{"target": -17.676734372107834, "params": {"gamma": 417.0613691538899, "log10_alpha": -1.0985243763351322, "log10_colsample_bytree": -0.012867542508026464, "log10_eta": -3.2942373606426036, "log10_lambda": 0.9188847581777697, "log10_min_child_weight": 0.7458090672985274, "log10_subsample": -0.3474129442960131, "max_depth": 3.0, "num_boost_round": 26.0}, "datetime": {"datetime": "2024-01-19 01:41:12", "elapsed": 5364.719073, "delta": 0.005339}}
{"target": -17.676725232247758, "params": {"gamma": 417.0613691538899, "log10_alpha": -1.0985243763351322, "log10_colsample_bytree": -0.012867542508026464, "log10_eta": -3.2942373606426036, "log10_lambda": 0.9188847581777697, "log10_min_child_weight": 0.7458090672985274, "log10_subsample": -0.3474129442960131, "max_depth": 3.0, "num_boost_round": 27.0}, "datetime": {"datetime": "2024-01-19 01:41:12", "elapsed": 5364.724409, "delta": 0.005336}}
{"target": -17.67723362332823, "params": {"gamma": 423.02956408227385, "log10_alpha": -2.1548858822931845, "log10_colsample_bytree": -0.1282587405806508, "log10_eta": -3.502951371737564, "log10_lambda": -4.31340488504166, "log10_min_child_weight": 4.381889792678309, "log10_subsample": -0.9693785484644029, "max_depth": 6.0, "num_boost_round": 0.0}, "datetime": {"datetime": "2024-01-19 01:42:23", "elapsed": 5436.104717, "delta": 71.380308}}
{"target": -17.67723117562248, "params": {"gamma": 423.02956408227385, "log10_alpha": -2.1548858822931845, "log10_colsample_bytree": -0.1282587405806508, "log10_eta": -3.502951371737564, "log10_lambda": -4.31340488504166, "log10_min_child_weight": 4.381889792678309, "log10_subsample": -0.9693785484644029, "max_depth": 6.0, "num_boost_round": 1.0}, "datetime": {"datetime": "2024-01-19 01:42:23", "elapsed": 5436.110895, "delta": 0.006178}}
{"target": -17.67722726473335, "params": {"gamma": 423.02956408227385, "log10_alpha": -2.1548858822931845, "log10_colsample_bytree": -0.1282587405806508, "log10_eta": -3.502951371737564, "log10_lambda": -4.31340488504166, "log10_min_child_weight": 4.381889792678309, "log10_subsample": -0.9693785484644029, "max_depth": 6.0, "num_boost_round": 2.0}, "datetime": {"datetime": "2024-01-19 01:42:23", "elapsed": 5436.115855, "delta": 0.00496}}
{"target": -17.67722525113784, "params": {"gamma": 423.02956408227385, "log10_alpha": -2.1548858822931845, "log10_colsample_bytree": -0.1282587405806508, "log10_eta": -3.502951371737564, "log10_lambda": -4.31340488504166, "log10_min_child_weight": 4.381889792678309, "log10_subsample": -0.9693785484644029, "max_depth": 6.0, "num_boost_round": 3.0}, "datetime": {"datetime": "2024-01-19 01:42:23", "elapsed": 5436.121052, "delta": 0.005197}}
{"target": -17.677224965045397, "params": {"gamma": 423.02956408227385, "log10_alpha": -2.1548858822931845, "log10_colsample_bytree": -0.1282587405806508, "log10_eta": -3.502951371737564, "log10_lambda": -4.31340488504166, "log10_min_child_weight": 4.381889792678309, "log10_subsample": -0.9693785484644029, "max_depth": 6.0, "num_boost_round": 4.0}, "datetime": {"datetime": "2024-01-19 01:42:23", "elapsed": 5436.126064, "delta": 0.005012}}
{"target": -17.677223166144056, "params": {"gamma": 423.02956408227385, "log10_alpha": -2.1548858822931845, "log10_colsample_bytree": -0.1282587405806508, "log10_eta": -3.502951371737564, "log10_lambda": -4.31340488504166, "log10_min_child_weight": 4.381889792678309, "log10_subsample": -0.9693785484644029, "max_depth": 6.0, "num_boost_round": 5.0}, "datetime": {"datetime": "2024-01-19 01:42:23", "elapsed": 5436.131212, "delta": 0.005148}}
{"target": -17.677220071079997, "params": {"gamma": 423.02956408227385, "log10_alpha": -2.1548858822931845, "log10_colsample_bytree": -0.1282587405806508, "log10_eta": -3.502951371737564, "log10_lambda": -4.31340488504166, "log10_min_child_weight": 4.381889792678309, "log10_subsample": -0.9693785484644029, "max_depth": 6.0, "num_boost_round": 6.0}, "datetime": {"datetime": "2024-01-19 01:42:23", "elapsed": 5436.136494, "delta": 0.005282}}
{"target": -17.67721960802434, "params": {"gamma": 423.02956408227385, "log10_alpha": -2.1548858822931845, "log10_colsample_bytree": -0.1282587405806508, "log10_eta": -3.502951371737564, "log10_lambda": -4.31340488504166, "log10_min_child_weight": 4.381889792678309, "log10_subsample": -0.9693785484644029, "max_depth": 6.0, "num_boost_round": 7.0}, "datetime": {"datetime": "2024-01-19 01:42:23", "elapsed": 5436.141615, "delta": 0.005121}}
{"target": -17.67721835181635, "params": {"gamma": 423.02956408227385, "log10_alpha": -2.1548858822931845, "log10_colsample_bytree": -0.1282587405806508, "log10_eta": -3.502951371737564, "log10_lambda": -4.31340488504166, "log10_min_child_weight": 4.381889792678309, "log10_subsample": -0.9693785484644029, "max_depth": 6.0, "num_boost_round": 8.0}, "datetime": {"datetime": "2024-01-19 01:42:23", "elapsed": 5436.146506, "delta": 0.004891}}
{"target": -17.677216403374068, "params": {"gamma": 423.02956408227385, "log10_alpha": -2.1548858822931845, "log10_colsample_bytree": -0.1282587405806508, "log10_eta": -3.502951371737564, "log10_lambda": -4.31340488504166, "log10_min_child_weight": 4.381889792678309, "log10_subsample": -0.9693785484644029, "max_depth": 6.0, "num_boost_round": 9.0}, "datetime": {"datetime": "2024-01-19 01:42:23", "elapsed": 5436.151389, "delta": 0.004883}}
{"target": -17.677215469337263, "params": {"gamma": 423.02956408227385, "log10_alpha": -2.1548858822931845, "log10_colsample_bytree": -0.1282587405806508, "log10_eta": -3.502951371737564, "log10_lambda": -4.31340488504166, "log10_min_child_weight": 4.381889792678309, "log10_subsample": -0.9693785484644029, "max_depth": 6.0, "num_boost_round": 10.0}, "datetime": {"datetime": "2024-01-19 01:42:23", "elapsed": 5436.156261, "delta": 0.004872}}
{"target": -17.677214587586228, "params": {"gamma": 423.02956408227385, "log10_alpha": -2.1548858822931845, "log10_colsample_bytree": -0.1282587405806508, "log10_eta": -3.502951371737564, "log10_lambda": -4.31340488504166, "log10_min_child_weight": 4.381889792678309, "log10_subsample": -0.9693785484644029, "max_depth": 6.0, "num_boost_round": 11.0}, "datetime": {"datetime": "2024-01-19 01:42:23", "elapsed": 5436.161278, "delta": 0.005017}}
{"target": -17.67721102901635, "params": {"gamma": 423.02956408227385, "log10_alpha": -2.1548858822931845, "log10_colsample_bytree": -0.1282587405806508, "log10_eta": -3.502951371737564, "log10_lambda": -4.31340488504166, "log10_min_child_weight": 4.381889792678309, "log10_subsample": -0.9693785484644029, "max_depth": 6.0, "num_boost_round": 12.0}, "datetime": {"datetime": "2024-01-19 01:42:23", "elapsed": 5436.166135, "delta": 0.004857}}
{"target": -17.67720976490336, "params": {"gamma": 423.02956408227385, "log10_alpha": -2.1548858822931845, "log10_colsample_bytree": -0.1282587405806508, "log10_eta": -3.502951371737564, "log10_lambda": -4.31340488504166, "log10_min_child_weight": 4.381889792678309, "log10_subsample": -0.9693785484644029, "max_depth": 6.0, "num_boost_round": 13.0}, "datetime": {"datetime": "2024-01-19 01:42:23", "elapsed": 5436.171024, "delta": 0.004889}}
{"target": -17.677208674489474, "params": {"gamma": 423.02956408227385, "log10_alpha": -2.1548858822931845, "log10_colsample_bytree": -0.1282587405806508, "log10_eta": -3.502951371737564, "log10_lambda": -4.31340488504166, "log10_min_child_weight": 4.381889792678309, "log10_subsample": -0.9693785484644029, "max_depth": 6.0, "num_boost_round": 14.0}, "datetime": {"datetime": "2024-01-19 01:42:23", "elapsed": 5436.175876, "delta": 0.004852}}
{"target": -17.677206629680033, "params": {"gamma": 423.02956408227385, "log10_alpha": -2.1548858822931845, "log10_colsample_bytree": -0.1282587405806508, "log10_eta": -3.502951371737564, "log10_lambda": -4.31340488504166, "log10_min_child_weight": 4.381889792678309, "log10_subsample": -0.9693785484644029, "max_depth": 6.0, "num_boost_round": 15.0}, "datetime": {"datetime": "2024-01-19 01:42:23", "elapsed": 5436.180827, "delta": 0.004951}}
{"target": -17.677204767066016, "params": {"gamma": 423.02956408227385, "log10_alpha": -2.1548858822931845, "log10_colsample_bytree": -0.1282587405806508, "log10_eta": -3.502951371737564, "log10_lambda": -4.31340488504166, "log10_min_child_weight": 4.381889792678309, "log10_subsample": -0.9693785484644029, "max_depth": 6.0, "num_boost_round": 16.0}, "datetime": {"datetime": "2024-01-19 01:42:23", "elapsed": 5436.185645, "delta": 0.004818}}
{"target": -17.677202558478413, "params": {"gamma": 423.02956408227385, "log10_alpha": -2.1548858822931845, "log10_colsample_bytree": -0.1282587405806508, "log10_eta": -3.502951371737564, "log10_lambda": -4.31340488504166, "log10_min_child_weight": 4.381889792678309, "log10_subsample": -0.9693785484644029, "max_depth": 6.0, "num_boost_round": 17.0}, "datetime": {"datetime": "2024-01-19 01:42:23", "elapsed": 5436.190533, "delta": 0.004888}}
{"target": -17.677201322536046, "params": {"gamma": 423.02956408227385, "log10_alpha": -2.1548858822931845, "log10_colsample_bytree": -0.1282587405806508, "log10_eta": -3.502951371737564, "log10_lambda": -4.31340488504166, "log10_min_child_weight": 4.381889792678309, "log10_subsample": -0.9693785484644029, "max_depth": 6.0, "num_boost_round": 18.0}, "datetime": {"datetime": "2024-01-19 01:42:23", "elapsed": 5436.195397, "delta": 0.004864}}
{"target": -17.677195918865344, "params": {"gamma": 423.02956408227385, "log10_alpha": -2.1548858822931845, "log10_colsample_bytree": -0.1282587405806508, "log10_eta": -3.502951371737564, "log10_lambda": -4.31340488504166, "log10_min_child_weight": 4.381889792678309, "log10_subsample": -0.9693785484644029, "max_depth": 6.0, "num_boost_round": 19.0}, "datetime": {"datetime": "2024-01-19 01:42:23", "elapsed": 5436.200374, "delta": 0.004977}}
{"target": -17.67719394712126, "params": {"gamma": 423.02956408227385, "log10_alpha": -2.1548858822931845, "log10_colsample_bytree": -0.1282587405806508, "log10_eta": -3.502951371737564, "log10_lambda": -4.31340488504166, "log10_min_child_weight": 4.381889792678309, "log10_subsample": -0.9693785484644029, "max_depth": 6.0, "num_boost_round": 20.0}, "datetime": {"datetime": "2024-01-19 01:42:23", "elapsed": 5436.206026, "delta": 0.005652}}
{"target": -17.6771920840749, "params": {"gamma": 423.02956408227385, "log10_alpha": -2.1548858822931845, "log10_colsample_bytree": -0.1282587405806508, "log10_eta": -3.502951371737564, "log10_lambda": -4.31340488504166, "log10_min_child_weight": 4.381889792678309, "log10_subsample": -0.9693785484644029, "max_depth": 6.0, "num_boost_round": 21.0}, "datetime": {"datetime": "2024-01-19 01:42:23", "elapsed": 5436.211109, "delta": 0.005083}}
{"target": -17.677188061317047, "params": {"gamma": 423.02956408227385, "log10_alpha": -2.1548858822931845, "log10_colsample_bytree": -0.1282587405806508, "log10_eta": -3.502951371737564, "log10_lambda": -4.31340488504166, "log10_min_child_weight": 4.381889792678309, "log10_subsample": -0.9693785484644029, "max_depth": 6.0, "num_boost_round": 22.0}, "datetime": {"datetime": "2024-01-19 01:42:23", "elapsed": 5436.216046, "delta": 0.004937}}
{"target": -17.67718571193134, "params": {"gamma": 423.02956408227385, "log10_alpha": -2.1548858822931845, "log10_colsample_bytree": -0.1282587405806508, "log10_eta": -3.502951371737564, "log10_lambda": -4.31340488504166, "log10_min_child_weight": 4.381889792678309, "log10_subsample": -0.9693785484644029, "max_depth": 6.0, "num_boost_round": 23.0}, "datetime": {"datetime": "2024-01-19 01:42:23", "elapsed": 5436.221001, "delta": 0.004955}}
{"target": -17.6771841508829, "params": {"gamma": 423.02956408227385, "log10_alpha": -2.1548858822931845, "log10_colsample_bytree": -0.1282587405806508, "log10_eta": -3.502951371737564, "log10_lambda": -4.31340488504166, "log10_min_child_weight": 4.381889792678309, "log10_subsample": -0.9693785484644029, "max_depth": 6.0, "num_boost_round": 24.0}, "datetime": {"datetime": "2024-01-19 01:42:23", "elapsed": 5436.225793, "delta": 0.004792}}
{"target": -17.67722652488385, "params": {"gamma": 458.86407004687436, "log10_alpha": -3.321752471394544, "log10_colsample_bytree": -0.7712447963829389, "log10_eta": -3.1949338099672975, "log10_lambda": 0.407948104836076, "log10_min_child_weight": 4.5179100639566965, "log10_subsample": -0.34152489120689966, "max_depth": 7.0, "num_boost_round": 0.0}, "datetime": {"datetime": "2024-01-19 01:44:08", "elapsed": 5541.135852, "delta": 104.910059}}
{"target": -17.677217547669898, "params": {"gamma": 458.86407004687436, "log10_alpha": -3.321752471394544, "log10_colsample_bytree": -0.7712447963829389, "log10_eta": -3.1949338099672975, "log10_lambda": 0.407948104836076, "log10_min_child_weight": 4.5179100639566965, "log10_subsample": -0.34152489120689966, "max_depth": 7.0, "num_boost_round": 1.0}, "datetime": {"datetime": "2024-01-19 01:44:08", "elapsed": 5541.141761, "delta": 0.005909}}
{"target": -17.67721663129656, "params": {"gamma": 458.86407004687436, "log10_alpha": -3.321752471394544, "log10_colsample_bytree": -0.7712447963829389, "log10_eta": -3.1949338099672975, "log10_lambda": 0.407948104836076, "log10_min_child_weight": 4.5179100639566965, "log10_subsample": -0.34152489120689966, "max_depth": 7.0, "num_boost_round": 2.0}, "datetime": {"datetime": "2024-01-19 01:44:08", "elapsed": 5541.146927, "delta": 0.005166}}
{"target": -17.677208943611678, "params": {"gamma": 458.86407004687436, "log10_alpha": -3.321752471394544, "log10_colsample_bytree": -0.7712447963829389, "log10_eta": -3.1949338099672975, "log10_lambda": 0.407948104836076, "log10_min_child_weight": 4.5179100639566965, "log10_subsample": -0.34152489120689966, "max_depth": 7.0, "num_boost_round": 3.0}, "datetime": {"datetime": "2024-01-19 01:44:08", "elapsed": 5541.26217, "delta": 0.115243}}
{"target": -17.677203653832418, "params": {"gamma": 458.86407004687436, "log10_alpha": -3.321752471394544, "log10_colsample_bytree": -0.7712447963829389, "log10_eta": -3.1949338099672975, "log10_lambda": 0.407948104836076, "log10_min_child_weight": 4.5179100639566965, "log10_subsample": -0.34152489120689966, "max_depth": 7.0, "num_boost_round": 4.0}, "datetime": {"datetime": "2024-01-19 01:44:08", "elapsed": 5541.26793, "delta": 0.00576}}
{"target": -17.677204750539676, "params": {"gamma": 458.86407004687436, "log10_alpha": -3.321752471394544, "log10_colsample_bytree": -0.7712447963829389, "log10_eta": -3.1949338099672975, "log10_lambda": 0.407948104836076, "log10_min_child_weight": 4.5179100639566965, "log10_subsample": -0.34152489120689966, "max_depth": 7.0, "num_boost_round": 5.0}, "datetime": {"datetime": "2024-01-19 01:44:08", "elapsed": 5541.273172, "delta": 0.005242}}
{"target": -17.677212388683834, "params": {"gamma": 458.86407004687436, "log10_alpha": -3.321752471394544, "log10_colsample_bytree": -0.7712447963829389, "log10_eta": -3.1949338099672975, "log10_lambda": 0.407948104836076, "log10_min_child_weight": 4.5179100639566965, "log10_subsample": -0.34152489120689966, "max_depth": 7.0, "num_boost_round": 6.0}, "datetime": {"datetime": "2024-01-19 01:44:08", "elapsed": 5541.278102, "delta": 0.00493}}
{"target": -17.677210955333898, "params": {"gamma": 458.86407004687436, "log10_alpha": -3.321752471394544, "log10_colsample_bytree": -0.7712447963829389, "log10_eta": -3.1949338099672975, "log10_lambda": 0.407948104836076, "log10_min_child_weight": 4.5179100639566965, "log10_subsample": -0.34152489120689966, "max_depth": 7.0, "num_boost_round": 7.0}, "datetime": {"datetime": "2024-01-19 01:44:08", "elapsed": 5541.283075, "delta": 0.004973}}
{"target": -17.677212900785122, "params": {"gamma": 458.86407004687436, "log10_alpha": -3.321752471394544, "log10_colsample_bytree": -0.7712447963829389, "log10_eta": -3.1949338099672975, "log10_lambda": 0.407948104836076, "log10_min_child_weight": 4.5179100639566965, "log10_subsample": -0.34152489120689966, "max_depth": 7.0, "num_boost_round": 8.0}, "datetime": {"datetime": "2024-01-19 01:44:08", "elapsed": 5541.287944, "delta": 0.004869}}
{"target": -17.677210748792888, "params": {"gamma": 458.86407004687436, "log10_alpha": -3.321752471394544, "log10_colsample_bytree": -0.7712447963829389, "log10_eta": -3.1949338099672975, "log10_lambda": 0.407948104836076, "log10_min_child_weight": 4.5179100639566965, "log10_subsample": -0.34152489120689966, "max_depth": 7.0, "num_boost_round": 9.0}, "datetime": {"datetime": "2024-01-19 01:44:08", "elapsed": 5541.292901, "delta": 0.004957}}
{"target": -17.677203350315615, "params": {"gamma": 458.86407004687436, "log10_alpha": -3.321752471394544, "log10_colsample_bytree": -0.7712447963829389, "log10_eta": -3.1949338099672975, "log10_lambda": 0.407948104836076, "log10_min_child_weight": 4.5179100639566965, "log10_subsample": -0.34152489120689966, "max_depth": 7.0, "num_boost_round": 10.0}, "datetime": {"datetime": "2024-01-19 01:44:08", "elapsed": 5541.297826, "delta": 0.004925}}
{"target": -17.67719908196267, "params": {"gamma": 458.86407004687436, "log10_alpha": -3.321752471394544, "log10_colsample_bytree": -0.7712447963829389, "log10_eta": -3.1949338099672975, "log10_lambda": 0.407948104836076, "log10_min_child_weight": 4.5179100639566965, "log10_subsample": -0.34152489120689966, "max_depth": 7.0, "num_boost_round": 11.0}, "datetime": {"datetime": "2024-01-19 01:44:08", "elapsed": 5541.302799, "delta": 0.004973}}
{"target": -17.67719383254503, "params": {"gamma": 458.86407004687436, "log10_alpha": -3.321752471394544, "log10_colsample_bytree": -0.7712447963829389, "log10_eta": -3.1949338099672975, "log10_lambda": 0.407948104836076, "log10_min_child_weight": 4.5179100639566965, "log10_subsample": -0.34152489120689966, "max_depth": 7.0, "num_boost_round": 12.0}, "datetime": {"datetime": "2024-01-19 01:44:08", "elapsed": 5541.307702, "delta": 0.004903}}
{"target": -17.677189860275302, "params": {"gamma": 458.86407004687436, "log10_alpha": -3.321752471394544, "log10_colsample_bytree": -0.7712447963829389, "log10_eta": -3.1949338099672975, "log10_lambda": 0.407948104836076, "log10_min_child_weight": 4.5179100639566965, "log10_subsample": -0.34152489120689966, "max_depth": 7.0, "num_boost_round": 13.0}, "datetime": {"datetime": "2024-01-19 01:44:08", "elapsed": 5541.312573, "delta": 0.004871}}
{"target": -17.677183285711077, "params": {"gamma": 458.86407004687436, "log10_alpha": -3.321752471394544, "log10_colsample_bytree": -0.7712447963829389, "log10_eta": -3.1949338099672975, "log10_lambda": 0.407948104836076, "log10_min_child_weight": 4.5179100639566965, "log10_subsample": -0.34152489120689966, "max_depth": 7.0, "num_boost_round": 14.0}, "datetime": {"datetime": "2024-01-19 01:44:08", "elapsed": 5541.317493, "delta": 0.00492}}
{"target": -17.677172260285307, "params": {"gamma": 458.86407004687436, "log10_alpha": -3.321752471394544, "log10_colsample_bytree": -0.7712447963829389, "log10_eta": -3.1949338099672975, "log10_lambda": 0.407948104836076, "log10_min_child_weight": 4.5179100639566965, "log10_subsample": -0.34152489120689966, "max_depth": 7.0, "num_boost_round": 15.0}, "datetime": {"datetime": "2024-01-19 01:44:08", "elapsed": 5541.322501, "delta": 0.005008}}
{"target": -17.677158051203858, "params": {"gamma": 458.86407004687436, "log10_alpha": -3.321752471394544, "log10_colsample_bytree": -0.7712447963829389, "log10_eta": -3.1949338099672975, "log10_lambda": 0.407948104836076, "log10_min_child_weight": 4.5179100639566965, "log10_subsample": -0.34152489120689966, "max_depth": 7.0, "num_boost_round": 16.0}, "datetime": {"datetime": "2024-01-19 01:44:08", "elapsed": 5541.327417, "delta": 0.004916}}
{"target": -17.677150244269306, "params": {"gamma": 458.86407004687436, "log10_alpha": -3.321752471394544, "log10_colsample_bytree": -0.7712447963829389, "log10_eta": -3.1949338099672975, "log10_lambda": 0.407948104836076, "log10_min_child_weight": 4.5179100639566965, "log10_subsample": -0.34152489120689966, "max_depth": 7.0, "num_boost_round": 17.0}, "datetime": {"datetime": "2024-01-19 01:44:08", "elapsed": 5541.33238, "delta": 0.004963}}
{"target": -17.67714217533009, "params": {"gamma": 458.86407004687436, "log10_alpha": -3.321752471394544, "log10_colsample_bytree": -0.7712447963829389, "log10_eta": -3.1949338099672975, "log10_lambda": 0.407948104836076, "log10_min_child_weight": 4.5179100639566965, "log10_subsample": -0.34152489120689966, "max_depth": 7.0, "num_boost_round": 18.0}, "datetime": {"datetime": "2024-01-19 01:44:08", "elapsed": 5541.337425, "delta": 0.005045}}
{"target": -17.677132455093712, "params": {"gamma": 458.86407004687436, "log10_alpha": -3.321752471394544, "log10_colsample_bytree": -0.7712447963829389, "log10_eta": -3.1949338099672975, "log10_lambda": 0.407948104836076, "log10_min_child_weight": 4.5179100639566965, "log10_subsample": -0.34152489120689966, "max_depth": 7.0, "num_boost_round": 19.0}, "datetime": {"datetime": "2024-01-19 01:44:08", "elapsed": 5541.34245, "delta": 0.005025}}
{"target": -17.677135456610717, "params": {"gamma": 458.86407004687436, "log10_alpha": -3.321752471394544, "log10_colsample_bytree": -0.7712447963829389, "log10_eta": -3.1949338099672975, "log10_lambda": 0.407948104836076, "log10_min_child_weight": 4.5179100639566965, "log10_subsample": -0.34152489120689966, "max_depth": 7.0, "num_boost_round": 20.0}, "datetime": {"datetime": "2024-01-19 01:44:08", "elapsed": 5541.347398, "delta": 0.004948}}
{"target": -17.677133305548317, "params": {"gamma": 458.86407004687436, "log10_alpha": -3.321752471394544, "log10_colsample_bytree": -0.7712447963829389, "log10_eta": -3.1949338099672975, "log10_lambda": 0.407948104836076, "log10_min_child_weight": 4.5179100639566965, "log10_subsample": -0.34152489120689966, "max_depth": 7.0, "num_boost_round": 21.0}, "datetime": {"datetime": "2024-01-19 01:44:08", "elapsed": 5541.35236, "delta": 0.004962}}
