{"target": -18.46232282879645, "params": {"gamma": 974.3971722474956, "log10_alpha": -4.651442822476686, "log10_colsample_bytree": -0.943063723995261, "log10_eta": -0.5142592586765442, "log10_lambda": -0.23141727002702428, "log10_min_child_weight": 1.6195807656327394, "log10_subsample": -0.34234309534862006, "max_depth": 7.0, "num_boost_round": 35.0}, "datetime": {"datetime": "2024-01-19 01:21:00", "elapsed": 4153.910296, "delta": 0.004268}}
{"target": -18.470668658402097, "params": {"gamma": 974.3971722474956, "log10_alpha": -4.651442822476686, "log10_colsample_bytree": -0.943063723995261, "log10_eta": -0.5142592586765442, "log10_lambda": -0.23141727002702428, "log10_min_child_weight": 1.6195807656327394, "log10_subsample": -0.34234309534862006, "max_depth": 7.0, "num_boost_round": 36.0}, "datetime": {"datetime": "2024-01-19 01:21:00", "elapsed": 4153.914583, "delta": 0.004287}}
{"target": -18.482766933210176, "params": {"gamma": 974.3971722474956, "log10_alpha": -4.651442822476686, "log10_colsample_bytree": -0.943063723995261, "log10_eta": -0.5142592586765442, "log10_lambda": -0.23141727002702428, "log10_min_child_weight": 1.6195807656327394, "log10_subsample": -0.34234309534862006, "max_depth": 7.0, "num_boost_round": 37.0}, "datetime": {"datetime": "2024-01-19 01:21:00", "elapsed": 4153.918974, "delta": 0.004391}}
{"target": -18.4891726991448, "params": {"gamma": 974.3971722474956, "log10_alpha": -4.651442822476686, "log10_colsample_bytree": -0.943063723995261, "log10_eta": -0.5142592586765442, "log10_lambda": -0.23141727002702428, "log10_min_child_weight": 1.6195807656327394, "log10_subsample": -0.34234309534862006, "max_depth": 7.0, "num_boost_round": 38.0}, "datetime": {"datetime": "2024-01-19 01:21:00", "elapsed": 4153.9233, "delta": 0.004326}}
{"target": -18.487536072610496, "params": {"gamma": 974.3971722474956, "log10_alpha": -4.651442822476686, "log10_colsample_bytree": -0.943063723995261, "log10_eta": -0.5142592586765442, "log10_lambda": -0.23141727002702428, "log10_min_child_weight": 1.6195807656327394, "log10_subsample": -0.34234309534862006, "max_depth": 7.0, "num_boost_round": 39.0}, "datetime": {"datetime": "2024-01-19 01:21:00", "elapsed": 4153.927757, "delta": 0.004457}}
{"target": -18.511646842887902, "params": {"gamma": 974.3971722474956, "log10_alpha": -4.651442822476686, "log10_colsample_bytree": -0.943063723995261, "log10_eta": -0.5142592586765442, "log10_lambda": -0.23141727002702428, "log10_min_child_weight": 1.6195807656327394, "log10_subsample": -0.34234309534862006, "max_depth": 7.0, "num_boost_round": 40.0}, "datetime": {"datetime": "2024-01-19 01:21:00", "elapsed": 4153.932227, "delta": 0.00447}}
{"target": -18.526936999403162, "params": {"gamma": 974.3971722474956, "log10_alpha": -4.651442822476686, "log10_colsample_bytree": -0.943063723995261, "log10_eta": -0.5142592586765442, "log10_lambda": -0.23141727002702428, "log10_min_child_weight": 1.6195807656327394, "log10_subsample": -0.34234309534862006, "max_depth": 7.0, "num_boost_round": 41.0}, "datetime": {"datetime": "2024-01-19 01:21:00", "elapsed": 4153.936588, "delta": 0.004361}}
{"target": -18.537829255713508, "params": {"gamma": 974.3971722474956, "log10_alpha": -4.651442822476686, "log10_colsample_bytree": -0.943063723995261, "log10_eta": -0.5142592586765442, "log10_lambda": -0.23141727002702428, "log10_min_child_weight": 1.6195807656327394, "log10_subsample": -0.34234309534862006, "max_depth": 7.0, "num_boost_round": 42.0}, "datetime": {"datetime": "2024-01-19 01:21:00", "elapsed": 4153.940928, "delta": 0.00434}}
{"target": -18.54632709943274, "params": {"gamma": 974.3971722474956, "log10_alpha": -4.651442822476686, "log10_colsample_bytree": -0.943063723995261, "log10_eta": -0.5142592586765442, "log10_lambda": -0.23141727002702428, "log10_min_child_weight": 1.6195807656327394, "log10_subsample": -0.34234309534862006, "max_depth": 7.0, "num_boost_round": 43.0}, "datetime": {"datetime": "2024-01-19 01:21:00", "elapsed": 4153.945419, "delta": 0.004491}}
{"target": -18.548233438372858, "params": {"gamma": 974.3971722474956, "log10_alpha": -4.651442822476686, "log10_colsample_bytree": -0.943063723995261, "log10_eta": -0.5142592586765442, "log10_lambda": -0.23141727002702428, "log10_min_child_weight": 1.6195807656327394, "log10_subsample": -0.34234309534862006, "max_depth": 7.0, "num_boost_round": 44.0}, "datetime": {"datetime": "2024-01-19 01:21:00", "elapsed": 4153.949787, "delta": 0.004368}}
{"target": -18.548842591761947, "params": {"gamma": 974.3971722474956, "log10_alpha": -4.651442822476686, "log10_colsample_bytree": -0.943063723995261, "log10_eta": -0.5142592586765442, "log10_lambda": -0.23141727002702428, "log10_min_child_weight": 1.6195807656327394, "log10_subsample": -0.34234309534862006, "max_depth": 7.0, "num_boost_round": 45.0}, "datetime": {"datetime": "2024-01-19 01:21:00", "elapsed": 4153.954125, "delta": 0.004338}}
{"target": -18.55652711110536, "params": {"gamma": 974.3971722474956, "log10_alpha": -4.651442822476686, "log10_colsample_bytree": -0.943063723995261, "log10_eta": -0.5142592586765442, "log10_lambda": -0.23141727002702428, "log10_min_child_weight": 1.6195807656327394, "log10_subsample": -0.34234309534862006, "max_depth": 7.0, "num_boost_round": 46.0}, "datetime": {"datetime": "2024-01-19 01:21:00", "elapsed": 4153.958548, "delta": 0.004423}}
{"target": -18.5610386547213, "params": {"gamma": 974.3971722474956, "log10_alpha": -4.651442822476686, "log10_colsample_bytree": -0.943063723995261, "log10_eta": -0.5142592586765442, "log10_lambda": -0.23141727002702428, "log10_min_child_weight": 1.6195807656327394, "log10_subsample": -0.34234309534862006, "max_depth": 7.0, "num_boost_round": 47.0}, "datetime": {"datetime": "2024-01-19 01:21:00", "elapsed": 4153.962886, "delta": 0.004338}}
{"target": -18.572077760797853, "params": {"gamma": 974.3971722474956, "log10_alpha": -4.651442822476686, "log10_colsample_bytree": -0.943063723995261, "log10_eta": -0.5142592586765442, "log10_lambda": -0.23141727002702428, "log10_min_child_weight": 1.6195807656327394, "log10_subsample": -0.34234309534862006, "max_depth": 7.0, "num_boost_round": 48.0}, "datetime": {"datetime": "2024-01-19 01:21:00", "elapsed": 4153.967243, "delta": 0.004357}}
{"target": -18.591857022380783, "params": {"gamma": 974.3971722474956, "log10_alpha": -4.651442822476686, "log10_colsample_bytree": -0.943063723995261, "log10_eta": -0.5142592586765442, "log10_lambda": -0.23141727002702428, "log10_min_child_weight": 1.6195807656327394, "log10_subsample": -0.34234309534862006, "max_depth": 7.0, "num_boost_round": 49.0}, "datetime": {"datetime": "2024-01-19 01:21:00", "elapsed": 4153.971706, "delta": 0.004463}}
{"target": -18.598397803793635, "params": {"gamma": 974.3971722474956, "log10_alpha": -4.651442822476686, "log10_colsample_bytree": -0.943063723995261, "log10_eta": -0.5142592586765442, "log10_lambda": -0.23141727002702428, "log10_min_child_weight": 1.6195807656327394, "log10_subsample": -0.34234309534862006, "max_depth": 7.0, "num_boost_round": 50.0}, "datetime": {"datetime": "2024-01-19 01:21:00", "elapsed": 4153.976073, "delta": 0.004367}}
{"target": -18.607131143351356, "params": {"gamma": 974.3971722474956, "log10_alpha": -4.651442822476686, "log10_colsample_bytree": -0.943063723995261, "log10_eta": -0.5142592586765442, "log10_lambda": -0.23141727002702428, "log10_min_child_weight": 1.6195807656327394, "log10_subsample": -0.34234309534862006, "max_depth": 7.0, "num_boost_round": 51.0}, "datetime": {"datetime": "2024-01-19 01:21:00", "elapsed": 4153.980459, "delta": 0.004386}}
{"target": -18.627344831997895, "params": {"gamma": 974.3971722474956, "log10_alpha": -4.651442822476686, "log10_colsample_bytree": -0.943063723995261, "log10_eta": -0.5142592586765442, "log10_lambda": -0.23141727002702428, "log10_min_child_weight": 1.6195807656327394, "log10_subsample": -0.34234309534862006, "max_depth": 7.0, "num_boost_round": 52.0}, "datetime": {"datetime": "2024-01-19 01:21:00", "elapsed": 4153.984884, "delta": 0.004425}}
{"target": -18.63038846314143, "params": {"gamma": 974.3971722474956, "log10_alpha": -4.651442822476686, "log10_colsample_bytree": -0.943063723995261, "log10_eta": -0.5142592586765442, "log10_lambda": -0.23141727002702428, "log10_min_child_weight": 1.6195807656327394, "log10_subsample": -0.34234309534862006, "max_depth": 7.0, "num_boost_round": 53.0}, "datetime": {"datetime": "2024-01-19 01:21:00", "elapsed": 4153.989242, "delta": 0.004358}}
{"target": -18.636466757135068, "params": {"gamma": 974.3971722474956, "log10_alpha": -4.651442822476686, "log10_colsample_bytree": -0.943063723995261, "log10_eta": -0.5142592586765442, "log10_lambda": -0.23141727002702428, "log10_min_child_weight": 1.6195807656327394, "log10_subsample": -0.34234309534862006, "max_depth": 7.0, "num_boost_round": 54.0}, "datetime": {"datetime": "2024-01-19 01:21:00", "elapsed": 4153.993578, "delta": 0.004336}}
{"target": -18.652117960518023, "params": {"gamma": 974.3971722474956, "log10_alpha": -4.651442822476686, "log10_colsample_bytree": -0.943063723995261, "log10_eta": -0.5142592586765442, "log10_lambda": -0.23141727002702428, "log10_min_child_weight": 1.6195807656327394, "log10_subsample": -0.34234309534862006, "max_depth": 7.0, "num_boost_round": 55.0}, "datetime": {"datetime": "2024-01-19 01:21:00", "elapsed": 4153.998083, "delta": 0.004505}}
{"target": -18.65254579255294, "params": {"gamma": 974.3971722474956, "log10_alpha": -4.651442822476686, "log10_colsample_bytree": -0.943063723995261, "log10_eta": -0.5142592586765442, "log10_lambda": -0.23141727002702428, "log10_min_child_weight": 1.6195807656327394, "log10_subsample": -0.34234309534862006, "max_depth": 7.0, "num_boost_round": 56.0}, "datetime": {"datetime": "2024-01-19 01:21:00", "elapsed": 4154.002432, "delta": 0.004349}}
{"target": -18.66031770902839, "params": {"gamma": 974.3971722474956, "log10_alpha": -4.651442822476686, "log10_colsample_bytree": -0.943063723995261, "log10_eta": -0.5142592586765442, "log10_lambda": -0.23141727002702428, "log10_min_child_weight": 1.6195807656327394, "log10_subsample": -0.34234309534862006, "max_depth": 7.0, "num_boost_round": 57.0}, "datetime": {"datetime": "2024-01-19 01:21:00", "elapsed": 4154.006797, "delta": 0.004365}}
{"target": -18.665111177294076, "params": {"gamma": 974.3971722474956, "log10_alpha": -4.651442822476686, "log10_colsample_bytree": -0.943063723995261, "log10_eta": -0.5142592586765442, "log10_lambda": -0.23141727002702428, "log10_min_child_weight": 1.6195807656327394, "log10_subsample": -0.34234309534862006, "max_depth": 7.0, "num_boost_round": 58.0}, "datetime": {"datetime": "2024-01-19 01:21:00", "elapsed": 4154.011263, "delta": 0.004466}}
{"target": -17.6772308156887, "params": {"gamma": 975.466914639292, "log10_alpha": -2.5149905552643896, "log10_colsample_bytree": -0.4436270444658367, "log10_eta": -3.9193523773195094, "log10_lambda": 0.3505563014222508, "log10_min_child_weight": 0.24015284532062586, "log10_subsample": -0.8535159309525908, "max_depth": 2.0, "num_boost_round": 0.0}, "datetime": {"datetime": "2024-01-19 01:22:13", "elapsed": 4227.102711, "delta": 73.091448}}
{"target": -17.677227390602607, "params": {"gamma": 975.466914639292, "log10_alpha": -2.5149905552643896, "log10_colsample_bytree": -0.4436270444658367, "log10_eta": -3.9193523773195094, "log10_lambda": 0.3505563014222508, "log10_min_child_weight": 0.24015284532062586, "log10_subsample": -0.8535159309525908, "max_depth": 2.0, "num_boost_round": 1.0}, "datetime": {"datetime": "2024-01-19 01:22:13", "elapsed": 4227.107814, "delta": 0.005103}}
{"target": -17.677223919654228, "params": {"gamma": 975.466914639292, "log10_alpha": -2.5149905552643896, "log10_colsample_bytree": -0.4436270444658367, "log10_eta": -3.9193523773195094, "log10_lambda": 0.3505563014222508, "log10_min_child_weight": 0.24015284532062586, "log10_subsample": -0.8535159309525908, "max_depth": 2.0, "num_boost_round": 2.0}, "datetime": {"datetime": "2024-01-19 01:22:13", "elapsed": 4227.112344, "delta": 0.00453}}
{"target": -17.67722150013671, "params": {"gamma": 975.466914639292, "log10_alpha": -2.5149905552643896, "log10_colsample_bytree": -0.4436270444658367, "log10_eta": -3.9193523773195094, "log10_lambda": 0.3505563014222508, "log10_min_child_weight": 0.24015284532062586, "log10_subsample": -0.8535159309525908, "max_depth": 2.0, "num_boost_round": 3.0}, "datetime": {"datetime": "2024-01-19 01:22:13", "elapsed": 4227.116811, "delta": 0.004467}}
{"target": -17.677219948100625, "params": {"gamma": 975.466914639292, "log10_alpha": -2.5149905552643896, "log10_colsample_bytree": -0.4436270444658367, "log10_eta": -3.9193523773195094, "log10_lambda": 0.3505563014222508, "log10_min_child_weight": 0.24015284532062586, "log10_subsample": -0.8535159309525908, "max_depth": 2.0, "num_boost_round": 4.0}, "datetime": {"datetime": "2024-01-19 01:22:13", "elapsed": 4227.121648, "delta": 0.004837}}
{"target": -17.67721800086054, "params": {"gamma": 975.466914639292, "log10_alpha": -2.5149905552643896, "log10_colsample_bytree": -0.4436270444658367, "log10_eta": -3.9193523773195094, "log10_lambda": 0.3505563014222508, "log10_min_child_weight": 0.24015284532062586, "log10_subsample": -0.8535159309525908, "max_depth": 2.0, "num_boost_round": 5.0}, "datetime": {"datetime": "2024-01-19 01:22:13", "elapsed": 4227.126587, "delta": 0.004939}}
{"target": -17.677213761927433, "params": {"gamma": 975.466914639292, "log10_alpha": -2.5149905552643896, "log10_colsample_bytree": -0.4436270444658367, "log10_eta": -3.9193523773195094, "log10_lambda": 0.3505563014222508, "log10_min_child_weight": 0.24015284532062586, "log10_subsample": -0.8535159309525908, "max_depth": 2.0, "num_boost_round": 6.0}, "datetime": {"datetime": "2024-01-19 01:22:13", "elapsed": 4227.130943, "delta": 0.004356}}
{"target": -17.677210228929187, "params": {"gamma": 975.466914639292, "log10_alpha": -2.5149905552643896, "log10_colsample_bytree": -0.4436270444658367, "log10_eta": -3.9193523773195094, "log10_lambda": 0.3505563014222508, "log10_min_child_weight": 0.24015284532062586, "log10_subsample": -0.8535159309525908, "max_depth": 2.0, "num_boost_round": 7.0}, "datetime": {"datetime": "2024-01-19 01:22:13", "elapsed": 4227.135331, "delta": 0.004388}}
{"target": -17.677208164033917, "params": {"gamma": 975.466914639292, "log10_alpha": -2.5149905552643896, "log10_colsample_bytree": -0.4436270444658367, "log10_eta": -3.9193523773195094, "log10_lambda": 0.3505563014222508, "log10_min_child_weight": 0.24015284532062586, "log10_subsample": -0.8535159309525908, "max_depth": 2.0, "num_boost_round": 8.0}, "datetime": {"datetime": "2024-01-19 01:22:13", "elapsed": 4227.13973, "delta": 0.004399}}
{"target": -17.677205775657605, "params": {"gamma": 975.466914639292, "log10_alpha": -2.5149905552643896, "log10_colsample_bytree": -0.4436270444658367, "log10_eta": -3.9193523773195094, "log10_lambda": 0.3505563014222508, "log10_min_child_weight": 0.24015284532062586, "log10_subsample": -0.8535159309525908, "max_depth": 2.0, "num_boost_round": 9.0}, "datetime": {"datetime": "2024-01-19 01:22:13", "elapsed": 4227.144065, "delta": 0.004335}}
{"target": -17.67720242816127, "params": {"gamma": 975.466914639292, "log10_alpha": -2.5149905552643896, "log10_colsample_bytree": -0.4436270444658367, "log10_eta": -3.9193523773195094, "log10_lambda": 0.3505563014222508, "log10_min_child_weight": 0.24015284532062586, "log10_subsample": -0.8535159309525908, "max_depth": 2.0, "num_boost_round": 10.0}, "datetime": {"datetime": "2024-01-19 01:22:13", "elapsed": 4227.148431, "delta": 0.004366}}
{"target": -17.677198912570127, "params": {"gamma": 975.466914639292, "log10_alpha": -2.5149905552643896, "log10_colsample_bytree": -0.4436270444658367, "log10_eta": -3.9193523773195094, "log10_lambda": 0.3505563014222508, "log10_min_child_weight": 0.24015284532062586, "log10_subsample": -0.8535159309525908, "max_depth": 2.0, "num_boost_round": 11.0}, "datetime": {"datetime": "2024-01-19 01:22:13", "elapsed": 4227.152842, "delta": 0.004411}}
{"target": -17.67719389664222, "params": {"gamma": 975.466914639292, "log10_alpha": -2.5149905552643896, "log10_colsample_bytree": -0.4436270444658367, "log10_eta": -3.9193523773195094, "log10_lambda": 0.3505563014222508, "log10_min_child_weight": 0.24015284532062586, "log10_subsample": -0.8535159309525908, "max_depth": 2.0, "num_boost_round": 12.0}, "datetime": {"datetime": "2024-01-19 01:22:13", "elapsed": 4227.157162, "delta": 0.00432}}
{"target": -17.67719052376181, "params": {"gamma": 975.466914639292, "log10_alpha": -2.5149905552643896, "log10_colsample_bytree": -0.4436270444658367, "log10_eta": -3.9193523773195094, "log10_lambda": 0.3505563014222508, "log10_min_child_weight": 0.24015284532062586, "log10_subsample": -0.8535159309525908, "max_depth": 2.0, "num_boost_round": 13.0}, "datetime": {"datetime": "2024-01-19 01:22:13", "elapsed": 4227.161497, "delta": 0.004335}}
{"target": -17.67718696485793, "params": {"gamma": 975.466914639292, "log10_alpha": -2.5149905552643896, "log10_colsample_bytree": -0.4436270444658367, "log10_eta": -3.9193523773195094, "log10_lambda": 0.3505563014222508, "log10_min_child_weight": 0.24015284532062586, "log10_subsample": -0.8535159309525908, "max_depth": 2.0, "num_boost_round": 14.0}, "datetime": {"datetime": "2024-01-19 01:22:13", "elapsed": 4227.165828, "delta": 0.004331}}
{"target": -17.677184169642125, "params": {"gamma": 975.466914639292, "log10_alpha": -2.5149905552643896, "log10_colsample_bytree": -0.4436270444658367, "log10_eta": -3.9193523773195094, "log10_lambda": 0.3505563014222508, "log10_min_child_weight": 0.24015284532062586, "log10_subsample": -0.8535159309525908, "max_depth": 2.0, "num_boost_round": 15.0}, "datetime": {"datetime": "2024-01-19 01:22:13", "elapsed": 4227.170139, "delta": 0.004311}}
{"target": -17.67718039911662, "params": {"gamma": 975.466914639292, "log10_alpha": -2.5149905552643896, "log10_colsample_bytree": -0.4436270444658367, "log10_eta": -3.9193523773195094, "log10_lambda": 0.3505563014222508, "log10_min_child_weight": 0.24015284532062586, "log10_subsample": -0.8535159309525908, "max_depth": 2.0, "num_boost_round": 16.0}, "datetime": {"datetime": "2024-01-19 01:22:13", "elapsed": 4227.174509, "delta": 0.00437}}
{"target": -17.67717740604003, "params": {"gamma": 975.466914639292, "log10_alpha": -2.5149905552643896, "log10_colsample_bytree": -0.4436270444658367, "log10_eta": -3.9193523773195094, "log10_lambda": 0.3505563014222508, "log10_min_child_weight": 0.24015284532062586, "log10_subsample": -0.8535159309525908, "max_depth": 2.0, "num_boost_round": 17.0}, "datetime": {"datetime": "2024-01-19 01:22:13", "elapsed": 4227.178837, "delta": 0.004328}}
{"target": -17.677173651504752, "params": {"gamma": 975.466914639292, "log10_alpha": -2.5149905552643896, "log10_colsample_bytree": -0.4436270444658367, "log10_eta": -3.9193523773195094, "log10_lambda": 0.3505563014222508, "log10_min_child_weight": 0.24015284532062586, "log10_subsample": -0.8535159309525908, "max_depth": 2.0, "num_boost_round": 18.0}, "datetime": {"datetime": "2024-01-19 01:22:13", "elapsed": 4227.183178, "delta": 0.004341}}
{"target": -17.677171068615255, "params": {"gamma": 975.466914639292, "log10_alpha": -2.5149905552643896, "log10_colsample_bytree": -0.4436270444658367, "log10_eta": -3.9193523773195094, "log10_lambda": 0.3505563014222508, "log10_min_child_weight": 0.24015284532062586, "log10_subsample": -0.8535159309525908, "max_depth": 2.0, "num_boost_round": 19.0}, "datetime": {"datetime": "2024-01-19 01:22:13", "elapsed": 4227.18753, "delta": 0.004352}}
{"target": -17.677169333768994, "params": {"gamma": 975.466914639292, "log10_alpha": -2.5149905552643896, "log10_colsample_bytree": -0.4436270444658367, "log10_eta": -3.9193523773195094, "log10_lambda": 0.3505563014222508, "log10_min_child_weight": 0.24015284532062586, "log10_subsample": -0.8535159309525908, "max_depth": 2.0, "num_boost_round": 20.0}, "datetime": {"datetime": "2024-01-19 01:22:13", "elapsed": 4227.191906, "delta": 0.004376}}
{"target": -17.67716568139998, "params": {"gamma": 975.466914639292, "log10_alpha": -2.5149905552643896, "log10_colsample_bytree": -0.4436270444658367, "log10_eta": -3.9193523773195094, "log10_lambda": 0.3505563014222508, "log10_min_child_weight": 0.24015284532062586, "log10_subsample": -0.8535159309525908, "max_depth": 2.0, "num_boost_round": 21.0}, "datetime": {"datetime": "2024-01-19 01:22:13", "elapsed": 4227.196341, "delta": 0.004435}}
{"target": -17.677163526341356, "params": {"gamma": 975.466914639292, "log10_alpha": -2.5149905552643896, "log10_colsample_bytree": -0.4436270444658367, "log10_eta": -3.9193523773195094, "log10_lambda": 0.3505563014222508, "log10_min_child_weight": 0.24015284532062586, "log10_subsample": -0.8535159309525908, "max_depth": 2.0, "num_boost_round": 22.0}, "datetime": {"datetime": "2024-01-19 01:22:13", "elapsed": 4227.200895, "delta": 0.004554}}
{"target": -17.677159739578137, "params": {"gamma": 975.466914639292, "log10_alpha": -2.5149905552643896, "log10_colsample_bytree": -0.4436270444658367, "log10_eta": -3.9193523773195094, "log10_lambda": 0.3505563014222508, "log10_min_child_weight": 0.24015284532062586, "log10_subsample": -0.8535159309525908, "max_depth": 2.0, "num_boost_round": 23.0}, "datetime": {"datetime": "2024-01-19 01:22:13", "elapsed": 4227.205297, "delta": 0.004402}}
{"target": -17.67715944048146, "params": {"gamma": 975.466914639292, "log10_alpha": -2.5149905552643896, "log10_colsample_bytree": -0.4436270444658367, "log10_eta": -3.9193523773195094, "log10_lambda": 0.3505563014222508, "log10_min_child_weight": 0.24015284532062586, "log10_subsample": -0.8535159309525908, "max_depth": 2.0, "num_boost_round": 24.0}, "datetime": {"datetime": "2024-01-19 01:22:13", "elapsed": 4227.20975, "delta": 0.004453}}
