{"target": -17.67514411897032, "params": {"gamma": 607.5911748287778, "log10_alpha": -4.948178138016332, "log10_colsample_bytree": -0.8594656704226507, "log10_eta": -1.8459532274496318, "log10_lambda": 0.5915928578035023, "log10_min_child_weight": 0.6403665139317649, "log10_subsample": -0.1611738311680717, "max_depth": 3.0, "num_boost_round": 11.0}, "datetime": {"datetime": "2024-01-19 00:47:34", "elapsed": 2152.049957, "delta": 0.002467}}
{"target": -17.674592174177793, "params": {"gamma": 607.5911748287778, "log10_alpha": -4.948178138016332, "log10_colsample_bytree": -0.8594656704226507, "log10_eta": -1.8459532274496318, "log10_lambda": 0.5915928578035023, "log10_min_child_weight": 0.6403665139317649, "log10_subsample": -0.1611738311680717, "max_depth": 3.0, "num_boost_round": 12.0}, "datetime": {"datetime": "2024-01-19 00:47:34", "elapsed": 2152.052563, "delta": 0.002606}}
{"target": -17.67416207108248, "params": {"gamma": 607.5911748287778, "log10_alpha": -4.948178138016332, "log10_colsample_bytree": -0.8594656704226507, "log10_eta": -1.8459532274496318, "log10_lambda": 0.5915928578035023, "log10_min_child_weight": 0.6403665139317649, "log10_subsample": -0.1611738311680717, "max_depth": 3.0, "num_boost_round": 13.0}, "datetime": {"datetime": "2024-01-19 00:47:34", "elapsed": 2152.055034, "delta": 0.002471}}
{"target": -17.673973220169803, "params": {"gamma": 607.5911748287778, "log10_alpha": -4.948178138016332, "log10_colsample_bytree": -0.8594656704226507, "log10_eta": -1.8459532274496318, "log10_lambda": 0.5915928578035023, "log10_min_child_weight": 0.6403665139317649, "log10_subsample": -0.1611738311680717, "max_depth": 3.0, "num_boost_round": 14.0}, "datetime": {"datetime": "2024-01-19 00:47:34", "elapsed": 2152.057505, "delta": 0.002471}}
{"target": -17.673570736022253, "params": {"gamma": 607.5911748287778, "log10_alpha": -4.948178138016332, "log10_colsample_bytree": -0.8594656704226507, "log10_eta": -1.8459532274496318, "log10_lambda": 0.5915928578035023, "log10_min_child_weight": 0.6403665139317649, "log10_subsample": -0.1611738311680717, "max_depth": 3.0, "num_boost_round": 15.0}, "datetime": {"datetime": "2024-01-19 00:47:34", "elapsed": 2152.060053, "delta": 0.002548}}
{"target": -17.673329292235724, "params": {"gamma": 607.5911748287778, "log10_alpha": -4.948178138016332, "log10_colsample_bytree": -0.8594656704226507, "log10_eta": -1.8459532274496318, "log10_lambda": 0.5915928578035023, "log10_min_child_weight": 0.6403665139317649, "log10_subsample": -0.1611738311680717, "max_depth": 3.0, "num_boost_round": 16.0}, "datetime": {"datetime": "2024-01-19 00:47:34", "elapsed": 2152.062552, "delta": 0.002499}}
{"target": -17.673013912987308, "params": {"gamma": 607.5911748287778, "log10_alpha": -4.948178138016332, "log10_colsample_bytree": -0.8594656704226507, "log10_eta": -1.8459532274496318, "log10_lambda": 0.5915928578035023, "log10_min_child_weight": 0.6403665139317649, "log10_subsample": -0.1611738311680717, "max_depth": 3.0, "num_boost_round": 17.0}, "datetime": {"datetime": "2024-01-19 00:47:34", "elapsed": 2152.067007, "delta": 0.004455}}
{"target": -17.67254946623142, "params": {"gamma": 607.5911748287778, "log10_alpha": -4.948178138016332, "log10_colsample_bytree": -0.8594656704226507, "log10_eta": -1.8459532274496318, "log10_lambda": 0.5915928578035023, "log10_min_child_weight": 0.6403665139317649, "log10_subsample": -0.1611738311680717, "max_depth": 3.0, "num_boost_round": 18.0}, "datetime": {"datetime": "2024-01-19 00:47:34", "elapsed": 2152.069538, "delta": 0.002531}}
{"target": -17.672509637010428, "params": {"gamma": 607.5911748287778, "log10_alpha": -4.948178138016332, "log10_colsample_bytree": -0.8594656704226507, "log10_eta": -1.8459532274496318, "log10_lambda": 0.5915928578035023, "log10_min_child_weight": 0.6403665139317649, "log10_subsample": -0.1611738311680717, "max_depth": 3.0, "num_boost_round": 19.0}, "datetime": {"datetime": "2024-01-19 00:47:34", "elapsed": 2152.072207, "delta": 0.002669}}
{"target": -17.67210621726217, "params": {"gamma": 607.5911748287778, "log10_alpha": -4.948178138016332, "log10_colsample_bytree": -0.8594656704226507, "log10_eta": -1.8459532274496318, "log10_lambda": 0.5915928578035023, "log10_min_child_weight": 0.6403665139317649, "log10_subsample": -0.1611738311680717, "max_depth": 3.0, "num_boost_round": 20.0}, "datetime": {"datetime": "2024-01-19 00:47:34", "elapsed": 2152.074669, "delta": 0.002462}}
{"target": -17.671625510645725, "params": {"gamma": 607.5911748287778, "log10_alpha": -4.948178138016332, "log10_colsample_bytree": -0.8594656704226507, "log10_eta": -1.8459532274496318, "log10_lambda": 0.5915928578035023, "log10_min_child_weight": 0.6403665139317649, "log10_subsample": -0.1611738311680717, "max_depth": 3.0, "num_boost_round": 21.0}, "datetime": {"datetime": "2024-01-19 00:47:34", "elapsed": 2152.07715, "delta": 0.002481}}
{"target": -17.67118249034706, "params": {"gamma": 607.5911748287778, "log10_alpha": -4.948178138016332, "log10_colsample_bytree": -0.8594656704226507, "log10_eta": -1.8459532274496318, "log10_lambda": 0.5915928578035023, "log10_min_child_weight": 0.6403665139317649, "log10_subsample": -0.1611738311680717, "max_depth": 3.0, "num_boost_round": 22.0}, "datetime": {"datetime": "2024-01-19 00:47:34", "elapsed": 2152.079614, "delta": 0.002464}}
{"target": -17.677209387267425, "params": {"gamma": 579.6440107916948, "log10_alpha": 0.6987872138354261, "log10_colsample_bytree": -0.8803550704954963, "log10_eta": -3.242109478958753, "log10_lambda": -1.2108714402766294, "log10_min_child_weight": 3.7763267918801753, "log10_subsample": -0.010499447082601199, "max_depth": 9.0, "num_boost_round": 0.0}, "datetime": {"datetime": "2024-01-19 00:48:02", "elapsed": 2179.756006, "delta": 27.676392}}
{"target": -17.67720662619505, "params": {"gamma": 579.6440107916948, "log10_alpha": 0.6987872138354261, "log10_colsample_bytree": -0.8803550704954963, "log10_eta": -3.242109478958753, "log10_lambda": -1.2108714402766294, "log10_min_child_weight": 3.7763267918801753, "log10_subsample": -0.010499447082601199, "max_depth": 9.0, "num_boost_round": 1.0}, "datetime": {"datetime": "2024-01-19 00:48:02", "elapsed": 2179.759192, "delta": 0.003186}}
{"target": -17.677187936887016, "params": {"gamma": 579.6440107916948, "log10_alpha": 0.6987872138354261, "log10_colsample_bytree": -0.8803550704954963, "log10_eta": -3.242109478958753, "log10_lambda": -1.2108714402766294, "log10_min_child_weight": 3.7763267918801753, "log10_subsample": -0.010499447082601199, "max_depth": 9.0, "num_boost_round": 2.0}, "datetime": {"datetime": "2024-01-19 00:48:02", "elapsed": 2179.761977, "delta": 0.002785}}
{"target": -17.677181374233676, "params": {"gamma": 579.6440107916948, "log10_alpha": 0.6987872138354261, "log10_colsample_bytree": -0.8803550704954963, "log10_eta": -3.242109478958753, "log10_lambda": -1.2108714402766294, "log10_min_child_weight": 3.7763267918801753, "log10_subsample": -0.010499447082601199, "max_depth": 9.0, "num_boost_round": 3.0}, "datetime": {"datetime": "2024-01-19 00:48:02", "elapsed": 2179.764448, "delta": 0.002471}}
{"target": -17.67716145560447, "params": {"gamma": 579.6440107916948, "log10_alpha": 0.6987872138354261, "log10_colsample_bytree": -0.8803550704954963, "log10_eta": -3.242109478958753, "log10_lambda": -1.2108714402766294, "log10_min_child_weight": 3.7763267918801753, "log10_subsample": -0.010499447082601199, "max_depth": 9.0, "num_boost_round": 4.0}, "datetime": {"datetime": "2024-01-19 00:48:02", "elapsed": 2179.766956, "delta": 0.002508}}
{"target": -17.677150683174727, "params": {"gamma": 579.6440107916948, "log10_alpha": 0.6987872138354261, "log10_colsample_bytree": -0.8803550704954963, "log10_eta": -3.242109478958753, "log10_lambda": -1.2108714402766294, "log10_min_child_weight": 3.7763267918801753, "log10_subsample": -0.010499447082601199, "max_depth": 9.0, "num_boost_round": 5.0}, "datetime": {"datetime": "2024-01-19 00:48:02", "elapsed": 2179.769567, "delta": 0.002611}}
{"target": -17.67716004942087, "params": {"gamma": 579.6440107916948, "log10_alpha": 0.6987872138354261, "log10_colsample_bytree": -0.8803550704954963, "log10_eta": -3.242109478958753, "log10_lambda": -1.2108714402766294, "log10_min_child_weight": 3.7763267918801753, "log10_subsample": -0.010499447082601199, "max_depth": 9.0, "num_boost_round": 6.0}, "datetime": {"datetime": "2024-01-19 00:48:02", "elapsed": 2179.772095, "delta": 0.002528}}
{"target": -17.67712769209006, "params": {"gamma": 579.6440107916948, "log10_alpha": 0.6987872138354261, "log10_colsample_bytree": -0.8803550704954963, "log10_eta": -3.242109478958753, "log10_lambda": -1.2108714402766294, "log10_min_child_weight": 3.7763267918801753, "log10_subsample": -0.010499447082601199, "max_depth": 9.0, "num_boost_round": 7.0}, "datetime": {"datetime": "2024-01-19 00:48:02", "elapsed": 2179.77461, "delta": 0.002515}}
{"target": -17.677115729590685, "params": {"gamma": 579.6440107916948, "log10_alpha": 0.6987872138354261, "log10_colsample_bytree": -0.8803550704954963, "log10_eta": -3.242109478958753, "log10_lambda": -1.2108714402766294, "log10_min_child_weight": 3.7763267918801753, "log10_subsample": -0.010499447082601199, "max_depth": 9.0, "num_boost_round": 8.0}, "datetime": {"datetime": "2024-01-19 00:48:02", "elapsed": 2179.777096, "delta": 0.002486}}
{"target": -17.677109883510415, "params": {"gamma": 579.6440107916948, "log10_alpha": 0.6987872138354261, "log10_colsample_bytree": -0.8803550704954963, "log10_eta": -3.242109478958753, "log10_lambda": -1.2108714402766294, "log10_min_child_weight": 3.7763267918801753, "log10_subsample": -0.010499447082601199, "max_depth": 9.0, "num_boost_round": 9.0}, "datetime": {"datetime": "2024-01-19 00:48:02", "elapsed": 2179.779648, "delta": 0.002552}}
{"target": -17.67709936626595, "params": {"gamma": 579.6440107916948, "log10_alpha": 0.6987872138354261, "log10_colsample_bytree": -0.8803550704954963, "log10_eta": -3.242109478958753, "log10_lambda": -1.2108714402766294, "log10_min_child_weight": 3.7763267918801753, "log10_subsample": -0.010499447082601199, "max_depth": 9.0, "num_boost_round": 10.0}, "datetime": {"datetime": "2024-01-19 00:48:02", "elapsed": 2179.782229, "delta": 0.002581}}
{"target": -17.67709674809978, "params": {"gamma": 579.6440107916948, "log10_alpha": 0.6987872138354261, "log10_colsample_bytree": -0.8803550704954963, "log10_eta": -3.242109478958753, "log10_lambda": -1.2108714402766294, "log10_min_child_weight": 3.7763267918801753, "log10_subsample": -0.010499447082601199, "max_depth": 9.0, "num_boost_round": 11.0}, "datetime": {"datetime": "2024-01-19 00:48:02", "elapsed": 2179.784721, "delta": 0.002492}}
{"target": -17.67593209066224, "params": {"gamma": 605.1414793030816, "log10_alpha": -4.7190204500271244, "log10_colsample_bytree": -0.6261306366726112, "log10_eta": -0.5966450712234739, "log10_lambda": 0.9333117291007271, "log10_min_child_weight": 4.765093932126448, "log10_subsample": -0.026892731814290194, "max_depth": 2.0, "num_boost_round": 0.0}, "datetime": {"datetime": "2024-01-19 00:48:28", "elapsed": 2205.511442, "delta": 25.726721}}
{"target": -17.679987121428866, "params": {"gamma": 605.1414793030816, "log10_alpha": -4.7190204500271244, "log10_colsample_bytree": -0.6261306366726112, "log10_eta": -0.5966450712234739, "log10_lambda": 0.9333117291007271, "log10_min_child_weight": 4.765093932126448, "log10_subsample": -0.026892731814290194, "max_depth": 2.0, "num_boost_round": 1.0}, "datetime": {"datetime": "2024-01-19 00:48:28", "elapsed": 2205.51486, "delta": 0.003418}}
{"target": -17.683083549054338, "params": {"gamma": 605.1414793030816, "log10_alpha": -4.7190204500271244, "log10_colsample_bytree": -0.6261306366726112, "log10_eta": -0.5966450712234739, "log10_lambda": 0.9333117291007271, "log10_min_child_weight": 4.765093932126448, "log10_subsample": -0.026892731814290194, "max_depth": 2.0, "num_boost_round": 2.0}, "datetime": {"datetime": "2024-01-19 00:48:28", "elapsed": 2205.517336, "delta": 0.002476}}
{"target": -17.68141734808618, "params": {"gamma": 605.1414793030816, "log10_alpha": -4.7190204500271244, "log10_colsample_bytree": -0.6261306366726112, "log10_eta": -0.5966450712234739, "log10_lambda": 0.9333117291007271, "log10_min_child_weight": 4.765093932126448, "log10_subsample": -0.026892731814290194, "max_depth": 2.0, "num_boost_round": 3.0}, "datetime": {"datetime": "2024-01-19 00:48:28", "elapsed": 2205.519899, "delta": 0.002563}}
{"target": -17.681684690805344, "params": {"gamma": 605.1414793030816, "log10_alpha": -4.7190204500271244, "log10_colsample_bytree": -0.6261306366726112, "log10_eta": -0.5966450712234739, "log10_lambda": 0.9333117291007271, "log10_min_child_weight": 4.765093932126448, "log10_subsample": -0.026892731814290194, "max_depth": 2.0, "num_boost_round": 4.0}, "datetime": {"datetime": "2024-01-19 00:48:28", "elapsed": 2205.522367, "delta": 0.002468}}
{"target": -17.684541476075626, "params": {"gamma": 605.1414793030816, "log10_alpha": -4.7190204500271244, "log10_colsample_bytree": -0.6261306366726112, "log10_eta": -0.5966450712234739, "log10_lambda": 0.9333117291007271, "log10_min_child_weight": 4.765093932126448, "log10_subsample": -0.026892731814290194, "max_depth": 2.0, "num_boost_round": 5.0}, "datetime": {"datetime": "2024-01-19 00:48:28", "elapsed": 2205.52484, "delta": 0.002473}}
{"target": -17.689434151374762, "params": {"gamma": 605.1414793030816, "log10_alpha": -4.7190204500271244, "log10_colsample_bytree": -0.6261306366726112, "log10_eta": -0.5966450712234739, "log10_lambda": 0.9333117291007271, "log10_min_child_weight": 4.765093932126448, "log10_subsample": -0.026892731814290194, "max_depth": 2.0, "num_boost_round": 6.0}, "datetime": {"datetime": "2024-01-19 00:48:28", "elapsed": 2205.527311, "delta": 0.002471}}
{"target": -17.690256982288396, "params": {"gamma": 605.1414793030816, "log10_alpha": -4.7190204500271244, "log10_colsample_bytree": -0.6261306366726112, "log10_eta": -0.5966450712234739, "log10_lambda": 0.9333117291007271, "log10_min_child_weight": 4.765093932126448, "log10_subsample": -0.026892731814290194, "max_depth": 2.0, "num_boost_round": 7.0}, "datetime": {"datetime": "2024-01-19 00:48:28", "elapsed": 2205.529791, "delta": 0.00248}}
{"target": -17.6942541892182, "params": {"gamma": 605.1414793030816, "log10_alpha": -4.7190204500271244, "log10_colsample_bytree": -0.6261306366726112, "log10_eta": -0.5966450712234739, "log10_lambda": 0.9333117291007271, "log10_min_child_weight": 4.765093932126448, "log10_subsample": -0.026892731814290194, "max_depth": 2.0, "num_boost_round": 8.0}, "datetime": {"datetime": "2024-01-19 00:48:28", "elapsed": 2205.53244, "delta": 0.002649}}
{"target": -17.69375358537661, "params": {"gamma": 605.1414793030816, "log10_alpha": -4.7190204500271244, "log10_colsample_bytree": -0.6261306366726112, "log10_eta": -0.5966450712234739, "log10_lambda": 0.9333117291007271, "log10_min_child_weight": 4.765093932126448, "log10_subsample": -0.026892731814290194, "max_depth": 2.0, "num_boost_round": 9.0}, "datetime": {"datetime": "2024-01-19 00:48:28", "elapsed": 2205.535057, "delta": 0.002617}}
{"target": -17.695220969571203, "params": {"gamma": 605.1414793030816, "log10_alpha": -4.7190204500271244, "log10_colsample_bytree": -0.6261306366726112, "log10_eta": -0.5966450712234739, "log10_lambda": 0.9333117291007271, "log10_min_child_weight": 4.765093932126448, "log10_subsample": -0.026892731814290194, "max_depth": 2.0, "num_boost_round": 10.0}, "datetime": {"datetime": "2024-01-19 00:48:28", "elapsed": 2205.537615, "delta": 0.002558}}
{"target": -17.695675574409037, "params": {"gamma": 605.1414793030816, "log10_alpha": -4.7190204500271244, "log10_colsample_bytree": -0.6261306366726112, "log10_eta": -0.5966450712234739, "log10_lambda": 0.9333117291007271, "log10_min_child_weight": 4.765093932126448, "log10_subsample": -0.026892731814290194, "max_depth": 2.0, "num_boost_round": 11.0}, "datetime": {"datetime": "2024-01-19 00:48:28", "elapsed": 2205.540133, "delta": 0.002518}}
{"target": -17.695307137144493, "params": {"gamma": 605.1414793030816, "log10_alpha": -4.7190204500271244, "log10_colsample_bytree": -0.6261306366726112, "log10_eta": -0.5966450712234739, "log10_lambda": 0.9333117291007271, "log10_min_child_weight": 4.765093932126448, "log10_subsample": -0.026892731814290194, "max_depth": 2.0, "num_boost_round": 12.0}, "datetime": {"datetime": "2024-01-19 00:48:28", "elapsed": 2205.542579, "delta": 0.002446}}
{"target": -17.69460638546621, "params": {"gamma": 605.1414793030816, "log10_alpha": -4.7190204500271244, "log10_colsample_bytree": -0.6261306366726112, "log10_eta": -0.5966450712234739, "log10_lambda": 0.9333117291007271, "log10_min_child_weight": 4.765093932126448, "log10_subsample": -0.026892731814290194, "max_depth": 2.0, "num_boost_round": 13.0}, "datetime": {"datetime": "2024-01-19 00:48:28", "elapsed": 2205.54504, "delta": 0.002461}}
{"target": -17.67707911016533, "params": {"gamma": 601.3469101696469, "log10_alpha": -4.42525923749336, "log10_colsample_bytree": -0.9142496880266505, "log10_eta": -2.394052952899553, "log10_lambda": 0.967630832008056, "log10_min_child_weight": 1.436607316761171, "log10_subsample": -0.3009520603062473, "max_depth": 5.0, "num_boost_round": 0.0}, "datetime": {"datetime": "2024-01-19 00:48:55", "elapsed": 2232.881012, "delta": 27.335972}}
{"target": -17.677033017939955, "params": {"gamma": 601.3469101696469, "log10_alpha": -4.42525923749336, "log10_colsample_bytree": -0.9142496880266505, "log10_eta": -2.394052952899553, "log10_lambda": 0.967630832008056, "log10_min_child_weight": 1.436607316761171, "log10_subsample": -0.3009520603062473, "max_depth": 5.0, "num_boost_round": 1.0}, "datetime": {"datetime": "2024-01-19 00:48:55", "elapsed": 2232.884235, "delta": 0.003223}}
{"target": -17.677101338392575, "params": {"gamma": 601.3469101696469, "log10_alpha": -4.42525923749336, "log10_colsample_bytree": -0.9142496880266505, "log10_eta": -2.394052952899553, "log10_lambda": 0.967630832008056, "log10_min_child_weight": 1.436607316761171, "log10_subsample": -0.3009520603062473, "max_depth": 5.0, "num_boost_round": 2.0}, "datetime": {"datetime": "2024-01-19 00:48:55", "elapsed": 2232.886843, "delta": 0.002608}}
{"target": -17.676993807156, "params": {"gamma": 601.3469101696469, "log10_alpha": -4.42525923749336, "log10_colsample_bytree": -0.9142496880266505, "log10_eta": -2.394052952899553, "log10_lambda": 0.967630832008056, "log10_min_child_weight": 1.436607316761171, "log10_subsample": -0.3009520603062473, "max_depth": 5.0, "num_boost_round": 3.0}, "datetime": {"datetime": "2024-01-19 00:48:55", "elapsed": 2232.889367, "delta": 0.002524}}
{"target": -17.676896150787023, "params": {"gamma": 601.3469101696469, "log10_alpha": -4.42525923749336, "log10_colsample_bytree": -0.9142496880266505, "log10_eta": -2.394052952899553, "log10_lambda": 0.967630832008056, "log10_min_child_weight": 1.436607316761171, "log10_subsample": -0.3009520603062473, "max_depth": 5.0, "num_boost_round": 4.0}, "datetime": {"datetime": "2024-01-19 00:48:55", "elapsed": 2232.891846, "delta": 0.002479}}
{"target": -17.676809484798248, "params": {"gamma": 601.3469101696469, "log10_alpha": -4.42525923749336, "log10_colsample_bytree": -0.9142496880266505, "log10_eta": -2.394052952899553, "log10_lambda": 0.967630832008056, "log10_min_child_weight": 1.436607316761171, "log10_subsample": -0.3009520603062473, "max_depth": 5.0, "num_boost_round": 5.0}, "datetime": {"datetime": "2024-01-19 00:48:55", "elapsed": 2232.894317, "delta": 0.002471}}
{"target": -17.676900655040477, "params": {"gamma": 601.3469101696469, "log10_alpha": -4.42525923749336, "log10_colsample_bytree": -0.9142496880266505, "log10_eta": -2.394052952899553, "log10_lambda": 0.967630832008056, "log10_min_child_weight": 1.436607316761171, "log10_subsample": -0.3009520603062473, "max_depth": 5.0, "num_boost_round": 6.0}, "datetime": {"datetime": "2024-01-19 00:48:55", "elapsed": 2232.896824, "delta": 0.002507}}
{"target": -17.67666979064119, "params": {"gamma": 601.3469101696469, "log10_alpha": -4.42525923749336, "log10_colsample_bytree": -0.9142496880266505, "log10_eta": -2.394052952899553, "log10_lambda": 0.967630832008056, "log10_min_child_weight": 1.436607316761171, "log10_subsample": -0.3009520603062473, "max_depth": 5.0, "num_boost_round": 7.0}, "datetime": {"datetime": "2024-01-19 00:48:55", "elapsed": 2232.899324, "delta": 0.0025}}
{"target": -17.67664784003205, "params": {"gamma": 601.3469101696469, "log10_alpha": -4.42525923749336, "log10_colsample_bytree": -0.9142496880266505, "log10_eta": -2.394052952899553, "log10_lambda": 0.967630832008056, "log10_min_child_weight": 1.436607316761171, "log10_subsample": -0.3009520603062473, "max_depth": 5.0, "num_boost_round": 8.0}, "datetime": {"datetime": "2024-01-19 00:48:55", "elapsed": 2232.901843, "delta": 0.002519}}
{"target": -17.676590139612415, "params": {"gamma": 601.3469101696469, "log10_alpha": -4.42525923749336, "log10_colsample_bytree": -0.9142496880266505, "log10_eta": -2.394052952899553, "log10_lambda": 0.967630832008056, "log10_min_child_weight": 1.436607316761171, "log10_subsample": -0.3009520603062473, "max_depth": 5.0, "num_boost_round": 9.0}, "datetime": {"datetime": "2024-01-19 00:48:55", "elapsed": 2232.904419, "delta": 0.002576}}
{"target": -17.676486763421675, "params": {"gamma": 601.3469101696469, "log10_alpha": -4.42525923749336, "log10_colsample_bytree": -0.9142496880266505, "log10_eta": -2.394052952899553, "log10_lambda": 0.967630832008056, "log10_min_child_weight": 1.436607316761171, "log10_subsample": -0.3009520603062473, "max_depth": 5.0, "num_boost_round": 10.0}, "datetime": {"datetime": "2024-01-19 00:48:55", "elapsed": 2232.906923, "delta": 0.002504}}
