{"target": -13.75808464384094, "params": {"gamma": 875.6500057375086, "log10_alpha": -4.845892150286485, "log10_colsample_bytree": -0.958554498363954, "log10_eta": -2.6026504205832626, "log10_lambda": -2.8972006919928033, "log10_min_child_weight": 1.6170486640976707, "log10_subsample": -0.6943864898721113, "max_depth": 8.0, "num_boost_round": 6.0}, "datetime": {"datetime": "2024-01-19 00:54:06", "elapsed": 2550.851811, "delta": 0.003265}}
{"target": -13.757953802167332, "params": {"gamma": 875.6500057375086, "log10_alpha": -4.845892150286485, "log10_colsample_bytree": -0.958554498363954, "log10_eta": -2.6026504205832626, "log10_lambda": -2.8972006919928033, "log10_min_child_weight": 1.6170486640976707, "log10_subsample": -0.6943864898721113, "max_depth": 8.0, "num_boost_round": 7.0}, "datetime": {"datetime": "2024-01-19 00:54:06", "elapsed": 2550.855317, "delta": 0.003506}}
{"target": -13.757931453246394, "params": {"gamma": 875.6500057375086, "log10_alpha": -4.845892150286485, "log10_colsample_bytree": -0.958554498363954, "log10_eta": -2.6026504205832626, "log10_lambda": -2.8972006919928033, "log10_min_child_weight": 1.6170486640976707, "log10_subsample": -0.6943864898721113, "max_depth": 8.0, "num_boost_round": 8.0}, "datetime": {"datetime": "2024-01-19 00:54:06", "elapsed": 2550.858625, "delta": 0.003308}}
{"target": -13.757998898721693, "params": {"gamma": 875.6500057375086, "log10_alpha": -4.845892150286485, "log10_colsample_bytree": -0.958554498363954, "log10_eta": -2.6026504205832626, "log10_lambda": -2.8972006919928033, "log10_min_child_weight": 1.6170486640976707, "log10_subsample": -0.6943864898721113, "max_depth": 8.0, "num_boost_round": 9.0}, "datetime": {"datetime": "2024-01-19 00:54:06", "elapsed": 2550.861898, "delta": 0.003273}}
{"target": -13.758024647923698, "params": {"gamma": 875.6500057375086, "log10_alpha": -4.845892150286485, "log10_colsample_bytree": -0.958554498363954, "log10_eta": -2.6026504205832626, "log10_lambda": -2.8972006919928033, "log10_min_child_weight": 1.6170486640976707, "log10_subsample": -0.6943864898721113, "max_depth": 8.0, "num_boost_round": 10.0}, "datetime": {"datetime": "2024-01-19 00:54:06", "elapsed": 2550.86519, "delta": 0.003292}}
{"target": -13.758033049751385, "params": {"gamma": 875.6500057375086, "log10_alpha": -4.845892150286485, "log10_colsample_bytree": -0.958554498363954, "log10_eta": -2.6026504205832626, "log10_lambda": -2.8972006919928033, "log10_min_child_weight": 1.6170486640976707, "log10_subsample": -0.6943864898721113, "max_depth": 8.0, "num_boost_round": 11.0}, "datetime": {"datetime": "2024-01-19 00:54:06", "elapsed": 2550.868458, "delta": 0.003268}}
{"target": -13.758011830619123, "params": {"gamma": 875.6500057375086, "log10_alpha": -4.845892150286485, "log10_colsample_bytree": -0.958554498363954, "log10_eta": -2.6026504205832626, "log10_lambda": -2.8972006919928033, "log10_min_child_weight": 1.6170486640976707, "log10_subsample": -0.6943864898721113, "max_depth": 8.0, "num_boost_round": 12.0}, "datetime": {"datetime": "2024-01-19 00:54:06", "elapsed": 2550.871859, "delta": 0.003401}}
{"target": -13.757959091027335, "params": {"gamma": 875.6500057375086, "log10_alpha": -4.845892150286485, "log10_colsample_bytree": -0.958554498363954, "log10_eta": -2.6026504205832626, "log10_lambda": -2.8972006919928033, "log10_min_child_weight": 1.6170486640976707, "log10_subsample": -0.6943864898721113, "max_depth": 8.0, "num_boost_round": 13.0}, "datetime": {"datetime": "2024-01-19 00:54:06", "elapsed": 2550.875205, "delta": 0.003346}}
{"target": -13.757874191401001, "params": {"gamma": 875.6500057375086, "log10_alpha": -4.845892150286485, "log10_colsample_bytree": -0.958554498363954, "log10_eta": -2.6026504205832626, "log10_lambda": -2.8972006919928033, "log10_min_child_weight": 1.6170486640976707, "log10_subsample": -0.6943864898721113, "max_depth": 8.0, "num_boost_round": 14.0}, "datetime": {"datetime": "2024-01-19 00:54:06", "elapsed": 2550.878475, "delta": 0.00327}}
{"target": -13.7577834994202, "params": {"gamma": 875.6500057375086, "log10_alpha": -4.845892150286485, "log10_colsample_bytree": -0.958554498363954, "log10_eta": -2.6026504205832626, "log10_lambda": -2.8972006919928033, "log10_min_child_weight": 1.6170486640976707, "log10_subsample": -0.6943864898721113, "max_depth": 8.0, "num_boost_round": 15.0}, "datetime": {"datetime": "2024-01-19 00:54:06", "elapsed": 2550.88175, "delta": 0.003275}}
{"target": -13.75772914806763, "params": {"gamma": 875.6500057375086, "log10_alpha": -4.845892150286485, "log10_colsample_bytree": -0.958554498363954, "log10_eta": -2.6026504205832626, "log10_lambda": -2.8972006919928033, "log10_min_child_weight": 1.6170486640976707, "log10_subsample": -0.6943864898721113, "max_depth": 8.0, "num_boost_round": 16.0}, "datetime": {"datetime": "2024-01-19 00:54:06", "elapsed": 2550.885026, "delta": 0.003276}}
{"target": -13.757594033185368, "params": {"gamma": 875.6500057375086, "log10_alpha": -4.845892150286485, "log10_colsample_bytree": -0.958554498363954, "log10_eta": -2.6026504205832626, "log10_lambda": -2.8972006919928033, "log10_min_child_weight": 1.6170486640976707, "log10_subsample": -0.6943864898721113, "max_depth": 8.0, "num_boost_round": 17.0}, "datetime": {"datetime": "2024-01-19 00:54:06", "elapsed": 2550.888288, "delta": 0.003262}}
{"target": -13.757544873193629, "params": {"gamma": 875.6500057375086, "log10_alpha": -4.845892150286485, "log10_colsample_bytree": -0.958554498363954, "log10_eta": -2.6026504205832626, "log10_lambda": -2.8972006919928033, "log10_min_child_weight": 1.6170486640976707, "log10_subsample": -0.6943864898721113, "max_depth": 8.0, "num_boost_round": 18.0}, "datetime": {"datetime": "2024-01-19 00:54:06", "elapsed": 2550.891632, "delta": 0.003344}}
{"target": -13.757502673537285, "params": {"gamma": 875.6500057375086, "log10_alpha": -4.845892150286485, "log10_colsample_bytree": -0.958554498363954, "log10_eta": -2.6026504205832626, "log10_lambda": -2.8972006919928033, "log10_min_child_weight": 1.6170486640976707, "log10_subsample": -0.6943864898721113, "max_depth": 8.0, "num_boost_round": 19.0}, "datetime": {"datetime": "2024-01-19 00:54:06", "elapsed": 2550.895005, "delta": 0.003373}}
{"target": -13.757392362600763, "params": {"gamma": 875.6500057375086, "log10_alpha": -4.845892150286485, "log10_colsample_bytree": -0.958554498363954, "log10_eta": -2.6026504205832626, "log10_lambda": -2.8972006919928033, "log10_min_child_weight": 1.6170486640976707, "log10_subsample": -0.6943864898721113, "max_depth": 8.0, "num_boost_round": 20.0}, "datetime": {"datetime": "2024-01-19 00:54:06", "elapsed": 2550.898297, "delta": 0.003292}}
{"target": -13.757263359087617, "params": {"gamma": 875.6500057375086, "log10_alpha": -4.845892150286485, "log10_colsample_bytree": -0.958554498363954, "log10_eta": -2.6026504205832626, "log10_lambda": -2.8972006919928033, "log10_min_child_weight": 1.6170486640976707, "log10_subsample": -0.6943864898721113, "max_depth": 8.0, "num_boost_round": 21.0}, "datetime": {"datetime": "2024-01-19 00:54:06", "elapsed": 2550.901593, "delta": 0.003296}}
{"target": -13.75716100155835, "params": {"gamma": 875.6500057375086, "log10_alpha": -4.845892150286485, "log10_colsample_bytree": -0.958554498363954, "log10_eta": -2.6026504205832626, "log10_lambda": -2.8972006919928033, "log10_min_child_weight": 1.6170486640976707, "log10_subsample": -0.6943864898721113, "max_depth": 8.0, "num_boost_round": 22.0}, "datetime": {"datetime": "2024-01-19 00:54:06", "elapsed": 2550.904882, "delta": 0.003289}}
{"target": -13.75708960216149, "params": {"gamma": 875.6500057375086, "log10_alpha": -4.845892150286485, "log10_colsample_bytree": -0.958554498363954, "log10_eta": -2.6026504205832626, "log10_lambda": -2.8972006919928033, "log10_min_child_weight": 1.6170486640976707, "log10_subsample": -0.6943864898721113, "max_depth": 8.0, "num_boost_round": 23.0}, "datetime": {"datetime": "2024-01-19 00:54:06", "elapsed": 2550.90815, "delta": 0.003268}}
{"target": -13.757103987977901, "params": {"gamma": 875.6500057375086, "log10_alpha": -4.845892150286485, "log10_colsample_bytree": -0.958554498363954, "log10_eta": -2.6026504205832626, "log10_lambda": -2.8972006919928033, "log10_min_child_weight": 1.6170486640976707, "log10_subsample": -0.6943864898721113, "max_depth": 8.0, "num_boost_round": 24.0}, "datetime": {"datetime": "2024-01-19 00:54:06", "elapsed": 2550.911579, "delta": 0.003429}}
{"target": -13.757071521210431, "params": {"gamma": 875.6500057375086, "log10_alpha": -4.845892150286485, "log10_colsample_bytree": -0.958554498363954, "log10_eta": -2.6026504205832626, "log10_lambda": -2.8972006919928033, "log10_min_child_weight": 1.6170486640976707, "log10_subsample": -0.6943864898721113, "max_depth": 8.0, "num_boost_round": 25.0}, "datetime": {"datetime": "2024-01-19 00:54:06", "elapsed": 2550.91501, "delta": 0.003431}}
{"target": -13.757060481684862, "params": {"gamma": 875.6500057375086, "log10_alpha": -4.845892150286485, "log10_colsample_bytree": -0.958554498363954, "log10_eta": -2.6026504205832626, "log10_lambda": -2.8972006919928033, "log10_min_child_weight": 1.6170486640976707, "log10_subsample": -0.6943864898721113, "max_depth": 8.0, "num_boost_round": 26.0}, "datetime": {"datetime": "2024-01-19 00:54:06", "elapsed": 2550.91835, "delta": 0.00334}}
{"target": -13.757063652473745, "params": {"gamma": 875.6500057375086, "log10_alpha": -4.845892150286485, "log10_colsample_bytree": -0.958554498363954, "log10_eta": -2.6026504205832626, "log10_lambda": -2.8972006919928033, "log10_min_child_weight": 1.6170486640976707, "log10_subsample": -0.6943864898721113, "max_depth": 8.0, "num_boost_round": 27.0}, "datetime": {"datetime": "2024-01-19 00:54:06", "elapsed": 2550.921683, "delta": 0.003333}}
{"target": -13.75700527270495, "params": {"gamma": 875.6500057375086, "log10_alpha": -4.845892150286485, "log10_colsample_bytree": -0.958554498363954, "log10_eta": -2.6026504205832626, "log10_lambda": -2.8972006919928033, "log10_min_child_weight": 1.6170486640976707, "log10_subsample": -0.6943864898721113, "max_depth": 8.0, "num_boost_round": 28.0}, "datetime": {"datetime": "2024-01-19 00:54:06", "elapsed": 2550.925018, "delta": 0.003335}}
{"target": -13.756956811082176, "params": {"gamma": 875.6500057375086, "log10_alpha": -4.845892150286485, "log10_colsample_bytree": -0.958554498363954, "log10_eta": -2.6026504205832626, "log10_lambda": -2.8972006919928033, "log10_min_child_weight": 1.6170486640976707, "log10_subsample": -0.6943864898721113, "max_depth": 8.0, "num_boost_round": 29.0}, "datetime": {"datetime": "2024-01-19 00:54:06", "elapsed": 2550.928341, "delta": 0.003323}}
{"target": -13.75692375526881, "params": {"gamma": 875.6500057375086, "log10_alpha": -4.845892150286485, "log10_colsample_bytree": -0.958554498363954, "log10_eta": -2.6026504205832626, "log10_lambda": -2.8972006919928033, "log10_min_child_weight": 1.6170486640976707, "log10_subsample": -0.6943864898721113, "max_depth": 8.0, "num_boost_round": 30.0}, "datetime": {"datetime": "2024-01-19 00:54:06", "elapsed": 2550.932349, "delta": 0.004008}}
{"target": -13.75680486911485, "params": {"gamma": 875.6500057375086, "log10_alpha": -4.845892150286485, "log10_colsample_bytree": -0.958554498363954, "log10_eta": -2.6026504205832626, "log10_lambda": -2.8972006919928033, "log10_min_child_weight": 1.6170486640976707, "log10_subsample": -0.6943864898721113, "max_depth": 8.0, "num_boost_round": 31.0}, "datetime": {"datetime": "2024-01-19 00:54:06", "elapsed": 2550.936125, "delta": 0.003776}}
{"target": -13.756606698036483, "params": {"gamma": 875.6500057375086, "log10_alpha": -4.845892150286485, "log10_colsample_bytree": -0.958554498363954, "log10_eta": -2.6026504205832626, "log10_lambda": -2.8972006919928033, "log10_min_child_weight": 1.6170486640976707, "log10_subsample": -0.6943864898721113, "max_depth": 8.0, "num_boost_round": 32.0}, "datetime": {"datetime": "2024-01-19 00:54:06", "elapsed": 2550.940268, "delta": 0.004143}}
{"target": -13.756489661431726, "params": {"gamma": 875.6500057375086, "log10_alpha": -4.845892150286485, "log10_colsample_bytree": -0.958554498363954, "log10_eta": -2.6026504205832626, "log10_lambda": -2.8972006919928033, "log10_min_child_weight": 1.6170486640976707, "log10_subsample": -0.6943864898721113, "max_depth": 8.0, "num_boost_round": 33.0}, "datetime": {"datetime": "2024-01-19 00:54:06", "elapsed": 2550.943716, "delta": 0.003448}}
{"target": -13.75645987424527, "params": {"gamma": 875.6500057375086, "log10_alpha": -4.845892150286485, "log10_colsample_bytree": -0.958554498363954, "log10_eta": -2.6026504205832626, "log10_lambda": -2.8972006919928033, "log10_min_child_weight": 1.6170486640976707, "log10_subsample": -0.6943864898721113, "max_depth": 8.0, "num_boost_round": 34.0}, "datetime": {"datetime": "2024-01-19 00:54:06", "elapsed": 2550.947215, "delta": 0.003499}}
{"target": -13.756444911413752, "params": {"gamma": 875.6500057375086, "log10_alpha": -4.845892150286485, "log10_colsample_bytree": -0.958554498363954, "log10_eta": -2.6026504205832626, "log10_lambda": -2.8972006919928033, "log10_min_child_weight": 1.6170486640976707, "log10_subsample": -0.6943864898721113, "max_depth": 8.0, "num_boost_round": 35.0}, "datetime": {"datetime": "2024-01-19 00:54:06", "elapsed": 2550.950644, "delta": 0.003429}}
{"target": -13.756493655993577, "params": {"gamma": 875.6500057375086, "log10_alpha": -4.845892150286485, "log10_colsample_bytree": -0.958554498363954, "log10_eta": -2.6026504205832626, "log10_lambda": -2.8972006919928033, "log10_min_child_weight": 1.6170486640976707, "log10_subsample": -0.6943864898721113, "max_depth": 8.0, "num_boost_round": 36.0}, "datetime": {"datetime": "2024-01-19 00:54:06", "elapsed": 2550.95407, "delta": 0.003426}}
{"target": -13.758531209178852, "params": {"gamma": 875.5081453256298, "log10_alpha": -4.453645404055827, "log10_colsample_bytree": -0.14335503467493893, "log10_eta": -3.2562322461984343, "log10_lambda": -0.33378588672778786, "log10_min_child_weight": 4.384334811042501, "log10_subsample": -0.6495024813909543, "max_depth": 6.0, "num_boost_round": 0.0}, "datetime": {"datetime": "2024-01-19 00:55:10", "elapsed": 2615.215461, "delta": 64.261391}}
{"target": -13.758525356190146, "params": {"gamma": 875.5081453256298, "log10_alpha": -4.453645404055827, "log10_colsample_bytree": -0.14335503467493893, "log10_eta": -3.2562322461984343, "log10_lambda": -0.33378588672778786, "log10_min_child_weight": 4.384334811042501, "log10_subsample": -0.6495024813909543, "max_depth": 6.0, "num_boost_round": 1.0}, "datetime": {"datetime": "2024-01-19 00:55:10", "elapsed": 2615.220175, "delta": 0.004714}}
{"target": -13.758524396402034, "params": {"gamma": 875.5081453256298, "log10_alpha": -4.453645404055827, "log10_colsample_bytree": -0.14335503467493893, "log10_eta": -3.2562322461984343, "log10_lambda": -0.33378588672778786, "log10_min_child_weight": 4.384334811042501, "log10_subsample": -0.6495024813909543, "max_depth": 6.0, "num_boost_round": 2.0}, "datetime": {"datetime": "2024-01-19 00:55:10", "elapsed": 2615.224234, "delta": 0.004059}}
{"target": -13.758519794725776, "params": {"gamma": 875.5081453256298, "log10_alpha": -4.453645404055827, "log10_colsample_bytree": -0.14335503467493893, "log10_eta": -3.2562322461984343, "log10_lambda": -0.33378588672778786, "log10_min_child_weight": 4.384334811042501, "log10_subsample": -0.6495024813909543, "max_depth": 6.0, "num_boost_round": 3.0}, "datetime": {"datetime": "2024-01-19 00:55:10", "elapsed": 2615.22837, "delta": 0.004136}}
{"target": -13.758521039797968, "params": {"gamma": 875.5081453256298, "log10_alpha": -4.453645404055827, "log10_colsample_bytree": -0.14335503467493893, "log10_eta": -3.2562322461984343, "log10_lambda": -0.33378588672778786, "log10_min_child_weight": 4.384334811042501, "log10_subsample": -0.6495024813909543, "max_depth": 6.0, "num_boost_round": 4.0}, "datetime": {"datetime": "2024-01-19 00:55:10", "elapsed": 2615.232368, "delta": 0.003998}}
{"target": -13.758520091988592, "params": {"gamma": 875.5081453256298, "log10_alpha": -4.453645404055827, "log10_colsample_bytree": -0.14335503467493893, "log10_eta": -3.2562322461984343, "log10_lambda": -0.33378588672778786, "log10_min_child_weight": 4.384334811042501, "log10_subsample": -0.6495024813909543, "max_depth": 6.0, "num_boost_round": 5.0}, "datetime": {"datetime": "2024-01-19 00:55:10", "elapsed": 2615.23604, "delta": 0.003672}}
{"target": -13.758520047010006, "params": {"gamma": 875.5081453256298, "log10_alpha": -4.453645404055827, "log10_colsample_bytree": -0.14335503467493893, "log10_eta": -3.2562322461984343, "log10_lambda": -0.33378588672778786, "log10_min_child_weight": 4.384334811042501, "log10_subsample": -0.6495024813909543, "max_depth": 6.0, "num_boost_round": 6.0}, "datetime": {"datetime": "2024-01-19 00:55:10", "elapsed": 2615.239743, "delta": 0.003703}}
{"target": -13.758521489199667, "params": {"gamma": 875.5081453256298, "log10_alpha": -4.453645404055827, "log10_colsample_bytree": -0.14335503467493893, "log10_eta": -3.2562322461984343, "log10_lambda": -0.33378588672778786, "log10_min_child_weight": 4.384334811042501, "log10_subsample": -0.6495024813909543, "max_depth": 6.0, "num_boost_round": 7.0}, "datetime": {"datetime": "2024-01-19 00:55:10", "elapsed": 2615.243243, "delta": 0.0035}}
{"target": -13.758521581584027, "params": {"gamma": 875.5081453256298, "log10_alpha": -4.453645404055827, "log10_colsample_bytree": -0.14335503467493893, "log10_eta": -3.2562322461984343, "log10_lambda": -0.33378588672778786, "log10_min_child_weight": 4.384334811042501, "log10_subsample": -0.6495024813909543, "max_depth": 6.0, "num_boost_round": 8.0}, "datetime": {"datetime": "2024-01-19 00:55:10", "elapsed": 2615.246769, "delta": 0.003526}}
{"target": -13.758517465912748, "params": {"gamma": 875.5081453256298, "log10_alpha": -4.453645404055827, "log10_colsample_bytree": -0.14335503467493893, "log10_eta": -3.2562322461984343, "log10_lambda": -0.33378588672778786, "log10_min_child_weight": 4.384334811042501, "log10_subsample": -0.6495024813909543, "max_depth": 6.0, "num_boost_round": 9.0}, "datetime": {"datetime": "2024-01-19 00:55:10", "elapsed": 2615.250338, "delta": 0.003569}}
{"target": -13.758510976441645, "params": {"gamma": 875.5081453256298, "log10_alpha": -4.453645404055827, "log10_colsample_bytree": -0.14335503467493893, "log10_eta": -3.2562322461984343, "log10_lambda": -0.33378588672778786, "log10_min_child_weight": 4.384334811042501, "log10_subsample": -0.6495024813909543, "max_depth": 6.0, "num_boost_round": 10.0}, "datetime": {"datetime": "2024-01-19 00:55:10", "elapsed": 2615.25417, "delta": 0.003832}}
{"target": -13.75850880298008, "params": {"gamma": 875.5081453256298, "log10_alpha": -4.453645404055827, "log10_colsample_bytree": -0.14335503467493893, "log10_eta": -3.2562322461984343, "log10_lambda": -0.33378588672778786, "log10_min_child_weight": 4.384334811042501, "log10_subsample": -0.6495024813909543, "max_depth": 6.0, "num_boost_round": 11.0}, "datetime": {"datetime": "2024-01-19 00:55:10", "elapsed": 2615.257719, "delta": 0.003549}}
{"target": -13.758509072895526, "params": {"gamma": 875.5081453256298, "log10_alpha": -4.453645404055827, "log10_colsample_bytree": -0.14335503467493893, "log10_eta": -3.2562322461984343, "log10_lambda": -0.33378588672778786, "log10_min_child_weight": 4.384334811042501, "log10_subsample": -0.6495024813909543, "max_depth": 6.0, "num_boost_round": 12.0}, "datetime": {"datetime": "2024-01-19 00:55:10", "elapsed": 2615.261351, "delta": 0.003632}}
{"target": -13.75851307006195, "params": {"gamma": 875.5081453256298, "log10_alpha": -4.453645404055827, "log10_colsample_bytree": -0.14335503467493893, "log10_eta": -3.2562322461984343, "log10_lambda": -0.33378588672778786, "log10_min_child_weight": 4.384334811042501, "log10_subsample": -0.6495024813909543, "max_depth": 6.0, "num_boost_round": 13.0}, "datetime": {"datetime": "2024-01-19 00:55:10", "elapsed": 2615.264926, "delta": 0.003575}}
{"target": -13.758509833826063, "params": {"gamma": 875.5081453256298, "log10_alpha": -4.453645404055827, "log10_colsample_bytree": -0.14335503467493893, "log10_eta": -3.2562322461984343, "log10_lambda": -0.33378588672778786, "log10_min_child_weight": 4.384334811042501, "log10_subsample": -0.6495024813909543, "max_depth": 6.0, "num_boost_round": 14.0}, "datetime": {"datetime": "2024-01-19 00:55:10", "elapsed": 2615.268535, "delta": 0.003609}}
{"target": -13.758509980369423, "params": {"gamma": 875.5081453256298, "log10_alpha": -4.453645404055827, "log10_colsample_bytree": -0.14335503467493893, "log10_eta": -3.2562322461984343, "log10_lambda": -0.33378588672778786, "log10_min_child_weight": 4.384334811042501, "log10_subsample": -0.6495024813909543, "max_depth": 6.0, "num_boost_round": 15.0}, "datetime": {"datetime": "2024-01-19 00:55:10", "elapsed": 2615.272168, "delta": 0.003633}}
{"target": -13.758508249043894, "params": {"gamma": 875.5081453256298, "log10_alpha": -4.453645404055827, "log10_colsample_bytree": -0.14335503467493893, "log10_eta": -3.2562322461984343, "log10_lambda": -0.33378588672778786, "log10_min_child_weight": 4.384334811042501, "log10_subsample": -0.6495024813909543, "max_depth": 6.0, "num_boost_round": 16.0}, "datetime": {"datetime": "2024-01-19 00:55:10", "elapsed": 2615.275782, "delta": 0.003614}}
{"target": -13.758508951330946, "params": {"gamma": 875.5081453256298, "log10_alpha": -4.453645404055827, "log10_colsample_bytree": -0.14335503467493893, "log10_eta": -3.2562322461984343, "log10_lambda": -0.33378588672778786, "log10_min_child_weight": 4.384334811042501, "log10_subsample": -0.6495024813909543, "max_depth": 6.0, "num_boost_round": 17.0}, "datetime": {"datetime": "2024-01-19 00:55:10", "elapsed": 2615.279278, "delta": 0.003496}}
