{"target": -17.67704425752185, "params": {"gamma": 394.1204687977465, "log10_alpha": -1.3144826479356442, "log10_colsample_bytree": -0.4394910000661775, "log10_eta": -3.5433419708918605, "log10_lambda": -3.47514061757209, "log10_min_child_weight": 0.6156929837388703, "log10_subsample": -0.8276665143808349, "max_depth": 6.0, "num_boost_round": 13.0}, "datetime": {"datetime": "2024-01-19 01:35:00", "elapsed": 4989.929806, "delta": 0.006003}}
{"target": -17.677050364659316, "params": {"gamma": 394.1204687977465, "log10_alpha": -1.3144826479356442, "log10_colsample_bytree": -0.4394910000661775, "log10_eta": -3.5433419708918605, "log10_lambda": -3.47514061757209, "log10_min_child_weight": 0.6156929837388703, "log10_subsample": -0.8276665143808349, "max_depth": 6.0, "num_boost_round": 14.0}, "datetime": {"datetime": "2024-01-19 01:35:00", "elapsed": 4989.935537, "delta": 0.005731}}
{"target": -17.677034843554416, "params": {"gamma": 394.1204687977465, "log10_alpha": -1.3144826479356442, "log10_colsample_bytree": -0.4394910000661775, "log10_eta": -3.5433419708918605, "log10_lambda": -3.47514061757209, "log10_min_child_weight": 0.6156929837388703, "log10_subsample": -0.8276665143808349, "max_depth": 6.0, "num_boost_round": 15.0}, "datetime": {"datetime": "2024-01-19 01:35:00", "elapsed": 4989.941314, "delta": 0.005777}}
{"target": -17.677029753494086, "params": {"gamma": 394.1204687977465, "log10_alpha": -1.3144826479356442, "log10_colsample_bytree": -0.4394910000661775, "log10_eta": -3.5433419708918605, "log10_lambda": -3.47514061757209, "log10_min_child_weight": 0.6156929837388703, "log10_subsample": -0.8276665143808349, "max_depth": 6.0, "num_boost_round": 16.0}, "datetime": {"datetime": "2024-01-19 01:35:00", "elapsed": 4989.947148, "delta": 0.005834}}
{"target": -17.677019206835116, "params": {"gamma": 394.1204687977465, "log10_alpha": -1.3144826479356442, "log10_colsample_bytree": -0.4394910000661775, "log10_eta": -3.5433419708918605, "log10_lambda": -3.47514061757209, "log10_min_child_weight": 0.6156929837388703, "log10_subsample": -0.8276665143808349, "max_depth": 6.0, "num_boost_round": 17.0}, "datetime": {"datetime": "2024-01-19 01:35:00", "elapsed": 4989.953659, "delta": 0.006511}}
{"target": -17.67702046138873, "params": {"gamma": 394.1204687977465, "log10_alpha": -1.3144826479356442, "log10_colsample_bytree": -0.4394910000661775, "log10_eta": -3.5433419708918605, "log10_lambda": -3.47514061757209, "log10_min_child_weight": 0.6156929837388703, "log10_subsample": -0.8276665143808349, "max_depth": 6.0, "num_boost_round": 18.0}, "datetime": {"datetime": "2024-01-19 01:35:00", "elapsed": 4989.959743, "delta": 0.006084}}
{"target": -17.677006627441216, "params": {"gamma": 394.1204687977465, "log10_alpha": -1.3144826479356442, "log10_colsample_bytree": -0.4394910000661775, "log10_eta": -3.5433419708918605, "log10_lambda": -3.47514061757209, "log10_min_child_weight": 0.6156929837388703, "log10_subsample": -0.8276665143808349, "max_depth": 6.0, "num_boost_round": 19.0}, "datetime": {"datetime": "2024-01-19 01:35:00", "elapsed": 4989.965747, "delta": 0.006004}}
{"target": -17.676984680764562, "params": {"gamma": 394.1204687977465, "log10_alpha": -1.3144826479356442, "log10_colsample_bytree": -0.4394910000661775, "log10_eta": -3.5433419708918605, "log10_lambda": -3.47514061757209, "log10_min_child_weight": 0.6156929837388703, "log10_subsample": -0.8276665143808349, "max_depth": 6.0, "num_boost_round": 20.0}, "datetime": {"datetime": "2024-01-19 01:35:00", "elapsed": 4989.971469, "delta": 0.005722}}
{"target": -17.67697177718181, "params": {"gamma": 394.1204687977465, "log10_alpha": -1.3144826479356442, "log10_colsample_bytree": -0.4394910000661775, "log10_eta": -3.5433419708918605, "log10_lambda": -3.47514061757209, "log10_min_child_weight": 0.6156929837388703, "log10_subsample": -0.8276665143808349, "max_depth": 6.0, "num_boost_round": 21.0}, "datetime": {"datetime": "2024-01-19 01:35:00", "elapsed": 4989.977232, "delta": 0.005763}}
{"target": -17.676950003076506, "params": {"gamma": 394.1204687977465, "log10_alpha": -1.3144826479356442, "log10_colsample_bytree": -0.4394910000661775, "log10_eta": -3.5433419708918605, "log10_lambda": -3.47514061757209, "log10_min_child_weight": 0.6156929837388703, "log10_subsample": -0.8276665143808349, "max_depth": 6.0, "num_boost_round": 22.0}, "datetime": {"datetime": "2024-01-19 01:35:00", "elapsed": 4989.983035, "delta": 0.005803}}
{"target": -17.67694395760472, "params": {"gamma": 394.1204687977465, "log10_alpha": -1.3144826479356442, "log10_colsample_bytree": -0.4394910000661775, "log10_eta": -3.5433419708918605, "log10_lambda": -3.47514061757209, "log10_min_child_weight": 0.6156929837388703, "log10_subsample": -0.8276665143808349, "max_depth": 6.0, "num_boost_round": 23.0}, "datetime": {"datetime": "2024-01-19 01:35:00", "elapsed": 4989.988897, "delta": 0.005862}}
{"target": -17.676925152467895, "params": {"gamma": 394.1204687977465, "log10_alpha": -1.3144826479356442, "log10_colsample_bytree": -0.4394910000661775, "log10_eta": -3.5433419708918605, "log10_lambda": -3.47514061757209, "log10_min_child_weight": 0.6156929837388703, "log10_subsample": -0.8276665143808349, "max_depth": 6.0, "num_boost_round": 24.0}, "datetime": {"datetime": "2024-01-19 01:35:00", "elapsed": 4989.995529, "delta": 0.006632}}
{"target": -17.676920525200593, "params": {"gamma": 394.1204687977465, "log10_alpha": -1.3144826479356442, "log10_colsample_bytree": -0.4394910000661775, "log10_eta": -3.5433419708918605, "log10_lambda": -3.47514061757209, "log10_min_child_weight": 0.6156929837388703, "log10_subsample": -0.8276665143808349, "max_depth": 6.0, "num_boost_round": 25.0}, "datetime": {"datetime": "2024-01-19 01:35:00", "elapsed": 4990.001638, "delta": 0.006109}}
{"target": -17.676907109894177, "params": {"gamma": 394.1204687977465, "log10_alpha": -1.3144826479356442, "log10_colsample_bytree": -0.4394910000661775, "log10_eta": -3.5433419708918605, "log10_lambda": -3.47514061757209, "log10_min_child_weight": 0.6156929837388703, "log10_subsample": -0.8276665143808349, "max_depth": 6.0, "num_boost_round": 26.0}, "datetime": {"datetime": "2024-01-19 01:35:00", "elapsed": 4990.007237, "delta": 0.005599}}
{"target": -17.676906551088518, "params": {"gamma": 394.1204687977465, "log10_alpha": -1.3144826479356442, "log10_colsample_bytree": -0.4394910000661775, "log10_eta": -3.5433419708918605, "log10_lambda": -3.47514061757209, "log10_min_child_weight": 0.6156929837388703, "log10_subsample": -0.8276665143808349, "max_depth": 6.0, "num_boost_round": 27.0}, "datetime": {"datetime": "2024-01-19 01:35:00", "elapsed": 4990.012925, "delta": 0.005688}}
{"target": -17.676879213835683, "params": {"gamma": 394.1204687977465, "log10_alpha": -1.3144826479356442, "log10_colsample_bytree": -0.4394910000661775, "log10_eta": -3.5433419708918605, "log10_lambda": -3.47514061757209, "log10_min_child_weight": 0.6156929837388703, "log10_subsample": -0.8276665143808349, "max_depth": 6.0, "num_boost_round": 28.0}, "datetime": {"datetime": "2024-01-19 01:35:00", "elapsed": 4990.018772, "delta": 0.005847}}
{"target": -17.676872320663158, "params": {"gamma": 394.1204687977465, "log10_alpha": -1.3144826479356442, "log10_colsample_bytree": -0.4394910000661775, "log10_eta": -3.5433419708918605, "log10_lambda": -3.47514061757209, "log10_min_child_weight": 0.6156929837388703, "log10_subsample": -0.8276665143808349, "max_depth": 6.0, "num_boost_round": 29.0}, "datetime": {"datetime": "2024-01-19 01:35:00", "elapsed": 4990.024624, "delta": 0.005852}}
{"target": -17.6768771679472, "params": {"gamma": 394.1204687977465, "log10_alpha": -1.3144826479356442, "log10_colsample_bytree": -0.4394910000661775, "log10_eta": -3.5433419708918605, "log10_lambda": -3.47514061757209, "log10_min_child_weight": 0.6156929837388703, "log10_subsample": -0.8276665143808349, "max_depth": 6.0, "num_boost_round": 30.0}, "datetime": {"datetime": "2024-01-19 01:35:00", "elapsed": 4990.030547, "delta": 0.005923}}
{"target": -17.676858269465917, "params": {"gamma": 394.1204687977465, "log10_alpha": -1.3144826479356442, "log10_colsample_bytree": -0.4394910000661775, "log10_eta": -3.5433419708918605, "log10_lambda": -3.47514061757209, "log10_min_child_weight": 0.6156929837388703, "log10_subsample": -0.8276665143808349, "max_depth": 6.0, "num_boost_round": 31.0}, "datetime": {"datetime": "2024-01-19 01:35:00", "elapsed": 4990.036601, "delta": 0.006054}}
{"target": -17.67683315520185, "params": {"gamma": 394.1204687977465, "log10_alpha": -1.3144826479356442, "log10_colsample_bytree": -0.4394910000661775, "log10_eta": -3.5433419708918605, "log10_lambda": -3.47514061757209, "log10_min_child_weight": 0.6156929837388703, "log10_subsample": -0.8276665143808349, "max_depth": 6.0, "num_boost_round": 32.0}, "datetime": {"datetime": "2024-01-19 01:35:00", "elapsed": 4990.042927, "delta": 0.006326}}
{"target": -17.676970371286988, "params": {"gamma": 393.476798151339, "log10_alpha": -0.6099933654832883, "log10_colsample_bytree": -0.9976073409496787, "log10_eta": -2.1526825425612888, "log10_lambda": -3.0342043200487168, "log10_min_child_weight": 2.397894204763266, "log10_subsample": -0.9381054354173834, "max_depth": 8.0, "num_boost_round": 0.0}, "datetime": {"datetime": "2024-01-19 01:36:07", "elapsed": 5057.665505, "delta": 67.622578}}
{"target": -17.67693285205786, "params": {"gamma": 393.476798151339, "log10_alpha": -0.6099933654832883, "log10_colsample_bytree": -0.9976073409496787, "log10_eta": -2.1526825425612888, "log10_lambda": -3.0342043200487168, "log10_min_child_weight": 2.397894204763266, "log10_subsample": -0.9381054354173834, "max_depth": 8.0, "num_boost_round": 1.0}, "datetime": {"datetime": "2024-01-19 01:36:07", "elapsed": 5057.671401, "delta": 0.005896}}
{"target": -17.6768399299056, "params": {"gamma": 393.476798151339, "log10_alpha": -0.6099933654832883, "log10_colsample_bytree": -0.9976073409496787, "log10_eta": -2.1526825425612888, "log10_lambda": -3.0342043200487168, "log10_min_child_weight": 2.397894204763266, "log10_subsample": -0.9381054354173834, "max_depth": 8.0, "num_boost_round": 2.0}, "datetime": {"datetime": "2024-01-19 01:36:07", "elapsed": 5057.676935, "delta": 0.005534}}
{"target": -17.67665707475408, "params": {"gamma": 393.476798151339, "log10_alpha": -0.6099933654832883, "log10_colsample_bytree": -0.9976073409496787, "log10_eta": -2.1526825425612888, "log10_lambda": -3.0342043200487168, "log10_min_child_weight": 2.397894204763266, "log10_subsample": -0.9381054354173834, "max_depth": 8.0, "num_boost_round": 3.0}, "datetime": {"datetime": "2024-01-19 01:36:07", "elapsed": 5057.68226, "delta": 0.005325}}
{"target": -17.67647916317885, "params": {"gamma": 393.476798151339, "log10_alpha": -0.6099933654832883, "log10_colsample_bytree": -0.9976073409496787, "log10_eta": -2.1526825425612888, "log10_lambda": -3.0342043200487168, "log10_min_child_weight": 2.397894204763266, "log10_subsample": -0.9381054354173834, "max_depth": 8.0, "num_boost_round": 4.0}, "datetime": {"datetime": "2024-01-19 01:36:07", "elapsed": 5057.687422, "delta": 0.005162}}
{"target": -17.676432915172114, "params": {"gamma": 393.476798151339, "log10_alpha": -0.6099933654832883, "log10_colsample_bytree": -0.9976073409496787, "log10_eta": -2.1526825425612888, "log10_lambda": -3.0342043200487168, "log10_min_child_weight": 2.397894204763266, "log10_subsample": -0.9381054354173834, "max_depth": 8.0, "num_boost_round": 5.0}, "datetime": {"datetime": "2024-01-19 01:36:07", "elapsed": 5057.69269, "delta": 0.005268}}
{"target": -17.676543792497, "params": {"gamma": 393.476798151339, "log10_alpha": -0.6099933654832883, "log10_colsample_bytree": -0.9976073409496787, "log10_eta": -2.1526825425612888, "log10_lambda": -3.0342043200487168, "log10_min_child_weight": 2.397894204763266, "log10_subsample": -0.9381054354173834, "max_depth": 8.0, "num_boost_round": 6.0}, "datetime": {"datetime": "2024-01-19 01:36:07", "elapsed": 5057.697803, "delta": 0.005113}}
{"target": -17.67624931926327, "params": {"gamma": 393.476798151339, "log10_alpha": -0.6099933654832883, "log10_colsample_bytree": -0.9976073409496787, "log10_eta": -2.1526825425612888, "log10_lambda": -3.0342043200487168, "log10_min_child_weight": 2.397894204763266, "log10_subsample": -0.9381054354173834, "max_depth": 8.0, "num_boost_round": 7.0}, "datetime": {"datetime": "2024-01-19 01:36:07", "elapsed": 5057.703162, "delta": 0.005359}}
{"target": -17.675873876207476, "params": {"gamma": 393.476798151339, "log10_alpha": -0.6099933654832883, "log10_colsample_bytree": -0.9976073409496787, "log10_eta": -2.1526825425612888, "log10_lambda": -3.0342043200487168, "log10_min_child_weight": 2.397894204763266, "log10_subsample": -0.9381054354173834, "max_depth": 8.0, "num_boost_round": 8.0}, "datetime": {"datetime": "2024-01-19 01:36:07", "elapsed": 5057.708523, "delta": 0.005361}}
{"target": -17.675692078923895, "params": {"gamma": 393.476798151339, "log10_alpha": -0.6099933654832883, "log10_colsample_bytree": -0.9976073409496787, "log10_eta": -2.1526825425612888, "log10_lambda": -3.0342043200487168, "log10_min_child_weight": 2.397894204763266, "log10_subsample": -0.9381054354173834, "max_depth": 8.0, "num_boost_round": 9.0}, "datetime": {"datetime": "2024-01-19 01:36:07", "elapsed": 5057.713674, "delta": 0.005151}}
{"target": -17.675218759267985, "params": {"gamma": 393.476798151339, "log10_alpha": -0.6099933654832883, "log10_colsample_bytree": -0.9976073409496787, "log10_eta": -2.1526825425612888, "log10_lambda": -3.0342043200487168, "log10_min_child_weight": 2.397894204763266, "log10_subsample": -0.9381054354173834, "max_depth": 8.0, "num_boost_round": 10.0}, "datetime": {"datetime": "2024-01-19 01:36:07", "elapsed": 5057.718848, "delta": 0.005174}}
{"target": -17.6753260034218, "params": {"gamma": 393.476798151339, "log10_alpha": -0.6099933654832883, "log10_colsample_bytree": -0.9976073409496787, "log10_eta": -2.1526825425612888, "log10_lambda": -3.0342043200487168, "log10_min_child_weight": 2.397894204763266, "log10_subsample": -0.9381054354173834, "max_depth": 8.0, "num_boost_round": 11.0}, "datetime": {"datetime": "2024-01-19 01:36:07", "elapsed": 5057.724067, "delta": 0.005219}}
{"target": -17.674841366664094, "params": {"gamma": 393.476798151339, "log10_alpha": -0.6099933654832883, "log10_colsample_bytree": -0.9976073409496787, "log10_eta": -2.1526825425612888, "log10_lambda": -3.0342043200487168, "log10_min_child_weight": 2.397894204763266, "log10_subsample": -0.9381054354173834, "max_depth": 8.0, "num_boost_round": 12.0}, "datetime": {"datetime": "2024-01-19 01:36:07", "elapsed": 5057.729222, "delta": 0.005155}}
{"target": -17.674621452592103, "params": {"gamma": 393.476798151339, "log10_alpha": -0.6099933654832883, "log10_colsample_bytree": -0.9976073409496787, "log10_eta": -2.1526825425612888, "log10_lambda": -3.0342043200487168, "log10_min_child_weight": 2.397894204763266, "log10_subsample": -0.9381054354173834, "max_depth": 8.0, "num_boost_round": 13.0}, "datetime": {"datetime": "2024-01-19 01:36:07", "elapsed": 5057.7345, "delta": 0.005278}}
{"target": -17.67451456853276, "params": {"gamma": 393.476798151339, "log10_alpha": -0.6099933654832883, "log10_colsample_bytree": -0.9976073409496787, "log10_eta": -2.1526825425612888, "log10_lambda": -3.0342043200487168, "log10_min_child_weight": 2.397894204763266, "log10_subsample": -0.9381054354173834, "max_depth": 8.0, "num_boost_round": 14.0}, "datetime": {"datetime": "2024-01-19 01:36:07", "elapsed": 5057.739708, "delta": 0.005208}}
{"target": -17.67414101151138, "params": {"gamma": 393.476798151339, "log10_alpha": -0.6099933654832883, "log10_colsample_bytree": -0.9976073409496787, "log10_eta": -2.1526825425612888, "log10_lambda": -3.0342043200487168, "log10_min_child_weight": 2.397894204763266, "log10_subsample": -0.9381054354173834, "max_depth": 8.0, "num_boost_round": 15.0}, "datetime": {"datetime": "2024-01-19 01:36:07", "elapsed": 5057.745057, "delta": 0.005349}}
{"target": -17.67380755806415, "params": {"gamma": 393.476798151339, "log10_alpha": -0.6099933654832883, "log10_colsample_bytree": -0.9976073409496787, "log10_eta": -2.1526825425612888, "log10_lambda": -3.0342043200487168, "log10_min_child_weight": 2.397894204763266, "log10_subsample": -0.9381054354173834, "max_depth": 8.0, "num_boost_round": 16.0}, "datetime": {"datetime": "2024-01-19 01:36:07", "elapsed": 5057.750399, "delta": 0.005342}}
{"target": -17.673984642782777, "params": {"gamma": 393.476798151339, "log10_alpha": -0.6099933654832883, "log10_colsample_bytree": -0.9976073409496787, "log10_eta": -2.1526825425612888, "log10_lambda": -3.0342043200487168, "log10_min_child_weight": 2.397894204763266, "log10_subsample": -0.9381054354173834, "max_depth": 8.0, "num_boost_round": 17.0}, "datetime": {"datetime": "2024-01-19 01:36:07", "elapsed": 5057.755753, "delta": 0.005354}}
{"target": -17.673748372020498, "params": {"gamma": 393.476798151339, "log10_alpha": -0.6099933654832883, "log10_colsample_bytree": -0.9976073409496787, "log10_eta": -2.1526825425612888, "log10_lambda": -3.0342043200487168, "log10_min_child_weight": 2.397894204763266, "log10_subsample": -0.9381054354173834, "max_depth": 8.0, "num_boost_round": 18.0}, "datetime": {"datetime": "2024-01-19 01:36:07", "elapsed": 5057.761121, "delta": 0.005368}}
{"target": -17.67358348590353, "params": {"gamma": 393.476798151339, "log10_alpha": -0.6099933654832883, "log10_colsample_bytree": -0.9976073409496787, "log10_eta": -2.1526825425612888, "log10_lambda": -3.0342043200487168, "log10_min_child_weight": 2.397894204763266, "log10_subsample": -0.9381054354173834, "max_depth": 8.0, "num_boost_round": 19.0}, "datetime": {"datetime": "2024-01-19 01:36:07", "elapsed": 5057.766397, "delta": 0.005276}}
{"target": -17.673605430250916, "params": {"gamma": 393.476798151339, "log10_alpha": -0.6099933654832883, "log10_colsample_bytree": -0.9976073409496787, "log10_eta": -2.1526825425612888, "log10_lambda": -3.0342043200487168, "log10_min_child_weight": 2.397894204763266, "log10_subsample": -0.9381054354173834, "max_depth": 8.0, "num_boost_round": 20.0}, "datetime": {"datetime": "2024-01-19 01:36:07", "elapsed": 5057.771642, "delta": 0.005245}}
{"target": -17.673696970375982, "params": {"gamma": 393.476798151339, "log10_alpha": -0.6099933654832883, "log10_colsample_bytree": -0.9976073409496787, "log10_eta": -2.1526825425612888, "log10_lambda": -3.0342043200487168, "log10_min_child_weight": 2.397894204763266, "log10_subsample": -0.9381054354173834, "max_depth": 8.0, "num_boost_round": 21.0}, "datetime": {"datetime": "2024-01-19 01:36:07", "elapsed": 5057.776867, "delta": 0.005225}}
{"target": -17.673328387831067, "params": {"gamma": 393.476798151339, "log10_alpha": -0.6099933654832883, "log10_colsample_bytree": -0.9976073409496787, "log10_eta": -2.1526825425612888, "log10_lambda": -3.0342043200487168, "log10_min_child_weight": 2.397894204763266, "log10_subsample": -0.9381054354173834, "max_depth": 8.0, "num_boost_round": 22.0}, "datetime": {"datetime": "2024-01-19 01:36:07", "elapsed": 5057.782113, "delta": 0.005246}}
{"target": -17.67297933735233, "params": {"gamma": 393.476798151339, "log10_alpha": -0.6099933654832883, "log10_colsample_bytree": -0.9976073409496787, "log10_eta": -2.1526825425612888, "log10_lambda": -3.0342043200487168, "log10_min_child_weight": 2.397894204763266, "log10_subsample": -0.9381054354173834, "max_depth": 8.0, "num_boost_round": 23.0}, "datetime": {"datetime": "2024-01-19 01:36:07", "elapsed": 5057.787198, "delta": 0.005085}}
{"target": -17.672881450981052, "params": {"gamma": 393.476798151339, "log10_alpha": -0.6099933654832883, "log10_colsample_bytree": -0.9976073409496787, "log10_eta": -2.1526825425612888, "log10_lambda": -3.0342043200487168, "log10_min_child_weight": 2.397894204763266, "log10_subsample": -0.9381054354173834, "max_depth": 8.0, "num_boost_round": 24.0}, "datetime": {"datetime": "2024-01-19 01:36:07", "elapsed": 5057.792516, "delta": 0.005318}}
{"target": -17.672804014752735, "params": {"gamma": 393.476798151339, "log10_alpha": -0.6099933654832883, "log10_colsample_bytree": -0.9976073409496787, "log10_eta": -2.1526825425612888, "log10_lambda": -3.0342043200487168, "log10_min_child_weight": 2.397894204763266, "log10_subsample": -0.9381054354173834, "max_depth": 8.0, "num_boost_round": 25.0}, "datetime": {"datetime": "2024-01-19 01:36:07", "elapsed": 5057.797725, "delta": 0.005209}}
{"target": -17.67280586897698, "params": {"gamma": 393.476798151339, "log10_alpha": -0.6099933654832883, "log10_colsample_bytree": -0.9976073409496787, "log10_eta": -2.1526825425612888, "log10_lambda": -3.0342043200487168, "log10_min_child_weight": 2.397894204763266, "log10_subsample": -0.9381054354173834, "max_depth": 8.0, "num_boost_round": 26.0}, "datetime": {"datetime": "2024-01-19 01:36:08", "elapsed": 5057.929367, "delta": 0.131642}}
{"target": -17.67273163362556, "params": {"gamma": 393.476798151339, "log10_alpha": -0.6099933654832883, "log10_colsample_bytree": -0.9976073409496787, "log10_eta": -2.1526825425612888, "log10_lambda": -3.0342043200487168, "log10_min_child_weight": 2.397894204763266, "log10_subsample": -0.9381054354173834, "max_depth": 8.0, "num_boost_round": 27.0}, "datetime": {"datetime": "2024-01-19 01:36:08", "elapsed": 5057.935792, "delta": 0.006425}}
{"target": -17.672305596332638, "params": {"gamma": 393.476798151339, "log10_alpha": -0.6099933654832883, "log10_colsample_bytree": -0.9976073409496787, "log10_eta": -2.1526825425612888, "log10_lambda": -3.0342043200487168, "log10_min_child_weight": 2.397894204763266, "log10_subsample": -0.9381054354173834, "max_depth": 8.0, "num_boost_round": 28.0}, "datetime": {"datetime": "2024-01-19 01:36:08", "elapsed": 5057.941913, "delta": 0.006121}}
