{"target": -17.67670639599868, "params": {"gamma": 745.3953315316517, "log10_alpha": -2.3612443023730076, "log10_colsample_bytree": -0.2713105130465815, "log10_eta": -2.726750864993745, "log10_lambda": -2.867703288342536, "log10_min_child_weight": 3.1233539931367726, "log10_subsample": -0.3918354170435505, "max_depth": 3.0, "num_boost_round": 12.0}, "datetime": {"datetime": "2024-01-19 00:58:18", "elapsed": 2805.492171, "delta": 0.003603}}
{"target": -17.676673350763807, "params": {"gamma": 745.3953315316517, "log10_alpha": -2.3612443023730076, "log10_colsample_bytree": -0.2713105130465815, "log10_eta": -2.726750864993745, "log10_lambda": -2.867703288342536, "log10_min_child_weight": 3.1233539931367726, "log10_subsample": -0.3918354170435505, "max_depth": 3.0, "num_boost_round": 13.0}, "datetime": {"datetime": "2024-01-19 00:58:18", "elapsed": 2805.495838, "delta": 0.003667}}
{"target": -17.67662951514037, "params": {"gamma": 745.3953315316517, "log10_alpha": -2.3612443023730076, "log10_colsample_bytree": -0.2713105130465815, "log10_eta": -2.726750864993745, "log10_lambda": -2.867703288342536, "log10_min_child_weight": 3.1233539931367726, "log10_subsample": -0.3918354170435505, "max_depth": 3.0, "num_boost_round": 14.0}, "datetime": {"datetime": "2024-01-19 00:58:18", "elapsed": 2805.499363, "delta": 0.003525}}
{"target": -17.67657981212881, "params": {"gamma": 745.3953315316517, "log10_alpha": -2.3612443023730076, "log10_colsample_bytree": -0.2713105130465815, "log10_eta": -2.726750864993745, "log10_lambda": -2.867703288342536, "log10_min_child_weight": 3.1233539931367726, "log10_subsample": -0.3918354170435505, "max_depth": 3.0, "num_boost_round": 15.0}, "datetime": {"datetime": "2024-01-19 00:58:18", "elapsed": 2805.502844, "delta": 0.003481}}
{"target": -17.67651527819761, "params": {"gamma": 745.3953315316517, "log10_alpha": -2.3612443023730076, "log10_colsample_bytree": -0.2713105130465815, "log10_eta": -2.726750864993745, "log10_lambda": -2.867703288342536, "log10_min_child_weight": 3.1233539931367726, "log10_subsample": -0.3918354170435505, "max_depth": 3.0, "num_boost_round": 16.0}, "datetime": {"datetime": "2024-01-19 00:58:18", "elapsed": 2805.50634, "delta": 0.003496}}
{"target": -17.67650138010389, "params": {"gamma": 745.3953315316517, "log10_alpha": -2.3612443023730076, "log10_colsample_bytree": -0.2713105130465815, "log10_eta": -2.726750864993745, "log10_lambda": -2.867703288342536, "log10_min_child_weight": 3.1233539931367726, "log10_subsample": -0.3918354170435505, "max_depth": 3.0, "num_boost_round": 17.0}, "datetime": {"datetime": "2024-01-19 00:58:18", "elapsed": 2805.509852, "delta": 0.003512}}
{"target": -17.676481373553948, "params": {"gamma": 745.3953315316517, "log10_alpha": -2.3612443023730076, "log10_colsample_bytree": -0.2713105130465815, "log10_eta": -2.726750864993745, "log10_lambda": -2.867703288342536, "log10_min_child_weight": 3.1233539931367726, "log10_subsample": -0.3918354170435505, "max_depth": 3.0, "num_boost_round": 18.0}, "datetime": {"datetime": "2024-01-19 00:58:18", "elapsed": 2805.513484, "delta": 0.003632}}
{"target": -17.676441939197794, "params": {"gamma": 745.3953315316517, "log10_alpha": -2.3612443023730076, "log10_colsample_bytree": -0.2713105130465815, "log10_eta": -2.726750864993745, "log10_lambda": -2.867703288342536, "log10_min_child_weight": 3.1233539931367726, "log10_subsample": -0.3918354170435505, "max_depth": 3.0, "num_boost_round": 19.0}, "datetime": {"datetime": "2024-01-19 00:58:18", "elapsed": 2805.517035, "delta": 0.003551}}
{"target": -17.676404972684683, "params": {"gamma": 745.3953315316517, "log10_alpha": -2.3612443023730076, "log10_colsample_bytree": -0.2713105130465815, "log10_eta": -2.726750864993745, "log10_lambda": -2.867703288342536, "log10_min_child_weight": 3.1233539931367726, "log10_subsample": -0.3918354170435505, "max_depth": 3.0, "num_boost_round": 20.0}, "datetime": {"datetime": "2024-01-19 00:58:18", "elapsed": 2805.52058, "delta": 0.003545}}
{"target": -17.67634686516279, "params": {"gamma": 745.3953315316517, "log10_alpha": -2.3612443023730076, "log10_colsample_bytree": -0.2713105130465815, "log10_eta": -2.726750864993745, "log10_lambda": -2.867703288342536, "log10_min_child_weight": 3.1233539931367726, "log10_subsample": -0.3918354170435505, "max_depth": 3.0, "num_boost_round": 21.0}, "datetime": {"datetime": "2024-01-19 00:58:18", "elapsed": 2805.524167, "delta": 0.003587}}
{"target": -17.676297170763313, "params": {"gamma": 745.3953315316517, "log10_alpha": -2.3612443023730076, "log10_colsample_bytree": -0.2713105130465815, "log10_eta": -2.726750864993745, "log10_lambda": -2.867703288342536, "log10_min_child_weight": 3.1233539931367726, "log10_subsample": -0.3918354170435505, "max_depth": 3.0, "num_boost_round": 22.0}, "datetime": {"datetime": "2024-01-19 00:58:18", "elapsed": 2805.527829, "delta": 0.003662}}
{"target": -17.67625082419822, "params": {"gamma": 745.3953315316517, "log10_alpha": -2.3612443023730076, "log10_colsample_bytree": -0.2713105130465815, "log10_eta": -2.726750864993745, "log10_lambda": -2.867703288342536, "log10_min_child_weight": 3.1233539931367726, "log10_subsample": -0.3918354170435505, "max_depth": 3.0, "num_boost_round": 23.0}, "datetime": {"datetime": "2024-01-19 00:58:18", "elapsed": 2805.531645, "delta": 0.003816}}
{"target": -17.676225659422588, "params": {"gamma": 745.3953315316517, "log10_alpha": -2.3612443023730076, "log10_colsample_bytree": -0.2713105130465815, "log10_eta": -2.726750864993745, "log10_lambda": -2.867703288342536, "log10_min_child_weight": 3.1233539931367726, "log10_subsample": -0.3918354170435505, "max_depth": 3.0, "num_boost_round": 24.0}, "datetime": {"datetime": "2024-01-19 00:58:18", "elapsed": 2805.535243, "delta": 0.003598}}
{"target": -17.676145868868115, "params": {"gamma": 745.3953315316517, "log10_alpha": -2.3612443023730076, "log10_colsample_bytree": -0.2713105130465815, "log10_eta": -2.726750864993745, "log10_lambda": -2.867703288342536, "log10_min_child_weight": 3.1233539931367726, "log10_subsample": -0.3918354170435505, "max_depth": 3.0, "num_boost_round": 25.0}, "datetime": {"datetime": "2024-01-19 00:58:18", "elapsed": 2805.538835, "delta": 0.003592}}
{"target": -17.67611608799045, "params": {"gamma": 745.3953315316517, "log10_alpha": -2.3612443023730076, "log10_colsample_bytree": -0.2713105130465815, "log10_eta": -2.726750864993745, "log10_lambda": -2.867703288342536, "log10_min_child_weight": 3.1233539931367726, "log10_subsample": -0.3918354170435505, "max_depth": 3.0, "num_boost_round": 26.0}, "datetime": {"datetime": "2024-01-19 00:58:18", "elapsed": 2805.542368, "delta": 0.003533}}
{"target": -17.67610113054729, "params": {"gamma": 745.3953315316517, "log10_alpha": -2.3612443023730076, "log10_colsample_bytree": -0.2713105130465815, "log10_eta": -2.726750864993745, "log10_lambda": -2.867703288342536, "log10_min_child_weight": 3.1233539931367726, "log10_subsample": -0.3918354170435505, "max_depth": 3.0, "num_boost_round": 27.0}, "datetime": {"datetime": "2024-01-19 00:58:18", "elapsed": 2805.545997, "delta": 0.003629}}
{"target": -17.676079967745732, "params": {"gamma": 745.3953315316517, "log10_alpha": -2.3612443023730076, "log10_colsample_bytree": -0.2713105130465815, "log10_eta": -2.726750864993745, "log10_lambda": -2.867703288342536, "log10_min_child_weight": 3.1233539931367726, "log10_subsample": -0.3918354170435505, "max_depth": 3.0, "num_boost_round": 28.0}, "datetime": {"datetime": "2024-01-19 00:58:18", "elapsed": 2805.549563, "delta": 0.003566}}
{"target": -17.676010626494822, "params": {"gamma": 745.3953315316517, "log10_alpha": -2.3612443023730076, "log10_colsample_bytree": -0.2713105130465815, "log10_eta": -2.726750864993745, "log10_lambda": -2.867703288342536, "log10_min_child_weight": 3.1233539931367726, "log10_subsample": -0.3918354170435505, "max_depth": 3.0, "num_boost_round": 29.0}, "datetime": {"datetime": "2024-01-19 00:58:18", "elapsed": 2805.553166, "delta": 0.003603}}
{"target": -17.675922842311582, "params": {"gamma": 745.3953315316517, "log10_alpha": -2.3612443023730076, "log10_colsample_bytree": -0.2713105130465815, "log10_eta": -2.726750864993745, "log10_lambda": -2.867703288342536, "log10_min_child_weight": 3.1233539931367726, "log10_subsample": -0.3918354170435505, "max_depth": 3.0, "num_boost_round": 30.0}, "datetime": {"datetime": "2024-01-19 00:58:18", "elapsed": 2805.556776, "delta": 0.00361}}
{"target": -17.67588274464782, "params": {"gamma": 745.3953315316517, "log10_alpha": -2.3612443023730076, "log10_colsample_bytree": -0.2713105130465815, "log10_eta": -2.726750864993745, "log10_lambda": -2.867703288342536, "log10_min_child_weight": 3.1233539931367726, "log10_subsample": -0.3918354170435505, "max_depth": 3.0, "num_boost_round": 31.0}, "datetime": {"datetime": "2024-01-19 00:58:18", "elapsed": 2805.560353, "delta": 0.003577}}
{"target": -17.67585178609091, "params": {"gamma": 745.3953315316517, "log10_alpha": -2.3612443023730076, "log10_colsample_bytree": -0.2713105130465815, "log10_eta": -2.726750864993745, "log10_lambda": -2.867703288342536, "log10_min_child_weight": 3.1233539931367726, "log10_subsample": -0.3918354170435505, "max_depth": 3.0, "num_boost_round": 32.0}, "datetime": {"datetime": "2024-01-19 00:58:18", "elapsed": 2805.563923, "delta": 0.00357}}
{"target": -17.675829816219462, "params": {"gamma": 745.3953315316517, "log10_alpha": -2.3612443023730076, "log10_colsample_bytree": -0.2713105130465815, "log10_eta": -2.726750864993745, "log10_lambda": -2.867703288342536, "log10_min_child_weight": 3.1233539931367726, "log10_subsample": -0.3918354170435505, "max_depth": 3.0, "num_boost_round": 33.0}, "datetime": {"datetime": "2024-01-19 00:58:18", "elapsed": 2805.567493, "delta": 0.00357}}
{"target": -17.675812904614574, "params": {"gamma": 745.3953315316517, "log10_alpha": -2.3612443023730076, "log10_colsample_bytree": -0.2713105130465815, "log10_eta": -2.726750864993745, "log10_lambda": -2.867703288342536, "log10_min_child_weight": 3.1233539931367726, "log10_subsample": -0.3918354170435505, "max_depth": 3.0, "num_boost_round": 34.0}, "datetime": {"datetime": "2024-01-19 00:58:18", "elapsed": 2805.571058, "delta": 0.003565}}
{"target": -17.67723204519855, "params": {"gamma": 740.2253082395977, "log10_alpha": -5.0, "log10_colsample_bytree": -0.5584087537964397, "log10_eta": -4.0, "log10_lambda": -4.696010295923216, "log10_min_child_weight": 5.0, "log10_subsample": 0.0, "max_depth": 6.0, "num_boost_round": 0.0}, "datetime": {"datetime": "2024-01-19 00:59:20", "elapsed": 2867.760119, "delta": 62.189061}}
{"target": -17.677231160743514, "params": {"gamma": 740.2253082395977, "log10_alpha": -5.0, "log10_colsample_bytree": -0.5584087537964397, "log10_eta": -4.0, "log10_lambda": -4.696010295923216, "log10_min_child_weight": 5.0, "log10_subsample": 0.0, "max_depth": 6.0, "num_boost_round": 1.0}, "datetime": {"datetime": "2024-01-19 00:59:20", "elapsed": 2867.764614, "delta": 0.004495}}
{"target": -17.67723055777287, "params": {"gamma": 740.2253082395977, "log10_alpha": -5.0, "log10_colsample_bytree": -0.5584087537964397, "log10_eta": -4.0, "log10_lambda": -4.696010295923216, "log10_min_child_weight": 5.0, "log10_subsample": 0.0, "max_depth": 6.0, "num_boost_round": 2.0}, "datetime": {"datetime": "2024-01-19 00:59:20", "elapsed": 2867.768793, "delta": 0.004179}}
{"target": -17.67722924169176, "params": {"gamma": 740.2253082395977, "log10_alpha": -5.0, "log10_colsample_bytree": -0.5584087537964397, "log10_eta": -4.0, "log10_lambda": -4.696010295923216, "log10_min_child_weight": 5.0, "log10_subsample": 0.0, "max_depth": 6.0, "num_boost_round": 3.0}, "datetime": {"datetime": "2024-01-19 00:59:20", "elapsed": 2867.772509, "delta": 0.003716}}
{"target": -17.67722871693819, "params": {"gamma": 740.2253082395977, "log10_alpha": -5.0, "log10_colsample_bytree": -0.5584087537964397, "log10_eta": -4.0, "log10_lambda": -4.696010295923216, "log10_min_child_weight": 5.0, "log10_subsample": 0.0, "max_depth": 6.0, "num_boost_round": 4.0}, "datetime": {"datetime": "2024-01-19 00:59:20", "elapsed": 2867.776153, "delta": 0.003644}}
{"target": -17.677228418759977, "params": {"gamma": 740.2253082395977, "log10_alpha": -5.0, "log10_colsample_bytree": -0.5584087537964397, "log10_eta": -4.0, "log10_lambda": -4.696010295923216, "log10_min_child_weight": 5.0, "log10_subsample": 0.0, "max_depth": 6.0, "num_boost_round": 5.0}, "datetime": {"datetime": "2024-01-19 00:59:20", "elapsed": 2867.780068, "delta": 0.003915}}
{"target": -17.6772284799462, "params": {"gamma": 740.2253082395977, "log10_alpha": -5.0, "log10_colsample_bytree": -0.5584087537964397, "log10_eta": -4.0, "log10_lambda": -4.696010295923216, "log10_min_child_weight": 5.0, "log10_subsample": 0.0, "max_depth": 6.0, "num_boost_round": 6.0}, "datetime": {"datetime": "2024-01-19 00:59:20", "elapsed": 2867.783796, "delta": 0.003728}}
{"target": -17.677228389335436, "params": {"gamma": 740.2253082395977, "log10_alpha": -5.0, "log10_colsample_bytree": -0.5584087537964397, "log10_eta": -4.0, "log10_lambda": -4.696010295923216, "log10_min_child_weight": 5.0, "log10_subsample": 0.0, "max_depth": 6.0, "num_boost_round": 7.0}, "datetime": {"datetime": "2024-01-19 00:59:20", "elapsed": 2867.78741, "delta": 0.003614}}
{"target": -17.677227467762012, "params": {"gamma": 740.2253082395977, "log10_alpha": -5.0, "log10_colsample_bytree": -0.5584087537964397, "log10_eta": -4.0, "log10_lambda": -4.696010295923216, "log10_min_child_weight": 5.0, "log10_subsample": 0.0, "max_depth": 6.0, "num_boost_round": 8.0}, "datetime": {"datetime": "2024-01-19 00:59:20", "elapsed": 2867.791183, "delta": 0.003773}}
{"target": -17.67722665717654, "params": {"gamma": 740.2253082395977, "log10_alpha": -5.0, "log10_colsample_bytree": -0.5584087537964397, "log10_eta": -4.0, "log10_lambda": -4.696010295923216, "log10_min_child_weight": 5.0, "log10_subsample": 0.0, "max_depth": 6.0, "num_boost_round": 9.0}, "datetime": {"datetime": "2024-01-19 00:59:20", "elapsed": 2867.794798, "delta": 0.003615}}
{"target": -17.67722544655864, "params": {"gamma": 740.2253082395977, "log10_alpha": -5.0, "log10_colsample_bytree": -0.5584087537964397, "log10_eta": -4.0, "log10_lambda": -4.696010295923216, "log10_min_child_weight": 5.0, "log10_subsample": 0.0, "max_depth": 6.0, "num_boost_round": 10.0}, "datetime": {"datetime": "2024-01-19 00:59:20", "elapsed": 2867.798501, "delta": 0.003703}}
{"target": -17.677223814716474, "params": {"gamma": 740.2253082395977, "log10_alpha": -5.0, "log10_colsample_bytree": -0.5584087537964397, "log10_eta": -4.0, "log10_lambda": -4.696010295923216, "log10_min_child_weight": 5.0, "log10_subsample": 0.0, "max_depth": 6.0, "num_boost_round": 11.0}, "datetime": {"datetime": "2024-01-19 00:59:20", "elapsed": 2867.802205, "delta": 0.003704}}
{"target": -17.677222408035767, "params": {"gamma": 740.2253082395977, "log10_alpha": -5.0, "log10_colsample_bytree": -0.5584087537964397, "log10_eta": -4.0, "log10_lambda": -4.696010295923216, "log10_min_child_weight": 5.0, "log10_subsample": 0.0, "max_depth": 6.0, "num_boost_round": 12.0}, "datetime": {"datetime": "2024-01-19 00:59:20", "elapsed": 2867.805836, "delta": 0.003631}}
{"target": -17.67722252924422, "params": {"gamma": 740.2253082395977, "log10_alpha": -5.0, "log10_colsample_bytree": -0.5584087537964397, "log10_eta": -4.0, "log10_lambda": -4.696010295923216, "log10_min_child_weight": 5.0, "log10_subsample": 0.0, "max_depth": 6.0, "num_boost_round": 13.0}, "datetime": {"datetime": "2024-01-19 00:59:20", "elapsed": 2867.809599, "delta": 0.003763}}
{"target": -17.677222048918512, "params": {"gamma": 740.2253082395977, "log10_alpha": -5.0, "log10_colsample_bytree": -0.5584087537964397, "log10_eta": -4.0, "log10_lambda": -4.696010295923216, "log10_min_child_weight": 5.0, "log10_subsample": 0.0, "max_depth": 6.0, "num_boost_round": 14.0}, "datetime": {"datetime": "2024-01-19 00:59:20", "elapsed": 2867.813223, "delta": 0.003624}}
{"target": -17.677220514957217, "params": {"gamma": 740.2253082395977, "log10_alpha": -5.0, "log10_colsample_bytree": -0.5584087537964397, "log10_eta": -4.0, "log10_lambda": -4.696010295923216, "log10_min_child_weight": 5.0, "log10_subsample": 0.0, "max_depth": 6.0, "num_boost_round": 15.0}, "datetime": {"datetime": "2024-01-19 00:59:20", "elapsed": 2867.816907, "delta": 0.003684}}
{"target": -17.67721885943522, "params": {"gamma": 740.2253082395977, "log10_alpha": -5.0, "log10_colsample_bytree": -0.5584087537964397, "log10_eta": -4.0, "log10_lambda": -4.696010295923216, "log10_min_child_weight": 5.0, "log10_subsample": 0.0, "max_depth": 6.0, "num_boost_round": 16.0}, "datetime": {"datetime": "2024-01-19 00:59:20", "elapsed": 2867.820557, "delta": 0.00365}}
{"target": -17.67721808984815, "params": {"gamma": 740.2253082395977, "log10_alpha": -5.0, "log10_colsample_bytree": -0.5584087537964397, "log10_eta": -4.0, "log10_lambda": -4.696010295923216, "log10_min_child_weight": 5.0, "log10_subsample": 0.0, "max_depth": 6.0, "num_boost_round": 17.0}, "datetime": {"datetime": "2024-01-19 00:59:20", "elapsed": 2867.824182, "delta": 0.003625}}
{"target": -17.677216794273967, "params": {"gamma": 740.2253082395977, "log10_alpha": -5.0, "log10_colsample_bytree": -0.5584087537964397, "log10_eta": -4.0, "log10_lambda": -4.696010295923216, "log10_min_child_weight": 5.0, "log10_subsample": 0.0, "max_depth": 6.0, "num_boost_round": 18.0}, "datetime": {"datetime": "2024-01-19 00:59:20", "elapsed": 2867.827939, "delta": 0.003757}}
{"target": -17.677215293273743, "params": {"gamma": 740.2253082395977, "log10_alpha": -5.0, "log10_colsample_bytree": -0.5584087537964397, "log10_eta": -4.0, "log10_lambda": -4.696010295923216, "log10_min_child_weight": 5.0, "log10_subsample": 0.0, "max_depth": 6.0, "num_boost_round": 19.0}, "datetime": {"datetime": "2024-01-19 00:59:20", "elapsed": 2867.831802, "delta": 0.003863}}
{"target": -17.677214861024403, "params": {"gamma": 740.2253082395977, "log10_alpha": -5.0, "log10_colsample_bytree": -0.5584087537964397, "log10_eta": -4.0, "log10_lambda": -4.696010295923216, "log10_min_child_weight": 5.0, "log10_subsample": 0.0, "max_depth": 6.0, "num_boost_round": 20.0}, "datetime": {"datetime": "2024-01-19 00:59:20", "elapsed": 2867.83543, "delta": 0.003628}}
{"target": -17.67721492070409, "params": {"gamma": 740.2253082395977, "log10_alpha": -5.0, "log10_colsample_bytree": -0.5584087537964397, "log10_eta": -4.0, "log10_lambda": -4.696010295923216, "log10_min_child_weight": 5.0, "log10_subsample": 0.0, "max_depth": 6.0, "num_boost_round": 21.0}, "datetime": {"datetime": "2024-01-19 00:59:20", "elapsed": 2867.839061, "delta": 0.003631}}
{"target": -17.6772137269131, "params": {"gamma": 740.2253082395977, "log10_alpha": -5.0, "log10_colsample_bytree": -0.5584087537964397, "log10_eta": -4.0, "log10_lambda": -4.696010295923216, "log10_min_child_weight": 5.0, "log10_subsample": 0.0, "max_depth": 6.0, "num_boost_round": 22.0}, "datetime": {"datetime": "2024-01-19 00:59:20", "elapsed": 2867.842605, "delta": 0.003544}}
{"target": -17.67721213414994, "params": {"gamma": 740.2253082395977, "log10_alpha": -5.0, "log10_colsample_bytree": -0.5584087537964397, "log10_eta": -4.0, "log10_lambda": -4.696010295923216, "log10_min_child_weight": 5.0, "log10_subsample": 0.0, "max_depth": 6.0, "num_boost_round": 23.0}, "datetime": {"datetime": "2024-01-19 00:59:20", "elapsed": 2867.846197, "delta": 0.003592}}
{"target": -17.67721152597377, "params": {"gamma": 740.2253082395977, "log10_alpha": -5.0, "log10_colsample_bytree": -0.5584087537964397, "log10_eta": -4.0, "log10_lambda": -4.696010295923216, "log10_min_child_weight": 5.0, "log10_subsample": 0.0, "max_depth": 6.0, "num_boost_round": 24.0}, "datetime": {"datetime": "2024-01-19 00:59:20", "elapsed": 2867.849795, "delta": 0.003598}}
{"target": -17.67721064401609, "params": {"gamma": 740.2253082395977, "log10_alpha": -5.0, "log10_colsample_bytree": -0.5584087537964397, "log10_eta": -4.0, "log10_lambda": -4.696010295923216, "log10_min_child_weight": 5.0, "log10_subsample": 0.0, "max_depth": 6.0, "num_boost_round": 25.0}, "datetime": {"datetime": "2024-01-19 00:59:20", "elapsed": 2867.853427, "delta": 0.003632}}
{"target": -17.677210792395424, "params": {"gamma": 740.2253082395977, "log10_alpha": -5.0, "log10_colsample_bytree": -0.5584087537964397, "log10_eta": -4.0, "log10_lambda": -4.696010295923216, "log10_min_child_weight": 5.0, "log10_subsample": 0.0, "max_depth": 6.0, "num_boost_round": 26.0}, "datetime": {"datetime": "2024-01-19 00:59:20", "elapsed": 2867.8571, "delta": 0.003673}}
{"target": -17.677209552749055, "params": {"gamma": 740.2253082395977, "log10_alpha": -5.0, "log10_colsample_bytree": -0.5584087537964397, "log10_eta": -4.0, "log10_lambda": -4.696010295923216, "log10_min_child_weight": 5.0, "log10_subsample": 0.0, "max_depth": 6.0, "num_boost_round": 27.0}, "datetime": {"datetime": "2024-01-19 00:59:20", "elapsed": 2867.860673, "delta": 0.003573}}
{"target": -17.677208691515307, "params": {"gamma": 740.2253082395977, "log10_alpha": -5.0, "log10_colsample_bytree": -0.5584087537964397, "log10_eta": -4.0, "log10_lambda": -4.696010295923216, "log10_min_child_weight": 5.0, "log10_subsample": 0.0, "max_depth": 6.0, "num_boost_round": 28.0}, "datetime": {"datetime": "2024-01-19 00:59:20", "elapsed": 2867.864297, "delta": 0.003624}}
{"target": -17.67720839443727, "params": {"gamma": 740.2253082395977, "log10_alpha": -5.0, "log10_colsample_bytree": -0.5584087537964397, "log10_eta": -4.0, "log10_lambda": -4.696010295923216, "log10_min_child_weight": 5.0, "log10_subsample": 0.0, "max_depth": 6.0, "num_boost_round": 29.0}, "datetime": {"datetime": "2024-01-19 00:59:20", "elapsed": 2867.86794, "delta": 0.003643}}
