{"target": -17.677071541296996, "params": {"gamma": 716.5197190178793, "log10_alpha": -2.0096915947123484, "log10_colsample_bytree": -0.32638195586473595, "log10_eta": -3.3716109930748615, "log10_lambda": 0.39860306025349335, "log10_min_child_weight": 0.5165400637258366, "log10_subsample": -0.20470618064499668, "max_depth": 4.0, "num_boost_round": 10.0}, "datetime": {"datetime": "2024-01-19 00:54:11", "elapsed": 2559.270881, "delta": 0.003367}}
{"target": -17.677060343378933, "params": {"gamma": 716.5197190178793, "log10_alpha": -2.0096915947123484, "log10_colsample_bytree": -0.32638195586473595, "log10_eta": -3.3716109930748615, "log10_lambda": 0.39860306025349335, "log10_min_child_weight": 0.5165400637258366, "log10_subsample": -0.20470618064499668, "max_depth": 4.0, "num_boost_round": 11.0}, "datetime": {"datetime": "2024-01-19 00:54:11", "elapsed": 2559.274317, "delta": 0.003436}}
{"target": -17.677040244630994, "params": {"gamma": 716.5197190178793, "log10_alpha": -2.0096915947123484, "log10_colsample_bytree": -0.32638195586473595, "log10_eta": -3.3716109930748615, "log10_lambda": 0.39860306025349335, "log10_min_child_weight": 0.5165400637258366, "log10_subsample": -0.20470618064499668, "max_depth": 4.0, "num_boost_round": 12.0}, "datetime": {"datetime": "2024-01-19 00:54:11", "elapsed": 2559.277808, "delta": 0.003491}}
{"target": -17.67702369696039, "params": {"gamma": 716.5197190178793, "log10_alpha": -2.0096915947123484, "log10_colsample_bytree": -0.32638195586473595, "log10_eta": -3.3716109930748615, "log10_lambda": 0.39860306025349335, "log10_min_child_weight": 0.5165400637258366, "log10_subsample": -0.20470618064499668, "max_depth": 4.0, "num_boost_round": 13.0}, "datetime": {"datetime": "2024-01-19 00:54:11", "elapsed": 2559.281428, "delta": 0.00362}}
{"target": -17.67702355035405, "params": {"gamma": 716.5197190178793, "log10_alpha": -2.0096915947123484, "log10_colsample_bytree": -0.32638195586473595, "log10_eta": -3.3716109930748615, "log10_lambda": 0.39860306025349335, "log10_min_child_weight": 0.5165400637258366, "log10_subsample": -0.20470618064499668, "max_depth": 4.0, "num_boost_round": 14.0}, "datetime": {"datetime": "2024-01-19 00:54:11", "elapsed": 2559.284788, "delta": 0.00336}}
{"target": -17.677018170077332, "params": {"gamma": 716.5197190178793, "log10_alpha": -2.0096915947123484, "log10_colsample_bytree": -0.32638195586473595, "log10_eta": -3.3716109930748615, "log10_lambda": 0.39860306025349335, "log10_min_child_weight": 0.5165400637258366, "log10_subsample": -0.20470618064499668, "max_depth": 4.0, "num_boost_round": 15.0}, "datetime": {"datetime": "2024-01-19 00:54:11", "elapsed": 2559.288421, "delta": 0.003633}}
{"target": -17.677013987533254, "params": {"gamma": 716.5197190178793, "log10_alpha": -2.0096915947123484, "log10_colsample_bytree": -0.32638195586473595, "log10_eta": -3.3716109930748615, "log10_lambda": 0.39860306025349335, "log10_min_child_weight": 0.5165400637258366, "log10_subsample": -0.20470618064499668, "max_depth": 4.0, "num_boost_round": 16.0}, "datetime": {"datetime": "2024-01-19 00:54:11", "elapsed": 2559.291804, "delta": 0.003383}}
{"target": -17.677009461077404, "params": {"gamma": 716.5197190178793, "log10_alpha": -2.0096915947123484, "log10_colsample_bytree": -0.32638195586473595, "log10_eta": -3.3716109930748615, "log10_lambda": 0.39860306025349335, "log10_min_child_weight": 0.5165400637258366, "log10_subsample": -0.20470618064499668, "max_depth": 4.0, "num_boost_round": 17.0}, "datetime": {"datetime": "2024-01-19 00:54:11", "elapsed": 2559.301351, "delta": 0.009547}}
{"target": -17.6770055702881, "params": {"gamma": 716.5197190178793, "log10_alpha": -2.0096915947123484, "log10_colsample_bytree": -0.32638195586473595, "log10_eta": -3.3716109930748615, "log10_lambda": 0.39860306025349335, "log10_min_child_weight": 0.5165400637258366, "log10_subsample": -0.20470618064499668, "max_depth": 4.0, "num_boost_round": 18.0}, "datetime": {"datetime": "2024-01-19 00:54:11", "elapsed": 2559.304948, "delta": 0.003597}}
{"target": -17.67699925975896, "params": {"gamma": 716.5197190178793, "log10_alpha": -2.0096915947123484, "log10_colsample_bytree": -0.32638195586473595, "log10_eta": -3.3716109930748615, "log10_lambda": 0.39860306025349335, "log10_min_child_weight": 0.5165400637258366, "log10_subsample": -0.20470618064499668, "max_depth": 4.0, "num_boost_round": 19.0}, "datetime": {"datetime": "2024-01-19 00:54:11", "elapsed": 2559.308549, "delta": 0.003601}}
{"target": -17.67698867061443, "params": {"gamma": 716.5197190178793, "log10_alpha": -2.0096915947123484, "log10_colsample_bytree": -0.32638195586473595, "log10_eta": -3.3716109930748615, "log10_lambda": 0.39860306025349335, "log10_min_child_weight": 0.5165400637258366, "log10_subsample": -0.20470618064499668, "max_depth": 4.0, "num_boost_round": 20.0}, "datetime": {"datetime": "2024-01-19 00:54:11", "elapsed": 2559.311994, "delta": 0.003445}}
{"target": -17.676961623189726, "params": {"gamma": 716.5197190178793, "log10_alpha": -2.0096915947123484, "log10_colsample_bytree": -0.32638195586473595, "log10_eta": -3.3716109930748615, "log10_lambda": 0.39860306025349335, "log10_min_child_weight": 0.5165400637258366, "log10_subsample": -0.20470618064499668, "max_depth": 4.0, "num_boost_round": 21.0}, "datetime": {"datetime": "2024-01-19 00:54:11", "elapsed": 2559.315493, "delta": 0.003499}}
{"target": -17.67694516431757, "params": {"gamma": 716.5197190178793, "log10_alpha": -2.0096915947123484, "log10_colsample_bytree": -0.32638195586473595, "log10_eta": -3.3716109930748615, "log10_lambda": 0.39860306025349335, "log10_min_child_weight": 0.5165400637258366, "log10_subsample": -0.20470618064499668, "max_depth": 4.0, "num_boost_round": 22.0}, "datetime": {"datetime": "2024-01-19 00:54:11", "elapsed": 2559.318915, "delta": 0.003422}}
{"target": -17.67692761346006, "params": {"gamma": 716.5197190178793, "log10_alpha": -2.0096915947123484, "log10_colsample_bytree": -0.32638195586473595, "log10_eta": -3.3716109930748615, "log10_lambda": 0.39860306025349335, "log10_min_child_weight": 0.5165400637258366, "log10_subsample": -0.20470618064499668, "max_depth": 4.0, "num_boost_round": 23.0}, "datetime": {"datetime": "2024-01-19 00:54:11", "elapsed": 2559.322433, "delta": 0.003518}}
{"target": -17.6769126417311, "params": {"gamma": 716.5197190178793, "log10_alpha": -2.0096915947123484, "log10_colsample_bytree": -0.32638195586473595, "log10_eta": -3.3716109930748615, "log10_lambda": 0.39860306025349335, "log10_min_child_weight": 0.5165400637258366, "log10_subsample": -0.20470618064499668, "max_depth": 4.0, "num_boost_round": 24.0}, "datetime": {"datetime": "2024-01-19 00:54:11", "elapsed": 2559.325914, "delta": 0.003481}}
{"target": -17.676896722700654, "params": {"gamma": 716.5197190178793, "log10_alpha": -2.0096915947123484, "log10_colsample_bytree": -0.32638195586473595, "log10_eta": -3.3716109930748615, "log10_lambda": 0.39860306025349335, "log10_min_child_weight": 0.5165400637258366, "log10_subsample": -0.20470618064499668, "max_depth": 4.0, "num_boost_round": 25.0}, "datetime": {"datetime": "2024-01-19 00:54:11", "elapsed": 2559.329527, "delta": 0.003613}}
{"target": -17.67688498522373, "params": {"gamma": 716.5197190178793, "log10_alpha": -2.0096915947123484, "log10_colsample_bytree": -0.32638195586473595, "log10_eta": -3.3716109930748615, "log10_lambda": 0.39860306025349335, "log10_min_child_weight": 0.5165400637258366, "log10_subsample": -0.20470618064499668, "max_depth": 4.0, "num_boost_round": 26.0}, "datetime": {"datetime": "2024-01-19 00:54:11", "elapsed": 2559.333285, "delta": 0.003758}}
{"target": -17.676870554995, "params": {"gamma": 716.5197190178793, "log10_alpha": -2.0096915947123484, "log10_colsample_bytree": -0.32638195586473595, "log10_eta": -3.3716109930748615, "log10_lambda": 0.39860306025349335, "log10_min_child_weight": 0.5165400637258366, "log10_subsample": -0.20470618064499668, "max_depth": 4.0, "num_boost_round": 27.0}, "datetime": {"datetime": "2024-01-19 00:54:11", "elapsed": 2559.337921, "delta": 0.004636}}
{"target": -17.676846702938043, "params": {"gamma": 716.5197190178793, "log10_alpha": -2.0096915947123484, "log10_colsample_bytree": -0.32638195586473595, "log10_eta": -3.3716109930748615, "log10_lambda": 0.39860306025349335, "log10_min_child_weight": 0.5165400637258366, "log10_subsample": -0.20470618064499668, "max_depth": 4.0, "num_boost_round": 28.0}, "datetime": {"datetime": "2024-01-19 00:54:12", "elapsed": 2559.341414, "delta": 0.003493}}
{"target": -17.676834367946853, "params": {"gamma": 716.5197190178793, "log10_alpha": -2.0096915947123484, "log10_colsample_bytree": -0.32638195586473595, "log10_eta": -3.3716109930748615, "log10_lambda": 0.39860306025349335, "log10_min_child_weight": 0.5165400637258366, "log10_subsample": -0.20470618064499668, "max_depth": 4.0, "num_boost_round": 29.0}, "datetime": {"datetime": "2024-01-19 00:54:12", "elapsed": 2559.344771, "delta": 0.003357}}
{"target": -17.67682415637664, "params": {"gamma": 716.5197190178793, "log10_alpha": -2.0096915947123484, "log10_colsample_bytree": -0.32638195586473595, "log10_eta": -3.3716109930748615, "log10_lambda": 0.39860306025349335, "log10_min_child_weight": 0.5165400637258366, "log10_subsample": -0.20470618064499668, "max_depth": 4.0, "num_boost_round": 30.0}, "datetime": {"datetime": "2024-01-19 00:54:12", "elapsed": 2559.348191, "delta": 0.00342}}
{"target": -17.67681329804519, "params": {"gamma": 716.5197190178793, "log10_alpha": -2.0096915947123484, "log10_colsample_bytree": -0.32638195586473595, "log10_eta": -3.3716109930748615, "log10_lambda": 0.39860306025349335, "log10_min_child_weight": 0.5165400637258366, "log10_subsample": -0.20470618064499668, "max_depth": 4.0, "num_boost_round": 31.0}, "datetime": {"datetime": "2024-01-19 00:54:12", "elapsed": 2559.351566, "delta": 0.003375}}
{"target": -17.676796110062313, "params": {"gamma": 716.5197190178793, "log10_alpha": -2.0096915947123484, "log10_colsample_bytree": -0.32638195586473595, "log10_eta": -3.3716109930748615, "log10_lambda": 0.39860306025349335, "log10_min_child_weight": 0.5165400637258366, "log10_subsample": -0.20470618064499668, "max_depth": 4.0, "num_boost_round": 32.0}, "datetime": {"datetime": "2024-01-19 00:54:12", "elapsed": 2559.354944, "delta": 0.003378}}
{"target": -17.676774786006625, "params": {"gamma": 716.5197190178793, "log10_alpha": -2.0096915947123484, "log10_colsample_bytree": -0.32638195586473595, "log10_eta": -3.3716109930748615, "log10_lambda": 0.39860306025349335, "log10_min_child_weight": 0.5165400637258366, "log10_subsample": -0.20470618064499668, "max_depth": 4.0, "num_boost_round": 33.0}, "datetime": {"datetime": "2024-01-19 00:54:12", "elapsed": 2559.358342, "delta": 0.003398}}
{"target": -17.676768476336335, "params": {"gamma": 716.5197190178793, "log10_alpha": -2.0096915947123484, "log10_colsample_bytree": -0.32638195586473595, "log10_eta": -3.3716109930748615, "log10_lambda": 0.39860306025349335, "log10_min_child_weight": 0.5165400637258366, "log10_subsample": -0.20470618064499668, "max_depth": 4.0, "num_boost_round": 34.0}, "datetime": {"datetime": "2024-01-19 00:54:12", "elapsed": 2559.361687, "delta": 0.003345}}
{"target": -17.67674943020051, "params": {"gamma": 716.5197190178793, "log10_alpha": -2.0096915947123484, "log10_colsample_bytree": -0.32638195586473595, "log10_eta": -3.3716109930748615, "log10_lambda": 0.39860306025349335, "log10_min_child_weight": 0.5165400637258366, "log10_subsample": -0.20470618064499668, "max_depth": 4.0, "num_boost_round": 35.0}, "datetime": {"datetime": "2024-01-19 00:54:12", "elapsed": 2559.365037, "delta": 0.00335}}
{"target": -17.67672926299487, "params": {"gamma": 716.5197190178793, "log10_alpha": -2.0096915947123484, "log10_colsample_bytree": -0.32638195586473595, "log10_eta": -3.3716109930748615, "log10_lambda": 0.39860306025349335, "log10_min_child_weight": 0.5165400637258366, "log10_subsample": -0.20470618064499668, "max_depth": 4.0, "num_boost_round": 36.0}, "datetime": {"datetime": "2024-01-19 00:54:12", "elapsed": 2559.368504, "delta": 0.003467}}
{"target": -17.676706672083082, "params": {"gamma": 716.5197190178793, "log10_alpha": -2.0096915947123484, "log10_colsample_bytree": -0.32638195586473595, "log10_eta": -3.3716109930748615, "log10_lambda": 0.39860306025349335, "log10_min_child_weight": 0.5165400637258366, "log10_subsample": -0.20470618064499668, "max_depth": 4.0, "num_boost_round": 37.0}, "datetime": {"datetime": "2024-01-19 00:54:12", "elapsed": 2559.371835, "delta": 0.003331}}
{"target": -17.67669595937599, "params": {"gamma": 716.5197190178793, "log10_alpha": -2.0096915947123484, "log10_colsample_bytree": -0.32638195586473595, "log10_eta": -3.3716109930748615, "log10_lambda": 0.39860306025349335, "log10_min_child_weight": 0.5165400637258366, "log10_subsample": -0.20470618064499668, "max_depth": 4.0, "num_boost_round": 38.0}, "datetime": {"datetime": "2024-01-19 00:54:12", "elapsed": 2559.375157, "delta": 0.003322}}
{"target": -17.67667586002718, "params": {"gamma": 716.5197190178793, "log10_alpha": -2.0096915947123484, "log10_colsample_bytree": -0.32638195586473595, "log10_eta": -3.3716109930748615, "log10_lambda": 0.39860306025349335, "log10_min_child_weight": 0.5165400637258366, "log10_subsample": -0.20470618064499668, "max_depth": 4.0, "num_boost_round": 39.0}, "datetime": {"datetime": "2024-01-19 00:54:12", "elapsed": 2559.378656, "delta": 0.003499}}
{"target": -17.676665135889188, "params": {"gamma": 716.5197190178793, "log10_alpha": -2.0096915947123484, "log10_colsample_bytree": -0.32638195586473595, "log10_eta": -3.3716109930748615, "log10_lambda": 0.39860306025349335, "log10_min_child_weight": 0.5165400637258366, "log10_subsample": -0.20470618064499668, "max_depth": 4.0, "num_boost_round": 40.0}, "datetime": {"datetime": "2024-01-19 00:54:12", "elapsed": 2559.382166, "delta": 0.00351}}
{"target": -17.676649234605087, "params": {"gamma": 716.5197190178793, "log10_alpha": -2.0096915947123484, "log10_colsample_bytree": -0.32638195586473595, "log10_eta": -3.3716109930748615, "log10_lambda": 0.39860306025349335, "log10_min_child_weight": 0.5165400637258366, "log10_subsample": -0.20470618064499668, "max_depth": 4.0, "num_boost_round": 41.0}, "datetime": {"datetime": "2024-01-19 00:54:12", "elapsed": 2559.385501, "delta": 0.003335}}
{"target": -17.676621546873225, "params": {"gamma": 716.5197190178793, "log10_alpha": -2.0096915947123484, "log10_colsample_bytree": -0.32638195586473595, "log10_eta": -3.3716109930748615, "log10_lambda": 0.39860306025349335, "log10_min_child_weight": 0.5165400637258366, "log10_subsample": -0.20470618064499668, "max_depth": 4.0, "num_boost_round": 42.0}, "datetime": {"datetime": "2024-01-19 00:54:12", "elapsed": 2559.389016, "delta": 0.003515}}
{"target": -17.676613363415967, "params": {"gamma": 716.5197190178793, "log10_alpha": -2.0096915947123484, "log10_colsample_bytree": -0.32638195586473595, "log10_eta": -3.3716109930748615, "log10_lambda": 0.39860306025349335, "log10_min_child_weight": 0.5165400637258366, "log10_subsample": -0.20470618064499668, "max_depth": 4.0, "num_boost_round": 43.0}, "datetime": {"datetime": "2024-01-19 00:54:12", "elapsed": 2559.392359, "delta": 0.003343}}
{"target": -17.676598614533585, "params": {"gamma": 716.5197190178793, "log10_alpha": -2.0096915947123484, "log10_colsample_bytree": -0.32638195586473595, "log10_eta": -3.3716109930748615, "log10_lambda": 0.39860306025349335, "log10_min_child_weight": 0.5165400637258366, "log10_subsample": -0.20470618064499668, "max_depth": 4.0, "num_boost_round": 44.0}, "datetime": {"datetime": "2024-01-19 00:54:12", "elapsed": 2559.395692, "delta": 0.003333}}
{"target": -17.676573236701813, "params": {"gamma": 716.5197190178793, "log10_alpha": -2.0096915947123484, "log10_colsample_bytree": -0.32638195586473595, "log10_eta": -3.3716109930748615, "log10_lambda": 0.39860306025349335, "log10_min_child_weight": 0.5165400637258366, "log10_subsample": -0.20470618064499668, "max_depth": 4.0, "num_boost_round": 45.0}, "datetime": {"datetime": "2024-01-19 00:54:12", "elapsed": 2559.399112, "delta": 0.00342}}
{"target": -17.67656841192088, "params": {"gamma": 716.5197190178793, "log10_alpha": -2.0096915947123484, "log10_colsample_bytree": -0.32638195586473595, "log10_eta": -3.3716109930748615, "log10_lambda": 0.39860306025349335, "log10_min_child_weight": 0.5165400637258366, "log10_subsample": -0.20470618064499668, "max_depth": 4.0, "num_boost_round": 46.0}, "datetime": {"datetime": "2024-01-19 00:54:12", "elapsed": 2559.402463, "delta": 0.003351}}
{"target": -17.67655569056013, "params": {"gamma": 716.5197190178793, "log10_alpha": -2.0096915947123484, "log10_colsample_bytree": -0.32638195586473595, "log10_eta": -3.3716109930748615, "log10_lambda": 0.39860306025349335, "log10_min_child_weight": 0.5165400637258366, "log10_subsample": -0.20470618064499668, "max_depth": 4.0, "num_boost_round": 47.0}, "datetime": {"datetime": "2024-01-19 00:54:12", "elapsed": 2559.405794, "delta": 0.003331}}
{"target": -17.676546657660417, "params": {"gamma": 716.5197190178793, "log10_alpha": -2.0096915947123484, "log10_colsample_bytree": -0.32638195586473595, "log10_eta": -3.3716109930748615, "log10_lambda": 0.39860306025349335, "log10_min_child_weight": 0.5165400637258366, "log10_subsample": -0.20470618064499668, "max_depth": 4.0, "num_boost_round": 48.0}, "datetime": {"datetime": "2024-01-19 00:54:12", "elapsed": 2559.409235, "delta": 0.003441}}
{"target": -17.676543568116283, "params": {"gamma": 716.5197190178793, "log10_alpha": -2.0096915947123484, "log10_colsample_bytree": -0.32638195586473595, "log10_eta": -3.3716109930748615, "log10_lambda": 0.39860306025349335, "log10_min_child_weight": 0.5165400637258366, "log10_subsample": -0.20470618064499668, "max_depth": 4.0, "num_boost_round": 49.0}, "datetime": {"datetime": "2024-01-19 00:54:12", "elapsed": 2559.41263, "delta": 0.003395}}
{"target": -17.676529968699235, "params": {"gamma": 716.5197190178793, "log10_alpha": -2.0096915947123484, "log10_colsample_bytree": -0.32638195586473595, "log10_eta": -3.3716109930748615, "log10_lambda": 0.39860306025349335, "log10_min_child_weight": 0.5165400637258366, "log10_subsample": -0.20470618064499668, "max_depth": 4.0, "num_boost_round": 50.0}, "datetime": {"datetime": "2024-01-19 00:54:12", "elapsed": 2559.415967, "delta": 0.003337}}
{"target": -17.676517636166885, "params": {"gamma": 716.5197190178793, "log10_alpha": -2.0096915947123484, "log10_colsample_bytree": -0.32638195586473595, "log10_eta": -3.3716109930748615, "log10_lambda": 0.39860306025349335, "log10_min_child_weight": 0.5165400637258366, "log10_subsample": -0.20470618064499668, "max_depth": 4.0, "num_boost_round": 51.0}, "datetime": {"datetime": "2024-01-19 00:54:12", "elapsed": 2559.419392, "delta": 0.003425}}
{"target": -17.676482540454685, "params": {"gamma": 716.5197190178793, "log10_alpha": -2.0096915947123484, "log10_colsample_bytree": -0.32638195586473595, "log10_eta": -3.3716109930748615, "log10_lambda": 0.39860306025349335, "log10_min_child_weight": 0.5165400637258366, "log10_subsample": -0.20470618064499668, "max_depth": 4.0, "num_boost_round": 52.0}, "datetime": {"datetime": "2024-01-19 00:54:12", "elapsed": 2559.422745, "delta": 0.003353}}
{"target": -17.676469363693066, "params": {"gamma": 716.5197190178793, "log10_alpha": -2.0096915947123484, "log10_colsample_bytree": -0.32638195586473595, "log10_eta": -3.3716109930748615, "log10_lambda": 0.39860306025349335, "log10_min_child_weight": 0.5165400637258366, "log10_subsample": -0.20470618064499668, "max_depth": 4.0, "num_boost_round": 53.0}, "datetime": {"datetime": "2024-01-19 00:54:12", "elapsed": 2559.426129, "delta": 0.003384}}
{"target": -17.67646634799487, "params": {"gamma": 716.5197190178793, "log10_alpha": -2.0096915947123484, "log10_colsample_bytree": -0.32638195586473595, "log10_eta": -3.3716109930748615, "log10_lambda": 0.39860306025349335, "log10_min_child_weight": 0.5165400637258366, "log10_subsample": -0.20470618064499668, "max_depth": 4.0, "num_boost_round": 54.0}, "datetime": {"datetime": "2024-01-19 00:54:12", "elapsed": 2559.42964, "delta": 0.003511}}
{"target": -17.67644306706451, "params": {"gamma": 716.5197190178793, "log10_alpha": -2.0096915947123484, "log10_colsample_bytree": -0.32638195586473595, "log10_eta": -3.3716109930748615, "log10_lambda": 0.39860306025349335, "log10_min_child_weight": 0.5165400637258366, "log10_subsample": -0.20470618064499668, "max_depth": 4.0, "num_boost_round": 55.0}, "datetime": {"datetime": "2024-01-19 00:54:12", "elapsed": 2559.433199, "delta": 0.003559}}
{"target": -17.67642221565102, "params": {"gamma": 716.5197190178793, "log10_alpha": -2.0096915947123484, "log10_colsample_bytree": -0.32638195586473595, "log10_eta": -3.3716109930748615, "log10_lambda": 0.39860306025349335, "log10_min_child_weight": 0.5165400637258366, "log10_subsample": -0.20470618064499668, "max_depth": 4.0, "num_boost_round": 56.0}, "datetime": {"datetime": "2024-01-19 00:54:12", "elapsed": 2559.436676, "delta": 0.003477}}
{"target": -17.676413658931104, "params": {"gamma": 716.5197190178793, "log10_alpha": -2.0096915947123484, "log10_colsample_bytree": -0.32638195586473595, "log10_eta": -3.3716109930748615, "log10_lambda": 0.39860306025349335, "log10_min_child_weight": 0.5165400637258366, "log10_subsample": -0.20470618064499668, "max_depth": 4.0, "num_boost_round": 57.0}, "datetime": {"datetime": "2024-01-19 00:54:12", "elapsed": 2559.440076, "delta": 0.0034}}
{"target": -17.676418503722648, "params": {"gamma": 716.5197190178793, "log10_alpha": -2.0096915947123484, "log10_colsample_bytree": -0.32638195586473595, "log10_eta": -3.3716109930748615, "log10_lambda": 0.39860306025349335, "log10_min_child_weight": 0.5165400637258366, "log10_subsample": -0.20470618064499668, "max_depth": 4.0, "num_boost_round": 58.0}, "datetime": {"datetime": "2024-01-19 00:54:12", "elapsed": 2559.443535, "delta": 0.003459}}
