{"target": -13.758159076687257, "params": {"gamma": 84.62210343822296, "log10_alpha": -0.5254775452268845, "log10_colsample_bytree": -0.5130755965424819, "log10_eta": -1.6790235763040169, "log10_lambda": 0.8399083463636208, "log10_min_child_weight": 4.933602891477297, "log10_subsample": -0.4746421702854048, "max_depth": 3.0, "num_boost_round": 15.0}, "datetime": {"datetime": "2024-01-19 00:20:44", "elapsed": 543.559931, "delta": 0.000784}}
{"target": -13.758222104421327, "params": {"gamma": 84.62210343822296, "log10_alpha": -0.5254775452268845, "log10_colsample_bytree": -0.5130755965424819, "log10_eta": -1.6790235763040169, "log10_lambda": 0.8399083463636208, "log10_min_child_weight": 4.933602891477297, "log10_subsample": -0.4746421702854048, "max_depth": 3.0, "num_boost_round": 16.0}, "datetime": {"datetime": "2024-01-19 00:20:44", "elapsed": 543.560716, "delta": 0.000785}}
{"target": -13.758293164851235, "params": {"gamma": 84.62210343822296, "log10_alpha": -0.5254775452268845, "log10_colsample_bytree": -0.5130755965424819, "log10_eta": -1.6790235763040169, "log10_lambda": 0.8399083463636208, "log10_min_child_weight": 4.933602891477297, "log10_subsample": -0.4746421702854048, "max_depth": 3.0, "num_boost_round": 17.0}, "datetime": {"datetime": "2024-01-19 00:20:44", "elapsed": 543.561677, "delta": 0.000961}}
{"target": -13.75833421802915, "params": {"gamma": 84.62210343822296, "log10_alpha": -0.5254775452268845, "log10_colsample_bytree": -0.5130755965424819, "log10_eta": -1.6790235763040169, "log10_lambda": 0.8399083463636208, "log10_min_child_weight": 4.933602891477297, "log10_subsample": -0.4746421702854048, "max_depth": 3.0, "num_boost_round": 18.0}, "datetime": {"datetime": "2024-01-19 00:20:44", "elapsed": 543.562476, "delta": 0.000799}}
{"target": -13.758281407025034, "params": {"gamma": 84.62210343822296, "log10_alpha": -0.5254775452268845, "log10_colsample_bytree": -0.5130755965424819, "log10_eta": -1.6790235763040169, "log10_lambda": 0.8399083463636208, "log10_min_child_weight": 4.933602891477297, "log10_subsample": -0.4746421702854048, "max_depth": 3.0, "num_boost_round": 19.0}, "datetime": {"datetime": "2024-01-19 00:20:44", "elapsed": 543.563267, "delta": 0.000791}}
{"target": -13.758142198431779, "params": {"gamma": 84.62210343822296, "log10_alpha": -0.5254775452268845, "log10_colsample_bytree": -0.5130755965424819, "log10_eta": -1.6790235763040169, "log10_lambda": 0.8399083463636208, "log10_min_child_weight": 4.933602891477297, "log10_subsample": -0.4746421702854048, "max_depth": 3.0, "num_boost_round": 20.0}, "datetime": {"datetime": "2024-01-19 00:20:44", "elapsed": 543.564075, "delta": 0.000808}}
{"target": -13.758063807794644, "params": {"gamma": 84.62210343822296, "log10_alpha": -0.5254775452268845, "log10_colsample_bytree": -0.5130755965424819, "log10_eta": -1.6790235763040169, "log10_lambda": 0.8399083463636208, "log10_min_child_weight": 4.933602891477297, "log10_subsample": -0.4746421702854048, "max_depth": 3.0, "num_boost_round": 21.0}, "datetime": {"datetime": "2024-01-19 00:20:44", "elapsed": 543.564892, "delta": 0.000817}}
{"target": -13.758025696134467, "params": {"gamma": 84.62210343822296, "log10_alpha": -0.5254775452268845, "log10_colsample_bytree": -0.5130755965424819, "log10_eta": -1.6790235763040169, "log10_lambda": 0.8399083463636208, "log10_min_child_weight": 4.933602891477297, "log10_subsample": -0.4746421702854048, "max_depth": 3.0, "num_boost_round": 22.0}, "datetime": {"datetime": "2024-01-19 00:20:44", "elapsed": 543.565695, "delta": 0.000803}}
{"target": -13.757943982262782, "params": {"gamma": 84.62210343822296, "log10_alpha": -0.5254775452268845, "log10_colsample_bytree": -0.5130755965424819, "log10_eta": -1.6790235763040169, "log10_lambda": 0.8399083463636208, "log10_min_child_weight": 4.933602891477297, "log10_subsample": -0.4746421702854048, "max_depth": 3.0, "num_boost_round": 23.0}, "datetime": {"datetime": "2024-01-19 00:20:44", "elapsed": 543.566492, "delta": 0.000797}}
{"target": -13.758414573172608, "params": {"gamma": 69.42100425565035, "log10_alpha": 0.4082276656662014, "log10_colsample_bytree": -0.7253881057900969, "log10_eta": -2.212387994654181, "log10_lambda": 0.5920816588413782, "log10_min_child_weight": 0.2575372922137703, "log10_subsample": -0.957162235530552, "max_depth": 2.0, "num_boost_round": 0.0}, "datetime": {"datetime": "2024-01-19 00:21:04", "elapsed": 563.630393, "delta": 20.063901}}
{"target": -13.758348382728043, "params": {"gamma": 69.42100425565035, "log10_alpha": 0.4082276656662014, "log10_colsample_bytree": -0.7253881057900969, "log10_eta": -2.212387994654181, "log10_lambda": 0.5920816588413782, "log10_min_child_weight": 0.2575372922137703, "log10_subsample": -0.957162235530552, "max_depth": 2.0, "num_boost_round": 1.0}, "datetime": {"datetime": "2024-01-19 00:21:04", "elapsed": 563.631628, "delta": 0.001235}}
{"target": -13.758328811755346, "params": {"gamma": 69.42100425565035, "log10_alpha": 0.4082276656662014, "log10_colsample_bytree": -0.7253881057900969, "log10_eta": -2.212387994654181, "log10_lambda": 0.5920816588413782, "log10_min_child_weight": 0.2575372922137703, "log10_subsample": -0.957162235530552, "max_depth": 2.0, "num_boost_round": 2.0}, "datetime": {"datetime": "2024-01-19 00:21:04", "elapsed": 563.63267, "delta": 0.001042}}
{"target": -13.758317629390659, "params": {"gamma": 69.42100425565035, "log10_alpha": 0.4082276656662014, "log10_colsample_bytree": -0.7253881057900969, "log10_eta": -2.212387994654181, "log10_lambda": 0.5920816588413782, "log10_min_child_weight": 0.2575372922137703, "log10_subsample": -0.957162235530552, "max_depth": 2.0, "num_boost_round": 3.0}, "datetime": {"datetime": "2024-01-19 00:21:04", "elapsed": 563.633611, "delta": 0.000941}}
{"target": -13.758328688911707, "params": {"gamma": 69.42100425565035, "log10_alpha": 0.4082276656662014, "log10_colsample_bytree": -0.7253881057900969, "log10_eta": -2.212387994654181, "log10_lambda": 0.5920816588413782, "log10_min_child_weight": 0.2575372922137703, "log10_subsample": -0.957162235530552, "max_depth": 2.0, "num_boost_round": 4.0}, "datetime": {"datetime": "2024-01-19 00:21:04", "elapsed": 563.634687, "delta": 0.001076}}
{"target": -13.758279909829133, "params": {"gamma": 69.42100425565035, "log10_alpha": 0.4082276656662014, "log10_colsample_bytree": -0.7253881057900969, "log10_eta": -2.212387994654181, "log10_lambda": 0.5920816588413782, "log10_min_child_weight": 0.2575372922137703, "log10_subsample": -0.957162235530552, "max_depth": 2.0, "num_boost_round": 5.0}, "datetime": {"datetime": "2024-01-19 00:21:04", "elapsed": 563.635628, "delta": 0.000941}}
{"target": -13.758225714066848, "params": {"gamma": 69.42100425565035, "log10_alpha": 0.4082276656662014, "log10_colsample_bytree": -0.7253881057900969, "log10_eta": -2.212387994654181, "log10_lambda": 0.5920816588413782, "log10_min_child_weight": 0.2575372922137703, "log10_subsample": -0.957162235530552, "max_depth": 2.0, "num_boost_round": 6.0}, "datetime": {"datetime": "2024-01-19 00:21:04", "elapsed": 563.636407, "delta": 0.000779}}
{"target": -13.75820719609431, "params": {"gamma": 69.42100425565035, "log10_alpha": 0.4082276656662014, "log10_colsample_bytree": -0.7253881057900969, "log10_eta": -2.212387994654181, "log10_lambda": 0.5920816588413782, "log10_min_child_weight": 0.2575372922137703, "log10_subsample": -0.957162235530552, "max_depth": 2.0, "num_boost_round": 7.0}, "datetime": {"datetime": "2024-01-19 00:21:04", "elapsed": 563.637191, "delta": 0.000784}}
{"target": -13.75816886194622, "params": {"gamma": 69.42100425565035, "log10_alpha": 0.4082276656662014, "log10_colsample_bytree": -0.7253881057900969, "log10_eta": -2.212387994654181, "log10_lambda": 0.5920816588413782, "log10_min_child_weight": 0.2575372922137703, "log10_subsample": -0.957162235530552, "max_depth": 2.0, "num_boost_round": 8.0}, "datetime": {"datetime": "2024-01-19 00:21:04", "elapsed": 563.637971, "delta": 0.00078}}
{"target": -13.758091609781628, "params": {"gamma": 69.42100425565035, "log10_alpha": 0.4082276656662014, "log10_colsample_bytree": -0.7253881057900969, "log10_eta": -2.212387994654181, "log10_lambda": 0.5920816588413782, "log10_min_child_weight": 0.2575372922137703, "log10_subsample": -0.957162235530552, "max_depth": 2.0, "num_boost_round": 9.0}, "datetime": {"datetime": "2024-01-19 00:21:04", "elapsed": 563.638745, "delta": 0.000774}}
{"target": -13.758004469595173, "params": {"gamma": 69.42100425565035, "log10_alpha": 0.4082276656662014, "log10_colsample_bytree": -0.7253881057900969, "log10_eta": -2.212387994654181, "log10_lambda": 0.5920816588413782, "log10_min_child_weight": 0.2575372922137703, "log10_subsample": -0.957162235530552, "max_depth": 2.0, "num_boost_round": 10.0}, "datetime": {"datetime": "2024-01-19 00:21:04", "elapsed": 563.639538, "delta": 0.000793}}
{"target": -13.75794603010224, "params": {"gamma": 69.42100425565035, "log10_alpha": 0.4082276656662014, "log10_colsample_bytree": -0.7253881057900969, "log10_eta": -2.212387994654181, "log10_lambda": 0.5920816588413782, "log10_min_child_weight": 0.2575372922137703, "log10_subsample": -0.957162235530552, "max_depth": 2.0, "num_boost_round": 11.0}, "datetime": {"datetime": "2024-01-19 00:21:04", "elapsed": 563.640387, "delta": 0.000849}}
{"target": -13.757939576340382, "params": {"gamma": 69.42100425565035, "log10_alpha": 0.4082276656662014, "log10_colsample_bytree": -0.7253881057900969, "log10_eta": -2.212387994654181, "log10_lambda": 0.5920816588413782, "log10_min_child_weight": 0.2575372922137703, "log10_subsample": -0.957162235530552, "max_depth": 2.0, "num_boost_round": 12.0}, "datetime": {"datetime": "2024-01-19 00:21:04", "elapsed": 563.641353, "delta": 0.000966}}
{"target": -13.757949498325557, "params": {"gamma": 69.42100425565035, "log10_alpha": 0.4082276656662014, "log10_colsample_bytree": -0.7253881057900969, "log10_eta": -2.212387994654181, "log10_lambda": 0.5920816588413782, "log10_min_child_weight": 0.2575372922137703, "log10_subsample": -0.957162235530552, "max_depth": 2.0, "num_boost_round": 13.0}, "datetime": {"datetime": "2024-01-19 00:21:04", "elapsed": 563.642137, "delta": 0.000784}}
{"target": -13.758528123701096, "params": {"gamma": 74.46258852250354, "log10_alpha": 0.7227686595353608, "log10_colsample_bytree": -0.987992426786611, "log10_eta": -2.7691170138548475, "log10_lambda": -1.6822434839441938, "log10_min_child_weight": 3.6583224787731656, "log10_subsample": -0.32811282336166814, "max_depth": 2.0, "num_boost_round": 0.0}, "datetime": {"datetime": "2024-01-19 00:21:23", "elapsed": 582.775923, "delta": 19.133786}}
{"target": -13.75852026127488, "params": {"gamma": 74.46258852250354, "log10_alpha": 0.7227686595353608, "log10_colsample_bytree": -0.987992426786611, "log10_eta": -2.7691170138548475, "log10_lambda": -1.6822434839441938, "log10_min_child_weight": 3.6583224787731656, "log10_subsample": -0.32811282336166814, "max_depth": 2.0, "num_boost_round": 1.0}, "datetime": {"datetime": "2024-01-19 00:21:23", "elapsed": 582.77734, "delta": 0.001417}}
{"target": -13.758512390339865, "params": {"gamma": 74.46258852250354, "log10_alpha": 0.7227686595353608, "log10_colsample_bytree": -0.987992426786611, "log10_eta": -2.7691170138548475, "log10_lambda": -1.6822434839441938, "log10_min_child_weight": 3.6583224787731656, "log10_subsample": -0.32811282336166814, "max_depth": 2.0, "num_boost_round": 2.0}, "datetime": {"datetime": "2024-01-19 00:21:23", "elapsed": 582.778154, "delta": 0.000814}}
{"target": -13.758513676980108, "params": {"gamma": 74.46258852250354, "log10_alpha": 0.7227686595353608, "log10_colsample_bytree": -0.987992426786611, "log10_eta": -2.7691170138548475, "log10_lambda": -1.6822434839441938, "log10_min_child_weight": 3.6583224787731656, "log10_subsample": -0.32811282336166814, "max_depth": 2.0, "num_boost_round": 3.0}, "datetime": {"datetime": "2024-01-19 00:21:23", "elapsed": 582.778954, "delta": 0.0008}}
{"target": -13.758503883567867, "params": {"gamma": 74.46258852250354, "log10_alpha": 0.7227686595353608, "log10_colsample_bytree": -0.987992426786611, "log10_eta": -2.7691170138548475, "log10_lambda": -1.6822434839441938, "log10_min_child_weight": 3.6583224787731656, "log10_subsample": -0.32811282336166814, "max_depth": 2.0, "num_boost_round": 4.0}, "datetime": {"datetime": "2024-01-19 00:21:23", "elapsed": 582.779724, "delta": 0.00077}}
{"target": -13.758503017795276, "params": {"gamma": 74.46258852250354, "log10_alpha": 0.7227686595353608, "log10_colsample_bytree": -0.987992426786611, "log10_eta": -2.7691170138548475, "log10_lambda": -1.6822434839441938, "log10_min_child_weight": 3.6583224787731656, "log10_subsample": -0.32811282336166814, "max_depth": 2.0, "num_boost_round": 5.0}, "datetime": {"datetime": "2024-01-19 00:21:23", "elapsed": 582.780503, "delta": 0.000779}}
{"target": -13.758500048952625, "params": {"gamma": 74.46258852250354, "log10_alpha": 0.7227686595353608, "log10_colsample_bytree": -0.987992426786611, "log10_eta": -2.7691170138548475, "log10_lambda": -1.6822434839441938, "log10_min_child_weight": 3.6583224787731656, "log10_subsample": -0.32811282336166814, "max_depth": 2.0, "num_boost_round": 6.0}, "datetime": {"datetime": "2024-01-19 00:21:23", "elapsed": 582.781673, "delta": 0.00117}}
{"target": -13.758486804292147, "params": {"gamma": 74.46258852250354, "log10_alpha": 0.7227686595353608, "log10_colsample_bytree": -0.987992426786611, "log10_eta": -2.7691170138548475, "log10_lambda": -1.6822434839441938, "log10_min_child_weight": 3.6583224787731656, "log10_subsample": -0.32811282336166814, "max_depth": 2.0, "num_boost_round": 7.0}, "datetime": {"datetime": "2024-01-19 00:21:23", "elapsed": 582.782629, "delta": 0.000956}}
{"target": -13.758476123239936, "params": {"gamma": 74.46258852250354, "log10_alpha": 0.7227686595353608, "log10_colsample_bytree": -0.987992426786611, "log10_eta": -2.7691170138548475, "log10_lambda": -1.6822434839441938, "log10_min_child_weight": 3.6583224787731656, "log10_subsample": -0.32811282336166814, "max_depth": 2.0, "num_boost_round": 8.0}, "datetime": {"datetime": "2024-01-19 00:21:23", "elapsed": 582.783486, "delta": 0.000857}}
{"target": -13.758458931407288, "params": {"gamma": 74.46258852250354, "log10_alpha": 0.7227686595353608, "log10_colsample_bytree": -0.987992426786611, "log10_eta": -2.7691170138548475, "log10_lambda": -1.6822434839441938, "log10_min_child_weight": 3.6583224787731656, "log10_subsample": -0.32811282336166814, "max_depth": 2.0, "num_boost_round": 9.0}, "datetime": {"datetime": "2024-01-19 00:21:23", "elapsed": 582.784285, "delta": 0.000799}}
{"target": -13.758452213652017, "params": {"gamma": 74.46258852250354, "log10_alpha": 0.7227686595353608, "log10_colsample_bytree": -0.987992426786611, "log10_eta": -2.7691170138548475, "log10_lambda": -1.6822434839441938, "log10_min_child_weight": 3.6583224787731656, "log10_subsample": -0.32811282336166814, "max_depth": 2.0, "num_boost_round": 10.0}, "datetime": {"datetime": "2024-01-19 00:21:23", "elapsed": 582.785089, "delta": 0.000804}}
{"target": -13.758514761639727, "params": {"gamma": 91.51177107704378, "log10_alpha": -4.684166134917163, "log10_colsample_bytree": -0.9744354446508086, "log10_eta": -2.974564353916863, "log10_lambda": 0.16503016343805044, "log10_min_child_weight": 2.5135272129644948, "log10_subsample": -0.525204455952486, "max_depth": 2.0, "num_boost_round": 0.0}, "datetime": {"datetime": "2024-01-19 00:21:46", "elapsed": 605.803758, "delta": 23.018669}}
{"target": -13.758515256714967, "params": {"gamma": 91.51177107704378, "log10_alpha": -4.684166134917163, "log10_colsample_bytree": -0.9744354446508086, "log10_eta": -2.974564353916863, "log10_lambda": 0.16503016343805044, "log10_min_child_weight": 2.5135272129644948, "log10_subsample": -0.525204455952486, "max_depth": 2.0, "num_boost_round": 1.0}, "datetime": {"datetime": "2024-01-19 00:21:46", "elapsed": 605.80471, "delta": 0.000952}}
{"target": -13.758513252134955, "params": {"gamma": 91.51177107704378, "log10_alpha": -4.684166134917163, "log10_colsample_bytree": -0.9744354446508086, "log10_eta": -2.974564353916863, "log10_lambda": 0.16503016343805044, "log10_min_child_weight": 2.5135272129644948, "log10_subsample": -0.525204455952486, "max_depth": 2.0, "num_boost_round": 2.0}, "datetime": {"datetime": "2024-01-19 00:21:46", "elapsed": 605.806052, "delta": 0.001342}}
{"target": -13.758520321988513, "params": {"gamma": 91.51177107704378, "log10_alpha": -4.684166134917163, "log10_colsample_bytree": -0.9744354446508086, "log10_eta": -2.974564353916863, "log10_lambda": 0.16503016343805044, "log10_min_child_weight": 2.5135272129644948, "log10_subsample": -0.525204455952486, "max_depth": 2.0, "num_boost_round": 3.0}, "datetime": {"datetime": "2024-01-19 00:21:46", "elapsed": 605.807218, "delta": 0.001166}}
{"target": -13.758521078142865, "params": {"gamma": 91.51177107704378, "log10_alpha": -4.684166134917163, "log10_colsample_bytree": -0.9744354446508086, "log10_eta": -2.974564353916863, "log10_lambda": 0.16503016343805044, "log10_min_child_weight": 2.5135272129644948, "log10_subsample": -0.525204455952486, "max_depth": 2.0, "num_boost_round": 4.0}, "datetime": {"datetime": "2024-01-19 00:21:46", "elapsed": 605.808014, "delta": 0.000796}}
{"target": -13.7585159405276, "params": {"gamma": 91.51177107704378, "log10_alpha": -4.684166134917163, "log10_colsample_bytree": -0.9744354446508086, "log10_eta": -2.974564353916863, "log10_lambda": 0.16503016343805044, "log10_min_child_weight": 2.5135272129644948, "log10_subsample": -0.525204455952486, "max_depth": 2.0, "num_boost_round": 5.0}, "datetime": {"datetime": "2024-01-19 00:21:46", "elapsed": 605.808942, "delta": 0.000928}}
{"target": -13.75851993285399, "params": {"gamma": 91.51177107704378, "log10_alpha": -4.684166134917163, "log10_colsample_bytree": -0.9744354446508086, "log10_eta": -2.974564353916863, "log10_lambda": 0.16503016343805044, "log10_min_child_weight": 2.5135272129644948, "log10_subsample": -0.525204455952486, "max_depth": 2.0, "num_boost_round": 6.0}, "datetime": {"datetime": "2024-01-19 00:21:46", "elapsed": 605.809767, "delta": 0.000825}}
{"target": -13.758506002045884, "params": {"gamma": 91.51177107704378, "log10_alpha": -4.684166134917163, "log10_colsample_bytree": -0.9744354446508086, "log10_eta": -2.974564353916863, "log10_lambda": 0.16503016343805044, "log10_min_child_weight": 2.5135272129644948, "log10_subsample": -0.525204455952486, "max_depth": 2.0, "num_boost_round": 7.0}, "datetime": {"datetime": "2024-01-19 00:21:46", "elapsed": 605.810722, "delta": 0.000955}}
{"target": -13.758515486835908, "params": {"gamma": 91.51177107704378, "log10_alpha": -4.684166134917163, "log10_colsample_bytree": -0.9744354446508086, "log10_eta": -2.974564353916863, "log10_lambda": 0.16503016343805044, "log10_min_child_weight": 2.5135272129644948, "log10_subsample": -0.525204455952486, "max_depth": 2.0, "num_boost_round": 8.0}, "datetime": {"datetime": "2024-01-19 00:21:46", "elapsed": 605.811535, "delta": 0.000813}}
{"target": -13.758504789006805, "params": {"gamma": 91.51177107704378, "log10_alpha": -4.684166134917163, "log10_colsample_bytree": -0.9744354446508086, "log10_eta": -2.974564353916863, "log10_lambda": 0.16503016343805044, "log10_min_child_weight": 2.5135272129644948, "log10_subsample": -0.525204455952486, "max_depth": 2.0, "num_boost_round": 9.0}, "datetime": {"datetime": "2024-01-19 00:21:46", "elapsed": 605.81233, "delta": 0.000795}}
{"target": -13.758506852272818, "params": {"gamma": 91.51177107704378, "log10_alpha": -4.684166134917163, "log10_colsample_bytree": -0.9744354446508086, "log10_eta": -2.974564353916863, "log10_lambda": 0.16503016343805044, "log10_min_child_weight": 2.5135272129644948, "log10_subsample": -0.525204455952486, "max_depth": 2.0, "num_boost_round": 10.0}, "datetime": {"datetime": "2024-01-19 00:21:46", "elapsed": 605.81329, "delta": 0.00096}}
{"target": -13.758488787022452, "params": {"gamma": 91.51177107704378, "log10_alpha": -4.684166134917163, "log10_colsample_bytree": -0.9744354446508086, "log10_eta": -2.974564353916863, "log10_lambda": 0.16503016343805044, "log10_min_child_weight": 2.5135272129644948, "log10_subsample": -0.525204455952486, "max_depth": 2.0, "num_boost_round": 11.0}, "datetime": {"datetime": "2024-01-19 00:21:46", "elapsed": 605.814104, "delta": 0.000814}}
{"target": -13.758478299582402, "params": {"gamma": 91.51177107704378, "log10_alpha": -4.684166134917163, "log10_colsample_bytree": -0.9744354446508086, "log10_eta": -2.974564353916863, "log10_lambda": 0.16503016343805044, "log10_min_child_weight": 2.5135272129644948, "log10_subsample": -0.525204455952486, "max_depth": 2.0, "num_boost_round": 12.0}, "datetime": {"datetime": "2024-01-19 00:21:46", "elapsed": 605.814921, "delta": 0.000817}}
{"target": -13.758458754854173, "params": {"gamma": 91.51177107704378, "log10_alpha": -4.684166134917163, "log10_colsample_bytree": -0.9744354446508086, "log10_eta": -2.974564353916863, "log10_lambda": 0.16503016343805044, "log10_min_child_weight": 2.5135272129644948, "log10_subsample": -0.525204455952486, "max_depth": 2.0, "num_boost_round": 13.0}, "datetime": {"datetime": "2024-01-19 00:21:46", "elapsed": 605.815727, "delta": 0.000806}}
{"target": -13.758452711735618, "params": {"gamma": 91.51177107704378, "log10_alpha": -4.684166134917163, "log10_colsample_bytree": -0.9744354446508086, "log10_eta": -2.974564353916863, "log10_lambda": 0.16503016343805044, "log10_min_child_weight": 2.5135272129644948, "log10_subsample": -0.525204455952486, "max_depth": 2.0, "num_boost_round": 14.0}, "datetime": {"datetime": "2024-01-19 00:21:46", "elapsed": 605.816575, "delta": 0.000848}}
