{"target": -13.758497361667155, "params": {"gamma": 542.690022548396, "log10_alpha": -1.687505085660605, "log10_colsample_bytree": -0.6896973763124525, "log10_eta": -3.1948780100131295, "log10_lambda": 0.9391237916113431, "log10_min_child_weight": 3.9350053735331447, "log10_subsample": -0.17370169747592812, "max_depth": 4.0, "num_boost_round": 6.0}, "datetime": {"datetime": "2024-01-19 00:30:10", "elapsed": 1142.682422, "delta": 0.001388}}
{"target": -13.75848823051768, "params": {"gamma": 542.690022548396, "log10_alpha": -1.687505085660605, "log10_colsample_bytree": -0.6896973763124525, "log10_eta": -3.1948780100131295, "log10_lambda": 0.9391237916113431, "log10_min_child_weight": 3.9350053735331447, "log10_subsample": -0.17370169747592812, "max_depth": 4.0, "num_boost_round": 7.0}, "datetime": {"datetime": "2024-01-19 00:30:10", "elapsed": 1142.683808, "delta": 0.001386}}
{"target": -13.758473350095857, "params": {"gamma": 542.690022548396, "log10_alpha": -1.687505085660605, "log10_colsample_bytree": -0.6896973763124525, "log10_eta": -3.1948780100131295, "log10_lambda": 0.9391237916113431, "log10_min_child_weight": 3.9350053735331447, "log10_subsample": -0.17370169747592812, "max_depth": 4.0, "num_boost_round": 8.0}, "datetime": {"datetime": "2024-01-19 00:30:10", "elapsed": 1142.685988, "delta": 0.00218}}
{"target": -13.75847246664805, "params": {"gamma": 542.690022548396, "log10_alpha": -1.687505085660605, "log10_colsample_bytree": -0.6896973763124525, "log10_eta": -3.1948780100131295, "log10_lambda": 0.9391237916113431, "log10_min_child_weight": 3.9350053735331447, "log10_subsample": -0.17370169747592812, "max_depth": 4.0, "num_boost_round": 9.0}, "datetime": {"datetime": "2024-01-19 00:30:10", "elapsed": 1142.687415, "delta": 0.001427}}
{"target": -13.758460496459294, "params": {"gamma": 542.690022548396, "log10_alpha": -1.687505085660605, "log10_colsample_bytree": -0.6896973763124525, "log10_eta": -3.1948780100131295, "log10_lambda": 0.9391237916113431, "log10_min_child_weight": 3.9350053735331447, "log10_subsample": -0.17370169747592812, "max_depth": 4.0, "num_boost_round": 10.0}, "datetime": {"datetime": "2024-01-19 00:30:10", "elapsed": 1142.693333, "delta": 0.005918}}
{"target": -13.758458985311501, "params": {"gamma": 542.690022548396, "log10_alpha": -1.687505085660605, "log10_colsample_bytree": -0.6896973763124525, "log10_eta": -3.1948780100131295, "log10_lambda": 0.9391237916113431, "log10_min_child_weight": 3.9350053735331447, "log10_subsample": -0.17370169747592812, "max_depth": 4.0, "num_boost_round": 11.0}, "datetime": {"datetime": "2024-01-19 00:30:10", "elapsed": 1142.694755, "delta": 0.001422}}
{"target": -13.758451072272509, "params": {"gamma": 542.690022548396, "log10_alpha": -1.687505085660605, "log10_colsample_bytree": -0.6896973763124525, "log10_eta": -3.1948780100131295, "log10_lambda": 0.9391237916113431, "log10_min_child_weight": 3.9350053735331447, "log10_subsample": -0.17370169747592812, "max_depth": 4.0, "num_boost_round": 12.0}, "datetime": {"datetime": "2024-01-19 00:30:10", "elapsed": 1142.69623, "delta": 0.001475}}
{"target": -13.75851491117579, "params": {"gamma": 530.22739880944, "log10_alpha": -3.790223716626837, "log10_colsample_bytree": -0.6236943927650349, "log10_eta": -2.7756820587203506, "log10_lambda": -3.065115301652532, "log10_min_child_weight": 3.19963449636766, "log10_subsample": -0.5047415178087011, "max_depth": 9.0, "num_boost_round": 0.0}, "datetime": {"datetime": "2024-01-19 00:30:32", "elapsed": 1164.573753, "delta": 21.877523}}
{"target": -13.758464962367537, "params": {"gamma": 530.22739880944, "log10_alpha": -3.790223716626837, "log10_colsample_bytree": -0.6236943927650349, "log10_eta": -2.7756820587203506, "log10_lambda": -3.065115301652532, "log10_min_child_weight": 3.19963449636766, "log10_subsample": -0.5047415178087011, "max_depth": 9.0, "num_boost_round": 1.0}, "datetime": {"datetime": "2024-01-19 00:30:32", "elapsed": 1164.575655, "delta": 0.001902}}
{"target": -13.758414627056155, "params": {"gamma": 530.22739880944, "log10_alpha": -3.790223716626837, "log10_colsample_bytree": -0.6236943927650349, "log10_eta": -2.7756820587203506, "log10_lambda": -3.065115301652532, "log10_min_child_weight": 3.19963449636766, "log10_subsample": -0.5047415178087011, "max_depth": 9.0, "num_boost_round": 2.0}, "datetime": {"datetime": "2024-01-19 00:30:32", "elapsed": 1164.577208, "delta": 0.001553}}
{"target": -13.758406745954101, "params": {"gamma": 530.22739880944, "log10_alpha": -3.790223716626837, "log10_colsample_bytree": -0.6236943927650349, "log10_eta": -2.7756820587203506, "log10_lambda": -3.065115301652532, "log10_min_child_weight": 3.19963449636766, "log10_subsample": -0.5047415178087011, "max_depth": 9.0, "num_boost_round": 3.0}, "datetime": {"datetime": "2024-01-19 00:30:32", "elapsed": 1164.578714, "delta": 0.001506}}
{"target": -13.758374061343217, "params": {"gamma": 530.22739880944, "log10_alpha": -3.790223716626837, "log10_colsample_bytree": -0.6236943927650349, "log10_eta": -2.7756820587203506, "log10_lambda": -3.065115301652532, "log10_min_child_weight": 3.19963449636766, "log10_subsample": -0.5047415178087011, "max_depth": 9.0, "num_boost_round": 4.0}, "datetime": {"datetime": "2024-01-19 00:30:32", "elapsed": 1164.580389, "delta": 0.001675}}
{"target": -13.758278995268586, "params": {"gamma": 530.22739880944, "log10_alpha": -3.790223716626837, "log10_colsample_bytree": -0.6236943927650349, "log10_eta": -2.7756820587203506, "log10_lambda": -3.065115301652532, "log10_min_child_weight": 3.19963449636766, "log10_subsample": -0.5047415178087011, "max_depth": 9.0, "num_boost_round": 5.0}, "datetime": {"datetime": "2024-01-19 00:30:32", "elapsed": 1164.581801, "delta": 0.001412}}
{"target": -13.758278034166066, "params": {"gamma": 530.22739880944, "log10_alpha": -3.790223716626837, "log10_colsample_bytree": -0.6236943927650349, "log10_eta": -2.7756820587203506, "log10_lambda": -3.065115301652532, "log10_min_child_weight": 3.19963449636766, "log10_subsample": -0.5047415178087011, "max_depth": 9.0, "num_boost_round": 6.0}, "datetime": {"datetime": "2024-01-19 00:30:32", "elapsed": 1164.583346, "delta": 0.001545}}
{"target": -13.75820204830426, "params": {"gamma": 530.22739880944, "log10_alpha": -3.790223716626837, "log10_colsample_bytree": -0.6236943927650349, "log10_eta": -2.7756820587203506, "log10_lambda": -3.065115301652532, "log10_min_child_weight": 3.19963449636766, "log10_subsample": -0.5047415178087011, "max_depth": 9.0, "num_boost_round": 7.0}, "datetime": {"datetime": "2024-01-19 00:30:32", "elapsed": 1164.584874, "delta": 0.001528}}
{"target": -13.75817110963576, "params": {"gamma": 530.22739880944, "log10_alpha": -3.790223716626837, "log10_colsample_bytree": -0.6236943927650349, "log10_eta": -2.7756820587203506, "log10_lambda": -3.065115301652532, "log10_min_child_weight": 3.19963449636766, "log10_subsample": -0.5047415178087011, "max_depth": 9.0, "num_boost_round": 8.0}, "datetime": {"datetime": "2024-01-19 00:30:32", "elapsed": 1164.58635, "delta": 0.001476}}
{"target": -13.758157703452682, "params": {"gamma": 530.22739880944, "log10_alpha": -3.790223716626837, "log10_colsample_bytree": -0.6236943927650349, "log10_eta": -2.7756820587203506, "log10_lambda": -3.065115301652532, "log10_min_child_weight": 3.19963449636766, "log10_subsample": -0.5047415178087011, "max_depth": 9.0, "num_boost_round": 9.0}, "datetime": {"datetime": "2024-01-19 00:30:32", "elapsed": 1164.587838, "delta": 0.001488}}
{"target": -13.75808041293887, "params": {"gamma": 530.22739880944, "log10_alpha": -3.790223716626837, "log10_colsample_bytree": -0.6236943927650349, "log10_eta": -2.7756820587203506, "log10_lambda": -3.065115301652532, "log10_min_child_weight": 3.19963449636766, "log10_subsample": -0.5047415178087011, "max_depth": 9.0, "num_boost_round": 10.0}, "datetime": {"datetime": "2024-01-19 00:30:32", "elapsed": 1164.589255, "delta": 0.001417}}
{"target": -13.758069995605707, "params": {"gamma": 530.22739880944, "log10_alpha": -3.790223716626837, "log10_colsample_bytree": -0.6236943927650349, "log10_eta": -2.7756820587203506, "log10_lambda": -3.065115301652532, "log10_min_child_weight": 3.19963449636766, "log10_subsample": -0.5047415178087011, "max_depth": 9.0, "num_boost_round": 11.0}, "datetime": {"datetime": "2024-01-19 00:30:32", "elapsed": 1164.590645, "delta": 0.00139}}
{"target": -13.758011796714456, "params": {"gamma": 530.22739880944, "log10_alpha": -3.790223716626837, "log10_colsample_bytree": -0.6236943927650349, "log10_eta": -2.7756820587203506, "log10_lambda": -3.065115301652532, "log10_min_child_weight": 3.19963449636766, "log10_subsample": -0.5047415178087011, "max_depth": 9.0, "num_boost_round": 12.0}, "datetime": {"datetime": "2024-01-19 00:30:32", "elapsed": 1164.592041, "delta": 0.001396}}
{"target": -13.758516507351178, "params": {"gamma": 521.6256425952113, "log10_alpha": -4.639939940237481, "log10_colsample_bytree": -0.5944263839563372, "log10_eta": -3.040481671975573, "log10_lambda": -3.5436939729719867, "log10_min_child_weight": 2.4251427692913623, "log10_subsample": -0.06198340386058576, "max_depth": 4.0, "num_boost_round": 0.0}, "datetime": {"datetime": "2024-01-19 00:30:52", "elapsed": 1183.939348, "delta": 19.347307}}
{"target": -13.758476824592165, "params": {"gamma": 521.6256425952113, "log10_alpha": -4.639939940237481, "log10_colsample_bytree": -0.5944263839563372, "log10_eta": -3.040481671975573, "log10_lambda": -3.5436939729719867, "log10_min_child_weight": 2.4251427692913623, "log10_subsample": -0.06198340386058576, "max_depth": 4.0, "num_boost_round": 1.0}, "datetime": {"datetime": "2024-01-19 00:30:52", "elapsed": 1183.941676, "delta": 0.002328}}
{"target": -13.758467322120032, "params": {"gamma": 521.6256425952113, "log10_alpha": -4.639939940237481, "log10_colsample_bytree": -0.5944263839563372, "log10_eta": -3.040481671975573, "log10_lambda": -3.5436939729719867, "log10_min_child_weight": 2.4251427692913623, "log10_subsample": -0.06198340386058576, "max_depth": 4.0, "num_boost_round": 2.0}, "datetime": {"datetime": "2024-01-19 00:30:52", "elapsed": 1183.943285, "delta": 0.001609}}
{"target": -13.758452998022523, "params": {"gamma": 521.6256425952113, "log10_alpha": -4.639939940237481, "log10_colsample_bytree": -0.5944263839563372, "log10_eta": -3.040481671975573, "log10_lambda": -3.5436939729719867, "log10_min_child_weight": 2.4251427692913623, "log10_subsample": -0.06198340386058576, "max_depth": 4.0, "num_boost_round": 3.0}, "datetime": {"datetime": "2024-01-19 00:30:52", "elapsed": 1183.944807, "delta": 0.001522}}
{"target": -13.758434725963442, "params": {"gamma": 521.6256425952113, "log10_alpha": -4.639939940237481, "log10_colsample_bytree": -0.5944263839563372, "log10_eta": -3.040481671975573, "log10_lambda": -3.5436939729719867, "log10_min_child_weight": 2.4251427692913623, "log10_subsample": -0.06198340386058576, "max_depth": 4.0, "num_boost_round": 4.0}, "datetime": {"datetime": "2024-01-19 00:30:52", "elapsed": 1183.946412, "delta": 0.001605}}
{"target": -13.758381145985936, "params": {"gamma": 521.6256425952113, "log10_alpha": -4.639939940237481, "log10_colsample_bytree": -0.5944263839563372, "log10_eta": -3.040481671975573, "log10_lambda": -3.5436939729719867, "log10_min_child_weight": 2.4251427692913623, "log10_subsample": -0.06198340386058576, "max_depth": 4.0, "num_boost_round": 5.0}, "datetime": {"datetime": "2024-01-19 00:30:52", "elapsed": 1183.947908, "delta": 0.001496}}
{"target": -13.758362204628968, "params": {"gamma": 521.6256425952113, "log10_alpha": -4.639939940237481, "log10_colsample_bytree": -0.5944263839563372, "log10_eta": -3.040481671975573, "log10_lambda": -3.5436939729719867, "log10_min_child_weight": 2.4251427692913623, "log10_subsample": -0.06198340386058576, "max_depth": 4.0, "num_boost_round": 6.0}, "datetime": {"datetime": "2024-01-19 00:30:52", "elapsed": 1183.949418, "delta": 0.00151}}
{"target": -13.758359951787178, "params": {"gamma": 521.6256425952113, "log10_alpha": -4.639939940237481, "log10_colsample_bytree": -0.5944263839563372, "log10_eta": -3.040481671975573, "log10_lambda": -3.5436939729719867, "log10_min_child_weight": 2.4251427692913623, "log10_subsample": -0.06198340386058576, "max_depth": 4.0, "num_boost_round": 7.0}, "datetime": {"datetime": "2024-01-19 00:30:52", "elapsed": 1183.951074, "delta": 0.001656}}
{"target": -13.758359665993957, "params": {"gamma": 521.6256425952113, "log10_alpha": -4.639939940237481, "log10_colsample_bytree": -0.5944263839563372, "log10_eta": -3.040481671975573, "log10_lambda": -3.5436939729719867, "log10_min_child_weight": 2.4251427692913623, "log10_subsample": -0.06198340386058576, "max_depth": 4.0, "num_boost_round": 8.0}, "datetime": {"datetime": "2024-01-19 00:30:52", "elapsed": 1183.952483, "delta": 0.001409}}
{"target": -13.758354145051763, "params": {"gamma": 521.6256425952113, "log10_alpha": -4.639939940237481, "log10_colsample_bytree": -0.5944263839563372, "log10_eta": -3.040481671975573, "log10_lambda": -3.5436939729719867, "log10_min_child_weight": 2.4251427692913623, "log10_subsample": -0.06198340386058576, "max_depth": 4.0, "num_boost_round": 9.0}, "datetime": {"datetime": "2024-01-19 00:30:52", "elapsed": 1183.953894, "delta": 0.001411}}
{"target": -13.758538094951103, "params": {"gamma": 526.8456013307097, "log10_alpha": -3.406691186661913, "log10_colsample_bytree": -0.7454690893709279, "log10_eta": -2.755668966680196, "log10_lambda": -0.5665439304559365, "log10_min_child_weight": 4.189895640194523, "log10_subsample": -0.45162010509623796, "max_depth": 9.0, "num_boost_round": 0.0}, "datetime": {"datetime": "2024-01-19 00:31:16", "elapsed": 1208.655649, "delta": 24.701755}}
{"target": -13.758534080096899, "params": {"gamma": 526.8456013307097, "log10_alpha": -3.406691186661913, "log10_colsample_bytree": -0.7454690893709279, "log10_eta": -2.755668966680196, "log10_lambda": -0.5665439304559365, "log10_min_child_weight": 4.189895640194523, "log10_subsample": -0.45162010509623796, "max_depth": 9.0, "num_boost_round": 1.0}, "datetime": {"datetime": "2024-01-19 00:31:16", "elapsed": 1208.657373, "delta": 0.001724}}
{"target": -13.758520231339096, "params": {"gamma": 526.8456013307097, "log10_alpha": -3.406691186661913, "log10_colsample_bytree": -0.7454690893709279, "log10_eta": -2.755668966680196, "log10_lambda": -0.5665439304559365, "log10_min_child_weight": 4.189895640194523, "log10_subsample": -0.45162010509623796, "max_depth": 9.0, "num_boost_round": 2.0}, "datetime": {"datetime": "2024-01-19 00:31:16", "elapsed": 1208.659663, "delta": 0.00229}}
{"target": -13.75849945005833, "params": {"gamma": 526.8456013307097, "log10_alpha": -3.406691186661913, "log10_colsample_bytree": -0.7454690893709279, "log10_eta": -2.755668966680196, "log10_lambda": -0.5665439304559365, "log10_min_child_weight": 4.189895640194523, "log10_subsample": -0.45162010509623796, "max_depth": 9.0, "num_boost_round": 3.0}, "datetime": {"datetime": "2024-01-19 00:31:16", "elapsed": 1208.661243, "delta": 0.00158}}
{"target": -13.758500301099419, "params": {"gamma": 526.8456013307097, "log10_alpha": -3.406691186661913, "log10_colsample_bytree": -0.7454690893709279, "log10_eta": -2.755668966680196, "log10_lambda": -0.5665439304559365, "log10_min_child_weight": 4.189895640194523, "log10_subsample": -0.45162010509623796, "max_depth": 9.0, "num_boost_round": 4.0}, "datetime": {"datetime": "2024-01-19 00:31:16", "elapsed": 1208.662742, "delta": 0.001499}}
{"target": -13.758491078547337, "params": {"gamma": 526.8456013307097, "log10_alpha": -3.406691186661913, "log10_colsample_bytree": -0.7454690893709279, "log10_eta": -2.755668966680196, "log10_lambda": -0.5665439304559365, "log10_min_child_weight": 4.189895640194523, "log10_subsample": -0.45162010509623796, "max_depth": 9.0, "num_boost_round": 5.0}, "datetime": {"datetime": "2024-01-19 00:31:16", "elapsed": 1208.664235, "delta": 0.001493}}
{"target": -13.758513631931454, "params": {"gamma": 526.8456013307097, "log10_alpha": -3.406691186661913, "log10_colsample_bytree": -0.7454690893709279, "log10_eta": -2.755668966680196, "log10_lambda": -0.5665439304559365, "log10_min_child_weight": 4.189895640194523, "log10_subsample": -0.45162010509623796, "max_depth": 9.0, "num_boost_round": 6.0}, "datetime": {"datetime": "2024-01-19 00:31:16", "elapsed": 1208.665814, "delta": 0.001579}}
{"target": -13.758500154353879, "params": {"gamma": 526.8456013307097, "log10_alpha": -3.406691186661913, "log10_colsample_bytree": -0.7454690893709279, "log10_eta": -2.755668966680196, "log10_lambda": -0.5665439304559365, "log10_min_child_weight": 4.189895640194523, "log10_subsample": -0.45162010509623796, "max_depth": 9.0, "num_boost_round": 7.0}, "datetime": {"datetime": "2024-01-19 00:31:16", "elapsed": 1208.66734, "delta": 0.001526}}
{"target": -13.758501051246832, "params": {"gamma": 526.8456013307097, "log10_alpha": -3.406691186661913, "log10_colsample_bytree": -0.7454690893709279, "log10_eta": -2.755668966680196, "log10_lambda": -0.5665439304559365, "log10_min_child_weight": 4.189895640194523, "log10_subsample": -0.45162010509623796, "max_depth": 9.0, "num_boost_round": 8.0}, "datetime": {"datetime": "2024-01-19 00:31:16", "elapsed": 1208.668841, "delta": 0.001501}}
{"target": -13.758488990491088, "params": {"gamma": 526.8456013307097, "log10_alpha": -3.406691186661913, "log10_colsample_bytree": -0.7454690893709279, "log10_eta": -2.755668966680196, "log10_lambda": -0.5665439304559365, "log10_min_child_weight": 4.189895640194523, "log10_subsample": -0.45162010509623796, "max_depth": 9.0, "num_boost_round": 9.0}, "datetime": {"datetime": "2024-01-19 00:31:16", "elapsed": 1208.670339, "delta": 0.001498}}
{"target": -13.75847616428347, "params": {"gamma": 526.8456013307097, "log10_alpha": -3.406691186661913, "log10_colsample_bytree": -0.7454690893709279, "log10_eta": -2.755668966680196, "log10_lambda": -0.5665439304559365, "log10_min_child_weight": 4.189895640194523, "log10_subsample": -0.45162010509623796, "max_depth": 9.0, "num_boost_round": 10.0}, "datetime": {"datetime": "2024-01-19 00:31:16", "elapsed": 1208.671818, "delta": 0.001479}}
{"target": -13.75847317202232, "params": {"gamma": 526.8456013307097, "log10_alpha": -3.406691186661913, "log10_colsample_bytree": -0.7454690893709279, "log10_eta": -2.755668966680196, "log10_lambda": -0.5665439304559365, "log10_min_child_weight": 4.189895640194523, "log10_subsample": -0.45162010509623796, "max_depth": 9.0, "num_boost_round": 11.0}, "datetime": {"datetime": "2024-01-19 00:31:16", "elapsed": 1208.673309, "delta": 0.001491}}
{"target": -13.75848419283512, "params": {"gamma": 526.8456013307097, "log10_alpha": -3.406691186661913, "log10_colsample_bytree": -0.7454690893709279, "log10_eta": -2.755668966680196, "log10_lambda": -0.5665439304559365, "log10_min_child_weight": 4.189895640194523, "log10_subsample": -0.45162010509623796, "max_depth": 9.0, "num_boost_round": 12.0}, "datetime": {"datetime": "2024-01-19 00:31:16", "elapsed": 1208.67479, "delta": 0.001481}}
{"target": -13.758479242131733, "params": {"gamma": 526.8456013307097, "log10_alpha": -3.406691186661913, "log10_colsample_bytree": -0.7454690893709279, "log10_eta": -2.755668966680196, "log10_lambda": -0.5665439304559365, "log10_min_child_weight": 4.189895640194523, "log10_subsample": -0.45162010509623796, "max_depth": 9.0, "num_boost_round": 13.0}, "datetime": {"datetime": "2024-01-19 00:31:16", "elapsed": 1208.676266, "delta": 0.001476}}
{"target": -13.758470191363493, "params": {"gamma": 526.8456013307097, "log10_alpha": -3.406691186661913, "log10_colsample_bytree": -0.7454690893709279, "log10_eta": -2.755668966680196, "log10_lambda": -0.5665439304559365, "log10_min_child_weight": 4.189895640194523, "log10_subsample": -0.45162010509623796, "max_depth": 9.0, "num_boost_round": 14.0}, "datetime": {"datetime": "2024-01-19 00:31:16", "elapsed": 1208.677751, "delta": 0.001485}}
{"target": -13.758447133545184, "params": {"gamma": 526.8456013307097, "log10_alpha": -3.406691186661913, "log10_colsample_bytree": -0.7454690893709279, "log10_eta": -2.755668966680196, "log10_lambda": -0.5665439304559365, "log10_min_child_weight": 4.189895640194523, "log10_subsample": -0.45162010509623796, "max_depth": 9.0, "num_boost_round": 15.0}, "datetime": {"datetime": "2024-01-19 00:31:16", "elapsed": 1208.679222, "delta": 0.001471}}
{"target": -13.758429650444507, "params": {"gamma": 526.8456013307097, "log10_alpha": -3.406691186661913, "log10_colsample_bytree": -0.7454690893709279, "log10_eta": -2.755668966680196, "log10_lambda": -0.5665439304559365, "log10_min_child_weight": 4.189895640194523, "log10_subsample": -0.45162010509623796, "max_depth": 9.0, "num_boost_round": 16.0}, "datetime": {"datetime": "2024-01-19 00:31:16", "elapsed": 1208.680716, "delta": 0.001494}}
{"target": -13.758407756751545, "params": {"gamma": 526.8456013307097, "log10_alpha": -3.406691186661913, "log10_colsample_bytree": -0.7454690893709279, "log10_eta": -2.755668966680196, "log10_lambda": -0.5665439304559365, "log10_min_child_weight": 4.189895640194523, "log10_subsample": -0.45162010509623796, "max_depth": 9.0, "num_boost_round": 17.0}, "datetime": {"datetime": "2024-01-19 00:31:16", "elapsed": 1208.682208, "delta": 0.001492}}
{"target": -13.75841756905799, "params": {"gamma": 526.8456013307097, "log10_alpha": -3.406691186661913, "log10_colsample_bytree": -0.7454690893709279, "log10_eta": -2.755668966680196, "log10_lambda": -0.5665439304559365, "log10_min_child_weight": 4.189895640194523, "log10_subsample": -0.45162010509623796, "max_depth": 9.0, "num_boost_round": 18.0}, "datetime": {"datetime": "2024-01-19 00:31:16", "elapsed": 1208.68379, "delta": 0.001582}}
