{"target": -13.796213097986259, "params": {"gamma": 888.40202601664, "log10_alpha": -0.39486767566122793, "log10_colsample_bytree": -0.4083354178936136, "log10_eta": -0.5731651688083512, "log10_lambda": 0.781232203357745, "log10_min_child_weight": 4.195779487525252, "log10_subsample": -0.6697447962734703, "max_depth": 9.0, "num_boost_round": 17.0}, "datetime": {"datetime": "2024-01-19 00:17:45", "elapsed": 370.241057, "delta": 0.000939}}
{"target": -13.798561950965622, "params": {"gamma": 888.40202601664, "log10_alpha": -0.39486767566122793, "log10_colsample_bytree": -0.4083354178936136, "log10_eta": -0.5731651688083512, "log10_lambda": 0.781232203357745, "log10_min_child_weight": 4.195779487525252, "log10_subsample": -0.6697447962734703, "max_depth": 9.0, "num_boost_round": 18.0}, "datetime": {"datetime": "2024-01-19 00:17:45", "elapsed": 370.242193, "delta": 0.001136}}
{"target": -13.799035729939341, "params": {"gamma": 888.40202601664, "log10_alpha": -0.39486767566122793, "log10_colsample_bytree": -0.4083354178936136, "log10_eta": -0.5731651688083512, "log10_lambda": 0.781232203357745, "log10_min_child_weight": 4.195779487525252, "log10_subsample": -0.6697447962734703, "max_depth": 9.0, "num_boost_round": 19.0}, "datetime": {"datetime": "2024-01-19 00:17:45", "elapsed": 370.243036, "delta": 0.000843}}
{"target": -13.799763673876928, "params": {"gamma": 888.40202601664, "log10_alpha": -0.39486767566122793, "log10_colsample_bytree": -0.4083354178936136, "log10_eta": -0.5731651688083512, "log10_lambda": 0.781232203357745, "log10_min_child_weight": 4.195779487525252, "log10_subsample": -0.6697447962734703, "max_depth": 9.0, "num_boost_round": 20.0}, "datetime": {"datetime": "2024-01-19 00:17:45", "elapsed": 370.24391, "delta": 0.000874}}
{"target": -13.801224099902395, "params": {"gamma": 888.40202601664, "log10_alpha": -0.39486767566122793, "log10_colsample_bytree": -0.4083354178936136, "log10_eta": -0.5731651688083512, "log10_lambda": 0.781232203357745, "log10_min_child_weight": 4.195779487525252, "log10_subsample": -0.6697447962734703, "max_depth": 9.0, "num_boost_round": 21.0}, "datetime": {"datetime": "2024-01-19 00:17:45", "elapsed": 370.244736, "delta": 0.000826}}
{"target": -13.80273861875499, "params": {"gamma": 888.40202601664, "log10_alpha": -0.39486767566122793, "log10_colsample_bytree": -0.4083354178936136, "log10_eta": -0.5731651688083512, "log10_lambda": 0.781232203357745, "log10_min_child_weight": 4.195779487525252, "log10_subsample": -0.6697447962734703, "max_depth": 9.0, "num_boost_round": 22.0}, "datetime": {"datetime": "2024-01-19 00:17:45", "elapsed": 370.245579, "delta": 0.000843}}
{"target": -13.80382412294199, "params": {"gamma": 888.40202601664, "log10_alpha": -0.39486767566122793, "log10_colsample_bytree": -0.4083354178936136, "log10_eta": -0.5731651688083512, "log10_lambda": 0.781232203357745, "log10_min_child_weight": 4.195779487525252, "log10_subsample": -0.6697447962734703, "max_depth": 9.0, "num_boost_round": 23.0}, "datetime": {"datetime": "2024-01-19 00:17:45", "elapsed": 370.246417, "delta": 0.000838}}
{"target": -13.80579495823269, "params": {"gamma": 888.40202601664, "log10_alpha": -0.39486767566122793, "log10_colsample_bytree": -0.4083354178936136, "log10_eta": -0.5731651688083512, "log10_lambda": 0.781232203357745, "log10_min_child_weight": 4.195779487525252, "log10_subsample": -0.6697447962734703, "max_depth": 9.0, "num_boost_round": 24.0}, "datetime": {"datetime": "2024-01-19 00:17:45", "elapsed": 370.247252, "delta": 0.000835}}
{"target": -13.758538081515676, "params": {"gamma": 894.9198506393495, "log10_alpha": -0.9342073074108219, "log10_colsample_bytree": -0.7749828926244972, "log10_eta": -3.673566487607292, "log10_lambda": -0.8813927751678676, "log10_min_child_weight": 4.4156148342733506, "log10_subsample": -0.4729479580824335, "max_depth": 3.0, "num_boost_round": 0.0}, "datetime": {"datetime": "2024-01-19 00:18:07", "elapsed": 391.683133, "delta": 21.435881}}
{"target": -13.75853836430236, "params": {"gamma": 894.9198506393495, "log10_alpha": -0.9342073074108219, "log10_colsample_bytree": -0.7749828926244972, "log10_eta": -3.673566487607292, "log10_lambda": -0.8813927751678676, "log10_min_child_weight": 4.4156148342733506, "log10_subsample": -0.4729479580824335, "max_depth": 3.0, "num_boost_round": 1.0}, "datetime": {"datetime": "2024-01-19 00:18:07", "elapsed": 391.684121, "delta": 0.000988}}
{"target": -13.758538428170413, "params": {"gamma": 894.9198506393495, "log10_alpha": -0.9342073074108219, "log10_colsample_bytree": -0.7749828926244972, "log10_eta": -3.673566487607292, "log10_lambda": -0.8813927751678676, "log10_min_child_weight": 4.4156148342733506, "log10_subsample": -0.4729479580824335, "max_depth": 3.0, "num_boost_round": 2.0}, "datetime": {"datetime": "2024-01-19 00:18:07", "elapsed": 391.685257, "delta": 0.001136}}
{"target": -13.758537464211448, "params": {"gamma": 894.9198506393495, "log10_alpha": -0.9342073074108219, "log10_colsample_bytree": -0.7749828926244972, "log10_eta": -3.673566487607292, "log10_lambda": -0.8813927751678676, "log10_min_child_weight": 4.4156148342733506, "log10_subsample": -0.4729479580824335, "max_depth": 3.0, "num_boost_round": 3.0}, "datetime": {"datetime": "2024-01-19 00:18:07", "elapsed": 391.686118, "delta": 0.000861}}
{"target": -13.758538058271062, "params": {"gamma": 894.9198506393495, "log10_alpha": -0.9342073074108219, "log10_colsample_bytree": -0.7749828926244972, "log10_eta": -3.673566487607292, "log10_lambda": -0.8813927751678676, "log10_min_child_weight": 4.4156148342733506, "log10_subsample": -0.4729479580824335, "max_depth": 3.0, "num_boost_round": 4.0}, "datetime": {"datetime": "2024-01-19 00:18:07", "elapsed": 391.686963, "delta": 0.000845}}
{"target": -13.758537848663131, "params": {"gamma": 894.9198506393495, "log10_alpha": -0.9342073074108219, "log10_colsample_bytree": -0.7749828926244972, "log10_eta": -3.673566487607292, "log10_lambda": -0.8813927751678676, "log10_min_child_weight": 4.4156148342733506, "log10_subsample": -0.4729479580824335, "max_depth": 3.0, "num_boost_round": 5.0}, "datetime": {"datetime": "2024-01-19 00:18:07", "elapsed": 391.687793, "delta": 0.00083}}
{"target": -13.758539478837385, "params": {"gamma": 894.9198506393495, "log10_alpha": -0.9342073074108219, "log10_colsample_bytree": -0.7749828926244972, "log10_eta": -3.673566487607292, "log10_lambda": -0.8813927751678676, "log10_min_child_weight": 4.4156148342733506, "log10_subsample": -0.4729479580824335, "max_depth": 3.0, "num_boost_round": 6.0}, "datetime": {"datetime": "2024-01-19 00:18:07", "elapsed": 391.688635, "delta": 0.000842}}
{"target": -13.758538728026624, "params": {"gamma": 894.9198506393495, "log10_alpha": -0.9342073074108219, "log10_colsample_bytree": -0.7749828926244972, "log10_eta": -3.673566487607292, "log10_lambda": -0.8813927751678676, "log10_min_child_weight": 4.4156148342733506, "log10_subsample": -0.4729479580824335, "max_depth": 3.0, "num_boost_round": 7.0}, "datetime": {"datetime": "2024-01-19 00:18:07", "elapsed": 391.689475, "delta": 0.00084}}
{"target": -13.758538754834762, "params": {"gamma": 894.9198506393495, "log10_alpha": -0.9342073074108219, "log10_colsample_bytree": -0.7749828926244972, "log10_eta": -3.673566487607292, "log10_lambda": -0.8813927751678676, "log10_min_child_weight": 4.4156148342733506, "log10_subsample": -0.4729479580824335, "max_depth": 3.0, "num_boost_round": 8.0}, "datetime": {"datetime": "2024-01-19 00:18:07", "elapsed": 391.690317, "delta": 0.000842}}
{"target": -13.758537588024252, "params": {"gamma": 894.9198506393495, "log10_alpha": -0.9342073074108219, "log10_colsample_bytree": -0.7749828926244972, "log10_eta": -3.673566487607292, "log10_lambda": -0.8813927751678676, "log10_min_child_weight": 4.4156148342733506, "log10_subsample": -0.4729479580824335, "max_depth": 3.0, "num_boost_round": 9.0}, "datetime": {"datetime": "2024-01-19 00:18:07", "elapsed": 391.691174, "delta": 0.000857}}
{"target": -13.758537977651018, "params": {"gamma": 894.9198506393495, "log10_alpha": -0.9342073074108219, "log10_colsample_bytree": -0.7749828926244972, "log10_eta": -3.673566487607292, "log10_lambda": -0.8813927751678676, "log10_min_child_weight": 4.4156148342733506, "log10_subsample": -0.4729479580824335, "max_depth": 3.0, "num_boost_round": 10.0}, "datetime": {"datetime": "2024-01-19 00:18:07", "elapsed": 391.69203, "delta": 0.000856}}
{"target": -13.758537314991576, "params": {"gamma": 894.9198506393495, "log10_alpha": -0.9342073074108219, "log10_colsample_bytree": -0.7749828926244972, "log10_eta": -3.673566487607292, "log10_lambda": -0.8813927751678676, "log10_min_child_weight": 4.4156148342733506, "log10_subsample": -0.4729479580824335, "max_depth": 3.0, "num_boost_round": 11.0}, "datetime": {"datetime": "2024-01-19 00:18:07", "elapsed": 391.693666, "delta": 0.001636}}
{"target": -13.758538820656437, "params": {"gamma": 894.9198506393495, "log10_alpha": -0.9342073074108219, "log10_colsample_bytree": -0.7749828926244972, "log10_eta": -3.673566487607292, "log10_lambda": -0.8813927751678676, "log10_min_child_weight": 4.4156148342733506, "log10_subsample": -0.4729479580824335, "max_depth": 3.0, "num_boost_round": 12.0}, "datetime": {"datetime": "2024-01-19 00:18:07", "elapsed": 391.69455, "delta": 0.000884}}
{"target": -13.758538238392733, "params": {"gamma": 894.9198506393495, "log10_alpha": -0.9342073074108219, "log10_colsample_bytree": -0.7749828926244972, "log10_eta": -3.673566487607292, "log10_lambda": -0.8813927751678676, "log10_min_child_weight": 4.4156148342733506, "log10_subsample": -0.4729479580824335, "max_depth": 3.0, "num_boost_round": 13.0}, "datetime": {"datetime": "2024-01-19 00:18:07", "elapsed": 391.695421, "delta": 0.000871}}
{"target": -13.75853748859624, "params": {"gamma": 894.9198506393495, "log10_alpha": -0.9342073074108219, "log10_colsample_bytree": -0.7749828926244972, "log10_eta": -3.673566487607292, "log10_lambda": -0.8813927751678676, "log10_min_child_weight": 4.4156148342733506, "log10_subsample": -0.4729479580824335, "max_depth": 3.0, "num_boost_round": 14.0}, "datetime": {"datetime": "2024-01-19 00:18:07", "elapsed": 391.696283, "delta": 0.000862}}
{"target": -13.758534816369869, "params": {"gamma": 894.9198506393495, "log10_alpha": -0.9342073074108219, "log10_colsample_bytree": -0.7749828926244972, "log10_eta": -3.673566487607292, "log10_lambda": -0.8813927751678676, "log10_min_child_weight": 4.4156148342733506, "log10_subsample": -0.4729479580824335, "max_depth": 3.0, "num_boost_round": 15.0}, "datetime": {"datetime": "2024-01-19 00:18:07", "elapsed": 391.697152, "delta": 0.000869}}
{"target": -13.758533241965143, "params": {"gamma": 894.9198506393495, "log10_alpha": -0.9342073074108219, "log10_colsample_bytree": -0.7749828926244972, "log10_eta": -3.673566487607292, "log10_lambda": -0.8813927751678676, "log10_min_child_weight": 4.4156148342733506, "log10_subsample": -0.4729479580824335, "max_depth": 3.0, "num_boost_round": 16.0}, "datetime": {"datetime": "2024-01-19 00:18:07", "elapsed": 391.698009, "delta": 0.000857}}
{"target": -13.758531702044525, "params": {"gamma": 894.9198506393495, "log10_alpha": -0.9342073074108219, "log10_colsample_bytree": -0.7749828926244972, "log10_eta": -3.673566487607292, "log10_lambda": -0.8813927751678676, "log10_min_child_weight": 4.4156148342733506, "log10_subsample": -0.4729479580824335, "max_depth": 3.0, "num_boost_round": 17.0}, "datetime": {"datetime": "2024-01-19 00:18:07", "elapsed": 391.698863, "delta": 0.000854}}
{"target": -13.758063703125291, "params": {"gamma": 889.8876778780343, "log10_alpha": -0.2723607725979402, "log10_colsample_bytree": -0.08369767640953607, "log10_eta": -1.0093757559499075, "log10_lambda": -2.0290952171145085, "log10_min_child_weight": 1.2196765457006697, "log10_subsample": -0.8830280190993582, "max_depth": 2.0, "num_boost_round": 0.0}, "datetime": {"datetime": "2024-01-19 00:18:31", "elapsed": 415.856741, "delta": 24.157878}}
{"target": -13.757972534577574, "params": {"gamma": 889.8876778780343, "log10_alpha": -0.2723607725979402, "log10_colsample_bytree": -0.08369767640953607, "log10_eta": -1.0093757559499075, "log10_lambda": -2.0290952171145085, "log10_min_child_weight": 1.2196765457006697, "log10_subsample": -0.8830280190993582, "max_depth": 2.0, "num_boost_round": 1.0}, "datetime": {"datetime": "2024-01-19 00:18:31", "elapsed": 415.857834, "delta": 0.001093}}
{"target": -13.758959643872904, "params": {"gamma": 889.8876778780343, "log10_alpha": -0.2723607725979402, "log10_colsample_bytree": -0.08369767640953607, "log10_eta": -1.0093757559499075, "log10_lambda": -2.0290952171145085, "log10_min_child_weight": 1.2196765457006697, "log10_subsample": -0.8830280190993582, "max_depth": 2.0, "num_boost_round": 2.0}, "datetime": {"datetime": "2024-01-19 00:18:31", "elapsed": 415.859079, "delta": 0.001245}}
{"target": -13.759783906595578, "params": {"gamma": 889.8876778780343, "log10_alpha": -0.2723607725979402, "log10_colsample_bytree": -0.08369767640953607, "log10_eta": -1.0093757559499075, "log10_lambda": -2.0290952171145085, "log10_min_child_weight": 1.2196765457006697, "log10_subsample": -0.8830280190993582, "max_depth": 2.0, "num_boost_round": 3.0}, "datetime": {"datetime": "2024-01-19 00:18:31", "elapsed": 415.860262, "delta": 0.001183}}
{"target": -13.759492581639234, "params": {"gamma": 889.8876778780343, "log10_alpha": -0.2723607725979402, "log10_colsample_bytree": -0.08369767640953607, "log10_eta": -1.0093757559499075, "log10_lambda": -2.0290952171145085, "log10_min_child_weight": 1.2196765457006697, "log10_subsample": -0.8830280190993582, "max_depth": 2.0, "num_boost_round": 4.0}, "datetime": {"datetime": "2024-01-19 00:18:31", "elapsed": 415.861421, "delta": 0.001159}}
{"target": -13.75980349080634, "params": {"gamma": 889.8876778780343, "log10_alpha": -0.2723607725979402, "log10_colsample_bytree": -0.08369767640953607, "log10_eta": -1.0093757559499075, "log10_lambda": -2.0290952171145085, "log10_min_child_weight": 1.2196765457006697, "log10_subsample": -0.8830280190993582, "max_depth": 2.0, "num_boost_round": 5.0}, "datetime": {"datetime": "2024-01-19 00:18:31", "elapsed": 415.86242, "delta": 0.000999}}
{"target": -13.761232010081786, "params": {"gamma": 889.8876778780343, "log10_alpha": -0.2723607725979402, "log10_colsample_bytree": -0.08369767640953607, "log10_eta": -1.0093757559499075, "log10_lambda": -2.0290952171145085, "log10_min_child_weight": 1.2196765457006697, "log10_subsample": -0.8830280190993582, "max_depth": 2.0, "num_boost_round": 6.0}, "datetime": {"datetime": "2024-01-19 00:18:31", "elapsed": 415.863292, "delta": 0.000872}}
{"target": -13.760934384462018, "params": {"gamma": 889.8876778780343, "log10_alpha": -0.2723607725979402, "log10_colsample_bytree": -0.08369767640953607, "log10_eta": -1.0093757559499075, "log10_lambda": -2.0290952171145085, "log10_min_child_weight": 1.2196765457006697, "log10_subsample": -0.8830280190993582, "max_depth": 2.0, "num_boost_round": 7.0}, "datetime": {"datetime": "2024-01-19 00:18:31", "elapsed": 415.864184, "delta": 0.000892}}
{"target": -13.759503829943768, "params": {"gamma": 889.8876778780343, "log10_alpha": -0.2723607725979402, "log10_colsample_bytree": -0.08369767640953607, "log10_eta": -1.0093757559499075, "log10_lambda": -2.0290952171145085, "log10_min_child_weight": 1.2196765457006697, "log10_subsample": -0.8830280190993582, "max_depth": 2.0, "num_boost_round": 8.0}, "datetime": {"datetime": "2024-01-19 00:18:31", "elapsed": 415.86505, "delta": 0.000866}}
{"target": -13.760586877210477, "params": {"gamma": 889.8876778780343, "log10_alpha": -0.2723607725979402, "log10_colsample_bytree": -0.08369767640953607, "log10_eta": -1.0093757559499075, "log10_lambda": -2.0290952171145085, "log10_min_child_weight": 1.2196765457006697, "log10_subsample": -0.8830280190993582, "max_depth": 2.0, "num_boost_round": 9.0}, "datetime": {"datetime": "2024-01-19 00:18:31", "elapsed": 415.865956, "delta": 0.000906}}
{"target": -13.761491159177309, "params": {"gamma": 889.8876778780343, "log10_alpha": -0.2723607725979402, "log10_colsample_bytree": -0.08369767640953607, "log10_eta": -1.0093757559499075, "log10_lambda": -2.0290952171145085, "log10_min_child_weight": 1.2196765457006697, "log10_subsample": -0.8830280190993582, "max_depth": 2.0, "num_boost_round": 10.0}, "datetime": {"datetime": "2024-01-19 00:18:31", "elapsed": 415.866819, "delta": 0.000863}}
{"target": -13.762586830303698, "params": {"gamma": 889.8876778780343, "log10_alpha": -0.2723607725979402, "log10_colsample_bytree": -0.08369767640953607, "log10_eta": -1.0093757559499075, "log10_lambda": -2.0290952171145085, "log10_min_child_weight": 1.2196765457006697, "log10_subsample": -0.8830280190993582, "max_depth": 2.0, "num_boost_round": 11.0}, "datetime": {"datetime": "2024-01-19 00:18:31", "elapsed": 415.867685, "delta": 0.000866}}
{"target": -13.76289241053712, "params": {"gamma": 889.8876778780343, "log10_alpha": -0.2723607725979402, "log10_colsample_bytree": -0.08369767640953607, "log10_eta": -1.0093757559499075, "log10_lambda": -2.0290952171145085, "log10_min_child_weight": 1.2196765457006697, "log10_subsample": -0.8830280190993582, "max_depth": 2.0, "num_boost_round": 12.0}, "datetime": {"datetime": "2024-01-19 00:18:31", "elapsed": 415.868554, "delta": 0.000869}}
{"target": -13.762535441420368, "params": {"gamma": 889.8876778780343, "log10_alpha": -0.2723607725979402, "log10_colsample_bytree": -0.08369767640953607, "log10_eta": -1.0093757559499075, "log10_lambda": -2.0290952171145085, "log10_min_child_weight": 1.2196765457006697, "log10_subsample": -0.8830280190993582, "max_depth": 2.0, "num_boost_round": 13.0}, "datetime": {"datetime": "2024-01-19 00:18:31", "elapsed": 415.869428, "delta": 0.000874}}
{"target": -13.76189614164735, "params": {"gamma": 889.8876778780343, "log10_alpha": -0.2723607725979402, "log10_colsample_bytree": -0.08369767640953607, "log10_eta": -1.0093757559499075, "log10_lambda": -2.0290952171145085, "log10_min_child_weight": 1.2196765457006697, "log10_subsample": -0.8830280190993582, "max_depth": 2.0, "num_boost_round": 14.0}, "datetime": {"datetime": "2024-01-19 00:18:31", "elapsed": 415.870382, "delta": 0.000954}}
{"target": -13.762062048491034, "params": {"gamma": 889.8876778780343, "log10_alpha": -0.2723607725979402, "log10_colsample_bytree": -0.08369767640953607, "log10_eta": -1.0093757559499075, "log10_lambda": -2.0290952171145085, "log10_min_child_weight": 1.2196765457006697, "log10_subsample": -0.8830280190993582, "max_depth": 2.0, "num_boost_round": 15.0}, "datetime": {"datetime": "2024-01-19 00:18:31", "elapsed": 415.87126, "delta": 0.000878}}
{"target": -13.76341633923913, "params": {"gamma": 889.8876778780343, "log10_alpha": -0.2723607725979402, "log10_colsample_bytree": -0.08369767640953607, "log10_eta": -1.0093757559499075, "log10_lambda": -2.0290952171145085, "log10_min_child_weight": 1.2196765457006697, "log10_subsample": -0.8830280190993582, "max_depth": 2.0, "num_boost_round": 16.0}, "datetime": {"datetime": "2024-01-19 00:18:31", "elapsed": 415.872266, "delta": 0.001006}}
{"target": -13.76410801611106, "params": {"gamma": 889.8876778780343, "log10_alpha": -0.2723607725979402, "log10_colsample_bytree": -0.08369767640953607, "log10_eta": -1.0093757559499075, "log10_lambda": -2.0290952171145085, "log10_min_child_weight": 1.2196765457006697, "log10_subsample": -0.8830280190993582, "max_depth": 2.0, "num_boost_round": 17.0}, "datetime": {"datetime": "2024-01-19 00:18:31", "elapsed": 415.873143, "delta": 0.000877}}
{"target": -13.765082262849663, "params": {"gamma": 889.8876778780343, "log10_alpha": -0.2723607725979402, "log10_colsample_bytree": -0.08369767640953607, "log10_eta": -1.0093757559499075, "log10_lambda": -2.0290952171145085, "log10_min_child_weight": 1.2196765457006697, "log10_subsample": -0.8830280190993582, "max_depth": 2.0, "num_boost_round": 18.0}, "datetime": {"datetime": "2024-01-19 00:18:31", "elapsed": 415.874025, "delta": 0.000882}}
{"target": -13.763965731094482, "params": {"gamma": 889.8876778780343, "log10_alpha": -0.2723607725979402, "log10_colsample_bytree": -0.08369767640953607, "log10_eta": -1.0093757559499075, "log10_lambda": -2.0290952171145085, "log10_min_child_weight": 1.2196765457006697, "log10_subsample": -0.8830280190993582, "max_depth": 2.0, "num_boost_round": 19.0}, "datetime": {"datetime": "2024-01-19 00:18:31", "elapsed": 415.874909, "delta": 0.000884}}
{"target": -13.765792203308735, "params": {"gamma": 889.8876778780343, "log10_alpha": -0.2723607725979402, "log10_colsample_bytree": -0.08369767640953607, "log10_eta": -1.0093757559499075, "log10_lambda": -2.0290952171145085, "log10_min_child_weight": 1.2196765457006697, "log10_subsample": -0.8830280190993582, "max_depth": 2.0, "num_boost_round": 20.0}, "datetime": {"datetime": "2024-01-19 00:18:31", "elapsed": 415.875776, "delta": 0.000867}}
{"target": -13.76801960668099, "params": {"gamma": 889.8876778780343, "log10_alpha": -0.2723607725979402, "log10_colsample_bytree": -0.08369767640953607, "log10_eta": -1.0093757559499075, "log10_lambda": -2.0290952171145085, "log10_min_child_weight": 1.2196765457006697, "log10_subsample": -0.8830280190993582, "max_depth": 2.0, "num_boost_round": 21.0}, "datetime": {"datetime": "2024-01-19 00:18:31", "elapsed": 415.876663, "delta": 0.000887}}
{"target": -13.770655021361685, "params": {"gamma": 889.8876778780343, "log10_alpha": -0.2723607725979402, "log10_colsample_bytree": -0.08369767640953607, "log10_eta": -1.0093757559499075, "log10_lambda": -2.0290952171145085, "log10_min_child_weight": 1.2196765457006697, "log10_subsample": -0.8830280190993582, "max_depth": 2.0, "num_boost_round": 22.0}, "datetime": {"datetime": "2024-01-19 00:18:31", "elapsed": 415.877544, "delta": 0.000881}}
