{"target": -17.677134062762782, "params": {"gamma": 400.1383566897375, "log10_alpha": 0.11352499490658285, "log10_colsample_bytree": -0.411585807896532, "log10_eta": -3.0647875212516817, "log10_lambda": 0.8120094969746159, "log10_min_child_weight": 4.020063479679167, "log10_subsample": -0.43041811580478173, "max_depth": 9.0, "num_boost_round": 9.0}, "datetime": {"datetime": "2024-01-19 01:48:59", "elapsed": 5829.06851, "delta": 0.005718}}
{"target": -17.677122073768512, "params": {"gamma": 400.1383566897375, "log10_alpha": 0.11352499490658285, "log10_colsample_bytree": -0.411585807896532, "log10_eta": -3.0647875212516817, "log10_lambda": 0.8120094969746159, "log10_min_child_weight": 4.020063479679167, "log10_subsample": -0.43041811580478173, "max_depth": 9.0, "num_boost_round": 10.0}, "datetime": {"datetime": "2024-01-19 01:48:59", "elapsed": 5829.074438, "delta": 0.005928}}
{"target": -17.677099748609724, "params": {"gamma": 400.1383566897375, "log10_alpha": 0.11352499490658285, "log10_colsample_bytree": -0.411585807896532, "log10_eta": -3.0647875212516817, "log10_lambda": 0.8120094969746159, "log10_min_child_weight": 4.020063479679167, "log10_subsample": -0.43041811580478173, "max_depth": 9.0, "num_boost_round": 11.0}, "datetime": {"datetime": "2024-01-19 01:48:59", "elapsed": 5829.080196, "delta": 0.005758}}
{"target": -17.67709974681043, "params": {"gamma": 400.1383566897375, "log10_alpha": 0.11352499490658285, "log10_colsample_bytree": -0.411585807896532, "log10_eta": -3.0647875212516817, "log10_lambda": 0.8120094969746159, "log10_min_child_weight": 4.020063479679167, "log10_subsample": -0.43041811580478173, "max_depth": 9.0, "num_boost_round": 12.0}, "datetime": {"datetime": "2024-01-19 01:48:59", "elapsed": 5829.085902, "delta": 0.005706}}
{"target": -17.6770786241362, "params": {"gamma": 400.1383566897375, "log10_alpha": 0.11352499490658285, "log10_colsample_bytree": -0.411585807896532, "log10_eta": -3.0647875212516817, "log10_lambda": 0.8120094969746159, "log10_min_child_weight": 4.020063479679167, "log10_subsample": -0.43041811580478173, "max_depth": 9.0, "num_boost_round": 13.0}, "datetime": {"datetime": "2024-01-19 01:48:59", "elapsed": 5829.091622, "delta": 0.00572}}
{"target": -17.677072405478203, "params": {"gamma": 400.1383566897375, "log10_alpha": 0.11352499490658285, "log10_colsample_bytree": -0.411585807896532, "log10_eta": -3.0647875212516817, "log10_lambda": 0.8120094969746159, "log10_min_child_weight": 4.020063479679167, "log10_subsample": -0.43041811580478173, "max_depth": 9.0, "num_boost_round": 14.0}, "datetime": {"datetime": "2024-01-19 01:48:59", "elapsed": 5829.097937, "delta": 0.006315}}
{"target": -17.677057865105233, "params": {"gamma": 400.1383566897375, "log10_alpha": 0.11352499490658285, "log10_colsample_bytree": -0.411585807896532, "log10_eta": -3.0647875212516817, "log10_lambda": 0.8120094969746159, "log10_min_child_weight": 4.020063479679167, "log10_subsample": -0.43041811580478173, "max_depth": 9.0, "num_boost_round": 15.0}, "datetime": {"datetime": "2024-01-19 01:48:59", "elapsed": 5829.103799, "delta": 0.005862}}
{"target": -17.677067586472173, "params": {"gamma": 400.1383566897375, "log10_alpha": 0.11352499490658285, "log10_colsample_bytree": -0.411585807896532, "log10_eta": -3.0647875212516817, "log10_lambda": 0.8120094969746159, "log10_min_child_weight": 4.020063479679167, "log10_subsample": -0.43041811580478173, "max_depth": 9.0, "num_boost_round": 16.0}, "datetime": {"datetime": "2024-01-19 01:48:59", "elapsed": 5829.109465, "delta": 0.005666}}
{"target": -17.67707094627122, "params": {"gamma": 400.1383566897375, "log10_alpha": 0.11352499490658285, "log10_colsample_bytree": -0.411585807896532, "log10_eta": -3.0647875212516817, "log10_lambda": 0.8120094969746159, "log10_min_child_weight": 4.020063479679167, "log10_subsample": -0.43041811580478173, "max_depth": 9.0, "num_boost_round": 17.0}, "datetime": {"datetime": "2024-01-19 01:48:59", "elapsed": 5829.115201, "delta": 0.005736}}
{"target": -17.6770645358456, "params": {"gamma": 400.1383566897375, "log10_alpha": 0.11352499490658285, "log10_colsample_bytree": -0.411585807896532, "log10_eta": -3.0647875212516817, "log10_lambda": 0.8120094969746159, "log10_min_child_weight": 4.020063479679167, "log10_subsample": -0.43041811580478173, "max_depth": 9.0, "num_boost_round": 18.0}, "datetime": {"datetime": "2024-01-19 01:48:59", "elapsed": 5829.120689, "delta": 0.005488}}
{"target": -17.677030781434517, "params": {"gamma": 400.1383566897375, "log10_alpha": 0.11352499490658285, "log10_colsample_bytree": -0.411585807896532, "log10_eta": -3.0647875212516817, "log10_lambda": 0.8120094969746159, "log10_min_child_weight": 4.020063479679167, "log10_subsample": -0.43041811580478173, "max_depth": 9.0, "num_boost_round": 19.0}, "datetime": {"datetime": "2024-01-19 01:48:59", "elapsed": 5829.126243, "delta": 0.005554}}
{"target": -17.677046991751165, "params": {"gamma": 400.1383566897375, "log10_alpha": 0.11352499490658285, "log10_colsample_bytree": -0.411585807896532, "log10_eta": -3.0647875212516817, "log10_lambda": 0.8120094969746159, "log10_min_child_weight": 4.020063479679167, "log10_subsample": -0.43041811580478173, "max_depth": 9.0, "num_boost_round": 20.0}, "datetime": {"datetime": "2024-01-19 01:48:59", "elapsed": 5829.131764, "delta": 0.005521}}
{"target": -17.677017098606488, "params": {"gamma": 400.1383566897375, "log10_alpha": 0.11352499490658285, "log10_colsample_bytree": -0.411585807896532, "log10_eta": -3.0647875212516817, "log10_lambda": 0.8120094969746159, "log10_min_child_weight": 4.020063479679167, "log10_subsample": -0.43041811580478173, "max_depth": 9.0, "num_boost_round": 21.0}, "datetime": {"datetime": "2024-01-19 01:48:59", "elapsed": 5829.137254, "delta": 0.00549}}
{"target": -17.676983951965365, "params": {"gamma": 400.1383566897375, "log10_alpha": 0.11352499490658285, "log10_colsample_bytree": -0.411585807896532, "log10_eta": -3.0647875212516817, "log10_lambda": 0.8120094969746159, "log10_min_child_weight": 4.020063479679167, "log10_subsample": -0.43041811580478173, "max_depth": 9.0, "num_boost_round": 22.0}, "datetime": {"datetime": "2024-01-19 01:48:59", "elapsed": 5829.142921, "delta": 0.005667}}
{"target": -17.676977133324606, "params": {"gamma": 400.1383566897375, "log10_alpha": 0.11352499490658285, "log10_colsample_bytree": -0.411585807896532, "log10_eta": -3.0647875212516817, "log10_lambda": 0.8120094969746159, "log10_min_child_weight": 4.020063479679167, "log10_subsample": -0.43041811580478173, "max_depth": 9.0, "num_boost_round": 23.0}, "datetime": {"datetime": "2024-01-19 01:48:59", "elapsed": 5829.148732, "delta": 0.005811}}
{"target": -17.67694410394685, "params": {"gamma": 400.1383566897375, "log10_alpha": 0.11352499490658285, "log10_colsample_bytree": -0.411585807896532, "log10_eta": -3.0647875212516817, "log10_lambda": 0.8120094969746159, "log10_min_child_weight": 4.020063479679167, "log10_subsample": -0.43041811580478173, "max_depth": 9.0, "num_boost_round": 24.0}, "datetime": {"datetime": "2024-01-19 01:48:59", "elapsed": 5829.154513, "delta": 0.005781}}
{"target": -17.676928244134857, "params": {"gamma": 400.1383566897375, "log10_alpha": 0.11352499490658285, "log10_colsample_bytree": -0.411585807896532, "log10_eta": -3.0647875212516817, "log10_lambda": 0.8120094969746159, "log10_min_child_weight": 4.020063479679167, "log10_subsample": -0.43041811580478173, "max_depth": 9.0, "num_boost_round": 25.0}, "datetime": {"datetime": "2024-01-19 01:48:59", "elapsed": 5829.160215, "delta": 0.005702}}
{"target": -17.67695183830956, "params": {"gamma": 400.1383566897375, "log10_alpha": 0.11352499490658285, "log10_colsample_bytree": -0.411585807896532, "log10_eta": -3.0647875212516817, "log10_lambda": 0.8120094969746159, "log10_min_child_weight": 4.020063479679167, "log10_subsample": -0.43041811580478173, "max_depth": 9.0, "num_boost_round": 26.0}, "datetime": {"datetime": "2024-01-19 01:48:59", "elapsed": 5829.166122, "delta": 0.005907}}
{"target": -17.676942600488648, "params": {"gamma": 400.1383566897375, "log10_alpha": 0.11352499490658285, "log10_colsample_bytree": -0.411585807896532, "log10_eta": -3.0647875212516817, "log10_lambda": 0.8120094969746159, "log10_min_child_weight": 4.020063479679167, "log10_subsample": -0.43041811580478173, "max_depth": 9.0, "num_boost_round": 27.0}, "datetime": {"datetime": "2024-01-19 01:48:59", "elapsed": 5829.171589, "delta": 0.005467}}
{"target": -17.67722904817518, "params": {"gamma": 405.36830418511084, "log10_alpha": 0.905835736080248, "log10_colsample_bytree": -0.529217101316025, "log10_eta": -3.919723765570288, "log10_lambda": 0.10757969107824294, "log10_min_child_weight": 3.6832495392544216, "log10_subsample": -0.14519686667013554, "max_depth": 5.0, "num_boost_round": 0.0}, "datetime": {"datetime": "2024-01-19 01:50:18", "elapsed": 5907.871411, "delta": 78.699822}}
{"target": -17.677230550945602, "params": {"gamma": 405.36830418511084, "log10_alpha": 0.905835736080248, "log10_colsample_bytree": -0.529217101316025, "log10_eta": -3.919723765570288, "log10_lambda": 0.10757969107824294, "log10_min_child_weight": 3.6832495392544216, "log10_subsample": -0.14519686667013554, "max_depth": 5.0, "num_boost_round": 1.0}, "datetime": {"datetime": "2024-01-19 01:50:18", "elapsed": 5907.877409, "delta": 0.005998}}
{"target": -17.677228288349117, "params": {"gamma": 405.36830418511084, "log10_alpha": 0.905835736080248, "log10_colsample_bytree": -0.529217101316025, "log10_eta": -3.919723765570288, "log10_lambda": 0.10757969107824294, "log10_min_child_weight": 3.6832495392544216, "log10_subsample": -0.14519686667013554, "max_depth": 5.0, "num_boost_round": 2.0}, "datetime": {"datetime": "2024-01-19 01:50:18", "elapsed": 5907.883017, "delta": 0.005608}}
{"target": -17.677228920472814, "params": {"gamma": 405.36830418511084, "log10_alpha": 0.905835736080248, "log10_colsample_bytree": -0.529217101316025, "log10_eta": -3.919723765570288, "log10_lambda": 0.10757969107824294, "log10_min_child_weight": 3.6832495392544216, "log10_subsample": -0.14519686667013554, "max_depth": 5.0, "num_boost_round": 3.0}, "datetime": {"datetime": "2024-01-19 01:50:18", "elapsed": 5907.888528, "delta": 0.005511}}
{"target": -17.67722570420301, "params": {"gamma": 405.36830418511084, "log10_alpha": 0.905835736080248, "log10_colsample_bytree": -0.529217101316025, "log10_eta": -3.919723765570288, "log10_lambda": 0.10757969107824294, "log10_min_child_weight": 3.6832495392544216, "log10_subsample": -0.14519686667013554, "max_depth": 5.0, "num_boost_round": 4.0}, "datetime": {"datetime": "2024-01-19 01:50:18", "elapsed": 5907.894033, "delta": 0.005505}}
{"target": -17.67722190036057, "params": {"gamma": 405.36830418511084, "log10_alpha": 0.905835736080248, "log10_colsample_bytree": -0.529217101316025, "log10_eta": -3.919723765570288, "log10_lambda": 0.10757969107824294, "log10_min_child_weight": 3.6832495392544216, "log10_subsample": -0.14519686667013554, "max_depth": 5.0, "num_boost_round": 5.0}, "datetime": {"datetime": "2024-01-19 01:50:18", "elapsed": 5907.89949, "delta": 0.005457}}
{"target": -17.67721806821276, "params": {"gamma": 405.36830418511084, "log10_alpha": 0.905835736080248, "log10_colsample_bytree": -0.529217101316025, "log10_eta": -3.919723765570288, "log10_lambda": 0.10757969107824294, "log10_min_child_weight": 3.6832495392544216, "log10_subsample": -0.14519686667013554, "max_depth": 5.0, "num_boost_round": 6.0}, "datetime": {"datetime": "2024-01-19 01:50:18", "elapsed": 5907.905187, "delta": 0.005697}}
{"target": -17.677220706285933, "params": {"gamma": 405.36830418511084, "log10_alpha": 0.905835736080248, "log10_colsample_bytree": -0.529217101316025, "log10_eta": -3.919723765570288, "log10_lambda": 0.10757969107824294, "log10_min_child_weight": 3.6832495392544216, "log10_subsample": -0.14519686667013554, "max_depth": 5.0, "num_boost_round": 7.0}, "datetime": {"datetime": "2024-01-19 01:50:18", "elapsed": 5907.911005, "delta": 0.005818}}
{"target": -17.67721725745664, "params": {"gamma": 405.36830418511084, "log10_alpha": 0.905835736080248, "log10_colsample_bytree": -0.529217101316025, "log10_eta": -3.919723765570288, "log10_lambda": 0.10757969107824294, "log10_min_child_weight": 3.6832495392544216, "log10_subsample": -0.14519686667013554, "max_depth": 5.0, "num_boost_round": 8.0}, "datetime": {"datetime": "2024-01-19 01:50:18", "elapsed": 5907.916805, "delta": 0.0058}}
{"target": -17.67721527658163, "params": {"gamma": 405.36830418511084, "log10_alpha": 0.905835736080248, "log10_colsample_bytree": -0.529217101316025, "log10_eta": -3.919723765570288, "log10_lambda": 0.10757969107824294, "log10_min_child_weight": 3.6832495392544216, "log10_subsample": -0.14519686667013554, "max_depth": 5.0, "num_boost_round": 9.0}, "datetime": {"datetime": "2024-01-19 01:50:18", "elapsed": 5907.922512, "delta": 0.005707}}
{"target": -17.677209257600296, "params": {"gamma": 405.36830418511084, "log10_alpha": 0.905835736080248, "log10_colsample_bytree": -0.529217101316025, "log10_eta": -3.919723765570288, "log10_lambda": 0.10757969107824294, "log10_min_child_weight": 3.6832495392544216, "log10_subsample": -0.14519686667013554, "max_depth": 5.0, "num_boost_round": 10.0}, "datetime": {"datetime": "2024-01-19 01:50:18", "elapsed": 5907.928119, "delta": 0.005607}}
{"target": -17.677206504480274, "params": {"gamma": 405.36830418511084, "log10_alpha": 0.905835736080248, "log10_colsample_bytree": -0.529217101316025, "log10_eta": -3.919723765570288, "log10_lambda": 0.10757969107824294, "log10_min_child_weight": 3.6832495392544216, "log10_subsample": -0.14519686667013554, "max_depth": 5.0, "num_boost_round": 11.0}, "datetime": {"datetime": "2024-01-19 01:50:18", "elapsed": 5907.933745, "delta": 0.005626}}
{"target": -17.67720327860402, "params": {"gamma": 405.36830418511084, "log10_alpha": 0.905835736080248, "log10_colsample_bytree": -0.529217101316025, "log10_eta": -3.919723765570288, "log10_lambda": 0.10757969107824294, "log10_min_child_weight": 3.6832495392544216, "log10_subsample": -0.14519686667013554, "max_depth": 5.0, "num_boost_round": 12.0}, "datetime": {"datetime": "2024-01-19 01:50:18", "elapsed": 5907.939361, "delta": 0.005616}}
{"target": -17.677198688994928, "params": {"gamma": 405.36830418511084, "log10_alpha": 0.905835736080248, "log10_colsample_bytree": -0.529217101316025, "log10_eta": -3.919723765570288, "log10_lambda": 0.10757969107824294, "log10_min_child_weight": 3.6832495392544216, "log10_subsample": -0.14519686667013554, "max_depth": 5.0, "num_boost_round": 13.0}, "datetime": {"datetime": "2024-01-19 01:50:18", "elapsed": 5907.945176, "delta": 0.005815}}
{"target": -17.677198890052594, "params": {"gamma": 405.36830418511084, "log10_alpha": 0.905835736080248, "log10_colsample_bytree": -0.529217101316025, "log10_eta": -3.919723765570288, "log10_lambda": 0.10757969107824294, "log10_min_child_weight": 3.6832495392544216, "log10_subsample": -0.14519686667013554, "max_depth": 5.0, "num_boost_round": 14.0}, "datetime": {"datetime": "2024-01-19 01:50:18", "elapsed": 5907.950924, "delta": 0.005748}}
{"target": -17.67719651433738, "params": {"gamma": 405.36830418511084, "log10_alpha": 0.905835736080248, "log10_colsample_bytree": -0.529217101316025, "log10_eta": -3.919723765570288, "log10_lambda": 0.10757969107824294, "log10_min_child_weight": 3.6832495392544216, "log10_subsample": -0.14519686667013554, "max_depth": 5.0, "num_boost_round": 15.0}, "datetime": {"datetime": "2024-01-19 01:50:18", "elapsed": 5907.9564, "delta": 0.005476}}
{"target": -17.67719583413917, "params": {"gamma": 405.36830418511084, "log10_alpha": 0.905835736080248, "log10_colsample_bytree": -0.529217101316025, "log10_eta": -3.919723765570288, "log10_lambda": 0.10757969107824294, "log10_min_child_weight": 3.6832495392544216, "log10_subsample": -0.14519686667013554, "max_depth": 5.0, "num_boost_round": 16.0}, "datetime": {"datetime": "2024-01-19 01:50:18", "elapsed": 5907.961991, "delta": 0.005591}}
{"target": -17.677195935241112, "params": {"gamma": 405.36830418511084, "log10_alpha": 0.905835736080248, "log10_colsample_bytree": -0.529217101316025, "log10_eta": -3.919723765570288, "log10_lambda": 0.10757969107824294, "log10_min_child_weight": 3.6832495392544216, "log10_subsample": -0.14519686667013554, "max_depth": 5.0, "num_boost_round": 17.0}, "datetime": {"datetime": "2024-01-19 01:50:18", "elapsed": 5907.967463, "delta": 0.005472}}
{"target": -17.6771950580528, "params": {"gamma": 405.36830418511084, "log10_alpha": 0.905835736080248, "log10_colsample_bytree": -0.529217101316025, "log10_eta": -3.919723765570288, "log10_lambda": 0.10757969107824294, "log10_min_child_weight": 3.6832495392544216, "log10_subsample": -0.14519686667013554, "max_depth": 5.0, "num_boost_round": 18.0}, "datetime": {"datetime": "2024-01-19 01:50:18", "elapsed": 5907.973078, "delta": 0.005615}}
{"target": -17.677191639943512, "params": {"gamma": 405.36830418511084, "log10_alpha": 0.905835736080248, "log10_colsample_bytree": -0.529217101316025, "log10_eta": -3.919723765570288, "log10_lambda": 0.10757969107824294, "log10_min_child_weight": 3.6832495392544216, "log10_subsample": -0.14519686667013554, "max_depth": 5.0, "num_boost_round": 19.0}, "datetime": {"datetime": "2024-01-19 01:50:18", "elapsed": 5907.978719, "delta": 0.005641}}
{"target": -17.677186024187602, "params": {"gamma": 405.36830418511084, "log10_alpha": 0.905835736080248, "log10_colsample_bytree": -0.529217101316025, "log10_eta": -3.919723765570288, "log10_lambda": 0.10757969107824294, "log10_min_child_weight": 3.6832495392544216, "log10_subsample": -0.14519686667013554, "max_depth": 5.0, "num_boost_round": 20.0}, "datetime": {"datetime": "2024-01-19 01:50:18", "elapsed": 5907.984505, "delta": 0.005786}}
{"target": -17.677181718528047, "params": {"gamma": 405.36830418511084, "log10_alpha": 0.905835736080248, "log10_colsample_bytree": -0.529217101316025, "log10_eta": -3.919723765570288, "log10_lambda": 0.10757969107824294, "log10_min_child_weight": 3.6832495392544216, "log10_subsample": -0.14519686667013554, "max_depth": 5.0, "num_boost_round": 21.0}, "datetime": {"datetime": "2024-01-19 01:50:18", "elapsed": 5908.103594, "delta": 0.119089}}
{"target": -17.677176869216783, "params": {"gamma": 405.36830418511084, "log10_alpha": 0.905835736080248, "log10_colsample_bytree": -0.529217101316025, "log10_eta": -3.919723765570288, "log10_lambda": 0.10757969107824294, "log10_min_child_weight": 3.6832495392544216, "log10_subsample": -0.14519686667013554, "max_depth": 5.0, "num_boost_round": 22.0}, "datetime": {"datetime": "2024-01-19 01:50:18", "elapsed": 5908.110734, "delta": 0.00714}}
{"target": -17.677178720701043, "params": {"gamma": 405.36830418511084, "log10_alpha": 0.905835736080248, "log10_colsample_bytree": -0.529217101316025, "log10_eta": -3.919723765570288, "log10_lambda": 0.10757969107824294, "log10_min_child_weight": 3.6832495392544216, "log10_subsample": -0.14519686667013554, "max_depth": 5.0, "num_boost_round": 23.0}, "datetime": {"datetime": "2024-01-19 01:50:18", "elapsed": 5908.117045, "delta": 0.006311}}
{"target": -17.677178643937943, "params": {"gamma": 405.36830418511084, "log10_alpha": 0.905835736080248, "log10_colsample_bytree": -0.529217101316025, "log10_eta": -3.919723765570288, "log10_lambda": 0.10757969107824294, "log10_min_child_weight": 3.6832495392544216, "log10_subsample": -0.14519686667013554, "max_depth": 5.0, "num_boost_round": 24.0}, "datetime": {"datetime": "2024-01-19 01:50:18", "elapsed": 5908.12311, "delta": 0.006065}}
{"target": -17.67717641011952, "params": {"gamma": 405.36830418511084, "log10_alpha": 0.905835736080248, "log10_colsample_bytree": -0.529217101316025, "log10_eta": -3.919723765570288, "log10_lambda": 0.10757969107824294, "log10_min_child_weight": 3.6832495392544216, "log10_subsample": -0.14519686667013554, "max_depth": 5.0, "num_boost_round": 25.0}, "datetime": {"datetime": "2024-01-19 01:50:18", "elapsed": 5908.128993, "delta": 0.005883}}
{"target": -17.677177246240014, "params": {"gamma": 405.36830418511084, "log10_alpha": 0.905835736080248, "log10_colsample_bytree": -0.529217101316025, "log10_eta": -3.919723765570288, "log10_lambda": 0.10757969107824294, "log10_min_child_weight": 3.6832495392544216, "log10_subsample": -0.14519686667013554, "max_depth": 5.0, "num_boost_round": 26.0}, "datetime": {"datetime": "2024-01-19 01:50:18", "elapsed": 5908.134915, "delta": 0.005922}}
{"target": -17.677174323530668, "params": {"gamma": 405.36830418511084, "log10_alpha": 0.905835736080248, "log10_colsample_bytree": -0.529217101316025, "log10_eta": -3.919723765570288, "log10_lambda": 0.10757969107824294, "log10_min_child_weight": 3.6832495392544216, "log10_subsample": -0.14519686667013554, "max_depth": 5.0, "num_boost_round": 27.0}, "datetime": {"datetime": "2024-01-19 01:50:18", "elapsed": 5908.140862, "delta": 0.005947}}
{"target": -17.677168990052092, "params": {"gamma": 405.36830418511084, "log10_alpha": 0.905835736080248, "log10_colsample_bytree": -0.529217101316025, "log10_eta": -3.919723765570288, "log10_lambda": 0.10757969107824294, "log10_min_child_weight": 3.6832495392544216, "log10_subsample": -0.14519686667013554, "max_depth": 5.0, "num_boost_round": 28.0}, "datetime": {"datetime": "2024-01-19 01:50:18", "elapsed": 5908.146853, "delta": 0.005991}}
{"target": -17.677165472179325, "params": {"gamma": 405.36830418511084, "log10_alpha": 0.905835736080248, "log10_colsample_bytree": -0.529217101316025, "log10_eta": -3.919723765570288, "log10_lambda": 0.10757969107824294, "log10_min_child_weight": 3.6832495392544216, "log10_subsample": -0.14519686667013554, "max_depth": 5.0, "num_boost_round": 29.0}, "datetime": {"datetime": "2024-01-19 01:50:18", "elapsed": 5908.15273, "delta": 0.005877}}
