{"target": -17.735445852876143, "params": {"gamma": 454.8887715697262, "log10_alpha": -1.42940650322475, "log10_colsample_bytree": -0.7383192028727922, "log10_eta": -0.8315014749581673, "log10_lambda": -3.804405605798609, "log10_min_child_weight": 4.119102796567074, "log10_subsample": -0.2833887445712956, "max_depth": 9.0, "num_boost_round": 35.0}, "datetime": {"datetime": "2024-01-19 02:08:06", "elapsed": 6990.842347, "delta": 0.004367}}
{"target": -17.737467096649194, "params": {"gamma": 454.8887715697262, "log10_alpha": -1.42940650322475, "log10_colsample_bytree": -0.7383192028727922, "log10_eta": -0.8315014749581673, "log10_lambda": -3.804405605798609, "log10_min_child_weight": 4.119102796567074, "log10_subsample": -0.2833887445712956, "max_depth": 9.0, "num_boost_round": 36.0}, "datetime": {"datetime": "2024-01-19 02:08:06", "elapsed": 6990.846654, "delta": 0.004307}}
{"target": -17.742922491299865, "params": {"gamma": 454.8887715697262, "log10_alpha": -1.42940650322475, "log10_colsample_bytree": -0.7383192028727922, "log10_eta": -0.8315014749581673, "log10_lambda": -3.804405605798609, "log10_min_child_weight": 4.119102796567074, "log10_subsample": -0.2833887445712956, "max_depth": 9.0, "num_boost_round": 37.0}, "datetime": {"datetime": "2024-01-19 02:08:06", "elapsed": 6990.850914, "delta": 0.00426}}
{"target": -17.677102396199672, "params": {"gamma": 422.3711375685737, "log10_alpha": -2.2462276243379886, "log10_colsample_bytree": -0.13295608060431374, "log10_eta": -2.394900503560832, "log10_lambda": -2.752071379935073, "log10_min_child_weight": 3.479160031960502, "log10_subsample": -0.7015300429485657, "max_depth": 7.0, "num_boost_round": 0.0}, "datetime": {"datetime": "2024-01-19 02:09:38", "elapsed": 7082.62587, "delta": 91.774956}}
{"target": -17.676977822349603, "params": {"gamma": 422.3711375685737, "log10_alpha": -2.2462276243379886, "log10_colsample_bytree": -0.13295608060431374, "log10_eta": -2.394900503560832, "log10_lambda": -2.752071379935073, "log10_min_child_weight": 3.479160031960502, "log10_subsample": -0.7015300429485657, "max_depth": 7.0, "num_boost_round": 1.0}, "datetime": {"datetime": "2024-01-19 02:09:38", "elapsed": 7082.631377, "delta": 0.005507}}
{"target": -17.67682239903608, "params": {"gamma": 422.3711375685737, "log10_alpha": -2.2462276243379886, "log10_colsample_bytree": -0.13295608060431374, "log10_eta": -2.394900503560832, "log10_lambda": -2.752071379935073, "log10_min_child_weight": 3.479160031960502, "log10_subsample": -0.7015300429485657, "max_depth": 7.0, "num_boost_round": 2.0}, "datetime": {"datetime": "2024-01-19 02:09:38", "elapsed": 7082.635991, "delta": 0.004614}}
{"target": -17.67678331938935, "params": {"gamma": 422.3711375685737, "log10_alpha": -2.2462276243379886, "log10_colsample_bytree": -0.13295608060431374, "log10_eta": -2.394900503560832, "log10_lambda": -2.752071379935073, "log10_min_child_weight": 3.479160031960502, "log10_subsample": -0.7015300429485657, "max_depth": 7.0, "num_boost_round": 3.0}, "datetime": {"datetime": "2024-01-19 02:09:38", "elapsed": 7082.640493, "delta": 0.004502}}
{"target": -17.676637607157065, "params": {"gamma": 422.3711375685737, "log10_alpha": -2.2462276243379886, "log10_colsample_bytree": -0.13295608060431374, "log10_eta": -2.394900503560832, "log10_lambda": -2.752071379935073, "log10_min_child_weight": 3.479160031960502, "log10_subsample": -0.7015300429485657, "max_depth": 7.0, "num_boost_round": 4.0}, "datetime": {"datetime": "2024-01-19 02:09:38", "elapsed": 7082.644781, "delta": 0.004288}}
{"target": -17.676460837403475, "params": {"gamma": 422.3711375685737, "log10_alpha": -2.2462276243379886, "log10_colsample_bytree": -0.13295608060431374, "log10_eta": -2.394900503560832, "log10_lambda": -2.752071379935073, "log10_min_child_weight": 3.479160031960502, "log10_subsample": -0.7015300429485657, "max_depth": 7.0, "num_boost_round": 5.0}, "datetime": {"datetime": "2024-01-19 02:09:38", "elapsed": 7082.649098, "delta": 0.004317}}
{"target": -17.6762015008508, "params": {"gamma": 422.3711375685737, "log10_alpha": -2.2462276243379886, "log10_colsample_bytree": -0.13295608060431374, "log10_eta": -2.394900503560832, "log10_lambda": -2.752071379935073, "log10_min_child_weight": 3.479160031960502, "log10_subsample": -0.7015300429485657, "max_depth": 7.0, "num_boost_round": 6.0}, "datetime": {"datetime": "2024-01-19 02:09:38", "elapsed": 7082.653607, "delta": 0.004509}}
{"target": -17.675920945937836, "params": {"gamma": 422.3711375685737, "log10_alpha": -2.2462276243379886, "log10_colsample_bytree": -0.13295608060431374, "log10_eta": -2.394900503560832, "log10_lambda": -2.752071379935073, "log10_min_child_weight": 3.479160031960502, "log10_subsample": -0.7015300429485657, "max_depth": 7.0, "num_boost_round": 7.0}, "datetime": {"datetime": "2024-01-19 02:09:38", "elapsed": 7082.658136, "delta": 0.004529}}
{"target": -17.675802065085986, "params": {"gamma": 422.3711375685737, "log10_alpha": -2.2462276243379886, "log10_colsample_bytree": -0.13295608060431374, "log10_eta": -2.394900503560832, "log10_lambda": -2.752071379935073, "log10_min_child_weight": 3.479160031960502, "log10_subsample": -0.7015300429485657, "max_depth": 7.0, "num_boost_round": 8.0}, "datetime": {"datetime": "2024-01-19 02:09:38", "elapsed": 7082.662452, "delta": 0.004316}}
{"target": -17.675693940911046, "params": {"gamma": 422.3711375685737, "log10_alpha": -2.2462276243379886, "log10_colsample_bytree": -0.13295608060431374, "log10_eta": -2.394900503560832, "log10_lambda": -2.752071379935073, "log10_min_child_weight": 3.479160031960502, "log10_subsample": -0.7015300429485657, "max_depth": 7.0, "num_boost_round": 9.0}, "datetime": {"datetime": "2024-01-19 02:09:38", "elapsed": 7082.666796, "delta": 0.004344}}
{"target": -17.675584270934397, "params": {"gamma": 422.3711375685737, "log10_alpha": -2.2462276243379886, "log10_colsample_bytree": -0.13295608060431374, "log10_eta": -2.394900503560832, "log10_lambda": -2.752071379935073, "log10_min_child_weight": 3.479160031960502, "log10_subsample": -0.7015300429485657, "max_depth": 7.0, "num_boost_round": 10.0}, "datetime": {"datetime": "2024-01-19 02:09:38", "elapsed": 7082.671229, "delta": 0.004433}}
{"target": -17.675486138219547, "params": {"gamma": 422.3711375685737, "log10_alpha": -2.2462276243379886, "log10_colsample_bytree": -0.13295608060431374, "log10_eta": -2.394900503560832, "log10_lambda": -2.752071379935073, "log10_min_child_weight": 3.479160031960502, "log10_subsample": -0.7015300429485657, "max_depth": 7.0, "num_boost_round": 11.0}, "datetime": {"datetime": "2024-01-19 02:09:38", "elapsed": 7082.675957, "delta": 0.004728}}
{"target": -17.675455210707014, "params": {"gamma": 422.3711375685737, "log10_alpha": -2.2462276243379886, "log10_colsample_bytree": -0.13295608060431374, "log10_eta": -2.394900503560832, "log10_lambda": -2.752071379935073, "log10_min_child_weight": 3.479160031960502, "log10_subsample": -0.7015300429485657, "max_depth": 7.0, "num_boost_round": 12.0}, "datetime": {"datetime": "2024-01-19 02:09:38", "elapsed": 7082.680386, "delta": 0.004429}}
{"target": -17.675350182247698, "params": {"gamma": 422.3711375685737, "log10_alpha": -2.2462276243379886, "log10_colsample_bytree": -0.13295608060431374, "log10_eta": -2.394900503560832, "log10_lambda": -2.752071379935073, "log10_min_child_weight": 3.479160031960502, "log10_subsample": -0.7015300429485657, "max_depth": 7.0, "num_boost_round": 13.0}, "datetime": {"datetime": "2024-01-19 02:09:38", "elapsed": 7082.684907, "delta": 0.004521}}
{"target": -17.675251618101857, "params": {"gamma": 422.3711375685737, "log10_alpha": -2.2462276243379886, "log10_colsample_bytree": -0.13295608060431374, "log10_eta": -2.394900503560832, "log10_lambda": -2.752071379935073, "log10_min_child_weight": 3.479160031960502, "log10_subsample": -0.7015300429485657, "max_depth": 7.0, "num_boost_round": 14.0}, "datetime": {"datetime": "2024-01-19 02:09:38", "elapsed": 7082.689321, "delta": 0.004414}}
{"target": -17.67522302949372, "params": {"gamma": 422.3711375685737, "log10_alpha": -2.2462276243379886, "log10_colsample_bytree": -0.13295608060431374, "log10_eta": -2.394900503560832, "log10_lambda": -2.752071379935073, "log10_min_child_weight": 3.479160031960502, "log10_subsample": -0.7015300429485657, "max_depth": 7.0, "num_boost_round": 15.0}, "datetime": {"datetime": "2024-01-19 02:09:38", "elapsed": 7082.693963, "delta": 0.004642}}
{"target": -17.675097932741274, "params": {"gamma": 422.3711375685737, "log10_alpha": -2.2462276243379886, "log10_colsample_bytree": -0.13295608060431374, "log10_eta": -2.394900503560832, "log10_lambda": -2.752071379935073, "log10_min_child_weight": 3.479160031960502, "log10_subsample": -0.7015300429485657, "max_depth": 7.0, "num_boost_round": 16.0}, "datetime": {"datetime": "2024-01-19 02:09:38", "elapsed": 7082.698288, "delta": 0.004325}}
{"target": -17.675152311681764, "params": {"gamma": 422.3711375685737, "log10_alpha": -2.2462276243379886, "log10_colsample_bytree": -0.13295608060431374, "log10_eta": -2.394900503560832, "log10_lambda": -2.752071379935073, "log10_min_child_weight": 3.479160031960502, "log10_subsample": -0.7015300429485657, "max_depth": 7.0, "num_boost_round": 17.0}, "datetime": {"datetime": "2024-01-19 02:09:38", "elapsed": 7082.702626, "delta": 0.004338}}
{"target": -17.677230783157665, "params": {"gamma": 425.60542001882, "log10_alpha": 0.8361290179667318, "log10_colsample_bytree": -0.33748848201871595, "log10_eta": -3.7030937028459294, "log10_lambda": -0.3551084616711364, "log10_min_child_weight": 0.08579938828507383, "log10_subsample": -0.38687476641840823, "max_depth": 5.0, "num_boost_round": 0.0}, "datetime": {"datetime": "2024-01-19 02:11:31", "elapsed": 7195.972678, "delta": 113.270052}}
{"target": -17.677216418191758, "params": {"gamma": 425.60542001882, "log10_alpha": 0.8361290179667318, "log10_colsample_bytree": -0.33748848201871595, "log10_eta": -3.7030937028459294, "log10_lambda": -0.3551084616711364, "log10_min_child_weight": 0.08579938828507383, "log10_subsample": -0.38687476641840823, "max_depth": 5.0, "num_boost_round": 1.0}, "datetime": {"datetime": "2024-01-19 02:11:31", "elapsed": 7195.978081, "delta": 0.005403}}
{"target": -17.67720494641069, "params": {"gamma": 425.60542001882, "log10_alpha": 0.8361290179667318, "log10_colsample_bytree": -0.33748848201871595, "log10_eta": -3.7030937028459294, "log10_lambda": -0.3551084616711364, "log10_min_child_weight": 0.08579938828507383, "log10_subsample": -0.38687476641840823, "max_depth": 5.0, "num_boost_round": 2.0}, "datetime": {"datetime": "2024-01-19 02:11:31", "elapsed": 7195.983613, "delta": 0.005532}}
{"target": -17.677201518771316, "params": {"gamma": 425.60542001882, "log10_alpha": 0.8361290179667318, "log10_colsample_bytree": -0.33748848201871595, "log10_eta": -3.7030937028459294, "log10_lambda": -0.3551084616711364, "log10_min_child_weight": 0.08579938828507383, "log10_subsample": -0.38687476641840823, "max_depth": 5.0, "num_boost_round": 3.0}, "datetime": {"datetime": "2024-01-19 02:11:31", "elapsed": 7195.988829, "delta": 0.005216}}
{"target": -17.677192652819905, "params": {"gamma": 425.60542001882, "log10_alpha": 0.8361290179667318, "log10_colsample_bytree": -0.33748848201871595, "log10_eta": -3.7030937028459294, "log10_lambda": -0.3551084616711364, "log10_min_child_weight": 0.08579938828507383, "log10_subsample": -0.38687476641840823, "max_depth": 5.0, "num_boost_round": 4.0}, "datetime": {"datetime": "2024-01-19 02:11:31", "elapsed": 7195.993537, "delta": 0.004708}}
{"target": -17.67718450089858, "params": {"gamma": 425.60542001882, "log10_alpha": 0.8361290179667318, "log10_colsample_bytree": -0.33748848201871595, "log10_eta": -3.7030937028459294, "log10_lambda": -0.3551084616711364, "log10_min_child_weight": 0.08579938828507383, "log10_subsample": -0.38687476641840823, "max_depth": 5.0, "num_boost_round": 5.0}, "datetime": {"datetime": "2024-01-19 02:11:31", "elapsed": 7195.998152, "delta": 0.004615}}
{"target": -17.677172413575086, "params": {"gamma": 425.60542001882, "log10_alpha": 0.8361290179667318, "log10_colsample_bytree": -0.33748848201871595, "log10_eta": -3.7030937028459294, "log10_lambda": -0.3551084616711364, "log10_min_child_weight": 0.08579938828507383, "log10_subsample": -0.38687476641840823, "max_depth": 5.0, "num_boost_round": 6.0}, "datetime": {"datetime": "2024-01-19 02:11:31", "elapsed": 7196.002919, "delta": 0.004767}}
{"target": -17.677156189190327, "params": {"gamma": 425.60542001882, "log10_alpha": 0.8361290179667318, "log10_colsample_bytree": -0.33748848201871595, "log10_eta": -3.7030937028459294, "log10_lambda": -0.3551084616711364, "log10_min_child_weight": 0.08579938828507383, "log10_subsample": -0.38687476641840823, "max_depth": 5.0, "num_boost_round": 7.0}, "datetime": {"datetime": "2024-01-19 02:11:31", "elapsed": 7196.007368, "delta": 0.004449}}
{"target": -17.677147216047942, "params": {"gamma": 425.60542001882, "log10_alpha": 0.8361290179667318, "log10_colsample_bytree": -0.33748848201871595, "log10_eta": -3.7030937028459294, "log10_lambda": -0.3551084616711364, "log10_min_child_weight": 0.08579938828507383, "log10_subsample": -0.38687476641840823, "max_depth": 5.0, "num_boost_round": 8.0}, "datetime": {"datetime": "2024-01-19 02:11:31", "elapsed": 7196.011837, "delta": 0.004469}}
{"target": -17.67713573412734, "params": {"gamma": 425.60542001882, "log10_alpha": 0.8361290179667318, "log10_colsample_bytree": -0.33748848201871595, "log10_eta": -3.7030937028459294, "log10_lambda": -0.3551084616711364, "log10_min_child_weight": 0.08579938828507383, "log10_subsample": -0.38687476641840823, "max_depth": 5.0, "num_boost_round": 9.0}, "datetime": {"datetime": "2024-01-19 02:11:31", "elapsed": 7196.016428, "delta": 0.004591}}
{"target": -17.677126824485445, "params": {"gamma": 425.60542001882, "log10_alpha": 0.8361290179667318, "log10_colsample_bytree": -0.33748848201871595, "log10_eta": -3.7030937028459294, "log10_lambda": -0.3551084616711364, "log10_min_child_weight": 0.08579938828507383, "log10_subsample": -0.38687476641840823, "max_depth": 5.0, "num_boost_round": 10.0}, "datetime": {"datetime": "2024-01-19 02:11:31", "elapsed": 7196.021184, "delta": 0.004756}}
{"target": -17.67711405216724, "params": {"gamma": 425.60542001882, "log10_alpha": 0.8361290179667318, "log10_colsample_bytree": -0.33748848201871595, "log10_eta": -3.7030937028459294, "log10_lambda": -0.3551084616711364, "log10_min_child_weight": 0.08579938828507383, "log10_subsample": -0.38687476641840823, "max_depth": 5.0, "num_boost_round": 11.0}, "datetime": {"datetime": "2024-01-19 02:11:31", "elapsed": 7196.025745, "delta": 0.004561}}
{"target": -17.67710834287541, "params": {"gamma": 425.60542001882, "log10_alpha": 0.8361290179667318, "log10_colsample_bytree": -0.33748848201871595, "log10_eta": -3.7030937028459294, "log10_lambda": -0.3551084616711364, "log10_min_child_weight": 0.08579938828507383, "log10_subsample": -0.38687476641840823, "max_depth": 5.0, "num_boost_round": 12.0}, "datetime": {"datetime": "2024-01-19 02:11:31", "elapsed": 7196.030329, "delta": 0.004584}}
{"target": -17.67710054920603, "params": {"gamma": 425.60542001882, "log10_alpha": 0.8361290179667318, "log10_colsample_bytree": -0.33748848201871595, "log10_eta": -3.7030937028459294, "log10_lambda": -0.3551084616711364, "log10_min_child_weight": 0.08579938828507383, "log10_subsample": -0.38687476641840823, "max_depth": 5.0, "num_boost_round": 13.0}, "datetime": {"datetime": "2024-01-19 02:11:31", "elapsed": 7196.03487, "delta": 0.004541}}
{"target": -17.67709342041331, "params": {"gamma": 425.60542001882, "log10_alpha": 0.8361290179667318, "log10_colsample_bytree": -0.33748848201871595, "log10_eta": -3.7030937028459294, "log10_lambda": -0.3551084616711364, "log10_min_child_weight": 0.08579938828507383, "log10_subsample": -0.38687476641840823, "max_depth": 5.0, "num_boost_round": 14.0}, "datetime": {"datetime": "2024-01-19 02:11:31", "elapsed": 7196.039604, "delta": 0.004734}}
{"target": -17.677088126498806, "params": {"gamma": 425.60542001882, "log10_alpha": 0.8361290179667318, "log10_colsample_bytree": -0.33748848201871595, "log10_eta": -3.7030937028459294, "log10_lambda": -0.3551084616711364, "log10_min_child_weight": 0.08579938828507383, "log10_subsample": -0.38687476641840823, "max_depth": 5.0, "num_boost_round": 15.0}, "datetime": {"datetime": "2024-01-19 02:11:31", "elapsed": 7196.044065, "delta": 0.004461}}
{"target": -17.677081348218778, "params": {"gamma": 425.60542001882, "log10_alpha": 0.8361290179667318, "log10_colsample_bytree": -0.33748848201871595, "log10_eta": -3.7030937028459294, "log10_lambda": -0.3551084616711364, "log10_min_child_weight": 0.08579938828507383, "log10_subsample": -0.38687476641840823, "max_depth": 5.0, "num_boost_round": 16.0}, "datetime": {"datetime": "2024-01-19 02:11:31", "elapsed": 7196.048549, "delta": 0.004484}}
{"target": -17.677074610927335, "params": {"gamma": 425.60542001882, "log10_alpha": 0.8361290179667318, "log10_colsample_bytree": -0.33748848201871595, "log10_eta": -3.7030937028459294, "log10_lambda": -0.3551084616711364, "log10_min_child_weight": 0.08579938828507383, "log10_subsample": -0.38687476641840823, "max_depth": 5.0, "num_boost_round": 17.0}, "datetime": {"datetime": "2024-01-19 02:11:31", "elapsed": 7196.053032, "delta": 0.004483}}
{"target": -17.677073860266376, "params": {"gamma": 425.60542001882, "log10_alpha": 0.8361290179667318, "log10_colsample_bytree": -0.33748848201871595, "log10_eta": -3.7030937028459294, "log10_lambda": -0.3551084616711364, "log10_min_child_weight": 0.08579938828507383, "log10_subsample": -0.38687476641840823, "max_depth": 5.0, "num_boost_round": 18.0}, "datetime": {"datetime": "2024-01-19 02:11:31", "elapsed": 7196.057735, "delta": 0.004703}}
{"target": -17.67708160921809, "params": {"gamma": 425.60542001882, "log10_alpha": 0.8361290179667318, "log10_colsample_bytree": -0.33748848201871595, "log10_eta": -3.7030937028459294, "log10_lambda": -0.3551084616711364, "log10_min_child_weight": 0.08579938828507383, "log10_subsample": -0.38687476641840823, "max_depth": 5.0, "num_boost_round": 19.0}, "datetime": {"datetime": "2024-01-19 02:11:31", "elapsed": 7196.062219, "delta": 0.004484}}
{"target": -17.677072153974652, "params": {"gamma": 425.60542001882, "log10_alpha": 0.8361290179667318, "log10_colsample_bytree": -0.33748848201871595, "log10_eta": -3.7030937028459294, "log10_lambda": -0.3551084616711364, "log10_min_child_weight": 0.08579938828507383, "log10_subsample": -0.38687476641840823, "max_depth": 5.0, "num_boost_round": 20.0}, "datetime": {"datetime": "2024-01-19 02:11:31", "elapsed": 7196.066741, "delta": 0.004522}}
{"target": -17.677055618952096, "params": {"gamma": 425.60542001882, "log10_alpha": 0.8361290179667318, "log10_colsample_bytree": -0.33748848201871595, "log10_eta": -3.7030937028459294, "log10_lambda": -0.3551084616711364, "log10_min_child_weight": 0.08579938828507383, "log10_subsample": -0.38687476641840823, "max_depth": 5.0, "num_boost_round": 21.0}, "datetime": {"datetime": "2024-01-19 02:11:31", "elapsed": 7196.071268, "delta": 0.004527}}
{"target": -17.677042506215745, "params": {"gamma": 425.60542001882, "log10_alpha": 0.8361290179667318, "log10_colsample_bytree": -0.33748848201871595, "log10_eta": -3.7030937028459294, "log10_lambda": -0.3551084616711364, "log10_min_child_weight": 0.08579938828507383, "log10_subsample": -0.38687476641840823, "max_depth": 5.0, "num_boost_round": 22.0}, "datetime": {"datetime": "2024-01-19 02:11:31", "elapsed": 7196.075981, "delta": 0.004713}}
{"target": -17.677227638589475, "params": {"gamma": 453.71225773257294, "log10_alpha": -0.16900363788622386, "log10_colsample_bytree": -0.9035800888279154, "log10_eta": -3.780567414383357, "log10_lambda": 0.9236326508160158, "log10_min_child_weight": 0.9300519778248312, "log10_subsample": -0.5049537539622813, "max_depth": 9.0, "num_boost_round": 0.0}, "datetime": {"datetime": "2024-01-19 02:13:10", "elapsed": 7295.275058, "delta": 99.199077}}
{"target": -17.67723170147086, "params": {"gamma": 453.71225773257294, "log10_alpha": -0.16900363788622386, "log10_colsample_bytree": -0.9035800888279154, "log10_eta": -3.780567414383357, "log10_lambda": 0.9236326508160158, "log10_min_child_weight": 0.9300519778248312, "log10_subsample": -0.5049537539622813, "max_depth": 9.0, "num_boost_round": 1.0}, "datetime": {"datetime": "2024-01-19 02:13:10", "elapsed": 7295.280138, "delta": 0.00508}}
{"target": -17.677227996795512, "params": {"gamma": 453.71225773257294, "log10_alpha": -0.16900363788622386, "log10_colsample_bytree": -0.9035800888279154, "log10_eta": -3.780567414383357, "log10_lambda": 0.9236326508160158, "log10_min_child_weight": 0.9300519778248312, "log10_subsample": -0.5049537539622813, "max_depth": 9.0, "num_boost_round": 2.0}, "datetime": {"datetime": "2024-01-19 02:13:10", "elapsed": 7295.285039, "delta": 0.004901}}
{"target": -17.67722593071585, "params": {"gamma": 453.71225773257294, "log10_alpha": -0.16900363788622386, "log10_colsample_bytree": -0.9035800888279154, "log10_eta": -3.780567414383357, "log10_lambda": 0.9236326508160158, "log10_min_child_weight": 0.9300519778248312, "log10_subsample": -0.5049537539622813, "max_depth": 9.0, "num_boost_round": 3.0}, "datetime": {"datetime": "2024-01-19 02:13:10", "elapsed": 7295.289665, "delta": 0.004626}}
{"target": -17.677213144627558, "params": {"gamma": 453.71225773257294, "log10_alpha": -0.16900363788622386, "log10_colsample_bytree": -0.9035800888279154, "log10_eta": -3.780567414383357, "log10_lambda": 0.9236326508160158, "log10_min_child_weight": 0.9300519778248312, "log10_subsample": -0.5049537539622813, "max_depth": 9.0, "num_boost_round": 4.0}, "datetime": {"datetime": "2024-01-19 02:13:10", "elapsed": 7295.294134, "delta": 0.004469}}
