{"target": -13.758538352793417, "params": {"gamma": 428.6149386048165, "log10_alpha": 0.4300908083542847, "log10_colsample_bytree": -0.045550230084298704, "log10_eta": -3.87430398737358, "log10_lambda": -3.8940844602301263, "log10_min_child_weight": 4.894575557970705, "log10_subsample": -0.9732557226512221, "max_depth": 9.0, "num_boost_round": 28.0}, "datetime": {"datetime": "2024-01-19 00:39:55", "elapsed": 1698.751264, "delta": 0.002929}}
{"target": -13.758538325044295, "params": {"gamma": 428.6149386048165, "log10_alpha": 0.4300908083542847, "log10_colsample_bytree": -0.045550230084298704, "log10_eta": -3.87430398737358, "log10_lambda": -3.8940844602301263, "log10_min_child_weight": 4.894575557970705, "log10_subsample": -0.9732557226512221, "max_depth": 9.0, "num_boost_round": 29.0}, "datetime": {"datetime": "2024-01-19 00:39:55", "elapsed": 1698.754095, "delta": 0.002831}}
{"target": -13.758538346370898, "params": {"gamma": 428.6149386048165, "log10_alpha": 0.4300908083542847, "log10_colsample_bytree": -0.045550230084298704, "log10_eta": -3.87430398737358, "log10_lambda": -3.8940844602301263, "log10_min_child_weight": 4.894575557970705, "log10_subsample": -0.9732557226512221, "max_depth": 9.0, "num_boost_round": 30.0}, "datetime": {"datetime": "2024-01-19 00:39:55", "elapsed": 1698.756901, "delta": 0.002806}}
{"target": -13.7585383174466, "params": {"gamma": 428.6149386048165, "log10_alpha": 0.4300908083542847, "log10_colsample_bytree": -0.045550230084298704, "log10_eta": -3.87430398737358, "log10_lambda": -3.8940844602301263, "log10_min_child_weight": 4.894575557970705, "log10_subsample": -0.9732557226512221, "max_depth": 9.0, "num_boost_round": 31.0}, "datetime": {"datetime": "2024-01-19 00:39:55", "elapsed": 1698.759726, "delta": 0.002825}}
{"target": -13.758538322073122, "params": {"gamma": 428.6149386048165, "log10_alpha": 0.4300908083542847, "log10_colsample_bytree": -0.045550230084298704, "log10_eta": -3.87430398737358, "log10_lambda": -3.8940844602301263, "log10_min_child_weight": 4.894575557970705, "log10_subsample": -0.9732557226512221, "max_depth": 9.0, "num_boost_round": 32.0}, "datetime": {"datetime": "2024-01-19 00:39:55", "elapsed": 1698.762583, "delta": 0.002857}}
{"target": -13.758538330851357, "params": {"gamma": 428.6149386048165, "log10_alpha": 0.4300908083542847, "log10_colsample_bytree": -0.045550230084298704, "log10_eta": -3.87430398737358, "log10_lambda": -3.8940844602301263, "log10_min_child_weight": 4.894575557970705, "log10_subsample": -0.9732557226512221, "max_depth": 9.0, "num_boost_round": 33.0}, "datetime": {"datetime": "2024-01-19 00:39:55", "elapsed": 1698.765439, "delta": 0.002856}}
{"target": -13.758538322016143, "params": {"gamma": 428.6149386048165, "log10_alpha": 0.4300908083542847, "log10_colsample_bytree": -0.045550230084298704, "log10_eta": -3.87430398737358, "log10_lambda": -3.8940844602301263, "log10_min_child_weight": 4.894575557970705, "log10_subsample": -0.9732557226512221, "max_depth": 9.0, "num_boost_round": 34.0}, "datetime": {"datetime": "2024-01-19 00:39:55", "elapsed": 1698.768382, "delta": 0.002943}}
{"target": -13.758538341411388, "params": {"gamma": 428.6149386048165, "log10_alpha": 0.4300908083542847, "log10_colsample_bytree": -0.045550230084298704, "log10_eta": -3.87430398737358, "log10_lambda": -3.8940844602301263, "log10_min_child_weight": 4.894575557970705, "log10_subsample": -0.9732557226512221, "max_depth": 9.0, "num_boost_round": 35.0}, "datetime": {"datetime": "2024-01-19 00:39:55", "elapsed": 1698.771216, "delta": 0.002834}}
{"target": -13.75853833989628, "params": {"gamma": 428.6149386048165, "log10_alpha": 0.4300908083542847, "log10_colsample_bytree": -0.045550230084298704, "log10_eta": -3.87430398737358, "log10_lambda": -3.8940844602301263, "log10_min_child_weight": 4.894575557970705, "log10_subsample": -0.9732557226512221, "max_depth": 9.0, "num_boost_round": 36.0}, "datetime": {"datetime": "2024-01-19 00:39:55", "elapsed": 1698.774031, "delta": 0.002815}}
{"target": -13.75853831933493, "params": {"gamma": 428.6149386048165, "log10_alpha": 0.4300908083542847, "log10_colsample_bytree": -0.045550230084298704, "log10_eta": -3.87430398737358, "log10_lambda": -3.8940844602301263, "log10_min_child_weight": 4.894575557970705, "log10_subsample": -0.9732557226512221, "max_depth": 9.0, "num_boost_round": 37.0}, "datetime": {"datetime": "2024-01-19 00:39:55", "elapsed": 1698.776886, "delta": 0.002855}}
{"target": -13.758538348390822, "params": {"gamma": 428.6149386048165, "log10_alpha": 0.4300908083542847, "log10_colsample_bytree": -0.045550230084298704, "log10_eta": -3.87430398737358, "log10_lambda": -3.8940844602301263, "log10_min_child_weight": 4.894575557970705, "log10_subsample": -0.9732557226512221, "max_depth": 9.0, "num_boost_round": 38.0}, "datetime": {"datetime": "2024-01-19 00:39:55", "elapsed": 1698.7797, "delta": 0.002814}}
{"target": -13.758538352022763, "params": {"gamma": 428.6149386048165, "log10_alpha": 0.4300908083542847, "log10_colsample_bytree": -0.045550230084298704, "log10_eta": -3.87430398737358, "log10_lambda": -3.8940844602301263, "log10_min_child_weight": 4.894575557970705, "log10_subsample": -0.9732557226512221, "max_depth": 9.0, "num_boost_round": 39.0}, "datetime": {"datetime": "2024-01-19 00:39:55", "elapsed": 1698.782538, "delta": 0.002838}}
{"target": -13.758538333354538, "params": {"gamma": 428.6149386048165, "log10_alpha": 0.4300908083542847, "log10_colsample_bytree": -0.045550230084298704, "log10_eta": -3.87430398737358, "log10_lambda": -3.8940844602301263, "log10_min_child_weight": 4.894575557970705, "log10_subsample": -0.9732557226512221, "max_depth": 9.0, "num_boost_round": 40.0}, "datetime": {"datetime": "2024-01-19 00:39:55", "elapsed": 1698.785348, "delta": 0.00281}}
{"target": -13.758538345671145, "params": {"gamma": 428.6149386048165, "log10_alpha": 0.4300908083542847, "log10_colsample_bytree": -0.045550230084298704, "log10_eta": -3.87430398737358, "log10_lambda": -3.8940844602301263, "log10_min_child_weight": 4.894575557970705, "log10_subsample": -0.9732557226512221, "max_depth": 9.0, "num_boost_round": 41.0}, "datetime": {"datetime": "2024-01-19 00:39:55", "elapsed": 1698.788181, "delta": 0.002833}}
{"target": -13.758538338132714, "params": {"gamma": 428.6149386048165, "log10_alpha": 0.4300908083542847, "log10_colsample_bytree": -0.045550230084298704, "log10_eta": -3.87430398737358, "log10_lambda": -3.8940844602301263, "log10_min_child_weight": 4.894575557970705, "log10_subsample": -0.9732557226512221, "max_depth": 9.0, "num_boost_round": 42.0}, "datetime": {"datetime": "2024-01-19 00:39:55", "elapsed": 1698.791306, "delta": 0.003125}}
{"target": -13.758538331720962, "params": {"gamma": 428.6149386048165, "log10_alpha": 0.4300908083542847, "log10_colsample_bytree": -0.045550230084298704, "log10_eta": -3.87430398737358, "log10_lambda": -3.8940844602301263, "log10_min_child_weight": 4.894575557970705, "log10_subsample": -0.9732557226512221, "max_depth": 9.0, "num_boost_round": 43.0}, "datetime": {"datetime": "2024-01-19 00:39:55", "elapsed": 1698.794283, "delta": 0.002977}}
{"target": -13.75853836324185, "params": {"gamma": 428.6149386048165, "log10_alpha": 0.4300908083542847, "log10_colsample_bytree": -0.045550230084298704, "log10_eta": -3.87430398737358, "log10_lambda": -3.8940844602301263, "log10_min_child_weight": 4.894575557970705, "log10_subsample": -0.9732557226512221, "max_depth": 9.0, "num_boost_round": 44.0}, "datetime": {"datetime": "2024-01-19 00:39:55", "elapsed": 1698.797337, "delta": 0.003054}}
{"target": -13.75853836277586, "params": {"gamma": 428.6149386048165, "log10_alpha": 0.4300908083542847, "log10_colsample_bytree": -0.045550230084298704, "log10_eta": -3.87430398737358, "log10_lambda": -3.8940844602301263, "log10_min_child_weight": 4.894575557970705, "log10_subsample": -0.9732557226512221, "max_depth": 9.0, "num_boost_round": 45.0}, "datetime": {"datetime": "2024-01-19 00:39:55", "elapsed": 1698.878621, "delta": 0.081284}}
{"target": -13.758439607309658, "params": {"gamma": 431.82815121301934, "log10_alpha": 0.1940224073241552, "log10_colsample_bytree": -0.738819967150391, "log10_eta": -2.5778351923073664, "log10_lambda": -0.09027782449787036, "log10_min_child_weight": 1.8951452810302838, "log10_subsample": -0.2846649655264022, "max_depth": 5.0, "num_boost_round": 0.0}, "datetime": {"datetime": "2024-01-19 00:40:38", "elapsed": 1741.744816, "delta": 42.866195}}
{"target": -13.758442813136828, "params": {"gamma": 431.82815121301934, "log10_alpha": 0.1940224073241552, "log10_colsample_bytree": -0.738819967150391, "log10_eta": -2.5778351923073664, "log10_lambda": -0.09027782449787036, "log10_min_child_weight": 1.8951452810302838, "log10_subsample": -0.2846649655264022, "max_depth": 5.0, "num_boost_round": 1.0}, "datetime": {"datetime": "2024-01-19 00:40:38", "elapsed": 1741.748249, "delta": 0.003433}}
{"target": -13.758389259358594, "params": {"gamma": 431.82815121301934, "log10_alpha": 0.1940224073241552, "log10_colsample_bytree": -0.738819967150391, "log10_eta": -2.5778351923073664, "log10_lambda": -0.09027782449787036, "log10_min_child_weight": 1.8951452810302838, "log10_subsample": -0.2846649655264022, "max_depth": 5.0, "num_boost_round": 2.0}, "datetime": {"datetime": "2024-01-19 00:40:38", "elapsed": 1741.751296, "delta": 0.003047}}
{"target": -13.758300114474162, "params": {"gamma": 431.82815121301934, "log10_alpha": 0.1940224073241552, "log10_colsample_bytree": -0.738819967150391, "log10_eta": -2.5778351923073664, "log10_lambda": -0.09027782449787036, "log10_min_child_weight": 1.8951452810302838, "log10_subsample": -0.2846649655264022, "max_depth": 5.0, "num_boost_round": 3.0}, "datetime": {"datetime": "2024-01-19 00:40:38", "elapsed": 1741.754179, "delta": 0.002883}}
{"target": -13.758200059531172, "params": {"gamma": 431.82815121301934, "log10_alpha": 0.1940224073241552, "log10_colsample_bytree": -0.738819967150391, "log10_eta": -2.5778351923073664, "log10_lambda": -0.09027782449787036, "log10_min_child_weight": 1.8951452810302838, "log10_subsample": -0.2846649655264022, "max_depth": 5.0, "num_boost_round": 4.0}, "datetime": {"datetime": "2024-01-19 00:40:38", "elapsed": 1741.757091, "delta": 0.002912}}
{"target": -13.758125763402862, "params": {"gamma": 431.82815121301934, "log10_alpha": 0.1940224073241552, "log10_colsample_bytree": -0.738819967150391, "log10_eta": -2.5778351923073664, "log10_lambda": -0.09027782449787036, "log10_min_child_weight": 1.8951452810302838, "log10_subsample": -0.2846649655264022, "max_depth": 5.0, "num_boost_round": 5.0}, "datetime": {"datetime": "2024-01-19 00:40:38", "elapsed": 1741.759954, "delta": 0.002863}}
{"target": -13.758045862265739, "params": {"gamma": 431.82815121301934, "log10_alpha": 0.1940224073241552, "log10_colsample_bytree": -0.738819967150391, "log10_eta": -2.5778351923073664, "log10_lambda": -0.09027782449787036, "log10_min_child_weight": 1.8951452810302838, "log10_subsample": -0.2846649655264022, "max_depth": 5.0, "num_boost_round": 6.0}, "datetime": {"datetime": "2024-01-19 00:40:38", "elapsed": 1741.762836, "delta": 0.002882}}
{"target": -13.757931949330926, "params": {"gamma": 431.82815121301934, "log10_alpha": 0.1940224073241552, "log10_colsample_bytree": -0.738819967150391, "log10_eta": -2.5778351923073664, "log10_lambda": -0.09027782449787036, "log10_min_child_weight": 1.8951452810302838, "log10_subsample": -0.2846649655264022, "max_depth": 5.0, "num_boost_round": 7.0}, "datetime": {"datetime": "2024-01-19 00:40:38", "elapsed": 1741.76571, "delta": 0.002874}}
{"target": -13.757870960769605, "params": {"gamma": 431.82815121301934, "log10_alpha": 0.1940224073241552, "log10_colsample_bytree": -0.738819967150391, "log10_eta": -2.5778351923073664, "log10_lambda": -0.09027782449787036, "log10_min_child_weight": 1.8951452810302838, "log10_subsample": -0.2846649655264022, "max_depth": 5.0, "num_boost_round": 8.0}, "datetime": {"datetime": "2024-01-19 00:40:38", "elapsed": 1741.768719, "delta": 0.003009}}
{"target": -13.757876837710809, "params": {"gamma": 431.82815121301934, "log10_alpha": 0.1940224073241552, "log10_colsample_bytree": -0.738819967150391, "log10_eta": -2.5778351923073664, "log10_lambda": -0.09027782449787036, "log10_min_child_weight": 1.8951452810302838, "log10_subsample": -0.2846649655264022, "max_depth": 5.0, "num_boost_round": 9.0}, "datetime": {"datetime": "2024-01-19 00:40:38", "elapsed": 1741.771643, "delta": 0.002924}}
{"target": -13.757810783830678, "params": {"gamma": 431.82815121301934, "log10_alpha": 0.1940224073241552, "log10_colsample_bytree": -0.738819967150391, "log10_eta": -2.5778351923073664, "log10_lambda": -0.09027782449787036, "log10_min_child_weight": 1.8951452810302838, "log10_subsample": -0.2846649655264022, "max_depth": 5.0, "num_boost_round": 10.0}, "datetime": {"datetime": "2024-01-19 00:40:38", "elapsed": 1741.774541, "delta": 0.002898}}
{"target": -13.75772859914687, "params": {"gamma": 431.82815121301934, "log10_alpha": 0.1940224073241552, "log10_colsample_bytree": -0.738819967150391, "log10_eta": -2.5778351923073664, "log10_lambda": -0.09027782449787036, "log10_min_child_weight": 1.8951452810302838, "log10_subsample": -0.2846649655264022, "max_depth": 5.0, "num_boost_round": 11.0}, "datetime": {"datetime": "2024-01-19 00:40:38", "elapsed": 1741.777422, "delta": 0.002881}}
{"target": -13.757689921514265, "params": {"gamma": 431.82815121301934, "log10_alpha": 0.1940224073241552, "log10_colsample_bytree": -0.738819967150391, "log10_eta": -2.5778351923073664, "log10_lambda": -0.09027782449787036, "log10_min_child_weight": 1.8951452810302838, "log10_subsample": -0.2846649655264022, "max_depth": 5.0, "num_boost_round": 12.0}, "datetime": {"datetime": "2024-01-19 00:40:38", "elapsed": 1741.780303, "delta": 0.002881}}
{"target": -13.757611934231107, "params": {"gamma": 431.82815121301934, "log10_alpha": 0.1940224073241552, "log10_colsample_bytree": -0.738819967150391, "log10_eta": -2.5778351923073664, "log10_lambda": -0.09027782449787036, "log10_min_child_weight": 1.8951452810302838, "log10_subsample": -0.2846649655264022, "max_depth": 5.0, "num_boost_round": 13.0}, "datetime": {"datetime": "2024-01-19 00:40:38", "elapsed": 1741.783234, "delta": 0.002931}}
{"target": -13.757622056918043, "params": {"gamma": 431.82815121301934, "log10_alpha": 0.1940224073241552, "log10_colsample_bytree": -0.738819967150391, "log10_eta": -2.5778351923073664, "log10_lambda": -0.09027782449787036, "log10_min_child_weight": 1.8951452810302838, "log10_subsample": -0.2846649655264022, "max_depth": 5.0, "num_boost_round": 14.0}, "datetime": {"datetime": "2024-01-19 00:40:38", "elapsed": 1741.786138, "delta": 0.002904}}
{"target": -13.757538380371834, "params": {"gamma": 431.82815121301934, "log10_alpha": 0.1940224073241552, "log10_colsample_bytree": -0.738819967150391, "log10_eta": -2.5778351923073664, "log10_lambda": -0.09027782449787036, "log10_min_child_weight": 1.8951452810302838, "log10_subsample": -0.2846649655264022, "max_depth": 5.0, "num_boost_round": 15.0}, "datetime": {"datetime": "2024-01-19 00:40:38", "elapsed": 1741.789194, "delta": 0.003056}}
{"target": -13.75753951649714, "params": {"gamma": 431.82815121301934, "log10_alpha": 0.1940224073241552, "log10_colsample_bytree": -0.738819967150391, "log10_eta": -2.5778351923073664, "log10_lambda": -0.09027782449787036, "log10_min_child_weight": 1.8951452810302838, "log10_subsample": -0.2846649655264022, "max_depth": 5.0, "num_boost_round": 16.0}, "datetime": {"datetime": "2024-01-19 00:40:38", "elapsed": 1741.79222, "delta": 0.003026}}
{"target": -13.757493750500347, "params": {"gamma": 431.82815121301934, "log10_alpha": 0.1940224073241552, "log10_colsample_bytree": -0.738819967150391, "log10_eta": -2.5778351923073664, "log10_lambda": -0.09027782449787036, "log10_min_child_weight": 1.8951452810302838, "log10_subsample": -0.2846649655264022, "max_depth": 5.0, "num_boost_round": 17.0}, "datetime": {"datetime": "2024-01-19 00:40:38", "elapsed": 1741.795161, "delta": 0.002941}}
{"target": -13.757531686355112, "params": {"gamma": 431.82815121301934, "log10_alpha": 0.1940224073241552, "log10_colsample_bytree": -0.738819967150391, "log10_eta": -2.5778351923073664, "log10_lambda": -0.09027782449787036, "log10_min_child_weight": 1.8951452810302838, "log10_subsample": -0.2846649655264022, "max_depth": 5.0, "num_boost_round": 18.0}, "datetime": {"datetime": "2024-01-19 00:40:38", "elapsed": 1741.798165, "delta": 0.003004}}
{"target": -13.757526966948477, "params": {"gamma": 431.82815121301934, "log10_alpha": 0.1940224073241552, "log10_colsample_bytree": -0.738819967150391, "log10_eta": -2.5778351923073664, "log10_lambda": -0.09027782449787036, "log10_min_child_weight": 1.8951452810302838, "log10_subsample": -0.2846649655264022, "max_depth": 5.0, "num_boost_round": 19.0}, "datetime": {"datetime": "2024-01-19 00:40:38", "elapsed": 1741.801256, "delta": 0.003091}}
{"target": -13.757371514920635, "params": {"gamma": 431.82815121301934, "log10_alpha": 0.1940224073241552, "log10_colsample_bytree": -0.738819967150391, "log10_eta": -2.5778351923073664, "log10_lambda": -0.09027782449787036, "log10_min_child_weight": 1.8951452810302838, "log10_subsample": -0.2846649655264022, "max_depth": 5.0, "num_boost_round": 20.0}, "datetime": {"datetime": "2024-01-19 00:40:38", "elapsed": 1741.804216, "delta": 0.00296}}
{"target": -13.757278112856984, "params": {"gamma": 431.82815121301934, "log10_alpha": 0.1940224073241552, "log10_colsample_bytree": -0.738819967150391, "log10_eta": -2.5778351923073664, "log10_lambda": -0.09027782449787036, "log10_min_child_weight": 1.8951452810302838, "log10_subsample": -0.2846649655264022, "max_depth": 5.0, "num_boost_round": 21.0}, "datetime": {"datetime": "2024-01-19 00:40:38", "elapsed": 1741.807106, "delta": 0.00289}}
{"target": -13.757201658114136, "params": {"gamma": 431.82815121301934, "log10_alpha": 0.1940224073241552, "log10_colsample_bytree": -0.738819967150391, "log10_eta": -2.5778351923073664, "log10_lambda": -0.09027782449787036, "log10_min_child_weight": 1.8951452810302838, "log10_subsample": -0.2846649655264022, "max_depth": 5.0, "num_boost_round": 22.0}, "datetime": {"datetime": "2024-01-19 00:40:38", "elapsed": 1741.810013, "delta": 0.002907}}
{"target": -13.757143411094345, "params": {"gamma": 431.82815121301934, "log10_alpha": 0.1940224073241552, "log10_colsample_bytree": -0.738819967150391, "log10_eta": -2.5778351923073664, "log10_lambda": -0.09027782449787036, "log10_min_child_weight": 1.8951452810302838, "log10_subsample": -0.2846649655264022, "max_depth": 5.0, "num_boost_round": 23.0}, "datetime": {"datetime": "2024-01-19 00:40:38", "elapsed": 1741.812928, "delta": 0.002915}}
{"target": -13.757199823330216, "params": {"gamma": 431.82815121301934, "log10_alpha": 0.1940224073241552, "log10_colsample_bytree": -0.738819967150391, "log10_eta": -2.5778351923073664, "log10_lambda": -0.09027782449787036, "log10_min_child_weight": 1.8951452810302838, "log10_subsample": -0.2846649655264022, "max_depth": 5.0, "num_boost_round": 24.0}, "datetime": {"datetime": "2024-01-19 00:40:38", "elapsed": 1741.815849, "delta": 0.002921}}
{"target": -13.757109468134434, "params": {"gamma": 431.82815121301934, "log10_alpha": 0.1940224073241552, "log10_colsample_bytree": -0.738819967150391, "log10_eta": -2.5778351923073664, "log10_lambda": -0.09027782449787036, "log10_min_child_weight": 1.8951452810302838, "log10_subsample": -0.2846649655264022, "max_depth": 5.0, "num_boost_round": 25.0}, "datetime": {"datetime": "2024-01-19 00:40:38", "elapsed": 1741.818757, "delta": 0.002908}}
{"target": -13.756982267322973, "params": {"gamma": 431.82815121301934, "log10_alpha": 0.1940224073241552, "log10_colsample_bytree": -0.738819967150391, "log10_eta": -2.5778351923073664, "log10_lambda": -0.09027782449787036, "log10_min_child_weight": 1.8951452810302838, "log10_subsample": -0.2846649655264022, "max_depth": 5.0, "num_boost_round": 26.0}, "datetime": {"datetime": "2024-01-19 00:40:38", "elapsed": 1741.821704, "delta": 0.002947}}
{"target": -13.756963690085605, "params": {"gamma": 431.82815121301934, "log10_alpha": 0.1940224073241552, "log10_colsample_bytree": -0.738819967150391, "log10_eta": -2.5778351923073664, "log10_lambda": -0.09027782449787036, "log10_min_child_weight": 1.8951452810302838, "log10_subsample": -0.2846649655264022, "max_depth": 5.0, "num_boost_round": 27.0}, "datetime": {"datetime": "2024-01-19 00:40:38", "elapsed": 1741.824638, "delta": 0.002934}}
{"target": -13.756862956299257, "params": {"gamma": 431.82815121301934, "log10_alpha": 0.1940224073241552, "log10_colsample_bytree": -0.738819967150391, "log10_eta": -2.5778351923073664, "log10_lambda": -0.09027782449787036, "log10_min_child_weight": 1.8951452810302838, "log10_subsample": -0.2846649655264022, "max_depth": 5.0, "num_boost_round": 28.0}, "datetime": {"datetime": "2024-01-19 00:40:38", "elapsed": 1741.82761, "delta": 0.002972}}
{"target": -13.756839767236418, "params": {"gamma": 431.82815121301934, "log10_alpha": 0.1940224073241552, "log10_colsample_bytree": -0.738819967150391, "log10_eta": -2.5778351923073664, "log10_lambda": -0.09027782449787036, "log10_min_child_weight": 1.8951452810302838, "log10_subsample": -0.2846649655264022, "max_depth": 5.0, "num_boost_round": 29.0}, "datetime": {"datetime": "2024-01-19 00:40:38", "elapsed": 1741.830493, "delta": 0.002883}}
{"target": -13.756817566375227, "params": {"gamma": 431.82815121301934, "log10_alpha": 0.1940224073241552, "log10_colsample_bytree": -0.738819967150391, "log10_eta": -2.5778351923073664, "log10_lambda": -0.09027782449787036, "log10_min_child_weight": 1.8951452810302838, "log10_subsample": -0.2846649655264022, "max_depth": 5.0, "num_boost_round": 30.0}, "datetime": {"datetime": "2024-01-19 00:40:38", "elapsed": 1741.833402, "delta": 0.002909}}
