{"target": -17.677117866544418, "params": {"gamma": 452.94085453637865, "log10_alpha": -2.8809597568476883, "log10_colsample_bytree": -0.4183157881877232, "log10_eta": -3.138337184932502, "log10_lambda": -0.2056334444682566, "log10_min_child_weight": 0.0397409921699432, "log10_subsample": -0.3385885350445127, "max_depth": 8.0, "num_boost_round": 2.0}, "datetime": {"datetime": "2024-01-19 00:19:57", "elapsed": 490.194087, "delta": 0.001177}}
{"target": -17.67712003972507, "params": {"gamma": 452.94085453637865, "log10_alpha": -2.8809597568476883, "log10_colsample_bytree": -0.4183157881877232, "log10_eta": -3.138337184932502, "log10_lambda": -0.2056334444682566, "log10_min_child_weight": 0.0397409921699432, "log10_subsample": -0.3385885350445127, "max_depth": 8.0, "num_boost_round": 3.0}, "datetime": {"datetime": "2024-01-19 00:19:57", "elapsed": 490.195237, "delta": 0.00115}}
{"target": -17.677107779319737, "params": {"gamma": 452.94085453637865, "log10_alpha": -2.8809597568476883, "log10_colsample_bytree": -0.4183157881877232, "log10_eta": -3.138337184932502, "log10_lambda": -0.2056334444682566, "log10_min_child_weight": 0.0397409921699432, "log10_subsample": -0.3385885350445127, "max_depth": 8.0, "num_boost_round": 4.0}, "datetime": {"datetime": "2024-01-19 00:19:57", "elapsed": 490.196375, "delta": 0.001138}}
{"target": -17.677028266861793, "params": {"gamma": 452.94085453637865, "log10_alpha": -2.8809597568476883, "log10_colsample_bytree": -0.4183157881877232, "log10_eta": -3.138337184932502, "log10_lambda": -0.2056334444682566, "log10_min_child_weight": 0.0397409921699432, "log10_subsample": -0.3385885350445127, "max_depth": 8.0, "num_boost_round": 5.0}, "datetime": {"datetime": "2024-01-19 00:19:57", "elapsed": 490.197837, "delta": 0.001462}}
{"target": -17.67693987846728, "params": {"gamma": 452.94085453637865, "log10_alpha": -2.8809597568476883, "log10_colsample_bytree": -0.4183157881877232, "log10_eta": -3.138337184932502, "log10_lambda": -0.2056334444682566, "log10_min_child_weight": 0.0397409921699432, "log10_subsample": -0.3385885350445127, "max_depth": 8.0, "num_boost_round": 6.0}, "datetime": {"datetime": "2024-01-19 00:19:57", "elapsed": 490.198997, "delta": 0.00116}}
{"target": -17.67690608044539, "params": {"gamma": 452.94085453637865, "log10_alpha": -2.8809597568476883, "log10_colsample_bytree": -0.4183157881877232, "log10_eta": -3.138337184932502, "log10_lambda": -0.2056334444682566, "log10_min_child_weight": 0.0397409921699432, "log10_subsample": -0.3385885350445127, "max_depth": 8.0, "num_boost_round": 7.0}, "datetime": {"datetime": "2024-01-19 00:19:57", "elapsed": 490.200139, "delta": 0.001142}}
{"target": -17.676863366221845, "params": {"gamma": 452.94085453637865, "log10_alpha": -2.8809597568476883, "log10_colsample_bytree": -0.4183157881877232, "log10_eta": -3.138337184932502, "log10_lambda": -0.2056334444682566, "log10_min_child_weight": 0.0397409921699432, "log10_subsample": -0.3385885350445127, "max_depth": 8.0, "num_boost_round": 8.0}, "datetime": {"datetime": "2024-01-19 00:19:57", "elapsed": 490.201291, "delta": 0.001152}}
{"target": -17.676825554916363, "params": {"gamma": 452.94085453637865, "log10_alpha": -2.8809597568476883, "log10_colsample_bytree": -0.4183157881877232, "log10_eta": -3.138337184932502, "log10_lambda": -0.2056334444682566, "log10_min_child_weight": 0.0397409921699432, "log10_subsample": -0.3385885350445127, "max_depth": 8.0, "num_boost_round": 9.0}, "datetime": {"datetime": "2024-01-19 00:19:57", "elapsed": 490.202424, "delta": 0.001133}}
{"target": -17.67677462726317, "params": {"gamma": 452.94085453637865, "log10_alpha": -2.8809597568476883, "log10_colsample_bytree": -0.4183157881877232, "log10_eta": -3.138337184932502, "log10_lambda": -0.2056334444682566, "log10_min_child_weight": 0.0397409921699432, "log10_subsample": -0.3385885350445127, "max_depth": 8.0, "num_boost_round": 10.0}, "datetime": {"datetime": "2024-01-19 00:19:57", "elapsed": 490.203569, "delta": 0.001145}}
{"target": -17.67671404692403, "params": {"gamma": 452.94085453637865, "log10_alpha": -2.8809597568476883, "log10_colsample_bytree": -0.4183157881877232, "log10_eta": -3.138337184932502, "log10_lambda": -0.2056334444682566, "log10_min_child_weight": 0.0397409921699432, "log10_subsample": -0.3385885350445127, "max_depth": 8.0, "num_boost_round": 11.0}, "datetime": {"datetime": "2024-01-19 00:19:57", "elapsed": 490.204715, "delta": 0.001146}}
{"target": -17.676720679895798, "params": {"gamma": 452.94085453637865, "log10_alpha": -2.8809597568476883, "log10_colsample_bytree": -0.4183157881877232, "log10_eta": -3.138337184932502, "log10_lambda": -0.2056334444682566, "log10_min_child_weight": 0.0397409921699432, "log10_subsample": -0.3385885350445127, "max_depth": 8.0, "num_boost_round": 12.0}, "datetime": {"datetime": "2024-01-19 00:19:57", "elapsed": 490.205861, "delta": 0.001146}}
{"target": -17.676687422333238, "params": {"gamma": 452.94085453637865, "log10_alpha": -2.8809597568476883, "log10_colsample_bytree": -0.4183157881877232, "log10_eta": -3.138337184932502, "log10_lambda": -0.2056334444682566, "log10_min_child_weight": 0.0397409921699432, "log10_subsample": -0.3385885350445127, "max_depth": 8.0, "num_boost_round": 13.0}, "datetime": {"datetime": "2024-01-19 00:19:57", "elapsed": 490.207005, "delta": 0.001144}}
{"target": -17.67666128564783, "params": {"gamma": 452.94085453637865, "log10_alpha": -2.8809597568476883, "log10_colsample_bytree": -0.4183157881877232, "log10_eta": -3.138337184932502, "log10_lambda": -0.2056334444682566, "log10_min_child_weight": 0.0397409921699432, "log10_subsample": -0.3385885350445127, "max_depth": 8.0, "num_boost_round": 14.0}, "datetime": {"datetime": "2024-01-19 00:19:57", "elapsed": 490.20816, "delta": 0.001155}}
{"target": -17.676655707673277, "params": {"gamma": 452.94085453637865, "log10_alpha": -2.8809597568476883, "log10_colsample_bytree": -0.4183157881877232, "log10_eta": -3.138337184932502, "log10_lambda": -0.2056334444682566, "log10_min_child_weight": 0.0397409921699432, "log10_subsample": -0.3385885350445127, "max_depth": 8.0, "num_boost_round": 15.0}, "datetime": {"datetime": "2024-01-19 00:19:57", "elapsed": 490.209297, "delta": 0.001137}}
{"target": -17.676613503478666, "params": {"gamma": 452.94085453637865, "log10_alpha": -2.8809597568476883, "log10_colsample_bytree": -0.4183157881877232, "log10_eta": -3.138337184932502, "log10_lambda": -0.2056334444682566, "log10_min_child_weight": 0.0397409921699432, "log10_subsample": -0.3385885350445127, "max_depth": 8.0, "num_boost_round": 16.0}, "datetime": {"datetime": "2024-01-19 00:19:57", "elapsed": 490.210445, "delta": 0.001148}}
{"target": -17.676602369811953, "params": {"gamma": 452.94085453637865, "log10_alpha": -2.8809597568476883, "log10_colsample_bytree": -0.4183157881877232, "log10_eta": -3.138337184932502, "log10_lambda": -0.2056334444682566, "log10_min_child_weight": 0.0397409921699432, "log10_subsample": -0.3385885350445127, "max_depth": 8.0, "num_boost_round": 17.0}, "datetime": {"datetime": "2024-01-19 00:19:57", "elapsed": 490.211591, "delta": 0.001146}}
{"target": -17.6775450340688, "params": {"gamma": 441.49703059558254, "log10_alpha": -2.9660483515265685, "log10_colsample_bytree": -0.3745603100153949, "log10_eta": -1.812880142187876, "log10_lambda": -4.677170183736802, "log10_min_child_weight": 1.2642782520200235, "log10_subsample": -0.8073762564947458, "max_depth": 9.0, "num_boost_round": 0.0}, "datetime": {"datetime": "2024-01-19 00:20:31", "elapsed": 523.863167, "delta": 33.651576}}
{"target": -17.676288892699798, "params": {"gamma": 441.49703059558254, "log10_alpha": -2.9660483515265685, "log10_colsample_bytree": -0.3745603100153949, "log10_eta": -1.812880142187876, "log10_lambda": -4.677170183736802, "log10_min_child_weight": 1.2642782520200235, "log10_subsample": -0.8073762564947458, "max_depth": 9.0, "num_boost_round": 1.0}, "datetime": {"datetime": "2024-01-19 00:20:31", "elapsed": 523.864867, "delta": 0.0017}}
{"target": -17.676253727211837, "params": {"gamma": 441.49703059558254, "log10_alpha": -2.9660483515265685, "log10_colsample_bytree": -0.3745603100153949, "log10_eta": -1.812880142187876, "log10_lambda": -4.677170183736802, "log10_min_child_weight": 1.2642782520200235, "log10_subsample": -0.8073762564947458, "max_depth": 9.0, "num_boost_round": 2.0}, "datetime": {"datetime": "2024-01-19 00:20:31", "elapsed": 523.86641, "delta": 0.001543}}
{"target": -17.675458827995147, "params": {"gamma": 441.49703059558254, "log10_alpha": -2.9660483515265685, "log10_colsample_bytree": -0.3745603100153949, "log10_eta": -1.812880142187876, "log10_lambda": -4.677170183736802, "log10_min_child_weight": 1.2642782520200235, "log10_subsample": -0.8073762564947458, "max_depth": 9.0, "num_boost_round": 3.0}, "datetime": {"datetime": "2024-01-19 00:20:31", "elapsed": 523.867615, "delta": 0.001205}}
{"target": -17.675120706626732, "params": {"gamma": 441.49703059558254, "log10_alpha": -2.9660483515265685, "log10_colsample_bytree": -0.3745603100153949, "log10_eta": -1.812880142187876, "log10_lambda": -4.677170183736802, "log10_min_child_weight": 1.2642782520200235, "log10_subsample": -0.8073762564947458, "max_depth": 9.0, "num_boost_round": 4.0}, "datetime": {"datetime": "2024-01-19 00:20:31", "elapsed": 523.868793, "delta": 0.001178}}
{"target": -17.67334822033518, "params": {"gamma": 441.49703059558254, "log10_alpha": -2.9660483515265685, "log10_colsample_bytree": -0.3745603100153949, "log10_eta": -1.812880142187876, "log10_lambda": -4.677170183736802, "log10_min_child_weight": 1.2642782520200235, "log10_subsample": -0.8073762564947458, "max_depth": 9.0, "num_boost_round": 5.0}, "datetime": {"datetime": "2024-01-19 00:20:31", "elapsed": 523.86996, "delta": 0.001167}}
{"target": -17.673850649204834, "params": {"gamma": 441.49703059558254, "log10_alpha": -2.9660483515265685, "log10_colsample_bytree": -0.3745603100153949, "log10_eta": -1.812880142187876, "log10_lambda": -4.677170183736802, "log10_min_child_weight": 1.2642782520200235, "log10_subsample": -0.8073762564947458, "max_depth": 9.0, "num_boost_round": 6.0}, "datetime": {"datetime": "2024-01-19 00:20:31", "elapsed": 523.871571, "delta": 0.001611}}
{"target": -17.672521197842123, "params": {"gamma": 441.49703059558254, "log10_alpha": -2.9660483515265685, "log10_colsample_bytree": -0.3745603100153949, "log10_eta": -1.812880142187876, "log10_lambda": -4.677170183736802, "log10_min_child_weight": 1.2642782520200235, "log10_subsample": -0.8073762564947458, "max_depth": 9.0, "num_boost_round": 7.0}, "datetime": {"datetime": "2024-01-19 00:20:31", "elapsed": 523.872759, "delta": 0.001188}}
{"target": -17.671673720061143, "params": {"gamma": 441.49703059558254, "log10_alpha": -2.9660483515265685, "log10_colsample_bytree": -0.3745603100153949, "log10_eta": -1.812880142187876, "log10_lambda": -4.677170183736802, "log10_min_child_weight": 1.2642782520200235, "log10_subsample": -0.8073762564947458, "max_depth": 9.0, "num_boost_round": 8.0}, "datetime": {"datetime": "2024-01-19 00:20:31", "elapsed": 523.873923, "delta": 0.001164}}
{"target": -17.670455817810268, "params": {"gamma": 441.49703059558254, "log10_alpha": -2.9660483515265685, "log10_colsample_bytree": -0.3745603100153949, "log10_eta": -1.812880142187876, "log10_lambda": -4.677170183736802, "log10_min_child_weight": 1.2642782520200235, "log10_subsample": -0.8073762564947458, "max_depth": 9.0, "num_boost_round": 9.0}, "datetime": {"datetime": "2024-01-19 00:20:31", "elapsed": 523.875099, "delta": 0.001176}}
{"target": -17.670115694748322, "params": {"gamma": 441.49703059558254, "log10_alpha": -2.9660483515265685, "log10_colsample_bytree": -0.3745603100153949, "log10_eta": -1.812880142187876, "log10_lambda": -4.677170183736802, "log10_min_child_weight": 1.2642782520200235, "log10_subsample": -0.8073762564947458, "max_depth": 9.0, "num_boost_round": 10.0}, "datetime": {"datetime": "2024-01-19 00:20:31", "elapsed": 523.876284, "delta": 0.001185}}
{"target": -17.670156370668288, "params": {"gamma": 441.49703059558254, "log10_alpha": -2.9660483515265685, "log10_colsample_bytree": -0.3745603100153949, "log10_eta": -1.812880142187876, "log10_lambda": -4.677170183736802, "log10_min_child_weight": 1.2642782520200235, "log10_subsample": -0.8073762564947458, "max_depth": 9.0, "num_boost_round": 11.0}, "datetime": {"datetime": "2024-01-19 00:20:31", "elapsed": 523.87745, "delta": 0.001166}}
{"target": -17.67125728259268, "params": {"gamma": 441.49703059558254, "log10_alpha": -2.9660483515265685, "log10_colsample_bytree": -0.3745603100153949, "log10_eta": -1.812880142187876, "log10_lambda": -4.677170183736802, "log10_min_child_weight": 1.2642782520200235, "log10_subsample": -0.8073762564947458, "max_depth": 9.0, "num_boost_round": 12.0}, "datetime": {"datetime": "2024-01-19 00:20:31", "elapsed": 523.878619, "delta": 0.001169}}
{"target": -17.67134109999437, "params": {"gamma": 441.49703059558254, "log10_alpha": -2.9660483515265685, "log10_colsample_bytree": -0.3745603100153949, "log10_eta": -1.812880142187876, "log10_lambda": -4.677170183736802, "log10_min_child_weight": 1.2642782520200235, "log10_subsample": -0.8073762564947458, "max_depth": 9.0, "num_boost_round": 13.0}, "datetime": {"datetime": "2024-01-19 00:20:31", "elapsed": 523.879786, "delta": 0.001167}}
{"target": -17.67064663560379, "params": {"gamma": 441.49703059558254, "log10_alpha": -2.9660483515265685, "log10_colsample_bytree": -0.3745603100153949, "log10_eta": -1.812880142187876, "log10_lambda": -4.677170183736802, "log10_min_child_weight": 1.2642782520200235, "log10_subsample": -0.8073762564947458, "max_depth": 9.0, "num_boost_round": 14.0}, "datetime": {"datetime": "2024-01-19 00:20:31", "elapsed": 523.880953, "delta": 0.001167}}
{"target": -17.670473775040612, "params": {"gamma": 441.49703059558254, "log10_alpha": -2.9660483515265685, "log10_colsample_bytree": -0.3745603100153949, "log10_eta": -1.812880142187876, "log10_lambda": -4.677170183736802, "log10_min_child_weight": 1.2642782520200235, "log10_subsample": -0.8073762564947458, "max_depth": 9.0, "num_boost_round": 15.0}, "datetime": {"datetime": "2024-01-19 00:20:31", "elapsed": 523.882208, "delta": 0.001255}}
{"target": -17.670656282130246, "params": {"gamma": 441.49703059558254, "log10_alpha": -2.9660483515265685, "log10_colsample_bytree": -0.3745603100153949, "log10_eta": -1.812880142187876, "log10_lambda": -4.677170183736802, "log10_min_child_weight": 1.2642782520200235, "log10_subsample": -0.8073762564947458, "max_depth": 9.0, "num_boost_round": 16.0}, "datetime": {"datetime": "2024-01-19 00:20:31", "elapsed": 523.883382, "delta": 0.001174}}
{"target": -17.671565407456008, "params": {"gamma": 441.49703059558254, "log10_alpha": -2.9660483515265685, "log10_colsample_bytree": -0.3745603100153949, "log10_eta": -1.812880142187876, "log10_lambda": -4.677170183736802, "log10_min_child_weight": 1.2642782520200235, "log10_subsample": -0.8073762564947458, "max_depth": 9.0, "num_boost_round": 17.0}, "datetime": {"datetime": "2024-01-19 00:20:31", "elapsed": 523.884554, "delta": 0.001172}}
{"target": -17.672453384893963, "params": {"gamma": 441.49703059558254, "log10_alpha": -2.9660483515265685, "log10_colsample_bytree": -0.3745603100153949, "log10_eta": -1.812880142187876, "log10_lambda": -4.677170183736802, "log10_min_child_weight": 1.2642782520200235, "log10_subsample": -0.8073762564947458, "max_depth": 9.0, "num_boost_round": 18.0}, "datetime": {"datetime": "2024-01-19 00:20:31", "elapsed": 523.88574, "delta": 0.001186}}
{"target": -17.67255412557463, "params": {"gamma": 441.49703059558254, "log10_alpha": -2.9660483515265685, "log10_colsample_bytree": -0.3745603100153949, "log10_eta": -1.812880142187876, "log10_lambda": -4.677170183736802, "log10_min_child_weight": 1.2642782520200235, "log10_subsample": -0.8073762564947458, "max_depth": 9.0, "num_boost_round": 19.0}, "datetime": {"datetime": "2024-01-19 00:20:31", "elapsed": 523.88698, "delta": 0.00124}}
{"target": -17.672212071646282, "params": {"gamma": 441.49703059558254, "log10_alpha": -2.9660483515265685, "log10_colsample_bytree": -0.3745603100153949, "log10_eta": -1.812880142187876, "log10_lambda": -4.677170183736802, "log10_min_child_weight": 1.2642782520200235, "log10_subsample": -0.8073762564947458, "max_depth": 9.0, "num_boost_round": 20.0}, "datetime": {"datetime": "2024-01-19 00:20:31", "elapsed": 523.888172, "delta": 0.001192}}
{"target": -17.67278785473416, "params": {"gamma": 441.49703059558254, "log10_alpha": -2.9660483515265685, "log10_colsample_bytree": -0.3745603100153949, "log10_eta": -1.812880142187876, "log10_lambda": -4.677170183736802, "log10_min_child_weight": 1.2642782520200235, "log10_subsample": -0.8073762564947458, "max_depth": 9.0, "num_boost_round": 21.0}, "datetime": {"datetime": "2024-01-19 00:20:31", "elapsed": 523.889357, "delta": 0.001185}}
{"target": -17.672148178999553, "params": {"gamma": 441.49703059558254, "log10_alpha": -2.9660483515265685, "log10_colsample_bytree": -0.3745603100153949, "log10_eta": -1.812880142187876, "log10_lambda": -4.677170183736802, "log10_min_child_weight": 1.2642782520200235, "log10_subsample": -0.8073762564947458, "max_depth": 9.0, "num_boost_round": 22.0}, "datetime": {"datetime": "2024-01-19 00:20:31", "elapsed": 523.890615, "delta": 0.001258}}
{"target": -17.672632830792068, "params": {"gamma": 441.49703059558254, "log10_alpha": -2.9660483515265685, "log10_colsample_bytree": -0.3745603100153949, "log10_eta": -1.812880142187876, "log10_lambda": -4.677170183736802, "log10_min_child_weight": 1.2642782520200235, "log10_subsample": -0.8073762564947458, "max_depth": 9.0, "num_boost_round": 23.0}, "datetime": {"datetime": "2024-01-19 00:20:31", "elapsed": 523.8918, "delta": 0.001185}}
{"target": -17.673286095098607, "params": {"gamma": 441.49703059558254, "log10_alpha": -2.9660483515265685, "log10_colsample_bytree": -0.3745603100153949, "log10_eta": -1.812880142187876, "log10_lambda": -4.677170183736802, "log10_min_child_weight": 1.2642782520200235, "log10_subsample": -0.8073762564947458, "max_depth": 9.0, "num_boost_round": 24.0}, "datetime": {"datetime": "2024-01-19 00:20:31", "elapsed": 523.892997, "delta": 0.001197}}
{"target": -17.673268305672053, "params": {"gamma": 441.49703059558254, "log10_alpha": -2.9660483515265685, "log10_colsample_bytree": -0.3745603100153949, "log10_eta": -1.812880142187876, "log10_lambda": -4.677170183736802, "log10_min_child_weight": 1.2642782520200235, "log10_subsample": -0.8073762564947458, "max_depth": 9.0, "num_boost_round": 25.0}, "datetime": {"datetime": "2024-01-19 00:20:31", "elapsed": 523.894194, "delta": 0.001197}}
{"target": -17.674778478575647, "params": {"gamma": 441.49703059558254, "log10_alpha": -2.9660483515265685, "log10_colsample_bytree": -0.3745603100153949, "log10_eta": -1.812880142187876, "log10_lambda": -4.677170183736802, "log10_min_child_weight": 1.2642782520200235, "log10_subsample": -0.8073762564947458, "max_depth": 9.0, "num_boost_round": 26.0}, "datetime": {"datetime": "2024-01-19 00:20:31", "elapsed": 523.895385, "delta": 0.001191}}
{"target": -17.67428258282712, "params": {"gamma": 441.49703059558254, "log10_alpha": -2.9660483515265685, "log10_colsample_bytree": -0.3745603100153949, "log10_eta": -1.812880142187876, "log10_lambda": -4.677170183736802, "log10_min_child_weight": 1.2642782520200235, "log10_subsample": -0.8073762564947458, "max_depth": 9.0, "num_boost_round": 27.0}, "datetime": {"datetime": "2024-01-19 00:20:31", "elapsed": 523.896571, "delta": 0.001186}}
{"target": -17.675082967668178, "params": {"gamma": 441.49703059558254, "log10_alpha": -2.9660483515265685, "log10_colsample_bytree": -0.3745603100153949, "log10_eta": -1.812880142187876, "log10_lambda": -4.677170183736802, "log10_min_child_weight": 1.2642782520200235, "log10_subsample": -0.8073762564947458, "max_depth": 9.0, "num_boost_round": 28.0}, "datetime": {"datetime": "2024-01-19 00:20:31", "elapsed": 523.897783, "delta": 0.001212}}
{"target": -17.675457321280113, "params": {"gamma": 441.49703059558254, "log10_alpha": -2.9660483515265685, "log10_colsample_bytree": -0.3745603100153949, "log10_eta": -1.812880142187876, "log10_lambda": -4.677170183736802, "log10_min_child_weight": 1.2642782520200235, "log10_subsample": -0.8073762564947458, "max_depth": 9.0, "num_boost_round": 29.0}, "datetime": {"datetime": "2024-01-19 00:20:31", "elapsed": 523.899002, "delta": 0.001219}}
{"target": -17.67617461118621, "params": {"gamma": 441.49703059558254, "log10_alpha": -2.9660483515265685, "log10_colsample_bytree": -0.3745603100153949, "log10_eta": -1.812880142187876, "log10_lambda": -4.677170183736802, "log10_min_child_weight": 1.2642782520200235, "log10_subsample": -0.8073762564947458, "max_depth": 9.0, "num_boost_round": 30.0}, "datetime": {"datetime": "2024-01-19 00:20:31", "elapsed": 523.900225, "delta": 0.001223}}
{"target": -17.676565557448292, "params": {"gamma": 441.49703059558254, "log10_alpha": -2.9660483515265685, "log10_colsample_bytree": -0.3745603100153949, "log10_eta": -1.812880142187876, "log10_lambda": -4.677170183736802, "log10_min_child_weight": 1.2642782520200235, "log10_subsample": -0.8073762564947458, "max_depth": 9.0, "num_boost_round": 31.0}, "datetime": {"datetime": "2024-01-19 00:20:31", "elapsed": 523.90161, "delta": 0.001385}}
{"target": -17.67879687382703, "params": {"gamma": 441.49703059558254, "log10_alpha": -2.9660483515265685, "log10_colsample_bytree": -0.3745603100153949, "log10_eta": -1.812880142187876, "log10_lambda": -4.677170183736802, "log10_min_child_weight": 1.2642782520200235, "log10_subsample": -0.8073762564947458, "max_depth": 9.0, "num_boost_round": 32.0}, "datetime": {"datetime": "2024-01-19 00:20:31", "elapsed": 523.902983, "delta": 0.001373}}
