{"target": -17.677230729110562, "params": {"gamma": 452.9406172303503, "log10_alpha": -1.987461146143465, "log10_colsample_bytree": -0.4897557893444048, "log10_eta": -3.984210057290941, "log10_lambda": 0.5743635145687946, "log10_min_child_weight": 4.653571725454164, "log10_subsample": -0.24982791998587983, "max_depth": 9.0, "num_boost_round": 1.0}, "datetime": {"datetime": "2024-01-19 01:50:14", "elapsed": 5907.124241, "delta": 0.006441}}
{"target": -17.67723027358903, "params": {"gamma": 452.9406172303503, "log10_alpha": -1.987461146143465, "log10_colsample_bytree": -0.4897557893444048, "log10_eta": -3.984210057290941, "log10_lambda": 0.5743635145687946, "log10_min_child_weight": 4.653571725454164, "log10_subsample": -0.24982791998587983, "max_depth": 9.0, "num_boost_round": 2.0}, "datetime": {"datetime": "2024-01-19 01:50:14", "elapsed": 5907.130095, "delta": 0.005854}}
{"target": -17.67722940596148, "params": {"gamma": 452.9406172303503, "log10_alpha": -1.987461146143465, "log10_colsample_bytree": -0.4897557893444048, "log10_eta": -3.984210057290941, "log10_lambda": 0.5743635145687946, "log10_min_child_weight": 4.653571725454164, "log10_subsample": -0.24982791998587983, "max_depth": 9.0, "num_boost_round": 3.0}, "datetime": {"datetime": "2024-01-19 01:50:14", "elapsed": 5907.135511, "delta": 0.005416}}
{"target": -17.677228802216753, "params": {"gamma": 452.9406172303503, "log10_alpha": -1.987461146143465, "log10_colsample_bytree": -0.4897557893444048, "log10_eta": -3.984210057290941, "log10_lambda": 0.5743635145687946, "log10_min_child_weight": 4.653571725454164, "log10_subsample": -0.24982791998587983, "max_depth": 9.0, "num_boost_round": 4.0}, "datetime": {"datetime": "2024-01-19 01:50:14", "elapsed": 5907.140732, "delta": 0.005221}}
{"target": -17.6772284824862, "params": {"gamma": 452.9406172303503, "log10_alpha": -1.987461146143465, "log10_colsample_bytree": -0.4897557893444048, "log10_eta": -3.984210057290941, "log10_lambda": 0.5743635145687946, "log10_min_child_weight": 4.653571725454164, "log10_subsample": -0.24982791998587983, "max_depth": 9.0, "num_boost_round": 5.0}, "datetime": {"datetime": "2024-01-19 01:50:14", "elapsed": 5907.145904, "delta": 0.005172}}
{"target": -17.677228083688213, "params": {"gamma": 452.9406172303503, "log10_alpha": -1.987461146143465, "log10_colsample_bytree": -0.4897557893444048, "log10_eta": -3.984210057290941, "log10_lambda": 0.5743635145687946, "log10_min_child_weight": 4.653571725454164, "log10_subsample": -0.24982791998587983, "max_depth": 9.0, "num_boost_round": 6.0}, "datetime": {"datetime": "2024-01-19 01:50:14", "elapsed": 5907.151423, "delta": 0.005519}}
{"target": -17.67722869853047, "params": {"gamma": 452.9406172303503, "log10_alpha": -1.987461146143465, "log10_colsample_bytree": -0.4897557893444048, "log10_eta": -3.984210057290941, "log10_lambda": 0.5743635145687946, "log10_min_child_weight": 4.653571725454164, "log10_subsample": -0.24982791998587983, "max_depth": 9.0, "num_boost_round": 7.0}, "datetime": {"datetime": "2024-01-19 01:50:14", "elapsed": 5907.156582, "delta": 0.005159}}
{"target": -17.677227856274058, "params": {"gamma": 452.9406172303503, "log10_alpha": -1.987461146143465, "log10_colsample_bytree": -0.4897557893444048, "log10_eta": -3.984210057290941, "log10_lambda": 0.5743635145687946, "log10_min_child_weight": 4.653571725454164, "log10_subsample": -0.24982791998587983, "max_depth": 9.0, "num_boost_round": 8.0}, "datetime": {"datetime": "2024-01-19 01:50:14", "elapsed": 5907.161618, "delta": 0.005036}}
{"target": -17.6772265730557, "params": {"gamma": 452.9406172303503, "log10_alpha": -1.987461146143465, "log10_colsample_bytree": -0.4897557893444048, "log10_eta": -3.984210057290941, "log10_lambda": 0.5743635145687946, "log10_min_child_weight": 4.653571725454164, "log10_subsample": -0.24982791998587983, "max_depth": 9.0, "num_boost_round": 9.0}, "datetime": {"datetime": "2024-01-19 01:50:14", "elapsed": 5907.166621, "delta": 0.005003}}
{"target": -17.677225547791966, "params": {"gamma": 452.9406172303503, "log10_alpha": -1.987461146143465, "log10_colsample_bytree": -0.4897557893444048, "log10_eta": -3.984210057290941, "log10_lambda": 0.5743635145687946, "log10_min_child_weight": 4.653571725454164, "log10_subsample": -0.24982791998587983, "max_depth": 9.0, "num_boost_round": 10.0}, "datetime": {"datetime": "2024-01-19 01:50:14", "elapsed": 5907.171902, "delta": 0.005281}}
{"target": -17.677223757020133, "params": {"gamma": 452.9406172303503, "log10_alpha": -1.987461146143465, "log10_colsample_bytree": -0.4897557893444048, "log10_eta": -3.984210057290941, "log10_lambda": 0.5743635145687946, "log10_min_child_weight": 4.653571725454164, "log10_subsample": -0.24982791998587983, "max_depth": 9.0, "num_boost_round": 11.0}, "datetime": {"datetime": "2024-01-19 01:50:14", "elapsed": 5907.176865, "delta": 0.004963}}
{"target": -17.677224431768593, "params": {"gamma": 452.9406172303503, "log10_alpha": -1.987461146143465, "log10_colsample_bytree": -0.4897557893444048, "log10_eta": -3.984210057290941, "log10_lambda": 0.5743635145687946, "log10_min_child_weight": 4.653571725454164, "log10_subsample": -0.24982791998587983, "max_depth": 9.0, "num_boost_round": 12.0}, "datetime": {"datetime": "2024-01-19 01:50:14", "elapsed": 5907.181942, "delta": 0.005077}}
{"target": -17.677223782656004, "params": {"gamma": 452.9406172303503, "log10_alpha": -1.987461146143465, "log10_colsample_bytree": -0.4897557893444048, "log10_eta": -3.984210057290941, "log10_lambda": 0.5743635145687946, "log10_min_child_weight": 4.653571725454164, "log10_subsample": -0.24982791998587983, "max_depth": 9.0, "num_boost_round": 13.0}, "datetime": {"datetime": "2024-01-19 01:50:14", "elapsed": 5907.186977, "delta": 0.005035}}
{"target": -17.67722328293728, "params": {"gamma": 452.9406172303503, "log10_alpha": -1.987461146143465, "log10_colsample_bytree": -0.4897557893444048, "log10_eta": -3.984210057290941, "log10_lambda": 0.5743635145687946, "log10_min_child_weight": 4.653571725454164, "log10_subsample": -0.24982791998587983, "max_depth": 9.0, "num_boost_round": 14.0}, "datetime": {"datetime": "2024-01-19 01:50:14", "elapsed": 5907.192092, "delta": 0.005115}}
{"target": -17.677222392543303, "params": {"gamma": 452.9406172303503, "log10_alpha": -1.987461146143465, "log10_colsample_bytree": -0.4897557893444048, "log10_eta": -3.984210057290941, "log10_lambda": 0.5743635145687946, "log10_min_child_weight": 4.653571725454164, "log10_subsample": -0.24982791998587983, "max_depth": 9.0, "num_boost_round": 15.0}, "datetime": {"datetime": "2024-01-19 01:50:14", "elapsed": 5907.197223, "delta": 0.005131}}
{"target": -17.677222249504766, "params": {"gamma": 452.9406172303503, "log10_alpha": -1.987461146143465, "log10_colsample_bytree": -0.4897557893444048, "log10_eta": -3.984210057290941, "log10_lambda": 0.5743635145687946, "log10_min_child_weight": 4.653571725454164, "log10_subsample": -0.24982791998587983, "max_depth": 9.0, "num_boost_round": 16.0}, "datetime": {"datetime": "2024-01-19 01:50:14", "elapsed": 5907.202709, "delta": 0.005486}}
{"target": -17.67722178044768, "params": {"gamma": 452.9406172303503, "log10_alpha": -1.987461146143465, "log10_colsample_bytree": -0.4897557893444048, "log10_eta": -3.984210057290941, "log10_lambda": 0.5743635145687946, "log10_min_child_weight": 4.653571725454164, "log10_subsample": -0.24982791998587983, "max_depth": 9.0, "num_boost_round": 17.0}, "datetime": {"datetime": "2024-01-19 01:50:14", "elapsed": 5907.207867, "delta": 0.005158}}
{"target": -17.677220313929855, "params": {"gamma": 452.9406172303503, "log10_alpha": -1.987461146143465, "log10_colsample_bytree": -0.4897557893444048, "log10_eta": -3.984210057290941, "log10_lambda": 0.5743635145687946, "log10_min_child_weight": 4.653571725454164, "log10_subsample": -0.24982791998587983, "max_depth": 9.0, "num_boost_round": 18.0}, "datetime": {"datetime": "2024-01-19 01:50:14", "elapsed": 5907.212979, "delta": 0.005112}}
{"target": -17.677229789191323, "params": {"gamma": 420.6217435946451, "log10_alpha": -2.2906680030773505, "log10_colsample_bytree": -0.4434154740267351, "log10_eta": -3.5889008504926108, "log10_lambda": -2.9223519824252153, "log10_min_child_weight": 4.235256978622561, "log10_subsample": -0.7264447807982544, "max_depth": 9.0, "num_boost_round": 0.0}, "datetime": {"datetime": "2024-01-19 01:52:29", "elapsed": 6042.258182, "delta": 135.045203}}
{"target": -17.67722697667859, "params": {"gamma": 420.6217435946451, "log10_alpha": -2.2906680030773505, "log10_colsample_bytree": -0.4434154740267351, "log10_eta": -3.5889008504926108, "log10_lambda": -2.9223519824252153, "log10_min_child_weight": 4.235256978622561, "log10_subsample": -0.7264447807982544, "max_depth": 9.0, "num_boost_round": 1.0}, "datetime": {"datetime": "2024-01-19 01:52:29", "elapsed": 6042.264143, "delta": 0.005961}}
{"target": -17.6772258885928, "params": {"gamma": 420.6217435946451, "log10_alpha": -2.2906680030773505, "log10_colsample_bytree": -0.4434154740267351, "log10_eta": -3.5889008504926108, "log10_lambda": -2.9223519824252153, "log10_min_child_weight": 4.235256978622561, "log10_subsample": -0.7264447807982544, "max_depth": 9.0, "num_boost_round": 2.0}, "datetime": {"datetime": "2024-01-19 01:52:29", "elapsed": 6042.269458, "delta": 0.005315}}
{"target": -17.677223041813786, "params": {"gamma": 420.6217435946451, "log10_alpha": -2.2906680030773505, "log10_colsample_bytree": -0.4434154740267351, "log10_eta": -3.5889008504926108, "log10_lambda": -2.9223519824252153, "log10_min_child_weight": 4.235256978622561, "log10_subsample": -0.7264447807982544, "max_depth": 9.0, "num_boost_round": 3.0}, "datetime": {"datetime": "2024-01-19 01:52:29", "elapsed": 6042.274427, "delta": 0.004969}}
{"target": -17.677220776774472, "params": {"gamma": 420.6217435946451, "log10_alpha": -2.2906680030773505, "log10_colsample_bytree": -0.4434154740267351, "log10_eta": -3.5889008504926108, "log10_lambda": -2.9223519824252153, "log10_min_child_weight": 4.235256978622561, "log10_subsample": -0.7264447807982544, "max_depth": 9.0, "num_boost_round": 4.0}, "datetime": {"datetime": "2024-01-19 01:52:29", "elapsed": 6042.279332, "delta": 0.004905}}
{"target": -17.677219447960045, "params": {"gamma": 420.6217435946451, "log10_alpha": -2.2906680030773505, "log10_colsample_bytree": -0.4434154740267351, "log10_eta": -3.5889008504926108, "log10_lambda": -2.9223519824252153, "log10_min_child_weight": 4.235256978622561, "log10_subsample": -0.7264447807982544, "max_depth": 9.0, "num_boost_round": 5.0}, "datetime": {"datetime": "2024-01-19 01:52:29", "elapsed": 6042.284334, "delta": 0.005002}}
{"target": -17.67721854637452, "params": {"gamma": 420.6217435946451, "log10_alpha": -2.2906680030773505, "log10_colsample_bytree": -0.4434154740267351, "log10_eta": -3.5889008504926108, "log10_lambda": -2.9223519824252153, "log10_min_child_weight": 4.235256978622561, "log10_subsample": -0.7264447807982544, "max_depth": 9.0, "num_boost_round": 6.0}, "datetime": {"datetime": "2024-01-19 01:52:29", "elapsed": 6042.289357, "delta": 0.005023}}
{"target": -17.677218451693886, "params": {"gamma": 420.6217435946451, "log10_alpha": -2.2906680030773505, "log10_colsample_bytree": -0.4434154740267351, "log10_eta": -3.5889008504926108, "log10_lambda": -2.9223519824252153, "log10_min_child_weight": 4.235256978622561, "log10_subsample": -0.7264447807982544, "max_depth": 9.0, "num_boost_round": 7.0}, "datetime": {"datetime": "2024-01-19 01:52:29", "elapsed": 6042.294378, "delta": 0.005021}}
{"target": -17.67721620528394, "params": {"gamma": 420.6217435946451, "log10_alpha": -2.2906680030773505, "log10_colsample_bytree": -0.4434154740267351, "log10_eta": -3.5889008504926108, "log10_lambda": -2.9223519824252153, "log10_min_child_weight": 4.235256978622561, "log10_subsample": -0.7264447807982544, "max_depth": 9.0, "num_boost_round": 8.0}, "datetime": {"datetime": "2024-01-19 01:52:29", "elapsed": 6042.299598, "delta": 0.00522}}
{"target": -17.677214051370523, "params": {"gamma": 420.6217435946451, "log10_alpha": -2.2906680030773505, "log10_colsample_bytree": -0.4434154740267351, "log10_eta": -3.5889008504926108, "log10_lambda": -2.9223519824252153, "log10_min_child_weight": 4.235256978622561, "log10_subsample": -0.7264447807982544, "max_depth": 9.0, "num_boost_round": 9.0}, "datetime": {"datetime": "2024-01-19 01:52:29", "elapsed": 6042.304704, "delta": 0.005106}}
{"target": -17.67721219985086, "params": {"gamma": 420.6217435946451, "log10_alpha": -2.2906680030773505, "log10_colsample_bytree": -0.4434154740267351, "log10_eta": -3.5889008504926108, "log10_lambda": -2.9223519824252153, "log10_min_child_weight": 4.235256978622561, "log10_subsample": -0.7264447807982544, "max_depth": 9.0, "num_boost_round": 10.0}, "datetime": {"datetime": "2024-01-19 01:52:29", "elapsed": 6042.309735, "delta": 0.005031}}
{"target": -17.67720759941517, "params": {"gamma": 420.6217435946451, "log10_alpha": -2.2906680030773505, "log10_colsample_bytree": -0.4434154740267351, "log10_eta": -3.5889008504926108, "log10_lambda": -2.9223519824252153, "log10_min_child_weight": 4.235256978622561, "log10_subsample": -0.7264447807982544, "max_depth": 9.0, "num_boost_round": 11.0}, "datetime": {"datetime": "2024-01-19 01:52:29", "elapsed": 6042.314652, "delta": 0.004917}}
{"target": -17.677207184632284, "params": {"gamma": 420.6217435946451, "log10_alpha": -2.2906680030773505, "log10_colsample_bytree": -0.4434154740267351, "log10_eta": -3.5889008504926108, "log10_lambda": -2.9223519824252153, "log10_min_child_weight": 4.235256978622561, "log10_subsample": -0.7264447807982544, "max_depth": 9.0, "num_boost_round": 12.0}, "datetime": {"datetime": "2024-01-19 01:52:29", "elapsed": 6042.319606, "delta": 0.004954}}
{"target": -17.67720586185632, "params": {"gamma": 420.6217435946451, "log10_alpha": -2.2906680030773505, "log10_colsample_bytree": -0.4434154740267351, "log10_eta": -3.5889008504926108, "log10_lambda": -2.9223519824252153, "log10_min_child_weight": 4.235256978622561, "log10_subsample": -0.7264447807982544, "max_depth": 9.0, "num_boost_round": 13.0}, "datetime": {"datetime": "2024-01-19 01:52:29", "elapsed": 6042.324748, "delta": 0.005142}}
{"target": -17.677204713564905, "params": {"gamma": 420.6217435946451, "log10_alpha": -2.2906680030773505, "log10_colsample_bytree": -0.4434154740267351, "log10_eta": -3.5889008504926108, "log10_lambda": -2.9223519824252153, "log10_min_child_weight": 4.235256978622561, "log10_subsample": -0.7264447807982544, "max_depth": 9.0, "num_boost_round": 14.0}, "datetime": {"datetime": "2024-01-19 01:52:29", "elapsed": 6042.330031, "delta": 0.005283}}
{"target": -17.67720037002831, "params": {"gamma": 420.6217435946451, "log10_alpha": -2.2906680030773505, "log10_colsample_bytree": -0.4434154740267351, "log10_eta": -3.5889008504926108, "log10_lambda": -2.9223519824252153, "log10_min_child_weight": 4.235256978622561, "log10_subsample": -0.7264447807982544, "max_depth": 9.0, "num_boost_round": 15.0}, "datetime": {"datetime": "2024-01-19 01:52:29", "elapsed": 6042.334962, "delta": 0.004931}}
{"target": -17.677199560383976, "params": {"gamma": 420.6217435946451, "log10_alpha": -2.2906680030773505, "log10_colsample_bytree": -0.4434154740267351, "log10_eta": -3.5889008504926108, "log10_lambda": -2.9223519824252153, "log10_min_child_weight": 4.235256978622561, "log10_subsample": -0.7264447807982544, "max_depth": 9.0, "num_boost_round": 16.0}, "datetime": {"datetime": "2024-01-19 01:52:29", "elapsed": 6042.339994, "delta": 0.005032}}
{"target": -17.677197431296577, "params": {"gamma": 420.6217435946451, "log10_alpha": -2.2906680030773505, "log10_colsample_bytree": -0.4434154740267351, "log10_eta": -3.5889008504926108, "log10_lambda": -2.9223519824252153, "log10_min_child_weight": 4.235256978622561, "log10_subsample": -0.7264447807982544, "max_depth": 9.0, "num_boost_round": 17.0}, "datetime": {"datetime": "2024-01-19 01:52:29", "elapsed": 6042.344928, "delta": 0.004934}}
{"target": -17.677195965310062, "params": {"gamma": 420.6217435946451, "log10_alpha": -2.2906680030773505, "log10_colsample_bytree": -0.4434154740267351, "log10_eta": -3.5889008504926108, "log10_lambda": -2.9223519824252153, "log10_min_child_weight": 4.235256978622561, "log10_subsample": -0.7264447807982544, "max_depth": 9.0, "num_boost_round": 18.0}, "datetime": {"datetime": "2024-01-19 01:52:29", "elapsed": 6042.350172, "delta": 0.005244}}
{"target": -17.677191080505022, "params": {"gamma": 420.6217435946451, "log10_alpha": -2.2906680030773505, "log10_colsample_bytree": -0.4434154740267351, "log10_eta": -3.5889008504926108, "log10_lambda": -2.9223519824252153, "log10_min_child_weight": 4.235256978622561, "log10_subsample": -0.7264447807982544, "max_depth": 9.0, "num_boost_round": 19.0}, "datetime": {"datetime": "2024-01-19 01:52:29", "elapsed": 6042.355282, "delta": 0.00511}}
{"target": -17.677189750683045, "params": {"gamma": 420.6217435946451, "log10_alpha": -2.2906680030773505, "log10_colsample_bytree": -0.4434154740267351, "log10_eta": -3.5889008504926108, "log10_lambda": -2.9223519824252153, "log10_min_child_weight": 4.235256978622561, "log10_subsample": -0.7264447807982544, "max_depth": 9.0, "num_boost_round": 20.0}, "datetime": {"datetime": "2024-01-19 01:52:29", "elapsed": 6042.360515, "delta": 0.005233}}
{"target": -17.677188088311716, "params": {"gamma": 420.6217435946451, "log10_alpha": -2.2906680030773505, "log10_colsample_bytree": -0.4434154740267351, "log10_eta": -3.5889008504926108, "log10_lambda": -2.9223519824252153, "log10_min_child_weight": 4.235256978622561, "log10_subsample": -0.7264447807982544, "max_depth": 9.0, "num_boost_round": 21.0}, "datetime": {"datetime": "2024-01-19 01:52:29", "elapsed": 6042.365524, "delta": 0.005009}}
{"target": -17.677186501573598, "params": {"gamma": 420.6217435946451, "log10_alpha": -2.2906680030773505, "log10_colsample_bytree": -0.4434154740267351, "log10_eta": -3.5889008504926108, "log10_lambda": -2.9223519824252153, "log10_min_child_weight": 4.235256978622561, "log10_subsample": -0.7264447807982544, "max_depth": 9.0, "num_boost_round": 22.0}, "datetime": {"datetime": "2024-01-19 01:52:29", "elapsed": 6042.37062, "delta": 0.005096}}
{"target": -17.67718502745521, "params": {"gamma": 420.6217435946451, "log10_alpha": -2.2906680030773505, "log10_colsample_bytree": -0.4434154740267351, "log10_eta": -3.5889008504926108, "log10_lambda": -2.9223519824252153, "log10_min_child_weight": 4.235256978622561, "log10_subsample": -0.7264447807982544, "max_depth": 9.0, "num_boost_round": 23.0}, "datetime": {"datetime": "2024-01-19 01:52:29", "elapsed": 6042.37559, "delta": 0.00497}}
{"target": -17.67718412474516, "params": {"gamma": 420.6217435946451, "log10_alpha": -2.2906680030773505, "log10_colsample_bytree": -0.4434154740267351, "log10_eta": -3.5889008504926108, "log10_lambda": -2.9223519824252153, "log10_min_child_weight": 4.235256978622561, "log10_subsample": -0.7264447807982544, "max_depth": 9.0, "num_boost_round": 24.0}, "datetime": {"datetime": "2024-01-19 01:52:29", "elapsed": 6042.380631, "delta": 0.005041}}
{"target": -17.677179938328003, "params": {"gamma": 420.6217435946451, "log10_alpha": -2.2906680030773505, "log10_colsample_bytree": -0.4434154740267351, "log10_eta": -3.5889008504926108, "log10_lambda": -2.9223519824252153, "log10_min_child_weight": 4.235256978622561, "log10_subsample": -0.7264447807982544, "max_depth": 9.0, "num_boost_round": 25.0}, "datetime": {"datetime": "2024-01-19 01:52:29", "elapsed": 6042.385806, "delta": 0.005175}}
{"target": -17.677180019505467, "params": {"gamma": 420.6217435946451, "log10_alpha": -2.2906680030773505, "log10_colsample_bytree": -0.4434154740267351, "log10_eta": -3.5889008504926108, "log10_lambda": -2.9223519824252153, "log10_min_child_weight": 4.235256978622561, "log10_subsample": -0.7264447807982544, "max_depth": 9.0, "num_boost_round": 26.0}, "datetime": {"datetime": "2024-01-19 01:52:29", "elapsed": 6042.391039, "delta": 0.005233}}
{"target": -17.677176774065465, "params": {"gamma": 420.6217435946451, "log10_alpha": -2.2906680030773505, "log10_colsample_bytree": -0.4434154740267351, "log10_eta": -3.5889008504926108, "log10_lambda": -2.9223519824252153, "log10_min_child_weight": 4.235256978622561, "log10_subsample": -0.7264447807982544, "max_depth": 9.0, "num_boost_round": 27.0}, "datetime": {"datetime": "2024-01-19 01:52:29", "elapsed": 6042.395962, "delta": 0.004923}}
{"target": -17.677176114146487, "params": {"gamma": 420.6217435946451, "log10_alpha": -2.2906680030773505, "log10_colsample_bytree": -0.4434154740267351, "log10_eta": -3.5889008504926108, "log10_lambda": -2.9223519824252153, "log10_min_child_weight": 4.235256978622561, "log10_subsample": -0.7264447807982544, "max_depth": 9.0, "num_boost_round": 28.0}, "datetime": {"datetime": "2024-01-19 01:52:29", "elapsed": 6042.401175, "delta": 0.005213}}
{"target": -17.67717436317291, "params": {"gamma": 420.6217435946451, "log10_alpha": -2.2906680030773505, "log10_colsample_bytree": -0.4434154740267351, "log10_eta": -3.5889008504926108, "log10_lambda": -2.9223519824252153, "log10_min_child_weight": 4.235256978622561, "log10_subsample": -0.7264447807982544, "max_depth": 9.0, "num_boost_round": 29.0}, "datetime": {"datetime": "2024-01-19 01:52:29", "elapsed": 6042.406309, "delta": 0.005134}}
{"target": -17.677232392152526, "params": {"gamma": 407.32012729729695, "log10_alpha": -4.749475261067156, "log10_colsample_bytree": -0.8546673825478276, "log10_eta": -3.589295689349961, "log10_lambda": -3.2527894071130996, "log10_min_child_weight": 4.972501224467264, "log10_subsample": -0.5219989547008529, "max_depth": 8.0, "num_boost_round": 0.0}, "datetime": {"datetime": "2024-01-19 01:53:35", "elapsed": 6108.198151, "delta": 65.791842}}
