{"target": -13.7585301564454, "params": {"gamma": 704.453495813701, "log10_alpha": -4.078922157295548, "log10_colsample_bytree": -0.7075031118870853, "log10_eta": -3.8997023787894816, "log10_lambda": 0.6642103669040589, "log10_min_child_weight": 1.6618637572622834, "log10_subsample": -0.6882395442495225, "max_depth": 3.0, "num_boost_round": 4.0}, "datetime": {"datetime": "2024-01-19 01:33:00", "elapsed": 4887.938191, "delta": 0.00486}}
{"target": -13.758528283060297, "params": {"gamma": 704.453495813701, "log10_alpha": -4.078922157295548, "log10_colsample_bytree": -0.7075031118870853, "log10_eta": -3.8997023787894816, "log10_lambda": 0.6642103669040589, "log10_min_child_weight": 1.6618637572622834, "log10_subsample": -0.6882395442495225, "max_depth": 3.0, "num_boost_round": 5.0}, "datetime": {"datetime": "2024-01-19 01:33:00", "elapsed": 4887.943126, "delta": 0.004935}}
{"target": -13.758525651796031, "params": {"gamma": 704.453495813701, "log10_alpha": -4.078922157295548, "log10_colsample_bytree": -0.7075031118870853, "log10_eta": -3.8997023787894816, "log10_lambda": 0.6642103669040589, "log10_min_child_weight": 1.6618637572622834, "log10_subsample": -0.6882395442495225, "max_depth": 3.0, "num_boost_round": 6.0}, "datetime": {"datetime": "2024-01-19 01:33:00", "elapsed": 4887.948196, "delta": 0.00507}}
{"target": -13.758521830878172, "params": {"gamma": 704.453495813701, "log10_alpha": -4.078922157295548, "log10_colsample_bytree": -0.7075031118870853, "log10_eta": -3.8997023787894816, "log10_lambda": 0.6642103669040589, "log10_min_child_weight": 1.6618637572622834, "log10_subsample": -0.6882395442495225, "max_depth": 3.0, "num_boost_round": 7.0}, "datetime": {"datetime": "2024-01-19 01:33:00", "elapsed": 4887.953164, "delta": 0.004968}}
{"target": -13.75852209333764, "params": {"gamma": 704.453495813701, "log10_alpha": -4.078922157295548, "log10_colsample_bytree": -0.7075031118870853, "log10_eta": -3.8997023787894816, "log10_lambda": 0.6642103669040589, "log10_min_child_weight": 1.6618637572622834, "log10_subsample": -0.6882395442495225, "max_depth": 3.0, "num_boost_round": 8.0}, "datetime": {"datetime": "2024-01-19 01:33:00", "elapsed": 4887.958198, "delta": 0.005034}}
{"target": -13.7585202682227, "params": {"gamma": 704.453495813701, "log10_alpha": -4.078922157295548, "log10_colsample_bytree": -0.7075031118870853, "log10_eta": -3.8997023787894816, "log10_lambda": 0.6642103669040589, "log10_min_child_weight": 1.6618637572622834, "log10_subsample": -0.6882395442495225, "max_depth": 3.0, "num_boost_round": 9.0}, "datetime": {"datetime": "2024-01-19 01:33:00", "elapsed": 4887.963279, "delta": 0.005081}}
{"target": -13.758517544815275, "params": {"gamma": 704.453495813701, "log10_alpha": -4.078922157295548, "log10_colsample_bytree": -0.7075031118870853, "log10_eta": -3.8997023787894816, "log10_lambda": 0.6642103669040589, "log10_min_child_weight": 1.6618637572622834, "log10_subsample": -0.6882395442495225, "max_depth": 3.0, "num_boost_round": 10.0}, "datetime": {"datetime": "2024-01-19 01:33:00", "elapsed": 4887.968067, "delta": 0.004788}}
{"target": -13.758516332977207, "params": {"gamma": 704.453495813701, "log10_alpha": -4.078922157295548, "log10_colsample_bytree": -0.7075031118870853, "log10_eta": -3.8997023787894816, "log10_lambda": 0.6642103669040589, "log10_min_child_weight": 1.6618637572622834, "log10_subsample": -0.6882395442495225, "max_depth": 3.0, "num_boost_round": 11.0}, "datetime": {"datetime": "2024-01-19 01:33:00", "elapsed": 4887.973061, "delta": 0.004994}}
{"target": -13.758513892982757, "params": {"gamma": 704.453495813701, "log10_alpha": -4.078922157295548, "log10_colsample_bytree": -0.7075031118870853, "log10_eta": -3.8997023787894816, "log10_lambda": 0.6642103669040589, "log10_min_child_weight": 1.6618637572622834, "log10_subsample": -0.6882395442495225, "max_depth": 3.0, "num_boost_round": 12.0}, "datetime": {"datetime": "2024-01-19 01:33:00", "elapsed": 4887.9795, "delta": 0.006439}}
{"target": -13.758511713696663, "params": {"gamma": 704.453495813701, "log10_alpha": -4.078922157295548, "log10_colsample_bytree": -0.7075031118870853, "log10_eta": -3.8997023787894816, "log10_lambda": 0.6642103669040589, "log10_min_child_weight": 1.6618637572622834, "log10_subsample": -0.6882395442495225, "max_depth": 3.0, "num_boost_round": 13.0}, "datetime": {"datetime": "2024-01-19 01:33:00", "elapsed": 4887.984629, "delta": 0.005129}}
{"target": -13.758534949590546, "params": {"gamma": 717.5140029134108, "log10_alpha": -2.1409100853921625, "log10_colsample_bytree": -0.32240546805668174, "log10_eta": -4.0, "log10_lambda": -2.813734035184098, "log10_min_child_weight": 1.4532805049627309, "log10_subsample": -1.0, "max_depth": 7.0, "num_boost_round": 0.0}, "datetime": {"datetime": "2024-01-19 01:34:10", "elapsed": 4958.235863, "delta": 70.251234}}
{"target": -13.758534426777922, "params": {"gamma": 717.5140029134108, "log10_alpha": -2.1409100853921625, "log10_colsample_bytree": -0.32240546805668174, "log10_eta": -4.0, "log10_lambda": -2.813734035184098, "log10_min_child_weight": 1.4532805049627309, "log10_subsample": -1.0, "max_depth": 7.0, "num_boost_round": 1.0}, "datetime": {"datetime": "2024-01-19 01:34:10", "elapsed": 4958.242466, "delta": 0.006603}}
{"target": -13.758532930090611, "params": {"gamma": 717.5140029134108, "log10_alpha": -2.1409100853921625, "log10_colsample_bytree": -0.32240546805668174, "log10_eta": -4.0, "log10_lambda": -2.813734035184098, "log10_min_child_weight": 1.4532805049627309, "log10_subsample": -1.0, "max_depth": 7.0, "num_boost_round": 2.0}, "datetime": {"datetime": "2024-01-19 01:34:10", "elapsed": 4958.24835, "delta": 0.005884}}
{"target": -13.758531025290822, "params": {"gamma": 717.5140029134108, "log10_alpha": -2.1409100853921625, "log10_colsample_bytree": -0.32240546805668174, "log10_eta": -4.0, "log10_lambda": -2.813734035184098, "log10_min_child_weight": 1.4532805049627309, "log10_subsample": -1.0, "max_depth": 7.0, "num_boost_round": 3.0}, "datetime": {"datetime": "2024-01-19 01:34:10", "elapsed": 4958.254308, "delta": 0.005958}}
{"target": -13.758527407488312, "params": {"gamma": 717.5140029134108, "log10_alpha": -2.1409100853921625, "log10_colsample_bytree": -0.32240546805668174, "log10_eta": -4.0, "log10_lambda": -2.813734035184098, "log10_min_child_weight": 1.4532805049627309, "log10_subsample": -1.0, "max_depth": 7.0, "num_boost_round": 4.0}, "datetime": {"datetime": "2024-01-19 01:34:10", "elapsed": 4958.259487, "delta": 0.005179}}
{"target": -13.758523380144668, "params": {"gamma": 717.5140029134108, "log10_alpha": -2.1409100853921625, "log10_colsample_bytree": -0.32240546805668174, "log10_eta": -4.0, "log10_lambda": -2.813734035184098, "log10_min_child_weight": 1.4532805049627309, "log10_subsample": -1.0, "max_depth": 7.0, "num_boost_round": 5.0}, "datetime": {"datetime": "2024-01-19 01:34:10", "elapsed": 4958.264521, "delta": 0.005034}}
{"target": -13.75851847925963, "params": {"gamma": 717.5140029134108, "log10_alpha": -2.1409100853921625, "log10_colsample_bytree": -0.32240546805668174, "log10_eta": -4.0, "log10_lambda": -2.813734035184098, "log10_min_child_weight": 1.4532805049627309, "log10_subsample": -1.0, "max_depth": 7.0, "num_boost_round": 6.0}, "datetime": {"datetime": "2024-01-19 01:34:10", "elapsed": 4958.269345, "delta": 0.004824}}
{"target": -13.758515279611526, "params": {"gamma": 717.5140029134108, "log10_alpha": -2.1409100853921625, "log10_colsample_bytree": -0.32240546805668174, "log10_eta": -4.0, "log10_lambda": -2.813734035184098, "log10_min_child_weight": 1.4532805049627309, "log10_subsample": -1.0, "max_depth": 7.0, "num_boost_round": 7.0}, "datetime": {"datetime": "2024-01-19 01:34:10", "elapsed": 4958.27436, "delta": 0.005015}}
{"target": -13.758512281981156, "params": {"gamma": 717.5140029134108, "log10_alpha": -2.1409100853921625, "log10_colsample_bytree": -0.32240546805668174, "log10_eta": -4.0, "log10_lambda": -2.813734035184098, "log10_min_child_weight": 1.4532805049627309, "log10_subsample": -1.0, "max_depth": 7.0, "num_boost_round": 8.0}, "datetime": {"datetime": "2024-01-19 01:34:10", "elapsed": 4958.279435, "delta": 0.005075}}
{"target": -13.758507286078286, "params": {"gamma": 717.5140029134108, "log10_alpha": -2.1409100853921625, "log10_colsample_bytree": -0.32240546805668174, "log10_eta": -4.0, "log10_lambda": -2.813734035184098, "log10_min_child_weight": 1.4532805049627309, "log10_subsample": -1.0, "max_depth": 7.0, "num_boost_round": 9.0}, "datetime": {"datetime": "2024-01-19 01:34:10", "elapsed": 4958.284412, "delta": 0.004977}}
{"target": -13.758502512325675, "params": {"gamma": 717.5140029134108, "log10_alpha": -2.1409100853921625, "log10_colsample_bytree": -0.32240546805668174, "log10_eta": -4.0, "log10_lambda": -2.813734035184098, "log10_min_child_weight": 1.4532805049627309, "log10_subsample": -1.0, "max_depth": 7.0, "num_boost_round": 10.0}, "datetime": {"datetime": "2024-01-19 01:34:10", "elapsed": 4958.289394, "delta": 0.004982}}
{"target": -13.758497293967167, "params": {"gamma": 717.5140029134108, "log10_alpha": -2.1409100853921625, "log10_colsample_bytree": -0.32240546805668174, "log10_eta": -4.0, "log10_lambda": -2.813734035184098, "log10_min_child_weight": 1.4532805049627309, "log10_subsample": -1.0, "max_depth": 7.0, "num_boost_round": 11.0}, "datetime": {"datetime": "2024-01-19 01:34:10", "elapsed": 4958.294417, "delta": 0.005023}}
{"target": -13.758493548015766, "params": {"gamma": 717.5140029134108, "log10_alpha": -2.1409100853921625, "log10_colsample_bytree": -0.32240546805668174, "log10_eta": -4.0, "log10_lambda": -2.813734035184098, "log10_min_child_weight": 1.4532805049627309, "log10_subsample": -1.0, "max_depth": 7.0, "num_boost_round": 12.0}, "datetime": {"datetime": "2024-01-19 01:34:10", "elapsed": 4958.299349, "delta": 0.004932}}
{"target": -13.75849584295069, "params": {"gamma": 717.5140029134108, "log10_alpha": -2.1409100853921625, "log10_colsample_bytree": -0.32240546805668174, "log10_eta": -4.0, "log10_lambda": -2.813734035184098, "log10_min_child_weight": 1.4532805049627309, "log10_subsample": -1.0, "max_depth": 7.0, "num_boost_round": 13.0}, "datetime": {"datetime": "2024-01-19 01:34:10", "elapsed": 4958.438572, "delta": 0.139223}}
{"target": -13.758498034600384, "params": {"gamma": 717.5140029134108, "log10_alpha": -2.1409100853921625, "log10_colsample_bytree": -0.32240546805668174, "log10_eta": -4.0, "log10_lambda": -2.813734035184098, "log10_min_child_weight": 1.4532805049627309, "log10_subsample": -1.0, "max_depth": 7.0, "num_boost_round": 14.0}, "datetime": {"datetime": "2024-01-19 01:34:10", "elapsed": 4958.444926, "delta": 0.006354}}
{"target": -13.758489962588616, "params": {"gamma": 717.5140029134108, "log10_alpha": -2.1409100853921625, "log10_colsample_bytree": -0.32240546805668174, "log10_eta": -4.0, "log10_lambda": -2.813734035184098, "log10_min_child_weight": 1.4532805049627309, "log10_subsample": -1.0, "max_depth": 7.0, "num_boost_round": 15.0}, "datetime": {"datetime": "2024-01-19 01:34:10", "elapsed": 4958.450599, "delta": 0.005673}}
{"target": -13.758483451110875, "params": {"gamma": 717.5140029134108, "log10_alpha": -2.1409100853921625, "log10_colsample_bytree": -0.32240546805668174, "log10_eta": -4.0, "log10_lambda": -2.813734035184098, "log10_min_child_weight": 1.4532805049627309, "log10_subsample": -1.0, "max_depth": 7.0, "num_boost_round": 16.0}, "datetime": {"datetime": "2024-01-19 01:34:10", "elapsed": 4958.455977, "delta": 0.005378}}
{"target": -13.758483679110144, "params": {"gamma": 717.5140029134108, "log10_alpha": -2.1409100853921625, "log10_colsample_bytree": -0.32240546805668174, "log10_eta": -4.0, "log10_lambda": -2.813734035184098, "log10_min_child_weight": 1.4532805049627309, "log10_subsample": -1.0, "max_depth": 7.0, "num_boost_round": 17.0}, "datetime": {"datetime": "2024-01-19 01:34:10", "elapsed": 4958.461005, "delta": 0.005028}}
{"target": -13.758480810249546, "params": {"gamma": 717.5140029134108, "log10_alpha": -2.1409100853921625, "log10_colsample_bytree": -0.32240546805668174, "log10_eta": -4.0, "log10_lambda": -2.813734035184098, "log10_min_child_weight": 1.4532805049627309, "log10_subsample": -1.0, "max_depth": 7.0, "num_boost_round": 18.0}, "datetime": {"datetime": "2024-01-19 01:34:10", "elapsed": 4958.46619, "delta": 0.005185}}
{"target": -13.758476394181821, "params": {"gamma": 717.5140029134108, "log10_alpha": -2.1409100853921625, "log10_colsample_bytree": -0.32240546805668174, "log10_eta": -4.0, "log10_lambda": -2.813734035184098, "log10_min_child_weight": 1.4532805049627309, "log10_subsample": -1.0, "max_depth": 7.0, "num_boost_round": 19.0}, "datetime": {"datetime": "2024-01-19 01:34:10", "elapsed": 4958.471341, "delta": 0.005151}}
{"target": -13.758472378619082, "params": {"gamma": 717.5140029134108, "log10_alpha": -2.1409100853921625, "log10_colsample_bytree": -0.32240546805668174, "log10_eta": -4.0, "log10_lambda": -2.813734035184098, "log10_min_child_weight": 1.4532805049627309, "log10_subsample": -1.0, "max_depth": 7.0, "num_boost_round": 20.0}, "datetime": {"datetime": "2024-01-19 01:34:10", "elapsed": 4958.476369, "delta": 0.005028}}
{"target": -13.758474687739065, "params": {"gamma": 717.5140029134108, "log10_alpha": -2.1409100853921625, "log10_colsample_bytree": -0.32240546805668174, "log10_eta": -4.0, "log10_lambda": -2.813734035184098, "log10_min_child_weight": 1.4532805049627309, "log10_subsample": -1.0, "max_depth": 7.0, "num_boost_round": 21.0}, "datetime": {"datetime": "2024-01-19 01:34:10", "elapsed": 4958.481283, "delta": 0.004914}}
{"target": -13.758470596702344, "params": {"gamma": 717.5140029134108, "log10_alpha": -2.1409100853921625, "log10_colsample_bytree": -0.32240546805668174, "log10_eta": -4.0, "log10_lambda": -2.813734035184098, "log10_min_child_weight": 1.4532805049627309, "log10_subsample": -1.0, "max_depth": 7.0, "num_boost_round": 22.0}, "datetime": {"datetime": "2024-01-19 01:34:10", "elapsed": 4958.486458, "delta": 0.005175}}
{"target": -13.758468443835861, "params": {"gamma": 717.5140029134108, "log10_alpha": -2.1409100853921625, "log10_colsample_bytree": -0.32240546805668174, "log10_eta": -4.0, "log10_lambda": -2.813734035184098, "log10_min_child_weight": 1.4532805049627309, "log10_subsample": -1.0, "max_depth": 7.0, "num_boost_round": 23.0}, "datetime": {"datetime": "2024-01-19 01:34:10", "elapsed": 4958.49155, "delta": 0.005092}}
{"target": -13.75846453117285, "params": {"gamma": 717.5140029134108, "log10_alpha": -2.1409100853921625, "log10_colsample_bytree": -0.32240546805668174, "log10_eta": -4.0, "log10_lambda": -2.813734035184098, "log10_min_child_weight": 1.4532805049627309, "log10_subsample": -1.0, "max_depth": 7.0, "num_boost_round": 24.0}, "datetime": {"datetime": "2024-01-19 01:34:10", "elapsed": 4958.496542, "delta": 0.004992}}
{"target": -13.7584647583453, "params": {"gamma": 717.5140029134108, "log10_alpha": -2.1409100853921625, "log10_colsample_bytree": -0.32240546805668174, "log10_eta": -4.0, "log10_lambda": -2.813734035184098, "log10_min_child_weight": 1.4532805049627309, "log10_subsample": -1.0, "max_depth": 7.0, "num_boost_round": 25.0}, "datetime": {"datetime": "2024-01-19 01:34:10", "elapsed": 4958.502205, "delta": 0.005663}}
{"target": -13.758465186581162, "params": {"gamma": 717.5140029134108, "log10_alpha": -2.1409100853921625, "log10_colsample_bytree": -0.32240546805668174, "log10_eta": -4.0, "log10_lambda": -2.813734035184098, "log10_min_child_weight": 1.4532805049627309, "log10_subsample": -1.0, "max_depth": 7.0, "num_boost_round": 26.0}, "datetime": {"datetime": "2024-01-19 01:34:10", "elapsed": 4958.507251, "delta": 0.005046}}
{"target": -13.758470549371605, "params": {"gamma": 717.5140029134108, "log10_alpha": -2.1409100853921625, "log10_colsample_bytree": -0.32240546805668174, "log10_eta": -4.0, "log10_lambda": -2.813734035184098, "log10_min_child_weight": 1.4532805049627309, "log10_subsample": -1.0, "max_depth": 7.0, "num_boost_round": 27.0}, "datetime": {"datetime": "2024-01-19 01:34:10", "elapsed": 4958.512644, "delta": 0.005393}}
{"target": -13.75846422047858, "params": {"gamma": 717.5140029134108, "log10_alpha": -2.1409100853921625, "log10_colsample_bytree": -0.32240546805668174, "log10_eta": -4.0, "log10_lambda": -2.813734035184098, "log10_min_child_weight": 1.4532805049627309, "log10_subsample": -1.0, "max_depth": 7.0, "num_boost_round": 28.0}, "datetime": {"datetime": "2024-01-19 01:34:10", "elapsed": 4958.517761, "delta": 0.005117}}
{"target": -13.758460078231177, "params": {"gamma": 717.5140029134108, "log10_alpha": -2.1409100853921625, "log10_colsample_bytree": -0.32240546805668174, "log10_eta": -4.0, "log10_lambda": -2.813734035184098, "log10_min_child_weight": 1.4532805049627309, "log10_subsample": -1.0, "max_depth": 7.0, "num_boost_round": 29.0}, "datetime": {"datetime": "2024-01-19 01:34:10", "elapsed": 4958.522688, "delta": 0.004927}}
{"target": -13.758459489815198, "params": {"gamma": 717.5140029134108, "log10_alpha": -2.1409100853921625, "log10_colsample_bytree": -0.32240546805668174, "log10_eta": -4.0, "log10_lambda": -2.813734035184098, "log10_min_child_weight": 1.4532805049627309, "log10_subsample": -1.0, "max_depth": 7.0, "num_boost_round": 30.0}, "datetime": {"datetime": "2024-01-19 01:34:10", "elapsed": 4958.527841, "delta": 0.005153}}
{"target": -13.758458918512705, "params": {"gamma": 717.5140029134108, "log10_alpha": -2.1409100853921625, "log10_colsample_bytree": -0.32240546805668174, "log10_eta": -4.0, "log10_lambda": -2.813734035184098, "log10_min_child_weight": 1.4532805049627309, "log10_subsample": -1.0, "max_depth": 7.0, "num_boost_round": 31.0}, "datetime": {"datetime": "2024-01-19 01:34:10", "elapsed": 4958.532876, "delta": 0.005035}}
{"target": -13.758535895841485, "params": {"gamma": 705.8148306905514, "log10_alpha": -2.6560495872459, "log10_colsample_bytree": -0.9960062757395093, "log10_eta": -3.9330613912967474, "log10_lambda": 0.8104124150049667, "log10_min_child_weight": 1.8197158712592343, "log10_subsample": -0.0168693395906917, "max_depth": 2.0, "num_boost_round": 0.0}, "datetime": {"datetime": "2024-01-19 01:35:28", "elapsed": 5035.578266, "delta": 77.04539}}
{"target": -13.758534595188642, "params": {"gamma": 705.8148306905514, "log10_alpha": -2.6560495872459, "log10_colsample_bytree": -0.9960062757395093, "log10_eta": -3.9330613912967474, "log10_lambda": 0.8104124150049667, "log10_min_child_weight": 1.8197158712592343, "log10_subsample": -0.0168693395906917, "max_depth": 2.0, "num_boost_round": 1.0}, "datetime": {"datetime": "2024-01-19 01:35:28", "elapsed": 5035.584674, "delta": 0.006408}}
{"target": -13.758534418961816, "params": {"gamma": 705.8148306905514, "log10_alpha": -2.6560495872459, "log10_colsample_bytree": -0.9960062757395093, "log10_eta": -3.9330613912967474, "log10_lambda": 0.8104124150049667, "log10_min_child_weight": 1.8197158712592343, "log10_subsample": -0.0168693395906917, "max_depth": 2.0, "num_boost_round": 2.0}, "datetime": {"datetime": "2024-01-19 01:35:28", "elapsed": 5035.58999, "delta": 0.005316}}
{"target": -13.758535043750822, "params": {"gamma": 705.8148306905514, "log10_alpha": -2.6560495872459, "log10_colsample_bytree": -0.9960062757395093, "log10_eta": -3.9330613912967474, "log10_lambda": 0.8104124150049667, "log10_min_child_weight": 1.8197158712592343, "log10_subsample": -0.0168693395906917, "max_depth": 2.0, "num_boost_round": 3.0}, "datetime": {"datetime": "2024-01-19 01:35:28", "elapsed": 5035.595007, "delta": 0.005017}}
{"target": -13.758534523957097, "params": {"gamma": 705.8148306905514, "log10_alpha": -2.6560495872459, "log10_colsample_bytree": -0.9960062757395093, "log10_eta": -3.9330613912967474, "log10_lambda": 0.8104124150049667, "log10_min_child_weight": 1.8197158712592343, "log10_subsample": -0.0168693395906917, "max_depth": 2.0, "num_boost_round": 4.0}, "datetime": {"datetime": "2024-01-19 01:35:28", "elapsed": 5035.600219, "delta": 0.005212}}
{"target": -13.758534017738201, "params": {"gamma": 705.8148306905514, "log10_alpha": -2.6560495872459, "log10_colsample_bytree": -0.9960062757395093, "log10_eta": -3.9330613912967474, "log10_lambda": 0.8104124150049667, "log10_min_child_weight": 1.8197158712592343, "log10_subsample": -0.0168693395906917, "max_depth": 2.0, "num_boost_round": 5.0}, "datetime": {"datetime": "2024-01-19 01:35:28", "elapsed": 5035.6053, "delta": 0.005081}}
{"target": -13.758533875079596, "params": {"gamma": 705.8148306905514, "log10_alpha": -2.6560495872459, "log10_colsample_bytree": -0.9960062757395093, "log10_eta": -3.9330613912967474, "log10_lambda": 0.8104124150049667, "log10_min_child_weight": 1.8197158712592343, "log10_subsample": -0.0168693395906917, "max_depth": 2.0, "num_boost_round": 6.0}, "datetime": {"datetime": "2024-01-19 01:35:28", "elapsed": 5035.610198, "delta": 0.004898}}
{"target": -13.758532624695922, "params": {"gamma": 705.8148306905514, "log10_alpha": -2.6560495872459, "log10_colsample_bytree": -0.9960062757395093, "log10_eta": -3.9330613912967474, "log10_lambda": 0.8104124150049667, "log10_min_child_weight": 1.8197158712592343, "log10_subsample": -0.0168693395906917, "max_depth": 2.0, "num_boost_round": 7.0}, "datetime": {"datetime": "2024-01-19 01:35:28", "elapsed": 5035.615014, "delta": 0.004816}}
{"target": -13.75853362981635, "params": {"gamma": 705.8148306905514, "log10_alpha": -2.6560495872459, "log10_colsample_bytree": -0.9960062757395093, "log10_eta": -3.9330613912967474, "log10_lambda": 0.8104124150049667, "log10_min_child_weight": 1.8197158712592343, "log10_subsample": -0.0168693395906917, "max_depth": 2.0, "num_boost_round": 8.0}, "datetime": {"datetime": "2024-01-19 01:35:28", "elapsed": 5035.620126, "delta": 0.005112}}
