{"target": -17.67718925122961, "params": {"gamma": 549.6469906812617, "log10_alpha": -5.0, "log10_colsample_bytree": -1.0, "log10_eta": -4.0, "log10_lambda": -5.0, "log10_min_child_weight": 0.0, "log10_subsample": 0.0, "max_depth": 2.0, "num_boost_round": 23.0}, "datetime": {"datetime": "2024-01-19 00:35:02", "elapsed": 1399.777456, "delta": 0.001952}}
{"target": -17.67722366214964, "params": {"gamma": 590.886663994026, "log10_alpha": -0.5185641546574304, "log10_colsample_bytree": -0.8974314624090414, "log10_eta": -3.794450589106827, "log10_lambda": -0.8152433805065842, "log10_min_child_weight": 0.01985035319206352, "log10_subsample": -0.17984361988944642, "max_depth": 9.0, "num_boost_round": 0.0}, "datetime": {"datetime": "2024-01-19 00:35:34", "elapsed": 1431.8997, "delta": 32.122244}}
{"target": -17.67722008849426, "params": {"gamma": 590.886663994026, "log10_alpha": -0.5185641546574304, "log10_colsample_bytree": -0.8974314624090414, "log10_eta": -3.794450589106827, "log10_lambda": -0.8152433805065842, "log10_min_child_weight": 0.01985035319206352, "log10_subsample": -0.17984361988944642, "max_depth": 9.0, "num_boost_round": 1.0}, "datetime": {"datetime": "2024-01-19 00:35:34", "elapsed": 1431.902712, "delta": 0.003012}}
{"target": -17.677220811020383, "params": {"gamma": 590.886663994026, "log10_alpha": -0.5185641546574304, "log10_colsample_bytree": -0.8974314624090414, "log10_eta": -3.794450589106827, "log10_lambda": -0.8152433805065842, "log10_min_child_weight": 0.01985035319206352, "log10_subsample": -0.17984361988944642, "max_depth": 9.0, "num_boost_round": 2.0}, "datetime": {"datetime": "2024-01-19 00:35:34", "elapsed": 1431.904786, "delta": 0.002074}}
{"target": -17.677217959361005, "params": {"gamma": 590.886663994026, "log10_alpha": -0.5185641546574304, "log10_colsample_bytree": -0.8974314624090414, "log10_eta": -3.794450589106827, "log10_lambda": -0.8152433805065842, "log10_min_child_weight": 0.01985035319206352, "log10_subsample": -0.17984361988944642, "max_depth": 9.0, "num_boost_round": 3.0}, "datetime": {"datetime": "2024-01-19 00:35:34", "elapsed": 1431.906794, "delta": 0.002008}}
{"target": -17.67720600745638, "params": {"gamma": 590.886663994026, "log10_alpha": -0.5185641546574304, "log10_colsample_bytree": -0.8974314624090414, "log10_eta": -3.794450589106827, "log10_lambda": -0.8152433805065842, "log10_min_child_weight": 0.01985035319206352, "log10_subsample": -0.17984361988944642, "max_depth": 9.0, "num_boost_round": 4.0}, "datetime": {"datetime": "2024-01-19 00:35:34", "elapsed": 1431.908728, "delta": 0.001934}}
{"target": -17.67720652660136, "params": {"gamma": 590.886663994026, "log10_alpha": -0.5185641546574304, "log10_colsample_bytree": -0.8974314624090414, "log10_eta": -3.794450589106827, "log10_lambda": -0.8152433805065842, "log10_min_child_weight": 0.01985035319206352, "log10_subsample": -0.17984361988944642, "max_depth": 9.0, "num_boost_round": 5.0}, "datetime": {"datetime": "2024-01-19 00:35:34", "elapsed": 1431.910755, "delta": 0.002027}}
{"target": -17.67720881485961, "params": {"gamma": 590.886663994026, "log10_alpha": -0.5185641546574304, "log10_colsample_bytree": -0.8974314624090414, "log10_eta": -3.794450589106827, "log10_lambda": -0.8152433805065842, "log10_min_child_weight": 0.01985035319206352, "log10_subsample": -0.17984361988944642, "max_depth": 9.0, "num_boost_round": 6.0}, "datetime": {"datetime": "2024-01-19 00:35:34", "elapsed": 1431.912742, "delta": 0.001987}}
{"target": -17.67718808595893, "params": {"gamma": 590.886663994026, "log10_alpha": -0.5185641546574304, "log10_colsample_bytree": -0.8974314624090414, "log10_eta": -3.794450589106827, "log10_lambda": -0.8152433805065842, "log10_min_child_weight": 0.01985035319206352, "log10_subsample": -0.17984361988944642, "max_depth": 9.0, "num_boost_round": 7.0}, "datetime": {"datetime": "2024-01-19 00:35:34", "elapsed": 1431.914669, "delta": 0.001927}}
{"target": -17.677178251341715, "params": {"gamma": 590.886663994026, "log10_alpha": -0.5185641546574304, "log10_colsample_bytree": -0.8974314624090414, "log10_eta": -3.794450589106827, "log10_lambda": -0.8152433805065842, "log10_min_child_weight": 0.01985035319206352, "log10_subsample": -0.17984361988944642, "max_depth": 9.0, "num_boost_round": 8.0}, "datetime": {"datetime": "2024-01-19 00:35:34", "elapsed": 1431.916607, "delta": 0.001938}}
{"target": -17.677166671653538, "params": {"gamma": 590.886663994026, "log10_alpha": -0.5185641546574304, "log10_colsample_bytree": -0.8974314624090414, "log10_eta": -3.794450589106827, "log10_lambda": -0.8152433805065842, "log10_min_child_weight": 0.01985035319206352, "log10_subsample": -0.17984361988944642, "max_depth": 9.0, "num_boost_round": 9.0}, "datetime": {"datetime": "2024-01-19 00:35:34", "elapsed": 1431.918543, "delta": 0.001936}}
{"target": -17.677160377062712, "params": {"gamma": 590.886663994026, "log10_alpha": -0.5185641546574304, "log10_colsample_bytree": -0.8974314624090414, "log10_eta": -3.794450589106827, "log10_lambda": -0.8152433805065842, "log10_min_child_weight": 0.01985035319206352, "log10_subsample": -0.17984361988944642, "max_depth": 9.0, "num_boost_round": 10.0}, "datetime": {"datetime": "2024-01-19 00:35:34", "elapsed": 1431.920523, "delta": 0.00198}}
{"target": -17.677153440992537, "params": {"gamma": 590.886663994026, "log10_alpha": -0.5185641546574304, "log10_colsample_bytree": -0.8974314624090414, "log10_eta": -3.794450589106827, "log10_lambda": -0.8152433805065842, "log10_min_child_weight": 0.01985035319206352, "log10_subsample": -0.17984361988944642, "max_depth": 9.0, "num_boost_round": 11.0}, "datetime": {"datetime": "2024-01-19 00:35:34", "elapsed": 1431.922477, "delta": 0.001954}}
{"target": -17.677131850123086, "params": {"gamma": 590.886663994026, "log10_alpha": -0.5185641546574304, "log10_colsample_bytree": -0.8974314624090414, "log10_eta": -3.794450589106827, "log10_lambda": -0.8152433805065842, "log10_min_child_weight": 0.01985035319206352, "log10_subsample": -0.17984361988944642, "max_depth": 9.0, "num_boost_round": 12.0}, "datetime": {"datetime": "2024-01-19 00:35:34", "elapsed": 1431.924428, "delta": 0.001951}}
{"target": -17.677124826833438, "params": {"gamma": 590.886663994026, "log10_alpha": -0.5185641546574304, "log10_colsample_bytree": -0.8974314624090414, "log10_eta": -3.794450589106827, "log10_lambda": -0.8152433805065842, "log10_min_child_weight": 0.01985035319206352, "log10_subsample": -0.17984361988944642, "max_depth": 9.0, "num_boost_round": 13.0}, "datetime": {"datetime": "2024-01-19 00:35:34", "elapsed": 1431.926368, "delta": 0.00194}}
{"target": -17.67715956360342, "params": {"gamma": 590.7236099216717, "log10_alpha": -4.8245059097718155, "log10_colsample_bytree": -0.1615920460558803, "log10_eta": -2.494981195032423, "log10_lambda": 0.7549107387960259, "log10_min_child_weight": 3.1671891453344045, "log10_subsample": -0.3712961573301313, "max_depth": 2.0, "num_boost_round": 0.0}, "datetime": {"datetime": "2024-01-19 00:35:55", "elapsed": 1452.968995, "delta": 21.042627}}
{"target": -17.677092141550105, "params": {"gamma": 590.7236099216717, "log10_alpha": -4.8245059097718155, "log10_colsample_bytree": -0.1615920460558803, "log10_eta": -2.494981195032423, "log10_lambda": 0.7549107387960259, "log10_min_child_weight": 3.1671891453344045, "log10_subsample": -0.3712961573301313, "max_depth": 2.0, "num_boost_round": 1.0}, "datetime": {"datetime": "2024-01-19 00:35:55", "elapsed": 1452.971777, "delta": 0.002782}}
{"target": -17.67698303694388, "params": {"gamma": 590.7236099216717, "log10_alpha": -4.8245059097718155, "log10_colsample_bytree": -0.1615920460558803, "log10_eta": -2.494981195032423, "log10_lambda": 0.7549107387960259, "log10_min_child_weight": 3.1671891453344045, "log10_subsample": -0.3712961573301313, "max_depth": 2.0, "num_boost_round": 2.0}, "datetime": {"datetime": "2024-01-19 00:35:55", "elapsed": 1452.974115, "delta": 0.002338}}
{"target": -17.67692828608394, "params": {"gamma": 590.7236099216717, "log10_alpha": -4.8245059097718155, "log10_colsample_bytree": -0.1615920460558803, "log10_eta": -2.494981195032423, "log10_lambda": 0.7549107387960259, "log10_min_child_weight": 3.1671891453344045, "log10_subsample": -0.3712961573301313, "max_depth": 2.0, "num_boost_round": 3.0}, "datetime": {"datetime": "2024-01-19 00:35:55", "elapsed": 1452.976132, "delta": 0.002017}}
{"target": -17.676880751304434, "params": {"gamma": 590.7236099216717, "log10_alpha": -4.8245059097718155, "log10_colsample_bytree": -0.1615920460558803, "log10_eta": -2.494981195032423, "log10_lambda": 0.7549107387960259, "log10_min_child_weight": 3.1671891453344045, "log10_subsample": -0.3712961573301313, "max_depth": 2.0, "num_boost_round": 4.0}, "datetime": {"datetime": "2024-01-19 00:35:55", "elapsed": 1452.978082, "delta": 0.00195}}
{"target": -17.676821123398856, "params": {"gamma": 590.7236099216717, "log10_alpha": -4.8245059097718155, "log10_colsample_bytree": -0.1615920460558803, "log10_eta": -2.494981195032423, "log10_lambda": 0.7549107387960259, "log10_min_child_weight": 3.1671891453344045, "log10_subsample": -0.3712961573301313, "max_depth": 2.0, "num_boost_round": 5.0}, "datetime": {"datetime": "2024-01-19 00:35:55", "elapsed": 1452.980142, "delta": 0.00206}}
{"target": -17.67673097642684, "params": {"gamma": 590.7236099216717, "log10_alpha": -4.8245059097718155, "log10_colsample_bytree": -0.1615920460558803, "log10_eta": -2.494981195032423, "log10_lambda": 0.7549107387960259, "log10_min_child_weight": 3.1671891453344045, "log10_subsample": -0.3712961573301313, "max_depth": 2.0, "num_boost_round": 6.0}, "datetime": {"datetime": "2024-01-19 00:35:55", "elapsed": 1452.982194, "delta": 0.002052}}
{"target": -17.676671542574717, "params": {"gamma": 590.7236099216717, "log10_alpha": -4.8245059097718155, "log10_colsample_bytree": -0.1615920460558803, "log10_eta": -2.494981195032423, "log10_lambda": 0.7549107387960259, "log10_min_child_weight": 3.1671891453344045, "log10_subsample": -0.3712961573301313, "max_depth": 2.0, "num_boost_round": 7.0}, "datetime": {"datetime": "2024-01-19 00:35:55", "elapsed": 1452.984166, "delta": 0.001972}}
{"target": -17.676615761477276, "params": {"gamma": 590.7236099216717, "log10_alpha": -4.8245059097718155, "log10_colsample_bytree": -0.1615920460558803, "log10_eta": -2.494981195032423, "log10_lambda": 0.7549107387960259, "log10_min_child_weight": 3.1671891453344045, "log10_subsample": -0.3712961573301313, "max_depth": 2.0, "num_boost_round": 8.0}, "datetime": {"datetime": "2024-01-19 00:35:55", "elapsed": 1452.986114, "delta": 0.001948}}
{"target": -17.676552337087458, "params": {"gamma": 590.7236099216717, "log10_alpha": -4.8245059097718155, "log10_colsample_bytree": -0.1615920460558803, "log10_eta": -2.494981195032423, "log10_lambda": 0.7549107387960259, "log10_min_child_weight": 3.1671891453344045, "log10_subsample": -0.3712961573301313, "max_depth": 2.0, "num_boost_round": 9.0}, "datetime": {"datetime": "2024-01-19 00:35:55", "elapsed": 1452.988087, "delta": 0.001973}}
{"target": -17.676498816860597, "params": {"gamma": 590.7236099216717, "log10_alpha": -4.8245059097718155, "log10_colsample_bytree": -0.1615920460558803, "log10_eta": -2.494981195032423, "log10_lambda": 0.7549107387960259, "log10_min_child_weight": 3.1671891453344045, "log10_subsample": -0.3712961573301313, "max_depth": 2.0, "num_boost_round": 10.0}, "datetime": {"datetime": "2024-01-19 00:35:55", "elapsed": 1452.990158, "delta": 0.002071}}
{"target": -17.67721392190137, "params": {"gamma": 598.3314101573868, "log10_alpha": 0.5905066501038423, "log10_colsample_bytree": -0.6005037792822744, "log10_eta": -3.2003967992744355, "log10_lambda": -3.1099580446512087, "log10_min_child_weight": 0.8032735653120127, "log10_subsample": -0.41285769500322067, "max_depth": 4.0, "num_boost_round": 0.0}, "datetime": {"datetime": "2024-01-19 00:36:18", "elapsed": 1475.617574, "delta": 22.627416}}
{"target": -17.677191408696874, "params": {"gamma": 598.3314101573868, "log10_alpha": 0.5905066501038423, "log10_colsample_bytree": -0.6005037792822744, "log10_eta": -3.2003967992744355, "log10_lambda": -3.1099580446512087, "log10_min_child_weight": 0.8032735653120127, "log10_subsample": -0.41285769500322067, "max_depth": 4.0, "num_boost_round": 1.0}, "datetime": {"datetime": "2024-01-19 00:36:18", "elapsed": 1475.620185, "delta": 0.002611}}
{"target": -17.67716422184343, "params": {"gamma": 598.3314101573868, "log10_alpha": 0.5905066501038423, "log10_colsample_bytree": -0.6005037792822744, "log10_eta": -3.2003967992744355, "log10_lambda": -3.1099580446512087, "log10_min_child_weight": 0.8032735653120127, "log10_subsample": -0.41285769500322067, "max_depth": 4.0, "num_boost_round": 2.0}, "datetime": {"datetime": "2024-01-19 00:36:18", "elapsed": 1475.622541, "delta": 0.002356}}
{"target": -17.677166875708494, "params": {"gamma": 598.3314101573868, "log10_alpha": 0.5905066501038423, "log10_colsample_bytree": -0.6005037792822744, "log10_eta": -3.2003967992744355, "log10_lambda": -3.1099580446512087, "log10_min_child_weight": 0.8032735653120127, "log10_subsample": -0.41285769500322067, "max_depth": 4.0, "num_boost_round": 3.0}, "datetime": {"datetime": "2024-01-19 00:36:18", "elapsed": 1475.624555, "delta": 0.002014}}
{"target": -17.677156935940797, "params": {"gamma": 598.3314101573868, "log10_alpha": 0.5905066501038423, "log10_colsample_bytree": -0.6005037792822744, "log10_eta": -3.2003967992744355, "log10_lambda": -3.1099580446512087, "log10_min_child_weight": 0.8032735653120127, "log10_subsample": -0.41285769500322067, "max_depth": 4.0, "num_boost_round": 4.0}, "datetime": {"datetime": "2024-01-19 00:36:18", "elapsed": 1475.62657, "delta": 0.002015}}
{"target": -17.677142935409655, "params": {"gamma": 598.3314101573868, "log10_alpha": 0.5905066501038423, "log10_colsample_bytree": -0.6005037792822744, "log10_eta": -3.2003967992744355, "log10_lambda": -3.1099580446512087, "log10_min_child_weight": 0.8032735653120127, "log10_subsample": -0.41285769500322067, "max_depth": 4.0, "num_boost_round": 5.0}, "datetime": {"datetime": "2024-01-19 00:36:18", "elapsed": 1475.628697, "delta": 0.002127}}
{"target": -17.677121933549856, "params": {"gamma": 598.3314101573868, "log10_alpha": 0.5905066501038423, "log10_colsample_bytree": -0.6005037792822744, "log10_eta": -3.2003967992744355, "log10_lambda": -3.1099580446512087, "log10_min_child_weight": 0.8032735653120127, "log10_subsample": -0.41285769500322067, "max_depth": 4.0, "num_boost_round": 6.0}, "datetime": {"datetime": "2024-01-19 00:36:18", "elapsed": 1475.630729, "delta": 0.002032}}
{"target": -17.677091377742585, "params": {"gamma": 598.3314101573868, "log10_alpha": 0.5905066501038423, "log10_colsample_bytree": -0.6005037792822744, "log10_eta": -3.2003967992744355, "log10_lambda": -3.1099580446512087, "log10_min_child_weight": 0.8032735653120127, "log10_subsample": -0.41285769500322067, "max_depth": 4.0, "num_boost_round": 7.0}, "datetime": {"datetime": "2024-01-19 00:36:18", "elapsed": 1475.632974, "delta": 0.002245}}
{"target": -17.67707919528719, "params": {"gamma": 598.3314101573868, "log10_alpha": 0.5905066501038423, "log10_colsample_bytree": -0.6005037792822744, "log10_eta": -3.2003967992744355, "log10_lambda": -3.1099580446512087, "log10_min_child_weight": 0.8032735653120127, "log10_subsample": -0.41285769500322067, "max_depth": 4.0, "num_boost_round": 8.0}, "datetime": {"datetime": "2024-01-19 00:36:18", "elapsed": 1475.635016, "delta": 0.002042}}
{"target": -17.67706491863631, "params": {"gamma": 598.3314101573868, "log10_alpha": 0.5905066501038423, "log10_colsample_bytree": -0.6005037792822744, "log10_eta": -3.2003967992744355, "log10_lambda": -3.1099580446512087, "log10_min_child_weight": 0.8032735653120127, "log10_subsample": -0.41285769500322067, "max_depth": 4.0, "num_boost_round": 9.0}, "datetime": {"datetime": "2024-01-19 00:36:18", "elapsed": 1475.636999, "delta": 0.001983}}
{"target": -17.677015672820954, "params": {"gamma": 598.3314101573868, "log10_alpha": 0.5905066501038423, "log10_colsample_bytree": -0.6005037792822744, "log10_eta": -3.2003967992744355, "log10_lambda": -3.1099580446512087, "log10_min_child_weight": 0.8032735653120127, "log10_subsample": -0.41285769500322067, "max_depth": 4.0, "num_boost_round": 10.0}, "datetime": {"datetime": "2024-01-19 00:36:18", "elapsed": 1475.638995, "delta": 0.001996}}
{"target": -17.6770304315205, "params": {"gamma": 598.3314101573868, "log10_alpha": 0.5905066501038423, "log10_colsample_bytree": -0.6005037792822744, "log10_eta": -3.2003967992744355, "log10_lambda": -3.1099580446512087, "log10_min_child_weight": 0.8032735653120127, "log10_subsample": -0.41285769500322067, "max_depth": 4.0, "num_boost_round": 11.0}, "datetime": {"datetime": "2024-01-19 00:36:18", "elapsed": 1475.641032, "delta": 0.002037}}
{"target": -17.67701207060344, "params": {"gamma": 598.3314101573868, "log10_alpha": 0.5905066501038423, "log10_colsample_bytree": -0.6005037792822744, "log10_eta": -3.2003967992744355, "log10_lambda": -3.1099580446512087, "log10_min_child_weight": 0.8032735653120127, "log10_subsample": -0.41285769500322067, "max_depth": 4.0, "num_boost_round": 12.0}, "datetime": {"datetime": "2024-01-19 00:36:18", "elapsed": 1475.643013, "delta": 0.001981}}
{"target": -17.676978725163043, "params": {"gamma": 598.3314101573868, "log10_alpha": 0.5905066501038423, "log10_colsample_bytree": -0.6005037792822744, "log10_eta": -3.2003967992744355, "log10_lambda": -3.1099580446512087, "log10_min_child_weight": 0.8032735653120127, "log10_subsample": -0.41285769500322067, "max_depth": 4.0, "num_boost_round": 13.0}, "datetime": {"datetime": "2024-01-19 00:36:18", "elapsed": 1475.64499, "delta": 0.001977}}
{"target": -17.67681811733428, "params": {"gamma": 592.0062434343479, "log10_alpha": -3.7435193281548864, "log10_colsample_bytree": -0.8095040303652572, "log10_eta": -1.8747139932665076, "log10_lambda": -0.6327596724667375, "log10_min_child_weight": 0.204765463974258, "log10_subsample": -0.10863844647185039, "max_depth": 3.0, "num_boost_round": 0.0}, "datetime": {"datetime": "2024-01-19 00:36:41", "elapsed": 1498.351206, "delta": 22.706216}}
{"target": -17.676605749144755, "params": {"gamma": 592.0062434343479, "log10_alpha": -3.7435193281548864, "log10_colsample_bytree": -0.8095040303652572, "log10_eta": -1.8747139932665076, "log10_lambda": -0.6327596724667375, "log10_min_child_weight": 0.204765463974258, "log10_subsample": -0.10863844647185039, "max_depth": 3.0, "num_boost_round": 1.0}, "datetime": {"datetime": "2024-01-19 00:36:41", "elapsed": 1498.353845, "delta": 0.002639}}
{"target": -17.676187747115517, "params": {"gamma": 592.0062434343479, "log10_alpha": -3.7435193281548864, "log10_colsample_bytree": -0.8095040303652572, "log10_eta": -1.8747139932665076, "log10_lambda": -0.6327596724667375, "log10_min_child_weight": 0.204765463974258, "log10_subsample": -0.10863844647185039, "max_depth": 3.0, "num_boost_round": 2.0}, "datetime": {"datetime": "2024-01-19 00:36:41", "elapsed": 1498.356263, "delta": 0.002418}}
{"target": -17.676157200112666, "params": {"gamma": 592.0062434343479, "log10_alpha": -3.7435193281548864, "log10_colsample_bytree": -0.8095040303652572, "log10_eta": -1.8747139932665076, "log10_lambda": -0.6327596724667375, "log10_min_child_weight": 0.204765463974258, "log10_subsample": -0.10863844647185039, "max_depth": 3.0, "num_boost_round": 3.0}, "datetime": {"datetime": "2024-01-19 00:36:41", "elapsed": 1498.358278, "delta": 0.002015}}
{"target": -17.675863387021046, "params": {"gamma": 592.0062434343479, "log10_alpha": -3.7435193281548864, "log10_colsample_bytree": -0.8095040303652572, "log10_eta": -1.8747139932665076, "log10_lambda": -0.6327596724667375, "log10_min_child_weight": 0.204765463974258, "log10_subsample": -0.10863844647185039, "max_depth": 3.0, "num_boost_round": 4.0}, "datetime": {"datetime": "2024-01-19 00:36:41", "elapsed": 1498.360352, "delta": 0.002074}}
{"target": -17.675669718440812, "params": {"gamma": 592.0062434343479, "log10_alpha": -3.7435193281548864, "log10_colsample_bytree": -0.8095040303652572, "log10_eta": -1.8747139932665076, "log10_lambda": -0.6327596724667375, "log10_min_child_weight": 0.204765463974258, "log10_subsample": -0.10863844647185039, "max_depth": 3.0, "num_boost_round": 5.0}, "datetime": {"datetime": "2024-01-19 00:36:41", "elapsed": 1498.362348, "delta": 0.001996}}
{"target": -17.67561487682006, "params": {"gamma": 592.0062434343479, "log10_alpha": -3.7435193281548864, "log10_colsample_bytree": -0.8095040303652572, "log10_eta": -1.8747139932665076, "log10_lambda": -0.6327596724667375, "log10_min_child_weight": 0.204765463974258, "log10_subsample": -0.10863844647185039, "max_depth": 3.0, "num_boost_round": 6.0}, "datetime": {"datetime": "2024-01-19 00:36:41", "elapsed": 1498.364358, "delta": 0.00201}}
{"target": -17.67510104202087, "params": {"gamma": 592.0062434343479, "log10_alpha": -3.7435193281548864, "log10_colsample_bytree": -0.8095040303652572, "log10_eta": -1.8747139932665076, "log10_lambda": -0.6327596724667375, "log10_min_child_weight": 0.204765463974258, "log10_subsample": -0.10863844647185039, "max_depth": 3.0, "num_boost_round": 7.0}, "datetime": {"datetime": "2024-01-19 00:36:41", "elapsed": 1498.366358, "delta": 0.002}}
{"target": -17.675222402499884, "params": {"gamma": 592.0062434343479, "log10_alpha": -3.7435193281548864, "log10_colsample_bytree": -0.8095040303652572, "log10_eta": -1.8747139932665076, "log10_lambda": -0.6327596724667375, "log10_min_child_weight": 0.204765463974258, "log10_subsample": -0.10863844647185039, "max_depth": 3.0, "num_boost_round": 8.0}, "datetime": {"datetime": "2024-01-19 00:36:41", "elapsed": 1498.368361, "delta": 0.002003}}
