{"target": -17.67721369013674, "params": {"gamma": 888.3924846862327, "log10_alpha": 0.6663372760141533, "log10_colsample_bytree": -0.9485118587018602, "log10_eta": -3.6747985367821134, "log10_lambda": -2.159070520790088, "log10_min_child_weight": 4.845208354473273, "log10_subsample": -0.3293394079707813, "max_depth": 2.0, "num_boost_round": 17.0}, "datetime": {"datetime": "2024-01-19 01:37:33", "elapsed": 5134.451005, "delta": 0.005157}}
{"target": -17.67721198698123, "params": {"gamma": 888.3924846862327, "log10_alpha": 0.6663372760141533, "log10_colsample_bytree": -0.9485118587018602, "log10_eta": -3.6747985367821134, "log10_lambda": -2.159070520790088, "log10_min_child_weight": 4.845208354473273, "log10_subsample": -0.3293394079707813, "max_depth": 2.0, "num_boost_round": 18.0}, "datetime": {"datetime": "2024-01-19 01:37:33", "elapsed": 5134.456154, "delta": 0.005149}}
{"target": -17.677209540051436, "params": {"gamma": 888.3924846862327, "log10_alpha": 0.6663372760141533, "log10_colsample_bytree": -0.9485118587018602, "log10_eta": -3.6747985367821134, "log10_lambda": -2.159070520790088, "log10_min_child_weight": 4.845208354473273, "log10_subsample": -0.3293394079707813, "max_depth": 2.0, "num_boost_round": 19.0}, "datetime": {"datetime": "2024-01-19 01:37:33", "elapsed": 5134.461293, "delta": 0.005139}}
{"target": -17.677209617213656, "params": {"gamma": 888.3924846862327, "log10_alpha": 0.6663372760141533, "log10_colsample_bytree": -0.9485118587018602, "log10_eta": -3.6747985367821134, "log10_lambda": -2.159070520790088, "log10_min_child_weight": 4.845208354473273, "log10_subsample": -0.3293394079707813, "max_depth": 2.0, "num_boost_round": 20.0}, "datetime": {"datetime": "2024-01-19 01:37:33", "elapsed": 5134.466375, "delta": 0.005082}}
{"target": -17.677206565282315, "params": {"gamma": 888.3924846862327, "log10_alpha": 0.6663372760141533, "log10_colsample_bytree": -0.9485118587018602, "log10_eta": -3.6747985367821134, "log10_lambda": -2.159070520790088, "log10_min_child_weight": 4.845208354473273, "log10_subsample": -0.3293394079707813, "max_depth": 2.0, "num_boost_round": 21.0}, "datetime": {"datetime": "2024-01-19 01:37:33", "elapsed": 5134.471437, "delta": 0.005062}}
{"target": -17.677204135008598, "params": {"gamma": 888.3924846862327, "log10_alpha": 0.6663372760141533, "log10_colsample_bytree": -0.9485118587018602, "log10_eta": -3.6747985367821134, "log10_lambda": -2.159070520790088, "log10_min_child_weight": 4.845208354473273, "log10_subsample": -0.3293394079707813, "max_depth": 2.0, "num_boost_round": 22.0}, "datetime": {"datetime": "2024-01-19 01:37:33", "elapsed": 5134.476526, "delta": 0.005089}}
{"target": -17.677202169288034, "params": {"gamma": 888.3924846862327, "log10_alpha": 0.6663372760141533, "log10_colsample_bytree": -0.9485118587018602, "log10_eta": -3.6747985367821134, "log10_lambda": -2.159070520790088, "log10_min_child_weight": 4.845208354473273, "log10_subsample": -0.3293394079707813, "max_depth": 2.0, "num_boost_round": 23.0}, "datetime": {"datetime": "2024-01-19 01:37:33", "elapsed": 5134.481627, "delta": 0.005101}}
{"target": -17.677202597517876, "params": {"gamma": 888.3924846862327, "log10_alpha": 0.6663372760141533, "log10_colsample_bytree": -0.9485118587018602, "log10_eta": -3.6747985367821134, "log10_lambda": -2.159070520790088, "log10_min_child_weight": 4.845208354473273, "log10_subsample": -0.3293394079707813, "max_depth": 2.0, "num_boost_round": 24.0}, "datetime": {"datetime": "2024-01-19 01:37:33", "elapsed": 5134.486668, "delta": 0.005041}}
{"target": -17.677201001443407, "params": {"gamma": 888.3924846862327, "log10_alpha": 0.6663372760141533, "log10_colsample_bytree": -0.9485118587018602, "log10_eta": -3.6747985367821134, "log10_lambda": -2.159070520790088, "log10_min_child_weight": 4.845208354473273, "log10_subsample": -0.3293394079707813, "max_depth": 2.0, "num_boost_round": 25.0}, "datetime": {"datetime": "2024-01-19 01:37:33", "elapsed": 5134.492522, "delta": 0.005854}}
{"target": -17.677201214608118, "params": {"gamma": 888.3924846862327, "log10_alpha": 0.6663372760141533, "log10_colsample_bytree": -0.9485118587018602, "log10_eta": -3.6747985367821134, "log10_lambda": -2.159070520790088, "log10_min_child_weight": 4.845208354473273, "log10_subsample": -0.3293394079707813, "max_depth": 2.0, "num_boost_round": 26.0}, "datetime": {"datetime": "2024-01-19 01:37:33", "elapsed": 5134.49801, "delta": 0.005488}}
{"target": -17.67722826378498, "params": {"gamma": 838.3150318109235, "log10_alpha": -3.7440627743655015, "log10_colsample_bytree": -0.5598853850043793, "log10_eta": -2.9989713760844157, "log10_lambda": 0.3090317753666545, "log10_min_child_weight": 2.7633212540581047, "log10_subsample": -0.12153452121170782, "max_depth": 3.0, "num_boost_round": 0.0}, "datetime": {"datetime": "2024-01-19 01:38:37", "elapsed": 5198.546981, "delta": 64.048971}}
{"target": -17.67719898534706, "params": {"gamma": 838.3150318109235, "log10_alpha": -3.7440627743655015, "log10_colsample_bytree": -0.5598853850043793, "log10_eta": -2.9989713760844157, "log10_lambda": 0.3090317753666545, "log10_min_child_weight": 2.7633212540581047, "log10_subsample": -0.12153452121170782, "max_depth": 3.0, "num_boost_round": 1.0}, "datetime": {"datetime": "2024-01-19 01:38:37", "elapsed": 5198.553878, "delta": 0.006897}}
{"target": -17.677162792369266, "params": {"gamma": 838.3150318109235, "log10_alpha": -3.7440627743655015, "log10_colsample_bytree": -0.5598853850043793, "log10_eta": -2.9989713760844157, "log10_lambda": 0.3090317753666545, "log10_min_child_weight": 2.7633212540581047, "log10_subsample": -0.12153452121170782, "max_depth": 3.0, "num_boost_round": 2.0}, "datetime": {"datetime": "2024-01-19 01:38:37", "elapsed": 5198.559176, "delta": 0.005298}}
{"target": -17.67713174785473, "params": {"gamma": 838.3150318109235, "log10_alpha": -3.7440627743655015, "log10_colsample_bytree": -0.5598853850043793, "log10_eta": -2.9989713760844157, "log10_lambda": 0.3090317753666545, "log10_min_child_weight": 2.7633212540581047, "log10_subsample": -0.12153452121170782, "max_depth": 3.0, "num_boost_round": 3.0}, "datetime": {"datetime": "2024-01-19 01:38:37", "elapsed": 5198.564398, "delta": 0.005222}}
{"target": -17.677102934491025, "params": {"gamma": 838.3150318109235, "log10_alpha": -3.7440627743655015, "log10_colsample_bytree": -0.5598853850043793, "log10_eta": -2.9989713760844157, "log10_lambda": 0.3090317753666545, "log10_min_child_weight": 2.7633212540581047, "log10_subsample": -0.12153452121170782, "max_depth": 3.0, "num_boost_round": 4.0}, "datetime": {"datetime": "2024-01-19 01:38:37", "elapsed": 5198.569593, "delta": 0.005195}}
{"target": -17.677082914757033, "params": {"gamma": 838.3150318109235, "log10_alpha": -3.7440627743655015, "log10_colsample_bytree": -0.5598853850043793, "log10_eta": -2.9989713760844157, "log10_lambda": 0.3090317753666545, "log10_min_child_weight": 2.7633212540581047, "log10_subsample": -0.12153452121170782, "max_depth": 3.0, "num_boost_round": 5.0}, "datetime": {"datetime": "2024-01-19 01:38:37", "elapsed": 5198.574774, "delta": 0.005181}}
{"target": -17.677041111913592, "params": {"gamma": 838.3150318109235, "log10_alpha": -3.7440627743655015, "log10_colsample_bytree": -0.5598853850043793, "log10_eta": -2.9989713760844157, "log10_lambda": 0.3090317753666545, "log10_min_child_weight": 2.7633212540581047, "log10_subsample": -0.12153452121170782, "max_depth": 3.0, "num_boost_round": 6.0}, "datetime": {"datetime": "2024-01-19 01:38:37", "elapsed": 5198.580165, "delta": 0.005391}}
{"target": -17.677012491327083, "params": {"gamma": 838.3150318109235, "log10_alpha": -3.7440627743655015, "log10_colsample_bytree": -0.5598853850043793, "log10_eta": -2.9989713760844157, "log10_lambda": 0.3090317753666545, "log10_min_child_weight": 2.7633212540581047, "log10_subsample": -0.12153452121170782, "max_depth": 3.0, "num_boost_round": 7.0}, "datetime": {"datetime": "2024-01-19 01:38:37", "elapsed": 5198.585195, "delta": 0.00503}}
{"target": -17.677002420868103, "params": {"gamma": 838.3150318109235, "log10_alpha": -3.7440627743655015, "log10_colsample_bytree": -0.5598853850043793, "log10_eta": -2.9989713760844157, "log10_lambda": 0.3090317753666545, "log10_min_child_weight": 2.7633212540581047, "log10_subsample": -0.12153452121170782, "max_depth": 3.0, "num_boost_round": 8.0}, "datetime": {"datetime": "2024-01-19 01:38:37", "elapsed": 5198.590363, "delta": 0.005168}}
{"target": -17.67696727811356, "params": {"gamma": 838.3150318109235, "log10_alpha": -3.7440627743655015, "log10_colsample_bytree": -0.5598853850043793, "log10_eta": -2.9989713760844157, "log10_lambda": 0.3090317753666545, "log10_min_child_weight": 2.7633212540581047, "log10_subsample": -0.12153452121170782, "max_depth": 3.0, "num_boost_round": 9.0}, "datetime": {"datetime": "2024-01-19 01:38:37", "elapsed": 5198.595573, "delta": 0.00521}}
{"target": -17.676939721581796, "params": {"gamma": 838.3150318109235, "log10_alpha": -3.7440627743655015, "log10_colsample_bytree": -0.5598853850043793, "log10_eta": -2.9989713760844157, "log10_lambda": 0.3090317753666545, "log10_min_child_weight": 2.7633212540581047, "log10_subsample": -0.12153452121170782, "max_depth": 3.0, "num_boost_round": 10.0}, "datetime": {"datetime": "2024-01-19 01:38:37", "elapsed": 5198.600808, "delta": 0.005235}}
{"target": -17.677230587532474, "params": {"gamma": 881.1647346408749, "log10_alpha": -0.7107730000625816, "log10_colsample_bytree": -0.22950891977451304, "log10_eta": -3.9789913477283543, "log10_lambda": -3.11373858778804, "log10_min_child_weight": 3.673432480814793, "log10_subsample": -0.8213183695516776, "max_depth": 8.0, "num_boost_round": 0.0}, "datetime": {"datetime": "2024-01-19 01:40:03", "elapsed": 5284.024036, "delta": 85.423228}}
{"target": -17.677230913824875, "params": {"gamma": 881.1647346408749, "log10_alpha": -0.7107730000625816, "log10_colsample_bytree": -0.22950891977451304, "log10_eta": -3.9789913477283543, "log10_lambda": -3.11373858778804, "log10_min_child_weight": 3.673432480814793, "log10_subsample": -0.8213183695516776, "max_depth": 8.0, "num_boost_round": 1.0}, "datetime": {"datetime": "2024-01-19 01:40:03", "elapsed": 5284.029619, "delta": 0.005583}}
{"target": -17.677230633030852, "params": {"gamma": 881.1647346408749, "log10_alpha": -0.7107730000625816, "log10_colsample_bytree": -0.22950891977451304, "log10_eta": -3.9789913477283543, "log10_lambda": -3.11373858778804, "log10_min_child_weight": 3.673432480814793, "log10_subsample": -0.8213183695516776, "max_depth": 8.0, "num_boost_round": 2.0}, "datetime": {"datetime": "2024-01-19 01:40:03", "elapsed": 5284.035196, "delta": 0.005577}}
{"target": -17.677230377837002, "params": {"gamma": 881.1647346408749, "log10_alpha": -0.7107730000625816, "log10_colsample_bytree": -0.22950891977451304, "log10_eta": -3.9789913477283543, "log10_lambda": -3.11373858778804, "log10_min_child_weight": 3.673432480814793, "log10_subsample": -0.8213183695516776, "max_depth": 8.0, "num_boost_round": 3.0}, "datetime": {"datetime": "2024-01-19 01:40:03", "elapsed": 5284.040464, "delta": 0.005268}}
{"target": -17.677230292458635, "params": {"gamma": 881.1647346408749, "log10_alpha": -0.7107730000625816, "log10_colsample_bytree": -0.22950891977451304, "log10_eta": -3.9789913477283543, "log10_lambda": -3.11373858778804, "log10_min_child_weight": 3.673432480814793, "log10_subsample": -0.8213183695516776, "max_depth": 8.0, "num_boost_round": 4.0}, "datetime": {"datetime": "2024-01-19 01:40:03", "elapsed": 5284.045816, "delta": 0.005352}}
{"target": -17.677231325641504, "params": {"gamma": 881.1647346408749, "log10_alpha": -0.7107730000625816, "log10_colsample_bytree": -0.22950891977451304, "log10_eta": -3.9789913477283543, "log10_lambda": -3.11373858778804, "log10_min_child_weight": 3.673432480814793, "log10_subsample": -0.8213183695516776, "max_depth": 8.0, "num_boost_round": 5.0}, "datetime": {"datetime": "2024-01-19 01:40:03", "elapsed": 5284.051006, "delta": 0.00519}}
{"target": -17.67722979926667, "params": {"gamma": 881.1647346408749, "log10_alpha": -0.7107730000625816, "log10_colsample_bytree": -0.22950891977451304, "log10_eta": -3.9789913477283543, "log10_lambda": -3.11373858778804, "log10_min_child_weight": 3.673432480814793, "log10_subsample": -0.8213183695516776, "max_depth": 8.0, "num_boost_round": 6.0}, "datetime": {"datetime": "2024-01-19 01:40:03", "elapsed": 5284.186872, "delta": 0.135866}}
{"target": -17.677229931207073, "params": {"gamma": 881.1647346408749, "log10_alpha": -0.7107730000625816, "log10_colsample_bytree": -0.22950891977451304, "log10_eta": -3.9789913477283543, "log10_lambda": -3.11373858778804, "log10_min_child_weight": 3.673432480814793, "log10_subsample": -0.8213183695516776, "max_depth": 8.0, "num_boost_round": 7.0}, "datetime": {"datetime": "2024-01-19 01:40:03", "elapsed": 5284.193034, "delta": 0.006162}}
{"target": -17.67723192438872, "params": {"gamma": 881.1647346408749, "log10_alpha": -0.7107730000625816, "log10_colsample_bytree": -0.22950891977451304, "log10_eta": -3.9789913477283543, "log10_lambda": -3.11373858778804, "log10_min_child_weight": 3.673432480814793, "log10_subsample": -0.8213183695516776, "max_depth": 8.0, "num_boost_round": 8.0}, "datetime": {"datetime": "2024-01-19 01:40:03", "elapsed": 5284.198927, "delta": 0.005893}}
{"target": -17.677230403386492, "params": {"gamma": 881.1647346408749, "log10_alpha": -0.7107730000625816, "log10_colsample_bytree": -0.22950891977451304, "log10_eta": -3.9789913477283543, "log10_lambda": -3.11373858778804, "log10_min_child_weight": 3.673432480814793, "log10_subsample": -0.8213183695516776, "max_depth": 8.0, "num_boost_round": 9.0}, "datetime": {"datetime": "2024-01-19 01:40:03", "elapsed": 5284.204364, "delta": 0.005437}}
{"target": -17.677229620095762, "params": {"gamma": 881.1647346408749, "log10_alpha": -0.7107730000625816, "log10_colsample_bytree": -0.22950891977451304, "log10_eta": -3.9789913477283543, "log10_lambda": -3.11373858778804, "log10_min_child_weight": 3.673432480814793, "log10_subsample": -0.8213183695516776, "max_depth": 8.0, "num_boost_round": 10.0}, "datetime": {"datetime": "2024-01-19 01:40:03", "elapsed": 5284.209648, "delta": 0.005284}}
{"target": -17.677227324484374, "params": {"gamma": 881.1647346408749, "log10_alpha": -0.7107730000625816, "log10_colsample_bytree": -0.22950891977451304, "log10_eta": -3.9789913477283543, "log10_lambda": -3.11373858778804, "log10_min_child_weight": 3.673432480814793, "log10_subsample": -0.8213183695516776, "max_depth": 8.0, "num_boost_round": 11.0}, "datetime": {"datetime": "2024-01-19 01:40:03", "elapsed": 5284.215189, "delta": 0.005541}}
{"target": -17.677228208878606, "params": {"gamma": 881.1647346408749, "log10_alpha": -0.7107730000625816, "log10_colsample_bytree": -0.22950891977451304, "log10_eta": -3.9789913477283543, "log10_lambda": -3.11373858778804, "log10_min_child_weight": 3.673432480814793, "log10_subsample": -0.8213183695516776, "max_depth": 8.0, "num_boost_round": 12.0}, "datetime": {"datetime": "2024-01-19 01:40:03", "elapsed": 5284.220893, "delta": 0.005704}}
{"target": -17.677227325901296, "params": {"gamma": 881.1647346408749, "log10_alpha": -0.7107730000625816, "log10_colsample_bytree": -0.22950891977451304, "log10_eta": -3.9789913477283543, "log10_lambda": -3.11373858778804, "log10_min_child_weight": 3.673432480814793, "log10_subsample": -0.8213183695516776, "max_depth": 8.0, "num_boost_round": 13.0}, "datetime": {"datetime": "2024-01-19 01:40:03", "elapsed": 5284.227627, "delta": 0.006734}}
{"target": -17.677226891574186, "params": {"gamma": 881.1647346408749, "log10_alpha": -0.7107730000625816, "log10_colsample_bytree": -0.22950891977451304, "log10_eta": -3.9789913477283543, "log10_lambda": -3.11373858778804, "log10_min_child_weight": 3.673432480814793, "log10_subsample": -0.8213183695516776, "max_depth": 8.0, "num_boost_round": 14.0}, "datetime": {"datetime": "2024-01-19 01:40:03", "elapsed": 5284.233161, "delta": 0.005534}}
{"target": -17.677224481864325, "params": {"gamma": 881.1647346408749, "log10_alpha": -0.7107730000625816, "log10_colsample_bytree": -0.22950891977451304, "log10_eta": -3.9789913477283543, "log10_lambda": -3.11373858778804, "log10_min_child_weight": 3.673432480814793, "log10_subsample": -0.8213183695516776, "max_depth": 8.0, "num_boost_round": 15.0}, "datetime": {"datetime": "2024-01-19 01:40:03", "elapsed": 5284.238401, "delta": 0.00524}}
{"target": -17.67722378068218, "params": {"gamma": 881.1647346408749, "log10_alpha": -0.7107730000625816, "log10_colsample_bytree": -0.22950891977451304, "log10_eta": -3.9789913477283543, "log10_lambda": -3.11373858778804, "log10_min_child_weight": 3.673432480814793, "log10_subsample": -0.8213183695516776, "max_depth": 8.0, "num_boost_round": 16.0}, "datetime": {"datetime": "2024-01-19 01:40:03", "elapsed": 5284.243867, "delta": 0.005466}}
{"target": -17.677222999318776, "params": {"gamma": 881.1647346408749, "log10_alpha": -0.7107730000625816, "log10_colsample_bytree": -0.22950891977451304, "log10_eta": -3.9789913477283543, "log10_lambda": -3.11373858778804, "log10_min_child_weight": 3.673432480814793, "log10_subsample": -0.8213183695516776, "max_depth": 8.0, "num_boost_round": 17.0}, "datetime": {"datetime": "2024-01-19 01:40:03", "elapsed": 5284.249032, "delta": 0.005165}}
{"target": -17.67722249648646, "params": {"gamma": 881.1647346408749, "log10_alpha": -0.7107730000625816, "log10_colsample_bytree": -0.22950891977451304, "log10_eta": -3.9789913477283543, "log10_lambda": -3.11373858778804, "log10_min_child_weight": 3.673432480814793, "log10_subsample": -0.8213183695516776, "max_depth": 8.0, "num_boost_round": 18.0}, "datetime": {"datetime": "2024-01-19 01:40:03", "elapsed": 5284.254212, "delta": 0.00518}}
{"target": -17.67722015000262, "params": {"gamma": 881.1647346408749, "log10_alpha": -0.7107730000625816, "log10_colsample_bytree": -0.22950891977451304, "log10_eta": -3.9789913477283543, "log10_lambda": -3.11373858778804, "log10_min_child_weight": 3.673432480814793, "log10_subsample": -0.8213183695516776, "max_depth": 8.0, "num_boost_round": 19.0}, "datetime": {"datetime": "2024-01-19 01:40:03", "elapsed": 5284.259394, "delta": 0.005182}}
{"target": -17.677230367639268, "params": {"gamma": 862.4782267579078, "log10_alpha": 0.20401063442236556, "log10_colsample_bytree": -0.03315300634588925, "log10_eta": -3.2234848665207387, "log10_lambda": -1.0523178986225723, "log10_min_child_weight": 3.987245449118395, "log10_subsample": -0.8505273602717409, "max_depth": 2.0, "num_boost_round": 0.0}, "datetime": {"datetime": "2024-01-19 01:41:09", "elapsed": 5349.773795, "delta": 65.514401}}
{"target": -17.67722850721152, "params": {"gamma": 862.4782267579078, "log10_alpha": 0.20401063442236556, "log10_colsample_bytree": -0.03315300634588925, "log10_eta": -3.2234848665207387, "log10_lambda": -1.0523178986225723, "log10_min_child_weight": 3.987245449118395, "log10_subsample": -0.8505273602717409, "max_depth": 2.0, "num_boost_round": 1.0}, "datetime": {"datetime": "2024-01-19 01:41:09", "elapsed": 5349.779677, "delta": 0.005882}}
{"target": -17.677224279365685, "params": {"gamma": 862.4782267579078, "log10_alpha": 0.20401063442236556, "log10_colsample_bytree": -0.03315300634588925, "log10_eta": -3.2234848665207387, "log10_lambda": -1.0523178986225723, "log10_min_child_weight": 3.987245449118395, "log10_subsample": -0.8505273602717409, "max_depth": 2.0, "num_boost_round": 2.0}, "datetime": {"datetime": "2024-01-19 01:41:09", "elapsed": 5349.785358, "delta": 0.005681}}
{"target": -17.67722028576136, "params": {"gamma": 862.4782267579078, "log10_alpha": 0.20401063442236556, "log10_colsample_bytree": -0.03315300634588925, "log10_eta": -3.2234848665207387, "log10_lambda": -1.0523178986225723, "log10_min_child_weight": 3.987245449118395, "log10_subsample": -0.8505273602717409, "max_depth": 2.0, "num_boost_round": 3.0}, "datetime": {"datetime": "2024-01-19 01:41:09", "elapsed": 5349.790697, "delta": 0.005339}}
{"target": -17.67721669944696, "params": {"gamma": 862.4782267579078, "log10_alpha": 0.20401063442236556, "log10_colsample_bytree": -0.03315300634588925, "log10_eta": -3.2234848665207387, "log10_lambda": -1.0523178986225723, "log10_min_child_weight": 3.987245449118395, "log10_subsample": -0.8505273602717409, "max_depth": 2.0, "num_boost_round": 4.0}, "datetime": {"datetime": "2024-01-19 01:41:09", "elapsed": 5349.796106, "delta": 0.005409}}
{"target": -17.67721210889381, "params": {"gamma": 862.4782267579078, "log10_alpha": 0.20401063442236556, "log10_colsample_bytree": -0.03315300634588925, "log10_eta": -3.2234848665207387, "log10_lambda": -1.0523178986225723, "log10_min_child_weight": 3.987245449118395, "log10_subsample": -0.8505273602717409, "max_depth": 2.0, "num_boost_round": 5.0}, "datetime": {"datetime": "2024-01-19 01:41:09", "elapsed": 5349.801438, "delta": 0.005332}}
{"target": -17.67720849803809, "params": {"gamma": 862.4782267579078, "log10_alpha": 0.20401063442236556, "log10_colsample_bytree": -0.03315300634588925, "log10_eta": -3.2234848665207387, "log10_lambda": -1.0523178986225723, "log10_min_child_weight": 3.987245449118395, "log10_subsample": -0.8505273602717409, "max_depth": 2.0, "num_boost_round": 6.0}, "datetime": {"datetime": "2024-01-19 01:41:09", "elapsed": 5349.806783, "delta": 0.005345}}
{"target": -17.677205540076997, "params": {"gamma": 862.4782267579078, "log10_alpha": 0.20401063442236556, "log10_colsample_bytree": -0.03315300634588925, "log10_eta": -3.2234848665207387, "log10_lambda": -1.0523178986225723, "log10_min_child_weight": 3.987245449118395, "log10_subsample": -0.8505273602717409, "max_depth": 2.0, "num_boost_round": 7.0}, "datetime": {"datetime": "2024-01-19 01:41:09", "elapsed": 5349.812278, "delta": 0.005495}}
