{"target": -13.758526208296075, "params": {"gamma": 975.9929230106493, "log10_alpha": -4.3837831236034885, "log10_colsample_bytree": -0.9970179997009306, "log10_eta": -4.0, "log10_lambda": 0.8228693334009896, "log10_min_child_weight": 1.8370861898023136, "log10_subsample": -0.19919159728731217, "max_depth": 2.0, "num_boost_round": 20.0}, "datetime": {"datetime": "2024-01-19 00:43:59", "elapsed": 1940.15568, "delta": 0.002684}}
{"target": -13.758524699270822, "params": {"gamma": 975.9929230106493, "log10_alpha": -4.3837831236034885, "log10_colsample_bytree": -0.9970179997009306, "log10_eta": -4.0, "log10_lambda": 0.8228693334009896, "log10_min_child_weight": 1.8370861898023136, "log10_subsample": -0.19919159728731217, "max_depth": 2.0, "num_boost_round": 21.0}, "datetime": {"datetime": "2024-01-19 00:43:59", "elapsed": 1940.158345, "delta": 0.002665}}
{"target": -13.75852410729062, "params": {"gamma": 975.9929230106493, "log10_alpha": -4.3837831236034885, "log10_colsample_bytree": -0.9970179997009306, "log10_eta": -4.0, "log10_lambda": 0.8228693334009896, "log10_min_child_weight": 1.8370861898023136, "log10_subsample": -0.19919159728731217, "max_depth": 2.0, "num_boost_round": 22.0}, "datetime": {"datetime": "2024-01-19 00:43:59", "elapsed": 1940.161027, "delta": 0.002682}}
{"target": -13.758522242963505, "params": {"gamma": 975.9929230106493, "log10_alpha": -4.3837831236034885, "log10_colsample_bytree": -0.9970179997009306, "log10_eta": -4.0, "log10_lambda": 0.8228693334009896, "log10_min_child_weight": 1.8370861898023136, "log10_subsample": -0.19919159728731217, "max_depth": 2.0, "num_boost_round": 23.0}, "datetime": {"datetime": "2024-01-19 00:43:59", "elapsed": 1940.163723, "delta": 0.002696}}
{"target": -13.758522419053424, "params": {"gamma": 975.9929230106493, "log10_alpha": -4.3837831236034885, "log10_colsample_bytree": -0.9970179997009306, "log10_eta": -4.0, "log10_lambda": 0.8228693334009896, "log10_min_child_weight": 1.8370861898023136, "log10_subsample": -0.19919159728731217, "max_depth": 2.0, "num_boost_round": 24.0}, "datetime": {"datetime": "2024-01-19 00:43:59", "elapsed": 1940.166428, "delta": 0.002705}}
{"target": -13.758520819353533, "params": {"gamma": 975.9929230106493, "log10_alpha": -4.3837831236034885, "log10_colsample_bytree": -0.9970179997009306, "log10_eta": -4.0, "log10_lambda": 0.8228693334009896, "log10_min_child_weight": 1.8370861898023136, "log10_subsample": -0.19919159728731217, "max_depth": 2.0, "num_boost_round": 25.0}, "datetime": {"datetime": "2024-01-19 00:43:59", "elapsed": 1940.169109, "delta": 0.002681}}
{"target": -13.758520160399385, "params": {"gamma": 975.9929230106493, "log10_alpha": -4.3837831236034885, "log10_colsample_bytree": -0.9970179997009306, "log10_eta": -4.0, "log10_lambda": 0.8228693334009896, "log10_min_child_weight": 1.8370861898023136, "log10_subsample": -0.19919159728731217, "max_depth": 2.0, "num_boost_round": 26.0}, "datetime": {"datetime": "2024-01-19 00:43:59", "elapsed": 1940.171811, "delta": 0.002702}}
{"target": -13.758519209682564, "params": {"gamma": 975.9929230106493, "log10_alpha": -4.3837831236034885, "log10_colsample_bytree": -0.9970179997009306, "log10_eta": -4.0, "log10_lambda": 0.8228693334009896, "log10_min_child_weight": 1.8370861898023136, "log10_subsample": -0.19919159728731217, "max_depth": 2.0, "num_boost_round": 27.0}, "datetime": {"datetime": "2024-01-19 00:43:59", "elapsed": 1940.174541, "delta": 0.00273}}
{"target": -13.7585190498319, "params": {"gamma": 975.9929230106493, "log10_alpha": -4.3837831236034885, "log10_colsample_bytree": -0.9970179997009306, "log10_eta": -4.0, "log10_lambda": 0.8228693334009896, "log10_min_child_weight": 1.8370861898023136, "log10_subsample": -0.19919159728731217, "max_depth": 2.0, "num_boost_round": 28.0}, "datetime": {"datetime": "2024-01-19 00:43:59", "elapsed": 1940.17725, "delta": 0.002709}}
{"target": -13.758518764214896, "params": {"gamma": 975.9929230106493, "log10_alpha": -4.3837831236034885, "log10_colsample_bytree": -0.9970179997009306, "log10_eta": -4.0, "log10_lambda": 0.8228693334009896, "log10_min_child_weight": 1.8370861898023136, "log10_subsample": -0.19919159728731217, "max_depth": 2.0, "num_boost_round": 29.0}, "datetime": {"datetime": "2024-01-19 00:43:59", "elapsed": 1940.179999, "delta": 0.002749}}
{"target": -13.758517070122096, "params": {"gamma": 975.9929230106493, "log10_alpha": -4.3837831236034885, "log10_colsample_bytree": -0.9970179997009306, "log10_eta": -4.0, "log10_lambda": 0.8228693334009896, "log10_min_child_weight": 1.8370861898023136, "log10_subsample": -0.19919159728731217, "max_depth": 2.0, "num_boost_round": 30.0}, "datetime": {"datetime": "2024-01-19 00:43:59", "elapsed": 1940.182723, "delta": 0.002724}}
{"target": -13.758515179507908, "params": {"gamma": 975.9929230106493, "log10_alpha": -4.3837831236034885, "log10_colsample_bytree": -0.9970179997009306, "log10_eta": -4.0, "log10_lambda": 0.8228693334009896, "log10_min_child_weight": 1.8370861898023136, "log10_subsample": -0.19919159728731217, "max_depth": 2.0, "num_boost_round": 31.0}, "datetime": {"datetime": "2024-01-19 00:43:59", "elapsed": 1940.185433, "delta": 0.00271}}
{"target": -13.758513721409203, "params": {"gamma": 975.9929230106493, "log10_alpha": -4.3837831236034885, "log10_colsample_bytree": -0.9970179997009306, "log10_eta": -4.0, "log10_lambda": 0.8228693334009896, "log10_min_child_weight": 1.8370861898023136, "log10_subsample": -0.19919159728731217, "max_depth": 2.0, "num_boost_round": 32.0}, "datetime": {"datetime": "2024-01-19 00:43:59", "elapsed": 1940.188166, "delta": 0.002733}}
{"target": -13.758513886259312, "params": {"gamma": 975.9929230106493, "log10_alpha": -4.3837831236034885, "log10_colsample_bytree": -0.9970179997009306, "log10_eta": -4.0, "log10_lambda": 0.8228693334009896, "log10_min_child_weight": 1.8370861898023136, "log10_subsample": -0.19919159728731217, "max_depth": 2.0, "num_boost_round": 33.0}, "datetime": {"datetime": "2024-01-19 00:43:59", "elapsed": 1940.190865, "delta": 0.002699}}
{"target": -13.758512588718565, "params": {"gamma": 975.9929230106493, "log10_alpha": -4.3837831236034885, "log10_colsample_bytree": -0.9970179997009306, "log10_eta": -4.0, "log10_lambda": 0.8228693334009896, "log10_min_child_weight": 1.8370861898023136, "log10_subsample": -0.19919159728731217, "max_depth": 2.0, "num_boost_round": 34.0}, "datetime": {"datetime": "2024-01-19 00:43:59", "elapsed": 1940.193614, "delta": 0.002749}}
{"target": -13.75851202546193, "params": {"gamma": 975.9929230106493, "log10_alpha": -4.3837831236034885, "log10_colsample_bytree": -0.9970179997009306, "log10_eta": -4.0, "log10_lambda": 0.8228693334009896, "log10_min_child_weight": 1.8370861898023136, "log10_subsample": -0.19919159728731217, "max_depth": 2.0, "num_boost_round": 35.0}, "datetime": {"datetime": "2024-01-19 00:43:59", "elapsed": 1940.196327, "delta": 0.002713}}
{"target": -13.75851172073794, "params": {"gamma": 975.9929230106493, "log10_alpha": -4.3837831236034885, "log10_colsample_bytree": -0.9970179997009306, "log10_eta": -4.0, "log10_lambda": 0.8228693334009896, "log10_min_child_weight": 1.8370861898023136, "log10_subsample": -0.19919159728731217, "max_depth": 2.0, "num_boost_round": 36.0}, "datetime": {"datetime": "2024-01-19 00:43:59", "elapsed": 1940.199075, "delta": 0.002748}}
{"target": -13.758511741454363, "params": {"gamma": 975.9929230106493, "log10_alpha": -4.3837831236034885, "log10_colsample_bytree": -0.9970179997009306, "log10_eta": -4.0, "log10_lambda": 0.8228693334009896, "log10_min_child_weight": 1.8370861898023136, "log10_subsample": -0.19919159728731217, "max_depth": 2.0, "num_boost_round": 37.0}, "datetime": {"datetime": "2024-01-19 00:43:59", "elapsed": 1940.201803, "delta": 0.002728}}
{"target": -13.758511365897355, "params": {"gamma": 975.9929230106493, "log10_alpha": -4.3837831236034885, "log10_colsample_bytree": -0.9970179997009306, "log10_eta": -4.0, "log10_lambda": 0.8228693334009896, "log10_min_child_weight": 1.8370861898023136, "log10_subsample": -0.19919159728731217, "max_depth": 2.0, "num_boost_round": 38.0}, "datetime": {"datetime": "2024-01-19 00:43:59", "elapsed": 1940.204505, "delta": 0.002702}}
{"target": -13.758510872686207, "params": {"gamma": 975.9929230106493, "log10_alpha": -4.3837831236034885, "log10_colsample_bytree": -0.9970179997009306, "log10_eta": -4.0, "log10_lambda": 0.8228693334009896, "log10_min_child_weight": 1.8370861898023136, "log10_subsample": -0.19919159728731217, "max_depth": 2.0, "num_boost_round": 39.0}, "datetime": {"datetime": "2024-01-19 00:43:59", "elapsed": 1940.20721, "delta": 0.002705}}
{"target": -13.758510212885351, "params": {"gamma": 975.9929230106493, "log10_alpha": -4.3837831236034885, "log10_colsample_bytree": -0.9970179997009306, "log10_eta": -4.0, "log10_lambda": 0.8228693334009896, "log10_min_child_weight": 1.8370861898023136, "log10_subsample": -0.19919159728731217, "max_depth": 2.0, "num_boost_round": 40.0}, "datetime": {"datetime": "2024-01-19 00:43:59", "elapsed": 1940.209922, "delta": 0.002712}}
{"target": -13.758509312380943, "params": {"gamma": 975.9929230106493, "log10_alpha": -4.3837831236034885, "log10_colsample_bytree": -0.9970179997009306, "log10_eta": -4.0, "log10_lambda": 0.8228693334009896, "log10_min_child_weight": 1.8370861898023136, "log10_subsample": -0.19919159728731217, "max_depth": 2.0, "num_boost_round": 41.0}, "datetime": {"datetime": "2024-01-19 00:43:59", "elapsed": 1940.212715, "delta": 0.002793}}
{"target": -13.75850806456906, "params": {"gamma": 975.9929230106493, "log10_alpha": -4.3837831236034885, "log10_colsample_bytree": -0.9970179997009306, "log10_eta": -4.0, "log10_lambda": 0.8228693334009896, "log10_min_child_weight": 1.8370861898023136, "log10_subsample": -0.19919159728731217, "max_depth": 2.0, "num_boost_round": 42.0}, "datetime": {"datetime": "2024-01-19 00:43:59", "elapsed": 1940.21543, "delta": 0.002715}}
{"target": -13.75850676210875, "params": {"gamma": 975.9929230106493, "log10_alpha": -4.3837831236034885, "log10_colsample_bytree": -0.9970179997009306, "log10_eta": -4.0, "log10_lambda": 0.8228693334009896, "log10_min_child_weight": 1.8370861898023136, "log10_subsample": -0.19919159728731217, "max_depth": 2.0, "num_boost_round": 43.0}, "datetime": {"datetime": "2024-01-19 00:43:59", "elapsed": 1940.218131, "delta": 0.002701}}
{"target": -13.758506030786435, "params": {"gamma": 975.9929230106493, "log10_alpha": -4.3837831236034885, "log10_colsample_bytree": -0.9970179997009306, "log10_eta": -4.0, "log10_lambda": 0.8228693334009896, "log10_min_child_weight": 1.8370861898023136, "log10_subsample": -0.19919159728731217, "max_depth": 2.0, "num_boost_round": 44.0}, "datetime": {"datetime": "2024-01-19 00:43:59", "elapsed": 1940.220842, "delta": 0.002711}}
{"target": -13.758535898017817, "params": {"gamma": 986.9809111953273, "log10_alpha": 1.0, "log10_colsample_bytree": -1.0, "log10_eta": -4.0, "log10_lambda": -3.4921158805169186, "log10_min_child_weight": 1.5990684540157647, "log10_subsample": 0.0, "max_depth": 3.0, "num_boost_round": 0.0}, "datetime": {"datetime": "2024-01-19 00:44:29", "elapsed": 1970.292698, "delta": 30.071856}}
{"target": -13.758535126047876, "params": {"gamma": 986.9809111953273, "log10_alpha": 1.0, "log10_colsample_bytree": -1.0, "log10_eta": -4.0, "log10_lambda": -3.4921158805169186, "log10_min_child_weight": 1.5990684540157647, "log10_subsample": 0.0, "max_depth": 3.0, "num_boost_round": 1.0}, "datetime": {"datetime": "2024-01-19 00:44:29", "elapsed": 1970.295811, "delta": 0.003113}}
{"target": -13.75853549994955, "params": {"gamma": 986.9809111953273, "log10_alpha": 1.0, "log10_colsample_bytree": -1.0, "log10_eta": -4.0, "log10_lambda": -3.4921158805169186, "log10_min_child_weight": 1.5990684540157647, "log10_subsample": 0.0, "max_depth": 3.0, "num_boost_round": 2.0}, "datetime": {"datetime": "2024-01-19 00:44:29", "elapsed": 1970.299053, "delta": 0.003242}}
{"target": -13.7585357866819, "params": {"gamma": 986.9809111953273, "log10_alpha": 1.0, "log10_colsample_bytree": -1.0, "log10_eta": -4.0, "log10_lambda": -3.4921158805169186, "log10_min_child_weight": 1.5990684540157647, "log10_subsample": 0.0, "max_depth": 3.0, "num_boost_round": 3.0}, "datetime": {"datetime": "2024-01-19 00:44:29", "elapsed": 1970.301824, "delta": 0.002771}}
{"target": -13.758534749727517, "params": {"gamma": 986.9809111953273, "log10_alpha": 1.0, "log10_colsample_bytree": -1.0, "log10_eta": -4.0, "log10_lambda": -3.4921158805169186, "log10_min_child_weight": 1.5990684540157647, "log10_subsample": 0.0, "max_depth": 3.0, "num_boost_round": 4.0}, "datetime": {"datetime": "2024-01-19 00:44:29", "elapsed": 1970.304871, "delta": 0.003047}}
{"target": -13.758533978256338, "params": {"gamma": 986.9809111953273, "log10_alpha": 1.0, "log10_colsample_bytree": -1.0, "log10_eta": -4.0, "log10_lambda": -3.4921158805169186, "log10_min_child_weight": 1.5990684540157647, "log10_subsample": 0.0, "max_depth": 3.0, "num_boost_round": 5.0}, "datetime": {"datetime": "2024-01-19 00:44:29", "elapsed": 1970.307782, "delta": 0.002911}}
{"target": -13.758534007998756, "params": {"gamma": 986.9809111953273, "log10_alpha": 1.0, "log10_colsample_bytree": -1.0, "log10_eta": -4.0, "log10_lambda": -3.4921158805169186, "log10_min_child_weight": 1.5990684540157647, "log10_subsample": 0.0, "max_depth": 3.0, "num_boost_round": 6.0}, "datetime": {"datetime": "2024-01-19 00:44:29", "elapsed": 1970.310628, "delta": 0.002846}}
{"target": -13.758532600226282, "params": {"gamma": 986.9809111953273, "log10_alpha": 1.0, "log10_colsample_bytree": -1.0, "log10_eta": -4.0, "log10_lambda": -3.4921158805169186, "log10_min_child_weight": 1.5990684540157647, "log10_subsample": 0.0, "max_depth": 3.0, "num_boost_round": 7.0}, "datetime": {"datetime": "2024-01-19 00:44:29", "elapsed": 1970.313404, "delta": 0.002776}}
{"target": -13.758533372182224, "params": {"gamma": 986.9809111953273, "log10_alpha": 1.0, "log10_colsample_bytree": -1.0, "log10_eta": -4.0, "log10_lambda": -3.4921158805169186, "log10_min_child_weight": 1.5990684540157647, "log10_subsample": 0.0, "max_depth": 3.0, "num_boost_round": 8.0}, "datetime": {"datetime": "2024-01-19 00:44:29", "elapsed": 1970.316194, "delta": 0.00279}}
{"target": -13.75853281107528, "params": {"gamma": 986.9809111953273, "log10_alpha": 1.0, "log10_colsample_bytree": -1.0, "log10_eta": -4.0, "log10_lambda": -3.4921158805169186, "log10_min_child_weight": 1.5990684540157647, "log10_subsample": 0.0, "max_depth": 3.0, "num_boost_round": 9.0}, "datetime": {"datetime": "2024-01-19 00:44:29", "elapsed": 1970.31889, "delta": 0.002696}}
{"target": -13.758531428528608, "params": {"gamma": 986.9809111953273, "log10_alpha": 1.0, "log10_colsample_bytree": -1.0, "log10_eta": -4.0, "log10_lambda": -3.4921158805169186, "log10_min_child_weight": 1.5990684540157647, "log10_subsample": 0.0, "max_depth": 3.0, "num_boost_round": 10.0}, "datetime": {"datetime": "2024-01-19 00:44:29", "elapsed": 1970.321781, "delta": 0.002891}}
{"target": -13.758530588368744, "params": {"gamma": 986.9809111953273, "log10_alpha": 1.0, "log10_colsample_bytree": -1.0, "log10_eta": -4.0, "log10_lambda": -3.4921158805169186, "log10_min_child_weight": 1.5990684540157647, "log10_subsample": 0.0, "max_depth": 3.0, "num_boost_round": 11.0}, "datetime": {"datetime": "2024-01-19 00:44:29", "elapsed": 1970.324458, "delta": 0.002677}}
{"target": -13.758529574339027, "params": {"gamma": 986.9809111953273, "log10_alpha": 1.0, "log10_colsample_bytree": -1.0, "log10_eta": -4.0, "log10_lambda": -3.4921158805169186, "log10_min_child_weight": 1.5990684540157647, "log10_subsample": 0.0, "max_depth": 3.0, "num_boost_round": 12.0}, "datetime": {"datetime": "2024-01-19 00:44:29", "elapsed": 1970.327221, "delta": 0.002763}}
{"target": -13.758528373816649, "params": {"gamma": 986.9809111953273, "log10_alpha": 1.0, "log10_colsample_bytree": -1.0, "log10_eta": -4.0, "log10_lambda": -3.4921158805169186, "log10_min_child_weight": 1.5990684540157647, "log10_subsample": 0.0, "max_depth": 3.0, "num_boost_round": 13.0}, "datetime": {"datetime": "2024-01-19 00:44:29", "elapsed": 1970.33001, "delta": 0.002789}}
{"target": -13.758527906035976, "params": {"gamma": 986.9809111953273, "log10_alpha": 1.0, "log10_colsample_bytree": -1.0, "log10_eta": -4.0, "log10_lambda": -3.4921158805169186, "log10_min_child_weight": 1.5990684540157647, "log10_subsample": 0.0, "max_depth": 3.0, "num_boost_round": 14.0}, "datetime": {"datetime": "2024-01-19 00:44:29", "elapsed": 1970.332758, "delta": 0.002748}}
{"target": -13.758527191111487, "params": {"gamma": 986.9809111953273, "log10_alpha": 1.0, "log10_colsample_bytree": -1.0, "log10_eta": -4.0, "log10_lambda": -3.4921158805169186, "log10_min_child_weight": 1.5990684540157647, "log10_subsample": 0.0, "max_depth": 3.0, "num_boost_round": 15.0}, "datetime": {"datetime": "2024-01-19 00:44:29", "elapsed": 1970.335474, "delta": 0.002716}}
{"target": -13.758526258153637, "params": {"gamma": 986.9809111953273, "log10_alpha": 1.0, "log10_colsample_bytree": -1.0, "log10_eta": -4.0, "log10_lambda": -3.4921158805169186, "log10_min_child_weight": 1.5990684540157647, "log10_subsample": 0.0, "max_depth": 3.0, "num_boost_round": 16.0}, "datetime": {"datetime": "2024-01-19 00:44:29", "elapsed": 1970.338175, "delta": 0.002701}}
{"target": -13.75852535084013, "params": {"gamma": 986.9809111953273, "log10_alpha": 1.0, "log10_colsample_bytree": -1.0, "log10_eta": -4.0, "log10_lambda": -3.4921158805169186, "log10_min_child_weight": 1.5990684540157647, "log10_subsample": 0.0, "max_depth": 3.0, "num_boost_round": 17.0}, "datetime": {"datetime": "2024-01-19 00:44:29", "elapsed": 1970.340911, "delta": 0.002736}}
{"target": -13.841573783121616, "params": {"gamma": 943.1141359793005, "log10_alpha": -3.6079630502241473, "log10_colsample_bytree": -0.1462320617267362, "log10_eta": -0.3617128144019319, "log10_lambda": -3.1006330224254226, "log10_min_child_weight": 2.590990638573932, "log10_subsample": -0.24270012604181357, "max_depth": 7.0, "num_boost_round": 0.0}, "datetime": {"datetime": "2024-01-19 00:45:02", "elapsed": 2003.558401, "delta": 33.21749}}
{"target": -13.87451553991421, "params": {"gamma": 943.1141359793005, "log10_alpha": -3.6079630502241473, "log10_colsample_bytree": -0.1462320617267362, "log10_eta": -0.3617128144019319, "log10_lambda": -3.1006330224254226, "log10_min_child_weight": 2.590990638573932, "log10_subsample": -0.24270012604181357, "max_depth": 7.0, "num_boost_round": 1.0}, "datetime": {"datetime": "2024-01-19 00:45:02", "elapsed": 2003.561979, "delta": 0.003578}}
{"target": -13.890594158182509, "params": {"gamma": 943.1141359793005, "log10_alpha": -3.6079630502241473, "log10_colsample_bytree": -0.1462320617267362, "log10_eta": -0.3617128144019319, "log10_lambda": -3.1006330224254226, "log10_min_child_weight": 2.590990638573932, "log10_subsample": -0.24270012604181357, "max_depth": 7.0, "num_boost_round": 2.0}, "datetime": {"datetime": "2024-01-19 00:45:02", "elapsed": 2003.564818, "delta": 0.002839}}
{"target": -13.90985253181281, "params": {"gamma": 943.1141359793005, "log10_alpha": -3.6079630502241473, "log10_colsample_bytree": -0.1462320617267362, "log10_eta": -0.3617128144019319, "log10_lambda": -3.1006330224254226, "log10_min_child_weight": 2.590990638573932, "log10_subsample": -0.24270012604181357, "max_depth": 7.0, "num_boost_round": 3.0}, "datetime": {"datetime": "2024-01-19 00:45:02", "elapsed": 2003.567721, "delta": 0.002903}}
{"target": -13.999667197366962, "params": {"gamma": 943.1141359793005, "log10_alpha": -3.6079630502241473, "log10_colsample_bytree": -0.1462320617267362, "log10_eta": -0.3617128144019319, "log10_lambda": -3.1006330224254226, "log10_min_child_weight": 2.590990638573932, "log10_subsample": -0.24270012604181357, "max_depth": 7.0, "num_boost_round": 4.0}, "datetime": {"datetime": "2024-01-19 00:45:02", "elapsed": 2003.57045, "delta": 0.002729}}
{"target": -14.035533195116994, "params": {"gamma": 943.1141359793005, "log10_alpha": -3.6079630502241473, "log10_colsample_bytree": -0.1462320617267362, "log10_eta": -0.3617128144019319, "log10_lambda": -3.1006330224254226, "log10_min_child_weight": 2.590990638573932, "log10_subsample": -0.24270012604181357, "max_depth": 7.0, "num_boost_round": 5.0}, "datetime": {"datetime": "2024-01-19 00:45:02", "elapsed": 2003.573176, "delta": 0.002726}}
{"target": -14.052693842588624, "params": {"gamma": 943.1141359793005, "log10_alpha": -3.6079630502241473, "log10_colsample_bytree": -0.1462320617267362, "log10_eta": -0.3617128144019319, "log10_lambda": -3.1006330224254226, "log10_min_child_weight": 2.590990638573932, "log10_subsample": -0.24270012604181357, "max_depth": 7.0, "num_boost_round": 6.0}, "datetime": {"datetime": "2024-01-19 00:45:02", "elapsed": 2003.575931, "delta": 0.002755}}
{"target": -14.072533296225739, "params": {"gamma": 943.1141359793005, "log10_alpha": -3.6079630502241473, "log10_colsample_bytree": -0.1462320617267362, "log10_eta": -0.3617128144019319, "log10_lambda": -3.1006330224254226, "log10_min_child_weight": 2.590990638573932, "log10_subsample": -0.24270012604181357, "max_depth": 7.0, "num_boost_round": 7.0}, "datetime": {"datetime": "2024-01-19 00:45:02", "elapsed": 2003.578683, "delta": 0.002752}}
{"target": -14.089450871201008, "params": {"gamma": 943.1141359793005, "log10_alpha": -3.6079630502241473, "log10_colsample_bytree": -0.1462320617267362, "log10_eta": -0.3617128144019319, "log10_lambda": -3.1006330224254226, "log10_min_child_weight": 2.590990638573932, "log10_subsample": -0.24270012604181357, "max_depth": 7.0, "num_boost_round": 8.0}, "datetime": {"datetime": "2024-01-19 00:45:02", "elapsed": 2003.581406, "delta": 0.002723}}
