{"target": -13.760948835116055, "params": {"gamma": 731.4190614246965, "log10_alpha": -1.4947267227575138, "log10_colsample_bytree": -0.09396133307264021, "log10_eta": -1.9671706480586328, "log10_lambda": -2.3803612678983814, "log10_min_child_weight": 3.784571121086274, "log10_subsample": -0.8728689181200345, "max_depth": 2.0, "num_boost_round": 47.0}, "datetime": {"datetime": "2024-01-19 02:28:24", "elapsed": 8211.748264, "delta": 0.008667}}
{"target": -13.76092400959809, "params": {"gamma": 731.4190614246965, "log10_alpha": -1.4947267227575138, "log10_colsample_bytree": -0.09396133307264021, "log10_eta": -1.9671706480586328, "log10_lambda": -2.3803612678983814, "log10_min_child_weight": 3.784571121086274, "log10_subsample": -0.8728689181200345, "max_depth": 2.0, "num_boost_round": 48.0}, "datetime": {"datetime": "2024-01-19 02:28:24", "elapsed": 8211.756414, "delta": 0.00815}}
{"target": -13.760961454281842, "params": {"gamma": 731.4190614246965, "log10_alpha": -1.4947267227575138, "log10_colsample_bytree": -0.09396133307264021, "log10_eta": -1.9671706480586328, "log10_lambda": -2.3803612678983814, "log10_min_child_weight": 3.784571121086274, "log10_subsample": -0.8728689181200345, "max_depth": 2.0, "num_boost_round": 49.0}, "datetime": {"datetime": "2024-01-19 02:28:24", "elapsed": 8211.763999, "delta": 0.007585}}
{"target": -13.761122032291702, "params": {"gamma": 731.4190614246965, "log10_alpha": -1.4947267227575138, "log10_colsample_bytree": -0.09396133307264021, "log10_eta": -1.9671706480586328, "log10_lambda": -2.3803612678983814, "log10_min_child_weight": 3.784571121086274, "log10_subsample": -0.8728689181200345, "max_depth": 2.0, "num_boost_round": 50.0}, "datetime": {"datetime": "2024-01-19 02:28:24", "elapsed": 8211.771215, "delta": 0.007216}}
{"target": -13.76119759496148, "params": {"gamma": 731.4190614246965, "log10_alpha": -1.4947267227575138, "log10_colsample_bytree": -0.09396133307264021, "log10_eta": -1.9671706480586328, "log10_lambda": -2.3803612678983814, "log10_min_child_weight": 3.784571121086274, "log10_subsample": -0.8728689181200345, "max_depth": 2.0, "num_boost_round": 51.0}, "datetime": {"datetime": "2024-01-19 02:28:24", "elapsed": 8211.778373, "delta": 0.007158}}
{"target": -13.761330667306124, "params": {"gamma": 731.4190614246965, "log10_alpha": -1.4947267227575138, "log10_colsample_bytree": -0.09396133307264021, "log10_eta": -1.9671706480586328, "log10_lambda": -2.3803612678983814, "log10_min_child_weight": 3.784571121086274, "log10_subsample": -0.8728689181200345, "max_depth": 2.0, "num_boost_round": 52.0}, "datetime": {"datetime": "2024-01-19 02:28:24", "elapsed": 8211.785454, "delta": 0.007081}}
{"target": -13.761352383023445, "params": {"gamma": 731.4190614246965, "log10_alpha": -1.4947267227575138, "log10_colsample_bytree": -0.09396133307264021, "log10_eta": -1.9671706480586328, "log10_lambda": -2.3803612678983814, "log10_min_child_weight": 3.784571121086274, "log10_subsample": -0.8728689181200345, "max_depth": 2.0, "num_boost_round": 53.0}, "datetime": {"datetime": "2024-01-19 02:28:24", "elapsed": 8211.792881, "delta": 0.007427}}
{"target": -13.761422446910116, "params": {"gamma": 731.4190614246965, "log10_alpha": -1.4947267227575138, "log10_colsample_bytree": -0.09396133307264021, "log10_eta": -1.9671706480586328, "log10_lambda": -2.3803612678983814, "log10_min_child_weight": 3.784571121086274, "log10_subsample": -0.8728689181200345, "max_depth": 2.0, "num_boost_round": 54.0}, "datetime": {"datetime": "2024-01-19 02:28:24", "elapsed": 8211.800908, "delta": 0.008027}}
{"target": -13.761542202768, "params": {"gamma": 731.4190614246965, "log10_alpha": -1.4947267227575138, "log10_colsample_bytree": -0.09396133307264021, "log10_eta": -1.9671706480586328, "log10_lambda": -2.3803612678983814, "log10_min_child_weight": 3.784571121086274, "log10_subsample": -0.8728689181200345, "max_depth": 2.0, "num_boost_round": 55.0}, "datetime": {"datetime": "2024-01-19 02:28:24", "elapsed": 8211.813407, "delta": 0.012499}}
{"target": -13.761603304530336, "params": {"gamma": 731.4190614246965, "log10_alpha": -1.4947267227575138, "log10_colsample_bytree": -0.09396133307264021, "log10_eta": -1.9671706480586328, "log10_lambda": -2.3803612678983814, "log10_min_child_weight": 3.784571121086274, "log10_subsample": -0.8728689181200345, "max_depth": 2.0, "num_boost_round": 56.0}, "datetime": {"datetime": "2024-01-19 02:28:24", "elapsed": 8211.821293, "delta": 0.007886}}
{"target": -13.76174894176444, "params": {"gamma": 731.4190614246965, "log10_alpha": -1.4947267227575138, "log10_colsample_bytree": -0.09396133307264021, "log10_eta": -1.9671706480586328, "log10_lambda": -2.3803612678983814, "log10_min_child_weight": 3.784571121086274, "log10_subsample": -0.8728689181200345, "max_depth": 2.0, "num_boost_round": 57.0}, "datetime": {"datetime": "2024-01-19 02:28:24", "elapsed": 8211.828918, "delta": 0.007625}}
{"target": -13.761788055039593, "params": {"gamma": 731.4190614246965, "log10_alpha": -1.4947267227575138, "log10_colsample_bytree": -0.09396133307264021, "log10_eta": -1.9671706480586328, "log10_lambda": -2.3803612678983814, "log10_min_child_weight": 3.784571121086274, "log10_subsample": -0.8728689181200345, "max_depth": 2.0, "num_boost_round": 58.0}, "datetime": {"datetime": "2024-01-19 02:28:24", "elapsed": 8211.836842, "delta": 0.007924}}
{"target": -13.761934118336558, "params": {"gamma": 731.4190614246965, "log10_alpha": -1.4947267227575138, "log10_colsample_bytree": -0.09396133307264021, "log10_eta": -1.9671706480586328, "log10_lambda": -2.3803612678983814, "log10_min_child_weight": 3.784571121086274, "log10_subsample": -0.8728689181200345, "max_depth": 2.0, "num_boost_round": 59.0}, "datetime": {"datetime": "2024-01-19 02:28:24", "elapsed": 8211.844679, "delta": 0.007837}}
{"target": -13.761919858564498, "params": {"gamma": 731.4190614246965, "log10_alpha": -1.4947267227575138, "log10_colsample_bytree": -0.09396133307264021, "log10_eta": -1.9671706480586328, "log10_lambda": -2.3803612678983814, "log10_min_child_weight": 3.784571121086274, "log10_subsample": -0.8728689181200345, "max_depth": 2.0, "num_boost_round": 60.0}, "datetime": {"datetime": "2024-01-19 02:28:24", "elapsed": 8211.85234, "delta": 0.007661}}
{"target": -13.762092086591666, "params": {"gamma": 731.4190614246965, "log10_alpha": -1.4947267227575138, "log10_colsample_bytree": -0.09396133307264021, "log10_eta": -1.9671706480586328, "log10_lambda": -2.3803612678983814, "log10_min_child_weight": 3.784571121086274, "log10_subsample": -0.8728689181200345, "max_depth": 2.0, "num_boost_round": 61.0}, "datetime": {"datetime": "2024-01-19 02:28:24", "elapsed": 8211.861146, "delta": 0.008806}}
{"target": -13.762302589548481, "params": {"gamma": 731.4190614246965, "log10_alpha": -1.4947267227575138, "log10_colsample_bytree": -0.09396133307264021, "log10_eta": -1.9671706480586328, "log10_lambda": -2.3803612678983814, "log10_min_child_weight": 3.784571121086274, "log10_subsample": -0.8728689181200345, "max_depth": 2.0, "num_boost_round": 62.0}, "datetime": {"datetime": "2024-01-19 02:28:24", "elapsed": 8211.869153, "delta": 0.008007}}
{"target": -13.762429233711535, "params": {"gamma": 731.4190614246965, "log10_alpha": -1.4947267227575138, "log10_colsample_bytree": -0.09396133307264021, "log10_eta": -1.9671706480586328, "log10_lambda": -2.3803612678983814, "log10_min_child_weight": 3.784571121086274, "log10_subsample": -0.8728689181200345, "max_depth": 2.0, "num_boost_round": 63.0}, "datetime": {"datetime": "2024-01-19 02:28:24", "elapsed": 8211.877077, "delta": 0.007924}}
{"target": -13.762447368214216, "params": {"gamma": 731.4190614246965, "log10_alpha": -1.4947267227575138, "log10_colsample_bytree": -0.09396133307264021, "log10_eta": -1.9671706480586328, "log10_lambda": -2.3803612678983814, "log10_min_child_weight": 3.784571121086274, "log10_subsample": -0.8728689181200345, "max_depth": 2.0, "num_boost_round": 64.0}, "datetime": {"datetime": "2024-01-19 02:28:24", "elapsed": 8211.884813, "delta": 0.007736}}
{"target": -13.762398350087132, "params": {"gamma": 731.4190614246965, "log10_alpha": -1.4947267227575138, "log10_colsample_bytree": -0.09396133307264021, "log10_eta": -1.9671706480586328, "log10_lambda": -2.3803612678983814, "log10_min_child_weight": 3.784571121086274, "log10_subsample": -0.8728689181200345, "max_depth": 2.0, "num_boost_round": 65.0}, "datetime": {"datetime": "2024-01-19 02:28:24", "elapsed": 8211.892466, "delta": 0.007653}}
{"target": -13.762486514901168, "params": {"gamma": 731.4190614246965, "log10_alpha": -1.4947267227575138, "log10_colsample_bytree": -0.09396133307264021, "log10_eta": -1.9671706480586328, "log10_lambda": -2.3803612678983814, "log10_min_child_weight": 3.784571121086274, "log10_subsample": -0.8728689181200345, "max_depth": 2.0, "num_boost_round": 66.0}, "datetime": {"datetime": "2024-01-19 02:28:24", "elapsed": 8211.900131, "delta": 0.007665}}
{"target": -13.762555202860463, "params": {"gamma": 731.4190614246965, "log10_alpha": -1.4947267227575138, "log10_colsample_bytree": -0.09396133307264021, "log10_eta": -1.9671706480586328, "log10_lambda": -2.3803612678983814, "log10_min_child_weight": 3.784571121086274, "log10_subsample": -0.8728689181200345, "max_depth": 2.0, "num_boost_round": 67.0}, "datetime": {"datetime": "2024-01-19 02:28:24", "elapsed": 8211.907563, "delta": 0.007432}}
{"target": -13.76252457950947, "params": {"gamma": 731.4190614246965, "log10_alpha": -1.4947267227575138, "log10_colsample_bytree": -0.09396133307264021, "log10_eta": -1.9671706480586328, "log10_lambda": -2.3803612678983814, "log10_min_child_weight": 3.784571121086274, "log10_subsample": -0.8728689181200345, "max_depth": 2.0, "num_boost_round": 68.0}, "datetime": {"datetime": "2024-01-19 02:28:24", "elapsed": 8211.915016, "delta": 0.007453}}
{"target": -13.762679511825358, "params": {"gamma": 731.4190614246965, "log10_alpha": -1.4947267227575138, "log10_colsample_bytree": -0.09396133307264021, "log10_eta": -1.9671706480586328, "log10_lambda": -2.3803612678983814, "log10_min_child_weight": 3.784571121086274, "log10_subsample": -0.8728689181200345, "max_depth": 2.0, "num_boost_round": 69.0}, "datetime": {"datetime": "2024-01-19 02:28:24", "elapsed": 8211.923467, "delta": 0.008451}}
{"target": -13.762841842886612, "params": {"gamma": 731.4190614246965, "log10_alpha": -1.4947267227575138, "log10_colsample_bytree": -0.09396133307264021, "log10_eta": -1.9671706480586328, "log10_lambda": -2.3803612678983814, "log10_min_child_weight": 3.784571121086274, "log10_subsample": -0.8728689181200345, "max_depth": 2.0, "num_boost_round": 70.0}, "datetime": {"datetime": "2024-01-19 02:28:24", "elapsed": 8211.931592, "delta": 0.008125}}
{"target": -13.762910504210794, "params": {"gamma": 731.4190614246965, "log10_alpha": -1.4947267227575138, "log10_colsample_bytree": -0.09396133307264021, "log10_eta": -1.9671706480586328, "log10_lambda": -2.3803612678983814, "log10_min_child_weight": 3.784571121086274, "log10_subsample": -0.8728689181200345, "max_depth": 2.0, "num_boost_round": 71.0}, "datetime": {"datetime": "2024-01-19 02:28:24", "elapsed": 8211.939698, "delta": 0.008106}}
{"target": -13.762971251409231, "params": {"gamma": 731.4190614246965, "log10_alpha": -1.4947267227575138, "log10_colsample_bytree": -0.09396133307264021, "log10_eta": -1.9671706480586328, "log10_lambda": -2.3803612678983814, "log10_min_child_weight": 3.784571121086274, "log10_subsample": -0.8728689181200345, "max_depth": 2.0, "num_boost_round": 72.0}, "datetime": {"datetime": "2024-01-19 02:28:24", "elapsed": 8211.947273, "delta": 0.007575}}
{"target": -13.762977984293737, "params": {"gamma": 731.4190614246965, "log10_alpha": -1.4947267227575138, "log10_colsample_bytree": -0.09396133307264021, "log10_eta": -1.9671706480586328, "log10_lambda": -2.3803612678983814, "log10_min_child_weight": 3.784571121086274, "log10_subsample": -0.8728689181200345, "max_depth": 2.0, "num_boost_round": 73.0}, "datetime": {"datetime": "2024-01-19 02:28:24", "elapsed": 8211.955103, "delta": 0.00783}}
{"target": -13.763038549638578, "params": {"gamma": 731.4190614246965, "log10_alpha": -1.4947267227575138, "log10_colsample_bytree": -0.09396133307264021, "log10_eta": -1.9671706480586328, "log10_lambda": -2.3803612678983814, "log10_min_child_weight": 3.784571121086274, "log10_subsample": -0.8728689181200345, "max_depth": 2.0, "num_boost_round": 74.0}, "datetime": {"datetime": "2024-01-19 02:28:24", "elapsed": 8211.963149, "delta": 0.008046}}
{"target": -13.763186919772291, "params": {"gamma": 731.4190614246965, "log10_alpha": -1.4947267227575138, "log10_colsample_bytree": -0.09396133307264021, "log10_eta": -1.9671706480586328, "log10_lambda": -2.3803612678983814, "log10_min_child_weight": 3.784571121086274, "log10_subsample": -0.8728689181200345, "max_depth": 2.0, "num_boost_round": 75.0}, "datetime": {"datetime": "2024-01-19 02:28:24", "elapsed": 8211.971282, "delta": 0.008133}}
{"target": -13.763186937394902, "params": {"gamma": 731.4190614246965, "log10_alpha": -1.4947267227575138, "log10_colsample_bytree": -0.09396133307264021, "log10_eta": -1.9671706480586328, "log10_lambda": -2.3803612678983814, "log10_min_child_weight": 3.784571121086274, "log10_subsample": -0.8728689181200345, "max_depth": 2.0, "num_boost_round": 76.0}, "datetime": {"datetime": "2024-01-19 02:28:24", "elapsed": 8211.97958, "delta": 0.008298}}
{"target": -13.76331501768671, "params": {"gamma": 731.4190614246965, "log10_alpha": -1.4947267227575138, "log10_colsample_bytree": -0.09396133307264021, "log10_eta": -1.9671706480586328, "log10_lambda": -2.3803612678983814, "log10_min_child_weight": 3.784571121086274, "log10_subsample": -0.8728689181200345, "max_depth": 2.0, "num_boost_round": 77.0}, "datetime": {"datetime": "2024-01-19 02:28:24", "elapsed": 8211.987625, "delta": 0.008045}}
{"target": -13.763323642827002, "params": {"gamma": 731.4190614246965, "log10_alpha": -1.4947267227575138, "log10_colsample_bytree": -0.09396133307264021, "log10_eta": -1.9671706480586328, "log10_lambda": -2.3803612678983814, "log10_min_child_weight": 3.784571121086274, "log10_subsample": -0.8728689181200345, "max_depth": 2.0, "num_boost_round": 78.0}, "datetime": {"datetime": "2024-01-19 02:28:24", "elapsed": 8211.996232, "delta": 0.008607}}
{"target": -13.763400148495203, "params": {"gamma": 731.4190614246965, "log10_alpha": -1.4947267227575138, "log10_colsample_bytree": -0.09396133307264021, "log10_eta": -1.9671706480586328, "log10_lambda": -2.3803612678983814, "log10_min_child_weight": 3.784571121086274, "log10_subsample": -0.8728689181200345, "max_depth": 2.0, "num_boost_round": 79.0}, "datetime": {"datetime": "2024-01-19 02:28:24", "elapsed": 8212.004631, "delta": 0.008399}}
{"target": -13.763374011713461, "params": {"gamma": 731.4190614246965, "log10_alpha": -1.4947267227575138, "log10_colsample_bytree": -0.09396133307264021, "log10_eta": -1.9671706480586328, "log10_lambda": -2.3803612678983814, "log10_min_child_weight": 3.784571121086274, "log10_subsample": -0.8728689181200345, "max_depth": 2.0, "num_boost_round": 80.0}, "datetime": {"datetime": "2024-01-19 02:28:24", "elapsed": 8212.0128, "delta": 0.008169}}
{"target": -13.758538334396661, "params": {"gamma": 731.9319441462079, "log10_alpha": -2.7811842553344195, "log10_colsample_bytree": 0.0, "log10_eta": -4.0, "log10_lambda": -0.33158134656805943, "log10_min_child_weight": 5.0, "log10_subsample": -1.0, "max_depth": 2.0, "num_boost_round": 0.0}, "datetime": {"datetime": "2024-01-19 02:30:01", "elapsed": 8309.064808, "delta": 97.052008}}
{"target": -13.758538316173329, "params": {"gamma": 731.9319441462079, "log10_alpha": -2.7811842553344195, "log10_colsample_bytree": 0.0, "log10_eta": -4.0, "log10_lambda": -0.33158134656805943, "log10_min_child_weight": 5.0, "log10_subsample": -1.0, "max_depth": 2.0, "num_boost_round": 1.0}, "datetime": {"datetime": "2024-01-19 02:30:01", "elapsed": 8309.073455, "delta": 0.008647}}
{"target": -13.758538317287863, "params": {"gamma": 731.9319441462079, "log10_alpha": -2.7811842553344195, "log10_colsample_bytree": 0.0, "log10_eta": -4.0, "log10_lambda": -0.33158134656805943, "log10_min_child_weight": 5.0, "log10_subsample": -1.0, "max_depth": 2.0, "num_boost_round": 2.0}, "datetime": {"datetime": "2024-01-19 02:30:01", "elapsed": 8309.081586, "delta": 0.008131}}
{"target": -13.758538309193435, "params": {"gamma": 731.9319441462079, "log10_alpha": -2.7811842553344195, "log10_colsample_bytree": 0.0, "log10_eta": -4.0, "log10_lambda": -0.33158134656805943, "log10_min_child_weight": 5.0, "log10_subsample": -1.0, "max_depth": 2.0, "num_boost_round": 3.0}, "datetime": {"datetime": "2024-01-19 02:30:01", "elapsed": 8309.089413, "delta": 0.007827}}
{"target": -13.75853831676082, "params": {"gamma": 731.9319441462079, "log10_alpha": -2.7811842553344195, "log10_colsample_bytree": 0.0, "log10_eta": -4.0, "log10_lambda": -0.33158134656805943, "log10_min_child_weight": 5.0, "log10_subsample": -1.0, "max_depth": 2.0, "num_boost_round": 4.0}, "datetime": {"datetime": "2024-01-19 02:30:01", "elapsed": 8309.09767, "delta": 0.008257}}
{"target": -13.758538319722867, "params": {"gamma": 731.9319441462079, "log10_alpha": -2.7811842553344195, "log10_colsample_bytree": 0.0, "log10_eta": -4.0, "log10_lambda": -0.33158134656805943, "log10_min_child_weight": 5.0, "log10_subsample": -1.0, "max_depth": 2.0, "num_boost_round": 5.0}, "datetime": {"datetime": "2024-01-19 02:30:01", "elapsed": 8309.105803, "delta": 0.008133}}
{"target": -13.758538337020346, "params": {"gamma": 731.9319441462079, "log10_alpha": -2.7811842553344195, "log10_colsample_bytree": 0.0, "log10_eta": -4.0, "log10_lambda": -0.33158134656805943, "log10_min_child_weight": 5.0, "log10_subsample": -1.0, "max_depth": 2.0, "num_boost_round": 6.0}, "datetime": {"datetime": "2024-01-19 02:30:01", "elapsed": 8309.113767, "delta": 0.007964}}
{"target": -13.758538339250423, "params": {"gamma": 731.9319441462079, "log10_alpha": -2.7811842553344195, "log10_colsample_bytree": 0.0, "log10_eta": -4.0, "log10_lambda": -0.33158134656805943, "log10_min_child_weight": 5.0, "log10_subsample": -1.0, "max_depth": 2.0, "num_boost_round": 7.0}, "datetime": {"datetime": "2024-01-19 02:30:01", "elapsed": 8309.121816, "delta": 0.008049}}
{"target": -13.75853834371783, "params": {"gamma": 731.9319441462079, "log10_alpha": -2.7811842553344195, "log10_colsample_bytree": 0.0, "log10_eta": -4.0, "log10_lambda": -0.33158134656805943, "log10_min_child_weight": 5.0, "log10_subsample": -1.0, "max_depth": 2.0, "num_boost_round": 8.0}, "datetime": {"datetime": "2024-01-19 02:30:01", "elapsed": 8309.129823, "delta": 0.008007}}
{"target": -13.758538318122506, "params": {"gamma": 731.9319441462079, "log10_alpha": -2.7811842553344195, "log10_colsample_bytree": 0.0, "log10_eta": -4.0, "log10_lambda": -0.33158134656805943, "log10_min_child_weight": 5.0, "log10_subsample": -1.0, "max_depth": 2.0, "num_boost_round": 9.0}, "datetime": {"datetime": "2024-01-19 02:30:01", "elapsed": 8309.137593, "delta": 0.00777}}
{"target": -13.758538339609576, "params": {"gamma": 731.9319441462079, "log10_alpha": -2.7811842553344195, "log10_colsample_bytree": 0.0, "log10_eta": -4.0, "log10_lambda": -0.33158134656805943, "log10_min_child_weight": 5.0, "log10_subsample": -1.0, "max_depth": 2.0, "num_boost_round": 10.0}, "datetime": {"datetime": "2024-01-19 02:30:01", "elapsed": 8309.145705, "delta": 0.008112}}
{"target": -13.758538331945088, "params": {"gamma": 731.9319441462079, "log10_alpha": -2.7811842553344195, "log10_colsample_bytree": 0.0, "log10_eta": -4.0, "log10_lambda": -0.33158134656805943, "log10_min_child_weight": 5.0, "log10_subsample": -1.0, "max_depth": 2.0, "num_boost_round": 11.0}, "datetime": {"datetime": "2024-01-19 02:30:01", "elapsed": 8309.154039, "delta": 0.008334}}
{"target": -13.758538333243145, "params": {"gamma": 731.9319441462079, "log10_alpha": -2.7811842553344195, "log10_colsample_bytree": 0.0, "log10_eta": -4.0, "log10_lambda": -0.33158134656805943, "log10_min_child_weight": 5.0, "log10_subsample": -1.0, "max_depth": 2.0, "num_boost_round": 12.0}, "datetime": {"datetime": "2024-01-19 02:30:01", "elapsed": 8309.162013, "delta": 0.007974}}
{"target": -13.758538319878726, "params": {"gamma": 731.9319441462079, "log10_alpha": -2.7811842553344195, "log10_colsample_bytree": 0.0, "log10_eta": -4.0, "log10_lambda": -0.33158134656805943, "log10_min_child_weight": 5.0, "log10_subsample": -1.0, "max_depth": 2.0, "num_boost_round": 13.0}, "datetime": {"datetime": "2024-01-19 02:30:01", "elapsed": 8309.169793, "delta": 0.00778}}
{"target": -13.758538348160767, "params": {"gamma": 731.9319441462079, "log10_alpha": -2.7811842553344195, "log10_colsample_bytree": 0.0, "log10_eta": -4.0, "log10_lambda": -0.33158134656805943, "log10_min_child_weight": 5.0, "log10_subsample": -1.0, "max_depth": 2.0, "num_boost_round": 14.0}, "datetime": {"datetime": "2024-01-19 02:30:01", "elapsed": 8309.178956, "delta": 0.009163}}
{"target": -13.758538323261272, "params": {"gamma": 731.9319441462079, "log10_alpha": -2.7811842553344195, "log10_colsample_bytree": 0.0, "log10_eta": -4.0, "log10_lambda": -0.33158134656805943, "log10_min_child_weight": 5.0, "log10_subsample": -1.0, "max_depth": 2.0, "num_boost_round": 15.0}, "datetime": {"datetime": "2024-01-19 02:30:01", "elapsed": 8309.187604, "delta": 0.008648}}
{"target": -13.758538326055682, "params": {"gamma": 731.9319441462079, "log10_alpha": -2.7811842553344195, "log10_colsample_bytree": 0.0, "log10_eta": -4.0, "log10_lambda": -0.33158134656805943, "log10_min_child_weight": 5.0, "log10_subsample": -1.0, "max_depth": 2.0, "num_boost_round": 16.0}, "datetime": {"datetime": "2024-01-19 02:30:01", "elapsed": 8309.196046, "delta": 0.008442}}
