{"target": -13.758543565326361, "params": {"gamma": 839.4576024981326, "log10_alpha": -3.6816452079966258, "log10_colsample_bytree": -0.07811197051430652, "log10_eta": -3.642843756959344, "log10_lambda": -1.24434308511703, "log10_min_child_weight": 2.2800515775409536, "log10_subsample": -0.31924707227490157, "max_depth": 8.0, "num_boost_round": 9.0}, "datetime": {"datetime": "2024-01-19 01:44:55", "elapsed": 5615.56597, "delta": 0.004458}}
{"target": -13.758547041253738, "params": {"gamma": 839.4576024981326, "log10_alpha": -3.6816452079966258, "log10_colsample_bytree": -0.07811197051430652, "log10_eta": -3.642843756959344, "log10_lambda": -1.24434308511703, "log10_min_child_weight": 2.2800515775409536, "log10_subsample": -0.31924707227490157, "max_depth": 8.0, "num_boost_round": 10.0}, "datetime": {"datetime": "2024-01-19 01:44:55", "elapsed": 5615.570508, "delta": 0.004538}}
{"target": -13.758548265244357, "params": {"gamma": 839.4576024981326, "log10_alpha": -3.6816452079966258, "log10_colsample_bytree": -0.07811197051430652, "log10_eta": -3.642843756959344, "log10_lambda": -1.24434308511703, "log10_min_child_weight": 2.2800515775409536, "log10_subsample": -0.31924707227490157, "max_depth": 8.0, "num_boost_round": 11.0}, "datetime": {"datetime": "2024-01-19 01:44:55", "elapsed": 5615.575331, "delta": 0.004823}}
{"target": -13.758533830903662, "params": {"gamma": 839.4576024981326, "log10_alpha": -3.6816452079966258, "log10_colsample_bytree": -0.07811197051430652, "log10_eta": -3.642843756959344, "log10_lambda": -1.24434308511703, "log10_min_child_weight": 2.2800515775409536, "log10_subsample": -0.31924707227490157, "max_depth": 8.0, "num_boost_round": 12.0}, "datetime": {"datetime": "2024-01-19 01:44:55", "elapsed": 5615.579854, "delta": 0.004523}}
{"target": -13.758544434732338, "params": {"gamma": 839.4576024981326, "log10_alpha": -3.6816452079966258, "log10_colsample_bytree": -0.07811197051430652, "log10_eta": -3.642843756959344, "log10_lambda": -1.24434308511703, "log10_min_child_weight": 2.2800515775409536, "log10_subsample": -0.31924707227490157, "max_depth": 8.0, "num_boost_round": 13.0}, "datetime": {"datetime": "2024-01-19 01:44:55", "elapsed": 5615.584652, "delta": 0.004798}}
{"target": -13.758563357087903, "params": {"gamma": 839.4576024981326, "log10_alpha": -3.6816452079966258, "log10_colsample_bytree": -0.07811197051430652, "log10_eta": -3.642843756959344, "log10_lambda": -1.24434308511703, "log10_min_child_weight": 2.2800515775409536, "log10_subsample": -0.31924707227490157, "max_depth": 8.0, "num_boost_round": 14.0}, "datetime": {"datetime": "2024-01-19 01:44:55", "elapsed": 5615.589224, "delta": 0.004572}}
{"target": -13.758559953607588, "params": {"gamma": 839.4576024981326, "log10_alpha": -3.6816452079966258, "log10_colsample_bytree": -0.07811197051430652, "log10_eta": -3.642843756959344, "log10_lambda": -1.24434308511703, "log10_min_child_weight": 2.2800515775409536, "log10_subsample": -0.31924707227490157, "max_depth": 8.0, "num_boost_round": 15.0}, "datetime": {"datetime": "2024-01-19 01:44:55", "elapsed": 5615.593509, "delta": 0.004285}}
{"target": -13.758553079290058, "params": {"gamma": 839.4576024981326, "log10_alpha": -3.6816452079966258, "log10_colsample_bytree": -0.07811197051430652, "log10_eta": -3.642843756959344, "log10_lambda": -1.24434308511703, "log10_min_child_weight": 2.2800515775409536, "log10_subsample": -0.31924707227490157, "max_depth": 8.0, "num_boost_round": 16.0}, "datetime": {"datetime": "2024-01-19 01:44:55", "elapsed": 5615.597854, "delta": 0.004345}}
{"target": -13.758543087913628, "params": {"gamma": 839.4576024981326, "log10_alpha": -3.6816452079966258, "log10_colsample_bytree": -0.07811197051430652, "log10_eta": -3.642843756959344, "log10_lambda": -1.24434308511703, "log10_min_child_weight": 2.2800515775409536, "log10_subsample": -0.31924707227490157, "max_depth": 8.0, "num_boost_round": 17.0}, "datetime": {"datetime": "2024-01-19 01:44:55", "elapsed": 5615.602309, "delta": 0.004455}}
{"target": -13.758538564220869, "params": {"gamma": 839.4576024981326, "log10_alpha": -3.6816452079966258, "log10_colsample_bytree": -0.07811197051430652, "log10_eta": -3.642843756959344, "log10_lambda": -1.24434308511703, "log10_min_child_weight": 2.2800515775409536, "log10_subsample": -0.31924707227490157, "max_depth": 8.0, "num_boost_round": 18.0}, "datetime": {"datetime": "2024-01-19 01:44:55", "elapsed": 5615.606674, "delta": 0.004365}}
{"target": -13.75852755968753, "params": {"gamma": 839.4576024981326, "log10_alpha": -3.6816452079966258, "log10_colsample_bytree": -0.07811197051430652, "log10_eta": -3.642843756959344, "log10_lambda": -1.24434308511703, "log10_min_child_weight": 2.2800515775409536, "log10_subsample": -0.31924707227490157, "max_depth": 8.0, "num_boost_round": 19.0}, "datetime": {"datetime": "2024-01-19 01:44:55", "elapsed": 5615.611049, "delta": 0.004375}}
{"target": -13.758526562046768, "params": {"gamma": 839.4576024981326, "log10_alpha": -3.6816452079966258, "log10_colsample_bytree": -0.07811197051430652, "log10_eta": -3.642843756959344, "log10_lambda": -1.24434308511703, "log10_min_child_weight": 2.2800515775409536, "log10_subsample": -0.31924707227490157, "max_depth": 8.0, "num_boost_round": 20.0}, "datetime": {"datetime": "2024-01-19 01:44:55", "elapsed": 5615.745356, "delta": 0.134307}}
{"target": -13.758521758945957, "params": {"gamma": 839.4576024981326, "log10_alpha": -3.6816452079966258, "log10_colsample_bytree": -0.07811197051430652, "log10_eta": -3.642843756959344, "log10_lambda": -1.24434308511703, "log10_min_child_weight": 2.2800515775409536, "log10_subsample": -0.31924707227490157, "max_depth": 8.0, "num_boost_round": 21.0}, "datetime": {"datetime": "2024-01-19 01:44:55", "elapsed": 5615.750665, "delta": 0.005309}}
{"target": -13.758516557538742, "params": {"gamma": 839.4576024981326, "log10_alpha": -3.6816452079966258, "log10_colsample_bytree": -0.07811197051430652, "log10_eta": -3.642843756959344, "log10_lambda": -1.24434308511703, "log10_min_child_weight": 2.2800515775409536, "log10_subsample": -0.31924707227490157, "max_depth": 8.0, "num_boost_round": 22.0}, "datetime": {"datetime": "2024-01-19 01:44:55", "elapsed": 5615.75541, "delta": 0.004745}}
{"target": -13.75853660134433, "params": {"gamma": 836.2285231377149, "log10_alpha": -4.578123771648971, "log10_colsample_bytree": -0.8761012597517654, "log10_eta": -3.9926048825436653, "log10_lambda": 0.6910707448578925, "log10_min_child_weight": 2.5306546262620397, "log10_subsample": -0.8931656104871939, "max_depth": 4.0, "num_boost_round": 0.0}, "datetime": {"datetime": "2024-01-19 01:45:44", "elapsed": 5664.45865, "delta": 48.70324}}
{"target": -13.758536742077014, "params": {"gamma": 836.2285231377149, "log10_alpha": -4.578123771648971, "log10_colsample_bytree": -0.8761012597517654, "log10_eta": -3.9926048825436653, "log10_lambda": 0.6910707448578925, "log10_min_child_weight": 2.5306546262620397, "log10_subsample": -0.8931656104871939, "max_depth": 4.0, "num_boost_round": 1.0}, "datetime": {"datetime": "2024-01-19 01:45:44", "elapsed": 5664.463492, "delta": 0.004842}}
{"target": -13.758536078466681, "params": {"gamma": 836.2285231377149, "log10_alpha": -4.578123771648971, "log10_colsample_bytree": -0.8761012597517654, "log10_eta": -3.9926048825436653, "log10_lambda": 0.6910707448578925, "log10_min_child_weight": 2.5306546262620397, "log10_subsample": -0.8931656104871939, "max_depth": 4.0, "num_boost_round": 2.0}, "datetime": {"datetime": "2024-01-19 01:45:44", "elapsed": 5664.467996, "delta": 0.004504}}
{"target": -13.758534939146427, "params": {"gamma": 836.2285231377149, "log10_alpha": -4.578123771648971, "log10_colsample_bytree": -0.8761012597517654, "log10_eta": -3.9926048825436653, "log10_lambda": 0.6910707448578925, "log10_min_child_weight": 2.5306546262620397, "log10_subsample": -0.8931656104871939, "max_depth": 4.0, "num_boost_round": 3.0}, "datetime": {"datetime": "2024-01-19 01:45:44", "elapsed": 5664.472465, "delta": 0.004469}}
{"target": -13.758532913921822, "params": {"gamma": 836.2285231377149, "log10_alpha": -4.578123771648971, "log10_colsample_bytree": -0.8761012597517654, "log10_eta": -3.9926048825436653, "log10_lambda": 0.6910707448578925, "log10_min_child_weight": 2.5306546262620397, "log10_subsample": -0.8931656104871939, "max_depth": 4.0, "num_boost_round": 4.0}, "datetime": {"datetime": "2024-01-19 01:45:44", "elapsed": 5664.476987, "delta": 0.004522}}
{"target": -13.758531519450344, "params": {"gamma": 836.2285231377149, "log10_alpha": -4.578123771648971, "log10_colsample_bytree": -0.8761012597517654, "log10_eta": -3.9926048825436653, "log10_lambda": 0.6910707448578925, "log10_min_child_weight": 2.5306546262620397, "log10_subsample": -0.8931656104871939, "max_depth": 4.0, "num_boost_round": 5.0}, "datetime": {"datetime": "2024-01-19 01:45:44", "elapsed": 5664.481381, "delta": 0.004394}}
{"target": -13.75853221656815, "params": {"gamma": 836.2285231377149, "log10_alpha": -4.578123771648971, "log10_colsample_bytree": -0.8761012597517654, "log10_eta": -3.9926048825436653, "log10_lambda": 0.6910707448578925, "log10_min_child_weight": 2.5306546262620397, "log10_subsample": -0.8931656104871939, "max_depth": 4.0, "num_boost_round": 6.0}, "datetime": {"datetime": "2024-01-19 01:45:44", "elapsed": 5664.485749, "delta": 0.004368}}
{"target": -13.758527451095652, "params": {"gamma": 836.2285231377149, "log10_alpha": -4.578123771648971, "log10_colsample_bytree": -0.8761012597517654, "log10_eta": -3.9926048825436653, "log10_lambda": 0.6910707448578925, "log10_min_child_weight": 2.5306546262620397, "log10_subsample": -0.8931656104871939, "max_depth": 4.0, "num_boost_round": 7.0}, "datetime": {"datetime": "2024-01-19 01:45:44", "elapsed": 5664.490025, "delta": 0.004276}}
{"target": -13.758526810380884, "params": {"gamma": 836.2285231377149, "log10_alpha": -4.578123771648971, "log10_colsample_bytree": -0.8761012597517654, "log10_eta": -3.9926048825436653, "log10_lambda": 0.6910707448578925, "log10_min_child_weight": 2.5306546262620397, "log10_subsample": -0.8931656104871939, "max_depth": 4.0, "num_boost_round": 8.0}, "datetime": {"datetime": "2024-01-19 01:45:44", "elapsed": 5664.494422, "delta": 0.004397}}
{"target": -13.758525471072188, "params": {"gamma": 836.2285231377149, "log10_alpha": -4.578123771648971, "log10_colsample_bytree": -0.8761012597517654, "log10_eta": -3.9926048825436653, "log10_lambda": 0.6910707448578925, "log10_min_child_weight": 2.5306546262620397, "log10_subsample": -0.8931656104871939, "max_depth": 4.0, "num_boost_round": 9.0}, "datetime": {"datetime": "2024-01-19 01:45:44", "elapsed": 5664.498933, "delta": 0.004511}}
{"target": -13.758523906742784, "params": {"gamma": 836.2285231377149, "log10_alpha": -4.578123771648971, "log10_colsample_bytree": -0.8761012597517654, "log10_eta": -3.9926048825436653, "log10_lambda": 0.6910707448578925, "log10_min_child_weight": 2.5306546262620397, "log10_subsample": -0.8931656104871939, "max_depth": 4.0, "num_boost_round": 10.0}, "datetime": {"datetime": "2024-01-19 01:45:44", "elapsed": 5664.503358, "delta": 0.004425}}
{"target": -13.758522404263815, "params": {"gamma": 836.2285231377149, "log10_alpha": -4.578123771648971, "log10_colsample_bytree": -0.8761012597517654, "log10_eta": -3.9926048825436653, "log10_lambda": 0.6910707448578925, "log10_min_child_weight": 2.5306546262620397, "log10_subsample": -0.8931656104871939, "max_depth": 4.0, "num_boost_round": 11.0}, "datetime": {"datetime": "2024-01-19 01:45:44", "elapsed": 5664.507702, "delta": 0.004344}}
{"target": -13.758521869996008, "params": {"gamma": 836.2285231377149, "log10_alpha": -4.578123771648971, "log10_colsample_bytree": -0.8761012597517654, "log10_eta": -3.9926048825436653, "log10_lambda": 0.6910707448578925, "log10_min_child_weight": 2.5306546262620397, "log10_subsample": -0.8931656104871939, "max_depth": 4.0, "num_boost_round": 12.0}, "datetime": {"datetime": "2024-01-19 01:45:44", "elapsed": 5664.512144, "delta": 0.004442}}
{"target": -13.758519482046273, "params": {"gamma": 836.2285231377149, "log10_alpha": -4.578123771648971, "log10_colsample_bytree": -0.8761012597517654, "log10_eta": -3.9926048825436653, "log10_lambda": 0.6910707448578925, "log10_min_child_weight": 2.5306546262620397, "log10_subsample": -0.8931656104871939, "max_depth": 4.0, "num_boost_round": 13.0}, "datetime": {"datetime": "2024-01-19 01:45:44", "elapsed": 5664.516466, "delta": 0.004322}}
{"target": -13.758519264759098, "params": {"gamma": 836.2285231377149, "log10_alpha": -4.578123771648971, "log10_colsample_bytree": -0.8761012597517654, "log10_eta": -3.9926048825436653, "log10_lambda": 0.6910707448578925, "log10_min_child_weight": 2.5306546262620397, "log10_subsample": -0.8931656104871939, "max_depth": 4.0, "num_boost_round": 14.0}, "datetime": {"datetime": "2024-01-19 01:45:44", "elapsed": 5664.521119, "delta": 0.004653}}
{"target": -13.758516731852987, "params": {"gamma": 836.2285231377149, "log10_alpha": -4.578123771648971, "log10_colsample_bytree": -0.8761012597517654, "log10_eta": -3.9926048825436653, "log10_lambda": 0.6910707448578925, "log10_min_child_weight": 2.5306546262620397, "log10_subsample": -0.8931656104871939, "max_depth": 4.0, "num_boost_round": 15.0}, "datetime": {"datetime": "2024-01-19 01:45:44", "elapsed": 5664.525779, "delta": 0.00466}}
{"target": -13.758515185563631, "params": {"gamma": 836.2285231377149, "log10_alpha": -4.578123771648971, "log10_colsample_bytree": -0.8761012597517654, "log10_eta": -3.9926048825436653, "log10_lambda": 0.6910707448578925, "log10_min_child_weight": 2.5306546262620397, "log10_subsample": -0.8931656104871939, "max_depth": 4.0, "num_boost_round": 16.0}, "datetime": {"datetime": "2024-01-19 01:45:44", "elapsed": 5664.530123, "delta": 0.004344}}
{"target": -13.758514713474986, "params": {"gamma": 836.2285231377149, "log10_alpha": -4.578123771648971, "log10_colsample_bytree": -0.8761012597517654, "log10_eta": -3.9926048825436653, "log10_lambda": 0.6910707448578925, "log10_min_child_weight": 2.5306546262620397, "log10_subsample": -0.8931656104871939, "max_depth": 4.0, "num_boost_round": 17.0}, "datetime": {"datetime": "2024-01-19 01:45:44", "elapsed": 5664.534666, "delta": 0.004543}}
{"target": -13.75851350781129, "params": {"gamma": 836.2285231377149, "log10_alpha": -4.578123771648971, "log10_colsample_bytree": -0.8761012597517654, "log10_eta": -3.9926048825436653, "log10_lambda": 0.6910707448578925, "log10_min_child_weight": 2.5306546262620397, "log10_subsample": -0.8931656104871939, "max_depth": 4.0, "num_boost_round": 18.0}, "datetime": {"datetime": "2024-01-19 01:45:44", "elapsed": 5664.539257, "delta": 0.004591}}
{"target": -13.75980845047703, "params": {"gamma": 896.6422489669241, "log10_alpha": -2.145916081656978, "log10_colsample_bytree": -0.2890399798286175, "log10_eta": -0.7060756289062025, "log10_lambda": -0.656739894046849, "log10_min_child_weight": 4.446357952846826, "log10_subsample": -0.18561196999292373, "max_depth": 4.0, "num_boost_round": 0.0}, "datetime": {"datetime": "2024-01-19 01:46:50", "elapsed": 5730.293659, "delta": 65.754402}}
{"target": -13.76210524466376, "params": {"gamma": 896.6422489669241, "log10_alpha": -2.145916081656978, "log10_colsample_bytree": -0.2890399798286175, "log10_eta": -0.7060756289062025, "log10_lambda": -0.656739894046849, "log10_min_child_weight": 4.446357952846826, "log10_subsample": -0.18561196999292373, "max_depth": 4.0, "num_boost_round": 1.0}, "datetime": {"datetime": "2024-01-19 01:46:50", "elapsed": 5730.299457, "delta": 0.005798}}
{"target": -13.765840524338882, "params": {"gamma": 896.6422489669241, "log10_alpha": -2.145916081656978, "log10_colsample_bytree": -0.2890399798286175, "log10_eta": -0.7060756289062025, "log10_lambda": -0.656739894046849, "log10_min_child_weight": 4.446357952846826, "log10_subsample": -0.18561196999292373, "max_depth": 4.0, "num_boost_round": 2.0}, "datetime": {"datetime": "2024-01-19 01:46:50", "elapsed": 5730.30404, "delta": 0.004583}}
{"target": -13.766487658186655, "params": {"gamma": 896.6422489669241, "log10_alpha": -2.145916081656978, "log10_colsample_bytree": -0.2890399798286175, "log10_eta": -0.7060756289062025, "log10_lambda": -0.656739894046849, "log10_min_child_weight": 4.446357952846826, "log10_subsample": -0.18561196999292373, "max_depth": 4.0, "num_boost_round": 3.0}, "datetime": {"datetime": "2024-01-19 01:46:50", "elapsed": 5730.308424, "delta": 0.004384}}
{"target": -13.767496464532522, "params": {"gamma": 896.6422489669241, "log10_alpha": -2.145916081656978, "log10_colsample_bytree": -0.2890399798286175, "log10_eta": -0.7060756289062025, "log10_lambda": -0.656739894046849, "log10_min_child_weight": 4.446357952846826, "log10_subsample": -0.18561196999292373, "max_depth": 4.0, "num_boost_round": 4.0}, "datetime": {"datetime": "2024-01-19 01:46:50", "elapsed": 5730.313146, "delta": 0.004722}}
{"target": -13.76924528314457, "params": {"gamma": 896.6422489669241, "log10_alpha": -2.145916081656978, "log10_colsample_bytree": -0.2890399798286175, "log10_eta": -0.7060756289062025, "log10_lambda": -0.656739894046849, "log10_min_child_weight": 4.446357952846826, "log10_subsample": -0.18561196999292373, "max_depth": 4.0, "num_boost_round": 5.0}, "datetime": {"datetime": "2024-01-19 01:46:50", "elapsed": 5730.317742, "delta": 0.004596}}
{"target": -13.771678741505402, "params": {"gamma": 896.6422489669241, "log10_alpha": -2.145916081656978, "log10_colsample_bytree": -0.2890399798286175, "log10_eta": -0.7060756289062025, "log10_lambda": -0.656739894046849, "log10_min_child_weight": 4.446357952846826, "log10_subsample": -0.18561196999292373, "max_depth": 4.0, "num_boost_round": 6.0}, "datetime": {"datetime": "2024-01-19 01:46:50", "elapsed": 5730.322467, "delta": 0.004725}}
{"target": -13.76948488340699, "params": {"gamma": 896.6422489669241, "log10_alpha": -2.145916081656978, "log10_colsample_bytree": -0.2890399798286175, "log10_eta": -0.7060756289062025, "log10_lambda": -0.656739894046849, "log10_min_child_weight": 4.446357952846826, "log10_subsample": -0.18561196999292373, "max_depth": 4.0, "num_boost_round": 7.0}, "datetime": {"datetime": "2024-01-19 01:46:50", "elapsed": 5730.327141, "delta": 0.004674}}
{"target": -13.773616201268025, "params": {"gamma": 896.6422489669241, "log10_alpha": -2.145916081656978, "log10_colsample_bytree": -0.2890399798286175, "log10_eta": -0.7060756289062025, "log10_lambda": -0.656739894046849, "log10_min_child_weight": 4.446357952846826, "log10_subsample": -0.18561196999292373, "max_depth": 4.0, "num_boost_round": 8.0}, "datetime": {"datetime": "2024-01-19 01:46:50", "elapsed": 5730.331823, "delta": 0.004682}}
{"target": -13.774625008915763, "params": {"gamma": 896.6422489669241, "log10_alpha": -2.145916081656978, "log10_colsample_bytree": -0.2890399798286175, "log10_eta": -0.7060756289062025, "log10_lambda": -0.656739894046849, "log10_min_child_weight": 4.446357952846826, "log10_subsample": -0.18561196999292373, "max_depth": 4.0, "num_boost_round": 9.0}, "datetime": {"datetime": "2024-01-19 01:46:50", "elapsed": 5730.336999, "delta": 0.005176}}
{"target": -13.775241213350386, "params": {"gamma": 896.6422489669241, "log10_alpha": -2.145916081656978, "log10_colsample_bytree": -0.2890399798286175, "log10_eta": -0.7060756289062025, "log10_lambda": -0.656739894046849, "log10_min_child_weight": 4.446357952846826, "log10_subsample": -0.18561196999292373, "max_depth": 4.0, "num_boost_round": 10.0}, "datetime": {"datetime": "2024-01-19 01:46:50", "elapsed": 5730.34211, "delta": 0.005111}}
{"target": -13.776383299128634, "params": {"gamma": 896.6422489669241, "log10_alpha": -2.145916081656978, "log10_colsample_bytree": -0.2890399798286175, "log10_eta": -0.7060756289062025, "log10_lambda": -0.656739894046849, "log10_min_child_weight": 4.446357952846826, "log10_subsample": -0.18561196999292373, "max_depth": 4.0, "num_boost_round": 11.0}, "datetime": {"datetime": "2024-01-19 01:46:50", "elapsed": 5730.347033, "delta": 0.004923}}
{"target": -13.778400116451085, "params": {"gamma": 896.6422489669241, "log10_alpha": -2.145916081656978, "log10_colsample_bytree": -0.2890399798286175, "log10_eta": -0.7060756289062025, "log10_lambda": -0.656739894046849, "log10_min_child_weight": 4.446357952846826, "log10_subsample": -0.18561196999292373, "max_depth": 4.0, "num_boost_round": 12.0}, "datetime": {"datetime": "2024-01-19 01:46:50", "elapsed": 5730.351733, "delta": 0.0047}}
{"target": -13.779276150688062, "params": {"gamma": 896.6422489669241, "log10_alpha": -2.145916081656978, "log10_colsample_bytree": -0.2890399798286175, "log10_eta": -0.7060756289062025, "log10_lambda": -0.656739894046849, "log10_min_child_weight": 4.446357952846826, "log10_subsample": -0.18561196999292373, "max_depth": 4.0, "num_boost_round": 13.0}, "datetime": {"datetime": "2024-01-19 01:46:50", "elapsed": 5730.356243, "delta": 0.00451}}
{"target": -13.782773627277239, "params": {"gamma": 896.6422489669241, "log10_alpha": -2.145916081656978, "log10_colsample_bytree": -0.2890399798286175, "log10_eta": -0.7060756289062025, "log10_lambda": -0.656739894046849, "log10_min_child_weight": 4.446357952846826, "log10_subsample": -0.18561196999292373, "max_depth": 4.0, "num_boost_round": 14.0}, "datetime": {"datetime": "2024-01-19 01:46:50", "elapsed": 5730.360866, "delta": 0.004623}}
{"target": -13.782720940718072, "params": {"gamma": 896.6422489669241, "log10_alpha": -2.145916081656978, "log10_colsample_bytree": -0.2890399798286175, "log10_eta": -0.7060756289062025, "log10_lambda": -0.656739894046849, "log10_min_child_weight": 4.446357952846826, "log10_subsample": -0.18561196999292373, "max_depth": 4.0, "num_boost_round": 15.0}, "datetime": {"datetime": "2024-01-19 01:46:50", "elapsed": 5730.365397, "delta": 0.004531}}
