{"target": -17.67646307828276, "params": {"gamma": 50.911082929098406, "log10_alpha": -4.394577417342696, "log10_colsample_bytree": -0.2586666374098391, "log10_eta": -1.6227100739030536, "log10_lambda": -0.7861313240396708, "log10_min_child_weight": 4.739230737642116, "log10_subsample": -0.5210915439020297, "max_depth": 3.0, "num_boost_round": 22.0}, "datetime": {"datetime": "2024-01-19 02:39:00", "elapsed": 8894.257899, "delta": 0.006038}}
{"target": -17.676392963308878, "params": {"gamma": 50.911082929098406, "log10_alpha": -4.394577417342696, "log10_colsample_bytree": -0.2586666374098391, "log10_eta": -1.6227100739030536, "log10_lambda": -0.7861313240396708, "log10_min_child_weight": 4.739230737642116, "log10_subsample": -0.5210915439020297, "max_depth": 3.0, "num_boost_round": 23.0}, "datetime": {"datetime": "2024-01-19 02:39:00", "elapsed": 8894.263877, "delta": 0.005978}}
{"target": -17.676605975300024, "params": {"gamma": 50.911082929098406, "log10_alpha": -4.394577417342696, "log10_colsample_bytree": -0.2586666374098391, "log10_eta": -1.6227100739030536, "log10_lambda": -0.7861313240396708, "log10_min_child_weight": 4.739230737642116, "log10_subsample": -0.5210915439020297, "max_depth": 3.0, "num_boost_round": 24.0}, "datetime": {"datetime": "2024-01-19 02:39:00", "elapsed": 8894.269995, "delta": 0.006118}}
{"target": -17.676426899040088, "params": {"gamma": 50.911082929098406, "log10_alpha": -4.394577417342696, "log10_colsample_bytree": -0.2586666374098391, "log10_eta": -1.6227100739030536, "log10_lambda": -0.7861313240396708, "log10_min_child_weight": 4.739230737642116, "log10_subsample": -0.5210915439020297, "max_depth": 3.0, "num_boost_round": 25.0}, "datetime": {"datetime": "2024-01-19 02:39:00", "elapsed": 8894.27606, "delta": 0.006065}}
{"target": -17.676406715397455, "params": {"gamma": 50.911082929098406, "log10_alpha": -4.394577417342696, "log10_colsample_bytree": -0.2586666374098391, "log10_eta": -1.6227100739030536, "log10_lambda": -0.7861313240396708, "log10_min_child_weight": 4.739230737642116, "log10_subsample": -0.5210915439020297, "max_depth": 3.0, "num_boost_round": 26.0}, "datetime": {"datetime": "2024-01-19 02:39:00", "elapsed": 8894.282257, "delta": 0.006197}}
{"target": -17.676600051433486, "params": {"gamma": 50.911082929098406, "log10_alpha": -4.394577417342696, "log10_colsample_bytree": -0.2586666374098391, "log10_eta": -1.6227100739030536, "log10_lambda": -0.7861313240396708, "log10_min_child_weight": 4.739230737642116, "log10_subsample": -0.5210915439020297, "max_depth": 3.0, "num_boost_round": 27.0}, "datetime": {"datetime": "2024-01-19 02:39:00", "elapsed": 8894.288465, "delta": 0.006208}}
{"target": -17.676739316595594, "params": {"gamma": 50.911082929098406, "log10_alpha": -4.394577417342696, "log10_colsample_bytree": -0.2586666374098391, "log10_eta": -1.6227100739030536, "log10_lambda": -0.7861313240396708, "log10_min_child_weight": 4.739230737642116, "log10_subsample": -0.5210915439020297, "max_depth": 3.0, "num_boost_round": 28.0}, "datetime": {"datetime": "2024-01-19 02:39:00", "elapsed": 8894.294681, "delta": 0.006216}}
{"target": -17.676577894211075, "params": {"gamma": 50.911082929098406, "log10_alpha": -4.394577417342696, "log10_colsample_bytree": -0.2586666374098391, "log10_eta": -1.6227100739030536, "log10_lambda": -0.7861313240396708, "log10_min_child_weight": 4.739230737642116, "log10_subsample": -0.5210915439020297, "max_depth": 3.0, "num_boost_round": 29.0}, "datetime": {"datetime": "2024-01-19 02:39:00", "elapsed": 8894.300703, "delta": 0.006022}}
{"target": -17.676540506583454, "params": {"gamma": 50.911082929098406, "log10_alpha": -4.394577417342696, "log10_colsample_bytree": -0.2586666374098391, "log10_eta": -1.6227100739030536, "log10_lambda": -0.7861313240396708, "log10_min_child_weight": 4.739230737642116, "log10_subsample": -0.5210915439020297, "max_depth": 3.0, "num_boost_round": 30.0}, "datetime": {"datetime": "2024-01-19 02:39:00", "elapsed": 8894.306847, "delta": 0.006144}}
{"target": -17.676618589851692, "params": {"gamma": 50.911082929098406, "log10_alpha": -4.394577417342696, "log10_colsample_bytree": -0.2586666374098391, "log10_eta": -1.6227100739030536, "log10_lambda": -0.7861313240396708, "log10_min_child_weight": 4.739230737642116, "log10_subsample": -0.5210915439020297, "max_depth": 3.0, "num_boost_round": 31.0}, "datetime": {"datetime": "2024-01-19 02:39:00", "elapsed": 8894.313032, "delta": 0.006185}}
{"target": -17.676814278669926, "params": {"gamma": 50.911082929098406, "log10_alpha": -4.394577417342696, "log10_colsample_bytree": -0.2586666374098391, "log10_eta": -1.6227100739030536, "log10_lambda": -0.7861313240396708, "log10_min_child_weight": 4.739230737642116, "log10_subsample": -0.5210915439020297, "max_depth": 3.0, "num_boost_round": 32.0}, "datetime": {"datetime": "2024-01-19 02:39:00", "elapsed": 8894.389667, "delta": 0.076635}}
{"target": -17.6769606448812, "params": {"gamma": 50.911082929098406, "log10_alpha": -4.394577417342696, "log10_colsample_bytree": -0.2586666374098391, "log10_eta": -1.6227100739030536, "log10_lambda": -0.7861313240396708, "log10_min_child_weight": 4.739230737642116, "log10_subsample": -0.5210915439020297, "max_depth": 3.0, "num_boost_round": 33.0}, "datetime": {"datetime": "2024-01-19 02:39:00", "elapsed": 8894.396638, "delta": 0.006971}}
{"target": -17.676932808351367, "params": {"gamma": 50.911082929098406, "log10_alpha": -4.394577417342696, "log10_colsample_bytree": -0.2586666374098391, "log10_eta": -1.6227100739030536, "log10_lambda": -0.7861313240396708, "log10_min_child_weight": 4.739230737642116, "log10_subsample": -0.5210915439020297, "max_depth": 3.0, "num_boost_round": 34.0}, "datetime": {"datetime": "2024-01-19 02:39:00", "elapsed": 8894.403081, "delta": 0.006443}}
{"target": -17.677146370540637, "params": {"gamma": 50.911082929098406, "log10_alpha": -4.394577417342696, "log10_colsample_bytree": -0.2586666374098391, "log10_eta": -1.6227100739030536, "log10_lambda": -0.7861313240396708, "log10_min_child_weight": 4.739230737642116, "log10_subsample": -0.5210915439020297, "max_depth": 3.0, "num_boost_round": 35.0}, "datetime": {"datetime": "2024-01-19 02:39:00", "elapsed": 8894.409421, "delta": 0.00634}}
{"target": -17.677208454135883, "params": {"gamma": 43.2879736977676, "log10_alpha": 0.7457721910108832, "log10_colsample_bytree": -0.20552047738354862, "log10_eta": -1.8458874189758943, "log10_lambda": -4.690186203667997, "log10_min_child_weight": 4.952953018495676, "log10_subsample": -0.841175361166137, "max_depth": 6.0, "num_boost_round": 0.0}, "datetime": {"datetime": "2024-01-19 02:40:48", "elapsed": 9001.823908, "delta": 107.414487}}
{"target": -17.677213345865038, "params": {"gamma": 43.2879736977676, "log10_alpha": 0.7457721910108832, "log10_colsample_bytree": -0.20552047738354862, "log10_eta": -1.8458874189758943, "log10_lambda": -4.690186203667997, "log10_min_child_weight": 4.952953018495676, "log10_subsample": -0.841175361166137, "max_depth": 6.0, "num_boost_round": 1.0}, "datetime": {"datetime": "2024-01-19 02:40:48", "elapsed": 9001.830454, "delta": 0.006546}}
{"target": -17.6772515107511, "params": {"gamma": 43.2879736977676, "log10_alpha": 0.7457721910108832, "log10_colsample_bytree": -0.20552047738354862, "log10_eta": -1.8458874189758943, "log10_lambda": -4.690186203667997, "log10_min_child_weight": 4.952953018495676, "log10_subsample": -0.841175361166137, "max_depth": 6.0, "num_boost_round": 2.0}, "datetime": {"datetime": "2024-01-19 02:40:48", "elapsed": 9001.836458, "delta": 0.006004}}
{"target": -17.677258116434018, "params": {"gamma": 43.2879736977676, "log10_alpha": 0.7457721910108832, "log10_colsample_bytree": -0.20552047738354862, "log10_eta": -1.8458874189758943, "log10_lambda": -4.690186203667997, "log10_min_child_weight": 4.952953018495676, "log10_subsample": -0.841175361166137, "max_depth": 6.0, "num_boost_round": 3.0}, "datetime": {"datetime": "2024-01-19 02:40:48", "elapsed": 9001.842497, "delta": 0.006039}}
{"target": -17.67709681963194, "params": {"gamma": 43.2879736977676, "log10_alpha": 0.7457721910108832, "log10_colsample_bytree": -0.20552047738354862, "log10_eta": -1.8458874189758943, "log10_lambda": -4.690186203667997, "log10_min_child_weight": 4.952953018495676, "log10_subsample": -0.841175361166137, "max_depth": 6.0, "num_boost_round": 4.0}, "datetime": {"datetime": "2024-01-19 02:40:48", "elapsed": 9001.848816, "delta": 0.006319}}
{"target": -17.677104566258716, "params": {"gamma": 43.2879736977676, "log10_alpha": 0.7457721910108832, "log10_colsample_bytree": -0.20552047738354862, "log10_eta": -1.8458874189758943, "log10_lambda": -4.690186203667997, "log10_min_child_weight": 4.952953018495676, "log10_subsample": -0.841175361166137, "max_depth": 6.0, "num_boost_round": 5.0}, "datetime": {"datetime": "2024-01-19 02:40:48", "elapsed": 9001.854941, "delta": 0.006125}}
{"target": -17.67712029628099, "params": {"gamma": 43.2879736977676, "log10_alpha": 0.7457721910108832, "log10_colsample_bytree": -0.20552047738354862, "log10_eta": -1.8458874189758943, "log10_lambda": -4.690186203667997, "log10_min_child_weight": 4.952953018495676, "log10_subsample": -0.841175361166137, "max_depth": 6.0, "num_boost_round": 6.0}, "datetime": {"datetime": "2024-01-19 02:40:48", "elapsed": 9001.860877, "delta": 0.005936}}
{"target": -17.67713677391084, "params": {"gamma": 43.2879736977676, "log10_alpha": 0.7457721910108832, "log10_colsample_bytree": -0.20552047738354862, "log10_eta": -1.8458874189758943, "log10_lambda": -4.690186203667997, "log10_min_child_weight": 4.952953018495676, "log10_subsample": -0.841175361166137, "max_depth": 6.0, "num_boost_round": 7.0}, "datetime": {"datetime": "2024-01-19 02:40:48", "elapsed": 9001.867084, "delta": 0.006207}}
{"target": -17.677159696726253, "params": {"gamma": 43.2879736977676, "log10_alpha": 0.7457721910108832, "log10_colsample_bytree": -0.20552047738354862, "log10_eta": -1.8458874189758943, "log10_lambda": -4.690186203667997, "log10_min_child_weight": 4.952953018495676, "log10_subsample": -0.841175361166137, "max_depth": 6.0, "num_boost_round": 8.0}, "datetime": {"datetime": "2024-01-19 02:40:48", "elapsed": 9001.873224, "delta": 0.00614}}
{"target": -17.677183272848428, "params": {"gamma": 43.2879736977676, "log10_alpha": 0.7457721910108832, "log10_colsample_bytree": -0.20552047738354862, "log10_eta": -1.8458874189758943, "log10_lambda": -4.690186203667997, "log10_min_child_weight": 4.952953018495676, "log10_subsample": -0.841175361166137, "max_depth": 6.0, "num_boost_round": 9.0}, "datetime": {"datetime": "2024-01-19 02:40:48", "elapsed": 9001.879126, "delta": 0.005902}}
{"target": -17.677037515426886, "params": {"gamma": 43.2879736977676, "log10_alpha": 0.7457721910108832, "log10_colsample_bytree": -0.20552047738354862, "log10_eta": -1.8458874189758943, "log10_lambda": -4.690186203667997, "log10_min_child_weight": 4.952953018495676, "log10_subsample": -0.841175361166137, "max_depth": 6.0, "num_boost_round": 10.0}, "datetime": {"datetime": "2024-01-19 02:40:48", "elapsed": 9001.88507, "delta": 0.005944}}
{"target": -17.676899575275712, "params": {"gamma": 43.2879736977676, "log10_alpha": 0.7457721910108832, "log10_colsample_bytree": -0.20552047738354862, "log10_eta": -1.8458874189758943, "log10_lambda": -4.690186203667997, "log10_min_child_weight": 4.952953018495676, "log10_subsample": -0.841175361166137, "max_depth": 6.0, "num_boost_round": 11.0}, "datetime": {"datetime": "2024-01-19 02:40:48", "elapsed": 9001.891148, "delta": 0.006078}}
{"target": -17.67693007083789, "params": {"gamma": 43.2879736977676, "log10_alpha": 0.7457721910108832, "log10_colsample_bytree": -0.20552047738354862, "log10_eta": -1.8458874189758943, "log10_lambda": -4.690186203667997, "log10_min_child_weight": 4.952953018495676, "log10_subsample": -0.841175361166137, "max_depth": 6.0, "num_boost_round": 12.0}, "datetime": {"datetime": "2024-01-19 02:40:48", "elapsed": 9001.897146, "delta": 0.005998}}
{"target": -17.676960928939383, "params": {"gamma": 43.2879736977676, "log10_alpha": 0.7457721910108832, "log10_colsample_bytree": -0.20552047738354862, "log10_eta": -1.8458874189758943, "log10_lambda": -4.690186203667997, "log10_min_child_weight": 4.952953018495676, "log10_subsample": -0.841175361166137, "max_depth": 6.0, "num_boost_round": 13.0}, "datetime": {"datetime": "2024-01-19 02:40:48", "elapsed": 9002.005832, "delta": 0.108686}}
{"target": -17.676991297677063, "params": {"gamma": 43.2879736977676, "log10_alpha": 0.7457721910108832, "log10_colsample_bytree": -0.20552047738354862, "log10_eta": -1.8458874189758943, "log10_lambda": -4.690186203667997, "log10_min_child_weight": 4.952953018495676, "log10_subsample": -0.841175361166137, "max_depth": 6.0, "num_boost_round": 14.0}, "datetime": {"datetime": "2024-01-19 02:40:48", "elapsed": 9002.013181, "delta": 0.007349}}
{"target": -17.676843582156483, "params": {"gamma": 43.2879736977676, "log10_alpha": 0.7457721910108832, "log10_colsample_bytree": -0.20552047738354862, "log10_eta": -1.8458874189758943, "log10_lambda": -4.690186203667997, "log10_min_child_weight": 4.952953018495676, "log10_subsample": -0.841175361166137, "max_depth": 6.0, "num_boost_round": 15.0}, "datetime": {"datetime": "2024-01-19 02:40:48", "elapsed": 9002.01963, "delta": 0.006449}}
{"target": -17.676818996345652, "params": {"gamma": 43.2879736977676, "log10_alpha": 0.7457721910108832, "log10_colsample_bytree": -0.20552047738354862, "log10_eta": -1.8458874189758943, "log10_lambda": -4.690186203667997, "log10_min_child_weight": 4.952953018495676, "log10_subsample": -0.841175361166137, "max_depth": 6.0, "num_boost_round": 16.0}, "datetime": {"datetime": "2024-01-19 02:40:48", "elapsed": 9002.026339, "delta": 0.006709}}
{"target": -17.67685388870701, "params": {"gamma": 43.2879736977676, "log10_alpha": 0.7457721910108832, "log10_colsample_bytree": -0.20552047738354862, "log10_eta": -1.8458874189758943, "log10_lambda": -4.690186203667997, "log10_min_child_weight": 4.952953018495676, "log10_subsample": -0.841175361166137, "max_depth": 6.0, "num_boost_round": 17.0}, "datetime": {"datetime": "2024-01-19 02:40:48", "elapsed": 9002.032511, "delta": 0.006172}}
{"target": -17.676895177303745, "params": {"gamma": 43.2879736977676, "log10_alpha": 0.7457721910108832, "log10_colsample_bytree": -0.20552047738354862, "log10_eta": -1.8458874189758943, "log10_lambda": -4.690186203667997, "log10_min_child_weight": 4.952953018495676, "log10_subsample": -0.841175361166137, "max_depth": 6.0, "num_boost_round": 18.0}, "datetime": {"datetime": "2024-01-19 02:40:48", "elapsed": 9002.038567, "delta": 0.006056}}
{"target": -17.676749157561826, "params": {"gamma": 43.2879736977676, "log10_alpha": 0.7457721910108832, "log10_colsample_bytree": -0.20552047738354862, "log10_eta": -1.8458874189758943, "log10_lambda": -4.690186203667997, "log10_min_child_weight": 4.952953018495676, "log10_subsample": -0.841175361166137, "max_depth": 6.0, "num_boost_round": 19.0}, "datetime": {"datetime": "2024-01-19 02:40:48", "elapsed": 9002.044579, "delta": 0.006012}}
{"target": -17.676781922558156, "params": {"gamma": 43.2879736977676, "log10_alpha": 0.7457721910108832, "log10_colsample_bytree": -0.20552047738354862, "log10_eta": -1.8458874189758943, "log10_lambda": -4.690186203667997, "log10_min_child_weight": 4.952953018495676, "log10_subsample": -0.841175361166137, "max_depth": 6.0, "num_boost_round": 20.0}, "datetime": {"datetime": "2024-01-19 02:40:48", "elapsed": 9002.050575, "delta": 0.005996}}
{"target": -17.676639950347983, "params": {"gamma": 43.2879736977676, "log10_alpha": 0.7457721910108832, "log10_colsample_bytree": -0.20552047738354862, "log10_eta": -1.8458874189758943, "log10_lambda": -4.690186203667997, "log10_min_child_weight": 4.952953018495676, "log10_subsample": -0.841175361166137, "max_depth": 6.0, "num_boost_round": 21.0}, "datetime": {"datetime": "2024-01-19 02:40:48", "elapsed": 9002.056647, "delta": 0.006072}}
{"target": -17.67649911727897, "params": {"gamma": 43.2879736977676, "log10_alpha": 0.7457721910108832, "log10_colsample_bytree": -0.20552047738354862, "log10_eta": -1.8458874189758943, "log10_lambda": -4.690186203667997, "log10_min_child_weight": 4.952953018495676, "log10_subsample": -0.841175361166137, "max_depth": 6.0, "num_boost_round": 22.0}, "datetime": {"datetime": "2024-01-19 02:40:48", "elapsed": 9002.062536, "delta": 0.005889}}
{"target": -17.67647269300037, "params": {"gamma": 43.2879736977676, "log10_alpha": 0.7457721910108832, "log10_colsample_bytree": -0.20552047738354862, "log10_eta": -1.8458874189758943, "log10_lambda": -4.690186203667997, "log10_min_child_weight": 4.952953018495676, "log10_subsample": -0.841175361166137, "max_depth": 6.0, "num_boost_round": 23.0}, "datetime": {"datetime": "2024-01-19 02:40:48", "elapsed": 9002.068644, "delta": 0.006108}}
{"target": -17.676513892979912, "params": {"gamma": 43.2879736977676, "log10_alpha": 0.7457721910108832, "log10_colsample_bytree": -0.20552047738354862, "log10_eta": -1.8458874189758943, "log10_lambda": -4.690186203667997, "log10_min_child_weight": 4.952953018495676, "log10_subsample": -0.841175361166137, "max_depth": 6.0, "num_boost_round": 24.0}, "datetime": {"datetime": "2024-01-19 02:40:48", "elapsed": 9002.074488, "delta": 0.005844}}
