{"target": -17.67455275947616, "params": {"gamma": 10.310464757899318, "log10_alpha": 0.4788223467601451, "log10_colsample_bytree": -0.7835808983793449, "log10_eta": -2.633350295213903, "log10_lambda": -1.6861002200297617, "log10_min_child_weight": 2.387209343217431, "log10_subsample": -0.49971535697171, "max_depth": 9.0, "num_boost_round": 29.0}, "datetime": {"datetime": "2024-01-19 00:17:14", "elapsed": 387.943439, "delta": 0.000543}}
{"target": -17.67446171807945, "params": {"gamma": 10.310464757899318, "log10_alpha": 0.4788223467601451, "log10_colsample_bytree": -0.7835808983793449, "log10_eta": -2.633350295213903, "log10_lambda": -1.6861002200297617, "log10_min_child_weight": 2.387209343217431, "log10_subsample": -0.49971535697171, "max_depth": 9.0, "num_boost_round": 30.0}, "datetime": {"datetime": "2024-01-19 00:17:14", "elapsed": 387.943992, "delta": 0.000553}}
{"target": -17.674332599258477, "params": {"gamma": 10.310464757899318, "log10_alpha": 0.4788223467601451, "log10_colsample_bytree": -0.7835808983793449, "log10_eta": -2.633350295213903, "log10_lambda": -1.6861002200297617, "log10_min_child_weight": 2.387209343217431, "log10_subsample": -0.49971535697171, "max_depth": 9.0, "num_boost_round": 31.0}, "datetime": {"datetime": "2024-01-19 00:17:14", "elapsed": 387.944535, "delta": 0.000543}}
{"target": -17.674307662264603, "params": {"gamma": 10.310464757899318, "log10_alpha": 0.4788223467601451, "log10_colsample_bytree": -0.7835808983793449, "log10_eta": -2.633350295213903, "log10_lambda": -1.6861002200297617, "log10_min_child_weight": 2.387209343217431, "log10_subsample": -0.49971535697171, "max_depth": 9.0, "num_boost_round": 32.0}, "datetime": {"datetime": "2024-01-19 00:17:14", "elapsed": 387.945085, "delta": 0.00055}}
{"target": -17.674063301015167, "params": {"gamma": 10.310464757899318, "log10_alpha": 0.4788223467601451, "log10_colsample_bytree": -0.7835808983793449, "log10_eta": -2.633350295213903, "log10_lambda": -1.6861002200297617, "log10_min_child_weight": 2.387209343217431, "log10_subsample": -0.49971535697171, "max_depth": 9.0, "num_boost_round": 33.0}, "datetime": {"datetime": "2024-01-19 00:17:14", "elapsed": 387.945634, "delta": 0.000549}}
{"target": -17.673944292000066, "params": {"gamma": 10.310464757899318, "log10_alpha": 0.4788223467601451, "log10_colsample_bytree": -0.7835808983793449, "log10_eta": -2.633350295213903, "log10_lambda": -1.6861002200297617, "log10_min_child_weight": 2.387209343217431, "log10_subsample": -0.49971535697171, "max_depth": 9.0, "num_boost_round": 34.0}, "datetime": {"datetime": "2024-01-19 00:17:14", "elapsed": 387.946278, "delta": 0.000644}}
{"target": -17.673870227491264, "params": {"gamma": 10.310464757899318, "log10_alpha": 0.4788223467601451, "log10_colsample_bytree": -0.7835808983793449, "log10_eta": -2.633350295213903, "log10_lambda": -1.6861002200297617, "log10_min_child_weight": 2.387209343217431, "log10_subsample": -0.49971535697171, "max_depth": 9.0, "num_boost_round": 35.0}, "datetime": {"datetime": "2024-01-19 00:17:14", "elapsed": 387.946833, "delta": 0.000555}}
{"target": -17.67387289580046, "params": {"gamma": 10.310464757899318, "log10_alpha": 0.4788223467601451, "log10_colsample_bytree": -0.7835808983793449, "log10_eta": -2.633350295213903, "log10_lambda": -1.6861002200297617, "log10_min_child_weight": 2.387209343217431, "log10_subsample": -0.49971535697171, "max_depth": 9.0, "num_boost_round": 36.0}, "datetime": {"datetime": "2024-01-19 00:17:14", "elapsed": 387.947386, "delta": 0.000553}}
{"target": -17.67382181621202, "params": {"gamma": 10.310464757899318, "log10_alpha": 0.4788223467601451, "log10_colsample_bytree": -0.7835808983793449, "log10_eta": -2.633350295213903, "log10_lambda": -1.6861002200297617, "log10_min_child_weight": 2.387209343217431, "log10_subsample": -0.49971535697171, "max_depth": 9.0, "num_boost_round": 37.0}, "datetime": {"datetime": "2024-01-19 00:17:14", "elapsed": 387.947935, "delta": 0.000549}}
{"target": -17.673725861427382, "params": {"gamma": 10.310464757899318, "log10_alpha": 0.4788223467601451, "log10_colsample_bytree": -0.7835808983793449, "log10_eta": -2.633350295213903, "log10_lambda": -1.6861002200297617, "log10_min_child_weight": 2.387209343217431, "log10_subsample": -0.49971535697171, "max_depth": 9.0, "num_boost_round": 38.0}, "datetime": {"datetime": "2024-01-19 00:17:14", "elapsed": 387.94849, "delta": 0.000555}}
{"target": -17.673694991352697, "params": {"gamma": 10.310464757899318, "log10_alpha": 0.4788223467601451, "log10_colsample_bytree": -0.7835808983793449, "log10_eta": -2.633350295213903, "log10_lambda": -1.6861002200297617, "log10_min_child_weight": 2.387209343217431, "log10_subsample": -0.49971535697171, "max_depth": 9.0, "num_boost_round": 39.0}, "datetime": {"datetime": "2024-01-19 00:17:14", "elapsed": 387.949041, "delta": 0.000551}}
{"target": -17.673637381578605, "params": {"gamma": 10.310464757899318, "log10_alpha": 0.4788223467601451, "log10_colsample_bytree": -0.7835808983793449, "log10_eta": -2.633350295213903, "log10_lambda": -1.6861002200297617, "log10_min_child_weight": 2.387209343217431, "log10_subsample": -0.49971535697171, "max_depth": 9.0, "num_boost_round": 40.0}, "datetime": {"datetime": "2024-01-19 00:17:14", "elapsed": 387.949599, "delta": 0.000558}}
{"target": -17.929413642974794, "params": {"gamma": 6.883285551789409, "log10_alpha": -0.13874462687183264, "log10_colsample_bytree": -0.9026532365217554, "log10_eta": -0.05359978500310181, "log10_lambda": 0.8947985861886947, "log10_min_child_weight": 0.9524861628377379, "log10_subsample": -0.010864845905496745, "max_depth": 8.0, "num_boost_round": 0.0}, "datetime": {"datetime": "2024-01-19 00:18:02", "elapsed": 436.178176, "delta": 48.228577}}
{"target": -18.03302010109042, "params": {"gamma": 6.883285551789409, "log10_alpha": -0.13874462687183264, "log10_colsample_bytree": -0.9026532365217554, "log10_eta": -0.05359978500310181, "log10_lambda": 0.8947985861886947, "log10_min_child_weight": 0.9524861628377379, "log10_subsample": -0.010864845905496745, "max_depth": 8.0, "num_boost_round": 1.0}, "datetime": {"datetime": "2024-01-19 00:18:02", "elapsed": 436.179558, "delta": 0.001382}}
{"target": -18.22035985544751, "params": {"gamma": 6.883285551789409, "log10_alpha": -0.13874462687183264, "log10_colsample_bytree": -0.9026532365217554, "log10_eta": -0.05359978500310181, "log10_lambda": 0.8947985861886947, "log10_min_child_weight": 0.9524861628377379, "log10_subsample": -0.010864845905496745, "max_depth": 8.0, "num_boost_round": 2.0}, "datetime": {"datetime": "2024-01-19 00:18:02", "elapsed": 436.180228, "delta": 0.00067}}
{"target": -18.34079693747229, "params": {"gamma": 6.883285551789409, "log10_alpha": -0.13874462687183264, "log10_colsample_bytree": -0.9026532365217554, "log10_eta": -0.05359978500310181, "log10_lambda": 0.8947985861886947, "log10_min_child_weight": 0.9524861628377379, "log10_subsample": -0.010864845905496745, "max_depth": 8.0, "num_boost_round": 3.0}, "datetime": {"datetime": "2024-01-19 00:18:02", "elapsed": 436.180933, "delta": 0.000705}}
{"target": -18.450184775901885, "params": {"gamma": 6.883285551789409, "log10_alpha": -0.13874462687183264, "log10_colsample_bytree": -0.9026532365217554, "log10_eta": -0.05359978500310181, "log10_lambda": 0.8947985861886947, "log10_min_child_weight": 0.9524861628377379, "log10_subsample": -0.010864845905496745, "max_depth": 8.0, "num_boost_round": 4.0}, "datetime": {"datetime": "2024-01-19 00:18:02", "elapsed": 436.181591, "delta": 0.000658}}
{"target": -18.514266007698033, "params": {"gamma": 6.883285551789409, "log10_alpha": -0.13874462687183264, "log10_colsample_bytree": -0.9026532365217554, "log10_eta": -0.05359978500310181, "log10_lambda": 0.8947985861886947, "log10_min_child_weight": 0.9524861628377379, "log10_subsample": -0.010864845905496745, "max_depth": 8.0, "num_boost_round": 5.0}, "datetime": {"datetime": "2024-01-19 00:18:02", "elapsed": 436.182233, "delta": 0.000642}}
{"target": -18.624570778150193, "params": {"gamma": 6.883285551789409, "log10_alpha": -0.13874462687183264, "log10_colsample_bytree": -0.9026532365217554, "log10_eta": -0.05359978500310181, "log10_lambda": 0.8947985861886947, "log10_min_child_weight": 0.9524861628377379, "log10_subsample": -0.010864845905496745, "max_depth": 8.0, "num_boost_round": 6.0}, "datetime": {"datetime": "2024-01-19 00:18:02", "elapsed": 436.18301, "delta": 0.000777}}
{"target": -19.543541636117943, "params": {"gamma": 6.883285551789409, "log10_alpha": -0.13874462687183264, "log10_colsample_bytree": -0.9026532365217554, "log10_eta": -0.05359978500310181, "log10_lambda": 0.8947985861886947, "log10_min_child_weight": 0.9524861628377379, "log10_subsample": -0.010864845905496745, "max_depth": 8.0, "num_boost_round": 7.0}, "datetime": {"datetime": "2024-01-19 00:18:02", "elapsed": 436.1836, "delta": 0.00059}}
{"target": -19.578326461026542, "params": {"gamma": 6.883285551789409, "log10_alpha": -0.13874462687183264, "log10_colsample_bytree": -0.9026532365217554, "log10_eta": -0.05359978500310181, "log10_lambda": 0.8947985861886947, "log10_min_child_weight": 0.9524861628377379, "log10_subsample": -0.010864845905496745, "max_depth": 8.0, "num_boost_round": 8.0}, "datetime": {"datetime": "2024-01-19 00:18:02", "elapsed": 436.184252, "delta": 0.000652}}
{"target": -19.642386567093023, "params": {"gamma": 6.883285551789409, "log10_alpha": -0.13874462687183264, "log10_colsample_bytree": -0.9026532365217554, "log10_eta": -0.05359978500310181, "log10_lambda": 0.8947985861886947, "log10_min_child_weight": 0.9524861628377379, "log10_subsample": -0.010864845905496745, "max_depth": 8.0, "num_boost_round": 9.0}, "datetime": {"datetime": "2024-01-19 00:18:02", "elapsed": 436.184981, "delta": 0.000729}}
{"target": -19.71279495613405, "params": {"gamma": 6.883285551789409, "log10_alpha": -0.13874462687183264, "log10_colsample_bytree": -0.9026532365217554, "log10_eta": -0.05359978500310181, "log10_lambda": 0.8947985861886947, "log10_min_child_weight": 0.9524861628377379, "log10_subsample": -0.010864845905496745, "max_depth": 8.0, "num_boost_round": 10.0}, "datetime": {"datetime": "2024-01-19 00:18:02", "elapsed": 436.185923, "delta": 0.000942}}
{"target": -19.78065263976446, "params": {"gamma": 6.883285551789409, "log10_alpha": -0.13874462687183264, "log10_colsample_bytree": -0.9026532365217554, "log10_eta": -0.05359978500310181, "log10_lambda": 0.8947985861886947, "log10_min_child_weight": 0.9524861628377379, "log10_subsample": -0.010864845905496745, "max_depth": 8.0, "num_boost_round": 11.0}, "datetime": {"datetime": "2024-01-19 00:18:02", "elapsed": 436.186694, "delta": 0.000771}}
{"target": -19.804796948425913, "params": {"gamma": 6.883285551789409, "log10_alpha": -0.13874462687183264, "log10_colsample_bytree": -0.9026532365217554, "log10_eta": -0.05359978500310181, "log10_lambda": 0.8947985861886947, "log10_min_child_weight": 0.9524861628377379, "log10_subsample": -0.010864845905496745, "max_depth": 8.0, "num_boost_round": 12.0}, "datetime": {"datetime": "2024-01-19 00:18:02", "elapsed": 436.187299, "delta": 0.000605}}
{"target": -19.832529552798075, "params": {"gamma": 6.883285551789409, "log10_alpha": -0.13874462687183264, "log10_colsample_bytree": -0.9026532365217554, "log10_eta": -0.05359978500310181, "log10_lambda": 0.8947985861886947, "log10_min_child_weight": 0.9524861628377379, "log10_subsample": -0.010864845905496745, "max_depth": 8.0, "num_boost_round": 13.0}, "datetime": {"datetime": "2024-01-19 00:18:02", "elapsed": 436.187961, "delta": 0.000662}}
{"target": -19.92748679385285, "params": {"gamma": 6.883285551789409, "log10_alpha": -0.13874462687183264, "log10_colsample_bytree": -0.9026532365217554, "log10_eta": -0.05359978500310181, "log10_lambda": 0.8947985861886947, "log10_min_child_weight": 0.9524861628377379, "log10_subsample": -0.010864845905496745, "max_depth": 8.0, "num_boost_round": 14.0}, "datetime": {"datetime": "2024-01-19 00:18:02", "elapsed": 436.188619, "delta": 0.000658}}
{"target": -19.98455257575524, "params": {"gamma": 6.883285551789409, "log10_alpha": -0.13874462687183264, "log10_colsample_bytree": -0.9026532365217554, "log10_eta": -0.05359978500310181, "log10_lambda": 0.8947985861886947, "log10_min_child_weight": 0.9524861628377379, "log10_subsample": -0.010864845905496745, "max_depth": 8.0, "num_boost_round": 15.0}, "datetime": {"datetime": "2024-01-19 00:18:02", "elapsed": 436.189272, "delta": 0.000653}}
{"target": -20.02467687566413, "params": {"gamma": 6.883285551789409, "log10_alpha": -0.13874462687183264, "log10_colsample_bytree": -0.9026532365217554, "log10_eta": -0.05359978500310181, "log10_lambda": 0.8947985861886947, "log10_min_child_weight": 0.9524861628377379, "log10_subsample": -0.010864845905496745, "max_depth": 8.0, "num_boost_round": 16.0}, "datetime": {"datetime": "2024-01-19 00:18:02", "elapsed": 436.189946, "delta": 0.000674}}
{"target": -20.110034885485724, "params": {"gamma": 6.883285551789409, "log10_alpha": -0.13874462687183264, "log10_colsample_bytree": -0.9026532365217554, "log10_eta": -0.05359978500310181, "log10_lambda": 0.8947985861886947, "log10_min_child_weight": 0.9524861628377379, "log10_subsample": -0.010864845905496745, "max_depth": 8.0, "num_boost_round": 17.0}, "datetime": {"datetime": "2024-01-19 00:18:02", "elapsed": 436.190555, "delta": 0.000609}}
{"target": -20.1284329868701, "params": {"gamma": 6.883285551789409, "log10_alpha": -0.13874462687183264, "log10_colsample_bytree": -0.9026532365217554, "log10_eta": -0.05359978500310181, "log10_lambda": 0.8947985861886947, "log10_min_child_weight": 0.9524861628377379, "log10_subsample": -0.010864845905496745, "max_depth": 8.0, "num_boost_round": 18.0}, "datetime": {"datetime": "2024-01-19 00:18:02", "elapsed": 436.191283, "delta": 0.000728}}
{"target": -20.216224674162742, "params": {"gamma": 6.883285551789409, "log10_alpha": -0.13874462687183264, "log10_colsample_bytree": -0.9026532365217554, "log10_eta": -0.05359978500310181, "log10_lambda": 0.8947985861886947, "log10_min_child_weight": 0.9524861628377379, "log10_subsample": -0.010864845905496745, "max_depth": 8.0, "num_boost_round": 19.0}, "datetime": {"datetime": "2024-01-19 00:18:02", "elapsed": 436.191988, "delta": 0.000705}}
{"target": -20.30076049080463, "params": {"gamma": 6.883285551789409, "log10_alpha": -0.13874462687183264, "log10_colsample_bytree": -0.9026532365217554, "log10_eta": -0.05359978500310181, "log10_lambda": 0.8947985861886947, "log10_min_child_weight": 0.9524861628377379, "log10_subsample": -0.010864845905496745, "max_depth": 8.0, "num_boost_round": 20.0}, "datetime": {"datetime": "2024-01-19 00:18:02", "elapsed": 436.192675, "delta": 0.000687}}
{"target": -20.37038062340429, "params": {"gamma": 6.883285551789409, "log10_alpha": -0.13874462687183264, "log10_colsample_bytree": -0.9026532365217554, "log10_eta": -0.05359978500310181, "log10_lambda": 0.8947985861886947, "log10_min_child_weight": 0.9524861628377379, "log10_subsample": -0.010864845905496745, "max_depth": 8.0, "num_boost_round": 21.0}, "datetime": {"datetime": "2024-01-19 00:18:02", "elapsed": 436.193278, "delta": 0.000603}}
{"target": -20.42599842502791, "params": {"gamma": 6.883285551789409, "log10_alpha": -0.13874462687183264, "log10_colsample_bytree": -0.9026532365217554, "log10_eta": -0.05359978500310181, "log10_lambda": 0.8947985861886947, "log10_min_child_weight": 0.9524861628377379, "log10_subsample": -0.010864845905496745, "max_depth": 8.0, "num_boost_round": 22.0}, "datetime": {"datetime": "2024-01-19 00:18:02", "elapsed": 436.193948, "delta": 0.00067}}
{"target": -20.450475112903263, "params": {"gamma": 6.883285551789409, "log10_alpha": -0.13874462687183264, "log10_colsample_bytree": -0.9026532365217554, "log10_eta": -0.05359978500310181, "log10_lambda": 0.8947985861886947, "log10_min_child_weight": 0.9524861628377379, "log10_subsample": -0.010864845905496745, "max_depth": 8.0, "num_boost_round": 23.0}, "datetime": {"datetime": "2024-01-19 00:18:02", "elapsed": 436.194558, "delta": 0.00061}}
{"target": -20.54395666407286, "params": {"gamma": 6.883285551789409, "log10_alpha": -0.13874462687183264, "log10_colsample_bytree": -0.9026532365217554, "log10_eta": -0.05359978500310181, "log10_lambda": 0.8947985861886947, "log10_min_child_weight": 0.9524861628377379, "log10_subsample": -0.010864845905496745, "max_depth": 8.0, "num_boost_round": 24.0}, "datetime": {"datetime": "2024-01-19 00:18:02", "elapsed": 436.195251, "delta": 0.000693}}
{"target": -20.575590018735568, "params": {"gamma": 6.883285551789409, "log10_alpha": -0.13874462687183264, "log10_colsample_bytree": -0.9026532365217554, "log10_eta": -0.05359978500310181, "log10_lambda": 0.8947985861886947, "log10_min_child_weight": 0.9524861628377379, "log10_subsample": -0.010864845905496745, "max_depth": 8.0, "num_boost_round": 25.0}, "datetime": {"datetime": "2024-01-19 00:18:02", "elapsed": 436.196016, "delta": 0.000765}}
{"target": -20.6064963309323, "params": {"gamma": 6.883285551789409, "log10_alpha": -0.13874462687183264, "log10_colsample_bytree": -0.9026532365217554, "log10_eta": -0.05359978500310181, "log10_lambda": 0.8947985861886947, "log10_min_child_weight": 0.9524861628377379, "log10_subsample": -0.010864845905496745, "max_depth": 8.0, "num_boost_round": 26.0}, "datetime": {"datetime": "2024-01-19 00:18:02", "elapsed": 436.196713, "delta": 0.000697}}
{"target": -20.68525530412738, "params": {"gamma": 6.883285551789409, "log10_alpha": -0.13874462687183264, "log10_colsample_bytree": -0.9026532365217554, "log10_eta": -0.05359978500310181, "log10_lambda": 0.8947985861886947, "log10_min_child_weight": 0.9524861628377379, "log10_subsample": -0.010864845905496745, "max_depth": 8.0, "num_boost_round": 27.0}, "datetime": {"datetime": "2024-01-19 00:18:02", "elapsed": 436.197415, "delta": 0.000702}}
{"target": -20.71466866958942, "params": {"gamma": 6.883285551789409, "log10_alpha": -0.13874462687183264, "log10_colsample_bytree": -0.9026532365217554, "log10_eta": -0.05359978500310181, "log10_lambda": 0.8947985861886947, "log10_min_child_weight": 0.9524861628377379, "log10_subsample": -0.010864845905496745, "max_depth": 8.0, "num_boost_round": 28.0}, "datetime": {"datetime": "2024-01-19 00:18:02", "elapsed": 436.198055, "delta": 0.00064}}
{"target": -20.737190812975438, "params": {"gamma": 6.883285551789409, "log10_alpha": -0.13874462687183264, "log10_colsample_bytree": -0.9026532365217554, "log10_eta": -0.05359978500310181, "log10_lambda": 0.8947985861886947, "log10_min_child_weight": 0.9524861628377379, "log10_subsample": -0.010864845905496745, "max_depth": 8.0, "num_boost_round": 29.0}, "datetime": {"datetime": "2024-01-19 00:18:02", "elapsed": 436.198749, "delta": 0.000694}}
{"target": -20.823708410814383, "params": {"gamma": 6.883285551789409, "log10_alpha": -0.13874462687183264, "log10_colsample_bytree": -0.9026532365217554, "log10_eta": -0.05359978500310181, "log10_lambda": 0.8947985861886947, "log10_min_child_weight": 0.9524861628377379, "log10_subsample": -0.010864845905496745, "max_depth": 8.0, "num_boost_round": 30.0}, "datetime": {"datetime": "2024-01-19 00:18:02", "elapsed": 436.200186, "delta": 0.001437}}
{"target": -20.88968404768843, "params": {"gamma": 6.883285551789409, "log10_alpha": -0.13874462687183264, "log10_colsample_bytree": -0.9026532365217554, "log10_eta": -0.05359978500310181, "log10_lambda": 0.8947985861886947, "log10_min_child_weight": 0.9524861628377379, "log10_subsample": -0.010864845905496745, "max_depth": 8.0, "num_boost_round": 31.0}, "datetime": {"datetime": "2024-01-19 00:18:02", "elapsed": 436.200932, "delta": 0.000746}}
{"target": -20.913115377236654, "params": {"gamma": 6.883285551789409, "log10_alpha": -0.13874462687183264, "log10_colsample_bytree": -0.9026532365217554, "log10_eta": -0.05359978500310181, "log10_lambda": 0.8947985861886947, "log10_min_child_weight": 0.9524861628377379, "log10_subsample": -0.010864845905496745, "max_depth": 8.0, "num_boost_round": 32.0}, "datetime": {"datetime": "2024-01-19 00:18:02", "elapsed": 436.201669, "delta": 0.000737}}
{"target": -20.954745626787055, "params": {"gamma": 6.883285551789409, "log10_alpha": -0.13874462687183264, "log10_colsample_bytree": -0.9026532365217554, "log10_eta": -0.05359978500310181, "log10_lambda": 0.8947985861886947, "log10_min_child_weight": 0.9524861628377379, "log10_subsample": -0.010864845905496745, "max_depth": 8.0, "num_boost_round": 33.0}, "datetime": {"datetime": "2024-01-19 00:18:02", "elapsed": 436.202406, "delta": 0.000737}}
{"target": -20.99794230041197, "params": {"gamma": 6.883285551789409, "log10_alpha": -0.13874462687183264, "log10_colsample_bytree": -0.9026532365217554, "log10_eta": -0.05359978500310181, "log10_lambda": 0.8947985861886947, "log10_min_child_weight": 0.9524861628377379, "log10_subsample": -0.010864845905496745, "max_depth": 8.0, "num_boost_round": 34.0}, "datetime": {"datetime": "2024-01-19 00:18:02", "elapsed": 436.203145, "delta": 0.000739}}
{"target": -21.04237700101683, "params": {"gamma": 6.883285551789409, "log10_alpha": -0.13874462687183264, "log10_colsample_bytree": -0.9026532365217554, "log10_eta": -0.05359978500310181, "log10_lambda": 0.8947985861886947, "log10_min_child_weight": 0.9524861628377379, "log10_subsample": -0.010864845905496745, "max_depth": 8.0, "num_boost_round": 35.0}, "datetime": {"datetime": "2024-01-19 00:18:02", "elapsed": 436.203871, "delta": 0.000726}}
{"target": -17.677226374618208, "params": {"gamma": 11.29983445499727, "log10_alpha": -1.2172245005735771, "log10_colsample_bytree": -0.4646468254860465, "log10_eta": -3.7691190378823833, "log10_lambda": -1.2016355149747024, "log10_min_child_weight": 3.7484613684250427, "log10_subsample": -0.7729711413574947, "max_depth": 9.0, "num_boost_round": 0.0}, "datetime": {"datetime": "2024-01-19 00:18:37", "elapsed": 471.015518, "delta": 34.811647}}
