{"target": -17.677225438844427, "params": {"gamma": 11.29983445499727, "log10_alpha": -1.2172245005735771, "log10_colsample_bytree": -0.4646468254860465, "log10_eta": -3.7691190378823833, "log10_lambda": -1.2016355149747024, "log10_min_child_weight": 3.7484613684250427, "log10_subsample": -0.7729711413574947, "max_depth": 9.0, "num_boost_round": 1.0}, "datetime": {"datetime": "2024-01-19 00:18:37", "elapsed": 471.017307, "delta": 0.001789}}
{"target": -17.677227503394242, "params": {"gamma": 11.29983445499727, "log10_alpha": -1.2172245005735771, "log10_colsample_bytree": -0.4646468254860465, "log10_eta": -3.7691190378823833, "log10_lambda": -1.2016355149747024, "log10_min_child_weight": 3.7484613684250427, "log10_subsample": -0.7729711413574947, "max_depth": 9.0, "num_boost_round": 2.0}, "datetime": {"datetime": "2024-01-19 00:18:37", "elapsed": 471.018525, "delta": 0.001218}}
{"target": -17.677225643143508, "params": {"gamma": 11.29983445499727, "log10_alpha": -1.2172245005735771, "log10_colsample_bytree": -0.4646468254860465, "log10_eta": -3.7691190378823833, "log10_lambda": -1.2016355149747024, "log10_min_child_weight": 3.7484613684250427, "log10_subsample": -0.7729711413574947, "max_depth": 9.0, "num_boost_round": 3.0}, "datetime": {"datetime": "2024-01-19 00:18:37", "elapsed": 471.019347, "delta": 0.000822}}
{"target": -17.67722710190476, "params": {"gamma": 11.29983445499727, "log10_alpha": -1.2172245005735771, "log10_colsample_bytree": -0.4646468254860465, "log10_eta": -3.7691190378823833, "log10_lambda": -1.2016355149747024, "log10_min_child_weight": 3.7484613684250427, "log10_subsample": -0.7729711413574947, "max_depth": 9.0, "num_boost_round": 4.0}, "datetime": {"datetime": "2024-01-19 00:18:37", "elapsed": 471.020112, "delta": 0.000765}}
{"target": -17.677226176131526, "params": {"gamma": 11.29983445499727, "log10_alpha": -1.2172245005735771, "log10_colsample_bytree": -0.4646468254860465, "log10_eta": -3.7691190378823833, "log10_lambda": -1.2016355149747024, "log10_min_child_weight": 3.7484613684250427, "log10_subsample": -0.7729711413574947, "max_depth": 9.0, "num_boost_round": 5.0}, "datetime": {"datetime": "2024-01-19 00:18:37", "elapsed": 471.020856, "delta": 0.000744}}
{"target": -17.67722634550795, "params": {"gamma": 11.29983445499727, "log10_alpha": -1.2172245005735771, "log10_colsample_bytree": -0.4646468254860465, "log10_eta": -3.7691190378823833, "log10_lambda": -1.2016355149747024, "log10_min_child_weight": 3.7484613684250427, "log10_subsample": -0.7729711413574947, "max_depth": 9.0, "num_boost_round": 6.0}, "datetime": {"datetime": "2024-01-19 00:18:37", "elapsed": 471.021633, "delta": 0.000777}}
{"target": -17.677224344451336, "params": {"gamma": 11.29983445499727, "log10_alpha": -1.2172245005735771, "log10_colsample_bytree": -0.4646468254860465, "log10_eta": -3.7691190378823833, "log10_lambda": -1.2016355149747024, "log10_min_child_weight": 3.7484613684250427, "log10_subsample": -0.7729711413574947, "max_depth": 9.0, "num_boost_round": 7.0}, "datetime": {"datetime": "2024-01-19 00:18:37", "elapsed": 471.022407, "delta": 0.000774}}
{"target": -17.677223244450627, "params": {"gamma": 11.29983445499727, "log10_alpha": -1.2172245005735771, "log10_colsample_bytree": -0.4646468254860465, "log10_eta": -3.7691190378823833, "log10_lambda": -1.2016355149747024, "log10_min_child_weight": 3.7484613684250427, "log10_subsample": -0.7729711413574947, "max_depth": 9.0, "num_boost_round": 8.0}, "datetime": {"datetime": "2024-01-19 00:18:37", "elapsed": 471.023173, "delta": 0.000766}}
{"target": -17.677220065191108, "params": {"gamma": 11.29983445499727, "log10_alpha": -1.2172245005735771, "log10_colsample_bytree": -0.4646468254860465, "log10_eta": -3.7691190378823833, "log10_lambda": -1.2016355149747024, "log10_min_child_weight": 3.7484613684250427, "log10_subsample": -0.7729711413574947, "max_depth": 9.0, "num_boost_round": 9.0}, "datetime": {"datetime": "2024-01-19 00:18:37", "elapsed": 471.023959, "delta": 0.000786}}
{"target": -17.677216030581178, "params": {"gamma": 11.29983445499727, "log10_alpha": -1.2172245005735771, "log10_colsample_bytree": -0.4646468254860465, "log10_eta": -3.7691190378823833, "log10_lambda": -1.2016355149747024, "log10_min_child_weight": 3.7484613684250427, "log10_subsample": -0.7729711413574947, "max_depth": 9.0, "num_boost_round": 10.0}, "datetime": {"datetime": "2024-01-19 00:18:37", "elapsed": 471.024753, "delta": 0.000794}}
{"target": -17.677211716051374, "params": {"gamma": 11.29983445499727, "log10_alpha": -1.2172245005735771, "log10_colsample_bytree": -0.4646468254860465, "log10_eta": -3.7691190378823833, "log10_lambda": -1.2016355149747024, "log10_min_child_weight": 3.7484613684250427, "log10_subsample": -0.7729711413574947, "max_depth": 9.0, "num_boost_round": 11.0}, "datetime": {"datetime": "2024-01-19 00:18:37", "elapsed": 471.025562, "delta": 0.000809}}
{"target": -17.6772123658171, "params": {"gamma": 11.29983445499727, "log10_alpha": -1.2172245005735771, "log10_colsample_bytree": -0.4646468254860465, "log10_eta": -3.7691190378823833, "log10_lambda": -1.2016355149747024, "log10_min_child_weight": 3.7484613684250427, "log10_subsample": -0.7729711413574947, "max_depth": 9.0, "num_boost_round": 12.0}, "datetime": {"datetime": "2024-01-19 00:18:37", "elapsed": 471.026352, "delta": 0.00079}}
{"target": -17.67721559107309, "params": {"gamma": 11.29983445499727, "log10_alpha": -1.2172245005735771, "log10_colsample_bytree": -0.4646468254860465, "log10_eta": -3.7691190378823833, "log10_lambda": -1.2016355149747024, "log10_min_child_weight": 3.7484613684250427, "log10_subsample": -0.7729711413574947, "max_depth": 9.0, "num_boost_round": 13.0}, "datetime": {"datetime": "2024-01-19 00:18:37", "elapsed": 471.027123, "delta": 0.000771}}
{"target": -17.677213314897738, "params": {"gamma": 11.29983445499727, "log10_alpha": -1.2172245005735771, "log10_colsample_bytree": -0.4646468254860465, "log10_eta": -3.7691190378823833, "log10_lambda": -1.2016355149747024, "log10_min_child_weight": 3.7484613684250427, "log10_subsample": -0.7729711413574947, "max_depth": 9.0, "num_boost_round": 14.0}, "datetime": {"datetime": "2024-01-19 00:18:37", "elapsed": 471.027917, "delta": 0.000794}}
{"target": -17.67720935651488, "params": {"gamma": 11.29983445499727, "log10_alpha": -1.2172245005735771, "log10_colsample_bytree": -0.4646468254860465, "log10_eta": -3.7691190378823833, "log10_lambda": -1.2016355149747024, "log10_min_child_weight": 3.7484613684250427, "log10_subsample": -0.7729711413574947, "max_depth": 9.0, "num_boost_round": 15.0}, "datetime": {"datetime": "2024-01-19 00:18:37", "elapsed": 471.028706, "delta": 0.000789}}
{"target": -17.677210159071425, "params": {"gamma": 11.29983445499727, "log10_alpha": -1.2172245005735771, "log10_colsample_bytree": -0.4646468254860465, "log10_eta": -3.7691190378823833, "log10_lambda": -1.2016355149747024, "log10_min_child_weight": 3.7484613684250427, "log10_subsample": -0.7729711413574947, "max_depth": 9.0, "num_boost_round": 16.0}, "datetime": {"datetime": "2024-01-19 00:18:37", "elapsed": 471.029499, "delta": 0.000793}}
{"target": -17.677211155324876, "params": {"gamma": 11.29983445499727, "log10_alpha": -1.2172245005735771, "log10_colsample_bytree": -0.4646468254860465, "log10_eta": -3.7691190378823833, "log10_lambda": -1.2016355149747024, "log10_min_child_weight": 3.7484613684250427, "log10_subsample": -0.7729711413574947, "max_depth": 9.0, "num_boost_round": 17.0}, "datetime": {"datetime": "2024-01-19 00:18:37", "elapsed": 471.030263, "delta": 0.000764}}
{"target": -17.677207889463478, "params": {"gamma": 11.29983445499727, "log10_alpha": -1.2172245005735771, "log10_colsample_bytree": -0.4646468254860465, "log10_eta": -3.7691190378823833, "log10_lambda": -1.2016355149747024, "log10_min_child_weight": 3.7484613684250427, "log10_subsample": -0.7729711413574947, "max_depth": 9.0, "num_boost_round": 18.0}, "datetime": {"datetime": "2024-01-19 00:18:37", "elapsed": 471.031043, "delta": 0.00078}}
{"target": -17.67720363159949, "params": {"gamma": 11.29983445499727, "log10_alpha": -1.2172245005735771, "log10_colsample_bytree": -0.4646468254860465, "log10_eta": -3.7691190378823833, "log10_lambda": -1.2016355149747024, "log10_min_child_weight": 3.7484613684250427, "log10_subsample": -0.7729711413574947, "max_depth": 9.0, "num_boost_round": 19.0}, "datetime": {"datetime": "2024-01-19 00:18:37", "elapsed": 471.031833, "delta": 0.00079}}
{"target": -17.677202947735964, "params": {"gamma": 11.29983445499727, "log10_alpha": -1.2172245005735771, "log10_colsample_bytree": -0.4646468254860465, "log10_eta": -3.7691190378823833, "log10_lambda": -1.2016355149747024, "log10_min_child_weight": 3.7484613684250427, "log10_subsample": -0.7729711413574947, "max_depth": 9.0, "num_boost_round": 20.0}, "datetime": {"datetime": "2024-01-19 00:18:37", "elapsed": 471.032615, "delta": 0.000782}}
{"target": -17.677197438403176, "params": {"gamma": 11.29983445499727, "log10_alpha": -1.2172245005735771, "log10_colsample_bytree": -0.4646468254860465, "log10_eta": -3.7691190378823833, "log10_lambda": -1.2016355149747024, "log10_min_child_weight": 3.7484613684250427, "log10_subsample": -0.7729711413574947, "max_depth": 9.0, "num_boost_round": 21.0}, "datetime": {"datetime": "2024-01-19 00:18:37", "elapsed": 471.033386, "delta": 0.000771}}
{"target": -17.677192003696838, "params": {"gamma": 11.29983445499727, "log10_alpha": -1.2172245005735771, "log10_colsample_bytree": -0.4646468254860465, "log10_eta": -3.7691190378823833, "log10_lambda": -1.2016355149747024, "log10_min_child_weight": 3.7484613684250427, "log10_subsample": -0.7729711413574947, "max_depth": 9.0, "num_boost_round": 22.0}, "datetime": {"datetime": "2024-01-19 00:18:37", "elapsed": 471.034169, "delta": 0.000783}}
{"target": -17.67719074665271, "params": {"gamma": 11.29983445499727, "log10_alpha": -1.2172245005735771, "log10_colsample_bytree": -0.4646468254860465, "log10_eta": -3.7691190378823833, "log10_lambda": -1.2016355149747024, "log10_min_child_weight": 3.7484613684250427, "log10_subsample": -0.7729711413574947, "max_depth": 9.0, "num_boost_round": 23.0}, "datetime": {"datetime": "2024-01-19 00:18:37", "elapsed": 471.034955, "delta": 0.000786}}
{"target": -17.6771906046594, "params": {"gamma": 11.29983445499727, "log10_alpha": -1.2172245005735771, "log10_colsample_bytree": -0.4646468254860465, "log10_eta": -3.7691190378823833, "log10_lambda": -1.2016355149747024, "log10_min_child_weight": 3.7484613684250427, "log10_subsample": -0.7729711413574947, "max_depth": 9.0, "num_boost_round": 24.0}, "datetime": {"datetime": "2024-01-19 00:18:37", "elapsed": 471.035762, "delta": 0.000807}}
{"target": -17.67718778677947, "params": {"gamma": 11.29983445499727, "log10_alpha": -1.2172245005735771, "log10_colsample_bytree": -0.4646468254860465, "log10_eta": -3.7691190378823833, "log10_lambda": -1.2016355149747024, "log10_min_child_weight": 3.7484613684250427, "log10_subsample": -0.7729711413574947, "max_depth": 9.0, "num_boost_round": 25.0}, "datetime": {"datetime": "2024-01-19 00:18:37", "elapsed": 471.036568, "delta": 0.000806}}
{"target": -17.67719185857387, "params": {"gamma": 11.29983445499727, "log10_alpha": -1.2172245005735771, "log10_colsample_bytree": -0.4646468254860465, "log10_eta": -3.7691190378823833, "log10_lambda": -1.2016355149747024, "log10_min_child_weight": 3.7484613684250427, "log10_subsample": -0.7729711413574947, "max_depth": 9.0, "num_boost_round": 26.0}, "datetime": {"datetime": "2024-01-19 00:18:37", "elapsed": 471.037371, "delta": 0.000803}}
{"target": -17.67719071689382, "params": {"gamma": 11.29983445499727, "log10_alpha": -1.2172245005735771, "log10_colsample_bytree": -0.4646468254860465, "log10_eta": -3.7691190378823833, "log10_lambda": -1.2016355149747024, "log10_min_child_weight": 3.7484613684250427, "log10_subsample": -0.7729711413574947, "max_depth": 9.0, "num_boost_round": 27.0}, "datetime": {"datetime": "2024-01-19 00:18:37", "elapsed": 471.038143, "delta": 0.000772}}
{"target": -17.67691510937033, "params": {"gamma": 13.37337746834233, "log10_alpha": 0.9912783144068529, "log10_colsample_bytree": -0.569222564100396, "log10_eta": -1.6564608830467873, "log10_lambda": -4.766383413573232, "log10_min_child_weight": 4.10488057057503, "log10_subsample": -0.5447579251714965, "max_depth": 9.0, "num_boost_round": 0.0}, "datetime": {"datetime": "2024-01-19 00:19:11", "elapsed": 505.626523, "delta": 34.58838}}
{"target": -17.67683284023493, "params": {"gamma": 13.37337746834233, "log10_alpha": 0.9912783144068529, "log10_colsample_bytree": -0.569222564100396, "log10_eta": -1.6564608830467873, "log10_lambda": -4.766383413573232, "log10_min_child_weight": 4.10488057057503, "log10_subsample": -0.5447579251714965, "max_depth": 9.0, "num_boost_round": 1.0}, "datetime": {"datetime": "2024-01-19 00:19:11", "elapsed": 505.627423, "delta": 0.0009}}
{"target": -17.67720495044536, "params": {"gamma": 13.37337746834233, "log10_alpha": 0.9912783144068529, "log10_colsample_bytree": -0.569222564100396, "log10_eta": -1.6564608830467873, "log10_lambda": -4.766383413573232, "log10_min_child_weight": 4.10488057057503, "log10_subsample": -0.5447579251714965, "max_depth": 9.0, "num_boost_round": 2.0}, "datetime": {"datetime": "2024-01-19 00:19:11", "elapsed": 505.628133, "delta": 0.00071}}
{"target": -17.67710386694434, "params": {"gamma": 13.37337746834233, "log10_alpha": 0.9912783144068529, "log10_colsample_bytree": -0.569222564100396, "log10_eta": -1.6564608830467873, "log10_lambda": -4.766383413573232, "log10_min_child_weight": 4.10488057057503, "log10_subsample": -0.5447579251714965, "max_depth": 9.0, "num_boost_round": 3.0}, "datetime": {"datetime": "2024-01-19 00:19:11", "elapsed": 505.628834, "delta": 0.000701}}
{"target": -17.676947683491807, "params": {"gamma": 13.37337746834233, "log10_alpha": 0.9912783144068529, "log10_colsample_bytree": -0.569222564100396, "log10_eta": -1.6564608830467873, "log10_lambda": -4.766383413573232, "log10_min_child_weight": 4.10488057057503, "log10_subsample": -0.5447579251714965, "max_depth": 9.0, "num_boost_round": 4.0}, "datetime": {"datetime": "2024-01-19 00:19:11", "elapsed": 505.629623, "delta": 0.000789}}
{"target": -17.677484658919543, "params": {"gamma": 13.37337746834233, "log10_alpha": 0.9912783144068529, "log10_colsample_bytree": -0.569222564100396, "log10_eta": -1.6564608830467873, "log10_lambda": -4.766383413573232, "log10_min_child_weight": 4.10488057057503, "log10_subsample": -0.5447579251714965, "max_depth": 9.0, "num_boost_round": 5.0}, "datetime": {"datetime": "2024-01-19 00:19:11", "elapsed": 505.630302, "delta": 0.000679}}
{"target": -17.677977230519794, "params": {"gamma": 13.37337746834233, "log10_alpha": 0.9912783144068529, "log10_colsample_bytree": -0.569222564100396, "log10_eta": -1.6564608830467873, "log10_lambda": -4.766383413573232, "log10_min_child_weight": 4.10488057057503, "log10_subsample": -0.5447579251714965, "max_depth": 9.0, "num_boost_round": 6.0}, "datetime": {"datetime": "2024-01-19 00:19:11", "elapsed": 505.631452, "delta": 0.00115}}
{"target": -17.67791602582967, "params": {"gamma": 13.37337746834233, "log10_alpha": 0.9912783144068529, "log10_colsample_bytree": -0.569222564100396, "log10_eta": -1.6564608830467873, "log10_lambda": -4.766383413573232, "log10_min_child_weight": 4.10488057057503, "log10_subsample": -0.5447579251714965, "max_depth": 9.0, "num_boost_round": 7.0}, "datetime": {"datetime": "2024-01-19 00:19:11", "elapsed": 505.632217, "delta": 0.000765}}
{"target": -17.678076549008704, "params": {"gamma": 13.37337746834233, "log10_alpha": 0.9912783144068529, "log10_colsample_bytree": -0.569222564100396, "log10_eta": -1.6564608830467873, "log10_lambda": -4.766383413573232, "log10_min_child_weight": 4.10488057057503, "log10_subsample": -0.5447579251714965, "max_depth": 9.0, "num_boost_round": 8.0}, "datetime": {"datetime": "2024-01-19 00:19:11", "elapsed": 505.63292, "delta": 0.000703}}
{"target": -17.678028614472108, "params": {"gamma": 13.37337746834233, "log10_alpha": 0.9912783144068529, "log10_colsample_bytree": -0.569222564100396, "log10_eta": -1.6564608830467873, "log10_lambda": -4.766383413573232, "log10_min_child_weight": 4.10488057057503, "log10_subsample": -0.5447579251714965, "max_depth": 9.0, "num_boost_round": 9.0}, "datetime": {"datetime": "2024-01-19 00:19:11", "elapsed": 505.633646, "delta": 0.000726}}
{"target": -17.677925047501287, "params": {"gamma": 13.37337746834233, "log10_alpha": 0.9912783144068529, "log10_colsample_bytree": -0.569222564100396, "log10_eta": -1.6564608830467873, "log10_lambda": -4.766383413573232, "log10_min_child_weight": 4.10488057057503, "log10_subsample": -0.5447579251714965, "max_depth": 9.0, "num_boost_round": 10.0}, "datetime": {"datetime": "2024-01-19 00:19:11", "elapsed": 505.634479, "delta": 0.000833}}
{"target": -17.677503145462804, "params": {"gamma": 13.37337746834233, "log10_alpha": 0.9912783144068529, "log10_colsample_bytree": -0.569222564100396, "log10_eta": -1.6564608830467873, "log10_lambda": -4.766383413573232, "log10_min_child_weight": 4.10488057057503, "log10_subsample": -0.5447579251714965, "max_depth": 9.0, "num_boost_round": 11.0}, "datetime": {"datetime": "2024-01-19 00:19:11", "elapsed": 505.635148, "delta": 0.000669}}
{"target": -17.678083674378794, "params": {"gamma": 13.37337746834233, "log10_alpha": 0.9912783144068529, "log10_colsample_bytree": -0.569222564100396, "log10_eta": -1.6564608830467873, "log10_lambda": -4.766383413573232, "log10_min_child_weight": 4.10488057057503, "log10_subsample": -0.5447579251714965, "max_depth": 9.0, "num_boost_round": 12.0}, "datetime": {"datetime": "2024-01-19 00:19:11", "elapsed": 505.635868, "delta": 0.00072}}
{"target": -17.678223012909896, "params": {"gamma": 13.37337746834233, "log10_alpha": 0.9912783144068529, "log10_colsample_bytree": -0.569222564100396, "log10_eta": -1.6564608830467873, "log10_lambda": -4.766383413573232, "log10_min_child_weight": 4.10488057057503, "log10_subsample": -0.5447579251714965, "max_depth": 9.0, "num_boost_round": 13.0}, "datetime": {"datetime": "2024-01-19 00:19:11", "elapsed": 505.636528, "delta": 0.00066}}
{"target": -17.678335533702978, "params": {"gamma": 13.37337746834233, "log10_alpha": 0.9912783144068529, "log10_colsample_bytree": -0.569222564100396, "log10_eta": -1.6564608830467873, "log10_lambda": -4.766383413573232, "log10_min_child_weight": 4.10488057057503, "log10_subsample": -0.5447579251714965, "max_depth": 9.0, "num_boost_round": 14.0}, "datetime": {"datetime": "2024-01-19 00:19:11", "elapsed": 505.637182, "delta": 0.000654}}
{"target": -17.67847150976473, "params": {"gamma": 13.37337746834233, "log10_alpha": 0.9912783144068529, "log10_colsample_bytree": -0.569222564100396, "log10_eta": -1.6564608830467873, "log10_lambda": -4.766383413573232, "log10_min_child_weight": 4.10488057057503, "log10_subsample": -0.5447579251714965, "max_depth": 9.0, "num_boost_round": 15.0}, "datetime": {"datetime": "2024-01-19 00:19:11", "elapsed": 505.637835, "delta": 0.000653}}
{"target": -17.67823189376214, "params": {"gamma": 13.37337746834233, "log10_alpha": 0.9912783144068529, "log10_colsample_bytree": -0.569222564100396, "log10_eta": -1.6564608830467873, "log10_lambda": -4.766383413573232, "log10_min_child_weight": 4.10488057057503, "log10_subsample": -0.5447579251714965, "max_depth": 9.0, "num_boost_round": 16.0}, "datetime": {"datetime": "2024-01-19 00:19:11", "elapsed": 505.638499, "delta": 0.000664}}
{"target": -17.678392451984767, "params": {"gamma": 13.37337746834233, "log10_alpha": 0.9912783144068529, "log10_colsample_bytree": -0.569222564100396, "log10_eta": -1.6564608830467873, "log10_lambda": -4.766383413573232, "log10_min_child_weight": 4.10488057057503, "log10_subsample": -0.5447579251714965, "max_depth": 9.0, "num_boost_round": 17.0}, "datetime": {"datetime": "2024-01-19 00:19:11", "elapsed": 505.639157, "delta": 0.000658}}
{"target": -17.67877327698857, "params": {"gamma": 13.37337746834233, "log10_alpha": 0.9912783144068529, "log10_colsample_bytree": -0.569222564100396, "log10_eta": -1.6564608830467873, "log10_lambda": -4.766383413573232, "log10_min_child_weight": 4.10488057057503, "log10_subsample": -0.5447579251714965, "max_depth": 9.0, "num_boost_round": 18.0}, "datetime": {"datetime": "2024-01-19 00:19:11", "elapsed": 505.639832, "delta": 0.000675}}
{"target": -17.67858899517784, "params": {"gamma": 13.37337746834233, "log10_alpha": 0.9912783144068529, "log10_colsample_bytree": -0.569222564100396, "log10_eta": -1.6564608830467873, "log10_lambda": -4.766383413573232, "log10_min_child_weight": 4.10488057057503, "log10_subsample": -0.5447579251714965, "max_depth": 9.0, "num_boost_round": 19.0}, "datetime": {"datetime": "2024-01-19 00:19:11", "elapsed": 505.6405, "delta": 0.000668}}
{"target": -17.67859190788413, "params": {"gamma": 13.37337746834233, "log10_alpha": 0.9912783144068529, "log10_colsample_bytree": -0.569222564100396, "log10_eta": -1.6564608830467873, "log10_lambda": -4.766383413573232, "log10_min_child_weight": 4.10488057057503, "log10_subsample": -0.5447579251714965, "max_depth": 9.0, "num_boost_round": 20.0}, "datetime": {"datetime": "2024-01-19 00:19:11", "elapsed": 505.641178, "delta": 0.000678}}
{"target": -17.678664605262636, "params": {"gamma": 13.37337746834233, "log10_alpha": 0.9912783144068529, "log10_colsample_bytree": -0.569222564100396, "log10_eta": -1.6564608830467873, "log10_lambda": -4.766383413573232, "log10_min_child_weight": 4.10488057057503, "log10_subsample": -0.5447579251714965, "max_depth": 9.0, "num_boost_round": 21.0}, "datetime": {"datetime": "2024-01-19 00:19:11", "elapsed": 505.641836, "delta": 0.000658}}
