{"target": -13.788982906247062, "params": {"gamma": 873.4294027918163, "log10_alpha": 0.8112439769255921, "log10_colsample_bytree": -0.13080545978608005, "log10_eta": -1.876577233777604, "log10_lambda": -3.6036300321362558, "log10_min_child_weight": 0.056994021387149485, "log10_subsample": -0.5695311817075095, "max_depth": 5.0, "num_boost_round": 98.0}, "datetime": {"datetime": "2024-01-19 00:11:20", "elapsed": 0.023757, "delta": 0.000245}}
{"target": -13.789579565345134, "params": {"gamma": 873.4294027918163, "log10_alpha": 0.8112439769255921, "log10_colsample_bytree": -0.13080545978608005, "log10_eta": -1.876577233777604, "log10_lambda": -3.6036300321362558, "log10_min_child_weight": 0.056994021387149485, "log10_subsample": -0.5695311817075095, "max_depth": 5.0, "num_boost_round": 99.0}, "datetime": {"datetime": "2024-01-19 00:11:20", "elapsed": 0.023996, "delta": 0.000239}}
{"target": -13.789886683359327, "params": {"gamma": 873.4294027918163, "log10_alpha": 0.8112439769255921, "log10_colsample_bytree": -0.13080545978608005, "log10_eta": -1.876577233777604, "log10_lambda": -3.6036300321362558, "log10_min_child_weight": 0.056994021387149485, "log10_subsample": -0.5695311817075095, "max_depth": 5.0, "num_boost_round": 100.0}, "datetime": {"datetime": "2024-01-19 00:11:20", "elapsed": 0.024234, "delta": 0.000238}}
{"target": -13.790518213551726, "params": {"gamma": 873.4294027918163, "log10_alpha": 0.8112439769255921, "log10_colsample_bytree": -0.13080545978608005, "log10_eta": -1.876577233777604, "log10_lambda": -3.6036300321362558, "log10_min_child_weight": 0.056994021387149485, "log10_subsample": -0.5695311817075095, "max_depth": 5.0, "num_boost_round": 101.0}, "datetime": {"datetime": "2024-01-19 00:11:20", "elapsed": 0.024476, "delta": 0.000242}}
{"target": -13.790961558693269, "params": {"gamma": 873.4294027918163, "log10_alpha": 0.8112439769255921, "log10_colsample_bytree": -0.13080545978608005, "log10_eta": -1.876577233777604, "log10_lambda": -3.6036300321362558, "log10_min_child_weight": 0.056994021387149485, "log10_subsample": -0.5695311817075095, "max_depth": 5.0, "num_boost_round": 102.0}, "datetime": {"datetime": "2024-01-19 00:11:20", "elapsed": 0.024723, "delta": 0.000247}}
{"target": -13.790871040004474, "params": {"gamma": 873.4294027918163, "log10_alpha": 0.8112439769255921, "log10_colsample_bytree": -0.13080545978608005, "log10_eta": -1.876577233777604, "log10_lambda": -3.6036300321362558, "log10_min_child_weight": 0.056994021387149485, "log10_subsample": -0.5695311817075095, "max_depth": 5.0, "num_boost_round": 103.0}, "datetime": {"datetime": "2024-01-19 00:11:20", "elapsed": 0.024968, "delta": 0.000245}}
{"target": -13.790884071708584, "params": {"gamma": 873.4294027918163, "log10_alpha": 0.8112439769255921, "log10_colsample_bytree": -0.13080545978608005, "log10_eta": -1.876577233777604, "log10_lambda": -3.6036300321362558, "log10_min_child_weight": 0.056994021387149485, "log10_subsample": -0.5695311817075095, "max_depth": 5.0, "num_boost_round": 104.0}, "datetime": {"datetime": "2024-01-19 00:11:20", "elapsed": 0.02521, "delta": 0.000242}}
{"target": -13.790916721725319, "params": {"gamma": 873.4294027918163, "log10_alpha": 0.8112439769255921, "log10_colsample_bytree": -0.13080545978608005, "log10_eta": -1.876577233777604, "log10_lambda": -3.6036300321362558, "log10_min_child_weight": 0.056994021387149485, "log10_subsample": -0.5695311817075095, "max_depth": 5.0, "num_boost_round": 105.0}, "datetime": {"datetime": "2024-01-19 00:11:20", "elapsed": 0.025453, "delta": 0.000243}}
{"target": -13.791004496732079, "params": {"gamma": 873.4294027918163, "log10_alpha": 0.8112439769255921, "log10_colsample_bytree": -0.13080545978608005, "log10_eta": -1.876577233777604, "log10_lambda": -3.6036300321362558, "log10_min_child_weight": 0.056994021387149485, "log10_subsample": -0.5695311817075095, "max_depth": 5.0, "num_boost_round": 106.0}, "datetime": {"datetime": "2024-01-19 00:11:20", "elapsed": 0.025701, "delta": 0.000248}}
{"target": -13.79206851996157, "params": {"gamma": 873.4294027918163, "log10_alpha": 0.8112439769255921, "log10_colsample_bytree": -0.13080545978608005, "log10_eta": -1.876577233777604, "log10_lambda": -3.6036300321362558, "log10_min_child_weight": 0.056994021387149485, "log10_subsample": -0.5695311817075095, "max_depth": 5.0, "num_boost_round": 107.0}, "datetime": {"datetime": "2024-01-19 00:11:20", "elapsed": 0.025947, "delta": 0.000246}}
{"target": -13.792325806285278, "params": {"gamma": 873.4294027918163, "log10_alpha": 0.8112439769255921, "log10_colsample_bytree": -0.13080545978608005, "log10_eta": -1.876577233777604, "log10_lambda": -3.6036300321362558, "log10_min_child_weight": 0.056994021387149485, "log10_subsample": -0.5695311817075095, "max_depth": 5.0, "num_boost_round": 108.0}, "datetime": {"datetime": "2024-01-19 00:11:20", "elapsed": 0.026191, "delta": 0.000244}}
{"target": -13.768142890937705, "params": {"gamma": 870.2386190500912, "log10_alpha": -2.2631545777907753, "log10_colsample_bytree": -0.7609871252281227, "log10_eta": -0.04165369066750868, "log10_lambda": -3.0930621360183275, "log10_min_child_weight": 0.47864129964463875, "log10_subsample": -0.9570818636896622, "max_depth": 3.0, "num_boost_round": 0.0}, "datetime": {"datetime": "2024-01-19 00:11:39", "elapsed": 19.031581, "delta": 19.00539}}
{"target": -13.79428289483279, "params": {"gamma": 870.2386190500912, "log10_alpha": -2.2631545777907753, "log10_colsample_bytree": -0.7609871252281227, "log10_eta": -0.04165369066750868, "log10_lambda": -3.0930621360183275, "log10_min_child_weight": 0.47864129964463875, "log10_subsample": -0.9570818636896622, "max_depth": 3.0, "num_boost_round": 1.0}, "datetime": {"datetime": "2024-01-19 00:11:39", "elapsed": 19.034131, "delta": 0.00255}}
{"target": -13.912497737275682, "params": {"gamma": 870.2386190500912, "log10_alpha": -2.2631545777907753, "log10_colsample_bytree": -0.7609871252281227, "log10_eta": -0.04165369066750868, "log10_lambda": -3.0930621360183275, "log10_min_child_weight": 0.47864129964463875, "log10_subsample": -0.9570818636896622, "max_depth": 3.0, "num_boost_round": 2.0}, "datetime": {"datetime": "2024-01-19 00:11:39", "elapsed": 19.034478, "delta": 0.000347}}
{"target": -13.930895498966832, "params": {"gamma": 870.2386190500912, "log10_alpha": -2.2631545777907753, "log10_colsample_bytree": -0.7609871252281227, "log10_eta": -0.04165369066750868, "log10_lambda": -3.0930621360183275, "log10_min_child_weight": 0.47864129964463875, "log10_subsample": -0.9570818636896622, "max_depth": 3.0, "num_boost_round": 3.0}, "datetime": {"datetime": "2024-01-19 00:11:39", "elapsed": 19.034768, "delta": 0.00029}}
{"target": -13.976053954679912, "params": {"gamma": 870.2386190500912, "log10_alpha": -2.2631545777907753, "log10_colsample_bytree": -0.7609871252281227, "log10_eta": -0.04165369066750868, "log10_lambda": -3.0930621360183275, "log10_min_child_weight": 0.47864129964463875, "log10_subsample": -0.9570818636896622, "max_depth": 3.0, "num_boost_round": 4.0}, "datetime": {"datetime": "2024-01-19 00:11:39", "elapsed": 19.035037, "delta": 0.000269}}
{"target": -14.025214784625925, "params": {"gamma": 870.2386190500912, "log10_alpha": -2.2631545777907753, "log10_colsample_bytree": -0.7609871252281227, "log10_eta": -0.04165369066750868, "log10_lambda": -3.0930621360183275, "log10_min_child_weight": 0.47864129964463875, "log10_subsample": -0.9570818636896622, "max_depth": 3.0, "num_boost_round": 5.0}, "datetime": {"datetime": "2024-01-19 00:11:39", "elapsed": 19.0353, "delta": 0.000263}}
{"target": -14.037432935519584, "params": {"gamma": 870.2386190500912, "log10_alpha": -2.2631545777907753, "log10_colsample_bytree": -0.7609871252281227, "log10_eta": -0.04165369066750868, "log10_lambda": -3.0930621360183275, "log10_min_child_weight": 0.47864129964463875, "log10_subsample": -0.9570818636896622, "max_depth": 3.0, "num_boost_round": 6.0}, "datetime": {"datetime": "2024-01-19 00:11:39", "elapsed": 19.035562, "delta": 0.000262}}
{"target": -14.289453084752969, "params": {"gamma": 870.2386190500912, "log10_alpha": -2.2631545777907753, "log10_colsample_bytree": -0.7609871252281227, "log10_eta": -0.04165369066750868, "log10_lambda": -3.0930621360183275, "log10_min_child_weight": 0.47864129964463875, "log10_subsample": -0.9570818636896622, "max_depth": 3.0, "num_boost_round": 7.0}, "datetime": {"datetime": "2024-01-19 00:11:39", "elapsed": 19.035829, "delta": 0.000267}}
{"target": -14.305283124570945, "params": {"gamma": 870.2386190500912, "log10_alpha": -2.2631545777907753, "log10_colsample_bytree": -0.7609871252281227, "log10_eta": -0.04165369066750868, "log10_lambda": -3.0930621360183275, "log10_min_child_weight": 0.47864129964463875, "log10_subsample": -0.9570818636896622, "max_depth": 3.0, "num_boost_round": 8.0}, "datetime": {"datetime": "2024-01-19 00:11:39", "elapsed": 19.036203, "delta": 0.000374}}
{"target": -14.317904625510039, "params": {"gamma": 870.2386190500912, "log10_alpha": -2.2631545777907753, "log10_colsample_bytree": -0.7609871252281227, "log10_eta": -0.04165369066750868, "log10_lambda": -3.0930621360183275, "log10_min_child_weight": 0.47864129964463875, "log10_subsample": -0.9570818636896622, "max_depth": 3.0, "num_boost_round": 9.0}, "datetime": {"datetime": "2024-01-19 00:11:39", "elapsed": 19.036473, "delta": 0.00027}}
{"target": -14.330859121756477, "params": {"gamma": 870.2386190500912, "log10_alpha": -2.2631545777907753, "log10_colsample_bytree": -0.7609871252281227, "log10_eta": -0.04165369066750868, "log10_lambda": -3.0930621360183275, "log10_min_child_weight": 0.47864129964463875, "log10_subsample": -0.9570818636896622, "max_depth": 3.0, "num_boost_round": 10.0}, "datetime": {"datetime": "2024-01-19 00:11:39", "elapsed": 19.036744, "delta": 0.000271}}
{"target": -14.347034511456084, "params": {"gamma": 870.2386190500912, "log10_alpha": -2.2631545777907753, "log10_colsample_bytree": -0.7609871252281227, "log10_eta": -0.04165369066750868, "log10_lambda": -3.0930621360183275, "log10_min_child_weight": 0.47864129964463875, "log10_subsample": -0.9570818636896622, "max_depth": 3.0, "num_boost_round": 11.0}, "datetime": {"datetime": "2024-01-19 00:11:39", "elapsed": 19.037013, "delta": 0.000269}}
{"target": -13.758547040208628, "params": {"gamma": 872.965226040502, "log10_alpha": 0.2500260329933983, "log10_colsample_bytree": -0.23571008630672285, "log10_eta": -3.4046073730992017, "log10_lambda": -3.8560218854081065, "log10_min_child_weight": 3.3101157941660038, "log10_subsample": -0.39575557710347065, "max_depth": 6.0, "num_boost_round": 0.0}, "datetime": {"datetime": "2024-01-19 00:12:01", "elapsed": 41.645584, "delta": 22.608571}}
{"target": -13.758540710845136, "params": {"gamma": 872.965226040502, "log10_alpha": 0.2500260329933983, "log10_colsample_bytree": -0.23571008630672285, "log10_eta": -3.4046073730992017, "log10_lambda": -3.8560218854081065, "log10_min_child_weight": 3.3101157941660038, "log10_subsample": -0.39575557710347065, "max_depth": 6.0, "num_boost_round": 1.0}, "datetime": {"datetime": "2024-01-19 00:12:01", "elapsed": 41.646904, "delta": 0.00132}}
{"target": -13.758525251524214, "params": {"gamma": 872.965226040502, "log10_alpha": 0.2500260329933983, "log10_colsample_bytree": -0.23571008630672285, "log10_eta": -3.4046073730992017, "log10_lambda": -3.8560218854081065, "log10_min_child_weight": 3.3101157941660038, "log10_subsample": -0.39575557710347065, "max_depth": 6.0, "num_boost_round": 2.0}, "datetime": {"datetime": "2024-01-19 00:12:01", "elapsed": 41.647251, "delta": 0.000347}}
{"target": -13.758526639859312, "params": {"gamma": 872.965226040502, "log10_alpha": 0.2500260329933983, "log10_colsample_bytree": -0.23571008630672285, "log10_eta": -3.4046073730992017, "log10_lambda": -3.8560218854081065, "log10_min_child_weight": 3.3101157941660038, "log10_subsample": -0.39575557710347065, "max_depth": 6.0, "num_boost_round": 3.0}, "datetime": {"datetime": "2024-01-19 00:12:01", "elapsed": 41.647562, "delta": 0.000311}}
{"target": -13.758520648100498, "params": {"gamma": 872.965226040502, "log10_alpha": 0.2500260329933983, "log10_colsample_bytree": -0.23571008630672285, "log10_eta": -3.4046073730992017, "log10_lambda": -3.8560218854081065, "log10_min_child_weight": 3.3101157941660038, "log10_subsample": -0.39575557710347065, "max_depth": 6.0, "num_boost_round": 4.0}, "datetime": {"datetime": "2024-01-19 00:12:01", "elapsed": 41.648119, "delta": 0.000557}}
{"target": -13.758525721208425, "params": {"gamma": 872.965226040502, "log10_alpha": 0.2500260329933983, "log10_colsample_bytree": -0.23571008630672285, "log10_eta": -3.4046073730992017, "log10_lambda": -3.8560218854081065, "log10_min_child_weight": 3.3101157941660038, "log10_subsample": -0.39575557710347065, "max_depth": 6.0, "num_boost_round": 5.0}, "datetime": {"datetime": "2024-01-19 00:12:01", "elapsed": 41.648402, "delta": 0.000283}}
{"target": -13.758517167418882, "params": {"gamma": 872.965226040502, "log10_alpha": 0.2500260329933983, "log10_colsample_bytree": -0.23571008630672285, "log10_eta": -3.4046073730992017, "log10_lambda": -3.8560218854081065, "log10_min_child_weight": 3.3101157941660038, "log10_subsample": -0.39575557710347065, "max_depth": 6.0, "num_boost_round": 6.0}, "datetime": {"datetime": "2024-01-19 00:12:01", "elapsed": 41.648809, "delta": 0.000407}}
{"target": -13.758513330992828, "params": {"gamma": 872.965226040502, "log10_alpha": 0.2500260329933983, "log10_colsample_bytree": -0.23571008630672285, "log10_eta": -3.4046073730992017, "log10_lambda": -3.8560218854081065, "log10_min_child_weight": 3.3101157941660038, "log10_subsample": -0.39575557710347065, "max_depth": 6.0, "num_boost_round": 7.0}, "datetime": {"datetime": "2024-01-19 00:12:01", "elapsed": 41.649099, "delta": 0.00029}}
{"target": -13.758512337237763, "params": {"gamma": 872.965226040502, "log10_alpha": 0.2500260329933983, "log10_colsample_bytree": -0.23571008630672285, "log10_eta": -3.4046073730992017, "log10_lambda": -3.8560218854081065, "log10_min_child_weight": 3.3101157941660038, "log10_subsample": -0.39575557710347065, "max_depth": 6.0, "num_boost_round": 8.0}, "datetime": {"datetime": "2024-01-19 00:12:01", "elapsed": 41.649382, "delta": 0.000283}}
{"target": -13.758508252601418, "params": {"gamma": 872.965226040502, "log10_alpha": 0.2500260329933983, "log10_colsample_bytree": -0.23571008630672285, "log10_eta": -3.4046073730992017, "log10_lambda": -3.8560218854081065, "log10_min_child_weight": 3.3101157941660038, "log10_subsample": -0.39575557710347065, "max_depth": 6.0, "num_boost_round": 9.0}, "datetime": {"datetime": "2024-01-19 00:12:01", "elapsed": 41.649667, "delta": 0.000285}}
{"target": -13.758501900284761, "params": {"gamma": 872.965226040502, "log10_alpha": 0.2500260329933983, "log10_colsample_bytree": -0.23571008630672285, "log10_eta": -3.4046073730992017, "log10_lambda": -3.8560218854081065, "log10_min_child_weight": 3.3101157941660038, "log10_subsample": -0.39575557710347065, "max_depth": 6.0, "num_boost_round": 10.0}, "datetime": {"datetime": "2024-01-19 00:12:01", "elapsed": 41.64995, "delta": 0.000283}}
{"target": -13.758494543827748, "params": {"gamma": 872.965226040502, "log10_alpha": 0.2500260329933983, "log10_colsample_bytree": -0.23571008630672285, "log10_eta": -3.4046073730992017, "log10_lambda": -3.8560218854081065, "log10_min_child_weight": 3.3101157941660038, "log10_subsample": -0.39575557710347065, "max_depth": 6.0, "num_boost_round": 11.0}, "datetime": {"datetime": "2024-01-19 00:12:01", "elapsed": 41.650235, "delta": 0.000285}}
{"target": -13.758482126587978, "params": {"gamma": 872.965226040502, "log10_alpha": 0.2500260329933983, "log10_colsample_bytree": -0.23571008630672285, "log10_eta": -3.4046073730992017, "log10_lambda": -3.8560218854081065, "log10_min_child_weight": 3.3101157941660038, "log10_subsample": -0.39575557710347065, "max_depth": 6.0, "num_boost_round": 12.0}, "datetime": {"datetime": "2024-01-19 00:12:01", "elapsed": 41.650518, "delta": 0.000283}}
{"target": -13.758480220965456, "params": {"gamma": 872.965226040502, "log10_alpha": 0.2500260329933983, "log10_colsample_bytree": -0.23571008630672285, "log10_eta": -3.4046073730992017, "log10_lambda": -3.8560218854081065, "log10_min_child_weight": 3.3101157941660038, "log10_subsample": -0.39575557710347065, "max_depth": 6.0, "num_boost_round": 13.0}, "datetime": {"datetime": "2024-01-19 00:12:01", "elapsed": 41.650808, "delta": 0.00029}}
{"target": -13.758473232538156, "params": {"gamma": 872.965226040502, "log10_alpha": 0.2500260329933983, "log10_colsample_bytree": -0.23571008630672285, "log10_eta": -3.4046073730992017, "log10_lambda": -3.8560218854081065, "log10_min_child_weight": 3.3101157941660038, "log10_subsample": -0.39575557710347065, "max_depth": 6.0, "num_boost_round": 14.0}, "datetime": {"datetime": "2024-01-19 00:12:01", "elapsed": 41.651198, "delta": 0.00039}}
{"target": -13.758457454416838, "params": {"gamma": 872.965226040502, "log10_alpha": 0.2500260329933983, "log10_colsample_bytree": -0.23571008630672285, "log10_eta": -3.4046073730992017, "log10_lambda": -3.8560218854081065, "log10_min_child_weight": 3.3101157941660038, "log10_subsample": -0.39575557710347065, "max_depth": 6.0, "num_boost_round": 15.0}, "datetime": {"datetime": "2024-01-19 00:12:01", "elapsed": 41.651492, "delta": 0.000294}}
{"target": -13.758456405122237, "params": {"gamma": 872.965226040502, "log10_alpha": 0.2500260329933983, "log10_colsample_bytree": -0.23571008630672285, "log10_eta": -3.4046073730992017, "log10_lambda": -3.8560218854081065, "log10_min_child_weight": 3.3101157941660038, "log10_subsample": -0.39575557710347065, "max_depth": 6.0, "num_boost_round": 16.0}, "datetime": {"datetime": "2024-01-19 00:12:01", "elapsed": 41.651791, "delta": 0.000299}}
{"target": -13.758453885494461, "params": {"gamma": 872.965226040502, "log10_alpha": 0.2500260329933983, "log10_colsample_bytree": -0.23571008630672285, "log10_eta": -3.4046073730992017, "log10_lambda": -3.8560218854081065, "log10_min_child_weight": 3.3101157941660038, "log10_subsample": -0.39575557710347065, "max_depth": 6.0, "num_boost_round": 17.0}, "datetime": {"datetime": "2024-01-19 00:12:01", "elapsed": 41.652082, "delta": 0.000291}}
{"target": -13.758436328925441, "params": {"gamma": 872.965226040502, "log10_alpha": 0.2500260329933983, "log10_colsample_bytree": -0.23571008630672285, "log10_eta": -3.4046073730992017, "log10_lambda": -3.8560218854081065, "log10_min_child_weight": 3.3101157941660038, "log10_subsample": -0.39575557710347065, "max_depth": 6.0, "num_boost_round": 18.0}, "datetime": {"datetime": "2024-01-19 00:12:01", "elapsed": 41.652462, "delta": 0.00038}}
{"target": -13.75842922636663, "params": {"gamma": 872.965226040502, "log10_alpha": 0.2500260329933983, "log10_colsample_bytree": -0.23571008630672285, "log10_eta": -3.4046073730992017, "log10_lambda": -3.8560218854081065, "log10_min_child_weight": 3.3101157941660038, "log10_subsample": -0.39575557710347065, "max_depth": 6.0, "num_boost_round": 19.0}, "datetime": {"datetime": "2024-01-19 00:12:01", "elapsed": 41.652763, "delta": 0.000301}}
{"target": -13.758414080379941, "params": {"gamma": 872.965226040502, "log10_alpha": 0.2500260329933983, "log10_colsample_bytree": -0.23571008630672285, "log10_eta": -3.4046073730992017, "log10_lambda": -3.8560218854081065, "log10_min_child_weight": 3.3101157941660038, "log10_subsample": -0.39575557710347065, "max_depth": 6.0, "num_boost_round": 20.0}, "datetime": {"datetime": "2024-01-19 00:12:01", "elapsed": 41.653064, "delta": 0.000301}}
{"target": -13.758413719048082, "params": {"gamma": 872.965226040502, "log10_alpha": 0.2500260329933983, "log10_colsample_bytree": -0.23571008630672285, "log10_eta": -3.4046073730992017, "log10_lambda": -3.8560218854081065, "log10_min_child_weight": 3.3101157941660038, "log10_subsample": -0.39575557710347065, "max_depth": 6.0, "num_boost_round": 21.0}, "datetime": {"datetime": "2024-01-19 00:12:01", "elapsed": 41.653358, "delta": 0.000294}}
{"target": -13.758403860290983, "params": {"gamma": 872.965226040502, "log10_alpha": 0.2500260329933983, "log10_colsample_bytree": -0.23571008630672285, "log10_eta": -3.4046073730992017, "log10_lambda": -3.8560218854081065, "log10_min_child_weight": 3.3101157941660038, "log10_subsample": -0.39575557710347065, "max_depth": 6.0, "num_boost_round": 22.0}, "datetime": {"datetime": "2024-01-19 00:12:01", "elapsed": 41.653654, "delta": 0.000296}}
{"target": -13.75491447572285, "params": {"gamma": 875.5550534808876, "log10_alpha": -0.20064041429916024, "log10_colsample_bytree": -0.7156196026296665, "log10_eta": -0.46197653620806145, "log10_lambda": -1.8303436874106551, "log10_min_child_weight": 0.8412759187823182, "log10_subsample": -0.9872764502224928, "max_depth": 2.0, "num_boost_round": 0.0}, "datetime": {"datetime": "2024-01-19 00:12:25", "elapsed": 65.134033, "delta": 23.480379}}
{"target": -13.755363036978421, "params": {"gamma": 875.5550534808876, "log10_alpha": -0.20064041429916024, "log10_colsample_bytree": -0.7156196026296665, "log10_eta": -0.46197653620806145, "log10_lambda": -1.8303436874106551, "log10_min_child_weight": 0.8412759187823182, "log10_subsample": -0.9872764502224928, "max_depth": 2.0, "num_boost_round": 1.0}, "datetime": {"datetime": "2024-01-19 00:12:25", "elapsed": 65.134646, "delta": 0.000613}}
{"target": -13.765507909754628, "params": {"gamma": 875.5550534808876, "log10_alpha": -0.20064041429916024, "log10_colsample_bytree": -0.7156196026296665, "log10_eta": -0.46197653620806145, "log10_lambda": -1.8303436874106551, "log10_min_child_weight": 0.8412759187823182, "log10_subsample": -0.9872764502224928, "max_depth": 2.0, "num_boost_round": 2.0}, "datetime": {"datetime": "2024-01-19 00:12:25", "elapsed": 65.135108, "delta": 0.000462}}
