{"target": -17.9361712951463, "params": {"gamma": 30.22661343118638, "log10_alpha": 0.8987703945103274, "log10_colsample_bytree": -0.1341798138404997, "log10_eta": -0.23198970378985218, "log10_lambda": -4.841202718807581, "log10_min_child_weight": 4.683765102524428, "log10_subsample": -0.011024716453038597, "max_depth": 8.0, "num_boost_round": 25.0}, "datetime": {"datetime": "2024-01-19 00:54:03", "elapsed": 2597.284298, "delta": 0.002511}}
{"target": -17.942794278642523, "params": {"gamma": 30.22661343118638, "log10_alpha": 0.8987703945103274, "log10_colsample_bytree": -0.1341798138404997, "log10_eta": -0.23198970378985218, "log10_lambda": -4.841202718807581, "log10_min_child_weight": 4.683765102524428, "log10_subsample": -0.011024716453038597, "max_depth": 8.0, "num_boost_round": 26.0}, "datetime": {"datetime": "2024-01-19 00:54:03", "elapsed": 2597.286981, "delta": 0.002683}}
{"target": -17.943417827449824, "params": {"gamma": 30.22661343118638, "log10_alpha": 0.8987703945103274, "log10_colsample_bytree": -0.1341798138404997, "log10_eta": -0.23198970378985218, "log10_lambda": -4.841202718807581, "log10_min_child_weight": 4.683765102524428, "log10_subsample": -0.011024716453038597, "max_depth": 8.0, "num_boost_round": 27.0}, "datetime": {"datetime": "2024-01-19 00:54:03", "elapsed": 2597.289533, "delta": 0.002552}}
{"target": -17.95430119576322, "params": {"gamma": 30.22661343118638, "log10_alpha": 0.8987703945103274, "log10_colsample_bytree": -0.1341798138404997, "log10_eta": -0.23198970378985218, "log10_lambda": -4.841202718807581, "log10_min_child_weight": 4.683765102524428, "log10_subsample": -0.011024716453038597, "max_depth": 8.0, "num_boost_round": 28.0}, "datetime": {"datetime": "2024-01-19 00:54:03", "elapsed": 2597.292233, "delta": 0.0027}}
{"target": -17.953240833654547, "params": {"gamma": 30.22661343118638, "log10_alpha": 0.8987703945103274, "log10_colsample_bytree": -0.1341798138404997, "log10_eta": -0.23198970378985218, "log10_lambda": -4.841202718807581, "log10_min_child_weight": 4.683765102524428, "log10_subsample": -0.011024716453038597, "max_depth": 8.0, "num_boost_round": 29.0}, "datetime": {"datetime": "2024-01-19 00:54:03", "elapsed": 2597.29477, "delta": 0.002537}}
{"target": -17.964936464343598, "params": {"gamma": 30.22661343118638, "log10_alpha": 0.8987703945103274, "log10_colsample_bytree": -0.1341798138404997, "log10_eta": -0.23198970378985218, "log10_lambda": -4.841202718807581, "log10_min_child_weight": 4.683765102524428, "log10_subsample": -0.011024716453038597, "max_depth": 8.0, "num_boost_round": 30.0}, "datetime": {"datetime": "2024-01-19 00:54:03", "elapsed": 2597.297353, "delta": 0.002583}}
{"target": -17.962539489183893, "params": {"gamma": 30.22661343118638, "log10_alpha": 0.8987703945103274, "log10_colsample_bytree": -0.1341798138404997, "log10_eta": -0.23198970378985218, "log10_lambda": -4.841202718807581, "log10_min_child_weight": 4.683765102524428, "log10_subsample": -0.011024716453038597, "max_depth": 8.0, "num_boost_round": 31.0}, "datetime": {"datetime": "2024-01-19 00:54:03", "elapsed": 2597.299913, "delta": 0.00256}}
{"target": -17.962293290223073, "params": {"gamma": 30.22661343118638, "log10_alpha": 0.8987703945103274, "log10_colsample_bytree": -0.1341798138404997, "log10_eta": -0.23198970378985218, "log10_lambda": -4.841202718807581, "log10_min_child_weight": 4.683765102524428, "log10_subsample": -0.011024716453038597, "max_depth": 8.0, "num_boost_round": 32.0}, "datetime": {"datetime": "2024-01-19 00:54:03", "elapsed": 2597.30249, "delta": 0.002577}}
{"target": -17.967460078793234, "params": {"gamma": 30.22661343118638, "log10_alpha": 0.8987703945103274, "log10_colsample_bytree": -0.1341798138404997, "log10_eta": -0.23198970378985218, "log10_lambda": -4.841202718807581, "log10_min_child_weight": 4.683765102524428, "log10_subsample": -0.011024716453038597, "max_depth": 8.0, "num_boost_round": 33.0}, "datetime": {"datetime": "2024-01-19 00:54:03", "elapsed": 2597.305064, "delta": 0.002574}}
{"target": -17.971326134944892, "params": {"gamma": 30.22661343118638, "log10_alpha": 0.8987703945103274, "log10_colsample_bytree": -0.1341798138404997, "log10_eta": -0.23198970378985218, "log10_lambda": -4.841202718807581, "log10_min_child_weight": 4.683765102524428, "log10_subsample": -0.011024716453038597, "max_depth": 8.0, "num_boost_round": 34.0}, "datetime": {"datetime": "2024-01-19 00:54:03", "elapsed": 2597.307867, "delta": 0.002803}}
{"target": -17.972102213391576, "params": {"gamma": 30.22661343118638, "log10_alpha": 0.8987703945103274, "log10_colsample_bytree": -0.1341798138404997, "log10_eta": -0.23198970378985218, "log10_lambda": -4.841202718807581, "log10_min_child_weight": 4.683765102524428, "log10_subsample": -0.011024716453038597, "max_depth": 8.0, "num_boost_round": 35.0}, "datetime": {"datetime": "2024-01-19 00:54:03", "elapsed": 2597.310507, "delta": 0.00264}}
{"target": -17.981758154023186, "params": {"gamma": 30.22661343118638, "log10_alpha": 0.8987703945103274, "log10_colsample_bytree": -0.1341798138404997, "log10_eta": -0.23198970378985218, "log10_lambda": -4.841202718807581, "log10_min_child_weight": 4.683765102524428, "log10_subsample": -0.011024716453038597, "max_depth": 8.0, "num_boost_round": 36.0}, "datetime": {"datetime": "2024-01-19 00:54:03", "elapsed": 2597.313166, "delta": 0.002659}}
{"target": -17.677232947894513, "params": {"gamma": 35.7320702094588, "log10_alpha": -5.0, "log10_colsample_bytree": -1.0, "log10_eta": -4.0, "log10_lambda": -2.9538239360010996, "log10_min_child_weight": 5.0, "log10_subsample": -1.0, "max_depth": 10.0, "num_boost_round": 0.0}, "datetime": {"datetime": "2024-01-19 00:54:37", "elapsed": 2631.121578, "delta": 33.808412}}
{"target": -17.67723294442617, "params": {"gamma": 35.7320702094588, "log10_alpha": -5.0, "log10_colsample_bytree": -1.0, "log10_eta": -4.0, "log10_lambda": -2.9538239360010996, "log10_min_child_weight": 5.0, "log10_subsample": -1.0, "max_depth": 10.0, "num_boost_round": 1.0}, "datetime": {"datetime": "2024-01-19 00:54:37", "elapsed": 2631.125136, "delta": 0.003558}}
{"target": -17.67723296495461, "params": {"gamma": 35.7320702094588, "log10_alpha": -5.0, "log10_colsample_bytree": -1.0, "log10_eta": -4.0, "log10_lambda": -2.9538239360010996, "log10_min_child_weight": 5.0, "log10_subsample": -1.0, "max_depth": 10.0, "num_boost_round": 2.0}, "datetime": {"datetime": "2024-01-19 00:54:37", "elapsed": 2631.127807, "delta": 0.002671}}
{"target": -17.677232940612456, "params": {"gamma": 35.7320702094588, "log10_alpha": -5.0, "log10_colsample_bytree": -1.0, "log10_eta": -4.0, "log10_lambda": -2.9538239360010996, "log10_min_child_weight": 5.0, "log10_subsample": -1.0, "max_depth": 10.0, "num_boost_round": 3.0}, "datetime": {"datetime": "2024-01-19 00:54:37", "elapsed": 2631.130513, "delta": 0.002706}}
{"target": -17.677232961619687, "params": {"gamma": 35.7320702094588, "log10_alpha": -5.0, "log10_colsample_bytree": -1.0, "log10_eta": -4.0, "log10_lambda": -2.9538239360010996, "log10_min_child_weight": 5.0, "log10_subsample": -1.0, "max_depth": 10.0, "num_boost_round": 4.0}, "datetime": {"datetime": "2024-01-19 00:54:37", "elapsed": 2631.133077, "delta": 0.002564}}
{"target": -17.67723294308682, "params": {"gamma": 35.7320702094588, "log10_alpha": -5.0, "log10_colsample_bytree": -1.0, "log10_eta": -4.0, "log10_lambda": -2.9538239360010996, "log10_min_child_weight": 5.0, "log10_subsample": -1.0, "max_depth": 10.0, "num_boost_round": 5.0}, "datetime": {"datetime": "2024-01-19 00:54:37", "elapsed": 2631.135661, "delta": 0.002584}}
{"target": -17.67723290167991, "params": {"gamma": 35.7320702094588, "log10_alpha": -5.0, "log10_colsample_bytree": -1.0, "log10_eta": -4.0, "log10_lambda": -2.9538239360010996, "log10_min_child_weight": 5.0, "log10_subsample": -1.0, "max_depth": 10.0, "num_boost_round": 6.0}, "datetime": {"datetime": "2024-01-19 00:54:37", "elapsed": 2631.138125, "delta": 0.002464}}
{"target": -17.677232877371186, "params": {"gamma": 35.7320702094588, "log10_alpha": -5.0, "log10_colsample_bytree": -1.0, "log10_eta": -4.0, "log10_lambda": -2.9538239360010996, "log10_min_child_weight": 5.0, "log10_subsample": -1.0, "max_depth": 10.0, "num_boost_round": 7.0}, "datetime": {"datetime": "2024-01-19 00:54:37", "elapsed": 2631.140674, "delta": 0.002549}}
{"target": -17.67723284670223, "params": {"gamma": 35.7320702094588, "log10_alpha": -5.0, "log10_colsample_bytree": -1.0, "log10_eta": -4.0, "log10_lambda": -2.9538239360010996, "log10_min_child_weight": 5.0, "log10_subsample": -1.0, "max_depth": 10.0, "num_boost_round": 8.0}, "datetime": {"datetime": "2024-01-19 00:54:37", "elapsed": 2631.143173, "delta": 0.002499}}
{"target": -17.677232809968526, "params": {"gamma": 35.7320702094588, "log10_alpha": -5.0, "log10_colsample_bytree": -1.0, "log10_eta": -4.0, "log10_lambda": -2.9538239360010996, "log10_min_child_weight": 5.0, "log10_subsample": -1.0, "max_depth": 10.0, "num_boost_round": 9.0}, "datetime": {"datetime": "2024-01-19 00:54:37", "elapsed": 2631.145823, "delta": 0.00265}}
{"target": -17.67723282435529, "params": {"gamma": 35.7320702094588, "log10_alpha": -5.0, "log10_colsample_bytree": -1.0, "log10_eta": -4.0, "log10_lambda": -2.9538239360010996, "log10_min_child_weight": 5.0, "log10_subsample": -1.0, "max_depth": 10.0, "num_boost_round": 10.0}, "datetime": {"datetime": "2024-01-19 00:54:37", "elapsed": 2631.148344, "delta": 0.002521}}
{"target": -17.677232820821285, "params": {"gamma": 35.7320702094588, "log10_alpha": -5.0, "log10_colsample_bytree": -1.0, "log10_eta": -4.0, "log10_lambda": -2.9538239360010996, "log10_min_child_weight": 5.0, "log10_subsample": -1.0, "max_depth": 10.0, "num_boost_round": 11.0}, "datetime": {"datetime": "2024-01-19 00:54:37", "elapsed": 2631.151006, "delta": 0.002662}}
{"target": -17.677232843152815, "params": {"gamma": 35.7320702094588, "log10_alpha": -5.0, "log10_colsample_bytree": -1.0, "log10_eta": -4.0, "log10_lambda": -2.9538239360010996, "log10_min_child_weight": 5.0, "log10_subsample": -1.0, "max_depth": 10.0, "num_boost_round": 12.0}, "datetime": {"datetime": "2024-01-19 00:54:37", "elapsed": 2631.153568, "delta": 0.002562}}
{"target": -17.67723284613414, "params": {"gamma": 35.7320702094588, "log10_alpha": -5.0, "log10_colsample_bytree": -1.0, "log10_eta": -4.0, "log10_lambda": -2.9538239360010996, "log10_min_child_weight": 5.0, "log10_subsample": -1.0, "max_depth": 10.0, "num_boost_round": 13.0}, "datetime": {"datetime": "2024-01-19 00:54:37", "elapsed": 2631.15615, "delta": 0.002582}}
{"target": -17.677232843617002, "params": {"gamma": 35.7320702094588, "log10_alpha": -5.0, "log10_colsample_bytree": -1.0, "log10_eta": -4.0, "log10_lambda": -2.9538239360010996, "log10_min_child_weight": 5.0, "log10_subsample": -1.0, "max_depth": 10.0, "num_boost_round": 14.0}, "datetime": {"datetime": "2024-01-19 00:54:37", "elapsed": 2631.158714, "delta": 0.002564}}
{"target": -17.677232846114354, "params": {"gamma": 35.7320702094588, "log10_alpha": -5.0, "log10_colsample_bytree": -1.0, "log10_eta": -4.0, "log10_lambda": -2.9538239360010996, "log10_min_child_weight": 5.0, "log10_subsample": -1.0, "max_depth": 10.0, "num_boost_round": 15.0}, "datetime": {"datetime": "2024-01-19 00:54:37", "elapsed": 2631.161241, "delta": 0.002527}}
{"target": -17.677232848957242, "params": {"gamma": 35.7320702094588, "log10_alpha": -5.0, "log10_colsample_bytree": -1.0, "log10_eta": -4.0, "log10_lambda": -2.9538239360010996, "log10_min_child_weight": 5.0, "log10_subsample": -1.0, "max_depth": 10.0, "num_boost_round": 16.0}, "datetime": {"datetime": "2024-01-19 00:54:37", "elapsed": 2631.163808, "delta": 0.002567}}
{"target": -17.677232856499707, "params": {"gamma": 35.7320702094588, "log10_alpha": -5.0, "log10_colsample_bytree": -1.0, "log10_eta": -4.0, "log10_lambda": -2.9538239360010996, "log10_min_child_weight": 5.0, "log10_subsample": -1.0, "max_depth": 10.0, "num_boost_round": 17.0}, "datetime": {"datetime": "2024-01-19 00:54:37", "elapsed": 2631.166592, "delta": 0.002784}}
{"target": -17.677232843812707, "params": {"gamma": 35.7320702094588, "log10_alpha": -5.0, "log10_colsample_bytree": -1.0, "log10_eta": -4.0, "log10_lambda": -2.9538239360010996, "log10_min_child_weight": 5.0, "log10_subsample": -1.0, "max_depth": 10.0, "num_boost_round": 18.0}, "datetime": {"datetime": "2024-01-19 00:54:37", "elapsed": 2631.169154, "delta": 0.002562}}
{"target": -17.677232883789163, "params": {"gamma": 35.7320702094588, "log10_alpha": -5.0, "log10_colsample_bytree": -1.0, "log10_eta": -4.0, "log10_lambda": -2.9538239360010996, "log10_min_child_weight": 5.0, "log10_subsample": -1.0, "max_depth": 10.0, "num_boost_round": 19.0}, "datetime": {"datetime": "2024-01-19 00:54:37", "elapsed": 2631.171712, "delta": 0.002558}}
{"target": -17.677232909680672, "params": {"gamma": 35.7320702094588, "log10_alpha": -5.0, "log10_colsample_bytree": -1.0, "log10_eta": -4.0, "log10_lambda": -2.9538239360010996, "log10_min_child_weight": 5.0, "log10_subsample": -1.0, "max_depth": 10.0, "num_boost_round": 20.0}, "datetime": {"datetime": "2024-01-19 00:54:37", "elapsed": 2631.174226, "delta": 0.002514}}
{"target": -17.677232880177446, "params": {"gamma": 35.7320702094588, "log10_alpha": -5.0, "log10_colsample_bytree": -1.0, "log10_eta": -4.0, "log10_lambda": -2.9538239360010996, "log10_min_child_weight": 5.0, "log10_subsample": -1.0, "max_depth": 10.0, "num_boost_round": 21.0}, "datetime": {"datetime": "2024-01-19 00:54:37", "elapsed": 2631.176803, "delta": 0.002577}}
{"target": -17.677232868760974, "params": {"gamma": 35.7320702094588, "log10_alpha": -5.0, "log10_colsample_bytree": -1.0, "log10_eta": -4.0, "log10_lambda": -2.9538239360010996, "log10_min_child_weight": 5.0, "log10_subsample": -1.0, "max_depth": 10.0, "num_boost_round": 22.0}, "datetime": {"datetime": "2024-01-19 00:54:37", "elapsed": 2631.179322, "delta": 0.002519}}
{"target": -17.67723287809031, "params": {"gamma": 35.7320702094588, "log10_alpha": -5.0, "log10_colsample_bytree": -1.0, "log10_eta": -4.0, "log10_lambda": -2.9538239360010996, "log10_min_child_weight": 5.0, "log10_subsample": -1.0, "max_depth": 10.0, "num_boost_round": 23.0}, "datetime": {"datetime": "2024-01-19 00:54:37", "elapsed": 2631.181882, "delta": 0.00256}}
{"target": -17.677232847657802, "params": {"gamma": 35.7320702094588, "log10_alpha": -5.0, "log10_colsample_bytree": -1.0, "log10_eta": -4.0, "log10_lambda": -2.9538239360010996, "log10_min_child_weight": 5.0, "log10_subsample": -1.0, "max_depth": 10.0, "num_boost_round": 24.0}, "datetime": {"datetime": "2024-01-19 00:54:37", "elapsed": 2631.184521, "delta": 0.002639}}
{"target": -17.677221131062595, "params": {"gamma": 35.692360561854876, "log10_alpha": -1.241256036623585, "log10_colsample_bytree": -0.7711993023202202, "log10_eta": -3.594823407006061, "log10_lambda": 0.7140614208632217, "log10_min_child_weight": 2.761987951873026, "log10_subsample": -0.5337781386535855, "max_depth": 6.0, "num_boost_round": 0.0}, "datetime": {"datetime": "2024-01-19 00:55:24", "elapsed": 2678.043061, "delta": 46.85854}}
{"target": -17.677214769866236, "params": {"gamma": 35.692360561854876, "log10_alpha": -1.241256036623585, "log10_colsample_bytree": -0.7711993023202202, "log10_eta": -3.594823407006061, "log10_lambda": 0.7140614208632217, "log10_min_child_weight": 2.761987951873026, "log10_subsample": -0.5337781386535855, "max_depth": 6.0, "num_boost_round": 1.0}, "datetime": {"datetime": "2024-01-19 00:55:24", "elapsed": 2678.046561, "delta": 0.0035}}
{"target": -17.677214320458837, "params": {"gamma": 35.692360561854876, "log10_alpha": -1.241256036623585, "log10_colsample_bytree": -0.7711993023202202, "log10_eta": -3.594823407006061, "log10_lambda": 0.7140614208632217, "log10_min_child_weight": 2.761987951873026, "log10_subsample": -0.5337781386535855, "max_depth": 6.0, "num_boost_round": 2.0}, "datetime": {"datetime": "2024-01-19 00:55:24", "elapsed": 2678.049224, "delta": 0.002663}}
{"target": -17.677201525298052, "params": {"gamma": 35.692360561854876, "log10_alpha": -1.241256036623585, "log10_colsample_bytree": -0.7711993023202202, "log10_eta": -3.594823407006061, "log10_lambda": 0.7140614208632217, "log10_min_child_weight": 2.761987951873026, "log10_subsample": -0.5337781386535855, "max_depth": 6.0, "num_boost_round": 3.0}, "datetime": {"datetime": "2024-01-19 00:55:24", "elapsed": 2678.051936, "delta": 0.002712}}
{"target": -17.677197869913755, "params": {"gamma": 35.692360561854876, "log10_alpha": -1.241256036623585, "log10_colsample_bytree": -0.7711993023202202, "log10_eta": -3.594823407006061, "log10_lambda": 0.7140614208632217, "log10_min_child_weight": 2.761987951873026, "log10_subsample": -0.5337781386535855, "max_depth": 6.0, "num_boost_round": 4.0}, "datetime": {"datetime": "2024-01-19 00:55:24", "elapsed": 2678.0546, "delta": 0.002664}}
{"target": -17.677189704610445, "params": {"gamma": 35.692360561854876, "log10_alpha": -1.241256036623585, "log10_colsample_bytree": -0.7711993023202202, "log10_eta": -3.594823407006061, "log10_lambda": 0.7140614208632217, "log10_min_child_weight": 2.761987951873026, "log10_subsample": -0.5337781386535855, "max_depth": 6.0, "num_boost_round": 5.0}, "datetime": {"datetime": "2024-01-19 00:55:24", "elapsed": 2678.05725, "delta": 0.00265}}
{"target": -17.67717946900299, "params": {"gamma": 35.692360561854876, "log10_alpha": -1.241256036623585, "log10_colsample_bytree": -0.7711993023202202, "log10_eta": -3.594823407006061, "log10_lambda": 0.7140614208632217, "log10_min_child_weight": 2.761987951873026, "log10_subsample": -0.5337781386535855, "max_depth": 6.0, "num_boost_round": 6.0}, "datetime": {"datetime": "2024-01-19 00:55:24", "elapsed": 2678.059906, "delta": 0.002656}}
{"target": -17.677155744797115, "params": {"gamma": 35.692360561854876, "log10_alpha": -1.241256036623585, "log10_colsample_bytree": -0.7711993023202202, "log10_eta": -3.594823407006061, "log10_lambda": 0.7140614208632217, "log10_min_child_weight": 2.761987951873026, "log10_subsample": -0.5337781386535855, "max_depth": 6.0, "num_boost_round": 7.0}, "datetime": {"datetime": "2024-01-19 00:55:24", "elapsed": 2678.062569, "delta": 0.002663}}
{"target": -17.67715588301072, "params": {"gamma": 35.692360561854876, "log10_alpha": -1.241256036623585, "log10_colsample_bytree": -0.7711993023202202, "log10_eta": -3.594823407006061, "log10_lambda": 0.7140614208632217, "log10_min_child_weight": 2.761987951873026, "log10_subsample": -0.5337781386535855, "max_depth": 6.0, "num_boost_round": 8.0}, "datetime": {"datetime": "2024-01-19 00:55:24", "elapsed": 2678.065268, "delta": 0.002699}}
{"target": -17.6771556264309, "params": {"gamma": 35.692360561854876, "log10_alpha": -1.241256036623585, "log10_colsample_bytree": -0.7711993023202202, "log10_eta": -3.594823407006061, "log10_lambda": 0.7140614208632217, "log10_min_child_weight": 2.761987951873026, "log10_subsample": -0.5337781386535855, "max_depth": 6.0, "num_boost_round": 9.0}, "datetime": {"datetime": "2024-01-19 00:55:24", "elapsed": 2678.067972, "delta": 0.002704}}
{"target": -17.67713919189768, "params": {"gamma": 35.692360561854876, "log10_alpha": -1.241256036623585, "log10_colsample_bytree": -0.7711993023202202, "log10_eta": -3.594823407006061, "log10_lambda": 0.7140614208632217, "log10_min_child_weight": 2.761987951873026, "log10_subsample": -0.5337781386535855, "max_depth": 6.0, "num_boost_round": 10.0}, "datetime": {"datetime": "2024-01-19 00:55:24", "elapsed": 2678.070633, "delta": 0.002661}}
{"target": -17.67713540977325, "params": {"gamma": 35.692360561854876, "log10_alpha": -1.241256036623585, "log10_colsample_bytree": -0.7711993023202202, "log10_eta": -3.594823407006061, "log10_lambda": 0.7140614208632217, "log10_min_child_weight": 2.761987951873026, "log10_subsample": -0.5337781386535855, "max_depth": 6.0, "num_boost_round": 11.0}, "datetime": {"datetime": "2024-01-19 00:55:24", "elapsed": 2678.073311, "delta": 0.002678}}
{"target": -17.67712925360119, "params": {"gamma": 35.692360561854876, "log10_alpha": -1.241256036623585, "log10_colsample_bytree": -0.7711993023202202, "log10_eta": -3.594823407006061, "log10_lambda": 0.7140614208632217, "log10_min_child_weight": 2.761987951873026, "log10_subsample": -0.5337781386535855, "max_depth": 6.0, "num_boost_round": 12.0}, "datetime": {"datetime": "2024-01-19 00:55:24", "elapsed": 2678.076064, "delta": 0.002753}}
{"target": -17.677107515345106, "params": {"gamma": 35.692360561854876, "log10_alpha": -1.241256036623585, "log10_colsample_bytree": -0.7711993023202202, "log10_eta": -3.594823407006061, "log10_lambda": 0.7140614208632217, "log10_min_child_weight": 2.761987951873026, "log10_subsample": -0.5337781386535855, "max_depth": 6.0, "num_boost_round": 13.0}, "datetime": {"datetime": "2024-01-19 00:55:24", "elapsed": 2678.078801, "delta": 0.002737}}
{"target": -17.677101101727242, "params": {"gamma": 35.692360561854876, "log10_alpha": -1.241256036623585, "log10_colsample_bytree": -0.7711993023202202, "log10_eta": -3.594823407006061, "log10_lambda": 0.7140614208632217, "log10_min_child_weight": 2.761987951873026, "log10_subsample": -0.5337781386535855, "max_depth": 6.0, "num_boost_round": 14.0}, "datetime": {"datetime": "2024-01-19 00:55:24", "elapsed": 2678.081412, "delta": 0.002611}}
{"target": -17.67709593778654, "params": {"gamma": 35.692360561854876, "log10_alpha": -1.241256036623585, "log10_colsample_bytree": -0.7711993023202202, "log10_eta": -3.594823407006061, "log10_lambda": 0.7140614208632217, "log10_min_child_weight": 2.761987951873026, "log10_subsample": -0.5337781386535855, "max_depth": 6.0, "num_boost_round": 15.0}, "datetime": {"datetime": "2024-01-19 00:55:24", "elapsed": 2678.084014, "delta": 0.002602}}
