{"target": -17.67722626678696, "params": {"gamma": 23.95216958547381, "log10_alpha": 1.0, "log10_colsample_bytree": -1.0, "log10_eta": -4.0, "log10_lambda": -5.0, "log10_min_child_weight": 5.0, "log10_subsample": 0.0, "max_depth": 10.0, "num_boost_round": 10.0}, "datetime": {"datetime": "2024-01-19 01:49:29", "elapsed": 5923.138311, "delta": 0.004685}}
{"target": -17.677225228393617, "params": {"gamma": 23.95216958547381, "log10_alpha": 1.0, "log10_colsample_bytree": -1.0, "log10_eta": -4.0, "log10_lambda": -5.0, "log10_min_child_weight": 5.0, "log10_subsample": 0.0, "max_depth": 10.0, "num_boost_round": 11.0}, "datetime": {"datetime": "2024-01-19 01:49:29", "elapsed": 5923.142985, "delta": 0.004674}}
{"target": -17.67722359091995, "params": {"gamma": 23.95216958547381, "log10_alpha": 1.0, "log10_colsample_bytree": -1.0, "log10_eta": -4.0, "log10_lambda": -5.0, "log10_min_child_weight": 5.0, "log10_subsample": 0.0, "max_depth": 10.0, "num_boost_round": 12.0}, "datetime": {"datetime": "2024-01-19 01:49:29", "elapsed": 5923.147607, "delta": 0.004622}}
{"target": -17.677221813544207, "params": {"gamma": 23.95216958547381, "log10_alpha": 1.0, "log10_colsample_bytree": -1.0, "log10_eta": -4.0, "log10_lambda": -5.0, "log10_min_child_weight": 5.0, "log10_subsample": 0.0, "max_depth": 10.0, "num_boost_round": 13.0}, "datetime": {"datetime": "2024-01-19 01:49:29", "elapsed": 5923.152415, "delta": 0.004808}}
{"target": -17.677221032225358, "params": {"gamma": 23.95216958547381, "log10_alpha": 1.0, "log10_colsample_bytree": -1.0, "log10_eta": -4.0, "log10_lambda": -5.0, "log10_min_child_weight": 5.0, "log10_subsample": 0.0, "max_depth": 10.0, "num_boost_round": 14.0}, "datetime": {"datetime": "2024-01-19 01:49:29", "elapsed": 5923.157116, "delta": 0.004701}}
{"target": -17.677219645019747, "params": {"gamma": 23.95216958547381, "log10_alpha": 1.0, "log10_colsample_bytree": -1.0, "log10_eta": -4.0, "log10_lambda": -5.0, "log10_min_child_weight": 5.0, "log10_subsample": 0.0, "max_depth": 10.0, "num_boost_round": 15.0}, "datetime": {"datetime": "2024-01-19 01:49:29", "elapsed": 5923.161847, "delta": 0.004731}}
{"target": -17.67721907925473, "params": {"gamma": 23.95216958547381, "log10_alpha": 1.0, "log10_colsample_bytree": -1.0, "log10_eta": -4.0, "log10_lambda": -5.0, "log10_min_child_weight": 5.0, "log10_subsample": 0.0, "max_depth": 10.0, "num_boost_round": 16.0}, "datetime": {"datetime": "2024-01-19 01:49:29", "elapsed": 5923.166601, "delta": 0.004754}}
{"target": -17.67721898127446, "params": {"gamma": 23.95216958547381, "log10_alpha": 1.0, "log10_colsample_bytree": -1.0, "log10_eta": -4.0, "log10_lambda": -5.0, "log10_min_child_weight": 5.0, "log10_subsample": 0.0, "max_depth": 10.0, "num_boost_round": 17.0}, "datetime": {"datetime": "2024-01-19 01:49:29", "elapsed": 5923.171174, "delta": 0.004573}}
{"target": -17.677227443610086, "params": {"gamma": 50.23922187020813, "log10_alpha": -2.095173761935082, "log10_colsample_bytree": -0.7415111939248022, "log10_eta": -3.7658312612936844, "log10_lambda": -4.271520126277338, "log10_min_child_weight": 3.9029313323442545, "log10_subsample": -0.29032589832427, "max_depth": 9.0, "num_boost_round": 0.0}, "datetime": {"datetime": "2024-01-19 01:50:48", "elapsed": 6001.849364, "delta": 78.67819}}
{"target": -17.677221367570002, "params": {"gamma": 50.23922187020813, "log10_alpha": -2.095173761935082, "log10_colsample_bytree": -0.7415111939248022, "log10_eta": -3.7658312612936844, "log10_lambda": -4.271520126277338, "log10_min_child_weight": 3.9029313323442545, "log10_subsample": -0.29032589832427, "max_depth": 9.0, "num_boost_round": 1.0}, "datetime": {"datetime": "2024-01-19 01:50:48", "elapsed": 6001.85478, "delta": 0.005416}}
{"target": -17.677214759055783, "params": {"gamma": 50.23922187020813, "log10_alpha": -2.095173761935082, "log10_colsample_bytree": -0.7415111939248022, "log10_eta": -3.7658312612936844, "log10_lambda": -4.271520126277338, "log10_min_child_weight": 3.9029313323442545, "log10_subsample": -0.29032589832427, "max_depth": 9.0, "num_boost_round": 2.0}, "datetime": {"datetime": "2024-01-19 01:50:48", "elapsed": 6001.859319, "delta": 0.004539}}
{"target": -17.677213681848844, "params": {"gamma": 50.23922187020813, "log10_alpha": -2.095173761935082, "log10_colsample_bytree": -0.7415111939248022, "log10_eta": -3.7658312612936844, "log10_lambda": -4.271520126277338, "log10_min_child_weight": 3.9029313323442545, "log10_subsample": -0.29032589832427, "max_depth": 9.0, "num_boost_round": 3.0}, "datetime": {"datetime": "2024-01-19 01:50:48", "elapsed": 6001.863726, "delta": 0.004407}}
{"target": -17.677208762978278, "params": {"gamma": 50.23922187020813, "log10_alpha": -2.095173761935082, "log10_colsample_bytree": -0.7415111939248022, "log10_eta": -3.7658312612936844, "log10_lambda": -4.271520126277338, "log10_min_child_weight": 3.9029313323442545, "log10_subsample": -0.29032589832427, "max_depth": 9.0, "num_boost_round": 4.0}, "datetime": {"datetime": "2024-01-19 01:50:48", "elapsed": 6001.868268, "delta": 0.004542}}
{"target": -17.677208829558307, "params": {"gamma": 50.23922187020813, "log10_alpha": -2.095173761935082, "log10_colsample_bytree": -0.7415111939248022, "log10_eta": -3.7658312612936844, "log10_lambda": -4.271520126277338, "log10_min_child_weight": 3.9029313323442545, "log10_subsample": -0.29032589832427, "max_depth": 9.0, "num_boost_round": 5.0}, "datetime": {"datetime": "2024-01-19 01:50:48", "elapsed": 6001.87433, "delta": 0.006062}}
{"target": -17.677206834908894, "params": {"gamma": 50.23922187020813, "log10_alpha": -2.095173761935082, "log10_colsample_bytree": -0.7415111939248022, "log10_eta": -3.7658312612936844, "log10_lambda": -4.271520126277338, "log10_min_child_weight": 3.9029313323442545, "log10_subsample": -0.29032589832427, "max_depth": 9.0, "num_boost_round": 6.0}, "datetime": {"datetime": "2024-01-19 01:50:48", "elapsed": 6001.87918, "delta": 0.00485}}
{"target": -17.6772038153723, "params": {"gamma": 50.23922187020813, "log10_alpha": -2.095173761935082, "log10_colsample_bytree": -0.7415111939248022, "log10_eta": -3.7658312612936844, "log10_lambda": -4.271520126277338, "log10_min_child_weight": 3.9029313323442545, "log10_subsample": -0.29032589832427, "max_depth": 9.0, "num_boost_round": 7.0}, "datetime": {"datetime": "2024-01-19 01:50:48", "elapsed": 6001.883756, "delta": 0.004576}}
{"target": -17.677196008233093, "params": {"gamma": 50.23922187020813, "log10_alpha": -2.095173761935082, "log10_colsample_bytree": -0.7415111939248022, "log10_eta": -3.7658312612936844, "log10_lambda": -4.271520126277338, "log10_min_child_weight": 3.9029313323442545, "log10_subsample": -0.29032589832427, "max_depth": 9.0, "num_boost_round": 8.0}, "datetime": {"datetime": "2024-01-19 01:50:48", "elapsed": 6001.888158, "delta": 0.004402}}
{"target": -17.677198463055614, "params": {"gamma": 50.23922187020813, "log10_alpha": -2.095173761935082, "log10_colsample_bytree": -0.7415111939248022, "log10_eta": -3.7658312612936844, "log10_lambda": -4.271520126277338, "log10_min_child_weight": 3.9029313323442545, "log10_subsample": -0.29032589832427, "max_depth": 9.0, "num_boost_round": 9.0}, "datetime": {"datetime": "2024-01-19 01:50:48", "elapsed": 6001.892858, "delta": 0.0047}}
{"target": -17.677195470077706, "params": {"gamma": 50.23922187020813, "log10_alpha": -2.095173761935082, "log10_colsample_bytree": -0.7415111939248022, "log10_eta": -3.7658312612936844, "log10_lambda": -4.271520126277338, "log10_min_child_weight": 3.9029313323442545, "log10_subsample": -0.29032589832427, "max_depth": 9.0, "num_boost_round": 10.0}, "datetime": {"datetime": "2024-01-19 01:50:48", "elapsed": 6001.897149, "delta": 0.004291}}
{"target": -17.677198582651343, "params": {"gamma": 50.23922187020813, "log10_alpha": -2.095173761935082, "log10_colsample_bytree": -0.7415111939248022, "log10_eta": -3.7658312612936844, "log10_lambda": -4.271520126277338, "log10_min_child_weight": 3.9029313323442545, "log10_subsample": -0.29032589832427, "max_depth": 9.0, "num_boost_round": 11.0}, "datetime": {"datetime": "2024-01-19 01:50:48", "elapsed": 6001.901672, "delta": 0.004523}}
{"target": -17.67719216385461, "params": {"gamma": 50.23922187020813, "log10_alpha": -2.095173761935082, "log10_colsample_bytree": -0.7415111939248022, "log10_eta": -3.7658312612936844, "log10_lambda": -4.271520126277338, "log10_min_child_weight": 3.9029313323442545, "log10_subsample": -0.29032589832427, "max_depth": 9.0, "num_boost_round": 12.0}, "datetime": {"datetime": "2024-01-19 01:50:48", "elapsed": 6001.906169, "delta": 0.004497}}
{"target": -17.67718684039026, "params": {"gamma": 50.23922187020813, "log10_alpha": -2.095173761935082, "log10_colsample_bytree": -0.7415111939248022, "log10_eta": -3.7658312612936844, "log10_lambda": -4.271520126277338, "log10_min_child_weight": 3.9029313323442545, "log10_subsample": -0.29032589832427, "max_depth": 9.0, "num_boost_round": 13.0}, "datetime": {"datetime": "2024-01-19 01:50:48", "elapsed": 6001.910669, "delta": 0.0045}}
{"target": -17.677186889862863, "params": {"gamma": 50.23922187020813, "log10_alpha": -2.095173761935082, "log10_colsample_bytree": -0.7415111939248022, "log10_eta": -3.7658312612936844, "log10_lambda": -4.271520126277338, "log10_min_child_weight": 3.9029313323442545, "log10_subsample": -0.29032589832427, "max_depth": 9.0, "num_boost_round": 14.0}, "datetime": {"datetime": "2024-01-19 01:50:48", "elapsed": 6001.915391, "delta": 0.004722}}
{"target": -17.677182187436316, "params": {"gamma": 50.23922187020813, "log10_alpha": -2.095173761935082, "log10_colsample_bytree": -0.7415111939248022, "log10_eta": -3.7658312612936844, "log10_lambda": -4.271520126277338, "log10_min_child_weight": 3.9029313323442545, "log10_subsample": -0.29032589832427, "max_depth": 9.0, "num_boost_round": 15.0}, "datetime": {"datetime": "2024-01-19 01:50:48", "elapsed": 6001.92017, "delta": 0.004779}}
{"target": -17.677179628615658, "params": {"gamma": 50.23922187020813, "log10_alpha": -2.095173761935082, "log10_colsample_bytree": -0.7415111939248022, "log10_eta": -3.7658312612936844, "log10_lambda": -4.271520126277338, "log10_min_child_weight": 3.9029313323442545, "log10_subsample": -0.29032589832427, "max_depth": 9.0, "num_boost_round": 16.0}, "datetime": {"datetime": "2024-01-19 01:50:48", "elapsed": 6001.92482, "delta": 0.00465}}
{"target": -17.677175861529744, "params": {"gamma": 50.23922187020813, "log10_alpha": -2.095173761935082, "log10_colsample_bytree": -0.7415111939248022, "log10_eta": -3.7658312612936844, "log10_lambda": -4.271520126277338, "log10_min_child_weight": 3.9029313323442545, "log10_subsample": -0.29032589832427, "max_depth": 9.0, "num_boost_round": 17.0}, "datetime": {"datetime": "2024-01-19 01:50:48", "elapsed": 6001.929378, "delta": 0.004558}}
{"target": -17.67717778302057, "params": {"gamma": 50.23922187020813, "log10_alpha": -2.095173761935082, "log10_colsample_bytree": -0.7415111939248022, "log10_eta": -3.7658312612936844, "log10_lambda": -4.271520126277338, "log10_min_child_weight": 3.9029313323442545, "log10_subsample": -0.29032589832427, "max_depth": 9.0, "num_boost_round": 18.0}, "datetime": {"datetime": "2024-01-19 01:50:48", "elapsed": 6001.933963, "delta": 0.004585}}
{"target": -17.677167413633406, "params": {"gamma": 50.23922187020813, "log10_alpha": -2.095173761935082, "log10_colsample_bytree": -0.7415111939248022, "log10_eta": -3.7658312612936844, "log10_lambda": -4.271520126277338, "log10_min_child_weight": 3.9029313323442545, "log10_subsample": -0.29032589832427, "max_depth": 9.0, "num_boost_round": 19.0}, "datetime": {"datetime": "2024-01-19 01:50:48", "elapsed": 6001.938339, "delta": 0.004376}}
{"target": -17.67716104661283, "params": {"gamma": 50.23922187020813, "log10_alpha": -2.095173761935082, "log10_colsample_bytree": -0.7415111939248022, "log10_eta": -3.7658312612936844, "log10_lambda": -4.271520126277338, "log10_min_child_weight": 3.9029313323442545, "log10_subsample": -0.29032589832427, "max_depth": 9.0, "num_boost_round": 20.0}, "datetime": {"datetime": "2024-01-19 01:50:48", "elapsed": 6001.942808, "delta": 0.004469}}
{"target": -17.677153958445164, "params": {"gamma": 50.23922187020813, "log10_alpha": -2.095173761935082, "log10_colsample_bytree": -0.7415111939248022, "log10_eta": -3.7658312612936844, "log10_lambda": -4.271520126277338, "log10_min_child_weight": 3.9029313323442545, "log10_subsample": -0.29032589832427, "max_depth": 9.0, "num_boost_round": 21.0}, "datetime": {"datetime": "2024-01-19 01:50:48", "elapsed": 6001.947172, "delta": 0.004364}}
{"target": -17.67714320187098, "params": {"gamma": 50.23922187020813, "log10_alpha": -2.095173761935082, "log10_colsample_bytree": -0.7415111939248022, "log10_eta": -3.7658312612936844, "log10_lambda": -4.271520126277338, "log10_min_child_weight": 3.9029313323442545, "log10_subsample": -0.29032589832427, "max_depth": 9.0, "num_boost_round": 22.0}, "datetime": {"datetime": "2024-01-19 01:50:48", "elapsed": 6001.951701, "delta": 0.004529}}
{"target": -17.67713847130021, "params": {"gamma": 50.23922187020813, "log10_alpha": -2.095173761935082, "log10_colsample_bytree": -0.7415111939248022, "log10_eta": -3.7658312612936844, "log10_lambda": -4.271520126277338, "log10_min_child_weight": 3.9029313323442545, "log10_subsample": -0.29032589832427, "max_depth": 9.0, "num_boost_round": 23.0}, "datetime": {"datetime": "2024-01-19 01:50:48", "elapsed": 6001.956229, "delta": 0.004528}}
{"target": -17.677136562313716, "params": {"gamma": 50.23922187020813, "log10_alpha": -2.095173761935082, "log10_colsample_bytree": -0.7415111939248022, "log10_eta": -3.7658312612936844, "log10_lambda": -4.271520126277338, "log10_min_child_weight": 3.9029313323442545, "log10_subsample": -0.29032589832427, "max_depth": 9.0, "num_boost_round": 24.0}, "datetime": {"datetime": "2024-01-19 01:50:48", "elapsed": 6001.960634, "delta": 0.004405}}
{"target": -17.677136393402257, "params": {"gamma": 50.23922187020813, "log10_alpha": -2.095173761935082, "log10_colsample_bytree": -0.7415111939248022, "log10_eta": -3.7658312612936844, "log10_lambda": -4.271520126277338, "log10_min_child_weight": 3.9029313323442545, "log10_subsample": -0.29032589832427, "max_depth": 9.0, "num_boost_round": 25.0}, "datetime": {"datetime": "2024-01-19 01:50:48", "elapsed": 6001.965154, "delta": 0.00452}}
{"target": -17.677135749875482, "params": {"gamma": 50.23922187020813, "log10_alpha": -2.095173761935082, "log10_colsample_bytree": -0.7415111939248022, "log10_eta": -3.7658312612936844, "log10_lambda": -4.271520126277338, "log10_min_child_weight": 3.9029313323442545, "log10_subsample": -0.29032589832427, "max_depth": 9.0, "num_boost_round": 26.0}, "datetime": {"datetime": "2024-01-19 01:50:48", "elapsed": 6001.969667, "delta": 0.004513}}
{"target": -17.677130328383363, "params": {"gamma": 50.23922187020813, "log10_alpha": -2.095173761935082, "log10_colsample_bytree": -0.7415111939248022, "log10_eta": -3.7658312612936844, "log10_lambda": -4.271520126277338, "log10_min_child_weight": 3.9029313323442545, "log10_subsample": -0.29032589832427, "max_depth": 9.0, "num_boost_round": 27.0}, "datetime": {"datetime": "2024-01-19 01:50:48", "elapsed": 6001.974221, "delta": 0.004554}}
{"target": -17.677120782168288, "params": {"gamma": 50.23922187020813, "log10_alpha": -2.095173761935082, "log10_colsample_bytree": -0.7415111939248022, "log10_eta": -3.7658312612936844, "log10_lambda": -4.271520126277338, "log10_min_child_weight": 3.9029313323442545, "log10_subsample": -0.29032589832427, "max_depth": 9.0, "num_boost_round": 28.0}, "datetime": {"datetime": "2024-01-19 01:50:48", "elapsed": 6001.978479, "delta": 0.004258}}
{"target": -17.677111467290956, "params": {"gamma": 50.23922187020813, "log10_alpha": -2.095173761935082, "log10_colsample_bytree": -0.7415111939248022, "log10_eta": -3.7658312612936844, "log10_lambda": -4.271520126277338, "log10_min_child_weight": 3.9029313323442545, "log10_subsample": -0.29032589832427, "max_depth": 9.0, "num_boost_round": 29.0}, "datetime": {"datetime": "2024-01-19 01:50:48", "elapsed": 6001.982993, "delta": 0.004514}}
{"target": -17.677107406970602, "params": {"gamma": 50.23922187020813, "log10_alpha": -2.095173761935082, "log10_colsample_bytree": -0.7415111939248022, "log10_eta": -3.7658312612936844, "log10_lambda": -4.271520126277338, "log10_min_child_weight": 3.9029313323442545, "log10_subsample": -0.29032589832427, "max_depth": 9.0, "num_boost_round": 30.0}, "datetime": {"datetime": "2024-01-19 01:50:48", "elapsed": 6001.987405, "delta": 0.004412}}
{"target": -17.677101838631003, "params": {"gamma": 50.23922187020813, "log10_alpha": -2.095173761935082, "log10_colsample_bytree": -0.7415111939248022, "log10_eta": -3.7658312612936844, "log10_lambda": -4.271520126277338, "log10_min_child_weight": 3.9029313323442545, "log10_subsample": -0.29032589832427, "max_depth": 9.0, "num_boost_round": 31.0}, "datetime": {"datetime": "2024-01-19 01:50:48", "elapsed": 6001.991946, "delta": 0.004541}}
{"target": -17.67709696620495, "params": {"gamma": 50.23922187020813, "log10_alpha": -2.095173761935082, "log10_colsample_bytree": -0.7415111939248022, "log10_eta": -3.7658312612936844, "log10_lambda": -4.271520126277338, "log10_min_child_weight": 3.9029313323442545, "log10_subsample": -0.29032589832427, "max_depth": 9.0, "num_boost_round": 32.0}, "datetime": {"datetime": "2024-01-19 01:50:48", "elapsed": 6001.996391, "delta": 0.004445}}
{"target": -17.677084458157008, "params": {"gamma": 50.23922187020813, "log10_alpha": -2.095173761935082, "log10_colsample_bytree": -0.7415111939248022, "log10_eta": -3.7658312612936844, "log10_lambda": -4.271520126277338, "log10_min_child_weight": 3.9029313323442545, "log10_subsample": -0.29032589832427, "max_depth": 9.0, "num_boost_round": 33.0}, "datetime": {"datetime": "2024-01-19 01:50:48", "elapsed": 6002.000845, "delta": 0.004454}}
{"target": -17.67708134762896, "params": {"gamma": 50.23922187020813, "log10_alpha": -2.095173761935082, "log10_colsample_bytree": -0.7415111939248022, "log10_eta": -3.7658312612936844, "log10_lambda": -4.271520126277338, "log10_min_child_weight": 3.9029313323442545, "log10_subsample": -0.29032589832427, "max_depth": 9.0, "num_boost_round": 34.0}, "datetime": {"datetime": "2024-01-19 01:50:48", "elapsed": 6002.005427, "delta": 0.004582}}
{"target": -17.677083260756252, "params": {"gamma": 50.23922187020813, "log10_alpha": -2.095173761935082, "log10_colsample_bytree": -0.7415111939248022, "log10_eta": -3.7658312612936844, "log10_lambda": -4.271520126277338, "log10_min_child_weight": 3.9029313323442545, "log10_subsample": -0.29032589832427, "max_depth": 9.0, "num_boost_round": 35.0}, "datetime": {"datetime": "2024-01-19 01:50:48", "elapsed": 6002.114309, "delta": 0.108882}}
{"target": -17.67708431715978, "params": {"gamma": 50.23922187020813, "log10_alpha": -2.095173761935082, "log10_colsample_bytree": -0.7415111939248022, "log10_eta": -3.7658312612936844, "log10_lambda": -4.271520126277338, "log10_min_child_weight": 3.9029313323442545, "log10_subsample": -0.29032589832427, "max_depth": 9.0, "num_boost_round": 36.0}, "datetime": {"datetime": "2024-01-19 01:50:48", "elapsed": 6002.11965, "delta": 0.005341}}
{"target": -17.67708276404923, "params": {"gamma": 50.23922187020813, "log10_alpha": -2.095173761935082, "log10_colsample_bytree": -0.7415111939248022, "log10_eta": -3.7658312612936844, "log10_lambda": -4.271520126277338, "log10_min_child_weight": 3.9029313323442545, "log10_subsample": -0.29032589832427, "max_depth": 9.0, "num_boost_round": 37.0}, "datetime": {"datetime": "2024-01-19 01:50:48", "elapsed": 6002.124348, "delta": 0.004698}}
{"target": -17.67708323254899, "params": {"gamma": 50.23922187020813, "log10_alpha": -2.095173761935082, "log10_colsample_bytree": -0.7415111939248022, "log10_eta": -3.7658312612936844, "log10_lambda": -4.271520126277338, "log10_min_child_weight": 3.9029313323442545, "log10_subsample": -0.29032589832427, "max_depth": 9.0, "num_boost_round": 38.0}, "datetime": {"datetime": "2024-01-19 01:50:48", "elapsed": 6002.128789, "delta": 0.004441}}
{"target": -17.677080512149047, "params": {"gamma": 50.23922187020813, "log10_alpha": -2.095173761935082, "log10_colsample_bytree": -0.7415111939248022, "log10_eta": -3.7658312612936844, "log10_lambda": -4.271520126277338, "log10_min_child_weight": 3.9029313323442545, "log10_subsample": -0.29032589832427, "max_depth": 9.0, "num_boost_round": 39.0}, "datetime": {"datetime": "2024-01-19 01:50:48", "elapsed": 6002.13323, "delta": 0.004441}}
{"target": -17.67707814314725, "params": {"gamma": 50.23922187020813, "log10_alpha": -2.095173761935082, "log10_colsample_bytree": -0.7415111939248022, "log10_eta": -3.7658312612936844, "log10_lambda": -4.271520126277338, "log10_min_child_weight": 3.9029313323442545, "log10_subsample": -0.29032589832427, "max_depth": 9.0, "num_boost_round": 40.0}, "datetime": {"datetime": "2024-01-19 01:50:48", "elapsed": 6002.137732, "delta": 0.004502}}
{"target": -17.6770766275526, "params": {"gamma": 50.23922187020813, "log10_alpha": -2.095173761935082, "log10_colsample_bytree": -0.7415111939248022, "log10_eta": -3.7658312612936844, "log10_lambda": -4.271520126277338, "log10_min_child_weight": 3.9029313323442545, "log10_subsample": -0.29032589832427, "max_depth": 9.0, "num_boost_round": 41.0}, "datetime": {"datetime": "2024-01-19 01:50:48", "elapsed": 6002.142581, "delta": 0.004849}}
{"target": -17.677071287254982, "params": {"gamma": 50.23922187020813, "log10_alpha": -2.095173761935082, "log10_colsample_bytree": -0.7415111939248022, "log10_eta": -3.7658312612936844, "log10_lambda": -4.271520126277338, "log10_min_child_weight": 3.9029313323442545, "log10_subsample": -0.29032589832427, "max_depth": 9.0, "num_boost_round": 42.0}, "datetime": {"datetime": "2024-01-19 01:50:48", "elapsed": 6002.147191, "delta": 0.00461}}
