{"target": -17.677213275180627, "params": {"gamma": 842.6321177749637, "log10_alpha": -3.2461170797239784, "log10_colsample_bytree": -0.5419546820766797, "log10_eta": -3.9429301798107064, "log10_lambda": -4.507792470018752, "log10_min_child_weight": 1.3905629918475126, "log10_subsample": -0.5331916736141915, "max_depth": 4.0, "num_boost_round": 2.0}, "datetime": {"datetime": "2024-01-19 01:22:16", "elapsed": 4221.229151, "delta": 0.005933}}
{"target": -17.677209810737285, "params": {"gamma": 842.6321177749637, "log10_alpha": -3.2461170797239784, "log10_colsample_bytree": -0.5419546820766797, "log10_eta": -3.9429301798107064, "log10_lambda": -4.507792470018752, "log10_min_child_weight": 1.3905629918475126, "log10_subsample": -0.5331916736141915, "max_depth": 4.0, "num_boost_round": 3.0}, "datetime": {"datetime": "2024-01-19 01:22:16", "elapsed": 4221.234978, "delta": 0.005827}}
{"target": -17.67720831288054, "params": {"gamma": 842.6321177749637, "log10_alpha": -3.2461170797239784, "log10_colsample_bytree": -0.5419546820766797, "log10_eta": -3.9429301798107064, "log10_lambda": -4.507792470018752, "log10_min_child_weight": 1.3905629918475126, "log10_subsample": -0.5331916736141915, "max_depth": 4.0, "num_boost_round": 4.0}, "datetime": {"datetime": "2024-01-19 01:22:16", "elapsed": 4221.240976, "delta": 0.005998}}
{"target": -17.6772037670142, "params": {"gamma": 842.6321177749637, "log10_alpha": -3.2461170797239784, "log10_colsample_bytree": -0.5419546820766797, "log10_eta": -3.9429301798107064, "log10_lambda": -4.507792470018752, "log10_min_child_weight": 1.3905629918475126, "log10_subsample": -0.5331916736141915, "max_depth": 4.0, "num_boost_round": 5.0}, "datetime": {"datetime": "2024-01-19 01:22:16", "elapsed": 4221.246932, "delta": 0.005956}}
{"target": -17.67719945957622, "params": {"gamma": 842.6321177749637, "log10_alpha": -3.2461170797239784, "log10_colsample_bytree": -0.5419546820766797, "log10_eta": -3.9429301798107064, "log10_lambda": -4.507792470018752, "log10_min_child_weight": 1.3905629918475126, "log10_subsample": -0.5331916736141915, "max_depth": 4.0, "num_boost_round": 6.0}, "datetime": {"datetime": "2024-01-19 01:22:16", "elapsed": 4221.252685, "delta": 0.005753}}
{"target": -17.677196757354203, "params": {"gamma": 842.6321177749637, "log10_alpha": -3.2461170797239784, "log10_colsample_bytree": -0.5419546820766797, "log10_eta": -3.9429301798107064, "log10_lambda": -4.507792470018752, "log10_min_child_weight": 1.3905629918475126, "log10_subsample": -0.5331916736141915, "max_depth": 4.0, "num_boost_round": 7.0}, "datetime": {"datetime": "2024-01-19 01:22:16", "elapsed": 4221.258457, "delta": 0.005772}}
{"target": -17.67719396628693, "params": {"gamma": 842.6321177749637, "log10_alpha": -3.2461170797239784, "log10_colsample_bytree": -0.5419546820766797, "log10_eta": -3.9429301798107064, "log10_lambda": -4.507792470018752, "log10_min_child_weight": 1.3905629918475126, "log10_subsample": -0.5331916736141915, "max_depth": 4.0, "num_boost_round": 8.0}, "datetime": {"datetime": "2024-01-19 01:22:16", "elapsed": 4221.264307, "delta": 0.00585}}
{"target": -17.67718880215522, "params": {"gamma": 842.6321177749637, "log10_alpha": -3.2461170797239784, "log10_colsample_bytree": -0.5419546820766797, "log10_eta": -3.9429301798107064, "log10_lambda": -4.507792470018752, "log10_min_child_weight": 1.3905629918475126, "log10_subsample": -0.5331916736141915, "max_depth": 4.0, "num_boost_round": 9.0}, "datetime": {"datetime": "2024-01-19 01:22:16", "elapsed": 4221.270281, "delta": 0.005974}}
{"target": -17.677181790686962, "params": {"gamma": 842.6321177749637, "log10_alpha": -3.2461170797239784, "log10_colsample_bytree": -0.5419546820766797, "log10_eta": -3.9429301798107064, "log10_lambda": -4.507792470018752, "log10_min_child_weight": 1.3905629918475126, "log10_subsample": -0.5331916736141915, "max_depth": 4.0, "num_boost_round": 10.0}, "datetime": {"datetime": "2024-01-19 01:22:16", "elapsed": 4221.27627, "delta": 0.005989}}
{"target": -17.677174288773326, "params": {"gamma": 842.6321177749637, "log10_alpha": -3.2461170797239784, "log10_colsample_bytree": -0.5419546820766797, "log10_eta": -3.9429301798107064, "log10_lambda": -4.507792470018752, "log10_min_child_weight": 1.3905629918475126, "log10_subsample": -0.5331916736141915, "max_depth": 4.0, "num_boost_round": 11.0}, "datetime": {"datetime": "2024-01-19 01:22:16", "elapsed": 4221.28231, "delta": 0.00604}}
{"target": -17.677166576364197, "params": {"gamma": 842.6321177749637, "log10_alpha": -3.2461170797239784, "log10_colsample_bytree": -0.5419546820766797, "log10_eta": -3.9429301798107064, "log10_lambda": -4.507792470018752, "log10_min_child_weight": 1.3905629918475126, "log10_subsample": -0.5331916736141915, "max_depth": 4.0, "num_boost_round": 12.0}, "datetime": {"datetime": "2024-01-19 01:22:16", "elapsed": 4221.288254, "delta": 0.005944}}
{"target": -17.677162021497946, "params": {"gamma": 842.6321177749637, "log10_alpha": -3.2461170797239784, "log10_colsample_bytree": -0.5419546820766797, "log10_eta": -3.9429301798107064, "log10_lambda": -4.507792470018752, "log10_min_child_weight": 1.3905629918475126, "log10_subsample": -0.5331916736141915, "max_depth": 4.0, "num_boost_round": 13.0}, "datetime": {"datetime": "2024-01-19 01:22:16", "elapsed": 4221.294185, "delta": 0.005931}}
{"target": -17.677164758079805, "params": {"gamma": 842.6321177749637, "log10_alpha": -3.2461170797239784, "log10_colsample_bytree": -0.5419546820766797, "log10_eta": -3.9429301798107064, "log10_lambda": -4.507792470018752, "log10_min_child_weight": 1.3905629918475126, "log10_subsample": -0.5331916736141915, "max_depth": 4.0, "num_boost_round": 14.0}, "datetime": {"datetime": "2024-01-19 01:22:16", "elapsed": 4221.299955, "delta": 0.00577}}
{"target": -17.677163113397746, "params": {"gamma": 842.6321177749637, "log10_alpha": -3.2461170797239784, "log10_colsample_bytree": -0.5419546820766797, "log10_eta": -3.9429301798107064, "log10_lambda": -4.507792470018752, "log10_min_child_weight": 1.3905629918475126, "log10_subsample": -0.5331916736141915, "max_depth": 4.0, "num_boost_round": 15.0}, "datetime": {"datetime": "2024-01-19 01:22:16", "elapsed": 4221.30659, "delta": 0.006635}}
{"target": -17.677156229664632, "params": {"gamma": 842.6321177749637, "log10_alpha": -3.2461170797239784, "log10_colsample_bytree": -0.5419546820766797, "log10_eta": -3.9429301798107064, "log10_lambda": -4.507792470018752, "log10_min_child_weight": 1.3905629918475126, "log10_subsample": -0.5331916736141915, "max_depth": 4.0, "num_boost_round": 16.0}, "datetime": {"datetime": "2024-01-19 01:22:16", "elapsed": 4221.313276, "delta": 0.006686}}
{"target": -17.677155657371696, "params": {"gamma": 842.6321177749637, "log10_alpha": -3.2461170797239784, "log10_colsample_bytree": -0.5419546820766797, "log10_eta": -3.9429301798107064, "log10_lambda": -4.507792470018752, "log10_min_child_weight": 1.3905629918475126, "log10_subsample": -0.5331916736141915, "max_depth": 4.0, "num_boost_round": 17.0}, "datetime": {"datetime": "2024-01-19 01:22:16", "elapsed": 4221.319401, "delta": 0.006125}}
{"target": -17.677155542520666, "params": {"gamma": 842.6321177749637, "log10_alpha": -3.2461170797239784, "log10_colsample_bytree": -0.5419546820766797, "log10_eta": -3.9429301798107064, "log10_lambda": -4.507792470018752, "log10_min_child_weight": 1.3905629918475126, "log10_subsample": -0.5331916736141915, "max_depth": 4.0, "num_boost_round": 18.0}, "datetime": {"datetime": "2024-01-19 01:22:16", "elapsed": 4221.325527, "delta": 0.006126}}
{"target": -17.67715309970587, "params": {"gamma": 842.6321177749637, "log10_alpha": -3.2461170797239784, "log10_colsample_bytree": -0.5419546820766797, "log10_eta": -3.9429301798107064, "log10_lambda": -4.507792470018752, "log10_min_child_weight": 1.3905629918475126, "log10_subsample": -0.5331916736141915, "max_depth": 4.0, "num_boost_round": 19.0}, "datetime": {"datetime": "2024-01-19 01:22:16", "elapsed": 4221.331389, "delta": 0.005862}}
{"target": -17.677149568165486, "params": {"gamma": 842.6321177749637, "log10_alpha": -3.2461170797239784, "log10_colsample_bytree": -0.5419546820766797, "log10_eta": -3.9429301798107064, "log10_lambda": -4.507792470018752, "log10_min_child_weight": 1.3905629918475126, "log10_subsample": -0.5331916736141915, "max_depth": 4.0, "num_boost_round": 20.0}, "datetime": {"datetime": "2024-01-19 01:22:16", "elapsed": 4221.337174, "delta": 0.005785}}
{"target": -17.677142775390294, "params": {"gamma": 842.6321177749637, "log10_alpha": -3.2461170797239784, "log10_colsample_bytree": -0.5419546820766797, "log10_eta": -3.9429301798107064, "log10_lambda": -4.507792470018752, "log10_min_child_weight": 1.3905629918475126, "log10_subsample": -0.5331916736141915, "max_depth": 4.0, "num_boost_round": 21.0}, "datetime": {"datetime": "2024-01-19 01:22:16", "elapsed": 4221.34302, "delta": 0.005846}}
{"target": -17.67713405372804, "params": {"gamma": 842.6321177749637, "log10_alpha": -3.2461170797239784, "log10_colsample_bytree": -0.5419546820766797, "log10_eta": -3.9429301798107064, "log10_lambda": -4.507792470018752, "log10_min_child_weight": 1.3905629918475126, "log10_subsample": -0.5331916736141915, "max_depth": 4.0, "num_boost_round": 22.0}, "datetime": {"datetime": "2024-01-19 01:22:16", "elapsed": 4221.34871, "delta": 0.00569}}
{"target": -17.677124575110824, "params": {"gamma": 842.6321177749637, "log10_alpha": -3.2461170797239784, "log10_colsample_bytree": -0.5419546820766797, "log10_eta": -3.9429301798107064, "log10_lambda": -4.507792470018752, "log10_min_child_weight": 1.3905629918475126, "log10_subsample": -0.5331916736141915, "max_depth": 4.0, "num_boost_round": 23.0}, "datetime": {"datetime": "2024-01-19 01:22:16", "elapsed": 4221.354542, "delta": 0.005832}}
{"target": -17.677121981323335, "params": {"gamma": 842.6321177749637, "log10_alpha": -3.2461170797239784, "log10_colsample_bytree": -0.5419546820766797, "log10_eta": -3.9429301798107064, "log10_lambda": -4.507792470018752, "log10_min_child_weight": 1.3905629918475126, "log10_subsample": -0.5331916736141915, "max_depth": 4.0, "num_boost_round": 24.0}, "datetime": {"datetime": "2024-01-19 01:22:16", "elapsed": 4221.360486, "delta": 0.005944}}
{"target": -17.677120367902777, "params": {"gamma": 842.6321177749637, "log10_alpha": -3.2461170797239784, "log10_colsample_bytree": -0.5419546820766797, "log10_eta": -3.9429301798107064, "log10_lambda": -4.507792470018752, "log10_min_child_weight": 1.3905629918475126, "log10_subsample": -0.5331916736141915, "max_depth": 4.0, "num_boost_round": 25.0}, "datetime": {"datetime": "2024-01-19 01:22:16", "elapsed": 4221.366326, "delta": 0.00584}}
{"target": -17.677118193820686, "params": {"gamma": 842.6321177749637, "log10_alpha": -3.2461170797239784, "log10_colsample_bytree": -0.5419546820766797, "log10_eta": -3.9429301798107064, "log10_lambda": -4.507792470018752, "log10_min_child_weight": 1.3905629918475126, "log10_subsample": -0.5331916736141915, "max_depth": 4.0, "num_boost_round": 26.0}, "datetime": {"datetime": "2024-01-19 01:22:16", "elapsed": 4221.372278, "delta": 0.005952}}
{"target": -17.677117346485144, "params": {"gamma": 842.6321177749637, "log10_alpha": -3.2461170797239784, "log10_colsample_bytree": -0.5419546820766797, "log10_eta": -3.9429301798107064, "log10_lambda": -4.507792470018752, "log10_min_child_weight": 1.3905629918475126, "log10_subsample": -0.5331916736141915, "max_depth": 4.0, "num_boost_round": 27.0}, "datetime": {"datetime": "2024-01-19 01:22:16", "elapsed": 4221.377849, "delta": 0.005571}}
{"target": -17.67711326871024, "params": {"gamma": 842.6321177749637, "log10_alpha": -3.2461170797239784, "log10_colsample_bytree": -0.5419546820766797, "log10_eta": -3.9429301798107064, "log10_lambda": -4.507792470018752, "log10_min_child_weight": 1.3905629918475126, "log10_subsample": -0.5331916736141915, "max_depth": 4.0, "num_boost_round": 28.0}, "datetime": {"datetime": "2024-01-19 01:22:16", "elapsed": 4221.384707, "delta": 0.006858}}
{"target": -17.677107071525896, "params": {"gamma": 842.6321177749637, "log10_alpha": -3.2461170797239784, "log10_colsample_bytree": -0.5419546820766797, "log10_eta": -3.9429301798107064, "log10_lambda": -4.507792470018752, "log10_min_child_weight": 1.3905629918475126, "log10_subsample": -0.5331916736141915, "max_depth": 4.0, "num_boost_round": 29.0}, "datetime": {"datetime": "2024-01-19 01:22:16", "elapsed": 4221.391184, "delta": 0.006477}}
{"target": -17.677106154862688, "params": {"gamma": 842.6321177749637, "log10_alpha": -3.2461170797239784, "log10_colsample_bytree": -0.5419546820766797, "log10_eta": -3.9429301798107064, "log10_lambda": -4.507792470018752, "log10_min_child_weight": 1.3905629918475126, "log10_subsample": -0.5331916736141915, "max_depth": 4.0, "num_boost_round": 30.0}, "datetime": {"datetime": "2024-01-19 01:22:16", "elapsed": 4221.397222, "delta": 0.006038}}
{"target": -17.677100248561217, "params": {"gamma": 842.6321177749637, "log10_alpha": -3.2461170797239784, "log10_colsample_bytree": -0.5419546820766797, "log10_eta": -3.9429301798107064, "log10_lambda": -4.507792470018752, "log10_min_child_weight": 1.3905629918475126, "log10_subsample": -0.5331916736141915, "max_depth": 4.0, "num_boost_round": 31.0}, "datetime": {"datetime": "2024-01-19 01:22:16", "elapsed": 4221.403486, "delta": 0.006264}}
{"target": -17.67721278362707, "params": {"gamma": 834.6244681180898, "log10_alpha": -1.9781755856965049, "log10_colsample_bytree": -0.40183070017553724, "log10_eta": -3.4171483466308117, "log10_lambda": -4.35816548592229, "log10_min_child_weight": 3.4118162160678467, "log10_subsample": -0.5713132156384356, "max_depth": 9.0, "num_boost_round": 0.0}, "datetime": {"datetime": "2024-01-19 01:24:16", "elapsed": 4340.73706, "delta": 119.333574}}
{"target": -17.67718657685779, "params": {"gamma": 834.6244681180898, "log10_alpha": -1.9781755856965049, "log10_colsample_bytree": -0.40183070017553724, "log10_eta": -3.4171483466308117, "log10_lambda": -4.35816548592229, "log10_min_child_weight": 3.4118162160678467, "log10_subsample": -0.5713132156384356, "max_depth": 9.0, "num_boost_round": 1.0}, "datetime": {"datetime": "2024-01-19 01:24:16", "elapsed": 4340.742588, "delta": 0.005528}}
{"target": -17.677168612458964, "params": {"gamma": 834.6244681180898, "log10_alpha": -1.9781755856965049, "log10_colsample_bytree": -0.40183070017553724, "log10_eta": -3.4171483466308117, "log10_lambda": -4.35816548592229, "log10_min_child_weight": 3.4118162160678467, "log10_subsample": -0.5713132156384356, "max_depth": 9.0, "num_boost_round": 2.0}, "datetime": {"datetime": "2024-01-19 01:24:16", "elapsed": 4340.74825, "delta": 0.005662}}
{"target": -17.67717462601727, "params": {"gamma": 834.6244681180898, "log10_alpha": -1.9781755856965049, "log10_colsample_bytree": -0.40183070017553724, "log10_eta": -3.4171483466308117, "log10_lambda": -4.35816548592229, "log10_min_child_weight": 3.4118162160678467, "log10_subsample": -0.5713132156384356, "max_depth": 9.0, "num_boost_round": 3.0}, "datetime": {"datetime": "2024-01-19 01:24:16", "elapsed": 4340.753441, "delta": 0.005191}}
{"target": -17.677149717285854, "params": {"gamma": 834.6244681180898, "log10_alpha": -1.9781755856965049, "log10_colsample_bytree": -0.40183070017553724, "log10_eta": -3.4171483466308117, "log10_lambda": -4.35816548592229, "log10_min_child_weight": 3.4118162160678467, "log10_subsample": -0.5713132156384356, "max_depth": 9.0, "num_boost_round": 4.0}, "datetime": {"datetime": "2024-01-19 01:24:16", "elapsed": 4340.758482, "delta": 0.005041}}
{"target": -17.677136500332193, "params": {"gamma": 834.6244681180898, "log10_alpha": -1.9781755856965049, "log10_colsample_bytree": -0.40183070017553724, "log10_eta": -3.4171483466308117, "log10_lambda": -4.35816548592229, "log10_min_child_weight": 3.4118162160678467, "log10_subsample": -0.5713132156384356, "max_depth": 9.0, "num_boost_round": 5.0}, "datetime": {"datetime": "2024-01-19 01:24:16", "elapsed": 4340.763659, "delta": 0.005177}}
{"target": -17.677137153318345, "params": {"gamma": 834.6244681180898, "log10_alpha": -1.9781755856965049, "log10_colsample_bytree": -0.40183070017553724, "log10_eta": -3.4171483466308117, "log10_lambda": -4.35816548592229, "log10_min_child_weight": 3.4118162160678467, "log10_subsample": -0.5713132156384356, "max_depth": 9.0, "num_boost_round": 6.0}, "datetime": {"datetime": "2024-01-19 01:24:16", "elapsed": 4340.768802, "delta": 0.005143}}
{"target": -17.677117987212494, "params": {"gamma": 834.6244681180898, "log10_alpha": -1.9781755856965049, "log10_colsample_bytree": -0.40183070017553724, "log10_eta": -3.4171483466308117, "log10_lambda": -4.35816548592229, "log10_min_child_weight": 3.4118162160678467, "log10_subsample": -0.5713132156384356, "max_depth": 9.0, "num_boost_round": 7.0}, "datetime": {"datetime": "2024-01-19 01:24:16", "elapsed": 4340.773869, "delta": 0.005067}}
{"target": -17.677097654565753, "params": {"gamma": 834.6244681180898, "log10_alpha": -1.9781755856965049, "log10_colsample_bytree": -0.40183070017553724, "log10_eta": -3.4171483466308117, "log10_lambda": -4.35816548592229, "log10_min_child_weight": 3.4118162160678467, "log10_subsample": -0.5713132156384356, "max_depth": 9.0, "num_boost_round": 8.0}, "datetime": {"datetime": "2024-01-19 01:24:16", "elapsed": 4340.779092, "delta": 0.005223}}
{"target": -17.677083664879, "params": {"gamma": 834.6244681180898, "log10_alpha": -1.9781755856965049, "log10_colsample_bytree": -0.40183070017553724, "log10_eta": -3.4171483466308117, "log10_lambda": -4.35816548592229, "log10_min_child_weight": 3.4118162160678467, "log10_subsample": -0.5713132156384356, "max_depth": 9.0, "num_boost_round": 9.0}, "datetime": {"datetime": "2024-01-19 01:24:16", "elapsed": 4340.784141, "delta": 0.005049}}
{"target": -17.677071161810126, "params": {"gamma": 834.6244681180898, "log10_alpha": -1.9781755856965049, "log10_colsample_bytree": -0.40183070017553724, "log10_eta": -3.4171483466308117, "log10_lambda": -4.35816548592229, "log10_min_child_weight": 3.4118162160678467, "log10_subsample": -0.5713132156384356, "max_depth": 9.0, "num_boost_round": 10.0}, "datetime": {"datetime": "2024-01-19 01:24:16", "elapsed": 4340.789257, "delta": 0.005116}}
{"target": -17.677062170965566, "params": {"gamma": 834.6244681180898, "log10_alpha": -1.9781755856965049, "log10_colsample_bytree": -0.40183070017553724, "log10_eta": -3.4171483466308117, "log10_lambda": -4.35816548592229, "log10_min_child_weight": 3.4118162160678467, "log10_subsample": -0.5713132156384356, "max_depth": 9.0, "num_boost_round": 11.0}, "datetime": {"datetime": "2024-01-19 01:24:16", "elapsed": 4340.794222, "delta": 0.004965}}
{"target": -17.677048629287427, "params": {"gamma": 834.6244681180898, "log10_alpha": -1.9781755856965049, "log10_colsample_bytree": -0.40183070017553724, "log10_eta": -3.4171483466308117, "log10_lambda": -4.35816548592229, "log10_min_child_weight": 3.4118162160678467, "log10_subsample": -0.5713132156384356, "max_depth": 9.0, "num_boost_round": 12.0}, "datetime": {"datetime": "2024-01-19 01:24:16", "elapsed": 4340.799405, "delta": 0.005183}}
{"target": -17.677030106527855, "params": {"gamma": 834.6244681180898, "log10_alpha": -1.9781755856965049, "log10_colsample_bytree": -0.40183070017553724, "log10_eta": -3.4171483466308117, "log10_lambda": -4.35816548592229, "log10_min_child_weight": 3.4118162160678467, "log10_subsample": -0.5713132156384356, "max_depth": 9.0, "num_boost_round": 13.0}, "datetime": {"datetime": "2024-01-19 01:24:16", "elapsed": 4340.804555, "delta": 0.00515}}
{"target": -17.677042399416344, "params": {"gamma": 834.6244681180898, "log10_alpha": -1.9781755856965049, "log10_colsample_bytree": -0.40183070017553724, "log10_eta": -3.4171483466308117, "log10_lambda": -4.35816548592229, "log10_min_child_weight": 3.4118162160678467, "log10_subsample": -0.5713132156384356, "max_depth": 9.0, "num_boost_round": 14.0}, "datetime": {"datetime": "2024-01-19 01:24:16", "elapsed": 4340.811128, "delta": 0.006573}}
{"target": -17.67703212238913, "params": {"gamma": 834.6244681180898, "log10_alpha": -1.9781755856965049, "log10_colsample_bytree": -0.40183070017553724, "log10_eta": -3.4171483466308117, "log10_lambda": -4.35816548592229, "log10_min_child_weight": 3.4118162160678467, "log10_subsample": -0.5713132156384356, "max_depth": 9.0, "num_boost_round": 15.0}, "datetime": {"datetime": "2024-01-19 01:24:16", "elapsed": 4340.816372, "delta": 0.005244}}
{"target": -17.67702887092105, "params": {"gamma": 834.6244681180898, "log10_alpha": -1.9781755856965049, "log10_colsample_bytree": -0.40183070017553724, "log10_eta": -3.4171483466308117, "log10_lambda": -4.35816548592229, "log10_min_child_weight": 3.4118162160678467, "log10_subsample": -0.5713132156384356, "max_depth": 9.0, "num_boost_round": 16.0}, "datetime": {"datetime": "2024-01-19 01:24:16", "elapsed": 4340.821465, "delta": 0.005093}}
{"target": -17.677029895278217, "params": {"gamma": 834.6244681180898, "log10_alpha": -1.9781755856965049, "log10_colsample_bytree": -0.40183070017553724, "log10_eta": -3.4171483466308117, "log10_lambda": -4.35816548592229, "log10_min_child_weight": 3.4118162160678467, "log10_subsample": -0.5713132156384356, "max_depth": 9.0, "num_boost_round": 17.0}, "datetime": {"datetime": "2024-01-19 01:24:16", "elapsed": 4340.82673, "delta": 0.005265}}
{"target": -17.67701850547011, "params": {"gamma": 834.6244681180898, "log10_alpha": -1.9781755856965049, "log10_colsample_bytree": -0.40183070017553724, "log10_eta": -3.4171483466308117, "log10_lambda": -4.35816548592229, "log10_min_child_weight": 3.4118162160678467, "log10_subsample": -0.5713132156384356, "max_depth": 9.0, "num_boost_round": 18.0}, "datetime": {"datetime": "2024-01-19 01:24:16", "elapsed": 4340.831922, "delta": 0.005192}}
