{"target": -13.790138727704846, "params": {"gamma": 942.1657668855124, "log10_alpha": -2.129194560706938, "log10_colsample_bytree": -0.4964627610027731, "log10_eta": -1.6799270466494542, "log10_lambda": 0.6329521393262523, "log10_min_child_weight": 0.9715019877455755, "log10_subsample": -0.8442312304683713, "max_depth": 9.0, "num_boost_round": 52.0}, "datetime": {"datetime": "2024-01-19 01:32:38", "elapsed": 4859.62352, "delta": 0.005312}}
{"target": -13.79069124446369, "params": {"gamma": 942.1657668855124, "log10_alpha": -2.129194560706938, "log10_colsample_bytree": -0.4964627610027731, "log10_eta": -1.6799270466494542, "log10_lambda": 0.6329521393262523, "log10_min_child_weight": 0.9715019877455755, "log10_subsample": -0.8442312304683713, "max_depth": 9.0, "num_boost_round": 53.0}, "datetime": {"datetime": "2024-01-19 01:32:38", "elapsed": 4859.628868, "delta": 0.005348}}
{"target": -13.791357720376022, "params": {"gamma": 942.1657668855124, "log10_alpha": -2.129194560706938, "log10_colsample_bytree": -0.4964627610027731, "log10_eta": -1.6799270466494542, "log10_lambda": 0.6329521393262523, "log10_min_child_weight": 0.9715019877455755, "log10_subsample": -0.8442312304683713, "max_depth": 9.0, "num_boost_round": 54.0}, "datetime": {"datetime": "2024-01-19 01:32:38", "elapsed": 4859.634246, "delta": 0.005378}}
{"target": -13.790676898350734, "params": {"gamma": 942.1657668855124, "log10_alpha": -2.129194560706938, "log10_colsample_bytree": -0.4964627610027731, "log10_eta": -1.6799270466494542, "log10_lambda": 0.6329521393262523, "log10_min_child_weight": 0.9715019877455755, "log10_subsample": -0.8442312304683713, "max_depth": 9.0, "num_boost_round": 55.0}, "datetime": {"datetime": "2024-01-19 01:32:38", "elapsed": 4859.63963, "delta": 0.005384}}
{"target": -13.792075580531455, "params": {"gamma": 942.1657668855124, "log10_alpha": -2.129194560706938, "log10_colsample_bytree": -0.4964627610027731, "log10_eta": -1.6799270466494542, "log10_lambda": 0.6329521393262523, "log10_min_child_weight": 0.9715019877455755, "log10_subsample": -0.8442312304683713, "max_depth": 9.0, "num_boost_round": 56.0}, "datetime": {"datetime": "2024-01-19 01:32:38", "elapsed": 4859.645024, "delta": 0.005394}}
{"target": -13.793121348260751, "params": {"gamma": 942.1657668855124, "log10_alpha": -2.129194560706938, "log10_colsample_bytree": -0.4964627610027731, "log10_eta": -1.6799270466494542, "log10_lambda": 0.6329521393262523, "log10_min_child_weight": 0.9715019877455755, "log10_subsample": -0.8442312304683713, "max_depth": 9.0, "num_boost_round": 57.0}, "datetime": {"datetime": "2024-01-19 01:32:38", "elapsed": 4859.650573, "delta": 0.005549}}
{"target": -13.792649678989646, "params": {"gamma": 942.1657668855124, "log10_alpha": -2.129194560706938, "log10_colsample_bytree": -0.4964627610027731, "log10_eta": -1.6799270466494542, "log10_lambda": 0.6329521393262523, "log10_min_child_weight": 0.9715019877455755, "log10_subsample": -0.8442312304683713, "max_depth": 9.0, "num_boost_round": 58.0}, "datetime": {"datetime": "2024-01-19 01:32:38", "elapsed": 4859.656035, "delta": 0.005462}}
{"target": -13.793646125841157, "params": {"gamma": 942.1657668855124, "log10_alpha": -2.129194560706938, "log10_colsample_bytree": -0.4964627610027731, "log10_eta": -1.6799270466494542, "log10_lambda": 0.6329521393262523, "log10_min_child_weight": 0.9715019877455755, "log10_subsample": -0.8442312304683713, "max_depth": 9.0, "num_boost_round": 59.0}, "datetime": {"datetime": "2024-01-19 01:32:38", "elapsed": 4859.661433, "delta": 0.005398}}
{"target": -13.794627054183131, "params": {"gamma": 942.1657668855124, "log10_alpha": -2.129194560706938, "log10_colsample_bytree": -0.4964627610027731, "log10_eta": -1.6799270466494542, "log10_lambda": 0.6329521393262523, "log10_min_child_weight": 0.9715019877455755, "log10_subsample": -0.8442312304683713, "max_depth": 9.0, "num_boost_round": 60.0}, "datetime": {"datetime": "2024-01-19 01:32:38", "elapsed": 4859.666791, "delta": 0.005358}}
{"target": -13.79497434249268, "params": {"gamma": 942.1657668855124, "log10_alpha": -2.129194560706938, "log10_colsample_bytree": -0.4964627610027731, "log10_eta": -1.6799270466494542, "log10_lambda": 0.6329521393262523, "log10_min_child_weight": 0.9715019877455755, "log10_subsample": -0.8442312304683713, "max_depth": 9.0, "num_boost_round": 61.0}, "datetime": {"datetime": "2024-01-19 01:32:38", "elapsed": 4859.672146, "delta": 0.005355}}
{"target": -13.7968394968086, "params": {"gamma": 942.1657668855124, "log10_alpha": -2.129194560706938, "log10_colsample_bytree": -0.4964627610027731, "log10_eta": -1.6799270466494542, "log10_lambda": 0.6329521393262523, "log10_min_child_weight": 0.9715019877455755, "log10_subsample": -0.8442312304683713, "max_depth": 9.0, "num_boost_round": 62.0}, "datetime": {"datetime": "2024-01-19 01:32:38", "elapsed": 4859.677547, "delta": 0.005401}}
{"target": -13.797270181068141, "params": {"gamma": 942.1657668855124, "log10_alpha": -2.129194560706938, "log10_colsample_bytree": -0.4964627610027731, "log10_eta": -1.6799270466494542, "log10_lambda": 0.6329521393262523, "log10_min_child_weight": 0.9715019877455755, "log10_subsample": -0.8442312304683713, "max_depth": 9.0, "num_boost_round": 63.0}, "datetime": {"datetime": "2024-01-19 01:32:38", "elapsed": 4859.683022, "delta": 0.005475}}
{"target": -13.798258554042917, "params": {"gamma": 942.1657668855124, "log10_alpha": -2.129194560706938, "log10_colsample_bytree": -0.4964627610027731, "log10_eta": -1.6799270466494542, "log10_lambda": 0.6329521393262523, "log10_min_child_weight": 0.9715019877455755, "log10_subsample": -0.8442312304683713, "max_depth": 9.0, "num_boost_round": 64.0}, "datetime": {"datetime": "2024-01-19 01:32:38", "elapsed": 4859.688377, "delta": 0.005355}}
{"target": -13.800249664991803, "params": {"gamma": 942.1657668855124, "log10_alpha": -2.129194560706938, "log10_colsample_bytree": -0.4964627610027731, "log10_eta": -1.6799270466494542, "log10_lambda": 0.6329521393262523, "log10_min_child_weight": 0.9715019877455755, "log10_subsample": -0.8442312304683713, "max_depth": 9.0, "num_boost_round": 65.0}, "datetime": {"datetime": "2024-01-19 01:32:38", "elapsed": 4859.693713, "delta": 0.005336}}
{"target": -13.75847177100578, "params": {"gamma": 934.2751371819844, "log10_alpha": -4.728520888601722, "log10_colsample_bytree": -0.5432473332451986, "log10_eta": -2.109043960338121, "log10_lambda": -2.083835585070701, "log10_min_child_weight": 3.6539236529392767, "log10_subsample": -0.855652604326383, "max_depth": 2.0, "num_boost_round": 0.0}, "datetime": {"datetime": "2024-01-19 01:34:15", "elapsed": 4956.641379, "delta": 96.947666}}
{"target": -13.758503934025095, "params": {"gamma": 934.2751371819844, "log10_alpha": -4.728520888601722, "log10_colsample_bytree": -0.5432473332451986, "log10_eta": -2.109043960338121, "log10_lambda": -2.083835585070701, "log10_min_child_weight": 3.6539236529392767, "log10_subsample": -0.855652604326383, "max_depth": 2.0, "num_boost_round": 1.0}, "datetime": {"datetime": "2024-01-19 01:34:15", "elapsed": 4956.648087, "delta": 0.006708}}
{"target": -13.758517496267263, "params": {"gamma": 934.2751371819844, "log10_alpha": -4.728520888601722, "log10_colsample_bytree": -0.5432473332451986, "log10_eta": -2.109043960338121, "log10_lambda": -2.083835585070701, "log10_min_child_weight": 3.6539236529392767, "log10_subsample": -0.855652604326383, "max_depth": 2.0, "num_boost_round": 2.0}, "datetime": {"datetime": "2024-01-19 01:34:15", "elapsed": 4956.653626, "delta": 0.005539}}
{"target": -13.758496609732353, "params": {"gamma": 934.2751371819844, "log10_alpha": -4.728520888601722, "log10_colsample_bytree": -0.5432473332451986, "log10_eta": -2.109043960338121, "log10_lambda": -2.083835585070701, "log10_min_child_weight": 3.6539236529392767, "log10_subsample": -0.855652604326383, "max_depth": 2.0, "num_boost_round": 3.0}, "datetime": {"datetime": "2024-01-19 01:34:15", "elapsed": 4956.659171, "delta": 0.005545}}
{"target": -13.758437153397342, "params": {"gamma": 934.2751371819844, "log10_alpha": -4.728520888601722, "log10_colsample_bytree": -0.5432473332451986, "log10_eta": -2.109043960338121, "log10_lambda": -2.083835585070701, "log10_min_child_weight": 3.6539236529392767, "log10_subsample": -0.855652604326383, "max_depth": 2.0, "num_boost_round": 4.0}, "datetime": {"datetime": "2024-01-19 01:34:15", "elapsed": 4956.664577, "delta": 0.005406}}
{"target": -13.758434042974955, "params": {"gamma": 934.2751371819844, "log10_alpha": -4.728520888601722, "log10_colsample_bytree": -0.5432473332451986, "log10_eta": -2.109043960338121, "log10_lambda": -2.083835585070701, "log10_min_child_weight": 3.6539236529392767, "log10_subsample": -0.855652604326383, "max_depth": 2.0, "num_boost_round": 5.0}, "datetime": {"datetime": "2024-01-19 01:34:15", "elapsed": 4956.669961, "delta": 0.005384}}
{"target": -13.758521682659202, "params": {"gamma": 934.2751371819844, "log10_alpha": -4.728520888601722, "log10_colsample_bytree": -0.5432473332451986, "log10_eta": -2.109043960338121, "log10_lambda": -2.083835585070701, "log10_min_child_weight": 3.6539236529392767, "log10_subsample": -0.855652604326383, "max_depth": 2.0, "num_boost_round": 6.0}, "datetime": {"datetime": "2024-01-19 01:34:15", "elapsed": 4956.675481, "delta": 0.00552}}
{"target": -13.758491329372179, "params": {"gamma": 934.2751371819844, "log10_alpha": -4.728520888601722, "log10_colsample_bytree": -0.5432473332451986, "log10_eta": -2.109043960338121, "log10_lambda": -2.083835585070701, "log10_min_child_weight": 3.6539236529392767, "log10_subsample": -0.855652604326383, "max_depth": 2.0, "num_boost_round": 7.0}, "datetime": {"datetime": "2024-01-19 01:34:15", "elapsed": 4956.681167, "delta": 0.005686}}
{"target": -13.758535184712331, "params": {"gamma": 934.2751371819844, "log10_alpha": -4.728520888601722, "log10_colsample_bytree": -0.5432473332451986, "log10_eta": -2.109043960338121, "log10_lambda": -2.083835585070701, "log10_min_child_weight": 3.6539236529392767, "log10_subsample": -0.855652604326383, "max_depth": 2.0, "num_boost_round": 8.0}, "datetime": {"datetime": "2024-01-19 01:34:15", "elapsed": 4956.686558, "delta": 0.005391}}
{"target": -13.758481030934142, "params": {"gamma": 934.2751371819844, "log10_alpha": -4.728520888601722, "log10_colsample_bytree": -0.5432473332451986, "log10_eta": -2.109043960338121, "log10_lambda": -2.083835585070701, "log10_min_child_weight": 3.6539236529392767, "log10_subsample": -0.855652604326383, "max_depth": 2.0, "num_boost_round": 9.0}, "datetime": {"datetime": "2024-01-19 01:34:15", "elapsed": 4956.691973, "delta": 0.005415}}
{"target": -13.75851321090407, "params": {"gamma": 934.2751371819844, "log10_alpha": -4.728520888601722, "log10_colsample_bytree": -0.5432473332451986, "log10_eta": -2.109043960338121, "log10_lambda": -2.083835585070701, "log10_min_child_weight": 3.6539236529392767, "log10_subsample": -0.855652604326383, "max_depth": 2.0, "num_boost_round": 10.0}, "datetime": {"datetime": "2024-01-19 01:34:15", "elapsed": 4956.697411, "delta": 0.005438}}
{"target": -13.758499288203112, "params": {"gamma": 934.2751371819844, "log10_alpha": -4.728520888601722, "log10_colsample_bytree": -0.5432473332451986, "log10_eta": -2.109043960338121, "log10_lambda": -2.083835585070701, "log10_min_child_weight": 3.6539236529392767, "log10_subsample": -0.855652604326383, "max_depth": 2.0, "num_boost_round": 11.0}, "datetime": {"datetime": "2024-01-19 01:34:15", "elapsed": 4956.702815, "delta": 0.005404}}
{"target": -13.758543175635223, "params": {"gamma": 934.2751371819844, "log10_alpha": -4.728520888601722, "log10_colsample_bytree": -0.5432473332451986, "log10_eta": -2.109043960338121, "log10_lambda": -2.083835585070701, "log10_min_child_weight": 3.6539236529392767, "log10_subsample": -0.855652604326383, "max_depth": 2.0, "num_boost_round": 12.0}, "datetime": {"datetime": "2024-01-19 01:34:15", "elapsed": 4956.708339, "delta": 0.005524}}
{"target": -13.758506858431046, "params": {"gamma": 934.2751371819844, "log10_alpha": -4.728520888601722, "log10_colsample_bytree": -0.5432473332451986, "log10_eta": -2.109043960338121, "log10_lambda": -2.083835585070701, "log10_min_child_weight": 3.6539236529392767, "log10_subsample": -0.855652604326383, "max_depth": 2.0, "num_boost_round": 13.0}, "datetime": {"datetime": "2024-01-19 01:34:15", "elapsed": 4956.714049, "delta": 0.00571}}
{"target": -13.758513526391337, "params": {"gamma": 934.2751371819844, "log10_alpha": -4.728520888601722, "log10_colsample_bytree": -0.5432473332451986, "log10_eta": -2.109043960338121, "log10_lambda": -2.083835585070701, "log10_min_child_weight": 3.6539236529392767, "log10_subsample": -0.855652604326383, "max_depth": 2.0, "num_boost_round": 14.0}, "datetime": {"datetime": "2024-01-19 01:34:15", "elapsed": 4956.719478, "delta": 0.005429}}
{"target": -13.758422468330066, "params": {"gamma": 934.2751371819844, "log10_alpha": -4.728520888601722, "log10_colsample_bytree": -0.5432473332451986, "log10_eta": -2.109043960338121, "log10_lambda": -2.083835585070701, "log10_min_child_weight": 3.6539236529392767, "log10_subsample": -0.855652604326383, "max_depth": 2.0, "num_boost_round": 15.0}, "datetime": {"datetime": "2024-01-19 01:34:15", "elapsed": 4956.724872, "delta": 0.005394}}
{"target": -13.758443541015524, "params": {"gamma": 934.2751371819844, "log10_alpha": -4.728520888601722, "log10_colsample_bytree": -0.5432473332451986, "log10_eta": -2.109043960338121, "log10_lambda": -2.083835585070701, "log10_min_child_weight": 3.6539236529392767, "log10_subsample": -0.855652604326383, "max_depth": 2.0, "num_boost_round": 16.0}, "datetime": {"datetime": "2024-01-19 01:34:15", "elapsed": 4956.730318, "delta": 0.005446}}
{"target": -13.758471355795015, "params": {"gamma": 934.2751371819844, "log10_alpha": -4.728520888601722, "log10_colsample_bytree": -0.5432473332451986, "log10_eta": -2.109043960338121, "log10_lambda": -2.083835585070701, "log10_min_child_weight": 3.6539236529392767, "log10_subsample": -0.855652604326383, "max_depth": 2.0, "num_boost_round": 17.0}, "datetime": {"datetime": "2024-01-19 01:34:15", "elapsed": 4956.735714, "delta": 0.005396}}
{"target": -13.758489638915718, "params": {"gamma": 934.2751371819844, "log10_alpha": -4.728520888601722, "log10_colsample_bytree": -0.5432473332451986, "log10_eta": -2.109043960338121, "log10_lambda": -2.083835585070701, "log10_min_child_weight": 3.6539236529392767, "log10_subsample": -0.855652604326383, "max_depth": 2.0, "num_boost_round": 18.0}, "datetime": {"datetime": "2024-01-19 01:34:15", "elapsed": 4956.741232, "delta": 0.005518}}
{"target": -13.758528026782853, "params": {"gamma": 948.309870377948, "log10_alpha": -4.199065523552671, "log10_colsample_bytree": -0.9036659767283525, "log10_eta": -2.7498072755524503, "log10_lambda": -0.6914314889813822, "log10_min_child_weight": 0.8178883963891015, "log10_subsample": -0.8757844664255758, "max_depth": 2.0, "num_boost_round": 0.0}, "datetime": {"datetime": "2024-01-19 01:35:20", "elapsed": 5021.939288, "delta": 65.198056}}
{"target": -13.75852067674954, "params": {"gamma": 948.309870377948, "log10_alpha": -4.199065523552671, "log10_colsample_bytree": -0.9036659767283525, "log10_eta": -2.7498072755524503, "log10_lambda": -0.6914314889813822, "log10_min_child_weight": 0.8178883963891015, "log10_subsample": -0.8757844664255758, "max_depth": 2.0, "num_boost_round": 1.0}, "datetime": {"datetime": "2024-01-19 01:35:20", "elapsed": 5021.94535, "delta": 0.006062}}
{"target": -13.75850542736168, "params": {"gamma": 948.309870377948, "log10_alpha": -4.199065523552671, "log10_colsample_bytree": -0.9036659767283525, "log10_eta": -2.7498072755524503, "log10_lambda": -0.6914314889813822, "log10_min_child_weight": 0.8178883963891015, "log10_subsample": -0.8757844664255758, "max_depth": 2.0, "num_boost_round": 2.0}, "datetime": {"datetime": "2024-01-19 01:35:20", "elapsed": 5021.950975, "delta": 0.005625}}
{"target": -13.758487410615617, "params": {"gamma": 948.309870377948, "log10_alpha": -4.199065523552671, "log10_colsample_bytree": -0.9036659767283525, "log10_eta": -2.7498072755524503, "log10_lambda": -0.6914314889813822, "log10_min_child_weight": 0.8178883963891015, "log10_subsample": -0.8757844664255758, "max_depth": 2.0, "num_boost_round": 3.0}, "datetime": {"datetime": "2024-01-19 01:35:20", "elapsed": 5021.956439, "delta": 0.005464}}
{"target": -13.75846799974707, "params": {"gamma": 948.309870377948, "log10_alpha": -4.199065523552671, "log10_colsample_bytree": -0.9036659767283525, "log10_eta": -2.7498072755524503, "log10_lambda": -0.6914314889813822, "log10_min_child_weight": 0.8178883963891015, "log10_subsample": -0.8757844664255758, "max_depth": 2.0, "num_boost_round": 4.0}, "datetime": {"datetime": "2024-01-19 01:35:20", "elapsed": 5021.962187, "delta": 0.005748}}
{"target": -13.758462879361117, "params": {"gamma": 948.309870377948, "log10_alpha": -4.199065523552671, "log10_colsample_bytree": -0.9036659767283525, "log10_eta": -2.7498072755524503, "log10_lambda": -0.6914314889813822, "log10_min_child_weight": 0.8178883963891015, "log10_subsample": -0.8757844664255758, "max_depth": 2.0, "num_boost_round": 5.0}, "datetime": {"datetime": "2024-01-19 01:35:20", "elapsed": 5021.967787, "delta": 0.0056}}
{"target": -13.758447187703844, "params": {"gamma": 948.309870377948, "log10_alpha": -4.199065523552671, "log10_colsample_bytree": -0.9036659767283525, "log10_eta": -2.7498072755524503, "log10_lambda": -0.6914314889813822, "log10_min_child_weight": 0.8178883963891015, "log10_subsample": -0.8757844664255758, "max_depth": 2.0, "num_boost_round": 6.0}, "datetime": {"datetime": "2024-01-19 01:35:20", "elapsed": 5021.973243, "delta": 0.005456}}
{"target": -13.75843375866085, "params": {"gamma": 948.309870377948, "log10_alpha": -4.199065523552671, "log10_colsample_bytree": -0.9036659767283525, "log10_eta": -2.7498072755524503, "log10_lambda": -0.6914314889813822, "log10_min_child_weight": 0.8178883963891015, "log10_subsample": -0.8757844664255758, "max_depth": 2.0, "num_boost_round": 7.0}, "datetime": {"datetime": "2024-01-19 01:35:20", "elapsed": 5021.97875, "delta": 0.005507}}
{"target": -13.758449854708264, "params": {"gamma": 948.309870377948, "log10_alpha": -4.199065523552671, "log10_colsample_bytree": -0.9036659767283525, "log10_eta": -2.7498072755524503, "log10_lambda": -0.6914314889813822, "log10_min_child_weight": 0.8178883963891015, "log10_subsample": -0.8757844664255758, "max_depth": 2.0, "num_boost_round": 8.0}, "datetime": {"datetime": "2024-01-19 01:35:20", "elapsed": 5021.984163, "delta": 0.005413}}
{"target": -13.758433650179692, "params": {"gamma": 948.309870377948, "log10_alpha": -4.199065523552671, "log10_colsample_bytree": -0.9036659767283525, "log10_eta": -2.7498072755524503, "log10_lambda": -0.6914314889813822, "log10_min_child_weight": 0.8178883963891015, "log10_subsample": -0.8757844664255758, "max_depth": 2.0, "num_boost_round": 9.0}, "datetime": {"datetime": "2024-01-19 01:35:20", "elapsed": 5021.989718, "delta": 0.005555}}
{"target": -13.758429067453296, "params": {"gamma": 948.309870377948, "log10_alpha": -4.199065523552671, "log10_colsample_bytree": -0.9036659767283525, "log10_eta": -2.7498072755524503, "log10_lambda": -0.6914314889813822, "log10_min_child_weight": 0.8178883963891015, "log10_subsample": -0.8757844664255758, "max_depth": 2.0, "num_boost_round": 10.0}, "datetime": {"datetime": "2024-01-19 01:35:20", "elapsed": 5021.99529, "delta": 0.005572}}
{"target": -13.758424765700884, "params": {"gamma": 948.309870377948, "log10_alpha": -4.199065523552671, "log10_colsample_bytree": -0.9036659767283525, "log10_eta": -2.7498072755524503, "log10_lambda": -0.6914314889813822, "log10_min_child_weight": 0.8178883963891015, "log10_subsample": -0.8757844664255758, "max_depth": 2.0, "num_boost_round": 11.0}, "datetime": {"datetime": "2024-01-19 01:35:20", "elapsed": 5022.000792, "delta": 0.005502}}
{"target": -13.758407012815189, "params": {"gamma": 948.309870377948, "log10_alpha": -4.199065523552671, "log10_colsample_bytree": -0.9036659767283525, "log10_eta": -2.7498072755524503, "log10_lambda": -0.6914314889813822, "log10_min_child_weight": 0.8178883963891015, "log10_subsample": -0.8757844664255758, "max_depth": 2.0, "num_boost_round": 12.0}, "datetime": {"datetime": "2024-01-19 01:35:20", "elapsed": 5022.00626, "delta": 0.005468}}
{"target": -13.758371293633653, "params": {"gamma": 948.309870377948, "log10_alpha": -4.199065523552671, "log10_colsample_bytree": -0.9036659767283525, "log10_eta": -2.7498072755524503, "log10_lambda": -0.6914314889813822, "log10_min_child_weight": 0.8178883963891015, "log10_subsample": -0.8757844664255758, "max_depth": 2.0, "num_boost_round": 13.0}, "datetime": {"datetime": "2024-01-19 01:35:21", "elapsed": 5022.01185, "delta": 0.00559}}
{"target": -13.75835868182326, "params": {"gamma": 948.309870377948, "log10_alpha": -4.199065523552671, "log10_colsample_bytree": -0.9036659767283525, "log10_eta": -2.7498072755524503, "log10_lambda": -0.6914314889813822, "log10_min_child_weight": 0.8178883963891015, "log10_subsample": -0.8757844664255758, "max_depth": 2.0, "num_boost_round": 14.0}, "datetime": {"datetime": "2024-01-19 01:35:21", "elapsed": 5022.017386, "delta": 0.005536}}
{"target": -13.758340254070278, "params": {"gamma": 948.309870377948, "log10_alpha": -4.199065523552671, "log10_colsample_bytree": -0.9036659767283525, "log10_eta": -2.7498072755524503, "log10_lambda": -0.6914314889813822, "log10_min_child_weight": 0.8178883963891015, "log10_subsample": -0.8757844664255758, "max_depth": 2.0, "num_boost_round": 15.0}, "datetime": {"datetime": "2024-01-19 01:35:21", "elapsed": 5022.022754, "delta": 0.005368}}
