{"target": -17.677229919268918, "params": {"gamma": 59.69115045053041, "log10_alpha": 1.0, "log10_colsample_bytree": -1.0, "log10_eta": -4.0, "log10_lambda": 1.0, "log10_min_child_weight": 5.0, "log10_subsample": -0.38553019730532445, "max_depth": 2.0, "num_boost_round": 3.0}, "datetime": {"datetime": "2024-01-19 01:24:46", "elapsed": 4394.296128, "delta": 0.005048}}
{"target": -17.6772288378509, "params": {"gamma": 59.69115045053041, "log10_alpha": 1.0, "log10_colsample_bytree": -1.0, "log10_eta": -4.0, "log10_lambda": 1.0, "log10_min_child_weight": 5.0, "log10_subsample": -0.38553019730532445, "max_depth": 2.0, "num_boost_round": 4.0}, "datetime": {"datetime": "2024-01-19 01:24:46", "elapsed": 4394.301209, "delta": 0.005081}}
{"target": -17.67722828171317, "params": {"gamma": 59.69115045053041, "log10_alpha": 1.0, "log10_colsample_bytree": -1.0, "log10_eta": -4.0, "log10_lambda": 1.0, "log10_min_child_weight": 5.0, "log10_subsample": -0.38553019730532445, "max_depth": 2.0, "num_boost_round": 5.0}, "datetime": {"datetime": "2024-01-19 01:24:46", "elapsed": 4394.306142, "delta": 0.004933}}
{"target": -17.6772277824722, "params": {"gamma": 59.69115045053041, "log10_alpha": 1.0, "log10_colsample_bytree": -1.0, "log10_eta": -4.0, "log10_lambda": 1.0, "log10_min_child_weight": 5.0, "log10_subsample": -0.38553019730532445, "max_depth": 2.0, "num_boost_round": 6.0}, "datetime": {"datetime": "2024-01-19 01:24:46", "elapsed": 4394.311185, "delta": 0.005043}}
{"target": -17.677226886184386, "params": {"gamma": 59.69115045053041, "log10_alpha": 1.0, "log10_colsample_bytree": -1.0, "log10_eta": -4.0, "log10_lambda": 1.0, "log10_min_child_weight": 5.0, "log10_subsample": -0.38553019730532445, "max_depth": 2.0, "num_boost_round": 7.0}, "datetime": {"datetime": "2024-01-19 01:24:46", "elapsed": 4394.316189, "delta": 0.005004}}
{"target": -17.677225961160108, "params": {"gamma": 59.69115045053041, "log10_alpha": 1.0, "log10_colsample_bytree": -1.0, "log10_eta": -4.0, "log10_lambda": 1.0, "log10_min_child_weight": 5.0, "log10_subsample": -0.38553019730532445, "max_depth": 2.0, "num_boost_round": 8.0}, "datetime": {"datetime": "2024-01-19 01:24:46", "elapsed": 4394.321158, "delta": 0.004969}}
{"target": -17.677225810047677, "params": {"gamma": 59.69115045053041, "log10_alpha": 1.0, "log10_colsample_bytree": -1.0, "log10_eta": -4.0, "log10_lambda": 1.0, "log10_min_child_weight": 5.0, "log10_subsample": -0.38553019730532445, "max_depth": 2.0, "num_boost_round": 9.0}, "datetime": {"datetime": "2024-01-19 01:24:46", "elapsed": 4394.326109, "delta": 0.004951}}
{"target": -17.67722600585222, "params": {"gamma": 59.69115045053041, "log10_alpha": 1.0, "log10_colsample_bytree": -1.0, "log10_eta": -4.0, "log10_lambda": 1.0, "log10_min_child_weight": 5.0, "log10_subsample": -0.38553019730532445, "max_depth": 2.0, "num_boost_round": 10.0}, "datetime": {"datetime": "2024-01-19 01:24:46", "elapsed": 4394.331208, "delta": 0.005099}}
{"target": -17.677224520375113, "params": {"gamma": 59.69115045053041, "log10_alpha": 1.0, "log10_colsample_bytree": -1.0, "log10_eta": -4.0, "log10_lambda": 1.0, "log10_min_child_weight": 5.0, "log10_subsample": -0.38553019730532445, "max_depth": 2.0, "num_boost_round": 11.0}, "datetime": {"datetime": "2024-01-19 01:24:46", "elapsed": 4394.336436, "delta": 0.005228}}
{"target": -17.67722402266987, "params": {"gamma": 59.69115045053041, "log10_alpha": 1.0, "log10_colsample_bytree": -1.0, "log10_eta": -4.0, "log10_lambda": 1.0, "log10_min_child_weight": 5.0, "log10_subsample": -0.38553019730532445, "max_depth": 2.0, "num_boost_round": 12.0}, "datetime": {"datetime": "2024-01-19 01:24:47", "elapsed": 4394.341457, "delta": 0.005021}}
{"target": -17.677223086876435, "params": {"gamma": 59.69115045053041, "log10_alpha": 1.0, "log10_colsample_bytree": -1.0, "log10_eta": -4.0, "log10_lambda": 1.0, "log10_min_child_weight": 5.0, "log10_subsample": -0.38553019730532445, "max_depth": 2.0, "num_boost_round": 13.0}, "datetime": {"datetime": "2024-01-19 01:24:47", "elapsed": 4394.346391, "delta": 0.004934}}
{"target": -17.67722273708078, "params": {"gamma": 59.69115045053041, "log10_alpha": 1.0, "log10_colsample_bytree": -1.0, "log10_eta": -4.0, "log10_lambda": 1.0, "log10_min_child_weight": 5.0, "log10_subsample": -0.38553019730532445, "max_depth": 2.0, "num_boost_round": 14.0}, "datetime": {"datetime": "2024-01-19 01:24:47", "elapsed": 4394.351414, "delta": 0.005023}}
{"target": -17.6772223764835, "params": {"gamma": 59.69115045053041, "log10_alpha": 1.0, "log10_colsample_bytree": -1.0, "log10_eta": -4.0, "log10_lambda": 1.0, "log10_min_child_weight": 5.0, "log10_subsample": -0.38553019730532445, "max_depth": 2.0, "num_boost_round": 15.0}, "datetime": {"datetime": "2024-01-19 01:24:47", "elapsed": 4394.356437, "delta": 0.005023}}
{"target": -17.677221898992492, "params": {"gamma": 59.69115045053041, "log10_alpha": 1.0, "log10_colsample_bytree": -1.0, "log10_eta": -4.0, "log10_lambda": 1.0, "log10_min_child_weight": 5.0, "log10_subsample": -0.38553019730532445, "max_depth": 2.0, "num_boost_round": 16.0}, "datetime": {"datetime": "2024-01-19 01:24:47", "elapsed": 4394.361524, "delta": 0.005087}}
{"target": -17.67722143533607, "params": {"gamma": 59.69115045053041, "log10_alpha": 1.0, "log10_colsample_bytree": -1.0, "log10_eta": -4.0, "log10_lambda": 1.0, "log10_min_child_weight": 5.0, "log10_subsample": -0.38553019730532445, "max_depth": 2.0, "num_boost_round": 17.0}, "datetime": {"datetime": "2024-01-19 01:24:47", "elapsed": 4394.366495, "delta": 0.004971}}
{"target": -17.677220651880575, "params": {"gamma": 59.69115045053041, "log10_alpha": 1.0, "log10_colsample_bytree": -1.0, "log10_eta": -4.0, "log10_lambda": 1.0, "log10_min_child_weight": 5.0, "log10_subsample": -0.38553019730532445, "max_depth": 2.0, "num_boost_round": 18.0}, "datetime": {"datetime": "2024-01-19 01:24:47", "elapsed": 4394.3716, "delta": 0.005105}}
{"target": -17.677219333220695, "params": {"gamma": 59.69115045053041, "log10_alpha": 1.0, "log10_colsample_bytree": -1.0, "log10_eta": -4.0, "log10_lambda": 1.0, "log10_min_child_weight": 5.0, "log10_subsample": -0.38553019730532445, "max_depth": 2.0, "num_boost_round": 19.0}, "datetime": {"datetime": "2024-01-19 01:24:47", "elapsed": 4394.376817, "delta": 0.005217}}
{"target": -17.67721933433431, "params": {"gamma": 59.69115045053041, "log10_alpha": 1.0, "log10_colsample_bytree": -1.0, "log10_eta": -4.0, "log10_lambda": 1.0, "log10_min_child_weight": 5.0, "log10_subsample": -0.38553019730532445, "max_depth": 2.0, "num_boost_round": 20.0}, "datetime": {"datetime": "2024-01-19 01:24:47", "elapsed": 4394.381912, "delta": 0.005095}}
{"target": -17.677217835597396, "params": {"gamma": 59.69115045053041, "log10_alpha": 1.0, "log10_colsample_bytree": -1.0, "log10_eta": -4.0, "log10_lambda": 1.0, "log10_min_child_weight": 5.0, "log10_subsample": -0.38553019730532445, "max_depth": 2.0, "num_boost_round": 21.0}, "datetime": {"datetime": "2024-01-19 01:24:47", "elapsed": 4394.38687, "delta": 0.004958}}
{"target": -17.677217320354256, "params": {"gamma": 59.69115045053041, "log10_alpha": 1.0, "log10_colsample_bytree": -1.0, "log10_eta": -4.0, "log10_lambda": 1.0, "log10_min_child_weight": 5.0, "log10_subsample": -0.38553019730532445, "max_depth": 2.0, "num_boost_round": 22.0}, "datetime": {"datetime": "2024-01-19 01:24:47", "elapsed": 4394.392097, "delta": 0.005227}}
{"target": -17.67721642185494, "params": {"gamma": 59.69115045053041, "log10_alpha": 1.0, "log10_colsample_bytree": -1.0, "log10_eta": -4.0, "log10_lambda": 1.0, "log10_min_child_weight": 5.0, "log10_subsample": -0.38553019730532445, "max_depth": 2.0, "num_boost_round": 23.0}, "datetime": {"datetime": "2024-01-19 01:24:47", "elapsed": 4394.39709, "delta": 0.004993}}
{"target": -17.67721671431624, "params": {"gamma": 59.69115045053041, "log10_alpha": 1.0, "log10_colsample_bytree": -1.0, "log10_eta": -4.0, "log10_lambda": 1.0, "log10_min_child_weight": 5.0, "log10_subsample": -0.38553019730532445, "max_depth": 2.0, "num_boost_round": 24.0}, "datetime": {"datetime": "2024-01-19 01:24:47", "elapsed": 4394.40211, "delta": 0.00502}}
{"target": -17.677215991609412, "params": {"gamma": 59.69115045053041, "log10_alpha": 1.0, "log10_colsample_bytree": -1.0, "log10_eta": -4.0, "log10_lambda": 1.0, "log10_min_child_weight": 5.0, "log10_subsample": -0.38553019730532445, "max_depth": 2.0, "num_boost_round": 25.0}, "datetime": {"datetime": "2024-01-19 01:24:47", "elapsed": 4394.407015, "delta": 0.004905}}
{"target": -17.677215458491546, "params": {"gamma": 59.69115045053041, "log10_alpha": 1.0, "log10_colsample_bytree": -1.0, "log10_eta": -4.0, "log10_lambda": 1.0, "log10_min_child_weight": 5.0, "log10_subsample": -0.38553019730532445, "max_depth": 2.0, "num_boost_round": 26.0}, "datetime": {"datetime": "2024-01-19 01:24:47", "elapsed": 4394.412077, "delta": 0.005062}}
{"target": -17.67721445172114, "params": {"gamma": 59.69115045053041, "log10_alpha": 1.0, "log10_colsample_bytree": -1.0, "log10_eta": -4.0, "log10_lambda": 1.0, "log10_min_child_weight": 5.0, "log10_subsample": -0.38553019730532445, "max_depth": 2.0, "num_boost_round": 27.0}, "datetime": {"datetime": "2024-01-19 01:24:47", "elapsed": 4394.417099, "delta": 0.005022}}
{"target": -17.677213884329714, "params": {"gamma": 59.69115045053041, "log10_alpha": 1.0, "log10_colsample_bytree": -1.0, "log10_eta": -4.0, "log10_lambda": 1.0, "log10_min_child_weight": 5.0, "log10_subsample": -0.38553019730532445, "max_depth": 2.0, "num_boost_round": 28.0}, "datetime": {"datetime": "2024-01-19 01:24:47", "elapsed": 4394.422155, "delta": 0.005056}}
{"target": -17.677212750442855, "params": {"gamma": 59.69115045053041, "log10_alpha": 1.0, "log10_colsample_bytree": -1.0, "log10_eta": -4.0, "log10_lambda": 1.0, "log10_min_child_weight": 5.0, "log10_subsample": -0.38553019730532445, "max_depth": 2.0, "num_boost_round": 29.0}, "datetime": {"datetime": "2024-01-19 01:24:47", "elapsed": 4394.427238, "delta": 0.005083}}
{"target": -17.67721178613429, "params": {"gamma": 59.69115045053041, "log10_alpha": 1.0, "log10_colsample_bytree": -1.0, "log10_eta": -4.0, "log10_lambda": 1.0, "log10_min_child_weight": 5.0, "log10_subsample": -0.38553019730532445, "max_depth": 2.0, "num_boost_round": 30.0}, "datetime": {"datetime": "2024-01-19 01:24:47", "elapsed": 4394.432528, "delta": 0.00529}}
{"target": -17.677211380173933, "params": {"gamma": 59.69115045053041, "log10_alpha": 1.0, "log10_colsample_bytree": -1.0, "log10_eta": -4.0, "log10_lambda": 1.0, "log10_min_child_weight": 5.0, "log10_subsample": -0.38553019730532445, "max_depth": 2.0, "num_boost_round": 31.0}, "datetime": {"datetime": "2024-01-19 01:24:47", "elapsed": 4394.437588, "delta": 0.00506}}
{"target": -17.67721103802608, "params": {"gamma": 59.69115045053041, "log10_alpha": 1.0, "log10_colsample_bytree": -1.0, "log10_eta": -4.0, "log10_lambda": 1.0, "log10_min_child_weight": 5.0, "log10_subsample": -0.38553019730532445, "max_depth": 2.0, "num_boost_round": 32.0}, "datetime": {"datetime": "2024-01-19 01:24:47", "elapsed": 4394.442768, "delta": 0.00518}}
{"target": -17.67721050641785, "params": {"gamma": 59.69115045053041, "log10_alpha": 1.0, "log10_colsample_bytree": -1.0, "log10_eta": -4.0, "log10_lambda": 1.0, "log10_min_child_weight": 5.0, "log10_subsample": -0.38553019730532445, "max_depth": 2.0, "num_boost_round": 33.0}, "datetime": {"datetime": "2024-01-19 01:24:47", "elapsed": 4394.447854, "delta": 0.005086}}
{"target": -17.67720942346606, "params": {"gamma": 59.69115045053041, "log10_alpha": 1.0, "log10_colsample_bytree": -1.0, "log10_eta": -4.0, "log10_lambda": 1.0, "log10_min_child_weight": 5.0, "log10_subsample": -0.38553019730532445, "max_depth": 2.0, "num_boost_round": 34.0}, "datetime": {"datetime": "2024-01-19 01:24:47", "elapsed": 4394.45271, "delta": 0.004856}}
{"target": -17.67720971936296, "params": {"gamma": 59.69115045053041, "log10_alpha": 1.0, "log10_colsample_bytree": -1.0, "log10_eta": -4.0, "log10_lambda": 1.0, "log10_min_child_weight": 5.0, "log10_subsample": -0.38553019730532445, "max_depth": 2.0, "num_boost_round": 35.0}, "datetime": {"datetime": "2024-01-19 01:24:47", "elapsed": 4394.457642, "delta": 0.004932}}
{"target": -17.67720912673193, "params": {"gamma": 59.69115045053041, "log10_alpha": 1.0, "log10_colsample_bytree": -1.0, "log10_eta": -4.0, "log10_lambda": 1.0, "log10_min_child_weight": 5.0, "log10_subsample": -0.38553019730532445, "max_depth": 2.0, "num_boost_round": 36.0}, "datetime": {"datetime": "2024-01-19 01:24:47", "elapsed": 4394.587709, "delta": 0.130067}}
{"target": -17.67720945164557, "params": {"gamma": 59.69115045053041, "log10_alpha": 1.0, "log10_colsample_bytree": -1.0, "log10_eta": -4.0, "log10_lambda": 1.0, "log10_min_child_weight": 5.0, "log10_subsample": -0.38553019730532445, "max_depth": 2.0, "num_boost_round": 37.0}, "datetime": {"datetime": "2024-01-19 01:24:47", "elapsed": 4394.593712, "delta": 0.006003}}
{"target": -17.67720875484258, "params": {"gamma": 59.69115045053041, "log10_alpha": 1.0, "log10_colsample_bytree": -1.0, "log10_eta": -4.0, "log10_lambda": 1.0, "log10_min_child_weight": 5.0, "log10_subsample": -0.38553019730532445, "max_depth": 2.0, "num_boost_round": 38.0}, "datetime": {"datetime": "2024-01-19 01:24:47", "elapsed": 4394.599348, "delta": 0.005636}}
{"target": -17.67720791162208, "params": {"gamma": 59.69115045053041, "log10_alpha": 1.0, "log10_colsample_bytree": -1.0, "log10_eta": -4.0, "log10_lambda": 1.0, "log10_min_child_weight": 5.0, "log10_subsample": -0.38553019730532445, "max_depth": 2.0, "num_boost_round": 39.0}, "datetime": {"datetime": "2024-01-19 01:24:47", "elapsed": 4394.604617, "delta": 0.005269}}
{"target": -17.677208214494588, "params": {"gamma": 59.69115045053041, "log10_alpha": 1.0, "log10_colsample_bytree": -1.0, "log10_eta": -4.0, "log10_lambda": 1.0, "log10_min_child_weight": 5.0, "log10_subsample": -0.38553019730532445, "max_depth": 2.0, "num_boost_round": 40.0}, "datetime": {"datetime": "2024-01-19 01:24:47", "elapsed": 4394.610005, "delta": 0.005388}}
{"target": -17.677207631556662, "params": {"gamma": 59.69115045053041, "log10_alpha": 1.0, "log10_colsample_bytree": -1.0, "log10_eta": -4.0, "log10_lambda": 1.0, "log10_min_child_weight": 5.0, "log10_subsample": -0.38553019730532445, "max_depth": 2.0, "num_boost_round": 41.0}, "datetime": {"datetime": "2024-01-19 01:24:47", "elapsed": 4394.615379, "delta": 0.005374}}
{"target": -17.67720748941447, "params": {"gamma": 59.69115045053041, "log10_alpha": 1.0, "log10_colsample_bytree": -1.0, "log10_eta": -4.0, "log10_lambda": 1.0, "log10_min_child_weight": 5.0, "log10_subsample": -0.38553019730532445, "max_depth": 2.0, "num_boost_round": 42.0}, "datetime": {"datetime": "2024-01-19 01:24:47", "elapsed": 4394.62082, "delta": 0.005441}}
{"target": -17.677206977075233, "params": {"gamma": 59.69115045053041, "log10_alpha": 1.0, "log10_colsample_bytree": -1.0, "log10_eta": -4.0, "log10_lambda": 1.0, "log10_min_child_weight": 5.0, "log10_subsample": -0.38553019730532445, "max_depth": 2.0, "num_boost_round": 43.0}, "datetime": {"datetime": "2024-01-19 01:24:47", "elapsed": 4394.626226, "delta": 0.005406}}
{"target": -17.677206338242303, "params": {"gamma": 59.69115045053041, "log10_alpha": 1.0, "log10_colsample_bytree": -1.0, "log10_eta": -4.0, "log10_lambda": 1.0, "log10_min_child_weight": 5.0, "log10_subsample": -0.38553019730532445, "max_depth": 2.0, "num_boost_round": 44.0}, "datetime": {"datetime": "2024-01-19 01:24:47", "elapsed": 4394.631624, "delta": 0.005398}}
{"target": -17.677205877329477, "params": {"gamma": 59.69115045053041, "log10_alpha": 1.0, "log10_colsample_bytree": -1.0, "log10_eta": -4.0, "log10_lambda": 1.0, "log10_min_child_weight": 5.0, "log10_subsample": -0.38553019730532445, "max_depth": 2.0, "num_boost_round": 45.0}, "datetime": {"datetime": "2024-01-19 01:24:47", "elapsed": 4394.637126, "delta": 0.005502}}
{"target": -17.67720526170614, "params": {"gamma": 59.69115045053041, "log10_alpha": 1.0, "log10_colsample_bytree": -1.0, "log10_eta": -4.0, "log10_lambda": 1.0, "log10_min_child_weight": 5.0, "log10_subsample": -0.38553019730532445, "max_depth": 2.0, "num_boost_round": 46.0}, "datetime": {"datetime": "2024-01-19 01:24:47", "elapsed": 4394.642389, "delta": 0.005263}}
{"target": -17.67720417603263, "params": {"gamma": 59.69115045053041, "log10_alpha": 1.0, "log10_colsample_bytree": -1.0, "log10_eta": -4.0, "log10_lambda": 1.0, "log10_min_child_weight": 5.0, "log10_subsample": -0.38553019730532445, "max_depth": 2.0, "num_boost_round": 47.0}, "datetime": {"datetime": "2024-01-19 01:24:47", "elapsed": 4394.647877, "delta": 0.005488}}
{"target": -17.677204509399765, "params": {"gamma": 59.69115045053041, "log10_alpha": 1.0, "log10_colsample_bytree": -1.0, "log10_eta": -4.0, "log10_lambda": 1.0, "log10_min_child_weight": 5.0, "log10_subsample": -0.38553019730532445, "max_depth": 2.0, "num_boost_round": 48.0}, "datetime": {"datetime": "2024-01-19 01:24:47", "elapsed": 4394.653269, "delta": 0.005392}}
{"target": -17.6772048299571, "params": {"gamma": 59.69115045053041, "log10_alpha": 1.0, "log10_colsample_bytree": -1.0, "log10_eta": -4.0, "log10_lambda": 1.0, "log10_min_child_weight": 5.0, "log10_subsample": -0.38553019730532445, "max_depth": 2.0, "num_boost_round": 49.0}, "datetime": {"datetime": "2024-01-19 01:24:47", "elapsed": 4394.658643, "delta": 0.005374}}
{"target": -17.67720441554968, "params": {"gamma": 59.69115045053041, "log10_alpha": 1.0, "log10_colsample_bytree": -1.0, "log10_eta": -4.0, "log10_lambda": 1.0, "log10_min_child_weight": 5.0, "log10_subsample": -0.38553019730532445, "max_depth": 2.0, "num_boost_round": 50.0}, "datetime": {"datetime": "2024-01-19 01:24:47", "elapsed": 4394.66402, "delta": 0.005377}}
{"target": -17.67720438349585, "params": {"gamma": 59.69115045053041, "log10_alpha": 1.0, "log10_colsample_bytree": -1.0, "log10_eta": -4.0, "log10_lambda": 1.0, "log10_min_child_weight": 5.0, "log10_subsample": -0.38553019730532445, "max_depth": 2.0, "num_boost_round": 51.0}, "datetime": {"datetime": "2024-01-19 01:24:47", "elapsed": 4394.66963, "delta": 0.00561}}
{"target": -17.67720371956124, "params": {"gamma": 59.69115045053041, "log10_alpha": 1.0, "log10_colsample_bytree": -1.0, "log10_eta": -4.0, "log10_lambda": 1.0, "log10_min_child_weight": 5.0, "log10_subsample": -0.38553019730532445, "max_depth": 2.0, "num_boost_round": 52.0}, "datetime": {"datetime": "2024-01-19 01:24:47", "elapsed": 4394.675405, "delta": 0.005775}}
{"target": -17.677202811602836, "params": {"gamma": 59.69115045053041, "log10_alpha": 1.0, "log10_colsample_bytree": -1.0, "log10_eta": -4.0, "log10_lambda": 1.0, "log10_min_child_weight": 5.0, "log10_subsample": -0.38553019730532445, "max_depth": 2.0, "num_boost_round": 53.0}, "datetime": {"datetime": "2024-01-19 01:24:47", "elapsed": 4394.681098, "delta": 0.005693}}
{"target": -17.677152575009387, "params": {"gamma": 52.520454324945455, "log10_alpha": -3.005780434291281, "log10_colsample_bytree": -0.8098661342135491, "log10_eta": -2.638146653761405, "log10_lambda": -2.5491338405887394, "log10_min_child_weight": 0.37771518579185814, "log10_subsample": -0.8830497915324235, "max_depth": 3.0, "num_boost_round": 0.0}, "datetime": {"datetime": "2024-01-19 01:26:33", "elapsed": 4500.725297, "delta": 106.044199}}
{"target": -17.677063400271464, "params": {"gamma": 52.520454324945455, "log10_alpha": -3.005780434291281, "log10_colsample_bytree": -0.8098661342135491, "log10_eta": -2.638146653761405, "log10_lambda": -2.5491338405887394, "log10_min_child_weight": 0.37771518579185814, "log10_subsample": -0.8830497915324235, "max_depth": 3.0, "num_boost_round": 1.0}, "datetime": {"datetime": "2024-01-19 01:26:33", "elapsed": 4500.732117, "delta": 0.00682}}
{"target": -17.676962142516388, "params": {"gamma": 52.520454324945455, "log10_alpha": -3.005780434291281, "log10_colsample_bytree": -0.8098661342135491, "log10_eta": -2.638146653761405, "log10_lambda": -2.5491338405887394, "log10_min_child_weight": 0.37771518579185814, "log10_subsample": -0.8830497915324235, "max_depth": 3.0, "num_boost_round": 2.0}, "datetime": {"datetime": "2024-01-19 01:26:33", "elapsed": 4500.737644, "delta": 0.005527}}
{"target": -17.676872901881097, "params": {"gamma": 52.520454324945455, "log10_alpha": -3.005780434291281, "log10_colsample_bytree": -0.8098661342135491, "log10_eta": -2.638146653761405, "log10_lambda": -2.5491338405887394, "log10_min_child_weight": 0.37771518579185814, "log10_subsample": -0.8830497915324235, "max_depth": 3.0, "num_boost_round": 3.0}, "datetime": {"datetime": "2024-01-19 01:26:33", "elapsed": 4500.743148, "delta": 0.005504}}
{"target": -17.676843477451346, "params": {"gamma": 52.520454324945455, "log10_alpha": -3.005780434291281, "log10_colsample_bytree": -0.8098661342135491, "log10_eta": -2.638146653761405, "log10_lambda": -2.5491338405887394, "log10_min_child_weight": 0.37771518579185814, "log10_subsample": -0.8830497915324235, "max_depth": 3.0, "num_boost_round": 4.0}, "datetime": {"datetime": "2024-01-19 01:26:33", "elapsed": 4500.748804, "delta": 0.005656}}
{"target": -17.676782240421232, "params": {"gamma": 52.520454324945455, "log10_alpha": -3.005780434291281, "log10_colsample_bytree": -0.8098661342135491, "log10_eta": -2.638146653761405, "log10_lambda": -2.5491338405887394, "log10_min_child_weight": 0.37771518579185814, "log10_subsample": -0.8830497915324235, "max_depth": 3.0, "num_boost_round": 5.0}, "datetime": {"datetime": "2024-01-19 01:26:33", "elapsed": 4500.75407, "delta": 0.005266}}
{"target": -17.676785765743396, "params": {"gamma": 52.520454324945455, "log10_alpha": -3.005780434291281, "log10_colsample_bytree": -0.8098661342135491, "log10_eta": -2.638146653761405, "log10_lambda": -2.5491338405887394, "log10_min_child_weight": 0.37771518579185814, "log10_subsample": -0.8830497915324235, "max_depth": 3.0, "num_boost_round": 6.0}, "datetime": {"datetime": "2024-01-19 01:26:33", "elapsed": 4500.759383, "delta": 0.005313}}
