{"target": -17.6765744130888, "params": {"gamma": 42.80388819393299, "log10_alpha": 0.26551768669320275, "log10_colsample_bytree": -0.914504674487318, "log10_eta": -2.805023525827612, "log10_lambda": -0.516665587543442, "log10_min_child_weight": 0.7337014772060518, "log10_subsample": -0.22608901557981786, "max_depth": 7.0, "num_boost_round": 16.0}, "datetime": {"datetime": "2024-01-19 00:57:51", "elapsed": 2825.354068, "delta": 0.002766}}
{"target": -17.67649851825965, "params": {"gamma": 42.80388819393299, "log10_alpha": 0.26551768669320275, "log10_colsample_bytree": -0.914504674487318, "log10_eta": -2.805023525827612, "log10_lambda": -0.516665587543442, "log10_min_child_weight": 0.7337014772060518, "log10_subsample": -0.22608901557981786, "max_depth": 7.0, "num_boost_round": 17.0}, "datetime": {"datetime": "2024-01-19 00:57:51", "elapsed": 2825.356785, "delta": 0.002717}}
{"target": -17.676419933814316, "params": {"gamma": 42.80388819393299, "log10_alpha": 0.26551768669320275, "log10_colsample_bytree": -0.914504674487318, "log10_eta": -2.805023525827612, "log10_lambda": -0.516665587543442, "log10_min_child_weight": 0.7337014772060518, "log10_subsample": -0.22608901557981786, "max_depth": 7.0, "num_boost_round": 18.0}, "datetime": {"datetime": "2024-01-19 00:57:51", "elapsed": 2825.359503, "delta": 0.002718}}
{"target": -17.67625994395529, "params": {"gamma": 42.80388819393299, "log10_alpha": 0.26551768669320275, "log10_colsample_bytree": -0.914504674487318, "log10_eta": -2.805023525827612, "log10_lambda": -0.516665587543442, "log10_min_child_weight": 0.7337014772060518, "log10_subsample": -0.22608901557981786, "max_depth": 7.0, "num_boost_round": 19.0}, "datetime": {"datetime": "2024-01-19 00:57:51", "elapsed": 2825.36228, "delta": 0.002777}}
{"target": -17.67615399337841, "params": {"gamma": 42.80388819393299, "log10_alpha": 0.26551768669320275, "log10_colsample_bytree": -0.914504674487318, "log10_eta": -2.805023525827612, "log10_lambda": -0.516665587543442, "log10_min_child_weight": 0.7337014772060518, "log10_subsample": -0.22608901557981786, "max_depth": 7.0, "num_boost_round": 20.0}, "datetime": {"datetime": "2024-01-19 00:57:51", "elapsed": 2825.365061, "delta": 0.002781}}
{"target": -17.67609544905756, "params": {"gamma": 42.80388819393299, "log10_alpha": 0.26551768669320275, "log10_colsample_bytree": -0.914504674487318, "log10_eta": -2.805023525827612, "log10_lambda": -0.516665587543442, "log10_min_child_weight": 0.7337014772060518, "log10_subsample": -0.22608901557981786, "max_depth": 7.0, "num_boost_round": 21.0}, "datetime": {"datetime": "2024-01-19 00:57:51", "elapsed": 2825.367847, "delta": 0.002786}}
{"target": -17.675974993727515, "params": {"gamma": 42.80388819393299, "log10_alpha": 0.26551768669320275, "log10_colsample_bytree": -0.914504674487318, "log10_eta": -2.805023525827612, "log10_lambda": -0.516665587543442, "log10_min_child_weight": 0.7337014772060518, "log10_subsample": -0.22608901557981786, "max_depth": 7.0, "num_boost_round": 22.0}, "datetime": {"datetime": "2024-01-19 00:57:51", "elapsed": 2825.370568, "delta": 0.002721}}
{"target": -17.675850184877632, "params": {"gamma": 42.80388819393299, "log10_alpha": 0.26551768669320275, "log10_colsample_bytree": -0.914504674487318, "log10_eta": -2.805023525827612, "log10_lambda": -0.516665587543442, "log10_min_child_weight": 0.7337014772060518, "log10_subsample": -0.22608901557981786, "max_depth": 7.0, "num_boost_round": 23.0}, "datetime": {"datetime": "2024-01-19 00:57:51", "elapsed": 2825.373308, "delta": 0.00274}}
{"target": -17.675911172015482, "params": {"gamma": 42.80388819393299, "log10_alpha": 0.26551768669320275, "log10_colsample_bytree": -0.914504674487318, "log10_eta": -2.805023525827612, "log10_lambda": -0.516665587543442, "log10_min_child_weight": 0.7337014772060518, "log10_subsample": -0.22608901557981786, "max_depth": 7.0, "num_boost_round": 24.0}, "datetime": {"datetime": "2024-01-19 00:57:51", "elapsed": 2825.37604, "delta": 0.002732}}
{"target": -17.675799975801002, "params": {"gamma": 42.80388819393299, "log10_alpha": 0.26551768669320275, "log10_colsample_bytree": -0.914504674487318, "log10_eta": -2.805023525827612, "log10_lambda": -0.516665587543442, "log10_min_child_weight": 0.7337014772060518, "log10_subsample": -0.22608901557981786, "max_depth": 7.0, "num_boost_round": 25.0}, "datetime": {"datetime": "2024-01-19 00:57:51", "elapsed": 2825.378766, "delta": 0.002726}}
{"target": -17.675789453197805, "params": {"gamma": 42.80388819393299, "log10_alpha": 0.26551768669320275, "log10_colsample_bytree": -0.914504674487318, "log10_eta": -2.805023525827612, "log10_lambda": -0.516665587543442, "log10_min_child_weight": 0.7337014772060518, "log10_subsample": -0.22608901557981786, "max_depth": 7.0, "num_boost_round": 26.0}, "datetime": {"datetime": "2024-01-19 00:57:51", "elapsed": 2825.381515, "delta": 0.002749}}
{"target": -17.67579264851325, "params": {"gamma": 42.80388819393299, "log10_alpha": 0.26551768669320275, "log10_colsample_bytree": -0.914504674487318, "log10_eta": -2.805023525827612, "log10_lambda": -0.516665587543442, "log10_min_child_weight": 0.7337014772060518, "log10_subsample": -0.22608901557981786, "max_depth": 7.0, "num_boost_round": 27.0}, "datetime": {"datetime": "2024-01-19 00:57:51", "elapsed": 2825.384242, "delta": 0.002727}}
{"target": -17.675737742446064, "params": {"gamma": 42.80388819393299, "log10_alpha": 0.26551768669320275, "log10_colsample_bytree": -0.914504674487318, "log10_eta": -2.805023525827612, "log10_lambda": -0.516665587543442, "log10_min_child_weight": 0.7337014772060518, "log10_subsample": -0.22608901557981786, "max_depth": 7.0, "num_boost_round": 28.0}, "datetime": {"datetime": "2024-01-19 00:57:51", "elapsed": 2825.386939, "delta": 0.002697}}
{"target": -17.675553801468425, "params": {"gamma": 42.80388819393299, "log10_alpha": 0.26551768669320275, "log10_colsample_bytree": -0.914504674487318, "log10_eta": -2.805023525827612, "log10_lambda": -0.516665587543442, "log10_min_child_weight": 0.7337014772060518, "log10_subsample": -0.22608901557981786, "max_depth": 7.0, "num_boost_round": 29.0}, "datetime": {"datetime": "2024-01-19 00:57:51", "elapsed": 2825.389643, "delta": 0.002704}}
{"target": -17.675458800684382, "params": {"gamma": 42.80388819393299, "log10_alpha": 0.26551768669320275, "log10_colsample_bytree": -0.914504674487318, "log10_eta": -2.805023525827612, "log10_lambda": -0.516665587543442, "log10_min_child_weight": 0.7337014772060518, "log10_subsample": -0.22608901557981786, "max_depth": 7.0, "num_boost_round": 30.0}, "datetime": {"datetime": "2024-01-19 00:57:51", "elapsed": 2825.392425, "delta": 0.002782}}
{"target": -17.675420900784456, "params": {"gamma": 42.80388819393299, "log10_alpha": 0.26551768669320275, "log10_colsample_bytree": -0.914504674487318, "log10_eta": -2.805023525827612, "log10_lambda": -0.516665587543442, "log10_min_child_weight": 0.7337014772060518, "log10_subsample": -0.22608901557981786, "max_depth": 7.0, "num_boost_round": 31.0}, "datetime": {"datetime": "2024-01-19 00:57:51", "elapsed": 2825.395158, "delta": 0.002733}}
{"target": -17.67524029423942, "params": {"gamma": 42.80388819393299, "log10_alpha": 0.26551768669320275, "log10_colsample_bytree": -0.914504674487318, "log10_eta": -2.805023525827612, "log10_lambda": -0.516665587543442, "log10_min_child_weight": 0.7337014772060518, "log10_subsample": -0.22608901557981786, "max_depth": 7.0, "num_boost_round": 32.0}, "datetime": {"datetime": "2024-01-19 00:57:51", "elapsed": 2825.397827, "delta": 0.002669}}
{"target": -17.675192995512244, "params": {"gamma": 42.80388819393299, "log10_alpha": 0.26551768669320275, "log10_colsample_bytree": -0.914504674487318, "log10_eta": -2.805023525827612, "log10_lambda": -0.516665587543442, "log10_min_child_weight": 0.7337014772060518, "log10_subsample": -0.22608901557981786, "max_depth": 7.0, "num_boost_round": 33.0}, "datetime": {"datetime": "2024-01-19 00:57:51", "elapsed": 2825.400549, "delta": 0.002722}}
{"target": -17.67510135484509, "params": {"gamma": 42.80388819393299, "log10_alpha": 0.26551768669320275, "log10_colsample_bytree": -0.914504674487318, "log10_eta": -2.805023525827612, "log10_lambda": -0.516665587543442, "log10_min_child_weight": 0.7337014772060518, "log10_subsample": -0.22608901557981786, "max_depth": 7.0, "num_boost_round": 34.0}, "datetime": {"datetime": "2024-01-19 00:57:51", "elapsed": 2825.403391, "delta": 0.002842}}
{"target": -17.675009952738264, "params": {"gamma": 42.80388819393299, "log10_alpha": 0.26551768669320275, "log10_colsample_bytree": -0.914504674487318, "log10_eta": -2.805023525827612, "log10_lambda": -0.516665587543442, "log10_min_child_weight": 0.7337014772060518, "log10_subsample": -0.22608901557981786, "max_depth": 7.0, "num_boost_round": 35.0}, "datetime": {"datetime": "2024-01-19 00:57:51", "elapsed": 2825.406081, "delta": 0.00269}}
{"target": -17.67500277246941, "params": {"gamma": 42.80388819393299, "log10_alpha": 0.26551768669320275, "log10_colsample_bytree": -0.914504674487318, "log10_eta": -2.805023525827612, "log10_lambda": -0.516665587543442, "log10_min_child_weight": 0.7337014772060518, "log10_subsample": -0.22608901557981786, "max_depth": 7.0, "num_boost_round": 36.0}, "datetime": {"datetime": "2024-01-19 00:57:51", "elapsed": 2825.408794, "delta": 0.002713}}
{"target": -17.674905534675204, "params": {"gamma": 42.80388819393299, "log10_alpha": 0.26551768669320275, "log10_colsample_bytree": -0.914504674487318, "log10_eta": -2.805023525827612, "log10_lambda": -0.516665587543442, "log10_min_child_weight": 0.7337014772060518, "log10_subsample": -0.22608901557981786, "max_depth": 7.0, "num_boost_round": 37.0}, "datetime": {"datetime": "2024-01-19 00:57:51", "elapsed": 2825.41158, "delta": 0.002786}}
{"target": -17.674902891619578, "params": {"gamma": 42.80388819393299, "log10_alpha": 0.26551768669320275, "log10_colsample_bytree": -0.914504674487318, "log10_eta": -2.805023525827612, "log10_lambda": -0.516665587543442, "log10_min_child_weight": 0.7337014772060518, "log10_subsample": -0.22608901557981786, "max_depth": 7.0, "num_boost_round": 38.0}, "datetime": {"datetime": "2024-01-19 00:57:51", "elapsed": 2825.414346, "delta": 0.002766}}
{"target": -17.674811033870355, "params": {"gamma": 42.80388819393299, "log10_alpha": 0.26551768669320275, "log10_colsample_bytree": -0.914504674487318, "log10_eta": -2.805023525827612, "log10_lambda": -0.516665587543442, "log10_min_child_weight": 0.7337014772060518, "log10_subsample": -0.22608901557981786, "max_depth": 7.0, "num_boost_round": 39.0}, "datetime": {"datetime": "2024-01-19 00:57:51", "elapsed": 2825.417817, "delta": 0.003471}}
{"target": -17.674827493193803, "params": {"gamma": 42.80388819393299, "log10_alpha": 0.26551768669320275, "log10_colsample_bytree": -0.914504674487318, "log10_eta": -2.805023525827612, "log10_lambda": -0.516665587543442, "log10_min_child_weight": 0.7337014772060518, "log10_subsample": -0.22608901557981786, "max_depth": 7.0, "num_boost_round": 40.0}, "datetime": {"datetime": "2024-01-19 00:57:51", "elapsed": 2825.421207, "delta": 0.00339}}
{"target": -17.677230844565717, "params": {"gamma": 14.020417079395736, "log10_alpha": -4.584362547073107, "log10_colsample_bytree": 0.0, "log10_eta": -4.0, "log10_lambda": 0.14759395301814934, "log10_min_child_weight": 3.5668348399996352, "log10_subsample": 0.0, "max_depth": 2.0, "num_boost_round": 0.0}, "datetime": {"datetime": "2024-01-19 00:58:25", "elapsed": 2859.26248, "delta": 33.841273}}
{"target": -17.6772286647656, "params": {"gamma": 14.020417079395736, "log10_alpha": -4.584362547073107, "log10_colsample_bytree": 0.0, "log10_eta": -4.0, "log10_lambda": 0.14759395301814934, "log10_min_child_weight": 3.5668348399996352, "log10_subsample": 0.0, "max_depth": 2.0, "num_boost_round": 1.0}, "datetime": {"datetime": "2024-01-19 00:58:25", "elapsed": 2859.266135, "delta": 0.003655}}
{"target": -17.67722651430312, "params": {"gamma": 14.020417079395736, "log10_alpha": -4.584362547073107, "log10_colsample_bytree": 0.0, "log10_eta": -4.0, "log10_lambda": 0.14759395301814934, "log10_min_child_weight": 3.5668348399996352, "log10_subsample": 0.0, "max_depth": 2.0, "num_boost_round": 2.0}, "datetime": {"datetime": "2024-01-19 00:58:25", "elapsed": 2859.269098, "delta": 0.002963}}
{"target": -17.677224387779685, "params": {"gamma": 14.020417079395736, "log10_alpha": -4.584362547073107, "log10_colsample_bytree": 0.0, "log10_eta": -4.0, "log10_lambda": 0.14759395301814934, "log10_min_child_weight": 3.5668348399996352, "log10_subsample": 0.0, "max_depth": 2.0, "num_boost_round": 3.0}, "datetime": {"datetime": "2024-01-19 00:58:25", "elapsed": 2859.27212, "delta": 0.003022}}
{"target": -17.677222247416697, "params": {"gamma": 14.020417079395736, "log10_alpha": -4.584362547073107, "log10_colsample_bytree": 0.0, "log10_eta": -4.0, "log10_lambda": 0.14759395301814934, "log10_min_child_weight": 3.5668348399996352, "log10_subsample": 0.0, "max_depth": 2.0, "num_boost_round": 4.0}, "datetime": {"datetime": "2024-01-19 00:58:25", "elapsed": 2859.274973, "delta": 0.002853}}
{"target": -17.677220075460472, "params": {"gamma": 14.020417079395736, "log10_alpha": -4.584362547073107, "log10_colsample_bytree": 0.0, "log10_eta": -4.0, "log10_lambda": 0.14759395301814934, "log10_min_child_weight": 3.5668348399996352, "log10_subsample": 0.0, "max_depth": 2.0, "num_boost_round": 5.0}, "datetime": {"datetime": "2024-01-19 00:58:25", "elapsed": 2859.278169, "delta": 0.003196}}
{"target": -17.677217935834374, "params": {"gamma": 14.020417079395736, "log10_alpha": -4.584362547073107, "log10_colsample_bytree": 0.0, "log10_eta": -4.0, "log10_lambda": 0.14759395301814934, "log10_min_child_weight": 3.5668348399996352, "log10_subsample": 0.0, "max_depth": 2.0, "num_boost_round": 6.0}, "datetime": {"datetime": "2024-01-19 00:58:25", "elapsed": 2859.280971, "delta": 0.002802}}
{"target": -17.677215797598556, "params": {"gamma": 14.020417079395736, "log10_alpha": -4.584362547073107, "log10_colsample_bytree": 0.0, "log10_eta": -4.0, "log10_lambda": 0.14759395301814934, "log10_min_child_weight": 3.5668348399996352, "log10_subsample": 0.0, "max_depth": 2.0, "num_boost_round": 7.0}, "datetime": {"datetime": "2024-01-19 00:58:25", "elapsed": 2859.283782, "delta": 0.002811}}
{"target": -17.677213661752095, "params": {"gamma": 14.020417079395736, "log10_alpha": -4.584362547073107, "log10_colsample_bytree": 0.0, "log10_eta": -4.0, "log10_lambda": 0.14759395301814934, "log10_min_child_weight": 3.5668348399996352, "log10_subsample": 0.0, "max_depth": 2.0, "num_boost_round": 8.0}, "datetime": {"datetime": "2024-01-19 00:58:25", "elapsed": 2859.286686, "delta": 0.002904}}
{"target": -17.677211531331448, "params": {"gamma": 14.020417079395736, "log10_alpha": -4.584362547073107, "log10_colsample_bytree": 0.0, "log10_eta": -4.0, "log10_lambda": 0.14759395301814934, "log10_min_child_weight": 3.5668348399996352, "log10_subsample": 0.0, "max_depth": 2.0, "num_boost_round": 9.0}, "datetime": {"datetime": "2024-01-19 00:58:25", "elapsed": 2859.289463, "delta": 0.002777}}
{"target": -17.67720937148975, "params": {"gamma": 14.020417079395736, "log10_alpha": -4.584362547073107, "log10_colsample_bytree": 0.0, "log10_eta": -4.0, "log10_lambda": 0.14759395301814934, "log10_min_child_weight": 3.5668348399996352, "log10_subsample": 0.0, "max_depth": 2.0, "num_boost_round": 10.0}, "datetime": {"datetime": "2024-01-19 00:58:25", "elapsed": 2859.292324, "delta": 0.002861}}
{"target": -17.677207238302515, "params": {"gamma": 14.020417079395736, "log10_alpha": -4.584362547073107, "log10_colsample_bytree": 0.0, "log10_eta": -4.0, "log10_lambda": 0.14759395301814934, "log10_min_child_weight": 3.5668348399996352, "log10_subsample": 0.0, "max_depth": 2.0, "num_boost_round": 11.0}, "datetime": {"datetime": "2024-01-19 00:58:25", "elapsed": 2859.295137, "delta": 0.002813}}
{"target": -17.677205127889746, "params": {"gamma": 14.020417079395736, "log10_alpha": -4.584362547073107, "log10_colsample_bytree": 0.0, "log10_eta": -4.0, "log10_lambda": 0.14759395301814934, "log10_min_child_weight": 3.5668348399996352, "log10_subsample": 0.0, "max_depth": 2.0, "num_boost_round": 12.0}, "datetime": {"datetime": "2024-01-19 00:58:25", "elapsed": 2859.297947, "delta": 0.00281}}
{"target": -17.677203007809062, "params": {"gamma": 14.020417079395736, "log10_alpha": -4.584362547073107, "log10_colsample_bytree": 0.0, "log10_eta": -4.0, "log10_lambda": 0.14759395301814934, "log10_min_child_weight": 3.5668348399996352, "log10_subsample": 0.0, "max_depth": 2.0, "num_boost_round": 13.0}, "datetime": {"datetime": "2024-01-19 00:58:25", "elapsed": 2859.3007, "delta": 0.002753}}
{"target": -17.677200853817325, "params": {"gamma": 14.020417079395736, "log10_alpha": -4.584362547073107, "log10_colsample_bytree": 0.0, "log10_eta": -4.0, "log10_lambda": 0.14759395301814934, "log10_min_child_weight": 3.5668348399996352, "log10_subsample": 0.0, "max_depth": 2.0, "num_boost_round": 14.0}, "datetime": {"datetime": "2024-01-19 00:58:25", "elapsed": 2859.303473, "delta": 0.002773}}
{"target": -17.67719873302828, "params": {"gamma": 14.020417079395736, "log10_alpha": -4.584362547073107, "log10_colsample_bytree": 0.0, "log10_eta": -4.0, "log10_lambda": 0.14759395301814934, "log10_min_child_weight": 3.5668348399996352, "log10_subsample": 0.0, "max_depth": 2.0, "num_boost_round": 15.0}, "datetime": {"datetime": "2024-01-19 00:58:25", "elapsed": 2859.306484, "delta": 0.003011}}
{"target": -17.67719666392837, "params": {"gamma": 14.020417079395736, "log10_alpha": -4.584362547073107, "log10_colsample_bytree": 0.0, "log10_eta": -4.0, "log10_lambda": 0.14759395301814934, "log10_min_child_weight": 3.5668348399996352, "log10_subsample": 0.0, "max_depth": 2.0, "num_boost_round": 16.0}, "datetime": {"datetime": "2024-01-19 00:58:25", "elapsed": 2859.309353, "delta": 0.002869}}
{"target": -17.677194543926475, "params": {"gamma": 14.020417079395736, "log10_alpha": -4.584362547073107, "log10_colsample_bytree": 0.0, "log10_eta": -4.0, "log10_lambda": 0.14759395301814934, "log10_min_child_weight": 3.5668348399996352, "log10_subsample": 0.0, "max_depth": 2.0, "num_boost_round": 17.0}, "datetime": {"datetime": "2024-01-19 00:58:25", "elapsed": 2859.31246, "delta": 0.003107}}
{"target": -17.67723262785165, "params": {"gamma": 45.256679908457166, "log10_alpha": -2.783031508926302, "log10_colsample_bytree": -0.6445055424932747, "log10_eta": -3.9711672722595415, "log10_lambda": -1.9513755952053975, "log10_min_child_weight": 4.81146370739962, "log10_subsample": -0.9394856011512345, "max_depth": 8.0, "num_boost_round": 0.0}, "datetime": {"datetime": "2024-01-19 00:59:16", "elapsed": 2909.921272, "delta": 50.608812}}
{"target": -17.677231490524147, "params": {"gamma": 45.256679908457166, "log10_alpha": -2.783031508926302, "log10_colsample_bytree": -0.6445055424932747, "log10_eta": -3.9711672722595415, "log10_lambda": -1.9513755952053975, "log10_min_child_weight": 4.81146370739962, "log10_subsample": -0.9394856011512345, "max_depth": 8.0, "num_boost_round": 1.0}, "datetime": {"datetime": "2024-01-19 00:59:16", "elapsed": 2909.925354, "delta": 0.004082}}
{"target": -17.677231771990108, "params": {"gamma": 45.256679908457166, "log10_alpha": -2.783031508926302, "log10_colsample_bytree": -0.6445055424932747, "log10_eta": -3.9711672722595415, "log10_lambda": -1.9513755952053975, "log10_min_child_weight": 4.81146370739962, "log10_subsample": -0.9394856011512345, "max_depth": 8.0, "num_boost_round": 2.0}, "datetime": {"datetime": "2024-01-19 00:59:16", "elapsed": 2909.928422, "delta": 0.003068}}
{"target": -17.677231520858864, "params": {"gamma": 45.256679908457166, "log10_alpha": -2.783031508926302, "log10_colsample_bytree": -0.6445055424932747, "log10_eta": -3.9711672722595415, "log10_lambda": -1.9513755952053975, "log10_min_child_weight": 4.81146370739962, "log10_subsample": -0.9394856011512345, "max_depth": 8.0, "num_boost_round": 3.0}, "datetime": {"datetime": "2024-01-19 00:59:16", "elapsed": 2909.931591, "delta": 0.003169}}
{"target": -17.677231684825042, "params": {"gamma": 45.256679908457166, "log10_alpha": -2.783031508926302, "log10_colsample_bytree": -0.6445055424932747, "log10_eta": -3.9711672722595415, "log10_lambda": -1.9513755952053975, "log10_min_child_weight": 4.81146370739962, "log10_subsample": -0.9394856011512345, "max_depth": 8.0, "num_boost_round": 4.0}, "datetime": {"datetime": "2024-01-19 00:59:16", "elapsed": 2909.934633, "delta": 0.003042}}
{"target": -17.677231655144652, "params": {"gamma": 45.256679908457166, "log10_alpha": -2.783031508926302, "log10_colsample_bytree": -0.6445055424932747, "log10_eta": -3.9711672722595415, "log10_lambda": -1.9513755952053975, "log10_min_child_weight": 4.81146370739962, "log10_subsample": -0.9394856011512345, "max_depth": 8.0, "num_boost_round": 5.0}, "datetime": {"datetime": "2024-01-19 00:59:16", "elapsed": 2909.937607, "delta": 0.002974}}
{"target": -17.677231244234434, "params": {"gamma": 45.256679908457166, "log10_alpha": -2.783031508926302, "log10_colsample_bytree": -0.6445055424932747, "log10_eta": -3.9711672722595415, "log10_lambda": -1.9513755952053975, "log10_min_child_weight": 4.81146370739962, "log10_subsample": -0.9394856011512345, "max_depth": 8.0, "num_boost_round": 6.0}, "datetime": {"datetime": "2024-01-19 00:59:16", "elapsed": 2909.940528, "delta": 0.002921}}
{"target": -17.67723049433887, "params": {"gamma": 45.256679908457166, "log10_alpha": -2.783031508926302, "log10_colsample_bytree": -0.6445055424932747, "log10_eta": -3.9711672722595415, "log10_lambda": -1.9513755952053975, "log10_min_child_weight": 4.81146370739962, "log10_subsample": -0.9394856011512345, "max_depth": 8.0, "num_boost_round": 7.0}, "datetime": {"datetime": "2024-01-19 00:59:16", "elapsed": 2909.943481, "delta": 0.002953}}
