{"target": -17.677182014978925, "params": {"gamma": 408.1078183969099, "log10_alpha": -2.423274707547539, "log10_colsample_bytree": -0.0958690561072778, "log10_eta": -3.6807570047899767, "log10_lambda": -4.58855731150048, "log10_min_child_weight": 2.5498779637834574, "log10_subsample": -0.1754174030646546, "max_depth": 3.0, "num_boost_round": 5.0}, "datetime": {"datetime": "2024-01-19 00:54:10", "elapsed": 2540.775242, "delta": 0.00317}}
{"target": -17.677178163804502, "params": {"gamma": 408.1078183969099, "log10_alpha": -2.423274707547539, "log10_colsample_bytree": -0.0958690561072778, "log10_eta": -3.6807570047899767, "log10_lambda": -4.58855731150048, "log10_min_child_weight": 2.5498779637834574, "log10_subsample": -0.1754174030646546, "max_depth": 3.0, "num_boost_round": 6.0}, "datetime": {"datetime": "2024-01-19 00:54:10", "elapsed": 2540.778419, "delta": 0.003177}}
{"target": -17.677171075064496, "params": {"gamma": 408.1078183969099, "log10_alpha": -2.423274707547539, "log10_colsample_bytree": -0.0958690561072778, "log10_eta": -3.6807570047899767, "log10_lambda": -4.58855731150048, "log10_min_child_weight": 2.5498779637834574, "log10_subsample": -0.1754174030646546, "max_depth": 3.0, "num_boost_round": 7.0}, "datetime": {"datetime": "2024-01-19 00:54:10", "elapsed": 2540.781582, "delta": 0.003163}}
{"target": -17.677159630630797, "params": {"gamma": 408.1078183969099, "log10_alpha": -2.423274707547539, "log10_colsample_bytree": -0.0958690561072778, "log10_eta": -3.6807570047899767, "log10_lambda": -4.58855731150048, "log10_min_child_weight": 2.5498779637834574, "log10_subsample": -0.1754174030646546, "max_depth": 3.0, "num_boost_round": 8.0}, "datetime": {"datetime": "2024-01-19 00:54:10", "elapsed": 2540.784874, "delta": 0.003292}}
{"target": -17.67715436660921, "params": {"gamma": 408.1078183969099, "log10_alpha": -2.423274707547539, "log10_colsample_bytree": -0.0958690561072778, "log10_eta": -3.6807570047899767, "log10_lambda": -4.58855731150048, "log10_min_child_weight": 2.5498779637834574, "log10_subsample": -0.1754174030646546, "max_depth": 3.0, "num_boost_round": 9.0}, "datetime": {"datetime": "2024-01-19 00:54:10", "elapsed": 2540.788088, "delta": 0.003214}}
{"target": -17.677149321248866, "params": {"gamma": 408.1078183969099, "log10_alpha": -2.423274707547539, "log10_colsample_bytree": -0.0958690561072778, "log10_eta": -3.6807570047899767, "log10_lambda": -4.58855731150048, "log10_min_child_weight": 2.5498779637834574, "log10_subsample": -0.1754174030646546, "max_depth": 3.0, "num_boost_round": 10.0}, "datetime": {"datetime": "2024-01-19 00:54:10", "elapsed": 2540.791331, "delta": 0.003243}}
{"target": -17.677142690836472, "params": {"gamma": 408.1078183969099, "log10_alpha": -2.423274707547539, "log10_colsample_bytree": -0.0958690561072778, "log10_eta": -3.6807570047899767, "log10_lambda": -4.58855731150048, "log10_min_child_weight": 2.5498779637834574, "log10_subsample": -0.1754174030646546, "max_depth": 3.0, "num_boost_round": 11.0}, "datetime": {"datetime": "2024-01-19 00:54:10", "elapsed": 2540.794512, "delta": 0.003181}}
{"target": -17.677136084562722, "params": {"gamma": 408.1078183969099, "log10_alpha": -2.423274707547539, "log10_colsample_bytree": -0.0958690561072778, "log10_eta": -3.6807570047899767, "log10_lambda": -4.58855731150048, "log10_min_child_weight": 2.5498779637834574, "log10_subsample": -0.1754174030646546, "max_depth": 3.0, "num_boost_round": 12.0}, "datetime": {"datetime": "2024-01-19 00:54:10", "elapsed": 2540.797676, "delta": 0.003164}}
{"target": -17.67713001506479, "params": {"gamma": 408.1078183969099, "log10_alpha": -2.423274707547539, "log10_colsample_bytree": -0.0958690561072778, "log10_eta": -3.6807570047899767, "log10_lambda": -4.58855731150048, "log10_min_child_weight": 2.5498779637834574, "log10_subsample": -0.1754174030646546, "max_depth": 3.0, "num_boost_round": 13.0}, "datetime": {"datetime": "2024-01-19 00:54:11", "elapsed": 2540.80084, "delta": 0.003164}}
{"target": -17.677119169997674, "params": {"gamma": 408.1078183969099, "log10_alpha": -2.423274707547539, "log10_colsample_bytree": -0.0958690561072778, "log10_eta": -3.6807570047899767, "log10_lambda": -4.58855731150048, "log10_min_child_weight": 2.5498779637834574, "log10_subsample": -0.1754174030646546, "max_depth": 3.0, "num_boost_round": 14.0}, "datetime": {"datetime": "2024-01-19 00:54:11", "elapsed": 2540.804116, "delta": 0.003276}}
{"target": -17.715653881500273, "params": {"gamma": 404.0286230048962, "log10_alpha": -3.6866203996512823, "log10_colsample_bytree": -0.6379948000065051, "log10_eta": -0.41103746716002565, "log10_lambda": -2.404667799522906, "log10_min_child_weight": 0.433804041568952, "log10_subsample": -0.3917335123588621, "max_depth": 7.0, "num_boost_round": 0.0}, "datetime": {"datetime": "2024-01-19 00:54:59", "elapsed": 2589.102982, "delta": 48.298866}}
{"target": -17.79808039932449, "params": {"gamma": 404.0286230048962, "log10_alpha": -3.6866203996512823, "log10_colsample_bytree": -0.6379948000065051, "log10_eta": -0.41103746716002565, "log10_lambda": -2.404667799522906, "log10_min_child_weight": 0.433804041568952, "log10_subsample": -0.3917335123588621, "max_depth": 7.0, "num_boost_round": 1.0}, "datetime": {"datetime": "2024-01-19 00:54:59", "elapsed": 2589.107385, "delta": 0.004403}}
{"target": -17.83354737607427, "params": {"gamma": 404.0286230048962, "log10_alpha": -3.6866203996512823, "log10_colsample_bytree": -0.6379948000065051, "log10_eta": -0.41103746716002565, "log10_lambda": -2.404667799522906, "log10_min_child_weight": 0.433804041568952, "log10_subsample": -0.3917335123588621, "max_depth": 7.0, "num_boost_round": 2.0}, "datetime": {"datetime": "2024-01-19 00:54:59", "elapsed": 2589.110778, "delta": 0.003393}}
{"target": -17.879580545767958, "params": {"gamma": 404.0286230048962, "log10_alpha": -3.6866203996512823, "log10_colsample_bytree": -0.6379948000065051, "log10_eta": -0.41103746716002565, "log10_lambda": -2.404667799522906, "log10_min_child_weight": 0.433804041568952, "log10_subsample": -0.3917335123588621, "max_depth": 7.0, "num_boost_round": 3.0}, "datetime": {"datetime": "2024-01-19 00:54:59", "elapsed": 2589.114302, "delta": 0.003524}}
{"target": -17.896500110912847, "params": {"gamma": 404.0286230048962, "log10_alpha": -3.6866203996512823, "log10_colsample_bytree": -0.6379948000065051, "log10_eta": -0.41103746716002565, "log10_lambda": -2.404667799522906, "log10_min_child_weight": 0.433804041568952, "log10_subsample": -0.3917335123588621, "max_depth": 7.0, "num_boost_round": 4.0}, "datetime": {"datetime": "2024-01-19 00:54:59", "elapsed": 2589.117692, "delta": 0.00339}}
{"target": -17.93211038506714, "params": {"gamma": 404.0286230048962, "log10_alpha": -3.6866203996512823, "log10_colsample_bytree": -0.6379948000065051, "log10_eta": -0.41103746716002565, "log10_lambda": -2.404667799522906, "log10_min_child_weight": 0.433804041568952, "log10_subsample": -0.3917335123588621, "max_depth": 7.0, "num_boost_round": 5.0}, "datetime": {"datetime": "2024-01-19 00:54:59", "elapsed": 2589.121073, "delta": 0.003381}}
{"target": -17.9863992498649, "params": {"gamma": 404.0286230048962, "log10_alpha": -3.6866203996512823, "log10_colsample_bytree": -0.6379948000065051, "log10_eta": -0.41103746716002565, "log10_lambda": -2.404667799522906, "log10_min_child_weight": 0.433804041568952, "log10_subsample": -0.3917335123588621, "max_depth": 7.0, "num_boost_round": 6.0}, "datetime": {"datetime": "2024-01-19 00:54:59", "elapsed": 2589.124503, "delta": 0.00343}}
{"target": -18.162203834158994, "params": {"gamma": 404.0286230048962, "log10_alpha": -3.6866203996512823, "log10_colsample_bytree": -0.6379948000065051, "log10_eta": -0.41103746716002565, "log10_lambda": -2.404667799522906, "log10_min_child_weight": 0.433804041568952, "log10_subsample": -0.3917335123588621, "max_depth": 7.0, "num_boost_round": 7.0}, "datetime": {"datetime": "2024-01-19 00:54:59", "elapsed": 2589.127843, "delta": 0.00334}}
{"target": -18.190489142532638, "params": {"gamma": 404.0286230048962, "log10_alpha": -3.6866203996512823, "log10_colsample_bytree": -0.6379948000065051, "log10_eta": -0.41103746716002565, "log10_lambda": -2.404667799522906, "log10_min_child_weight": 0.433804041568952, "log10_subsample": -0.3917335123588621, "max_depth": 7.0, "num_boost_round": 8.0}, "datetime": {"datetime": "2024-01-19 00:54:59", "elapsed": 2589.131105, "delta": 0.003262}}
{"target": -18.212566119088418, "params": {"gamma": 404.0286230048962, "log10_alpha": -3.6866203996512823, "log10_colsample_bytree": -0.6379948000065051, "log10_eta": -0.41103746716002565, "log10_lambda": -2.404667799522906, "log10_min_child_weight": 0.433804041568952, "log10_subsample": -0.3917335123588621, "max_depth": 7.0, "num_boost_round": 9.0}, "datetime": {"datetime": "2024-01-19 00:54:59", "elapsed": 2589.134552, "delta": 0.003447}}
{"target": -18.376400349403273, "params": {"gamma": 404.0286230048962, "log10_alpha": -3.6866203996512823, "log10_colsample_bytree": -0.6379948000065051, "log10_eta": -0.41103746716002565, "log10_lambda": -2.404667799522906, "log10_min_child_weight": 0.433804041568952, "log10_subsample": -0.3917335123588621, "max_depth": 7.0, "num_boost_round": 10.0}, "datetime": {"datetime": "2024-01-19 00:54:59", "elapsed": 2589.137933, "delta": 0.003381}}
{"target": -18.40884499966639, "params": {"gamma": 404.0286230048962, "log10_alpha": -3.6866203996512823, "log10_colsample_bytree": -0.6379948000065051, "log10_eta": -0.41103746716002565, "log10_lambda": -2.404667799522906, "log10_min_child_weight": 0.433804041568952, "log10_subsample": -0.3917335123588621, "max_depth": 7.0, "num_boost_round": 11.0}, "datetime": {"datetime": "2024-01-19 00:54:59", "elapsed": 2589.141316, "delta": 0.003383}}
{"target": -18.435054038380635, "params": {"gamma": 404.0286230048962, "log10_alpha": -3.6866203996512823, "log10_colsample_bytree": -0.6379948000065051, "log10_eta": -0.41103746716002565, "log10_lambda": -2.404667799522906, "log10_min_child_weight": 0.433804041568952, "log10_subsample": -0.3917335123588621, "max_depth": 7.0, "num_boost_round": 12.0}, "datetime": {"datetime": "2024-01-19 00:54:59", "elapsed": 2589.144832, "delta": 0.003516}}
{"target": -18.46956622905696, "params": {"gamma": 404.0286230048962, "log10_alpha": -3.6866203996512823, "log10_colsample_bytree": -0.6379948000065051, "log10_eta": -0.41103746716002565, "log10_lambda": -2.404667799522906, "log10_min_child_weight": 0.433804041568952, "log10_subsample": -0.3917335123588621, "max_depth": 7.0, "num_boost_round": 13.0}, "datetime": {"datetime": "2024-01-19 00:54:59", "elapsed": 2589.148376, "delta": 0.003544}}
{"target": -18.492119087556645, "params": {"gamma": 404.0286230048962, "log10_alpha": -3.6866203996512823, "log10_colsample_bytree": -0.6379948000065051, "log10_eta": -0.41103746716002565, "log10_lambda": -2.404667799522906, "log10_min_child_weight": 0.433804041568952, "log10_subsample": -0.3917335123588621, "max_depth": 7.0, "num_boost_round": 14.0}, "datetime": {"datetime": "2024-01-19 00:54:59", "elapsed": 2589.151968, "delta": 0.003592}}
{"target": -18.523081288991598, "params": {"gamma": 404.0286230048962, "log10_alpha": -3.6866203996512823, "log10_colsample_bytree": -0.6379948000065051, "log10_eta": -0.41103746716002565, "log10_lambda": -2.404667799522906, "log10_min_child_weight": 0.433804041568952, "log10_subsample": -0.3917335123588621, "max_depth": 7.0, "num_boost_round": 15.0}, "datetime": {"datetime": "2024-01-19 00:54:59", "elapsed": 2589.155352, "delta": 0.003384}}
{"target": -18.5467860801337, "params": {"gamma": 404.0286230048962, "log10_alpha": -3.6866203996512823, "log10_colsample_bytree": -0.6379948000065051, "log10_eta": -0.41103746716002565, "log10_lambda": -2.404667799522906, "log10_min_child_weight": 0.433804041568952, "log10_subsample": -0.3917335123588621, "max_depth": 7.0, "num_boost_round": 16.0}, "datetime": {"datetime": "2024-01-19 00:54:59", "elapsed": 2589.158702, "delta": 0.00335}}
{"target": -18.573987763030672, "params": {"gamma": 404.0286230048962, "log10_alpha": -3.6866203996512823, "log10_colsample_bytree": -0.6379948000065051, "log10_eta": -0.41103746716002565, "log10_lambda": -2.404667799522906, "log10_min_child_weight": 0.433804041568952, "log10_subsample": -0.3917335123588621, "max_depth": 7.0, "num_boost_round": 17.0}, "datetime": {"datetime": "2024-01-19 00:54:59", "elapsed": 2589.162216, "delta": 0.003514}}
{"target": -18.602859319598448, "params": {"gamma": 404.0286230048962, "log10_alpha": -3.6866203996512823, "log10_colsample_bytree": -0.6379948000065051, "log10_eta": -0.41103746716002565, "log10_lambda": -2.404667799522906, "log10_min_child_weight": 0.433804041568952, "log10_subsample": -0.3917335123588621, "max_depth": 7.0, "num_boost_round": 18.0}, "datetime": {"datetime": "2024-01-19 00:54:59", "elapsed": 2589.1656, "delta": 0.003384}}
{"target": -18.635510255175276, "params": {"gamma": 404.0286230048962, "log10_alpha": -3.6866203996512823, "log10_colsample_bytree": -0.6379948000065051, "log10_eta": -0.41103746716002565, "log10_lambda": -2.404667799522906, "log10_min_child_weight": 0.433804041568952, "log10_subsample": -0.3917335123588621, "max_depth": 7.0, "num_boost_round": 19.0}, "datetime": {"datetime": "2024-01-19 00:54:59", "elapsed": 2589.168961, "delta": 0.003361}}
{"target": -18.65299987264514, "params": {"gamma": 404.0286230048962, "log10_alpha": -3.6866203996512823, "log10_colsample_bytree": -0.6379948000065051, "log10_eta": -0.41103746716002565, "log10_lambda": -2.404667799522906, "log10_min_child_weight": 0.433804041568952, "log10_subsample": -0.3917335123588621, "max_depth": 7.0, "num_boost_round": 20.0}, "datetime": {"datetime": "2024-01-19 00:54:59", "elapsed": 2589.172332, "delta": 0.003371}}
{"target": -18.691937625205743, "params": {"gamma": 404.0286230048962, "log10_alpha": -3.6866203996512823, "log10_colsample_bytree": -0.6379948000065051, "log10_eta": -0.41103746716002565, "log10_lambda": -2.404667799522906, "log10_min_child_weight": 0.433804041568952, "log10_subsample": -0.3917335123588621, "max_depth": 7.0, "num_boost_round": 21.0}, "datetime": {"datetime": "2024-01-19 00:54:59", "elapsed": 2589.175746, "delta": 0.003414}}
{"target": -18.713271646789693, "params": {"gamma": 404.0286230048962, "log10_alpha": -3.6866203996512823, "log10_colsample_bytree": -0.6379948000065051, "log10_eta": -0.41103746716002565, "log10_lambda": -2.404667799522906, "log10_min_child_weight": 0.433804041568952, "log10_subsample": -0.3917335123588621, "max_depth": 7.0, "num_boost_round": 22.0}, "datetime": {"datetime": "2024-01-19 00:54:59", "elapsed": 2589.1791, "delta": 0.003354}}
{"target": -18.947893828207718, "params": {"gamma": 404.0286230048962, "log10_alpha": -3.6866203996512823, "log10_colsample_bytree": -0.6379948000065051, "log10_eta": -0.41103746716002565, "log10_lambda": -2.404667799522906, "log10_min_child_weight": 0.433804041568952, "log10_subsample": -0.3917335123588621, "max_depth": 7.0, "num_boost_round": 23.0}, "datetime": {"datetime": "2024-01-19 00:54:59", "elapsed": 2589.182626, "delta": 0.003526}}
{"target": -18.968001348949105, "params": {"gamma": 404.0286230048962, "log10_alpha": -3.6866203996512823, "log10_colsample_bytree": -0.6379948000065051, "log10_eta": -0.41103746716002565, "log10_lambda": -2.404667799522906, "log10_min_child_weight": 0.433804041568952, "log10_subsample": -0.3917335123588621, "max_depth": 7.0, "num_boost_round": 24.0}, "datetime": {"datetime": "2024-01-19 00:54:59", "elapsed": 2589.185968, "delta": 0.003342}}
{"target": -19.024273708571947, "params": {"gamma": 404.0286230048962, "log10_alpha": -3.6866203996512823, "log10_colsample_bytree": -0.6379948000065051, "log10_eta": -0.41103746716002565, "log10_lambda": -2.404667799522906, "log10_min_child_weight": 0.433804041568952, "log10_subsample": -0.3917335123588621, "max_depth": 7.0, "num_boost_round": 25.0}, "datetime": {"datetime": "2024-01-19 00:54:59", "elapsed": 2589.189348, "delta": 0.00338}}
{"target": -19.035145733161183, "params": {"gamma": 404.0286230048962, "log10_alpha": -3.6866203996512823, "log10_colsample_bytree": -0.6379948000065051, "log10_eta": -0.41103746716002565, "log10_lambda": -2.404667799522906, "log10_min_child_weight": 0.433804041568952, "log10_subsample": -0.3917335123588621, "max_depth": 7.0, "num_boost_round": 26.0}, "datetime": {"datetime": "2024-01-19 00:54:59", "elapsed": 2589.192788, "delta": 0.00344}}
{"target": -19.044086819279226, "params": {"gamma": 404.0286230048962, "log10_alpha": -3.6866203996512823, "log10_colsample_bytree": -0.6379948000065051, "log10_eta": -0.41103746716002565, "log10_lambda": -2.404667799522906, "log10_min_child_weight": 0.433804041568952, "log10_subsample": -0.3917335123588621, "max_depth": 7.0, "num_boost_round": 27.0}, "datetime": {"datetime": "2024-01-19 00:54:59", "elapsed": 2589.196213, "delta": 0.003425}}
{"target": -19.05753247616236, "params": {"gamma": 404.0286230048962, "log10_alpha": -3.6866203996512823, "log10_colsample_bytree": -0.6379948000065051, "log10_eta": -0.41103746716002565, "log10_lambda": -2.404667799522906, "log10_min_child_weight": 0.433804041568952, "log10_subsample": -0.3917335123588621, "max_depth": 7.0, "num_boost_round": 28.0}, "datetime": {"datetime": "2024-01-19 00:54:59", "elapsed": 2589.199552, "delta": 0.003339}}
{"target": -19.071846128319496, "params": {"gamma": 404.0286230048962, "log10_alpha": -3.6866203996512823, "log10_colsample_bytree": -0.6379948000065051, "log10_eta": -0.41103746716002565, "log10_lambda": -2.404667799522906, "log10_min_child_weight": 0.433804041568952, "log10_subsample": -0.3917335123588621, "max_depth": 7.0, "num_boost_round": 29.0}, "datetime": {"datetime": "2024-01-19 00:54:59", "elapsed": 2589.203028, "delta": 0.003476}}
{"target": -19.08649393377782, "params": {"gamma": 404.0286230048962, "log10_alpha": -3.6866203996512823, "log10_colsample_bytree": -0.6379948000065051, "log10_eta": -0.41103746716002565, "log10_lambda": -2.404667799522906, "log10_min_child_weight": 0.433804041568952, "log10_subsample": -0.3917335123588621, "max_depth": 7.0, "num_boost_round": 30.0}, "datetime": {"datetime": "2024-01-19 00:54:59", "elapsed": 2589.206381, "delta": 0.003353}}
{"target": -19.09638559746134, "params": {"gamma": 404.0286230048962, "log10_alpha": -3.6866203996512823, "log10_colsample_bytree": -0.6379948000065051, "log10_eta": -0.41103746716002565, "log10_lambda": -2.404667799522906, "log10_min_child_weight": 0.433804041568952, "log10_subsample": -0.3917335123588621, "max_depth": 7.0, "num_boost_round": 31.0}, "datetime": {"datetime": "2024-01-19 00:54:59", "elapsed": 2589.209742, "delta": 0.003361}}
{"target": -19.108231999922083, "params": {"gamma": 404.0286230048962, "log10_alpha": -3.6866203996512823, "log10_colsample_bytree": -0.6379948000065051, "log10_eta": -0.41103746716002565, "log10_lambda": -2.404667799522906, "log10_min_child_weight": 0.433804041568952, "log10_subsample": -0.3917335123588621, "max_depth": 7.0, "num_boost_round": 32.0}, "datetime": {"datetime": "2024-01-19 00:54:59", "elapsed": 2589.21307, "delta": 0.003328}}
{"target": -19.118538655746306, "params": {"gamma": 404.0286230048962, "log10_alpha": -3.6866203996512823, "log10_colsample_bytree": -0.6379948000065051, "log10_eta": -0.41103746716002565, "log10_lambda": -2.404667799522906, "log10_min_child_weight": 0.433804041568952, "log10_subsample": -0.3917335123588621, "max_depth": 7.0, "num_boost_round": 33.0}, "datetime": {"datetime": "2024-01-19 00:54:59", "elapsed": 2589.216434, "delta": 0.003364}}
{"target": -19.129149534786844, "params": {"gamma": 404.0286230048962, "log10_alpha": -3.6866203996512823, "log10_colsample_bytree": -0.6379948000065051, "log10_eta": -0.41103746716002565, "log10_lambda": -2.404667799522906, "log10_min_child_weight": 0.433804041568952, "log10_subsample": -0.3917335123588621, "max_depth": 7.0, "num_boost_round": 34.0}, "datetime": {"datetime": "2024-01-19 00:54:59", "elapsed": 2589.219797, "delta": 0.003363}}
{"target": -19.148578753909007, "params": {"gamma": 404.0286230048962, "log10_alpha": -3.6866203996512823, "log10_colsample_bytree": -0.6379948000065051, "log10_eta": -0.41103746716002565, "log10_lambda": -2.404667799522906, "log10_min_child_weight": 0.433804041568952, "log10_subsample": -0.3917335123588621, "max_depth": 7.0, "num_boost_round": 35.0}, "datetime": {"datetime": "2024-01-19 00:54:59", "elapsed": 2589.223366, "delta": 0.003569}}
{"target": -19.164475689034347, "params": {"gamma": 404.0286230048962, "log10_alpha": -3.6866203996512823, "log10_colsample_bytree": -0.6379948000065051, "log10_eta": -0.41103746716002565, "log10_lambda": -2.404667799522906, "log10_min_child_weight": 0.433804041568952, "log10_subsample": -0.3917335123588621, "max_depth": 7.0, "num_boost_round": 36.0}, "datetime": {"datetime": "2024-01-19 00:54:59", "elapsed": 2589.226746, "delta": 0.00338}}
{"target": -19.18199536842786, "params": {"gamma": 404.0286230048962, "log10_alpha": -3.6866203996512823, "log10_colsample_bytree": -0.6379948000065051, "log10_eta": -0.41103746716002565, "log10_lambda": -2.404667799522906, "log10_min_child_weight": 0.433804041568952, "log10_subsample": -0.3917335123588621, "max_depth": 7.0, "num_boost_round": 37.0}, "datetime": {"datetime": "2024-01-19 00:54:59", "elapsed": 2589.230125, "delta": 0.003379}}
{"target": -19.191560406288247, "params": {"gamma": 404.0286230048962, "log10_alpha": -3.6866203996512823, "log10_colsample_bytree": -0.6379948000065051, "log10_eta": -0.41103746716002565, "log10_lambda": -2.404667799522906, "log10_min_child_weight": 0.433804041568952, "log10_subsample": -0.3917335123588621, "max_depth": 7.0, "num_boost_round": 38.0}, "datetime": {"datetime": "2024-01-19 00:54:59", "elapsed": 2589.233533, "delta": 0.003408}}
