{"target": -15.195171858557401, "params": {"gamma": 544.5938017870046, "log10_alpha": 0.34294365873866717, "log10_colsample_bytree": -0.8906078914003523, "log10_eta": -0.14033392387222543, "log10_lambda": -3.6321288405634795, "log10_min_child_weight": 1.6297694473131004, "log10_subsample": -0.7770267048876001, "max_depth": 9.0, "num_boost_round": 13.0}, "datetime": {"datetime": "2024-01-19 00:46:05", "elapsed": 2096.930651, "delta": 0.002345}}
{"target": -15.288323640709685, "params": {"gamma": 544.5938017870046, "log10_alpha": 0.34294365873866717, "log10_colsample_bytree": -0.8906078914003523, "log10_eta": -0.14033392387222543, "log10_lambda": -3.6321288405634795, "log10_min_child_weight": 1.6297694473131004, "log10_subsample": -0.7770267048876001, "max_depth": 9.0, "num_boost_round": 14.0}, "datetime": {"datetime": "2024-01-19 00:46:05", "elapsed": 2096.93298, "delta": 0.002329}}
{"target": -15.330263443593054, "params": {"gamma": 544.5938017870046, "log10_alpha": 0.34294365873866717, "log10_colsample_bytree": -0.8906078914003523, "log10_eta": -0.14033392387222543, "log10_lambda": -3.6321288405634795, "log10_min_child_weight": 1.6297694473131004, "log10_subsample": -0.7770267048876001, "max_depth": 9.0, "num_boost_round": 15.0}, "datetime": {"datetime": "2024-01-19 00:46:05", "elapsed": 2096.93535, "delta": 0.00237}}
{"target": -15.361269292284767, "params": {"gamma": 544.5938017870046, "log10_alpha": 0.34294365873866717, "log10_colsample_bytree": -0.8906078914003523, "log10_eta": -0.14033392387222543, "log10_lambda": -3.6321288405634795, "log10_min_child_weight": 1.6297694473131004, "log10_subsample": -0.7770267048876001, "max_depth": 9.0, "num_boost_round": 16.0}, "datetime": {"datetime": "2024-01-19 00:46:05", "elapsed": 2096.937723, "delta": 0.002373}}
{"target": -15.402526523451948, "params": {"gamma": 544.5938017870046, "log10_alpha": 0.34294365873866717, "log10_colsample_bytree": -0.8906078914003523, "log10_eta": -0.14033392387222543, "log10_lambda": -3.6321288405634795, "log10_min_child_weight": 1.6297694473131004, "log10_subsample": -0.7770267048876001, "max_depth": 9.0, "num_boost_round": 17.0}, "datetime": {"datetime": "2024-01-19 00:46:05", "elapsed": 2096.940162, "delta": 0.002439}}
{"target": -15.429357762755446, "params": {"gamma": 544.5938017870046, "log10_alpha": 0.34294365873866717, "log10_colsample_bytree": -0.8906078914003523, "log10_eta": -0.14033392387222543, "log10_lambda": -3.6321288405634795, "log10_min_child_weight": 1.6297694473131004, "log10_subsample": -0.7770267048876001, "max_depth": 9.0, "num_boost_round": 18.0}, "datetime": {"datetime": "2024-01-19 00:46:05", "elapsed": 2096.942552, "delta": 0.00239}}
{"target": -15.475298135931812, "params": {"gamma": 544.5938017870046, "log10_alpha": 0.34294365873866717, "log10_colsample_bytree": -0.8906078914003523, "log10_eta": -0.14033392387222543, "log10_lambda": -3.6321288405634795, "log10_min_child_weight": 1.6297694473131004, "log10_subsample": -0.7770267048876001, "max_depth": 9.0, "num_boost_round": 19.0}, "datetime": {"datetime": "2024-01-19 00:46:05", "elapsed": 2096.944904, "delta": 0.002352}}
{"target": -15.491864103316813, "params": {"gamma": 544.5938017870046, "log10_alpha": 0.34294365873866717, "log10_colsample_bytree": -0.8906078914003523, "log10_eta": -0.14033392387222543, "log10_lambda": -3.6321288405634795, "log10_min_child_weight": 1.6297694473131004, "log10_subsample": -0.7770267048876001, "max_depth": 9.0, "num_boost_round": 20.0}, "datetime": {"datetime": "2024-01-19 00:46:05", "elapsed": 2096.947429, "delta": 0.002525}}
{"target": -15.511468807285569, "params": {"gamma": 544.5938017870046, "log10_alpha": 0.34294365873866717, "log10_colsample_bytree": -0.8906078914003523, "log10_eta": -0.14033392387222543, "log10_lambda": -3.6321288405634795, "log10_min_child_weight": 1.6297694473131004, "log10_subsample": -0.7770267048876001, "max_depth": 9.0, "num_boost_round": 21.0}, "datetime": {"datetime": "2024-01-19 00:46:05", "elapsed": 2096.949927, "delta": 0.002498}}
{"target": -15.544130801224165, "params": {"gamma": 544.5938017870046, "log10_alpha": 0.34294365873866717, "log10_colsample_bytree": -0.8906078914003523, "log10_eta": -0.14033392387222543, "log10_lambda": -3.6321288405634795, "log10_min_child_weight": 1.6297694473131004, "log10_subsample": -0.7770267048876001, "max_depth": 9.0, "num_boost_round": 22.0}, "datetime": {"datetime": "2024-01-19 00:46:05", "elapsed": 2096.952364, "delta": 0.002437}}
{"target": -15.599889549648962, "params": {"gamma": 544.5938017870046, "log10_alpha": 0.34294365873866717, "log10_colsample_bytree": -0.8906078914003523, "log10_eta": -0.14033392387222543, "log10_lambda": -3.6321288405634795, "log10_min_child_weight": 1.6297694473131004, "log10_subsample": -0.7770267048876001, "max_depth": 9.0, "num_boost_round": 23.0}, "datetime": {"datetime": "2024-01-19 00:46:05", "elapsed": 2096.954891, "delta": 0.002527}}
{"target": -15.66761058428363, "params": {"gamma": 544.5938017870046, "log10_alpha": 0.34294365873866717, "log10_colsample_bytree": -0.8906078914003523, "log10_eta": -0.14033392387222543, "log10_lambda": -3.6321288405634795, "log10_min_child_weight": 1.6297694473131004, "log10_subsample": -0.7770267048876001, "max_depth": 9.0, "num_boost_round": 24.0}, "datetime": {"datetime": "2024-01-19 00:46:05", "elapsed": 2096.957307, "delta": 0.002416}}
{"target": -15.69237534180896, "params": {"gamma": 544.5938017870046, "log10_alpha": 0.34294365873866717, "log10_colsample_bytree": -0.8906078914003523, "log10_eta": -0.14033392387222543, "log10_lambda": -3.6321288405634795, "log10_min_child_weight": 1.6297694473131004, "log10_subsample": -0.7770267048876001, "max_depth": 9.0, "num_boost_round": 25.0}, "datetime": {"datetime": "2024-01-19 00:46:05", "elapsed": 2096.959674, "delta": 0.002367}}
{"target": -15.73879600687807, "params": {"gamma": 544.5938017870046, "log10_alpha": 0.34294365873866717, "log10_colsample_bytree": -0.8906078914003523, "log10_eta": -0.14033392387222543, "log10_lambda": -3.6321288405634795, "log10_min_child_weight": 1.6297694473131004, "log10_subsample": -0.7770267048876001, "max_depth": 9.0, "num_boost_round": 26.0}, "datetime": {"datetime": "2024-01-19 00:46:05", "elapsed": 2096.962063, "delta": 0.002389}}
{"target": -15.773325953973169, "params": {"gamma": 544.5938017870046, "log10_alpha": 0.34294365873866717, "log10_colsample_bytree": -0.8906078914003523, "log10_eta": -0.14033392387222543, "log10_lambda": -3.6321288405634795, "log10_min_child_weight": 1.6297694473131004, "log10_subsample": -0.7770267048876001, "max_depth": 9.0, "num_boost_round": 27.0}, "datetime": {"datetime": "2024-01-19 00:46:05", "elapsed": 2096.964496, "delta": 0.002433}}
{"target": -15.794895332458175, "params": {"gamma": 544.5938017870046, "log10_alpha": 0.34294365873866717, "log10_colsample_bytree": -0.8906078914003523, "log10_eta": -0.14033392387222543, "log10_lambda": -3.6321288405634795, "log10_min_child_weight": 1.6297694473131004, "log10_subsample": -0.7770267048876001, "max_depth": 9.0, "num_boost_round": 28.0}, "datetime": {"datetime": "2024-01-19 00:46:05", "elapsed": 2096.966947, "delta": 0.002451}}
{"target": -15.824295088969253, "params": {"gamma": 544.5938017870046, "log10_alpha": 0.34294365873866717, "log10_colsample_bytree": -0.8906078914003523, "log10_eta": -0.14033392387222543, "log10_lambda": -3.6321288405634795, "log10_min_child_weight": 1.6297694473131004, "log10_subsample": -0.7770267048876001, "max_depth": 9.0, "num_boost_round": 29.0}, "datetime": {"datetime": "2024-01-19 00:46:05", "elapsed": 2096.969302, "delta": 0.002355}}
{"target": -15.850230969551333, "params": {"gamma": 544.5938017870046, "log10_alpha": 0.34294365873866717, "log10_colsample_bytree": -0.8906078914003523, "log10_eta": -0.14033392387222543, "log10_lambda": -3.6321288405634795, "log10_min_child_weight": 1.6297694473131004, "log10_subsample": -0.7770267048876001, "max_depth": 9.0, "num_boost_round": 30.0}, "datetime": {"datetime": "2024-01-19 00:46:05", "elapsed": 2096.971645, "delta": 0.002343}}
{"target": -15.909421747228924, "params": {"gamma": 544.5938017870046, "log10_alpha": 0.34294365873866717, "log10_colsample_bytree": -0.8906078914003523, "log10_eta": -0.14033392387222543, "log10_lambda": -3.6321288405634795, "log10_min_child_weight": 1.6297694473131004, "log10_subsample": -0.7770267048876001, "max_depth": 9.0, "num_boost_round": 31.0}, "datetime": {"datetime": "2024-01-19 00:46:05", "elapsed": 2096.973996, "delta": 0.002351}}
{"target": -15.94223440522636, "params": {"gamma": 544.5938017870046, "log10_alpha": 0.34294365873866717, "log10_colsample_bytree": -0.8906078914003523, "log10_eta": -0.14033392387222543, "log10_lambda": -3.6321288405634795, "log10_min_child_weight": 1.6297694473131004, "log10_subsample": -0.7770267048876001, "max_depth": 9.0, "num_boost_round": 32.0}, "datetime": {"datetime": "2024-01-19 00:46:05", "elapsed": 2096.976357, "delta": 0.002361}}
{"target": -16.02386360034605, "params": {"gamma": 544.5938017870046, "log10_alpha": 0.34294365873866717, "log10_colsample_bytree": -0.8906078914003523, "log10_eta": -0.14033392387222543, "log10_lambda": -3.6321288405634795, "log10_min_child_weight": 1.6297694473131004, "log10_subsample": -0.7770267048876001, "max_depth": 9.0, "num_boost_round": 33.0}, "datetime": {"datetime": "2024-01-19 00:46:05", "elapsed": 2096.978697, "delta": 0.00234}}
{"target": -16.058097314636157, "params": {"gamma": 544.5938017870046, "log10_alpha": 0.34294365873866717, "log10_colsample_bytree": -0.8906078914003523, "log10_eta": -0.14033392387222543, "log10_lambda": -3.6321288405634795, "log10_min_child_weight": 1.6297694473131004, "log10_subsample": -0.7770267048876001, "max_depth": 9.0, "num_boost_round": 34.0}, "datetime": {"datetime": "2024-01-19 00:46:05", "elapsed": 2096.981055, "delta": 0.002358}}
{"target": -16.08692326688539, "params": {"gamma": 544.5938017870046, "log10_alpha": 0.34294365873866717, "log10_colsample_bytree": -0.8906078914003523, "log10_eta": -0.14033392387222543, "log10_lambda": -3.6321288405634795, "log10_min_child_weight": 1.6297694473131004, "log10_subsample": -0.7770267048876001, "max_depth": 9.0, "num_boost_round": 35.0}, "datetime": {"datetime": "2024-01-19 00:46:05", "elapsed": 2096.983524, "delta": 0.002469}}
{"target": -16.119713154456953, "params": {"gamma": 544.5938017870046, "log10_alpha": 0.34294365873866717, "log10_colsample_bytree": -0.8906078914003523, "log10_eta": -0.14033392387222543, "log10_lambda": -3.6321288405634795, "log10_min_child_weight": 1.6297694473131004, "log10_subsample": -0.7770267048876001, "max_depth": 9.0, "num_boost_round": 36.0}, "datetime": {"datetime": "2024-01-19 00:46:05", "elapsed": 2096.985974, "delta": 0.00245}}
{"target": -16.147834448523565, "params": {"gamma": 544.5938017870046, "log10_alpha": 0.34294365873866717, "log10_colsample_bytree": -0.8906078914003523, "log10_eta": -0.14033392387222543, "log10_lambda": -3.6321288405634795, "log10_min_child_weight": 1.6297694473131004, "log10_subsample": -0.7770267048876001, "max_depth": 9.0, "num_boost_round": 37.0}, "datetime": {"datetime": "2024-01-19 00:46:05", "elapsed": 2096.988391, "delta": 0.002417}}
{"target": -16.16078195474085, "params": {"gamma": 544.5938017870046, "log10_alpha": 0.34294365873866717, "log10_colsample_bytree": -0.8906078914003523, "log10_eta": -0.14033392387222543, "log10_lambda": -3.6321288405634795, "log10_min_child_weight": 1.6297694473131004, "log10_subsample": -0.7770267048876001, "max_depth": 9.0, "num_boost_round": 38.0}, "datetime": {"datetime": "2024-01-19 00:46:05", "elapsed": 2096.990754, "delta": 0.002363}}
{"target": -16.177629478604054, "params": {"gamma": 544.5938017870046, "log10_alpha": 0.34294365873866717, "log10_colsample_bytree": -0.8906078914003523, "log10_eta": -0.14033392387222543, "log10_lambda": -3.6321288405634795, "log10_min_child_weight": 1.6297694473131004, "log10_subsample": -0.7770267048876001, "max_depth": 9.0, "num_boost_round": 39.0}, "datetime": {"datetime": "2024-01-19 00:46:05", "elapsed": 2096.993156, "delta": 0.002402}}
{"target": -16.216168094776982, "params": {"gamma": 544.5938017870046, "log10_alpha": 0.34294365873866717, "log10_colsample_bytree": -0.8906078914003523, "log10_eta": -0.14033392387222543, "log10_lambda": -3.6321288405634795, "log10_min_child_weight": 1.6297694473131004, "log10_subsample": -0.7770267048876001, "max_depth": 9.0, "num_boost_round": 40.0}, "datetime": {"datetime": "2024-01-19 00:46:05", "elapsed": 2096.995531, "delta": 0.002375}}
{"target": -16.24606959502581, "params": {"gamma": 544.5938017870046, "log10_alpha": 0.34294365873866717, "log10_colsample_bytree": -0.8906078914003523, "log10_eta": -0.14033392387222543, "log10_lambda": -3.6321288405634795, "log10_min_child_weight": 1.6297694473131004, "log10_subsample": -0.7770267048876001, "max_depth": 9.0, "num_boost_round": 41.0}, "datetime": {"datetime": "2024-01-19 00:46:05", "elapsed": 2096.997919, "delta": 0.002388}}
{"target": -16.282507126397633, "params": {"gamma": 544.5938017870046, "log10_alpha": 0.34294365873866717, "log10_colsample_bytree": -0.8906078914003523, "log10_eta": -0.14033392387222543, "log10_lambda": -3.6321288405634795, "log10_min_child_weight": 1.6297694473131004, "log10_subsample": -0.7770267048876001, "max_depth": 9.0, "num_boost_round": 42.0}, "datetime": {"datetime": "2024-01-19 00:46:05", "elapsed": 2097.000326, "delta": 0.002407}}
{"target": -16.297911758781478, "params": {"gamma": 544.5938017870046, "log10_alpha": 0.34294365873866717, "log10_colsample_bytree": -0.8906078914003523, "log10_eta": -0.14033392387222543, "log10_lambda": -3.6321288405634795, "log10_min_child_weight": 1.6297694473131004, "log10_subsample": -0.7770267048876001, "max_depth": 9.0, "num_boost_round": 43.0}, "datetime": {"datetime": "2024-01-19 00:46:05", "elapsed": 2097.002766, "delta": 0.00244}}
{"target": -16.31951654175318, "params": {"gamma": 544.5938017870046, "log10_alpha": 0.34294365873866717, "log10_colsample_bytree": -0.8906078914003523, "log10_eta": -0.14033392387222543, "log10_lambda": -3.6321288405634795, "log10_min_child_weight": 1.6297694473131004, "log10_subsample": -0.7770267048876001, "max_depth": 9.0, "num_boost_round": 44.0}, "datetime": {"datetime": "2024-01-19 00:46:05", "elapsed": 2097.005152, "delta": 0.002386}}
{"target": -16.34702464574051, "params": {"gamma": 544.5938017870046, "log10_alpha": 0.34294365873866717, "log10_colsample_bytree": -0.8906078914003523, "log10_eta": -0.14033392387222543, "log10_lambda": -3.6321288405634795, "log10_min_child_weight": 1.6297694473131004, "log10_subsample": -0.7770267048876001, "max_depth": 9.0, "num_boost_round": 45.0}, "datetime": {"datetime": "2024-01-19 00:46:05", "elapsed": 2097.00764, "delta": 0.002488}}
{"target": -16.362332831862645, "params": {"gamma": 544.5938017870046, "log10_alpha": 0.34294365873866717, "log10_colsample_bytree": -0.8906078914003523, "log10_eta": -0.14033392387222543, "log10_lambda": -3.6321288405634795, "log10_min_child_weight": 1.6297694473131004, "log10_subsample": -0.7770267048876001, "max_depth": 9.0, "num_boost_round": 46.0}, "datetime": {"datetime": "2024-01-19 00:46:05", "elapsed": 2097.010038, "delta": 0.002398}}
{"target": -13.758283770057671, "params": {"gamma": 531.8602673356443, "log10_alpha": -4.2827445172317, "log10_colsample_bytree": -0.4310446018694296, "log10_eta": -1.8957142954691681, "log10_lambda": -2.6105016055047505, "log10_min_child_weight": 2.8654683022022676, "log10_subsample": -0.9057894859294057, "max_depth": 4.0, "num_boost_round": 0.0}, "datetime": {"datetime": "2024-01-19 00:46:40", "elapsed": 2131.807608, "delta": 34.79757}}
{"target": -13.758128948405943, "params": {"gamma": 531.8602673356443, "log10_alpha": -4.2827445172317, "log10_colsample_bytree": -0.4310446018694296, "log10_eta": -1.8957142954691681, "log10_lambda": -2.6105016055047505, "log10_min_child_weight": 2.8654683022022676, "log10_subsample": -0.9057894859294057, "max_depth": 4.0, "num_boost_round": 1.0}, "datetime": {"datetime": "2024-01-19 00:46:40", "elapsed": 2131.810396, "delta": 0.002788}}
{"target": -13.757981806266454, "params": {"gamma": 531.8602673356443, "log10_alpha": -4.2827445172317, "log10_colsample_bytree": -0.4310446018694296, "log10_eta": -1.8957142954691681, "log10_lambda": -2.6105016055047505, "log10_min_child_weight": 2.8654683022022676, "log10_subsample": -0.9057894859294057, "max_depth": 4.0, "num_boost_round": 2.0}, "datetime": {"datetime": "2024-01-19 00:46:40", "elapsed": 2131.813033, "delta": 0.002637}}
{"target": -13.75793490975646, "params": {"gamma": 531.8602673356443, "log10_alpha": -4.2827445172317, "log10_colsample_bytree": -0.4310446018694296, "log10_eta": -1.8957142954691681, "log10_lambda": -2.6105016055047505, "log10_min_child_weight": 2.8654683022022676, "log10_subsample": -0.9057894859294057, "max_depth": 4.0, "num_boost_round": 3.0}, "datetime": {"datetime": "2024-01-19 00:46:40", "elapsed": 2131.815485, "delta": 0.002452}}
{"target": -13.75766486153272, "params": {"gamma": 531.8602673356443, "log10_alpha": -4.2827445172317, "log10_colsample_bytree": -0.4310446018694296, "log10_eta": -1.8957142954691681, "log10_lambda": -2.6105016055047505, "log10_min_child_weight": 2.8654683022022676, "log10_subsample": -0.9057894859294057, "max_depth": 4.0, "num_boost_round": 4.0}, "datetime": {"datetime": "2024-01-19 00:46:40", "elapsed": 2131.817884, "delta": 0.002399}}
{"target": -13.75762313730987, "params": {"gamma": 531.8602673356443, "log10_alpha": -4.2827445172317, "log10_colsample_bytree": -0.4310446018694296, "log10_eta": -1.8957142954691681, "log10_lambda": -2.6105016055047505, "log10_min_child_weight": 2.8654683022022676, "log10_subsample": -0.9057894859294057, "max_depth": 4.0, "num_boost_round": 5.0}, "datetime": {"datetime": "2024-01-19 00:46:40", "elapsed": 2131.820287, "delta": 0.002403}}
{"target": -13.757696021349595, "params": {"gamma": 531.8602673356443, "log10_alpha": -4.2827445172317, "log10_colsample_bytree": -0.4310446018694296, "log10_eta": -1.8957142954691681, "log10_lambda": -2.6105016055047505, "log10_min_child_weight": 2.8654683022022676, "log10_subsample": -0.9057894859294057, "max_depth": 4.0, "num_boost_round": 6.0}, "datetime": {"datetime": "2024-01-19 00:46:40", "elapsed": 2131.822784, "delta": 0.002497}}
{"target": -13.757812418863034, "params": {"gamma": 531.8602673356443, "log10_alpha": -4.2827445172317, "log10_colsample_bytree": -0.4310446018694296, "log10_eta": -1.8957142954691681, "log10_lambda": -2.6105016055047505, "log10_min_child_weight": 2.8654683022022676, "log10_subsample": -0.9057894859294057, "max_depth": 4.0, "num_boost_round": 7.0}, "datetime": {"datetime": "2024-01-19 00:46:40", "elapsed": 2131.825188, "delta": 0.002404}}
{"target": -13.757726751517941, "params": {"gamma": 531.8602673356443, "log10_alpha": -4.2827445172317, "log10_colsample_bytree": -0.4310446018694296, "log10_eta": -1.8957142954691681, "log10_lambda": -2.6105016055047505, "log10_min_child_weight": 2.8654683022022676, "log10_subsample": -0.9057894859294057, "max_depth": 4.0, "num_boost_round": 8.0}, "datetime": {"datetime": "2024-01-19 00:46:40", "elapsed": 2131.827745, "delta": 0.002557}}
{"target": -13.757706126365637, "params": {"gamma": 531.8602673356443, "log10_alpha": -4.2827445172317, "log10_colsample_bytree": -0.4310446018694296, "log10_eta": -1.8957142954691681, "log10_lambda": -2.6105016055047505, "log10_min_child_weight": 2.8654683022022676, "log10_subsample": -0.9057894859294057, "max_depth": 4.0, "num_boost_round": 9.0}, "datetime": {"datetime": "2024-01-19 00:46:40", "elapsed": 2131.83017, "delta": 0.002425}}
{"target": -13.757535413923842, "params": {"gamma": 531.8602673356443, "log10_alpha": -4.2827445172317, "log10_colsample_bytree": -0.4310446018694296, "log10_eta": -1.8957142954691681, "log10_lambda": -2.6105016055047505, "log10_min_child_weight": 2.8654683022022676, "log10_subsample": -0.9057894859294057, "max_depth": 4.0, "num_boost_round": 10.0}, "datetime": {"datetime": "2024-01-19 00:46:40", "elapsed": 2131.832602, "delta": 0.002432}}
{"target": -13.757213993012913, "params": {"gamma": 531.8602673356443, "log10_alpha": -4.2827445172317, "log10_colsample_bytree": -0.4310446018694296, "log10_eta": -1.8957142954691681, "log10_lambda": -2.6105016055047505, "log10_min_child_weight": 2.8654683022022676, "log10_subsample": -0.9057894859294057, "max_depth": 4.0, "num_boost_round": 11.0}, "datetime": {"datetime": "2024-01-19 00:46:40", "elapsed": 2131.835145, "delta": 0.002543}}
{"target": -13.757228708877163, "params": {"gamma": 531.8602673356443, "log10_alpha": -4.2827445172317, "log10_colsample_bytree": -0.4310446018694296, "log10_eta": -1.8957142954691681, "log10_lambda": -2.6105016055047505, "log10_min_child_weight": 2.8654683022022676, "log10_subsample": -0.9057894859294057, "max_depth": 4.0, "num_boost_round": 12.0}, "datetime": {"datetime": "2024-01-19 00:46:40", "elapsed": 2131.837559, "delta": 0.002414}}
{"target": -13.757184297855634, "params": {"gamma": 531.8602673356443, "log10_alpha": -4.2827445172317, "log10_colsample_bytree": -0.4310446018694296, "log10_eta": -1.8957142954691681, "log10_lambda": -2.6105016055047505, "log10_min_child_weight": 2.8654683022022676, "log10_subsample": -0.9057894859294057, "max_depth": 4.0, "num_boost_round": 13.0}, "datetime": {"datetime": "2024-01-19 00:46:40", "elapsed": 2131.839979, "delta": 0.00242}}
{"target": -13.7571671982028, "params": {"gamma": 531.8602673356443, "log10_alpha": -4.2827445172317, "log10_colsample_bytree": -0.4310446018694296, "log10_eta": -1.8957142954691681, "log10_lambda": -2.6105016055047505, "log10_min_child_weight": 2.8654683022022676, "log10_subsample": -0.9057894859294057, "max_depth": 4.0, "num_boost_round": 14.0}, "datetime": {"datetime": "2024-01-19 00:46:40", "elapsed": 2131.843198, "delta": 0.003219}}
