{"target": -17.69352844935714, "params": {"gamma": 823.9291146193917, "log10_alpha": -0.34479625519995416, "log10_colsample_bytree": -0.8474701381453404, "log10_eta": -1.2534898278711508, "log10_lambda": -4.2417520899533585, "log10_min_child_weight": 0.37073076646848446, "log10_subsample": -0.0883992654392366, "max_depth": 7.0, "num_boost_round": 21.0}, "datetime": {"datetime": "2024-01-19 01:44:31", "elapsed": 5556.155444, "delta": 0.00671}}
{"target": -17.694192177540483, "params": {"gamma": 823.9291146193917, "log10_alpha": -0.34479625519995416, "log10_colsample_bytree": -0.8474701381453404, "log10_eta": -1.2534898278711508, "log10_lambda": -4.2417520899533585, "log10_min_child_weight": 0.37073076646848446, "log10_subsample": -0.0883992654392366, "max_depth": 7.0, "num_boost_round": 22.0}, "datetime": {"datetime": "2024-01-19 01:44:31", "elapsed": 5556.162167, "delta": 0.006723}}
{"target": -17.699850563608766, "params": {"gamma": 823.9291146193917, "log10_alpha": -0.34479625519995416, "log10_colsample_bytree": -0.8474701381453404, "log10_eta": -1.2534898278711508, "log10_lambda": -4.2417520899533585, "log10_min_child_weight": 0.37073076646848446, "log10_subsample": -0.0883992654392366, "max_depth": 7.0, "num_boost_round": 23.0}, "datetime": {"datetime": "2024-01-19 01:44:31", "elapsed": 5556.168819, "delta": 0.006652}}
{"target": -17.703515002642053, "params": {"gamma": 823.9291146193917, "log10_alpha": -0.34479625519995416, "log10_colsample_bytree": -0.8474701381453404, "log10_eta": -1.2534898278711508, "log10_lambda": -4.2417520899533585, "log10_min_child_weight": 0.37073076646848446, "log10_subsample": -0.0883992654392366, "max_depth": 7.0, "num_boost_round": 24.0}, "datetime": {"datetime": "2024-01-19 01:44:31", "elapsed": 5556.175408, "delta": 0.006589}}
{"target": -17.708262924895287, "params": {"gamma": 823.9291146193917, "log10_alpha": -0.34479625519995416, "log10_colsample_bytree": -0.8474701381453404, "log10_eta": -1.2534898278711508, "log10_lambda": -4.2417520899533585, "log10_min_child_weight": 0.37073076646848446, "log10_subsample": -0.0883992654392366, "max_depth": 7.0, "num_boost_round": 25.0}, "datetime": {"datetime": "2024-01-19 01:44:31", "elapsed": 5556.182312, "delta": 0.006904}}
{"target": -17.710083777574464, "params": {"gamma": 823.9291146193917, "log10_alpha": -0.34479625519995416, "log10_colsample_bytree": -0.8474701381453404, "log10_eta": -1.2534898278711508, "log10_lambda": -4.2417520899533585, "log10_min_child_weight": 0.37073076646848446, "log10_subsample": -0.0883992654392366, "max_depth": 7.0, "num_boost_round": 26.0}, "datetime": {"datetime": "2024-01-19 01:44:31", "elapsed": 5556.189274, "delta": 0.006962}}
{"target": -17.712388817718715, "params": {"gamma": 823.9291146193917, "log10_alpha": -0.34479625519995416, "log10_colsample_bytree": -0.8474701381453404, "log10_eta": -1.2534898278711508, "log10_lambda": -4.2417520899533585, "log10_min_child_weight": 0.37073076646848446, "log10_subsample": -0.0883992654392366, "max_depth": 7.0, "num_boost_round": 27.0}, "datetime": {"datetime": "2024-01-19 01:44:31", "elapsed": 5556.197149, "delta": 0.007875}}
{"target": -17.71235513170835, "params": {"gamma": 823.9291146193917, "log10_alpha": -0.34479625519995416, "log10_colsample_bytree": -0.8474701381453404, "log10_eta": -1.2534898278711508, "log10_lambda": -4.2417520899533585, "log10_min_child_weight": 0.37073076646848446, "log10_subsample": -0.0883992654392366, "max_depth": 7.0, "num_boost_round": 28.0}, "datetime": {"datetime": "2024-01-19 01:44:31", "elapsed": 5556.204733, "delta": 0.007584}}
{"target": -17.71402810823489, "params": {"gamma": 823.9291146193917, "log10_alpha": -0.34479625519995416, "log10_colsample_bytree": -0.8474701381453404, "log10_eta": -1.2534898278711508, "log10_lambda": -4.2417520899533585, "log10_min_child_weight": 0.37073076646848446, "log10_subsample": -0.0883992654392366, "max_depth": 7.0, "num_boost_round": 29.0}, "datetime": {"datetime": "2024-01-19 01:44:31", "elapsed": 5556.211654, "delta": 0.006921}}
{"target": -17.67723005341597, "params": {"gamma": 835.1353651649257, "log10_alpha": -2.4819769118795407, "log10_colsample_bytree": -0.039327926946924, "log10_eta": -3.3532299394898524, "log10_lambda": -0.5122680778073967, "log10_min_child_weight": 3.7785631947612917, "log10_subsample": -0.7745385093195833, "max_depth": 5.0, "num_boost_round": 0.0}, "datetime": {"datetime": "2024-01-19 01:45:47", "elapsed": 5631.717973, "delta": 75.506319}}
{"target": -17.67724531086006, "params": {"gamma": 835.1353651649257, "log10_alpha": -2.4819769118795407, "log10_colsample_bytree": -0.039327926946924, "log10_eta": -3.3532299394898524, "log10_lambda": -0.5122680778073967, "log10_min_child_weight": 3.7785631947612917, "log10_subsample": -0.7745385093195833, "max_depth": 5.0, "num_boost_round": 1.0}, "datetime": {"datetime": "2024-01-19 01:45:47", "elapsed": 5631.725025, "delta": 0.007052}}
{"target": -17.67723947197107, "params": {"gamma": 835.1353651649257, "log10_alpha": -2.4819769118795407, "log10_colsample_bytree": -0.039327926946924, "log10_eta": -3.3532299394898524, "log10_lambda": -0.5122680778073967, "log10_min_child_weight": 3.7785631947612917, "log10_subsample": -0.7745385093195833, "max_depth": 5.0, "num_boost_round": 2.0}, "datetime": {"datetime": "2024-01-19 01:45:47", "elapsed": 5631.73473, "delta": 0.009705}}
{"target": -17.677230468447, "params": {"gamma": 835.1353651649257, "log10_alpha": -2.4819769118795407, "log10_colsample_bytree": -0.039327926946924, "log10_eta": -3.3532299394898524, "log10_lambda": -0.5122680778073967, "log10_min_child_weight": 3.7785631947612917, "log10_subsample": -0.7745385093195833, "max_depth": 5.0, "num_boost_round": 3.0}, "datetime": {"datetime": "2024-01-19 01:45:47", "elapsed": 5631.74062, "delta": 0.00589}}
{"target": -17.677229268324986, "params": {"gamma": 835.1353651649257, "log10_alpha": -2.4819769118795407, "log10_colsample_bytree": -0.039327926946924, "log10_eta": -3.3532299394898524, "log10_lambda": -0.5122680778073967, "log10_min_child_weight": 3.7785631947612917, "log10_subsample": -0.7745385093195833, "max_depth": 5.0, "num_boost_round": 4.0}, "datetime": {"datetime": "2024-01-19 01:45:47", "elapsed": 5631.746559, "delta": 0.005939}}
{"target": -17.6772294941468, "params": {"gamma": 835.1353651649257, "log10_alpha": -2.4819769118795407, "log10_colsample_bytree": -0.039327926946924, "log10_eta": -3.3532299394898524, "log10_lambda": -0.5122680778073967, "log10_min_child_weight": 3.7785631947612917, "log10_subsample": -0.7745385093195833, "max_depth": 5.0, "num_boost_round": 5.0}, "datetime": {"datetime": "2024-01-19 01:45:47", "elapsed": 5631.752346, "delta": 0.005787}}
{"target": -17.67722705399043, "params": {"gamma": 835.1353651649257, "log10_alpha": -2.4819769118795407, "log10_colsample_bytree": -0.039327926946924, "log10_eta": -3.3532299394898524, "log10_lambda": -0.5122680778073967, "log10_min_child_weight": 3.7785631947612917, "log10_subsample": -0.7745385093195833, "max_depth": 5.0, "num_boost_round": 6.0}, "datetime": {"datetime": "2024-01-19 01:45:47", "elapsed": 5631.758086, "delta": 0.00574}}
{"target": -17.677223351576643, "params": {"gamma": 835.1353651649257, "log10_alpha": -2.4819769118795407, "log10_colsample_bytree": -0.039327926946924, "log10_eta": -3.3532299394898524, "log10_lambda": -0.5122680778073967, "log10_min_child_weight": 3.7785631947612917, "log10_subsample": -0.7745385093195833, "max_depth": 5.0, "num_boost_round": 7.0}, "datetime": {"datetime": "2024-01-19 01:45:47", "elapsed": 5631.763753, "delta": 0.005667}}
{"target": -17.677225962912605, "params": {"gamma": 835.1353651649257, "log10_alpha": -2.4819769118795407, "log10_colsample_bytree": -0.039327926946924, "log10_eta": -3.3532299394898524, "log10_lambda": -0.5122680778073967, "log10_min_child_weight": 3.7785631947612917, "log10_subsample": -0.7745385093195833, "max_depth": 5.0, "num_boost_round": 8.0}, "datetime": {"datetime": "2024-01-19 01:45:47", "elapsed": 5631.769371, "delta": 0.005618}}
{"target": -17.677216708425384, "params": {"gamma": 835.1353651649257, "log10_alpha": -2.4819769118795407, "log10_colsample_bytree": -0.039327926946924, "log10_eta": -3.3532299394898524, "log10_lambda": -0.5122680778073967, "log10_min_child_weight": 3.7785631947612917, "log10_subsample": -0.7745385093195833, "max_depth": 5.0, "num_boost_round": 9.0}, "datetime": {"datetime": "2024-01-19 01:45:47", "elapsed": 5631.775164, "delta": 0.005793}}
{"target": -17.677212762974115, "params": {"gamma": 835.1353651649257, "log10_alpha": -2.4819769118795407, "log10_colsample_bytree": -0.039327926946924, "log10_eta": -3.3532299394898524, "log10_lambda": -0.5122680778073967, "log10_min_child_weight": 3.7785631947612917, "log10_subsample": -0.7745385093195833, "max_depth": 5.0, "num_boost_round": 10.0}, "datetime": {"datetime": "2024-01-19 01:45:47", "elapsed": 5631.780992, "delta": 0.005828}}
{"target": -17.67722901997895, "params": {"gamma": 835.1353651649257, "log10_alpha": -2.4819769118795407, "log10_colsample_bytree": -0.039327926946924, "log10_eta": -3.3532299394898524, "log10_lambda": -0.5122680778073967, "log10_min_child_weight": 3.7785631947612917, "log10_subsample": -0.7745385093195833, "max_depth": 5.0, "num_boost_round": 11.0}, "datetime": {"datetime": "2024-01-19 01:45:47", "elapsed": 5631.787001, "delta": 0.006009}}
{"target": -17.67723455654327, "params": {"gamma": 835.1353651649257, "log10_alpha": -2.4819769118795407, "log10_colsample_bytree": -0.039327926946924, "log10_eta": -3.3532299394898524, "log10_lambda": -0.5122680778073967, "log10_min_child_weight": 3.7785631947612917, "log10_subsample": -0.7745385093195833, "max_depth": 5.0, "num_boost_round": 12.0}, "datetime": {"datetime": "2024-01-19 01:45:47", "elapsed": 5631.792861, "delta": 0.00586}}
{"target": -17.677232251611127, "params": {"gamma": 835.1353651649257, "log10_alpha": -2.4819769118795407, "log10_colsample_bytree": -0.039327926946924, "log10_eta": -3.3532299394898524, "log10_lambda": -0.5122680778073967, "log10_min_child_weight": 3.7785631947612917, "log10_subsample": -0.7745385093195833, "max_depth": 5.0, "num_boost_round": 13.0}, "datetime": {"datetime": "2024-01-19 01:45:47", "elapsed": 5631.79851, "delta": 0.005649}}
{"target": -17.677233738998115, "params": {"gamma": 835.1353651649257, "log10_alpha": -2.4819769118795407, "log10_colsample_bytree": -0.039327926946924, "log10_eta": -3.3532299394898524, "log10_lambda": -0.5122680778073967, "log10_min_child_weight": 3.7785631947612917, "log10_subsample": -0.7745385093195833, "max_depth": 5.0, "num_boost_round": 14.0}, "datetime": {"datetime": "2024-01-19 01:45:47", "elapsed": 5631.80416, "delta": 0.00565}}
{"target": -17.677230083848187, "params": {"gamma": 835.1353651649257, "log10_alpha": -2.4819769118795407, "log10_colsample_bytree": -0.039327926946924, "log10_eta": -3.3532299394898524, "log10_lambda": -0.5122680778073967, "log10_min_child_weight": 3.7785631947612917, "log10_subsample": -0.7745385093195833, "max_depth": 5.0, "num_boost_round": 15.0}, "datetime": {"datetime": "2024-01-19 01:45:47", "elapsed": 5631.809809, "delta": 0.005649}}
{"target": -17.677230674990668, "params": {"gamma": 835.1353651649257, "log10_alpha": -2.4819769118795407, "log10_colsample_bytree": -0.039327926946924, "log10_eta": -3.3532299394898524, "log10_lambda": -0.5122680778073967, "log10_min_child_weight": 3.7785631947612917, "log10_subsample": -0.7745385093195833, "max_depth": 5.0, "num_boost_round": 16.0}, "datetime": {"datetime": "2024-01-19 01:45:47", "elapsed": 5631.815454, "delta": 0.005645}}
{"target": -17.6772413517854, "params": {"gamma": 835.1353651649257, "log10_alpha": -2.4819769118795407, "log10_colsample_bytree": -0.039327926946924, "log10_eta": -3.3532299394898524, "log10_lambda": -0.5122680778073967, "log10_min_child_weight": 3.7785631947612917, "log10_subsample": -0.7745385093195833, "max_depth": 5.0, "num_boost_round": 17.0}, "datetime": {"datetime": "2024-01-19 01:45:47", "elapsed": 5631.822301, "delta": 0.006847}}
{"target": -17.677236141174486, "params": {"gamma": 835.1353651649257, "log10_alpha": -2.4819769118795407, "log10_colsample_bytree": -0.039327926946924, "log10_eta": -3.3532299394898524, "log10_lambda": -0.5122680778073967, "log10_min_child_weight": 3.7785631947612917, "log10_subsample": -0.7745385093195833, "max_depth": 5.0, "num_boost_round": 18.0}, "datetime": {"datetime": "2024-01-19 01:45:47", "elapsed": 5631.828144, "delta": 0.005843}}
{"target": -17.67723876862117, "params": {"gamma": 835.1353651649257, "log10_alpha": -2.4819769118795407, "log10_colsample_bytree": -0.039327926946924, "log10_eta": -3.3532299394898524, "log10_lambda": -0.5122680778073967, "log10_min_child_weight": 3.7785631947612917, "log10_subsample": -0.7745385093195833, "max_depth": 5.0, "num_boost_round": 19.0}, "datetime": {"datetime": "2024-01-19 01:45:47", "elapsed": 5631.833909, "delta": 0.005765}}
{"target": -17.677254638688503, "params": {"gamma": 835.1353651649257, "log10_alpha": -2.4819769118795407, "log10_colsample_bytree": -0.039327926946924, "log10_eta": -3.3532299394898524, "log10_lambda": -0.5122680778073967, "log10_min_child_weight": 3.7785631947612917, "log10_subsample": -0.7745385093195833, "max_depth": 5.0, "num_boost_round": 20.0}, "datetime": {"datetime": "2024-01-19 01:45:47", "elapsed": 5631.839548, "delta": 0.005639}}
{"target": -17.677246885048365, "params": {"gamma": 835.1353651649257, "log10_alpha": -2.4819769118795407, "log10_colsample_bytree": -0.039327926946924, "log10_eta": -3.3532299394898524, "log10_lambda": -0.5122680778073967, "log10_min_child_weight": 3.7785631947612917, "log10_subsample": -0.7745385093195833, "max_depth": 5.0, "num_boost_round": 21.0}, "datetime": {"datetime": "2024-01-19 01:45:47", "elapsed": 5631.845934, "delta": 0.006386}}
{"target": -17.67724294249174, "params": {"gamma": 835.1353651649257, "log10_alpha": -2.4819769118795407, "log10_colsample_bytree": -0.039327926946924, "log10_eta": -3.3532299394898524, "log10_lambda": -0.5122680778073967, "log10_min_child_weight": 3.7785631947612917, "log10_subsample": -0.7745385093195833, "max_depth": 5.0, "num_boost_round": 22.0}, "datetime": {"datetime": "2024-01-19 01:45:47", "elapsed": 5631.85182, "delta": 0.005886}}
{"target": -17.677237209975154, "params": {"gamma": 835.1353651649257, "log10_alpha": -2.4819769118795407, "log10_colsample_bytree": -0.039327926946924, "log10_eta": -3.3532299394898524, "log10_lambda": -0.5122680778073967, "log10_min_child_weight": 3.7785631947612917, "log10_subsample": -0.7745385093195833, "max_depth": 5.0, "num_boost_round": 23.0}, "datetime": {"datetime": "2024-01-19 01:45:47", "elapsed": 5631.857832, "delta": 0.006012}}
{"target": -17.677236466650715, "params": {"gamma": 835.1353651649257, "log10_alpha": -2.4819769118795407, "log10_colsample_bytree": -0.039327926946924, "log10_eta": -3.3532299394898524, "log10_lambda": -0.5122680778073967, "log10_min_child_weight": 3.7785631947612917, "log10_subsample": -0.7745385093195833, "max_depth": 5.0, "num_boost_round": 24.0}, "datetime": {"datetime": "2024-01-19 01:45:47", "elapsed": 5631.863599, "delta": 0.005767}}
{"target": -17.677238816777958, "params": {"gamma": 835.1353651649257, "log10_alpha": -2.4819769118795407, "log10_colsample_bytree": -0.039327926946924, "log10_eta": -3.3532299394898524, "log10_lambda": -0.5122680778073967, "log10_min_child_weight": 3.7785631947612917, "log10_subsample": -0.7745385093195833, "max_depth": 5.0, "num_boost_round": 25.0}, "datetime": {"datetime": "2024-01-19 01:45:47", "elapsed": 5631.869232, "delta": 0.005633}}
{"target": -17.677241841487888, "params": {"gamma": 835.1353651649257, "log10_alpha": -2.4819769118795407, "log10_colsample_bytree": -0.039327926946924, "log10_eta": -3.3532299394898524, "log10_lambda": -0.5122680778073967, "log10_min_child_weight": 3.7785631947612917, "log10_subsample": -0.7745385093195833, "max_depth": 5.0, "num_boost_round": 26.0}, "datetime": {"datetime": "2024-01-19 01:45:47", "elapsed": 5631.874893, "delta": 0.005661}}
{"target": -17.677257809477165, "params": {"gamma": 835.1353651649257, "log10_alpha": -2.4819769118795407, "log10_colsample_bytree": -0.039327926946924, "log10_eta": -3.3532299394898524, "log10_lambda": -0.5122680778073967, "log10_min_child_weight": 3.7785631947612917, "log10_subsample": -0.7745385093195833, "max_depth": 5.0, "num_boost_round": 27.0}, "datetime": {"datetime": "2024-01-19 01:45:47", "elapsed": 5631.88052, "delta": 0.005627}}
{"target": -17.677220653708204, "params": {"gamma": 834.2939437681059, "log10_alpha": -3.4388054827573056, "log10_colsample_bytree": -0.21266769349761172, "log10_eta": -3.3968941918983075, "log10_lambda": -3.204626560904561, "log10_min_child_weight": 3.854952941293818, "log10_subsample": -0.3591401726460931, "max_depth": 5.0, "num_boost_round": 0.0}, "datetime": {"datetime": "2024-01-19 01:46:52", "elapsed": 5697.014827, "delta": 65.134307}}
{"target": -17.67720861676975, "params": {"gamma": 834.2939437681059, "log10_alpha": -3.4388054827573056, "log10_colsample_bytree": -0.21266769349761172, "log10_eta": -3.3968941918983075, "log10_lambda": -3.204626560904561, "log10_min_child_weight": 3.854952941293818, "log10_subsample": -0.3591401726460931, "max_depth": 5.0, "num_boost_round": 1.0}, "datetime": {"datetime": "2024-01-19 01:46:52", "elapsed": 5697.022145, "delta": 0.007318}}
{"target": -17.677188002656465, "params": {"gamma": 834.2939437681059, "log10_alpha": -3.4388054827573056, "log10_colsample_bytree": -0.21266769349761172, "log10_eta": -3.3968941918983075, "log10_lambda": -3.204626560904561, "log10_min_child_weight": 3.854952941293818, "log10_subsample": -0.3591401726460931, "max_depth": 5.0, "num_boost_round": 2.0}, "datetime": {"datetime": "2024-01-19 01:46:52", "elapsed": 5697.029307, "delta": 0.007162}}
{"target": -17.67718763172024, "params": {"gamma": 834.2939437681059, "log10_alpha": -3.4388054827573056, "log10_colsample_bytree": -0.21266769349761172, "log10_eta": -3.3968941918983075, "log10_lambda": -3.204626560904561, "log10_min_child_weight": 3.854952941293818, "log10_subsample": -0.3591401726460931, "max_depth": 5.0, "num_boost_round": 3.0}, "datetime": {"datetime": "2024-01-19 01:46:52", "elapsed": 5697.035725, "delta": 0.006418}}
{"target": -17.67716991351867, "params": {"gamma": 834.2939437681059, "log10_alpha": -3.4388054827573056, "log10_colsample_bytree": -0.21266769349761172, "log10_eta": -3.3968941918983075, "log10_lambda": -3.204626560904561, "log10_min_child_weight": 3.854952941293818, "log10_subsample": -0.3591401726460931, "max_depth": 5.0, "num_boost_round": 4.0}, "datetime": {"datetime": "2024-01-19 01:46:52", "elapsed": 5697.042335, "delta": 0.00661}}
{"target": -17.677163530802435, "params": {"gamma": 834.2939437681059, "log10_alpha": -3.4388054827573056, "log10_colsample_bytree": -0.21266769349761172, "log10_eta": -3.3968941918983075, "log10_lambda": -3.204626560904561, "log10_min_child_weight": 3.854952941293818, "log10_subsample": -0.3591401726460931, "max_depth": 5.0, "num_boost_round": 5.0}, "datetime": {"datetime": "2024-01-19 01:46:52", "elapsed": 5697.048634, "delta": 0.006299}}
{"target": -17.677140861971885, "params": {"gamma": 834.2939437681059, "log10_alpha": -3.4388054827573056, "log10_colsample_bytree": -0.21266769349761172, "log10_eta": -3.3968941918983075, "log10_lambda": -3.204626560904561, "log10_min_child_weight": 3.854952941293818, "log10_subsample": -0.3591401726460931, "max_depth": 5.0, "num_boost_round": 6.0}, "datetime": {"datetime": "2024-01-19 01:46:52", "elapsed": 5697.05501, "delta": 0.006376}}
{"target": -17.677128993519265, "params": {"gamma": 834.2939437681059, "log10_alpha": -3.4388054827573056, "log10_colsample_bytree": -0.21266769349761172, "log10_eta": -3.3968941918983075, "log10_lambda": -3.204626560904561, "log10_min_child_weight": 3.854952941293818, "log10_subsample": -0.3591401726460931, "max_depth": 5.0, "num_boost_round": 7.0}, "datetime": {"datetime": "2024-01-19 01:46:52", "elapsed": 5697.061233, "delta": 0.006223}}
{"target": -17.67711809525872, "params": {"gamma": 834.2939437681059, "log10_alpha": -3.4388054827573056, "log10_colsample_bytree": -0.21266769349761172, "log10_eta": -3.3968941918983075, "log10_lambda": -3.204626560904561, "log10_min_child_weight": 3.854952941293818, "log10_subsample": -0.3591401726460931, "max_depth": 5.0, "num_boost_round": 8.0}, "datetime": {"datetime": "2024-01-19 01:46:52", "elapsed": 5697.067623, "delta": 0.00639}}
{"target": -17.677111187288904, "params": {"gamma": 834.2939437681059, "log10_alpha": -3.4388054827573056, "log10_colsample_bytree": -0.21266769349761172, "log10_eta": -3.3968941918983075, "log10_lambda": -3.204626560904561, "log10_min_child_weight": 3.854952941293818, "log10_subsample": -0.3591401726460931, "max_depth": 5.0, "num_boost_round": 9.0}, "datetime": {"datetime": "2024-01-19 01:46:52", "elapsed": 5697.073843, "delta": 0.00622}}
{"target": -17.67710118568427, "params": {"gamma": 834.2939437681059, "log10_alpha": -3.4388054827573056, "log10_colsample_bytree": -0.21266769349761172, "log10_eta": -3.3968941918983075, "log10_lambda": -3.204626560904561, "log10_min_child_weight": 3.854952941293818, "log10_subsample": -0.3591401726460931, "max_depth": 5.0, "num_boost_round": 10.0}, "datetime": {"datetime": "2024-01-19 01:46:52", "elapsed": 5697.080458, "delta": 0.006615}}
{"target": -17.67709549615094, "params": {"gamma": 834.2939437681059, "log10_alpha": -3.4388054827573056, "log10_colsample_bytree": -0.21266769349761172, "log10_eta": -3.3968941918983075, "log10_lambda": -3.204626560904561, "log10_min_child_weight": 3.854952941293818, "log10_subsample": -0.3591401726460931, "max_depth": 5.0, "num_boost_round": 11.0}, "datetime": {"datetime": "2024-01-19 01:46:52", "elapsed": 5697.220097, "delta": 0.139639}}
