{"target": -13.75849583769213, "params": {"gamma": 528.4138633260211, "log10_alpha": -1.537298032100788, "log10_colsample_bytree": -0.14719769073357092, "log10_eta": -3.547026909096285, "log10_lambda": -0.7239400509081122, "log10_min_child_weight": 0.4093310805094741, "log10_subsample": -0.5998392698124033, "max_depth": 6.0, "num_boost_round": 5.0}, "datetime": {"datetime": "2024-01-19 00:23:34", "elapsed": 746.104714, "delta": 0.00102}}
{"target": -13.758484642536258, "params": {"gamma": 528.4138633260211, "log10_alpha": -1.537298032100788, "log10_colsample_bytree": -0.14719769073357092, "log10_eta": -3.547026909096285, "log10_lambda": -0.7239400509081122, "log10_min_child_weight": 0.4093310805094741, "log10_subsample": -0.5998392698124033, "max_depth": 6.0, "num_boost_round": 6.0}, "datetime": {"datetime": "2024-01-19 00:23:34", "elapsed": 746.105697, "delta": 0.000983}}
{"target": -13.75848446801871, "params": {"gamma": 528.4138633260211, "log10_alpha": -1.537298032100788, "log10_colsample_bytree": -0.14719769073357092, "log10_eta": -3.547026909096285, "log10_lambda": -0.7239400509081122, "log10_min_child_weight": 0.4093310805094741, "log10_subsample": -0.5998392698124033, "max_depth": 6.0, "num_boost_round": 7.0}, "datetime": {"datetime": "2024-01-19 00:23:34", "elapsed": 746.110984, "delta": 0.005287}}
{"target": -13.758493299455722, "params": {"gamma": 528.4138633260211, "log10_alpha": -1.537298032100788, "log10_colsample_bytree": -0.14719769073357092, "log10_eta": -3.547026909096285, "log10_lambda": -0.7239400509081122, "log10_min_child_weight": 0.4093310805094741, "log10_subsample": -0.5998392698124033, "max_depth": 6.0, "num_boost_round": 8.0}, "datetime": {"datetime": "2024-01-19 00:23:34", "elapsed": 746.112044, "delta": 0.00106}}
{"target": -13.758492349424955, "params": {"gamma": 528.4138633260211, "log10_alpha": -1.537298032100788, "log10_colsample_bytree": -0.14719769073357092, "log10_eta": -3.547026909096285, "log10_lambda": -0.7239400509081122, "log10_min_child_weight": 0.4093310805094741, "log10_subsample": -0.5998392698124033, "max_depth": 6.0, "num_boost_round": 9.0}, "datetime": {"datetime": "2024-01-19 00:23:34", "elapsed": 746.113054, "delta": 0.00101}}
{"target": -13.758488901907794, "params": {"gamma": 528.4138633260211, "log10_alpha": -1.537298032100788, "log10_colsample_bytree": -0.14719769073357092, "log10_eta": -3.547026909096285, "log10_lambda": -0.7239400509081122, "log10_min_child_weight": 0.4093310805094741, "log10_subsample": -0.5998392698124033, "max_depth": 6.0, "num_boost_round": 10.0}, "datetime": {"datetime": "2024-01-19 00:23:34", "elapsed": 746.114054, "delta": 0.001}}
{"target": -13.758480184362448, "params": {"gamma": 528.4138633260211, "log10_alpha": -1.537298032100788, "log10_colsample_bytree": -0.14719769073357092, "log10_eta": -3.547026909096285, "log10_lambda": -0.7239400509081122, "log10_min_child_weight": 0.4093310805094741, "log10_subsample": -0.5998392698124033, "max_depth": 6.0, "num_boost_round": 11.0}, "datetime": {"datetime": "2024-01-19 00:23:34", "elapsed": 746.115216, "delta": 0.001162}}
{"target": -13.758480288043708, "params": {"gamma": 528.4138633260211, "log10_alpha": -1.537298032100788, "log10_colsample_bytree": -0.14719769073357092, "log10_eta": -3.547026909096285, "log10_lambda": -0.7239400509081122, "log10_min_child_weight": 0.4093310805094741, "log10_subsample": -0.5998392698124033, "max_depth": 6.0, "num_boost_round": 12.0}, "datetime": {"datetime": "2024-01-19 00:23:34", "elapsed": 746.116231, "delta": 0.001015}}
{"target": -13.758468521772151, "params": {"gamma": 528.4138633260211, "log10_alpha": -1.537298032100788, "log10_colsample_bytree": -0.14719769073357092, "log10_eta": -3.547026909096285, "log10_lambda": -0.7239400509081122, "log10_min_child_weight": 0.4093310805094741, "log10_subsample": -0.5998392698124033, "max_depth": 6.0, "num_boost_round": 13.0}, "datetime": {"datetime": "2024-01-19 00:23:34", "elapsed": 746.117224, "delta": 0.000993}}
{"target": -13.764648559597491, "params": {"gamma": 537.7045797763037, "log10_alpha": -0.014626422052634425, "log10_colsample_bytree": -0.5788616857934162, "log10_eta": -0.8578435433709819, "log10_lambda": -2.1910238644661852, "log10_min_child_weight": 1.9383402322005079, "log10_subsample": -0.06117618649715295, "max_depth": 7.0, "num_boost_round": 0.0}, "datetime": {"datetime": "2024-01-19 00:24:01", "elapsed": 773.304931, "delta": 27.187707}}
{"target": -13.762170330295982, "params": {"gamma": 537.7045797763037, "log10_alpha": -0.014626422052634425, "log10_colsample_bytree": -0.5788616857934162, "log10_eta": -0.8578435433709819, "log10_lambda": -2.1910238644661852, "log10_min_child_weight": 1.9383402322005079, "log10_subsample": -0.06117618649715295, "max_depth": 7.0, "num_boost_round": 1.0}, "datetime": {"datetime": "2024-01-19 00:24:01", "elapsed": 773.306578, "delta": 0.001647}}
{"target": -13.767366441811246, "params": {"gamma": 537.7045797763037, "log10_alpha": -0.014626422052634425, "log10_colsample_bytree": -0.5788616857934162, "log10_eta": -0.8578435433709819, "log10_lambda": -2.1910238644661852, "log10_min_child_weight": 1.9383402322005079, "log10_subsample": -0.06117618649715295, "max_depth": 7.0, "num_boost_round": 2.0}, "datetime": {"datetime": "2024-01-19 00:24:01", "elapsed": 773.307839, "delta": 0.001261}}
{"target": -13.772991040295958, "params": {"gamma": 537.7045797763037, "log10_alpha": -0.014626422052634425, "log10_colsample_bytree": -0.5788616857934162, "log10_eta": -0.8578435433709819, "log10_lambda": -2.1910238644661852, "log10_min_child_weight": 1.9383402322005079, "log10_subsample": -0.06117618649715295, "max_depth": 7.0, "num_boost_round": 3.0}, "datetime": {"datetime": "2024-01-19 00:24:01", "elapsed": 773.308857, "delta": 0.001018}}
{"target": -13.773377747516735, "params": {"gamma": 537.7045797763037, "log10_alpha": -0.014626422052634425, "log10_colsample_bytree": -0.5788616857934162, "log10_eta": -0.8578435433709819, "log10_lambda": -2.1910238644661852, "log10_min_child_weight": 1.9383402322005079, "log10_subsample": -0.06117618649715295, "max_depth": 7.0, "num_boost_round": 4.0}, "datetime": {"datetime": "2024-01-19 00:24:01", "elapsed": 773.309998, "delta": 0.001141}}
{"target": -13.780912072962376, "params": {"gamma": 537.7045797763037, "log10_alpha": -0.014626422052634425, "log10_colsample_bytree": -0.5788616857934162, "log10_eta": -0.8578435433709819, "log10_lambda": -2.1910238644661852, "log10_min_child_weight": 1.9383402322005079, "log10_subsample": -0.06117618649715295, "max_depth": 7.0, "num_boost_round": 5.0}, "datetime": {"datetime": "2024-01-19 00:24:01", "elapsed": 773.311021, "delta": 0.001023}}
{"target": -13.785039682555945, "params": {"gamma": 537.7045797763037, "log10_alpha": -0.014626422052634425, "log10_colsample_bytree": -0.5788616857934162, "log10_eta": -0.8578435433709819, "log10_lambda": -2.1910238644661852, "log10_min_child_weight": 1.9383402322005079, "log10_subsample": -0.06117618649715295, "max_depth": 7.0, "num_boost_round": 6.0}, "datetime": {"datetime": "2024-01-19 00:24:01", "elapsed": 773.312354, "delta": 0.001333}}
{"target": -13.791511905130346, "params": {"gamma": 537.7045797763037, "log10_alpha": -0.014626422052634425, "log10_colsample_bytree": -0.5788616857934162, "log10_eta": -0.8578435433709819, "log10_lambda": -2.1910238644661852, "log10_min_child_weight": 1.9383402322005079, "log10_subsample": -0.06117618649715295, "max_depth": 7.0, "num_boost_round": 7.0}, "datetime": {"datetime": "2024-01-19 00:24:01", "elapsed": 773.313401, "delta": 0.001047}}
{"target": -13.801434938820714, "params": {"gamma": 537.7045797763037, "log10_alpha": -0.014626422052634425, "log10_colsample_bytree": -0.5788616857934162, "log10_eta": -0.8578435433709819, "log10_lambda": -2.1910238644661852, "log10_min_child_weight": 1.9383402322005079, "log10_subsample": -0.06117618649715295, "max_depth": 7.0, "num_boost_round": 8.0}, "datetime": {"datetime": "2024-01-19 00:24:01", "elapsed": 773.314454, "delta": 0.001053}}
{"target": -13.803313514782468, "params": {"gamma": 537.7045797763037, "log10_alpha": -0.014626422052634425, "log10_colsample_bytree": -0.5788616857934162, "log10_eta": -0.8578435433709819, "log10_lambda": -2.1910238644661852, "log10_min_child_weight": 1.9383402322005079, "log10_subsample": -0.06117618649715295, "max_depth": 7.0, "num_boost_round": 9.0}, "datetime": {"datetime": "2024-01-19 00:24:01", "elapsed": 773.315467, "delta": 0.001013}}
{"target": -13.806546585273688, "params": {"gamma": 537.7045797763037, "log10_alpha": -0.014626422052634425, "log10_colsample_bytree": -0.5788616857934162, "log10_eta": -0.8578435433709819, "log10_lambda": -2.1910238644661852, "log10_min_child_weight": 1.9383402322005079, "log10_subsample": -0.06117618649715295, "max_depth": 7.0, "num_boost_round": 10.0}, "datetime": {"datetime": "2024-01-19 00:24:01", "elapsed": 773.316472, "delta": 0.001005}}
{"target": -13.808721515539446, "params": {"gamma": 537.7045797763037, "log10_alpha": -0.014626422052634425, "log10_colsample_bytree": -0.5788616857934162, "log10_eta": -0.8578435433709819, "log10_lambda": -2.1910238644661852, "log10_min_child_weight": 1.9383402322005079, "log10_subsample": -0.06117618649715295, "max_depth": 7.0, "num_boost_round": 11.0}, "datetime": {"datetime": "2024-01-19 00:24:01", "elapsed": 773.317491, "delta": 0.001019}}
{"target": -13.817926860132884, "params": {"gamma": 537.7045797763037, "log10_alpha": -0.014626422052634425, "log10_colsample_bytree": -0.5788616857934162, "log10_eta": -0.8578435433709819, "log10_lambda": -2.1910238644661852, "log10_min_child_weight": 1.9383402322005079, "log10_subsample": -0.06117618649715295, "max_depth": 7.0, "num_boost_round": 12.0}, "datetime": {"datetime": "2024-01-19 00:24:01", "elapsed": 773.318515, "delta": 0.001024}}
{"target": -13.823339863838102, "params": {"gamma": 537.7045797763037, "log10_alpha": -0.014626422052634425, "log10_colsample_bytree": -0.5788616857934162, "log10_eta": -0.8578435433709819, "log10_lambda": -2.1910238644661852, "log10_min_child_weight": 1.9383402322005079, "log10_subsample": -0.06117618649715295, "max_depth": 7.0, "num_boost_round": 13.0}, "datetime": {"datetime": "2024-01-19 00:24:01", "elapsed": 773.319526, "delta": 0.001011}}
{"target": -13.83129964875638, "params": {"gamma": 537.7045797763037, "log10_alpha": -0.014626422052634425, "log10_colsample_bytree": -0.5788616857934162, "log10_eta": -0.8578435433709819, "log10_lambda": -2.1910238644661852, "log10_min_child_weight": 1.9383402322005079, "log10_subsample": -0.06117618649715295, "max_depth": 7.0, "num_boost_round": 14.0}, "datetime": {"datetime": "2024-01-19 00:24:01", "elapsed": 773.320544, "delta": 0.001018}}
{"target": -13.836117292760537, "params": {"gamma": 537.7045797763037, "log10_alpha": -0.014626422052634425, "log10_colsample_bytree": -0.5788616857934162, "log10_eta": -0.8578435433709819, "log10_lambda": -2.1910238644661852, "log10_min_child_weight": 1.9383402322005079, "log10_subsample": -0.06117618649715295, "max_depth": 7.0, "num_boost_round": 15.0}, "datetime": {"datetime": "2024-01-19 00:24:01", "elapsed": 773.321571, "delta": 0.001027}}
{"target": -13.843466336034838, "params": {"gamma": 537.7045797763037, "log10_alpha": -0.014626422052634425, "log10_colsample_bytree": -0.5788616857934162, "log10_eta": -0.8578435433709819, "log10_lambda": -2.1910238644661852, "log10_min_child_weight": 1.9383402322005079, "log10_subsample": -0.06117618649715295, "max_depth": 7.0, "num_boost_round": 16.0}, "datetime": {"datetime": "2024-01-19 00:24:01", "elapsed": 773.322668, "delta": 0.001097}}
{"target": -13.855501915120167, "params": {"gamma": 537.7045797763037, "log10_alpha": -0.014626422052634425, "log10_colsample_bytree": -0.5788616857934162, "log10_eta": -0.8578435433709819, "log10_lambda": -2.1910238644661852, "log10_min_child_weight": 1.9383402322005079, "log10_subsample": -0.06117618649715295, "max_depth": 7.0, "num_boost_round": 17.0}, "datetime": {"datetime": "2024-01-19 00:24:01", "elapsed": 773.323696, "delta": 0.001028}}
{"target": -13.85714068215003, "params": {"gamma": 537.7045797763037, "log10_alpha": -0.014626422052634425, "log10_colsample_bytree": -0.5788616857934162, "log10_eta": -0.8578435433709819, "log10_lambda": -2.1910238644661852, "log10_min_child_weight": 1.9383402322005079, "log10_subsample": -0.06117618649715295, "max_depth": 7.0, "num_boost_round": 18.0}, "datetime": {"datetime": "2024-01-19 00:24:01", "elapsed": 773.324734, "delta": 0.001038}}
{"target": -13.860332944204874, "params": {"gamma": 537.7045797763037, "log10_alpha": -0.014626422052634425, "log10_colsample_bytree": -0.5788616857934162, "log10_eta": -0.8578435433709819, "log10_lambda": -2.1910238644661852, "log10_min_child_weight": 1.9383402322005079, "log10_subsample": -0.06117618649715295, "max_depth": 7.0, "num_boost_round": 19.0}, "datetime": {"datetime": "2024-01-19 00:24:01", "elapsed": 773.32589, "delta": 0.001156}}
{"target": -13.866507256871571, "params": {"gamma": 537.7045797763037, "log10_alpha": -0.014626422052634425, "log10_colsample_bytree": -0.5788616857934162, "log10_eta": -0.8578435433709819, "log10_lambda": -2.1910238644661852, "log10_min_child_weight": 1.9383402322005079, "log10_subsample": -0.06117618649715295, "max_depth": 7.0, "num_boost_round": 20.0}, "datetime": {"datetime": "2024-01-19 00:24:01", "elapsed": 773.327348, "delta": 0.001458}}
{"target": -13.876049992650406, "params": {"gamma": 537.7045797763037, "log10_alpha": -0.014626422052634425, "log10_colsample_bytree": -0.5788616857934162, "log10_eta": -0.8578435433709819, "log10_lambda": -2.1910238644661852, "log10_min_child_weight": 1.9383402322005079, "log10_subsample": -0.06117618649715295, "max_depth": 7.0, "num_boost_round": 21.0}, "datetime": {"datetime": "2024-01-19 00:24:01", "elapsed": 773.328525, "delta": 0.001177}}
{"target": -13.877133668726383, "params": {"gamma": 537.7045797763037, "log10_alpha": -0.014626422052634425, "log10_colsample_bytree": -0.5788616857934162, "log10_eta": -0.8578435433709819, "log10_lambda": -2.1910238644661852, "log10_min_child_weight": 1.9383402322005079, "log10_subsample": -0.06117618649715295, "max_depth": 7.0, "num_boost_round": 22.0}, "datetime": {"datetime": "2024-01-19 00:24:01", "elapsed": 773.329563, "delta": 0.001038}}
{"target": -13.914325481579283, "params": {"gamma": 537.7045797763037, "log10_alpha": -0.014626422052634425, "log10_colsample_bytree": -0.5788616857934162, "log10_eta": -0.8578435433709819, "log10_lambda": -2.1910238644661852, "log10_min_child_weight": 1.9383402322005079, "log10_subsample": -0.06117618649715295, "max_depth": 7.0, "num_boost_round": 23.0}, "datetime": {"datetime": "2024-01-19 00:24:01", "elapsed": 773.330599, "delta": 0.001036}}
{"target": -13.935948545993107, "params": {"gamma": 537.7045797763037, "log10_alpha": -0.014626422052634425, "log10_colsample_bytree": -0.5788616857934162, "log10_eta": -0.8578435433709819, "log10_lambda": -2.1910238644661852, "log10_min_child_weight": 1.9383402322005079, "log10_subsample": -0.06117618649715295, "max_depth": 7.0, "num_boost_round": 24.0}, "datetime": {"datetime": "2024-01-19 00:24:01", "elapsed": 773.331639, "delta": 0.00104}}
{"target": -13.95135265742967, "params": {"gamma": 537.7045797763037, "log10_alpha": -0.014626422052634425, "log10_colsample_bytree": -0.5788616857934162, "log10_eta": -0.8578435433709819, "log10_lambda": -2.1910238644661852, "log10_min_child_weight": 1.9383402322005079, "log10_subsample": -0.06117618649715295, "max_depth": 7.0, "num_boost_round": 25.0}, "datetime": {"datetime": "2024-01-19 00:24:01", "elapsed": 773.33268, "delta": 0.001041}}
{"target": -13.9639946041877, "params": {"gamma": 537.7045797763037, "log10_alpha": -0.014626422052634425, "log10_colsample_bytree": -0.5788616857934162, "log10_eta": -0.8578435433709819, "log10_lambda": -2.1910238644661852, "log10_min_child_weight": 1.9383402322005079, "log10_subsample": -0.06117618649715295, "max_depth": 7.0, "num_boost_round": 26.0}, "datetime": {"datetime": "2024-01-19 00:24:01", "elapsed": 773.333827, "delta": 0.001147}}
{"target": -13.96651228003727, "params": {"gamma": 537.7045797763037, "log10_alpha": -0.014626422052634425, "log10_colsample_bytree": -0.5788616857934162, "log10_eta": -0.8578435433709819, "log10_lambda": -2.1910238644661852, "log10_min_child_weight": 1.9383402322005079, "log10_subsample": -0.06117618649715295, "max_depth": 7.0, "num_boost_round": 27.0}, "datetime": {"datetime": "2024-01-19 00:24:01", "elapsed": 773.33486, "delta": 0.001033}}
{"target": -13.969127301761773, "params": {"gamma": 537.7045797763037, "log10_alpha": -0.014626422052634425, "log10_colsample_bytree": -0.5788616857934162, "log10_eta": -0.8578435433709819, "log10_lambda": -2.1910238644661852, "log10_min_child_weight": 1.9383402322005079, "log10_subsample": -0.06117618649715295, "max_depth": 7.0, "num_boost_round": 28.0}, "datetime": {"datetime": "2024-01-19 00:24:01", "elapsed": 773.335905, "delta": 0.001045}}
{"target": -13.758536039278916, "params": {"gamma": 551.2549337404091, "log10_alpha": -4.452539888786887, "log10_colsample_bytree": -1.0, "log10_eta": -4.0, "log10_lambda": 1.0, "log10_min_child_weight": 0.0, "log10_subsample": -1.0, "max_depth": 2.0, "num_boost_round": 0.0}, "datetime": {"datetime": "2024-01-19 00:24:25", "elapsed": 797.344324, "delta": 24.008419}}
{"target": -13.75853563558478, "params": {"gamma": 551.2549337404091, "log10_alpha": -4.452539888786887, "log10_colsample_bytree": -1.0, "log10_eta": -4.0, "log10_lambda": 1.0, "log10_min_child_weight": 0.0, "log10_subsample": -1.0, "max_depth": 2.0, "num_boost_round": 1.0}, "datetime": {"datetime": "2024-01-19 00:24:25", "elapsed": 797.346283, "delta": 0.001959}}
{"target": -13.758535728229365, "params": {"gamma": 551.2549337404091, "log10_alpha": -4.452539888786887, "log10_colsample_bytree": -1.0, "log10_eta": -4.0, "log10_lambda": 1.0, "log10_min_child_weight": 0.0, "log10_subsample": -1.0, "max_depth": 2.0, "num_boost_round": 2.0}, "datetime": {"datetime": "2024-01-19 00:24:25", "elapsed": 797.347578, "delta": 0.001295}}
{"target": -13.758536231179287, "params": {"gamma": 551.2549337404091, "log10_alpha": -4.452539888786887, "log10_colsample_bytree": -1.0, "log10_eta": -4.0, "log10_lambda": 1.0, "log10_min_child_weight": 0.0, "log10_subsample": -1.0, "max_depth": 2.0, "num_boost_round": 3.0}, "datetime": {"datetime": "2024-01-19 00:24:25", "elapsed": 797.348717, "delta": 0.001139}}
{"target": -13.758534897223234, "params": {"gamma": 551.2549337404091, "log10_alpha": -4.452539888786887, "log10_colsample_bytree": -1.0, "log10_eta": -4.0, "log10_lambda": 1.0, "log10_min_child_weight": 0.0, "log10_subsample": -1.0, "max_depth": 2.0, "num_boost_round": 4.0}, "datetime": {"datetime": "2024-01-19 00:24:25", "elapsed": 797.350035, "delta": 0.001318}}
{"target": -13.758534848020027, "params": {"gamma": 551.2549337404091, "log10_alpha": -4.452539888786887, "log10_colsample_bytree": -1.0, "log10_eta": -4.0, "log10_lambda": 1.0, "log10_min_child_weight": 0.0, "log10_subsample": -1.0, "max_depth": 2.0, "num_boost_round": 5.0}, "datetime": {"datetime": "2024-01-19 00:24:25", "elapsed": 797.351211, "delta": 0.001176}}
{"target": -13.758534566561353, "params": {"gamma": 551.2549337404091, "log10_alpha": -4.452539888786887, "log10_colsample_bytree": -1.0, "log10_eta": -4.0, "log10_lambda": 1.0, "log10_min_child_weight": 0.0, "log10_subsample": -1.0, "max_depth": 2.0, "num_boost_round": 6.0}, "datetime": {"datetime": "2024-01-19 00:24:25", "elapsed": 797.352287, "delta": 0.001076}}
{"target": -13.758533505044626, "params": {"gamma": 551.2549337404091, "log10_alpha": -4.452539888786887, "log10_colsample_bytree": -1.0, "log10_eta": -4.0, "log10_lambda": 1.0, "log10_min_child_weight": 0.0, "log10_subsample": -1.0, "max_depth": 2.0, "num_boost_round": 7.0}, "datetime": {"datetime": "2024-01-19 00:24:25", "elapsed": 797.353335, "delta": 0.001048}}
{"target": -13.758534031268436, "params": {"gamma": 551.2549337404091, "log10_alpha": -4.452539888786887, "log10_colsample_bytree": -1.0, "log10_eta": -4.0, "log10_lambda": 1.0, "log10_min_child_weight": 0.0, "log10_subsample": -1.0, "max_depth": 2.0, "num_boost_round": 8.0}, "datetime": {"datetime": "2024-01-19 00:24:25", "elapsed": 797.354391, "delta": 0.001056}}
{"target": -13.758533155678176, "params": {"gamma": 551.2549337404091, "log10_alpha": -4.452539888786887, "log10_colsample_bytree": -1.0, "log10_eta": -4.0, "log10_lambda": 1.0, "log10_min_child_weight": 0.0, "log10_subsample": -1.0, "max_depth": 2.0, "num_boost_round": 9.0}, "datetime": {"datetime": "2024-01-19 00:24:25", "elapsed": 797.355454, "delta": 0.001063}}
{"target": -13.758532303534563, "params": {"gamma": 551.2549337404091, "log10_alpha": -4.452539888786887, "log10_colsample_bytree": -1.0, "log10_eta": -4.0, "log10_lambda": 1.0, "log10_min_child_weight": 0.0, "log10_subsample": -1.0, "max_depth": 2.0, "num_boost_round": 10.0}, "datetime": {"datetime": "2024-01-19 00:24:25", "elapsed": 797.356806, "delta": 0.001352}}
{"target": -13.75853245652472, "params": {"gamma": 551.2549337404091, "log10_alpha": -4.452539888786887, "log10_colsample_bytree": -1.0, "log10_eta": -4.0, "log10_lambda": 1.0, "log10_min_child_weight": 0.0, "log10_subsample": -1.0, "max_depth": 2.0, "num_boost_round": 11.0}, "datetime": {"datetime": "2024-01-19 00:24:25", "elapsed": 797.357908, "delta": 0.001102}}
{"target": -13.758532335878131, "params": {"gamma": 551.2549337404091, "log10_alpha": -4.452539888786887, "log10_colsample_bytree": -1.0, "log10_eta": -4.0, "log10_lambda": 1.0, "log10_min_child_weight": 0.0, "log10_subsample": -1.0, "max_depth": 2.0, "num_boost_round": 12.0}, "datetime": {"datetime": "2024-01-19 00:24:25", "elapsed": 797.359032, "delta": 0.001124}}
