{"target": -13.933304599375269, "params": {"gamma": 724.466653152769, "log10_alpha": -4.875748284286631, "log10_colsample_bytree": -0.45659778153186004, "log10_eta": -0.22421658526921417, "log10_lambda": -4.539039432278765, "log10_min_child_weight": 3.8102877686762877, "log10_subsample": -0.4533162573434939, "max_depth": 3.0, "num_boost_round": 39.0}, "datetime": {"datetime": "2024-01-19 01:41:25", "elapsed": 5393.003998, "delta": 0.005792}}
{"target": -13.934352827594012, "params": {"gamma": 724.466653152769, "log10_alpha": -4.875748284286631, "log10_colsample_bytree": -0.45659778153186004, "log10_eta": -0.22421658526921417, "log10_lambda": -4.539039432278765, "log10_min_child_weight": 3.8102877686762877, "log10_subsample": -0.4533162573434939, "max_depth": 3.0, "num_boost_round": 40.0}, "datetime": {"datetime": "2024-01-19 01:41:25", "elapsed": 5393.009665, "delta": 0.005667}}
{"target": -13.937669273354837, "params": {"gamma": 724.466653152769, "log10_alpha": -4.875748284286631, "log10_colsample_bytree": -0.45659778153186004, "log10_eta": -0.22421658526921417, "log10_lambda": -4.539039432278765, "log10_min_child_weight": 3.8102877686762877, "log10_subsample": -0.4533162573434939, "max_depth": 3.0, "num_boost_round": 41.0}, "datetime": {"datetime": "2024-01-19 01:41:25", "elapsed": 5393.015054, "delta": 0.005389}}
{"target": -13.9379431230709, "params": {"gamma": 724.466653152769, "log10_alpha": -4.875748284286631, "log10_colsample_bytree": -0.45659778153186004, "log10_eta": -0.22421658526921417, "log10_lambda": -4.539039432278765, "log10_min_child_weight": 3.8102877686762877, "log10_subsample": -0.4533162573434939, "max_depth": 3.0, "num_boost_round": 42.0}, "datetime": {"datetime": "2024-01-19 01:41:25", "elapsed": 5393.020208, "delta": 0.005154}}
{"target": -13.93833724790771, "params": {"gamma": 724.466653152769, "log10_alpha": -4.875748284286631, "log10_colsample_bytree": -0.45659778153186004, "log10_eta": -0.22421658526921417, "log10_lambda": -4.539039432278765, "log10_min_child_weight": 3.8102877686762877, "log10_subsample": -0.4533162573434939, "max_depth": 3.0, "num_boost_round": 43.0}, "datetime": {"datetime": "2024-01-19 01:41:25", "elapsed": 5393.025494, "delta": 0.005286}}
{"target": -13.953927806740538, "params": {"gamma": 724.466653152769, "log10_alpha": -4.875748284286631, "log10_colsample_bytree": -0.45659778153186004, "log10_eta": -0.22421658526921417, "log10_lambda": -4.539039432278765, "log10_min_child_weight": 3.8102877686762877, "log10_subsample": -0.4533162573434939, "max_depth": 3.0, "num_boost_round": 44.0}, "datetime": {"datetime": "2024-01-19 01:41:25", "elapsed": 5393.030735, "delta": 0.005241}}
{"target": -13.758535815394442, "params": {"gamma": 704.4155003243109, "log10_alpha": -2.0488741895321287, "log10_colsample_bytree": 0.0, "log10_eta": -4.0, "log10_lambda": 1.0, "log10_min_child_weight": 2.6281612024817926, "log10_subsample": -1.0, "max_depth": 6.0, "num_boost_round": 0.0}, "datetime": {"datetime": "2024-01-19 01:42:50", "elapsed": 5478.531764, "delta": 85.501029}}
{"target": -13.758534234496793, "params": {"gamma": 704.4155003243109, "log10_alpha": -2.0488741895321287, "log10_colsample_bytree": 0.0, "log10_eta": -4.0, "log10_lambda": 1.0, "log10_min_child_weight": 2.6281612024817926, "log10_subsample": -1.0, "max_depth": 6.0, "num_boost_round": 1.0}, "datetime": {"datetime": "2024-01-19 01:42:50", "elapsed": 5478.537993, "delta": 0.006229}}
{"target": -13.758528668511905, "params": {"gamma": 704.4155003243109, "log10_alpha": -2.0488741895321287, "log10_colsample_bytree": 0.0, "log10_eta": -4.0, "log10_lambda": 1.0, "log10_min_child_weight": 2.6281612024817926, "log10_subsample": -1.0, "max_depth": 6.0, "num_boost_round": 2.0}, "datetime": {"datetime": "2024-01-19 01:42:50", "elapsed": 5478.544067, "delta": 0.006074}}
{"target": -13.758526383875605, "params": {"gamma": 704.4155003243109, "log10_alpha": -2.0488741895321287, "log10_colsample_bytree": 0.0, "log10_eta": -4.0, "log10_lambda": 1.0, "log10_min_child_weight": 2.6281612024817926, "log10_subsample": -1.0, "max_depth": 6.0, "num_boost_round": 3.0}, "datetime": {"datetime": "2024-01-19 01:42:50", "elapsed": 5478.550261, "delta": 0.006194}}
{"target": -13.758526157679228, "params": {"gamma": 704.4155003243109, "log10_alpha": -2.0488741895321287, "log10_colsample_bytree": 0.0, "log10_eta": -4.0, "log10_lambda": 1.0, "log10_min_child_weight": 2.6281612024817926, "log10_subsample": -1.0, "max_depth": 6.0, "num_boost_round": 4.0}, "datetime": {"datetime": "2024-01-19 01:42:50", "elapsed": 5478.55542, "delta": 0.005159}}
{"target": -13.75852320247805, "params": {"gamma": 704.4155003243109, "log10_alpha": -2.0488741895321287, "log10_colsample_bytree": 0.0, "log10_eta": -4.0, "log10_lambda": 1.0, "log10_min_child_weight": 2.6281612024817926, "log10_subsample": -1.0, "max_depth": 6.0, "num_boost_round": 5.0}, "datetime": {"datetime": "2024-01-19 01:42:50", "elapsed": 5478.560819, "delta": 0.005399}}
{"target": -13.758521969532241, "params": {"gamma": 704.4155003243109, "log10_alpha": -2.0488741895321287, "log10_colsample_bytree": 0.0, "log10_eta": -4.0, "log10_lambda": 1.0, "log10_min_child_weight": 2.6281612024817926, "log10_subsample": -1.0, "max_depth": 6.0, "num_boost_round": 6.0}, "datetime": {"datetime": "2024-01-19 01:42:50", "elapsed": 5478.565755, "delta": 0.004936}}
{"target": -13.758520562844755, "params": {"gamma": 704.4155003243109, "log10_alpha": -2.0488741895321287, "log10_colsample_bytree": 0.0, "log10_eta": -4.0, "log10_lambda": 1.0, "log10_min_child_weight": 2.6281612024817926, "log10_subsample": -1.0, "max_depth": 6.0, "num_boost_round": 7.0}, "datetime": {"datetime": "2024-01-19 01:42:50", "elapsed": 5478.570719, "delta": 0.004964}}
{"target": -13.75851962002954, "params": {"gamma": 704.4155003243109, "log10_alpha": -2.0488741895321287, "log10_colsample_bytree": 0.0, "log10_eta": -4.0, "log10_lambda": 1.0, "log10_min_child_weight": 2.6281612024817926, "log10_subsample": -1.0, "max_depth": 6.0, "num_boost_round": 8.0}, "datetime": {"datetime": "2024-01-19 01:42:51", "elapsed": 5478.57551, "delta": 0.004791}}
{"target": -13.758516234531433, "params": {"gamma": 704.4155003243109, "log10_alpha": -2.0488741895321287, "log10_colsample_bytree": 0.0, "log10_eta": -4.0, "log10_lambda": 1.0, "log10_min_child_weight": 2.6281612024817926, "log10_subsample": -1.0, "max_depth": 6.0, "num_boost_round": 9.0}, "datetime": {"datetime": "2024-01-19 01:42:51", "elapsed": 5478.580614, "delta": 0.005104}}
{"target": -13.758513392662564, "params": {"gamma": 704.4155003243109, "log10_alpha": -2.0488741895321287, "log10_colsample_bytree": 0.0, "log10_eta": -4.0, "log10_lambda": 1.0, "log10_min_child_weight": 2.6281612024817926, "log10_subsample": -1.0, "max_depth": 6.0, "num_boost_round": 10.0}, "datetime": {"datetime": "2024-01-19 01:42:51", "elapsed": 5478.58561, "delta": 0.004996}}
{"target": -13.75851238133112, "params": {"gamma": 704.4155003243109, "log10_alpha": -2.0488741895321287, "log10_colsample_bytree": 0.0, "log10_eta": -4.0, "log10_lambda": 1.0, "log10_min_child_weight": 2.6281612024817926, "log10_subsample": -1.0, "max_depth": 6.0, "num_boost_round": 11.0}, "datetime": {"datetime": "2024-01-19 01:42:51", "elapsed": 5478.591294, "delta": 0.005684}}
{"target": -13.758510109902494, "params": {"gamma": 704.4155003243109, "log10_alpha": -2.0488741895321287, "log10_colsample_bytree": 0.0, "log10_eta": -4.0, "log10_lambda": 1.0, "log10_min_child_weight": 2.6281612024817926, "log10_subsample": -1.0, "max_depth": 6.0, "num_boost_round": 12.0}, "datetime": {"datetime": "2024-01-19 01:42:51", "elapsed": 5478.596659, "delta": 0.005365}}
{"target": -13.758509274486848, "params": {"gamma": 704.4155003243109, "log10_alpha": -2.0488741895321287, "log10_colsample_bytree": 0.0, "log10_eta": -4.0, "log10_lambda": 1.0, "log10_min_child_weight": 2.6281612024817926, "log10_subsample": -1.0, "max_depth": 6.0, "num_boost_round": 13.0}, "datetime": {"datetime": "2024-01-19 01:42:51", "elapsed": 5478.602056, "delta": 0.005397}}
{"target": -13.758507889132265, "params": {"gamma": 704.4155003243109, "log10_alpha": -2.0488741895321287, "log10_colsample_bytree": 0.0, "log10_eta": -4.0, "log10_lambda": 1.0, "log10_min_child_weight": 2.6281612024817926, "log10_subsample": -1.0, "max_depth": 6.0, "num_boost_round": 14.0}, "datetime": {"datetime": "2024-01-19 01:42:51", "elapsed": 5478.607293, "delta": 0.005237}}
{"target": -13.758507354505731, "params": {"gamma": 704.4155003243109, "log10_alpha": -2.0488741895321287, "log10_colsample_bytree": 0.0, "log10_eta": -4.0, "log10_lambda": 1.0, "log10_min_child_weight": 2.6281612024817926, "log10_subsample": -1.0, "max_depth": 6.0, "num_boost_round": 15.0}, "datetime": {"datetime": "2024-01-19 01:42:51", "elapsed": 5478.612484, "delta": 0.005191}}
{"target": -13.758506688999447, "params": {"gamma": 704.4155003243109, "log10_alpha": -2.0488741895321287, "log10_colsample_bytree": 0.0, "log10_eta": -4.0, "log10_lambda": 1.0, "log10_min_child_weight": 2.6281612024817926, "log10_subsample": -1.0, "max_depth": 6.0, "num_boost_round": 16.0}, "datetime": {"datetime": "2024-01-19 01:42:51", "elapsed": 5478.617533, "delta": 0.005049}}
{"target": -13.7585035075319, "params": {"gamma": 704.4155003243109, "log10_alpha": -2.0488741895321287, "log10_colsample_bytree": 0.0, "log10_eta": -4.0, "log10_lambda": 1.0, "log10_min_child_weight": 2.6281612024817926, "log10_subsample": -1.0, "max_depth": 6.0, "num_boost_round": 17.0}, "datetime": {"datetime": "2024-01-19 01:42:51", "elapsed": 5478.622688, "delta": 0.005155}}
{"target": -13.75849859463591, "params": {"gamma": 704.4155003243109, "log10_alpha": -2.0488741895321287, "log10_colsample_bytree": 0.0, "log10_eta": -4.0, "log10_lambda": 1.0, "log10_min_child_weight": 2.6281612024817926, "log10_subsample": -1.0, "max_depth": 6.0, "num_boost_round": 18.0}, "datetime": {"datetime": "2024-01-19 01:42:51", "elapsed": 5478.627675, "delta": 0.004987}}
{"target": -13.758496000251569, "params": {"gamma": 704.4155003243109, "log10_alpha": -2.0488741895321287, "log10_colsample_bytree": 0.0, "log10_eta": -4.0, "log10_lambda": 1.0, "log10_min_child_weight": 2.6281612024817926, "log10_subsample": -1.0, "max_depth": 6.0, "num_boost_round": 19.0}, "datetime": {"datetime": "2024-01-19 01:42:51", "elapsed": 5478.6329, "delta": 0.005225}}
{"target": -13.753903660462479, "params": {"gamma": 714.1358436522482, "log10_alpha": 1.0, "log10_colsample_bytree": -1.0, "log10_eta": -0.20218598582811462, "log10_lambda": 1.0, "log10_min_child_weight": 0.0, "log10_subsample": -1.0, "max_depth": 2.0, "num_boost_round": 0.0}, "datetime": {"datetime": "2024-01-19 01:44:09", "elapsed": 5556.892839, "delta": 78.259939}}
{"target": -13.753660178247687, "params": {"gamma": 714.1358436522482, "log10_alpha": 1.0, "log10_colsample_bytree": -1.0, "log10_eta": -0.20218598582811462, "log10_lambda": 1.0, "log10_min_child_weight": 0.0, "log10_subsample": -1.0, "max_depth": 2.0, "num_boost_round": 1.0}, "datetime": {"datetime": "2024-01-19 01:44:09", "elapsed": 5556.899244, "delta": 0.006405}}
{"target": -13.754833336097168, "params": {"gamma": 714.1358436522482, "log10_alpha": 1.0, "log10_colsample_bytree": -1.0, "log10_eta": -0.20218598582811462, "log10_lambda": 1.0, "log10_min_child_weight": 0.0, "log10_subsample": -1.0, "max_depth": 2.0, "num_boost_round": 2.0}, "datetime": {"datetime": "2024-01-19 01:44:09", "elapsed": 5556.904871, "delta": 0.005627}}
{"target": -13.756937266742888, "params": {"gamma": 714.1358436522482, "log10_alpha": 1.0, "log10_colsample_bytree": -1.0, "log10_eta": -0.20218598582811462, "log10_lambda": 1.0, "log10_min_child_weight": 0.0, "log10_subsample": -1.0, "max_depth": 2.0, "num_boost_round": 3.0}, "datetime": {"datetime": "2024-01-19 01:44:09", "elapsed": 5556.910697, "delta": 0.005826}}
{"target": -13.773729913625012, "params": {"gamma": 714.1358436522482, "log10_alpha": 1.0, "log10_colsample_bytree": -1.0, "log10_eta": -0.20218598582811462, "log10_lambda": 1.0, "log10_min_child_weight": 0.0, "log10_subsample": -1.0, "max_depth": 2.0, "num_boost_round": 4.0}, "datetime": {"datetime": "2024-01-19 01:44:09", "elapsed": 5556.916281, "delta": 0.005584}}
{"target": -13.776391969881121, "params": {"gamma": 714.1358436522482, "log10_alpha": 1.0, "log10_colsample_bytree": -1.0, "log10_eta": -0.20218598582811462, "log10_lambda": 1.0, "log10_min_child_weight": 0.0, "log10_subsample": -1.0, "max_depth": 2.0, "num_boost_round": 5.0}, "datetime": {"datetime": "2024-01-19 01:44:09", "elapsed": 5556.921782, "delta": 0.005501}}
{"target": -13.778566169302753, "params": {"gamma": 714.1358436522482, "log10_alpha": 1.0, "log10_colsample_bytree": -1.0, "log10_eta": -0.20218598582811462, "log10_lambda": 1.0, "log10_min_child_weight": 0.0, "log10_subsample": -1.0, "max_depth": 2.0, "num_boost_round": 6.0}, "datetime": {"datetime": "2024-01-19 01:44:09", "elapsed": 5556.927014, "delta": 0.005232}}
{"target": -13.77953292995808, "params": {"gamma": 714.1358436522482, "log10_alpha": 1.0, "log10_colsample_bytree": -1.0, "log10_eta": -0.20218598582811462, "log10_lambda": 1.0, "log10_min_child_weight": 0.0, "log10_subsample": -1.0, "max_depth": 2.0, "num_boost_round": 7.0}, "datetime": {"datetime": "2024-01-19 01:44:09", "elapsed": 5556.93238, "delta": 0.005366}}
{"target": -13.806705496252365, "params": {"gamma": 714.1358436522482, "log10_alpha": 1.0, "log10_colsample_bytree": -1.0, "log10_eta": -0.20218598582811462, "log10_lambda": 1.0, "log10_min_child_weight": 0.0, "log10_subsample": -1.0, "max_depth": 2.0, "num_boost_round": 8.0}, "datetime": {"datetime": "2024-01-19 01:44:09", "elapsed": 5556.93771, "delta": 0.00533}}
{"target": -13.80706594752986, "params": {"gamma": 714.1358436522482, "log10_alpha": 1.0, "log10_colsample_bytree": -1.0, "log10_eta": -0.20218598582811462, "log10_lambda": 1.0, "log10_min_child_weight": 0.0, "log10_subsample": -1.0, "max_depth": 2.0, "num_boost_round": 9.0}, "datetime": {"datetime": "2024-01-19 01:44:09", "elapsed": 5556.943054, "delta": 0.005344}}
{"target": -13.838571761116224, "params": {"gamma": 714.1358436522482, "log10_alpha": 1.0, "log10_colsample_bytree": -1.0, "log10_eta": -0.20218598582811462, "log10_lambda": 1.0, "log10_min_child_weight": 0.0, "log10_subsample": -1.0, "max_depth": 2.0, "num_boost_round": 10.0}, "datetime": {"datetime": "2024-01-19 01:44:09", "elapsed": 5556.94864, "delta": 0.005586}}
{"target": -13.852252006018432, "params": {"gamma": 714.1358436522482, "log10_alpha": 1.0, "log10_colsample_bytree": -1.0, "log10_eta": -0.20218598582811462, "log10_lambda": 1.0, "log10_min_child_weight": 0.0, "log10_subsample": -1.0, "max_depth": 2.0, "num_boost_round": 11.0}, "datetime": {"datetime": "2024-01-19 01:44:09", "elapsed": 5556.953955, "delta": 0.005315}}
{"target": -13.865067760452119, "params": {"gamma": 714.1358436522482, "log10_alpha": 1.0, "log10_colsample_bytree": -1.0, "log10_eta": -0.20218598582811462, "log10_lambda": 1.0, "log10_min_child_weight": 0.0, "log10_subsample": -1.0, "max_depth": 2.0, "num_boost_round": 12.0}, "datetime": {"datetime": "2024-01-19 01:44:09", "elapsed": 5556.959441, "delta": 0.005486}}
{"target": -13.865097677112132, "params": {"gamma": 714.1358436522482, "log10_alpha": 1.0, "log10_colsample_bytree": -1.0, "log10_eta": -0.20218598582811462, "log10_lambda": 1.0, "log10_min_child_weight": 0.0, "log10_subsample": -1.0, "max_depth": 2.0, "num_boost_round": 13.0}, "datetime": {"datetime": "2024-01-19 01:44:09", "elapsed": 5556.964957, "delta": 0.005516}}
{"target": -13.867894464458534, "params": {"gamma": 714.1358436522482, "log10_alpha": 1.0, "log10_colsample_bytree": -1.0, "log10_eta": -0.20218598582811462, "log10_lambda": 1.0, "log10_min_child_weight": 0.0, "log10_subsample": -1.0, "max_depth": 2.0, "num_boost_round": 14.0}, "datetime": {"datetime": "2024-01-19 01:44:09", "elapsed": 5556.970628, "delta": 0.005671}}
{"target": -13.869910555564944, "params": {"gamma": 714.1358436522482, "log10_alpha": 1.0, "log10_colsample_bytree": -1.0, "log10_eta": -0.20218598582811462, "log10_lambda": 1.0, "log10_min_child_weight": 0.0, "log10_subsample": -1.0, "max_depth": 2.0, "num_boost_round": 15.0}, "datetime": {"datetime": "2024-01-19 01:44:09", "elapsed": 5556.976938, "delta": 0.00631}}
{"target": -13.87364340785865, "params": {"gamma": 714.1358436522482, "log10_alpha": 1.0, "log10_colsample_bytree": -1.0, "log10_eta": -0.20218598582811462, "log10_lambda": 1.0, "log10_min_child_weight": 0.0, "log10_subsample": -1.0, "max_depth": 2.0, "num_boost_round": 16.0}, "datetime": {"datetime": "2024-01-19 01:44:09", "elapsed": 5556.983089, "delta": 0.006151}}
{"target": -13.882752083700648, "params": {"gamma": 714.1358436522482, "log10_alpha": 1.0, "log10_colsample_bytree": -1.0, "log10_eta": -0.20218598582811462, "log10_lambda": 1.0, "log10_min_child_weight": 0.0, "log10_subsample": -1.0, "max_depth": 2.0, "num_boost_round": 17.0}, "datetime": {"datetime": "2024-01-19 01:44:09", "elapsed": 5556.988679, "delta": 0.00559}}
{"target": -13.88984960854053, "params": {"gamma": 714.1358436522482, "log10_alpha": 1.0, "log10_colsample_bytree": -1.0, "log10_eta": -0.20218598582811462, "log10_lambda": 1.0, "log10_min_child_weight": 0.0, "log10_subsample": -1.0, "max_depth": 2.0, "num_boost_round": 18.0}, "datetime": {"datetime": "2024-01-19 01:44:09", "elapsed": 5556.994113, "delta": 0.005434}}
{"target": -13.892303307455716, "params": {"gamma": 714.1358436522482, "log10_alpha": 1.0, "log10_colsample_bytree": -1.0, "log10_eta": -0.20218598582811462, "log10_lambda": 1.0, "log10_min_child_weight": 0.0, "log10_subsample": -1.0, "max_depth": 2.0, "num_boost_round": 19.0}, "datetime": {"datetime": "2024-01-19 01:44:09", "elapsed": 5556.999692, "delta": 0.005579}}
{"target": -13.901911246022706, "params": {"gamma": 714.1358436522482, "log10_alpha": 1.0, "log10_colsample_bytree": -1.0, "log10_eta": -0.20218598582811462, "log10_lambda": 1.0, "log10_min_child_weight": 0.0, "log10_subsample": -1.0, "max_depth": 2.0, "num_boost_round": 20.0}, "datetime": {"datetime": "2024-01-19 01:44:09", "elapsed": 5557.005188, "delta": 0.005496}}
{"target": -13.905283482547587, "params": {"gamma": 714.1358436522482, "log10_alpha": 1.0, "log10_colsample_bytree": -1.0, "log10_eta": -0.20218598582811462, "log10_lambda": 1.0, "log10_min_child_weight": 0.0, "log10_subsample": -1.0, "max_depth": 2.0, "num_boost_round": 21.0}, "datetime": {"datetime": "2024-01-19 01:44:09", "elapsed": 5557.01049, "delta": 0.005302}}
{"target": -13.907563541594198, "params": {"gamma": 714.1358436522482, "log10_alpha": 1.0, "log10_colsample_bytree": -1.0, "log10_eta": -0.20218598582811462, "log10_lambda": 1.0, "log10_min_child_weight": 0.0, "log10_subsample": -1.0, "max_depth": 2.0, "num_boost_round": 22.0}, "datetime": {"datetime": "2024-01-19 01:44:09", "elapsed": 5557.015645, "delta": 0.005155}}
{"target": -14.062574102398306, "params": {"gamma": 714.1358436522482, "log10_alpha": 1.0, "log10_colsample_bytree": -1.0, "log10_eta": -0.20218598582811462, "log10_lambda": 1.0, "log10_min_child_weight": 0.0, "log10_subsample": -1.0, "max_depth": 2.0, "num_boost_round": 23.0}, "datetime": {"datetime": "2024-01-19 01:44:09", "elapsed": 5557.020835, "delta": 0.00519}}
{"target": -14.0756775954388, "params": {"gamma": 714.1358436522482, "log10_alpha": 1.0, "log10_colsample_bytree": -1.0, "log10_eta": -0.20218598582811462, "log10_lambda": 1.0, "log10_min_child_weight": 0.0, "log10_subsample": -1.0, "max_depth": 2.0, "num_boost_round": 24.0}, "datetime": {"datetime": "2024-01-19 01:44:09", "elapsed": 5557.026177, "delta": 0.005342}}
{"target": -14.074109610051687, "params": {"gamma": 714.1358436522482, "log10_alpha": 1.0, "log10_colsample_bytree": -1.0, "log10_eta": -0.20218598582811462, "log10_lambda": 1.0, "log10_min_child_weight": 0.0, "log10_subsample": -1.0, "max_depth": 2.0, "num_boost_round": 25.0}, "datetime": {"datetime": "2024-01-19 01:44:09", "elapsed": 5557.031635, "delta": 0.005458}}
{"target": -14.076389157349288, "params": {"gamma": 714.1358436522482, "log10_alpha": 1.0, "log10_colsample_bytree": -1.0, "log10_eta": -0.20218598582811462, "log10_lambda": 1.0, "log10_min_child_weight": 0.0, "log10_subsample": -1.0, "max_depth": 2.0, "num_boost_round": 26.0}, "datetime": {"datetime": "2024-01-19 01:44:09", "elapsed": 5557.036964, "delta": 0.005329}}
{"target": -14.074914808575441, "params": {"gamma": 714.1358436522482, "log10_alpha": 1.0, "log10_colsample_bytree": -1.0, "log10_eta": -0.20218598582811462, "log10_lambda": 1.0, "log10_min_child_weight": 0.0, "log10_subsample": -1.0, "max_depth": 2.0, "num_boost_round": 27.0}, "datetime": {"datetime": "2024-01-19 01:44:09", "elapsed": 5557.04255, "delta": 0.005586}}
{"target": -14.073249525833486, "params": {"gamma": 714.1358436522482, "log10_alpha": 1.0, "log10_colsample_bytree": -1.0, "log10_eta": -0.20218598582811462, "log10_lambda": 1.0, "log10_min_child_weight": 0.0, "log10_subsample": -1.0, "max_depth": 2.0, "num_boost_round": 28.0}, "datetime": {"datetime": "2024-01-19 01:44:09", "elapsed": 5557.047906, "delta": 0.005356}}
{"target": -14.075401872632193, "params": {"gamma": 714.1358436522482, "log10_alpha": 1.0, "log10_colsample_bytree": -1.0, "log10_eta": -0.20218598582811462, "log10_lambda": 1.0, "log10_min_child_weight": 0.0, "log10_subsample": -1.0, "max_depth": 2.0, "num_boost_round": 29.0}, "datetime": {"datetime": "2024-01-19 01:44:09", "elapsed": 5557.053183, "delta": 0.005277}}
{"target": -14.078178229323994, "params": {"gamma": 714.1358436522482, "log10_alpha": 1.0, "log10_colsample_bytree": -1.0, "log10_eta": -0.20218598582811462, "log10_lambda": 1.0, "log10_min_child_weight": 0.0, "log10_subsample": -1.0, "max_depth": 2.0, "num_boost_round": 30.0}, "datetime": {"datetime": "2024-01-19 01:44:09", "elapsed": 5557.05856, "delta": 0.005377}}
