{"target": -13.758327383690682, "params": {"gamma": 842.5442235848642, "log10_alpha": -4.23610663274811, "log10_colsample_bytree": -0.1503999730100919, "log10_eta": -2.332908423767403, "log10_lambda": -4.118451235155046, "log10_min_child_weight": 4.746293326261916, "log10_subsample": -0.301813896466001, "max_depth": 9.0, "num_boost_round": 14.0}, "datetime": {"datetime": "2024-01-19 00:58:29", "elapsed": 2829.214008, "delta": 0.002888}}
{"target": -13.758327392605684, "params": {"gamma": 842.5442235848642, "log10_alpha": -4.23610663274811, "log10_colsample_bytree": -0.1503999730100919, "log10_eta": -2.332908423767403, "log10_lambda": -4.118451235155046, "log10_min_child_weight": 4.746293326261916, "log10_subsample": -0.301813896466001, "max_depth": 9.0, "num_boost_round": 15.0}, "datetime": {"datetime": "2024-01-19 00:58:29", "elapsed": 2829.216753, "delta": 0.002745}}
{"target": -13.758321609699935, "params": {"gamma": 842.5442235848642, "log10_alpha": -4.23610663274811, "log10_colsample_bytree": -0.1503999730100919, "log10_eta": -2.332908423767403, "log10_lambda": -4.118451235155046, "log10_min_child_weight": 4.746293326261916, "log10_subsample": -0.301813896466001, "max_depth": 9.0, "num_boost_round": 16.0}, "datetime": {"datetime": "2024-01-19 00:58:29", "elapsed": 2829.219523, "delta": 0.00277}}
{"target": -13.758337437868233, "params": {"gamma": 842.5442235848642, "log10_alpha": -4.23610663274811, "log10_colsample_bytree": -0.1503999730100919, "log10_eta": -2.332908423767403, "log10_lambda": -4.118451235155046, "log10_min_child_weight": 4.746293326261916, "log10_subsample": -0.301813896466001, "max_depth": 9.0, "num_boost_round": 17.0}, "datetime": {"datetime": "2024-01-19 00:58:29", "elapsed": 2829.222394, "delta": 0.002871}}
{"target": -13.758308853747815, "params": {"gamma": 842.5442235848642, "log10_alpha": -4.23610663274811, "log10_colsample_bytree": -0.1503999730100919, "log10_eta": -2.332908423767403, "log10_lambda": -4.118451235155046, "log10_min_child_weight": 4.746293326261916, "log10_subsample": -0.301813896466001, "max_depth": 9.0, "num_boost_round": 18.0}, "datetime": {"datetime": "2024-01-19 00:58:29", "elapsed": 2829.225184, "delta": 0.00279}}
{"target": -13.758329663752079, "params": {"gamma": 842.5442235848642, "log10_alpha": -4.23610663274811, "log10_colsample_bytree": -0.1503999730100919, "log10_eta": -2.332908423767403, "log10_lambda": -4.118451235155046, "log10_min_child_weight": 4.746293326261916, "log10_subsample": -0.301813896466001, "max_depth": 9.0, "num_boost_round": 19.0}, "datetime": {"datetime": "2024-01-19 00:58:29", "elapsed": 2829.228054, "delta": 0.00287}}
{"target": -13.758347885700179, "params": {"gamma": 842.5442235848642, "log10_alpha": -4.23610663274811, "log10_colsample_bytree": -0.1503999730100919, "log10_eta": -2.332908423767403, "log10_lambda": -4.118451235155046, "log10_min_child_weight": 4.746293326261916, "log10_subsample": -0.301813896466001, "max_depth": 9.0, "num_boost_round": 20.0}, "datetime": {"datetime": "2024-01-19 00:58:29", "elapsed": 2829.230718, "delta": 0.002664}}
{"target": -13.758345302085484, "params": {"gamma": 842.5442235848642, "log10_alpha": -4.23610663274811, "log10_colsample_bytree": -0.1503999730100919, "log10_eta": -2.332908423767403, "log10_lambda": -4.118451235155046, "log10_min_child_weight": 4.746293326261916, "log10_subsample": -0.301813896466001, "max_depth": 9.0, "num_boost_round": 21.0}, "datetime": {"datetime": "2024-01-19 00:58:29", "elapsed": 2829.233541, "delta": 0.002823}}
{"target": -13.758345331344595, "params": {"gamma": 842.5442235848642, "log10_alpha": -4.23610663274811, "log10_colsample_bytree": -0.1503999730100919, "log10_eta": -2.332908423767403, "log10_lambda": -4.118451235155046, "log10_min_child_weight": 4.746293326261916, "log10_subsample": -0.301813896466001, "max_depth": 9.0, "num_boost_round": 22.0}, "datetime": {"datetime": "2024-01-19 00:58:29", "elapsed": 2829.236238, "delta": 0.002697}}
{"target": -13.758328003685257, "params": {"gamma": 842.5442235848642, "log10_alpha": -4.23610663274811, "log10_colsample_bytree": -0.1503999730100919, "log10_eta": -2.332908423767403, "log10_lambda": -4.118451235155046, "log10_min_child_weight": 4.746293326261916, "log10_subsample": -0.301813896466001, "max_depth": 9.0, "num_boost_round": 23.0}, "datetime": {"datetime": "2024-01-19 00:58:29", "elapsed": 2829.239058, "delta": 0.00282}}
{"target": -13.758349129138628, "params": {"gamma": 842.5442235848642, "log10_alpha": -4.23610663274811, "log10_colsample_bytree": -0.1503999730100919, "log10_eta": -2.332908423767403, "log10_lambda": -4.118451235155046, "log10_min_child_weight": 4.746293326261916, "log10_subsample": -0.301813896466001, "max_depth": 9.0, "num_boost_round": 24.0}, "datetime": {"datetime": "2024-01-19 00:58:29", "elapsed": 2829.241932, "delta": 0.002874}}
{"target": -13.75853728378488, "params": {"gamma": 839.933319533748, "log10_alpha": -1.8469138995781131, "log10_colsample_bytree": -0.6966942888084361, "log10_eta": -3.4364580749726468, "log10_lambda": -4.145135567668114, "log10_min_child_weight": 1.7681736660048837, "log10_subsample": -0.9992129687415255, "max_depth": 9.0, "num_boost_round": 0.0}, "datetime": {"datetime": "2024-01-19 00:58:55", "elapsed": 2855.918816, "delta": 26.676884}}
{"target": -13.758540647715297, "params": {"gamma": 839.933319533748, "log10_alpha": -1.8469138995781131, "log10_colsample_bytree": -0.6966942888084361, "log10_eta": -3.4364580749726468, "log10_lambda": -4.145135567668114, "log10_min_child_weight": 1.7681736660048837, "log10_subsample": -0.9992129687415255, "max_depth": 9.0, "num_boost_round": 1.0}, "datetime": {"datetime": "2024-01-19 00:58:55", "elapsed": 2855.922407, "delta": 0.003591}}
{"target": -13.758520771771382, "params": {"gamma": 839.933319533748, "log10_alpha": -1.8469138995781131, "log10_colsample_bytree": -0.6966942888084361, "log10_eta": -3.4364580749726468, "log10_lambda": -4.145135567668114, "log10_min_child_weight": 1.7681736660048837, "log10_subsample": -0.9992129687415255, "max_depth": 9.0, "num_boost_round": 2.0}, "datetime": {"datetime": "2024-01-19 00:58:55", "elapsed": 2855.925736, "delta": 0.003329}}
{"target": -13.75851232129782, "params": {"gamma": 839.933319533748, "log10_alpha": -1.8469138995781131, "log10_colsample_bytree": -0.6966942888084361, "log10_eta": -3.4364580749726468, "log10_lambda": -4.145135567668114, "log10_min_child_weight": 1.7681736660048837, "log10_subsample": -0.9992129687415255, "max_depth": 9.0, "num_boost_round": 3.0}, "datetime": {"datetime": "2024-01-19 00:58:55", "elapsed": 2855.928527, "delta": 0.002791}}
{"target": -13.75850581984476, "params": {"gamma": 839.933319533748, "log10_alpha": -1.8469138995781131, "log10_colsample_bytree": -0.6966942888084361, "log10_eta": -3.4364580749726468, "log10_lambda": -4.145135567668114, "log10_min_child_weight": 1.7681736660048837, "log10_subsample": -0.9992129687415255, "max_depth": 9.0, "num_boost_round": 4.0}, "datetime": {"datetime": "2024-01-19 00:58:55", "elapsed": 2855.931361, "delta": 0.002834}}
{"target": -13.758495964186228, "params": {"gamma": 839.933319533748, "log10_alpha": -1.8469138995781131, "log10_colsample_bytree": -0.6966942888084361, "log10_eta": -3.4364580749726468, "log10_lambda": -4.145135567668114, "log10_min_child_weight": 1.7681736660048837, "log10_subsample": -0.9992129687415255, "max_depth": 9.0, "num_boost_round": 5.0}, "datetime": {"datetime": "2024-01-19 00:58:55", "elapsed": 2855.934204, "delta": 0.002843}}
{"target": -13.758485862231929, "params": {"gamma": 839.933319533748, "log10_alpha": -1.8469138995781131, "log10_colsample_bytree": -0.6966942888084361, "log10_eta": -3.4364580749726468, "log10_lambda": -4.145135567668114, "log10_min_child_weight": 1.7681736660048837, "log10_subsample": -0.9992129687415255, "max_depth": 9.0, "num_boost_round": 6.0}, "datetime": {"datetime": "2024-01-19 00:58:55", "elapsed": 2855.936931, "delta": 0.002727}}
{"target": -13.758470702790248, "params": {"gamma": 839.933319533748, "log10_alpha": -1.8469138995781131, "log10_colsample_bytree": -0.6966942888084361, "log10_eta": -3.4364580749726468, "log10_lambda": -4.145135567668114, "log10_min_child_weight": 1.7681736660048837, "log10_subsample": -0.9992129687415255, "max_depth": 9.0, "num_boost_round": 7.0}, "datetime": {"datetime": "2024-01-19 00:58:55", "elapsed": 2855.939711, "delta": 0.00278}}
{"target": -13.75845941613959, "params": {"gamma": 839.933319533748, "log10_alpha": -1.8469138995781131, "log10_colsample_bytree": -0.6966942888084361, "log10_eta": -3.4364580749726468, "log10_lambda": -4.145135567668114, "log10_min_child_weight": 1.7681736660048837, "log10_subsample": -0.9992129687415255, "max_depth": 9.0, "num_boost_round": 8.0}, "datetime": {"datetime": "2024-01-19 00:58:55", "elapsed": 2855.942574, "delta": 0.002863}}
{"target": -13.758448020281266, "params": {"gamma": 839.933319533748, "log10_alpha": -1.8469138995781131, "log10_colsample_bytree": -0.6966942888084361, "log10_eta": -3.4364580749726468, "log10_lambda": -4.145135567668114, "log10_min_child_weight": 1.7681736660048837, "log10_subsample": -0.9992129687415255, "max_depth": 9.0, "num_boost_round": 9.0}, "datetime": {"datetime": "2024-01-19 00:58:55", "elapsed": 2855.945337, "delta": 0.002763}}
{"target": -13.758432365591455, "params": {"gamma": 839.933319533748, "log10_alpha": -1.8469138995781131, "log10_colsample_bytree": -0.6966942888084361, "log10_eta": -3.4364580749726468, "log10_lambda": -4.145135567668114, "log10_min_child_weight": 1.7681736660048837, "log10_subsample": -0.9992129687415255, "max_depth": 9.0, "num_boost_round": 10.0}, "datetime": {"datetime": "2024-01-19 00:58:55", "elapsed": 2855.948155, "delta": 0.002818}}
{"target": -13.758423955458795, "params": {"gamma": 839.933319533748, "log10_alpha": -1.8469138995781131, "log10_colsample_bytree": -0.6966942888084361, "log10_eta": -3.4364580749726468, "log10_lambda": -4.145135567668114, "log10_min_child_weight": 1.7681736660048837, "log10_subsample": -0.9992129687415255, "max_depth": 9.0, "num_boost_round": 11.0}, "datetime": {"datetime": "2024-01-19 00:58:55", "elapsed": 2855.950922, "delta": 0.002767}}
{"target": -13.758538455723684, "params": {"gamma": 837.7934132765827, "log10_alpha": -4.926561016262091, "log10_colsample_bytree": -0.5595621774893923, "log10_eta": -2.5019598610227396, "log10_lambda": -4.8391699382672435, "log10_min_child_weight": 2.4555128193936766, "log10_subsample": -0.08738920531247707, "max_depth": 7.0, "num_boost_round": 0.0}, "datetime": {"datetime": "2024-01-19 00:59:30", "elapsed": 2890.064638, "delta": 34.113716}}
{"target": -13.758378383555048, "params": {"gamma": 837.7934132765827, "log10_alpha": -4.926561016262091, "log10_colsample_bytree": -0.5595621774893923, "log10_eta": -2.5019598610227396, "log10_lambda": -4.8391699382672435, "log10_min_child_weight": 2.4555128193936766, "log10_subsample": -0.08738920531247707, "max_depth": 7.0, "num_boost_round": 1.0}, "datetime": {"datetime": "2024-01-19 00:59:30", "elapsed": 2890.068262, "delta": 0.003624}}
{"target": -13.758184617478507, "params": {"gamma": 837.7934132765827, "log10_alpha": -4.926561016262091, "log10_colsample_bytree": -0.5595621774893923, "log10_eta": -2.5019598610227396, "log10_lambda": -4.8391699382672435, "log10_min_child_weight": 2.4555128193936766, "log10_subsample": -0.08738920531247707, "max_depth": 7.0, "num_boost_round": 2.0}, "datetime": {"datetime": "2024-01-19 00:59:30", "elapsed": 2890.071184, "delta": 0.002922}}
{"target": -13.758098815791033, "params": {"gamma": 837.7934132765827, "log10_alpha": -4.926561016262091, "log10_colsample_bytree": -0.5595621774893923, "log10_eta": -2.5019598610227396, "log10_lambda": -4.8391699382672435, "log10_min_child_weight": 2.4555128193936766, "log10_subsample": -0.08738920531247707, "max_depth": 7.0, "num_boost_round": 3.0}, "datetime": {"datetime": "2024-01-19 00:59:30", "elapsed": 2890.074334, "delta": 0.00315}}
{"target": -13.757906087892932, "params": {"gamma": 837.7934132765827, "log10_alpha": -4.926561016262091, "log10_colsample_bytree": -0.5595621774893923, "log10_eta": -2.5019598610227396, "log10_lambda": -4.8391699382672435, "log10_min_child_weight": 2.4555128193936766, "log10_subsample": -0.08738920531247707, "max_depth": 7.0, "num_boost_round": 4.0}, "datetime": {"datetime": "2024-01-19 00:59:30", "elapsed": 2890.077342, "delta": 0.003008}}
{"target": -13.757761301440679, "params": {"gamma": 837.7934132765827, "log10_alpha": -4.926561016262091, "log10_colsample_bytree": -0.5595621774893923, "log10_eta": -2.5019598610227396, "log10_lambda": -4.8391699382672435, "log10_min_child_weight": 2.4555128193936766, "log10_subsample": -0.08738920531247707, "max_depth": 7.0, "num_boost_round": 5.0}, "datetime": {"datetime": "2024-01-19 00:59:30", "elapsed": 2890.08018, "delta": 0.002838}}
{"target": -13.75773579069383, "params": {"gamma": 837.7934132765827, "log10_alpha": -4.926561016262091, "log10_colsample_bytree": -0.5595621774893923, "log10_eta": -2.5019598610227396, "log10_lambda": -4.8391699382672435, "log10_min_child_weight": 2.4555128193936766, "log10_subsample": -0.08738920531247707, "max_depth": 7.0, "num_boost_round": 6.0}, "datetime": {"datetime": "2024-01-19 00:59:30", "elapsed": 2890.083203, "delta": 0.003023}}
{"target": -13.75763374709397, "params": {"gamma": 837.7934132765827, "log10_alpha": -4.926561016262091, "log10_colsample_bytree": -0.5595621774893923, "log10_eta": -2.5019598610227396, "log10_lambda": -4.8391699382672435, "log10_min_child_weight": 2.4555128193936766, "log10_subsample": -0.08738920531247707, "max_depth": 7.0, "num_boost_round": 7.0}, "datetime": {"datetime": "2024-01-19 00:59:30", "elapsed": 2890.086046, "delta": 0.002843}}
{"target": -13.757515414065145, "params": {"gamma": 837.7934132765827, "log10_alpha": -4.926561016262091, "log10_colsample_bytree": -0.5595621774893923, "log10_eta": -2.5019598610227396, "log10_lambda": -4.8391699382672435, "log10_min_child_weight": 2.4555128193936766, "log10_subsample": -0.08738920531247707, "max_depth": 7.0, "num_boost_round": 8.0}, "datetime": {"datetime": "2024-01-19 00:59:30", "elapsed": 2890.08893, "delta": 0.002884}}
{"target": -13.757404608864379, "params": {"gamma": 837.7934132765827, "log10_alpha": -4.926561016262091, "log10_colsample_bytree": -0.5595621774893923, "log10_eta": -2.5019598610227396, "log10_lambda": -4.8391699382672435, "log10_min_child_weight": 2.4555128193936766, "log10_subsample": -0.08738920531247707, "max_depth": 7.0, "num_boost_round": 9.0}, "datetime": {"datetime": "2024-01-19 00:59:30", "elapsed": 2890.09174, "delta": 0.00281}}
{"target": -13.757396053788073, "params": {"gamma": 837.7934132765827, "log10_alpha": -4.926561016262091, "log10_colsample_bytree": -0.5595621774893923, "log10_eta": -2.5019598610227396, "log10_lambda": -4.8391699382672435, "log10_min_child_weight": 2.4555128193936766, "log10_subsample": -0.08738920531247707, "max_depth": 7.0, "num_boost_round": 10.0}, "datetime": {"datetime": "2024-01-19 00:59:30", "elapsed": 2890.094551, "delta": 0.002811}}
{"target": -13.757340415732578, "params": {"gamma": 837.7934132765827, "log10_alpha": -4.926561016262091, "log10_colsample_bytree": -0.5595621774893923, "log10_eta": -2.5019598610227396, "log10_lambda": -4.8391699382672435, "log10_min_child_weight": 2.4555128193936766, "log10_subsample": -0.08738920531247707, "max_depth": 7.0, "num_boost_round": 11.0}, "datetime": {"datetime": "2024-01-19 00:59:30", "elapsed": 2890.097374, "delta": 0.002823}}
{"target": -13.757215982769347, "params": {"gamma": 837.7934132765827, "log10_alpha": -4.926561016262091, "log10_colsample_bytree": -0.5595621774893923, "log10_eta": -2.5019598610227396, "log10_lambda": -4.8391699382672435, "log10_min_child_weight": 2.4555128193936766, "log10_subsample": -0.08738920531247707, "max_depth": 7.0, "num_boost_round": 12.0}, "datetime": {"datetime": "2024-01-19 00:59:30", "elapsed": 2890.100186, "delta": 0.002812}}
{"target": -13.757174753531729, "params": {"gamma": 837.7934132765827, "log10_alpha": -4.926561016262091, "log10_colsample_bytree": -0.5595621774893923, "log10_eta": -2.5019598610227396, "log10_lambda": -4.8391699382672435, "log10_min_child_weight": 2.4555128193936766, "log10_subsample": -0.08738920531247707, "max_depth": 7.0, "num_boost_round": 13.0}, "datetime": {"datetime": "2024-01-19 00:59:30", "elapsed": 2890.10307, "delta": 0.002884}}
{"target": -13.757191345285367, "params": {"gamma": 837.7934132765827, "log10_alpha": -4.926561016262091, "log10_colsample_bytree": -0.5595621774893923, "log10_eta": -2.5019598610227396, "log10_lambda": -4.8391699382672435, "log10_min_child_weight": 2.4555128193936766, "log10_subsample": -0.08738920531247707, "max_depth": 7.0, "num_boost_round": 14.0}, "datetime": {"datetime": "2024-01-19 00:59:30", "elapsed": 2890.10591, "delta": 0.00284}}
{"target": -13.757065334399313, "params": {"gamma": 837.7934132765827, "log10_alpha": -4.926561016262091, "log10_colsample_bytree": -0.5595621774893923, "log10_eta": -2.5019598610227396, "log10_lambda": -4.8391699382672435, "log10_min_child_weight": 2.4555128193936766, "log10_subsample": -0.08738920531247707, "max_depth": 7.0, "num_boost_round": 15.0}, "datetime": {"datetime": "2024-01-19 00:59:30", "elapsed": 2890.108718, "delta": 0.002808}}
{"target": -13.757127665056068, "params": {"gamma": 837.7934132765827, "log10_alpha": -4.926561016262091, "log10_colsample_bytree": -0.5595621774893923, "log10_eta": -2.5019598610227396, "log10_lambda": -4.8391699382672435, "log10_min_child_weight": 2.4555128193936766, "log10_subsample": -0.08738920531247707, "max_depth": 7.0, "num_boost_round": 16.0}, "datetime": {"datetime": "2024-01-19 00:59:30", "elapsed": 2890.111481, "delta": 0.002763}}
{"target": -13.75716140568957, "params": {"gamma": 837.7934132765827, "log10_alpha": -4.926561016262091, "log10_colsample_bytree": -0.5595621774893923, "log10_eta": -2.5019598610227396, "log10_lambda": -4.8391699382672435, "log10_min_child_weight": 2.4555128193936766, "log10_subsample": -0.08738920531247707, "max_depth": 7.0, "num_boost_round": 17.0}, "datetime": {"datetime": "2024-01-19 00:59:30", "elapsed": 2890.114306, "delta": 0.002825}}
{"target": -13.757239647142434, "params": {"gamma": 837.7934132765827, "log10_alpha": -4.926561016262091, "log10_colsample_bytree": -0.5595621774893923, "log10_eta": -2.5019598610227396, "log10_lambda": -4.8391699382672435, "log10_min_child_weight": 2.4555128193936766, "log10_subsample": -0.08738920531247707, "max_depth": 7.0, "num_boost_round": 18.0}, "datetime": {"datetime": "2024-01-19 00:59:30", "elapsed": 2890.21867, "delta": 0.104364}}
{"target": -13.757081503917183, "params": {"gamma": 837.7934132765827, "log10_alpha": -4.926561016262091, "log10_colsample_bytree": -0.5595621774893923, "log10_eta": -2.5019598610227396, "log10_lambda": -4.8391699382672435, "log10_min_child_weight": 2.4555128193936766, "log10_subsample": -0.08738920531247707, "max_depth": 7.0, "num_boost_round": 19.0}, "datetime": {"datetime": "2024-01-19 00:59:30", "elapsed": 2890.221897, "delta": 0.003227}}
{"target": -13.756938606152291, "params": {"gamma": 837.7934132765827, "log10_alpha": -4.926561016262091, "log10_colsample_bytree": -0.5595621774893923, "log10_eta": -2.5019598610227396, "log10_lambda": -4.8391699382672435, "log10_min_child_weight": 2.4555128193936766, "log10_subsample": -0.08738920531247707, "max_depth": 7.0, "num_boost_round": 20.0}, "datetime": {"datetime": "2024-01-19 00:59:30", "elapsed": 2890.225084, "delta": 0.003187}}
{"target": -13.758538370135376, "params": {"gamma": 861.595248675265, "log10_alpha": -3.7494885066550654, "log10_colsample_bytree": -0.07474053374777245, "log10_eta": -3.663861977668631, "log10_lambda": 0.49590834687790597, "log10_min_child_weight": 0.8324682839712738, "log10_subsample": -0.4279081542729454, "max_depth": 7.0, "num_boost_round": 0.0}, "datetime": {"datetime": "2024-01-19 01:00:01", "elapsed": 2921.534257, "delta": 31.309173}}
{"target": -13.758543483049046, "params": {"gamma": 861.595248675265, "log10_alpha": -3.7494885066550654, "log10_colsample_bytree": -0.07474053374777245, "log10_eta": -3.663861977668631, "log10_lambda": 0.49590834687790597, "log10_min_child_weight": 0.8324682839712738, "log10_subsample": -0.4279081542729454, "max_depth": 7.0, "num_boost_round": 1.0}, "datetime": {"datetime": "2024-01-19 01:00:01", "elapsed": 2921.537899, "delta": 0.003642}}
{"target": -13.758542689972126, "params": {"gamma": 861.595248675265, "log10_alpha": -3.7494885066550654, "log10_colsample_bytree": -0.07474053374777245, "log10_eta": -3.663861977668631, "log10_lambda": 0.49590834687790597, "log10_min_child_weight": 0.8324682839712738, "log10_subsample": -0.4279081542729454, "max_depth": 7.0, "num_boost_round": 2.0}, "datetime": {"datetime": "2024-01-19 01:00:01", "elapsed": 2921.54103, "delta": 0.003131}}
{"target": -13.758542518652366, "params": {"gamma": 861.595248675265, "log10_alpha": -3.7494885066550654, "log10_colsample_bytree": -0.07474053374777245, "log10_eta": -3.663861977668631, "log10_lambda": 0.49590834687790597, "log10_min_child_weight": 0.8324682839712738, "log10_subsample": -0.4279081542729454, "max_depth": 7.0, "num_boost_round": 3.0}, "datetime": {"datetime": "2024-01-19 01:00:01", "elapsed": 2921.544003, "delta": 0.002973}}
{"target": -13.758536279177601, "params": {"gamma": 861.595248675265, "log10_alpha": -3.7494885066550654, "log10_colsample_bytree": -0.07474053374777245, "log10_eta": -3.663861977668631, "log10_lambda": 0.49590834687790597, "log10_min_child_weight": 0.8324682839712738, "log10_subsample": -0.4279081542729454, "max_depth": 7.0, "num_boost_round": 4.0}, "datetime": {"datetime": "2024-01-19 01:00:01", "elapsed": 2921.5469, "delta": 0.002897}}
