{"target": -13.75849865995209, "params": {"gamma": 429.8914675786244, "log10_alpha": -0.03317557419694772, "log10_colsample_bytree": -0.0464500368535149, "log10_eta": -3.1470059588057873, "log10_lambda": 0.5619241637053056, "log10_min_child_weight": 0.45658544907044296, "log10_subsample": -0.053077949700730875, "max_depth": 3.0, "num_boost_round": 7.0}, "datetime": {"datetime": "2024-01-19 00:27:51", "elapsed": 974.704153, "delta": 0.001997}}
{"target": -13.758495958578628, "params": {"gamma": 429.8914675786244, "log10_alpha": -0.03317557419694772, "log10_colsample_bytree": -0.0464500368535149, "log10_eta": -3.1470059588057873, "log10_lambda": 0.5619241637053056, "log10_min_child_weight": 0.45658544907044296, "log10_subsample": -0.053077949700730875, "max_depth": 3.0, "num_boost_round": 8.0}, "datetime": {"datetime": "2024-01-19 00:27:51", "elapsed": 974.706148, "delta": 0.001995}}
{"target": -13.75849302306319, "params": {"gamma": 429.8914675786244, "log10_alpha": -0.03317557419694772, "log10_colsample_bytree": -0.0464500368535149, "log10_eta": -3.1470059588057873, "log10_lambda": 0.5619241637053056, "log10_min_child_weight": 0.45658544907044296, "log10_subsample": -0.053077949700730875, "max_depth": 3.0, "num_boost_round": 9.0}, "datetime": {"datetime": "2024-01-19 00:27:51", "elapsed": 974.708298, "delta": 0.00215}}
{"target": -13.758490373594991, "params": {"gamma": 429.8914675786244, "log10_alpha": -0.03317557419694772, "log10_colsample_bytree": -0.0464500368535149, "log10_eta": -3.1470059588057873, "log10_lambda": 0.5619241637053056, "log10_min_child_weight": 0.45658544907044296, "log10_subsample": -0.053077949700730875, "max_depth": 3.0, "num_boost_round": 10.0}, "datetime": {"datetime": "2024-01-19 00:27:51", "elapsed": 974.710301, "delta": 0.002003}}
{"target": -13.758488037163751, "params": {"gamma": 429.8914675786244, "log10_alpha": -0.03317557419694772, "log10_colsample_bytree": -0.0464500368535149, "log10_eta": -3.1470059588057873, "log10_lambda": 0.5619241637053056, "log10_min_child_weight": 0.45658544907044296, "log10_subsample": -0.053077949700730875, "max_depth": 3.0, "num_boost_round": 11.0}, "datetime": {"datetime": "2024-01-19 00:27:51", "elapsed": 974.712292, "delta": 0.001991}}
{"target": -13.758485432566227, "params": {"gamma": 429.8914675786244, "log10_alpha": -0.03317557419694772, "log10_colsample_bytree": -0.0464500368535149, "log10_eta": -3.1470059588057873, "log10_lambda": 0.5619241637053056, "log10_min_child_weight": 0.45658544907044296, "log10_subsample": -0.053077949700730875, "max_depth": 3.0, "num_boost_round": 12.0}, "datetime": {"datetime": "2024-01-19 00:27:51", "elapsed": 974.714276, "delta": 0.001984}}
{"target": -13.758483185467464, "params": {"gamma": 429.8914675786244, "log10_alpha": -0.03317557419694772, "log10_colsample_bytree": -0.0464500368535149, "log10_eta": -3.1470059588057873, "log10_lambda": 0.5619241637053056, "log10_min_child_weight": 0.45658544907044296, "log10_subsample": -0.053077949700730875, "max_depth": 3.0, "num_boost_round": 13.0}, "datetime": {"datetime": "2024-01-19 00:27:51", "elapsed": 974.716262, "delta": 0.001986}}
{"target": -13.758480939507459, "params": {"gamma": 429.8914675786244, "log10_alpha": -0.03317557419694772, "log10_colsample_bytree": -0.0464500368535149, "log10_eta": -3.1470059588057873, "log10_lambda": 0.5619241637053056, "log10_min_child_weight": 0.45658544907044296, "log10_subsample": -0.053077949700730875, "max_depth": 3.0, "num_boost_round": 14.0}, "datetime": {"datetime": "2024-01-19 00:27:51", "elapsed": 974.718244, "delta": 0.001982}}
{"target": -13.75853739435745, "params": {"gamma": 427.16641608621643, "log10_alpha": 0.7776460128818226, "log10_colsample_bytree": -0.6569325262854939, "log10_eta": -3.5854017609640114, "log10_lambda": -0.36221160530410934, "log10_min_child_weight": 2.1633707834451683, "log10_subsample": -0.13287335647148635, "max_depth": 5.0, "num_boost_round": 0.0}, "datetime": {"datetime": "2024-01-19 00:28:23", "elapsed": 1006.330191, "delta": 31.611947}}
{"target": -13.758525591498639, "params": {"gamma": 427.16641608621643, "log10_alpha": 0.7776460128818226, "log10_colsample_bytree": -0.6569325262854939, "log10_eta": -3.5854017609640114, "log10_lambda": -0.36221160530410934, "log10_min_child_weight": 2.1633707834451683, "log10_subsample": -0.13287335647148635, "max_depth": 5.0, "num_boost_round": 1.0}, "datetime": {"datetime": "2024-01-19 00:28:23", "elapsed": 1006.332773, "delta": 0.002582}}
{"target": -13.758516344084757, "params": {"gamma": 427.16641608621643, "log10_alpha": 0.7776460128818226, "log10_colsample_bytree": -0.6569325262854939, "log10_eta": -3.5854017609640114, "log10_lambda": -0.36221160530410934, "log10_min_child_weight": 2.1633707834451683, "log10_subsample": -0.13287335647148635, "max_depth": 5.0, "num_boost_round": 2.0}, "datetime": {"datetime": "2024-01-19 00:28:23", "elapsed": 1006.334943, "delta": 0.00217}}
{"target": -13.758507894335036, "params": {"gamma": 427.16641608621643, "log10_alpha": 0.7776460128818226, "log10_colsample_bytree": -0.6569325262854939, "log10_eta": -3.5854017609640114, "log10_lambda": -0.36221160530410934, "log10_min_child_weight": 2.1633707834451683, "log10_subsample": -0.13287335647148635, "max_depth": 5.0, "num_boost_round": 3.0}, "datetime": {"datetime": "2024-01-19 00:28:23", "elapsed": 1006.337216, "delta": 0.002273}}
{"target": -13.758501540449611, "params": {"gamma": 427.16641608621643, "log10_alpha": 0.7776460128818226, "log10_colsample_bytree": -0.6569325262854939, "log10_eta": -3.5854017609640114, "log10_lambda": -0.36221160530410934, "log10_min_child_weight": 2.1633707834451683, "log10_subsample": -0.13287335647148635, "max_depth": 5.0, "num_boost_round": 4.0}, "datetime": {"datetime": "2024-01-19 00:28:23", "elapsed": 1006.33926, "delta": 0.002044}}
{"target": -13.758491974731575, "params": {"gamma": 427.16641608621643, "log10_alpha": 0.7776460128818226, "log10_colsample_bytree": -0.6569325262854939, "log10_eta": -3.5854017609640114, "log10_lambda": -0.36221160530410934, "log10_min_child_weight": 2.1633707834451683, "log10_subsample": -0.13287335647148635, "max_depth": 5.0, "num_boost_round": 5.0}, "datetime": {"datetime": "2024-01-19 00:28:23", "elapsed": 1006.341282, "delta": 0.002022}}
{"target": -13.758481155678862, "params": {"gamma": 427.16641608621643, "log10_alpha": 0.7776460128818226, "log10_colsample_bytree": -0.6569325262854939, "log10_eta": -3.5854017609640114, "log10_lambda": -0.36221160530410934, "log10_min_child_weight": 2.1633707834451683, "log10_subsample": -0.13287335647148635, "max_depth": 5.0, "num_boost_round": 6.0}, "datetime": {"datetime": "2024-01-19 00:28:23", "elapsed": 1006.343294, "delta": 0.002012}}
{"target": -13.758477829134694, "params": {"gamma": 427.16641608621643, "log10_alpha": 0.7776460128818226, "log10_colsample_bytree": -0.6569325262854939, "log10_eta": -3.5854017609640114, "log10_lambda": -0.36221160530410934, "log10_min_child_weight": 2.1633707834451683, "log10_subsample": -0.13287335647148635, "max_depth": 5.0, "num_boost_round": 7.0}, "datetime": {"datetime": "2024-01-19 00:28:23", "elapsed": 1006.345307, "delta": 0.002013}}
{"target": -13.758474427499685, "params": {"gamma": 427.16641608621643, "log10_alpha": 0.7776460128818226, "log10_colsample_bytree": -0.6569325262854939, "log10_eta": -3.5854017609640114, "log10_lambda": -0.36221160530410934, "log10_min_child_weight": 2.1633707834451683, "log10_subsample": -0.13287335647148635, "max_depth": 5.0, "num_boost_round": 8.0}, "datetime": {"datetime": "2024-01-19 00:28:23", "elapsed": 1006.347323, "delta": 0.002016}}
{"target": -13.758473706722656, "params": {"gamma": 427.16641608621643, "log10_alpha": 0.7776460128818226, "log10_colsample_bytree": -0.6569325262854939, "log10_eta": -3.5854017609640114, "log10_lambda": -0.36221160530410934, "log10_min_child_weight": 2.1633707834451683, "log10_subsample": -0.13287335647148635, "max_depth": 5.0, "num_boost_round": 9.0}, "datetime": {"datetime": "2024-01-19 00:28:23", "elapsed": 1006.349477, "delta": 0.002154}}
{"target": -13.758470116673307, "params": {"gamma": 427.16641608621643, "log10_alpha": 0.7776460128818226, "log10_colsample_bytree": -0.6569325262854939, "log10_eta": -3.5854017609640114, "log10_lambda": -0.36221160530410934, "log10_min_child_weight": 2.1633707834451683, "log10_subsample": -0.13287335647148635, "max_depth": 5.0, "num_boost_round": 10.0}, "datetime": {"datetime": "2024-01-19 00:28:23", "elapsed": 1006.351493, "delta": 0.002016}}
{"target": -13.758461016962892, "params": {"gamma": 427.16641608621643, "log10_alpha": 0.7776460128818226, "log10_colsample_bytree": -0.6569325262854939, "log10_eta": -3.5854017609640114, "log10_lambda": -0.36221160530410934, "log10_min_child_weight": 2.1633707834451683, "log10_subsample": -0.13287335647148635, "max_depth": 5.0, "num_boost_round": 11.0}, "datetime": {"datetime": "2024-01-19 00:28:23", "elapsed": 1006.353518, "delta": 0.002025}}
{"target": -13.758458348311423, "params": {"gamma": 427.16641608621643, "log10_alpha": 0.7776460128818226, "log10_colsample_bytree": -0.6569325262854939, "log10_eta": -3.5854017609640114, "log10_lambda": -0.36221160530410934, "log10_min_child_weight": 2.1633707834451683, "log10_subsample": -0.13287335647148635, "max_depth": 5.0, "num_boost_round": 12.0}, "datetime": {"datetime": "2024-01-19 00:28:23", "elapsed": 1006.355545, "delta": 0.002027}}
{"target": -13.758460720465541, "params": {"gamma": 427.16641608621643, "log10_alpha": 0.7776460128818226, "log10_colsample_bytree": -0.6569325262854939, "log10_eta": -3.5854017609640114, "log10_lambda": -0.36221160530410934, "log10_min_child_weight": 2.1633707834451683, "log10_subsample": -0.13287335647148635, "max_depth": 5.0, "num_boost_round": 13.0}, "datetime": {"datetime": "2024-01-19 00:28:23", "elapsed": 1006.357558, "delta": 0.002013}}
{"target": -13.758464600245867, "params": {"gamma": 427.16641608621643, "log10_alpha": 0.7776460128818226, "log10_colsample_bytree": -0.6569325262854939, "log10_eta": -3.5854017609640114, "log10_lambda": -0.36221160530410934, "log10_min_child_weight": 2.1633707834451683, "log10_subsample": -0.13287335647148635, "max_depth": 5.0, "num_boost_round": 14.0}, "datetime": {"datetime": "2024-01-19 00:28:23", "elapsed": 1006.359577, "delta": 0.002019}}
{"target": -13.758457777234332, "params": {"gamma": 427.16641608621643, "log10_alpha": 0.7776460128818226, "log10_colsample_bytree": -0.6569325262854939, "log10_eta": -3.5854017609640114, "log10_lambda": -0.36221160530410934, "log10_min_child_weight": 2.1633707834451683, "log10_subsample": -0.13287335647148635, "max_depth": 5.0, "num_boost_round": 15.0}, "datetime": {"datetime": "2024-01-19 00:28:23", "elapsed": 1006.362337, "delta": 0.00276}}
{"target": -13.758459662730944, "params": {"gamma": 427.16641608621643, "log10_alpha": 0.7776460128818226, "log10_colsample_bytree": -0.6569325262854939, "log10_eta": -3.5854017609640114, "log10_lambda": -0.36221160530410934, "log10_min_child_weight": 2.1633707834451683, "log10_subsample": -0.13287335647148635, "max_depth": 5.0, "num_boost_round": 16.0}, "datetime": {"datetime": "2024-01-19 00:28:23", "elapsed": 1006.364904, "delta": 0.002567}}
{"target": -13.758450426284695, "params": {"gamma": 427.16641608621643, "log10_alpha": 0.7776460128818226, "log10_colsample_bytree": -0.6569325262854939, "log10_eta": -3.5854017609640114, "log10_lambda": -0.36221160530410934, "log10_min_child_weight": 2.1633707834451683, "log10_subsample": -0.13287335647148635, "max_depth": 5.0, "num_boost_round": 17.0}, "datetime": {"datetime": "2024-01-19 00:28:23", "elapsed": 1006.366941, "delta": 0.002037}}
{"target": -13.758451433204344, "params": {"gamma": 427.16641608621643, "log10_alpha": 0.7776460128818226, "log10_colsample_bytree": -0.6569325262854939, "log10_eta": -3.5854017609640114, "log10_lambda": -0.36221160530410934, "log10_min_child_weight": 2.1633707834451683, "log10_subsample": -0.13287335647148635, "max_depth": 5.0, "num_boost_round": 18.0}, "datetime": {"datetime": "2024-01-19 00:28:23", "elapsed": 1006.369119, "delta": 0.002178}}
{"target": -13.758455457750435, "params": {"gamma": 427.16641608621643, "log10_alpha": 0.7776460128818226, "log10_colsample_bytree": -0.6569325262854939, "log10_eta": -3.5854017609640114, "log10_lambda": -0.36221160530410934, "log10_min_child_weight": 2.1633707834451683, "log10_subsample": -0.13287335647148635, "max_depth": 5.0, "num_boost_round": 19.0}, "datetime": {"datetime": "2024-01-19 00:28:23", "elapsed": 1006.371145, "delta": 0.002026}}
{"target": -13.758441894164134, "params": {"gamma": 427.16641608621643, "log10_alpha": 0.7776460128818226, "log10_colsample_bytree": -0.6569325262854939, "log10_eta": -3.5854017609640114, "log10_lambda": -0.36221160530410934, "log10_min_child_weight": 2.1633707834451683, "log10_subsample": -0.13287335647148635, "max_depth": 5.0, "num_boost_round": 20.0}, "datetime": {"datetime": "2024-01-19 00:28:23", "elapsed": 1006.373171, "delta": 0.002026}}
{"target": -13.758426514393443, "params": {"gamma": 427.16641608621643, "log10_alpha": 0.7776460128818226, "log10_colsample_bytree": -0.6569325262854939, "log10_eta": -3.5854017609640114, "log10_lambda": -0.36221160530410934, "log10_min_child_weight": 2.1633707834451683, "log10_subsample": -0.13287335647148635, "max_depth": 5.0, "num_boost_round": 21.0}, "datetime": {"datetime": "2024-01-19 00:28:23", "elapsed": 1006.375194, "delta": 0.002023}}
{"target": -13.758424102946496, "params": {"gamma": 427.16641608621643, "log10_alpha": 0.7776460128818226, "log10_colsample_bytree": -0.6569325262854939, "log10_eta": -3.5854017609640114, "log10_lambda": -0.36221160530410934, "log10_min_child_weight": 2.1633707834451683, "log10_subsample": -0.13287335647148635, "max_depth": 5.0, "num_boost_round": 22.0}, "datetime": {"datetime": "2024-01-19 00:28:23", "elapsed": 1006.377232, "delta": 0.002038}}
{"target": -13.7584191430608, "params": {"gamma": 427.16641608621643, "log10_alpha": 0.7776460128818226, "log10_colsample_bytree": -0.6569325262854939, "log10_eta": -3.5854017609640114, "log10_lambda": -0.36221160530410934, "log10_min_child_weight": 2.1633707834451683, "log10_subsample": -0.13287335647148635, "max_depth": 5.0, "num_boost_round": 23.0}, "datetime": {"datetime": "2024-01-19 00:28:23", "elapsed": 1006.379259, "delta": 0.002027}}
{"target": -13.75841909186323, "params": {"gamma": 427.16641608621643, "log10_alpha": 0.7776460128818226, "log10_colsample_bytree": -0.6569325262854939, "log10_eta": -3.5854017609640114, "log10_lambda": -0.36221160530410934, "log10_min_child_weight": 2.1633707834451683, "log10_subsample": -0.13287335647148635, "max_depth": 5.0, "num_boost_round": 24.0}, "datetime": {"datetime": "2024-01-19 00:28:23", "elapsed": 1006.381291, "delta": 0.002032}}
{"target": -13.75841793264229, "params": {"gamma": 427.16641608621643, "log10_alpha": 0.7776460128818226, "log10_colsample_bytree": -0.6569325262854939, "log10_eta": -3.5854017609640114, "log10_lambda": -0.36221160530410934, "log10_min_child_weight": 2.1633707834451683, "log10_subsample": -0.13287335647148635, "max_depth": 5.0, "num_boost_round": 25.0}, "datetime": {"datetime": "2024-01-19 00:28:23", "elapsed": 1006.383326, "delta": 0.002035}}
{"target": -13.75841384005988, "params": {"gamma": 427.16641608621643, "log10_alpha": 0.7776460128818226, "log10_colsample_bytree": -0.6569325262854939, "log10_eta": -3.5854017609640114, "log10_lambda": -0.36221160530410934, "log10_min_child_weight": 2.1633707834451683, "log10_subsample": -0.13287335647148635, "max_depth": 5.0, "num_boost_round": 26.0}, "datetime": {"datetime": "2024-01-19 00:28:23", "elapsed": 1006.385357, "delta": 0.002031}}
{"target": -13.758412323361043, "params": {"gamma": 427.16641608621643, "log10_alpha": 0.7776460128818226, "log10_colsample_bytree": -0.6569325262854939, "log10_eta": -3.5854017609640114, "log10_lambda": -0.36221160530410934, "log10_min_child_weight": 2.1633707834451683, "log10_subsample": -0.13287335647148635, "max_depth": 5.0, "num_boost_round": 27.0}, "datetime": {"datetime": "2024-01-19 00:28:23", "elapsed": 1006.38739, "delta": 0.002033}}
{"target": -13.758403376245502, "params": {"gamma": 427.16641608621643, "log10_alpha": 0.7776460128818226, "log10_colsample_bytree": -0.6569325262854939, "log10_eta": -3.5854017609640114, "log10_lambda": -0.36221160530410934, "log10_min_child_weight": 2.1633707834451683, "log10_subsample": -0.13287335647148635, "max_depth": 5.0, "num_boost_round": 28.0}, "datetime": {"datetime": "2024-01-19 00:28:23", "elapsed": 1006.38961, "delta": 0.00222}}
{"target": -13.758394478939254, "params": {"gamma": 427.16641608621643, "log10_alpha": 0.7776460128818226, "log10_colsample_bytree": -0.6569325262854939, "log10_eta": -3.5854017609640114, "log10_lambda": -0.36221160530410934, "log10_min_child_weight": 2.1633707834451683, "log10_subsample": -0.13287335647148635, "max_depth": 5.0, "num_boost_round": 29.0}, "datetime": {"datetime": "2024-01-19 00:28:23", "elapsed": 1006.391816, "delta": 0.002206}}
{"target": -13.75839134993244, "params": {"gamma": 427.16641608621643, "log10_alpha": 0.7776460128818226, "log10_colsample_bytree": -0.6569325262854939, "log10_eta": -3.5854017609640114, "log10_lambda": -0.36221160530410934, "log10_min_child_weight": 2.1633707834451683, "log10_subsample": -0.13287335647148635, "max_depth": 5.0, "num_boost_round": 30.0}, "datetime": {"datetime": "2024-01-19 00:28:23", "elapsed": 1006.393999, "delta": 0.002183}}
{"target": -13.758961995330269, "params": {"gamma": 433.88964559248757, "log10_alpha": -2.12816704714853, "log10_colsample_bytree": -0.34159490583702656, "log10_eta": -0.47092263776403076, "log10_lambda": -1.473720769001376, "log10_min_child_weight": 3.0548234875733615, "log10_subsample": -0.6602592052237202, "max_depth": 2.0, "num_boost_round": 0.0}, "datetime": {"datetime": "2024-01-19 00:28:47", "elapsed": 1030.356991, "delta": 23.962992}}
{"target": -13.75980870357357, "params": {"gamma": 433.88964559248757, "log10_alpha": -2.12816704714853, "log10_colsample_bytree": -0.34159490583702656, "log10_eta": -0.47092263776403076, "log10_lambda": -1.473720769001376, "log10_min_child_weight": 3.0548234875733615, "log10_subsample": -0.6602592052237202, "max_depth": 2.0, "num_boost_round": 1.0}, "datetime": {"datetime": "2024-01-19 00:28:47", "elapsed": 1030.359461, "delta": 0.00247}}
{"target": -13.75952833000979, "params": {"gamma": 433.88964559248757, "log10_alpha": -2.12816704714853, "log10_colsample_bytree": -0.34159490583702656, "log10_eta": -0.47092263776403076, "log10_lambda": -1.473720769001376, "log10_min_child_weight": 3.0548234875733615, "log10_subsample": -0.6602592052237202, "max_depth": 2.0, "num_boost_round": 2.0}, "datetime": {"datetime": "2024-01-19 00:28:47", "elapsed": 1030.362538, "delta": 0.003077}}
{"target": -13.762663335651593, "params": {"gamma": 433.88964559248757, "log10_alpha": -2.12816704714853, "log10_colsample_bytree": -0.34159490583702656, "log10_eta": -0.47092263776403076, "log10_lambda": -1.473720769001376, "log10_min_child_weight": 3.0548234875733615, "log10_subsample": -0.6602592052237202, "max_depth": 2.0, "num_boost_round": 3.0}, "datetime": {"datetime": "2024-01-19 00:28:47", "elapsed": 1030.364908, "delta": 0.00237}}
{"target": -13.762928269079465, "params": {"gamma": 433.88964559248757, "log10_alpha": -2.12816704714853, "log10_colsample_bytree": -0.34159490583702656, "log10_eta": -0.47092263776403076, "log10_lambda": -1.473720769001376, "log10_min_child_weight": 3.0548234875733615, "log10_subsample": -0.6602592052237202, "max_depth": 2.0, "num_boost_round": 4.0}, "datetime": {"datetime": "2024-01-19 00:28:47", "elapsed": 1030.36695, "delta": 0.002042}}
{"target": -13.76624946013584, "params": {"gamma": 433.88964559248757, "log10_alpha": -2.12816704714853, "log10_colsample_bytree": -0.34159490583702656, "log10_eta": -0.47092263776403076, "log10_lambda": -1.473720769001376, "log10_min_child_weight": 3.0548234875733615, "log10_subsample": -0.6602592052237202, "max_depth": 2.0, "num_boost_round": 5.0}, "datetime": {"datetime": "2024-01-19 00:28:47", "elapsed": 1030.369127, "delta": 0.002177}}
{"target": -13.775709002883767, "params": {"gamma": 433.88964559248757, "log10_alpha": -2.12816704714853, "log10_colsample_bytree": -0.34159490583702656, "log10_eta": -0.47092263776403076, "log10_lambda": -1.473720769001376, "log10_min_child_weight": 3.0548234875733615, "log10_subsample": -0.6602592052237202, "max_depth": 2.0, "num_boost_round": 6.0}, "datetime": {"datetime": "2024-01-19 00:28:47", "elapsed": 1030.371178, "delta": 0.002051}}
{"target": -13.776221344441582, "params": {"gamma": 433.88964559248757, "log10_alpha": -2.12816704714853, "log10_colsample_bytree": -0.34159490583702656, "log10_eta": -0.47092263776403076, "log10_lambda": -1.473720769001376, "log10_min_child_weight": 3.0548234875733615, "log10_subsample": -0.6602592052237202, "max_depth": 2.0, "num_boost_round": 7.0}, "datetime": {"datetime": "2024-01-19 00:28:47", "elapsed": 1030.373236, "delta": 0.002058}}
{"target": -13.776177916571113, "params": {"gamma": 433.88964559248757, "log10_alpha": -2.12816704714853, "log10_colsample_bytree": -0.34159490583702656, "log10_eta": -0.47092263776403076, "log10_lambda": -1.473720769001376, "log10_min_child_weight": 3.0548234875733615, "log10_subsample": -0.6602592052237202, "max_depth": 2.0, "num_boost_round": 8.0}, "datetime": {"datetime": "2024-01-19 00:28:47", "elapsed": 1030.375266, "delta": 0.00203}}
{"target": -13.779966822909262, "params": {"gamma": 433.88964559248757, "log10_alpha": -2.12816704714853, "log10_colsample_bytree": -0.34159490583702656, "log10_eta": -0.47092263776403076, "log10_lambda": -1.473720769001376, "log10_min_child_weight": 3.0548234875733615, "log10_subsample": -0.6602592052237202, "max_depth": 2.0, "num_boost_round": 9.0}, "datetime": {"datetime": "2024-01-19 00:28:47", "elapsed": 1030.3773, "delta": 0.002034}}
