{"target": -17.73777334760456, "params": {"gamma": 879.2398447813373, "log10_alpha": -1.5036082736959973, "log10_colsample_bytree": -0.24232613033818562, "log10_eta": -1.2583156471984829, "log10_lambda": 0.5672020480453002, "log10_min_child_weight": 3.6156658215079873, "log10_subsample": -0.012943866224655931, "max_depth": 5.0, "num_boost_round": 40.0}, "datetime": {"datetime": "2024-01-19 00:52:56", "elapsed": 2457.348896, "delta": 0.002784}}
{"target": -17.736988153081455, "params": {"gamma": 879.2398447813373, "log10_alpha": -1.5036082736959973, "log10_colsample_bytree": -0.24232613033818562, "log10_eta": -1.2583156471984829, "log10_lambda": 0.5672020480453002, "log10_min_child_weight": 3.6156658215079873, "log10_subsample": -0.012943866224655931, "max_depth": 5.0, "num_boost_round": 41.0}, "datetime": {"datetime": "2024-01-19 00:52:56", "elapsed": 2457.351717, "delta": 0.002821}}
{"target": -17.67721863931502, "params": {"gamma": 877.6195652741607, "log10_alpha": -4.8827681946168635, "log10_colsample_bytree": -0.4231242362354185, "log10_eta": -3.5650603417100175, "log10_lambda": -4.001803770449738, "log10_min_child_weight": 1.9435815432207786, "log10_subsample": -0.32084589933021057, "max_depth": 3.0, "num_boost_round": 0.0}, "datetime": {"datetime": "2024-01-19 00:53:46", "elapsed": 2506.905272, "delta": 49.553555}}
{"target": -17.677209514040875, "params": {"gamma": 877.6195652741607, "log10_alpha": -4.8827681946168635, "log10_colsample_bytree": -0.4231242362354185, "log10_eta": -3.5650603417100175, "log10_lambda": -4.001803770449738, "log10_min_child_weight": 1.9435815432207786, "log10_subsample": -0.32084589933021057, "max_depth": 3.0, "num_boost_round": 1.0}, "datetime": {"datetime": "2024-01-19 00:53:46", "elapsed": 2506.909227, "delta": 0.003955}}
{"target": -17.677199281163887, "params": {"gamma": 877.6195652741607, "log10_alpha": -4.8827681946168635, "log10_colsample_bytree": -0.4231242362354185, "log10_eta": -3.5650603417100175, "log10_lambda": -4.001803770449738, "log10_min_child_weight": 1.9435815432207786, "log10_subsample": -0.32084589933021057, "max_depth": 3.0, "num_boost_round": 2.0}, "datetime": {"datetime": "2024-01-19 00:53:46", "elapsed": 2506.912208, "delta": 0.002981}}
{"target": -17.67719058011548, "params": {"gamma": 877.6195652741607, "log10_alpha": -4.8827681946168635, "log10_colsample_bytree": -0.4231242362354185, "log10_eta": -3.5650603417100175, "log10_lambda": -4.001803770449738, "log10_min_child_weight": 1.9435815432207786, "log10_subsample": -0.32084589933021057, "max_depth": 3.0, "num_boost_round": 3.0}, "datetime": {"datetime": "2024-01-19 00:53:46", "elapsed": 2506.915065, "delta": 0.002857}}
{"target": -17.67717505371523, "params": {"gamma": 877.6195652741607, "log10_alpha": -4.8827681946168635, "log10_colsample_bytree": -0.4231242362354185, "log10_eta": -3.5650603417100175, "log10_lambda": -4.001803770449738, "log10_min_child_weight": 1.9435815432207786, "log10_subsample": -0.32084589933021057, "max_depth": 3.0, "num_boost_round": 4.0}, "datetime": {"datetime": "2024-01-19 00:53:46", "elapsed": 2506.917948, "delta": 0.002883}}
{"target": -17.67716945165226, "params": {"gamma": 877.6195652741607, "log10_alpha": -4.8827681946168635, "log10_colsample_bytree": -0.4231242362354185, "log10_eta": -3.5650603417100175, "log10_lambda": -4.001803770449738, "log10_min_child_weight": 1.9435815432207786, "log10_subsample": -0.32084589933021057, "max_depth": 3.0, "num_boost_round": 5.0}, "datetime": {"datetime": "2024-01-19 00:53:46", "elapsed": 2506.921178, "delta": 0.00323}}
{"target": -17.677161385188835, "params": {"gamma": 877.6195652741607, "log10_alpha": -4.8827681946168635, "log10_colsample_bytree": -0.4231242362354185, "log10_eta": -3.5650603417100175, "log10_lambda": -4.001803770449738, "log10_min_child_weight": 1.9435815432207786, "log10_subsample": -0.32084589933021057, "max_depth": 3.0, "num_boost_round": 6.0}, "datetime": {"datetime": "2024-01-19 00:53:46", "elapsed": 2506.929256, "delta": 0.008078}}
{"target": -17.677152767246277, "params": {"gamma": 877.6195652741607, "log10_alpha": -4.8827681946168635, "log10_colsample_bytree": -0.4231242362354185, "log10_eta": -3.5650603417100175, "log10_lambda": -4.001803770449738, "log10_min_child_weight": 1.9435815432207786, "log10_subsample": -0.32084589933021057, "max_depth": 3.0, "num_boost_round": 7.0}, "datetime": {"datetime": "2024-01-19 00:53:46", "elapsed": 2506.932162, "delta": 0.002906}}
{"target": -17.677144421804613, "params": {"gamma": 877.6195652741607, "log10_alpha": -4.8827681946168635, "log10_colsample_bytree": -0.4231242362354185, "log10_eta": -3.5650603417100175, "log10_lambda": -4.001803770449738, "log10_min_child_weight": 1.9435815432207786, "log10_subsample": -0.32084589933021057, "max_depth": 3.0, "num_boost_round": 8.0}, "datetime": {"datetime": "2024-01-19 00:53:46", "elapsed": 2506.934975, "delta": 0.002813}}
{"target": -17.677135918430714, "params": {"gamma": 877.6195652741607, "log10_alpha": -4.8827681946168635, "log10_colsample_bytree": -0.4231242362354185, "log10_eta": -3.5650603417100175, "log10_lambda": -4.001803770449738, "log10_min_child_weight": 1.9435815432207786, "log10_subsample": -0.32084589933021057, "max_depth": 3.0, "num_boost_round": 9.0}, "datetime": {"datetime": "2024-01-19 00:53:46", "elapsed": 2506.937801, "delta": 0.002826}}
{"target": -17.677128182192533, "params": {"gamma": 877.6195652741607, "log10_alpha": -4.8827681946168635, "log10_colsample_bytree": -0.4231242362354185, "log10_eta": -3.5650603417100175, "log10_lambda": -4.001803770449738, "log10_min_child_weight": 1.9435815432207786, "log10_subsample": -0.32084589933021057, "max_depth": 3.0, "num_boost_round": 10.0}, "datetime": {"datetime": "2024-01-19 00:53:46", "elapsed": 2506.940668, "delta": 0.002867}}
{"target": -17.67711521753799, "params": {"gamma": 877.6195652741607, "log10_alpha": -4.8827681946168635, "log10_colsample_bytree": -0.4231242362354185, "log10_eta": -3.5650603417100175, "log10_lambda": -4.001803770449738, "log10_min_child_weight": 1.9435815432207786, "log10_subsample": -0.32084589933021057, "max_depth": 3.0, "num_boost_round": 11.0}, "datetime": {"datetime": "2024-01-19 00:53:46", "elapsed": 2506.943482, "delta": 0.002814}}
{"target": -17.67710511727047, "params": {"gamma": 877.6195652741607, "log10_alpha": -4.8827681946168635, "log10_colsample_bytree": -0.4231242362354185, "log10_eta": -3.5650603417100175, "log10_lambda": -4.001803770449738, "log10_min_child_weight": 1.9435815432207786, "log10_subsample": -0.32084589933021057, "max_depth": 3.0, "num_boost_round": 12.0}, "datetime": {"datetime": "2024-01-19 00:53:46", "elapsed": 2506.946263, "delta": 0.002781}}
{"target": -17.67709884742528, "params": {"gamma": 877.6195652741607, "log10_alpha": -4.8827681946168635, "log10_colsample_bytree": -0.4231242362354185, "log10_eta": -3.5650603417100175, "log10_lambda": -4.001803770449738, "log10_min_child_weight": 1.9435815432207786, "log10_subsample": -0.32084589933021057, "max_depth": 3.0, "num_boost_round": 13.0}, "datetime": {"datetime": "2024-01-19 00:53:46", "elapsed": 2506.949026, "delta": 0.002763}}
{"target": -17.677095528123512, "params": {"gamma": 877.6195652741607, "log10_alpha": -4.8827681946168635, "log10_colsample_bytree": -0.4231242362354185, "log10_eta": -3.5650603417100175, "log10_lambda": -4.001803770449738, "log10_min_child_weight": 1.9435815432207786, "log10_subsample": -0.32084589933021057, "max_depth": 3.0, "num_boost_round": 14.0}, "datetime": {"datetime": "2024-01-19 00:53:46", "elapsed": 2506.951849, "delta": 0.002823}}
{"target": -17.677084397295417, "params": {"gamma": 877.6195652741607, "log10_alpha": -4.8827681946168635, "log10_colsample_bytree": -0.4231242362354185, "log10_eta": -3.5650603417100175, "log10_lambda": -4.001803770449738, "log10_min_child_weight": 1.9435815432207786, "log10_subsample": -0.32084589933021057, "max_depth": 3.0, "num_boost_round": 15.0}, "datetime": {"datetime": "2024-01-19 00:53:46", "elapsed": 2506.954659, "delta": 0.00281}}
{"target": -17.67707527412581, "params": {"gamma": 877.6195652741607, "log10_alpha": -4.8827681946168635, "log10_colsample_bytree": -0.4231242362354185, "log10_eta": -3.5650603417100175, "log10_lambda": -4.001803770449738, "log10_min_child_weight": 1.9435815432207786, "log10_subsample": -0.32084589933021057, "max_depth": 3.0, "num_boost_round": 16.0}, "datetime": {"datetime": "2024-01-19 00:53:46", "elapsed": 2506.957459, "delta": 0.0028}}
{"target": -17.677071955448447, "params": {"gamma": 877.6195652741607, "log10_alpha": -4.8827681946168635, "log10_colsample_bytree": -0.4231242362354185, "log10_eta": -3.5650603417100175, "log10_lambda": -4.001803770449738, "log10_min_child_weight": 1.9435815432207786, "log10_subsample": -0.32084589933021057, "max_depth": 3.0, "num_boost_round": 17.0}, "datetime": {"datetime": "2024-01-19 00:53:46", "elapsed": 2506.9602, "delta": 0.002741}}
{"target": -17.677063612911155, "params": {"gamma": 877.6195652741607, "log10_alpha": -4.8827681946168635, "log10_colsample_bytree": -0.4231242362354185, "log10_eta": -3.5650603417100175, "log10_lambda": -4.001803770449738, "log10_min_child_weight": 1.9435815432207786, "log10_subsample": -0.32084589933021057, "max_depth": 3.0, "num_boost_round": 18.0}, "datetime": {"datetime": "2024-01-19 00:53:46", "elapsed": 2506.963039, "delta": 0.002839}}
{"target": -17.677057013497706, "params": {"gamma": 877.6195652741607, "log10_alpha": -4.8827681946168635, "log10_colsample_bytree": -0.4231242362354185, "log10_eta": -3.5650603417100175, "log10_lambda": -4.001803770449738, "log10_min_child_weight": 1.9435815432207786, "log10_subsample": -0.32084589933021057, "max_depth": 3.0, "num_boost_round": 19.0}, "datetime": {"datetime": "2024-01-19 00:53:46", "elapsed": 2506.965795, "delta": 0.002756}}
{"target": -17.67704683704351, "params": {"gamma": 877.6195652741607, "log10_alpha": -4.8827681946168635, "log10_colsample_bytree": -0.4231242362354185, "log10_eta": -3.5650603417100175, "log10_lambda": -4.001803770449738, "log10_min_child_weight": 1.9435815432207786, "log10_subsample": -0.32084589933021057, "max_depth": 3.0, "num_boost_round": 20.0}, "datetime": {"datetime": "2024-01-19 00:53:46", "elapsed": 2506.968564, "delta": 0.002769}}
{"target": -17.677035370704356, "params": {"gamma": 877.6195652741607, "log10_alpha": -4.8827681946168635, "log10_colsample_bytree": -0.4231242362354185, "log10_eta": -3.5650603417100175, "log10_lambda": -4.001803770449738, "log10_min_child_weight": 1.9435815432207786, "log10_subsample": -0.32084589933021057, "max_depth": 3.0, "num_boost_round": 21.0}, "datetime": {"datetime": "2024-01-19 00:53:46", "elapsed": 2506.971521, "delta": 0.002957}}
{"target": -17.67701961735863, "params": {"gamma": 877.6195652741607, "log10_alpha": -4.8827681946168635, "log10_colsample_bytree": -0.4231242362354185, "log10_eta": -3.5650603417100175, "log10_lambda": -4.001803770449738, "log10_min_child_weight": 1.9435815432207786, "log10_subsample": -0.32084589933021057, "max_depth": 3.0, "num_boost_round": 22.0}, "datetime": {"datetime": "2024-01-19 00:53:46", "elapsed": 2506.974465, "delta": 0.002944}}
{"target": -17.67700151003456, "params": {"gamma": 877.6195652741607, "log10_alpha": -4.8827681946168635, "log10_colsample_bytree": -0.4231242362354185, "log10_eta": -3.5650603417100175, "log10_lambda": -4.001803770449738, "log10_min_child_weight": 1.9435815432207786, "log10_subsample": -0.32084589933021057, "max_depth": 3.0, "num_boost_round": 23.0}, "datetime": {"datetime": "2024-01-19 00:53:46", "elapsed": 2506.977306, "delta": 0.002841}}
{"target": -17.676991777814607, "params": {"gamma": 877.6195652741607, "log10_alpha": -4.8827681946168635, "log10_colsample_bytree": -0.4231242362354185, "log10_eta": -3.5650603417100175, "log10_lambda": -4.001803770449738, "log10_min_child_weight": 1.9435815432207786, "log10_subsample": -0.32084589933021057, "max_depth": 3.0, "num_boost_round": 24.0}, "datetime": {"datetime": "2024-01-19 00:53:46", "elapsed": 2506.980081, "delta": 0.002775}}
{"target": -17.676975624848637, "params": {"gamma": 877.6195652741607, "log10_alpha": -4.8827681946168635, "log10_colsample_bytree": -0.4231242362354185, "log10_eta": -3.5650603417100175, "log10_lambda": -4.001803770449738, "log10_min_child_weight": 1.9435815432207786, "log10_subsample": -0.32084589933021057, "max_depth": 3.0, "num_boost_round": 25.0}, "datetime": {"datetime": "2024-01-19 00:53:46", "elapsed": 2506.982939, "delta": 0.002858}}
{"target": -17.67696954947527, "params": {"gamma": 877.6195652741607, "log10_alpha": -4.8827681946168635, "log10_colsample_bytree": -0.4231242362354185, "log10_eta": -3.5650603417100175, "log10_lambda": -4.001803770449738, "log10_min_child_weight": 1.9435815432207786, "log10_subsample": -0.32084589933021057, "max_depth": 3.0, "num_boost_round": 26.0}, "datetime": {"datetime": "2024-01-19 00:53:46", "elapsed": 2506.985958, "delta": 0.003019}}
{"target": -17.676968418393905, "params": {"gamma": 877.6195652741607, "log10_alpha": -4.8827681946168635, "log10_colsample_bytree": -0.4231242362354185, "log10_eta": -3.5650603417100175, "log10_lambda": -4.001803770449738, "log10_min_child_weight": 1.9435815432207786, "log10_subsample": -0.32084589933021057, "max_depth": 3.0, "num_boost_round": 27.0}, "datetime": {"datetime": "2024-01-19 00:53:46", "elapsed": 2506.989095, "delta": 0.003137}}
{"target": -17.676953528128855, "params": {"gamma": 877.6195652741607, "log10_alpha": -4.8827681946168635, "log10_colsample_bytree": -0.4231242362354185, "log10_eta": -3.5650603417100175, "log10_lambda": -4.001803770449738, "log10_min_child_weight": 1.9435815432207786, "log10_subsample": -0.32084589933021057, "max_depth": 3.0, "num_boost_round": 28.0}, "datetime": {"datetime": "2024-01-19 00:53:46", "elapsed": 2506.992011, "delta": 0.002916}}
{"target": -17.676941468747376, "params": {"gamma": 877.6195652741607, "log10_alpha": -4.8827681946168635, "log10_colsample_bytree": -0.4231242362354185, "log10_eta": -3.5650603417100175, "log10_lambda": -4.001803770449738, "log10_min_child_weight": 1.9435815432207786, "log10_subsample": -0.32084589933021057, "max_depth": 3.0, "num_boost_round": 29.0}, "datetime": {"datetime": "2024-01-19 00:53:46", "elapsed": 2506.994801, "delta": 0.00279}}
{"target": -17.676937202321728, "params": {"gamma": 877.6195652741607, "log10_alpha": -4.8827681946168635, "log10_colsample_bytree": -0.4231242362354185, "log10_eta": -3.5650603417100175, "log10_lambda": -4.001803770449738, "log10_min_child_weight": 1.9435815432207786, "log10_subsample": -0.32084589933021057, "max_depth": 3.0, "num_boost_round": 30.0}, "datetime": {"datetime": "2024-01-19 00:53:46", "elapsed": 2506.997664, "delta": 0.002863}}
{"target": -17.676931927584633, "params": {"gamma": 877.6195652741607, "log10_alpha": -4.8827681946168635, "log10_colsample_bytree": -0.4231242362354185, "log10_eta": -3.5650603417100175, "log10_lambda": -4.001803770449738, "log10_min_child_weight": 1.9435815432207786, "log10_subsample": -0.32084589933021057, "max_depth": 3.0, "num_boost_round": 31.0}, "datetime": {"datetime": "2024-01-19 00:53:46", "elapsed": 2507.000445, "delta": 0.002781}}
{"target": -17.67692293571674, "params": {"gamma": 877.6195652741607, "log10_alpha": -4.8827681946168635, "log10_colsample_bytree": -0.4231242362354185, "log10_eta": -3.5650603417100175, "log10_lambda": -4.001803770449738, "log10_min_child_weight": 1.9435815432207786, "log10_subsample": -0.32084589933021057, "max_depth": 3.0, "num_boost_round": 32.0}, "datetime": {"datetime": "2024-01-19 00:53:46", "elapsed": 2507.003284, "delta": 0.002839}}
{"target": -17.676910160585802, "params": {"gamma": 877.6195652741607, "log10_alpha": -4.8827681946168635, "log10_colsample_bytree": -0.4231242362354185, "log10_eta": -3.5650603417100175, "log10_lambda": -4.001803770449738, "log10_min_child_weight": 1.9435815432207786, "log10_subsample": -0.32084589933021057, "max_depth": 3.0, "num_boost_round": 33.0}, "datetime": {"datetime": "2024-01-19 00:53:46", "elapsed": 2507.006045, "delta": 0.002761}}
{"target": -17.67690483593542, "params": {"gamma": 877.6195652741607, "log10_alpha": -4.8827681946168635, "log10_colsample_bytree": -0.4231242362354185, "log10_eta": -3.5650603417100175, "log10_lambda": -4.001803770449738, "log10_min_child_weight": 1.9435815432207786, "log10_subsample": -0.32084589933021057, "max_depth": 3.0, "num_boost_round": 34.0}, "datetime": {"datetime": "2024-01-19 00:53:46", "elapsed": 2507.008837, "delta": 0.002792}}
{"target": -17.676896037917288, "params": {"gamma": 877.6195652741607, "log10_alpha": -4.8827681946168635, "log10_colsample_bytree": -0.4231242362354185, "log10_eta": -3.5650603417100175, "log10_lambda": -4.001803770449738, "log10_min_child_weight": 1.9435815432207786, "log10_subsample": -0.32084589933021057, "max_depth": 3.0, "num_boost_round": 35.0}, "datetime": {"datetime": "2024-01-19 00:53:46", "elapsed": 2507.011679, "delta": 0.002842}}
{"target": -17.676893092422752, "params": {"gamma": 877.6195652741607, "log10_alpha": -4.8827681946168635, "log10_colsample_bytree": -0.4231242362354185, "log10_eta": -3.5650603417100175, "log10_lambda": -4.001803770449738, "log10_min_child_weight": 1.9435815432207786, "log10_subsample": -0.32084589933021057, "max_depth": 3.0, "num_boost_round": 36.0}, "datetime": {"datetime": "2024-01-19 00:53:46", "elapsed": 2507.014479, "delta": 0.0028}}
{"target": -17.6768804618497, "params": {"gamma": 877.6195652741607, "log10_alpha": -4.8827681946168635, "log10_colsample_bytree": -0.4231242362354185, "log10_eta": -3.5650603417100175, "log10_lambda": -4.001803770449738, "log10_min_child_weight": 1.9435815432207786, "log10_subsample": -0.32084589933021057, "max_depth": 3.0, "num_boost_round": 37.0}, "datetime": {"datetime": "2024-01-19 00:53:46", "elapsed": 2507.017285, "delta": 0.002806}}
{"target": -17.676868309051265, "params": {"gamma": 877.6195652741607, "log10_alpha": -4.8827681946168635, "log10_colsample_bytree": -0.4231242362354185, "log10_eta": -3.5650603417100175, "log10_lambda": -4.001803770449738, "log10_min_child_weight": 1.9435815432207786, "log10_subsample": -0.32084589933021057, "max_depth": 3.0, "num_boost_round": 38.0}, "datetime": {"datetime": "2024-01-19 00:53:46", "elapsed": 2507.020111, "delta": 0.002826}}
{"target": -17.676862756464914, "params": {"gamma": 877.6195652741607, "log10_alpha": -4.8827681946168635, "log10_colsample_bytree": -0.4231242362354185, "log10_eta": -3.5650603417100175, "log10_lambda": -4.001803770449738, "log10_min_child_weight": 1.9435815432207786, "log10_subsample": -0.32084589933021057, "max_depth": 3.0, "num_boost_round": 39.0}, "datetime": {"datetime": "2024-01-19 00:53:46", "elapsed": 2507.023069, "delta": 0.002958}}
{"target": -17.67685710823699, "params": {"gamma": 877.6195652741607, "log10_alpha": -4.8827681946168635, "log10_colsample_bytree": -0.4231242362354185, "log10_eta": -3.5650603417100175, "log10_lambda": -4.001803770449738, "log10_min_child_weight": 1.9435815432207786, "log10_subsample": -0.32084589933021057, "max_depth": 3.0, "num_boost_round": 40.0}, "datetime": {"datetime": "2024-01-19 00:53:46", "elapsed": 2507.026026, "delta": 0.002957}}
{"target": -17.67684932102602, "params": {"gamma": 877.6195652741607, "log10_alpha": -4.8827681946168635, "log10_colsample_bytree": -0.4231242362354185, "log10_eta": -3.5650603417100175, "log10_lambda": -4.001803770449738, "log10_min_child_weight": 1.9435815432207786, "log10_subsample": -0.32084589933021057, "max_depth": 3.0, "num_boost_round": 41.0}, "datetime": {"datetime": "2024-01-19 00:53:46", "elapsed": 2507.028818, "delta": 0.002792}}
{"target": -17.676838504278745, "params": {"gamma": 877.6195652741607, "log10_alpha": -4.8827681946168635, "log10_colsample_bytree": -0.4231242362354185, "log10_eta": -3.5650603417100175, "log10_lambda": -4.001803770449738, "log10_min_child_weight": 1.9435815432207786, "log10_subsample": -0.32084589933021057, "max_depth": 3.0, "num_boost_round": 42.0}, "datetime": {"datetime": "2024-01-19 00:53:46", "elapsed": 2507.031703, "delta": 0.002885}}
{"target": -17.67722378553838, "params": {"gamma": 885.2211610765975, "log10_alpha": -4.5329973276539075, "log10_colsample_bytree": -0.481053523388281, "log10_eta": -3.992597660213298, "log10_lambda": -4.482681675839502, "log10_min_child_weight": 0.9300971909888422, "log10_subsample": -0.9524663801643292, "max_depth": 8.0, "num_boost_round": 0.0}, "datetime": {"datetime": "2024-01-19 00:54:20", "elapsed": 2541.338562, "delta": 34.306859}}
{"target": -17.677219577073775, "params": {"gamma": 885.2211610765975, "log10_alpha": -4.5329973276539075, "log10_colsample_bytree": -0.481053523388281, "log10_eta": -3.992597660213298, "log10_lambda": -4.482681675839502, "log10_min_child_weight": 0.9300971909888422, "log10_subsample": -0.9524663801643292, "max_depth": 8.0, "num_boost_round": 1.0}, "datetime": {"datetime": "2024-01-19 00:54:20", "elapsed": 2541.341552, "delta": 0.00299}}
{"target": -17.67722284845732, "params": {"gamma": 885.2211610765975, "log10_alpha": -4.5329973276539075, "log10_colsample_bytree": -0.481053523388281, "log10_eta": -3.992597660213298, "log10_lambda": -4.482681675839502, "log10_min_child_weight": 0.9300971909888422, "log10_subsample": -0.9524663801643292, "max_depth": 8.0, "num_boost_round": 2.0}, "datetime": {"datetime": "2024-01-19 00:54:20", "elapsed": 2541.344376, "delta": 0.002824}}
{"target": -17.67721894762009, "params": {"gamma": 885.2211610765975, "log10_alpha": -4.5329973276539075, "log10_colsample_bytree": -0.481053523388281, "log10_eta": -3.992597660213298, "log10_lambda": -4.482681675839502, "log10_min_child_weight": 0.9300971909888422, "log10_subsample": -0.9524663801643292, "max_depth": 8.0, "num_boost_round": 3.0}, "datetime": {"datetime": "2024-01-19 00:54:20", "elapsed": 2541.347562, "delta": 0.003186}}
