{"target": -13.758503365812391, "params": {"gamma": 554.9920044409307, "log10_alpha": -1.8899277069689475, "log10_colsample_bytree": -0.46659836044281167, "log10_eta": -3.2065085125989183, "log10_lambda": -3.8737211047731837, "log10_min_child_weight": 1.8989176989322898, "log10_subsample": -0.34847324241919886, "max_depth": 2.0, "num_boost_round": 7.0}, "datetime": {"datetime": "2024-01-19 01:43:36", "elapsed": 5520.708357, "delta": 0.005491}}
{"target": -13.758494736447757, "params": {"gamma": 554.9920044409307, "log10_alpha": -1.8899277069689475, "log10_colsample_bytree": -0.46659836044281167, "log10_eta": -3.2065085125989183, "log10_lambda": -3.8737211047731837, "log10_min_child_weight": 1.8989176989322898, "log10_subsample": -0.34847324241919886, "max_depth": 2.0, "num_boost_round": 8.0}, "datetime": {"datetime": "2024-01-19 01:43:36", "elapsed": 5520.713953, "delta": 0.005596}}
{"target": -13.758487244036342, "params": {"gamma": 554.9920044409307, "log10_alpha": -1.8899277069689475, "log10_colsample_bytree": -0.46659836044281167, "log10_eta": -3.2065085125989183, "log10_lambda": -3.8737211047731837, "log10_min_child_weight": 1.8989176989322898, "log10_subsample": -0.34847324241919886, "max_depth": 2.0, "num_boost_round": 9.0}, "datetime": {"datetime": "2024-01-19 01:43:36", "elapsed": 5520.719564, "delta": 0.005611}}
{"target": -13.758481702083621, "params": {"gamma": 554.9920044409307, "log10_alpha": -1.8899277069689475, "log10_colsample_bytree": -0.46659836044281167, "log10_eta": -3.2065085125989183, "log10_lambda": -3.8737211047731837, "log10_min_child_weight": 1.8989176989322898, "log10_subsample": -0.34847324241919886, "max_depth": 2.0, "num_boost_round": 10.0}, "datetime": {"datetime": "2024-01-19 01:43:36", "elapsed": 5520.725219, "delta": 0.005655}}
{"target": -13.758473179557061, "params": {"gamma": 554.9920044409307, "log10_alpha": -1.8899277069689475, "log10_colsample_bytree": -0.46659836044281167, "log10_eta": -3.2065085125989183, "log10_lambda": -3.8737211047731837, "log10_min_child_weight": 1.8989176989322898, "log10_subsample": -0.34847324241919886, "max_depth": 2.0, "num_boost_round": 11.0}, "datetime": {"datetime": "2024-01-19 01:43:36", "elapsed": 5520.73077, "delta": 0.005551}}
{"target": -13.758466534505795, "params": {"gamma": 554.9920044409307, "log10_alpha": -1.8899277069689475, "log10_colsample_bytree": -0.46659836044281167, "log10_eta": -3.2065085125989183, "log10_lambda": -3.8737211047731837, "log10_min_child_weight": 1.8989176989322898, "log10_subsample": -0.34847324241919886, "max_depth": 2.0, "num_boost_round": 12.0}, "datetime": {"datetime": "2024-01-19 01:43:36", "elapsed": 5520.736292, "delta": 0.005522}}
{"target": -13.758535578422238, "params": {"gamma": 491.492826835832, "log10_alpha": -4.396609209120148, "log10_colsample_bytree": -0.179093017805371, "log10_eta": -3.7203459407056645, "log10_lambda": -4.224572296499474, "log10_min_child_weight": 3.324497435755833, "log10_subsample": -0.5304868542203072, "max_depth": 5.0, "num_boost_round": 0.0}, "datetime": {"datetime": "2024-01-19 01:44:47", "elapsed": 5591.51186, "delta": 70.775568}}
{"target": -13.75853006353085, "params": {"gamma": 491.492826835832, "log10_alpha": -4.396609209120148, "log10_colsample_bytree": -0.179093017805371, "log10_eta": -3.7203459407056645, "log10_lambda": -4.224572296499474, "log10_min_child_weight": 3.324497435755833, "log10_subsample": -0.5304868542203072, "max_depth": 5.0, "num_boost_round": 1.0}, "datetime": {"datetime": "2024-01-19 01:44:47", "elapsed": 5591.518691, "delta": 0.006831}}
{"target": -13.75853130585306, "params": {"gamma": 491.492826835832, "log10_alpha": -4.396609209120148, "log10_colsample_bytree": -0.179093017805371, "log10_eta": -3.7203459407056645, "log10_lambda": -4.224572296499474, "log10_min_child_weight": 3.324497435755833, "log10_subsample": -0.5304868542203072, "max_depth": 5.0, "num_boost_round": 2.0}, "datetime": {"datetime": "2024-01-19 01:44:47", "elapsed": 5591.524573, "delta": 0.005882}}
{"target": -13.758530061779199, "params": {"gamma": 491.492826835832, "log10_alpha": -4.396609209120148, "log10_colsample_bytree": -0.179093017805371, "log10_eta": -3.7203459407056645, "log10_lambda": -4.224572296499474, "log10_min_child_weight": 3.324497435755833, "log10_subsample": -0.5304868542203072, "max_depth": 5.0, "num_boost_round": 3.0}, "datetime": {"datetime": "2024-01-19 01:44:47", "elapsed": 5591.530033, "delta": 0.00546}}
{"target": -13.758526119307486, "params": {"gamma": 491.492826835832, "log10_alpha": -4.396609209120148, "log10_colsample_bytree": -0.179093017805371, "log10_eta": -3.7203459407056645, "log10_lambda": -4.224572296499474, "log10_min_child_weight": 3.324497435755833, "log10_subsample": -0.5304868542203072, "max_depth": 5.0, "num_boost_round": 4.0}, "datetime": {"datetime": "2024-01-19 01:44:47", "elapsed": 5591.535757, "delta": 0.005724}}
{"target": -13.75852516495041, "params": {"gamma": 491.492826835832, "log10_alpha": -4.396609209120148, "log10_colsample_bytree": -0.179093017805371, "log10_eta": -3.7203459407056645, "log10_lambda": -4.224572296499474, "log10_min_child_weight": 3.324497435755833, "log10_subsample": -0.5304868542203072, "max_depth": 5.0, "num_boost_round": 5.0}, "datetime": {"datetime": "2024-01-19 01:44:47", "elapsed": 5591.5413, "delta": 0.005543}}
{"target": -13.75852621934978, "params": {"gamma": 491.492826835832, "log10_alpha": -4.396609209120148, "log10_colsample_bytree": -0.179093017805371, "log10_eta": -3.7203459407056645, "log10_lambda": -4.224572296499474, "log10_min_child_weight": 3.324497435755833, "log10_subsample": -0.5304868542203072, "max_depth": 5.0, "num_boost_round": 6.0}, "datetime": {"datetime": "2024-01-19 01:44:47", "elapsed": 5591.546991, "delta": 0.005691}}
{"target": -13.758522362939745, "params": {"gamma": 491.492826835832, "log10_alpha": -4.396609209120148, "log10_colsample_bytree": -0.179093017805371, "log10_eta": -3.7203459407056645, "log10_lambda": -4.224572296499474, "log10_min_child_weight": 3.324497435755833, "log10_subsample": -0.5304868542203072, "max_depth": 5.0, "num_boost_round": 7.0}, "datetime": {"datetime": "2024-01-19 01:44:47", "elapsed": 5591.55275, "delta": 0.005759}}
{"target": -13.758513009946302, "params": {"gamma": 491.492826835832, "log10_alpha": -4.396609209120148, "log10_colsample_bytree": -0.179093017805371, "log10_eta": -3.7203459407056645, "log10_lambda": -4.224572296499474, "log10_min_child_weight": 3.324497435755833, "log10_subsample": -0.5304868542203072, "max_depth": 5.0, "num_boost_round": 8.0}, "datetime": {"datetime": "2024-01-19 01:44:47", "elapsed": 5591.558618, "delta": 0.005868}}
{"target": -13.758510364415642, "params": {"gamma": 491.492826835832, "log10_alpha": -4.396609209120148, "log10_colsample_bytree": -0.179093017805371, "log10_eta": -3.7203459407056645, "log10_lambda": -4.224572296499474, "log10_min_child_weight": 3.324497435755833, "log10_subsample": -0.5304868542203072, "max_depth": 5.0, "num_boost_round": 9.0}, "datetime": {"datetime": "2024-01-19 01:44:47", "elapsed": 5591.663448, "delta": 0.10483}}
{"target": -13.758506509015843, "params": {"gamma": 491.492826835832, "log10_alpha": -4.396609209120148, "log10_colsample_bytree": -0.179093017805371, "log10_eta": -3.7203459407056645, "log10_lambda": -4.224572296499474, "log10_min_child_weight": 3.324497435755833, "log10_subsample": -0.5304868542203072, "max_depth": 5.0, "num_boost_round": 10.0}, "datetime": {"datetime": "2024-01-19 01:44:47", "elapsed": 5591.669709, "delta": 0.006261}}
{"target": -13.75849893504476, "params": {"gamma": 491.492826835832, "log10_alpha": -4.396609209120148, "log10_colsample_bytree": -0.179093017805371, "log10_eta": -3.7203459407056645, "log10_lambda": -4.224572296499474, "log10_min_child_weight": 3.324497435755833, "log10_subsample": -0.5304868542203072, "max_depth": 5.0, "num_boost_round": 11.0}, "datetime": {"datetime": "2024-01-19 01:44:47", "elapsed": 5591.675503, "delta": 0.005794}}
{"target": -13.75849091792257, "params": {"gamma": 491.492826835832, "log10_alpha": -4.396609209120148, "log10_colsample_bytree": -0.179093017805371, "log10_eta": -3.7203459407056645, "log10_lambda": -4.224572296499474, "log10_min_child_weight": 3.324497435755833, "log10_subsample": -0.5304868542203072, "max_depth": 5.0, "num_boost_round": 12.0}, "datetime": {"datetime": "2024-01-19 01:44:47", "elapsed": 5591.68111, "delta": 0.005607}}
{"target": -13.758489112587801, "params": {"gamma": 491.492826835832, "log10_alpha": -4.396609209120148, "log10_colsample_bytree": -0.179093017805371, "log10_eta": -3.7203459407056645, "log10_lambda": -4.224572296499474, "log10_min_child_weight": 3.324497435755833, "log10_subsample": -0.5304868542203072, "max_depth": 5.0, "num_boost_round": 13.0}, "datetime": {"datetime": "2024-01-19 01:44:47", "elapsed": 5591.686729, "delta": 0.005619}}
{"target": -13.758485647936084, "params": {"gamma": 491.492826835832, "log10_alpha": -4.396609209120148, "log10_colsample_bytree": -0.179093017805371, "log10_eta": -3.7203459407056645, "log10_lambda": -4.224572296499474, "log10_min_child_weight": 3.324497435755833, "log10_subsample": -0.5304868542203072, "max_depth": 5.0, "num_boost_round": 14.0}, "datetime": {"datetime": "2024-01-19 01:44:47", "elapsed": 5591.692305, "delta": 0.005576}}
{"target": -13.758486008631541, "params": {"gamma": 491.492826835832, "log10_alpha": -4.396609209120148, "log10_colsample_bytree": -0.179093017805371, "log10_eta": -3.7203459407056645, "log10_lambda": -4.224572296499474, "log10_min_child_weight": 3.324497435755833, "log10_subsample": -0.5304868542203072, "max_depth": 5.0, "num_boost_round": 15.0}, "datetime": {"datetime": "2024-01-19 01:44:47", "elapsed": 5591.697967, "delta": 0.005662}}
{"target": -13.758485764242558, "params": {"gamma": 491.492826835832, "log10_alpha": -4.396609209120148, "log10_colsample_bytree": -0.179093017805371, "log10_eta": -3.7203459407056645, "log10_lambda": -4.224572296499474, "log10_min_child_weight": 3.324497435755833, "log10_subsample": -0.5304868542203072, "max_depth": 5.0, "num_boost_round": 16.0}, "datetime": {"datetime": "2024-01-19 01:44:47", "elapsed": 5591.703586, "delta": 0.005619}}
{"target": -13.758487486805722, "params": {"gamma": 491.492826835832, "log10_alpha": -4.396609209120148, "log10_colsample_bytree": -0.179093017805371, "log10_eta": -3.7203459407056645, "log10_lambda": -4.224572296499474, "log10_min_child_weight": 3.324497435755833, "log10_subsample": -0.5304868542203072, "max_depth": 5.0, "num_boost_round": 17.0}, "datetime": {"datetime": "2024-01-19 01:44:47", "elapsed": 5591.709455, "delta": 0.005869}}
{"target": -13.758488332830552, "params": {"gamma": 491.492826835832, "log10_alpha": -4.396609209120148, "log10_colsample_bytree": -0.179093017805371, "log10_eta": -3.7203459407056645, "log10_lambda": -4.224572296499474, "log10_min_child_weight": 3.324497435755833, "log10_subsample": -0.5304868542203072, "max_depth": 5.0, "num_boost_round": 18.0}, "datetime": {"datetime": "2024-01-19 01:44:47", "elapsed": 5591.715411, "delta": 0.005956}}
{"target": -13.758483816921, "params": {"gamma": 491.492826835832, "log10_alpha": -4.396609209120148, "log10_colsample_bytree": -0.179093017805371, "log10_eta": -3.7203459407056645, "log10_lambda": -4.224572296499474, "log10_min_child_weight": 3.324497435755833, "log10_subsample": -0.5304868542203072, "max_depth": 5.0, "num_boost_round": 19.0}, "datetime": {"datetime": "2024-01-19 01:44:47", "elapsed": 5591.721434, "delta": 0.006023}}
{"target": -13.758480620436137, "params": {"gamma": 491.492826835832, "log10_alpha": -4.396609209120148, "log10_colsample_bytree": -0.179093017805371, "log10_eta": -3.7203459407056645, "log10_lambda": -4.224572296499474, "log10_min_child_weight": 3.324497435755833, "log10_subsample": -0.5304868542203072, "max_depth": 5.0, "num_boost_round": 20.0}, "datetime": {"datetime": "2024-01-19 01:44:47", "elapsed": 5591.727053, "delta": 0.005619}}
{"target": -13.758479031752003, "params": {"gamma": 491.492826835832, "log10_alpha": -4.396609209120148, "log10_colsample_bytree": -0.179093017805371, "log10_eta": -3.7203459407056645, "log10_lambda": -4.224572296499474, "log10_min_child_weight": 3.324497435755833, "log10_subsample": -0.5304868542203072, "max_depth": 5.0, "num_boost_round": 21.0}, "datetime": {"datetime": "2024-01-19 01:44:47", "elapsed": 5591.73268, "delta": 0.005627}}
{"target": -13.758475690132677, "params": {"gamma": 491.492826835832, "log10_alpha": -4.396609209120148, "log10_colsample_bytree": -0.179093017805371, "log10_eta": -3.7203459407056645, "log10_lambda": -4.224572296499474, "log10_min_child_weight": 3.324497435755833, "log10_subsample": -0.5304868542203072, "max_depth": 5.0, "num_boost_round": 22.0}, "datetime": {"datetime": "2024-01-19 01:44:47", "elapsed": 5591.738327, "delta": 0.005647}}
{"target": -13.758475253036794, "params": {"gamma": 491.492826835832, "log10_alpha": -4.396609209120148, "log10_colsample_bytree": -0.179093017805371, "log10_eta": -3.7203459407056645, "log10_lambda": -4.224572296499474, "log10_min_child_weight": 3.324497435755833, "log10_subsample": -0.5304868542203072, "max_depth": 5.0, "num_boost_round": 23.0}, "datetime": {"datetime": "2024-01-19 01:44:47", "elapsed": 5591.74402, "delta": 0.005693}}
{"target": -13.758470748099693, "params": {"gamma": 491.492826835832, "log10_alpha": -4.396609209120148, "log10_colsample_bytree": -0.179093017805371, "log10_eta": -3.7203459407056645, "log10_lambda": -4.224572296499474, "log10_min_child_weight": 3.324497435755833, "log10_subsample": -0.5304868542203072, "max_depth": 5.0, "num_boost_round": 24.0}, "datetime": {"datetime": "2024-01-19 01:44:47", "elapsed": 5591.749732, "delta": 0.005712}}
{"target": -13.758466600401029, "params": {"gamma": 491.492826835832, "log10_alpha": -4.396609209120148, "log10_colsample_bytree": -0.179093017805371, "log10_eta": -3.7203459407056645, "log10_lambda": -4.224572296499474, "log10_min_child_weight": 3.324497435755833, "log10_subsample": -0.5304868542203072, "max_depth": 5.0, "num_boost_round": 25.0}, "datetime": {"datetime": "2024-01-19 01:44:47", "elapsed": 5591.755412, "delta": 0.00568}}
{"target": -13.75846269783937, "params": {"gamma": 491.492826835832, "log10_alpha": -4.396609209120148, "log10_colsample_bytree": -0.179093017805371, "log10_eta": -3.7203459407056645, "log10_lambda": -4.224572296499474, "log10_min_child_weight": 3.324497435755833, "log10_subsample": -0.5304868542203072, "max_depth": 5.0, "num_boost_round": 26.0}, "datetime": {"datetime": "2024-01-19 01:44:47", "elapsed": 5591.761035, "delta": 0.005623}}
{"target": -13.758460097952115, "params": {"gamma": 491.492826835832, "log10_alpha": -4.396609209120148, "log10_colsample_bytree": -0.179093017805371, "log10_eta": -3.7203459407056645, "log10_lambda": -4.224572296499474, "log10_min_child_weight": 3.324497435755833, "log10_subsample": -0.5304868542203072, "max_depth": 5.0, "num_boost_round": 27.0}, "datetime": {"datetime": "2024-01-19 01:44:47", "elapsed": 5591.766699, "delta": 0.005664}}
{"target": -13.758455977196729, "params": {"gamma": 491.492826835832, "log10_alpha": -4.396609209120148, "log10_colsample_bytree": -0.179093017805371, "log10_eta": -3.7203459407056645, "log10_lambda": -4.224572296499474, "log10_min_child_weight": 3.324497435755833, "log10_subsample": -0.5304868542203072, "max_depth": 5.0, "num_boost_round": 28.0}, "datetime": {"datetime": "2024-01-19 01:44:47", "elapsed": 5591.772396, "delta": 0.005697}}
{"target": -13.75845385733113, "params": {"gamma": 491.492826835832, "log10_alpha": -4.396609209120148, "log10_colsample_bytree": -0.179093017805371, "log10_eta": -3.7203459407056645, "log10_lambda": -4.224572296499474, "log10_min_child_weight": 3.324497435755833, "log10_subsample": -0.5304868542203072, "max_depth": 5.0, "num_boost_round": 29.0}, "datetime": {"datetime": "2024-01-19 01:44:47", "elapsed": 5591.778162, "delta": 0.005766}}
{"target": -13.75845444375472, "params": {"gamma": 491.492826835832, "log10_alpha": -4.396609209120148, "log10_colsample_bytree": -0.179093017805371, "log10_eta": -3.7203459407056645, "log10_lambda": -4.224572296499474, "log10_min_child_weight": 3.324497435755833, "log10_subsample": -0.5304868542203072, "max_depth": 5.0, "num_boost_round": 30.0}, "datetime": {"datetime": "2024-01-19 01:44:47", "elapsed": 5591.784028, "delta": 0.005866}}
{"target": -13.758449756229401, "params": {"gamma": 491.492826835832, "log10_alpha": -4.396609209120148, "log10_colsample_bytree": -0.179093017805371, "log10_eta": -3.7203459407056645, "log10_lambda": -4.224572296499474, "log10_min_child_weight": 3.324497435755833, "log10_subsample": -0.5304868542203072, "max_depth": 5.0, "num_boost_round": 31.0}, "datetime": {"datetime": "2024-01-19 01:44:47", "elapsed": 5591.789995, "delta": 0.005967}}
{"target": -13.758452447906496, "params": {"gamma": 491.492826835832, "log10_alpha": -4.396609209120148, "log10_colsample_bytree": -0.179093017805371, "log10_eta": -3.7203459407056645, "log10_lambda": -4.224572296499474, "log10_min_child_weight": 3.324497435755833, "log10_subsample": -0.5304868542203072, "max_depth": 5.0, "num_boost_round": 32.0}, "datetime": {"datetime": "2024-01-19 01:44:47", "elapsed": 5591.795684, "delta": 0.005689}}
{"target": -13.758501411103314, "params": {"gamma": 561.7357626046577, "log10_alpha": -0.025625625503809424, "log10_colsample_bytree": -0.25743812867734983, "log10_eta": -1.2340544132230975, "log10_lambda": 0.7224949638840661, "log10_min_child_weight": 0.17984696327047411, "log10_subsample": -0.3553617738918502, "max_depth": 8.0, "num_boost_round": 0.0}, "datetime": {"datetime": "2024-01-19 01:46:15", "elapsed": 5679.058137, "delta": 87.262453}}
{"target": -13.759477637071, "params": {"gamma": 561.7357626046577, "log10_alpha": -0.025625625503809424, "log10_colsample_bytree": -0.25743812867734983, "log10_eta": -1.2340544132230975, "log10_lambda": 0.7224949638840661, "log10_min_child_weight": 0.17984696327047411, "log10_subsample": -0.3553617738918502, "max_depth": 8.0, "num_boost_round": 1.0}, "datetime": {"datetime": "2024-01-19 01:46:15", "elapsed": 5679.064345, "delta": 0.006208}}
{"target": -13.760542343555933, "params": {"gamma": 561.7357626046577, "log10_alpha": -0.025625625503809424, "log10_colsample_bytree": -0.25743812867734983, "log10_eta": -1.2340544132230975, "log10_lambda": 0.7224949638840661, "log10_min_child_weight": 0.17984696327047411, "log10_subsample": -0.3553617738918502, "max_depth": 8.0, "num_boost_round": 2.0}, "datetime": {"datetime": "2024-01-19 01:46:15", "elapsed": 5679.07002, "delta": 0.005675}}
{"target": -13.760886173118665, "params": {"gamma": 561.7357626046577, "log10_alpha": -0.025625625503809424, "log10_colsample_bytree": -0.25743812867734983, "log10_eta": -1.2340544132230975, "log10_lambda": 0.7224949638840661, "log10_min_child_weight": 0.17984696327047411, "log10_subsample": -0.3553617738918502, "max_depth": 8.0, "num_boost_round": 3.0}, "datetime": {"datetime": "2024-01-19 01:46:15", "elapsed": 5679.075699, "delta": 0.005679}}
{"target": -13.762587289852739, "params": {"gamma": 561.7357626046577, "log10_alpha": -0.025625625503809424, "log10_colsample_bytree": -0.25743812867734983, "log10_eta": -1.2340544132230975, "log10_lambda": 0.7224949638840661, "log10_min_child_weight": 0.17984696327047411, "log10_subsample": -0.3553617738918502, "max_depth": 8.0, "num_boost_round": 4.0}, "datetime": {"datetime": "2024-01-19 01:46:15", "elapsed": 5679.081399, "delta": 0.0057}}
{"target": -13.761966003195594, "params": {"gamma": 561.7357626046577, "log10_alpha": -0.025625625503809424, "log10_colsample_bytree": -0.25743812867734983, "log10_eta": -1.2340544132230975, "log10_lambda": 0.7224949638840661, "log10_min_child_weight": 0.17984696327047411, "log10_subsample": -0.3553617738918502, "max_depth": 8.0, "num_boost_round": 5.0}, "datetime": {"datetime": "2024-01-19 01:46:15", "elapsed": 5679.08713, "delta": 0.005731}}
{"target": -13.76605689481195, "params": {"gamma": 561.7357626046577, "log10_alpha": -0.025625625503809424, "log10_colsample_bytree": -0.25743812867734983, "log10_eta": -1.2340544132230975, "log10_lambda": 0.7224949638840661, "log10_min_child_weight": 0.17984696327047411, "log10_subsample": -0.3553617738918502, "max_depth": 8.0, "num_boost_round": 6.0}, "datetime": {"datetime": "2024-01-19 01:46:15", "elapsed": 5679.09276, "delta": 0.00563}}
{"target": -13.769717101518786, "params": {"gamma": 561.7357626046577, "log10_alpha": -0.025625625503809424, "log10_colsample_bytree": -0.25743812867734983, "log10_eta": -1.2340544132230975, "log10_lambda": 0.7224949638840661, "log10_min_child_weight": 0.17984696327047411, "log10_subsample": -0.3553617738918502, "max_depth": 8.0, "num_boost_round": 7.0}, "datetime": {"datetime": "2024-01-19 01:46:15", "elapsed": 5679.098439, "delta": 0.005679}}
{"target": -13.774298002631028, "params": {"gamma": 561.7357626046577, "log10_alpha": -0.025625625503809424, "log10_colsample_bytree": -0.25743812867734983, "log10_eta": -1.2340544132230975, "log10_lambda": 0.7224949638840661, "log10_min_child_weight": 0.17984696327047411, "log10_subsample": -0.3553617738918502, "max_depth": 8.0, "num_boost_round": 8.0}, "datetime": {"datetime": "2024-01-19 01:46:15", "elapsed": 5679.104113, "delta": 0.005674}}
{"target": -13.776901313710727, "params": {"gamma": 561.7357626046577, "log10_alpha": -0.025625625503809424, "log10_colsample_bytree": -0.25743812867734983, "log10_eta": -1.2340544132230975, "log10_lambda": 0.7224949638840661, "log10_min_child_weight": 0.17984696327047411, "log10_subsample": -0.3553617738918502, "max_depth": 8.0, "num_boost_round": 9.0}, "datetime": {"datetime": "2024-01-19 01:46:15", "elapsed": 5679.109905, "delta": 0.005792}}
