{"target": -17.677157379264283, "params": {"gamma": 28.649295142378794, "log10_alpha": 0.5009921549314464, "log10_colsample_bytree": -0.3593799872438562, "log10_eta": -3.7341298926890896, "log10_lambda": -0.5024751648721413, "log10_min_child_weight": 3.7566279992603087, "log10_subsample": -0.07456125036915795, "max_depth": 4.0, "num_boost_round": 16.0}, "datetime": {"datetime": "2024-01-19 00:32:07", "elapsed": 1280.765801, "delta": 0.001502}}
{"target": -17.677156649145363, "params": {"gamma": 28.649295142378794, "log10_alpha": 0.5009921549314464, "log10_colsample_bytree": -0.3593799872438562, "log10_eta": -3.7341298926890896, "log10_lambda": -0.5024751648721413, "log10_min_child_weight": 3.7566279992603087, "log10_subsample": -0.07456125036915795, "max_depth": 4.0, "num_boost_round": 17.0}, "datetime": {"datetime": "2024-01-19 00:32:07", "elapsed": 1280.767404, "delta": 0.001603}}
{"target": -17.677151124352584, "params": {"gamma": 28.649295142378794, "log10_alpha": 0.5009921549314464, "log10_colsample_bytree": -0.3593799872438562, "log10_eta": -3.7341298926890896, "log10_lambda": -0.5024751648721413, "log10_min_child_weight": 3.7566279992603087, "log10_subsample": -0.07456125036915795, "max_depth": 4.0, "num_boost_round": 18.0}, "datetime": {"datetime": "2024-01-19 00:32:07", "elapsed": 1280.768978, "delta": 0.001574}}
{"target": -17.677144839600764, "params": {"gamma": 28.649295142378794, "log10_alpha": 0.5009921549314464, "log10_colsample_bytree": -0.3593799872438562, "log10_eta": -3.7341298926890896, "log10_lambda": -0.5024751648721413, "log10_min_child_weight": 3.7566279992603087, "log10_subsample": -0.07456125036915795, "max_depth": 4.0, "num_boost_round": 19.0}, "datetime": {"datetime": "2024-01-19 00:32:07", "elapsed": 1280.770597, "delta": 0.001619}}
{"target": -17.67713675856626, "params": {"gamma": 28.649295142378794, "log10_alpha": 0.5009921549314464, "log10_colsample_bytree": -0.3593799872438562, "log10_eta": -3.7341298926890896, "log10_lambda": -0.5024751648721413, "log10_min_child_weight": 3.7566279992603087, "log10_subsample": -0.07456125036915795, "max_depth": 4.0, "num_boost_round": 20.0}, "datetime": {"datetime": "2024-01-19 00:32:07", "elapsed": 1280.772133, "delta": 0.001536}}
{"target": -17.67713177896874, "params": {"gamma": 28.649295142378794, "log10_alpha": 0.5009921549314464, "log10_colsample_bytree": -0.3593799872438562, "log10_eta": -3.7341298926890896, "log10_lambda": -0.5024751648721413, "log10_min_child_weight": 3.7566279992603087, "log10_subsample": -0.07456125036915795, "max_depth": 4.0, "num_boost_round": 21.0}, "datetime": {"datetime": "2024-01-19 00:32:07", "elapsed": 1280.773669, "delta": 0.001536}}
{"target": -17.677123976665502, "params": {"gamma": 28.649295142378794, "log10_alpha": 0.5009921549314464, "log10_colsample_bytree": -0.3593799872438562, "log10_eta": -3.7341298926890896, "log10_lambda": -0.5024751648721413, "log10_min_child_weight": 3.7566279992603087, "log10_subsample": -0.07456125036915795, "max_depth": 4.0, "num_boost_round": 22.0}, "datetime": {"datetime": "2024-01-19 00:32:07", "elapsed": 1280.775169, "delta": 0.0015}}
{"target": -17.67712295891589, "params": {"gamma": 28.649295142378794, "log10_alpha": 0.5009921549314464, "log10_colsample_bytree": -0.3593799872438562, "log10_eta": -3.7341298926890896, "log10_lambda": -0.5024751648721413, "log10_min_child_weight": 3.7566279992603087, "log10_subsample": -0.07456125036915795, "max_depth": 4.0, "num_boost_round": 23.0}, "datetime": {"datetime": "2024-01-19 00:32:07", "elapsed": 1280.776705, "delta": 0.001536}}
{"target": -17.67711968022861, "params": {"gamma": 28.649295142378794, "log10_alpha": 0.5009921549314464, "log10_colsample_bytree": -0.3593799872438562, "log10_eta": -3.7341298926890896, "log10_lambda": -0.5024751648721413, "log10_min_child_weight": 3.7566279992603087, "log10_subsample": -0.07456125036915795, "max_depth": 4.0, "num_boost_round": 24.0}, "datetime": {"datetime": "2024-01-19 00:32:07", "elapsed": 1280.778207, "delta": 0.001502}}
{"target": -17.677117903354333, "params": {"gamma": 28.649295142378794, "log10_alpha": 0.5009921549314464, "log10_colsample_bytree": -0.3593799872438562, "log10_eta": -3.7341298926890896, "log10_lambda": -0.5024751648721413, "log10_min_child_weight": 3.7566279992603087, "log10_subsample": -0.07456125036915795, "max_depth": 4.0, "num_boost_round": 25.0}, "datetime": {"datetime": "2024-01-19 00:32:07", "elapsed": 1280.779706, "delta": 0.001499}}
{"target": -17.67711789594477, "params": {"gamma": 28.649295142378794, "log10_alpha": 0.5009921549314464, "log10_colsample_bytree": -0.3593799872438562, "log10_eta": -3.7341298926890896, "log10_lambda": -0.5024751648721413, "log10_min_child_weight": 3.7566279992603087, "log10_subsample": -0.07456125036915795, "max_depth": 4.0, "num_boost_round": 26.0}, "datetime": {"datetime": "2024-01-19 00:32:07", "elapsed": 1280.781241, "delta": 0.001535}}
{"target": -17.677110875575348, "params": {"gamma": 28.649295142378794, "log10_alpha": 0.5009921549314464, "log10_colsample_bytree": -0.3593799872438562, "log10_eta": -3.7341298926890896, "log10_lambda": -0.5024751648721413, "log10_min_child_weight": 3.7566279992603087, "log10_subsample": -0.07456125036915795, "max_depth": 4.0, "num_boost_round": 27.0}, "datetime": {"datetime": "2024-01-19 00:32:07", "elapsed": 1280.782736, "delta": 0.001495}}
{"target": -17.677107633794115, "params": {"gamma": 28.649295142378794, "log10_alpha": 0.5009921549314464, "log10_colsample_bytree": -0.3593799872438562, "log10_eta": -3.7341298926890896, "log10_lambda": -0.5024751648721413, "log10_min_child_weight": 3.7566279992603087, "log10_subsample": -0.07456125036915795, "max_depth": 4.0, "num_boost_round": 28.0}, "datetime": {"datetime": "2024-01-19 00:32:07", "elapsed": 1280.784234, "delta": 0.001498}}
{"target": -17.677103087760656, "params": {"gamma": 28.649295142378794, "log10_alpha": 0.5009921549314464, "log10_colsample_bytree": -0.3593799872438562, "log10_eta": -3.7341298926890896, "log10_lambda": -0.5024751648721413, "log10_min_child_weight": 3.7566279992603087, "log10_subsample": -0.07456125036915795, "max_depth": 4.0, "num_boost_round": 29.0}, "datetime": {"datetime": "2024-01-19 00:32:07", "elapsed": 1280.785757, "delta": 0.001523}}
{"target": -17.677098425039095, "params": {"gamma": 28.649295142378794, "log10_alpha": 0.5009921549314464, "log10_colsample_bytree": -0.3593799872438562, "log10_eta": -3.7341298926890896, "log10_lambda": -0.5024751648721413, "log10_min_child_weight": 3.7566279992603087, "log10_subsample": -0.07456125036915795, "max_depth": 4.0, "num_boost_round": 30.0}, "datetime": {"datetime": "2024-01-19 00:32:07", "elapsed": 1280.787394, "delta": 0.001637}}
{"target": -17.677092308550765, "params": {"gamma": 28.649295142378794, "log10_alpha": 0.5009921549314464, "log10_colsample_bytree": -0.3593799872438562, "log10_eta": -3.7341298926890896, "log10_lambda": -0.5024751648721413, "log10_min_child_weight": 3.7566279992603087, "log10_subsample": -0.07456125036915795, "max_depth": 4.0, "num_boost_round": 31.0}, "datetime": {"datetime": "2024-01-19 00:32:07", "elapsed": 1280.788909, "delta": 0.001515}}
{"target": -17.67708623044689, "params": {"gamma": 28.649295142378794, "log10_alpha": 0.5009921549314464, "log10_colsample_bytree": -0.3593799872438562, "log10_eta": -3.7341298926890896, "log10_lambda": -0.5024751648721413, "log10_min_child_weight": 3.7566279992603087, "log10_subsample": -0.07456125036915795, "max_depth": 4.0, "num_boost_round": 32.0}, "datetime": {"datetime": "2024-01-19 00:32:07", "elapsed": 1280.790423, "delta": 0.001514}}
{"target": -17.67708064951823, "params": {"gamma": 28.649295142378794, "log10_alpha": 0.5009921549314464, "log10_colsample_bytree": -0.3593799872438562, "log10_eta": -3.7341298926890896, "log10_lambda": -0.5024751648721413, "log10_min_child_weight": 3.7566279992603087, "log10_subsample": -0.07456125036915795, "max_depth": 4.0, "num_boost_round": 33.0}, "datetime": {"datetime": "2024-01-19 00:32:07", "elapsed": 1280.792011, "delta": 0.001588}}
{"target": -17.677075264148414, "params": {"gamma": 28.649295142378794, "log10_alpha": 0.5009921549314464, "log10_colsample_bytree": -0.3593799872438562, "log10_eta": -3.7341298926890896, "log10_lambda": -0.5024751648721413, "log10_min_child_weight": 3.7566279992603087, "log10_subsample": -0.07456125036915795, "max_depth": 4.0, "num_boost_round": 34.0}, "datetime": {"datetime": "2024-01-19 00:32:07", "elapsed": 1280.793523, "delta": 0.001512}}
{"target": -17.677068754840477, "params": {"gamma": 28.649295142378794, "log10_alpha": 0.5009921549314464, "log10_colsample_bytree": -0.3593799872438562, "log10_eta": -3.7341298926890896, "log10_lambda": -0.5024751648721413, "log10_min_child_weight": 3.7566279992603087, "log10_subsample": -0.07456125036915795, "max_depth": 4.0, "num_boost_round": 35.0}, "datetime": {"datetime": "2024-01-19 00:32:07", "elapsed": 1280.795126, "delta": 0.001603}}
{"target": -17.67706798894294, "params": {"gamma": 28.649295142378794, "log10_alpha": 0.5009921549314464, "log10_colsample_bytree": -0.3593799872438562, "log10_eta": -3.7341298926890896, "log10_lambda": -0.5024751648721413, "log10_min_child_weight": 3.7566279992603087, "log10_subsample": -0.07456125036915795, "max_depth": 4.0, "num_boost_round": 36.0}, "datetime": {"datetime": "2024-01-19 00:32:07", "elapsed": 1280.796651, "delta": 0.001525}}
{"target": -17.677064279925908, "params": {"gamma": 28.649295142378794, "log10_alpha": 0.5009921549314464, "log10_colsample_bytree": -0.3593799872438562, "log10_eta": -3.7341298926890896, "log10_lambda": -0.5024751648721413, "log10_min_child_weight": 3.7566279992603087, "log10_subsample": -0.07456125036915795, "max_depth": 4.0, "num_boost_round": 37.0}, "datetime": {"datetime": "2024-01-19 00:32:07", "elapsed": 1280.798178, "delta": 0.001527}}
{"target": -17.67706080959478, "params": {"gamma": 28.649295142378794, "log10_alpha": 0.5009921549314464, "log10_colsample_bytree": -0.3593799872438562, "log10_eta": -3.7341298926890896, "log10_lambda": -0.5024751648721413, "log10_min_child_weight": 3.7566279992603087, "log10_subsample": -0.07456125036915795, "max_depth": 4.0, "num_boost_round": 38.0}, "datetime": {"datetime": "2024-01-19 00:32:07", "elapsed": 1280.799693, "delta": 0.001515}}
{"target": -17.67705810374193, "params": {"gamma": 28.649295142378794, "log10_alpha": 0.5009921549314464, "log10_colsample_bytree": -0.3593799872438562, "log10_eta": -3.7341298926890896, "log10_lambda": -0.5024751648721413, "log10_min_child_weight": 3.7566279992603087, "log10_subsample": -0.07456125036915795, "max_depth": 4.0, "num_boost_round": 39.0}, "datetime": {"datetime": "2024-01-19 00:32:07", "elapsed": 1280.801205, "delta": 0.001512}}
{"target": -17.677054646589074, "params": {"gamma": 28.649295142378794, "log10_alpha": 0.5009921549314464, "log10_colsample_bytree": -0.3593799872438562, "log10_eta": -3.7341298926890896, "log10_lambda": -0.5024751648721413, "log10_min_child_weight": 3.7566279992603087, "log10_subsample": -0.07456125036915795, "max_depth": 4.0, "num_boost_round": 40.0}, "datetime": {"datetime": "2024-01-19 00:32:07", "elapsed": 1280.802735, "delta": 0.00153}}
{"target": -17.67705218841739, "params": {"gamma": 28.649295142378794, "log10_alpha": 0.5009921549314464, "log10_colsample_bytree": -0.3593799872438562, "log10_eta": -3.7341298926890896, "log10_lambda": -0.5024751648721413, "log10_min_child_weight": 3.7566279992603087, "log10_subsample": -0.07456125036915795, "max_depth": 4.0, "num_boost_round": 41.0}, "datetime": {"datetime": "2024-01-19 00:32:07", "elapsed": 1280.804251, "delta": 0.001516}}
{"target": -17.677048738098318, "params": {"gamma": 28.649295142378794, "log10_alpha": 0.5009921549314464, "log10_colsample_bytree": -0.3593799872438562, "log10_eta": -3.7341298926890896, "log10_lambda": -0.5024751648721413, "log10_min_child_weight": 3.7566279992603087, "log10_subsample": -0.07456125036915795, "max_depth": 4.0, "num_boost_round": 42.0}, "datetime": {"datetime": "2024-01-19 00:32:07", "elapsed": 1280.805936, "delta": 0.001685}}
{"target": -17.677042388269413, "params": {"gamma": 28.649295142378794, "log10_alpha": 0.5009921549314464, "log10_colsample_bytree": -0.3593799872438562, "log10_eta": -3.7341298926890896, "log10_lambda": -0.5024751648721413, "log10_min_child_weight": 3.7566279992603087, "log10_subsample": -0.07456125036915795, "max_depth": 4.0, "num_boost_round": 43.0}, "datetime": {"datetime": "2024-01-19 00:32:07", "elapsed": 1280.807649, "delta": 0.001713}}
{"target": -17.677037748586002, "params": {"gamma": 28.649295142378794, "log10_alpha": 0.5009921549314464, "log10_colsample_bytree": -0.3593799872438562, "log10_eta": -3.7341298926890896, "log10_lambda": -0.5024751648721413, "log10_min_child_weight": 3.7566279992603087, "log10_subsample": -0.07456125036915795, "max_depth": 4.0, "num_boost_round": 44.0}, "datetime": {"datetime": "2024-01-19 00:32:07", "elapsed": 1280.809268, "delta": 0.001619}}
{"target": -17.687814105340152, "params": {"gamma": 26.797298408582137, "log10_alpha": -4.759179237465497, "log10_colsample_bytree": -0.039784495981839196, "log10_eta": -0.5137613651998332, "log10_lambda": -3.5361488489419752, "log10_min_child_weight": 4.043808545864103, "log10_subsample": -0.6344166998190152, "max_depth": 3.0, "num_boost_round": 0.0}, "datetime": {"datetime": "2024-01-19 00:32:49", "elapsed": 1323.551916, "delta": 42.742648}}
{"target": -17.69346055635655, "params": {"gamma": 26.797298408582137, "log10_alpha": -4.759179237465497, "log10_colsample_bytree": -0.039784495981839196, "log10_eta": -0.5137613651998332, "log10_lambda": -3.5361488489419752, "log10_min_child_weight": 4.043808545864103, "log10_subsample": -0.6344166998190152, "max_depth": 3.0, "num_boost_round": 1.0}, "datetime": {"datetime": "2024-01-19 00:32:49", "elapsed": 1323.554516, "delta": 0.0026}}
{"target": -17.698961256159514, "params": {"gamma": 26.797298408582137, "log10_alpha": -4.759179237465497, "log10_colsample_bytree": -0.039784495981839196, "log10_eta": -0.5137613651998332, "log10_lambda": -3.5361488489419752, "log10_min_child_weight": 4.043808545864103, "log10_subsample": -0.6344166998190152, "max_depth": 3.0, "num_boost_round": 2.0}, "datetime": {"datetime": "2024-01-19 00:32:49", "elapsed": 1323.556187, "delta": 0.001671}}
{"target": -17.700813138905012, "params": {"gamma": 26.797298408582137, "log10_alpha": -4.759179237465497, "log10_colsample_bytree": -0.039784495981839196, "log10_eta": -0.5137613651998332, "log10_lambda": -3.5361488489419752, "log10_min_child_weight": 4.043808545864103, "log10_subsample": -0.6344166998190152, "max_depth": 3.0, "num_boost_round": 3.0}, "datetime": {"datetime": "2024-01-19 00:32:49", "elapsed": 1323.557778, "delta": 0.001591}}
{"target": -17.713465969354527, "params": {"gamma": 26.797298408582137, "log10_alpha": -4.759179237465497, "log10_colsample_bytree": -0.039784495981839196, "log10_eta": -0.5137613651998332, "log10_lambda": -3.5361488489419752, "log10_min_child_weight": 4.043808545864103, "log10_subsample": -0.6344166998190152, "max_depth": 3.0, "num_boost_round": 4.0}, "datetime": {"datetime": "2024-01-19 00:32:49", "elapsed": 1323.559296, "delta": 0.001518}}
{"target": -17.715162450970546, "params": {"gamma": 26.797298408582137, "log10_alpha": -4.759179237465497, "log10_colsample_bytree": -0.039784495981839196, "log10_eta": -0.5137613651998332, "log10_lambda": -3.5361488489419752, "log10_min_child_weight": 4.043808545864103, "log10_subsample": -0.6344166998190152, "max_depth": 3.0, "num_boost_round": 5.0}, "datetime": {"datetime": "2024-01-19 00:32:49", "elapsed": 1323.560833, "delta": 0.001537}}
{"target": -17.71687970370454, "params": {"gamma": 26.797298408582137, "log10_alpha": -4.759179237465497, "log10_colsample_bytree": -0.039784495981839196, "log10_eta": -0.5137613651998332, "log10_lambda": -3.5361488489419752, "log10_min_child_weight": 4.043808545864103, "log10_subsample": -0.6344166998190152, "max_depth": 3.0, "num_boost_round": 6.0}, "datetime": {"datetime": "2024-01-19 00:32:49", "elapsed": 1323.562318, "delta": 0.001485}}
{"target": -17.715546201582807, "params": {"gamma": 26.797298408582137, "log10_alpha": -4.759179237465497, "log10_colsample_bytree": -0.039784495981839196, "log10_eta": -0.5137613651998332, "log10_lambda": -3.5361488489419752, "log10_min_child_weight": 4.043808545864103, "log10_subsample": -0.6344166998190152, "max_depth": 3.0, "num_boost_round": 7.0}, "datetime": {"datetime": "2024-01-19 00:32:49", "elapsed": 1323.563809, "delta": 0.001491}}
{"target": -17.717522278243308, "params": {"gamma": 26.797298408582137, "log10_alpha": -4.759179237465497, "log10_colsample_bytree": -0.039784495981839196, "log10_eta": -0.5137613651998332, "log10_lambda": -3.5361488489419752, "log10_min_child_weight": 4.043808545864103, "log10_subsample": -0.6344166998190152, "max_depth": 3.0, "num_boost_round": 8.0}, "datetime": {"datetime": "2024-01-19 00:32:49", "elapsed": 1323.565312, "delta": 0.001503}}
{"target": -17.71847692752906, "params": {"gamma": 26.797298408582137, "log10_alpha": -4.759179237465497, "log10_colsample_bytree": -0.039784495981839196, "log10_eta": -0.5137613651998332, "log10_lambda": -3.5361488489419752, "log10_min_child_weight": 4.043808545864103, "log10_subsample": -0.6344166998190152, "max_depth": 3.0, "num_boost_round": 9.0}, "datetime": {"datetime": "2024-01-19 00:32:49", "elapsed": 1323.566989, "delta": 0.001677}}
{"target": -17.71989823575236, "params": {"gamma": 26.797298408582137, "log10_alpha": -4.759179237465497, "log10_colsample_bytree": -0.039784495981839196, "log10_eta": -0.5137613651998332, "log10_lambda": -3.5361488489419752, "log10_min_child_weight": 4.043808545864103, "log10_subsample": -0.6344166998190152, "max_depth": 3.0, "num_boost_round": 10.0}, "datetime": {"datetime": "2024-01-19 00:32:49", "elapsed": 1323.568745, "delta": 0.001756}}
{"target": -17.720327429442136, "params": {"gamma": 26.797298408582137, "log10_alpha": -4.759179237465497, "log10_colsample_bytree": -0.039784495981839196, "log10_eta": -0.5137613651998332, "log10_lambda": -3.5361488489419752, "log10_min_child_weight": 4.043808545864103, "log10_subsample": -0.6344166998190152, "max_depth": 3.0, "num_boost_round": 11.0}, "datetime": {"datetime": "2024-01-19 00:32:49", "elapsed": 1323.570339, "delta": 0.001594}}
{"target": -17.722332739410437, "params": {"gamma": 26.797298408582137, "log10_alpha": -4.759179237465497, "log10_colsample_bytree": -0.039784495981839196, "log10_eta": -0.5137613651998332, "log10_lambda": -3.5361488489419752, "log10_min_child_weight": 4.043808545864103, "log10_subsample": -0.6344166998190152, "max_depth": 3.0, "num_boost_round": 12.0}, "datetime": {"datetime": "2024-01-19 00:32:49", "elapsed": 1323.571902, "delta": 0.001563}}
{"target": -17.729263308284352, "params": {"gamma": 26.797298408582137, "log10_alpha": -4.759179237465497, "log10_colsample_bytree": -0.039784495981839196, "log10_eta": -0.5137613651998332, "log10_lambda": -3.5361488489419752, "log10_min_child_weight": 4.043808545864103, "log10_subsample": -0.6344166998190152, "max_depth": 3.0, "num_boost_round": 13.0}, "datetime": {"datetime": "2024-01-19 00:32:49", "elapsed": 1323.573415, "delta": 0.001513}}
{"target": -17.73099940735065, "params": {"gamma": 26.797298408582137, "log10_alpha": -4.759179237465497, "log10_colsample_bytree": -0.039784495981839196, "log10_eta": -0.5137613651998332, "log10_lambda": -3.5361488489419752, "log10_min_child_weight": 4.043808545864103, "log10_subsample": -0.6344166998190152, "max_depth": 3.0, "num_boost_round": 14.0}, "datetime": {"datetime": "2024-01-19 00:32:49", "elapsed": 1323.574926, "delta": 0.001511}}
{"target": -17.733958921550848, "params": {"gamma": 26.797298408582137, "log10_alpha": -4.759179237465497, "log10_colsample_bytree": -0.039784495981839196, "log10_eta": -0.5137613651998332, "log10_lambda": -3.5361488489419752, "log10_min_child_weight": 4.043808545864103, "log10_subsample": -0.6344166998190152, "max_depth": 3.0, "num_boost_round": 15.0}, "datetime": {"datetime": "2024-01-19 00:32:49", "elapsed": 1323.576471, "delta": 0.001545}}
{"target": -17.737922082994835, "params": {"gamma": 26.797298408582137, "log10_alpha": -4.759179237465497, "log10_colsample_bytree": -0.039784495981839196, "log10_eta": -0.5137613651998332, "log10_lambda": -3.5361488489419752, "log10_min_child_weight": 4.043808545864103, "log10_subsample": -0.6344166998190152, "max_depth": 3.0, "num_boost_round": 16.0}, "datetime": {"datetime": "2024-01-19 00:32:49", "elapsed": 1323.578, "delta": 0.001529}}
{"target": -17.742825216350877, "params": {"gamma": 26.797298408582137, "log10_alpha": -4.759179237465497, "log10_colsample_bytree": -0.039784495981839196, "log10_eta": -0.5137613651998332, "log10_lambda": -3.5361488489419752, "log10_min_child_weight": 4.043808545864103, "log10_subsample": -0.6344166998190152, "max_depth": 3.0, "num_boost_round": 17.0}, "datetime": {"datetime": "2024-01-19 00:32:49", "elapsed": 1323.579527, "delta": 0.001527}}
{"target": -17.749388591294267, "params": {"gamma": 26.797298408582137, "log10_alpha": -4.759179237465497, "log10_colsample_bytree": -0.039784495981839196, "log10_eta": -0.5137613651998332, "log10_lambda": -3.5361488489419752, "log10_min_child_weight": 4.043808545864103, "log10_subsample": -0.6344166998190152, "max_depth": 3.0, "num_boost_round": 18.0}, "datetime": {"datetime": "2024-01-19 00:32:49", "elapsed": 1323.581088, "delta": 0.001561}}
{"target": -17.750049573437337, "params": {"gamma": 26.797298408582137, "log10_alpha": -4.759179237465497, "log10_colsample_bytree": -0.039784495981839196, "log10_eta": -0.5137613651998332, "log10_lambda": -3.5361488489419752, "log10_min_child_weight": 4.043808545864103, "log10_subsample": -0.6344166998190152, "max_depth": 3.0, "num_boost_round": 19.0}, "datetime": {"datetime": "2024-01-19 00:32:49", "elapsed": 1323.582624, "delta": 0.001536}}
