{"target": -17.754559302303136, "params": {"gamma": 556.4781617748909, "log10_alpha": -0.7141505099970624, "log10_colsample_bytree": -0.5753892081391859, "log10_eta": -0.3361727870696094, "log10_lambda": -0.7313972451271802, "log10_min_child_weight": 4.720021178808897, "log10_subsample": -0.22540472157376812, "max_depth": 6.0, "num_boost_round": 28.0}, "datetime": {"datetime": "2024-01-19 00:28:19", "elapsed": 996.899642, "delta": 0.001566}}
{"target": -17.755931565829606, "params": {"gamma": 556.4781617748909, "log10_alpha": -0.7141505099970624, "log10_colsample_bytree": -0.5753892081391859, "log10_eta": -0.3361727870696094, "log10_lambda": -0.7313972451271802, "log10_min_child_weight": 4.720021178808897, "log10_subsample": -0.22540472157376812, "max_depth": 6.0, "num_boost_round": 29.0}, "datetime": {"datetime": "2024-01-19 00:28:19", "elapsed": 996.901199, "delta": 0.001557}}
{"target": -17.75267392369709, "params": {"gamma": 556.4781617748909, "log10_alpha": -0.7141505099970624, "log10_colsample_bytree": -0.5753892081391859, "log10_eta": -0.3361727870696094, "log10_lambda": -0.7313972451271802, "log10_min_child_weight": 4.720021178808897, "log10_subsample": -0.22540472157376812, "max_depth": 6.0, "num_boost_round": 30.0}, "datetime": {"datetime": "2024-01-19 00:28:19", "elapsed": 996.902783, "delta": 0.001584}}
{"target": -17.75212574359827, "params": {"gamma": 556.4781617748909, "log10_alpha": -0.7141505099970624, "log10_colsample_bytree": -0.5753892081391859, "log10_eta": -0.3361727870696094, "log10_lambda": -0.7313972451271802, "log10_min_child_weight": 4.720021178808897, "log10_subsample": -0.22540472157376812, "max_depth": 6.0, "num_boost_round": 31.0}, "datetime": {"datetime": "2024-01-19 00:28:19", "elapsed": 996.904344, "delta": 0.001561}}
{"target": -17.75745519110522, "params": {"gamma": 556.4781617748909, "log10_alpha": -0.7141505099970624, "log10_colsample_bytree": -0.5753892081391859, "log10_eta": -0.3361727870696094, "log10_lambda": -0.7313972451271802, "log10_min_child_weight": 4.720021178808897, "log10_subsample": -0.22540472157376812, "max_depth": 6.0, "num_boost_round": 32.0}, "datetime": {"datetime": "2024-01-19 00:28:19", "elapsed": 996.905916, "delta": 0.001572}}
{"target": -17.75705028778327, "params": {"gamma": 556.4781617748909, "log10_alpha": -0.7141505099970624, "log10_colsample_bytree": -0.5753892081391859, "log10_eta": -0.3361727870696094, "log10_lambda": -0.7313972451271802, "log10_min_child_weight": 4.720021178808897, "log10_subsample": -0.22540472157376812, "max_depth": 6.0, "num_boost_round": 33.0}, "datetime": {"datetime": "2024-01-19 00:28:19", "elapsed": 996.907486, "delta": 0.00157}}
{"target": -17.76329351261513, "params": {"gamma": 556.4781617748909, "log10_alpha": -0.7141505099970624, "log10_colsample_bytree": -0.5753892081391859, "log10_eta": -0.3361727870696094, "log10_lambda": -0.7313972451271802, "log10_min_child_weight": 4.720021178808897, "log10_subsample": -0.22540472157376812, "max_depth": 6.0, "num_boost_round": 34.0}, "datetime": {"datetime": "2024-01-19 00:28:19", "elapsed": 996.909053, "delta": 0.001567}}
{"target": -17.677232166134363, "params": {"gamma": 549.2544075192158, "log10_alpha": 0.4146499461718838, "log10_colsample_bytree": -0.7213146341329774, "log10_eta": -3.9077881118852815, "log10_lambda": -3.9339710315596537, "log10_min_child_weight": 3.949327483542944, "log10_subsample": -0.8553110439355027, "max_depth": 2.0, "num_boost_round": 0.0}, "datetime": {"datetime": "2024-01-19 00:28:40", "elapsed": 1018.121708, "delta": 21.212655}}
{"target": -17.67723181235565, "params": {"gamma": 549.2544075192158, "log10_alpha": 0.4146499461718838, "log10_colsample_bytree": -0.7213146341329774, "log10_eta": -3.9077881118852815, "log10_lambda": -3.9339710315596537, "log10_min_child_weight": 3.949327483542944, "log10_subsample": -0.8553110439355027, "max_depth": 2.0, "num_boost_round": 1.0}, "datetime": {"datetime": "2024-01-19 00:28:40", "elapsed": 1018.124041, "delta": 0.002333}}
{"target": -17.67723154781398, "params": {"gamma": 549.2544075192158, "log10_alpha": 0.4146499461718838, "log10_colsample_bytree": -0.7213146341329774, "log10_eta": -3.9077881118852815, "log10_lambda": -3.9339710315596537, "log10_min_child_weight": 3.949327483542944, "log10_subsample": -0.8553110439355027, "max_depth": 2.0, "num_boost_round": 2.0}, "datetime": {"datetime": "2024-01-19 00:28:40", "elapsed": 1018.125588, "delta": 0.001547}}
{"target": -17.67723142240915, "params": {"gamma": 549.2544075192158, "log10_alpha": 0.4146499461718838, "log10_colsample_bytree": -0.7213146341329774, "log10_eta": -3.9077881118852815, "log10_lambda": -3.9339710315596537, "log10_min_child_weight": 3.949327483542944, "log10_subsample": -0.8553110439355027, "max_depth": 2.0, "num_boost_round": 3.0}, "datetime": {"datetime": "2024-01-19 00:28:40", "elapsed": 1018.127249, "delta": 0.001661}}
{"target": -17.67722962626597, "params": {"gamma": 549.2544075192158, "log10_alpha": 0.4146499461718838, "log10_colsample_bytree": -0.7213146341329774, "log10_eta": -3.9077881118852815, "log10_lambda": -3.9339710315596537, "log10_min_child_weight": 3.949327483542944, "log10_subsample": -0.8553110439355027, "max_depth": 2.0, "num_boost_round": 4.0}, "datetime": {"datetime": "2024-01-19 00:28:40", "elapsed": 1018.128794, "delta": 0.001545}}
{"target": -17.677229691368403, "params": {"gamma": 549.2544075192158, "log10_alpha": 0.4146499461718838, "log10_colsample_bytree": -0.7213146341329774, "log10_eta": -3.9077881118852815, "log10_lambda": -3.9339710315596537, "log10_min_child_weight": 3.949327483542944, "log10_subsample": -0.8553110439355027, "max_depth": 2.0, "num_boost_round": 5.0}, "datetime": {"datetime": "2024-01-19 00:28:40", "elapsed": 1018.130493, "delta": 0.001699}}
{"target": -17.67723076630755, "params": {"gamma": 549.2544075192158, "log10_alpha": 0.4146499461718838, "log10_colsample_bytree": -0.7213146341329774, "log10_eta": -3.9077881118852815, "log10_lambda": -3.9339710315596537, "log10_min_child_weight": 3.949327483542944, "log10_subsample": -0.8553110439355027, "max_depth": 2.0, "num_boost_round": 6.0}, "datetime": {"datetime": "2024-01-19 00:28:40", "elapsed": 1018.132211, "delta": 0.001718}}
{"target": -17.67722941045022, "params": {"gamma": 549.2544075192158, "log10_alpha": 0.4146499461718838, "log10_colsample_bytree": -0.7213146341329774, "log10_eta": -3.9077881118852815, "log10_lambda": -3.9339710315596537, "log10_min_child_weight": 3.949327483542944, "log10_subsample": -0.8553110439355027, "max_depth": 2.0, "num_boost_round": 7.0}, "datetime": {"datetime": "2024-01-19 00:28:40", "elapsed": 1018.133913, "delta": 0.001702}}
{"target": -17.677229603670472, "params": {"gamma": 549.2544075192158, "log10_alpha": 0.4146499461718838, "log10_colsample_bytree": -0.7213146341329774, "log10_eta": -3.9077881118852815, "log10_lambda": -3.9339710315596537, "log10_min_child_weight": 3.949327483542944, "log10_subsample": -0.8553110439355027, "max_depth": 2.0, "num_boost_round": 8.0}, "datetime": {"datetime": "2024-01-19 00:28:40", "elapsed": 1018.135442, "delta": 0.001529}}
{"target": -17.677228662364953, "params": {"gamma": 549.2544075192158, "log10_alpha": 0.4146499461718838, "log10_colsample_bytree": -0.7213146341329774, "log10_eta": -3.9077881118852815, "log10_lambda": -3.9339710315596537, "log10_min_child_weight": 3.949327483542944, "log10_subsample": -0.8553110439355027, "max_depth": 2.0, "num_boost_round": 9.0}, "datetime": {"datetime": "2024-01-19 00:28:40", "elapsed": 1018.136972, "delta": 0.00153}}
{"target": -17.67722837511108, "params": {"gamma": 549.2544075192158, "log10_alpha": 0.4146499461718838, "log10_colsample_bytree": -0.7213146341329774, "log10_eta": -3.9077881118852815, "log10_lambda": -3.9339710315596537, "log10_min_child_weight": 3.949327483542944, "log10_subsample": -0.8553110439355027, "max_depth": 2.0, "num_boost_round": 10.0}, "datetime": {"datetime": "2024-01-19 00:28:40", "elapsed": 1018.138509, "delta": 0.001537}}
{"target": -17.67543650819022, "params": {"gamma": 558.281037421824, "log10_alpha": -0.4270480208814984, "log10_colsample_bytree": -0.7901658836689812, "log10_eta": -1.094066182043297, "log10_lambda": -4.839982442639377, "log10_min_child_weight": 3.35263977619198, "log10_subsample": -0.017969182337329803, "max_depth": 2.0, "num_boost_round": 0.0}, "datetime": {"datetime": "2024-01-19 00:29:03", "elapsed": 1040.455241, "delta": 22.316732}}
{"target": -17.675256006224934, "params": {"gamma": 558.281037421824, "log10_alpha": -0.4270480208814984, "log10_colsample_bytree": -0.7901658836689812, "log10_eta": -1.094066182043297, "log10_lambda": -4.839982442639377, "log10_min_child_weight": 3.35263977619198, "log10_subsample": -0.017969182337329803, "max_depth": 2.0, "num_boost_round": 1.0}, "datetime": {"datetime": "2024-01-19 00:29:03", "elapsed": 1040.457221, "delta": 0.00198}}
{"target": -17.674024365938177, "params": {"gamma": 558.281037421824, "log10_alpha": -0.4270480208814984, "log10_colsample_bytree": -0.7901658836689812, "log10_eta": -1.094066182043297, "log10_lambda": -4.839982442639377, "log10_min_child_weight": 3.35263977619198, "log10_subsample": -0.017969182337329803, "max_depth": 2.0, "num_boost_round": 2.0}, "datetime": {"datetime": "2024-01-19 00:29:03", "elapsed": 1040.458797, "delta": 0.001576}}
{"target": -17.67516776214882, "params": {"gamma": 558.281037421824, "log10_alpha": -0.4270480208814984, "log10_colsample_bytree": -0.7901658836689812, "log10_eta": -1.094066182043297, "log10_lambda": -4.839982442639377, "log10_min_child_weight": 3.35263977619198, "log10_subsample": -0.017969182337329803, "max_depth": 2.0, "num_boost_round": 3.0}, "datetime": {"datetime": "2024-01-19 00:29:03", "elapsed": 1040.460486, "delta": 0.001689}}
{"target": -17.67472212208585, "params": {"gamma": 558.281037421824, "log10_alpha": -0.4270480208814984, "log10_colsample_bytree": -0.7901658836689812, "log10_eta": -1.094066182043297, "log10_lambda": -4.839982442639377, "log10_min_child_weight": 3.35263977619198, "log10_subsample": -0.017969182337329803, "max_depth": 2.0, "num_boost_round": 4.0}, "datetime": {"datetime": "2024-01-19 00:29:03", "elapsed": 1040.462035, "delta": 0.001549}}
{"target": -17.675413247862245, "params": {"gamma": 558.281037421824, "log10_alpha": -0.4270480208814984, "log10_colsample_bytree": -0.7901658836689812, "log10_eta": -1.094066182043297, "log10_lambda": -4.839982442639377, "log10_min_child_weight": 3.35263977619198, "log10_subsample": -0.017969182337329803, "max_depth": 2.0, "num_boost_round": 5.0}, "datetime": {"datetime": "2024-01-19 00:29:03", "elapsed": 1040.463733, "delta": 0.001698}}
{"target": -17.675756832803614, "params": {"gamma": 558.281037421824, "log10_alpha": -0.4270480208814984, "log10_colsample_bytree": -0.7901658836689812, "log10_eta": -1.094066182043297, "log10_lambda": -4.839982442639377, "log10_min_child_weight": 3.35263977619198, "log10_subsample": -0.017969182337329803, "max_depth": 2.0, "num_boost_round": 6.0}, "datetime": {"datetime": "2024-01-19 00:29:03", "elapsed": 1040.465278, "delta": 0.001545}}
{"target": -17.675863464618722, "params": {"gamma": 558.281037421824, "log10_alpha": -0.4270480208814984, "log10_colsample_bytree": -0.7901658836689812, "log10_eta": -1.094066182043297, "log10_lambda": -4.839982442639377, "log10_min_child_weight": 3.35263977619198, "log10_subsample": -0.017969182337329803, "max_depth": 2.0, "num_boost_round": 7.0}, "datetime": {"datetime": "2024-01-19 00:29:03", "elapsed": 1040.466832, "delta": 0.001554}}
{"target": -17.67812051153439, "params": {"gamma": 558.281037421824, "log10_alpha": -0.4270480208814984, "log10_colsample_bytree": -0.7901658836689812, "log10_eta": -1.094066182043297, "log10_lambda": -4.839982442639377, "log10_min_child_weight": 3.35263977619198, "log10_subsample": -0.017969182337329803, "max_depth": 2.0, "num_boost_round": 8.0}, "datetime": {"datetime": "2024-01-19 00:29:03", "elapsed": 1040.468365, "delta": 0.001533}}
{"target": -17.676290215412735, "params": {"gamma": 558.281037421824, "log10_alpha": -0.4270480208814984, "log10_colsample_bytree": -0.7901658836689812, "log10_eta": -1.094066182043297, "log10_lambda": -4.839982442639377, "log10_min_child_weight": 3.35263977619198, "log10_subsample": -0.017969182337329803, "max_depth": 2.0, "num_boost_round": 9.0}, "datetime": {"datetime": "2024-01-19 00:29:03", "elapsed": 1040.469981, "delta": 0.001616}}
{"target": -17.675933581589515, "params": {"gamma": 558.281037421824, "log10_alpha": -0.4270480208814984, "log10_colsample_bytree": -0.7901658836689812, "log10_eta": -1.094066182043297, "log10_lambda": -4.839982442639377, "log10_min_child_weight": 3.35263977619198, "log10_subsample": -0.017969182337329803, "max_depth": 2.0, "num_boost_round": 10.0}, "datetime": {"datetime": "2024-01-19 00:29:03", "elapsed": 1040.471519, "delta": 0.001538}}
{"target": -17.676162118859487, "params": {"gamma": 558.281037421824, "log10_alpha": -0.4270480208814984, "log10_colsample_bytree": -0.7901658836689812, "log10_eta": -1.094066182043297, "log10_lambda": -4.839982442639377, "log10_min_child_weight": 3.35263977619198, "log10_subsample": -0.017969182337329803, "max_depth": 2.0, "num_boost_round": 11.0}, "datetime": {"datetime": "2024-01-19 00:29:03", "elapsed": 1040.473136, "delta": 0.001617}}
{"target": -17.675665843866323, "params": {"gamma": 558.281037421824, "log10_alpha": -0.4270480208814984, "log10_colsample_bytree": -0.7901658836689812, "log10_eta": -1.094066182043297, "log10_lambda": -4.839982442639377, "log10_min_child_weight": 3.35263977619198, "log10_subsample": -0.017969182337329803, "max_depth": 2.0, "num_boost_round": 12.0}, "datetime": {"datetime": "2024-01-19 00:29:03", "elapsed": 1040.474675, "delta": 0.001539}}
{"target": -17.675743221820387, "params": {"gamma": 558.281037421824, "log10_alpha": -0.4270480208814984, "log10_colsample_bytree": -0.7901658836689812, "log10_eta": -1.094066182043297, "log10_lambda": -4.839982442639377, "log10_min_child_weight": 3.35263977619198, "log10_subsample": -0.017969182337329803, "max_depth": 2.0, "num_boost_round": 13.0}, "datetime": {"datetime": "2024-01-19 00:29:03", "elapsed": 1040.476235, "delta": 0.00156}}
{"target": -17.675968251950795, "params": {"gamma": 558.281037421824, "log10_alpha": -0.4270480208814984, "log10_colsample_bytree": -0.7901658836689812, "log10_eta": -1.094066182043297, "log10_lambda": -4.839982442639377, "log10_min_child_weight": 3.35263977619198, "log10_subsample": -0.017969182337329803, "max_depth": 2.0, "num_boost_round": 14.0}, "datetime": {"datetime": "2024-01-19 00:29:03", "elapsed": 1040.477789, "delta": 0.001554}}
{"target": -17.676847566090213, "params": {"gamma": 548.957818884857, "log10_alpha": 0.15111389494523753, "log10_colsample_bytree": -0.2932214389359221, "log10_eta": -1.6096346651782194, "log10_lambda": -0.3908529144450146, "log10_min_child_weight": 0.8880103625687924, "log10_subsample": -0.5417242835511991, "max_depth": 2.0, "num_boost_round": 0.0}, "datetime": {"datetime": "2024-01-19 00:29:31", "elapsed": 1068.51635, "delta": 28.038561}}
{"target": -17.676347298545075, "params": {"gamma": 548.957818884857, "log10_alpha": 0.15111389494523753, "log10_colsample_bytree": -0.2932214389359221, "log10_eta": -1.6096346651782194, "log10_lambda": -0.3908529144450146, "log10_min_child_weight": 0.8880103625687924, "log10_subsample": -0.5417242835511991, "max_depth": 2.0, "num_boost_round": 1.0}, "datetime": {"datetime": "2024-01-19 00:29:31", "elapsed": 1068.518901, "delta": 0.002551}}
{"target": -17.675773210363783, "params": {"gamma": 548.957818884857, "log10_alpha": 0.15111389494523753, "log10_colsample_bytree": -0.2932214389359221, "log10_eta": -1.6096346651782194, "log10_lambda": -0.3908529144450146, "log10_min_child_weight": 0.8880103625687924, "log10_subsample": -0.5417242835511991, "max_depth": 2.0, "num_boost_round": 2.0}, "datetime": {"datetime": "2024-01-19 00:29:31", "elapsed": 1068.520624, "delta": 0.001723}}
{"target": -17.675652599538537, "params": {"gamma": 548.957818884857, "log10_alpha": 0.15111389494523753, "log10_colsample_bytree": -0.2932214389359221, "log10_eta": -1.6096346651782194, "log10_lambda": -0.3908529144450146, "log10_min_child_weight": 0.8880103625687924, "log10_subsample": -0.5417242835511991, "max_depth": 2.0, "num_boost_round": 3.0}, "datetime": {"datetime": "2024-01-19 00:29:31", "elapsed": 1068.522184, "delta": 0.00156}}
{"target": -17.675323147350543, "params": {"gamma": 548.957818884857, "log10_alpha": 0.15111389494523753, "log10_colsample_bytree": -0.2932214389359221, "log10_eta": -1.6096346651782194, "log10_lambda": -0.3908529144450146, "log10_min_child_weight": 0.8880103625687924, "log10_subsample": -0.5417242835511991, "max_depth": 2.0, "num_boost_round": 4.0}, "datetime": {"datetime": "2024-01-19 00:29:31", "elapsed": 1068.523739, "delta": 0.001555}}
{"target": -17.675141092853575, "params": {"gamma": 548.957818884857, "log10_alpha": 0.15111389494523753, "log10_colsample_bytree": -0.2932214389359221, "log10_eta": -1.6096346651782194, "log10_lambda": -0.3908529144450146, "log10_min_child_weight": 0.8880103625687924, "log10_subsample": -0.5417242835511991, "max_depth": 2.0, "num_boost_round": 5.0}, "datetime": {"datetime": "2024-01-19 00:29:31", "elapsed": 1068.525304, "delta": 0.001565}}
{"target": -17.67454640754142, "params": {"gamma": 548.957818884857, "log10_alpha": 0.15111389494523753, "log10_colsample_bytree": -0.2932214389359221, "log10_eta": -1.6096346651782194, "log10_lambda": -0.3908529144450146, "log10_min_child_weight": 0.8880103625687924, "log10_subsample": -0.5417242835511991, "max_depth": 2.0, "num_boost_round": 6.0}, "datetime": {"datetime": "2024-01-19 00:29:31", "elapsed": 1068.526897, "delta": 0.001593}}
{"target": -17.67422944112318, "params": {"gamma": 548.957818884857, "log10_alpha": 0.15111389494523753, "log10_colsample_bytree": -0.2932214389359221, "log10_eta": -1.6096346651782194, "log10_lambda": -0.3908529144450146, "log10_min_child_weight": 0.8880103625687924, "log10_subsample": -0.5417242835511991, "max_depth": 2.0, "num_boost_round": 7.0}, "datetime": {"datetime": "2024-01-19 00:29:31", "elapsed": 1068.528503, "delta": 0.001606}}
{"target": -17.674307448360274, "params": {"gamma": 548.957818884857, "log10_alpha": 0.15111389494523753, "log10_colsample_bytree": -0.2932214389359221, "log10_eta": -1.6096346651782194, "log10_lambda": -0.3908529144450146, "log10_min_child_weight": 0.8880103625687924, "log10_subsample": -0.5417242835511991, "max_depth": 2.0, "num_boost_round": 8.0}, "datetime": {"datetime": "2024-01-19 00:29:31", "elapsed": 1068.530208, "delta": 0.001705}}
{"target": -17.67413540337667, "params": {"gamma": 548.957818884857, "log10_alpha": 0.15111389494523753, "log10_colsample_bytree": -0.2932214389359221, "log10_eta": -1.6096346651782194, "log10_lambda": -0.3908529144450146, "log10_min_child_weight": 0.8880103625687924, "log10_subsample": -0.5417242835511991, "max_depth": 2.0, "num_boost_round": 9.0}, "datetime": {"datetime": "2024-01-19 00:29:31", "elapsed": 1068.531926, "delta": 0.001718}}
{"target": -17.673995166202733, "params": {"gamma": 548.957818884857, "log10_alpha": 0.15111389494523753, "log10_colsample_bytree": -0.2932214389359221, "log10_eta": -1.6096346651782194, "log10_lambda": -0.3908529144450146, "log10_min_child_weight": 0.8880103625687924, "log10_subsample": -0.5417242835511991, "max_depth": 2.0, "num_boost_round": 10.0}, "datetime": {"datetime": "2024-01-19 00:29:31", "elapsed": 1068.533598, "delta": 0.001672}}
{"target": -17.67372820036908, "params": {"gamma": 548.957818884857, "log10_alpha": 0.15111389494523753, "log10_colsample_bytree": -0.2932214389359221, "log10_eta": -1.6096346651782194, "log10_lambda": -0.3908529144450146, "log10_min_child_weight": 0.8880103625687924, "log10_subsample": -0.5417242835511991, "max_depth": 2.0, "num_boost_round": 11.0}, "datetime": {"datetime": "2024-01-19 00:29:31", "elapsed": 1068.535156, "delta": 0.001558}}
{"target": -17.673683171056002, "params": {"gamma": 548.957818884857, "log10_alpha": 0.15111389494523753, "log10_colsample_bytree": -0.2932214389359221, "log10_eta": -1.6096346651782194, "log10_lambda": -0.3908529144450146, "log10_min_child_weight": 0.8880103625687924, "log10_subsample": -0.5417242835511991, "max_depth": 2.0, "num_boost_round": 12.0}, "datetime": {"datetime": "2024-01-19 00:29:31", "elapsed": 1068.53671, "delta": 0.001554}}
{"target": -17.673710671612245, "params": {"gamma": 548.957818884857, "log10_alpha": 0.15111389494523753, "log10_colsample_bytree": -0.2932214389359221, "log10_eta": -1.6096346651782194, "log10_lambda": -0.3908529144450146, "log10_min_child_weight": 0.8880103625687924, "log10_subsample": -0.5417242835511991, "max_depth": 2.0, "num_boost_round": 13.0}, "datetime": {"datetime": "2024-01-19 00:29:31", "elapsed": 1068.53827, "delta": 0.00156}}
{"target": -17.67371652890128, "params": {"gamma": 548.957818884857, "log10_alpha": 0.15111389494523753, "log10_colsample_bytree": -0.2932214389359221, "log10_eta": -1.6096346651782194, "log10_lambda": -0.3908529144450146, "log10_min_child_weight": 0.8880103625687924, "log10_subsample": -0.5417242835511991, "max_depth": 2.0, "num_boost_round": 14.0}, "datetime": {"datetime": "2024-01-19 00:29:31", "elapsed": 1068.539869, "delta": 0.001599}}
{"target": -17.673484877341888, "params": {"gamma": 548.957818884857, "log10_alpha": 0.15111389494523753, "log10_colsample_bytree": -0.2932214389359221, "log10_eta": -1.6096346651782194, "log10_lambda": -0.3908529144450146, "log10_min_child_weight": 0.8880103625687924, "log10_subsample": -0.5417242835511991, "max_depth": 2.0, "num_boost_round": 15.0}, "datetime": {"datetime": "2024-01-19 00:29:31", "elapsed": 1068.541425, "delta": 0.001556}}
