{"target": -13.75819596963171, "params": {"gamma": 434.4124097903725, "log10_alpha": -4.194254591738804, "log10_colsample_bytree": -0.1767706085286901, "log10_eta": -2.1111479148498633, "log10_lambda": -0.4214813127884698, "log10_min_child_weight": 1.5466684019188925, "log10_subsample": -0.8887778339275053, "max_depth": 2.0, "num_boost_round": 6.0}, "datetime": {"datetime": "2024-01-19 00:14:00", "elapsed": 144.800052, "delta": 0.0005}}
{"target": -13.758150822151363, "params": {"gamma": 434.4124097903725, "log10_alpha": -4.194254591738804, "log10_colsample_bytree": -0.1767706085286901, "log10_eta": -2.1111479148498633, "log10_lambda": -0.4214813127884698, "log10_min_child_weight": 1.5466684019188925, "log10_subsample": -0.8887778339275053, "max_depth": 2.0, "num_boost_round": 7.0}, "datetime": {"datetime": "2024-01-19 00:14:00", "elapsed": 144.800552, "delta": 0.0005}}
{"target": -13.758106712617975, "params": {"gamma": 434.4124097903725, "log10_alpha": -4.194254591738804, "log10_colsample_bytree": -0.1767706085286901, "log10_eta": -2.1111479148498633, "log10_lambda": -0.4214813127884698, "log10_min_child_weight": 1.5466684019188925, "log10_subsample": -0.8887778339275053, "max_depth": 2.0, "num_boost_round": 8.0}, "datetime": {"datetime": "2024-01-19 00:14:00", "elapsed": 144.801045, "delta": 0.000493}}
{"target": -13.758026286679213, "params": {"gamma": 434.4124097903725, "log10_alpha": -4.194254591738804, "log10_colsample_bytree": -0.1767706085286901, "log10_eta": -2.1111479148498633, "log10_lambda": -0.4214813127884698, "log10_min_child_weight": 1.5466684019188925, "log10_subsample": -0.8887778339275053, "max_depth": 2.0, "num_boost_round": 9.0}, "datetime": {"datetime": "2024-01-19 00:14:00", "elapsed": 144.801545, "delta": 0.0005}}
{"target": -13.758010523094484, "params": {"gamma": 434.4124097903725, "log10_alpha": -4.194254591738804, "log10_colsample_bytree": -0.1767706085286901, "log10_eta": -2.1111479148498633, "log10_lambda": -0.4214813127884698, "log10_min_child_weight": 1.5466684019188925, "log10_subsample": -0.8887778339275053, "max_depth": 2.0, "num_boost_round": 10.0}, "datetime": {"datetime": "2024-01-19 00:14:00", "elapsed": 144.802041, "delta": 0.000496}}
{"target": -13.757886137836545, "params": {"gamma": 434.4124097903725, "log10_alpha": -4.194254591738804, "log10_colsample_bytree": -0.1767706085286901, "log10_eta": -2.1111479148498633, "log10_lambda": -0.4214813127884698, "log10_min_child_weight": 1.5466684019188925, "log10_subsample": -0.8887778339275053, "max_depth": 2.0, "num_boost_round": 11.0}, "datetime": {"datetime": "2024-01-19 00:14:00", "elapsed": 144.802605, "delta": 0.000564}}
{"target": -13.757863113826279, "params": {"gamma": 434.4124097903725, "log10_alpha": -4.194254591738804, "log10_colsample_bytree": -0.1767706085286901, "log10_eta": -2.1111479148498633, "log10_lambda": -0.4214813127884698, "log10_min_child_weight": 1.5466684019188925, "log10_subsample": -0.8887778339275053, "max_depth": 2.0, "num_boost_round": 12.0}, "datetime": {"datetime": "2024-01-19 00:14:00", "elapsed": 144.803104, "delta": 0.000499}}
{"target": -13.757841176978204, "params": {"gamma": 434.4124097903725, "log10_alpha": -4.194254591738804, "log10_colsample_bytree": -0.1767706085286901, "log10_eta": -2.1111479148498633, "log10_lambda": -0.4214813127884698, "log10_min_child_weight": 1.5466684019188925, "log10_subsample": -0.8887778339275053, "max_depth": 2.0, "num_boost_round": 13.0}, "datetime": {"datetime": "2024-01-19 00:14:00", "elapsed": 144.803653, "delta": 0.000549}}
{"target": -13.757895766761377, "params": {"gamma": 434.4124097903725, "log10_alpha": -4.194254591738804, "log10_colsample_bytree": -0.1767706085286901, "log10_eta": -2.1111479148498633, "log10_lambda": -0.4214813127884698, "log10_min_child_weight": 1.5466684019188925, "log10_subsample": -0.8887778339275053, "max_depth": 2.0, "num_boost_round": 14.0}, "datetime": {"datetime": "2024-01-19 00:14:00", "elapsed": 144.804157, "delta": 0.000504}}
{"target": -13.757912266010672, "params": {"gamma": 434.4124097903725, "log10_alpha": -4.194254591738804, "log10_colsample_bytree": -0.1767706085286901, "log10_eta": -2.1111479148498633, "log10_lambda": -0.4214813127884698, "log10_min_child_weight": 1.5466684019188925, "log10_subsample": -0.8887778339275053, "max_depth": 2.0, "num_boost_round": 15.0}, "datetime": {"datetime": "2024-01-19 00:14:00", "elapsed": 144.804673, "delta": 0.000516}}
{"target": -13.757768300451511, "params": {"gamma": 434.4124097903725, "log10_alpha": -4.194254591738804, "log10_colsample_bytree": -0.1767706085286901, "log10_eta": -2.1111479148498633, "log10_lambda": -0.4214813127884698, "log10_min_child_weight": 1.5466684019188925, "log10_subsample": -0.8887778339275053, "max_depth": 2.0, "num_boost_round": 16.0}, "datetime": {"datetime": "2024-01-19 00:14:00", "elapsed": 144.805176, "delta": 0.000503}}
{"target": -13.75776651545401, "params": {"gamma": 434.4124097903725, "log10_alpha": -4.194254591738804, "log10_colsample_bytree": -0.1767706085286901, "log10_eta": -2.1111479148498633, "log10_lambda": -0.4214813127884698, "log10_min_child_weight": 1.5466684019188925, "log10_subsample": -0.8887778339275053, "max_depth": 2.0, "num_boost_round": 17.0}, "datetime": {"datetime": "2024-01-19 00:14:00", "elapsed": 144.805689, "delta": 0.000513}}
{"target": -13.757890596750833, "params": {"gamma": 434.4124097903725, "log10_alpha": -4.194254591738804, "log10_colsample_bytree": -0.1767706085286901, "log10_eta": -2.1111479148498633, "log10_lambda": -0.4214813127884698, "log10_min_child_weight": 1.5466684019188925, "log10_subsample": -0.8887778339275053, "max_depth": 2.0, "num_boost_round": 18.0}, "datetime": {"datetime": "2024-01-19 00:14:00", "elapsed": 144.806199, "delta": 0.00051}}
{"target": -13.75853295753753, "params": {"gamma": 438.0931662646217, "log10_alpha": -4.519104887165063, "log10_colsample_bytree": -0.3179558652155552, "log10_eta": -3.985660584364058, "log10_lambda": -0.9989823783941603, "log10_min_child_weight": 1.8136395860558163, "log10_subsample": -0.905702123768316, "max_depth": 9.0, "num_boost_round": 0.0}, "datetime": {"datetime": "2024-01-19 00:14:35", "elapsed": 179.051621, "delta": 34.245422}}
{"target": -13.758530503267693, "params": {"gamma": 438.0931662646217, "log10_alpha": -4.519104887165063, "log10_colsample_bytree": -0.3179558652155552, "log10_eta": -3.985660584364058, "log10_lambda": -0.9989823783941603, "log10_min_child_weight": 1.8136395860558163, "log10_subsample": -0.905702123768316, "max_depth": 9.0, "num_boost_round": 1.0}, "datetime": {"datetime": "2024-01-19 00:14:35", "elapsed": 179.052543, "delta": 0.000922}}
{"target": -13.758521523231162, "params": {"gamma": 438.0931662646217, "log10_alpha": -4.519104887165063, "log10_colsample_bytree": -0.3179558652155552, "log10_eta": -3.985660584364058, "log10_lambda": -0.9989823783941603, "log10_min_child_weight": 1.8136395860558163, "log10_subsample": -0.905702123768316, "max_depth": 9.0, "num_boost_round": 2.0}, "datetime": {"datetime": "2024-01-19 00:14:35", "elapsed": 179.053082, "delta": 0.000539}}
{"target": -13.758519544763281, "params": {"gamma": 438.0931662646217, "log10_alpha": -4.519104887165063, "log10_colsample_bytree": -0.3179558652155552, "log10_eta": -3.985660584364058, "log10_lambda": -0.9989823783941603, "log10_min_child_weight": 1.8136395860558163, "log10_subsample": -0.905702123768316, "max_depth": 9.0, "num_boost_round": 3.0}, "datetime": {"datetime": "2024-01-19 00:14:35", "elapsed": 179.053717, "delta": 0.000635}}
{"target": -13.75851531012566, "params": {"gamma": 438.0931662646217, "log10_alpha": -4.519104887165063, "log10_colsample_bytree": -0.3179558652155552, "log10_eta": -3.985660584364058, "log10_lambda": -0.9989823783941603, "log10_min_child_weight": 1.8136395860558163, "log10_subsample": -0.905702123768316, "max_depth": 9.0, "num_boost_round": 4.0}, "datetime": {"datetime": "2024-01-19 00:14:35", "elapsed": 179.054261, "delta": 0.000544}}
{"target": -13.758514079256331, "params": {"gamma": 438.0931662646217, "log10_alpha": -4.519104887165063, "log10_colsample_bytree": -0.3179558652155552, "log10_eta": -3.985660584364058, "log10_lambda": -0.9989823783941603, "log10_min_child_weight": 1.8136395860558163, "log10_subsample": -0.905702123768316, "max_depth": 9.0, "num_boost_round": 5.0}, "datetime": {"datetime": "2024-01-19 00:14:35", "elapsed": 179.054891, "delta": 0.00063}}
{"target": -13.758509364351053, "params": {"gamma": 438.0931662646217, "log10_alpha": -4.519104887165063, "log10_colsample_bytree": -0.3179558652155552, "log10_eta": -3.985660584364058, "log10_lambda": -0.9989823783941603, "log10_min_child_weight": 1.8136395860558163, "log10_subsample": -0.905702123768316, "max_depth": 9.0, "num_boost_round": 6.0}, "datetime": {"datetime": "2024-01-19 00:14:35", "elapsed": 179.055426, "delta": 0.000535}}
{"target": -13.75851069269355, "params": {"gamma": 438.0931662646217, "log10_alpha": -4.519104887165063, "log10_colsample_bytree": -0.3179558652155552, "log10_eta": -3.985660584364058, "log10_lambda": -0.9989823783941603, "log10_min_child_weight": 1.8136395860558163, "log10_subsample": -0.905702123768316, "max_depth": 9.0, "num_boost_round": 7.0}, "datetime": {"datetime": "2024-01-19 00:14:35", "elapsed": 179.055946, "delta": 0.00052}}
{"target": -13.758503748588742, "params": {"gamma": 438.0931662646217, "log10_alpha": -4.519104887165063, "log10_colsample_bytree": -0.3179558652155552, "log10_eta": -3.985660584364058, "log10_lambda": -0.9989823783941603, "log10_min_child_weight": 1.8136395860558163, "log10_subsample": -0.905702123768316, "max_depth": 9.0, "num_boost_round": 8.0}, "datetime": {"datetime": "2024-01-19 00:14:35", "elapsed": 179.056475, "delta": 0.000529}}
{"target": -13.758502519020633, "params": {"gamma": 438.0931662646217, "log10_alpha": -4.519104887165063, "log10_colsample_bytree": -0.3179558652155552, "log10_eta": -3.985660584364058, "log10_lambda": -0.9989823783941603, "log10_min_child_weight": 1.8136395860558163, "log10_subsample": -0.905702123768316, "max_depth": 9.0, "num_boost_round": 9.0}, "datetime": {"datetime": "2024-01-19 00:14:35", "elapsed": 179.056998, "delta": 0.000523}}
{"target": -13.75849769627513, "params": {"gamma": 438.0931662646217, "log10_alpha": -4.519104887165063, "log10_colsample_bytree": -0.3179558652155552, "log10_eta": -3.985660584364058, "log10_lambda": -0.9989823783941603, "log10_min_child_weight": 1.8136395860558163, "log10_subsample": -0.905702123768316, "max_depth": 9.0, "num_boost_round": 10.0}, "datetime": {"datetime": "2024-01-19 00:14:35", "elapsed": 179.057528, "delta": 0.00053}}
{"target": -13.758497415174011, "params": {"gamma": 438.0931662646217, "log10_alpha": -4.519104887165063, "log10_colsample_bytree": -0.3179558652155552, "log10_eta": -3.985660584364058, "log10_lambda": -0.9989823783941603, "log10_min_child_weight": 1.8136395860558163, "log10_subsample": -0.905702123768316, "max_depth": 9.0, "num_boost_round": 11.0}, "datetime": {"datetime": "2024-01-19 00:14:35", "elapsed": 179.058056, "delta": 0.000528}}
{"target": -13.75849470702778, "params": {"gamma": 438.0931662646217, "log10_alpha": -4.519104887165063, "log10_colsample_bytree": -0.3179558652155552, "log10_eta": -3.985660584364058, "log10_lambda": -0.9989823783941603, "log10_min_child_weight": 1.8136395860558163, "log10_subsample": -0.905702123768316, "max_depth": 9.0, "num_boost_round": 12.0}, "datetime": {"datetime": "2024-01-19 00:14:35", "elapsed": 179.058592, "delta": 0.000536}}
{"target": -13.758494461522325, "params": {"gamma": 438.0931662646217, "log10_alpha": -4.519104887165063, "log10_colsample_bytree": -0.3179558652155552, "log10_eta": -3.985660584364058, "log10_lambda": -0.9989823783941603, "log10_min_child_weight": 1.8136395860558163, "log10_subsample": -0.905702123768316, "max_depth": 9.0, "num_boost_round": 13.0}, "datetime": {"datetime": "2024-01-19 00:14:35", "elapsed": 179.059171, "delta": 0.000579}}
{"target": -13.758492610554555, "params": {"gamma": 438.0931662646217, "log10_alpha": -4.519104887165063, "log10_colsample_bytree": -0.3179558652155552, "log10_eta": -3.985660584364058, "log10_lambda": -0.9989823783941603, "log10_min_child_weight": 1.8136395860558163, "log10_subsample": -0.905702123768316, "max_depth": 9.0, "num_boost_round": 14.0}, "datetime": {"datetime": "2024-01-19 00:14:35", "elapsed": 179.059712, "delta": 0.000541}}
{"target": -13.758491459551895, "params": {"gamma": 438.0931662646217, "log10_alpha": -4.519104887165063, "log10_colsample_bytree": -0.3179558652155552, "log10_eta": -3.985660584364058, "log10_lambda": -0.9989823783941603, "log10_min_child_weight": 1.8136395860558163, "log10_subsample": -0.905702123768316, "max_depth": 9.0, "num_boost_round": 15.0}, "datetime": {"datetime": "2024-01-19 00:14:35", "elapsed": 179.060258, "delta": 0.000546}}
{"target": -13.758487759068922, "params": {"gamma": 438.0931662646217, "log10_alpha": -4.519104887165063, "log10_colsample_bytree": -0.3179558652155552, "log10_eta": -3.985660584364058, "log10_lambda": -0.9989823783941603, "log10_min_child_weight": 1.8136395860558163, "log10_subsample": -0.905702123768316, "max_depth": 9.0, "num_boost_round": 16.0}, "datetime": {"datetime": "2024-01-19 00:14:35", "elapsed": 179.060804, "delta": 0.000546}}
{"target": -13.758484859074095, "params": {"gamma": 438.0931662646217, "log10_alpha": -4.519104887165063, "log10_colsample_bytree": -0.3179558652155552, "log10_eta": -3.985660584364058, "log10_lambda": -0.9989823783941603, "log10_min_child_weight": 1.8136395860558163, "log10_subsample": -0.905702123768316, "max_depth": 9.0, "num_boost_round": 17.0}, "datetime": {"datetime": "2024-01-19 00:14:35", "elapsed": 179.061348, "delta": 0.000544}}
{"target": -13.758483606225518, "params": {"gamma": 438.0931662646217, "log10_alpha": -4.519104887165063, "log10_colsample_bytree": -0.3179558652155552, "log10_eta": -3.985660584364058, "log10_lambda": -0.9989823783941603, "log10_min_child_weight": 1.8136395860558163, "log10_subsample": -0.905702123768316, "max_depth": 9.0, "num_boost_round": 18.0}, "datetime": {"datetime": "2024-01-19 00:14:35", "elapsed": 179.061883, "delta": 0.000535}}
{"target": -13.758478061876922, "params": {"gamma": 438.0931662646217, "log10_alpha": -4.519104887165063, "log10_colsample_bytree": -0.3179558652155552, "log10_eta": -3.985660584364058, "log10_lambda": -0.9989823783941603, "log10_min_child_weight": 1.8136395860558163, "log10_subsample": -0.905702123768316, "max_depth": 9.0, "num_boost_round": 19.0}, "datetime": {"datetime": "2024-01-19 00:14:35", "elapsed": 179.062426, "delta": 0.000543}}
{"target": -13.758473283674839, "params": {"gamma": 438.0931662646217, "log10_alpha": -4.519104887165063, "log10_colsample_bytree": -0.3179558652155552, "log10_eta": -3.985660584364058, "log10_lambda": -0.9989823783941603, "log10_min_child_weight": 1.8136395860558163, "log10_subsample": -0.905702123768316, "max_depth": 9.0, "num_boost_round": 20.0}, "datetime": {"datetime": "2024-01-19 00:14:35", "elapsed": 179.062964, "delta": 0.000538}}
{"target": -13.758470005398918, "params": {"gamma": 438.0931662646217, "log10_alpha": -4.519104887165063, "log10_colsample_bytree": -0.3179558652155552, "log10_eta": -3.985660584364058, "log10_lambda": -0.9989823783941603, "log10_min_child_weight": 1.8136395860558163, "log10_subsample": -0.905702123768316, "max_depth": 9.0, "num_boost_round": 21.0}, "datetime": {"datetime": "2024-01-19 00:14:35", "elapsed": 179.063557, "delta": 0.000593}}
{"target": -13.75846335430027, "params": {"gamma": 438.0931662646217, "log10_alpha": -4.519104887165063, "log10_colsample_bytree": -0.3179558652155552, "log10_eta": -3.985660584364058, "log10_lambda": -0.9989823783941603, "log10_min_child_weight": 1.8136395860558163, "log10_subsample": -0.905702123768316, "max_depth": 9.0, "num_boost_round": 22.0}, "datetime": {"datetime": "2024-01-19 00:14:35", "elapsed": 179.064098, "delta": 0.000541}}
{"target": -13.758460141522095, "params": {"gamma": 438.0931662646217, "log10_alpha": -4.519104887165063, "log10_colsample_bytree": -0.3179558652155552, "log10_eta": -3.985660584364058, "log10_lambda": -0.9989823783941603, "log10_min_child_weight": 1.8136395860558163, "log10_subsample": -0.905702123768316, "max_depth": 9.0, "num_boost_round": 23.0}, "datetime": {"datetime": "2024-01-19 00:14:35", "elapsed": 179.064653, "delta": 0.000555}}
{"target": -13.758459206993837, "params": {"gamma": 438.0931662646217, "log10_alpha": -4.519104887165063, "log10_colsample_bytree": -0.3179558652155552, "log10_eta": -3.985660584364058, "log10_lambda": -0.9989823783941603, "log10_min_child_weight": 1.8136395860558163, "log10_subsample": -0.905702123768316, "max_depth": 9.0, "num_boost_round": 24.0}, "datetime": {"datetime": "2024-01-19 00:14:35", "elapsed": 179.065205, "delta": 0.000552}}
{"target": -13.758454798654727, "params": {"gamma": 438.0931662646217, "log10_alpha": -4.519104887165063, "log10_colsample_bytree": -0.3179558652155552, "log10_eta": -3.985660584364058, "log10_lambda": -0.9989823783941603, "log10_min_child_weight": 1.8136395860558163, "log10_subsample": -0.905702123768316, "max_depth": 9.0, "num_boost_round": 25.0}, "datetime": {"datetime": "2024-01-19 00:14:35", "elapsed": 179.065754, "delta": 0.000549}}
{"target": -13.758453770218427, "params": {"gamma": 438.0931662646217, "log10_alpha": -4.519104887165063, "log10_colsample_bytree": -0.3179558652155552, "log10_eta": -3.985660584364058, "log10_lambda": -0.9989823783941603, "log10_min_child_weight": 1.8136395860558163, "log10_subsample": -0.905702123768316, "max_depth": 9.0, "num_boost_round": 26.0}, "datetime": {"datetime": "2024-01-19 00:14:35", "elapsed": 179.066305, "delta": 0.000551}}
{"target": -13.758454425357804, "params": {"gamma": 438.0931662646217, "log10_alpha": -4.519104887165063, "log10_colsample_bytree": -0.3179558652155552, "log10_eta": -3.985660584364058, "log10_lambda": -0.9989823783941603, "log10_min_child_weight": 1.8136395860558163, "log10_subsample": -0.905702123768316, "max_depth": 9.0, "num_boost_round": 27.0}, "datetime": {"datetime": "2024-01-19 00:14:35", "elapsed": 179.066857, "delta": 0.000552}}
{"target": -13.758444685971433, "params": {"gamma": 438.0931662646217, "log10_alpha": -4.519104887165063, "log10_colsample_bytree": -0.3179558652155552, "log10_eta": -3.985660584364058, "log10_lambda": -0.9989823783941603, "log10_min_child_weight": 1.8136395860558163, "log10_subsample": -0.905702123768316, "max_depth": 9.0, "num_boost_round": 28.0}, "datetime": {"datetime": "2024-01-19 00:14:35", "elapsed": 179.067415, "delta": 0.000558}}
{"target": -13.75844124872451, "params": {"gamma": 438.0931662646217, "log10_alpha": -4.519104887165063, "log10_colsample_bytree": -0.3179558652155552, "log10_eta": -3.985660584364058, "log10_lambda": -0.9989823783941603, "log10_min_child_weight": 1.8136395860558163, "log10_subsample": -0.905702123768316, "max_depth": 9.0, "num_boost_round": 29.0}, "datetime": {"datetime": "2024-01-19 00:14:35", "elapsed": 179.068284, "delta": 0.000869}}
{"target": -13.758439176569867, "params": {"gamma": 438.0931662646217, "log10_alpha": -4.519104887165063, "log10_colsample_bytree": -0.3179558652155552, "log10_eta": -3.985660584364058, "log10_lambda": -0.9989823783941603, "log10_min_child_weight": 1.8136395860558163, "log10_subsample": -0.905702123768316, "max_depth": 9.0, "num_boost_round": 30.0}, "datetime": {"datetime": "2024-01-19 00:14:35", "elapsed": 179.068907, "delta": 0.000623}}
{"target": -13.75843606099299, "params": {"gamma": 438.0931662646217, "log10_alpha": -4.519104887165063, "log10_colsample_bytree": -0.3179558652155552, "log10_eta": -3.985660584364058, "log10_lambda": -0.9989823783941603, "log10_min_child_weight": 1.8136395860558163, "log10_subsample": -0.905702123768316, "max_depth": 9.0, "num_boost_round": 31.0}, "datetime": {"datetime": "2024-01-19 00:14:35", "elapsed": 179.069482, "delta": 0.000575}}
{"target": -13.758434285033914, "params": {"gamma": 438.0931662646217, "log10_alpha": -4.519104887165063, "log10_colsample_bytree": -0.3179558652155552, "log10_eta": -3.985660584364058, "log10_lambda": -0.9989823783941603, "log10_min_child_weight": 1.8136395860558163, "log10_subsample": -0.905702123768316, "max_depth": 9.0, "num_boost_round": 32.0}, "datetime": {"datetime": "2024-01-19 00:14:35", "elapsed": 179.070055, "delta": 0.000573}}
{"target": -13.758433336095576, "params": {"gamma": 438.0931662646217, "log10_alpha": -4.519104887165063, "log10_colsample_bytree": -0.3179558652155552, "log10_eta": -3.985660584364058, "log10_lambda": -0.9989823783941603, "log10_min_child_weight": 1.8136395860558163, "log10_subsample": -0.905702123768316, "max_depth": 9.0, "num_boost_round": 33.0}, "datetime": {"datetime": "2024-01-19 00:14:35", "elapsed": 179.070623, "delta": 0.000568}}
{"target": -13.758433816389923, "params": {"gamma": 438.0931662646217, "log10_alpha": -4.519104887165063, "log10_colsample_bytree": -0.3179558652155552, "log10_eta": -3.985660584364058, "log10_lambda": -0.9989823783941603, "log10_min_child_weight": 1.8136395860558163, "log10_subsample": -0.905702123768316, "max_depth": 9.0, "num_boost_round": 34.0}, "datetime": {"datetime": "2024-01-19 00:14:35", "elapsed": 179.071192, "delta": 0.000569}}
{"target": -13.75842629428053, "params": {"gamma": 438.0931662646217, "log10_alpha": -4.519104887165063, "log10_colsample_bytree": -0.3179558652155552, "log10_eta": -3.985660584364058, "log10_lambda": -0.9989823783941603, "log10_min_child_weight": 1.8136395860558163, "log10_subsample": -0.905702123768316, "max_depth": 9.0, "num_boost_round": 35.0}, "datetime": {"datetime": "2024-01-19 00:14:35", "elapsed": 179.071767, "delta": 0.000575}}
