{"target": -13.896714196866887, "params": {"gamma": 298.0468414428543, "log10_alpha": -2.208538220687535, "log10_colsample_bytree": -0.719973820724683, "log10_eta": -0.3780433706970707, "log10_lambda": -1.9518132530003958, "log10_min_child_weight": 1.436672144221553, "log10_subsample": -0.48130411270400897, "max_depth": 3.0, "num_boost_round": 22.0}, "datetime": {"datetime": "2024-01-19 02:17:59", "elapsed": 7531.643457, "delta": 0.007828}}
{"target": -13.977049465799462, "params": {"gamma": 298.0468414428543, "log10_alpha": -2.208538220687535, "log10_colsample_bytree": -0.719973820724683, "log10_eta": -0.3780433706970707, "log10_lambda": -1.9518132530003958, "log10_min_child_weight": 1.436672144221553, "log10_subsample": -0.48130411270400897, "max_depth": 3.0, "num_boost_round": 23.0}, "datetime": {"datetime": "2024-01-19 02:17:59", "elapsed": 7531.651544, "delta": 0.008087}}
{"target": -13.982938358030445, "params": {"gamma": 298.0468414428543, "log10_alpha": -2.208538220687535, "log10_colsample_bytree": -0.719973820724683, "log10_eta": -0.3780433706970707, "log10_lambda": -1.9518132530003958, "log10_min_child_weight": 1.436672144221553, "log10_subsample": -0.48130411270400897, "max_depth": 3.0, "num_boost_round": 24.0}, "datetime": {"datetime": "2024-01-19 02:17:59", "elapsed": 7531.659476, "delta": 0.007932}}
{"target": -13.98961534204119, "params": {"gamma": 298.0468414428543, "log10_alpha": -2.208538220687535, "log10_colsample_bytree": -0.719973820724683, "log10_eta": -0.3780433706970707, "log10_lambda": -1.9518132530003958, "log10_min_child_weight": 1.436672144221553, "log10_subsample": -0.48130411270400897, "max_depth": 3.0, "num_boost_round": 25.0}, "datetime": {"datetime": "2024-01-19 02:17:59", "elapsed": 7531.667337, "delta": 0.007861}}
{"target": -13.997236035297846, "params": {"gamma": 298.0468414428543, "log10_alpha": -2.208538220687535, "log10_colsample_bytree": -0.719973820724683, "log10_eta": -0.3780433706970707, "log10_lambda": -1.9518132530003958, "log10_min_child_weight": 1.436672144221553, "log10_subsample": -0.48130411270400897, "max_depth": 3.0, "num_boost_round": 26.0}, "datetime": {"datetime": "2024-01-19 02:17:59", "elapsed": 7531.67465, "delta": 0.007313}}
{"target": -13.997367141754204, "params": {"gamma": 298.0468414428543, "log10_alpha": -2.208538220687535, "log10_colsample_bytree": -0.719973820724683, "log10_eta": -0.3780433706970707, "log10_lambda": -1.9518132530003958, "log10_min_child_weight": 1.436672144221553, "log10_subsample": -0.48130411270400897, "max_depth": 3.0, "num_boost_round": 27.0}, "datetime": {"datetime": "2024-01-19 02:17:59", "elapsed": 7531.68178, "delta": 0.00713}}
{"target": -13.99770649414424, "params": {"gamma": 298.0468414428543, "log10_alpha": -2.208538220687535, "log10_colsample_bytree": -0.719973820724683, "log10_eta": -0.3780433706970707, "log10_lambda": -1.9518132530003958, "log10_min_child_weight": 1.436672144221553, "log10_subsample": -0.48130411270400897, "max_depth": 3.0, "num_boost_round": 28.0}, "datetime": {"datetime": "2024-01-19 02:17:59", "elapsed": 7531.689539, "delta": 0.007759}}
{"target": -14.000006081316984, "params": {"gamma": 298.0468414428543, "log10_alpha": -2.208538220687535, "log10_colsample_bytree": -0.719973820724683, "log10_eta": -0.3780433706970707, "log10_lambda": -1.9518132530003958, "log10_min_child_weight": 1.436672144221553, "log10_subsample": -0.48130411270400897, "max_depth": 3.0, "num_boost_round": 29.0}, "datetime": {"datetime": "2024-01-19 02:17:59", "elapsed": 7531.696796, "delta": 0.007257}}
{"target": -14.001847708238857, "params": {"gamma": 298.0468414428543, "log10_alpha": -2.208538220687535, "log10_colsample_bytree": -0.719973820724683, "log10_eta": -0.3780433706970707, "log10_lambda": -1.9518132530003958, "log10_min_child_weight": 1.436672144221553, "log10_subsample": -0.48130411270400897, "max_depth": 3.0, "num_boost_round": 30.0}, "datetime": {"datetime": "2024-01-19 02:17:59", "elapsed": 7531.703927, "delta": 0.007131}}
{"target": -13.758189053895629, "params": {"gamma": 310.2748355106171, "log10_alpha": -0.7789838497804489, "log10_colsample_bytree": -0.48409173472343203, "log10_eta": -1.8464680840674728, "log10_lambda": -0.5309665367278837, "log10_min_child_weight": 3.079793984910457, "log10_subsample": -0.6896049123676716, "max_depth": 6.0, "num_boost_round": 0.0}, "datetime": {"datetime": "2024-01-19 02:19:33", "elapsed": 7626.070604, "delta": 94.366677}}
{"target": -13.758218155132074, "params": {"gamma": 310.2748355106171, "log10_alpha": -0.7789838497804489, "log10_colsample_bytree": -0.48409173472343203, "log10_eta": -1.8464680840674728, "log10_lambda": -0.5309665367278837, "log10_min_child_weight": 3.079793984910457, "log10_subsample": -0.6896049123676716, "max_depth": 6.0, "num_boost_round": 1.0}, "datetime": {"datetime": "2024-01-19 02:19:33", "elapsed": 7626.078663, "delta": 0.008059}}
{"target": -13.75764106900323, "params": {"gamma": 310.2748355106171, "log10_alpha": -0.7789838497804489, "log10_colsample_bytree": -0.48409173472343203, "log10_eta": -1.8464680840674728, "log10_lambda": -0.5309665367278837, "log10_min_child_weight": 3.079793984910457, "log10_subsample": -0.6896049123676716, "max_depth": 6.0, "num_boost_round": 2.0}, "datetime": {"datetime": "2024-01-19 02:19:33", "elapsed": 7626.086063, "delta": 0.0074}}
{"target": -13.75765653882921, "params": {"gamma": 310.2748355106171, "log10_alpha": -0.7789838497804489, "log10_colsample_bytree": -0.48409173472343203, "log10_eta": -1.8464680840674728, "log10_lambda": -0.5309665367278837, "log10_min_child_weight": 3.079793984910457, "log10_subsample": -0.6896049123676716, "max_depth": 6.0, "num_boost_round": 3.0}, "datetime": {"datetime": "2024-01-19 02:19:33", "elapsed": 7626.093278, "delta": 0.007215}}
{"target": -13.757575104582871, "params": {"gamma": 310.2748355106171, "log10_alpha": -0.7789838497804489, "log10_colsample_bytree": -0.48409173472343203, "log10_eta": -1.8464680840674728, "log10_lambda": -0.5309665367278837, "log10_min_child_weight": 3.079793984910457, "log10_subsample": -0.6896049123676716, "max_depth": 6.0, "num_boost_round": 4.0}, "datetime": {"datetime": "2024-01-19 02:19:33", "elapsed": 7626.100499, "delta": 0.007221}}
{"target": -13.757738270958546, "params": {"gamma": 310.2748355106171, "log10_alpha": -0.7789838497804489, "log10_colsample_bytree": -0.48409173472343203, "log10_eta": -1.8464680840674728, "log10_lambda": -0.5309665367278837, "log10_min_child_weight": 3.079793984910457, "log10_subsample": -0.6896049123676716, "max_depth": 6.0, "num_boost_round": 5.0}, "datetime": {"datetime": "2024-01-19 02:19:33", "elapsed": 7626.107713, "delta": 0.007214}}
{"target": -13.757924442033792, "params": {"gamma": 310.2748355106171, "log10_alpha": -0.7789838497804489, "log10_colsample_bytree": -0.48409173472343203, "log10_eta": -1.8464680840674728, "log10_lambda": -0.5309665367278837, "log10_min_child_weight": 3.079793984910457, "log10_subsample": -0.6896049123676716, "max_depth": 6.0, "num_boost_round": 6.0}, "datetime": {"datetime": "2024-01-19 02:19:33", "elapsed": 7626.114464, "delta": 0.006751}}
{"target": -13.757632079700427, "params": {"gamma": 310.2748355106171, "log10_alpha": -0.7789838497804489, "log10_colsample_bytree": -0.48409173472343203, "log10_eta": -1.8464680840674728, "log10_lambda": -0.5309665367278837, "log10_min_child_weight": 3.079793984910457, "log10_subsample": -0.6896049123676716, "max_depth": 6.0, "num_boost_round": 7.0}, "datetime": {"datetime": "2024-01-19 02:19:33", "elapsed": 7626.121183, "delta": 0.006719}}
{"target": -13.757190436135788, "params": {"gamma": 310.2748355106171, "log10_alpha": -0.7789838497804489, "log10_colsample_bytree": -0.48409173472343203, "log10_eta": -1.8464680840674728, "log10_lambda": -0.5309665367278837, "log10_min_child_weight": 3.079793984910457, "log10_subsample": -0.6896049123676716, "max_depth": 6.0, "num_boost_round": 8.0}, "datetime": {"datetime": "2024-01-19 02:19:33", "elapsed": 7626.12777, "delta": 0.006587}}
{"target": -13.757123482584813, "params": {"gamma": 310.2748355106171, "log10_alpha": -0.7789838497804489, "log10_colsample_bytree": -0.48409173472343203, "log10_eta": -1.8464680840674728, "log10_lambda": -0.5309665367278837, "log10_min_child_weight": 3.079793984910457, "log10_subsample": -0.6896049123676716, "max_depth": 6.0, "num_boost_round": 9.0}, "datetime": {"datetime": "2024-01-19 02:19:33", "elapsed": 7626.134802, "delta": 0.007032}}
{"target": -13.756830059682887, "params": {"gamma": 310.2748355106171, "log10_alpha": -0.7789838497804489, "log10_colsample_bytree": -0.48409173472343203, "log10_eta": -1.8464680840674728, "log10_lambda": -0.5309665367278837, "log10_min_child_weight": 3.079793984910457, "log10_subsample": -0.6896049123676716, "max_depth": 6.0, "num_boost_round": 10.0}, "datetime": {"datetime": "2024-01-19 02:19:33", "elapsed": 7626.141306, "delta": 0.006504}}
{"target": -13.756921424584444, "params": {"gamma": 310.2748355106171, "log10_alpha": -0.7789838497804489, "log10_colsample_bytree": -0.48409173472343203, "log10_eta": -1.8464680840674728, "log10_lambda": -0.5309665367278837, "log10_min_child_weight": 3.079793984910457, "log10_subsample": -0.6896049123676716, "max_depth": 6.0, "num_boost_round": 11.0}, "datetime": {"datetime": "2024-01-19 02:19:33", "elapsed": 7626.14768, "delta": 0.006374}}
{"target": -13.756583549281954, "params": {"gamma": 310.2748355106171, "log10_alpha": -0.7789838497804489, "log10_colsample_bytree": -0.48409173472343203, "log10_eta": -1.8464680840674728, "log10_lambda": -0.5309665367278837, "log10_min_child_weight": 3.079793984910457, "log10_subsample": -0.6896049123676716, "max_depth": 6.0, "num_boost_round": 12.0}, "datetime": {"datetime": "2024-01-19 02:19:33", "elapsed": 7626.154894, "delta": 0.007214}}
{"target": -13.756328726410079, "params": {"gamma": 310.2748355106171, "log10_alpha": -0.7789838497804489, "log10_colsample_bytree": -0.48409173472343203, "log10_eta": -1.8464680840674728, "log10_lambda": -0.5309665367278837, "log10_min_child_weight": 3.079793984910457, "log10_subsample": -0.6896049123676716, "max_depth": 6.0, "num_boost_round": 13.0}, "datetime": {"datetime": "2024-01-19 02:19:33", "elapsed": 7626.162417, "delta": 0.007523}}
{"target": -13.756333383822202, "params": {"gamma": 310.2748355106171, "log10_alpha": -0.7789838497804489, "log10_colsample_bytree": -0.48409173472343203, "log10_eta": -1.8464680840674728, "log10_lambda": -0.5309665367278837, "log10_min_child_weight": 3.079793984910457, "log10_subsample": -0.6896049123676716, "max_depth": 6.0, "num_boost_round": 14.0}, "datetime": {"datetime": "2024-01-19 02:19:33", "elapsed": 7626.169313, "delta": 0.006896}}
{"target": -13.756196574342463, "params": {"gamma": 310.2748355106171, "log10_alpha": -0.7789838497804489, "log10_colsample_bytree": -0.48409173472343203, "log10_eta": -1.8464680840674728, "log10_lambda": -0.5309665367278837, "log10_min_child_weight": 3.079793984910457, "log10_subsample": -0.6896049123676716, "max_depth": 6.0, "num_boost_round": 15.0}, "datetime": {"datetime": "2024-01-19 02:19:33", "elapsed": 7626.176306, "delta": 0.006993}}
{"target": -13.756505375534502, "params": {"gamma": 310.2748355106171, "log10_alpha": -0.7789838497804489, "log10_colsample_bytree": -0.48409173472343203, "log10_eta": -1.8464680840674728, "log10_lambda": -0.5309665367278837, "log10_min_child_weight": 3.079793984910457, "log10_subsample": -0.6896049123676716, "max_depth": 6.0, "num_boost_round": 16.0}, "datetime": {"datetime": "2024-01-19 02:19:33", "elapsed": 7626.184371, "delta": 0.008065}}
{"target": -13.756596000911992, "params": {"gamma": 310.2748355106171, "log10_alpha": -0.7789838497804489, "log10_colsample_bytree": -0.48409173472343203, "log10_eta": -1.8464680840674728, "log10_lambda": -0.5309665367278837, "log10_min_child_weight": 3.079793984910457, "log10_subsample": -0.6896049123676716, "max_depth": 6.0, "num_boost_round": 17.0}, "datetime": {"datetime": "2024-01-19 02:19:33", "elapsed": 7626.191682, "delta": 0.007311}}
{"target": -13.75662498267525, "params": {"gamma": 310.2748355106171, "log10_alpha": -0.7789838497804489, "log10_colsample_bytree": -0.48409173472343203, "log10_eta": -1.8464680840674728, "log10_lambda": -0.5309665367278837, "log10_min_child_weight": 3.079793984910457, "log10_subsample": -0.6896049123676716, "max_depth": 6.0, "num_boost_round": 18.0}, "datetime": {"datetime": "2024-01-19 02:19:33", "elapsed": 7626.198177, "delta": 0.006495}}
{"target": -13.75649653834489, "params": {"gamma": 310.2748355106171, "log10_alpha": -0.7789838497804489, "log10_colsample_bytree": -0.48409173472343203, "log10_eta": -1.8464680840674728, "log10_lambda": -0.5309665367278837, "log10_min_child_weight": 3.079793984910457, "log10_subsample": -0.6896049123676716, "max_depth": 6.0, "num_boost_round": 19.0}, "datetime": {"datetime": "2024-01-19 02:19:33", "elapsed": 7626.205027, "delta": 0.00685}}
{"target": -13.756197862590136, "params": {"gamma": 310.2748355106171, "log10_alpha": -0.7789838497804489, "log10_colsample_bytree": -0.48409173472343203, "log10_eta": -1.8464680840674728, "log10_lambda": -0.5309665367278837, "log10_min_child_weight": 3.079793984910457, "log10_subsample": -0.6896049123676716, "max_depth": 6.0, "num_boost_round": 20.0}, "datetime": {"datetime": "2024-01-19 02:19:33", "elapsed": 7626.212321, "delta": 0.007294}}
{"target": -13.756280614216097, "params": {"gamma": 310.2748355106171, "log10_alpha": -0.7789838497804489, "log10_colsample_bytree": -0.48409173472343203, "log10_eta": -1.8464680840674728, "log10_lambda": -0.5309665367278837, "log10_min_child_weight": 3.079793984910457, "log10_subsample": -0.6896049123676716, "max_depth": 6.0, "num_boost_round": 21.0}, "datetime": {"datetime": "2024-01-19 02:19:33", "elapsed": 7626.219769, "delta": 0.007448}}
{"target": -13.758534871694984, "params": {"gamma": 309.8294522823515, "log10_alpha": -0.6436734124932109, "log10_colsample_bytree": -0.2800926487224058, "log10_eta": -3.120408644956127, "log10_lambda": -2.0213778941422236, "log10_min_child_weight": 3.0123142355921373, "log10_subsample": -0.8202677323386142, "max_depth": 7.0, "num_boost_round": 0.0}, "datetime": {"datetime": "2024-01-19 02:22:44", "elapsed": 7817.068327, "delta": 190.848558}}
{"target": -13.758514758961121, "params": {"gamma": 309.8294522823515, "log10_alpha": -0.6436734124932109, "log10_colsample_bytree": -0.2800926487224058, "log10_eta": -3.120408644956127, "log10_lambda": -2.0213778941422236, "log10_min_child_weight": 3.0123142355921373, "log10_subsample": -0.8202677323386142, "max_depth": 7.0, "num_boost_round": 1.0}, "datetime": {"datetime": "2024-01-19 02:22:44", "elapsed": 7817.200596, "delta": 0.132269}}
{"target": -13.758486755217902, "params": {"gamma": 309.8294522823515, "log10_alpha": -0.6436734124932109, "log10_colsample_bytree": -0.2800926487224058, "log10_eta": -3.120408644956127, "log10_lambda": -2.0213778941422236, "log10_min_child_weight": 3.0123142355921373, "log10_subsample": -0.8202677323386142, "max_depth": 7.0, "num_boost_round": 2.0}, "datetime": {"datetime": "2024-01-19 02:22:44", "elapsed": 7817.209026, "delta": 0.00843}}
{"target": -13.758490284062457, "params": {"gamma": 309.8294522823515, "log10_alpha": -0.6436734124932109, "log10_colsample_bytree": -0.2800926487224058, "log10_eta": -3.120408644956127, "log10_lambda": -2.0213778941422236, "log10_min_child_weight": 3.0123142355921373, "log10_subsample": -0.8202677323386142, "max_depth": 7.0, "num_boost_round": 3.0}, "datetime": {"datetime": "2024-01-19 02:22:44", "elapsed": 7817.216586, "delta": 0.00756}}
{"target": -13.75846376876893, "params": {"gamma": 309.8294522823515, "log10_alpha": -0.6436734124932109, "log10_colsample_bytree": -0.2800926487224058, "log10_eta": -3.120408644956127, "log10_lambda": -2.0213778941422236, "log10_min_child_weight": 3.0123142355921373, "log10_subsample": -0.8202677323386142, "max_depth": 7.0, "num_boost_round": 4.0}, "datetime": {"datetime": "2024-01-19 02:22:44", "elapsed": 7817.224236, "delta": 0.00765}}
{"target": -13.758459388599803, "params": {"gamma": 309.8294522823515, "log10_alpha": -0.6436734124932109, "log10_colsample_bytree": -0.2800926487224058, "log10_eta": -3.120408644956127, "log10_lambda": -2.0213778941422236, "log10_min_child_weight": 3.0123142355921373, "log10_subsample": -0.8202677323386142, "max_depth": 7.0, "num_boost_round": 5.0}, "datetime": {"datetime": "2024-01-19 02:22:44", "elapsed": 7817.231587, "delta": 0.007351}}
{"target": -13.758457105319415, "params": {"gamma": 309.8294522823515, "log10_alpha": -0.6436734124932109, "log10_colsample_bytree": -0.2800926487224058, "log10_eta": -3.120408644956127, "log10_lambda": -2.0213778941422236, "log10_min_child_weight": 3.0123142355921373, "log10_subsample": -0.8202677323386142, "max_depth": 7.0, "num_boost_round": 6.0}, "datetime": {"datetime": "2024-01-19 02:22:44", "elapsed": 7817.238678, "delta": 0.007091}}
{"target": -13.758458812395668, "params": {"gamma": 309.8294522823515, "log10_alpha": -0.6436734124932109, "log10_colsample_bytree": -0.2800926487224058, "log10_eta": -3.120408644956127, "log10_lambda": -2.0213778941422236, "log10_min_child_weight": 3.0123142355921373, "log10_subsample": -0.8202677323386142, "max_depth": 7.0, "num_boost_round": 7.0}, "datetime": {"datetime": "2024-01-19 02:22:44", "elapsed": 7817.245726, "delta": 0.007048}}
{"target": -13.758446073318172, "params": {"gamma": 309.8294522823515, "log10_alpha": -0.6436734124932109, "log10_colsample_bytree": -0.2800926487224058, "log10_eta": -3.120408644956127, "log10_lambda": -2.0213778941422236, "log10_min_child_weight": 3.0123142355921373, "log10_subsample": -0.8202677323386142, "max_depth": 7.0, "num_boost_round": 8.0}, "datetime": {"datetime": "2024-01-19 02:22:44", "elapsed": 7817.252782, "delta": 0.007056}}
{"target": -13.758422005164007, "params": {"gamma": 309.8294522823515, "log10_alpha": -0.6436734124932109, "log10_colsample_bytree": -0.2800926487224058, "log10_eta": -3.120408644956127, "log10_lambda": -2.0213778941422236, "log10_min_child_weight": 3.0123142355921373, "log10_subsample": -0.8202677323386142, "max_depth": 7.0, "num_boost_round": 9.0}, "datetime": {"datetime": "2024-01-19 02:22:44", "elapsed": 7817.260007, "delta": 0.007225}}
{"target": -13.758402185977905, "params": {"gamma": 309.8294522823515, "log10_alpha": -0.6436734124932109, "log10_colsample_bytree": -0.2800926487224058, "log10_eta": -3.120408644956127, "log10_lambda": -2.0213778941422236, "log10_min_child_weight": 3.0123142355921373, "log10_subsample": -0.8202677323386142, "max_depth": 7.0, "num_boost_round": 10.0}, "datetime": {"datetime": "2024-01-19 02:22:44", "elapsed": 7817.267044, "delta": 0.007037}}
{"target": -13.758395521209945, "params": {"gamma": 309.8294522823515, "log10_alpha": -0.6436734124932109, "log10_colsample_bytree": -0.2800926487224058, "log10_eta": -3.120408644956127, "log10_lambda": -2.0213778941422236, "log10_min_child_weight": 3.0123142355921373, "log10_subsample": -0.8202677323386142, "max_depth": 7.0, "num_boost_round": 11.0}, "datetime": {"datetime": "2024-01-19 02:22:44", "elapsed": 7817.274837, "delta": 0.007793}}
{"target": -13.758374549274553, "params": {"gamma": 309.8294522823515, "log10_alpha": -0.6436734124932109, "log10_colsample_bytree": -0.2800926487224058, "log10_eta": -3.120408644956127, "log10_lambda": -2.0213778941422236, "log10_min_child_weight": 3.0123142355921373, "log10_subsample": -0.8202677323386142, "max_depth": 7.0, "num_boost_round": 12.0}, "datetime": {"datetime": "2024-01-19 02:22:44", "elapsed": 7817.282389, "delta": 0.007552}}
{"target": -13.758355235651305, "params": {"gamma": 309.8294522823515, "log10_alpha": -0.6436734124932109, "log10_colsample_bytree": -0.2800926487224058, "log10_eta": -3.120408644956127, "log10_lambda": -2.0213778941422236, "log10_min_child_weight": 3.0123142355921373, "log10_subsample": -0.8202677323386142, "max_depth": 7.0, "num_boost_round": 13.0}, "datetime": {"datetime": "2024-01-19 02:22:44", "elapsed": 7817.289729, "delta": 0.00734}}
{"target": -13.758354141266425, "params": {"gamma": 309.8294522823515, "log10_alpha": -0.6436734124932109, "log10_colsample_bytree": -0.2800926487224058, "log10_eta": -3.120408644956127, "log10_lambda": -2.0213778941422236, "log10_min_child_weight": 3.0123142355921373, "log10_subsample": -0.8202677323386142, "max_depth": 7.0, "num_boost_round": 14.0}, "datetime": {"datetime": "2024-01-19 02:22:44", "elapsed": 7817.296625, "delta": 0.006896}}
{"target": -13.758344230073455, "params": {"gamma": 309.8294522823515, "log10_alpha": -0.6436734124932109, "log10_colsample_bytree": -0.2800926487224058, "log10_eta": -3.120408644956127, "log10_lambda": -2.0213778941422236, "log10_min_child_weight": 3.0123142355921373, "log10_subsample": -0.8202677323386142, "max_depth": 7.0, "num_boost_round": 15.0}, "datetime": {"datetime": "2024-01-19 02:22:44", "elapsed": 7817.304185, "delta": 0.00756}}
{"target": -13.758335943743917, "params": {"gamma": 309.8294522823515, "log10_alpha": -0.6436734124932109, "log10_colsample_bytree": -0.2800926487224058, "log10_eta": -3.120408644956127, "log10_lambda": -2.0213778941422236, "log10_min_child_weight": 3.0123142355921373, "log10_subsample": -0.8202677323386142, "max_depth": 7.0, "num_boost_round": 16.0}, "datetime": {"datetime": "2024-01-19 02:22:44", "elapsed": 7817.312249, "delta": 0.008064}}
{"target": -13.758334398216084, "params": {"gamma": 309.8294522823515, "log10_alpha": -0.6436734124932109, "log10_colsample_bytree": -0.2800926487224058, "log10_eta": -3.120408644956127, "log10_lambda": -2.0213778941422236, "log10_min_child_weight": 3.0123142355921373, "log10_subsample": -0.8202677323386142, "max_depth": 7.0, "num_boost_round": 17.0}, "datetime": {"datetime": "2024-01-19 02:22:44", "elapsed": 7817.319921, "delta": 0.007672}}
