{"target": -17.677158492950042, "params": {"gamma": 38.00769810282756, "log10_alpha": -2.5912352589866723, "log10_colsample_bytree": -0.30308163646515773, "log10_eta": -3.645766237966126, "log10_lambda": 0.02904186507348694, "log10_min_child_weight": 4.147906766262449, "log10_subsample": -0.15723169314444574, "max_depth": 7.0, "num_boost_round": 19.0}, "datetime": {"datetime": "2024-01-19 00:40:15", "elapsed": 1769.236722, "delta": 0.002238}}
{"target": -17.677147876244785, "params": {"gamma": 38.00769810282756, "log10_alpha": -2.5912352589866723, "log10_colsample_bytree": -0.30308163646515773, "log10_eta": -3.645766237966126, "log10_lambda": 0.02904186507348694, "log10_min_child_weight": 4.147906766262449, "log10_subsample": -0.15723169314444574, "max_depth": 7.0, "num_boost_round": 20.0}, "datetime": {"datetime": "2024-01-19 00:40:15", "elapsed": 1769.238863, "delta": 0.002141}}
{"target": -17.6771385648339, "params": {"gamma": 38.00769810282756, "log10_alpha": -2.5912352589866723, "log10_colsample_bytree": -0.30308163646515773, "log10_eta": -3.645766237966126, "log10_lambda": 0.02904186507348694, "log10_min_child_weight": 4.147906766262449, "log10_subsample": -0.15723169314444574, "max_depth": 7.0, "num_boost_round": 21.0}, "datetime": {"datetime": "2024-01-19 00:40:15", "elapsed": 1769.241015, "delta": 0.002152}}
{"target": -17.677123183364355, "params": {"gamma": 38.00769810282756, "log10_alpha": -2.5912352589866723, "log10_colsample_bytree": -0.30308163646515773, "log10_eta": -3.645766237966126, "log10_lambda": 0.02904186507348694, "log10_min_child_weight": 4.147906766262449, "log10_subsample": -0.15723169314444574, "max_depth": 7.0, "num_boost_round": 22.0}, "datetime": {"datetime": "2024-01-19 00:40:15", "elapsed": 1769.24321, "delta": 0.002195}}
{"target": -17.677125315353457, "params": {"gamma": 38.00769810282756, "log10_alpha": -2.5912352589866723, "log10_colsample_bytree": -0.30308163646515773, "log10_eta": -3.645766237966126, "log10_lambda": 0.02904186507348694, "log10_min_child_weight": 4.147906766262449, "log10_subsample": -0.15723169314444574, "max_depth": 7.0, "num_boost_round": 23.0}, "datetime": {"datetime": "2024-01-19 00:40:15", "elapsed": 1769.249762, "delta": 0.006552}}
{"target": -17.67712562608584, "params": {"gamma": 38.00769810282756, "log10_alpha": -2.5912352589866723, "log10_colsample_bytree": -0.30308163646515773, "log10_eta": -3.645766237966126, "log10_lambda": 0.02904186507348694, "log10_min_child_weight": 4.147906766262449, "log10_subsample": -0.15723169314444574, "max_depth": 7.0, "num_boost_round": 24.0}, "datetime": {"datetime": "2024-01-19 00:40:15", "elapsed": 1769.251966, "delta": 0.002204}}
{"target": -17.677125062647505, "params": {"gamma": 38.00769810282756, "log10_alpha": -2.5912352589866723, "log10_colsample_bytree": -0.30308163646515773, "log10_eta": -3.645766237966126, "log10_lambda": 0.02904186507348694, "log10_min_child_weight": 4.147906766262449, "log10_subsample": -0.15723169314444574, "max_depth": 7.0, "num_boost_round": 25.0}, "datetime": {"datetime": "2024-01-19 00:40:15", "elapsed": 1769.254165, "delta": 0.002199}}
{"target": -17.677130464163834, "params": {"gamma": 38.00769810282756, "log10_alpha": -2.5912352589866723, "log10_colsample_bytree": -0.30308163646515773, "log10_eta": -3.645766237966126, "log10_lambda": 0.02904186507348694, "log10_min_child_weight": 4.147906766262449, "log10_subsample": -0.15723169314444574, "max_depth": 7.0, "num_boost_round": 26.0}, "datetime": {"datetime": "2024-01-19 00:40:15", "elapsed": 1769.256377, "delta": 0.002212}}
{"target": -17.677126754392017, "params": {"gamma": 38.00769810282756, "log10_alpha": -2.5912352589866723, "log10_colsample_bytree": -0.30308163646515773, "log10_eta": -3.645766237966126, "log10_lambda": 0.02904186507348694, "log10_min_child_weight": 4.147906766262449, "log10_subsample": -0.15723169314444574, "max_depth": 7.0, "num_boost_round": 27.0}, "datetime": {"datetime": "2024-01-19 00:40:15", "elapsed": 1769.258496, "delta": 0.002119}}
{"target": -17.67712107232159, "params": {"gamma": 38.00769810282756, "log10_alpha": -2.5912352589866723, "log10_colsample_bytree": -0.30308163646515773, "log10_eta": -3.645766237966126, "log10_lambda": 0.02904186507348694, "log10_min_child_weight": 4.147906766262449, "log10_subsample": -0.15723169314444574, "max_depth": 7.0, "num_boost_round": 28.0}, "datetime": {"datetime": "2024-01-19 00:40:15", "elapsed": 1769.260774, "delta": 0.002278}}
{"target": -17.677114356587072, "params": {"gamma": 38.00769810282756, "log10_alpha": -2.5912352589866723, "log10_colsample_bytree": -0.30308163646515773, "log10_eta": -3.645766237966126, "log10_lambda": 0.02904186507348694, "log10_min_child_weight": 4.147906766262449, "log10_subsample": -0.15723169314444574, "max_depth": 7.0, "num_boost_round": 29.0}, "datetime": {"datetime": "2024-01-19 00:40:15", "elapsed": 1769.262965, "delta": 0.002191}}
{"target": -17.67709929806925, "params": {"gamma": 38.00769810282756, "log10_alpha": -2.5912352589866723, "log10_colsample_bytree": -0.30308163646515773, "log10_eta": -3.645766237966126, "log10_lambda": 0.02904186507348694, "log10_min_child_weight": 4.147906766262449, "log10_subsample": -0.15723169314444574, "max_depth": 7.0, "num_boost_round": 30.0}, "datetime": {"datetime": "2024-01-19 00:40:15", "elapsed": 1769.265099, "delta": 0.002134}}
{"target": -17.677043989675692, "params": {"gamma": 13.56366418378363, "log10_alpha": -0.4565018123696625, "log10_colsample_bytree": -0.036759060590717874, "log10_eta": -2.7708726731138666, "log10_lambda": -3.9850909604977174, "log10_min_child_weight": 1.5070444032505197, "log10_subsample": -0.6022859737014049, "max_depth": 9.0, "num_boost_round": 0.0}, "datetime": {"datetime": "2024-01-19 00:41:15", "elapsed": 1829.051657, "delta": 59.786558}}
{"target": -17.676961207749372, "params": {"gamma": 13.56366418378363, "log10_alpha": -0.4565018123696625, "log10_colsample_bytree": -0.036759060590717874, "log10_eta": -2.7708726731138666, "log10_lambda": -3.9850909604977174, "log10_min_child_weight": 1.5070444032505197, "log10_subsample": -0.6022859737014049, "max_depth": 9.0, "num_boost_round": 1.0}, "datetime": {"datetime": "2024-01-19 00:41:15", "elapsed": 1829.054636, "delta": 0.002979}}
{"target": -17.67687375414521, "params": {"gamma": 13.56366418378363, "log10_alpha": -0.4565018123696625, "log10_colsample_bytree": -0.036759060590717874, "log10_eta": -2.7708726731138666, "log10_lambda": -3.9850909604977174, "log10_min_child_weight": 1.5070444032505197, "log10_subsample": -0.6022859737014049, "max_depth": 9.0, "num_boost_round": 2.0}, "datetime": {"datetime": "2024-01-19 00:41:15", "elapsed": 1829.056915, "delta": 0.002279}}
{"target": -17.676777844263505, "params": {"gamma": 13.56366418378363, "log10_alpha": -0.4565018123696625, "log10_colsample_bytree": -0.036759060590717874, "log10_eta": -2.7708726731138666, "log10_lambda": -3.9850909604977174, "log10_min_child_weight": 1.5070444032505197, "log10_subsample": -0.6022859737014049, "max_depth": 9.0, "num_boost_round": 3.0}, "datetime": {"datetime": "2024-01-19 00:41:15", "elapsed": 1829.059117, "delta": 0.002202}}
{"target": -17.676792677889487, "params": {"gamma": 13.56366418378363, "log10_alpha": -0.4565018123696625, "log10_colsample_bytree": -0.036759060590717874, "log10_eta": -2.7708726731138666, "log10_lambda": -3.9850909604977174, "log10_min_child_weight": 1.5070444032505197, "log10_subsample": -0.6022859737014049, "max_depth": 9.0, "num_boost_round": 4.0}, "datetime": {"datetime": "2024-01-19 00:41:15", "elapsed": 1829.061296, "delta": 0.002179}}
{"target": -17.67688468363778, "params": {"gamma": 13.56366418378363, "log10_alpha": -0.4565018123696625, "log10_colsample_bytree": -0.036759060590717874, "log10_eta": -2.7708726731138666, "log10_lambda": -3.9850909604977174, "log10_min_child_weight": 1.5070444032505197, "log10_subsample": -0.6022859737014049, "max_depth": 9.0, "num_boost_round": 5.0}, "datetime": {"datetime": "2024-01-19 00:41:15", "elapsed": 1829.0634, "delta": 0.002104}}
{"target": -17.676738652334947, "params": {"gamma": 13.56366418378363, "log10_alpha": -0.4565018123696625, "log10_colsample_bytree": -0.036759060590717874, "log10_eta": -2.7708726731138666, "log10_lambda": -3.9850909604977174, "log10_min_child_weight": 1.5070444032505197, "log10_subsample": -0.6022859737014049, "max_depth": 9.0, "num_boost_round": 6.0}, "datetime": {"datetime": "2024-01-19 00:41:15", "elapsed": 1829.065552, "delta": 0.002152}}
{"target": -17.676659640851963, "params": {"gamma": 13.56366418378363, "log10_alpha": -0.4565018123696625, "log10_colsample_bytree": -0.036759060590717874, "log10_eta": -2.7708726731138666, "log10_lambda": -3.9850909604977174, "log10_min_child_weight": 1.5070444032505197, "log10_subsample": -0.6022859737014049, "max_depth": 9.0, "num_boost_round": 7.0}, "datetime": {"datetime": "2024-01-19 00:41:15", "elapsed": 1829.067796, "delta": 0.002244}}
{"target": -17.6767503900384, "params": {"gamma": 13.56366418378363, "log10_alpha": -0.4565018123696625, "log10_colsample_bytree": -0.036759060590717874, "log10_eta": -2.7708726731138666, "log10_lambda": -3.9850909604977174, "log10_min_child_weight": 1.5070444032505197, "log10_subsample": -0.6022859737014049, "max_depth": 9.0, "num_boost_round": 8.0}, "datetime": {"datetime": "2024-01-19 00:41:15", "elapsed": 1829.070101, "delta": 0.002305}}
{"target": -17.676752457201452, "params": {"gamma": 13.56366418378363, "log10_alpha": -0.4565018123696625, "log10_colsample_bytree": -0.036759060590717874, "log10_eta": -2.7708726731138666, "log10_lambda": -3.9850909604977174, "log10_min_child_weight": 1.5070444032505197, "log10_subsample": -0.6022859737014049, "max_depth": 9.0, "num_boost_round": 9.0}, "datetime": {"datetime": "2024-01-19 00:41:15", "elapsed": 1829.072259, "delta": 0.002158}}
{"target": -17.676787039761923, "params": {"gamma": 13.56366418378363, "log10_alpha": -0.4565018123696625, "log10_colsample_bytree": -0.036759060590717874, "log10_eta": -2.7708726731138666, "log10_lambda": -3.9850909604977174, "log10_min_child_weight": 1.5070444032505197, "log10_subsample": -0.6022859737014049, "max_depth": 9.0, "num_boost_round": 10.0}, "datetime": {"datetime": "2024-01-19 00:41:15", "elapsed": 1829.074506, "delta": 0.002247}}
{"target": -17.676752023938636, "params": {"gamma": 13.56366418378363, "log10_alpha": -0.4565018123696625, "log10_colsample_bytree": -0.036759060590717874, "log10_eta": -2.7708726731138666, "log10_lambda": -3.9850909604977174, "log10_min_child_weight": 1.5070444032505197, "log10_subsample": -0.6022859737014049, "max_depth": 9.0, "num_boost_round": 11.0}, "datetime": {"datetime": "2024-01-19 00:41:15", "elapsed": 1829.076653, "delta": 0.002147}}
{"target": -17.67664101180935, "params": {"gamma": 13.56366418378363, "log10_alpha": -0.4565018123696625, "log10_colsample_bytree": -0.036759060590717874, "log10_eta": -2.7708726731138666, "log10_lambda": -3.9850909604977174, "log10_min_child_weight": 1.5070444032505197, "log10_subsample": -0.6022859737014049, "max_depth": 9.0, "num_boost_round": 12.0}, "datetime": {"datetime": "2024-01-19 00:41:15", "elapsed": 1829.078699, "delta": 0.002046}}
{"target": -17.676573562680858, "params": {"gamma": 13.56366418378363, "log10_alpha": -0.4565018123696625, "log10_colsample_bytree": -0.036759060590717874, "log10_eta": -2.7708726731138666, "log10_lambda": -3.9850909604977174, "log10_min_child_weight": 1.5070444032505197, "log10_subsample": -0.6022859737014049, "max_depth": 9.0, "num_boost_round": 13.0}, "datetime": {"datetime": "2024-01-19 00:41:15", "elapsed": 1829.080877, "delta": 0.002178}}
{"target": -17.67640468062058, "params": {"gamma": 13.56366418378363, "log10_alpha": -0.4565018123696625, "log10_colsample_bytree": -0.036759060590717874, "log10_eta": -2.7708726731138666, "log10_lambda": -3.9850909604977174, "log10_min_child_weight": 1.5070444032505197, "log10_subsample": -0.6022859737014049, "max_depth": 9.0, "num_boost_round": 14.0}, "datetime": {"datetime": "2024-01-19 00:41:15", "elapsed": 1829.083064, "delta": 0.002187}}
{"target": -17.676467732565676, "params": {"gamma": 13.56366418378363, "log10_alpha": -0.4565018123696625, "log10_colsample_bytree": -0.036759060590717874, "log10_eta": -2.7708726731138666, "log10_lambda": -3.9850909604977174, "log10_min_child_weight": 1.5070444032505197, "log10_subsample": -0.6022859737014049, "max_depth": 9.0, "num_boost_round": 15.0}, "datetime": {"datetime": "2024-01-19 00:41:15", "elapsed": 1829.085219, "delta": 0.002155}}
{"target": -17.676429563814132, "params": {"gamma": 13.56366418378363, "log10_alpha": -0.4565018123696625, "log10_colsample_bytree": -0.036759060590717874, "log10_eta": -2.7708726731138666, "log10_lambda": -3.9850909604977174, "log10_min_child_weight": 1.5070444032505197, "log10_subsample": -0.6022859737014049, "max_depth": 9.0, "num_boost_round": 16.0}, "datetime": {"datetime": "2024-01-19 00:41:15", "elapsed": 1829.087406, "delta": 0.002187}}
{"target": -17.67648036588892, "params": {"gamma": 13.56366418378363, "log10_alpha": -0.4565018123696625, "log10_colsample_bytree": -0.036759060590717874, "log10_eta": -2.7708726731138666, "log10_lambda": -3.9850909604977174, "log10_min_child_weight": 1.5070444032505197, "log10_subsample": -0.6022859737014049, "max_depth": 9.0, "num_boost_round": 17.0}, "datetime": {"datetime": "2024-01-19 00:41:15", "elapsed": 1829.089477, "delta": 0.002071}}
{"target": -17.676380195789875, "params": {"gamma": 13.56366418378363, "log10_alpha": -0.4565018123696625, "log10_colsample_bytree": -0.036759060590717874, "log10_eta": -2.7708726731138666, "log10_lambda": -3.9850909604977174, "log10_min_child_weight": 1.5070444032505197, "log10_subsample": -0.6022859737014049, "max_depth": 9.0, "num_boost_round": 18.0}, "datetime": {"datetime": "2024-01-19 00:41:15", "elapsed": 1829.091646, "delta": 0.002169}}
{"target": -17.67615159202825, "params": {"gamma": 13.56366418378363, "log10_alpha": -0.4565018123696625, "log10_colsample_bytree": -0.036759060590717874, "log10_eta": -2.7708726731138666, "log10_lambda": -3.9850909604977174, "log10_min_child_weight": 1.5070444032505197, "log10_subsample": -0.6022859737014049, "max_depth": 9.0, "num_boost_round": 19.0}, "datetime": {"datetime": "2024-01-19 00:41:15", "elapsed": 1829.093896, "delta": 0.00225}}
{"target": -17.676020162174563, "params": {"gamma": 13.56366418378363, "log10_alpha": -0.4565018123696625, "log10_colsample_bytree": -0.036759060590717874, "log10_eta": -2.7708726731138666, "log10_lambda": -3.9850909604977174, "log10_min_child_weight": 1.5070444032505197, "log10_subsample": -0.6022859737014049, "max_depth": 9.0, "num_boost_round": 20.0}, "datetime": {"datetime": "2024-01-19 00:41:15", "elapsed": 1829.096078, "delta": 0.002182}}
{"target": -17.67602264292507, "params": {"gamma": 13.56366418378363, "log10_alpha": -0.4565018123696625, "log10_colsample_bytree": -0.036759060590717874, "log10_eta": -2.7708726731138666, "log10_lambda": -3.9850909604977174, "log10_min_child_weight": 1.5070444032505197, "log10_subsample": -0.6022859737014049, "max_depth": 9.0, "num_boost_round": 21.0}, "datetime": {"datetime": "2024-01-19 00:41:15", "elapsed": 1829.098247, "delta": 0.002169}}
{"target": -17.67590209734427, "params": {"gamma": 13.56366418378363, "log10_alpha": -0.4565018123696625, "log10_colsample_bytree": -0.036759060590717874, "log10_eta": -2.7708726731138666, "log10_lambda": -3.9850909604977174, "log10_min_child_weight": 1.5070444032505197, "log10_subsample": -0.6022859737014049, "max_depth": 9.0, "num_boost_round": 22.0}, "datetime": {"datetime": "2024-01-19 00:41:15", "elapsed": 1829.100366, "delta": 0.002119}}
{"target": -17.67593887695266, "params": {"gamma": 13.56366418378363, "log10_alpha": -0.4565018123696625, "log10_colsample_bytree": -0.036759060590717874, "log10_eta": -2.7708726731138666, "log10_lambda": -3.9850909604977174, "log10_min_child_weight": 1.5070444032505197, "log10_subsample": -0.6022859737014049, "max_depth": 9.0, "num_boost_round": 23.0}, "datetime": {"datetime": "2024-01-19 00:41:15", "elapsed": 1829.102531, "delta": 0.002165}}
{"target": -17.67585279941525, "params": {"gamma": 13.56366418378363, "log10_alpha": -0.4565018123696625, "log10_colsample_bytree": -0.036759060590717874, "log10_eta": -2.7708726731138666, "log10_lambda": -3.9850909604977174, "log10_min_child_weight": 1.5070444032505197, "log10_subsample": -0.6022859737014049, "max_depth": 9.0, "num_boost_round": 24.0}, "datetime": {"datetime": "2024-01-19 00:41:15", "elapsed": 1829.104712, "delta": 0.002181}}
{"target": -17.675825723795537, "params": {"gamma": 13.56366418378363, "log10_alpha": -0.4565018123696625, "log10_colsample_bytree": -0.036759060590717874, "log10_eta": -2.7708726731138666, "log10_lambda": -3.9850909604977174, "log10_min_child_weight": 1.5070444032505197, "log10_subsample": -0.6022859737014049, "max_depth": 9.0, "num_boost_round": 25.0}, "datetime": {"datetime": "2024-01-19 00:41:15", "elapsed": 1829.106893, "delta": 0.002181}}
{"target": -17.67576919121571, "params": {"gamma": 13.56366418378363, "log10_alpha": -0.4565018123696625, "log10_colsample_bytree": -0.036759060590717874, "log10_eta": -2.7708726731138666, "log10_lambda": -3.9850909604977174, "log10_min_child_weight": 1.5070444032505197, "log10_subsample": -0.6022859737014049, "max_depth": 9.0, "num_boost_round": 26.0}, "datetime": {"datetime": "2024-01-19 00:41:15", "elapsed": 1829.109087, "delta": 0.002194}}
{"target": -17.675655880222994, "params": {"gamma": 13.56366418378363, "log10_alpha": -0.4565018123696625, "log10_colsample_bytree": -0.036759060590717874, "log10_eta": -2.7708726731138666, "log10_lambda": -3.9850909604977174, "log10_min_child_weight": 1.5070444032505197, "log10_subsample": -0.6022859737014049, "max_depth": 9.0, "num_boost_round": 27.0}, "datetime": {"datetime": "2024-01-19 00:41:15", "elapsed": 1829.111236, "delta": 0.002149}}
{"target": -17.675654719460155, "params": {"gamma": 13.56366418378363, "log10_alpha": -0.4565018123696625, "log10_colsample_bytree": -0.036759060590717874, "log10_eta": -2.7708726731138666, "log10_lambda": -3.9850909604977174, "log10_min_child_weight": 1.5070444032505197, "log10_subsample": -0.6022859737014049, "max_depth": 9.0, "num_boost_round": 28.0}, "datetime": {"datetime": "2024-01-19 00:41:15", "elapsed": 1829.113445, "delta": 0.002209}}
{"target": -17.67551961657486, "params": {"gamma": 13.56366418378363, "log10_alpha": -0.4565018123696625, "log10_colsample_bytree": -0.036759060590717874, "log10_eta": -2.7708726731138666, "log10_lambda": -3.9850909604977174, "log10_min_child_weight": 1.5070444032505197, "log10_subsample": -0.6022859737014049, "max_depth": 9.0, "num_boost_round": 29.0}, "datetime": {"datetime": "2024-01-19 00:41:15", "elapsed": 1829.115603, "delta": 0.002158}}
{"target": -17.675466910197322, "params": {"gamma": 13.56366418378363, "log10_alpha": -0.4565018123696625, "log10_colsample_bytree": -0.036759060590717874, "log10_eta": -2.7708726731138666, "log10_lambda": -3.9850909604977174, "log10_min_child_weight": 1.5070444032505197, "log10_subsample": -0.6022859737014049, "max_depth": 9.0, "num_boost_round": 30.0}, "datetime": {"datetime": "2024-01-19 00:41:15", "elapsed": 1829.117781, "delta": 0.002178}}
{"target": -17.67534559977521, "params": {"gamma": 13.56366418378363, "log10_alpha": -0.4565018123696625, "log10_colsample_bytree": -0.036759060590717874, "log10_eta": -2.7708726731138666, "log10_lambda": -3.9850909604977174, "log10_min_child_weight": 1.5070444032505197, "log10_subsample": -0.6022859737014049, "max_depth": 9.0, "num_boost_round": 31.0}, "datetime": {"datetime": "2024-01-19 00:41:15", "elapsed": 1829.11999, "delta": 0.002209}}
{"target": -17.675429629537614, "params": {"gamma": 13.56366418378363, "log10_alpha": -0.4565018123696625, "log10_colsample_bytree": -0.036759060590717874, "log10_eta": -2.7708726731138666, "log10_lambda": -3.9850909604977174, "log10_min_child_weight": 1.5070444032505197, "log10_subsample": -0.6022859737014049, "max_depth": 9.0, "num_boost_round": 32.0}, "datetime": {"datetime": "2024-01-19 00:41:15", "elapsed": 1829.122162, "delta": 0.002172}}
{"target": -17.67547559745678, "params": {"gamma": 13.56366418378363, "log10_alpha": -0.4565018123696625, "log10_colsample_bytree": -0.036759060590717874, "log10_eta": -2.7708726731138666, "log10_lambda": -3.9850909604977174, "log10_min_child_weight": 1.5070444032505197, "log10_subsample": -0.6022859737014049, "max_depth": 9.0, "num_boost_round": 33.0}, "datetime": {"datetime": "2024-01-19 00:41:15", "elapsed": 1829.1249, "delta": 0.002738}}
{"target": -17.675590277759195, "params": {"gamma": 13.56366418378363, "log10_alpha": -0.4565018123696625, "log10_colsample_bytree": -0.036759060590717874, "log10_eta": -2.7708726731138666, "log10_lambda": -3.9850909604977174, "log10_min_child_weight": 1.5070444032505197, "log10_subsample": -0.6022859737014049, "max_depth": 9.0, "num_boost_round": 34.0}, "datetime": {"datetime": "2024-01-19 00:41:15", "elapsed": 1829.1272, "delta": 0.0023}}
{"target": -17.675613290330027, "params": {"gamma": 13.56366418378363, "log10_alpha": -0.4565018123696625, "log10_colsample_bytree": -0.036759060590717874, "log10_eta": -2.7708726731138666, "log10_lambda": -3.9850909604977174, "log10_min_child_weight": 1.5070444032505197, "log10_subsample": -0.6022859737014049, "max_depth": 9.0, "num_boost_round": 35.0}, "datetime": {"datetime": "2024-01-19 00:41:15", "elapsed": 1829.129389, "delta": 0.002189}}
{"target": -17.6754457968075, "params": {"gamma": 13.56366418378363, "log10_alpha": -0.4565018123696625, "log10_colsample_bytree": -0.036759060590717874, "log10_eta": -2.7708726731138666, "log10_lambda": -3.9850909604977174, "log10_min_child_weight": 1.5070444032505197, "log10_subsample": -0.6022859737014049, "max_depth": 9.0, "num_boost_round": 36.0}, "datetime": {"datetime": "2024-01-19 00:41:15", "elapsed": 1829.131654, "delta": 0.002265}}
