{"target": -13.758329198433383, "params": {"gamma": 76.94155355918785, "log10_alpha": 0.20824551787023005, "log10_colsample_bytree": -0.22675780259477818, "log10_eta": -2.3654811408556253, "log10_lambda": -3.157188134888016, "log10_min_child_weight": 2.3251293530728527, "log10_subsample": -0.8680382963892687, "max_depth": 6.0, "num_boost_round": 12.0}, "datetime": {"datetime": "2024-01-19 00:12:44", "elapsed": 63.76842, "delta": 0.000286}}
{"target": -13.758499359817021, "params": {"gamma": 74.22768069207142, "log10_alpha": -3.9701805406662976, "log10_colsample_bytree": -0.791448045973186, "log10_eta": -2.540168903360253, "log10_lambda": 0.7901229059734582, "log10_min_child_weight": 2.478277230007326, "log10_subsample": -0.5714985903199957, "max_depth": 5.0, "num_boost_round": 0.0}, "datetime": {"datetime": "2024-01-19 00:13:03", "elapsed": 82.837959, "delta": 19.069539}}
{"target": -13.758448441039487, "params": {"gamma": 74.22768069207142, "log10_alpha": -3.9701805406662976, "log10_colsample_bytree": -0.791448045973186, "log10_eta": -2.540168903360253, "log10_lambda": 0.7901229059734582, "log10_min_child_weight": 2.478277230007326, "log10_subsample": -0.5714985903199957, "max_depth": 5.0, "num_boost_round": 1.0}, "datetime": {"datetime": "2024-01-19 00:13:03", "elapsed": 82.838378, "delta": 0.000419}}
{"target": -13.758335960319956, "params": {"gamma": 74.22768069207142, "log10_alpha": -3.9701805406662976, "log10_colsample_bytree": -0.791448045973186, "log10_eta": -2.540168903360253, "log10_lambda": 0.7901229059734582, "log10_min_child_weight": 2.478277230007326, "log10_subsample": -0.5714985903199957, "max_depth": 5.0, "num_boost_round": 2.0}, "datetime": {"datetime": "2024-01-19 00:13:03", "elapsed": 82.838682, "delta": 0.000304}}
{"target": -13.75832538926477, "params": {"gamma": 74.22768069207142, "log10_alpha": -3.9701805406662976, "log10_colsample_bytree": -0.791448045973186, "log10_eta": -2.540168903360253, "log10_lambda": 0.7901229059734582, "log10_min_child_weight": 2.478277230007326, "log10_subsample": -0.5714985903199957, "max_depth": 5.0, "num_boost_round": 3.0}, "datetime": {"datetime": "2024-01-19 00:13:03", "elapsed": 82.83899, "delta": 0.000308}}
{"target": -13.758290323296062, "params": {"gamma": 74.22768069207142, "log10_alpha": -3.9701805406662976, "log10_colsample_bytree": -0.791448045973186, "log10_eta": -2.540168903360253, "log10_lambda": 0.7901229059734582, "log10_min_child_weight": 2.478277230007326, "log10_subsample": -0.5714985903199957, "max_depth": 5.0, "num_boost_round": 4.0}, "datetime": {"datetime": "2024-01-19 00:13:03", "elapsed": 82.83928, "delta": 0.00029}}
{"target": -13.758255345857087, "params": {"gamma": 74.22768069207142, "log10_alpha": -3.9701805406662976, "log10_colsample_bytree": -0.791448045973186, "log10_eta": -2.540168903360253, "log10_lambda": 0.7901229059734582, "log10_min_child_weight": 2.478277230007326, "log10_subsample": -0.5714985903199957, "max_depth": 5.0, "num_boost_round": 5.0}, "datetime": {"datetime": "2024-01-19 00:13:03", "elapsed": 82.839573, "delta": 0.000293}}
{"target": -13.758233031746249, "params": {"gamma": 74.22768069207142, "log10_alpha": -3.9701805406662976, "log10_colsample_bytree": -0.791448045973186, "log10_eta": -2.540168903360253, "log10_lambda": 0.7901229059734582, "log10_min_child_weight": 2.478277230007326, "log10_subsample": -0.5714985903199957, "max_depth": 5.0, "num_boost_round": 6.0}, "datetime": {"datetime": "2024-01-19 00:13:03", "elapsed": 82.839875, "delta": 0.000302}}
{"target": -13.758090691396854, "params": {"gamma": 74.22768069207142, "log10_alpha": -3.9701805406662976, "log10_colsample_bytree": -0.791448045973186, "log10_eta": -2.540168903360253, "log10_lambda": 0.7901229059734582, "log10_min_child_weight": 2.478277230007326, "log10_subsample": -0.5714985903199957, "max_depth": 5.0, "num_boost_round": 7.0}, "datetime": {"datetime": "2024-01-19 00:13:03", "elapsed": 82.84062, "delta": 0.000745}}
{"target": -13.758088629848915, "params": {"gamma": 74.22768069207142, "log10_alpha": -3.9701805406662976, "log10_colsample_bytree": -0.791448045973186, "log10_eta": -2.540168903360253, "log10_lambda": 0.7901229059734582, "log10_min_child_weight": 2.478277230007326, "log10_subsample": -0.5714985903199957, "max_depth": 5.0, "num_boost_round": 8.0}, "datetime": {"datetime": "2024-01-19 00:13:03", "elapsed": 82.841047, "delta": 0.000427}}
{"target": -13.75806118006495, "params": {"gamma": 74.22768069207142, "log10_alpha": -3.9701805406662976, "log10_colsample_bytree": -0.791448045973186, "log10_eta": -2.540168903360253, "log10_lambda": 0.7901229059734582, "log10_min_child_weight": 2.478277230007326, "log10_subsample": -0.5714985903199957, "max_depth": 5.0, "num_boost_round": 9.0}, "datetime": {"datetime": "2024-01-19 00:13:03", "elapsed": 82.841348, "delta": 0.000301}}
{"target": -13.758024499049439, "params": {"gamma": 74.22768069207142, "log10_alpha": -3.9701805406662976, "log10_colsample_bytree": -0.791448045973186, "log10_eta": -2.540168903360253, "log10_lambda": 0.7901229059734582, "log10_min_child_weight": 2.478277230007326, "log10_subsample": -0.5714985903199957, "max_depth": 5.0, "num_boost_round": 10.0}, "datetime": {"datetime": "2024-01-19 00:13:03", "elapsed": 82.841642, "delta": 0.000294}}
{"target": -13.758391958814403, "params": {"gamma": 77.01627036022008, "log10_alpha": -4.06102178581488, "log10_colsample_bytree": -0.6477395946065779, "log10_eta": -2.2184125537770076, "log10_lambda": -0.642678941702167, "log10_min_child_weight": 2.5397806253215824, "log10_subsample": -0.3614351488813622, "max_depth": 3.0, "num_boost_round": 0.0}, "datetime": {"datetime": "2024-01-19 00:13:23", "elapsed": 102.943509, "delta": 20.101867}}
{"target": -13.75831052321227, "params": {"gamma": 77.01627036022008, "log10_alpha": -4.06102178581488, "log10_colsample_bytree": -0.6477395946065779, "log10_eta": -2.2184125537770076, "log10_lambda": -0.642678941702167, "log10_min_child_weight": 2.5397806253215824, "log10_subsample": -0.3614351488813622, "max_depth": 3.0, "num_boost_round": 1.0}, "datetime": {"datetime": "2024-01-19 00:13:23", "elapsed": 102.943952, "delta": 0.000443}}
{"target": -13.758254718812243, "params": {"gamma": 77.01627036022008, "log10_alpha": -4.06102178581488, "log10_colsample_bytree": -0.6477395946065779, "log10_eta": -2.2184125537770076, "log10_lambda": -0.642678941702167, "log10_min_child_weight": 2.5397806253215824, "log10_subsample": -0.3614351488813622, "max_depth": 3.0, "num_boost_round": 2.0}, "datetime": {"datetime": "2024-01-19 00:13:23", "elapsed": 102.94427, "delta": 0.000318}}
{"target": -13.758218687397191, "params": {"gamma": 77.01627036022008, "log10_alpha": -4.06102178581488, "log10_colsample_bytree": -0.6477395946065779, "log10_eta": -2.2184125537770076, "log10_lambda": -0.642678941702167, "log10_min_child_weight": 2.5397806253215824, "log10_subsample": -0.3614351488813622, "max_depth": 3.0, "num_boost_round": 3.0}, "datetime": {"datetime": "2024-01-19 00:13:23", "elapsed": 102.944571, "delta": 0.000301}}
{"target": -13.758195947704236, "params": {"gamma": 77.01627036022008, "log10_alpha": -4.06102178581488, "log10_colsample_bytree": -0.6477395946065779, "log10_eta": -2.2184125537770076, "log10_lambda": -0.642678941702167, "log10_min_child_weight": 2.5397806253215824, "log10_subsample": -0.3614351488813622, "max_depth": 3.0, "num_boost_round": 4.0}, "datetime": {"datetime": "2024-01-19 00:13:23", "elapsed": 102.944876, "delta": 0.000305}}
{"target": -13.75812807207362, "params": {"gamma": 77.01627036022008, "log10_alpha": -4.06102178581488, "log10_colsample_bytree": -0.6477395946065779, "log10_eta": -2.2184125537770076, "log10_lambda": -0.642678941702167, "log10_min_child_weight": 2.5397806253215824, "log10_subsample": -0.3614351488813622, "max_depth": 3.0, "num_boost_round": 5.0}, "datetime": {"datetime": "2024-01-19 00:13:23", "elapsed": 102.945173, "delta": 0.000297}}
{"target": -13.758114862295699, "params": {"gamma": 77.01627036022008, "log10_alpha": -4.06102178581488, "log10_colsample_bytree": -0.6477395946065779, "log10_eta": -2.2184125537770076, "log10_lambda": -0.642678941702167, "log10_min_child_weight": 2.5397806253215824, "log10_subsample": -0.3614351488813622, "max_depth": 3.0, "num_boost_round": 6.0}, "datetime": {"datetime": "2024-01-19 00:13:23", "elapsed": 102.94547, "delta": 0.000297}}
{"target": -13.758048907300578, "params": {"gamma": 77.01627036022008, "log10_alpha": -4.06102178581488, "log10_colsample_bytree": -0.6477395946065779, "log10_eta": -2.2184125537770076, "log10_lambda": -0.642678941702167, "log10_min_child_weight": 2.5397806253215824, "log10_subsample": -0.3614351488813622, "max_depth": 3.0, "num_boost_round": 7.0}, "datetime": {"datetime": "2024-01-19 00:13:23", "elapsed": 102.945955, "delta": 0.000485}}
{"target": -13.758078438799258, "params": {"gamma": 77.01627036022008, "log10_alpha": -4.06102178581488, "log10_colsample_bytree": -0.6477395946065779, "log10_eta": -2.2184125537770076, "log10_lambda": -0.642678941702167, "log10_min_child_weight": 2.5397806253215824, "log10_subsample": -0.3614351488813622, "max_depth": 3.0, "num_boost_round": 8.0}, "datetime": {"datetime": "2024-01-19 00:13:23", "elapsed": 102.946593, "delta": 0.000638}}
{"target": -13.758033967924463, "params": {"gamma": 77.01627036022008, "log10_alpha": -4.06102178581488, "log10_colsample_bytree": -0.6477395946065779, "log10_eta": -2.2184125537770076, "log10_lambda": -0.642678941702167, "log10_min_child_weight": 2.5397806253215824, "log10_subsample": -0.3614351488813622, "max_depth": 3.0, "num_boost_round": 9.0}, "datetime": {"datetime": "2024-01-19 00:13:23", "elapsed": 102.946903, "delta": 0.00031}}
{"target": -13.757961244057304, "params": {"gamma": 77.01627036022008, "log10_alpha": -4.06102178581488, "log10_colsample_bytree": -0.6477395946065779, "log10_eta": -2.2184125537770076, "log10_lambda": -0.642678941702167, "log10_min_child_weight": 2.5397806253215824, "log10_subsample": -0.3614351488813622, "max_depth": 3.0, "num_boost_round": 10.0}, "datetime": {"datetime": "2024-01-19 00:13:23", "elapsed": 102.947225, "delta": 0.000322}}
{"target": -13.757917641677594, "params": {"gamma": 77.01627036022008, "log10_alpha": -4.06102178581488, "log10_colsample_bytree": -0.6477395946065779, "log10_eta": -2.2184125537770076, "log10_lambda": -0.642678941702167, "log10_min_child_weight": 2.5397806253215824, "log10_subsample": -0.3614351488813622, "max_depth": 3.0, "num_boost_round": 11.0}, "datetime": {"datetime": "2024-01-19 00:13:23", "elapsed": 102.947548, "delta": 0.000323}}
{"target": -13.757765503019076, "params": {"gamma": 77.01627036022008, "log10_alpha": -4.06102178581488, "log10_colsample_bytree": -0.6477395946065779, "log10_eta": -2.2184125537770076, "log10_lambda": -0.642678941702167, "log10_min_child_weight": 2.5397806253215824, "log10_subsample": -0.3614351488813622, "max_depth": 3.0, "num_boost_round": 12.0}, "datetime": {"datetime": "2024-01-19 00:13:23", "elapsed": 102.947862, "delta": 0.000314}}
{"target": -13.75774876272449, "params": {"gamma": 77.01627036022008, "log10_alpha": -4.06102178581488, "log10_colsample_bytree": -0.6477395946065779, "log10_eta": -2.2184125537770076, "log10_lambda": -0.642678941702167, "log10_min_child_weight": 2.5397806253215824, "log10_subsample": -0.3614351488813622, "max_depth": 3.0, "num_boost_round": 13.0}, "datetime": {"datetime": "2024-01-19 00:13:23", "elapsed": 102.948175, "delta": 0.000313}}
{"target": -13.758389427010428, "params": {"gamma": 76.7574344891524, "log10_alpha": -4.929988124732474, "log10_colsample_bytree": -0.6172655208663486, "log10_eta": -1.9588640557178802, "log10_lambda": -3.3960601790432214, "log10_min_child_weight": 3.623358803751878, "log10_subsample": -0.49837346123198056, "max_depth": 6.0, "num_boost_round": 0.0}, "datetime": {"datetime": "2024-01-19 00:13:43", "elapsed": 122.440727, "delta": 19.492552}}
{"target": -13.758245876079215, "params": {"gamma": 76.7574344891524, "log10_alpha": -4.929988124732474, "log10_colsample_bytree": -0.6172655208663486, "log10_eta": -1.9588640557178802, "log10_lambda": -3.3960601790432214, "log10_min_child_weight": 3.623358803751878, "log10_subsample": -0.49837346123198056, "max_depth": 6.0, "num_boost_round": 1.0}, "datetime": {"datetime": "2024-01-19 00:13:43", "elapsed": 122.441422, "delta": 0.000695}}
{"target": -13.758123062152261, "params": {"gamma": 76.7574344891524, "log10_alpha": -4.929988124732474, "log10_colsample_bytree": -0.6172655208663486, "log10_eta": -1.9588640557178802, "log10_lambda": -3.3960601790432214, "log10_min_child_weight": 3.623358803751878, "log10_subsample": -0.49837346123198056, "max_depth": 6.0, "num_boost_round": 2.0}, "datetime": {"datetime": "2024-01-19 00:13:43", "elapsed": 122.441931, "delta": 0.000509}}
{"target": -13.758153564613693, "params": {"gamma": 76.7574344891524, "log10_alpha": -4.929988124732474, "log10_colsample_bytree": -0.6172655208663486, "log10_eta": -1.9588640557178802, "log10_lambda": -3.3960601790432214, "log10_min_child_weight": 3.623358803751878, "log10_subsample": -0.49837346123198056, "max_depth": 6.0, "num_boost_round": 3.0}, "datetime": {"datetime": "2024-01-19 00:13:43", "elapsed": 122.442269, "delta": 0.000338}}
{"target": -13.758013696252242, "params": {"gamma": 76.7574344891524, "log10_alpha": -4.929988124732474, "log10_colsample_bytree": -0.6172655208663486, "log10_eta": -1.9588640557178802, "log10_lambda": -3.3960601790432214, "log10_min_child_weight": 3.623358803751878, "log10_subsample": -0.49837346123198056, "max_depth": 6.0, "num_boost_round": 4.0}, "datetime": {"datetime": "2024-01-19 00:13:43", "elapsed": 122.442609, "delta": 0.00034}}
{"target": -13.758175147175283, "params": {"gamma": 76.7574344891524, "log10_alpha": -4.929988124732474, "log10_colsample_bytree": -0.6172655208663486, "log10_eta": -1.9588640557178802, "log10_lambda": -3.3960601790432214, "log10_min_child_weight": 3.623358803751878, "log10_subsample": -0.49837346123198056, "max_depth": 6.0, "num_boost_round": 5.0}, "datetime": {"datetime": "2024-01-19 00:13:43", "elapsed": 122.442962, "delta": 0.000353}}
{"target": -13.758204997123002, "params": {"gamma": 76.7574344891524, "log10_alpha": -4.929988124732474, "log10_colsample_bytree": -0.6172655208663486, "log10_eta": -1.9588640557178802, "log10_lambda": -3.3960601790432214, "log10_min_child_weight": 3.623358803751878, "log10_subsample": -0.49837346123198056, "max_depth": 6.0, "num_boost_round": 6.0}, "datetime": {"datetime": "2024-01-19 00:13:43", "elapsed": 122.443302, "delta": 0.00034}}
{"target": -13.757986709526941, "params": {"gamma": 76.7574344891524, "log10_alpha": -4.929988124732474, "log10_colsample_bytree": -0.6172655208663486, "log10_eta": -1.9588640557178802, "log10_lambda": -3.3960601790432214, "log10_min_child_weight": 3.623358803751878, "log10_subsample": -0.49837346123198056, "max_depth": 6.0, "num_boost_round": 7.0}, "datetime": {"datetime": "2024-01-19 00:13:43", "elapsed": 122.443749, "delta": 0.000447}}
{"target": -13.757700292043479, "params": {"gamma": 76.7574344891524, "log10_alpha": -4.929988124732474, "log10_colsample_bytree": -0.6172655208663486, "log10_eta": -1.9588640557178802, "log10_lambda": -3.3960601790432214, "log10_min_child_weight": 3.623358803751878, "log10_subsample": -0.49837346123198056, "max_depth": 6.0, "num_boost_round": 8.0}, "datetime": {"datetime": "2024-01-19 00:13:43", "elapsed": 122.444086, "delta": 0.000337}}
{"target": -13.757636518342093, "params": {"gamma": 76.7574344891524, "log10_alpha": -4.929988124732474, "log10_colsample_bytree": -0.6172655208663486, "log10_eta": -1.9588640557178802, "log10_lambda": -3.3960601790432214, "log10_min_child_weight": 3.623358803751878, "log10_subsample": -0.49837346123198056, "max_depth": 6.0, "num_boost_round": 9.0}, "datetime": {"datetime": "2024-01-19 00:13:43", "elapsed": 122.44441, "delta": 0.000324}}
{"target": -13.757373354061844, "params": {"gamma": 76.7574344891524, "log10_alpha": -4.929988124732474, "log10_colsample_bytree": -0.6172655208663486, "log10_eta": -1.9588640557178802, "log10_lambda": -3.3960601790432214, "log10_min_child_weight": 3.623358803751878, "log10_subsample": -0.49837346123198056, "max_depth": 6.0, "num_boost_round": 10.0}, "datetime": {"datetime": "2024-01-19 00:13:43", "elapsed": 122.444737, "delta": 0.000327}}
{"target": -13.757947706941431, "params": {"gamma": 79.39692697154067, "log10_alpha": -1.4398800267962537, "log10_colsample_bytree": -0.5274663685430521, "log10_eta": -1.3130043978923571, "log10_lambda": -0.96417870623329, "log10_min_child_weight": 1.5848575762138988, "log10_subsample": -0.2628207075926391, "max_depth": 6.0, "num_boost_round": 0.0}, "datetime": {"datetime": "2024-01-19 00:14:02", "elapsed": 141.901038, "delta": 19.456301}}
{"target": -13.758171961405367, "params": {"gamma": 79.39692697154067, "log10_alpha": -1.4398800267962537, "log10_colsample_bytree": -0.5274663685430521, "log10_eta": -1.3130043978923571, "log10_lambda": -0.96417870623329, "log10_min_child_weight": 1.5848575762138988, "log10_subsample": -0.2628207075926391, "max_depth": 6.0, "num_boost_round": 1.0}, "datetime": {"datetime": "2024-01-19 00:14:02", "elapsed": 141.901524, "delta": 0.000486}}
{"target": -13.759165759281302, "params": {"gamma": 79.39692697154067, "log10_alpha": -1.4398800267962537, "log10_colsample_bytree": -0.5274663685430521, "log10_eta": -1.3130043978923571, "log10_lambda": -0.96417870623329, "log10_min_child_weight": 1.5848575762138988, "log10_subsample": -0.2628207075926391, "max_depth": 6.0, "num_boost_round": 2.0}, "datetime": {"datetime": "2024-01-19 00:14:02", "elapsed": 141.90223, "delta": 0.000706}}
{"target": -13.758920716301175, "params": {"gamma": 79.39692697154067, "log10_alpha": -1.4398800267962537, "log10_colsample_bytree": -0.5274663685430521, "log10_eta": -1.3130043978923571, "log10_lambda": -0.96417870623329, "log10_min_child_weight": 1.5848575762138988, "log10_subsample": -0.2628207075926391, "max_depth": 6.0, "num_boost_round": 3.0}, "datetime": {"datetime": "2024-01-19 00:14:02", "elapsed": 141.902583, "delta": 0.000353}}
{"target": -13.757674817072237, "params": {"gamma": 79.39692697154067, "log10_alpha": -1.4398800267962537, "log10_colsample_bytree": -0.5274663685430521, "log10_eta": -1.3130043978923571, "log10_lambda": -0.96417870623329, "log10_min_child_weight": 1.5848575762138988, "log10_subsample": -0.2628207075926391, "max_depth": 6.0, "num_boost_round": 4.0}, "datetime": {"datetime": "2024-01-19 00:14:02", "elapsed": 141.902936, "delta": 0.000353}}
{"target": -13.7579739036373, "params": {"gamma": 79.39692697154067, "log10_alpha": -1.4398800267962537, "log10_colsample_bytree": -0.5274663685430521, "log10_eta": -1.3130043978923571, "log10_lambda": -0.96417870623329, "log10_min_child_weight": 1.5848575762138988, "log10_subsample": -0.2628207075926391, "max_depth": 6.0, "num_boost_round": 5.0}, "datetime": {"datetime": "2024-01-19 00:14:02", "elapsed": 141.903276, "delta": 0.00034}}
{"target": -13.757538708522626, "params": {"gamma": 79.39692697154067, "log10_alpha": -1.4398800267962537, "log10_colsample_bytree": -0.5274663685430521, "log10_eta": -1.3130043978923571, "log10_lambda": -0.96417870623329, "log10_min_child_weight": 1.5848575762138988, "log10_subsample": -0.2628207075926391, "max_depth": 6.0, "num_boost_round": 6.0}, "datetime": {"datetime": "2024-01-19 00:14:02", "elapsed": 141.903613, "delta": 0.000337}}
{"target": -13.758567412247542, "params": {"gamma": 79.39692697154067, "log10_alpha": -1.4398800267962537, "log10_colsample_bytree": -0.5274663685430521, "log10_eta": -1.3130043978923571, "log10_lambda": -0.96417870623329, "log10_min_child_weight": 1.5848575762138988, "log10_subsample": -0.2628207075926391, "max_depth": 6.0, "num_boost_round": 7.0}, "datetime": {"datetime": "2024-01-19 00:14:02", "elapsed": 141.903956, "delta": 0.000343}}
{"target": -13.759375020184251, "params": {"gamma": 79.39692697154067, "log10_alpha": -1.4398800267962537, "log10_colsample_bytree": -0.5274663685430521, "log10_eta": -1.3130043978923571, "log10_lambda": -0.96417870623329, "log10_min_child_weight": 1.5848575762138988, "log10_subsample": -0.2628207075926391, "max_depth": 6.0, "num_boost_round": 8.0}, "datetime": {"datetime": "2024-01-19 00:14:02", "elapsed": 141.904408, "delta": 0.000452}}
{"target": -13.758493932441837, "params": {"gamma": 79.39692697154067, "log10_alpha": -1.4398800267962537, "log10_colsample_bytree": -0.5274663685430521, "log10_eta": -1.3130043978923571, "log10_lambda": -0.96417870623329, "log10_min_child_weight": 1.5848575762138988, "log10_subsample": -0.2628207075926391, "max_depth": 6.0, "num_boost_round": 9.0}, "datetime": {"datetime": "2024-01-19 00:14:02", "elapsed": 141.904753, "delta": 0.000345}}
{"target": -13.75979497358638, "params": {"gamma": 79.39692697154067, "log10_alpha": -1.4398800267962537, "log10_colsample_bytree": -0.5274663685430521, "log10_eta": -1.3130043978923571, "log10_lambda": -0.96417870623329, "log10_min_child_weight": 1.5848575762138988, "log10_subsample": -0.2628207075926391, "max_depth": 6.0, "num_boost_round": 10.0}, "datetime": {"datetime": "2024-01-19 00:14:02", "elapsed": 141.905107, "delta": 0.000354}}
{"target": -13.758243722985936, "params": {"gamma": 75.08744793287569, "log10_alpha": -4.026744006542943, "log10_colsample_bytree": -0.541016367539791, "log10_eta": -1.2236797334884564, "log10_lambda": -3.7145326635650013, "log10_min_child_weight": 2.4100319638169285, "log10_subsample": -0.6651794890252639, "max_depth": 4.0, "num_boost_round": 0.0}, "datetime": {"datetime": "2024-01-19 00:14:24", "elapsed": 163.339359, "delta": 21.434252}}
