{"target": -13.759122537191685, "params": {"gamma": 716.061653087431, "log10_alpha": 0.7938363119556238, "log10_colsample_bytree": -0.46479136658615616, "log10_eta": -1.597471237401495, "log10_lambda": 0.7749000985459507, "log10_min_child_weight": 3.690742499743975, "log10_subsample": -0.6053766432781192, "max_depth": 2.0, "num_boost_round": 10.0}, "datetime": {"datetime": "2024-01-19 01:13:49", "elapsed": 3736.858276, "delta": 0.003932}}
{"target": -13.75853467330372, "params": {"gamma": 131.79175773694885, "log10_alpha": 0.3622832937757412, "log10_colsample_bytree": -0.1583998202446154, "log10_eta": -3.2305487437653704, "log10_lambda": -4.553988096563331, "log10_min_child_weight": 0.7075553774406879, "log10_subsample": -0.6411784996844864, "max_depth": 3.0, "num_boost_round": 0.0}, "datetime": {"datetime": "2024-01-19 01:14:44", "elapsed": 3792.515498, "delta": 55.657222}}
{"target": -13.758527852939952, "params": {"gamma": 131.79175773694885, "log10_alpha": 0.3622832937757412, "log10_colsample_bytree": -0.1583998202446154, "log10_eta": -3.2305487437653704, "log10_lambda": -4.553988096563331, "log10_min_child_weight": 0.7075553774406879, "log10_subsample": -0.6411784996844864, "max_depth": 3.0, "num_boost_round": 1.0}, "datetime": {"datetime": "2024-01-19 01:14:44", "elapsed": 3792.520728, "delta": 0.00523}}
{"target": -13.758518415073882, "params": {"gamma": 131.79175773694885, "log10_alpha": 0.3622832937757412, "log10_colsample_bytree": -0.1583998202446154, "log10_eta": -3.2305487437653704, "log10_lambda": -4.553988096563331, "log10_min_child_weight": 0.7075553774406879, "log10_subsample": -0.6411784996844864, "max_depth": 3.0, "num_boost_round": 2.0}, "datetime": {"datetime": "2024-01-19 01:14:44", "elapsed": 3792.525845, "delta": 0.005117}}
{"target": -13.75851361368701, "params": {"gamma": 131.79175773694885, "log10_alpha": 0.3622832937757412, "log10_colsample_bytree": -0.1583998202446154, "log10_eta": -3.2305487437653704, "log10_lambda": -4.553988096563331, "log10_min_child_weight": 0.7075553774406879, "log10_subsample": -0.6411784996844864, "max_depth": 3.0, "num_boost_round": 3.0}, "datetime": {"datetime": "2024-01-19 01:14:44", "elapsed": 3792.529891, "delta": 0.004046}}
{"target": -13.75850887760816, "params": {"gamma": 131.79175773694885, "log10_alpha": 0.3622832937757412, "log10_colsample_bytree": -0.1583998202446154, "log10_eta": -3.2305487437653704, "log10_lambda": -4.553988096563331, "log10_min_child_weight": 0.7075553774406879, "log10_subsample": -0.6411784996844864, "max_depth": 3.0, "num_boost_round": 4.0}, "datetime": {"datetime": "2024-01-19 01:14:44", "elapsed": 3792.533901, "delta": 0.00401}}
{"target": -13.758501660307163, "params": {"gamma": 131.79175773694885, "log10_alpha": 0.3622832937757412, "log10_colsample_bytree": -0.1583998202446154, "log10_eta": -3.2305487437653704, "log10_lambda": -4.553988096563331, "log10_min_child_weight": 0.7075553774406879, "log10_subsample": -0.6411784996844864, "max_depth": 3.0, "num_boost_round": 5.0}, "datetime": {"datetime": "2024-01-19 01:14:44", "elapsed": 3792.537983, "delta": 0.004082}}
{"target": -13.758498408316806, "params": {"gamma": 131.79175773694885, "log10_alpha": 0.3622832937757412, "log10_colsample_bytree": -0.1583998202446154, "log10_eta": -3.2305487437653704, "log10_lambda": -4.553988096563331, "log10_min_child_weight": 0.7075553774406879, "log10_subsample": -0.6411784996844864, "max_depth": 3.0, "num_boost_round": 6.0}, "datetime": {"datetime": "2024-01-19 01:14:44", "elapsed": 3792.542246, "delta": 0.004263}}
{"target": -13.758495773902723, "params": {"gamma": 131.79175773694885, "log10_alpha": 0.3622832937757412, "log10_colsample_bytree": -0.1583998202446154, "log10_eta": -3.2305487437653704, "log10_lambda": -4.553988096563331, "log10_min_child_weight": 0.7075553774406879, "log10_subsample": -0.6411784996844864, "max_depth": 3.0, "num_boost_round": 7.0}, "datetime": {"datetime": "2024-01-19 01:14:44", "elapsed": 3792.546598, "delta": 0.004352}}
{"target": -13.758490741736201, "params": {"gamma": 131.79175773694885, "log10_alpha": 0.3622832937757412, "log10_colsample_bytree": -0.1583998202446154, "log10_eta": -3.2305487437653704, "log10_lambda": -4.553988096563331, "log10_min_child_weight": 0.7075553774406879, "log10_subsample": -0.6411784996844864, "max_depth": 3.0, "num_boost_round": 8.0}, "datetime": {"datetime": "2024-01-19 01:14:44", "elapsed": 3792.55053, "delta": 0.003932}}
{"target": -13.75849097194731, "params": {"gamma": 131.79175773694885, "log10_alpha": 0.3622832937757412, "log10_colsample_bytree": -0.1583998202446154, "log10_eta": -3.2305487437653704, "log10_lambda": -4.553988096563331, "log10_min_child_weight": 0.7075553774406879, "log10_subsample": -0.6411784996844864, "max_depth": 3.0, "num_boost_round": 9.0}, "datetime": {"datetime": "2024-01-19 01:14:44", "elapsed": 3792.554611, "delta": 0.004081}}
{"target": -13.758478947093232, "params": {"gamma": 131.79175773694885, "log10_alpha": 0.3622832937757412, "log10_colsample_bytree": -0.1583998202446154, "log10_eta": -3.2305487437653704, "log10_lambda": -4.553988096563331, "log10_min_child_weight": 0.7075553774406879, "log10_subsample": -0.6411784996844864, "max_depth": 3.0, "num_boost_round": 10.0}, "datetime": {"datetime": "2024-01-19 01:14:44", "elapsed": 3792.558905, "delta": 0.004294}}
{"target": -13.758465756291304, "params": {"gamma": 131.79175773694885, "log10_alpha": 0.3622832937757412, "log10_colsample_bytree": -0.1583998202446154, "log10_eta": -3.2305487437653704, "log10_lambda": -4.553988096563331, "log10_min_child_weight": 0.7075553774406879, "log10_subsample": -0.6411784996844864, "max_depth": 3.0, "num_boost_round": 11.0}, "datetime": {"datetime": "2024-01-19 01:14:44", "elapsed": 3792.563099, "delta": 0.004194}}
{"target": -13.758461858644916, "params": {"gamma": 131.79175773694885, "log10_alpha": 0.3622832937757412, "log10_colsample_bytree": -0.1583998202446154, "log10_eta": -3.2305487437653704, "log10_lambda": -4.553988096563331, "log10_min_child_weight": 0.7075553774406879, "log10_subsample": -0.6411784996844864, "max_depth": 3.0, "num_boost_round": 12.0}, "datetime": {"datetime": "2024-01-19 01:14:44", "elapsed": 3792.567102, "delta": 0.004003}}
{"target": -13.758457622063, "params": {"gamma": 131.79175773694885, "log10_alpha": 0.3622832937757412, "log10_colsample_bytree": -0.1583998202446154, "log10_eta": -3.2305487437653704, "log10_lambda": -4.553988096563331, "log10_min_child_weight": 0.7075553774406879, "log10_subsample": -0.6411784996844864, "max_depth": 3.0, "num_boost_round": 13.0}, "datetime": {"datetime": "2024-01-19 01:14:44", "elapsed": 3792.571122, "delta": 0.00402}}
{"target": -13.758451426641852, "params": {"gamma": 131.79175773694885, "log10_alpha": 0.3622832937757412, "log10_colsample_bytree": -0.1583998202446154, "log10_eta": -3.2305487437653704, "log10_lambda": -4.553988096563331, "log10_min_child_weight": 0.7075553774406879, "log10_subsample": -0.6411784996844864, "max_depth": 3.0, "num_boost_round": 14.0}, "datetime": {"datetime": "2024-01-19 01:14:45", "elapsed": 3792.575108, "delta": 0.003986}}
{"target": -13.758453208015572, "params": {"gamma": 131.79175773694885, "log10_alpha": 0.3622832937757412, "log10_colsample_bytree": -0.1583998202446154, "log10_eta": -3.2305487437653704, "log10_lambda": -4.553988096563331, "log10_min_child_weight": 0.7075553774406879, "log10_subsample": -0.6411784996844864, "max_depth": 3.0, "num_boost_round": 15.0}, "datetime": {"datetime": "2024-01-19 01:14:45", "elapsed": 3792.579133, "delta": 0.004025}}
{"target": -13.758442602131824, "params": {"gamma": 131.79175773694885, "log10_alpha": 0.3622832937757412, "log10_colsample_bytree": -0.1583998202446154, "log10_eta": -3.2305487437653704, "log10_lambda": -4.553988096563331, "log10_min_child_weight": 0.7075553774406879, "log10_subsample": -0.6411784996844864, "max_depth": 3.0, "num_boost_round": 16.0}, "datetime": {"datetime": "2024-01-19 01:14:45", "elapsed": 3792.583211, "delta": 0.004078}}
{"target": -13.758449187795954, "params": {"gamma": 131.79175773694885, "log10_alpha": 0.3622832937757412, "log10_colsample_bytree": -0.1583998202446154, "log10_eta": -3.2305487437653704, "log10_lambda": -4.553988096563331, "log10_min_child_weight": 0.7075553774406879, "log10_subsample": -0.6411784996844864, "max_depth": 3.0, "num_boost_round": 17.0}, "datetime": {"datetime": "2024-01-19 01:14:45", "elapsed": 3792.587347, "delta": 0.004136}}
{"target": -13.75844141829274, "params": {"gamma": 131.79175773694885, "log10_alpha": 0.3622832937757412, "log10_colsample_bytree": -0.1583998202446154, "log10_eta": -3.2305487437653704, "log10_lambda": -4.553988096563331, "log10_min_child_weight": 0.7075553774406879, "log10_subsample": -0.6411784996844864, "max_depth": 3.0, "num_boost_round": 18.0}, "datetime": {"datetime": "2024-01-19 01:14:45", "elapsed": 3792.591544, "delta": 0.004197}}
{"target": -13.758436707178403, "params": {"gamma": 131.79175773694885, "log10_alpha": 0.3622832937757412, "log10_colsample_bytree": -0.1583998202446154, "log10_eta": -3.2305487437653704, "log10_lambda": -4.553988096563331, "log10_min_child_weight": 0.7075553774406879, "log10_subsample": -0.6411784996844864, "max_depth": 3.0, "num_boost_round": 19.0}, "datetime": {"datetime": "2024-01-19 01:14:45", "elapsed": 3792.595585, "delta": 0.004041}}
{"target": -13.758424046367097, "params": {"gamma": 131.79175773694885, "log10_alpha": 0.3622832937757412, "log10_colsample_bytree": -0.1583998202446154, "log10_eta": -3.2305487437653704, "log10_lambda": -4.553988096563331, "log10_min_child_weight": 0.7075553774406879, "log10_subsample": -0.6411784996844864, "max_depth": 3.0, "num_boost_round": 20.0}, "datetime": {"datetime": "2024-01-19 01:14:45", "elapsed": 3792.59979, "delta": 0.004205}}
{"target": -13.758411357221359, "params": {"gamma": 131.79175773694885, "log10_alpha": 0.3622832937757412, "log10_colsample_bytree": -0.1583998202446154, "log10_eta": -3.2305487437653704, "log10_lambda": -4.553988096563331, "log10_min_child_weight": 0.7075553774406879, "log10_subsample": -0.6411784996844864, "max_depth": 3.0, "num_boost_round": 21.0}, "datetime": {"datetime": "2024-01-19 01:14:45", "elapsed": 3792.603769, "delta": 0.003979}}
{"target": -13.758416898868736, "params": {"gamma": 711.9285752597608, "log10_alpha": -1.9969671902478598, "log10_colsample_bytree": -0.5381200003317893, "log10_eta": -1.6642565005247647, "log10_lambda": -2.1419510218493043, "log10_min_child_weight": 3.3649838411268282, "log10_subsample": -0.8025471750748709, "max_depth": 2.0, "num_boost_round": 0.0}, "datetime": {"datetime": "2024-01-19 01:15:19", "elapsed": 3827.385029, "delta": 34.78126}}
{"target": -13.758158496382343, "params": {"gamma": 711.9285752597608, "log10_alpha": -1.9969671902478598, "log10_colsample_bytree": -0.5381200003317893, "log10_eta": -1.6642565005247647, "log10_lambda": -2.1419510218493043, "log10_min_child_weight": 3.3649838411268282, "log10_subsample": -0.8025471750748709, "max_depth": 2.0, "num_boost_round": 1.0}, "datetime": {"datetime": "2024-01-19 01:15:19", "elapsed": 3827.38909, "delta": 0.004061}}
{"target": -13.75807900819502, "params": {"gamma": 711.9285752597608, "log10_alpha": -1.9969671902478598, "log10_colsample_bytree": -0.5381200003317893, "log10_eta": -1.6642565005247647, "log10_lambda": -2.1419510218493043, "log10_min_child_weight": 3.3649838411268282, "log10_subsample": -0.8025471750748709, "max_depth": 2.0, "num_boost_round": 2.0}, "datetime": {"datetime": "2024-01-19 01:15:19", "elapsed": 3827.39415, "delta": 0.00506}}
{"target": -13.758018797912579, "params": {"gamma": 711.9285752597608, "log10_alpha": -1.9969671902478598, "log10_colsample_bytree": -0.5381200003317893, "log10_eta": -1.6642565005247647, "log10_lambda": -2.1419510218493043, "log10_min_child_weight": 3.3649838411268282, "log10_subsample": -0.8025471750748709, "max_depth": 2.0, "num_boost_round": 3.0}, "datetime": {"datetime": "2024-01-19 01:15:19", "elapsed": 3827.398165, "delta": 0.004015}}
{"target": -13.757908307359275, "params": {"gamma": 711.9285752597608, "log10_alpha": -1.9969671902478598, "log10_colsample_bytree": -0.5381200003317893, "log10_eta": -1.6642565005247647, "log10_lambda": -2.1419510218493043, "log10_min_child_weight": 3.3649838411268282, "log10_subsample": -0.8025471750748709, "max_depth": 2.0, "num_boost_round": 4.0}, "datetime": {"datetime": "2024-01-19 01:15:19", "elapsed": 3827.40208, "delta": 0.003915}}
{"target": -13.757774355218379, "params": {"gamma": 711.9285752597608, "log10_alpha": -1.9969671902478598, "log10_colsample_bytree": -0.5381200003317893, "log10_eta": -1.6642565005247647, "log10_lambda": -2.1419510218493043, "log10_min_child_weight": 3.3649838411268282, "log10_subsample": -0.8025471750748709, "max_depth": 2.0, "num_boost_round": 5.0}, "datetime": {"datetime": "2024-01-19 01:15:19", "elapsed": 3827.405957, "delta": 0.003877}}
{"target": -13.757883059538408, "params": {"gamma": 711.9285752597608, "log10_alpha": -1.9969671902478598, "log10_colsample_bytree": -0.5381200003317893, "log10_eta": -1.6642565005247647, "log10_lambda": -2.1419510218493043, "log10_min_child_weight": 3.3649838411268282, "log10_subsample": -0.8025471750748709, "max_depth": 2.0, "num_boost_round": 6.0}, "datetime": {"datetime": "2024-01-19 01:15:19", "elapsed": 3827.409747, "delta": 0.00379}}
{"target": -13.757753188377256, "params": {"gamma": 711.9285752597608, "log10_alpha": -1.9969671902478598, "log10_colsample_bytree": -0.5381200003317893, "log10_eta": -1.6642565005247647, "log10_lambda": -2.1419510218493043, "log10_min_child_weight": 3.3649838411268282, "log10_subsample": -0.8025471750748709, "max_depth": 2.0, "num_boost_round": 7.0}, "datetime": {"datetime": "2024-01-19 01:15:19", "elapsed": 3827.41368, "delta": 0.003933}}
{"target": -13.757600275642869, "params": {"gamma": 711.9285752597608, "log10_alpha": -1.9969671902478598, "log10_colsample_bytree": -0.5381200003317893, "log10_eta": -1.6642565005247647, "log10_lambda": -2.1419510218493043, "log10_min_child_weight": 3.3649838411268282, "log10_subsample": -0.8025471750748709, "max_depth": 2.0, "num_boost_round": 8.0}, "datetime": {"datetime": "2024-01-19 01:15:19", "elapsed": 3827.41759, "delta": 0.00391}}
{"target": -13.757431504417145, "params": {"gamma": 711.9285752597608, "log10_alpha": -1.9969671902478598, "log10_colsample_bytree": -0.5381200003317893, "log10_eta": -1.6642565005247647, "log10_lambda": -2.1419510218493043, "log10_min_child_weight": 3.3649838411268282, "log10_subsample": -0.8025471750748709, "max_depth": 2.0, "num_boost_round": 9.0}, "datetime": {"datetime": "2024-01-19 01:15:19", "elapsed": 3827.421734, "delta": 0.004144}}
{"target": -13.757142936364481, "params": {"gamma": 711.9285752597608, "log10_alpha": -1.9969671902478598, "log10_colsample_bytree": -0.5381200003317893, "log10_eta": -1.6642565005247647, "log10_lambda": -2.1419510218493043, "log10_min_child_weight": 3.3649838411268282, "log10_subsample": -0.8025471750748709, "max_depth": 2.0, "num_boost_round": 10.0}, "datetime": {"datetime": "2024-01-19 01:15:19", "elapsed": 3827.425761, "delta": 0.004027}}
{"target": -13.756925003519815, "params": {"gamma": 711.9285752597608, "log10_alpha": -1.9969671902478598, "log10_colsample_bytree": -0.5381200003317893, "log10_eta": -1.6642565005247647, "log10_lambda": -2.1419510218493043, "log10_min_child_weight": 3.3649838411268282, "log10_subsample": -0.8025471750748709, "max_depth": 2.0, "num_boost_round": 11.0}, "datetime": {"datetime": "2024-01-19 01:15:19", "elapsed": 3827.42963, "delta": 0.003869}}
{"target": -13.75684746038563, "params": {"gamma": 711.9285752597608, "log10_alpha": -1.9969671902478598, "log10_colsample_bytree": -0.5381200003317893, "log10_eta": -1.6642565005247647, "log10_lambda": -2.1419510218493043, "log10_min_child_weight": 3.3649838411268282, "log10_subsample": -0.8025471750748709, "max_depth": 2.0, "num_boost_round": 12.0}, "datetime": {"datetime": "2024-01-19 01:15:19", "elapsed": 3827.43364, "delta": 0.00401}}
{"target": -13.756776692090504, "params": {"gamma": 711.9285752597608, "log10_alpha": -1.9969671902478598, "log10_colsample_bytree": -0.5381200003317893, "log10_eta": -1.6642565005247647, "log10_lambda": -2.1419510218493043, "log10_min_child_weight": 3.3649838411268282, "log10_subsample": -0.8025471750748709, "max_depth": 2.0, "num_boost_round": 13.0}, "datetime": {"datetime": "2024-01-19 01:15:19", "elapsed": 3827.437604, "delta": 0.003964}}
{"target": -13.756739534461335, "params": {"gamma": 711.9285752597608, "log10_alpha": -1.9969671902478598, "log10_colsample_bytree": -0.5381200003317893, "log10_eta": -1.6642565005247647, "log10_lambda": -2.1419510218493043, "log10_min_child_weight": 3.3649838411268282, "log10_subsample": -0.8025471750748709, "max_depth": 2.0, "num_boost_round": 14.0}, "datetime": {"datetime": "2024-01-19 01:15:19", "elapsed": 3827.441596, "delta": 0.003992}}
{"target": -13.756547064828757, "params": {"gamma": 711.9285752597608, "log10_alpha": -1.9969671902478598, "log10_colsample_bytree": -0.5381200003317893, "log10_eta": -1.6642565005247647, "log10_lambda": -2.1419510218493043, "log10_min_child_weight": 3.3649838411268282, "log10_subsample": -0.8025471750748709, "max_depth": 2.0, "num_boost_round": 15.0}, "datetime": {"datetime": "2024-01-19 01:15:19", "elapsed": 3827.445602, "delta": 0.004006}}
{"target": -13.756431021686785, "params": {"gamma": 711.9285752597608, "log10_alpha": -1.9969671902478598, "log10_colsample_bytree": -0.5381200003317893, "log10_eta": -1.6642565005247647, "log10_lambda": -2.1419510218493043, "log10_min_child_weight": 3.3649838411268282, "log10_subsample": -0.8025471750748709, "max_depth": 2.0, "num_boost_round": 16.0}, "datetime": {"datetime": "2024-01-19 01:15:19", "elapsed": 3827.449574, "delta": 0.003972}}
{"target": -13.75852448792424, "params": {"gamma": 125.19525828063038, "log10_alpha": 0.2453254961901763, "log10_colsample_bytree": -0.6027674648029063, "log10_eta": -2.8922129111647514, "log10_lambda": -3.6709622732481675, "log10_min_child_weight": 0.3514960890197183, "log10_subsample": -0.6635250956408986, "max_depth": 6.0, "num_boost_round": 0.0}, "datetime": {"datetime": "2024-01-19 01:15:56", "elapsed": 3864.158249, "delta": 36.708675}}
{"target": -13.75844019632975, "params": {"gamma": 125.19525828063038, "log10_alpha": 0.2453254961901763, "log10_colsample_bytree": -0.6027674648029063, "log10_eta": -2.8922129111647514, "log10_lambda": -3.6709622732481675, "log10_min_child_weight": 0.3514960890197183, "log10_subsample": -0.6635250956408986, "max_depth": 6.0, "num_boost_round": 1.0}, "datetime": {"datetime": "2024-01-19 01:15:56", "elapsed": 3864.163307, "delta": 0.005058}}
{"target": -13.758386853680179, "params": {"gamma": 125.19525828063038, "log10_alpha": 0.2453254961901763, "log10_colsample_bytree": -0.6027674648029063, "log10_eta": -2.8922129111647514, "log10_lambda": -3.6709622732481675, "log10_min_child_weight": 0.3514960890197183, "log10_subsample": -0.6635250956408986, "max_depth": 6.0, "num_boost_round": 2.0}, "datetime": {"datetime": "2024-01-19 01:15:56", "elapsed": 3864.167459, "delta": 0.004152}}
{"target": -13.758349137789391, "params": {"gamma": 125.19525828063038, "log10_alpha": 0.2453254961901763, "log10_colsample_bytree": -0.6027674648029063, "log10_eta": -2.8922129111647514, "log10_lambda": -3.6709622732481675, "log10_min_child_weight": 0.3514960890197183, "log10_subsample": -0.6635250956408986, "max_depth": 6.0, "num_boost_round": 3.0}, "datetime": {"datetime": "2024-01-19 01:15:56", "elapsed": 3864.171505, "delta": 0.004046}}
{"target": -13.758302817743177, "params": {"gamma": 125.19525828063038, "log10_alpha": 0.2453254961901763, "log10_colsample_bytree": -0.6027674648029063, "log10_eta": -2.8922129111647514, "log10_lambda": -3.6709622732481675, "log10_min_child_weight": 0.3514960890197183, "log10_subsample": -0.6635250956408986, "max_depth": 6.0, "num_boost_round": 4.0}, "datetime": {"datetime": "2024-01-19 01:15:56", "elapsed": 3864.175462, "delta": 0.003957}}
{"target": -13.758249595513197, "params": {"gamma": 125.19525828063038, "log10_alpha": 0.2453254961901763, "log10_colsample_bytree": -0.6027674648029063, "log10_eta": -2.8922129111647514, "log10_lambda": -3.6709622732481675, "log10_min_child_weight": 0.3514960890197183, "log10_subsample": -0.6635250956408986, "max_depth": 6.0, "num_boost_round": 5.0}, "datetime": {"datetime": "2024-01-19 01:15:56", "elapsed": 3864.179574, "delta": 0.004112}}
{"target": -13.758193542422719, "params": {"gamma": 125.19525828063038, "log10_alpha": 0.2453254961901763, "log10_colsample_bytree": -0.6027674648029063, "log10_eta": -2.8922129111647514, "log10_lambda": -3.6709622732481675, "log10_min_child_weight": 0.3514960890197183, "log10_subsample": -0.6635250956408986, "max_depth": 6.0, "num_boost_round": 6.0}, "datetime": {"datetime": "2024-01-19 01:15:56", "elapsed": 3864.183445, "delta": 0.003871}}
{"target": -13.758124968701972, "params": {"gamma": 125.19525828063038, "log10_alpha": 0.2453254961901763, "log10_colsample_bytree": -0.6027674648029063, "log10_eta": -2.8922129111647514, "log10_lambda": -3.6709622732481675, "log10_min_child_weight": 0.3514960890197183, "log10_subsample": -0.6635250956408986, "max_depth": 6.0, "num_boost_round": 7.0}, "datetime": {"datetime": "2024-01-19 01:15:56", "elapsed": 3864.187398, "delta": 0.003953}}
{"target": -13.758101302961277, "params": {"gamma": 125.19525828063038, "log10_alpha": 0.2453254961901763, "log10_colsample_bytree": -0.6027674648029063, "log10_eta": -2.8922129111647514, "log10_lambda": -3.6709622732481675, "log10_min_child_weight": 0.3514960890197183, "log10_subsample": -0.6635250956408986, "max_depth": 6.0, "num_boost_round": 8.0}, "datetime": {"datetime": "2024-01-19 01:15:56", "elapsed": 3864.191466, "delta": 0.004068}}
