{"target": -17.677158116408318, "params": {"gamma": 975.466914639292, "log10_alpha": -2.5149905552643896, "log10_colsample_bytree": -0.4436270444658367, "log10_eta": -3.9193523773195094, "log10_lambda": 0.3505563014222508, "log10_min_child_weight": 0.24015284532062586, "log10_subsample": -0.8535159309525908, "max_depth": 2.0, "num_boost_round": 25.0}, "datetime": {"datetime": "2024-01-19 01:22:13", "elapsed": 4227.214238, "delta": 0.004488}}
{"target": -17.677156120837207, "params": {"gamma": 975.466914639292, "log10_alpha": -2.5149905552643896, "log10_colsample_bytree": -0.4436270444658367, "log10_eta": -3.9193523773195094, "log10_lambda": 0.3505563014222508, "log10_min_child_weight": 0.24015284532062586, "log10_subsample": -0.8535159309525908, "max_depth": 2.0, "num_boost_round": 26.0}, "datetime": {"datetime": "2024-01-19 01:22:13", "elapsed": 4227.218689, "delta": 0.004451}}
{"target": -17.67715258207754, "params": {"gamma": 975.466914639292, "log10_alpha": -2.5149905552643896, "log10_colsample_bytree": -0.4436270444658367, "log10_eta": -3.9193523773195094, "log10_lambda": 0.3505563014222508, "log10_min_child_weight": 0.24015284532062586, "log10_subsample": -0.8535159309525908, "max_depth": 2.0, "num_boost_round": 27.0}, "datetime": {"datetime": "2024-01-19 01:22:13", "elapsed": 4227.223083, "delta": 0.004394}}
{"target": -17.677149343112784, "params": {"gamma": 975.466914639292, "log10_alpha": -2.5149905552643896, "log10_colsample_bytree": -0.4436270444658367, "log10_eta": -3.9193523773195094, "log10_lambda": 0.3505563014222508, "log10_min_child_weight": 0.24015284532062586, "log10_subsample": -0.8535159309525908, "max_depth": 2.0, "num_boost_round": 28.0}, "datetime": {"datetime": "2024-01-19 01:22:13", "elapsed": 4227.227525, "delta": 0.004442}}
{"target": -17.67714609905213, "params": {"gamma": 975.466914639292, "log10_alpha": -2.5149905552643896, "log10_colsample_bytree": -0.4436270444658367, "log10_eta": -3.9193523773195094, "log10_lambda": 0.3505563014222508, "log10_min_child_weight": 0.24015284532062586, "log10_subsample": -0.8535159309525908, "max_depth": 2.0, "num_boost_round": 29.0}, "datetime": {"datetime": "2024-01-19 01:22:13", "elapsed": 4227.231895, "delta": 0.00437}}
{"target": -17.677144244218223, "params": {"gamma": 975.466914639292, "log10_alpha": -2.5149905552643896, "log10_colsample_bytree": -0.4436270444658367, "log10_eta": -3.9193523773195094, "log10_lambda": 0.3505563014222508, "log10_min_child_weight": 0.24015284532062586, "log10_subsample": -0.8535159309525908, "max_depth": 2.0, "num_boost_round": 30.0}, "datetime": {"datetime": "2024-01-19 01:22:13", "elapsed": 4227.237314, "delta": 0.005419}}
{"target": -17.677141562532547, "params": {"gamma": 975.466914639292, "log10_alpha": -2.5149905552643896, "log10_colsample_bytree": -0.4436270444658367, "log10_eta": -3.9193523773195094, "log10_lambda": 0.3505563014222508, "log10_min_child_weight": 0.24015284532062586, "log10_subsample": -0.8535159309525908, "max_depth": 2.0, "num_boost_round": 31.0}, "datetime": {"datetime": "2024-01-19 01:22:13", "elapsed": 4227.24192, "delta": 0.004606}}
{"target": -17.677139361815886, "params": {"gamma": 975.466914639292, "log10_alpha": -2.5149905552643896, "log10_colsample_bytree": -0.4436270444658367, "log10_eta": -3.9193523773195094, "log10_lambda": 0.3505563014222508, "log10_min_child_weight": 0.24015284532062586, "log10_subsample": -0.8535159309525908, "max_depth": 2.0, "num_boost_round": 32.0}, "datetime": {"datetime": "2024-01-19 01:22:13", "elapsed": 4227.246523, "delta": 0.004603}}
{"target": -17.677135963953816, "params": {"gamma": 975.466914639292, "log10_alpha": -2.5149905552643896, "log10_colsample_bytree": -0.4436270444658367, "log10_eta": -3.9193523773195094, "log10_lambda": 0.3505563014222508, "log10_min_child_weight": 0.24015284532062586, "log10_subsample": -0.8535159309525908, "max_depth": 2.0, "num_boost_round": 33.0}, "datetime": {"datetime": "2024-01-19 01:22:13", "elapsed": 4227.251015, "delta": 0.004492}}
{"target": -17.67713293933599, "params": {"gamma": 975.466914639292, "log10_alpha": -2.5149905552643896, "log10_colsample_bytree": -0.4436270444658367, "log10_eta": -3.9193523773195094, "log10_lambda": 0.3505563014222508, "log10_min_child_weight": 0.24015284532062586, "log10_subsample": -0.8535159309525908, "max_depth": 2.0, "num_boost_round": 34.0}, "datetime": {"datetime": "2024-01-19 01:22:13", "elapsed": 4227.255437, "delta": 0.004422}}
{"target": -17.677129747192684, "params": {"gamma": 975.466914639292, "log10_alpha": -2.5149905552643896, "log10_colsample_bytree": -0.4436270444658367, "log10_eta": -3.9193523773195094, "log10_lambda": 0.3505563014222508, "log10_min_child_weight": 0.24015284532062586, "log10_subsample": -0.8535159309525908, "max_depth": 2.0, "num_boost_round": 35.0}, "datetime": {"datetime": "2024-01-19 01:22:13", "elapsed": 4227.259877, "delta": 0.00444}}
{"target": -17.677127547295346, "params": {"gamma": 975.466914639292, "log10_alpha": -2.5149905552643896, "log10_colsample_bytree": -0.4436270444658367, "log10_eta": -3.9193523773195094, "log10_lambda": 0.3505563014222508, "log10_min_child_weight": 0.24015284532062586, "log10_subsample": -0.8535159309525908, "max_depth": 2.0, "num_boost_round": 36.0}, "datetime": {"datetime": "2024-01-19 01:22:13", "elapsed": 4227.264453, "delta": 0.004576}}
{"target": -17.67712560500169, "params": {"gamma": 975.466914639292, "log10_alpha": -2.5149905552643896, "log10_colsample_bytree": -0.4436270444658367, "log10_eta": -3.9193523773195094, "log10_lambda": 0.3505563014222508, "log10_min_child_weight": 0.24015284532062586, "log10_subsample": -0.8535159309525908, "max_depth": 2.0, "num_boost_round": 37.0}, "datetime": {"datetime": "2024-01-19 01:22:13", "elapsed": 4227.268963, "delta": 0.00451}}
{"target": -17.677122050287263, "params": {"gamma": 975.466914639292, "log10_alpha": -2.5149905552643896, "log10_colsample_bytree": -0.4436270444658367, "log10_eta": -3.9193523773195094, "log10_lambda": 0.3505563014222508, "log10_min_child_weight": 0.24015284532062586, "log10_subsample": -0.8535159309525908, "max_depth": 2.0, "num_boost_round": 38.0}, "datetime": {"datetime": "2024-01-19 01:22:13", "elapsed": 4227.273358, "delta": 0.004395}}
{"target": -17.677230124578994, "params": {"gamma": 970.1523641376075, "log10_alpha": -0.11217518491920764, "log10_colsample_bytree": -0.7558339502999646, "log10_eta": -3.8343094686981516, "log10_lambda": -4.379356098069141, "log10_min_child_weight": 1.0172404270794233, "log10_subsample": -0.9004605298322469, "max_depth": 3.0, "num_boost_round": 0.0}, "datetime": {"datetime": "2024-01-19 01:23:26", "elapsed": 4300.709026, "delta": 73.435668}}
{"target": -17.67722432698626, "params": {"gamma": 970.1523641376075, "log10_alpha": -0.11217518491920764, "log10_colsample_bytree": -0.7558339502999646, "log10_eta": -3.8343094686981516, "log10_lambda": -4.379356098069141, "log10_min_child_weight": 1.0172404270794233, "log10_subsample": -0.9004605298322469, "max_depth": 3.0, "num_boost_round": 1.0}, "datetime": {"datetime": "2024-01-19 01:23:26", "elapsed": 4300.714035, "delta": 0.005009}}
{"target": -17.6772200820686, "params": {"gamma": 970.1523641376075, "log10_alpha": -0.11217518491920764, "log10_colsample_bytree": -0.7558339502999646, "log10_eta": -3.8343094686981516, "log10_lambda": -4.379356098069141, "log10_min_child_weight": 1.0172404270794233, "log10_subsample": -0.9004605298322469, "max_depth": 3.0, "num_boost_round": 2.0}, "datetime": {"datetime": "2024-01-19 01:23:26", "elapsed": 4300.719111, "delta": 0.005076}}
{"target": -17.67721705791755, "params": {"gamma": 970.1523641376075, "log10_alpha": -0.11217518491920764, "log10_colsample_bytree": -0.7558339502999646, "log10_eta": -3.8343094686981516, "log10_lambda": -4.379356098069141, "log10_min_child_weight": 1.0172404270794233, "log10_subsample": -0.9004605298322469, "max_depth": 3.0, "num_boost_round": 3.0}, "datetime": {"datetime": "2024-01-19 01:23:26", "elapsed": 4300.723662, "delta": 0.004551}}
{"target": -17.6772148948258, "params": {"gamma": 970.1523641376075, "log10_alpha": -0.11217518491920764, "log10_colsample_bytree": -0.7558339502999646, "log10_eta": -3.8343094686981516, "log10_lambda": -4.379356098069141, "log10_min_child_weight": 1.0172404270794233, "log10_subsample": -0.9004605298322469, "max_depth": 3.0, "num_boost_round": 4.0}, "datetime": {"datetime": "2024-01-19 01:23:26", "elapsed": 4300.727973, "delta": 0.004311}}
{"target": -17.677213198618972, "params": {"gamma": 970.1523641376075, "log10_alpha": -0.11217518491920764, "log10_colsample_bytree": -0.7558339502999646, "log10_eta": -3.8343094686981516, "log10_lambda": -4.379356098069141, "log10_min_child_weight": 1.0172404270794233, "log10_subsample": -0.9004605298322469, "max_depth": 3.0, "num_boost_round": 5.0}, "datetime": {"datetime": "2024-01-19 01:23:26", "elapsed": 4300.732544, "delta": 0.004571}}
{"target": -17.677211344541085, "params": {"gamma": 970.1523641376075, "log10_alpha": -0.11217518491920764, "log10_colsample_bytree": -0.7558339502999646, "log10_eta": -3.8343094686981516, "log10_lambda": -4.379356098069141, "log10_min_child_weight": 1.0172404270794233, "log10_subsample": -0.9004605298322469, "max_depth": 3.0, "num_boost_round": 6.0}, "datetime": {"datetime": "2024-01-19 01:23:26", "elapsed": 4300.73699, "delta": 0.004446}}
{"target": -17.677203546520747, "params": {"gamma": 970.1523641376075, "log10_alpha": -0.11217518491920764, "log10_colsample_bytree": -0.7558339502999646, "log10_eta": -3.8343094686981516, "log10_lambda": -4.379356098069141, "log10_min_child_weight": 1.0172404270794233, "log10_subsample": -0.9004605298322469, "max_depth": 3.0, "num_boost_round": 7.0}, "datetime": {"datetime": "2024-01-19 01:23:26", "elapsed": 4300.741488, "delta": 0.004498}}
{"target": -17.67720136187971, "params": {"gamma": 970.1523641376075, "log10_alpha": -0.11217518491920764, "log10_colsample_bytree": -0.7558339502999646, "log10_eta": -3.8343094686981516, "log10_lambda": -4.379356098069141, "log10_min_child_weight": 1.0172404270794233, "log10_subsample": -0.9004605298322469, "max_depth": 3.0, "num_boost_round": 8.0}, "datetime": {"datetime": "2024-01-19 01:23:26", "elapsed": 4300.74592, "delta": 0.004432}}
{"target": -17.677198026616516, "params": {"gamma": 970.1523641376075, "log10_alpha": -0.11217518491920764, "log10_colsample_bytree": -0.7558339502999646, "log10_eta": -3.8343094686981516, "log10_lambda": -4.379356098069141, "log10_min_child_weight": 1.0172404270794233, "log10_subsample": -0.9004605298322469, "max_depth": 3.0, "num_boost_round": 9.0}, "datetime": {"datetime": "2024-01-19 01:23:26", "elapsed": 4300.750413, "delta": 0.004493}}
{"target": -17.677191240382747, "params": {"gamma": 970.1523641376075, "log10_alpha": -0.11217518491920764, "log10_colsample_bytree": -0.7558339502999646, "log10_eta": -3.8343094686981516, "log10_lambda": -4.379356098069141, "log10_min_child_weight": 1.0172404270794233, "log10_subsample": -0.9004605298322469, "max_depth": 3.0, "num_boost_round": 10.0}, "datetime": {"datetime": "2024-01-19 01:23:26", "elapsed": 4300.754827, "delta": 0.004414}}
{"target": -17.677185926565052, "params": {"gamma": 970.1523641376075, "log10_alpha": -0.11217518491920764, "log10_colsample_bytree": -0.7558339502999646, "log10_eta": -3.8343094686981516, "log10_lambda": -4.379356098069141, "log10_min_child_weight": 1.0172404270794233, "log10_subsample": -0.9004605298322469, "max_depth": 3.0, "num_boost_round": 11.0}, "datetime": {"datetime": "2024-01-19 01:23:26", "elapsed": 4300.759201, "delta": 0.004374}}
{"target": -17.677179067204793, "params": {"gamma": 970.1523641376075, "log10_alpha": -0.11217518491920764, "log10_colsample_bytree": -0.7558339502999646, "log10_eta": -3.8343094686981516, "log10_lambda": -4.379356098069141, "log10_min_child_weight": 1.0172404270794233, "log10_subsample": -0.9004605298322469, "max_depth": 3.0, "num_boost_round": 12.0}, "datetime": {"datetime": "2024-01-19 01:23:26", "elapsed": 4300.763676, "delta": 0.004475}}
{"target": -17.677169521549235, "params": {"gamma": 970.1523641376075, "log10_alpha": -0.11217518491920764, "log10_colsample_bytree": -0.7558339502999646, "log10_eta": -3.8343094686981516, "log10_lambda": -4.379356098069141, "log10_min_child_weight": 1.0172404270794233, "log10_subsample": -0.9004605298322469, "max_depth": 3.0, "num_boost_round": 13.0}, "datetime": {"datetime": "2024-01-19 01:23:26", "elapsed": 4300.768049, "delta": 0.004373}}
{"target": -17.677166313750277, "params": {"gamma": 970.1523641376075, "log10_alpha": -0.11217518491920764, "log10_colsample_bytree": -0.7558339502999646, "log10_eta": -3.8343094686981516, "log10_lambda": -4.379356098069141, "log10_min_child_weight": 1.0172404270794233, "log10_subsample": -0.9004605298322469, "max_depth": 3.0, "num_boost_round": 14.0}, "datetime": {"datetime": "2024-01-19 01:23:26", "elapsed": 4300.772509, "delta": 0.00446}}
{"target": -17.67716493806072, "params": {"gamma": 970.1523641376075, "log10_alpha": -0.11217518491920764, "log10_colsample_bytree": -0.7558339502999646, "log10_eta": -3.8343094686981516, "log10_lambda": -4.379356098069141, "log10_min_child_weight": 1.0172404270794233, "log10_subsample": -0.9004605298322469, "max_depth": 3.0, "num_boost_round": 15.0}, "datetime": {"datetime": "2024-01-19 01:23:26", "elapsed": 4300.776852, "delta": 0.004343}}
{"target": -17.67716585872475, "params": {"gamma": 970.1523641376075, "log10_alpha": -0.11217518491920764, "log10_colsample_bytree": -0.7558339502999646, "log10_eta": -3.8343094686981516, "log10_lambda": -4.379356098069141, "log10_min_child_weight": 1.0172404270794233, "log10_subsample": -0.9004605298322469, "max_depth": 3.0, "num_boost_round": 16.0}, "datetime": {"datetime": "2024-01-19 01:23:26", "elapsed": 4300.78118, "delta": 0.004328}}
{"target": -17.677163588967556, "params": {"gamma": 970.1523641376075, "log10_alpha": -0.11217518491920764, "log10_colsample_bytree": -0.7558339502999646, "log10_eta": -3.8343094686981516, "log10_lambda": -4.379356098069141, "log10_min_child_weight": 1.0172404270794233, "log10_subsample": -0.9004605298322469, "max_depth": 3.0, "num_boost_round": 17.0}, "datetime": {"datetime": "2024-01-19 01:23:26", "elapsed": 4300.785532, "delta": 0.004352}}
{"target": -17.67716463209937, "params": {"gamma": 970.1523641376075, "log10_alpha": -0.11217518491920764, "log10_colsample_bytree": -0.7558339502999646, "log10_eta": -3.8343094686981516, "log10_lambda": -4.379356098069141, "log10_min_child_weight": 1.0172404270794233, "log10_subsample": -0.9004605298322469, "max_depth": 3.0, "num_boost_round": 18.0}, "datetime": {"datetime": "2024-01-19 01:23:27", "elapsed": 4300.895206, "delta": 0.109674}}
{"target": -17.67716221428366, "params": {"gamma": 970.1523641376075, "log10_alpha": -0.11217518491920764, "log10_colsample_bytree": -0.7558339502999646, "log10_eta": -3.8343094686981516, "log10_lambda": -4.379356098069141, "log10_min_child_weight": 1.0172404270794233, "log10_subsample": -0.9004605298322469, "max_depth": 3.0, "num_boost_round": 19.0}, "datetime": {"datetime": "2024-01-19 01:23:27", "elapsed": 4300.900277, "delta": 0.005071}}
{"target": -17.67715632530981, "params": {"gamma": 970.1523641376075, "log10_alpha": -0.11217518491920764, "log10_colsample_bytree": -0.7558339502999646, "log10_eta": -3.8343094686981516, "log10_lambda": -4.379356098069141, "log10_min_child_weight": 1.0172404270794233, "log10_subsample": -0.9004605298322469, "max_depth": 3.0, "num_boost_round": 20.0}, "datetime": {"datetime": "2024-01-19 01:23:27", "elapsed": 4300.905053, "delta": 0.004776}}
{"target": -17.67715185968774, "params": {"gamma": 970.1523641376075, "log10_alpha": -0.11217518491920764, "log10_colsample_bytree": -0.7558339502999646, "log10_eta": -3.8343094686981516, "log10_lambda": -4.379356098069141, "log10_min_child_weight": 1.0172404270794233, "log10_subsample": -0.9004605298322469, "max_depth": 3.0, "num_boost_round": 21.0}, "datetime": {"datetime": "2024-01-19 01:23:27", "elapsed": 4300.909497, "delta": 0.004444}}
{"target": -17.67714686656663, "params": {"gamma": 970.1523641376075, "log10_alpha": -0.11217518491920764, "log10_colsample_bytree": -0.7558339502999646, "log10_eta": -3.8343094686981516, "log10_lambda": -4.379356098069141, "log10_min_child_weight": 1.0172404270794233, "log10_subsample": -0.9004605298322469, "max_depth": 3.0, "num_boost_round": 22.0}, "datetime": {"datetime": "2024-01-19 01:23:27", "elapsed": 4300.913938, "delta": 0.004441}}
{"target": -17.67713829617765, "params": {"gamma": 970.1523641376075, "log10_alpha": -0.11217518491920764, "log10_colsample_bytree": -0.7558339502999646, "log10_eta": -3.8343094686981516, "log10_lambda": -4.379356098069141, "log10_min_child_weight": 1.0172404270794233, "log10_subsample": -0.9004605298322469, "max_depth": 3.0, "num_boost_round": 23.0}, "datetime": {"datetime": "2024-01-19 01:23:27", "elapsed": 4300.918373, "delta": 0.004435}}
{"target": -17.677135795462608, "params": {"gamma": 970.1523641376075, "log10_alpha": -0.11217518491920764, "log10_colsample_bytree": -0.7558339502999646, "log10_eta": -3.8343094686981516, "log10_lambda": -4.379356098069141, "log10_min_child_weight": 1.0172404270794233, "log10_subsample": -0.9004605298322469, "max_depth": 3.0, "num_boost_round": 24.0}, "datetime": {"datetime": "2024-01-19 01:23:27", "elapsed": 4300.922912, "delta": 0.004539}}
{"target": -17.677129734073535, "params": {"gamma": 970.1523641376075, "log10_alpha": -0.11217518491920764, "log10_colsample_bytree": -0.7558339502999646, "log10_eta": -3.8343094686981516, "log10_lambda": -4.379356098069141, "log10_min_child_weight": 1.0172404270794233, "log10_subsample": -0.9004605298322469, "max_depth": 3.0, "num_boost_round": 25.0}, "datetime": {"datetime": "2024-01-19 01:23:27", "elapsed": 4300.927413, "delta": 0.004501}}
{"target": -17.677127961112156, "params": {"gamma": 970.1523641376075, "log10_alpha": -0.11217518491920764, "log10_colsample_bytree": -0.7558339502999646, "log10_eta": -3.8343094686981516, "log10_lambda": -4.379356098069141, "log10_min_child_weight": 1.0172404270794233, "log10_subsample": -0.9004605298322469, "max_depth": 3.0, "num_boost_round": 26.0}, "datetime": {"datetime": "2024-01-19 01:23:27", "elapsed": 4300.931953, "delta": 0.00454}}
{"target": -17.67711886659356, "params": {"gamma": 970.1523641376075, "log10_alpha": -0.11217518491920764, "log10_colsample_bytree": -0.7558339502999646, "log10_eta": -3.8343094686981516, "log10_lambda": -4.379356098069141, "log10_min_child_weight": 1.0172404270794233, "log10_subsample": -0.9004605298322469, "max_depth": 3.0, "num_boost_round": 27.0}, "datetime": {"datetime": "2024-01-19 01:23:27", "elapsed": 4300.936496, "delta": 0.004543}}
{"target": -17.677114252407392, "params": {"gamma": 970.1523641376075, "log10_alpha": -0.11217518491920764, "log10_colsample_bytree": -0.7558339502999646, "log10_eta": -3.8343094686981516, "log10_lambda": -4.379356098069141, "log10_min_child_weight": 1.0172404270794233, "log10_subsample": -0.9004605298322469, "max_depth": 3.0, "num_boost_round": 28.0}, "datetime": {"datetime": "2024-01-19 01:23:27", "elapsed": 4300.940962, "delta": 0.004466}}
{"target": -17.677109156775362, "params": {"gamma": 970.1523641376075, "log10_alpha": -0.11217518491920764, "log10_colsample_bytree": -0.7558339502999646, "log10_eta": -3.8343094686981516, "log10_lambda": -4.379356098069141, "log10_min_child_weight": 1.0172404270794233, "log10_subsample": -0.9004605298322469, "max_depth": 3.0, "num_boost_round": 29.0}, "datetime": {"datetime": "2024-01-19 01:23:27", "elapsed": 4300.945437, "delta": 0.004475}}
{"target": -17.677106537923866, "params": {"gamma": 970.1523641376075, "log10_alpha": -0.11217518491920764, "log10_colsample_bytree": -0.7558339502999646, "log10_eta": -3.8343094686981516, "log10_lambda": -4.379356098069141, "log10_min_child_weight": 1.0172404270794233, "log10_subsample": -0.9004605298322469, "max_depth": 3.0, "num_boost_round": 30.0}, "datetime": {"datetime": "2024-01-19 01:23:27", "elapsed": 4300.949982, "delta": 0.004545}}
{"target": -17.6770996349273, "params": {"gamma": 970.1523641376075, "log10_alpha": -0.11217518491920764, "log10_colsample_bytree": -0.7558339502999646, "log10_eta": -3.8343094686981516, "log10_lambda": -4.379356098069141, "log10_min_child_weight": 1.0172404270794233, "log10_subsample": -0.9004605298322469, "max_depth": 3.0, "num_boost_round": 31.0}, "datetime": {"datetime": "2024-01-19 01:23:27", "elapsed": 4300.954468, "delta": 0.004486}}
{"target": -17.677096214136878, "params": {"gamma": 970.1523641376075, "log10_alpha": -0.11217518491920764, "log10_colsample_bytree": -0.7558339502999646, "log10_eta": -3.8343094686981516, "log10_lambda": -4.379356098069141, "log10_min_child_weight": 1.0172404270794233, "log10_subsample": -0.9004605298322469, "max_depth": 3.0, "num_boost_round": 32.0}, "datetime": {"datetime": "2024-01-19 01:23:27", "elapsed": 4300.958941, "delta": 0.004473}}
{"target": -17.677090238521497, "params": {"gamma": 970.1523641376075, "log10_alpha": -0.11217518491920764, "log10_colsample_bytree": -0.7558339502999646, "log10_eta": -3.8343094686981516, "log10_lambda": -4.379356098069141, "log10_min_child_weight": 1.0172404270794233, "log10_subsample": -0.9004605298322469, "max_depth": 3.0, "num_boost_round": 33.0}, "datetime": {"datetime": "2024-01-19 01:23:27", "elapsed": 4300.963492, "delta": 0.004551}}
{"target": -17.677200035874723, "params": {"gamma": 952.5109378810639, "log10_alpha": 0.18872720201980897, "log10_colsample_bytree": -0.6792868771108515, "log10_eta": -2.9855200515856035, "log10_lambda": -4.326476989109337, "log10_min_child_weight": 0.034969184108334384, "log10_subsample": -0.8695217889939171, "max_depth": 2.0, "num_boost_round": 0.0}, "datetime": {"datetime": "2024-01-19 01:24:17", "elapsed": 4351.798986, "delta": 50.835494}}
