{"target": -13.75850480822023, "params": {"gamma": 158.6339453663367, "log10_alpha": -0.44621546507880616, "log10_colsample_bytree": -0.19345143077033045, "log10_eta": -2.1977281507306494, "log10_lambda": -1.6845717700074725, "log10_min_child_weight": 4.314870408680141, "log10_subsample": -0.9476868590825659, "max_depth": 7.0, "num_boost_round": 0.0}, "datetime": {"datetime": "2024-01-19 00:37:26", "elapsed": 1554.230833, "delta": 26.882067}}
{"target": -13.758469632783312, "params": {"gamma": 158.6339453663367, "log10_alpha": -0.44621546507880616, "log10_colsample_bytree": -0.19345143077033045, "log10_eta": -2.1977281507306494, "log10_lambda": -1.6845717700074725, "log10_min_child_weight": 4.314870408680141, "log10_subsample": -0.9476868590825659, "max_depth": 7.0, "num_boost_round": 1.0}, "datetime": {"datetime": "2024-01-19 00:37:26", "elapsed": 1554.233318, "delta": 0.002485}}
{"target": -13.758455672020855, "params": {"gamma": 158.6339453663367, "log10_alpha": -0.44621546507880616, "log10_colsample_bytree": -0.19345143077033045, "log10_eta": -2.1977281507306494, "log10_lambda": -1.6845717700074725, "log10_min_child_weight": 4.314870408680141, "log10_subsample": -0.9476868590825659, "max_depth": 7.0, "num_boost_round": 2.0}, "datetime": {"datetime": "2024-01-19 00:37:26", "elapsed": 1554.235553, "delta": 0.002235}}
{"target": -13.758421840027111, "params": {"gamma": 158.6339453663367, "log10_alpha": -0.44621546507880616, "log10_colsample_bytree": -0.19345143077033045, "log10_eta": -2.1977281507306494, "log10_lambda": -1.6845717700074725, "log10_min_child_weight": 4.314870408680141, "log10_subsample": -0.9476868590825659, "max_depth": 7.0, "num_boost_round": 3.0}, "datetime": {"datetime": "2024-01-19 00:37:26", "elapsed": 1554.237778, "delta": 0.002225}}
{"target": -13.758424744016752, "params": {"gamma": 158.6339453663367, "log10_alpha": -0.44621546507880616, "log10_colsample_bytree": -0.19345143077033045, "log10_eta": -2.1977281507306494, "log10_lambda": -1.6845717700074725, "log10_min_child_weight": 4.314870408680141, "log10_subsample": -0.9476868590825659, "max_depth": 7.0, "num_boost_round": 4.0}, "datetime": {"datetime": "2024-01-19 00:37:26", "elapsed": 1554.239763, "delta": 0.001985}}
{"target": -13.758386851141879, "params": {"gamma": 158.6339453663367, "log10_alpha": -0.44621546507880616, "log10_colsample_bytree": -0.19345143077033045, "log10_eta": -2.1977281507306494, "log10_lambda": -1.6845717700074725, "log10_min_child_weight": 4.314870408680141, "log10_subsample": -0.9476868590825659, "max_depth": 7.0, "num_boost_round": 5.0}, "datetime": {"datetime": "2024-01-19 00:37:26", "elapsed": 1554.241707, "delta": 0.001944}}
{"target": -13.7583860508317, "params": {"gamma": 158.6339453663367, "log10_alpha": -0.44621546507880616, "log10_colsample_bytree": -0.19345143077033045, "log10_eta": -2.1977281507306494, "log10_lambda": -1.6845717700074725, "log10_min_child_weight": 4.314870408680141, "log10_subsample": -0.9476868590825659, "max_depth": 7.0, "num_boost_round": 6.0}, "datetime": {"datetime": "2024-01-19 00:37:26", "elapsed": 1554.243667, "delta": 0.00196}}
{"target": -13.758362767956765, "params": {"gamma": 158.6339453663367, "log10_alpha": -0.44621546507880616, "log10_colsample_bytree": -0.19345143077033045, "log10_eta": -2.1977281507306494, "log10_lambda": -1.6845717700074725, "log10_min_child_weight": 4.314870408680141, "log10_subsample": -0.9476868590825659, "max_depth": 7.0, "num_boost_round": 7.0}, "datetime": {"datetime": "2024-01-19 00:37:26", "elapsed": 1554.246015, "delta": 0.002348}}
{"target": -13.758341425908934, "params": {"gamma": 158.6339453663367, "log10_alpha": -0.44621546507880616, "log10_colsample_bytree": -0.19345143077033045, "log10_eta": -2.1977281507306494, "log10_lambda": -1.6845717700074725, "log10_min_child_weight": 4.314870408680141, "log10_subsample": -0.9476868590825659, "max_depth": 7.0, "num_boost_round": 8.0}, "datetime": {"datetime": "2024-01-19 00:37:26", "elapsed": 1554.248556, "delta": 0.002541}}
{"target": -13.75831596120031, "params": {"gamma": 158.6339453663367, "log10_alpha": -0.44621546507880616, "log10_colsample_bytree": -0.19345143077033045, "log10_eta": -2.1977281507306494, "log10_lambda": -1.6845717700074725, "log10_min_child_weight": 4.314870408680141, "log10_subsample": -0.9476868590825659, "max_depth": 7.0, "num_boost_round": 9.0}, "datetime": {"datetime": "2024-01-19 00:37:26", "elapsed": 1554.250644, "delta": 0.002088}}
{"target": -13.758321858423477, "params": {"gamma": 158.6339453663367, "log10_alpha": -0.44621546507880616, "log10_colsample_bytree": -0.19345143077033045, "log10_eta": -2.1977281507306494, "log10_lambda": -1.6845717700074725, "log10_min_child_weight": 4.314870408680141, "log10_subsample": -0.9476868590825659, "max_depth": 7.0, "num_boost_round": 10.0}, "datetime": {"datetime": "2024-01-19 00:37:26", "elapsed": 1554.252582, "delta": 0.001938}}
{"target": -13.758290222035354, "params": {"gamma": 158.6339453663367, "log10_alpha": -0.44621546507880616, "log10_colsample_bytree": -0.19345143077033045, "log10_eta": -2.1977281507306494, "log10_lambda": -1.6845717700074725, "log10_min_child_weight": 4.314870408680141, "log10_subsample": -0.9476868590825659, "max_depth": 7.0, "num_boost_round": 11.0}, "datetime": {"datetime": "2024-01-19 00:37:26", "elapsed": 1554.254511, "delta": 0.001929}}
{"target": -13.758261015071023, "params": {"gamma": 158.6339453663367, "log10_alpha": -0.44621546507880616, "log10_colsample_bytree": -0.19345143077033045, "log10_eta": -2.1977281507306494, "log10_lambda": -1.6845717700074725, "log10_min_child_weight": 4.314870408680141, "log10_subsample": -0.9476868590825659, "max_depth": 7.0, "num_boost_round": 12.0}, "datetime": {"datetime": "2024-01-19 00:37:26", "elapsed": 1554.256331, "delta": 0.00182}}
{"target": -13.758266693732534, "params": {"gamma": 158.6339453663367, "log10_alpha": -0.44621546507880616, "log10_colsample_bytree": -0.19345143077033045, "log10_eta": -2.1977281507306494, "log10_lambda": -1.6845717700074725, "log10_min_child_weight": 4.314870408680141, "log10_subsample": -0.9476868590825659, "max_depth": 7.0, "num_boost_round": 13.0}, "datetime": {"datetime": "2024-01-19 00:37:26", "elapsed": 1554.258153, "delta": 0.001822}}
{"target": -13.758279094051282, "params": {"gamma": 158.6339453663367, "log10_alpha": -0.44621546507880616, "log10_colsample_bytree": -0.19345143077033045, "log10_eta": -2.1977281507306494, "log10_lambda": -1.6845717700074725, "log10_min_child_weight": 4.314870408680141, "log10_subsample": -0.9476868590825659, "max_depth": 7.0, "num_boost_round": 14.0}, "datetime": {"datetime": "2024-01-19 00:37:26", "elapsed": 1554.260034, "delta": 0.001881}}
{"target": -13.758253895485485, "params": {"gamma": 158.6339453663367, "log10_alpha": -0.44621546507880616, "log10_colsample_bytree": -0.19345143077033045, "log10_eta": -2.1977281507306494, "log10_lambda": -1.6845717700074725, "log10_min_child_weight": 4.314870408680141, "log10_subsample": -0.9476868590825659, "max_depth": 7.0, "num_boost_round": 15.0}, "datetime": {"datetime": "2024-01-19 00:37:26", "elapsed": 1554.261891, "delta": 0.001857}}
{"target": -13.758240961475297, "params": {"gamma": 158.6339453663367, "log10_alpha": -0.44621546507880616, "log10_colsample_bytree": -0.19345143077033045, "log10_eta": -2.1977281507306494, "log10_lambda": -1.6845717700074725, "log10_min_child_weight": 4.314870408680141, "log10_subsample": -0.9476868590825659, "max_depth": 7.0, "num_boost_round": 16.0}, "datetime": {"datetime": "2024-01-19 00:37:26", "elapsed": 1554.263783, "delta": 0.001892}}
{"target": -13.757844465765755, "params": {"gamma": 160.53486298303588, "log10_alpha": -3.6535422400170336, "log10_colsample_bytree": -0.8769346636311017, "log10_eta": -1.849250184377635, "log10_lambda": -4.217765175317989, "log10_min_child_weight": 0.018870527586921648, "log10_subsample": -0.9917287105104304, "max_depth": 5.0, "num_boost_round": 0.0}, "datetime": {"datetime": "2024-01-19 00:37:50", "elapsed": 1578.081186, "delta": 23.817403}}
{"target": -13.757702329719871, "params": {"gamma": 160.53486298303588, "log10_alpha": -3.6535422400170336, "log10_colsample_bytree": -0.8769346636311017, "log10_eta": -1.849250184377635, "log10_lambda": -4.217765175317989, "log10_min_child_weight": 0.018870527586921648, "log10_subsample": -0.9917287105104304, "max_depth": 5.0, "num_boost_round": 1.0}, "datetime": {"datetime": "2024-01-19 00:37:50", "elapsed": 1578.084093, "delta": 0.002907}}
{"target": -13.75773802090236, "params": {"gamma": 160.53486298303588, "log10_alpha": -3.6535422400170336, "log10_colsample_bytree": -0.8769346636311017, "log10_eta": -1.849250184377635, "log10_lambda": -4.217765175317989, "log10_min_child_weight": 0.018870527586921648, "log10_subsample": -0.9917287105104304, "max_depth": 5.0, "num_boost_round": 2.0}, "datetime": {"datetime": "2024-01-19 00:37:50", "elapsed": 1578.086134, "delta": 0.002041}}
{"target": -13.757694014052015, "params": {"gamma": 160.53486298303588, "log10_alpha": -3.6535422400170336, "log10_colsample_bytree": -0.8769346636311017, "log10_eta": -1.849250184377635, "log10_lambda": -4.217765175317989, "log10_min_child_weight": 0.018870527586921648, "log10_subsample": -0.9917287105104304, "max_depth": 5.0, "num_boost_round": 3.0}, "datetime": {"datetime": "2024-01-19 00:37:50", "elapsed": 1578.088023, "delta": 0.001889}}
{"target": -13.757330219226477, "params": {"gamma": 160.53486298303588, "log10_alpha": -3.6535422400170336, "log10_colsample_bytree": -0.8769346636311017, "log10_eta": -1.849250184377635, "log10_lambda": -4.217765175317989, "log10_min_child_weight": 0.018870527586921648, "log10_subsample": -0.9917287105104304, "max_depth": 5.0, "num_boost_round": 4.0}, "datetime": {"datetime": "2024-01-19 00:37:50", "elapsed": 1578.089888, "delta": 0.001865}}
{"target": -13.757146589170139, "params": {"gamma": 160.53486298303588, "log10_alpha": -3.6535422400170336, "log10_colsample_bytree": -0.8769346636311017, "log10_eta": -1.849250184377635, "log10_lambda": -4.217765175317989, "log10_min_child_weight": 0.018870527586921648, "log10_subsample": -0.9917287105104304, "max_depth": 5.0, "num_boost_round": 5.0}, "datetime": {"datetime": "2024-01-19 00:37:50", "elapsed": 1578.091899, "delta": 0.002011}}
{"target": -13.75751838146233, "params": {"gamma": 160.53486298303588, "log10_alpha": -3.6535422400170336, "log10_colsample_bytree": -0.8769346636311017, "log10_eta": -1.849250184377635, "log10_lambda": -4.217765175317989, "log10_min_child_weight": 0.018870527586921648, "log10_subsample": -0.9917287105104304, "max_depth": 5.0, "num_boost_round": 6.0}, "datetime": {"datetime": "2024-01-19 00:37:50", "elapsed": 1578.093843, "delta": 0.001944}}
{"target": -13.757023568398063, "params": {"gamma": 160.53486298303588, "log10_alpha": -3.6535422400170336, "log10_colsample_bytree": -0.8769346636311017, "log10_eta": -1.849250184377635, "log10_lambda": -4.217765175317989, "log10_min_child_weight": 0.018870527586921648, "log10_subsample": -0.9917287105104304, "max_depth": 5.0, "num_boost_round": 7.0}, "datetime": {"datetime": "2024-01-19 00:37:50", "elapsed": 1578.095676, "delta": 0.001833}}
{"target": -13.756992804306783, "params": {"gamma": 160.53486298303588, "log10_alpha": -3.6535422400170336, "log10_colsample_bytree": -0.8769346636311017, "log10_eta": -1.849250184377635, "log10_lambda": -4.217765175317989, "log10_min_child_weight": 0.018870527586921648, "log10_subsample": -0.9917287105104304, "max_depth": 5.0, "num_boost_round": 8.0}, "datetime": {"datetime": "2024-01-19 00:37:50", "elapsed": 1578.097549, "delta": 0.001873}}
{"target": -13.756761501882277, "params": {"gamma": 160.53486298303588, "log10_alpha": -3.6535422400170336, "log10_colsample_bytree": -0.8769346636311017, "log10_eta": -1.849250184377635, "log10_lambda": -4.217765175317989, "log10_min_child_weight": 0.018870527586921648, "log10_subsample": -0.9917287105104304, "max_depth": 5.0, "num_boost_round": 9.0}, "datetime": {"datetime": "2024-01-19 00:37:50", "elapsed": 1578.099376, "delta": 0.001827}}
{"target": -13.756437770728489, "params": {"gamma": 160.53486298303588, "log10_alpha": -3.6535422400170336, "log10_colsample_bytree": -0.8769346636311017, "log10_eta": -1.849250184377635, "log10_lambda": -4.217765175317989, "log10_min_child_weight": 0.018870527586921648, "log10_subsample": -0.9917287105104304, "max_depth": 5.0, "num_boost_round": 10.0}, "datetime": {"datetime": "2024-01-19 00:37:50", "elapsed": 1578.101302, "delta": 0.001926}}
{"target": -13.756212575486135, "params": {"gamma": 160.53486298303588, "log10_alpha": -3.6535422400170336, "log10_colsample_bytree": -0.8769346636311017, "log10_eta": -1.849250184377635, "log10_lambda": -4.217765175317989, "log10_min_child_weight": 0.018870527586921648, "log10_subsample": -0.9917287105104304, "max_depth": 5.0, "num_boost_round": 11.0}, "datetime": {"datetime": "2024-01-19 00:37:50", "elapsed": 1578.103122, "delta": 0.00182}}
{"target": -13.762296748850764, "params": {"gamma": 159.71302079659566, "log10_alpha": -3.576661984913348, "log10_colsample_bytree": -0.08954150333855038, "log10_eta": -1.0703080288095976, "log10_lambda": -3.0340934138365414, "log10_min_child_weight": 1.0513841110757882, "log10_subsample": -0.5090217670886323, "max_depth": 5.0, "num_boost_round": 0.0}, "datetime": {"datetime": "2024-01-19 00:38:19", "elapsed": 1607.020307, "delta": 28.917185}}
{"target": -13.76855347751973, "params": {"gamma": 159.71302079659566, "log10_alpha": -3.576661984913348, "log10_colsample_bytree": -0.08954150333855038, "log10_eta": -1.0703080288095976, "log10_lambda": -3.0340934138365414, "log10_min_child_weight": 1.0513841110757882, "log10_subsample": -0.5090217670886323, "max_depth": 5.0, "num_boost_round": 1.0}, "datetime": {"datetime": "2024-01-19 00:38:19", "elapsed": 1607.022731, "delta": 0.002424}}
{"target": -13.77224622243631, "params": {"gamma": 159.71302079659566, "log10_alpha": -3.576661984913348, "log10_colsample_bytree": -0.08954150333855038, "log10_eta": -1.0703080288095976, "log10_lambda": -3.0340934138365414, "log10_min_child_weight": 1.0513841110757882, "log10_subsample": -0.5090217670886323, "max_depth": 5.0, "num_boost_round": 2.0}, "datetime": {"datetime": "2024-01-19 00:38:19", "elapsed": 1607.024989, "delta": 0.002258}}
{"target": -13.776584958358841, "params": {"gamma": 159.71302079659566, "log10_alpha": -3.576661984913348, "log10_colsample_bytree": -0.08954150333855038, "log10_eta": -1.0703080288095976, "log10_lambda": -3.0340934138365414, "log10_min_child_weight": 1.0513841110757882, "log10_subsample": -0.5090217670886323, "max_depth": 5.0, "num_boost_round": 3.0}, "datetime": {"datetime": "2024-01-19 00:38:19", "elapsed": 1607.026867, "delta": 0.001878}}
{"target": -13.775200051161747, "params": {"gamma": 159.71302079659566, "log10_alpha": -3.576661984913348, "log10_colsample_bytree": -0.08954150333855038, "log10_eta": -1.0703080288095976, "log10_lambda": -3.0340934138365414, "log10_min_child_weight": 1.0513841110757882, "log10_subsample": -0.5090217670886323, "max_depth": 5.0, "num_boost_round": 4.0}, "datetime": {"datetime": "2024-01-19 00:38:19", "elapsed": 1607.028766, "delta": 0.001899}}
{"target": -13.779671064054897, "params": {"gamma": 159.71302079659566, "log10_alpha": -3.576661984913348, "log10_colsample_bytree": -0.08954150333855038, "log10_eta": -1.0703080288095976, "log10_lambda": -3.0340934138365414, "log10_min_child_weight": 1.0513841110757882, "log10_subsample": -0.5090217670886323, "max_depth": 5.0, "num_boost_round": 5.0}, "datetime": {"datetime": "2024-01-19 00:38:19", "elapsed": 1607.030727, "delta": 0.001961}}
{"target": -13.778435524518585, "params": {"gamma": 159.71302079659566, "log10_alpha": -3.576661984913348, "log10_colsample_bytree": -0.08954150333855038, "log10_eta": -1.0703080288095976, "log10_lambda": -3.0340934138365414, "log10_min_child_weight": 1.0513841110757882, "log10_subsample": -0.5090217670886323, "max_depth": 5.0, "num_boost_round": 6.0}, "datetime": {"datetime": "2024-01-19 00:38:19", "elapsed": 1607.032561, "delta": 0.001834}}
{"target": -13.784223153040214, "params": {"gamma": 159.71302079659566, "log10_alpha": -3.576661984913348, "log10_colsample_bytree": -0.08954150333855038, "log10_eta": -1.0703080288095976, "log10_lambda": -3.0340934138365414, "log10_min_child_weight": 1.0513841110757882, "log10_subsample": -0.5090217670886323, "max_depth": 5.0, "num_boost_round": 7.0}, "datetime": {"datetime": "2024-01-19 00:38:19", "elapsed": 1607.034402, "delta": 0.001841}}
{"target": -13.794738588687384, "params": {"gamma": 159.71302079659566, "log10_alpha": -3.576661984913348, "log10_colsample_bytree": -0.08954150333855038, "log10_eta": -1.0703080288095976, "log10_lambda": -3.0340934138365414, "log10_min_child_weight": 1.0513841110757882, "log10_subsample": -0.5090217670886323, "max_depth": 5.0, "num_boost_round": 8.0}, "datetime": {"datetime": "2024-01-19 00:38:19", "elapsed": 1607.036274, "delta": 0.001872}}
{"target": -13.796306869573861, "params": {"gamma": 159.71302079659566, "log10_alpha": -3.576661984913348, "log10_colsample_bytree": -0.08954150333855038, "log10_eta": -1.0703080288095976, "log10_lambda": -3.0340934138365414, "log10_min_child_weight": 1.0513841110757882, "log10_subsample": -0.5090217670886323, "max_depth": 5.0, "num_boost_round": 9.0}, "datetime": {"datetime": "2024-01-19 00:38:19", "elapsed": 1607.038179, "delta": 0.001905}}
{"target": -13.800480257962027, "params": {"gamma": 159.71302079659566, "log10_alpha": -3.576661984913348, "log10_colsample_bytree": -0.08954150333855038, "log10_eta": -1.0703080288095976, "log10_lambda": -3.0340934138365414, "log10_min_child_weight": 1.0513841110757882, "log10_subsample": -0.5090217670886323, "max_depth": 5.0, "num_boost_round": 10.0}, "datetime": {"datetime": "2024-01-19 00:38:19", "elapsed": 1607.040173, "delta": 0.001994}}
{"target": -13.802099598676275, "params": {"gamma": 159.71302079659566, "log10_alpha": -3.576661984913348, "log10_colsample_bytree": -0.08954150333855038, "log10_eta": -1.0703080288095976, "log10_lambda": -3.0340934138365414, "log10_min_child_weight": 1.0513841110757882, "log10_subsample": -0.5090217670886323, "max_depth": 5.0, "num_boost_round": 11.0}, "datetime": {"datetime": "2024-01-19 00:38:19", "elapsed": 1607.042218, "delta": 0.002045}}
{"target": -13.803364080118124, "params": {"gamma": 159.71302079659566, "log10_alpha": -3.576661984913348, "log10_colsample_bytree": -0.08954150333855038, "log10_eta": -1.0703080288095976, "log10_lambda": -3.0340934138365414, "log10_min_child_weight": 1.0513841110757882, "log10_subsample": -0.5090217670886323, "max_depth": 5.0, "num_boost_round": 12.0}, "datetime": {"datetime": "2024-01-19 00:38:19", "elapsed": 1607.044176, "delta": 0.001958}}
{"target": -13.804912497138567, "params": {"gamma": 159.71302079659566, "log10_alpha": -3.576661984913348, "log10_colsample_bytree": -0.08954150333855038, "log10_eta": -1.0703080288095976, "log10_lambda": -3.0340934138365414, "log10_min_child_weight": 1.0513841110757882, "log10_subsample": -0.5090217670886323, "max_depth": 5.0, "num_boost_round": 13.0}, "datetime": {"datetime": "2024-01-19 00:38:19", "elapsed": 1607.046033, "delta": 0.001857}}
{"target": -13.812758140347972, "params": {"gamma": 159.71302079659566, "log10_alpha": -3.576661984913348, "log10_colsample_bytree": -0.08954150333855038, "log10_eta": -1.0703080288095976, "log10_lambda": -3.0340934138365414, "log10_min_child_weight": 1.0513841110757882, "log10_subsample": -0.5090217670886323, "max_depth": 5.0, "num_boost_round": 14.0}, "datetime": {"datetime": "2024-01-19 00:38:19", "elapsed": 1607.047877, "delta": 0.001844}}
{"target": -13.814741596913093, "params": {"gamma": 159.71302079659566, "log10_alpha": -3.576661984913348, "log10_colsample_bytree": -0.08954150333855038, "log10_eta": -1.0703080288095976, "log10_lambda": -3.0340934138365414, "log10_min_child_weight": 1.0513841110757882, "log10_subsample": -0.5090217670886323, "max_depth": 5.0, "num_boost_round": 15.0}, "datetime": {"datetime": "2024-01-19 00:38:19", "elapsed": 1607.049722, "delta": 0.001845}}
{"target": -13.817417845388011, "params": {"gamma": 159.71302079659566, "log10_alpha": -3.576661984913348, "log10_colsample_bytree": -0.08954150333855038, "log10_eta": -1.0703080288095976, "log10_lambda": -3.0340934138365414, "log10_min_child_weight": 1.0513841110757882, "log10_subsample": -0.5090217670886323, "max_depth": 5.0, "num_boost_round": 16.0}, "datetime": {"datetime": "2024-01-19 00:38:19", "elapsed": 1607.051665, "delta": 0.001943}}
{"target": -13.819948888557263, "params": {"gamma": 159.71302079659566, "log10_alpha": -3.576661984913348, "log10_colsample_bytree": -0.08954150333855038, "log10_eta": -1.0703080288095976, "log10_lambda": -3.0340934138365414, "log10_min_child_weight": 1.0513841110757882, "log10_subsample": -0.5090217670886323, "max_depth": 5.0, "num_boost_round": 17.0}, "datetime": {"datetime": "2024-01-19 00:38:19", "elapsed": 1607.053533, "delta": 0.001868}}
{"target": -13.82162177231358, "params": {"gamma": 159.71302079659566, "log10_alpha": -3.576661984913348, "log10_colsample_bytree": -0.08954150333855038, "log10_eta": -1.0703080288095976, "log10_lambda": -3.0340934138365414, "log10_min_child_weight": 1.0513841110757882, "log10_subsample": -0.5090217670886323, "max_depth": 5.0, "num_boost_round": 18.0}, "datetime": {"datetime": "2024-01-19 00:38:19", "elapsed": 1607.0554, "delta": 0.001867}}
{"target": -13.82387942428393, "params": {"gamma": 159.71302079659566, "log10_alpha": -3.576661984913348, "log10_colsample_bytree": -0.08954150333855038, "log10_eta": -1.0703080288095976, "log10_lambda": -3.0340934138365414, "log10_min_child_weight": 1.0513841110757882, "log10_subsample": -0.5090217670886323, "max_depth": 5.0, "num_boost_round": 19.0}, "datetime": {"datetime": "2024-01-19 00:38:19", "elapsed": 1607.057339, "delta": 0.001939}}
