{"target": -17.677194385687297, "params": {"gamma": 50.45211370829416, "log10_alpha": -3.837350257198911, "log10_colsample_bytree": -0.32316822131824696, "log10_eta": -2.715701543555328, "log10_lambda": -0.599668182017858, "log10_min_child_weight": 3.9293780713007687, "log10_subsample": -0.5599536173910963, "max_depth": 3.0, "num_boost_round": 0.0}, "datetime": {"datetime": "2024-01-19 02:01:21", "elapsed": 6634.742517, "delta": 70.127785}}
{"target": -17.67723837785739, "params": {"gamma": 50.45211370829416, "log10_alpha": -3.837350257198911, "log10_colsample_bytree": -0.32316822131824696, "log10_eta": -2.715701543555328, "log10_lambda": -0.599668182017858, "log10_min_child_weight": 3.9293780713007687, "log10_subsample": -0.5599536173910963, "max_depth": 3.0, "num_boost_round": 1.0}, "datetime": {"datetime": "2024-01-19 02:01:21", "elapsed": 6634.748662, "delta": 0.006145}}
{"target": -17.677246602632344, "params": {"gamma": 50.45211370829416, "log10_alpha": -3.837350257198911, "log10_colsample_bytree": -0.32316822131824696, "log10_eta": -2.715701543555328, "log10_lambda": -0.599668182017858, "log10_min_child_weight": 3.9293780713007687, "log10_subsample": -0.5599536173910963, "max_depth": 3.0, "num_boost_round": 2.0}, "datetime": {"datetime": "2024-01-19 02:01:21", "elapsed": 6634.753682, "delta": 0.00502}}
{"target": -17.677258031133007, "params": {"gamma": 50.45211370829416, "log10_alpha": -3.837350257198911, "log10_colsample_bytree": -0.32316822131824696, "log10_eta": -2.715701543555328, "log10_lambda": -0.599668182017858, "log10_min_child_weight": 3.9293780713007687, "log10_subsample": -0.5599536173910963, "max_depth": 3.0, "num_boost_round": 3.0}, "datetime": {"datetime": "2024-01-19 02:01:21", "elapsed": 6634.758824, "delta": 0.005142}}
{"target": -17.67728488411222, "params": {"gamma": 50.45211370829416, "log10_alpha": -3.837350257198911, "log10_colsample_bytree": -0.32316822131824696, "log10_eta": -2.715701543555328, "log10_lambda": -0.599668182017858, "log10_min_child_weight": 3.9293780713007687, "log10_subsample": -0.5599536173910963, "max_depth": 3.0, "num_boost_round": 4.0}, "datetime": {"datetime": "2024-01-19 02:01:21", "elapsed": 6634.763854, "delta": 0.00503}}
{"target": -17.677330142444006, "params": {"gamma": 50.45211370829416, "log10_alpha": -3.837350257198911, "log10_colsample_bytree": -0.32316822131824696, "log10_eta": -2.715701543555328, "log10_lambda": -0.599668182017858, "log10_min_child_weight": 3.9293780713007687, "log10_subsample": -0.5599536173910963, "max_depth": 3.0, "num_boost_round": 5.0}, "datetime": {"datetime": "2024-01-19 02:01:21", "elapsed": 6634.769051, "delta": 0.005197}}
{"target": -17.677340615590477, "params": {"gamma": 50.45211370829416, "log10_alpha": -3.837350257198911, "log10_colsample_bytree": -0.32316822131824696, "log10_eta": -2.715701543555328, "log10_lambda": -0.599668182017858, "log10_min_child_weight": 3.9293780713007687, "log10_subsample": -0.5599536173910963, "max_depth": 3.0, "num_boost_round": 6.0}, "datetime": {"datetime": "2024-01-19 02:01:21", "elapsed": 6634.77426, "delta": 0.005209}}
{"target": -17.677350832003558, "params": {"gamma": 50.45211370829416, "log10_alpha": -3.837350257198911, "log10_colsample_bytree": -0.32316822131824696, "log10_eta": -2.715701543555328, "log10_lambda": -0.599668182017858, "log10_min_child_weight": 3.9293780713007687, "log10_subsample": -0.5599536173910963, "max_depth": 3.0, "num_boost_round": 7.0}, "datetime": {"datetime": "2024-01-19 02:01:21", "elapsed": 6634.779493, "delta": 0.005233}}
{"target": -17.677346786564375, "params": {"gamma": 50.45211370829416, "log10_alpha": -3.837350257198911, "log10_colsample_bytree": -0.32316822131824696, "log10_eta": -2.715701543555328, "log10_lambda": -0.599668182017858, "log10_min_child_weight": 3.9293780713007687, "log10_subsample": -0.5599536173910963, "max_depth": 3.0, "num_boost_round": 8.0}, "datetime": {"datetime": "2024-01-19 02:01:21", "elapsed": 6634.784534, "delta": 0.005041}}
{"target": -17.67732842909075, "params": {"gamma": 50.45211370829416, "log10_alpha": -3.837350257198911, "log10_colsample_bytree": -0.32316822131824696, "log10_eta": -2.715701543555328, "log10_lambda": -0.599668182017858, "log10_min_child_weight": 3.9293780713007687, "log10_subsample": -0.5599536173910963, "max_depth": 3.0, "num_boost_round": 9.0}, "datetime": {"datetime": "2024-01-19 02:01:21", "elapsed": 6634.789667, "delta": 0.005133}}
{"target": -17.67730971590164, "params": {"gamma": 50.45211370829416, "log10_alpha": -3.837350257198911, "log10_colsample_bytree": -0.32316822131824696, "log10_eta": -2.715701543555328, "log10_lambda": -0.599668182017858, "log10_min_child_weight": 3.9293780713007687, "log10_subsample": -0.5599536173910963, "max_depth": 3.0, "num_boost_round": 10.0}, "datetime": {"datetime": "2024-01-19 02:01:21", "elapsed": 6634.794727, "delta": 0.00506}}
{"target": -17.67726578648386, "params": {"gamma": 50.45211370829416, "log10_alpha": -3.837350257198911, "log10_colsample_bytree": -0.32316822131824696, "log10_eta": -2.715701543555328, "log10_lambda": -0.599668182017858, "log10_min_child_weight": 3.9293780713007687, "log10_subsample": -0.5599536173910963, "max_depth": 3.0, "num_boost_round": 11.0}, "datetime": {"datetime": "2024-01-19 02:01:21", "elapsed": 6634.799594, "delta": 0.004867}}
{"target": -17.677253931066094, "params": {"gamma": 50.45211370829416, "log10_alpha": -3.837350257198911, "log10_colsample_bytree": -0.32316822131824696, "log10_eta": -2.715701543555328, "log10_lambda": -0.599668182017858, "log10_min_child_weight": 3.9293780713007687, "log10_subsample": -0.5599536173910963, "max_depth": 3.0, "num_boost_round": 12.0}, "datetime": {"datetime": "2024-01-19 02:01:21", "elapsed": 6634.804649, "delta": 0.005055}}
{"target": -17.67725539313103, "params": {"gamma": 50.45211370829416, "log10_alpha": -3.837350257198911, "log10_colsample_bytree": -0.32316822131824696, "log10_eta": -2.715701543555328, "log10_lambda": -0.599668182017858, "log10_min_child_weight": 3.9293780713007687, "log10_subsample": -0.5599536173910963, "max_depth": 3.0, "num_boost_round": 13.0}, "datetime": {"datetime": "2024-01-19 02:01:21", "elapsed": 6634.810098, "delta": 0.005449}}
{"target": -17.67722603900131, "params": {"gamma": 50.45211370829416, "log10_alpha": -3.837350257198911, "log10_colsample_bytree": -0.32316822131824696, "log10_eta": -2.715701543555328, "log10_lambda": -0.599668182017858, "log10_min_child_weight": 3.9293780713007687, "log10_subsample": -0.5599536173910963, "max_depth": 3.0, "num_boost_round": 14.0}, "datetime": {"datetime": "2024-01-19 02:01:21", "elapsed": 6634.815362, "delta": 0.005264}}
{"target": -17.677204635160123, "params": {"gamma": 50.45211370829416, "log10_alpha": -3.837350257198911, "log10_colsample_bytree": -0.32316822131824696, "log10_eta": -2.715701543555328, "log10_lambda": -0.599668182017858, "log10_min_child_weight": 3.9293780713007687, "log10_subsample": -0.5599536173910963, "max_depth": 3.0, "num_boost_round": 15.0}, "datetime": {"datetime": "2024-01-19 02:01:21", "elapsed": 6634.820584, "delta": 0.005222}}
{"target": -17.677210454495672, "params": {"gamma": 50.45211370829416, "log10_alpha": -3.837350257198911, "log10_colsample_bytree": -0.32316822131824696, "log10_eta": -2.715701543555328, "log10_lambda": -0.599668182017858, "log10_min_child_weight": 3.9293780713007687, "log10_subsample": -0.5599536173910963, "max_depth": 3.0, "num_boost_round": 16.0}, "datetime": {"datetime": "2024-01-19 02:01:21", "elapsed": 6634.82559, "delta": 0.005006}}
{"target": -17.67722549710716, "params": {"gamma": 51.45776353153187, "log10_alpha": -2.7064132702527024, "log10_colsample_bytree": -0.07452437874832152, "log10_eta": -3.474539897919496, "log10_lambda": -2.8218054920513778, "log10_min_child_weight": 2.976341393450302, "log10_subsample": -0.6649304499263768, "max_depth": 2.0, "num_boost_round": 0.0}, "datetime": {"datetime": "2024-01-19 02:02:36", "elapsed": 6710.569325, "delta": 75.743735}}
{"target": -17.677218147491402, "params": {"gamma": 51.45776353153187, "log10_alpha": -2.7064132702527024, "log10_colsample_bytree": -0.07452437874832152, "log10_eta": -3.474539897919496, "log10_lambda": -2.8218054920513778, "log10_min_child_weight": 2.976341393450302, "log10_subsample": -0.6649304499263768, "max_depth": 2.0, "num_boost_round": 1.0}, "datetime": {"datetime": "2024-01-19 02:02:36", "elapsed": 6710.575142, "delta": 0.005817}}
{"target": -17.6772105192846, "params": {"gamma": 51.45776353153187, "log10_alpha": -2.7064132702527024, "log10_colsample_bytree": -0.07452437874832152, "log10_eta": -3.474539897919496, "log10_lambda": -2.8218054920513778, "log10_min_child_weight": 2.976341393450302, "log10_subsample": -0.6649304499263768, "max_depth": 2.0, "num_boost_round": 2.0}, "datetime": {"datetime": "2024-01-19 02:02:36", "elapsed": 6710.581012, "delta": 0.00587}}
{"target": -17.677205050156687, "params": {"gamma": 51.45776353153187, "log10_alpha": -2.7064132702527024, "log10_colsample_bytree": -0.07452437874832152, "log10_eta": -3.474539897919496, "log10_lambda": -2.8218054920513778, "log10_min_child_weight": 2.976341393450302, "log10_subsample": -0.6649304499263768, "max_depth": 2.0, "num_boost_round": 3.0}, "datetime": {"datetime": "2024-01-19 02:02:36", "elapsed": 6710.586205, "delta": 0.005193}}
{"target": -17.677199758357993, "params": {"gamma": 51.45776353153187, "log10_alpha": -2.7064132702527024, "log10_colsample_bytree": -0.07452437874832152, "log10_eta": -3.474539897919496, "log10_lambda": -2.8218054920513778, "log10_min_child_weight": 2.976341393450302, "log10_subsample": -0.6649304499263768, "max_depth": 2.0, "num_boost_round": 4.0}, "datetime": {"datetime": "2024-01-19 02:02:36", "elapsed": 6710.591516, "delta": 0.005311}}
{"target": -17.67719217578757, "params": {"gamma": 51.45776353153187, "log10_alpha": -2.7064132702527024, "log10_colsample_bytree": -0.07452437874832152, "log10_eta": -3.474539897919496, "log10_lambda": -2.8218054920513778, "log10_min_child_weight": 2.976341393450302, "log10_subsample": -0.6649304499263768, "max_depth": 2.0, "num_boost_round": 5.0}, "datetime": {"datetime": "2024-01-19 02:02:36", "elapsed": 6710.596759, "delta": 0.005243}}
{"target": -17.67718427642481, "params": {"gamma": 51.45776353153187, "log10_alpha": -2.7064132702527024, "log10_colsample_bytree": -0.07452437874832152, "log10_eta": -3.474539897919496, "log10_lambda": -2.8218054920513778, "log10_min_child_weight": 2.976341393450302, "log10_subsample": -0.6649304499263768, "max_depth": 2.0, "num_boost_round": 6.0}, "datetime": {"datetime": "2024-01-19 02:02:37", "elapsed": 6710.708649, "delta": 0.11189}}
{"target": -17.67717717261528, "params": {"gamma": 51.45776353153187, "log10_alpha": -2.7064132702527024, "log10_colsample_bytree": -0.07452437874832152, "log10_eta": -3.474539897919496, "log10_lambda": -2.8218054920513778, "log10_min_child_weight": 2.976341393450302, "log10_subsample": -0.6649304499263768, "max_depth": 2.0, "num_boost_round": 7.0}, "datetime": {"datetime": "2024-01-19 02:02:37", "elapsed": 6710.714293, "delta": 0.005644}}
{"target": -17.677169312581047, "params": {"gamma": 51.45776353153187, "log10_alpha": -2.7064132702527024, "log10_colsample_bytree": -0.07452437874832152, "log10_eta": -3.474539897919496, "log10_lambda": -2.8218054920513778, "log10_min_child_weight": 2.976341393450302, "log10_subsample": -0.6649304499263768, "max_depth": 2.0, "num_boost_round": 8.0}, "datetime": {"datetime": "2024-01-19 02:02:37", "elapsed": 6710.719434, "delta": 0.005141}}
{"target": -17.67716251953854, "params": {"gamma": 51.45776353153187, "log10_alpha": -2.7064132702527024, "log10_colsample_bytree": -0.07452437874832152, "log10_eta": -3.474539897919496, "log10_lambda": -2.8218054920513778, "log10_min_child_weight": 2.976341393450302, "log10_subsample": -0.6649304499263768, "max_depth": 2.0, "num_boost_round": 9.0}, "datetime": {"datetime": "2024-01-19 02:02:37", "elapsed": 6710.72454, "delta": 0.005106}}
{"target": -17.677154466943758, "params": {"gamma": 51.45776353153187, "log10_alpha": -2.7064132702527024, "log10_colsample_bytree": -0.07452437874832152, "log10_eta": -3.474539897919496, "log10_lambda": -2.8218054920513778, "log10_min_child_weight": 2.976341393450302, "log10_subsample": -0.6649304499263768, "max_depth": 2.0, "num_boost_round": 10.0}, "datetime": {"datetime": "2024-01-19 02:02:37", "elapsed": 6710.729635, "delta": 0.005095}}
{"target": -17.67714743558588, "params": {"gamma": 51.45776353153187, "log10_alpha": -2.7064132702527024, "log10_colsample_bytree": -0.07452437874832152, "log10_eta": -3.474539897919496, "log10_lambda": -2.8218054920513778, "log10_min_child_weight": 2.976341393450302, "log10_subsample": -0.6649304499263768, "max_depth": 2.0, "num_boost_round": 11.0}, "datetime": {"datetime": "2024-01-19 02:02:37", "elapsed": 6710.735086, "delta": 0.005451}}
{"target": -17.677139767208477, "params": {"gamma": 51.45776353153187, "log10_alpha": -2.7064132702527024, "log10_colsample_bytree": -0.07452437874832152, "log10_eta": -3.474539897919496, "log10_lambda": -2.8218054920513778, "log10_min_child_weight": 2.976341393450302, "log10_subsample": -0.6649304499263768, "max_depth": 2.0, "num_boost_round": 12.0}, "datetime": {"datetime": "2024-01-19 02:02:37", "elapsed": 6710.740182, "delta": 0.005096}}
{"target": -17.677132714131734, "params": {"gamma": 51.45776353153187, "log10_alpha": -2.7064132702527024, "log10_colsample_bytree": -0.07452437874832152, "log10_eta": -3.474539897919496, "log10_lambda": -2.8218054920513778, "log10_min_child_weight": 2.976341393450302, "log10_subsample": -0.6649304499263768, "max_depth": 2.0, "num_boost_round": 13.0}, "datetime": {"datetime": "2024-01-19 02:02:37", "elapsed": 6710.74531, "delta": 0.005128}}
{"target": -17.67712597931962, "params": {"gamma": 51.45776353153187, "log10_alpha": -2.7064132702527024, "log10_colsample_bytree": -0.07452437874832152, "log10_eta": -3.474539897919496, "log10_lambda": -2.8218054920513778, "log10_min_child_weight": 2.976341393450302, "log10_subsample": -0.6649304499263768, "max_depth": 2.0, "num_boost_round": 14.0}, "datetime": {"datetime": "2024-01-19 02:02:37", "elapsed": 6710.750359, "delta": 0.005049}}
{"target": -17.677119798595317, "params": {"gamma": 51.45776353153187, "log10_alpha": -2.7064132702527024, "log10_colsample_bytree": -0.07452437874832152, "log10_eta": -3.474539897919496, "log10_lambda": -2.8218054920513778, "log10_min_child_weight": 2.976341393450302, "log10_subsample": -0.6649304499263768, "max_depth": 2.0, "num_boost_round": 15.0}, "datetime": {"datetime": "2024-01-19 02:02:37", "elapsed": 6710.755396, "delta": 0.005037}}
{"target": -17.6771957016639, "params": {"gamma": 9.808235205205351, "log10_alpha": -0.07450351980448211, "log10_colsample_bytree": -0.19882437521551732, "log10_eta": -3.197589528104224, "log10_lambda": -3.242652100297299, "log10_min_child_weight": 2.262359170329718, "log10_subsample": -0.5334784535853303, "max_depth": 4.0, "num_boost_round": 0.0}, "datetime": {"datetime": "2024-01-19 02:03:37", "elapsed": 6770.903905, "delta": 60.148509}}
{"target": -17.677155788824635, "params": {"gamma": 9.808235205205351, "log10_alpha": -0.07450351980448211, "log10_colsample_bytree": -0.19882437521551732, "log10_eta": -3.197589528104224, "log10_lambda": -3.242652100297299, "log10_min_child_weight": 2.262359170329718, "log10_subsample": -0.5334784535853303, "max_depth": 4.0, "num_boost_round": 1.0}, "datetime": {"datetime": "2024-01-19 02:03:37", "elapsed": 6770.909928, "delta": 0.006023}}
{"target": -17.677122540567446, "params": {"gamma": 9.808235205205351, "log10_alpha": -0.07450351980448211, "log10_colsample_bytree": -0.19882437521551732, "log10_eta": -3.197589528104224, "log10_lambda": -3.242652100297299, "log10_min_child_weight": 2.262359170329718, "log10_subsample": -0.5334784535853303, "max_depth": 4.0, "num_boost_round": 2.0}, "datetime": {"datetime": "2024-01-19 02:03:37", "elapsed": 6770.915162, "delta": 0.005234}}
{"target": -17.677131363079095, "params": {"gamma": 9.808235205205351, "log10_alpha": -0.07450351980448211, "log10_colsample_bytree": -0.19882437521551732, "log10_eta": -3.197589528104224, "log10_lambda": -3.242652100297299, "log10_min_child_weight": 2.262359170329718, "log10_subsample": -0.5334784535853303, "max_depth": 4.0, "num_boost_round": 3.0}, "datetime": {"datetime": "2024-01-19 02:03:37", "elapsed": 6770.920264, "delta": 0.005102}}
{"target": -17.67709984761436, "params": {"gamma": 9.808235205205351, "log10_alpha": -0.07450351980448211, "log10_colsample_bytree": -0.19882437521551732, "log10_eta": -3.197589528104224, "log10_lambda": -3.242652100297299, "log10_min_child_weight": 2.262359170329718, "log10_subsample": -0.5334784535853303, "max_depth": 4.0, "num_boost_round": 4.0}, "datetime": {"datetime": "2024-01-19 02:03:37", "elapsed": 6770.925317, "delta": 0.005053}}
{"target": -17.677055951460318, "params": {"gamma": 9.808235205205351, "log10_alpha": -0.07450351980448211, "log10_colsample_bytree": -0.19882437521551732, "log10_eta": -3.197589528104224, "log10_lambda": -3.242652100297299, "log10_min_child_weight": 2.262359170329718, "log10_subsample": -0.5334784535853303, "max_depth": 4.0, "num_boost_round": 5.0}, "datetime": {"datetime": "2024-01-19 02:03:37", "elapsed": 6770.930488, "delta": 0.005171}}
{"target": -17.67702430248179, "params": {"gamma": 9.808235205205351, "log10_alpha": -0.07450351980448211, "log10_colsample_bytree": -0.19882437521551732, "log10_eta": -3.197589528104224, "log10_lambda": -3.242652100297299, "log10_min_child_weight": 2.262359170329718, "log10_subsample": -0.5334784535853303, "max_depth": 4.0, "num_boost_round": 6.0}, "datetime": {"datetime": "2024-01-19 02:03:37", "elapsed": 6770.935692, "delta": 0.005204}}
{"target": -17.67699415999449, "params": {"gamma": 9.808235205205351, "log10_alpha": -0.07450351980448211, "log10_colsample_bytree": -0.19882437521551732, "log10_eta": -3.197589528104224, "log10_lambda": -3.242652100297299, "log10_min_child_weight": 2.262359170329718, "log10_subsample": -0.5334784535853303, "max_depth": 4.0, "num_boost_round": 7.0}, "datetime": {"datetime": "2024-01-19 02:03:37", "elapsed": 6770.941052, "delta": 0.00536}}
{"target": -17.67696797911795, "params": {"gamma": 9.808235205205351, "log10_alpha": -0.07450351980448211, "log10_colsample_bytree": -0.19882437521551732, "log10_eta": -3.197589528104224, "log10_lambda": -3.242652100297299, "log10_min_child_weight": 2.262359170329718, "log10_subsample": -0.5334784535853303, "max_depth": 4.0, "num_boost_round": 8.0}, "datetime": {"datetime": "2024-01-19 02:03:37", "elapsed": 6770.946161, "delta": 0.005109}}
{"target": -17.676950962572676, "params": {"gamma": 9.808235205205351, "log10_alpha": -0.07450351980448211, "log10_colsample_bytree": -0.19882437521551732, "log10_eta": -3.197589528104224, "log10_lambda": -3.242652100297299, "log10_min_child_weight": 2.262359170329718, "log10_subsample": -0.5334784535853303, "max_depth": 4.0, "num_boost_round": 9.0}, "datetime": {"datetime": "2024-01-19 02:03:37", "elapsed": 6770.95131, "delta": 0.005149}}
{"target": -17.676940895563288, "params": {"gamma": 9.808235205205351, "log10_alpha": -0.07450351980448211, "log10_colsample_bytree": -0.19882437521551732, "log10_eta": -3.197589528104224, "log10_lambda": -3.242652100297299, "log10_min_child_weight": 2.262359170329718, "log10_subsample": -0.5334784535853303, "max_depth": 4.0, "num_boost_round": 10.0}, "datetime": {"datetime": "2024-01-19 02:03:37", "elapsed": 6770.956302, "delta": 0.004992}}
{"target": -17.67689055840201, "params": {"gamma": 9.808235205205351, "log10_alpha": -0.07450351980448211, "log10_colsample_bytree": -0.19882437521551732, "log10_eta": -3.197589528104224, "log10_lambda": -3.242652100297299, "log10_min_child_weight": 2.262359170329718, "log10_subsample": -0.5334784535853303, "max_depth": 4.0, "num_boost_round": 11.0}, "datetime": {"datetime": "2024-01-19 02:03:37", "elapsed": 6770.961371, "delta": 0.005069}}
{"target": -17.676854632037372, "params": {"gamma": 9.808235205205351, "log10_alpha": -0.07450351980448211, "log10_colsample_bytree": -0.19882437521551732, "log10_eta": -3.197589528104224, "log10_lambda": -3.242652100297299, "log10_min_child_weight": 2.262359170329718, "log10_subsample": -0.5334784535853303, "max_depth": 4.0, "num_boost_round": 12.0}, "datetime": {"datetime": "2024-01-19 02:03:37", "elapsed": 6770.966629, "delta": 0.005258}}
{"target": -17.676841121450675, "params": {"gamma": 9.808235205205351, "log10_alpha": -0.07450351980448211, "log10_colsample_bytree": -0.19882437521551732, "log10_eta": -3.197589528104224, "log10_lambda": -3.242652100297299, "log10_min_child_weight": 2.262359170329718, "log10_subsample": -0.5334784535853303, "max_depth": 4.0, "num_boost_round": 13.0}, "datetime": {"datetime": "2024-01-19 02:03:37", "elapsed": 6770.972023, "delta": 0.005394}}
{"target": -17.676823667191922, "params": {"gamma": 9.808235205205351, "log10_alpha": -0.07450351980448211, "log10_colsample_bytree": -0.19882437521551732, "log10_eta": -3.197589528104224, "log10_lambda": -3.242652100297299, "log10_min_child_weight": 2.262359170329718, "log10_subsample": -0.5334784535853303, "max_depth": 4.0, "num_boost_round": 14.0}, "datetime": {"datetime": "2024-01-19 02:03:37", "elapsed": 6770.97696, "delta": 0.004937}}
{"target": -17.676786317698667, "params": {"gamma": 9.808235205205351, "log10_alpha": -0.07450351980448211, "log10_colsample_bytree": -0.19882437521551732, "log10_eta": -3.197589528104224, "log10_lambda": -3.242652100297299, "log10_min_child_weight": 2.262359170329718, "log10_subsample": -0.5334784535853303, "max_depth": 4.0, "num_boost_round": 15.0}, "datetime": {"datetime": "2024-01-19 02:03:37", "elapsed": 6770.981998, "delta": 0.005038}}
