{"target": -13.838377015476253, "params": {"gamma": 611.628925679147, "log10_alpha": -4.076280870883687, "log10_colsample_bytree": -0.3990156224121887, "log10_eta": -0.50539313878261, "log10_lambda": -4.697531249512125, "log10_min_child_weight": 4.2566813730300606, "log10_subsample": -0.3273920166413813, "max_depth": 8.0, "num_boost_round": 25.0}, "datetime": {"datetime": "2024-01-19 01:01:55", "elapsed": 2967.616366, "delta": 0.003824}}
{"target": -13.84494320327337, "params": {"gamma": 611.628925679147, "log10_alpha": -4.076280870883687, "log10_colsample_bytree": -0.3990156224121887, "log10_eta": -0.50539313878261, "log10_lambda": -4.697531249512125, "log10_min_child_weight": 4.2566813730300606, "log10_subsample": -0.3273920166413813, "max_depth": 8.0, "num_boost_round": 26.0}, "datetime": {"datetime": "2024-01-19 01:01:55", "elapsed": 2967.62019, "delta": 0.003824}}
{"target": -13.758534005641659, "params": {"gamma": 596.2393556764806, "log10_alpha": -0.5358190224084147, "log10_colsample_bytree": -0.6150431669366738, "log10_eta": -3.2931709460977285, "log10_lambda": -4.625778402360573, "log10_min_child_weight": 0.11393387567520952, "log10_subsample": -0.8413578612433354, "max_depth": 9.0, "num_boost_round": 0.0}, "datetime": {"datetime": "2024-01-19 01:03:25", "elapsed": 3058.02968, "delta": 90.40949}}
{"target": -13.75845911620437, "params": {"gamma": 596.2393556764806, "log10_alpha": -0.5358190224084147, "log10_colsample_bytree": -0.6150431669366738, "log10_eta": -3.2931709460977285, "log10_lambda": -4.625778402360573, "log10_min_child_weight": 0.11393387567520952, "log10_subsample": -0.8413578612433354, "max_depth": 9.0, "num_boost_round": 1.0}, "datetime": {"datetime": "2024-01-19 01:03:25", "elapsed": 3058.034906, "delta": 0.005226}}
{"target": -13.758427381093698, "params": {"gamma": 596.2393556764806, "log10_alpha": -0.5358190224084147, "log10_colsample_bytree": -0.6150431669366738, "log10_eta": -3.2931709460977285, "log10_lambda": -4.625778402360573, "log10_min_child_weight": 0.11393387567520952, "log10_subsample": -0.8413578612433354, "max_depth": 9.0, "num_boost_round": 2.0}, "datetime": {"datetime": "2024-01-19 01:03:25", "elapsed": 3058.038634, "delta": 0.003728}}
{"target": -13.758397059236882, "params": {"gamma": 596.2393556764806, "log10_alpha": -0.5358190224084147, "log10_colsample_bytree": -0.6150431669366738, "log10_eta": -3.2931709460977285, "log10_lambda": -4.625778402360573, "log10_min_child_weight": 0.11393387567520952, "log10_subsample": -0.8413578612433354, "max_depth": 9.0, "num_boost_round": 3.0}, "datetime": {"datetime": "2024-01-19 01:03:25", "elapsed": 3058.042133, "delta": 0.003499}}
{"target": -13.758388527913896, "params": {"gamma": 596.2393556764806, "log10_alpha": -0.5358190224084147, "log10_colsample_bytree": -0.6150431669366738, "log10_eta": -3.2931709460977285, "log10_lambda": -4.625778402360573, "log10_min_child_weight": 0.11393387567520952, "log10_subsample": -0.8413578612433354, "max_depth": 9.0, "num_boost_round": 4.0}, "datetime": {"datetime": "2024-01-19 01:03:25", "elapsed": 3058.045547, "delta": 0.003414}}
{"target": -13.758339007711028, "params": {"gamma": 596.2393556764806, "log10_alpha": -0.5358190224084147, "log10_colsample_bytree": -0.6150431669366738, "log10_eta": -3.2931709460977285, "log10_lambda": -4.625778402360573, "log10_min_child_weight": 0.11393387567520952, "log10_subsample": -0.8413578612433354, "max_depth": 9.0, "num_boost_round": 5.0}, "datetime": {"datetime": "2024-01-19 01:03:25", "elapsed": 3058.048929, "delta": 0.003382}}
{"target": -13.758338894460287, "params": {"gamma": 596.2393556764806, "log10_alpha": -0.5358190224084147, "log10_colsample_bytree": -0.6150431669366738, "log10_eta": -3.2931709460977285, "log10_lambda": -4.625778402360573, "log10_min_child_weight": 0.11393387567520952, "log10_subsample": -0.8413578612433354, "max_depth": 9.0, "num_boost_round": 6.0}, "datetime": {"datetime": "2024-01-19 01:03:25", "elapsed": 3058.052449, "delta": 0.00352}}
{"target": -13.758317821725669, "params": {"gamma": 596.2393556764806, "log10_alpha": -0.5358190224084147, "log10_colsample_bytree": -0.6150431669366738, "log10_eta": -3.2931709460977285, "log10_lambda": -4.625778402360573, "log10_min_child_weight": 0.11393387567520952, "log10_subsample": -0.8413578612433354, "max_depth": 9.0, "num_boost_round": 7.0}, "datetime": {"datetime": "2024-01-19 01:03:25", "elapsed": 3058.055898, "delta": 0.003449}}
{"target": -13.758304392058173, "params": {"gamma": 596.2393556764806, "log10_alpha": -0.5358190224084147, "log10_colsample_bytree": -0.6150431669366738, "log10_eta": -3.2931709460977285, "log10_lambda": -4.625778402360573, "log10_min_child_weight": 0.11393387567520952, "log10_subsample": -0.8413578612433354, "max_depth": 9.0, "num_boost_round": 8.0}, "datetime": {"datetime": "2024-01-19 01:03:25", "elapsed": 3058.059363, "delta": 0.003465}}
{"target": -13.758300946639448, "params": {"gamma": 596.2393556764806, "log10_alpha": -0.5358190224084147, "log10_colsample_bytree": -0.6150431669366738, "log10_eta": -3.2931709460977285, "log10_lambda": -4.625778402360573, "log10_min_child_weight": 0.11393387567520952, "log10_subsample": -0.8413578612433354, "max_depth": 9.0, "num_boost_round": 9.0}, "datetime": {"datetime": "2024-01-19 01:03:25", "elapsed": 3058.062759, "delta": 0.003396}}
{"target": -13.758248605124859, "params": {"gamma": 596.2393556764806, "log10_alpha": -0.5358190224084147, "log10_colsample_bytree": -0.6150431669366738, "log10_eta": -3.2931709460977285, "log10_lambda": -4.625778402360573, "log10_min_child_weight": 0.11393387567520952, "log10_subsample": -0.8413578612433354, "max_depth": 9.0, "num_boost_round": 10.0}, "datetime": {"datetime": "2024-01-19 01:03:25", "elapsed": 3058.066151, "delta": 0.003392}}
{"target": -13.7582533637654, "params": {"gamma": 596.2393556764806, "log10_alpha": -0.5358190224084147, "log10_colsample_bytree": -0.6150431669366738, "log10_eta": -3.2931709460977285, "log10_lambda": -4.625778402360573, "log10_min_child_weight": 0.11393387567520952, "log10_subsample": -0.8413578612433354, "max_depth": 9.0, "num_boost_round": 11.0}, "datetime": {"datetime": "2024-01-19 01:03:25", "elapsed": 3058.069542, "delta": 0.003391}}
{"target": -13.758246773566794, "params": {"gamma": 596.2393556764806, "log10_alpha": -0.5358190224084147, "log10_colsample_bytree": -0.6150431669366738, "log10_eta": -3.2931709460977285, "log10_lambda": -4.625778402360573, "log10_min_child_weight": 0.11393387567520952, "log10_subsample": -0.8413578612433354, "max_depth": 9.0, "num_boost_round": 12.0}, "datetime": {"datetime": "2024-01-19 01:03:25", "elapsed": 3058.073124, "delta": 0.003582}}
{"target": -13.758221461662425, "params": {"gamma": 596.2393556764806, "log10_alpha": -0.5358190224084147, "log10_colsample_bytree": -0.6150431669366738, "log10_eta": -3.2931709460977285, "log10_lambda": -4.625778402360573, "log10_min_child_weight": 0.11393387567520952, "log10_subsample": -0.8413578612433354, "max_depth": 9.0, "num_boost_round": 13.0}, "datetime": {"datetime": "2024-01-19 01:03:25", "elapsed": 3058.076523, "delta": 0.003399}}
{"target": -13.758211302178534, "params": {"gamma": 596.2393556764806, "log10_alpha": -0.5358190224084147, "log10_colsample_bytree": -0.6150431669366738, "log10_eta": -3.2931709460977285, "log10_lambda": -4.625778402360573, "log10_min_child_weight": 0.11393387567520952, "log10_subsample": -0.8413578612433354, "max_depth": 9.0, "num_boost_round": 14.0}, "datetime": {"datetime": "2024-01-19 01:03:25", "elapsed": 3058.079918, "delta": 0.003395}}
{"target": -13.758203569207216, "params": {"gamma": 596.2393556764806, "log10_alpha": -0.5358190224084147, "log10_colsample_bytree": -0.6150431669366738, "log10_eta": -3.2931709460977285, "log10_lambda": -4.625778402360573, "log10_min_child_weight": 0.11393387567520952, "log10_subsample": -0.8413578612433354, "max_depth": 9.0, "num_boost_round": 15.0}, "datetime": {"datetime": "2024-01-19 01:03:25", "elapsed": 3058.08333, "delta": 0.003412}}
{"target": -13.758198731677052, "params": {"gamma": 596.2393556764806, "log10_alpha": -0.5358190224084147, "log10_colsample_bytree": -0.6150431669366738, "log10_eta": -3.2931709460977285, "log10_lambda": -4.625778402360573, "log10_min_child_weight": 0.11393387567520952, "log10_subsample": -0.8413578612433354, "max_depth": 9.0, "num_boost_round": 16.0}, "datetime": {"datetime": "2024-01-19 01:03:25", "elapsed": 3058.086833, "delta": 0.003503}}
{"target": -13.758185249210118, "params": {"gamma": 596.2393556764806, "log10_alpha": -0.5358190224084147, "log10_colsample_bytree": -0.6150431669366738, "log10_eta": -3.2931709460977285, "log10_lambda": -4.625778402360573, "log10_min_child_weight": 0.11393387567520952, "log10_subsample": -0.8413578612433354, "max_depth": 9.0, "num_boost_round": 17.0}, "datetime": {"datetime": "2024-01-19 01:03:25", "elapsed": 3058.09028, "delta": 0.003447}}
{"target": -13.758210859806603, "params": {"gamma": 596.2393556764806, "log10_alpha": -0.5358190224084147, "log10_colsample_bytree": -0.6150431669366738, "log10_eta": -3.2931709460977285, "log10_lambda": -4.625778402360573, "log10_min_child_weight": 0.11393387567520952, "log10_subsample": -0.8413578612433354, "max_depth": 9.0, "num_boost_round": 18.0}, "datetime": {"datetime": "2024-01-19 01:03:25", "elapsed": 3058.093927, "delta": 0.003647}}
{"target": -13.758645820691621, "params": {"gamma": 553.4656759037638, "log10_alpha": 0.0011991411462508594, "log10_colsample_bytree": -0.927501758825876, "log10_eta": -1.8965040726015312, "log10_lambda": -4.782549366974234, "log10_min_child_weight": 3.9178681981991144, "log10_subsample": -0.6559888323177396, "max_depth": 7.0, "num_boost_round": 0.0}, "datetime": {"datetime": "2024-01-19 01:04:33", "elapsed": 3126.149138, "delta": 68.055211}}
{"target": -13.758563385783452, "params": {"gamma": 553.4656759037638, "log10_alpha": 0.0011991411462508594, "log10_colsample_bytree": -0.927501758825876, "log10_eta": -1.8965040726015312, "log10_lambda": -4.782549366974234, "log10_min_child_weight": 3.9178681981991144, "log10_subsample": -0.6559888323177396, "max_depth": 7.0, "num_boost_round": 1.0}, "datetime": {"datetime": "2024-01-19 01:04:33", "elapsed": 3126.15367, "delta": 0.004532}}
{"target": -13.758492179400863, "params": {"gamma": 553.4656759037638, "log10_alpha": 0.0011991411462508594, "log10_colsample_bytree": -0.927501758825876, "log10_eta": -1.8965040726015312, "log10_lambda": -4.782549366974234, "log10_min_child_weight": 3.9178681981991144, "log10_subsample": -0.6559888323177396, "max_depth": 7.0, "num_boost_round": 2.0}, "datetime": {"datetime": "2024-01-19 01:04:33", "elapsed": 3126.157252, "delta": 0.003582}}
{"target": -13.758441521749573, "params": {"gamma": 553.4656759037638, "log10_alpha": 0.0011991411462508594, "log10_colsample_bytree": -0.927501758825876, "log10_eta": -1.8965040726015312, "log10_lambda": -4.782549366974234, "log10_min_child_weight": 3.9178681981991144, "log10_subsample": -0.6559888323177396, "max_depth": 7.0, "num_boost_round": 3.0}, "datetime": {"datetime": "2024-01-19 01:04:33", "elapsed": 3126.16077, "delta": 0.003518}}
{"target": -13.758340692450703, "params": {"gamma": 553.4656759037638, "log10_alpha": 0.0011991411462508594, "log10_colsample_bytree": -0.927501758825876, "log10_eta": -1.8965040726015312, "log10_lambda": -4.782549366974234, "log10_min_child_weight": 3.9178681981991144, "log10_subsample": -0.6559888323177396, "max_depth": 7.0, "num_boost_round": 4.0}, "datetime": {"datetime": "2024-01-19 01:04:33", "elapsed": 3126.164319, "delta": 0.003549}}
{"target": -13.75833304153794, "params": {"gamma": 553.4656759037638, "log10_alpha": 0.0011991411462508594, "log10_colsample_bytree": -0.927501758825876, "log10_eta": -1.8965040726015312, "log10_lambda": -4.782549366974234, "log10_min_child_weight": 3.9178681981991144, "log10_subsample": -0.6559888323177396, "max_depth": 7.0, "num_boost_round": 5.0}, "datetime": {"datetime": "2024-01-19 01:04:33", "elapsed": 3126.167946, "delta": 0.003627}}
{"target": -13.758467885530859, "params": {"gamma": 553.4656759037638, "log10_alpha": 0.0011991411462508594, "log10_colsample_bytree": -0.927501758825876, "log10_eta": -1.8965040726015312, "log10_lambda": -4.782549366974234, "log10_min_child_weight": 3.9178681981991144, "log10_subsample": -0.6559888323177396, "max_depth": 7.0, "num_boost_round": 6.0}, "datetime": {"datetime": "2024-01-19 01:04:33", "elapsed": 3126.171566, "delta": 0.00362}}
{"target": -13.758397241124142, "params": {"gamma": 553.4656759037638, "log10_alpha": 0.0011991411462508594, "log10_colsample_bytree": -0.927501758825876, "log10_eta": -1.8965040726015312, "log10_lambda": -4.782549366974234, "log10_min_child_weight": 3.9178681981991144, "log10_subsample": -0.6559888323177396, "max_depth": 7.0, "num_boost_round": 7.0}, "datetime": {"datetime": "2024-01-19 01:04:33", "elapsed": 3126.175464, "delta": 0.003898}}
{"target": -13.75839575015002, "params": {"gamma": 553.4656759037638, "log10_alpha": 0.0011991411462508594, "log10_colsample_bytree": -0.927501758825876, "log10_eta": -1.8965040726015312, "log10_lambda": -4.782549366974234, "log10_min_child_weight": 3.9178681981991144, "log10_subsample": -0.6559888323177396, "max_depth": 7.0, "num_boost_round": 8.0}, "datetime": {"datetime": "2024-01-19 01:04:33", "elapsed": 3126.179149, "delta": 0.003685}}
{"target": -13.758503008347105, "params": {"gamma": 553.4656759037638, "log10_alpha": 0.0011991411462508594, "log10_colsample_bytree": -0.927501758825876, "log10_eta": -1.8965040726015312, "log10_lambda": -4.782549366974234, "log10_min_child_weight": 3.9178681981991144, "log10_subsample": -0.6559888323177396, "max_depth": 7.0, "num_boost_round": 9.0}, "datetime": {"datetime": "2024-01-19 01:04:33", "elapsed": 3126.182683, "delta": 0.003534}}
{"target": -13.758438771832953, "params": {"gamma": 553.4656759037638, "log10_alpha": 0.0011991411462508594, "log10_colsample_bytree": -0.927501758825876, "log10_eta": -1.8965040726015312, "log10_lambda": -4.782549366974234, "log10_min_child_weight": 3.9178681981991144, "log10_subsample": -0.6559888323177396, "max_depth": 7.0, "num_boost_round": 10.0}, "datetime": {"datetime": "2024-01-19 01:04:33", "elapsed": 3126.186337, "delta": 0.003654}}
{"target": -13.758431100701136, "params": {"gamma": 553.4656759037638, "log10_alpha": 0.0011991411462508594, "log10_colsample_bytree": -0.927501758825876, "log10_eta": -1.8965040726015312, "log10_lambda": -4.782549366974234, "log10_min_child_weight": 3.9178681981991144, "log10_subsample": -0.6559888323177396, "max_depth": 7.0, "num_boost_round": 11.0}, "datetime": {"datetime": "2024-01-19 01:04:33", "elapsed": 3126.189841, "delta": 0.003504}}
{"target": -13.758571240818346, "params": {"gamma": 553.4656759037638, "log10_alpha": 0.0011991411462508594, "log10_colsample_bytree": -0.927501758825876, "log10_eta": -1.8965040726015312, "log10_lambda": -4.782549366974234, "log10_min_child_weight": 3.9178681981991144, "log10_subsample": -0.6559888323177396, "max_depth": 7.0, "num_boost_round": 12.0}, "datetime": {"datetime": "2024-01-19 01:04:33", "elapsed": 3126.193328, "delta": 0.003487}}
{"target": -13.758475840385954, "params": {"gamma": 553.4656759037638, "log10_alpha": 0.0011991411462508594, "log10_colsample_bytree": -0.927501758825876, "log10_eta": -1.8965040726015312, "log10_lambda": -4.782549366974234, "log10_min_child_weight": 3.9178681981991144, "log10_subsample": -0.6559888323177396, "max_depth": 7.0, "num_boost_round": 13.0}, "datetime": {"datetime": "2024-01-19 01:04:33", "elapsed": 3126.196799, "delta": 0.003471}}
{"target": -13.758435366201974, "params": {"gamma": 553.4656759037638, "log10_alpha": 0.0011991411462508594, "log10_colsample_bytree": -0.927501758825876, "log10_eta": -1.8965040726015312, "log10_lambda": -4.782549366974234, "log10_min_child_weight": 3.9178681981991144, "log10_subsample": -0.6559888323177396, "max_depth": 7.0, "num_boost_round": 14.0}, "datetime": {"datetime": "2024-01-19 01:04:33", "elapsed": 3126.200357, "delta": 0.003558}}
{"target": -13.758300271039598, "params": {"gamma": 553.4656759037638, "log10_alpha": 0.0011991411462508594, "log10_colsample_bytree": -0.927501758825876, "log10_eta": -1.8965040726015312, "log10_lambda": -4.782549366974234, "log10_min_child_weight": 3.9178681981991144, "log10_subsample": -0.6559888323177396, "max_depth": 7.0, "num_boost_round": 15.0}, "datetime": {"datetime": "2024-01-19 01:04:33", "elapsed": 3126.203908, "delta": 0.003551}}
{"target": -13.75835496240385, "params": {"gamma": 553.4656759037638, "log10_alpha": 0.0011991411462508594, "log10_colsample_bytree": -0.927501758825876, "log10_eta": -1.8965040726015312, "log10_lambda": -4.782549366974234, "log10_min_child_weight": 3.9178681981991144, "log10_subsample": -0.6559888323177396, "max_depth": 7.0, "num_boost_round": 16.0}, "datetime": {"datetime": "2024-01-19 01:04:33", "elapsed": 3126.207427, "delta": 0.003519}}
{"target": -13.758081832947925, "params": {"gamma": 553.4656759037638, "log10_alpha": 0.0011991411462508594, "log10_colsample_bytree": -0.927501758825876, "log10_eta": -1.8965040726015312, "log10_lambda": -4.782549366974234, "log10_min_child_weight": 3.9178681981991144, "log10_subsample": -0.6559888323177396, "max_depth": 7.0, "num_boost_round": 17.0}, "datetime": {"datetime": "2024-01-19 01:04:33", "elapsed": 3126.211006, "delta": 0.003579}}
{"target": -13.758009719341366, "params": {"gamma": 553.4656759037638, "log10_alpha": 0.0011991411462508594, "log10_colsample_bytree": -0.927501758825876, "log10_eta": -1.8965040726015312, "log10_lambda": -4.782549366974234, "log10_min_child_weight": 3.9178681981991144, "log10_subsample": -0.6559888323177396, "max_depth": 7.0, "num_boost_round": 18.0}, "datetime": {"datetime": "2024-01-19 01:04:33", "elapsed": 3126.214612, "delta": 0.003606}}
{"target": -13.758076684923312, "params": {"gamma": 553.4656759037638, "log10_alpha": 0.0011991411462508594, "log10_colsample_bytree": -0.927501758825876, "log10_eta": -1.8965040726015312, "log10_lambda": -4.782549366974234, "log10_min_child_weight": 3.9178681981991144, "log10_subsample": -0.6559888323177396, "max_depth": 7.0, "num_boost_round": 19.0}, "datetime": {"datetime": "2024-01-19 01:04:33", "elapsed": 3126.218242, "delta": 0.00363}}
{"target": -13.758083429948632, "params": {"gamma": 553.4656759037638, "log10_alpha": 0.0011991411462508594, "log10_colsample_bytree": -0.927501758825876, "log10_eta": -1.8965040726015312, "log10_lambda": -4.782549366974234, "log10_min_child_weight": 3.9178681981991144, "log10_subsample": -0.6559888323177396, "max_depth": 7.0, "num_boost_round": 20.0}, "datetime": {"datetime": "2024-01-19 01:04:33", "elapsed": 3126.22187, "delta": 0.003628}}
{"target": -13.75821423514565, "params": {"gamma": 553.4656759037638, "log10_alpha": 0.0011991411462508594, "log10_colsample_bytree": -0.927501758825876, "log10_eta": -1.8965040726015312, "log10_lambda": -4.782549366974234, "log10_min_child_weight": 3.9178681981991144, "log10_subsample": -0.6559888323177396, "max_depth": 7.0, "num_boost_round": 21.0}, "datetime": {"datetime": "2024-01-19 01:04:33", "elapsed": 3126.225451, "delta": 0.003581}}
{"target": -13.75827620342583, "params": {"gamma": 553.4656759037638, "log10_alpha": 0.0011991411462508594, "log10_colsample_bytree": -0.927501758825876, "log10_eta": -1.8965040726015312, "log10_lambda": -4.782549366974234, "log10_min_child_weight": 3.9178681981991144, "log10_subsample": -0.6559888323177396, "max_depth": 7.0, "num_boost_round": 22.0}, "datetime": {"datetime": "2024-01-19 01:04:33", "elapsed": 3126.229036, "delta": 0.003585}}
{"target": -13.758245981051555, "params": {"gamma": 553.4656759037638, "log10_alpha": 0.0011991411462508594, "log10_colsample_bytree": -0.927501758825876, "log10_eta": -1.8965040726015312, "log10_lambda": -4.782549366974234, "log10_min_child_weight": 3.9178681981991144, "log10_subsample": -0.6559888323177396, "max_depth": 7.0, "num_boost_round": 23.0}, "datetime": {"datetime": "2024-01-19 01:04:33", "elapsed": 3126.23256, "delta": 0.003524}}
{"target": -13.758364961521362, "params": {"gamma": 553.4656759037638, "log10_alpha": 0.0011991411462508594, "log10_colsample_bytree": -0.927501758825876, "log10_eta": -1.8965040726015312, "log10_lambda": -4.782549366974234, "log10_min_child_weight": 3.9178681981991144, "log10_subsample": -0.6559888323177396, "max_depth": 7.0, "num_boost_round": 24.0}, "datetime": {"datetime": "2024-01-19 01:04:33", "elapsed": 3126.356983, "delta": 0.124423}}
{"target": -13.75840773591476, "params": {"gamma": 553.4656759037638, "log10_alpha": 0.0011991411462508594, "log10_colsample_bytree": -0.927501758825876, "log10_eta": -1.8965040726015312, "log10_lambda": -4.782549366974234, "log10_min_child_weight": 3.9178681981991144, "log10_subsample": -0.6559888323177396, "max_depth": 7.0, "num_boost_round": 25.0}, "datetime": {"datetime": "2024-01-19 01:04:33", "elapsed": 3126.361302, "delta": 0.004319}}
{"target": -13.758426753365661, "params": {"gamma": 553.4656759037638, "log10_alpha": 0.0011991411462508594, "log10_colsample_bytree": -0.927501758825876, "log10_eta": -1.8965040726015312, "log10_lambda": -4.782549366974234, "log10_min_child_weight": 3.9178681981991144, "log10_subsample": -0.6559888323177396, "max_depth": 7.0, "num_boost_round": 26.0}, "datetime": {"datetime": "2024-01-19 01:04:33", "elapsed": 3126.365273, "delta": 0.003971}}
{"target": -13.75842390028126, "params": {"gamma": 553.4656759037638, "log10_alpha": 0.0011991411462508594, "log10_colsample_bytree": -0.927501758825876, "log10_eta": -1.8965040726015312, "log10_lambda": -4.782549366974234, "log10_min_child_weight": 3.9178681981991144, "log10_subsample": -0.6559888323177396, "max_depth": 7.0, "num_boost_round": 27.0}, "datetime": {"datetime": "2024-01-19 01:04:33", "elapsed": 3126.369047, "delta": 0.003774}}
