{"target": -17.672710333032125, "params": {"gamma": 548.957818884857, "log10_alpha": 0.15111389494523753, "log10_colsample_bytree": -0.2932214389359221, "log10_eta": -1.6096346651782194, "log10_lambda": -0.3908529144450146, "log10_min_child_weight": 0.8880103625687924, "log10_subsample": -0.5417242835511991, "max_depth": 2.0, "num_boost_round": 16.0}, "datetime": {"datetime": "2024-01-19 00:29:31", "elapsed": 1068.542986, "delta": 0.001561}}
{"target": -17.672797569646743, "params": {"gamma": 548.957818884857, "log10_alpha": 0.15111389494523753, "log10_colsample_bytree": -0.2932214389359221, "log10_eta": -1.6096346651782194, "log10_lambda": -0.3908529144450146, "log10_min_child_weight": 0.8880103625687924, "log10_subsample": -0.5417242835511991, "max_depth": 2.0, "num_boost_round": 17.0}, "datetime": {"datetime": "2024-01-19 00:29:31", "elapsed": 1068.544537, "delta": 0.001551}}
{"target": -17.672782918480376, "params": {"gamma": 548.957818884857, "log10_alpha": 0.15111389494523753, "log10_colsample_bytree": -0.2932214389359221, "log10_eta": -1.6096346651782194, "log10_lambda": -0.3908529144450146, "log10_min_child_weight": 0.8880103625687924, "log10_subsample": -0.5417242835511991, "max_depth": 2.0, "num_boost_round": 18.0}, "datetime": {"datetime": "2024-01-19 00:29:31", "elapsed": 1068.546093, "delta": 0.001556}}
{"target": -17.672614643726728, "params": {"gamma": 548.957818884857, "log10_alpha": 0.15111389494523753, "log10_colsample_bytree": -0.2932214389359221, "log10_eta": -1.6096346651782194, "log10_lambda": -0.3908529144450146, "log10_min_child_weight": 0.8880103625687924, "log10_subsample": -0.5417242835511991, "max_depth": 2.0, "num_boost_round": 19.0}, "datetime": {"datetime": "2024-01-19 00:29:31", "elapsed": 1068.547646, "delta": 0.001553}}
{"target": -17.672588740311404, "params": {"gamma": 548.957818884857, "log10_alpha": 0.15111389494523753, "log10_colsample_bytree": -0.2932214389359221, "log10_eta": -1.6096346651782194, "log10_lambda": -0.3908529144450146, "log10_min_child_weight": 0.8880103625687924, "log10_subsample": -0.5417242835511991, "max_depth": 2.0, "num_boost_round": 20.0}, "datetime": {"datetime": "2024-01-19 00:29:31", "elapsed": 1068.549203, "delta": 0.001557}}
{"target": -17.672331685970335, "params": {"gamma": 548.957818884857, "log10_alpha": 0.15111389494523753, "log10_colsample_bytree": -0.2932214389359221, "log10_eta": -1.6096346651782194, "log10_lambda": -0.3908529144450146, "log10_min_child_weight": 0.8880103625687924, "log10_subsample": -0.5417242835511991, "max_depth": 2.0, "num_boost_round": 21.0}, "datetime": {"datetime": "2024-01-19 00:29:31", "elapsed": 1068.550858, "delta": 0.001655}}
{"target": -17.672126652887922, "params": {"gamma": 548.957818884857, "log10_alpha": 0.15111389494523753, "log10_colsample_bytree": -0.2932214389359221, "log10_eta": -1.6096346651782194, "log10_lambda": -0.3908529144450146, "log10_min_child_weight": 0.8880103625687924, "log10_subsample": -0.5417242835511991, "max_depth": 2.0, "num_boost_round": 22.0}, "datetime": {"datetime": "2024-01-19 00:29:31", "elapsed": 1068.552419, "delta": 0.001561}}
{"target": -17.67162442581796, "params": {"gamma": 548.957818884857, "log10_alpha": 0.15111389494523753, "log10_colsample_bytree": -0.2932214389359221, "log10_eta": -1.6096346651782194, "log10_lambda": -0.3908529144450146, "log10_min_child_weight": 0.8880103625687924, "log10_subsample": -0.5417242835511991, "max_depth": 2.0, "num_boost_round": 23.0}, "datetime": {"datetime": "2024-01-19 00:29:31", "elapsed": 1068.554068, "delta": 0.001649}}
{"target": -17.671481722330174, "params": {"gamma": 548.957818884857, "log10_alpha": 0.15111389494523753, "log10_colsample_bytree": -0.2932214389359221, "log10_eta": -1.6096346651782194, "log10_lambda": -0.3908529144450146, "log10_min_child_weight": 0.8880103625687924, "log10_subsample": -0.5417242835511991, "max_depth": 2.0, "num_boost_round": 24.0}, "datetime": {"datetime": "2024-01-19 00:29:31", "elapsed": 1068.555645, "delta": 0.001577}}
{"target": -17.671578041083496, "params": {"gamma": 548.957818884857, "log10_alpha": 0.15111389494523753, "log10_colsample_bytree": -0.2932214389359221, "log10_eta": -1.6096346651782194, "log10_lambda": -0.3908529144450146, "log10_min_child_weight": 0.8880103625687924, "log10_subsample": -0.5417242835511991, "max_depth": 2.0, "num_boost_round": 25.0}, "datetime": {"datetime": "2024-01-19 00:29:31", "elapsed": 1068.557233, "delta": 0.001588}}
{"target": -17.671830768999595, "params": {"gamma": 548.957818884857, "log10_alpha": 0.15111389494523753, "log10_colsample_bytree": -0.2932214389359221, "log10_eta": -1.6096346651782194, "log10_lambda": -0.3908529144450146, "log10_min_child_weight": 0.8880103625687924, "log10_subsample": -0.5417242835511991, "max_depth": 2.0, "num_boost_round": 26.0}, "datetime": {"datetime": "2024-01-19 00:29:31", "elapsed": 1068.558815, "delta": 0.001582}}
{"target": -17.671880058292107, "params": {"gamma": 548.957818884857, "log10_alpha": 0.15111389494523753, "log10_colsample_bytree": -0.2932214389359221, "log10_eta": -1.6096346651782194, "log10_lambda": -0.3908529144450146, "log10_min_child_weight": 0.8880103625687924, "log10_subsample": -0.5417242835511991, "max_depth": 2.0, "num_boost_round": 27.0}, "datetime": {"datetime": "2024-01-19 00:29:31", "elapsed": 1068.560438, "delta": 0.001623}}
{"target": -17.67203206476087, "params": {"gamma": 548.957818884857, "log10_alpha": 0.15111389494523753, "log10_colsample_bytree": -0.2932214389359221, "log10_eta": -1.6096346651782194, "log10_lambda": -0.3908529144450146, "log10_min_child_weight": 0.8880103625687924, "log10_subsample": -0.5417242835511991, "max_depth": 2.0, "num_boost_round": 28.0}, "datetime": {"datetime": "2024-01-19 00:29:31", "elapsed": 1068.562021, "delta": 0.001583}}
{"target": -17.671963367940187, "params": {"gamma": 548.957818884857, "log10_alpha": 0.15111389494523753, "log10_colsample_bytree": -0.2932214389359221, "log10_eta": -1.6096346651782194, "log10_lambda": -0.3908529144450146, "log10_min_child_weight": 0.8880103625687924, "log10_subsample": -0.5417242835511991, "max_depth": 2.0, "num_boost_round": 29.0}, "datetime": {"datetime": "2024-01-19 00:29:31", "elapsed": 1068.563586, "delta": 0.001565}}
{"target": -17.672248339893983, "params": {"gamma": 548.957818884857, "log10_alpha": 0.15111389494523753, "log10_colsample_bytree": -0.2932214389359221, "log10_eta": -1.6096346651782194, "log10_lambda": -0.3908529144450146, "log10_min_child_weight": 0.8880103625687924, "log10_subsample": -0.5417242835511991, "max_depth": 2.0, "num_boost_round": 30.0}, "datetime": {"datetime": "2024-01-19 00:29:31", "elapsed": 1068.565168, "delta": 0.001582}}
{"target": -17.672517759221204, "params": {"gamma": 548.957818884857, "log10_alpha": 0.15111389494523753, "log10_colsample_bytree": -0.2932214389359221, "log10_eta": -1.6096346651782194, "log10_lambda": -0.3908529144450146, "log10_min_child_weight": 0.8880103625687924, "log10_subsample": -0.5417242835511991, "max_depth": 2.0, "num_boost_round": 31.0}, "datetime": {"datetime": "2024-01-19 00:29:31", "elapsed": 1068.566751, "delta": 0.001583}}
{"target": -17.672385666111662, "params": {"gamma": 548.957818884857, "log10_alpha": 0.15111389494523753, "log10_colsample_bytree": -0.2932214389359221, "log10_eta": -1.6096346651782194, "log10_lambda": -0.3908529144450146, "log10_min_child_weight": 0.8880103625687924, "log10_subsample": -0.5417242835511991, "max_depth": 2.0, "num_boost_round": 32.0}, "datetime": {"datetime": "2024-01-19 00:29:31", "elapsed": 1068.568321, "delta": 0.00157}}
{"target": -17.672653935558653, "params": {"gamma": 548.957818884857, "log10_alpha": 0.15111389494523753, "log10_colsample_bytree": -0.2932214389359221, "log10_eta": -1.6096346651782194, "log10_lambda": -0.3908529144450146, "log10_min_child_weight": 0.8880103625687924, "log10_subsample": -0.5417242835511991, "max_depth": 2.0, "num_boost_round": 33.0}, "datetime": {"datetime": "2024-01-19 00:29:31", "elapsed": 1068.570578, "delta": 0.002257}}
{"target": -17.673045209098273, "params": {"gamma": 548.957818884857, "log10_alpha": 0.15111389494523753, "log10_colsample_bytree": -0.2932214389359221, "log10_eta": -1.6096346651782194, "log10_lambda": -0.3908529144450146, "log10_min_child_weight": 0.8880103625687924, "log10_subsample": -0.5417242835511991, "max_depth": 2.0, "num_boost_round": 34.0}, "datetime": {"datetime": "2024-01-19 00:29:31", "elapsed": 1068.5726, "delta": 0.002022}}
{"target": -17.690360163561113, "params": {"gamma": 354.93381559920414, "log10_alpha": -0.2760050172593056, "log10_colsample_bytree": -0.5161092306846216, "log10_eta": -0.21751842866115734, "log10_lambda": -3.121192044961924, "log10_min_child_weight": 2.8777243849028484, "log10_subsample": -0.1415456311551999, "max_depth": 4.0, "num_boost_round": 0.0}, "datetime": {"datetime": "2024-01-19 00:30:14", "elapsed": 1111.851462, "delta": 43.278862}}
{"target": -17.695194059360894, "params": {"gamma": 354.93381559920414, "log10_alpha": -0.2760050172593056, "log10_colsample_bytree": -0.5161092306846216, "log10_eta": -0.21751842866115734, "log10_lambda": -3.121192044961924, "log10_min_child_weight": 2.8777243849028484, "log10_subsample": -0.1415456311551999, "max_depth": 4.0, "num_boost_round": 1.0}, "datetime": {"datetime": "2024-01-19 00:30:14", "elapsed": 1111.853499, "delta": 0.002037}}
{"target": -17.722972155418088, "params": {"gamma": 354.93381559920414, "log10_alpha": -0.2760050172593056, "log10_colsample_bytree": -0.5161092306846216, "log10_eta": -0.21751842866115734, "log10_lambda": -3.121192044961924, "log10_min_child_weight": 2.8777243849028484, "log10_subsample": -0.1415456311551999, "max_depth": 4.0, "num_boost_round": 2.0}, "datetime": {"datetime": "2024-01-19 00:30:14", "elapsed": 1111.855129, "delta": 0.00163}}
{"target": -17.748931174660516, "params": {"gamma": 354.93381559920414, "log10_alpha": -0.2760050172593056, "log10_colsample_bytree": -0.5161092306846216, "log10_eta": -0.21751842866115734, "log10_lambda": -3.121192044961924, "log10_min_child_weight": 2.8777243849028484, "log10_subsample": -0.1415456311551999, "max_depth": 4.0, "num_boost_round": 3.0}, "datetime": {"datetime": "2024-01-19 00:30:14", "elapsed": 1111.856723, "delta": 0.001594}}
{"target": -17.78900465130262, "params": {"gamma": 354.93381559920414, "log10_alpha": -0.2760050172593056, "log10_colsample_bytree": -0.5161092306846216, "log10_eta": -0.21751842866115734, "log10_lambda": -3.121192044961924, "log10_min_child_weight": 2.8777243849028484, "log10_subsample": -0.1415456311551999, "max_depth": 4.0, "num_boost_round": 4.0}, "datetime": {"datetime": "2024-01-19 00:30:14", "elapsed": 1111.858372, "delta": 0.001649}}
{"target": -17.817635411704543, "params": {"gamma": 354.93381559920414, "log10_alpha": -0.2760050172593056, "log10_colsample_bytree": -0.5161092306846216, "log10_eta": -0.21751842866115734, "log10_lambda": -3.121192044961924, "log10_min_child_weight": 2.8777243849028484, "log10_subsample": -0.1415456311551999, "max_depth": 4.0, "num_boost_round": 5.0}, "datetime": {"datetime": "2024-01-19 00:30:14", "elapsed": 1111.860016, "delta": 0.001644}}
{"target": -17.834809569562687, "params": {"gamma": 354.93381559920414, "log10_alpha": -0.2760050172593056, "log10_colsample_bytree": -0.5161092306846216, "log10_eta": -0.21751842866115734, "log10_lambda": -3.121192044961924, "log10_min_child_weight": 2.8777243849028484, "log10_subsample": -0.1415456311551999, "max_depth": 4.0, "num_boost_round": 6.0}, "datetime": {"datetime": "2024-01-19 00:30:14", "elapsed": 1111.861626, "delta": 0.00161}}
{"target": -17.99297366519713, "params": {"gamma": 354.93381559920414, "log10_alpha": -0.2760050172593056, "log10_colsample_bytree": -0.5161092306846216, "log10_eta": -0.21751842866115734, "log10_lambda": -3.121192044961924, "log10_min_child_weight": 2.8777243849028484, "log10_subsample": -0.1415456311551999, "max_depth": 4.0, "num_boost_round": 7.0}, "datetime": {"datetime": "2024-01-19 00:30:14", "elapsed": 1111.863234, "delta": 0.001608}}
{"target": -18.017905137055582, "params": {"gamma": 354.93381559920414, "log10_alpha": -0.2760050172593056, "log10_colsample_bytree": -0.5161092306846216, "log10_eta": -0.21751842866115734, "log10_lambda": -3.121192044961924, "log10_min_child_weight": 2.8777243849028484, "log10_subsample": -0.1415456311551999, "max_depth": 4.0, "num_boost_round": 8.0}, "datetime": {"datetime": "2024-01-19 00:30:14", "elapsed": 1111.864823, "delta": 0.001589}}
{"target": -18.037759137568596, "params": {"gamma": 354.93381559920414, "log10_alpha": -0.2760050172593056, "log10_colsample_bytree": -0.5161092306846216, "log10_eta": -0.21751842866115734, "log10_lambda": -3.121192044961924, "log10_min_child_weight": 2.8777243849028484, "log10_subsample": -0.1415456311551999, "max_depth": 4.0, "num_boost_round": 9.0}, "datetime": {"datetime": "2024-01-19 00:30:14", "elapsed": 1111.86641, "delta": 0.001587}}
{"target": -18.06279734413862, "params": {"gamma": 354.93381559920414, "log10_alpha": -0.2760050172593056, "log10_colsample_bytree": -0.5161092306846216, "log10_eta": -0.21751842866115734, "log10_lambda": -3.121192044961924, "log10_min_child_weight": 2.8777243849028484, "log10_subsample": -0.1415456311551999, "max_depth": 4.0, "num_boost_round": 10.0}, "datetime": {"datetime": "2024-01-19 00:30:14", "elapsed": 1111.868005, "delta": 0.001595}}
{"target": -18.112801282979557, "params": {"gamma": 354.93381559920414, "log10_alpha": -0.2760050172593056, "log10_colsample_bytree": -0.5161092306846216, "log10_eta": -0.21751842866115734, "log10_lambda": -3.121192044961924, "log10_min_child_weight": 2.8777243849028484, "log10_subsample": -0.1415456311551999, "max_depth": 4.0, "num_boost_round": 11.0}, "datetime": {"datetime": "2024-01-19 00:30:14", "elapsed": 1111.869595, "delta": 0.00159}}
{"target": -18.142597979033603, "params": {"gamma": 354.93381559920414, "log10_alpha": -0.2760050172593056, "log10_colsample_bytree": -0.5161092306846216, "log10_eta": -0.21751842866115734, "log10_lambda": -3.121192044961924, "log10_min_child_weight": 2.8777243849028484, "log10_subsample": -0.1415456311551999, "max_depth": 4.0, "num_boost_round": 12.0}, "datetime": {"datetime": "2024-01-19 00:30:14", "elapsed": 1111.871272, "delta": 0.001677}}
{"target": -18.128283379980463, "params": {"gamma": 354.93381559920414, "log10_alpha": -0.2760050172593056, "log10_colsample_bytree": -0.5161092306846216, "log10_eta": -0.21751842866115734, "log10_lambda": -3.121192044961924, "log10_min_child_weight": 2.8777243849028484, "log10_subsample": -0.1415456311551999, "max_depth": 4.0, "num_boost_round": 13.0}, "datetime": {"datetime": "2024-01-19 00:30:14", "elapsed": 1111.872913, "delta": 0.001641}}
{"target": -18.142830568421317, "params": {"gamma": 354.93381559920414, "log10_alpha": -0.2760050172593056, "log10_colsample_bytree": -0.5161092306846216, "log10_eta": -0.21751842866115734, "log10_lambda": -3.121192044961924, "log10_min_child_weight": 2.8777243849028484, "log10_subsample": -0.1415456311551999, "max_depth": 4.0, "num_boost_round": 14.0}, "datetime": {"datetime": "2024-01-19 00:30:14", "elapsed": 1111.874501, "delta": 0.001588}}
{"target": -18.154288202882263, "params": {"gamma": 354.93381559920414, "log10_alpha": -0.2760050172593056, "log10_colsample_bytree": -0.5161092306846216, "log10_eta": -0.21751842866115734, "log10_lambda": -3.121192044961924, "log10_min_child_weight": 2.8777243849028484, "log10_subsample": -0.1415456311551999, "max_depth": 4.0, "num_boost_round": 15.0}, "datetime": {"datetime": "2024-01-19 00:30:14", "elapsed": 1111.876104, "delta": 0.001603}}
{"target": -18.158399175447162, "params": {"gamma": 354.93381559920414, "log10_alpha": -0.2760050172593056, "log10_colsample_bytree": -0.5161092306846216, "log10_eta": -0.21751842866115734, "log10_lambda": -3.121192044961924, "log10_min_child_weight": 2.8777243849028484, "log10_subsample": -0.1415456311551999, "max_depth": 4.0, "num_boost_round": 16.0}, "datetime": {"datetime": "2024-01-19 00:30:14", "elapsed": 1111.877697, "delta": 0.001593}}
{"target": -18.16652972253969, "params": {"gamma": 354.93381559920414, "log10_alpha": -0.2760050172593056, "log10_colsample_bytree": -0.5161092306846216, "log10_eta": -0.21751842866115734, "log10_lambda": -3.121192044961924, "log10_min_child_weight": 2.8777243849028484, "log10_subsample": -0.1415456311551999, "max_depth": 4.0, "num_boost_round": 17.0}, "datetime": {"datetime": "2024-01-19 00:30:14", "elapsed": 1111.879292, "delta": 0.001595}}
{"target": -18.182277546767057, "params": {"gamma": 354.93381559920414, "log10_alpha": -0.2760050172593056, "log10_colsample_bytree": -0.5161092306846216, "log10_eta": -0.21751842866115734, "log10_lambda": -3.121192044961924, "log10_min_child_weight": 2.8777243849028484, "log10_subsample": -0.1415456311551999, "max_depth": 4.0, "num_boost_round": 18.0}, "datetime": {"datetime": "2024-01-19 00:30:14", "elapsed": 1111.881023, "delta": 0.001731}}
{"target": -18.202734075491477, "params": {"gamma": 354.93381559920414, "log10_alpha": -0.2760050172593056, "log10_colsample_bytree": -0.5161092306846216, "log10_eta": -0.21751842866115734, "log10_lambda": -3.121192044961924, "log10_min_child_weight": 2.8777243849028484, "log10_subsample": -0.1415456311551999, "max_depth": 4.0, "num_boost_round": 19.0}, "datetime": {"datetime": "2024-01-19 00:30:14", "elapsed": 1111.882849, "delta": 0.001826}}
{"target": -18.216840042862533, "params": {"gamma": 354.93381559920414, "log10_alpha": -0.2760050172593056, "log10_colsample_bytree": -0.5161092306846216, "log10_eta": -0.21751842866115734, "log10_lambda": -3.121192044961924, "log10_min_child_weight": 2.8777243849028484, "log10_subsample": -0.1415456311551999, "max_depth": 4.0, "num_boost_round": 20.0}, "datetime": {"datetime": "2024-01-19 00:30:14", "elapsed": 1111.884581, "delta": 0.001732}}
{"target": -18.291325477384802, "params": {"gamma": 354.93381559920414, "log10_alpha": -0.2760050172593056, "log10_colsample_bytree": -0.5161092306846216, "log10_eta": -0.21751842866115734, "log10_lambda": -3.121192044961924, "log10_min_child_weight": 2.8777243849028484, "log10_subsample": -0.1415456311551999, "max_depth": 4.0, "num_boost_round": 21.0}, "datetime": {"datetime": "2024-01-19 00:30:14", "elapsed": 1111.886188, "delta": 0.001607}}
{"target": -18.301969859782965, "params": {"gamma": 354.93381559920414, "log10_alpha": -0.2760050172593056, "log10_colsample_bytree": -0.5161092306846216, "log10_eta": -0.21751842866115734, "log10_lambda": -3.121192044961924, "log10_min_child_weight": 2.8777243849028484, "log10_subsample": -0.1415456311551999, "max_depth": 4.0, "num_boost_round": 22.0}, "datetime": {"datetime": "2024-01-19 00:30:14", "elapsed": 1111.887786, "delta": 0.001598}}
{"target": -18.69956327936498, "params": {"gamma": 354.93381559920414, "log10_alpha": -0.2760050172593056, "log10_colsample_bytree": -0.5161092306846216, "log10_eta": -0.21751842866115734, "log10_lambda": -3.121192044961924, "log10_min_child_weight": 2.8777243849028484, "log10_subsample": -0.1415456311551999, "max_depth": 4.0, "num_boost_round": 23.0}, "datetime": {"datetime": "2024-01-19 00:30:14", "elapsed": 1111.88941, "delta": 0.001624}}
{"target": -18.732175115935846, "params": {"gamma": 354.93381559920414, "log10_alpha": -0.2760050172593056, "log10_colsample_bytree": -0.5161092306846216, "log10_eta": -0.21751842866115734, "log10_lambda": -3.121192044961924, "log10_min_child_weight": 2.8777243849028484, "log10_subsample": -0.1415456311551999, "max_depth": 4.0, "num_boost_round": 24.0}, "datetime": {"datetime": "2024-01-19 00:30:14", "elapsed": 1111.891125, "delta": 0.001715}}
{"target": -18.734074742627225, "params": {"gamma": 354.93381559920414, "log10_alpha": -0.2760050172593056, "log10_colsample_bytree": -0.5161092306846216, "log10_eta": -0.21751842866115734, "log10_lambda": -3.121192044961924, "log10_min_child_weight": 2.8777243849028484, "log10_subsample": -0.1415456311551999, "max_depth": 4.0, "num_boost_round": 25.0}, "datetime": {"datetime": "2024-01-19 00:30:14", "elapsed": 1111.892811, "delta": 0.001686}}
{"target": -18.753548012128086, "params": {"gamma": 354.93381559920414, "log10_alpha": -0.2760050172593056, "log10_colsample_bytree": -0.5161092306846216, "log10_eta": -0.21751842866115734, "log10_lambda": -3.121192044961924, "log10_min_child_weight": 2.8777243849028484, "log10_subsample": -0.1415456311551999, "max_depth": 4.0, "num_boost_round": 26.0}, "datetime": {"datetime": "2024-01-19 00:30:14", "elapsed": 1111.894476, "delta": 0.001665}}
{"target": -18.763386834106004, "params": {"gamma": 354.93381559920414, "log10_alpha": -0.2760050172593056, "log10_colsample_bytree": -0.5161092306846216, "log10_eta": -0.21751842866115734, "log10_lambda": -3.121192044961924, "log10_min_child_weight": 2.8777243849028484, "log10_subsample": -0.1415456311551999, "max_depth": 4.0, "num_boost_round": 27.0}, "datetime": {"datetime": "2024-01-19 00:30:14", "elapsed": 1111.896151, "delta": 0.001675}}
{"target": -18.748835494364577, "params": {"gamma": 354.93381559920414, "log10_alpha": -0.2760050172593056, "log10_colsample_bytree": -0.5161092306846216, "log10_eta": -0.21751842866115734, "log10_lambda": -3.121192044961924, "log10_min_child_weight": 2.8777243849028484, "log10_subsample": -0.1415456311551999, "max_depth": 4.0, "num_boost_round": 28.0}, "datetime": {"datetime": "2024-01-19 00:30:14", "elapsed": 1111.897807, "delta": 0.001656}}
{"target": -18.757787645100514, "params": {"gamma": 354.93381559920414, "log10_alpha": -0.2760050172593056, "log10_colsample_bytree": -0.5161092306846216, "log10_eta": -0.21751842866115734, "log10_lambda": -3.121192044961924, "log10_min_child_weight": 2.8777243849028484, "log10_subsample": -0.1415456311551999, "max_depth": 4.0, "num_boost_round": 29.0}, "datetime": {"datetime": "2024-01-19 00:30:14", "elapsed": 1111.899483, "delta": 0.001676}}
