{"target": -17.677224811381283, "params": {"gamma": 969.5522542959956, "log10_alpha": -1.8246109664274266, "log10_colsample_bytree": -0.42344427021716885, "log10_eta": -4.0, "log10_lambda": -1.6672080124695068, "log10_min_child_weight": 5.0, "log10_subsample": 0.0, "max_depth": 7.0, "num_boost_round": 10.0}, "datetime": {"datetime": "2024-01-19 00:40:12", "elapsed": 1705.938937, "delta": 0.002041}}
{"target": -17.677223194956877, "params": {"gamma": 969.5522542959956, "log10_alpha": -1.8246109664274266, "log10_colsample_bytree": -0.42344427021716885, "log10_eta": -4.0, "log10_lambda": -1.6672080124695068, "log10_min_child_weight": 5.0, "log10_subsample": 0.0, "max_depth": 7.0, "num_boost_round": 11.0}, "datetime": {"datetime": "2024-01-19 00:40:12", "elapsed": 1705.94098, "delta": 0.002043}}
{"target": -17.677223047474957, "params": {"gamma": 969.5522542959956, "log10_alpha": -1.8246109664274266, "log10_colsample_bytree": -0.42344427021716885, "log10_eta": -4.0, "log10_lambda": -1.6672080124695068, "log10_min_child_weight": 5.0, "log10_subsample": 0.0, "max_depth": 7.0, "num_boost_round": 12.0}, "datetime": {"datetime": "2024-01-19 00:40:12", "elapsed": 1705.943101, "delta": 0.002121}}
{"target": -17.677221270079635, "params": {"gamma": 969.5522542959956, "log10_alpha": -1.8246109664274266, "log10_colsample_bytree": -0.42344427021716885, "log10_eta": -4.0, "log10_lambda": -1.6672080124695068, "log10_min_child_weight": 5.0, "log10_subsample": 0.0, "max_depth": 7.0, "num_boost_round": 13.0}, "datetime": {"datetime": "2024-01-19 00:40:12", "elapsed": 1705.945204, "delta": 0.002103}}
{"target": -17.677220830261327, "params": {"gamma": 969.5522542959956, "log10_alpha": -1.8246109664274266, "log10_colsample_bytree": -0.42344427021716885, "log10_eta": -4.0, "log10_lambda": -1.6672080124695068, "log10_min_child_weight": 5.0, "log10_subsample": 0.0, "max_depth": 7.0, "num_boost_round": 14.0}, "datetime": {"datetime": "2024-01-19 00:40:12", "elapsed": 1705.947281, "delta": 0.002077}}
{"target": -17.67721942717219, "params": {"gamma": 969.5522542959956, "log10_alpha": -1.8246109664274266, "log10_colsample_bytree": -0.42344427021716885, "log10_eta": -4.0, "log10_lambda": -1.6672080124695068, "log10_min_child_weight": 5.0, "log10_subsample": 0.0, "max_depth": 7.0, "num_boost_round": 15.0}, "datetime": {"datetime": "2024-01-19 00:40:12", "elapsed": 1705.949328, "delta": 0.002047}}
{"target": -17.67721911803365, "params": {"gamma": 969.5522542959956, "log10_alpha": -1.8246109664274266, "log10_colsample_bytree": -0.42344427021716885, "log10_eta": -4.0, "log10_lambda": -1.6672080124695068, "log10_min_child_weight": 5.0, "log10_subsample": 0.0, "max_depth": 7.0, "num_boost_round": 16.0}, "datetime": {"datetime": "2024-01-19 00:40:12", "elapsed": 1705.951513, "delta": 0.002185}}
{"target": -17.677218588604827, "params": {"gamma": 969.5522542959956, "log10_alpha": -1.8246109664274266, "log10_colsample_bytree": -0.42344427021716885, "log10_eta": -4.0, "log10_lambda": -1.6672080124695068, "log10_min_child_weight": 5.0, "log10_subsample": 0.0, "max_depth": 7.0, "num_boost_round": 17.0}, "datetime": {"datetime": "2024-01-19 00:40:12", "elapsed": 1705.953578, "delta": 0.002065}}
{"target": -17.677217560298395, "params": {"gamma": 969.5522542959956, "log10_alpha": -1.8246109664274266, "log10_colsample_bytree": -0.42344427021716885, "log10_eta": -4.0, "log10_lambda": -1.6672080124695068, "log10_min_child_weight": 5.0, "log10_subsample": 0.0, "max_depth": 7.0, "num_boost_round": 18.0}, "datetime": {"datetime": "2024-01-19 00:40:12", "elapsed": 1705.95565, "delta": 0.002072}}
{"target": -17.67721596877879, "params": {"gamma": 969.5522542959956, "log10_alpha": -1.8246109664274266, "log10_colsample_bytree": -0.42344427021716885, "log10_eta": -4.0, "log10_lambda": -1.6672080124695068, "log10_min_child_weight": 5.0, "log10_subsample": 0.0, "max_depth": 7.0, "num_boost_round": 19.0}, "datetime": {"datetime": "2024-01-19 00:40:12", "elapsed": 1705.957703, "delta": 0.002053}}
{"target": -17.677215204688622, "params": {"gamma": 969.5522542959956, "log10_alpha": -1.8246109664274266, "log10_colsample_bytree": -0.42344427021716885, "log10_eta": -4.0, "log10_lambda": -1.6672080124695068, "log10_min_child_weight": 5.0, "log10_subsample": 0.0, "max_depth": 7.0, "num_boost_round": 20.0}, "datetime": {"datetime": "2024-01-19 00:40:12", "elapsed": 1705.95976, "delta": 0.002057}}
{"target": -17.67721434683625, "params": {"gamma": 969.5522542959956, "log10_alpha": -1.8246109664274266, "log10_colsample_bytree": -0.42344427021716885, "log10_eta": -4.0, "log10_lambda": -1.6672080124695068, "log10_min_child_weight": 5.0, "log10_subsample": 0.0, "max_depth": 7.0, "num_boost_round": 21.0}, "datetime": {"datetime": "2024-01-19 00:40:12", "elapsed": 1705.96181, "delta": 0.00205}}
{"target": -17.677222817411828, "params": {"gamma": 981.4251813538131, "log10_alpha": -3.0828179904209234, "log10_colsample_bytree": -0.6196890766043475, "log10_eta": -3.7064781522216057, "log10_lambda": -3.637815806942154, "log10_min_child_weight": 2.5055668539307927, "log10_subsample": -0.749396330475278, "max_depth": 7.0, "num_boost_round": 0.0}, "datetime": {"datetime": "2024-01-19 00:40:40", "elapsed": 1734.703601, "delta": 28.741791}}
{"target": -17.677216962938132, "params": {"gamma": 981.4251813538131, "log10_alpha": -3.0828179904209234, "log10_colsample_bytree": -0.6196890766043475, "log10_eta": -3.7064781522216057, "log10_lambda": -3.637815806942154, "log10_min_child_weight": 2.5055668539307927, "log10_subsample": -0.749396330475278, "max_depth": 7.0, "num_boost_round": 1.0}, "datetime": {"datetime": "2024-01-19 00:40:40", "elapsed": 1734.705875, "delta": 0.002274}}
{"target": -17.677199585712387, "params": {"gamma": 981.4251813538131, "log10_alpha": -3.0828179904209234, "log10_colsample_bytree": -0.6196890766043475, "log10_eta": -3.7064781522216057, "log10_lambda": -3.637815806942154, "log10_min_child_weight": 2.5055668539307927, "log10_subsample": -0.749396330475278, "max_depth": 7.0, "num_boost_round": 2.0}, "datetime": {"datetime": "2024-01-19 00:40:40", "elapsed": 1734.708075, "delta": 0.0022}}
{"target": -17.677193877279052, "params": {"gamma": 981.4251813538131, "log10_alpha": -3.0828179904209234, "log10_colsample_bytree": -0.6196890766043475, "log10_eta": -3.7064781522216057, "log10_lambda": -3.637815806942154, "log10_min_child_weight": 2.5055668539307927, "log10_subsample": -0.749396330475278, "max_depth": 7.0, "num_boost_round": 3.0}, "datetime": {"datetime": "2024-01-19 00:40:40", "elapsed": 1734.710282, "delta": 0.002207}}
{"target": -17.677179954744027, "params": {"gamma": 981.4251813538131, "log10_alpha": -3.0828179904209234, "log10_colsample_bytree": -0.6196890766043475, "log10_eta": -3.7064781522216057, "log10_lambda": -3.637815806942154, "log10_min_child_weight": 2.5055668539307927, "log10_subsample": -0.749396330475278, "max_depth": 7.0, "num_boost_round": 4.0}, "datetime": {"datetime": "2024-01-19 00:40:40", "elapsed": 1734.712472, "delta": 0.00219}}
{"target": -17.67717294028139, "params": {"gamma": 981.4251813538131, "log10_alpha": -3.0828179904209234, "log10_colsample_bytree": -0.6196890766043475, "log10_eta": -3.7064781522216057, "log10_lambda": -3.637815806942154, "log10_min_child_weight": 2.5055668539307927, "log10_subsample": -0.749396330475278, "max_depth": 7.0, "num_boost_round": 5.0}, "datetime": {"datetime": "2024-01-19 00:40:40", "elapsed": 1734.714736, "delta": 0.002264}}
{"target": -17.67716978726714, "params": {"gamma": 981.4251813538131, "log10_alpha": -3.0828179904209234, "log10_colsample_bytree": -0.6196890766043475, "log10_eta": -3.7064781522216057, "log10_lambda": -3.637815806942154, "log10_min_child_weight": 2.5055668539307927, "log10_subsample": -0.749396330475278, "max_depth": 7.0, "num_boost_round": 6.0}, "datetime": {"datetime": "2024-01-19 00:40:40", "elapsed": 1734.716803, "delta": 0.002067}}
{"target": -17.67715451156333, "params": {"gamma": 981.4251813538131, "log10_alpha": -3.0828179904209234, "log10_colsample_bytree": -0.6196890766043475, "log10_eta": -3.7064781522216057, "log10_lambda": -3.637815806942154, "log10_min_child_weight": 2.5055668539307927, "log10_subsample": -0.749396330475278, "max_depth": 7.0, "num_boost_round": 7.0}, "datetime": {"datetime": "2024-01-19 00:40:40", "elapsed": 1734.718899, "delta": 0.002096}}
{"target": -17.677143283407332, "params": {"gamma": 981.4251813538131, "log10_alpha": -3.0828179904209234, "log10_colsample_bytree": -0.6196890766043475, "log10_eta": -3.7064781522216057, "log10_lambda": -3.637815806942154, "log10_min_child_weight": 2.5055668539307927, "log10_subsample": -0.749396330475278, "max_depth": 7.0, "num_boost_round": 8.0}, "datetime": {"datetime": "2024-01-19 00:40:40", "elapsed": 1734.720941, "delta": 0.002042}}
{"target": -17.6771366216633, "params": {"gamma": 981.4251813538131, "log10_alpha": -3.0828179904209234, "log10_colsample_bytree": -0.6196890766043475, "log10_eta": -3.7064781522216057, "log10_lambda": -3.637815806942154, "log10_min_child_weight": 2.5055668539307927, "log10_subsample": -0.749396330475278, "max_depth": 7.0, "num_boost_round": 9.0}, "datetime": {"datetime": "2024-01-19 00:40:40", "elapsed": 1734.723033, "delta": 0.002092}}
{"target": -17.677116964025085, "params": {"gamma": 981.4251813538131, "log10_alpha": -3.0828179904209234, "log10_colsample_bytree": -0.6196890766043475, "log10_eta": -3.7064781522216057, "log10_lambda": -3.637815806942154, "log10_min_child_weight": 2.5055668539307927, "log10_subsample": -0.749396330475278, "max_depth": 7.0, "num_boost_round": 10.0}, "datetime": {"datetime": "2024-01-19 00:40:40", "elapsed": 1734.725093, "delta": 0.00206}}
{"target": -17.67710616087768, "params": {"gamma": 981.4251813538131, "log10_alpha": -3.0828179904209234, "log10_colsample_bytree": -0.6196890766043475, "log10_eta": -3.7064781522216057, "log10_lambda": -3.637815806942154, "log10_min_child_weight": 2.5055668539307927, "log10_subsample": -0.749396330475278, "max_depth": 7.0, "num_boost_round": 11.0}, "datetime": {"datetime": "2024-01-19 00:40:40", "elapsed": 1734.727133, "delta": 0.00204}}
{"target": -17.677092579238685, "params": {"gamma": 981.4251813538131, "log10_alpha": -3.0828179904209234, "log10_colsample_bytree": -0.6196890766043475, "log10_eta": -3.7064781522216057, "log10_lambda": -3.637815806942154, "log10_min_child_weight": 2.5055668539307927, "log10_subsample": -0.749396330475278, "max_depth": 7.0, "num_boost_round": 12.0}, "datetime": {"datetime": "2024-01-19 00:40:40", "elapsed": 1734.729198, "delta": 0.002065}}
{"target": -17.677087294444178, "params": {"gamma": 981.4251813538131, "log10_alpha": -3.0828179904209234, "log10_colsample_bytree": -0.6196890766043475, "log10_eta": -3.7064781522216057, "log10_lambda": -3.637815806942154, "log10_min_child_weight": 2.5055668539307927, "log10_subsample": -0.749396330475278, "max_depth": 7.0, "num_boost_round": 13.0}, "datetime": {"datetime": "2024-01-19 00:40:40", "elapsed": 1734.731374, "delta": 0.002176}}
{"target": -17.67708571709069, "params": {"gamma": 981.4251813538131, "log10_alpha": -3.0828179904209234, "log10_colsample_bytree": -0.6196890766043475, "log10_eta": -3.7064781522216057, "log10_lambda": -3.637815806942154, "log10_min_child_weight": 2.5055668539307927, "log10_subsample": -0.749396330475278, "max_depth": 7.0, "num_boost_round": 14.0}, "datetime": {"datetime": "2024-01-19 00:40:40", "elapsed": 1734.733412, "delta": 0.002038}}
{"target": -17.67707416865282, "params": {"gamma": 981.4251813538131, "log10_alpha": -3.0828179904209234, "log10_colsample_bytree": -0.6196890766043475, "log10_eta": -3.7064781522216057, "log10_lambda": -3.637815806942154, "log10_min_child_weight": 2.5055668539307927, "log10_subsample": -0.749396330475278, "max_depth": 7.0, "num_boost_round": 15.0}, "datetime": {"datetime": "2024-01-19 00:40:40", "elapsed": 1734.735462, "delta": 0.00205}}
{"target": -17.677069447979147, "params": {"gamma": 981.4251813538131, "log10_alpha": -3.0828179904209234, "log10_colsample_bytree": -0.6196890766043475, "log10_eta": -3.7064781522216057, "log10_lambda": -3.637815806942154, "log10_min_child_weight": 2.5055668539307927, "log10_subsample": -0.749396330475278, "max_depth": 7.0, "num_boost_round": 16.0}, "datetime": {"datetime": "2024-01-19 00:40:40", "elapsed": 1734.737507, "delta": 0.002045}}
{"target": -17.677067952930148, "params": {"gamma": 981.4251813538131, "log10_alpha": -3.0828179904209234, "log10_colsample_bytree": -0.6196890766043475, "log10_eta": -3.7064781522216057, "log10_lambda": -3.637815806942154, "log10_min_child_weight": 2.5055668539307927, "log10_subsample": -0.749396330475278, "max_depth": 7.0, "num_boost_round": 17.0}, "datetime": {"datetime": "2024-01-19 00:40:40", "elapsed": 1734.739547, "delta": 0.00204}}
{"target": -17.677078596434228, "params": {"gamma": 981.4251813538131, "log10_alpha": -3.0828179904209234, "log10_colsample_bytree": -0.6196890766043475, "log10_eta": -3.7064781522216057, "log10_lambda": -3.637815806942154, "log10_min_child_weight": 2.5055668539307927, "log10_subsample": -0.749396330475278, "max_depth": 7.0, "num_boost_round": 18.0}, "datetime": {"datetime": "2024-01-19 00:40:40", "elapsed": 1734.741598, "delta": 0.002051}}
{"target": -17.677065743113832, "params": {"gamma": 981.4251813538131, "log10_alpha": -3.0828179904209234, "log10_colsample_bytree": -0.6196890766043475, "log10_eta": -3.7064781522216057, "log10_lambda": -3.637815806942154, "log10_min_child_weight": 2.5055668539307927, "log10_subsample": -0.749396330475278, "max_depth": 7.0, "num_boost_round": 19.0}, "datetime": {"datetime": "2024-01-19 00:40:40", "elapsed": 1734.743698, "delta": 0.0021}}
{"target": -17.677061944652795, "params": {"gamma": 981.4251813538131, "log10_alpha": -3.0828179904209234, "log10_colsample_bytree": -0.6196890766043475, "log10_eta": -3.7064781522216057, "log10_lambda": -3.637815806942154, "log10_min_child_weight": 2.5055668539307927, "log10_subsample": -0.749396330475278, "max_depth": 7.0, "num_boost_round": 20.0}, "datetime": {"datetime": "2024-01-19 00:40:40", "elapsed": 1734.745761, "delta": 0.002063}}
{"target": -17.677050111814555, "params": {"gamma": 981.4251813538131, "log10_alpha": -3.0828179904209234, "log10_colsample_bytree": -0.6196890766043475, "log10_eta": -3.7064781522216057, "log10_lambda": -3.637815806942154, "log10_min_child_weight": 2.5055668539307927, "log10_subsample": -0.749396330475278, "max_depth": 7.0, "num_boost_round": 21.0}, "datetime": {"datetime": "2024-01-19 00:40:40", "elapsed": 1734.747833, "delta": 0.002072}}
{"target": -17.67703117255359, "params": {"gamma": 981.4251813538131, "log10_alpha": -3.0828179904209234, "log10_colsample_bytree": -0.6196890766043475, "log10_eta": -3.7064781522216057, "log10_lambda": -3.637815806942154, "log10_min_child_weight": 2.5055668539307927, "log10_subsample": -0.749396330475278, "max_depth": 7.0, "num_boost_round": 22.0}, "datetime": {"datetime": "2024-01-19 00:40:40", "elapsed": 1734.7499, "delta": 0.002067}}
{"target": -17.677231504883498, "params": {"gamma": 974.5452353640013, "log10_alpha": -2.2424617631748, "log10_colsample_bytree": -0.44416044024754414, "log10_eta": -4.0, "log10_lambda": -3.521660049134718, "log10_min_child_weight": 4.378818145390685, "log10_subsample": -0.14373944969351346, "max_depth": 10.0, "num_boost_round": 0.0}, "datetime": {"datetime": "2024-01-19 00:41:15", "elapsed": 1769.311994, "delta": 34.562094}}
{"target": -17.677230481179397, "params": {"gamma": 974.5452353640013, "log10_alpha": -2.2424617631748, "log10_colsample_bytree": -0.44416044024754414, "log10_eta": -4.0, "log10_lambda": -3.521660049134718, "log10_min_child_weight": 4.378818145390685, "log10_subsample": -0.14373944969351346, "max_depth": 10.0, "num_boost_round": 1.0}, "datetime": {"datetime": "2024-01-19 00:41:15", "elapsed": 1769.314696, "delta": 0.002702}}
{"target": -17.677229320216533, "params": {"gamma": 974.5452353640013, "log10_alpha": -2.2424617631748, "log10_colsample_bytree": -0.44416044024754414, "log10_eta": -4.0, "log10_lambda": -3.521660049134718, "log10_min_child_weight": 4.378818145390685, "log10_subsample": -0.14373944969351346, "max_depth": 10.0, "num_boost_round": 2.0}, "datetime": {"datetime": "2024-01-19 00:41:15", "elapsed": 1769.316929, "delta": 0.002233}}
{"target": -17.677228682510325, "params": {"gamma": 974.5452353640013, "log10_alpha": -2.2424617631748, "log10_colsample_bytree": -0.44416044024754414, "log10_eta": -4.0, "log10_lambda": -3.521660049134718, "log10_min_child_weight": 4.378818145390685, "log10_subsample": -0.14373944969351346, "max_depth": 10.0, "num_boost_round": 3.0}, "datetime": {"datetime": "2024-01-19 00:41:15", "elapsed": 1769.319085, "delta": 0.002156}}
{"target": -17.677227862612103, "params": {"gamma": 974.5452353640013, "log10_alpha": -2.2424617631748, "log10_colsample_bytree": -0.44416044024754414, "log10_eta": -4.0, "log10_lambda": -3.521660049134718, "log10_min_child_weight": 4.378818145390685, "log10_subsample": -0.14373944969351346, "max_depth": 10.0, "num_boost_round": 4.0}, "datetime": {"datetime": "2024-01-19 00:41:15", "elapsed": 1769.321253, "delta": 0.002168}}
{"target": -17.677227716867844, "params": {"gamma": 974.5452353640013, "log10_alpha": -2.2424617631748, "log10_colsample_bytree": -0.44416044024754414, "log10_eta": -4.0, "log10_lambda": -3.521660049134718, "log10_min_child_weight": 4.378818145390685, "log10_subsample": -0.14373944969351346, "max_depth": 10.0, "num_boost_round": 5.0}, "datetime": {"datetime": "2024-01-19 00:41:15", "elapsed": 1769.323413, "delta": 0.00216}}
{"target": -17.67722694826675, "params": {"gamma": 974.5452353640013, "log10_alpha": -2.2424617631748, "log10_colsample_bytree": -0.44416044024754414, "log10_eta": -4.0, "log10_lambda": -3.521660049134718, "log10_min_child_weight": 4.378818145390685, "log10_subsample": -0.14373944969351346, "max_depth": 10.0, "num_boost_round": 6.0}, "datetime": {"datetime": "2024-01-19 00:41:15", "elapsed": 1769.32552, "delta": 0.002107}}
{"target": -17.677226118150536, "params": {"gamma": 974.5452353640013, "log10_alpha": -2.2424617631748, "log10_colsample_bytree": -0.44416044024754414, "log10_eta": -4.0, "log10_lambda": -3.521660049134718, "log10_min_child_weight": 4.378818145390685, "log10_subsample": -0.14373944969351346, "max_depth": 10.0, "num_boost_round": 7.0}, "datetime": {"datetime": "2024-01-19 00:41:15", "elapsed": 1769.327611, "delta": 0.002091}}
{"target": -17.677225051976333, "params": {"gamma": 974.5452353640013, "log10_alpha": -2.2424617631748, "log10_colsample_bytree": -0.44416044024754414, "log10_eta": -4.0, "log10_lambda": -3.521660049134718, "log10_min_child_weight": 4.378818145390685, "log10_subsample": -0.14373944969351346, "max_depth": 10.0, "num_boost_round": 8.0}, "datetime": {"datetime": "2024-01-19 00:41:15", "elapsed": 1769.329713, "delta": 0.002102}}
{"target": -17.677223819058234, "params": {"gamma": 974.5452353640013, "log10_alpha": -2.2424617631748, "log10_colsample_bytree": -0.44416044024754414, "log10_eta": -4.0, "log10_lambda": -3.521660049134718, "log10_min_child_weight": 4.378818145390685, "log10_subsample": -0.14373944969351346, "max_depth": 10.0, "num_boost_round": 9.0}, "datetime": {"datetime": "2024-01-19 00:41:15", "elapsed": 1769.331993, "delta": 0.00228}}
{"target": -17.677223918141312, "params": {"gamma": 974.5452353640013, "log10_alpha": -2.2424617631748, "log10_colsample_bytree": -0.44416044024754414, "log10_eta": -4.0, "log10_lambda": -3.521660049134718, "log10_min_child_weight": 4.378818145390685, "log10_subsample": -0.14373944969351346, "max_depth": 10.0, "num_boost_round": 10.0}, "datetime": {"datetime": "2024-01-19 00:41:15", "elapsed": 1769.33423, "delta": 0.002237}}
{"target": -17.677222477549684, "params": {"gamma": 974.5452353640013, "log10_alpha": -2.2424617631748, "log10_colsample_bytree": -0.44416044024754414, "log10_eta": -4.0, "log10_lambda": -3.521660049134718, "log10_min_child_weight": 4.378818145390685, "log10_subsample": -0.14373944969351346, "max_depth": 10.0, "num_boost_round": 11.0}, "datetime": {"datetime": "2024-01-19 00:41:15", "elapsed": 1769.336441, "delta": 0.002211}}
{"target": -17.677221776900634, "params": {"gamma": 974.5452353640013, "log10_alpha": -2.2424617631748, "log10_colsample_bytree": -0.44416044024754414, "log10_eta": -4.0, "log10_lambda": -3.521660049134718, "log10_min_child_weight": 4.378818145390685, "log10_subsample": -0.14373944969351346, "max_depth": 10.0, "num_boost_round": 12.0}, "datetime": {"datetime": "2024-01-19 00:41:15", "elapsed": 1769.338658, "delta": 0.002217}}
{"target": -17.677219874156727, "params": {"gamma": 974.5452353640013, "log10_alpha": -2.2424617631748, "log10_colsample_bytree": -0.44416044024754414, "log10_eta": -4.0, "log10_lambda": -3.521660049134718, "log10_min_child_weight": 4.378818145390685, "log10_subsample": -0.14373944969351346, "max_depth": 10.0, "num_boost_round": 13.0}, "datetime": {"datetime": "2024-01-19 00:41:15", "elapsed": 1769.340776, "delta": 0.002118}}
{"target": -17.677218610703598, "params": {"gamma": 974.5452353640013, "log10_alpha": -2.2424617631748, "log10_colsample_bytree": -0.44416044024754414, "log10_eta": -4.0, "log10_lambda": -3.521660049134718, "log10_min_child_weight": 4.378818145390685, "log10_subsample": -0.14373944969351346, "max_depth": 10.0, "num_boost_round": 14.0}, "datetime": {"datetime": "2024-01-19 00:41:15", "elapsed": 1769.342887, "delta": 0.002111}}
{"target": -17.67721653554217, "params": {"gamma": 974.5452353640013, "log10_alpha": -2.2424617631748, "log10_colsample_bytree": -0.44416044024754414, "log10_eta": -4.0, "log10_lambda": -3.521660049134718, "log10_min_child_weight": 4.378818145390685, "log10_subsample": -0.14373944969351346, "max_depth": 10.0, "num_boost_round": 15.0}, "datetime": {"datetime": "2024-01-19 00:41:15", "elapsed": 1769.344997, "delta": 0.00211}}
