{"target": -13.758368199713344, "params": {"gamma": 879.2300161098066, "log10_alpha": -1.2783873121883307, "log10_colsample_bytree": -0.9229799421256447, "log10_eta": -2.6429046889448498, "log10_lambda": -3.631430854364132, "log10_min_child_weight": 0.5274866328603245, "log10_subsample": -0.5404827436830856, "max_depth": 7.0, "num_boost_round": 1.0}, "datetime": {"datetime": "2024-01-19 00:33:04", "elapsed": 1288.512671, "delta": 0.002971}}
{"target": -13.758342131304232, "params": {"gamma": 879.2300161098066, "log10_alpha": -1.2783873121883307, "log10_colsample_bytree": -0.9229799421256447, "log10_eta": -2.6429046889448498, "log10_lambda": -3.631430854364132, "log10_min_child_weight": 0.5274866328603245, "log10_subsample": -0.5404827436830856, "max_depth": 7.0, "num_boost_round": 2.0}, "datetime": {"datetime": "2024-01-19 00:33:04", "elapsed": 1288.514721, "delta": 0.00205}}
{"target": -13.75832113422927, "params": {"gamma": 879.2300161098066, "log10_alpha": -1.2783873121883307, "log10_colsample_bytree": -0.9229799421256447, "log10_eta": -2.6429046889448498, "log10_lambda": -3.631430854364132, "log10_min_child_weight": 0.5274866328603245, "log10_subsample": -0.5404827436830856, "max_depth": 7.0, "num_boost_round": 3.0}, "datetime": {"datetime": "2024-01-19 00:33:04", "elapsed": 1288.516815, "delta": 0.002094}}
{"target": -13.758197384289005, "params": {"gamma": 879.2300161098066, "log10_alpha": -1.2783873121883307, "log10_colsample_bytree": -0.9229799421256447, "log10_eta": -2.6429046889448498, "log10_lambda": -3.631430854364132, "log10_min_child_weight": 0.5274866328603245, "log10_subsample": -0.5404827436830856, "max_depth": 7.0, "num_boost_round": 4.0}, "datetime": {"datetime": "2024-01-19 00:33:04", "elapsed": 1288.518898, "delta": 0.002083}}
{"target": -13.7581698420486, "params": {"gamma": 879.2300161098066, "log10_alpha": -1.2783873121883307, "log10_colsample_bytree": -0.9229799421256447, "log10_eta": -2.6429046889448498, "log10_lambda": -3.631430854364132, "log10_min_child_weight": 0.5274866328603245, "log10_subsample": -0.5404827436830856, "max_depth": 7.0, "num_boost_round": 5.0}, "datetime": {"datetime": "2024-01-19 00:33:04", "elapsed": 1288.520978, "delta": 0.00208}}
{"target": -13.758218648071372, "params": {"gamma": 879.2300161098066, "log10_alpha": -1.2783873121883307, "log10_colsample_bytree": -0.9229799421256447, "log10_eta": -2.6429046889448498, "log10_lambda": -3.631430854364132, "log10_min_child_weight": 0.5274866328603245, "log10_subsample": -0.5404827436830856, "max_depth": 7.0, "num_boost_round": 6.0}, "datetime": {"datetime": "2024-01-19 00:33:04", "elapsed": 1288.523009, "delta": 0.002031}}
{"target": -13.758121100990355, "params": {"gamma": 879.2300161098066, "log10_alpha": -1.2783873121883307, "log10_colsample_bytree": -0.9229799421256447, "log10_eta": -2.6429046889448498, "log10_lambda": -3.631430854364132, "log10_min_child_weight": 0.5274866328603245, "log10_subsample": -0.5404827436830856, "max_depth": 7.0, "num_boost_round": 7.0}, "datetime": {"datetime": "2024-01-19 00:33:04", "elapsed": 1288.525605, "delta": 0.002596}}
{"target": -13.758109360766168, "params": {"gamma": 879.2300161098066, "log10_alpha": -1.2783873121883307, "log10_colsample_bytree": -0.9229799421256447, "log10_eta": -2.6429046889448498, "log10_lambda": -3.631430854364132, "log10_min_child_weight": 0.5274866328603245, "log10_subsample": -0.5404827436830856, "max_depth": 7.0, "num_boost_round": 8.0}, "datetime": {"datetime": "2024-01-19 00:33:04", "elapsed": 1288.527641, "delta": 0.002036}}
{"target": -13.758152154827231, "params": {"gamma": 879.2300161098066, "log10_alpha": -1.2783873121883307, "log10_colsample_bytree": -0.9229799421256447, "log10_eta": -2.6429046889448498, "log10_lambda": -3.631430854364132, "log10_min_child_weight": 0.5274866328603245, "log10_subsample": -0.5404827436830856, "max_depth": 7.0, "num_boost_round": 9.0}, "datetime": {"datetime": "2024-01-19 00:33:04", "elapsed": 1288.529717, "delta": 0.002076}}
{"target": -13.758120139543452, "params": {"gamma": 879.2300161098066, "log10_alpha": -1.2783873121883307, "log10_colsample_bytree": -0.9229799421256447, "log10_eta": -2.6429046889448498, "log10_lambda": -3.631430854364132, "log10_min_child_weight": 0.5274866328603245, "log10_subsample": -0.5404827436830856, "max_depth": 7.0, "num_boost_round": 10.0}, "datetime": {"datetime": "2024-01-19 00:33:04", "elapsed": 1288.532007, "delta": 0.00229}}
{"target": -13.758134524665962, "params": {"gamma": 879.2300161098066, "log10_alpha": -1.2783873121883307, "log10_colsample_bytree": -0.9229799421256447, "log10_eta": -2.6429046889448498, "log10_lambda": -3.631430854364132, "log10_min_child_weight": 0.5274866328603245, "log10_subsample": -0.5404827436830856, "max_depth": 7.0, "num_boost_round": 11.0}, "datetime": {"datetime": "2024-01-19 00:33:04", "elapsed": 1288.534275, "delta": 0.002268}}
{"target": -13.758183364953222, "params": {"gamma": 879.2300161098066, "log10_alpha": -1.2783873121883307, "log10_colsample_bytree": -0.9229799421256447, "log10_eta": -2.6429046889448498, "log10_lambda": -3.631430854364132, "log10_min_child_weight": 0.5274866328603245, "log10_subsample": -0.5404827436830856, "max_depth": 7.0, "num_boost_round": 12.0}, "datetime": {"datetime": "2024-01-19 00:33:04", "elapsed": 1288.536425, "delta": 0.00215}}
{"target": -13.758129247933368, "params": {"gamma": 879.2300161098066, "log10_alpha": -1.2783873121883307, "log10_colsample_bytree": -0.9229799421256447, "log10_eta": -2.6429046889448498, "log10_lambda": -3.631430854364132, "log10_min_child_weight": 0.5274866328603245, "log10_subsample": -0.5404827436830856, "max_depth": 7.0, "num_boost_round": 13.0}, "datetime": {"datetime": "2024-01-19 00:33:04", "elapsed": 1288.538616, "delta": 0.002191}}
{"target": -13.758147053743969, "params": {"gamma": 879.2300161098066, "log10_alpha": -1.2783873121883307, "log10_colsample_bytree": -0.9229799421256447, "log10_eta": -2.6429046889448498, "log10_lambda": -3.631430854364132, "log10_min_child_weight": 0.5274866328603245, "log10_subsample": -0.5404827436830856, "max_depth": 7.0, "num_boost_round": 14.0}, "datetime": {"datetime": "2024-01-19 00:33:04", "elapsed": 1288.54068, "delta": 0.002064}}
{"target": -13.758067943589852, "params": {"gamma": 879.2300161098066, "log10_alpha": -1.2783873121883307, "log10_colsample_bytree": -0.9229799421256447, "log10_eta": -2.6429046889448498, "log10_lambda": -3.631430854364132, "log10_min_child_weight": 0.5274866328603245, "log10_subsample": -0.5404827436830856, "max_depth": 7.0, "num_boost_round": 15.0}, "datetime": {"datetime": "2024-01-19 00:33:04", "elapsed": 1288.542732, "delta": 0.002052}}
{"target": -13.758075311739063, "params": {"gamma": 879.2300161098066, "log10_alpha": -1.2783873121883307, "log10_colsample_bytree": -0.9229799421256447, "log10_eta": -2.6429046889448498, "log10_lambda": -3.631430854364132, "log10_min_child_weight": 0.5274866328603245, "log10_subsample": -0.5404827436830856, "max_depth": 7.0, "num_boost_round": 16.0}, "datetime": {"datetime": "2024-01-19 00:33:04", "elapsed": 1288.544808, "delta": 0.002076}}
{"target": -13.757905122566749, "params": {"gamma": 879.2300161098066, "log10_alpha": -1.2783873121883307, "log10_colsample_bytree": -0.9229799421256447, "log10_eta": -2.6429046889448498, "log10_lambda": -3.631430854364132, "log10_min_child_weight": 0.5274866328603245, "log10_subsample": -0.5404827436830856, "max_depth": 7.0, "num_boost_round": 17.0}, "datetime": {"datetime": "2024-01-19 00:33:04", "elapsed": 1288.546869, "delta": 0.002061}}
{"target": -13.757872318402706, "params": {"gamma": 879.2300161098066, "log10_alpha": -1.2783873121883307, "log10_colsample_bytree": -0.9229799421256447, "log10_eta": -2.6429046889448498, "log10_lambda": -3.631430854364132, "log10_min_child_weight": 0.5274866328603245, "log10_subsample": -0.5404827436830856, "max_depth": 7.0, "num_boost_round": 18.0}, "datetime": {"datetime": "2024-01-19 00:33:04", "elapsed": 1288.548915, "delta": 0.002046}}
{"target": -13.75774820295244, "params": {"gamma": 879.2300161098066, "log10_alpha": -1.2783873121883307, "log10_colsample_bytree": -0.9229799421256447, "log10_eta": -2.6429046889448498, "log10_lambda": -3.631430854364132, "log10_min_child_weight": 0.5274866328603245, "log10_subsample": -0.5404827436830856, "max_depth": 7.0, "num_boost_round": 19.0}, "datetime": {"datetime": "2024-01-19 00:33:04", "elapsed": 1288.551101, "delta": 0.002186}}
{"target": -13.757680577021777, "params": {"gamma": 879.2300161098066, "log10_alpha": -1.2783873121883307, "log10_colsample_bytree": -0.9229799421256447, "log10_eta": -2.6429046889448498, "log10_lambda": -3.631430854364132, "log10_min_child_weight": 0.5274866328603245, "log10_subsample": -0.5404827436830856, "max_depth": 7.0, "num_boost_round": 20.0}, "datetime": {"datetime": "2024-01-19 00:33:04", "elapsed": 1288.553294, "delta": 0.002193}}
{"target": -13.757555884514241, "params": {"gamma": 879.2300161098066, "log10_alpha": -1.2783873121883307, "log10_colsample_bytree": -0.9229799421256447, "log10_eta": -2.6429046889448498, "log10_lambda": -3.631430854364132, "log10_min_child_weight": 0.5274866328603245, "log10_subsample": -0.5404827436830856, "max_depth": 7.0, "num_boost_round": 21.0}, "datetime": {"datetime": "2024-01-19 00:33:04", "elapsed": 1288.555388, "delta": 0.002094}}
{"target": -13.75746381815262, "params": {"gamma": 879.2300161098066, "log10_alpha": -1.2783873121883307, "log10_colsample_bytree": -0.9229799421256447, "log10_eta": -2.6429046889448498, "log10_lambda": -3.631430854364132, "log10_min_child_weight": 0.5274866328603245, "log10_subsample": -0.5404827436830856, "max_depth": 7.0, "num_boost_round": 22.0}, "datetime": {"datetime": "2024-01-19 00:33:04", "elapsed": 1288.557457, "delta": 0.002069}}
{"target": -13.757391787627517, "params": {"gamma": 879.2300161098066, "log10_alpha": -1.2783873121883307, "log10_colsample_bytree": -0.9229799421256447, "log10_eta": -2.6429046889448498, "log10_lambda": -3.631430854364132, "log10_min_child_weight": 0.5274866328603245, "log10_subsample": -0.5404827436830856, "max_depth": 7.0, "num_boost_round": 23.0}, "datetime": {"datetime": "2024-01-19 00:33:04", "elapsed": 1288.55954, "delta": 0.002083}}
{"target": -13.757402961478196, "params": {"gamma": 879.2300161098066, "log10_alpha": -1.2783873121883307, "log10_colsample_bytree": -0.9229799421256447, "log10_eta": -2.6429046889448498, "log10_lambda": -3.631430854364132, "log10_min_child_weight": 0.5274866328603245, "log10_subsample": -0.5404827436830856, "max_depth": 7.0, "num_boost_round": 24.0}, "datetime": {"datetime": "2024-01-19 00:33:04", "elapsed": 1288.561626, "delta": 0.002086}}
{"target": -13.757339838998373, "params": {"gamma": 879.2300161098066, "log10_alpha": -1.2783873121883307, "log10_colsample_bytree": -0.9229799421256447, "log10_eta": -2.6429046889448498, "log10_lambda": -3.631430854364132, "log10_min_child_weight": 0.5274866328603245, "log10_subsample": -0.5404827436830856, "max_depth": 7.0, "num_boost_round": 25.0}, "datetime": {"datetime": "2024-01-19 00:33:04", "elapsed": 1288.563722, "delta": 0.002096}}
{"target": -13.757374195772938, "params": {"gamma": 879.2300161098066, "log10_alpha": -1.2783873121883307, "log10_colsample_bytree": -0.9229799421256447, "log10_eta": -2.6429046889448498, "log10_lambda": -3.631430854364132, "log10_min_child_weight": 0.5274866328603245, "log10_subsample": -0.5404827436830856, "max_depth": 7.0, "num_boost_round": 26.0}, "datetime": {"datetime": "2024-01-19 00:33:04", "elapsed": 1288.565791, "delta": 0.002069}}
{"target": -13.757375987516227, "params": {"gamma": 879.2300161098066, "log10_alpha": -1.2783873121883307, "log10_colsample_bytree": -0.9229799421256447, "log10_eta": -2.6429046889448498, "log10_lambda": -3.631430854364132, "log10_min_child_weight": 0.5274866328603245, "log10_subsample": -0.5404827436830856, "max_depth": 7.0, "num_boost_round": 27.0}, "datetime": {"datetime": "2024-01-19 00:33:04", "elapsed": 1288.567881, "delta": 0.00209}}
{"target": -13.757374157319179, "params": {"gamma": 879.2300161098066, "log10_alpha": -1.2783873121883307, "log10_colsample_bytree": -0.9229799421256447, "log10_eta": -2.6429046889448498, "log10_lambda": -3.631430854364132, "log10_min_child_weight": 0.5274866328603245, "log10_subsample": -0.5404827436830856, "max_depth": 7.0, "num_boost_round": 28.0}, "datetime": {"datetime": "2024-01-19 00:33:04", "elapsed": 1288.56996, "delta": 0.002079}}
{"target": -13.757245817623454, "params": {"gamma": 879.2300161098066, "log10_alpha": -1.2783873121883307, "log10_colsample_bytree": -0.9229799421256447, "log10_eta": -2.6429046889448498, "log10_lambda": -3.631430854364132, "log10_min_child_weight": 0.5274866328603245, "log10_subsample": -0.5404827436830856, "max_depth": 7.0, "num_boost_round": 29.0}, "datetime": {"datetime": "2024-01-19 00:33:04", "elapsed": 1288.572203, "delta": 0.002243}}
{"target": -13.75721679676222, "params": {"gamma": 879.2300161098066, "log10_alpha": -1.2783873121883307, "log10_colsample_bytree": -0.9229799421256447, "log10_eta": -2.6429046889448498, "log10_lambda": -3.631430854364132, "log10_min_child_weight": 0.5274866328603245, "log10_subsample": -0.5404827436830856, "max_depth": 7.0, "num_boost_round": 30.0}, "datetime": {"datetime": "2024-01-19 00:33:04", "elapsed": 1288.574282, "delta": 0.002079}}
{"target": -13.757129308481115, "params": {"gamma": 879.2300161098066, "log10_alpha": -1.2783873121883307, "log10_colsample_bytree": -0.9229799421256447, "log10_eta": -2.6429046889448498, "log10_lambda": -3.631430854364132, "log10_min_child_weight": 0.5274866328603245, "log10_subsample": -0.5404827436830856, "max_depth": 7.0, "num_boost_round": 31.0}, "datetime": {"datetime": "2024-01-19 00:33:04", "elapsed": 1288.576357, "delta": 0.002075}}
{"target": -13.757097444554532, "params": {"gamma": 879.2300161098066, "log10_alpha": -1.2783873121883307, "log10_colsample_bytree": -0.9229799421256447, "log10_eta": -2.6429046889448498, "log10_lambda": -3.631430854364132, "log10_min_child_weight": 0.5274866328603245, "log10_subsample": -0.5404827436830856, "max_depth": 7.0, "num_boost_round": 32.0}, "datetime": {"datetime": "2024-01-19 00:33:04", "elapsed": 1288.578443, "delta": 0.002086}}
{"target": -13.757006007372272, "params": {"gamma": 879.2300161098066, "log10_alpha": -1.2783873121883307, "log10_colsample_bytree": -0.9229799421256447, "log10_eta": -2.6429046889448498, "log10_lambda": -3.631430854364132, "log10_min_child_weight": 0.5274866328603245, "log10_subsample": -0.5404827436830856, "max_depth": 7.0, "num_boost_round": 33.0}, "datetime": {"datetime": "2024-01-19 00:33:04", "elapsed": 1288.580508, "delta": 0.002065}}
{"target": -13.756905850273155, "params": {"gamma": 879.2300161098066, "log10_alpha": -1.2783873121883307, "log10_colsample_bytree": -0.9229799421256447, "log10_eta": -2.6429046889448498, "log10_lambda": -3.631430854364132, "log10_min_child_weight": 0.5274866328603245, "log10_subsample": -0.5404827436830856, "max_depth": 7.0, "num_boost_round": 34.0}, "datetime": {"datetime": "2024-01-19 00:33:04", "elapsed": 1288.582571, "delta": 0.002063}}
{"target": -13.756897250631702, "params": {"gamma": 879.2300161098066, "log10_alpha": -1.2783873121883307, "log10_colsample_bytree": -0.9229799421256447, "log10_eta": -2.6429046889448498, "log10_lambda": -3.631430854364132, "log10_min_child_weight": 0.5274866328603245, "log10_subsample": -0.5404827436830856, "max_depth": 7.0, "num_boost_round": 35.0}, "datetime": {"datetime": "2024-01-19 00:33:04", "elapsed": 1288.584634, "delta": 0.002063}}
{"target": -13.756916839562622, "params": {"gamma": 879.2300161098066, "log10_alpha": -1.2783873121883307, "log10_colsample_bytree": -0.9229799421256447, "log10_eta": -2.6429046889448498, "log10_lambda": -3.631430854364132, "log10_min_child_weight": 0.5274866328603245, "log10_subsample": -0.5404827436830856, "max_depth": 7.0, "num_boost_round": 36.0}, "datetime": {"datetime": "2024-01-19 00:33:04", "elapsed": 1288.586704, "delta": 0.00207}}
{"target": -13.756794778813251, "params": {"gamma": 879.2300161098066, "log10_alpha": -1.2783873121883307, "log10_colsample_bytree": -0.9229799421256447, "log10_eta": -2.6429046889448498, "log10_lambda": -3.631430854364132, "log10_min_child_weight": 0.5274866328603245, "log10_subsample": -0.5404827436830856, "max_depth": 7.0, "num_boost_round": 37.0}, "datetime": {"datetime": "2024-01-19 00:33:04", "elapsed": 1288.588763, "delta": 0.002059}}
{"target": -13.75677687898108, "params": {"gamma": 879.2300161098066, "log10_alpha": -1.2783873121883307, "log10_colsample_bytree": -0.9229799421256447, "log10_eta": -2.6429046889448498, "log10_lambda": -3.631430854364132, "log10_min_child_weight": 0.5274866328603245, "log10_subsample": -0.5404827436830856, "max_depth": 7.0, "num_boost_round": 38.0}, "datetime": {"datetime": "2024-01-19 00:33:04", "elapsed": 1288.590858, "delta": 0.002095}}
{"target": -13.756804114249983, "params": {"gamma": 879.2300161098066, "log10_alpha": -1.2783873121883307, "log10_colsample_bytree": -0.9229799421256447, "log10_eta": -2.6429046889448498, "log10_lambda": -3.631430854364132, "log10_min_child_weight": 0.5274866328603245, "log10_subsample": -0.5404827436830856, "max_depth": 7.0, "num_boost_round": 39.0}, "datetime": {"datetime": "2024-01-19 00:33:04", "elapsed": 1288.593069, "delta": 0.002211}}
{"target": -13.75678823891282, "params": {"gamma": 879.2300161098066, "log10_alpha": -1.2783873121883307, "log10_colsample_bytree": -0.9229799421256447, "log10_eta": -2.6429046889448498, "log10_lambda": -3.631430854364132, "log10_min_child_weight": 0.5274866328603245, "log10_subsample": -0.5404827436830856, "max_depth": 7.0, "num_boost_round": 40.0}, "datetime": {"datetime": "2024-01-19 00:33:04", "elapsed": 1288.595157, "delta": 0.002088}}
{"target": -13.75853796555205, "params": {"gamma": 890.6254373320461, "log10_alpha": 0.43800724572567074, "log10_colsample_bytree": -0.18017780818218365, "log10_eta": -3.035854037842634, "log10_lambda": 0.7498781776246144, "log10_min_child_weight": 4.837695392210238, "log10_subsample": -0.29925636791745647, "max_depth": 2.0, "num_boost_round": 0.0}, "datetime": {"datetime": "2024-01-19 00:33:28", "elapsed": 1312.63886, "delta": 24.043703}}
{"target": -13.758534458110812, "params": {"gamma": 890.6254373320461, "log10_alpha": 0.43800724572567074, "log10_colsample_bytree": -0.18017780818218365, "log10_eta": -3.035854037842634, "log10_lambda": 0.7498781776246144, "log10_min_child_weight": 4.837695392210238, "log10_subsample": -0.29925636791745647, "max_depth": 2.0, "num_boost_round": 1.0}, "datetime": {"datetime": "2024-01-19 00:33:28", "elapsed": 1312.641232, "delta": 0.002372}}
{"target": -13.758531272183117, "params": {"gamma": 890.6254373320461, "log10_alpha": 0.43800724572567074, "log10_colsample_bytree": -0.18017780818218365, "log10_eta": -3.035854037842634, "log10_lambda": 0.7498781776246144, "log10_min_child_weight": 4.837695392210238, "log10_subsample": -0.29925636791745647, "max_depth": 2.0, "num_boost_round": 2.0}, "datetime": {"datetime": "2024-01-19 00:33:28", "elapsed": 1312.644014, "delta": 0.002782}}
{"target": -13.758528923804146, "params": {"gamma": 890.6254373320461, "log10_alpha": 0.43800724572567074, "log10_colsample_bytree": -0.18017780818218365, "log10_eta": -3.035854037842634, "log10_lambda": 0.7498781776246144, "log10_min_child_weight": 4.837695392210238, "log10_subsample": -0.29925636791745647, "max_depth": 2.0, "num_boost_round": 3.0}, "datetime": {"datetime": "2024-01-19 00:33:28", "elapsed": 1312.646282, "delta": 0.002268}}
{"target": -13.758525499409863, "params": {"gamma": 890.6254373320461, "log10_alpha": 0.43800724572567074, "log10_colsample_bytree": -0.18017780818218365, "log10_eta": -3.035854037842634, "log10_lambda": 0.7498781776246144, "log10_min_child_weight": 4.837695392210238, "log10_subsample": -0.29925636791745647, "max_depth": 2.0, "num_boost_round": 4.0}, "datetime": {"datetime": "2024-01-19 00:33:28", "elapsed": 1312.648421, "delta": 0.002139}}
{"target": -13.75852197215419, "params": {"gamma": 890.6254373320461, "log10_alpha": 0.43800724572567074, "log10_colsample_bytree": -0.18017780818218365, "log10_eta": -3.035854037842634, "log10_lambda": 0.7498781776246144, "log10_min_child_weight": 4.837695392210238, "log10_subsample": -0.29925636791745647, "max_depth": 2.0, "num_boost_round": 5.0}, "datetime": {"datetime": "2024-01-19 00:33:28", "elapsed": 1312.650665, "delta": 0.002244}}
{"target": -13.758520912876373, "params": {"gamma": 890.6254373320461, "log10_alpha": 0.43800724572567074, "log10_colsample_bytree": -0.18017780818218365, "log10_eta": -3.035854037842634, "log10_lambda": 0.7498781776246144, "log10_min_child_weight": 4.837695392210238, "log10_subsample": -0.29925636791745647, "max_depth": 2.0, "num_boost_round": 6.0}, "datetime": {"datetime": "2024-01-19 00:33:28", "elapsed": 1312.652883, "delta": 0.002218}}
{"target": -13.758517333998514, "params": {"gamma": 890.6254373320461, "log10_alpha": 0.43800724572567074, "log10_colsample_bytree": -0.18017780818218365, "log10_eta": -3.035854037842634, "log10_lambda": 0.7498781776246144, "log10_min_child_weight": 4.837695392210238, "log10_subsample": -0.29925636791745647, "max_depth": 2.0, "num_boost_round": 7.0}, "datetime": {"datetime": "2024-01-19 00:33:28", "elapsed": 1312.654993, "delta": 0.00211}}
{"target": -13.758516927921894, "params": {"gamma": 890.6254373320461, "log10_alpha": 0.43800724572567074, "log10_colsample_bytree": -0.18017780818218365, "log10_eta": -3.035854037842634, "log10_lambda": 0.7498781776246144, "log10_min_child_weight": 4.837695392210238, "log10_subsample": -0.29925636791745647, "max_depth": 2.0, "num_boost_round": 8.0}, "datetime": {"datetime": "2024-01-19 00:33:28", "elapsed": 1312.657088, "delta": 0.002095}}
