{"target": -17.67456403780041, "params": {"gamma": 48.46899694133211, "log10_alpha": 0.8938099263031676, "log10_colsample_bytree": -0.1826217058000309, "log10_eta": -2.487396794871521, "log10_lambda": -3.287127622747572, "log10_min_child_weight": 2.2459683609052195, "log10_subsample": -0.6730266314926409, "max_depth": 9.0, "num_boost_round": 23.0}, "datetime": {"datetime": "2024-01-19 01:00:22", "elapsed": 2976.503602, "delta": 0.003113}}
{"target": -17.67454370542809, "params": {"gamma": 48.46899694133211, "log10_alpha": 0.8938099263031676, "log10_colsample_bytree": -0.1826217058000309, "log10_eta": -2.487396794871521, "log10_lambda": -3.287127622747572, "log10_min_child_weight": 2.2459683609052195, "log10_subsample": -0.6730266314926409, "max_depth": 9.0, "num_boost_round": 24.0}, "datetime": {"datetime": "2024-01-19 01:00:22", "elapsed": 2976.506946, "delta": 0.003344}}
{"target": -17.674262311345387, "params": {"gamma": 48.46899694133211, "log10_alpha": 0.8938099263031676, "log10_colsample_bytree": -0.1826217058000309, "log10_eta": -2.487396794871521, "log10_lambda": -3.287127622747572, "log10_min_child_weight": 2.2459683609052195, "log10_subsample": -0.6730266314926409, "max_depth": 9.0, "num_boost_round": 25.0}, "datetime": {"datetime": "2024-01-19 01:00:22", "elapsed": 2976.51009, "delta": 0.003144}}
{"target": -17.674269398330516, "params": {"gamma": 48.46899694133211, "log10_alpha": 0.8938099263031676, "log10_colsample_bytree": -0.1826217058000309, "log10_eta": -2.487396794871521, "log10_lambda": -3.287127622747572, "log10_min_child_weight": 2.2459683609052195, "log10_subsample": -0.6730266314926409, "max_depth": 9.0, "num_boost_round": 26.0}, "datetime": {"datetime": "2024-01-19 01:00:22", "elapsed": 2976.513424, "delta": 0.003334}}
{"target": -17.674350154040063, "params": {"gamma": 48.46899694133211, "log10_alpha": 0.8938099263031676, "log10_colsample_bytree": -0.1826217058000309, "log10_eta": -2.487396794871521, "log10_lambda": -3.287127622747572, "log10_min_child_weight": 2.2459683609052195, "log10_subsample": -0.6730266314926409, "max_depth": 9.0, "num_boost_round": 27.0}, "datetime": {"datetime": "2024-01-19 01:00:22", "elapsed": 2976.516802, "delta": 0.003378}}
{"target": -17.6743668831872, "params": {"gamma": 48.46899694133211, "log10_alpha": 0.8938099263031676, "log10_colsample_bytree": -0.1826217058000309, "log10_eta": -2.487396794871521, "log10_lambda": -3.287127622747572, "log10_min_child_weight": 2.2459683609052195, "log10_subsample": -0.6730266314926409, "max_depth": 9.0, "num_boost_round": 28.0}, "datetime": {"datetime": "2024-01-19 01:00:22", "elapsed": 2976.520707, "delta": 0.003905}}
{"target": -17.674252736677182, "params": {"gamma": 48.46899694133211, "log10_alpha": 0.8938099263031676, "log10_colsample_bytree": -0.1826217058000309, "log10_eta": -2.487396794871521, "log10_lambda": -3.287127622747572, "log10_min_child_weight": 2.2459683609052195, "log10_subsample": -0.6730266314926409, "max_depth": 9.0, "num_boost_round": 29.0}, "datetime": {"datetime": "2024-01-19 01:00:22", "elapsed": 2976.524934, "delta": 0.004227}}
{"target": -17.674540379404164, "params": {"gamma": 48.46899694133211, "log10_alpha": 0.8938099263031676, "log10_colsample_bytree": -0.1826217058000309, "log10_eta": -2.487396794871521, "log10_lambda": -3.287127622747572, "log10_min_child_weight": 2.2459683609052195, "log10_subsample": -0.6730266314926409, "max_depth": 9.0, "num_boost_round": 30.0}, "datetime": {"datetime": "2024-01-19 01:00:22", "elapsed": 2976.528262, "delta": 0.003328}}
{"target": -17.674527921744122, "params": {"gamma": 48.46899694133211, "log10_alpha": 0.8938099263031676, "log10_colsample_bytree": -0.1826217058000309, "log10_eta": -2.487396794871521, "log10_lambda": -3.287127622747572, "log10_min_child_weight": 2.2459683609052195, "log10_subsample": -0.6730266314926409, "max_depth": 9.0, "num_boost_round": 31.0}, "datetime": {"datetime": "2024-01-19 01:00:22", "elapsed": 2976.531615, "delta": 0.003353}}
{"target": -17.674549888881536, "params": {"gamma": 48.46899694133211, "log10_alpha": 0.8938099263031676, "log10_colsample_bytree": -0.1826217058000309, "log10_eta": -2.487396794871521, "log10_lambda": -3.287127622747572, "log10_min_child_weight": 2.2459683609052195, "log10_subsample": -0.6730266314926409, "max_depth": 9.0, "num_boost_round": 32.0}, "datetime": {"datetime": "2024-01-19 01:00:22", "elapsed": 2976.534788, "delta": 0.003173}}
{"target": -17.674554626944804, "params": {"gamma": 48.46899694133211, "log10_alpha": 0.8938099263031676, "log10_colsample_bytree": -0.1826217058000309, "log10_eta": -2.487396794871521, "log10_lambda": -3.287127622747572, "log10_min_child_weight": 2.2459683609052195, "log10_subsample": -0.6730266314926409, "max_depth": 9.0, "num_boost_round": 33.0}, "datetime": {"datetime": "2024-01-19 01:00:22", "elapsed": 2976.537904, "delta": 0.003116}}
{"target": -17.674578629892732, "params": {"gamma": 48.46899694133211, "log10_alpha": 0.8938099263031676, "log10_colsample_bytree": -0.1826217058000309, "log10_eta": -2.487396794871521, "log10_lambda": -3.287127622747572, "log10_min_child_weight": 2.2459683609052195, "log10_subsample": -0.6730266314926409, "max_depth": 9.0, "num_boost_round": 34.0}, "datetime": {"datetime": "2024-01-19 01:00:22", "elapsed": 2976.541147, "delta": 0.003243}}
{"target": -17.67483271720385, "params": {"gamma": 48.46899694133211, "log10_alpha": 0.8938099263031676, "log10_colsample_bytree": -0.1826217058000309, "log10_eta": -2.487396794871521, "log10_lambda": -3.287127622747572, "log10_min_child_weight": 2.2459683609052195, "log10_subsample": -0.6730266314926409, "max_depth": 9.0, "num_boost_round": 35.0}, "datetime": {"datetime": "2024-01-19 01:00:22", "elapsed": 2976.54446, "delta": 0.003313}}
{"target": -17.677180192609043, "params": {"gamma": 46.99896356247979, "log10_alpha": -3.5079738122859396, "log10_colsample_bytree": -0.12952353079390977, "log10_eta": -2.9468171924653657, "log10_lambda": 0.4822792359561108, "log10_min_child_weight": 2.550299044554762, "log10_subsample": -0.3747257765527239, "max_depth": 9.0, "num_boost_round": 0.0}, "datetime": {"datetime": "2024-01-19 01:01:17", "elapsed": 3031.086197, "delta": 54.541737}}
{"target": -17.677160828414898, "params": {"gamma": 46.99896356247979, "log10_alpha": -3.5079738122859396, "log10_colsample_bytree": -0.12952353079390977, "log10_eta": -2.9468171924653657, "log10_lambda": 0.4822792359561108, "log10_min_child_weight": 2.550299044554762, "log10_subsample": -0.3747257765527239, "max_depth": 9.0, "num_boost_round": 1.0}, "datetime": {"datetime": "2024-01-19 01:01:17", "elapsed": 3031.090528, "delta": 0.004331}}
{"target": -17.677100282374777, "params": {"gamma": 46.99896356247979, "log10_alpha": -3.5079738122859396, "log10_colsample_bytree": -0.12952353079390977, "log10_eta": -2.9468171924653657, "log10_lambda": 0.4822792359561108, "log10_min_child_weight": 2.550299044554762, "log10_subsample": -0.3747257765527239, "max_depth": 9.0, "num_boost_round": 2.0}, "datetime": {"datetime": "2024-01-19 01:01:17", "elapsed": 3031.093684, "delta": 0.003156}}
{"target": -17.677054585885337, "params": {"gamma": 46.99896356247979, "log10_alpha": -3.5079738122859396, "log10_colsample_bytree": -0.12952353079390977, "log10_eta": -2.9468171924653657, "log10_lambda": 0.4822792359561108, "log10_min_child_weight": 2.550299044554762, "log10_subsample": -0.3747257765527239, "max_depth": 9.0, "num_boost_round": 3.0}, "datetime": {"datetime": "2024-01-19 01:01:17", "elapsed": 3031.096769, "delta": 0.003085}}
{"target": -17.677040024965613, "params": {"gamma": 46.99896356247979, "log10_alpha": -3.5079738122859396, "log10_colsample_bytree": -0.12952353079390977, "log10_eta": -2.9468171924653657, "log10_lambda": 0.4822792359561108, "log10_min_child_weight": 2.550299044554762, "log10_subsample": -0.3747257765527239, "max_depth": 9.0, "num_boost_round": 4.0}, "datetime": {"datetime": "2024-01-19 01:01:17", "elapsed": 3031.099811, "delta": 0.003042}}
{"target": -17.676992231487326, "params": {"gamma": 46.99896356247979, "log10_alpha": -3.5079738122859396, "log10_colsample_bytree": -0.12952353079390977, "log10_eta": -2.9468171924653657, "log10_lambda": 0.4822792359561108, "log10_min_child_weight": 2.550299044554762, "log10_subsample": -0.3747257765527239, "max_depth": 9.0, "num_boost_round": 5.0}, "datetime": {"datetime": "2024-01-19 01:01:17", "elapsed": 3031.102838, "delta": 0.003027}}
{"target": -17.677082235829328, "params": {"gamma": 46.99896356247979, "log10_alpha": -3.5079738122859396, "log10_colsample_bytree": -0.12952353079390977, "log10_eta": -2.9468171924653657, "log10_lambda": 0.4822792359561108, "log10_min_child_weight": 2.550299044554762, "log10_subsample": -0.3747257765527239, "max_depth": 9.0, "num_boost_round": 6.0}, "datetime": {"datetime": "2024-01-19 01:01:17", "elapsed": 3031.105856, "delta": 0.003018}}
{"target": -17.67699987349508, "params": {"gamma": 46.99896356247979, "log10_alpha": -3.5079738122859396, "log10_colsample_bytree": -0.12952353079390977, "log10_eta": -2.9468171924653657, "log10_lambda": 0.4822792359561108, "log10_min_child_weight": 2.550299044554762, "log10_subsample": -0.3747257765527239, "max_depth": 9.0, "num_boost_round": 7.0}, "datetime": {"datetime": "2024-01-19 01:01:17", "elapsed": 3031.109096, "delta": 0.00324}}
{"target": -17.676969778141796, "params": {"gamma": 46.99896356247979, "log10_alpha": -3.5079738122859396, "log10_colsample_bytree": -0.12952353079390977, "log10_eta": -2.9468171924653657, "log10_lambda": 0.4822792359561108, "log10_min_child_weight": 2.550299044554762, "log10_subsample": -0.3747257765527239, "max_depth": 9.0, "num_boost_round": 8.0}, "datetime": {"datetime": "2024-01-19 01:01:17", "elapsed": 3031.11221, "delta": 0.003114}}
{"target": -17.676932102823006, "params": {"gamma": 46.99896356247979, "log10_alpha": -3.5079738122859396, "log10_colsample_bytree": -0.12952353079390977, "log10_eta": -2.9468171924653657, "log10_lambda": 0.4822792359561108, "log10_min_child_weight": 2.550299044554762, "log10_subsample": -0.3747257765527239, "max_depth": 9.0, "num_boost_round": 9.0}, "datetime": {"datetime": "2024-01-19 01:01:17", "elapsed": 3031.115442, "delta": 0.003232}}
{"target": -17.67690136892648, "params": {"gamma": 46.99896356247979, "log10_alpha": -3.5079738122859396, "log10_colsample_bytree": -0.12952353079390977, "log10_eta": -2.9468171924653657, "log10_lambda": 0.4822792359561108, "log10_min_child_weight": 2.550299044554762, "log10_subsample": -0.3747257765527239, "max_depth": 9.0, "num_boost_round": 10.0}, "datetime": {"datetime": "2024-01-19 01:01:17", "elapsed": 3031.118595, "delta": 0.003153}}
{"target": -17.67686732253458, "params": {"gamma": 46.99896356247979, "log10_alpha": -3.5079738122859396, "log10_colsample_bytree": -0.12952353079390977, "log10_eta": -2.9468171924653657, "log10_lambda": 0.4822792359561108, "log10_min_child_weight": 2.550299044554762, "log10_subsample": -0.3747257765527239, "max_depth": 9.0, "num_boost_round": 11.0}, "datetime": {"datetime": "2024-01-19 01:01:17", "elapsed": 3031.121695, "delta": 0.0031}}
{"target": -17.67677482608647, "params": {"gamma": 46.99896356247979, "log10_alpha": -3.5079738122859396, "log10_colsample_bytree": -0.12952353079390977, "log10_eta": -2.9468171924653657, "log10_lambda": 0.4822792359561108, "log10_min_child_weight": 2.550299044554762, "log10_subsample": -0.3747257765527239, "max_depth": 9.0, "num_boost_round": 12.0}, "datetime": {"datetime": "2024-01-19 01:01:17", "elapsed": 3031.124762, "delta": 0.003067}}
{"target": -17.67674222592387, "params": {"gamma": 46.99896356247979, "log10_alpha": -3.5079738122859396, "log10_colsample_bytree": -0.12952353079390977, "log10_eta": -2.9468171924653657, "log10_lambda": 0.4822792359561108, "log10_min_child_weight": 2.550299044554762, "log10_subsample": -0.3747257765527239, "max_depth": 9.0, "num_boost_round": 13.0}, "datetime": {"datetime": "2024-01-19 01:01:17", "elapsed": 3031.127954, "delta": 0.003192}}
{"target": -17.67676721402573, "params": {"gamma": 46.99896356247979, "log10_alpha": -3.5079738122859396, "log10_colsample_bytree": -0.12952353079390977, "log10_eta": -2.9468171924653657, "log10_lambda": 0.4822792359561108, "log10_min_child_weight": 2.550299044554762, "log10_subsample": -0.3747257765527239, "max_depth": 9.0, "num_boost_round": 14.0}, "datetime": {"datetime": "2024-01-19 01:01:17", "elapsed": 3031.131199, "delta": 0.003245}}
{"target": -17.676749577176857, "params": {"gamma": 46.99896356247979, "log10_alpha": -3.5079738122859396, "log10_colsample_bytree": -0.12952353079390977, "log10_eta": -2.9468171924653657, "log10_lambda": 0.4822792359561108, "log10_min_child_weight": 2.550299044554762, "log10_subsample": -0.3747257765527239, "max_depth": 9.0, "num_boost_round": 15.0}, "datetime": {"datetime": "2024-01-19 01:01:17", "elapsed": 3031.134265, "delta": 0.003066}}
{"target": -17.67669740819037, "params": {"gamma": 46.99896356247979, "log10_alpha": -3.5079738122859396, "log10_colsample_bytree": -0.12952353079390977, "log10_eta": -2.9468171924653657, "log10_lambda": 0.4822792359561108, "log10_min_child_weight": 2.550299044554762, "log10_subsample": -0.3747257765527239, "max_depth": 9.0, "num_boost_round": 16.0}, "datetime": {"datetime": "2024-01-19 01:01:17", "elapsed": 3031.137856, "delta": 0.003591}}
{"target": -17.676671646226723, "params": {"gamma": 46.99896356247979, "log10_alpha": -3.5079738122859396, "log10_colsample_bytree": -0.12952353079390977, "log10_eta": -2.9468171924653657, "log10_lambda": 0.4822792359561108, "log10_min_child_weight": 2.550299044554762, "log10_subsample": -0.3747257765527239, "max_depth": 9.0, "num_boost_round": 17.0}, "datetime": {"datetime": "2024-01-19 01:01:17", "elapsed": 3031.140921, "delta": 0.003065}}
{"target": -17.676708974521446, "params": {"gamma": 46.99896356247979, "log10_alpha": -3.5079738122859396, "log10_colsample_bytree": -0.12952353079390977, "log10_eta": -2.9468171924653657, "log10_lambda": 0.4822792359561108, "log10_min_child_weight": 2.550299044554762, "log10_subsample": -0.3747257765527239, "max_depth": 9.0, "num_boost_round": 18.0}, "datetime": {"datetime": "2024-01-19 01:01:17", "elapsed": 3031.144064, "delta": 0.003143}}
{"target": -17.676711013926173, "params": {"gamma": 46.99896356247979, "log10_alpha": -3.5079738122859396, "log10_colsample_bytree": -0.12952353079390977, "log10_eta": -2.9468171924653657, "log10_lambda": 0.4822792359561108, "log10_min_child_weight": 2.550299044554762, "log10_subsample": -0.3747257765527239, "max_depth": 9.0, "num_boost_round": 19.0}, "datetime": {"datetime": "2024-01-19 01:01:17", "elapsed": 3031.147252, "delta": 0.003188}}
{"target": -17.676647756369274, "params": {"gamma": 46.99896356247979, "log10_alpha": -3.5079738122859396, "log10_colsample_bytree": -0.12952353079390977, "log10_eta": -2.9468171924653657, "log10_lambda": 0.4822792359561108, "log10_min_child_weight": 2.550299044554762, "log10_subsample": -0.3747257765527239, "max_depth": 9.0, "num_boost_round": 20.0}, "datetime": {"datetime": "2024-01-19 01:01:17", "elapsed": 3031.150348, "delta": 0.003096}}
{"target": -17.676600645558985, "params": {"gamma": 46.99896356247979, "log10_alpha": -3.5079738122859396, "log10_colsample_bytree": -0.12952353079390977, "log10_eta": -2.9468171924653657, "log10_lambda": 0.4822792359561108, "log10_min_child_weight": 2.550299044554762, "log10_subsample": -0.3747257765527239, "max_depth": 9.0, "num_boost_round": 21.0}, "datetime": {"datetime": "2024-01-19 01:01:17", "elapsed": 3031.153457, "delta": 0.003109}}
{"target": -17.6765560359283, "params": {"gamma": 46.99896356247979, "log10_alpha": -3.5079738122859396, "log10_colsample_bytree": -0.12952353079390977, "log10_eta": -2.9468171924653657, "log10_lambda": 0.4822792359561108, "log10_min_child_weight": 2.550299044554762, "log10_subsample": -0.3747257765527239, "max_depth": 9.0, "num_boost_round": 22.0}, "datetime": {"datetime": "2024-01-19 01:01:17", "elapsed": 3031.156558, "delta": 0.003101}}
{"target": -17.676538690895093, "params": {"gamma": 46.99896356247979, "log10_alpha": -3.5079738122859396, "log10_colsample_bytree": -0.12952353079390977, "log10_eta": -2.9468171924653657, "log10_lambda": 0.4822792359561108, "log10_min_child_weight": 2.550299044554762, "log10_subsample": -0.3747257765527239, "max_depth": 9.0, "num_boost_round": 23.0}, "datetime": {"datetime": "2024-01-19 01:01:17", "elapsed": 3031.159634, "delta": 0.003076}}
{"target": -17.676448777302483, "params": {"gamma": 46.99896356247979, "log10_alpha": -3.5079738122859396, "log10_colsample_bytree": -0.12952353079390977, "log10_eta": -2.9468171924653657, "log10_lambda": 0.4822792359561108, "log10_min_child_weight": 2.550299044554762, "log10_subsample": -0.3747257765527239, "max_depth": 9.0, "num_boost_round": 24.0}, "datetime": {"datetime": "2024-01-19 01:01:17", "elapsed": 3031.162687, "delta": 0.003053}}
{"target": -17.677226336472366, "params": {"gamma": 24.12071044641817, "log10_alpha": 0.6043450694920738, "log10_colsample_bytree": -0.8461030105749222, "log10_eta": -3.7023147691131215, "log10_lambda": -4.273923581715811, "log10_min_child_weight": 1.7937179341177412, "log10_subsample": -0.8520914684277966, "max_depth": 8.0, "num_boost_round": 0.0}, "datetime": {"datetime": "2024-01-19 01:02:33", "elapsed": 3107.070659, "delta": 75.907972}}
{"target": -17.677229220410204, "params": {"gamma": 24.12071044641817, "log10_alpha": 0.6043450694920738, "log10_colsample_bytree": -0.8461030105749222, "log10_eta": -3.7023147691131215, "log10_lambda": -4.273923581715811, "log10_min_child_weight": 1.7937179341177412, "log10_subsample": -0.8520914684277966, "max_depth": 8.0, "num_boost_round": 1.0}, "datetime": {"datetime": "2024-01-19 01:02:33", "elapsed": 3107.085133, "delta": 0.014474}}
{"target": -17.677225133865395, "params": {"gamma": 24.12071044641817, "log10_alpha": 0.6043450694920738, "log10_colsample_bytree": -0.8461030105749222, "log10_eta": -3.7023147691131215, "log10_lambda": -4.273923581715811, "log10_min_child_weight": 1.7937179341177412, "log10_subsample": -0.8520914684277966, "max_depth": 8.0, "num_boost_round": 2.0}, "datetime": {"datetime": "2024-01-19 01:02:33", "elapsed": 3107.088638, "delta": 0.003505}}
{"target": -17.67722389822442, "params": {"gamma": 24.12071044641817, "log10_alpha": 0.6043450694920738, "log10_colsample_bytree": -0.8461030105749222, "log10_eta": -3.7023147691131215, "log10_lambda": -4.273923581715811, "log10_min_child_weight": 1.7937179341177412, "log10_subsample": -0.8520914684277966, "max_depth": 8.0, "num_boost_round": 3.0}, "datetime": {"datetime": "2024-01-19 01:02:33", "elapsed": 3107.091761, "delta": 0.003123}}
{"target": -17.677199419395052, "params": {"gamma": 24.12071044641817, "log10_alpha": 0.6043450694920738, "log10_colsample_bytree": -0.8461030105749222, "log10_eta": -3.7023147691131215, "log10_lambda": -4.273923581715811, "log10_min_child_weight": 1.7937179341177412, "log10_subsample": -0.8520914684277966, "max_depth": 8.0, "num_boost_round": 4.0}, "datetime": {"datetime": "2024-01-19 01:02:33", "elapsed": 3107.094895, "delta": 0.003134}}
{"target": -17.677197718760855, "params": {"gamma": 24.12071044641817, "log10_alpha": 0.6043450694920738, "log10_colsample_bytree": -0.8461030105749222, "log10_eta": -3.7023147691131215, "log10_lambda": -4.273923581715811, "log10_min_child_weight": 1.7937179341177412, "log10_subsample": -0.8520914684277966, "max_depth": 8.0, "num_boost_round": 5.0}, "datetime": {"datetime": "2024-01-19 01:02:33", "elapsed": 3107.097931, "delta": 0.003036}}
{"target": -17.677205353872424, "params": {"gamma": 24.12071044641817, "log10_alpha": 0.6043450694920738, "log10_colsample_bytree": -0.8461030105749222, "log10_eta": -3.7023147691131215, "log10_lambda": -4.273923581715811, "log10_min_child_weight": 1.7937179341177412, "log10_subsample": -0.8520914684277966, "max_depth": 8.0, "num_boost_round": 6.0}, "datetime": {"datetime": "2024-01-19 01:02:33", "elapsed": 3107.100947, "delta": 0.003016}}
{"target": -17.677188464727987, "params": {"gamma": 24.12071044641817, "log10_alpha": 0.6043450694920738, "log10_colsample_bytree": -0.8461030105749222, "log10_eta": -3.7023147691131215, "log10_lambda": -4.273923581715811, "log10_min_child_weight": 1.7937179341177412, "log10_subsample": -0.8520914684277966, "max_depth": 8.0, "num_boost_round": 7.0}, "datetime": {"datetime": "2024-01-19 01:02:33", "elapsed": 3107.104083, "delta": 0.003136}}
{"target": -17.677185323475367, "params": {"gamma": 24.12071044641817, "log10_alpha": 0.6043450694920738, "log10_colsample_bytree": -0.8461030105749222, "log10_eta": -3.7023147691131215, "log10_lambda": -4.273923581715811, "log10_min_child_weight": 1.7937179341177412, "log10_subsample": -0.8520914684277966, "max_depth": 8.0, "num_boost_round": 8.0}, "datetime": {"datetime": "2024-01-19 01:02:33", "elapsed": 3107.107461, "delta": 0.003378}}
{"target": -17.67717307010187, "params": {"gamma": 24.12071044641817, "log10_alpha": 0.6043450694920738, "log10_colsample_bytree": -0.8461030105749222, "log10_eta": -3.7023147691131215, "log10_lambda": -4.273923581715811, "log10_min_child_weight": 1.7937179341177412, "log10_subsample": -0.8520914684277966, "max_depth": 8.0, "num_boost_round": 9.0}, "datetime": {"datetime": "2024-01-19 01:02:33", "elapsed": 3107.110506, "delta": 0.003045}}
{"target": -17.677229667716894, "params": {"gamma": 39.82603495542932, "log10_alpha": -4.185139515079497, "log10_colsample_bytree": -1.0, "log10_eta": -4.0, "log10_lambda": 1.0, "log10_min_child_weight": 0.0, "log10_subsample": 0.0, "max_depth": 2.0, "num_boost_round": 0.0}, "datetime": {"datetime": "2024-01-19 01:03:20", "elapsed": 3153.969773, "delta": 46.859267}}
