{"target": -13.758525047301145, "params": {"gamma": 398.2500963093061, "log10_alpha": 1.0, "log10_colsample_bytree": -0.6267554482448481, "log10_eta": -4.0, "log10_lambda": -5.0, "log10_min_child_weight": 2.369421362687161, "log10_subsample": -0.8587738540626205, "max_depth": 2.0, "num_boost_round": 13.0}, "datetime": {"datetime": "2024-01-19 01:13:20", "elapsed": 3703.665595, "delta": 0.004736}}
{"target": -13.758524430554695, "params": {"gamma": 398.2500963093061, "log10_alpha": 1.0, "log10_colsample_bytree": -0.6267554482448481, "log10_eta": -4.0, "log10_lambda": -5.0, "log10_min_child_weight": 2.369421362687161, "log10_subsample": -0.8587738540626205, "max_depth": 2.0, "num_boost_round": 14.0}, "datetime": {"datetime": "2024-01-19 01:13:20", "elapsed": 3703.670368, "delta": 0.004773}}
{"target": -13.758523634276736, "params": {"gamma": 398.2500963093061, "log10_alpha": 1.0, "log10_colsample_bytree": -0.6267554482448481, "log10_eta": -4.0, "log10_lambda": -5.0, "log10_min_child_weight": 2.369421362687161, "log10_subsample": -0.8587738540626205, "max_depth": 2.0, "num_boost_round": 15.0}, "datetime": {"datetime": "2024-01-19 01:13:20", "elapsed": 3703.675055, "delta": 0.004687}}
{"target": -13.758522535603888, "params": {"gamma": 398.2500963093061, "log10_alpha": 1.0, "log10_colsample_bytree": -0.6267554482448481, "log10_eta": -4.0, "log10_lambda": -5.0, "log10_min_child_weight": 2.369421362687161, "log10_subsample": -0.8587738540626205, "max_depth": 2.0, "num_boost_round": 16.0}, "datetime": {"datetime": "2024-01-19 01:13:20", "elapsed": 3703.679738, "delta": 0.004683}}
{"target": -13.758522369804103, "params": {"gamma": 398.2500963093061, "log10_alpha": 1.0, "log10_colsample_bytree": -0.6267554482448481, "log10_eta": -4.0, "log10_lambda": -5.0, "log10_min_child_weight": 2.369421362687161, "log10_subsample": -0.8587738540626205, "max_depth": 2.0, "num_boost_round": 17.0}, "datetime": {"datetime": "2024-01-19 01:13:20", "elapsed": 3703.684506, "delta": 0.004768}}
{"target": -13.75852247155091, "params": {"gamma": 398.2500963093061, "log10_alpha": 1.0, "log10_colsample_bytree": -0.6267554482448481, "log10_eta": -4.0, "log10_lambda": -5.0, "log10_min_child_weight": 2.369421362687161, "log10_subsample": -0.8587738540626205, "max_depth": 2.0, "num_boost_round": 18.0}, "datetime": {"datetime": "2024-01-19 01:13:20", "elapsed": 3703.689183, "delta": 0.004677}}
{"target": -13.758522214387929, "params": {"gamma": 398.2500963093061, "log10_alpha": 1.0, "log10_colsample_bytree": -0.6267554482448481, "log10_eta": -4.0, "log10_lambda": -5.0, "log10_min_child_weight": 2.369421362687161, "log10_subsample": -0.8587738540626205, "max_depth": 2.0, "num_boost_round": 19.0}, "datetime": {"datetime": "2024-01-19 01:13:20", "elapsed": 3703.694049, "delta": 0.004866}}
{"target": -13.758521607192035, "params": {"gamma": 398.2500963093061, "log10_alpha": 1.0, "log10_colsample_bytree": -0.6267554482448481, "log10_eta": -4.0, "log10_lambda": -5.0, "log10_min_child_weight": 2.369421362687161, "log10_subsample": -0.8587738540626205, "max_depth": 2.0, "num_boost_round": 20.0}, "datetime": {"datetime": "2024-01-19 01:13:20", "elapsed": 3703.698891, "delta": 0.004842}}
{"target": -13.758520943029277, "params": {"gamma": 398.2500963093061, "log10_alpha": 1.0, "log10_colsample_bytree": -0.6267554482448481, "log10_eta": -4.0, "log10_lambda": -5.0, "log10_min_child_weight": 2.369421362687161, "log10_subsample": -0.8587738540626205, "max_depth": 2.0, "num_boost_round": 21.0}, "datetime": {"datetime": "2024-01-19 01:13:20", "elapsed": 3703.703798, "delta": 0.004907}}
{"target": -13.758520086062184, "params": {"gamma": 398.2500963093061, "log10_alpha": 1.0, "log10_colsample_bytree": -0.6267554482448481, "log10_eta": -4.0, "log10_lambda": -5.0, "log10_min_child_weight": 2.369421362687161, "log10_subsample": -0.8587738540626205, "max_depth": 2.0, "num_boost_round": 22.0}, "datetime": {"datetime": "2024-01-19 01:13:20", "elapsed": 3703.708492, "delta": 0.004694}}
{"target": -13.758518989541633, "params": {"gamma": 398.2500963093061, "log10_alpha": 1.0, "log10_colsample_bytree": -0.6267554482448481, "log10_eta": -4.0, "log10_lambda": -5.0, "log10_min_child_weight": 2.369421362687161, "log10_subsample": -0.8587738540626205, "max_depth": 2.0, "num_boost_round": 23.0}, "datetime": {"datetime": "2024-01-19 01:13:20", "elapsed": 3703.713288, "delta": 0.004796}}
{"target": -13.75851896351533, "params": {"gamma": 398.2500963093061, "log10_alpha": 1.0, "log10_colsample_bytree": -0.6267554482448481, "log10_eta": -4.0, "log10_lambda": -5.0, "log10_min_child_weight": 2.369421362687161, "log10_subsample": -0.8587738540626205, "max_depth": 2.0, "num_boost_round": 24.0}, "datetime": {"datetime": "2024-01-19 01:13:20", "elapsed": 3703.717999, "delta": 0.004711}}
{"target": -13.758517369373616, "params": {"gamma": 398.2500963093061, "log10_alpha": 1.0, "log10_colsample_bytree": -0.6267554482448481, "log10_eta": -4.0, "log10_lambda": -5.0, "log10_min_child_weight": 2.369421362687161, "log10_subsample": -0.8587738540626205, "max_depth": 2.0, "num_boost_round": 25.0}, "datetime": {"datetime": "2024-01-19 01:13:20", "elapsed": 3703.722744, "delta": 0.004745}}
{"target": -13.758516182641877, "params": {"gamma": 398.2500963093061, "log10_alpha": 1.0, "log10_colsample_bytree": -0.6267554482448481, "log10_eta": -4.0, "log10_lambda": -5.0, "log10_min_child_weight": 2.369421362687161, "log10_subsample": -0.8587738540626205, "max_depth": 2.0, "num_boost_round": 26.0}, "datetime": {"datetime": "2024-01-19 01:13:20", "elapsed": 3703.727428, "delta": 0.004684}}
{"target": -13.758514207380493, "params": {"gamma": 398.2500963093061, "log10_alpha": 1.0, "log10_colsample_bytree": -0.6267554482448481, "log10_eta": -4.0, "log10_lambda": -5.0, "log10_min_child_weight": 2.369421362687161, "log10_subsample": -0.8587738540626205, "max_depth": 2.0, "num_boost_round": 27.0}, "datetime": {"datetime": "2024-01-19 01:13:20", "elapsed": 3703.732237, "delta": 0.004809}}
{"target": -13.758512732893788, "params": {"gamma": 398.2500963093061, "log10_alpha": 1.0, "log10_colsample_bytree": -0.6267554482448481, "log10_eta": -4.0, "log10_lambda": -5.0, "log10_min_child_weight": 2.369421362687161, "log10_subsample": -0.8587738540626205, "max_depth": 2.0, "num_boost_round": 28.0}, "datetime": {"datetime": "2024-01-19 01:13:20", "elapsed": 3703.736937, "delta": 0.0047}}
{"target": -13.758510750438044, "params": {"gamma": 398.2500963093061, "log10_alpha": 1.0, "log10_colsample_bytree": -0.6267554482448481, "log10_eta": -4.0, "log10_lambda": -5.0, "log10_min_child_weight": 2.369421362687161, "log10_subsample": -0.8587738540626205, "max_depth": 2.0, "num_boost_round": 29.0}, "datetime": {"datetime": "2024-01-19 01:13:20", "elapsed": 3703.741706, "delta": 0.004769}}
{"target": -13.758509112160025, "params": {"gamma": 398.2500963093061, "log10_alpha": 1.0, "log10_colsample_bytree": -0.6267554482448481, "log10_eta": -4.0, "log10_lambda": -5.0, "log10_min_child_weight": 2.369421362687161, "log10_subsample": -0.8587738540626205, "max_depth": 2.0, "num_boost_round": 30.0}, "datetime": {"datetime": "2024-01-19 01:13:20", "elapsed": 3703.746393, "delta": 0.004687}}
{"target": -13.75850671964669, "params": {"gamma": 398.2500963093061, "log10_alpha": 1.0, "log10_colsample_bytree": -0.6267554482448481, "log10_eta": -4.0, "log10_lambda": -5.0, "log10_min_child_weight": 2.369421362687161, "log10_subsample": -0.8587738540626205, "max_depth": 2.0, "num_boost_round": 31.0}, "datetime": {"datetime": "2024-01-19 01:13:20", "elapsed": 3703.751174, "delta": 0.004781}}
{"target": -13.758505087206437, "params": {"gamma": 398.2500963093061, "log10_alpha": 1.0, "log10_colsample_bytree": -0.6267554482448481, "log10_eta": -4.0, "log10_lambda": -5.0, "log10_min_child_weight": 2.369421362687161, "log10_subsample": -0.8587738540626205, "max_depth": 2.0, "num_boost_round": 32.0}, "datetime": {"datetime": "2024-01-19 01:13:20", "elapsed": 3703.755866, "delta": 0.004692}}
{"target": -13.758504500522864, "params": {"gamma": 398.2500963093061, "log10_alpha": 1.0, "log10_colsample_bytree": -0.6267554482448481, "log10_eta": -4.0, "log10_lambda": -5.0, "log10_min_child_weight": 2.369421362687161, "log10_subsample": -0.8587738540626205, "max_depth": 2.0, "num_boost_round": 33.0}, "datetime": {"datetime": "2024-01-19 01:13:20", "elapsed": 3703.760613, "delta": 0.004747}}
{"target": -13.758504215253108, "params": {"gamma": 398.2500963093061, "log10_alpha": 1.0, "log10_colsample_bytree": -0.6267554482448481, "log10_eta": -4.0, "log10_lambda": -5.0, "log10_min_child_weight": 2.369421362687161, "log10_subsample": -0.8587738540626205, "max_depth": 2.0, "num_boost_round": 34.0}, "datetime": {"datetime": "2024-01-19 01:13:20", "elapsed": 3703.765286, "delta": 0.004673}}
{"target": -13.75850380706861, "params": {"gamma": 398.2500963093061, "log10_alpha": 1.0, "log10_colsample_bytree": -0.6267554482448481, "log10_eta": -4.0, "log10_lambda": -5.0, "log10_min_child_weight": 2.369421362687161, "log10_subsample": -0.8587738540626205, "max_depth": 2.0, "num_boost_round": 35.0}, "datetime": {"datetime": "2024-01-19 01:13:20", "elapsed": 3703.770102, "delta": 0.004816}}
{"target": -13.758502829670514, "params": {"gamma": 398.2500963093061, "log10_alpha": 1.0, "log10_colsample_bytree": -0.6267554482448481, "log10_eta": -4.0, "log10_lambda": -5.0, "log10_min_child_weight": 2.369421362687161, "log10_subsample": -0.8587738540626205, "max_depth": 2.0, "num_boost_round": 36.0}, "datetime": {"datetime": "2024-01-19 01:13:20", "elapsed": 3703.774816, "delta": 0.004714}}
{"target": -13.758502712082274, "params": {"gamma": 398.2500963093061, "log10_alpha": 1.0, "log10_colsample_bytree": -0.6267554482448481, "log10_eta": -4.0, "log10_lambda": -5.0, "log10_min_child_weight": 2.369421362687161, "log10_subsample": -0.8587738540626205, "max_depth": 2.0, "num_boost_round": 37.0}, "datetime": {"datetime": "2024-01-19 01:13:20", "elapsed": 3703.779565, "delta": 0.004749}}
{"target": -13.758501471984319, "params": {"gamma": 398.2500963093061, "log10_alpha": 1.0, "log10_colsample_bytree": -0.6267554482448481, "log10_eta": -4.0, "log10_lambda": -5.0, "log10_min_child_weight": 2.369421362687161, "log10_subsample": -0.8587738540626205, "max_depth": 2.0, "num_boost_round": 38.0}, "datetime": {"datetime": "2024-01-19 01:13:20", "elapsed": 3703.784269, "delta": 0.004704}}
{"target": -13.758501890486656, "params": {"gamma": 398.2500963093061, "log10_alpha": 1.0, "log10_colsample_bytree": -0.6267554482448481, "log10_eta": -4.0, "log10_lambda": -5.0, "log10_min_child_weight": 2.369421362687161, "log10_subsample": -0.8587738540626205, "max_depth": 2.0, "num_boost_round": 39.0}, "datetime": {"datetime": "2024-01-19 01:13:20", "elapsed": 3703.788979, "delta": 0.00471}}
{"target": -13.75850181957493, "params": {"gamma": 398.2500963093061, "log10_alpha": 1.0, "log10_colsample_bytree": -0.6267554482448481, "log10_eta": -4.0, "log10_lambda": -5.0, "log10_min_child_weight": 2.369421362687161, "log10_subsample": -0.8587738540626205, "max_depth": 2.0, "num_boost_round": 40.0}, "datetime": {"datetime": "2024-01-19 01:13:20", "elapsed": 3703.884398, "delta": 0.095419}}
{"target": -13.758500558929935, "params": {"gamma": 398.2500963093061, "log10_alpha": 1.0, "log10_colsample_bytree": -0.6267554482448481, "log10_eta": -4.0, "log10_lambda": -5.0, "log10_min_child_weight": 2.369421362687161, "log10_subsample": -0.8587738540626205, "max_depth": 2.0, "num_boost_round": 41.0}, "datetime": {"datetime": "2024-01-19 01:13:20", "elapsed": 3703.889996, "delta": 0.005598}}
{"target": -13.758500362291015, "params": {"gamma": 398.2500963093061, "log10_alpha": 1.0, "log10_colsample_bytree": -0.6267554482448481, "log10_eta": -4.0, "log10_lambda": -5.0, "log10_min_child_weight": 2.369421362687161, "log10_subsample": -0.8587738540626205, "max_depth": 2.0, "num_boost_round": 42.0}, "datetime": {"datetime": "2024-01-19 01:13:20", "elapsed": 3703.895142, "delta": 0.005146}}
{"target": -13.758499825184316, "params": {"gamma": 398.2500963093061, "log10_alpha": 1.0, "log10_colsample_bytree": -0.6267554482448481, "log10_eta": -4.0, "log10_lambda": -5.0, "log10_min_child_weight": 2.369421362687161, "log10_subsample": -0.8587738540626205, "max_depth": 2.0, "num_boost_round": 43.0}, "datetime": {"datetime": "2024-01-19 01:13:20", "elapsed": 3703.900011, "delta": 0.004869}}
{"target": -13.758498598811615, "params": {"gamma": 398.2500963093061, "log10_alpha": 1.0, "log10_colsample_bytree": -0.6267554482448481, "log10_eta": -4.0, "log10_lambda": -5.0, "log10_min_child_weight": 2.369421362687161, "log10_subsample": -0.8587738540626205, "max_depth": 2.0, "num_boost_round": 44.0}, "datetime": {"datetime": "2024-01-19 01:13:20", "elapsed": 3703.904912, "delta": 0.004901}}
{"target": -13.758498644846673, "params": {"gamma": 398.2500963093061, "log10_alpha": 1.0, "log10_colsample_bytree": -0.6267554482448481, "log10_eta": -4.0, "log10_lambda": -5.0, "log10_min_child_weight": 2.369421362687161, "log10_subsample": -0.8587738540626205, "max_depth": 2.0, "num_boost_round": 45.0}, "datetime": {"datetime": "2024-01-19 01:13:20", "elapsed": 3703.909825, "delta": 0.004913}}
{"target": -13.758496778331146, "params": {"gamma": 398.2500963093061, "log10_alpha": 1.0, "log10_colsample_bytree": -0.6267554482448481, "log10_eta": -4.0, "log10_lambda": -5.0, "log10_min_child_weight": 2.369421362687161, "log10_subsample": -0.8587738540626205, "max_depth": 2.0, "num_boost_round": 46.0}, "datetime": {"datetime": "2024-01-19 01:13:20", "elapsed": 3703.914736, "delta": 0.004911}}
{"target": -13.758495978364804, "params": {"gamma": 398.2500963093061, "log10_alpha": 1.0, "log10_colsample_bytree": -0.6267554482448481, "log10_eta": -4.0, "log10_lambda": -5.0, "log10_min_child_weight": 2.369421362687161, "log10_subsample": -0.8587738540626205, "max_depth": 2.0, "num_boost_round": 47.0}, "datetime": {"datetime": "2024-01-19 01:13:20", "elapsed": 3703.919683, "delta": 0.004947}}
{"target": -13.75849576111813, "params": {"gamma": 398.2500963093061, "log10_alpha": 1.0, "log10_colsample_bytree": -0.6267554482448481, "log10_eta": -4.0, "log10_lambda": -5.0, "log10_min_child_weight": 2.369421362687161, "log10_subsample": -0.8587738540626205, "max_depth": 2.0, "num_boost_round": 48.0}, "datetime": {"datetime": "2024-01-19 01:13:20", "elapsed": 3703.924718, "delta": 0.005035}}
{"target": -13.75849554648766, "params": {"gamma": 398.2500963093061, "log10_alpha": 1.0, "log10_colsample_bytree": -0.6267554482448481, "log10_eta": -4.0, "log10_lambda": -5.0, "log10_min_child_weight": 2.369421362687161, "log10_subsample": -0.8587738540626205, "max_depth": 2.0, "num_boost_round": 49.0}, "datetime": {"datetime": "2024-01-19 01:13:20", "elapsed": 3703.929621, "delta": 0.004903}}
{"target": -13.758495188820985, "params": {"gamma": 398.2500963093061, "log10_alpha": 1.0, "log10_colsample_bytree": -0.6267554482448481, "log10_eta": -4.0, "log10_lambda": -5.0, "log10_min_child_weight": 2.369421362687161, "log10_subsample": -0.8587738540626205, "max_depth": 2.0, "num_boost_round": 50.0}, "datetime": {"datetime": "2024-01-19 01:13:20", "elapsed": 3703.93455, "delta": 0.004929}}
{"target": -13.7584949731337, "params": {"gamma": 398.2500963093061, "log10_alpha": 1.0, "log10_colsample_bytree": -0.6267554482448481, "log10_eta": -4.0, "log10_lambda": -5.0, "log10_min_child_weight": 2.369421362687161, "log10_subsample": -0.8587738540626205, "max_depth": 2.0, "num_boost_round": 51.0}, "datetime": {"datetime": "2024-01-19 01:13:20", "elapsed": 3703.939425, "delta": 0.004875}}
{"target": -13.758493737811964, "params": {"gamma": 398.2500963093061, "log10_alpha": 1.0, "log10_colsample_bytree": -0.6267554482448481, "log10_eta": -4.0, "log10_lambda": -5.0, "log10_min_child_weight": 2.369421362687161, "log10_subsample": -0.8587738540626205, "max_depth": 2.0, "num_boost_round": 52.0}, "datetime": {"datetime": "2024-01-19 01:13:20", "elapsed": 3703.944332, "delta": 0.004907}}
{"target": -13.75849207394185, "params": {"gamma": 398.2500963093061, "log10_alpha": 1.0, "log10_colsample_bytree": -0.6267554482448481, "log10_eta": -4.0, "log10_lambda": -5.0, "log10_min_child_weight": 2.369421362687161, "log10_subsample": -0.8587738540626205, "max_depth": 2.0, "num_boost_round": 53.0}, "datetime": {"datetime": "2024-01-19 01:13:20", "elapsed": 3703.949274, "delta": 0.004942}}
{"target": -13.758490838249172, "params": {"gamma": 398.2500963093061, "log10_alpha": 1.0, "log10_colsample_bytree": -0.6267554482448481, "log10_eta": -4.0, "log10_lambda": -5.0, "log10_min_child_weight": 2.369421362687161, "log10_subsample": -0.8587738540626205, "max_depth": 2.0, "num_boost_round": 54.0}, "datetime": {"datetime": "2024-01-19 01:13:20", "elapsed": 3703.954318, "delta": 0.005044}}
{"target": -13.758489776842254, "params": {"gamma": 398.2500963093061, "log10_alpha": 1.0, "log10_colsample_bytree": -0.6267554482448481, "log10_eta": -4.0, "log10_lambda": -5.0, "log10_min_child_weight": 2.369421362687161, "log10_subsample": -0.8587738540626205, "max_depth": 2.0, "num_boost_round": 55.0}, "datetime": {"datetime": "2024-01-19 01:13:20", "elapsed": 3703.959198, "delta": 0.00488}}
{"target": -13.758489016179894, "params": {"gamma": 398.2500963093061, "log10_alpha": 1.0, "log10_colsample_bytree": -0.6267554482448481, "log10_eta": -4.0, "log10_lambda": -5.0, "log10_min_child_weight": 2.369421362687161, "log10_subsample": -0.8587738540626205, "max_depth": 2.0, "num_boost_round": 56.0}, "datetime": {"datetime": "2024-01-19 01:13:20", "elapsed": 3703.964759, "delta": 0.005561}}
{"target": -13.75848966025344, "params": {"gamma": 398.2500963093061, "log10_alpha": 1.0, "log10_colsample_bytree": -0.6267554482448481, "log10_eta": -4.0, "log10_lambda": -5.0, "log10_min_child_weight": 2.369421362687161, "log10_subsample": -0.8587738540626205, "max_depth": 2.0, "num_boost_round": 57.0}, "datetime": {"datetime": "2024-01-19 01:13:20", "elapsed": 3703.969732, "delta": 0.004973}}
{"target": -13.758491152103213, "params": {"gamma": 398.2500963093061, "log10_alpha": 1.0, "log10_colsample_bytree": -0.6267554482448481, "log10_eta": -4.0, "log10_lambda": -5.0, "log10_min_child_weight": 2.369421362687161, "log10_subsample": -0.8587738540626205, "max_depth": 2.0, "num_boost_round": 58.0}, "datetime": {"datetime": "2024-01-19 01:13:20", "elapsed": 3703.974751, "delta": 0.005019}}
{"target": -13.758489213029689, "params": {"gamma": 398.2500963093061, "log10_alpha": 1.0, "log10_colsample_bytree": -0.6267554482448481, "log10_eta": -4.0, "log10_lambda": -5.0, "log10_min_child_weight": 2.369421362687161, "log10_subsample": -0.8587738540626205, "max_depth": 2.0, "num_boost_round": 59.0}, "datetime": {"datetime": "2024-01-19 01:13:20", "elapsed": 3703.980038, "delta": 0.005287}}
{"target": -13.758489177196182, "params": {"gamma": 398.2500963093061, "log10_alpha": 1.0, "log10_colsample_bytree": -0.6267554482448481, "log10_eta": -4.0, "log10_lambda": -5.0, "log10_min_child_weight": 2.369421362687161, "log10_subsample": -0.8587738540626205, "max_depth": 2.0, "num_boost_round": 60.0}, "datetime": {"datetime": "2024-01-19 01:13:20", "elapsed": 3703.985017, "delta": 0.004979}}
{"target": -13.75848871439473, "params": {"gamma": 398.2500963093061, "log10_alpha": 1.0, "log10_colsample_bytree": -0.6267554482448481, "log10_eta": -4.0, "log10_lambda": -5.0, "log10_min_child_weight": 2.369421362687161, "log10_subsample": -0.8587738540626205, "max_depth": 2.0, "num_boost_round": 61.0}, "datetime": {"datetime": "2024-01-19 01:13:20", "elapsed": 3703.989851, "delta": 0.004834}}
{"target": -13.758487689868762, "params": {"gamma": 398.2500963093061, "log10_alpha": 1.0, "log10_colsample_bytree": -0.6267554482448481, "log10_eta": -4.0, "log10_lambda": -5.0, "log10_min_child_weight": 2.369421362687161, "log10_subsample": -0.8587738540626205, "max_depth": 2.0, "num_boost_round": 62.0}, "datetime": {"datetime": "2024-01-19 01:13:20", "elapsed": 3703.994898, "delta": 0.005047}}
{"target": -13.758487904284257, "params": {"gamma": 398.2500963093061, "log10_alpha": 1.0, "log10_colsample_bytree": -0.6267554482448481, "log10_eta": -4.0, "log10_lambda": -5.0, "log10_min_child_weight": 2.369421362687161, "log10_subsample": -0.8587738540626205, "max_depth": 2.0, "num_boost_round": 63.0}, "datetime": {"datetime": "2024-01-19 01:13:20", "elapsed": 3703.999945, "delta": 0.005047}}
{"target": -13.75848520859094, "params": {"gamma": 398.2500963093061, "log10_alpha": 1.0, "log10_colsample_bytree": -0.6267554482448481, "log10_eta": -4.0, "log10_lambda": -5.0, "log10_min_child_weight": 2.369421362687161, "log10_subsample": -0.8587738540626205, "max_depth": 2.0, "num_boost_round": 64.0}, "datetime": {"datetime": "2024-01-19 01:13:20", "elapsed": 3704.004982, "delta": 0.005037}}
{"target": -13.7584853837171, "params": {"gamma": 398.2500963093061, "log10_alpha": 1.0, "log10_colsample_bytree": -0.6267554482448481, "log10_eta": -4.0, "log10_lambda": -5.0, "log10_min_child_weight": 2.369421362687161, "log10_subsample": -0.8587738540626205, "max_depth": 2.0, "num_boost_round": 65.0}, "datetime": {"datetime": "2024-01-19 01:13:20", "elapsed": 3704.010024, "delta": 0.005042}}
{"target": -13.758484348003213, "params": {"gamma": 398.2500963093061, "log10_alpha": 1.0, "log10_colsample_bytree": -0.6267554482448481, "log10_eta": -4.0, "log10_lambda": -5.0, "log10_min_child_weight": 2.369421362687161, "log10_subsample": -0.8587738540626205, "max_depth": 2.0, "num_boost_round": 66.0}, "datetime": {"datetime": "2024-01-19 01:13:20", "elapsed": 3704.015009, "delta": 0.004985}}
{"target": -13.75848465532112, "params": {"gamma": 398.2500963093061, "log10_alpha": 1.0, "log10_colsample_bytree": -0.6267554482448481, "log10_eta": -4.0, "log10_lambda": -5.0, "log10_min_child_weight": 2.369421362687161, "log10_subsample": -0.8587738540626205, "max_depth": 2.0, "num_boost_round": 67.0}, "datetime": {"datetime": "2024-01-19 01:13:20", "elapsed": 3704.019875, "delta": 0.004866}}
