{"target": -17.67683518230912, "params": {"gamma": 412.15419360335846, "log10_alpha": -0.08967262148927446, "log10_colsample_bytree": -0.34046922640633304, "log10_eta": -3.1620248303853207, "log10_lambda": -3.4217152085913964, "log10_min_child_weight": 0.20998884926703043, "log10_subsample": -0.27932033087427466, "max_depth": 8.0, "num_boost_round": 15.0}, "datetime": {"datetime": "2024-01-19 02:46:12", "elapsed": 9277.079103, "delta": 0.005049}}
{"target": -17.676783723541067, "params": {"gamma": 412.15419360335846, "log10_alpha": -0.08967262148927446, "log10_colsample_bytree": -0.34046922640633304, "log10_eta": -3.1620248303853207, "log10_lambda": -3.4217152085913964, "log10_min_child_weight": 0.20998884926703043, "log10_subsample": -0.27932033087427466, "max_depth": 8.0, "num_boost_round": 16.0}, "datetime": {"datetime": "2024-01-19 02:46:12", "elapsed": 9277.084315, "delta": 0.005212}}
{"target": -17.676732246067964, "params": {"gamma": 412.15419360335846, "log10_alpha": -0.08967262148927446, "log10_colsample_bytree": -0.34046922640633304, "log10_eta": -3.1620248303853207, "log10_lambda": -3.4217152085913964, "log10_min_child_weight": 0.20998884926703043, "log10_subsample": -0.27932033087427466, "max_depth": 8.0, "num_boost_round": 17.0}, "datetime": {"datetime": "2024-01-19 02:46:12", "elapsed": 9277.089664, "delta": 0.005349}}
{"target": -17.67671964086043, "params": {"gamma": 412.15419360335846, "log10_alpha": -0.08967262148927446, "log10_colsample_bytree": -0.34046922640633304, "log10_eta": -3.1620248303853207, "log10_lambda": -3.4217152085913964, "log10_min_child_weight": 0.20998884926703043, "log10_subsample": -0.27932033087427466, "max_depth": 8.0, "num_boost_round": 18.0}, "datetime": {"datetime": "2024-01-19 02:46:12", "elapsed": 9277.094717, "delta": 0.005053}}
{"target": -17.67670905719287, "params": {"gamma": 412.15419360335846, "log10_alpha": -0.08967262148927446, "log10_colsample_bytree": -0.34046922640633304, "log10_eta": -3.1620248303853207, "log10_lambda": -3.4217152085913964, "log10_min_child_weight": 0.20998884926703043, "log10_subsample": -0.27932033087427466, "max_depth": 8.0, "num_boost_round": 19.0}, "datetime": {"datetime": "2024-01-19 02:46:12", "elapsed": 9277.099788, "delta": 0.005071}}
{"target": -17.676635307130255, "params": {"gamma": 412.15419360335846, "log10_alpha": -0.08967262148927446, "log10_colsample_bytree": -0.34046922640633304, "log10_eta": -3.1620248303853207, "log10_lambda": -3.4217152085913964, "log10_min_child_weight": 0.20998884926703043, "log10_subsample": -0.27932033087427466, "max_depth": 8.0, "num_boost_round": 20.0}, "datetime": {"datetime": "2024-01-19 02:46:12", "elapsed": 9277.104858, "delta": 0.00507}}
{"target": -17.676601927220442, "params": {"gamma": 412.15419360335846, "log10_alpha": -0.08967262148927446, "log10_colsample_bytree": -0.34046922640633304, "log10_eta": -3.1620248303853207, "log10_lambda": -3.4217152085913964, "log10_min_child_weight": 0.20998884926703043, "log10_subsample": -0.27932033087427466, "max_depth": 8.0, "num_boost_round": 21.0}, "datetime": {"datetime": "2024-01-19 02:46:12", "elapsed": 9277.109895, "delta": 0.005037}}
{"target": -17.677196306266403, "params": {"gamma": 451.23318107730205, "log10_alpha": 0.9100427862519958, "log10_colsample_bytree": -0.5488211469327454, "log10_eta": -2.6717569508422705, "log10_lambda": -0.3479798221477184, "log10_min_child_weight": 3.650318124009815, "log10_subsample": -0.8991371862805186, "max_depth": 6.0, "num_boost_round": 0.0}, "datetime": {"datetime": "2024-01-19 02:48:28", "elapsed": 9412.738675, "delta": 135.62878}}
{"target": -17.677195079578247, "params": {"gamma": 451.23318107730205, "log10_alpha": 0.9100427862519958, "log10_colsample_bytree": -0.5488211469327454, "log10_eta": -2.6717569508422705, "log10_lambda": -0.3479798221477184, "log10_min_child_weight": 3.650318124009815, "log10_subsample": -0.8991371862805186, "max_depth": 6.0, "num_boost_round": 1.0}, "datetime": {"datetime": "2024-01-19 02:48:28", "elapsed": 9412.744126, "delta": 0.005451}}
{"target": -17.677212272470953, "params": {"gamma": 451.23318107730205, "log10_alpha": 0.9100427862519958, "log10_colsample_bytree": -0.5488211469327454, "log10_eta": -2.6717569508422705, "log10_lambda": -0.3479798221477184, "log10_min_child_weight": 3.650318124009815, "log10_subsample": -0.8991371862805186, "max_depth": 6.0, "num_boost_round": 2.0}, "datetime": {"datetime": "2024-01-19 02:48:28", "elapsed": 9412.749263, "delta": 0.005137}}
{"target": -17.677209003789734, "params": {"gamma": 451.23318107730205, "log10_alpha": 0.9100427862519958, "log10_colsample_bytree": -0.5488211469327454, "log10_eta": -2.6717569508422705, "log10_lambda": -0.3479798221477184, "log10_min_child_weight": 3.650318124009815, "log10_subsample": -0.8991371862805186, "max_depth": 6.0, "num_boost_round": 3.0}, "datetime": {"datetime": "2024-01-19 02:48:28", "elapsed": 9412.754398, "delta": 0.005135}}
{"target": -17.677170702140696, "params": {"gamma": 451.23318107730205, "log10_alpha": 0.9100427862519958, "log10_colsample_bytree": -0.5488211469327454, "log10_eta": -2.6717569508422705, "log10_lambda": -0.3479798221477184, "log10_min_child_weight": 3.650318124009815, "log10_subsample": -0.8991371862805186, "max_depth": 6.0, "num_boost_round": 4.0}, "datetime": {"datetime": "2024-01-19 02:48:28", "elapsed": 9412.759429, "delta": 0.005031}}
{"target": -17.677176002881435, "params": {"gamma": 451.23318107730205, "log10_alpha": 0.9100427862519958, "log10_colsample_bytree": -0.5488211469327454, "log10_eta": -2.6717569508422705, "log10_lambda": -0.3479798221477184, "log10_min_child_weight": 3.650318124009815, "log10_subsample": -0.8991371862805186, "max_depth": 6.0, "num_boost_round": 5.0}, "datetime": {"datetime": "2024-01-19 02:48:28", "elapsed": 9412.76445, "delta": 0.005021}}
{"target": -17.677207429176736, "params": {"gamma": 451.23318107730205, "log10_alpha": 0.9100427862519958, "log10_colsample_bytree": -0.5488211469327454, "log10_eta": -2.6717569508422705, "log10_lambda": -0.3479798221477184, "log10_min_child_weight": 3.650318124009815, "log10_subsample": -0.8991371862805186, "max_depth": 6.0, "num_boost_round": 6.0}, "datetime": {"datetime": "2024-01-19 02:48:28", "elapsed": 9412.769598, "delta": 0.005148}}
{"target": -17.677210371605646, "params": {"gamma": 451.23318107730205, "log10_alpha": 0.9100427862519958, "log10_colsample_bytree": -0.5488211469327454, "log10_eta": -2.6717569508422705, "log10_lambda": -0.3479798221477184, "log10_min_child_weight": 3.650318124009815, "log10_subsample": -0.8991371862805186, "max_depth": 6.0, "num_boost_round": 7.0}, "datetime": {"datetime": "2024-01-19 02:48:28", "elapsed": 9412.77494, "delta": 0.005342}}
{"target": -17.677222054078317, "params": {"gamma": 451.23318107730205, "log10_alpha": 0.9100427862519958, "log10_colsample_bytree": -0.5488211469327454, "log10_eta": -2.6717569508422705, "log10_lambda": -0.3479798221477184, "log10_min_child_weight": 3.650318124009815, "log10_subsample": -0.8991371862805186, "max_depth": 6.0, "num_boost_round": 8.0}, "datetime": {"datetime": "2024-01-19 02:48:28", "elapsed": 9412.780151, "delta": 0.005211}}
{"target": -17.67719613938927, "params": {"gamma": 451.23318107730205, "log10_alpha": 0.9100427862519958, "log10_colsample_bytree": -0.5488211469327454, "log10_eta": -2.6717569508422705, "log10_lambda": -0.3479798221477184, "log10_min_child_weight": 3.650318124009815, "log10_subsample": -0.8991371862805186, "max_depth": 6.0, "num_boost_round": 9.0}, "datetime": {"datetime": "2024-01-19 02:48:28", "elapsed": 9412.78538, "delta": 0.005229}}
{"target": -17.677202074731653, "params": {"gamma": 451.23318107730205, "log10_alpha": 0.9100427862519958, "log10_colsample_bytree": -0.5488211469327454, "log10_eta": -2.6717569508422705, "log10_lambda": -0.3479798221477184, "log10_min_child_weight": 3.650318124009815, "log10_subsample": -0.8991371862805186, "max_depth": 6.0, "num_boost_round": 10.0}, "datetime": {"datetime": "2024-01-19 02:48:28", "elapsed": 9412.790504, "delta": 0.005124}}
{"target": -17.677163733035435, "params": {"gamma": 451.23318107730205, "log10_alpha": 0.9100427862519958, "log10_colsample_bytree": -0.5488211469327454, "log10_eta": -2.6717569508422705, "log10_lambda": -0.3479798221477184, "log10_min_child_weight": 3.650318124009815, "log10_subsample": -0.8991371862805186, "max_depth": 6.0, "num_boost_round": 11.0}, "datetime": {"datetime": "2024-01-19 02:48:28", "elapsed": 9412.795663, "delta": 0.005159}}
{"target": -17.677166216752397, "params": {"gamma": 451.23318107730205, "log10_alpha": 0.9100427862519958, "log10_colsample_bytree": -0.5488211469327454, "log10_eta": -2.6717569508422705, "log10_lambda": -0.3479798221477184, "log10_min_child_weight": 3.650318124009815, "log10_subsample": -0.8991371862805186, "max_depth": 6.0, "num_boost_round": 12.0}, "datetime": {"datetime": "2024-01-19 02:48:28", "elapsed": 9412.80074, "delta": 0.005077}}
{"target": -17.67715852760351, "params": {"gamma": 451.23318107730205, "log10_alpha": 0.9100427862519958, "log10_colsample_bytree": -0.5488211469327454, "log10_eta": -2.6717569508422705, "log10_lambda": -0.3479798221477184, "log10_min_child_weight": 3.650318124009815, "log10_subsample": -0.8991371862805186, "max_depth": 6.0, "num_boost_round": 13.0}, "datetime": {"datetime": "2024-01-19 02:48:28", "elapsed": 9412.805929, "delta": 0.005189}}
{"target": -17.677160383762182, "params": {"gamma": 451.23318107730205, "log10_alpha": 0.9100427862519958, "log10_colsample_bytree": -0.5488211469327454, "log10_eta": -2.6717569508422705, "log10_lambda": -0.3479798221477184, "log10_min_child_weight": 3.650318124009815, "log10_subsample": -0.8991371862805186, "max_depth": 6.0, "num_boost_round": 14.0}, "datetime": {"datetime": "2024-01-19 02:48:28", "elapsed": 9412.811128, "delta": 0.005199}}
{"target": -17.677148604541674, "params": {"gamma": 451.23318107730205, "log10_alpha": 0.9100427862519958, "log10_colsample_bytree": -0.5488211469327454, "log10_eta": -2.6717569508422705, "log10_lambda": -0.3479798221477184, "log10_min_child_weight": 3.650318124009815, "log10_subsample": -0.8991371862805186, "max_depth": 6.0, "num_boost_round": 15.0}, "datetime": {"datetime": "2024-01-19 02:48:28", "elapsed": 9412.81624, "delta": 0.005112}}
{"target": -17.677140690545183, "params": {"gamma": 451.23318107730205, "log10_alpha": 0.9100427862519958, "log10_colsample_bytree": -0.5488211469327454, "log10_eta": -2.6717569508422705, "log10_lambda": -0.3479798221477184, "log10_min_child_weight": 3.650318124009815, "log10_subsample": -0.8991371862805186, "max_depth": 6.0, "num_boost_round": 16.0}, "datetime": {"datetime": "2024-01-19 02:48:28", "elapsed": 9412.821303, "delta": 0.005063}}
{"target": -17.677155106738727, "params": {"gamma": 451.23318107730205, "log10_alpha": 0.9100427862519958, "log10_colsample_bytree": -0.5488211469327454, "log10_eta": -2.6717569508422705, "log10_lambda": -0.3479798221477184, "log10_min_child_weight": 3.650318124009815, "log10_subsample": -0.8991371862805186, "max_depth": 6.0, "num_boost_round": 17.0}, "datetime": {"datetime": "2024-01-19 02:48:28", "elapsed": 9412.826325, "delta": 0.005022}}
{"target": -17.67715764468283, "params": {"gamma": 451.23318107730205, "log10_alpha": 0.9100427862519958, "log10_colsample_bytree": -0.5488211469327454, "log10_eta": -2.6717569508422705, "log10_lambda": -0.3479798221477184, "log10_min_child_weight": 3.650318124009815, "log10_subsample": -0.8991371862805186, "max_depth": 6.0, "num_boost_round": 18.0}, "datetime": {"datetime": "2024-01-19 02:48:28", "elapsed": 9412.831534, "delta": 0.005209}}
{"target": -17.677111033265145, "params": {"gamma": 451.23318107730205, "log10_alpha": 0.9100427862519958, "log10_colsample_bytree": -0.5488211469327454, "log10_eta": -2.6717569508422705, "log10_lambda": -0.3479798221477184, "log10_min_child_weight": 3.650318124009815, "log10_subsample": -0.8991371862805186, "max_depth": 6.0, "num_boost_round": 19.0}, "datetime": {"datetime": "2024-01-19 02:48:28", "elapsed": 9412.836822, "delta": 0.005288}}
{"target": -17.67710467834848, "params": {"gamma": 451.23318107730205, "log10_alpha": 0.9100427862519958, "log10_colsample_bytree": -0.5488211469327454, "log10_eta": -2.6717569508422705, "log10_lambda": -0.3479798221477184, "log10_min_child_weight": 3.650318124009815, "log10_subsample": -0.8991371862805186, "max_depth": 6.0, "num_boost_round": 20.0}, "datetime": {"datetime": "2024-01-19 02:48:28", "elapsed": 9412.841913, "delta": 0.005091}}
{"target": -17.677132228462828, "params": {"gamma": 451.23318107730205, "log10_alpha": 0.9100427862519958, "log10_colsample_bytree": -0.5488211469327454, "log10_eta": -2.6717569508422705, "log10_lambda": -0.3479798221477184, "log10_min_child_weight": 3.650318124009815, "log10_subsample": -0.8991371862805186, "max_depth": 6.0, "num_boost_round": 21.0}, "datetime": {"datetime": "2024-01-19 02:48:28", "elapsed": 9412.846979, "delta": 0.005066}}
{"target": -17.677088613421034, "params": {"gamma": 451.23318107730205, "log10_alpha": 0.9100427862519958, "log10_colsample_bytree": -0.5488211469327454, "log10_eta": -2.6717569508422705, "log10_lambda": -0.3479798221477184, "log10_min_child_weight": 3.650318124009815, "log10_subsample": -0.8991371862805186, "max_depth": 6.0, "num_boost_round": 22.0}, "datetime": {"datetime": "2024-01-19 02:48:28", "elapsed": 9412.85214, "delta": 0.005161}}
{"target": -17.677061561368642, "params": {"gamma": 451.23318107730205, "log10_alpha": 0.9100427862519958, "log10_colsample_bytree": -0.5488211469327454, "log10_eta": -2.6717569508422705, "log10_lambda": -0.3479798221477184, "log10_min_child_weight": 3.650318124009815, "log10_subsample": -0.8991371862805186, "max_depth": 6.0, "num_boost_round": 23.0}, "datetime": {"datetime": "2024-01-19 02:48:28", "elapsed": 9412.85722, "delta": 0.00508}}
{"target": -17.677063140545403, "params": {"gamma": 451.23318107730205, "log10_alpha": 0.9100427862519958, "log10_colsample_bytree": -0.5488211469327454, "log10_eta": -2.6717569508422705, "log10_lambda": -0.3479798221477184, "log10_min_child_weight": 3.650318124009815, "log10_subsample": -0.8991371862805186, "max_depth": 6.0, "num_boost_round": 24.0}, "datetime": {"datetime": "2024-01-19 02:48:28", "elapsed": 9412.86231, "delta": 0.00509}}
{"target": -17.67704540678469, "params": {"gamma": 451.23318107730205, "log10_alpha": 0.9100427862519958, "log10_colsample_bytree": -0.5488211469327454, "log10_eta": -2.6717569508422705, "log10_lambda": -0.3479798221477184, "log10_min_child_weight": 3.650318124009815, "log10_subsample": -0.8991371862805186, "max_depth": 6.0, "num_boost_round": 25.0}, "datetime": {"datetime": "2024-01-19 02:48:28", "elapsed": 9412.86756, "delta": 0.00525}}
{"target": -17.67710119917933, "params": {"gamma": 451.23318107730205, "log10_alpha": 0.9100427862519958, "log10_colsample_bytree": -0.5488211469327454, "log10_eta": -2.6717569508422705, "log10_lambda": -0.3479798221477184, "log10_min_child_weight": 3.650318124009815, "log10_subsample": -0.8991371862805186, "max_depth": 6.0, "num_boost_round": 26.0}, "datetime": {"datetime": "2024-01-19 02:48:28", "elapsed": 9412.872711, "delta": 0.005151}}
{"target": -17.67704950826027, "params": {"gamma": 451.23318107730205, "log10_alpha": 0.9100427862519958, "log10_colsample_bytree": -0.5488211469327454, "log10_eta": -2.6717569508422705, "log10_lambda": -0.3479798221477184, "log10_min_child_weight": 3.650318124009815, "log10_subsample": -0.8991371862805186, "max_depth": 6.0, "num_boost_round": 27.0}, "datetime": {"datetime": "2024-01-19 02:48:28", "elapsed": 9412.877894, "delta": 0.005183}}
{"target": -17.677021380305266, "params": {"gamma": 451.23318107730205, "log10_alpha": 0.9100427862519958, "log10_colsample_bytree": -0.5488211469327454, "log10_eta": -2.6717569508422705, "log10_lambda": -0.3479798221477184, "log10_min_child_weight": 3.650318124009815, "log10_subsample": -0.8991371862805186, "max_depth": 6.0, "num_boost_round": 28.0}, "datetime": {"datetime": "2024-01-19 02:48:28", "elapsed": 9412.883163, "delta": 0.005269}}
{"target": -17.677027110501243, "params": {"gamma": 451.23318107730205, "log10_alpha": 0.9100427862519958, "log10_colsample_bytree": -0.5488211469327454, "log10_eta": -2.6717569508422705, "log10_lambda": -0.3479798221477184, "log10_min_child_weight": 3.650318124009815, "log10_subsample": -0.8991371862805186, "max_depth": 6.0, "num_boost_round": 29.0}, "datetime": {"datetime": "2024-01-19 02:48:28", "elapsed": 9412.88832, "delta": 0.005157}}
{"target": -17.677025768383057, "params": {"gamma": 451.23318107730205, "log10_alpha": 0.9100427862519958, "log10_colsample_bytree": -0.5488211469327454, "log10_eta": -2.6717569508422705, "log10_lambda": -0.3479798221477184, "log10_min_child_weight": 3.650318124009815, "log10_subsample": -0.8991371862805186, "max_depth": 6.0, "num_boost_round": 30.0}, "datetime": {"datetime": "2024-01-19 02:48:28", "elapsed": 9412.893519, "delta": 0.005199}}
{"target": -17.677017735083375, "params": {"gamma": 451.23318107730205, "log10_alpha": 0.9100427862519958, "log10_colsample_bytree": -0.5488211469327454, "log10_eta": -2.6717569508422705, "log10_lambda": -0.3479798221477184, "log10_min_child_weight": 3.650318124009815, "log10_subsample": -0.8991371862805186, "max_depth": 6.0, "num_boost_round": 31.0}, "datetime": {"datetime": "2024-01-19 02:48:28", "elapsed": 9412.898801, "delta": 0.005282}}
{"target": -17.67706730071492, "params": {"gamma": 451.23318107730205, "log10_alpha": 0.9100427862519958, "log10_colsample_bytree": -0.5488211469327454, "log10_eta": -2.6717569508422705, "log10_lambda": -0.3479798221477184, "log10_min_child_weight": 3.650318124009815, "log10_subsample": -0.8991371862805186, "max_depth": 6.0, "num_boost_round": 32.0}, "datetime": {"datetime": "2024-01-19 02:48:28", "elapsed": 9412.903965, "delta": 0.005164}}
{"target": -17.677052270637436, "params": {"gamma": 451.23318107730205, "log10_alpha": 0.9100427862519958, "log10_colsample_bytree": -0.5488211469327454, "log10_eta": -2.6717569508422705, "log10_lambda": -0.3479798221477184, "log10_min_child_weight": 3.650318124009815, "log10_subsample": -0.8991371862805186, "max_depth": 6.0, "num_boost_round": 33.0}, "datetime": {"datetime": "2024-01-19 02:48:28", "elapsed": 9412.909127, "delta": 0.005162}}
{"target": -17.677074021075843, "params": {"gamma": 451.23318107730205, "log10_alpha": 0.9100427862519958, "log10_colsample_bytree": -0.5488211469327454, "log10_eta": -2.6717569508422705, "log10_lambda": -0.3479798221477184, "log10_min_child_weight": 3.650318124009815, "log10_subsample": -0.8991371862805186, "max_depth": 6.0, "num_boost_round": 34.0}, "datetime": {"datetime": "2024-01-19 02:48:28", "elapsed": 9412.914434, "delta": 0.005307}}
{"target": -17.677061894538788, "params": {"gamma": 451.23318107730205, "log10_alpha": 0.9100427862519958, "log10_colsample_bytree": -0.5488211469327454, "log10_eta": -2.6717569508422705, "log10_lambda": -0.3479798221477184, "log10_min_child_weight": 3.650318124009815, "log10_subsample": -0.8991371862805186, "max_depth": 6.0, "num_boost_round": 35.0}, "datetime": {"datetime": "2024-01-19 02:48:28", "elapsed": 9412.919587, "delta": 0.005153}}
{"target": -17.677104406753656, "params": {"gamma": 451.23318107730205, "log10_alpha": 0.9100427862519958, "log10_colsample_bytree": -0.5488211469327454, "log10_eta": -2.6717569508422705, "log10_lambda": -0.3479798221477184, "log10_min_child_weight": 3.650318124009815, "log10_subsample": -0.8991371862805186, "max_depth": 6.0, "num_boost_round": 36.0}, "datetime": {"datetime": "2024-01-19 02:48:28", "elapsed": 9412.924798, "delta": 0.005211}}
{"target": -17.677133031728616, "params": {"gamma": 451.23318107730205, "log10_alpha": 0.9100427862519958, "log10_colsample_bytree": -0.5488211469327454, "log10_eta": -2.6717569508422705, "log10_lambda": -0.3479798221477184, "log10_min_child_weight": 3.650318124009815, "log10_subsample": -0.8991371862805186, "max_depth": 6.0, "num_boost_round": 37.0}, "datetime": {"datetime": "2024-01-19 02:48:28", "elapsed": 9412.930079, "delta": 0.005281}}
{"target": -17.677122549071264, "params": {"gamma": 451.23318107730205, "log10_alpha": 0.9100427862519958, "log10_colsample_bytree": -0.5488211469327454, "log10_eta": -2.6717569508422705, "log10_lambda": -0.3479798221477184, "log10_min_child_weight": 3.650318124009815, "log10_subsample": -0.8991371862805186, "max_depth": 6.0, "num_boost_round": 38.0}, "datetime": {"datetime": "2024-01-19 02:48:28", "elapsed": 9412.935228, "delta": 0.005149}}
{"target": -17.677100722068833, "params": {"gamma": 451.23318107730205, "log10_alpha": 0.9100427862519958, "log10_colsample_bytree": -0.5488211469327454, "log10_eta": -2.6717569508422705, "log10_lambda": -0.3479798221477184, "log10_min_child_weight": 3.650318124009815, "log10_subsample": -0.8991371862805186, "max_depth": 6.0, "num_boost_round": 39.0}, "datetime": {"datetime": "2024-01-19 02:48:28", "elapsed": 9412.940315, "delta": 0.005087}}
{"target": -17.677105441386146, "params": {"gamma": 451.23318107730205, "log10_alpha": 0.9100427862519958, "log10_colsample_bytree": -0.5488211469327454, "log10_eta": -2.6717569508422705, "log10_lambda": -0.3479798221477184, "log10_min_child_weight": 3.650318124009815, "log10_subsample": -0.8991371862805186, "max_depth": 6.0, "num_boost_round": 40.0}, "datetime": {"datetime": "2024-01-19 02:48:28", "elapsed": 9412.945356, "delta": 0.005041}}
{"target": -17.677157024058992, "params": {"gamma": 451.23318107730205, "log10_alpha": 0.9100427862519958, "log10_colsample_bytree": -0.5488211469327454, "log10_eta": -2.6717569508422705, "log10_lambda": -0.3479798221477184, "log10_min_child_weight": 3.650318124009815, "log10_subsample": -0.8991371862805186, "max_depth": 6.0, "num_boost_round": 41.0}, "datetime": {"datetime": "2024-01-19 02:48:28", "elapsed": 9412.950475, "delta": 0.005119}}
