{"target": -13.758530667714068, "params": {"gamma": 433.7030200333146, "log10_alpha": -3.108457808216493, "log10_colsample_bytree": -0.5996858736950641, "log10_eta": -3.873248420303905, "log10_lambda": 0.20586559619079825, "log10_min_child_weight": 4.897161005888026, "log10_subsample": -0.18908702608820982, "max_depth": 5.0, "num_boost_round": 19.0}, "datetime": {"datetime": "2024-01-19 00:38:39", "elapsed": 1622.358454, "delta": 0.002721}}
{"target": -13.758530527431303, "params": {"gamma": 433.7030200333146, "log10_alpha": -3.108457808216493, "log10_colsample_bytree": -0.5996858736950641, "log10_eta": -3.873248420303905, "log10_lambda": 0.20586559619079825, "log10_min_child_weight": 4.897161005888026, "log10_subsample": -0.18908702608820982, "max_depth": 5.0, "num_boost_round": 20.0}, "datetime": {"datetime": "2024-01-19 00:38:39", "elapsed": 1622.361198, "delta": 0.002744}}
{"target": -13.758530898805864, "params": {"gamma": 433.7030200333146, "log10_alpha": -3.108457808216493, "log10_colsample_bytree": -0.5996858736950641, "log10_eta": -3.873248420303905, "log10_lambda": 0.20586559619079825, "log10_min_child_weight": 4.897161005888026, "log10_subsample": -0.18908702608820982, "max_depth": 5.0, "num_boost_round": 21.0}, "datetime": {"datetime": "2024-01-19 00:38:39", "elapsed": 1622.364643, "delta": 0.003445}}
{"target": -13.758530159342936, "params": {"gamma": 433.7030200333146, "log10_alpha": -3.108457808216493, "log10_colsample_bytree": -0.5996858736950641, "log10_eta": -3.873248420303905, "log10_lambda": 0.20586559619079825, "log10_min_child_weight": 4.897161005888026, "log10_subsample": -0.18908702608820982, "max_depth": 5.0, "num_boost_round": 22.0}, "datetime": {"datetime": "2024-01-19 00:38:39", "elapsed": 1622.367594, "delta": 0.002951}}
{"target": -13.758528727906855, "params": {"gamma": 433.7030200333146, "log10_alpha": -3.108457808216493, "log10_colsample_bytree": -0.5996858736950641, "log10_eta": -3.873248420303905, "log10_lambda": 0.20586559619079825, "log10_min_child_weight": 4.897161005888026, "log10_subsample": -0.18908702608820982, "max_depth": 5.0, "num_boost_round": 23.0}, "datetime": {"datetime": "2024-01-19 00:38:39", "elapsed": 1622.370476, "delta": 0.002882}}
{"target": -13.758527825772584, "params": {"gamma": 433.7030200333146, "log10_alpha": -3.108457808216493, "log10_colsample_bytree": -0.5996858736950641, "log10_eta": -3.873248420303905, "log10_lambda": 0.20586559619079825, "log10_min_child_weight": 4.897161005888026, "log10_subsample": -0.18908702608820982, "max_depth": 5.0, "num_boost_round": 24.0}, "datetime": {"datetime": "2024-01-19 00:38:39", "elapsed": 1622.373229, "delta": 0.002753}}
{"target": -13.758527655403714, "params": {"gamma": 433.7030200333146, "log10_alpha": -3.108457808216493, "log10_colsample_bytree": -0.5996858736950641, "log10_eta": -3.873248420303905, "log10_lambda": 0.20586559619079825, "log10_min_child_weight": 4.897161005888026, "log10_subsample": -0.18908702608820982, "max_depth": 5.0, "num_boost_round": 25.0}, "datetime": {"datetime": "2024-01-19 00:38:39", "elapsed": 1622.375986, "delta": 0.002757}}
{"target": -13.758526878788926, "params": {"gamma": 433.7030200333146, "log10_alpha": -3.108457808216493, "log10_colsample_bytree": -0.5996858736950641, "log10_eta": -3.873248420303905, "log10_lambda": 0.20586559619079825, "log10_min_child_weight": 4.897161005888026, "log10_subsample": -0.18908702608820982, "max_depth": 5.0, "num_boost_round": 26.0}, "datetime": {"datetime": "2024-01-19 00:38:39", "elapsed": 1622.378751, "delta": 0.002765}}
{"target": -13.758525452875794, "params": {"gamma": 433.7030200333146, "log10_alpha": -3.108457808216493, "log10_colsample_bytree": -0.5996858736950641, "log10_eta": -3.873248420303905, "log10_lambda": 0.20586559619079825, "log10_min_child_weight": 4.897161005888026, "log10_subsample": -0.18908702608820982, "max_depth": 5.0, "num_boost_round": 27.0}, "datetime": {"datetime": "2024-01-19 00:38:39", "elapsed": 1622.381512, "delta": 0.002761}}
{"target": -13.758524437489005, "params": {"gamma": 433.7030200333146, "log10_alpha": -3.108457808216493, "log10_colsample_bytree": -0.5996858736950641, "log10_eta": -3.873248420303905, "log10_lambda": 0.20586559619079825, "log10_min_child_weight": 4.897161005888026, "log10_subsample": -0.18908702608820982, "max_depth": 5.0, "num_boost_round": 28.0}, "datetime": {"datetime": "2024-01-19 00:38:39", "elapsed": 1622.384234, "delta": 0.002722}}
{"target": -13.758524218681202, "params": {"gamma": 433.7030200333146, "log10_alpha": -3.108457808216493, "log10_colsample_bytree": -0.5996858736950641, "log10_eta": -3.873248420303905, "log10_lambda": 0.20586559619079825, "log10_min_child_weight": 4.897161005888026, "log10_subsample": -0.18908702608820982, "max_depth": 5.0, "num_boost_round": 29.0}, "datetime": {"datetime": "2024-01-19 00:38:39", "elapsed": 1622.387017, "delta": 0.002783}}
{"target": -13.758523511562867, "params": {"gamma": 433.7030200333146, "log10_alpha": -3.108457808216493, "log10_colsample_bytree": -0.5996858736950641, "log10_eta": -3.873248420303905, "log10_lambda": 0.20586559619079825, "log10_min_child_weight": 4.897161005888026, "log10_subsample": -0.18908702608820982, "max_depth": 5.0, "num_boost_round": 30.0}, "datetime": {"datetime": "2024-01-19 00:38:39", "elapsed": 1622.389919, "delta": 0.002902}}
{"target": -13.75852319743892, "params": {"gamma": 433.7030200333146, "log10_alpha": -3.108457808216493, "log10_colsample_bytree": -0.5996858736950641, "log10_eta": -3.873248420303905, "log10_lambda": 0.20586559619079825, "log10_min_child_weight": 4.897161005888026, "log10_subsample": -0.18908702608820982, "max_depth": 5.0, "num_boost_round": 31.0}, "datetime": {"datetime": "2024-01-19 00:38:39", "elapsed": 1622.392796, "delta": 0.002877}}
{"target": -13.758522586207611, "params": {"gamma": 433.7030200333146, "log10_alpha": -3.108457808216493, "log10_colsample_bytree": -0.5996858736950641, "log10_eta": -3.873248420303905, "log10_lambda": 0.20586559619079825, "log10_min_child_weight": 4.897161005888026, "log10_subsample": -0.18908702608820982, "max_depth": 5.0, "num_boost_round": 32.0}, "datetime": {"datetime": "2024-01-19 00:38:39", "elapsed": 1622.395708, "delta": 0.002912}}
{"target": -13.758522189030977, "params": {"gamma": 433.7030200333146, "log10_alpha": -3.108457808216493, "log10_colsample_bytree": -0.5996858736950641, "log10_eta": -3.873248420303905, "log10_lambda": 0.20586559619079825, "log10_min_child_weight": 4.897161005888026, "log10_subsample": -0.18908702608820982, "max_depth": 5.0, "num_boost_round": 33.0}, "datetime": {"datetime": "2024-01-19 00:38:39", "elapsed": 1622.398429, "delta": 0.002721}}
{"target": -13.758522341431654, "params": {"gamma": 433.7030200333146, "log10_alpha": -3.108457808216493, "log10_colsample_bytree": -0.5996858736950641, "log10_eta": -3.873248420303905, "log10_lambda": 0.20586559619079825, "log10_min_child_weight": 4.897161005888026, "log10_subsample": -0.18908702608820982, "max_depth": 5.0, "num_boost_round": 34.0}, "datetime": {"datetime": "2024-01-19 00:38:39", "elapsed": 1622.401196, "delta": 0.002767}}
{"target": -13.75852233789808, "params": {"gamma": 433.7030200333146, "log10_alpha": -3.108457808216493, "log10_colsample_bytree": -0.5996858736950641, "log10_eta": -3.873248420303905, "log10_lambda": 0.20586559619079825, "log10_min_child_weight": 4.897161005888026, "log10_subsample": -0.18908702608820982, "max_depth": 5.0, "num_boost_round": 35.0}, "datetime": {"datetime": "2024-01-19 00:38:39", "elapsed": 1622.403962, "delta": 0.002766}}
{"target": -13.758521633352824, "params": {"gamma": 433.7030200333146, "log10_alpha": -3.108457808216493, "log10_colsample_bytree": -0.5996858736950641, "log10_eta": -3.873248420303905, "log10_lambda": 0.20586559619079825, "log10_min_child_weight": 4.897161005888026, "log10_subsample": -0.18908702608820982, "max_depth": 5.0, "num_boost_round": 36.0}, "datetime": {"datetime": "2024-01-19 00:38:39", "elapsed": 1622.406695, "delta": 0.002733}}
{"target": -13.758521017885771, "params": {"gamma": 433.7030200333146, "log10_alpha": -3.108457808216493, "log10_colsample_bytree": -0.5996858736950641, "log10_eta": -3.873248420303905, "log10_lambda": 0.20586559619079825, "log10_min_child_weight": 4.897161005888026, "log10_subsample": -0.18908702608820982, "max_depth": 5.0, "num_boost_round": 37.0}, "datetime": {"datetime": "2024-01-19 00:38:39", "elapsed": 1622.409433, "delta": 0.002738}}
{"target": -13.758519764778075, "params": {"gamma": 433.7030200333146, "log10_alpha": -3.108457808216493, "log10_colsample_bytree": -0.5996858736950641, "log10_eta": -3.873248420303905, "log10_lambda": 0.20586559619079825, "log10_min_child_weight": 4.897161005888026, "log10_subsample": -0.18908702608820982, "max_depth": 5.0, "num_boost_round": 38.0}, "datetime": {"datetime": "2024-01-19 00:38:39", "elapsed": 1622.412298, "delta": 0.002865}}
{"target": -13.758518233880025, "params": {"gamma": 433.7030200333146, "log10_alpha": -3.108457808216493, "log10_colsample_bytree": -0.5996858736950641, "log10_eta": -3.873248420303905, "log10_lambda": 0.20586559619079825, "log10_min_child_weight": 4.897161005888026, "log10_subsample": -0.18908702608820982, "max_depth": 5.0, "num_boost_round": 39.0}, "datetime": {"datetime": "2024-01-19 00:38:39", "elapsed": 1622.415071, "delta": 0.002773}}
{"target": -13.758518058848328, "params": {"gamma": 433.7030200333146, "log10_alpha": -3.108457808216493, "log10_colsample_bytree": -0.5996858736950641, "log10_eta": -3.873248420303905, "log10_lambda": 0.20586559619079825, "log10_min_child_weight": 4.897161005888026, "log10_subsample": -0.18908702608820982, "max_depth": 5.0, "num_boost_round": 40.0}, "datetime": {"datetime": "2024-01-19 00:38:39", "elapsed": 1622.417815, "delta": 0.002744}}
{"target": -13.758516987871156, "params": {"gamma": 433.7030200333146, "log10_alpha": -3.108457808216493, "log10_colsample_bytree": -0.5996858736950641, "log10_eta": -3.873248420303905, "log10_lambda": 0.20586559619079825, "log10_min_child_weight": 4.897161005888026, "log10_subsample": -0.18908702608820982, "max_depth": 5.0, "num_boost_round": 41.0}, "datetime": {"datetime": "2024-01-19 00:38:39", "elapsed": 1622.420596, "delta": 0.002781}}
{"target": -13.758515651023423, "params": {"gamma": 433.7030200333146, "log10_alpha": -3.108457808216493, "log10_colsample_bytree": -0.5996858736950641, "log10_eta": -3.873248420303905, "log10_lambda": 0.20586559619079825, "log10_min_child_weight": 4.897161005888026, "log10_subsample": -0.18908702608820982, "max_depth": 5.0, "num_boost_round": 42.0}, "datetime": {"datetime": "2024-01-19 00:38:39", "elapsed": 1622.423342, "delta": 0.002746}}
{"target": -13.75851515365884, "params": {"gamma": 433.7030200333146, "log10_alpha": -3.108457808216493, "log10_colsample_bytree": -0.5996858736950641, "log10_eta": -3.873248420303905, "log10_lambda": 0.20586559619079825, "log10_min_child_weight": 4.897161005888026, "log10_subsample": -0.18908702608820982, "max_depth": 5.0, "num_boost_round": 43.0}, "datetime": {"datetime": "2024-01-19 00:38:39", "elapsed": 1622.426119, "delta": 0.002777}}
{"target": -13.758513504544924, "params": {"gamma": 433.7030200333146, "log10_alpha": -3.108457808216493, "log10_colsample_bytree": -0.5996858736950641, "log10_eta": -3.873248420303905, "log10_lambda": 0.20586559619079825, "log10_min_child_weight": 4.897161005888026, "log10_subsample": -0.18908702608820982, "max_depth": 5.0, "num_boost_round": 44.0}, "datetime": {"datetime": "2024-01-19 00:38:39", "elapsed": 1622.428982, "delta": 0.002863}}
{"target": -13.758512845790296, "params": {"gamma": 433.7030200333146, "log10_alpha": -3.108457808216493, "log10_colsample_bytree": -0.5996858736950641, "log10_eta": -3.873248420303905, "log10_lambda": 0.20586559619079825, "log10_min_child_weight": 4.897161005888026, "log10_subsample": -0.18908702608820982, "max_depth": 5.0, "num_boost_round": 45.0}, "datetime": {"datetime": "2024-01-19 00:38:39", "elapsed": 1622.431739, "delta": 0.002757}}
{"target": -13.75846597021511, "params": {"gamma": 404.69628734881655, "log10_alpha": -2.920248065622389, "log10_colsample_bytree": -0.41890758891577384, "log10_eta": -2.916709047125639, "log10_lambda": -3.593954666183402, "log10_min_child_weight": 0.10103954578979168, "log10_subsample": -0.4210213172612336, "max_depth": 7.0, "num_boost_round": 0.0}, "datetime": {"datetime": "2024-01-19 00:39:20", "elapsed": 1663.140323, "delta": 40.708584}}
{"target": -13.75847315180109, "params": {"gamma": 404.69628734881655, "log10_alpha": -2.920248065622389, "log10_colsample_bytree": -0.41890758891577384, "log10_eta": -2.916709047125639, "log10_lambda": -3.593954666183402, "log10_min_child_weight": 0.10103954578979168, "log10_subsample": -0.4210213172612336, "max_depth": 7.0, "num_boost_round": 1.0}, "datetime": {"datetime": "2024-01-19 00:39:20", "elapsed": 1663.143638, "delta": 0.003315}}
{"target": -13.758450695658478, "params": {"gamma": 404.69628734881655, "log10_alpha": -2.920248065622389, "log10_colsample_bytree": -0.41890758891577384, "log10_eta": -2.916709047125639, "log10_lambda": -3.593954666183402, "log10_min_child_weight": 0.10103954578979168, "log10_subsample": -0.4210213172612336, "max_depth": 7.0, "num_boost_round": 2.0}, "datetime": {"datetime": "2024-01-19 00:39:20", "elapsed": 1663.146541, "delta": 0.002903}}
{"target": -13.758373740199609, "params": {"gamma": 404.69628734881655, "log10_alpha": -2.920248065622389, "log10_colsample_bytree": -0.41890758891577384, "log10_eta": -2.916709047125639, "log10_lambda": -3.593954666183402, "log10_min_child_weight": 0.10103954578979168, "log10_subsample": -0.4210213172612336, "max_depth": 7.0, "num_boost_round": 3.0}, "datetime": {"datetime": "2024-01-19 00:39:20", "elapsed": 1663.149468, "delta": 0.002927}}
{"target": -13.758304658158217, "params": {"gamma": 404.69628734881655, "log10_alpha": -2.920248065622389, "log10_colsample_bytree": -0.41890758891577384, "log10_eta": -2.916709047125639, "log10_lambda": -3.593954666183402, "log10_min_child_weight": 0.10103954578979168, "log10_subsample": -0.4210213172612336, "max_depth": 7.0, "num_boost_round": 4.0}, "datetime": {"datetime": "2024-01-19 00:39:20", "elapsed": 1663.152269, "delta": 0.002801}}
{"target": -13.758263685003755, "params": {"gamma": 404.69628734881655, "log10_alpha": -2.920248065622389, "log10_colsample_bytree": -0.41890758891577384, "log10_eta": -2.916709047125639, "log10_lambda": -3.593954666183402, "log10_min_child_weight": 0.10103954578979168, "log10_subsample": -0.4210213172612336, "max_depth": 7.0, "num_boost_round": 5.0}, "datetime": {"datetime": "2024-01-19 00:39:20", "elapsed": 1663.155025, "delta": 0.002756}}
{"target": -13.758255592674772, "params": {"gamma": 404.69628734881655, "log10_alpha": -2.920248065622389, "log10_colsample_bytree": -0.41890758891577384, "log10_eta": -2.916709047125639, "log10_lambda": -3.593954666183402, "log10_min_child_weight": 0.10103954578979168, "log10_subsample": -0.4210213172612336, "max_depth": 7.0, "num_boost_round": 6.0}, "datetime": {"datetime": "2024-01-19 00:39:20", "elapsed": 1663.157768, "delta": 0.002743}}
{"target": -13.758150258559878, "params": {"gamma": 404.69628734881655, "log10_alpha": -2.920248065622389, "log10_colsample_bytree": -0.41890758891577384, "log10_eta": -2.916709047125639, "log10_lambda": -3.593954666183402, "log10_min_child_weight": 0.10103954578979168, "log10_subsample": -0.4210213172612336, "max_depth": 7.0, "num_boost_round": 7.0}, "datetime": {"datetime": "2024-01-19 00:39:20", "elapsed": 1663.160522, "delta": 0.002754}}
{"target": -13.758090548850808, "params": {"gamma": 404.69628734881655, "log10_alpha": -2.920248065622389, "log10_colsample_bytree": -0.41890758891577384, "log10_eta": -2.916709047125639, "log10_lambda": -3.593954666183402, "log10_min_child_weight": 0.10103954578979168, "log10_subsample": -0.4210213172612336, "max_depth": 7.0, "num_boost_round": 8.0}, "datetime": {"datetime": "2024-01-19 00:39:20", "elapsed": 1663.163262, "delta": 0.00274}}
{"target": -13.758038845110816, "params": {"gamma": 404.69628734881655, "log10_alpha": -2.920248065622389, "log10_colsample_bytree": -0.41890758891577384, "log10_eta": -2.916709047125639, "log10_lambda": -3.593954666183402, "log10_min_child_weight": 0.10103954578979168, "log10_subsample": -0.4210213172612336, "max_depth": 7.0, "num_boost_round": 9.0}, "datetime": {"datetime": "2024-01-19 00:39:20", "elapsed": 1663.166018, "delta": 0.002756}}
{"target": -13.758038622989192, "params": {"gamma": 404.69628734881655, "log10_alpha": -2.920248065622389, "log10_colsample_bytree": -0.41890758891577384, "log10_eta": -2.916709047125639, "log10_lambda": -3.593954666183402, "log10_min_child_weight": 0.10103954578979168, "log10_subsample": -0.4210213172612336, "max_depth": 7.0, "num_boost_round": 10.0}, "datetime": {"datetime": "2024-01-19 00:39:20", "elapsed": 1663.168914, "delta": 0.002896}}
{"target": -13.757994801143843, "params": {"gamma": 404.69628734881655, "log10_alpha": -2.920248065622389, "log10_colsample_bytree": -0.41890758891577384, "log10_eta": -2.916709047125639, "log10_lambda": -3.593954666183402, "log10_min_child_weight": 0.10103954578979168, "log10_subsample": -0.4210213172612336, "max_depth": 7.0, "num_boost_round": 11.0}, "datetime": {"datetime": "2024-01-19 00:39:20", "elapsed": 1663.171722, "delta": 0.002808}}
{"target": -13.757997072604702, "params": {"gamma": 404.69628734881655, "log10_alpha": -2.920248065622389, "log10_colsample_bytree": -0.41890758891577384, "log10_eta": -2.916709047125639, "log10_lambda": -3.593954666183402, "log10_min_child_weight": 0.10103954578979168, "log10_subsample": -0.4210213172612336, "max_depth": 7.0, "num_boost_round": 12.0}, "datetime": {"datetime": "2024-01-19 00:39:20", "elapsed": 1663.174463, "delta": 0.002741}}
{"target": -13.757980735423665, "params": {"gamma": 404.69628734881655, "log10_alpha": -2.920248065622389, "log10_colsample_bytree": -0.41890758891577384, "log10_eta": -2.916709047125639, "log10_lambda": -3.593954666183402, "log10_min_child_weight": 0.10103954578979168, "log10_subsample": -0.4210213172612336, "max_depth": 7.0, "num_boost_round": 13.0}, "datetime": {"datetime": "2024-01-19 00:39:20", "elapsed": 1663.177202, "delta": 0.002739}}
{"target": -13.758016536000628, "params": {"gamma": 404.69628734881655, "log10_alpha": -2.920248065622389, "log10_colsample_bytree": -0.41890758891577384, "log10_eta": -2.916709047125639, "log10_lambda": -3.593954666183402, "log10_min_child_weight": 0.10103954578979168, "log10_subsample": -0.4210213172612336, "max_depth": 7.0, "num_boost_round": 14.0}, "datetime": {"datetime": "2024-01-19 00:39:20", "elapsed": 1663.179964, "delta": 0.002762}}
{"target": -13.75797767022132, "params": {"gamma": 404.69628734881655, "log10_alpha": -2.920248065622389, "log10_colsample_bytree": -0.41890758891577384, "log10_eta": -2.916709047125639, "log10_lambda": -3.593954666183402, "log10_min_child_weight": 0.10103954578979168, "log10_subsample": -0.4210213172612336, "max_depth": 7.0, "num_boost_round": 15.0}, "datetime": {"datetime": "2024-01-19 00:39:20", "elapsed": 1663.1827, "delta": 0.002736}}
{"target": -13.75794041757716, "params": {"gamma": 404.69628734881655, "log10_alpha": -2.920248065622389, "log10_colsample_bytree": -0.41890758891577384, "log10_eta": -2.916709047125639, "log10_lambda": -3.593954666183402, "log10_min_child_weight": 0.10103954578979168, "log10_subsample": -0.4210213172612336, "max_depth": 7.0, "num_boost_round": 16.0}, "datetime": {"datetime": "2024-01-19 00:39:20", "elapsed": 1663.185457, "delta": 0.002757}}
{"target": -13.75792449518855, "params": {"gamma": 404.69628734881655, "log10_alpha": -2.920248065622389, "log10_colsample_bytree": -0.41890758891577384, "log10_eta": -2.916709047125639, "log10_lambda": -3.593954666183402, "log10_min_child_weight": 0.10103954578979168, "log10_subsample": -0.4210213172612336, "max_depth": 7.0, "num_boost_round": 17.0}, "datetime": {"datetime": "2024-01-19 00:39:20", "elapsed": 1663.188422, "delta": 0.002965}}
{"target": -13.757932802883023, "params": {"gamma": 404.69628734881655, "log10_alpha": -2.920248065622389, "log10_colsample_bytree": -0.41890758891577384, "log10_eta": -2.916709047125639, "log10_lambda": -3.593954666183402, "log10_min_child_weight": 0.10103954578979168, "log10_subsample": -0.4210213172612336, "max_depth": 7.0, "num_boost_round": 18.0}, "datetime": {"datetime": "2024-01-19 00:39:20", "elapsed": 1663.191417, "delta": 0.002995}}
{"target": -13.757894786259035, "params": {"gamma": 404.69628734881655, "log10_alpha": -2.920248065622389, "log10_colsample_bytree": -0.41890758891577384, "log10_eta": -2.916709047125639, "log10_lambda": -3.593954666183402, "log10_min_child_weight": 0.10103954578979168, "log10_subsample": -0.4210213172612336, "max_depth": 7.0, "num_boost_round": 19.0}, "datetime": {"datetime": "2024-01-19 00:39:20", "elapsed": 1663.19456, "delta": 0.003143}}
{"target": -13.757849379987816, "params": {"gamma": 404.69628734881655, "log10_alpha": -2.920248065622389, "log10_colsample_bytree": -0.41890758891577384, "log10_eta": -2.916709047125639, "log10_lambda": -3.593954666183402, "log10_min_child_weight": 0.10103954578979168, "log10_subsample": -0.4210213172612336, "max_depth": 7.0, "num_boost_round": 20.0}, "datetime": {"datetime": "2024-01-19 00:39:20", "elapsed": 1663.197513, "delta": 0.002953}}
{"target": -13.757941259954055, "params": {"gamma": 404.69628734881655, "log10_alpha": -2.920248065622389, "log10_colsample_bytree": -0.41890758891577384, "log10_eta": -2.916709047125639, "log10_lambda": -3.593954666183402, "log10_min_child_weight": 0.10103954578979168, "log10_subsample": -0.4210213172612336, "max_depth": 7.0, "num_boost_round": 21.0}, "datetime": {"datetime": "2024-01-19 00:39:20", "elapsed": 1663.200279, "delta": 0.002766}}
