{"target": -17.677197626858998, "params": {"gamma": 408.04511739267457, "log10_alpha": -4.1473771727571815, "log10_colsample_bytree": -0.7504352025850038, "log10_eta": -3.5069712447261994, "log10_lambda": -0.8882692071349254, "log10_min_child_weight": 3.7680629438201323, "log10_subsample": -0.978164203279774, "max_depth": 6.0, "num_boost_round": 21.0}, "datetime": {"datetime": "2024-01-19 02:05:47", "elapsed": 6839.814547, "delta": 0.006984}}
{"target": -17.677194450729864, "params": {"gamma": 408.04511739267457, "log10_alpha": -4.1473771727571815, "log10_colsample_bytree": -0.7504352025850038, "log10_eta": -3.5069712447261994, "log10_lambda": -0.8882692071349254, "log10_min_child_weight": 3.7680629438201323, "log10_subsample": -0.978164203279774, "max_depth": 6.0, "num_boost_round": 22.0}, "datetime": {"datetime": "2024-01-19 02:05:47", "elapsed": 6839.821283, "delta": 0.006736}}
{"target": -17.677188098190946, "params": {"gamma": 408.04511739267457, "log10_alpha": -4.1473771727571815, "log10_colsample_bytree": -0.7504352025850038, "log10_eta": -3.5069712447261994, "log10_lambda": -0.8882692071349254, "log10_min_child_weight": 3.7680629438201323, "log10_subsample": -0.978164203279774, "max_depth": 6.0, "num_boost_round": 23.0}, "datetime": {"datetime": "2024-01-19 02:05:47", "elapsed": 6839.828136, "delta": 0.006853}}
{"target": -17.677187199193806, "params": {"gamma": 408.04511739267457, "log10_alpha": -4.1473771727571815, "log10_colsample_bytree": -0.7504352025850038, "log10_eta": -3.5069712447261994, "log10_lambda": -0.8882692071349254, "log10_min_child_weight": 3.7680629438201323, "log10_subsample": -0.978164203279774, "max_depth": 6.0, "num_boost_round": 24.0}, "datetime": {"datetime": "2024-01-19 02:05:47", "elapsed": 6839.83527, "delta": 0.007134}}
{"target": -17.677184460135923, "params": {"gamma": 408.04511739267457, "log10_alpha": -4.1473771727571815, "log10_colsample_bytree": -0.7504352025850038, "log10_eta": -3.5069712447261994, "log10_lambda": -0.8882692071349254, "log10_min_child_weight": 3.7680629438201323, "log10_subsample": -0.978164203279774, "max_depth": 6.0, "num_boost_round": 25.0}, "datetime": {"datetime": "2024-01-19 02:05:47", "elapsed": 6839.842108, "delta": 0.006838}}
{"target": -17.677186126966394, "params": {"gamma": 408.04511739267457, "log10_alpha": -4.1473771727571815, "log10_colsample_bytree": -0.7504352025850038, "log10_eta": -3.5069712447261994, "log10_lambda": -0.8882692071349254, "log10_min_child_weight": 3.7680629438201323, "log10_subsample": -0.978164203279774, "max_depth": 6.0, "num_boost_round": 26.0}, "datetime": {"datetime": "2024-01-19 02:05:47", "elapsed": 6839.848997, "delta": 0.006889}}
{"target": -17.677181733016756, "params": {"gamma": 408.04511739267457, "log10_alpha": -4.1473771727571815, "log10_colsample_bytree": -0.7504352025850038, "log10_eta": -3.5069712447261994, "log10_lambda": -0.8882692071349254, "log10_min_child_weight": 3.7680629438201323, "log10_subsample": -0.978164203279774, "max_depth": 6.0, "num_boost_round": 27.0}, "datetime": {"datetime": "2024-01-19 02:05:47", "elapsed": 6839.856381, "delta": 0.007384}}
{"target": -17.677179762535836, "params": {"gamma": 408.04511739267457, "log10_alpha": -4.1473771727571815, "log10_colsample_bytree": -0.7504352025850038, "log10_eta": -3.5069712447261994, "log10_lambda": -0.8882692071349254, "log10_min_child_weight": 3.7680629438201323, "log10_subsample": -0.978164203279774, "max_depth": 6.0, "num_boost_round": 28.0}, "datetime": {"datetime": "2024-01-19 02:05:47", "elapsed": 6839.863318, "delta": 0.006937}}
{"target": -17.677221880761905, "params": {"gamma": 412.16121211281666, "log10_alpha": 0.9138462758164652, "log10_colsample_bytree": -0.3119402328416623, "log10_eta": -3.017278320075917, "log10_lambda": -0.13252146584136337, "log10_min_child_weight": 0.007558656755866644, "log10_subsample": -0.5144116665682136, "max_depth": 9.0, "num_boost_round": 0.0}, "datetime": {"datetime": "2024-01-19 02:07:13", "elapsed": 6926.496719, "delta": 86.633401}}
{"target": -17.677182740826424, "params": {"gamma": 412.16121211281666, "log10_alpha": 0.9138462758164652, "log10_colsample_bytree": -0.3119402328416623, "log10_eta": -3.017278320075917, "log10_lambda": -0.13252146584136337, "log10_min_child_weight": 0.007558656755866644, "log10_subsample": -0.5144116665682136, "max_depth": 9.0, "num_boost_round": 1.0}, "datetime": {"datetime": "2024-01-19 02:07:13", "elapsed": 6926.504202, "delta": 0.007483}}
{"target": -17.677067724182873, "params": {"gamma": 412.16121211281666, "log10_alpha": 0.9138462758164652, "log10_colsample_bytree": -0.3119402328416623, "log10_eta": -3.017278320075917, "log10_lambda": -0.13252146584136337, "log10_min_child_weight": 0.007558656755866644, "log10_subsample": -0.5144116665682136, "max_depth": 9.0, "num_boost_round": 2.0}, "datetime": {"datetime": "2024-01-19 02:07:13", "elapsed": 6926.510894, "delta": 0.006692}}
{"target": -17.677045860004547, "params": {"gamma": 412.16121211281666, "log10_alpha": 0.9138462758164652, "log10_colsample_bytree": -0.3119402328416623, "log10_eta": -3.017278320075917, "log10_lambda": -0.13252146584136337, "log10_min_child_weight": 0.007558656755866644, "log10_subsample": -0.5144116665682136, "max_depth": 9.0, "num_boost_round": 3.0}, "datetime": {"datetime": "2024-01-19 02:07:13", "elapsed": 6926.517221, "delta": 0.006327}}
{"target": -17.677015605106412, "params": {"gamma": 412.16121211281666, "log10_alpha": 0.9138462758164652, "log10_colsample_bytree": -0.3119402328416623, "log10_eta": -3.017278320075917, "log10_lambda": -0.13252146584136337, "log10_min_child_weight": 0.007558656755866644, "log10_subsample": -0.5144116665682136, "max_depth": 9.0, "num_boost_round": 4.0}, "datetime": {"datetime": "2024-01-19 02:07:13", "elapsed": 6926.523621, "delta": 0.0064}}
{"target": -17.67693526614416, "params": {"gamma": 412.16121211281666, "log10_alpha": 0.9138462758164652, "log10_colsample_bytree": -0.3119402328416623, "log10_eta": -3.017278320075917, "log10_lambda": -0.13252146584136337, "log10_min_child_weight": 0.007558656755866644, "log10_subsample": -0.5144116665682136, "max_depth": 9.0, "num_boost_round": 5.0}, "datetime": {"datetime": "2024-01-19 02:07:13", "elapsed": 6926.530134, "delta": 0.006513}}
{"target": -17.67691983945179, "params": {"gamma": 412.16121211281666, "log10_alpha": 0.9138462758164652, "log10_colsample_bytree": -0.3119402328416623, "log10_eta": -3.017278320075917, "log10_lambda": -0.13252146584136337, "log10_min_child_weight": 0.007558656755866644, "log10_subsample": -0.5144116665682136, "max_depth": 9.0, "num_boost_round": 6.0}, "datetime": {"datetime": "2024-01-19 02:07:13", "elapsed": 6926.536171, "delta": 0.006037}}
{"target": -17.676814456605328, "params": {"gamma": 412.16121211281666, "log10_alpha": 0.9138462758164652, "log10_colsample_bytree": -0.3119402328416623, "log10_eta": -3.017278320075917, "log10_lambda": -0.13252146584136337, "log10_min_child_weight": 0.007558656755866644, "log10_subsample": -0.5144116665682136, "max_depth": 9.0, "num_boost_round": 7.0}, "datetime": {"datetime": "2024-01-19 02:07:13", "elapsed": 6926.542349, "delta": 0.006178}}
{"target": -17.6767529505032, "params": {"gamma": 412.16121211281666, "log10_alpha": 0.9138462758164652, "log10_colsample_bytree": -0.3119402328416623, "log10_eta": -3.017278320075917, "log10_lambda": -0.13252146584136337, "log10_min_child_weight": 0.007558656755866644, "log10_subsample": -0.5144116665682136, "max_depth": 9.0, "num_boost_round": 8.0}, "datetime": {"datetime": "2024-01-19 02:07:13", "elapsed": 6926.548465, "delta": 0.006116}}
{"target": -17.67663087792497, "params": {"gamma": 412.16121211281666, "log10_alpha": 0.9138462758164652, "log10_colsample_bytree": -0.3119402328416623, "log10_eta": -3.017278320075917, "log10_lambda": -0.13252146584136337, "log10_min_child_weight": 0.007558656755866644, "log10_subsample": -0.5144116665682136, "max_depth": 9.0, "num_boost_round": 9.0}, "datetime": {"datetime": "2024-01-19 02:07:13", "elapsed": 6926.555179, "delta": 0.006714}}
{"target": -17.676546578213607, "params": {"gamma": 412.16121211281666, "log10_alpha": 0.9138462758164652, "log10_colsample_bytree": -0.3119402328416623, "log10_eta": -3.017278320075917, "log10_lambda": -0.13252146584136337, "log10_min_child_weight": 0.007558656755866644, "log10_subsample": -0.5144116665682136, "max_depth": 9.0, "num_boost_round": 10.0}, "datetime": {"datetime": "2024-01-19 02:07:13", "elapsed": 6926.562555, "delta": 0.007376}}
{"target": -17.676485367727707, "params": {"gamma": 412.16121211281666, "log10_alpha": 0.9138462758164652, "log10_colsample_bytree": -0.3119402328416623, "log10_eta": -3.017278320075917, "log10_lambda": -0.13252146584136337, "log10_min_child_weight": 0.007558656755866644, "log10_subsample": -0.5144116665682136, "max_depth": 9.0, "num_boost_round": 11.0}, "datetime": {"datetime": "2024-01-19 02:07:13", "elapsed": 6926.569902, "delta": 0.007347}}
{"target": -17.67638205956881, "params": {"gamma": 412.16121211281666, "log10_alpha": 0.9138462758164652, "log10_colsample_bytree": -0.3119402328416623, "log10_eta": -3.017278320075917, "log10_lambda": -0.13252146584136337, "log10_min_child_weight": 0.007558656755866644, "log10_subsample": -0.5144116665682136, "max_depth": 9.0, "num_boost_round": 12.0}, "datetime": {"datetime": "2024-01-19 02:07:13", "elapsed": 6926.576151, "delta": 0.006249}}
{"target": -17.676298470226108, "params": {"gamma": 412.16121211281666, "log10_alpha": 0.9138462758164652, "log10_colsample_bytree": -0.3119402328416623, "log10_eta": -3.017278320075917, "log10_lambda": -0.13252146584136337, "log10_min_child_weight": 0.007558656755866644, "log10_subsample": -0.5144116665682136, "max_depth": 9.0, "num_boost_round": 13.0}, "datetime": {"datetime": "2024-01-19 02:07:13", "elapsed": 6926.582314, "delta": 0.006163}}
{"target": -17.676311244934173, "params": {"gamma": 412.16121211281666, "log10_alpha": 0.9138462758164652, "log10_colsample_bytree": -0.3119402328416623, "log10_eta": -3.017278320075917, "log10_lambda": -0.13252146584136337, "log10_min_child_weight": 0.007558656755866644, "log10_subsample": -0.5144116665682136, "max_depth": 9.0, "num_boost_round": 14.0}, "datetime": {"datetime": "2024-01-19 02:07:13", "elapsed": 6926.588787, "delta": 0.006473}}
{"target": -17.676267600879914, "params": {"gamma": 412.16121211281666, "log10_alpha": 0.9138462758164652, "log10_colsample_bytree": -0.3119402328416623, "log10_eta": -3.017278320075917, "log10_lambda": -0.13252146584136337, "log10_min_child_weight": 0.007558656755866644, "log10_subsample": -0.5144116665682136, "max_depth": 9.0, "num_boost_round": 15.0}, "datetime": {"datetime": "2024-01-19 02:07:13", "elapsed": 6926.594984, "delta": 0.006197}}
{"target": -17.676207432899986, "params": {"gamma": 412.16121211281666, "log10_alpha": 0.9138462758164652, "log10_colsample_bytree": -0.3119402328416623, "log10_eta": -3.017278320075917, "log10_lambda": -0.13252146584136337, "log10_min_child_weight": 0.007558656755866644, "log10_subsample": -0.5144116665682136, "max_depth": 9.0, "num_boost_round": 16.0}, "datetime": {"datetime": "2024-01-19 02:07:13", "elapsed": 6926.601293, "delta": 0.006309}}
{"target": -17.676091485961642, "params": {"gamma": 412.16121211281666, "log10_alpha": 0.9138462758164652, "log10_colsample_bytree": -0.3119402328416623, "log10_eta": -3.017278320075917, "log10_lambda": -0.13252146584136337, "log10_min_child_weight": 0.007558656755866644, "log10_subsample": -0.5144116665682136, "max_depth": 9.0, "num_boost_round": 17.0}, "datetime": {"datetime": "2024-01-19 02:07:13", "elapsed": 6926.607869, "delta": 0.006576}}
{"target": -17.676142086987436, "params": {"gamma": 412.16121211281666, "log10_alpha": 0.9138462758164652, "log10_colsample_bytree": -0.3119402328416623, "log10_eta": -3.017278320075917, "log10_lambda": -0.13252146584136337, "log10_min_child_weight": 0.007558656755866644, "log10_subsample": -0.5144116665682136, "max_depth": 9.0, "num_boost_round": 18.0}, "datetime": {"datetime": "2024-01-19 02:07:13", "elapsed": 6926.61411, "delta": 0.006241}}
{"target": -17.676070150240417, "params": {"gamma": 412.16121211281666, "log10_alpha": 0.9138462758164652, "log10_colsample_bytree": -0.3119402328416623, "log10_eta": -3.017278320075917, "log10_lambda": -0.13252146584136337, "log10_min_child_weight": 0.007558656755866644, "log10_subsample": -0.5144116665682136, "max_depth": 9.0, "num_boost_round": 19.0}, "datetime": {"datetime": "2024-01-19 02:07:13", "elapsed": 6926.620472, "delta": 0.006362}}
{"target": -17.676022173191964, "params": {"gamma": 412.16121211281666, "log10_alpha": 0.9138462758164652, "log10_colsample_bytree": -0.3119402328416623, "log10_eta": -3.017278320075917, "log10_lambda": -0.13252146584136337, "log10_min_child_weight": 0.007558656755866644, "log10_subsample": -0.5144116665682136, "max_depth": 9.0, "num_boost_round": 20.0}, "datetime": {"datetime": "2024-01-19 02:07:13", "elapsed": 6926.626888, "delta": 0.006416}}
{"target": -17.67601345617511, "params": {"gamma": 412.16121211281666, "log10_alpha": 0.9138462758164652, "log10_colsample_bytree": -0.3119402328416623, "log10_eta": -3.017278320075917, "log10_lambda": -0.13252146584136337, "log10_min_child_weight": 0.007558656755866644, "log10_subsample": -0.5144116665682136, "max_depth": 9.0, "num_boost_round": 21.0}, "datetime": {"datetime": "2024-01-19 02:07:13", "elapsed": 6926.633289, "delta": 0.006401}}
{"target": -17.675885664312332, "params": {"gamma": 412.16121211281666, "log10_alpha": 0.9138462758164652, "log10_colsample_bytree": -0.3119402328416623, "log10_eta": -3.017278320075917, "log10_lambda": -0.13252146584136337, "log10_min_child_weight": 0.007558656755866644, "log10_subsample": -0.5144116665682136, "max_depth": 9.0, "num_boost_round": 22.0}, "datetime": {"datetime": "2024-01-19 02:07:13", "elapsed": 6926.639607, "delta": 0.006318}}
{"target": -17.675895506613198, "params": {"gamma": 412.16121211281666, "log10_alpha": 0.9138462758164652, "log10_colsample_bytree": -0.3119402328416623, "log10_eta": -3.017278320075917, "log10_lambda": -0.13252146584136337, "log10_min_child_weight": 0.007558656755866644, "log10_subsample": -0.5144116665682136, "max_depth": 9.0, "num_boost_round": 23.0}, "datetime": {"datetime": "2024-01-19 02:07:13", "elapsed": 6926.646153, "delta": 0.006546}}
{"target": -17.67589577637141, "params": {"gamma": 412.16121211281666, "log10_alpha": 0.9138462758164652, "log10_colsample_bytree": -0.3119402328416623, "log10_eta": -3.017278320075917, "log10_lambda": -0.13252146584136337, "log10_min_child_weight": 0.007558656755866644, "log10_subsample": -0.5144116665682136, "max_depth": 9.0, "num_boost_round": 24.0}, "datetime": {"datetime": "2024-01-19 02:07:14", "elapsed": 6926.652369, "delta": 0.006216}}
{"target": -17.675804383391377, "params": {"gamma": 412.16121211281666, "log10_alpha": 0.9138462758164652, "log10_colsample_bytree": -0.3119402328416623, "log10_eta": -3.017278320075917, "log10_lambda": -0.13252146584136337, "log10_min_child_weight": 0.007558656755866644, "log10_subsample": -0.5144116665682136, "max_depth": 9.0, "num_boost_round": 25.0}, "datetime": {"datetime": "2024-01-19 02:07:14", "elapsed": 6926.659579, "delta": 0.00721}}
{"target": -17.67575969595517, "params": {"gamma": 412.16121211281666, "log10_alpha": 0.9138462758164652, "log10_colsample_bytree": -0.3119402328416623, "log10_eta": -3.017278320075917, "log10_lambda": -0.13252146584136337, "log10_min_child_weight": 0.007558656755866644, "log10_subsample": -0.5144116665682136, "max_depth": 9.0, "num_boost_round": 26.0}, "datetime": {"datetime": "2024-01-19 02:07:14", "elapsed": 6926.666159, "delta": 0.00658}}
{"target": -17.67574755604552, "params": {"gamma": 412.16121211281666, "log10_alpha": 0.9138462758164652, "log10_colsample_bytree": -0.3119402328416623, "log10_eta": -3.017278320075917, "log10_lambda": -0.13252146584136337, "log10_min_child_weight": 0.007558656755866644, "log10_subsample": -0.5144116665682136, "max_depth": 9.0, "num_boost_round": 27.0}, "datetime": {"datetime": "2024-01-19 02:07:14", "elapsed": 6926.672424, "delta": 0.006265}}
{"target": -17.6757130762175, "params": {"gamma": 412.16121211281666, "log10_alpha": 0.9138462758164652, "log10_colsample_bytree": -0.3119402328416623, "log10_eta": -3.017278320075917, "log10_lambda": -0.13252146584136337, "log10_min_child_weight": 0.007558656755866644, "log10_subsample": -0.5144116665682136, "max_depth": 9.0, "num_boost_round": 28.0}, "datetime": {"datetime": "2024-01-19 02:07:14", "elapsed": 6926.678542, "delta": 0.006118}}
{"target": -17.675591845045705, "params": {"gamma": 412.16121211281666, "log10_alpha": 0.9138462758164652, "log10_colsample_bytree": -0.3119402328416623, "log10_eta": -3.017278320075917, "log10_lambda": -0.13252146584136337, "log10_min_child_weight": 0.007558656755866644, "log10_subsample": -0.5144116665682136, "max_depth": 9.0, "num_boost_round": 29.0}, "datetime": {"datetime": "2024-01-19 02:07:14", "elapsed": 6926.685027, "delta": 0.006485}}
{"target": -17.67571396358857, "params": {"gamma": 412.16121211281666, "log10_alpha": 0.9138462758164652, "log10_colsample_bytree": -0.3119402328416623, "log10_eta": -3.017278320075917, "log10_lambda": -0.13252146584136337, "log10_min_child_weight": 0.007558656755866644, "log10_subsample": -0.5144116665682136, "max_depth": 9.0, "num_boost_round": 30.0}, "datetime": {"datetime": "2024-01-19 02:07:14", "elapsed": 6926.691494, "delta": 0.006467}}
{"target": -17.67569821674075, "params": {"gamma": 412.16121211281666, "log10_alpha": 0.9138462758164652, "log10_colsample_bytree": -0.3119402328416623, "log10_eta": -3.017278320075917, "log10_lambda": -0.13252146584136337, "log10_min_child_weight": 0.007558656755866644, "log10_subsample": -0.5144116665682136, "max_depth": 9.0, "num_boost_round": 31.0}, "datetime": {"datetime": "2024-01-19 02:07:14", "elapsed": 6926.697626, "delta": 0.006132}}
{"target": -17.675695682404395, "params": {"gamma": 412.16121211281666, "log10_alpha": 0.9138462758164652, "log10_colsample_bytree": -0.3119402328416623, "log10_eta": -3.017278320075917, "log10_lambda": -0.13252146584136337, "log10_min_child_weight": 0.007558656755866644, "log10_subsample": -0.5144116665682136, "max_depth": 9.0, "num_boost_round": 32.0}, "datetime": {"datetime": "2024-01-19 02:07:14", "elapsed": 6926.703934, "delta": 0.006308}}
{"target": -17.67621047085819, "params": {"gamma": 397.73335106615303, "log10_alpha": 0.8262423857902386, "log10_colsample_bytree": -0.10913665844356535, "log10_eta": -1.6708538134464592, "log10_lambda": -0.675221094534229, "log10_min_child_weight": 0.9274507809532512, "log10_subsample": -0.22739474949129335, "max_depth": 9.0, "num_boost_round": 0.0}, "datetime": {"datetime": "2024-01-19 02:08:43", "elapsed": 7015.807993, "delta": 89.104059}}
{"target": -17.67657733637131, "params": {"gamma": 397.73335106615303, "log10_alpha": 0.8262423857902386, "log10_colsample_bytree": -0.10913665844356535, "log10_eta": -1.6708538134464592, "log10_lambda": -0.675221094534229, "log10_min_child_weight": 0.9274507809532512, "log10_subsample": -0.22739474949129335, "max_depth": 9.0, "num_boost_round": 1.0}, "datetime": {"datetime": "2024-01-19 02:08:43", "elapsed": 7015.816033, "delta": 0.00804}}
{"target": -17.676869196986065, "params": {"gamma": 397.73335106615303, "log10_alpha": 0.8262423857902386, "log10_colsample_bytree": -0.10913665844356535, "log10_eta": -1.6708538134464592, "log10_lambda": -0.675221094534229, "log10_min_child_weight": 0.9274507809532512, "log10_subsample": -0.22739474949129335, "max_depth": 9.0, "num_boost_round": 2.0}, "datetime": {"datetime": "2024-01-19 02:08:43", "elapsed": 7015.823139, "delta": 0.007106}}
{"target": -17.676180743188247, "params": {"gamma": 397.73335106615303, "log10_alpha": 0.8262423857902386, "log10_colsample_bytree": -0.10913665844356535, "log10_eta": -1.6708538134464592, "log10_lambda": -0.675221094534229, "log10_min_child_weight": 0.9274507809532512, "log10_subsample": -0.22739474949129335, "max_depth": 9.0, "num_boost_round": 3.0}, "datetime": {"datetime": "2024-01-19 02:08:43", "elapsed": 7015.830295, "delta": 0.007156}}
{"target": -17.677162459939915, "params": {"gamma": 397.73335106615303, "log10_alpha": 0.8262423857902386, "log10_colsample_bytree": -0.10913665844356535, "log10_eta": -1.6708538134464592, "log10_lambda": -0.675221094534229, "log10_min_child_weight": 0.9274507809532512, "log10_subsample": -0.22739474949129335, "max_depth": 9.0, "num_boost_round": 4.0}, "datetime": {"datetime": "2024-01-19 02:08:43", "elapsed": 7015.83744, "delta": 0.007145}}
{"target": -17.676667078705556, "params": {"gamma": 397.73335106615303, "log10_alpha": 0.8262423857902386, "log10_colsample_bytree": -0.10913665844356535, "log10_eta": -1.6708538134464592, "log10_lambda": -0.675221094534229, "log10_min_child_weight": 0.9274507809532512, "log10_subsample": -0.22739474949129335, "max_depth": 9.0, "num_boost_round": 5.0}, "datetime": {"datetime": "2024-01-19 02:08:43", "elapsed": 7015.844493, "delta": 0.007053}}
{"target": -17.677100981149266, "params": {"gamma": 397.73335106615303, "log10_alpha": 0.8262423857902386, "log10_colsample_bytree": -0.10913665844356535, "log10_eta": -1.6708538134464592, "log10_lambda": -0.675221094534229, "log10_min_child_weight": 0.9274507809532512, "log10_subsample": -0.22739474949129335, "max_depth": 9.0, "num_boost_round": 6.0}, "datetime": {"datetime": "2024-01-19 02:08:43", "elapsed": 7015.851569, "delta": 0.007076}}
{"target": -17.67848310839135, "params": {"gamma": 397.73335106615303, "log10_alpha": 0.8262423857902386, "log10_colsample_bytree": -0.10913665844356535, "log10_eta": -1.6708538134464592, "log10_lambda": -0.675221094534229, "log10_min_child_weight": 0.9274507809532512, "log10_subsample": -0.22739474949129335, "max_depth": 9.0, "num_boost_round": 7.0}, "datetime": {"datetime": "2024-01-19 02:08:43", "elapsed": 7015.85838, "delta": 0.006811}}
