{"target": -13.758103189200837, "params": {"gamma": 557.2735144785586, "log10_alpha": -2.046257711825239, "log10_colsample_bytree": -0.7848762808891581, "log10_eta": -3.4538687720384202, "log10_lambda": 0.717315911982908, "log10_min_child_weight": 1.2208529810313251, "log10_subsample": -0.13978634879567653, "max_depth": 9.0, "num_boost_round": 33.0}, "datetime": {"datetime": "2024-01-19 01:37:08", "elapsed": 5160.757616, "delta": 0.005548}}
{"target": -13.758085234611952, "params": {"gamma": 557.2735144785586, "log10_alpha": -2.046257711825239, "log10_colsample_bytree": -0.7848762808891581, "log10_eta": -3.4538687720384202, "log10_lambda": 0.717315911982908, "log10_min_child_weight": 1.2208529810313251, "log10_subsample": -0.13978634879567653, "max_depth": 9.0, "num_boost_round": 34.0}, "datetime": {"datetime": "2024-01-19 01:37:08", "elapsed": 5160.762857, "delta": 0.005241}}
{"target": -13.75807758988782, "params": {"gamma": 557.2735144785586, "log10_alpha": -2.046257711825239, "log10_colsample_bytree": -0.7848762808891581, "log10_eta": -3.4538687720384202, "log10_lambda": 0.717315911982908, "log10_min_child_weight": 1.2208529810313251, "log10_subsample": -0.13978634879567653, "max_depth": 9.0, "num_boost_round": 35.0}, "datetime": {"datetime": "2024-01-19 01:37:08", "elapsed": 5160.768178, "delta": 0.005321}}
{"target": -13.758080725328142, "params": {"gamma": 557.2735144785586, "log10_alpha": -2.046257711825239, "log10_colsample_bytree": -0.7848762808891581, "log10_eta": -3.4538687720384202, "log10_lambda": 0.717315911982908, "log10_min_child_weight": 1.2208529810313251, "log10_subsample": -0.13978634879567653, "max_depth": 9.0, "num_boost_round": 36.0}, "datetime": {"datetime": "2024-01-19 01:37:08", "elapsed": 5160.773524, "delta": 0.005346}}
{"target": -13.758073725242655, "params": {"gamma": 557.2735144785586, "log10_alpha": -2.046257711825239, "log10_colsample_bytree": -0.7848762808891581, "log10_eta": -3.4538687720384202, "log10_lambda": 0.717315911982908, "log10_min_child_weight": 1.2208529810313251, "log10_subsample": -0.13978634879567653, "max_depth": 9.0, "num_boost_round": 37.0}, "datetime": {"datetime": "2024-01-19 01:37:08", "elapsed": 5160.778896, "delta": 0.005372}}
{"target": -13.758067133687016, "params": {"gamma": 557.2735144785586, "log10_alpha": -2.046257711825239, "log10_colsample_bytree": -0.7848762808891581, "log10_eta": -3.4538687720384202, "log10_lambda": 0.717315911982908, "log10_min_child_weight": 1.2208529810313251, "log10_subsample": -0.13978634879567653, "max_depth": 9.0, "num_boost_round": 38.0}, "datetime": {"datetime": "2024-01-19 01:37:08", "elapsed": 5160.78446, "delta": 0.005564}}
{"target": -13.758068419180194, "params": {"gamma": 557.2735144785586, "log10_alpha": -2.046257711825239, "log10_colsample_bytree": -0.7848762808891581, "log10_eta": -3.4538687720384202, "log10_lambda": 0.717315911982908, "log10_min_child_weight": 1.2208529810313251, "log10_subsample": -0.13978634879567653, "max_depth": 9.0, "num_boost_round": 39.0}, "datetime": {"datetime": "2024-01-19 01:37:08", "elapsed": 5160.790011, "delta": 0.005551}}
{"target": -13.758076825068276, "params": {"gamma": 557.2735144785586, "log10_alpha": -2.046257711825239, "log10_colsample_bytree": -0.7848762808891581, "log10_eta": -3.4538687720384202, "log10_lambda": 0.717315911982908, "log10_min_child_weight": 1.2208529810313251, "log10_subsample": -0.13978634879567653, "max_depth": 9.0, "num_boost_round": 40.0}, "datetime": {"datetime": "2024-01-19 01:37:08", "elapsed": 5160.795183, "delta": 0.005172}}
{"target": -13.758079837601693, "params": {"gamma": 557.2735144785586, "log10_alpha": -2.046257711825239, "log10_colsample_bytree": -0.7848762808891581, "log10_eta": -3.4538687720384202, "log10_lambda": 0.717315911982908, "log10_min_child_weight": 1.2208529810313251, "log10_subsample": -0.13978634879567653, "max_depth": 9.0, "num_boost_round": 41.0}, "datetime": {"datetime": "2024-01-19 01:37:08", "elapsed": 5160.80043, "delta": 0.005247}}
{"target": -13.7580558999227, "params": {"gamma": 557.2735144785586, "log10_alpha": -2.046257711825239, "log10_colsample_bytree": -0.7848762808891581, "log10_eta": -3.4538687720384202, "log10_lambda": 0.717315911982908, "log10_min_child_weight": 1.2208529810313251, "log10_subsample": -0.13978634879567653, "max_depth": 9.0, "num_boost_round": 42.0}, "datetime": {"datetime": "2024-01-19 01:37:09", "elapsed": 5160.805888, "delta": 0.005458}}
{"target": -13.758523352261069, "params": {"gamma": 559.9446574195669, "log10_alpha": -0.9955278430059433, "log10_colsample_bytree": -0.54289182446697, "log10_eta": -2.5578052843757706, "log10_lambda": -2.0147301986452875, "log10_min_child_weight": 4.8530330422468495, "log10_subsample": -0.5758009494895275, "max_depth": 6.0, "num_boost_round": 0.0}, "datetime": {"datetime": "2024-01-19 01:38:11", "elapsed": 5223.632972, "delta": 62.827084}}
{"target": -13.758515982070971, "params": {"gamma": 559.9446574195669, "log10_alpha": -0.9955278430059433, "log10_colsample_bytree": -0.54289182446697, "log10_eta": -2.5578052843757706, "log10_lambda": -2.0147301986452875, "log10_min_child_weight": 4.8530330422468495, "log10_subsample": -0.5758009494895275, "max_depth": 6.0, "num_boost_round": 1.0}, "datetime": {"datetime": "2024-01-19 01:38:11", "elapsed": 5223.638831, "delta": 0.005859}}
{"target": -13.758519133354842, "params": {"gamma": 559.9446574195669, "log10_alpha": -0.9955278430059433, "log10_colsample_bytree": -0.54289182446697, "log10_eta": -2.5578052843757706, "log10_lambda": -2.0147301986452875, "log10_min_child_weight": 4.8530330422468495, "log10_subsample": -0.5758009494895275, "max_depth": 6.0, "num_boost_round": 2.0}, "datetime": {"datetime": "2024-01-19 01:38:11", "elapsed": 5223.644288, "delta": 0.005457}}
{"target": -13.75851028849919, "params": {"gamma": 559.9446574195669, "log10_alpha": -0.9955278430059433, "log10_colsample_bytree": -0.54289182446697, "log10_eta": -2.5578052843757706, "log10_lambda": -2.0147301986452875, "log10_min_child_weight": 4.8530330422468495, "log10_subsample": -0.5758009494895275, "max_depth": 6.0, "num_boost_round": 3.0}, "datetime": {"datetime": "2024-01-19 01:38:11", "elapsed": 5223.649668, "delta": 0.00538}}
{"target": -13.758509344990337, "params": {"gamma": 559.9446574195669, "log10_alpha": -0.9955278430059433, "log10_colsample_bytree": -0.54289182446697, "log10_eta": -2.5578052843757706, "log10_lambda": -2.0147301986452875, "log10_min_child_weight": 4.8530330422468495, "log10_subsample": -0.5758009494895275, "max_depth": 6.0, "num_boost_round": 4.0}, "datetime": {"datetime": "2024-01-19 01:38:11", "elapsed": 5223.655046, "delta": 0.005378}}
{"target": -13.758498401904548, "params": {"gamma": 559.9446574195669, "log10_alpha": -0.9955278430059433, "log10_colsample_bytree": -0.54289182446697, "log10_eta": -2.5578052843757706, "log10_lambda": -2.0147301986452875, "log10_min_child_weight": 4.8530330422468495, "log10_subsample": -0.5758009494895275, "max_depth": 6.0, "num_boost_round": 5.0}, "datetime": {"datetime": "2024-01-19 01:38:11", "elapsed": 5223.660447, "delta": 0.005401}}
{"target": -13.758497847079065, "params": {"gamma": 559.9446574195669, "log10_alpha": -0.9955278430059433, "log10_colsample_bytree": -0.54289182446697, "log10_eta": -2.5578052843757706, "log10_lambda": -2.0147301986452875, "log10_min_child_weight": 4.8530330422468495, "log10_subsample": -0.5758009494895275, "max_depth": 6.0, "num_boost_round": 6.0}, "datetime": {"datetime": "2024-01-19 01:38:11", "elapsed": 5223.665858, "delta": 0.005411}}
{"target": -13.758487024170366, "params": {"gamma": 559.9446574195669, "log10_alpha": -0.9955278430059433, "log10_colsample_bytree": -0.54289182446697, "log10_eta": -2.5578052843757706, "log10_lambda": -2.0147301986452875, "log10_min_child_weight": 4.8530330422468495, "log10_subsample": -0.5758009494895275, "max_depth": 6.0, "num_boost_round": 7.0}, "datetime": {"datetime": "2024-01-19 01:38:11", "elapsed": 5223.671446, "delta": 0.005588}}
{"target": -13.75848678835754, "params": {"gamma": 559.9446574195669, "log10_alpha": -0.9955278430059433, "log10_colsample_bytree": -0.54289182446697, "log10_eta": -2.5578052843757706, "log10_lambda": -2.0147301986452875, "log10_min_child_weight": 4.8530330422468495, "log10_subsample": -0.5758009494895275, "max_depth": 6.0, "num_boost_round": 8.0}, "datetime": {"datetime": "2024-01-19 01:38:11", "elapsed": 5223.676748, "delta": 0.005302}}
{"target": -13.758482355510825, "params": {"gamma": 559.9446574195669, "log10_alpha": -0.9955278430059433, "log10_colsample_bytree": -0.54289182446697, "log10_eta": -2.5578052843757706, "log10_lambda": -2.0147301986452875, "log10_min_child_weight": 4.8530330422468495, "log10_subsample": -0.5758009494895275, "max_depth": 6.0, "num_boost_round": 9.0}, "datetime": {"datetime": "2024-01-19 01:38:11", "elapsed": 5223.681997, "delta": 0.005249}}
{"target": -13.758478318372049, "params": {"gamma": 559.9446574195669, "log10_alpha": -0.9955278430059433, "log10_colsample_bytree": -0.54289182446697, "log10_eta": -2.5578052843757706, "log10_lambda": -2.0147301986452875, "log10_min_child_weight": 4.8530330422468495, "log10_subsample": -0.5758009494895275, "max_depth": 6.0, "num_boost_round": 10.0}, "datetime": {"datetime": "2024-01-19 01:38:11", "elapsed": 5223.687388, "delta": 0.005391}}
{"target": -13.758463214006824, "params": {"gamma": 559.9446574195669, "log10_alpha": -0.9955278430059433, "log10_colsample_bytree": -0.54289182446697, "log10_eta": -2.5578052843757706, "log10_lambda": -2.0147301986452875, "log10_min_child_weight": 4.8530330422468495, "log10_subsample": -0.5758009494895275, "max_depth": 6.0, "num_boost_round": 11.0}, "datetime": {"datetime": "2024-01-19 01:38:11", "elapsed": 5223.692582, "delta": 0.005194}}
{"target": -13.758476362710823, "params": {"gamma": 559.9446574195669, "log10_alpha": -0.9955278430059433, "log10_colsample_bytree": -0.54289182446697, "log10_eta": -2.5578052843757706, "log10_lambda": -2.0147301986452875, "log10_min_child_weight": 4.8530330422468495, "log10_subsample": -0.5758009494895275, "max_depth": 6.0, "num_boost_round": 12.0}, "datetime": {"datetime": "2024-01-19 01:38:11", "elapsed": 5223.697912, "delta": 0.00533}}
{"target": -13.758471762684337, "params": {"gamma": 559.9446574195669, "log10_alpha": -0.9955278430059433, "log10_colsample_bytree": -0.54289182446697, "log10_eta": -2.5578052843757706, "log10_lambda": -2.0147301986452875, "log10_min_child_weight": 4.8530330422468495, "log10_subsample": -0.5758009494895275, "max_depth": 6.0, "num_boost_round": 13.0}, "datetime": {"datetime": "2024-01-19 01:38:11", "elapsed": 5223.703454, "delta": 0.005542}}
{"target": -13.758465705317596, "params": {"gamma": 559.9446574195669, "log10_alpha": -0.9955278430059433, "log10_colsample_bytree": -0.54289182446697, "log10_eta": -2.5578052843757706, "log10_lambda": -2.0147301986452875, "log10_min_child_weight": 4.8530330422468495, "log10_subsample": -0.5758009494895275, "max_depth": 6.0, "num_boost_round": 14.0}, "datetime": {"datetime": "2024-01-19 01:38:11", "elapsed": 5223.708881, "delta": 0.005427}}
{"target": -13.758454494521796, "params": {"gamma": 559.9446574195669, "log10_alpha": -0.9955278430059433, "log10_colsample_bytree": -0.54289182446697, "log10_eta": -2.5578052843757706, "log10_lambda": -2.0147301986452875, "log10_min_child_weight": 4.8530330422468495, "log10_subsample": -0.5758009494895275, "max_depth": 6.0, "num_boost_round": 15.0}, "datetime": {"datetime": "2024-01-19 01:38:11", "elapsed": 5223.714125, "delta": 0.005244}}
{"target": -13.75846064787218, "params": {"gamma": 559.9446574195669, "log10_alpha": -0.9955278430059433, "log10_colsample_bytree": -0.54289182446697, "log10_eta": -2.5578052843757706, "log10_lambda": -2.0147301986452875, "log10_min_child_weight": 4.8530330422468495, "log10_subsample": -0.5758009494895275, "max_depth": 6.0, "num_boost_round": 16.0}, "datetime": {"datetime": "2024-01-19 01:38:11", "elapsed": 5223.71966, "delta": 0.005535}}
{"target": -13.758466252634598, "params": {"gamma": 559.9446574195669, "log10_alpha": -0.9955278430059433, "log10_colsample_bytree": -0.54289182446697, "log10_eta": -2.5578052843757706, "log10_lambda": -2.0147301986452875, "log10_min_child_weight": 4.8530330422468495, "log10_subsample": -0.5758009494895275, "max_depth": 6.0, "num_boost_round": 17.0}, "datetime": {"datetime": "2024-01-19 01:38:11", "elapsed": 5223.725076, "delta": 0.005416}}
{"target": -13.75845139981066, "params": {"gamma": 559.9446574195669, "log10_alpha": -0.9955278430059433, "log10_colsample_bytree": -0.54289182446697, "log10_eta": -2.5578052843757706, "log10_lambda": -2.0147301986452875, "log10_min_child_weight": 4.8530330422468495, "log10_subsample": -0.5758009494895275, "max_depth": 6.0, "num_boost_round": 18.0}, "datetime": {"datetime": "2024-01-19 01:38:11", "elapsed": 5223.730507, "delta": 0.005431}}
{"target": -13.758444211331845, "params": {"gamma": 559.9446574195669, "log10_alpha": -0.9955278430059433, "log10_colsample_bytree": -0.54289182446697, "log10_eta": -2.5578052843757706, "log10_lambda": -2.0147301986452875, "log10_min_child_weight": 4.8530330422468495, "log10_subsample": -0.5758009494895275, "max_depth": 6.0, "num_boost_round": 19.0}, "datetime": {"datetime": "2024-01-19 01:38:11", "elapsed": 5223.735969, "delta": 0.005462}}
{"target": -13.758426774478295, "params": {"gamma": 559.9446574195669, "log10_alpha": -0.9955278430059433, "log10_colsample_bytree": -0.54289182446697, "log10_eta": -2.5578052843757706, "log10_lambda": -2.0147301986452875, "log10_min_child_weight": 4.8530330422468495, "log10_subsample": -0.5758009494895275, "max_depth": 6.0, "num_boost_round": 20.0}, "datetime": {"datetime": "2024-01-19 01:38:11", "elapsed": 5223.741221, "delta": 0.005252}}
{"target": -13.758413335679794, "params": {"gamma": 559.9446574195669, "log10_alpha": -0.9955278430059433, "log10_colsample_bytree": -0.54289182446697, "log10_eta": -2.5578052843757706, "log10_lambda": -2.0147301986452875, "log10_min_child_weight": 4.8530330422468495, "log10_subsample": -0.5758009494895275, "max_depth": 6.0, "num_boost_round": 21.0}, "datetime": {"datetime": "2024-01-19 01:38:11", "elapsed": 5223.746675, "delta": 0.005454}}
{"target": -13.758399987079436, "params": {"gamma": 559.9446574195669, "log10_alpha": -0.9955278430059433, "log10_colsample_bytree": -0.54289182446697, "log10_eta": -2.5578052843757706, "log10_lambda": -2.0147301986452875, "log10_min_child_weight": 4.8530330422468495, "log10_subsample": -0.5758009494895275, "max_depth": 6.0, "num_boost_round": 22.0}, "datetime": {"datetime": "2024-01-19 01:38:11", "elapsed": 5223.752119, "delta": 0.005444}}
{"target": -13.758379620048949, "params": {"gamma": 559.9446574195669, "log10_alpha": -0.9955278430059433, "log10_colsample_bytree": -0.54289182446697, "log10_eta": -2.5578052843757706, "log10_lambda": -2.0147301986452875, "log10_min_child_weight": 4.8530330422468495, "log10_subsample": -0.5758009494895275, "max_depth": 6.0, "num_boost_round": 23.0}, "datetime": {"datetime": "2024-01-19 01:38:11", "elapsed": 5223.757586, "delta": 0.005467}}
{"target": -13.758376205299177, "params": {"gamma": 559.9446574195669, "log10_alpha": -0.9955278430059433, "log10_colsample_bytree": -0.54289182446697, "log10_eta": -2.5578052843757706, "log10_lambda": -2.0147301986452875, "log10_min_child_weight": 4.8530330422468495, "log10_subsample": -0.5758009494895275, "max_depth": 6.0, "num_boost_round": 24.0}, "datetime": {"datetime": "2024-01-19 01:38:11", "elapsed": 5223.763, "delta": 0.005414}}
{"target": -13.75837274394557, "params": {"gamma": 559.9446574195669, "log10_alpha": -0.9955278430059433, "log10_colsample_bytree": -0.54289182446697, "log10_eta": -2.5578052843757706, "log10_lambda": -2.0147301986452875, "log10_min_child_weight": 4.8530330422468495, "log10_subsample": -0.5758009494895275, "max_depth": 6.0, "num_boost_round": 25.0}, "datetime": {"datetime": "2024-01-19 01:38:11", "elapsed": 5223.768598, "delta": 0.005598}}
{"target": -13.758372871020292, "params": {"gamma": 559.9446574195669, "log10_alpha": -0.9955278430059433, "log10_colsample_bytree": -0.54289182446697, "log10_eta": -2.5578052843757706, "log10_lambda": -2.0147301986452875, "log10_min_child_weight": 4.8530330422468495, "log10_subsample": -0.5758009494895275, "max_depth": 6.0, "num_boost_round": 26.0}, "datetime": {"datetime": "2024-01-19 01:38:11", "elapsed": 5223.773798, "delta": 0.0052}}
{"target": -13.758363933912234, "params": {"gamma": 559.9446574195669, "log10_alpha": -0.9955278430059433, "log10_colsample_bytree": -0.54289182446697, "log10_eta": -2.5578052843757706, "log10_lambda": -2.0147301986452875, "log10_min_child_weight": 4.8530330422468495, "log10_subsample": -0.5758009494895275, "max_depth": 6.0, "num_boost_round": 27.0}, "datetime": {"datetime": "2024-01-19 01:38:11", "elapsed": 5223.779077, "delta": 0.005279}}
{"target": -13.758347735928833, "params": {"gamma": 559.9446574195669, "log10_alpha": -0.9955278430059433, "log10_colsample_bytree": -0.54289182446697, "log10_eta": -2.5578052843757706, "log10_lambda": -2.0147301986452875, "log10_min_child_weight": 4.8530330422468495, "log10_subsample": -0.5758009494895275, "max_depth": 6.0, "num_boost_round": 28.0}, "datetime": {"datetime": "2024-01-19 01:38:11", "elapsed": 5223.784473, "delta": 0.005396}}
{"target": -13.758341297461905, "params": {"gamma": 559.9446574195669, "log10_alpha": -0.9955278430059433, "log10_colsample_bytree": -0.54289182446697, "log10_eta": -2.5578052843757706, "log10_lambda": -2.0147301986452875, "log10_min_child_weight": 4.8530330422468495, "log10_subsample": -0.5758009494895275, "max_depth": 6.0, "num_boost_round": 29.0}, "datetime": {"datetime": "2024-01-19 01:38:11", "elapsed": 5223.789857, "delta": 0.005384}}
{"target": -13.758325907285412, "params": {"gamma": 559.9446574195669, "log10_alpha": -0.9955278430059433, "log10_colsample_bytree": -0.54289182446697, "log10_eta": -2.5578052843757706, "log10_lambda": -2.0147301986452875, "log10_min_child_weight": 4.8530330422468495, "log10_subsample": -0.5758009494895275, "max_depth": 6.0, "num_boost_round": 30.0}, "datetime": {"datetime": "2024-01-19 01:38:11", "elapsed": 5223.795351, "delta": 0.005494}}
{"target": -13.758316761534902, "params": {"gamma": 559.9446574195669, "log10_alpha": -0.9955278430059433, "log10_colsample_bytree": -0.54289182446697, "log10_eta": -2.5578052843757706, "log10_lambda": -2.0147301986452875, "log10_min_child_weight": 4.8530330422468495, "log10_subsample": -0.5758009494895275, "max_depth": 6.0, "num_boost_round": 31.0}, "datetime": {"datetime": "2024-01-19 01:38:11", "elapsed": 5223.801307, "delta": 0.005956}}
{"target": -13.758301936114467, "params": {"gamma": 559.9446574195669, "log10_alpha": -0.9955278430059433, "log10_colsample_bytree": -0.54289182446697, "log10_eta": -2.5578052843757706, "log10_lambda": -2.0147301986452875, "log10_min_child_weight": 4.8530330422468495, "log10_subsample": -0.5758009494895275, "max_depth": 6.0, "num_boost_round": 32.0}, "datetime": {"datetime": "2024-01-19 01:38:12", "elapsed": 5223.806806, "delta": 0.005499}}
{"target": -13.758288954131839, "params": {"gamma": 559.9446574195669, "log10_alpha": -0.9955278430059433, "log10_colsample_bytree": -0.54289182446697, "log10_eta": -2.5578052843757706, "log10_lambda": -2.0147301986452875, "log10_min_child_weight": 4.8530330422468495, "log10_subsample": -0.5758009494895275, "max_depth": 6.0, "num_boost_round": 33.0}, "datetime": {"datetime": "2024-01-19 01:38:12", "elapsed": 5223.812099, "delta": 0.005293}}
{"target": -13.758290844137205, "params": {"gamma": 559.9446574195669, "log10_alpha": -0.9955278430059433, "log10_colsample_bytree": -0.54289182446697, "log10_eta": -2.5578052843757706, "log10_lambda": -2.0147301986452875, "log10_min_child_weight": 4.8530330422468495, "log10_subsample": -0.5758009494895275, "max_depth": 6.0, "num_boost_round": 34.0}, "datetime": {"datetime": "2024-01-19 01:38:12", "elapsed": 5223.817378, "delta": 0.005279}}
{"target": -13.758285534117126, "params": {"gamma": 559.9446574195669, "log10_alpha": -0.9955278430059433, "log10_colsample_bytree": -0.54289182446697, "log10_eta": -2.5578052843757706, "log10_lambda": -2.0147301986452875, "log10_min_child_weight": 4.8530330422468495, "log10_subsample": -0.5758009494895275, "max_depth": 6.0, "num_boost_round": 35.0}, "datetime": {"datetime": "2024-01-19 01:38:12", "elapsed": 5223.822643, "delta": 0.005265}}
{"target": -13.758283527653115, "params": {"gamma": 559.9446574195669, "log10_alpha": -0.9955278430059433, "log10_colsample_bytree": -0.54289182446697, "log10_eta": -2.5578052843757706, "log10_lambda": -2.0147301986452875, "log10_min_child_weight": 4.8530330422468495, "log10_subsample": -0.5758009494895275, "max_depth": 6.0, "num_boost_round": 36.0}, "datetime": {"datetime": "2024-01-19 01:38:12", "elapsed": 5223.828294, "delta": 0.005651}}
{"target": -13.758281319096657, "params": {"gamma": 559.9446574195669, "log10_alpha": -0.9955278430059433, "log10_colsample_bytree": -0.54289182446697, "log10_eta": -2.5578052843757706, "log10_lambda": -2.0147301986452875, "log10_min_child_weight": 4.8530330422468495, "log10_subsample": -0.5758009494895275, "max_depth": 6.0, "num_boost_round": 37.0}, "datetime": {"datetime": "2024-01-19 01:38:12", "elapsed": 5223.833936, "delta": 0.005642}}
{"target": -13.758257942110388, "params": {"gamma": 559.9446574195669, "log10_alpha": -0.9955278430059433, "log10_colsample_bytree": -0.54289182446697, "log10_eta": -2.5578052843757706, "log10_lambda": -2.0147301986452875, "log10_min_child_weight": 4.8530330422468495, "log10_subsample": -0.5758009494895275, "max_depth": 6.0, "num_boost_round": 38.0}, "datetime": {"datetime": "2024-01-19 01:38:12", "elapsed": 5223.839412, "delta": 0.005476}}
