{"target": -17.676956809996117, "params": {"gamma": 598.1005963339397, "log10_alpha": -1.5154946946713403, "log10_colsample_bytree": -0.2983910668906159, "log10_eta": -3.199234951163858, "log10_lambda": -2.1587571942322494, "log10_min_child_weight": 1.0485508072896326, "log10_subsample": -0.5485406916936632, "max_depth": 2.0, "num_boost_round": 17.0}, "datetime": {"datetime": "2024-01-19 00:46:01", "elapsed": 2058.49968, "delta": 0.002418}}
{"target": -17.676945019722325, "params": {"gamma": 598.1005963339397, "log10_alpha": -1.5154946946713403, "log10_colsample_bytree": -0.2983910668906159, "log10_eta": -3.199234951163858, "log10_lambda": -2.1587571942322494, "log10_min_child_weight": 1.0485508072896326, "log10_subsample": -0.5485406916936632, "max_depth": 2.0, "num_boost_round": 18.0}, "datetime": {"datetime": "2024-01-19 00:46:01", "elapsed": 2058.50206, "delta": 0.00238}}
{"target": -17.67694399290112, "params": {"gamma": 598.1005963339397, "log10_alpha": -1.5154946946713403, "log10_colsample_bytree": -0.2983910668906159, "log10_eta": -3.199234951163858, "log10_lambda": -2.1587571942322494, "log10_min_child_weight": 1.0485508072896326, "log10_subsample": -0.5485406916936632, "max_depth": 2.0, "num_boost_round": 19.0}, "datetime": {"datetime": "2024-01-19 00:46:01", "elapsed": 2058.504443, "delta": 0.002383}}
{"target": -17.6769242402818, "params": {"gamma": 598.1005963339397, "log10_alpha": -1.5154946946713403, "log10_colsample_bytree": -0.2983910668906159, "log10_eta": -3.199234951163858, "log10_lambda": -2.1587571942322494, "log10_min_child_weight": 1.0485508072896326, "log10_subsample": -0.5485406916936632, "max_depth": 2.0, "num_boost_round": 20.0}, "datetime": {"datetime": "2024-01-19 00:46:01", "elapsed": 2058.506833, "delta": 0.00239}}
{"target": -17.676905460417288, "params": {"gamma": 598.1005963339397, "log10_alpha": -1.5154946946713403, "log10_colsample_bytree": -0.2983910668906159, "log10_eta": -3.199234951163858, "log10_lambda": -2.1587571942322494, "log10_min_child_weight": 1.0485508072896326, "log10_subsample": -0.5485406916936632, "max_depth": 2.0, "num_boost_round": 21.0}, "datetime": {"datetime": "2024-01-19 00:46:01", "elapsed": 2058.509209, "delta": 0.002376}}
{"target": -17.676878608598226, "params": {"gamma": 598.1005963339397, "log10_alpha": -1.5154946946713403, "log10_colsample_bytree": -0.2983910668906159, "log10_eta": -3.199234951163858, "log10_lambda": -2.1587571942322494, "log10_min_child_weight": 1.0485508072896326, "log10_subsample": -0.5485406916936632, "max_depth": 2.0, "num_boost_round": 22.0}, "datetime": {"datetime": "2024-01-19 00:46:01", "elapsed": 2058.51209, "delta": 0.002881}}
{"target": -17.67722800522949, "params": {"gamma": 578.8225479392436, "log10_alpha": -4.038072128332501, "log10_colsample_bytree": -0.9647269475926895, "log10_eta": -3.9098139514149715, "log10_lambda": -0.1631309873793123, "log10_min_child_weight": 1.086218581345627, "log10_subsample": -0.3715066082955297, "max_depth": 9.0, "num_boost_round": 0.0}, "datetime": {"datetime": "2024-01-19 00:46:34", "elapsed": 2091.424989, "delta": 32.912899}}
{"target": -17.677220973116185, "params": {"gamma": 578.8225479392436, "log10_alpha": -4.038072128332501, "log10_colsample_bytree": -0.9647269475926895, "log10_eta": -3.9098139514149715, "log10_lambda": -0.1631309873793123, "log10_min_child_weight": 1.086218581345627, "log10_subsample": -0.3715066082955297, "max_depth": 9.0, "num_boost_round": 1.0}, "datetime": {"datetime": "2024-01-19 00:46:34", "elapsed": 2091.428317, "delta": 0.003328}}
{"target": -17.677215438245824, "params": {"gamma": 578.8225479392436, "log10_alpha": -4.038072128332501, "log10_colsample_bytree": -0.9647269475926895, "log10_eta": -3.9098139514149715, "log10_lambda": -0.1631309873793123, "log10_min_child_weight": 1.086218581345627, "log10_subsample": -0.3715066082955297, "max_depth": 9.0, "num_boost_round": 2.0}, "datetime": {"datetime": "2024-01-19 00:46:34", "elapsed": 2091.431027, "delta": 0.00271}}
{"target": -17.677212770975252, "params": {"gamma": 578.8225479392436, "log10_alpha": -4.038072128332501, "log10_colsample_bytree": -0.9647269475926895, "log10_eta": -3.9098139514149715, "log10_lambda": -0.1631309873793123, "log10_min_child_weight": 1.086218581345627, "log10_subsample": -0.3715066082955297, "max_depth": 9.0, "num_boost_round": 3.0}, "datetime": {"datetime": "2024-01-19 00:46:34", "elapsed": 2091.433558, "delta": 0.002531}}
{"target": -17.677199685535406, "params": {"gamma": 578.8225479392436, "log10_alpha": -4.038072128332501, "log10_colsample_bytree": -0.9647269475926895, "log10_eta": -3.9098139514149715, "log10_lambda": -0.1631309873793123, "log10_min_child_weight": 1.086218581345627, "log10_subsample": -0.3715066082955297, "max_depth": 9.0, "num_boost_round": 4.0}, "datetime": {"datetime": "2024-01-19 00:46:34", "elapsed": 2091.436194, "delta": 0.002636}}
{"target": -17.677202846778563, "params": {"gamma": 578.8225479392436, "log10_alpha": -4.038072128332501, "log10_colsample_bytree": -0.9647269475926895, "log10_eta": -3.9098139514149715, "log10_lambda": -0.1631309873793123, "log10_min_child_weight": 1.086218581345627, "log10_subsample": -0.3715066082955297, "max_depth": 9.0, "num_boost_round": 5.0}, "datetime": {"datetime": "2024-01-19 00:46:34", "elapsed": 2091.438605, "delta": 0.002411}}
{"target": -17.677205291537707, "params": {"gamma": 578.8225479392436, "log10_alpha": -4.038072128332501, "log10_colsample_bytree": -0.9647269475926895, "log10_eta": -3.9098139514149715, "log10_lambda": -0.1631309873793123, "log10_min_child_weight": 1.086218581345627, "log10_subsample": -0.3715066082955297, "max_depth": 9.0, "num_boost_round": 6.0}, "datetime": {"datetime": "2024-01-19 00:46:34", "elapsed": 2091.441057, "delta": 0.002452}}
{"target": -17.677195326185107, "params": {"gamma": 578.8225479392436, "log10_alpha": -4.038072128332501, "log10_colsample_bytree": -0.9647269475926895, "log10_eta": -3.9098139514149715, "log10_lambda": -0.1631309873793123, "log10_min_child_weight": 1.086218581345627, "log10_subsample": -0.3715066082955297, "max_depth": 9.0, "num_boost_round": 7.0}, "datetime": {"datetime": "2024-01-19 00:46:34", "elapsed": 2091.443462, "delta": 0.002405}}
{"target": -17.67719339171781, "params": {"gamma": 578.8225479392436, "log10_alpha": -4.038072128332501, "log10_colsample_bytree": -0.9647269475926895, "log10_eta": -3.9098139514149715, "log10_lambda": -0.1631309873793123, "log10_min_child_weight": 1.086218581345627, "log10_subsample": -0.3715066082955297, "max_depth": 9.0, "num_boost_round": 8.0}, "datetime": {"datetime": "2024-01-19 00:46:34", "elapsed": 2091.445847, "delta": 0.002385}}
{"target": -17.67718874834394, "params": {"gamma": 578.8225479392436, "log10_alpha": -4.038072128332501, "log10_colsample_bytree": -0.9647269475926895, "log10_eta": -3.9098139514149715, "log10_lambda": -0.1631309873793123, "log10_min_child_weight": 1.086218581345627, "log10_subsample": -0.3715066082955297, "max_depth": 9.0, "num_boost_round": 9.0}, "datetime": {"datetime": "2024-01-19 00:46:34", "elapsed": 2091.448226, "delta": 0.002379}}
{"target": -17.67717125299728, "params": {"gamma": 605.2321868376373, "log10_alpha": -0.0571135038309718, "log10_colsample_bytree": -0.6541986083631177, "log10_eta": -2.940835794076638, "log10_lambda": -3.474348973664423, "log10_min_child_weight": 0.11907772363820013, "log10_subsample": -0.9035223718044049, "max_depth": 3.0, "num_boost_round": 0.0}, "datetime": {"datetime": "2024-01-19 00:47:06", "elapsed": 2123.52481, "delta": 32.076584}}
{"target": -17.67714225168821, "params": {"gamma": 605.2321868376373, "log10_alpha": -0.0571135038309718, "log10_colsample_bytree": -0.6541986083631177, "log10_eta": -2.940835794076638, "log10_lambda": -3.474348973664423, "log10_min_child_weight": 0.11907772363820013, "log10_subsample": -0.9035223718044049, "max_depth": 3.0, "num_boost_round": 1.0}, "datetime": {"datetime": "2024-01-19 00:47:06", "elapsed": 2123.527851, "delta": 0.003041}}
{"target": -17.677094211344528, "params": {"gamma": 605.2321868376373, "log10_alpha": -0.0571135038309718, "log10_colsample_bytree": -0.6541986083631177, "log10_eta": -2.940835794076638, "log10_lambda": -3.474348973664423, "log10_min_child_weight": 0.11907772363820013, "log10_subsample": -0.9035223718044049, "max_depth": 3.0, "num_boost_round": 2.0}, "datetime": {"datetime": "2024-01-19 00:47:06", "elapsed": 2123.53067, "delta": 0.002819}}
{"target": -17.677067952627887, "params": {"gamma": 605.2321868376373, "log10_alpha": -0.0571135038309718, "log10_colsample_bytree": -0.6541986083631177, "log10_eta": -2.940835794076638, "log10_lambda": -3.474348973664423, "log10_min_child_weight": 0.11907772363820013, "log10_subsample": -0.9035223718044049, "max_depth": 3.0, "num_boost_round": 3.0}, "datetime": {"datetime": "2024-01-19 00:47:06", "elapsed": 2123.53373, "delta": 0.00306}}
{"target": -17.67705229303345, "params": {"gamma": 605.2321868376373, "log10_alpha": -0.0571135038309718, "log10_colsample_bytree": -0.6541986083631177, "log10_eta": -2.940835794076638, "log10_lambda": -3.474348973664423, "log10_min_child_weight": 0.11907772363820013, "log10_subsample": -0.9035223718044049, "max_depth": 3.0, "num_boost_round": 4.0}, "datetime": {"datetime": "2024-01-19 00:47:06", "elapsed": 2123.536397, "delta": 0.002667}}
{"target": -17.677024961054425, "params": {"gamma": 605.2321868376373, "log10_alpha": -0.0571135038309718, "log10_colsample_bytree": -0.6541986083631177, "log10_eta": -2.940835794076638, "log10_lambda": -3.474348973664423, "log10_min_child_weight": 0.11907772363820013, "log10_subsample": -0.9035223718044049, "max_depth": 3.0, "num_boost_round": 5.0}, "datetime": {"datetime": "2024-01-19 00:47:06", "elapsed": 2123.538967, "delta": 0.00257}}
{"target": -17.676978004441615, "params": {"gamma": 605.2321868376373, "log10_alpha": -0.0571135038309718, "log10_colsample_bytree": -0.6541986083631177, "log10_eta": -2.940835794076638, "log10_lambda": -3.474348973664423, "log10_min_child_weight": 0.11907772363820013, "log10_subsample": -0.9035223718044049, "max_depth": 3.0, "num_boost_round": 6.0}, "datetime": {"datetime": "2024-01-19 00:47:06", "elapsed": 2123.541569, "delta": 0.002602}}
{"target": -17.676915559551723, "params": {"gamma": 605.2321868376373, "log10_alpha": -0.0571135038309718, "log10_colsample_bytree": -0.6541986083631177, "log10_eta": -2.940835794076638, "log10_lambda": -3.474348973664423, "log10_min_child_weight": 0.11907772363820013, "log10_subsample": -0.9035223718044049, "max_depth": 3.0, "num_boost_round": 7.0}, "datetime": {"datetime": "2024-01-19 00:47:06", "elapsed": 2123.54415, "delta": 0.002581}}
{"target": -17.676895025676153, "params": {"gamma": 605.2321868376373, "log10_alpha": -0.0571135038309718, "log10_colsample_bytree": -0.6541986083631177, "log10_eta": -2.940835794076638, "log10_lambda": -3.474348973664423, "log10_min_child_weight": 0.11907772363820013, "log10_subsample": -0.9035223718044049, "max_depth": 3.0, "num_boost_round": 8.0}, "datetime": {"datetime": "2024-01-19 00:47:06", "elapsed": 2123.54671, "delta": 0.00256}}
{"target": -17.676858901367495, "params": {"gamma": 605.2321868376373, "log10_alpha": -0.0571135038309718, "log10_colsample_bytree": -0.6541986083631177, "log10_eta": -2.940835794076638, "log10_lambda": -3.474348973664423, "log10_min_child_weight": 0.11907772363820013, "log10_subsample": -0.9035223718044049, "max_depth": 3.0, "num_boost_round": 9.0}, "datetime": {"datetime": "2024-01-19 00:47:06", "elapsed": 2123.549377, "delta": 0.002667}}
{"target": -17.676854972968936, "params": {"gamma": 605.2321868376373, "log10_alpha": -0.0571135038309718, "log10_colsample_bytree": -0.6541986083631177, "log10_eta": -2.940835794076638, "log10_lambda": -3.474348973664423, "log10_min_child_weight": 0.11907772363820013, "log10_subsample": -0.9035223718044049, "max_depth": 3.0, "num_boost_round": 10.0}, "datetime": {"datetime": "2024-01-19 00:47:06", "elapsed": 2123.551961, "delta": 0.002584}}
{"target": -17.67683411497617, "params": {"gamma": 605.2321868376373, "log10_alpha": -0.0571135038309718, "log10_colsample_bytree": -0.6541986083631177, "log10_eta": -2.940835794076638, "log10_lambda": -3.474348973664423, "log10_min_child_weight": 0.11907772363820013, "log10_subsample": -0.9035223718044049, "max_depth": 3.0, "num_boost_round": 11.0}, "datetime": {"datetime": "2024-01-19 00:47:06", "elapsed": 2123.554581, "delta": 0.00262}}
{"target": -17.6767801846018, "params": {"gamma": 605.2321868376373, "log10_alpha": -0.0571135038309718, "log10_colsample_bytree": -0.6541986083631177, "log10_eta": -2.940835794076638, "log10_lambda": -3.474348973664423, "log10_min_child_weight": 0.11907772363820013, "log10_subsample": -0.9035223718044049, "max_depth": 3.0, "num_boost_round": 12.0}, "datetime": {"datetime": "2024-01-19 00:47:06", "elapsed": 2123.557154, "delta": 0.002573}}
{"target": -17.676722008582782, "params": {"gamma": 605.2321868376373, "log10_alpha": -0.0571135038309718, "log10_colsample_bytree": -0.6541986083631177, "log10_eta": -2.940835794076638, "log10_lambda": -3.474348973664423, "log10_min_child_weight": 0.11907772363820013, "log10_subsample": -0.9035223718044049, "max_depth": 3.0, "num_boost_round": 13.0}, "datetime": {"datetime": "2024-01-19 00:47:06", "elapsed": 2123.559826, "delta": 0.002672}}
{"target": -17.67670323148053, "params": {"gamma": 605.2321868376373, "log10_alpha": -0.0571135038309718, "log10_colsample_bytree": -0.6541986083631177, "log10_eta": -2.940835794076638, "log10_lambda": -3.474348973664423, "log10_min_child_weight": 0.11907772363820013, "log10_subsample": -0.9035223718044049, "max_depth": 3.0, "num_boost_round": 14.0}, "datetime": {"datetime": "2024-01-19 00:47:06", "elapsed": 2123.562428, "delta": 0.002602}}
{"target": -17.676675219886505, "params": {"gamma": 605.2321868376373, "log10_alpha": -0.0571135038309718, "log10_colsample_bytree": -0.6541986083631177, "log10_eta": -2.940835794076638, "log10_lambda": -3.474348973664423, "log10_min_child_weight": 0.11907772363820013, "log10_subsample": -0.9035223718044049, "max_depth": 3.0, "num_boost_round": 15.0}, "datetime": {"datetime": "2024-01-19 00:47:06", "elapsed": 2123.56503, "delta": 0.002602}}
{"target": -17.67667296485432, "params": {"gamma": 605.2321868376373, "log10_alpha": -0.0571135038309718, "log10_colsample_bytree": -0.6541986083631177, "log10_eta": -2.940835794076638, "log10_lambda": -3.474348973664423, "log10_min_child_weight": 0.11907772363820013, "log10_subsample": -0.9035223718044049, "max_depth": 3.0, "num_boost_round": 16.0}, "datetime": {"datetime": "2024-01-19 00:47:06", "elapsed": 2123.567621, "delta": 0.002591}}
{"target": -17.67663963565788, "params": {"gamma": 605.2321868376373, "log10_alpha": -0.0571135038309718, "log10_colsample_bytree": -0.6541986083631177, "log10_eta": -2.940835794076638, "log10_lambda": -3.474348973664423, "log10_min_child_weight": 0.11907772363820013, "log10_subsample": -0.9035223718044049, "max_depth": 3.0, "num_boost_round": 17.0}, "datetime": {"datetime": "2024-01-19 00:47:06", "elapsed": 2123.570575, "delta": 0.002954}}
{"target": -17.676632806762218, "params": {"gamma": 605.2321868376373, "log10_alpha": -0.0571135038309718, "log10_colsample_bytree": -0.6541986083631177, "log10_eta": -2.940835794076638, "log10_lambda": -3.474348973664423, "log10_min_child_weight": 0.11907772363820013, "log10_subsample": -0.9035223718044049, "max_depth": 3.0, "num_boost_round": 18.0}, "datetime": {"datetime": "2024-01-19 00:47:06", "elapsed": 2123.573326, "delta": 0.002751}}
{"target": -17.676575080483968, "params": {"gamma": 605.2321868376373, "log10_alpha": -0.0571135038309718, "log10_colsample_bytree": -0.6541986083631177, "log10_eta": -2.940835794076638, "log10_lambda": -3.474348973664423, "log10_min_child_weight": 0.11907772363820013, "log10_subsample": -0.9035223718044049, "max_depth": 3.0, "num_boost_round": 19.0}, "datetime": {"datetime": "2024-01-19 00:47:06", "elapsed": 2123.575902, "delta": 0.002576}}
{"target": -17.67654067491771, "params": {"gamma": 605.2321868376373, "log10_alpha": -0.0571135038309718, "log10_colsample_bytree": -0.6541986083631177, "log10_eta": -2.940835794076638, "log10_lambda": -3.474348973664423, "log10_min_child_weight": 0.11907772363820013, "log10_subsample": -0.9035223718044049, "max_depth": 3.0, "num_boost_round": 20.0}, "datetime": {"datetime": "2024-01-19 00:47:06", "elapsed": 2123.578593, "delta": 0.002691}}
{"target": -17.676518851078242, "params": {"gamma": 605.2321868376373, "log10_alpha": -0.0571135038309718, "log10_colsample_bytree": -0.6541986083631177, "log10_eta": -2.940835794076638, "log10_lambda": -3.474348973664423, "log10_min_child_weight": 0.11907772363820013, "log10_subsample": -0.9035223718044049, "max_depth": 3.0, "num_boost_round": 21.0}, "datetime": {"datetime": "2024-01-19 00:47:06", "elapsed": 2123.581289, "delta": 0.002696}}
{"target": -17.676800840403462, "params": {"gamma": 607.5911748287778, "log10_alpha": -4.948178138016332, "log10_colsample_bytree": -0.8594656704226507, "log10_eta": -1.8459532274496318, "log10_lambda": 0.5915928578035023, "log10_min_child_weight": 0.6403665139317649, "log10_subsample": -0.1611738311680717, "max_depth": 3.0, "num_boost_round": 0.0}, "datetime": {"datetime": "2024-01-19 00:47:34", "elapsed": 2152.021513, "delta": 28.440224}}
{"target": -17.676831280647864, "params": {"gamma": 607.5911748287778, "log10_alpha": -4.948178138016332, "log10_colsample_bytree": -0.8594656704226507, "log10_eta": -1.8459532274496318, "log10_lambda": 0.5915928578035023, "log10_min_child_weight": 0.6403665139317649, "log10_subsample": -0.1611738311680717, "max_depth": 3.0, "num_boost_round": 1.0}, "datetime": {"datetime": "2024-01-19 00:47:34", "elapsed": 2152.024447, "delta": 0.002934}}
{"target": -17.676510459118834, "params": {"gamma": 607.5911748287778, "log10_alpha": -4.948178138016332, "log10_colsample_bytree": -0.8594656704226507, "log10_eta": -1.8459532274496318, "log10_lambda": 0.5915928578035023, "log10_min_child_weight": 0.6403665139317649, "log10_subsample": -0.1611738311680717, "max_depth": 3.0, "num_boost_round": 2.0}, "datetime": {"datetime": "2024-01-19 00:47:34", "elapsed": 2152.02708, "delta": 0.002633}}
{"target": -17.67640668051322, "params": {"gamma": 607.5911748287778, "log10_alpha": -4.948178138016332, "log10_colsample_bytree": -0.8594656704226507, "log10_eta": -1.8459532274496318, "log10_lambda": 0.5915928578035023, "log10_min_child_weight": 0.6403665139317649, "log10_subsample": -0.1611738311680717, "max_depth": 3.0, "num_boost_round": 3.0}, "datetime": {"datetime": "2024-01-19 00:47:34", "elapsed": 2152.029782, "delta": 0.002702}}
{"target": -17.6760868754991, "params": {"gamma": 607.5911748287778, "log10_alpha": -4.948178138016332, "log10_colsample_bytree": -0.8594656704226507, "log10_eta": -1.8459532274496318, "log10_lambda": 0.5915928578035023, "log10_min_child_weight": 0.6403665139317649, "log10_subsample": -0.1611738311680717, "max_depth": 3.0, "num_boost_round": 4.0}, "datetime": {"datetime": "2024-01-19 00:47:34", "elapsed": 2152.032434, "delta": 0.002652}}
{"target": -17.675791972178107, "params": {"gamma": 607.5911748287778, "log10_alpha": -4.948178138016332, "log10_colsample_bytree": -0.8594656704226507, "log10_eta": -1.8459532274496318, "log10_lambda": 0.5915928578035023, "log10_min_child_weight": 0.6403665139317649, "log10_subsample": -0.1611738311680717, "max_depth": 3.0, "num_boost_round": 5.0}, "datetime": {"datetime": "2024-01-19 00:47:34", "elapsed": 2152.035034, "delta": 0.0026}}
{"target": -17.675816241049716, "params": {"gamma": 607.5911748287778, "log10_alpha": -4.948178138016332, "log10_colsample_bytree": -0.8594656704226507, "log10_eta": -1.8459532274496318, "log10_lambda": 0.5915928578035023, "log10_min_child_weight": 0.6403665139317649, "log10_subsample": -0.1611738311680717, "max_depth": 3.0, "num_boost_round": 6.0}, "datetime": {"datetime": "2024-01-19 00:47:34", "elapsed": 2152.037507, "delta": 0.002473}}
{"target": -17.675381219378515, "params": {"gamma": 607.5911748287778, "log10_alpha": -4.948178138016332, "log10_colsample_bytree": -0.8594656704226507, "log10_eta": -1.8459532274496318, "log10_lambda": 0.5915928578035023, "log10_min_child_weight": 0.6403665139317649, "log10_subsample": -0.1611738311680717, "max_depth": 3.0, "num_boost_round": 7.0}, "datetime": {"datetime": "2024-01-19 00:47:34", "elapsed": 2152.040036, "delta": 0.002529}}
{"target": -17.67550183032836, "params": {"gamma": 607.5911748287778, "log10_alpha": -4.948178138016332, "log10_colsample_bytree": -0.8594656704226507, "log10_eta": -1.8459532274496318, "log10_lambda": 0.5915928578035023, "log10_min_child_weight": 0.6403665139317649, "log10_subsample": -0.1611738311680717, "max_depth": 3.0, "num_boost_round": 8.0}, "datetime": {"datetime": "2024-01-19 00:47:34", "elapsed": 2152.042503, "delta": 0.002467}}
{"target": -17.675369786146252, "params": {"gamma": 607.5911748287778, "log10_alpha": -4.948178138016332, "log10_colsample_bytree": -0.8594656704226507, "log10_eta": -1.8459532274496318, "log10_lambda": 0.5915928578035023, "log10_min_child_weight": 0.6403665139317649, "log10_subsample": -0.1611738311680717, "max_depth": 3.0, "num_boost_round": 9.0}, "datetime": {"datetime": "2024-01-19 00:47:34", "elapsed": 2152.044989, "delta": 0.002486}}
{"target": -17.675382479070382, "params": {"gamma": 607.5911748287778, "log10_alpha": -4.948178138016332, "log10_colsample_bytree": -0.8594656704226507, "log10_eta": -1.8459532274496318, "log10_lambda": 0.5915928578035023, "log10_min_child_weight": 0.6403665139317649, "log10_subsample": -0.1611738311680717, "max_depth": 3.0, "num_boost_round": 10.0}, "datetime": {"datetime": "2024-01-19 00:47:34", "elapsed": 2152.04749, "delta": 0.002501}}
