{"target": -13.758367640975337, "params": {"gamma": 399.34306136850427, "log10_alpha": -4.891694589102467, "log10_colsample_bytree": -0.4320607971616476, "log10_eta": -3.3107722676665854, "log10_lambda": -4.49867266210654, "log10_min_child_weight": 1.620250717386063, "log10_subsample": -0.16236100284047872, "max_depth": 2.0, "num_boost_round": 47.0}, "datetime": {"datetime": "2024-01-19 01:02:56", "elapsed": 3079.671135, "delta": 0.004405}}
{"target": -13.75836557773843, "params": {"gamma": 399.34306136850427, "log10_alpha": -4.891694589102467, "log10_colsample_bytree": -0.4320607971616476, "log10_eta": -3.3107722676665854, "log10_lambda": -4.49867266210654, "log10_min_child_weight": 1.620250717386063, "log10_subsample": -0.16236100284047872, "max_depth": 2.0, "num_boost_round": 48.0}, "datetime": {"datetime": "2024-01-19 01:02:56", "elapsed": 3079.675345, "delta": 0.00421}}
{"target": -13.758361495873086, "params": {"gamma": 399.34306136850427, "log10_alpha": -4.891694589102467, "log10_colsample_bytree": -0.4320607971616476, "log10_eta": -3.3107722676665854, "log10_lambda": -4.49867266210654, "log10_min_child_weight": 1.620250717386063, "log10_subsample": -0.16236100284047872, "max_depth": 2.0, "num_boost_round": 49.0}, "datetime": {"datetime": "2024-01-19 01:02:56", "elapsed": 3079.679636, "delta": 0.004291}}
{"target": -13.758361822616092, "params": {"gamma": 399.34306136850427, "log10_alpha": -4.891694589102467, "log10_colsample_bytree": -0.4320607971616476, "log10_eta": -3.3107722676665854, "log10_lambda": -4.49867266210654, "log10_min_child_weight": 1.620250717386063, "log10_subsample": -0.16236100284047872, "max_depth": 2.0, "num_boost_round": 50.0}, "datetime": {"datetime": "2024-01-19 01:02:56", "elapsed": 3079.684007, "delta": 0.004371}}
{"target": -13.75836214604642, "params": {"gamma": 399.34306136850427, "log10_alpha": -4.891694589102467, "log10_colsample_bytree": -0.4320607971616476, "log10_eta": -3.3107722676665854, "log10_lambda": -4.49867266210654, "log10_min_child_weight": 1.620250717386063, "log10_subsample": -0.16236100284047872, "max_depth": 2.0, "num_boost_round": 51.0}, "datetime": {"datetime": "2024-01-19 01:02:56", "elapsed": 3079.688248, "delta": 0.004241}}
{"target": -13.758357847773695, "params": {"gamma": 399.34306136850427, "log10_alpha": -4.891694589102467, "log10_colsample_bytree": -0.4320607971616476, "log10_eta": -3.3107722676665854, "log10_lambda": -4.49867266210654, "log10_min_child_weight": 1.620250717386063, "log10_subsample": -0.16236100284047872, "max_depth": 2.0, "num_boost_round": 52.0}, "datetime": {"datetime": "2024-01-19 01:02:56", "elapsed": 3079.692499, "delta": 0.004251}}
{"target": -13.758351895500152, "params": {"gamma": 399.34306136850427, "log10_alpha": -4.891694589102467, "log10_colsample_bytree": -0.4320607971616476, "log10_eta": -3.3107722676665854, "log10_lambda": -4.49867266210654, "log10_min_child_weight": 1.620250717386063, "log10_subsample": -0.16236100284047872, "max_depth": 2.0, "num_boost_round": 53.0}, "datetime": {"datetime": "2024-01-19 01:02:56", "elapsed": 3079.696877, "delta": 0.004378}}
{"target": -13.758339364221507, "params": {"gamma": 399.34306136850427, "log10_alpha": -4.891694589102467, "log10_colsample_bytree": -0.4320607971616476, "log10_eta": -3.3107722676665854, "log10_lambda": -4.49867266210654, "log10_min_child_weight": 1.620250717386063, "log10_subsample": -0.16236100284047872, "max_depth": 2.0, "num_boost_round": 54.0}, "datetime": {"datetime": "2024-01-19 01:02:56", "elapsed": 3079.776821, "delta": 0.079944}}
{"target": -13.758335633360643, "params": {"gamma": 399.34306136850427, "log10_alpha": -4.891694589102467, "log10_colsample_bytree": -0.4320607971616476, "log10_eta": -3.3107722676665854, "log10_lambda": -4.49867266210654, "log10_min_child_weight": 1.620250717386063, "log10_subsample": -0.16236100284047872, "max_depth": 2.0, "num_boost_round": 55.0}, "datetime": {"datetime": "2024-01-19 01:02:56", "elapsed": 3079.781591, "delta": 0.00477}}
{"target": -13.758332877294897, "params": {"gamma": 399.34306136850427, "log10_alpha": -4.891694589102467, "log10_colsample_bytree": -0.4320607971616476, "log10_eta": -3.3107722676665854, "log10_lambda": -4.49867266210654, "log10_min_child_weight": 1.620250717386063, "log10_subsample": -0.16236100284047872, "max_depth": 2.0, "num_boost_round": 56.0}, "datetime": {"datetime": "2024-01-19 01:02:56", "elapsed": 3079.786138, "delta": 0.004547}}
{"target": -13.758330757086949, "params": {"gamma": 399.34306136850427, "log10_alpha": -4.891694589102467, "log10_colsample_bytree": -0.4320607971616476, "log10_eta": -3.3107722676665854, "log10_lambda": -4.49867266210654, "log10_min_child_weight": 1.620250717386063, "log10_subsample": -0.16236100284047872, "max_depth": 2.0, "num_boost_round": 57.0}, "datetime": {"datetime": "2024-01-19 01:02:56", "elapsed": 3079.790548, "delta": 0.00441}}
{"target": -13.758328935276229, "params": {"gamma": 399.34306136850427, "log10_alpha": -4.891694589102467, "log10_colsample_bytree": -0.4320607971616476, "log10_eta": -3.3107722676665854, "log10_lambda": -4.49867266210654, "log10_min_child_weight": 1.620250717386063, "log10_subsample": -0.16236100284047872, "max_depth": 2.0, "num_boost_round": 58.0}, "datetime": {"datetime": "2024-01-19 01:02:56", "elapsed": 3079.795312, "delta": 0.004764}}
{"target": -13.758317083747363, "params": {"gamma": 399.34306136850427, "log10_alpha": -4.891694589102467, "log10_colsample_bytree": -0.4320607971616476, "log10_eta": -3.3107722676665854, "log10_lambda": -4.49867266210654, "log10_min_child_weight": 1.620250717386063, "log10_subsample": -0.16236100284047872, "max_depth": 2.0, "num_boost_round": 59.0}, "datetime": {"datetime": "2024-01-19 01:02:56", "elapsed": 3079.79985, "delta": 0.004538}}
{"target": -13.758311319273202, "params": {"gamma": 399.34306136850427, "log10_alpha": -4.891694589102467, "log10_colsample_bytree": -0.4320607971616476, "log10_eta": -3.3107722676665854, "log10_lambda": -4.49867266210654, "log10_min_child_weight": 1.620250717386063, "log10_subsample": -0.16236100284047872, "max_depth": 2.0, "num_boost_round": 60.0}, "datetime": {"datetime": "2024-01-19 01:02:56", "elapsed": 3079.804273, "delta": 0.004423}}
{"target": -13.758309319585985, "params": {"gamma": 399.34306136850427, "log10_alpha": -4.891694589102467, "log10_colsample_bytree": -0.4320607971616476, "log10_eta": -3.3107722676665854, "log10_lambda": -4.49867266210654, "log10_min_child_weight": 1.620250717386063, "log10_subsample": -0.16236100284047872, "max_depth": 2.0, "num_boost_round": 61.0}, "datetime": {"datetime": "2024-01-19 01:02:56", "elapsed": 3079.808668, "delta": 0.004395}}
{"target": -13.758303356642887, "params": {"gamma": 399.34306136850427, "log10_alpha": -4.891694589102467, "log10_colsample_bytree": -0.4320607971616476, "log10_eta": -3.3107722676665854, "log10_lambda": -4.49867266210654, "log10_min_child_weight": 1.620250717386063, "log10_subsample": -0.16236100284047872, "max_depth": 2.0, "num_boost_round": 62.0}, "datetime": {"datetime": "2024-01-19 01:02:56", "elapsed": 3079.813025, "delta": 0.004357}}
{"target": -13.758297907777594, "params": {"gamma": 399.34306136850427, "log10_alpha": -4.891694589102467, "log10_colsample_bytree": -0.4320607971616476, "log10_eta": -3.3107722676665854, "log10_lambda": -4.49867266210654, "log10_min_child_weight": 1.620250717386063, "log10_subsample": -0.16236100284047872, "max_depth": 2.0, "num_boost_round": 63.0}, "datetime": {"datetime": "2024-01-19 01:02:56", "elapsed": 3079.817413, "delta": 0.004388}}
{"target": -13.758538062427208, "params": {"gamma": 386.66451933510336, "log10_alpha": -0.42684012800667315, "log10_colsample_bytree": -0.8949181100912158, "log10_eta": -3.649557231939153, "log10_lambda": -0.2336660754188209, "log10_min_child_weight": 2.430596485029493, "log10_subsample": -0.7827943497755872, "max_depth": 2.0, "num_boost_round": 0.0}, "datetime": {"datetime": "2024-01-19 01:03:38", "elapsed": 3121.312819, "delta": 41.495406}}
{"target": -13.758535175276998, "params": {"gamma": 386.66451933510336, "log10_alpha": -0.42684012800667315, "log10_colsample_bytree": -0.8949181100912158, "log10_eta": -3.649557231939153, "log10_lambda": -0.2336660754188209, "log10_min_child_weight": 2.430596485029493, "log10_subsample": -0.7827943497755872, "max_depth": 2.0, "num_boost_round": 1.0}, "datetime": {"datetime": "2024-01-19 01:03:38", "elapsed": 3121.317818, "delta": 0.004999}}
{"target": -13.7585345867468, "params": {"gamma": 386.66451933510336, "log10_alpha": -0.42684012800667315, "log10_colsample_bytree": -0.8949181100912158, "log10_eta": -3.649557231939153, "log10_lambda": -0.2336660754188209, "log10_min_child_weight": 2.430596485029493, "log10_subsample": -0.7827943497755872, "max_depth": 2.0, "num_boost_round": 2.0}, "datetime": {"datetime": "2024-01-19 01:03:38", "elapsed": 3121.32223, "delta": 0.004412}}
{"target": -13.75853591062175, "params": {"gamma": 386.66451933510336, "log10_alpha": -0.42684012800667315, "log10_colsample_bytree": -0.8949181100912158, "log10_eta": -3.649557231939153, "log10_lambda": -0.2336660754188209, "log10_min_child_weight": 2.430596485029493, "log10_subsample": -0.7827943497755872, "max_depth": 2.0, "num_boost_round": 3.0}, "datetime": {"datetime": "2024-01-19 01:03:38", "elapsed": 3121.32662, "delta": 0.00439}}
{"target": -13.75853612285205, "params": {"gamma": 386.66451933510336, "log10_alpha": -0.42684012800667315, "log10_colsample_bytree": -0.8949181100912158, "log10_eta": -3.649557231939153, "log10_lambda": -0.2336660754188209, "log10_min_child_weight": 2.430596485029493, "log10_subsample": -0.7827943497755872, "max_depth": 2.0, "num_boost_round": 4.0}, "datetime": {"datetime": "2024-01-19 01:03:38", "elapsed": 3121.331057, "delta": 0.004437}}
{"target": -13.758533672798935, "params": {"gamma": 386.66451933510336, "log10_alpha": -0.42684012800667315, "log10_colsample_bytree": -0.8949181100912158, "log10_eta": -3.649557231939153, "log10_lambda": -0.2336660754188209, "log10_min_child_weight": 2.430596485029493, "log10_subsample": -0.7827943497755872, "max_depth": 2.0, "num_boost_round": 5.0}, "datetime": {"datetime": "2024-01-19 01:03:38", "elapsed": 3121.335422, "delta": 0.004365}}
{"target": -13.758534114484029, "params": {"gamma": 386.66451933510336, "log10_alpha": -0.42684012800667315, "log10_colsample_bytree": -0.8949181100912158, "log10_eta": -3.649557231939153, "log10_lambda": -0.2336660754188209, "log10_min_child_weight": 2.430596485029493, "log10_subsample": -0.7827943497755872, "max_depth": 2.0, "num_boost_round": 6.0}, "datetime": {"datetime": "2024-01-19 01:03:38", "elapsed": 3121.339801, "delta": 0.004379}}
{"target": -13.758530000694808, "params": {"gamma": 386.66451933510336, "log10_alpha": -0.42684012800667315, "log10_colsample_bytree": -0.8949181100912158, "log10_eta": -3.649557231939153, "log10_lambda": -0.2336660754188209, "log10_min_child_weight": 2.430596485029493, "log10_subsample": -0.7827943497755872, "max_depth": 2.0, "num_boost_round": 7.0}, "datetime": {"datetime": "2024-01-19 01:03:38", "elapsed": 3121.344142, "delta": 0.004341}}
{"target": -13.758530261678112, "params": {"gamma": 386.66451933510336, "log10_alpha": -0.42684012800667315, "log10_colsample_bytree": -0.8949181100912158, "log10_eta": -3.649557231939153, "log10_lambda": -0.2336660754188209, "log10_min_child_weight": 2.430596485029493, "log10_subsample": -0.7827943497755872, "max_depth": 2.0, "num_boost_round": 8.0}, "datetime": {"datetime": "2024-01-19 01:03:38", "elapsed": 3121.348483, "delta": 0.004341}}
{"target": -13.758528271951668, "params": {"gamma": 386.66451933510336, "log10_alpha": -0.42684012800667315, "log10_colsample_bytree": -0.8949181100912158, "log10_eta": -3.649557231939153, "log10_lambda": -0.2336660754188209, "log10_min_child_weight": 2.430596485029493, "log10_subsample": -0.7827943497755872, "max_depth": 2.0, "num_boost_round": 9.0}, "datetime": {"datetime": "2024-01-19 01:03:38", "elapsed": 3121.352951, "delta": 0.004468}}
{"target": -13.758525375081584, "params": {"gamma": 386.66451933510336, "log10_alpha": -0.42684012800667315, "log10_colsample_bytree": -0.8949181100912158, "log10_eta": -3.649557231939153, "log10_lambda": -0.2336660754188209, "log10_min_child_weight": 2.430596485029493, "log10_subsample": -0.7827943497755872, "max_depth": 2.0, "num_boost_round": 10.0}, "datetime": {"datetime": "2024-01-19 01:03:38", "elapsed": 3121.357238, "delta": 0.004287}}
{"target": -13.758522687750064, "params": {"gamma": 386.66451933510336, "log10_alpha": -0.42684012800667315, "log10_colsample_bytree": -0.8949181100912158, "log10_eta": -3.649557231939153, "log10_lambda": -0.2336660754188209, "log10_min_child_weight": 2.430596485029493, "log10_subsample": -0.7827943497755872, "max_depth": 2.0, "num_boost_round": 11.0}, "datetime": {"datetime": "2024-01-19 01:03:38", "elapsed": 3121.361559, "delta": 0.004321}}
{"target": -13.758520836225792, "params": {"gamma": 386.66451933510336, "log10_alpha": -0.42684012800667315, "log10_colsample_bytree": -0.8949181100912158, "log10_eta": -3.649557231939153, "log10_lambda": -0.2336660754188209, "log10_min_child_weight": 2.430596485029493, "log10_subsample": -0.7827943497755872, "max_depth": 2.0, "num_boost_round": 12.0}, "datetime": {"datetime": "2024-01-19 01:03:38", "elapsed": 3121.3663, "delta": 0.004741}}
{"target": -13.75852109191612, "params": {"gamma": 386.66451933510336, "log10_alpha": -0.42684012800667315, "log10_colsample_bytree": -0.8949181100912158, "log10_eta": -3.649557231939153, "log10_lambda": -0.2336660754188209, "log10_min_child_weight": 2.430596485029493, "log10_subsample": -0.7827943497755872, "max_depth": 2.0, "num_boost_round": 13.0}, "datetime": {"datetime": "2024-01-19 01:03:38", "elapsed": 3121.3708, "delta": 0.0045}}
{"target": -13.75852015890703, "params": {"gamma": 386.66451933510336, "log10_alpha": -0.42684012800667315, "log10_colsample_bytree": -0.8949181100912158, "log10_eta": -3.649557231939153, "log10_lambda": -0.2336660754188209, "log10_min_child_weight": 2.430596485029493, "log10_subsample": -0.7827943497755872, "max_depth": 2.0, "num_boost_round": 14.0}, "datetime": {"datetime": "2024-01-19 01:03:38", "elapsed": 3121.375154, "delta": 0.004354}}
{"target": -13.758516246360179, "params": {"gamma": 386.66451933510336, "log10_alpha": -0.42684012800667315, "log10_colsample_bytree": -0.8949181100912158, "log10_eta": -3.649557231939153, "log10_lambda": -0.2336660754188209, "log10_min_child_weight": 2.430596485029493, "log10_subsample": -0.7827943497755872, "max_depth": 2.0, "num_boost_round": 15.0}, "datetime": {"datetime": "2024-01-19 01:03:38", "elapsed": 3121.37953, "delta": 0.004376}}
{"target": -13.758515313802862, "params": {"gamma": 386.66451933510336, "log10_alpha": -0.42684012800667315, "log10_colsample_bytree": -0.8949181100912158, "log10_eta": -3.649557231939153, "log10_lambda": -0.2336660754188209, "log10_min_child_weight": 2.430596485029493, "log10_subsample": -0.7827943497755872, "max_depth": 2.0, "num_boost_round": 16.0}, "datetime": {"datetime": "2024-01-19 01:03:38", "elapsed": 3121.38384, "delta": 0.00431}}
{"target": -13.758513137516948, "params": {"gamma": 386.66451933510336, "log10_alpha": -0.42684012800667315, "log10_colsample_bytree": -0.8949181100912158, "log10_eta": -3.649557231939153, "log10_lambda": -0.2336660754188209, "log10_min_child_weight": 2.430596485029493, "log10_subsample": -0.7827943497755872, "max_depth": 2.0, "num_boost_round": 17.0}, "datetime": {"datetime": "2024-01-19 01:03:38", "elapsed": 3121.388187, "delta": 0.004347}}
{"target": -13.75851111547073, "params": {"gamma": 386.66451933510336, "log10_alpha": -0.42684012800667315, "log10_colsample_bytree": -0.8949181100912158, "log10_eta": -3.649557231939153, "log10_lambda": -0.2336660754188209, "log10_min_child_weight": 2.430596485029493, "log10_subsample": -0.7827943497755872, "max_depth": 2.0, "num_boost_round": 18.0}, "datetime": {"datetime": "2024-01-19 01:03:38", "elapsed": 3121.392707, "delta": 0.00452}}
{"target": -13.7585494541855, "params": {"gamma": 428.0337503432504, "log10_alpha": -5.0, "log10_colsample_bytree": 0.0, "log10_eta": 0.0, "log10_lambda": -5.0, "log10_min_child_weight": 5.0, "log10_subsample": -1.0, "max_depth": 8.0, "num_boost_round": 0.0}, "datetime": {"datetime": "2024-01-19 01:05:06", "elapsed": 3209.337245, "delta": 87.944538}}
{"target": -13.758543419241196, "params": {"gamma": 428.0337503432504, "log10_alpha": -5.0, "log10_colsample_bytree": 0.0, "log10_eta": 0.0, "log10_lambda": -5.0, "log10_min_child_weight": 5.0, "log10_subsample": -1.0, "max_depth": 8.0, "num_boost_round": 1.0}, "datetime": {"datetime": "2024-01-19 01:05:06", "elapsed": 3209.342498, "delta": 0.005253}}
{"target": -13.758541269917638, "params": {"gamma": 428.0337503432504, "log10_alpha": -5.0, "log10_colsample_bytree": 0.0, "log10_eta": 0.0, "log10_lambda": -5.0, "log10_min_child_weight": 5.0, "log10_subsample": -1.0, "max_depth": 8.0, "num_boost_round": 2.0}, "datetime": {"datetime": "2024-01-19 01:05:06", "elapsed": 3209.34687, "delta": 0.004372}}
{"target": -13.758570604195999, "params": {"gamma": 428.0337503432504, "log10_alpha": -5.0, "log10_colsample_bytree": 0.0, "log10_eta": 0.0, "log10_lambda": -5.0, "log10_min_child_weight": 5.0, "log10_subsample": -1.0, "max_depth": 8.0, "num_boost_round": 3.0}, "datetime": {"datetime": "2024-01-19 01:05:06", "elapsed": 3209.351335, "delta": 0.004465}}
{"target": -13.75863177930092, "params": {"gamma": 428.0337503432504, "log10_alpha": -5.0, "log10_colsample_bytree": 0.0, "log10_eta": 0.0, "log10_lambda": -5.0, "log10_min_child_weight": 5.0, "log10_subsample": -1.0, "max_depth": 8.0, "num_boost_round": 4.0}, "datetime": {"datetime": "2024-01-19 01:05:06", "elapsed": 3209.355661, "delta": 0.004326}}
{"target": -13.758622808770143, "params": {"gamma": 428.0337503432504, "log10_alpha": -5.0, "log10_colsample_bytree": 0.0, "log10_eta": 0.0, "log10_lambda": -5.0, "log10_min_child_weight": 5.0, "log10_subsample": -1.0, "max_depth": 8.0, "num_boost_round": 5.0}, "datetime": {"datetime": "2024-01-19 01:05:06", "elapsed": 3209.360008, "delta": 0.004347}}
{"target": -13.758626193454667, "params": {"gamma": 428.0337503432504, "log10_alpha": -5.0, "log10_colsample_bytree": 0.0, "log10_eta": 0.0, "log10_lambda": -5.0, "log10_min_child_weight": 5.0, "log10_subsample": -1.0, "max_depth": 8.0, "num_boost_round": 6.0}, "datetime": {"datetime": "2024-01-19 01:05:06", "elapsed": 3209.364704, "delta": 0.004696}}
{"target": -13.758767223268945, "params": {"gamma": 428.0337503432504, "log10_alpha": -5.0, "log10_colsample_bytree": 0.0, "log10_eta": 0.0, "log10_lambda": -5.0, "log10_min_child_weight": 5.0, "log10_subsample": -1.0, "max_depth": 8.0, "num_boost_round": 7.0}, "datetime": {"datetime": "2024-01-19 01:05:06", "elapsed": 3209.369129, "delta": 0.004425}}
{"target": -13.758537632755774, "params": {"gamma": 428.0337503432504, "log10_alpha": -5.0, "log10_colsample_bytree": 0.0, "log10_eta": 0.0, "log10_lambda": -5.0, "log10_min_child_weight": 5.0, "log10_subsample": -1.0, "max_depth": 8.0, "num_boost_round": 8.0}, "datetime": {"datetime": "2024-01-19 01:05:06", "elapsed": 3209.373426, "delta": 0.004297}}
{"target": -13.758575515507353, "params": {"gamma": 428.0337503432504, "log10_alpha": -5.0, "log10_colsample_bytree": 0.0, "log10_eta": 0.0, "log10_lambda": -5.0, "log10_min_child_weight": 5.0, "log10_subsample": -1.0, "max_depth": 8.0, "num_boost_round": 9.0}, "datetime": {"datetime": "2024-01-19 01:05:06", "elapsed": 3209.377928, "delta": 0.004502}}
{"target": -13.758547082514443, "params": {"gamma": 428.0337503432504, "log10_alpha": -5.0, "log10_colsample_bytree": 0.0, "log10_eta": 0.0, "log10_lambda": -5.0, "log10_min_child_weight": 5.0, "log10_subsample": -1.0, "max_depth": 8.0, "num_boost_round": 10.0}, "datetime": {"datetime": "2024-01-19 01:05:06", "elapsed": 3209.38221, "delta": 0.004282}}
{"target": -13.758536957248076, "params": {"gamma": 428.0337503432504, "log10_alpha": -5.0, "log10_colsample_bytree": 0.0, "log10_eta": 0.0, "log10_lambda": -5.0, "log10_min_child_weight": 5.0, "log10_subsample": -1.0, "max_depth": 8.0, "num_boost_round": 11.0}, "datetime": {"datetime": "2024-01-19 01:05:06", "elapsed": 3209.386532, "delta": 0.004322}}
{"target": -13.758621928373863, "params": {"gamma": 428.0337503432504, "log10_alpha": -5.0, "log10_colsample_bytree": 0.0, "log10_eta": 0.0, "log10_lambda": -5.0, "log10_min_child_weight": 5.0, "log10_subsample": -1.0, "max_depth": 8.0, "num_boost_round": 12.0}, "datetime": {"datetime": "2024-01-19 01:05:06", "elapsed": 3209.390995, "delta": 0.004463}}
{"target": -13.758672053939312, "params": {"gamma": 428.0337503432504, "log10_alpha": -5.0, "log10_colsample_bytree": 0.0, "log10_eta": 0.0, "log10_lambda": -5.0, "log10_min_child_weight": 5.0, "log10_subsample": -1.0, "max_depth": 8.0, "num_boost_round": 13.0}, "datetime": {"datetime": "2024-01-19 01:05:06", "elapsed": 3209.395599, "delta": 0.004604}}
{"target": -13.758621714452756, "params": {"gamma": 428.0337503432504, "log10_alpha": -5.0, "log10_colsample_bytree": 0.0, "log10_eta": 0.0, "log10_lambda": -5.0, "log10_min_child_weight": 5.0, "log10_subsample": -1.0, "max_depth": 8.0, "num_boost_round": 14.0}, "datetime": {"datetime": "2024-01-19 01:05:06", "elapsed": 3209.40017, "delta": 0.004571}}
{"target": -13.75854735439455, "params": {"gamma": 428.0337503432504, "log10_alpha": -5.0, "log10_colsample_bytree": 0.0, "log10_eta": 0.0, "log10_lambda": -5.0, "log10_min_child_weight": 5.0, "log10_subsample": -1.0, "max_depth": 8.0, "num_boost_round": 15.0}, "datetime": {"datetime": "2024-01-19 01:05:06", "elapsed": 3209.404476, "delta": 0.004306}}
