{"target": -13.758449371684048, "params": {"gamma": 558.81331377135, "log10_alpha": -4.971473022782779, "log10_colsample_bytree": -0.19064537869564635, "log10_eta": -3.5861589687018265, "log10_lambda": 0.40459033281639645, "log10_min_child_weight": 3.6884176028632636, "log10_subsample": -0.2672503675551934, "max_depth": 6.0, "num_boost_round": 26.0}, "datetime": {"datetime": "2024-01-19 00:20:17", "elapsed": 549.590493, "delta": 0.000893}}
{"target": -13.75852914133061, "params": {"gamma": 569.7180203075574, "log10_alpha": -0.2267243481566119, "log10_colsample_bytree": -0.7396223136178286, "log10_eta": -3.7561394497896337, "log10_lambda": -0.6912199722231804, "log10_min_child_weight": 0.18945974237901064, "log10_subsample": -0.039394373670143756, "max_depth": 7.0, "num_boost_round": 0.0}, "datetime": {"datetime": "2024-01-19 00:20:37", "elapsed": 569.365357, "delta": 19.774864}}
{"target": -13.758521445620675, "params": {"gamma": 569.7180203075574, "log10_alpha": -0.2267243481566119, "log10_colsample_bytree": -0.7396223136178286, "log10_eta": -3.7561394497896337, "log10_lambda": -0.6912199722231804, "log10_min_child_weight": 0.18945974237901064, "log10_subsample": -0.039394373670143756, "max_depth": 7.0, "num_boost_round": 1.0}, "datetime": {"datetime": "2024-01-19 00:20:37", "elapsed": 569.366979, "delta": 0.001622}}
{"target": -13.758508711916992, "params": {"gamma": 569.7180203075574, "log10_alpha": -0.2267243481566119, "log10_colsample_bytree": -0.7396223136178286, "log10_eta": -3.7561394497896337, "log10_lambda": -0.6912199722231804, "log10_min_child_weight": 0.18945974237901064, "log10_subsample": -0.039394373670143756, "max_depth": 7.0, "num_boost_round": 2.0}, "datetime": {"datetime": "2024-01-19 00:20:37", "elapsed": 569.36784, "delta": 0.000861}}
{"target": -13.758502910558851, "params": {"gamma": 569.7180203075574, "log10_alpha": -0.2267243481566119, "log10_colsample_bytree": -0.7396223136178286, "log10_eta": -3.7561394497896337, "log10_lambda": -0.6912199722231804, "log10_min_child_weight": 0.18945974237901064, "log10_subsample": -0.039394373670143756, "max_depth": 7.0, "num_boost_round": 3.0}, "datetime": {"datetime": "2024-01-19 00:20:37", "elapsed": 569.36869, "delta": 0.00085}}
{"target": -13.7584950548791, "params": {"gamma": 569.7180203075574, "log10_alpha": -0.2267243481566119, "log10_colsample_bytree": -0.7396223136178286, "log10_eta": -3.7561394497896337, "log10_lambda": -0.6912199722231804, "log10_min_child_weight": 0.18945974237901064, "log10_subsample": -0.039394373670143756, "max_depth": 7.0, "num_boost_round": 4.0}, "datetime": {"datetime": "2024-01-19 00:20:37", "elapsed": 569.369522, "delta": 0.000832}}
{"target": -13.758485970290332, "params": {"gamma": 569.7180203075574, "log10_alpha": -0.2267243481566119, "log10_colsample_bytree": -0.7396223136178286, "log10_eta": -3.7561394497896337, "log10_lambda": -0.6912199722231804, "log10_min_child_weight": 0.18945974237901064, "log10_subsample": -0.039394373670143756, "max_depth": 7.0, "num_boost_round": 5.0}, "datetime": {"datetime": "2024-01-19 00:20:37", "elapsed": 569.370503, "delta": 0.000981}}
{"target": -13.758476800188566, "params": {"gamma": 569.7180203075574, "log10_alpha": -0.2267243481566119, "log10_colsample_bytree": -0.7396223136178286, "log10_eta": -3.7561394497896337, "log10_lambda": -0.6912199722231804, "log10_min_child_weight": 0.18945974237901064, "log10_subsample": -0.039394373670143756, "max_depth": 7.0, "num_boost_round": 6.0}, "datetime": {"datetime": "2024-01-19 00:20:37", "elapsed": 569.371344, "delta": 0.000841}}
{"target": -13.75846963525464, "params": {"gamma": 569.7180203075574, "log10_alpha": -0.2267243481566119, "log10_colsample_bytree": -0.7396223136178286, "log10_eta": -3.7561394497896337, "log10_lambda": -0.6912199722231804, "log10_min_child_weight": 0.18945974237901064, "log10_subsample": -0.039394373670143756, "max_depth": 7.0, "num_boost_round": 7.0}, "datetime": {"datetime": "2024-01-19 00:20:37", "elapsed": 569.372179, "delta": 0.000835}}
{"target": -13.758463475576423, "params": {"gamma": 569.7180203075574, "log10_alpha": -0.2267243481566119, "log10_colsample_bytree": -0.7396223136178286, "log10_eta": -3.7561394497896337, "log10_lambda": -0.6912199722231804, "log10_min_child_weight": 0.18945974237901064, "log10_subsample": -0.039394373670143756, "max_depth": 7.0, "num_boost_round": 8.0}, "datetime": {"datetime": "2024-01-19 00:20:37", "elapsed": 569.373033, "delta": 0.000854}}
{"target": -13.75846120940873, "params": {"gamma": 569.7180203075574, "log10_alpha": -0.2267243481566119, "log10_colsample_bytree": -0.7396223136178286, "log10_eta": -3.7561394497896337, "log10_lambda": -0.6912199722231804, "log10_min_child_weight": 0.18945974237901064, "log10_subsample": -0.039394373670143756, "max_depth": 7.0, "num_boost_round": 9.0}, "datetime": {"datetime": "2024-01-19 00:20:37", "elapsed": 569.374163, "delta": 0.00113}}
{"target": -13.758457244682731, "params": {"gamma": 569.7180203075574, "log10_alpha": -0.2267243481566119, "log10_colsample_bytree": -0.7396223136178286, "log10_eta": -3.7561394497896337, "log10_lambda": -0.6912199722231804, "log10_min_child_weight": 0.18945974237901064, "log10_subsample": -0.039394373670143756, "max_depth": 7.0, "num_boost_round": 10.0}, "datetime": {"datetime": "2024-01-19 00:20:37", "elapsed": 569.37505, "delta": 0.000887}}
{"target": -13.758534647491867, "params": {"gamma": 554.8903002974587, "log10_alpha": -4.317310873278726, "log10_colsample_bytree": -0.7678463037797578, "log10_eta": -3.8607645607756615, "log10_lambda": -3.9666802095923925, "log10_min_child_weight": 2.679745167702095, "log10_subsample": -0.45284159959432657, "max_depth": 9.0, "num_boost_round": 0.0}, "datetime": {"datetime": "2024-01-19 00:21:04", "elapsed": 596.340999, "delta": 26.965949}}
{"target": -13.758532659048615, "params": {"gamma": 554.8903002974587, "log10_alpha": -4.317310873278726, "log10_colsample_bytree": -0.7678463037797578, "log10_eta": -3.8607645607756615, "log10_lambda": -3.9666802095923925, "log10_min_child_weight": 2.679745167702095, "log10_subsample": -0.45284159959432657, "max_depth": 9.0, "num_boost_round": 1.0}, "datetime": {"datetime": "2024-01-19 00:21:04", "elapsed": 596.341986, "delta": 0.000987}}
{"target": -13.75852346544576, "params": {"gamma": 554.8903002974587, "log10_alpha": -4.317310873278726, "log10_colsample_bytree": -0.7678463037797578, "log10_eta": -3.8607645607756615, "log10_lambda": -3.9666802095923925, "log10_min_child_weight": 2.679745167702095, "log10_subsample": -0.45284159959432657, "max_depth": 9.0, "num_boost_round": 2.0}, "datetime": {"datetime": "2024-01-19 00:21:04", "elapsed": 596.343373, "delta": 0.001387}}
{"target": -13.7585198400332, "params": {"gamma": 554.8903002974587, "log10_alpha": -4.317310873278726, "log10_colsample_bytree": -0.7678463037797578, "log10_eta": -3.8607645607756615, "log10_lambda": -3.9666802095923925, "log10_min_child_weight": 2.679745167702095, "log10_subsample": -0.45284159959432657, "max_depth": 9.0, "num_boost_round": 3.0}, "datetime": {"datetime": "2024-01-19 00:21:04", "elapsed": 596.345084, "delta": 0.001711}}
{"target": -13.758514508039069, "params": {"gamma": 554.8903002974587, "log10_alpha": -4.317310873278726, "log10_colsample_bytree": -0.7678463037797578, "log10_eta": -3.8607645607756615, "log10_lambda": -3.9666802095923925, "log10_min_child_weight": 2.679745167702095, "log10_subsample": -0.45284159959432657, "max_depth": 9.0, "num_boost_round": 4.0}, "datetime": {"datetime": "2024-01-19 00:21:04", "elapsed": 596.34646, "delta": 0.001376}}
{"target": -13.758514916967968, "params": {"gamma": 554.8903002974587, "log10_alpha": -4.317310873278726, "log10_colsample_bytree": -0.7678463037797578, "log10_eta": -3.8607645607756615, "log10_lambda": -3.9666802095923925, "log10_min_child_weight": 2.679745167702095, "log10_subsample": -0.45284159959432657, "max_depth": 9.0, "num_boost_round": 5.0}, "datetime": {"datetime": "2024-01-19 00:21:04", "elapsed": 596.347404, "delta": 0.000944}}
{"target": -13.758514449643657, "params": {"gamma": 554.8903002974587, "log10_alpha": -4.317310873278726, "log10_colsample_bytree": -0.7678463037797578, "log10_eta": -3.8607645607756615, "log10_lambda": -3.9666802095923925, "log10_min_child_weight": 2.679745167702095, "log10_subsample": -0.45284159959432657, "max_depth": 9.0, "num_boost_round": 6.0}, "datetime": {"datetime": "2024-01-19 00:21:04", "elapsed": 596.348402, "delta": 0.000998}}
{"target": -13.758507557965174, "params": {"gamma": 554.8903002974587, "log10_alpha": -4.317310873278726, "log10_colsample_bytree": -0.7678463037797578, "log10_eta": -3.8607645607756615, "log10_lambda": -3.9666802095923925, "log10_min_child_weight": 2.679745167702095, "log10_subsample": -0.45284159959432657, "max_depth": 9.0, "num_boost_round": 7.0}, "datetime": {"datetime": "2024-01-19 00:21:04", "elapsed": 596.35002, "delta": 0.001618}}
{"target": -13.758504854207914, "params": {"gamma": 554.8903002974587, "log10_alpha": -4.317310873278726, "log10_colsample_bytree": -0.7678463037797578, "log10_eta": -3.8607645607756615, "log10_lambda": -3.9666802095923925, "log10_min_child_weight": 2.679745167702095, "log10_subsample": -0.45284159959432657, "max_depth": 9.0, "num_boost_round": 8.0}, "datetime": {"datetime": "2024-01-19 00:21:04", "elapsed": 596.350935, "delta": 0.000915}}
{"target": -13.75850367430524, "params": {"gamma": 554.8903002974587, "log10_alpha": -4.317310873278726, "log10_colsample_bytree": -0.7678463037797578, "log10_eta": -3.8607645607756615, "log10_lambda": -3.9666802095923925, "log10_min_child_weight": 2.679745167702095, "log10_subsample": -0.45284159959432657, "max_depth": 9.0, "num_boost_round": 9.0}, "datetime": {"datetime": "2024-01-19 00:21:04", "elapsed": 596.351788, "delta": 0.000853}}
{"target": -13.758495521383963, "params": {"gamma": 554.8903002974587, "log10_alpha": -4.317310873278726, "log10_colsample_bytree": -0.7678463037797578, "log10_eta": -3.8607645607756615, "log10_lambda": -3.9666802095923925, "log10_min_child_weight": 2.679745167702095, "log10_subsample": -0.45284159959432657, "max_depth": 9.0, "num_boost_round": 10.0}, "datetime": {"datetime": "2024-01-19 00:21:04", "elapsed": 596.352717, "delta": 0.000929}}
{"target": -13.758494955798213, "params": {"gamma": 554.8903002974587, "log10_alpha": -4.317310873278726, "log10_colsample_bytree": -0.7678463037797578, "log10_eta": -3.8607645607756615, "log10_lambda": -3.9666802095923925, "log10_min_child_weight": 2.679745167702095, "log10_subsample": -0.45284159959432657, "max_depth": 9.0, "num_boost_round": 11.0}, "datetime": {"datetime": "2024-01-19 00:21:04", "elapsed": 596.353545, "delta": 0.000828}}
{"target": -13.758493923378312, "params": {"gamma": 554.8903002974587, "log10_alpha": -4.317310873278726, "log10_colsample_bytree": -0.7678463037797578, "log10_eta": -3.8607645607756615, "log10_lambda": -3.9666802095923925, "log10_min_child_weight": 2.679745167702095, "log10_subsample": -0.45284159959432657, "max_depth": 9.0, "num_boost_round": 12.0}, "datetime": {"datetime": "2024-01-19 00:21:04", "elapsed": 596.354371, "delta": 0.000826}}
{"target": -13.758484981569, "params": {"gamma": 554.8903002974587, "log10_alpha": -4.317310873278726, "log10_colsample_bytree": -0.7678463037797578, "log10_eta": -3.8607645607756615, "log10_lambda": -3.9666802095923925, "log10_min_child_weight": 2.679745167702095, "log10_subsample": -0.45284159959432657, "max_depth": 9.0, "num_boost_round": 13.0}, "datetime": {"datetime": "2024-01-19 00:21:04", "elapsed": 596.355203, "delta": 0.000832}}
{"target": -13.758482636525907, "params": {"gamma": 554.8903002974587, "log10_alpha": -4.317310873278726, "log10_colsample_bytree": -0.7678463037797578, "log10_eta": -3.8607645607756615, "log10_lambda": -3.9666802095923925, "log10_min_child_weight": 2.679745167702095, "log10_subsample": -0.45284159959432657, "max_depth": 9.0, "num_boost_round": 14.0}, "datetime": {"datetime": "2024-01-19 00:21:04", "elapsed": 596.356034, "delta": 0.000831}}
{"target": -13.758476232964147, "params": {"gamma": 554.8903002974587, "log10_alpha": -4.317310873278726, "log10_colsample_bytree": -0.7678463037797578, "log10_eta": -3.8607645607756615, "log10_lambda": -3.9666802095923925, "log10_min_child_weight": 2.679745167702095, "log10_subsample": -0.45284159959432657, "max_depth": 9.0, "num_boost_round": 15.0}, "datetime": {"datetime": "2024-01-19 00:21:04", "elapsed": 596.356936, "delta": 0.000902}}
{"target": -13.75847444256302, "params": {"gamma": 554.8903002974587, "log10_alpha": -4.317310873278726, "log10_colsample_bytree": -0.7678463037797578, "log10_eta": -3.8607645607756615, "log10_lambda": -3.9666802095923925, "log10_min_child_weight": 2.679745167702095, "log10_subsample": -0.45284159959432657, "max_depth": 9.0, "num_boost_round": 16.0}, "datetime": {"datetime": "2024-01-19 00:21:04", "elapsed": 596.357816, "delta": 0.00088}}
{"target": -13.758472659434089, "params": {"gamma": 554.8903002974587, "log10_alpha": -4.317310873278726, "log10_colsample_bytree": -0.7678463037797578, "log10_eta": -3.8607645607756615, "log10_lambda": -3.9666802095923925, "log10_min_child_weight": 2.679745167702095, "log10_subsample": -0.45284159959432657, "max_depth": 9.0, "num_boost_round": 17.0}, "datetime": {"datetime": "2024-01-19 00:21:04", "elapsed": 596.358707, "delta": 0.000891}}
{"target": -13.758472939080606, "params": {"gamma": 554.8903002974587, "log10_alpha": -4.317310873278726, "log10_colsample_bytree": -0.7678463037797578, "log10_eta": -3.8607645607756615, "log10_lambda": -3.9666802095923925, "log10_min_child_weight": 2.679745167702095, "log10_subsample": -0.45284159959432657, "max_depth": 9.0, "num_boost_round": 18.0}, "datetime": {"datetime": "2024-01-19 00:21:04", "elapsed": 596.359591, "delta": 0.000884}}
{"target": -13.758469780311788, "params": {"gamma": 554.8903002974587, "log10_alpha": -4.317310873278726, "log10_colsample_bytree": -0.7678463037797578, "log10_eta": -3.8607645607756615, "log10_lambda": -3.9666802095923925, "log10_min_child_weight": 2.679745167702095, "log10_subsample": -0.45284159959432657, "max_depth": 9.0, "num_boost_round": 19.0}, "datetime": {"datetime": "2024-01-19 00:21:04", "elapsed": 596.360476, "delta": 0.000885}}
{"target": -13.758462491980609, "params": {"gamma": 554.8903002974587, "log10_alpha": -4.317310873278726, "log10_colsample_bytree": -0.7678463037797578, "log10_eta": -3.8607645607756615, "log10_lambda": -3.9666802095923925, "log10_min_child_weight": 2.679745167702095, "log10_subsample": -0.45284159959432657, "max_depth": 9.0, "num_boost_round": 20.0}, "datetime": {"datetime": "2024-01-19 00:21:04", "elapsed": 596.361361, "delta": 0.000885}}
{"target": -13.758463084723447, "params": {"gamma": 554.8903002974587, "log10_alpha": -4.317310873278726, "log10_colsample_bytree": -0.7678463037797578, "log10_eta": -3.8607645607756615, "log10_lambda": -3.9666802095923925, "log10_min_child_weight": 2.679745167702095, "log10_subsample": -0.45284159959432657, "max_depth": 9.0, "num_boost_round": 21.0}, "datetime": {"datetime": "2024-01-19 00:21:04", "elapsed": 596.362272, "delta": 0.000911}}
{"target": -13.758462194165563, "params": {"gamma": 554.8903002974587, "log10_alpha": -4.317310873278726, "log10_colsample_bytree": -0.7678463037797578, "log10_eta": -3.8607645607756615, "log10_lambda": -3.9666802095923925, "log10_min_child_weight": 2.679745167702095, "log10_subsample": -0.45284159959432657, "max_depth": 9.0, "num_boost_round": 22.0}, "datetime": {"datetime": "2024-01-19 00:21:04", "elapsed": 596.363184, "delta": 0.000912}}
{"target": -13.758455029640814, "params": {"gamma": 554.8903002974587, "log10_alpha": -4.317310873278726, "log10_colsample_bytree": -0.7678463037797578, "log10_eta": -3.8607645607756615, "log10_lambda": -3.9666802095923925, "log10_min_child_weight": 2.679745167702095, "log10_subsample": -0.45284159959432657, "max_depth": 9.0, "num_boost_round": 23.0}, "datetime": {"datetime": "2024-01-19 00:21:04", "elapsed": 596.364064, "delta": 0.00088}}
{"target": -13.758449130173942, "params": {"gamma": 554.8903002974587, "log10_alpha": -4.317310873278726, "log10_colsample_bytree": -0.7678463037797578, "log10_eta": -3.8607645607756615, "log10_lambda": -3.9666802095923925, "log10_min_child_weight": 2.679745167702095, "log10_subsample": -0.45284159959432657, "max_depth": 9.0, "num_boost_round": 24.0}, "datetime": {"datetime": "2024-01-19 00:21:04", "elapsed": 596.364961, "delta": 0.000897}}
{"target": -13.75844484416748, "params": {"gamma": 554.8903002974587, "log10_alpha": -4.317310873278726, "log10_colsample_bytree": -0.7678463037797578, "log10_eta": -3.8607645607756615, "log10_lambda": -3.9666802095923925, "log10_min_child_weight": 2.679745167702095, "log10_subsample": -0.45284159959432657, "max_depth": 9.0, "num_boost_round": 25.0}, "datetime": {"datetime": "2024-01-19 00:21:04", "elapsed": 596.365839, "delta": 0.000878}}
{"target": -13.75844025868082, "params": {"gamma": 554.8903002974587, "log10_alpha": -4.317310873278726, "log10_colsample_bytree": -0.7678463037797578, "log10_eta": -3.8607645607756615, "log10_lambda": -3.9666802095923925, "log10_min_child_weight": 2.679745167702095, "log10_subsample": -0.45284159959432657, "max_depth": 9.0, "num_boost_round": 26.0}, "datetime": {"datetime": "2024-01-19 00:21:04", "elapsed": 596.366724, "delta": 0.000885}}
{"target": -13.758538479226225, "params": {"gamma": 562.8795743892601, "log10_alpha": -3.4810890526296987, "log10_colsample_bytree": -0.8068068696373013, "log10_eta": -3.9435055049202443, "log10_lambda": -1.360710797894213, "log10_min_child_weight": 4.602490552224938, "log10_subsample": -0.23389304765630559, "max_depth": 6.0, "num_boost_round": 0.0}, "datetime": {"datetime": "2024-01-19 00:21:24", "elapsed": 616.599101, "delta": 20.232377}}
{"target": -13.758537416940857, "params": {"gamma": 562.8795743892601, "log10_alpha": -3.4810890526296987, "log10_colsample_bytree": -0.8068068696373013, "log10_eta": -3.9435055049202443, "log10_lambda": -1.360710797894213, "log10_min_child_weight": 4.602490552224938, "log10_subsample": -0.23389304765630559, "max_depth": 6.0, "num_boost_round": 1.0}, "datetime": {"datetime": "2024-01-19 00:21:24", "elapsed": 616.600794, "delta": 0.001693}}
{"target": -13.758537700759485, "params": {"gamma": 562.8795743892601, "log10_alpha": -3.4810890526296987, "log10_colsample_bytree": -0.8068068696373013, "log10_eta": -3.9435055049202443, "log10_lambda": -1.360710797894213, "log10_min_child_weight": 4.602490552224938, "log10_subsample": -0.23389304765630559, "max_depth": 6.0, "num_boost_round": 2.0}, "datetime": {"datetime": "2024-01-19 00:21:24", "elapsed": 616.601839, "delta": 0.001045}}
{"target": -13.758536911131495, "params": {"gamma": 562.8795743892601, "log10_alpha": -3.4810890526296987, "log10_colsample_bytree": -0.8068068696373013, "log10_eta": -3.9435055049202443, "log10_lambda": -1.360710797894213, "log10_min_child_weight": 4.602490552224938, "log10_subsample": -0.23389304765630559, "max_depth": 6.0, "num_boost_round": 3.0}, "datetime": {"datetime": "2024-01-19 00:21:24", "elapsed": 616.602809, "delta": 0.00097}}
{"target": -13.758537327751679, "params": {"gamma": 562.8795743892601, "log10_alpha": -3.4810890526296987, "log10_colsample_bytree": -0.8068068696373013, "log10_eta": -3.9435055049202443, "log10_lambda": -1.360710797894213, "log10_min_child_weight": 4.602490552224938, "log10_subsample": -0.23389304765630559, "max_depth": 6.0, "num_boost_round": 4.0}, "datetime": {"datetime": "2024-01-19 00:21:24", "elapsed": 616.603716, "delta": 0.000907}}
{"target": -13.758536591397538, "params": {"gamma": 562.8795743892601, "log10_alpha": -3.4810890526296987, "log10_colsample_bytree": -0.8068068696373013, "log10_eta": -3.9435055049202443, "log10_lambda": -1.360710797894213, "log10_min_child_weight": 4.602490552224938, "log10_subsample": -0.23389304765630559, "max_depth": 6.0, "num_boost_round": 5.0}, "datetime": {"datetime": "2024-01-19 00:21:24", "elapsed": 616.604606, "delta": 0.00089}}
{"target": -13.758537461749683, "params": {"gamma": 562.8795743892601, "log10_alpha": -3.4810890526296987, "log10_colsample_bytree": -0.8068068696373013, "log10_eta": -3.9435055049202443, "log10_lambda": -1.360710797894213, "log10_min_child_weight": 4.602490552224938, "log10_subsample": -0.23389304765630559, "max_depth": 6.0, "num_boost_round": 6.0}, "datetime": {"datetime": "2024-01-19 00:21:24", "elapsed": 616.605511, "delta": 0.000905}}
{"target": -13.758537084059565, "params": {"gamma": 562.8795743892601, "log10_alpha": -3.4810890526296987, "log10_colsample_bytree": -0.8068068696373013, "log10_eta": -3.9435055049202443, "log10_lambda": -1.360710797894213, "log10_min_child_weight": 4.602490552224938, "log10_subsample": -0.23389304765630559, "max_depth": 6.0, "num_boost_round": 7.0}, "datetime": {"datetime": "2024-01-19 00:21:24", "elapsed": 616.606566, "delta": 0.001055}}
{"target": -13.758537207160327, "params": {"gamma": 562.8795743892601, "log10_alpha": -3.4810890526296987, "log10_colsample_bytree": -0.8068068696373013, "log10_eta": -3.9435055049202443, "log10_lambda": -1.360710797894213, "log10_min_child_weight": 4.602490552224938, "log10_subsample": -0.23389304765630559, "max_depth": 6.0, "num_boost_round": 8.0}, "datetime": {"datetime": "2024-01-19 00:21:24", "elapsed": 616.607458, "delta": 0.000892}}
{"target": -13.758537370048051, "params": {"gamma": 562.8795743892601, "log10_alpha": -3.4810890526296987, "log10_colsample_bytree": -0.8068068696373013, "log10_eta": -3.9435055049202443, "log10_lambda": -1.360710797894213, "log10_min_child_weight": 4.602490552224938, "log10_subsample": -0.23389304765630559, "max_depth": 6.0, "num_boost_round": 9.0}, "datetime": {"datetime": "2024-01-19 00:21:24", "elapsed": 616.608341, "delta": 0.000883}}
