{"target": -17.685508663307836, "params": {"gamma": 614.0019460720338, "log10_alpha": -2.024381591455282, "log10_colsample_bytree": -0.18203901980277448, "log10_eta": -2.080563026908702, "log10_lambda": -1.5047726760843205, "log10_min_child_weight": 1.1648658867203436, "log10_subsample": -0.7072452245827006, "max_depth": 9.0, "num_boost_round": 48.0}, "datetime": {"datetime": "2024-01-19 02:09:12", "elapsed": 7050.056315, "delta": 0.006393}}
{"target": -17.685496226144917, "params": {"gamma": 614.0019460720338, "log10_alpha": -2.024381591455282, "log10_colsample_bytree": -0.18203901980277448, "log10_eta": -2.080563026908702, "log10_lambda": -1.5047726760843205, "log10_min_child_weight": 1.1648658867203436, "log10_subsample": -0.7072452245827006, "max_depth": 9.0, "num_boost_round": 49.0}, "datetime": {"datetime": "2024-01-19 02:09:12", "elapsed": 7050.17304, "delta": 0.116725}}
{"target": -17.686269704251536, "params": {"gamma": 614.0019460720338, "log10_alpha": -2.024381591455282, "log10_colsample_bytree": -0.18203901980277448, "log10_eta": -2.080563026908702, "log10_lambda": -1.5047726760843205, "log10_min_child_weight": 1.1648658867203436, "log10_subsample": -0.7072452245827006, "max_depth": 9.0, "num_boost_round": 50.0}, "datetime": {"datetime": "2024-01-19 02:09:12", "elapsed": 7050.179399, "delta": 0.006359}}
{"target": -17.68701836872211, "params": {"gamma": 614.0019460720338, "log10_alpha": -2.024381591455282, "log10_colsample_bytree": -0.18203901980277448, "log10_eta": -2.080563026908702, "log10_lambda": -1.5047726760843205, "log10_min_child_weight": 1.1648658867203436, "log10_subsample": -0.7072452245827006, "max_depth": 9.0, "num_boost_round": 51.0}, "datetime": {"datetime": "2024-01-19 02:09:12", "elapsed": 7050.185296, "delta": 0.005897}}
{"target": -17.68752475793725, "params": {"gamma": 614.0019460720338, "log10_alpha": -2.024381591455282, "log10_colsample_bytree": -0.18203901980277448, "log10_eta": -2.080563026908702, "log10_lambda": -1.5047726760843205, "log10_min_child_weight": 1.1648658867203436, "log10_subsample": -0.7072452245827006, "max_depth": 9.0, "num_boost_round": 52.0}, "datetime": {"datetime": "2024-01-19 02:09:12", "elapsed": 7050.191148, "delta": 0.005852}}
{"target": -17.688473760956047, "params": {"gamma": 614.0019460720338, "log10_alpha": -2.024381591455282, "log10_colsample_bytree": -0.18203901980277448, "log10_eta": -2.080563026908702, "log10_lambda": -1.5047726760843205, "log10_min_child_weight": 1.1648658867203436, "log10_subsample": -0.7072452245827006, "max_depth": 9.0, "num_boost_round": 53.0}, "datetime": {"datetime": "2024-01-19 02:09:12", "elapsed": 7050.197514, "delta": 0.006366}}
{"target": -17.68809764160087, "params": {"gamma": 614.0019460720338, "log10_alpha": -2.024381591455282, "log10_colsample_bytree": -0.18203901980277448, "log10_eta": -2.080563026908702, "log10_lambda": -1.5047726760843205, "log10_min_child_weight": 1.1648658867203436, "log10_subsample": -0.7072452245827006, "max_depth": 9.0, "num_boost_round": 54.0}, "datetime": {"datetime": "2024-01-19 02:09:12", "elapsed": 7050.204329, "delta": 0.006815}}
{"target": -17.689061029385652, "params": {"gamma": 614.0019460720338, "log10_alpha": -2.024381591455282, "log10_colsample_bytree": -0.18203901980277448, "log10_eta": -2.080563026908702, "log10_lambda": -1.5047726760843205, "log10_min_child_weight": 1.1648658867203436, "log10_subsample": -0.7072452245827006, "max_depth": 9.0, "num_boost_round": 55.0}, "datetime": {"datetime": "2024-01-19 02:09:12", "elapsed": 7050.21028, "delta": 0.005951}}
{"target": -17.69030530055448, "params": {"gamma": 614.0019460720338, "log10_alpha": -2.024381591455282, "log10_colsample_bytree": -0.18203901980277448, "log10_eta": -2.080563026908702, "log10_lambda": -1.5047726760843205, "log10_min_child_weight": 1.1648658867203436, "log10_subsample": -0.7072452245827006, "max_depth": 9.0, "num_boost_round": 56.0}, "datetime": {"datetime": "2024-01-19 02:09:12", "elapsed": 7050.2162, "delta": 0.00592}}
{"target": -17.691528061799083, "params": {"gamma": 614.0019460720338, "log10_alpha": -2.024381591455282, "log10_colsample_bytree": -0.18203901980277448, "log10_eta": -2.080563026908702, "log10_lambda": -1.5047726760843205, "log10_min_child_weight": 1.1648658867203436, "log10_subsample": -0.7072452245827006, "max_depth": 9.0, "num_boost_round": 57.0}, "datetime": {"datetime": "2024-01-19 02:09:12", "elapsed": 7050.222125, "delta": 0.005925}}
{"target": -17.69221481499469, "params": {"gamma": 614.0019460720338, "log10_alpha": -2.024381591455282, "log10_colsample_bytree": -0.18203901980277448, "log10_eta": -2.080563026908702, "log10_lambda": -1.5047726760843205, "log10_min_child_weight": 1.1648658867203436, "log10_subsample": -0.7072452245827006, "max_depth": 9.0, "num_boost_round": 58.0}, "datetime": {"datetime": "2024-01-19 02:09:12", "elapsed": 7050.228103, "delta": 0.005978}}
{"target": -17.69277076595963, "params": {"gamma": 614.0019460720338, "log10_alpha": -2.024381591455282, "log10_colsample_bytree": -0.18203901980277448, "log10_eta": -2.080563026908702, "log10_lambda": -1.5047726760843205, "log10_min_child_weight": 1.1648658867203436, "log10_subsample": -0.7072452245827006, "max_depth": 9.0, "num_boost_round": 59.0}, "datetime": {"datetime": "2024-01-19 02:09:12", "elapsed": 7050.234236, "delta": 0.006133}}
{"target": -17.675484435402343, "params": {"gamma": 622.3053231142118, "log10_alpha": -4.821072130310133, "log10_colsample_bytree": -0.6276393651455379, "log10_eta": -0.9571665385580155, "log10_lambda": -3.666646450062482, "log10_min_child_weight": 4.4303703883628005, "log10_subsample": -0.05712109892937567, "max_depth": 8.0, "num_boost_round": 0.0}, "datetime": {"datetime": "2024-01-19 02:12:12", "elapsed": 7229.415134, "delta": 179.180898}}
{"target": -17.67687342606111, "params": {"gamma": 622.3053231142118, "log10_alpha": -4.821072130310133, "log10_colsample_bytree": -0.6276393651455379, "log10_eta": -0.9571665385580155, "log10_lambda": -3.666646450062482, "log10_min_child_weight": 4.4303703883628005, "log10_subsample": -0.05712109892937567, "max_depth": 8.0, "num_boost_round": 1.0}, "datetime": {"datetime": "2024-01-19 02:12:12", "elapsed": 7229.421439, "delta": 0.006305}}
{"target": -17.67593954626608, "params": {"gamma": 622.3053231142118, "log10_alpha": -4.821072130310133, "log10_colsample_bytree": -0.6276393651455379, "log10_eta": -0.9571665385580155, "log10_lambda": -3.666646450062482, "log10_min_child_weight": 4.4303703883628005, "log10_subsample": -0.05712109892937567, "max_depth": 8.0, "num_boost_round": 2.0}, "datetime": {"datetime": "2024-01-19 02:12:12", "elapsed": 7229.427505, "delta": 0.006066}}
{"target": -17.676778755155205, "params": {"gamma": 622.3053231142118, "log10_alpha": -4.821072130310133, "log10_colsample_bytree": -0.6276393651455379, "log10_eta": -0.9571665385580155, "log10_lambda": -3.666646450062482, "log10_min_child_weight": 4.4303703883628005, "log10_subsample": -0.05712109892937567, "max_depth": 8.0, "num_boost_round": 3.0}, "datetime": {"datetime": "2024-01-19 02:12:12", "elapsed": 7229.433762, "delta": 0.006257}}
{"target": -17.674915068179974, "params": {"gamma": 622.3053231142118, "log10_alpha": -4.821072130310133, "log10_colsample_bytree": -0.6276393651455379, "log10_eta": -0.9571665385580155, "log10_lambda": -3.666646450062482, "log10_min_child_weight": 4.4303703883628005, "log10_subsample": -0.05712109892937567, "max_depth": 8.0, "num_boost_round": 4.0}, "datetime": {"datetime": "2024-01-19 02:12:12", "elapsed": 7229.439691, "delta": 0.005929}}
{"target": -17.674685266872196, "params": {"gamma": 622.3053231142118, "log10_alpha": -4.821072130310133, "log10_colsample_bytree": -0.6276393651455379, "log10_eta": -0.9571665385580155, "log10_lambda": -3.666646450062482, "log10_min_child_weight": 4.4303703883628005, "log10_subsample": -0.05712109892937567, "max_depth": 8.0, "num_boost_round": 5.0}, "datetime": {"datetime": "2024-01-19 02:12:12", "elapsed": 7229.445525, "delta": 0.005834}}
{"target": -17.67843928144338, "params": {"gamma": 622.3053231142118, "log10_alpha": -4.821072130310133, "log10_colsample_bytree": -0.6276393651455379, "log10_eta": -0.9571665385580155, "log10_lambda": -3.666646450062482, "log10_min_child_weight": 4.4303703883628005, "log10_subsample": -0.05712109892937567, "max_depth": 8.0, "num_boost_round": 6.0}, "datetime": {"datetime": "2024-01-19 02:12:12", "elapsed": 7229.451383, "delta": 0.005858}}
{"target": -17.67749212005879, "params": {"gamma": 622.3053231142118, "log10_alpha": -4.821072130310133, "log10_colsample_bytree": -0.6276393651455379, "log10_eta": -0.9571665385580155, "log10_lambda": -3.666646450062482, "log10_min_child_weight": 4.4303703883628005, "log10_subsample": -0.05712109892937567, "max_depth": 8.0, "num_boost_round": 7.0}, "datetime": {"datetime": "2024-01-19 02:12:12", "elapsed": 7229.457139, "delta": 0.005756}}
{"target": -17.6799628506722, "params": {"gamma": 622.3053231142118, "log10_alpha": -4.821072130310133, "log10_colsample_bytree": -0.6276393651455379, "log10_eta": -0.9571665385580155, "log10_lambda": -3.666646450062482, "log10_min_child_weight": 4.4303703883628005, "log10_subsample": -0.05712109892937567, "max_depth": 8.0, "num_boost_round": 8.0}, "datetime": {"datetime": "2024-01-19 02:12:12", "elapsed": 7229.462875, "delta": 0.005736}}
{"target": -17.681252218151368, "params": {"gamma": 622.3053231142118, "log10_alpha": -4.821072130310133, "log10_colsample_bytree": -0.6276393651455379, "log10_eta": -0.9571665385580155, "log10_lambda": -3.666646450062482, "log10_min_child_weight": 4.4303703883628005, "log10_subsample": -0.05712109892937567, "max_depth": 8.0, "num_boost_round": 9.0}, "datetime": {"datetime": "2024-01-19 02:12:12", "elapsed": 7229.468661, "delta": 0.005786}}
{"target": -17.68213026373435, "params": {"gamma": 622.3053231142118, "log10_alpha": -4.821072130310133, "log10_colsample_bytree": -0.6276393651455379, "log10_eta": -0.9571665385580155, "log10_lambda": -3.666646450062482, "log10_min_child_weight": 4.4303703883628005, "log10_subsample": -0.05712109892937567, "max_depth": 8.0, "num_boost_round": 10.0}, "datetime": {"datetime": "2024-01-19 02:12:12", "elapsed": 7229.474424, "delta": 0.005763}}
{"target": -17.685229277478022, "params": {"gamma": 622.3053231142118, "log10_alpha": -4.821072130310133, "log10_colsample_bytree": -0.6276393651455379, "log10_eta": -0.9571665385580155, "log10_lambda": -3.666646450062482, "log10_min_child_weight": 4.4303703883628005, "log10_subsample": -0.05712109892937567, "max_depth": 8.0, "num_boost_round": 11.0}, "datetime": {"datetime": "2024-01-19 02:12:12", "elapsed": 7229.480354, "delta": 0.00593}}
{"target": -17.685944516810128, "params": {"gamma": 622.3053231142118, "log10_alpha": -4.821072130310133, "log10_colsample_bytree": -0.6276393651455379, "log10_eta": -0.9571665385580155, "log10_lambda": -3.666646450062482, "log10_min_child_weight": 4.4303703883628005, "log10_subsample": -0.05712109892937567, "max_depth": 8.0, "num_boost_round": 12.0}, "datetime": {"datetime": "2024-01-19 02:12:12", "elapsed": 7229.486235, "delta": 0.005881}}
{"target": -17.68543637417733, "params": {"gamma": 622.3053231142118, "log10_alpha": -4.821072130310133, "log10_colsample_bytree": -0.6276393651455379, "log10_eta": -0.9571665385580155, "log10_lambda": -3.666646450062482, "log10_min_child_weight": 4.4303703883628005, "log10_subsample": -0.05712109892937567, "max_depth": 8.0, "num_boost_round": 13.0}, "datetime": {"datetime": "2024-01-19 02:12:12", "elapsed": 7229.492273, "delta": 0.006038}}
{"target": -17.686878970265013, "params": {"gamma": 622.3053231142118, "log10_alpha": -4.821072130310133, "log10_colsample_bytree": -0.6276393651455379, "log10_eta": -0.9571665385580155, "log10_lambda": -3.666646450062482, "log10_min_child_weight": 4.4303703883628005, "log10_subsample": -0.05712109892937567, "max_depth": 8.0, "num_boost_round": 14.0}, "datetime": {"datetime": "2024-01-19 02:12:12", "elapsed": 7229.498289, "delta": 0.006016}}
{"target": -17.686542275181488, "params": {"gamma": 622.3053231142118, "log10_alpha": -4.821072130310133, "log10_colsample_bytree": -0.6276393651455379, "log10_eta": -0.9571665385580155, "log10_lambda": -3.666646450062482, "log10_min_child_weight": 4.4303703883628005, "log10_subsample": -0.05712109892937567, "max_depth": 8.0, "num_boost_round": 15.0}, "datetime": {"datetime": "2024-01-19 02:12:12", "elapsed": 7229.504038, "delta": 0.005749}}
{"target": -17.687973496726652, "params": {"gamma": 622.3053231142118, "log10_alpha": -4.821072130310133, "log10_colsample_bytree": -0.6276393651455379, "log10_eta": -0.9571665385580155, "log10_lambda": -3.666646450062482, "log10_min_child_weight": 4.4303703883628005, "log10_subsample": -0.05712109892937567, "max_depth": 8.0, "num_boost_round": 16.0}, "datetime": {"datetime": "2024-01-19 02:12:12", "elapsed": 7229.510072, "delta": 0.006034}}
{"target": -17.689694539648997, "params": {"gamma": 622.3053231142118, "log10_alpha": -4.821072130310133, "log10_colsample_bytree": -0.6276393651455379, "log10_eta": -0.9571665385580155, "log10_lambda": -3.666646450062482, "log10_min_child_weight": 4.4303703883628005, "log10_subsample": -0.05712109892937567, "max_depth": 8.0, "num_boost_round": 17.0}, "datetime": {"datetime": "2024-01-19 02:12:12", "elapsed": 7229.515872, "delta": 0.0058}}
{"target": -17.68971973962446, "params": {"gamma": 622.3053231142118, "log10_alpha": -4.821072130310133, "log10_colsample_bytree": -0.6276393651455379, "log10_eta": -0.9571665385580155, "log10_lambda": -3.666646450062482, "log10_min_child_weight": 4.4303703883628005, "log10_subsample": -0.05712109892937567, "max_depth": 8.0, "num_boost_round": 18.0}, "datetime": {"datetime": "2024-01-19 02:12:12", "elapsed": 7229.521729, "delta": 0.005857}}
{"target": -17.69017343520704, "params": {"gamma": 622.3053231142118, "log10_alpha": -4.821072130310133, "log10_colsample_bytree": -0.6276393651455379, "log10_eta": -0.9571665385580155, "log10_lambda": -3.666646450062482, "log10_min_child_weight": 4.4303703883628005, "log10_subsample": -0.05712109892937567, "max_depth": 8.0, "num_boost_round": 19.0}, "datetime": {"datetime": "2024-01-19 02:12:12", "elapsed": 7229.527579, "delta": 0.00585}}
{"target": -17.69093375379697, "params": {"gamma": 622.3053231142118, "log10_alpha": -4.821072130310133, "log10_colsample_bytree": -0.6276393651455379, "log10_eta": -0.9571665385580155, "log10_lambda": -3.666646450062482, "log10_min_child_weight": 4.4303703883628005, "log10_subsample": -0.05712109892937567, "max_depth": 8.0, "num_boost_round": 20.0}, "datetime": {"datetime": "2024-01-19 02:12:12", "elapsed": 7229.53343, "delta": 0.005851}}
{"target": -17.69183916106765, "params": {"gamma": 622.3053231142118, "log10_alpha": -4.821072130310133, "log10_colsample_bytree": -0.6276393651455379, "log10_eta": -0.9571665385580155, "log10_lambda": -3.666646450062482, "log10_min_child_weight": 4.4303703883628005, "log10_subsample": -0.05712109892937567, "max_depth": 8.0, "num_boost_round": 21.0}, "datetime": {"datetime": "2024-01-19 02:12:12", "elapsed": 7229.539311, "delta": 0.005881}}
{"target": -17.694314783144343, "params": {"gamma": 622.3053231142118, "log10_alpha": -4.821072130310133, "log10_colsample_bytree": -0.6276393651455379, "log10_eta": -0.9571665385580155, "log10_lambda": -3.666646450062482, "log10_min_child_weight": 4.4303703883628005, "log10_subsample": -0.05712109892937567, "max_depth": 8.0, "num_boost_round": 22.0}, "datetime": {"datetime": "2024-01-19 02:12:12", "elapsed": 7229.545036, "delta": 0.005725}}
{"target": -17.69468931117381, "params": {"gamma": 622.3053231142118, "log10_alpha": -4.821072130310133, "log10_colsample_bytree": -0.6276393651455379, "log10_eta": -0.9571665385580155, "log10_lambda": -3.666646450062482, "log10_min_child_weight": 4.4303703883628005, "log10_subsample": -0.05712109892937567, "max_depth": 8.0, "num_boost_round": 23.0}, "datetime": {"datetime": "2024-01-19 02:12:12", "elapsed": 7229.550937, "delta": 0.005901}}
{"target": -17.697240462919375, "params": {"gamma": 622.3053231142118, "log10_alpha": -4.821072130310133, "log10_colsample_bytree": -0.6276393651455379, "log10_eta": -0.9571665385580155, "log10_lambda": -3.666646450062482, "log10_min_child_weight": 4.4303703883628005, "log10_subsample": -0.05712109892937567, "max_depth": 8.0, "num_boost_round": 24.0}, "datetime": {"datetime": "2024-01-19 02:12:12", "elapsed": 7229.557227, "delta": 0.00629}}
{"target": -17.699956262764513, "params": {"gamma": 622.3053231142118, "log10_alpha": -4.821072130310133, "log10_colsample_bytree": -0.6276393651455379, "log10_eta": -0.9571665385580155, "log10_lambda": -3.666646450062482, "log10_min_child_weight": 4.4303703883628005, "log10_subsample": -0.05712109892937567, "max_depth": 8.0, "num_boost_round": 25.0}, "datetime": {"datetime": "2024-01-19 02:12:12", "elapsed": 7229.563342, "delta": 0.006115}}
{"target": -17.70331596864845, "params": {"gamma": 622.3053231142118, "log10_alpha": -4.821072130310133, "log10_colsample_bytree": -0.6276393651455379, "log10_eta": -0.9571665385580155, "log10_lambda": -3.666646450062482, "log10_min_child_weight": 4.4303703883628005, "log10_subsample": -0.05712109892937567, "max_depth": 8.0, "num_boost_round": 26.0}, "datetime": {"datetime": "2024-01-19 02:12:12", "elapsed": 7229.569655, "delta": 0.006313}}
{"target": -17.705902753509147, "params": {"gamma": 622.3053231142118, "log10_alpha": -4.821072130310133, "log10_colsample_bytree": -0.6276393651455379, "log10_eta": -0.9571665385580155, "log10_lambda": -3.666646450062482, "log10_min_child_weight": 4.4303703883628005, "log10_subsample": -0.05712109892937567, "max_depth": 8.0, "num_boost_round": 27.0}, "datetime": {"datetime": "2024-01-19 02:12:12", "elapsed": 7229.57537, "delta": 0.005715}}
{"target": -17.707321218493718, "params": {"gamma": 622.3053231142118, "log10_alpha": -4.821072130310133, "log10_colsample_bytree": -0.6276393651455379, "log10_eta": -0.9571665385580155, "log10_lambda": -3.666646450062482, "log10_min_child_weight": 4.4303703883628005, "log10_subsample": -0.05712109892937567, "max_depth": 8.0, "num_boost_round": 28.0}, "datetime": {"datetime": "2024-01-19 02:12:12", "elapsed": 7229.581166, "delta": 0.005796}}
{"target": -17.70661747666548, "params": {"gamma": 622.3053231142118, "log10_alpha": -4.821072130310133, "log10_colsample_bytree": -0.6276393651455379, "log10_eta": -0.9571665385580155, "log10_lambda": -3.666646450062482, "log10_min_child_weight": 4.4303703883628005, "log10_subsample": -0.05712109892937567, "max_depth": 8.0, "num_boost_round": 29.0}, "datetime": {"datetime": "2024-01-19 02:12:12", "elapsed": 7229.58708, "delta": 0.005914}}
{"target": -17.705578363337615, "params": {"gamma": 622.3053231142118, "log10_alpha": -4.821072130310133, "log10_colsample_bytree": -0.6276393651455379, "log10_eta": -0.9571665385580155, "log10_lambda": -3.666646450062482, "log10_min_child_weight": 4.4303703883628005, "log10_subsample": -0.05712109892937567, "max_depth": 8.0, "num_boost_round": 30.0}, "datetime": {"datetime": "2024-01-19 02:12:12", "elapsed": 7229.592948, "delta": 0.005868}}
{"target": -17.70622102576585, "params": {"gamma": 622.3053231142118, "log10_alpha": -4.821072130310133, "log10_colsample_bytree": -0.6276393651455379, "log10_eta": -0.9571665385580155, "log10_lambda": -3.666646450062482, "log10_min_child_weight": 4.4303703883628005, "log10_subsample": -0.05712109892937567, "max_depth": 8.0, "num_boost_round": 31.0}, "datetime": {"datetime": "2024-01-19 02:12:12", "elapsed": 7229.598748, "delta": 0.0058}}
{"target": -17.70751338832217, "params": {"gamma": 622.3053231142118, "log10_alpha": -4.821072130310133, "log10_colsample_bytree": -0.6276393651455379, "log10_eta": -0.9571665385580155, "log10_lambda": -3.666646450062482, "log10_min_child_weight": 4.4303703883628005, "log10_subsample": -0.05712109892937567, "max_depth": 8.0, "num_boost_round": 32.0}, "datetime": {"datetime": "2024-01-19 02:12:12", "elapsed": 7229.604516, "delta": 0.005768}}
{"target": -17.7071022435302, "params": {"gamma": 622.3053231142118, "log10_alpha": -4.821072130310133, "log10_colsample_bytree": -0.6276393651455379, "log10_eta": -0.9571665385580155, "log10_lambda": -3.666646450062482, "log10_min_child_weight": 4.4303703883628005, "log10_subsample": -0.05712109892937567, "max_depth": 8.0, "num_boost_round": 33.0}, "datetime": {"datetime": "2024-01-19 02:12:12", "elapsed": 7229.61031, "delta": 0.005794}}
{"target": -17.709510852057594, "params": {"gamma": 622.3053231142118, "log10_alpha": -4.821072130310133, "log10_colsample_bytree": -0.6276393651455379, "log10_eta": -0.9571665385580155, "log10_lambda": -3.666646450062482, "log10_min_child_weight": 4.4303703883628005, "log10_subsample": -0.05712109892937567, "max_depth": 8.0, "num_boost_round": 34.0}, "datetime": {"datetime": "2024-01-19 02:12:12", "elapsed": 7229.616077, "delta": 0.005767}}
{"target": -17.713113930023095, "params": {"gamma": 622.3053231142118, "log10_alpha": -4.821072130310133, "log10_colsample_bytree": -0.6276393651455379, "log10_eta": -0.9571665385580155, "log10_lambda": -3.666646450062482, "log10_min_child_weight": 4.4303703883628005, "log10_subsample": -0.05712109892937567, "max_depth": 8.0, "num_boost_round": 35.0}, "datetime": {"datetime": "2024-01-19 02:12:12", "elapsed": 7229.621903, "delta": 0.005826}}
{"target": -17.71598861936372, "params": {"gamma": 622.3053231142118, "log10_alpha": -4.821072130310133, "log10_colsample_bytree": -0.6276393651455379, "log10_eta": -0.9571665385580155, "log10_lambda": -3.666646450062482, "log10_min_child_weight": 4.4303703883628005, "log10_subsample": -0.05712109892937567, "max_depth": 8.0, "num_boost_round": 36.0}, "datetime": {"datetime": "2024-01-19 02:12:12", "elapsed": 7229.627773, "delta": 0.00587}}
