{"target": -13.758487736651189, "params": {"gamma": 554.5478232473627, "log10_alpha": -3.801585840539812, "log10_colsample_bytree": -0.9470986523763681, "log10_eta": -3.613343525664762, "log10_lambda": -2.732200491323584, "log10_min_child_weight": 1.1908349819213666, "log10_subsample": -0.5619951857566033, "max_depth": 8.0, "num_boost_round": 4.0}, "datetime": {"datetime": "2024-01-19 00:22:44", "elapsed": 617.065618, "delta": 0.001124}}
{"target": -13.75848505741509, "params": {"gamma": 554.5478232473627, "log10_alpha": -3.801585840539812, "log10_colsample_bytree": -0.9470986523763681, "log10_eta": -3.613343525664762, "log10_lambda": -2.732200491323584, "log10_min_child_weight": 1.1908349819213666, "log10_subsample": -0.5619951857566033, "max_depth": 8.0, "num_boost_round": 5.0}, "datetime": {"datetime": "2024-01-19 00:22:44", "elapsed": 617.066745, "delta": 0.001127}}
{"target": -13.758491171007531, "params": {"gamma": 554.5478232473627, "log10_alpha": -3.801585840539812, "log10_colsample_bytree": -0.9470986523763681, "log10_eta": -3.613343525664762, "log10_lambda": -2.732200491323584, "log10_min_child_weight": 1.1908349819213666, "log10_subsample": -0.5619951857566033, "max_depth": 8.0, "num_boost_round": 6.0}, "datetime": {"datetime": "2024-01-19 00:22:44", "elapsed": 617.067922, "delta": 0.001177}}
{"target": -13.758483485690883, "params": {"gamma": 554.5478232473627, "log10_alpha": -3.801585840539812, "log10_colsample_bytree": -0.9470986523763681, "log10_eta": -3.613343525664762, "log10_lambda": -2.732200491323584, "log10_min_child_weight": 1.1908349819213666, "log10_subsample": -0.5619951857566033, "max_depth": 8.0, "num_boost_round": 7.0}, "datetime": {"datetime": "2024-01-19 00:22:44", "elapsed": 617.069061, "delta": 0.001139}}
{"target": -13.758486878538738, "params": {"gamma": 554.5478232473627, "log10_alpha": -3.801585840539812, "log10_colsample_bytree": -0.9470986523763681, "log10_eta": -3.613343525664762, "log10_lambda": -2.732200491323584, "log10_min_child_weight": 1.1908349819213666, "log10_subsample": -0.5619951857566033, "max_depth": 8.0, "num_boost_round": 8.0}, "datetime": {"datetime": "2024-01-19 00:22:44", "elapsed": 617.070515, "delta": 0.001454}}
{"target": -13.758486221456787, "params": {"gamma": 554.5478232473627, "log10_alpha": -3.801585840539812, "log10_colsample_bytree": -0.9470986523763681, "log10_eta": -3.613343525664762, "log10_lambda": -2.732200491323584, "log10_min_child_weight": 1.1908349819213666, "log10_subsample": -0.5619951857566033, "max_depth": 8.0, "num_boost_round": 9.0}, "datetime": {"datetime": "2024-01-19 00:22:44", "elapsed": 617.071682, "delta": 0.001167}}
{"target": -13.758487582614356, "params": {"gamma": 554.5478232473627, "log10_alpha": -3.801585840539812, "log10_colsample_bytree": -0.9470986523763681, "log10_eta": -3.613343525664762, "log10_lambda": -2.732200491323584, "log10_min_child_weight": 1.1908349819213666, "log10_subsample": -0.5619951857566033, "max_depth": 8.0, "num_boost_round": 10.0}, "datetime": {"datetime": "2024-01-19 00:22:44", "elapsed": 617.073018, "delta": 0.001336}}
{"target": -13.758487342266676, "params": {"gamma": 554.5478232473627, "log10_alpha": -3.801585840539812, "log10_colsample_bytree": -0.9470986523763681, "log10_eta": -3.613343525664762, "log10_lambda": -2.732200491323584, "log10_min_child_weight": 1.1908349819213666, "log10_subsample": -0.5619951857566033, "max_depth": 8.0, "num_boost_round": 11.0}, "datetime": {"datetime": "2024-01-19 00:22:44", "elapsed": 617.074164, "delta": 0.001146}}
{"target": -13.758482877275393, "params": {"gamma": 554.5478232473627, "log10_alpha": -3.801585840539812, "log10_colsample_bytree": -0.9470986523763681, "log10_eta": -3.613343525664762, "log10_lambda": -2.732200491323584, "log10_min_child_weight": 1.1908349819213666, "log10_subsample": -0.5619951857566033, "max_depth": 8.0, "num_boost_round": 12.0}, "datetime": {"datetime": "2024-01-19 00:22:44", "elapsed": 617.075303, "delta": 0.001139}}
{"target": -13.758474426129961, "params": {"gamma": 554.5478232473627, "log10_alpha": -3.801585840539812, "log10_colsample_bytree": -0.9470986523763681, "log10_eta": -3.613343525664762, "log10_lambda": -2.732200491323584, "log10_min_child_weight": 1.1908349819213666, "log10_subsample": -0.5619951857566033, "max_depth": 8.0, "num_boost_round": 13.0}, "datetime": {"datetime": "2024-01-19 00:22:44", "elapsed": 617.076435, "delta": 0.001132}}
{"target": -13.758470695370638, "params": {"gamma": 554.5478232473627, "log10_alpha": -3.801585840539812, "log10_colsample_bytree": -0.9470986523763681, "log10_eta": -3.613343525664762, "log10_lambda": -2.732200491323584, "log10_min_child_weight": 1.1908349819213666, "log10_subsample": -0.5619951857566033, "max_depth": 8.0, "num_boost_round": 14.0}, "datetime": {"datetime": "2024-01-19 00:22:44", "elapsed": 617.07757, "delta": 0.001135}}
{"target": -13.758464068671604, "params": {"gamma": 554.5478232473627, "log10_alpha": -3.801585840539812, "log10_colsample_bytree": -0.9470986523763681, "log10_eta": -3.613343525664762, "log10_lambda": -2.732200491323584, "log10_min_child_weight": 1.1908349819213666, "log10_subsample": -0.5619951857566033, "max_depth": 8.0, "num_boost_round": 15.0}, "datetime": {"datetime": "2024-01-19 00:22:44", "elapsed": 617.078713, "delta": 0.001143}}
{"target": -13.758465026127377, "params": {"gamma": 554.5478232473627, "log10_alpha": -3.801585840539812, "log10_colsample_bytree": -0.9470986523763681, "log10_eta": -3.613343525664762, "log10_lambda": -2.732200491323584, "log10_min_child_weight": 1.1908349819213666, "log10_subsample": -0.5619951857566033, "max_depth": 8.0, "num_boost_round": 16.0}, "datetime": {"datetime": "2024-01-19 00:22:44", "elapsed": 617.079852, "delta": 0.001139}}
{"target": -13.758447857502976, "params": {"gamma": 554.5478232473627, "log10_alpha": -3.801585840539812, "log10_colsample_bytree": -0.9470986523763681, "log10_eta": -3.613343525664762, "log10_lambda": -2.732200491323584, "log10_min_child_weight": 1.1908349819213666, "log10_subsample": -0.5619951857566033, "max_depth": 8.0, "num_boost_round": 17.0}, "datetime": {"datetime": "2024-01-19 00:22:44", "elapsed": 617.081, "delta": 0.001148}}
{"target": -13.75844493171927, "params": {"gamma": 554.5478232473627, "log10_alpha": -3.801585840539812, "log10_colsample_bytree": -0.9470986523763681, "log10_eta": -3.613343525664762, "log10_lambda": -2.732200491323584, "log10_min_child_weight": 1.1908349819213666, "log10_subsample": -0.5619951857566033, "max_depth": 8.0, "num_boost_round": 18.0}, "datetime": {"datetime": "2024-01-19 00:22:44", "elapsed": 617.082135, "delta": 0.001135}}
{"target": -13.758435849911471, "params": {"gamma": 554.5478232473627, "log10_alpha": -3.801585840539812, "log10_colsample_bytree": -0.9470986523763681, "log10_eta": -3.613343525664762, "log10_lambda": -2.732200491323584, "log10_min_child_weight": 1.1908349819213666, "log10_subsample": -0.5619951857566033, "max_depth": 8.0, "num_boost_round": 19.0}, "datetime": {"datetime": "2024-01-19 00:22:44", "elapsed": 617.083285, "delta": 0.00115}}
{"target": -13.75842143443388, "params": {"gamma": 554.5478232473627, "log10_alpha": -3.801585840539812, "log10_colsample_bytree": -0.9470986523763681, "log10_eta": -3.613343525664762, "log10_lambda": -2.732200491323584, "log10_min_child_weight": 1.1908349819213666, "log10_subsample": -0.5619951857566033, "max_depth": 8.0, "num_boost_round": 20.0}, "datetime": {"datetime": "2024-01-19 00:22:44", "elapsed": 617.084439, "delta": 0.001154}}
{"target": -13.758400300917314, "params": {"gamma": 554.5478232473627, "log10_alpha": -3.801585840539812, "log10_colsample_bytree": -0.9470986523763681, "log10_eta": -3.613343525664762, "log10_lambda": -2.732200491323584, "log10_min_child_weight": 1.1908349819213666, "log10_subsample": -0.5619951857566033, "max_depth": 8.0, "num_boost_round": 21.0}, "datetime": {"datetime": "2024-01-19 00:22:44", "elapsed": 617.085572, "delta": 0.001133}}
{"target": -13.758393074160944, "params": {"gamma": 554.5478232473627, "log10_alpha": -3.801585840539812, "log10_colsample_bytree": -0.9470986523763681, "log10_eta": -3.613343525664762, "log10_lambda": -2.732200491323584, "log10_min_child_weight": 1.1908349819213666, "log10_subsample": -0.5619951857566033, "max_depth": 8.0, "num_boost_round": 22.0}, "datetime": {"datetime": "2024-01-19 00:22:44", "elapsed": 617.086711, "delta": 0.001139}}
{"target": -13.758385114971356, "params": {"gamma": 554.5478232473627, "log10_alpha": -3.801585840539812, "log10_colsample_bytree": -0.9470986523763681, "log10_eta": -3.613343525664762, "log10_lambda": -2.732200491323584, "log10_min_child_weight": 1.1908349819213666, "log10_subsample": -0.5619951857566033, "max_depth": 8.0, "num_boost_round": 23.0}, "datetime": {"datetime": "2024-01-19 00:22:44", "elapsed": 617.087843, "delta": 0.001132}}
{"target": -13.758383123248874, "params": {"gamma": 554.5478232473627, "log10_alpha": -3.801585840539812, "log10_colsample_bytree": -0.9470986523763681, "log10_eta": -3.613343525664762, "log10_lambda": -2.732200491323584, "log10_min_child_weight": 1.1908349819213666, "log10_subsample": -0.5619951857566033, "max_depth": 8.0, "num_boost_round": 24.0}, "datetime": {"datetime": "2024-01-19 00:22:44", "elapsed": 617.088988, "delta": 0.001145}}
{"target": -13.75837342362405, "params": {"gamma": 554.5478232473627, "log10_alpha": -3.801585840539812, "log10_colsample_bytree": -0.9470986523763681, "log10_eta": -3.613343525664762, "log10_lambda": -2.732200491323584, "log10_min_child_weight": 1.1908349819213666, "log10_subsample": -0.5619951857566033, "max_depth": 8.0, "num_boost_round": 25.0}, "datetime": {"datetime": "2024-01-19 00:22:44", "elapsed": 617.090133, "delta": 0.001145}}
{"target": -13.75837351130205, "params": {"gamma": 554.5478232473627, "log10_alpha": -3.801585840539812, "log10_colsample_bytree": -0.9470986523763681, "log10_eta": -3.613343525664762, "log10_lambda": -2.732200491323584, "log10_min_child_weight": 1.1908349819213666, "log10_subsample": -0.5619951857566033, "max_depth": 8.0, "num_boost_round": 26.0}, "datetime": {"datetime": "2024-01-19 00:22:44", "elapsed": 617.091293, "delta": 0.00116}}
{"target": -13.758374203055963, "params": {"gamma": 554.5478232473627, "log10_alpha": -3.801585840539812, "log10_colsample_bytree": -0.9470986523763681, "log10_eta": -3.613343525664762, "log10_lambda": -2.732200491323584, "log10_min_child_weight": 1.1908349819213666, "log10_subsample": -0.5619951857566033, "max_depth": 8.0, "num_boost_round": 27.0}, "datetime": {"datetime": "2024-01-19 00:22:44", "elapsed": 617.092682, "delta": 0.001389}}
{"target": -13.758363374897343, "params": {"gamma": 554.5478232473627, "log10_alpha": -3.801585840539812, "log10_colsample_bytree": -0.9470986523763681, "log10_eta": -3.613343525664762, "log10_lambda": -2.732200491323584, "log10_min_child_weight": 1.1908349819213666, "log10_subsample": -0.5619951857566033, "max_depth": 8.0, "num_boost_round": 28.0}, "datetime": {"datetime": "2024-01-19 00:22:44", "elapsed": 617.094006, "delta": 0.001324}}
{"target": -13.758334317496178, "params": {"gamma": 554.5478232473627, "log10_alpha": -3.801585840539812, "log10_colsample_bytree": -0.9470986523763681, "log10_eta": -3.613343525664762, "log10_lambda": -2.732200491323584, "log10_min_child_weight": 1.1908349819213666, "log10_subsample": -0.5619951857566033, "max_depth": 8.0, "num_boost_round": 29.0}, "datetime": {"datetime": "2024-01-19 00:22:44", "elapsed": 617.09528, "delta": 0.001274}}
{"target": -13.758338290507941, "params": {"gamma": 554.5478232473627, "log10_alpha": -3.801585840539812, "log10_colsample_bytree": -0.9470986523763681, "log10_eta": -3.613343525664762, "log10_lambda": -2.732200491323584, "log10_min_child_weight": 1.1908349819213666, "log10_subsample": -0.5619951857566033, "max_depth": 8.0, "num_boost_round": 30.0}, "datetime": {"datetime": "2024-01-19 00:22:44", "elapsed": 617.096567, "delta": 0.001287}}
{"target": -13.758329015982897, "params": {"gamma": 554.5478232473627, "log10_alpha": -3.801585840539812, "log10_colsample_bytree": -0.9470986523763681, "log10_eta": -3.613343525664762, "log10_lambda": -2.732200491323584, "log10_min_child_weight": 1.1908349819213666, "log10_subsample": -0.5619951857566033, "max_depth": 8.0, "num_boost_round": 31.0}, "datetime": {"datetime": "2024-01-19 00:22:44", "elapsed": 617.097751, "delta": 0.001184}}
{"target": -13.75832861241298, "params": {"gamma": 554.5478232473627, "log10_alpha": -3.801585840539812, "log10_colsample_bytree": -0.9470986523763681, "log10_eta": -3.613343525664762, "log10_lambda": -2.732200491323584, "log10_min_child_weight": 1.1908349819213666, "log10_subsample": -0.5619951857566033, "max_depth": 8.0, "num_boost_round": 32.0}, "datetime": {"datetime": "2024-01-19 00:22:44", "elapsed": 617.098929, "delta": 0.001178}}
{"target": -13.758317061118502, "params": {"gamma": 554.5478232473627, "log10_alpha": -3.801585840539812, "log10_colsample_bytree": -0.9470986523763681, "log10_eta": -3.613343525664762, "log10_lambda": -2.732200491323584, "log10_min_child_weight": 1.1908349819213666, "log10_subsample": -0.5619951857566033, "max_depth": 8.0, "num_boost_round": 33.0}, "datetime": {"datetime": "2024-01-19 00:22:44", "elapsed": 617.100098, "delta": 0.001169}}
{"target": -13.758304947977653, "params": {"gamma": 554.5478232473627, "log10_alpha": -3.801585840539812, "log10_colsample_bytree": -0.9470986523763681, "log10_eta": -3.613343525664762, "log10_lambda": -2.732200491323584, "log10_min_child_weight": 1.1908349819213666, "log10_subsample": -0.5619951857566033, "max_depth": 8.0, "num_boost_round": 34.0}, "datetime": {"datetime": "2024-01-19 00:22:44", "elapsed": 617.101282, "delta": 0.001184}}
{"target": -13.758293646355304, "params": {"gamma": 554.5478232473627, "log10_alpha": -3.801585840539812, "log10_colsample_bytree": -0.9470986523763681, "log10_eta": -3.613343525664762, "log10_lambda": -2.732200491323584, "log10_min_child_weight": 1.1908349819213666, "log10_subsample": -0.5619951857566033, "max_depth": 8.0, "num_boost_round": 35.0}, "datetime": {"datetime": "2024-01-19 00:22:44", "elapsed": 617.102453, "delta": 0.001171}}
{"target": -13.758295115169734, "params": {"gamma": 554.5478232473627, "log10_alpha": -3.801585840539812, "log10_colsample_bytree": -0.9470986523763681, "log10_eta": -3.613343525664762, "log10_lambda": -2.732200491323584, "log10_min_child_weight": 1.1908349819213666, "log10_subsample": -0.5619951857566033, "max_depth": 8.0, "num_boost_round": 36.0}, "datetime": {"datetime": "2024-01-19 00:22:44", "elapsed": 617.103627, "delta": 0.001174}}
{"target": -13.758283985088017, "params": {"gamma": 554.5478232473627, "log10_alpha": -3.801585840539812, "log10_colsample_bytree": -0.9470986523763681, "log10_eta": -3.613343525664762, "log10_lambda": -2.732200491323584, "log10_min_child_weight": 1.1908349819213666, "log10_subsample": -0.5619951857566033, "max_depth": 8.0, "num_boost_round": 37.0}, "datetime": {"datetime": "2024-01-19 00:22:44", "elapsed": 617.104797, "delta": 0.00117}}
{"target": -13.758540152774247, "params": {"gamma": 547.9887939695491, "log10_alpha": -0.7424915848415328, "log10_colsample_bytree": 0.0, "log10_eta": -4.0, "log10_lambda": -1.317992950541062, "log10_min_child_weight": 0.14987868348670444, "log10_subsample": 0.0, "max_depth": 10.0, "num_boost_round": 0.0}, "datetime": {"datetime": "2024-01-19 00:23:29", "elapsed": 662.227926, "delta": 45.123129}}
{"target": -13.758541988669617, "params": {"gamma": 547.9887939695491, "log10_alpha": -0.7424915848415328, "log10_colsample_bytree": 0.0, "log10_eta": -4.0, "log10_lambda": -1.317992950541062, "log10_min_child_weight": 0.14987868348670444, "log10_subsample": 0.0, "max_depth": 10.0, "num_boost_round": 1.0}, "datetime": {"datetime": "2024-01-19 00:23:29", "elapsed": 662.229604, "delta": 0.001678}}
{"target": -13.758543868517426, "params": {"gamma": 547.9887939695491, "log10_alpha": -0.7424915848415328, "log10_colsample_bytree": 0.0, "log10_eta": -4.0, "log10_lambda": -1.317992950541062, "log10_min_child_weight": 0.14987868348670444, "log10_subsample": 0.0, "max_depth": 10.0, "num_boost_round": 2.0}, "datetime": {"datetime": "2024-01-19 00:23:29", "elapsed": 662.231382, "delta": 0.001778}}
{"target": -13.758545729815426, "params": {"gamma": 547.9887939695491, "log10_alpha": -0.7424915848415328, "log10_colsample_bytree": 0.0, "log10_eta": -4.0, "log10_lambda": -1.317992950541062, "log10_min_child_weight": 0.14987868348670444, "log10_subsample": 0.0, "max_depth": 10.0, "num_boost_round": 3.0}, "datetime": {"datetime": "2024-01-19 00:23:29", "elapsed": 662.232899, "delta": 0.001517}}
{"target": -13.7585476401639, "params": {"gamma": 547.9887939695491, "log10_alpha": -0.7424915848415328, "log10_colsample_bytree": 0.0, "log10_eta": -4.0, "log10_lambda": -1.317992950541062, "log10_min_child_weight": 0.14987868348670444, "log10_subsample": 0.0, "max_depth": 10.0, "num_boost_round": 4.0}, "datetime": {"datetime": "2024-01-19 00:23:29", "elapsed": 662.234109, "delta": 0.00121}}
{"target": -13.758549544904334, "params": {"gamma": 547.9887939695491, "log10_alpha": -0.7424915848415328, "log10_colsample_bytree": 0.0, "log10_eta": -4.0, "log10_lambda": -1.317992950541062, "log10_min_child_weight": 0.14987868348670444, "log10_subsample": 0.0, "max_depth": 10.0, "num_boost_round": 5.0}, "datetime": {"datetime": "2024-01-19 00:23:29", "elapsed": 662.235289, "delta": 0.00118}}
{"target": -13.758551479728993, "params": {"gamma": 547.9887939695491, "log10_alpha": -0.7424915848415328, "log10_colsample_bytree": 0.0, "log10_eta": -4.0, "log10_lambda": -1.317992950541062, "log10_min_child_weight": 0.14987868348670444, "log10_subsample": 0.0, "max_depth": 10.0, "num_boost_round": 6.0}, "datetime": {"datetime": "2024-01-19 00:23:29", "elapsed": 662.236468, "delta": 0.001179}}
{"target": -13.758553414229105, "params": {"gamma": 547.9887939695491, "log10_alpha": -0.7424915848415328, "log10_colsample_bytree": 0.0, "log10_eta": -4.0, "log10_lambda": -1.317992950541062, "log10_min_child_weight": 0.14987868348670444, "log10_subsample": 0.0, "max_depth": 10.0, "num_boost_round": 7.0}, "datetime": {"datetime": "2024-01-19 00:23:29", "elapsed": 662.237692, "delta": 0.001224}}
{"target": -13.758555388669535, "params": {"gamma": 547.9887939695491, "log10_alpha": -0.7424915848415328, "log10_colsample_bytree": 0.0, "log10_eta": -4.0, "log10_lambda": -1.317992950541062, "log10_min_child_weight": 0.14987868348670444, "log10_subsample": 0.0, "max_depth": 10.0, "num_boost_round": 8.0}, "datetime": {"datetime": "2024-01-19 00:23:29", "elapsed": 662.238893, "delta": 0.001201}}
{"target": -13.758557354485232, "params": {"gamma": 547.9887939695491, "log10_alpha": -0.7424915848415328, "log10_colsample_bytree": 0.0, "log10_eta": -4.0, "log10_lambda": -1.317992950541062, "log10_min_child_weight": 0.14987868348670444, "log10_subsample": 0.0, "max_depth": 10.0, "num_boost_round": 9.0}, "datetime": {"datetime": "2024-01-19 00:23:29", "elapsed": 662.240062, "delta": 0.001169}}
{"target": -13.758558994513908, "params": {"gamma": 547.9887939695491, "log10_alpha": -0.7424915848415328, "log10_colsample_bytree": 0.0, "log10_eta": -4.0, "log10_lambda": -1.317992950541062, "log10_min_child_weight": 0.14987868348670444, "log10_subsample": 0.0, "max_depth": 10.0, "num_boost_round": 10.0}, "datetime": {"datetime": "2024-01-19 00:23:29", "elapsed": 662.241237, "delta": 0.001175}}
{"target": -13.758560994711932, "params": {"gamma": 547.9887939695491, "log10_alpha": -0.7424915848415328, "log10_colsample_bytree": 0.0, "log10_eta": -4.0, "log10_lambda": -1.317992950541062, "log10_min_child_weight": 0.14987868348670444, "log10_subsample": 0.0, "max_depth": 10.0, "num_boost_round": 11.0}, "datetime": {"datetime": "2024-01-19 00:23:29", "elapsed": 662.242426, "delta": 0.001189}}
{"target": -13.758561987857355, "params": {"gamma": 547.9887939695491, "log10_alpha": -0.7424915848415328, "log10_colsample_bytree": 0.0, "log10_eta": -4.0, "log10_lambda": -1.317992950541062, "log10_min_child_weight": 0.14987868348670444, "log10_subsample": 0.0, "max_depth": 10.0, "num_boost_round": 12.0}, "datetime": {"datetime": "2024-01-19 00:23:29", "elapsed": 662.243613, "delta": 0.001187}}
{"target": -13.758563993181523, "params": {"gamma": 547.9887939695491, "log10_alpha": -0.7424915848415328, "log10_colsample_bytree": 0.0, "log10_eta": -4.0, "log10_lambda": -1.317992950541062, "log10_min_child_weight": 0.14987868348670444, "log10_subsample": 0.0, "max_depth": 10.0, "num_boost_round": 13.0}, "datetime": {"datetime": "2024-01-19 00:23:29", "elapsed": 662.244787, "delta": 0.001174}}
{"target": -13.758565015300821, "params": {"gamma": 547.9887939695491, "log10_alpha": -0.7424915848415328, "log10_colsample_bytree": 0.0, "log10_eta": -4.0, "log10_lambda": -1.317992950541062, "log10_min_child_weight": 0.14987868348670444, "log10_subsample": 0.0, "max_depth": 10.0, "num_boost_round": 14.0}, "datetime": {"datetime": "2024-01-19 00:23:29", "elapsed": 662.245993, "delta": 0.001206}}
{"target": -13.758567055745518, "params": {"gamma": 547.9887939695491, "log10_alpha": -0.7424915848415328, "log10_colsample_bytree": 0.0, "log10_eta": -4.0, "log10_lambda": -1.317992950541062, "log10_min_child_weight": 0.14987868348670444, "log10_subsample": 0.0, "max_depth": 10.0, "num_boost_round": 15.0}, "datetime": {"datetime": "2024-01-19 00:23:29", "elapsed": 662.247209, "delta": 0.001216}}
{"target": -13.758568124877444, "params": {"gamma": 547.9887939695491, "log10_alpha": -0.7424915848415328, "log10_colsample_bytree": 0.0, "log10_eta": -4.0, "log10_lambda": -1.317992950541062, "log10_min_child_weight": 0.14987868348670444, "log10_subsample": 0.0, "max_depth": 10.0, "num_boost_round": 16.0}, "datetime": {"datetime": "2024-01-19 00:23:29", "elapsed": 662.248467, "delta": 0.001258}}
