{"target": -13.756183483034205, "params": {"gamma": 551.9821357235219, "log10_alpha": -1.6528189462126974, "log10_colsample_bytree": -0.8216371075671417, "log10_eta": -2.33912665171802, "log10_lambda": -0.7470474624752361, "log10_min_child_weight": 2.883765538712547, "log10_subsample": -0.2831064510292013, "max_depth": 9.0, "num_boost_round": 34.0}, "datetime": {"datetime": "2024-01-19 00:33:15", "elapsed": 1248.30289, "delta": 0.001881}}
{"target": -13.755967212774925, "params": {"gamma": 551.9821357235219, "log10_alpha": -1.6528189462126974, "log10_colsample_bytree": -0.8216371075671417, "log10_eta": -2.33912665171802, "log10_lambda": -0.7470474624752361, "log10_min_child_weight": 2.883765538712547, "log10_subsample": -0.2831064510292013, "max_depth": 9.0, "num_boost_round": 35.0}, "datetime": {"datetime": "2024-01-19 00:33:15", "elapsed": 1248.304766, "delta": 0.001876}}
{"target": -13.755945568428544, "params": {"gamma": 551.9821357235219, "log10_alpha": -1.6528189462126974, "log10_colsample_bytree": -0.8216371075671417, "log10_eta": -2.33912665171802, "log10_lambda": -0.7470474624752361, "log10_min_child_weight": 2.883765538712547, "log10_subsample": -0.2831064510292013, "max_depth": 9.0, "num_boost_round": 36.0}, "datetime": {"datetime": "2024-01-19 00:33:15", "elapsed": 1248.306636, "delta": 0.00187}}
{"target": -13.755928008292669, "params": {"gamma": 551.9821357235219, "log10_alpha": -1.6528189462126974, "log10_colsample_bytree": -0.8216371075671417, "log10_eta": -2.33912665171802, "log10_lambda": -0.7470474624752361, "log10_min_child_weight": 2.883765538712547, "log10_subsample": -0.2831064510292013, "max_depth": 9.0, "num_boost_round": 37.0}, "datetime": {"datetime": "2024-01-19 00:33:15", "elapsed": 1248.308527, "delta": 0.001891}}
{"target": -13.755878236677217, "params": {"gamma": 551.9821357235219, "log10_alpha": -1.6528189462126974, "log10_colsample_bytree": -0.8216371075671417, "log10_eta": -2.33912665171802, "log10_lambda": -0.7470474624752361, "log10_min_child_weight": 2.883765538712547, "log10_subsample": -0.2831064510292013, "max_depth": 9.0, "num_boost_round": 38.0}, "datetime": {"datetime": "2024-01-19 00:33:15", "elapsed": 1248.310428, "delta": 0.001901}}
{"target": -13.758535210841133, "params": {"gamma": 572.3039169046845, "log10_alpha": 0.6044927898400481, "log10_colsample_bytree": -0.31128557166905113, "log10_eta": -3.3831962586835425, "log10_lambda": -4.558052517633188, "log10_min_child_weight": 3.626331166867973, "log10_subsample": -0.3509600971155967, "max_depth": 3.0, "num_boost_round": 0.0}, "datetime": {"datetime": "2024-01-19 00:33:40", "elapsed": 1273.35155, "delta": 25.041122}}
{"target": -13.75852767562024, "params": {"gamma": 572.3039169046845, "log10_alpha": 0.6044927898400481, "log10_colsample_bytree": -0.31128557166905113, "log10_eta": -3.3831962586835425, "log10_lambda": -4.558052517633188, "log10_min_child_weight": 3.626331166867973, "log10_subsample": -0.3509600971155967, "max_depth": 3.0, "num_boost_round": 1.0}, "datetime": {"datetime": "2024-01-19 00:33:40", "elapsed": 1273.354122, "delta": 0.002572}}
{"target": -13.758522713943579, "params": {"gamma": 572.3039169046845, "log10_alpha": 0.6044927898400481, "log10_colsample_bytree": -0.31128557166905113, "log10_eta": -3.3831962586835425, "log10_lambda": -4.558052517633188, "log10_min_child_weight": 3.626331166867973, "log10_subsample": -0.3509600971155967, "max_depth": 3.0, "num_boost_round": 2.0}, "datetime": {"datetime": "2024-01-19 00:33:40", "elapsed": 1273.356021, "delta": 0.001899}}
{"target": -13.75852335612578, "params": {"gamma": 572.3039169046845, "log10_alpha": 0.6044927898400481, "log10_colsample_bytree": -0.31128557166905113, "log10_eta": -3.3831962586835425, "log10_lambda": -4.558052517633188, "log10_min_child_weight": 3.626331166867973, "log10_subsample": -0.3509600971155967, "max_depth": 3.0, "num_boost_round": 3.0}, "datetime": {"datetime": "2024-01-19 00:33:40", "elapsed": 1273.357908, "delta": 0.001887}}
{"target": -13.758520826644645, "params": {"gamma": 572.3039169046845, "log10_alpha": 0.6044927898400481, "log10_colsample_bytree": -0.31128557166905113, "log10_eta": -3.3831962586835425, "log10_lambda": -4.558052517633188, "log10_min_child_weight": 3.626331166867973, "log10_subsample": -0.3509600971155967, "max_depth": 3.0, "num_boost_round": 4.0}, "datetime": {"datetime": "2024-01-19 00:33:40", "elapsed": 1273.359847, "delta": 0.001939}}
{"target": -13.75852569014811, "params": {"gamma": 572.3039169046845, "log10_alpha": 0.6044927898400481, "log10_colsample_bytree": -0.31128557166905113, "log10_eta": -3.3831962586835425, "log10_lambda": -4.558052517633188, "log10_min_child_weight": 3.626331166867973, "log10_subsample": -0.3509600971155967, "max_depth": 3.0, "num_boost_round": 5.0}, "datetime": {"datetime": "2024-01-19 00:33:40", "elapsed": 1273.361742, "delta": 0.001895}}
{"target": -13.75852136584396, "params": {"gamma": 572.3039169046845, "log10_alpha": 0.6044927898400481, "log10_colsample_bytree": -0.31128557166905113, "log10_eta": -3.3831962586835425, "log10_lambda": -4.558052517633188, "log10_min_child_weight": 3.626331166867973, "log10_subsample": -0.3509600971155967, "max_depth": 3.0, "num_boost_round": 6.0}, "datetime": {"datetime": "2024-01-19 00:33:40", "elapsed": 1273.363637, "delta": 0.001895}}
{"target": -13.758516836797376, "params": {"gamma": 572.3039169046845, "log10_alpha": 0.6044927898400481, "log10_colsample_bytree": -0.31128557166905113, "log10_eta": -3.3831962586835425, "log10_lambda": -4.558052517633188, "log10_min_child_weight": 3.626331166867973, "log10_subsample": -0.3509600971155967, "max_depth": 3.0, "num_boost_round": 7.0}, "datetime": {"datetime": "2024-01-19 00:33:40", "elapsed": 1273.365545, "delta": 0.001908}}
{"target": -13.758511852372807, "params": {"gamma": 572.3039169046845, "log10_alpha": 0.6044927898400481, "log10_colsample_bytree": -0.31128557166905113, "log10_eta": -3.3831962586835425, "log10_lambda": -4.558052517633188, "log10_min_child_weight": 3.626331166867973, "log10_subsample": -0.3509600971155967, "max_depth": 3.0, "num_boost_round": 8.0}, "datetime": {"datetime": "2024-01-19 00:33:40", "elapsed": 1273.367444, "delta": 0.001899}}
{"target": -13.75851074651045, "params": {"gamma": 572.3039169046845, "log10_alpha": 0.6044927898400481, "log10_colsample_bytree": -0.31128557166905113, "log10_eta": -3.3831962586835425, "log10_lambda": -4.558052517633188, "log10_min_child_weight": 3.626331166867973, "log10_subsample": -0.3509600971155967, "max_depth": 3.0, "num_boost_round": 9.0}, "datetime": {"datetime": "2024-01-19 00:33:40", "elapsed": 1273.369346, "delta": 0.001902}}
{"target": -13.758506105436469, "params": {"gamma": 572.3039169046845, "log10_alpha": 0.6044927898400481, "log10_colsample_bytree": -0.31128557166905113, "log10_eta": -3.3831962586835425, "log10_lambda": -4.558052517633188, "log10_min_child_weight": 3.626331166867973, "log10_subsample": -0.3509600971155967, "max_depth": 3.0, "num_boost_round": 10.0}, "datetime": {"datetime": "2024-01-19 00:33:40", "elapsed": 1273.371244, "delta": 0.001898}}
{"target": -13.758497971772606, "params": {"gamma": 572.3039169046845, "log10_alpha": 0.6044927898400481, "log10_colsample_bytree": -0.31128557166905113, "log10_eta": -3.3831962586835425, "log10_lambda": -4.558052517633188, "log10_min_child_weight": 3.626331166867973, "log10_subsample": -0.3509600971155967, "max_depth": 3.0, "num_boost_round": 11.0}, "datetime": {"datetime": "2024-01-19 00:33:40", "elapsed": 1273.37315, "delta": 0.001906}}
{"target": -13.75849364217417, "params": {"gamma": 572.3039169046845, "log10_alpha": 0.6044927898400481, "log10_colsample_bytree": -0.31128557166905113, "log10_eta": -3.3831962586835425, "log10_lambda": -4.558052517633188, "log10_min_child_weight": 3.626331166867973, "log10_subsample": -0.3509600971155967, "max_depth": 3.0, "num_boost_round": 12.0}, "datetime": {"datetime": "2024-01-19 00:33:40", "elapsed": 1273.375292, "delta": 0.002142}}
{"target": -13.758489259355972, "params": {"gamma": 572.3039169046845, "log10_alpha": 0.6044927898400481, "log10_colsample_bytree": -0.31128557166905113, "log10_eta": -3.3831962586835425, "log10_lambda": -4.558052517633188, "log10_min_child_weight": 3.626331166867973, "log10_subsample": -0.3509600971155967, "max_depth": 3.0, "num_boost_round": 13.0}, "datetime": {"datetime": "2024-01-19 00:33:40", "elapsed": 1273.377168, "delta": 0.001876}}
{"target": -13.758483268235022, "params": {"gamma": 572.3039169046845, "log10_alpha": 0.6044927898400481, "log10_colsample_bytree": -0.31128557166905113, "log10_eta": -3.3831962586835425, "log10_lambda": -4.558052517633188, "log10_min_child_weight": 3.626331166867973, "log10_subsample": -0.3509600971155967, "max_depth": 3.0, "num_boost_round": 14.0}, "datetime": {"datetime": "2024-01-19 00:33:40", "elapsed": 1273.379069, "delta": 0.001901}}
{"target": -13.758475953504197, "params": {"gamma": 572.3039169046845, "log10_alpha": 0.6044927898400481, "log10_colsample_bytree": -0.31128557166905113, "log10_eta": -3.3831962586835425, "log10_lambda": -4.558052517633188, "log10_min_child_weight": 3.626331166867973, "log10_subsample": -0.3509600971155967, "max_depth": 3.0, "num_boost_round": 15.0}, "datetime": {"datetime": "2024-01-19 00:33:40", "elapsed": 1273.381014, "delta": 0.001945}}
{"target": -13.758468305806645, "params": {"gamma": 572.3039169046845, "log10_alpha": 0.6044927898400481, "log10_colsample_bytree": -0.31128557166905113, "log10_eta": -3.3831962586835425, "log10_lambda": -4.558052517633188, "log10_min_child_weight": 3.626331166867973, "log10_subsample": -0.3509600971155967, "max_depth": 3.0, "num_boost_round": 16.0}, "datetime": {"datetime": "2024-01-19 00:33:40", "elapsed": 1273.382889, "delta": 0.001875}}
{"target": -13.758469137951094, "params": {"gamma": 572.3039169046845, "log10_alpha": 0.6044927898400481, "log10_colsample_bytree": -0.31128557166905113, "log10_eta": -3.3831962586835425, "log10_lambda": -4.558052517633188, "log10_min_child_weight": 3.626331166867973, "log10_subsample": -0.3509600971155967, "max_depth": 3.0, "num_boost_round": 17.0}, "datetime": {"datetime": "2024-01-19 00:33:40", "elapsed": 1273.384784, "delta": 0.001895}}
{"target": -13.758467959664973, "params": {"gamma": 572.3039169046845, "log10_alpha": 0.6044927898400481, "log10_colsample_bytree": -0.31128557166905113, "log10_eta": -3.3831962586835425, "log10_lambda": -4.558052517633188, "log10_min_child_weight": 3.626331166867973, "log10_subsample": -0.3509600971155967, "max_depth": 3.0, "num_boost_round": 18.0}, "datetime": {"datetime": "2024-01-19 00:33:40", "elapsed": 1273.386676, "delta": 0.001892}}
{"target": -13.758509005616492, "params": {"gamma": 555.4351493423422, "log10_alpha": -0.14393736488629738, "log10_colsample_bytree": -0.26910080213784116, "log10_eta": -2.9651332908663, "log10_lambda": 0.7964390631727092, "log10_min_child_weight": 0.958950799582885, "log10_subsample": -0.9778009798959736, "max_depth": 2.0, "num_boost_round": 0.0}, "datetime": {"datetime": "2024-01-19 00:34:12", "elapsed": 1305.51375, "delta": 32.127074}}
{"target": -13.758497023714002, "params": {"gamma": 555.4351493423422, "log10_alpha": -0.14393736488629738, "log10_colsample_bytree": -0.26910080213784116, "log10_eta": -2.9651332908663, "log10_lambda": 0.7964390631727092, "log10_min_child_weight": 0.958950799582885, "log10_subsample": -0.9778009798959736, "max_depth": 2.0, "num_boost_round": 1.0}, "datetime": {"datetime": "2024-01-19 00:34:12", "elapsed": 1305.516405, "delta": 0.002655}}
{"target": -13.758481738114117, "params": {"gamma": 555.4351493423422, "log10_alpha": -0.14393736488629738, "log10_colsample_bytree": -0.26910080213784116, "log10_eta": -2.9651332908663, "log10_lambda": 0.7964390631727092, "log10_min_child_weight": 0.958950799582885, "log10_subsample": -0.9778009798959736, "max_depth": 2.0, "num_boost_round": 2.0}, "datetime": {"datetime": "2024-01-19 00:34:12", "elapsed": 1305.518745, "delta": 0.00234}}
{"target": -13.758481536679156, "params": {"gamma": 555.4351493423422, "log10_alpha": -0.14393736488629738, "log10_colsample_bytree": -0.26910080213784116, "log10_eta": -2.9651332908663, "log10_lambda": 0.7964390631727092, "log10_min_child_weight": 0.958950799582885, "log10_subsample": -0.9778009798959736, "max_depth": 2.0, "num_boost_round": 3.0}, "datetime": {"datetime": "2024-01-19 00:34:12", "elapsed": 1305.520725, "delta": 0.00198}}
{"target": -13.758469207212736, "params": {"gamma": 555.4351493423422, "log10_alpha": -0.14393736488629738, "log10_colsample_bytree": -0.26910080213784116, "log10_eta": -2.9651332908663, "log10_lambda": 0.7964390631727092, "log10_min_child_weight": 0.958950799582885, "log10_subsample": -0.9778009798959736, "max_depth": 2.0, "num_boost_round": 4.0}, "datetime": {"datetime": "2024-01-19 00:34:12", "elapsed": 1305.522793, "delta": 0.002068}}
{"target": -13.758456595055009, "params": {"gamma": 555.4351493423422, "log10_alpha": -0.14393736488629738, "log10_colsample_bytree": -0.26910080213784116, "log10_eta": -2.9651332908663, "log10_lambda": 0.7964390631727092, "log10_min_child_weight": 0.958950799582885, "log10_subsample": -0.9778009798959736, "max_depth": 2.0, "num_boost_round": 5.0}, "datetime": {"datetime": "2024-01-19 00:34:12", "elapsed": 1305.524746, "delta": 0.001953}}
{"target": -13.758448460859743, "params": {"gamma": 555.4351493423422, "log10_alpha": -0.14393736488629738, "log10_colsample_bytree": -0.26910080213784116, "log10_eta": -2.9651332908663, "log10_lambda": 0.7964390631727092, "log10_min_child_weight": 0.958950799582885, "log10_subsample": -0.9778009798959736, "max_depth": 2.0, "num_boost_round": 6.0}, "datetime": {"datetime": "2024-01-19 00:34:12", "elapsed": 1305.526706, "delta": 0.00196}}
{"target": -13.758436549133233, "params": {"gamma": 555.4351493423422, "log10_alpha": -0.14393736488629738, "log10_colsample_bytree": -0.26910080213784116, "log10_eta": -2.9651332908663, "log10_lambda": 0.7964390631727092, "log10_min_child_weight": 0.958950799582885, "log10_subsample": -0.9778009798959736, "max_depth": 2.0, "num_boost_round": 7.0}, "datetime": {"datetime": "2024-01-19 00:34:12", "elapsed": 1305.528673, "delta": 0.001967}}
{"target": -13.758432775393626, "params": {"gamma": 555.4351493423422, "log10_alpha": -0.14393736488629738, "log10_colsample_bytree": -0.26910080213784116, "log10_eta": -2.9651332908663, "log10_lambda": 0.7964390631727092, "log10_min_child_weight": 0.958950799582885, "log10_subsample": -0.9778009798959736, "max_depth": 2.0, "num_boost_round": 8.0}, "datetime": {"datetime": "2024-01-19 00:34:12", "elapsed": 1305.530653, "delta": 0.00198}}
{"target": -13.758418116218476, "params": {"gamma": 555.4351493423422, "log10_alpha": -0.14393736488629738, "log10_colsample_bytree": -0.26910080213784116, "log10_eta": -2.9651332908663, "log10_lambda": 0.7964390631727092, "log10_min_child_weight": 0.958950799582885, "log10_subsample": -0.9778009798959736, "max_depth": 2.0, "num_boost_round": 9.0}, "datetime": {"datetime": "2024-01-19 00:34:12", "elapsed": 1305.532614, "delta": 0.001961}}
{"target": -13.758404207178105, "params": {"gamma": 555.4351493423422, "log10_alpha": -0.14393736488629738, "log10_colsample_bytree": -0.26910080213784116, "log10_eta": -2.9651332908663, "log10_lambda": 0.7964390631727092, "log10_min_child_weight": 0.958950799582885, "log10_subsample": -0.9778009798959736, "max_depth": 2.0, "num_boost_round": 10.0}, "datetime": {"datetime": "2024-01-19 00:34:12", "elapsed": 1305.534798, "delta": 0.002184}}
{"target": -13.758389344362113, "params": {"gamma": 555.4351493423422, "log10_alpha": -0.14393736488629738, "log10_colsample_bytree": -0.26910080213784116, "log10_eta": -2.9651332908663, "log10_lambda": 0.7964390631727092, "log10_min_child_weight": 0.958950799582885, "log10_subsample": -0.9778009798959736, "max_depth": 2.0, "num_boost_round": 11.0}, "datetime": {"datetime": "2024-01-19 00:34:12", "elapsed": 1305.536745, "delta": 0.001947}}
{"target": -13.758370065712768, "params": {"gamma": 555.4351493423422, "log10_alpha": -0.14393736488629738, "log10_colsample_bytree": -0.26910080213784116, "log10_eta": -2.9651332908663, "log10_lambda": 0.7964390631727092, "log10_min_child_weight": 0.958950799582885, "log10_subsample": -0.9778009798959736, "max_depth": 2.0, "num_boost_round": 12.0}, "datetime": {"datetime": "2024-01-19 00:34:12", "elapsed": 1305.538715, "delta": 0.00197}}
{"target": -13.758359358838865, "params": {"gamma": 555.4351493423422, "log10_alpha": -0.14393736488629738, "log10_colsample_bytree": -0.26910080213784116, "log10_eta": -2.9651332908663, "log10_lambda": 0.7964390631727092, "log10_min_child_weight": 0.958950799582885, "log10_subsample": -0.9778009798959736, "max_depth": 2.0, "num_boost_round": 13.0}, "datetime": {"datetime": "2024-01-19 00:34:12", "elapsed": 1305.540653, "delta": 0.001938}}
{"target": -13.758351003325929, "params": {"gamma": 555.4351493423422, "log10_alpha": -0.14393736488629738, "log10_colsample_bytree": -0.26910080213784116, "log10_eta": -2.9651332908663, "log10_lambda": 0.7964390631727092, "log10_min_child_weight": 0.958950799582885, "log10_subsample": -0.9778009798959736, "max_depth": 2.0, "num_boost_round": 14.0}, "datetime": {"datetime": "2024-01-19 00:34:12", "elapsed": 1305.542597, "delta": 0.001944}}
{"target": -13.758338763534358, "params": {"gamma": 555.4351493423422, "log10_alpha": -0.14393736488629738, "log10_colsample_bytree": -0.26910080213784116, "log10_eta": -2.9651332908663, "log10_lambda": 0.7964390631727092, "log10_min_child_weight": 0.958950799582885, "log10_subsample": -0.9778009798959736, "max_depth": 2.0, "num_boost_round": 15.0}, "datetime": {"datetime": "2024-01-19 00:34:12", "elapsed": 1305.544539, "delta": 0.001942}}
{"target": -13.75831506279915, "params": {"gamma": 555.4351493423422, "log10_alpha": -0.14393736488629738, "log10_colsample_bytree": -0.26910080213784116, "log10_eta": -2.9651332908663, "log10_lambda": 0.7964390631727092, "log10_min_child_weight": 0.958950799582885, "log10_subsample": -0.9778009798959736, "max_depth": 2.0, "num_boost_round": 16.0}, "datetime": {"datetime": "2024-01-19 00:34:12", "elapsed": 1305.546478, "delta": 0.001939}}
{"target": -13.758314164939375, "params": {"gamma": 555.4351493423422, "log10_alpha": -0.14393736488629738, "log10_colsample_bytree": -0.26910080213784116, "log10_eta": -2.9651332908663, "log10_lambda": 0.7964390631727092, "log10_min_child_weight": 0.958950799582885, "log10_subsample": -0.9778009798959736, "max_depth": 2.0, "num_boost_round": 17.0}, "datetime": {"datetime": "2024-01-19 00:34:12", "elapsed": 1305.548419, "delta": 0.001941}}
{"target": -13.758312587568623, "params": {"gamma": 555.4351493423422, "log10_alpha": -0.14393736488629738, "log10_colsample_bytree": -0.26910080213784116, "log10_eta": -2.9651332908663, "log10_lambda": 0.7964390631727092, "log10_min_child_weight": 0.958950799582885, "log10_subsample": -0.9778009798959736, "max_depth": 2.0, "num_boost_round": 18.0}, "datetime": {"datetime": "2024-01-19 00:34:12", "elapsed": 1305.550339, "delta": 0.00192}}
{"target": -13.758298161232327, "params": {"gamma": 555.4351493423422, "log10_alpha": -0.14393736488629738, "log10_colsample_bytree": -0.26910080213784116, "log10_eta": -2.9651332908663, "log10_lambda": 0.7964390631727092, "log10_min_child_weight": 0.958950799582885, "log10_subsample": -0.9778009798959736, "max_depth": 2.0, "num_boost_round": 19.0}, "datetime": {"datetime": "2024-01-19 00:34:12", "elapsed": 1305.552271, "delta": 0.001932}}
{"target": -13.758280339063825, "params": {"gamma": 555.4351493423422, "log10_alpha": -0.14393736488629738, "log10_colsample_bytree": -0.26910080213784116, "log10_eta": -2.9651332908663, "log10_lambda": 0.7964390631727092, "log10_min_child_weight": 0.958950799582885, "log10_subsample": -0.9778009798959736, "max_depth": 2.0, "num_boost_round": 20.0}, "datetime": {"datetime": "2024-01-19 00:34:12", "elapsed": 1305.554434, "delta": 0.002163}}
{"target": -13.758275998931488, "params": {"gamma": 555.4351493423422, "log10_alpha": -0.14393736488629738, "log10_colsample_bytree": -0.26910080213784116, "log10_eta": -2.9651332908663, "log10_lambda": 0.7964390631727092, "log10_min_child_weight": 0.958950799582885, "log10_subsample": -0.9778009798959736, "max_depth": 2.0, "num_boost_round": 21.0}, "datetime": {"datetime": "2024-01-19 00:34:12", "elapsed": 1305.556407, "delta": 0.001973}}
{"target": -13.758269815660327, "params": {"gamma": 555.4351493423422, "log10_alpha": -0.14393736488629738, "log10_colsample_bytree": -0.26910080213784116, "log10_eta": -2.9651332908663, "log10_lambda": 0.7964390631727092, "log10_min_child_weight": 0.958950799582885, "log10_subsample": -0.9778009798959736, "max_depth": 2.0, "num_boost_round": 22.0}, "datetime": {"datetime": "2024-01-19 00:34:12", "elapsed": 1305.558379, "delta": 0.001972}}
{"target": -13.75825977528556, "params": {"gamma": 555.4351493423422, "log10_alpha": -0.14393736488629738, "log10_colsample_bytree": -0.26910080213784116, "log10_eta": -2.9651332908663, "log10_lambda": 0.7964390631727092, "log10_min_child_weight": 0.958950799582885, "log10_subsample": -0.9778009798959736, "max_depth": 2.0, "num_boost_round": 23.0}, "datetime": {"datetime": "2024-01-19 00:34:12", "elapsed": 1305.560352, "delta": 0.001973}}
{"target": -13.75825222036901, "params": {"gamma": 555.4351493423422, "log10_alpha": -0.14393736488629738, "log10_colsample_bytree": -0.26910080213784116, "log10_eta": -2.9651332908663, "log10_lambda": 0.7964390631727092, "log10_min_child_weight": 0.958950799582885, "log10_subsample": -0.9778009798959736, "max_depth": 2.0, "num_boost_round": 24.0}, "datetime": {"datetime": "2024-01-19 00:34:12", "elapsed": 1305.562354, "delta": 0.002002}}
