{"target": -17.677124835160306, "params": {"gamma": 433.77680686484354, "log10_alpha": -3.1602243242737096, "log10_colsample_bytree": -0.4114291927828698, "log10_eta": -3.6962389292061815, "log10_lambda": -2.9528032886096742, "log10_min_child_weight": 2.092676192282366, "log10_subsample": -0.9234427239805423, "max_depth": 9.0, "num_boost_round": 8.0}, "datetime": {"datetime": "2024-01-19 00:32:57", "elapsed": 1270.196008, "delta": 0.002277}}
{"target": -17.677102568050653, "params": {"gamma": 433.77680686484354, "log10_alpha": -3.1602243242737096, "log10_colsample_bytree": -0.4114291927828698, "log10_eta": -3.6962389292061815, "log10_lambda": -2.9528032886096742, "log10_min_child_weight": 2.092676192282366, "log10_subsample": -0.9234427239805423, "max_depth": 9.0, "num_boost_round": 9.0}, "datetime": {"datetime": "2024-01-19 00:32:57", "elapsed": 1270.19828, "delta": 0.002272}}
{"target": -17.677102942980085, "params": {"gamma": 433.77680686484354, "log10_alpha": -3.1602243242737096, "log10_colsample_bytree": -0.4114291927828698, "log10_eta": -3.6962389292061815, "log10_lambda": -2.9528032886096742, "log10_min_child_weight": 2.092676192282366, "log10_subsample": -0.9234427239805423, "max_depth": 9.0, "num_boost_round": 10.0}, "datetime": {"datetime": "2024-01-19 00:32:57", "elapsed": 1270.200572, "delta": 0.002292}}
{"target": -17.67708385382516, "params": {"gamma": 433.77680686484354, "log10_alpha": -3.1602243242737096, "log10_colsample_bytree": -0.4114291927828698, "log10_eta": -3.6962389292061815, "log10_lambda": -2.9528032886096742, "log10_min_child_weight": 2.092676192282366, "log10_subsample": -0.9234427239805423, "max_depth": 9.0, "num_boost_round": 11.0}, "datetime": {"datetime": "2024-01-19 00:32:57", "elapsed": 1270.202968, "delta": 0.002396}}
{"target": -17.677076868642736, "params": {"gamma": 433.77680686484354, "log10_alpha": -3.1602243242737096, "log10_colsample_bytree": -0.4114291927828698, "log10_eta": -3.6962389292061815, "log10_lambda": -2.9528032886096742, "log10_min_child_weight": 2.092676192282366, "log10_subsample": -0.9234427239805423, "max_depth": 9.0, "num_boost_round": 12.0}, "datetime": {"datetime": "2024-01-19 00:32:57", "elapsed": 1270.205357, "delta": 0.002389}}
{"target": -17.677069910226486, "params": {"gamma": 433.77680686484354, "log10_alpha": -3.1602243242737096, "log10_colsample_bytree": -0.4114291927828698, "log10_eta": -3.6962389292061815, "log10_lambda": -2.9528032886096742, "log10_min_child_weight": 2.092676192282366, "log10_subsample": -0.9234427239805423, "max_depth": 9.0, "num_boost_round": 13.0}, "datetime": {"datetime": "2024-01-19 00:32:57", "elapsed": 1270.207731, "delta": 0.002374}}
{"target": -17.677049975128835, "params": {"gamma": 433.77680686484354, "log10_alpha": -3.1602243242737096, "log10_colsample_bytree": -0.4114291927828698, "log10_eta": -3.6962389292061815, "log10_lambda": -2.9528032886096742, "log10_min_child_weight": 2.092676192282366, "log10_subsample": -0.9234427239805423, "max_depth": 9.0, "num_boost_round": 14.0}, "datetime": {"datetime": "2024-01-19 00:32:57", "elapsed": 1270.21002, "delta": 0.002289}}
{"target": -17.6770356012752, "params": {"gamma": 433.77680686484354, "log10_alpha": -3.1602243242737096, "log10_colsample_bytree": -0.4114291927828698, "log10_eta": -3.6962389292061815, "log10_lambda": -2.9528032886096742, "log10_min_child_weight": 2.092676192282366, "log10_subsample": -0.9234427239805423, "max_depth": 9.0, "num_boost_round": 15.0}, "datetime": {"datetime": "2024-01-19 00:32:57", "elapsed": 1270.212343, "delta": 0.002323}}
{"target": -17.677036479642375, "params": {"gamma": 433.77680686484354, "log10_alpha": -3.1602243242737096, "log10_colsample_bytree": -0.4114291927828698, "log10_eta": -3.6962389292061815, "log10_lambda": -2.9528032886096742, "log10_min_child_weight": 2.092676192282366, "log10_subsample": -0.9234427239805423, "max_depth": 9.0, "num_boost_round": 16.0}, "datetime": {"datetime": "2024-01-19 00:32:57", "elapsed": 1270.214624, "delta": 0.002281}}
{"target": -17.67702077285138, "params": {"gamma": 433.77680686484354, "log10_alpha": -3.1602243242737096, "log10_colsample_bytree": -0.4114291927828698, "log10_eta": -3.6962389292061815, "log10_lambda": -2.9528032886096742, "log10_min_child_weight": 2.092676192282366, "log10_subsample": -0.9234427239805423, "max_depth": 9.0, "num_boost_round": 17.0}, "datetime": {"datetime": "2024-01-19 00:32:57", "elapsed": 1270.216899, "delta": 0.002275}}
{"target": -17.677012818900245, "params": {"gamma": 433.77680686484354, "log10_alpha": -3.1602243242737096, "log10_colsample_bytree": -0.4114291927828698, "log10_eta": -3.6962389292061815, "log10_lambda": -2.9528032886096742, "log10_min_child_weight": 2.092676192282366, "log10_subsample": -0.9234427239805423, "max_depth": 9.0, "num_boost_round": 18.0}, "datetime": {"datetime": "2024-01-19 00:32:57", "elapsed": 1270.219178, "delta": 0.002279}}
{"target": -17.67701004343664, "params": {"gamma": 433.77680686484354, "log10_alpha": -3.1602243242737096, "log10_colsample_bytree": -0.4114291927828698, "log10_eta": -3.6962389292061815, "log10_lambda": -2.9528032886096742, "log10_min_child_weight": 2.092676192282366, "log10_subsample": -0.9234427239805423, "max_depth": 9.0, "num_boost_round": 19.0}, "datetime": {"datetime": "2024-01-19 00:32:57", "elapsed": 1270.221474, "delta": 0.002296}}
{"target": -17.67700094384841, "params": {"gamma": 433.77680686484354, "log10_alpha": -3.1602243242737096, "log10_colsample_bytree": -0.4114291927828698, "log10_eta": -3.6962389292061815, "log10_lambda": -2.9528032886096742, "log10_min_child_weight": 2.092676192282366, "log10_subsample": -0.9234427239805423, "max_depth": 9.0, "num_boost_round": 20.0}, "datetime": {"datetime": "2024-01-19 00:32:57", "elapsed": 1270.223833, "delta": 0.002359}}
{"target": -17.67698483170894, "params": {"gamma": 433.77680686484354, "log10_alpha": -3.1602243242737096, "log10_colsample_bytree": -0.4114291927828698, "log10_eta": -3.6962389292061815, "log10_lambda": -2.9528032886096742, "log10_min_child_weight": 2.092676192282366, "log10_subsample": -0.9234427239805423, "max_depth": 9.0, "num_boost_round": 21.0}, "datetime": {"datetime": "2024-01-19 00:32:57", "elapsed": 1270.22612, "delta": 0.002287}}
{"target": -17.67697113418165, "params": {"gamma": 433.77680686484354, "log10_alpha": -3.1602243242737096, "log10_colsample_bytree": -0.4114291927828698, "log10_eta": -3.6962389292061815, "log10_lambda": -2.9528032886096742, "log10_min_child_weight": 2.092676192282366, "log10_subsample": -0.9234427239805423, "max_depth": 9.0, "num_boost_round": 22.0}, "datetime": {"datetime": "2024-01-19 00:32:57", "elapsed": 1270.228653, "delta": 0.002533}}
{"target": -17.676958548201682, "params": {"gamma": 433.77680686484354, "log10_alpha": -3.1602243242737096, "log10_colsample_bytree": -0.4114291927828698, "log10_eta": -3.6962389292061815, "log10_lambda": -2.9528032886096742, "log10_min_child_weight": 2.092676192282366, "log10_subsample": -0.9234427239805423, "max_depth": 9.0, "num_boost_round": 23.0}, "datetime": {"datetime": "2024-01-19 00:32:57", "elapsed": 1270.231033, "delta": 0.00238}}
{"target": -17.676950851617878, "params": {"gamma": 433.77680686484354, "log10_alpha": -3.1602243242737096, "log10_colsample_bytree": -0.4114291927828698, "log10_eta": -3.6962389292061815, "log10_lambda": -2.9528032886096742, "log10_min_child_weight": 2.092676192282366, "log10_subsample": -0.9234427239805423, "max_depth": 9.0, "num_boost_round": 24.0}, "datetime": {"datetime": "2024-01-19 00:32:57", "elapsed": 1270.233445, "delta": 0.002412}}
{"target": -17.67694295679329, "params": {"gamma": 433.77680686484354, "log10_alpha": -3.1602243242737096, "log10_colsample_bytree": -0.4114291927828698, "log10_eta": -3.6962389292061815, "log10_lambda": -2.9528032886096742, "log10_min_child_weight": 2.092676192282366, "log10_subsample": -0.9234427239805423, "max_depth": 9.0, "num_boost_round": 25.0}, "datetime": {"datetime": "2024-01-19 00:32:57", "elapsed": 1270.235756, "delta": 0.002311}}
{"target": -17.676942477863225, "params": {"gamma": 433.77680686484354, "log10_alpha": -3.1602243242737096, "log10_colsample_bytree": -0.4114291927828698, "log10_eta": -3.6962389292061815, "log10_lambda": -2.9528032886096742, "log10_min_child_weight": 2.092676192282366, "log10_subsample": -0.9234427239805423, "max_depth": 9.0, "num_boost_round": 26.0}, "datetime": {"datetime": "2024-01-19 00:32:57", "elapsed": 1270.23808, "delta": 0.002324}}
{"target": -17.676938867063008, "params": {"gamma": 433.77680686484354, "log10_alpha": -3.1602243242737096, "log10_colsample_bytree": -0.4114291927828698, "log10_eta": -3.6962389292061815, "log10_lambda": -2.9528032886096742, "log10_min_child_weight": 2.092676192282366, "log10_subsample": -0.9234427239805423, "max_depth": 9.0, "num_boost_round": 27.0}, "datetime": {"datetime": "2024-01-19 00:32:57", "elapsed": 1270.240383, "delta": 0.002303}}
{"target": -17.676928647222542, "params": {"gamma": 433.77680686484354, "log10_alpha": -3.1602243242737096, "log10_colsample_bytree": -0.4114291927828698, "log10_eta": -3.6962389292061815, "log10_lambda": -2.9528032886096742, "log10_min_child_weight": 2.092676192282366, "log10_subsample": -0.9234427239805423, "max_depth": 9.0, "num_boost_round": 28.0}, "datetime": {"datetime": "2024-01-19 00:32:57", "elapsed": 1270.242763, "delta": 0.00238}}
{"target": -17.67692198012926, "params": {"gamma": 433.77680686484354, "log10_alpha": -3.1602243242737096, "log10_colsample_bytree": -0.4114291927828698, "log10_eta": -3.6962389292061815, "log10_lambda": -2.9528032886096742, "log10_min_child_weight": 2.092676192282366, "log10_subsample": -0.9234427239805423, "max_depth": 9.0, "num_boost_round": 29.0}, "datetime": {"datetime": "2024-01-19 00:32:57", "elapsed": 1270.245141, "delta": 0.002378}}
{"target": -17.676928170564693, "params": {"gamma": 433.77680686484354, "log10_alpha": -3.1602243242737096, "log10_colsample_bytree": -0.4114291927828698, "log10_eta": -3.6962389292061815, "log10_lambda": -2.9528032886096742, "log10_min_child_weight": 2.092676192282366, "log10_subsample": -0.9234427239805423, "max_depth": 9.0, "num_boost_round": 30.0}, "datetime": {"datetime": "2024-01-19 00:32:57", "elapsed": 1270.247492, "delta": 0.002351}}
{"target": -17.676910001813926, "params": {"gamma": 433.77680686484354, "log10_alpha": -3.1602243242737096, "log10_colsample_bytree": -0.4114291927828698, "log10_eta": -3.6962389292061815, "log10_lambda": -2.9528032886096742, "log10_min_child_weight": 2.092676192282366, "log10_subsample": -0.9234427239805423, "max_depth": 9.0, "num_boost_round": 31.0}, "datetime": {"datetime": "2024-01-19 00:32:57", "elapsed": 1270.249857, "delta": 0.002365}}
{"target": -17.676910218768153, "params": {"gamma": 433.77680686484354, "log10_alpha": -3.1602243242737096, "log10_colsample_bytree": -0.4114291927828698, "log10_eta": -3.6962389292061815, "log10_lambda": -2.9528032886096742, "log10_min_child_weight": 2.092676192282366, "log10_subsample": -0.9234427239805423, "max_depth": 9.0, "num_boost_round": 32.0}, "datetime": {"datetime": "2024-01-19 00:32:57", "elapsed": 1270.252201, "delta": 0.002344}}
{"target": -17.676891473307222, "params": {"gamma": 433.77680686484354, "log10_alpha": -3.1602243242737096, "log10_colsample_bytree": -0.4114291927828698, "log10_eta": -3.6962389292061815, "log10_lambda": -2.9528032886096742, "log10_min_child_weight": 2.092676192282366, "log10_subsample": -0.9234427239805423, "max_depth": 9.0, "num_boost_round": 33.0}, "datetime": {"datetime": "2024-01-19 00:32:57", "elapsed": 1270.254528, "delta": 0.002327}}
{"target": -17.676884777145155, "params": {"gamma": 433.77680686484354, "log10_alpha": -3.1602243242737096, "log10_colsample_bytree": -0.4114291927828698, "log10_eta": -3.6962389292061815, "log10_lambda": -2.9528032886096742, "log10_min_child_weight": 2.092676192282366, "log10_subsample": -0.9234427239805423, "max_depth": 9.0, "num_boost_round": 34.0}, "datetime": {"datetime": "2024-01-19 00:32:57", "elapsed": 1270.256877, "delta": 0.002349}}
{"target": -17.676871476668488, "params": {"gamma": 433.77680686484354, "log10_alpha": -3.1602243242737096, "log10_colsample_bytree": -0.4114291927828698, "log10_eta": -3.6962389292061815, "log10_lambda": -2.9528032886096742, "log10_min_child_weight": 2.092676192282366, "log10_subsample": -0.9234427239805423, "max_depth": 9.0, "num_boost_round": 35.0}, "datetime": {"datetime": "2024-01-19 00:32:57", "elapsed": 1270.259219, "delta": 0.002342}}
{"target": -17.67687496231754, "params": {"gamma": 433.77680686484354, "log10_alpha": -3.1602243242737096, "log10_colsample_bytree": -0.4114291927828698, "log10_eta": -3.6962389292061815, "log10_lambda": -2.9528032886096742, "log10_min_child_weight": 2.092676192282366, "log10_subsample": -0.9234427239805423, "max_depth": 9.0, "num_boost_round": 36.0}, "datetime": {"datetime": "2024-01-19 00:32:57", "elapsed": 1270.261552, "delta": 0.002333}}
{"target": -17.677224829926626, "params": {"gamma": 418.32118974542834, "log10_alpha": -5.0, "log10_colsample_bytree": -1.0, "log10_eta": -4.0, "log10_lambda": -2.4349097188206805, "log10_min_child_weight": 0.0, "log10_subsample": -1.0, "max_depth": 7.0, "num_boost_round": 0.0}, "datetime": {"datetime": "2024-01-19 00:33:30", "elapsed": 1303.388844, "delta": 33.127292}}
{"target": -17.677219524191877, "params": {"gamma": 418.32118974542834, "log10_alpha": -5.0, "log10_colsample_bytree": -1.0, "log10_eta": -4.0, "log10_lambda": -2.4349097188206805, "log10_min_child_weight": 0.0, "log10_subsample": -1.0, "max_depth": 7.0, "num_boost_round": 1.0}, "datetime": {"datetime": "2024-01-19 00:33:30", "elapsed": 1303.391607, "delta": 0.002763}}
{"target": -17.677220161641532, "params": {"gamma": 418.32118974542834, "log10_alpha": -5.0, "log10_colsample_bytree": -1.0, "log10_eta": -4.0, "log10_lambda": -2.4349097188206805, "log10_min_child_weight": 0.0, "log10_subsample": -1.0, "max_depth": 7.0, "num_boost_round": 2.0}, "datetime": {"datetime": "2024-01-19 00:33:30", "elapsed": 1303.394555, "delta": 0.002948}}
{"target": -17.677217920858457, "params": {"gamma": 418.32118974542834, "log10_alpha": -5.0, "log10_colsample_bytree": -1.0, "log10_eta": -4.0, "log10_lambda": -2.4349097188206805, "log10_min_child_weight": 0.0, "log10_subsample": -1.0, "max_depth": 7.0, "num_boost_round": 3.0}, "datetime": {"datetime": "2024-01-19 00:33:30", "elapsed": 1303.396881, "delta": 0.002326}}
{"target": -17.677213506745368, "params": {"gamma": 418.32118974542834, "log10_alpha": -5.0, "log10_colsample_bytree": -1.0, "log10_eta": -4.0, "log10_lambda": -2.4349097188206805, "log10_min_child_weight": 0.0, "log10_subsample": -1.0, "max_depth": 7.0, "num_boost_round": 4.0}, "datetime": {"datetime": "2024-01-19 00:33:30", "elapsed": 1303.399246, "delta": 0.002365}}
{"target": -17.67720988074367, "params": {"gamma": 418.32118974542834, "log10_alpha": -5.0, "log10_colsample_bytree": -1.0, "log10_eta": -4.0, "log10_lambda": -2.4349097188206805, "log10_min_child_weight": 0.0, "log10_subsample": -1.0, "max_depth": 7.0, "num_boost_round": 5.0}, "datetime": {"datetime": "2024-01-19 00:33:30", "elapsed": 1303.401724, "delta": 0.002478}}
{"target": -17.677215742574212, "params": {"gamma": 418.32118974542834, "log10_alpha": -5.0, "log10_colsample_bytree": -1.0, "log10_eta": -4.0, "log10_lambda": -2.4349097188206805, "log10_min_child_weight": 0.0, "log10_subsample": -1.0, "max_depth": 7.0, "num_boost_round": 6.0}, "datetime": {"datetime": "2024-01-19 00:33:30", "elapsed": 1303.404181, "delta": 0.002457}}
{"target": -17.67720972066242, "params": {"gamma": 418.32118974542834, "log10_alpha": -5.0, "log10_colsample_bytree": -1.0, "log10_eta": -4.0, "log10_lambda": -2.4349097188206805, "log10_min_child_weight": 0.0, "log10_subsample": -1.0, "max_depth": 7.0, "num_boost_round": 7.0}, "datetime": {"datetime": "2024-01-19 00:33:30", "elapsed": 1303.406586, "delta": 0.002405}}
{"target": -17.677209488613897, "params": {"gamma": 418.32118974542834, "log10_alpha": -5.0, "log10_colsample_bytree": -1.0, "log10_eta": -4.0, "log10_lambda": -2.4349097188206805, "log10_min_child_weight": 0.0, "log10_subsample": -1.0, "max_depth": 7.0, "num_boost_round": 8.0}, "datetime": {"datetime": "2024-01-19 00:33:30", "elapsed": 1303.499764, "delta": 0.093178}}
{"target": -17.677212277151742, "params": {"gamma": 418.32118974542834, "log10_alpha": -5.0, "log10_colsample_bytree": -1.0, "log10_eta": -4.0, "log10_lambda": -2.4349097188206805, "log10_min_child_weight": 0.0, "log10_subsample": -1.0, "max_depth": 7.0, "num_boost_round": 9.0}, "datetime": {"datetime": "2024-01-19 00:33:30", "elapsed": 1303.502582, "delta": 0.002818}}
{"target": -17.677209299350107, "params": {"gamma": 418.32118974542834, "log10_alpha": -5.0, "log10_colsample_bytree": -1.0, "log10_eta": -4.0, "log10_lambda": -2.4349097188206805, "log10_min_child_weight": 0.0, "log10_subsample": -1.0, "max_depth": 7.0, "num_boost_round": 10.0}, "datetime": {"datetime": "2024-01-19 00:33:30", "elapsed": 1303.505094, "delta": 0.002512}}
{"target": -17.677207915719414, "params": {"gamma": 418.32118974542834, "log10_alpha": -5.0, "log10_colsample_bytree": -1.0, "log10_eta": -4.0, "log10_lambda": -2.4349097188206805, "log10_min_child_weight": 0.0, "log10_subsample": -1.0, "max_depth": 7.0, "num_boost_round": 11.0}, "datetime": {"datetime": "2024-01-19 00:33:30", "elapsed": 1303.507574, "delta": 0.00248}}
{"target": -17.677201991691547, "params": {"gamma": 418.32118974542834, "log10_alpha": -5.0, "log10_colsample_bytree": -1.0, "log10_eta": -4.0, "log10_lambda": -2.4349097188206805, "log10_min_child_weight": 0.0, "log10_subsample": -1.0, "max_depth": 7.0, "num_boost_round": 12.0}, "datetime": {"datetime": "2024-01-19 00:33:30", "elapsed": 1303.50991, "delta": 0.002336}}
{"target": -17.677199175994204, "params": {"gamma": 418.32118974542834, "log10_alpha": -5.0, "log10_colsample_bytree": -1.0, "log10_eta": -4.0, "log10_lambda": -2.4349097188206805, "log10_min_child_weight": 0.0, "log10_subsample": -1.0, "max_depth": 7.0, "num_boost_round": 13.0}, "datetime": {"datetime": "2024-01-19 00:33:30", "elapsed": 1303.512321, "delta": 0.002411}}
{"target": -17.677192716262955, "params": {"gamma": 418.32118974542834, "log10_alpha": -5.0, "log10_colsample_bytree": -1.0, "log10_eta": -4.0, "log10_lambda": -2.4349097188206805, "log10_min_child_weight": 0.0, "log10_subsample": -1.0, "max_depth": 7.0, "num_boost_round": 14.0}, "datetime": {"datetime": "2024-01-19 00:33:30", "elapsed": 1303.514693, "delta": 0.002372}}
{"target": -17.67719022058256, "params": {"gamma": 418.32118974542834, "log10_alpha": -5.0, "log10_colsample_bytree": -1.0, "log10_eta": -4.0, "log10_lambda": -2.4349097188206805, "log10_min_child_weight": 0.0, "log10_subsample": -1.0, "max_depth": 7.0, "num_boost_round": 15.0}, "datetime": {"datetime": "2024-01-19 00:33:30", "elapsed": 1303.517017, "delta": 0.002324}}
{"target": -17.677189019382066, "params": {"gamma": 418.32118974542834, "log10_alpha": -5.0, "log10_colsample_bytree": -1.0, "log10_eta": -4.0, "log10_lambda": -2.4349097188206805, "log10_min_child_weight": 0.0, "log10_subsample": -1.0, "max_depth": 7.0, "num_boost_round": 16.0}, "datetime": {"datetime": "2024-01-19 00:33:30", "elapsed": 1303.519351, "delta": 0.002334}}
{"target": -17.677184698874164, "params": {"gamma": 418.32118974542834, "log10_alpha": -5.0, "log10_colsample_bytree": -1.0, "log10_eta": -4.0, "log10_lambda": -2.4349097188206805, "log10_min_child_weight": 0.0, "log10_subsample": -1.0, "max_depth": 7.0, "num_boost_round": 17.0}, "datetime": {"datetime": "2024-01-19 00:33:30", "elapsed": 1303.521733, "delta": 0.002382}}
{"target": -17.677182162925348, "params": {"gamma": 418.32118974542834, "log10_alpha": -5.0, "log10_colsample_bytree": -1.0, "log10_eta": -4.0, "log10_lambda": -2.4349097188206805, "log10_min_child_weight": 0.0, "log10_subsample": -1.0, "max_depth": 7.0, "num_boost_round": 18.0}, "datetime": {"datetime": "2024-01-19 00:33:30", "elapsed": 1303.524133, "delta": 0.0024}}
{"target": -17.67717709868605, "params": {"gamma": 418.32118974542834, "log10_alpha": -5.0, "log10_colsample_bytree": -1.0, "log10_eta": -4.0, "log10_lambda": -2.4349097188206805, "log10_min_child_weight": 0.0, "log10_subsample": -1.0, "max_depth": 7.0, "num_boost_round": 19.0}, "datetime": {"datetime": "2024-01-19 00:33:30", "elapsed": 1303.526462, "delta": 0.002329}}
{"target": -17.67717697540833, "params": {"gamma": 418.32118974542834, "log10_alpha": -5.0, "log10_colsample_bytree": -1.0, "log10_eta": -4.0, "log10_lambda": -2.4349097188206805, "log10_min_child_weight": 0.0, "log10_subsample": -1.0, "max_depth": 7.0, "num_boost_round": 20.0}, "datetime": {"datetime": "2024-01-19 00:33:30", "elapsed": 1303.528906, "delta": 0.002444}}
{"target": -17.677176731658918, "params": {"gamma": 418.32118974542834, "log10_alpha": -5.0, "log10_colsample_bytree": -1.0, "log10_eta": -4.0, "log10_lambda": -2.4349097188206805, "log10_min_child_weight": 0.0, "log10_subsample": -1.0, "max_depth": 7.0, "num_boost_round": 21.0}, "datetime": {"datetime": "2024-01-19 00:33:30", "elapsed": 1303.531307, "delta": 0.002401}}
{"target": -17.67717248533347, "params": {"gamma": 418.32118974542834, "log10_alpha": -5.0, "log10_colsample_bytree": -1.0, "log10_eta": -4.0, "log10_lambda": -2.4349097188206805, "log10_min_child_weight": 0.0, "log10_subsample": -1.0, "max_depth": 7.0, "num_boost_round": 22.0}, "datetime": {"datetime": "2024-01-19 00:33:30", "elapsed": 1303.533642, "delta": 0.002335}}
{"target": -17.677180442165984, "params": {"gamma": 418.32118974542834, "log10_alpha": -5.0, "log10_colsample_bytree": -1.0, "log10_eta": -4.0, "log10_lambda": -2.4349097188206805, "log10_min_child_weight": 0.0, "log10_subsample": -1.0, "max_depth": 7.0, "num_boost_round": 23.0}, "datetime": {"datetime": "2024-01-19 00:33:30", "elapsed": 1303.536007, "delta": 0.002365}}
