{"target": -13.758514917327467, "params": {"gamma": 870.4485451113903, "log10_alpha": 0.009451801186017406, "log10_colsample_bytree": -0.45772609965893685, "log10_eta": -3.8806272326359736, "log10_lambda": 0.41372655436503436, "log10_min_child_weight": 0.09744070889318723, "log10_subsample": -0.7225742410736484, "max_depth": 8.0, "num_boost_round": 8.0}, "datetime": {"datetime": "2024-01-19 00:51:26", "elapsed": 2406.465521, "delta": 0.00241}}
{"target": -13.758512800148418, "params": {"gamma": 870.4485451113903, "log10_alpha": 0.009451801186017406, "log10_colsample_bytree": -0.45772609965893685, "log10_eta": -3.8806272326359736, "log10_lambda": 0.41372655436503436, "log10_min_child_weight": 0.09744070889318723, "log10_subsample": -0.7225742410736484, "max_depth": 8.0, "num_boost_round": 9.0}, "datetime": {"datetime": "2024-01-19 00:51:26", "elapsed": 2406.468001, "delta": 0.00248}}
{"target": -13.758504580969385, "params": {"gamma": 870.4485451113903, "log10_alpha": 0.009451801186017406, "log10_colsample_bytree": -0.45772609965893685, "log10_eta": -3.8806272326359736, "log10_lambda": 0.41372655436503436, "log10_min_child_weight": 0.09744070889318723, "log10_subsample": -0.7225742410736484, "max_depth": 8.0, "num_boost_round": 10.0}, "datetime": {"datetime": "2024-01-19 00:51:26", "elapsed": 2406.47047, "delta": 0.002469}}
{"target": -13.758499993888675, "params": {"gamma": 870.4485451113903, "log10_alpha": 0.009451801186017406, "log10_colsample_bytree": -0.45772609965893685, "log10_eta": -3.8806272326359736, "log10_lambda": 0.41372655436503436, "log10_min_child_weight": 0.09744070889318723, "log10_subsample": -0.7225742410736484, "max_depth": 8.0, "num_boost_round": 11.0}, "datetime": {"datetime": "2024-01-19 00:51:26", "elapsed": 2406.472905, "delta": 0.002435}}
{"target": -13.758499470219158, "params": {"gamma": 870.4485451113903, "log10_alpha": 0.009451801186017406, "log10_colsample_bytree": -0.45772609965893685, "log10_eta": -3.8806272326359736, "log10_lambda": 0.41372655436503436, "log10_min_child_weight": 0.09744070889318723, "log10_subsample": -0.7225742410736484, "max_depth": 8.0, "num_boost_round": 12.0}, "datetime": {"datetime": "2024-01-19 00:51:26", "elapsed": 2406.475546, "delta": 0.002641}}
{"target": -13.758492175735242, "params": {"gamma": 870.4485451113903, "log10_alpha": 0.009451801186017406, "log10_colsample_bytree": -0.45772609965893685, "log10_eta": -3.8806272326359736, "log10_lambda": 0.41372655436503436, "log10_min_child_weight": 0.09744070889318723, "log10_subsample": -0.7225742410736484, "max_depth": 8.0, "num_boost_round": 13.0}, "datetime": {"datetime": "2024-01-19 00:51:26", "elapsed": 2406.478042, "delta": 0.002496}}
{"target": -13.783442839231737, "params": {"gamma": 837.0714425805584, "log10_alpha": 0.9821623973090521, "log10_colsample_bytree": -0.293237194598446, "log10_eta": -0.42047669383124875, "log10_lambda": -1.910317547704473, "log10_min_child_weight": 1.6020943198994575, "log10_subsample": -0.2451918520429177, "max_depth": 5.0, "num_boost_round": 0.0}, "datetime": {"datetime": "2024-01-19 00:51:56", "elapsed": 2436.872243, "delta": 30.394201}}
{"target": -13.804743568350636, "params": {"gamma": 837.0714425805584, "log10_alpha": 0.9821623973090521, "log10_colsample_bytree": -0.293237194598446, "log10_eta": -0.42047669383124875, "log10_lambda": -1.910317547704473, "log10_min_child_weight": 1.6020943198994575, "log10_subsample": -0.2451918520429177, "max_depth": 5.0, "num_boost_round": 1.0}, "datetime": {"datetime": "2024-01-19 00:51:56", "elapsed": 2436.879909, "delta": 0.007666}}
{"target": -13.831637839828105, "params": {"gamma": 837.0714425805584, "log10_alpha": 0.9821623973090521, "log10_colsample_bytree": -0.293237194598446, "log10_eta": -0.42047669383124875, "log10_lambda": -1.910317547704473, "log10_min_child_weight": 1.6020943198994575, "log10_subsample": -0.2451918520429177, "max_depth": 5.0, "num_boost_round": 2.0}, "datetime": {"datetime": "2024-01-19 00:51:56", "elapsed": 2436.88257, "delta": 0.002661}}
{"target": -13.84462499587337, "params": {"gamma": 837.0714425805584, "log10_alpha": 0.9821623973090521, "log10_colsample_bytree": -0.293237194598446, "log10_eta": -0.42047669383124875, "log10_lambda": -1.910317547704473, "log10_min_child_weight": 1.6020943198994575, "log10_subsample": -0.2451918520429177, "max_depth": 5.0, "num_boost_round": 3.0}, "datetime": {"datetime": "2024-01-19 00:51:56", "elapsed": 2436.885111, "delta": 0.002541}}
{"target": -13.86268933297994, "params": {"gamma": 837.0714425805584, "log10_alpha": 0.9821623973090521, "log10_colsample_bytree": -0.293237194598446, "log10_eta": -0.42047669383124875, "log10_lambda": -1.910317547704473, "log10_min_child_weight": 1.6020943198994575, "log10_subsample": -0.2451918520429177, "max_depth": 5.0, "num_boost_round": 4.0}, "datetime": {"datetime": "2024-01-19 00:51:56", "elapsed": 2436.887699, "delta": 0.002588}}
{"target": -13.879263044094785, "params": {"gamma": 837.0714425805584, "log10_alpha": 0.9821623973090521, "log10_colsample_bytree": -0.293237194598446, "log10_eta": -0.42047669383124875, "log10_lambda": -1.910317547704473, "log10_min_child_weight": 1.6020943198994575, "log10_subsample": -0.2451918520429177, "max_depth": 5.0, "num_boost_round": 5.0}, "datetime": {"datetime": "2024-01-19 00:51:56", "elapsed": 2436.890256, "delta": 0.002557}}
{"target": -13.900259557253644, "params": {"gamma": 837.0714425805584, "log10_alpha": 0.9821623973090521, "log10_colsample_bytree": -0.293237194598446, "log10_eta": -0.42047669383124875, "log10_lambda": -1.910317547704473, "log10_min_child_weight": 1.6020943198994575, "log10_subsample": -0.2451918520429177, "max_depth": 5.0, "num_boost_round": 6.0}, "datetime": {"datetime": "2024-01-19 00:51:56", "elapsed": 2436.892814, "delta": 0.002558}}
{"target": -13.94013184252553, "params": {"gamma": 837.0714425805584, "log10_alpha": 0.9821623973090521, "log10_colsample_bytree": -0.293237194598446, "log10_eta": -0.42047669383124875, "log10_lambda": -1.910317547704473, "log10_min_child_weight": 1.6020943198994575, "log10_subsample": -0.2451918520429177, "max_depth": 5.0, "num_boost_round": 7.0}, "datetime": {"datetime": "2024-01-19 00:51:56", "elapsed": 2436.895876, "delta": 0.003062}}
{"target": -13.97633411658728, "params": {"gamma": 837.0714425805584, "log10_alpha": 0.9821623973090521, "log10_colsample_bytree": -0.293237194598446, "log10_eta": -0.42047669383124875, "log10_lambda": -1.910317547704473, "log10_min_child_weight": 1.6020943198994575, "log10_subsample": -0.2451918520429177, "max_depth": 5.0, "num_boost_round": 8.0}, "datetime": {"datetime": "2024-01-19 00:51:56", "elapsed": 2436.8986, "delta": 0.002724}}
{"target": -13.991980433569735, "params": {"gamma": 837.0714425805584, "log10_alpha": 0.9821623973090521, "log10_colsample_bytree": -0.293237194598446, "log10_eta": -0.42047669383124875, "log10_lambda": -1.910317547704473, "log10_min_child_weight": 1.6020943198994575, "log10_subsample": -0.2451918520429177, "max_depth": 5.0, "num_boost_round": 9.0}, "datetime": {"datetime": "2024-01-19 00:51:56", "elapsed": 2436.901071, "delta": 0.002471}}
{"target": -13.998776183850264, "params": {"gamma": 837.0714425805584, "log10_alpha": 0.9821623973090521, "log10_colsample_bytree": -0.293237194598446, "log10_eta": -0.42047669383124875, "log10_lambda": -1.910317547704473, "log10_min_child_weight": 1.6020943198994575, "log10_subsample": -0.2451918520429177, "max_depth": 5.0, "num_boost_round": 10.0}, "datetime": {"datetime": "2024-01-19 00:51:56", "elapsed": 2436.903494, "delta": 0.002423}}
{"target": -14.00338266672362, "params": {"gamma": 837.0714425805584, "log10_alpha": 0.9821623973090521, "log10_colsample_bytree": -0.293237194598446, "log10_eta": -0.42047669383124875, "log10_lambda": -1.910317547704473, "log10_min_child_weight": 1.6020943198994575, "log10_subsample": -0.2451918520429177, "max_depth": 5.0, "num_boost_round": 11.0}, "datetime": {"datetime": "2024-01-19 00:51:56", "elapsed": 2436.905996, "delta": 0.002502}}
{"target": -14.021822087152795, "params": {"gamma": 837.0714425805584, "log10_alpha": 0.9821623973090521, "log10_colsample_bytree": -0.293237194598446, "log10_eta": -0.42047669383124875, "log10_lambda": -1.910317547704473, "log10_min_child_weight": 1.6020943198994575, "log10_subsample": -0.2451918520429177, "max_depth": 5.0, "num_boost_round": 12.0}, "datetime": {"datetime": "2024-01-19 00:51:56", "elapsed": 2436.908396, "delta": 0.0024}}
{"target": -14.029206071108804, "params": {"gamma": 837.0714425805584, "log10_alpha": 0.9821623973090521, "log10_colsample_bytree": -0.293237194598446, "log10_eta": -0.42047669383124875, "log10_lambda": -1.910317547704473, "log10_min_child_weight": 1.6020943198994575, "log10_subsample": -0.2451918520429177, "max_depth": 5.0, "num_boost_round": 13.0}, "datetime": {"datetime": "2024-01-19 00:51:56", "elapsed": 2436.910987, "delta": 0.002591}}
{"target": -14.04168513661198, "params": {"gamma": 837.0714425805584, "log10_alpha": 0.9821623973090521, "log10_colsample_bytree": -0.293237194598446, "log10_eta": -0.42047669383124875, "log10_lambda": -1.910317547704473, "log10_min_child_weight": 1.6020943198994575, "log10_subsample": -0.2451918520429177, "max_depth": 5.0, "num_boost_round": 14.0}, "datetime": {"datetime": "2024-01-19 00:51:56", "elapsed": 2436.913468, "delta": 0.002481}}
{"target": -14.048129283380058, "params": {"gamma": 837.0714425805584, "log10_alpha": 0.9821623973090521, "log10_colsample_bytree": -0.293237194598446, "log10_eta": -0.42047669383124875, "log10_lambda": -1.910317547704473, "log10_min_child_weight": 1.6020943198994575, "log10_subsample": -0.2451918520429177, "max_depth": 5.0, "num_boost_round": 15.0}, "datetime": {"datetime": "2024-01-19 00:51:56", "elapsed": 2436.916014, "delta": 0.002546}}
{"target": -14.056902148472407, "params": {"gamma": 837.0714425805584, "log10_alpha": 0.9821623973090521, "log10_colsample_bytree": -0.293237194598446, "log10_eta": -0.42047669383124875, "log10_lambda": -1.910317547704473, "log10_min_child_weight": 1.6020943198994575, "log10_subsample": -0.2451918520429177, "max_depth": 5.0, "num_boost_round": 16.0}, "datetime": {"datetime": "2024-01-19 00:51:56", "elapsed": 2436.918571, "delta": 0.002557}}
{"target": -14.070264629479466, "params": {"gamma": 837.0714425805584, "log10_alpha": 0.9821623973090521, "log10_colsample_bytree": -0.293237194598446, "log10_eta": -0.42047669383124875, "log10_lambda": -1.910317547704473, "log10_min_child_weight": 1.6020943198994575, "log10_subsample": -0.2451918520429177, "max_depth": 5.0, "num_boost_round": 17.0}, "datetime": {"datetime": "2024-01-19 00:51:56", "elapsed": 2436.921269, "delta": 0.002698}}
{"target": -14.085074225399957, "params": {"gamma": 837.0714425805584, "log10_alpha": 0.9821623973090521, "log10_colsample_bytree": -0.293237194598446, "log10_eta": -0.42047669383124875, "log10_lambda": -1.910317547704473, "log10_min_child_weight": 1.6020943198994575, "log10_subsample": -0.2451918520429177, "max_depth": 5.0, "num_boost_round": 18.0}, "datetime": {"datetime": "2024-01-19 00:51:56", "elapsed": 2436.923786, "delta": 0.002517}}
{"target": -14.088609317684456, "params": {"gamma": 837.0714425805584, "log10_alpha": 0.9821623973090521, "log10_colsample_bytree": -0.293237194598446, "log10_eta": -0.42047669383124875, "log10_lambda": -1.910317547704473, "log10_min_child_weight": 1.6020943198994575, "log10_subsample": -0.2451918520429177, "max_depth": 5.0, "num_boost_round": 19.0}, "datetime": {"datetime": "2024-01-19 00:51:56", "elapsed": 2436.926231, "delta": 0.002445}}
{"target": -14.096211220208815, "params": {"gamma": 837.0714425805584, "log10_alpha": 0.9821623973090521, "log10_colsample_bytree": -0.293237194598446, "log10_eta": -0.42047669383124875, "log10_lambda": -1.910317547704473, "log10_min_child_weight": 1.6020943198994575, "log10_subsample": -0.2451918520429177, "max_depth": 5.0, "num_boost_round": 20.0}, "datetime": {"datetime": "2024-01-19 00:51:56", "elapsed": 2436.928754, "delta": 0.002523}}
{"target": -14.16441893238472, "params": {"gamma": 837.0714425805584, "log10_alpha": 0.9821623973090521, "log10_colsample_bytree": -0.293237194598446, "log10_eta": -0.42047669383124875, "log10_lambda": -1.910317547704473, "log10_min_child_weight": 1.6020943198994575, "log10_subsample": -0.2451918520429177, "max_depth": 5.0, "num_boost_round": 21.0}, "datetime": {"datetime": "2024-01-19 00:51:56", "elapsed": 2436.93127, "delta": 0.002516}}
{"target": -14.169887208739501, "params": {"gamma": 837.0714425805584, "log10_alpha": 0.9821623973090521, "log10_colsample_bytree": -0.293237194598446, "log10_eta": -0.42047669383124875, "log10_lambda": -1.910317547704473, "log10_min_child_weight": 1.6020943198994575, "log10_subsample": -0.2451918520429177, "max_depth": 5.0, "num_boost_round": 22.0}, "datetime": {"datetime": "2024-01-19 00:51:56", "elapsed": 2436.933844, "delta": 0.002574}}
{"target": -14.181465666565064, "params": {"gamma": 837.0714425805584, "log10_alpha": 0.9821623973090521, "log10_colsample_bytree": -0.293237194598446, "log10_eta": -0.42047669383124875, "log10_lambda": -1.910317547704473, "log10_min_child_weight": 1.6020943198994575, "log10_subsample": -0.2451918520429177, "max_depth": 5.0, "num_boost_round": 23.0}, "datetime": {"datetime": "2024-01-19 00:51:56", "elapsed": 2436.936345, "delta": 0.002501}}
{"target": -13.758537532538343, "params": {"gamma": 860.3950497418352, "log10_alpha": -2.4659410145609044, "log10_colsample_bytree": -0.4275262310635566, "log10_eta": -3.785336495156001, "log10_lambda": -4.857100787410463, "log10_min_child_weight": 3.4036168421984847, "log10_subsample": -0.35898337714505735, "max_depth": 3.0, "num_boost_round": 0.0}, "datetime": {"datetime": "2024-01-19 00:52:25", "elapsed": 2465.935675, "delta": 28.99933}}
{"target": -13.758533815616875, "params": {"gamma": 860.3950497418352, "log10_alpha": -2.4659410145609044, "log10_colsample_bytree": -0.4275262310635566, "log10_eta": -3.785336495156001, "log10_lambda": -4.857100787410463, "log10_min_child_weight": 3.4036168421984847, "log10_subsample": -0.35898337714505735, "max_depth": 3.0, "num_boost_round": 1.0}, "datetime": {"datetime": "2024-01-19 00:52:25", "elapsed": 2465.939186, "delta": 0.003511}}
{"target": -13.758533136896252, "params": {"gamma": 860.3950497418352, "log10_alpha": -2.4659410145609044, "log10_colsample_bytree": -0.4275262310635566, "log10_eta": -3.785336495156001, "log10_lambda": -4.857100787410463, "log10_min_child_weight": 3.4036168421984847, "log10_subsample": -0.35898337714505735, "max_depth": 3.0, "num_boost_round": 2.0}, "datetime": {"datetime": "2024-01-19 00:52:25", "elapsed": 2465.941958, "delta": 0.002772}}
{"target": -13.758533152043222, "params": {"gamma": 860.3950497418352, "log10_alpha": -2.4659410145609044, "log10_colsample_bytree": -0.4275262310635566, "log10_eta": -3.785336495156001, "log10_lambda": -4.857100787410463, "log10_min_child_weight": 3.4036168421984847, "log10_subsample": -0.35898337714505735, "max_depth": 3.0, "num_boost_round": 3.0}, "datetime": {"datetime": "2024-01-19 00:52:25", "elapsed": 2465.944417, "delta": 0.002459}}
{"target": -13.758531198976778, "params": {"gamma": 860.3950497418352, "log10_alpha": -2.4659410145609044, "log10_colsample_bytree": -0.4275262310635566, "log10_eta": -3.785336495156001, "log10_lambda": -4.857100787410463, "log10_min_child_weight": 3.4036168421984847, "log10_subsample": -0.35898337714505735, "max_depth": 3.0, "num_boost_round": 4.0}, "datetime": {"datetime": "2024-01-19 00:52:25", "elapsed": 2465.946849, "delta": 0.002432}}
{"target": -13.758530179281445, "params": {"gamma": 860.3950497418352, "log10_alpha": -2.4659410145609044, "log10_colsample_bytree": -0.4275262310635566, "log10_eta": -3.785336495156001, "log10_lambda": -4.857100787410463, "log10_min_child_weight": 3.4036168421984847, "log10_subsample": -0.35898337714505735, "max_depth": 3.0, "num_boost_round": 5.0}, "datetime": {"datetime": "2024-01-19 00:52:25", "elapsed": 2465.94927, "delta": 0.002421}}
{"target": -13.758529064509093, "params": {"gamma": 860.3950497418352, "log10_alpha": -2.4659410145609044, "log10_colsample_bytree": -0.4275262310635566, "log10_eta": -3.785336495156001, "log10_lambda": -4.857100787410463, "log10_min_child_weight": 3.4036168421984847, "log10_subsample": -0.35898337714505735, "max_depth": 3.0, "num_boost_round": 6.0}, "datetime": {"datetime": "2024-01-19 00:52:25", "elapsed": 2465.951682, "delta": 0.002412}}
{"target": -13.758527284755786, "params": {"gamma": 860.3950497418352, "log10_alpha": -2.4659410145609044, "log10_colsample_bytree": -0.4275262310635566, "log10_eta": -3.785336495156001, "log10_lambda": -4.857100787410463, "log10_min_child_weight": 3.4036168421984847, "log10_subsample": -0.35898337714505735, "max_depth": 3.0, "num_boost_round": 7.0}, "datetime": {"datetime": "2024-01-19 00:52:25", "elapsed": 2465.954191, "delta": 0.002509}}
{"target": -13.758524691346128, "params": {"gamma": 860.3950497418352, "log10_alpha": -2.4659410145609044, "log10_colsample_bytree": -0.4275262310635566, "log10_eta": -3.785336495156001, "log10_lambda": -4.857100787410463, "log10_min_child_weight": 3.4036168421984847, "log10_subsample": -0.35898337714505735, "max_depth": 3.0, "num_boost_round": 8.0}, "datetime": {"datetime": "2024-01-19 00:52:25", "elapsed": 2465.956619, "delta": 0.002428}}
{"target": -13.758521874578095, "params": {"gamma": 860.3950497418352, "log10_alpha": -2.4659410145609044, "log10_colsample_bytree": -0.4275262310635566, "log10_eta": -3.785336495156001, "log10_lambda": -4.857100787410463, "log10_min_child_weight": 3.4036168421984847, "log10_subsample": -0.35898337714505735, "max_depth": 3.0, "num_boost_round": 9.0}, "datetime": {"datetime": "2024-01-19 00:52:25", "elapsed": 2465.959059, "delta": 0.00244}}
{"target": -13.758519172901364, "params": {"gamma": 860.3950497418352, "log10_alpha": -2.4659410145609044, "log10_colsample_bytree": -0.4275262310635566, "log10_eta": -3.785336495156001, "log10_lambda": -4.857100787410463, "log10_min_child_weight": 3.4036168421984847, "log10_subsample": -0.35898337714505735, "max_depth": 3.0, "num_boost_round": 10.0}, "datetime": {"datetime": "2024-01-19 00:52:25", "elapsed": 2465.961551, "delta": 0.002492}}
{"target": -13.758516811773758, "params": {"gamma": 860.3950497418352, "log10_alpha": -2.4659410145609044, "log10_colsample_bytree": -0.4275262310635566, "log10_eta": -3.785336495156001, "log10_lambda": -4.857100787410463, "log10_min_child_weight": 3.4036168421984847, "log10_subsample": -0.35898337714505735, "max_depth": 3.0, "num_boost_round": 11.0}, "datetime": {"datetime": "2024-01-19 00:52:25", "elapsed": 2465.963965, "delta": 0.002414}}
{"target": -13.758514301541819, "params": {"gamma": 860.3950497418352, "log10_alpha": -2.4659410145609044, "log10_colsample_bytree": -0.4275262310635566, "log10_eta": -3.785336495156001, "log10_lambda": -4.857100787410463, "log10_min_child_weight": 3.4036168421984847, "log10_subsample": -0.35898337714505735, "max_depth": 3.0, "num_boost_round": 12.0}, "datetime": {"datetime": "2024-01-19 00:52:25", "elapsed": 2465.966353, "delta": 0.002388}}
{"target": -13.75851255012485, "params": {"gamma": 860.3950497418352, "log10_alpha": -2.4659410145609044, "log10_colsample_bytree": -0.4275262310635566, "log10_eta": -3.785336495156001, "log10_lambda": -4.857100787410463, "log10_min_child_weight": 3.4036168421984847, "log10_subsample": -0.35898337714505735, "max_depth": 3.0, "num_boost_round": 13.0}, "datetime": {"datetime": "2024-01-19 00:52:25", "elapsed": 2465.968743, "delta": 0.00239}}
{"target": -13.758532623239866, "params": {"gamma": 838.9546372696775, "log10_alpha": -5.0, "log10_colsample_bytree": -0.9812496194064948, "log10_eta": -3.4963588035077713, "log10_lambda": -2.257118176970971, "log10_min_child_weight": 2.887803806908406, "log10_subsample": -0.8436055798301667, "max_depth": 7.0, "num_boost_round": 0.0}, "datetime": {"datetime": "2024-01-19 00:52:59", "elapsed": 2499.596609, "delta": 33.627866}}
{"target": -13.75852687651996, "params": {"gamma": 838.9546372696775, "log10_alpha": -5.0, "log10_colsample_bytree": -0.9812496194064948, "log10_eta": -3.4963588035077713, "log10_lambda": -2.257118176970971, "log10_min_child_weight": 2.887803806908406, "log10_subsample": -0.8436055798301667, "max_depth": 7.0, "num_boost_round": 1.0}, "datetime": {"datetime": "2024-01-19 00:52:59", "elapsed": 2499.599918, "delta": 0.003309}}
{"target": -13.758521765721506, "params": {"gamma": 838.9546372696775, "log10_alpha": -5.0, "log10_colsample_bytree": -0.9812496194064948, "log10_eta": -3.4963588035077713, "log10_lambda": -2.257118176970971, "log10_min_child_weight": 2.887803806908406, "log10_subsample": -0.8436055798301667, "max_depth": 7.0, "num_boost_round": 2.0}, "datetime": {"datetime": "2024-01-19 00:52:59", "elapsed": 2499.602662, "delta": 0.002744}}
{"target": -13.758513104146246, "params": {"gamma": 838.9546372696775, "log10_alpha": -5.0, "log10_colsample_bytree": -0.9812496194064948, "log10_eta": -3.4963588035077713, "log10_lambda": -2.257118176970971, "log10_min_child_weight": 2.887803806908406, "log10_subsample": -0.8436055798301667, "max_depth": 7.0, "num_boost_round": 3.0}, "datetime": {"datetime": "2024-01-19 00:52:59", "elapsed": 2499.605126, "delta": 0.002464}}
{"target": -13.758508639078473, "params": {"gamma": 838.9546372696775, "log10_alpha": -5.0, "log10_colsample_bytree": -0.9812496194064948, "log10_eta": -3.4963588035077713, "log10_lambda": -2.257118176970971, "log10_min_child_weight": 2.887803806908406, "log10_subsample": -0.8436055798301667, "max_depth": 7.0, "num_boost_round": 4.0}, "datetime": {"datetime": "2024-01-19 00:52:59", "elapsed": 2499.607636, "delta": 0.00251}}
