{"target": -21.955927135200298, "params": {"gamma": 426.63422186541675, "log10_alpha": -3.349883084326853, "log10_colsample_bytree": -0.8109337676564046, "log10_eta": -0.15603549075273238, "log10_lambda": -2.294389361533099, "log10_min_child_weight": 0.34999230530807335, "log10_subsample": -0.9108304147552381, "max_depth": 9.0, "num_boost_round": 15.0}, "datetime": {"datetime": "2024-01-19 01:12:41", "elapsed": 3666.120774, "delta": 0.002784}}
{"target": -22.056096692321045, "params": {"gamma": 426.63422186541675, "log10_alpha": -3.349883084326853, "log10_colsample_bytree": -0.8109337676564046, "log10_eta": -0.15603549075273238, "log10_lambda": -2.294389361533099, "log10_min_child_weight": 0.34999230530807335, "log10_subsample": -0.9108304147552381, "max_depth": 9.0, "num_boost_round": 16.0}, "datetime": {"datetime": "2024-01-19 01:12:41", "elapsed": 3666.123548, "delta": 0.002774}}
{"target": -22.1456157686814, "params": {"gamma": 426.63422186541675, "log10_alpha": -3.349883084326853, "log10_colsample_bytree": -0.8109337676564046, "log10_eta": -0.15603549075273238, "log10_lambda": -2.294389361533099, "log10_min_child_weight": 0.34999230530807335, "log10_subsample": -0.9108304147552381, "max_depth": 9.0, "num_boost_round": 17.0}, "datetime": {"datetime": "2024-01-19 01:12:41", "elapsed": 3666.126323, "delta": 0.002775}}
{"target": -22.211684953447094, "params": {"gamma": 426.63422186541675, "log10_alpha": -3.349883084326853, "log10_colsample_bytree": -0.8109337676564046, "log10_eta": -0.15603549075273238, "log10_lambda": -2.294389361533099, "log10_min_child_weight": 0.34999230530807335, "log10_subsample": -0.9108304147552381, "max_depth": 9.0, "num_boost_round": 18.0}, "datetime": {"datetime": "2024-01-19 01:12:41", "elapsed": 3666.129138, "delta": 0.002815}}
{"target": -22.393399299470552, "params": {"gamma": 426.63422186541675, "log10_alpha": -3.349883084326853, "log10_colsample_bytree": -0.8109337676564046, "log10_eta": -0.15603549075273238, "log10_lambda": -2.294389361533099, "log10_min_child_weight": 0.34999230530807335, "log10_subsample": -0.9108304147552381, "max_depth": 9.0, "num_boost_round": 19.0}, "datetime": {"datetime": "2024-01-19 01:12:41", "elapsed": 3666.131945, "delta": 0.002807}}
{"target": -22.502356762285327, "params": {"gamma": 426.63422186541675, "log10_alpha": -3.349883084326853, "log10_colsample_bytree": -0.8109337676564046, "log10_eta": -0.15603549075273238, "log10_lambda": -2.294389361533099, "log10_min_child_weight": 0.34999230530807335, "log10_subsample": -0.9108304147552381, "max_depth": 9.0, "num_boost_round": 20.0}, "datetime": {"datetime": "2024-01-19 01:12:41", "elapsed": 3666.13482, "delta": 0.002875}}
{"target": -22.609144845563144, "params": {"gamma": 426.63422186541675, "log10_alpha": -3.349883084326853, "log10_colsample_bytree": -0.8109337676564046, "log10_eta": -0.15603549075273238, "log10_lambda": -2.294389361533099, "log10_min_child_weight": 0.34999230530807335, "log10_subsample": -0.9108304147552381, "max_depth": 9.0, "num_boost_round": 21.0}, "datetime": {"datetime": "2024-01-19 01:12:41", "elapsed": 3666.137599, "delta": 0.002779}}
{"target": -22.777898892836472, "params": {"gamma": 426.63422186541675, "log10_alpha": -3.349883084326853, "log10_colsample_bytree": -0.8109337676564046, "log10_eta": -0.15603549075273238, "log10_lambda": -2.294389361533099, "log10_min_child_weight": 0.34999230530807335, "log10_subsample": -0.9108304147552381, "max_depth": 9.0, "num_boost_round": 22.0}, "datetime": {"datetime": "2024-01-19 01:12:41", "elapsed": 3666.144302, "delta": 0.006703}}
{"target": -22.922524053896986, "params": {"gamma": 426.63422186541675, "log10_alpha": -3.349883084326853, "log10_colsample_bytree": -0.8109337676564046, "log10_eta": -0.15603549075273238, "log10_lambda": -2.294389361533099, "log10_min_child_weight": 0.34999230530807335, "log10_subsample": -0.9108304147552381, "max_depth": 9.0, "num_boost_round": 23.0}, "datetime": {"datetime": "2024-01-19 01:12:41", "elapsed": 3666.147085, "delta": 0.002783}}
{"target": -23.049692725960835, "params": {"gamma": 426.63422186541675, "log10_alpha": -3.349883084326853, "log10_colsample_bytree": -0.8109337676564046, "log10_eta": -0.15603549075273238, "log10_lambda": -2.294389361533099, "log10_min_child_weight": 0.34999230530807335, "log10_subsample": -0.9108304147552381, "max_depth": 9.0, "num_boost_round": 24.0}, "datetime": {"datetime": "2024-01-19 01:12:41", "elapsed": 3666.149932, "delta": 0.002847}}
{"target": -23.30767957142384, "params": {"gamma": 426.63422186541675, "log10_alpha": -3.349883084326853, "log10_colsample_bytree": -0.8109337676564046, "log10_eta": -0.15603549075273238, "log10_lambda": -2.294389361533099, "log10_min_child_weight": 0.34999230530807335, "log10_subsample": -0.9108304147552381, "max_depth": 9.0, "num_boost_round": 25.0}, "datetime": {"datetime": "2024-01-19 01:12:41", "elapsed": 3666.152735, "delta": 0.002803}}
{"target": -23.3826115857415, "params": {"gamma": 426.63422186541675, "log10_alpha": -3.349883084326853, "log10_colsample_bytree": -0.8109337676564046, "log10_eta": -0.15603549075273238, "log10_lambda": -2.294389361533099, "log10_min_child_weight": 0.34999230530807335, "log10_subsample": -0.9108304147552381, "max_depth": 9.0, "num_boost_round": 26.0}, "datetime": {"datetime": "2024-01-19 01:12:41", "elapsed": 3666.155652, "delta": 0.002917}}
{"target": -23.56059605090708, "params": {"gamma": 426.63422186541675, "log10_alpha": -3.349883084326853, "log10_colsample_bytree": -0.8109337676564046, "log10_eta": -0.15603549075273238, "log10_lambda": -2.294389361533099, "log10_min_child_weight": 0.34999230530807335, "log10_subsample": -0.9108304147552381, "max_depth": 9.0, "num_boost_round": 27.0}, "datetime": {"datetime": "2024-01-19 01:12:41", "elapsed": 3666.158442, "delta": 0.00279}}
{"target": -17.6772327078632, "params": {"gamma": 429.0238124587934, "log10_alpha": -4.197046728420403, "log10_colsample_bytree": -0.6301361422613115, "log10_eta": -2.823249967020291, "log10_lambda": -1.7512619522346666, "log10_min_child_weight": 4.5738922618735085, "log10_subsample": -0.9342988300190902, "max_depth": 2.0, "num_boost_round": 0.0}, "datetime": {"datetime": "2024-01-19 01:13:25", "elapsed": 3709.976497, "delta": 43.818055}}
{"target": -17.677218740534318, "params": {"gamma": 429.0238124587934, "log10_alpha": -4.197046728420403, "log10_colsample_bytree": -0.6301361422613115, "log10_eta": -2.823249967020291, "log10_lambda": -1.7512619522346666, "log10_min_child_weight": 4.5738922618735085, "log10_subsample": -0.9342988300190902, "max_depth": 2.0, "num_boost_round": 1.0}, "datetime": {"datetime": "2024-01-19 01:13:25", "elapsed": 3709.979864, "delta": 0.003367}}
{"target": -17.677221332953923, "params": {"gamma": 429.0238124587934, "log10_alpha": -4.197046728420403, "log10_colsample_bytree": -0.6301361422613115, "log10_eta": -2.823249967020291, "log10_lambda": -1.7512619522346666, "log10_min_child_weight": 4.5738922618735085, "log10_subsample": -0.9342988300190902, "max_depth": 2.0, "num_boost_round": 2.0}, "datetime": {"datetime": "2024-01-19 01:13:25", "elapsed": 3709.982805, "delta": 0.002941}}
{"target": -17.677209081697978, "params": {"gamma": 429.0238124587934, "log10_alpha": -4.197046728420403, "log10_colsample_bytree": -0.6301361422613115, "log10_eta": -2.823249967020291, "log10_lambda": -1.7512619522346666, "log10_min_child_weight": 4.5738922618735085, "log10_subsample": -0.9342988300190902, "max_depth": 2.0, "num_boost_round": 3.0}, "datetime": {"datetime": "2024-01-19 01:13:25", "elapsed": 3709.985638, "delta": 0.002833}}
{"target": -17.677213642028132, "params": {"gamma": 429.0238124587934, "log10_alpha": -4.197046728420403, "log10_colsample_bytree": -0.6301361422613115, "log10_eta": -2.823249967020291, "log10_lambda": -1.7512619522346666, "log10_min_child_weight": 4.5738922618735085, "log10_subsample": -0.9342988300190902, "max_depth": 2.0, "num_boost_round": 4.0}, "datetime": {"datetime": "2024-01-19 01:13:25", "elapsed": 3709.988446, "delta": 0.002808}}
{"target": -17.6772147100575, "params": {"gamma": 429.0238124587934, "log10_alpha": -4.197046728420403, "log10_colsample_bytree": -0.6301361422613115, "log10_eta": -2.823249967020291, "log10_lambda": -1.7512619522346666, "log10_min_child_weight": 4.5738922618735085, "log10_subsample": -0.9342988300190902, "max_depth": 2.0, "num_boost_round": 5.0}, "datetime": {"datetime": "2024-01-19 01:13:25", "elapsed": 3709.99125, "delta": 0.002804}}
{"target": -17.677203377828196, "params": {"gamma": 429.0238124587934, "log10_alpha": -4.197046728420403, "log10_colsample_bytree": -0.6301361422613115, "log10_eta": -2.823249967020291, "log10_lambda": -1.7512619522346666, "log10_min_child_weight": 4.5738922618735085, "log10_subsample": -0.9342988300190902, "max_depth": 2.0, "num_boost_round": 6.0}, "datetime": {"datetime": "2024-01-19 01:13:25", "elapsed": 3709.994057, "delta": 0.002807}}
{"target": -17.67720196501765, "params": {"gamma": 429.0238124587934, "log10_alpha": -4.197046728420403, "log10_colsample_bytree": -0.6301361422613115, "log10_eta": -2.823249967020291, "log10_lambda": -1.7512619522346666, "log10_min_child_weight": 4.5738922618735085, "log10_subsample": -0.9342988300190902, "max_depth": 2.0, "num_boost_round": 7.0}, "datetime": {"datetime": "2024-01-19 01:13:25", "elapsed": 3709.996979, "delta": 0.002922}}
{"target": -17.67719836028139, "params": {"gamma": 429.0238124587934, "log10_alpha": -4.197046728420403, "log10_colsample_bytree": -0.6301361422613115, "log10_eta": -2.823249967020291, "log10_lambda": -1.7512619522346666, "log10_min_child_weight": 4.5738922618735085, "log10_subsample": -0.9342988300190902, "max_depth": 2.0, "num_boost_round": 8.0}, "datetime": {"datetime": "2024-01-19 01:13:25", "elapsed": 3710.112249, "delta": 0.11527}}
{"target": -17.67719271568297, "params": {"gamma": 429.0238124587934, "log10_alpha": -4.197046728420403, "log10_colsample_bytree": -0.6301361422613115, "log10_eta": -2.823249967020291, "log10_lambda": -1.7512619522346666, "log10_min_child_weight": 4.5738922618735085, "log10_subsample": -0.9342988300190902, "max_depth": 2.0, "num_boost_round": 9.0}, "datetime": {"datetime": "2024-01-19 01:13:25", "elapsed": 3710.115563, "delta": 0.003314}}
{"target": -17.677179824983725, "params": {"gamma": 429.0238124587934, "log10_alpha": -4.197046728420403, "log10_colsample_bytree": -0.6301361422613115, "log10_eta": -2.823249967020291, "log10_lambda": -1.7512619522346666, "log10_min_child_weight": 4.5738922618735085, "log10_subsample": -0.9342988300190902, "max_depth": 2.0, "num_boost_round": 10.0}, "datetime": {"datetime": "2024-01-19 01:13:25", "elapsed": 3710.118689, "delta": 0.003126}}
{"target": -17.677165378313383, "params": {"gamma": 429.0238124587934, "log10_alpha": -4.197046728420403, "log10_colsample_bytree": -0.6301361422613115, "log10_eta": -2.823249967020291, "log10_lambda": -1.7512619522346666, "log10_min_child_weight": 4.5738922618735085, "log10_subsample": -0.9342988300190902, "max_depth": 2.0, "num_boost_round": 11.0}, "datetime": {"datetime": "2024-01-19 01:13:25", "elapsed": 3710.121722, "delta": 0.003033}}
{"target": -17.67716152260326, "params": {"gamma": 429.0238124587934, "log10_alpha": -4.197046728420403, "log10_colsample_bytree": -0.6301361422613115, "log10_eta": -2.823249967020291, "log10_lambda": -1.7512619522346666, "log10_min_child_weight": 4.5738922618735085, "log10_subsample": -0.9342988300190902, "max_depth": 2.0, "num_boost_round": 12.0}, "datetime": {"datetime": "2024-01-19 01:13:25", "elapsed": 3710.124803, "delta": 0.003081}}
{"target": -17.677162494766385, "params": {"gamma": 429.0238124587934, "log10_alpha": -4.197046728420403, "log10_colsample_bytree": -0.6301361422613115, "log10_eta": -2.823249967020291, "log10_lambda": -1.7512619522346666, "log10_min_child_weight": 4.5738922618735085, "log10_subsample": -0.9342988300190902, "max_depth": 2.0, "num_boost_round": 13.0}, "datetime": {"datetime": "2024-01-19 01:13:25", "elapsed": 3710.127812, "delta": 0.003009}}
{"target": -17.67715696058845, "params": {"gamma": 429.0238124587934, "log10_alpha": -4.197046728420403, "log10_colsample_bytree": -0.6301361422613115, "log10_eta": -2.823249967020291, "log10_lambda": -1.7512619522346666, "log10_min_child_weight": 4.5738922618735085, "log10_subsample": -0.9342988300190902, "max_depth": 2.0, "num_boost_round": 14.0}, "datetime": {"datetime": "2024-01-19 01:13:25", "elapsed": 3710.130823, "delta": 0.003011}}
{"target": -17.67713845648128, "params": {"gamma": 429.0238124587934, "log10_alpha": -4.197046728420403, "log10_colsample_bytree": -0.6301361422613115, "log10_eta": -2.823249967020291, "log10_lambda": -1.7512619522346666, "log10_min_child_weight": 4.5738922618735085, "log10_subsample": -0.9342988300190902, "max_depth": 2.0, "num_boost_round": 15.0}, "datetime": {"datetime": "2024-01-19 01:13:25", "elapsed": 3710.13381, "delta": 0.002987}}
{"target": -17.67712359034371, "params": {"gamma": 429.0238124587934, "log10_alpha": -4.197046728420403, "log10_colsample_bytree": -0.6301361422613115, "log10_eta": -2.823249967020291, "log10_lambda": -1.7512619522346666, "log10_min_child_weight": 4.5738922618735085, "log10_subsample": -0.9342988300190902, "max_depth": 2.0, "num_boost_round": 16.0}, "datetime": {"datetime": "2024-01-19 01:13:25", "elapsed": 3710.136844, "delta": 0.003034}}
{"target": -17.677120650664147, "params": {"gamma": 429.0238124587934, "log10_alpha": -4.197046728420403, "log10_colsample_bytree": -0.6301361422613115, "log10_eta": -2.823249967020291, "log10_lambda": -1.7512619522346666, "log10_min_child_weight": 4.5738922618735085, "log10_subsample": -0.9342988300190902, "max_depth": 2.0, "num_boost_round": 17.0}, "datetime": {"datetime": "2024-01-19 01:13:25", "elapsed": 3710.139882, "delta": 0.003038}}
{"target": -17.67710171459438, "params": {"gamma": 429.0238124587934, "log10_alpha": -4.197046728420403, "log10_colsample_bytree": -0.6301361422613115, "log10_eta": -2.823249967020291, "log10_lambda": -1.7512619522346666, "log10_min_child_weight": 4.5738922618735085, "log10_subsample": -0.9342988300190902, "max_depth": 2.0, "num_boost_round": 18.0}, "datetime": {"datetime": "2024-01-19 01:13:25", "elapsed": 3710.142921, "delta": 0.003039}}
{"target": -17.67708405006952, "params": {"gamma": 429.0238124587934, "log10_alpha": -4.197046728420403, "log10_colsample_bytree": -0.6301361422613115, "log10_eta": -2.823249967020291, "log10_lambda": -1.7512619522346666, "log10_min_child_weight": 4.5738922618735085, "log10_subsample": -0.9342988300190902, "max_depth": 2.0, "num_boost_round": 19.0}, "datetime": {"datetime": "2024-01-19 01:13:25", "elapsed": 3710.145921, "delta": 0.003}}
{"target": -17.677080477864248, "params": {"gamma": 429.0238124587934, "log10_alpha": -4.197046728420403, "log10_colsample_bytree": -0.6301361422613115, "log10_eta": -2.823249967020291, "log10_lambda": -1.7512619522346666, "log10_min_child_weight": 4.5738922618735085, "log10_subsample": -0.9342988300190902, "max_depth": 2.0, "num_boost_round": 20.0}, "datetime": {"datetime": "2024-01-19 01:13:25", "elapsed": 3710.14895, "delta": 0.003029}}
{"target": -17.677062985616832, "params": {"gamma": 429.0238124587934, "log10_alpha": -4.197046728420403, "log10_colsample_bytree": -0.6301361422613115, "log10_eta": -2.823249967020291, "log10_lambda": -1.7512619522346666, "log10_min_child_weight": 4.5738922618735085, "log10_subsample": -0.9342988300190902, "max_depth": 2.0, "num_boost_round": 21.0}, "datetime": {"datetime": "2024-01-19 01:13:25", "elapsed": 3710.151974, "delta": 0.003024}}
{"target": -17.67704940965387, "params": {"gamma": 429.0238124587934, "log10_alpha": -4.197046728420403, "log10_colsample_bytree": -0.6301361422613115, "log10_eta": -2.823249967020291, "log10_lambda": -1.7512619522346666, "log10_min_child_weight": 4.5738922618735085, "log10_subsample": -0.9342988300190902, "max_depth": 2.0, "num_boost_round": 22.0}, "datetime": {"datetime": "2024-01-19 01:13:25", "elapsed": 3710.154981, "delta": 0.003007}}
{"target": -17.677035189646883, "params": {"gamma": 429.0238124587934, "log10_alpha": -4.197046728420403, "log10_colsample_bytree": -0.6301361422613115, "log10_eta": -2.823249967020291, "log10_lambda": -1.7512619522346666, "log10_min_child_weight": 4.5738922618735085, "log10_subsample": -0.9342988300190902, "max_depth": 2.0, "num_boost_round": 23.0}, "datetime": {"datetime": "2024-01-19 01:13:25", "elapsed": 3710.157994, "delta": 0.003013}}
{"target": -17.677033970425473, "params": {"gamma": 429.0238124587934, "log10_alpha": -4.197046728420403, "log10_colsample_bytree": -0.6301361422613115, "log10_eta": -2.823249967020291, "log10_lambda": -1.7512619522346666, "log10_min_child_weight": 4.5738922618735085, "log10_subsample": -0.9342988300190902, "max_depth": 2.0, "num_boost_round": 24.0}, "datetime": {"datetime": "2024-01-19 01:13:25", "elapsed": 3710.161035, "delta": 0.003041}}
{"target": -17.677021788291036, "params": {"gamma": 429.0238124587934, "log10_alpha": -4.197046728420403, "log10_colsample_bytree": -0.6301361422613115, "log10_eta": -2.823249967020291, "log10_lambda": -1.7512619522346666, "log10_min_child_weight": 4.5738922618735085, "log10_subsample": -0.9342988300190902, "max_depth": 2.0, "num_boost_round": 25.0}, "datetime": {"datetime": "2024-01-19 01:13:25", "elapsed": 3710.164031, "delta": 0.002996}}
{"target": -17.67701841613947, "params": {"gamma": 429.0238124587934, "log10_alpha": -4.197046728420403, "log10_colsample_bytree": -0.6301361422613115, "log10_eta": -2.823249967020291, "log10_lambda": -1.7512619522346666, "log10_min_child_weight": 4.5738922618735085, "log10_subsample": -0.9342988300190902, "max_depth": 2.0, "num_boost_round": 26.0}, "datetime": {"datetime": "2024-01-19 01:13:25", "elapsed": 3710.167078, "delta": 0.003047}}
{"target": -17.677224412626288, "params": {"gamma": 426.05367096461123, "log10_alpha": -0.9539839661052598, "log10_colsample_bytree": -0.11629612508555931, "log10_eta": -3.670601148754195, "log10_lambda": -4.9754601978631525, "log10_min_child_weight": 2.1338441750195813, "log10_subsample": -0.2530467621880327, "max_depth": 8.0, "num_boost_round": 0.0}, "datetime": {"datetime": "2024-01-19 01:14:18", "elapsed": 3762.777889, "delta": 52.610811}}
{"target": -17.677203134581475, "params": {"gamma": 426.05367096461123, "log10_alpha": -0.9539839661052598, "log10_colsample_bytree": -0.11629612508555931, "log10_eta": -3.670601148754195, "log10_lambda": -4.9754601978631525, "log10_min_child_weight": 2.1338441750195813, "log10_subsample": -0.2530467621880327, "max_depth": 8.0, "num_boost_round": 1.0}, "datetime": {"datetime": "2024-01-19 01:14:18", "elapsed": 3762.78162, "delta": 0.003731}}
{"target": -17.677202779293363, "params": {"gamma": 426.05367096461123, "log10_alpha": -0.9539839661052598, "log10_colsample_bytree": -0.11629612508555931, "log10_eta": -3.670601148754195, "log10_lambda": -4.9754601978631525, "log10_min_child_weight": 2.1338441750195813, "log10_subsample": -0.2530467621880327, "max_depth": 8.0, "num_boost_round": 2.0}, "datetime": {"datetime": "2024-01-19 01:14:18", "elapsed": 3762.784754, "delta": 0.003134}}
{"target": -17.67720907222753, "params": {"gamma": 426.05367096461123, "log10_alpha": -0.9539839661052598, "log10_colsample_bytree": -0.11629612508555931, "log10_eta": -3.670601148754195, "log10_lambda": -4.9754601978631525, "log10_min_child_weight": 2.1338441750195813, "log10_subsample": -0.2530467621880327, "max_depth": 8.0, "num_boost_round": 3.0}, "datetime": {"datetime": "2024-01-19 01:14:18", "elapsed": 3762.787763, "delta": 0.003009}}
{"target": -17.677214695647354, "params": {"gamma": 426.05367096461123, "log10_alpha": -0.9539839661052598, "log10_colsample_bytree": -0.11629612508555931, "log10_eta": -3.670601148754195, "log10_lambda": -4.9754601978631525, "log10_min_child_weight": 2.1338441750195813, "log10_subsample": -0.2530467621880327, "max_depth": 8.0, "num_boost_round": 4.0}, "datetime": {"datetime": "2024-01-19 01:14:18", "elapsed": 3762.790767, "delta": 0.003004}}
{"target": -17.677205208738346, "params": {"gamma": 426.05367096461123, "log10_alpha": -0.9539839661052598, "log10_colsample_bytree": -0.11629612508555931, "log10_eta": -3.670601148754195, "log10_lambda": -4.9754601978631525, "log10_min_child_weight": 2.1338441750195813, "log10_subsample": -0.2530467621880327, "max_depth": 8.0, "num_boost_round": 5.0}, "datetime": {"datetime": "2024-01-19 01:14:18", "elapsed": 3762.793784, "delta": 0.003017}}
{"target": -17.67721233975576, "params": {"gamma": 426.05367096461123, "log10_alpha": -0.9539839661052598, "log10_colsample_bytree": -0.11629612508555931, "log10_eta": -3.670601148754195, "log10_lambda": -4.9754601978631525, "log10_min_child_weight": 2.1338441750195813, "log10_subsample": -0.2530467621880327, "max_depth": 8.0, "num_boost_round": 6.0}, "datetime": {"datetime": "2024-01-19 01:14:18", "elapsed": 3762.796707, "delta": 0.002923}}
{"target": -17.67719229664677, "params": {"gamma": 426.05367096461123, "log10_alpha": -0.9539839661052598, "log10_colsample_bytree": -0.11629612508555931, "log10_eta": -3.670601148754195, "log10_lambda": -4.9754601978631525, "log10_min_child_weight": 2.1338441750195813, "log10_subsample": -0.2530467621880327, "max_depth": 8.0, "num_boost_round": 7.0}, "datetime": {"datetime": "2024-01-19 01:14:18", "elapsed": 3762.79964, "delta": 0.002933}}
{"target": -17.677186804103286, "params": {"gamma": 426.05367096461123, "log10_alpha": -0.9539839661052598, "log10_colsample_bytree": -0.11629612508555931, "log10_eta": -3.670601148754195, "log10_lambda": -4.9754601978631525, "log10_min_child_weight": 2.1338441750195813, "log10_subsample": -0.2530467621880327, "max_depth": 8.0, "num_boost_round": 8.0}, "datetime": {"datetime": "2024-01-19 01:14:18", "elapsed": 3762.802561, "delta": 0.002921}}
