{"target": -13.758509635282199, "params": {"gamma": 876.2288723428371, "log10_alpha": -3.52590977560811, "log10_colsample_bytree": -0.9436244480735458, "log10_eta": -3.1853775649865006, "log10_lambda": -4.637843598027381, "log10_min_child_weight": 4.929595253089846, "log10_subsample": -0.7009446593398376, "max_depth": 7.0, "num_boost_round": 17.0}, "datetime": {"datetime": "2024-01-19 01:33:24", "elapsed": 4909.068079, "delta": 0.124222}}
{"target": -13.758509123660946, "params": {"gamma": 876.2288723428371, "log10_alpha": -3.52590977560811, "log10_colsample_bytree": -0.9436244480735458, "log10_eta": -3.1853775649865006, "log10_lambda": -4.637843598027381, "log10_min_child_weight": 4.929595253089846, "log10_subsample": -0.7009446593398376, "max_depth": 7.0, "num_boost_round": 18.0}, "datetime": {"datetime": "2024-01-19 01:33:24", "elapsed": 4909.074411, "delta": 0.006332}}
{"target": -13.758508375997149, "params": {"gamma": 876.2288723428371, "log10_alpha": -3.52590977560811, "log10_colsample_bytree": -0.9436244480735458, "log10_eta": -3.1853775649865006, "log10_lambda": -4.637843598027381, "log10_min_child_weight": 4.929595253089846, "log10_subsample": -0.7009446593398376, "max_depth": 7.0, "num_boost_round": 19.0}, "datetime": {"datetime": "2024-01-19 01:33:24", "elapsed": 4909.080502, "delta": 0.006091}}
{"target": -13.758510860366332, "params": {"gamma": 876.2288723428371, "log10_alpha": -3.52590977560811, "log10_colsample_bytree": -0.9436244480735458, "log10_eta": -3.1853775649865006, "log10_lambda": -4.637843598027381, "log10_min_child_weight": 4.929595253089846, "log10_subsample": -0.7009446593398376, "max_depth": 7.0, "num_boost_round": 20.0}, "datetime": {"datetime": "2024-01-19 01:33:24", "elapsed": 4909.08607, "delta": 0.005568}}
{"target": -13.758511104263501, "params": {"gamma": 876.2288723428371, "log10_alpha": -3.52590977560811, "log10_colsample_bytree": -0.9436244480735458, "log10_eta": -3.1853775649865006, "log10_lambda": -4.637843598027381, "log10_min_child_weight": 4.929595253089846, "log10_subsample": -0.7009446593398376, "max_depth": 7.0, "num_boost_round": 21.0}, "datetime": {"datetime": "2024-01-19 01:33:24", "elapsed": 4909.091715, "delta": 0.005645}}
{"target": -13.758511943776874, "params": {"gamma": 876.2288723428371, "log10_alpha": -3.52590977560811, "log10_colsample_bytree": -0.9436244480735458, "log10_eta": -3.1853775649865006, "log10_lambda": -4.637843598027381, "log10_min_child_weight": 4.929595253089846, "log10_subsample": -0.7009446593398376, "max_depth": 7.0, "num_boost_round": 22.0}, "datetime": {"datetime": "2024-01-19 01:33:24", "elapsed": 4909.097445, "delta": 0.00573}}
{"target": -13.758510165125923, "params": {"gamma": 876.2288723428371, "log10_alpha": -3.52590977560811, "log10_colsample_bytree": -0.9436244480735458, "log10_eta": -3.1853775649865006, "log10_lambda": -4.637843598027381, "log10_min_child_weight": 4.929595253089846, "log10_subsample": -0.7009446593398376, "max_depth": 7.0, "num_boost_round": 23.0}, "datetime": {"datetime": "2024-01-19 01:33:24", "elapsed": 4909.103389, "delta": 0.005944}}
{"target": -13.758509735935423, "params": {"gamma": 876.2288723428371, "log10_alpha": -3.52590977560811, "log10_colsample_bytree": -0.9436244480735458, "log10_eta": -3.1853775649865006, "log10_lambda": -4.637843598027381, "log10_min_child_weight": 4.929595253089846, "log10_subsample": -0.7009446593398376, "max_depth": 7.0, "num_boost_round": 24.0}, "datetime": {"datetime": "2024-01-19 01:33:24", "elapsed": 4909.109074, "delta": 0.005685}}
{"target": -13.758509517399338, "params": {"gamma": 876.2288723428371, "log10_alpha": -3.52590977560811, "log10_colsample_bytree": -0.9436244480735458, "log10_eta": -3.1853775649865006, "log10_lambda": -4.637843598027381, "log10_min_child_weight": 4.929595253089846, "log10_subsample": -0.7009446593398376, "max_depth": 7.0, "num_boost_round": 25.0}, "datetime": {"datetime": "2024-01-19 01:33:24", "elapsed": 4909.114701, "delta": 0.005627}}
{"target": -13.75850665673344, "params": {"gamma": 876.2288723428371, "log10_alpha": -3.52590977560811, "log10_colsample_bytree": -0.9436244480735458, "log10_eta": -3.1853775649865006, "log10_lambda": -4.637843598027381, "log10_min_child_weight": 4.929595253089846, "log10_subsample": -0.7009446593398376, "max_depth": 7.0, "num_boost_round": 26.0}, "datetime": {"datetime": "2024-01-19 01:33:24", "elapsed": 4909.120342, "delta": 0.005641}}
{"target": -13.758506857563702, "params": {"gamma": 876.2288723428371, "log10_alpha": -3.52590977560811, "log10_colsample_bytree": -0.9436244480735458, "log10_eta": -3.1853775649865006, "log10_lambda": -4.637843598027381, "log10_min_child_weight": 4.929595253089846, "log10_subsample": -0.7009446593398376, "max_depth": 7.0, "num_boost_round": 27.0}, "datetime": {"datetime": "2024-01-19 01:33:24", "elapsed": 4909.125932, "delta": 0.00559}}
{"target": -13.758503472863907, "params": {"gamma": 876.2288723428371, "log10_alpha": -3.52590977560811, "log10_colsample_bytree": -0.9436244480735458, "log10_eta": -3.1853775649865006, "log10_lambda": -4.637843598027381, "log10_min_child_weight": 4.929595253089846, "log10_subsample": -0.7009446593398376, "max_depth": 7.0, "num_boost_round": 28.0}, "datetime": {"datetime": "2024-01-19 01:33:24", "elapsed": 4909.131573, "delta": 0.005641}}
{"target": -13.75850040170195, "params": {"gamma": 876.2288723428371, "log10_alpha": -3.52590977560811, "log10_colsample_bytree": -0.9436244480735458, "log10_eta": -3.1853775649865006, "log10_lambda": -4.637843598027381, "log10_min_child_weight": 4.929595253089846, "log10_subsample": -0.7009446593398376, "max_depth": 7.0, "num_boost_round": 29.0}, "datetime": {"datetime": "2024-01-19 01:33:24", "elapsed": 4909.137406, "delta": 0.005833}}
{"target": -13.758500613882465, "params": {"gamma": 876.2288723428371, "log10_alpha": -3.52590977560811, "log10_colsample_bytree": -0.9436244480735458, "log10_eta": -3.1853775649865006, "log10_lambda": -4.637843598027381, "log10_min_child_weight": 4.929595253089846, "log10_subsample": -0.7009446593398376, "max_depth": 7.0, "num_boost_round": 30.0}, "datetime": {"datetime": "2024-01-19 01:33:24", "elapsed": 4909.143007, "delta": 0.005601}}
{"target": -13.758498317589334, "params": {"gamma": 876.2288723428371, "log10_alpha": -3.52590977560811, "log10_colsample_bytree": -0.9436244480735458, "log10_eta": -3.1853775649865006, "log10_lambda": -4.637843598027381, "log10_min_child_weight": 4.929595253089846, "log10_subsample": -0.7009446593398376, "max_depth": 7.0, "num_boost_round": 31.0}, "datetime": {"datetime": "2024-01-19 01:33:24", "elapsed": 4909.148537, "delta": 0.00553}}
{"target": -13.758492892078086, "params": {"gamma": 876.2288723428371, "log10_alpha": -3.52590977560811, "log10_colsample_bytree": -0.9436244480735458, "log10_eta": -3.1853775649865006, "log10_lambda": -4.637843598027381, "log10_min_child_weight": 4.929595253089846, "log10_subsample": -0.7009446593398376, "max_depth": 7.0, "num_boost_round": 32.0}, "datetime": {"datetime": "2024-01-19 01:33:24", "elapsed": 4909.155036, "delta": 0.006499}}
{"target": -13.75848920974878, "params": {"gamma": 876.2288723428371, "log10_alpha": -3.52590977560811, "log10_colsample_bytree": -0.9436244480735458, "log10_eta": -3.1853775649865006, "log10_lambda": -4.637843598027381, "log10_min_child_weight": 4.929595253089846, "log10_subsample": -0.7009446593398376, "max_depth": 7.0, "num_boost_round": 33.0}, "datetime": {"datetime": "2024-01-19 01:33:24", "elapsed": 4909.160707, "delta": 0.005671}}
{"target": -13.758486912806537, "params": {"gamma": 876.2288723428371, "log10_alpha": -3.52590977560811, "log10_colsample_bytree": -0.9436244480735458, "log10_eta": -3.1853775649865006, "log10_lambda": -4.637843598027381, "log10_min_child_weight": 4.929595253089846, "log10_subsample": -0.7009446593398376, "max_depth": 7.0, "num_boost_round": 34.0}, "datetime": {"datetime": "2024-01-19 01:33:24", "elapsed": 4909.166551, "delta": 0.005844}}
{"target": -13.758486598068032, "params": {"gamma": 876.2288723428371, "log10_alpha": -3.52590977560811, "log10_colsample_bytree": -0.9436244480735458, "log10_eta": -3.1853775649865006, "log10_lambda": -4.637843598027381, "log10_min_child_weight": 4.929595253089846, "log10_subsample": -0.7009446593398376, "max_depth": 7.0, "num_boost_round": 35.0}, "datetime": {"datetime": "2024-01-19 01:33:24", "elapsed": 4909.172405, "delta": 0.005854}}
{"target": -13.758484928191935, "params": {"gamma": 876.2288723428371, "log10_alpha": -3.52590977560811, "log10_colsample_bytree": -0.9436244480735458, "log10_eta": -3.1853775649865006, "log10_lambda": -4.637843598027381, "log10_min_child_weight": 4.929595253089846, "log10_subsample": -0.7009446593398376, "max_depth": 7.0, "num_boost_round": 36.0}, "datetime": {"datetime": "2024-01-19 01:33:24", "elapsed": 4909.17788, "delta": 0.005475}}
{"target": -13.75848466669506, "params": {"gamma": 876.2288723428371, "log10_alpha": -3.52590977560811, "log10_colsample_bytree": -0.9436244480735458, "log10_eta": -3.1853775649865006, "log10_lambda": -4.637843598027381, "log10_min_child_weight": 4.929595253089846, "log10_subsample": -0.7009446593398376, "max_depth": 7.0, "num_boost_round": 37.0}, "datetime": {"datetime": "2024-01-19 01:33:24", "elapsed": 4909.183451, "delta": 0.005571}}
{"target": -13.758484943506337, "params": {"gamma": 876.2288723428371, "log10_alpha": -3.52590977560811, "log10_colsample_bytree": -0.9436244480735458, "log10_eta": -3.1853775649865006, "log10_lambda": -4.637843598027381, "log10_min_child_weight": 4.929595253089846, "log10_subsample": -0.7009446593398376, "max_depth": 7.0, "num_boost_round": 38.0}, "datetime": {"datetime": "2024-01-19 01:33:24", "elapsed": 4909.189122, "delta": 0.005671}}
{"target": -13.758482953991312, "params": {"gamma": 876.2288723428371, "log10_alpha": -3.52590977560811, "log10_colsample_bytree": -0.9436244480735458, "log10_eta": -3.1853775649865006, "log10_lambda": -4.637843598027381, "log10_min_child_weight": 4.929595253089846, "log10_subsample": -0.7009446593398376, "max_depth": 7.0, "num_boost_round": 39.0}, "datetime": {"datetime": "2024-01-19 01:33:24", "elapsed": 4909.194732, "delta": 0.00561}}
{"target": -13.758538405724654, "params": {"gamma": 908.6429383750846, "log10_alpha": 1.0, "log10_colsample_bytree": 0.0, "log10_eta": -4.0, "log10_lambda": 1.0, "log10_min_child_weight": 5.0, "log10_subsample": 0.0, "max_depth": 10.0, "num_boost_round": 0.0}, "datetime": {"datetime": "2024-01-19 01:34:36", "elapsed": 4980.489826, "delta": 71.295094}}
{"target": -13.758538493389327, "params": {"gamma": 908.6429383750846, "log10_alpha": 1.0, "log10_colsample_bytree": 0.0, "log10_eta": -4.0, "log10_lambda": 1.0, "log10_min_child_weight": 5.0, "log10_subsample": 0.0, "max_depth": 10.0, "num_boost_round": 1.0}, "datetime": {"datetime": "2024-01-19 01:34:36", "elapsed": 4980.496554, "delta": 0.006728}}
{"target": -13.758538602238334, "params": {"gamma": 908.6429383750846, "log10_alpha": 1.0, "log10_colsample_bytree": 0.0, "log10_eta": -4.0, "log10_lambda": 1.0, "log10_min_child_weight": 5.0, "log10_subsample": 0.0, "max_depth": 10.0, "num_boost_round": 2.0}, "datetime": {"datetime": "2024-01-19 01:34:36", "elapsed": 4980.50242, "delta": 0.005866}}
{"target": -13.758538702493205, "params": {"gamma": 908.6429383750846, "log10_alpha": 1.0, "log10_colsample_bytree": 0.0, "log10_eta": -4.0, "log10_lambda": 1.0, "log10_min_child_weight": 5.0, "log10_subsample": 0.0, "max_depth": 10.0, "num_boost_round": 3.0}, "datetime": {"datetime": "2024-01-19 01:34:36", "elapsed": 4980.508267, "delta": 0.005847}}
{"target": -13.75853879310511, "params": {"gamma": 908.6429383750846, "log10_alpha": 1.0, "log10_colsample_bytree": 0.0, "log10_eta": -4.0, "log10_lambda": 1.0, "log10_min_child_weight": 5.0, "log10_subsample": 0.0, "max_depth": 10.0, "num_boost_round": 4.0}, "datetime": {"datetime": "2024-01-19 01:34:36", "elapsed": 4980.514329, "delta": 0.006062}}
{"target": -13.758538879356133, "params": {"gamma": 908.6429383750846, "log10_alpha": 1.0, "log10_colsample_bytree": 0.0, "log10_eta": -4.0, "log10_lambda": 1.0, "log10_min_child_weight": 5.0, "log10_subsample": 0.0, "max_depth": 10.0, "num_boost_round": 5.0}, "datetime": {"datetime": "2024-01-19 01:34:36", "elapsed": 4980.520293, "delta": 0.005964}}
{"target": -13.75853897693606, "params": {"gamma": 908.6429383750846, "log10_alpha": 1.0, "log10_colsample_bytree": 0.0, "log10_eta": -4.0, "log10_lambda": 1.0, "log10_min_child_weight": 5.0, "log10_subsample": 0.0, "max_depth": 10.0, "num_boost_round": 6.0}, "datetime": {"datetime": "2024-01-19 01:34:36", "elapsed": 4980.526265, "delta": 0.005972}}
{"target": -13.758539058375542, "params": {"gamma": 908.6429383750846, "log10_alpha": 1.0, "log10_colsample_bytree": 0.0, "log10_eta": -4.0, "log10_lambda": 1.0, "log10_min_child_weight": 5.0, "log10_subsample": 0.0, "max_depth": 10.0, "num_boost_round": 7.0}, "datetime": {"datetime": "2024-01-19 01:34:36", "elapsed": 4980.532779, "delta": 0.006514}}
{"target": -13.758539161414847, "params": {"gamma": 908.6429383750846, "log10_alpha": 1.0, "log10_colsample_bytree": 0.0, "log10_eta": -4.0, "log10_lambda": 1.0, "log10_min_child_weight": 5.0, "log10_subsample": 0.0, "max_depth": 10.0, "num_boost_round": 8.0}, "datetime": {"datetime": "2024-01-19 01:34:36", "elapsed": 4980.53887, "delta": 0.006091}}
{"target": -13.758539260742765, "params": {"gamma": 908.6429383750846, "log10_alpha": 1.0, "log10_colsample_bytree": 0.0, "log10_eta": -4.0, "log10_lambda": 1.0, "log10_min_child_weight": 5.0, "log10_subsample": 0.0, "max_depth": 10.0, "num_boost_round": 9.0}, "datetime": {"datetime": "2024-01-19 01:34:36", "elapsed": 4980.544689, "delta": 0.005819}}
{"target": -13.758539354229532, "params": {"gamma": 908.6429383750846, "log10_alpha": 1.0, "log10_colsample_bytree": 0.0, "log10_eta": -4.0, "log10_lambda": 1.0, "log10_min_child_weight": 5.0, "log10_subsample": 0.0, "max_depth": 10.0, "num_boost_round": 10.0}, "datetime": {"datetime": "2024-01-19 01:34:36", "elapsed": 4980.550238, "delta": 0.005549}}
{"target": -13.7585394506865, "params": {"gamma": 908.6429383750846, "log10_alpha": 1.0, "log10_colsample_bytree": 0.0, "log10_eta": -4.0, "log10_lambda": 1.0, "log10_min_child_weight": 5.0, "log10_subsample": 0.0, "max_depth": 10.0, "num_boost_round": 11.0}, "datetime": {"datetime": "2024-01-19 01:34:36", "elapsed": 4980.556406, "delta": 0.006168}}
{"target": -13.758539557031261, "params": {"gamma": 908.6429383750846, "log10_alpha": 1.0, "log10_colsample_bytree": 0.0, "log10_eta": -4.0, "log10_lambda": 1.0, "log10_min_child_weight": 5.0, "log10_subsample": 0.0, "max_depth": 10.0, "num_boost_round": 12.0}, "datetime": {"datetime": "2024-01-19 01:34:36", "elapsed": 4980.562118, "delta": 0.005712}}
{"target": -13.758539632917875, "params": {"gamma": 908.6429383750846, "log10_alpha": 1.0, "log10_colsample_bytree": 0.0, "log10_eta": -4.0, "log10_lambda": 1.0, "log10_min_child_weight": 5.0, "log10_subsample": 0.0, "max_depth": 10.0, "num_boost_round": 13.0}, "datetime": {"datetime": "2024-01-19 01:34:36", "elapsed": 4980.567794, "delta": 0.005676}}
{"target": -13.758535527531745, "params": {"gamma": 822.5821719023656, "log10_alpha": 0.5067923030229684, "log10_colsample_bytree": -0.5713696195194043, "log10_eta": -3.804882181888539, "log10_lambda": 0.23832955296142533, "log10_min_child_weight": 2.0607845418786717, "log10_subsample": -0.6960699330334842, "max_depth": 8.0, "num_boost_round": 0.0}, "datetime": {"datetime": "2024-01-19 01:35:52", "elapsed": 5057.007, "delta": 76.439206}}
{"target": -13.758528915036381, "params": {"gamma": 822.5821719023656, "log10_alpha": 0.5067923030229684, "log10_colsample_bytree": -0.5713696195194043, "log10_eta": -3.804882181888539, "log10_lambda": 0.23832955296142533, "log10_min_child_weight": 2.0607845418786717, "log10_subsample": -0.6960699330334842, "max_depth": 8.0, "num_boost_round": 1.0}, "datetime": {"datetime": "2024-01-19 01:35:52", "elapsed": 5057.013005, "delta": 0.006005}}
{"target": -13.758524618847844, "params": {"gamma": 822.5821719023656, "log10_alpha": 0.5067923030229684, "log10_colsample_bytree": -0.5713696195194043, "log10_eta": -3.804882181888539, "log10_lambda": 0.23832955296142533, "log10_min_child_weight": 2.0607845418786717, "log10_subsample": -0.6960699330334842, "max_depth": 8.0, "num_boost_round": 2.0}, "datetime": {"datetime": "2024-01-19 01:35:52", "elapsed": 5057.01872, "delta": 0.005715}}
{"target": -13.758522402671968, "params": {"gamma": 822.5821719023656, "log10_alpha": 0.5067923030229684, "log10_colsample_bytree": -0.5713696195194043, "log10_eta": -3.804882181888539, "log10_lambda": 0.23832955296142533, "log10_min_child_weight": 2.0607845418786717, "log10_subsample": -0.6960699330334842, "max_depth": 8.0, "num_boost_round": 3.0}, "datetime": {"datetime": "2024-01-19 01:35:52", "elapsed": 5057.024228, "delta": 0.005508}}
{"target": -13.758518521531846, "params": {"gamma": 822.5821719023656, "log10_alpha": 0.5067923030229684, "log10_colsample_bytree": -0.5713696195194043, "log10_eta": -3.804882181888539, "log10_lambda": 0.23832955296142533, "log10_min_child_weight": 2.0607845418786717, "log10_subsample": -0.6960699330334842, "max_depth": 8.0, "num_boost_round": 4.0}, "datetime": {"datetime": "2024-01-19 01:35:52", "elapsed": 5057.029693, "delta": 0.005465}}
{"target": -13.758513206289797, "params": {"gamma": 822.5821719023656, "log10_alpha": 0.5067923030229684, "log10_colsample_bytree": -0.5713696195194043, "log10_eta": -3.804882181888539, "log10_lambda": 0.23832955296142533, "log10_min_child_weight": 2.0607845418786717, "log10_subsample": -0.6960699330334842, "max_depth": 8.0, "num_boost_round": 5.0}, "datetime": {"datetime": "2024-01-19 01:35:52", "elapsed": 5057.035664, "delta": 0.005971}}
{"target": -13.758512334712465, "params": {"gamma": 822.5821719023656, "log10_alpha": 0.5067923030229684, "log10_colsample_bytree": -0.5713696195194043, "log10_eta": -3.804882181888539, "log10_lambda": 0.23832955296142533, "log10_min_child_weight": 2.0607845418786717, "log10_subsample": -0.6960699330334842, "max_depth": 8.0, "num_boost_round": 6.0}, "datetime": {"datetime": "2024-01-19 01:35:52", "elapsed": 5057.041457, "delta": 0.005793}}
{"target": -13.758505868269323, "params": {"gamma": 822.5821719023656, "log10_alpha": 0.5067923030229684, "log10_colsample_bytree": -0.5713696195194043, "log10_eta": -3.804882181888539, "log10_lambda": 0.23832955296142533, "log10_min_child_weight": 2.0607845418786717, "log10_subsample": -0.6960699330334842, "max_depth": 8.0, "num_boost_round": 7.0}, "datetime": {"datetime": "2024-01-19 01:35:52", "elapsed": 5057.047011, "delta": 0.005554}}
{"target": -13.75849935381689, "params": {"gamma": 822.5821719023656, "log10_alpha": 0.5067923030229684, "log10_colsample_bytree": -0.5713696195194043, "log10_eta": -3.804882181888539, "log10_lambda": 0.23832955296142533, "log10_min_child_weight": 2.0607845418786717, "log10_subsample": -0.6960699330334842, "max_depth": 8.0, "num_boost_round": 8.0}, "datetime": {"datetime": "2024-01-19 01:35:52", "elapsed": 5057.052822, "delta": 0.005811}}
{"target": -13.758496231224106, "params": {"gamma": 822.5821719023656, "log10_alpha": 0.5067923030229684, "log10_colsample_bytree": -0.5713696195194043, "log10_eta": -3.804882181888539, "log10_lambda": 0.23832955296142533, "log10_min_child_weight": 2.0607845418786717, "log10_subsample": -0.6960699330334842, "max_depth": 8.0, "num_boost_round": 9.0}, "datetime": {"datetime": "2024-01-19 01:35:52", "elapsed": 5057.05841, "delta": 0.005588}}
{"target": -13.758490072328467, "params": {"gamma": 822.5821719023656, "log10_alpha": 0.5067923030229684, "log10_colsample_bytree": -0.5713696195194043, "log10_eta": -3.804882181888539, "log10_lambda": 0.23832955296142533, "log10_min_child_weight": 2.0607845418786717, "log10_subsample": -0.6960699330334842, "max_depth": 8.0, "num_boost_round": 10.0}, "datetime": {"datetime": "2024-01-19 01:35:52", "elapsed": 5057.06392, "delta": 0.00551}}
{"target": -13.758489171968176, "params": {"gamma": 822.5821719023656, "log10_alpha": 0.5067923030229684, "log10_colsample_bytree": -0.5713696195194043, "log10_eta": -3.804882181888539, "log10_lambda": 0.23832955296142533, "log10_min_child_weight": 2.0607845418786717, "log10_subsample": -0.6960699330334842, "max_depth": 8.0, "num_boost_round": 11.0}, "datetime": {"datetime": "2024-01-19 01:35:52", "elapsed": 5057.069416, "delta": 0.005496}}
{"target": -13.758488013034626, "params": {"gamma": 822.5821719023656, "log10_alpha": 0.5067923030229684, "log10_colsample_bytree": -0.5713696195194043, "log10_eta": -3.804882181888539, "log10_lambda": 0.23832955296142533, "log10_min_child_weight": 2.0607845418786717, "log10_subsample": -0.6960699330334842, "max_depth": 8.0, "num_boost_round": 12.0}, "datetime": {"datetime": "2024-01-19 01:35:52", "elapsed": 5057.075072, "delta": 0.005656}}
{"target": -13.758488998757144, "params": {"gamma": 822.5821719023656, "log10_alpha": 0.5067923030229684, "log10_colsample_bytree": -0.5713696195194043, "log10_eta": -3.804882181888539, "log10_lambda": 0.23832955296142533, "log10_min_child_weight": 2.0607845418786717, "log10_subsample": -0.6960699330334842, "max_depth": 8.0, "num_boost_round": 13.0}, "datetime": {"datetime": "2024-01-19 01:35:52", "elapsed": 5057.080576, "delta": 0.005504}}
{"target": -13.758485401092784, "params": {"gamma": 822.5821719023656, "log10_alpha": 0.5067923030229684, "log10_colsample_bytree": -0.5713696195194043, "log10_eta": -3.804882181888539, "log10_lambda": 0.23832955296142533, "log10_min_child_weight": 2.0607845418786717, "log10_subsample": -0.6960699330334842, "max_depth": 8.0, "num_boost_round": 14.0}, "datetime": {"datetime": "2024-01-19 01:35:52", "elapsed": 5057.086194, "delta": 0.005618}}
