{"target": -17.677145101808303, "params": {"gamma": 69.06047943927685, "log10_alpha": -2.8446367298745106, "log10_colsample_bytree": -0.5633872716882087, "log10_eta": -3.441839886208425, "log10_lambda": -4.3051349308525015, "log10_min_child_weight": 2.26690236971681, "log10_subsample": -0.019376077556574445, "max_depth": 4.0, "num_boost_round": 5.0}, "datetime": {"datetime": "2024-01-19 00:19:53", "elapsed": 500.852399, "delta": 0.000822}}
{"target": -17.677137844381296, "params": {"gamma": 69.06047943927685, "log10_alpha": -2.8446367298745106, "log10_colsample_bytree": -0.5633872716882087, "log10_eta": -3.441839886208425, "log10_lambda": -4.3051349308525015, "log10_min_child_weight": 2.26690236971681, "log10_subsample": -0.019376077556574445, "max_depth": 4.0, "num_boost_round": 6.0}, "datetime": {"datetime": "2024-01-19 00:19:53", "elapsed": 500.853225, "delta": 0.000826}}
{"target": -17.677133403139255, "params": {"gamma": 69.06047943927685, "log10_alpha": -2.8446367298745106, "log10_colsample_bytree": -0.5633872716882087, "log10_eta": -3.441839886208425, "log10_lambda": -4.3051349308525015, "log10_min_child_weight": 2.26690236971681, "log10_subsample": -0.019376077556574445, "max_depth": 4.0, "num_boost_round": 7.0}, "datetime": {"datetime": "2024-01-19 00:19:53", "elapsed": 500.854127, "delta": 0.000902}}
{"target": -17.677127560193625, "params": {"gamma": 69.06047943927685, "log10_alpha": -2.8446367298745106, "log10_colsample_bytree": -0.5633872716882087, "log10_eta": -3.441839886208425, "log10_lambda": -4.3051349308525015, "log10_min_child_weight": 2.26690236971681, "log10_subsample": -0.019376077556574445, "max_depth": 4.0, "num_boost_round": 8.0}, "datetime": {"datetime": "2024-01-19 00:19:53", "elapsed": 500.854927, "delta": 0.0008}}
{"target": -17.677118395851263, "params": {"gamma": 69.06047943927685, "log10_alpha": -2.8446367298745106, "log10_colsample_bytree": -0.5633872716882087, "log10_eta": -3.441839886208425, "log10_lambda": -4.3051349308525015, "log10_min_child_weight": 2.26690236971681, "log10_subsample": -0.019376077556574445, "max_depth": 4.0, "num_boost_round": 9.0}, "datetime": {"datetime": "2024-01-19 00:19:53", "elapsed": 500.855738, "delta": 0.000811}}
{"target": -17.677099742347508, "params": {"gamma": 69.06047943927685, "log10_alpha": -2.8446367298745106, "log10_colsample_bytree": -0.5633872716882087, "log10_eta": -3.441839886208425, "log10_lambda": -4.3051349308525015, "log10_min_child_weight": 2.26690236971681, "log10_subsample": -0.019376077556574445, "max_depth": 4.0, "num_boost_round": 10.0}, "datetime": {"datetime": "2024-01-19 00:19:53", "elapsed": 500.856644, "delta": 0.000906}}
{"target": -17.6771059421192, "params": {"gamma": 69.06047943927685, "log10_alpha": -2.8446367298745106, "log10_colsample_bytree": -0.5633872716882087, "log10_eta": -3.441839886208425, "log10_lambda": -4.3051349308525015, "log10_min_child_weight": 2.26690236971681, "log10_subsample": -0.019376077556574445, "max_depth": 4.0, "num_boost_round": 11.0}, "datetime": {"datetime": "2024-01-19 00:19:53", "elapsed": 500.857466, "delta": 0.000822}}
{"target": -17.677097725420253, "params": {"gamma": 69.06047943927685, "log10_alpha": -2.8446367298745106, "log10_colsample_bytree": -0.5633872716882087, "log10_eta": -3.441839886208425, "log10_lambda": -4.3051349308525015, "log10_min_child_weight": 2.26690236971681, "log10_subsample": -0.019376077556574445, "max_depth": 4.0, "num_boost_round": 12.0}, "datetime": {"datetime": "2024-01-19 00:19:53", "elapsed": 500.858311, "delta": 0.000845}}
{"target": -17.677077727021004, "params": {"gamma": 69.06047943927685, "log10_alpha": -2.8446367298745106, "log10_colsample_bytree": -0.5633872716882087, "log10_eta": -3.441839886208425, "log10_lambda": -4.3051349308525015, "log10_min_child_weight": 2.26690236971681, "log10_subsample": -0.019376077556574445, "max_depth": 4.0, "num_boost_round": 13.0}, "datetime": {"datetime": "2024-01-19 00:19:53", "elapsed": 500.859132, "delta": 0.000821}}
{"target": -17.677081435372322, "params": {"gamma": 69.06047943927685, "log10_alpha": -2.8446367298745106, "log10_colsample_bytree": -0.5633872716882087, "log10_eta": -3.441839886208425, "log10_lambda": -4.3051349308525015, "log10_min_child_weight": 2.26690236971681, "log10_subsample": -0.019376077556574445, "max_depth": 4.0, "num_boost_round": 14.0}, "datetime": {"datetime": "2024-01-19 00:19:53", "elapsed": 500.859955, "delta": 0.000823}}
{"target": -17.677070455752446, "params": {"gamma": 69.06047943927685, "log10_alpha": -2.8446367298745106, "log10_colsample_bytree": -0.5633872716882087, "log10_eta": -3.441839886208425, "log10_lambda": -4.3051349308525015, "log10_min_child_weight": 2.26690236971681, "log10_subsample": -0.019376077556574445, "max_depth": 4.0, "num_boost_round": 15.0}, "datetime": {"datetime": "2024-01-19 00:19:53", "elapsed": 500.860773, "delta": 0.000818}}
{"target": -17.677050386801756, "params": {"gamma": 69.06047943927685, "log10_alpha": -2.8446367298745106, "log10_colsample_bytree": -0.5633872716882087, "log10_eta": -3.441839886208425, "log10_lambda": -4.3051349308525015, "log10_min_child_weight": 2.26690236971681, "log10_subsample": -0.019376077556574445, "max_depth": 4.0, "num_boost_round": 16.0}, "datetime": {"datetime": "2024-01-19 00:19:53", "elapsed": 500.861615, "delta": 0.000842}}
{"target": -17.677049703244567, "params": {"gamma": 69.06047943927685, "log10_alpha": -2.8446367298745106, "log10_colsample_bytree": -0.5633872716882087, "log10_eta": -3.441839886208425, "log10_lambda": -4.3051349308525015, "log10_min_child_weight": 2.26690236971681, "log10_subsample": -0.019376077556574445, "max_depth": 4.0, "num_boost_round": 17.0}, "datetime": {"datetime": "2024-01-19 00:19:53", "elapsed": 500.862457, "delta": 0.000842}}
{"target": -17.677027860721463, "params": {"gamma": 69.06047943927685, "log10_alpha": -2.8446367298745106, "log10_colsample_bytree": -0.5633872716882087, "log10_eta": -3.441839886208425, "log10_lambda": -4.3051349308525015, "log10_min_child_weight": 2.26690236971681, "log10_subsample": -0.019376077556574445, "max_depth": 4.0, "num_boost_round": 18.0}, "datetime": {"datetime": "2024-01-19 00:19:53", "elapsed": 500.863288, "delta": 0.000831}}
{"target": -17.67701791241342, "params": {"gamma": 69.06047943927685, "log10_alpha": -2.8446367298745106, "log10_colsample_bytree": -0.5633872716882087, "log10_eta": -3.441839886208425, "log10_lambda": -4.3051349308525015, "log10_min_child_weight": 2.26690236971681, "log10_subsample": -0.019376077556574445, "max_depth": 4.0, "num_boost_round": 19.0}, "datetime": {"datetime": "2024-01-19 00:19:53", "elapsed": 500.864126, "delta": 0.000838}}
{"target": -17.677005079257167, "params": {"gamma": 69.06047943927685, "log10_alpha": -2.8446367298745106, "log10_colsample_bytree": -0.5633872716882087, "log10_eta": -3.441839886208425, "log10_lambda": -4.3051349308525015, "log10_min_child_weight": 2.26690236971681, "log10_subsample": -0.019376077556574445, "max_depth": 4.0, "num_boost_round": 20.0}, "datetime": {"datetime": "2024-01-19 00:19:53", "elapsed": 500.864952, "delta": 0.000826}}
{"target": -17.676994314068075, "params": {"gamma": 69.06047943927685, "log10_alpha": -2.8446367298745106, "log10_colsample_bytree": -0.5633872716882087, "log10_eta": -3.441839886208425, "log10_lambda": -4.3051349308525015, "log10_min_child_weight": 2.26690236971681, "log10_subsample": -0.019376077556574445, "max_depth": 4.0, "num_boost_round": 21.0}, "datetime": {"datetime": "2024-01-19 00:19:53", "elapsed": 500.865771, "delta": 0.000819}}
{"target": -17.676970414685176, "params": {"gamma": 69.06047943927685, "log10_alpha": -2.8446367298745106, "log10_colsample_bytree": -0.5633872716882087, "log10_eta": -3.441839886208425, "log10_lambda": -4.3051349308525015, "log10_min_child_weight": 2.26690236971681, "log10_subsample": -0.019376077556574445, "max_depth": 4.0, "num_boost_round": 22.0}, "datetime": {"datetime": "2024-01-19 00:19:53", "elapsed": 500.866688, "delta": 0.000917}}
{"target": -17.676963705909408, "params": {"gamma": 69.06047943927685, "log10_alpha": -2.8446367298745106, "log10_colsample_bytree": -0.5633872716882087, "log10_eta": -3.441839886208425, "log10_lambda": -4.3051349308525015, "log10_min_child_weight": 2.26690236971681, "log10_subsample": -0.019376077556574445, "max_depth": 4.0, "num_boost_round": 23.0}, "datetime": {"datetime": "2024-01-19 00:19:53", "elapsed": 500.867525, "delta": 0.000837}}
{"target": -17.67696726681953, "params": {"gamma": 69.06047943927685, "log10_alpha": -2.8446367298745106, "log10_colsample_bytree": -0.5633872716882087, "log10_eta": -3.441839886208425, "log10_lambda": -4.3051349308525015, "log10_min_child_weight": 2.26690236971681, "log10_subsample": -0.019376077556574445, "max_depth": 4.0, "num_boost_round": 24.0}, "datetime": {"datetime": "2024-01-19 00:19:53", "elapsed": 500.8684, "delta": 0.000875}}
{"target": -17.676955415260075, "params": {"gamma": 69.06047943927685, "log10_alpha": -2.8446367298745106, "log10_colsample_bytree": -0.5633872716882087, "log10_eta": -3.441839886208425, "log10_lambda": -4.3051349308525015, "log10_min_child_weight": 2.26690236971681, "log10_subsample": -0.019376077556574445, "max_depth": 4.0, "num_boost_round": 25.0}, "datetime": {"datetime": "2024-01-19 00:19:53", "elapsed": 500.869245, "delta": 0.000845}}
{"target": -17.67694808786483, "params": {"gamma": 69.06047943927685, "log10_alpha": -2.8446367298745106, "log10_colsample_bytree": -0.5633872716882087, "log10_eta": -3.441839886208425, "log10_lambda": -4.3051349308525015, "log10_min_child_weight": 2.26690236971681, "log10_subsample": -0.019376077556574445, "max_depth": 4.0, "num_boost_round": 26.0}, "datetime": {"datetime": "2024-01-19 00:19:53", "elapsed": 500.870081, "delta": 0.000836}}
{"target": -17.676941895375606, "params": {"gamma": 69.06047943927685, "log10_alpha": -2.8446367298745106, "log10_colsample_bytree": -0.5633872716882087, "log10_eta": -3.441839886208425, "log10_lambda": -4.3051349308525015, "log10_min_child_weight": 2.26690236971681, "log10_subsample": -0.019376077556574445, "max_depth": 4.0, "num_boost_round": 27.0}, "datetime": {"datetime": "2024-01-19 00:19:53", "elapsed": 500.870912, "delta": 0.000831}}
{"target": -17.68469230740919, "params": {"gamma": 69.90707360211724, "log10_alpha": -4.378113825010427, "log10_colsample_bytree": -0.159870993664597, "log10_eta": -0.5712378754834324, "log10_lambda": -4.782605647815336, "log10_min_child_weight": 3.5892159255594285, "log10_subsample": -0.06396603048996763, "max_depth": 5.0, "num_boost_round": 0.0}, "datetime": {"datetime": "2024-01-19 00:20:16", "elapsed": 524.10968, "delta": 23.238768}}
{"target": -17.691029692423466, "params": {"gamma": 69.90707360211724, "log10_alpha": -4.378113825010427, "log10_colsample_bytree": -0.159870993664597, "log10_eta": -0.5712378754834324, "log10_lambda": -4.782605647815336, "log10_min_child_weight": 3.5892159255594285, "log10_subsample": -0.06396603048996763, "max_depth": 5.0, "num_boost_round": 1.0}, "datetime": {"datetime": "2024-01-19 00:20:16", "elapsed": 524.110712, "delta": 0.001032}}
{"target": -17.695314571401365, "params": {"gamma": 69.90707360211724, "log10_alpha": -4.378113825010427, "log10_colsample_bytree": -0.159870993664597, "log10_eta": -0.5712378754834324, "log10_lambda": -4.782605647815336, "log10_min_child_weight": 3.5892159255594285, "log10_subsample": -0.06396603048996763, "max_depth": 5.0, "num_boost_round": 2.0}, "datetime": {"datetime": "2024-01-19 00:20:16", "elapsed": 524.111572, "delta": 0.00086}}
{"target": -17.7124496926527, "params": {"gamma": 69.90707360211724, "log10_alpha": -4.378113825010427, "log10_colsample_bytree": -0.159870993664597, "log10_eta": -0.5712378754834324, "log10_lambda": -4.782605647815336, "log10_min_child_weight": 3.5892159255594285, "log10_subsample": -0.06396603048996763, "max_depth": 5.0, "num_boost_round": 3.0}, "datetime": {"datetime": "2024-01-19 00:20:16", "elapsed": 524.112417, "delta": 0.000845}}
{"target": -17.71898018125598, "params": {"gamma": 69.90707360211724, "log10_alpha": -4.378113825010427, "log10_colsample_bytree": -0.159870993664597, "log10_eta": -0.5712378754834324, "log10_lambda": -4.782605647815336, "log10_min_child_weight": 3.5892159255594285, "log10_subsample": -0.06396603048996763, "max_depth": 5.0, "num_boost_round": 4.0}, "datetime": {"datetime": "2024-01-19 00:20:16", "elapsed": 524.113252, "delta": 0.000835}}
{"target": -17.73402730853988, "params": {"gamma": 69.90707360211724, "log10_alpha": -4.378113825010427, "log10_colsample_bytree": -0.159870993664597, "log10_eta": -0.5712378754834324, "log10_lambda": -4.782605647815336, "log10_min_child_weight": 3.5892159255594285, "log10_subsample": -0.06396603048996763, "max_depth": 5.0, "num_boost_round": 5.0}, "datetime": {"datetime": "2024-01-19 00:20:16", "elapsed": 524.114357, "delta": 0.001105}}
{"target": -17.74365144958556, "params": {"gamma": 69.90707360211724, "log10_alpha": -4.378113825010427, "log10_colsample_bytree": -0.159870993664597, "log10_eta": -0.5712378754834324, "log10_lambda": -4.782605647815336, "log10_min_child_weight": 3.5892159255594285, "log10_subsample": -0.06396603048996763, "max_depth": 5.0, "num_boost_round": 6.0}, "datetime": {"datetime": "2024-01-19 00:20:16", "elapsed": 524.115209, "delta": 0.000852}}
{"target": -17.756112132137794, "params": {"gamma": 69.90707360211724, "log10_alpha": -4.378113825010427, "log10_colsample_bytree": -0.159870993664597, "log10_eta": -0.5712378754834324, "log10_lambda": -4.782605647815336, "log10_min_child_weight": 3.5892159255594285, "log10_subsample": -0.06396603048996763, "max_depth": 5.0, "num_boost_round": 7.0}, "datetime": {"datetime": "2024-01-19 00:20:16", "elapsed": 524.116049, "delta": 0.00084}}
{"target": -17.770709783700553, "params": {"gamma": 69.90707360211724, "log10_alpha": -4.378113825010427, "log10_colsample_bytree": -0.159870993664597, "log10_eta": -0.5712378754834324, "log10_lambda": -4.782605647815336, "log10_min_child_weight": 3.5892159255594285, "log10_subsample": -0.06396603048996763, "max_depth": 5.0, "num_boost_round": 8.0}, "datetime": {"datetime": "2024-01-19 00:20:16", "elapsed": 524.116882, "delta": 0.000833}}
{"target": -17.773253466365382, "params": {"gamma": 69.90707360211724, "log10_alpha": -4.378113825010427, "log10_colsample_bytree": -0.159870993664597, "log10_eta": -0.5712378754834324, "log10_lambda": -4.782605647815336, "log10_min_child_weight": 3.5892159255594285, "log10_subsample": -0.06396603048996763, "max_depth": 5.0, "num_boost_round": 9.0}, "datetime": {"datetime": "2024-01-19 00:20:16", "elapsed": 524.117726, "delta": 0.000844}}
{"target": -17.780453700429376, "params": {"gamma": 69.90707360211724, "log10_alpha": -4.378113825010427, "log10_colsample_bytree": -0.159870993664597, "log10_eta": -0.5712378754834324, "log10_lambda": -4.782605647815336, "log10_min_child_weight": 3.5892159255594285, "log10_subsample": -0.06396603048996763, "max_depth": 5.0, "num_boost_round": 10.0}, "datetime": {"datetime": "2024-01-19 00:20:16", "elapsed": 524.118874, "delta": 0.001148}}
{"target": -17.7847682222178, "params": {"gamma": 69.90707360211724, "log10_alpha": -4.378113825010427, "log10_colsample_bytree": -0.159870993664597, "log10_eta": -0.5712378754834324, "log10_lambda": -4.782605647815336, "log10_min_child_weight": 3.5892159255594285, "log10_subsample": -0.06396603048996763, "max_depth": 5.0, "num_boost_round": 11.0}, "datetime": {"datetime": "2024-01-19 00:20:16", "elapsed": 524.120543, "delta": 0.001669}}
{"target": -17.799317204701968, "params": {"gamma": 69.90707360211724, "log10_alpha": -4.378113825010427, "log10_colsample_bytree": -0.159870993664597, "log10_eta": -0.5712378754834324, "log10_lambda": -4.782605647815336, "log10_min_child_weight": 3.5892159255594285, "log10_subsample": -0.06396603048996763, "max_depth": 5.0, "num_boost_round": 12.0}, "datetime": {"datetime": "2024-01-19 00:20:16", "elapsed": 524.121404, "delta": 0.000861}}
{"target": -17.827572749169658, "params": {"gamma": 69.90707360211724, "log10_alpha": -4.378113825010427, "log10_colsample_bytree": -0.159870993664597, "log10_eta": -0.5712378754834324, "log10_lambda": -4.782605647815336, "log10_min_child_weight": 3.5892159255594285, "log10_subsample": -0.06396603048996763, "max_depth": 5.0, "num_boost_round": 13.0}, "datetime": {"datetime": "2024-01-19 00:20:16", "elapsed": 524.122263, "delta": 0.000859}}
{"target": -17.86900554770877, "params": {"gamma": 69.90707360211724, "log10_alpha": -4.378113825010427, "log10_colsample_bytree": -0.159870993664597, "log10_eta": -0.5712378754834324, "log10_lambda": -4.782605647815336, "log10_min_child_weight": 3.5892159255594285, "log10_subsample": -0.06396603048996763, "max_depth": 5.0, "num_boost_round": 14.0}, "datetime": {"datetime": "2024-01-19 00:20:16", "elapsed": 524.123117, "delta": 0.000854}}
{"target": -17.863697483434606, "params": {"gamma": 69.90707360211724, "log10_alpha": -4.378113825010427, "log10_colsample_bytree": -0.159870993664597, "log10_eta": -0.5712378754834324, "log10_lambda": -4.782605647815336, "log10_min_child_weight": 3.5892159255594285, "log10_subsample": -0.06396603048996763, "max_depth": 5.0, "num_boost_round": 15.0}, "datetime": {"datetime": "2024-01-19 00:20:16", "elapsed": 524.123987, "delta": 0.00087}}
{"target": -17.869330563910754, "params": {"gamma": 69.90707360211724, "log10_alpha": -4.378113825010427, "log10_colsample_bytree": -0.159870993664597, "log10_eta": -0.5712378754834324, "log10_lambda": -4.782605647815336, "log10_min_child_weight": 3.5892159255594285, "log10_subsample": -0.06396603048996763, "max_depth": 5.0, "num_boost_round": 16.0}, "datetime": {"datetime": "2024-01-19 00:20:16", "elapsed": 524.124836, "delta": 0.000849}}
{"target": -17.878772541081638, "params": {"gamma": 69.90707360211724, "log10_alpha": -4.378113825010427, "log10_colsample_bytree": -0.159870993664597, "log10_eta": -0.5712378754834324, "log10_lambda": -4.782605647815336, "log10_min_child_weight": 3.5892159255594285, "log10_subsample": -0.06396603048996763, "max_depth": 5.0, "num_boost_round": 17.0}, "datetime": {"datetime": "2024-01-19 00:20:16", "elapsed": 524.125713, "delta": 0.000877}}
{"target": -17.88835223690179, "params": {"gamma": 69.90707360211724, "log10_alpha": -4.378113825010427, "log10_colsample_bytree": -0.159870993664597, "log10_eta": -0.5712378754834324, "log10_lambda": -4.782605647815336, "log10_min_child_weight": 3.5892159255594285, "log10_subsample": -0.06396603048996763, "max_depth": 5.0, "num_boost_round": 18.0}, "datetime": {"datetime": "2024-01-19 00:20:16", "elapsed": 524.126687, "delta": 0.000974}}
{"target": -17.885843122625474, "params": {"gamma": 69.90707360211724, "log10_alpha": -4.378113825010427, "log10_colsample_bytree": -0.159870993664597, "log10_eta": -0.5712378754834324, "log10_lambda": -4.782605647815336, "log10_min_child_weight": 3.5892159255594285, "log10_subsample": -0.06396603048996763, "max_depth": 5.0, "num_boost_round": 19.0}, "datetime": {"datetime": "2024-01-19 00:20:16", "elapsed": 524.127741, "delta": 0.001054}}
{"target": -17.89734934024665, "params": {"gamma": 69.90707360211724, "log10_alpha": -4.378113825010427, "log10_colsample_bytree": -0.159870993664597, "log10_eta": -0.5712378754834324, "log10_lambda": -4.782605647815336, "log10_min_child_weight": 3.5892159255594285, "log10_subsample": -0.06396603048996763, "max_depth": 5.0, "num_boost_round": 20.0}, "datetime": {"datetime": "2024-01-19 00:20:16", "elapsed": 524.128719, "delta": 0.000978}}
{"target": -17.677225097801177, "params": {"gamma": 66.67909437801478, "log10_alpha": -2.5477516104807085, "log10_colsample_bytree": -0.8563748849803281, "log10_eta": -3.3720430315316134, "log10_lambda": -0.7347740719995546, "log10_min_child_weight": 0.9964890960082207, "log10_subsample": -0.12355265534932502, "max_depth": 4.0, "num_boost_round": 0.0}, "datetime": {"datetime": "2024-01-19 00:20:41", "elapsed": 548.405919, "delta": 24.2772}}
{"target": -17.67723193474957, "params": {"gamma": 66.67909437801478, "log10_alpha": -2.5477516104807085, "log10_colsample_bytree": -0.8563748849803281, "log10_eta": -3.3720430315316134, "log10_lambda": -0.7347740719995546, "log10_min_child_weight": 0.9964890960082207, "log10_subsample": -0.12355265534932502, "max_depth": 4.0, "num_boost_round": 1.0}, "datetime": {"datetime": "2024-01-19 00:20:41", "elapsed": 548.406979, "delta": 0.00106}}
{"target": -17.677220471950285, "params": {"gamma": 66.67909437801478, "log10_alpha": -2.5477516104807085, "log10_colsample_bytree": -0.8563748849803281, "log10_eta": -3.3720430315316134, "log10_lambda": -0.7347740719995546, "log10_min_child_weight": 0.9964890960082207, "log10_subsample": -0.12355265534932502, "max_depth": 4.0, "num_boost_round": 2.0}, "datetime": {"datetime": "2024-01-19 00:20:41", "elapsed": 548.408406, "delta": 0.001427}}
{"target": -17.677217716715333, "params": {"gamma": 66.67909437801478, "log10_alpha": -2.5477516104807085, "log10_colsample_bytree": -0.8563748849803281, "log10_eta": -3.3720430315316134, "log10_lambda": -0.7347740719995546, "log10_min_child_weight": 0.9964890960082207, "log10_subsample": -0.12355265534932502, "max_depth": 4.0, "num_boost_round": 3.0}, "datetime": {"datetime": "2024-01-19 00:20:41", "elapsed": 548.409407, "delta": 0.001001}}
{"target": -17.67719336171572, "params": {"gamma": 66.67909437801478, "log10_alpha": -2.5477516104807085, "log10_colsample_bytree": -0.8563748849803281, "log10_eta": -3.3720430315316134, "log10_lambda": -0.7347740719995546, "log10_min_child_weight": 0.9964890960082207, "log10_subsample": -0.12355265534932502, "max_depth": 4.0, "num_boost_round": 4.0}, "datetime": {"datetime": "2024-01-19 00:20:41", "elapsed": 548.41028, "delta": 0.000873}}
