{"target": -13.75853124541376, "params": {"gamma": 549.0540594024498, "log10_alpha": -0.997964775039561, "log10_colsample_bytree": -0.22644595508580057, "log10_eta": -2.2585747961304756, "log10_lambda": 0.43058646620992214, "log10_min_child_weight": 3.9730744917110323, "log10_subsample": -0.949374036353262, "max_depth": 9.0, "num_boost_round": 7.0}, "datetime": {"datetime": "2024-01-19 00:51:26", "elapsed": 2339.312483, "delta": 0.002841}}
{"target": -13.758528677409842, "params": {"gamma": 549.0540594024498, "log10_alpha": -0.997964775039561, "log10_colsample_bytree": -0.22644595508580057, "log10_eta": -2.2585747961304756, "log10_lambda": 0.43058646620992214, "log10_min_child_weight": 3.9730744917110323, "log10_subsample": -0.949374036353262, "max_depth": 9.0, "num_boost_round": 8.0}, "datetime": {"datetime": "2024-01-19 00:51:26", "elapsed": 2339.315496, "delta": 0.003013}}
{"target": -13.758457772475257, "params": {"gamma": 549.0540594024498, "log10_alpha": -0.997964775039561, "log10_colsample_bytree": -0.22644595508580057, "log10_eta": -2.2585747961304756, "log10_lambda": 0.43058646620992214, "log10_min_child_weight": 3.9730744917110323, "log10_subsample": -0.949374036353262, "max_depth": 9.0, "num_boost_round": 9.0}, "datetime": {"datetime": "2024-01-19 00:51:26", "elapsed": 2339.318403, "delta": 0.002907}}
{"target": -13.75841939225339, "params": {"gamma": 549.0540594024498, "log10_alpha": -0.997964775039561, "log10_colsample_bytree": -0.22644595508580057, "log10_eta": -2.2585747961304756, "log10_lambda": 0.43058646620992214, "log10_min_child_weight": 3.9730744917110323, "log10_subsample": -0.949374036353262, "max_depth": 9.0, "num_boost_round": 10.0}, "datetime": {"datetime": "2024-01-19 00:51:26", "elapsed": 2339.321261, "delta": 0.002858}}
{"target": -13.758421121850342, "params": {"gamma": 549.0540594024498, "log10_alpha": -0.997964775039561, "log10_colsample_bytree": -0.22644595508580057, "log10_eta": -2.2585747961304756, "log10_lambda": 0.43058646620992214, "log10_min_child_weight": 3.9730744917110323, "log10_subsample": -0.949374036353262, "max_depth": 9.0, "num_boost_round": 11.0}, "datetime": {"datetime": "2024-01-19 00:51:26", "elapsed": 2339.324105, "delta": 0.002844}}
{"target": -13.75836788017236, "params": {"gamma": 549.0540594024498, "log10_alpha": -0.997964775039561, "log10_colsample_bytree": -0.22644595508580057, "log10_eta": -2.2585747961304756, "log10_lambda": 0.43058646620992214, "log10_min_child_weight": 3.9730744917110323, "log10_subsample": -0.949374036353262, "max_depth": 9.0, "num_boost_round": 12.0}, "datetime": {"datetime": "2024-01-19 00:51:26", "elapsed": 2339.326926, "delta": 0.002821}}
{"target": -13.758386769685705, "params": {"gamma": 549.0540594024498, "log10_alpha": -0.997964775039561, "log10_colsample_bytree": -0.22644595508580057, "log10_eta": -2.2585747961304756, "log10_lambda": 0.43058646620992214, "log10_min_child_weight": 3.9730744917110323, "log10_subsample": -0.949374036353262, "max_depth": 9.0, "num_boost_round": 13.0}, "datetime": {"datetime": "2024-01-19 00:51:26", "elapsed": 2339.329762, "delta": 0.002836}}
{"target": -13.758354636652411, "params": {"gamma": 549.0540594024498, "log10_alpha": -0.997964775039561, "log10_colsample_bytree": -0.22644595508580057, "log10_eta": -2.2585747961304756, "log10_lambda": 0.43058646620992214, "log10_min_child_weight": 3.9730744917110323, "log10_subsample": -0.949374036353262, "max_depth": 9.0, "num_boost_round": 14.0}, "datetime": {"datetime": "2024-01-19 00:51:26", "elapsed": 2339.332755, "delta": 0.002993}}
{"target": -13.758306891041283, "params": {"gamma": 549.0540594024498, "log10_alpha": -0.997964775039561, "log10_colsample_bytree": -0.22644595508580057, "log10_eta": -2.2585747961304756, "log10_lambda": 0.43058646620992214, "log10_min_child_weight": 3.9730744917110323, "log10_subsample": -0.949374036353262, "max_depth": 9.0, "num_boost_round": 15.0}, "datetime": {"datetime": "2024-01-19 00:51:26", "elapsed": 2339.335621, "delta": 0.002866}}
{"target": -13.758319149898432, "params": {"gamma": 549.0540594024498, "log10_alpha": -0.997964775039561, "log10_colsample_bytree": -0.22644595508580057, "log10_eta": -2.2585747961304756, "log10_lambda": 0.43058646620992214, "log10_min_child_weight": 3.9730744917110323, "log10_subsample": -0.949374036353262, "max_depth": 9.0, "num_boost_round": 16.0}, "datetime": {"datetime": "2024-01-19 00:51:26", "elapsed": 2339.33845, "delta": 0.002829}}
{"target": -13.758337840808208, "params": {"gamma": 549.0540594024498, "log10_alpha": -0.997964775039561, "log10_colsample_bytree": -0.22644595508580057, "log10_eta": -2.2585747961304756, "log10_lambda": 0.43058646620992214, "log10_min_child_weight": 3.9730744917110323, "log10_subsample": -0.949374036353262, "max_depth": 9.0, "num_boost_round": 17.0}, "datetime": {"datetime": "2024-01-19 00:51:26", "elapsed": 2339.34136, "delta": 0.00291}}
{"target": -13.75838822569144, "params": {"gamma": 549.0540594024498, "log10_alpha": -0.997964775039561, "log10_colsample_bytree": -0.22644595508580057, "log10_eta": -2.2585747961304756, "log10_lambda": 0.43058646620992214, "log10_min_child_weight": 3.9730744917110323, "log10_subsample": -0.949374036353262, "max_depth": 9.0, "num_boost_round": 18.0}, "datetime": {"datetime": "2024-01-19 00:51:26", "elapsed": 2339.344184, "delta": 0.002824}}
{"target": -13.758382907140357, "params": {"gamma": 549.0540594024498, "log10_alpha": -0.997964775039561, "log10_colsample_bytree": -0.22644595508580057, "log10_eta": -2.2585747961304756, "log10_lambda": 0.43058646620992214, "log10_min_child_weight": 3.9730744917110323, "log10_subsample": -0.949374036353262, "max_depth": 9.0, "num_boost_round": 19.0}, "datetime": {"datetime": "2024-01-19 00:51:26", "elapsed": 2339.347007, "delta": 0.002823}}
{"target": -13.758389479123798, "params": {"gamma": 549.0540594024498, "log10_alpha": -0.997964775039561, "log10_colsample_bytree": -0.22644595508580057, "log10_eta": -2.2585747961304756, "log10_lambda": 0.43058646620992214, "log10_min_child_weight": 3.9730744917110323, "log10_subsample": -0.949374036353262, "max_depth": 9.0, "num_boost_round": 20.0}, "datetime": {"datetime": "2024-01-19 00:51:26", "elapsed": 2339.349845, "delta": 0.002838}}
{"target": -13.758394384711426, "params": {"gamma": 549.0540594024498, "log10_alpha": -0.997964775039561, "log10_colsample_bytree": -0.22644595508580057, "log10_eta": -2.2585747961304756, "log10_lambda": 0.43058646620992214, "log10_min_child_weight": 3.9730744917110323, "log10_subsample": -0.949374036353262, "max_depth": 9.0, "num_boost_round": 21.0}, "datetime": {"datetime": "2024-01-19 00:51:26", "elapsed": 2339.352858, "delta": 0.003013}}
{"target": -13.758369018274951, "params": {"gamma": 549.0540594024498, "log10_alpha": -0.997964775039561, "log10_colsample_bytree": -0.22644595508580057, "log10_eta": -2.2585747961304756, "log10_lambda": 0.43058646620992214, "log10_min_child_weight": 3.9730744917110323, "log10_subsample": -0.949374036353262, "max_depth": 9.0, "num_boost_round": 22.0}, "datetime": {"datetime": "2024-01-19 00:51:26", "elapsed": 2339.355731, "delta": 0.002873}}
{"target": -13.758395163213411, "params": {"gamma": 549.0540594024498, "log10_alpha": -0.997964775039561, "log10_colsample_bytree": -0.22644595508580057, "log10_eta": -2.2585747961304756, "log10_lambda": 0.43058646620992214, "log10_min_child_weight": 3.9730744917110323, "log10_subsample": -0.949374036353262, "max_depth": 9.0, "num_boost_round": 23.0}, "datetime": {"datetime": "2024-01-19 00:51:26", "elapsed": 2339.358561, "delta": 0.00283}}
{"target": -13.758370884271628, "params": {"gamma": 549.0540594024498, "log10_alpha": -0.997964775039561, "log10_colsample_bytree": -0.22644595508580057, "log10_eta": -2.2585747961304756, "log10_lambda": 0.43058646620992214, "log10_min_child_weight": 3.9730744917110323, "log10_subsample": -0.949374036353262, "max_depth": 9.0, "num_boost_round": 24.0}, "datetime": {"datetime": "2024-01-19 00:51:26", "elapsed": 2339.3614, "delta": 0.002839}}
{"target": -13.758517843079549, "params": {"gamma": 541.9971162889698, "log10_alpha": -3.089266865925458, "log10_colsample_bytree": -0.47477417676893174, "log10_eta": -2.553191150522893, "log10_lambda": 0.9312107630166304, "log10_min_child_weight": 4.206181164934184, "log10_subsample": -0.30206446688959676, "max_depth": 6.0, "num_boost_round": 0.0}, "datetime": {"datetime": "2024-01-19 00:51:55", "elapsed": 2367.817324, "delta": 28.455924}}
{"target": -13.75851984336419, "params": {"gamma": 541.9971162889698, "log10_alpha": -3.089266865925458, "log10_colsample_bytree": -0.47477417676893174, "log10_eta": -2.553191150522893, "log10_lambda": 0.9312107630166304, "log10_min_child_weight": 4.206181164934184, "log10_subsample": -0.30206446688959676, "max_depth": 6.0, "num_boost_round": 1.0}, "datetime": {"datetime": "2024-01-19 00:51:55", "elapsed": 2367.820804, "delta": 0.00348}}
{"target": -13.758538506984502, "params": {"gamma": 541.9971162889698, "log10_alpha": -3.089266865925458, "log10_colsample_bytree": -0.47477417676893174, "log10_eta": -2.553191150522893, "log10_lambda": 0.9312107630166304, "log10_min_child_weight": 4.206181164934184, "log10_subsample": -0.30206446688959676, "max_depth": 6.0, "num_boost_round": 2.0}, "datetime": {"datetime": "2024-01-19 00:51:55", "elapsed": 2367.927833, "delta": 0.107029}}
{"target": -13.758519460527948, "params": {"gamma": 541.9971162889698, "log10_alpha": -3.089266865925458, "log10_colsample_bytree": -0.47477417676893174, "log10_eta": -2.553191150522893, "log10_lambda": 0.9312107630166304, "log10_min_child_weight": 4.206181164934184, "log10_subsample": -0.30206446688959676, "max_depth": 6.0, "num_boost_round": 3.0}, "datetime": {"datetime": "2024-01-19 00:51:55", "elapsed": 2367.931163, "delta": 0.00333}}
{"target": -13.758557422019807, "params": {"gamma": 541.9971162889698, "log10_alpha": -3.089266865925458, "log10_colsample_bytree": -0.47477417676893174, "log10_eta": -2.553191150522893, "log10_lambda": 0.9312107630166304, "log10_min_child_weight": 4.206181164934184, "log10_subsample": -0.30206446688959676, "max_depth": 6.0, "num_boost_round": 4.0}, "datetime": {"datetime": "2024-01-19 00:51:55", "elapsed": 2367.934343, "delta": 0.00318}}
{"target": -13.75852808751503, "params": {"gamma": 541.9971162889698, "log10_alpha": -3.089266865925458, "log10_colsample_bytree": -0.47477417676893174, "log10_eta": -2.553191150522893, "log10_lambda": 0.9312107630166304, "log10_min_child_weight": 4.206181164934184, "log10_subsample": -0.30206446688959676, "max_depth": 6.0, "num_boost_round": 5.0}, "datetime": {"datetime": "2024-01-19 00:51:55", "elapsed": 2367.937578, "delta": 0.003235}}
{"target": -13.75854792757241, "params": {"gamma": 541.9971162889698, "log10_alpha": -3.089266865925458, "log10_colsample_bytree": -0.47477417676893174, "log10_eta": -2.553191150522893, "log10_lambda": 0.9312107630166304, "log10_min_child_weight": 4.206181164934184, "log10_subsample": -0.30206446688959676, "max_depth": 6.0, "num_boost_round": 6.0}, "datetime": {"datetime": "2024-01-19 00:51:55", "elapsed": 2367.940598, "delta": 0.00302}}
{"target": -13.758542227851748, "params": {"gamma": 541.9971162889698, "log10_alpha": -3.089266865925458, "log10_colsample_bytree": -0.47477417676893174, "log10_eta": -2.553191150522893, "log10_lambda": 0.9312107630166304, "log10_min_child_weight": 4.206181164934184, "log10_subsample": -0.30206446688959676, "max_depth": 6.0, "num_boost_round": 7.0}, "datetime": {"datetime": "2024-01-19 00:51:55", "elapsed": 2367.943607, "delta": 0.003009}}
{"target": -13.758545554478161, "params": {"gamma": 541.9971162889698, "log10_alpha": -3.089266865925458, "log10_colsample_bytree": -0.47477417676893174, "log10_eta": -2.553191150522893, "log10_lambda": 0.9312107630166304, "log10_min_child_weight": 4.206181164934184, "log10_subsample": -0.30206446688959676, "max_depth": 6.0, "num_boost_round": 8.0}, "datetime": {"datetime": "2024-01-19 00:51:55", "elapsed": 2367.94662, "delta": 0.003013}}
{"target": -13.75851188882674, "params": {"gamma": 541.9971162889698, "log10_alpha": -3.089266865925458, "log10_colsample_bytree": -0.47477417676893174, "log10_eta": -2.553191150522893, "log10_lambda": 0.9312107630166304, "log10_min_child_weight": 4.206181164934184, "log10_subsample": -0.30206446688959676, "max_depth": 6.0, "num_boost_round": 9.0}, "datetime": {"datetime": "2024-01-19 00:51:55", "elapsed": 2367.949623, "delta": 0.003003}}
{"target": -13.758484868393262, "params": {"gamma": 541.9971162889698, "log10_alpha": -3.089266865925458, "log10_colsample_bytree": -0.47477417676893174, "log10_eta": -2.553191150522893, "log10_lambda": 0.9312107630166304, "log10_min_child_weight": 4.206181164934184, "log10_subsample": -0.30206446688959676, "max_depth": 6.0, "num_boost_round": 10.0}, "datetime": {"datetime": "2024-01-19 00:51:55", "elapsed": 2367.95275, "delta": 0.003127}}
{"target": -13.75846892544278, "params": {"gamma": 541.9971162889698, "log10_alpha": -3.089266865925458, "log10_colsample_bytree": -0.47477417676893174, "log10_eta": -2.553191150522893, "log10_lambda": 0.9312107630166304, "log10_min_child_weight": 4.206181164934184, "log10_subsample": -0.30206446688959676, "max_depth": 6.0, "num_boost_round": 11.0}, "datetime": {"datetime": "2024-01-19 00:51:55", "elapsed": 2367.955766, "delta": 0.003016}}
{"target": -13.758489833145015, "params": {"gamma": 541.9971162889698, "log10_alpha": -3.089266865925458, "log10_colsample_bytree": -0.47477417676893174, "log10_eta": -2.553191150522893, "log10_lambda": 0.9312107630166304, "log10_min_child_weight": 4.206181164934184, "log10_subsample": -0.30206446688959676, "max_depth": 6.0, "num_boost_round": 12.0}, "datetime": {"datetime": "2024-01-19 00:51:55", "elapsed": 2367.958775, "delta": 0.003009}}
{"target": -13.758534328958758, "params": {"gamma": 553.0593096637396, "log10_alpha": -5.0, "log10_colsample_bytree": -1.0, "log10_eta": -4.0, "log10_lambda": -4.185638648956198, "log10_min_child_weight": 0.0, "log10_subsample": -0.47336352718058056, "max_depth": 5.0, "num_boost_round": 0.0}, "datetime": {"datetime": "2024-01-19 00:52:36", "elapsed": 2408.728316, "delta": 40.769541}}
{"target": -13.75853421243422, "params": {"gamma": 553.0593096637396, "log10_alpha": -5.0, "log10_colsample_bytree": -1.0, "log10_eta": -4.0, "log10_lambda": -4.185638648956198, "log10_min_child_weight": 0.0, "log10_subsample": -0.47336352718058056, "max_depth": 5.0, "num_boost_round": 1.0}, "datetime": {"datetime": "2024-01-19 00:52:36", "elapsed": 2408.731691, "delta": 0.003375}}
{"target": -13.758533859067214, "params": {"gamma": 553.0593096637396, "log10_alpha": -5.0, "log10_colsample_bytree": -1.0, "log10_eta": -4.0, "log10_lambda": -4.185638648956198, "log10_min_child_weight": 0.0, "log10_subsample": -0.47336352718058056, "max_depth": 5.0, "num_boost_round": 2.0}, "datetime": {"datetime": "2024-01-19 00:52:36", "elapsed": 2408.734655, "delta": 0.002964}}
{"target": -13.758532715438779, "params": {"gamma": 553.0593096637396, "log10_alpha": -5.0, "log10_colsample_bytree": -1.0, "log10_eta": -4.0, "log10_lambda": -4.185638648956198, "log10_min_child_weight": 0.0, "log10_subsample": -0.47336352718058056, "max_depth": 5.0, "num_boost_round": 3.0}, "datetime": {"datetime": "2024-01-19 00:52:36", "elapsed": 2408.738039, "delta": 0.003384}}
{"target": -13.758531909314355, "params": {"gamma": 553.0593096637396, "log10_alpha": -5.0, "log10_colsample_bytree": -1.0, "log10_eta": -4.0, "log10_lambda": -4.185638648956198, "log10_min_child_weight": 0.0, "log10_subsample": -0.47336352718058056, "max_depth": 5.0, "num_boost_round": 4.0}, "datetime": {"datetime": "2024-01-19 00:52:36", "elapsed": 2408.741797, "delta": 0.003758}}
{"target": -13.758531324857376, "params": {"gamma": 553.0593096637396, "log10_alpha": -5.0, "log10_colsample_bytree": -1.0, "log10_eta": -4.0, "log10_lambda": -4.185638648956198, "log10_min_child_weight": 0.0, "log10_subsample": -0.47336352718058056, "max_depth": 5.0, "num_boost_round": 5.0}, "datetime": {"datetime": "2024-01-19 00:52:36", "elapsed": 2408.744778, "delta": 0.002981}}
{"target": -13.758529980276798, "params": {"gamma": 553.0593096637396, "log10_alpha": -5.0, "log10_colsample_bytree": -1.0, "log10_eta": -4.0, "log10_lambda": -4.185638648956198, "log10_min_child_weight": 0.0, "log10_subsample": -0.47336352718058056, "max_depth": 5.0, "num_boost_round": 6.0}, "datetime": {"datetime": "2024-01-19 00:52:36", "elapsed": 2408.747837, "delta": 0.003059}}
{"target": -13.758528649984504, "params": {"gamma": 553.0593096637396, "log10_alpha": -5.0, "log10_colsample_bytree": -1.0, "log10_eta": -4.0, "log10_lambda": -4.185638648956198, "log10_min_child_weight": 0.0, "log10_subsample": -0.47336352718058056, "max_depth": 5.0, "num_boost_round": 7.0}, "datetime": {"datetime": "2024-01-19 00:52:36", "elapsed": 2408.750776, "delta": 0.002939}}
{"target": -13.758528903317393, "params": {"gamma": 553.0593096637396, "log10_alpha": -5.0, "log10_colsample_bytree": -1.0, "log10_eta": -4.0, "log10_lambda": -4.185638648956198, "log10_min_child_weight": 0.0, "log10_subsample": -0.47336352718058056, "max_depth": 5.0, "num_boost_round": 8.0}, "datetime": {"datetime": "2024-01-19 00:52:36", "elapsed": 2408.753847, "delta": 0.003071}}
{"target": -13.758527686329533, "params": {"gamma": 553.0593096637396, "log10_alpha": -5.0, "log10_colsample_bytree": -1.0, "log10_eta": -4.0, "log10_lambda": -4.185638648956198, "log10_min_child_weight": 0.0, "log10_subsample": -0.47336352718058056, "max_depth": 5.0, "num_boost_round": 9.0}, "datetime": {"datetime": "2024-01-19 00:52:36", "elapsed": 2408.756767, "delta": 0.00292}}
{"target": -13.758527965923745, "params": {"gamma": 553.0593096637396, "log10_alpha": -5.0, "log10_colsample_bytree": -1.0, "log10_eta": -4.0, "log10_lambda": -4.185638648956198, "log10_min_child_weight": 0.0, "log10_subsample": -0.47336352718058056, "max_depth": 5.0, "num_boost_round": 10.0}, "datetime": {"datetime": "2024-01-19 00:52:36", "elapsed": 2408.759731, "delta": 0.002964}}
{"target": -13.758527910729375, "params": {"gamma": 553.0593096637396, "log10_alpha": -5.0, "log10_colsample_bytree": -1.0, "log10_eta": -4.0, "log10_lambda": -4.185638648956198, "log10_min_child_weight": 0.0, "log10_subsample": -0.47336352718058056, "max_depth": 5.0, "num_boost_round": 11.0}, "datetime": {"datetime": "2024-01-19 00:52:36", "elapsed": 2408.762762, "delta": 0.003031}}
{"target": -13.75852555850673, "params": {"gamma": 553.0593096637396, "log10_alpha": -5.0, "log10_colsample_bytree": -1.0, "log10_eta": -4.0, "log10_lambda": -4.185638648956198, "log10_min_child_weight": 0.0, "log10_subsample": -0.47336352718058056, "max_depth": 5.0, "num_boost_round": 12.0}, "datetime": {"datetime": "2024-01-19 00:52:36", "elapsed": 2408.765813, "delta": 0.003051}}
{"target": -13.75852233255077, "params": {"gamma": 553.0593096637396, "log10_alpha": -5.0, "log10_colsample_bytree": -1.0, "log10_eta": -4.0, "log10_lambda": -4.185638648956198, "log10_min_child_weight": 0.0, "log10_subsample": -0.47336352718058056, "max_depth": 5.0, "num_boost_round": 13.0}, "datetime": {"datetime": "2024-01-19 00:52:36", "elapsed": 2408.768847, "delta": 0.003034}}
{"target": -13.758521195912385, "params": {"gamma": 553.0593096637396, "log10_alpha": -5.0, "log10_colsample_bytree": -1.0, "log10_eta": -4.0, "log10_lambda": -4.185638648956198, "log10_min_child_weight": 0.0, "log10_subsample": -0.47336352718058056, "max_depth": 5.0, "num_boost_round": 14.0}, "datetime": {"datetime": "2024-01-19 00:52:36", "elapsed": 2408.771887, "delta": 0.00304}}
{"target": -13.758519579866068, "params": {"gamma": 553.0593096637396, "log10_alpha": -5.0, "log10_colsample_bytree": -1.0, "log10_eta": -4.0, "log10_lambda": -4.185638648956198, "log10_min_child_weight": 0.0, "log10_subsample": -0.47336352718058056, "max_depth": 5.0, "num_boost_round": 15.0}, "datetime": {"datetime": "2024-01-19 00:52:36", "elapsed": 2408.77503, "delta": 0.003143}}
{"target": -13.75852081337656, "params": {"gamma": 553.0593096637396, "log10_alpha": -5.0, "log10_colsample_bytree": -1.0, "log10_eta": -4.0, "log10_lambda": -4.185638648956198, "log10_min_child_weight": 0.0, "log10_subsample": -0.47336352718058056, "max_depth": 5.0, "num_boost_round": 16.0}, "datetime": {"datetime": "2024-01-19 00:52:36", "elapsed": 2408.77799, "delta": 0.00296}}
{"target": -13.758520646727263, "params": {"gamma": 553.0593096637396, "log10_alpha": -5.0, "log10_colsample_bytree": -1.0, "log10_eta": -4.0, "log10_lambda": -4.185638648956198, "log10_min_child_weight": 0.0, "log10_subsample": -0.47336352718058056, "max_depth": 5.0, "num_boost_round": 17.0}, "datetime": {"datetime": "2024-01-19 00:52:36", "elapsed": 2408.780919, "delta": 0.002929}}
{"target": -13.75851924728379, "params": {"gamma": 553.0593096637396, "log10_alpha": -5.0, "log10_colsample_bytree": -1.0, "log10_eta": -4.0, "log10_lambda": -4.185638648956198, "log10_min_child_weight": 0.0, "log10_subsample": -0.47336352718058056, "max_depth": 5.0, "num_boost_round": 18.0}, "datetime": {"datetime": "2024-01-19 00:52:36", "elapsed": 2408.783851, "delta": 0.002932}}
{"target": -13.758529461312273, "params": {"gamma": 553.0593096637396, "log10_alpha": -5.0, "log10_colsample_bytree": -1.0, "log10_eta": -4.0, "log10_lambda": -4.185638648956198, "log10_min_child_weight": 0.0, "log10_subsample": -0.47336352718058056, "max_depth": 5.0, "num_boost_round": 19.0}, "datetime": {"datetime": "2024-01-19 00:52:36", "elapsed": 2408.786805, "delta": 0.002954}}
{"target": -13.75853078248914, "params": {"gamma": 581.4318063390082, "log10_alpha": -5.0, "log10_colsample_bytree": -1.0, "log10_eta": -4.0, "log10_lambda": 1.0, "log10_min_child_weight": 1.9785000434855478, "log10_subsample": 0.0, "max_depth": 10.0, "num_boost_round": 0.0}, "datetime": {"datetime": "2024-01-19 00:53:17", "elapsed": 2449.692647, "delta": 40.905842}}
