{"target": -13.758528818714568, "params": {"gamma": 442.20586294423424, "log10_alpha": -0.6010839188418062, "log10_colsample_bytree": -0.8869367408152024, "log10_eta": -3.7024739064841485, "log10_lambda": -3.6671362482657965, "log10_min_child_weight": 4.714956084370019, "log10_subsample": -0.768875139274028, "max_depth": 7.0, "num_boost_round": 19.0}, "datetime": {"datetime": "2024-01-19 00:19:25", "elapsed": 469.936652, "delta": 0.0011}}
{"target": -13.758529383075542, "params": {"gamma": 442.20586294423424, "log10_alpha": -0.6010839188418062, "log10_colsample_bytree": -0.8869367408152024, "log10_eta": -3.7024739064841485, "log10_lambda": -3.6671362482657965, "log10_min_child_weight": 4.714956084370019, "log10_subsample": -0.768875139274028, "max_depth": 7.0, "num_boost_round": 20.0}, "datetime": {"datetime": "2024-01-19 00:19:25", "elapsed": 469.937743, "delta": 0.001091}}
{"target": -13.758528721386822, "params": {"gamma": 442.20586294423424, "log10_alpha": -0.6010839188418062, "log10_colsample_bytree": -0.8869367408152024, "log10_eta": -3.7024739064841485, "log10_lambda": -3.6671362482657965, "log10_min_child_weight": 4.714956084370019, "log10_subsample": -0.768875139274028, "max_depth": 7.0, "num_boost_round": 21.0}, "datetime": {"datetime": "2024-01-19 00:19:25", "elapsed": 469.938832, "delta": 0.001089}}
{"target": -13.758528830696777, "params": {"gamma": 442.20586294423424, "log10_alpha": -0.6010839188418062, "log10_colsample_bytree": -0.8869367408152024, "log10_eta": -3.7024739064841485, "log10_lambda": -3.6671362482657965, "log10_min_child_weight": 4.714956084370019, "log10_subsample": -0.768875139274028, "max_depth": 7.0, "num_boost_round": 22.0}, "datetime": {"datetime": "2024-01-19 00:19:25", "elapsed": 469.939928, "delta": 0.001096}}
{"target": -13.758528977366465, "params": {"gamma": 442.20586294423424, "log10_alpha": -0.6010839188418062, "log10_colsample_bytree": -0.8869367408152024, "log10_eta": -3.7024739064841485, "log10_lambda": -3.6671362482657965, "log10_min_child_weight": 4.714956084370019, "log10_subsample": -0.768875139274028, "max_depth": 7.0, "num_boost_round": 23.0}, "datetime": {"datetime": "2024-01-19 00:19:25", "elapsed": 469.941022, "delta": 0.001094}}
{"target": -13.7585291227895, "params": {"gamma": 442.20586294423424, "log10_alpha": -0.6010839188418062, "log10_colsample_bytree": -0.8869367408152024, "log10_eta": -3.7024739064841485, "log10_lambda": -3.6671362482657965, "log10_min_child_weight": 4.714956084370019, "log10_subsample": -0.768875139274028, "max_depth": 7.0, "num_boost_round": 24.0}, "datetime": {"datetime": "2024-01-19 00:19:25", "elapsed": 469.942146, "delta": 0.001124}}
{"target": -13.75852889676572, "params": {"gamma": 442.20586294423424, "log10_alpha": -0.6010839188418062, "log10_colsample_bytree": -0.8869367408152024, "log10_eta": -3.7024739064841485, "log10_lambda": -3.6671362482657965, "log10_min_child_weight": 4.714956084370019, "log10_subsample": -0.768875139274028, "max_depth": 7.0, "num_boost_round": 25.0}, "datetime": {"datetime": "2024-01-19 00:19:25", "elapsed": 469.943256, "delta": 0.00111}}
{"target": -13.758528542601166, "params": {"gamma": 442.20586294423424, "log10_alpha": -0.6010839188418062, "log10_colsample_bytree": -0.8869367408152024, "log10_eta": -3.7024739064841485, "log10_lambda": -3.6671362482657965, "log10_min_child_weight": 4.714956084370019, "log10_subsample": -0.768875139274028, "max_depth": 7.0, "num_boost_round": 26.0}, "datetime": {"datetime": "2024-01-19 00:19:25", "elapsed": 469.944371, "delta": 0.001115}}
{"target": -13.75852812745775, "params": {"gamma": 442.20586294423424, "log10_alpha": -0.6010839188418062, "log10_colsample_bytree": -0.8869367408152024, "log10_eta": -3.7024739064841485, "log10_lambda": -3.6671362482657965, "log10_min_child_weight": 4.714956084370019, "log10_subsample": -0.768875139274028, "max_depth": 7.0, "num_boost_round": 27.0}, "datetime": {"datetime": "2024-01-19 00:19:25", "elapsed": 469.945475, "delta": 0.001104}}
{"target": -13.758526528846446, "params": {"gamma": 442.20586294423424, "log10_alpha": -0.6010839188418062, "log10_colsample_bytree": -0.8869367408152024, "log10_eta": -3.7024739064841485, "log10_lambda": -3.6671362482657965, "log10_min_child_weight": 4.714956084370019, "log10_subsample": -0.768875139274028, "max_depth": 7.0, "num_boost_round": 28.0}, "datetime": {"datetime": "2024-01-19 00:19:25", "elapsed": 469.946557, "delta": 0.001082}}
{"target": -13.758526213709981, "params": {"gamma": 442.20586294423424, "log10_alpha": -0.6010839188418062, "log10_colsample_bytree": -0.8869367408152024, "log10_eta": -3.7024739064841485, "log10_lambda": -3.6671362482657965, "log10_min_child_weight": 4.714956084370019, "log10_subsample": -0.768875139274028, "max_depth": 7.0, "num_boost_round": 29.0}, "datetime": {"datetime": "2024-01-19 00:19:25", "elapsed": 469.947678, "delta": 0.001121}}
{"target": -13.758525547508672, "params": {"gamma": 442.20586294423424, "log10_alpha": -0.6010839188418062, "log10_colsample_bytree": -0.8869367408152024, "log10_eta": -3.7024739064841485, "log10_lambda": -3.6671362482657965, "log10_min_child_weight": 4.714956084370019, "log10_subsample": -0.768875139274028, "max_depth": 7.0, "num_boost_round": 30.0}, "datetime": {"datetime": "2024-01-19 00:19:25", "elapsed": 469.948781, "delta": 0.001103}}
{"target": -13.75852508502576, "params": {"gamma": 442.20586294423424, "log10_alpha": -0.6010839188418062, "log10_colsample_bytree": -0.8869367408152024, "log10_eta": -3.7024739064841485, "log10_lambda": -3.6671362482657965, "log10_min_child_weight": 4.714956084370019, "log10_subsample": -0.768875139274028, "max_depth": 7.0, "num_boost_round": 31.0}, "datetime": {"datetime": "2024-01-19 00:19:25", "elapsed": 469.949879, "delta": 0.001098}}
{"target": -13.758524113006395, "params": {"gamma": 442.20586294423424, "log10_alpha": -0.6010839188418062, "log10_colsample_bytree": -0.8869367408152024, "log10_eta": -3.7024739064841485, "log10_lambda": -3.6671362482657965, "log10_min_child_weight": 4.714956084370019, "log10_subsample": -0.768875139274028, "max_depth": 7.0, "num_boost_round": 32.0}, "datetime": {"datetime": "2024-01-19 00:19:25", "elapsed": 469.950982, "delta": 0.001103}}
{"target": -13.758522760042188, "params": {"gamma": 442.20586294423424, "log10_alpha": -0.6010839188418062, "log10_colsample_bytree": -0.8869367408152024, "log10_eta": -3.7024739064841485, "log10_lambda": -3.6671362482657965, "log10_min_child_weight": 4.714956084370019, "log10_subsample": -0.768875139274028, "max_depth": 7.0, "num_boost_round": 33.0}, "datetime": {"datetime": "2024-01-19 00:19:25", "elapsed": 469.952079, "delta": 0.001097}}
{"target": -13.758521507632615, "params": {"gamma": 442.20586294423424, "log10_alpha": -0.6010839188418062, "log10_colsample_bytree": -0.8869367408152024, "log10_eta": -3.7024739064841485, "log10_lambda": -3.6671362482657965, "log10_min_child_weight": 4.714956084370019, "log10_subsample": -0.768875139274028, "max_depth": 7.0, "num_boost_round": 34.0}, "datetime": {"datetime": "2024-01-19 00:19:25", "elapsed": 469.953176, "delta": 0.001097}}
{"target": -13.75852166509077, "params": {"gamma": 442.20586294423424, "log10_alpha": -0.6010839188418062, "log10_colsample_bytree": -0.8869367408152024, "log10_eta": -3.7024739064841485, "log10_lambda": -3.6671362482657965, "log10_min_child_weight": 4.714956084370019, "log10_subsample": -0.768875139274028, "max_depth": 7.0, "num_boost_round": 35.0}, "datetime": {"datetime": "2024-01-19 00:19:25", "elapsed": 469.954296, "delta": 0.00112}}
{"target": -13.758520735514145, "params": {"gamma": 442.20586294423424, "log10_alpha": -0.6010839188418062, "log10_colsample_bytree": -0.8869367408152024, "log10_eta": -3.7024739064841485, "log10_lambda": -3.6671362482657965, "log10_min_child_weight": 4.714956084370019, "log10_subsample": -0.768875139274028, "max_depth": 7.0, "num_boost_round": 36.0}, "datetime": {"datetime": "2024-01-19 00:19:25", "elapsed": 469.95542, "delta": 0.001124}}
{"target": -13.75851992837183, "params": {"gamma": 442.20586294423424, "log10_alpha": -0.6010839188418062, "log10_colsample_bytree": -0.8869367408152024, "log10_eta": -3.7024739064841485, "log10_lambda": -3.6671362482657965, "log10_min_child_weight": 4.714956084370019, "log10_subsample": -0.768875139274028, "max_depth": 7.0, "num_boost_round": 37.0}, "datetime": {"datetime": "2024-01-19 00:19:25", "elapsed": 469.956532, "delta": 0.001112}}
{"target": -13.758519879508857, "params": {"gamma": 442.20586294423424, "log10_alpha": -0.6010839188418062, "log10_colsample_bytree": -0.8869367408152024, "log10_eta": -3.7024739064841485, "log10_lambda": -3.6671362482657965, "log10_min_child_weight": 4.714956084370019, "log10_subsample": -0.768875139274028, "max_depth": 7.0, "num_boost_round": 38.0}, "datetime": {"datetime": "2024-01-19 00:19:25", "elapsed": 469.957648, "delta": 0.001116}}
{"target": -13.758519347773385, "params": {"gamma": 442.20586294423424, "log10_alpha": -0.6010839188418062, "log10_colsample_bytree": -0.8869367408152024, "log10_eta": -3.7024739064841485, "log10_lambda": -3.6671362482657965, "log10_min_child_weight": 4.714956084370019, "log10_subsample": -0.768875139274028, "max_depth": 7.0, "num_boost_round": 39.0}, "datetime": {"datetime": "2024-01-19 00:19:25", "elapsed": 469.958746, "delta": 0.001098}}
{"target": -13.758518465093097, "params": {"gamma": 442.20586294423424, "log10_alpha": -0.6010839188418062, "log10_colsample_bytree": -0.8869367408152024, "log10_eta": -3.7024739064841485, "log10_lambda": -3.6671362482657965, "log10_min_child_weight": 4.714956084370019, "log10_subsample": -0.768875139274028, "max_depth": 7.0, "num_boost_round": 40.0}, "datetime": {"datetime": "2024-01-19 00:19:25", "elapsed": 469.959852, "delta": 0.001106}}
{"target": -13.75851815589594, "params": {"gamma": 442.20586294423424, "log10_alpha": -0.6010839188418062, "log10_colsample_bytree": -0.8869367408152024, "log10_eta": -3.7024739064841485, "log10_lambda": -3.6671362482657965, "log10_min_child_weight": 4.714956084370019, "log10_subsample": -0.768875139274028, "max_depth": 7.0, "num_boost_round": 41.0}, "datetime": {"datetime": "2024-01-19 00:19:25", "elapsed": 469.960978, "delta": 0.001126}}
{"target": -13.758516719304632, "params": {"gamma": 442.20586294423424, "log10_alpha": -0.6010839188418062, "log10_colsample_bytree": -0.8869367408152024, "log10_eta": -3.7024739064841485, "log10_lambda": -3.6671362482657965, "log10_min_child_weight": 4.714956084370019, "log10_subsample": -0.768875139274028, "max_depth": 7.0, "num_boost_round": 42.0}, "datetime": {"datetime": "2024-01-19 00:19:25", "elapsed": 469.962095, "delta": 0.001117}}
{"target": -13.758516156350625, "params": {"gamma": 442.20586294423424, "log10_alpha": -0.6010839188418062, "log10_colsample_bytree": -0.8869367408152024, "log10_eta": -3.7024739064841485, "log10_lambda": -3.6671362482657965, "log10_min_child_weight": 4.714956084370019, "log10_subsample": -0.768875139274028, "max_depth": 7.0, "num_boost_round": 43.0}, "datetime": {"datetime": "2024-01-19 00:19:25", "elapsed": 469.963817, "delta": 0.001722}}
{"target": -13.758514697459058, "params": {"gamma": 442.20586294423424, "log10_alpha": -0.6010839188418062, "log10_colsample_bytree": -0.8869367408152024, "log10_eta": -3.7024739064841485, "log10_lambda": -3.6671362482657965, "log10_min_child_weight": 4.714956084370019, "log10_subsample": -0.768875139274028, "max_depth": 7.0, "num_boost_round": 44.0}, "datetime": {"datetime": "2024-01-19 00:19:25", "elapsed": 469.96563, "delta": 0.001813}}
{"target": -13.758513469091332, "params": {"gamma": 442.20586294423424, "log10_alpha": -0.6010839188418062, "log10_colsample_bytree": -0.8869367408152024, "log10_eta": -3.7024739064841485, "log10_lambda": -3.6671362482657965, "log10_min_child_weight": 4.714956084370019, "log10_subsample": -0.768875139274028, "max_depth": 7.0, "num_boost_round": 45.0}, "datetime": {"datetime": "2024-01-19 00:19:25", "elapsed": 469.967355, "delta": 0.001725}}
{"target": -13.758512769309407, "params": {"gamma": 442.20586294423424, "log10_alpha": -0.6010839188418062, "log10_colsample_bytree": -0.8869367408152024, "log10_eta": -3.7024739064841485, "log10_lambda": -3.6671362482657965, "log10_min_child_weight": 4.714956084370019, "log10_subsample": -0.768875139274028, "max_depth": 7.0, "num_boost_round": 46.0}, "datetime": {"datetime": "2024-01-19 00:19:25", "elapsed": 469.968438, "delta": 0.001083}}
{"target": -13.758512062802675, "params": {"gamma": 442.20586294423424, "log10_alpha": -0.6010839188418062, "log10_colsample_bytree": -0.8869367408152024, "log10_eta": -3.7024739064841485, "log10_lambda": -3.6671362482657965, "log10_min_child_weight": 4.714956084370019, "log10_subsample": -0.768875139274028, "max_depth": 7.0, "num_boost_round": 47.0}, "datetime": {"datetime": "2024-01-19 00:19:25", "elapsed": 469.969585, "delta": 0.001147}}
{"target": -13.758511199357345, "params": {"gamma": 442.20586294423424, "log10_alpha": -0.6010839188418062, "log10_colsample_bytree": -0.8869367408152024, "log10_eta": -3.7024739064841485, "log10_lambda": -3.6671362482657965, "log10_min_child_weight": 4.714956084370019, "log10_subsample": -0.768875139274028, "max_depth": 7.0, "num_boost_round": 48.0}, "datetime": {"datetime": "2024-01-19 00:19:25", "elapsed": 469.970667, "delta": 0.001082}}
{"target": -13.758510834098038, "params": {"gamma": 442.20586294423424, "log10_alpha": -0.6010839188418062, "log10_colsample_bytree": -0.8869367408152024, "log10_eta": -3.7024739064841485, "log10_lambda": -3.6671362482657965, "log10_min_child_weight": 4.714956084370019, "log10_subsample": -0.768875139274028, "max_depth": 7.0, "num_boost_round": 49.0}, "datetime": {"datetime": "2024-01-19 00:19:25", "elapsed": 469.971761, "delta": 0.001094}}
{"target": -13.758510526601194, "params": {"gamma": 442.20586294423424, "log10_alpha": -0.6010839188418062, "log10_colsample_bytree": -0.8869367408152024, "log10_eta": -3.7024739064841485, "log10_lambda": -3.6671362482657965, "log10_min_child_weight": 4.714956084370019, "log10_subsample": -0.768875139274028, "max_depth": 7.0, "num_boost_round": 50.0}, "datetime": {"datetime": "2024-01-19 00:19:25", "elapsed": 469.972839, "delta": 0.001078}}
{"target": -13.758510476640994, "params": {"gamma": 442.20586294423424, "log10_alpha": -0.6010839188418062, "log10_colsample_bytree": -0.8869367408152024, "log10_eta": -3.7024739064841485, "log10_lambda": -3.6671362482657965, "log10_min_child_weight": 4.714956084370019, "log10_subsample": -0.768875139274028, "max_depth": 7.0, "num_boost_round": 51.0}, "datetime": {"datetime": "2024-01-19 00:19:25", "elapsed": 469.97405, "delta": 0.001211}}
{"target": -13.758509591780971, "params": {"gamma": 442.20586294423424, "log10_alpha": -0.6010839188418062, "log10_colsample_bytree": -0.8869367408152024, "log10_eta": -3.7024739064841485, "log10_lambda": -3.6671362482657965, "log10_min_child_weight": 4.714956084370019, "log10_subsample": -0.768875139274028, "max_depth": 7.0, "num_boost_round": 52.0}, "datetime": {"datetime": "2024-01-19 00:19:25", "elapsed": 469.975283, "delta": 0.001233}}
{"target": -13.75850873752874, "params": {"gamma": 442.20586294423424, "log10_alpha": -0.6010839188418062, "log10_colsample_bytree": -0.8869367408152024, "log10_eta": -3.7024739064841485, "log10_lambda": -3.6671362482657965, "log10_min_child_weight": 4.714956084370019, "log10_subsample": -0.768875139274028, "max_depth": 7.0, "num_boost_round": 53.0}, "datetime": {"datetime": "2024-01-19 00:19:25", "elapsed": 469.97657, "delta": 0.001287}}
{"target": -13.758507984320863, "params": {"gamma": 442.20586294423424, "log10_alpha": -0.6010839188418062, "log10_colsample_bytree": -0.8869367408152024, "log10_eta": -3.7024739064841485, "log10_lambda": -3.6671362482657965, "log10_min_child_weight": 4.714956084370019, "log10_subsample": -0.768875139274028, "max_depth": 7.0, "num_boost_round": 54.0}, "datetime": {"datetime": "2024-01-19 00:19:25", "elapsed": 469.977759, "delta": 0.001189}}
{"target": -13.758507134594195, "params": {"gamma": 442.20586294423424, "log10_alpha": -0.6010839188418062, "log10_colsample_bytree": -0.8869367408152024, "log10_eta": -3.7024739064841485, "log10_lambda": -3.6671362482657965, "log10_min_child_weight": 4.714956084370019, "log10_subsample": -0.768875139274028, "max_depth": 7.0, "num_boost_round": 55.0}, "datetime": {"datetime": "2024-01-19 00:19:25", "elapsed": 469.978949, "delta": 0.00119}}
{"target": -13.758505920562708, "params": {"gamma": 442.20586294423424, "log10_alpha": -0.6010839188418062, "log10_colsample_bytree": -0.8869367408152024, "log10_eta": -3.7024739064841485, "log10_lambda": -3.6671362482657965, "log10_min_child_weight": 4.714956084370019, "log10_subsample": -0.768875139274028, "max_depth": 7.0, "num_boost_round": 56.0}, "datetime": {"datetime": "2024-01-19 00:19:25", "elapsed": 469.980052, "delta": 0.001103}}
{"target": -13.758505405857541, "params": {"gamma": 442.20586294423424, "log10_alpha": -0.6010839188418062, "log10_colsample_bytree": -0.8869367408152024, "log10_eta": -3.7024739064841485, "log10_lambda": -3.6671362482657965, "log10_min_child_weight": 4.714956084370019, "log10_subsample": -0.768875139274028, "max_depth": 7.0, "num_boost_round": 57.0}, "datetime": {"datetime": "2024-01-19 00:19:25", "elapsed": 469.981146, "delta": 0.001094}}
{"target": -13.758505040178987, "params": {"gamma": 442.20586294423424, "log10_alpha": -0.6010839188418062, "log10_colsample_bytree": -0.8869367408152024, "log10_eta": -3.7024739064841485, "log10_lambda": -3.6671362482657965, "log10_min_child_weight": 4.714956084370019, "log10_subsample": -0.768875139274028, "max_depth": 7.0, "num_boost_round": 58.0}, "datetime": {"datetime": "2024-01-19 00:19:25", "elapsed": 469.982255, "delta": 0.001109}}
{"target": -13.758503746255595, "params": {"gamma": 442.20586294423424, "log10_alpha": -0.6010839188418062, "log10_colsample_bytree": -0.8869367408152024, "log10_eta": -3.7024739064841485, "log10_lambda": -3.6671362482657965, "log10_min_child_weight": 4.714956084370019, "log10_subsample": -0.768875139274028, "max_depth": 7.0, "num_boost_round": 59.0}, "datetime": {"datetime": "2024-01-19 00:19:25", "elapsed": 469.983415, "delta": 0.00116}}
{"target": -13.758504013500982, "params": {"gamma": 442.20586294423424, "log10_alpha": -0.6010839188418062, "log10_colsample_bytree": -0.8869367408152024, "log10_eta": -3.7024739064841485, "log10_lambda": -3.6671362482657965, "log10_min_child_weight": 4.714956084370019, "log10_subsample": -0.768875139274028, "max_depth": 7.0, "num_boost_round": 60.0}, "datetime": {"datetime": "2024-01-19 00:19:25", "elapsed": 469.984582, "delta": 0.001167}}
{"target": -13.75850321655094, "params": {"gamma": 442.20586294423424, "log10_alpha": -0.6010839188418062, "log10_colsample_bytree": -0.8869367408152024, "log10_eta": -3.7024739064841485, "log10_lambda": -3.6671362482657965, "log10_min_child_weight": 4.714956084370019, "log10_subsample": -0.768875139274028, "max_depth": 7.0, "num_boost_round": 61.0}, "datetime": {"datetime": "2024-01-19 00:19:26", "elapsed": 469.985764, "delta": 0.001182}}
{"target": -13.758502556270493, "params": {"gamma": 442.20586294423424, "log10_alpha": -0.6010839188418062, "log10_colsample_bytree": -0.8869367408152024, "log10_eta": -3.7024739064841485, "log10_lambda": -3.6671362482657965, "log10_min_child_weight": 4.714956084370019, "log10_subsample": -0.768875139274028, "max_depth": 7.0, "num_boost_round": 62.0}, "datetime": {"datetime": "2024-01-19 00:19:26", "elapsed": 469.98693, "delta": 0.001166}}
{"target": -13.758502095323703, "params": {"gamma": 442.20586294423424, "log10_alpha": -0.6010839188418062, "log10_colsample_bytree": -0.8869367408152024, "log10_eta": -3.7024739064841485, "log10_lambda": -3.6671362482657965, "log10_min_child_weight": 4.714956084370019, "log10_subsample": -0.768875139274028, "max_depth": 7.0, "num_boost_round": 63.0}, "datetime": {"datetime": "2024-01-19 00:19:26", "elapsed": 469.988106, "delta": 0.001176}}
{"target": -13.758501485146525, "params": {"gamma": 442.20586294423424, "log10_alpha": -0.6010839188418062, "log10_colsample_bytree": -0.8869367408152024, "log10_eta": -3.7024739064841485, "log10_lambda": -3.6671362482657965, "log10_min_child_weight": 4.714956084370019, "log10_subsample": -0.768875139274028, "max_depth": 7.0, "num_boost_round": 64.0}, "datetime": {"datetime": "2024-01-19 00:19:26", "elapsed": 469.98927, "delta": 0.001164}}
{"target": -13.758501525490793, "params": {"gamma": 442.20586294423424, "log10_alpha": -0.6010839188418062, "log10_colsample_bytree": -0.8869367408152024, "log10_eta": -3.7024739064841485, "log10_lambda": -3.6671362482657965, "log10_min_child_weight": 4.714956084370019, "log10_subsample": -0.768875139274028, "max_depth": 7.0, "num_boost_round": 65.0}, "datetime": {"datetime": "2024-01-19 00:19:26", "elapsed": 469.990434, "delta": 0.001164}}
{"target": -13.758501051972297, "params": {"gamma": 442.20586294423424, "log10_alpha": -0.6010839188418062, "log10_colsample_bytree": -0.8869367408152024, "log10_eta": -3.7024739064841485, "log10_lambda": -3.6671362482657965, "log10_min_child_weight": 4.714956084370019, "log10_subsample": -0.768875139274028, "max_depth": 7.0, "num_boost_round": 66.0}, "datetime": {"datetime": "2024-01-19 00:19:26", "elapsed": 469.991589, "delta": 0.001155}}
{"target": -13.758500986229397, "params": {"gamma": 442.20586294423424, "log10_alpha": -0.6010839188418062, "log10_colsample_bytree": -0.8869367408152024, "log10_eta": -3.7024739064841485, "log10_lambda": -3.6671362482657965, "log10_min_child_weight": 4.714956084370019, "log10_subsample": -0.768875139274028, "max_depth": 7.0, "num_boost_round": 67.0}, "datetime": {"datetime": "2024-01-19 00:19:26", "elapsed": 469.992755, "delta": 0.001166}}
