{"target": -17.67718143837661, "params": {"gamma": 886.052937853622, "log10_alpha": -0.33531630099444687, "log10_colsample_bytree": -0.23445458232048477, "log10_eta": -3.151118115165734, "log10_lambda": 0.5388746648099243, "log10_min_child_weight": 4.339252520018165, "log10_subsample": -0.02118809984396075, "max_depth": 5.0, "num_boost_round": 33.0}, "datetime": {"datetime": "2024-01-19 01:07:00", "elapsed": 3301.235053, "delta": 0.003771}}
{"target": -17.677169495451405, "params": {"gamma": 886.052937853622, "log10_alpha": -0.33531630099444687, "log10_colsample_bytree": -0.23445458232048477, "log10_eta": -3.151118115165734, "log10_lambda": 0.5388746648099243, "log10_min_child_weight": 4.339252520018165, "log10_subsample": -0.02118809984396075, "max_depth": 5.0, "num_boost_round": 34.0}, "datetime": {"datetime": "2024-01-19 01:07:00", "elapsed": 3301.238721, "delta": 0.003668}}
{"target": -17.677165088920397, "params": {"gamma": 886.052937853622, "log10_alpha": -0.33531630099444687, "log10_colsample_bytree": -0.23445458232048477, "log10_eta": -3.151118115165734, "log10_lambda": 0.5388746648099243, "log10_min_child_weight": 4.339252520018165, "log10_subsample": -0.02118809984396075, "max_depth": 5.0, "num_boost_round": 35.0}, "datetime": {"datetime": "2024-01-19 01:07:00", "elapsed": 3301.242329, "delta": 0.003608}}
{"target": -17.677230079801237, "params": {"gamma": 879.8123555303044, "log10_alpha": -0.8023166528100845, "log10_colsample_bytree": -0.24360686465398562, "log10_eta": -3.459428464336532, "log10_lambda": -3.230642189251413, "log10_min_child_weight": 4.946618041010759, "log10_subsample": -0.05147855719169303, "max_depth": 5.0, "num_boost_round": 0.0}, "datetime": {"datetime": "2024-01-19 01:07:56", "elapsed": 3357.37984, "delta": 56.137511}}
{"target": -17.677225540131165, "params": {"gamma": 879.8123555303044, "log10_alpha": -0.8023166528100845, "log10_colsample_bytree": -0.24360686465398562, "log10_eta": -3.459428464336532, "log10_lambda": -3.230642189251413, "log10_min_child_weight": 4.946618041010759, "log10_subsample": -0.05147855719169303, "max_depth": 5.0, "num_boost_round": 1.0}, "datetime": {"datetime": "2024-01-19 01:07:56", "elapsed": 3357.383873, "delta": 0.004033}}
{"target": -17.67722366039924, "params": {"gamma": 879.8123555303044, "log10_alpha": -0.8023166528100845, "log10_colsample_bytree": -0.24360686465398562, "log10_eta": -3.459428464336532, "log10_lambda": -3.230642189251413, "log10_min_child_weight": 4.946618041010759, "log10_subsample": -0.05147855719169303, "max_depth": 5.0, "num_boost_round": 2.0}, "datetime": {"datetime": "2024-01-19 01:07:56", "elapsed": 3357.388145, "delta": 0.004272}}
{"target": -17.677221981724088, "params": {"gamma": 879.8123555303044, "log10_alpha": -0.8023166528100845, "log10_colsample_bytree": -0.24360686465398562, "log10_eta": -3.459428464336532, "log10_lambda": -3.230642189251413, "log10_min_child_weight": 4.946618041010759, "log10_subsample": -0.05147855719169303, "max_depth": 5.0, "num_boost_round": 3.0}, "datetime": {"datetime": "2024-01-19 01:07:56", "elapsed": 3357.391814, "delta": 0.003669}}
{"target": -17.677219743346917, "params": {"gamma": 879.8123555303044, "log10_alpha": -0.8023166528100845, "log10_colsample_bytree": -0.24360686465398562, "log10_eta": -3.459428464336532, "log10_lambda": -3.230642189251413, "log10_min_child_weight": 4.946618041010759, "log10_subsample": -0.05147855719169303, "max_depth": 5.0, "num_boost_round": 4.0}, "datetime": {"datetime": "2024-01-19 01:07:56", "elapsed": 3357.395383, "delta": 0.003569}}
{"target": -17.677215625603868, "params": {"gamma": 879.8123555303044, "log10_alpha": -0.8023166528100845, "log10_colsample_bytree": -0.24360686465398562, "log10_eta": -3.459428464336532, "log10_lambda": -3.230642189251413, "log10_min_child_weight": 4.946618041010759, "log10_subsample": -0.05147855719169303, "max_depth": 5.0, "num_boost_round": 5.0}, "datetime": {"datetime": "2024-01-19 01:07:56", "elapsed": 3357.399066, "delta": 0.003683}}
{"target": -17.677214058208946, "params": {"gamma": 879.8123555303044, "log10_alpha": -0.8023166528100845, "log10_colsample_bytree": -0.24360686465398562, "log10_eta": -3.459428464336532, "log10_lambda": -3.230642189251413, "log10_min_child_weight": 4.946618041010759, "log10_subsample": -0.05147855719169303, "max_depth": 5.0, "num_boost_round": 6.0}, "datetime": {"datetime": "2024-01-19 01:07:56", "elapsed": 3357.402755, "delta": 0.003689}}
{"target": -17.67721216914299, "params": {"gamma": 879.8123555303044, "log10_alpha": -0.8023166528100845, "log10_colsample_bytree": -0.24360686465398562, "log10_eta": -3.459428464336532, "log10_lambda": -3.230642189251413, "log10_min_child_weight": 4.946618041010759, "log10_subsample": -0.05147855719169303, "max_depth": 5.0, "num_boost_round": 7.0}, "datetime": {"datetime": "2024-01-19 01:07:56", "elapsed": 3357.406342, "delta": 0.003587}}
{"target": -17.67720825388569, "params": {"gamma": 879.8123555303044, "log10_alpha": -0.8023166528100845, "log10_colsample_bytree": -0.24360686465398562, "log10_eta": -3.459428464336532, "log10_lambda": -3.230642189251413, "log10_min_child_weight": 4.946618041010759, "log10_subsample": -0.05147855719169303, "max_depth": 5.0, "num_boost_round": 8.0}, "datetime": {"datetime": "2024-01-19 01:07:56", "elapsed": 3357.409959, "delta": 0.003617}}
{"target": -17.677205843660413, "params": {"gamma": 879.8123555303044, "log10_alpha": -0.8023166528100845, "log10_colsample_bytree": -0.24360686465398562, "log10_eta": -3.459428464336532, "log10_lambda": -3.230642189251413, "log10_min_child_weight": 4.946618041010759, "log10_subsample": -0.05147855719169303, "max_depth": 5.0, "num_boost_round": 9.0}, "datetime": {"datetime": "2024-01-19 01:07:56", "elapsed": 3357.413497, "delta": 0.003538}}
{"target": -17.677201720875754, "params": {"gamma": 879.8123555303044, "log10_alpha": -0.8023166528100845, "log10_colsample_bytree": -0.24360686465398562, "log10_eta": -3.459428464336532, "log10_lambda": -3.230642189251413, "log10_min_child_weight": 4.946618041010759, "log10_subsample": -0.05147855719169303, "max_depth": 5.0, "num_boost_round": 10.0}, "datetime": {"datetime": "2024-01-19 01:07:56", "elapsed": 3357.417036, "delta": 0.003539}}
{"target": -17.677196301014867, "params": {"gamma": 879.8123555303044, "log10_alpha": -0.8023166528100845, "log10_colsample_bytree": -0.24360686465398562, "log10_eta": -3.459428464336532, "log10_lambda": -3.230642189251413, "log10_min_child_weight": 4.946618041010759, "log10_subsample": -0.05147855719169303, "max_depth": 5.0, "num_boost_round": 11.0}, "datetime": {"datetime": "2024-01-19 01:07:56", "elapsed": 3357.420543, "delta": 0.003507}}
{"target": -17.677195517028967, "params": {"gamma": 879.8123555303044, "log10_alpha": -0.8023166528100845, "log10_colsample_bytree": -0.24360686465398562, "log10_eta": -3.459428464336532, "log10_lambda": -3.230642189251413, "log10_min_child_weight": 4.946618041010759, "log10_subsample": -0.05147855719169303, "max_depth": 5.0, "num_boost_round": 12.0}, "datetime": {"datetime": "2024-01-19 01:07:56", "elapsed": 3357.424201, "delta": 0.003658}}
{"target": -17.677193440429384, "params": {"gamma": 879.8123555303044, "log10_alpha": -0.8023166528100845, "log10_colsample_bytree": -0.24360686465398562, "log10_eta": -3.459428464336532, "log10_lambda": -3.230642189251413, "log10_min_child_weight": 4.946618041010759, "log10_subsample": -0.05147855719169303, "max_depth": 5.0, "num_boost_round": 13.0}, "datetime": {"datetime": "2024-01-19 01:07:56", "elapsed": 3357.427852, "delta": 0.003651}}
{"target": -17.677191991052986, "params": {"gamma": 879.8123555303044, "log10_alpha": -0.8023166528100845, "log10_colsample_bytree": -0.24360686465398562, "log10_eta": -3.459428464336532, "log10_lambda": -3.230642189251413, "log10_min_child_weight": 4.946618041010759, "log10_subsample": -0.05147855719169303, "max_depth": 5.0, "num_boost_round": 14.0}, "datetime": {"datetime": "2024-01-19 01:07:56", "elapsed": 3357.431453, "delta": 0.003601}}
{"target": -17.677186229517346, "params": {"gamma": 879.8123555303044, "log10_alpha": -0.8023166528100845, "log10_colsample_bytree": -0.24360686465398562, "log10_eta": -3.459428464336532, "log10_lambda": -3.230642189251413, "log10_min_child_weight": 4.946618041010759, "log10_subsample": -0.05147855719169303, "max_depth": 5.0, "num_boost_round": 15.0}, "datetime": {"datetime": "2024-01-19 01:07:56", "elapsed": 3357.435033, "delta": 0.00358}}
{"target": -17.67718247701635, "params": {"gamma": 879.8123555303044, "log10_alpha": -0.8023166528100845, "log10_colsample_bytree": -0.24360686465398562, "log10_eta": -3.459428464336532, "log10_lambda": -3.230642189251413, "log10_min_child_weight": 4.946618041010759, "log10_subsample": -0.05147855719169303, "max_depth": 5.0, "num_boost_round": 16.0}, "datetime": {"datetime": "2024-01-19 01:07:56", "elapsed": 3357.438594, "delta": 0.003561}}
{"target": -17.677180334819603, "params": {"gamma": 879.8123555303044, "log10_alpha": -0.8023166528100845, "log10_colsample_bytree": -0.24360686465398562, "log10_eta": -3.459428464336532, "log10_lambda": -3.230642189251413, "log10_min_child_weight": 4.946618041010759, "log10_subsample": -0.05147855719169303, "max_depth": 5.0, "num_boost_round": 17.0}, "datetime": {"datetime": "2024-01-19 01:07:56", "elapsed": 3357.442244, "delta": 0.00365}}
{"target": -17.677178039403916, "params": {"gamma": 879.8123555303044, "log10_alpha": -0.8023166528100845, "log10_colsample_bytree": -0.24360686465398562, "log10_eta": -3.459428464336532, "log10_lambda": -3.230642189251413, "log10_min_child_weight": 4.946618041010759, "log10_subsample": -0.05147855719169303, "max_depth": 5.0, "num_boost_round": 18.0}, "datetime": {"datetime": "2024-01-19 01:07:56", "elapsed": 3357.445816, "delta": 0.003572}}
{"target": -17.677172209006244, "params": {"gamma": 879.8123555303044, "log10_alpha": -0.8023166528100845, "log10_colsample_bytree": -0.24360686465398562, "log10_eta": -3.459428464336532, "log10_lambda": -3.230642189251413, "log10_min_child_weight": 4.946618041010759, "log10_subsample": -0.05147855719169303, "max_depth": 5.0, "num_boost_round": 19.0}, "datetime": {"datetime": "2024-01-19 01:07:56", "elapsed": 3357.449421, "delta": 0.003605}}
{"target": -17.67717131195053, "params": {"gamma": 879.8123555303044, "log10_alpha": -0.8023166528100845, "log10_colsample_bytree": -0.24360686465398562, "log10_eta": -3.459428464336532, "log10_lambda": -3.230642189251413, "log10_min_child_weight": 4.946618041010759, "log10_subsample": -0.05147855719169303, "max_depth": 5.0, "num_boost_round": 20.0}, "datetime": {"datetime": "2024-01-19 01:07:56", "elapsed": 3357.452973, "delta": 0.003552}}
{"target": -17.677166515248118, "params": {"gamma": 879.8123555303044, "log10_alpha": -0.8023166528100845, "log10_colsample_bytree": -0.24360686465398562, "log10_eta": -3.459428464336532, "log10_lambda": -3.230642189251413, "log10_min_child_weight": 4.946618041010759, "log10_subsample": -0.05147855719169303, "max_depth": 5.0, "num_boost_round": 21.0}, "datetime": {"datetime": "2024-01-19 01:07:56", "elapsed": 3357.456569, "delta": 0.003596}}
{"target": -17.677160468756508, "params": {"gamma": 879.8123555303044, "log10_alpha": -0.8023166528100845, "log10_colsample_bytree": -0.24360686465398562, "log10_eta": -3.459428464336532, "log10_lambda": -3.230642189251413, "log10_min_child_weight": 4.946618041010759, "log10_subsample": -0.05147855719169303, "max_depth": 5.0, "num_boost_round": 22.0}, "datetime": {"datetime": "2024-01-19 01:07:56", "elapsed": 3357.460132, "delta": 0.003563}}
{"target": -17.677156918832214, "params": {"gamma": 879.8123555303044, "log10_alpha": -0.8023166528100845, "log10_colsample_bytree": -0.24360686465398562, "log10_eta": -3.459428464336532, "log10_lambda": -3.230642189251413, "log10_min_child_weight": 4.946618041010759, "log10_subsample": -0.05147855719169303, "max_depth": 5.0, "num_boost_round": 23.0}, "datetime": {"datetime": "2024-01-19 01:07:56", "elapsed": 3357.463738, "delta": 0.003606}}
{"target": -17.677152222029516, "params": {"gamma": 879.8123555303044, "log10_alpha": -0.8023166528100845, "log10_colsample_bytree": -0.24360686465398562, "log10_eta": -3.459428464336532, "log10_lambda": -3.230642189251413, "log10_min_child_weight": 4.946618041010759, "log10_subsample": -0.05147855719169303, "max_depth": 5.0, "num_boost_round": 24.0}, "datetime": {"datetime": "2024-01-19 01:07:56", "elapsed": 3357.467335, "delta": 0.003597}}
{"target": -17.677147380805096, "params": {"gamma": 879.8123555303044, "log10_alpha": -0.8023166528100845, "log10_colsample_bytree": -0.24360686465398562, "log10_eta": -3.459428464336532, "log10_lambda": -3.230642189251413, "log10_min_child_weight": 4.946618041010759, "log10_subsample": -0.05147855719169303, "max_depth": 5.0, "num_boost_round": 25.0}, "datetime": {"datetime": "2024-01-19 01:07:56", "elapsed": 3357.470913, "delta": 0.003578}}
{"target": -17.677143246801155, "params": {"gamma": 879.8123555303044, "log10_alpha": -0.8023166528100845, "log10_colsample_bytree": -0.24360686465398562, "log10_eta": -3.459428464336532, "log10_lambda": -3.230642189251413, "log10_min_child_weight": 4.946618041010759, "log10_subsample": -0.05147855719169303, "max_depth": 5.0, "num_boost_round": 26.0}, "datetime": {"datetime": "2024-01-19 01:07:56", "elapsed": 3357.474476, "delta": 0.003563}}
{"target": -17.677140132160233, "params": {"gamma": 879.8123555303044, "log10_alpha": -0.8023166528100845, "log10_colsample_bytree": -0.24360686465398562, "log10_eta": -3.459428464336532, "log10_lambda": -3.230642189251413, "log10_min_child_weight": 4.946618041010759, "log10_subsample": -0.05147855719169303, "max_depth": 5.0, "num_boost_round": 27.0}, "datetime": {"datetime": "2024-01-19 01:07:56", "elapsed": 3357.47806, "delta": 0.003584}}
{"target": -17.677136933766047, "params": {"gamma": 879.8123555303044, "log10_alpha": -0.8023166528100845, "log10_colsample_bytree": -0.24360686465398562, "log10_eta": -3.459428464336532, "log10_lambda": -3.230642189251413, "log10_min_child_weight": 4.946618041010759, "log10_subsample": -0.05147855719169303, "max_depth": 5.0, "num_boost_round": 28.0}, "datetime": {"datetime": "2024-01-19 01:07:56", "elapsed": 3357.481608, "delta": 0.003548}}
{"target": -17.67713085196918, "params": {"gamma": 879.8123555303044, "log10_alpha": -0.8023166528100845, "log10_colsample_bytree": -0.24360686465398562, "log10_eta": -3.459428464336532, "log10_lambda": -3.230642189251413, "log10_min_child_weight": 4.946618041010759, "log10_subsample": -0.05147855719169303, "max_depth": 5.0, "num_boost_round": 29.0}, "datetime": {"datetime": "2024-01-19 01:07:56", "elapsed": 3357.485271, "delta": 0.003663}}
{"target": -17.67712868016276, "params": {"gamma": 879.8123555303044, "log10_alpha": -0.8023166528100845, "log10_colsample_bytree": -0.24360686465398562, "log10_eta": -3.459428464336532, "log10_lambda": -3.230642189251413, "log10_min_child_weight": 4.946618041010759, "log10_subsample": -0.05147855719169303, "max_depth": 5.0, "num_boost_round": 30.0}, "datetime": {"datetime": "2024-01-19 01:07:56", "elapsed": 3357.489917, "delta": 0.004646}}
{"target": -17.677127183352354, "params": {"gamma": 879.8123555303044, "log10_alpha": -0.8023166528100845, "log10_colsample_bytree": -0.24360686465398562, "log10_eta": -3.459428464336532, "log10_lambda": -3.230642189251413, "log10_min_child_weight": 4.946618041010759, "log10_subsample": -0.05147855719169303, "max_depth": 5.0, "num_boost_round": 31.0}, "datetime": {"datetime": "2024-01-19 01:07:56", "elapsed": 3357.49367, "delta": 0.003753}}
{"target": -17.677123573805844, "params": {"gamma": 879.8123555303044, "log10_alpha": -0.8023166528100845, "log10_colsample_bytree": -0.24360686465398562, "log10_eta": -3.459428464336532, "log10_lambda": -3.230642189251413, "log10_min_child_weight": 4.946618041010759, "log10_subsample": -0.05147855719169303, "max_depth": 5.0, "num_boost_round": 32.0}, "datetime": {"datetime": "2024-01-19 01:07:56", "elapsed": 3357.497518, "delta": 0.003848}}
{"target": -17.677122536751973, "params": {"gamma": 879.8123555303044, "log10_alpha": -0.8023166528100845, "log10_colsample_bytree": -0.24360686465398562, "log10_eta": -3.459428464336532, "log10_lambda": -3.230642189251413, "log10_min_child_weight": 4.946618041010759, "log10_subsample": -0.05147855719169303, "max_depth": 5.0, "num_boost_round": 33.0}, "datetime": {"datetime": "2024-01-19 01:07:56", "elapsed": 3357.501119, "delta": 0.003601}}
{"target": -17.676929957326312, "params": {"gamma": 889.9776497361156, "log10_alpha": -4.376415989225284, "log10_colsample_bytree": -0.6390612661548191, "log10_eta": -1.9467986750059354, "log10_lambda": -4.1996774127425835, "log10_min_child_weight": 0.03425837368134732, "log10_subsample": -0.522160959631727, "max_depth": 2.0, "num_boost_round": 0.0}, "datetime": {"datetime": "2024-01-19 01:08:47", "elapsed": 3407.747632, "delta": 50.246513}}
{"target": -17.676673175581488, "params": {"gamma": 889.9776497361156, "log10_alpha": -4.376415989225284, "log10_colsample_bytree": -0.6390612661548191, "log10_eta": -1.9467986750059354, "log10_lambda": -4.1996774127425835, "log10_min_child_weight": 0.03425837368134732, "log10_subsample": -0.522160959631727, "max_depth": 2.0, "num_boost_round": 1.0}, "datetime": {"datetime": "2024-01-19 01:08:47", "elapsed": 3407.752172, "delta": 0.00454}}
{"target": -17.676352254743282, "params": {"gamma": 889.9776497361156, "log10_alpha": -4.376415989225284, "log10_colsample_bytree": -0.6390612661548191, "log10_eta": -1.9467986750059354, "log10_lambda": -4.1996774127425835, "log10_min_child_weight": 0.03425837368134732, "log10_subsample": -0.522160959631727, "max_depth": 2.0, "num_boost_round": 2.0}, "datetime": {"datetime": "2024-01-19 01:08:47", "elapsed": 3407.755933, "delta": 0.003761}}
{"target": -17.676390712962018, "params": {"gamma": 889.9776497361156, "log10_alpha": -4.376415989225284, "log10_colsample_bytree": -0.6390612661548191, "log10_eta": -1.9467986750059354, "log10_lambda": -4.1996774127425835, "log10_min_child_weight": 0.03425837368134732, "log10_subsample": -0.522160959631727, "max_depth": 2.0, "num_boost_round": 3.0}, "datetime": {"datetime": "2024-01-19 01:08:47", "elapsed": 3407.759588, "delta": 0.003655}}
{"target": -17.67620679139032, "params": {"gamma": 889.9776497361156, "log10_alpha": -4.376415989225284, "log10_colsample_bytree": -0.6390612661548191, "log10_eta": -1.9467986750059354, "log10_lambda": -4.1996774127425835, "log10_min_child_weight": 0.03425837368134732, "log10_subsample": -0.522160959631727, "max_depth": 2.0, "num_boost_round": 4.0}, "datetime": {"datetime": "2024-01-19 01:08:47", "elapsed": 3407.763206, "delta": 0.003618}}
{"target": -17.676068480027357, "params": {"gamma": 889.9776497361156, "log10_alpha": -4.376415989225284, "log10_colsample_bytree": -0.6390612661548191, "log10_eta": -1.9467986750059354, "log10_lambda": -4.1996774127425835, "log10_min_child_weight": 0.03425837368134732, "log10_subsample": -0.522160959631727, "max_depth": 2.0, "num_boost_round": 5.0}, "datetime": {"datetime": "2024-01-19 01:08:47", "elapsed": 3407.766786, "delta": 0.00358}}
{"target": -17.675787357899317, "params": {"gamma": 889.9776497361156, "log10_alpha": -4.376415989225284, "log10_colsample_bytree": -0.6390612661548191, "log10_eta": -1.9467986750059354, "log10_lambda": -4.1996774127425835, "log10_min_child_weight": 0.03425837368134732, "log10_subsample": -0.522160959631727, "max_depth": 2.0, "num_boost_round": 6.0}, "datetime": {"datetime": "2024-01-19 01:08:47", "elapsed": 3407.77034, "delta": 0.003554}}
{"target": -17.675478808443675, "params": {"gamma": 889.9776497361156, "log10_alpha": -4.376415989225284, "log10_colsample_bytree": -0.6390612661548191, "log10_eta": -1.9467986750059354, "log10_lambda": -4.1996774127425835, "log10_min_child_weight": 0.03425837368134732, "log10_subsample": -0.522160959631727, "max_depth": 2.0, "num_boost_round": 7.0}, "datetime": {"datetime": "2024-01-19 01:08:47", "elapsed": 3407.77404, "delta": 0.0037}}
{"target": -17.675275294449516, "params": {"gamma": 889.9776497361156, "log10_alpha": -4.376415989225284, "log10_colsample_bytree": -0.6390612661548191, "log10_eta": -1.9467986750059354, "log10_lambda": -4.1996774127425835, "log10_min_child_weight": 0.03425837368134732, "log10_subsample": -0.522160959631727, "max_depth": 2.0, "num_boost_round": 8.0}, "datetime": {"datetime": "2024-01-19 01:08:47", "elapsed": 3407.777818, "delta": 0.003778}}
{"target": -17.674916916262397, "params": {"gamma": 889.9776497361156, "log10_alpha": -4.376415989225284, "log10_colsample_bytree": -0.6390612661548191, "log10_eta": -1.9467986750059354, "log10_lambda": -4.1996774127425835, "log10_min_child_weight": 0.03425837368134732, "log10_subsample": -0.522160959631727, "max_depth": 2.0, "num_boost_round": 9.0}, "datetime": {"datetime": "2024-01-19 01:08:47", "elapsed": 3407.781524, "delta": 0.003706}}
{"target": -17.67481574238236, "params": {"gamma": 889.9776497361156, "log10_alpha": -4.376415989225284, "log10_colsample_bytree": -0.6390612661548191, "log10_eta": -1.9467986750059354, "log10_lambda": -4.1996774127425835, "log10_min_child_weight": 0.03425837368134732, "log10_subsample": -0.522160959631727, "max_depth": 2.0, "num_boost_round": 10.0}, "datetime": {"datetime": "2024-01-19 01:08:47", "elapsed": 3407.785327, "delta": 0.003803}}
{"target": -17.67472719550931, "params": {"gamma": 889.9776497361156, "log10_alpha": -4.376415989225284, "log10_colsample_bytree": -0.6390612661548191, "log10_eta": -1.9467986750059354, "log10_lambda": -4.1996774127425835, "log10_min_child_weight": 0.03425837368134732, "log10_subsample": -0.522160959631727, "max_depth": 2.0, "num_boost_round": 11.0}, "datetime": {"datetime": "2024-01-19 01:08:47", "elapsed": 3407.788889, "delta": 0.003562}}
