{"target": -13.75853249298512, "params": {"gamma": 558.3522671166866, "log10_alpha": -3.7359403089085266, "log10_colsample_bytree": -0.4981521535640042, "log10_eta": -3.2594813944569943, "log10_lambda": -3.2741686406952613, "log10_min_child_weight": 3.162222367712935, "log10_subsample": -0.9748007362925807, "max_depth": 7.0, "num_boost_round": 0.0}, "datetime": {"datetime": "2024-01-19 02:09:30", "elapsed": 7101.988388, "delta": 103.687828}}
{"target": -13.758520753127682, "params": {"gamma": 558.3522671166866, "log10_alpha": -3.7359403089085266, "log10_colsample_bytree": -0.4981521535640042, "log10_eta": -3.2594813944569943, "log10_lambda": -3.2741686406952613, "log10_min_child_weight": 3.162222367712935, "log10_subsample": -0.9748007362925807, "max_depth": 7.0, "num_boost_round": 1.0}, "datetime": {"datetime": "2024-01-19 02:09:30", "elapsed": 7101.995617, "delta": 0.007229}}
{"target": -13.758512264484974, "params": {"gamma": 558.3522671166866, "log10_alpha": -3.7359403089085266, "log10_colsample_bytree": -0.4981521535640042, "log10_eta": -3.2594813944569943, "log10_lambda": -3.2741686406952613, "log10_min_child_weight": 3.162222367712935, "log10_subsample": -0.9748007362925807, "max_depth": 7.0, "num_boost_round": 2.0}, "datetime": {"datetime": "2024-01-19 02:09:30", "elapsed": 7102.00264, "delta": 0.007023}}
{"target": -13.758506580548604, "params": {"gamma": 558.3522671166866, "log10_alpha": -3.7359403089085266, "log10_colsample_bytree": -0.4981521535640042, "log10_eta": -3.2594813944569943, "log10_lambda": -3.2741686406952613, "log10_min_child_weight": 3.162222367712935, "log10_subsample": -0.9748007362925807, "max_depth": 7.0, "num_boost_round": 3.0}, "datetime": {"datetime": "2024-01-19 02:09:30", "elapsed": 7102.009693, "delta": 0.007053}}
{"target": -13.75849794888663, "params": {"gamma": 558.3522671166866, "log10_alpha": -3.7359403089085266, "log10_colsample_bytree": -0.4981521535640042, "log10_eta": -3.2594813944569943, "log10_lambda": -3.2741686406952613, "log10_min_child_weight": 3.162222367712935, "log10_subsample": -0.9748007362925807, "max_depth": 7.0, "num_boost_round": 4.0}, "datetime": {"datetime": "2024-01-19 02:09:30", "elapsed": 7102.016442, "delta": 0.006749}}
{"target": -13.75849288387127, "params": {"gamma": 558.3522671166866, "log10_alpha": -3.7359403089085266, "log10_colsample_bytree": -0.4981521535640042, "log10_eta": -3.2594813944569943, "log10_lambda": -3.2741686406952613, "log10_min_child_weight": 3.162222367712935, "log10_subsample": -0.9748007362925807, "max_depth": 7.0, "num_boost_round": 5.0}, "datetime": {"datetime": "2024-01-19 02:09:30", "elapsed": 7102.02335, "delta": 0.006908}}
{"target": -13.758483005580713, "params": {"gamma": 558.3522671166866, "log10_alpha": -3.7359403089085266, "log10_colsample_bytree": -0.4981521535640042, "log10_eta": -3.2594813944569943, "log10_lambda": -3.2741686406952613, "log10_min_child_weight": 3.162222367712935, "log10_subsample": -0.9748007362925807, "max_depth": 7.0, "num_boost_round": 6.0}, "datetime": {"datetime": "2024-01-19 02:09:30", "elapsed": 7102.030074, "delta": 0.006724}}
{"target": -13.758479262476534, "params": {"gamma": 558.3522671166866, "log10_alpha": -3.7359403089085266, "log10_colsample_bytree": -0.4981521535640042, "log10_eta": -3.2594813944569943, "log10_lambda": -3.2741686406952613, "log10_min_child_weight": 3.162222367712935, "log10_subsample": -0.9748007362925807, "max_depth": 7.0, "num_boost_round": 7.0}, "datetime": {"datetime": "2024-01-19 02:09:30", "elapsed": 7102.036787, "delta": 0.006713}}
{"target": -13.758463915024754, "params": {"gamma": 558.3522671166866, "log10_alpha": -3.7359403089085266, "log10_colsample_bytree": -0.4981521535640042, "log10_eta": -3.2594813944569943, "log10_lambda": -3.2741686406952613, "log10_min_child_weight": 3.162222367712935, "log10_subsample": -0.9748007362925807, "max_depth": 7.0, "num_boost_round": 8.0}, "datetime": {"datetime": "2024-01-19 02:09:30", "elapsed": 7102.043551, "delta": 0.006764}}
{"target": -13.75846607834722, "params": {"gamma": 558.3522671166866, "log10_alpha": -3.7359403089085266, "log10_colsample_bytree": -0.4981521535640042, "log10_eta": -3.2594813944569943, "log10_lambda": -3.2741686406952613, "log10_min_child_weight": 3.162222367712935, "log10_subsample": -0.9748007362925807, "max_depth": 7.0, "num_boost_round": 9.0}, "datetime": {"datetime": "2024-01-19 02:09:30", "elapsed": 7102.050471, "delta": 0.00692}}
{"target": -13.758448704131888, "params": {"gamma": 558.3522671166866, "log10_alpha": -3.7359403089085266, "log10_colsample_bytree": -0.4981521535640042, "log10_eta": -3.2594813944569943, "log10_lambda": -3.2741686406952613, "log10_min_child_weight": 3.162222367712935, "log10_subsample": -0.9748007362925807, "max_depth": 7.0, "num_boost_round": 10.0}, "datetime": {"datetime": "2024-01-19 02:09:30", "elapsed": 7102.057272, "delta": 0.006801}}
{"target": -13.758443641670373, "params": {"gamma": 558.3522671166866, "log10_alpha": -3.7359403089085266, "log10_colsample_bytree": -0.4981521535640042, "log10_eta": -3.2594813944569943, "log10_lambda": -3.2741686406952613, "log10_min_child_weight": 3.162222367712935, "log10_subsample": -0.9748007362925807, "max_depth": 7.0, "num_boost_round": 11.0}, "datetime": {"datetime": "2024-01-19 02:09:30", "elapsed": 7102.064831, "delta": 0.007559}}
{"target": -13.758438956324623, "params": {"gamma": 558.3522671166866, "log10_alpha": -3.7359403089085266, "log10_colsample_bytree": -0.4981521535640042, "log10_eta": -3.2594813944569943, "log10_lambda": -3.2741686406952613, "log10_min_child_weight": 3.162222367712935, "log10_subsample": -0.9748007362925807, "max_depth": 7.0, "num_boost_round": 12.0}, "datetime": {"datetime": "2024-01-19 02:09:30", "elapsed": 7102.071752, "delta": 0.006921}}
{"target": -13.758436876758312, "params": {"gamma": 558.3522671166866, "log10_alpha": -3.7359403089085266, "log10_colsample_bytree": -0.4981521535640042, "log10_eta": -3.2594813944569943, "log10_lambda": -3.2741686406952613, "log10_min_child_weight": 3.162222367712935, "log10_subsample": -0.9748007362925807, "max_depth": 7.0, "num_boost_round": 13.0}, "datetime": {"datetime": "2024-01-19 02:09:30", "elapsed": 7102.082692, "delta": 0.01094}}
{"target": -13.75843075501929, "params": {"gamma": 558.3522671166866, "log10_alpha": -3.7359403089085266, "log10_colsample_bytree": -0.4981521535640042, "log10_eta": -3.2594813944569943, "log10_lambda": -3.2741686406952613, "log10_min_child_weight": 3.162222367712935, "log10_subsample": -0.9748007362925807, "max_depth": 7.0, "num_boost_round": 14.0}, "datetime": {"datetime": "2024-01-19 02:09:30", "elapsed": 7102.089435, "delta": 0.006743}}
{"target": -13.758416949643236, "params": {"gamma": 558.3522671166866, "log10_alpha": -3.7359403089085266, "log10_colsample_bytree": -0.4981521535640042, "log10_eta": -3.2594813944569943, "log10_lambda": -3.2741686406952613, "log10_min_child_weight": 3.162222367712935, "log10_subsample": -0.9748007362925807, "max_depth": 7.0, "num_boost_round": 15.0}, "datetime": {"datetime": "2024-01-19 02:09:30", "elapsed": 7102.096181, "delta": 0.006746}}
{"target": -13.758419856124105, "params": {"gamma": 558.3522671166866, "log10_alpha": -3.7359403089085266, "log10_colsample_bytree": -0.4981521535640042, "log10_eta": -3.2594813944569943, "log10_lambda": -3.2741686406952613, "log10_min_child_weight": 3.162222367712935, "log10_subsample": -0.9748007362925807, "max_depth": 7.0, "num_boost_round": 16.0}, "datetime": {"datetime": "2024-01-19 02:09:30", "elapsed": 7102.103003, "delta": 0.006822}}
{"target": -13.758420864980986, "params": {"gamma": 558.3522671166866, "log10_alpha": -3.7359403089085266, "log10_colsample_bytree": -0.4981521535640042, "log10_eta": -3.2594813944569943, "log10_lambda": -3.2741686406952613, "log10_min_child_weight": 3.162222367712935, "log10_subsample": -0.9748007362925807, "max_depth": 7.0, "num_boost_round": 17.0}, "datetime": {"datetime": "2024-01-19 02:09:30", "elapsed": 7102.109767, "delta": 0.006764}}
{"target": -13.758417238475708, "params": {"gamma": 558.3522671166866, "log10_alpha": -3.7359403089085266, "log10_colsample_bytree": -0.4981521535640042, "log10_eta": -3.2594813944569943, "log10_lambda": -3.2741686406952613, "log10_min_child_weight": 3.162222367712935, "log10_subsample": -0.9748007362925807, "max_depth": 7.0, "num_boost_round": 18.0}, "datetime": {"datetime": "2024-01-19 02:09:30", "elapsed": 7102.116439, "delta": 0.006672}}
{"target": -13.758400404344002, "params": {"gamma": 558.3522671166866, "log10_alpha": -3.7359403089085266, "log10_colsample_bytree": -0.4981521535640042, "log10_eta": -3.2594813944569943, "log10_lambda": -3.2741686406952613, "log10_min_child_weight": 3.162222367712935, "log10_subsample": -0.9748007362925807, "max_depth": 7.0, "num_boost_round": 19.0}, "datetime": {"datetime": "2024-01-19 02:09:30", "elapsed": 7102.123195, "delta": 0.006756}}
{"target": -13.758384782666194, "params": {"gamma": 558.3522671166866, "log10_alpha": -3.7359403089085266, "log10_colsample_bytree": -0.4981521535640042, "log10_eta": -3.2594813944569943, "log10_lambda": -3.2741686406952613, "log10_min_child_weight": 3.162222367712935, "log10_subsample": -0.9748007362925807, "max_depth": 7.0, "num_boost_round": 20.0}, "datetime": {"datetime": "2024-01-19 02:09:30", "elapsed": 7102.12989, "delta": 0.006695}}
{"target": -13.758376450711713, "params": {"gamma": 558.3522671166866, "log10_alpha": -3.7359403089085266, "log10_colsample_bytree": -0.4981521535640042, "log10_eta": -3.2594813944569943, "log10_lambda": -3.2741686406952613, "log10_min_child_weight": 3.162222367712935, "log10_subsample": -0.9748007362925807, "max_depth": 7.0, "num_boost_round": 21.0}, "datetime": {"datetime": "2024-01-19 02:09:30", "elapsed": 7102.136579, "delta": 0.006689}}
{"target": -13.758364539319038, "params": {"gamma": 558.3522671166866, "log10_alpha": -3.7359403089085266, "log10_colsample_bytree": -0.4981521535640042, "log10_eta": -3.2594813944569943, "log10_lambda": -3.2741686406952613, "log10_min_child_weight": 3.162222367712935, "log10_subsample": -0.9748007362925807, "max_depth": 7.0, "num_boost_round": 22.0}, "datetime": {"datetime": "2024-01-19 02:09:30", "elapsed": 7102.143242, "delta": 0.006663}}
{"target": -13.758364658383533, "params": {"gamma": 558.3522671166866, "log10_alpha": -3.7359403089085266, "log10_colsample_bytree": -0.4981521535640042, "log10_eta": -3.2594813944569943, "log10_lambda": -3.2741686406952613, "log10_min_child_weight": 3.162222367712935, "log10_subsample": -0.9748007362925807, "max_depth": 7.0, "num_boost_round": 23.0}, "datetime": {"datetime": "2024-01-19 02:09:30", "elapsed": 7102.149809, "delta": 0.006567}}
{"target": -13.758361134679273, "params": {"gamma": 558.3522671166866, "log10_alpha": -3.7359403089085266, "log10_colsample_bytree": -0.4981521535640042, "log10_eta": -3.2594813944569943, "log10_lambda": -3.2741686406952613, "log10_min_child_weight": 3.162222367712935, "log10_subsample": -0.9748007362925807, "max_depth": 7.0, "num_boost_round": 24.0}, "datetime": {"datetime": "2024-01-19 02:09:30", "elapsed": 7102.156623, "delta": 0.006814}}
{"target": -13.758352485649572, "params": {"gamma": 558.3522671166866, "log10_alpha": -3.7359403089085266, "log10_colsample_bytree": -0.4981521535640042, "log10_eta": -3.2594813944569943, "log10_lambda": -3.2741686406952613, "log10_min_child_weight": 3.162222367712935, "log10_subsample": -0.9748007362925807, "max_depth": 7.0, "num_boost_round": 25.0}, "datetime": {"datetime": "2024-01-19 02:09:30", "elapsed": 7102.163301, "delta": 0.006678}}
{"target": -13.758345421193559, "params": {"gamma": 558.3522671166866, "log10_alpha": -3.7359403089085266, "log10_colsample_bytree": -0.4981521535640042, "log10_eta": -3.2594813944569943, "log10_lambda": -3.2741686406952613, "log10_min_child_weight": 3.162222367712935, "log10_subsample": -0.9748007362925807, "max_depth": 7.0, "num_boost_round": 26.0}, "datetime": {"datetime": "2024-01-19 02:09:30", "elapsed": 7102.170081, "delta": 0.00678}}
{"target": -13.75833771411106, "params": {"gamma": 558.3522671166866, "log10_alpha": -3.7359403089085266, "log10_colsample_bytree": -0.4981521535640042, "log10_eta": -3.2594813944569943, "log10_lambda": -3.2741686406952613, "log10_min_child_weight": 3.162222367712935, "log10_subsample": -0.9748007362925807, "max_depth": 7.0, "num_boost_round": 27.0}, "datetime": {"datetime": "2024-01-19 02:09:30", "elapsed": 7102.176742, "delta": 0.006661}}
{"target": -13.758326591319673, "params": {"gamma": 558.3522671166866, "log10_alpha": -3.7359403089085266, "log10_colsample_bytree": -0.4981521535640042, "log10_eta": -3.2594813944569943, "log10_lambda": -3.2741686406952613, "log10_min_child_weight": 3.162222367712935, "log10_subsample": -0.9748007362925807, "max_depth": 7.0, "num_boost_round": 28.0}, "datetime": {"datetime": "2024-01-19 02:09:30", "elapsed": 7102.183462, "delta": 0.00672}}
{"target": -13.758319244763198, "params": {"gamma": 558.3522671166866, "log10_alpha": -3.7359403089085266, "log10_colsample_bytree": -0.4981521535640042, "log10_eta": -3.2594813944569943, "log10_lambda": -3.2741686406952613, "log10_min_child_weight": 3.162222367712935, "log10_subsample": -0.9748007362925807, "max_depth": 7.0, "num_boost_round": 29.0}, "datetime": {"datetime": "2024-01-19 02:09:30", "elapsed": 7102.190055, "delta": 0.006593}}
{"target": -13.75830809356624, "params": {"gamma": 558.3522671166866, "log10_alpha": -3.7359403089085266, "log10_colsample_bytree": -0.4981521535640042, "log10_eta": -3.2594813944569943, "log10_lambda": -3.2741686406952613, "log10_min_child_weight": 3.162222367712935, "log10_subsample": -0.9748007362925807, "max_depth": 7.0, "num_boost_round": 30.0}, "datetime": {"datetime": "2024-01-19 02:09:30", "elapsed": 7102.196625, "delta": 0.00657}}
{"target": -13.758291621561177, "params": {"gamma": 558.3522671166866, "log10_alpha": -3.7359403089085266, "log10_colsample_bytree": -0.4981521535640042, "log10_eta": -3.2594813944569943, "log10_lambda": -3.2741686406952613, "log10_min_child_weight": 3.162222367712935, "log10_subsample": -0.9748007362925807, "max_depth": 7.0, "num_boost_round": 31.0}, "datetime": {"datetime": "2024-01-19 02:09:30", "elapsed": 7102.204035, "delta": 0.00741}}
{"target": -13.758287272500885, "params": {"gamma": 558.3522671166866, "log10_alpha": -3.7359403089085266, "log10_colsample_bytree": -0.4981521535640042, "log10_eta": -3.2594813944569943, "log10_lambda": -3.2741686406952613, "log10_min_child_weight": 3.162222367712935, "log10_subsample": -0.9748007362925807, "max_depth": 7.0, "num_boost_round": 32.0}, "datetime": {"datetime": "2024-01-19 02:09:30", "elapsed": 7102.211164, "delta": 0.007129}}
{"target": -13.758270596158452, "params": {"gamma": 558.3522671166866, "log10_alpha": -3.7359403089085266, "log10_colsample_bytree": -0.4981521535640042, "log10_eta": -3.2594813944569943, "log10_lambda": -3.2741686406952613, "log10_min_child_weight": 3.162222367712935, "log10_subsample": -0.9748007362925807, "max_depth": 7.0, "num_boost_round": 33.0}, "datetime": {"datetime": "2024-01-19 02:09:30", "elapsed": 7102.217939, "delta": 0.006775}}
{"target": -13.758260305933991, "params": {"gamma": 558.3522671166866, "log10_alpha": -3.7359403089085266, "log10_colsample_bytree": -0.4981521535640042, "log10_eta": -3.2594813944569943, "log10_lambda": -3.2741686406952613, "log10_min_child_weight": 3.162222367712935, "log10_subsample": -0.9748007362925807, "max_depth": 7.0, "num_boost_round": 34.0}, "datetime": {"datetime": "2024-01-19 02:09:30", "elapsed": 7102.224662, "delta": 0.006723}}
{"target": -13.758262925263999, "params": {"gamma": 558.3522671166866, "log10_alpha": -3.7359403089085266, "log10_colsample_bytree": -0.4981521535640042, "log10_eta": -3.2594813944569943, "log10_lambda": -3.2741686406952613, "log10_min_child_weight": 3.162222367712935, "log10_subsample": -0.9748007362925807, "max_depth": 7.0, "num_boost_round": 35.0}, "datetime": {"datetime": "2024-01-19 02:09:30", "elapsed": 7102.231551, "delta": 0.006889}}
{"target": -13.75853820903113, "params": {"gamma": 565.3829869064559, "log10_alpha": -3.536502222708318, "log10_colsample_bytree": -0.9648445089582168, "log10_eta": -3.86615179498843, "log10_lambda": -0.702394638790043, "log10_min_child_weight": 4.597228534087273, "log10_subsample": -0.6542467326835397, "max_depth": 8.0, "num_boost_round": 0.0}, "datetime": {"datetime": "2024-01-19 02:11:25", "elapsed": 7216.819484, "delta": 114.587933}}
{"target": -13.758536772260069, "params": {"gamma": 565.3829869064559, "log10_alpha": -3.536502222708318, "log10_colsample_bytree": -0.9648445089582168, "log10_eta": -3.86615179498843, "log10_lambda": -0.702394638790043, "log10_min_child_weight": 4.597228534087273, "log10_subsample": -0.6542467326835397, "max_depth": 8.0, "num_boost_round": 1.0}, "datetime": {"datetime": "2024-01-19 02:11:25", "elapsed": 7216.827941, "delta": 0.008457}}
{"target": -13.758536912218837, "params": {"gamma": 565.3829869064559, "log10_alpha": -3.536502222708318, "log10_colsample_bytree": -0.9648445089582168, "log10_eta": -3.86615179498843, "log10_lambda": -0.702394638790043, "log10_min_child_weight": 4.597228534087273, "log10_subsample": -0.6542467326835397, "max_depth": 8.0, "num_boost_round": 2.0}, "datetime": {"datetime": "2024-01-19 02:11:25", "elapsed": 7216.834901, "delta": 0.00696}}
{"target": -13.75853668239597, "params": {"gamma": 565.3829869064559, "log10_alpha": -3.536502222708318, "log10_colsample_bytree": -0.9648445089582168, "log10_eta": -3.86615179498843, "log10_lambda": -0.702394638790043, "log10_min_child_weight": 4.597228534087273, "log10_subsample": -0.6542467326835397, "max_depth": 8.0, "num_boost_round": 3.0}, "datetime": {"datetime": "2024-01-19 02:11:25", "elapsed": 7216.842348, "delta": 0.007447}}
{"target": -13.758536615759066, "params": {"gamma": 565.3829869064559, "log10_alpha": -3.536502222708318, "log10_colsample_bytree": -0.9648445089582168, "log10_eta": -3.86615179498843, "log10_lambda": -0.702394638790043, "log10_min_child_weight": 4.597228534087273, "log10_subsample": -0.6542467326835397, "max_depth": 8.0, "num_boost_round": 4.0}, "datetime": {"datetime": "2024-01-19 02:11:25", "elapsed": 7216.849742, "delta": 0.007394}}
{"target": -13.758536483756547, "params": {"gamma": 565.3829869064559, "log10_alpha": -3.536502222708318, "log10_colsample_bytree": -0.9648445089582168, "log10_eta": -3.86615179498843, "log10_lambda": -0.702394638790043, "log10_min_child_weight": 4.597228534087273, "log10_subsample": -0.6542467326835397, "max_depth": 8.0, "num_boost_round": 5.0}, "datetime": {"datetime": "2024-01-19 02:11:25", "elapsed": 7216.857327, "delta": 0.007585}}
{"target": -13.758536317230893, "params": {"gamma": 565.3829869064559, "log10_alpha": -3.536502222708318, "log10_colsample_bytree": -0.9648445089582168, "log10_eta": -3.86615179498843, "log10_lambda": -0.702394638790043, "log10_min_child_weight": 4.597228534087273, "log10_subsample": -0.6542467326835397, "max_depth": 8.0, "num_boost_round": 6.0}, "datetime": {"datetime": "2024-01-19 02:11:25", "elapsed": 7216.865291, "delta": 0.007964}}
{"target": -13.75853609385649, "params": {"gamma": 565.3829869064559, "log10_alpha": -3.536502222708318, "log10_colsample_bytree": -0.9648445089582168, "log10_eta": -3.86615179498843, "log10_lambda": -0.702394638790043, "log10_min_child_weight": 4.597228534087273, "log10_subsample": -0.6542467326835397, "max_depth": 8.0, "num_boost_round": 7.0}, "datetime": {"datetime": "2024-01-19 02:11:25", "elapsed": 7216.872276, "delta": 0.006985}}
{"target": -13.75853611733834, "params": {"gamma": 565.3829869064559, "log10_alpha": -3.536502222708318, "log10_colsample_bytree": -0.9648445089582168, "log10_eta": -3.86615179498843, "log10_lambda": -0.702394638790043, "log10_min_child_weight": 4.597228534087273, "log10_subsample": -0.6542467326835397, "max_depth": 8.0, "num_boost_round": 8.0}, "datetime": {"datetime": "2024-01-19 02:11:25", "elapsed": 7216.879048, "delta": 0.006772}}
{"target": -13.758536035998018, "params": {"gamma": 565.3829869064559, "log10_alpha": -3.536502222708318, "log10_colsample_bytree": -0.9648445089582168, "log10_eta": -3.86615179498843, "log10_lambda": -0.702394638790043, "log10_min_child_weight": 4.597228534087273, "log10_subsample": -0.6542467326835397, "max_depth": 8.0, "num_boost_round": 9.0}, "datetime": {"datetime": "2024-01-19 02:11:25", "elapsed": 7216.885766, "delta": 0.006718}}
{"target": -13.758536524096773, "params": {"gamma": 565.3829869064559, "log10_alpha": -3.536502222708318, "log10_colsample_bytree": -0.9648445089582168, "log10_eta": -3.86615179498843, "log10_lambda": -0.702394638790043, "log10_min_child_weight": 4.597228534087273, "log10_subsample": -0.6542467326835397, "max_depth": 8.0, "num_boost_round": 10.0}, "datetime": {"datetime": "2024-01-19 02:11:25", "elapsed": 7216.892476, "delta": 0.00671}}
{"target": -13.758535926225186, "params": {"gamma": 565.3829869064559, "log10_alpha": -3.536502222708318, "log10_colsample_bytree": -0.9648445089582168, "log10_eta": -3.86615179498843, "log10_lambda": -0.702394638790043, "log10_min_child_weight": 4.597228534087273, "log10_subsample": -0.6542467326835397, "max_depth": 8.0, "num_boost_round": 11.0}, "datetime": {"datetime": "2024-01-19 02:11:25", "elapsed": 7216.899546, "delta": 0.00707}}
{"target": -13.758536049994154, "params": {"gamma": 565.3829869064559, "log10_alpha": -3.536502222708318, "log10_colsample_bytree": -0.9648445089582168, "log10_eta": -3.86615179498843, "log10_lambda": -0.702394638790043, "log10_min_child_weight": 4.597228534087273, "log10_subsample": -0.6542467326835397, "max_depth": 8.0, "num_boost_round": 12.0}, "datetime": {"datetime": "2024-01-19 02:11:25", "elapsed": 7216.906466, "delta": 0.00692}}
