{"target": -17.676068847897167, "params": {"gamma": 971.7887763497217, "log10_alpha": -4.105988110710285, "log10_colsample_bytree": -0.7018906142996658, "log10_eta": -2.501394393836696, "log10_lambda": -2.844312104039342, "log10_min_child_weight": 1.423200391925164, "log10_subsample": -0.4708771942204866, "max_depth": 3.0, "num_boost_round": 13.0}, "datetime": {"datetime": "2024-01-19 00:45:27", "elapsed": 2021.083162, "delta": 0.002367}}
{"target": -17.67601651334648, "params": {"gamma": 971.7887763497217, "log10_alpha": -4.105988110710285, "log10_colsample_bytree": -0.7018906142996658, "log10_eta": -2.501394393836696, "log10_lambda": -2.844312104039342, "log10_min_child_weight": 1.423200391925164, "log10_subsample": -0.4708771942204866, "max_depth": 3.0, "num_boost_round": 14.0}, "datetime": {"datetime": "2024-01-19 00:45:27", "elapsed": 2021.085538, "delta": 0.002376}}
{"target": -17.675939578896763, "params": {"gamma": 971.7887763497217, "log10_alpha": -4.105988110710285, "log10_colsample_bytree": -0.7018906142996658, "log10_eta": -2.501394393836696, "log10_lambda": -2.844312104039342, "log10_min_child_weight": 1.423200391925164, "log10_subsample": -0.4708771942204866, "max_depth": 3.0, "num_boost_round": 15.0}, "datetime": {"datetime": "2024-01-19 00:45:27", "elapsed": 2021.087851, "delta": 0.002313}}
{"target": -17.675932551805307, "params": {"gamma": 971.7887763497217, "log10_alpha": -4.105988110710285, "log10_colsample_bytree": -0.7018906142996658, "log10_eta": -2.501394393836696, "log10_lambda": -2.844312104039342, "log10_min_child_weight": 1.423200391925164, "log10_subsample": -0.4708771942204866, "max_depth": 3.0, "num_boost_round": 16.0}, "datetime": {"datetime": "2024-01-19 00:45:27", "elapsed": 2021.090137, "delta": 0.002286}}
{"target": -17.675900165906057, "params": {"gamma": 971.7887763497217, "log10_alpha": -4.105988110710285, "log10_colsample_bytree": -0.7018906142996658, "log10_eta": -2.501394393836696, "log10_lambda": -2.844312104039342, "log10_min_child_weight": 1.423200391925164, "log10_subsample": -0.4708771942204866, "max_depth": 3.0, "num_boost_round": 17.0}, "datetime": {"datetime": "2024-01-19 00:45:27", "elapsed": 2021.092552, "delta": 0.002415}}
{"target": -17.675809439946725, "params": {"gamma": 971.7887763497217, "log10_alpha": -4.105988110710285, "log10_colsample_bytree": -0.7018906142996658, "log10_eta": -2.501394393836696, "log10_lambda": -2.844312104039342, "log10_min_child_weight": 1.423200391925164, "log10_subsample": -0.4708771942204866, "max_depth": 3.0, "num_boost_round": 18.0}, "datetime": {"datetime": "2024-01-19 00:45:27", "elapsed": 2021.094844, "delta": 0.002292}}
{"target": -17.675789443890437, "params": {"gamma": 971.7887763497217, "log10_alpha": -4.105988110710285, "log10_colsample_bytree": -0.7018906142996658, "log10_eta": -2.501394393836696, "log10_lambda": -2.844312104039342, "log10_min_child_weight": 1.423200391925164, "log10_subsample": -0.4708771942204866, "max_depth": 3.0, "num_boost_round": 19.0}, "datetime": {"datetime": "2024-01-19 00:45:27", "elapsed": 2021.097124, "delta": 0.00228}}
{"target": -17.675705524823044, "params": {"gamma": 971.7887763497217, "log10_alpha": -4.105988110710285, "log10_colsample_bytree": -0.7018906142996658, "log10_eta": -2.501394393836696, "log10_lambda": -2.844312104039342, "log10_min_child_weight": 1.423200391925164, "log10_subsample": -0.4708771942204866, "max_depth": 3.0, "num_boost_round": 20.0}, "datetime": {"datetime": "2024-01-19 00:45:27", "elapsed": 2021.099469, "delta": 0.002345}}
{"target": -17.675523767875596, "params": {"gamma": 971.7887763497217, "log10_alpha": -4.105988110710285, "log10_colsample_bytree": -0.7018906142996658, "log10_eta": -2.501394393836696, "log10_lambda": -2.844312104039342, "log10_min_child_weight": 1.423200391925164, "log10_subsample": -0.4708771942204866, "max_depth": 3.0, "num_boost_round": 21.0}, "datetime": {"datetime": "2024-01-19 00:45:27", "elapsed": 2021.101763, "delta": 0.002294}}
{"target": -17.675423555787795, "params": {"gamma": 971.7887763497217, "log10_alpha": -4.105988110710285, "log10_colsample_bytree": -0.7018906142996658, "log10_eta": -2.501394393836696, "log10_lambda": -2.844312104039342, "log10_min_child_weight": 1.423200391925164, "log10_subsample": -0.4708771942204866, "max_depth": 3.0, "num_boost_round": 22.0}, "datetime": {"datetime": "2024-01-19 00:45:27", "elapsed": 2021.104135, "delta": 0.002372}}
{"target": -17.67521800942057, "params": {"gamma": 971.7887763497217, "log10_alpha": -4.105988110710285, "log10_colsample_bytree": -0.7018906142996658, "log10_eta": -2.501394393836696, "log10_lambda": -2.844312104039342, "log10_min_child_weight": 1.423200391925164, "log10_subsample": -0.4708771942204866, "max_depth": 3.0, "num_boost_round": 23.0}, "datetime": {"datetime": "2024-01-19 00:45:27", "elapsed": 2021.106434, "delta": 0.002299}}
{"target": -17.67519559449087, "params": {"gamma": 971.7887763497217, "log10_alpha": -4.105988110710285, "log10_colsample_bytree": -0.7018906142996658, "log10_eta": -2.501394393836696, "log10_lambda": -2.844312104039342, "log10_min_child_weight": 1.423200391925164, "log10_subsample": -0.4708771942204866, "max_depth": 3.0, "num_boost_round": 24.0}, "datetime": {"datetime": "2024-01-19 00:45:27", "elapsed": 2021.10872, "delta": 0.002286}}
{"target": -17.675130690858687, "params": {"gamma": 971.7887763497217, "log10_alpha": -4.105988110710285, "log10_colsample_bytree": -0.7018906142996658, "log10_eta": -2.501394393836696, "log10_lambda": -2.844312104039342, "log10_min_child_weight": 1.423200391925164, "log10_subsample": -0.4708771942204866, "max_depth": 3.0, "num_boost_round": 25.0}, "datetime": {"datetime": "2024-01-19 00:45:27", "elapsed": 2021.111192, "delta": 0.002472}}
{"target": -17.675072003561255, "params": {"gamma": 971.7887763497217, "log10_alpha": -4.105988110710285, "log10_colsample_bytree": -0.7018906142996658, "log10_eta": -2.501394393836696, "log10_lambda": -2.844312104039342, "log10_min_child_weight": 1.423200391925164, "log10_subsample": -0.4708771942204866, "max_depth": 3.0, "num_boost_round": 26.0}, "datetime": {"datetime": "2024-01-19 00:45:27", "elapsed": 2021.11371, "delta": 0.002518}}
{"target": -17.675068820173585, "params": {"gamma": 971.7887763497217, "log10_alpha": -4.105988110710285, "log10_colsample_bytree": -0.7018906142996658, "log10_eta": -2.501394393836696, "log10_lambda": -2.844312104039342, "log10_min_child_weight": 1.423200391925164, "log10_subsample": -0.4708771942204866, "max_depth": 3.0, "num_boost_round": 27.0}, "datetime": {"datetime": "2024-01-19 00:45:27", "elapsed": 2021.116543, "delta": 0.002833}}
{"target": -17.674966186929723, "params": {"gamma": 971.7887763497217, "log10_alpha": -4.105988110710285, "log10_colsample_bytree": -0.7018906142996658, "log10_eta": -2.501394393836696, "log10_lambda": -2.844312104039342, "log10_min_child_weight": 1.423200391925164, "log10_subsample": -0.4708771942204866, "max_depth": 3.0, "num_boost_round": 28.0}, "datetime": {"datetime": "2024-01-19 00:45:27", "elapsed": 2021.119589, "delta": 0.003046}}
{"target": -17.67479324051347, "params": {"gamma": 971.7887763497217, "log10_alpha": -4.105988110710285, "log10_colsample_bytree": -0.7018906142996658, "log10_eta": -2.501394393836696, "log10_lambda": -2.844312104039342, "log10_min_child_weight": 1.423200391925164, "log10_subsample": -0.4708771942204866, "max_depth": 3.0, "num_boost_round": 29.0}, "datetime": {"datetime": "2024-01-19 00:45:27", "elapsed": 2021.122267, "delta": 0.002678}}
{"target": -17.67473664696505, "params": {"gamma": 971.7887763497217, "log10_alpha": -4.105988110710285, "log10_colsample_bytree": -0.7018906142996658, "log10_eta": -2.501394393836696, "log10_lambda": -2.844312104039342, "log10_min_child_weight": 1.423200391925164, "log10_subsample": -0.4708771942204866, "max_depth": 3.0, "num_boost_round": 30.0}, "datetime": {"datetime": "2024-01-19 00:45:27", "elapsed": 2021.124709, "delta": 0.002442}}
{"target": -17.67460622044217, "params": {"gamma": 971.7887763497217, "log10_alpha": -4.105988110710285, "log10_colsample_bytree": -0.7018906142996658, "log10_eta": -2.501394393836696, "log10_lambda": -2.844312104039342, "log10_min_child_weight": 1.423200391925164, "log10_subsample": -0.4708771942204866, "max_depth": 3.0, "num_boost_round": 31.0}, "datetime": {"datetime": "2024-01-19 00:45:27", "elapsed": 2021.127137, "delta": 0.002428}}
{"target": -17.674555351393124, "params": {"gamma": 971.7887763497217, "log10_alpha": -4.105988110710285, "log10_colsample_bytree": -0.7018906142996658, "log10_eta": -2.501394393836696, "log10_lambda": -2.844312104039342, "log10_min_child_weight": 1.423200391925164, "log10_subsample": -0.4708771942204866, "max_depth": 3.0, "num_boost_round": 32.0}, "datetime": {"datetime": "2024-01-19 00:45:27", "elapsed": 2021.129469, "delta": 0.002332}}
{"target": -17.67444045011755, "params": {"gamma": 971.7887763497217, "log10_alpha": -4.105988110710285, "log10_colsample_bytree": -0.7018906142996658, "log10_eta": -2.501394393836696, "log10_lambda": -2.844312104039342, "log10_min_child_weight": 1.423200391925164, "log10_subsample": -0.4708771942204866, "max_depth": 3.0, "num_boost_round": 33.0}, "datetime": {"datetime": "2024-01-19 00:45:27", "elapsed": 2021.131782, "delta": 0.002313}}
{"target": -17.674298370752485, "params": {"gamma": 971.7887763497217, "log10_alpha": -4.105988110710285, "log10_colsample_bytree": -0.7018906142996658, "log10_eta": -2.501394393836696, "log10_lambda": -2.844312104039342, "log10_min_child_weight": 1.423200391925164, "log10_subsample": -0.4708771942204866, "max_depth": 3.0, "num_boost_round": 34.0}, "datetime": {"datetime": "2024-01-19 00:45:27", "elapsed": 2021.134098, "delta": 0.002316}}
{"target": -17.674215997538415, "params": {"gamma": 971.7887763497217, "log10_alpha": -4.105988110710285, "log10_colsample_bytree": -0.7018906142996658, "log10_eta": -2.501394393836696, "log10_lambda": -2.844312104039342, "log10_min_child_weight": 1.423200391925164, "log10_subsample": -0.4708771942204866, "max_depth": 3.0, "num_boost_round": 35.0}, "datetime": {"datetime": "2024-01-19 00:45:27", "elapsed": 2021.136434, "delta": 0.002336}}
{"target": -17.674144664068024, "params": {"gamma": 971.7887763497217, "log10_alpha": -4.105988110710285, "log10_colsample_bytree": -0.7018906142996658, "log10_eta": -2.501394393836696, "log10_lambda": -2.844312104039342, "log10_min_child_weight": 1.423200391925164, "log10_subsample": -0.4708771942204866, "max_depth": 3.0, "num_boost_round": 36.0}, "datetime": {"datetime": "2024-01-19 00:45:27", "elapsed": 2021.138848, "delta": 0.002414}}
{"target": -17.674087931894693, "params": {"gamma": 971.7887763497217, "log10_alpha": -4.105988110710285, "log10_colsample_bytree": -0.7018906142996658, "log10_eta": -2.501394393836696, "log10_lambda": -2.844312104039342, "log10_min_child_weight": 1.423200391925164, "log10_subsample": -0.4708771942204866, "max_depth": 3.0, "num_boost_round": 37.0}, "datetime": {"datetime": "2024-01-19 00:45:27", "elapsed": 2021.141514, "delta": 0.002666}}
{"target": -17.673976673958204, "params": {"gamma": 971.7887763497217, "log10_alpha": -4.105988110710285, "log10_colsample_bytree": -0.7018906142996658, "log10_eta": -2.501394393836696, "log10_lambda": -2.844312104039342, "log10_min_child_weight": 1.423200391925164, "log10_subsample": -0.4708771942204866, "max_depth": 3.0, "num_boost_round": 38.0}, "datetime": {"datetime": "2024-01-19 00:45:27", "elapsed": 2021.143904, "delta": 0.00239}}
{"target": -17.673992559251616, "params": {"gamma": 971.7887763497217, "log10_alpha": -4.105988110710285, "log10_colsample_bytree": -0.7018906142996658, "log10_eta": -2.501394393836696, "log10_lambda": -2.844312104039342, "log10_min_child_weight": 1.423200391925164, "log10_subsample": -0.4708771942204866, "max_depth": 3.0, "num_boost_round": 39.0}, "datetime": {"datetime": "2024-01-19 00:45:27", "elapsed": 2021.14628, "delta": 0.002376}}
{"target": -17.67393350273852, "params": {"gamma": 971.7887763497217, "log10_alpha": -4.105988110710285, "log10_colsample_bytree": -0.7018906142996658, "log10_eta": -2.501394393836696, "log10_lambda": -2.844312104039342, "log10_min_child_weight": 1.423200391925164, "log10_subsample": -0.4708771942204866, "max_depth": 3.0, "num_boost_round": 40.0}, "datetime": {"datetime": "2024-01-19 00:45:27", "elapsed": 2021.148663, "delta": 0.002383}}
{"target": -17.674006711034266, "params": {"gamma": 971.7887763497217, "log10_alpha": -4.105988110710285, "log10_colsample_bytree": -0.7018906142996658, "log10_eta": -2.501394393836696, "log10_lambda": -2.844312104039342, "log10_min_child_weight": 1.423200391925164, "log10_subsample": -0.4708771942204866, "max_depth": 3.0, "num_boost_round": 41.0}, "datetime": {"datetime": "2024-01-19 00:45:27", "elapsed": 2021.151039, "delta": 0.002376}}
{"target": -17.677230908219936, "params": {"gamma": 958.9187731232113, "log10_alpha": -4.314354175492406, "log10_colsample_bytree": -0.34019631073984213, "log10_eta": -3.590810723242669, "log10_lambda": -1.2126566805069814, "log10_min_child_weight": 2.7190480264841064, "log10_subsample": -0.3192244985434578, "max_depth": 9.0, "num_boost_round": 0.0}, "datetime": {"datetime": "2024-01-19 00:45:58", "elapsed": 2052.640065, "delta": 31.489026}}
{"target": -17.67721103551598, "params": {"gamma": 958.9187731232113, "log10_alpha": -4.314354175492406, "log10_colsample_bytree": -0.34019631073984213, "log10_eta": -3.590810723242669, "log10_lambda": -1.2126566805069814, "log10_min_child_weight": 2.7190480264841064, "log10_subsample": -0.3192244985434578, "max_depth": 9.0, "num_boost_round": 1.0}, "datetime": {"datetime": "2024-01-19 00:45:58", "elapsed": 2052.643616, "delta": 0.003551}}
{"target": -17.677190217075157, "params": {"gamma": 958.9187731232113, "log10_alpha": -4.314354175492406, "log10_colsample_bytree": -0.34019631073984213, "log10_eta": -3.590810723242669, "log10_lambda": -1.2126566805069814, "log10_min_child_weight": 2.7190480264841064, "log10_subsample": -0.3192244985434578, "max_depth": 9.0, "num_boost_round": 2.0}, "datetime": {"datetime": "2024-01-19 00:45:58", "elapsed": 2052.646141, "delta": 0.002525}}
{"target": -17.67717812498903, "params": {"gamma": 958.9187731232113, "log10_alpha": -4.314354175492406, "log10_colsample_bytree": -0.34019631073984213, "log10_eta": -3.590810723242669, "log10_lambda": -1.2126566805069814, "log10_min_child_weight": 2.7190480264841064, "log10_subsample": -0.3192244985434578, "max_depth": 9.0, "num_boost_round": 3.0}, "datetime": {"datetime": "2024-01-19 00:45:58", "elapsed": 2052.64853, "delta": 0.002389}}
{"target": -17.67716402150846, "params": {"gamma": 958.9187731232113, "log10_alpha": -4.314354175492406, "log10_colsample_bytree": -0.34019631073984213, "log10_eta": -3.590810723242669, "log10_lambda": -1.2126566805069814, "log10_min_child_weight": 2.7190480264841064, "log10_subsample": -0.3192244985434578, "max_depth": 9.0, "num_boost_round": 4.0}, "datetime": {"datetime": "2024-01-19 00:45:58", "elapsed": 2052.651057, "delta": 0.002527}}
{"target": -17.67714531020401, "params": {"gamma": 958.9187731232113, "log10_alpha": -4.314354175492406, "log10_colsample_bytree": -0.34019631073984213, "log10_eta": -3.590810723242669, "log10_lambda": -1.2126566805069814, "log10_min_child_weight": 2.7190480264841064, "log10_subsample": -0.3192244985434578, "max_depth": 9.0, "num_boost_round": 5.0}, "datetime": {"datetime": "2024-01-19 00:45:58", "elapsed": 2052.653449, "delta": 0.002392}}
{"target": -17.67712810980263, "params": {"gamma": 958.9187731232113, "log10_alpha": -4.314354175492406, "log10_colsample_bytree": -0.34019631073984213, "log10_eta": -3.590810723242669, "log10_lambda": -1.2126566805069814, "log10_min_child_weight": 2.7190480264841064, "log10_subsample": -0.3192244985434578, "max_depth": 9.0, "num_boost_round": 6.0}, "datetime": {"datetime": "2024-01-19 00:45:58", "elapsed": 2052.655792, "delta": 0.002343}}
{"target": -17.677115348373384, "params": {"gamma": 958.9187731232113, "log10_alpha": -4.314354175492406, "log10_colsample_bytree": -0.34019631073984213, "log10_eta": -3.590810723242669, "log10_lambda": -1.2126566805069814, "log10_min_child_weight": 2.7190480264841064, "log10_subsample": -0.3192244985434578, "max_depth": 9.0, "num_boost_round": 7.0}, "datetime": {"datetime": "2024-01-19 00:45:58", "elapsed": 2052.658208, "delta": 0.002416}}
{"target": -17.677099918430763, "params": {"gamma": 958.9187731232113, "log10_alpha": -4.314354175492406, "log10_colsample_bytree": -0.34019631073984213, "log10_eta": -3.590810723242669, "log10_lambda": -1.2126566805069814, "log10_min_child_weight": 2.7190480264841064, "log10_subsample": -0.3192244985434578, "max_depth": 9.0, "num_boost_round": 8.0}, "datetime": {"datetime": "2024-01-19 00:45:58", "elapsed": 2052.660575, "delta": 0.002367}}
{"target": -17.67707506463905, "params": {"gamma": 958.9187731232113, "log10_alpha": -4.314354175492406, "log10_colsample_bytree": -0.34019631073984213, "log10_eta": -3.590810723242669, "log10_lambda": -1.2126566805069814, "log10_min_child_weight": 2.7190480264841064, "log10_subsample": -0.3192244985434578, "max_depth": 9.0, "num_boost_round": 9.0}, "datetime": {"datetime": "2024-01-19 00:45:58", "elapsed": 2052.663057, "delta": 0.002482}}
{"target": -17.677062383692512, "params": {"gamma": 958.9187731232113, "log10_alpha": -4.314354175492406, "log10_colsample_bytree": -0.34019631073984213, "log10_eta": -3.590810723242669, "log10_lambda": -1.2126566805069814, "log10_min_child_weight": 2.7190480264841064, "log10_subsample": -0.3192244985434578, "max_depth": 9.0, "num_boost_round": 10.0}, "datetime": {"datetime": "2024-01-19 00:45:58", "elapsed": 2052.666083, "delta": 0.003026}}
{"target": -17.677048374551664, "params": {"gamma": 958.9187731232113, "log10_alpha": -4.314354175492406, "log10_colsample_bytree": -0.34019631073984213, "log10_eta": -3.590810723242669, "log10_lambda": -1.2126566805069814, "log10_min_child_weight": 2.7190480264841064, "log10_subsample": -0.3192244985434578, "max_depth": 9.0, "num_boost_round": 11.0}, "datetime": {"datetime": "2024-01-19 00:45:58", "elapsed": 2052.668767, "delta": 0.002684}}
{"target": -17.677046912610432, "params": {"gamma": 958.9187731232113, "log10_alpha": -4.314354175492406, "log10_colsample_bytree": -0.34019631073984213, "log10_eta": -3.590810723242669, "log10_lambda": -1.2126566805069814, "log10_min_child_weight": 2.7190480264841064, "log10_subsample": -0.3192244985434578, "max_depth": 9.0, "num_boost_round": 12.0}, "datetime": {"datetime": "2024-01-19 00:45:58", "elapsed": 2052.671175, "delta": 0.002408}}
{"target": -17.67702547915572, "params": {"gamma": 958.9187731232113, "log10_alpha": -4.314354175492406, "log10_colsample_bytree": -0.34019631073984213, "log10_eta": -3.590810723242669, "log10_lambda": -1.2126566805069814, "log10_min_child_weight": 2.7190480264841064, "log10_subsample": -0.3192244985434578, "max_depth": 9.0, "num_boost_round": 13.0}, "datetime": {"datetime": "2024-01-19 00:45:58", "elapsed": 2052.673635, "delta": 0.00246}}
{"target": -17.677019614588144, "params": {"gamma": 958.9187731232113, "log10_alpha": -4.314354175492406, "log10_colsample_bytree": -0.34019631073984213, "log10_eta": -3.590810723242669, "log10_lambda": -1.2126566805069814, "log10_min_child_weight": 2.7190480264841064, "log10_subsample": -0.3192244985434578, "max_depth": 9.0, "num_boost_round": 14.0}, "datetime": {"datetime": "2024-01-19 00:45:58", "elapsed": 2052.676069, "delta": 0.002434}}
{"target": -17.677006454312576, "params": {"gamma": 958.9187731232113, "log10_alpha": -4.314354175492406, "log10_colsample_bytree": -0.34019631073984213, "log10_eta": -3.590810723242669, "log10_lambda": -1.2126566805069814, "log10_min_child_weight": 2.7190480264841064, "log10_subsample": -0.3192244985434578, "max_depth": 9.0, "num_boost_round": 15.0}, "datetime": {"datetime": "2024-01-19 00:45:58", "elapsed": 2052.678412, "delta": 0.002343}}
{"target": -17.677005606146682, "params": {"gamma": 958.9187731232113, "log10_alpha": -4.314354175492406, "log10_colsample_bytree": -0.34019631073984213, "log10_eta": -3.590810723242669, "log10_lambda": -1.2126566805069814, "log10_min_child_weight": 2.7190480264841064, "log10_subsample": -0.3192244985434578, "max_depth": 9.0, "num_boost_round": 16.0}, "datetime": {"datetime": "2024-01-19 00:45:58", "elapsed": 2052.680804, "delta": 0.002392}}
{"target": -17.676984249813135, "params": {"gamma": 958.9187731232113, "log10_alpha": -4.314354175492406, "log10_colsample_bytree": -0.34019631073984213, "log10_eta": -3.590810723242669, "log10_lambda": -1.2126566805069814, "log10_min_child_weight": 2.7190480264841064, "log10_subsample": -0.3192244985434578, "max_depth": 9.0, "num_boost_round": 17.0}, "datetime": {"datetime": "2024-01-19 00:45:58", "elapsed": 2052.683158, "delta": 0.002354}}
{"target": -17.67697195434755, "params": {"gamma": 958.9187731232113, "log10_alpha": -4.314354175492406, "log10_colsample_bytree": -0.34019631073984213, "log10_eta": -3.590810723242669, "log10_lambda": -1.2126566805069814, "log10_min_child_weight": 2.7190480264841064, "log10_subsample": -0.3192244985434578, "max_depth": 9.0, "num_boost_round": 18.0}, "datetime": {"datetime": "2024-01-19 00:45:58", "elapsed": 2052.68559, "delta": 0.002432}}
{"target": -17.67713160729659, "params": {"gamma": 962.7853814449373, "log10_alpha": -0.6260982206770782, "log10_colsample_bytree": -0.32870657642209444, "log10_eta": -2.7170982913442643, "log10_lambda": -3.6291740468924574, "log10_min_child_weight": 0.11349081983492049, "log10_subsample": -0.9282715857542119, "max_depth": 7.0, "num_boost_round": 0.0}, "datetime": {"datetime": "2024-01-19 00:46:28", "elapsed": 2082.74574, "delta": 30.06015}}
