{"target": -17.67723161671827, "params": {"gamma": 965.9830672771611, "log10_alpha": -0.3229156642995594, "log10_colsample_bytree": -0.5292788220624599, "log10_eta": -3.9330189525422585, "log10_lambda": -3.479183531745604, "log10_min_child_weight": 4.102124441276388, "log10_subsample": -0.7166327732316923, "max_depth": 9.0, "num_boost_round": 0.0}, "datetime": {"datetime": "2024-01-19 00:29:43", "elapsed": 1077.625079, "delta": 29.033221}}
{"target": -17.677231292710538, "params": {"gamma": 965.9830672771611, "log10_alpha": -0.3229156642995594, "log10_colsample_bytree": -0.5292788220624599, "log10_eta": -3.9330189525422585, "log10_lambda": -3.479183531745604, "log10_min_child_weight": 4.102124441276388, "log10_subsample": -0.7166327732316923, "max_depth": 9.0, "num_boost_round": 1.0}, "datetime": {"datetime": "2024-01-19 00:29:43", "elapsed": 1077.627395, "delta": 0.002316}}
{"target": -17.677230442589536, "params": {"gamma": 965.9830672771611, "log10_alpha": -0.3229156642995594, "log10_colsample_bytree": -0.5292788220624599, "log10_eta": -3.9330189525422585, "log10_lambda": -3.479183531745604, "log10_min_child_weight": 4.102124441276388, "log10_subsample": -0.7166327732316923, "max_depth": 9.0, "num_boost_round": 2.0}, "datetime": {"datetime": "2024-01-19 00:29:43", "elapsed": 1077.62905, "delta": 0.001655}}
{"target": -17.677228652394408, "params": {"gamma": 965.9830672771611, "log10_alpha": -0.3229156642995594, "log10_colsample_bytree": -0.5292788220624599, "log10_eta": -3.9330189525422585, "log10_lambda": -3.479183531745604, "log10_min_child_weight": 4.102124441276388, "log10_subsample": -0.7166327732316923, "max_depth": 9.0, "num_boost_round": 3.0}, "datetime": {"datetime": "2024-01-19 00:29:43", "elapsed": 1077.630778, "delta": 0.001728}}
{"target": -17.677228547045043, "params": {"gamma": 965.9830672771611, "log10_alpha": -0.3229156642995594, "log10_colsample_bytree": -0.5292788220624599, "log10_eta": -3.9330189525422585, "log10_lambda": -3.479183531745604, "log10_min_child_weight": 4.102124441276388, "log10_subsample": -0.7166327732316923, "max_depth": 9.0, "num_boost_round": 4.0}, "datetime": {"datetime": "2024-01-19 00:29:43", "elapsed": 1077.632338, "delta": 0.00156}}
{"target": -17.67722834758386, "params": {"gamma": 965.9830672771611, "log10_alpha": -0.3229156642995594, "log10_colsample_bytree": -0.5292788220624599, "log10_eta": -3.9330189525422585, "log10_lambda": -3.479183531745604, "log10_min_child_weight": 4.102124441276388, "log10_subsample": -0.7166327732316923, "max_depth": 9.0, "num_boost_round": 5.0}, "datetime": {"datetime": "2024-01-19 00:29:43", "elapsed": 1077.633835, "delta": 0.001497}}
{"target": -17.67722949657439, "params": {"gamma": 965.9830672771611, "log10_alpha": -0.3229156642995594, "log10_colsample_bytree": -0.5292788220624599, "log10_eta": -3.9330189525422585, "log10_lambda": -3.479183531745604, "log10_min_child_weight": 4.102124441276388, "log10_subsample": -0.7166327732316923, "max_depth": 9.0, "num_boost_round": 6.0}, "datetime": {"datetime": "2024-01-19 00:29:43", "elapsed": 1077.635361, "delta": 0.001526}}
{"target": -17.677229931978836, "params": {"gamma": 965.9830672771611, "log10_alpha": -0.3229156642995594, "log10_colsample_bytree": -0.5292788220624599, "log10_eta": -3.9330189525422585, "log10_lambda": -3.479183531745604, "log10_min_child_weight": 4.102124441276388, "log10_subsample": -0.7166327732316923, "max_depth": 9.0, "num_boost_round": 7.0}, "datetime": {"datetime": "2024-01-19 00:29:43", "elapsed": 1077.636893, "delta": 0.001532}}
{"target": -17.677229078132957, "params": {"gamma": 965.9830672771611, "log10_alpha": -0.3229156642995594, "log10_colsample_bytree": -0.5292788220624599, "log10_eta": -3.9330189525422585, "log10_lambda": -3.479183531745604, "log10_min_child_weight": 4.102124441276388, "log10_subsample": -0.7166327732316923, "max_depth": 9.0, "num_boost_round": 8.0}, "datetime": {"datetime": "2024-01-19 00:29:43", "elapsed": 1077.638386, "delta": 0.001493}}
{"target": -17.67722706718976, "params": {"gamma": 965.9830672771611, "log10_alpha": -0.3229156642995594, "log10_colsample_bytree": -0.5292788220624599, "log10_eta": -3.9330189525422585, "log10_lambda": -3.479183531745604, "log10_min_child_weight": 4.102124441276388, "log10_subsample": -0.7166327732316923, "max_depth": 9.0, "num_boost_round": 9.0}, "datetime": {"datetime": "2024-01-19 00:29:43", "elapsed": 1077.639887, "delta": 0.001501}}
{"target": -17.677226013383475, "params": {"gamma": 965.9830672771611, "log10_alpha": -0.3229156642995594, "log10_colsample_bytree": -0.5292788220624599, "log10_eta": -3.9330189525422585, "log10_lambda": -3.479183531745604, "log10_min_child_weight": 4.102124441276388, "log10_subsample": -0.7166327732316923, "max_depth": 9.0, "num_boost_round": 10.0}, "datetime": {"datetime": "2024-01-19 00:29:43", "elapsed": 1077.641373, "delta": 0.001486}}
{"target": -17.67722413017389, "params": {"gamma": 965.9830672771611, "log10_alpha": -0.3229156642995594, "log10_colsample_bytree": -0.5292788220624599, "log10_eta": -3.9330189525422585, "log10_lambda": -3.479183531745604, "log10_min_child_weight": 4.102124441276388, "log10_subsample": -0.7166327732316923, "max_depth": 9.0, "num_boost_round": 11.0}, "datetime": {"datetime": "2024-01-19 00:29:43", "elapsed": 1077.642922, "delta": 0.001549}}
{"target": -17.67722323270541, "params": {"gamma": 965.9830672771611, "log10_alpha": -0.3229156642995594, "log10_colsample_bytree": -0.5292788220624599, "log10_eta": -3.9330189525422585, "log10_lambda": -3.479183531745604, "log10_min_child_weight": 4.102124441276388, "log10_subsample": -0.7166327732316923, "max_depth": 9.0, "num_boost_round": 12.0}, "datetime": {"datetime": "2024-01-19 00:29:43", "elapsed": 1077.644413, "delta": 0.001491}}
{"target": -17.67722120469075, "params": {"gamma": 965.9830672771611, "log10_alpha": -0.3229156642995594, "log10_colsample_bytree": -0.5292788220624599, "log10_eta": -3.9330189525422585, "log10_lambda": -3.479183531745604, "log10_min_child_weight": 4.102124441276388, "log10_subsample": -0.7166327732316923, "max_depth": 9.0, "num_boost_round": 13.0}, "datetime": {"datetime": "2024-01-19 00:29:43", "elapsed": 1077.64592, "delta": 0.001507}}
{"target": -17.677219489482216, "params": {"gamma": 965.9830672771611, "log10_alpha": -0.3229156642995594, "log10_colsample_bytree": -0.5292788220624599, "log10_eta": -3.9330189525422585, "log10_lambda": -3.479183531745604, "log10_min_child_weight": 4.102124441276388, "log10_subsample": -0.7166327732316923, "max_depth": 9.0, "num_boost_round": 14.0}, "datetime": {"datetime": "2024-01-19 00:29:43", "elapsed": 1077.6474, "delta": 0.00148}}
{"target": -17.67721724018278, "params": {"gamma": 965.9830672771611, "log10_alpha": -0.3229156642995594, "log10_colsample_bytree": -0.5292788220624599, "log10_eta": -3.9330189525422585, "log10_lambda": -3.479183531745604, "log10_min_child_weight": 4.102124441276388, "log10_subsample": -0.7166327732316923, "max_depth": 9.0, "num_boost_round": 15.0}, "datetime": {"datetime": "2024-01-19 00:29:43", "elapsed": 1077.648908, "delta": 0.001508}}
{"target": -17.677216842574357, "params": {"gamma": 965.9830672771611, "log10_alpha": -0.3229156642995594, "log10_colsample_bytree": -0.5292788220624599, "log10_eta": -3.9330189525422585, "log10_lambda": -3.479183531745604, "log10_min_child_weight": 4.102124441276388, "log10_subsample": -0.7166327732316923, "max_depth": 9.0, "num_boost_round": 16.0}, "datetime": {"datetime": "2024-01-19 00:29:43", "elapsed": 1077.650497, "delta": 0.001589}}
{"target": -17.677216240303455, "params": {"gamma": 965.9830672771611, "log10_alpha": -0.3229156642995594, "log10_colsample_bytree": -0.5292788220624599, "log10_eta": -3.9330189525422585, "log10_lambda": -3.479183531745604, "log10_min_child_weight": 4.102124441276388, "log10_subsample": -0.7166327732316923, "max_depth": 9.0, "num_boost_round": 17.0}, "datetime": {"datetime": "2024-01-19 00:29:43", "elapsed": 1077.652033, "delta": 0.001536}}
{"target": -17.67721511235879, "params": {"gamma": 965.9830672771611, "log10_alpha": -0.3229156642995594, "log10_colsample_bytree": -0.5292788220624599, "log10_eta": -3.9330189525422585, "log10_lambda": -3.479183531745604, "log10_min_child_weight": 4.102124441276388, "log10_subsample": -0.7166327732316923, "max_depth": 9.0, "num_boost_round": 18.0}, "datetime": {"datetime": "2024-01-19 00:29:43", "elapsed": 1077.653525, "delta": 0.001492}}
{"target": -17.677212920056796, "params": {"gamma": 965.9830672771611, "log10_alpha": -0.3229156642995594, "log10_colsample_bytree": -0.5292788220624599, "log10_eta": -3.9330189525422585, "log10_lambda": -3.479183531745604, "log10_min_child_weight": 4.102124441276388, "log10_subsample": -0.7166327732316923, "max_depth": 9.0, "num_boost_round": 19.0}, "datetime": {"datetime": "2024-01-19 00:29:43", "elapsed": 1077.655033, "delta": 0.001508}}
{"target": -17.67721275604463, "params": {"gamma": 965.9830672771611, "log10_alpha": -0.3229156642995594, "log10_colsample_bytree": -0.5292788220624599, "log10_eta": -3.9330189525422585, "log10_lambda": -3.479183531745604, "log10_min_child_weight": 4.102124441276388, "log10_subsample": -0.7166327732316923, "max_depth": 9.0, "num_boost_round": 20.0}, "datetime": {"datetime": "2024-01-19 00:29:43", "elapsed": 1077.656531, "delta": 0.001498}}
{"target": -17.677211764475565, "params": {"gamma": 965.9830672771611, "log10_alpha": -0.3229156642995594, "log10_colsample_bytree": -0.5292788220624599, "log10_eta": -3.9330189525422585, "log10_lambda": -3.479183531745604, "log10_min_child_weight": 4.102124441276388, "log10_subsample": -0.7166327732316923, "max_depth": 9.0, "num_boost_round": 21.0}, "datetime": {"datetime": "2024-01-19 00:29:43", "elapsed": 1077.65803, "delta": 0.001499}}
{"target": -17.67721099157955, "params": {"gamma": 965.9830672771611, "log10_alpha": -0.3229156642995594, "log10_colsample_bytree": -0.5292788220624599, "log10_eta": -3.9330189525422585, "log10_lambda": -3.479183531745604, "log10_min_child_weight": 4.102124441276388, "log10_subsample": -0.7166327732316923, "max_depth": 9.0, "num_boost_round": 22.0}, "datetime": {"datetime": "2024-01-19 00:29:43", "elapsed": 1077.659543, "delta": 0.001513}}
{"target": -17.677209019931695, "params": {"gamma": 965.9830672771611, "log10_alpha": -0.3229156642995594, "log10_colsample_bytree": -0.5292788220624599, "log10_eta": -3.9330189525422585, "log10_lambda": -3.479183531745604, "log10_min_child_weight": 4.102124441276388, "log10_subsample": -0.7166327732316923, "max_depth": 9.0, "num_boost_round": 23.0}, "datetime": {"datetime": "2024-01-19 00:29:43", "elapsed": 1077.661039, "delta": 0.001496}}
{"target": -17.67720906020177, "params": {"gamma": 965.9830672771611, "log10_alpha": -0.3229156642995594, "log10_colsample_bytree": -0.5292788220624599, "log10_eta": -3.9330189525422585, "log10_lambda": -3.479183531745604, "log10_min_child_weight": 4.102124441276388, "log10_subsample": -0.7166327732316923, "max_depth": 9.0, "num_boost_round": 24.0}, "datetime": {"datetime": "2024-01-19 00:29:43", "elapsed": 1077.662678, "delta": 0.001639}}
{"target": -17.67720858865849, "params": {"gamma": 965.9830672771611, "log10_alpha": -0.3229156642995594, "log10_colsample_bytree": -0.5292788220624599, "log10_eta": -3.9330189525422585, "log10_lambda": -3.479183531745604, "log10_min_child_weight": 4.102124441276388, "log10_subsample": -0.7166327732316923, "max_depth": 9.0, "num_boost_round": 25.0}, "datetime": {"datetime": "2024-01-19 00:29:43", "elapsed": 1077.664325, "delta": 0.001647}}
{"target": -17.677208637063657, "params": {"gamma": 965.9830672771611, "log10_alpha": -0.3229156642995594, "log10_colsample_bytree": -0.5292788220624599, "log10_eta": -3.9330189525422585, "log10_lambda": -3.479183531745604, "log10_min_child_weight": 4.102124441276388, "log10_subsample": -0.7166327732316923, "max_depth": 9.0, "num_boost_round": 26.0}, "datetime": {"datetime": "2024-01-19 00:29:43", "elapsed": 1077.665924, "delta": 0.001599}}
{"target": -17.677206773910328, "params": {"gamma": 965.9830672771611, "log10_alpha": -0.3229156642995594, "log10_colsample_bytree": -0.5292788220624599, "log10_eta": -3.9330189525422585, "log10_lambda": -3.479183531745604, "log10_min_child_weight": 4.102124441276388, "log10_subsample": -0.7166327732316923, "max_depth": 9.0, "num_boost_round": 27.0}, "datetime": {"datetime": "2024-01-19 00:29:43", "elapsed": 1077.667518, "delta": 0.001594}}
{"target": -17.67533566378525, "params": {"gamma": 956.9968349989152, "log10_alpha": 0.6440976171358193, "log10_colsample_bytree": -0.5235029831348775, "log10_eta": -0.8244737729253591, "log10_lambda": -4.327640418398328, "log10_min_child_weight": 3.0577867359586457, "log10_subsample": -0.5706732349798688, "max_depth": 8.0, "num_boost_round": 0.0}, "datetime": {"datetime": "2024-01-19 00:30:10", "elapsed": 1103.926675, "delta": 26.259157}}
{"target": -17.681991882672712, "params": {"gamma": 956.9968349989152, "log10_alpha": 0.6440976171358193, "log10_colsample_bytree": -0.5235029831348775, "log10_eta": -0.8244737729253591, "log10_lambda": -4.327640418398328, "log10_min_child_weight": 3.0577867359586457, "log10_subsample": -0.5706732349798688, "max_depth": 8.0, "num_boost_round": 1.0}, "datetime": {"datetime": "2024-01-19 00:30:10", "elapsed": 1103.928513, "delta": 0.001838}}
{"target": -17.69172472514633, "params": {"gamma": 956.9968349989152, "log10_alpha": 0.6440976171358193, "log10_colsample_bytree": -0.5235029831348775, "log10_eta": -0.8244737729253591, "log10_lambda": -4.327640418398328, "log10_min_child_weight": 3.0577867359586457, "log10_subsample": -0.5706732349798688, "max_depth": 8.0, "num_boost_round": 2.0}, "datetime": {"datetime": "2024-01-19 00:30:10", "elapsed": 1103.930307, "delta": 0.001794}}
{"target": -17.69786846171155, "params": {"gamma": 956.9968349989152, "log10_alpha": 0.6440976171358193, "log10_colsample_bytree": -0.5235029831348775, "log10_eta": -0.8244737729253591, "log10_lambda": -4.327640418398328, "log10_min_child_weight": 3.0577867359586457, "log10_subsample": -0.5706732349798688, "max_depth": 8.0, "num_boost_round": 3.0}, "datetime": {"datetime": "2024-01-19 00:30:10", "elapsed": 1103.932139, "delta": 0.001832}}
{"target": -17.698369134967276, "params": {"gamma": 956.9968349989152, "log10_alpha": 0.6440976171358193, "log10_colsample_bytree": -0.5235029831348775, "log10_eta": -0.8244737729253591, "log10_lambda": -4.327640418398328, "log10_min_child_weight": 3.0577867359586457, "log10_subsample": -0.5706732349798688, "max_depth": 8.0, "num_boost_round": 4.0}, "datetime": {"datetime": "2024-01-19 00:30:10", "elapsed": 1103.933675, "delta": 0.001536}}
{"target": -17.712282351806223, "params": {"gamma": 956.9968349989152, "log10_alpha": 0.6440976171358193, "log10_colsample_bytree": -0.5235029831348775, "log10_eta": -0.8244737729253591, "log10_lambda": -4.327640418398328, "log10_min_child_weight": 3.0577867359586457, "log10_subsample": -0.5706732349798688, "max_depth": 8.0, "num_boost_round": 5.0}, "datetime": {"datetime": "2024-01-19 00:30:10", "elapsed": 1103.935242, "delta": 0.001567}}
{"target": -17.719508130276374, "params": {"gamma": 956.9968349989152, "log10_alpha": 0.6440976171358193, "log10_colsample_bytree": -0.5235029831348775, "log10_eta": -0.8244737729253591, "log10_lambda": -4.327640418398328, "log10_min_child_weight": 3.0577867359586457, "log10_subsample": -0.5706732349798688, "max_depth": 8.0, "num_boost_round": 6.0}, "datetime": {"datetime": "2024-01-19 00:30:10", "elapsed": 1103.936785, "delta": 0.001543}}
{"target": -17.72395802176811, "params": {"gamma": 956.9968349989152, "log10_alpha": 0.6440976171358193, "log10_colsample_bytree": -0.5235029831348775, "log10_eta": -0.8244737729253591, "log10_lambda": -4.327640418398328, "log10_min_child_weight": 3.0577867359586457, "log10_subsample": -0.5706732349798688, "max_depth": 8.0, "num_boost_round": 7.0}, "datetime": {"datetime": "2024-01-19 00:30:10", "elapsed": 1103.93832, "delta": 0.001535}}
{"target": -17.730450301439074, "params": {"gamma": 956.9968349989152, "log10_alpha": 0.6440976171358193, "log10_colsample_bytree": -0.5235029831348775, "log10_eta": -0.8244737729253591, "log10_lambda": -4.327640418398328, "log10_min_child_weight": 3.0577867359586457, "log10_subsample": -0.5706732349798688, "max_depth": 8.0, "num_boost_round": 8.0}, "datetime": {"datetime": "2024-01-19 00:30:10", "elapsed": 1103.939876, "delta": 0.001556}}
{"target": -17.728762754528965, "params": {"gamma": 956.9968349989152, "log10_alpha": 0.6440976171358193, "log10_colsample_bytree": -0.5235029831348775, "log10_eta": -0.8244737729253591, "log10_lambda": -4.327640418398328, "log10_min_child_weight": 3.0577867359586457, "log10_subsample": -0.5706732349798688, "max_depth": 8.0, "num_boost_round": 9.0}, "datetime": {"datetime": "2024-01-19 00:30:10", "elapsed": 1103.941415, "delta": 0.001539}}
{"target": -17.734472588472215, "params": {"gamma": 956.9968349989152, "log10_alpha": 0.6440976171358193, "log10_colsample_bytree": -0.5235029831348775, "log10_eta": -0.8244737729253591, "log10_lambda": -4.327640418398328, "log10_min_child_weight": 3.0577867359586457, "log10_subsample": -0.5706732349798688, "max_depth": 8.0, "num_boost_round": 10.0}, "datetime": {"datetime": "2024-01-19 00:30:10", "elapsed": 1103.942993, "delta": 0.001578}}
{"target": -17.73758266777658, "params": {"gamma": 956.9968349989152, "log10_alpha": 0.6440976171358193, "log10_colsample_bytree": -0.5235029831348775, "log10_eta": -0.8244737729253591, "log10_lambda": -4.327640418398328, "log10_min_child_weight": 3.0577867359586457, "log10_subsample": -0.5706732349798688, "max_depth": 8.0, "num_boost_round": 11.0}, "datetime": {"datetime": "2024-01-19 00:30:10", "elapsed": 1103.944535, "delta": 0.001542}}
{"target": -17.749031044727666, "params": {"gamma": 956.9968349989152, "log10_alpha": 0.6440976171358193, "log10_colsample_bytree": -0.5235029831348775, "log10_eta": -0.8244737729253591, "log10_lambda": -4.327640418398328, "log10_min_child_weight": 3.0577867359586457, "log10_subsample": -0.5706732349798688, "max_depth": 8.0, "num_boost_round": 12.0}, "datetime": {"datetime": "2024-01-19 00:30:10", "elapsed": 1103.946091, "delta": 0.001556}}
{"target": -17.761487456634427, "params": {"gamma": 956.9968349989152, "log10_alpha": 0.6440976171358193, "log10_colsample_bytree": -0.5235029831348775, "log10_eta": -0.8244737729253591, "log10_lambda": -4.327640418398328, "log10_min_child_weight": 3.0577867359586457, "log10_subsample": -0.5706732349798688, "max_depth": 8.0, "num_boost_round": 13.0}, "datetime": {"datetime": "2024-01-19 00:30:10", "elapsed": 1103.947637, "delta": 0.001546}}
{"target": -17.767322414873348, "params": {"gamma": 956.9968349989152, "log10_alpha": 0.6440976171358193, "log10_colsample_bytree": -0.5235029831348775, "log10_eta": -0.8244737729253591, "log10_lambda": -4.327640418398328, "log10_min_child_weight": 3.0577867359586457, "log10_subsample": -0.5706732349798688, "max_depth": 8.0, "num_boost_round": 14.0}, "datetime": {"datetime": "2024-01-19 00:30:10", "elapsed": 1103.949595, "delta": 0.001958}}
{"target": -17.773861314707236, "params": {"gamma": 956.9968349989152, "log10_alpha": 0.6440976171358193, "log10_colsample_bytree": -0.5235029831348775, "log10_eta": -0.8244737729253591, "log10_lambda": -4.327640418398328, "log10_min_child_weight": 3.0577867359586457, "log10_subsample": -0.5706732349798688, "max_depth": 8.0, "num_boost_round": 15.0}, "datetime": {"datetime": "2024-01-19 00:30:10", "elapsed": 1103.951244, "delta": 0.001649}}
{"target": -17.782057864599743, "params": {"gamma": 956.9968349989152, "log10_alpha": 0.6440976171358193, "log10_colsample_bytree": -0.5235029831348775, "log10_eta": -0.8244737729253591, "log10_lambda": -4.327640418398328, "log10_min_child_weight": 3.0577867359586457, "log10_subsample": -0.5706732349798688, "max_depth": 8.0, "num_boost_round": 16.0}, "datetime": {"datetime": "2024-01-19 00:30:10", "elapsed": 1103.952774, "delta": 0.00153}}
{"target": -17.808415567410837, "params": {"gamma": 956.9968349989152, "log10_alpha": 0.6440976171358193, "log10_colsample_bytree": -0.5235029831348775, "log10_eta": -0.8244737729253591, "log10_lambda": -4.327640418398328, "log10_min_child_weight": 3.0577867359586457, "log10_subsample": -0.5706732349798688, "max_depth": 8.0, "num_boost_round": 17.0}, "datetime": {"datetime": "2024-01-19 00:30:10", "elapsed": 1103.954307, "delta": 0.001533}}
{"target": -17.81420336193313, "params": {"gamma": 956.9968349989152, "log10_alpha": 0.6440976171358193, "log10_colsample_bytree": -0.5235029831348775, "log10_eta": -0.8244737729253591, "log10_lambda": -4.327640418398328, "log10_min_child_weight": 3.0577867359586457, "log10_subsample": -0.5706732349798688, "max_depth": 8.0, "num_boost_round": 18.0}, "datetime": {"datetime": "2024-01-19 00:30:10", "elapsed": 1103.955844, "delta": 0.001537}}
{"target": -17.824554909880828, "params": {"gamma": 956.9968349989152, "log10_alpha": 0.6440976171358193, "log10_colsample_bytree": -0.5235029831348775, "log10_eta": -0.8244737729253591, "log10_lambda": -4.327640418398328, "log10_min_child_weight": 3.0577867359586457, "log10_subsample": -0.5706732349798688, "max_depth": 8.0, "num_boost_round": 19.0}, "datetime": {"datetime": "2024-01-19 00:30:10", "elapsed": 1103.957403, "delta": 0.001559}}
{"target": -17.830162511061513, "params": {"gamma": 956.9968349989152, "log10_alpha": 0.6440976171358193, "log10_colsample_bytree": -0.5235029831348775, "log10_eta": -0.8244737729253591, "log10_lambda": -4.327640418398328, "log10_min_child_weight": 3.0577867359586457, "log10_subsample": -0.5706732349798688, "max_depth": 8.0, "num_boost_round": 20.0}, "datetime": {"datetime": "2024-01-19 00:30:10", "elapsed": 1103.958954, "delta": 0.001551}}
