{"target": -17.684456305218212, "params": {"gamma": 615.8372764545488, "log10_alpha": -3.791330481341851, "log10_colsample_bytree": -0.39780660442725235, "log10_eta": -1.1075249637750662, "log10_lambda": -0.596992847122233, "log10_min_child_weight": 4.72917986992736, "log10_subsample": -0.2220491015134679, "max_depth": 6.0, "num_boost_round": 21.0}, "datetime": {"datetime": "2024-01-19 01:09:56", "elapsed": 3493.617361, "delta": 0.003401}}
{"target": -17.686066471684278, "params": {"gamma": 615.8372764545488, "log10_alpha": -3.791330481341851, "log10_colsample_bytree": -0.39780660442725235, "log10_eta": -1.1075249637750662, "log10_lambda": -0.596992847122233, "log10_min_child_weight": 4.72917986992736, "log10_subsample": -0.2220491015134679, "max_depth": 6.0, "num_boost_round": 22.0}, "datetime": {"datetime": "2024-01-19 01:09:56", "elapsed": 3493.620848, "delta": 0.003487}}
{"target": -17.685777975000065, "params": {"gamma": 615.8372764545488, "log10_alpha": -3.791330481341851, "log10_colsample_bytree": -0.39780660442725235, "log10_eta": -1.1075249637750662, "log10_lambda": -0.596992847122233, "log10_min_child_weight": 4.72917986992736, "log10_subsample": -0.2220491015134679, "max_depth": 6.0, "num_boost_round": 23.0}, "datetime": {"datetime": "2024-01-19 01:09:56", "elapsed": 3493.624265, "delta": 0.003417}}
{"target": -17.686063301407952, "params": {"gamma": 615.8372764545488, "log10_alpha": -3.791330481341851, "log10_colsample_bytree": -0.39780660442725235, "log10_eta": -1.1075249637750662, "log10_lambda": -0.596992847122233, "log10_min_child_weight": 4.72917986992736, "log10_subsample": -0.2220491015134679, "max_depth": 6.0, "num_boost_round": 24.0}, "datetime": {"datetime": "2024-01-19 01:09:56", "elapsed": 3493.627714, "delta": 0.003449}}
{"target": -17.686647807230777, "params": {"gamma": 615.8372764545488, "log10_alpha": -3.791330481341851, "log10_colsample_bytree": -0.39780660442725235, "log10_eta": -1.1075249637750662, "log10_lambda": -0.596992847122233, "log10_min_child_weight": 4.72917986992736, "log10_subsample": -0.2220491015134679, "max_depth": 6.0, "num_boost_round": 25.0}, "datetime": {"datetime": "2024-01-19 01:09:56", "elapsed": 3493.631269, "delta": 0.003555}}
{"target": -17.6880914426944, "params": {"gamma": 615.8372764545488, "log10_alpha": -3.791330481341851, "log10_colsample_bytree": -0.39780660442725235, "log10_eta": -1.1075249637750662, "log10_lambda": -0.596992847122233, "log10_min_child_weight": 4.72917986992736, "log10_subsample": -0.2220491015134679, "max_depth": 6.0, "num_boost_round": 26.0}, "datetime": {"datetime": "2024-01-19 01:09:56", "elapsed": 3493.634866, "delta": 0.003597}}
{"target": -17.688299137320897, "params": {"gamma": 615.8372764545488, "log10_alpha": -3.791330481341851, "log10_colsample_bytree": -0.39780660442725235, "log10_eta": -1.1075249637750662, "log10_lambda": -0.596992847122233, "log10_min_child_weight": 4.72917986992736, "log10_subsample": -0.2220491015134679, "max_depth": 6.0, "num_boost_round": 27.0}, "datetime": {"datetime": "2024-01-19 01:09:56", "elapsed": 3493.638402, "delta": 0.003536}}
{"target": -17.689071909184072, "params": {"gamma": 615.8372764545488, "log10_alpha": -3.791330481341851, "log10_colsample_bytree": -0.39780660442725235, "log10_eta": -1.1075249637750662, "log10_lambda": -0.596992847122233, "log10_min_child_weight": 4.72917986992736, "log10_subsample": -0.2220491015134679, "max_depth": 6.0, "num_boost_round": 28.0}, "datetime": {"datetime": "2024-01-19 01:09:56", "elapsed": 3493.641872, "delta": 0.00347}}
{"target": -17.690581625258574, "params": {"gamma": 615.8372764545488, "log10_alpha": -3.791330481341851, "log10_colsample_bytree": -0.39780660442725235, "log10_eta": -1.1075249637750662, "log10_lambda": -0.596992847122233, "log10_min_child_weight": 4.72917986992736, "log10_subsample": -0.2220491015134679, "max_depth": 6.0, "num_boost_round": 29.0}, "datetime": {"datetime": "2024-01-19 01:09:56", "elapsed": 3493.64531, "delta": 0.003438}}
{"target": -17.67643724419916, "params": {"gamma": 630.809956931755, "log10_alpha": -2.3235235460883854, "log10_colsample_bytree": -0.3068599735557207, "log10_eta": -1.5479243419592685, "log10_lambda": -4.084215226978417, "log10_min_child_weight": 3.3337759633273407, "log10_subsample": -0.033957067036640254, "max_depth": 2.0, "num_boost_round": 0.0}, "datetime": {"datetime": "2024-01-19 01:10:41", "elapsed": 3539.333765, "delta": 45.688455}}
{"target": -17.675678138248646, "params": {"gamma": 630.809956931755, "log10_alpha": -2.3235235460883854, "log10_colsample_bytree": -0.3068599735557207, "log10_eta": -1.5479243419592685, "log10_lambda": -4.084215226978417, "log10_min_child_weight": 3.3337759633273407, "log10_subsample": -0.033957067036640254, "max_depth": 2.0, "num_boost_round": 1.0}, "datetime": {"datetime": "2024-01-19 01:10:41", "elapsed": 3539.337806, "delta": 0.004041}}
{"target": -17.674953530801382, "params": {"gamma": 630.809956931755, "log10_alpha": -2.3235235460883854, "log10_colsample_bytree": -0.3068599735557207, "log10_eta": -1.5479243419592685, "log10_lambda": -4.084215226978417, "log10_min_child_weight": 3.3337759633273407, "log10_subsample": -0.033957067036640254, "max_depth": 2.0, "num_boost_round": 2.0}, "datetime": {"datetime": "2024-01-19 01:10:41", "elapsed": 3539.341412, "delta": 0.003606}}
{"target": -17.674694420706256, "params": {"gamma": 630.809956931755, "log10_alpha": -2.3235235460883854, "log10_colsample_bytree": -0.3068599735557207, "log10_eta": -1.5479243419592685, "log10_lambda": -4.084215226978417, "log10_min_child_weight": 3.3337759633273407, "log10_subsample": -0.033957067036640254, "max_depth": 2.0, "num_boost_round": 3.0}, "datetime": {"datetime": "2024-01-19 01:10:42", "elapsed": 3539.345016, "delta": 0.003604}}
{"target": -17.674199077234448, "params": {"gamma": 630.809956931755, "log10_alpha": -2.3235235460883854, "log10_colsample_bytree": -0.3068599735557207, "log10_eta": -1.5479243419592685, "log10_lambda": -4.084215226978417, "log10_min_child_weight": 3.3337759633273407, "log10_subsample": -0.033957067036640254, "max_depth": 2.0, "num_boost_round": 4.0}, "datetime": {"datetime": "2024-01-19 01:10:42", "elapsed": 3539.34864, "delta": 0.003624}}
{"target": -17.67419508189061, "params": {"gamma": 630.809956931755, "log10_alpha": -2.3235235460883854, "log10_colsample_bytree": -0.3068599735557207, "log10_eta": -1.5479243419592685, "log10_lambda": -4.084215226978417, "log10_min_child_weight": 3.3337759633273407, "log10_subsample": -0.033957067036640254, "max_depth": 2.0, "num_boost_round": 5.0}, "datetime": {"datetime": "2024-01-19 01:10:42", "elapsed": 3539.352186, "delta": 0.003546}}
{"target": -17.674382588390912, "params": {"gamma": 630.809956931755, "log10_alpha": -2.3235235460883854, "log10_colsample_bytree": -0.3068599735557207, "log10_eta": -1.5479243419592685, "log10_lambda": -4.084215226978417, "log10_min_child_weight": 3.3337759633273407, "log10_subsample": -0.033957067036640254, "max_depth": 2.0, "num_boost_round": 6.0}, "datetime": {"datetime": "2024-01-19 01:10:42", "elapsed": 3539.355815, "delta": 0.003629}}
{"target": -17.674376401113015, "params": {"gamma": 630.809956931755, "log10_alpha": -2.3235235460883854, "log10_colsample_bytree": -0.3068599735557207, "log10_eta": -1.5479243419592685, "log10_lambda": -4.084215226978417, "log10_min_child_weight": 3.3337759633273407, "log10_subsample": -0.033957067036640254, "max_depth": 2.0, "num_boost_round": 7.0}, "datetime": {"datetime": "2024-01-19 01:10:42", "elapsed": 3539.359326, "delta": 0.003511}}
{"target": -17.674645132120457, "params": {"gamma": 630.809956931755, "log10_alpha": -2.3235235460883854, "log10_colsample_bytree": -0.3068599735557207, "log10_eta": -1.5479243419592685, "log10_lambda": -4.084215226978417, "log10_min_child_weight": 3.3337759633273407, "log10_subsample": -0.033957067036640254, "max_depth": 2.0, "num_boost_round": 8.0}, "datetime": {"datetime": "2024-01-19 01:10:42", "elapsed": 3539.362841, "delta": 0.003515}}
{"target": -17.67431715093978, "params": {"gamma": 630.809956931755, "log10_alpha": -2.3235235460883854, "log10_colsample_bytree": -0.3068599735557207, "log10_eta": -1.5479243419592685, "log10_lambda": -4.084215226978417, "log10_min_child_weight": 3.3337759633273407, "log10_subsample": -0.033957067036640254, "max_depth": 2.0, "num_boost_round": 9.0}, "datetime": {"datetime": "2024-01-19 01:10:42", "elapsed": 3539.366326, "delta": 0.003485}}
{"target": -17.67460177152738, "params": {"gamma": 630.809956931755, "log10_alpha": -2.3235235460883854, "log10_colsample_bytree": -0.3068599735557207, "log10_eta": -1.5479243419592685, "log10_lambda": -4.084215226978417, "log10_min_child_weight": 3.3337759633273407, "log10_subsample": -0.033957067036640254, "max_depth": 2.0, "num_boost_round": 10.0}, "datetime": {"datetime": "2024-01-19 01:10:42", "elapsed": 3539.369859, "delta": 0.003533}}
{"target": -17.674145903699728, "params": {"gamma": 630.809956931755, "log10_alpha": -2.3235235460883854, "log10_colsample_bytree": -0.3068599735557207, "log10_eta": -1.5479243419592685, "log10_lambda": -4.084215226978417, "log10_min_child_weight": 3.3337759633273407, "log10_subsample": -0.033957067036640254, "max_depth": 2.0, "num_boost_round": 11.0}, "datetime": {"datetime": "2024-01-19 01:10:42", "elapsed": 3539.373412, "delta": 0.003553}}
{"target": -17.674532471337404, "params": {"gamma": 630.809956931755, "log10_alpha": -2.3235235460883854, "log10_colsample_bytree": -0.3068599735557207, "log10_eta": -1.5479243419592685, "log10_lambda": -4.084215226978417, "log10_min_child_weight": 3.3337759633273407, "log10_subsample": -0.033957067036640254, "max_depth": 2.0, "num_boost_round": 12.0}, "datetime": {"datetime": "2024-01-19 01:10:42", "elapsed": 3539.376924, "delta": 0.003512}}
{"target": -17.6750058524352, "params": {"gamma": 630.809956931755, "log10_alpha": -2.3235235460883854, "log10_colsample_bytree": -0.3068599735557207, "log10_eta": -1.5479243419592685, "log10_lambda": -4.084215226978417, "log10_min_child_weight": 3.3337759633273407, "log10_subsample": -0.033957067036640254, "max_depth": 2.0, "num_boost_round": 13.0}, "datetime": {"datetime": "2024-01-19 01:10:42", "elapsed": 3539.380439, "delta": 0.003515}}
{"target": -17.674871712901815, "params": {"gamma": 630.809956931755, "log10_alpha": -2.3235235460883854, "log10_colsample_bytree": -0.3068599735557207, "log10_eta": -1.5479243419592685, "log10_lambda": -4.084215226978417, "log10_min_child_weight": 3.3337759633273407, "log10_subsample": -0.033957067036640254, "max_depth": 2.0, "num_boost_round": 14.0}, "datetime": {"datetime": "2024-01-19 01:10:42", "elapsed": 3539.383953, "delta": 0.003514}}
{"target": -17.67464712984407, "params": {"gamma": 630.809956931755, "log10_alpha": -2.3235235460883854, "log10_colsample_bytree": -0.3068599735557207, "log10_eta": -1.5479243419592685, "log10_lambda": -4.084215226978417, "log10_min_child_weight": 3.3337759633273407, "log10_subsample": -0.033957067036640254, "max_depth": 2.0, "num_boost_round": 15.0}, "datetime": {"datetime": "2024-01-19 01:10:42", "elapsed": 3539.387472, "delta": 0.003519}}
{"target": -17.673993244337744, "params": {"gamma": 630.809956931755, "log10_alpha": -2.3235235460883854, "log10_colsample_bytree": -0.3068599735557207, "log10_eta": -1.5479243419592685, "log10_lambda": -4.084215226978417, "log10_min_child_weight": 3.3337759633273407, "log10_subsample": -0.033957067036640254, "max_depth": 2.0, "num_boost_round": 16.0}, "datetime": {"datetime": "2024-01-19 01:10:42", "elapsed": 3539.391065, "delta": 0.003593}}
{"target": -17.673797205698477, "params": {"gamma": 630.809956931755, "log10_alpha": -2.3235235460883854, "log10_colsample_bytree": -0.3068599735557207, "log10_eta": -1.5479243419592685, "log10_lambda": -4.084215226978417, "log10_min_child_weight": 3.3337759633273407, "log10_subsample": -0.033957067036640254, "max_depth": 2.0, "num_boost_round": 17.0}, "datetime": {"datetime": "2024-01-19 01:10:42", "elapsed": 3539.39458, "delta": 0.003515}}
{"target": -17.673763365291244, "params": {"gamma": 630.809956931755, "log10_alpha": -2.3235235460883854, "log10_colsample_bytree": -0.3068599735557207, "log10_eta": -1.5479243419592685, "log10_lambda": -4.084215226978417, "log10_min_child_weight": 3.3337759633273407, "log10_subsample": -0.033957067036640254, "max_depth": 2.0, "num_boost_round": 18.0}, "datetime": {"datetime": "2024-01-19 01:10:42", "elapsed": 3539.398136, "delta": 0.003556}}
{"target": -17.673157667744753, "params": {"gamma": 630.809956931755, "log10_alpha": -2.3235235460883854, "log10_colsample_bytree": -0.3068599735557207, "log10_eta": -1.5479243419592685, "log10_lambda": -4.084215226978417, "log10_min_child_weight": 3.3337759633273407, "log10_subsample": -0.033957067036640254, "max_depth": 2.0, "num_boost_round": 19.0}, "datetime": {"datetime": "2024-01-19 01:10:42", "elapsed": 3539.401664, "delta": 0.003528}}
{"target": -17.6731149081444, "params": {"gamma": 630.809956931755, "log10_alpha": -2.3235235460883854, "log10_colsample_bytree": -0.3068599735557207, "log10_eta": -1.5479243419592685, "log10_lambda": -4.084215226978417, "log10_min_child_weight": 3.3337759633273407, "log10_subsample": -0.033957067036640254, "max_depth": 2.0, "num_boost_round": 20.0}, "datetime": {"datetime": "2024-01-19 01:10:42", "elapsed": 3539.405186, "delta": 0.003522}}
{"target": -17.67342873425326, "params": {"gamma": 630.809956931755, "log10_alpha": -2.3235235460883854, "log10_colsample_bytree": -0.3068599735557207, "log10_eta": -1.5479243419592685, "log10_lambda": -4.084215226978417, "log10_min_child_weight": 3.3337759633273407, "log10_subsample": -0.033957067036640254, "max_depth": 2.0, "num_boost_round": 21.0}, "datetime": {"datetime": "2024-01-19 01:10:42", "elapsed": 3539.40873, "delta": 0.003544}}
{"target": -17.673492060918925, "params": {"gamma": 630.809956931755, "log10_alpha": -2.3235235460883854, "log10_colsample_bytree": -0.3068599735557207, "log10_eta": -1.5479243419592685, "log10_lambda": -4.084215226978417, "log10_min_child_weight": 3.3337759633273407, "log10_subsample": -0.033957067036640254, "max_depth": 2.0, "num_boost_round": 22.0}, "datetime": {"datetime": "2024-01-19 01:10:42", "elapsed": 3539.41303, "delta": 0.0043}}
{"target": -17.673009801344477, "params": {"gamma": 630.809956931755, "log10_alpha": -2.3235235460883854, "log10_colsample_bytree": -0.3068599735557207, "log10_eta": -1.5479243419592685, "log10_lambda": -4.084215226978417, "log10_min_child_weight": 3.3337759633273407, "log10_subsample": -0.033957067036640254, "max_depth": 2.0, "num_boost_round": 23.0}, "datetime": {"datetime": "2024-01-19 01:10:42", "elapsed": 3539.416811, "delta": 0.003781}}
{"target": -17.672902558640164, "params": {"gamma": 630.809956931755, "log10_alpha": -2.3235235460883854, "log10_colsample_bytree": -0.3068599735557207, "log10_eta": -1.5479243419592685, "log10_lambda": -4.084215226978417, "log10_min_child_weight": 3.3337759633273407, "log10_subsample": -0.033957067036640254, "max_depth": 2.0, "num_boost_round": 24.0}, "datetime": {"datetime": "2024-01-19 01:10:42", "elapsed": 3539.420435, "delta": 0.003624}}
{"target": -17.672278408148106, "params": {"gamma": 630.809956931755, "log10_alpha": -2.3235235460883854, "log10_colsample_bytree": -0.3068599735557207, "log10_eta": -1.5479243419592685, "log10_lambda": -4.084215226978417, "log10_min_child_weight": 3.3337759633273407, "log10_subsample": -0.033957067036640254, "max_depth": 2.0, "num_boost_round": 25.0}, "datetime": {"datetime": "2024-01-19 01:10:42", "elapsed": 3539.424016, "delta": 0.003581}}
{"target": -17.672167103085002, "params": {"gamma": 630.809956931755, "log10_alpha": -2.3235235460883854, "log10_colsample_bytree": -0.3068599735557207, "log10_eta": -1.5479243419592685, "log10_lambda": -4.084215226978417, "log10_min_child_weight": 3.3337759633273407, "log10_subsample": -0.033957067036640254, "max_depth": 2.0, "num_boost_round": 26.0}, "datetime": {"datetime": "2024-01-19 01:10:42", "elapsed": 3539.427514, "delta": 0.003498}}
{"target": -17.6724149611927, "params": {"gamma": 630.809956931755, "log10_alpha": -2.3235235460883854, "log10_colsample_bytree": -0.3068599735557207, "log10_eta": -1.5479243419592685, "log10_lambda": -4.084215226978417, "log10_min_child_weight": 3.3337759633273407, "log10_subsample": -0.033957067036640254, "max_depth": 2.0, "num_boost_round": 27.0}, "datetime": {"datetime": "2024-01-19 01:10:42", "elapsed": 3539.431027, "delta": 0.003513}}
{"target": -17.672949996429146, "params": {"gamma": 630.809956931755, "log10_alpha": -2.3235235460883854, "log10_colsample_bytree": -0.3068599735557207, "log10_eta": -1.5479243419592685, "log10_lambda": -4.084215226978417, "log10_min_child_weight": 3.3337759633273407, "log10_subsample": -0.033957067036640254, "max_depth": 2.0, "num_boost_round": 28.0}, "datetime": {"datetime": "2024-01-19 01:10:42", "elapsed": 3539.434619, "delta": 0.003592}}
{"target": -17.673678336945517, "params": {"gamma": 630.809956931755, "log10_alpha": -2.3235235460883854, "log10_colsample_bytree": -0.3068599735557207, "log10_eta": -1.5479243419592685, "log10_lambda": -4.084215226978417, "log10_min_child_weight": 3.3337759633273407, "log10_subsample": -0.033957067036640254, "max_depth": 2.0, "num_boost_round": 29.0}, "datetime": {"datetime": "2024-01-19 01:10:42", "elapsed": 3539.438168, "delta": 0.003549}}
{"target": -17.674287830154906, "params": {"gamma": 630.809956931755, "log10_alpha": -2.3235235460883854, "log10_colsample_bytree": -0.3068599735557207, "log10_eta": -1.5479243419592685, "log10_lambda": -4.084215226978417, "log10_min_child_weight": 3.3337759633273407, "log10_subsample": -0.033957067036640254, "max_depth": 2.0, "num_boost_round": 30.0}, "datetime": {"datetime": "2024-01-19 01:10:42", "elapsed": 3539.441733, "delta": 0.003565}}
{"target": -17.675117545039953, "params": {"gamma": 630.809956931755, "log10_alpha": -2.3235235460883854, "log10_colsample_bytree": -0.3068599735557207, "log10_eta": -1.5479243419592685, "log10_lambda": -4.084215226978417, "log10_min_child_weight": 3.3337759633273407, "log10_subsample": -0.033957067036640254, "max_depth": 2.0, "num_boost_round": 31.0}, "datetime": {"datetime": "2024-01-19 01:10:42", "elapsed": 3539.445271, "delta": 0.003538}}
{"target": -17.674890227122674, "params": {"gamma": 630.809956931755, "log10_alpha": -2.3235235460883854, "log10_colsample_bytree": -0.3068599735557207, "log10_eta": -1.5479243419592685, "log10_lambda": -4.084215226978417, "log10_min_child_weight": 3.3337759633273407, "log10_subsample": -0.033957067036640254, "max_depth": 2.0, "num_boost_round": 32.0}, "datetime": {"datetime": "2024-01-19 01:10:42", "elapsed": 3539.448834, "delta": 0.003563}}
{"target": -17.676843274236738, "params": {"gamma": 625.938265783487, "log10_alpha": 0.8964980322085871, "log10_colsample_bytree": -0.34486550570002117, "log10_eta": -1.5189176584811888, "log10_lambda": -0.20510593906927532, "log10_min_child_weight": 0.6138144789735195, "log10_subsample": -0.7122813480446424, "max_depth": 8.0, "num_boost_round": 0.0}, "datetime": {"datetime": "2024-01-19 01:11:20", "elapsed": 3578.176743, "delta": 38.727909}}
{"target": -17.676059229370054, "params": {"gamma": 625.938265783487, "log10_alpha": 0.8964980322085871, "log10_colsample_bytree": -0.34486550570002117, "log10_eta": -1.5189176584811888, "log10_lambda": -0.20510593906927532, "log10_min_child_weight": 0.6138144789735195, "log10_subsample": -0.7122813480446424, "max_depth": 8.0, "num_boost_round": 1.0}, "datetime": {"datetime": "2024-01-19 01:11:20", "elapsed": 3578.180688, "delta": 0.003945}}
{"target": -17.67445139139909, "params": {"gamma": 625.938265783487, "log10_alpha": 0.8964980322085871, "log10_colsample_bytree": -0.34486550570002117, "log10_eta": -1.5189176584811888, "log10_lambda": -0.20510593906927532, "log10_min_child_weight": 0.6138144789735195, "log10_subsample": -0.7122813480446424, "max_depth": 8.0, "num_boost_round": 2.0}, "datetime": {"datetime": "2024-01-19 01:11:20", "elapsed": 3578.184557, "delta": 0.003869}}
{"target": -17.674362232442444, "params": {"gamma": 625.938265783487, "log10_alpha": 0.8964980322085871, "log10_colsample_bytree": -0.34486550570002117, "log10_eta": -1.5189176584811888, "log10_lambda": -0.20510593906927532, "log10_min_child_weight": 0.6138144789735195, "log10_subsample": -0.7122813480446424, "max_depth": 8.0, "num_boost_round": 3.0}, "datetime": {"datetime": "2024-01-19 01:11:20", "elapsed": 3578.188128, "delta": 0.003571}}
{"target": -17.676408469535424, "params": {"gamma": 625.938265783487, "log10_alpha": 0.8964980322085871, "log10_colsample_bytree": -0.34486550570002117, "log10_eta": -1.5189176584811888, "log10_lambda": -0.20510593906927532, "log10_min_child_weight": 0.6138144789735195, "log10_subsample": -0.7122813480446424, "max_depth": 8.0, "num_boost_round": 4.0}, "datetime": {"datetime": "2024-01-19 01:11:20", "elapsed": 3578.191729, "delta": 0.003601}}
{"target": -17.675220598873686, "params": {"gamma": 625.938265783487, "log10_alpha": 0.8964980322085871, "log10_colsample_bytree": -0.34486550570002117, "log10_eta": -1.5189176584811888, "log10_lambda": -0.20510593906927532, "log10_min_child_weight": 0.6138144789735195, "log10_subsample": -0.7122813480446424, "max_depth": 8.0, "num_boost_round": 5.0}, "datetime": {"datetime": "2024-01-19 01:11:20", "elapsed": 3578.195261, "delta": 0.003532}}
{"target": -17.675563058849292, "params": {"gamma": 625.938265783487, "log10_alpha": 0.8964980322085871, "log10_colsample_bytree": -0.34486550570002117, "log10_eta": -1.5189176584811888, "log10_lambda": -0.20510593906927532, "log10_min_child_weight": 0.6138144789735195, "log10_subsample": -0.7122813480446424, "max_depth": 8.0, "num_boost_round": 6.0}, "datetime": {"datetime": "2024-01-19 01:11:20", "elapsed": 3578.198747, "delta": 0.003486}}
