{"target": -13.758102329514857, "params": {"gamma": 890.0604717901147, "log10_alpha": -4.71197850474802, "log10_colsample_bytree": -0.7948958980290602, "log10_eta": -1.5438836799524598, "log10_lambda": -4.497787277343997, "log10_min_child_weight": 4.399954625305374, "log10_subsample": -0.8032454041882194, "max_depth": 7.0, "num_boost_round": 20.0}, "datetime": {"datetime": "2024-01-19 01:24:30", "elapsed": 4390.18161, "delta": 0.003749}}
{"target": -13.75865540546537, "params": {"gamma": 888.9199822947127, "log10_alpha": -2.604618204648069, "log10_colsample_bytree": -0.6092945830813344, "log10_eta": -0.2492752522467776, "log10_lambda": 0.8826769885746542, "log10_min_child_weight": 4.3935165520460515, "log10_subsample": -0.05227508894602306, "max_depth": 2.0, "num_boost_round": 0.0}, "datetime": {"datetime": "2024-01-19 01:25:02", "elapsed": 4422.632655, "delta": 32.451045}}
{"target": -13.769265849375591, "params": {"gamma": 888.9199822947127, "log10_alpha": -2.604618204648069, "log10_colsample_bytree": -0.6092945830813344, "log10_eta": -0.2492752522467776, "log10_lambda": 0.8826769885746542, "log10_min_child_weight": 4.3935165520460515, "log10_subsample": -0.05227508894602306, "max_depth": 2.0, "num_boost_round": 1.0}, "datetime": {"datetime": "2024-01-19 01:25:02", "elapsed": 4422.637145, "delta": 0.00449}}
{"target": -13.76957687336178, "params": {"gamma": 888.9199822947127, "log10_alpha": -2.604618204648069, "log10_colsample_bytree": -0.6092945830813344, "log10_eta": -0.2492752522467776, "log10_lambda": 0.8826769885746542, "log10_min_child_weight": 4.3935165520460515, "log10_subsample": -0.05227508894602306, "max_depth": 2.0, "num_boost_round": 2.0}, "datetime": {"datetime": "2024-01-19 01:25:02", "elapsed": 4422.640947, "delta": 0.003802}}
{"target": -13.773089570659666, "params": {"gamma": 888.9199822947127, "log10_alpha": -2.604618204648069, "log10_colsample_bytree": -0.6092945830813344, "log10_eta": -0.2492752522467776, "log10_lambda": 0.8826769885746542, "log10_min_child_weight": 4.3935165520460515, "log10_subsample": -0.05227508894602306, "max_depth": 2.0, "num_boost_round": 3.0}, "datetime": {"datetime": "2024-01-19 01:25:02", "elapsed": 4422.644701, "delta": 0.003754}}
{"target": -13.77169768829742, "params": {"gamma": 888.9199822947127, "log10_alpha": -2.604618204648069, "log10_colsample_bytree": -0.6092945830813344, "log10_eta": -0.2492752522467776, "log10_lambda": 0.8826769885746542, "log10_min_child_weight": 4.3935165520460515, "log10_subsample": -0.05227508894602306, "max_depth": 2.0, "num_boost_round": 4.0}, "datetime": {"datetime": "2024-01-19 01:25:02", "elapsed": 4422.648307, "delta": 0.003606}}
{"target": -13.77375325603508, "params": {"gamma": 888.9199822947127, "log10_alpha": -2.604618204648069, "log10_colsample_bytree": -0.6092945830813344, "log10_eta": -0.2492752522467776, "log10_lambda": 0.8826769885746542, "log10_min_child_weight": 4.3935165520460515, "log10_subsample": -0.05227508894602306, "max_depth": 2.0, "num_boost_round": 5.0}, "datetime": {"datetime": "2024-01-19 01:25:02", "elapsed": 4422.652029, "delta": 0.003722}}
{"target": -13.776370540991728, "params": {"gamma": 888.9199822947127, "log10_alpha": -2.604618204648069, "log10_colsample_bytree": -0.6092945830813344, "log10_eta": -0.2492752522467776, "log10_lambda": 0.8826769885746542, "log10_min_child_weight": 4.3935165520460515, "log10_subsample": -0.05227508894602306, "max_depth": 2.0, "num_boost_round": 6.0}, "datetime": {"datetime": "2024-01-19 01:25:02", "elapsed": 4422.655688, "delta": 0.003659}}
{"target": -13.776925396822511, "params": {"gamma": 888.9199822947127, "log10_alpha": -2.604618204648069, "log10_colsample_bytree": -0.6092945830813344, "log10_eta": -0.2492752522467776, "log10_lambda": 0.8826769885746542, "log10_min_child_weight": 4.3935165520460515, "log10_subsample": -0.05227508894602306, "max_depth": 2.0, "num_boost_round": 7.0}, "datetime": {"datetime": "2024-01-19 01:25:02", "elapsed": 4422.6594, "delta": 0.003712}}
{"target": -13.785174611702786, "params": {"gamma": 888.9199822947127, "log10_alpha": -2.604618204648069, "log10_colsample_bytree": -0.6092945830813344, "log10_eta": -0.2492752522467776, "log10_lambda": 0.8826769885746542, "log10_min_child_weight": 4.3935165520460515, "log10_subsample": -0.05227508894602306, "max_depth": 2.0, "num_boost_round": 8.0}, "datetime": {"datetime": "2024-01-19 01:25:02", "elapsed": 4422.663264, "delta": 0.003864}}
{"target": -13.785881095238464, "params": {"gamma": 888.9199822947127, "log10_alpha": -2.604618204648069, "log10_colsample_bytree": -0.6092945830813344, "log10_eta": -0.2492752522467776, "log10_lambda": 0.8826769885746542, "log10_min_child_weight": 4.3935165520460515, "log10_subsample": -0.05227508894602306, "max_depth": 2.0, "num_boost_round": 9.0}, "datetime": {"datetime": "2024-01-19 01:25:02", "elapsed": 4422.666917, "delta": 0.003653}}
{"target": -13.790469090601574, "params": {"gamma": 888.9199822947127, "log10_alpha": -2.604618204648069, "log10_colsample_bytree": -0.6092945830813344, "log10_eta": -0.2492752522467776, "log10_lambda": 0.8826769885746542, "log10_min_child_weight": 4.3935165520460515, "log10_subsample": -0.05227508894602306, "max_depth": 2.0, "num_boost_round": 10.0}, "datetime": {"datetime": "2024-01-19 01:25:02", "elapsed": 4422.670567, "delta": 0.00365}}
{"target": -13.792200823883823, "params": {"gamma": 888.9199822947127, "log10_alpha": -2.604618204648069, "log10_colsample_bytree": -0.6092945830813344, "log10_eta": -0.2492752522467776, "log10_lambda": 0.8826769885746542, "log10_min_child_weight": 4.3935165520460515, "log10_subsample": -0.05227508894602306, "max_depth": 2.0, "num_boost_round": 11.0}, "datetime": {"datetime": "2024-01-19 01:25:02", "elapsed": 4422.674332, "delta": 0.003765}}
{"target": -13.78909650877923, "params": {"gamma": 888.9199822947127, "log10_alpha": -2.604618204648069, "log10_colsample_bytree": -0.6092945830813344, "log10_eta": -0.2492752522467776, "log10_lambda": 0.8826769885746542, "log10_min_child_weight": 4.3935165520460515, "log10_subsample": -0.05227508894602306, "max_depth": 2.0, "num_boost_round": 12.0}, "datetime": {"datetime": "2024-01-19 01:25:02", "elapsed": 4422.678196, "delta": 0.003864}}
{"target": -13.7905267855333, "params": {"gamma": 888.9199822947127, "log10_alpha": -2.604618204648069, "log10_colsample_bytree": -0.6092945830813344, "log10_eta": -0.2492752522467776, "log10_lambda": 0.8826769885746542, "log10_min_child_weight": 4.3935165520460515, "log10_subsample": -0.05227508894602306, "max_depth": 2.0, "num_boost_round": 13.0}, "datetime": {"datetime": "2024-01-19 01:25:02", "elapsed": 4422.681879, "delta": 0.003683}}
{"target": -13.79055634417379, "params": {"gamma": 888.9199822947127, "log10_alpha": -2.604618204648069, "log10_colsample_bytree": -0.6092945830813344, "log10_eta": -0.2492752522467776, "log10_lambda": 0.8826769885746542, "log10_min_child_weight": 4.3935165520460515, "log10_subsample": -0.05227508894602306, "max_depth": 2.0, "num_boost_round": 14.0}, "datetime": {"datetime": "2024-01-19 01:25:02", "elapsed": 4422.68552, "delta": 0.003641}}
{"target": -13.761901409380107, "params": {"gamma": 889.1054782732496, "log10_alpha": -0.1829381480969845, "log10_colsample_bytree": -0.13563485962695043, "log10_eta": -1.230080181878109, "log10_lambda": -4.976582946113334, "log10_min_child_weight": 1.4384811545731035, "log10_subsample": -0.8926932870242595, "max_depth": 7.0, "num_boost_round": 0.0}, "datetime": {"datetime": "2024-01-19 01:25:50", "elapsed": 4470.044925, "delta": 47.359405}}
{"target": -13.764664031011351, "params": {"gamma": 889.1054782732496, "log10_alpha": -0.1829381480969845, "log10_colsample_bytree": -0.13563485962695043, "log10_eta": -1.230080181878109, "log10_lambda": -4.976582946113334, "log10_min_child_weight": 1.4384811545731035, "log10_subsample": -0.8926932870242595, "max_depth": 7.0, "num_boost_round": 1.0}, "datetime": {"datetime": "2024-01-19 01:25:50", "elapsed": 4470.049463, "delta": 0.004538}}
{"target": -13.768545962605444, "params": {"gamma": 889.1054782732496, "log10_alpha": -0.1829381480969845, "log10_colsample_bytree": -0.13563485962695043, "log10_eta": -1.230080181878109, "log10_lambda": -4.976582946113334, "log10_min_child_weight": 1.4384811545731035, "log10_subsample": -0.8926932870242595, "max_depth": 7.0, "num_boost_round": 2.0}, "datetime": {"datetime": "2024-01-19 01:25:50", "elapsed": 4470.053283, "delta": 0.00382}}
{"target": -13.77018869104303, "params": {"gamma": 889.1054782732496, "log10_alpha": -0.1829381480969845, "log10_colsample_bytree": -0.13563485962695043, "log10_eta": -1.230080181878109, "log10_lambda": -4.976582946113334, "log10_min_child_weight": 1.4384811545731035, "log10_subsample": -0.8926932870242595, "max_depth": 7.0, "num_boost_round": 3.0}, "datetime": {"datetime": "2024-01-19 01:25:50", "elapsed": 4470.056952, "delta": 0.003669}}
{"target": -13.768648379264283, "params": {"gamma": 889.1054782732496, "log10_alpha": -0.1829381480969845, "log10_colsample_bytree": -0.13563485962695043, "log10_eta": -1.230080181878109, "log10_lambda": -4.976582946113334, "log10_min_child_weight": 1.4384811545731035, "log10_subsample": -0.8926932870242595, "max_depth": 7.0, "num_boost_round": 4.0}, "datetime": {"datetime": "2024-01-19 01:25:50", "elapsed": 4470.060638, "delta": 0.003686}}
{"target": -13.767846442418021, "params": {"gamma": 889.1054782732496, "log10_alpha": -0.1829381480969845, "log10_colsample_bytree": -0.13563485962695043, "log10_eta": -1.230080181878109, "log10_lambda": -4.976582946113334, "log10_min_child_weight": 1.4384811545731035, "log10_subsample": -0.8926932870242595, "max_depth": 7.0, "num_boost_round": 5.0}, "datetime": {"datetime": "2024-01-19 01:25:50", "elapsed": 4470.064338, "delta": 0.0037}}
{"target": -13.772832869677663, "params": {"gamma": 889.1054782732496, "log10_alpha": -0.1829381480969845, "log10_colsample_bytree": -0.13563485962695043, "log10_eta": -1.230080181878109, "log10_lambda": -4.976582946113334, "log10_min_child_weight": 1.4384811545731035, "log10_subsample": -0.8926932870242595, "max_depth": 7.0, "num_boost_round": 6.0}, "datetime": {"datetime": "2024-01-19 01:25:50", "elapsed": 4470.067937, "delta": 0.003599}}
{"target": -13.777910554293452, "params": {"gamma": 889.1054782732496, "log10_alpha": -0.1829381480969845, "log10_colsample_bytree": -0.13563485962695043, "log10_eta": -1.230080181878109, "log10_lambda": -4.976582946113334, "log10_min_child_weight": 1.4384811545731035, "log10_subsample": -0.8926932870242595, "max_depth": 7.0, "num_boost_round": 7.0}, "datetime": {"datetime": "2024-01-19 01:25:50", "elapsed": 4470.071656, "delta": 0.003719}}
{"target": -13.783597388182143, "params": {"gamma": 889.1054782732496, "log10_alpha": -0.1829381480969845, "log10_colsample_bytree": -0.13563485962695043, "log10_eta": -1.230080181878109, "log10_lambda": -4.976582946113334, "log10_min_child_weight": 1.4384811545731035, "log10_subsample": -0.8926932870242595, "max_depth": 7.0, "num_boost_round": 8.0}, "datetime": {"datetime": "2024-01-19 01:25:50", "elapsed": 4470.075535, "delta": 0.003879}}
{"target": -13.787982287376177, "params": {"gamma": 889.1054782732496, "log10_alpha": -0.1829381480969845, "log10_colsample_bytree": -0.13563485962695043, "log10_eta": -1.230080181878109, "log10_lambda": -4.976582946113334, "log10_min_child_weight": 1.4384811545731035, "log10_subsample": -0.8926932870242595, "max_depth": 7.0, "num_boost_round": 9.0}, "datetime": {"datetime": "2024-01-19 01:25:50", "elapsed": 4470.079424, "delta": 0.003889}}
{"target": -13.790101266160399, "params": {"gamma": 889.1054782732496, "log10_alpha": -0.1829381480969845, "log10_colsample_bytree": -0.13563485962695043, "log10_eta": -1.230080181878109, "log10_lambda": -4.976582946113334, "log10_min_child_weight": 1.4384811545731035, "log10_subsample": -0.8926932870242595, "max_depth": 7.0, "num_boost_round": 10.0}, "datetime": {"datetime": "2024-01-19 01:25:50", "elapsed": 4470.083363, "delta": 0.003939}}
{"target": -13.791111835243694, "params": {"gamma": 889.1054782732496, "log10_alpha": -0.1829381480969845, "log10_colsample_bytree": -0.13563485962695043, "log10_eta": -1.230080181878109, "log10_lambda": -4.976582946113334, "log10_min_child_weight": 1.4384811545731035, "log10_subsample": -0.8926932870242595, "max_depth": 7.0, "num_boost_round": 11.0}, "datetime": {"datetime": "2024-01-19 01:25:50", "elapsed": 4470.087097, "delta": 0.003734}}
{"target": -13.797478256202979, "params": {"gamma": 889.1054782732496, "log10_alpha": -0.1829381480969845, "log10_colsample_bytree": -0.13563485962695043, "log10_eta": -1.230080181878109, "log10_lambda": -4.976582946113334, "log10_min_child_weight": 1.4384811545731035, "log10_subsample": -0.8926932870242595, "max_depth": 7.0, "num_boost_round": 12.0}, "datetime": {"datetime": "2024-01-19 01:25:50", "elapsed": 4470.090728, "delta": 0.003631}}
{"target": -13.799659383685794, "params": {"gamma": 889.1054782732496, "log10_alpha": -0.1829381480969845, "log10_colsample_bytree": -0.13563485962695043, "log10_eta": -1.230080181878109, "log10_lambda": -4.976582946113334, "log10_min_child_weight": 1.4384811545731035, "log10_subsample": -0.8926932870242595, "max_depth": 7.0, "num_boost_round": 13.0}, "datetime": {"datetime": "2024-01-19 01:25:50", "elapsed": 4470.094492, "delta": 0.003764}}
{"target": -13.803936734811804, "params": {"gamma": 889.1054782732496, "log10_alpha": -0.1829381480969845, "log10_colsample_bytree": -0.13563485962695043, "log10_eta": -1.230080181878109, "log10_lambda": -4.976582946113334, "log10_min_child_weight": 1.4384811545731035, "log10_subsample": -0.8926932870242595, "max_depth": 7.0, "num_boost_round": 14.0}, "datetime": {"datetime": "2024-01-19 01:25:50", "elapsed": 4470.098308, "delta": 0.003816}}
{"target": -13.809293214019926, "params": {"gamma": 889.1054782732496, "log10_alpha": -0.1829381480969845, "log10_colsample_bytree": -0.13563485962695043, "log10_eta": -1.230080181878109, "log10_lambda": -4.976582946113334, "log10_min_child_weight": 1.4384811545731035, "log10_subsample": -0.8926932870242595, "max_depth": 7.0, "num_boost_round": 15.0}, "datetime": {"datetime": "2024-01-19 01:25:50", "elapsed": 4470.102053, "delta": 0.003745}}
{"target": -13.810364883763803, "params": {"gamma": 889.1054782732496, "log10_alpha": -0.1829381480969845, "log10_colsample_bytree": -0.13563485962695043, "log10_eta": -1.230080181878109, "log10_lambda": -4.976582946113334, "log10_min_child_weight": 1.4384811545731035, "log10_subsample": -0.8926932870242595, "max_depth": 7.0, "num_boost_round": 16.0}, "datetime": {"datetime": "2024-01-19 01:25:50", "elapsed": 4470.105816, "delta": 0.003763}}
{"target": -13.812647228560383, "params": {"gamma": 889.1054782732496, "log10_alpha": -0.1829381480969845, "log10_colsample_bytree": -0.13563485962695043, "log10_eta": -1.230080181878109, "log10_lambda": -4.976582946113334, "log10_min_child_weight": 1.4384811545731035, "log10_subsample": -0.8926932870242595, "max_depth": 7.0, "num_boost_round": 17.0}, "datetime": {"datetime": "2024-01-19 01:25:50", "elapsed": 4470.109494, "delta": 0.003678}}
{"target": -13.81720631750748, "params": {"gamma": 889.1054782732496, "log10_alpha": -0.1829381480969845, "log10_colsample_bytree": -0.13563485962695043, "log10_eta": -1.230080181878109, "log10_lambda": -4.976582946113334, "log10_min_child_weight": 1.4384811545731035, "log10_subsample": -0.8926932870242595, "max_depth": 7.0, "num_boost_round": 18.0}, "datetime": {"datetime": "2024-01-19 01:25:50", "elapsed": 4470.113185, "delta": 0.003691}}
{"target": -13.757591790625053, "params": {"gamma": 897.346533625235, "log10_alpha": -2.7797977036209423, "log10_colsample_bytree": -0.6420802271607996, "log10_eta": -1.210837312308381, "log10_lambda": -4.605711271195199, "log10_min_child_weight": 3.464143815780818, "log10_subsample": -0.08263457561192478, "max_depth": 2.0, "num_boost_round": 0.0}, "datetime": {"datetime": "2024-01-19 01:26:27", "elapsed": 4507.89489, "delta": 37.781705}}
{"target": -13.757157716607987, "params": {"gamma": 897.346533625235, "log10_alpha": -2.7797977036209423, "log10_colsample_bytree": -0.6420802271607996, "log10_eta": -1.210837312308381, "log10_lambda": -4.605711271195199, "log10_min_child_weight": 3.464143815780818, "log10_subsample": -0.08263457561192478, "max_depth": 2.0, "num_boost_round": 1.0}, "datetime": {"datetime": "2024-01-19 01:26:27", "elapsed": 4507.899681, "delta": 0.004791}}
{"target": -13.757152967596877, "params": {"gamma": 897.346533625235, "log10_alpha": -2.7797977036209423, "log10_colsample_bytree": -0.6420802271607996, "log10_eta": -1.210837312308381, "log10_lambda": -4.605711271195199, "log10_min_child_weight": 3.464143815780818, "log10_subsample": -0.08263457561192478, "max_depth": 2.0, "num_boost_round": 2.0}, "datetime": {"datetime": "2024-01-19 01:26:27", "elapsed": 4507.90347, "delta": 0.003789}}
{"target": -13.756791161572302, "params": {"gamma": 897.346533625235, "log10_alpha": -2.7797977036209423, "log10_colsample_bytree": -0.6420802271607996, "log10_eta": -1.210837312308381, "log10_lambda": -4.605711271195199, "log10_min_child_weight": 3.464143815780818, "log10_subsample": -0.08263457561192478, "max_depth": 2.0, "num_boost_round": 3.0}, "datetime": {"datetime": "2024-01-19 01:26:27", "elapsed": 4507.90717, "delta": 0.0037}}
{"target": -13.756221901002379, "params": {"gamma": 897.346533625235, "log10_alpha": -2.7797977036209423, "log10_colsample_bytree": -0.6420802271607996, "log10_eta": -1.210837312308381, "log10_lambda": -4.605711271195199, "log10_min_child_weight": 3.464143815780818, "log10_subsample": -0.08263457561192478, "max_depth": 2.0, "num_boost_round": 4.0}, "datetime": {"datetime": "2024-01-19 01:26:27", "elapsed": 4507.910957, "delta": 0.003787}}
{"target": -13.756606425280005, "params": {"gamma": 897.346533625235, "log10_alpha": -2.7797977036209423, "log10_colsample_bytree": -0.6420802271607996, "log10_eta": -1.210837312308381, "log10_lambda": -4.605711271195199, "log10_min_child_weight": 3.464143815780818, "log10_subsample": -0.08263457561192478, "max_depth": 2.0, "num_boost_round": 5.0}, "datetime": {"datetime": "2024-01-19 01:26:28", "elapsed": 4508.022095, "delta": 0.111138}}
{"target": -13.756954506468809, "params": {"gamma": 897.346533625235, "log10_alpha": -2.7797977036209423, "log10_colsample_bytree": -0.6420802271607996, "log10_eta": -1.210837312308381, "log10_lambda": -4.605711271195199, "log10_min_child_weight": 3.464143815780818, "log10_subsample": -0.08263457561192478, "max_depth": 2.0, "num_boost_round": 6.0}, "datetime": {"datetime": "2024-01-19 01:26:28", "elapsed": 4508.026598, "delta": 0.004503}}
{"target": -13.75658842067604, "params": {"gamma": 897.346533625235, "log10_alpha": -2.7797977036209423, "log10_colsample_bytree": -0.6420802271607996, "log10_eta": -1.210837312308381, "log10_lambda": -4.605711271195199, "log10_min_child_weight": 3.464143815780818, "log10_subsample": -0.08263457561192478, "max_depth": 2.0, "num_boost_round": 7.0}, "datetime": {"datetime": "2024-01-19 01:26:28", "elapsed": 4508.030606, "delta": 0.004008}}
{"target": -13.757082383420173, "params": {"gamma": 897.346533625235, "log10_alpha": -2.7797977036209423, "log10_colsample_bytree": -0.6420802271607996, "log10_eta": -1.210837312308381, "log10_lambda": -4.605711271195199, "log10_min_child_weight": 3.464143815780818, "log10_subsample": -0.08263457561192478, "max_depth": 2.0, "num_boost_round": 8.0}, "datetime": {"datetime": "2024-01-19 01:26:28", "elapsed": 4508.034475, "delta": 0.003869}}
{"target": -13.756380990869776, "params": {"gamma": 897.346533625235, "log10_alpha": -2.7797977036209423, "log10_colsample_bytree": -0.6420802271607996, "log10_eta": -1.210837312308381, "log10_lambda": -4.605711271195199, "log10_min_child_weight": 3.464143815780818, "log10_subsample": -0.08263457561192478, "max_depth": 2.0, "num_boost_round": 9.0}, "datetime": {"datetime": "2024-01-19 01:26:28", "elapsed": 4508.038264, "delta": 0.003789}}
{"target": -13.755798491495343, "params": {"gamma": 897.346533625235, "log10_alpha": -2.7797977036209423, "log10_colsample_bytree": -0.6420802271607996, "log10_eta": -1.210837312308381, "log10_lambda": -4.605711271195199, "log10_min_child_weight": 3.464143815780818, "log10_subsample": -0.08263457561192478, "max_depth": 2.0, "num_boost_round": 10.0}, "datetime": {"datetime": "2024-01-19 01:26:28", "elapsed": 4508.042162, "delta": 0.003898}}
{"target": -13.754980243688689, "params": {"gamma": 897.346533625235, "log10_alpha": -2.7797977036209423, "log10_colsample_bytree": -0.6420802271607996, "log10_eta": -1.210837312308381, "log10_lambda": -4.605711271195199, "log10_min_child_weight": 3.464143815780818, "log10_subsample": -0.08263457561192478, "max_depth": 2.0, "num_boost_round": 11.0}, "datetime": {"datetime": "2024-01-19 01:26:28", "elapsed": 4508.045989, "delta": 0.003827}}
{"target": -13.755404805195123, "params": {"gamma": 897.346533625235, "log10_alpha": -2.7797977036209423, "log10_colsample_bytree": -0.6420802271607996, "log10_eta": -1.210837312308381, "log10_lambda": -4.605711271195199, "log10_min_child_weight": 3.464143815780818, "log10_subsample": -0.08263457561192478, "max_depth": 2.0, "num_boost_round": 12.0}, "datetime": {"datetime": "2024-01-19 01:26:28", "elapsed": 4508.049732, "delta": 0.003743}}
{"target": -13.755596824826831, "params": {"gamma": 897.346533625235, "log10_alpha": -2.7797977036209423, "log10_colsample_bytree": -0.6420802271607996, "log10_eta": -1.210837312308381, "log10_lambda": -4.605711271195199, "log10_min_child_weight": 3.464143815780818, "log10_subsample": -0.08263457561192478, "max_depth": 2.0, "num_boost_round": 13.0}, "datetime": {"datetime": "2024-01-19 01:26:28", "elapsed": 4508.053797, "delta": 0.004065}}
