{"target": -17.67733821191634, "params": {"gamma": 41.40833498804619, "log10_alpha": -1.815674394257003, "log10_colsample_bytree": -0.7523542075826545, "log10_eta": -2.286400978717949, "log10_lambda": 0.718755946490603, "log10_min_child_weight": 4.232764058224655, "log10_subsample": -0.3896621119795014, "max_depth": 2.0, "num_boost_round": 16.0}, "datetime": {"datetime": "2024-01-19 02:10:38", "elapsed": 7191.783687, "delta": 0.005455}}
{"target": -17.677314970728418, "params": {"gamma": 41.40833498804619, "log10_alpha": -1.815674394257003, "log10_colsample_bytree": -0.7523542075826545, "log10_eta": -2.286400978717949, "log10_lambda": 0.718755946490603, "log10_min_child_weight": 4.232764058224655, "log10_subsample": -0.3896621119795014, "max_depth": 2.0, "num_boost_round": 17.0}, "datetime": {"datetime": "2024-01-19 02:10:38", "elapsed": 7191.78924, "delta": 0.005553}}
{"target": -17.677275522697048, "params": {"gamma": 41.40833498804619, "log10_alpha": -1.815674394257003, "log10_colsample_bytree": -0.7523542075826545, "log10_eta": -2.286400978717949, "log10_lambda": 0.718755946490603, "log10_min_child_weight": 4.232764058224655, "log10_subsample": -0.3896621119795014, "max_depth": 2.0, "num_boost_round": 18.0}, "datetime": {"datetime": "2024-01-19 02:10:38", "elapsed": 7191.794443, "delta": 0.005203}}
{"target": -17.677218181307026, "params": {"gamma": 41.40833498804619, "log10_alpha": -1.815674394257003, "log10_colsample_bytree": -0.7523542075826545, "log10_eta": -2.286400978717949, "log10_lambda": 0.718755946490603, "log10_min_child_weight": 4.232764058224655, "log10_subsample": -0.3896621119795014, "max_depth": 2.0, "num_boost_round": 19.0}, "datetime": {"datetime": "2024-01-19 02:10:38", "elapsed": 7191.799547, "delta": 0.005104}}
{"target": -17.677267160723797, "params": {"gamma": 41.40833498804619, "log10_alpha": -1.815674394257003, "log10_colsample_bytree": -0.7523542075826545, "log10_eta": -2.286400978717949, "log10_lambda": 0.718755946490603, "log10_min_child_weight": 4.232764058224655, "log10_subsample": -0.3896621119795014, "max_depth": 2.0, "num_boost_round": 20.0}, "datetime": {"datetime": "2024-01-19 02:10:38", "elapsed": 7191.804964, "delta": 0.005417}}
{"target": -17.67725168294944, "params": {"gamma": 41.40833498804619, "log10_alpha": -1.815674394257003, "log10_colsample_bytree": -0.7523542075826545, "log10_eta": -2.286400978717949, "log10_lambda": 0.718755946490603, "log10_min_child_weight": 4.232764058224655, "log10_subsample": -0.3896621119795014, "max_depth": 2.0, "num_boost_round": 21.0}, "datetime": {"datetime": "2024-01-19 02:10:38", "elapsed": 7191.810313, "delta": 0.005349}}
{"target": -17.677259863378886, "params": {"gamma": 41.40833498804619, "log10_alpha": -1.815674394257003, "log10_colsample_bytree": -0.7523542075826545, "log10_eta": -2.286400978717949, "log10_lambda": 0.718755946490603, "log10_min_child_weight": 4.232764058224655, "log10_subsample": -0.3896621119795014, "max_depth": 2.0, "num_boost_round": 22.0}, "datetime": {"datetime": "2024-01-19 02:10:38", "elapsed": 7191.815757, "delta": 0.005444}}
{"target": -17.677206961176804, "params": {"gamma": 41.40833498804619, "log10_alpha": -1.815674394257003, "log10_colsample_bytree": -0.7523542075826545, "log10_eta": -2.286400978717949, "log10_lambda": 0.718755946490603, "log10_min_child_weight": 4.232764058224655, "log10_subsample": -0.3896621119795014, "max_depth": 2.0, "num_boost_round": 23.0}, "datetime": {"datetime": "2024-01-19 02:10:38", "elapsed": 7191.821085, "delta": 0.005328}}
{"target": -17.677237909200255, "params": {"gamma": 41.40833498804619, "log10_alpha": -1.815674394257003, "log10_colsample_bytree": -0.7523542075826545, "log10_eta": -2.286400978717949, "log10_lambda": 0.718755946490603, "log10_min_child_weight": 4.232764058224655, "log10_subsample": -0.3896621119795014, "max_depth": 2.0, "num_boost_round": 24.0}, "datetime": {"datetime": "2024-01-19 02:10:38", "elapsed": 7191.826474, "delta": 0.005389}}
{"target": -17.677188648166673, "params": {"gamma": 41.40833498804619, "log10_alpha": -1.815674394257003, "log10_colsample_bytree": -0.7523542075826545, "log10_eta": -2.286400978717949, "log10_lambda": 0.718755946490603, "log10_min_child_weight": 4.232764058224655, "log10_subsample": -0.3896621119795014, "max_depth": 2.0, "num_boost_round": 25.0}, "datetime": {"datetime": "2024-01-19 02:10:38", "elapsed": 7191.831782, "delta": 0.005308}}
{"target": -17.67728739128688, "params": {"gamma": 41.40833498804619, "log10_alpha": -1.815674394257003, "log10_colsample_bytree": -0.7523542075826545, "log10_eta": -2.286400978717949, "log10_lambda": 0.718755946490603, "log10_min_child_weight": 4.232764058224655, "log10_subsample": -0.3896621119795014, "max_depth": 2.0, "num_boost_round": 26.0}, "datetime": {"datetime": "2024-01-19 02:10:38", "elapsed": 7191.837237, "delta": 0.005455}}
{"target": -17.677252112198666, "params": {"gamma": 41.40833498804619, "log10_alpha": -1.815674394257003, "log10_colsample_bytree": -0.7523542075826545, "log10_eta": -2.286400978717949, "log10_lambda": 0.718755946490603, "log10_min_child_weight": 4.232764058224655, "log10_subsample": -0.3896621119795014, "max_depth": 2.0, "num_boost_round": 27.0}, "datetime": {"datetime": "2024-01-19 02:10:38", "elapsed": 7191.842827, "delta": 0.00559}}
{"target": -17.677296563058956, "params": {"gamma": 41.40833498804619, "log10_alpha": -1.815674394257003, "log10_colsample_bytree": -0.7523542075826545, "log10_eta": -2.286400978717949, "log10_lambda": 0.718755946490603, "log10_min_child_weight": 4.232764058224655, "log10_subsample": -0.3896621119795014, "max_depth": 2.0, "num_boost_round": 28.0}, "datetime": {"datetime": "2024-01-19 02:10:38", "elapsed": 7191.848378, "delta": 0.005551}}
{"target": -17.677254375782578, "params": {"gamma": 41.40833498804619, "log10_alpha": -1.815674394257003, "log10_colsample_bytree": -0.7523542075826545, "log10_eta": -2.286400978717949, "log10_lambda": 0.718755946490603, "log10_min_child_weight": 4.232764058224655, "log10_subsample": -0.3896621119795014, "max_depth": 2.0, "num_boost_round": 29.0}, "datetime": {"datetime": "2024-01-19 02:10:38", "elapsed": 7191.854072, "delta": 0.005694}}
{"target": -17.67717563423839, "params": {"gamma": 41.40833498804619, "log10_alpha": -1.815674394257003, "log10_colsample_bytree": -0.7523542075826545, "log10_eta": -2.286400978717949, "log10_lambda": 0.718755946490603, "log10_min_child_weight": 4.232764058224655, "log10_subsample": -0.3896621119795014, "max_depth": 2.0, "num_boost_round": 30.0}, "datetime": {"datetime": "2024-01-19 02:10:38", "elapsed": 7191.859353, "delta": 0.005281}}
{"target": -17.67719704338328, "params": {"gamma": 41.40833498804619, "log10_alpha": -1.815674394257003, "log10_colsample_bytree": -0.7523542075826545, "log10_eta": -2.286400978717949, "log10_lambda": 0.718755946490603, "log10_min_child_weight": 4.232764058224655, "log10_subsample": -0.3896621119795014, "max_depth": 2.0, "num_boost_round": 31.0}, "datetime": {"datetime": "2024-01-19 02:10:38", "elapsed": 7191.86485, "delta": 0.005497}}
{"target": -17.677257069853482, "params": {"gamma": 41.40833498804619, "log10_alpha": -1.815674394257003, "log10_colsample_bytree": -0.7523542075826545, "log10_eta": -2.286400978717949, "log10_lambda": 0.718755946490603, "log10_min_child_weight": 4.232764058224655, "log10_subsample": -0.3896621119795014, "max_depth": 2.0, "num_boost_round": 32.0}, "datetime": {"datetime": "2024-01-19 02:10:38", "elapsed": 7191.870146, "delta": 0.005296}}
{"target": -17.677326791368944, "params": {"gamma": 41.40833498804619, "log10_alpha": -1.815674394257003, "log10_colsample_bytree": -0.7523542075826545, "log10_eta": -2.286400978717949, "log10_lambda": 0.718755946490603, "log10_min_child_weight": 4.232764058224655, "log10_subsample": -0.3896621119795014, "max_depth": 2.0, "num_boost_round": 33.0}, "datetime": {"datetime": "2024-01-19 02:10:38", "elapsed": 7191.8755, "delta": 0.005354}}
{"target": -17.677305650514473, "params": {"gamma": 41.40833498804619, "log10_alpha": -1.815674394257003, "log10_colsample_bytree": -0.7523542075826545, "log10_eta": -2.286400978717949, "log10_lambda": 0.718755946490603, "log10_min_child_weight": 4.232764058224655, "log10_subsample": -0.3896621119795014, "max_depth": 2.0, "num_boost_round": 34.0}, "datetime": {"datetime": "2024-01-19 02:10:38", "elapsed": 7191.880839, "delta": 0.005339}}
{"target": -17.677282695957462, "params": {"gamma": 41.40833498804619, "log10_alpha": -1.815674394257003, "log10_colsample_bytree": -0.7523542075826545, "log10_eta": -2.286400978717949, "log10_lambda": 0.718755946490603, "log10_min_child_weight": 4.232764058224655, "log10_subsample": -0.3896621119795014, "max_depth": 2.0, "num_boost_round": 35.0}, "datetime": {"datetime": "2024-01-19 02:10:38", "elapsed": 7191.886145, "delta": 0.005306}}
{"target": -17.67726318672429, "params": {"gamma": 41.40833498804619, "log10_alpha": -1.815674394257003, "log10_colsample_bytree": -0.7523542075826545, "log10_eta": -2.286400978717949, "log10_lambda": 0.718755946490603, "log10_min_child_weight": 4.232764058224655, "log10_subsample": -0.3896621119795014, "max_depth": 2.0, "num_boost_round": 36.0}, "datetime": {"datetime": "2024-01-19 02:10:38", "elapsed": 7191.891635, "delta": 0.00549}}
{"target": -17.677266410908317, "params": {"gamma": 41.40833498804619, "log10_alpha": -1.815674394257003, "log10_colsample_bytree": -0.7523542075826545, "log10_eta": -2.286400978717949, "log10_lambda": 0.718755946490603, "log10_min_child_weight": 4.232764058224655, "log10_subsample": -0.3896621119795014, "max_depth": 2.0, "num_boost_round": 37.0}, "datetime": {"datetime": "2024-01-19 02:10:38", "elapsed": 7191.896977, "delta": 0.005342}}
{"target": -17.67722969080933, "params": {"gamma": 41.40833498804619, "log10_alpha": -1.815674394257003, "log10_colsample_bytree": -0.7523542075826545, "log10_eta": -2.286400978717949, "log10_lambda": 0.718755946490603, "log10_min_child_weight": 4.232764058224655, "log10_subsample": -0.3896621119795014, "max_depth": 2.0, "num_boost_round": 38.0}, "datetime": {"datetime": "2024-01-19 02:10:38", "elapsed": 7191.902396, "delta": 0.005419}}
{"target": -17.677208455346847, "params": {"gamma": 41.40833498804619, "log10_alpha": -1.815674394257003, "log10_colsample_bytree": -0.7523542075826545, "log10_eta": -2.286400978717949, "log10_lambda": 0.718755946490603, "log10_min_child_weight": 4.232764058224655, "log10_subsample": -0.3896621119795014, "max_depth": 2.0, "num_boost_round": 39.0}, "datetime": {"datetime": "2024-01-19 02:10:38", "elapsed": 7191.90778, "delta": 0.005384}}
{"target": -17.67714810619248, "params": {"gamma": 41.40833498804619, "log10_alpha": -1.815674394257003, "log10_colsample_bytree": -0.7523542075826545, "log10_eta": -2.286400978717949, "log10_lambda": 0.718755946490603, "log10_min_child_weight": 4.232764058224655, "log10_subsample": -0.3896621119795014, "max_depth": 2.0, "num_boost_round": 40.0}, "datetime": {"datetime": "2024-01-19 02:10:38", "elapsed": 7191.913403, "delta": 0.005623}}
{"target": -17.6771589926541, "params": {"gamma": 41.40833498804619, "log10_alpha": -1.815674394257003, "log10_colsample_bytree": -0.7523542075826545, "log10_eta": -2.286400978717949, "log10_lambda": 0.718755946490603, "log10_min_child_weight": 4.232764058224655, "log10_subsample": -0.3896621119795014, "max_depth": 2.0, "num_boost_round": 41.0}, "datetime": {"datetime": "2024-01-19 02:10:38", "elapsed": 7191.919078, "delta": 0.005675}}
{"target": -17.677225631174366, "params": {"gamma": 41.40833498804619, "log10_alpha": -1.815674394257003, "log10_colsample_bytree": -0.7523542075826545, "log10_eta": -2.286400978717949, "log10_lambda": 0.718755946490603, "log10_min_child_weight": 4.232764058224655, "log10_subsample": -0.3896621119795014, "max_depth": 2.0, "num_boost_round": 42.0}, "datetime": {"datetime": "2024-01-19 02:10:38", "elapsed": 7191.924529, "delta": 0.005451}}
{"target": -17.677198963986164, "params": {"gamma": 41.40833498804619, "log10_alpha": -1.815674394257003, "log10_colsample_bytree": -0.7523542075826545, "log10_eta": -2.286400978717949, "log10_lambda": 0.718755946490603, "log10_min_child_weight": 4.232764058224655, "log10_subsample": -0.3896621119795014, "max_depth": 2.0, "num_boost_round": 43.0}, "datetime": {"datetime": "2024-01-19 02:10:38", "elapsed": 7191.929841, "delta": 0.005312}}
{"target": -17.677279013308258, "params": {"gamma": 41.40833498804619, "log10_alpha": -1.815674394257003, "log10_colsample_bytree": -0.7523542075826545, "log10_eta": -2.286400978717949, "log10_lambda": 0.718755946490603, "log10_min_child_weight": 4.232764058224655, "log10_subsample": -0.3896621119795014, "max_depth": 2.0, "num_boost_round": 44.0}, "datetime": {"datetime": "2024-01-19 02:10:38", "elapsed": 7191.935158, "delta": 0.005317}}
{"target": -17.677235569136453, "params": {"gamma": 41.40833498804619, "log10_alpha": -1.815674394257003, "log10_colsample_bytree": -0.7523542075826545, "log10_eta": -2.286400978717949, "log10_lambda": 0.718755946490603, "log10_min_child_weight": 4.232764058224655, "log10_subsample": -0.3896621119795014, "max_depth": 2.0, "num_boost_round": 45.0}, "datetime": {"datetime": "2024-01-19 02:10:38", "elapsed": 7191.941331, "delta": 0.006173}}
{"target": -17.67722040296841, "params": {"gamma": 41.40833498804619, "log10_alpha": -1.815674394257003, "log10_colsample_bytree": -0.7523542075826545, "log10_eta": -2.286400978717949, "log10_lambda": 0.718755946490603, "log10_min_child_weight": 4.232764058224655, "log10_subsample": -0.3896621119795014, "max_depth": 2.0, "num_boost_round": 46.0}, "datetime": {"datetime": "2024-01-19 02:10:38", "elapsed": 7191.946994, "delta": 0.005663}}
{"target": -17.6771677436174, "params": {"gamma": 41.40833498804619, "log10_alpha": -1.815674394257003, "log10_colsample_bytree": -0.7523542075826545, "log10_eta": -2.286400978717949, "log10_lambda": 0.718755946490603, "log10_min_child_weight": 4.232764058224655, "log10_subsample": -0.3896621119795014, "max_depth": 2.0, "num_boost_round": 47.0}, "datetime": {"datetime": "2024-01-19 02:10:38", "elapsed": 7191.952741, "delta": 0.005747}}
{"target": -17.677200332303066, "params": {"gamma": 41.40833498804619, "log10_alpha": -1.815674394257003, "log10_colsample_bytree": -0.7523542075826545, "log10_eta": -2.286400978717949, "log10_lambda": 0.718755946490603, "log10_min_child_weight": 4.232764058224655, "log10_subsample": -0.3896621119795014, "max_depth": 2.0, "num_boost_round": 48.0}, "datetime": {"datetime": "2024-01-19 02:10:38", "elapsed": 7191.958222, "delta": 0.005481}}
{"target": -17.677187687004952, "params": {"gamma": 41.40833498804619, "log10_alpha": -1.815674394257003, "log10_colsample_bytree": -0.7523542075826545, "log10_eta": -2.286400978717949, "log10_lambda": 0.718755946490603, "log10_min_child_weight": 4.232764058224655, "log10_subsample": -0.3896621119795014, "max_depth": 2.0, "num_boost_round": 49.0}, "datetime": {"datetime": "2024-01-19 02:10:38", "elapsed": 7192.075132, "delta": 0.11691}}
{"target": -17.677226915790623, "params": {"gamma": 41.40833498804619, "log10_alpha": -1.815674394257003, "log10_colsample_bytree": -0.7523542075826545, "log10_eta": -2.286400978717949, "log10_lambda": 0.718755946490603, "log10_min_child_weight": 4.232764058224655, "log10_subsample": -0.3896621119795014, "max_depth": 2.0, "num_boost_round": 50.0}, "datetime": {"datetime": "2024-01-19 02:10:38", "elapsed": 7192.081624, "delta": 0.006492}}
{"target": -17.677265368542695, "params": {"gamma": 41.40833498804619, "log10_alpha": -1.815674394257003, "log10_colsample_bytree": -0.7523542075826545, "log10_eta": -2.286400978717949, "log10_lambda": 0.718755946490603, "log10_min_child_weight": 4.232764058224655, "log10_subsample": -0.3896621119795014, "max_depth": 2.0, "num_boost_round": 51.0}, "datetime": {"datetime": "2024-01-19 02:10:38", "elapsed": 7192.088262, "delta": 0.006638}}
{"target": -17.67720950532283, "params": {"gamma": 41.40833498804619, "log10_alpha": -1.815674394257003, "log10_colsample_bytree": -0.7523542075826545, "log10_eta": -2.286400978717949, "log10_lambda": 0.718755946490603, "log10_min_child_weight": 4.232764058224655, "log10_subsample": -0.3896621119795014, "max_depth": 2.0, "num_boost_round": 52.0}, "datetime": {"datetime": "2024-01-19 02:10:38", "elapsed": 7192.094548, "delta": 0.006286}}
{"target": -17.677174254878416, "params": {"gamma": 41.40833498804619, "log10_alpha": -1.815674394257003, "log10_colsample_bytree": -0.7523542075826545, "log10_eta": -2.286400978717949, "log10_lambda": 0.718755946490603, "log10_min_child_weight": 4.232764058224655, "log10_subsample": -0.3896621119795014, "max_depth": 2.0, "num_boost_round": 53.0}, "datetime": {"datetime": "2024-01-19 02:10:38", "elapsed": 7192.100084, "delta": 0.005536}}
{"target": -17.67713117951812, "params": {"gamma": 41.40833498804619, "log10_alpha": -1.815674394257003, "log10_colsample_bytree": -0.7523542075826545, "log10_eta": -2.286400978717949, "log10_lambda": 0.718755946490603, "log10_min_child_weight": 4.232764058224655, "log10_subsample": -0.3896621119795014, "max_depth": 2.0, "num_boost_round": 54.0}, "datetime": {"datetime": "2024-01-19 02:10:38", "elapsed": 7192.105607, "delta": 0.005523}}
{"target": -17.67721157385266, "params": {"gamma": 41.40833498804619, "log10_alpha": -1.815674394257003, "log10_colsample_bytree": -0.7523542075826545, "log10_eta": -2.286400978717949, "log10_lambda": 0.718755946490603, "log10_min_child_weight": 4.232764058224655, "log10_subsample": -0.3896621119795014, "max_depth": 2.0, "num_boost_round": 55.0}, "datetime": {"datetime": "2024-01-19 02:10:38", "elapsed": 7192.111095, "delta": 0.005488}}
{"target": -17.677284166002188, "params": {"gamma": 41.40833498804619, "log10_alpha": -1.815674394257003, "log10_colsample_bytree": -0.7523542075826545, "log10_eta": -2.286400978717949, "log10_lambda": 0.718755946490603, "log10_min_child_weight": 4.232764058224655, "log10_subsample": -0.3896621119795014, "max_depth": 2.0, "num_boost_round": 56.0}, "datetime": {"datetime": "2024-01-19 02:10:38", "elapsed": 7192.116552, "delta": 0.005457}}
{"target": -17.677231438926494, "params": {"gamma": 45.57131248538826, "log10_alpha": 0.6913107835412458, "log10_colsample_bytree": -0.14221528733184918, "log10_eta": -3.7737191882475534, "log10_lambda": -4.70679339833234, "log10_min_child_weight": 3.949638725834514, "log10_subsample": -0.3537391748666836, "max_depth": 2.0, "num_boost_round": 0.0}, "datetime": {"datetime": "2024-01-19 02:11:55", "elapsed": 7268.762074, "delta": 76.645522}}
{"target": -17.67722990712461, "params": {"gamma": 45.57131248538826, "log10_alpha": 0.6913107835412458, "log10_colsample_bytree": -0.14221528733184918, "log10_eta": -3.7737191882475534, "log10_lambda": -4.70679339833234, "log10_min_child_weight": 3.949638725834514, "log10_subsample": -0.3537391748666836, "max_depth": 2.0, "num_boost_round": 1.0}, "datetime": {"datetime": "2024-01-19 02:11:55", "elapsed": 7268.767943, "delta": 0.005869}}
{"target": -17.677228396855426, "params": {"gamma": 45.57131248538826, "log10_alpha": 0.6913107835412458, "log10_colsample_bytree": -0.14221528733184918, "log10_eta": -3.7737191882475534, "log10_lambda": -4.70679339833234, "log10_min_child_weight": 3.949638725834514, "log10_subsample": -0.3537391748666836, "max_depth": 2.0, "num_boost_round": 2.0}, "datetime": {"datetime": "2024-01-19 02:11:55", "elapsed": 7268.773338, "delta": 0.005395}}
{"target": -17.677231473554208, "params": {"gamma": 45.57131248538826, "log10_alpha": 0.6913107835412458, "log10_colsample_bytree": -0.14221528733184918, "log10_eta": -3.7737191882475534, "log10_lambda": -4.70679339833234, "log10_min_child_weight": 3.949638725834514, "log10_subsample": -0.3537391748666836, "max_depth": 2.0, "num_boost_round": 3.0}, "datetime": {"datetime": "2024-01-19 02:11:55", "elapsed": 7268.778665, "delta": 0.005327}}
{"target": -17.677231601806614, "params": {"gamma": 45.57131248538826, "log10_alpha": 0.6913107835412458, "log10_colsample_bytree": -0.14221528733184918, "log10_eta": -3.7737191882475534, "log10_lambda": -4.70679339833234, "log10_min_child_weight": 3.949638725834514, "log10_subsample": -0.3537391748666836, "max_depth": 2.0, "num_boost_round": 4.0}, "datetime": {"datetime": "2024-01-19 02:11:55", "elapsed": 7268.783914, "delta": 0.005249}}
{"target": -17.677230055414135, "params": {"gamma": 45.57131248538826, "log10_alpha": 0.6913107835412458, "log10_colsample_bytree": -0.14221528733184918, "log10_eta": -3.7737191882475534, "log10_lambda": -4.70679339833234, "log10_min_child_weight": 3.949638725834514, "log10_subsample": -0.3537391748666836, "max_depth": 2.0, "num_boost_round": 5.0}, "datetime": {"datetime": "2024-01-19 02:11:55", "elapsed": 7268.78951, "delta": 0.005596}}
{"target": -17.677229031128157, "params": {"gamma": 45.57131248538826, "log10_alpha": 0.6913107835412458, "log10_colsample_bytree": -0.14221528733184918, "log10_eta": -3.7737191882475534, "log10_lambda": -4.70679339833234, "log10_min_child_weight": 3.949638725834514, "log10_subsample": -0.3537391748666836, "max_depth": 2.0, "num_boost_round": 6.0}, "datetime": {"datetime": "2024-01-19 02:11:55", "elapsed": 7268.794972, "delta": 0.005462}}
{"target": -17.67722754500858, "params": {"gamma": 45.57131248538826, "log10_alpha": 0.6913107835412458, "log10_colsample_bytree": -0.14221528733184918, "log10_eta": -3.7737191882475534, "log10_lambda": -4.70679339833234, "log10_min_child_weight": 3.949638725834514, "log10_subsample": -0.3537391748666836, "max_depth": 2.0, "num_boost_round": 7.0}, "datetime": {"datetime": "2024-01-19 02:11:55", "elapsed": 7268.80037, "delta": 0.005398}}
