{"target": -17.693499006036312, "params": {"gamma": 48.07012131839772, "log10_alpha": 0.68774408222282, "log10_colsample_bytree": -0.03296528326359793, "log10_eta": -1.617357806984037, "log10_lambda": -4.699500172866535, "log10_min_child_weight": 1.1506406683396548, "log10_subsample": -0.8301700934206779, "max_depth": 8.0, "num_boost_round": 12.0}, "datetime": {"datetime": "2024-01-19 01:10:59", "elapsed": 3567.23895, "delta": 0.004512}}
{"target": -17.69510536017816, "params": {"gamma": 48.07012131839772, "log10_alpha": 0.68774408222282, "log10_colsample_bytree": -0.03296528326359793, "log10_eta": -1.617357806984037, "log10_lambda": -4.699500172866535, "log10_min_child_weight": 1.1506406683396548, "log10_subsample": -0.8301700934206779, "max_depth": 8.0, "num_boost_round": 13.0}, "datetime": {"datetime": "2024-01-19 01:10:59", "elapsed": 3567.243321, "delta": 0.004371}}
{"target": -17.696380173182234, "params": {"gamma": 48.07012131839772, "log10_alpha": 0.68774408222282, "log10_colsample_bytree": -0.03296528326359793, "log10_eta": -1.617357806984037, "log10_lambda": -4.699500172866535, "log10_min_child_weight": 1.1506406683396548, "log10_subsample": -0.8301700934206779, "max_depth": 8.0, "num_boost_round": 14.0}, "datetime": {"datetime": "2024-01-19 01:10:59", "elapsed": 3567.247708, "delta": 0.004387}}
{"target": -17.697746988261393, "params": {"gamma": 48.07012131839772, "log10_alpha": 0.68774408222282, "log10_colsample_bytree": -0.03296528326359793, "log10_eta": -1.617357806984037, "log10_lambda": -4.699500172866535, "log10_min_child_weight": 1.1506406683396548, "log10_subsample": -0.8301700934206779, "max_depth": 8.0, "num_boost_round": 15.0}, "datetime": {"datetime": "2024-01-19 01:10:59", "elapsed": 3567.25217, "delta": 0.004462}}
{"target": -17.697637460738747, "params": {"gamma": 48.07012131839772, "log10_alpha": 0.68774408222282, "log10_colsample_bytree": -0.03296528326359793, "log10_eta": -1.617357806984037, "log10_lambda": -4.699500172866535, "log10_min_child_weight": 1.1506406683396548, "log10_subsample": -0.8301700934206779, "max_depth": 8.0, "num_boost_round": 16.0}, "datetime": {"datetime": "2024-01-19 01:10:59", "elapsed": 3567.256477, "delta": 0.004307}}
{"target": -17.700002973991914, "params": {"gamma": 48.07012131839772, "log10_alpha": 0.68774408222282, "log10_colsample_bytree": -0.03296528326359793, "log10_eta": -1.617357806984037, "log10_lambda": -4.699500172866535, "log10_min_child_weight": 1.1506406683396548, "log10_subsample": -0.8301700934206779, "max_depth": 8.0, "num_boost_round": 17.0}, "datetime": {"datetime": "2024-01-19 01:10:59", "elapsed": 3567.260881, "delta": 0.004404}}
{"target": -17.70303062429361, "params": {"gamma": 48.07012131839772, "log10_alpha": 0.68774408222282, "log10_colsample_bytree": -0.03296528326359793, "log10_eta": -1.617357806984037, "log10_lambda": -4.699500172866535, "log10_min_child_weight": 1.1506406683396548, "log10_subsample": -0.8301700934206779, "max_depth": 8.0, "num_boost_round": 18.0}, "datetime": {"datetime": "2024-01-19 01:10:59", "elapsed": 3567.265315, "delta": 0.004434}}
{"target": -17.704086953228483, "params": {"gamma": 48.07012131839772, "log10_alpha": 0.68774408222282, "log10_colsample_bytree": -0.03296528326359793, "log10_eta": -1.617357806984037, "log10_lambda": -4.699500172866535, "log10_min_child_weight": 1.1506406683396548, "log10_subsample": -0.8301700934206779, "max_depth": 8.0, "num_boost_round": 19.0}, "datetime": {"datetime": "2024-01-19 01:10:59", "elapsed": 3567.269737, "delta": 0.004422}}
{"target": -17.706631081261317, "params": {"gamma": 48.07012131839772, "log10_alpha": 0.68774408222282, "log10_colsample_bytree": -0.03296528326359793, "log10_eta": -1.617357806984037, "log10_lambda": -4.699500172866535, "log10_min_child_weight": 1.1506406683396548, "log10_subsample": -0.8301700934206779, "max_depth": 8.0, "num_boost_round": 20.0}, "datetime": {"datetime": "2024-01-19 01:10:59", "elapsed": 3567.2741, "delta": 0.004363}}
{"target": -17.708898424564627, "params": {"gamma": 48.07012131839772, "log10_alpha": 0.68774408222282, "log10_colsample_bytree": -0.03296528326359793, "log10_eta": -1.617357806984037, "log10_lambda": -4.699500172866535, "log10_min_child_weight": 1.1506406683396548, "log10_subsample": -0.8301700934206779, "max_depth": 8.0, "num_boost_round": 21.0}, "datetime": {"datetime": "2024-01-19 01:10:59", "elapsed": 3567.278806, "delta": 0.004706}}
{"target": -17.711800185696962, "params": {"gamma": 48.07012131839772, "log10_alpha": 0.68774408222282, "log10_colsample_bytree": -0.03296528326359793, "log10_eta": -1.617357806984037, "log10_lambda": -4.699500172866535, "log10_min_child_weight": 1.1506406683396548, "log10_subsample": -0.8301700934206779, "max_depth": 8.0, "num_boost_round": 22.0}, "datetime": {"datetime": "2024-01-19 01:10:59", "elapsed": 3567.283228, "delta": 0.004422}}
{"target": -17.714177183886452, "params": {"gamma": 48.07012131839772, "log10_alpha": 0.68774408222282, "log10_colsample_bytree": -0.03296528326359793, "log10_eta": -1.617357806984037, "log10_lambda": -4.699500172866535, "log10_min_child_weight": 1.1506406683396548, "log10_subsample": -0.8301700934206779, "max_depth": 8.0, "num_boost_round": 23.0}, "datetime": {"datetime": "2024-01-19 01:10:59", "elapsed": 3567.287638, "delta": 0.00441}}
{"target": -17.716619173277014, "params": {"gamma": 48.07012131839772, "log10_alpha": 0.68774408222282, "log10_colsample_bytree": -0.03296528326359793, "log10_eta": -1.617357806984037, "log10_lambda": -4.699500172866535, "log10_min_child_weight": 1.1506406683396548, "log10_subsample": -0.8301700934206779, "max_depth": 8.0, "num_boost_round": 24.0}, "datetime": {"datetime": "2024-01-19 01:10:59", "elapsed": 3567.292187, "delta": 0.004549}}
{"target": -17.7191523594712, "params": {"gamma": 48.07012131839772, "log10_alpha": 0.68774408222282, "log10_colsample_bytree": -0.03296528326359793, "log10_eta": -1.617357806984037, "log10_lambda": -4.699500172866535, "log10_min_child_weight": 1.1506406683396548, "log10_subsample": -0.8301700934206779, "max_depth": 8.0, "num_boost_round": 25.0}, "datetime": {"datetime": "2024-01-19 01:10:59", "elapsed": 3567.29657, "delta": 0.004383}}
{"target": -17.72363488254094, "params": {"gamma": 48.07012131839772, "log10_alpha": 0.68774408222282, "log10_colsample_bytree": -0.03296528326359793, "log10_eta": -1.617357806984037, "log10_lambda": -4.699500172866535, "log10_min_child_weight": 1.1506406683396548, "log10_subsample": -0.8301700934206779, "max_depth": 8.0, "num_boost_round": 26.0}, "datetime": {"datetime": "2024-01-19 01:10:59", "elapsed": 3567.300999, "delta": 0.004429}}
{"target": -17.72509614277934, "params": {"gamma": 48.07012131839772, "log10_alpha": 0.68774408222282, "log10_colsample_bytree": -0.03296528326359793, "log10_eta": -1.617357806984037, "log10_lambda": -4.699500172866535, "log10_min_child_weight": 1.1506406683396548, "log10_subsample": -0.8301700934206779, "max_depth": 8.0, "num_boost_round": 27.0}, "datetime": {"datetime": "2024-01-19 01:10:59", "elapsed": 3567.305427, "delta": 0.004428}}
{"target": -17.726483358664307, "params": {"gamma": 48.07012131839772, "log10_alpha": 0.68774408222282, "log10_colsample_bytree": -0.03296528326359793, "log10_eta": -1.617357806984037, "log10_lambda": -4.699500172866535, "log10_min_child_weight": 1.1506406683396548, "log10_subsample": -0.8301700934206779, "max_depth": 8.0, "num_boost_round": 28.0}, "datetime": {"datetime": "2024-01-19 01:11:00", "elapsed": 3567.430841, "delta": 0.125414}}
{"target": -17.72549635596836, "params": {"gamma": 48.07012131839772, "log10_alpha": 0.68774408222282, "log10_colsample_bytree": -0.03296528326359793, "log10_eta": -1.617357806984037, "log10_lambda": -4.699500172866535, "log10_min_child_weight": 1.1506406683396548, "log10_subsample": -0.8301700934206779, "max_depth": 8.0, "num_boost_round": 29.0}, "datetime": {"datetime": "2024-01-19 01:11:00", "elapsed": 3567.436245, "delta": 0.005404}}
{"target": -17.727668947006403, "params": {"gamma": 48.07012131839772, "log10_alpha": 0.68774408222282, "log10_colsample_bytree": -0.03296528326359793, "log10_eta": -1.617357806984037, "log10_lambda": -4.699500172866535, "log10_min_child_weight": 1.1506406683396548, "log10_subsample": -0.8301700934206779, "max_depth": 8.0, "num_boost_round": 30.0}, "datetime": {"datetime": "2024-01-19 01:11:00", "elapsed": 3567.441726, "delta": 0.005481}}
{"target": -17.73080279527899, "params": {"gamma": 48.07012131839772, "log10_alpha": 0.68774408222282, "log10_colsample_bytree": -0.03296528326359793, "log10_eta": -1.617357806984037, "log10_lambda": -4.699500172866535, "log10_min_child_weight": 1.1506406683396548, "log10_subsample": -0.8301700934206779, "max_depth": 8.0, "num_boost_round": 31.0}, "datetime": {"datetime": "2024-01-19 01:11:00", "elapsed": 3567.447058, "delta": 0.005332}}
{"target": -17.73359656507032, "params": {"gamma": 48.07012131839772, "log10_alpha": 0.68774408222282, "log10_colsample_bytree": -0.03296528326359793, "log10_eta": -1.617357806984037, "log10_lambda": -4.699500172866535, "log10_min_child_weight": 1.1506406683396548, "log10_subsample": -0.8301700934206779, "max_depth": 8.0, "num_boost_round": 32.0}, "datetime": {"datetime": "2024-01-19 01:11:00", "elapsed": 3567.45206, "delta": 0.005002}}
{"target": -17.677225306818535, "params": {"gamma": 753.7190031636763, "log10_alpha": 1.0, "log10_colsample_bytree": 0.0, "log10_eta": -4.0, "log10_lambda": 1.0, "log10_min_child_weight": 0.0, "log10_subsample": 0.0, "max_depth": 7.0, "num_boost_round": 0.0}, "datetime": {"datetime": "2024-01-19 01:11:54", "elapsed": 3621.362105, "delta": 53.910045}}
{"target": -17.67721768917135, "params": {"gamma": 753.7190031636763, "log10_alpha": 1.0, "log10_colsample_bytree": 0.0, "log10_eta": -4.0, "log10_lambda": 1.0, "log10_min_child_weight": 0.0, "log10_subsample": 0.0, "max_depth": 7.0, "num_boost_round": 1.0}, "datetime": {"datetime": "2024-01-19 01:11:54", "elapsed": 3621.368382, "delta": 0.006277}}
{"target": -17.677210005294093, "params": {"gamma": 753.7190031636763, "log10_alpha": 1.0, "log10_colsample_bytree": 0.0, "log10_eta": -4.0, "log10_lambda": 1.0, "log10_min_child_weight": 0.0, "log10_subsample": 0.0, "max_depth": 7.0, "num_boost_round": 2.0}, "datetime": {"datetime": "2024-01-19 01:11:54", "elapsed": 3621.373134, "delta": 0.004752}}
{"target": -17.677202405713178, "params": {"gamma": 753.7190031636763, "log10_alpha": 1.0, "log10_colsample_bytree": 0.0, "log10_eta": -4.0, "log10_lambda": 1.0, "log10_min_child_weight": 0.0, "log10_subsample": 0.0, "max_depth": 7.0, "num_boost_round": 3.0}, "datetime": {"datetime": "2024-01-19 01:11:54", "elapsed": 3621.377708, "delta": 0.004574}}
{"target": -17.67719479303242, "params": {"gamma": 753.7190031636763, "log10_alpha": 1.0, "log10_colsample_bytree": 0.0, "log10_eta": -4.0, "log10_lambda": 1.0, "log10_min_child_weight": 0.0, "log10_subsample": 0.0, "max_depth": 7.0, "num_boost_round": 4.0}, "datetime": {"datetime": "2024-01-19 01:11:54", "elapsed": 3621.382382, "delta": 0.004674}}
{"target": -17.67718719019799, "params": {"gamma": 753.7190031636763, "log10_alpha": 1.0, "log10_colsample_bytree": 0.0, "log10_eta": -4.0, "log10_lambda": 1.0, "log10_min_child_weight": 0.0, "log10_subsample": 0.0, "max_depth": 7.0, "num_boost_round": 5.0}, "datetime": {"datetime": "2024-01-19 01:11:54", "elapsed": 3621.387108, "delta": 0.004726}}
{"target": -17.677179594259588, "params": {"gamma": 753.7190031636763, "log10_alpha": 1.0, "log10_colsample_bytree": 0.0, "log10_eta": -4.0, "log10_lambda": 1.0, "log10_min_child_weight": 0.0, "log10_subsample": 0.0, "max_depth": 7.0, "num_boost_round": 6.0}, "datetime": {"datetime": "2024-01-19 01:11:54", "elapsed": 3621.391965, "delta": 0.004857}}
{"target": -17.677172025467666, "params": {"gamma": 753.7190031636763, "log10_alpha": 1.0, "log10_colsample_bytree": 0.0, "log10_eta": -4.0, "log10_lambda": 1.0, "log10_min_child_weight": 0.0, "log10_subsample": 0.0, "max_depth": 7.0, "num_boost_round": 7.0}, "datetime": {"datetime": "2024-01-19 01:11:54", "elapsed": 3621.39675, "delta": 0.004785}}
{"target": -17.677164440649925, "params": {"gamma": 753.7190031636763, "log10_alpha": 1.0, "log10_colsample_bytree": 0.0, "log10_eta": -4.0, "log10_lambda": 1.0, "log10_min_child_weight": 0.0, "log10_subsample": 0.0, "max_depth": 7.0, "num_boost_round": 8.0}, "datetime": {"datetime": "2024-01-19 01:11:54", "elapsed": 3621.401537, "delta": 0.004787}}
{"target": -17.677156904737775, "params": {"gamma": 753.7190031636763, "log10_alpha": 1.0, "log10_colsample_bytree": 0.0, "log10_eta": -4.0, "log10_lambda": 1.0, "log10_min_child_weight": 0.0, "log10_subsample": 0.0, "max_depth": 7.0, "num_boost_round": 9.0}, "datetime": {"datetime": "2024-01-19 01:11:54", "elapsed": 3621.406196, "delta": 0.004659}}
{"target": -17.67721535370055, "params": {"gamma": 742.2929048661349, "log10_alpha": -4.630678627009305, "log10_colsample_bytree": -0.29356736070180967, "log10_eta": -3.6905311162981334, "log10_lambda": -4.8579620040887335, "log10_min_child_weight": 3.0629478269126875, "log10_subsample": -0.48117184488580744, "max_depth": 9.0, "num_boost_round": 0.0}, "datetime": {"datetime": "2024-01-19 01:12:55", "elapsed": 3683.012369, "delta": 61.606173}}
{"target": -17.677205827170383, "params": {"gamma": 742.2929048661349, "log10_alpha": -4.630678627009305, "log10_colsample_bytree": -0.29356736070180967, "log10_eta": -3.6905311162981334, "log10_lambda": -4.8579620040887335, "log10_min_child_weight": 3.0629478269126875, "log10_subsample": -0.48117184488580744, "max_depth": 9.0, "num_boost_round": 1.0}, "datetime": {"datetime": "2024-01-19 01:12:55", "elapsed": 3683.017188, "delta": 0.004819}}
{"target": -17.677190435010186, "params": {"gamma": 742.2929048661349, "log10_alpha": -4.630678627009305, "log10_colsample_bytree": -0.29356736070180967, "log10_eta": -3.6905311162981334, "log10_lambda": -4.8579620040887335, "log10_min_child_weight": 3.0629478269126875, "log10_subsample": -0.48117184488580744, "max_depth": 9.0, "num_boost_round": 2.0}, "datetime": {"datetime": "2024-01-19 01:12:55", "elapsed": 3683.021695, "delta": 0.004507}}
{"target": -17.677186017660336, "params": {"gamma": 742.2929048661349, "log10_alpha": -4.630678627009305, "log10_colsample_bytree": -0.29356736070180967, "log10_eta": -3.6905311162981334, "log10_lambda": -4.8579620040887335, "log10_min_child_weight": 3.0629478269126875, "log10_subsample": -0.48117184488580744, "max_depth": 9.0, "num_boost_round": 3.0}, "datetime": {"datetime": "2024-01-19 01:12:55", "elapsed": 3683.02625, "delta": 0.004555}}
{"target": -17.677178231028208, "params": {"gamma": 742.2929048661349, "log10_alpha": -4.630678627009305, "log10_colsample_bytree": -0.29356736070180967, "log10_eta": -3.6905311162981334, "log10_lambda": -4.8579620040887335, "log10_min_child_weight": 3.0629478269126875, "log10_subsample": -0.48117184488580744, "max_depth": 9.0, "num_boost_round": 4.0}, "datetime": {"datetime": "2024-01-19 01:12:55", "elapsed": 3683.030995, "delta": 0.004745}}
{"target": -17.67716983821503, "params": {"gamma": 742.2929048661349, "log10_alpha": -4.630678627009305, "log10_colsample_bytree": -0.29356736070180967, "log10_eta": -3.6905311162981334, "log10_lambda": -4.8579620040887335, "log10_min_child_weight": 3.0629478269126875, "log10_subsample": -0.48117184488580744, "max_depth": 9.0, "num_boost_round": 5.0}, "datetime": {"datetime": "2024-01-19 01:12:55", "elapsed": 3683.035757, "delta": 0.004762}}
{"target": -17.677167285235523, "params": {"gamma": 742.2929048661349, "log10_alpha": -4.630678627009305, "log10_colsample_bytree": -0.29356736070180967, "log10_eta": -3.6905311162981334, "log10_lambda": -4.8579620040887335, "log10_min_child_weight": 3.0629478269126875, "log10_subsample": -0.48117184488580744, "max_depth": 9.0, "num_boost_round": 6.0}, "datetime": {"datetime": "2024-01-19 01:12:55", "elapsed": 3683.040453, "delta": 0.004696}}
{"target": -17.677156417802518, "params": {"gamma": 742.2929048661349, "log10_alpha": -4.630678627009305, "log10_colsample_bytree": -0.29356736070180967, "log10_eta": -3.6905311162981334, "log10_lambda": -4.8579620040887335, "log10_min_child_weight": 3.0629478269126875, "log10_subsample": -0.48117184488580744, "max_depth": 9.0, "num_boost_round": 7.0}, "datetime": {"datetime": "2024-01-19 01:12:55", "elapsed": 3683.044848, "delta": 0.004395}}
{"target": -17.677158612636404, "params": {"gamma": 742.2929048661349, "log10_alpha": -4.630678627009305, "log10_colsample_bytree": -0.29356736070180967, "log10_eta": -3.6905311162981334, "log10_lambda": -4.8579620040887335, "log10_min_child_weight": 3.0629478269126875, "log10_subsample": -0.48117184488580744, "max_depth": 9.0, "num_boost_round": 8.0}, "datetime": {"datetime": "2024-01-19 01:12:55", "elapsed": 3683.049345, "delta": 0.004497}}
{"target": -17.677143209939242, "params": {"gamma": 742.2929048661349, "log10_alpha": -4.630678627009305, "log10_colsample_bytree": -0.29356736070180967, "log10_eta": -3.6905311162981334, "log10_lambda": -4.8579620040887335, "log10_min_child_weight": 3.0629478269126875, "log10_subsample": -0.48117184488580744, "max_depth": 9.0, "num_boost_round": 9.0}, "datetime": {"datetime": "2024-01-19 01:12:55", "elapsed": 3683.053917, "delta": 0.004572}}
{"target": -17.67713780234812, "params": {"gamma": 742.2929048661349, "log10_alpha": -4.630678627009305, "log10_colsample_bytree": -0.29356736070180967, "log10_eta": -3.6905311162981334, "log10_lambda": -4.8579620040887335, "log10_min_child_weight": 3.0629478269126875, "log10_subsample": -0.48117184488580744, "max_depth": 9.0, "num_boost_round": 10.0}, "datetime": {"datetime": "2024-01-19 01:12:55", "elapsed": 3683.058289, "delta": 0.004372}}
{"target": -17.677125316568585, "params": {"gamma": 742.2929048661349, "log10_alpha": -4.630678627009305, "log10_colsample_bytree": -0.29356736070180967, "log10_eta": -3.6905311162981334, "log10_lambda": -4.8579620040887335, "log10_min_child_weight": 3.0629478269126875, "log10_subsample": -0.48117184488580744, "max_depth": 9.0, "num_boost_round": 11.0}, "datetime": {"datetime": "2024-01-19 01:12:55", "elapsed": 3683.06283, "delta": 0.004541}}
{"target": -17.67712992057062, "params": {"gamma": 742.2929048661349, "log10_alpha": -4.630678627009305, "log10_colsample_bytree": -0.29356736070180967, "log10_eta": -3.6905311162981334, "log10_lambda": -4.8579620040887335, "log10_min_child_weight": 3.0629478269126875, "log10_subsample": -0.48117184488580744, "max_depth": 9.0, "num_boost_round": 12.0}, "datetime": {"datetime": "2024-01-19 01:12:55", "elapsed": 3683.067477, "delta": 0.004647}}
{"target": -17.677122688742656, "params": {"gamma": 742.2929048661349, "log10_alpha": -4.630678627009305, "log10_colsample_bytree": -0.29356736070180967, "log10_eta": -3.6905311162981334, "log10_lambda": -4.8579620040887335, "log10_min_child_weight": 3.0629478269126875, "log10_subsample": -0.48117184488580744, "max_depth": 9.0, "num_boost_round": 13.0}, "datetime": {"datetime": "2024-01-19 01:12:55", "elapsed": 3683.071894, "delta": 0.004417}}
{"target": -17.67712080214682, "params": {"gamma": 742.2929048661349, "log10_alpha": -4.630678627009305, "log10_colsample_bytree": -0.29356736070180967, "log10_eta": -3.6905311162981334, "log10_lambda": -4.8579620040887335, "log10_min_child_weight": 3.0629478269126875, "log10_subsample": -0.48117184488580744, "max_depth": 9.0, "num_boost_round": 14.0}, "datetime": {"datetime": "2024-01-19 01:12:55", "elapsed": 3683.076461, "delta": 0.004567}}
{"target": -17.677115919214607, "params": {"gamma": 742.2929048661349, "log10_alpha": -4.630678627009305, "log10_colsample_bytree": -0.29356736070180967, "log10_eta": -3.6905311162981334, "log10_lambda": -4.8579620040887335, "log10_min_child_weight": 3.0629478269126875, "log10_subsample": -0.48117184488580744, "max_depth": 9.0, "num_boost_round": 15.0}, "datetime": {"datetime": "2024-01-19 01:12:55", "elapsed": 3683.081142, "delta": 0.004681}}
{"target": -17.67710595969351, "params": {"gamma": 742.2929048661349, "log10_alpha": -4.630678627009305, "log10_colsample_bytree": -0.29356736070180967, "log10_eta": -3.6905311162981334, "log10_lambda": -4.8579620040887335, "log10_min_child_weight": 3.0629478269126875, "log10_subsample": -0.48117184488580744, "max_depth": 9.0, "num_boost_round": 16.0}, "datetime": {"datetime": "2024-01-19 01:12:55", "elapsed": 3683.0856, "delta": 0.004458}}
{"target": -17.67710296711397, "params": {"gamma": 742.2929048661349, "log10_alpha": -4.630678627009305, "log10_colsample_bytree": -0.29356736070180967, "log10_eta": -3.6905311162981334, "log10_lambda": -4.8579620040887335, "log10_min_child_weight": 3.0629478269126875, "log10_subsample": -0.48117184488580744, "max_depth": 9.0, "num_boost_round": 17.0}, "datetime": {"datetime": "2024-01-19 01:12:55", "elapsed": 3683.090339, "delta": 0.004739}}
{"target": -17.677102124224145, "params": {"gamma": 742.2929048661349, "log10_alpha": -4.630678627009305, "log10_colsample_bytree": -0.29356736070180967, "log10_eta": -3.6905311162981334, "log10_lambda": -4.8579620040887335, "log10_min_child_weight": 3.0629478269126875, "log10_subsample": -0.48117184488580744, "max_depth": 9.0, "num_boost_round": 18.0}, "datetime": {"datetime": "2024-01-19 01:12:55", "elapsed": 3683.095012, "delta": 0.004673}}
{"target": -17.67709237527447, "params": {"gamma": 742.2929048661349, "log10_alpha": -4.630678627009305, "log10_colsample_bytree": -0.29356736070180967, "log10_eta": -3.6905311162981334, "log10_lambda": -4.8579620040887335, "log10_min_child_weight": 3.0629478269126875, "log10_subsample": -0.48117184488580744, "max_depth": 9.0, "num_boost_round": 19.0}, "datetime": {"datetime": "2024-01-19 01:12:55", "elapsed": 3683.099486, "delta": 0.004474}}
