{"target": -17.6772329212264, "params": {"gamma": 429.4869635519455, "log10_alpha": -5.0, "log10_colsample_bytree": -1.0, "log10_eta": -4.0, "log10_lambda": 1.0, "log10_min_child_weight": 5.0, "log10_subsample": -1.0, "max_depth": 3.0, "num_boost_round": 45.0}, "datetime": {"datetime": "2024-01-19 00:45:28", "elapsed": 2021.648495, "delta": 0.002885}}
{"target": -17.67723290504662, "params": {"gamma": 429.4869635519455, "log10_alpha": -5.0, "log10_colsample_bytree": -1.0, "log10_eta": -4.0, "log10_lambda": 1.0, "log10_min_child_weight": 5.0, "log10_subsample": -1.0, "max_depth": 3.0, "num_boost_round": 46.0}, "datetime": {"datetime": "2024-01-19 00:45:29", "elapsed": 2021.652025, "delta": 0.00353}}
{"target": -17.67723294359003, "params": {"gamma": 429.4869635519455, "log10_alpha": -5.0, "log10_colsample_bytree": -1.0, "log10_eta": -4.0, "log10_lambda": 1.0, "log10_min_child_weight": 5.0, "log10_subsample": -1.0, "max_depth": 3.0, "num_boost_round": 47.0}, "datetime": {"datetime": "2024-01-19 00:45:29", "elapsed": 2021.655077, "delta": 0.003052}}
{"target": -17.67723290504152, "params": {"gamma": 429.4869635519455, "log10_alpha": -5.0, "log10_colsample_bytree": -1.0, "log10_eta": -4.0, "log10_lambda": 1.0, "log10_min_child_weight": 5.0, "log10_subsample": -1.0, "max_depth": 3.0, "num_boost_round": 48.0}, "datetime": {"datetime": "2024-01-19 00:45:29", "elapsed": 2021.658112, "delta": 0.003035}}
{"target": -17.67723290457037, "params": {"gamma": 429.4869635519455, "log10_alpha": -5.0, "log10_colsample_bytree": -1.0, "log10_eta": -4.0, "log10_lambda": 1.0, "log10_min_child_weight": 5.0, "log10_subsample": -1.0, "max_depth": 3.0, "num_boost_round": 49.0}, "datetime": {"datetime": "2024-01-19 00:45:29", "elapsed": 2021.660999, "delta": 0.002887}}
{"target": -17.67723288373595, "params": {"gamma": 429.4869635519455, "log10_alpha": -5.0, "log10_colsample_bytree": -1.0, "log10_eta": -4.0, "log10_lambda": 1.0, "log10_min_child_weight": 5.0, "log10_subsample": -1.0, "max_depth": 3.0, "num_boost_round": 50.0}, "datetime": {"datetime": "2024-01-19 00:45:29", "elapsed": 2021.663896, "delta": 0.002897}}
{"target": -17.677232882879274, "params": {"gamma": 429.4869635519455, "log10_alpha": -5.0, "log10_colsample_bytree": -1.0, "log10_eta": -4.0, "log10_lambda": 1.0, "log10_min_child_weight": 5.0, "log10_subsample": -1.0, "max_depth": 3.0, "num_boost_round": 51.0}, "datetime": {"datetime": "2024-01-19 00:45:29", "elapsed": 2021.666768, "delta": 0.002872}}
{"target": -17.67723288312572, "params": {"gamma": 429.4869635519455, "log10_alpha": -5.0, "log10_colsample_bytree": -1.0, "log10_eta": -4.0, "log10_lambda": 1.0, "log10_min_child_weight": 5.0, "log10_subsample": -1.0, "max_depth": 3.0, "num_boost_round": 52.0}, "datetime": {"datetime": "2024-01-19 00:45:29", "elapsed": 2021.669681, "delta": 0.002913}}
{"target": -17.67723290450313, "params": {"gamma": 429.4869635519455, "log10_alpha": -5.0, "log10_colsample_bytree": -1.0, "log10_eta": -4.0, "log10_lambda": 1.0, "log10_min_child_weight": 5.0, "log10_subsample": -1.0, "max_depth": 3.0, "num_boost_round": 53.0}, "datetime": {"datetime": "2024-01-19 00:45:29", "elapsed": 2021.672658, "delta": 0.002977}}
{"target": -17.677188681086292, "params": {"gamma": 443.9804297205912, "log10_alpha": -5.0, "log10_colsample_bytree": -1.0, "log10_eta": -2.2331808289832416, "log10_lambda": -3.149564175219266, "log10_min_child_weight": 5.0, "log10_subsample": -0.36756591501101005, "max_depth": 5.0, "num_boost_round": 0.0}, "datetime": {"datetime": "2024-01-19 00:46:16", "elapsed": 2069.633095, "delta": 47.960437}}
{"target": -17.6770961663691, "params": {"gamma": 443.9804297205912, "log10_alpha": -5.0, "log10_colsample_bytree": -1.0, "log10_eta": -2.2331808289832416, "log10_lambda": -3.149564175219266, "log10_min_child_weight": 5.0, "log10_subsample": -0.36756591501101005, "max_depth": 5.0, "num_boost_round": 1.0}, "datetime": {"datetime": "2024-01-19 00:46:16", "elapsed": 2069.637356, "delta": 0.004261}}
{"target": -17.677051392794514, "params": {"gamma": 443.9804297205912, "log10_alpha": -5.0, "log10_colsample_bytree": -1.0, "log10_eta": -2.2331808289832416, "log10_lambda": -3.149564175219266, "log10_min_child_weight": 5.0, "log10_subsample": -0.36756591501101005, "max_depth": 5.0, "num_boost_round": 2.0}, "datetime": {"datetime": "2024-01-19 00:46:16", "elapsed": 2069.640458, "delta": 0.003102}}
{"target": -17.677023249173633, "params": {"gamma": 443.9804297205912, "log10_alpha": -5.0, "log10_colsample_bytree": -1.0, "log10_eta": -2.2331808289832416, "log10_lambda": -3.149564175219266, "log10_min_child_weight": 5.0, "log10_subsample": -0.36756591501101005, "max_depth": 5.0, "num_boost_round": 3.0}, "datetime": {"datetime": "2024-01-19 00:46:16", "elapsed": 2069.643673, "delta": 0.003215}}
{"target": -17.676963327787817, "params": {"gamma": 443.9804297205912, "log10_alpha": -5.0, "log10_colsample_bytree": -1.0, "log10_eta": -2.2331808289832416, "log10_lambda": -3.149564175219266, "log10_min_child_weight": 5.0, "log10_subsample": -0.36756591501101005, "max_depth": 5.0, "num_boost_round": 4.0}, "datetime": {"datetime": "2024-01-19 00:46:16", "elapsed": 2069.646772, "delta": 0.003099}}
{"target": -17.676931556749018, "params": {"gamma": 443.9804297205912, "log10_alpha": -5.0, "log10_colsample_bytree": -1.0, "log10_eta": -2.2331808289832416, "log10_lambda": -3.149564175219266, "log10_min_child_weight": 5.0, "log10_subsample": -0.36756591501101005, "max_depth": 5.0, "num_boost_round": 5.0}, "datetime": {"datetime": "2024-01-19 00:46:17", "elapsed": 2069.649838, "delta": 0.003066}}
{"target": -17.67687760722803, "params": {"gamma": 443.9804297205912, "log10_alpha": -5.0, "log10_colsample_bytree": -1.0, "log10_eta": -2.2331808289832416, "log10_lambda": -3.149564175219266, "log10_min_child_weight": 5.0, "log10_subsample": -0.36756591501101005, "max_depth": 5.0, "num_boost_round": 6.0}, "datetime": {"datetime": "2024-01-19 00:46:17", "elapsed": 2069.653268, "delta": 0.00343}}
{"target": -17.67682413888319, "params": {"gamma": 443.9804297205912, "log10_alpha": -5.0, "log10_colsample_bytree": -1.0, "log10_eta": -2.2331808289832416, "log10_lambda": -3.149564175219266, "log10_min_child_weight": 5.0, "log10_subsample": -0.36756591501101005, "max_depth": 5.0, "num_boost_round": 7.0}, "datetime": {"datetime": "2024-01-19 00:46:17", "elapsed": 2069.656442, "delta": 0.003174}}
{"target": -17.676809839842516, "params": {"gamma": 443.9804297205912, "log10_alpha": -5.0, "log10_colsample_bytree": -1.0, "log10_eta": -2.2331808289832416, "log10_lambda": -3.149564175219266, "log10_min_child_weight": 5.0, "log10_subsample": -0.36756591501101005, "max_depth": 5.0, "num_boost_round": 8.0}, "datetime": {"datetime": "2024-01-19 00:46:17", "elapsed": 2069.659455, "delta": 0.003013}}
{"target": -17.676796971374348, "params": {"gamma": 443.9804297205912, "log10_alpha": -5.0, "log10_colsample_bytree": -1.0, "log10_eta": -2.2331808289832416, "log10_lambda": -3.149564175219266, "log10_min_child_weight": 5.0, "log10_subsample": -0.36756591501101005, "max_depth": 5.0, "num_boost_round": 9.0}, "datetime": {"datetime": "2024-01-19 00:46:17", "elapsed": 2069.662544, "delta": 0.003089}}
{"target": -17.677226922821603, "params": {"gamma": 455.03951344466975, "log10_alpha": -4.493329464999037, "log10_colsample_bytree": -0.6428014845115245, "log10_eta": -3.4397852687684694, "log10_lambda": -4.341730668958714, "log10_min_child_weight": 2.023670932898469, "log10_subsample": -0.4127141674025141, "max_depth": 8.0, "num_boost_round": 0.0}, "datetime": {"datetime": "2024-01-19 00:47:02", "elapsed": 2115.568486, "delta": 45.905942}}
{"target": -17.67720264472902, "params": {"gamma": 455.03951344466975, "log10_alpha": -4.493329464999037, "log10_colsample_bytree": -0.6428014845115245, "log10_eta": -3.4397852687684694, "log10_lambda": -4.341730668958714, "log10_min_child_weight": 2.023670932898469, "log10_subsample": -0.4127141674025141, "max_depth": 8.0, "num_boost_round": 1.0}, "datetime": {"datetime": "2024-01-19 00:47:02", "elapsed": 2115.572302, "delta": 0.003816}}
{"target": -17.67716983164217, "params": {"gamma": 455.03951344466975, "log10_alpha": -4.493329464999037, "log10_colsample_bytree": -0.6428014845115245, "log10_eta": -3.4397852687684694, "log10_lambda": -4.341730668958714, "log10_min_child_weight": 2.023670932898469, "log10_subsample": -0.4127141674025141, "max_depth": 8.0, "num_boost_round": 2.0}, "datetime": {"datetime": "2024-01-19 00:47:02", "elapsed": 2115.575407, "delta": 0.003105}}
{"target": -17.67714306922236, "params": {"gamma": 455.03951344466975, "log10_alpha": -4.493329464999037, "log10_colsample_bytree": -0.6428014845115245, "log10_eta": -3.4397852687684694, "log10_lambda": -4.341730668958714, "log10_min_child_weight": 2.023670932898469, "log10_subsample": -0.4127141674025141, "max_depth": 8.0, "num_boost_round": 3.0}, "datetime": {"datetime": "2024-01-19 00:47:02", "elapsed": 2115.578416, "delta": 0.003009}}
{"target": -17.677117282821154, "params": {"gamma": 455.03951344466975, "log10_alpha": -4.493329464999037, "log10_colsample_bytree": -0.6428014845115245, "log10_eta": -3.4397852687684694, "log10_lambda": -4.341730668958714, "log10_min_child_weight": 2.023670932898469, "log10_subsample": -0.4127141674025141, "max_depth": 8.0, "num_boost_round": 4.0}, "datetime": {"datetime": "2024-01-19 00:47:02", "elapsed": 2115.581546, "delta": 0.00313}}
{"target": -17.677075592357394, "params": {"gamma": 455.03951344466975, "log10_alpha": -4.493329464999037, "log10_colsample_bytree": -0.6428014845115245, "log10_eta": -3.4397852687684694, "log10_lambda": -4.341730668958714, "log10_min_child_weight": 2.023670932898469, "log10_subsample": -0.4127141674025141, "max_depth": 8.0, "num_boost_round": 5.0}, "datetime": {"datetime": "2024-01-19 00:47:02", "elapsed": 2115.584507, "delta": 0.002961}}
{"target": -17.677075961034706, "params": {"gamma": 455.03951344466975, "log10_alpha": -4.493329464999037, "log10_colsample_bytree": -0.6428014845115245, "log10_eta": -3.4397852687684694, "log10_lambda": -4.341730668958714, "log10_min_child_weight": 2.023670932898469, "log10_subsample": -0.4127141674025141, "max_depth": 8.0, "num_boost_round": 6.0}, "datetime": {"datetime": "2024-01-19 00:47:02", "elapsed": 2115.587573, "delta": 0.003066}}
{"target": -17.677058046199512, "params": {"gamma": 455.03951344466975, "log10_alpha": -4.493329464999037, "log10_colsample_bytree": -0.6428014845115245, "log10_eta": -3.4397852687684694, "log10_lambda": -4.341730668958714, "log10_min_child_weight": 2.023670932898469, "log10_subsample": -0.4127141674025141, "max_depth": 8.0, "num_boost_round": 7.0}, "datetime": {"datetime": "2024-01-19 00:47:02", "elapsed": 2115.590695, "delta": 0.003122}}
{"target": -17.677040920008338, "params": {"gamma": 455.03951344466975, "log10_alpha": -4.493329464999037, "log10_colsample_bytree": -0.6428014845115245, "log10_eta": -3.4397852687684694, "log10_lambda": -4.341730668958714, "log10_min_child_weight": 2.023670932898469, "log10_subsample": -0.4127141674025141, "max_depth": 8.0, "num_boost_round": 8.0}, "datetime": {"datetime": "2024-01-19 00:47:02", "elapsed": 2115.593703, "delta": 0.003008}}
{"target": -17.67703009990391, "params": {"gamma": 455.03951344466975, "log10_alpha": -4.493329464999037, "log10_colsample_bytree": -0.6428014845115245, "log10_eta": -3.4397852687684694, "log10_lambda": -4.341730668958714, "log10_min_child_weight": 2.023670932898469, "log10_subsample": -0.4127141674025141, "max_depth": 8.0, "num_boost_round": 9.0}, "datetime": {"datetime": "2024-01-19 00:47:02", "elapsed": 2115.596715, "delta": 0.003012}}
{"target": -17.67699605119422, "params": {"gamma": 455.03951344466975, "log10_alpha": -4.493329464999037, "log10_colsample_bytree": -0.6428014845115245, "log10_eta": -3.4397852687684694, "log10_lambda": -4.341730668958714, "log10_min_child_weight": 2.023670932898469, "log10_subsample": -0.4127141674025141, "max_depth": 8.0, "num_boost_round": 10.0}, "datetime": {"datetime": "2024-01-19 00:47:02", "elapsed": 2115.599732, "delta": 0.003017}}
{"target": -17.677003420215293, "params": {"gamma": 455.03951344466975, "log10_alpha": -4.493329464999037, "log10_colsample_bytree": -0.6428014845115245, "log10_eta": -3.4397852687684694, "log10_lambda": -4.341730668958714, "log10_min_child_weight": 2.023670932898469, "log10_subsample": -0.4127141674025141, "max_depth": 8.0, "num_boost_round": 11.0}, "datetime": {"datetime": "2024-01-19 00:47:02", "elapsed": 2115.602858, "delta": 0.003126}}
{"target": -17.676983194126144, "params": {"gamma": 455.03951344466975, "log10_alpha": -4.493329464999037, "log10_colsample_bytree": -0.6428014845115245, "log10_eta": -3.4397852687684694, "log10_lambda": -4.341730668958714, "log10_min_child_weight": 2.023670932898469, "log10_subsample": -0.4127141674025141, "max_depth": 8.0, "num_boost_round": 12.0}, "datetime": {"datetime": "2024-01-19 00:47:02", "elapsed": 2115.605944, "delta": 0.003086}}
{"target": -17.67697072248534, "params": {"gamma": 455.03951344466975, "log10_alpha": -4.493329464999037, "log10_colsample_bytree": -0.6428014845115245, "log10_eta": -3.4397852687684694, "log10_lambda": -4.341730668958714, "log10_min_child_weight": 2.023670932898469, "log10_subsample": -0.4127141674025141, "max_depth": 8.0, "num_boost_round": 13.0}, "datetime": {"datetime": "2024-01-19 00:47:02", "elapsed": 2115.609218, "delta": 0.003274}}
{"target": -17.67696961880028, "params": {"gamma": 455.03951344466975, "log10_alpha": -4.493329464999037, "log10_colsample_bytree": -0.6428014845115245, "log10_eta": -3.4397852687684694, "log10_lambda": -4.341730668958714, "log10_min_child_weight": 2.023670932898469, "log10_subsample": -0.4127141674025141, "max_depth": 8.0, "num_boost_round": 14.0}, "datetime": {"datetime": "2024-01-19 00:47:02", "elapsed": 2115.612448, "delta": 0.00323}}
{"target": -17.67695929857226, "params": {"gamma": 455.03951344466975, "log10_alpha": -4.493329464999037, "log10_colsample_bytree": -0.6428014845115245, "log10_eta": -3.4397852687684694, "log10_lambda": -4.341730668958714, "log10_min_child_weight": 2.023670932898469, "log10_subsample": -0.4127141674025141, "max_depth": 8.0, "num_boost_round": 15.0}, "datetime": {"datetime": "2024-01-19 00:47:02", "elapsed": 2115.615568, "delta": 0.00312}}
{"target": -17.676962913495693, "params": {"gamma": 455.03951344466975, "log10_alpha": -4.493329464999037, "log10_colsample_bytree": -0.6428014845115245, "log10_eta": -3.4397852687684694, "log10_lambda": -4.341730668958714, "log10_min_child_weight": 2.023670932898469, "log10_subsample": -0.4127141674025141, "max_depth": 8.0, "num_boost_round": 16.0}, "datetime": {"datetime": "2024-01-19 00:47:02", "elapsed": 2115.618685, "delta": 0.003117}}
{"target": -17.676946358335996, "params": {"gamma": 455.03951344466975, "log10_alpha": -4.493329464999037, "log10_colsample_bytree": -0.6428014845115245, "log10_eta": -3.4397852687684694, "log10_lambda": -4.341730668958714, "log10_min_child_weight": 2.023670932898469, "log10_subsample": -0.4127141674025141, "max_depth": 8.0, "num_boost_round": 17.0}, "datetime": {"datetime": "2024-01-19 00:47:02", "elapsed": 2115.621746, "delta": 0.003061}}
{"target": -17.676951694852303, "params": {"gamma": 455.03951344466975, "log10_alpha": -4.493329464999037, "log10_colsample_bytree": -0.6428014845115245, "log10_eta": -3.4397852687684694, "log10_lambda": -4.341730668958714, "log10_min_child_weight": 2.023670932898469, "log10_subsample": -0.4127141674025141, "max_depth": 8.0, "num_boost_round": 18.0}, "datetime": {"datetime": "2024-01-19 00:47:02", "elapsed": 2115.624782, "delta": 0.003036}}
{"target": -17.676920476539895, "params": {"gamma": 455.03951344466975, "log10_alpha": -4.493329464999037, "log10_colsample_bytree": -0.6428014845115245, "log10_eta": -3.4397852687684694, "log10_lambda": -4.341730668958714, "log10_min_child_weight": 2.023670932898469, "log10_subsample": -0.4127141674025141, "max_depth": 8.0, "num_boost_round": 19.0}, "datetime": {"datetime": "2024-01-19 00:47:02", "elapsed": 2115.627905, "delta": 0.003123}}
{"target": -17.676899868099717, "params": {"gamma": 455.03951344466975, "log10_alpha": -4.493329464999037, "log10_colsample_bytree": -0.6428014845115245, "log10_eta": -3.4397852687684694, "log10_lambda": -4.341730668958714, "log10_min_child_weight": 2.023670932898469, "log10_subsample": -0.4127141674025141, "max_depth": 8.0, "num_boost_round": 20.0}, "datetime": {"datetime": "2024-01-19 00:47:02", "elapsed": 2115.630966, "delta": 0.003061}}
{"target": -17.67688160640232, "params": {"gamma": 455.03951344466975, "log10_alpha": -4.493329464999037, "log10_colsample_bytree": -0.6428014845115245, "log10_eta": -3.4397852687684694, "log10_lambda": -4.341730668958714, "log10_min_child_weight": 2.023670932898469, "log10_subsample": -0.4127141674025141, "max_depth": 8.0, "num_boost_round": 21.0}, "datetime": {"datetime": "2024-01-19 00:47:02", "elapsed": 2115.634089, "delta": 0.003123}}
{"target": -17.676855291107042, "params": {"gamma": 455.03951344466975, "log10_alpha": -4.493329464999037, "log10_colsample_bytree": -0.6428014845115245, "log10_eta": -3.4397852687684694, "log10_lambda": -4.341730668958714, "log10_min_child_weight": 2.023670932898469, "log10_subsample": -0.4127141674025141, "max_depth": 8.0, "num_boost_round": 22.0}, "datetime": {"datetime": "2024-01-19 00:47:02", "elapsed": 2115.637213, "delta": 0.003124}}
{"target": -17.676831468982762, "params": {"gamma": 455.03951344466975, "log10_alpha": -4.493329464999037, "log10_colsample_bytree": -0.6428014845115245, "log10_eta": -3.4397852687684694, "log10_lambda": -4.341730668958714, "log10_min_child_weight": 2.023670932898469, "log10_subsample": -0.4127141674025141, "max_depth": 8.0, "num_boost_round": 23.0}, "datetime": {"datetime": "2024-01-19 00:47:02", "elapsed": 2115.640317, "delta": 0.003104}}
{"target": -17.676821170360554, "params": {"gamma": 455.03951344466975, "log10_alpha": -4.493329464999037, "log10_colsample_bytree": -0.6428014845115245, "log10_eta": -3.4397852687684694, "log10_lambda": -4.341730668958714, "log10_min_child_weight": 2.023670932898469, "log10_subsample": -0.4127141674025141, "max_depth": 8.0, "num_boost_round": 24.0}, "datetime": {"datetime": "2024-01-19 00:47:02", "elapsed": 2115.643389, "delta": 0.003072}}
{"target": -17.67721090231044, "params": {"gamma": 451.88659565497215, "log10_alpha": -2.124416460804369, "log10_colsample_bytree": -0.7640645927549642, "log10_eta": -3.2294872908132612, "log10_lambda": -3.9732806470734348, "log10_min_child_weight": 1.2410438211947517, "log10_subsample": -0.7011345863207313, "max_depth": 8.0, "num_boost_round": 0.0}, "datetime": {"datetime": "2024-01-19 00:47:43", "elapsed": 2156.395938, "delta": 40.752549}}
{"target": -17.67719396526981, "params": {"gamma": 451.88659565497215, "log10_alpha": -2.124416460804369, "log10_colsample_bytree": -0.7640645927549642, "log10_eta": -3.2294872908132612, "log10_lambda": -3.9732806470734348, "log10_min_child_weight": 1.2410438211947517, "log10_subsample": -0.7011345863207313, "max_depth": 8.0, "num_boost_round": 1.0}, "datetime": {"datetime": "2024-01-19 00:47:43", "elapsed": 2156.49745, "delta": 0.101512}}
{"target": -17.677169841148004, "params": {"gamma": 451.88659565497215, "log10_alpha": -2.124416460804369, "log10_colsample_bytree": -0.7640645927549642, "log10_eta": -3.2294872908132612, "log10_lambda": -3.9732806470734348, "log10_min_child_weight": 1.2410438211947517, "log10_subsample": -0.7011345863207313, "max_depth": 8.0, "num_boost_round": 2.0}, "datetime": {"datetime": "2024-01-19 00:47:43", "elapsed": 2156.500982, "delta": 0.003532}}
{"target": -17.67713742051512, "params": {"gamma": 451.88659565497215, "log10_alpha": -2.124416460804369, "log10_colsample_bytree": -0.7640645927549642, "log10_eta": -3.2294872908132612, "log10_lambda": -3.9732806470734348, "log10_min_child_weight": 1.2410438211947517, "log10_subsample": -0.7011345863207313, "max_depth": 8.0, "num_boost_round": 3.0}, "datetime": {"datetime": "2024-01-19 00:47:43", "elapsed": 2156.504375, "delta": 0.003393}}
{"target": -17.677061876749452, "params": {"gamma": 451.88659565497215, "log10_alpha": -2.124416460804369, "log10_colsample_bytree": -0.7640645927549642, "log10_eta": -3.2294872908132612, "log10_lambda": -3.9732806470734348, "log10_min_child_weight": 1.2410438211947517, "log10_subsample": -0.7011345863207313, "max_depth": 8.0, "num_boost_round": 4.0}, "datetime": {"datetime": "2024-01-19 00:47:43", "elapsed": 2156.507591, "delta": 0.003216}}
{"target": -17.677044621715506, "params": {"gamma": 451.88659565497215, "log10_alpha": -2.124416460804369, "log10_colsample_bytree": -0.7640645927549642, "log10_eta": -3.2294872908132612, "log10_lambda": -3.9732806470734348, "log10_min_child_weight": 1.2410438211947517, "log10_subsample": -0.7011345863207313, "max_depth": 8.0, "num_boost_round": 5.0}, "datetime": {"datetime": "2024-01-19 00:47:43", "elapsed": 2156.510733, "delta": 0.003142}}
{"target": -17.67702727551932, "params": {"gamma": 451.88659565497215, "log10_alpha": -2.124416460804369, "log10_colsample_bytree": -0.7640645927549642, "log10_eta": -3.2294872908132612, "log10_lambda": -3.9732806470734348, "log10_min_child_weight": 1.2410438211947517, "log10_subsample": -0.7011345863207313, "max_depth": 8.0, "num_boost_round": 6.0}, "datetime": {"datetime": "2024-01-19 00:47:43", "elapsed": 2156.513846, "delta": 0.003113}}
{"target": -17.677010260394916, "params": {"gamma": 451.88659565497215, "log10_alpha": -2.124416460804369, "log10_colsample_bytree": -0.7640645927549642, "log10_eta": -3.2294872908132612, "log10_lambda": -3.9732806470734348, "log10_min_child_weight": 1.2410438211947517, "log10_subsample": -0.7011345863207313, "max_depth": 8.0, "num_boost_round": 7.0}, "datetime": {"datetime": "2024-01-19 00:47:43", "elapsed": 2156.517007, "delta": 0.003161}}
