{"target": -17.67723065639672, "params": {"gamma": 18.532510063161144, "log10_alpha": -4.925029424211079, "log10_colsample_bytree": -0.6044502902553438, "log10_eta": -2.9170520830094384, "log10_lambda": -0.4449107446062506, "log10_min_child_weight": 1.5372423731317952, "log10_subsample": -0.26352700736074575, "max_depth": 8.0, "num_boost_round": 0.0}, "datetime": {"datetime": "2024-01-19 00:29:30", "elapsed": 1124.305453, "delta": 41.264131}}
{"target": -17.677135238498522, "params": {"gamma": 18.532510063161144, "log10_alpha": -4.925029424211079, "log10_colsample_bytree": -0.6044502902553438, "log10_eta": -2.9170520830094384, "log10_lambda": -0.4449107446062506, "log10_min_child_weight": 1.5372423731317952, "log10_subsample": -0.26352700736074575, "max_depth": 8.0, "num_boost_round": 1.0}, "datetime": {"datetime": "2024-01-19 00:29:30", "elapsed": 1124.307508, "delta": 0.002055}}
{"target": -17.677010115715646, "params": {"gamma": 18.532510063161144, "log10_alpha": -4.925029424211079, "log10_colsample_bytree": -0.6044502902553438, "log10_eta": -2.9170520830094384, "log10_lambda": -0.4449107446062506, "log10_min_child_weight": 1.5372423731317952, "log10_subsample": -0.26352700736074575, "max_depth": 8.0, "num_boost_round": 2.0}, "datetime": {"datetime": "2024-01-19 00:29:30", "elapsed": 1124.309091, "delta": 0.001583}}
{"target": -17.676937466750573, "params": {"gamma": 18.532510063161144, "log10_alpha": -4.925029424211079, "log10_colsample_bytree": -0.6044502902553438, "log10_eta": -2.9170520830094384, "log10_lambda": -0.4449107446062506, "log10_min_child_weight": 1.5372423731317952, "log10_subsample": -0.26352700736074575, "max_depth": 8.0, "num_boost_round": 3.0}, "datetime": {"datetime": "2024-01-19 00:29:30", "elapsed": 1124.310562, "delta": 0.001471}}
{"target": -17.67682778470351, "params": {"gamma": 18.532510063161144, "log10_alpha": -4.925029424211079, "log10_colsample_bytree": -0.6044502902553438, "log10_eta": -2.9170520830094384, "log10_lambda": -0.4449107446062506, "log10_min_child_weight": 1.5372423731317952, "log10_subsample": -0.26352700736074575, "max_depth": 8.0, "num_boost_round": 4.0}, "datetime": {"datetime": "2024-01-19 00:29:30", "elapsed": 1124.312022, "delta": 0.00146}}
{"target": -17.676703370946562, "params": {"gamma": 18.532510063161144, "log10_alpha": -4.925029424211079, "log10_colsample_bytree": -0.6044502902553438, "log10_eta": -2.9170520830094384, "log10_lambda": -0.4449107446062506, "log10_min_child_weight": 1.5372423731317952, "log10_subsample": -0.26352700736074575, "max_depth": 8.0, "num_boost_round": 5.0}, "datetime": {"datetime": "2024-01-19 00:29:30", "elapsed": 1124.313468, "delta": 0.001446}}
{"target": -17.67672746594735, "params": {"gamma": 18.532510063161144, "log10_alpha": -4.925029424211079, "log10_colsample_bytree": -0.6044502902553438, "log10_eta": -2.9170520830094384, "log10_lambda": -0.4449107446062506, "log10_min_child_weight": 1.5372423731317952, "log10_subsample": -0.26352700736074575, "max_depth": 8.0, "num_boost_round": 6.0}, "datetime": {"datetime": "2024-01-19 00:29:30", "elapsed": 1124.314973, "delta": 0.001505}}
{"target": -17.676613880973093, "params": {"gamma": 18.532510063161144, "log10_alpha": -4.925029424211079, "log10_colsample_bytree": -0.6044502902553438, "log10_eta": -2.9170520830094384, "log10_lambda": -0.4449107446062506, "log10_min_child_weight": 1.5372423731317952, "log10_subsample": -0.26352700736074575, "max_depth": 8.0, "num_boost_round": 7.0}, "datetime": {"datetime": "2024-01-19 00:29:30", "elapsed": 1124.316486, "delta": 0.001513}}
{"target": -17.67654934207615, "params": {"gamma": 18.532510063161144, "log10_alpha": -4.925029424211079, "log10_colsample_bytree": -0.6044502902553438, "log10_eta": -2.9170520830094384, "log10_lambda": -0.4449107446062506, "log10_min_child_weight": 1.5372423731317952, "log10_subsample": -0.26352700736074575, "max_depth": 8.0, "num_boost_round": 8.0}, "datetime": {"datetime": "2024-01-19 00:29:30", "elapsed": 1124.317966, "delta": 0.00148}}
{"target": -17.676408996531123, "params": {"gamma": 18.532510063161144, "log10_alpha": -4.925029424211079, "log10_colsample_bytree": -0.6044502902553438, "log10_eta": -2.9170520830094384, "log10_lambda": -0.4449107446062506, "log10_min_child_weight": 1.5372423731317952, "log10_subsample": -0.26352700736074575, "max_depth": 8.0, "num_boost_round": 9.0}, "datetime": {"datetime": "2024-01-19 00:29:30", "elapsed": 1124.319459, "delta": 0.001493}}
{"target": -17.676289389249913, "params": {"gamma": 18.532510063161144, "log10_alpha": -4.925029424211079, "log10_colsample_bytree": -0.6044502902553438, "log10_eta": -2.9170520830094384, "log10_lambda": -0.4449107446062506, "log10_min_child_weight": 1.5372423731317952, "log10_subsample": -0.26352700736074575, "max_depth": 8.0, "num_boost_round": 10.0}, "datetime": {"datetime": "2024-01-19 00:29:30", "elapsed": 1124.320942, "delta": 0.001483}}
{"target": -17.676207334057914, "params": {"gamma": 18.532510063161144, "log10_alpha": -4.925029424211079, "log10_colsample_bytree": -0.6044502902553438, "log10_eta": -2.9170520830094384, "log10_lambda": -0.4449107446062506, "log10_min_child_weight": 1.5372423731317952, "log10_subsample": -0.26352700736074575, "max_depth": 8.0, "num_boost_round": 11.0}, "datetime": {"datetime": "2024-01-19 00:29:30", "elapsed": 1124.322426, "delta": 0.001484}}
{"target": -17.676145619203588, "params": {"gamma": 18.532510063161144, "log10_alpha": -4.925029424211079, "log10_colsample_bytree": -0.6044502902553438, "log10_eta": -2.9170520830094384, "log10_lambda": -0.4449107446062506, "log10_min_child_weight": 1.5372423731317952, "log10_subsample": -0.26352700736074575, "max_depth": 8.0, "num_boost_round": 12.0}, "datetime": {"datetime": "2024-01-19 00:29:30", "elapsed": 1124.323923, "delta": 0.001497}}
{"target": -17.676087801237266, "params": {"gamma": 18.532510063161144, "log10_alpha": -4.925029424211079, "log10_colsample_bytree": -0.6044502902553438, "log10_eta": -2.9170520830094384, "log10_lambda": -0.4449107446062506, "log10_min_child_weight": 1.5372423731317952, "log10_subsample": -0.26352700736074575, "max_depth": 8.0, "num_boost_round": 13.0}, "datetime": {"datetime": "2024-01-19 00:29:30", "elapsed": 1124.325422, "delta": 0.001499}}
{"target": -17.6761607515625, "params": {"gamma": 18.532510063161144, "log10_alpha": -4.925029424211079, "log10_colsample_bytree": -0.6044502902553438, "log10_eta": -2.9170520830094384, "log10_lambda": -0.4449107446062506, "log10_min_child_weight": 1.5372423731317952, "log10_subsample": -0.26352700736074575, "max_depth": 8.0, "num_boost_round": 14.0}, "datetime": {"datetime": "2024-01-19 00:29:30", "elapsed": 1124.326924, "delta": 0.001502}}
{"target": -17.676116103375477, "params": {"gamma": 18.532510063161144, "log10_alpha": -4.925029424211079, "log10_colsample_bytree": -0.6044502902553438, "log10_eta": -2.9170520830094384, "log10_lambda": -0.4449107446062506, "log10_min_child_weight": 1.5372423731317952, "log10_subsample": -0.26352700736074575, "max_depth": 8.0, "num_boost_round": 15.0}, "datetime": {"datetime": "2024-01-19 00:29:30", "elapsed": 1124.328436, "delta": 0.001512}}
{"target": -17.676099052704743, "params": {"gamma": 18.532510063161144, "log10_alpha": -4.925029424211079, "log10_colsample_bytree": -0.6044502902553438, "log10_eta": -2.9170520830094384, "log10_lambda": -0.4449107446062506, "log10_min_child_weight": 1.5372423731317952, "log10_subsample": -0.26352700736074575, "max_depth": 8.0, "num_boost_round": 16.0}, "datetime": {"datetime": "2024-01-19 00:29:30", "elapsed": 1124.329925, "delta": 0.001489}}
{"target": -17.67602622990629, "params": {"gamma": 18.532510063161144, "log10_alpha": -4.925029424211079, "log10_colsample_bytree": -0.6044502902553438, "log10_eta": -2.9170520830094384, "log10_lambda": -0.4449107446062506, "log10_min_child_weight": 1.5372423731317952, "log10_subsample": -0.26352700736074575, "max_depth": 8.0, "num_boost_round": 17.0}, "datetime": {"datetime": "2024-01-19 00:29:30", "elapsed": 1124.331398, "delta": 0.001473}}
{"target": -17.676056866747565, "params": {"gamma": 18.532510063161144, "log10_alpha": -4.925029424211079, "log10_colsample_bytree": -0.6044502902553438, "log10_eta": -2.9170520830094384, "log10_lambda": -0.4449107446062506, "log10_min_child_weight": 1.5372423731317952, "log10_subsample": -0.26352700736074575, "max_depth": 8.0, "num_boost_round": 18.0}, "datetime": {"datetime": "2024-01-19 00:29:30", "elapsed": 1124.332885, "delta": 0.001487}}
{"target": -17.676034346780195, "params": {"gamma": 18.532510063161144, "log10_alpha": -4.925029424211079, "log10_colsample_bytree": -0.6044502902553438, "log10_eta": -2.9170520830094384, "log10_lambda": -0.4449107446062506, "log10_min_child_weight": 1.5372423731317952, "log10_subsample": -0.26352700736074575, "max_depth": 8.0, "num_boost_round": 19.0}, "datetime": {"datetime": "2024-01-19 00:29:30", "elapsed": 1124.334414, "delta": 0.001529}}
{"target": -17.675944749379905, "params": {"gamma": 18.532510063161144, "log10_alpha": -4.925029424211079, "log10_colsample_bytree": -0.6044502902553438, "log10_eta": -2.9170520830094384, "log10_lambda": -0.4449107446062506, "log10_min_child_weight": 1.5372423731317952, "log10_subsample": -0.26352700736074575, "max_depth": 8.0, "num_boost_round": 20.0}, "datetime": {"datetime": "2024-01-19 00:29:30", "elapsed": 1124.335949, "delta": 0.001535}}
{"target": -17.67593206614213, "params": {"gamma": 18.532510063161144, "log10_alpha": -4.925029424211079, "log10_colsample_bytree": -0.6044502902553438, "log10_eta": -2.9170520830094384, "log10_lambda": -0.4449107446062506, "log10_min_child_weight": 1.5372423731317952, "log10_subsample": -0.26352700736074575, "max_depth": 8.0, "num_boost_round": 21.0}, "datetime": {"datetime": "2024-01-19 00:29:30", "elapsed": 1124.337473, "delta": 0.001524}}
{"target": -17.675805763480664, "params": {"gamma": 18.532510063161144, "log10_alpha": -4.925029424211079, "log10_colsample_bytree": -0.6044502902553438, "log10_eta": -2.9170520830094384, "log10_lambda": -0.4449107446062506, "log10_min_child_weight": 1.5372423731317952, "log10_subsample": -0.26352700736074575, "max_depth": 8.0, "num_boost_round": 22.0}, "datetime": {"datetime": "2024-01-19 00:29:30", "elapsed": 1124.338995, "delta": 0.001522}}
{"target": -17.67578510453849, "params": {"gamma": 18.532510063161144, "log10_alpha": -4.925029424211079, "log10_colsample_bytree": -0.6044502902553438, "log10_eta": -2.9170520830094384, "log10_lambda": -0.4449107446062506, "log10_min_child_weight": 1.5372423731317952, "log10_subsample": -0.26352700736074575, "max_depth": 8.0, "num_boost_round": 23.0}, "datetime": {"datetime": "2024-01-19 00:29:30", "elapsed": 1124.340492, "delta": 0.001497}}
{"target": -17.67579037145333, "params": {"gamma": 18.532510063161144, "log10_alpha": -4.925029424211079, "log10_colsample_bytree": -0.6044502902553438, "log10_eta": -2.9170520830094384, "log10_lambda": -0.4449107446062506, "log10_min_child_weight": 1.5372423731317952, "log10_subsample": -0.26352700736074575, "max_depth": 8.0, "num_boost_round": 24.0}, "datetime": {"datetime": "2024-01-19 00:29:30", "elapsed": 1124.341988, "delta": 0.001496}}
{"target": -17.67576600975887, "params": {"gamma": 18.532510063161144, "log10_alpha": -4.925029424211079, "log10_colsample_bytree": -0.6044502902553438, "log10_eta": -2.9170520830094384, "log10_lambda": -0.4449107446062506, "log10_min_child_weight": 1.5372423731317952, "log10_subsample": -0.26352700736074575, "max_depth": 8.0, "num_boost_round": 25.0}, "datetime": {"datetime": "2024-01-19 00:29:30", "elapsed": 1124.343495, "delta": 0.001507}}
{"target": -17.675687376069412, "params": {"gamma": 18.532510063161144, "log10_alpha": -4.925029424211079, "log10_colsample_bytree": -0.6044502902553438, "log10_eta": -2.9170520830094384, "log10_lambda": -0.4449107446062506, "log10_min_child_weight": 1.5372423731317952, "log10_subsample": -0.26352700736074575, "max_depth": 8.0, "num_boost_round": 26.0}, "datetime": {"datetime": "2024-01-19 00:29:30", "elapsed": 1124.345035, "delta": 0.00154}}
{"target": -17.67567098027177, "params": {"gamma": 18.532510063161144, "log10_alpha": -4.925029424211079, "log10_colsample_bytree": -0.6044502902553438, "log10_eta": -2.9170520830094384, "log10_lambda": -0.4449107446062506, "log10_min_child_weight": 1.5372423731317952, "log10_subsample": -0.26352700736074575, "max_depth": 8.0, "num_boost_round": 27.0}, "datetime": {"datetime": "2024-01-19 00:29:30", "elapsed": 1124.346556, "delta": 0.001521}}
{"target": -17.675663925521892, "params": {"gamma": 18.532510063161144, "log10_alpha": -4.925029424211079, "log10_colsample_bytree": -0.6044502902553438, "log10_eta": -2.9170520830094384, "log10_lambda": -0.4449107446062506, "log10_min_child_weight": 1.5372423731317952, "log10_subsample": -0.26352700736074575, "max_depth": 8.0, "num_boost_round": 28.0}, "datetime": {"datetime": "2024-01-19 00:29:30", "elapsed": 1124.348055, "delta": 0.001499}}
{"target": -17.675553819423754, "params": {"gamma": 18.532510063161144, "log10_alpha": -4.925029424211079, "log10_colsample_bytree": -0.6044502902553438, "log10_eta": -2.9170520830094384, "log10_lambda": -0.4449107446062506, "log10_min_child_weight": 1.5372423731317952, "log10_subsample": -0.26352700736074575, "max_depth": 8.0, "num_boost_round": 29.0}, "datetime": {"datetime": "2024-01-19 00:29:30", "elapsed": 1124.349632, "delta": 0.001577}}
{"target": -17.675550414231296, "params": {"gamma": 18.532510063161144, "log10_alpha": -4.925029424211079, "log10_colsample_bytree": -0.6044502902553438, "log10_eta": -2.9170520830094384, "log10_lambda": -0.4449107446062506, "log10_min_child_weight": 1.5372423731317952, "log10_subsample": -0.26352700736074575, "max_depth": 8.0, "num_boost_round": 30.0}, "datetime": {"datetime": "2024-01-19 00:29:30", "elapsed": 1124.351158, "delta": 0.001526}}
{"target": -17.675474480672325, "params": {"gamma": 18.532510063161144, "log10_alpha": -4.925029424211079, "log10_colsample_bytree": -0.6044502902553438, "log10_eta": -2.9170520830094384, "log10_lambda": -0.4449107446062506, "log10_min_child_weight": 1.5372423731317952, "log10_subsample": -0.26352700736074575, "max_depth": 8.0, "num_boost_round": 31.0}, "datetime": {"datetime": "2024-01-19 00:29:30", "elapsed": 1124.35268, "delta": 0.001522}}
{"target": -17.675399190588887, "params": {"gamma": 18.532510063161144, "log10_alpha": -4.925029424211079, "log10_colsample_bytree": -0.6044502902553438, "log10_eta": -2.9170520830094384, "log10_lambda": -0.4449107446062506, "log10_min_child_weight": 1.5372423731317952, "log10_subsample": -0.26352700736074575, "max_depth": 8.0, "num_boost_round": 32.0}, "datetime": {"datetime": "2024-01-19 00:29:30", "elapsed": 1124.354187, "delta": 0.001507}}
{"target": -17.675378438359783, "params": {"gamma": 18.532510063161144, "log10_alpha": -4.925029424211079, "log10_colsample_bytree": -0.6044502902553438, "log10_eta": -2.9170520830094384, "log10_lambda": -0.4449107446062506, "log10_min_child_weight": 1.5372423731317952, "log10_subsample": -0.26352700736074575, "max_depth": 8.0, "num_boost_round": 33.0}, "datetime": {"datetime": "2024-01-19 00:29:30", "elapsed": 1124.355682, "delta": 0.001495}}
{"target": -17.67720439882216, "params": {"gamma": 19.64436444676021, "log10_alpha": -4.995497858076924, "log10_colsample_bytree": -0.9040063863266831, "log10_eta": -2.919899312930766, "log10_lambda": -2.7182273944342246, "log10_min_child_weight": 3.1634610504212657, "log10_subsample": -0.7690739510134844, "max_depth": 4.0, "num_boost_round": 0.0}, "datetime": {"datetime": "2024-01-19 00:30:09", "elapsed": 1163.534156, "delta": 39.178474}}
{"target": -17.677197718533414, "params": {"gamma": 19.64436444676021, "log10_alpha": -4.995497858076924, "log10_colsample_bytree": -0.9040063863266831, "log10_eta": -2.919899312930766, "log10_lambda": -2.7182273944342246, "log10_min_child_weight": 3.1634610504212657, "log10_subsample": -0.7690739510134844, "max_depth": 4.0, "num_boost_round": 1.0}, "datetime": {"datetime": "2024-01-19 00:30:09", "elapsed": 1163.535961, "delta": 0.001805}}
{"target": -17.677175882411746, "params": {"gamma": 19.64436444676021, "log10_alpha": -4.995497858076924, "log10_colsample_bytree": -0.9040063863266831, "log10_eta": -2.919899312930766, "log10_lambda": -2.7182273944342246, "log10_min_child_weight": 3.1634610504212657, "log10_subsample": -0.7690739510134844, "max_depth": 4.0, "num_boost_round": 2.0}, "datetime": {"datetime": "2024-01-19 00:30:09", "elapsed": 1163.537462, "delta": 0.001501}}
{"target": -17.677152920353546, "params": {"gamma": 19.64436444676021, "log10_alpha": -4.995497858076924, "log10_colsample_bytree": -0.9040063863266831, "log10_eta": -2.919899312930766, "log10_lambda": -2.7182273944342246, "log10_min_child_weight": 3.1634610504212657, "log10_subsample": -0.7690739510134844, "max_depth": 4.0, "num_boost_round": 3.0}, "datetime": {"datetime": "2024-01-19 00:30:09", "elapsed": 1163.538926, "delta": 0.001464}}
{"target": -17.677138058560576, "params": {"gamma": 19.64436444676021, "log10_alpha": -4.995497858076924, "log10_colsample_bytree": -0.9040063863266831, "log10_eta": -2.919899312930766, "log10_lambda": -2.7182273944342246, "log10_min_child_weight": 3.1634610504212657, "log10_subsample": -0.7690739510134844, "max_depth": 4.0, "num_boost_round": 4.0}, "datetime": {"datetime": "2024-01-19 00:30:09", "elapsed": 1163.540457, "delta": 0.001531}}
{"target": -17.677138230395002, "params": {"gamma": 19.64436444676021, "log10_alpha": -4.995497858076924, "log10_colsample_bytree": -0.9040063863266831, "log10_eta": -2.919899312930766, "log10_lambda": -2.7182273944342246, "log10_min_child_weight": 3.1634610504212657, "log10_subsample": -0.7690739510134844, "max_depth": 4.0, "num_boost_round": 5.0}, "datetime": {"datetime": "2024-01-19 00:30:09", "elapsed": 1163.54198, "delta": 0.001523}}
{"target": -17.677168255929487, "params": {"gamma": 19.64436444676021, "log10_alpha": -4.995497858076924, "log10_colsample_bytree": -0.9040063863266831, "log10_eta": -2.919899312930766, "log10_lambda": -2.7182273944342246, "log10_min_child_weight": 3.1634610504212657, "log10_subsample": -0.7690739510134844, "max_depth": 4.0, "num_boost_round": 6.0}, "datetime": {"datetime": "2024-01-19 00:30:09", "elapsed": 1163.543496, "delta": 0.001516}}
{"target": -17.677133383443874, "params": {"gamma": 19.64436444676021, "log10_alpha": -4.995497858076924, "log10_colsample_bytree": -0.9040063863266831, "log10_eta": -2.919899312930766, "log10_lambda": -2.7182273944342246, "log10_min_child_weight": 3.1634610504212657, "log10_subsample": -0.7690739510134844, "max_depth": 4.0, "num_boost_round": 7.0}, "datetime": {"datetime": "2024-01-19 00:30:09", "elapsed": 1163.544977, "delta": 0.001481}}
{"target": -17.67711104113736, "params": {"gamma": 19.64436444676021, "log10_alpha": -4.995497858076924, "log10_colsample_bytree": -0.9040063863266831, "log10_eta": -2.919899312930766, "log10_lambda": -2.7182273944342246, "log10_min_child_weight": 3.1634610504212657, "log10_subsample": -0.7690739510134844, "max_depth": 4.0, "num_boost_round": 8.0}, "datetime": {"datetime": "2024-01-19 00:30:09", "elapsed": 1163.546486, "delta": 0.001509}}
{"target": -17.677110855428854, "params": {"gamma": 19.64436444676021, "log10_alpha": -4.995497858076924, "log10_colsample_bytree": -0.9040063863266831, "log10_eta": -2.919899312930766, "log10_lambda": -2.7182273944342246, "log10_min_child_weight": 3.1634610504212657, "log10_subsample": -0.7690739510134844, "max_depth": 4.0, "num_boost_round": 9.0}, "datetime": {"datetime": "2024-01-19 00:30:09", "elapsed": 1163.547986, "delta": 0.0015}}
{"target": -17.677112166328182, "params": {"gamma": 19.64436444676021, "log10_alpha": -4.995497858076924, "log10_colsample_bytree": -0.9040063863266831, "log10_eta": -2.919899312930766, "log10_lambda": -2.7182273944342246, "log10_min_child_weight": 3.1634610504212657, "log10_subsample": -0.7690739510134844, "max_depth": 4.0, "num_boost_round": 10.0}, "datetime": {"datetime": "2024-01-19 00:30:09", "elapsed": 1163.549502, "delta": 0.001516}}
{"target": -17.677096671687934, "params": {"gamma": 19.64436444676021, "log10_alpha": -4.995497858076924, "log10_colsample_bytree": -0.9040063863266831, "log10_eta": -2.919899312930766, "log10_lambda": -2.7182273944342246, "log10_min_child_weight": 3.1634610504212657, "log10_subsample": -0.7690739510134844, "max_depth": 4.0, "num_boost_round": 11.0}, "datetime": {"datetime": "2024-01-19 00:30:09", "elapsed": 1163.551025, "delta": 0.001523}}
{"target": -17.67707027961428, "params": {"gamma": 19.64436444676021, "log10_alpha": -4.995497858076924, "log10_colsample_bytree": -0.9040063863266831, "log10_eta": -2.919899312930766, "log10_lambda": -2.7182273944342246, "log10_min_child_weight": 3.1634610504212657, "log10_subsample": -0.7690739510134844, "max_depth": 4.0, "num_boost_round": 12.0}, "datetime": {"datetime": "2024-01-19 00:30:09", "elapsed": 1163.552556, "delta": 0.001531}}
{"target": -17.677044788118778, "params": {"gamma": 19.64436444676021, "log10_alpha": -4.995497858076924, "log10_colsample_bytree": -0.9040063863266831, "log10_eta": -2.919899312930766, "log10_lambda": -2.7182273944342246, "log10_min_child_weight": 3.1634610504212657, "log10_subsample": -0.7690739510134844, "max_depth": 4.0, "num_boost_round": 13.0}, "datetime": {"datetime": "2024-01-19 00:30:09", "elapsed": 1163.5541, "delta": 0.001544}}
{"target": -17.677027264534495, "params": {"gamma": 19.64436444676021, "log10_alpha": -4.995497858076924, "log10_colsample_bytree": -0.9040063863266831, "log10_eta": -2.919899312930766, "log10_lambda": -2.7182273944342246, "log10_min_child_weight": 3.1634610504212657, "log10_subsample": -0.7690739510134844, "max_depth": 4.0, "num_boost_round": 14.0}, "datetime": {"datetime": "2024-01-19 00:30:09", "elapsed": 1163.555636, "delta": 0.001536}}
