{"target": -17.6770241824708, "params": {"gamma": 979.4099247984747, "log10_alpha": -4.795581997460036, "log10_colsample_bytree": -0.5242447764691054, "log10_eta": -3.2885773797303446, "log10_lambda": -4.860790120432876, "log10_min_child_weight": 0.42513405788532244, "log10_subsample": -0.1943781747833998, "max_depth": 8.0, "num_boost_round": 8.0}, "datetime": {"datetime": "2024-01-19 01:39:45", "elapsed": 5279.47004, "delta": 0.005102}}
{"target": -17.676978119967526, "params": {"gamma": 979.4099247984747, "log10_alpha": -4.795581997460036, "log10_colsample_bytree": -0.5242447764691054, "log10_eta": -3.2885773797303446, "log10_lambda": -4.860790120432876, "log10_min_child_weight": 0.42513405788532244, "log10_subsample": -0.1943781747833998, "max_depth": 8.0, "num_boost_round": 9.0}, "datetime": {"datetime": "2024-01-19 01:39:45", "elapsed": 5279.475135, "delta": 0.005095}}
{"target": -17.676900989637673, "params": {"gamma": 979.4099247984747, "log10_alpha": -4.795581997460036, "log10_colsample_bytree": -0.5242447764691054, "log10_eta": -3.2885773797303446, "log10_lambda": -4.860790120432876, "log10_min_child_weight": 0.42513405788532244, "log10_subsample": -0.1943781747833998, "max_depth": 8.0, "num_boost_round": 10.0}, "datetime": {"datetime": "2024-01-19 01:39:45", "elapsed": 5279.48013, "delta": 0.004995}}
{"target": -17.676878254115103, "params": {"gamma": 979.4099247984747, "log10_alpha": -4.795581997460036, "log10_colsample_bytree": -0.5242447764691054, "log10_eta": -3.2885773797303446, "log10_lambda": -4.860790120432876, "log10_min_child_weight": 0.42513405788532244, "log10_subsample": -0.1943781747833998, "max_depth": 8.0, "num_boost_round": 11.0}, "datetime": {"datetime": "2024-01-19 01:39:45", "elapsed": 5279.485166, "delta": 0.005036}}
{"target": -17.67683147748819, "params": {"gamma": 979.4099247984747, "log10_alpha": -4.795581997460036, "log10_colsample_bytree": -0.5242447764691054, "log10_eta": -3.2885773797303446, "log10_lambda": -4.860790120432876, "log10_min_child_weight": 0.42513405788532244, "log10_subsample": -0.1943781747833998, "max_depth": 8.0, "num_boost_round": 12.0}, "datetime": {"datetime": "2024-01-19 01:39:45", "elapsed": 5279.490337, "delta": 0.005171}}
{"target": -17.67682166061769, "params": {"gamma": 979.4099247984747, "log10_alpha": -4.795581997460036, "log10_colsample_bytree": -0.5242447764691054, "log10_eta": -3.2885773797303446, "log10_lambda": -4.860790120432876, "log10_min_child_weight": 0.42513405788532244, "log10_subsample": -0.1943781747833998, "max_depth": 8.0, "num_boost_round": 13.0}, "datetime": {"datetime": "2024-01-19 01:39:45", "elapsed": 5279.495533, "delta": 0.005196}}
{"target": -17.676826070219665, "params": {"gamma": 979.4099247984747, "log10_alpha": -4.795581997460036, "log10_colsample_bytree": -0.5242447764691054, "log10_eta": -3.2885773797303446, "log10_lambda": -4.860790120432876, "log10_min_child_weight": 0.42513405788532244, "log10_subsample": -0.1943781747833998, "max_depth": 8.0, "num_boost_round": 14.0}, "datetime": {"datetime": "2024-01-19 01:39:45", "elapsed": 5279.500768, "delta": 0.005235}}
{"target": -17.67681208370176, "params": {"gamma": 979.4099247984747, "log10_alpha": -4.795581997460036, "log10_colsample_bytree": -0.5242447764691054, "log10_eta": -3.2885773797303446, "log10_lambda": -4.860790120432876, "log10_min_child_weight": 0.42513405788532244, "log10_subsample": -0.1943781747833998, "max_depth": 8.0, "num_boost_round": 15.0}, "datetime": {"datetime": "2024-01-19 01:39:45", "elapsed": 5279.505843, "delta": 0.005075}}
{"target": -17.67679674555849, "params": {"gamma": 979.4099247984747, "log10_alpha": -4.795581997460036, "log10_colsample_bytree": -0.5242447764691054, "log10_eta": -3.2885773797303446, "log10_lambda": -4.860790120432876, "log10_min_child_weight": 0.42513405788532244, "log10_subsample": -0.1943781747833998, "max_depth": 8.0, "num_boost_round": 16.0}, "datetime": {"datetime": "2024-01-19 01:39:45", "elapsed": 5279.511124, "delta": 0.005281}}
{"target": -17.676794890411767, "params": {"gamma": 979.4099247984747, "log10_alpha": -4.795581997460036, "log10_colsample_bytree": -0.5242447764691054, "log10_eta": -3.2885773797303446, "log10_lambda": -4.860790120432876, "log10_min_child_weight": 0.42513405788532244, "log10_subsample": -0.1943781747833998, "max_depth": 8.0, "num_boost_round": 17.0}, "datetime": {"datetime": "2024-01-19 01:39:45", "elapsed": 5279.516492, "delta": 0.005368}}
{"target": -17.67682414391213, "params": {"gamma": 979.4099247984747, "log10_alpha": -4.795581997460036, "log10_colsample_bytree": -0.5242447764691054, "log10_eta": -3.2885773797303446, "log10_lambda": -4.860790120432876, "log10_min_child_weight": 0.42513405788532244, "log10_subsample": -0.1943781747833998, "max_depth": 8.0, "num_boost_round": 18.0}, "datetime": {"datetime": "2024-01-19 01:39:45", "elapsed": 5279.521808, "delta": 0.005316}}
{"target": -17.67680128914837, "params": {"gamma": 979.4099247984747, "log10_alpha": -4.795581997460036, "log10_colsample_bytree": -0.5242447764691054, "log10_eta": -3.2885773797303446, "log10_lambda": -4.860790120432876, "log10_min_child_weight": 0.42513405788532244, "log10_subsample": -0.1943781747833998, "max_depth": 8.0, "num_boost_round": 19.0}, "datetime": {"datetime": "2024-01-19 01:39:45", "elapsed": 5279.527102, "delta": 0.005294}}
{"target": -17.67675323539358, "params": {"gamma": 979.4099247984747, "log10_alpha": -4.795581997460036, "log10_colsample_bytree": -0.5242447764691054, "log10_eta": -3.2885773797303446, "log10_lambda": -4.860790120432876, "log10_min_child_weight": 0.42513405788532244, "log10_subsample": -0.1943781747833998, "max_depth": 8.0, "num_boost_round": 20.0}, "datetime": {"datetime": "2024-01-19 01:39:45", "elapsed": 5279.532644, "delta": 0.005542}}
{"target": -17.676701054892597, "params": {"gamma": 979.4099247984747, "log10_alpha": -4.795581997460036, "log10_colsample_bytree": -0.5242447764691054, "log10_eta": -3.2885773797303446, "log10_lambda": -4.860790120432876, "log10_min_child_weight": 0.42513405788532244, "log10_subsample": -0.1943781747833998, "max_depth": 8.0, "num_boost_round": 21.0}, "datetime": {"datetime": "2024-01-19 01:39:45", "elapsed": 5279.537953, "delta": 0.005309}}
{"target": -17.676627994374787, "params": {"gamma": 979.4099247984747, "log10_alpha": -4.795581997460036, "log10_colsample_bytree": -0.5242447764691054, "log10_eta": -3.2885773797303446, "log10_lambda": -4.860790120432876, "log10_min_child_weight": 0.42513405788532244, "log10_subsample": -0.1943781747833998, "max_depth": 8.0, "num_boost_round": 22.0}, "datetime": {"datetime": "2024-01-19 01:39:45", "elapsed": 5279.543255, "delta": 0.005302}}
{"target": -17.676619476981088, "params": {"gamma": 979.4099247984747, "log10_alpha": -4.795581997460036, "log10_colsample_bytree": -0.5242447764691054, "log10_eta": -3.2885773797303446, "log10_lambda": -4.860790120432876, "log10_min_child_weight": 0.42513405788532244, "log10_subsample": -0.1943781747833998, "max_depth": 8.0, "num_boost_round": 23.0}, "datetime": {"datetime": "2024-01-19 01:39:45", "elapsed": 5279.548444, "delta": 0.005189}}
{"target": -17.67660700963272, "params": {"gamma": 979.4099247984747, "log10_alpha": -4.795581997460036, "log10_colsample_bytree": -0.5242447764691054, "log10_eta": -3.2885773797303446, "log10_lambda": -4.860790120432876, "log10_min_child_weight": 0.42513405788532244, "log10_subsample": -0.1943781747833998, "max_depth": 8.0, "num_boost_round": 24.0}, "datetime": {"datetime": "2024-01-19 01:39:45", "elapsed": 5279.553712, "delta": 0.005268}}
{"target": -17.676592484189236, "params": {"gamma": 979.4099247984747, "log10_alpha": -4.795581997460036, "log10_colsample_bytree": -0.5242447764691054, "log10_eta": -3.2885773797303446, "log10_lambda": -4.860790120432876, "log10_min_child_weight": 0.42513405788532244, "log10_subsample": -0.1943781747833998, "max_depth": 8.0, "num_boost_round": 25.0}, "datetime": {"datetime": "2024-01-19 01:39:45", "elapsed": 5279.55903, "delta": 0.005318}}
{"target": -17.67654582842774, "params": {"gamma": 979.4099247984747, "log10_alpha": -4.795581997460036, "log10_colsample_bytree": -0.5242447764691054, "log10_eta": -3.2885773797303446, "log10_lambda": -4.860790120432876, "log10_min_child_weight": 0.42513405788532244, "log10_subsample": -0.1943781747833998, "max_depth": 8.0, "num_boost_round": 26.0}, "datetime": {"datetime": "2024-01-19 01:39:45", "elapsed": 5279.564604, "delta": 0.005574}}
{"target": -17.676534308013565, "params": {"gamma": 979.4099247984747, "log10_alpha": -4.795581997460036, "log10_colsample_bytree": -0.5242447764691054, "log10_eta": -3.2885773797303446, "log10_lambda": -4.860790120432876, "log10_min_child_weight": 0.42513405788532244, "log10_subsample": -0.1943781747833998, "max_depth": 8.0, "num_boost_round": 27.0}, "datetime": {"datetime": "2024-01-19 01:39:45", "elapsed": 5279.569756, "delta": 0.005152}}
{"target": -17.676504506030362, "params": {"gamma": 979.4099247984747, "log10_alpha": -4.795581997460036, "log10_colsample_bytree": -0.5242447764691054, "log10_eta": -3.2885773797303446, "log10_lambda": -4.860790120432876, "log10_min_child_weight": 0.42513405788532244, "log10_subsample": -0.1943781747833998, "max_depth": 8.0, "num_boost_round": 28.0}, "datetime": {"datetime": "2024-01-19 01:39:45", "elapsed": 5279.575183, "delta": 0.005427}}
{"target": -17.676428851301875, "params": {"gamma": 979.4099247984747, "log10_alpha": -4.795581997460036, "log10_colsample_bytree": -0.5242447764691054, "log10_eta": -3.2885773797303446, "log10_lambda": -4.860790120432876, "log10_min_child_weight": 0.42513405788532244, "log10_subsample": -0.1943781747833998, "max_depth": 8.0, "num_boost_round": 29.0}, "datetime": {"datetime": "2024-01-19 01:39:45", "elapsed": 5279.580527, "delta": 0.005344}}
{"target": -17.67643299085444, "params": {"gamma": 979.4099247984747, "log10_alpha": -4.795581997460036, "log10_colsample_bytree": -0.5242447764691054, "log10_eta": -3.2885773797303446, "log10_lambda": -4.860790120432876, "log10_min_child_weight": 0.42513405788532244, "log10_subsample": -0.1943781747833998, "max_depth": 8.0, "num_boost_round": 30.0}, "datetime": {"datetime": "2024-01-19 01:39:45", "elapsed": 5279.585757, "delta": 0.00523}}
{"target": -17.676431502158348, "params": {"gamma": 979.4099247984747, "log10_alpha": -4.795581997460036, "log10_colsample_bytree": -0.5242447764691054, "log10_eta": -3.2885773797303446, "log10_lambda": -4.860790120432876, "log10_min_child_weight": 0.42513405788532244, "log10_subsample": -0.1943781747833998, "max_depth": 8.0, "num_boost_round": 31.0}, "datetime": {"datetime": "2024-01-19 01:39:45", "elapsed": 5279.591002, "delta": 0.005245}}
{"target": -17.676426356272422, "params": {"gamma": 979.4099247984747, "log10_alpha": -4.795581997460036, "log10_colsample_bytree": -0.5242447764691054, "log10_eta": -3.2885773797303446, "log10_lambda": -4.860790120432876, "log10_min_child_weight": 0.42513405788532244, "log10_subsample": -0.1943781747833998, "max_depth": 8.0, "num_boost_round": 32.0}, "datetime": {"datetime": "2024-01-19 01:39:45", "elapsed": 5279.59619, "delta": 0.005188}}
{"target": -17.67639823834757, "params": {"gamma": 979.4099247984747, "log10_alpha": -4.795581997460036, "log10_colsample_bytree": -0.5242447764691054, "log10_eta": -3.2885773797303446, "log10_lambda": -4.860790120432876, "log10_min_child_weight": 0.42513405788532244, "log10_subsample": -0.1943781747833998, "max_depth": 8.0, "num_boost_round": 33.0}, "datetime": {"datetime": "2024-01-19 01:39:45", "elapsed": 5279.601177, "delta": 0.004987}}
{"target": -17.676402585109546, "params": {"gamma": 979.4099247984747, "log10_alpha": -4.795581997460036, "log10_colsample_bytree": -0.5242447764691054, "log10_eta": -3.2885773797303446, "log10_lambda": -4.860790120432876, "log10_min_child_weight": 0.42513405788532244, "log10_subsample": -0.1943781747833998, "max_depth": 8.0, "num_boost_round": 34.0}, "datetime": {"datetime": "2024-01-19 01:39:45", "elapsed": 5279.606348, "delta": 0.005171}}
{"target": -17.676364358878327, "params": {"gamma": 979.4099247984747, "log10_alpha": -4.795581997460036, "log10_colsample_bytree": -0.5242447764691054, "log10_eta": -3.2885773797303446, "log10_lambda": -4.860790120432876, "log10_min_child_weight": 0.42513405788532244, "log10_subsample": -0.1943781747833998, "max_depth": 8.0, "num_boost_round": 35.0}, "datetime": {"datetime": "2024-01-19 01:39:45", "elapsed": 5279.611628, "delta": 0.00528}}
{"target": -17.676386649733832, "params": {"gamma": 979.4099247984747, "log10_alpha": -4.795581997460036, "log10_colsample_bytree": -0.5242447764691054, "log10_eta": -3.2885773797303446, "log10_lambda": -4.860790120432876, "log10_min_child_weight": 0.42513405788532244, "log10_subsample": -0.1943781747833998, "max_depth": 8.0, "num_boost_round": 36.0}, "datetime": {"datetime": "2024-01-19 01:39:45", "elapsed": 5279.616752, "delta": 0.005124}}
{"target": -17.6763703853429, "params": {"gamma": 979.4099247984747, "log10_alpha": -4.795581997460036, "log10_colsample_bytree": -0.5242447764691054, "log10_eta": -3.2885773797303446, "log10_lambda": -4.860790120432876, "log10_min_child_weight": 0.42513405788532244, "log10_subsample": -0.1943781747833998, "max_depth": 8.0, "num_boost_round": 37.0}, "datetime": {"datetime": "2024-01-19 01:39:45", "elapsed": 5279.622451, "delta": 0.005699}}
{"target": -17.676349674077187, "params": {"gamma": 979.4099247984747, "log10_alpha": -4.795581997460036, "log10_colsample_bytree": -0.5242447764691054, "log10_eta": -3.2885773797303446, "log10_lambda": -4.860790120432876, "log10_min_child_weight": 0.42513405788532244, "log10_subsample": -0.1943781747833998, "max_depth": 8.0, "num_boost_round": 38.0}, "datetime": {"datetime": "2024-01-19 01:39:45", "elapsed": 5279.628355, "delta": 0.005904}}
{"target": -17.676341856156263, "params": {"gamma": 979.4099247984747, "log10_alpha": -4.795581997460036, "log10_colsample_bytree": -0.5242447764691054, "log10_eta": -3.2885773797303446, "log10_lambda": -4.860790120432876, "log10_min_child_weight": 0.42513405788532244, "log10_subsample": -0.1943781747833998, "max_depth": 8.0, "num_boost_round": 39.0}, "datetime": {"datetime": "2024-01-19 01:39:45", "elapsed": 5279.633495, "delta": 0.00514}}
{"target": -17.676333148037894, "params": {"gamma": 979.4099247984747, "log10_alpha": -4.795581997460036, "log10_colsample_bytree": -0.5242447764691054, "log10_eta": -3.2885773797303446, "log10_lambda": -4.860790120432876, "log10_min_child_weight": 0.42513405788532244, "log10_subsample": -0.1943781747833998, "max_depth": 8.0, "num_boost_round": 40.0}, "datetime": {"datetime": "2024-01-19 01:39:45", "elapsed": 5279.638604, "delta": 0.005109}}
{"target": -17.676304050160766, "params": {"gamma": 979.4099247984747, "log10_alpha": -4.795581997460036, "log10_colsample_bytree": -0.5242447764691054, "log10_eta": -3.2885773797303446, "log10_lambda": -4.860790120432876, "log10_min_child_weight": 0.42513405788532244, "log10_subsample": -0.1943781747833998, "max_depth": 8.0, "num_boost_round": 41.0}, "datetime": {"datetime": "2024-01-19 01:39:45", "elapsed": 5279.643588, "delta": 0.004984}}
{"target": -17.67722882583454, "params": {"gamma": 974.7826680039745, "log10_alpha": -2.980213035492005, "log10_colsample_bytree": -0.4636570415957617, "log10_eta": -3.9101365846542886, "log10_lambda": -1.6216735295061295, "log10_min_child_weight": 2.367825056011594, "log10_subsample": -0.6640670068501335, "max_depth": 8.0, "num_boost_round": 0.0}, "datetime": {"datetime": "2024-01-19 01:40:46", "elapsed": 5340.0713, "delta": 60.427712}}
{"target": -17.67722083030889, "params": {"gamma": 974.7826680039745, "log10_alpha": -2.980213035492005, "log10_colsample_bytree": -0.4636570415957617, "log10_eta": -3.9101365846542886, "log10_lambda": -1.6216735295061295, "log10_min_child_weight": 2.367825056011594, "log10_subsample": -0.6640670068501335, "max_depth": 8.0, "num_boost_round": 1.0}, "datetime": {"datetime": "2024-01-19 01:40:46", "elapsed": 5340.077608, "delta": 0.006308}}
{"target": -17.67721480540518, "params": {"gamma": 974.7826680039745, "log10_alpha": -2.980213035492005, "log10_colsample_bytree": -0.4636570415957617, "log10_eta": -3.9101365846542886, "log10_lambda": -1.6216735295061295, "log10_min_child_weight": 2.367825056011594, "log10_subsample": -0.6640670068501335, "max_depth": 8.0, "num_boost_round": 2.0}, "datetime": {"datetime": "2024-01-19 01:40:46", "elapsed": 5340.082763, "delta": 0.005155}}
{"target": -17.677208865527863, "params": {"gamma": 974.7826680039745, "log10_alpha": -2.980213035492005, "log10_colsample_bytree": -0.4636570415957617, "log10_eta": -3.9101365846542886, "log10_lambda": -1.6216735295061295, "log10_min_child_weight": 2.367825056011594, "log10_subsample": -0.6640670068501335, "max_depth": 8.0, "num_boost_round": 3.0}, "datetime": {"datetime": "2024-01-19 01:40:46", "elapsed": 5340.087955, "delta": 0.005192}}
{"target": -17.677203710662145, "params": {"gamma": 974.7826680039745, "log10_alpha": -2.980213035492005, "log10_colsample_bytree": -0.4636570415957617, "log10_eta": -3.9101365846542886, "log10_lambda": -1.6216735295061295, "log10_min_child_weight": 2.367825056011594, "log10_subsample": -0.6640670068501335, "max_depth": 8.0, "num_boost_round": 4.0}, "datetime": {"datetime": "2024-01-19 01:40:46", "elapsed": 5340.093296, "delta": 0.005341}}
{"target": -17.677199271882266, "params": {"gamma": 974.7826680039745, "log10_alpha": -2.980213035492005, "log10_colsample_bytree": -0.4636570415957617, "log10_eta": -3.9101365846542886, "log10_lambda": -1.6216735295061295, "log10_min_child_weight": 2.367825056011594, "log10_subsample": -0.6640670068501335, "max_depth": 8.0, "num_boost_round": 5.0}, "datetime": {"datetime": "2024-01-19 01:40:46", "elapsed": 5340.09838, "delta": 0.005084}}
{"target": -17.67720081682596, "params": {"gamma": 974.7826680039745, "log10_alpha": -2.980213035492005, "log10_colsample_bytree": -0.4636570415957617, "log10_eta": -3.9101365846542886, "log10_lambda": -1.6216735295061295, "log10_min_child_weight": 2.367825056011594, "log10_subsample": -0.6640670068501335, "max_depth": 8.0, "num_boost_round": 6.0}, "datetime": {"datetime": "2024-01-19 01:40:46", "elapsed": 5340.103452, "delta": 0.005072}}
{"target": -17.677196655423536, "params": {"gamma": 974.7826680039745, "log10_alpha": -2.980213035492005, "log10_colsample_bytree": -0.4636570415957617, "log10_eta": -3.9101365846542886, "log10_lambda": -1.6216735295061295, "log10_min_child_weight": 2.367825056011594, "log10_subsample": -0.6640670068501335, "max_depth": 8.0, "num_boost_round": 7.0}, "datetime": {"datetime": "2024-01-19 01:40:46", "elapsed": 5340.108517, "delta": 0.005065}}
{"target": -17.67719064519467, "params": {"gamma": 974.7826680039745, "log10_alpha": -2.980213035492005, "log10_colsample_bytree": -0.4636570415957617, "log10_eta": -3.9101365846542886, "log10_lambda": -1.6216735295061295, "log10_min_child_weight": 2.367825056011594, "log10_subsample": -0.6640670068501335, "max_depth": 8.0, "num_boost_round": 8.0}, "datetime": {"datetime": "2024-01-19 01:40:46", "elapsed": 5340.113776, "delta": 0.005259}}
{"target": -17.677188361010174, "params": {"gamma": 974.7826680039745, "log10_alpha": -2.980213035492005, "log10_colsample_bytree": -0.4636570415957617, "log10_eta": -3.9101365846542886, "log10_lambda": -1.6216735295061295, "log10_min_child_weight": 2.367825056011594, "log10_subsample": -0.6640670068501335, "max_depth": 8.0, "num_boost_round": 9.0}, "datetime": {"datetime": "2024-01-19 01:40:46", "elapsed": 5340.119074, "delta": 0.005298}}
{"target": -17.677181950528205, "params": {"gamma": 974.7826680039745, "log10_alpha": -2.980213035492005, "log10_colsample_bytree": -0.4636570415957617, "log10_eta": -3.9101365846542886, "log10_lambda": -1.6216735295061295, "log10_min_child_weight": 2.367825056011594, "log10_subsample": -0.6640670068501335, "max_depth": 8.0, "num_boost_round": 10.0}, "datetime": {"datetime": "2024-01-19 01:40:46", "elapsed": 5340.125253, "delta": 0.006179}}
{"target": -17.67718034726102, "params": {"gamma": 974.7826680039745, "log10_alpha": -2.980213035492005, "log10_colsample_bytree": -0.4636570415957617, "log10_eta": -3.9101365846542886, "log10_lambda": -1.6216735295061295, "log10_min_child_weight": 2.367825056011594, "log10_subsample": -0.6640670068501335, "max_depth": 8.0, "num_boost_round": 11.0}, "datetime": {"datetime": "2024-01-19 01:40:46", "elapsed": 5340.130877, "delta": 0.005624}}
{"target": -17.67717058693526, "params": {"gamma": 974.7826680039745, "log10_alpha": -2.980213035492005, "log10_colsample_bytree": -0.4636570415957617, "log10_eta": -3.9101365846542886, "log10_lambda": -1.6216735295061295, "log10_min_child_weight": 2.367825056011594, "log10_subsample": -0.6640670068501335, "max_depth": 8.0, "num_boost_round": 12.0}, "datetime": {"datetime": "2024-01-19 01:40:46", "elapsed": 5340.136119, "delta": 0.005242}}
{"target": -17.677164545118274, "params": {"gamma": 974.7826680039745, "log10_alpha": -2.980213035492005, "log10_colsample_bytree": -0.4636570415957617, "log10_eta": -3.9101365846542886, "log10_lambda": -1.6216735295061295, "log10_min_child_weight": 2.367825056011594, "log10_subsample": -0.6640670068501335, "max_depth": 8.0, "num_boost_round": 13.0}, "datetime": {"datetime": "2024-01-19 01:40:46", "elapsed": 5340.141355, "delta": 0.005236}}
{"target": -17.6771666708327, "params": {"gamma": 974.7826680039745, "log10_alpha": -2.980213035492005, "log10_colsample_bytree": -0.4636570415957617, "log10_eta": -3.9101365846542886, "log10_lambda": -1.6216735295061295, "log10_min_child_weight": 2.367825056011594, "log10_subsample": -0.6640670068501335, "max_depth": 8.0, "num_boost_round": 14.0}, "datetime": {"datetime": "2024-01-19 01:40:46", "elapsed": 5340.146443, "delta": 0.005088}}
