{"target": -13.758416619592907, "params": {"gamma": 708.6616900614201, "log10_alpha": -2.0413058741336387, "log10_colsample_bytree": -0.16603533509428203, "log10_eta": -3.811220079177277, "log10_lambda": 0.8144524397193109, "log10_min_child_weight": 0.5583458821517728, "log10_subsample": -0.622978168657336, "max_depth": 3.0, "num_boost_round": 78.0}, "datetime": {"datetime": "2024-01-19 02:14:01", "elapsed": 7341.016878, "delta": 0.006871}}
{"target": -13.75841617751821, "params": {"gamma": 708.6616900614201, "log10_alpha": -2.0413058741336387, "log10_colsample_bytree": -0.16603533509428203, "log10_eta": -3.811220079177277, "log10_lambda": 0.8144524397193109, "log10_min_child_weight": 0.5583458821517728, "log10_subsample": -0.622978168657336, "max_depth": 3.0, "num_boost_round": 79.0}, "datetime": {"datetime": "2024-01-19 02:14:01", "elapsed": 7341.023776, "delta": 0.006898}}
{"target": -13.758414865909446, "params": {"gamma": 708.6616900614201, "log10_alpha": -2.0413058741336387, "log10_colsample_bytree": -0.16603533509428203, "log10_eta": -3.811220079177277, "log10_lambda": 0.8144524397193109, "log10_min_child_weight": 0.5583458821517728, "log10_subsample": -0.622978168657336, "max_depth": 3.0, "num_boost_round": 80.0}, "datetime": {"datetime": "2024-01-19 02:14:01", "elapsed": 7341.031845, "delta": 0.008069}}
{"target": -13.758414321168681, "params": {"gamma": 708.6616900614201, "log10_alpha": -2.0413058741336387, "log10_colsample_bytree": -0.16603533509428203, "log10_eta": -3.811220079177277, "log10_lambda": 0.8144524397193109, "log10_min_child_weight": 0.5583458821517728, "log10_subsample": -0.622978168657336, "max_depth": 3.0, "num_boost_round": 81.0}, "datetime": {"datetime": "2024-01-19 02:14:01", "elapsed": 7341.03944, "delta": 0.007595}}
{"target": -13.758412292542342, "params": {"gamma": 708.6616900614201, "log10_alpha": -2.0413058741336387, "log10_colsample_bytree": -0.16603533509428203, "log10_eta": -3.811220079177277, "log10_lambda": 0.8144524397193109, "log10_min_child_weight": 0.5583458821517728, "log10_subsample": -0.622978168657336, "max_depth": 3.0, "num_boost_round": 82.0}, "datetime": {"datetime": "2024-01-19 02:14:01", "elapsed": 7341.047163, "delta": 0.007723}}
{"target": -13.75841147554025, "params": {"gamma": 708.6616900614201, "log10_alpha": -2.0413058741336387, "log10_colsample_bytree": -0.16603533509428203, "log10_eta": -3.811220079177277, "log10_lambda": 0.8144524397193109, "log10_min_child_weight": 0.5583458821517728, "log10_subsample": -0.622978168657336, "max_depth": 3.0, "num_boost_round": 83.0}, "datetime": {"datetime": "2024-01-19 02:14:01", "elapsed": 7341.054263, "delta": 0.0071}}
{"target": -13.75841017575842, "params": {"gamma": 708.6616900614201, "log10_alpha": -2.0413058741336387, "log10_colsample_bytree": -0.16603533509428203, "log10_eta": -3.811220079177277, "log10_lambda": 0.8144524397193109, "log10_min_child_weight": 0.5583458821517728, "log10_subsample": -0.622978168657336, "max_depth": 3.0, "num_boost_round": 84.0}, "datetime": {"datetime": "2024-01-19 02:14:01", "elapsed": 7341.061198, "delta": 0.006935}}
{"target": -13.75841111955538, "params": {"gamma": 708.6616900614201, "log10_alpha": -2.0413058741336387, "log10_colsample_bytree": -0.16603533509428203, "log10_eta": -3.811220079177277, "log10_lambda": 0.8144524397193109, "log10_min_child_weight": 0.5583458821517728, "log10_subsample": -0.622978168657336, "max_depth": 3.0, "num_boost_round": 85.0}, "datetime": {"datetime": "2024-01-19 02:14:01", "elapsed": 7341.067754, "delta": 0.006556}}
{"target": -13.758410380255704, "params": {"gamma": 708.6616900614201, "log10_alpha": -2.0413058741336387, "log10_colsample_bytree": -0.16603533509428203, "log10_eta": -3.811220079177277, "log10_lambda": 0.8144524397193109, "log10_min_child_weight": 0.5583458821517728, "log10_subsample": -0.622978168657336, "max_depth": 3.0, "num_boost_round": 86.0}, "datetime": {"datetime": "2024-01-19 02:14:01", "elapsed": 7341.074473, "delta": 0.006719}}
{"target": -13.758407944662538, "params": {"gamma": 708.6616900614201, "log10_alpha": -2.0413058741336387, "log10_colsample_bytree": -0.16603533509428203, "log10_eta": -3.811220079177277, "log10_lambda": 0.8144524397193109, "log10_min_child_weight": 0.5583458821517728, "log10_subsample": -0.622978168657336, "max_depth": 3.0, "num_boost_round": 87.0}, "datetime": {"datetime": "2024-01-19 02:14:01", "elapsed": 7341.081268, "delta": 0.006795}}
{"target": -13.758524522751314, "params": {"gamma": 710.433724077863, "log10_alpha": -4.655298003084549, "log10_colsample_bytree": -0.18193954000850876, "log10_eta": -3.408084418078701, "log10_lambda": -4.056743734514144, "log10_min_child_weight": 2.3301492933921413, "log10_subsample": -0.6697884318101016, "max_depth": 5.0, "num_boost_round": 0.0}, "datetime": {"datetime": "2024-01-19 02:17:09", "elapsed": 7528.763469, "delta": 187.682201}}
{"target": -13.758528560979284, "params": {"gamma": 710.433724077863, "log10_alpha": -4.655298003084549, "log10_colsample_bytree": -0.18193954000850876, "log10_eta": -3.408084418078701, "log10_lambda": -4.056743734514144, "log10_min_child_weight": 2.3301492933921413, "log10_subsample": -0.6697884318101016, "max_depth": 5.0, "num_boost_round": 1.0}, "datetime": {"datetime": "2024-01-19 02:17:09", "elapsed": 7528.77113, "delta": 0.007661}}
{"target": -13.758518080311843, "params": {"gamma": 710.433724077863, "log10_alpha": -4.655298003084549, "log10_colsample_bytree": -0.18193954000850876, "log10_eta": -3.408084418078701, "log10_lambda": -4.056743734514144, "log10_min_child_weight": 2.3301492933921413, "log10_subsample": -0.6697884318101016, "max_depth": 5.0, "num_boost_round": 2.0}, "datetime": {"datetime": "2024-01-19 02:17:09", "elapsed": 7528.783403, "delta": 0.012273}}
{"target": -13.758512142676206, "params": {"gamma": 710.433724077863, "log10_alpha": -4.655298003084549, "log10_colsample_bytree": -0.18193954000850876, "log10_eta": -3.408084418078701, "log10_lambda": -4.056743734514144, "log10_min_child_weight": 2.3301492933921413, "log10_subsample": -0.6697884318101016, "max_depth": 5.0, "num_boost_round": 3.0}, "datetime": {"datetime": "2024-01-19 02:17:09", "elapsed": 7528.790569, "delta": 0.007166}}
{"target": -13.758502072457148, "params": {"gamma": 710.433724077863, "log10_alpha": -4.655298003084549, "log10_colsample_bytree": -0.18193954000850876, "log10_eta": -3.408084418078701, "log10_lambda": -4.056743734514144, "log10_min_child_weight": 2.3301492933921413, "log10_subsample": -0.6697884318101016, "max_depth": 5.0, "num_boost_round": 4.0}, "datetime": {"datetime": "2024-01-19 02:17:09", "elapsed": 7528.797619, "delta": 0.00705}}
{"target": -13.758497239424534, "params": {"gamma": 710.433724077863, "log10_alpha": -4.655298003084549, "log10_colsample_bytree": -0.18193954000850876, "log10_eta": -3.408084418078701, "log10_lambda": -4.056743734514144, "log10_min_child_weight": 2.3301492933921413, "log10_subsample": -0.6697884318101016, "max_depth": 5.0, "num_boost_round": 5.0}, "datetime": {"datetime": "2024-01-19 02:17:09", "elapsed": 7528.804649, "delta": 0.00703}}
{"target": -13.758494189756934, "params": {"gamma": 710.433724077863, "log10_alpha": -4.655298003084549, "log10_colsample_bytree": -0.18193954000850876, "log10_eta": -3.408084418078701, "log10_lambda": -4.056743734514144, "log10_min_child_weight": 2.3301492933921413, "log10_subsample": -0.6697884318101016, "max_depth": 5.0, "num_boost_round": 6.0}, "datetime": {"datetime": "2024-01-19 02:17:09", "elapsed": 7528.81159, "delta": 0.006941}}
{"target": -13.758497875761005, "params": {"gamma": 710.433724077863, "log10_alpha": -4.655298003084549, "log10_colsample_bytree": -0.18193954000850876, "log10_eta": -3.408084418078701, "log10_lambda": -4.056743734514144, "log10_min_child_weight": 2.3301492933921413, "log10_subsample": -0.6697884318101016, "max_depth": 5.0, "num_boost_round": 7.0}, "datetime": {"datetime": "2024-01-19 02:17:09", "elapsed": 7528.818658, "delta": 0.007068}}
{"target": -13.75850040666121, "params": {"gamma": 710.433724077863, "log10_alpha": -4.655298003084549, "log10_colsample_bytree": -0.18193954000850876, "log10_eta": -3.408084418078701, "log10_lambda": -4.056743734514144, "log10_min_child_weight": 2.3301492933921413, "log10_subsample": -0.6697884318101016, "max_depth": 5.0, "num_boost_round": 8.0}, "datetime": {"datetime": "2024-01-19 02:17:09", "elapsed": 7528.825778, "delta": 0.00712}}
{"target": -13.758506430537118, "params": {"gamma": 710.433724077863, "log10_alpha": -4.655298003084549, "log10_colsample_bytree": -0.18193954000850876, "log10_eta": -3.408084418078701, "log10_lambda": -4.056743734514144, "log10_min_child_weight": 2.3301492933921413, "log10_subsample": -0.6697884318101016, "max_depth": 5.0, "num_boost_round": 9.0}, "datetime": {"datetime": "2024-01-19 02:17:09", "elapsed": 7528.833078, "delta": 0.0073}}
{"target": -13.758500009405486, "params": {"gamma": 710.433724077863, "log10_alpha": -4.655298003084549, "log10_colsample_bytree": -0.18193954000850876, "log10_eta": -3.408084418078701, "log10_lambda": -4.056743734514144, "log10_min_child_weight": 2.3301492933921413, "log10_subsample": -0.6697884318101016, "max_depth": 5.0, "num_boost_round": 10.0}, "datetime": {"datetime": "2024-01-19 02:17:09", "elapsed": 7528.840593, "delta": 0.007515}}
{"target": -13.758497546524191, "params": {"gamma": 710.433724077863, "log10_alpha": -4.655298003084549, "log10_colsample_bytree": -0.18193954000850876, "log10_eta": -3.408084418078701, "log10_lambda": -4.056743734514144, "log10_min_child_weight": 2.3301492933921413, "log10_subsample": -0.6697884318101016, "max_depth": 5.0, "num_boost_round": 11.0}, "datetime": {"datetime": "2024-01-19 02:17:09", "elapsed": 7528.847963, "delta": 0.00737}}
{"target": -13.758487193479924, "params": {"gamma": 710.433724077863, "log10_alpha": -4.655298003084549, "log10_colsample_bytree": -0.18193954000850876, "log10_eta": -3.408084418078701, "log10_lambda": -4.056743734514144, "log10_min_child_weight": 2.3301492933921413, "log10_subsample": -0.6697884318101016, "max_depth": 5.0, "num_boost_round": 12.0}, "datetime": {"datetime": "2024-01-19 02:17:09", "elapsed": 7528.855154, "delta": 0.007191}}
{"target": -13.758501795897502, "params": {"gamma": 710.433724077863, "log10_alpha": -4.655298003084549, "log10_colsample_bytree": -0.18193954000850876, "log10_eta": -3.408084418078701, "log10_lambda": -4.056743734514144, "log10_min_child_weight": 2.3301492933921413, "log10_subsample": -0.6697884318101016, "max_depth": 5.0, "num_boost_round": 13.0}, "datetime": {"datetime": "2024-01-19 02:17:09", "elapsed": 7528.86246, "delta": 0.007306}}
{"target": -13.758507498491577, "params": {"gamma": 710.433724077863, "log10_alpha": -4.655298003084549, "log10_colsample_bytree": -0.18193954000850876, "log10_eta": -3.408084418078701, "log10_lambda": -4.056743734514144, "log10_min_child_weight": 2.3301492933921413, "log10_subsample": -0.6697884318101016, "max_depth": 5.0, "num_boost_round": 14.0}, "datetime": {"datetime": "2024-01-19 02:17:09", "elapsed": 7528.869856, "delta": 0.007396}}
{"target": -13.758501021983713, "params": {"gamma": 710.433724077863, "log10_alpha": -4.655298003084549, "log10_colsample_bytree": -0.18193954000850876, "log10_eta": -3.408084418078701, "log10_lambda": -4.056743734514144, "log10_min_child_weight": 2.3301492933921413, "log10_subsample": -0.6697884318101016, "max_depth": 5.0, "num_boost_round": 15.0}, "datetime": {"datetime": "2024-01-19 02:17:09", "elapsed": 7528.876959, "delta": 0.007103}}
{"target": -13.758495049000713, "params": {"gamma": 710.433724077863, "log10_alpha": -4.655298003084549, "log10_colsample_bytree": -0.18193954000850876, "log10_eta": -3.408084418078701, "log10_lambda": -4.056743734514144, "log10_min_child_weight": 2.3301492933921413, "log10_subsample": -0.6697884318101016, "max_depth": 5.0, "num_boost_round": 16.0}, "datetime": {"datetime": "2024-01-19 02:17:09", "elapsed": 7528.884074, "delta": 0.007115}}
{"target": -13.758486446994723, "params": {"gamma": 710.433724077863, "log10_alpha": -4.655298003084549, "log10_colsample_bytree": -0.18193954000850876, "log10_eta": -3.408084418078701, "log10_lambda": -4.056743734514144, "log10_min_child_weight": 2.3301492933921413, "log10_subsample": -0.6697884318101016, "max_depth": 5.0, "num_boost_round": 17.0}, "datetime": {"datetime": "2024-01-19 02:17:09", "elapsed": 7528.891137, "delta": 0.007063}}
{"target": -13.758495880958844, "params": {"gamma": 710.433724077863, "log10_alpha": -4.655298003084549, "log10_colsample_bytree": -0.18193954000850876, "log10_eta": -3.408084418078701, "log10_lambda": -4.056743734514144, "log10_min_child_weight": 2.3301492933921413, "log10_subsample": -0.6697884318101016, "max_depth": 5.0, "num_boost_round": 18.0}, "datetime": {"datetime": "2024-01-19 02:17:09", "elapsed": 7528.898049, "delta": 0.006912}}
{"target": -13.758490383825098, "params": {"gamma": 710.433724077863, "log10_alpha": -4.655298003084549, "log10_colsample_bytree": -0.18193954000850876, "log10_eta": -3.408084418078701, "log10_lambda": -4.056743734514144, "log10_min_child_weight": 2.3301492933921413, "log10_subsample": -0.6697884318101016, "max_depth": 5.0, "num_boost_round": 19.0}, "datetime": {"datetime": "2024-01-19 02:17:09", "elapsed": 7529.03052, "delta": 0.132471}}
{"target": -13.758485872441522, "params": {"gamma": 710.433724077863, "log10_alpha": -4.655298003084549, "log10_colsample_bytree": -0.18193954000850876, "log10_eta": -3.408084418078701, "log10_lambda": -4.056743734514144, "log10_min_child_weight": 2.3301492933921413, "log10_subsample": -0.6697884318101016, "max_depth": 5.0, "num_boost_round": 20.0}, "datetime": {"datetime": "2024-01-19 02:17:09", "elapsed": 7529.039272, "delta": 0.008752}}
{"target": -13.758483164887338, "params": {"gamma": 710.433724077863, "log10_alpha": -4.655298003084549, "log10_colsample_bytree": -0.18193954000850876, "log10_eta": -3.408084418078701, "log10_lambda": -4.056743734514144, "log10_min_child_weight": 2.3301492933921413, "log10_subsample": -0.6697884318101016, "max_depth": 5.0, "num_boost_round": 21.0}, "datetime": {"datetime": "2024-01-19 02:17:09", "elapsed": 7529.046708, "delta": 0.007436}}
{"target": -13.758474675053218, "params": {"gamma": 710.433724077863, "log10_alpha": -4.655298003084549, "log10_colsample_bytree": -0.18193954000850876, "log10_eta": -3.408084418078701, "log10_lambda": -4.056743734514144, "log10_min_child_weight": 2.3301492933921413, "log10_subsample": -0.6697884318101016, "max_depth": 5.0, "num_boost_round": 22.0}, "datetime": {"datetime": "2024-01-19 02:17:09", "elapsed": 7529.054, "delta": 0.007292}}
{"target": -13.758465971965245, "params": {"gamma": 710.433724077863, "log10_alpha": -4.655298003084549, "log10_colsample_bytree": -0.18193954000850876, "log10_eta": -3.408084418078701, "log10_lambda": -4.056743734514144, "log10_min_child_weight": 2.3301492933921413, "log10_subsample": -0.6697884318101016, "max_depth": 5.0, "num_boost_round": 23.0}, "datetime": {"datetime": "2024-01-19 02:17:09", "elapsed": 7529.061064, "delta": 0.007064}}
{"target": -13.758464753799759, "params": {"gamma": 710.433724077863, "log10_alpha": -4.655298003084549, "log10_colsample_bytree": -0.18193954000850876, "log10_eta": -3.408084418078701, "log10_lambda": -4.056743734514144, "log10_min_child_weight": 2.3301492933921413, "log10_subsample": -0.6697884318101016, "max_depth": 5.0, "num_boost_round": 24.0}, "datetime": {"datetime": "2024-01-19 02:17:09", "elapsed": 7529.068202, "delta": 0.007138}}
{"target": -13.758459629501393, "params": {"gamma": 710.433724077863, "log10_alpha": -4.655298003084549, "log10_colsample_bytree": -0.18193954000850876, "log10_eta": -3.408084418078701, "log10_lambda": -4.056743734514144, "log10_min_child_weight": 2.3301492933921413, "log10_subsample": -0.6697884318101016, "max_depth": 5.0, "num_boost_round": 25.0}, "datetime": {"datetime": "2024-01-19 02:17:09", "elapsed": 7529.07529, "delta": 0.007088}}
{"target": -13.75844455773069, "params": {"gamma": 710.433724077863, "log10_alpha": -4.655298003084549, "log10_colsample_bytree": -0.18193954000850876, "log10_eta": -3.408084418078701, "log10_lambda": -4.056743734514144, "log10_min_child_weight": 2.3301492933921413, "log10_subsample": -0.6697884318101016, "max_depth": 5.0, "num_boost_round": 26.0}, "datetime": {"datetime": "2024-01-19 02:17:09", "elapsed": 7529.082345, "delta": 0.007055}}
{"target": -13.758437708957965, "params": {"gamma": 710.433724077863, "log10_alpha": -4.655298003084549, "log10_colsample_bytree": -0.18193954000850876, "log10_eta": -3.408084418078701, "log10_lambda": -4.056743734514144, "log10_min_child_weight": 2.3301492933921413, "log10_subsample": -0.6697884318101016, "max_depth": 5.0, "num_boost_round": 27.0}, "datetime": {"datetime": "2024-01-19 02:17:10", "elapsed": 7529.089556, "delta": 0.007211}}
{"target": -13.758430801676475, "params": {"gamma": 710.433724077863, "log10_alpha": -4.655298003084549, "log10_colsample_bytree": -0.18193954000850876, "log10_eta": -3.408084418078701, "log10_lambda": -4.056743734514144, "log10_min_child_weight": 2.3301492933921413, "log10_subsample": -0.6697884318101016, "max_depth": 5.0, "num_boost_round": 28.0}, "datetime": {"datetime": "2024-01-19 02:17:10", "elapsed": 7529.09656, "delta": 0.007004}}
{"target": -13.758425681914783, "params": {"gamma": 710.433724077863, "log10_alpha": -4.655298003084549, "log10_colsample_bytree": -0.18193954000850876, "log10_eta": -3.408084418078701, "log10_lambda": -4.056743734514144, "log10_min_child_weight": 2.3301492933921413, "log10_subsample": -0.6697884318101016, "max_depth": 5.0, "num_boost_round": 29.0}, "datetime": {"datetime": "2024-01-19 02:17:10", "elapsed": 7529.103598, "delta": 0.007038}}
{"target": -13.758431263704347, "params": {"gamma": 710.433724077863, "log10_alpha": -4.655298003084549, "log10_colsample_bytree": -0.18193954000850876, "log10_eta": -3.408084418078701, "log10_lambda": -4.056743734514144, "log10_min_child_weight": 2.3301492933921413, "log10_subsample": -0.6697884318101016, "max_depth": 5.0, "num_boost_round": 30.0}, "datetime": {"datetime": "2024-01-19 02:17:10", "elapsed": 7529.110434, "delta": 0.006836}}
{"target": -13.758427010666797, "params": {"gamma": 710.433724077863, "log10_alpha": -4.655298003084549, "log10_colsample_bytree": -0.18193954000850876, "log10_eta": -3.408084418078701, "log10_lambda": -4.056743734514144, "log10_min_child_weight": 2.3301492933921413, "log10_subsample": -0.6697884318101016, "max_depth": 5.0, "num_boost_round": 31.0}, "datetime": {"datetime": "2024-01-19 02:17:10", "elapsed": 7529.117507, "delta": 0.007073}}
{"target": -13.758410573714128, "params": {"gamma": 710.433724077863, "log10_alpha": -4.655298003084549, "log10_colsample_bytree": -0.18193954000850876, "log10_eta": -3.408084418078701, "log10_lambda": -4.056743734514144, "log10_min_child_weight": 2.3301492933921413, "log10_subsample": -0.6697884318101016, "max_depth": 5.0, "num_boost_round": 32.0}, "datetime": {"datetime": "2024-01-19 02:17:10", "elapsed": 7529.126252, "delta": 0.008745}}
{"target": -13.758407193755412, "params": {"gamma": 710.433724077863, "log10_alpha": -4.655298003084549, "log10_colsample_bytree": -0.18193954000850876, "log10_eta": -3.408084418078701, "log10_lambda": -4.056743734514144, "log10_min_child_weight": 2.3301492933921413, "log10_subsample": -0.6697884318101016, "max_depth": 5.0, "num_boost_round": 33.0}, "datetime": {"datetime": "2024-01-19 02:17:10", "elapsed": 7529.134294, "delta": 0.008042}}
{"target": -13.758398086338387, "params": {"gamma": 710.433724077863, "log10_alpha": -4.655298003084549, "log10_colsample_bytree": -0.18193954000850876, "log10_eta": -3.408084418078701, "log10_lambda": -4.056743734514144, "log10_min_child_weight": 2.3301492933921413, "log10_subsample": -0.6697884318101016, "max_depth": 5.0, "num_boost_round": 34.0}, "datetime": {"datetime": "2024-01-19 02:17:10", "elapsed": 7529.141487, "delta": 0.007193}}
{"target": -13.758400839550328, "params": {"gamma": 710.433724077863, "log10_alpha": -4.655298003084549, "log10_colsample_bytree": -0.18193954000850876, "log10_eta": -3.408084418078701, "log10_lambda": -4.056743734514144, "log10_min_child_weight": 2.3301492933921413, "log10_subsample": -0.6697884318101016, "max_depth": 5.0, "num_boost_round": 35.0}, "datetime": {"datetime": "2024-01-19 02:17:10", "elapsed": 7529.148409, "delta": 0.006922}}
{"target": -13.758401139318968, "params": {"gamma": 710.433724077863, "log10_alpha": -4.655298003084549, "log10_colsample_bytree": -0.18193954000850876, "log10_eta": -3.408084418078701, "log10_lambda": -4.056743734514144, "log10_min_child_weight": 2.3301492933921413, "log10_subsample": -0.6697884318101016, "max_depth": 5.0, "num_boost_round": 36.0}, "datetime": {"datetime": "2024-01-19 02:17:10", "elapsed": 7529.155188, "delta": 0.006779}}
{"target": -13.758401495601287, "params": {"gamma": 710.433724077863, "log10_alpha": -4.655298003084549, "log10_colsample_bytree": -0.18193954000850876, "log10_eta": -3.408084418078701, "log10_lambda": -4.056743734514144, "log10_min_child_weight": 2.3301492933921413, "log10_subsample": -0.6697884318101016, "max_depth": 5.0, "num_boost_round": 37.0}, "datetime": {"datetime": "2024-01-19 02:17:10", "elapsed": 7529.162355, "delta": 0.007167}}
{"target": -13.758398284624066, "params": {"gamma": 710.433724077863, "log10_alpha": -4.655298003084549, "log10_colsample_bytree": -0.18193954000850876, "log10_eta": -3.408084418078701, "log10_lambda": -4.056743734514144, "log10_min_child_weight": 2.3301492933921413, "log10_subsample": -0.6697884318101016, "max_depth": 5.0, "num_boost_round": 38.0}, "datetime": {"datetime": "2024-01-19 02:17:10", "elapsed": 7529.169403, "delta": 0.007048}}
