{"target": -13.758538315990036, "params": {"gamma": 443.74843715881855, "log10_alpha": 0.40771530989121685, "log10_colsample_bytree": -1.0, "log10_eta": -4.0, "log10_lambda": -0.687055288782763, "log10_min_child_weight": 5.0, "log10_subsample": -1.0, "max_depth": 9.0, "num_boost_round": 9.0}, "datetime": {"datetime": "2024-01-19 00:21:00", "elapsed": 564.205172, "delta": 0.001232}}
{"target": -13.758538335803372, "params": {"gamma": 443.74843715881855, "log10_alpha": 0.40771530989121685, "log10_colsample_bytree": -1.0, "log10_eta": -4.0, "log10_lambda": -0.687055288782763, "log10_min_child_weight": 5.0, "log10_subsample": -1.0, "max_depth": 9.0, "num_boost_round": 10.0}, "datetime": {"datetime": "2024-01-19 00:21:00", "elapsed": 564.20642, "delta": 0.001248}}
{"target": -13.758538343783899, "params": {"gamma": 443.74843715881855, "log10_alpha": 0.40771530989121685, "log10_colsample_bytree": -1.0, "log10_eta": -4.0, "log10_lambda": -0.687055288782763, "log10_min_child_weight": 5.0, "log10_subsample": -1.0, "max_depth": 9.0, "num_boost_round": 11.0}, "datetime": {"datetime": "2024-01-19 00:21:00", "elapsed": 564.207658, "delta": 0.001238}}
{"target": -13.758538339044932, "params": {"gamma": 443.74843715881855, "log10_alpha": 0.40771530989121685, "log10_colsample_bytree": -1.0, "log10_eta": -4.0, "log10_lambda": -0.687055288782763, "log10_min_child_weight": 5.0, "log10_subsample": -1.0, "max_depth": 9.0, "num_boost_round": 12.0}, "datetime": {"datetime": "2024-01-19 00:21:00", "elapsed": 564.208895, "delta": 0.001237}}
{"target": -13.758538343652527, "params": {"gamma": 443.74843715881855, "log10_alpha": 0.40771530989121685, "log10_colsample_bytree": -1.0, "log10_eta": -4.0, "log10_lambda": -0.687055288782763, "log10_min_child_weight": 5.0, "log10_subsample": -1.0, "max_depth": 9.0, "num_boost_round": 13.0}, "datetime": {"datetime": "2024-01-19 00:21:00", "elapsed": 564.210405, "delta": 0.00151}}
{"target": -13.75853833485527, "params": {"gamma": 443.74843715881855, "log10_alpha": 0.40771530989121685, "log10_colsample_bytree": -1.0, "log10_eta": -4.0, "log10_lambda": -0.687055288782763, "log10_min_child_weight": 5.0, "log10_subsample": -1.0, "max_depth": 9.0, "num_boost_round": 14.0}, "datetime": {"datetime": "2024-01-19 00:21:00", "elapsed": 564.211731, "delta": 0.001326}}
{"target": -13.758538316306923, "params": {"gamma": 443.74843715881855, "log10_alpha": 0.40771530989121685, "log10_colsample_bytree": -1.0, "log10_eta": -4.0, "log10_lambda": -0.687055288782763, "log10_min_child_weight": 5.0, "log10_subsample": -1.0, "max_depth": 9.0, "num_boost_round": 15.0}, "datetime": {"datetime": "2024-01-19 00:21:00", "elapsed": 564.213058, "delta": 0.001327}}
{"target": -13.75853831536608, "params": {"gamma": 443.74843715881855, "log10_alpha": 0.40771530989121685, "log10_colsample_bytree": -1.0, "log10_eta": -4.0, "log10_lambda": -0.687055288782763, "log10_min_child_weight": 5.0, "log10_subsample": -1.0, "max_depth": 9.0, "num_boost_round": 16.0}, "datetime": {"datetime": "2024-01-19 00:21:00", "elapsed": 564.214304, "delta": 0.001246}}
{"target": -13.758538310737864, "params": {"gamma": 443.74843715881855, "log10_alpha": 0.40771530989121685, "log10_colsample_bytree": -1.0, "log10_eta": -4.0, "log10_lambda": -0.687055288782763, "log10_min_child_weight": 5.0, "log10_subsample": -1.0, "max_depth": 9.0, "num_boost_round": 17.0}, "datetime": {"datetime": "2024-01-19 00:21:00", "elapsed": 564.21554, "delta": 0.001236}}
{"target": -13.758538339068105, "params": {"gamma": 443.74843715881855, "log10_alpha": 0.40771530989121685, "log10_colsample_bytree": -1.0, "log10_eta": -4.0, "log10_lambda": -0.687055288782763, "log10_min_child_weight": 5.0, "log10_subsample": -1.0, "max_depth": 9.0, "num_boost_round": 18.0}, "datetime": {"datetime": "2024-01-19 00:21:00", "elapsed": 564.216786, "delta": 0.001246}}
{"target": -13.758538320682742, "params": {"gamma": 443.74843715881855, "log10_alpha": 0.40771530989121685, "log10_colsample_bytree": -1.0, "log10_eta": -4.0, "log10_lambda": -0.687055288782763, "log10_min_child_weight": 5.0, "log10_subsample": -1.0, "max_depth": 9.0, "num_boost_round": 19.0}, "datetime": {"datetime": "2024-01-19 00:21:00", "elapsed": 564.218125, "delta": 0.001339}}
{"target": -13.758538317593962, "params": {"gamma": 443.74843715881855, "log10_alpha": 0.40771530989121685, "log10_colsample_bytree": -1.0, "log10_eta": -4.0, "log10_lambda": -0.687055288782763, "log10_min_child_weight": 5.0, "log10_subsample": -1.0, "max_depth": 9.0, "num_boost_round": 20.0}, "datetime": {"datetime": "2024-01-19 00:21:00", "elapsed": 564.219434, "delta": 0.001309}}
{"target": -13.758538316351467, "params": {"gamma": 443.74843715881855, "log10_alpha": 0.40771530989121685, "log10_colsample_bytree": -1.0, "log10_eta": -4.0, "log10_lambda": -0.687055288782763, "log10_min_child_weight": 5.0, "log10_subsample": -1.0, "max_depth": 9.0, "num_boost_round": 21.0}, "datetime": {"datetime": "2024-01-19 00:21:00", "elapsed": 564.220729, "delta": 0.001295}}
{"target": -13.758538345060954, "params": {"gamma": 443.74843715881855, "log10_alpha": 0.40771530989121685, "log10_colsample_bytree": -1.0, "log10_eta": -4.0, "log10_lambda": -0.687055288782763, "log10_min_child_weight": 5.0, "log10_subsample": -1.0, "max_depth": 9.0, "num_boost_round": 22.0}, "datetime": {"datetime": "2024-01-19 00:21:00", "elapsed": 564.222037, "delta": 0.001308}}
{"target": -13.758538334809709, "params": {"gamma": 443.74843715881855, "log10_alpha": 0.40771530989121685, "log10_colsample_bytree": -1.0, "log10_eta": -4.0, "log10_lambda": -0.687055288782763, "log10_min_child_weight": 5.0, "log10_subsample": -1.0, "max_depth": 9.0, "num_boost_round": 23.0}, "datetime": {"datetime": "2024-01-19 00:21:00", "elapsed": 564.223336, "delta": 0.001299}}
{"target": -13.758538341159282, "params": {"gamma": 443.74843715881855, "log10_alpha": 0.40771530989121685, "log10_colsample_bytree": -1.0, "log10_eta": -4.0, "log10_lambda": -0.687055288782763, "log10_min_child_weight": 5.0, "log10_subsample": -1.0, "max_depth": 9.0, "num_boost_round": 24.0}, "datetime": {"datetime": "2024-01-19 00:21:00", "elapsed": 564.224631, "delta": 0.001295}}
{"target": -13.758538317884941, "params": {"gamma": 443.74843715881855, "log10_alpha": 0.40771530989121685, "log10_colsample_bytree": -1.0, "log10_eta": -4.0, "log10_lambda": -0.687055288782763, "log10_min_child_weight": 5.0, "log10_subsample": -1.0, "max_depth": 9.0, "num_boost_round": 25.0}, "datetime": {"datetime": "2024-01-19 00:21:00", "elapsed": 564.225941, "delta": 0.00131}}
{"target": -13.758538324143577, "params": {"gamma": 443.74843715881855, "log10_alpha": 0.40771530989121685, "log10_colsample_bytree": -1.0, "log10_eta": -4.0, "log10_lambda": -0.687055288782763, "log10_min_child_weight": 5.0, "log10_subsample": -1.0, "max_depth": 9.0, "num_boost_round": 26.0}, "datetime": {"datetime": "2024-01-19 00:21:00", "elapsed": 564.227263, "delta": 0.001322}}
{"target": -13.758538341394088, "params": {"gamma": 443.74843715881855, "log10_alpha": 0.40771530989121685, "log10_colsample_bytree": -1.0, "log10_eta": -4.0, "log10_lambda": -0.687055288782763, "log10_min_child_weight": 5.0, "log10_subsample": -1.0, "max_depth": 9.0, "num_boost_round": 27.0}, "datetime": {"datetime": "2024-01-19 00:21:00", "elapsed": 564.22856, "delta": 0.001297}}
{"target": -13.758538321213171, "params": {"gamma": 443.74843715881855, "log10_alpha": 0.40771530989121685, "log10_colsample_bytree": -1.0, "log10_eta": -4.0, "log10_lambda": -0.687055288782763, "log10_min_child_weight": 5.0, "log10_subsample": -1.0, "max_depth": 9.0, "num_boost_round": 28.0}, "datetime": {"datetime": "2024-01-19 00:21:00", "elapsed": 564.229852, "delta": 0.001292}}
{"target": -13.758538309289152, "params": {"gamma": 443.74843715881855, "log10_alpha": 0.40771530989121685, "log10_colsample_bytree": -1.0, "log10_eta": -4.0, "log10_lambda": -0.687055288782763, "log10_min_child_weight": 5.0, "log10_subsample": -1.0, "max_depth": 9.0, "num_boost_round": 29.0}, "datetime": {"datetime": "2024-01-19 00:21:00", "elapsed": 564.231152, "delta": 0.0013}}
{"target": -13.758538311124052, "params": {"gamma": 443.74843715881855, "log10_alpha": 0.40771530989121685, "log10_colsample_bytree": -1.0, "log10_eta": -4.0, "log10_lambda": -0.687055288782763, "log10_min_child_weight": 5.0, "log10_subsample": -1.0, "max_depth": 9.0, "num_boost_round": 30.0}, "datetime": {"datetime": "2024-01-19 00:21:00", "elapsed": 564.232461, "delta": 0.001309}}
{"target": -13.758538333203038, "params": {"gamma": 443.74843715881855, "log10_alpha": 0.40771530989121685, "log10_colsample_bytree": -1.0, "log10_eta": -4.0, "log10_lambda": -0.687055288782763, "log10_min_child_weight": 5.0, "log10_subsample": -1.0, "max_depth": 9.0, "num_boost_round": 31.0}, "datetime": {"datetime": "2024-01-19 00:21:00", "elapsed": 564.233785, "delta": 0.001324}}
{"target": -13.758538317888195, "params": {"gamma": 443.74843715881855, "log10_alpha": 0.40771530989121685, "log10_colsample_bytree": -1.0, "log10_eta": -4.0, "log10_lambda": -0.687055288782763, "log10_min_child_weight": 5.0, "log10_subsample": -1.0, "max_depth": 9.0, "num_boost_round": 32.0}, "datetime": {"datetime": "2024-01-19 00:21:00", "elapsed": 564.2351, "delta": 0.001315}}
{"target": -13.758538317888195, "params": {"gamma": 443.74843715881855, "log10_alpha": 0.40771530989121685, "log10_colsample_bytree": -1.0, "log10_eta": -4.0, "log10_lambda": -0.687055288782763, "log10_min_child_weight": 5.0, "log10_subsample": -1.0, "max_depth": 9.0, "num_boost_round": 33.0}, "datetime": {"datetime": "2024-01-19 00:21:00", "elapsed": 564.236422, "delta": 0.001322}}
{"target": -13.75853835294087, "params": {"gamma": 443.74843715881855, "log10_alpha": 0.40771530989121685, "log10_colsample_bytree": -1.0, "log10_eta": -4.0, "log10_lambda": -0.687055288782763, "log10_min_child_weight": 5.0, "log10_subsample": -1.0, "max_depth": 9.0, "num_boost_round": 34.0}, "datetime": {"datetime": "2024-01-19 00:21:00", "elapsed": 564.237753, "delta": 0.001331}}
{"target": -13.758538322611322, "params": {"gamma": 443.74843715881855, "log10_alpha": 0.40771530989121685, "log10_colsample_bytree": -1.0, "log10_eta": -4.0, "log10_lambda": -0.687055288782763, "log10_min_child_weight": 5.0, "log10_subsample": -1.0, "max_depth": 9.0, "num_boost_round": 35.0}, "datetime": {"datetime": "2024-01-19 00:21:00", "elapsed": 564.23908, "delta": 0.001327}}
{"target": -13.758538348518663, "params": {"gamma": 443.74843715881855, "log10_alpha": 0.40771530989121685, "log10_colsample_bytree": -1.0, "log10_eta": -4.0, "log10_lambda": -0.687055288782763, "log10_min_child_weight": 5.0, "log10_subsample": -1.0, "max_depth": 9.0, "num_boost_round": 36.0}, "datetime": {"datetime": "2024-01-19 00:21:00", "elapsed": 564.240379, "delta": 0.001299}}
{"target": -13.758538313701823, "params": {"gamma": 443.74843715881855, "log10_alpha": 0.40771530989121685, "log10_colsample_bytree": -1.0, "log10_eta": -4.0, "log10_lambda": -0.687055288782763, "log10_min_child_weight": 5.0, "log10_subsample": -1.0, "max_depth": 9.0, "num_boost_round": 37.0}, "datetime": {"datetime": "2024-01-19 00:21:00", "elapsed": 564.241682, "delta": 0.001303}}
{"target": -13.758538317490864, "params": {"gamma": 443.74843715881855, "log10_alpha": 0.40771530989121685, "log10_colsample_bytree": -1.0, "log10_eta": -4.0, "log10_lambda": -0.687055288782763, "log10_min_child_weight": 5.0, "log10_subsample": -1.0, "max_depth": 9.0, "num_boost_round": 38.0}, "datetime": {"datetime": "2024-01-19 00:21:00", "elapsed": 564.24299, "delta": 0.001308}}
{"target": -13.758538322446615, "params": {"gamma": 443.74843715881855, "log10_alpha": 0.40771530989121685, "log10_colsample_bytree": -1.0, "log10_eta": -4.0, "log10_lambda": -0.687055288782763, "log10_min_child_weight": 5.0, "log10_subsample": -1.0, "max_depth": 9.0, "num_boost_round": 39.0}, "datetime": {"datetime": "2024-01-19 00:21:00", "elapsed": 564.244298, "delta": 0.001308}}
{"target": -13.75853832062598, "params": {"gamma": 443.74843715881855, "log10_alpha": 0.40771530989121685, "log10_colsample_bytree": -1.0, "log10_eta": -4.0, "log10_lambda": -0.687055288782763, "log10_min_child_weight": 5.0, "log10_subsample": -1.0, "max_depth": 9.0, "num_boost_round": 40.0}, "datetime": {"datetime": "2024-01-19 00:21:00", "elapsed": 564.24562, "delta": 0.001322}}
{"target": -13.758538332573394, "params": {"gamma": 443.74843715881855, "log10_alpha": 0.40771530989121685, "log10_colsample_bytree": -1.0, "log10_eta": -4.0, "log10_lambda": -0.687055288782763, "log10_min_child_weight": 5.0, "log10_subsample": -1.0, "max_depth": 9.0, "num_boost_round": 41.0}, "datetime": {"datetime": "2024-01-19 00:21:00", "elapsed": 564.246938, "delta": 0.001318}}
{"target": -13.758538339888858, "params": {"gamma": 443.74843715881855, "log10_alpha": 0.40771530989121685, "log10_colsample_bytree": -1.0, "log10_eta": -4.0, "log10_lambda": -0.687055288782763, "log10_min_child_weight": 5.0, "log10_subsample": -1.0, "max_depth": 9.0, "num_boost_round": 42.0}, "datetime": {"datetime": "2024-01-19 00:21:00", "elapsed": 564.248248, "delta": 0.00131}}
{"target": -13.758538335407462, "params": {"gamma": 443.74843715881855, "log10_alpha": 0.40771530989121685, "log10_colsample_bytree": -1.0, "log10_eta": -4.0, "log10_lambda": -0.687055288782763, "log10_min_child_weight": 5.0, "log10_subsample": -1.0, "max_depth": 9.0, "num_boost_round": 43.0}, "datetime": {"datetime": "2024-01-19 00:21:00", "elapsed": 564.249564, "delta": 0.001316}}
{"target": -13.75853833993196, "params": {"gamma": 443.74843715881855, "log10_alpha": 0.40771530989121685, "log10_colsample_bytree": -1.0, "log10_eta": -4.0, "log10_lambda": -0.687055288782763, "log10_min_child_weight": 5.0, "log10_subsample": -1.0, "max_depth": 9.0, "num_boost_round": 44.0}, "datetime": {"datetime": "2024-01-19 00:21:00", "elapsed": 564.250887, "delta": 0.001323}}
{"target": -13.758538344008146, "params": {"gamma": 443.74843715881855, "log10_alpha": 0.40771530989121685, "log10_colsample_bytree": -1.0, "log10_eta": -4.0, "log10_lambda": -0.687055288782763, "log10_min_child_weight": 5.0, "log10_subsample": -1.0, "max_depth": 9.0, "num_boost_round": 45.0}, "datetime": {"datetime": "2024-01-19 00:21:00", "elapsed": 564.252219, "delta": 0.001332}}
{"target": -13.758538317892404, "params": {"gamma": 443.74843715881855, "log10_alpha": 0.40771530989121685, "log10_colsample_bytree": -1.0, "log10_eta": -4.0, "log10_lambda": -0.687055288782763, "log10_min_child_weight": 5.0, "log10_subsample": -1.0, "max_depth": 9.0, "num_boost_round": 46.0}, "datetime": {"datetime": "2024-01-19 00:21:00", "elapsed": 564.25353, "delta": 0.001311}}
{"target": -13.758538328595588, "params": {"gamma": 443.74843715881855, "log10_alpha": 0.40771530989121685, "log10_colsample_bytree": -1.0, "log10_eta": -4.0, "log10_lambda": -0.687055288782763, "log10_min_child_weight": 5.0, "log10_subsample": -1.0, "max_depth": 9.0, "num_boost_round": 47.0}, "datetime": {"datetime": "2024-01-19 00:21:00", "elapsed": 564.25484, "delta": 0.00131}}
{"target": -13.758538354495405, "params": {"gamma": 443.74843715881855, "log10_alpha": 0.40771530989121685, "log10_colsample_bytree": -1.0, "log10_eta": -4.0, "log10_lambda": -0.687055288782763, "log10_min_child_weight": 5.0, "log10_subsample": -1.0, "max_depth": 9.0, "num_boost_round": 48.0}, "datetime": {"datetime": "2024-01-19 00:21:00", "elapsed": 564.256823, "delta": 0.001983}}
{"target": -13.758533384776294, "params": {"gamma": 449.518824086646, "log10_alpha": -2.948947048728003, "log10_colsample_bytree": -0.40730150182696345, "log10_eta": -3.6918686785852137, "log10_lambda": 0.1426080003953416, "log10_min_child_weight": 0.13562220562442162, "log10_subsample": -0.1415381185759118, "max_depth": 4.0, "num_boost_round": 0.0}, "datetime": {"datetime": "2024-01-19 00:21:41", "elapsed": 605.24623, "delta": 40.989407}}
{"target": -13.758531093207468, "params": {"gamma": 449.518824086646, "log10_alpha": -2.948947048728003, "log10_colsample_bytree": -0.40730150182696345, "log10_eta": -3.6918686785852137, "log10_lambda": 0.1426080003953416, "log10_min_child_weight": 0.13562220562442162, "log10_subsample": -0.1415381185759118, "max_depth": 4.0, "num_boost_round": 1.0}, "datetime": {"datetime": "2024-01-19 00:21:41", "elapsed": 605.247682, "delta": 0.001452}}
{"target": -13.758530020219164, "params": {"gamma": 449.518824086646, "log10_alpha": -2.948947048728003, "log10_colsample_bytree": -0.40730150182696345, "log10_eta": -3.6918686785852137, "log10_lambda": 0.1426080003953416, "log10_min_child_weight": 0.13562220562442162, "log10_subsample": -0.1415381185759118, "max_depth": 4.0, "num_boost_round": 2.0}, "datetime": {"datetime": "2024-01-19 00:21:41", "elapsed": 605.249, "delta": 0.001318}}
{"target": -13.758530860427847, "params": {"gamma": 449.518824086646, "log10_alpha": -2.948947048728003, "log10_colsample_bytree": -0.40730150182696345, "log10_eta": -3.6918686785852137, "log10_lambda": 0.1426080003953416, "log10_min_child_weight": 0.13562220562442162, "log10_subsample": -0.1415381185759118, "max_depth": 4.0, "num_boost_round": 3.0}, "datetime": {"datetime": "2024-01-19 00:21:41", "elapsed": 605.250328, "delta": 0.001328}}
{"target": -13.758528258064981, "params": {"gamma": 449.518824086646, "log10_alpha": -2.948947048728003, "log10_colsample_bytree": -0.40730150182696345, "log10_eta": -3.6918686785852137, "log10_lambda": 0.1426080003953416, "log10_min_child_weight": 0.13562220562442162, "log10_subsample": -0.1415381185759118, "max_depth": 4.0, "num_boost_round": 4.0}, "datetime": {"datetime": "2024-01-19 00:21:41", "elapsed": 605.251637, "delta": 0.001309}}
{"target": -13.758521315167087, "params": {"gamma": 449.518824086646, "log10_alpha": -2.948947048728003, "log10_colsample_bytree": -0.40730150182696345, "log10_eta": -3.6918686785852137, "log10_lambda": 0.1426080003953416, "log10_min_child_weight": 0.13562220562442162, "log10_subsample": -0.1415381185759118, "max_depth": 4.0, "num_boost_round": 5.0}, "datetime": {"datetime": "2024-01-19 00:21:41", "elapsed": 605.253125, "delta": 0.001488}}
{"target": -13.75851730798149, "params": {"gamma": 449.518824086646, "log10_alpha": -2.948947048728003, "log10_colsample_bytree": -0.40730150182696345, "log10_eta": -3.6918686785852137, "log10_lambda": 0.1426080003953416, "log10_min_child_weight": 0.13562220562442162, "log10_subsample": -0.1415381185759118, "max_depth": 4.0, "num_boost_round": 6.0}, "datetime": {"datetime": "2024-01-19 00:21:41", "elapsed": 605.255223, "delta": 0.002098}}
{"target": -13.758510612919855, "params": {"gamma": 449.518824086646, "log10_alpha": -2.948947048728003, "log10_colsample_bytree": -0.40730150182696345, "log10_eta": -3.6918686785852137, "log10_lambda": 0.1426080003953416, "log10_min_child_weight": 0.13562220562442162, "log10_subsample": -0.1415381185759118, "max_depth": 4.0, "num_boost_round": 7.0}, "datetime": {"datetime": "2024-01-19 00:21:41", "elapsed": 605.256545, "delta": 0.001322}}
{"target": -13.758499658139103, "params": {"gamma": 449.518824086646, "log10_alpha": -2.948947048728003, "log10_colsample_bytree": -0.40730150182696345, "log10_eta": -3.6918686785852137, "log10_lambda": 0.1426080003953416, "log10_min_child_weight": 0.13562220562442162, "log10_subsample": -0.1415381185759118, "max_depth": 4.0, "num_boost_round": 8.0}, "datetime": {"datetime": "2024-01-19 00:21:41", "elapsed": 605.257857, "delta": 0.001312}}
{"target": -13.758496101981324, "params": {"gamma": 449.518824086646, "log10_alpha": -2.948947048728003, "log10_colsample_bytree": -0.40730150182696345, "log10_eta": -3.6918686785852137, "log10_lambda": 0.1426080003953416, "log10_min_child_weight": 0.13562220562442162, "log10_subsample": -0.1415381185759118, "max_depth": 4.0, "num_boost_round": 9.0}, "datetime": {"datetime": "2024-01-19 00:21:41", "elapsed": 605.259162, "delta": 0.001305}}
{"target": -13.758493252172153, "params": {"gamma": 449.518824086646, "log10_alpha": -2.948947048728003, "log10_colsample_bytree": -0.40730150182696345, "log10_eta": -3.6918686785852137, "log10_lambda": 0.1426080003953416, "log10_min_child_weight": 0.13562220562442162, "log10_subsample": -0.1415381185759118, "max_depth": 4.0, "num_boost_round": 10.0}, "datetime": {"datetime": "2024-01-19 00:21:41", "elapsed": 605.260477, "delta": 0.001315}}
{"target": -13.758487983646893, "params": {"gamma": 449.518824086646, "log10_alpha": -2.948947048728003, "log10_colsample_bytree": -0.40730150182696345, "log10_eta": -3.6918686785852137, "log10_lambda": 0.1426080003953416, "log10_min_child_weight": 0.13562220562442162, "log10_subsample": -0.1415381185759118, "max_depth": 4.0, "num_boost_round": 11.0}, "datetime": {"datetime": "2024-01-19 00:21:41", "elapsed": 605.261782, "delta": 0.001305}}
{"target": -13.758486260428056, "params": {"gamma": 449.518824086646, "log10_alpha": -2.948947048728003, "log10_colsample_bytree": -0.40730150182696345, "log10_eta": -3.6918686785852137, "log10_lambda": 0.1426080003953416, "log10_min_child_weight": 0.13562220562442162, "log10_subsample": -0.1415381185759118, "max_depth": 4.0, "num_boost_round": 12.0}, "datetime": {"datetime": "2024-01-19 00:21:41", "elapsed": 605.263089, "delta": 0.001307}}
{"target": -13.75848250058543, "params": {"gamma": 449.518824086646, "log10_alpha": -2.948947048728003, "log10_colsample_bytree": -0.40730150182696345, "log10_eta": -3.6918686785852137, "log10_lambda": 0.1426080003953416, "log10_min_child_weight": 0.13562220562442162, "log10_subsample": -0.1415381185759118, "max_depth": 4.0, "num_boost_round": 13.0}, "datetime": {"datetime": "2024-01-19 00:21:41", "elapsed": 605.264409, "delta": 0.00132}}
