{"target": -17.677226514549577, "params": {"gamma": 32.84147997228914, "log10_alpha": -4.413411167915688, "log10_colsample_bytree": -0.5083502466121049, "log10_eta": -3.961926419456349, "log10_lambda": 0.6749950031995962, "log10_min_child_weight": 4.807697200974276, "log10_subsample": -0.11729917817520674, "max_depth": 8.0, "num_boost_round": 7.0}, "datetime": {"datetime": "2024-01-19 00:52:54", "elapsed": 2527.722527, "delta": 0.002483}}
{"target": -17.677225930339347, "params": {"gamma": 32.84147997228914, "log10_alpha": -4.413411167915688, "log10_colsample_bytree": -0.5083502466121049, "log10_eta": -3.961926419456349, "log10_lambda": 0.6749950031995962, "log10_min_child_weight": 4.807697200974276, "log10_subsample": -0.11729917817520674, "max_depth": 8.0, "num_boost_round": 8.0}, "datetime": {"datetime": "2024-01-19 00:52:54", "elapsed": 2527.725064, "delta": 0.002537}}
{"target": -17.67722444605929, "params": {"gamma": 32.84147997228914, "log10_alpha": -4.413411167915688, "log10_colsample_bytree": -0.5083502466121049, "log10_eta": -3.961926419456349, "log10_lambda": 0.6749950031995962, "log10_min_child_weight": 4.807697200974276, "log10_subsample": -0.11729917817520674, "max_depth": 8.0, "num_boost_round": 9.0}, "datetime": {"datetime": "2024-01-19 00:52:54", "elapsed": 2527.727628, "delta": 0.002564}}
{"target": -17.67722370278686, "params": {"gamma": 32.84147997228914, "log10_alpha": -4.413411167915688, "log10_colsample_bytree": -0.5083502466121049, "log10_eta": -3.961926419456349, "log10_lambda": 0.6749950031995962, "log10_min_child_weight": 4.807697200974276, "log10_subsample": -0.11729917817520674, "max_depth": 8.0, "num_boost_round": 10.0}, "datetime": {"datetime": "2024-01-19 00:52:54", "elapsed": 2527.730159, "delta": 0.002531}}
{"target": -17.677222158710844, "params": {"gamma": 32.84147997228914, "log10_alpha": -4.413411167915688, "log10_colsample_bytree": -0.5083502466121049, "log10_eta": -3.961926419456349, "log10_lambda": 0.6749950031995962, "log10_min_child_weight": 4.807697200974276, "log10_subsample": -0.11729917817520674, "max_depth": 8.0, "num_boost_round": 11.0}, "datetime": {"datetime": "2024-01-19 00:52:54", "elapsed": 2527.732775, "delta": 0.002616}}
{"target": -17.677223287533312, "params": {"gamma": 32.84147997228914, "log10_alpha": -4.413411167915688, "log10_colsample_bytree": -0.5083502466121049, "log10_eta": -3.961926419456349, "log10_lambda": 0.6749950031995962, "log10_min_child_weight": 4.807697200974276, "log10_subsample": -0.11729917817520674, "max_depth": 8.0, "num_boost_round": 12.0}, "datetime": {"datetime": "2024-01-19 00:52:54", "elapsed": 2527.735358, "delta": 0.002583}}
{"target": -17.67722237743749, "params": {"gamma": 32.84147997228914, "log10_alpha": -4.413411167915688, "log10_colsample_bytree": -0.5083502466121049, "log10_eta": -3.961926419456349, "log10_lambda": 0.6749950031995962, "log10_min_child_weight": 4.807697200974276, "log10_subsample": -0.11729917817520674, "max_depth": 8.0, "num_boost_round": 13.0}, "datetime": {"datetime": "2024-01-19 00:52:54", "elapsed": 2527.738089, "delta": 0.002731}}
{"target": -17.677221628249505, "params": {"gamma": 32.84147997228914, "log10_alpha": -4.413411167915688, "log10_colsample_bytree": -0.5083502466121049, "log10_eta": -3.961926419456349, "log10_lambda": 0.6749950031995962, "log10_min_child_weight": 4.807697200974276, "log10_subsample": -0.11729917817520674, "max_depth": 8.0, "num_boost_round": 14.0}, "datetime": {"datetime": "2024-01-19 00:52:54", "elapsed": 2527.740601, "delta": 0.002512}}
{"target": -17.67722059564632, "params": {"gamma": 32.84147997228914, "log10_alpha": -4.413411167915688, "log10_colsample_bytree": -0.5083502466121049, "log10_eta": -3.961926419456349, "log10_lambda": 0.6749950031995962, "log10_min_child_weight": 4.807697200974276, "log10_subsample": -0.11729917817520674, "max_depth": 8.0, "num_boost_round": 15.0}, "datetime": {"datetime": "2024-01-19 00:52:54", "elapsed": 2527.743138, "delta": 0.002537}}
{"target": -17.6772198881491, "params": {"gamma": 32.84147997228914, "log10_alpha": -4.413411167915688, "log10_colsample_bytree": -0.5083502466121049, "log10_eta": -3.961926419456349, "log10_lambda": 0.6749950031995962, "log10_min_child_weight": 4.807697200974276, "log10_subsample": -0.11729917817520674, "max_depth": 8.0, "num_boost_round": 16.0}, "datetime": {"datetime": "2024-01-19 00:52:54", "elapsed": 2527.745686, "delta": 0.002548}}
{"target": -17.677219304556328, "params": {"gamma": 32.84147997228914, "log10_alpha": -4.413411167915688, "log10_colsample_bytree": -0.5083502466121049, "log10_eta": -3.961926419456349, "log10_lambda": 0.6749950031995962, "log10_min_child_weight": 4.807697200974276, "log10_subsample": -0.11729917817520674, "max_depth": 8.0, "num_boost_round": 17.0}, "datetime": {"datetime": "2024-01-19 00:52:54", "elapsed": 2527.748272, "delta": 0.002586}}
{"target": -17.677219042435965, "params": {"gamma": 32.84147997228914, "log10_alpha": -4.413411167915688, "log10_colsample_bytree": -0.5083502466121049, "log10_eta": -3.961926419456349, "log10_lambda": 0.6749950031995962, "log10_min_child_weight": 4.807697200974276, "log10_subsample": -0.11729917817520674, "max_depth": 8.0, "num_boost_round": 18.0}, "datetime": {"datetime": "2024-01-19 00:52:54", "elapsed": 2527.750885, "delta": 0.002613}}
{"target": -17.67721682243056, "params": {"gamma": 32.84147997228914, "log10_alpha": -4.413411167915688, "log10_colsample_bytree": -0.5083502466121049, "log10_eta": -3.961926419456349, "log10_lambda": 0.6749950031995962, "log10_min_child_weight": 4.807697200974276, "log10_subsample": -0.11729917817520674, "max_depth": 8.0, "num_boost_round": 19.0}, "datetime": {"datetime": "2024-01-19 00:52:54", "elapsed": 2527.753526, "delta": 0.002641}}
{"target": -17.677215708432257, "params": {"gamma": 32.84147997228914, "log10_alpha": -4.413411167915688, "log10_colsample_bytree": -0.5083502466121049, "log10_eta": -3.961926419456349, "log10_lambda": 0.6749950031995962, "log10_min_child_weight": 4.807697200974276, "log10_subsample": -0.11729917817520674, "max_depth": 8.0, "num_boost_round": 20.0}, "datetime": {"datetime": "2024-01-19 00:52:54", "elapsed": 2527.756094, "delta": 0.002568}}
{"target": -17.677218516575124, "params": {"gamma": 32.80106591882914, "log10_alpha": -3.807859162455362, "log10_colsample_bytree": -0.6521428758619751, "log10_eta": -3.3669487386415917, "log10_lambda": 0.10999869656803707, "log10_min_child_weight": 2.4162618147032315, "log10_subsample": -0.08534741404933632, "max_depth": 2.0, "num_boost_round": 0.0}, "datetime": {"datetime": "2024-01-19 00:53:19", "elapsed": 2552.797885, "delta": 25.041791}}
{"target": -17.67720874901814, "params": {"gamma": 32.80106591882914, "log10_alpha": -3.807859162455362, "log10_colsample_bytree": -0.6521428758619751, "log10_eta": -3.3669487386415917, "log10_lambda": 0.10999869656803707, "log10_min_child_weight": 2.4162618147032315, "log10_subsample": -0.08534741404933632, "max_depth": 2.0, "num_boost_round": 1.0}, "datetime": {"datetime": "2024-01-19 00:53:19", "elapsed": 2552.801032, "delta": 0.003147}}
{"target": -17.677196228374093, "params": {"gamma": 32.80106591882914, "log10_alpha": -3.807859162455362, "log10_colsample_bytree": -0.6521428758619751, "log10_eta": -3.3669487386415917, "log10_lambda": 0.10999869656803707, "log10_min_child_weight": 2.4162618147032315, "log10_subsample": -0.08534741404933632, "max_depth": 2.0, "num_boost_round": 2.0}, "datetime": {"datetime": "2024-01-19 00:53:19", "elapsed": 2552.803674, "delta": 0.002642}}
{"target": -17.67718991531338, "params": {"gamma": 32.80106591882914, "log10_alpha": -3.807859162455362, "log10_colsample_bytree": -0.6521428758619751, "log10_eta": -3.3669487386415917, "log10_lambda": 0.10999869656803707, "log10_min_child_weight": 2.4162618147032315, "log10_subsample": -0.08534741404933632, "max_depth": 2.0, "num_boost_round": 3.0}, "datetime": {"datetime": "2024-01-19 00:53:19", "elapsed": 2552.80642, "delta": 0.002746}}
{"target": -17.67718251478272, "params": {"gamma": 32.80106591882914, "log10_alpha": -3.807859162455362, "log10_colsample_bytree": -0.6521428758619751, "log10_eta": -3.3669487386415917, "log10_lambda": 0.10999869656803707, "log10_min_child_weight": 2.4162618147032315, "log10_subsample": -0.08534741404933632, "max_depth": 2.0, "num_boost_round": 4.0}, "datetime": {"datetime": "2024-01-19 00:53:19", "elapsed": 2552.809077, "delta": 0.002657}}
{"target": -17.67717451044239, "params": {"gamma": 32.80106591882914, "log10_alpha": -3.807859162455362, "log10_colsample_bytree": -0.6521428758619751, "log10_eta": -3.3669487386415917, "log10_lambda": 0.10999869656803707, "log10_min_child_weight": 2.4162618147032315, "log10_subsample": -0.08534741404933632, "max_depth": 2.0, "num_boost_round": 5.0}, "datetime": {"datetime": "2024-01-19 00:53:19", "elapsed": 2552.811635, "delta": 0.002558}}
{"target": -17.677162669280793, "params": {"gamma": 32.80106591882914, "log10_alpha": -3.807859162455362, "log10_colsample_bytree": -0.6521428758619751, "log10_eta": -3.3669487386415917, "log10_lambda": 0.10999869656803707, "log10_min_child_weight": 2.4162618147032315, "log10_subsample": -0.08534741404933632, "max_depth": 2.0, "num_boost_round": 6.0}, "datetime": {"datetime": "2024-01-19 00:53:19", "elapsed": 2552.814245, "delta": 0.00261}}
{"target": -17.677147764325355, "params": {"gamma": 32.80106591882914, "log10_alpha": -3.807859162455362, "log10_colsample_bytree": -0.6521428758619751, "log10_eta": -3.3669487386415917, "log10_lambda": 0.10999869656803707, "log10_min_child_weight": 2.4162618147032315, "log10_subsample": -0.08534741404933632, "max_depth": 2.0, "num_boost_round": 7.0}, "datetime": {"datetime": "2024-01-19 00:53:19", "elapsed": 2552.816741, "delta": 0.002496}}
{"target": -17.677138272051128, "params": {"gamma": 32.80106591882914, "log10_alpha": -3.807859162455362, "log10_colsample_bytree": -0.6521428758619751, "log10_eta": -3.3669487386415917, "log10_lambda": 0.10999869656803707, "log10_min_child_weight": 2.4162618147032315, "log10_subsample": -0.08534741404933632, "max_depth": 2.0, "num_boost_round": 8.0}, "datetime": {"datetime": "2024-01-19 00:53:19", "elapsed": 2552.819268, "delta": 0.002527}}
{"target": -17.677131257112016, "params": {"gamma": 32.80106591882914, "log10_alpha": -3.807859162455362, "log10_colsample_bytree": -0.6521428758619751, "log10_eta": -3.3669487386415917, "log10_lambda": 0.10999869656803707, "log10_min_child_weight": 2.4162618147032315, "log10_subsample": -0.08534741404933632, "max_depth": 2.0, "num_boost_round": 9.0}, "datetime": {"datetime": "2024-01-19 00:53:19", "elapsed": 2552.821777, "delta": 0.002509}}
{"target": -17.700957667886822, "params": {"gamma": 30.22661343118638, "log10_alpha": 0.8987703945103274, "log10_colsample_bytree": -0.1341798138404997, "log10_eta": -0.23198970378985218, "log10_lambda": -4.841202718807581, "log10_min_child_weight": 4.683765102524428, "log10_subsample": -0.011024716453038597, "max_depth": 8.0, "num_boost_round": 0.0}, "datetime": {"datetime": "2024-01-19 00:54:03", "elapsed": 2597.219569, "delta": 44.397792}}
{"target": -17.727676215022615, "params": {"gamma": 30.22661343118638, "log10_alpha": 0.8987703945103274, "log10_colsample_bytree": -0.1341798138404997, "log10_eta": -0.23198970378985218, "log10_lambda": -4.841202718807581, "log10_min_child_weight": 4.683765102524428, "log10_subsample": -0.011024716453038597, "max_depth": 8.0, "num_boost_round": 1.0}, "datetime": {"datetime": "2024-01-19 00:54:03", "elapsed": 2597.222383, "delta": 0.002814}}
{"target": -17.748931358783796, "params": {"gamma": 30.22661343118638, "log10_alpha": 0.8987703945103274, "log10_colsample_bytree": -0.1341798138404997, "log10_eta": -0.23198970378985218, "log10_lambda": -4.841202718807581, "log10_min_child_weight": 4.683765102524428, "log10_subsample": -0.011024716453038597, "max_depth": 8.0, "num_boost_round": 2.0}, "datetime": {"datetime": "2024-01-19 00:54:03", "elapsed": 2597.224974, "delta": 0.002591}}
{"target": -17.77354354463962, "params": {"gamma": 30.22661343118638, "log10_alpha": 0.8987703945103274, "log10_colsample_bytree": -0.1341798138404997, "log10_eta": -0.23198970378985218, "log10_lambda": -4.841202718807581, "log10_min_child_weight": 4.683765102524428, "log10_subsample": -0.011024716453038597, "max_depth": 8.0, "num_boost_round": 3.0}, "datetime": {"datetime": "2024-01-19 00:54:03", "elapsed": 2597.227633, "delta": 0.002659}}
{"target": -17.77556280412865, "params": {"gamma": 30.22661343118638, "log10_alpha": 0.8987703945103274, "log10_colsample_bytree": -0.1341798138404997, "log10_eta": -0.23198970378985218, "log10_lambda": -4.841202718807581, "log10_min_child_weight": 4.683765102524428, "log10_subsample": -0.011024716453038597, "max_depth": 8.0, "num_boost_round": 4.0}, "datetime": {"datetime": "2024-01-19 00:54:03", "elapsed": 2597.230147, "delta": 0.002514}}
{"target": -17.782314913882807, "params": {"gamma": 30.22661343118638, "log10_alpha": 0.8987703945103274, "log10_colsample_bytree": -0.1341798138404997, "log10_eta": -0.23198970378985218, "log10_lambda": -4.841202718807581, "log10_min_child_weight": 4.683765102524428, "log10_subsample": -0.011024716453038597, "max_depth": 8.0, "num_boost_round": 5.0}, "datetime": {"datetime": "2024-01-19 00:54:03", "elapsed": 2597.232814, "delta": 0.002667}}
{"target": -17.787227767077496, "params": {"gamma": 30.22661343118638, "log10_alpha": 0.8987703945103274, "log10_colsample_bytree": -0.1341798138404997, "log10_eta": -0.23198970378985218, "log10_lambda": -4.841202718807581, "log10_min_child_weight": 4.683765102524428, "log10_subsample": -0.011024716453038597, "max_depth": 8.0, "num_boost_round": 6.0}, "datetime": {"datetime": "2024-01-19 00:54:03", "elapsed": 2597.235479, "delta": 0.002665}}
{"target": -17.79343966305192, "params": {"gamma": 30.22661343118638, "log10_alpha": 0.8987703945103274, "log10_colsample_bytree": -0.1341798138404997, "log10_eta": -0.23198970378985218, "log10_lambda": -4.841202718807581, "log10_min_child_weight": 4.683765102524428, "log10_subsample": -0.011024716453038597, "max_depth": 8.0, "num_boost_round": 7.0}, "datetime": {"datetime": "2024-01-19 00:54:03", "elapsed": 2597.238029, "delta": 0.00255}}
{"target": -17.810553354075598, "params": {"gamma": 30.22661343118638, "log10_alpha": 0.8987703945103274, "log10_colsample_bytree": -0.1341798138404997, "log10_eta": -0.23198970378985218, "log10_lambda": -4.841202718807581, "log10_min_child_weight": 4.683765102524428, "log10_subsample": -0.011024716453038597, "max_depth": 8.0, "num_boost_round": 8.0}, "datetime": {"datetime": "2024-01-19 00:54:03", "elapsed": 2597.240555, "delta": 0.002526}}
{"target": -17.81286465464255, "params": {"gamma": 30.22661343118638, "log10_alpha": 0.8987703945103274, "log10_colsample_bytree": -0.1341798138404997, "log10_eta": -0.23198970378985218, "log10_lambda": -4.841202718807581, "log10_min_child_weight": 4.683765102524428, "log10_subsample": -0.011024716453038597, "max_depth": 8.0, "num_boost_round": 9.0}, "datetime": {"datetime": "2024-01-19 00:54:03", "elapsed": 2597.24311, "delta": 0.002555}}
{"target": -17.825551392576358, "params": {"gamma": 30.22661343118638, "log10_alpha": 0.8987703945103274, "log10_colsample_bytree": -0.1341798138404997, "log10_eta": -0.23198970378985218, "log10_lambda": -4.841202718807581, "log10_min_child_weight": 4.683765102524428, "log10_subsample": -0.011024716453038597, "max_depth": 8.0, "num_boost_round": 10.0}, "datetime": {"datetime": "2024-01-19 00:54:03", "elapsed": 2597.245711, "delta": 0.002601}}
{"target": -17.838142008716527, "params": {"gamma": 30.22661343118638, "log10_alpha": 0.8987703945103274, "log10_colsample_bytree": -0.1341798138404997, "log10_eta": -0.23198970378985218, "log10_lambda": -4.841202718807581, "log10_min_child_weight": 4.683765102524428, "log10_subsample": -0.011024716453038597, "max_depth": 8.0, "num_boost_round": 11.0}, "datetime": {"datetime": "2024-01-19 00:54:03", "elapsed": 2597.248348, "delta": 0.002637}}
{"target": -17.85165903946567, "params": {"gamma": 30.22661343118638, "log10_alpha": 0.8987703945103274, "log10_colsample_bytree": -0.1341798138404997, "log10_eta": -0.23198970378985218, "log10_lambda": -4.841202718807581, "log10_min_child_weight": 4.683765102524428, "log10_subsample": -0.011024716453038597, "max_depth": 8.0, "num_boost_round": 12.0}, "datetime": {"datetime": "2024-01-19 00:54:03", "elapsed": 2597.250895, "delta": 0.002547}}
{"target": -17.852329139950452, "params": {"gamma": 30.22661343118638, "log10_alpha": 0.8987703945103274, "log10_colsample_bytree": -0.1341798138404997, "log10_eta": -0.23198970378985218, "log10_lambda": -4.841202718807581, "log10_min_child_weight": 4.683765102524428, "log10_subsample": -0.011024716453038597, "max_depth": 8.0, "num_boost_round": 13.0}, "datetime": {"datetime": "2024-01-19 00:54:03", "elapsed": 2597.253438, "delta": 0.002543}}
{"target": -17.861029768023908, "params": {"gamma": 30.22661343118638, "log10_alpha": 0.8987703945103274, "log10_colsample_bytree": -0.1341798138404997, "log10_eta": -0.23198970378985218, "log10_lambda": -4.841202718807581, "log10_min_child_weight": 4.683765102524428, "log10_subsample": -0.011024716453038597, "max_depth": 8.0, "num_boost_round": 14.0}, "datetime": {"datetime": "2024-01-19 00:54:03", "elapsed": 2597.25605, "delta": 0.002612}}
{"target": -17.880097663410208, "params": {"gamma": 30.22661343118638, "log10_alpha": 0.8987703945103274, "log10_colsample_bytree": -0.1341798138404997, "log10_eta": -0.23198970378985218, "log10_lambda": -4.841202718807581, "log10_min_child_weight": 4.683765102524428, "log10_subsample": -0.011024716453038597, "max_depth": 8.0, "num_boost_round": 15.0}, "datetime": {"datetime": "2024-01-19 00:54:03", "elapsed": 2597.258578, "delta": 0.002528}}
{"target": -17.890269825840296, "params": {"gamma": 30.22661343118638, "log10_alpha": 0.8987703945103274, "log10_colsample_bytree": -0.1341798138404997, "log10_eta": -0.23198970378985218, "log10_lambda": -4.841202718807581, "log10_min_child_weight": 4.683765102524428, "log10_subsample": -0.011024716453038597, "max_depth": 8.0, "num_boost_round": 16.0}, "datetime": {"datetime": "2024-01-19 00:54:03", "elapsed": 2597.26112, "delta": 0.002542}}
{"target": -17.886618235914362, "params": {"gamma": 30.22661343118638, "log10_alpha": 0.8987703945103274, "log10_colsample_bytree": -0.1341798138404997, "log10_eta": -0.23198970378985218, "log10_lambda": -4.841202718807581, "log10_min_child_weight": 4.683765102524428, "log10_subsample": -0.011024716453038597, "max_depth": 8.0, "num_boost_round": 17.0}, "datetime": {"datetime": "2024-01-19 00:54:03", "elapsed": 2597.263656, "delta": 0.002536}}
{"target": -17.893271743499227, "params": {"gamma": 30.22661343118638, "log10_alpha": 0.8987703945103274, "log10_colsample_bytree": -0.1341798138404997, "log10_eta": -0.23198970378985218, "log10_lambda": -4.841202718807581, "log10_min_child_weight": 4.683765102524428, "log10_subsample": -0.011024716453038597, "max_depth": 8.0, "num_boost_round": 18.0}, "datetime": {"datetime": "2024-01-19 00:54:03", "elapsed": 2597.266331, "delta": 0.002675}}
{"target": -17.89653533465077, "params": {"gamma": 30.22661343118638, "log10_alpha": 0.8987703945103274, "log10_colsample_bytree": -0.1341798138404997, "log10_eta": -0.23198970378985218, "log10_lambda": -4.841202718807581, "log10_min_child_weight": 4.683765102524428, "log10_subsample": -0.011024716453038597, "max_depth": 8.0, "num_boost_round": 19.0}, "datetime": {"datetime": "2024-01-19 00:54:03", "elapsed": 2597.268955, "delta": 0.002624}}
{"target": -17.902882967512703, "params": {"gamma": 30.22661343118638, "log10_alpha": 0.8987703945103274, "log10_colsample_bytree": -0.1341798138404997, "log10_eta": -0.23198970378985218, "log10_lambda": -4.841202718807581, "log10_min_child_weight": 4.683765102524428, "log10_subsample": -0.011024716453038597, "max_depth": 8.0, "num_boost_round": 20.0}, "datetime": {"datetime": "2024-01-19 00:54:03", "elapsed": 2597.271594, "delta": 0.002639}}
{"target": -17.91138436010705, "params": {"gamma": 30.22661343118638, "log10_alpha": 0.8987703945103274, "log10_colsample_bytree": -0.1341798138404997, "log10_eta": -0.23198970378985218, "log10_lambda": -4.841202718807581, "log10_min_child_weight": 4.683765102524428, "log10_subsample": -0.011024716453038597, "max_depth": 8.0, "num_boost_round": 21.0}, "datetime": {"datetime": "2024-01-19 00:54:03", "elapsed": 2597.274175, "delta": 0.002581}}
{"target": -17.918954200078527, "params": {"gamma": 30.22661343118638, "log10_alpha": 0.8987703945103274, "log10_colsample_bytree": -0.1341798138404997, "log10_eta": -0.23198970378985218, "log10_lambda": -4.841202718807581, "log10_min_child_weight": 4.683765102524428, "log10_subsample": -0.011024716453038597, "max_depth": 8.0, "num_boost_round": 22.0}, "datetime": {"datetime": "2024-01-19 00:54:03", "elapsed": 2597.276711, "delta": 0.002536}}
{"target": -17.92562791200434, "params": {"gamma": 30.22661343118638, "log10_alpha": 0.8987703945103274, "log10_colsample_bytree": -0.1341798138404997, "log10_eta": -0.23198970378985218, "log10_lambda": -4.841202718807581, "log10_min_child_weight": 4.683765102524428, "log10_subsample": -0.011024716453038597, "max_depth": 8.0, "num_boost_round": 23.0}, "datetime": {"datetime": "2024-01-19 00:54:03", "elapsed": 2597.279285, "delta": 0.002574}}
{"target": -17.930500500357017, "params": {"gamma": 30.22661343118638, "log10_alpha": 0.8987703945103274, "log10_colsample_bytree": -0.1341798138404997, "log10_eta": -0.23198970378985218, "log10_lambda": -4.841202718807581, "log10_min_child_weight": 4.683765102524428, "log10_subsample": -0.011024716453038597, "max_depth": 8.0, "num_boost_round": 24.0}, "datetime": {"datetime": "2024-01-19 00:54:03", "elapsed": 2597.281787, "delta": 0.002502}}
