{"target": -13.758547405008477, "params": {"gamma": 38.513263884903616, "log10_alpha": -4.512985385548064, "log10_colsample_bytree": -0.408322384848526, "log10_eta": -1.653704881314329, "log10_lambda": -3.954364090515795, "log10_min_child_weight": 4.788293774996208, "log10_subsample": -0.28045289028646636, "max_depth": 5.0, "num_boost_round": 18.0}, "datetime": {"datetime": "2024-01-19 00:45:56", "elapsed": 2065.062915, "delta": 0.002161}}
{"target": -13.758511768932175, "params": {"gamma": 38.513263884903616, "log10_alpha": -4.512985385548064, "log10_colsample_bytree": -0.408322384848526, "log10_eta": -1.653704881314329, "log10_lambda": -3.954364090515795, "log10_min_child_weight": 4.788293774996208, "log10_subsample": -0.28045289028646636, "max_depth": 5.0, "num_boost_round": 19.0}, "datetime": {"datetime": "2024-01-19 00:45:56", "elapsed": 2065.065054, "delta": 0.002139}}
{"target": -13.758401163758823, "params": {"gamma": 38.513263884903616, "log10_alpha": -4.512985385548064, "log10_colsample_bytree": -0.408322384848526, "log10_eta": -1.653704881314329, "log10_lambda": -3.954364090515795, "log10_min_child_weight": 4.788293774996208, "log10_subsample": -0.28045289028646636, "max_depth": 5.0, "num_boost_round": 20.0}, "datetime": {"datetime": "2024-01-19 00:45:56", "elapsed": 2065.067191, "delta": 0.002137}}
{"target": -13.758489054349758, "params": {"gamma": 38.513263884903616, "log10_alpha": -4.512985385548064, "log10_colsample_bytree": -0.408322384848526, "log10_eta": -1.653704881314329, "log10_lambda": -3.954364090515795, "log10_min_child_weight": 4.788293774996208, "log10_subsample": -0.28045289028646636, "max_depth": 5.0, "num_boost_round": 21.0}, "datetime": {"datetime": "2024-01-19 00:45:56", "elapsed": 2065.069444, "delta": 0.002253}}
{"target": -13.758459114426822, "params": {"gamma": 38.513263884903616, "log10_alpha": -4.512985385548064, "log10_colsample_bytree": -0.408322384848526, "log10_eta": -1.653704881314329, "log10_lambda": -3.954364090515795, "log10_min_child_weight": 4.788293774996208, "log10_subsample": -0.28045289028646636, "max_depth": 5.0, "num_boost_round": 22.0}, "datetime": {"datetime": "2024-01-19 00:45:56", "elapsed": 2065.075845, "delta": 0.006401}}
{"target": -13.758536156123533, "params": {"gamma": 35.32339399999373, "log10_alpha": -1.6441829312264447, "log10_colsample_bytree": -0.07832673777915489, "log10_eta": -3.0187126371299913, "log10_lambda": -3.508963360192407, "log10_min_child_weight": 4.769434562640167, "log10_subsample": -0.5292534455289476, "max_depth": 6.0, "num_boost_round": 0.0}, "datetime": {"datetime": "2024-01-19 00:46:20", "elapsed": 2088.45847, "delta": 23.382625}}
{"target": -13.758531664537035, "params": {"gamma": 35.32339399999373, "log10_alpha": -1.6441829312264447, "log10_colsample_bytree": -0.07832673777915489, "log10_eta": -3.0187126371299913, "log10_lambda": -3.508963360192407, "log10_min_child_weight": 4.769434562640167, "log10_subsample": -0.5292534455289476, "max_depth": 6.0, "num_boost_round": 1.0}, "datetime": {"datetime": "2024-01-19 00:46:20", "elapsed": 2088.461995, "delta": 0.003525}}
{"target": -13.758528597601465, "params": {"gamma": 35.32339399999373, "log10_alpha": -1.6441829312264447, "log10_colsample_bytree": -0.07832673777915489, "log10_eta": -3.0187126371299913, "log10_lambda": -3.508963360192407, "log10_min_child_weight": 4.769434562640167, "log10_subsample": -0.5292534455289476, "max_depth": 6.0, "num_boost_round": 2.0}, "datetime": {"datetime": "2024-01-19 00:46:20", "elapsed": 2088.464229, "delta": 0.002234}}
{"target": -13.758524677157386, "params": {"gamma": 35.32339399999373, "log10_alpha": -1.6441829312264447, "log10_colsample_bytree": -0.07832673777915489, "log10_eta": -3.0187126371299913, "log10_lambda": -3.508963360192407, "log10_min_child_weight": 4.769434562640167, "log10_subsample": -0.5292534455289476, "max_depth": 6.0, "num_boost_round": 3.0}, "datetime": {"datetime": "2024-01-19 00:46:20", "elapsed": 2088.466466, "delta": 0.002237}}
{"target": -13.758519670723521, "params": {"gamma": 35.32339399999373, "log10_alpha": -1.6441829312264447, "log10_colsample_bytree": -0.07832673777915489, "log10_eta": -3.0187126371299913, "log10_lambda": -3.508963360192407, "log10_min_child_weight": 4.769434562640167, "log10_subsample": -0.5292534455289476, "max_depth": 6.0, "num_boost_round": 4.0}, "datetime": {"datetime": "2024-01-19 00:46:20", "elapsed": 2088.468749, "delta": 0.002283}}
{"target": -13.758516984574408, "params": {"gamma": 35.32339399999373, "log10_alpha": -1.6441829312264447, "log10_colsample_bytree": -0.07832673777915489, "log10_eta": -3.0187126371299913, "log10_lambda": -3.508963360192407, "log10_min_child_weight": 4.769434562640167, "log10_subsample": -0.5292534455289476, "max_depth": 6.0, "num_boost_round": 5.0}, "datetime": {"datetime": "2024-01-19 00:46:20", "elapsed": 2088.470909, "delta": 0.00216}}
{"target": -13.758517521888676, "params": {"gamma": 35.32339399999373, "log10_alpha": -1.6441829312264447, "log10_colsample_bytree": -0.07832673777915489, "log10_eta": -3.0187126371299913, "log10_lambda": -3.508963360192407, "log10_min_child_weight": 4.769434562640167, "log10_subsample": -0.5292534455289476, "max_depth": 6.0, "num_boost_round": 6.0}, "datetime": {"datetime": "2024-01-19 00:46:20", "elapsed": 2088.473031, "delta": 0.002122}}
{"target": -13.758516432309486, "params": {"gamma": 35.32339399999373, "log10_alpha": -1.6441829312264447, "log10_colsample_bytree": -0.07832673777915489, "log10_eta": -3.0187126371299913, "log10_lambda": -3.508963360192407, "log10_min_child_weight": 4.769434562640167, "log10_subsample": -0.5292534455289476, "max_depth": 6.0, "num_boost_round": 7.0}, "datetime": {"datetime": "2024-01-19 00:46:20", "elapsed": 2088.475277, "delta": 0.002246}}
{"target": -13.758516100067064, "params": {"gamma": 35.32339399999373, "log10_alpha": -1.6441829312264447, "log10_colsample_bytree": -0.07832673777915489, "log10_eta": -3.0187126371299913, "log10_lambda": -3.508963360192407, "log10_min_child_weight": 4.769434562640167, "log10_subsample": -0.5292534455289476, "max_depth": 6.0, "num_boost_round": 8.0}, "datetime": {"datetime": "2024-01-19 00:46:20", "elapsed": 2088.477449, "delta": 0.002172}}
{"target": -13.75851203367724, "params": {"gamma": 35.32339399999373, "log10_alpha": -1.6441829312264447, "log10_colsample_bytree": -0.07832673777915489, "log10_eta": -3.0187126371299913, "log10_lambda": -3.508963360192407, "log10_min_child_weight": 4.769434562640167, "log10_subsample": -0.5292534455289476, "max_depth": 6.0, "num_boost_round": 9.0}, "datetime": {"datetime": "2024-01-19 00:46:20", "elapsed": 2088.479606, "delta": 0.002157}}
{"target": -13.758510243987551, "params": {"gamma": 35.32339399999373, "log10_alpha": -1.6441829312264447, "log10_colsample_bytree": -0.07832673777915489, "log10_eta": -3.0187126371299913, "log10_lambda": -3.508963360192407, "log10_min_child_weight": 4.769434562640167, "log10_subsample": -0.5292534455289476, "max_depth": 6.0, "num_boost_round": 10.0}, "datetime": {"datetime": "2024-01-19 00:46:20", "elapsed": 2088.481772, "delta": 0.002166}}
{"target": -13.758535464094635, "params": {"gamma": 35.87713335145426, "log10_alpha": -4.03918250965104, "log10_colsample_bytree": -0.6935215493624696, "log10_eta": -3.4189446408092214, "log10_lambda": -2.2624155677460127, "log10_min_child_weight": 4.655874733584644, "log10_subsample": -0.8960737430704677, "max_depth": 5.0, "num_boost_round": 0.0}, "datetime": {"datetime": "2024-01-19 00:46:42", "elapsed": 2111.122344, "delta": 22.640572}}
{"target": -13.758534298967678, "params": {"gamma": 35.87713335145426, "log10_alpha": -4.03918250965104, "log10_colsample_bytree": -0.6935215493624696, "log10_eta": -3.4189446408092214, "log10_lambda": -2.2624155677460127, "log10_min_child_weight": 4.655874733584644, "log10_subsample": -0.8960737430704677, "max_depth": 5.0, "num_boost_round": 1.0}, "datetime": {"datetime": "2024-01-19 00:46:43", "elapsed": 2111.125668, "delta": 0.003324}}
{"target": -13.758533696314904, "params": {"gamma": 35.87713335145426, "log10_alpha": -4.03918250965104, "log10_colsample_bytree": -0.6935215493624696, "log10_eta": -3.4189446408092214, "log10_lambda": -2.2624155677460127, "log10_min_child_weight": 4.655874733584644, "log10_subsample": -0.8960737430704677, "max_depth": 5.0, "num_boost_round": 2.0}, "datetime": {"datetime": "2024-01-19 00:46:43", "elapsed": 2111.128065, "delta": 0.002397}}
{"target": -13.758532367612881, "params": {"gamma": 35.87713335145426, "log10_alpha": -4.03918250965104, "log10_colsample_bytree": -0.6935215493624696, "log10_eta": -3.4189446408092214, "log10_lambda": -2.2624155677460127, "log10_min_child_weight": 4.655874733584644, "log10_subsample": -0.8960737430704677, "max_depth": 5.0, "num_boost_round": 3.0}, "datetime": {"datetime": "2024-01-19 00:46:43", "elapsed": 2111.130332, "delta": 0.002267}}
{"target": -13.758531698522955, "params": {"gamma": 35.87713335145426, "log10_alpha": -4.03918250965104, "log10_colsample_bytree": -0.6935215493624696, "log10_eta": -3.4189446408092214, "log10_lambda": -2.2624155677460127, "log10_min_child_weight": 4.655874733584644, "log10_subsample": -0.8960737430704677, "max_depth": 5.0, "num_boost_round": 4.0}, "datetime": {"datetime": "2024-01-19 00:46:43", "elapsed": 2111.132654, "delta": 0.002322}}
{"target": -13.758529911417094, "params": {"gamma": 35.87713335145426, "log10_alpha": -4.03918250965104, "log10_colsample_bytree": -0.6935215493624696, "log10_eta": -3.4189446408092214, "log10_lambda": -2.2624155677460127, "log10_min_child_weight": 4.655874733584644, "log10_subsample": -0.8960737430704677, "max_depth": 5.0, "num_boost_round": 5.0}, "datetime": {"datetime": "2024-01-19 00:46:43", "elapsed": 2111.134859, "delta": 0.002205}}
{"target": -13.75853059639606, "params": {"gamma": 35.87713335145426, "log10_alpha": -4.03918250965104, "log10_colsample_bytree": -0.6935215493624696, "log10_eta": -3.4189446408092214, "log10_lambda": -2.2624155677460127, "log10_min_child_weight": 4.655874733584644, "log10_subsample": -0.8960737430704677, "max_depth": 5.0, "num_boost_round": 6.0}, "datetime": {"datetime": "2024-01-19 00:46:43", "elapsed": 2111.137072, "delta": 0.002213}}
{"target": -13.758530444158787, "params": {"gamma": 35.87713335145426, "log10_alpha": -4.03918250965104, "log10_colsample_bytree": -0.6935215493624696, "log10_eta": -3.4189446408092214, "log10_lambda": -2.2624155677460127, "log10_min_child_weight": 4.655874733584644, "log10_subsample": -0.8960737430704677, "max_depth": 5.0, "num_boost_round": 7.0}, "datetime": {"datetime": "2024-01-19 00:46:43", "elapsed": 2111.139265, "delta": 0.002193}}
{"target": -13.758529488118576, "params": {"gamma": 35.87713335145426, "log10_alpha": -4.03918250965104, "log10_colsample_bytree": -0.6935215493624696, "log10_eta": -3.4189446408092214, "log10_lambda": -2.2624155677460127, "log10_min_child_weight": 4.655874733584644, "log10_subsample": -0.8960737430704677, "max_depth": 5.0, "num_boost_round": 8.0}, "datetime": {"datetime": "2024-01-19 00:46:43", "elapsed": 2111.141444, "delta": 0.002179}}
{"target": -13.758529287094387, "params": {"gamma": 35.87713335145426, "log10_alpha": -4.03918250965104, "log10_colsample_bytree": -0.6935215493624696, "log10_eta": -3.4189446408092214, "log10_lambda": -2.2624155677460127, "log10_min_child_weight": 4.655874733584644, "log10_subsample": -0.8960737430704677, "max_depth": 5.0, "num_boost_round": 9.0}, "datetime": {"datetime": "2024-01-19 00:46:43", "elapsed": 2111.143622, "delta": 0.002178}}
{"target": -13.758528581076348, "params": {"gamma": 35.87713335145426, "log10_alpha": -4.03918250965104, "log10_colsample_bytree": -0.6935215493624696, "log10_eta": -3.4189446408092214, "log10_lambda": -2.2624155677460127, "log10_min_child_weight": 4.655874733584644, "log10_subsample": -0.8960737430704677, "max_depth": 5.0, "num_boost_round": 10.0}, "datetime": {"datetime": "2024-01-19 00:46:43", "elapsed": 2111.145831, "delta": 0.002209}}
{"target": -13.758527603073993, "params": {"gamma": 35.87713335145426, "log10_alpha": -4.03918250965104, "log10_colsample_bytree": -0.6935215493624696, "log10_eta": -3.4189446408092214, "log10_lambda": -2.2624155677460127, "log10_min_child_weight": 4.655874733584644, "log10_subsample": -0.8960737430704677, "max_depth": 5.0, "num_boost_round": 11.0}, "datetime": {"datetime": "2024-01-19 00:46:43", "elapsed": 2111.148112, "delta": 0.002281}}
{"target": -13.75852839533352, "params": {"gamma": 35.87713335145426, "log10_alpha": -4.03918250965104, "log10_colsample_bytree": -0.6935215493624696, "log10_eta": -3.4189446408092214, "log10_lambda": -2.2624155677460127, "log10_min_child_weight": 4.655874733584644, "log10_subsample": -0.8960737430704677, "max_depth": 5.0, "num_boost_round": 12.0}, "datetime": {"datetime": "2024-01-19 00:46:43", "elapsed": 2111.150325, "delta": 0.002213}}
{"target": -13.758364176912696, "params": {"gamma": 47.661281885011284, "log10_alpha": -4.880195126783483, "log10_colsample_bytree": -0.9798629424265645, "log10_eta": -2.171094280796278, "log10_lambda": 0.45091224857858503, "log10_min_child_weight": 1.4839508801955188, "log10_subsample": -0.5365198831900118, "max_depth": 4.0, "num_boost_round": 0.0}, "datetime": {"datetime": "2024-01-19 00:47:07", "elapsed": 2135.654722, "delta": 24.504397}}
{"target": -13.758320027546356, "params": {"gamma": 47.661281885011284, "log10_alpha": -4.880195126783483, "log10_colsample_bytree": -0.9798629424265645, "log10_eta": -2.171094280796278, "log10_lambda": 0.45091224857858503, "log10_min_child_weight": 1.4839508801955188, "log10_subsample": -0.5365198831900118, "max_depth": 4.0, "num_boost_round": 1.0}, "datetime": {"datetime": "2024-01-19 00:47:07", "elapsed": 2135.657492, "delta": 0.00277}}
{"target": -13.75826687497863, "params": {"gamma": 47.661281885011284, "log10_alpha": -4.880195126783483, "log10_colsample_bytree": -0.9798629424265645, "log10_eta": -2.171094280796278, "log10_lambda": 0.45091224857858503, "log10_min_child_weight": 1.4839508801955188, "log10_subsample": -0.5365198831900118, "max_depth": 4.0, "num_boost_round": 2.0}, "datetime": {"datetime": "2024-01-19 00:47:07", "elapsed": 2135.659785, "delta": 0.002293}}
{"target": -13.75827150079437, "params": {"gamma": 47.661281885011284, "log10_alpha": -4.880195126783483, "log10_colsample_bytree": -0.9798629424265645, "log10_eta": -2.171094280796278, "log10_lambda": 0.45091224857858503, "log10_min_child_weight": 1.4839508801955188, "log10_subsample": -0.5365198831900118, "max_depth": 4.0, "num_boost_round": 3.0}, "datetime": {"datetime": "2024-01-19 00:47:07", "elapsed": 2135.662023, "delta": 0.002238}}
{"target": -13.758225869375064, "params": {"gamma": 47.661281885011284, "log10_alpha": -4.880195126783483, "log10_colsample_bytree": -0.9798629424265645, "log10_eta": -2.171094280796278, "log10_lambda": 0.45091224857858503, "log10_min_child_weight": 1.4839508801955188, "log10_subsample": -0.5365198831900118, "max_depth": 4.0, "num_boost_round": 4.0}, "datetime": {"datetime": "2024-01-19 00:47:07", "elapsed": 2135.664237, "delta": 0.002214}}
{"target": -13.75819977216609, "params": {"gamma": 47.661281885011284, "log10_alpha": -4.880195126783483, "log10_colsample_bytree": -0.9798629424265645, "log10_eta": -2.171094280796278, "log10_lambda": 0.45091224857858503, "log10_min_child_weight": 1.4839508801955188, "log10_subsample": -0.5365198831900118, "max_depth": 4.0, "num_boost_round": 5.0}, "datetime": {"datetime": "2024-01-19 00:47:07", "elapsed": 2135.666413, "delta": 0.002176}}
{"target": -13.758216813258535, "params": {"gamma": 47.661281885011284, "log10_alpha": -4.880195126783483, "log10_colsample_bytree": -0.9798629424265645, "log10_eta": -2.171094280796278, "log10_lambda": 0.45091224857858503, "log10_min_child_weight": 1.4839508801955188, "log10_subsample": -0.5365198831900118, "max_depth": 4.0, "num_boost_round": 6.0}, "datetime": {"datetime": "2024-01-19 00:47:07", "elapsed": 2135.66872, "delta": 0.002307}}
{"target": -13.75806898003988, "params": {"gamma": 47.661281885011284, "log10_alpha": -4.880195126783483, "log10_colsample_bytree": -0.9798629424265645, "log10_eta": -2.171094280796278, "log10_lambda": 0.45091224857858503, "log10_min_child_weight": 1.4839508801955188, "log10_subsample": -0.5365198831900118, "max_depth": 4.0, "num_boost_round": 7.0}, "datetime": {"datetime": "2024-01-19 00:47:07", "elapsed": 2135.67106, "delta": 0.00234}}
{"target": -13.75802248807649, "params": {"gamma": 47.661281885011284, "log10_alpha": -4.880195126783483, "log10_colsample_bytree": -0.9798629424265645, "log10_eta": -2.171094280796278, "log10_lambda": 0.45091224857858503, "log10_min_child_weight": 1.4839508801955188, "log10_subsample": -0.5365198831900118, "max_depth": 4.0, "num_boost_round": 8.0}, "datetime": {"datetime": "2024-01-19 00:47:07", "elapsed": 2135.673221, "delta": 0.002161}}
{"target": -13.758011214367365, "params": {"gamma": 47.661281885011284, "log10_alpha": -4.880195126783483, "log10_colsample_bytree": -0.9798629424265645, "log10_eta": -2.171094280796278, "log10_lambda": 0.45091224857858503, "log10_min_child_weight": 1.4839508801955188, "log10_subsample": -0.5365198831900118, "max_depth": 4.0, "num_boost_round": 9.0}, "datetime": {"datetime": "2024-01-19 00:47:07", "elapsed": 2135.675498, "delta": 0.002277}}
{"target": -13.7579270217731, "params": {"gamma": 47.661281885011284, "log10_alpha": -4.880195126783483, "log10_colsample_bytree": -0.9798629424265645, "log10_eta": -2.171094280796278, "log10_lambda": 0.45091224857858503, "log10_min_child_weight": 1.4839508801955188, "log10_subsample": -0.5365198831900118, "max_depth": 4.0, "num_boost_round": 10.0}, "datetime": {"datetime": "2024-01-19 00:47:07", "elapsed": 2135.677676, "delta": 0.002178}}
{"target": -13.757830059150276, "params": {"gamma": 47.661281885011284, "log10_alpha": -4.880195126783483, "log10_colsample_bytree": -0.9798629424265645, "log10_eta": -2.171094280796278, "log10_lambda": 0.45091224857858503, "log10_min_child_weight": 1.4839508801955188, "log10_subsample": -0.5365198831900118, "max_depth": 4.0, "num_boost_round": 11.0}, "datetime": {"datetime": "2024-01-19 00:47:07", "elapsed": 2135.679854, "delta": 0.002178}}
{"target": -13.758537558871964, "params": {"gamma": 23.392124610890686, "log10_alpha": -4.466198688232553, "log10_colsample_bytree": -0.2168550759327733, "log10_eta": -3.627906130286058, "log10_lambda": -1.9199416251355959, "log10_min_child_weight": 4.518177482072559, "log10_subsample": -0.547217801565398, "max_depth": 9.0, "num_boost_round": 0.0}, "datetime": {"datetime": "2024-01-19 00:47:32", "elapsed": 2160.261476, "delta": 24.581622}}
{"target": -13.758537625817182, "params": {"gamma": 23.392124610890686, "log10_alpha": -4.466198688232553, "log10_colsample_bytree": -0.2168550759327733, "log10_eta": -3.627906130286058, "log10_lambda": -1.9199416251355959, "log10_min_child_weight": 4.518177482072559, "log10_subsample": -0.547217801565398, "max_depth": 9.0, "num_boost_round": 1.0}, "datetime": {"datetime": "2024-01-19 00:47:32", "elapsed": 2160.264386, "delta": 0.00291}}
{"target": -13.75853726596483, "params": {"gamma": 23.392124610890686, "log10_alpha": -4.466198688232553, "log10_colsample_bytree": -0.2168550759327733, "log10_eta": -3.627906130286058, "log10_lambda": -1.9199416251355959, "log10_min_child_weight": 4.518177482072559, "log10_subsample": -0.547217801565398, "max_depth": 9.0, "num_boost_round": 2.0}, "datetime": {"datetime": "2024-01-19 00:47:32", "elapsed": 2160.266956, "delta": 0.00257}}
{"target": -13.758537613605418, "params": {"gamma": 23.392124610890686, "log10_alpha": -4.466198688232553, "log10_colsample_bytree": -0.2168550759327733, "log10_eta": -3.627906130286058, "log10_lambda": -1.9199416251355959, "log10_min_child_weight": 4.518177482072559, "log10_subsample": -0.547217801565398, "max_depth": 9.0, "num_boost_round": 3.0}, "datetime": {"datetime": "2024-01-19 00:47:32", "elapsed": 2160.269281, "delta": 0.002325}}
{"target": -13.758537636664512, "params": {"gamma": 23.392124610890686, "log10_alpha": -4.466198688232553, "log10_colsample_bytree": -0.2168550759327733, "log10_eta": -3.627906130286058, "log10_lambda": -1.9199416251355959, "log10_min_child_weight": 4.518177482072559, "log10_subsample": -0.547217801565398, "max_depth": 9.0, "num_boost_round": 4.0}, "datetime": {"datetime": "2024-01-19 00:47:32", "elapsed": 2160.271511, "delta": 0.00223}}
{"target": -13.758535589731382, "params": {"gamma": 23.392124610890686, "log10_alpha": -4.466198688232553, "log10_colsample_bytree": -0.2168550759327733, "log10_eta": -3.627906130286058, "log10_lambda": -1.9199416251355959, "log10_min_child_weight": 4.518177482072559, "log10_subsample": -0.547217801565398, "max_depth": 9.0, "num_boost_round": 5.0}, "datetime": {"datetime": "2024-01-19 00:47:32", "elapsed": 2160.273747, "delta": 0.002236}}
{"target": -13.75853445795151, "params": {"gamma": 23.392124610890686, "log10_alpha": -4.466198688232553, "log10_colsample_bytree": -0.2168550759327733, "log10_eta": -3.627906130286058, "log10_lambda": -1.9199416251355959, "log10_min_child_weight": 4.518177482072559, "log10_subsample": -0.547217801565398, "max_depth": 9.0, "num_boost_round": 6.0}, "datetime": {"datetime": "2024-01-19 00:47:32", "elapsed": 2160.276004, "delta": 0.002257}}
{"target": -13.758535247825918, "params": {"gamma": 23.392124610890686, "log10_alpha": -4.466198688232553, "log10_colsample_bytree": -0.2168550759327733, "log10_eta": -3.627906130286058, "log10_lambda": -1.9199416251355959, "log10_min_child_weight": 4.518177482072559, "log10_subsample": -0.547217801565398, "max_depth": 9.0, "num_boost_round": 7.0}, "datetime": {"datetime": "2024-01-19 00:47:32", "elapsed": 2160.278176, "delta": 0.002172}}
