{"target": -13.759208248439244, "params": {"gamma": 711.0145548439584, "log10_alpha": -1.5810576943323804, "log10_colsample_bytree": -0.4661974963479295, "log10_eta": -1.912932943732577, "log10_lambda": 0.8587570409978778, "log10_min_child_weight": 4.48473093365717, "log10_subsample": -0.2680871817211721, "max_depth": 9.0, "num_boost_round": 29.0}, "datetime": {"datetime": "2024-01-19 00:31:44", "elapsed": 1203.761486, "delta": 0.001485}}
{"target": -13.75932071774057, "params": {"gamma": 711.0145548439584, "log10_alpha": -1.5810576943323804, "log10_colsample_bytree": -0.4661974963479295, "log10_eta": -1.912932943732577, "log10_lambda": 0.8587570409978778, "log10_min_child_weight": 4.48473093365717, "log10_subsample": -0.2680871817211721, "max_depth": 9.0, "num_boost_round": 30.0}, "datetime": {"datetime": "2024-01-19 00:31:44", "elapsed": 1203.763045, "delta": 0.001559}}
{"target": -13.75923490293581, "params": {"gamma": 711.0145548439584, "log10_alpha": -1.5810576943323804, "log10_colsample_bytree": -0.4661974963479295, "log10_eta": -1.912932943732577, "log10_lambda": 0.8587570409978778, "log10_min_child_weight": 4.48473093365717, "log10_subsample": -0.2680871817211721, "max_depth": 9.0, "num_boost_round": 31.0}, "datetime": {"datetime": "2024-01-19 00:31:44", "elapsed": 1203.764554, "delta": 0.001509}}
{"target": -13.75934679479524, "params": {"gamma": 711.0145548439584, "log10_alpha": -1.5810576943323804, "log10_colsample_bytree": -0.4661974963479295, "log10_eta": -1.912932943732577, "log10_lambda": 0.8587570409978778, "log10_min_child_weight": 4.48473093365717, "log10_subsample": -0.2680871817211721, "max_depth": 9.0, "num_boost_round": 32.0}, "datetime": {"datetime": "2024-01-19 00:31:44", "elapsed": 1203.766038, "delta": 0.001484}}
{"target": -13.759436534542802, "params": {"gamma": 711.0145548439584, "log10_alpha": -1.5810576943323804, "log10_colsample_bytree": -0.4661974963479295, "log10_eta": -1.912932943732577, "log10_lambda": 0.8587570409978778, "log10_min_child_weight": 4.48473093365717, "log10_subsample": -0.2680871817211721, "max_depth": 9.0, "num_boost_round": 33.0}, "datetime": {"datetime": "2024-01-19 00:31:44", "elapsed": 1203.767616, "delta": 0.001578}}
{"target": -13.759637174825487, "params": {"gamma": 711.0145548439584, "log10_alpha": -1.5810576943323804, "log10_colsample_bytree": -0.4661974963479295, "log10_eta": -1.912932943732577, "log10_lambda": 0.8587570409978778, "log10_min_child_weight": 4.48473093365717, "log10_subsample": -0.2680871817211721, "max_depth": 9.0, "num_boost_round": 34.0}, "datetime": {"datetime": "2024-01-19 00:31:44", "elapsed": 1203.769277, "delta": 0.001661}}
{"target": -13.75968688959143, "params": {"gamma": 711.0145548439584, "log10_alpha": -1.5810576943323804, "log10_colsample_bytree": -0.4661974963479295, "log10_eta": -1.912932943732577, "log10_lambda": 0.8587570409978778, "log10_min_child_weight": 4.48473093365717, "log10_subsample": -0.2680871817211721, "max_depth": 9.0, "num_boost_round": 35.0}, "datetime": {"datetime": "2024-01-19 00:31:44", "elapsed": 1203.77088, "delta": 0.001603}}
{"target": -13.759858049027724, "params": {"gamma": 711.0145548439584, "log10_alpha": -1.5810576943323804, "log10_colsample_bytree": -0.4661974963479295, "log10_eta": -1.912932943732577, "log10_lambda": 0.8587570409978778, "log10_min_child_weight": 4.48473093365717, "log10_subsample": -0.2680871817211721, "max_depth": 9.0, "num_boost_round": 36.0}, "datetime": {"datetime": "2024-01-19 00:31:44", "elapsed": 1203.77248, "delta": 0.0016}}
{"target": -13.760061782636814, "params": {"gamma": 711.0145548439584, "log10_alpha": -1.5810576943323804, "log10_colsample_bytree": -0.4661974963479295, "log10_eta": -1.912932943732577, "log10_lambda": 0.8587570409978778, "log10_min_child_weight": 4.48473093365717, "log10_subsample": -0.2680871817211721, "max_depth": 9.0, "num_boost_round": 37.0}, "datetime": {"datetime": "2024-01-19 00:31:44", "elapsed": 1203.773963, "delta": 0.001483}}
{"target": -13.760080381709695, "params": {"gamma": 711.0145548439584, "log10_alpha": -1.5810576943323804, "log10_colsample_bytree": -0.4661974963479295, "log10_eta": -1.912932943732577, "log10_lambda": 0.8587570409978778, "log10_min_child_weight": 4.48473093365717, "log10_subsample": -0.2680871817211721, "max_depth": 9.0, "num_boost_round": 38.0}, "datetime": {"datetime": "2024-01-19 00:31:44", "elapsed": 1203.775479, "delta": 0.001516}}
{"target": -13.760158664523953, "params": {"gamma": 711.0145548439584, "log10_alpha": -1.5810576943323804, "log10_colsample_bytree": -0.4661974963479295, "log10_eta": -1.912932943732577, "log10_lambda": 0.8587570409978778, "log10_min_child_weight": 4.48473093365717, "log10_subsample": -0.2680871817211721, "max_depth": 9.0, "num_boost_round": 39.0}, "datetime": {"datetime": "2024-01-19 00:31:44", "elapsed": 1203.776959, "delta": 0.00148}}
{"target": -13.760184340172747, "params": {"gamma": 711.0145548439584, "log10_alpha": -1.5810576943323804, "log10_colsample_bytree": -0.4661974963479295, "log10_eta": -1.912932943732577, "log10_lambda": 0.8587570409978778, "log10_min_child_weight": 4.48473093365717, "log10_subsample": -0.2680871817211721, "max_depth": 9.0, "num_boost_round": 40.0}, "datetime": {"datetime": "2024-01-19 00:31:44", "elapsed": 1203.778486, "delta": 0.001527}}
{"target": -13.760396948798057, "params": {"gamma": 711.0145548439584, "log10_alpha": -1.5810576943323804, "log10_colsample_bytree": -0.4661974963479295, "log10_eta": -1.912932943732577, "log10_lambda": 0.8587570409978778, "log10_min_child_weight": 4.48473093365717, "log10_subsample": -0.2680871817211721, "max_depth": 9.0, "num_boost_round": 41.0}, "datetime": {"datetime": "2024-01-19 00:31:44", "elapsed": 1203.780066, "delta": 0.00158}}
{"target": -13.760515172133143, "params": {"gamma": 711.0145548439584, "log10_alpha": -1.5810576943323804, "log10_colsample_bytree": -0.4661974963479295, "log10_eta": -1.912932943732577, "log10_lambda": 0.8587570409978778, "log10_min_child_weight": 4.48473093365717, "log10_subsample": -0.2680871817211721, "max_depth": 9.0, "num_boost_round": 42.0}, "datetime": {"datetime": "2024-01-19 00:31:44", "elapsed": 1203.781633, "delta": 0.001567}}
{"target": -13.760713288288207, "params": {"gamma": 711.0145548439584, "log10_alpha": -1.5810576943323804, "log10_colsample_bytree": -0.4661974963479295, "log10_eta": -1.912932943732577, "log10_lambda": 0.8587570409978778, "log10_min_child_weight": 4.48473093365717, "log10_subsample": -0.2680871817211721, "max_depth": 9.0, "num_boost_round": 43.0}, "datetime": {"datetime": "2024-01-19 00:31:44", "elapsed": 1203.783233, "delta": 0.0016}}
{"target": -13.760829368719323, "params": {"gamma": 711.0145548439584, "log10_alpha": -1.5810576943323804, "log10_colsample_bytree": -0.4661974963479295, "log10_eta": -1.912932943732577, "log10_lambda": 0.8587570409978778, "log10_min_child_weight": 4.48473093365717, "log10_subsample": -0.2680871817211721, "max_depth": 9.0, "num_boost_round": 44.0}, "datetime": {"datetime": "2024-01-19 00:31:44", "elapsed": 1203.784797, "delta": 0.001564}}
{"target": -13.760850576620594, "params": {"gamma": 711.0145548439584, "log10_alpha": -1.5810576943323804, "log10_colsample_bytree": -0.4661974963479295, "log10_eta": -1.912932943732577, "log10_lambda": 0.8587570409978778, "log10_min_child_weight": 4.48473093365717, "log10_subsample": -0.2680871817211721, "max_depth": 9.0, "num_boost_round": 45.0}, "datetime": {"datetime": "2024-01-19 00:31:44", "elapsed": 1203.786332, "delta": 0.001535}}
{"target": -13.76088932058662, "params": {"gamma": 711.0145548439584, "log10_alpha": -1.5810576943323804, "log10_colsample_bytree": -0.4661974963479295, "log10_eta": -1.912932943732577, "log10_lambda": 0.8587570409978778, "log10_min_child_weight": 4.48473093365717, "log10_subsample": -0.2680871817211721, "max_depth": 9.0, "num_boost_round": 46.0}, "datetime": {"datetime": "2024-01-19 00:31:44", "elapsed": 1203.7879, "delta": 0.001568}}
{"target": -13.760869775983824, "params": {"gamma": 711.0145548439584, "log10_alpha": -1.5810576943323804, "log10_colsample_bytree": -0.4661974963479295, "log10_eta": -1.912932943732577, "log10_lambda": 0.8587570409978778, "log10_min_child_weight": 4.48473093365717, "log10_subsample": -0.2680871817211721, "max_depth": 9.0, "num_boost_round": 47.0}, "datetime": {"datetime": "2024-01-19 00:31:44", "elapsed": 1203.789488, "delta": 0.001588}}
{"target": -13.760957752357566, "params": {"gamma": 711.0145548439584, "log10_alpha": -1.5810576943323804, "log10_colsample_bytree": -0.4661974963479295, "log10_eta": -1.912932943732577, "log10_lambda": 0.8587570409978778, "log10_min_child_weight": 4.48473093365717, "log10_subsample": -0.2680871817211721, "max_depth": 9.0, "num_boost_round": 48.0}, "datetime": {"datetime": "2024-01-19 00:31:44", "elapsed": 1203.79106, "delta": 0.001572}}
{"target": -13.761078366101373, "params": {"gamma": 711.0145548439584, "log10_alpha": -1.5810576943323804, "log10_colsample_bytree": -0.4661974963479295, "log10_eta": -1.912932943732577, "log10_lambda": 0.8587570409978778, "log10_min_child_weight": 4.48473093365717, "log10_subsample": -0.2680871817211721, "max_depth": 9.0, "num_boost_round": 49.0}, "datetime": {"datetime": "2024-01-19 00:31:44", "elapsed": 1203.792617, "delta": 0.001557}}
{"target": -13.761193157671725, "params": {"gamma": 711.0145548439584, "log10_alpha": -1.5810576943323804, "log10_colsample_bytree": -0.4661974963479295, "log10_eta": -1.912932943732577, "log10_lambda": 0.8587570409978778, "log10_min_child_weight": 4.48473093365717, "log10_subsample": -0.2680871817211721, "max_depth": 9.0, "num_boost_round": 50.0}, "datetime": {"datetime": "2024-01-19 00:31:44", "elapsed": 1203.794182, "delta": 0.001565}}
{"target": -13.761303529060065, "params": {"gamma": 711.0145548439584, "log10_alpha": -1.5810576943323804, "log10_colsample_bytree": -0.4661974963479295, "log10_eta": -1.912932943732577, "log10_lambda": 0.8587570409978778, "log10_min_child_weight": 4.48473093365717, "log10_subsample": -0.2680871817211721, "max_depth": 9.0, "num_boost_round": 51.0}, "datetime": {"datetime": "2024-01-19 00:31:44", "elapsed": 1203.795775, "delta": 0.001593}}
{"target": -13.761340508086493, "params": {"gamma": 711.0145548439584, "log10_alpha": -1.5810576943323804, "log10_colsample_bytree": -0.4661974963479295, "log10_eta": -1.912932943732577, "log10_lambda": 0.8587570409978778, "log10_min_child_weight": 4.48473093365717, "log10_subsample": -0.2680871817211721, "max_depth": 9.0, "num_boost_round": 52.0}, "datetime": {"datetime": "2024-01-19 00:31:44", "elapsed": 1203.797336, "delta": 0.001561}}
{"target": -13.761495809109013, "params": {"gamma": 711.0145548439584, "log10_alpha": -1.5810576943323804, "log10_colsample_bytree": -0.4661974963479295, "log10_eta": -1.912932943732577, "log10_lambda": 0.8587570409978778, "log10_min_child_weight": 4.48473093365717, "log10_subsample": -0.2680871817211721, "max_depth": 9.0, "num_boost_round": 53.0}, "datetime": {"datetime": "2024-01-19 00:31:44", "elapsed": 1203.798907, "delta": 0.001571}}
{"target": -13.761547980816577, "params": {"gamma": 711.0145548439584, "log10_alpha": -1.5810576943323804, "log10_colsample_bytree": -0.4661974963479295, "log10_eta": -1.912932943732577, "log10_lambda": 0.8587570409978778, "log10_min_child_weight": 4.48473093365717, "log10_subsample": -0.2680871817211721, "max_depth": 9.0, "num_boost_round": 54.0}, "datetime": {"datetime": "2024-01-19 00:31:44", "elapsed": 1203.800472, "delta": 0.001565}}
{"target": -13.761600951398705, "params": {"gamma": 711.0145548439584, "log10_alpha": -1.5810576943323804, "log10_colsample_bytree": -0.4661974963479295, "log10_eta": -1.912932943732577, "log10_lambda": 0.8587570409978778, "log10_min_child_weight": 4.48473093365717, "log10_subsample": -0.2680871817211721, "max_depth": 9.0, "num_boost_round": 55.0}, "datetime": {"datetime": "2024-01-19 00:31:44", "elapsed": 1203.802051, "delta": 0.001579}}
{"target": -13.761724468728229, "params": {"gamma": 711.0145548439584, "log10_alpha": -1.5810576943323804, "log10_colsample_bytree": -0.4661974963479295, "log10_eta": -1.912932943732577, "log10_lambda": 0.8587570409978778, "log10_min_child_weight": 4.48473093365717, "log10_subsample": -0.2680871817211721, "max_depth": 9.0, "num_boost_round": 56.0}, "datetime": {"datetime": "2024-01-19 00:31:44", "elapsed": 1203.803616, "delta": 0.001565}}
{"target": -13.76183952735555, "params": {"gamma": 711.0145548439584, "log10_alpha": -1.5810576943323804, "log10_colsample_bytree": -0.4661974963479295, "log10_eta": -1.912932943732577, "log10_lambda": 0.8587570409978778, "log10_min_child_weight": 4.48473093365717, "log10_subsample": -0.2680871817211721, "max_depth": 9.0, "num_boost_round": 57.0}, "datetime": {"datetime": "2024-01-19 00:31:44", "elapsed": 1203.805188, "delta": 0.001572}}
{"target": -13.761911962981928, "params": {"gamma": 711.0145548439584, "log10_alpha": -1.5810576943323804, "log10_colsample_bytree": -0.4661974963479295, "log10_eta": -1.912932943732577, "log10_lambda": 0.8587570409978778, "log10_min_child_weight": 4.48473093365717, "log10_subsample": -0.2680871817211721, "max_depth": 9.0, "num_boost_round": 58.0}, "datetime": {"datetime": "2024-01-19 00:31:44", "elapsed": 1203.80673, "delta": 0.001542}}
{"target": -13.761956337058331, "params": {"gamma": 711.0145548439584, "log10_alpha": -1.5810576943323804, "log10_colsample_bytree": -0.4661974963479295, "log10_eta": -1.912932943732577, "log10_lambda": 0.8587570409978778, "log10_min_child_weight": 4.48473093365717, "log10_subsample": -0.2680871817211721, "max_depth": 9.0, "num_boost_round": 59.0}, "datetime": {"datetime": "2024-01-19 00:31:44", "elapsed": 1203.808299, "delta": 0.001569}}
{"target": -13.761953886264415, "params": {"gamma": 711.0145548439584, "log10_alpha": -1.5810576943323804, "log10_colsample_bytree": -0.4661974963479295, "log10_eta": -1.912932943732577, "log10_lambda": 0.8587570409978778, "log10_min_child_weight": 4.48473093365717, "log10_subsample": -0.2680871817211721, "max_depth": 9.0, "num_boost_round": 60.0}, "datetime": {"datetime": "2024-01-19 00:31:44", "elapsed": 1203.809874, "delta": 0.001575}}
{"target": -13.761980712336882, "params": {"gamma": 711.0145548439584, "log10_alpha": -1.5810576943323804, "log10_colsample_bytree": -0.4661974963479295, "log10_eta": -1.912932943732577, "log10_lambda": 0.8587570409978778, "log10_min_child_weight": 4.48473093365717, "log10_subsample": -0.2680871817211721, "max_depth": 9.0, "num_boost_round": 61.0}, "datetime": {"datetime": "2024-01-19 00:31:44", "elapsed": 1203.81145, "delta": 0.001576}}
{"target": -13.757308523047575, "params": {"gamma": 708.4265782297432, "log10_alpha": -1.6842190708742466, "log10_colsample_bytree": -0.6424864931850368, "log10_eta": -0.3911669764114123, "log10_lambda": -3.0987239547630105, "log10_min_child_weight": 3.859067686625327, "log10_subsample": -0.6330255922840817, "max_depth": 3.0, "num_boost_round": 0.0}, "datetime": {"datetime": "2024-01-19 00:32:11", "elapsed": 1231.055522, "delta": 27.244072}}
{"target": -13.762674400825043, "params": {"gamma": 708.4265782297432, "log10_alpha": -1.6842190708742466, "log10_colsample_bytree": -0.6424864931850368, "log10_eta": -0.3911669764114123, "log10_lambda": -3.0987239547630105, "log10_min_child_weight": 3.859067686625327, "log10_subsample": -0.6330255922840817, "max_depth": 3.0, "num_boost_round": 1.0}, "datetime": {"datetime": "2024-01-19 00:32:11", "elapsed": 1231.057274, "delta": 0.001752}}
{"target": -13.762901557019855, "params": {"gamma": 708.4265782297432, "log10_alpha": -1.6842190708742466, "log10_colsample_bytree": -0.6424864931850368, "log10_eta": -0.3911669764114123, "log10_lambda": -3.0987239547630105, "log10_min_child_weight": 3.859067686625327, "log10_subsample": -0.6330255922840817, "max_depth": 3.0, "num_boost_round": 2.0}, "datetime": {"datetime": "2024-01-19 00:32:11", "elapsed": 1231.059126, "delta": 0.001852}}
{"target": -13.765636662842141, "params": {"gamma": 708.4265782297432, "log10_alpha": -1.6842190708742466, "log10_colsample_bytree": -0.6424864931850368, "log10_eta": -0.3911669764114123, "log10_lambda": -3.0987239547630105, "log10_min_child_weight": 3.859067686625327, "log10_subsample": -0.6330255922840817, "max_depth": 3.0, "num_boost_round": 3.0}, "datetime": {"datetime": "2024-01-19 00:32:11", "elapsed": 1231.060676, "delta": 0.00155}}
{"target": -13.764487312565667, "params": {"gamma": 708.4265782297432, "log10_alpha": -1.6842190708742466, "log10_colsample_bytree": -0.6424864931850368, "log10_eta": -0.3911669764114123, "log10_lambda": -3.0987239547630105, "log10_min_child_weight": 3.859067686625327, "log10_subsample": -0.6330255922840817, "max_depth": 3.0, "num_boost_round": 4.0}, "datetime": {"datetime": "2024-01-19 00:32:11", "elapsed": 1231.063095, "delta": 0.002419}}
{"target": -13.76546124951723, "params": {"gamma": 708.4265782297432, "log10_alpha": -1.6842190708742466, "log10_colsample_bytree": -0.6424864931850368, "log10_eta": -0.3911669764114123, "log10_lambda": -3.0987239547630105, "log10_min_child_weight": 3.859067686625327, "log10_subsample": -0.6330255922840817, "max_depth": 3.0, "num_boost_round": 5.0}, "datetime": {"datetime": "2024-01-19 00:32:11", "elapsed": 1231.064698, "delta": 0.001603}}
{"target": -13.774610657974213, "params": {"gamma": 708.4265782297432, "log10_alpha": -1.6842190708742466, "log10_colsample_bytree": -0.6424864931850368, "log10_eta": -0.3911669764114123, "log10_lambda": -3.0987239547630105, "log10_min_child_weight": 3.859067686625327, "log10_subsample": -0.6330255922840817, "max_depth": 3.0, "num_boost_round": 6.0}, "datetime": {"datetime": "2024-01-19 00:32:11", "elapsed": 1231.066281, "delta": 0.001583}}
{"target": -13.774560624688254, "params": {"gamma": 708.4265782297432, "log10_alpha": -1.6842190708742466, "log10_colsample_bytree": -0.6424864931850368, "log10_eta": -0.3911669764114123, "log10_lambda": -3.0987239547630105, "log10_min_child_weight": 3.859067686625327, "log10_subsample": -0.6330255922840817, "max_depth": 3.0, "num_boost_round": 7.0}, "datetime": {"datetime": "2024-01-19 00:32:11", "elapsed": 1231.067958, "delta": 0.001677}}
{"target": -13.777083155622318, "params": {"gamma": 708.4265782297432, "log10_alpha": -1.6842190708742466, "log10_colsample_bytree": -0.6424864931850368, "log10_eta": -0.3911669764114123, "log10_lambda": -3.0987239547630105, "log10_min_child_weight": 3.859067686625327, "log10_subsample": -0.6330255922840817, "max_depth": 3.0, "num_boost_round": 8.0}, "datetime": {"datetime": "2024-01-19 00:32:11", "elapsed": 1231.069542, "delta": 0.001584}}
{"target": -13.781269656265302, "params": {"gamma": 708.4265782297432, "log10_alpha": -1.6842190708742466, "log10_colsample_bytree": -0.6424864931850368, "log10_eta": -0.3911669764114123, "log10_lambda": -3.0987239547630105, "log10_min_child_weight": 3.859067686625327, "log10_subsample": -0.6330255922840817, "max_depth": 3.0, "num_boost_round": 9.0}, "datetime": {"datetime": "2024-01-19 00:32:11", "elapsed": 1231.071084, "delta": 0.001542}}
{"target": -13.783802926880625, "params": {"gamma": 708.4265782297432, "log10_alpha": -1.6842190708742466, "log10_colsample_bytree": -0.6424864931850368, "log10_eta": -0.3911669764114123, "log10_lambda": -3.0987239547630105, "log10_min_child_weight": 3.859067686625327, "log10_subsample": -0.6330255922840817, "max_depth": 3.0, "num_boost_round": 10.0}, "datetime": {"datetime": "2024-01-19 00:32:11", "elapsed": 1231.072621, "delta": 0.001537}}
{"target": -13.788075906807245, "params": {"gamma": 708.4265782297432, "log10_alpha": -1.6842190708742466, "log10_colsample_bytree": -0.6424864931850368, "log10_eta": -0.3911669764114123, "log10_lambda": -3.0987239547630105, "log10_min_child_weight": 3.859067686625327, "log10_subsample": -0.6330255922840817, "max_depth": 3.0, "num_boost_round": 11.0}, "datetime": {"datetime": "2024-01-19 00:32:11", "elapsed": 1231.07428, "delta": 0.001659}}
{"target": -13.790993278795199, "params": {"gamma": 708.4265782297432, "log10_alpha": -1.6842190708742466, "log10_colsample_bytree": -0.6424864931850368, "log10_eta": -0.3911669764114123, "log10_lambda": -3.0987239547630105, "log10_min_child_weight": 3.859067686625327, "log10_subsample": -0.6330255922840817, "max_depth": 3.0, "num_boost_round": 12.0}, "datetime": {"datetime": "2024-01-19 00:32:11", "elapsed": 1231.075852, "delta": 0.001572}}
{"target": -13.789145113305906, "params": {"gamma": 708.4265782297432, "log10_alpha": -1.6842190708742466, "log10_colsample_bytree": -0.6424864931850368, "log10_eta": -0.3911669764114123, "log10_lambda": -3.0987239547630105, "log10_min_child_weight": 3.859067686625327, "log10_subsample": -0.6330255922840817, "max_depth": 3.0, "num_boost_round": 13.0}, "datetime": {"datetime": "2024-01-19 00:32:11", "elapsed": 1231.077406, "delta": 0.001554}}
{"target": -13.790924684923969, "params": {"gamma": 708.4265782297432, "log10_alpha": -1.6842190708742466, "log10_colsample_bytree": -0.6424864931850368, "log10_eta": -0.3911669764114123, "log10_lambda": -3.0987239547630105, "log10_min_child_weight": 3.859067686625327, "log10_subsample": -0.6330255922840817, "max_depth": 3.0, "num_boost_round": 14.0}, "datetime": {"datetime": "2024-01-19 00:32:11", "elapsed": 1231.078986, "delta": 0.00158}}
{"target": -13.794728194588174, "params": {"gamma": 708.4265782297432, "log10_alpha": -1.6842190708742466, "log10_colsample_bytree": -0.6424864931850368, "log10_eta": -0.3911669764114123, "log10_lambda": -3.0987239547630105, "log10_min_child_weight": 3.859067686625327, "log10_subsample": -0.6330255922840817, "max_depth": 3.0, "num_boost_round": 15.0}, "datetime": {"datetime": "2024-01-19 00:32:11", "elapsed": 1231.080527, "delta": 0.001541}}
