{"target": -13.780181499124135, "params": {"gamma": 574.2803404902508, "log10_alpha": -0.7962060162996378, "log10_colsample_bytree": -0.618477250422553, "log10_eta": -0.9084726081636485, "log10_lambda": -0.3479535016878481, "log10_min_child_weight": 4.170449665268691, "log10_subsample": -0.013585824052198991, "max_depth": 5.0, "num_boost_round": 24.0}, "datetime": {"datetime": "2024-01-19 01:23:08", "elapsed": 4320.228056, "delta": 0.004624}}
{"target": -13.779529546365957, "params": {"gamma": 574.2803404902508, "log10_alpha": -0.7962060162996378, "log10_colsample_bytree": -0.618477250422553, "log10_eta": -0.9084726081636485, "log10_lambda": -0.3479535016878481, "log10_min_child_weight": 4.170449665268691, "log10_subsample": -0.013585824052198991, "max_depth": 5.0, "num_boost_round": 25.0}, "datetime": {"datetime": "2024-01-19 01:23:08", "elapsed": 4320.232801, "delta": 0.004745}}
{"target": -13.783468850797155, "params": {"gamma": 574.2803404902508, "log10_alpha": -0.7962060162996378, "log10_colsample_bytree": -0.618477250422553, "log10_eta": -0.9084726081636485, "log10_lambda": -0.3479535016878481, "log10_min_child_weight": 4.170449665268691, "log10_subsample": -0.013585824052198991, "max_depth": 5.0, "num_boost_round": 26.0}, "datetime": {"datetime": "2024-01-19 01:23:08", "elapsed": 4320.237355, "delta": 0.004554}}
{"target": -13.783961182966742, "params": {"gamma": 574.2803404902508, "log10_alpha": -0.7962060162996378, "log10_colsample_bytree": -0.618477250422553, "log10_eta": -0.9084726081636485, "log10_lambda": -0.3479535016878481, "log10_min_child_weight": 4.170449665268691, "log10_subsample": -0.013585824052198991, "max_depth": 5.0, "num_boost_round": 27.0}, "datetime": {"datetime": "2024-01-19 01:23:08", "elapsed": 4320.241906, "delta": 0.004551}}
{"target": -13.785614412417523, "params": {"gamma": 574.2803404902508, "log10_alpha": -0.7962060162996378, "log10_colsample_bytree": -0.618477250422553, "log10_eta": -0.9084726081636485, "log10_lambda": -0.3479535016878481, "log10_min_child_weight": 4.170449665268691, "log10_subsample": -0.013585824052198991, "max_depth": 5.0, "num_boost_round": 28.0}, "datetime": {"datetime": "2024-01-19 01:23:08", "elapsed": 4320.246676, "delta": 0.00477}}
{"target": -13.785952628535313, "params": {"gamma": 574.2803404902508, "log10_alpha": -0.7962060162996378, "log10_colsample_bytree": -0.618477250422553, "log10_eta": -0.9084726081636485, "log10_lambda": -0.3479535016878481, "log10_min_child_weight": 4.170449665268691, "log10_subsample": -0.013585824052198991, "max_depth": 5.0, "num_boost_round": 29.0}, "datetime": {"datetime": "2024-01-19 01:23:08", "elapsed": 4320.251486, "delta": 0.00481}}
{"target": -13.787565244490612, "params": {"gamma": 574.2803404902508, "log10_alpha": -0.7962060162996378, "log10_colsample_bytree": -0.618477250422553, "log10_eta": -0.9084726081636485, "log10_lambda": -0.3479535016878481, "log10_min_child_weight": 4.170449665268691, "log10_subsample": -0.013585824052198991, "max_depth": 5.0, "num_boost_round": 30.0}, "datetime": {"datetime": "2024-01-19 01:23:08", "elapsed": 4320.256146, "delta": 0.00466}}
{"target": -13.787982961331206, "params": {"gamma": 574.2803404902508, "log10_alpha": -0.7962060162996378, "log10_colsample_bytree": -0.618477250422553, "log10_eta": -0.9084726081636485, "log10_lambda": -0.3479535016878481, "log10_min_child_weight": 4.170449665268691, "log10_subsample": -0.013585824052198991, "max_depth": 5.0, "num_boost_round": 31.0}, "datetime": {"datetime": "2024-01-19 01:23:08", "elapsed": 4320.260714, "delta": 0.004568}}
{"target": -13.789297201862272, "params": {"gamma": 574.2803404902508, "log10_alpha": -0.7962060162996378, "log10_colsample_bytree": -0.618477250422553, "log10_eta": -0.9084726081636485, "log10_lambda": -0.3479535016878481, "log10_min_child_weight": 4.170449665268691, "log10_subsample": -0.013585824052198991, "max_depth": 5.0, "num_boost_round": 32.0}, "datetime": {"datetime": "2024-01-19 01:23:08", "elapsed": 4320.265339, "delta": 0.004625}}
{"target": -13.79129016215525, "params": {"gamma": 574.2803404902508, "log10_alpha": -0.7962060162996378, "log10_colsample_bytree": -0.618477250422553, "log10_eta": -0.9084726081636485, "log10_lambda": -0.3479535016878481, "log10_min_child_weight": 4.170449665268691, "log10_subsample": -0.013585824052198991, "max_depth": 5.0, "num_boost_round": 33.0}, "datetime": {"datetime": "2024-01-19 01:23:08", "elapsed": 4320.270173, "delta": 0.004834}}
{"target": -13.792306917741334, "params": {"gamma": 574.2803404902508, "log10_alpha": -0.7962060162996378, "log10_colsample_bytree": -0.618477250422553, "log10_eta": -0.9084726081636485, "log10_lambda": -0.3479535016878481, "log10_min_child_weight": 4.170449665268691, "log10_subsample": -0.013585824052198991, "max_depth": 5.0, "num_boost_round": 34.0}, "datetime": {"datetime": "2024-01-19 01:23:08", "elapsed": 4320.274756, "delta": 0.004583}}
{"target": -13.794430133747772, "params": {"gamma": 574.2803404902508, "log10_alpha": -0.7962060162996378, "log10_colsample_bytree": -0.618477250422553, "log10_eta": -0.9084726081636485, "log10_lambda": -0.3479535016878481, "log10_min_child_weight": 4.170449665268691, "log10_subsample": -0.013585824052198991, "max_depth": 5.0, "num_boost_round": 35.0}, "datetime": {"datetime": "2024-01-19 01:23:08", "elapsed": 4320.279364, "delta": 0.004608}}
{"target": -13.795446555897838, "params": {"gamma": 574.2803404902508, "log10_alpha": -0.7962060162996378, "log10_colsample_bytree": -0.618477250422553, "log10_eta": -0.9084726081636485, "log10_lambda": -0.3479535016878481, "log10_min_child_weight": 4.170449665268691, "log10_subsample": -0.013585824052198991, "max_depth": 5.0, "num_boost_round": 36.0}, "datetime": {"datetime": "2024-01-19 01:23:08", "elapsed": 4320.28405, "delta": 0.004686}}
{"target": -13.79916388372493, "params": {"gamma": 574.2803404902508, "log10_alpha": -0.7962060162996378, "log10_colsample_bytree": -0.618477250422553, "log10_eta": -0.9084726081636485, "log10_lambda": -0.3479535016878481, "log10_min_child_weight": 4.170449665268691, "log10_subsample": -0.013585824052198991, "max_depth": 5.0, "num_boost_round": 37.0}, "datetime": {"datetime": "2024-01-19 01:23:08", "elapsed": 4320.288803, "delta": 0.004753}}
{"target": -13.800006266769003, "params": {"gamma": 574.2803404902508, "log10_alpha": -0.7962060162996378, "log10_colsample_bytree": -0.618477250422553, "log10_eta": -0.9084726081636485, "log10_lambda": -0.3479535016878481, "log10_min_child_weight": 4.170449665268691, "log10_subsample": -0.013585824052198991, "max_depth": 5.0, "num_boost_round": 38.0}, "datetime": {"datetime": "2024-01-19 01:23:08", "elapsed": 4320.293372, "delta": 0.004569}}
{"target": -13.799841222126163, "params": {"gamma": 574.2803404902508, "log10_alpha": -0.7962060162996378, "log10_colsample_bytree": -0.618477250422553, "log10_eta": -0.9084726081636485, "log10_lambda": -0.3479535016878481, "log10_min_child_weight": 4.170449665268691, "log10_subsample": -0.013585824052198991, "max_depth": 5.0, "num_boost_round": 39.0}, "datetime": {"datetime": "2024-01-19 01:23:08", "elapsed": 4320.298037, "delta": 0.004665}}
{"target": -13.800195414354668, "params": {"gamma": 574.2803404902508, "log10_alpha": -0.7962060162996378, "log10_colsample_bytree": -0.618477250422553, "log10_eta": -0.9084726081636485, "log10_lambda": -0.3479535016878481, "log10_min_child_weight": 4.170449665268691, "log10_subsample": -0.013585824052198991, "max_depth": 5.0, "num_boost_round": 40.0}, "datetime": {"datetime": "2024-01-19 01:23:08", "elapsed": 4320.302619, "delta": 0.004582}}
{"target": -13.800064794738235, "params": {"gamma": 574.2803404902508, "log10_alpha": -0.7962060162996378, "log10_colsample_bytree": -0.618477250422553, "log10_eta": -0.9084726081636485, "log10_lambda": -0.3479535016878481, "log10_min_child_weight": 4.170449665268691, "log10_subsample": -0.013585824052198991, "max_depth": 5.0, "num_boost_round": 41.0}, "datetime": {"datetime": "2024-01-19 01:23:08", "elapsed": 4320.307624, "delta": 0.005005}}
{"target": -13.802606689139841, "params": {"gamma": 574.2803404902508, "log10_alpha": -0.7962060162996378, "log10_colsample_bytree": -0.618477250422553, "log10_eta": -0.9084726081636485, "log10_lambda": -0.3479535016878481, "log10_min_child_weight": 4.170449665268691, "log10_subsample": -0.013585824052198991, "max_depth": 5.0, "num_boost_round": 42.0}, "datetime": {"datetime": "2024-01-19 01:23:08", "elapsed": 4320.312291, "delta": 0.004667}}
{"target": -13.802802206639292, "params": {"gamma": 574.2803404902508, "log10_alpha": -0.7962060162996378, "log10_colsample_bytree": -0.618477250422553, "log10_eta": -0.9084726081636485, "log10_lambda": -0.3479535016878481, "log10_min_child_weight": 4.170449665268691, "log10_subsample": -0.013585824052198991, "max_depth": 5.0, "num_boost_round": 43.0}, "datetime": {"datetime": "2024-01-19 01:23:08", "elapsed": 4320.317348, "delta": 0.005057}}
{"target": -13.80392093723626, "params": {"gamma": 574.2803404902508, "log10_alpha": -0.7962060162996378, "log10_colsample_bytree": -0.618477250422553, "log10_eta": -0.9084726081636485, "log10_lambda": -0.3479535016878481, "log10_min_child_weight": 4.170449665268691, "log10_subsample": -0.013585824052198991, "max_depth": 5.0, "num_boost_round": 44.0}, "datetime": {"datetime": "2024-01-19 01:23:08", "elapsed": 4320.321907, "delta": 0.004559}}
{"target": -13.806110804238298, "params": {"gamma": 574.2803404902508, "log10_alpha": -0.7962060162996378, "log10_colsample_bytree": -0.618477250422553, "log10_eta": -0.9084726081636485, "log10_lambda": -0.3479535016878481, "log10_min_child_weight": 4.170449665268691, "log10_subsample": -0.013585824052198991, "max_depth": 5.0, "num_boost_round": 45.0}, "datetime": {"datetime": "2024-01-19 01:23:08", "elapsed": 4320.326869, "delta": 0.004962}}
{"target": -13.805932227225554, "params": {"gamma": 574.2803404902508, "log10_alpha": -0.7962060162996378, "log10_colsample_bytree": -0.618477250422553, "log10_eta": -0.9084726081636485, "log10_lambda": -0.3479535016878481, "log10_min_child_weight": 4.170449665268691, "log10_subsample": -0.013585824052198991, "max_depth": 5.0, "num_boost_round": 46.0}, "datetime": {"datetime": "2024-01-19 01:23:08", "elapsed": 4320.331469, "delta": 0.0046}}
{"target": -13.807102180610109, "params": {"gamma": 574.2803404902508, "log10_alpha": -0.7962060162996378, "log10_colsample_bytree": -0.618477250422553, "log10_eta": -0.9084726081636485, "log10_lambda": -0.3479535016878481, "log10_min_child_weight": 4.170449665268691, "log10_subsample": -0.013585824052198991, "max_depth": 5.0, "num_boost_round": 47.0}, "datetime": {"datetime": "2024-01-19 01:23:08", "elapsed": 4320.336153, "delta": 0.004684}}
{"target": -13.80732851838623, "params": {"gamma": 574.2803404902508, "log10_alpha": -0.7962060162996378, "log10_colsample_bytree": -0.618477250422553, "log10_eta": -0.9084726081636485, "log10_lambda": -0.3479535016878481, "log10_min_child_weight": 4.170449665268691, "log10_subsample": -0.013585824052198991, "max_depth": 5.0, "num_boost_round": 48.0}, "datetime": {"datetime": "2024-01-19 01:23:08", "elapsed": 4320.340785, "delta": 0.004632}}
{"target": -13.808019014769691, "params": {"gamma": 574.2803404902508, "log10_alpha": -0.7962060162996378, "log10_colsample_bytree": -0.618477250422553, "log10_eta": -0.9084726081636485, "log10_lambda": -0.3479535016878481, "log10_min_child_weight": 4.170449665268691, "log10_subsample": -0.013585824052198991, "max_depth": 5.0, "num_boost_round": 49.0}, "datetime": {"datetime": "2024-01-19 01:23:08", "elapsed": 4320.346256, "delta": 0.005471}}
{"target": -13.810100917867784, "params": {"gamma": 574.2803404902508, "log10_alpha": -0.7962060162996378, "log10_colsample_bytree": -0.618477250422553, "log10_eta": -0.9084726081636485, "log10_lambda": -0.3479535016878481, "log10_min_child_weight": 4.170449665268691, "log10_subsample": -0.013585824052198991, "max_depth": 5.0, "num_boost_round": 50.0}, "datetime": {"datetime": "2024-01-19 01:23:08", "elapsed": 4320.351705, "delta": 0.005449}}
{"target": -13.812931478877719, "params": {"gamma": 574.2803404902508, "log10_alpha": -0.7962060162996378, "log10_colsample_bytree": -0.618477250422553, "log10_eta": -0.9084726081636485, "log10_lambda": -0.3479535016878481, "log10_min_child_weight": 4.170449665268691, "log10_subsample": -0.013585824052198991, "max_depth": 5.0, "num_boost_round": 51.0}, "datetime": {"datetime": "2024-01-19 01:23:08", "elapsed": 4320.356647, "delta": 0.004942}}
{"target": -13.81432187697645, "params": {"gamma": 574.2803404902508, "log10_alpha": -0.7962060162996378, "log10_colsample_bytree": -0.618477250422553, "log10_eta": -0.9084726081636485, "log10_lambda": -0.3479535016878481, "log10_min_child_weight": 4.170449665268691, "log10_subsample": -0.013585824052198991, "max_depth": 5.0, "num_boost_round": 52.0}, "datetime": {"datetime": "2024-01-19 01:23:08", "elapsed": 4320.361404, "delta": 0.004757}}
{"target": -13.812979131519949, "params": {"gamma": 574.2803404902508, "log10_alpha": -0.7962060162996378, "log10_colsample_bytree": -0.618477250422553, "log10_eta": -0.9084726081636485, "log10_lambda": -0.3479535016878481, "log10_min_child_weight": 4.170449665268691, "log10_subsample": -0.013585824052198991, "max_depth": 5.0, "num_boost_round": 53.0}, "datetime": {"datetime": "2024-01-19 01:23:08", "elapsed": 4320.366202, "delta": 0.004798}}
{"target": -13.81389706303436, "params": {"gamma": 574.2803404902508, "log10_alpha": -0.7962060162996378, "log10_colsample_bytree": -0.618477250422553, "log10_eta": -0.9084726081636485, "log10_lambda": -0.3479535016878481, "log10_min_child_weight": 4.170449665268691, "log10_subsample": -0.013585824052198991, "max_depth": 5.0, "num_boost_round": 54.0}, "datetime": {"datetime": "2024-01-19 01:23:08", "elapsed": 4320.370925, "delta": 0.004723}}
{"target": -13.814827585502895, "params": {"gamma": 574.2803404902508, "log10_alpha": -0.7962060162996378, "log10_colsample_bytree": -0.618477250422553, "log10_eta": -0.9084726081636485, "log10_lambda": -0.3479535016878481, "log10_min_child_weight": 4.170449665268691, "log10_subsample": -0.013585824052198991, "max_depth": 5.0, "num_boost_round": 55.0}, "datetime": {"datetime": "2024-01-19 01:23:08", "elapsed": 4320.375525, "delta": 0.0046}}
{"target": -13.81505377531627, "params": {"gamma": 574.2803404902508, "log10_alpha": -0.7962060162996378, "log10_colsample_bytree": -0.618477250422553, "log10_eta": -0.9084726081636485, "log10_lambda": -0.3479535016878481, "log10_min_child_weight": 4.170449665268691, "log10_subsample": -0.013585824052198991, "max_depth": 5.0, "num_boost_round": 56.0}, "datetime": {"datetime": "2024-01-19 01:23:08", "elapsed": 4320.380081, "delta": 0.004556}}
{"target": -13.81604647258697, "params": {"gamma": 574.2803404902508, "log10_alpha": -0.7962060162996378, "log10_colsample_bytree": -0.618477250422553, "log10_eta": -0.9084726081636485, "log10_lambda": -0.3479535016878481, "log10_min_child_weight": 4.170449665268691, "log10_subsample": -0.013585824052198991, "max_depth": 5.0, "num_boost_round": 57.0}, "datetime": {"datetime": "2024-01-19 01:23:08", "elapsed": 4320.501885, "delta": 0.121804}}
{"target": -13.819363619935965, "params": {"gamma": 574.2803404902508, "log10_alpha": -0.7962060162996378, "log10_colsample_bytree": -0.618477250422553, "log10_eta": -0.9084726081636485, "log10_lambda": -0.3479535016878481, "log10_min_child_weight": 4.170449665268691, "log10_subsample": -0.013585824052198991, "max_depth": 5.0, "num_boost_round": 58.0}, "datetime": {"datetime": "2024-01-19 01:23:08", "elapsed": 4320.507265, "delta": 0.00538}}
{"target": -13.820346246418413, "params": {"gamma": 574.2803404902508, "log10_alpha": -0.7962060162996378, "log10_colsample_bytree": -0.618477250422553, "log10_eta": -0.9084726081636485, "log10_lambda": -0.3479535016878481, "log10_min_child_weight": 4.170449665268691, "log10_subsample": -0.013585824052198991, "max_depth": 5.0, "num_boost_round": 59.0}, "datetime": {"datetime": "2024-01-19 01:23:08", "elapsed": 4320.51231, "delta": 0.005045}}
{"target": -13.821137477267872, "params": {"gamma": 574.2803404902508, "log10_alpha": -0.7962060162996378, "log10_colsample_bytree": -0.618477250422553, "log10_eta": -0.9084726081636485, "log10_lambda": -0.3479535016878481, "log10_min_child_weight": 4.170449665268691, "log10_subsample": -0.013585824052198991, "max_depth": 5.0, "num_boost_round": 60.0}, "datetime": {"datetime": "2024-01-19 01:23:08", "elapsed": 4320.517036, "delta": 0.004726}}
{"target": -13.822903899802018, "params": {"gamma": 574.2803404902508, "log10_alpha": -0.7962060162996378, "log10_colsample_bytree": -0.618477250422553, "log10_eta": -0.9084726081636485, "log10_lambda": -0.3479535016878481, "log10_min_child_weight": 4.170449665268691, "log10_subsample": -0.013585824052198991, "max_depth": 5.0, "num_boost_round": 61.0}, "datetime": {"datetime": "2024-01-19 01:23:08", "elapsed": 4320.522016, "delta": 0.00498}}
{"target": -13.825079521380827, "params": {"gamma": 574.2803404902508, "log10_alpha": -0.7962060162996378, "log10_colsample_bytree": -0.618477250422553, "log10_eta": -0.9084726081636485, "log10_lambda": -0.3479535016878481, "log10_min_child_weight": 4.170449665268691, "log10_subsample": -0.013585824052198991, "max_depth": 5.0, "num_boost_round": 62.0}, "datetime": {"datetime": "2024-01-19 01:23:08", "elapsed": 4320.526687, "delta": 0.004671}}
{"target": -13.825349823636753, "params": {"gamma": 574.2803404902508, "log10_alpha": -0.7962060162996378, "log10_colsample_bytree": -0.618477250422553, "log10_eta": -0.9084726081636485, "log10_lambda": -0.3479535016878481, "log10_min_child_weight": 4.170449665268691, "log10_subsample": -0.013585824052198991, "max_depth": 5.0, "num_boost_round": 63.0}, "datetime": {"datetime": "2024-01-19 01:23:08", "elapsed": 4320.531392, "delta": 0.004705}}
{"target": -13.82684349419978, "params": {"gamma": 574.2803404902508, "log10_alpha": -0.7962060162996378, "log10_colsample_bytree": -0.618477250422553, "log10_eta": -0.9084726081636485, "log10_lambda": -0.3479535016878481, "log10_min_child_weight": 4.170449665268691, "log10_subsample": -0.013585824052198991, "max_depth": 5.0, "num_boost_round": 64.0}, "datetime": {"datetime": "2024-01-19 01:23:08", "elapsed": 4320.536131, "delta": 0.004739}}
{"target": -13.758431136466204, "params": {"gamma": 564.7951805542438, "log10_alpha": -4.887465203550248, "log10_colsample_bytree": -0.6153616497164706, "log10_eta": -2.122373793017669, "log10_lambda": -1.4269671983186205, "log10_min_child_weight": 3.8461144807199394, "log10_subsample": -0.05609147583492535, "max_depth": 7.0, "num_boost_round": 0.0}, "datetime": {"datetime": "2024-01-19 01:24:06", "elapsed": 4377.96291, "delta": 57.426779}}
{"target": -13.758424055777256, "params": {"gamma": 564.7951805542438, "log10_alpha": -4.887465203550248, "log10_colsample_bytree": -0.6153616497164706, "log10_eta": -2.122373793017669, "log10_lambda": -1.4269671983186205, "log10_min_child_weight": 3.8461144807199394, "log10_subsample": -0.05609147583492535, "max_depth": 7.0, "num_boost_round": 1.0}, "datetime": {"datetime": "2024-01-19 01:24:06", "elapsed": 4377.968539, "delta": 0.005629}}
{"target": -13.758280099405525, "params": {"gamma": 564.7951805542438, "log10_alpha": -4.887465203550248, "log10_colsample_bytree": -0.6153616497164706, "log10_eta": -2.122373793017669, "log10_lambda": -1.4269671983186205, "log10_min_child_weight": 3.8461144807199394, "log10_subsample": -0.05609147583492535, "max_depth": 7.0, "num_boost_round": 2.0}, "datetime": {"datetime": "2024-01-19 01:24:06", "elapsed": 4377.973413, "delta": 0.004874}}
{"target": -13.758198253610074, "params": {"gamma": 564.7951805542438, "log10_alpha": -4.887465203550248, "log10_colsample_bytree": -0.6153616497164706, "log10_eta": -2.122373793017669, "log10_lambda": -1.4269671983186205, "log10_min_child_weight": 3.8461144807199394, "log10_subsample": -0.05609147583492535, "max_depth": 7.0, "num_boost_round": 3.0}, "datetime": {"datetime": "2024-01-19 01:24:06", "elapsed": 4377.978292, "delta": 0.004879}}
{"target": -13.75811335379075, "params": {"gamma": 564.7951805542438, "log10_alpha": -4.887465203550248, "log10_colsample_bytree": -0.6153616497164706, "log10_eta": -2.122373793017669, "log10_lambda": -1.4269671983186205, "log10_min_child_weight": 3.8461144807199394, "log10_subsample": -0.05609147583492535, "max_depth": 7.0, "num_boost_round": 4.0}, "datetime": {"datetime": "2024-01-19 01:24:06", "elapsed": 4377.98302, "delta": 0.004728}}
{"target": -13.758099361713102, "params": {"gamma": 564.7951805542438, "log10_alpha": -4.887465203550248, "log10_colsample_bytree": -0.6153616497164706, "log10_eta": -2.122373793017669, "log10_lambda": -1.4269671983186205, "log10_min_child_weight": 3.8461144807199394, "log10_subsample": -0.05609147583492535, "max_depth": 7.0, "num_boost_round": 5.0}, "datetime": {"datetime": "2024-01-19 01:24:06", "elapsed": 4377.987932, "delta": 0.004912}}
{"target": -13.758023333495577, "params": {"gamma": 564.7951805542438, "log10_alpha": -4.887465203550248, "log10_colsample_bytree": -0.6153616497164706, "log10_eta": -2.122373793017669, "log10_lambda": -1.4269671983186205, "log10_min_child_weight": 3.8461144807199394, "log10_subsample": -0.05609147583492535, "max_depth": 7.0, "num_boost_round": 6.0}, "datetime": {"datetime": "2024-01-19 01:24:06", "elapsed": 4377.992614, "delta": 0.004682}}
{"target": -13.75785334145368, "params": {"gamma": 564.7951805542438, "log10_alpha": -4.887465203550248, "log10_colsample_bytree": -0.6153616497164706, "log10_eta": -2.122373793017669, "log10_lambda": -1.4269671983186205, "log10_min_child_weight": 3.8461144807199394, "log10_subsample": -0.05609147583492535, "max_depth": 7.0, "num_boost_round": 7.0}, "datetime": {"datetime": "2024-01-19 01:24:06", "elapsed": 4377.997391, "delta": 0.004777}}
