{"target": -17.676954931810943, "params": {"gamma": 874.2321452132005, "log10_alpha": 1.0, "log10_colsample_bytree": 0.0, "log10_eta": -3.6132491443089143, "log10_lambda": -4.548741820846084, "log10_min_child_weight": 0.0, "log10_subsample": -0.9529327970525792, "max_depth": 4.0, "num_boost_round": 27.0}, "datetime": {"datetime": "2024-01-19 00:25:54", "elapsed": 835.462047, "delta": 0.001152}}
{"target": -17.6771058613162, "params": {"gamma": 863.8996565873637, "log10_alpha": 0.2782577766628789, "log10_colsample_bytree": -0.3686254535600225, "log10_eta": -2.1126506751502565, "log10_lambda": -4.04448716497714, "log10_min_child_weight": 4.409199251933132, "log10_subsample": -0.5746305735895905, "max_depth": 4.0, "num_boost_round": 0.0}, "datetime": {"datetime": "2024-01-19 00:26:18", "elapsed": 858.994055, "delta": 23.532008}}
{"target": -17.677018827137143, "params": {"gamma": 863.8996565873637, "log10_alpha": 0.2782577766628789, "log10_colsample_bytree": -0.3686254535600225, "log10_eta": -2.1126506751502565, "log10_lambda": -4.04448716497714, "log10_min_child_weight": 4.409199251933132, "log10_subsample": -0.5746305735895905, "max_depth": 4.0, "num_boost_round": 1.0}, "datetime": {"datetime": "2024-01-19 00:26:18", "elapsed": 858.995451, "delta": 0.001396}}
{"target": -17.677071944505307, "params": {"gamma": 863.8996565873637, "log10_alpha": 0.2782577766628789, "log10_colsample_bytree": -0.3686254535600225, "log10_eta": -2.1126506751502565, "log10_lambda": -4.04448716497714, "log10_min_child_weight": 4.409199251933132, "log10_subsample": -0.5746305735895905, "max_depth": 4.0, "num_boost_round": 2.0}, "datetime": {"datetime": "2024-01-19 00:26:18", "elapsed": 858.997233, "delta": 0.001782}}
{"target": -17.677029372986702, "params": {"gamma": 863.8996565873637, "log10_alpha": 0.2782577766628789, "log10_colsample_bytree": -0.3686254535600225, "log10_eta": -2.1126506751502565, "log10_lambda": -4.04448716497714, "log10_min_child_weight": 4.409199251933132, "log10_subsample": -0.5746305735895905, "max_depth": 4.0, "num_boost_round": 3.0}, "datetime": {"datetime": "2024-01-19 00:26:18", "elapsed": 858.998716, "delta": 0.001483}}
{"target": -17.67699547556536, "params": {"gamma": 863.8996565873637, "log10_alpha": 0.2782577766628789, "log10_colsample_bytree": -0.3686254535600225, "log10_eta": -2.1126506751502565, "log10_lambda": -4.04448716497714, "log10_min_child_weight": 4.409199251933132, "log10_subsample": -0.5746305735895905, "max_depth": 4.0, "num_boost_round": 4.0}, "datetime": {"datetime": "2024-01-19 00:26:18", "elapsed": 858.999901, "delta": 0.001185}}
{"target": -17.676989113801973, "params": {"gamma": 863.8996565873637, "log10_alpha": 0.2782577766628789, "log10_colsample_bytree": -0.3686254535600225, "log10_eta": -2.1126506751502565, "log10_lambda": -4.04448716497714, "log10_min_child_weight": 4.409199251933132, "log10_subsample": -0.5746305735895905, "max_depth": 4.0, "num_boost_round": 5.0}, "datetime": {"datetime": "2024-01-19 00:26:18", "elapsed": 859.001178, "delta": 0.001277}}
{"target": -17.6769849381074, "params": {"gamma": 863.8996565873637, "log10_alpha": 0.2782577766628789, "log10_colsample_bytree": -0.3686254535600225, "log10_eta": -2.1126506751502565, "log10_lambda": -4.04448716497714, "log10_min_child_weight": 4.409199251933132, "log10_subsample": -0.5746305735895905, "max_depth": 4.0, "num_boost_round": 6.0}, "datetime": {"datetime": "2024-01-19 00:26:18", "elapsed": 859.00237, "delta": 0.001192}}
{"target": -17.677061334916704, "params": {"gamma": 863.8996565873637, "log10_alpha": 0.2782577766628789, "log10_colsample_bytree": -0.3686254535600225, "log10_eta": -2.1126506751502565, "log10_lambda": -4.04448716497714, "log10_min_child_weight": 4.409199251933132, "log10_subsample": -0.5746305735895905, "max_depth": 4.0, "num_boost_round": 7.0}, "datetime": {"datetime": "2024-01-19 00:26:18", "elapsed": 859.003595, "delta": 0.001225}}
{"target": -17.67701689378678, "params": {"gamma": 863.8996565873637, "log10_alpha": 0.2782577766628789, "log10_colsample_bytree": -0.3686254535600225, "log10_eta": -2.1126506751502565, "log10_lambda": -4.04448716497714, "log10_min_child_weight": 4.409199251933132, "log10_subsample": -0.5746305735895905, "max_depth": 4.0, "num_boost_round": 8.0}, "datetime": {"datetime": "2024-01-19 00:26:18", "elapsed": 859.004771, "delta": 0.001176}}
{"target": -17.676990799311923, "params": {"gamma": 863.8996565873637, "log10_alpha": 0.2782577766628789, "log10_colsample_bytree": -0.3686254535600225, "log10_eta": -2.1126506751502565, "log10_lambda": -4.04448716497714, "log10_min_child_weight": 4.409199251933132, "log10_subsample": -0.5746305735895905, "max_depth": 4.0, "num_boost_round": 9.0}, "datetime": {"datetime": "2024-01-19 00:26:18", "elapsed": 859.005949, "delta": 0.001178}}
{"target": -17.67702051018329, "params": {"gamma": 863.8996565873637, "log10_alpha": 0.2782577766628789, "log10_colsample_bytree": -0.3686254535600225, "log10_eta": -2.1126506751502565, "log10_lambda": -4.04448716497714, "log10_min_child_weight": 4.409199251933132, "log10_subsample": -0.5746305735895905, "max_depth": 4.0, "num_boost_round": 10.0}, "datetime": {"datetime": "2024-01-19 00:26:18", "elapsed": 859.007119, "delta": 0.00117}}
{"target": -17.676930381170475, "params": {"gamma": 863.8996565873637, "log10_alpha": 0.2782577766628789, "log10_colsample_bytree": -0.3686254535600225, "log10_eta": -2.1126506751502565, "log10_lambda": -4.04448716497714, "log10_min_child_weight": 4.409199251933132, "log10_subsample": -0.5746305735895905, "max_depth": 4.0, "num_boost_round": 11.0}, "datetime": {"datetime": "2024-01-19 00:26:18", "elapsed": 859.008293, "delta": 0.001174}}
{"target": -17.676922205832273, "params": {"gamma": 863.8996565873637, "log10_alpha": 0.2782577766628789, "log10_colsample_bytree": -0.3686254535600225, "log10_eta": -2.1126506751502565, "log10_lambda": -4.04448716497714, "log10_min_child_weight": 4.409199251933132, "log10_subsample": -0.5746305735895905, "max_depth": 4.0, "num_boost_round": 12.0}, "datetime": {"datetime": "2024-01-19 00:26:18", "elapsed": 859.009474, "delta": 0.001181}}
{"target": -17.676836468078605, "params": {"gamma": 863.8996565873637, "log10_alpha": 0.2782577766628789, "log10_colsample_bytree": -0.3686254535600225, "log10_eta": -2.1126506751502565, "log10_lambda": -4.04448716497714, "log10_min_child_weight": 4.409199251933132, "log10_subsample": -0.5746305735895905, "max_depth": 4.0, "num_boost_round": 13.0}, "datetime": {"datetime": "2024-01-19 00:26:18", "elapsed": 859.010659, "delta": 0.001185}}
{"target": -17.676840328502397, "params": {"gamma": 863.8996565873637, "log10_alpha": 0.2782577766628789, "log10_colsample_bytree": -0.3686254535600225, "log10_eta": -2.1126506751502565, "log10_lambda": -4.04448716497714, "log10_min_child_weight": 4.409199251933132, "log10_subsample": -0.5746305735895905, "max_depth": 4.0, "num_boost_round": 14.0}, "datetime": {"datetime": "2024-01-19 00:26:18", "elapsed": 859.011899, "delta": 0.00124}}
{"target": -17.676760495332587, "params": {"gamma": 863.8996565873637, "log10_alpha": 0.2782577766628789, "log10_colsample_bytree": -0.3686254535600225, "log10_eta": -2.1126506751502565, "log10_lambda": -4.04448716497714, "log10_min_child_weight": 4.409199251933132, "log10_subsample": -0.5746305735895905, "max_depth": 4.0, "num_boost_round": 15.0}, "datetime": {"datetime": "2024-01-19 00:26:18", "elapsed": 859.013078, "delta": 0.001179}}
{"target": -17.67673861408995, "params": {"gamma": 863.8996565873637, "log10_alpha": 0.2782577766628789, "log10_colsample_bytree": -0.3686254535600225, "log10_eta": -2.1126506751502565, "log10_lambda": -4.04448716497714, "log10_min_child_weight": 4.409199251933132, "log10_subsample": -0.5746305735895905, "max_depth": 4.0, "num_boost_round": 16.0}, "datetime": {"datetime": "2024-01-19 00:26:18", "elapsed": 859.01425, "delta": 0.001172}}
{"target": -17.67673528126799, "params": {"gamma": 863.8996565873637, "log10_alpha": 0.2782577766628789, "log10_colsample_bytree": -0.3686254535600225, "log10_eta": -2.1126506751502565, "log10_lambda": -4.04448716497714, "log10_min_child_weight": 4.409199251933132, "log10_subsample": -0.5746305735895905, "max_depth": 4.0, "num_boost_round": 17.0}, "datetime": {"datetime": "2024-01-19 00:26:18", "elapsed": 859.015428, "delta": 0.001178}}
{"target": -17.676704554015036, "params": {"gamma": 863.8996565873637, "log10_alpha": 0.2782577766628789, "log10_colsample_bytree": -0.3686254535600225, "log10_eta": -2.1126506751502565, "log10_lambda": -4.04448716497714, "log10_min_child_weight": 4.409199251933132, "log10_subsample": -0.5746305735895905, "max_depth": 4.0, "num_boost_round": 18.0}, "datetime": {"datetime": "2024-01-19 00:26:18", "elapsed": 859.016665, "delta": 0.001237}}
{"target": -17.676621051215186, "params": {"gamma": 863.8996565873637, "log10_alpha": 0.2782577766628789, "log10_colsample_bytree": -0.3686254535600225, "log10_eta": -2.1126506751502565, "log10_lambda": -4.04448716497714, "log10_min_child_weight": 4.409199251933132, "log10_subsample": -0.5746305735895905, "max_depth": 4.0, "num_boost_round": 19.0}, "datetime": {"datetime": "2024-01-19 00:26:18", "elapsed": 859.017869, "delta": 0.001204}}
{"target": -17.677225954852016, "params": {"gamma": 865.7574255269213, "log10_alpha": -0.6431445457686662, "log10_colsample_bytree": -0.1168344879678852, "log10_eta": -3.6817428726704597, "log10_lambda": -3.8946550199536736, "log10_min_child_weight": 2.7927652141875403, "log10_subsample": -0.22665644731543189, "max_depth": 3.0, "num_boost_round": 0.0}, "datetime": {"datetime": "2024-01-19 00:26:40", "elapsed": 880.689609, "delta": 21.67174}}
{"target": -17.677220679173555, "params": {"gamma": 865.7574255269213, "log10_alpha": -0.6431445457686662, "log10_colsample_bytree": -0.1168344879678852, "log10_eta": -3.6817428726704597, "log10_lambda": -3.8946550199536736, "log10_min_child_weight": 2.7927652141875403, "log10_subsample": -0.22665644731543189, "max_depth": 3.0, "num_boost_round": 1.0}, "datetime": {"datetime": "2024-01-19 00:26:40", "elapsed": 880.691063, "delta": 0.001454}}
{"target": -17.677214362706273, "params": {"gamma": 865.7574255269213, "log10_alpha": -0.6431445457686662, "log10_colsample_bytree": -0.1168344879678852, "log10_eta": -3.6817428726704597, "log10_lambda": -3.8946550199536736, "log10_min_child_weight": 2.7927652141875403, "log10_subsample": -0.22665644731543189, "max_depth": 3.0, "num_boost_round": 2.0}, "datetime": {"datetime": "2024-01-19 00:26:40", "elapsed": 880.692797, "delta": 0.001734}}
{"target": -17.677212709375052, "params": {"gamma": 865.7574255269213, "log10_alpha": -0.6431445457686662, "log10_colsample_bytree": -0.1168344879678852, "log10_eta": -3.6817428726704597, "log10_lambda": -3.8946550199536736, "log10_min_child_weight": 2.7927652141875403, "log10_subsample": -0.22665644731543189, "max_depth": 3.0, "num_boost_round": 3.0}, "datetime": {"datetime": "2024-01-19 00:26:40", "elapsed": 880.694453, "delta": 0.001656}}
{"target": -17.677206461281777, "params": {"gamma": 865.7574255269213, "log10_alpha": -0.6431445457686662, "log10_colsample_bytree": -0.1168344879678852, "log10_eta": -3.6817428726704597, "log10_lambda": -3.8946550199536736, "log10_min_child_weight": 2.7927652141875403, "log10_subsample": -0.22665644731543189, "max_depth": 3.0, "num_boost_round": 4.0}, "datetime": {"datetime": "2024-01-19 00:26:40", "elapsed": 880.695685, "delta": 0.001232}}
{"target": -17.67720080398492, "params": {"gamma": 865.7574255269213, "log10_alpha": -0.6431445457686662, "log10_colsample_bytree": -0.1168344879678852, "log10_eta": -3.6817428726704597, "log10_lambda": -3.8946550199536736, "log10_min_child_weight": 2.7927652141875403, "log10_subsample": -0.22665644731543189, "max_depth": 3.0, "num_boost_round": 5.0}, "datetime": {"datetime": "2024-01-19 00:26:40", "elapsed": 880.697007, "delta": 0.001322}}
{"target": -17.677193105613846, "params": {"gamma": 865.7574255269213, "log10_alpha": -0.6431445457686662, "log10_colsample_bytree": -0.1168344879678852, "log10_eta": -3.6817428726704597, "log10_lambda": -3.8946550199536736, "log10_min_child_weight": 2.7927652141875403, "log10_subsample": -0.22665644731543189, "max_depth": 3.0, "num_boost_round": 6.0}, "datetime": {"datetime": "2024-01-19 00:26:40", "elapsed": 880.698197, "delta": 0.00119}}
{"target": -17.67718660044697, "params": {"gamma": 865.7574255269213, "log10_alpha": -0.6431445457686662, "log10_colsample_bytree": -0.1168344879678852, "log10_eta": -3.6817428726704597, "log10_lambda": -3.8946550199536736, "log10_min_child_weight": 2.7927652141875403, "log10_subsample": -0.22665644731543189, "max_depth": 3.0, "num_boost_round": 7.0}, "datetime": {"datetime": "2024-01-19 00:26:40", "elapsed": 880.69944, "delta": 0.001243}}
{"target": -17.677180773926292, "params": {"gamma": 865.7574255269213, "log10_alpha": -0.6431445457686662, "log10_colsample_bytree": -0.1168344879678852, "log10_eta": -3.6817428726704597, "log10_lambda": -3.8946550199536736, "log10_min_child_weight": 2.7927652141875403, "log10_subsample": -0.22665644731543189, "max_depth": 3.0, "num_boost_round": 8.0}, "datetime": {"datetime": "2024-01-19 00:26:40", "elapsed": 880.700719, "delta": 0.001279}}
{"target": -17.67717511864092, "params": {"gamma": 865.7574255269213, "log10_alpha": -0.6431445457686662, "log10_colsample_bytree": -0.1168344879678852, "log10_eta": -3.6817428726704597, "log10_lambda": -3.8946550199536736, "log10_min_child_weight": 2.7927652141875403, "log10_subsample": -0.22665644731543189, "max_depth": 3.0, "num_boost_round": 9.0}, "datetime": {"datetime": "2024-01-19 00:26:40", "elapsed": 880.701925, "delta": 0.001206}}
{"target": -17.677169210718706, "params": {"gamma": 865.7574255269213, "log10_alpha": -0.6431445457686662, "log10_colsample_bytree": -0.1168344879678852, "log10_eta": -3.6817428726704597, "log10_lambda": -3.8946550199536736, "log10_min_child_weight": 2.7927652141875403, "log10_subsample": -0.22665644731543189, "max_depth": 3.0, "num_boost_round": 10.0}, "datetime": {"datetime": "2024-01-19 00:26:40", "elapsed": 880.703125, "delta": 0.0012}}
{"target": -17.677162558243847, "params": {"gamma": 865.7574255269213, "log10_alpha": -0.6431445457686662, "log10_colsample_bytree": -0.1168344879678852, "log10_eta": -3.6817428726704597, "log10_lambda": -3.8946550199536736, "log10_min_child_weight": 2.7927652141875403, "log10_subsample": -0.22665644731543189, "max_depth": 3.0, "num_boost_round": 11.0}, "datetime": {"datetime": "2024-01-19 00:26:40", "elapsed": 880.704318, "delta": 0.001193}}
{"target": -17.677156042424897, "params": {"gamma": 865.7574255269213, "log10_alpha": -0.6431445457686662, "log10_colsample_bytree": -0.1168344879678852, "log10_eta": -3.6817428726704597, "log10_lambda": -3.8946550199536736, "log10_min_child_weight": 2.7927652141875403, "log10_subsample": -0.22665644731543189, "max_depth": 3.0, "num_boost_round": 12.0}, "datetime": {"datetime": "2024-01-19 00:26:40", "elapsed": 880.705528, "delta": 0.00121}}
{"target": -17.677150230236276, "params": {"gamma": 865.7574255269213, "log10_alpha": -0.6431445457686662, "log10_colsample_bytree": -0.1168344879678852, "log10_eta": -3.6817428726704597, "log10_lambda": -3.8946550199536736, "log10_min_child_weight": 2.7927652141875403, "log10_subsample": -0.22665644731543189, "max_depth": 3.0, "num_boost_round": 13.0}, "datetime": {"datetime": "2024-01-19 00:26:40", "elapsed": 880.706723, "delta": 0.001195}}
{"target": -17.67714417055466, "params": {"gamma": 865.7574255269213, "log10_alpha": -0.6431445457686662, "log10_colsample_bytree": -0.1168344879678852, "log10_eta": -3.6817428726704597, "log10_lambda": -3.8946550199536736, "log10_min_child_weight": 2.7927652141875403, "log10_subsample": -0.22665644731543189, "max_depth": 3.0, "num_boost_round": 14.0}, "datetime": {"datetime": "2024-01-19 00:26:40", "elapsed": 880.707918, "delta": 0.001195}}
{"target": -17.677136396934714, "params": {"gamma": 865.7574255269213, "log10_alpha": -0.6431445457686662, "log10_colsample_bytree": -0.1168344879678852, "log10_eta": -3.6817428726704597, "log10_lambda": -3.8946550199536736, "log10_min_child_weight": 2.7927652141875403, "log10_subsample": -0.22665644731543189, "max_depth": 3.0, "num_boost_round": 15.0}, "datetime": {"datetime": "2024-01-19 00:26:40", "elapsed": 880.709116, "delta": 0.001198}}
{"target": -17.677130250257065, "params": {"gamma": 865.7574255269213, "log10_alpha": -0.6431445457686662, "log10_colsample_bytree": -0.1168344879678852, "log10_eta": -3.6817428726704597, "log10_lambda": -3.8946550199536736, "log10_min_child_weight": 2.7927652141875403, "log10_subsample": -0.22665644731543189, "max_depth": 3.0, "num_boost_round": 16.0}, "datetime": {"datetime": "2024-01-19 00:26:40", "elapsed": 880.710316, "delta": 0.0012}}
{"target": -17.677226120149633, "params": {"gamma": 862.6558517089267, "log10_alpha": -0.060012963279458376, "log10_colsample_bytree": -0.1685799467489435, "log10_eta": -3.566370844625458, "log10_lambda": 0.4216402147452003, "log10_min_child_weight": 0.3282390699420179, "log10_subsample": -0.914840873283806, "max_depth": 4.0, "num_boost_round": 0.0}, "datetime": {"datetime": "2024-01-19 00:27:03", "elapsed": 904.381268, "delta": 23.670952}}
{"target": -17.677213809127622, "params": {"gamma": 862.6558517089267, "log10_alpha": -0.060012963279458376, "log10_colsample_bytree": -0.1685799467489435, "log10_eta": -3.566370844625458, "log10_lambda": 0.4216402147452003, "log10_min_child_weight": 0.3282390699420179, "log10_subsample": -0.914840873283806, "max_depth": 4.0, "num_boost_round": 1.0}, "datetime": {"datetime": "2024-01-19 00:27:03", "elapsed": 904.382665, "delta": 0.001397}}
{"target": -17.677204841999256, "params": {"gamma": 862.6558517089267, "log10_alpha": -0.060012963279458376, "log10_colsample_bytree": -0.1685799467489435, "log10_eta": -3.566370844625458, "log10_lambda": 0.4216402147452003, "log10_min_child_weight": 0.3282390699420179, "log10_subsample": -0.914840873283806, "max_depth": 4.0, "num_boost_round": 2.0}, "datetime": {"datetime": "2024-01-19 00:27:03", "elapsed": 904.384741, "delta": 0.002076}}
{"target": -17.67720029222802, "params": {"gamma": 862.6558517089267, "log10_alpha": -0.060012963279458376, "log10_colsample_bytree": -0.1685799467489435, "log10_eta": -3.566370844625458, "log10_lambda": 0.4216402147452003, "log10_min_child_weight": 0.3282390699420179, "log10_subsample": -0.914840873283806, "max_depth": 4.0, "num_boost_round": 3.0}, "datetime": {"datetime": "2024-01-19 00:27:03", "elapsed": 904.386097, "delta": 0.001356}}
{"target": -17.677188978548383, "params": {"gamma": 862.6558517089267, "log10_alpha": -0.060012963279458376, "log10_colsample_bytree": -0.1685799467489435, "log10_eta": -3.566370844625458, "log10_lambda": 0.4216402147452003, "log10_min_child_weight": 0.3282390699420179, "log10_subsample": -0.914840873283806, "max_depth": 4.0, "num_boost_round": 4.0}, "datetime": {"datetime": "2024-01-19 00:27:03", "elapsed": 904.387313, "delta": 0.001216}}
{"target": -17.677183113858447, "params": {"gamma": 862.6558517089267, "log10_alpha": -0.060012963279458376, "log10_colsample_bytree": -0.1685799467489435, "log10_eta": -3.566370844625458, "log10_lambda": 0.4216402147452003, "log10_min_child_weight": 0.3282390699420179, "log10_subsample": -0.914840873283806, "max_depth": 4.0, "num_boost_round": 5.0}, "datetime": {"datetime": "2024-01-19 00:27:03", "elapsed": 904.388535, "delta": 0.001222}}
{"target": -17.677167008683004, "params": {"gamma": 862.6558517089267, "log10_alpha": -0.060012963279458376, "log10_colsample_bytree": -0.1685799467489435, "log10_eta": -3.566370844625458, "log10_lambda": 0.4216402147452003, "log10_min_child_weight": 0.3282390699420179, "log10_subsample": -0.914840873283806, "max_depth": 4.0, "num_boost_round": 6.0}, "datetime": {"datetime": "2024-01-19 00:27:03", "elapsed": 904.389745, "delta": 0.00121}}
{"target": -17.6771547212637, "params": {"gamma": 862.6558517089267, "log10_alpha": -0.060012963279458376, "log10_colsample_bytree": -0.1685799467489435, "log10_eta": -3.566370844625458, "log10_lambda": 0.4216402147452003, "log10_min_child_weight": 0.3282390699420179, "log10_subsample": -0.914840873283806, "max_depth": 4.0, "num_boost_round": 7.0}, "datetime": {"datetime": "2024-01-19 00:27:03", "elapsed": 904.391096, "delta": 0.001351}}
{"target": -17.677140942654166, "params": {"gamma": 862.6558517089267, "log10_alpha": -0.060012963279458376, "log10_colsample_bytree": -0.1685799467489435, "log10_eta": -3.566370844625458, "log10_lambda": 0.4216402147452003, "log10_min_child_weight": 0.3282390699420179, "log10_subsample": -0.914840873283806, "max_depth": 4.0, "num_boost_round": 8.0}, "datetime": {"datetime": "2024-01-19 00:27:03", "elapsed": 904.39234, "delta": 0.001244}}
{"target": -17.677122283775134, "params": {"gamma": 862.6558517089267, "log10_alpha": -0.060012963279458376, "log10_colsample_bytree": -0.1685799467489435, "log10_eta": -3.566370844625458, "log10_lambda": 0.4216402147452003, "log10_min_child_weight": 0.3282390699420179, "log10_subsample": -0.914840873283806, "max_depth": 4.0, "num_boost_round": 9.0}, "datetime": {"datetime": "2024-01-19 00:27:03", "elapsed": 904.491783, "delta": 0.099443}}
{"target": -17.677110552747386, "params": {"gamma": 862.6558517089267, "log10_alpha": -0.060012963279458376, "log10_colsample_bytree": -0.1685799467489435, "log10_eta": -3.566370844625458, "log10_lambda": 0.4216402147452003, "log10_min_child_weight": 0.3282390699420179, "log10_subsample": -0.914840873283806, "max_depth": 4.0, "num_boost_round": 10.0}, "datetime": {"datetime": "2024-01-19 00:27:03", "elapsed": 904.493331, "delta": 0.001548}}
