{"target": -13.758492880829255, "params": {"gamma": 213.28034786182627, "log10_alpha": -4.61114207325717, "log10_colsample_bytree": -0.31850546833020565, "log10_eta": -3.3522848446565128, "log10_lambda": -4.072994451554044, "log10_min_child_weight": 2.3721476749241748, "log10_subsample": -0.3715415769914704, "max_depth": 3.0, "num_boost_round": 15.0}, "datetime": {"datetime": "2024-01-19 00:13:28", "elapsed": 115.659366, "delta": 0.000462}}
{"target": -13.758512754814678, "params": {"gamma": 204.78877928388317, "log10_alpha": -4.7879485918912765, "log10_colsample_bytree": -0.9964315856211017, "log10_eta": -2.8894451854276366, "log10_lambda": -2.956972674830255, "log10_min_child_weight": 0.46252780679593264, "log10_subsample": -0.3331205031750877, "max_depth": 2.0, "num_boost_round": 0.0}, "datetime": {"datetime": "2024-01-19 00:13:48", "elapsed": 136.305862, "delta": 20.646496}}
{"target": -13.75849839767106, "params": {"gamma": 204.78877928388317, "log10_alpha": -4.7879485918912765, "log10_colsample_bytree": -0.9964315856211017, "log10_eta": -2.8894451854276366, "log10_lambda": -2.956972674830255, "log10_min_child_weight": 0.46252780679593264, "log10_subsample": -0.3331205031750877, "max_depth": 2.0, "num_boost_round": 1.0}, "datetime": {"datetime": "2024-01-19 00:13:48", "elapsed": 136.306386, "delta": 0.000524}}
{"target": -13.758498602720836, "params": {"gamma": 204.78877928388317, "log10_alpha": -4.7879485918912765, "log10_colsample_bytree": -0.9964315856211017, "log10_eta": -2.8894451854276366, "log10_lambda": -2.956972674830255, "log10_min_child_weight": 0.46252780679593264, "log10_subsample": -0.3331205031750877, "max_depth": 2.0, "num_boost_round": 2.0}, "datetime": {"datetime": "2024-01-19 00:13:48", "elapsed": 136.306771, "delta": 0.000385}}
{"target": -13.75850570937385, "params": {"gamma": 204.78877928388317, "log10_alpha": -4.7879485918912765, "log10_colsample_bytree": -0.9964315856211017, "log10_eta": -2.8894451854276366, "log10_lambda": -2.956972674830255, "log10_min_child_weight": 0.46252780679593264, "log10_subsample": -0.3331205031750877, "max_depth": 2.0, "num_boost_round": 3.0}, "datetime": {"datetime": "2024-01-19 00:13:48", "elapsed": 136.307147, "delta": 0.000376}}
{"target": -13.758500382155802, "params": {"gamma": 204.78877928388317, "log10_alpha": -4.7879485918912765, "log10_colsample_bytree": -0.9964315856211017, "log10_eta": -2.8894451854276366, "log10_lambda": -2.956972674830255, "log10_min_child_weight": 0.46252780679593264, "log10_subsample": -0.3331205031750877, "max_depth": 2.0, "num_boost_round": 4.0}, "datetime": {"datetime": "2024-01-19 00:13:48", "elapsed": 136.307515, "delta": 0.000368}}
{"target": -13.758500473332091, "params": {"gamma": 204.78877928388317, "log10_alpha": -4.7879485918912765, "log10_colsample_bytree": -0.9964315856211017, "log10_eta": -2.8894451854276366, "log10_lambda": -2.956972674830255, "log10_min_child_weight": 0.46252780679593264, "log10_subsample": -0.3331205031750877, "max_depth": 2.0, "num_boost_round": 5.0}, "datetime": {"datetime": "2024-01-19 00:13:48", "elapsed": 136.307958, "delta": 0.000443}}
{"target": -13.758499528489304, "params": {"gamma": 204.78877928388317, "log10_alpha": -4.7879485918912765, "log10_colsample_bytree": -0.9964315856211017, "log10_eta": -2.8894451854276366, "log10_lambda": -2.956972674830255, "log10_min_child_weight": 0.46252780679593264, "log10_subsample": -0.3331205031750877, "max_depth": 2.0, "num_boost_round": 6.0}, "datetime": {"datetime": "2024-01-19 00:13:48", "elapsed": 136.308326, "delta": 0.000368}}
{"target": -13.758485359558042, "params": {"gamma": 204.78877928388317, "log10_alpha": -4.7879485918912765, "log10_colsample_bytree": -0.9964315856211017, "log10_eta": -2.8894451854276366, "log10_lambda": -2.956972674830255, "log10_min_child_weight": 0.46252780679593264, "log10_subsample": -0.3331205031750877, "max_depth": 2.0, "num_boost_round": 7.0}, "datetime": {"datetime": "2024-01-19 00:13:48", "elapsed": 136.308704, "delta": 0.000378}}
{"target": -13.75849715620516, "params": {"gamma": 204.78877928388317, "log10_alpha": -4.7879485918912765, "log10_colsample_bytree": -0.9964315856211017, "log10_eta": -2.8894451854276366, "log10_lambda": -2.956972674830255, "log10_min_child_weight": 0.46252780679593264, "log10_subsample": -0.3331205031750877, "max_depth": 2.0, "num_boost_round": 8.0}, "datetime": {"datetime": "2024-01-19 00:13:48", "elapsed": 136.309071, "delta": 0.000367}}
{"target": -13.758484042445085, "params": {"gamma": 204.78877928388317, "log10_alpha": -4.7879485918912765, "log10_colsample_bytree": -0.9964315856211017, "log10_eta": -2.8894451854276366, "log10_lambda": -2.956972674830255, "log10_min_child_weight": 0.46252780679593264, "log10_subsample": -0.3331205031750877, "max_depth": 2.0, "num_boost_round": 9.0}, "datetime": {"datetime": "2024-01-19 00:13:48", "elapsed": 136.309435, "delta": 0.000364}}
{"target": -13.75848328406727, "params": {"gamma": 204.78877928388317, "log10_alpha": -4.7879485918912765, "log10_colsample_bytree": -0.9964315856211017, "log10_eta": -2.8894451854276366, "log10_lambda": -2.956972674830255, "log10_min_child_weight": 0.46252780679593264, "log10_subsample": -0.3331205031750877, "max_depth": 2.0, "num_boost_round": 10.0}, "datetime": {"datetime": "2024-01-19 00:13:48", "elapsed": 136.309815, "delta": 0.00038}}
{"target": -13.758468010316863, "params": {"gamma": 204.78877928388317, "log10_alpha": -4.7879485918912765, "log10_colsample_bytree": -0.9964315856211017, "log10_eta": -2.8894451854276366, "log10_lambda": -2.956972674830255, "log10_min_child_weight": 0.46252780679593264, "log10_subsample": -0.3331205031750877, "max_depth": 2.0, "num_boost_round": 11.0}, "datetime": {"datetime": "2024-01-19 00:13:48", "elapsed": 136.310192, "delta": 0.000377}}
{"target": -13.75845253050558, "params": {"gamma": 204.78877928388317, "log10_alpha": -4.7879485918912765, "log10_colsample_bytree": -0.9964315856211017, "log10_eta": -2.8894451854276366, "log10_lambda": -2.956972674830255, "log10_min_child_weight": 0.46252780679593264, "log10_subsample": -0.3331205031750877, "max_depth": 2.0, "num_boost_round": 12.0}, "datetime": {"datetime": "2024-01-19 00:13:48", "elapsed": 136.310557, "delta": 0.000365}}
{"target": -13.758441087532617, "params": {"gamma": 204.78877928388317, "log10_alpha": -4.7879485918912765, "log10_colsample_bytree": -0.9964315856211017, "log10_eta": -2.8894451854276366, "log10_lambda": -2.956972674830255, "log10_min_child_weight": 0.46252780679593264, "log10_subsample": -0.3331205031750877, "max_depth": 2.0, "num_boost_round": 13.0}, "datetime": {"datetime": "2024-01-19 00:13:48", "elapsed": 136.310934, "delta": 0.000377}}
{"target": -13.758421322370806, "params": {"gamma": 204.78877928388317, "log10_alpha": -4.7879485918912765, "log10_colsample_bytree": -0.9964315856211017, "log10_eta": -2.8894451854276366, "log10_lambda": -2.956972674830255, "log10_min_child_weight": 0.46252780679593264, "log10_subsample": -0.3331205031750877, "max_depth": 2.0, "num_boost_round": 14.0}, "datetime": {"datetime": "2024-01-19 00:13:48", "elapsed": 136.311302, "delta": 0.000368}}
{"target": -13.758406543108846, "params": {"gamma": 204.78877928388317, "log10_alpha": -4.7879485918912765, "log10_colsample_bytree": -0.9964315856211017, "log10_eta": -2.8894451854276366, "log10_lambda": -2.956972674830255, "log10_min_child_weight": 0.46252780679593264, "log10_subsample": -0.3331205031750877, "max_depth": 2.0, "num_boost_round": 15.0}, "datetime": {"datetime": "2024-01-19 00:13:48", "elapsed": 136.311682, "delta": 0.00038}}
{"target": -13.758396955686692, "params": {"gamma": 204.78877928388317, "log10_alpha": -4.7879485918912765, "log10_colsample_bytree": -0.9964315856211017, "log10_eta": -2.8894451854276366, "log10_lambda": -2.956972674830255, "log10_min_child_weight": 0.46252780679593264, "log10_subsample": -0.3331205031750877, "max_depth": 2.0, "num_boost_round": 16.0}, "datetime": {"datetime": "2024-01-19 00:13:48", "elapsed": 136.312056, "delta": 0.000374}}
{"target": -13.758384727653029, "params": {"gamma": 204.78877928388317, "log10_alpha": -4.7879485918912765, "log10_colsample_bytree": -0.9964315856211017, "log10_eta": -2.8894451854276366, "log10_lambda": -2.956972674830255, "log10_min_child_weight": 0.46252780679593264, "log10_subsample": -0.3331205031750877, "max_depth": 2.0, "num_boost_round": 17.0}, "datetime": {"datetime": "2024-01-19 00:13:48", "elapsed": 136.312428, "delta": 0.000372}}
{"target": -13.758372743499624, "params": {"gamma": 204.78877928388317, "log10_alpha": -4.7879485918912765, "log10_colsample_bytree": -0.9964315856211017, "log10_eta": -2.8894451854276366, "log10_lambda": -2.956972674830255, "log10_min_child_weight": 0.46252780679593264, "log10_subsample": -0.3331205031750877, "max_depth": 2.0, "num_boost_round": 18.0}, "datetime": {"datetime": "2024-01-19 00:13:48", "elapsed": 136.312811, "delta": 0.000383}}
{"target": -13.75857955360762, "params": {"gamma": 202.9607861782795, "log10_alpha": -4.300884951547938, "log10_colsample_bytree": -0.32822985811657635, "log10_eta": -2.5631700259877013, "log10_lambda": -0.5460352113824936, "log10_min_child_weight": 2.5542472227677337, "log10_subsample": -0.5869194767517881, "max_depth": 8.0, "num_boost_round": 0.0}, "datetime": {"datetime": "2024-01-19 00:14:07", "elapsed": 155.561541, "delta": 19.24873}}
{"target": -13.75861859117618, "params": {"gamma": 202.9607861782795, "log10_alpha": -4.300884951547938, "log10_colsample_bytree": -0.32822985811657635, "log10_eta": -2.5631700259877013, "log10_lambda": -0.5460352113824936, "log10_min_child_weight": 2.5542472227677337, "log10_subsample": -0.5869194767517881, "max_depth": 8.0, "num_boost_round": 1.0}, "datetime": {"datetime": "2024-01-19 00:14:07", "elapsed": 155.562134, "delta": 0.000593}}
{"target": -13.75855278318836, "params": {"gamma": 202.9607861782795, "log10_alpha": -4.300884951547938, "log10_colsample_bytree": -0.32822985811657635, "log10_eta": -2.5631700259877013, "log10_lambda": -0.5460352113824936, "log10_min_child_weight": 2.5542472227677337, "log10_subsample": -0.5869194767517881, "max_depth": 8.0, "num_boost_round": 2.0}, "datetime": {"datetime": "2024-01-19 00:14:07", "elapsed": 155.562537, "delta": 0.000403}}
{"target": -13.758582336352045, "params": {"gamma": 202.9607861782795, "log10_alpha": -4.300884951547938, "log10_colsample_bytree": -0.32822985811657635, "log10_eta": -2.5631700259877013, "log10_lambda": -0.5460352113824936, "log10_min_child_weight": 2.5542472227677337, "log10_subsample": -0.5869194767517881, "max_depth": 8.0, "num_boost_round": 3.0}, "datetime": {"datetime": "2024-01-19 00:14:07", "elapsed": 155.562938, "delta": 0.000401}}
{"target": -13.758495153758417, "params": {"gamma": 202.9607861782795, "log10_alpha": -4.300884951547938, "log10_colsample_bytree": -0.32822985811657635, "log10_eta": -2.5631700259877013, "log10_lambda": -0.5460352113824936, "log10_min_child_weight": 2.5542472227677337, "log10_subsample": -0.5869194767517881, "max_depth": 8.0, "num_boost_round": 4.0}, "datetime": {"datetime": "2024-01-19 00:14:07", "elapsed": 155.563327, "delta": 0.000389}}
{"target": -13.758427001423525, "params": {"gamma": 202.9607861782795, "log10_alpha": -4.300884951547938, "log10_colsample_bytree": -0.32822985811657635, "log10_eta": -2.5631700259877013, "log10_lambda": -0.5460352113824936, "log10_min_child_weight": 2.5542472227677337, "log10_subsample": -0.5869194767517881, "max_depth": 8.0, "num_boost_round": 5.0}, "datetime": {"datetime": "2024-01-19 00:14:07", "elapsed": 155.564076, "delta": 0.000749}}
{"target": -13.758439608465535, "params": {"gamma": 202.9607861782795, "log10_alpha": -4.300884951547938, "log10_colsample_bytree": -0.32822985811657635, "log10_eta": -2.5631700259877013, "log10_lambda": -0.5460352113824936, "log10_min_child_weight": 2.5542472227677337, "log10_subsample": -0.5869194767517881, "max_depth": 8.0, "num_boost_round": 6.0}, "datetime": {"datetime": "2024-01-19 00:14:07", "elapsed": 155.564595, "delta": 0.000519}}
{"target": -13.758532446346093, "params": {"gamma": 202.9607861782795, "log10_alpha": -4.300884951547938, "log10_colsample_bytree": -0.32822985811657635, "log10_eta": -2.5631700259877013, "log10_lambda": -0.5460352113824936, "log10_min_child_weight": 2.5542472227677337, "log10_subsample": -0.5869194767517881, "max_depth": 8.0, "num_boost_round": 7.0}, "datetime": {"datetime": "2024-01-19 00:14:07", "elapsed": 155.565011, "delta": 0.000416}}
{"target": -13.758511298992218, "params": {"gamma": 202.9607861782795, "log10_alpha": -4.300884951547938, "log10_colsample_bytree": -0.32822985811657635, "log10_eta": -2.5631700259877013, "log10_lambda": -0.5460352113824936, "log10_min_child_weight": 2.5542472227677337, "log10_subsample": -0.5869194767517881, "max_depth": 8.0, "num_boost_round": 8.0}, "datetime": {"datetime": "2024-01-19 00:14:07", "elapsed": 155.565551, "delta": 0.00054}}
{"target": -13.758445091726976, "params": {"gamma": 202.9607861782795, "log10_alpha": -4.300884951547938, "log10_colsample_bytree": -0.32822985811657635, "log10_eta": -2.5631700259877013, "log10_lambda": -0.5460352113824936, "log10_min_child_weight": 2.5542472227677337, "log10_subsample": -0.5869194767517881, "max_depth": 8.0, "num_boost_round": 9.0}, "datetime": {"datetime": "2024-01-19 00:14:07", "elapsed": 155.565994, "delta": 0.000443}}
{"target": -13.758443691928578, "params": {"gamma": 202.9607861782795, "log10_alpha": -4.300884951547938, "log10_colsample_bytree": -0.32822985811657635, "log10_eta": -2.5631700259877013, "log10_lambda": -0.5460352113824936, "log10_min_child_weight": 2.5542472227677337, "log10_subsample": -0.5869194767517881, "max_depth": 8.0, "num_boost_round": 10.0}, "datetime": {"datetime": "2024-01-19 00:14:07", "elapsed": 155.566411, "delta": 0.000417}}
{"target": -13.75854519095154, "params": {"gamma": 204.46885302044072, "log10_alpha": 0.44745773176987935, "log10_colsample_bytree": -0.2475519887439671, "log10_eta": -3.0887106668535074, "log10_lambda": -3.4899155891954106, "log10_min_child_weight": 2.872966640481449, "log10_subsample": -0.4536066542837299, "max_depth": 3.0, "num_boost_round": 0.0}, "datetime": {"datetime": "2024-01-19 00:14:26", "elapsed": 173.759662, "delta": 18.193251}}
{"target": -13.758540864188392, "params": {"gamma": 204.46885302044072, "log10_alpha": 0.44745773176987935, "log10_colsample_bytree": -0.2475519887439671, "log10_eta": -3.0887106668535074, "log10_lambda": -3.4899155891954106, "log10_min_child_weight": 2.872966640481449, "log10_subsample": -0.4536066542837299, "max_depth": 3.0, "num_boost_round": 1.0}, "datetime": {"datetime": "2024-01-19 00:14:26", "elapsed": 173.760241, "delta": 0.000579}}
{"target": -13.758532326091728, "params": {"gamma": 204.46885302044072, "log10_alpha": 0.44745773176987935, "log10_colsample_bytree": -0.2475519887439671, "log10_eta": -3.0887106668535074, "log10_lambda": -3.4899155891954106, "log10_min_child_weight": 2.872966640481449, "log10_subsample": -0.4536066542837299, "max_depth": 3.0, "num_boost_round": 2.0}, "datetime": {"datetime": "2024-01-19 00:14:26", "elapsed": 173.760666, "delta": 0.000425}}
{"target": -13.758531829535485, "params": {"gamma": 204.46885302044072, "log10_alpha": 0.44745773176987935, "log10_colsample_bytree": -0.2475519887439671, "log10_eta": -3.0887106668535074, "log10_lambda": -3.4899155891954106, "log10_min_child_weight": 2.872966640481449, "log10_subsample": -0.4536066542837299, "max_depth": 3.0, "num_boost_round": 3.0}, "datetime": {"datetime": "2024-01-19 00:14:26", "elapsed": 173.761072, "delta": 0.000406}}
{"target": -13.758529706169476, "params": {"gamma": 204.46885302044072, "log10_alpha": 0.44745773176987935, "log10_colsample_bytree": -0.2475519887439671, "log10_eta": -3.0887106668535074, "log10_lambda": -3.4899155891954106, "log10_min_child_weight": 2.872966640481449, "log10_subsample": -0.4536066542837299, "max_depth": 3.0, "num_boost_round": 4.0}, "datetime": {"datetime": "2024-01-19 00:14:26", "elapsed": 173.761476, "delta": 0.000404}}
{"target": -13.758530239881072, "params": {"gamma": 204.46885302044072, "log10_alpha": 0.44745773176987935, "log10_colsample_bytree": -0.2475519887439671, "log10_eta": -3.0887106668535074, "log10_lambda": -3.4899155891954106, "log10_min_child_weight": 2.872966640481449, "log10_subsample": -0.4536066542837299, "max_depth": 3.0, "num_boost_round": 5.0}, "datetime": {"datetime": "2024-01-19 00:14:26", "elapsed": 173.761891, "delta": 0.000415}}
{"target": -13.758530739143069, "params": {"gamma": 204.46885302044072, "log10_alpha": 0.44745773176987935, "log10_colsample_bytree": -0.2475519887439671, "log10_eta": -3.0887106668535074, "log10_lambda": -3.4899155891954106, "log10_min_child_weight": 2.872966640481449, "log10_subsample": -0.4536066542837299, "max_depth": 3.0, "num_boost_round": 6.0}, "datetime": {"datetime": "2024-01-19 00:14:26", "elapsed": 173.762294, "delta": 0.000403}}
{"target": -13.75852491285121, "params": {"gamma": 204.46885302044072, "log10_alpha": 0.44745773176987935, "log10_colsample_bytree": -0.2475519887439671, "log10_eta": -3.0887106668535074, "log10_lambda": -3.4899155891954106, "log10_min_child_weight": 2.872966640481449, "log10_subsample": -0.4536066542837299, "max_depth": 3.0, "num_boost_round": 7.0}, "datetime": {"datetime": "2024-01-19 00:14:26", "elapsed": 173.762709, "delta": 0.000415}}
{"target": -13.758523686626996, "params": {"gamma": 204.46885302044072, "log10_alpha": 0.44745773176987935, "log10_colsample_bytree": -0.2475519887439671, "log10_eta": -3.0887106668535074, "log10_lambda": -3.4899155891954106, "log10_min_child_weight": 2.872966640481449, "log10_subsample": -0.4536066542837299, "max_depth": 3.0, "num_boost_round": 8.0}, "datetime": {"datetime": "2024-01-19 00:14:26", "elapsed": 173.763118, "delta": 0.000409}}
{"target": -13.758504953167742, "params": {"gamma": 204.46885302044072, "log10_alpha": 0.44745773176987935, "log10_colsample_bytree": -0.2475519887439671, "log10_eta": -3.0887106668535074, "log10_lambda": -3.4899155891954106, "log10_min_child_weight": 2.872966640481449, "log10_subsample": -0.4536066542837299, "max_depth": 3.0, "num_boost_round": 9.0}, "datetime": {"datetime": "2024-01-19 00:14:26", "elapsed": 173.763523, "delta": 0.000405}}
{"target": -13.758504366420416, "params": {"gamma": 204.46885302044072, "log10_alpha": 0.44745773176987935, "log10_colsample_bytree": -0.2475519887439671, "log10_eta": -3.0887106668535074, "log10_lambda": -3.4899155891954106, "log10_min_child_weight": 2.872966640481449, "log10_subsample": -0.4536066542837299, "max_depth": 3.0, "num_boost_round": 10.0}, "datetime": {"datetime": "2024-01-19 00:14:26", "elapsed": 173.763933, "delta": 0.00041}}
{"target": -13.758033654822079, "params": {"gamma": 214.05853355159255, "log10_alpha": -3.068808594743877, "log10_colsample_bytree": -0.6126783510312834, "log10_eta": -1.9186930382352196, "log10_lambda": -4.732886067619079, "log10_min_child_weight": 0.19120602433829015, "log10_subsample": -0.46266080813898514, "max_depth": 7.0, "num_boost_round": 0.0}, "datetime": {"datetime": "2024-01-19 00:14:45", "elapsed": 193.028658, "delta": 19.264725}}
{"target": -13.757497460962671, "params": {"gamma": 214.05853355159255, "log10_alpha": -3.068808594743877, "log10_colsample_bytree": -0.6126783510312834, "log10_eta": -1.9186930382352196, "log10_lambda": -4.732886067619079, "log10_min_child_weight": 0.19120602433829015, "log10_subsample": -0.46266080813898514, "max_depth": 7.0, "num_boost_round": 1.0}, "datetime": {"datetime": "2024-01-19 00:14:45", "elapsed": 193.029279, "delta": 0.000621}}
{"target": -13.75725810959146, "params": {"gamma": 214.05853355159255, "log10_alpha": -3.068808594743877, "log10_colsample_bytree": -0.6126783510312834, "log10_eta": -1.9186930382352196, "log10_lambda": -4.732886067619079, "log10_min_child_weight": 0.19120602433829015, "log10_subsample": -0.46266080813898514, "max_depth": 7.0, "num_boost_round": 2.0}, "datetime": {"datetime": "2024-01-19 00:14:45", "elapsed": 193.029733, "delta": 0.000454}}
{"target": -13.756770011784745, "params": {"gamma": 214.05853355159255, "log10_alpha": -3.068808594743877, "log10_colsample_bytree": -0.6126783510312834, "log10_eta": -1.9186930382352196, "log10_lambda": -4.732886067619079, "log10_min_child_weight": 0.19120602433829015, "log10_subsample": -0.46266080813898514, "max_depth": 7.0, "num_boost_round": 3.0}, "datetime": {"datetime": "2024-01-19 00:14:45", "elapsed": 193.030168, "delta": 0.000435}}
{"target": -13.756521027595479, "params": {"gamma": 214.05853355159255, "log10_alpha": -3.068808594743877, "log10_colsample_bytree": -0.6126783510312834, "log10_eta": -1.9186930382352196, "log10_lambda": -4.732886067619079, "log10_min_child_weight": 0.19120602433829015, "log10_subsample": -0.46266080813898514, "max_depth": 7.0, "num_boost_round": 4.0}, "datetime": {"datetime": "2024-01-19 00:14:45", "elapsed": 193.030695, "delta": 0.000527}}
{"target": -13.756350143297457, "params": {"gamma": 214.05853355159255, "log10_alpha": -3.068808594743877, "log10_colsample_bytree": -0.6126783510312834, "log10_eta": -1.9186930382352196, "log10_lambda": -4.732886067619079, "log10_min_child_weight": 0.19120602433829015, "log10_subsample": -0.46266080813898514, "max_depth": 7.0, "num_boost_round": 5.0}, "datetime": {"datetime": "2024-01-19 00:14:45", "elapsed": 193.031606, "delta": 0.000911}}
{"target": -13.755993380728219, "params": {"gamma": 214.05853355159255, "log10_alpha": -3.068808594743877, "log10_colsample_bytree": -0.6126783510312834, "log10_eta": -1.9186930382352196, "log10_lambda": -4.732886067619079, "log10_min_child_weight": 0.19120602433829015, "log10_subsample": -0.46266080813898514, "max_depth": 7.0, "num_boost_round": 6.0}, "datetime": {"datetime": "2024-01-19 00:14:45", "elapsed": 193.032042, "delta": 0.000436}}
