{"target": -13.758530542249368, "params": {"gamma": 711.3122684977711, "log10_alpha": -4.51211201143088, "log10_colsample_bytree": -0.13281432094738, "log10_eta": -3.708418559397659, "log10_lambda": -4.552532478430563, "log10_min_child_weight": 1.2249579869327158, "log10_subsample": -0.23040315280666201, "max_depth": 4.0, "num_boost_round": 3.0}, "datetime": {"datetime": "2024-01-19 01:18:24", "elapsed": 4003.519338, "delta": 0.004497}}
{"target": -13.75852382686384, "params": {"gamma": 711.3122684977711, "log10_alpha": -4.51211201143088, "log10_colsample_bytree": -0.13281432094738, "log10_eta": -3.708418559397659, "log10_lambda": -4.552532478430563, "log10_min_child_weight": 1.2249579869327158, "log10_subsample": -0.23040315280666201, "max_depth": 4.0, "num_boost_round": 4.0}, "datetime": {"datetime": "2024-01-19 01:18:24", "elapsed": 4003.52376, "delta": 0.004422}}
{"target": -13.758522948278388, "params": {"gamma": 711.3122684977711, "log10_alpha": -4.51211201143088, "log10_colsample_bytree": -0.13281432094738, "log10_eta": -3.708418559397659, "log10_lambda": -4.552532478430563, "log10_min_child_weight": 1.2249579869327158, "log10_subsample": -0.23040315280666201, "max_depth": 4.0, "num_boost_round": 5.0}, "datetime": {"datetime": "2024-01-19 01:18:24", "elapsed": 4003.528704, "delta": 0.004944}}
{"target": -13.75852272751144, "params": {"gamma": 711.3122684977711, "log10_alpha": -4.51211201143088, "log10_colsample_bytree": -0.13281432094738, "log10_eta": -3.708418559397659, "log10_lambda": -4.552532478430563, "log10_min_child_weight": 1.2249579869327158, "log10_subsample": -0.23040315280666201, "max_depth": 4.0, "num_boost_round": 6.0}, "datetime": {"datetime": "2024-01-19 01:18:24", "elapsed": 4003.533863, "delta": 0.005159}}
{"target": -13.758521522431057, "params": {"gamma": 711.3122684977711, "log10_alpha": -4.51211201143088, "log10_colsample_bytree": -0.13281432094738, "log10_eta": -3.708418559397659, "log10_lambda": -4.552532478430563, "log10_min_child_weight": 1.2249579869327158, "log10_subsample": -0.23040315280666201, "max_depth": 4.0, "num_boost_round": 7.0}, "datetime": {"datetime": "2024-01-19 01:18:24", "elapsed": 4003.538564, "delta": 0.004701}}
{"target": -13.75852123497682, "params": {"gamma": 711.3122684977711, "log10_alpha": -4.51211201143088, "log10_colsample_bytree": -0.13281432094738, "log10_eta": -3.708418559397659, "log10_lambda": -4.552532478430563, "log10_min_child_weight": 1.2249579869327158, "log10_subsample": -0.23040315280666201, "max_depth": 4.0, "num_boost_round": 8.0}, "datetime": {"datetime": "2024-01-19 01:18:24", "elapsed": 4003.543533, "delta": 0.004969}}
{"target": -13.75851752391961, "params": {"gamma": 711.3122684977711, "log10_alpha": -4.51211201143088, "log10_colsample_bytree": -0.13281432094738, "log10_eta": -3.708418559397659, "log10_lambda": -4.552532478430563, "log10_min_child_weight": 1.2249579869327158, "log10_subsample": -0.23040315280666201, "max_depth": 4.0, "num_boost_round": 9.0}, "datetime": {"datetime": "2024-01-19 01:18:24", "elapsed": 4003.548513, "delta": 0.00498}}
{"target": -13.75851316181299, "params": {"gamma": 711.3122684977711, "log10_alpha": -4.51211201143088, "log10_colsample_bytree": -0.13281432094738, "log10_eta": -3.708418559397659, "log10_lambda": -4.552532478430563, "log10_min_child_weight": 1.2249579869327158, "log10_subsample": -0.23040315280666201, "max_depth": 4.0, "num_boost_round": 10.0}, "datetime": {"datetime": "2024-01-19 01:18:24", "elapsed": 4003.553007, "delta": 0.004494}}
{"target": -13.75850660044098, "params": {"gamma": 711.3122684977711, "log10_alpha": -4.51211201143088, "log10_colsample_bytree": -0.13281432094738, "log10_eta": -3.708418559397659, "log10_lambda": -4.552532478430563, "log10_min_child_weight": 1.2249579869327158, "log10_subsample": -0.23040315280666201, "max_depth": 4.0, "num_boost_round": 11.0}, "datetime": {"datetime": "2024-01-19 01:18:24", "elapsed": 4003.557399, "delta": 0.004392}}
{"target": -13.758502641228391, "params": {"gamma": 711.3122684977711, "log10_alpha": -4.51211201143088, "log10_colsample_bytree": -0.13281432094738, "log10_eta": -3.708418559397659, "log10_lambda": -4.552532478430563, "log10_min_child_weight": 1.2249579869327158, "log10_subsample": -0.23040315280666201, "max_depth": 4.0, "num_boost_round": 12.0}, "datetime": {"datetime": "2024-01-19 01:18:24", "elapsed": 4003.561711, "delta": 0.004312}}
{"target": -13.758500267110767, "params": {"gamma": 711.3122684977711, "log10_alpha": -4.51211201143088, "log10_colsample_bytree": -0.13281432094738, "log10_eta": -3.708418559397659, "log10_lambda": -4.552532478430563, "log10_min_child_weight": 1.2249579869327158, "log10_subsample": -0.23040315280666201, "max_depth": 4.0, "num_boost_round": 13.0}, "datetime": {"datetime": "2024-01-19 01:18:24", "elapsed": 4003.566108, "delta": 0.004397}}
{"target": -13.75849711646531, "params": {"gamma": 711.3122684977711, "log10_alpha": -4.51211201143088, "log10_colsample_bytree": -0.13281432094738, "log10_eta": -3.708418559397659, "log10_lambda": -4.552532478430563, "log10_min_child_weight": 1.2249579869327158, "log10_subsample": -0.23040315280666201, "max_depth": 4.0, "num_boost_round": 14.0}, "datetime": {"datetime": "2024-01-19 01:18:24", "elapsed": 4003.570398, "delta": 0.00429}}
{"target": -13.75849466331753, "params": {"gamma": 711.3122684977711, "log10_alpha": -4.51211201143088, "log10_colsample_bytree": -0.13281432094738, "log10_eta": -3.708418559397659, "log10_lambda": -4.552532478430563, "log10_min_child_weight": 1.2249579869327158, "log10_subsample": -0.23040315280666201, "max_depth": 4.0, "num_boost_round": 15.0}, "datetime": {"datetime": "2024-01-19 01:18:24", "elapsed": 4003.574728, "delta": 0.00433}}
{"target": -13.758489156960575, "params": {"gamma": 711.3122684977711, "log10_alpha": -4.51211201143088, "log10_colsample_bytree": -0.13281432094738, "log10_eta": -3.708418559397659, "log10_lambda": -4.552532478430563, "log10_min_child_weight": 1.2249579869327158, "log10_subsample": -0.23040315280666201, "max_depth": 4.0, "num_boost_round": 16.0}, "datetime": {"datetime": "2024-01-19 01:18:24", "elapsed": 4003.579188, "delta": 0.00446}}
{"target": -13.758491102718764, "params": {"gamma": 711.3122684977711, "log10_alpha": -4.51211201143088, "log10_colsample_bytree": -0.13281432094738, "log10_eta": -3.708418559397659, "log10_lambda": -4.552532478430563, "log10_min_child_weight": 1.2249579869327158, "log10_subsample": -0.23040315280666201, "max_depth": 4.0, "num_boost_round": 17.0}, "datetime": {"datetime": "2024-01-19 01:18:24", "elapsed": 4003.583523, "delta": 0.004335}}
{"target": -13.758492753660207, "params": {"gamma": 711.3122684977711, "log10_alpha": -4.51211201143088, "log10_colsample_bytree": -0.13281432094738, "log10_eta": -3.708418559397659, "log10_lambda": -4.552532478430563, "log10_min_child_weight": 1.2249579869327158, "log10_subsample": -0.23040315280666201, "max_depth": 4.0, "num_boost_round": 18.0}, "datetime": {"datetime": "2024-01-19 01:18:24", "elapsed": 4003.587861, "delta": 0.004338}}
{"target": -13.758490522675526, "params": {"gamma": 711.3122684977711, "log10_alpha": -4.51211201143088, "log10_colsample_bytree": -0.13281432094738, "log10_eta": -3.708418559397659, "log10_lambda": -4.552532478430563, "log10_min_child_weight": 1.2249579869327158, "log10_subsample": -0.23040315280666201, "max_depth": 4.0, "num_boost_round": 19.0}, "datetime": {"datetime": "2024-01-19 01:18:24", "elapsed": 4003.592251, "delta": 0.00439}}
{"target": -13.758488558631049, "params": {"gamma": 711.3122684977711, "log10_alpha": -4.51211201143088, "log10_colsample_bytree": -0.13281432094738, "log10_eta": -3.708418559397659, "log10_lambda": -4.552532478430563, "log10_min_child_weight": 1.2249579869327158, "log10_subsample": -0.23040315280666201, "max_depth": 4.0, "num_boost_round": 20.0}, "datetime": {"datetime": "2024-01-19 01:18:24", "elapsed": 4003.596539, "delta": 0.004288}}
{"target": -13.758485430291161, "params": {"gamma": 711.3122684977711, "log10_alpha": -4.51211201143088, "log10_colsample_bytree": -0.13281432094738, "log10_eta": -3.708418559397659, "log10_lambda": -4.552532478430563, "log10_min_child_weight": 1.2249579869327158, "log10_subsample": -0.23040315280666201, "max_depth": 4.0, "num_boost_round": 21.0}, "datetime": {"datetime": "2024-01-19 01:18:24", "elapsed": 4003.60097, "delta": 0.004431}}
{"target": -13.758480888962298, "params": {"gamma": 711.3122684977711, "log10_alpha": -4.51211201143088, "log10_colsample_bytree": -0.13281432094738, "log10_eta": -3.708418559397659, "log10_lambda": -4.552532478430563, "log10_min_child_weight": 1.2249579869327158, "log10_subsample": -0.23040315280666201, "max_depth": 4.0, "num_boost_round": 22.0}, "datetime": {"datetime": "2024-01-19 01:18:24", "elapsed": 4003.605282, "delta": 0.004312}}
{"target": -13.758478463884918, "params": {"gamma": 711.3122684977711, "log10_alpha": -4.51211201143088, "log10_colsample_bytree": -0.13281432094738, "log10_eta": -3.708418559397659, "log10_lambda": -4.552532478430563, "log10_min_child_weight": 1.2249579869327158, "log10_subsample": -0.23040315280666201, "max_depth": 4.0, "num_boost_round": 23.0}, "datetime": {"datetime": "2024-01-19 01:18:24", "elapsed": 4003.609601, "delta": 0.004319}}
{"target": -13.758480408873226, "params": {"gamma": 711.3122684977711, "log10_alpha": -4.51211201143088, "log10_colsample_bytree": -0.13281432094738, "log10_eta": -3.708418559397659, "log10_lambda": -4.552532478430563, "log10_min_child_weight": 1.2249579869327158, "log10_subsample": -0.23040315280666201, "max_depth": 4.0, "num_boost_round": 24.0}, "datetime": {"datetime": "2024-01-19 01:18:24", "elapsed": 4003.613999, "delta": 0.004398}}
{"target": -13.758477551813504, "params": {"gamma": 711.3122684977711, "log10_alpha": -4.51211201143088, "log10_colsample_bytree": -0.13281432094738, "log10_eta": -3.708418559397659, "log10_lambda": -4.552532478430563, "log10_min_child_weight": 1.2249579869327158, "log10_subsample": -0.23040315280666201, "max_depth": 4.0, "num_boost_round": 25.0}, "datetime": {"datetime": "2024-01-19 01:18:24", "elapsed": 4003.618335, "delta": 0.004336}}
{"target": -13.758473370981934, "params": {"gamma": 711.3122684977711, "log10_alpha": -4.51211201143088, "log10_colsample_bytree": -0.13281432094738, "log10_eta": -3.708418559397659, "log10_lambda": -4.552532478430563, "log10_min_child_weight": 1.2249579869327158, "log10_subsample": -0.23040315280666201, "max_depth": 4.0, "num_boost_round": 26.0}, "datetime": {"datetime": "2024-01-19 01:18:24", "elapsed": 4003.622733, "delta": 0.004398}}
{"target": -13.75847300762857, "params": {"gamma": 711.3122684977711, "log10_alpha": -4.51211201143088, "log10_colsample_bytree": -0.13281432094738, "log10_eta": -3.708418559397659, "log10_lambda": -4.552532478430563, "log10_min_child_weight": 1.2249579869327158, "log10_subsample": -0.23040315280666201, "max_depth": 4.0, "num_boost_round": 27.0}, "datetime": {"datetime": "2024-01-19 01:18:24", "elapsed": 4003.627147, "delta": 0.004414}}
{"target": -13.758468916119977, "params": {"gamma": 711.3122684977711, "log10_alpha": -4.51211201143088, "log10_colsample_bytree": -0.13281432094738, "log10_eta": -3.708418559397659, "log10_lambda": -4.552532478430563, "log10_min_child_weight": 1.2249579869327158, "log10_subsample": -0.23040315280666201, "max_depth": 4.0, "num_boost_round": 28.0}, "datetime": {"datetime": "2024-01-19 01:18:24", "elapsed": 4003.631549, "delta": 0.004402}}
{"target": -13.758467323665792, "params": {"gamma": 711.3122684977711, "log10_alpha": -4.51211201143088, "log10_colsample_bytree": -0.13281432094738, "log10_eta": -3.708418559397659, "log10_lambda": -4.552532478430563, "log10_min_child_weight": 1.2249579869327158, "log10_subsample": -0.23040315280666201, "max_depth": 4.0, "num_boost_round": 29.0}, "datetime": {"datetime": "2024-01-19 01:18:24", "elapsed": 4003.63589, "delta": 0.004341}}
{"target": -13.758466024218668, "params": {"gamma": 711.3122684977711, "log10_alpha": -4.51211201143088, "log10_colsample_bytree": -0.13281432094738, "log10_eta": -3.708418559397659, "log10_lambda": -4.552532478430563, "log10_min_child_weight": 1.2249579869327158, "log10_subsample": -0.23040315280666201, "max_depth": 4.0, "num_boost_round": 30.0}, "datetime": {"datetime": "2024-01-19 01:18:24", "elapsed": 4003.641389, "delta": 0.005499}}
{"target": -13.758464839570795, "params": {"gamma": 711.3122684977711, "log10_alpha": -4.51211201143088, "log10_colsample_bytree": -0.13281432094738, "log10_eta": -3.708418559397659, "log10_lambda": -4.552532478430563, "log10_min_child_weight": 1.2249579869327158, "log10_subsample": -0.23040315280666201, "max_depth": 4.0, "num_boost_round": 31.0}, "datetime": {"datetime": "2024-01-19 01:18:24", "elapsed": 4003.645848, "delta": 0.004459}}
{"target": -13.75846329368021, "params": {"gamma": 711.3122684977711, "log10_alpha": -4.51211201143088, "log10_colsample_bytree": -0.13281432094738, "log10_eta": -3.708418559397659, "log10_lambda": -4.552532478430563, "log10_min_child_weight": 1.2249579869327158, "log10_subsample": -0.23040315280666201, "max_depth": 4.0, "num_boost_round": 32.0}, "datetime": {"datetime": "2024-01-19 01:18:24", "elapsed": 4003.650291, "delta": 0.004443}}
{"target": -13.758462244982137, "params": {"gamma": 711.3122684977711, "log10_alpha": -4.51211201143088, "log10_colsample_bytree": -0.13281432094738, "log10_eta": -3.708418559397659, "log10_lambda": -4.552532478430563, "log10_min_child_weight": 1.2249579869327158, "log10_subsample": -0.23040315280666201, "max_depth": 4.0, "num_boost_round": 33.0}, "datetime": {"datetime": "2024-01-19 01:18:24", "elapsed": 4003.654683, "delta": 0.004392}}
{"target": -13.758457651296105, "params": {"gamma": 711.3122684977711, "log10_alpha": -4.51211201143088, "log10_colsample_bytree": -0.13281432094738, "log10_eta": -3.708418559397659, "log10_lambda": -4.552532478430563, "log10_min_child_weight": 1.2249579869327158, "log10_subsample": -0.23040315280666201, "max_depth": 4.0, "num_boost_round": 34.0}, "datetime": {"datetime": "2024-01-19 01:18:24", "elapsed": 4003.659009, "delta": 0.004326}}
{"target": -13.758454002395984, "params": {"gamma": 711.3122684977711, "log10_alpha": -4.51211201143088, "log10_colsample_bytree": -0.13281432094738, "log10_eta": -3.708418559397659, "log10_lambda": -4.552532478430563, "log10_min_child_weight": 1.2249579869327158, "log10_subsample": -0.23040315280666201, "max_depth": 4.0, "num_boost_round": 35.0}, "datetime": {"datetime": "2024-01-19 01:18:24", "elapsed": 4003.663346, "delta": 0.004337}}
{"target": -13.758454356943215, "params": {"gamma": 711.3122684977711, "log10_alpha": -4.51211201143088, "log10_colsample_bytree": -0.13281432094738, "log10_eta": -3.708418559397659, "log10_lambda": -4.552532478430563, "log10_min_child_weight": 1.2249579869327158, "log10_subsample": -0.23040315280666201, "max_depth": 4.0, "num_boost_round": 36.0}, "datetime": {"datetime": "2024-01-19 01:18:24", "elapsed": 4003.667706, "delta": 0.00436}}
{"target": -13.75845310712596, "params": {"gamma": 711.3122684977711, "log10_alpha": -4.51211201143088, "log10_colsample_bytree": -0.13281432094738, "log10_eta": -3.708418559397659, "log10_lambda": -4.552532478430563, "log10_min_child_weight": 1.2249579869327158, "log10_subsample": -0.23040315280666201, "max_depth": 4.0, "num_boost_round": 37.0}, "datetime": {"datetime": "2024-01-19 01:18:24", "elapsed": 4003.67214, "delta": 0.004434}}
{"target": -13.758450990233754, "params": {"gamma": 711.3122684977711, "log10_alpha": -4.51211201143088, "log10_colsample_bytree": -0.13281432094738, "log10_eta": -3.708418559397659, "log10_lambda": -4.552532478430563, "log10_min_child_weight": 1.2249579869327158, "log10_subsample": -0.23040315280666201, "max_depth": 4.0, "num_boost_round": 38.0}, "datetime": {"datetime": "2024-01-19 01:18:24", "elapsed": 4003.676455, "delta": 0.004315}}
{"target": -13.75844754761822, "params": {"gamma": 711.3122684977711, "log10_alpha": -4.51211201143088, "log10_colsample_bytree": -0.13281432094738, "log10_eta": -3.708418559397659, "log10_lambda": -4.552532478430563, "log10_min_child_weight": 1.2249579869327158, "log10_subsample": -0.23040315280666201, "max_depth": 4.0, "num_boost_round": 39.0}, "datetime": {"datetime": "2024-01-19 01:18:24", "elapsed": 4003.680883, "delta": 0.004428}}
{"target": -13.758446697569687, "params": {"gamma": 711.3122684977711, "log10_alpha": -4.51211201143088, "log10_colsample_bytree": -0.13281432094738, "log10_eta": -3.708418559397659, "log10_lambda": -4.552532478430563, "log10_min_child_weight": 1.2249579869327158, "log10_subsample": -0.23040315280666201, "max_depth": 4.0, "num_boost_round": 40.0}, "datetime": {"datetime": "2024-01-19 01:18:24", "elapsed": 4003.6853, "delta": 0.004417}}
{"target": -13.758441479464379, "params": {"gamma": 711.3122684977711, "log10_alpha": -4.51211201143088, "log10_colsample_bytree": -0.13281432094738, "log10_eta": -3.708418559397659, "log10_lambda": -4.552532478430563, "log10_min_child_weight": 1.2249579869327158, "log10_subsample": -0.23040315280666201, "max_depth": 4.0, "num_boost_round": 41.0}, "datetime": {"datetime": "2024-01-19 01:18:24", "elapsed": 4003.689685, "delta": 0.004385}}
{"target": -13.758440790724707, "params": {"gamma": 711.3122684977711, "log10_alpha": -4.51211201143088, "log10_colsample_bytree": -0.13281432094738, "log10_eta": -3.708418559397659, "log10_lambda": -4.552532478430563, "log10_min_child_weight": 1.2249579869327158, "log10_subsample": -0.23040315280666201, "max_depth": 4.0, "num_boost_round": 42.0}, "datetime": {"datetime": "2024-01-19 01:18:24", "elapsed": 4003.694067, "delta": 0.004382}}
{"target": -13.758439278970036, "params": {"gamma": 711.3122684977711, "log10_alpha": -4.51211201143088, "log10_colsample_bytree": -0.13281432094738, "log10_eta": -3.708418559397659, "log10_lambda": -4.552532478430563, "log10_min_child_weight": 1.2249579869327158, "log10_subsample": -0.23040315280666201, "max_depth": 4.0, "num_boost_round": 43.0}, "datetime": {"datetime": "2024-01-19 01:18:24", "elapsed": 4003.698459, "delta": 0.004392}}
{"target": -13.75843559783076, "params": {"gamma": 711.3122684977711, "log10_alpha": -4.51211201143088, "log10_colsample_bytree": -0.13281432094738, "log10_eta": -3.708418559397659, "log10_lambda": -4.552532478430563, "log10_min_child_weight": 1.2249579869327158, "log10_subsample": -0.23040315280666201, "max_depth": 4.0, "num_boost_round": 44.0}, "datetime": {"datetime": "2024-01-19 01:18:24", "elapsed": 4003.702836, "delta": 0.004377}}
{"target": -13.758432417166732, "params": {"gamma": 711.3122684977711, "log10_alpha": -4.51211201143088, "log10_colsample_bytree": -0.13281432094738, "log10_eta": -3.708418559397659, "log10_lambda": -4.552532478430563, "log10_min_child_weight": 1.2249579869327158, "log10_subsample": -0.23040315280666201, "max_depth": 4.0, "num_boost_round": 45.0}, "datetime": {"datetime": "2024-01-19 01:18:24", "elapsed": 4003.707201, "delta": 0.004365}}
{"target": -13.75843143769944, "params": {"gamma": 711.3122684977711, "log10_alpha": -4.51211201143088, "log10_colsample_bytree": -0.13281432094738, "log10_eta": -3.708418559397659, "log10_lambda": -4.552532478430563, "log10_min_child_weight": 1.2249579869327158, "log10_subsample": -0.23040315280666201, "max_depth": 4.0, "num_boost_round": 46.0}, "datetime": {"datetime": "2024-01-19 01:18:24", "elapsed": 4003.711615, "delta": 0.004414}}
{"target": -13.75842968938712, "params": {"gamma": 711.3122684977711, "log10_alpha": -4.51211201143088, "log10_colsample_bytree": -0.13281432094738, "log10_eta": -3.708418559397659, "log10_lambda": -4.552532478430563, "log10_min_child_weight": 1.2249579869327158, "log10_subsample": -0.23040315280666201, "max_depth": 4.0, "num_boost_round": 47.0}, "datetime": {"datetime": "2024-01-19 01:18:24", "elapsed": 4003.716046, "delta": 0.004431}}
{"target": -13.758427077372485, "params": {"gamma": 711.3122684977711, "log10_alpha": -4.51211201143088, "log10_colsample_bytree": -0.13281432094738, "log10_eta": -3.708418559397659, "log10_lambda": -4.552532478430563, "log10_min_child_weight": 1.2249579869327158, "log10_subsample": -0.23040315280666201, "max_depth": 4.0, "num_boost_round": 48.0}, "datetime": {"datetime": "2024-01-19 01:18:24", "elapsed": 4003.720536, "delta": 0.00449}}
{"target": -13.758424826016695, "params": {"gamma": 711.3122684977711, "log10_alpha": -4.51211201143088, "log10_colsample_bytree": -0.13281432094738, "log10_eta": -3.708418559397659, "log10_lambda": -4.552532478430563, "log10_min_child_weight": 1.2249579869327158, "log10_subsample": -0.23040315280666201, "max_depth": 4.0, "num_boost_round": 49.0}, "datetime": {"datetime": "2024-01-19 01:18:24", "elapsed": 4003.725023, "delta": 0.004487}}
{"target": -13.758423335890736, "params": {"gamma": 711.3122684977711, "log10_alpha": -4.51211201143088, "log10_colsample_bytree": -0.13281432094738, "log10_eta": -3.708418559397659, "log10_lambda": -4.552532478430563, "log10_min_child_weight": 1.2249579869327158, "log10_subsample": -0.23040315280666201, "max_depth": 4.0, "num_boost_round": 50.0}, "datetime": {"datetime": "2024-01-19 01:18:24", "elapsed": 4003.729494, "delta": 0.004471}}
{"target": -13.758419437622454, "params": {"gamma": 711.3122684977711, "log10_alpha": -4.51211201143088, "log10_colsample_bytree": -0.13281432094738, "log10_eta": -3.708418559397659, "log10_lambda": -4.552532478430563, "log10_min_child_weight": 1.2249579869327158, "log10_subsample": -0.23040315280666201, "max_depth": 4.0, "num_boost_round": 51.0}, "datetime": {"datetime": "2024-01-19 01:18:24", "elapsed": 4003.734975, "delta": 0.005481}}
