{"target": -17.677173980400916, "params": {"gamma": 11.92978131884106, "log10_alpha": 1.0, "log10_colsample_bytree": -0.7805431160215014, "log10_eta": -4.0, "log10_lambda": -2.9401188306854737, "log10_min_child_weight": 1.9270924111226897, "log10_subsample": -0.7398935724463297, "max_depth": 10.0, "num_boost_round": 17.0}, "datetime": {"datetime": "2024-01-19 00:23:15", "elapsed": 749.360783, "delta": 0.000946}}
{"target": -17.6771720996179, "params": {"gamma": 11.92978131884106, "log10_alpha": 1.0, "log10_colsample_bytree": -0.7805431160215014, "log10_eta": -4.0, "log10_lambda": -2.9401188306854737, "log10_min_child_weight": 1.9270924111226897, "log10_subsample": -0.7398935724463297, "max_depth": 10.0, "num_boost_round": 18.0}, "datetime": {"datetime": "2024-01-19 00:23:15", "elapsed": 749.361714, "delta": 0.000931}}
{"target": -17.677160537951004, "params": {"gamma": 11.92978131884106, "log10_alpha": 1.0, "log10_colsample_bytree": -0.7805431160215014, "log10_eta": -4.0, "log10_lambda": -2.9401188306854737, "log10_min_child_weight": 1.9270924111226897, "log10_subsample": -0.7398935724463297, "max_depth": 10.0, "num_boost_round": 19.0}, "datetime": {"datetime": "2024-01-19 00:23:15", "elapsed": 749.362654, "delta": 0.00094}}
{"target": -17.67715176357277, "params": {"gamma": 11.92978131884106, "log10_alpha": 1.0, "log10_colsample_bytree": -0.7805431160215014, "log10_eta": -4.0, "log10_lambda": -2.9401188306854737, "log10_min_child_weight": 1.9270924111226897, "log10_subsample": -0.7398935724463297, "max_depth": 10.0, "num_boost_round": 20.0}, "datetime": {"datetime": "2024-01-19 00:23:15", "elapsed": 749.363588, "delta": 0.000934}}
{"target": -17.67714466615787, "params": {"gamma": 11.92978131884106, "log10_alpha": 1.0, "log10_colsample_bytree": -0.7805431160215014, "log10_eta": -4.0, "log10_lambda": -2.9401188306854737, "log10_min_child_weight": 1.9270924111226897, "log10_subsample": -0.7398935724463297, "max_depth": 10.0, "num_boost_round": 21.0}, "datetime": {"datetime": "2024-01-19 00:23:15", "elapsed": 749.364511, "delta": 0.000923}}
{"target": -17.67713315125992, "params": {"gamma": 11.92978131884106, "log10_alpha": 1.0, "log10_colsample_bytree": -0.7805431160215014, "log10_eta": -4.0, "log10_lambda": -2.9401188306854737, "log10_min_child_weight": 1.9270924111226897, "log10_subsample": -0.7398935724463297, "max_depth": 10.0, "num_boost_round": 22.0}, "datetime": {"datetime": "2024-01-19 00:23:15", "elapsed": 749.365455, "delta": 0.000944}}
{"target": -17.677128058234267, "params": {"gamma": 11.92978131884106, "log10_alpha": 1.0, "log10_colsample_bytree": -0.7805431160215014, "log10_eta": -4.0, "log10_lambda": -2.9401188306854737, "log10_min_child_weight": 1.9270924111226897, "log10_subsample": -0.7398935724463297, "max_depth": 10.0, "num_boost_round": 23.0}, "datetime": {"datetime": "2024-01-19 00:23:15", "elapsed": 749.366575, "delta": 0.00112}}
{"target": -17.677128073959715, "params": {"gamma": 11.92978131884106, "log10_alpha": 1.0, "log10_colsample_bytree": -0.7805431160215014, "log10_eta": -4.0, "log10_lambda": -2.9401188306854737, "log10_min_child_weight": 1.9270924111226897, "log10_subsample": -0.7398935724463297, "max_depth": 10.0, "num_boost_round": 24.0}, "datetime": {"datetime": "2024-01-19 00:23:15", "elapsed": 749.367594, "delta": 0.001019}}
{"target": -17.67711973008486, "params": {"gamma": 11.92978131884106, "log10_alpha": 1.0, "log10_colsample_bytree": -0.7805431160215014, "log10_eta": -4.0, "log10_lambda": -2.9401188306854737, "log10_min_child_weight": 1.9270924111226897, "log10_subsample": -0.7398935724463297, "max_depth": 10.0, "num_boost_round": 25.0}, "datetime": {"datetime": "2024-01-19 00:23:15", "elapsed": 749.368601, "delta": 0.001007}}
{"target": -17.67711310463929, "params": {"gamma": 11.92978131884106, "log10_alpha": 1.0, "log10_colsample_bytree": -0.7805431160215014, "log10_eta": -4.0, "log10_lambda": -2.9401188306854737, "log10_min_child_weight": 1.9270924111226897, "log10_subsample": -0.7398935724463297, "max_depth": 10.0, "num_boost_round": 26.0}, "datetime": {"datetime": "2024-01-19 00:23:15", "elapsed": 749.369554, "delta": 0.000953}}
{"target": -17.67710899413681, "params": {"gamma": 11.92978131884106, "log10_alpha": 1.0, "log10_colsample_bytree": -0.7805431160215014, "log10_eta": -4.0, "log10_lambda": -2.9401188306854737, "log10_min_child_weight": 1.9270924111226897, "log10_subsample": -0.7398935724463297, "max_depth": 10.0, "num_boost_round": 27.0}, "datetime": {"datetime": "2024-01-19 00:23:15", "elapsed": 749.370506, "delta": 0.000952}}
{"target": -17.677104225786685, "params": {"gamma": 11.92978131884106, "log10_alpha": 1.0, "log10_colsample_bytree": -0.7805431160215014, "log10_eta": -4.0, "log10_lambda": -2.9401188306854737, "log10_min_child_weight": 1.9270924111226897, "log10_subsample": -0.7398935724463297, "max_depth": 10.0, "num_boost_round": 28.0}, "datetime": {"datetime": "2024-01-19 00:23:15", "elapsed": 749.371527, "delta": 0.001021}}
{"target": -17.677105267188473, "params": {"gamma": 11.92978131884106, "log10_alpha": 1.0, "log10_colsample_bytree": -0.7805431160215014, "log10_eta": -4.0, "log10_lambda": -2.9401188306854737, "log10_min_child_weight": 1.9270924111226897, "log10_subsample": -0.7398935724463297, "max_depth": 10.0, "num_boost_round": 29.0}, "datetime": {"datetime": "2024-01-19 00:23:15", "elapsed": 749.372459, "delta": 0.000932}}
{"target": -17.6771004454172, "params": {"gamma": 11.92978131884106, "log10_alpha": 1.0, "log10_colsample_bytree": -0.7805431160215014, "log10_eta": -4.0, "log10_lambda": -2.9401188306854737, "log10_min_child_weight": 1.9270924111226897, "log10_subsample": -0.7398935724463297, "max_depth": 10.0, "num_boost_round": 30.0}, "datetime": {"datetime": "2024-01-19 00:23:15", "elapsed": 749.373413, "delta": 0.000954}}
{"target": -17.67708673693554, "params": {"gamma": 11.92978131884106, "log10_alpha": 1.0, "log10_colsample_bytree": -0.7805431160215014, "log10_eta": -4.0, "log10_lambda": -2.9401188306854737, "log10_min_child_weight": 1.9270924111226897, "log10_subsample": -0.7398935724463297, "max_depth": 10.0, "num_boost_round": 31.0}, "datetime": {"datetime": "2024-01-19 00:23:15", "elapsed": 749.374342, "delta": 0.000929}}
{"target": -17.677084297191637, "params": {"gamma": 11.92978131884106, "log10_alpha": 1.0, "log10_colsample_bytree": -0.7805431160215014, "log10_eta": -4.0, "log10_lambda": -2.9401188306854737, "log10_min_child_weight": 1.9270924111226897, "log10_subsample": -0.7398935724463297, "max_depth": 10.0, "num_boost_round": 32.0}, "datetime": {"datetime": "2024-01-19 00:23:15", "elapsed": 749.375317, "delta": 0.000975}}
{"target": -17.677077306876807, "params": {"gamma": 11.92978131884106, "log10_alpha": 1.0, "log10_colsample_bytree": -0.7805431160215014, "log10_eta": -4.0, "log10_lambda": -2.9401188306854737, "log10_min_child_weight": 1.9270924111226897, "log10_subsample": -0.7398935724463297, "max_depth": 10.0, "num_boost_round": 33.0}, "datetime": {"datetime": "2024-01-19 00:23:15", "elapsed": 749.376299, "delta": 0.000982}}
{"target": -17.677232842028943, "params": {"gamma": 5.982894733449928, "log10_alpha": -3.1561605864845186, "log10_colsample_bytree": -0.18837162945979025, "log10_eta": -3.902685769512962, "log10_lambda": -3.1495504233894978, "log10_min_child_weight": 4.347054236867188, "log10_subsample": -0.9111939593922155, "max_depth": 3.0, "num_boost_round": 0.0}, "datetime": {"datetime": "2024-01-19 00:23:46", "elapsed": 780.57445, "delta": 31.198151}}
{"target": -17.677232751245345, "params": {"gamma": 5.982894733449928, "log10_alpha": -3.1561605864845186, "log10_colsample_bytree": -0.18837162945979025, "log10_eta": -3.902685769512962, "log10_lambda": -3.1495504233894978, "log10_min_child_weight": 4.347054236867188, "log10_subsample": -0.9111939593922155, "max_depth": 3.0, "num_boost_round": 1.0}, "datetime": {"datetime": "2024-01-19 00:23:46", "elapsed": 780.576364, "delta": 0.001914}}
{"target": -17.677231727921754, "params": {"gamma": 5.982894733449928, "log10_alpha": -3.1561605864845186, "log10_colsample_bytree": -0.18837162945979025, "log10_eta": -3.902685769512962, "log10_lambda": -3.1495504233894978, "log10_min_child_weight": 4.347054236867188, "log10_subsample": -0.9111939593922155, "max_depth": 3.0, "num_boost_round": 2.0}, "datetime": {"datetime": "2024-01-19 00:23:46", "elapsed": 780.577347, "delta": 0.000983}}
{"target": -17.677230581410033, "params": {"gamma": 5.982894733449928, "log10_alpha": -3.1561605864845186, "log10_colsample_bytree": -0.18837162945979025, "log10_eta": -3.902685769512962, "log10_lambda": -3.1495504233894978, "log10_min_child_weight": 4.347054236867188, "log10_subsample": -0.9111939593922155, "max_depth": 3.0, "num_boost_round": 3.0}, "datetime": {"datetime": "2024-01-19 00:23:46", "elapsed": 780.578446, "delta": 0.001099}}
{"target": -17.677229714311668, "params": {"gamma": 5.982894733449928, "log10_alpha": -3.1561605864845186, "log10_colsample_bytree": -0.18837162945979025, "log10_eta": -3.902685769512962, "log10_lambda": -3.1495504233894978, "log10_min_child_weight": 4.347054236867188, "log10_subsample": -0.9111939593922155, "max_depth": 3.0, "num_boost_round": 4.0}, "datetime": {"datetime": "2024-01-19 00:23:46", "elapsed": 780.579409, "delta": 0.000963}}
{"target": -17.677228719106235, "params": {"gamma": 5.982894733449928, "log10_alpha": -3.1561605864845186, "log10_colsample_bytree": -0.18837162945979025, "log10_eta": -3.902685769512962, "log10_lambda": -3.1495504233894978, "log10_min_child_weight": 4.347054236867188, "log10_subsample": -0.9111939593922155, "max_depth": 3.0, "num_boost_round": 5.0}, "datetime": {"datetime": "2024-01-19 00:23:46", "elapsed": 780.580368, "delta": 0.000959}}
{"target": -17.677228693103995, "params": {"gamma": 5.982894733449928, "log10_alpha": -3.1561605864845186, "log10_colsample_bytree": -0.18837162945979025, "log10_eta": -3.902685769512962, "log10_lambda": -3.1495504233894978, "log10_min_child_weight": 4.347054236867188, "log10_subsample": -0.9111939593922155, "max_depth": 3.0, "num_boost_round": 6.0}, "datetime": {"datetime": "2024-01-19 00:23:46", "elapsed": 780.581345, "delta": 0.000977}}
{"target": -17.677228164706253, "params": {"gamma": 5.982894733449928, "log10_alpha": -3.1561605864845186, "log10_colsample_bytree": -0.18837162945979025, "log10_eta": -3.902685769512962, "log10_lambda": -3.1495504233894978, "log10_min_child_weight": 4.347054236867188, "log10_subsample": -0.9111939593922155, "max_depth": 3.0, "num_boost_round": 7.0}, "datetime": {"datetime": "2024-01-19 00:23:46", "elapsed": 780.582313, "delta": 0.000968}}
{"target": -17.677227085697567, "params": {"gamma": 5.982894733449928, "log10_alpha": -3.1561605864845186, "log10_colsample_bytree": -0.18837162945979025, "log10_eta": -3.902685769512962, "log10_lambda": -3.1495504233894978, "log10_min_child_weight": 4.347054236867188, "log10_subsample": -0.9111939593922155, "max_depth": 3.0, "num_boost_round": 8.0}, "datetime": {"datetime": "2024-01-19 00:23:46", "elapsed": 780.583275, "delta": 0.000962}}
{"target": -17.67722595081883, "params": {"gamma": 5.982894733449928, "log10_alpha": -3.1561605864845186, "log10_colsample_bytree": -0.18837162945979025, "log10_eta": -3.902685769512962, "log10_lambda": -3.1495504233894978, "log10_min_child_weight": 4.347054236867188, "log10_subsample": -0.9111939593922155, "max_depth": 3.0, "num_boost_round": 9.0}, "datetime": {"datetime": "2024-01-19 00:23:46", "elapsed": 780.584235, "delta": 0.00096}}
{"target": -17.67722512993438, "params": {"gamma": 5.982894733449928, "log10_alpha": -3.1561605864845186, "log10_colsample_bytree": -0.18837162945979025, "log10_eta": -3.902685769512962, "log10_lambda": -3.1495504233894978, "log10_min_child_weight": 4.347054236867188, "log10_subsample": -0.9111939593922155, "max_depth": 3.0, "num_boost_round": 10.0}, "datetime": {"datetime": "2024-01-19 00:23:46", "elapsed": 780.585207, "delta": 0.000972}}
{"target": -17.677224600493354, "params": {"gamma": 5.982894733449928, "log10_alpha": -3.1561605864845186, "log10_colsample_bytree": -0.18837162945979025, "log10_eta": -3.902685769512962, "log10_lambda": -3.1495504233894978, "log10_min_child_weight": 4.347054236867188, "log10_subsample": -0.9111939593922155, "max_depth": 3.0, "num_boost_round": 11.0}, "datetime": {"datetime": "2024-01-19 00:23:46", "elapsed": 780.586267, "delta": 0.00106}}
{"target": -17.677224621297434, "params": {"gamma": 5.982894733449928, "log10_alpha": -3.1561605864845186, "log10_colsample_bytree": -0.18837162945979025, "log10_eta": -3.902685769512962, "log10_lambda": -3.1495504233894978, "log10_min_child_weight": 4.347054236867188, "log10_subsample": -0.9111939593922155, "max_depth": 3.0, "num_boost_round": 12.0}, "datetime": {"datetime": "2024-01-19 00:23:46", "elapsed": 780.587224, "delta": 0.000957}}
{"target": -17.677223984872665, "params": {"gamma": 5.982894733449928, "log10_alpha": -3.1561605864845186, "log10_colsample_bytree": -0.18837162945979025, "log10_eta": -3.902685769512962, "log10_lambda": -3.1495504233894978, "log10_min_child_weight": 4.347054236867188, "log10_subsample": -0.9111939593922155, "max_depth": 3.0, "num_boost_round": 13.0}, "datetime": {"datetime": "2024-01-19 00:23:46", "elapsed": 780.5882, "delta": 0.000976}}
{"target": -17.677223978271346, "params": {"gamma": 5.982894733449928, "log10_alpha": -3.1561605864845186, "log10_colsample_bytree": -0.18837162945979025, "log10_eta": -3.902685769512962, "log10_lambda": -3.1495504233894978, "log10_min_child_weight": 4.347054236867188, "log10_subsample": -0.9111939593922155, "max_depth": 3.0, "num_boost_round": 14.0}, "datetime": {"datetime": "2024-01-19 00:23:46", "elapsed": 780.589161, "delta": 0.000961}}
{"target": -17.677222233786125, "params": {"gamma": 5.982894733449928, "log10_alpha": -3.1561605864845186, "log10_colsample_bytree": -0.18837162945979025, "log10_eta": -3.902685769512962, "log10_lambda": -3.1495504233894978, "log10_min_child_weight": 4.347054236867188, "log10_subsample": -0.9111939593922155, "max_depth": 3.0, "num_boost_round": 15.0}, "datetime": {"datetime": "2024-01-19 00:23:46", "elapsed": 780.59013, "delta": 0.000969}}
{"target": -17.677221461484965, "params": {"gamma": 5.982894733449928, "log10_alpha": -3.1561605864845186, "log10_colsample_bytree": -0.18837162945979025, "log10_eta": -3.902685769512962, "log10_lambda": -3.1495504233894978, "log10_min_child_weight": 4.347054236867188, "log10_subsample": -0.9111939593922155, "max_depth": 3.0, "num_boost_round": 16.0}, "datetime": {"datetime": "2024-01-19 00:23:46", "elapsed": 780.591093, "delta": 0.000963}}
{"target": -17.67722141045383, "params": {"gamma": 5.982894733449928, "log10_alpha": -3.1561605864845186, "log10_colsample_bytree": -0.18837162945979025, "log10_eta": -3.902685769512962, "log10_lambda": -3.1495504233894978, "log10_min_child_weight": 4.347054236867188, "log10_subsample": -0.9111939593922155, "max_depth": 3.0, "num_boost_round": 17.0}, "datetime": {"datetime": "2024-01-19 00:23:46", "elapsed": 780.592095, "delta": 0.001002}}
{"target": -17.67722041301569, "params": {"gamma": 5.982894733449928, "log10_alpha": -3.1561605864845186, "log10_colsample_bytree": -0.18837162945979025, "log10_eta": -3.902685769512962, "log10_lambda": -3.1495504233894978, "log10_min_child_weight": 4.347054236867188, "log10_subsample": -0.9111939593922155, "max_depth": 3.0, "num_boost_round": 18.0}, "datetime": {"datetime": "2024-01-19 00:23:46", "elapsed": 780.593069, "delta": 0.000974}}
{"target": -17.67721846103449, "params": {"gamma": 5.982894733449928, "log10_alpha": -3.1561605864845186, "log10_colsample_bytree": -0.18837162945979025, "log10_eta": -3.902685769512962, "log10_lambda": -3.1495504233894978, "log10_min_child_weight": 4.347054236867188, "log10_subsample": -0.9111939593922155, "max_depth": 3.0, "num_boost_round": 19.0}, "datetime": {"datetime": "2024-01-19 00:23:46", "elapsed": 780.594049, "delta": 0.00098}}
{"target": -17.67721797606624, "params": {"gamma": 5.982894733449928, "log10_alpha": -3.1561605864845186, "log10_colsample_bytree": -0.18837162945979025, "log10_eta": -3.902685769512962, "log10_lambda": -3.1495504233894978, "log10_min_child_weight": 4.347054236867188, "log10_subsample": -0.9111939593922155, "max_depth": 3.0, "num_boost_round": 20.0}, "datetime": {"datetime": "2024-01-19 00:23:46", "elapsed": 780.595033, "delta": 0.000984}}
{"target": -17.67721810280048, "params": {"gamma": 5.982894733449928, "log10_alpha": -3.1561605864845186, "log10_colsample_bytree": -0.18837162945979025, "log10_eta": -3.902685769512962, "log10_lambda": -3.1495504233894978, "log10_min_child_weight": 4.347054236867188, "log10_subsample": -0.9111939593922155, "max_depth": 3.0, "num_boost_round": 21.0}, "datetime": {"datetime": "2024-01-19 00:23:46", "elapsed": 780.596139, "delta": 0.001106}}
{"target": -17.67721698638152, "params": {"gamma": 5.982894733449928, "log10_alpha": -3.1561605864845186, "log10_colsample_bytree": -0.18837162945979025, "log10_eta": -3.902685769512962, "log10_lambda": -3.1495504233894978, "log10_min_child_weight": 4.347054236867188, "log10_subsample": -0.9111939593922155, "max_depth": 3.0, "num_boost_round": 22.0}, "datetime": {"datetime": "2024-01-19 00:23:46", "elapsed": 780.597108, "delta": 0.000969}}
{"target": -17.67721565927422, "params": {"gamma": 5.982894733449928, "log10_alpha": -3.1561605864845186, "log10_colsample_bytree": -0.18837162945979025, "log10_eta": -3.902685769512962, "log10_lambda": -3.1495504233894978, "log10_min_child_weight": 4.347054236867188, "log10_subsample": -0.9111939593922155, "max_depth": 3.0, "num_boost_round": 23.0}, "datetime": {"datetime": "2024-01-19 00:23:46", "elapsed": 780.598069, "delta": 0.000961}}
{"target": -17.677215786632143, "params": {"gamma": 5.982894733449928, "log10_alpha": -3.1561605864845186, "log10_colsample_bytree": -0.18837162945979025, "log10_eta": -3.902685769512962, "log10_lambda": -3.1495504233894978, "log10_min_child_weight": 4.347054236867188, "log10_subsample": -0.9111939593922155, "max_depth": 3.0, "num_boost_round": 24.0}, "datetime": {"datetime": "2024-01-19 00:23:46", "elapsed": 780.599046, "delta": 0.000977}}
{"target": -17.677219189979706, "params": {"gamma": 7.610716859335009, "log10_alpha": -0.46264371281638006, "log10_colsample_bytree": -0.9957795686195998, "log10_eta": -3.332830974336536, "log10_lambda": -4.635639244183762, "log10_min_child_weight": 2.0034906276572286, "log10_subsample": -0.6550275313544469, "max_depth": 2.0, "num_boost_round": 0.0}, "datetime": {"datetime": "2024-01-19 00:24:15", "elapsed": 809.676156, "delta": 29.07711}}
{"target": -17.677200523987093, "params": {"gamma": 7.610716859335009, "log10_alpha": -0.46264371281638006, "log10_colsample_bytree": -0.9957795686195998, "log10_eta": -3.332830974336536, "log10_lambda": -4.635639244183762, "log10_min_child_weight": 2.0034906276572286, "log10_subsample": -0.6550275313544469, "max_depth": 2.0, "num_boost_round": 1.0}, "datetime": {"datetime": "2024-01-19 00:24:15", "elapsed": 809.677677, "delta": 0.001521}}
{"target": -17.677203355918905, "params": {"gamma": 7.610716859335009, "log10_alpha": -0.46264371281638006, "log10_colsample_bytree": -0.9957795686195998, "log10_eta": -3.332830974336536, "log10_lambda": -4.635639244183762, "log10_min_child_weight": 2.0034906276572286, "log10_subsample": -0.6550275313544469, "max_depth": 2.0, "num_boost_round": 2.0}, "datetime": {"datetime": "2024-01-19 00:24:15", "elapsed": 809.679015, "delta": 0.001338}}
{"target": -17.677191120615344, "params": {"gamma": 7.610716859335009, "log10_alpha": -0.46264371281638006, "log10_colsample_bytree": -0.9957795686195998, "log10_eta": -3.332830974336536, "log10_lambda": -4.635639244183762, "log10_min_child_weight": 2.0034906276572286, "log10_subsample": -0.6550275313544469, "max_depth": 2.0, "num_boost_round": 3.0}, "datetime": {"datetime": "2024-01-19 00:24:15", "elapsed": 809.680169, "delta": 0.001154}}
{"target": -17.677184596168747, "params": {"gamma": 7.610716859335009, "log10_alpha": -0.46264371281638006, "log10_colsample_bytree": -0.9957795686195998, "log10_eta": -3.332830974336536, "log10_lambda": -4.635639244183762, "log10_min_child_weight": 2.0034906276572286, "log10_subsample": -0.6550275313544469, "max_depth": 2.0, "num_boost_round": 4.0}, "datetime": {"datetime": "2024-01-19 00:24:15", "elapsed": 809.681175, "delta": 0.001006}}
{"target": -17.677174547585036, "params": {"gamma": 7.610716859335009, "log10_alpha": -0.46264371281638006, "log10_colsample_bytree": -0.9957795686195998, "log10_eta": -3.332830974336536, "log10_lambda": -4.635639244183762, "log10_min_child_weight": 2.0034906276572286, "log10_subsample": -0.6550275313544469, "max_depth": 2.0, "num_boost_round": 5.0}, "datetime": {"datetime": "2024-01-19 00:24:15", "elapsed": 809.682169, "delta": 0.000994}}
{"target": -17.677165632824366, "params": {"gamma": 7.610716859335009, "log10_alpha": -0.46264371281638006, "log10_colsample_bytree": -0.9957795686195998, "log10_eta": -3.332830974336536, "log10_lambda": -4.635639244183762, "log10_min_child_weight": 2.0034906276572286, "log10_subsample": -0.6550275313544469, "max_depth": 2.0, "num_boost_round": 6.0}, "datetime": {"datetime": "2024-01-19 00:24:15", "elapsed": 809.683177, "delta": 0.001008}}
{"target": -17.67715557365027, "params": {"gamma": 7.610716859335009, "log10_alpha": -0.46264371281638006, "log10_colsample_bytree": -0.9957795686195998, "log10_eta": -3.332830974336536, "log10_lambda": -4.635639244183762, "log10_min_child_weight": 2.0034906276572286, "log10_subsample": -0.6550275313544469, "max_depth": 2.0, "num_boost_round": 7.0}, "datetime": {"datetime": "2024-01-19 00:24:15", "elapsed": 809.684223, "delta": 0.001046}}
