{"target": -13.758514598124494, "params": {"gamma": 952.5805351486339, "log10_alpha": -0.12352900355327989, "log10_colsample_bytree": -0.9970661128355485, "log10_eta": -3.802503437528319, "log10_lambda": -1.4098099406515896, "log10_min_child_weight": 0.5216431965405149, "log10_subsample": -0.20653825630548495, "max_depth": 3.0, "num_boost_round": 21.0}, "datetime": {"datetime": "2024-01-19 01:11:17", "elapsed": 3578.191793, "delta": 0.004341}}
{"target": -13.758512201755595, "params": {"gamma": 952.5805351486339, "log10_alpha": -0.12352900355327989, "log10_colsample_bytree": -0.9970661128355485, "log10_eta": -3.802503437528319, "log10_lambda": -1.4098099406515896, "log10_min_child_weight": 0.5216431965405149, "log10_subsample": -0.20653825630548495, "max_depth": 3.0, "num_boost_round": 22.0}, "datetime": {"datetime": "2024-01-19 01:11:17", "elapsed": 3578.196156, "delta": 0.004363}}
{"target": -13.75851071546174, "params": {"gamma": 952.5805351486339, "log10_alpha": -0.12352900355327989, "log10_colsample_bytree": -0.9970661128355485, "log10_eta": -3.802503437528319, "log10_lambda": -1.4098099406515896, "log10_min_child_weight": 0.5216431965405149, "log10_subsample": -0.20653825630548495, "max_depth": 3.0, "num_boost_round": 23.0}, "datetime": {"datetime": "2024-01-19 01:11:17", "elapsed": 3578.200517, "delta": 0.004361}}
{"target": -13.758511839444802, "params": {"gamma": 952.5805351486339, "log10_alpha": -0.12352900355327989, "log10_colsample_bytree": -0.9970661128355485, "log10_eta": -3.802503437528319, "log10_lambda": -1.4098099406515896, "log10_min_child_weight": 0.5216431965405149, "log10_subsample": -0.20653825630548495, "max_depth": 3.0, "num_boost_round": 24.0}, "datetime": {"datetime": "2024-01-19 01:11:17", "elapsed": 3578.204828, "delta": 0.004311}}
{"target": -13.758507989746708, "params": {"gamma": 952.5805351486339, "log10_alpha": -0.12352900355327989, "log10_colsample_bytree": -0.9970661128355485, "log10_eta": -3.802503437528319, "log10_lambda": -1.4098099406515896, "log10_min_child_weight": 0.5216431965405149, "log10_subsample": -0.20653825630548495, "max_depth": 3.0, "num_boost_round": 25.0}, "datetime": {"datetime": "2024-01-19 01:11:17", "elapsed": 3578.209177, "delta": 0.004349}}
{"target": -13.758507878847977, "params": {"gamma": 952.5805351486339, "log10_alpha": -0.12352900355327989, "log10_colsample_bytree": -0.9970661128355485, "log10_eta": -3.802503437528319, "log10_lambda": -1.4098099406515896, "log10_min_child_weight": 0.5216431965405149, "log10_subsample": -0.20653825630548495, "max_depth": 3.0, "num_boost_round": 26.0}, "datetime": {"datetime": "2024-01-19 01:11:17", "elapsed": 3578.213498, "delta": 0.004321}}
{"target": -13.758506684734728, "params": {"gamma": 952.5805351486339, "log10_alpha": -0.12352900355327989, "log10_colsample_bytree": -0.9970661128355485, "log10_eta": -3.802503437528319, "log10_lambda": -1.4098099406515896, "log10_min_child_weight": 0.5216431965405149, "log10_subsample": -0.20653825630548495, "max_depth": 3.0, "num_boost_round": 27.0}, "datetime": {"datetime": "2024-01-19 01:11:17", "elapsed": 3578.217865, "delta": 0.004367}}
{"target": -13.758504366869508, "params": {"gamma": 952.5805351486339, "log10_alpha": -0.12352900355327989, "log10_colsample_bytree": -0.9970661128355485, "log10_eta": -3.802503437528319, "log10_lambda": -1.4098099406515896, "log10_min_child_weight": 0.5216431965405149, "log10_subsample": -0.20653825630548495, "max_depth": 3.0, "num_boost_round": 28.0}, "datetime": {"datetime": "2024-01-19 01:11:17", "elapsed": 3578.222222, "delta": 0.004357}}
{"target": -13.758503171654342, "params": {"gamma": 952.5805351486339, "log10_alpha": -0.12352900355327989, "log10_colsample_bytree": -0.9970661128355485, "log10_eta": -3.802503437528319, "log10_lambda": -1.4098099406515896, "log10_min_child_weight": 0.5216431965405149, "log10_subsample": -0.20653825630548495, "max_depth": 3.0, "num_boost_round": 29.0}, "datetime": {"datetime": "2024-01-19 01:11:17", "elapsed": 3578.226531, "delta": 0.004309}}
{"target": -13.758498955098716, "params": {"gamma": 952.5805351486339, "log10_alpha": -0.12352900355327989, "log10_colsample_bytree": -0.9970661128355485, "log10_eta": -3.802503437528319, "log10_lambda": -1.4098099406515896, "log10_min_child_weight": 0.5216431965405149, "log10_subsample": -0.20653825630548495, "max_depth": 3.0, "num_boost_round": 30.0}, "datetime": {"datetime": "2024-01-19 01:11:17", "elapsed": 3578.230836, "delta": 0.004305}}
{"target": -13.758495272667254, "params": {"gamma": 952.5805351486339, "log10_alpha": -0.12352900355327989, "log10_colsample_bytree": -0.9970661128355485, "log10_eta": -3.802503437528319, "log10_lambda": -1.4098099406515896, "log10_min_child_weight": 0.5216431965405149, "log10_subsample": -0.20653825630548495, "max_depth": 3.0, "num_boost_round": 31.0}, "datetime": {"datetime": "2024-01-19 01:11:17", "elapsed": 3578.235192, "delta": 0.004356}}
{"target": -13.758491705453872, "params": {"gamma": 952.5805351486339, "log10_alpha": -0.12352900355327989, "log10_colsample_bytree": -0.9970661128355485, "log10_eta": -3.802503437528319, "log10_lambda": -1.4098099406515896, "log10_min_child_weight": 0.5216431965405149, "log10_subsample": -0.20653825630548495, "max_depth": 3.0, "num_boost_round": 32.0}, "datetime": {"datetime": "2024-01-19 01:11:17", "elapsed": 3578.239521, "delta": 0.004329}}
{"target": -13.758491608326217, "params": {"gamma": 952.5805351486339, "log10_alpha": -0.12352900355327989, "log10_colsample_bytree": -0.9970661128355485, "log10_eta": -3.802503437528319, "log10_lambda": -1.4098099406515896, "log10_min_child_weight": 0.5216431965405149, "log10_subsample": -0.20653825630548495, "max_depth": 3.0, "num_boost_round": 33.0}, "datetime": {"datetime": "2024-01-19 01:11:17", "elapsed": 3578.243855, "delta": 0.004334}}
{"target": -13.758487331404545, "params": {"gamma": 952.5805351486339, "log10_alpha": -0.12352900355327989, "log10_colsample_bytree": -0.9970661128355485, "log10_eta": -3.802503437528319, "log10_lambda": -1.4098099406515896, "log10_min_child_weight": 0.5216431965405149, "log10_subsample": -0.20653825630548495, "max_depth": 3.0, "num_boost_round": 34.0}, "datetime": {"datetime": "2024-01-19 01:11:17", "elapsed": 3578.248225, "delta": 0.00437}}
{"target": -13.75848513831271, "params": {"gamma": 952.5805351486339, "log10_alpha": -0.12352900355327989, "log10_colsample_bytree": -0.9970661128355485, "log10_eta": -3.802503437528319, "log10_lambda": -1.4098099406515896, "log10_min_child_weight": 0.5216431965405149, "log10_subsample": -0.20653825630548495, "max_depth": 3.0, "num_boost_round": 35.0}, "datetime": {"datetime": "2024-01-19 01:11:17", "elapsed": 3578.252552, "delta": 0.004327}}
{"target": -13.75848337063717, "params": {"gamma": 952.5805351486339, "log10_alpha": -0.12352900355327989, "log10_colsample_bytree": -0.9970661128355485, "log10_eta": -3.802503437528319, "log10_lambda": -1.4098099406515896, "log10_min_child_weight": 0.5216431965405149, "log10_subsample": -0.20653825630548495, "max_depth": 3.0, "num_boost_round": 36.0}, "datetime": {"datetime": "2024-01-19 01:11:17", "elapsed": 3578.256883, "delta": 0.004331}}
{"target": -13.758480016290738, "params": {"gamma": 952.5805351486339, "log10_alpha": -0.12352900355327989, "log10_colsample_bytree": -0.9970661128355485, "log10_eta": -3.802503437528319, "log10_lambda": -1.4098099406515896, "log10_min_child_weight": 0.5216431965405149, "log10_subsample": -0.20653825630548495, "max_depth": 3.0, "num_boost_round": 37.0}, "datetime": {"datetime": "2024-01-19 01:11:17", "elapsed": 3578.261213, "delta": 0.00433}}
{"target": -13.758478951703298, "params": {"gamma": 952.5805351486339, "log10_alpha": -0.12352900355327989, "log10_colsample_bytree": -0.9970661128355485, "log10_eta": -3.802503437528319, "log10_lambda": -1.4098099406515896, "log10_min_child_weight": 0.5216431965405149, "log10_subsample": -0.20653825630548495, "max_depth": 3.0, "num_boost_round": 38.0}, "datetime": {"datetime": "2024-01-19 01:11:17", "elapsed": 3578.265549, "delta": 0.004336}}
{"target": -13.758478999469933, "params": {"gamma": 952.5805351486339, "log10_alpha": -0.12352900355327989, "log10_colsample_bytree": -0.9970661128355485, "log10_eta": -3.802503437528319, "log10_lambda": -1.4098099406515896, "log10_min_child_weight": 0.5216431965405149, "log10_subsample": -0.20653825630548495, "max_depth": 3.0, "num_boost_round": 39.0}, "datetime": {"datetime": "2024-01-19 01:11:17", "elapsed": 3578.270622, "delta": 0.005073}}
{"target": -13.758477593446255, "params": {"gamma": 952.5805351486339, "log10_alpha": -0.12352900355327989, "log10_colsample_bytree": -0.9970661128355485, "log10_eta": -3.802503437528319, "log10_lambda": -1.4098099406515896, "log10_min_child_weight": 0.5216431965405149, "log10_subsample": -0.20653825630548495, "max_depth": 3.0, "num_boost_round": 40.0}, "datetime": {"datetime": "2024-01-19 01:11:17", "elapsed": 3578.275293, "delta": 0.004671}}
{"target": -13.758476833132258, "params": {"gamma": 952.5805351486339, "log10_alpha": -0.12352900355327989, "log10_colsample_bytree": -0.9970661128355485, "log10_eta": -3.802503437528319, "log10_lambda": -1.4098099406515896, "log10_min_child_weight": 0.5216431965405149, "log10_subsample": -0.20653825630548495, "max_depth": 3.0, "num_boost_round": 41.0}, "datetime": {"datetime": "2024-01-19 01:11:17", "elapsed": 3578.279731, "delta": 0.004438}}
{"target": -13.758137565187658, "params": {"gamma": 952.7383364756221, "log10_alpha": 0.40734347975359686, "log10_colsample_bytree": -0.42180543869216525, "log10_eta": -1.1595982186918397, "log10_lambda": -4.184717435910784, "log10_min_child_weight": 3.3497807937378794, "log10_subsample": -0.919615167077305, "max_depth": 2.0, "num_boost_round": 0.0}, "datetime": {"datetime": "2024-01-19 01:12:32", "elapsed": 3653.128637, "delta": 74.848906}}
{"target": -13.758458823760048, "params": {"gamma": 952.7383364756221, "log10_alpha": 0.40734347975359686, "log10_colsample_bytree": -0.42180543869216525, "log10_eta": -1.1595982186918397, "log10_lambda": -4.184717435910784, "log10_min_child_weight": 3.3497807937378794, "log10_subsample": -0.919615167077305, "max_depth": 2.0, "num_boost_round": 1.0}, "datetime": {"datetime": "2024-01-19 01:12:32", "elapsed": 3653.133524, "delta": 0.004887}}
{"target": -13.758573696248313, "params": {"gamma": 952.7383364756221, "log10_alpha": 0.40734347975359686, "log10_colsample_bytree": -0.42180543869216525, "log10_eta": -1.1595982186918397, "log10_lambda": -4.184717435910784, "log10_min_child_weight": 3.3497807937378794, "log10_subsample": -0.919615167077305, "max_depth": 2.0, "num_boost_round": 2.0}, "datetime": {"datetime": "2024-01-19 01:12:32", "elapsed": 3653.137984, "delta": 0.00446}}
{"target": -13.758678719332067, "params": {"gamma": 952.7383364756221, "log10_alpha": 0.40734347975359686, "log10_colsample_bytree": -0.42180543869216525, "log10_eta": -1.1595982186918397, "log10_lambda": -4.184717435910784, "log10_min_child_weight": 3.3497807937378794, "log10_subsample": -0.919615167077305, "max_depth": 2.0, "num_boost_round": 3.0}, "datetime": {"datetime": "2024-01-19 01:12:32", "elapsed": 3653.142237, "delta": 0.004253}}
{"target": -13.758569431750091, "params": {"gamma": 952.7383364756221, "log10_alpha": 0.40734347975359686, "log10_colsample_bytree": -0.42180543869216525, "log10_eta": -1.1595982186918397, "log10_lambda": -4.184717435910784, "log10_min_child_weight": 3.3497807937378794, "log10_subsample": -0.919615167077305, "max_depth": 2.0, "num_boost_round": 4.0}, "datetime": {"datetime": "2024-01-19 01:12:32", "elapsed": 3653.146646, "delta": 0.004409}}
{"target": -13.758866818336575, "params": {"gamma": 952.7383364756221, "log10_alpha": 0.40734347975359686, "log10_colsample_bytree": -0.42180543869216525, "log10_eta": -1.1595982186918397, "log10_lambda": -4.184717435910784, "log10_min_child_weight": 3.3497807937378794, "log10_subsample": -0.919615167077305, "max_depth": 2.0, "num_boost_round": 5.0}, "datetime": {"datetime": "2024-01-19 01:12:32", "elapsed": 3653.151289, "delta": 0.004643}}
{"target": -13.759449564421024, "params": {"gamma": 952.7383364756221, "log10_alpha": 0.40734347975359686, "log10_colsample_bytree": -0.42180543869216525, "log10_eta": -1.1595982186918397, "log10_lambda": -4.184717435910784, "log10_min_child_weight": 3.3497807937378794, "log10_subsample": -0.919615167077305, "max_depth": 2.0, "num_boost_round": 6.0}, "datetime": {"datetime": "2024-01-19 01:12:32", "elapsed": 3653.155724, "delta": 0.004435}}
{"target": -13.759538833442974, "params": {"gamma": 952.7383364756221, "log10_alpha": 0.40734347975359686, "log10_colsample_bytree": -0.42180543869216525, "log10_eta": -1.1595982186918397, "log10_lambda": -4.184717435910784, "log10_min_child_weight": 3.3497807937378794, "log10_subsample": -0.919615167077305, "max_depth": 2.0, "num_boost_round": 7.0}, "datetime": {"datetime": "2024-01-19 01:12:32", "elapsed": 3653.160021, "delta": 0.004297}}
{"target": -13.760239751517506, "params": {"gamma": 952.7383364756221, "log10_alpha": 0.40734347975359686, "log10_colsample_bytree": -0.42180543869216525, "log10_eta": -1.1595982186918397, "log10_lambda": -4.184717435910784, "log10_min_child_weight": 3.3497807937378794, "log10_subsample": -0.919615167077305, "max_depth": 2.0, "num_boost_round": 8.0}, "datetime": {"datetime": "2024-01-19 01:12:32", "elapsed": 3653.16434, "delta": 0.004319}}
{"target": -13.75988278543316, "params": {"gamma": 952.7383364756221, "log10_alpha": 0.40734347975359686, "log10_colsample_bytree": -0.42180543869216525, "log10_eta": -1.1595982186918397, "log10_lambda": -4.184717435910784, "log10_min_child_weight": 3.3497807937378794, "log10_subsample": -0.919615167077305, "max_depth": 2.0, "num_boost_round": 9.0}, "datetime": {"datetime": "2024-01-19 01:12:32", "elapsed": 3653.168589, "delta": 0.004249}}
{"target": -13.760321288775497, "params": {"gamma": 952.7383364756221, "log10_alpha": 0.40734347975359686, "log10_colsample_bytree": -0.42180543869216525, "log10_eta": -1.1595982186918397, "log10_lambda": -4.184717435910784, "log10_min_child_weight": 3.3497807937378794, "log10_subsample": -0.919615167077305, "max_depth": 2.0, "num_boost_round": 10.0}, "datetime": {"datetime": "2024-01-19 01:12:32", "elapsed": 3653.172887, "delta": 0.004298}}
{"target": -13.760213567311341, "params": {"gamma": 952.7383364756221, "log10_alpha": 0.40734347975359686, "log10_colsample_bytree": -0.42180543869216525, "log10_eta": -1.1595982186918397, "log10_lambda": -4.184717435910784, "log10_min_child_weight": 3.3497807937378794, "log10_subsample": -0.919615167077305, "max_depth": 2.0, "num_boost_round": 11.0}, "datetime": {"datetime": "2024-01-19 01:12:32", "elapsed": 3653.177288, "delta": 0.004401}}
{"target": -13.760673671996049, "params": {"gamma": 952.7383364756221, "log10_alpha": 0.40734347975359686, "log10_colsample_bytree": -0.42180543869216525, "log10_eta": -1.1595982186918397, "log10_lambda": -4.184717435910784, "log10_min_child_weight": 3.3497807937378794, "log10_subsample": -0.919615167077305, "max_depth": 2.0, "num_boost_round": 12.0}, "datetime": {"datetime": "2024-01-19 01:12:32", "elapsed": 3653.1816, "delta": 0.004312}}
{"target": -13.760287124296516, "params": {"gamma": 952.7383364756221, "log10_alpha": 0.40734347975359686, "log10_colsample_bytree": -0.42180543869216525, "log10_eta": -1.1595982186918397, "log10_lambda": -4.184717435910784, "log10_min_child_weight": 3.3497807937378794, "log10_subsample": -0.919615167077305, "max_depth": 2.0, "num_boost_round": 13.0}, "datetime": {"datetime": "2024-01-19 01:12:32", "elapsed": 3653.185913, "delta": 0.004313}}
{"target": -13.760367761686267, "params": {"gamma": 952.7383364756221, "log10_alpha": 0.40734347975359686, "log10_colsample_bytree": -0.42180543869216525, "log10_eta": -1.1595982186918397, "log10_lambda": -4.184717435910784, "log10_min_child_weight": 3.3497807937378794, "log10_subsample": -0.919615167077305, "max_depth": 2.0, "num_boost_round": 14.0}, "datetime": {"datetime": "2024-01-19 01:12:32", "elapsed": 3653.190271, "delta": 0.004358}}
{"target": -13.760274984670787, "params": {"gamma": 952.7383364756221, "log10_alpha": 0.40734347975359686, "log10_colsample_bytree": -0.42180543869216525, "log10_eta": -1.1595982186918397, "log10_lambda": -4.184717435910784, "log10_min_child_weight": 3.3497807937378794, "log10_subsample": -0.919615167077305, "max_depth": 2.0, "num_boost_round": 15.0}, "datetime": {"datetime": "2024-01-19 01:12:32", "elapsed": 3653.194571, "delta": 0.0043}}
{"target": -13.760500155295535, "params": {"gamma": 952.7383364756221, "log10_alpha": 0.40734347975359686, "log10_colsample_bytree": -0.42180543869216525, "log10_eta": -1.1595982186918397, "log10_lambda": -4.184717435910784, "log10_min_child_weight": 3.3497807937378794, "log10_subsample": -0.919615167077305, "max_depth": 2.0, "num_boost_round": 16.0}, "datetime": {"datetime": "2024-01-19 01:12:32", "elapsed": 3653.19892, "delta": 0.004349}}
{"target": -13.760583710126001, "params": {"gamma": 952.7383364756221, "log10_alpha": 0.40734347975359686, "log10_colsample_bytree": -0.42180543869216525, "log10_eta": -1.1595982186918397, "log10_lambda": -4.184717435910784, "log10_min_child_weight": 3.3497807937378794, "log10_subsample": -0.919615167077305, "max_depth": 2.0, "num_boost_round": 17.0}, "datetime": {"datetime": "2024-01-19 01:12:32", "elapsed": 3653.203293, "delta": 0.004373}}
{"target": -13.760905022746657, "params": {"gamma": 952.7383364756221, "log10_alpha": 0.40734347975359686, "log10_colsample_bytree": -0.42180543869216525, "log10_eta": -1.1595982186918397, "log10_lambda": -4.184717435910784, "log10_min_child_weight": 3.3497807937378794, "log10_subsample": -0.919615167077305, "max_depth": 2.0, "num_boost_round": 18.0}, "datetime": {"datetime": "2024-01-19 01:12:32", "elapsed": 3653.207585, "delta": 0.004292}}
{"target": -13.760954771858287, "params": {"gamma": 952.7383364756221, "log10_alpha": 0.40734347975359686, "log10_colsample_bytree": -0.42180543869216525, "log10_eta": -1.1595982186918397, "log10_lambda": -4.184717435910784, "log10_min_child_weight": 3.3497807937378794, "log10_subsample": -0.919615167077305, "max_depth": 2.0, "num_boost_round": 19.0}, "datetime": {"datetime": "2024-01-19 01:12:32", "elapsed": 3653.211916, "delta": 0.004331}}
{"target": -13.761517337183399, "params": {"gamma": 952.7383364756221, "log10_alpha": 0.40734347975359686, "log10_colsample_bytree": -0.42180543869216525, "log10_eta": -1.1595982186918397, "log10_lambda": -4.184717435910784, "log10_min_child_weight": 3.3497807937378794, "log10_subsample": -0.919615167077305, "max_depth": 2.0, "num_boost_round": 20.0}, "datetime": {"datetime": "2024-01-19 01:12:32", "elapsed": 3653.216322, "delta": 0.004406}}
{"target": -13.761388874539193, "params": {"gamma": 952.7383364756221, "log10_alpha": 0.40734347975359686, "log10_colsample_bytree": -0.42180543869216525, "log10_eta": -1.1595982186918397, "log10_lambda": -4.184717435910784, "log10_min_child_weight": 3.3497807937378794, "log10_subsample": -0.919615167077305, "max_depth": 2.0, "num_boost_round": 21.0}, "datetime": {"datetime": "2024-01-19 01:12:32", "elapsed": 3653.220636, "delta": 0.004314}}
{"target": -13.761390034954948, "params": {"gamma": 952.7383364756221, "log10_alpha": 0.40734347975359686, "log10_colsample_bytree": -0.42180543869216525, "log10_eta": -1.1595982186918397, "log10_lambda": -4.184717435910784, "log10_min_child_weight": 3.3497807937378794, "log10_subsample": -0.919615167077305, "max_depth": 2.0, "num_boost_round": 22.0}, "datetime": {"datetime": "2024-01-19 01:12:32", "elapsed": 3653.224955, "delta": 0.004319}}
{"target": -13.761515533539992, "params": {"gamma": 952.7383364756221, "log10_alpha": 0.40734347975359686, "log10_colsample_bytree": -0.42180543869216525, "log10_eta": -1.1595982186918397, "log10_lambda": -4.184717435910784, "log10_min_child_weight": 3.3497807937378794, "log10_subsample": -0.919615167077305, "max_depth": 2.0, "num_boost_round": 23.0}, "datetime": {"datetime": "2024-01-19 01:12:32", "elapsed": 3653.229326, "delta": 0.004371}}
{"target": -13.761905789642064, "params": {"gamma": 952.7383364756221, "log10_alpha": 0.40734347975359686, "log10_colsample_bytree": -0.42180543869216525, "log10_eta": -1.1595982186918397, "log10_lambda": -4.184717435910784, "log10_min_child_weight": 3.3497807937378794, "log10_subsample": -0.919615167077305, "max_depth": 2.0, "num_boost_round": 24.0}, "datetime": {"datetime": "2024-01-19 01:12:32", "elapsed": 3653.233621, "delta": 0.004295}}
{"target": -13.761737308532698, "params": {"gamma": 952.7383364756221, "log10_alpha": 0.40734347975359686, "log10_colsample_bytree": -0.42180543869216525, "log10_eta": -1.1595982186918397, "log10_lambda": -4.184717435910784, "log10_min_child_weight": 3.3497807937378794, "log10_subsample": -0.919615167077305, "max_depth": 2.0, "num_boost_round": 25.0}, "datetime": {"datetime": "2024-01-19 01:12:32", "elapsed": 3653.237944, "delta": 0.004323}}
{"target": -13.76150600295305, "params": {"gamma": 952.7383364756221, "log10_alpha": 0.40734347975359686, "log10_colsample_bytree": -0.42180543869216525, "log10_eta": -1.1595982186918397, "log10_lambda": -4.184717435910784, "log10_min_child_weight": 3.3497807937378794, "log10_subsample": -0.919615167077305, "max_depth": 2.0, "num_boost_round": 26.0}, "datetime": {"datetime": "2024-01-19 01:12:32", "elapsed": 3653.341383, "delta": 0.103439}}
{"target": -13.761449906663278, "params": {"gamma": 952.7383364756221, "log10_alpha": 0.40734347975359686, "log10_colsample_bytree": -0.42180543869216525, "log10_eta": -1.1595982186918397, "log10_lambda": -4.184717435910784, "log10_min_child_weight": 3.3497807937378794, "log10_subsample": -0.919615167077305, "max_depth": 2.0, "num_boost_round": 27.0}, "datetime": {"datetime": "2024-01-19 01:12:32", "elapsed": 3653.346302, "delta": 0.004919}}
