{"target": -13.758532745143107, "params": {"gamma": 15.921047360335283, "log10_alpha": -4.288620717882255, "log10_colsample_bytree": -0.005737483357757256, "log10_eta": -3.3806829217051053, "log10_lambda": 0.9080981198706226, "log10_min_child_weight": 4.880527299560356, "log10_subsample": -0.939892796856114, "max_depth": 8.0, "num_boost_round": 30.0}, "datetime": {"datetime": "2024-01-19 02:40:56", "elapsed": 8965.034169, "delta": 0.006466}}
{"target": -13.758532641860539, "params": {"gamma": 15.921047360335283, "log10_alpha": -4.288620717882255, "log10_colsample_bytree": -0.005737483357757256, "log10_eta": -3.3806829217051053, "log10_lambda": 0.9080981198706226, "log10_min_child_weight": 4.880527299560356, "log10_subsample": -0.939892796856114, "max_depth": 8.0, "num_boost_round": 31.0}, "datetime": {"datetime": "2024-01-19 02:40:56", "elapsed": 8965.040592, "delta": 0.006423}}
{"target": -13.840433363234373, "params": {"gamma": 15.23740391878292, "log10_alpha": -4.78621618626763, "log10_colsample_bytree": -0.5455162401305743, "log10_eta": -0.04691211495853986, "log10_lambda": -1.666652497627509, "log10_min_child_weight": 0.9259774478861854, "log10_subsample": -0.5815124130726402, "max_depth": 5.0, "num_boost_round": 0.0}, "datetime": {"datetime": "2024-01-19 02:42:16", "elapsed": 9044.388824, "delta": 79.348232}}
{"target": -13.953744240708943, "params": {"gamma": 15.23740391878292, "log10_alpha": -4.78621618626763, "log10_colsample_bytree": -0.5455162401305743, "log10_eta": -0.04691211495853986, "log10_lambda": -1.666652497627509, "log10_min_child_weight": 0.9259774478861854, "log10_subsample": -0.5815124130726402, "max_depth": 5.0, "num_boost_round": 1.0}, "datetime": {"datetime": "2024-01-19 02:42:16", "elapsed": 9044.395702, "delta": 0.006878}}
{"target": -13.97863294889078, "params": {"gamma": 15.23740391878292, "log10_alpha": -4.78621618626763, "log10_colsample_bytree": -0.5455162401305743, "log10_eta": -0.04691211495853986, "log10_lambda": -1.666652497627509, "log10_min_child_weight": 0.9259774478861854, "log10_subsample": -0.5815124130726402, "max_depth": 5.0, "num_boost_round": 2.0}, "datetime": {"datetime": "2024-01-19 02:42:16", "elapsed": 9044.402678, "delta": 0.006976}}
{"target": -14.045344509956973, "params": {"gamma": 15.23740391878292, "log10_alpha": -4.78621618626763, "log10_colsample_bytree": -0.5455162401305743, "log10_eta": -0.04691211495853986, "log10_lambda": -1.666652497627509, "log10_min_child_weight": 0.9259774478861854, "log10_subsample": -0.5815124130726402, "max_depth": 5.0, "num_boost_round": 3.0}, "datetime": {"datetime": "2024-01-19 02:42:16", "elapsed": 9044.409125, "delta": 0.006447}}
{"target": -14.113113765272455, "params": {"gamma": 15.23740391878292, "log10_alpha": -4.78621618626763, "log10_colsample_bytree": -0.5455162401305743, "log10_eta": -0.04691211495853986, "log10_lambda": -1.666652497627509, "log10_min_child_weight": 0.9259774478861854, "log10_subsample": -0.5815124130726402, "max_depth": 5.0, "num_boost_round": 4.0}, "datetime": {"datetime": "2024-01-19 02:42:16", "elapsed": 9044.415475, "delta": 0.00635}}
{"target": -14.155244351974252, "params": {"gamma": 15.23740391878292, "log10_alpha": -4.78621618626763, "log10_colsample_bytree": -0.5455162401305743, "log10_eta": -0.04691211495853986, "log10_lambda": -1.666652497627509, "log10_min_child_weight": 0.9259774478861854, "log10_subsample": -0.5815124130726402, "max_depth": 5.0, "num_boost_round": 5.0}, "datetime": {"datetime": "2024-01-19 02:42:16", "elapsed": 9044.421814, "delta": 0.006339}}
{"target": -14.212387566350406, "params": {"gamma": 15.23740391878292, "log10_alpha": -4.78621618626763, "log10_colsample_bytree": -0.5455162401305743, "log10_eta": -0.04691211495853986, "log10_lambda": -1.666652497627509, "log10_min_child_weight": 0.9259774478861854, "log10_subsample": -0.5815124130726402, "max_depth": 5.0, "num_boost_round": 6.0}, "datetime": {"datetime": "2024-01-19 02:42:16", "elapsed": 9044.43214, "delta": 0.010326}}
{"target": -14.524102322404534, "params": {"gamma": 15.23740391878292, "log10_alpha": -4.78621618626763, "log10_colsample_bytree": -0.5455162401305743, "log10_eta": -0.04691211495853986, "log10_lambda": -1.666652497627509, "log10_min_child_weight": 0.9259774478861854, "log10_subsample": -0.5815124130726402, "max_depth": 5.0, "num_boost_round": 7.0}, "datetime": {"datetime": "2024-01-19 02:42:16", "elapsed": 9044.438522, "delta": 0.006382}}
{"target": -14.538480197064853, "params": {"gamma": 15.23740391878292, "log10_alpha": -4.78621618626763, "log10_colsample_bytree": -0.5455162401305743, "log10_eta": -0.04691211495853986, "log10_lambda": -1.666652497627509, "log10_min_child_weight": 0.9259774478861854, "log10_subsample": -0.5815124130726402, "max_depth": 5.0, "num_boost_round": 8.0}, "datetime": {"datetime": "2024-01-19 02:42:16", "elapsed": 9044.444913, "delta": 0.006391}}
{"target": -14.580227581432887, "params": {"gamma": 15.23740391878292, "log10_alpha": -4.78621618626763, "log10_colsample_bytree": -0.5455162401305743, "log10_eta": -0.04691211495853986, "log10_lambda": -1.666652497627509, "log10_min_child_weight": 0.9259774478861854, "log10_subsample": -0.5815124130726402, "max_depth": 5.0, "num_boost_round": 9.0}, "datetime": {"datetime": "2024-01-19 02:42:16", "elapsed": 9044.451359, "delta": 0.006446}}
{"target": -14.712460282917998, "params": {"gamma": 15.23740391878292, "log10_alpha": -4.78621618626763, "log10_colsample_bytree": -0.5455162401305743, "log10_eta": -0.04691211495853986, "log10_lambda": -1.666652497627509, "log10_min_child_weight": 0.9259774478861854, "log10_subsample": -0.5815124130726402, "max_depth": 5.0, "num_boost_round": 10.0}, "datetime": {"datetime": "2024-01-19 02:42:16", "elapsed": 9044.457783, "delta": 0.006424}}
{"target": -14.796733205599784, "params": {"gamma": 15.23740391878292, "log10_alpha": -4.78621618626763, "log10_colsample_bytree": -0.5455162401305743, "log10_eta": -0.04691211495853986, "log10_lambda": -1.666652497627509, "log10_min_child_weight": 0.9259774478861854, "log10_subsample": -0.5815124130726402, "max_depth": 5.0, "num_boost_round": 11.0}, "datetime": {"datetime": "2024-01-19 02:42:16", "elapsed": 9044.464175, "delta": 0.006392}}
{"target": -14.842721082888874, "params": {"gamma": 15.23740391878292, "log10_alpha": -4.78621618626763, "log10_colsample_bytree": -0.5455162401305743, "log10_eta": -0.04691211495853986, "log10_lambda": -1.666652497627509, "log10_min_child_weight": 0.9259774478861854, "log10_subsample": -0.5815124130726402, "max_depth": 5.0, "num_boost_round": 12.0}, "datetime": {"datetime": "2024-01-19 02:42:16", "elapsed": 9044.470643, "delta": 0.006468}}
{"target": -14.908631033011012, "params": {"gamma": 15.23740391878292, "log10_alpha": -4.78621618626763, "log10_colsample_bytree": -0.5455162401305743, "log10_eta": -0.04691211495853986, "log10_lambda": -1.666652497627509, "log10_min_child_weight": 0.9259774478861854, "log10_subsample": -0.5815124130726402, "max_depth": 5.0, "num_boost_round": 13.0}, "datetime": {"datetime": "2024-01-19 02:42:16", "elapsed": 9044.477089, "delta": 0.006446}}
{"target": -14.940689858118413, "params": {"gamma": 15.23740391878292, "log10_alpha": -4.78621618626763, "log10_colsample_bytree": -0.5455162401305743, "log10_eta": -0.04691211495853986, "log10_lambda": -1.666652497627509, "log10_min_child_weight": 0.9259774478861854, "log10_subsample": -0.5815124130726402, "max_depth": 5.0, "num_boost_round": 14.0}, "datetime": {"datetime": "2024-01-19 02:42:16", "elapsed": 9044.483459, "delta": 0.00637}}
{"target": -14.974144517878784, "params": {"gamma": 15.23740391878292, "log10_alpha": -4.78621618626763, "log10_colsample_bytree": -0.5455162401305743, "log10_eta": -0.04691211495853986, "log10_lambda": -1.666652497627509, "log10_min_child_weight": 0.9259774478861854, "log10_subsample": -0.5815124130726402, "max_depth": 5.0, "num_boost_round": 15.0}, "datetime": {"datetime": "2024-01-19 02:42:16", "elapsed": 9044.603271, "delta": 0.119812}}
{"target": -15.009386689143295, "params": {"gamma": 15.23740391878292, "log10_alpha": -4.78621618626763, "log10_colsample_bytree": -0.5455162401305743, "log10_eta": -0.04691211495853986, "log10_lambda": -1.666652497627509, "log10_min_child_weight": 0.9259774478861854, "log10_subsample": -0.5815124130726402, "max_depth": 5.0, "num_boost_round": 16.0}, "datetime": {"datetime": "2024-01-19 02:42:16", "elapsed": 9044.611216, "delta": 0.007945}}
{"target": -15.011368127695997, "params": {"gamma": 15.23740391878292, "log10_alpha": -4.78621618626763, "log10_colsample_bytree": -0.5455162401305743, "log10_eta": -0.04691211495853986, "log10_lambda": -1.666652497627509, "log10_min_child_weight": 0.9259774478861854, "log10_subsample": -0.5815124130726402, "max_depth": 5.0, "num_boost_round": 17.0}, "datetime": {"datetime": "2024-01-19 02:42:16", "elapsed": 9044.617895, "delta": 0.006679}}
{"target": -15.042173069238556, "params": {"gamma": 15.23740391878292, "log10_alpha": -4.78621618626763, "log10_colsample_bytree": -0.5455162401305743, "log10_eta": -0.04691211495853986, "log10_lambda": -1.666652497627509, "log10_min_child_weight": 0.9259774478861854, "log10_subsample": -0.5815124130726402, "max_depth": 5.0, "num_boost_round": 18.0}, "datetime": {"datetime": "2024-01-19 02:42:16", "elapsed": 9044.624541, "delta": 0.006646}}
{"target": -15.048831829430533, "params": {"gamma": 15.23740391878292, "log10_alpha": -4.78621618626763, "log10_colsample_bytree": -0.5455162401305743, "log10_eta": -0.04691211495853986, "log10_lambda": -1.666652497627509, "log10_min_child_weight": 0.9259774478861854, "log10_subsample": -0.5815124130726402, "max_depth": 5.0, "num_boost_round": 19.0}, "datetime": {"datetime": "2024-01-19 02:42:16", "elapsed": 9044.631067, "delta": 0.006526}}
{"target": -15.074679571409154, "params": {"gamma": 15.23740391878292, "log10_alpha": -4.78621618626763, "log10_colsample_bytree": -0.5455162401305743, "log10_eta": -0.04691211495853986, "log10_lambda": -1.666652497627509, "log10_min_child_weight": 0.9259774478861854, "log10_subsample": -0.5815124130726402, "max_depth": 5.0, "num_boost_round": 20.0}, "datetime": {"datetime": "2024-01-19 02:42:16", "elapsed": 9044.637703, "delta": 0.006636}}
{"target": -15.116113095525725, "params": {"gamma": 15.23740391878292, "log10_alpha": -4.78621618626763, "log10_colsample_bytree": -0.5455162401305743, "log10_eta": -0.04691211495853986, "log10_lambda": -1.666652497627509, "log10_min_child_weight": 0.9259774478861854, "log10_subsample": -0.5815124130726402, "max_depth": 5.0, "num_boost_round": 21.0}, "datetime": {"datetime": "2024-01-19 02:42:16", "elapsed": 9044.644234, "delta": 0.006531}}
{"target": -15.162801764895645, "params": {"gamma": 15.23740391878292, "log10_alpha": -4.78621618626763, "log10_colsample_bytree": -0.5455162401305743, "log10_eta": -0.04691211495853986, "log10_lambda": -1.666652497627509, "log10_min_child_weight": 0.9259774478861854, "log10_subsample": -0.5815124130726402, "max_depth": 5.0, "num_boost_round": 22.0}, "datetime": {"datetime": "2024-01-19 02:42:16", "elapsed": 9044.65081, "delta": 0.006576}}
{"target": -15.178206316980969, "params": {"gamma": 15.23740391878292, "log10_alpha": -4.78621618626763, "log10_colsample_bytree": -0.5455162401305743, "log10_eta": -0.04691211495853986, "log10_lambda": -1.666652497627509, "log10_min_child_weight": 0.9259774478861854, "log10_subsample": -0.5815124130726402, "max_depth": 5.0, "num_boost_round": 23.0}, "datetime": {"datetime": "2024-01-19 02:42:16", "elapsed": 9044.657313, "delta": 0.006503}}
{"target": -15.206216127563534, "params": {"gamma": 15.23740391878292, "log10_alpha": -4.78621618626763, "log10_colsample_bytree": -0.5455162401305743, "log10_eta": -0.04691211495853986, "log10_lambda": -1.666652497627509, "log10_min_child_weight": 0.9259774478861854, "log10_subsample": -0.5815124130726402, "max_depth": 5.0, "num_boost_round": 24.0}, "datetime": {"datetime": "2024-01-19 02:42:16", "elapsed": 9044.663906, "delta": 0.006593}}
{"target": -15.228721657851677, "params": {"gamma": 15.23740391878292, "log10_alpha": -4.78621618626763, "log10_colsample_bytree": -0.5455162401305743, "log10_eta": -0.04691211495853986, "log10_lambda": -1.666652497627509, "log10_min_child_weight": 0.9259774478861854, "log10_subsample": -0.5815124130726402, "max_depth": 5.0, "num_boost_round": 25.0}, "datetime": {"datetime": "2024-01-19 02:42:16", "elapsed": 9044.670431, "delta": 0.006525}}
{"target": -15.301617529294985, "params": {"gamma": 15.23740391878292, "log10_alpha": -4.78621618626763, "log10_colsample_bytree": -0.5455162401305743, "log10_eta": -0.04691211495853986, "log10_lambda": -1.666652497627509, "log10_min_child_weight": 0.9259774478861854, "log10_subsample": -0.5815124130726402, "max_depth": 5.0, "num_boost_round": 26.0}, "datetime": {"datetime": "2024-01-19 02:42:16", "elapsed": 9044.676952, "delta": 0.006521}}
{"target": -15.372377891775626, "params": {"gamma": 15.23740391878292, "log10_alpha": -4.78621618626763, "log10_colsample_bytree": -0.5455162401305743, "log10_eta": -0.04691211495853986, "log10_lambda": -1.666652497627509, "log10_min_child_weight": 0.9259774478861854, "log10_subsample": -0.5815124130726402, "max_depth": 5.0, "num_boost_round": 27.0}, "datetime": {"datetime": "2024-01-19 02:42:16", "elapsed": 9044.683469, "delta": 0.006517}}
{"target": -15.38580145346837, "params": {"gamma": 15.23740391878292, "log10_alpha": -4.78621618626763, "log10_colsample_bytree": -0.5455162401305743, "log10_eta": -0.04691211495853986, "log10_lambda": -1.666652497627509, "log10_min_child_weight": 0.9259774478861854, "log10_subsample": -0.5815124130726402, "max_depth": 5.0, "num_boost_round": 28.0}, "datetime": {"datetime": "2024-01-19 02:42:16", "elapsed": 9044.690117, "delta": 0.006648}}
{"target": -15.399113893229574, "params": {"gamma": 15.23740391878292, "log10_alpha": -4.78621618626763, "log10_colsample_bytree": -0.5455162401305743, "log10_eta": -0.04691211495853986, "log10_lambda": -1.666652497627509, "log10_min_child_weight": 0.9259774478861854, "log10_subsample": -0.5815124130726402, "max_depth": 5.0, "num_boost_round": 29.0}, "datetime": {"datetime": "2024-01-19 02:42:16", "elapsed": 9044.69661, "delta": 0.006493}}
{"target": -15.42284178639421, "params": {"gamma": 15.23740391878292, "log10_alpha": -4.78621618626763, "log10_colsample_bytree": -0.5455162401305743, "log10_eta": -0.04691211495853986, "log10_lambda": -1.666652497627509, "log10_min_child_weight": 0.9259774478861854, "log10_subsample": -0.5815124130726402, "max_depth": 5.0, "num_boost_round": 30.0}, "datetime": {"datetime": "2024-01-19 02:42:16", "elapsed": 9044.70312, "delta": 0.00651}}
{"target": -15.434233798354137, "params": {"gamma": 15.23740391878292, "log10_alpha": -4.78621618626763, "log10_colsample_bytree": -0.5455162401305743, "log10_eta": -0.04691211495853986, "log10_lambda": -1.666652497627509, "log10_min_child_weight": 0.9259774478861854, "log10_subsample": -0.5815124130726402, "max_depth": 5.0, "num_boost_round": 31.0}, "datetime": {"datetime": "2024-01-19 02:42:16", "elapsed": 9044.709746, "delta": 0.006626}}
{"target": -15.438755990477336, "params": {"gamma": 15.23740391878292, "log10_alpha": -4.78621618626763, "log10_colsample_bytree": -0.5455162401305743, "log10_eta": -0.04691211495853986, "log10_lambda": -1.666652497627509, "log10_min_child_weight": 0.9259774478861854, "log10_subsample": -0.5815124130726402, "max_depth": 5.0, "num_boost_round": 32.0}, "datetime": {"datetime": "2024-01-19 02:42:16", "elapsed": 9044.716334, "delta": 0.006588}}
{"target": -15.460569910434698, "params": {"gamma": 15.23740391878292, "log10_alpha": -4.78621618626763, "log10_colsample_bytree": -0.5455162401305743, "log10_eta": -0.04691211495853986, "log10_lambda": -1.666652497627509, "log10_min_child_weight": 0.9259774478861854, "log10_subsample": -0.5815124130726402, "max_depth": 5.0, "num_boost_round": 33.0}, "datetime": {"datetime": "2024-01-19 02:42:16", "elapsed": 9044.722847, "delta": 0.006513}}
{"target": -15.492014346604064, "params": {"gamma": 15.23740391878292, "log10_alpha": -4.78621618626763, "log10_colsample_bytree": -0.5455162401305743, "log10_eta": -0.04691211495853986, "log10_lambda": -1.666652497627509, "log10_min_child_weight": 0.9259774478861854, "log10_subsample": -0.5815124130726402, "max_depth": 5.0, "num_boost_round": 34.0}, "datetime": {"datetime": "2024-01-19 02:42:16", "elapsed": 9044.729337, "delta": 0.00649}}
{"target": -15.52261711776554, "params": {"gamma": 15.23740391878292, "log10_alpha": -4.78621618626763, "log10_colsample_bytree": -0.5455162401305743, "log10_eta": -0.04691211495853986, "log10_lambda": -1.666652497627509, "log10_min_child_weight": 0.9259774478861854, "log10_subsample": -0.5815124130726402, "max_depth": 5.0, "num_boost_round": 35.0}, "datetime": {"datetime": "2024-01-19 02:42:16", "elapsed": 9044.735881, "delta": 0.006544}}
{"target": -15.562465959370865, "params": {"gamma": 15.23740391878292, "log10_alpha": -4.78621618626763, "log10_colsample_bytree": -0.5455162401305743, "log10_eta": -0.04691211495853986, "log10_lambda": -1.666652497627509, "log10_min_child_weight": 0.9259774478861854, "log10_subsample": -0.5815124130726402, "max_depth": 5.0, "num_boost_round": 36.0}, "datetime": {"datetime": "2024-01-19 02:42:16", "elapsed": 9044.742449, "delta": 0.006568}}
{"target": -15.564068010873616, "params": {"gamma": 15.23740391878292, "log10_alpha": -4.78621618626763, "log10_colsample_bytree": -0.5455162401305743, "log10_eta": -0.04691211495853986, "log10_lambda": -1.666652497627509, "log10_min_child_weight": 0.9259774478861854, "log10_subsample": -0.5815124130726402, "max_depth": 5.0, "num_boost_round": 37.0}, "datetime": {"datetime": "2024-01-19 02:42:16", "elapsed": 9044.749638, "delta": 0.007189}}
{"target": -15.564322803083797, "params": {"gamma": 15.23740391878292, "log10_alpha": -4.78621618626763, "log10_colsample_bytree": -0.5455162401305743, "log10_eta": -0.04691211495853986, "log10_lambda": -1.666652497627509, "log10_min_child_weight": 0.9259774478861854, "log10_subsample": -0.5815124130726402, "max_depth": 5.0, "num_boost_round": 38.0}, "datetime": {"datetime": "2024-01-19 02:42:16", "elapsed": 9044.756292, "delta": 0.006654}}
{"target": -13.758507391505226, "params": {"gamma": 20.17816755929591, "log10_alpha": -3.088913596040947, "log10_colsample_bytree": -0.9896294124607877, "log10_eta": -3.198763297400932, "log10_lambda": -4.367437116636333, "log10_min_child_weight": 0.26850000853746225, "log10_subsample": -0.44894747972082283, "max_depth": 6.0, "num_boost_round": 0.0}, "datetime": {"datetime": "2024-01-19 02:43:27", "elapsed": 9116.01759, "delta": 71.261298}}
{"target": -13.758487128592511, "params": {"gamma": 20.17816755929591, "log10_alpha": -3.088913596040947, "log10_colsample_bytree": -0.9896294124607877, "log10_eta": -3.198763297400932, "log10_lambda": -4.367437116636333, "log10_min_child_weight": 0.26850000853746225, "log10_subsample": -0.44894747972082283, "max_depth": 6.0, "num_boost_round": 1.0}, "datetime": {"datetime": "2024-01-19 02:43:27", "elapsed": 9116.025374, "delta": 0.007784}}
{"target": -13.758483582764846, "params": {"gamma": 20.17816755929591, "log10_alpha": -3.088913596040947, "log10_colsample_bytree": -0.9896294124607877, "log10_eta": -3.198763297400932, "log10_lambda": -4.367437116636333, "log10_min_child_weight": 0.26850000853746225, "log10_subsample": -0.44894747972082283, "max_depth": 6.0, "num_boost_round": 2.0}, "datetime": {"datetime": "2024-01-19 02:43:27", "elapsed": 9116.032007, "delta": 0.006633}}
{"target": -13.758475722169704, "params": {"gamma": 20.17816755929591, "log10_alpha": -3.088913596040947, "log10_colsample_bytree": -0.9896294124607877, "log10_eta": -3.198763297400932, "log10_lambda": -4.367437116636333, "log10_min_child_weight": 0.26850000853746225, "log10_subsample": -0.44894747972082283, "max_depth": 6.0, "num_boost_round": 3.0}, "datetime": {"datetime": "2024-01-19 02:43:27", "elapsed": 9116.038667, "delta": 0.00666}}
{"target": -13.758461774781283, "params": {"gamma": 20.17816755929591, "log10_alpha": -3.088913596040947, "log10_colsample_bytree": -0.9896294124607877, "log10_eta": -3.198763297400932, "log10_lambda": -4.367437116636333, "log10_min_child_weight": 0.26850000853746225, "log10_subsample": -0.44894747972082283, "max_depth": 6.0, "num_boost_round": 4.0}, "datetime": {"datetime": "2024-01-19 02:43:27", "elapsed": 9116.045205, "delta": 0.006538}}
{"target": -13.758466973770664, "params": {"gamma": 20.17816755929591, "log10_alpha": -3.088913596040947, "log10_colsample_bytree": -0.9896294124607877, "log10_eta": -3.198763297400932, "log10_lambda": -4.367437116636333, "log10_min_child_weight": 0.26850000853746225, "log10_subsample": -0.44894747972082283, "max_depth": 6.0, "num_boost_round": 5.0}, "datetime": {"datetime": "2024-01-19 02:43:27", "elapsed": 9116.051779, "delta": 0.006574}}
{"target": -13.758465719146205, "params": {"gamma": 20.17816755929591, "log10_alpha": -3.088913596040947, "log10_colsample_bytree": -0.9896294124607877, "log10_eta": -3.198763297400932, "log10_lambda": -4.367437116636333, "log10_min_child_weight": 0.26850000853746225, "log10_subsample": -0.44894747972082283, "max_depth": 6.0, "num_boost_round": 6.0}, "datetime": {"datetime": "2024-01-19 02:43:27", "elapsed": 9116.058296, "delta": 0.006517}}
{"target": -13.758459844373053, "params": {"gamma": 20.17816755929591, "log10_alpha": -3.088913596040947, "log10_colsample_bytree": -0.9896294124607877, "log10_eta": -3.198763297400932, "log10_lambda": -4.367437116636333, "log10_min_child_weight": 0.26850000853746225, "log10_subsample": -0.44894747972082283, "max_depth": 6.0, "num_boost_round": 7.0}, "datetime": {"datetime": "2024-01-19 02:43:27", "elapsed": 9116.064882, "delta": 0.006586}}
