{"target": -17.675478289169344, "params": {"gamma": 149.90521702476755, "log10_alpha": -4.052806220924031, "log10_colsample_bytree": -0.5975443305810706, "log10_eta": -1.402117948896349, "log10_lambda": -3.5729620766562915, "log10_min_child_weight": 1.4875186421474595, "log10_subsample": -0.9487646559598042, "max_depth": 8.0, "num_boost_round": 1.0}, "datetime": {"datetime": "2024-01-19 00:33:05", "elapsed": 1270.448383, "delta": 0.002487}}
{"target": -17.67100639220185, "params": {"gamma": 149.90521702476755, "log10_alpha": -4.052806220924031, "log10_colsample_bytree": -0.5975443305810706, "log10_eta": -1.402117948896349, "log10_lambda": -3.5729620766562915, "log10_min_child_weight": 1.4875186421474595, "log10_subsample": -0.9487646559598042, "max_depth": 8.0, "num_boost_round": 2.0}, "datetime": {"datetime": "2024-01-19 00:33:05", "elapsed": 1270.450453, "delta": 0.00207}}
{"target": -17.6685693444985, "params": {"gamma": 149.90521702476755, "log10_alpha": -4.052806220924031, "log10_colsample_bytree": -0.5975443305810706, "log10_eta": -1.402117948896349, "log10_lambda": -3.5729620766562915, "log10_min_child_weight": 1.4875186421474595, "log10_subsample": -0.9487646559598042, "max_depth": 8.0, "num_boost_round": 3.0}, "datetime": {"datetime": "2024-01-19 00:33:05", "elapsed": 1270.452385, "delta": 0.001932}}
{"target": -17.667476624159143, "params": {"gamma": 149.90521702476755, "log10_alpha": -4.052806220924031, "log10_colsample_bytree": -0.5975443305810706, "log10_eta": -1.402117948896349, "log10_lambda": -3.5729620766562915, "log10_min_child_weight": 1.4875186421474595, "log10_subsample": -0.9487646559598042, "max_depth": 8.0, "num_boost_round": 4.0}, "datetime": {"datetime": "2024-01-19 00:33:05", "elapsed": 1270.454274, "delta": 0.001889}}
{"target": -17.66790644704607, "params": {"gamma": 149.90521702476755, "log10_alpha": -4.052806220924031, "log10_colsample_bytree": -0.5975443305810706, "log10_eta": -1.402117948896349, "log10_lambda": -3.5729620766562915, "log10_min_child_weight": 1.4875186421474595, "log10_subsample": -0.9487646559598042, "max_depth": 8.0, "num_boost_round": 5.0}, "datetime": {"datetime": "2024-01-19 00:33:05", "elapsed": 1270.456184, "delta": 0.00191}}
{"target": -17.669279653717233, "params": {"gamma": 149.90521702476755, "log10_alpha": -4.052806220924031, "log10_colsample_bytree": -0.5975443305810706, "log10_eta": -1.402117948896349, "log10_lambda": -3.5729620766562915, "log10_min_child_weight": 1.4875186421474595, "log10_subsample": -0.9487646559598042, "max_depth": 8.0, "num_boost_round": 6.0}, "datetime": {"datetime": "2024-01-19 00:33:05", "elapsed": 1270.458049, "delta": 0.001865}}
{"target": -17.67008117002915, "params": {"gamma": 149.90521702476755, "log10_alpha": -4.052806220924031, "log10_colsample_bytree": -0.5975443305810706, "log10_eta": -1.402117948896349, "log10_lambda": -3.5729620766562915, "log10_min_child_weight": 1.4875186421474595, "log10_subsample": -0.9487646559598042, "max_depth": 8.0, "num_boost_round": 7.0}, "datetime": {"datetime": "2024-01-19 00:33:05", "elapsed": 1270.459999, "delta": 0.00195}}
{"target": -17.670482491642968, "params": {"gamma": 149.90521702476755, "log10_alpha": -4.052806220924031, "log10_colsample_bytree": -0.5975443305810706, "log10_eta": -1.402117948896349, "log10_lambda": -3.5729620766562915, "log10_min_child_weight": 1.4875186421474595, "log10_subsample": -0.9487646559598042, "max_depth": 8.0, "num_boost_round": 8.0}, "datetime": {"datetime": "2024-01-19 00:33:05", "elapsed": 1270.461889, "delta": 0.00189}}
{"target": -17.67024848257784, "params": {"gamma": 149.90521702476755, "log10_alpha": -4.052806220924031, "log10_colsample_bytree": -0.5975443305810706, "log10_eta": -1.402117948896349, "log10_lambda": -3.5729620766562915, "log10_min_child_weight": 1.4875186421474595, "log10_subsample": -0.9487646559598042, "max_depth": 8.0, "num_boost_round": 9.0}, "datetime": {"datetime": "2024-01-19 00:33:05", "elapsed": 1270.463743, "delta": 0.001854}}
{"target": -17.668663511638638, "params": {"gamma": 149.90521702476755, "log10_alpha": -4.052806220924031, "log10_colsample_bytree": -0.5975443305810706, "log10_eta": -1.402117948896349, "log10_lambda": -3.5729620766562915, "log10_min_child_weight": 1.4875186421474595, "log10_subsample": -0.9487646559598042, "max_depth": 8.0, "num_boost_round": 10.0}, "datetime": {"datetime": "2024-01-19 00:33:05", "elapsed": 1270.465603, "delta": 0.00186}}
{"target": -17.67097040598883, "params": {"gamma": 149.90521702476755, "log10_alpha": -4.052806220924031, "log10_colsample_bytree": -0.5975443305810706, "log10_eta": -1.402117948896349, "log10_lambda": -3.5729620766562915, "log10_min_child_weight": 1.4875186421474595, "log10_subsample": -0.9487646559598042, "max_depth": 8.0, "num_boost_round": 11.0}, "datetime": {"datetime": "2024-01-19 00:33:05", "elapsed": 1270.467557, "delta": 0.001954}}
{"target": -17.67025201641133, "params": {"gamma": 149.90521702476755, "log10_alpha": -4.052806220924031, "log10_colsample_bytree": -0.5975443305810706, "log10_eta": -1.402117948896349, "log10_lambda": -3.5729620766562915, "log10_min_child_weight": 1.4875186421474595, "log10_subsample": -0.9487646559598042, "max_depth": 8.0, "num_boost_round": 12.0}, "datetime": {"datetime": "2024-01-19 00:33:05", "elapsed": 1270.469468, "delta": 0.001911}}
{"target": -17.670457702312028, "params": {"gamma": 149.90521702476755, "log10_alpha": -4.052806220924031, "log10_colsample_bytree": -0.5975443305810706, "log10_eta": -1.402117948896349, "log10_lambda": -3.5729620766562915, "log10_min_child_weight": 1.4875186421474595, "log10_subsample": -0.9487646559598042, "max_depth": 8.0, "num_boost_round": 13.0}, "datetime": {"datetime": "2024-01-19 00:33:05", "elapsed": 1270.471347, "delta": 0.001879}}
{"target": -17.672942402355428, "params": {"gamma": 149.90521702476755, "log10_alpha": -4.052806220924031, "log10_colsample_bytree": -0.5975443305810706, "log10_eta": -1.402117948896349, "log10_lambda": -3.5729620766562915, "log10_min_child_weight": 1.4875186421474595, "log10_subsample": -0.9487646559598042, "max_depth": 8.0, "num_boost_round": 14.0}, "datetime": {"datetime": "2024-01-19 00:33:05", "elapsed": 1270.47321, "delta": 0.001863}}
{"target": -17.677483303727612, "params": {"gamma": 149.90521702476755, "log10_alpha": -4.052806220924031, "log10_colsample_bytree": -0.5975443305810706, "log10_eta": -1.402117948896349, "log10_lambda": -3.5729620766562915, "log10_min_child_weight": 1.4875186421474595, "log10_subsample": -0.9487646559598042, "max_depth": 8.0, "num_boost_round": 15.0}, "datetime": {"datetime": "2024-01-19 00:33:05", "elapsed": 1270.475109, "delta": 0.001899}}
{"target": -17.679019693610684, "params": {"gamma": 149.90521702476755, "log10_alpha": -4.052806220924031, "log10_colsample_bytree": -0.5975443305810706, "log10_eta": -1.402117948896349, "log10_lambda": -3.5729620766562915, "log10_min_child_weight": 1.4875186421474595, "log10_subsample": -0.9487646559598042, "max_depth": 8.0, "num_boost_round": 16.0}, "datetime": {"datetime": "2024-01-19 00:33:05", "elapsed": 1270.477012, "delta": 0.001903}}
{"target": -17.682107283068213, "params": {"gamma": 149.90521702476755, "log10_alpha": -4.052806220924031, "log10_colsample_bytree": -0.5975443305810706, "log10_eta": -1.402117948896349, "log10_lambda": -3.5729620766562915, "log10_min_child_weight": 1.4875186421474595, "log10_subsample": -0.9487646559598042, "max_depth": 8.0, "num_boost_round": 17.0}, "datetime": {"datetime": "2024-01-19 00:33:05", "elapsed": 1270.478969, "delta": 0.001957}}
{"target": -17.68404892206832, "params": {"gamma": 149.90521702476755, "log10_alpha": -4.052806220924031, "log10_colsample_bytree": -0.5975443305810706, "log10_eta": -1.402117948896349, "log10_lambda": -3.5729620766562915, "log10_min_child_weight": 1.4875186421474595, "log10_subsample": -0.9487646559598042, "max_depth": 8.0, "num_boost_round": 18.0}, "datetime": {"datetime": "2024-01-19 00:33:05", "elapsed": 1270.480846, "delta": 0.001877}}
{"target": -17.683853794067776, "params": {"gamma": 149.90521702476755, "log10_alpha": -4.052806220924031, "log10_colsample_bytree": -0.5975443305810706, "log10_eta": -1.402117948896349, "log10_lambda": -3.5729620766562915, "log10_min_child_weight": 1.4875186421474595, "log10_subsample": -0.9487646559598042, "max_depth": 8.0, "num_boost_round": 19.0}, "datetime": {"datetime": "2024-01-19 00:33:05", "elapsed": 1270.482712, "delta": 0.001866}}
{"target": -17.68480260102272, "params": {"gamma": 149.90521702476755, "log10_alpha": -4.052806220924031, "log10_colsample_bytree": -0.5975443305810706, "log10_eta": -1.402117948896349, "log10_lambda": -3.5729620766562915, "log10_min_child_weight": 1.4875186421474595, "log10_subsample": -0.9487646559598042, "max_depth": 8.0, "num_boost_round": 20.0}, "datetime": {"datetime": "2024-01-19 00:33:05", "elapsed": 1270.484591, "delta": 0.001879}}
{"target": -17.68609031222771, "params": {"gamma": 149.90521702476755, "log10_alpha": -4.052806220924031, "log10_colsample_bytree": -0.5975443305810706, "log10_eta": -1.402117948896349, "log10_lambda": -3.5729620766562915, "log10_min_child_weight": 1.4875186421474595, "log10_subsample": -0.9487646559598042, "max_depth": 8.0, "num_boost_round": 21.0}, "datetime": {"datetime": "2024-01-19 00:33:05", "elapsed": 1270.486453, "delta": 0.001862}}
{"target": -17.685576124433826, "params": {"gamma": 149.90521702476755, "log10_alpha": -4.052806220924031, "log10_colsample_bytree": -0.5975443305810706, "log10_eta": -1.402117948896349, "log10_lambda": -3.5729620766562915, "log10_min_child_weight": 1.4875186421474595, "log10_subsample": -0.9487646559598042, "max_depth": 8.0, "num_boost_round": 22.0}, "datetime": {"datetime": "2024-01-19 00:33:05", "elapsed": 1270.488521, "delta": 0.002068}}
{"target": -17.689530755750138, "params": {"gamma": 149.90521702476755, "log10_alpha": -4.052806220924031, "log10_colsample_bytree": -0.5975443305810706, "log10_eta": -1.402117948896349, "log10_lambda": -3.5729620766562915, "log10_min_child_weight": 1.4875186421474595, "log10_subsample": -0.9487646559598042, "max_depth": 8.0, "num_boost_round": 23.0}, "datetime": {"datetime": "2024-01-19 00:33:05", "elapsed": 1270.490574, "delta": 0.002053}}
{"target": -17.6910863054813, "params": {"gamma": 149.90521702476755, "log10_alpha": -4.052806220924031, "log10_colsample_bytree": -0.5975443305810706, "log10_eta": -1.402117948896349, "log10_lambda": -3.5729620766562915, "log10_min_child_weight": 1.4875186421474595, "log10_subsample": -0.9487646559598042, "max_depth": 8.0, "num_boost_round": 24.0}, "datetime": {"datetime": "2024-01-19 00:33:05", "elapsed": 1270.492571, "delta": 0.001997}}
{"target": -17.69478555926197, "params": {"gamma": 149.90521702476755, "log10_alpha": -4.052806220924031, "log10_colsample_bytree": -0.5975443305810706, "log10_eta": -1.402117948896349, "log10_lambda": -3.5729620766562915, "log10_min_child_weight": 1.4875186421474595, "log10_subsample": -0.9487646559598042, "max_depth": 8.0, "num_boost_round": 25.0}, "datetime": {"datetime": "2024-01-19 00:33:05", "elapsed": 1270.494564, "delta": 0.001993}}
{"target": -17.69945010730184, "params": {"gamma": 149.90521702476755, "log10_alpha": -4.052806220924031, "log10_colsample_bytree": -0.5975443305810706, "log10_eta": -1.402117948896349, "log10_lambda": -3.5729620766562915, "log10_min_child_weight": 1.4875186421474595, "log10_subsample": -0.9487646559598042, "max_depth": 8.0, "num_boost_round": 26.0}, "datetime": {"datetime": "2024-01-19 00:33:05", "elapsed": 1270.49646, "delta": 0.001896}}
{"target": -17.699520622610404, "params": {"gamma": 149.90521702476755, "log10_alpha": -4.052806220924031, "log10_colsample_bytree": -0.5975443305810706, "log10_eta": -1.402117948896349, "log10_lambda": -3.5729620766562915, "log10_min_child_weight": 1.4875186421474595, "log10_subsample": -0.9487646559598042, "max_depth": 8.0, "num_boost_round": 27.0}, "datetime": {"datetime": "2024-01-19 00:33:05", "elapsed": 1270.498342, "delta": 0.001882}}
{"target": -17.700478694268266, "params": {"gamma": 149.90521702476755, "log10_alpha": -4.052806220924031, "log10_colsample_bytree": -0.5975443305810706, "log10_eta": -1.402117948896349, "log10_lambda": -3.5729620766562915, "log10_min_child_weight": 1.4875186421474595, "log10_subsample": -0.9487646559598042, "max_depth": 8.0, "num_boost_round": 28.0}, "datetime": {"datetime": "2024-01-19 00:33:05", "elapsed": 1270.50036, "delta": 0.002018}}
{"target": -17.70213878394746, "params": {"gamma": 149.90521702476755, "log10_alpha": -4.052806220924031, "log10_colsample_bytree": -0.5975443305810706, "log10_eta": -1.402117948896349, "log10_lambda": -3.5729620766562915, "log10_min_child_weight": 1.4875186421474595, "log10_subsample": -0.9487646559598042, "max_depth": 8.0, "num_boost_round": 29.0}, "datetime": {"datetime": "2024-01-19 00:33:05", "elapsed": 1270.502221, "delta": 0.001861}}
{"target": -17.704418177527096, "params": {"gamma": 149.90521702476755, "log10_alpha": -4.052806220924031, "log10_colsample_bytree": -0.5975443305810706, "log10_eta": -1.402117948896349, "log10_lambda": -3.5729620766562915, "log10_min_child_weight": 1.4875186421474595, "log10_subsample": -0.9487646559598042, "max_depth": 8.0, "num_boost_round": 30.0}, "datetime": {"datetime": "2024-01-19 00:33:05", "elapsed": 1270.504115, "delta": 0.001894}}
{"target": -17.70608675716242, "params": {"gamma": 149.90521702476755, "log10_alpha": -4.052806220924031, "log10_colsample_bytree": -0.5975443305810706, "log10_eta": -1.402117948896349, "log10_lambda": -3.5729620766562915, "log10_min_child_weight": 1.4875186421474595, "log10_subsample": -0.9487646559598042, "max_depth": 8.0, "num_boost_round": 31.0}, "datetime": {"datetime": "2024-01-19 00:33:05", "elapsed": 1270.506, "delta": 0.001885}}
{"target": -17.70990666356362, "params": {"gamma": 149.90521702476755, "log10_alpha": -4.052806220924031, "log10_colsample_bytree": -0.5975443305810706, "log10_eta": -1.402117948896349, "log10_lambda": -3.5729620766562915, "log10_min_child_weight": 1.4875186421474595, "log10_subsample": -0.9487646559598042, "max_depth": 8.0, "num_boost_round": 32.0}, "datetime": {"datetime": "2024-01-19 00:33:05", "elapsed": 1270.508035, "delta": 0.002035}}
{"target": -17.712363882141634, "params": {"gamma": 149.90521702476755, "log10_alpha": -4.052806220924031, "log10_colsample_bytree": -0.5975443305810706, "log10_eta": -1.402117948896349, "log10_lambda": -3.5729620766562915, "log10_min_child_weight": 1.4875186421474595, "log10_subsample": -0.9487646559598042, "max_depth": 8.0, "num_boost_round": 33.0}, "datetime": {"datetime": "2024-01-19 00:33:05", "elapsed": 1270.509929, "delta": 0.001894}}
{"target": -17.71393498449033, "params": {"gamma": 149.90521702476755, "log10_alpha": -4.052806220924031, "log10_colsample_bytree": -0.5975443305810706, "log10_eta": -1.402117948896349, "log10_lambda": -3.5729620766562915, "log10_min_child_weight": 1.4875186421474595, "log10_subsample": -0.9487646559598042, "max_depth": 8.0, "num_boost_round": 34.0}, "datetime": {"datetime": "2024-01-19 00:33:05", "elapsed": 1270.511846, "delta": 0.001917}}
{"target": -17.714792818248245, "params": {"gamma": 149.90521702476755, "log10_alpha": -4.052806220924031, "log10_colsample_bytree": -0.5975443305810706, "log10_eta": -1.402117948896349, "log10_lambda": -3.5729620766562915, "log10_min_child_weight": 1.4875186421474595, "log10_subsample": -0.9487646559598042, "max_depth": 8.0, "num_boost_round": 35.0}, "datetime": {"datetime": "2024-01-19 00:33:05", "elapsed": 1270.513758, "delta": 0.001912}}
{"target": -17.71712962414418, "params": {"gamma": 149.90521702476755, "log10_alpha": -4.052806220924031, "log10_colsample_bytree": -0.5975443305810706, "log10_eta": -1.402117948896349, "log10_lambda": -3.5729620766562915, "log10_min_child_weight": 1.4875186421474595, "log10_subsample": -0.9487646559598042, "max_depth": 8.0, "num_boost_round": 36.0}, "datetime": {"datetime": "2024-01-19 00:33:05", "elapsed": 1270.515673, "delta": 0.001915}}
{"target": -17.717741889624676, "params": {"gamma": 149.90521702476755, "log10_alpha": -4.052806220924031, "log10_colsample_bytree": -0.5975443305810706, "log10_eta": -1.402117948896349, "log10_lambda": -3.5729620766562915, "log10_min_child_weight": 1.4875186421474595, "log10_subsample": -0.9487646559598042, "max_depth": 8.0, "num_boost_round": 37.0}, "datetime": {"datetime": "2024-01-19 00:33:05", "elapsed": 1270.517554, "delta": 0.001881}}
{"target": -17.719560403144456, "params": {"gamma": 149.90521702476755, "log10_alpha": -4.052806220924031, "log10_colsample_bytree": -0.5975443305810706, "log10_eta": -1.402117948896349, "log10_lambda": -3.5729620766562915, "log10_min_child_weight": 1.4875186421474595, "log10_subsample": -0.9487646559598042, "max_depth": 8.0, "num_boost_round": 38.0}, "datetime": {"datetime": "2024-01-19 00:33:05", "elapsed": 1270.519562, "delta": 0.002008}}
{"target": -17.72098077345606, "params": {"gamma": 149.90521702476755, "log10_alpha": -4.052806220924031, "log10_colsample_bytree": -0.5975443305810706, "log10_eta": -1.402117948896349, "log10_lambda": -3.5729620766562915, "log10_min_child_weight": 1.4875186421474595, "log10_subsample": -0.9487646559598042, "max_depth": 8.0, "num_boost_round": 39.0}, "datetime": {"datetime": "2024-01-19 00:33:05", "elapsed": 1270.521473, "delta": 0.001911}}
{"target": -17.726227499090886, "params": {"gamma": 149.90521702476755, "log10_alpha": -4.052806220924031, "log10_colsample_bytree": -0.5975443305810706, "log10_eta": -1.402117948896349, "log10_lambda": -3.5729620766562915, "log10_min_child_weight": 1.4875186421474595, "log10_subsample": -0.9487646559598042, "max_depth": 8.0, "num_boost_round": 40.0}, "datetime": {"datetime": "2024-01-19 00:33:05", "elapsed": 1270.523377, "delta": 0.001904}}
{"target": -17.729631748684398, "params": {"gamma": 149.90521702476755, "log10_alpha": -4.052806220924031, "log10_colsample_bytree": -0.5975443305810706, "log10_eta": -1.402117948896349, "log10_lambda": -3.5729620766562915, "log10_min_child_weight": 1.4875186421474595, "log10_subsample": -0.9487646559598042, "max_depth": 8.0, "num_boost_round": 41.0}, "datetime": {"datetime": "2024-01-19 00:33:05", "elapsed": 1270.525307, "delta": 0.00193}}
{"target": -17.733420769881008, "params": {"gamma": 149.90521702476755, "log10_alpha": -4.052806220924031, "log10_colsample_bytree": -0.5975443305810706, "log10_eta": -1.402117948896349, "log10_lambda": -3.5729620766562915, "log10_min_child_weight": 1.4875186421474595, "log10_subsample": -0.9487646559598042, "max_depth": 8.0, "num_boost_round": 42.0}, "datetime": {"datetime": "2024-01-19 00:33:06", "elapsed": 1270.527321, "delta": 0.002014}}
{"target": -17.736112359872784, "params": {"gamma": 149.90521702476755, "log10_alpha": -4.052806220924031, "log10_colsample_bytree": -0.5975443305810706, "log10_eta": -1.402117948896349, "log10_lambda": -3.5729620766562915, "log10_min_child_weight": 1.4875186421474595, "log10_subsample": -0.9487646559598042, "max_depth": 8.0, "num_boost_round": 43.0}, "datetime": {"datetime": "2024-01-19 00:33:06", "elapsed": 1270.529226, "delta": 0.001905}}
{"target": -17.73809677031042, "params": {"gamma": 149.90521702476755, "log10_alpha": -4.052806220924031, "log10_colsample_bytree": -0.5975443305810706, "log10_eta": -1.402117948896349, "log10_lambda": -3.5729620766562915, "log10_min_child_weight": 1.4875186421474595, "log10_subsample": -0.9487646559598042, "max_depth": 8.0, "num_boost_round": 44.0}, "datetime": {"datetime": "2024-01-19 00:33:06", "elapsed": 1270.531115, "delta": 0.001889}}
{"target": -17.74125998039086, "params": {"gamma": 149.90521702476755, "log10_alpha": -4.052806220924031, "log10_colsample_bytree": -0.5975443305810706, "log10_eta": -1.402117948896349, "log10_lambda": -3.5729620766562915, "log10_min_child_weight": 1.4875186421474595, "log10_subsample": -0.9487646559598042, "max_depth": 8.0, "num_boost_round": 45.0}, "datetime": {"datetime": "2024-01-19 00:33:06", "elapsed": 1270.533005, "delta": 0.00189}}
{"target": -17.742443267108552, "params": {"gamma": 149.90521702476755, "log10_alpha": -4.052806220924031, "log10_colsample_bytree": -0.5975443305810706, "log10_eta": -1.402117948896349, "log10_lambda": -3.5729620766562915, "log10_min_child_weight": 1.4875186421474595, "log10_subsample": -0.9487646559598042, "max_depth": 8.0, "num_boost_round": 46.0}, "datetime": {"datetime": "2024-01-19 00:33:06", "elapsed": 1270.534889, "delta": 0.001884}}
{"target": -17.743029796809573, "params": {"gamma": 149.90521702476755, "log10_alpha": -4.052806220924031, "log10_colsample_bytree": -0.5975443305810706, "log10_eta": -1.402117948896349, "log10_lambda": -3.5729620766562915, "log10_min_child_weight": 1.4875186421474595, "log10_subsample": -0.9487646559598042, "max_depth": 8.0, "num_boost_round": 47.0}, "datetime": {"datetime": "2024-01-19 00:33:06", "elapsed": 1270.536761, "delta": 0.001872}}
{"target": -17.74614803833582, "params": {"gamma": 149.90521702476755, "log10_alpha": -4.052806220924031, "log10_colsample_bytree": -0.5975443305810706, "log10_eta": -1.402117948896349, "log10_lambda": -3.5729620766562915, "log10_min_child_weight": 1.4875186421474595, "log10_subsample": -0.9487646559598042, "max_depth": 8.0, "num_boost_round": 48.0}, "datetime": {"datetime": "2024-01-19 00:33:06", "elapsed": 1270.538777, "delta": 0.002016}}
{"target": -17.747020861869323, "params": {"gamma": 149.90521702476755, "log10_alpha": -4.052806220924031, "log10_colsample_bytree": -0.5975443305810706, "log10_eta": -1.402117948896349, "log10_lambda": -3.5729620766562915, "log10_min_child_weight": 1.4875186421474595, "log10_subsample": -0.9487646559598042, "max_depth": 8.0, "num_boost_round": 49.0}, "datetime": {"datetime": "2024-01-19 00:33:06", "elapsed": 1270.540798, "delta": 0.002021}}
