{"target": -17.677186524658584, "params": {"gamma": 540.1431820105386, "log10_alpha": -4.161198588421879, "log10_colsample_bytree": -1.0, "log10_eta": -4.0, "log10_lambda": 1.0, "log10_min_child_weight": 0.644035629238455, "log10_subsample": 0.0, "max_depth": 2.0, "num_boost_round": 26.0}, "datetime": {"datetime": "2024-01-19 00:54:06", "elapsed": 2543.654437, "delta": 0.002852}}
{"target": -17.677184540809005, "params": {"gamma": 540.1431820105386, "log10_alpha": -4.161198588421879, "log10_colsample_bytree": -1.0, "log10_eta": -4.0, "log10_lambda": 1.0, "log10_min_child_weight": 0.644035629238455, "log10_subsample": 0.0, "max_depth": 2.0, "num_boost_round": 27.0}, "datetime": {"datetime": "2024-01-19 00:54:06", "elapsed": 2543.657301, "delta": 0.002864}}
{"target": -17.677182717581715, "params": {"gamma": 540.1431820105386, "log10_alpha": -4.161198588421879, "log10_colsample_bytree": -1.0, "log10_eta": -4.0, "log10_lambda": 1.0, "log10_min_child_weight": 0.644035629238455, "log10_subsample": 0.0, "max_depth": 2.0, "num_boost_round": 28.0}, "datetime": {"datetime": "2024-01-19 00:54:06", "elapsed": 2543.660111, "delta": 0.00281}}
{"target": -17.677181021184243, "params": {"gamma": 540.1431820105386, "log10_alpha": -4.161198588421879, "log10_colsample_bytree": -1.0, "log10_eta": -4.0, "log10_lambda": 1.0, "log10_min_child_weight": 0.644035629238455, "log10_subsample": 0.0, "max_depth": 2.0, "num_boost_round": 29.0}, "datetime": {"datetime": "2024-01-19 00:54:06", "elapsed": 2543.662969, "delta": 0.002858}}
{"target": -17.677180698623836, "params": {"gamma": 540.1431820105386, "log10_alpha": -4.161198588421879, "log10_colsample_bytree": -1.0, "log10_eta": -4.0, "log10_lambda": 1.0, "log10_min_child_weight": 0.644035629238455, "log10_subsample": 0.0, "max_depth": 2.0, "num_boost_round": 30.0}, "datetime": {"datetime": "2024-01-19 00:54:06", "elapsed": 2543.665728, "delta": 0.002759}}
{"target": -17.677178099383735, "params": {"gamma": 540.1431820105386, "log10_alpha": -4.161198588421879, "log10_colsample_bytree": -1.0, "log10_eta": -4.0, "log10_lambda": 1.0, "log10_min_child_weight": 0.644035629238455, "log10_subsample": 0.0, "max_depth": 2.0, "num_boost_round": 31.0}, "datetime": {"datetime": "2024-01-19 00:54:06", "elapsed": 2543.668519, "delta": 0.002791}}
{"target": -17.67717626436188, "params": {"gamma": 540.1431820105386, "log10_alpha": -4.161198588421879, "log10_colsample_bytree": -1.0, "log10_eta": -4.0, "log10_lambda": 1.0, "log10_min_child_weight": 0.644035629238455, "log10_subsample": 0.0, "max_depth": 2.0, "num_boost_round": 32.0}, "datetime": {"datetime": "2024-01-19 00:54:06", "elapsed": 2543.67128, "delta": 0.002761}}
{"target": -17.67241033959943, "params": {"gamma": 603.628095531197, "log10_alpha": 0.8942707582740699, "log10_colsample_bytree": -0.9077578473399439, "log10_eta": -0.8110245013702997, "log10_lambda": -4.3457427857291755, "log10_min_child_weight": 2.376001511474111, "log10_subsample": -0.18079183892535522, "max_depth": 5.0, "num_boost_round": 0.0}, "datetime": {"datetime": "2024-01-19 00:54:45", "elapsed": 2583.211639, "delta": 39.540359}}
{"target": -17.67288724316955, "params": {"gamma": 603.628095531197, "log10_alpha": 0.8942707582740699, "log10_colsample_bytree": -0.9077578473399439, "log10_eta": -0.8110245013702997, "log10_lambda": -4.3457427857291755, "log10_min_child_weight": 2.376001511474111, "log10_subsample": -0.18079183892535522, "max_depth": 5.0, "num_boost_round": 1.0}, "datetime": {"datetime": "2024-01-19 00:54:45", "elapsed": 2583.21527, "delta": 0.003631}}
{"target": -17.680908657989352, "params": {"gamma": 603.628095531197, "log10_alpha": 0.8942707582740699, "log10_colsample_bytree": -0.9077578473399439, "log10_eta": -0.8110245013702997, "log10_lambda": -4.3457427857291755, "log10_min_child_weight": 2.376001511474111, "log10_subsample": -0.18079183892535522, "max_depth": 5.0, "num_boost_round": 2.0}, "datetime": {"datetime": "2024-01-19 00:54:45", "elapsed": 2583.218608, "delta": 0.003338}}
{"target": -17.682238847310924, "params": {"gamma": 603.628095531197, "log10_alpha": 0.8942707582740699, "log10_colsample_bytree": -0.9077578473399439, "log10_eta": -0.8110245013702997, "log10_lambda": -4.3457427857291755, "log10_min_child_weight": 2.376001511474111, "log10_subsample": -0.18079183892535522, "max_depth": 5.0, "num_boost_round": 3.0}, "datetime": {"datetime": "2024-01-19 00:54:45", "elapsed": 2583.221468, "delta": 0.00286}}
{"target": -17.683523019388065, "params": {"gamma": 603.628095531197, "log10_alpha": 0.8942707582740699, "log10_colsample_bytree": -0.9077578473399439, "log10_eta": -0.8110245013702997, "log10_lambda": -4.3457427857291755, "log10_min_child_weight": 2.376001511474111, "log10_subsample": -0.18079183892535522, "max_depth": 5.0, "num_boost_round": 4.0}, "datetime": {"datetime": "2024-01-19 00:54:45", "elapsed": 2583.224281, "delta": 0.002813}}
{"target": -17.685277725786477, "params": {"gamma": 603.628095531197, "log10_alpha": 0.8942707582740699, "log10_colsample_bytree": -0.9077578473399439, "log10_eta": -0.8110245013702997, "log10_lambda": -4.3457427857291755, "log10_min_child_weight": 2.376001511474111, "log10_subsample": -0.18079183892535522, "max_depth": 5.0, "num_boost_round": 5.0}, "datetime": {"datetime": "2024-01-19 00:54:45", "elapsed": 2583.227087, "delta": 0.002806}}
{"target": -17.69635199878134, "params": {"gamma": 603.628095531197, "log10_alpha": 0.8942707582740699, "log10_colsample_bytree": -0.9077578473399439, "log10_eta": -0.8110245013702997, "log10_lambda": -4.3457427857291755, "log10_min_child_weight": 2.376001511474111, "log10_subsample": -0.18079183892535522, "max_depth": 5.0, "num_boost_round": 6.0}, "datetime": {"datetime": "2024-01-19 00:54:45", "elapsed": 2583.230061, "delta": 0.002974}}
{"target": -17.705845120282948, "params": {"gamma": 603.628095531197, "log10_alpha": 0.8942707582740699, "log10_colsample_bytree": -0.9077578473399439, "log10_eta": -0.8110245013702997, "log10_lambda": -4.3457427857291755, "log10_min_child_weight": 2.376001511474111, "log10_subsample": -0.18079183892535522, "max_depth": 5.0, "num_boost_round": 7.0}, "datetime": {"datetime": "2024-01-19 00:54:45", "elapsed": 2583.23302, "delta": 0.002959}}
{"target": -17.711079840516057, "params": {"gamma": 603.628095531197, "log10_alpha": 0.8942707582740699, "log10_colsample_bytree": -0.9077578473399439, "log10_eta": -0.8110245013702997, "log10_lambda": -4.3457427857291755, "log10_min_child_weight": 2.376001511474111, "log10_subsample": -0.18079183892535522, "max_depth": 5.0, "num_boost_round": 8.0}, "datetime": {"datetime": "2024-01-19 00:54:45", "elapsed": 2583.235915, "delta": 0.002895}}
{"target": -17.71322767175363, "params": {"gamma": 603.628095531197, "log10_alpha": 0.8942707582740699, "log10_colsample_bytree": -0.9077578473399439, "log10_eta": -0.8110245013702997, "log10_lambda": -4.3457427857291755, "log10_min_child_weight": 2.376001511474111, "log10_subsample": -0.18079183892535522, "max_depth": 5.0, "num_boost_round": 9.0}, "datetime": {"datetime": "2024-01-19 00:54:45", "elapsed": 2583.238679, "delta": 0.002764}}
{"target": -17.7206238943283, "params": {"gamma": 603.628095531197, "log10_alpha": 0.8942707582740699, "log10_colsample_bytree": -0.9077578473399439, "log10_eta": -0.8110245013702997, "log10_lambda": -4.3457427857291755, "log10_min_child_weight": 2.376001511474111, "log10_subsample": -0.18079183892535522, "max_depth": 5.0, "num_boost_round": 10.0}, "datetime": {"datetime": "2024-01-19 00:54:45", "elapsed": 2583.2415, "delta": 0.002821}}
{"target": -17.72073526811229, "params": {"gamma": 603.628095531197, "log10_alpha": 0.8942707582740699, "log10_colsample_bytree": -0.9077578473399439, "log10_eta": -0.8110245013702997, "log10_lambda": -4.3457427857291755, "log10_min_child_weight": 2.376001511474111, "log10_subsample": -0.18079183892535522, "max_depth": 5.0, "num_boost_round": 11.0}, "datetime": {"datetime": "2024-01-19 00:54:45", "elapsed": 2583.244262, "delta": 0.002762}}
{"target": -17.723710656057175, "params": {"gamma": 603.628095531197, "log10_alpha": 0.8942707582740699, "log10_colsample_bytree": -0.9077578473399439, "log10_eta": -0.8110245013702997, "log10_lambda": -4.3457427857291755, "log10_min_child_weight": 2.376001511474111, "log10_subsample": -0.18079183892535522, "max_depth": 5.0, "num_boost_round": 12.0}, "datetime": {"datetime": "2024-01-19 00:54:45", "elapsed": 2583.247026, "delta": 0.002764}}
{"target": -17.72285200776475, "params": {"gamma": 603.628095531197, "log10_alpha": 0.8942707582740699, "log10_colsample_bytree": -0.9077578473399439, "log10_eta": -0.8110245013702997, "log10_lambda": -4.3457427857291755, "log10_min_child_weight": 2.376001511474111, "log10_subsample": -0.18079183892535522, "max_depth": 5.0, "num_boost_round": 13.0}, "datetime": {"datetime": "2024-01-19 00:54:45", "elapsed": 2583.249884, "delta": 0.002858}}
{"target": -17.728111064133238, "params": {"gamma": 603.628095531197, "log10_alpha": 0.8942707582740699, "log10_colsample_bytree": -0.9077578473399439, "log10_eta": -0.8110245013702997, "log10_lambda": -4.3457427857291755, "log10_min_child_weight": 2.376001511474111, "log10_subsample": -0.18079183892535522, "max_depth": 5.0, "num_boost_round": 14.0}, "datetime": {"datetime": "2024-01-19 00:54:45", "elapsed": 2583.252797, "delta": 0.002913}}
{"target": -17.73092154217956, "params": {"gamma": 603.628095531197, "log10_alpha": 0.8942707582740699, "log10_colsample_bytree": -0.9077578473399439, "log10_eta": -0.8110245013702997, "log10_lambda": -4.3457427857291755, "log10_min_child_weight": 2.376001511474111, "log10_subsample": -0.18079183892535522, "max_depth": 5.0, "num_boost_round": 15.0}, "datetime": {"datetime": "2024-01-19 00:54:45", "elapsed": 2583.255593, "delta": 0.002796}}
{"target": -17.731183094371865, "params": {"gamma": 603.628095531197, "log10_alpha": 0.8942707582740699, "log10_colsample_bytree": -0.9077578473399439, "log10_eta": -0.8110245013702997, "log10_lambda": -4.3457427857291755, "log10_min_child_weight": 2.376001511474111, "log10_subsample": -0.18079183892535522, "max_depth": 5.0, "num_boost_round": 16.0}, "datetime": {"datetime": "2024-01-19 00:54:45", "elapsed": 2583.25839, "delta": 0.002797}}
{"target": -17.73541666136977, "params": {"gamma": 603.628095531197, "log10_alpha": 0.8942707582740699, "log10_colsample_bytree": -0.9077578473399439, "log10_eta": -0.8110245013702997, "log10_lambda": -4.3457427857291755, "log10_min_child_weight": 2.376001511474111, "log10_subsample": -0.18079183892535522, "max_depth": 5.0, "num_boost_round": 17.0}, "datetime": {"datetime": "2024-01-19 00:54:45", "elapsed": 2583.261224, "delta": 0.002834}}
{"target": -17.738676036907854, "params": {"gamma": 603.628095531197, "log10_alpha": 0.8942707582740699, "log10_colsample_bytree": -0.9077578473399439, "log10_eta": -0.8110245013702997, "log10_lambda": -4.3457427857291755, "log10_min_child_weight": 2.376001511474111, "log10_subsample": -0.18079183892535522, "max_depth": 5.0, "num_boost_round": 18.0}, "datetime": {"datetime": "2024-01-19 00:54:45", "elapsed": 2583.264, "delta": 0.002776}}
{"target": -17.7362163142712, "params": {"gamma": 603.628095531197, "log10_alpha": 0.8942707582740699, "log10_colsample_bytree": -0.9077578473399439, "log10_eta": -0.8110245013702997, "log10_lambda": -4.3457427857291755, "log10_min_child_weight": 2.376001511474111, "log10_subsample": -0.18079183892535522, "max_depth": 5.0, "num_boost_round": 19.0}, "datetime": {"datetime": "2024-01-19 00:54:45", "elapsed": 2583.266791, "delta": 0.002791}}
{"target": -17.7409373012329, "params": {"gamma": 603.628095531197, "log10_alpha": 0.8942707582740699, "log10_colsample_bytree": -0.9077578473399439, "log10_eta": -0.8110245013702997, "log10_lambda": -4.3457427857291755, "log10_min_child_weight": 2.376001511474111, "log10_subsample": -0.18079183892535522, "max_depth": 5.0, "num_boost_round": 20.0}, "datetime": {"datetime": "2024-01-19 00:54:45", "elapsed": 2583.269689, "delta": 0.002898}}
{"target": -17.745019744544372, "params": {"gamma": 603.628095531197, "log10_alpha": 0.8942707582740699, "log10_colsample_bytree": -0.9077578473399439, "log10_eta": -0.8110245013702997, "log10_lambda": -4.3457427857291755, "log10_min_child_weight": 2.376001511474111, "log10_subsample": -0.18079183892535522, "max_depth": 5.0, "num_boost_round": 21.0}, "datetime": {"datetime": "2024-01-19 00:54:45", "elapsed": 2583.272482, "delta": 0.002793}}
{"target": -17.75116507870406, "params": {"gamma": 603.628095531197, "log10_alpha": 0.8942707582740699, "log10_colsample_bytree": -0.9077578473399439, "log10_eta": -0.8110245013702997, "log10_lambda": -4.3457427857291755, "log10_min_child_weight": 2.376001511474111, "log10_subsample": -0.18079183892535522, "max_depth": 5.0, "num_boost_round": 22.0}, "datetime": {"datetime": "2024-01-19 00:54:45", "elapsed": 2583.275314, "delta": 0.002832}}
{"target": -17.776210435904368, "params": {"gamma": 603.628095531197, "log10_alpha": 0.8942707582740699, "log10_colsample_bytree": -0.9077578473399439, "log10_eta": -0.8110245013702997, "log10_lambda": -4.3457427857291755, "log10_min_child_weight": 2.376001511474111, "log10_subsample": -0.18079183892535522, "max_depth": 5.0, "num_boost_round": 23.0}, "datetime": {"datetime": "2024-01-19 00:54:45", "elapsed": 2583.278084, "delta": 0.00277}}
{"target": -17.785590425231458, "params": {"gamma": 603.628095531197, "log10_alpha": 0.8942707582740699, "log10_colsample_bytree": -0.9077578473399439, "log10_eta": -0.8110245013702997, "log10_lambda": -4.3457427857291755, "log10_min_child_weight": 2.376001511474111, "log10_subsample": -0.18079183892535522, "max_depth": 5.0, "num_boost_round": 24.0}, "datetime": {"datetime": "2024-01-19 00:54:45", "elapsed": 2583.281003, "delta": 0.002919}}
{"target": -17.808792207585018, "params": {"gamma": 603.628095531197, "log10_alpha": 0.8942707582740699, "log10_colsample_bytree": -0.9077578473399439, "log10_eta": -0.8110245013702997, "log10_lambda": -4.3457427857291755, "log10_min_child_weight": 2.376001511474111, "log10_subsample": -0.18079183892535522, "max_depth": 5.0, "num_boost_round": 25.0}, "datetime": {"datetime": "2024-01-19 00:54:45", "elapsed": 2583.283877, "delta": 0.002874}}
{"target": -17.815650339358594, "params": {"gamma": 603.628095531197, "log10_alpha": 0.8942707582740699, "log10_colsample_bytree": -0.9077578473399439, "log10_eta": -0.8110245013702997, "log10_lambda": -4.3457427857291755, "log10_min_child_weight": 2.376001511474111, "log10_subsample": -0.18079183892535522, "max_depth": 5.0, "num_boost_round": 26.0}, "datetime": {"datetime": "2024-01-19 00:54:45", "elapsed": 2583.286706, "delta": 0.002829}}
{"target": -17.823899838880166, "params": {"gamma": 603.628095531197, "log10_alpha": 0.8942707582740699, "log10_colsample_bytree": -0.9077578473399439, "log10_eta": -0.8110245013702997, "log10_lambda": -4.3457427857291755, "log10_min_child_weight": 2.376001511474111, "log10_subsample": -0.18079183892535522, "max_depth": 5.0, "num_boost_round": 27.0}, "datetime": {"datetime": "2024-01-19 00:54:45", "elapsed": 2583.28962, "delta": 0.002914}}
{"target": -17.825282387500994, "params": {"gamma": 603.628095531197, "log10_alpha": 0.8942707582740699, "log10_colsample_bytree": -0.9077578473399439, "log10_eta": -0.8110245013702997, "log10_lambda": -4.3457427857291755, "log10_min_child_weight": 2.376001511474111, "log10_subsample": -0.18079183892535522, "max_depth": 5.0, "num_boost_round": 28.0}, "datetime": {"datetime": "2024-01-19 00:54:45", "elapsed": 2583.292402, "delta": 0.002782}}
{"target": -17.82668798625103, "params": {"gamma": 603.628095531197, "log10_alpha": 0.8942707582740699, "log10_colsample_bytree": -0.9077578473399439, "log10_eta": -0.8110245013702997, "log10_lambda": -4.3457427857291755, "log10_min_child_weight": 2.376001511474111, "log10_subsample": -0.18079183892535522, "max_depth": 5.0, "num_boost_round": 29.0}, "datetime": {"datetime": "2024-01-19 00:54:45", "elapsed": 2583.295236, "delta": 0.002834}}
{"target": -17.677223300912086, "params": {"gamma": 537.812087216787, "log10_alpha": 0.1951532674265133, "log10_colsample_bytree": -0.7359919844103272, "log10_eta": -3.4028486504316633, "log10_lambda": -4.198646767320126, "log10_min_child_weight": 4.42610449582481, "log10_subsample": -0.04786639030597917, "max_depth": 9.0, "num_boost_round": 0.0}, "datetime": {"datetime": "2024-01-19 00:55:19", "elapsed": 2617.278246, "delta": 33.98301}}
{"target": -17.67721954817848, "params": {"gamma": 537.812087216787, "log10_alpha": 0.1951532674265133, "log10_colsample_bytree": -0.7359919844103272, "log10_eta": -3.4028486504316633, "log10_lambda": -4.198646767320126, "log10_min_child_weight": 4.42610449582481, "log10_subsample": -0.04786639030597917, "max_depth": 9.0, "num_boost_round": 1.0}, "datetime": {"datetime": "2024-01-19 00:55:19", "elapsed": 2617.282073, "delta": 0.003827}}
{"target": -17.677214556518553, "params": {"gamma": 537.812087216787, "log10_alpha": 0.1951532674265133, "log10_colsample_bytree": -0.7359919844103272, "log10_eta": -3.4028486504316633, "log10_lambda": -4.198646767320126, "log10_min_child_weight": 4.42610449582481, "log10_subsample": -0.04786639030597917, "max_depth": 9.0, "num_boost_round": 2.0}, "datetime": {"datetime": "2024-01-19 00:55:19", "elapsed": 2617.2849, "delta": 0.002827}}
{"target": -17.67721320947993, "params": {"gamma": 537.812087216787, "log10_alpha": 0.1951532674265133, "log10_colsample_bytree": -0.7359919844103272, "log10_eta": -3.4028486504316633, "log10_lambda": -4.198646767320126, "log10_min_child_weight": 4.42610449582481, "log10_subsample": -0.04786639030597917, "max_depth": 9.0, "num_boost_round": 3.0}, "datetime": {"datetime": "2024-01-19 00:55:19", "elapsed": 2617.287732, "delta": 0.002832}}
{"target": -17.677204010971305, "params": {"gamma": 537.812087216787, "log10_alpha": 0.1951532674265133, "log10_colsample_bytree": -0.7359919844103272, "log10_eta": -3.4028486504316633, "log10_lambda": -4.198646767320126, "log10_min_child_weight": 4.42610449582481, "log10_subsample": -0.04786639030597917, "max_depth": 9.0, "num_boost_round": 4.0}, "datetime": {"datetime": "2024-01-19 00:55:19", "elapsed": 2617.290635, "delta": 0.002903}}
{"target": -17.677200067082865, "params": {"gamma": 537.812087216787, "log10_alpha": 0.1951532674265133, "log10_colsample_bytree": -0.7359919844103272, "log10_eta": -3.4028486504316633, "log10_lambda": -4.198646767320126, "log10_min_child_weight": 4.42610449582481, "log10_subsample": -0.04786639030597917, "max_depth": 9.0, "num_boost_round": 5.0}, "datetime": {"datetime": "2024-01-19 00:55:19", "elapsed": 2617.293493, "delta": 0.002858}}
{"target": -17.67720778336549, "params": {"gamma": 537.812087216787, "log10_alpha": 0.1951532674265133, "log10_colsample_bytree": -0.7359919844103272, "log10_eta": -3.4028486504316633, "log10_lambda": -4.198646767320126, "log10_min_child_weight": 4.42610449582481, "log10_subsample": -0.04786639030597917, "max_depth": 9.0, "num_boost_round": 6.0}, "datetime": {"datetime": "2024-01-19 00:55:19", "elapsed": 2617.296282, "delta": 0.002789}}
{"target": -17.677201392113982, "params": {"gamma": 537.812087216787, "log10_alpha": 0.1951532674265133, "log10_colsample_bytree": -0.7359919844103272, "log10_eta": -3.4028486504316633, "log10_lambda": -4.198646767320126, "log10_min_child_weight": 4.42610449582481, "log10_subsample": -0.04786639030597917, "max_depth": 9.0, "num_boost_round": 7.0}, "datetime": {"datetime": "2024-01-19 00:55:19", "elapsed": 2617.299069, "delta": 0.002787}}
{"target": -17.677201457535908, "params": {"gamma": 537.812087216787, "log10_alpha": 0.1951532674265133, "log10_colsample_bytree": -0.7359919844103272, "log10_eta": -3.4028486504316633, "log10_lambda": -4.198646767320126, "log10_min_child_weight": 4.42610449582481, "log10_subsample": -0.04786639030597917, "max_depth": 9.0, "num_boost_round": 8.0}, "datetime": {"datetime": "2024-01-19 00:55:19", "elapsed": 2617.302009, "delta": 0.00294}}
{"target": -17.67720056531628, "params": {"gamma": 537.812087216787, "log10_alpha": 0.1951532674265133, "log10_colsample_bytree": -0.7359919844103272, "log10_eta": -3.4028486504316633, "log10_lambda": -4.198646767320126, "log10_min_child_weight": 4.42610449582481, "log10_subsample": -0.04786639030597917, "max_depth": 9.0, "num_boost_round": 9.0}, "datetime": {"datetime": "2024-01-19 00:55:19", "elapsed": 2617.30484, "delta": 0.002831}}
{"target": -17.677189279828053, "params": {"gamma": 537.812087216787, "log10_alpha": 0.1951532674265133, "log10_colsample_bytree": -0.7359919844103272, "log10_eta": -3.4028486504316633, "log10_lambda": -4.198646767320126, "log10_min_child_weight": 4.42610449582481, "log10_subsample": -0.04786639030597917, "max_depth": 9.0, "num_boost_round": 10.0}, "datetime": {"datetime": "2024-01-19 00:55:19", "elapsed": 2617.307658, "delta": 0.002818}}
{"target": -17.677184110796087, "params": {"gamma": 537.812087216787, "log10_alpha": 0.1951532674265133, "log10_colsample_bytree": -0.7359919844103272, "log10_eta": -3.4028486504316633, "log10_lambda": -4.198646767320126, "log10_min_child_weight": 4.42610449582481, "log10_subsample": -0.04786639030597917, "max_depth": 9.0, "num_boost_round": 11.0}, "datetime": {"datetime": "2024-01-19 00:55:19", "elapsed": 2617.310548, "delta": 0.00289}}
{"target": -17.677181803883972, "params": {"gamma": 537.812087216787, "log10_alpha": 0.1951532674265133, "log10_colsample_bytree": -0.7359919844103272, "log10_eta": -3.4028486504316633, "log10_lambda": -4.198646767320126, "log10_min_child_weight": 4.42610449582481, "log10_subsample": -0.04786639030597917, "max_depth": 9.0, "num_boost_round": 12.0}, "datetime": {"datetime": "2024-01-19 00:55:19", "elapsed": 2617.313376, "delta": 0.002828}}
