{"target": -17.677147736939283, "params": {"gamma": 49.919246090735946, "log10_alpha": -3.7535288491140024, "log10_colsample_bytree": -0.7672843738164274, "log10_eta": -3.4850554625042043, "log10_lambda": -4.657675599254116, "log10_min_child_weight": 2.327996752416328, "log10_subsample": -0.9618038325419451, "max_depth": 2.0, "num_boost_round": 11.0}, "datetime": {"datetime": "2024-01-19 01:55:59", "elapsed": 6266.853523, "delta": 0.006772}}
{"target": -17.677142217516856, "params": {"gamma": 49.919246090735946, "log10_alpha": -3.7535288491140024, "log10_colsample_bytree": -0.7672843738164274, "log10_eta": -3.4850554625042043, "log10_lambda": -4.657675599254116, "log10_min_child_weight": 2.327996752416328, "log10_subsample": -0.9618038325419451, "max_depth": 2.0, "num_boost_round": 12.0}, "datetime": {"datetime": "2024-01-19 01:55:59", "elapsed": 6266.860368, "delta": 0.006845}}
{"target": -17.677132946415934, "params": {"gamma": 49.919246090735946, "log10_alpha": -3.7535288491140024, "log10_colsample_bytree": -0.7672843738164274, "log10_eta": -3.4850554625042043, "log10_lambda": -4.657675599254116, "log10_min_child_weight": 2.327996752416328, "log10_subsample": -0.9618038325419451, "max_depth": 2.0, "num_boost_round": 13.0}, "datetime": {"datetime": "2024-01-19 01:55:59", "elapsed": 6266.866812, "delta": 0.006444}}
{"target": -17.6771307260434, "params": {"gamma": 49.919246090735946, "log10_alpha": -3.7535288491140024, "log10_colsample_bytree": -0.7672843738164274, "log10_eta": -3.4850554625042043, "log10_lambda": -4.657675599254116, "log10_min_child_weight": 2.327996752416328, "log10_subsample": -0.9618038325419451, "max_depth": 2.0, "num_boost_round": 14.0}, "datetime": {"datetime": "2024-01-19 01:55:59", "elapsed": 6266.873486, "delta": 0.006674}}
{"target": -17.67712624025064, "params": {"gamma": 49.919246090735946, "log10_alpha": -3.7535288491140024, "log10_colsample_bytree": -0.7672843738164274, "log10_eta": -3.4850554625042043, "log10_lambda": -4.657675599254116, "log10_min_child_weight": 2.327996752416328, "log10_subsample": -0.9618038325419451, "max_depth": 2.0, "num_boost_round": 15.0}, "datetime": {"datetime": "2024-01-19 01:55:59", "elapsed": 6266.880269, "delta": 0.006783}}
{"target": -17.677120680357717, "params": {"gamma": 49.919246090735946, "log10_alpha": -3.7535288491140024, "log10_colsample_bytree": -0.7672843738164274, "log10_eta": -3.4850554625042043, "log10_lambda": -4.657675599254116, "log10_min_child_weight": 2.327996752416328, "log10_subsample": -0.9618038325419451, "max_depth": 2.0, "num_boost_round": 16.0}, "datetime": {"datetime": "2024-01-19 01:55:59", "elapsed": 6266.886997, "delta": 0.006728}}
{"target": -17.677116336916875, "params": {"gamma": 49.919246090735946, "log10_alpha": -3.7535288491140024, "log10_colsample_bytree": -0.7672843738164274, "log10_eta": -3.4850554625042043, "log10_lambda": -4.657675599254116, "log10_min_child_weight": 2.327996752416328, "log10_subsample": -0.9618038325419451, "max_depth": 2.0, "num_boost_round": 17.0}, "datetime": {"datetime": "2024-01-19 01:55:59", "elapsed": 6266.89361, "delta": 0.006613}}
{"target": -17.677115966417798, "params": {"gamma": 49.919246090735946, "log10_alpha": -3.7535288491140024, "log10_colsample_bytree": -0.7672843738164274, "log10_eta": -3.4850554625042043, "log10_lambda": -4.657675599254116, "log10_min_child_weight": 2.327996752416328, "log10_subsample": -0.9618038325419451, "max_depth": 2.0, "num_boost_round": 18.0}, "datetime": {"datetime": "2024-01-19 01:55:59", "elapsed": 6266.900255, "delta": 0.006645}}
{"target": -17.677104538787898, "params": {"gamma": 49.919246090735946, "log10_alpha": -3.7535288491140024, "log10_colsample_bytree": -0.7672843738164274, "log10_eta": -3.4850554625042043, "log10_lambda": -4.657675599254116, "log10_min_child_weight": 2.327996752416328, "log10_subsample": -0.9618038325419451, "max_depth": 2.0, "num_boost_round": 19.0}, "datetime": {"datetime": "2024-01-19 01:55:59", "elapsed": 6266.906757, "delta": 0.006502}}
{"target": -17.677099123012557, "params": {"gamma": 49.919246090735946, "log10_alpha": -3.7535288491140024, "log10_colsample_bytree": -0.7672843738164274, "log10_eta": -3.4850554625042043, "log10_lambda": -4.657675599254116, "log10_min_child_weight": 2.327996752416328, "log10_subsample": -0.9618038325419451, "max_depth": 2.0, "num_boost_round": 20.0}, "datetime": {"datetime": "2024-01-19 01:55:59", "elapsed": 6266.913592, "delta": 0.006835}}
{"target": -17.677089959386564, "params": {"gamma": 49.919246090735946, "log10_alpha": -3.7535288491140024, "log10_colsample_bytree": -0.7672843738164274, "log10_eta": -3.4850554625042043, "log10_lambda": -4.657675599254116, "log10_min_child_weight": 2.327996752416328, "log10_subsample": -0.9618038325419451, "max_depth": 2.0, "num_boost_round": 21.0}, "datetime": {"datetime": "2024-01-19 01:55:59", "elapsed": 6266.920644, "delta": 0.007052}}
{"target": -17.677083559437442, "params": {"gamma": 49.919246090735946, "log10_alpha": -3.7535288491140024, "log10_colsample_bytree": -0.7672843738164274, "log10_eta": -3.4850554625042043, "log10_lambda": -4.657675599254116, "log10_min_child_weight": 2.327996752416328, "log10_subsample": -0.9618038325419451, "max_depth": 2.0, "num_boost_round": 22.0}, "datetime": {"datetime": "2024-01-19 01:55:59", "elapsed": 6266.927834, "delta": 0.00719}}
{"target": -17.67706957551711, "params": {"gamma": 49.919246090735946, "log10_alpha": -3.7535288491140024, "log10_colsample_bytree": -0.7672843738164274, "log10_eta": -3.4850554625042043, "log10_lambda": -4.657675599254116, "log10_min_child_weight": 2.327996752416328, "log10_subsample": -0.9618038325419451, "max_depth": 2.0, "num_boost_round": 23.0}, "datetime": {"datetime": "2024-01-19 01:55:59", "elapsed": 6266.935102, "delta": 0.007268}}
{"target": -17.677068231762345, "params": {"gamma": 49.919246090735946, "log10_alpha": -3.7535288491140024, "log10_colsample_bytree": -0.7672843738164274, "log10_eta": -3.4850554625042043, "log10_lambda": -4.657675599254116, "log10_min_child_weight": 2.327996752416328, "log10_subsample": -0.9618038325419451, "max_depth": 2.0, "num_boost_round": 24.0}, "datetime": {"datetime": "2024-01-19 01:55:59", "elapsed": 6266.942159, "delta": 0.007057}}
{"target": -17.67705418169255, "params": {"gamma": 49.919246090735946, "log10_alpha": -3.7535288491140024, "log10_colsample_bytree": -0.7672843738164274, "log10_eta": -3.4850554625042043, "log10_lambda": -4.657675599254116, "log10_min_child_weight": 2.327996752416328, "log10_subsample": -0.9618038325419451, "max_depth": 2.0, "num_boost_round": 25.0}, "datetime": {"datetime": "2024-01-19 01:55:59", "elapsed": 6266.948936, "delta": 0.006777}}
{"target": -17.677043764611675, "params": {"gamma": 49.919246090735946, "log10_alpha": -3.7535288491140024, "log10_colsample_bytree": -0.7672843738164274, "log10_eta": -3.4850554625042043, "log10_lambda": -4.657675599254116, "log10_min_child_weight": 2.327996752416328, "log10_subsample": -0.9618038325419451, "max_depth": 2.0, "num_boost_round": 26.0}, "datetime": {"datetime": "2024-01-19 01:55:59", "elapsed": 6266.95607, "delta": 0.007134}}
{"target": -17.677036865983762, "params": {"gamma": 49.919246090735946, "log10_alpha": -3.7535288491140024, "log10_colsample_bytree": -0.7672843738164274, "log10_eta": -3.4850554625042043, "log10_lambda": -4.657675599254116, "log10_min_child_weight": 2.327996752416328, "log10_subsample": -0.9618038325419451, "max_depth": 2.0, "num_boost_round": 27.0}, "datetime": {"datetime": "2024-01-19 01:55:59", "elapsed": 6266.963172, "delta": 0.007102}}
{"target": -17.67703269516161, "params": {"gamma": 49.919246090735946, "log10_alpha": -3.7535288491140024, "log10_colsample_bytree": -0.7672843738164274, "log10_eta": -3.4850554625042043, "log10_lambda": -4.657675599254116, "log10_min_child_weight": 2.327996752416328, "log10_subsample": -0.9618038325419451, "max_depth": 2.0, "num_boost_round": 28.0}, "datetime": {"datetime": "2024-01-19 01:55:59", "elapsed": 6266.970256, "delta": 0.007084}}
{"target": -17.677016931263946, "params": {"gamma": 49.919246090735946, "log10_alpha": -3.7535288491140024, "log10_colsample_bytree": -0.7672843738164274, "log10_eta": -3.4850554625042043, "log10_lambda": -4.657675599254116, "log10_min_child_weight": 2.327996752416328, "log10_subsample": -0.9618038325419451, "max_depth": 2.0, "num_boost_round": 29.0}, "datetime": {"datetime": "2024-01-19 01:55:59", "elapsed": 6266.977541, "delta": 0.007285}}
{"target": -17.677014932989536, "params": {"gamma": 49.919246090735946, "log10_alpha": -3.7535288491140024, "log10_colsample_bytree": -0.7672843738164274, "log10_eta": -3.4850554625042043, "log10_lambda": -4.657675599254116, "log10_min_child_weight": 2.327996752416328, "log10_subsample": -0.9618038325419451, "max_depth": 2.0, "num_boost_round": 30.0}, "datetime": {"datetime": "2024-01-19 01:55:59", "elapsed": 6266.985436, "delta": 0.007895}}
{"target": -17.677006163712672, "params": {"gamma": 49.919246090735946, "log10_alpha": -3.7535288491140024, "log10_colsample_bytree": -0.7672843738164274, "log10_eta": -3.4850554625042043, "log10_lambda": -4.657675599254116, "log10_min_child_weight": 2.327996752416328, "log10_subsample": -0.9618038325419451, "max_depth": 2.0, "num_boost_round": 31.0}, "datetime": {"datetime": "2024-01-19 01:55:59", "elapsed": 6266.993472, "delta": 0.008036}}
{"target": -17.677002114123336, "params": {"gamma": 49.919246090735946, "log10_alpha": -3.7535288491140024, "log10_colsample_bytree": -0.7672843738164274, "log10_eta": -3.4850554625042043, "log10_lambda": -4.657675599254116, "log10_min_child_weight": 2.327996752416328, "log10_subsample": -0.9618038325419451, "max_depth": 2.0, "num_boost_round": 32.0}, "datetime": {"datetime": "2024-01-19 01:55:59", "elapsed": 6267.000888, "delta": 0.007416}}
{"target": -17.67698872962797, "params": {"gamma": 49.919246090735946, "log10_alpha": -3.7535288491140024, "log10_colsample_bytree": -0.7672843738164274, "log10_eta": -3.4850554625042043, "log10_lambda": -4.657675599254116, "log10_min_child_weight": 2.327996752416328, "log10_subsample": -0.9618038325419451, "max_depth": 2.0, "num_boost_round": 33.0}, "datetime": {"datetime": "2024-01-19 01:55:59", "elapsed": 6267.008339, "delta": 0.007451}}
{"target": -17.676977499582303, "params": {"gamma": 49.919246090735946, "log10_alpha": -3.7535288491140024, "log10_colsample_bytree": -0.7672843738164274, "log10_eta": -3.4850554625042043, "log10_lambda": -4.657675599254116, "log10_min_child_weight": 2.327996752416328, "log10_subsample": -0.9618038325419451, "max_depth": 2.0, "num_boost_round": 34.0}, "datetime": {"datetime": "2024-01-19 01:55:59", "elapsed": 6267.015467, "delta": 0.007128}}
{"target": -17.67697155386415, "params": {"gamma": 49.919246090735946, "log10_alpha": -3.7535288491140024, "log10_colsample_bytree": -0.7672843738164274, "log10_eta": -3.4850554625042043, "log10_lambda": -4.657675599254116, "log10_min_child_weight": 2.327996752416328, "log10_subsample": -0.9618038325419451, "max_depth": 2.0, "num_boost_round": 35.0}, "datetime": {"datetime": "2024-01-19 01:55:59", "elapsed": 6267.022558, "delta": 0.007091}}
{"target": -17.676963645218137, "params": {"gamma": 49.919246090735946, "log10_alpha": -3.7535288491140024, "log10_colsample_bytree": -0.7672843738164274, "log10_eta": -3.4850554625042043, "log10_lambda": -4.657675599254116, "log10_min_child_weight": 2.327996752416328, "log10_subsample": -0.9618038325419451, "max_depth": 2.0, "num_boost_round": 36.0}, "datetime": {"datetime": "2024-01-19 01:55:59", "elapsed": 6267.029935, "delta": 0.007377}}
{"target": -17.676962716025415, "params": {"gamma": 49.919246090735946, "log10_alpha": -3.7535288491140024, "log10_colsample_bytree": -0.7672843738164274, "log10_eta": -3.4850554625042043, "log10_lambda": -4.657675599254116, "log10_min_child_weight": 2.327996752416328, "log10_subsample": -0.9618038325419451, "max_depth": 2.0, "num_boost_round": 37.0}, "datetime": {"datetime": "2024-01-19 01:55:59", "elapsed": 6267.037309, "delta": 0.007374}}
{"target": -17.677219445862683, "params": {"gamma": 50.04309915840466, "log10_alpha": -3.781563909628886, "log10_colsample_bytree": -0.7504174542163398, "log10_eta": -3.776728070912862, "log10_lambda": -4.647744661813807, "log10_min_child_weight": 2.638840997816652, "log10_subsample": -0.4205955181593968, "max_depth": 9.0, "num_boost_round": 0.0}, "datetime": {"datetime": "2024-01-19 01:57:09", "elapsed": 6336.91884, "delta": 69.881531}}
{"target": -17.677216317201452, "params": {"gamma": 50.04309915840466, "log10_alpha": -3.781563909628886, "log10_colsample_bytree": -0.7504174542163398, "log10_eta": -3.776728070912862, "log10_lambda": -4.647744661813807, "log10_min_child_weight": 2.638840997816652, "log10_subsample": -0.4205955181593968, "max_depth": 9.0, "num_boost_round": 1.0}, "datetime": {"datetime": "2024-01-19 01:57:09", "elapsed": 6336.927693, "delta": 0.008853}}
{"target": -17.67720912470261, "params": {"gamma": 50.04309915840466, "log10_alpha": -3.781563909628886, "log10_colsample_bytree": -0.7504174542163398, "log10_eta": -3.776728070912862, "log10_lambda": -4.647744661813807, "log10_min_child_weight": 2.638840997816652, "log10_subsample": -0.4205955181593968, "max_depth": 9.0, "num_boost_round": 2.0}, "datetime": {"datetime": "2024-01-19 01:57:09", "elapsed": 6336.935324, "delta": 0.007631}}
{"target": -17.67720192207278, "params": {"gamma": 50.04309915840466, "log10_alpha": -3.781563909628886, "log10_colsample_bytree": -0.7504174542163398, "log10_eta": -3.776728070912862, "log10_lambda": -4.647744661813807, "log10_min_child_weight": 2.638840997816652, "log10_subsample": -0.4205955181593968, "max_depth": 9.0, "num_boost_round": 3.0}, "datetime": {"datetime": "2024-01-19 01:57:09", "elapsed": 6336.942528, "delta": 0.007204}}
{"target": -17.677188317761786, "params": {"gamma": 50.04309915840466, "log10_alpha": -3.781563909628886, "log10_colsample_bytree": -0.7504174542163398, "log10_eta": -3.776728070912862, "log10_lambda": -4.647744661813807, "log10_min_child_weight": 2.638840997816652, "log10_subsample": -0.4205955181593968, "max_depth": 9.0, "num_boost_round": 4.0}, "datetime": {"datetime": "2024-01-19 01:57:09", "elapsed": 6336.949777, "delta": 0.007249}}
{"target": -17.677176519547317, "params": {"gamma": 50.04309915840466, "log10_alpha": -3.781563909628886, "log10_colsample_bytree": -0.7504174542163398, "log10_eta": -3.776728070912862, "log10_lambda": -4.647744661813807, "log10_min_child_weight": 2.638840997816652, "log10_subsample": -0.4205955181593968, "max_depth": 9.0, "num_boost_round": 5.0}, "datetime": {"datetime": "2024-01-19 01:57:09", "elapsed": 6336.956612, "delta": 0.006835}}
{"target": -17.677176269455448, "params": {"gamma": 50.04309915840466, "log10_alpha": -3.781563909628886, "log10_colsample_bytree": -0.7504174542163398, "log10_eta": -3.776728070912862, "log10_lambda": -4.647744661813807, "log10_min_child_weight": 2.638840997816652, "log10_subsample": -0.4205955181593968, "max_depth": 9.0, "num_boost_round": 6.0}, "datetime": {"datetime": "2024-01-19 01:57:09", "elapsed": 6336.963539, "delta": 0.006927}}
{"target": -17.677160255977977, "params": {"gamma": 50.04309915840466, "log10_alpha": -3.781563909628886, "log10_colsample_bytree": -0.7504174542163398, "log10_eta": -3.776728070912862, "log10_lambda": -4.647744661813807, "log10_min_child_weight": 2.638840997816652, "log10_subsample": -0.4205955181593968, "max_depth": 9.0, "num_boost_round": 7.0}, "datetime": {"datetime": "2024-01-19 01:57:09", "elapsed": 6336.970857, "delta": 0.007318}}
{"target": -17.677161379047796, "params": {"gamma": 50.04309915840466, "log10_alpha": -3.781563909628886, "log10_colsample_bytree": -0.7504174542163398, "log10_eta": -3.776728070912862, "log10_lambda": -4.647744661813807, "log10_min_child_weight": 2.638840997816652, "log10_subsample": -0.4205955181593968, "max_depth": 9.0, "num_boost_round": 8.0}, "datetime": {"datetime": "2024-01-19 01:57:09", "elapsed": 6336.978535, "delta": 0.007678}}
{"target": -17.677159650893373, "params": {"gamma": 50.04309915840466, "log10_alpha": -3.781563909628886, "log10_colsample_bytree": -0.7504174542163398, "log10_eta": -3.776728070912862, "log10_lambda": -4.647744661813807, "log10_min_child_weight": 2.638840997816652, "log10_subsample": -0.4205955181593968, "max_depth": 9.0, "num_boost_round": 9.0}, "datetime": {"datetime": "2024-01-19 01:57:09", "elapsed": 6336.986638, "delta": 0.008103}}
{"target": -17.677147292577057, "params": {"gamma": 50.04309915840466, "log10_alpha": -3.781563909628886, "log10_colsample_bytree": -0.7504174542163398, "log10_eta": -3.776728070912862, "log10_lambda": -4.647744661813807, "log10_min_child_weight": 2.638840997816652, "log10_subsample": -0.4205955181593968, "max_depth": 9.0, "num_boost_round": 10.0}, "datetime": {"datetime": "2024-01-19 01:57:09", "elapsed": 6336.99409, "delta": 0.007452}}
{"target": -17.67714190559997, "params": {"gamma": 50.04309915840466, "log10_alpha": -3.781563909628886, "log10_colsample_bytree": -0.7504174542163398, "log10_eta": -3.776728070912862, "log10_lambda": -4.647744661813807, "log10_min_child_weight": 2.638840997816652, "log10_subsample": -0.4205955181593968, "max_depth": 9.0, "num_boost_round": 11.0}, "datetime": {"datetime": "2024-01-19 01:57:09", "elapsed": 6337.001446, "delta": 0.007356}}
{"target": -17.677137815402943, "params": {"gamma": 50.04309915840466, "log10_alpha": -3.781563909628886, "log10_colsample_bytree": -0.7504174542163398, "log10_eta": -3.776728070912862, "log10_lambda": -4.647744661813807, "log10_min_child_weight": 2.638840997816652, "log10_subsample": -0.4205955181593968, "max_depth": 9.0, "num_boost_round": 12.0}, "datetime": {"datetime": "2024-01-19 01:57:09", "elapsed": 6337.009005, "delta": 0.007559}}
{"target": -17.67711897450977, "params": {"gamma": 50.04309915840466, "log10_alpha": -3.781563909628886, "log10_colsample_bytree": -0.7504174542163398, "log10_eta": -3.776728070912862, "log10_lambda": -4.647744661813807, "log10_min_child_weight": 2.638840997816652, "log10_subsample": -0.4205955181593968, "max_depth": 9.0, "num_boost_round": 13.0}, "datetime": {"datetime": "2024-01-19 01:57:09", "elapsed": 6337.016615, "delta": 0.00761}}
{"target": -17.677215856768118, "params": {"gamma": 58.35676501295606, "log10_alpha": -2.640447098155165, "log10_colsample_bytree": -0.37982909625348593, "log10_eta": -3.0055350607158657, "log10_lambda": -3.349326008259306, "log10_min_child_weight": 3.6634431728522756, "log10_subsample": -0.3774675226069081, "max_depth": 4.0, "num_boost_round": 0.0}, "datetime": {"datetime": "2024-01-19 01:58:37", "elapsed": 6425.180071, "delta": 88.163456}}
{"target": -17.677187560178233, "params": {"gamma": 58.35676501295606, "log10_alpha": -2.640447098155165, "log10_colsample_bytree": -0.37982909625348593, "log10_eta": -3.0055350607158657, "log10_lambda": -3.349326008259306, "log10_min_child_weight": 3.6634431728522756, "log10_subsample": -0.3774675226069081, "max_depth": 4.0, "num_boost_round": 1.0}, "datetime": {"datetime": "2024-01-19 01:58:37", "elapsed": 6425.18806, "delta": 0.007989}}
{"target": -17.677160779141605, "params": {"gamma": 58.35676501295606, "log10_alpha": -2.640447098155165, "log10_colsample_bytree": -0.37982909625348593, "log10_eta": -3.0055350607158657, "log10_lambda": -3.349326008259306, "log10_min_child_weight": 3.6634431728522756, "log10_subsample": -0.3774675226069081, "max_depth": 4.0, "num_boost_round": 2.0}, "datetime": {"datetime": "2024-01-19 01:58:37", "elapsed": 6425.195958, "delta": 0.007898}}
{"target": -17.677163596822975, "params": {"gamma": 58.35676501295606, "log10_alpha": -2.640447098155165, "log10_colsample_bytree": -0.37982909625348593, "log10_eta": -3.0055350607158657, "log10_lambda": -3.349326008259306, "log10_min_child_weight": 3.6634431728522756, "log10_subsample": -0.3774675226069081, "max_depth": 4.0, "num_boost_round": 3.0}, "datetime": {"datetime": "2024-01-19 01:58:37", "elapsed": 6425.202748, "delta": 0.00679}}
{"target": -17.677130135017944, "params": {"gamma": 58.35676501295606, "log10_alpha": -2.640447098155165, "log10_colsample_bytree": -0.37982909625348593, "log10_eta": -3.0055350607158657, "log10_lambda": -3.349326008259306, "log10_min_child_weight": 3.6634431728522756, "log10_subsample": -0.3774675226069081, "max_depth": 4.0, "num_boost_round": 4.0}, "datetime": {"datetime": "2024-01-19 01:58:37", "elapsed": 6425.209635, "delta": 0.006887}}
{"target": -17.67711243312991, "params": {"gamma": 58.35676501295606, "log10_alpha": -2.640447098155165, "log10_colsample_bytree": -0.37982909625348593, "log10_eta": -3.0055350607158657, "log10_lambda": -3.349326008259306, "log10_min_child_weight": 3.6634431728522756, "log10_subsample": -0.3774675226069081, "max_depth": 4.0, "num_boost_round": 5.0}, "datetime": {"datetime": "2024-01-19 01:58:37", "elapsed": 6425.216659, "delta": 0.007024}}
{"target": -17.677100323081103, "params": {"gamma": 58.35676501295606, "log10_alpha": -2.640447098155165, "log10_colsample_bytree": -0.37982909625348593, "log10_eta": -3.0055350607158657, "log10_lambda": -3.349326008259306, "log10_min_child_weight": 3.6634431728522756, "log10_subsample": -0.3774675226069081, "max_depth": 4.0, "num_boost_round": 6.0}, "datetime": {"datetime": "2024-01-19 01:58:37", "elapsed": 6425.223591, "delta": 0.006932}}
{"target": -17.67706933434511, "params": {"gamma": 58.35676501295606, "log10_alpha": -2.640447098155165, "log10_colsample_bytree": -0.37982909625348593, "log10_eta": -3.0055350607158657, "log10_lambda": -3.349326008259306, "log10_min_child_weight": 3.6634431728522756, "log10_subsample": -0.3774675226069081, "max_depth": 4.0, "num_boost_round": 7.0}, "datetime": {"datetime": "2024-01-19 01:58:37", "elapsed": 6425.231005, "delta": 0.007414}}
