{"target": -17.66956441145231, "params": {"gamma": 424.6397409077824, "log10_alpha": -0.7217997312128501, "log10_colsample_bytree": -0.5086619814431969, "log10_eta": -1.8153614639210218, "log10_lambda": -4.880590163012846, "log10_min_child_weight": 0.2869719209266469, "log10_subsample": -0.5929418018057074, "max_depth": 5.0, "num_boost_round": 12.0}, "datetime": {"datetime": "2024-01-19 00:31:50", "elapsed": 1203.338986, "delta": 0.002201}}
{"target": -17.669387996572848, "params": {"gamma": 424.6397409077824, "log10_alpha": -0.7217997312128501, "log10_colsample_bytree": -0.5086619814431969, "log10_eta": -1.8153614639210218, "log10_lambda": -4.880590163012846, "log10_min_child_weight": 0.2869719209266469, "log10_subsample": -0.5929418018057074, "max_depth": 5.0, "num_boost_round": 13.0}, "datetime": {"datetime": "2024-01-19 00:31:50", "elapsed": 1203.341233, "delta": 0.002247}}
{"target": -17.669891018746046, "params": {"gamma": 424.6397409077824, "log10_alpha": -0.7217997312128501, "log10_colsample_bytree": -0.5086619814431969, "log10_eta": -1.8153614639210218, "log10_lambda": -4.880590163012846, "log10_min_child_weight": 0.2869719209266469, "log10_subsample": -0.5929418018057074, "max_depth": 5.0, "num_boost_round": 14.0}, "datetime": {"datetime": "2024-01-19 00:31:50", "elapsed": 1203.3435, "delta": 0.002267}}
{"target": -17.670044605393617, "params": {"gamma": 424.6397409077824, "log10_alpha": -0.7217997312128501, "log10_colsample_bytree": -0.5086619814431969, "log10_eta": -1.8153614639210218, "log10_lambda": -4.880590163012846, "log10_min_child_weight": 0.2869719209266469, "log10_subsample": -0.5929418018057074, "max_depth": 5.0, "num_boost_round": 15.0}, "datetime": {"datetime": "2024-01-19 00:31:50", "elapsed": 1203.345741, "delta": 0.002241}}
{"target": -17.669503087699017, "params": {"gamma": 424.6397409077824, "log10_alpha": -0.7217997312128501, "log10_colsample_bytree": -0.5086619814431969, "log10_eta": -1.8153614639210218, "log10_lambda": -4.880590163012846, "log10_min_child_weight": 0.2869719209266469, "log10_subsample": -0.5929418018057074, "max_depth": 5.0, "num_boost_round": 16.0}, "datetime": {"datetime": "2024-01-19 00:31:50", "elapsed": 1203.348033, "delta": 0.002292}}
{"target": -17.669649127781923, "params": {"gamma": 424.6397409077824, "log10_alpha": -0.7217997312128501, "log10_colsample_bytree": -0.5086619814431969, "log10_eta": -1.8153614639210218, "log10_lambda": -4.880590163012846, "log10_min_child_weight": 0.2869719209266469, "log10_subsample": -0.5929418018057074, "max_depth": 5.0, "num_boost_round": 17.0}, "datetime": {"datetime": "2024-01-19 00:31:50", "elapsed": 1203.350381, "delta": 0.002348}}
{"target": -17.67074281252721, "params": {"gamma": 424.6397409077824, "log10_alpha": -0.7217997312128501, "log10_colsample_bytree": -0.5086619814431969, "log10_eta": -1.8153614639210218, "log10_lambda": -4.880590163012846, "log10_min_child_weight": 0.2869719209266469, "log10_subsample": -0.5929418018057074, "max_depth": 5.0, "num_boost_round": 18.0}, "datetime": {"datetime": "2024-01-19 00:31:50", "elapsed": 1203.352763, "delta": 0.002382}}
{"target": -17.671160541108243, "params": {"gamma": 424.6397409077824, "log10_alpha": -0.7217997312128501, "log10_colsample_bytree": -0.5086619814431969, "log10_eta": -1.8153614639210218, "log10_lambda": -4.880590163012846, "log10_min_child_weight": 0.2869719209266469, "log10_subsample": -0.5929418018057074, "max_depth": 5.0, "num_boost_round": 19.0}, "datetime": {"datetime": "2024-01-19 00:31:50", "elapsed": 1203.359575, "delta": 0.006812}}
{"target": -17.670802693152492, "params": {"gamma": 424.6397409077824, "log10_alpha": -0.7217997312128501, "log10_colsample_bytree": -0.5086619814431969, "log10_eta": -1.8153614639210218, "log10_lambda": -4.880590163012846, "log10_min_child_weight": 0.2869719209266469, "log10_subsample": -0.5929418018057074, "max_depth": 5.0, "num_boost_round": 20.0}, "datetime": {"datetime": "2024-01-19 00:31:50", "elapsed": 1203.362004, "delta": 0.002429}}
{"target": -17.670430435199606, "params": {"gamma": 424.6397409077824, "log10_alpha": -0.7217997312128501, "log10_colsample_bytree": -0.5086619814431969, "log10_eta": -1.8153614639210218, "log10_lambda": -4.880590163012846, "log10_min_child_weight": 0.2869719209266469, "log10_subsample": -0.5929418018057074, "max_depth": 5.0, "num_boost_round": 21.0}, "datetime": {"datetime": "2024-01-19 00:31:50", "elapsed": 1203.364324, "delta": 0.00232}}
{"target": -17.66951149053825, "params": {"gamma": 424.6397409077824, "log10_alpha": -0.7217997312128501, "log10_colsample_bytree": -0.5086619814431969, "log10_eta": -1.8153614639210218, "log10_lambda": -4.880590163012846, "log10_min_child_weight": 0.2869719209266469, "log10_subsample": -0.5929418018057074, "max_depth": 5.0, "num_boost_round": 22.0}, "datetime": {"datetime": "2024-01-19 00:31:50", "elapsed": 1203.366641, "delta": 0.002317}}
{"target": -17.66880070679254, "params": {"gamma": 424.6397409077824, "log10_alpha": -0.7217997312128501, "log10_colsample_bytree": -0.5086619814431969, "log10_eta": -1.8153614639210218, "log10_lambda": -4.880590163012846, "log10_min_child_weight": 0.2869719209266469, "log10_subsample": -0.5929418018057074, "max_depth": 5.0, "num_boost_round": 23.0}, "datetime": {"datetime": "2024-01-19 00:31:50", "elapsed": 1203.368983, "delta": 0.002342}}
{"target": -17.668757517014757, "params": {"gamma": 424.6397409077824, "log10_alpha": -0.7217997312128501, "log10_colsample_bytree": -0.5086619814431969, "log10_eta": -1.8153614639210218, "log10_lambda": -4.880590163012846, "log10_min_child_weight": 0.2869719209266469, "log10_subsample": -0.5929418018057074, "max_depth": 5.0, "num_boost_round": 24.0}, "datetime": {"datetime": "2024-01-19 00:31:50", "elapsed": 1203.371319, "delta": 0.002336}}
{"target": -17.66797830079028, "params": {"gamma": 424.6397409077824, "log10_alpha": -0.7217997312128501, "log10_colsample_bytree": -0.5086619814431969, "log10_eta": -1.8153614639210218, "log10_lambda": -4.880590163012846, "log10_min_child_weight": 0.2869719209266469, "log10_subsample": -0.5929418018057074, "max_depth": 5.0, "num_boost_round": 25.0}, "datetime": {"datetime": "2024-01-19 00:31:50", "elapsed": 1203.373622, "delta": 0.002303}}
{"target": -17.668389061793395, "params": {"gamma": 424.6397409077824, "log10_alpha": -0.7217997312128501, "log10_colsample_bytree": -0.5086619814431969, "log10_eta": -1.8153614639210218, "log10_lambda": -4.880590163012846, "log10_min_child_weight": 0.2869719209266469, "log10_subsample": -0.5929418018057074, "max_depth": 5.0, "num_boost_round": 26.0}, "datetime": {"datetime": "2024-01-19 00:31:50", "elapsed": 1203.375878, "delta": 0.002256}}
{"target": -17.66885529359656, "params": {"gamma": 424.6397409077824, "log10_alpha": -0.7217997312128501, "log10_colsample_bytree": -0.5086619814431969, "log10_eta": -1.8153614639210218, "log10_lambda": -4.880590163012846, "log10_min_child_weight": 0.2869719209266469, "log10_subsample": -0.5929418018057074, "max_depth": 5.0, "num_boost_round": 27.0}, "datetime": {"datetime": "2024-01-19 00:31:50", "elapsed": 1203.378111, "delta": 0.002233}}
{"target": -17.677228338527804, "params": {"gamma": 414.5178657813401, "log10_alpha": -3.7112712636863074, "log10_colsample_bytree": -0.5067897063997926, "log10_eta": -3.9690708261392156, "log10_lambda": -2.808758075059689, "log10_min_child_weight": 2.431725331544183, "log10_subsample": -0.7868556927833301, "max_depth": 3.0, "num_boost_round": 0.0}, "datetime": {"datetime": "2024-01-19 00:32:20", "elapsed": 1233.168988, "delta": 29.790877}}
{"target": -17.67722519708893, "params": {"gamma": 414.5178657813401, "log10_alpha": -3.7112712636863074, "log10_colsample_bytree": -0.5067897063997926, "log10_eta": -3.9690708261392156, "log10_lambda": -2.808758075059689, "log10_min_child_weight": 2.431725331544183, "log10_subsample": -0.7868556927833301, "max_depth": 3.0, "num_boost_round": 1.0}, "datetime": {"datetime": "2024-01-19 00:32:20", "elapsed": 1233.171773, "delta": 0.002785}}
{"target": -17.67722068632884, "params": {"gamma": 414.5178657813401, "log10_alpha": -3.7112712636863074, "log10_colsample_bytree": -0.5067897063997926, "log10_eta": -3.9690708261392156, "log10_lambda": -2.808758075059689, "log10_min_child_weight": 2.431725331544183, "log10_subsample": -0.7868556927833301, "max_depth": 3.0, "num_boost_round": 2.0}, "datetime": {"datetime": "2024-01-19 00:32:20", "elapsed": 1233.174378, "delta": 0.002605}}
{"target": -17.67721912503405, "params": {"gamma": 414.5178657813401, "log10_alpha": -3.7112712636863074, "log10_colsample_bytree": -0.5067897063997926, "log10_eta": -3.9690708261392156, "log10_lambda": -2.808758075059689, "log10_min_child_weight": 2.431725331544183, "log10_subsample": -0.7868556927833301, "max_depth": 3.0, "num_boost_round": 3.0}, "datetime": {"datetime": "2024-01-19 00:32:20", "elapsed": 1233.176633, "delta": 0.002255}}
{"target": -17.67721690775104, "params": {"gamma": 414.5178657813401, "log10_alpha": -3.7112712636863074, "log10_colsample_bytree": -0.5067897063997926, "log10_eta": -3.9690708261392156, "log10_lambda": -2.808758075059689, "log10_min_child_weight": 2.431725331544183, "log10_subsample": -0.7868556927833301, "max_depth": 3.0, "num_boost_round": 4.0}, "datetime": {"datetime": "2024-01-19 00:32:20", "elapsed": 1233.17892, "delta": 0.002287}}
{"target": -17.677212633243084, "params": {"gamma": 414.5178657813401, "log10_alpha": -3.7112712636863074, "log10_colsample_bytree": -0.5067897063997926, "log10_eta": -3.9690708261392156, "log10_lambda": -2.808758075059689, "log10_min_child_weight": 2.431725331544183, "log10_subsample": -0.7868556927833301, "max_depth": 3.0, "num_boost_round": 5.0}, "datetime": {"datetime": "2024-01-19 00:32:20", "elapsed": 1233.181268, "delta": 0.002348}}
{"target": -17.677209475184277, "params": {"gamma": 414.5178657813401, "log10_alpha": -3.7112712636863074, "log10_colsample_bytree": -0.5067897063997926, "log10_eta": -3.9690708261392156, "log10_lambda": -2.808758075059689, "log10_min_child_weight": 2.431725331544183, "log10_subsample": -0.7868556927833301, "max_depth": 3.0, "num_boost_round": 6.0}, "datetime": {"datetime": "2024-01-19 00:32:20", "elapsed": 1233.183502, "delta": 0.002234}}
{"target": -17.677206735801214, "params": {"gamma": 414.5178657813401, "log10_alpha": -3.7112712636863074, "log10_colsample_bytree": -0.5067897063997926, "log10_eta": -3.9690708261392156, "log10_lambda": -2.808758075059689, "log10_min_child_weight": 2.431725331544183, "log10_subsample": -0.7868556927833301, "max_depth": 3.0, "num_boost_round": 7.0}, "datetime": {"datetime": "2024-01-19 00:32:20", "elapsed": 1233.185775, "delta": 0.002273}}
{"target": -17.677205423013056, "params": {"gamma": 414.5178657813401, "log10_alpha": -3.7112712636863074, "log10_colsample_bytree": -0.5067897063997926, "log10_eta": -3.9690708261392156, "log10_lambda": -2.808758075059689, "log10_min_child_weight": 2.431725331544183, "log10_subsample": -0.7868556927833301, "max_depth": 3.0, "num_boost_round": 8.0}, "datetime": {"datetime": "2024-01-19 00:32:20", "elapsed": 1233.188045, "delta": 0.00227}}
{"target": -17.677200771018942, "params": {"gamma": 414.5178657813401, "log10_alpha": -3.7112712636863074, "log10_colsample_bytree": -0.5067897063997926, "log10_eta": -3.9690708261392156, "log10_lambda": -2.808758075059689, "log10_min_child_weight": 2.431725331544183, "log10_subsample": -0.7868556927833301, "max_depth": 3.0, "num_boost_round": 9.0}, "datetime": {"datetime": "2024-01-19 00:32:20", "elapsed": 1233.190354, "delta": 0.002309}}
{"target": -17.677198127072362, "params": {"gamma": 414.5178657813401, "log10_alpha": -3.7112712636863074, "log10_colsample_bytree": -0.5067897063997926, "log10_eta": -3.9690708261392156, "log10_lambda": -2.808758075059689, "log10_min_child_weight": 2.431725331544183, "log10_subsample": -0.7868556927833301, "max_depth": 3.0, "num_boost_round": 10.0}, "datetime": {"datetime": "2024-01-19 00:32:20", "elapsed": 1233.192604, "delta": 0.00225}}
{"target": -17.677192981335146, "params": {"gamma": 414.5178657813401, "log10_alpha": -3.7112712636863074, "log10_colsample_bytree": -0.5067897063997926, "log10_eta": -3.9690708261392156, "log10_lambda": -2.808758075059689, "log10_min_child_weight": 2.431725331544183, "log10_subsample": -0.7868556927833301, "max_depth": 3.0, "num_boost_round": 11.0}, "datetime": {"datetime": "2024-01-19 00:32:20", "elapsed": 1233.194845, "delta": 0.002241}}
{"target": -17.677188197743902, "params": {"gamma": 414.5178657813401, "log10_alpha": -3.7112712636863074, "log10_colsample_bytree": -0.5067897063997926, "log10_eta": -3.9690708261392156, "log10_lambda": -2.808758075059689, "log10_min_child_weight": 2.431725331544183, "log10_subsample": -0.7868556927833301, "max_depth": 3.0, "num_boost_round": 12.0}, "datetime": {"datetime": "2024-01-19 00:32:20", "elapsed": 1233.197062, "delta": 0.002217}}
{"target": -17.677183276440225, "params": {"gamma": 414.5178657813401, "log10_alpha": -3.7112712636863074, "log10_colsample_bytree": -0.5067897063997926, "log10_eta": -3.9690708261392156, "log10_lambda": -2.808758075059689, "log10_min_child_weight": 2.431725331544183, "log10_subsample": -0.7868556927833301, "max_depth": 3.0, "num_boost_round": 13.0}, "datetime": {"datetime": "2024-01-19 00:32:20", "elapsed": 1233.199318, "delta": 0.002256}}
{"target": -17.677182361014683, "params": {"gamma": 414.5178657813401, "log10_alpha": -3.7112712636863074, "log10_colsample_bytree": -0.5067897063997926, "log10_eta": -3.9690708261392156, "log10_lambda": -2.808758075059689, "log10_min_child_weight": 2.431725331544183, "log10_subsample": -0.7868556927833301, "max_depth": 3.0, "num_boost_round": 14.0}, "datetime": {"datetime": "2024-01-19 00:32:20", "elapsed": 1233.201686, "delta": 0.002368}}
{"target": -17.67718074633582, "params": {"gamma": 414.5178657813401, "log10_alpha": -3.7112712636863074, "log10_colsample_bytree": -0.5067897063997926, "log10_eta": -3.9690708261392156, "log10_lambda": -2.808758075059689, "log10_min_child_weight": 2.431725331544183, "log10_subsample": -0.7868556927833301, "max_depth": 3.0, "num_boost_round": 15.0}, "datetime": {"datetime": "2024-01-19 00:32:20", "elapsed": 1233.204152, "delta": 0.002466}}
{"target": -17.677178708419593, "params": {"gamma": 414.5178657813401, "log10_alpha": -3.7112712636863074, "log10_colsample_bytree": -0.5067897063997926, "log10_eta": -3.9690708261392156, "log10_lambda": -2.808758075059689, "log10_min_child_weight": 2.431725331544183, "log10_subsample": -0.7868556927833301, "max_depth": 3.0, "num_boost_round": 16.0}, "datetime": {"datetime": "2024-01-19 00:32:20", "elapsed": 1233.206384, "delta": 0.002232}}
{"target": -17.67718056410207, "params": {"gamma": 414.5178657813401, "log10_alpha": -3.7112712636863074, "log10_colsample_bytree": -0.5067897063997926, "log10_eta": -3.9690708261392156, "log10_lambda": -2.808758075059689, "log10_min_child_weight": 2.431725331544183, "log10_subsample": -0.7868556927833301, "max_depth": 3.0, "num_boost_round": 17.0}, "datetime": {"datetime": "2024-01-19 00:32:20", "elapsed": 1233.208676, "delta": 0.002292}}
{"target": -17.677179443818716, "params": {"gamma": 414.5178657813401, "log10_alpha": -3.7112712636863074, "log10_colsample_bytree": -0.5067897063997926, "log10_eta": -3.9690708261392156, "log10_lambda": -2.808758075059689, "log10_min_child_weight": 2.431725331544183, "log10_subsample": -0.7868556927833301, "max_depth": 3.0, "num_boost_round": 18.0}, "datetime": {"datetime": "2024-01-19 00:32:20", "elapsed": 1233.210962, "delta": 0.002286}}
{"target": -17.67717862845871, "params": {"gamma": 414.5178657813401, "log10_alpha": -3.7112712636863074, "log10_colsample_bytree": -0.5067897063997926, "log10_eta": -3.9690708261392156, "log10_lambda": -2.808758075059689, "log10_min_child_weight": 2.431725331544183, "log10_subsample": -0.7868556927833301, "max_depth": 3.0, "num_boost_round": 19.0}, "datetime": {"datetime": "2024-01-19 00:32:20", "elapsed": 1233.213204, "delta": 0.002242}}
{"target": -17.677176837195834, "params": {"gamma": 414.5178657813401, "log10_alpha": -3.7112712636863074, "log10_colsample_bytree": -0.5067897063997926, "log10_eta": -3.9690708261392156, "log10_lambda": -2.808758075059689, "log10_min_child_weight": 2.431725331544183, "log10_subsample": -0.7868556927833301, "max_depth": 3.0, "num_boost_round": 20.0}, "datetime": {"datetime": "2024-01-19 00:32:20", "elapsed": 1233.215441, "delta": 0.002237}}
{"target": -17.6771724238365, "params": {"gamma": 414.5178657813401, "log10_alpha": -3.7112712636863074, "log10_colsample_bytree": -0.5067897063997926, "log10_eta": -3.9690708261392156, "log10_lambda": -2.808758075059689, "log10_min_child_weight": 2.431725331544183, "log10_subsample": -0.7868556927833301, "max_depth": 3.0, "num_boost_round": 21.0}, "datetime": {"datetime": "2024-01-19 00:32:20", "elapsed": 1233.217661, "delta": 0.00222}}
{"target": -17.677167506731834, "params": {"gamma": 414.5178657813401, "log10_alpha": -3.7112712636863074, "log10_colsample_bytree": -0.5067897063997926, "log10_eta": -3.9690708261392156, "log10_lambda": -2.808758075059689, "log10_min_child_weight": 2.431725331544183, "log10_subsample": -0.7868556927833301, "max_depth": 3.0, "num_boost_round": 22.0}, "datetime": {"datetime": "2024-01-19 00:32:20", "elapsed": 1233.219892, "delta": 0.002231}}
{"target": -17.677160227837785, "params": {"gamma": 414.5178657813401, "log10_alpha": -3.7112712636863074, "log10_colsample_bytree": -0.5067897063997926, "log10_eta": -3.9690708261392156, "log10_lambda": -2.808758075059689, "log10_min_child_weight": 2.431725331544183, "log10_subsample": -0.7868556927833301, "max_depth": 3.0, "num_boost_round": 23.0}, "datetime": {"datetime": "2024-01-19 00:32:20", "elapsed": 1233.22221, "delta": 0.002318}}
{"target": -17.67715381164089, "params": {"gamma": 414.5178657813401, "log10_alpha": -3.7112712636863074, "log10_colsample_bytree": -0.5067897063997926, "log10_eta": -3.9690708261392156, "log10_lambda": -2.808758075059689, "log10_min_child_weight": 2.431725331544183, "log10_subsample": -0.7868556927833301, "max_depth": 3.0, "num_boost_round": 24.0}, "datetime": {"datetime": "2024-01-19 00:32:20", "elapsed": 1233.224438, "delta": 0.002228}}
{"target": -17.677216044792313, "params": {"gamma": 433.77680686484354, "log10_alpha": -3.1602243242737096, "log10_colsample_bytree": -0.4114291927828698, "log10_eta": -3.6962389292061815, "log10_lambda": -2.9528032886096742, "log10_min_child_weight": 2.092676192282366, "log10_subsample": -0.9234427239805423, "max_depth": 9.0, "num_boost_round": 0.0}, "datetime": {"datetime": "2024-01-19 00:32:57", "elapsed": 1270.176244, "delta": 36.951806}}
{"target": -17.67720440694267, "params": {"gamma": 433.77680686484354, "log10_alpha": -3.1602243242737096, "log10_colsample_bytree": -0.4114291927828698, "log10_eta": -3.6962389292061815, "log10_lambda": -2.9528032886096742, "log10_min_child_weight": 2.092676192282366, "log10_subsample": -0.9234427239805423, "max_depth": 9.0, "num_boost_round": 1.0}, "datetime": {"datetime": "2024-01-19 00:32:57", "elapsed": 1270.179778, "delta": 0.003534}}
{"target": -17.67719922484563, "params": {"gamma": 433.77680686484354, "log10_alpha": -3.1602243242737096, "log10_colsample_bytree": -0.4114291927828698, "log10_eta": -3.6962389292061815, "log10_lambda": -2.9528032886096742, "log10_min_child_weight": 2.092676192282366, "log10_subsample": -0.9234427239805423, "max_depth": 9.0, "num_boost_round": 2.0}, "datetime": {"datetime": "2024-01-19 00:32:57", "elapsed": 1270.18217, "delta": 0.002392}}
{"target": -17.677189058776268, "params": {"gamma": 433.77680686484354, "log10_alpha": -3.1602243242737096, "log10_colsample_bytree": -0.4114291927828698, "log10_eta": -3.6962389292061815, "log10_lambda": -2.9528032886096742, "log10_min_child_weight": 2.092676192282366, "log10_subsample": -0.9234427239805423, "max_depth": 9.0, "num_boost_round": 3.0}, "datetime": {"datetime": "2024-01-19 00:32:57", "elapsed": 1270.184493, "delta": 0.002323}}
{"target": -17.677180043180098, "params": {"gamma": 433.77680686484354, "log10_alpha": -3.1602243242737096, "log10_colsample_bytree": -0.4114291927828698, "log10_eta": -3.6962389292061815, "log10_lambda": -2.9528032886096742, "log10_min_child_weight": 2.092676192282366, "log10_subsample": -0.9234427239805423, "max_depth": 9.0, "num_boost_round": 4.0}, "datetime": {"datetime": "2024-01-19 00:32:57", "elapsed": 1270.18679, "delta": 0.002297}}
{"target": -17.677163681307935, "params": {"gamma": 433.77680686484354, "log10_alpha": -3.1602243242737096, "log10_colsample_bytree": -0.4114291927828698, "log10_eta": -3.6962389292061815, "log10_lambda": -2.9528032886096742, "log10_min_child_weight": 2.092676192282366, "log10_subsample": -0.9234427239805423, "max_depth": 9.0, "num_boost_round": 5.0}, "datetime": {"datetime": "2024-01-19 00:32:57", "elapsed": 1270.18909, "delta": 0.0023}}
{"target": -17.677161563403825, "params": {"gamma": 433.77680686484354, "log10_alpha": -3.1602243242737096, "log10_colsample_bytree": -0.4114291927828698, "log10_eta": -3.6962389292061815, "log10_lambda": -2.9528032886096742, "log10_min_child_weight": 2.092676192282366, "log10_subsample": -0.9234427239805423, "max_depth": 9.0, "num_boost_round": 6.0}, "datetime": {"datetime": "2024-01-19 00:32:57", "elapsed": 1270.19145, "delta": 0.00236}}
{"target": -17.677136173572006, "params": {"gamma": 433.77680686484354, "log10_alpha": -3.1602243242737096, "log10_colsample_bytree": -0.4114291927828698, "log10_eta": -3.6962389292061815, "log10_lambda": -2.9528032886096742, "log10_min_child_weight": 2.092676192282366, "log10_subsample": -0.9234427239805423, "max_depth": 9.0, "num_boost_round": 7.0}, "datetime": {"datetime": "2024-01-19 00:32:57", "elapsed": 1270.193731, "delta": 0.002281}}
