{"target": -13.758536512832187, "params": {"gamma": 39.255258831437104, "log10_alpha": -0.07283050994375628, "log10_colsample_bytree": -0.9571524362379997, "log10_eta": -3.990359125367068, "log10_lambda": 0.7023263743884032, "log10_min_child_weight": 4.980607183668483, "log10_subsample": -0.2031822691738251, "max_depth": 8.0, "num_boost_round": 5.0}, "datetime": {"datetime": "2024-01-19 02:36:22", "elapsed": 8690.328156, "delta": 0.006143}}
{"target": -13.758536380190053, "params": {"gamma": 39.255258831437104, "log10_alpha": -0.07283050994375628, "log10_colsample_bytree": -0.9571524362379997, "log10_eta": -3.990359125367068, "log10_lambda": 0.7023263743884032, "log10_min_child_weight": 4.980607183668483, "log10_subsample": -0.2031822691738251, "max_depth": 8.0, "num_boost_round": 6.0}, "datetime": {"datetime": "2024-01-19 02:36:22", "elapsed": 8690.334197, "delta": 0.006041}}
{"target": -13.758536123798947, "params": {"gamma": 39.255258831437104, "log10_alpha": -0.07283050994375628, "log10_colsample_bytree": -0.9571524362379997, "log10_eta": -3.990359125367068, "log10_lambda": 0.7023263743884032, "log10_min_child_weight": 4.980607183668483, "log10_subsample": -0.2031822691738251, "max_depth": 8.0, "num_boost_round": 7.0}, "datetime": {"datetime": "2024-01-19 02:36:22", "elapsed": 8690.340273, "delta": 0.006076}}
{"target": -13.758536040072986, "params": {"gamma": 39.255258831437104, "log10_alpha": -0.07283050994375628, "log10_colsample_bytree": -0.9571524362379997, "log10_eta": -3.990359125367068, "log10_lambda": 0.7023263743884032, "log10_min_child_weight": 4.980607183668483, "log10_subsample": -0.2031822691738251, "max_depth": 8.0, "num_boost_round": 8.0}, "datetime": {"datetime": "2024-01-19 02:36:22", "elapsed": 8690.346383, "delta": 0.00611}}
{"target": -13.75853576816821, "params": {"gamma": 39.255258831437104, "log10_alpha": -0.07283050994375628, "log10_colsample_bytree": -0.9571524362379997, "log10_eta": -3.990359125367068, "log10_lambda": 0.7023263743884032, "log10_min_child_weight": 4.980607183668483, "log10_subsample": -0.2031822691738251, "max_depth": 8.0, "num_boost_round": 9.0}, "datetime": {"datetime": "2024-01-19 02:36:22", "elapsed": 8690.352485, "delta": 0.006102}}
{"target": -13.758535748771122, "params": {"gamma": 39.255258831437104, "log10_alpha": -0.07283050994375628, "log10_colsample_bytree": -0.9571524362379997, "log10_eta": -3.990359125367068, "log10_lambda": 0.7023263743884032, "log10_min_child_weight": 4.980607183668483, "log10_subsample": -0.2031822691738251, "max_depth": 8.0, "num_boost_round": 10.0}, "datetime": {"datetime": "2024-01-19 02:36:22", "elapsed": 8690.358532, "delta": 0.006047}}
{"target": -13.758536180595472, "params": {"gamma": 34.21788093719637, "log10_alpha": 0.5197465621982761, "log10_colsample_bytree": -1.0, "log10_eta": -4.0, "log10_lambda": 1.0, "log10_min_child_weight": 0.0, "log10_subsample": -1.0, "max_depth": 2.0, "num_boost_round": 0.0}, "datetime": {"datetime": "2024-01-19 02:37:38", "elapsed": 8766.43476, "delta": 76.076228}}
{"target": -13.758534749288243, "params": {"gamma": 34.21788093719637, "log10_alpha": 0.5197465621982761, "log10_colsample_bytree": -1.0, "log10_eta": -4.0, "log10_lambda": 1.0, "log10_min_child_weight": 0.0, "log10_subsample": -1.0, "max_depth": 2.0, "num_boost_round": 1.0}, "datetime": {"datetime": "2024-01-19 02:37:38", "elapsed": 8766.441164, "delta": 0.006404}}
{"target": -13.758534766563512, "params": {"gamma": 34.21788093719637, "log10_alpha": 0.5197465621982761, "log10_colsample_bytree": -1.0, "log10_eta": -4.0, "log10_lambda": 1.0, "log10_min_child_weight": 0.0, "log10_subsample": -1.0, "max_depth": 2.0, "num_boost_round": 2.0}, "datetime": {"datetime": "2024-01-19 02:37:38", "elapsed": 8766.44737, "delta": 0.006206}}
{"target": -13.758535476846728, "params": {"gamma": 34.21788093719637, "log10_alpha": 0.5197465621982761, "log10_colsample_bytree": -1.0, "log10_eta": -4.0, "log10_lambda": 1.0, "log10_min_child_weight": 0.0, "log10_subsample": -1.0, "max_depth": 2.0, "num_boost_round": 3.0}, "datetime": {"datetime": "2024-01-19 02:37:38", "elapsed": 8766.453439, "delta": 0.006069}}
{"target": -13.758533668601519, "params": {"gamma": 34.21788093719637, "log10_alpha": 0.5197465621982761, "log10_colsample_bytree": -1.0, "log10_eta": -4.0, "log10_lambda": 1.0, "log10_min_child_weight": 0.0, "log10_subsample": -1.0, "max_depth": 2.0, "num_boost_round": 4.0}, "datetime": {"datetime": "2024-01-19 02:37:38", "elapsed": 8766.459482, "delta": 0.006043}}
{"target": -13.758533157842685, "params": {"gamma": 34.21788093719637, "log10_alpha": 0.5197465621982761, "log10_colsample_bytree": -1.0, "log10_eta": -4.0, "log10_lambda": 1.0, "log10_min_child_weight": 0.0, "log10_subsample": -1.0, "max_depth": 2.0, "num_boost_round": 5.0}, "datetime": {"datetime": "2024-01-19 02:37:38", "elapsed": 8766.573435, "delta": 0.113953}}
{"target": -13.758533016070233, "params": {"gamma": 34.21788093719637, "log10_alpha": 0.5197465621982761, "log10_colsample_bytree": -1.0, "log10_eta": -4.0, "log10_lambda": 1.0, "log10_min_child_weight": 0.0, "log10_subsample": -1.0, "max_depth": 2.0, "num_boost_round": 6.0}, "datetime": {"datetime": "2024-01-19 02:37:38", "elapsed": 8766.580818, "delta": 0.007383}}
{"target": -13.75853135930365, "params": {"gamma": 34.21788093719637, "log10_alpha": 0.5197465621982761, "log10_colsample_bytree": -1.0, "log10_eta": -4.0, "log10_lambda": 1.0, "log10_min_child_weight": 0.0, "log10_subsample": -1.0, "max_depth": 2.0, "num_boost_round": 7.0}, "datetime": {"datetime": "2024-01-19 02:37:38", "elapsed": 8766.587341, "delta": 0.006523}}
{"target": -13.758531465800232, "params": {"gamma": 34.21788093719637, "log10_alpha": 0.5197465621982761, "log10_colsample_bytree": -1.0, "log10_eta": -4.0, "log10_lambda": 1.0, "log10_min_child_weight": 0.0, "log10_subsample": -1.0, "max_depth": 2.0, "num_boost_round": 8.0}, "datetime": {"datetime": "2024-01-19 02:37:38", "elapsed": 8766.593609, "delta": 0.006268}}
{"target": -13.758530268114058, "params": {"gamma": 34.21788093719637, "log10_alpha": 0.5197465621982761, "log10_colsample_bytree": -1.0, "log10_eta": -4.0, "log10_lambda": 1.0, "log10_min_child_weight": 0.0, "log10_subsample": -1.0, "max_depth": 2.0, "num_boost_round": 9.0}, "datetime": {"datetime": "2024-01-19 02:37:38", "elapsed": 8766.599827, "delta": 0.006218}}
{"target": -13.758529365931379, "params": {"gamma": 34.21788093719637, "log10_alpha": 0.5197465621982761, "log10_colsample_bytree": -1.0, "log10_eta": -4.0, "log10_lambda": 1.0, "log10_min_child_weight": 0.0, "log10_subsample": -1.0, "max_depth": 2.0, "num_boost_round": 10.0}, "datetime": {"datetime": "2024-01-19 02:37:38", "elapsed": 8766.606084, "delta": 0.006257}}
{"target": -13.758529037656961, "params": {"gamma": 34.21788093719637, "log10_alpha": 0.5197465621982761, "log10_colsample_bytree": -1.0, "log10_eta": -4.0, "log10_lambda": 1.0, "log10_min_child_weight": 0.0, "log10_subsample": -1.0, "max_depth": 2.0, "num_boost_round": 11.0}, "datetime": {"datetime": "2024-01-19 02:37:38", "elapsed": 8766.612407, "delta": 0.006323}}
{"target": -13.758528100662872, "params": {"gamma": 34.21788093719637, "log10_alpha": 0.5197465621982761, "log10_colsample_bytree": -1.0, "log10_eta": -4.0, "log10_lambda": 1.0, "log10_min_child_weight": 0.0, "log10_subsample": -1.0, "max_depth": 2.0, "num_boost_round": 12.0}, "datetime": {"datetime": "2024-01-19 02:37:38", "elapsed": 8766.618667, "delta": 0.00626}}
{"target": -13.758528042527356, "params": {"gamma": 34.21788093719637, "log10_alpha": 0.5197465621982761, "log10_colsample_bytree": -1.0, "log10_eta": -4.0, "log10_lambda": 1.0, "log10_min_child_weight": 0.0, "log10_subsample": -1.0, "max_depth": 2.0, "num_boost_round": 13.0}, "datetime": {"datetime": "2024-01-19 02:37:38", "elapsed": 8766.624931, "delta": 0.006264}}
{"target": -13.758525900981326, "params": {"gamma": 34.21788093719637, "log10_alpha": 0.5197465621982761, "log10_colsample_bytree": -1.0, "log10_eta": -4.0, "log10_lambda": 1.0, "log10_min_child_weight": 0.0, "log10_subsample": -1.0, "max_depth": 2.0, "num_boost_round": 14.0}, "datetime": {"datetime": "2024-01-19 02:37:38", "elapsed": 8766.631228, "delta": 0.006297}}
{"target": -13.758524905342457, "params": {"gamma": 34.21788093719637, "log10_alpha": 0.5197465621982761, "log10_colsample_bytree": -1.0, "log10_eta": -4.0, "log10_lambda": 1.0, "log10_min_child_weight": 0.0, "log10_subsample": -1.0, "max_depth": 2.0, "num_boost_round": 15.0}, "datetime": {"datetime": "2024-01-19 02:37:38", "elapsed": 8766.637491, "delta": 0.006263}}
{"target": -13.75852438832594, "params": {"gamma": 34.21788093719637, "log10_alpha": 0.5197465621982761, "log10_colsample_bytree": -1.0, "log10_eta": -4.0, "log10_lambda": 1.0, "log10_min_child_weight": 0.0, "log10_subsample": -1.0, "max_depth": 2.0, "num_boost_round": 16.0}, "datetime": {"datetime": "2024-01-19 02:37:38", "elapsed": 8766.643898, "delta": 0.006407}}
{"target": -13.758523535461698, "params": {"gamma": 34.21788093719637, "log10_alpha": 0.5197465621982761, "log10_colsample_bytree": -1.0, "log10_eta": -4.0, "log10_lambda": 1.0, "log10_min_child_weight": 0.0, "log10_subsample": -1.0, "max_depth": 2.0, "num_boost_round": 17.0}, "datetime": {"datetime": "2024-01-19 02:37:38", "elapsed": 8766.650197, "delta": 0.006299}}
{"target": -13.758523136627284, "params": {"gamma": 34.21788093719637, "log10_alpha": 0.5197465621982761, "log10_colsample_bytree": -1.0, "log10_eta": -4.0, "log10_lambda": 1.0, "log10_min_child_weight": 0.0, "log10_subsample": -1.0, "max_depth": 2.0, "num_boost_round": 18.0}, "datetime": {"datetime": "2024-01-19 02:37:38", "elapsed": 8766.65658, "delta": 0.006383}}
{"target": -13.758522091883817, "params": {"gamma": 34.21788093719637, "log10_alpha": 0.5197465621982761, "log10_colsample_bytree": -1.0, "log10_eta": -4.0, "log10_lambda": 1.0, "log10_min_child_weight": 0.0, "log10_subsample": -1.0, "max_depth": 2.0, "num_boost_round": 19.0}, "datetime": {"datetime": "2024-01-19 02:37:38", "elapsed": 8766.66296, "delta": 0.00638}}
{"target": -13.758522170301287, "params": {"gamma": 34.21788093719637, "log10_alpha": 0.5197465621982761, "log10_colsample_bytree": -1.0, "log10_eta": -4.0, "log10_lambda": 1.0, "log10_min_child_weight": 0.0, "log10_subsample": -1.0, "max_depth": 2.0, "num_boost_round": 20.0}, "datetime": {"datetime": "2024-01-19 02:37:38", "elapsed": 8766.669236, "delta": 0.006276}}
{"target": -13.758520455522374, "params": {"gamma": 34.21788093719637, "log10_alpha": 0.5197465621982761, "log10_colsample_bytree": -1.0, "log10_eta": -4.0, "log10_lambda": 1.0, "log10_min_child_weight": 0.0, "log10_subsample": -1.0, "max_depth": 2.0, "num_boost_round": 21.0}, "datetime": {"datetime": "2024-01-19 02:37:38", "elapsed": 8766.675671, "delta": 0.006435}}
{"target": -13.758516472712849, "params": {"gamma": 34.21788093719637, "log10_alpha": 0.5197465621982761, "log10_colsample_bytree": -1.0, "log10_eta": -4.0, "log10_lambda": 1.0, "log10_min_child_weight": 0.0, "log10_subsample": -1.0, "max_depth": 2.0, "num_boost_round": 22.0}, "datetime": {"datetime": "2024-01-19 02:37:38", "elapsed": 8766.682042, "delta": 0.006371}}
{"target": -13.75851501193061, "params": {"gamma": 34.21788093719637, "log10_alpha": 0.5197465621982761, "log10_colsample_bytree": -1.0, "log10_eta": -4.0, "log10_lambda": 1.0, "log10_min_child_weight": 0.0, "log10_subsample": -1.0, "max_depth": 2.0, "num_boost_round": 23.0}, "datetime": {"datetime": "2024-01-19 02:37:38", "elapsed": 8766.688344, "delta": 0.006302}}
{"target": -13.75851497234438, "params": {"gamma": 34.21788093719637, "log10_alpha": 0.5197465621982761, "log10_colsample_bytree": -1.0, "log10_eta": -4.0, "log10_lambda": 1.0, "log10_min_child_weight": 0.0, "log10_subsample": -1.0, "max_depth": 2.0, "num_boost_round": 24.0}, "datetime": {"datetime": "2024-01-19 02:37:38", "elapsed": 8766.694683, "delta": 0.006339}}
{"target": -13.758513610721248, "params": {"gamma": 34.21788093719637, "log10_alpha": 0.5197465621982761, "log10_colsample_bytree": -1.0, "log10_eta": -4.0, "log10_lambda": 1.0, "log10_min_child_weight": 0.0, "log10_subsample": -1.0, "max_depth": 2.0, "num_boost_round": 25.0}, "datetime": {"datetime": "2024-01-19 02:37:38", "elapsed": 8766.701066, "delta": 0.006383}}
{"target": -13.75851310395918, "params": {"gamma": 34.21788093719637, "log10_alpha": 0.5197465621982761, "log10_colsample_bytree": -1.0, "log10_eta": -4.0, "log10_lambda": 1.0, "log10_min_child_weight": 0.0, "log10_subsample": -1.0, "max_depth": 2.0, "num_boost_round": 26.0}, "datetime": {"datetime": "2024-01-19 02:37:38", "elapsed": 8766.707357, "delta": 0.006291}}
{"target": -13.758512819409567, "params": {"gamma": 34.21788093719637, "log10_alpha": 0.5197465621982761, "log10_colsample_bytree": -1.0, "log10_eta": -4.0, "log10_lambda": 1.0, "log10_min_child_weight": 0.0, "log10_subsample": -1.0, "max_depth": 2.0, "num_boost_round": 27.0}, "datetime": {"datetime": "2024-01-19 02:37:38", "elapsed": 8766.713654, "delta": 0.006297}}
{"target": -13.758511684260636, "params": {"gamma": 34.21788093719637, "log10_alpha": 0.5197465621982761, "log10_colsample_bytree": -1.0, "log10_eta": -4.0, "log10_lambda": 1.0, "log10_min_child_weight": 0.0, "log10_subsample": -1.0, "max_depth": 2.0, "num_boost_round": 28.0}, "datetime": {"datetime": "2024-01-19 02:37:38", "elapsed": 8766.796421, "delta": 0.082767}}
{"target": -13.758511217249781, "params": {"gamma": 34.21788093719637, "log10_alpha": 0.5197465621982761, "log10_colsample_bytree": -1.0, "log10_eta": -4.0, "log10_lambda": 1.0, "log10_min_child_weight": 0.0, "log10_subsample": -1.0, "max_depth": 2.0, "num_boost_round": 29.0}, "datetime": {"datetime": "2024-01-19 02:37:38", "elapsed": 8766.804873, "delta": 0.008452}}
{"target": -13.758510000315383, "params": {"gamma": 34.21788093719637, "log10_alpha": 0.5197465621982761, "log10_colsample_bytree": -1.0, "log10_eta": -4.0, "log10_lambda": 1.0, "log10_min_child_weight": 0.0, "log10_subsample": -1.0, "max_depth": 2.0, "num_boost_round": 30.0}, "datetime": {"datetime": "2024-01-19 02:37:38", "elapsed": 8766.812101, "delta": 0.007228}}
{"target": -13.758508671367508, "params": {"gamma": 34.21788093719637, "log10_alpha": 0.5197465621982761, "log10_colsample_bytree": -1.0, "log10_eta": -4.0, "log10_lambda": 1.0, "log10_min_child_weight": 0.0, "log10_subsample": -1.0, "max_depth": 2.0, "num_boost_round": 31.0}, "datetime": {"datetime": "2024-01-19 02:37:38", "elapsed": 8766.819249, "delta": 0.007148}}
{"target": -13.758507196827386, "params": {"gamma": 34.21788093719637, "log10_alpha": 0.5197465621982761, "log10_colsample_bytree": -1.0, "log10_eta": -4.0, "log10_lambda": 1.0, "log10_min_child_weight": 0.0, "log10_subsample": -1.0, "max_depth": 2.0, "num_boost_round": 32.0}, "datetime": {"datetime": "2024-01-19 02:37:38", "elapsed": 8766.825824, "delta": 0.006575}}
{"target": -13.758494864375743, "params": {"gamma": 14.790229944791733, "log10_alpha": -4.313560277489104, "log10_colsample_bytree": -0.5997129762455535, "log10_eta": -2.401166180250359, "log10_lambda": -3.771078017287435, "log10_min_child_weight": 1.2098232901808874, "log10_subsample": -0.43284643130513867, "max_depth": 6.0, "num_boost_round": 0.0}, "datetime": {"datetime": "2024-01-19 02:39:16", "elapsed": 8864.492765, "delta": 97.666941}}
{"target": -13.75805055274604, "params": {"gamma": 14.790229944791733, "log10_alpha": -4.313560277489104, "log10_colsample_bytree": -0.5997129762455535, "log10_eta": -2.401166180250359, "log10_lambda": -3.771078017287435, "log10_min_child_weight": 1.2098232901808874, "log10_subsample": -0.43284643130513867, "max_depth": 6.0, "num_boost_round": 1.0}, "datetime": {"datetime": "2024-01-19 02:39:16", "elapsed": 8864.499918, "delta": 0.007153}}
{"target": -13.757917333455497, "params": {"gamma": 14.790229944791733, "log10_alpha": -4.313560277489104, "log10_colsample_bytree": -0.5997129762455535, "log10_eta": -2.401166180250359, "log10_lambda": -3.771078017287435, "log10_min_child_weight": 1.2098232901808874, "log10_subsample": -0.43284643130513867, "max_depth": 6.0, "num_boost_round": 2.0}, "datetime": {"datetime": "2024-01-19 02:39:16", "elapsed": 8864.506425, "delta": 0.006507}}
{"target": -13.757666267134804, "params": {"gamma": 14.790229944791733, "log10_alpha": -4.313560277489104, "log10_colsample_bytree": -0.5997129762455535, "log10_eta": -2.401166180250359, "log10_lambda": -3.771078017287435, "log10_min_child_weight": 1.2098232901808874, "log10_subsample": -0.43284643130513867, "max_depth": 6.0, "num_boost_round": 3.0}, "datetime": {"datetime": "2024-01-19 02:39:16", "elapsed": 8864.512664, "delta": 0.006239}}
{"target": -13.757557390677025, "params": {"gamma": 14.790229944791733, "log10_alpha": -4.313560277489104, "log10_colsample_bytree": -0.5997129762455535, "log10_eta": -2.401166180250359, "log10_lambda": -3.771078017287435, "log10_min_child_weight": 1.2098232901808874, "log10_subsample": -0.43284643130513867, "max_depth": 6.0, "num_boost_round": 4.0}, "datetime": {"datetime": "2024-01-19 02:39:16", "elapsed": 8864.519017, "delta": 0.006353}}
{"target": -13.757258612581856, "params": {"gamma": 14.790229944791733, "log10_alpha": -4.313560277489104, "log10_colsample_bytree": -0.5997129762455535, "log10_eta": -2.401166180250359, "log10_lambda": -3.771078017287435, "log10_min_child_weight": 1.2098232901808874, "log10_subsample": -0.43284643130513867, "max_depth": 6.0, "num_boost_round": 5.0}, "datetime": {"datetime": "2024-01-19 02:39:16", "elapsed": 8864.525231, "delta": 0.006214}}
{"target": -13.7572454442694, "params": {"gamma": 14.790229944791733, "log10_alpha": -4.313560277489104, "log10_colsample_bytree": -0.5997129762455535, "log10_eta": -2.401166180250359, "log10_lambda": -3.771078017287435, "log10_min_child_weight": 1.2098232901808874, "log10_subsample": -0.43284643130513867, "max_depth": 6.0, "num_boost_round": 6.0}, "datetime": {"datetime": "2024-01-19 02:39:16", "elapsed": 8864.531592, "delta": 0.006361}}
{"target": -13.75717104013876, "params": {"gamma": 14.790229944791733, "log10_alpha": -4.313560277489104, "log10_colsample_bytree": -0.5997129762455535, "log10_eta": -2.401166180250359, "log10_lambda": -3.771078017287435, "log10_min_child_weight": 1.2098232901808874, "log10_subsample": -0.43284643130513867, "max_depth": 6.0, "num_boost_round": 7.0}, "datetime": {"datetime": "2024-01-19 02:39:16", "elapsed": 8864.537808, "delta": 0.006216}}
{"target": -13.757086550108745, "params": {"gamma": 14.790229944791733, "log10_alpha": -4.313560277489104, "log10_colsample_bytree": -0.5997129762455535, "log10_eta": -2.401166180250359, "log10_lambda": -3.771078017287435, "log10_min_child_weight": 1.2098232901808874, "log10_subsample": -0.43284643130513867, "max_depth": 6.0, "num_boost_round": 8.0}, "datetime": {"datetime": "2024-01-19 02:39:16", "elapsed": 8864.544127, "delta": 0.006319}}
{"target": -13.757129420613735, "params": {"gamma": 14.790229944791733, "log10_alpha": -4.313560277489104, "log10_colsample_bytree": -0.5997129762455535, "log10_eta": -2.401166180250359, "log10_lambda": -3.771078017287435, "log10_min_child_weight": 1.2098232901808874, "log10_subsample": -0.43284643130513867, "max_depth": 6.0, "num_boost_round": 9.0}, "datetime": {"datetime": "2024-01-19 02:39:16", "elapsed": 8864.550506, "delta": 0.006379}}
{"target": -13.757022249768681, "params": {"gamma": 14.790229944791733, "log10_alpha": -4.313560277489104, "log10_colsample_bytree": -0.5997129762455535, "log10_eta": -2.401166180250359, "log10_lambda": -3.771078017287435, "log10_min_child_weight": 1.2098232901808874, "log10_subsample": -0.43284643130513867, "max_depth": 6.0, "num_boost_round": 10.0}, "datetime": {"datetime": "2024-01-19 02:39:16", "elapsed": 8864.556747, "delta": 0.006241}}
{"target": -13.756886449705338, "params": {"gamma": 14.790229944791733, "log10_alpha": -4.313560277489104, "log10_colsample_bytree": -0.5997129762455535, "log10_eta": -2.401166180250359, "log10_lambda": -3.771078017287435, "log10_min_child_weight": 1.2098232901808874, "log10_subsample": -0.43284643130513867, "max_depth": 6.0, "num_boost_round": 11.0}, "datetime": {"datetime": "2024-01-19 02:39:16", "elapsed": 8864.563018, "delta": 0.006271}}
{"target": -13.756866502397232, "params": {"gamma": 14.790229944791733, "log10_alpha": -4.313560277489104, "log10_colsample_bytree": -0.5997129762455535, "log10_eta": -2.401166180250359, "log10_lambda": -3.771078017287435, "log10_min_child_weight": 1.2098232901808874, "log10_subsample": -0.43284643130513867, "max_depth": 6.0, "num_boost_round": 12.0}, "datetime": {"datetime": "2024-01-19 02:39:16", "elapsed": 8864.56937, "delta": 0.006352}}
{"target": -13.756879516184433, "params": {"gamma": 14.790229944791733, "log10_alpha": -4.313560277489104, "log10_colsample_bytree": -0.5997129762455535, "log10_eta": -2.401166180250359, "log10_lambda": -3.771078017287435, "log10_min_child_weight": 1.2098232901808874, "log10_subsample": -0.43284643130513867, "max_depth": 6.0, "num_boost_round": 13.0}, "datetime": {"datetime": "2024-01-19 02:39:16", "elapsed": 8864.575715, "delta": 0.006345}}
{"target": -13.756944039987726, "params": {"gamma": 14.790229944791733, "log10_alpha": -4.313560277489104, "log10_colsample_bytree": -0.5997129762455535, "log10_eta": -2.401166180250359, "log10_lambda": -3.771078017287435, "log10_min_child_weight": 1.2098232901808874, "log10_subsample": -0.43284643130513867, "max_depth": 6.0, "num_boost_round": 14.0}, "datetime": {"datetime": "2024-01-19 02:39:16", "elapsed": 8864.582209, "delta": 0.006494}}
{"target": -13.75675157232398, "params": {"gamma": 14.790229944791733, "log10_alpha": -4.313560277489104, "log10_colsample_bytree": -0.5997129762455535, "log10_eta": -2.401166180250359, "log10_lambda": -3.771078017287435, "log10_min_child_weight": 1.2098232901808874, "log10_subsample": -0.43284643130513867, "max_depth": 6.0, "num_boost_round": 15.0}, "datetime": {"datetime": "2024-01-19 02:39:16", "elapsed": 8864.588659, "delta": 0.00645}}
