{"target": -17.677159948120575, "params": {"gamma": 830.6501634280403, "log10_alpha": 1.0, "log10_colsample_bytree": -1.0, "log10_eta": -4.0, "log10_lambda": -4.63003790232767, "log10_min_child_weight": 0.0, "log10_subsample": 0.0, "max_depth": 10.0, "num_boost_round": 14.0}, "datetime": {"datetime": "2024-01-19 01:12:02", "elapsed": 3606.892196, "delta": 0.005274}}
{"target": -17.677154545458095, "params": {"gamma": 830.6501634280403, "log10_alpha": 1.0, "log10_colsample_bytree": -1.0, "log10_eta": -4.0, "log10_lambda": -4.63003790232767, "log10_min_child_weight": 0.0, "log10_subsample": 0.0, "max_depth": 10.0, "num_boost_round": 15.0}, "datetime": {"datetime": "2024-01-19 01:12:02", "elapsed": 3606.897719, "delta": 0.005523}}
{"target": -17.677150292821114, "params": {"gamma": 830.6501634280403, "log10_alpha": 1.0, "log10_colsample_bytree": -1.0, "log10_eta": -4.0, "log10_lambda": -4.63003790232767, "log10_min_child_weight": 0.0, "log10_subsample": 0.0, "max_depth": 10.0, "num_boost_round": 16.0}, "datetime": {"datetime": "2024-01-19 01:12:02", "elapsed": 3606.903095, "delta": 0.005376}}
{"target": -17.677150967753917, "params": {"gamma": 830.6501634280403, "log10_alpha": 1.0, "log10_colsample_bytree": -1.0, "log10_eta": -4.0, "log10_lambda": -4.63003790232767, "log10_min_child_weight": 0.0, "log10_subsample": 0.0, "max_depth": 10.0, "num_boost_round": 17.0}, "datetime": {"datetime": "2024-01-19 01:12:02", "elapsed": 3606.90814, "delta": 0.005045}}
{"target": -17.677146708789166, "params": {"gamma": 830.6501634280403, "log10_alpha": 1.0, "log10_colsample_bytree": -1.0, "log10_eta": -4.0, "log10_lambda": -4.63003790232767, "log10_min_child_weight": 0.0, "log10_subsample": 0.0, "max_depth": 10.0, "num_boost_round": 18.0}, "datetime": {"datetime": "2024-01-19 01:12:02", "elapsed": 3606.912964, "delta": 0.004824}}
{"target": -17.677140445053777, "params": {"gamma": 830.6501634280403, "log10_alpha": 1.0, "log10_colsample_bytree": -1.0, "log10_eta": -4.0, "log10_lambda": -4.63003790232767, "log10_min_child_weight": 0.0, "log10_subsample": 0.0, "max_depth": 10.0, "num_boost_round": 19.0}, "datetime": {"datetime": "2024-01-19 01:12:02", "elapsed": 3606.917945, "delta": 0.004981}}
{"target": -17.677138812118134, "params": {"gamma": 830.6501634280403, "log10_alpha": 1.0, "log10_colsample_bytree": -1.0, "log10_eta": -4.0, "log10_lambda": -4.63003790232767, "log10_min_child_weight": 0.0, "log10_subsample": 0.0, "max_depth": 10.0, "num_boost_round": 20.0}, "datetime": {"datetime": "2024-01-19 01:12:02", "elapsed": 3606.922894, "delta": 0.004949}}
{"target": -17.67713719614747, "params": {"gamma": 830.6501634280403, "log10_alpha": 1.0, "log10_colsample_bytree": -1.0, "log10_eta": -4.0, "log10_lambda": -4.63003790232767, "log10_min_child_weight": 0.0, "log10_subsample": 0.0, "max_depth": 10.0, "num_boost_round": 21.0}, "datetime": {"datetime": "2024-01-19 01:12:02", "elapsed": 3606.927776, "delta": 0.004882}}
{"target": -17.6771308278071, "params": {"gamma": 830.6501634280403, "log10_alpha": 1.0, "log10_colsample_bytree": -1.0, "log10_eta": -4.0, "log10_lambda": -4.63003790232767, "log10_min_child_weight": 0.0, "log10_subsample": 0.0, "max_depth": 10.0, "num_boost_round": 22.0}, "datetime": {"datetime": "2024-01-19 01:12:02", "elapsed": 3606.932644, "delta": 0.004868}}
{"target": -17.67712357918801, "params": {"gamma": 830.6501634280403, "log10_alpha": 1.0, "log10_colsample_bytree": -1.0, "log10_eta": -4.0, "log10_lambda": -4.63003790232767, "log10_min_child_weight": 0.0, "log10_subsample": 0.0, "max_depth": 10.0, "num_boost_round": 23.0}, "datetime": {"datetime": "2024-01-19 01:12:02", "elapsed": 3606.937563, "delta": 0.004919}}
{"target": -17.677123624358615, "params": {"gamma": 830.6501634280403, "log10_alpha": 1.0, "log10_colsample_bytree": -1.0, "log10_eta": -4.0, "log10_lambda": -4.63003790232767, "log10_min_child_weight": 0.0, "log10_subsample": 0.0, "max_depth": 10.0, "num_boost_round": 24.0}, "datetime": {"datetime": "2024-01-19 01:12:02", "elapsed": 3606.942654, "delta": 0.005091}}
{"target": -17.677119235586783, "params": {"gamma": 830.6501634280403, "log10_alpha": 1.0, "log10_colsample_bytree": -1.0, "log10_eta": -4.0, "log10_lambda": -4.63003790232767, "log10_min_child_weight": 0.0, "log10_subsample": 0.0, "max_depth": 10.0, "num_boost_round": 25.0}, "datetime": {"datetime": "2024-01-19 01:12:02", "elapsed": 3606.947624, "delta": 0.00497}}
{"target": -17.677116612788545, "params": {"gamma": 830.6501634280403, "log10_alpha": 1.0, "log10_colsample_bytree": -1.0, "log10_eta": -4.0, "log10_lambda": -4.63003790232767, "log10_min_child_weight": 0.0, "log10_subsample": 0.0, "max_depth": 10.0, "num_boost_round": 26.0}, "datetime": {"datetime": "2024-01-19 01:12:02", "elapsed": 3606.952474, "delta": 0.00485}}
{"target": -17.67711390631983, "params": {"gamma": 830.6501634280403, "log10_alpha": 1.0, "log10_colsample_bytree": -1.0, "log10_eta": -4.0, "log10_lambda": -4.63003790232767, "log10_min_child_weight": 0.0, "log10_subsample": 0.0, "max_depth": 10.0, "num_boost_round": 27.0}, "datetime": {"datetime": "2024-01-19 01:12:02", "elapsed": 3606.957354, "delta": 0.00488}}
{"target": -17.677112319999996, "params": {"gamma": 830.6501634280403, "log10_alpha": 1.0, "log10_colsample_bytree": -1.0, "log10_eta": -4.0, "log10_lambda": -4.63003790232767, "log10_min_child_weight": 0.0, "log10_subsample": 0.0, "max_depth": 10.0, "num_boost_round": 28.0}, "datetime": {"datetime": "2024-01-19 01:12:02", "elapsed": 3606.962292, "delta": 0.004938}}
{"target": -17.67710706244165, "params": {"gamma": 830.6501634280403, "log10_alpha": 1.0, "log10_colsample_bytree": -1.0, "log10_eta": -4.0, "log10_lambda": -4.63003790232767, "log10_min_child_weight": 0.0, "log10_subsample": 0.0, "max_depth": 10.0, "num_boost_round": 29.0}, "datetime": {"datetime": "2024-01-19 01:12:02", "elapsed": 3606.967269, "delta": 0.004977}}
{"target": -17.677101248846384, "params": {"gamma": 830.6501634280403, "log10_alpha": 1.0, "log10_colsample_bytree": -1.0, "log10_eta": -4.0, "log10_lambda": -4.63003790232767, "log10_min_child_weight": 0.0, "log10_subsample": 0.0, "max_depth": 10.0, "num_boost_round": 30.0}, "datetime": {"datetime": "2024-01-19 01:12:02", "elapsed": 3606.972266, "delta": 0.004997}}
{"target": -17.677096182573674, "params": {"gamma": 830.6501634280403, "log10_alpha": 1.0, "log10_colsample_bytree": -1.0, "log10_eta": -4.0, "log10_lambda": -4.63003790232767, "log10_min_child_weight": 0.0, "log10_subsample": 0.0, "max_depth": 10.0, "num_boost_round": 31.0}, "datetime": {"datetime": "2024-01-19 01:12:02", "elapsed": 3606.977261, "delta": 0.004995}}
{"target": -17.67708900348739, "params": {"gamma": 830.6501634280403, "log10_alpha": 1.0, "log10_colsample_bytree": -1.0, "log10_eta": -4.0, "log10_lambda": -4.63003790232767, "log10_min_child_weight": 0.0, "log10_subsample": 0.0, "max_depth": 10.0, "num_boost_round": 32.0}, "datetime": {"datetime": "2024-01-19 01:12:02", "elapsed": 3606.982237, "delta": 0.004976}}
{"target": -17.677076871756096, "params": {"gamma": 830.6501634280403, "log10_alpha": 1.0, "log10_colsample_bytree": -1.0, "log10_eta": -4.0, "log10_lambda": -4.63003790232767, "log10_min_child_weight": 0.0, "log10_subsample": 0.0, "max_depth": 10.0, "num_boost_round": 33.0}, "datetime": {"datetime": "2024-01-19 01:12:02", "elapsed": 3606.987066, "delta": 0.004829}}
{"target": -17.677076724294412, "params": {"gamma": 830.6501634280403, "log10_alpha": 1.0, "log10_colsample_bytree": -1.0, "log10_eta": -4.0, "log10_lambda": -4.63003790232767, "log10_min_child_weight": 0.0, "log10_subsample": 0.0, "max_depth": 10.0, "num_boost_round": 34.0}, "datetime": {"datetime": "2024-01-19 01:12:02", "elapsed": 3606.992203, "delta": 0.005137}}
{"target": -17.677065271207656, "params": {"gamma": 830.6501634280403, "log10_alpha": 1.0, "log10_colsample_bytree": -1.0, "log10_eta": -4.0, "log10_lambda": -4.63003790232767, "log10_min_child_weight": 0.0, "log10_subsample": 0.0, "max_depth": 10.0, "num_boost_round": 35.0}, "datetime": {"datetime": "2024-01-19 01:12:02", "elapsed": 3606.997188, "delta": 0.004985}}
{"target": -17.677061303843683, "params": {"gamma": 830.6501634280403, "log10_alpha": 1.0, "log10_colsample_bytree": -1.0, "log10_eta": -4.0, "log10_lambda": -4.63003790232767, "log10_min_child_weight": 0.0, "log10_subsample": 0.0, "max_depth": 10.0, "num_boost_round": 36.0}, "datetime": {"datetime": "2024-01-19 01:12:02", "elapsed": 3607.002105, "delta": 0.004917}}
{"target": -17.677052476459096, "params": {"gamma": 830.6501634280403, "log10_alpha": 1.0, "log10_colsample_bytree": -1.0, "log10_eta": -4.0, "log10_lambda": -4.63003790232767, "log10_min_child_weight": 0.0, "log10_subsample": 0.0, "max_depth": 10.0, "num_boost_round": 37.0}, "datetime": {"datetime": "2024-01-19 01:12:02", "elapsed": 3607.006895, "delta": 0.00479}}
{"target": -17.677049108954925, "params": {"gamma": 830.6501634280403, "log10_alpha": 1.0, "log10_colsample_bytree": -1.0, "log10_eta": -4.0, "log10_lambda": -4.63003790232767, "log10_min_child_weight": 0.0, "log10_subsample": 0.0, "max_depth": 10.0, "num_boost_round": 38.0}, "datetime": {"datetime": "2024-01-19 01:12:02", "elapsed": 3607.011886, "delta": 0.004991}}
{"target": -17.6770438855303, "params": {"gamma": 830.6501634280403, "log10_alpha": 1.0, "log10_colsample_bytree": -1.0, "log10_eta": -4.0, "log10_lambda": -4.63003790232767, "log10_min_child_weight": 0.0, "log10_subsample": 0.0, "max_depth": 10.0, "num_boost_round": 39.0}, "datetime": {"datetime": "2024-01-19 01:12:02", "elapsed": 3607.016784, "delta": 0.004898}}
{"target": -17.677038108439458, "params": {"gamma": 830.6501634280403, "log10_alpha": 1.0, "log10_colsample_bytree": -1.0, "log10_eta": -4.0, "log10_lambda": -4.63003790232767, "log10_min_child_weight": 0.0, "log10_subsample": 0.0, "max_depth": 10.0, "num_boost_round": 40.0}, "datetime": {"datetime": "2024-01-19 01:12:02", "elapsed": 3607.021542, "delta": 0.004758}}
{"target": -17.677035310668398, "params": {"gamma": 830.6501634280403, "log10_alpha": 1.0, "log10_colsample_bytree": -1.0, "log10_eta": -4.0, "log10_lambda": -4.63003790232767, "log10_min_child_weight": 0.0, "log10_subsample": 0.0, "max_depth": 10.0, "num_boost_round": 41.0}, "datetime": {"datetime": "2024-01-19 01:12:02", "elapsed": 3607.026463, "delta": 0.004921}}
{"target": -17.677036527592765, "params": {"gamma": 830.6501634280403, "log10_alpha": 1.0, "log10_colsample_bytree": -1.0, "log10_eta": -4.0, "log10_lambda": -4.63003790232767, "log10_min_child_weight": 0.0, "log10_subsample": 0.0, "max_depth": 10.0, "num_boost_round": 42.0}, "datetime": {"datetime": "2024-01-19 01:12:02", "elapsed": 3607.03146, "delta": 0.004997}}
{"target": -17.67702712419291, "params": {"gamma": 830.6501634280403, "log10_alpha": 1.0, "log10_colsample_bytree": -1.0, "log10_eta": -4.0, "log10_lambda": -4.63003790232767, "log10_min_child_weight": 0.0, "log10_subsample": 0.0, "max_depth": 10.0, "num_boost_round": 43.0}, "datetime": {"datetime": "2024-01-19 01:12:02", "elapsed": 3607.036394, "delta": 0.004934}}
{"target": -17.675714869877723, "params": {"gamma": 835.6468892451758, "log10_alpha": -4.160185546043062, "log10_colsample_bytree": -0.5899709113226665, "log10_eta": -1.4430995839202865, "log10_lambda": -3.3172242648545236, "log10_min_child_weight": 2.697635368634131, "log10_subsample": -0.7404880801474046, "max_depth": 6.0, "num_boost_round": 0.0}, "datetime": {"datetime": "2024-01-19 01:13:24", "elapsed": 3689.435198, "delta": 82.398804}}
{"target": -17.675033327176664, "params": {"gamma": 835.6468892451758, "log10_alpha": -4.160185546043062, "log10_colsample_bytree": -0.5899709113226665, "log10_eta": -1.4430995839202865, "log10_lambda": -3.3172242648545236, "log10_min_child_weight": 2.697635368634131, "log10_subsample": -0.7404880801474046, "max_depth": 6.0, "num_boost_round": 1.0}, "datetime": {"datetime": "2024-01-19 01:13:24", "elapsed": 3689.440235, "delta": 0.005037}}
{"target": -17.67389598840742, "params": {"gamma": 835.6468892451758, "log10_alpha": -4.160185546043062, "log10_colsample_bytree": -0.5899709113226665, "log10_eta": -1.4430995839202865, "log10_lambda": -3.3172242648545236, "log10_min_child_weight": 2.697635368634131, "log10_subsample": -0.7404880801474046, "max_depth": 6.0, "num_boost_round": 2.0}, "datetime": {"datetime": "2024-01-19 01:13:24", "elapsed": 3689.44491, "delta": 0.004675}}
{"target": -17.67380356606571, "params": {"gamma": 835.6468892451758, "log10_alpha": -4.160185546043062, "log10_colsample_bytree": -0.5899709113226665, "log10_eta": -1.4430995839202865, "log10_lambda": -3.3172242648545236, "log10_min_child_weight": 2.697635368634131, "log10_subsample": -0.7404880801474046, "max_depth": 6.0, "num_boost_round": 3.0}, "datetime": {"datetime": "2024-01-19 01:13:24", "elapsed": 3689.449587, "delta": 0.004677}}
{"target": -17.67215693710301, "params": {"gamma": 835.6468892451758, "log10_alpha": -4.160185546043062, "log10_colsample_bytree": -0.5899709113226665, "log10_eta": -1.4430995839202865, "log10_lambda": -3.3172242648545236, "log10_min_child_weight": 2.697635368634131, "log10_subsample": -0.7404880801474046, "max_depth": 6.0, "num_boost_round": 4.0}, "datetime": {"datetime": "2024-01-19 01:13:24", "elapsed": 3689.454263, "delta": 0.004676}}
{"target": -17.672567851222947, "params": {"gamma": 835.6468892451758, "log10_alpha": -4.160185546043062, "log10_colsample_bytree": -0.5899709113226665, "log10_eta": -1.4430995839202865, "log10_lambda": -3.3172242648545236, "log10_min_child_weight": 2.697635368634131, "log10_subsample": -0.7404880801474046, "max_depth": 6.0, "num_boost_round": 5.0}, "datetime": {"datetime": "2024-01-19 01:13:24", "elapsed": 3689.458689, "delta": 0.004426}}
{"target": -17.673758301657234, "params": {"gamma": 835.6468892451758, "log10_alpha": -4.160185546043062, "log10_colsample_bytree": -0.5899709113226665, "log10_eta": -1.4430995839202865, "log10_lambda": -3.3172242648545236, "log10_min_child_weight": 2.697635368634131, "log10_subsample": -0.7404880801474046, "max_depth": 6.0, "num_boost_round": 6.0}, "datetime": {"datetime": "2024-01-19 01:13:24", "elapsed": 3689.463438, "delta": 0.004749}}
{"target": -17.67279493100829, "params": {"gamma": 835.6468892451758, "log10_alpha": -4.160185546043062, "log10_colsample_bytree": -0.5899709113226665, "log10_eta": -1.4430995839202865, "log10_lambda": -3.3172242648545236, "log10_min_child_weight": 2.697635368634131, "log10_subsample": -0.7404880801474046, "max_depth": 6.0, "num_boost_round": 7.0}, "datetime": {"datetime": "2024-01-19 01:13:24", "elapsed": 3689.468072, "delta": 0.004634}}
{"target": -17.673178258074273, "params": {"gamma": 835.6468892451758, "log10_alpha": -4.160185546043062, "log10_colsample_bytree": -0.5899709113226665, "log10_eta": -1.4430995839202865, "log10_lambda": -3.3172242648545236, "log10_min_child_weight": 2.697635368634131, "log10_subsample": -0.7404880801474046, "max_depth": 6.0, "num_boost_round": 8.0}, "datetime": {"datetime": "2024-01-19 01:13:24", "elapsed": 3689.472522, "delta": 0.00445}}
{"target": -17.673758206708797, "params": {"gamma": 835.6468892451758, "log10_alpha": -4.160185546043062, "log10_colsample_bytree": -0.5899709113226665, "log10_eta": -1.4430995839202865, "log10_lambda": -3.3172242648545236, "log10_min_child_weight": 2.697635368634131, "log10_subsample": -0.7404880801474046, "max_depth": 6.0, "num_boost_round": 9.0}, "datetime": {"datetime": "2024-01-19 01:13:24", "elapsed": 3689.477128, "delta": 0.004606}}
{"target": -17.673289884178022, "params": {"gamma": 835.6468892451758, "log10_alpha": -4.160185546043062, "log10_colsample_bytree": -0.5899709113226665, "log10_eta": -1.4430995839202865, "log10_lambda": -3.3172242648545236, "log10_min_child_weight": 2.697635368634131, "log10_subsample": -0.7404880801474046, "max_depth": 6.0, "num_boost_round": 10.0}, "datetime": {"datetime": "2024-01-19 01:13:25", "elapsed": 3689.60946, "delta": 0.132332}}
{"target": -17.673157323108004, "params": {"gamma": 835.6468892451758, "log10_alpha": -4.160185546043062, "log10_colsample_bytree": -0.5899709113226665, "log10_eta": -1.4430995839202865, "log10_lambda": -3.3172242648545236, "log10_min_child_weight": 2.697635368634131, "log10_subsample": -0.7404880801474046, "max_depth": 6.0, "num_boost_round": 11.0}, "datetime": {"datetime": "2024-01-19 01:13:25", "elapsed": 3689.615033, "delta": 0.005573}}
{"target": -17.672690363065183, "params": {"gamma": 835.6468892451758, "log10_alpha": -4.160185546043062, "log10_colsample_bytree": -0.5899709113226665, "log10_eta": -1.4430995839202865, "log10_lambda": -3.3172242648545236, "log10_min_child_weight": 2.697635368634131, "log10_subsample": -0.7404880801474046, "max_depth": 6.0, "num_boost_round": 12.0}, "datetime": {"datetime": "2024-01-19 01:13:25", "elapsed": 3689.620628, "delta": 0.005595}}
{"target": -17.673521242509253, "params": {"gamma": 835.6468892451758, "log10_alpha": -4.160185546043062, "log10_colsample_bytree": -0.5899709113226665, "log10_eta": -1.4430995839202865, "log10_lambda": -3.3172242648545236, "log10_min_child_weight": 2.697635368634131, "log10_subsample": -0.7404880801474046, "max_depth": 6.0, "num_boost_round": 13.0}, "datetime": {"datetime": "2024-01-19 01:13:25", "elapsed": 3689.625616, "delta": 0.004988}}
{"target": -17.67459468804978, "params": {"gamma": 835.6468892451758, "log10_alpha": -4.160185546043062, "log10_colsample_bytree": -0.5899709113226665, "log10_eta": -1.4430995839202865, "log10_lambda": -3.3172242648545236, "log10_min_child_weight": 2.697635368634131, "log10_subsample": -0.7404880801474046, "max_depth": 6.0, "num_boost_round": 14.0}, "datetime": {"datetime": "2024-01-19 01:13:25", "elapsed": 3689.630315, "delta": 0.004699}}
{"target": -17.675327724747703, "params": {"gamma": 835.6468892451758, "log10_alpha": -4.160185546043062, "log10_colsample_bytree": -0.5899709113226665, "log10_eta": -1.4430995839202865, "log10_lambda": -3.3172242648545236, "log10_min_child_weight": 2.697635368634131, "log10_subsample": -0.7404880801474046, "max_depth": 6.0, "num_boost_round": 15.0}, "datetime": {"datetime": "2024-01-19 01:13:25", "elapsed": 3689.635174, "delta": 0.004859}}
{"target": -17.676446839074952, "params": {"gamma": 835.6468892451758, "log10_alpha": -4.160185546043062, "log10_colsample_bytree": -0.5899709113226665, "log10_eta": -1.4430995839202865, "log10_lambda": -3.3172242648545236, "log10_min_child_weight": 2.697635368634131, "log10_subsample": -0.7404880801474046, "max_depth": 6.0, "num_boost_round": 16.0}, "datetime": {"datetime": "2024-01-19 01:13:25", "elapsed": 3689.640064, "delta": 0.00489}}
{"target": -17.677822280984845, "params": {"gamma": 835.6468892451758, "log10_alpha": -4.160185546043062, "log10_colsample_bytree": -0.5899709113226665, "log10_eta": -1.4430995839202865, "log10_lambda": -3.3172242648545236, "log10_min_child_weight": 2.697635368634131, "log10_subsample": -0.7404880801474046, "max_depth": 6.0, "num_boost_round": 17.0}, "datetime": {"datetime": "2024-01-19 01:13:25", "elapsed": 3689.644848, "delta": 0.004784}}
{"target": -17.67821778018046, "params": {"gamma": 835.6468892451758, "log10_alpha": -4.160185546043062, "log10_colsample_bytree": -0.5899709113226665, "log10_eta": -1.4430995839202865, "log10_lambda": -3.3172242648545236, "log10_min_child_weight": 2.697635368634131, "log10_subsample": -0.7404880801474046, "max_depth": 6.0, "num_boost_round": 18.0}, "datetime": {"datetime": "2024-01-19 01:13:25", "elapsed": 3689.649721, "delta": 0.004873}}
{"target": -17.67918690114197, "params": {"gamma": 835.6468892451758, "log10_alpha": -4.160185546043062, "log10_colsample_bytree": -0.5899709113226665, "log10_eta": -1.4430995839202865, "log10_lambda": -3.3172242648545236, "log10_min_child_weight": 2.697635368634131, "log10_subsample": -0.7404880801474046, "max_depth": 6.0, "num_boost_round": 19.0}, "datetime": {"datetime": "2024-01-19 01:13:25", "elapsed": 3689.654507, "delta": 0.004786}}
{"target": -17.680627362258907, "params": {"gamma": 835.6468892451758, "log10_alpha": -4.160185546043062, "log10_colsample_bytree": -0.5899709113226665, "log10_eta": -1.4430995839202865, "log10_lambda": -3.3172242648545236, "log10_min_child_weight": 2.697635368634131, "log10_subsample": -0.7404880801474046, "max_depth": 6.0, "num_boost_round": 20.0}, "datetime": {"datetime": "2024-01-19 01:13:25", "elapsed": 3689.659117, "delta": 0.00461}}
{"target": -17.681169213836196, "params": {"gamma": 835.6468892451758, "log10_alpha": -4.160185546043062, "log10_colsample_bytree": -0.5899709113226665, "log10_eta": -1.4430995839202865, "log10_lambda": -3.3172242648545236, "log10_min_child_weight": 2.697635368634131, "log10_subsample": -0.7404880801474046, "max_depth": 6.0, "num_boost_round": 21.0}, "datetime": {"datetime": "2024-01-19 01:13:25", "elapsed": 3689.664141, "delta": 0.005024}}
{"target": -17.681555468930505, "params": {"gamma": 835.6468892451758, "log10_alpha": -4.160185546043062, "log10_colsample_bytree": -0.5899709113226665, "log10_eta": -1.4430995839202865, "log10_lambda": -3.3172242648545236, "log10_min_child_weight": 2.697635368634131, "log10_subsample": -0.7404880801474046, "max_depth": 6.0, "num_boost_round": 22.0}, "datetime": {"datetime": "2024-01-19 01:13:25", "elapsed": 3689.668847, "delta": 0.004706}}
{"target": -17.68251119188753, "params": {"gamma": 835.6468892451758, "log10_alpha": -4.160185546043062, "log10_colsample_bytree": -0.5899709113226665, "log10_eta": -1.4430995839202865, "log10_lambda": -3.3172242648545236, "log10_min_child_weight": 2.697635368634131, "log10_subsample": -0.7404880801474046, "max_depth": 6.0, "num_boost_round": 23.0}, "datetime": {"datetime": "2024-01-19 01:13:25", "elapsed": 3689.673397, "delta": 0.00455}}
