{"target": -13.758563384504646, "params": {"gamma": 938.3657006405961, "log10_alpha": -2.9056012868811605, "log10_colsample_bytree": -0.07204830934109008, "log10_eta": -2.7229397955569685, "log10_lambda": -0.9176404374689371, "log10_min_child_weight": 3.297026893156821, "log10_subsample": -0.12960398890302283, "max_depth": 3.0, "num_boost_round": 25.0}, "datetime": {"datetime": "2024-01-19 01:27:20", "elapsed": 4541.696351, "delta": 0.005132}}
{"target": -13.758579301703156, "params": {"gamma": 938.3657006405961, "log10_alpha": -2.9056012868811605, "log10_colsample_bytree": -0.07204830934109008, "log10_eta": -2.7229397955569685, "log10_lambda": -0.9176404374689371, "log10_min_child_weight": 3.297026893156821, "log10_subsample": -0.12960398890302283, "max_depth": 3.0, "num_boost_round": 26.0}, "datetime": {"datetime": "2024-01-19 01:27:20", "elapsed": 4541.701459, "delta": 0.005108}}
{"target": -13.758564013949634, "params": {"gamma": 938.3657006405961, "log10_alpha": -2.9056012868811605, "log10_colsample_bytree": -0.07204830934109008, "log10_eta": -2.7229397955569685, "log10_lambda": -0.9176404374689371, "log10_min_child_weight": 3.297026893156821, "log10_subsample": -0.12960398890302283, "max_depth": 3.0, "num_boost_round": 27.0}, "datetime": {"datetime": "2024-01-19 01:27:20", "elapsed": 4541.706587, "delta": 0.005128}}
{"target": -13.758579370651374, "params": {"gamma": 938.3657006405961, "log10_alpha": -2.9056012868811605, "log10_colsample_bytree": -0.07204830934109008, "log10_eta": -2.7229397955569685, "log10_lambda": -0.9176404374689371, "log10_min_child_weight": 3.297026893156821, "log10_subsample": -0.12960398890302283, "max_depth": 3.0, "num_boost_round": 28.0}, "datetime": {"datetime": "2024-01-19 01:27:20", "elapsed": 4541.711734, "delta": 0.005147}}
{"target": -13.758586167355178, "params": {"gamma": 938.3657006405961, "log10_alpha": -2.9056012868811605, "log10_colsample_bytree": -0.07204830934109008, "log10_eta": -2.7229397955569685, "log10_lambda": -0.9176404374689371, "log10_min_child_weight": 3.297026893156821, "log10_subsample": -0.12960398890302283, "max_depth": 3.0, "num_boost_round": 29.0}, "datetime": {"datetime": "2024-01-19 01:27:20", "elapsed": 4541.716912, "delta": 0.005178}}
{"target": -13.75860054557395, "params": {"gamma": 938.3657006405961, "log10_alpha": -2.9056012868811605, "log10_colsample_bytree": -0.07204830934109008, "log10_eta": -2.7229397955569685, "log10_lambda": -0.9176404374689371, "log10_min_child_weight": 3.297026893156821, "log10_subsample": -0.12960398890302283, "max_depth": 3.0, "num_boost_round": 30.0}, "datetime": {"datetime": "2024-01-19 01:27:20", "elapsed": 4541.722272, "delta": 0.00536}}
{"target": -13.758597477355694, "params": {"gamma": 938.3657006405961, "log10_alpha": -2.9056012868811605, "log10_colsample_bytree": -0.07204830934109008, "log10_eta": -2.7229397955569685, "log10_lambda": -0.9176404374689371, "log10_min_child_weight": 3.297026893156821, "log10_subsample": -0.12960398890302283, "max_depth": 3.0, "num_boost_round": 31.0}, "datetime": {"datetime": "2024-01-19 01:27:20", "elapsed": 4541.727398, "delta": 0.005126}}
{"target": -13.7586100957903, "params": {"gamma": 938.3657006405961, "log10_alpha": -2.9056012868811605, "log10_colsample_bytree": -0.07204830934109008, "log10_eta": -2.7229397955569685, "log10_lambda": -0.9176404374689371, "log10_min_child_weight": 3.297026893156821, "log10_subsample": -0.12960398890302283, "max_depth": 3.0, "num_boost_round": 32.0}, "datetime": {"datetime": "2024-01-19 01:27:20", "elapsed": 4541.73249, "delta": 0.005092}}
{"target": -13.75859869960496, "params": {"gamma": 938.3657006405961, "log10_alpha": -2.9056012868811605, "log10_colsample_bytree": -0.07204830934109008, "log10_eta": -2.7229397955569685, "log10_lambda": -0.9176404374689371, "log10_min_child_weight": 3.297026893156821, "log10_subsample": -0.12960398890302283, "max_depth": 3.0, "num_boost_round": 33.0}, "datetime": {"datetime": "2024-01-19 01:27:20", "elapsed": 4541.737661, "delta": 0.005171}}
{"target": -13.758604836613907, "params": {"gamma": 938.3657006405961, "log10_alpha": -2.9056012868811605, "log10_colsample_bytree": -0.07204830934109008, "log10_eta": -2.7229397955569685, "log10_lambda": -0.9176404374689371, "log10_min_child_weight": 3.297026893156821, "log10_subsample": -0.12960398890302283, "max_depth": 3.0, "num_boost_round": 34.0}, "datetime": {"datetime": "2024-01-19 01:27:20", "elapsed": 4541.742778, "delta": 0.005117}}
{"target": -13.75862179116235, "params": {"gamma": 938.3657006405961, "log10_alpha": -2.9056012868811605, "log10_colsample_bytree": -0.07204830934109008, "log10_eta": -2.7229397955569685, "log10_lambda": -0.9176404374689371, "log10_min_child_weight": 3.297026893156821, "log10_subsample": -0.12960398890302283, "max_depth": 3.0, "num_boost_round": 35.0}, "datetime": {"datetime": "2024-01-19 01:27:20", "elapsed": 4541.747974, "delta": 0.005196}}
{"target": -13.758658025809284, "params": {"gamma": 938.3657006405961, "log10_alpha": -2.9056012868811605, "log10_colsample_bytree": -0.07204830934109008, "log10_eta": -2.7229397955569685, "log10_lambda": -0.9176404374689371, "log10_min_child_weight": 3.297026893156821, "log10_subsample": -0.12960398890302283, "max_depth": 3.0, "num_boost_round": 36.0}, "datetime": {"datetime": "2024-01-19 01:27:20", "elapsed": 4541.753292, "delta": 0.005318}}
{"target": -13.758506739661042, "params": {"gamma": 944.7422583582975, "log10_alpha": -4.870978755602616, "log10_colsample_bytree": -0.13015405470397978, "log10_eta": -2.113969165823494, "log10_lambda": -2.3056649495497803, "log10_min_child_weight": 0.08436855007477428, "log10_subsample": -0.03138870853455711, "max_depth": 3.0, "num_boost_round": 0.0}, "datetime": {"datetime": "2024-01-19 01:28:21", "elapsed": 4602.802583, "delta": 61.049291}}
{"target": -13.758449062012932, "params": {"gamma": 944.7422583582975, "log10_alpha": -4.870978755602616, "log10_colsample_bytree": -0.13015405470397978, "log10_eta": -2.113969165823494, "log10_lambda": -2.3056649495497803, "log10_min_child_weight": 0.08436855007477428, "log10_subsample": -0.03138870853455711, "max_depth": 3.0, "num_boost_round": 1.0}, "datetime": {"datetime": "2024-01-19 01:28:21", "elapsed": 4602.808816, "delta": 0.006233}}
{"target": -13.758510721135387, "params": {"gamma": 944.7422583582975, "log10_alpha": -4.870978755602616, "log10_colsample_bytree": -0.13015405470397978, "log10_eta": -2.113969165823494, "log10_lambda": -2.3056649495497803, "log10_min_child_weight": 0.08436855007477428, "log10_subsample": -0.03138870853455711, "max_depth": 3.0, "num_boost_round": 2.0}, "datetime": {"datetime": "2024-01-19 01:28:21", "elapsed": 4602.81404, "delta": 0.005224}}
{"target": -13.758672442803292, "params": {"gamma": 944.7422583582975, "log10_alpha": -4.870978755602616, "log10_colsample_bytree": -0.13015405470397978, "log10_eta": -2.113969165823494, "log10_lambda": -2.3056649495497803, "log10_min_child_weight": 0.08436855007477428, "log10_subsample": -0.03138870853455711, "max_depth": 3.0, "num_boost_round": 3.0}, "datetime": {"datetime": "2024-01-19 01:28:21", "elapsed": 4602.81926, "delta": 0.00522}}
{"target": -13.758688723686975, "params": {"gamma": 944.7422583582975, "log10_alpha": -4.870978755602616, "log10_colsample_bytree": -0.13015405470397978, "log10_eta": -2.113969165823494, "log10_lambda": -2.3056649495497803, "log10_min_child_weight": 0.08436855007477428, "log10_subsample": -0.03138870853455711, "max_depth": 3.0, "num_boost_round": 4.0}, "datetime": {"datetime": "2024-01-19 01:28:21", "elapsed": 4602.824459, "delta": 0.005199}}
{"target": -13.758676139888435, "params": {"gamma": 944.7422583582975, "log10_alpha": -4.870978755602616, "log10_colsample_bytree": -0.13015405470397978, "log10_eta": -2.113969165823494, "log10_lambda": -2.3056649495497803, "log10_min_child_weight": 0.08436855007477428, "log10_subsample": -0.03138870853455711, "max_depth": 3.0, "num_boost_round": 5.0}, "datetime": {"datetime": "2024-01-19 01:28:21", "elapsed": 4602.829809, "delta": 0.00535}}
{"target": -13.758681218816346, "params": {"gamma": 944.7422583582975, "log10_alpha": -4.870978755602616, "log10_colsample_bytree": -0.13015405470397978, "log10_eta": -2.113969165823494, "log10_lambda": -2.3056649495497803, "log10_min_child_weight": 0.08436855007477428, "log10_subsample": -0.03138870853455711, "max_depth": 3.0, "num_boost_round": 6.0}, "datetime": {"datetime": "2024-01-19 01:28:21", "elapsed": 4602.834839, "delta": 0.00503}}
{"target": -13.758705891476852, "params": {"gamma": 944.7422583582975, "log10_alpha": -4.870978755602616, "log10_colsample_bytree": -0.13015405470397978, "log10_eta": -2.113969165823494, "log10_lambda": -2.3056649495497803, "log10_min_child_weight": 0.08436855007477428, "log10_subsample": -0.03138870853455711, "max_depth": 3.0, "num_boost_round": 7.0}, "datetime": {"datetime": "2024-01-19 01:28:21", "elapsed": 4602.83991, "delta": 0.005071}}
{"target": -13.758742252315797, "params": {"gamma": 944.7422583582975, "log10_alpha": -4.870978755602616, "log10_colsample_bytree": -0.13015405470397978, "log10_eta": -2.113969165823494, "log10_lambda": -2.3056649495497803, "log10_min_child_weight": 0.08436855007477428, "log10_subsample": -0.03138870853455711, "max_depth": 3.0, "num_boost_round": 8.0}, "datetime": {"datetime": "2024-01-19 01:28:21", "elapsed": 4602.845022, "delta": 0.005112}}
{"target": -13.758764739111616, "params": {"gamma": 944.7422583582975, "log10_alpha": -4.870978755602616, "log10_colsample_bytree": -0.13015405470397978, "log10_eta": -2.113969165823494, "log10_lambda": -2.3056649495497803, "log10_min_child_weight": 0.08436855007477428, "log10_subsample": -0.03138870853455711, "max_depth": 3.0, "num_boost_round": 9.0}, "datetime": {"datetime": "2024-01-19 01:28:21", "elapsed": 4602.850146, "delta": 0.005124}}
{"target": -13.758780963724917, "params": {"gamma": 944.7422583582975, "log10_alpha": -4.870978755602616, "log10_colsample_bytree": -0.13015405470397978, "log10_eta": -2.113969165823494, "log10_lambda": -2.3056649495497803, "log10_min_child_weight": 0.08436855007477428, "log10_subsample": -0.03138870853455711, "max_depth": 3.0, "num_boost_round": 10.0}, "datetime": {"datetime": "2024-01-19 01:28:21", "elapsed": 4602.855403, "delta": 0.005257}}
{"target": -13.758650657670517, "params": {"gamma": 944.7422583582975, "log10_alpha": -4.870978755602616, "log10_colsample_bytree": -0.13015405470397978, "log10_eta": -2.113969165823494, "log10_lambda": -2.3056649495497803, "log10_min_child_weight": 0.08436855007477428, "log10_subsample": -0.03138870853455711, "max_depth": 3.0, "num_boost_round": 11.0}, "datetime": {"datetime": "2024-01-19 01:28:21", "elapsed": 4602.860796, "delta": 0.005393}}
{"target": -13.758713216067822, "params": {"gamma": 944.7422583582975, "log10_alpha": -4.870978755602616, "log10_colsample_bytree": -0.13015405470397978, "log10_eta": -2.113969165823494, "log10_lambda": -2.3056649495497803, "log10_min_child_weight": 0.08436855007477428, "log10_subsample": -0.03138870853455711, "max_depth": 3.0, "num_boost_round": 12.0}, "datetime": {"datetime": "2024-01-19 01:28:21", "elapsed": 4602.865907, "delta": 0.005111}}
{"target": -13.758787424931425, "params": {"gamma": 944.7422583582975, "log10_alpha": -4.870978755602616, "log10_colsample_bytree": -0.13015405470397978, "log10_eta": -2.113969165823494, "log10_lambda": -2.3056649495497803, "log10_min_child_weight": 0.08436855007477428, "log10_subsample": -0.03138870853455711, "max_depth": 3.0, "num_boost_round": 13.0}, "datetime": {"datetime": "2024-01-19 01:28:21", "elapsed": 4602.871059, "delta": 0.005152}}
{"target": -13.758867570593731, "params": {"gamma": 944.7422583582975, "log10_alpha": -4.870978755602616, "log10_colsample_bytree": -0.13015405470397978, "log10_eta": -2.113969165823494, "log10_lambda": -2.3056649495497803, "log10_min_child_weight": 0.08436855007477428, "log10_subsample": -0.03138870853455711, "max_depth": 3.0, "num_boost_round": 14.0}, "datetime": {"datetime": "2024-01-19 01:28:21", "elapsed": 4602.876202, "delta": 0.005143}}
{"target": -13.758974260401883, "params": {"gamma": 944.7422583582975, "log10_alpha": -4.870978755602616, "log10_colsample_bytree": -0.13015405470397978, "log10_eta": -2.113969165823494, "log10_lambda": -2.3056649495497803, "log10_min_child_weight": 0.08436855007477428, "log10_subsample": -0.03138870853455711, "max_depth": 3.0, "num_boost_round": 15.0}, "datetime": {"datetime": "2024-01-19 01:28:21", "elapsed": 4602.881413, "delta": 0.005211}}
{"target": -13.758898167844093, "params": {"gamma": 944.7422583582975, "log10_alpha": -4.870978755602616, "log10_colsample_bytree": -0.13015405470397978, "log10_eta": -2.113969165823494, "log10_lambda": -2.3056649495497803, "log10_min_child_weight": 0.08436855007477428, "log10_subsample": -0.03138870853455711, "max_depth": 3.0, "num_boost_round": 16.0}, "datetime": {"datetime": "2024-01-19 01:28:21", "elapsed": 4602.886649, "delta": 0.005236}}
{"target": -13.75889122287357, "params": {"gamma": 944.7422583582975, "log10_alpha": -4.870978755602616, "log10_colsample_bytree": -0.13015405470397978, "log10_eta": -2.113969165823494, "log10_lambda": -2.3056649495497803, "log10_min_child_weight": 0.08436855007477428, "log10_subsample": -0.03138870853455711, "max_depth": 3.0, "num_boost_round": 17.0}, "datetime": {"datetime": "2024-01-19 01:28:21", "elapsed": 4602.892037, "delta": 0.005388}}
{"target": -13.75890819141477, "params": {"gamma": 944.7422583582975, "log10_alpha": -4.870978755602616, "log10_colsample_bytree": -0.13015405470397978, "log10_eta": -2.113969165823494, "log10_lambda": -2.3056649495497803, "log10_min_child_weight": 0.08436855007477428, "log10_subsample": -0.03138870853455711, "max_depth": 3.0, "num_boost_round": 18.0}, "datetime": {"datetime": "2024-01-19 01:28:21", "elapsed": 4602.897128, "delta": 0.005091}}
{"target": -13.758976757470382, "params": {"gamma": 944.7422583582975, "log10_alpha": -4.870978755602616, "log10_colsample_bytree": -0.13015405470397978, "log10_eta": -2.113969165823494, "log10_lambda": -2.3056649495497803, "log10_min_child_weight": 0.08436855007477428, "log10_subsample": -0.03138870853455711, "max_depth": 3.0, "num_boost_round": 19.0}, "datetime": {"datetime": "2024-01-19 01:28:21", "elapsed": 4602.90222, "delta": 0.005092}}
{"target": -13.759050541532922, "params": {"gamma": 944.7422583582975, "log10_alpha": -4.870978755602616, "log10_colsample_bytree": -0.13015405470397978, "log10_eta": -2.113969165823494, "log10_lambda": -2.3056649495497803, "log10_min_child_weight": 0.08436855007477428, "log10_subsample": -0.03138870853455711, "max_depth": 3.0, "num_boost_round": 20.0}, "datetime": {"datetime": "2024-01-19 01:28:21", "elapsed": 4602.907372, "delta": 0.005152}}
{"target": -13.758999817245314, "params": {"gamma": 944.7422583582975, "log10_alpha": -4.870978755602616, "log10_colsample_bytree": -0.13015405470397978, "log10_eta": -2.113969165823494, "log10_lambda": -2.3056649495497803, "log10_min_child_weight": 0.08436855007477428, "log10_subsample": -0.03138870853455711, "max_depth": 3.0, "num_boost_round": 21.0}, "datetime": {"datetime": "2024-01-19 01:28:21", "elapsed": 4602.912531, "delta": 0.005159}}
{"target": -13.759160345614594, "params": {"gamma": 944.7422583582975, "log10_alpha": -4.870978755602616, "log10_colsample_bytree": -0.13015405470397978, "log10_eta": -2.113969165823494, "log10_lambda": -2.3056649495497803, "log10_min_child_weight": 0.08436855007477428, "log10_subsample": -0.03138870853455711, "max_depth": 3.0, "num_boost_round": 22.0}, "datetime": {"datetime": "2024-01-19 01:28:21", "elapsed": 4602.917818, "delta": 0.005287}}
{"target": -13.759138884193165, "params": {"gamma": 944.7422583582975, "log10_alpha": -4.870978755602616, "log10_colsample_bytree": -0.13015405470397978, "log10_eta": -2.113969165823494, "log10_lambda": -2.3056649495497803, "log10_min_child_weight": 0.08436855007477428, "log10_subsample": -0.03138870853455711, "max_depth": 3.0, "num_boost_round": 23.0}, "datetime": {"datetime": "2024-01-19 01:28:21", "elapsed": 4602.923243, "delta": 0.005425}}
{"target": -13.759086533504426, "params": {"gamma": 944.7422583582975, "log10_alpha": -4.870978755602616, "log10_colsample_bytree": -0.13015405470397978, "log10_eta": -2.113969165823494, "log10_lambda": -2.3056649495497803, "log10_min_child_weight": 0.08436855007477428, "log10_subsample": -0.03138870853455711, "max_depth": 3.0, "num_boost_round": 24.0}, "datetime": {"datetime": "2024-01-19 01:28:21", "elapsed": 4602.928352, "delta": 0.005109}}
{"target": -13.759116725947534, "params": {"gamma": 944.7422583582975, "log10_alpha": -4.870978755602616, "log10_colsample_bytree": -0.13015405470397978, "log10_eta": -2.113969165823494, "log10_lambda": -2.3056649495497803, "log10_min_child_weight": 0.08436855007477428, "log10_subsample": -0.03138870853455711, "max_depth": 3.0, "num_boost_round": 25.0}, "datetime": {"datetime": "2024-01-19 01:28:21", "elapsed": 4602.933486, "delta": 0.005134}}
{"target": -13.759136951996927, "params": {"gamma": 944.7422583582975, "log10_alpha": -4.870978755602616, "log10_colsample_bytree": -0.13015405470397978, "log10_eta": -2.113969165823494, "log10_lambda": -2.3056649495497803, "log10_min_child_weight": 0.08436855007477428, "log10_subsample": -0.03138870853455711, "max_depth": 3.0, "num_boost_round": 26.0}, "datetime": {"datetime": "2024-01-19 01:28:21", "elapsed": 4602.93865, "delta": 0.005164}}
{"target": -13.759198881299495, "params": {"gamma": 944.7422583582975, "log10_alpha": -4.870978755602616, "log10_colsample_bytree": -0.13015405470397978, "log10_eta": -2.113969165823494, "log10_lambda": -2.3056649495497803, "log10_min_child_weight": 0.08436855007477428, "log10_subsample": -0.03138870853455711, "max_depth": 3.0, "num_boost_round": 27.0}, "datetime": {"datetime": "2024-01-19 01:28:21", "elapsed": 4602.943775, "delta": 0.005125}}
{"target": -13.759178283810732, "params": {"gamma": 944.7422583582975, "log10_alpha": -4.870978755602616, "log10_colsample_bytree": -0.13015405470397978, "log10_eta": -2.113969165823494, "log10_lambda": -2.3056649495497803, "log10_min_child_weight": 0.08436855007477428, "log10_subsample": -0.03138870853455711, "max_depth": 3.0, "num_boost_round": 28.0}, "datetime": {"datetime": "2024-01-19 01:28:21", "elapsed": 4602.949988, "delta": 0.006213}}
{"target": -13.75927478440175, "params": {"gamma": 944.7422583582975, "log10_alpha": -4.870978755602616, "log10_colsample_bytree": -0.13015405470397978, "log10_eta": -2.113969165823494, "log10_lambda": -2.3056649495497803, "log10_min_child_weight": 0.08436855007477428, "log10_subsample": -0.03138870853455711, "max_depth": 3.0, "num_boost_round": 29.0}, "datetime": {"datetime": "2024-01-19 01:28:21", "elapsed": 4602.956324, "delta": 0.006336}}
{"target": -13.759358515267332, "params": {"gamma": 944.7422583582975, "log10_alpha": -4.870978755602616, "log10_colsample_bytree": -0.13015405470397978, "log10_eta": -2.113969165823494, "log10_lambda": -2.3056649495497803, "log10_min_child_weight": 0.08436855007477428, "log10_subsample": -0.03138870853455711, "max_depth": 3.0, "num_boost_round": 30.0}, "datetime": {"datetime": "2024-01-19 01:28:21", "elapsed": 4602.962205, "delta": 0.005881}}
{"target": -13.759446040142963, "params": {"gamma": 944.7422583582975, "log10_alpha": -4.870978755602616, "log10_colsample_bytree": -0.13015405470397978, "log10_eta": -2.113969165823494, "log10_lambda": -2.3056649495497803, "log10_min_child_weight": 0.08436855007477428, "log10_subsample": -0.03138870853455711, "max_depth": 3.0, "num_boost_round": 31.0}, "datetime": {"datetime": "2024-01-19 01:28:21", "elapsed": 4602.967469, "delta": 0.005264}}
{"target": -13.759431105927902, "params": {"gamma": 944.7422583582975, "log10_alpha": -4.870978755602616, "log10_colsample_bytree": -0.13015405470397978, "log10_eta": -2.113969165823494, "log10_lambda": -2.3056649495497803, "log10_min_child_weight": 0.08436855007477428, "log10_subsample": -0.03138870853455711, "max_depth": 3.0, "num_boost_round": 32.0}, "datetime": {"datetime": "2024-01-19 01:28:21", "elapsed": 4602.972702, "delta": 0.005233}}
{"target": -13.759422157748952, "params": {"gamma": 944.7422583582975, "log10_alpha": -4.870978755602616, "log10_colsample_bytree": -0.13015405470397978, "log10_eta": -2.113969165823494, "log10_lambda": -2.3056649495497803, "log10_min_child_weight": 0.08436855007477428, "log10_subsample": -0.03138870853455711, "max_depth": 3.0, "num_boost_round": 33.0}, "datetime": {"datetime": "2024-01-19 01:28:21", "elapsed": 4602.9779, "delta": 0.005198}}
{"target": -13.759498613619398, "params": {"gamma": 944.7422583582975, "log10_alpha": -4.870978755602616, "log10_colsample_bytree": -0.13015405470397978, "log10_eta": -2.113969165823494, "log10_lambda": -2.3056649495497803, "log10_min_child_weight": 0.08436855007477428, "log10_subsample": -0.03138870853455711, "max_depth": 3.0, "num_boost_round": 34.0}, "datetime": {"datetime": "2024-01-19 01:28:21", "elapsed": 4602.983111, "delta": 0.005211}}
{"target": -13.759505248656302, "params": {"gamma": 944.7422583582975, "log10_alpha": -4.870978755602616, "log10_colsample_bytree": -0.13015405470397978, "log10_eta": -2.113969165823494, "log10_lambda": -2.3056649495497803, "log10_min_child_weight": 0.08436855007477428, "log10_subsample": -0.03138870853455711, "max_depth": 3.0, "num_boost_round": 35.0}, "datetime": {"datetime": "2024-01-19 01:28:21", "elapsed": 4602.98848, "delta": 0.005369}}
{"target": -13.759512213681024, "params": {"gamma": 944.7422583582975, "log10_alpha": -4.870978755602616, "log10_colsample_bytree": -0.13015405470397978, "log10_eta": -2.113969165823494, "log10_lambda": -2.3056649495497803, "log10_min_child_weight": 0.08436855007477428, "log10_subsample": -0.03138870853455711, "max_depth": 3.0, "num_boost_round": 36.0}, "datetime": {"datetime": "2024-01-19 01:28:21", "elapsed": 4602.993576, "delta": 0.005096}}
