{"target": -15.347523678642029, "params": {"gamma": 450.3239114467675, "log10_alpha": -4.332830022973912, "log10_colsample_bytree": -0.4559095491170354, "log10_eta": -0.2072743377736126, "log10_lambda": -3.938561632596447, "log10_min_child_weight": 2.265740295139409, "log10_subsample": -0.4605062705240226, "max_depth": 9.0, "num_boost_round": 25.0}, "datetime": {"datetime": "2024-01-19 00:24:18", "elapsed": 762.8328, "delta": 0.001606}}
{"target": -15.379897659007131, "params": {"gamma": 450.3239114467675, "log10_alpha": -4.332830022973912, "log10_colsample_bytree": -0.4559095491170354, "log10_eta": -0.2072743377736126, "log10_lambda": -3.938561632596447, "log10_min_child_weight": 2.265740295139409, "log10_subsample": -0.4605062705240226, "max_depth": 9.0, "num_boost_round": 26.0}, "datetime": {"datetime": "2024-01-19 00:24:18", "elapsed": 762.834511, "delta": 0.001711}}
{"target": -15.389259824898843, "params": {"gamma": 450.3239114467675, "log10_alpha": -4.332830022973912, "log10_colsample_bytree": -0.4559095491170354, "log10_eta": -0.2072743377736126, "log10_lambda": -3.938561632596447, "log10_min_child_weight": 2.265740295139409, "log10_subsample": -0.4605062705240226, "max_depth": 9.0, "num_boost_round": 27.0}, "datetime": {"datetime": "2024-01-19 00:24:18", "elapsed": 762.83614, "delta": 0.001629}}
{"target": -15.397666405919834, "params": {"gamma": 450.3239114467675, "log10_alpha": -4.332830022973912, "log10_colsample_bytree": -0.4559095491170354, "log10_eta": -0.2072743377736126, "log10_lambda": -3.938561632596447, "log10_min_child_weight": 2.265740295139409, "log10_subsample": -0.4605062705240226, "max_depth": 9.0, "num_boost_round": 28.0}, "datetime": {"datetime": "2024-01-19 00:24:18", "elapsed": 762.837773, "delta": 0.001633}}
{"target": -15.4339211551581, "params": {"gamma": 450.3239114467675, "log10_alpha": -4.332830022973912, "log10_colsample_bytree": -0.4559095491170354, "log10_eta": -0.2072743377736126, "log10_lambda": -3.938561632596447, "log10_min_child_weight": 2.265740295139409, "log10_subsample": -0.4605062705240226, "max_depth": 9.0, "num_boost_round": 29.0}, "datetime": {"datetime": "2024-01-19 00:24:18", "elapsed": 762.839388, "delta": 0.001615}}
{"target": -15.462455768154186, "params": {"gamma": 450.3239114467675, "log10_alpha": -4.332830022973912, "log10_colsample_bytree": -0.4559095491170354, "log10_eta": -0.2072743377736126, "log10_lambda": -3.938561632596447, "log10_min_child_weight": 2.265740295139409, "log10_subsample": -0.4605062705240226, "max_depth": 9.0, "num_boost_round": 30.0}, "datetime": {"datetime": "2024-01-19 00:24:18", "elapsed": 762.841004, "delta": 0.001616}}
{"target": -15.493124303078327, "params": {"gamma": 450.3239114467675, "log10_alpha": -4.332830022973912, "log10_colsample_bytree": -0.4559095491170354, "log10_eta": -0.2072743377736126, "log10_lambda": -3.938561632596447, "log10_min_child_weight": 2.265740295139409, "log10_subsample": -0.4605062705240226, "max_depth": 9.0, "num_boost_round": 31.0}, "datetime": {"datetime": "2024-01-19 00:24:18", "elapsed": 762.842618, "delta": 0.001614}}
{"target": -15.51816053622896, "params": {"gamma": 450.3239114467675, "log10_alpha": -4.332830022973912, "log10_colsample_bytree": -0.4559095491170354, "log10_eta": -0.2072743377736126, "log10_lambda": -3.938561632596447, "log10_min_child_weight": 2.265740295139409, "log10_subsample": -0.4605062705240226, "max_depth": 9.0, "num_boost_round": 32.0}, "datetime": {"datetime": "2024-01-19 00:24:18", "elapsed": 762.84427, "delta": 0.001652}}
{"target": -15.539338275621079, "params": {"gamma": 450.3239114467675, "log10_alpha": -4.332830022973912, "log10_colsample_bytree": -0.4559095491170354, "log10_eta": -0.2072743377736126, "log10_lambda": -3.938561632596447, "log10_min_child_weight": 2.265740295139409, "log10_subsample": -0.4605062705240226, "max_depth": 9.0, "num_boost_round": 33.0}, "datetime": {"datetime": "2024-01-19 00:24:18", "elapsed": 762.845936, "delta": 0.001666}}
{"target": -15.546897841590486, "params": {"gamma": 450.3239114467675, "log10_alpha": -4.332830022973912, "log10_colsample_bytree": -0.4559095491170354, "log10_eta": -0.2072743377736126, "log10_lambda": -3.938561632596447, "log10_min_child_weight": 2.265740295139409, "log10_subsample": -0.4605062705240226, "max_depth": 9.0, "num_boost_round": 34.0}, "datetime": {"datetime": "2024-01-19 00:24:18", "elapsed": 762.847562, "delta": 0.001626}}
{"target": -15.575705854754213, "params": {"gamma": 450.3239114467675, "log10_alpha": -4.332830022973912, "log10_colsample_bytree": -0.4559095491170354, "log10_eta": -0.2072743377736126, "log10_lambda": -3.938561632596447, "log10_min_child_weight": 2.265740295139409, "log10_subsample": -0.4605062705240226, "max_depth": 9.0, "num_boost_round": 35.0}, "datetime": {"datetime": "2024-01-19 00:24:18", "elapsed": 762.849194, "delta": 0.001632}}
{"target": -15.599768890431788, "params": {"gamma": 450.3239114467675, "log10_alpha": -4.332830022973912, "log10_colsample_bytree": -0.4559095491170354, "log10_eta": -0.2072743377736126, "log10_lambda": -3.938561632596447, "log10_min_child_weight": 2.265740295139409, "log10_subsample": -0.4605062705240226, "max_depth": 9.0, "num_boost_round": 36.0}, "datetime": {"datetime": "2024-01-19 00:24:18", "elapsed": 762.850864, "delta": 0.00167}}
{"target": -15.579026913636357, "params": {"gamma": 450.3239114467675, "log10_alpha": -4.332830022973912, "log10_colsample_bytree": -0.4559095491170354, "log10_eta": -0.2072743377736126, "log10_lambda": -3.938561632596447, "log10_min_child_weight": 2.265740295139409, "log10_subsample": -0.4605062705240226, "max_depth": 9.0, "num_boost_round": 37.0}, "datetime": {"datetime": "2024-01-19 00:24:18", "elapsed": 762.852492, "delta": 0.001628}}
{"target": -15.596301755100589, "params": {"gamma": 450.3239114467675, "log10_alpha": -4.332830022973912, "log10_colsample_bytree": -0.4559095491170354, "log10_eta": -0.2072743377736126, "log10_lambda": -3.938561632596447, "log10_min_child_weight": 2.265740295139409, "log10_subsample": -0.4605062705240226, "max_depth": 9.0, "num_boost_round": 38.0}, "datetime": {"datetime": "2024-01-19 00:24:18", "elapsed": 762.85418, "delta": 0.001688}}
{"target": -15.602986095276018, "params": {"gamma": 450.3239114467675, "log10_alpha": -4.332830022973912, "log10_colsample_bytree": -0.4559095491170354, "log10_eta": -0.2072743377736126, "log10_lambda": -3.938561632596447, "log10_min_child_weight": 2.265740295139409, "log10_subsample": -0.4605062705240226, "max_depth": 9.0, "num_boost_round": 39.0}, "datetime": {"datetime": "2024-01-19 00:24:18", "elapsed": 762.855803, "delta": 0.001623}}
{"target": -15.640226859733332, "params": {"gamma": 450.3239114467675, "log10_alpha": -4.332830022973912, "log10_colsample_bytree": -0.4559095491170354, "log10_eta": -0.2072743377736126, "log10_lambda": -3.938561632596447, "log10_min_child_weight": 2.265740295139409, "log10_subsample": -0.4605062705240226, "max_depth": 9.0, "num_boost_round": 40.0}, "datetime": {"datetime": "2024-01-19 00:24:18", "elapsed": 762.857423, "delta": 0.00162}}
{"target": -15.656345867304044, "params": {"gamma": 450.3239114467675, "log10_alpha": -4.332830022973912, "log10_colsample_bytree": -0.4559095491170354, "log10_eta": -0.2072743377736126, "log10_lambda": -3.938561632596447, "log10_min_child_weight": 2.265740295139409, "log10_subsample": -0.4605062705240226, "max_depth": 9.0, "num_boost_round": 41.0}, "datetime": {"datetime": "2024-01-19 00:24:18", "elapsed": 762.85903, "delta": 0.001607}}
{"target": -15.682175469276812, "params": {"gamma": 450.3239114467675, "log10_alpha": -4.332830022973912, "log10_colsample_bytree": -0.4559095491170354, "log10_eta": -0.2072743377736126, "log10_lambda": -3.938561632596447, "log10_min_child_weight": 2.265740295139409, "log10_subsample": -0.4605062705240226, "max_depth": 9.0, "num_boost_round": 42.0}, "datetime": {"datetime": "2024-01-19 00:24:18", "elapsed": 762.860653, "delta": 0.001623}}
{"target": -15.679574101810877, "params": {"gamma": 450.3239114467675, "log10_alpha": -4.332830022973912, "log10_colsample_bytree": -0.4559095491170354, "log10_eta": -0.2072743377736126, "log10_lambda": -3.938561632596447, "log10_min_child_weight": 2.265740295139409, "log10_subsample": -0.4605062705240226, "max_depth": 9.0, "num_boost_round": 43.0}, "datetime": {"datetime": "2024-01-19 00:24:18", "elapsed": 762.862289, "delta": 0.001636}}
{"target": -15.699632088896415, "params": {"gamma": 450.3239114467675, "log10_alpha": -4.332830022973912, "log10_colsample_bytree": -0.4559095491170354, "log10_eta": -0.2072743377736126, "log10_lambda": -3.938561632596447, "log10_min_child_weight": 2.265740295139409, "log10_subsample": -0.4605062705240226, "max_depth": 9.0, "num_boost_round": 44.0}, "datetime": {"datetime": "2024-01-19 00:24:18", "elapsed": 762.863926, "delta": 0.001637}}
{"target": -15.721000129155781, "params": {"gamma": 450.3239114467675, "log10_alpha": -4.332830022973912, "log10_colsample_bytree": -0.4559095491170354, "log10_eta": -0.2072743377736126, "log10_lambda": -3.938561632596447, "log10_min_child_weight": 2.265740295139409, "log10_subsample": -0.4605062705240226, "max_depth": 9.0, "num_boost_round": 45.0}, "datetime": {"datetime": "2024-01-19 00:24:18", "elapsed": 762.865618, "delta": 0.001692}}
{"target": -15.741344831011938, "params": {"gamma": 450.3239114467675, "log10_alpha": -4.332830022973912, "log10_colsample_bytree": -0.4559095491170354, "log10_eta": -0.2072743377736126, "log10_lambda": -3.938561632596447, "log10_min_child_weight": 2.265740295139409, "log10_subsample": -0.4605062705240226, "max_depth": 9.0, "num_boost_round": 46.0}, "datetime": {"datetime": "2024-01-19 00:24:18", "elapsed": 762.867252, "delta": 0.001634}}
{"target": -15.738303639043036, "params": {"gamma": 450.3239114467675, "log10_alpha": -4.332830022973912, "log10_colsample_bytree": -0.4559095491170354, "log10_eta": -0.2072743377736126, "log10_lambda": -3.938561632596447, "log10_min_child_weight": 2.265740295139409, "log10_subsample": -0.4605062705240226, "max_depth": 9.0, "num_boost_round": 47.0}, "datetime": {"datetime": "2024-01-19 00:24:18", "elapsed": 762.868884, "delta": 0.001632}}
{"target": -15.772809656675914, "params": {"gamma": 450.3239114467675, "log10_alpha": -4.332830022973912, "log10_colsample_bytree": -0.4559095491170354, "log10_eta": -0.2072743377736126, "log10_lambda": -3.938561632596447, "log10_min_child_weight": 2.265740295139409, "log10_subsample": -0.4605062705240226, "max_depth": 9.0, "num_boost_round": 48.0}, "datetime": {"datetime": "2024-01-19 00:24:18", "elapsed": 762.870563, "delta": 0.001679}}
{"target": -15.792177785794546, "params": {"gamma": 450.3239114467675, "log10_alpha": -4.332830022973912, "log10_colsample_bytree": -0.4559095491170354, "log10_eta": -0.2072743377736126, "log10_lambda": -3.938561632596447, "log10_min_child_weight": 2.265740295139409, "log10_subsample": -0.4605062705240226, "max_depth": 9.0, "num_boost_round": 49.0}, "datetime": {"datetime": "2024-01-19 00:24:18", "elapsed": 762.872209, "delta": 0.001646}}
{"target": -15.809367108424391, "params": {"gamma": 450.3239114467675, "log10_alpha": -4.332830022973912, "log10_colsample_bytree": -0.4559095491170354, "log10_eta": -0.2072743377736126, "log10_lambda": -3.938561632596447, "log10_min_child_weight": 2.265740295139409, "log10_subsample": -0.4605062705240226, "max_depth": 9.0, "num_boost_round": 50.0}, "datetime": {"datetime": "2024-01-19 00:24:18", "elapsed": 762.873867, "delta": 0.001658}}
{"target": -15.8085093525222, "params": {"gamma": 450.3239114467675, "log10_alpha": -4.332830022973912, "log10_colsample_bytree": -0.4559095491170354, "log10_eta": -0.2072743377736126, "log10_lambda": -3.938561632596447, "log10_min_child_weight": 2.265740295139409, "log10_subsample": -0.4605062705240226, "max_depth": 9.0, "num_boost_round": 51.0}, "datetime": {"datetime": "2024-01-19 00:24:18", "elapsed": 762.875655, "delta": 0.001788}}
{"target": -15.819607741611078, "params": {"gamma": 450.3239114467675, "log10_alpha": -4.332830022973912, "log10_colsample_bytree": -0.4559095491170354, "log10_eta": -0.2072743377736126, "log10_lambda": -3.938561632596447, "log10_min_child_weight": 2.265740295139409, "log10_subsample": -0.4605062705240226, "max_depth": 9.0, "num_boost_round": 52.0}, "datetime": {"datetime": "2024-01-19 00:24:18", "elapsed": 762.877475, "delta": 0.00182}}
{"target": -15.848162414856066, "params": {"gamma": 450.3239114467675, "log10_alpha": -4.332830022973912, "log10_colsample_bytree": -0.4559095491170354, "log10_eta": -0.2072743377736126, "log10_lambda": -3.938561632596447, "log10_min_child_weight": 2.265740295139409, "log10_subsample": -0.4605062705240226, "max_depth": 9.0, "num_boost_round": 53.0}, "datetime": {"datetime": "2024-01-19 00:24:18", "elapsed": 762.879212, "delta": 0.001737}}
{"target": -15.862209302192479, "params": {"gamma": 450.3239114467675, "log10_alpha": -4.332830022973912, "log10_colsample_bytree": -0.4559095491170354, "log10_eta": -0.2072743377736126, "log10_lambda": -3.938561632596447, "log10_min_child_weight": 2.265740295139409, "log10_subsample": -0.4605062705240226, "max_depth": 9.0, "num_boost_round": 54.0}, "datetime": {"datetime": "2024-01-19 00:24:18", "elapsed": 762.880872, "delta": 0.00166}}
{"target": -15.866348208007613, "params": {"gamma": 450.3239114467675, "log10_alpha": -4.332830022973912, "log10_colsample_bytree": -0.4559095491170354, "log10_eta": -0.2072743377736126, "log10_lambda": -3.938561632596447, "log10_min_child_weight": 2.265740295139409, "log10_subsample": -0.4605062705240226, "max_depth": 9.0, "num_boost_round": 55.0}, "datetime": {"datetime": "2024-01-19 00:24:18", "elapsed": 762.882522, "delta": 0.00165}}
{"target": -15.879065504896056, "params": {"gamma": 450.3239114467675, "log10_alpha": -4.332830022973912, "log10_colsample_bytree": -0.4559095491170354, "log10_eta": -0.2072743377736126, "log10_lambda": -3.938561632596447, "log10_min_child_weight": 2.265740295139409, "log10_subsample": -0.4605062705240226, "max_depth": 9.0, "num_boost_round": 56.0}, "datetime": {"datetime": "2024-01-19 00:24:18", "elapsed": 762.884219, "delta": 0.001697}}
{"target": -15.886888010629903, "params": {"gamma": 450.3239114467675, "log10_alpha": -4.332830022973912, "log10_colsample_bytree": -0.4559095491170354, "log10_eta": -0.2072743377736126, "log10_lambda": -3.938561632596447, "log10_min_child_weight": 2.265740295139409, "log10_subsample": -0.4605062705240226, "max_depth": 9.0, "num_boost_round": 57.0}, "datetime": {"datetime": "2024-01-19 00:24:18", "elapsed": 762.88589, "delta": 0.001671}}
{"target": -15.90246751919452, "params": {"gamma": 450.3239114467675, "log10_alpha": -4.332830022973912, "log10_colsample_bytree": -0.4559095491170354, "log10_eta": -0.2072743377736126, "log10_lambda": -3.938561632596447, "log10_min_child_weight": 2.265740295139409, "log10_subsample": -0.4605062705240226, "max_depth": 9.0, "num_boost_round": 58.0}, "datetime": {"datetime": "2024-01-19 00:24:18", "elapsed": 762.887549, "delta": 0.001659}}
{"target": -15.913191676031877, "params": {"gamma": 450.3239114467675, "log10_alpha": -4.332830022973912, "log10_colsample_bytree": -0.4559095491170354, "log10_eta": -0.2072743377736126, "log10_lambda": -3.938561632596447, "log10_min_child_weight": 2.265740295139409, "log10_subsample": -0.4605062705240226, "max_depth": 9.0, "num_boost_round": 59.0}, "datetime": {"datetime": "2024-01-19 00:24:18", "elapsed": 762.889241, "delta": 0.001692}}
{"target": -15.920930744524975, "params": {"gamma": 450.3239114467675, "log10_alpha": -4.332830022973912, "log10_colsample_bytree": -0.4559095491170354, "log10_eta": -0.2072743377736126, "log10_lambda": -3.938561632596447, "log10_min_child_weight": 2.265740295139409, "log10_subsample": -0.4605062705240226, "max_depth": 9.0, "num_boost_round": 60.0}, "datetime": {"datetime": "2024-01-19 00:24:18", "elapsed": 762.890914, "delta": 0.001673}}
{"target": -15.945042493842399, "params": {"gamma": 450.3239114467675, "log10_alpha": -4.332830022973912, "log10_colsample_bytree": -0.4559095491170354, "log10_eta": -0.2072743377736126, "log10_lambda": -3.938561632596447, "log10_min_child_weight": 2.265740295139409, "log10_subsample": -0.4605062705240226, "max_depth": 9.0, "num_boost_round": 61.0}, "datetime": {"datetime": "2024-01-19 00:24:18", "elapsed": 762.892556, "delta": 0.001642}}
{"target": -15.967358013266567, "params": {"gamma": 450.3239114467675, "log10_alpha": -4.332830022973912, "log10_colsample_bytree": -0.4559095491170354, "log10_eta": -0.2072743377736126, "log10_lambda": -3.938561632596447, "log10_min_child_weight": 2.265740295139409, "log10_subsample": -0.4605062705240226, "max_depth": 9.0, "num_boost_round": 62.0}, "datetime": {"datetime": "2024-01-19 00:24:18", "elapsed": 762.89423, "delta": 0.001674}}
{"target": -15.982362943931527, "params": {"gamma": 450.3239114467675, "log10_alpha": -4.332830022973912, "log10_colsample_bytree": -0.4559095491170354, "log10_eta": -0.2072743377736126, "log10_lambda": -3.938561632596447, "log10_min_child_weight": 2.265740295139409, "log10_subsample": -0.4605062705240226, "max_depth": 9.0, "num_boost_round": 63.0}, "datetime": {"datetime": "2024-01-19 00:24:18", "elapsed": 762.895943, "delta": 0.001713}}
{"target": -16.00656082468811, "params": {"gamma": 450.3239114467675, "log10_alpha": -4.332830022973912, "log10_colsample_bytree": -0.4559095491170354, "log10_eta": -0.2072743377736126, "log10_lambda": -3.938561632596447, "log10_min_child_weight": 2.265740295139409, "log10_subsample": -0.4605062705240226, "max_depth": 9.0, "num_boost_round": 64.0}, "datetime": {"datetime": "2024-01-19 00:24:18", "elapsed": 762.897595, "delta": 0.001652}}
{"target": -16.010184212317434, "params": {"gamma": 450.3239114467675, "log10_alpha": -4.332830022973912, "log10_colsample_bytree": -0.4559095491170354, "log10_eta": -0.2072743377736126, "log10_lambda": -3.938561632596447, "log10_min_child_weight": 2.265740295139409, "log10_subsample": -0.4605062705240226, "max_depth": 9.0, "num_boost_round": 65.0}, "datetime": {"datetime": "2024-01-19 00:24:18", "elapsed": 762.899239, "delta": 0.001644}}
{"target": -16.076458069115976, "params": {"gamma": 450.3239114467675, "log10_alpha": -4.332830022973912, "log10_colsample_bytree": -0.4559095491170354, "log10_eta": -0.2072743377736126, "log10_lambda": -3.938561632596447, "log10_min_child_weight": 2.265740295139409, "log10_subsample": -0.4605062705240226, "max_depth": 9.0, "num_boost_round": 66.0}, "datetime": {"datetime": "2024-01-19 00:24:18", "elapsed": 762.900895, "delta": 0.001656}}
{"target": -16.07827185904647, "params": {"gamma": 450.3239114467675, "log10_alpha": -4.332830022973912, "log10_colsample_bytree": -0.4559095491170354, "log10_eta": -0.2072743377736126, "log10_lambda": -3.938561632596447, "log10_min_child_weight": 2.265740295139409, "log10_subsample": -0.4605062705240226, "max_depth": 9.0, "num_boost_round": 67.0}, "datetime": {"datetime": "2024-01-19 00:24:18", "elapsed": 762.902551, "delta": 0.001656}}
{"target": -16.086884183020384, "params": {"gamma": 450.3239114467675, "log10_alpha": -4.332830022973912, "log10_colsample_bytree": -0.4559095491170354, "log10_eta": -0.2072743377736126, "log10_lambda": -3.938561632596447, "log10_min_child_weight": 2.265740295139409, "log10_subsample": -0.4605062705240226, "max_depth": 9.0, "num_boost_round": 68.0}, "datetime": {"datetime": "2024-01-19 00:24:18", "elapsed": 762.90424, "delta": 0.001689}}
{"target": -16.10919575584162, "params": {"gamma": 450.3239114467675, "log10_alpha": -4.332830022973912, "log10_colsample_bytree": -0.4559095491170354, "log10_eta": -0.2072743377736126, "log10_lambda": -3.938561632596447, "log10_min_child_weight": 2.265740295139409, "log10_subsample": -0.4605062705240226, "max_depth": 9.0, "num_boost_round": 69.0}, "datetime": {"datetime": "2024-01-19 00:24:18", "elapsed": 762.905885, "delta": 0.001645}}
{"target": -16.138978715064436, "params": {"gamma": 450.3239114467675, "log10_alpha": -4.332830022973912, "log10_colsample_bytree": -0.4559095491170354, "log10_eta": -0.2072743377736126, "log10_lambda": -3.938561632596447, "log10_min_child_weight": 2.265740295139409, "log10_subsample": -0.4605062705240226, "max_depth": 9.0, "num_boost_round": 70.0}, "datetime": {"datetime": "2024-01-19 00:24:18", "elapsed": 762.90754, "delta": 0.001655}}
{"target": -16.156070020949958, "params": {"gamma": 450.3239114467675, "log10_alpha": -4.332830022973912, "log10_colsample_bytree": -0.4559095491170354, "log10_eta": -0.2072743377736126, "log10_lambda": -3.938561632596447, "log10_min_child_weight": 2.265740295139409, "log10_subsample": -0.4605062705240226, "max_depth": 9.0, "num_boost_round": 71.0}, "datetime": {"datetime": "2024-01-19 00:24:18", "elapsed": 762.909296, "delta": 0.001756}}
{"target": -16.175941740814068, "params": {"gamma": 450.3239114467675, "log10_alpha": -4.332830022973912, "log10_colsample_bytree": -0.4559095491170354, "log10_eta": -0.2072743377736126, "log10_lambda": -3.938561632596447, "log10_min_child_weight": 2.265740295139409, "log10_subsample": -0.4605062705240226, "max_depth": 9.0, "num_boost_round": 72.0}, "datetime": {"datetime": "2024-01-19 00:24:18", "elapsed": 762.910975, "delta": 0.001679}}
{"target": -16.191181828760598, "params": {"gamma": 450.3239114467675, "log10_alpha": -4.332830022973912, "log10_colsample_bytree": -0.4559095491170354, "log10_eta": -0.2072743377736126, "log10_lambda": -3.938561632596447, "log10_min_child_weight": 2.265740295139409, "log10_subsample": -0.4605062705240226, "max_depth": 9.0, "num_boost_round": 73.0}, "datetime": {"datetime": "2024-01-19 00:24:18", "elapsed": 762.912673, "delta": 0.001698}}
