{"target": -13.75850653051277, "params": {"gamma": 53.03293156166189, "log10_alpha": -0.9965190548278162, "log10_colsample_bytree": -0.41274216383708473, "log10_eta": -3.602160637820237, "log10_lambda": -4.796687416471578, "log10_min_child_weight": 2.072975362833038, "log10_subsample": -0.8553016377344093, "max_depth": 3.0, "num_boost_round": 2.0}, "datetime": {"datetime": "2024-01-19 01:31:47", "elapsed": 4815.907494, "delta": 0.006365}}
{"target": -13.758504874837282, "params": {"gamma": 53.03293156166189, "log10_alpha": -0.9965190548278162, "log10_colsample_bytree": -0.41274216383708473, "log10_eta": -3.602160637820237, "log10_lambda": -4.796687416471578, "log10_min_child_weight": 2.072975362833038, "log10_subsample": -0.8553016377344093, "max_depth": 3.0, "num_boost_round": 3.0}, "datetime": {"datetime": "2024-01-19 01:31:47", "elapsed": 4815.91213, "delta": 0.004636}}
{"target": -13.758501840663474, "params": {"gamma": 53.03293156166189, "log10_alpha": -0.9965190548278162, "log10_colsample_bytree": -0.41274216383708473, "log10_eta": -3.602160637820237, "log10_lambda": -4.796687416471578, "log10_min_child_weight": 2.072975362833038, "log10_subsample": -0.8553016377344093, "max_depth": 3.0, "num_boost_round": 4.0}, "datetime": {"datetime": "2024-01-19 01:31:47", "elapsed": 4815.916673, "delta": 0.004543}}
{"target": -13.75850053416561, "params": {"gamma": 53.03293156166189, "log10_alpha": -0.9965190548278162, "log10_colsample_bytree": -0.41274216383708473, "log10_eta": -3.602160637820237, "log10_lambda": -4.796687416471578, "log10_min_child_weight": 2.072975362833038, "log10_subsample": -0.8553016377344093, "max_depth": 3.0, "num_boost_round": 5.0}, "datetime": {"datetime": "2024-01-19 01:31:47", "elapsed": 4815.921383, "delta": 0.00471}}
{"target": -13.758500380216068, "params": {"gamma": 53.03293156166189, "log10_alpha": -0.9965190548278162, "log10_colsample_bytree": -0.41274216383708473, "log10_eta": -3.602160637820237, "log10_lambda": -4.796687416471578, "log10_min_child_weight": 2.072975362833038, "log10_subsample": -0.8553016377344093, "max_depth": 3.0, "num_boost_round": 6.0}, "datetime": {"datetime": "2024-01-19 01:31:47", "elapsed": 4815.925924, "delta": 0.004541}}
{"target": -13.75849657677753, "params": {"gamma": 53.03293156166189, "log10_alpha": -0.9965190548278162, "log10_colsample_bytree": -0.41274216383708473, "log10_eta": -3.602160637820237, "log10_lambda": -4.796687416471578, "log10_min_child_weight": 2.072975362833038, "log10_subsample": -0.8553016377344093, "max_depth": 3.0, "num_boost_round": 7.0}, "datetime": {"datetime": "2024-01-19 01:31:47", "elapsed": 4815.930351, "delta": 0.004427}}
{"target": -13.758493141907152, "params": {"gamma": 53.03293156166189, "log10_alpha": -0.9965190548278162, "log10_colsample_bytree": -0.41274216383708473, "log10_eta": -3.602160637820237, "log10_lambda": -4.796687416471578, "log10_min_child_weight": 2.072975362833038, "log10_subsample": -0.8553016377344093, "max_depth": 3.0, "num_boost_round": 8.0}, "datetime": {"datetime": "2024-01-19 01:31:47", "elapsed": 4815.934944, "delta": 0.004593}}
{"target": -13.758486023986052, "params": {"gamma": 53.03293156166189, "log10_alpha": -0.9965190548278162, "log10_colsample_bytree": -0.41274216383708473, "log10_eta": -3.602160637820237, "log10_lambda": -4.796687416471578, "log10_min_child_weight": 2.072975362833038, "log10_subsample": -0.8553016377344093, "max_depth": 3.0, "num_boost_round": 9.0}, "datetime": {"datetime": "2024-01-19 01:31:47", "elapsed": 4815.939315, "delta": 0.004371}}
{"target": -13.758481618930823, "params": {"gamma": 53.03293156166189, "log10_alpha": -0.9965190548278162, "log10_colsample_bytree": -0.41274216383708473, "log10_eta": -3.602160637820237, "log10_lambda": -4.796687416471578, "log10_min_child_weight": 2.072975362833038, "log10_subsample": -0.8553016377344093, "max_depth": 3.0, "num_boost_round": 10.0}, "datetime": {"datetime": "2024-01-19 01:31:47", "elapsed": 4815.943741, "delta": 0.004426}}
{"target": -13.758473701545407, "params": {"gamma": 53.03293156166189, "log10_alpha": -0.9965190548278162, "log10_colsample_bytree": -0.41274216383708473, "log10_eta": -3.602160637820237, "log10_lambda": -4.796687416471578, "log10_min_child_weight": 2.072975362833038, "log10_subsample": -0.8553016377344093, "max_depth": 3.0, "num_boost_round": 11.0}, "datetime": {"datetime": "2024-01-19 01:31:47", "elapsed": 4815.94844, "delta": 0.004699}}
{"target": -13.758473134310734, "params": {"gamma": 53.03293156166189, "log10_alpha": -0.9965190548278162, "log10_colsample_bytree": -0.41274216383708473, "log10_eta": -3.602160637820237, "log10_lambda": -4.796687416471578, "log10_min_child_weight": 2.072975362833038, "log10_subsample": -0.8553016377344093, "max_depth": 3.0, "num_boost_round": 12.0}, "datetime": {"datetime": "2024-01-19 01:31:47", "elapsed": 4815.952838, "delta": 0.004398}}
{"target": -13.758465182940574, "params": {"gamma": 53.03293156166189, "log10_alpha": -0.9965190548278162, "log10_colsample_bytree": -0.41274216383708473, "log10_eta": -3.602160637820237, "log10_lambda": -4.796687416471578, "log10_min_child_weight": 2.072975362833038, "log10_subsample": -0.8553016377344093, "max_depth": 3.0, "num_boost_round": 13.0}, "datetime": {"datetime": "2024-01-19 01:31:47", "elapsed": 4815.957283, "delta": 0.004445}}
{"target": -13.758464443114683, "params": {"gamma": 53.03293156166189, "log10_alpha": -0.9965190548278162, "log10_colsample_bytree": -0.41274216383708473, "log10_eta": -3.602160637820237, "log10_lambda": -4.796687416471578, "log10_min_child_weight": 2.072975362833038, "log10_subsample": -0.8553016377344093, "max_depth": 3.0, "num_boost_round": 14.0}, "datetime": {"datetime": "2024-01-19 01:31:47", "elapsed": 4815.961906, "delta": 0.004623}}
{"target": -13.758456670439884, "params": {"gamma": 53.03293156166189, "log10_alpha": -0.9965190548278162, "log10_colsample_bytree": -0.41274216383708473, "log10_eta": -3.602160637820237, "log10_lambda": -4.796687416471578, "log10_min_child_weight": 2.072975362833038, "log10_subsample": -0.8553016377344093, "max_depth": 3.0, "num_boost_round": 15.0}, "datetime": {"datetime": "2024-01-19 01:31:47", "elapsed": 4815.96639, "delta": 0.004484}}
{"target": -13.758451642423742, "params": {"gamma": 53.03293156166189, "log10_alpha": -0.9965190548278162, "log10_colsample_bytree": -0.41274216383708473, "log10_eta": -3.602160637820237, "log10_lambda": -4.796687416471578, "log10_min_child_weight": 2.072975362833038, "log10_subsample": -0.8553016377344093, "max_depth": 3.0, "num_boost_round": 16.0}, "datetime": {"datetime": "2024-01-19 01:31:47", "elapsed": 4815.970794, "delta": 0.004404}}
{"target": -13.758451660342246, "params": {"gamma": 53.03293156166189, "log10_alpha": -0.9965190548278162, "log10_colsample_bytree": -0.41274216383708473, "log10_eta": -3.602160637820237, "log10_lambda": -4.796687416471578, "log10_min_child_weight": 2.072975362833038, "log10_subsample": -0.8553016377344093, "max_depth": 3.0, "num_boost_round": 17.0}, "datetime": {"datetime": "2024-01-19 01:31:47", "elapsed": 4815.975388, "delta": 0.004594}}
{"target": -13.758450944840641, "params": {"gamma": 53.03293156166189, "log10_alpha": -0.9965190548278162, "log10_colsample_bytree": -0.41274216383708473, "log10_eta": -3.602160637820237, "log10_lambda": -4.796687416471578, "log10_min_child_weight": 2.072975362833038, "log10_subsample": -0.8553016377344093, "max_depth": 3.0, "num_boost_round": 18.0}, "datetime": {"datetime": "2024-01-19 01:31:47", "elapsed": 4815.979796, "delta": 0.004408}}
{"target": -13.75844366112349, "params": {"gamma": 53.03293156166189, "log10_alpha": -0.9965190548278162, "log10_colsample_bytree": -0.41274216383708473, "log10_eta": -3.602160637820237, "log10_lambda": -4.796687416471578, "log10_min_child_weight": 2.072975362833038, "log10_subsample": -0.8553016377344093, "max_depth": 3.0, "num_boost_round": 19.0}, "datetime": {"datetime": "2024-01-19 01:31:47", "elapsed": 4815.984292, "delta": 0.004496}}
{"target": -13.758437070621135, "params": {"gamma": 53.03293156166189, "log10_alpha": -0.9965190548278162, "log10_colsample_bytree": -0.41274216383708473, "log10_eta": -3.602160637820237, "log10_lambda": -4.796687416471578, "log10_min_child_weight": 2.072975362833038, "log10_subsample": -0.8553016377344093, "max_depth": 3.0, "num_boost_round": 20.0}, "datetime": {"datetime": "2024-01-19 01:31:47", "elapsed": 4815.988869, "delta": 0.004577}}
{"target": -13.75843630354589, "params": {"gamma": 53.03293156166189, "log10_alpha": -0.9965190548278162, "log10_colsample_bytree": -0.41274216383708473, "log10_eta": -3.602160637820237, "log10_lambda": -4.796687416471578, "log10_min_child_weight": 2.072975362833038, "log10_subsample": -0.8553016377344093, "max_depth": 3.0, "num_boost_round": 21.0}, "datetime": {"datetime": "2024-01-19 01:31:47", "elapsed": 4815.993303, "delta": 0.004434}}
{"target": -13.758428179486698, "params": {"gamma": 53.03293156166189, "log10_alpha": -0.9965190548278162, "log10_colsample_bytree": -0.41274216383708473, "log10_eta": -3.602160637820237, "log10_lambda": -4.796687416471578, "log10_min_child_weight": 2.072975362833038, "log10_subsample": -0.8553016377344093, "max_depth": 3.0, "num_boost_round": 22.0}, "datetime": {"datetime": "2024-01-19 01:31:47", "elapsed": 4815.997724, "delta": 0.004421}}
{"target": -13.758424638804424, "params": {"gamma": 53.03293156166189, "log10_alpha": -0.9965190548278162, "log10_colsample_bytree": -0.41274216383708473, "log10_eta": -3.602160637820237, "log10_lambda": -4.796687416471578, "log10_min_child_weight": 2.072975362833038, "log10_subsample": -0.8553016377344093, "max_depth": 3.0, "num_boost_round": 23.0}, "datetime": {"datetime": "2024-01-19 01:31:47", "elapsed": 4816.002254, "delta": 0.00453}}
{"target": -13.758421904863557, "params": {"gamma": 53.03293156166189, "log10_alpha": -0.9965190548278162, "log10_colsample_bytree": -0.41274216383708473, "log10_eta": -3.602160637820237, "log10_lambda": -4.796687416471578, "log10_min_child_weight": 2.072975362833038, "log10_subsample": -0.8553016377344093, "max_depth": 3.0, "num_boost_round": 24.0}, "datetime": {"datetime": "2024-01-19 01:31:47", "elapsed": 4816.00666, "delta": 0.004406}}
{"target": -13.758421432315963, "params": {"gamma": 53.03293156166189, "log10_alpha": -0.9965190548278162, "log10_colsample_bytree": -0.41274216383708473, "log10_eta": -3.602160637820237, "log10_lambda": -4.796687416471578, "log10_min_child_weight": 2.072975362833038, "log10_subsample": -0.8553016377344093, "max_depth": 3.0, "num_boost_round": 25.0}, "datetime": {"datetime": "2024-01-19 01:31:47", "elapsed": 4816.011065, "delta": 0.004405}}
{"target": -13.758416783454933, "params": {"gamma": 53.03293156166189, "log10_alpha": -0.9965190548278162, "log10_colsample_bytree": -0.41274216383708473, "log10_eta": -3.602160637820237, "log10_lambda": -4.796687416471578, "log10_min_child_weight": 2.072975362833038, "log10_subsample": -0.8553016377344093, "max_depth": 3.0, "num_boost_round": 26.0}, "datetime": {"datetime": "2024-01-19 01:31:47", "elapsed": 4816.015671, "delta": 0.004606}}
{"target": -13.75841535079785, "params": {"gamma": 53.03293156166189, "log10_alpha": -0.9965190548278162, "log10_colsample_bytree": -0.41274216383708473, "log10_eta": -3.602160637820237, "log10_lambda": -4.796687416471578, "log10_min_child_weight": 2.072975362833038, "log10_subsample": -0.8553016377344093, "max_depth": 3.0, "num_boost_round": 27.0}, "datetime": {"datetime": "2024-01-19 01:31:47", "elapsed": 4816.020121, "delta": 0.00445}}
{"target": -13.758411236719125, "params": {"gamma": 53.03293156166189, "log10_alpha": -0.9965190548278162, "log10_colsample_bytree": -0.41274216383708473, "log10_eta": -3.602160637820237, "log10_lambda": -4.796687416471578, "log10_min_child_weight": 2.072975362833038, "log10_subsample": -0.8553016377344093, "max_depth": 3.0, "num_boost_round": 28.0}, "datetime": {"datetime": "2024-01-19 01:31:47", "elapsed": 4816.024557, "delta": 0.004436}}
{"target": -13.758407276149, "params": {"gamma": 53.03293156166189, "log10_alpha": -0.9965190548278162, "log10_colsample_bytree": -0.41274216383708473, "log10_eta": -3.602160637820237, "log10_lambda": -4.796687416471578, "log10_min_child_weight": 2.072975362833038, "log10_subsample": -0.8553016377344093, "max_depth": 3.0, "num_boost_round": 29.0}, "datetime": {"datetime": "2024-01-19 01:31:47", "elapsed": 4816.029112, "delta": 0.004555}}
{"target": -13.758537194805864, "params": {"gamma": 56.17711929297864, "log10_alpha": -0.2797577983453703, "log10_colsample_bytree": -0.2860542124450177, "log10_eta": -3.647355276453351, "log10_lambda": -4.583633339820271, "log10_min_child_weight": 4.958638895477118, "log10_subsample": -0.2909989294000481, "max_depth": 7.0, "num_boost_round": 0.0}, "datetime": {"datetime": "2024-01-19 01:32:58", "elapsed": 4887.065817, "delta": 71.036705}}
{"target": -13.758536486718917, "params": {"gamma": 56.17711929297864, "log10_alpha": -0.2797577983453703, "log10_colsample_bytree": -0.2860542124450177, "log10_eta": -3.647355276453351, "log10_lambda": -4.583633339820271, "log10_min_child_weight": 4.958638895477118, "log10_subsample": -0.2909989294000481, "max_depth": 7.0, "num_boost_round": 1.0}, "datetime": {"datetime": "2024-01-19 01:32:58", "elapsed": 4887.071144, "delta": 0.005327}}
{"target": -13.758535986361448, "params": {"gamma": 56.17711929297864, "log10_alpha": -0.2797577983453703, "log10_colsample_bytree": -0.2860542124450177, "log10_eta": -3.647355276453351, "log10_lambda": -4.583633339820271, "log10_min_child_weight": 4.958638895477118, "log10_subsample": -0.2909989294000481, "max_depth": 7.0, "num_boost_round": 2.0}, "datetime": {"datetime": "2024-01-19 01:32:58", "elapsed": 4887.075699, "delta": 0.004555}}
{"target": -13.75853584559175, "params": {"gamma": 56.17711929297864, "log10_alpha": -0.2797577983453703, "log10_colsample_bytree": -0.2860542124450177, "log10_eta": -3.647355276453351, "log10_lambda": -4.583633339820271, "log10_min_child_weight": 4.958638895477118, "log10_subsample": -0.2909989294000481, "max_depth": 7.0, "num_boost_round": 3.0}, "datetime": {"datetime": "2024-01-19 01:32:58", "elapsed": 4887.080171, "delta": 0.004472}}
{"target": -13.758535660549887, "params": {"gamma": 56.17711929297864, "log10_alpha": -0.2797577983453703, "log10_colsample_bytree": -0.2860542124450177, "log10_eta": -3.647355276453351, "log10_lambda": -4.583633339820271, "log10_min_child_weight": 4.958638895477118, "log10_subsample": -0.2909989294000481, "max_depth": 7.0, "num_boost_round": 4.0}, "datetime": {"datetime": "2024-01-19 01:32:58", "elapsed": 4887.084657, "delta": 0.004486}}
{"target": -13.75853494699428, "params": {"gamma": 56.17711929297864, "log10_alpha": -0.2797577983453703, "log10_colsample_bytree": -0.2860542124450177, "log10_eta": -3.647355276453351, "log10_lambda": -4.583633339820271, "log10_min_child_weight": 4.958638895477118, "log10_subsample": -0.2909989294000481, "max_depth": 7.0, "num_boost_round": 5.0}, "datetime": {"datetime": "2024-01-19 01:32:58", "elapsed": 4887.089043, "delta": 0.004386}}
{"target": -13.758534465697446, "params": {"gamma": 56.17711929297864, "log10_alpha": -0.2797577983453703, "log10_colsample_bytree": -0.2860542124450177, "log10_eta": -3.647355276453351, "log10_lambda": -4.583633339820271, "log10_min_child_weight": 4.958638895477118, "log10_subsample": -0.2909989294000481, "max_depth": 7.0, "num_boost_round": 6.0}, "datetime": {"datetime": "2024-01-19 01:32:58", "elapsed": 4887.093516, "delta": 0.004473}}
{"target": -13.758534308937556, "params": {"gamma": 56.17711929297864, "log10_alpha": -0.2797577983453703, "log10_colsample_bytree": -0.2860542124450177, "log10_eta": -3.647355276453351, "log10_lambda": -4.583633339820271, "log10_min_child_weight": 4.958638895477118, "log10_subsample": -0.2909989294000481, "max_depth": 7.0, "num_boost_round": 7.0}, "datetime": {"datetime": "2024-01-19 01:32:58", "elapsed": 4887.097914, "delta": 0.004398}}
{"target": -13.758534659400919, "params": {"gamma": 56.17711929297864, "log10_alpha": -0.2797577983453703, "log10_colsample_bytree": -0.2860542124450177, "log10_eta": -3.647355276453351, "log10_lambda": -4.583633339820271, "log10_min_child_weight": 4.958638895477118, "log10_subsample": -0.2909989294000481, "max_depth": 7.0, "num_boost_round": 8.0}, "datetime": {"datetime": "2024-01-19 01:32:58", "elapsed": 4887.102235, "delta": 0.004321}}
{"target": -13.75853434616491, "params": {"gamma": 56.17711929297864, "log10_alpha": -0.2797577983453703, "log10_colsample_bytree": -0.2860542124450177, "log10_eta": -3.647355276453351, "log10_lambda": -4.583633339820271, "log10_min_child_weight": 4.958638895477118, "log10_subsample": -0.2909989294000481, "max_depth": 7.0, "num_boost_round": 9.0}, "datetime": {"datetime": "2024-01-19 01:32:58", "elapsed": 4887.106649, "delta": 0.004414}}
{"target": -13.758533839724613, "params": {"gamma": 56.17711929297864, "log10_alpha": -0.2797577983453703, "log10_colsample_bytree": -0.2860542124450177, "log10_eta": -3.647355276453351, "log10_lambda": -4.583633339820271, "log10_min_child_weight": 4.958638895477118, "log10_subsample": -0.2909989294000481, "max_depth": 7.0, "num_boost_round": 10.0}, "datetime": {"datetime": "2024-01-19 01:32:58", "elapsed": 4887.110991, "delta": 0.004342}}
{"target": -13.758533640322968, "params": {"gamma": 56.17711929297864, "log10_alpha": -0.2797577983453703, "log10_colsample_bytree": -0.2860542124450177, "log10_eta": -3.647355276453351, "log10_lambda": -4.583633339820271, "log10_min_child_weight": 4.958638895477118, "log10_subsample": -0.2909989294000481, "max_depth": 7.0, "num_boost_round": 11.0}, "datetime": {"datetime": "2024-01-19 01:32:58", "elapsed": 4887.11542, "delta": 0.004429}}
{"target": -13.758532848243034, "params": {"gamma": 56.17711929297864, "log10_alpha": -0.2797577983453703, "log10_colsample_bytree": -0.2860542124450177, "log10_eta": -3.647355276453351, "log10_lambda": -4.583633339820271, "log10_min_child_weight": 4.958638895477118, "log10_subsample": -0.2909989294000481, "max_depth": 7.0, "num_boost_round": 12.0}, "datetime": {"datetime": "2024-01-19 01:32:58", "elapsed": 4887.119831, "delta": 0.004411}}
{"target": -13.75853233268816, "params": {"gamma": 56.17711929297864, "log10_alpha": -0.2797577983453703, "log10_colsample_bytree": -0.2860542124450177, "log10_eta": -3.647355276453351, "log10_lambda": -4.583633339820271, "log10_min_child_weight": 4.958638895477118, "log10_subsample": -0.2909989294000481, "max_depth": 7.0, "num_boost_round": 13.0}, "datetime": {"datetime": "2024-01-19 01:32:58", "elapsed": 4887.124198, "delta": 0.004367}}
{"target": -13.758531864094165, "params": {"gamma": 56.17711929297864, "log10_alpha": -0.2797577983453703, "log10_colsample_bytree": -0.2860542124450177, "log10_eta": -3.647355276453351, "log10_lambda": -4.583633339820271, "log10_min_child_weight": 4.958638895477118, "log10_subsample": -0.2909989294000481, "max_depth": 7.0, "num_boost_round": 14.0}, "datetime": {"datetime": "2024-01-19 01:32:59", "elapsed": 4887.128528, "delta": 0.00433}}
{"target": -13.758530759925803, "params": {"gamma": 56.17711929297864, "log10_alpha": -0.2797577983453703, "log10_colsample_bytree": -0.2860542124450177, "log10_eta": -3.647355276453351, "log10_lambda": -4.583633339820271, "log10_min_child_weight": 4.958638895477118, "log10_subsample": -0.2909989294000481, "max_depth": 7.0, "num_boost_round": 15.0}, "datetime": {"datetime": "2024-01-19 01:32:59", "elapsed": 4887.132896, "delta": 0.004368}}
{"target": -13.758529429683872, "params": {"gamma": 56.17711929297864, "log10_alpha": -0.2797577983453703, "log10_colsample_bytree": -0.2860542124450177, "log10_eta": -3.647355276453351, "log10_lambda": -4.583633339820271, "log10_min_child_weight": 4.958638895477118, "log10_subsample": -0.2909989294000481, "max_depth": 7.0, "num_boost_round": 16.0}, "datetime": {"datetime": "2024-01-19 01:32:59", "elapsed": 4887.137308, "delta": 0.004412}}
{"target": -13.75852992688993, "params": {"gamma": 56.17711929297864, "log10_alpha": -0.2797577983453703, "log10_colsample_bytree": -0.2860542124450177, "log10_eta": -3.647355276453351, "log10_lambda": -4.583633339820271, "log10_min_child_weight": 4.958638895477118, "log10_subsample": -0.2909989294000481, "max_depth": 7.0, "num_boost_round": 17.0}, "datetime": {"datetime": "2024-01-19 01:32:59", "elapsed": 4887.141769, "delta": 0.004461}}
{"target": -13.758529993587842, "params": {"gamma": 56.17711929297864, "log10_alpha": -0.2797577983453703, "log10_colsample_bytree": -0.2860542124450177, "log10_eta": -3.647355276453351, "log10_lambda": -4.583633339820271, "log10_min_child_weight": 4.958638895477118, "log10_subsample": -0.2909989294000481, "max_depth": 7.0, "num_boost_round": 18.0}, "datetime": {"datetime": "2024-01-19 01:32:59", "elapsed": 4887.146155, "delta": 0.004386}}
{"target": -13.758529006642279, "params": {"gamma": 56.17711929297864, "log10_alpha": -0.2797577983453703, "log10_colsample_bytree": -0.2860542124450177, "log10_eta": -3.647355276453351, "log10_lambda": -4.583633339820271, "log10_min_child_weight": 4.958638895477118, "log10_subsample": -0.2909989294000481, "max_depth": 7.0, "num_boost_round": 19.0}, "datetime": {"datetime": "2024-01-19 01:32:59", "elapsed": 4887.150619, "delta": 0.004464}}
{"target": -13.758527784975561, "params": {"gamma": 56.17711929297864, "log10_alpha": -0.2797577983453703, "log10_colsample_bytree": -0.2860542124450177, "log10_eta": -3.647355276453351, "log10_lambda": -4.583633339820271, "log10_min_child_weight": 4.958638895477118, "log10_subsample": -0.2909989294000481, "max_depth": 7.0, "num_boost_round": 20.0}, "datetime": {"datetime": "2024-01-19 01:32:59", "elapsed": 4887.155002, "delta": 0.004383}}
