{"target": -13.758508661650444, "params": {"gamma": 833.8123168234664, "log10_alpha": -4.721900000689475, "log10_colsample_bytree": -0.6120306611173689, "log10_eta": -3.789393384998295, "log10_lambda": -2.968238728774881, "log10_min_child_weight": 4.9515524132180175, "log10_subsample": -0.4714162110070982, "max_depth": 3.0, "num_boost_round": 52.0}, "datetime": {"datetime": "2024-01-19 02:06:39", "elapsed": 6904.011855, "delta": 0.006821}}
{"target": -13.758508355218549, "params": {"gamma": 833.8123168234664, "log10_alpha": -4.721900000689475, "log10_colsample_bytree": -0.6120306611173689, "log10_eta": -3.789393384998295, "log10_lambda": -2.968238728774881, "log10_min_child_weight": 4.9515524132180175, "log10_subsample": -0.4714162110070982, "max_depth": 3.0, "num_boost_round": 53.0}, "datetime": {"datetime": "2024-01-19 02:06:39", "elapsed": 6904.018723, "delta": 0.006868}}
{"target": -13.758507852852286, "params": {"gamma": 833.8123168234664, "log10_alpha": -4.721900000689475, "log10_colsample_bytree": -0.6120306611173689, "log10_eta": -3.789393384998295, "log10_lambda": -2.968238728774881, "log10_min_child_weight": 4.9515524132180175, "log10_subsample": -0.4714162110070982, "max_depth": 3.0, "num_boost_round": 54.0}, "datetime": {"datetime": "2024-01-19 02:06:39", "elapsed": 6904.025497, "delta": 0.006774}}
{"target": -13.758507594647023, "params": {"gamma": 833.8123168234664, "log10_alpha": -4.721900000689475, "log10_colsample_bytree": -0.6120306611173689, "log10_eta": -3.789393384998295, "log10_lambda": -2.968238728774881, "log10_min_child_weight": 4.9515524132180175, "log10_subsample": -0.4714162110070982, "max_depth": 3.0, "num_boost_round": 55.0}, "datetime": {"datetime": "2024-01-19 02:06:39", "elapsed": 6904.032275, "delta": 0.006778}}
{"target": -13.758507089513717, "params": {"gamma": 833.8123168234664, "log10_alpha": -4.721900000689475, "log10_colsample_bytree": -0.6120306611173689, "log10_eta": -3.789393384998295, "log10_lambda": -2.968238728774881, "log10_min_child_weight": 4.9515524132180175, "log10_subsample": -0.4714162110070982, "max_depth": 3.0, "num_boost_round": 56.0}, "datetime": {"datetime": "2024-01-19 02:06:39", "elapsed": 6904.039067, "delta": 0.006792}}
{"target": -13.758506408893618, "params": {"gamma": 833.8123168234664, "log10_alpha": -4.721900000689475, "log10_colsample_bytree": -0.6120306611173689, "log10_eta": -3.789393384998295, "log10_lambda": -2.968238728774881, "log10_min_child_weight": 4.9515524132180175, "log10_subsample": -0.4714162110070982, "max_depth": 3.0, "num_boost_round": 57.0}, "datetime": {"datetime": "2024-01-19 02:06:39", "elapsed": 6904.046074, "delta": 0.007007}}
{"target": -13.758506178938722, "params": {"gamma": 833.8123168234664, "log10_alpha": -4.721900000689475, "log10_colsample_bytree": -0.6120306611173689, "log10_eta": -3.789393384998295, "log10_lambda": -2.968238728774881, "log10_min_child_weight": 4.9515524132180175, "log10_subsample": -0.4714162110070982, "max_depth": 3.0, "num_boost_round": 58.0}, "datetime": {"datetime": "2024-01-19 02:06:39", "elapsed": 6904.052955, "delta": 0.006881}}
{"target": -13.758504630712487, "params": {"gamma": 833.8123168234664, "log10_alpha": -4.721900000689475, "log10_colsample_bytree": -0.6120306611173689, "log10_eta": -3.789393384998295, "log10_lambda": -2.968238728774881, "log10_min_child_weight": 4.9515524132180175, "log10_subsample": -0.4714162110070982, "max_depth": 3.0, "num_boost_round": 59.0}, "datetime": {"datetime": "2024-01-19 02:06:39", "elapsed": 6904.060703, "delta": 0.007748}}
{"target": -13.758504062606967, "params": {"gamma": 833.8123168234664, "log10_alpha": -4.721900000689475, "log10_colsample_bytree": -0.6120306611173689, "log10_eta": -3.789393384998295, "log10_lambda": -2.968238728774881, "log10_min_child_weight": 4.9515524132180175, "log10_subsample": -0.4714162110070982, "max_depth": 3.0, "num_boost_round": 60.0}, "datetime": {"datetime": "2024-01-19 02:06:39", "elapsed": 6904.067791, "delta": 0.007088}}
{"target": -13.758503452933722, "params": {"gamma": 833.8123168234664, "log10_alpha": -4.721900000689475, "log10_colsample_bytree": -0.6120306611173689, "log10_eta": -3.789393384998295, "log10_lambda": -2.968238728774881, "log10_min_child_weight": 4.9515524132180175, "log10_subsample": -0.4714162110070982, "max_depth": 3.0, "num_boost_round": 61.0}, "datetime": {"datetime": "2024-01-19 02:06:39", "elapsed": 6904.074797, "delta": 0.007006}}
{"target": -13.758502656579514, "params": {"gamma": 833.8123168234664, "log10_alpha": -4.721900000689475, "log10_colsample_bytree": -0.6120306611173689, "log10_eta": -3.789393384998295, "log10_lambda": -2.968238728774881, "log10_min_child_weight": 4.9515524132180175, "log10_subsample": -0.4714162110070982, "max_depth": 3.0, "num_boost_round": 62.0}, "datetime": {"datetime": "2024-01-19 02:06:39", "elapsed": 6904.081548, "delta": 0.006751}}
{"target": -13.758501790923892, "params": {"gamma": 833.8123168234664, "log10_alpha": -4.721900000689475, "log10_colsample_bytree": -0.6120306611173689, "log10_eta": -3.789393384998295, "log10_lambda": -2.968238728774881, "log10_min_child_weight": 4.9515524132180175, "log10_subsample": -0.4714162110070982, "max_depth": 3.0, "num_boost_round": 63.0}, "datetime": {"datetime": "2024-01-19 02:06:39", "elapsed": 6904.08833, "delta": 0.006782}}
{"target": -13.758500770044861, "params": {"gamma": 833.8123168234664, "log10_alpha": -4.721900000689475, "log10_colsample_bytree": -0.6120306611173689, "log10_eta": -3.789393384998295, "log10_lambda": -2.968238728774881, "log10_min_child_weight": 4.9515524132180175, "log10_subsample": -0.4714162110070982, "max_depth": 3.0, "num_boost_round": 64.0}, "datetime": {"datetime": "2024-01-19 02:06:39", "elapsed": 6904.095255, "delta": 0.006925}}
{"target": -13.758500886731447, "params": {"gamma": 833.8123168234664, "log10_alpha": -4.721900000689475, "log10_colsample_bytree": -0.6120306611173689, "log10_eta": -3.789393384998295, "log10_lambda": -2.968238728774881, "log10_min_child_weight": 4.9515524132180175, "log10_subsample": -0.4714162110070982, "max_depth": 3.0, "num_boost_round": 65.0}, "datetime": {"datetime": "2024-01-19 02:06:39", "elapsed": 6904.102127, "delta": 0.006872}}
{"target": -13.758500460665411, "params": {"gamma": 833.8123168234664, "log10_alpha": -4.721900000689475, "log10_colsample_bytree": -0.6120306611173689, "log10_eta": -3.789393384998295, "log10_lambda": -2.968238728774881, "log10_min_child_weight": 4.9515524132180175, "log10_subsample": -0.4714162110070982, "max_depth": 3.0, "num_boost_round": 66.0}, "datetime": {"datetime": "2024-01-19 02:06:39", "elapsed": 6904.108925, "delta": 0.006798}}
{"target": -13.758500107388647, "params": {"gamma": 833.8123168234664, "log10_alpha": -4.721900000689475, "log10_colsample_bytree": -0.6120306611173689, "log10_eta": -3.789393384998295, "log10_lambda": -2.968238728774881, "log10_min_child_weight": 4.9515524132180175, "log10_subsample": -0.4714162110070982, "max_depth": 3.0, "num_boost_round": 67.0}, "datetime": {"datetime": "2024-01-19 02:06:39", "elapsed": 6904.115723, "delta": 0.006798}}
{"target": -13.758329700105524, "params": {"gamma": 820.3102099702024, "log10_alpha": -3.851466389416262, "log10_colsample_bytree": -0.16560770125780544, "log10_eta": -1.8437131139525116, "log10_lambda": 0.6119834863418809, "log10_min_child_weight": 2.9415177074485648, "log10_subsample": -0.9166856679578941, "max_depth": 4.0, "num_boost_round": 0.0}, "datetime": {"datetime": "2024-01-19 02:09:48", "elapsed": 7092.322948, "delta": 188.207225}}
{"target": -13.757986343003601, "params": {"gamma": 820.3102099702024, "log10_alpha": -3.851466389416262, "log10_colsample_bytree": -0.16560770125780544, "log10_eta": -1.8437131139525116, "log10_lambda": 0.6119834863418809, "log10_min_child_weight": 2.9415177074485648, "log10_subsample": -0.9166856679578941, "max_depth": 4.0, "num_boost_round": 1.0}, "datetime": {"datetime": "2024-01-19 02:09:48", "elapsed": 7092.330587, "delta": 0.007639}}
{"target": -13.757912219735928, "params": {"gamma": 820.3102099702024, "log10_alpha": -3.851466389416262, "log10_colsample_bytree": -0.16560770125780544, "log10_eta": -1.8437131139525116, "log10_lambda": 0.6119834863418809, "log10_min_child_weight": 2.9415177074485648, "log10_subsample": -0.9166856679578941, "max_depth": 4.0, "num_boost_round": 2.0}, "datetime": {"datetime": "2024-01-19 02:09:48", "elapsed": 7092.338329, "delta": 0.007742}}
{"target": -13.75789071614292, "params": {"gamma": 820.3102099702024, "log10_alpha": -3.851466389416262, "log10_colsample_bytree": -0.16560770125780544, "log10_eta": -1.8437131139525116, "log10_lambda": 0.6119834863418809, "log10_min_child_weight": 2.9415177074485648, "log10_subsample": -0.9166856679578941, "max_depth": 4.0, "num_boost_round": 3.0}, "datetime": {"datetime": "2024-01-19 02:09:48", "elapsed": 7092.346094, "delta": 0.007765}}
{"target": -13.757838093786624, "params": {"gamma": 820.3102099702024, "log10_alpha": -3.851466389416262, "log10_colsample_bytree": -0.16560770125780544, "log10_eta": -1.8437131139525116, "log10_lambda": 0.6119834863418809, "log10_min_child_weight": 2.9415177074485648, "log10_subsample": -0.9166856679578941, "max_depth": 4.0, "num_boost_round": 4.0}, "datetime": {"datetime": "2024-01-19 02:09:48", "elapsed": 7092.353257, "delta": 0.007163}}
{"target": -13.75773732504597, "params": {"gamma": 820.3102099702024, "log10_alpha": -3.851466389416262, "log10_colsample_bytree": -0.16560770125780544, "log10_eta": -1.8437131139525116, "log10_lambda": 0.6119834863418809, "log10_min_child_weight": 2.9415177074485648, "log10_subsample": -0.9166856679578941, "max_depth": 4.0, "num_boost_round": 5.0}, "datetime": {"datetime": "2024-01-19 02:09:48", "elapsed": 7092.360339, "delta": 0.007082}}
{"target": -13.757651430988085, "params": {"gamma": 820.3102099702024, "log10_alpha": -3.851466389416262, "log10_colsample_bytree": -0.16560770125780544, "log10_eta": -1.8437131139525116, "log10_lambda": 0.6119834863418809, "log10_min_child_weight": 2.9415177074485648, "log10_subsample": -0.9166856679578941, "max_depth": 4.0, "num_boost_round": 6.0}, "datetime": {"datetime": "2024-01-19 02:09:48", "elapsed": 7092.367359, "delta": 0.00702}}
{"target": -13.757429943837835, "params": {"gamma": 820.3102099702024, "log10_alpha": -3.851466389416262, "log10_colsample_bytree": -0.16560770125780544, "log10_eta": -1.8437131139525116, "log10_lambda": 0.6119834863418809, "log10_min_child_weight": 2.9415177074485648, "log10_subsample": -0.9166856679578941, "max_depth": 4.0, "num_boost_round": 7.0}, "datetime": {"datetime": "2024-01-19 02:09:48", "elapsed": 7092.374589, "delta": 0.00723}}
{"target": -13.757353358210999, "params": {"gamma": 820.3102099702024, "log10_alpha": -3.851466389416262, "log10_colsample_bytree": -0.16560770125780544, "log10_eta": -1.8437131139525116, "log10_lambda": 0.6119834863418809, "log10_min_child_weight": 2.9415177074485648, "log10_subsample": -0.9166856679578941, "max_depth": 4.0, "num_boost_round": 8.0}, "datetime": {"datetime": "2024-01-19 02:09:48", "elapsed": 7092.381638, "delta": 0.007049}}
{"target": -13.75721107599031, "params": {"gamma": 820.3102099702024, "log10_alpha": -3.851466389416262, "log10_colsample_bytree": -0.16560770125780544, "log10_eta": -1.8437131139525116, "log10_lambda": 0.6119834863418809, "log10_min_child_weight": 2.9415177074485648, "log10_subsample": -0.9166856679578941, "max_depth": 4.0, "num_boost_round": 9.0}, "datetime": {"datetime": "2024-01-19 02:09:48", "elapsed": 7092.388749, "delta": 0.007111}}
{"target": -13.757332439017656, "params": {"gamma": 820.3102099702024, "log10_alpha": -3.851466389416262, "log10_colsample_bytree": -0.16560770125780544, "log10_eta": -1.8437131139525116, "log10_lambda": 0.6119834863418809, "log10_min_child_weight": 2.9415177074485648, "log10_subsample": -0.9166856679578941, "max_depth": 4.0, "num_boost_round": 10.0}, "datetime": {"datetime": "2024-01-19 02:09:48", "elapsed": 7092.395856, "delta": 0.007107}}
{"target": -13.757079052574035, "params": {"gamma": 820.3102099702024, "log10_alpha": -3.851466389416262, "log10_colsample_bytree": -0.16560770125780544, "log10_eta": -1.8437131139525116, "log10_lambda": 0.6119834863418809, "log10_min_child_weight": 2.9415177074485648, "log10_subsample": -0.9166856679578941, "max_depth": 4.0, "num_boost_round": 11.0}, "datetime": {"datetime": "2024-01-19 02:09:48", "elapsed": 7092.402868, "delta": 0.007012}}
{"target": -13.757151526900035, "params": {"gamma": 820.3102099702024, "log10_alpha": -3.851466389416262, "log10_colsample_bytree": -0.16560770125780544, "log10_eta": -1.8437131139525116, "log10_lambda": 0.6119834863418809, "log10_min_child_weight": 2.9415177074485648, "log10_subsample": -0.9166856679578941, "max_depth": 4.0, "num_boost_round": 12.0}, "datetime": {"datetime": "2024-01-19 02:09:48", "elapsed": 7092.529272, "delta": 0.126404}}
{"target": -13.75700701096585, "params": {"gamma": 820.3102099702024, "log10_alpha": -3.851466389416262, "log10_colsample_bytree": -0.16560770125780544, "log10_eta": -1.8437131139525116, "log10_lambda": 0.6119834863418809, "log10_min_child_weight": 2.9415177074485648, "log10_subsample": -0.9166856679578941, "max_depth": 4.0, "num_boost_round": 13.0}, "datetime": {"datetime": "2024-01-19 02:09:48", "elapsed": 7092.537841, "delta": 0.008569}}
{"target": -13.75677919658756, "params": {"gamma": 820.3102099702024, "log10_alpha": -3.851466389416262, "log10_colsample_bytree": -0.16560770125780544, "log10_eta": -1.8437131139525116, "log10_lambda": 0.6119834863418809, "log10_min_child_weight": 2.9415177074485648, "log10_subsample": -0.9166856679578941, "max_depth": 4.0, "num_boost_round": 14.0}, "datetime": {"datetime": "2024-01-19 02:09:48", "elapsed": 7092.545519, "delta": 0.007678}}
{"target": -13.756663214381103, "params": {"gamma": 820.3102099702024, "log10_alpha": -3.851466389416262, "log10_colsample_bytree": -0.16560770125780544, "log10_eta": -1.8437131139525116, "log10_lambda": 0.6119834863418809, "log10_min_child_weight": 2.9415177074485648, "log10_subsample": -0.9166856679578941, "max_depth": 4.0, "num_boost_round": 15.0}, "datetime": {"datetime": "2024-01-19 02:09:48", "elapsed": 7092.552758, "delta": 0.007239}}
{"target": -13.756558247667156, "params": {"gamma": 820.3102099702024, "log10_alpha": -3.851466389416262, "log10_colsample_bytree": -0.16560770125780544, "log10_eta": -1.8437131139525116, "log10_lambda": 0.6119834863418809, "log10_min_child_weight": 2.9415177074485648, "log10_subsample": -0.9166856679578941, "max_depth": 4.0, "num_boost_round": 16.0}, "datetime": {"datetime": "2024-01-19 02:09:48", "elapsed": 7092.559869, "delta": 0.007111}}
{"target": -13.756391818622992, "params": {"gamma": 820.3102099702024, "log10_alpha": -3.851466389416262, "log10_colsample_bytree": -0.16560770125780544, "log10_eta": -1.8437131139525116, "log10_lambda": 0.6119834863418809, "log10_min_child_weight": 2.9415177074485648, "log10_subsample": -0.9166856679578941, "max_depth": 4.0, "num_boost_round": 17.0}, "datetime": {"datetime": "2024-01-19 02:09:48", "elapsed": 7092.567024, "delta": 0.007155}}
{"target": -13.756556238621647, "params": {"gamma": 820.3102099702024, "log10_alpha": -3.851466389416262, "log10_colsample_bytree": -0.16560770125780544, "log10_eta": -1.8437131139525116, "log10_lambda": 0.6119834863418809, "log10_min_child_weight": 2.9415177074485648, "log10_subsample": -0.9166856679578941, "max_depth": 4.0, "num_boost_round": 18.0}, "datetime": {"datetime": "2024-01-19 02:09:48", "elapsed": 7092.574116, "delta": 0.007092}}
{"target": -13.756572307145886, "params": {"gamma": 820.3102099702024, "log10_alpha": -3.851466389416262, "log10_colsample_bytree": -0.16560770125780544, "log10_eta": -1.8437131139525116, "log10_lambda": 0.6119834863418809, "log10_min_child_weight": 2.9415177074485648, "log10_subsample": -0.9166856679578941, "max_depth": 4.0, "num_boost_round": 19.0}, "datetime": {"datetime": "2024-01-19 02:09:48", "elapsed": 7092.581202, "delta": 0.007086}}
{"target": -13.756525406505679, "params": {"gamma": 820.3102099702024, "log10_alpha": -3.851466389416262, "log10_colsample_bytree": -0.16560770125780544, "log10_eta": -1.8437131139525116, "log10_lambda": 0.6119834863418809, "log10_min_child_weight": 2.9415177074485648, "log10_subsample": -0.9166856679578941, "max_depth": 4.0, "num_boost_round": 20.0}, "datetime": {"datetime": "2024-01-19 02:09:48", "elapsed": 7092.588445, "delta": 0.007243}}
{"target": -13.75647048569202, "params": {"gamma": 820.3102099702024, "log10_alpha": -3.851466389416262, "log10_colsample_bytree": -0.16560770125780544, "log10_eta": -1.8437131139525116, "log10_lambda": 0.6119834863418809, "log10_min_child_weight": 2.9415177074485648, "log10_subsample": -0.9166856679578941, "max_depth": 4.0, "num_boost_round": 21.0}, "datetime": {"datetime": "2024-01-19 02:09:48", "elapsed": 7092.595761, "delta": 0.007316}}
{"target": -13.75644413010223, "params": {"gamma": 820.3102099702024, "log10_alpha": -3.851466389416262, "log10_colsample_bytree": -0.16560770125780544, "log10_eta": -1.8437131139525116, "log10_lambda": 0.6119834863418809, "log10_min_child_weight": 2.9415177074485648, "log10_subsample": -0.9166856679578941, "max_depth": 4.0, "num_boost_round": 22.0}, "datetime": {"datetime": "2024-01-19 02:09:48", "elapsed": 7092.602895, "delta": 0.007134}}
