{"target": -17.67659532495901, "params": {"gamma": 710.3790968226989, "log10_alpha": -3.832370657052269, "log10_colsample_bytree": -0.9181162359879907, "log10_eta": -3.318925475248829, "log10_lambda": 0.547669620885241, "log10_min_child_weight": 0.29411575368451737, "log10_subsample": -0.4953429849958523, "max_depth": 5.0, "num_boost_round": 38.0}, "datetime": {"datetime": "2024-01-19 01:04:10", "elapsed": 3158.015218, "delta": 0.004158}}
{"target": -17.676586930265977, "params": {"gamma": 710.3790968226989, "log10_alpha": -3.832370657052269, "log10_colsample_bytree": -0.9181162359879907, "log10_eta": -3.318925475248829, "log10_lambda": 0.547669620885241, "log10_min_child_weight": 0.29411575368451737, "log10_subsample": -0.4953429849958523, "max_depth": 5.0, "num_boost_round": 39.0}, "datetime": {"datetime": "2024-01-19 01:04:10", "elapsed": 3158.019624, "delta": 0.004406}}
{"target": -17.676583937663317, "params": {"gamma": 710.3790968226989, "log10_alpha": -3.832370657052269, "log10_colsample_bytree": -0.9181162359879907, "log10_eta": -3.318925475248829, "log10_lambda": 0.547669620885241, "log10_min_child_weight": 0.29411575368451737, "log10_subsample": -0.4953429849958523, "max_depth": 5.0, "num_boost_round": 40.0}, "datetime": {"datetime": "2024-01-19 01:04:10", "elapsed": 3158.024066, "delta": 0.004442}}
{"target": -17.676584412662763, "params": {"gamma": 710.3790968226989, "log10_alpha": -3.832370657052269, "log10_colsample_bytree": -0.9181162359879907, "log10_eta": -3.318925475248829, "log10_lambda": 0.547669620885241, "log10_min_child_weight": 0.29411575368451737, "log10_subsample": -0.4953429849958523, "max_depth": 5.0, "num_boost_round": 41.0}, "datetime": {"datetime": "2024-01-19 01:04:10", "elapsed": 3158.02834, "delta": 0.004274}}
{"target": -17.676551137333934, "params": {"gamma": 710.3790968226989, "log10_alpha": -3.832370657052269, "log10_colsample_bytree": -0.9181162359879907, "log10_eta": -3.318925475248829, "log10_lambda": 0.547669620885241, "log10_min_child_weight": 0.29411575368451737, "log10_subsample": -0.4953429849958523, "max_depth": 5.0, "num_boost_round": 42.0}, "datetime": {"datetime": "2024-01-19 01:04:10", "elapsed": 3158.032586, "delta": 0.004246}}
{"target": -17.676532270951515, "params": {"gamma": 710.3790968226989, "log10_alpha": -3.832370657052269, "log10_colsample_bytree": -0.9181162359879907, "log10_eta": -3.318925475248829, "log10_lambda": 0.547669620885241, "log10_min_child_weight": 0.29411575368451737, "log10_subsample": -0.4953429849958523, "max_depth": 5.0, "num_boost_round": 43.0}, "datetime": {"datetime": "2024-01-19 01:04:10", "elapsed": 3158.036991, "delta": 0.004405}}
{"target": -17.676528018348293, "params": {"gamma": 710.3790968226989, "log10_alpha": -3.832370657052269, "log10_colsample_bytree": -0.9181162359879907, "log10_eta": -3.318925475248829, "log10_lambda": 0.547669620885241, "log10_min_child_weight": 0.29411575368451737, "log10_subsample": -0.4953429849958523, "max_depth": 5.0, "num_boost_round": 44.0}, "datetime": {"datetime": "2024-01-19 01:04:10", "elapsed": 3158.041258, "delta": 0.004267}}
{"target": -17.676523976967026, "params": {"gamma": 710.3790968226989, "log10_alpha": -3.832370657052269, "log10_colsample_bytree": -0.9181162359879907, "log10_eta": -3.318925475248829, "log10_lambda": 0.547669620885241, "log10_min_child_weight": 0.29411575368451737, "log10_subsample": -0.4953429849958523, "max_depth": 5.0, "num_boost_round": 45.0}, "datetime": {"datetime": "2024-01-19 01:04:10", "elapsed": 3158.045548, "delta": 0.00429}}
{"target": -17.676530454045402, "params": {"gamma": 710.3790968226989, "log10_alpha": -3.832370657052269, "log10_colsample_bytree": -0.9181162359879907, "log10_eta": -3.318925475248829, "log10_lambda": 0.547669620885241, "log10_min_child_weight": 0.29411575368451737, "log10_subsample": -0.4953429849958523, "max_depth": 5.0, "num_boost_round": 46.0}, "datetime": {"datetime": "2024-01-19 01:04:10", "elapsed": 3158.049892, "delta": 0.004344}}
{"target": -17.6764947314191, "params": {"gamma": 710.3790968226989, "log10_alpha": -3.832370657052269, "log10_colsample_bytree": -0.9181162359879907, "log10_eta": -3.318925475248829, "log10_lambda": 0.547669620885241, "log10_min_child_weight": 0.29411575368451737, "log10_subsample": -0.4953429849958523, "max_depth": 5.0, "num_boost_round": 47.0}, "datetime": {"datetime": "2024-01-19 01:04:10", "elapsed": 3158.054153, "delta": 0.004261}}
{"target": -17.676486709502466, "params": {"gamma": 710.3790968226989, "log10_alpha": -3.832370657052269, "log10_colsample_bytree": -0.9181162359879907, "log10_eta": -3.318925475248829, "log10_lambda": 0.547669620885241, "log10_min_child_weight": 0.29411575368451737, "log10_subsample": -0.4953429849958523, "max_depth": 5.0, "num_boost_round": 48.0}, "datetime": {"datetime": "2024-01-19 01:04:10", "elapsed": 3158.058414, "delta": 0.004261}}
{"target": -17.676485794842076, "params": {"gamma": 710.3790968226989, "log10_alpha": -3.832370657052269, "log10_colsample_bytree": -0.9181162359879907, "log10_eta": -3.318925475248829, "log10_lambda": 0.547669620885241, "log10_min_child_weight": 0.29411575368451737, "log10_subsample": -0.4953429849958523, "max_depth": 5.0, "num_boost_round": 49.0}, "datetime": {"datetime": "2024-01-19 01:04:10", "elapsed": 3158.062763, "delta": 0.004349}}
{"target": -17.676494112259302, "params": {"gamma": 710.3790968226989, "log10_alpha": -3.832370657052269, "log10_colsample_bytree": -0.9181162359879907, "log10_eta": -3.318925475248829, "log10_lambda": 0.547669620885241, "log10_min_child_weight": 0.29411575368451737, "log10_subsample": -0.4953429849958523, "max_depth": 5.0, "num_boost_round": 50.0}, "datetime": {"datetime": "2024-01-19 01:04:10", "elapsed": 3158.067026, "delta": 0.004263}}
{"target": -17.676489352172275, "params": {"gamma": 710.3790968226989, "log10_alpha": -3.832370657052269, "log10_colsample_bytree": -0.9181162359879907, "log10_eta": -3.318925475248829, "log10_lambda": 0.547669620885241, "log10_min_child_weight": 0.29411575368451737, "log10_subsample": -0.4953429849958523, "max_depth": 5.0, "num_boost_round": 51.0}, "datetime": {"datetime": "2024-01-19 01:04:10", "elapsed": 3158.071323, "delta": 0.004297}}
{"target": -17.676482441944202, "params": {"gamma": 710.3790968226989, "log10_alpha": -3.832370657052269, "log10_colsample_bytree": -0.9181162359879907, "log10_eta": -3.318925475248829, "log10_lambda": 0.547669620885241, "log10_min_child_weight": 0.29411575368451737, "log10_subsample": -0.4953429849958523, "max_depth": 5.0, "num_boost_round": 52.0}, "datetime": {"datetime": "2024-01-19 01:04:10", "elapsed": 3158.076751, "delta": 0.005428}}
{"target": -17.6764686945496, "params": {"gamma": 710.3790968226989, "log10_alpha": -3.832370657052269, "log10_colsample_bytree": -0.9181162359879907, "log10_eta": -3.318925475248829, "log10_lambda": 0.547669620885241, "log10_min_child_weight": 0.29411575368451737, "log10_subsample": -0.4953429849958523, "max_depth": 5.0, "num_boost_round": 53.0}, "datetime": {"datetime": "2024-01-19 01:04:10", "elapsed": 3158.081085, "delta": 0.004334}}
{"target": -17.676454480707307, "params": {"gamma": 710.3790968226989, "log10_alpha": -3.832370657052269, "log10_colsample_bytree": -0.9181162359879907, "log10_eta": -3.318925475248829, "log10_lambda": 0.547669620885241, "log10_min_child_weight": 0.29411575368451737, "log10_subsample": -0.4953429849958523, "max_depth": 5.0, "num_boost_round": 54.0}, "datetime": {"datetime": "2024-01-19 01:04:10", "elapsed": 3158.085405, "delta": 0.00432}}
{"target": -17.67642413471146, "params": {"gamma": 710.3790968226989, "log10_alpha": -3.832370657052269, "log10_colsample_bytree": -0.9181162359879907, "log10_eta": -3.318925475248829, "log10_lambda": 0.547669620885241, "log10_min_child_weight": 0.29411575368451737, "log10_subsample": -0.4953429849958523, "max_depth": 5.0, "num_boost_round": 55.0}, "datetime": {"datetime": "2024-01-19 01:04:10", "elapsed": 3158.089793, "delta": 0.004388}}
{"target": -17.676421730852585, "params": {"gamma": 710.3790968226989, "log10_alpha": -3.832370657052269, "log10_colsample_bytree": -0.9181162359879907, "log10_eta": -3.318925475248829, "log10_lambda": 0.547669620885241, "log10_min_child_weight": 0.29411575368451737, "log10_subsample": -0.4953429849958523, "max_depth": 5.0, "num_boost_round": 56.0}, "datetime": {"datetime": "2024-01-19 01:04:10", "elapsed": 3158.094116, "delta": 0.004323}}
{"target": -17.67640303247377, "params": {"gamma": 710.3790968226989, "log10_alpha": -3.832370657052269, "log10_colsample_bytree": -0.9181162359879907, "log10_eta": -3.318925475248829, "log10_lambda": 0.547669620885241, "log10_min_child_weight": 0.29411575368451737, "log10_subsample": -0.4953429849958523, "max_depth": 5.0, "num_boost_round": 57.0}, "datetime": {"datetime": "2024-01-19 01:04:10", "elapsed": 3158.09843, "delta": 0.004314}}
{"target": -17.67638428043466, "params": {"gamma": 710.3790968226989, "log10_alpha": -3.832370657052269, "log10_colsample_bytree": -0.9181162359879907, "log10_eta": -3.318925475248829, "log10_lambda": 0.547669620885241, "log10_min_child_weight": 0.29411575368451737, "log10_subsample": -0.4953429849958523, "max_depth": 5.0, "num_boost_round": 58.0}, "datetime": {"datetime": "2024-01-19 01:04:10", "elapsed": 3158.102807, "delta": 0.004377}}
{"target": -17.676359831280003, "params": {"gamma": 710.3790968226989, "log10_alpha": -3.832370657052269, "log10_colsample_bytree": -0.9181162359879907, "log10_eta": -3.318925475248829, "log10_lambda": 0.547669620885241, "log10_min_child_weight": 0.29411575368451737, "log10_subsample": -0.4953429849958523, "max_depth": 5.0, "num_boost_round": 59.0}, "datetime": {"datetime": "2024-01-19 01:04:10", "elapsed": 3158.107224, "delta": 0.004417}}
{"target": -17.676357846736586, "params": {"gamma": 710.3790968226989, "log10_alpha": -3.832370657052269, "log10_colsample_bytree": -0.9181162359879907, "log10_eta": -3.318925475248829, "log10_lambda": 0.547669620885241, "log10_min_child_weight": 0.29411575368451737, "log10_subsample": -0.4953429849958523, "max_depth": 5.0, "num_boost_round": 60.0}, "datetime": {"datetime": "2024-01-19 01:04:10", "elapsed": 3158.111508, "delta": 0.004284}}
{"target": -17.676356662195932, "params": {"gamma": 710.3790968226989, "log10_alpha": -3.832370657052269, "log10_colsample_bytree": -0.9181162359879907, "log10_eta": -3.318925475248829, "log10_lambda": 0.547669620885241, "log10_min_child_weight": 0.29411575368451737, "log10_subsample": -0.4953429849958523, "max_depth": 5.0, "num_boost_round": 61.0}, "datetime": {"datetime": "2024-01-19 01:04:10", "elapsed": 3158.115855, "delta": 0.004347}}
{"target": -17.677149114923022, "params": {"gamma": 742.4069651374396, "log10_alpha": 0.5343466450350141, "log10_colsample_bytree": -0.5463979196499208, "log10_eta": -2.4163363990650812, "log10_lambda": -2.2391261016993442, "log10_min_child_weight": 3.712020648410645, "log10_subsample": -0.31709116755311206, "max_depth": 9.0, "num_boost_round": 0.0}, "datetime": {"datetime": "2024-01-19 01:05:36", "elapsed": 3243.735612, "delta": 85.619757}}
{"target": -17.677006974291867, "params": {"gamma": 742.4069651374396, "log10_alpha": 0.5343466450350141, "log10_colsample_bytree": -0.5463979196499208, "log10_eta": -2.4163363990650812, "log10_lambda": -2.2391261016993442, "log10_min_child_weight": 3.712020648410645, "log10_subsample": -0.31709116755311206, "max_depth": 9.0, "num_boost_round": 1.0}, "datetime": {"datetime": "2024-01-19 01:05:36", "elapsed": 3243.74094, "delta": 0.005328}}
{"target": -17.67687386450034, "params": {"gamma": 742.4069651374396, "log10_alpha": 0.5343466450350141, "log10_colsample_bytree": -0.5463979196499208, "log10_eta": -2.4163363990650812, "log10_lambda": -2.2391261016993442, "log10_min_child_weight": 3.712020648410645, "log10_subsample": -0.31709116755311206, "max_depth": 9.0, "num_boost_round": 2.0}, "datetime": {"datetime": "2024-01-19 01:05:36", "elapsed": 3243.745398, "delta": 0.004458}}
{"target": -17.6768519222803, "params": {"gamma": 742.4069651374396, "log10_alpha": 0.5343466450350141, "log10_colsample_bytree": -0.5463979196499208, "log10_eta": -2.4163363990650812, "log10_lambda": -2.2391261016993442, "log10_min_child_weight": 3.712020648410645, "log10_subsample": -0.31709116755311206, "max_depth": 9.0, "num_boost_round": 3.0}, "datetime": {"datetime": "2024-01-19 01:05:36", "elapsed": 3243.749597, "delta": 0.004199}}
{"target": -17.67671422622054, "params": {"gamma": 742.4069651374396, "log10_alpha": 0.5343466450350141, "log10_colsample_bytree": -0.5463979196499208, "log10_eta": -2.4163363990650812, "log10_lambda": -2.2391261016993442, "log10_min_child_weight": 3.712020648410645, "log10_subsample": -0.31709116755311206, "max_depth": 9.0, "num_boost_round": 4.0}, "datetime": {"datetime": "2024-01-19 01:05:36", "elapsed": 3243.753866, "delta": 0.004269}}
{"target": -17.676673136277618, "params": {"gamma": 742.4069651374396, "log10_alpha": 0.5343466450350141, "log10_colsample_bytree": -0.5463979196499208, "log10_eta": -2.4163363990650812, "log10_lambda": -2.2391261016993442, "log10_min_child_weight": 3.712020648410645, "log10_subsample": -0.31709116755311206, "max_depth": 9.0, "num_boost_round": 5.0}, "datetime": {"datetime": "2024-01-19 01:05:36", "elapsed": 3243.758144, "delta": 0.004278}}
{"target": -17.676679033084653, "params": {"gamma": 742.4069651374396, "log10_alpha": 0.5343466450350141, "log10_colsample_bytree": -0.5463979196499208, "log10_eta": -2.4163363990650812, "log10_lambda": -2.2391261016993442, "log10_min_child_weight": 3.712020648410645, "log10_subsample": -0.31709116755311206, "max_depth": 9.0, "num_boost_round": 6.0}, "datetime": {"datetime": "2024-01-19 01:05:36", "elapsed": 3243.762285, "delta": 0.004141}}
{"target": -17.676628821959994, "params": {"gamma": 742.4069651374396, "log10_alpha": 0.5343466450350141, "log10_colsample_bytree": -0.5463979196499208, "log10_eta": -2.4163363990650812, "log10_lambda": -2.2391261016993442, "log10_min_child_weight": 3.712020648410645, "log10_subsample": -0.31709116755311206, "max_depth": 9.0, "num_boost_round": 7.0}, "datetime": {"datetime": "2024-01-19 01:05:36", "elapsed": 3243.766494, "delta": 0.004209}}
{"target": -17.676519817172046, "params": {"gamma": 742.4069651374396, "log10_alpha": 0.5343466450350141, "log10_colsample_bytree": -0.5463979196499208, "log10_eta": -2.4163363990650812, "log10_lambda": -2.2391261016993442, "log10_min_child_weight": 3.712020648410645, "log10_subsample": -0.31709116755311206, "max_depth": 9.0, "num_boost_round": 8.0}, "datetime": {"datetime": "2024-01-19 01:05:36", "elapsed": 3243.770921, "delta": 0.004427}}
{"target": -17.676539954996535, "params": {"gamma": 742.4069651374396, "log10_alpha": 0.5343466450350141, "log10_colsample_bytree": -0.5463979196499208, "log10_eta": -2.4163363990650812, "log10_lambda": -2.2391261016993442, "log10_min_child_weight": 3.712020648410645, "log10_subsample": -0.31709116755311206, "max_depth": 9.0, "num_boost_round": 9.0}, "datetime": {"datetime": "2024-01-19 01:05:36", "elapsed": 3243.775083, "delta": 0.004162}}
{"target": -17.676261562628085, "params": {"gamma": 742.4069651374396, "log10_alpha": 0.5343466450350141, "log10_colsample_bytree": -0.5463979196499208, "log10_eta": -2.4163363990650812, "log10_lambda": -2.2391261016993442, "log10_min_child_weight": 3.712020648410645, "log10_subsample": -0.31709116755311206, "max_depth": 9.0, "num_boost_round": 10.0}, "datetime": {"datetime": "2024-01-19 01:05:36", "elapsed": 3243.779504, "delta": 0.004421}}
{"target": -17.676109682169674, "params": {"gamma": 742.4069651374396, "log10_alpha": 0.5343466450350141, "log10_colsample_bytree": -0.5463979196499208, "log10_eta": -2.4163363990650812, "log10_lambda": -2.2391261016993442, "log10_min_child_weight": 3.712020648410645, "log10_subsample": -0.31709116755311206, "max_depth": 9.0, "num_boost_round": 11.0}, "datetime": {"datetime": "2024-01-19 01:05:36", "elapsed": 3243.783811, "delta": 0.004307}}
{"target": -17.675899865610443, "params": {"gamma": 742.4069651374396, "log10_alpha": 0.5343466450350141, "log10_colsample_bytree": -0.5463979196499208, "log10_eta": -2.4163363990650812, "log10_lambda": -2.2391261016993442, "log10_min_child_weight": 3.712020648410645, "log10_subsample": -0.31709116755311206, "max_depth": 9.0, "num_boost_round": 12.0}, "datetime": {"datetime": "2024-01-19 01:05:36", "elapsed": 3243.788153, "delta": 0.004342}}
{"target": -17.675799190959395, "params": {"gamma": 742.4069651374396, "log10_alpha": 0.5343466450350141, "log10_colsample_bytree": -0.5463979196499208, "log10_eta": -2.4163363990650812, "log10_lambda": -2.2391261016993442, "log10_min_child_weight": 3.712020648410645, "log10_subsample": -0.31709116755311206, "max_depth": 9.0, "num_boost_round": 13.0}, "datetime": {"datetime": "2024-01-19 01:05:36", "elapsed": 3243.792467, "delta": 0.004314}}
{"target": -17.675817464218436, "params": {"gamma": 742.4069651374396, "log10_alpha": 0.5343466450350141, "log10_colsample_bytree": -0.5463979196499208, "log10_eta": -2.4163363990650812, "log10_lambda": -2.2391261016993442, "log10_min_child_weight": 3.712020648410645, "log10_subsample": -0.31709116755311206, "max_depth": 9.0, "num_boost_round": 14.0}, "datetime": {"datetime": "2024-01-19 01:05:36", "elapsed": 3243.918122, "delta": 0.125655}}
{"target": -17.67579637310342, "params": {"gamma": 742.4069651374396, "log10_alpha": 0.5343466450350141, "log10_colsample_bytree": -0.5463979196499208, "log10_eta": -2.4163363990650812, "log10_lambda": -2.2391261016993442, "log10_min_child_weight": 3.712020648410645, "log10_subsample": -0.31709116755311206, "max_depth": 9.0, "num_boost_round": 15.0}, "datetime": {"datetime": "2024-01-19 01:05:36", "elapsed": 3243.92312, "delta": 0.004998}}
{"target": -17.675802963978153, "params": {"gamma": 742.4069651374396, "log10_alpha": 0.5343466450350141, "log10_colsample_bytree": -0.5463979196499208, "log10_eta": -2.4163363990650812, "log10_lambda": -2.2391261016993442, "log10_min_child_weight": 3.712020648410645, "log10_subsample": -0.31709116755311206, "max_depth": 9.0, "num_boost_round": 16.0}, "datetime": {"datetime": "2024-01-19 01:05:36", "elapsed": 3243.927992, "delta": 0.004872}}
{"target": -17.67584177200312, "params": {"gamma": 742.4069651374396, "log10_alpha": 0.5343466450350141, "log10_colsample_bytree": -0.5463979196499208, "log10_eta": -2.4163363990650812, "log10_lambda": -2.2391261016993442, "log10_min_child_weight": 3.712020648410645, "log10_subsample": -0.31709116755311206, "max_depth": 9.0, "num_boost_round": 17.0}, "datetime": {"datetime": "2024-01-19 01:05:36", "elapsed": 3243.93259, "delta": 0.004598}}
{"target": -17.675920603848365, "params": {"gamma": 742.4069651374396, "log10_alpha": 0.5343466450350141, "log10_colsample_bytree": -0.5463979196499208, "log10_eta": -2.4163363990650812, "log10_lambda": -2.2391261016993442, "log10_min_child_weight": 3.712020648410645, "log10_subsample": -0.31709116755311206, "max_depth": 9.0, "num_boost_round": 18.0}, "datetime": {"datetime": "2024-01-19 01:05:36", "elapsed": 3243.936952, "delta": 0.004362}}
{"target": -17.675788241567272, "params": {"gamma": 742.4069651374396, "log10_alpha": 0.5343466450350141, "log10_colsample_bytree": -0.5463979196499208, "log10_eta": -2.4163363990650812, "log10_lambda": -2.2391261016993442, "log10_min_child_weight": 3.712020648410645, "log10_subsample": -0.31709116755311206, "max_depth": 9.0, "num_boost_round": 19.0}, "datetime": {"datetime": "2024-01-19 01:05:36", "elapsed": 3243.941258, "delta": 0.004306}}
{"target": -17.675603719310065, "params": {"gamma": 742.4069651374396, "log10_alpha": 0.5343466450350141, "log10_colsample_bytree": -0.5463979196499208, "log10_eta": -2.4163363990650812, "log10_lambda": -2.2391261016993442, "log10_min_child_weight": 3.712020648410645, "log10_subsample": -0.31709116755311206, "max_depth": 9.0, "num_boost_round": 20.0}, "datetime": {"datetime": "2024-01-19 01:05:36", "elapsed": 3243.945768, "delta": 0.00451}}
{"target": -17.675478967348546, "params": {"gamma": 742.4069651374396, "log10_alpha": 0.5343466450350141, "log10_colsample_bytree": -0.5463979196499208, "log10_eta": -2.4163363990650812, "log10_lambda": -2.2391261016993442, "log10_min_child_weight": 3.712020648410645, "log10_subsample": -0.31709116755311206, "max_depth": 9.0, "num_boost_round": 21.0}, "datetime": {"datetime": "2024-01-19 01:05:36", "elapsed": 3243.950145, "delta": 0.004377}}
{"target": -17.67528820771235, "params": {"gamma": 742.4069651374396, "log10_alpha": 0.5343466450350141, "log10_colsample_bytree": -0.5463979196499208, "log10_eta": -2.4163363990650812, "log10_lambda": -2.2391261016993442, "log10_min_child_weight": 3.712020648410645, "log10_subsample": -0.31709116755311206, "max_depth": 9.0, "num_boost_round": 22.0}, "datetime": {"datetime": "2024-01-19 01:05:36", "elapsed": 3243.954471, "delta": 0.004326}}
{"target": -17.675306974716353, "params": {"gamma": 742.4069651374396, "log10_alpha": 0.5343466450350141, "log10_colsample_bytree": -0.5463979196499208, "log10_eta": -2.4163363990650812, "log10_lambda": -2.2391261016993442, "log10_min_child_weight": 3.712020648410645, "log10_subsample": -0.31709116755311206, "max_depth": 9.0, "num_boost_round": 23.0}, "datetime": {"datetime": "2024-01-19 01:05:36", "elapsed": 3243.959038, "delta": 0.004567}}
{"target": -17.675254754342266, "params": {"gamma": 742.4069651374396, "log10_alpha": 0.5343466450350141, "log10_colsample_bytree": -0.5463979196499208, "log10_eta": -2.4163363990650812, "log10_lambda": -2.2391261016993442, "log10_min_child_weight": 3.712020648410645, "log10_subsample": -0.31709116755311206, "max_depth": 9.0, "num_boost_round": 24.0}, "datetime": {"datetime": "2024-01-19 01:05:36", "elapsed": 3243.963255, "delta": 0.004217}}
