{"target": -13.758522045242595, "params": {"gamma": 857.2294667811817, "log10_alpha": -3.0172190677383535, "log10_colsample_bytree": -0.3689995221314911, "log10_eta": -3.9756531266913937, "log10_lambda": 0.8135001451979438, "log10_min_child_weight": 2.333855947138214, "log10_subsample": -0.3262616439287914, "max_depth": 4.0, "num_boost_round": 12.0}, "datetime": {"datetime": "2024-01-19 01:18:33", "elapsed": 4033.520952, "delta": 0.003758}}
{"target": -13.758521213050217, "params": {"gamma": 857.2294667811817, "log10_alpha": -3.0172190677383535, "log10_colsample_bytree": -0.3689995221314911, "log10_eta": -3.9756531266913937, "log10_lambda": 0.8135001451979438, "log10_min_child_weight": 2.333855947138214, "log10_subsample": -0.3262616439287914, "max_depth": 4.0, "num_boost_round": 13.0}, "datetime": {"datetime": "2024-01-19 01:18:33", "elapsed": 4033.524523, "delta": 0.003571}}
{"target": -13.758538413655131, "params": {"gamma": 854.8775204148799, "log10_alpha": -1.0560668344467743, "log10_colsample_bytree": -0.985390956431661, "log10_eta": -3.92273127239853, "log10_lambda": -2.4091092873954274, "log10_min_child_weight": 4.766444370521274, "log10_subsample": -0.9867123287158551, "max_depth": 5.0, "num_boost_round": 0.0}, "datetime": {"datetime": "2024-01-19 01:19:23", "elapsed": 4083.095683, "delta": 49.57116}}
{"target": -13.75853799253177, "params": {"gamma": 854.8775204148799, "log10_alpha": -1.0560668344467743, "log10_colsample_bytree": -0.985390956431661, "log10_eta": -3.92273127239853, "log10_lambda": -2.4091092873954274, "log10_min_child_weight": 4.766444370521274, "log10_subsample": -0.9867123287158551, "max_depth": 5.0, "num_boost_round": 1.0}, "datetime": {"datetime": "2024-01-19 01:19:23", "elapsed": 4083.100069, "delta": 0.004386}}
{"target": -13.758538043306896, "params": {"gamma": 854.8775204148799, "log10_alpha": -1.0560668344467743, "log10_colsample_bytree": -0.985390956431661, "log10_eta": -3.92273127239853, "log10_lambda": -2.4091092873954274, "log10_min_child_weight": 4.766444370521274, "log10_subsample": -0.9867123287158551, "max_depth": 5.0, "num_boost_round": 2.0}, "datetime": {"datetime": "2024-01-19 01:19:23", "elapsed": 4083.103646, "delta": 0.003577}}
{"target": -13.758538125990501, "params": {"gamma": 854.8775204148799, "log10_alpha": -1.0560668344467743, "log10_colsample_bytree": -0.985390956431661, "log10_eta": -3.92273127239853, "log10_lambda": -2.4091092873954274, "log10_min_child_weight": 4.766444370521274, "log10_subsample": -0.9867123287158551, "max_depth": 5.0, "num_boost_round": 3.0}, "datetime": {"datetime": "2024-01-19 01:19:23", "elapsed": 4083.107306, "delta": 0.00366}}
{"target": -13.758538262757636, "params": {"gamma": 854.8775204148799, "log10_alpha": -1.0560668344467743, "log10_colsample_bytree": -0.985390956431661, "log10_eta": -3.92273127239853, "log10_lambda": -2.4091092873954274, "log10_min_child_weight": 4.766444370521274, "log10_subsample": -0.9867123287158551, "max_depth": 5.0, "num_boost_round": 4.0}, "datetime": {"datetime": "2024-01-19 01:19:23", "elapsed": 4083.110808, "delta": 0.003502}}
{"target": -13.758538215385496, "params": {"gamma": 854.8775204148799, "log10_alpha": -1.0560668344467743, "log10_colsample_bytree": -0.985390956431661, "log10_eta": -3.92273127239853, "log10_lambda": -2.4091092873954274, "log10_min_child_weight": 4.766444370521274, "log10_subsample": -0.9867123287158551, "max_depth": 5.0, "num_boost_round": 5.0}, "datetime": {"datetime": "2024-01-19 01:19:23", "elapsed": 4083.11448, "delta": 0.003672}}
{"target": -13.758538183585658, "params": {"gamma": 854.8775204148799, "log10_alpha": -1.0560668344467743, "log10_colsample_bytree": -0.985390956431661, "log10_eta": -3.92273127239853, "log10_lambda": -2.4091092873954274, "log10_min_child_weight": 4.766444370521274, "log10_subsample": -0.9867123287158551, "max_depth": 5.0, "num_boost_round": 6.0}, "datetime": {"datetime": "2024-01-19 01:19:23", "elapsed": 4083.118097, "delta": 0.003617}}
{"target": -13.758537788372891, "params": {"gamma": 854.8775204148799, "log10_alpha": -1.0560668344467743, "log10_colsample_bytree": -0.985390956431661, "log10_eta": -3.92273127239853, "log10_lambda": -2.4091092873954274, "log10_min_child_weight": 4.766444370521274, "log10_subsample": -0.9867123287158551, "max_depth": 5.0, "num_boost_round": 7.0}, "datetime": {"datetime": "2024-01-19 01:19:23", "elapsed": 4083.121824, "delta": 0.003727}}
{"target": -13.758537644152456, "params": {"gamma": 854.8775204148799, "log10_alpha": -1.0560668344467743, "log10_colsample_bytree": -0.985390956431661, "log10_eta": -3.92273127239853, "log10_lambda": -2.4091092873954274, "log10_min_child_weight": 4.766444370521274, "log10_subsample": -0.9867123287158551, "max_depth": 5.0, "num_boost_round": 8.0}, "datetime": {"datetime": "2024-01-19 01:19:23", "elapsed": 4083.125563, "delta": 0.003739}}
{"target": -13.758537645519663, "params": {"gamma": 854.8775204148799, "log10_alpha": -1.0560668344467743, "log10_colsample_bytree": -0.985390956431661, "log10_eta": -3.92273127239853, "log10_lambda": -2.4091092873954274, "log10_min_child_weight": 4.766444370521274, "log10_subsample": -0.9867123287158551, "max_depth": 5.0, "num_boost_round": 9.0}, "datetime": {"datetime": "2024-01-19 01:19:23", "elapsed": 4083.129234, "delta": 0.003671}}
{"target": -13.758537352305915, "params": {"gamma": 854.8775204148799, "log10_alpha": -1.0560668344467743, "log10_colsample_bytree": -0.985390956431661, "log10_eta": -3.92273127239853, "log10_lambda": -2.4091092873954274, "log10_min_child_weight": 4.766444370521274, "log10_subsample": -0.9867123287158551, "max_depth": 5.0, "num_boost_round": 10.0}, "datetime": {"datetime": "2024-01-19 01:19:23", "elapsed": 4083.132923, "delta": 0.003689}}
{"target": -13.758536970882428, "params": {"gamma": 854.8775204148799, "log10_alpha": -1.0560668344467743, "log10_colsample_bytree": -0.985390956431661, "log10_eta": -3.92273127239853, "log10_lambda": -2.4091092873954274, "log10_min_child_weight": 4.766444370521274, "log10_subsample": -0.9867123287158551, "max_depth": 5.0, "num_boost_round": 11.0}, "datetime": {"datetime": "2024-01-19 01:19:23", "elapsed": 4083.136457, "delta": 0.003534}}
{"target": -13.758537059469758, "params": {"gamma": 854.8775204148799, "log10_alpha": -1.0560668344467743, "log10_colsample_bytree": -0.985390956431661, "log10_eta": -3.92273127239853, "log10_lambda": -2.4091092873954274, "log10_min_child_weight": 4.766444370521274, "log10_subsample": -0.9867123287158551, "max_depth": 5.0, "num_boost_round": 12.0}, "datetime": {"datetime": "2024-01-19 01:19:23", "elapsed": 4083.140093, "delta": 0.003636}}
{"target": -13.758523757780095, "params": {"gamma": 892.7329128769553, "log10_alpha": 0.9200053667961443, "log10_colsample_bytree": -0.9318559850998235, "log10_eta": -3.1718606084218015, "log10_lambda": -4.837659854348147, "log10_min_child_weight": 2.330676431765149, "log10_subsample": -0.3376855523059278, "max_depth": 4.0, "num_boost_round": 0.0}, "datetime": {"datetime": "2024-01-19 01:20:26", "elapsed": 4146.599632, "delta": 63.459539}}
{"target": -13.758523434866163, "params": {"gamma": 892.7329128769553, "log10_alpha": 0.9200053667961443, "log10_colsample_bytree": -0.9318559850998235, "log10_eta": -3.1718606084218015, "log10_lambda": -4.837659854348147, "log10_min_child_weight": 2.330676431765149, "log10_subsample": -0.3376855523059278, "max_depth": 4.0, "num_boost_round": 1.0}, "datetime": {"datetime": "2024-01-19 01:20:26", "elapsed": 4146.60447, "delta": 0.004838}}
{"target": -13.758520630401742, "params": {"gamma": 892.7329128769553, "log10_alpha": 0.9200053667961443, "log10_colsample_bytree": -0.9318559850998235, "log10_eta": -3.1718606084218015, "log10_lambda": -4.837659854348147, "log10_min_child_weight": 2.330676431765149, "log10_subsample": -0.3376855523059278, "max_depth": 4.0, "num_boost_round": 2.0}, "datetime": {"datetime": "2024-01-19 01:20:26", "elapsed": 4146.608311, "delta": 0.003841}}
{"target": -13.758515051234975, "params": {"gamma": 892.7329128769553, "log10_alpha": 0.9200053667961443, "log10_colsample_bytree": -0.9318559850998235, "log10_eta": -3.1718606084218015, "log10_lambda": -4.837659854348147, "log10_min_child_weight": 2.330676431765149, "log10_subsample": -0.3376855523059278, "max_depth": 4.0, "num_boost_round": 3.0}, "datetime": {"datetime": "2024-01-19 01:20:26", "elapsed": 4146.612005, "delta": 0.003694}}
{"target": -13.758514728214395, "params": {"gamma": 892.7329128769553, "log10_alpha": 0.9200053667961443, "log10_colsample_bytree": -0.9318559850998235, "log10_eta": -3.1718606084218015, "log10_lambda": -4.837659854348147, "log10_min_child_weight": 2.330676431765149, "log10_subsample": -0.3376855523059278, "max_depth": 4.0, "num_boost_round": 4.0}, "datetime": {"datetime": "2024-01-19 01:20:26", "elapsed": 4146.615818, "delta": 0.003813}}
{"target": -13.758512814565323, "params": {"gamma": 892.7329128769553, "log10_alpha": 0.9200053667961443, "log10_colsample_bytree": -0.9318559850998235, "log10_eta": -3.1718606084218015, "log10_lambda": -4.837659854348147, "log10_min_child_weight": 2.330676431765149, "log10_subsample": -0.3376855523059278, "max_depth": 4.0, "num_boost_round": 5.0}, "datetime": {"datetime": "2024-01-19 01:20:26", "elapsed": 4146.619579, "delta": 0.003761}}
{"target": -13.758513377689667, "params": {"gamma": 892.7329128769553, "log10_alpha": 0.9200053667961443, "log10_colsample_bytree": -0.9318559850998235, "log10_eta": -3.1718606084218015, "log10_lambda": -4.837659854348147, "log10_min_child_weight": 2.330676431765149, "log10_subsample": -0.3376855523059278, "max_depth": 4.0, "num_boost_round": 6.0}, "datetime": {"datetime": "2024-01-19 01:20:26", "elapsed": 4146.62337, "delta": 0.003791}}
{"target": -13.758502656129385, "params": {"gamma": 892.7329128769553, "log10_alpha": 0.9200053667961443, "log10_colsample_bytree": -0.9318559850998235, "log10_eta": -3.1718606084218015, "log10_lambda": -4.837659854348147, "log10_min_child_weight": 2.330676431765149, "log10_subsample": -0.3376855523059278, "max_depth": 4.0, "num_boost_round": 7.0}, "datetime": {"datetime": "2024-01-19 01:20:26", "elapsed": 4146.627236, "delta": 0.003866}}
{"target": -13.75850258987241, "params": {"gamma": 892.7329128769553, "log10_alpha": 0.9200053667961443, "log10_colsample_bytree": -0.9318559850998235, "log10_eta": -3.1718606084218015, "log10_lambda": -4.837659854348147, "log10_min_child_weight": 2.330676431765149, "log10_subsample": -0.3376855523059278, "max_depth": 4.0, "num_boost_round": 8.0}, "datetime": {"datetime": "2024-01-19 01:20:26", "elapsed": 4146.631033, "delta": 0.003797}}
{"target": -13.758490577271404, "params": {"gamma": 892.7329128769553, "log10_alpha": 0.9200053667961443, "log10_colsample_bytree": -0.9318559850998235, "log10_eta": -3.1718606084218015, "log10_lambda": -4.837659854348147, "log10_min_child_weight": 2.330676431765149, "log10_subsample": -0.3376855523059278, "max_depth": 4.0, "num_boost_round": 9.0}, "datetime": {"datetime": "2024-01-19 01:20:26", "elapsed": 4146.634817, "delta": 0.003784}}
{"target": -13.758486601686648, "params": {"gamma": 892.7329128769553, "log10_alpha": 0.9200053667961443, "log10_colsample_bytree": -0.9318559850998235, "log10_eta": -3.1718606084218015, "log10_lambda": -4.837659854348147, "log10_min_child_weight": 2.330676431765149, "log10_subsample": -0.3376855523059278, "max_depth": 4.0, "num_boost_round": 10.0}, "datetime": {"datetime": "2024-01-19 01:20:26", "elapsed": 4146.638586, "delta": 0.003769}}
{"target": -13.75847487687853, "params": {"gamma": 892.7329128769553, "log10_alpha": 0.9200053667961443, "log10_colsample_bytree": -0.9318559850998235, "log10_eta": -3.1718606084218015, "log10_lambda": -4.837659854348147, "log10_min_child_weight": 2.330676431765149, "log10_subsample": -0.3376855523059278, "max_depth": 4.0, "num_boost_round": 11.0}, "datetime": {"datetime": "2024-01-19 01:20:26", "elapsed": 4146.764743, "delta": 0.126157}}
{"target": -13.758460527601498, "params": {"gamma": 892.7329128769553, "log10_alpha": 0.9200053667961443, "log10_colsample_bytree": -0.9318559850998235, "log10_eta": -3.1718606084218015, "log10_lambda": -4.837659854348147, "log10_min_child_weight": 2.330676431765149, "log10_subsample": -0.3376855523059278, "max_depth": 4.0, "num_boost_round": 12.0}, "datetime": {"datetime": "2024-01-19 01:20:26", "elapsed": 4146.76938, "delta": 0.004637}}
{"target": -13.758427862250851, "params": {"gamma": 892.7329128769553, "log10_alpha": 0.9200053667961443, "log10_colsample_bytree": -0.9318559850998235, "log10_eta": -3.1718606084218015, "log10_lambda": -4.837659854348147, "log10_min_child_weight": 2.330676431765149, "log10_subsample": -0.3376855523059278, "max_depth": 4.0, "num_boost_round": 13.0}, "datetime": {"datetime": "2024-01-19 01:20:26", "elapsed": 4146.773358, "delta": 0.003978}}
{"target": -13.758429657762836, "params": {"gamma": 892.7329128769553, "log10_alpha": 0.9200053667961443, "log10_colsample_bytree": -0.9318559850998235, "log10_eta": -3.1718606084218015, "log10_lambda": -4.837659854348147, "log10_min_child_weight": 2.330676431765149, "log10_subsample": -0.3376855523059278, "max_depth": 4.0, "num_boost_round": 14.0}, "datetime": {"datetime": "2024-01-19 01:20:26", "elapsed": 4146.777228, "delta": 0.00387}}
{"target": -13.758407976570426, "params": {"gamma": 892.7329128769553, "log10_alpha": 0.9200053667961443, "log10_colsample_bytree": -0.9318559850998235, "log10_eta": -3.1718606084218015, "log10_lambda": -4.837659854348147, "log10_min_child_weight": 2.330676431765149, "log10_subsample": -0.3376855523059278, "max_depth": 4.0, "num_boost_round": 15.0}, "datetime": {"datetime": "2024-01-19 01:20:26", "elapsed": 4146.781263, "delta": 0.004035}}
{"target": -13.758400008970735, "params": {"gamma": 892.7329128769553, "log10_alpha": 0.9200053667961443, "log10_colsample_bytree": -0.9318559850998235, "log10_eta": -3.1718606084218015, "log10_lambda": -4.837659854348147, "log10_min_child_weight": 2.330676431765149, "log10_subsample": -0.3376855523059278, "max_depth": 4.0, "num_boost_round": 16.0}, "datetime": {"datetime": "2024-01-19 01:20:26", "elapsed": 4146.785375, "delta": 0.004112}}
{"target": -13.758454159307426, "params": {"gamma": 893.4028093598955, "log10_alpha": -3.221732517255374, "log10_colsample_bytree": -0.9065215106291671, "log10_eta": -2.80532111059168, "log10_lambda": -4.497461630622587, "log10_min_child_weight": 1.786594365714333, "log10_subsample": -0.4559756482934233, "max_depth": 5.0, "num_boost_round": 0.0}, "datetime": {"datetime": "2024-01-19 01:20:59", "elapsed": 4179.027502, "delta": 32.242127}}
{"target": -13.758453811848266, "params": {"gamma": 893.4028093598955, "log10_alpha": -3.221732517255374, "log10_colsample_bytree": -0.9065215106291671, "log10_eta": -2.80532111059168, "log10_lambda": -4.497461630622587, "log10_min_child_weight": 1.786594365714333, "log10_subsample": -0.4559756482934233, "max_depth": 5.0, "num_boost_round": 1.0}, "datetime": {"datetime": "2024-01-19 01:20:59", "elapsed": 4179.032677, "delta": 0.005175}}
{"target": -13.758439610858057, "params": {"gamma": 893.4028093598955, "log10_alpha": -3.221732517255374, "log10_colsample_bytree": -0.9065215106291671, "log10_eta": -2.80532111059168, "log10_lambda": -4.497461630622587, "log10_min_child_weight": 1.786594365714333, "log10_subsample": -0.4559756482934233, "max_depth": 5.0, "num_boost_round": 2.0}, "datetime": {"datetime": "2024-01-19 01:20:59", "elapsed": 4179.036556, "delta": 0.003879}}
{"target": -13.758428208103615, "params": {"gamma": 893.4028093598955, "log10_alpha": -3.221732517255374, "log10_colsample_bytree": -0.9065215106291671, "log10_eta": -2.80532111059168, "log10_lambda": -4.497461630622587, "log10_min_child_weight": 1.786594365714333, "log10_subsample": -0.4559756482934233, "max_depth": 5.0, "num_boost_round": 3.0}, "datetime": {"datetime": "2024-01-19 01:20:59", "elapsed": 4179.040467, "delta": 0.003911}}
{"target": -13.758425010632974, "params": {"gamma": 893.4028093598955, "log10_alpha": -3.221732517255374, "log10_colsample_bytree": -0.9065215106291671, "log10_eta": -2.80532111059168, "log10_lambda": -4.497461630622587, "log10_min_child_weight": 1.786594365714333, "log10_subsample": -0.4559756482934233, "max_depth": 5.0, "num_boost_round": 4.0}, "datetime": {"datetime": "2024-01-19 01:20:59", "elapsed": 4179.044131, "delta": 0.003664}}
{"target": -13.758421280181365, "params": {"gamma": 893.4028093598955, "log10_alpha": -3.221732517255374, "log10_colsample_bytree": -0.9065215106291671, "log10_eta": -2.80532111059168, "log10_lambda": -4.497461630622587, "log10_min_child_weight": 1.786594365714333, "log10_subsample": -0.4559756482934233, "max_depth": 5.0, "num_boost_round": 5.0}, "datetime": {"datetime": "2024-01-19 01:20:59", "elapsed": 4179.047821, "delta": 0.00369}}
{"target": -13.758475225084338, "params": {"gamma": 893.4028093598955, "log10_alpha": -3.221732517255374, "log10_colsample_bytree": -0.9065215106291671, "log10_eta": -2.80532111059168, "log10_lambda": -4.497461630622587, "log10_min_child_weight": 1.786594365714333, "log10_subsample": -0.4559756482934233, "max_depth": 5.0, "num_boost_round": 6.0}, "datetime": {"datetime": "2024-01-19 01:20:59", "elapsed": 4179.051645, "delta": 0.003824}}
{"target": -13.758408247348656, "params": {"gamma": 893.4028093598955, "log10_alpha": -3.221732517255374, "log10_colsample_bytree": -0.9065215106291671, "log10_eta": -2.80532111059168, "log10_lambda": -4.497461630622587, "log10_min_child_weight": 1.786594365714333, "log10_subsample": -0.4559756482934233, "max_depth": 5.0, "num_boost_round": 7.0}, "datetime": {"datetime": "2024-01-19 01:20:59", "elapsed": 4179.05567, "delta": 0.004025}}
{"target": -13.758413146643873, "params": {"gamma": 893.4028093598955, "log10_alpha": -3.221732517255374, "log10_colsample_bytree": -0.9065215106291671, "log10_eta": -2.80532111059168, "log10_lambda": -4.497461630622587, "log10_min_child_weight": 1.786594365714333, "log10_subsample": -0.4559756482934233, "max_depth": 5.0, "num_boost_round": 8.0}, "datetime": {"datetime": "2024-01-19 01:20:59", "elapsed": 4179.059413, "delta": 0.003743}}
{"target": -13.758396462906804, "params": {"gamma": 893.4028093598955, "log10_alpha": -3.221732517255374, "log10_colsample_bytree": -0.9065215106291671, "log10_eta": -2.80532111059168, "log10_lambda": -4.497461630622587, "log10_min_child_weight": 1.786594365714333, "log10_subsample": -0.4559756482934233, "max_depth": 5.0, "num_boost_round": 9.0}, "datetime": {"datetime": "2024-01-19 01:20:59", "elapsed": 4179.063197, "delta": 0.003784}}
{"target": -13.758386228174599, "params": {"gamma": 893.4028093598955, "log10_alpha": -3.221732517255374, "log10_colsample_bytree": -0.9065215106291671, "log10_eta": -2.80532111059168, "log10_lambda": -4.497461630622587, "log10_min_child_weight": 1.786594365714333, "log10_subsample": -0.4559756482934233, "max_depth": 5.0, "num_boost_round": 10.0}, "datetime": {"datetime": "2024-01-19 01:20:59", "elapsed": 4179.066975, "delta": 0.003778}}
{"target": -13.758517461569822, "params": {"gamma": 831.4261273564323, "log10_alpha": -3.814353720928794, "log10_colsample_bytree": -0.5213068371480483, "log10_eta": -3.4164232571953166, "log10_lambda": -3.291536508208483, "log10_min_child_weight": 2.3992714349609257, "log10_subsample": -0.18769696652000156, "max_depth": 9.0, "num_boost_round": 0.0}, "datetime": {"datetime": "2024-01-19 01:22:01", "elapsed": 4241.640024, "delta": 62.573049}}
{"target": -13.758495893553256, "params": {"gamma": 831.4261273564323, "log10_alpha": -3.814353720928794, "log10_colsample_bytree": -0.5213068371480483, "log10_eta": -3.4164232571953166, "log10_lambda": -3.291536508208483, "log10_min_child_weight": 2.3992714349609257, "log10_subsample": -0.18769696652000156, "max_depth": 9.0, "num_boost_round": 1.0}, "datetime": {"datetime": "2024-01-19 01:22:01", "elapsed": 4241.645276, "delta": 0.005252}}
{"target": -13.75848608627226, "params": {"gamma": 831.4261273564323, "log10_alpha": -3.814353720928794, "log10_colsample_bytree": -0.5213068371480483, "log10_eta": -3.4164232571953166, "log10_lambda": -3.291536508208483, "log10_min_child_weight": 2.3992714349609257, "log10_subsample": -0.18769696652000156, "max_depth": 9.0, "num_boost_round": 2.0}, "datetime": {"datetime": "2024-01-19 01:22:01", "elapsed": 4241.649416, "delta": 0.00414}}
{"target": -13.758460919664545, "params": {"gamma": 831.4261273564323, "log10_alpha": -3.814353720928794, "log10_colsample_bytree": -0.5213068371480483, "log10_eta": -3.4164232571953166, "log10_lambda": -3.291536508208483, "log10_min_child_weight": 2.3992714349609257, "log10_subsample": -0.18769696652000156, "max_depth": 9.0, "num_boost_round": 3.0}, "datetime": {"datetime": "2024-01-19 01:22:01", "elapsed": 4241.653496, "delta": 0.00408}}
{"target": -13.758434100432165, "params": {"gamma": 831.4261273564323, "log10_alpha": -3.814353720928794, "log10_colsample_bytree": -0.5213068371480483, "log10_eta": -3.4164232571953166, "log10_lambda": -3.291536508208483, "log10_min_child_weight": 2.3992714349609257, "log10_subsample": -0.18769696652000156, "max_depth": 9.0, "num_boost_round": 4.0}, "datetime": {"datetime": "2024-01-19 01:22:01", "elapsed": 4241.657691, "delta": 0.004195}}
{"target": -13.758412003264697, "params": {"gamma": 831.4261273564323, "log10_alpha": -3.814353720928794, "log10_colsample_bytree": -0.5213068371480483, "log10_eta": -3.4164232571953166, "log10_lambda": -3.291536508208483, "log10_min_child_weight": 2.3992714349609257, "log10_subsample": -0.18769696652000156, "max_depth": 9.0, "num_boost_round": 5.0}, "datetime": {"datetime": "2024-01-19 01:22:01", "elapsed": 4241.66161, "delta": 0.003919}}
