{"target": -17.67710944651162, "params": {"gamma": 425.80718271273156, "log10_alpha": -4.60892669494398, "log10_colsample_bytree": -0.2794364640436382, "log10_eta": -3.167009393472323, "log10_lambda": -4.596890259915988, "log10_min_child_weight": 3.3412507796789215, "log10_subsample": -0.8244419886140983, "max_depth": 7.0, "num_boost_round": 2.0}, "datetime": {"datetime": "2024-01-19 00:36:10", "elapsed": 1460.420118, "delta": 0.003219}}
{"target": -17.677120983130692, "params": {"gamma": 425.80718271273156, "log10_alpha": -4.60892669494398, "log10_colsample_bytree": -0.2794364640436382, "log10_eta": -3.167009393472323, "log10_lambda": -4.596890259915988, "log10_min_child_weight": 3.3412507796789215, "log10_subsample": -0.8244419886140983, "max_depth": 7.0, "num_boost_round": 3.0}, "datetime": {"datetime": "2024-01-19 00:36:10", "elapsed": 1460.422727, "delta": 0.002609}}
{"target": -17.677091710284426, "params": {"gamma": 425.80718271273156, "log10_alpha": -4.60892669494398, "log10_colsample_bytree": -0.2794364640436382, "log10_eta": -3.167009393472323, "log10_lambda": -4.596890259915988, "log10_min_child_weight": 3.3412507796789215, "log10_subsample": -0.8244419886140983, "max_depth": 7.0, "num_boost_round": 4.0}, "datetime": {"datetime": "2024-01-19 00:36:10", "elapsed": 1460.42529, "delta": 0.002563}}
{"target": -17.67709760336105, "params": {"gamma": 425.80718271273156, "log10_alpha": -4.60892669494398, "log10_colsample_bytree": -0.2794364640436382, "log10_eta": -3.167009393472323, "log10_lambda": -4.596890259915988, "log10_min_child_weight": 3.3412507796789215, "log10_subsample": -0.8244419886140983, "max_depth": 7.0, "num_boost_round": 5.0}, "datetime": {"datetime": "2024-01-19 00:36:10", "elapsed": 1460.427889, "delta": 0.002599}}
{"target": -17.677071058195345, "params": {"gamma": 425.80718271273156, "log10_alpha": -4.60892669494398, "log10_colsample_bytree": -0.2794364640436382, "log10_eta": -3.167009393472323, "log10_lambda": -4.596890259915988, "log10_min_child_weight": 3.3412507796789215, "log10_subsample": -0.8244419886140983, "max_depth": 7.0, "num_boost_round": 6.0}, "datetime": {"datetime": "2024-01-19 00:36:10", "elapsed": 1460.430403, "delta": 0.002514}}
{"target": -17.677039466375042, "params": {"gamma": 425.80718271273156, "log10_alpha": -4.60892669494398, "log10_colsample_bytree": -0.2794364640436382, "log10_eta": -3.167009393472323, "log10_lambda": -4.596890259915988, "log10_min_child_weight": 3.3412507796789215, "log10_subsample": -0.8244419886140983, "max_depth": 7.0, "num_boost_round": 7.0}, "datetime": {"datetime": "2024-01-19 00:36:10", "elapsed": 1460.432847, "delta": 0.002444}}
{"target": -17.67701340791951, "params": {"gamma": 425.80718271273156, "log10_alpha": -4.60892669494398, "log10_colsample_bytree": -0.2794364640436382, "log10_eta": -3.167009393472323, "log10_lambda": -4.596890259915988, "log10_min_child_weight": 3.3412507796789215, "log10_subsample": -0.8244419886140983, "max_depth": 7.0, "num_boost_round": 8.0}, "datetime": {"datetime": "2024-01-19 00:36:10", "elapsed": 1460.435403, "delta": 0.002556}}
{"target": -17.67700908596955, "params": {"gamma": 425.80718271273156, "log10_alpha": -4.60892669494398, "log10_colsample_bytree": -0.2794364640436382, "log10_eta": -3.167009393472323, "log10_lambda": -4.596890259915988, "log10_min_child_weight": 3.3412507796789215, "log10_subsample": -0.8244419886140983, "max_depth": 7.0, "num_boost_round": 9.0}, "datetime": {"datetime": "2024-01-19 00:36:10", "elapsed": 1460.437877, "delta": 0.002474}}
{"target": -17.676990368634694, "params": {"gamma": 425.80718271273156, "log10_alpha": -4.60892669494398, "log10_colsample_bytree": -0.2794364640436382, "log10_eta": -3.167009393472323, "log10_lambda": -4.596890259915988, "log10_min_child_weight": 3.3412507796789215, "log10_subsample": -0.8244419886140983, "max_depth": 7.0, "num_boost_round": 10.0}, "datetime": {"datetime": "2024-01-19 00:36:10", "elapsed": 1460.440399, "delta": 0.002522}}
{"target": -17.676941029427713, "params": {"gamma": 425.80718271273156, "log10_alpha": -4.60892669494398, "log10_colsample_bytree": -0.2794364640436382, "log10_eta": -3.167009393472323, "log10_lambda": -4.596890259915988, "log10_min_child_weight": 3.3412507796789215, "log10_subsample": -0.8244419886140983, "max_depth": 7.0, "num_boost_round": 11.0}, "datetime": {"datetime": "2024-01-19 00:36:10", "elapsed": 1460.442937, "delta": 0.002538}}
{"target": -17.676924617366808, "params": {"gamma": 425.80718271273156, "log10_alpha": -4.60892669494398, "log10_colsample_bytree": -0.2794364640436382, "log10_eta": -3.167009393472323, "log10_lambda": -4.596890259915988, "log10_min_child_weight": 3.3412507796789215, "log10_subsample": -0.8244419886140983, "max_depth": 7.0, "num_boost_round": 12.0}, "datetime": {"datetime": "2024-01-19 00:36:10", "elapsed": 1460.445429, "delta": 0.002492}}
{"target": -17.676889016413284, "params": {"gamma": 425.80718271273156, "log10_alpha": -4.60892669494398, "log10_colsample_bytree": -0.2794364640436382, "log10_eta": -3.167009393472323, "log10_lambda": -4.596890259915988, "log10_min_child_weight": 3.3412507796789215, "log10_subsample": -0.8244419886140983, "max_depth": 7.0, "num_boost_round": 13.0}, "datetime": {"datetime": "2024-01-19 00:36:10", "elapsed": 1460.447929, "delta": 0.0025}}
{"target": -17.676890689855945, "params": {"gamma": 425.80718271273156, "log10_alpha": -4.60892669494398, "log10_colsample_bytree": -0.2794364640436382, "log10_eta": -3.167009393472323, "log10_lambda": -4.596890259915988, "log10_min_child_weight": 3.3412507796789215, "log10_subsample": -0.8244419886140983, "max_depth": 7.0, "num_boost_round": 14.0}, "datetime": {"datetime": "2024-01-19 00:36:10", "elapsed": 1460.450443, "delta": 0.002514}}
{"target": -17.676848440752046, "params": {"gamma": 425.80718271273156, "log10_alpha": -4.60892669494398, "log10_colsample_bytree": -0.2794364640436382, "log10_eta": -3.167009393472323, "log10_lambda": -4.596890259915988, "log10_min_child_weight": 3.3412507796789215, "log10_subsample": -0.8244419886140983, "max_depth": 7.0, "num_boost_round": 15.0}, "datetime": {"datetime": "2024-01-19 00:36:10", "elapsed": 1460.452917, "delta": 0.002474}}
{"target": -17.67720732125005, "params": {"gamma": 426.76607368404916, "log10_alpha": 0.9710781978309466, "log10_colsample_bytree": -0.6541568893342842, "log10_eta": -2.7266082043263022, "log10_lambda": 0.5605627061141867, "log10_min_child_weight": 4.32676310858421, "log10_subsample": -0.6785390914822392, "max_depth": 5.0, "num_boost_round": 0.0}, "datetime": {"datetime": "2024-01-19 00:36:35", "elapsed": 1484.990692, "delta": 24.537775}}
{"target": -17.677196536556355, "params": {"gamma": 426.76607368404916, "log10_alpha": 0.9710781978309466, "log10_colsample_bytree": -0.6541568893342842, "log10_eta": -2.7266082043263022, "log10_lambda": 0.5605627061141867, "log10_min_child_weight": 4.32676310858421, "log10_subsample": -0.6785390914822392, "max_depth": 5.0, "num_boost_round": 1.0}, "datetime": {"datetime": "2024-01-19 00:36:35", "elapsed": 1484.993868, "delta": 0.003176}}
{"target": -17.677190702337516, "params": {"gamma": 426.76607368404916, "log10_alpha": 0.9710781978309466, "log10_colsample_bytree": -0.6541568893342842, "log10_eta": -2.7266082043263022, "log10_lambda": 0.5605627061141867, "log10_min_child_weight": 4.32676310858421, "log10_subsample": -0.6785390914822392, "max_depth": 5.0, "num_boost_round": 2.0}, "datetime": {"datetime": "2024-01-19 00:36:35", "elapsed": 1484.996436, "delta": 0.002568}}
{"target": -17.677175944144714, "params": {"gamma": 426.76607368404916, "log10_alpha": 0.9710781978309466, "log10_colsample_bytree": -0.6541568893342842, "log10_eta": -2.7266082043263022, "log10_lambda": 0.5605627061141867, "log10_min_child_weight": 4.32676310858421, "log10_subsample": -0.6785390914822392, "max_depth": 5.0, "num_boost_round": 3.0}, "datetime": {"datetime": "2024-01-19 00:36:35", "elapsed": 1484.998907, "delta": 0.002471}}
{"target": -17.677188436951983, "params": {"gamma": 426.76607368404916, "log10_alpha": 0.9710781978309466, "log10_colsample_bytree": -0.6541568893342842, "log10_eta": -2.7266082043263022, "log10_lambda": 0.5605627061141867, "log10_min_child_weight": 4.32676310858421, "log10_subsample": -0.6785390914822392, "max_depth": 5.0, "num_boost_round": 4.0}, "datetime": {"datetime": "2024-01-19 00:36:35", "elapsed": 1485.001311, "delta": 0.002404}}
{"target": -17.677186191194515, "params": {"gamma": 426.76607368404916, "log10_alpha": 0.9710781978309466, "log10_colsample_bytree": -0.6541568893342842, "log10_eta": -2.7266082043263022, "log10_lambda": 0.5605627061141867, "log10_min_child_weight": 4.32676310858421, "log10_subsample": -0.6785390914822392, "max_depth": 5.0, "num_boost_round": 5.0}, "datetime": {"datetime": "2024-01-19 00:36:35", "elapsed": 1485.003804, "delta": 0.002493}}
{"target": -17.67719584646404, "params": {"gamma": 426.76607368404916, "log10_alpha": 0.9710781978309466, "log10_colsample_bytree": -0.6541568893342842, "log10_eta": -2.7266082043263022, "log10_lambda": 0.5605627061141867, "log10_min_child_weight": 4.32676310858421, "log10_subsample": -0.6785390914822392, "max_depth": 5.0, "num_boost_round": 6.0}, "datetime": {"datetime": "2024-01-19 00:36:35", "elapsed": 1485.006273, "delta": 0.002469}}
{"target": -17.67717515916216, "params": {"gamma": 426.76607368404916, "log10_alpha": 0.9710781978309466, "log10_colsample_bytree": -0.6541568893342842, "log10_eta": -2.7266082043263022, "log10_lambda": 0.5605627061141867, "log10_min_child_weight": 4.32676310858421, "log10_subsample": -0.6785390914822392, "max_depth": 5.0, "num_boost_round": 7.0}, "datetime": {"datetime": "2024-01-19 00:36:35", "elapsed": 1485.008727, "delta": 0.002454}}
{"target": -17.67716452657381, "params": {"gamma": 426.76607368404916, "log10_alpha": 0.9710781978309466, "log10_colsample_bytree": -0.6541568893342842, "log10_eta": -2.7266082043263022, "log10_lambda": 0.5605627061141867, "log10_min_child_weight": 4.32676310858421, "log10_subsample": -0.6785390914822392, "max_depth": 5.0, "num_boost_round": 8.0}, "datetime": {"datetime": "2024-01-19 00:36:35", "elapsed": 1485.011164, "delta": 0.002437}}
{"target": -17.67714677377521, "params": {"gamma": 426.76607368404916, "log10_alpha": 0.9710781978309466, "log10_colsample_bytree": -0.6541568893342842, "log10_eta": -2.7266082043263022, "log10_lambda": 0.5605627061141867, "log10_min_child_weight": 4.32676310858421, "log10_subsample": -0.6785390914822392, "max_depth": 5.0, "num_boost_round": 9.0}, "datetime": {"datetime": "2024-01-19 00:36:35", "elapsed": 1485.013617, "delta": 0.002453}}
{"target": -17.677231758024256, "params": {"gamma": 427.1508476648208, "log10_alpha": -3.4399297421696917, "log10_colsample_bytree": -0.2705431948912739, "log10_eta": -3.8922000177526126, "log10_lambda": -2.7757304658839983, "log10_min_child_weight": 4.977823820873574, "log10_subsample": -0.18032229363108498, "max_depth": 4.0, "num_boost_round": 0.0}, "datetime": {"datetime": "2024-01-19 00:36:58", "elapsed": 1508.396327, "delta": 23.38271}}
{"target": -17.677230185765097, "params": {"gamma": 427.1508476648208, "log10_alpha": -3.4399297421696917, "log10_colsample_bytree": -0.2705431948912739, "log10_eta": -3.8922000177526126, "log10_lambda": -2.7757304658839983, "log10_min_child_weight": 4.977823820873574, "log10_subsample": -0.18032229363108498, "max_depth": 4.0, "num_boost_round": 1.0}, "datetime": {"datetime": "2024-01-19 00:36:58", "elapsed": 1508.399463, "delta": 0.003136}}
{"target": -17.677229393505627, "params": {"gamma": 427.1508476648208, "log10_alpha": -3.4399297421696917, "log10_colsample_bytree": -0.2705431948912739, "log10_eta": -3.8922000177526126, "log10_lambda": -2.7757304658839983, "log10_min_child_weight": 4.977823820873574, "log10_subsample": -0.18032229363108498, "max_depth": 4.0, "num_boost_round": 2.0}, "datetime": {"datetime": "2024-01-19 00:36:58", "elapsed": 1508.402326, "delta": 0.002863}}
{"target": -17.677228204842034, "params": {"gamma": 427.1508476648208, "log10_alpha": -3.4399297421696917, "log10_colsample_bytree": -0.2705431948912739, "log10_eta": -3.8922000177526126, "log10_lambda": -2.7757304658839983, "log10_min_child_weight": 4.977823820873574, "log10_subsample": -0.18032229363108498, "max_depth": 4.0, "num_boost_round": 3.0}, "datetime": {"datetime": "2024-01-19 00:36:58", "elapsed": 1508.404724, "delta": 0.002398}}
{"target": -17.677227446528736, "params": {"gamma": 427.1508476648208, "log10_alpha": -3.4399297421696917, "log10_colsample_bytree": -0.2705431948912739, "log10_eta": -3.8922000177526126, "log10_lambda": -2.7757304658839983, "log10_min_child_weight": 4.977823820873574, "log10_subsample": -0.18032229363108498, "max_depth": 4.0, "num_boost_round": 4.0}, "datetime": {"datetime": "2024-01-19 00:36:58", "elapsed": 1508.407133, "delta": 0.002409}}
{"target": -17.67722616503464, "params": {"gamma": 427.1508476648208, "log10_alpha": -3.4399297421696917, "log10_colsample_bytree": -0.2705431948912739, "log10_eta": -3.8922000177526126, "log10_lambda": -2.7757304658839983, "log10_min_child_weight": 4.977823820873574, "log10_subsample": -0.18032229363108498, "max_depth": 4.0, "num_boost_round": 5.0}, "datetime": {"datetime": "2024-01-19 00:36:58", "elapsed": 1508.409477, "delta": 0.002344}}
{"target": -17.67722630803501, "params": {"gamma": 427.1508476648208, "log10_alpha": -3.4399297421696917, "log10_colsample_bytree": -0.2705431948912739, "log10_eta": -3.8922000177526126, "log10_lambda": -2.7757304658839983, "log10_min_child_weight": 4.977823820873574, "log10_subsample": -0.18032229363108498, "max_depth": 4.0, "num_boost_round": 6.0}, "datetime": {"datetime": "2024-01-19 00:36:58", "elapsed": 1508.411884, "delta": 0.002407}}
{"target": -17.67722704851351, "params": {"gamma": 427.1508476648208, "log10_alpha": -3.4399297421696917, "log10_colsample_bytree": -0.2705431948912739, "log10_eta": -3.8922000177526126, "log10_lambda": -2.7757304658839983, "log10_min_child_weight": 4.977823820873574, "log10_subsample": -0.18032229363108498, "max_depth": 4.0, "num_boost_round": 7.0}, "datetime": {"datetime": "2024-01-19 00:36:58", "elapsed": 1508.414246, "delta": 0.002362}}
{"target": -17.677225804680468, "params": {"gamma": 427.1508476648208, "log10_alpha": -3.4399297421696917, "log10_colsample_bytree": -0.2705431948912739, "log10_eta": -3.8922000177526126, "log10_lambda": -2.7757304658839983, "log10_min_child_weight": 4.977823820873574, "log10_subsample": -0.18032229363108498, "max_depth": 4.0, "num_boost_round": 8.0}, "datetime": {"datetime": "2024-01-19 00:36:58", "elapsed": 1508.416656, "delta": 0.00241}}
{"target": -17.67722521436324, "params": {"gamma": 427.1508476648208, "log10_alpha": -3.4399297421696917, "log10_colsample_bytree": -0.2705431948912739, "log10_eta": -3.8922000177526126, "log10_lambda": -2.7757304658839983, "log10_min_child_weight": 4.977823820873574, "log10_subsample": -0.18032229363108498, "max_depth": 4.0, "num_boost_round": 9.0}, "datetime": {"datetime": "2024-01-19 00:36:58", "elapsed": 1508.419014, "delta": 0.002358}}
{"target": -17.677224922936297, "params": {"gamma": 427.1508476648208, "log10_alpha": -3.4399297421696917, "log10_colsample_bytree": -0.2705431948912739, "log10_eta": -3.8922000177526126, "log10_lambda": -2.7757304658839983, "log10_min_child_weight": 4.977823820873574, "log10_subsample": -0.18032229363108498, "max_depth": 4.0, "num_boost_round": 10.0}, "datetime": {"datetime": "2024-01-19 00:36:58", "elapsed": 1508.421403, "delta": 0.002389}}
{"target": -17.67719434180239, "params": {"gamma": 441.86730120796693, "log10_alpha": -1.0119044304523808, "log10_colsample_bytree": -0.2641312072266646, "log10_eta": -1.7017853973017556, "log10_lambda": -0.25923966898015216, "log10_min_child_weight": 4.8786744745998725, "log10_subsample": -0.4032227056444858, "max_depth": 4.0, "num_boost_round": 0.0}, "datetime": {"datetime": "2024-01-19 00:37:25", "elapsed": 1535.074778, "delta": 26.653375}}
{"target": -17.676974035174297, "params": {"gamma": 441.86730120796693, "log10_alpha": -1.0119044304523808, "log10_colsample_bytree": -0.2641312072266646, "log10_eta": -1.7017853973017556, "log10_lambda": -0.25923966898015216, "log10_min_child_weight": 4.8786744745998725, "log10_subsample": -0.4032227056444858, "max_depth": 4.0, "num_boost_round": 1.0}, "datetime": {"datetime": "2024-01-19 00:37:25", "elapsed": 1535.078185, "delta": 0.003407}}
{"target": -17.676903902825135, "params": {"gamma": 441.86730120796693, "log10_alpha": -1.0119044304523808, "log10_colsample_bytree": -0.2641312072266646, "log10_eta": -1.7017853973017556, "log10_lambda": -0.25923966898015216, "log10_min_child_weight": 4.8786744745998725, "log10_subsample": -0.4032227056444858, "max_depth": 4.0, "num_boost_round": 2.0}, "datetime": {"datetime": "2024-01-19 00:37:25", "elapsed": 1535.080769, "delta": 0.002584}}
{"target": -17.676849817419704, "params": {"gamma": 441.86730120796693, "log10_alpha": -1.0119044304523808, "log10_colsample_bytree": -0.2641312072266646, "log10_eta": -1.7017853973017556, "log10_lambda": -0.25923966898015216, "log10_min_child_weight": 4.8786744745998725, "log10_subsample": -0.4032227056444858, "max_depth": 4.0, "num_boost_round": 3.0}, "datetime": {"datetime": "2024-01-19 00:37:25", "elapsed": 1535.083367, "delta": 0.002598}}
{"target": -17.67684432390221, "params": {"gamma": 441.86730120796693, "log10_alpha": -1.0119044304523808, "log10_colsample_bytree": -0.2641312072266646, "log10_eta": -1.7017853973017556, "log10_lambda": -0.25923966898015216, "log10_min_child_weight": 4.8786744745998725, "log10_subsample": -0.4032227056444858, "max_depth": 4.0, "num_boost_round": 4.0}, "datetime": {"datetime": "2024-01-19 00:37:25", "elapsed": 1535.085782, "delta": 0.002415}}
{"target": -17.67675812601809, "params": {"gamma": 441.86730120796693, "log10_alpha": -1.0119044304523808, "log10_colsample_bytree": -0.2641312072266646, "log10_eta": -1.7017853973017556, "log10_lambda": -0.25923966898015216, "log10_min_child_weight": 4.8786744745998725, "log10_subsample": -0.4032227056444858, "max_depth": 4.0, "num_boost_round": 5.0}, "datetime": {"datetime": "2024-01-19 00:37:25", "elapsed": 1535.088168, "delta": 0.002386}}
{"target": -17.67678291619228, "params": {"gamma": 441.86730120796693, "log10_alpha": -1.0119044304523808, "log10_colsample_bytree": -0.2641312072266646, "log10_eta": -1.7017853973017556, "log10_lambda": -0.25923966898015216, "log10_min_child_weight": 4.8786744745998725, "log10_subsample": -0.4032227056444858, "max_depth": 4.0, "num_boost_round": 6.0}, "datetime": {"datetime": "2024-01-19 00:37:25", "elapsed": 1535.090557, "delta": 0.002389}}
{"target": -17.676858581080076, "params": {"gamma": 441.86730120796693, "log10_alpha": -1.0119044304523808, "log10_colsample_bytree": -0.2641312072266646, "log10_eta": -1.7017853973017556, "log10_lambda": -0.25923966898015216, "log10_min_child_weight": 4.8786744745998725, "log10_subsample": -0.4032227056444858, "max_depth": 4.0, "num_boost_round": 7.0}, "datetime": {"datetime": "2024-01-19 00:37:25", "elapsed": 1535.093016, "delta": 0.002459}}
{"target": -17.67678251444789, "params": {"gamma": 441.86730120796693, "log10_alpha": -1.0119044304523808, "log10_colsample_bytree": -0.2641312072266646, "log10_eta": -1.7017853973017556, "log10_lambda": -0.25923966898015216, "log10_min_child_weight": 4.8786744745998725, "log10_subsample": -0.4032227056444858, "max_depth": 4.0, "num_boost_round": 8.0}, "datetime": {"datetime": "2024-01-19 00:37:25", "elapsed": 1535.095395, "delta": 0.002379}}
{"target": -17.676744841233756, "params": {"gamma": 441.86730120796693, "log10_alpha": -1.0119044304523808, "log10_colsample_bytree": -0.2641312072266646, "log10_eta": -1.7017853973017556, "log10_lambda": -0.25923966898015216, "log10_min_child_weight": 4.8786744745998725, "log10_subsample": -0.4032227056444858, "max_depth": 4.0, "num_boost_round": 9.0}, "datetime": {"datetime": "2024-01-19 00:37:25", "elapsed": 1535.097749, "delta": 0.002354}}
{"target": -17.672642649146297, "params": {"gamma": 441.1355396008278, "log10_alpha": -3.388234875333894, "log10_colsample_bytree": -0.46401050426543555, "log10_eta": -0.35564014091183616, "log10_lambda": 0.5624978008396919, "log10_min_child_weight": 0.12387252194231035, "log10_subsample": -0.31550237003296466, "max_depth": 3.0, "num_boost_round": 0.0}, "datetime": {"datetime": "2024-01-19 00:37:54", "elapsed": 1564.093955, "delta": 28.996206}}
{"target": -17.667121851124424, "params": {"gamma": 441.1355396008278, "log10_alpha": -3.388234875333894, "log10_colsample_bytree": -0.46401050426543555, "log10_eta": -0.35564014091183616, "log10_lambda": 0.5624978008396919, "log10_min_child_weight": 0.12387252194231035, "log10_subsample": -0.31550237003296466, "max_depth": 3.0, "num_boost_round": 1.0}, "datetime": {"datetime": "2024-01-19 00:37:54", "elapsed": 1564.096891, "delta": 0.002936}}
{"target": -17.67812873211908, "params": {"gamma": 441.1355396008278, "log10_alpha": -3.388234875333894, "log10_colsample_bytree": -0.46401050426543555, "log10_eta": -0.35564014091183616, "log10_lambda": 0.5624978008396919, "log10_min_child_weight": 0.12387252194231035, "log10_subsample": -0.31550237003296466, "max_depth": 3.0, "num_boost_round": 2.0}, "datetime": {"datetime": "2024-01-19 00:37:54", "elapsed": 1564.099637, "delta": 0.002746}}
{"target": -17.69853946315337, "params": {"gamma": 441.1355396008278, "log10_alpha": -3.388234875333894, "log10_colsample_bytree": -0.46401050426543555, "log10_eta": -0.35564014091183616, "log10_lambda": 0.5624978008396919, "log10_min_child_weight": 0.12387252194231035, "log10_subsample": -0.31550237003296466, "max_depth": 3.0, "num_boost_round": 3.0}, "datetime": {"datetime": "2024-01-19 00:37:54", "elapsed": 1564.102108, "delta": 0.002471}}
