{"target": -17.756495478220533, "params": {"gamma": 90.67752963859277, "log10_alpha": -1.3927596370962005, "log10_colsample_bytree": -0.4110859684338669, "log10_eta": -0.46439194972663733, "log10_lambda": 0.46340939722798424, "log10_min_child_weight": 0.9212901595244871, "log10_subsample": -0.27046826938664714, "max_depth": 5.0, "num_boost_round": 4.0}, "datetime": {"datetime": "2024-01-19 00:28:17", "elapsed": 1004.748066, "delta": 0.001494}}
{"target": -17.780293771474195, "params": {"gamma": 90.67752963859277, "log10_alpha": -1.3927596370962005, "log10_colsample_bytree": -0.4110859684338669, "log10_eta": -0.46439194972663733, "log10_lambda": 0.46340939722798424, "log10_min_child_weight": 0.9212901595244871, "log10_subsample": -0.27046826938664714, "max_depth": 5.0, "num_boost_round": 5.0}, "datetime": {"datetime": "2024-01-19 00:28:17", "elapsed": 1004.749419, "delta": 0.001353}}
{"target": -17.807104618748124, "params": {"gamma": 90.67752963859277, "log10_alpha": -1.3927596370962005, "log10_colsample_bytree": -0.4110859684338669, "log10_eta": -0.46439194972663733, "log10_lambda": 0.46340939722798424, "log10_min_child_weight": 0.9212901595244871, "log10_subsample": -0.27046826938664714, "max_depth": 5.0, "num_boost_round": 6.0}, "datetime": {"datetime": "2024-01-19 00:28:17", "elapsed": 1004.750863, "delta": 0.001444}}
{"target": -17.887094002123696, "params": {"gamma": 90.67752963859277, "log10_alpha": -1.3927596370962005, "log10_colsample_bytree": -0.4110859684338669, "log10_eta": -0.46439194972663733, "log10_lambda": 0.46340939722798424, "log10_min_child_weight": 0.9212901595244871, "log10_subsample": -0.27046826938664714, "max_depth": 5.0, "num_boost_round": 7.0}, "datetime": {"datetime": "2024-01-19 00:28:17", "elapsed": 1004.752234, "delta": 0.001371}}
{"target": -17.90811401681449, "params": {"gamma": 90.67752963859277, "log10_alpha": -1.3927596370962005, "log10_colsample_bytree": -0.4110859684338669, "log10_eta": -0.46439194972663733, "log10_lambda": 0.46340939722798424, "log10_min_child_weight": 0.9212901595244871, "log10_subsample": -0.27046826938664714, "max_depth": 5.0, "num_boost_round": 8.0}, "datetime": {"datetime": "2024-01-19 00:28:17", "elapsed": 1004.753591, "delta": 0.001357}}
{"target": -17.91733210145747, "params": {"gamma": 90.67752963859277, "log10_alpha": -1.3927596370962005, "log10_colsample_bytree": -0.4110859684338669, "log10_eta": -0.46439194972663733, "log10_lambda": 0.46340939722798424, "log10_min_child_weight": 0.9212901595244871, "log10_subsample": -0.27046826938664714, "max_depth": 5.0, "num_boost_round": 9.0}, "datetime": {"datetime": "2024-01-19 00:28:17", "elapsed": 1004.760249, "delta": 0.006658}}
{"target": -17.677221337121555, "params": {"gamma": 68.33182086558531, "log10_alpha": -3.1944386751602245, "log10_colsample_bytree": -0.8422934632122934, "log10_eta": -3.840774381398682, "log10_lambda": 0.9382197297879342, "log10_min_child_weight": 1.1060167896295736, "log10_subsample": -0.058261405225355056, "max_depth": 9.0, "num_boost_round": 0.0}, "datetime": {"datetime": "2024-01-19 00:28:44", "elapsed": 1031.803073, "delta": 27.042824}}
{"target": -17.677214622920435, "params": {"gamma": 68.33182086558531, "log10_alpha": -3.1944386751602245, "log10_colsample_bytree": -0.8422934632122934, "log10_eta": -3.840774381398682, "log10_lambda": 0.9382197297879342, "log10_min_child_weight": 1.1060167896295736, "log10_subsample": -0.058261405225355056, "max_depth": 9.0, "num_boost_round": 1.0}, "datetime": {"datetime": "2024-01-19 00:28:44", "elapsed": 1031.80508, "delta": 0.002007}}
{"target": -17.6772124750632, "params": {"gamma": 68.33182086558531, "log10_alpha": -3.1944386751602245, "log10_colsample_bytree": -0.8422934632122934, "log10_eta": -3.840774381398682, "log10_lambda": 0.9382197297879342, "log10_min_child_weight": 1.1060167896295736, "log10_subsample": -0.058261405225355056, "max_depth": 9.0, "num_boost_round": 2.0}, "datetime": {"datetime": "2024-01-19 00:28:44", "elapsed": 1031.806859, "delta": 0.001779}}
{"target": -17.677213193140926, "params": {"gamma": 68.33182086558531, "log10_alpha": -3.1944386751602245, "log10_colsample_bytree": -0.8422934632122934, "log10_eta": -3.840774381398682, "log10_lambda": 0.9382197297879342, "log10_min_child_weight": 1.1060167896295736, "log10_subsample": -0.058261405225355056, "max_depth": 9.0, "num_boost_round": 3.0}, "datetime": {"datetime": "2024-01-19 00:28:44", "elapsed": 1031.808316, "delta": 0.001457}}
{"target": -17.67720025940845, "params": {"gamma": 68.33182086558531, "log10_alpha": -3.1944386751602245, "log10_colsample_bytree": -0.8422934632122934, "log10_eta": -3.840774381398682, "log10_lambda": 0.9382197297879342, "log10_min_child_weight": 1.1060167896295736, "log10_subsample": -0.058261405225355056, "max_depth": 9.0, "num_boost_round": 4.0}, "datetime": {"datetime": "2024-01-19 00:28:44", "elapsed": 1031.809709, "delta": 0.001393}}
{"target": -17.67720062440224, "params": {"gamma": 68.33182086558531, "log10_alpha": -3.1944386751602245, "log10_colsample_bytree": -0.8422934632122934, "log10_eta": -3.840774381398682, "log10_lambda": 0.9382197297879342, "log10_min_child_weight": 1.1060167896295736, "log10_subsample": -0.058261405225355056, "max_depth": 9.0, "num_boost_round": 5.0}, "datetime": {"datetime": "2024-01-19 00:28:44", "elapsed": 1031.811089, "delta": 0.00138}}
{"target": -17.67720175371672, "params": {"gamma": 68.33182086558531, "log10_alpha": -3.1944386751602245, "log10_colsample_bytree": -0.8422934632122934, "log10_eta": -3.840774381398682, "log10_lambda": 0.9382197297879342, "log10_min_child_weight": 1.1060167896295736, "log10_subsample": -0.058261405225355056, "max_depth": 9.0, "num_boost_round": 6.0}, "datetime": {"datetime": "2024-01-19 00:28:44", "elapsed": 1031.812571, "delta": 0.001482}}
{"target": -17.67718814488791, "params": {"gamma": 68.33182086558531, "log10_alpha": -3.1944386751602245, "log10_colsample_bytree": -0.8422934632122934, "log10_eta": -3.840774381398682, "log10_lambda": 0.9382197297879342, "log10_min_child_weight": 1.1060167896295736, "log10_subsample": -0.058261405225355056, "max_depth": 9.0, "num_boost_round": 7.0}, "datetime": {"datetime": "2024-01-19 00:28:44", "elapsed": 1031.813948, "delta": 0.001377}}
{"target": -17.67717901466759, "params": {"gamma": 68.33182086558531, "log10_alpha": -3.1944386751602245, "log10_colsample_bytree": -0.8422934632122934, "log10_eta": -3.840774381398682, "log10_lambda": 0.9382197297879342, "log10_min_child_weight": 1.1060167896295736, "log10_subsample": -0.058261405225355056, "max_depth": 9.0, "num_boost_round": 8.0}, "datetime": {"datetime": "2024-01-19 00:28:44", "elapsed": 1031.815319, "delta": 0.001371}}
{"target": -17.677172668391606, "params": {"gamma": 68.33182086558531, "log10_alpha": -3.1944386751602245, "log10_colsample_bytree": -0.8422934632122934, "log10_eta": -3.840774381398682, "log10_lambda": 0.9382197297879342, "log10_min_child_weight": 1.1060167896295736, "log10_subsample": -0.058261405225355056, "max_depth": 9.0, "num_boost_round": 9.0}, "datetime": {"datetime": "2024-01-19 00:28:44", "elapsed": 1031.816772, "delta": 0.001453}}
{"target": -17.677157717158277, "params": {"gamma": 68.33182086558531, "log10_alpha": -3.1944386751602245, "log10_colsample_bytree": -0.8422934632122934, "log10_eta": -3.840774381398682, "log10_lambda": 0.9382197297879342, "log10_min_child_weight": 1.1060167896295736, "log10_subsample": -0.058261405225355056, "max_depth": 9.0, "num_boost_round": 10.0}, "datetime": {"datetime": "2024-01-19 00:28:44", "elapsed": 1031.818133, "delta": 0.001361}}
{"target": -17.67716446896201, "params": {"gamma": 68.33182086558531, "log10_alpha": -3.1944386751602245, "log10_colsample_bytree": -0.8422934632122934, "log10_eta": -3.840774381398682, "log10_lambda": 0.9382197297879342, "log10_min_child_weight": 1.1060167896295736, "log10_subsample": -0.058261405225355056, "max_depth": 9.0, "num_boost_round": 11.0}, "datetime": {"datetime": "2024-01-19 00:28:44", "elapsed": 1031.819496, "delta": 0.001363}}
{"target": -17.677149970490788, "params": {"gamma": 68.33182086558531, "log10_alpha": -3.1944386751602245, "log10_colsample_bytree": -0.8422934632122934, "log10_eta": -3.840774381398682, "log10_lambda": 0.9382197297879342, "log10_min_child_weight": 1.1060167896295736, "log10_subsample": -0.058261405225355056, "max_depth": 9.0, "num_boost_round": 12.0}, "datetime": {"datetime": "2024-01-19 00:28:44", "elapsed": 1031.820864, "delta": 0.001368}}
{"target": -17.6771417937619, "params": {"gamma": 68.33182086558531, "log10_alpha": -3.1944386751602245, "log10_colsample_bytree": -0.8422934632122934, "log10_eta": -3.840774381398682, "log10_lambda": 0.9382197297879342, "log10_min_child_weight": 1.1060167896295736, "log10_subsample": -0.058261405225355056, "max_depth": 9.0, "num_boost_round": 13.0}, "datetime": {"datetime": "2024-01-19 00:28:44", "elapsed": 1031.822238, "delta": 0.001374}}
{"target": -17.67713848529385, "params": {"gamma": 68.33182086558531, "log10_alpha": -3.1944386751602245, "log10_colsample_bytree": -0.8422934632122934, "log10_eta": -3.840774381398682, "log10_lambda": 0.9382197297879342, "log10_min_child_weight": 1.1060167896295736, "log10_subsample": -0.058261405225355056, "max_depth": 9.0, "num_boost_round": 14.0}, "datetime": {"datetime": "2024-01-19 00:28:44", "elapsed": 1031.823626, "delta": 0.001388}}
{"target": -17.677131949398344, "params": {"gamma": 68.33182086558531, "log10_alpha": -3.1944386751602245, "log10_colsample_bytree": -0.8422934632122934, "log10_eta": -3.840774381398682, "log10_lambda": 0.9382197297879342, "log10_min_child_weight": 1.1060167896295736, "log10_subsample": -0.058261405225355056, "max_depth": 9.0, "num_boost_round": 15.0}, "datetime": {"datetime": "2024-01-19 00:28:44", "elapsed": 1031.824997, "delta": 0.001371}}
{"target": -17.67722806837215, "params": {"gamma": 65.13796197509858, "log10_alpha": -1.9995503716394252, "log10_colsample_bytree": -0.5952206400174828, "log10_eta": -3.9948903139890817, "log10_lambda": -3.208669182730534, "log10_min_child_weight": 3.16433708591306, "log10_subsample": -0.31446817086076295, "max_depth": 7.0, "num_boost_round": 0.0}, "datetime": {"datetime": "2024-01-19 00:29:06", "elapsed": 1053.744167, "delta": 21.91917}}
{"target": -17.677227274861536, "params": {"gamma": 65.13796197509858, "log10_alpha": -1.9995503716394252, "log10_colsample_bytree": -0.5952206400174828, "log10_eta": -3.9948903139890817, "log10_lambda": -3.208669182730534, "log10_min_child_weight": 3.16433708591306, "log10_subsample": -0.31446817086076295, "max_depth": 7.0, "num_boost_round": 1.0}, "datetime": {"datetime": "2024-01-19 00:29:06", "elapsed": 1053.746422, "delta": 0.002255}}
{"target": -17.677221781509378, "params": {"gamma": 65.13796197509858, "log10_alpha": -1.9995503716394252, "log10_colsample_bytree": -0.5952206400174828, "log10_eta": -3.9948903139890817, "log10_lambda": -3.208669182730534, "log10_min_child_weight": 3.16433708591306, "log10_subsample": -0.31446817086076295, "max_depth": 7.0, "num_boost_round": 2.0}, "datetime": {"datetime": "2024-01-19 00:29:06", "elapsed": 1053.747999, "delta": 0.001577}}
{"target": -17.677218110942515, "params": {"gamma": 65.13796197509858, "log10_alpha": -1.9995503716394252, "log10_colsample_bytree": -0.5952206400174828, "log10_eta": -3.9948903139890817, "log10_lambda": -3.208669182730534, "log10_min_child_weight": 3.16433708591306, "log10_subsample": -0.31446817086076295, "max_depth": 7.0, "num_boost_round": 3.0}, "datetime": {"datetime": "2024-01-19 00:29:06", "elapsed": 1053.749551, "delta": 0.001552}}
{"target": -17.677214479071022, "params": {"gamma": 65.13796197509858, "log10_alpha": -1.9995503716394252, "log10_colsample_bytree": -0.5952206400174828, "log10_eta": -3.9948903139890817, "log10_lambda": -3.208669182730534, "log10_min_child_weight": 3.16433708591306, "log10_subsample": -0.31446817086076295, "max_depth": 7.0, "num_boost_round": 4.0}, "datetime": {"datetime": "2024-01-19 00:29:06", "elapsed": 1053.750967, "delta": 0.001416}}
{"target": -17.677210833591115, "params": {"gamma": 65.13796197509858, "log10_alpha": -1.9995503716394252, "log10_colsample_bytree": -0.5952206400174828, "log10_eta": -3.9948903139890817, "log10_lambda": -3.208669182730534, "log10_min_child_weight": 3.16433708591306, "log10_subsample": -0.31446817086076295, "max_depth": 7.0, "num_boost_round": 5.0}, "datetime": {"datetime": "2024-01-19 00:29:06", "elapsed": 1053.752372, "delta": 0.001405}}
{"target": -17.67720751980058, "params": {"gamma": 65.13796197509858, "log10_alpha": -1.9995503716394252, "log10_colsample_bytree": -0.5952206400174828, "log10_eta": -3.9948903139890817, "log10_lambda": -3.208669182730534, "log10_min_child_weight": 3.16433708591306, "log10_subsample": -0.31446817086076295, "max_depth": 7.0, "num_boost_round": 6.0}, "datetime": {"datetime": "2024-01-19 00:29:06", "elapsed": 1053.753874, "delta": 0.001502}}
{"target": -17.677197079550165, "params": {"gamma": 65.13796197509858, "log10_alpha": -1.9995503716394252, "log10_colsample_bytree": -0.5952206400174828, "log10_eta": -3.9948903139890817, "log10_lambda": -3.208669182730534, "log10_min_child_weight": 3.16433708591306, "log10_subsample": -0.31446817086076295, "max_depth": 7.0, "num_boost_round": 7.0}, "datetime": {"datetime": "2024-01-19 00:29:06", "elapsed": 1053.755263, "delta": 0.001389}}
{"target": -17.67719497855624, "params": {"gamma": 65.13796197509858, "log10_alpha": -1.9995503716394252, "log10_colsample_bytree": -0.5952206400174828, "log10_eta": -3.9948903139890817, "log10_lambda": -3.208669182730534, "log10_min_child_weight": 3.16433708591306, "log10_subsample": -0.31446817086076295, "max_depth": 7.0, "num_boost_round": 8.0}, "datetime": {"datetime": "2024-01-19 00:29:06", "elapsed": 1053.756729, "delta": 0.001466}}
{"target": -17.67719196590991, "params": {"gamma": 65.13796197509858, "log10_alpha": -1.9995503716394252, "log10_colsample_bytree": -0.5952206400174828, "log10_eta": -3.9948903139890817, "log10_lambda": -3.208669182730534, "log10_min_child_weight": 3.16433708591306, "log10_subsample": -0.31446817086076295, "max_depth": 7.0, "num_boost_round": 9.0}, "datetime": {"datetime": "2024-01-19 00:29:06", "elapsed": 1053.75813, "delta": 0.001401}}
{"target": -17.677185625194245, "params": {"gamma": 65.13796197509858, "log10_alpha": -1.9995503716394252, "log10_colsample_bytree": -0.5952206400174828, "log10_eta": -3.9948903139890817, "log10_lambda": -3.208669182730534, "log10_min_child_weight": 3.16433708591306, "log10_subsample": -0.31446817086076295, "max_depth": 7.0, "num_boost_round": 10.0}, "datetime": {"datetime": "2024-01-19 00:29:06", "elapsed": 1053.75953, "delta": 0.0014}}
{"target": -17.67718260041717, "params": {"gamma": 65.13796197509858, "log10_alpha": -1.9995503716394252, "log10_colsample_bytree": -0.5952206400174828, "log10_eta": -3.9948903139890817, "log10_lambda": -3.208669182730534, "log10_min_child_weight": 3.16433708591306, "log10_subsample": -0.31446817086076295, "max_depth": 7.0, "num_boost_round": 11.0}, "datetime": {"datetime": "2024-01-19 00:29:06", "elapsed": 1053.760941, "delta": 0.001411}}
{"target": -17.677182132311657, "params": {"gamma": 65.13796197509858, "log10_alpha": -1.9995503716394252, "log10_colsample_bytree": -0.5952206400174828, "log10_eta": -3.9948903139890817, "log10_lambda": -3.208669182730534, "log10_min_child_weight": 3.16433708591306, "log10_subsample": -0.31446817086076295, "max_depth": 7.0, "num_boost_round": 12.0}, "datetime": {"datetime": "2024-01-19 00:29:06", "elapsed": 1053.762336, "delta": 0.001395}}
{"target": -17.677180634278518, "params": {"gamma": 65.13796197509858, "log10_alpha": -1.9995503716394252, "log10_colsample_bytree": -0.5952206400174828, "log10_eta": -3.9948903139890817, "log10_lambda": -3.208669182730534, "log10_min_child_weight": 3.16433708591306, "log10_subsample": -0.31446817086076295, "max_depth": 7.0, "num_boost_round": 13.0}, "datetime": {"datetime": "2024-01-19 00:29:06", "elapsed": 1053.763713, "delta": 0.001377}}
{"target": -17.676663295153222, "params": {"gamma": 76.85263950918242, "log10_alpha": -0.6079152379844874, "log10_colsample_bytree": -0.6257052520374178, "log10_eta": -1.851927184298928, "log10_lambda": -0.04247372177753661, "log10_min_child_weight": 3.563011250107295, "log10_subsample": -0.3861587845036648, "max_depth": 9.0, "num_boost_round": 0.0}, "datetime": {"datetime": "2024-01-19 00:29:28", "elapsed": 1076.241038, "delta": 22.477325}}
{"target": -17.676407079947573, "params": {"gamma": 76.85263950918242, "log10_alpha": -0.6079152379844874, "log10_colsample_bytree": -0.6257052520374178, "log10_eta": -1.851927184298928, "log10_lambda": -0.04247372177753661, "log10_min_child_weight": 3.563011250107295, "log10_subsample": -0.3861587845036648, "max_depth": 9.0, "num_boost_round": 1.0}, "datetime": {"datetime": "2024-01-19 00:29:28", "elapsed": 1076.24263, "delta": 0.001592}}
{"target": -17.675859822502552, "params": {"gamma": 76.85263950918242, "log10_alpha": -0.6079152379844874, "log10_colsample_bytree": -0.6257052520374178, "log10_eta": -1.851927184298928, "log10_lambda": -0.04247372177753661, "log10_min_child_weight": 3.563011250107295, "log10_subsample": -0.3861587845036648, "max_depth": 9.0, "num_boost_round": 2.0}, "datetime": {"datetime": "2024-01-19 00:29:28", "elapsed": 1076.244063, "delta": 0.001433}}
{"target": -17.675989296511176, "params": {"gamma": 76.85263950918242, "log10_alpha": -0.6079152379844874, "log10_colsample_bytree": -0.6257052520374178, "log10_eta": -1.851927184298928, "log10_lambda": -0.04247372177753661, "log10_min_child_weight": 3.563011250107295, "log10_subsample": -0.3861587845036648, "max_depth": 9.0, "num_boost_round": 3.0}, "datetime": {"datetime": "2024-01-19 00:29:28", "elapsed": 1076.245804, "delta": 0.001741}}
{"target": -17.675544476661496, "params": {"gamma": 76.85263950918242, "log10_alpha": -0.6079152379844874, "log10_colsample_bytree": -0.6257052520374178, "log10_eta": -1.851927184298928, "log10_lambda": -0.04247372177753661, "log10_min_child_weight": 3.563011250107295, "log10_subsample": -0.3861587845036648, "max_depth": 9.0, "num_boost_round": 4.0}, "datetime": {"datetime": "2024-01-19 00:29:28", "elapsed": 1076.247241, "delta": 0.001437}}
{"target": -17.67557290680533, "params": {"gamma": 76.85263950918242, "log10_alpha": -0.6079152379844874, "log10_colsample_bytree": -0.6257052520374178, "log10_eta": -1.851927184298928, "log10_lambda": -0.04247372177753661, "log10_min_child_weight": 3.563011250107295, "log10_subsample": -0.3861587845036648, "max_depth": 9.0, "num_boost_round": 5.0}, "datetime": {"datetime": "2024-01-19 00:29:28", "elapsed": 1076.249001, "delta": 0.00176}}
{"target": -17.67541951278239, "params": {"gamma": 76.85263950918242, "log10_alpha": -0.6079152379844874, "log10_colsample_bytree": -0.6257052520374178, "log10_eta": -1.851927184298928, "log10_lambda": -0.04247372177753661, "log10_min_child_weight": 3.563011250107295, "log10_subsample": -0.3861587845036648, "max_depth": 9.0, "num_boost_round": 6.0}, "datetime": {"datetime": "2024-01-19 00:29:28", "elapsed": 1076.251307, "delta": 0.002306}}
{"target": -17.675238406387365, "params": {"gamma": 76.85263950918242, "log10_alpha": -0.6079152379844874, "log10_colsample_bytree": -0.6257052520374178, "log10_eta": -1.851927184298928, "log10_lambda": -0.04247372177753661, "log10_min_child_weight": 3.563011250107295, "log10_subsample": -0.3861587845036648, "max_depth": 9.0, "num_boost_round": 7.0}, "datetime": {"datetime": "2024-01-19 00:29:28", "elapsed": 1076.252736, "delta": 0.001429}}
{"target": -17.674749598463347, "params": {"gamma": 76.85263950918242, "log10_alpha": -0.6079152379844874, "log10_colsample_bytree": -0.6257052520374178, "log10_eta": -1.851927184298928, "log10_lambda": -0.04247372177753661, "log10_min_child_weight": 3.563011250107295, "log10_subsample": -0.3861587845036648, "max_depth": 9.0, "num_boost_round": 8.0}, "datetime": {"datetime": "2024-01-19 00:29:28", "elapsed": 1076.254148, "delta": 0.001412}}
{"target": -17.674717907645633, "params": {"gamma": 76.85263950918242, "log10_alpha": -0.6079152379844874, "log10_colsample_bytree": -0.6257052520374178, "log10_eta": -1.851927184298928, "log10_lambda": -0.04247372177753661, "log10_min_child_weight": 3.563011250107295, "log10_subsample": -0.3861587845036648, "max_depth": 9.0, "num_boost_round": 9.0}, "datetime": {"datetime": "2024-01-19 00:29:28", "elapsed": 1076.255581, "delta": 0.001433}}
{"target": -17.677108406588395, "params": {"gamma": 71.44237482957827, "log10_alpha": -0.0010506508837533346, "log10_colsample_bytree": -0.5367056236559772, "log10_eta": -0.5485481334986475, "log10_lambda": -0.8606688547687442, "log10_min_child_weight": 4.3526164380750885, "log10_subsample": -0.9822635223407775, "max_depth": 3.0, "num_boost_round": 0.0}, "datetime": {"datetime": "2024-01-19 00:29:59", "elapsed": 1107.008863, "delta": 30.753282}}
{"target": -17.67672113727067, "params": {"gamma": 71.44237482957827, "log10_alpha": -0.0010506508837533346, "log10_colsample_bytree": -0.5367056236559772, "log10_eta": -0.5485481334986475, "log10_lambda": -0.8606688547687442, "log10_min_child_weight": 4.3526164380750885, "log10_subsample": -0.9822635223407775, "max_depth": 3.0, "num_boost_round": 1.0}, "datetime": {"datetime": "2024-01-19 00:29:59", "elapsed": 1107.010916, "delta": 0.002053}}
{"target": -17.678459619518677, "params": {"gamma": 71.44237482957827, "log10_alpha": -0.0010506508837533346, "log10_colsample_bytree": -0.5367056236559772, "log10_eta": -0.5485481334986475, "log10_lambda": -0.8606688547687442, "log10_min_child_weight": 4.3526164380750885, "log10_subsample": -0.9822635223407775, "max_depth": 3.0, "num_boost_round": 2.0}, "datetime": {"datetime": "2024-01-19 00:29:59", "elapsed": 1107.012553, "delta": 0.001637}}
