{"target": -17.67331070876021, "params": {"gamma": 425.01481660070584, "log10_alpha": -3.2909900400783387, "log10_colsample_bytree": -0.49423596932816327, "log10_eta": -2.84777191735317, "log10_lambda": -4.5521432558635215, "log10_min_child_weight": 0.4393171516348815, "log10_subsample": -0.030240328755802848, "max_depth": 4.0, "num_boost_round": 81.0}, "datetime": {"datetime": "2024-01-19 00:15:25", "elapsed": 215.117827, "delta": 0.000867}}
{"target": -17.673215456968233, "params": {"gamma": 425.01481660070584, "log10_alpha": -3.2909900400783387, "log10_colsample_bytree": -0.49423596932816327, "log10_eta": -2.84777191735317, "log10_lambda": -4.5521432558635215, "log10_min_child_weight": 0.4393171516348815, "log10_subsample": -0.030240328755802848, "max_depth": 4.0, "num_boost_round": 82.0}, "datetime": {"datetime": "2024-01-19 00:15:25", "elapsed": 215.118707, "delta": 0.00088}}
{"target": -17.673169185207925, "params": {"gamma": 425.01481660070584, "log10_alpha": -3.2909900400783387, "log10_colsample_bytree": -0.49423596932816327, "log10_eta": -2.84777191735317, "log10_lambda": -4.5521432558635215, "log10_min_child_weight": 0.4393171516348815, "log10_subsample": -0.030240328755802848, "max_depth": 4.0, "num_boost_round": 83.0}, "datetime": {"datetime": "2024-01-19 00:15:25", "elapsed": 215.119583, "delta": 0.000876}}
{"target": -17.673144652423087, "params": {"gamma": 425.01481660070584, "log10_alpha": -3.2909900400783387, "log10_colsample_bytree": -0.49423596932816327, "log10_eta": -2.84777191735317, "log10_lambda": -4.5521432558635215, "log10_min_child_weight": 0.4393171516348815, "log10_subsample": -0.030240328755802848, "max_depth": 4.0, "num_boost_round": 84.0}, "datetime": {"datetime": "2024-01-19 00:15:25", "elapsed": 215.120467, "delta": 0.000884}}
{"target": -17.673112185381342, "params": {"gamma": 425.01481660070584, "log10_alpha": -3.2909900400783387, "log10_colsample_bytree": -0.49423596932816327, "log10_eta": -2.84777191735317, "log10_lambda": -4.5521432558635215, "log10_min_child_weight": 0.4393171516348815, "log10_subsample": -0.030240328755802848, "max_depth": 4.0, "num_boost_round": 85.0}, "datetime": {"datetime": "2024-01-19 00:15:25", "elapsed": 215.121353, "delta": 0.000886}}
{"target": -17.67306206841666, "params": {"gamma": 425.01481660070584, "log10_alpha": -3.2909900400783387, "log10_colsample_bytree": -0.49423596932816327, "log10_eta": -2.84777191735317, "log10_lambda": -4.5521432558635215, "log10_min_child_weight": 0.4393171516348815, "log10_subsample": -0.030240328755802848, "max_depth": 4.0, "num_boost_round": 86.0}, "datetime": {"datetime": "2024-01-19 00:15:25", "elapsed": 215.122357, "delta": 0.001004}}
{"target": -17.677229440268984, "params": {"gamma": 419.7712127163904, "log10_alpha": -4.556529819211816, "log10_colsample_bytree": -0.6848945256162892, "log10_eta": -3.988624059006244, "log10_lambda": -4.5618536614666825, "log10_min_child_weight": 0.7442038480265156, "log10_subsample": -0.0014486140190852481, "max_depth": 5.0, "num_boost_round": 0.0}, "datetime": {"datetime": "2024-01-19 00:15:52", "elapsed": 241.975769, "delta": 26.853412}}
{"target": -17.67722336625305, "params": {"gamma": 419.7712127163904, "log10_alpha": -4.556529819211816, "log10_colsample_bytree": -0.6848945256162892, "log10_eta": -3.988624059006244, "log10_lambda": -4.5618536614666825, "log10_min_child_weight": 0.7442038480265156, "log10_subsample": -0.0014486140190852481, "max_depth": 5.0, "num_boost_round": 1.0}, "datetime": {"datetime": "2024-01-19 00:15:52", "elapsed": 241.977008, "delta": 0.001239}}
{"target": -17.677216594199987, "params": {"gamma": 419.7712127163904, "log10_alpha": -4.556529819211816, "log10_colsample_bytree": -0.6848945256162892, "log10_eta": -3.988624059006244, "log10_lambda": -4.5618536614666825, "log10_min_child_weight": 0.7442038480265156, "log10_subsample": -0.0014486140190852481, "max_depth": 5.0, "num_boost_round": 2.0}, "datetime": {"datetime": "2024-01-19 00:15:52", "elapsed": 241.978155, "delta": 0.001147}}
{"target": -17.67721207191246, "params": {"gamma": 419.7712127163904, "log10_alpha": -4.556529819211816, "log10_colsample_bytree": -0.6848945256162892, "log10_eta": -3.988624059006244, "log10_lambda": -4.5618536614666825, "log10_min_child_weight": 0.7442038480265156, "log10_subsample": -0.0014486140190852481, "max_depth": 5.0, "num_boost_round": 3.0}, "datetime": {"datetime": "2024-01-19 00:15:52", "elapsed": 241.979172, "delta": 0.001017}}
{"target": -17.677204346310802, "params": {"gamma": 419.7712127163904, "log10_alpha": -4.556529819211816, "log10_colsample_bytree": -0.6848945256162892, "log10_eta": -3.988624059006244, "log10_lambda": -4.5618536614666825, "log10_min_child_weight": 0.7442038480265156, "log10_subsample": -0.0014486140190852481, "max_depth": 5.0, "num_boost_round": 4.0}, "datetime": {"datetime": "2024-01-19 00:15:52", "elapsed": 241.980067, "delta": 0.000895}}
{"target": -17.6771990232237, "params": {"gamma": 419.7712127163904, "log10_alpha": -4.556529819211816, "log10_colsample_bytree": -0.6848945256162892, "log10_eta": -3.988624059006244, "log10_lambda": -4.5618536614666825, "log10_min_child_weight": 0.7442038480265156, "log10_subsample": -0.0014486140190852481, "max_depth": 5.0, "num_boost_round": 5.0}, "datetime": {"datetime": "2024-01-19 00:15:52", "elapsed": 241.981137, "delta": 0.00107}}
{"target": -17.677196415709986, "params": {"gamma": 419.7712127163904, "log10_alpha": -4.556529819211816, "log10_colsample_bytree": -0.6848945256162892, "log10_eta": -3.988624059006244, "log10_lambda": -4.5618536614666825, "log10_min_child_weight": 0.7442038480265156, "log10_subsample": -0.0014486140190852481, "max_depth": 5.0, "num_boost_round": 6.0}, "datetime": {"datetime": "2024-01-19 00:15:52", "elapsed": 241.982037, "delta": 0.0009}}
{"target": -17.677190287107223, "params": {"gamma": 419.7712127163904, "log10_alpha": -4.556529819211816, "log10_colsample_bytree": -0.6848945256162892, "log10_eta": -3.988624059006244, "log10_lambda": -4.5618536614666825, "log10_min_child_weight": 0.7442038480265156, "log10_subsample": -0.0014486140190852481, "max_depth": 5.0, "num_boost_round": 7.0}, "datetime": {"datetime": "2024-01-19 00:15:52", "elapsed": 241.983042, "delta": 0.001005}}
{"target": -17.67718642610106, "params": {"gamma": 419.7712127163904, "log10_alpha": -4.556529819211816, "log10_colsample_bytree": -0.6848945256162892, "log10_eta": -3.988624059006244, "log10_lambda": -4.5618536614666825, "log10_min_child_weight": 0.7442038480265156, "log10_subsample": -0.0014486140190852481, "max_depth": 5.0, "num_boost_round": 8.0}, "datetime": {"datetime": "2024-01-19 00:15:52", "elapsed": 241.983938, "delta": 0.000896}}
{"target": -17.677184466815625, "params": {"gamma": 419.7712127163904, "log10_alpha": -4.556529819211816, "log10_colsample_bytree": -0.6848945256162892, "log10_eta": -3.988624059006244, "log10_lambda": -4.5618536614666825, "log10_min_child_weight": 0.7442038480265156, "log10_subsample": -0.0014486140190852481, "max_depth": 5.0, "num_boost_round": 9.0}, "datetime": {"datetime": "2024-01-19 00:15:52", "elapsed": 241.984829, "delta": 0.000891}}
{"target": -17.67717769699188, "params": {"gamma": 419.7712127163904, "log10_alpha": -4.556529819211816, "log10_colsample_bytree": -0.6848945256162892, "log10_eta": -3.988624059006244, "log10_lambda": -4.5618536614666825, "log10_min_child_weight": 0.7442038480265156, "log10_subsample": -0.0014486140190852481, "max_depth": 5.0, "num_boost_round": 10.0}, "datetime": {"datetime": "2024-01-19 00:15:52", "elapsed": 241.986203, "delta": 0.001374}}
{"target": -17.677173745580482, "params": {"gamma": 419.7712127163904, "log10_alpha": -4.556529819211816, "log10_colsample_bytree": -0.6848945256162892, "log10_eta": -3.988624059006244, "log10_lambda": -4.5618536614666825, "log10_min_child_weight": 0.7442038480265156, "log10_subsample": -0.0014486140190852481, "max_depth": 5.0, "num_boost_round": 11.0}, "datetime": {"datetime": "2024-01-19 00:15:52", "elapsed": 241.987589, "delta": 0.001386}}
{"target": -17.677168385748335, "params": {"gamma": 419.7712127163904, "log10_alpha": -4.556529819211816, "log10_colsample_bytree": -0.6848945256162892, "log10_eta": -3.988624059006244, "log10_lambda": -4.5618536614666825, "log10_min_child_weight": 0.7442038480265156, "log10_subsample": -0.0014486140190852481, "max_depth": 5.0, "num_boost_round": 12.0}, "datetime": {"datetime": "2024-01-19 00:15:52", "elapsed": 241.9885, "delta": 0.000911}}
{"target": -17.677165456363497, "params": {"gamma": 419.7712127163904, "log10_alpha": -4.556529819211816, "log10_colsample_bytree": -0.6848945256162892, "log10_eta": -3.988624059006244, "log10_lambda": -4.5618536614666825, "log10_min_child_weight": 0.7442038480265156, "log10_subsample": -0.0014486140190852481, "max_depth": 5.0, "num_boost_round": 13.0}, "datetime": {"datetime": "2024-01-19 00:15:52", "elapsed": 241.989404, "delta": 0.000904}}
{"target": -17.67716668892188, "params": {"gamma": 419.7712127163904, "log10_alpha": -4.556529819211816, "log10_colsample_bytree": -0.6848945256162892, "log10_eta": -3.988624059006244, "log10_lambda": -4.5618536614666825, "log10_min_child_weight": 0.7442038480265156, "log10_subsample": -0.0014486140190852481, "max_depth": 5.0, "num_boost_round": 14.0}, "datetime": {"datetime": "2024-01-19 00:15:52", "elapsed": 241.990675, "delta": 0.001271}}
{"target": -17.677162284225894, "params": {"gamma": 419.7712127163904, "log10_alpha": -4.556529819211816, "log10_colsample_bytree": -0.6848945256162892, "log10_eta": -3.988624059006244, "log10_lambda": -4.5618536614666825, "log10_min_child_weight": 0.7442038480265156, "log10_subsample": -0.0014486140190852481, "max_depth": 5.0, "num_boost_round": 15.0}, "datetime": {"datetime": "2024-01-19 00:15:52", "elapsed": 241.991583, "delta": 0.000908}}
{"target": -17.677161167419808, "params": {"gamma": 419.7712127163904, "log10_alpha": -4.556529819211816, "log10_colsample_bytree": -0.6848945256162892, "log10_eta": -3.988624059006244, "log10_lambda": -4.5618536614666825, "log10_min_child_weight": 0.7442038480265156, "log10_subsample": -0.0014486140190852481, "max_depth": 5.0, "num_boost_round": 16.0}, "datetime": {"datetime": "2024-01-19 00:15:52", "elapsed": 241.992626, "delta": 0.001043}}
{"target": -17.677155488640643, "params": {"gamma": 419.7712127163904, "log10_alpha": -4.556529819211816, "log10_colsample_bytree": -0.6848945256162892, "log10_eta": -3.988624059006244, "log10_lambda": -4.5618536614666825, "log10_min_child_weight": 0.7442038480265156, "log10_subsample": -0.0014486140190852481, "max_depth": 5.0, "num_boost_round": 17.0}, "datetime": {"datetime": "2024-01-19 00:15:52", "elapsed": 241.993661, "delta": 0.001035}}
{"target": -17.67715709670093, "params": {"gamma": 419.7712127163904, "log10_alpha": -4.556529819211816, "log10_colsample_bytree": -0.6848945256162892, "log10_eta": -3.988624059006244, "log10_lambda": -4.5618536614666825, "log10_min_child_weight": 0.7442038480265156, "log10_subsample": -0.0014486140190852481, "max_depth": 5.0, "num_boost_round": 18.0}, "datetime": {"datetime": "2024-01-19 00:15:52", "elapsed": 241.994656, "delta": 0.000995}}
{"target": -17.677159082293905, "params": {"gamma": 419.7712127163904, "log10_alpha": -4.556529819211816, "log10_colsample_bytree": -0.6848945256162892, "log10_eta": -3.988624059006244, "log10_lambda": -4.5618536614666825, "log10_min_child_weight": 0.7442038480265156, "log10_subsample": -0.0014486140190852481, "max_depth": 5.0, "num_boost_round": 19.0}, "datetime": {"datetime": "2024-01-19 00:15:52", "elapsed": 241.995569, "delta": 0.000913}}
{"target": -17.677154245982376, "params": {"gamma": 419.7712127163904, "log10_alpha": -4.556529819211816, "log10_colsample_bytree": -0.6848945256162892, "log10_eta": -3.988624059006244, "log10_lambda": -4.5618536614666825, "log10_min_child_weight": 0.7442038480265156, "log10_subsample": -0.0014486140190852481, "max_depth": 5.0, "num_boost_round": 20.0}, "datetime": {"datetime": "2024-01-19 00:15:52", "elapsed": 241.99652, "delta": 0.000951}}
{"target": -17.677146579077547, "params": {"gamma": 419.7712127163904, "log10_alpha": -4.556529819211816, "log10_colsample_bytree": -0.6848945256162892, "log10_eta": -3.988624059006244, "log10_lambda": -4.5618536614666825, "log10_min_child_weight": 0.7442038480265156, "log10_subsample": -0.0014486140190852481, "max_depth": 5.0, "num_boost_round": 21.0}, "datetime": {"datetime": "2024-01-19 00:15:52", "elapsed": 241.9975, "delta": 0.00098}}
{"target": -17.677141478123612, "params": {"gamma": 419.7712127163904, "log10_alpha": -4.556529819211816, "log10_colsample_bytree": -0.6848945256162892, "log10_eta": -3.988624059006244, "log10_lambda": -4.5618536614666825, "log10_min_child_weight": 0.7442038480265156, "log10_subsample": -0.0014486140190852481, "max_depth": 5.0, "num_boost_round": 22.0}, "datetime": {"datetime": "2024-01-19 00:15:52", "elapsed": 241.998483, "delta": 0.000983}}
{"target": -17.6771371416892, "params": {"gamma": 419.7712127163904, "log10_alpha": -4.556529819211816, "log10_colsample_bytree": -0.6848945256162892, "log10_eta": -3.988624059006244, "log10_lambda": -4.5618536614666825, "log10_min_child_weight": 0.7442038480265156, "log10_subsample": -0.0014486140190852481, "max_depth": 5.0, "num_boost_round": 23.0}, "datetime": {"datetime": "2024-01-19 00:15:52", "elapsed": 241.999458, "delta": 0.000975}}
{"target": -17.677134903791426, "params": {"gamma": 419.7712127163904, "log10_alpha": -4.556529819211816, "log10_colsample_bytree": -0.6848945256162892, "log10_eta": -3.988624059006244, "log10_lambda": -4.5618536614666825, "log10_min_child_weight": 0.7442038480265156, "log10_subsample": -0.0014486140190852481, "max_depth": 5.0, "num_boost_round": 24.0}, "datetime": {"datetime": "2024-01-19 00:15:52", "elapsed": 242.000415, "delta": 0.000957}}
{"target": -17.677132244056907, "params": {"gamma": 419.7712127163904, "log10_alpha": -4.556529819211816, "log10_colsample_bytree": -0.6848945256162892, "log10_eta": -3.988624059006244, "log10_lambda": -4.5618536614666825, "log10_min_child_weight": 0.7442038480265156, "log10_subsample": -0.0014486140190852481, "max_depth": 5.0, "num_boost_round": 25.0}, "datetime": {"datetime": "2024-01-19 00:15:52", "elapsed": 242.001383, "delta": 0.000968}}
{"target": -17.67712726961261, "params": {"gamma": 419.7712127163904, "log10_alpha": -4.556529819211816, "log10_colsample_bytree": -0.6848945256162892, "log10_eta": -3.988624059006244, "log10_lambda": -4.5618536614666825, "log10_min_child_weight": 0.7442038480265156, "log10_subsample": -0.0014486140190852481, "max_depth": 5.0, "num_boost_round": 26.0}, "datetime": {"datetime": "2024-01-19 00:15:52", "elapsed": 242.002363, "delta": 0.00098}}
{"target": -17.677119193479427, "params": {"gamma": 419.7712127163904, "log10_alpha": -4.556529819211816, "log10_colsample_bytree": -0.6848945256162892, "log10_eta": -3.988624059006244, "log10_lambda": -4.5618536614666825, "log10_min_child_weight": 0.7442038480265156, "log10_subsample": -0.0014486140190852481, "max_depth": 5.0, "num_boost_round": 27.0}, "datetime": {"datetime": "2024-01-19 00:15:52", "elapsed": 242.003331, "delta": 0.000968}}
{"target": -17.677111211886544, "params": {"gamma": 419.7712127163904, "log10_alpha": -4.556529819211816, "log10_colsample_bytree": -0.6848945256162892, "log10_eta": -3.988624059006244, "log10_lambda": -4.5618536614666825, "log10_min_child_weight": 0.7442038480265156, "log10_subsample": -0.0014486140190852481, "max_depth": 5.0, "num_boost_round": 28.0}, "datetime": {"datetime": "2024-01-19 00:15:52", "elapsed": 242.004322, "delta": 0.000991}}
{"target": -17.677104378032944, "params": {"gamma": 419.7712127163904, "log10_alpha": -4.556529819211816, "log10_colsample_bytree": -0.6848945256162892, "log10_eta": -3.988624059006244, "log10_lambda": -4.5618536614666825, "log10_min_child_weight": 0.7442038480265156, "log10_subsample": -0.0014486140190852481, "max_depth": 5.0, "num_boost_round": 29.0}, "datetime": {"datetime": "2024-01-19 00:15:52", "elapsed": 242.005301, "delta": 0.000979}}
{"target": -17.677100240663275, "params": {"gamma": 419.7712127163904, "log10_alpha": -4.556529819211816, "log10_colsample_bytree": -0.6848945256162892, "log10_eta": -3.988624059006244, "log10_lambda": -4.5618536614666825, "log10_min_child_weight": 0.7442038480265156, "log10_subsample": -0.0014486140190852481, "max_depth": 5.0, "num_boost_round": 30.0}, "datetime": {"datetime": "2024-01-19 00:15:52", "elapsed": 242.006259, "delta": 0.000958}}
{"target": -17.677092908597157, "params": {"gamma": 419.7712127163904, "log10_alpha": -4.556529819211816, "log10_colsample_bytree": -0.6848945256162892, "log10_eta": -3.988624059006244, "log10_lambda": -4.5618536614666825, "log10_min_child_weight": 0.7442038480265156, "log10_subsample": -0.0014486140190852481, "max_depth": 5.0, "num_boost_round": 31.0}, "datetime": {"datetime": "2024-01-19 00:15:52", "elapsed": 242.007235, "delta": 0.000976}}
{"target": -17.677087869636132, "params": {"gamma": 419.7712127163904, "log10_alpha": -4.556529819211816, "log10_colsample_bytree": -0.6848945256162892, "log10_eta": -3.988624059006244, "log10_lambda": -4.5618536614666825, "log10_min_child_weight": 0.7442038480265156, "log10_subsample": -0.0014486140190852481, "max_depth": 5.0, "num_boost_round": 32.0}, "datetime": {"datetime": "2024-01-19 00:15:52", "elapsed": 242.008209, "delta": 0.000974}}
{"target": -17.677079937473618, "params": {"gamma": 419.7712127163904, "log10_alpha": -4.556529819211816, "log10_colsample_bytree": -0.6848945256162892, "log10_eta": -3.988624059006244, "log10_lambda": -4.5618536614666825, "log10_min_child_weight": 0.7442038480265156, "log10_subsample": -0.0014486140190852481, "max_depth": 5.0, "num_boost_round": 33.0}, "datetime": {"datetime": "2024-01-19 00:15:52", "elapsed": 242.009163, "delta": 0.000954}}
{"target": -17.67707352429594, "params": {"gamma": 419.7712127163904, "log10_alpha": -4.556529819211816, "log10_colsample_bytree": -0.6848945256162892, "log10_eta": -3.988624059006244, "log10_lambda": -4.5618536614666825, "log10_min_child_weight": 0.7442038480265156, "log10_subsample": -0.0014486140190852481, "max_depth": 5.0, "num_boost_round": 34.0}, "datetime": {"datetime": "2024-01-19 00:15:52", "elapsed": 242.010475, "delta": 0.001312}}
{"target": -17.6770705069309, "params": {"gamma": 419.7712127163904, "log10_alpha": -4.556529819211816, "log10_colsample_bytree": -0.6848945256162892, "log10_eta": -3.988624059006244, "log10_lambda": -4.5618536614666825, "log10_min_child_weight": 0.7442038480265156, "log10_subsample": -0.0014486140190852481, "max_depth": 5.0, "num_boost_round": 35.0}, "datetime": {"datetime": "2024-01-19 00:15:52", "elapsed": 242.011642, "delta": 0.001167}}
{"target": -17.677069262228855, "params": {"gamma": 419.7712127163904, "log10_alpha": -4.556529819211816, "log10_colsample_bytree": -0.6848945256162892, "log10_eta": -3.988624059006244, "log10_lambda": -4.5618536614666825, "log10_min_child_weight": 0.7442038480265156, "log10_subsample": -0.0014486140190852481, "max_depth": 5.0, "num_boost_round": 36.0}, "datetime": {"datetime": "2024-01-19 00:15:52", "elapsed": 242.012571, "delta": 0.000929}}
{"target": -17.67706896431924, "params": {"gamma": 419.7712127163904, "log10_alpha": -4.556529819211816, "log10_colsample_bytree": -0.6848945256162892, "log10_eta": -3.988624059006244, "log10_lambda": -4.5618536614666825, "log10_min_child_weight": 0.7442038480265156, "log10_subsample": -0.0014486140190852481, "max_depth": 5.0, "num_boost_round": 37.0}, "datetime": {"datetime": "2024-01-19 00:15:52", "elapsed": 242.013495, "delta": 0.000924}}
{"target": -17.67706629957353, "params": {"gamma": 419.7712127163904, "log10_alpha": -4.556529819211816, "log10_colsample_bytree": -0.6848945256162892, "log10_eta": -3.988624059006244, "log10_lambda": -4.5618536614666825, "log10_min_child_weight": 0.7442038480265156, "log10_subsample": -0.0014486140190852481, "max_depth": 5.0, "num_boost_round": 38.0}, "datetime": {"datetime": "2024-01-19 00:15:52", "elapsed": 242.014415, "delta": 0.00092}}
{"target": -17.675873378598844, "params": {"gamma": 433.2850970751996, "log10_alpha": -4.617309951612235, "log10_colsample_bytree": -0.2781679587289926, "log10_eta": -1.3362346711164035, "log10_lambda": 0.8126170842202125, "log10_min_child_weight": 0.5558429424737865, "log10_subsample": -0.4924354257657123, "max_depth": 7.0, "num_boost_round": 0.0}, "datetime": {"datetime": "2024-01-19 00:16:18", "elapsed": 268.634422, "delta": 26.620007}}
{"target": -17.67310151809552, "params": {"gamma": 433.2850970751996, "log10_alpha": -4.617309951612235, "log10_colsample_bytree": -0.2781679587289926, "log10_eta": -1.3362346711164035, "log10_lambda": 0.8126170842202125, "log10_min_child_weight": 0.5558429424737865, "log10_subsample": -0.4924354257657123, "max_depth": 7.0, "num_boost_round": 1.0}, "datetime": {"datetime": "2024-01-19 00:16:18", "elapsed": 268.63551, "delta": 0.001088}}
{"target": -17.672665572862226, "params": {"gamma": 433.2850970751996, "log10_alpha": -4.617309951612235, "log10_colsample_bytree": -0.2781679587289926, "log10_eta": -1.3362346711164035, "log10_lambda": 0.8126170842202125, "log10_min_child_weight": 0.5558429424737865, "log10_subsample": -0.4924354257657123, "max_depth": 7.0, "num_boost_round": 2.0}, "datetime": {"datetime": "2024-01-19 00:16:18", "elapsed": 268.63647, "delta": 0.00096}}
{"target": -17.670374413094596, "params": {"gamma": 433.2850970751996, "log10_alpha": -4.617309951612235, "log10_colsample_bytree": -0.2781679587289926, "log10_eta": -1.3362346711164035, "log10_lambda": 0.8126170842202125, "log10_min_child_weight": 0.5558429424737865, "log10_subsample": -0.4924354257657123, "max_depth": 7.0, "num_boost_round": 3.0}, "datetime": {"datetime": "2024-01-19 00:16:18", "elapsed": 268.637528, "delta": 0.001058}}
