{"target": -13.758469427563242, "params": {"gamma": 536.5617903401486, "log10_alpha": 0.7476623726809208, "log10_colsample_bytree": -0.5086506680882077, "log10_eta": -3.3294141202438428, "log10_lambda": 0.4225319854328724, "log10_min_child_weight": 2.007337495298285, "log10_subsample": -0.10150842609524435, "max_depth": 2.0, "num_boost_round": 16.0}, "datetime": {"datetime": "2024-01-19 01:08:14", "elapsed": 3426.686547, "delta": 0.003853}}
{"target": -13.758468686612543, "params": {"gamma": 536.5617903401486, "log10_alpha": 0.7476623726809208, "log10_colsample_bytree": -0.5086506680882077, "log10_eta": -3.3294141202438428, "log10_lambda": 0.4225319854328724, "log10_min_child_weight": 2.007337495298285, "log10_subsample": -0.10150842609524435, "max_depth": 2.0, "num_boost_round": 17.0}, "datetime": {"datetime": "2024-01-19 01:08:14", "elapsed": 3426.69036, "delta": 0.003813}}
{"target": -13.758467641042428, "params": {"gamma": 536.5617903401486, "log10_alpha": 0.7476623726809208, "log10_colsample_bytree": -0.5086506680882077, "log10_eta": -3.3294141202438428, "log10_lambda": 0.4225319854328724, "log10_min_child_weight": 2.007337495298285, "log10_subsample": -0.10150842609524435, "max_depth": 2.0, "num_boost_round": 18.0}, "datetime": {"datetime": "2024-01-19 01:08:14", "elapsed": 3426.694133, "delta": 0.003773}}
{"target": -13.75846405623932, "params": {"gamma": 536.5617903401486, "log10_alpha": 0.7476623726809208, "log10_colsample_bytree": -0.5086506680882077, "log10_eta": -3.3294141202438428, "log10_lambda": 0.4225319854328724, "log10_min_child_weight": 2.007337495298285, "log10_subsample": -0.10150842609524435, "max_depth": 2.0, "num_boost_round": 19.0}, "datetime": {"datetime": "2024-01-19 01:08:14", "elapsed": 3426.697939, "delta": 0.003806}}
{"target": -13.758458757549217, "params": {"gamma": 536.5617903401486, "log10_alpha": 0.7476623726809208, "log10_colsample_bytree": -0.5086506680882077, "log10_eta": -3.3294141202438428, "log10_lambda": 0.4225319854328724, "log10_min_child_weight": 2.007337495298285, "log10_subsample": -0.10150842609524435, "max_depth": 2.0, "num_boost_round": 20.0}, "datetime": {"datetime": "2024-01-19 01:08:14", "elapsed": 3426.701793, "delta": 0.003854}}
{"target": -13.758458330169447, "params": {"gamma": 536.5617903401486, "log10_alpha": 0.7476623726809208, "log10_colsample_bytree": -0.5086506680882077, "log10_eta": -3.3294141202438428, "log10_lambda": 0.4225319854328724, "log10_min_child_weight": 2.007337495298285, "log10_subsample": -0.10150842609524435, "max_depth": 2.0, "num_boost_round": 21.0}, "datetime": {"datetime": "2024-01-19 01:08:14", "elapsed": 3426.705598, "delta": 0.003805}}
{"target": -13.758454270983616, "params": {"gamma": 536.5617903401486, "log10_alpha": 0.7476623726809208, "log10_colsample_bytree": -0.5086506680882077, "log10_eta": -3.3294141202438428, "log10_lambda": 0.4225319854328724, "log10_min_child_weight": 2.007337495298285, "log10_subsample": -0.10150842609524435, "max_depth": 2.0, "num_boost_round": 22.0}, "datetime": {"datetime": "2024-01-19 01:08:14", "elapsed": 3426.709448, "delta": 0.00385}}
{"target": -13.758448454541133, "params": {"gamma": 536.5617903401486, "log10_alpha": 0.7476623726809208, "log10_colsample_bytree": -0.5086506680882077, "log10_eta": -3.3294141202438428, "log10_lambda": 0.4225319854328724, "log10_min_child_weight": 2.007337495298285, "log10_subsample": -0.10150842609524435, "max_depth": 2.0, "num_boost_round": 23.0}, "datetime": {"datetime": "2024-01-19 01:08:14", "elapsed": 3426.713208, "delta": 0.00376}}
{"target": -13.75844812818988, "params": {"gamma": 536.5617903401486, "log10_alpha": 0.7476623726809208, "log10_colsample_bytree": -0.5086506680882077, "log10_eta": -3.3294141202438428, "log10_lambda": 0.4225319854328724, "log10_min_child_weight": 2.007337495298285, "log10_subsample": -0.10150842609524435, "max_depth": 2.0, "num_boost_round": 24.0}, "datetime": {"datetime": "2024-01-19 01:08:14", "elapsed": 3426.717074, "delta": 0.003866}}
{"target": -13.758445160505728, "params": {"gamma": 536.5617903401486, "log10_alpha": 0.7476623726809208, "log10_colsample_bytree": -0.5086506680882077, "log10_eta": -3.3294141202438428, "log10_lambda": 0.4225319854328724, "log10_min_child_weight": 2.007337495298285, "log10_subsample": -0.10150842609524435, "max_depth": 2.0, "num_boost_round": 25.0}, "datetime": {"datetime": "2024-01-19 01:08:14", "elapsed": 3426.720894, "delta": 0.00382}}
{"target": -13.758538106655708, "params": {"gamma": 551.657122270199, "log10_alpha": -0.8067081518766415, "log10_colsample_bytree": -0.8421715646653986, "log10_eta": -3.708945747622823, "log10_lambda": 0.7579441533683164, "log10_min_child_weight": 4.2534070459169415, "log10_subsample": -0.39850403881920615, "max_depth": 4.0, "num_boost_round": 0.0}, "datetime": {"datetime": "2024-01-19 01:08:59", "elapsed": 3471.379782, "delta": 44.658888}}
{"target": -13.758538106880545, "params": {"gamma": 551.657122270199, "log10_alpha": -0.8067081518766415, "log10_colsample_bytree": -0.8421715646653986, "log10_eta": -3.708945747622823, "log10_lambda": 0.7579441533683164, "log10_min_child_weight": 4.2534070459169415, "log10_subsample": -0.39850403881920615, "max_depth": 4.0, "num_boost_round": 1.0}, "datetime": {"datetime": "2024-01-19 01:08:59", "elapsed": 3471.384513, "delta": 0.004731}}
{"target": -13.758538271389583, "params": {"gamma": 551.657122270199, "log10_alpha": -0.8067081518766415, "log10_colsample_bytree": -0.8421715646653986, "log10_eta": -3.708945747622823, "log10_lambda": 0.7579441533683164, "log10_min_child_weight": 4.2534070459169415, "log10_subsample": -0.39850403881920615, "max_depth": 4.0, "num_boost_round": 2.0}, "datetime": {"datetime": "2024-01-19 01:08:59", "elapsed": 3471.388466, "delta": 0.003953}}
{"target": -13.7585379838886, "params": {"gamma": 551.657122270199, "log10_alpha": -0.8067081518766415, "log10_colsample_bytree": -0.8421715646653986, "log10_eta": -3.708945747622823, "log10_lambda": 0.7579441533683164, "log10_min_child_weight": 4.2534070459169415, "log10_subsample": -0.39850403881920615, "max_depth": 4.0, "num_boost_round": 3.0}, "datetime": {"datetime": "2024-01-19 01:08:59", "elapsed": 3471.392275, "delta": 0.003809}}
{"target": -13.758538276711127, "params": {"gamma": 551.657122270199, "log10_alpha": -0.8067081518766415, "log10_colsample_bytree": -0.8421715646653986, "log10_eta": -3.708945747622823, "log10_lambda": 0.7579441533683164, "log10_min_child_weight": 4.2534070459169415, "log10_subsample": -0.39850403881920615, "max_depth": 4.0, "num_boost_round": 4.0}, "datetime": {"datetime": "2024-01-19 01:08:59", "elapsed": 3471.395967, "delta": 0.003692}}
{"target": -13.758537458265113, "params": {"gamma": 551.657122270199, "log10_alpha": -0.8067081518766415, "log10_colsample_bytree": -0.8421715646653986, "log10_eta": -3.708945747622823, "log10_lambda": 0.7579441533683164, "log10_min_child_weight": 4.2534070459169415, "log10_subsample": -0.39850403881920615, "max_depth": 4.0, "num_boost_round": 5.0}, "datetime": {"datetime": "2024-01-19 01:08:59", "elapsed": 3471.399669, "delta": 0.003702}}
{"target": -13.75853823847227, "params": {"gamma": 551.657122270199, "log10_alpha": -0.8067081518766415, "log10_colsample_bytree": -0.8421715646653986, "log10_eta": -3.708945747622823, "log10_lambda": 0.7579441533683164, "log10_min_child_weight": 4.2534070459169415, "log10_subsample": -0.39850403881920615, "max_depth": 4.0, "num_boost_round": 6.0}, "datetime": {"datetime": "2024-01-19 01:08:59", "elapsed": 3471.403397, "delta": 0.003728}}
{"target": -13.75853735152139, "params": {"gamma": 551.657122270199, "log10_alpha": -0.8067081518766415, "log10_colsample_bytree": -0.8421715646653986, "log10_eta": -3.708945747622823, "log10_lambda": 0.7579441533683164, "log10_min_child_weight": 4.2534070459169415, "log10_subsample": -0.39850403881920615, "max_depth": 4.0, "num_boost_round": 7.0}, "datetime": {"datetime": "2024-01-19 01:08:59", "elapsed": 3471.407361, "delta": 0.003964}}
{"target": -13.758538077080752, "params": {"gamma": 551.657122270199, "log10_alpha": -0.8067081518766415, "log10_colsample_bytree": -0.8421715646653986, "log10_eta": -3.708945747622823, "log10_lambda": 0.7579441533683164, "log10_min_child_weight": 4.2534070459169415, "log10_subsample": -0.39850403881920615, "max_depth": 4.0, "num_boost_round": 8.0}, "datetime": {"datetime": "2024-01-19 01:08:59", "elapsed": 3471.411162, "delta": 0.003801}}
{"target": -13.758537238548401, "params": {"gamma": 551.657122270199, "log10_alpha": -0.8067081518766415, "log10_colsample_bytree": -0.8421715646653986, "log10_eta": -3.708945747622823, "log10_lambda": 0.7579441533683164, "log10_min_child_weight": 4.2534070459169415, "log10_subsample": -0.39850403881920615, "max_depth": 4.0, "num_boost_round": 9.0}, "datetime": {"datetime": "2024-01-19 01:08:59", "elapsed": 3471.414872, "delta": 0.00371}}
{"target": -13.758534997206777, "params": {"gamma": 551.657122270199, "log10_alpha": -0.8067081518766415, "log10_colsample_bytree": -0.8421715646653986, "log10_eta": -3.708945747622823, "log10_lambda": 0.7579441533683164, "log10_min_child_weight": 4.2534070459169415, "log10_subsample": -0.39850403881920615, "max_depth": 4.0, "num_boost_round": 10.0}, "datetime": {"datetime": "2024-01-19 01:08:59", "elapsed": 3471.418625, "delta": 0.003753}}
{"target": -13.7585354692032, "params": {"gamma": 551.657122270199, "log10_alpha": -0.8067081518766415, "log10_colsample_bytree": -0.8421715646653986, "log10_eta": -3.708945747622823, "log10_lambda": 0.7579441533683164, "log10_min_child_weight": 4.2534070459169415, "log10_subsample": -0.39850403881920615, "max_depth": 4.0, "num_boost_round": 11.0}, "datetime": {"datetime": "2024-01-19 01:08:59", "elapsed": 3471.422397, "delta": 0.003772}}
{"target": -13.758537665831259, "params": {"gamma": 551.657122270199, "log10_alpha": -0.8067081518766415, "log10_colsample_bytree": -0.8421715646653986, "log10_eta": -3.708945747622823, "log10_lambda": 0.7579441533683164, "log10_min_child_weight": 4.2534070459169415, "log10_subsample": -0.39850403881920615, "max_depth": 4.0, "num_boost_round": 12.0}, "datetime": {"datetime": "2024-01-19 01:08:59", "elapsed": 3471.426093, "delta": 0.003696}}
{"target": -13.758537882053123, "params": {"gamma": 551.657122270199, "log10_alpha": -0.8067081518766415, "log10_colsample_bytree": -0.8421715646653986, "log10_eta": -3.708945747622823, "log10_lambda": 0.7579441533683164, "log10_min_child_weight": 4.2534070459169415, "log10_subsample": -0.39850403881920615, "max_depth": 4.0, "num_boost_round": 13.0}, "datetime": {"datetime": "2024-01-19 01:08:59", "elapsed": 3471.429873, "delta": 0.00378}}
{"target": -13.758537383283546, "params": {"gamma": 551.657122270199, "log10_alpha": -0.8067081518766415, "log10_colsample_bytree": -0.8421715646653986, "log10_eta": -3.708945747622823, "log10_lambda": 0.7579441533683164, "log10_min_child_weight": 4.2534070459169415, "log10_subsample": -0.39850403881920615, "max_depth": 4.0, "num_boost_round": 14.0}, "datetime": {"datetime": "2024-01-19 01:08:59", "elapsed": 3471.433654, "delta": 0.003781}}
{"target": -13.758535814948381, "params": {"gamma": 551.657122270199, "log10_alpha": -0.8067081518766415, "log10_colsample_bytree": -0.8421715646653986, "log10_eta": -3.708945747622823, "log10_lambda": 0.7579441533683164, "log10_min_child_weight": 4.2534070459169415, "log10_subsample": -0.39850403881920615, "max_depth": 4.0, "num_boost_round": 15.0}, "datetime": {"datetime": "2024-01-19 01:08:59", "elapsed": 3471.437417, "delta": 0.003763}}
{"target": -13.758534776656205, "params": {"gamma": 551.657122270199, "log10_alpha": -0.8067081518766415, "log10_colsample_bytree": -0.8421715646653986, "log10_eta": -3.708945747622823, "log10_lambda": 0.7579441533683164, "log10_min_child_weight": 4.2534070459169415, "log10_subsample": -0.39850403881920615, "max_depth": 4.0, "num_boost_round": 16.0}, "datetime": {"datetime": "2024-01-19 01:08:59", "elapsed": 3471.441144, "delta": 0.003727}}
{"target": -13.758531870107008, "params": {"gamma": 551.657122270199, "log10_alpha": -0.8067081518766415, "log10_colsample_bytree": -0.8421715646653986, "log10_eta": -3.708945747622823, "log10_lambda": 0.7579441533683164, "log10_min_child_weight": 4.2534070459169415, "log10_subsample": -0.39850403881920615, "max_depth": 4.0, "num_boost_round": 17.0}, "datetime": {"datetime": "2024-01-19 01:08:59", "elapsed": 3471.444919, "delta": 0.003775}}
{"target": -13.758530318672237, "params": {"gamma": 551.657122270199, "log10_alpha": -0.8067081518766415, "log10_colsample_bytree": -0.8421715646653986, "log10_eta": -3.708945747622823, "log10_lambda": 0.7579441533683164, "log10_min_child_weight": 4.2534070459169415, "log10_subsample": -0.39850403881920615, "max_depth": 4.0, "num_boost_round": 18.0}, "datetime": {"datetime": "2024-01-19 01:08:59", "elapsed": 3471.448762, "delta": 0.003843}}
{"target": -13.758528751137142, "params": {"gamma": 551.657122270199, "log10_alpha": -0.8067081518766415, "log10_colsample_bytree": -0.8421715646653986, "log10_eta": -3.708945747622823, "log10_lambda": 0.7579441533683164, "log10_min_child_weight": 4.2534070459169415, "log10_subsample": -0.39850403881920615, "max_depth": 4.0, "num_boost_round": 19.0}, "datetime": {"datetime": "2024-01-19 01:08:59", "elapsed": 3471.452696, "delta": 0.003934}}
{"target": -13.758529224809095, "params": {"gamma": 551.657122270199, "log10_alpha": -0.8067081518766415, "log10_colsample_bytree": -0.8421715646653986, "log10_eta": -3.708945747622823, "log10_lambda": 0.7579441533683164, "log10_min_child_weight": 4.2534070459169415, "log10_subsample": -0.39850403881920615, "max_depth": 4.0, "num_boost_round": 20.0}, "datetime": {"datetime": "2024-01-19 01:08:59", "elapsed": 3471.456621, "delta": 0.003925}}
{"target": -13.75852940415275, "params": {"gamma": 551.657122270199, "log10_alpha": -0.8067081518766415, "log10_colsample_bytree": -0.8421715646653986, "log10_eta": -3.708945747622823, "log10_lambda": 0.7579441533683164, "log10_min_child_weight": 4.2534070459169415, "log10_subsample": -0.39850403881920615, "max_depth": 4.0, "num_boost_round": 21.0}, "datetime": {"datetime": "2024-01-19 01:08:59", "elapsed": 3471.460472, "delta": 0.003851}}
{"target": -13.758530345848065, "params": {"gamma": 551.657122270199, "log10_alpha": -0.8067081518766415, "log10_colsample_bytree": -0.8421715646653986, "log10_eta": -3.708945747622823, "log10_lambda": 0.7579441533683164, "log10_min_child_weight": 4.2534070459169415, "log10_subsample": -0.39850403881920615, "max_depth": 4.0, "num_boost_round": 22.0}, "datetime": {"datetime": "2024-01-19 01:08:59", "elapsed": 3471.464363, "delta": 0.003891}}
{"target": -13.758529765254549, "params": {"gamma": 551.657122270199, "log10_alpha": -0.8067081518766415, "log10_colsample_bytree": -0.8421715646653986, "log10_eta": -3.708945747622823, "log10_lambda": 0.7579441533683164, "log10_min_child_weight": 4.2534070459169415, "log10_subsample": -0.39850403881920615, "max_depth": 4.0, "num_boost_round": 23.0}, "datetime": {"datetime": "2024-01-19 01:08:59", "elapsed": 3471.468175, "delta": 0.003812}}
{"target": -13.75853028978012, "params": {"gamma": 551.657122270199, "log10_alpha": -0.8067081518766415, "log10_colsample_bytree": -0.8421715646653986, "log10_eta": -3.708945747622823, "log10_lambda": 0.7579441533683164, "log10_min_child_weight": 4.2534070459169415, "log10_subsample": -0.39850403881920615, "max_depth": 4.0, "num_boost_round": 24.0}, "datetime": {"datetime": "2024-01-19 01:08:59", "elapsed": 3471.471926, "delta": 0.003751}}
{"target": -13.75853041151151, "params": {"gamma": 551.657122270199, "log10_alpha": -0.8067081518766415, "log10_colsample_bytree": -0.8421715646653986, "log10_eta": -3.708945747622823, "log10_lambda": 0.7579441533683164, "log10_min_child_weight": 4.2534070459169415, "log10_subsample": -0.39850403881920615, "max_depth": 4.0, "num_boost_round": 25.0}, "datetime": {"datetime": "2024-01-19 01:08:59", "elapsed": 3471.475617, "delta": 0.003691}}
{"target": -13.758528378458827, "params": {"gamma": 551.657122270199, "log10_alpha": -0.8067081518766415, "log10_colsample_bytree": -0.8421715646653986, "log10_eta": -3.708945747622823, "log10_lambda": 0.7579441533683164, "log10_min_child_weight": 4.2534070459169415, "log10_subsample": -0.39850403881920615, "max_depth": 4.0, "num_boost_round": 26.0}, "datetime": {"datetime": "2024-01-19 01:08:59", "elapsed": 3471.479367, "delta": 0.00375}}
{"target": -13.758525894442451, "params": {"gamma": 551.657122270199, "log10_alpha": -0.8067081518766415, "log10_colsample_bytree": -0.8421715646653986, "log10_eta": -3.708945747622823, "log10_lambda": 0.7579441533683164, "log10_min_child_weight": 4.2534070459169415, "log10_subsample": -0.39850403881920615, "max_depth": 4.0, "num_boost_round": 27.0}, "datetime": {"datetime": "2024-01-19 01:08:59", "elapsed": 3471.483214, "delta": 0.003847}}
{"target": -13.758523049941914, "params": {"gamma": 551.657122270199, "log10_alpha": -0.8067081518766415, "log10_colsample_bytree": -0.8421715646653986, "log10_eta": -3.708945747622823, "log10_lambda": 0.7579441533683164, "log10_min_child_weight": 4.2534070459169415, "log10_subsample": -0.39850403881920615, "max_depth": 4.0, "num_boost_round": 28.0}, "datetime": {"datetime": "2024-01-19 01:08:59", "elapsed": 3471.487027, "delta": 0.003813}}
{"target": -13.758522317716604, "params": {"gamma": 551.657122270199, "log10_alpha": -0.8067081518766415, "log10_colsample_bytree": -0.8421715646653986, "log10_eta": -3.708945747622823, "log10_lambda": 0.7579441533683164, "log10_min_child_weight": 4.2534070459169415, "log10_subsample": -0.39850403881920615, "max_depth": 4.0, "num_boost_round": 29.0}, "datetime": {"datetime": "2024-01-19 01:08:59", "elapsed": 3471.490734, "delta": 0.003707}}
{"target": -13.758520191514982, "params": {"gamma": 551.657122270199, "log10_alpha": -0.8067081518766415, "log10_colsample_bytree": -0.8421715646653986, "log10_eta": -3.708945747622823, "log10_lambda": 0.7579441533683164, "log10_min_child_weight": 4.2534070459169415, "log10_subsample": -0.39850403881920615, "max_depth": 4.0, "num_boost_round": 30.0}, "datetime": {"datetime": "2024-01-19 01:08:59", "elapsed": 3471.494443, "delta": 0.003709}}
{"target": -13.758521083238278, "params": {"gamma": 551.657122270199, "log10_alpha": -0.8067081518766415, "log10_colsample_bytree": -0.8421715646653986, "log10_eta": -3.708945747622823, "log10_lambda": 0.7579441533683164, "log10_min_child_weight": 4.2534070459169415, "log10_subsample": -0.39850403881920615, "max_depth": 4.0, "num_boost_round": 31.0}, "datetime": {"datetime": "2024-01-19 01:08:59", "elapsed": 3471.498146, "delta": 0.003703}}
{"target": -13.758537956096935, "params": {"gamma": 577.3474514832319, "log10_alpha": -3.5825942822591608, "log10_colsample_bytree": -0.7773268141801357, "log10_eta": -3.7246580883140936, "log10_lambda": 0.8641302402780564, "log10_min_child_weight": 3.5835548952429064, "log10_subsample": -0.4899131740867818, "max_depth": 2.0, "num_boost_round": 0.0}, "datetime": {"datetime": "2024-01-19 01:09:59", "elapsed": 3531.63506, "delta": 60.136914}}
{"target": -13.758536577081568, "params": {"gamma": 577.3474514832319, "log10_alpha": -3.5825942822591608, "log10_colsample_bytree": -0.7773268141801357, "log10_eta": -3.7246580883140936, "log10_lambda": 0.8641302402780564, "log10_min_child_weight": 3.5835548952429064, "log10_subsample": -0.4899131740867818, "max_depth": 2.0, "num_boost_round": 1.0}, "datetime": {"datetime": "2024-01-19 01:09:59", "elapsed": 3531.639292, "delta": 0.004232}}
{"target": -13.758537257872016, "params": {"gamma": 577.3474514832319, "log10_alpha": -3.5825942822591608, "log10_colsample_bytree": -0.7773268141801357, "log10_eta": -3.7246580883140936, "log10_lambda": 0.8641302402780564, "log10_min_child_weight": 3.5835548952429064, "log10_subsample": -0.4899131740867818, "max_depth": 2.0, "num_boost_round": 2.0}, "datetime": {"datetime": "2024-01-19 01:09:59", "elapsed": 3531.643104, "delta": 0.003812}}
{"target": -13.758536322320229, "params": {"gamma": 577.3474514832319, "log10_alpha": -3.5825942822591608, "log10_colsample_bytree": -0.7773268141801357, "log10_eta": -3.7246580883140936, "log10_lambda": 0.8641302402780564, "log10_min_child_weight": 3.5835548952429064, "log10_subsample": -0.4899131740867818, "max_depth": 2.0, "num_boost_round": 3.0}, "datetime": {"datetime": "2024-01-19 01:09:59", "elapsed": 3531.647084, "delta": 0.00398}}
{"target": -13.758535998568982, "params": {"gamma": 577.3474514832319, "log10_alpha": -3.5825942822591608, "log10_colsample_bytree": -0.7773268141801357, "log10_eta": -3.7246580883140936, "log10_lambda": 0.8641302402780564, "log10_min_child_weight": 3.5835548952429064, "log10_subsample": -0.4899131740867818, "max_depth": 2.0, "num_boost_round": 4.0}, "datetime": {"datetime": "2024-01-19 01:09:59", "elapsed": 3531.650849, "delta": 0.003765}}
{"target": -13.758536176996643, "params": {"gamma": 577.3474514832319, "log10_alpha": -3.5825942822591608, "log10_colsample_bytree": -0.7773268141801357, "log10_eta": -3.7246580883140936, "log10_lambda": 0.8641302402780564, "log10_min_child_weight": 3.5835548952429064, "log10_subsample": -0.4899131740867818, "max_depth": 2.0, "num_boost_round": 5.0}, "datetime": {"datetime": "2024-01-19 01:09:59", "elapsed": 3531.654569, "delta": 0.00372}}
{"target": -13.758536226047271, "params": {"gamma": 577.3474514832319, "log10_alpha": -3.5825942822591608, "log10_colsample_bytree": -0.7773268141801357, "log10_eta": -3.7246580883140936, "log10_lambda": 0.8641302402780564, "log10_min_child_weight": 3.5835548952429064, "log10_subsample": -0.4899131740867818, "max_depth": 2.0, "num_boost_round": 6.0}, "datetime": {"datetime": "2024-01-19 01:09:59", "elapsed": 3531.65824, "delta": 0.003671}}
