{"target": -17.677227126475195, "params": {"gamma": 598.8738435848802, "log10_alpha": 0.44999384786255625, "log10_colsample_bytree": -0.9542108196774206, "log10_eta": -3.770254453402849, "log10_lambda": -4.447619621768503, "log10_min_child_weight": 4.204607605934293, "log10_subsample": -0.7543658078562044, "max_depth": 5.0, "num_boost_round": 6.0}, "datetime": {"datetime": "2024-01-19 00:50:25", "elapsed": 2323.005462, "delta": 0.002574}}
{"target": -17.677226288356295, "params": {"gamma": 598.8738435848802, "log10_alpha": 0.44999384786255625, "log10_colsample_bytree": -0.9542108196774206, "log10_eta": -3.770254453402849, "log10_lambda": -4.447619621768503, "log10_min_child_weight": 4.204607605934293, "log10_subsample": -0.7543658078562044, "max_depth": 5.0, "num_boost_round": 7.0}, "datetime": {"datetime": "2024-01-19 00:50:25", "elapsed": 2323.008047, "delta": 0.002585}}
{"target": -17.677225352544614, "params": {"gamma": 598.8738435848802, "log10_alpha": 0.44999384786255625, "log10_colsample_bytree": -0.9542108196774206, "log10_eta": -3.770254453402849, "log10_lambda": -4.447619621768503, "log10_min_child_weight": 4.204607605934293, "log10_subsample": -0.7543658078562044, "max_depth": 5.0, "num_boost_round": 8.0}, "datetime": {"datetime": "2024-01-19 00:50:25", "elapsed": 2323.010692, "delta": 0.002645}}
{"target": -17.677225239749717, "params": {"gamma": 598.8738435848802, "log10_alpha": 0.44999384786255625, "log10_colsample_bytree": -0.9542108196774206, "log10_eta": -3.770254453402849, "log10_lambda": -4.447619621768503, "log10_min_child_weight": 4.204607605934293, "log10_subsample": -0.7543658078562044, "max_depth": 5.0, "num_boost_round": 9.0}, "datetime": {"datetime": "2024-01-19 00:50:25", "elapsed": 2323.013301, "delta": 0.002609}}
{"target": -17.677214478815337, "params": {"gamma": 601.6214362737347, "log10_alpha": -1.1683713342875057, "log10_colsample_bytree": -0.9778478030296333, "log10_eta": -3.024330761578137, "log10_lambda": -4.723430094908432, "log10_min_child_weight": 3.931429651213598, "log10_subsample": -0.6182209615985593, "max_depth": 7.0, "num_boost_round": 0.0}, "datetime": {"datetime": "2024-01-19 00:51:01", "elapsed": 2359.08638, "delta": 36.073079}}
{"target": -17.67721473229065, "params": {"gamma": 601.6214362737347, "log10_alpha": -1.1683713342875057, "log10_colsample_bytree": -0.9778478030296333, "log10_eta": -3.024330761578137, "log10_lambda": -4.723430094908432, "log10_min_child_weight": 3.931429651213598, "log10_subsample": -0.6182209615985593, "max_depth": 7.0, "num_boost_round": 1.0}, "datetime": {"datetime": "2024-01-19 00:51:01", "elapsed": 2359.089246, "delta": 0.002866}}
{"target": -17.67723886409949, "params": {"gamma": 601.6214362737347, "log10_alpha": -1.1683713342875057, "log10_colsample_bytree": -0.9778478030296333, "log10_eta": -3.024330761578137, "log10_lambda": -4.723430094908432, "log10_min_child_weight": 3.931429651213598, "log10_subsample": -0.6182209615985593, "max_depth": 7.0, "num_boost_round": 2.0}, "datetime": {"datetime": "2024-01-19 00:51:01", "elapsed": 2359.092811, "delta": 0.003565}}
{"target": -17.677232838989834, "params": {"gamma": 601.6214362737347, "log10_alpha": -1.1683713342875057, "log10_colsample_bytree": -0.9778478030296333, "log10_eta": -3.024330761578137, "log10_lambda": -4.723430094908432, "log10_min_child_weight": 3.931429651213598, "log10_subsample": -0.6182209615985593, "max_depth": 7.0, "num_boost_round": 3.0}, "datetime": {"datetime": "2024-01-19 00:51:01", "elapsed": 2359.095439, "delta": 0.002628}}
{"target": -17.67721784541122, "params": {"gamma": 601.6214362737347, "log10_alpha": -1.1683713342875057, "log10_colsample_bytree": -0.9778478030296333, "log10_eta": -3.024330761578137, "log10_lambda": -4.723430094908432, "log10_min_child_weight": 3.931429651213598, "log10_subsample": -0.6182209615985593, "max_depth": 7.0, "num_boost_round": 4.0}, "datetime": {"datetime": "2024-01-19 00:51:01", "elapsed": 2359.098191, "delta": 0.002752}}
{"target": -17.677208777648087, "params": {"gamma": 601.6214362737347, "log10_alpha": -1.1683713342875057, "log10_colsample_bytree": -0.9778478030296333, "log10_eta": -3.024330761578137, "log10_lambda": -4.723430094908432, "log10_min_child_weight": 3.931429651213598, "log10_subsample": -0.6182209615985593, "max_depth": 7.0, "num_boost_round": 5.0}, "datetime": {"datetime": "2024-01-19 00:51:01", "elapsed": 2359.100844, "delta": 0.002653}}
{"target": -17.677212172852066, "params": {"gamma": 601.6214362737347, "log10_alpha": -1.1683713342875057, "log10_colsample_bytree": -0.9778478030296333, "log10_eta": -3.024330761578137, "log10_lambda": -4.723430094908432, "log10_min_child_weight": 3.931429651213598, "log10_subsample": -0.6182209615985593, "max_depth": 7.0, "num_boost_round": 6.0}, "datetime": {"datetime": "2024-01-19 00:51:01", "elapsed": 2359.103434, "delta": 0.00259}}
{"target": -17.67719916668532, "params": {"gamma": 601.6214362737347, "log10_alpha": -1.1683713342875057, "log10_colsample_bytree": -0.9778478030296333, "log10_eta": -3.024330761578137, "log10_lambda": -4.723430094908432, "log10_min_child_weight": 3.931429651213598, "log10_subsample": -0.6182209615985593, "max_depth": 7.0, "num_boost_round": 7.0}, "datetime": {"datetime": "2024-01-19 00:51:01", "elapsed": 2359.106068, "delta": 0.002634}}
{"target": -17.677197049414506, "params": {"gamma": 601.6214362737347, "log10_alpha": -1.1683713342875057, "log10_colsample_bytree": -0.9778478030296333, "log10_eta": -3.024330761578137, "log10_lambda": -4.723430094908432, "log10_min_child_weight": 3.931429651213598, "log10_subsample": -0.6182209615985593, "max_depth": 7.0, "num_boost_round": 8.0}, "datetime": {"datetime": "2024-01-19 00:51:01", "elapsed": 2359.108659, "delta": 0.002591}}
{"target": -17.677194449008233, "params": {"gamma": 601.6214362737347, "log10_alpha": -1.1683713342875057, "log10_colsample_bytree": -0.9778478030296333, "log10_eta": -3.024330761578137, "log10_lambda": -4.723430094908432, "log10_min_child_weight": 3.931429651213598, "log10_subsample": -0.6182209615985593, "max_depth": 7.0, "num_boost_round": 9.0}, "datetime": {"datetime": "2024-01-19 00:51:01", "elapsed": 2359.111343, "delta": 0.002684}}
{"target": -17.67719149483026, "params": {"gamma": 601.6214362737347, "log10_alpha": -1.1683713342875057, "log10_colsample_bytree": -0.9778478030296333, "log10_eta": -3.024330761578137, "log10_lambda": -4.723430094908432, "log10_min_child_weight": 3.931429651213598, "log10_subsample": -0.6182209615985593, "max_depth": 7.0, "num_boost_round": 10.0}, "datetime": {"datetime": "2024-01-19 00:51:01", "elapsed": 2359.11395, "delta": 0.002607}}
{"target": -17.67718097157742, "params": {"gamma": 601.6214362737347, "log10_alpha": -1.1683713342875057, "log10_colsample_bytree": -0.9778478030296333, "log10_eta": -3.024330761578137, "log10_lambda": -4.723430094908432, "log10_min_child_weight": 3.931429651213598, "log10_subsample": -0.6182209615985593, "max_depth": 7.0, "num_boost_round": 11.0}, "datetime": {"datetime": "2024-01-19 00:51:01", "elapsed": 2359.116578, "delta": 0.002628}}
{"target": -17.677171124585332, "params": {"gamma": 601.6214362737347, "log10_alpha": -1.1683713342875057, "log10_colsample_bytree": -0.9778478030296333, "log10_eta": -3.024330761578137, "log10_lambda": -4.723430094908432, "log10_min_child_weight": 3.931429651213598, "log10_subsample": -0.6182209615985593, "max_depth": 7.0, "num_boost_round": 12.0}, "datetime": {"datetime": "2024-01-19 00:51:01", "elapsed": 2359.119157, "delta": 0.002579}}
{"target": -17.677156136006133, "params": {"gamma": 601.6214362737347, "log10_alpha": -1.1683713342875057, "log10_colsample_bytree": -0.9778478030296333, "log10_eta": -3.024330761578137, "log10_lambda": -4.723430094908432, "log10_min_child_weight": 3.931429651213598, "log10_subsample": -0.6182209615985593, "max_depth": 7.0, "num_boost_round": 13.0}, "datetime": {"datetime": "2024-01-19 00:51:01", "elapsed": 2359.121782, "delta": 0.002625}}
{"target": -17.67716803697676, "params": {"gamma": 601.6214362737347, "log10_alpha": -1.1683713342875057, "log10_colsample_bytree": -0.9778478030296333, "log10_eta": -3.024330761578137, "log10_lambda": -4.723430094908432, "log10_min_child_weight": 3.931429651213598, "log10_subsample": -0.6182209615985593, "max_depth": 7.0, "num_boost_round": 14.0}, "datetime": {"datetime": "2024-01-19 00:51:01", "elapsed": 2359.124392, "delta": 0.00261}}
{"target": -17.677164577034095, "params": {"gamma": 601.6214362737347, "log10_alpha": -1.1683713342875057, "log10_colsample_bytree": -0.9778478030296333, "log10_eta": -3.024330761578137, "log10_lambda": -4.723430094908432, "log10_min_child_weight": 3.931429651213598, "log10_subsample": -0.6182209615985593, "max_depth": 7.0, "num_boost_round": 15.0}, "datetime": {"datetime": "2024-01-19 00:51:01", "elapsed": 2359.126997, "delta": 0.002605}}
{"target": -17.677161063092715, "params": {"gamma": 601.6214362737347, "log10_alpha": -1.1683713342875057, "log10_colsample_bytree": -0.9778478030296333, "log10_eta": -3.024330761578137, "log10_lambda": -4.723430094908432, "log10_min_child_weight": 3.931429651213598, "log10_subsample": -0.6182209615985593, "max_depth": 7.0, "num_boost_round": 16.0}, "datetime": {"datetime": "2024-01-19 00:51:01", "elapsed": 2359.12979, "delta": 0.002793}}
{"target": -17.677155699375156, "params": {"gamma": 601.6214362737347, "log10_alpha": -1.1683713342875057, "log10_colsample_bytree": -0.9778478030296333, "log10_eta": -3.024330761578137, "log10_lambda": -4.723430094908432, "log10_min_child_weight": 3.931429651213598, "log10_subsample": -0.6182209615985593, "max_depth": 7.0, "num_boost_round": 17.0}, "datetime": {"datetime": "2024-01-19 00:51:01", "elapsed": 2359.132509, "delta": 0.002719}}
{"target": -17.677151001249584, "params": {"gamma": 601.6214362737347, "log10_alpha": -1.1683713342875057, "log10_colsample_bytree": -0.9778478030296333, "log10_eta": -3.024330761578137, "log10_lambda": -4.723430094908432, "log10_min_child_weight": 3.931429651213598, "log10_subsample": -0.6182209615985593, "max_depth": 7.0, "num_boost_round": 18.0}, "datetime": {"datetime": "2024-01-19 00:51:01", "elapsed": 2359.135235, "delta": 0.002726}}
{"target": -17.677132851240167, "params": {"gamma": 601.6214362737347, "log10_alpha": -1.1683713342875057, "log10_colsample_bytree": -0.9778478030296333, "log10_eta": -3.024330761578137, "log10_lambda": -4.723430094908432, "log10_min_child_weight": 3.931429651213598, "log10_subsample": -0.6182209615985593, "max_depth": 7.0, "num_boost_round": 19.0}, "datetime": {"datetime": "2024-01-19 00:51:01", "elapsed": 2359.137877, "delta": 0.002642}}
{"target": -17.677129502639723, "params": {"gamma": 601.6214362737347, "log10_alpha": -1.1683713342875057, "log10_colsample_bytree": -0.9778478030296333, "log10_eta": -3.024330761578137, "log10_lambda": -4.723430094908432, "log10_min_child_weight": 3.931429651213598, "log10_subsample": -0.6182209615985593, "max_depth": 7.0, "num_boost_round": 20.0}, "datetime": {"datetime": "2024-01-19 00:51:01", "elapsed": 2359.140513, "delta": 0.002636}}
{"target": -17.677124302354276, "params": {"gamma": 601.6214362737347, "log10_alpha": -1.1683713342875057, "log10_colsample_bytree": -0.9778478030296333, "log10_eta": -3.024330761578137, "log10_lambda": -4.723430094908432, "log10_min_child_weight": 3.931429651213598, "log10_subsample": -0.6182209615985593, "max_depth": 7.0, "num_boost_round": 21.0}, "datetime": {"datetime": "2024-01-19 00:51:01", "elapsed": 2359.143124, "delta": 0.002611}}
{"target": -17.677116985102497, "params": {"gamma": 601.6214362737347, "log10_alpha": -1.1683713342875057, "log10_colsample_bytree": -0.9778478030296333, "log10_eta": -3.024330761578137, "log10_lambda": -4.723430094908432, "log10_min_child_weight": 3.931429651213598, "log10_subsample": -0.6182209615985593, "max_depth": 7.0, "num_boost_round": 22.0}, "datetime": {"datetime": "2024-01-19 00:51:01", "elapsed": 2359.14572, "delta": 0.002596}}
{"target": -17.67711533248436, "params": {"gamma": 601.6214362737347, "log10_alpha": -1.1683713342875057, "log10_colsample_bytree": -0.9778478030296333, "log10_eta": -3.024330761578137, "log10_lambda": -4.723430094908432, "log10_min_child_weight": 3.931429651213598, "log10_subsample": -0.6182209615985593, "max_depth": 7.0, "num_boost_round": 23.0}, "datetime": {"datetime": "2024-01-19 00:51:01", "elapsed": 2359.148365, "delta": 0.002645}}
{"target": -17.677242473880916, "params": {"gamma": 611.6821235963614, "log10_alpha": -3.540693011332113, "log10_colsample_bytree": -0.019482650454825, "log10_eta": -2.4425435254703887, "log10_lambda": -2.6053257416740054, "log10_min_child_weight": 2.0304745298393834, "log10_subsample": -0.31897944136070044, "max_depth": 9.0, "num_boost_round": 0.0}, "datetime": {"datetime": "2024-01-19 00:51:38", "elapsed": 2396.163723, "delta": 37.015358}}
{"target": -17.67727551136976, "params": {"gamma": 611.6821235963614, "log10_alpha": -3.540693011332113, "log10_colsample_bytree": -0.019482650454825, "log10_eta": -2.4425435254703887, "log10_lambda": -2.6053257416740054, "log10_min_child_weight": 2.0304745298393834, "log10_subsample": -0.31897944136070044, "max_depth": 9.0, "num_boost_round": 1.0}, "datetime": {"datetime": "2024-01-19 00:51:38", "elapsed": 2396.167332, "delta": 0.003609}}
{"target": -17.6771193671935, "params": {"gamma": 611.6821235963614, "log10_alpha": -3.540693011332113, "log10_colsample_bytree": -0.019482650454825, "log10_eta": -2.4425435254703887, "log10_lambda": -2.6053257416740054, "log10_min_child_weight": 2.0304745298393834, "log10_subsample": -0.31897944136070044, "max_depth": 9.0, "num_boost_round": 2.0}, "datetime": {"datetime": "2024-01-19 00:51:38", "elapsed": 2396.170208, "delta": 0.002876}}
{"target": -17.67691944343763, "params": {"gamma": 611.6821235963614, "log10_alpha": -3.540693011332113, "log10_colsample_bytree": -0.019482650454825, "log10_eta": -2.4425435254703887, "log10_lambda": -2.6053257416740054, "log10_min_child_weight": 2.0304745298393834, "log10_subsample": -0.31897944136070044, "max_depth": 9.0, "num_boost_round": 3.0}, "datetime": {"datetime": "2024-01-19 00:51:38", "elapsed": 2396.172928, "delta": 0.00272}}
{"target": -17.676833488416275, "params": {"gamma": 611.6821235963614, "log10_alpha": -3.540693011332113, "log10_colsample_bytree": -0.019482650454825, "log10_eta": -2.4425435254703887, "log10_lambda": -2.6053257416740054, "log10_min_child_weight": 2.0304745298393834, "log10_subsample": -0.31897944136070044, "max_depth": 9.0, "num_boost_round": 4.0}, "datetime": {"datetime": "2024-01-19 00:51:38", "elapsed": 2396.175574, "delta": 0.002646}}
{"target": -17.67676508957088, "params": {"gamma": 611.6821235963614, "log10_alpha": -3.540693011332113, "log10_colsample_bytree": -0.019482650454825, "log10_eta": -2.4425435254703887, "log10_lambda": -2.6053257416740054, "log10_min_child_weight": 2.0304745298393834, "log10_subsample": -0.31897944136070044, "max_depth": 9.0, "num_boost_round": 5.0}, "datetime": {"datetime": "2024-01-19 00:51:38", "elapsed": 2396.178222, "delta": 0.002648}}
{"target": -17.676521025710944, "params": {"gamma": 611.6821235963614, "log10_alpha": -3.540693011332113, "log10_colsample_bytree": -0.019482650454825, "log10_eta": -2.4425435254703887, "log10_lambda": -2.6053257416740054, "log10_min_child_weight": 2.0304745298393834, "log10_subsample": -0.31897944136070044, "max_depth": 9.0, "num_boost_round": 6.0}, "datetime": {"datetime": "2024-01-19 00:51:38", "elapsed": 2396.180947, "delta": 0.002725}}
{"target": -17.676425477782686, "params": {"gamma": 611.6821235963614, "log10_alpha": -3.540693011332113, "log10_colsample_bytree": -0.019482650454825, "log10_eta": -2.4425435254703887, "log10_lambda": -2.6053257416740054, "log10_min_child_weight": 2.0304745298393834, "log10_subsample": -0.31897944136070044, "max_depth": 9.0, "num_boost_round": 7.0}, "datetime": {"datetime": "2024-01-19 00:51:38", "elapsed": 2396.183625, "delta": 0.002678}}
{"target": -17.676297628171955, "params": {"gamma": 611.6821235963614, "log10_alpha": -3.540693011332113, "log10_colsample_bytree": -0.019482650454825, "log10_eta": -2.4425435254703887, "log10_lambda": -2.6053257416740054, "log10_min_child_weight": 2.0304745298393834, "log10_subsample": -0.31897944136070044, "max_depth": 9.0, "num_boost_round": 8.0}, "datetime": {"datetime": "2024-01-19 00:51:38", "elapsed": 2396.186319, "delta": 0.002694}}
{"target": -17.67626600196147, "params": {"gamma": 611.6821235963614, "log10_alpha": -3.540693011332113, "log10_colsample_bytree": -0.019482650454825, "log10_eta": -2.4425435254703887, "log10_lambda": -2.6053257416740054, "log10_min_child_weight": 2.0304745298393834, "log10_subsample": -0.31897944136070044, "max_depth": 9.0, "num_boost_round": 9.0}, "datetime": {"datetime": "2024-01-19 00:51:38", "elapsed": 2396.189479, "delta": 0.00316}}
{"target": -17.67603312497052, "params": {"gamma": 611.6821235963614, "log10_alpha": -3.540693011332113, "log10_colsample_bytree": -0.019482650454825, "log10_eta": -2.4425435254703887, "log10_lambda": -2.6053257416740054, "log10_min_child_weight": 2.0304745298393834, "log10_subsample": -0.31897944136070044, "max_depth": 9.0, "num_boost_round": 10.0}, "datetime": {"datetime": "2024-01-19 00:51:38", "elapsed": 2396.192104, "delta": 0.002625}}
{"target": -17.67584450949022, "params": {"gamma": 611.6821235963614, "log10_alpha": -3.540693011332113, "log10_colsample_bytree": -0.019482650454825, "log10_eta": -2.4425435254703887, "log10_lambda": -2.6053257416740054, "log10_min_child_weight": 2.0304745298393834, "log10_subsample": -0.31897944136070044, "max_depth": 9.0, "num_boost_round": 11.0}, "datetime": {"datetime": "2024-01-19 00:51:38", "elapsed": 2396.194813, "delta": 0.002709}}
{"target": -17.67572431121404, "params": {"gamma": 611.6821235963614, "log10_alpha": -3.540693011332113, "log10_colsample_bytree": -0.019482650454825, "log10_eta": -2.4425435254703887, "log10_lambda": -2.6053257416740054, "log10_min_child_weight": 2.0304745298393834, "log10_subsample": -0.31897944136070044, "max_depth": 9.0, "num_boost_round": 12.0}, "datetime": {"datetime": "2024-01-19 00:51:38", "elapsed": 2396.197436, "delta": 0.002623}}
{"target": -17.675310621480683, "params": {"gamma": 611.6821235963614, "log10_alpha": -3.540693011332113, "log10_colsample_bytree": -0.019482650454825, "log10_eta": -2.4425435254703887, "log10_lambda": -2.6053257416740054, "log10_min_child_weight": 2.0304745298393834, "log10_subsample": -0.31897944136070044, "max_depth": 9.0, "num_boost_round": 13.0}, "datetime": {"datetime": "2024-01-19 00:51:38", "elapsed": 2396.200154, "delta": 0.002718}}
{"target": -17.675099508136977, "params": {"gamma": 611.6821235963614, "log10_alpha": -3.540693011332113, "log10_colsample_bytree": -0.019482650454825, "log10_eta": -2.4425435254703887, "log10_lambda": -2.6053257416740054, "log10_min_child_weight": 2.0304745298393834, "log10_subsample": -0.31897944136070044, "max_depth": 9.0, "num_boost_round": 14.0}, "datetime": {"datetime": "2024-01-19 00:51:38", "elapsed": 2396.202808, "delta": 0.002654}}
{"target": -17.675114518539175, "params": {"gamma": 611.6821235963614, "log10_alpha": -3.540693011332113, "log10_colsample_bytree": -0.019482650454825, "log10_eta": -2.4425435254703887, "log10_lambda": -2.6053257416740054, "log10_min_child_weight": 2.0304745298393834, "log10_subsample": -0.31897944136070044, "max_depth": 9.0, "num_boost_round": 15.0}, "datetime": {"datetime": "2024-01-19 00:51:38", "elapsed": 2396.205433, "delta": 0.002625}}
{"target": -17.675161541411384, "params": {"gamma": 611.6821235963614, "log10_alpha": -3.540693011332113, "log10_colsample_bytree": -0.019482650454825, "log10_eta": -2.4425435254703887, "log10_lambda": -2.6053257416740054, "log10_min_child_weight": 2.0304745298393834, "log10_subsample": -0.31897944136070044, "max_depth": 9.0, "num_boost_round": 16.0}, "datetime": {"datetime": "2024-01-19 00:51:38", "elapsed": 2396.208067, "delta": 0.002634}}
{"target": -17.67483246471601, "params": {"gamma": 611.6821235963614, "log10_alpha": -3.540693011332113, "log10_colsample_bytree": -0.019482650454825, "log10_eta": -2.4425435254703887, "log10_lambda": -2.6053257416740054, "log10_min_child_weight": 2.0304745298393834, "log10_subsample": -0.31897944136070044, "max_depth": 9.0, "num_boost_round": 17.0}, "datetime": {"datetime": "2024-01-19 00:51:38", "elapsed": 2396.210795, "delta": 0.002728}}
{"target": -17.674849543070156, "params": {"gamma": 611.6821235963614, "log10_alpha": -3.540693011332113, "log10_colsample_bytree": -0.019482650454825, "log10_eta": -2.4425435254703887, "log10_lambda": -2.6053257416740054, "log10_min_child_weight": 2.0304745298393834, "log10_subsample": -0.31897944136070044, "max_depth": 9.0, "num_boost_round": 18.0}, "datetime": {"datetime": "2024-01-19 00:51:38", "elapsed": 2396.213476, "delta": 0.002681}}
{"target": -17.674908538125205, "params": {"gamma": 611.6821235963614, "log10_alpha": -3.540693011332113, "log10_colsample_bytree": -0.019482650454825, "log10_eta": -2.4425435254703887, "log10_lambda": -2.6053257416740054, "log10_min_child_weight": 2.0304745298393834, "log10_subsample": -0.31897944136070044, "max_depth": 9.0, "num_boost_round": 19.0}, "datetime": {"datetime": "2024-01-19 00:51:38", "elapsed": 2396.216098, "delta": 0.002622}}
{"target": -17.674735668286797, "params": {"gamma": 611.6821235963614, "log10_alpha": -3.540693011332113, "log10_colsample_bytree": -0.019482650454825, "log10_eta": -2.4425435254703887, "log10_lambda": -2.6053257416740054, "log10_min_child_weight": 2.0304745298393834, "log10_subsample": -0.31897944136070044, "max_depth": 9.0, "num_boost_round": 20.0}, "datetime": {"datetime": "2024-01-19 00:51:38", "elapsed": 2396.218796, "delta": 0.002698}}
