{"target": -13.758530868586325, "params": {"gamma": 36.08379892926394, "log10_alpha": -1.7899465648887927, "log10_colsample_bytree": -0.9916800632114913, "log10_eta": -3.5150744952181894, "log10_lambda": -1.6497769875692194, "log10_min_child_weight": 4.620596007333969, "log10_subsample": -0.5510862435155415, "max_depth": 9.0, "num_boost_round": 10.0}, "datetime": {"datetime": "2024-01-19 00:41:56", "elapsed": 1824.982894, "delta": 0.001971}}
{"target": -13.75852982128449, "params": {"gamma": 36.08379892926394, "log10_alpha": -1.7899465648887927, "log10_colsample_bytree": -0.9916800632114913, "log10_eta": -3.5150744952181894, "log10_lambda": -1.6497769875692194, "log10_min_child_weight": 4.620596007333969, "log10_subsample": -0.5510862435155415, "max_depth": 9.0, "num_boost_round": 11.0}, "datetime": {"datetime": "2024-01-19 00:41:56", "elapsed": 1824.98485, "delta": 0.001956}}
{"target": -13.758529575651723, "params": {"gamma": 40.41466133341276, "log10_alpha": -0.6049158360668851, "log10_colsample_bytree": -0.5817088177985172, "log10_eta": -2.9614512960370516, "log10_lambda": -3.9017677643675794, "log10_min_child_weight": 3.8804513352886234, "log10_subsample": -0.9849409352682681, "max_depth": 6.0, "num_boost_round": 0.0}, "datetime": {"datetime": "2024-01-19 00:42:24", "elapsed": 1852.974172, "delta": 27.989322}}
{"target": -13.758528170241188, "params": {"gamma": 40.41466133341276, "log10_alpha": -0.6049158360668851, "log10_colsample_bytree": -0.5817088177985172, "log10_eta": -2.9614512960370516, "log10_lambda": -3.9017677643675794, "log10_min_child_weight": 3.8804513352886234, "log10_subsample": -0.9849409352682681, "max_depth": 6.0, "num_boost_round": 1.0}, "datetime": {"datetime": "2024-01-19 00:42:24", "elapsed": 1852.977246, "delta": 0.003074}}
{"target": -13.758522510797318, "params": {"gamma": 40.41466133341276, "log10_alpha": -0.6049158360668851, "log10_colsample_bytree": -0.5817088177985172, "log10_eta": -2.9614512960370516, "log10_lambda": -3.9017677643675794, "log10_min_child_weight": 3.8804513352886234, "log10_subsample": -0.9849409352682681, "max_depth": 6.0, "num_boost_round": 2.0}, "datetime": {"datetime": "2024-01-19 00:42:24", "elapsed": 1852.979509, "delta": 0.002263}}
{"target": -13.758516735539565, "params": {"gamma": 40.41466133341276, "log10_alpha": -0.6049158360668851, "log10_colsample_bytree": -0.5817088177985172, "log10_eta": -2.9614512960370516, "log10_lambda": -3.9017677643675794, "log10_min_child_weight": 3.8804513352886234, "log10_subsample": -0.9849409352682681, "max_depth": 6.0, "num_boost_round": 3.0}, "datetime": {"datetime": "2024-01-19 00:42:24", "elapsed": 1852.981471, "delta": 0.001962}}
{"target": -13.758517318387545, "params": {"gamma": 40.41466133341276, "log10_alpha": -0.6049158360668851, "log10_colsample_bytree": -0.5817088177985172, "log10_eta": -2.9614512960370516, "log10_lambda": -3.9017677643675794, "log10_min_child_weight": 3.8804513352886234, "log10_subsample": -0.9849409352682681, "max_depth": 6.0, "num_boost_round": 4.0}, "datetime": {"datetime": "2024-01-19 00:42:24", "elapsed": 1852.983452, "delta": 0.001981}}
{"target": -13.758505554374441, "params": {"gamma": 40.41466133341276, "log10_alpha": -0.6049158360668851, "log10_colsample_bytree": -0.5817088177985172, "log10_eta": -2.9614512960370516, "log10_lambda": -3.9017677643675794, "log10_min_child_weight": 3.8804513352886234, "log10_subsample": -0.9849409352682681, "max_depth": 6.0, "num_boost_round": 5.0}, "datetime": {"datetime": "2024-01-19 00:42:24", "elapsed": 1852.985422, "delta": 0.00197}}
{"target": -13.758511754534437, "params": {"gamma": 40.41466133341276, "log10_alpha": -0.6049158360668851, "log10_colsample_bytree": -0.5817088177985172, "log10_eta": -2.9614512960370516, "log10_lambda": -3.9017677643675794, "log10_min_child_weight": 3.8804513352886234, "log10_subsample": -0.9849409352682681, "max_depth": 6.0, "num_boost_round": 6.0}, "datetime": {"datetime": "2024-01-19 00:42:24", "elapsed": 1852.987377, "delta": 0.001955}}
{"target": -13.758503312194408, "params": {"gamma": 40.41466133341276, "log10_alpha": -0.6049158360668851, "log10_colsample_bytree": -0.5817088177985172, "log10_eta": -2.9614512960370516, "log10_lambda": -3.9017677643675794, "log10_min_child_weight": 3.8804513352886234, "log10_subsample": -0.9849409352682681, "max_depth": 6.0, "num_boost_round": 7.0}, "datetime": {"datetime": "2024-01-19 00:42:24", "elapsed": 1852.989505, "delta": 0.002128}}
{"target": -13.758498707256422, "params": {"gamma": 40.41466133341276, "log10_alpha": -0.6049158360668851, "log10_colsample_bytree": -0.5817088177985172, "log10_eta": -2.9614512960370516, "log10_lambda": -3.9017677643675794, "log10_min_child_weight": 3.8804513352886234, "log10_subsample": -0.9849409352682681, "max_depth": 6.0, "num_boost_round": 8.0}, "datetime": {"datetime": "2024-01-19 00:42:24", "elapsed": 1852.991591, "delta": 0.002086}}
{"target": -13.758498230064276, "params": {"gamma": 40.41466133341276, "log10_alpha": -0.6049158360668851, "log10_colsample_bytree": -0.5817088177985172, "log10_eta": -2.9614512960370516, "log10_lambda": -3.9017677643675794, "log10_min_child_weight": 3.8804513352886234, "log10_subsample": -0.9849409352682681, "max_depth": 6.0, "num_boost_round": 9.0}, "datetime": {"datetime": "2024-01-19 00:42:24", "elapsed": 1852.993659, "delta": 0.002068}}
{"target": -13.758490106601593, "params": {"gamma": 40.41466133341276, "log10_alpha": -0.6049158360668851, "log10_colsample_bytree": -0.5817088177985172, "log10_eta": -2.9614512960370516, "log10_lambda": -3.9017677643675794, "log10_min_child_weight": 3.8804513352886234, "log10_subsample": -0.9849409352682681, "max_depth": 6.0, "num_boost_round": 10.0}, "datetime": {"datetime": "2024-01-19 00:42:24", "elapsed": 1852.995681, "delta": 0.002022}}
{"target": -13.758489504207102, "params": {"gamma": 40.41466133341276, "log10_alpha": -0.6049158360668851, "log10_colsample_bytree": -0.5817088177985172, "log10_eta": -2.9614512960370516, "log10_lambda": -3.9017677643675794, "log10_min_child_weight": 3.8804513352886234, "log10_subsample": -0.9849409352682681, "max_depth": 6.0, "num_boost_round": 11.0}, "datetime": {"datetime": "2024-01-19 00:42:24", "elapsed": 1852.997758, "delta": 0.002077}}
{"target": -13.758489334330937, "params": {"gamma": 40.41466133341276, "log10_alpha": -0.6049158360668851, "log10_colsample_bytree": -0.5817088177985172, "log10_eta": -2.9614512960370516, "log10_lambda": -3.9017677643675794, "log10_min_child_weight": 3.8804513352886234, "log10_subsample": -0.9849409352682681, "max_depth": 6.0, "num_boost_round": 12.0}, "datetime": {"datetime": "2024-01-19 00:42:24", "elapsed": 1852.99975, "delta": 0.001992}}
{"target": -13.758492958044155, "params": {"gamma": 40.41466133341276, "log10_alpha": -0.6049158360668851, "log10_colsample_bytree": -0.5817088177985172, "log10_eta": -2.9614512960370516, "log10_lambda": -3.9017677643675794, "log10_min_child_weight": 3.8804513352886234, "log10_subsample": -0.9849409352682681, "max_depth": 6.0, "num_boost_round": 13.0}, "datetime": {"datetime": "2024-01-19 00:42:24", "elapsed": 1853.001715, "delta": 0.001965}}
{"target": -13.758490352967781, "params": {"gamma": 40.41466133341276, "log10_alpha": -0.6049158360668851, "log10_colsample_bytree": -0.5817088177985172, "log10_eta": -2.9614512960370516, "log10_lambda": -3.9017677643675794, "log10_min_child_weight": 3.8804513352886234, "log10_subsample": -0.9849409352682681, "max_depth": 6.0, "num_boost_round": 14.0}, "datetime": {"datetime": "2024-01-19 00:42:24", "elapsed": 1853.003669, "delta": 0.001954}}
{"target": -13.758474212347801, "params": {"gamma": 40.41466133341276, "log10_alpha": -0.6049158360668851, "log10_colsample_bytree": -0.5817088177985172, "log10_eta": -2.9614512960370516, "log10_lambda": -3.9017677643675794, "log10_min_child_weight": 3.8804513352886234, "log10_subsample": -0.9849409352682681, "max_depth": 6.0, "num_boost_round": 15.0}, "datetime": {"datetime": "2024-01-19 00:42:24", "elapsed": 1853.005641, "delta": 0.001972}}
{"target": -13.758463241059127, "params": {"gamma": 40.41466133341276, "log10_alpha": -0.6049158360668851, "log10_colsample_bytree": -0.5817088177985172, "log10_eta": -2.9614512960370516, "log10_lambda": -3.9017677643675794, "log10_min_child_weight": 3.8804513352886234, "log10_subsample": -0.9849409352682681, "max_depth": 6.0, "num_boost_round": 16.0}, "datetime": {"datetime": "2024-01-19 00:42:24", "elapsed": 1853.0076, "delta": 0.001959}}
{"target": -13.758452066202056, "params": {"gamma": 41.26174711917629, "log10_alpha": -4.281632045250561, "log10_colsample_bytree": -0.3538804363176934, "log10_eta": -1.9021449653512947, "log10_lambda": 0.7379639192589398, "log10_min_child_weight": 4.296005751680919, "log10_subsample": -0.8862888617572702, "max_depth": 6.0, "num_boost_round": 0.0}, "datetime": {"datetime": "2024-01-19 00:42:49", "elapsed": 1877.593909, "delta": 24.586309}}
{"target": -13.758413101628685, "params": {"gamma": 41.26174711917629, "log10_alpha": -4.281632045250561, "log10_colsample_bytree": -0.3538804363176934, "log10_eta": -1.9021449653512947, "log10_lambda": 0.7379639192589398, "log10_min_child_weight": 4.296005751680919, "log10_subsample": -0.8862888617572702, "max_depth": 6.0, "num_boost_round": 1.0}, "datetime": {"datetime": "2024-01-19 00:42:49", "elapsed": 1877.596469, "delta": 0.00256}}
{"target": -13.758426519126177, "params": {"gamma": 41.26174711917629, "log10_alpha": -4.281632045250561, "log10_colsample_bytree": -0.3538804363176934, "log10_eta": -1.9021449653512947, "log10_lambda": 0.7379639192589398, "log10_min_child_weight": 4.296005751680919, "log10_subsample": -0.8862888617572702, "max_depth": 6.0, "num_boost_round": 2.0}, "datetime": {"datetime": "2024-01-19 00:42:49", "elapsed": 1877.598579, "delta": 0.00211}}
{"target": -13.758442040456165, "params": {"gamma": 41.26174711917629, "log10_alpha": -4.281632045250561, "log10_colsample_bytree": -0.3538804363176934, "log10_eta": -1.9021449653512947, "log10_lambda": 0.7379639192589398, "log10_min_child_weight": 4.296005751680919, "log10_subsample": -0.8862888617572702, "max_depth": 6.0, "num_boost_round": 3.0}, "datetime": {"datetime": "2024-01-19 00:42:49", "elapsed": 1877.600734, "delta": 0.002155}}
{"target": -13.758431722485323, "params": {"gamma": 41.26174711917629, "log10_alpha": -4.281632045250561, "log10_colsample_bytree": -0.3538804363176934, "log10_eta": -1.9021449653512947, "log10_lambda": 0.7379639192589398, "log10_min_child_weight": 4.296005751680919, "log10_subsample": -0.8862888617572702, "max_depth": 6.0, "num_boost_round": 4.0}, "datetime": {"datetime": "2024-01-19 00:42:49", "elapsed": 1877.602818, "delta": 0.002084}}
{"target": -13.758402620975922, "params": {"gamma": 41.26174711917629, "log10_alpha": -4.281632045250561, "log10_colsample_bytree": -0.3538804363176934, "log10_eta": -1.9021449653512947, "log10_lambda": 0.7379639192589398, "log10_min_child_weight": 4.296005751680919, "log10_subsample": -0.8862888617572702, "max_depth": 6.0, "num_boost_round": 5.0}, "datetime": {"datetime": "2024-01-19 00:42:49", "elapsed": 1877.604788, "delta": 0.00197}}
{"target": -13.75838962245783, "params": {"gamma": 41.26174711917629, "log10_alpha": -4.281632045250561, "log10_colsample_bytree": -0.3538804363176934, "log10_eta": -1.9021449653512947, "log10_lambda": 0.7379639192589398, "log10_min_child_weight": 4.296005751680919, "log10_subsample": -0.8862888617572702, "max_depth": 6.0, "num_boost_round": 6.0}, "datetime": {"datetime": "2024-01-19 00:42:49", "elapsed": 1877.606761, "delta": 0.001973}}
{"target": -13.758427140680514, "params": {"gamma": 41.26174711917629, "log10_alpha": -4.281632045250561, "log10_colsample_bytree": -0.3538804363176934, "log10_eta": -1.9021449653512947, "log10_lambda": 0.7379639192589398, "log10_min_child_weight": 4.296005751680919, "log10_subsample": -0.8862888617572702, "max_depth": 6.0, "num_boost_round": 7.0}, "datetime": {"datetime": "2024-01-19 00:42:49", "elapsed": 1877.608849, "delta": 0.002088}}
{"target": -13.758437931832201, "params": {"gamma": 41.26174711917629, "log10_alpha": -4.281632045250561, "log10_colsample_bytree": -0.3538804363176934, "log10_eta": -1.9021449653512947, "log10_lambda": 0.7379639192589398, "log10_min_child_weight": 4.296005751680919, "log10_subsample": -0.8862888617572702, "max_depth": 6.0, "num_boost_round": 8.0}, "datetime": {"datetime": "2024-01-19 00:42:49", "elapsed": 1877.6108, "delta": 0.001951}}
{"target": -13.758444164789271, "params": {"gamma": 41.26174711917629, "log10_alpha": -4.281632045250561, "log10_colsample_bytree": -0.3538804363176934, "log10_eta": -1.9021449653512947, "log10_lambda": 0.7379639192589398, "log10_min_child_weight": 4.296005751680919, "log10_subsample": -0.8862888617572702, "max_depth": 6.0, "num_boost_round": 9.0}, "datetime": {"datetime": "2024-01-19 00:42:49", "elapsed": 1877.612751, "delta": 0.001951}}
{"target": -13.75840644243621, "params": {"gamma": 41.26174711917629, "log10_alpha": -4.281632045250561, "log10_colsample_bytree": -0.3538804363176934, "log10_eta": -1.9021449653512947, "log10_lambda": 0.7379639192589398, "log10_min_child_weight": 4.296005751680919, "log10_subsample": -0.8862888617572702, "max_depth": 6.0, "num_boost_round": 10.0}, "datetime": {"datetime": "2024-01-19 00:42:49", "elapsed": 1877.614707, "delta": 0.001956}}
{"target": -13.758377939834606, "params": {"gamma": 41.26174711917629, "log10_alpha": -4.281632045250561, "log10_colsample_bytree": -0.3538804363176934, "log10_eta": -1.9021449653512947, "log10_lambda": 0.7379639192589398, "log10_min_child_weight": 4.296005751680919, "log10_subsample": -0.8862888617572702, "max_depth": 6.0, "num_boost_round": 11.0}, "datetime": {"datetime": "2024-01-19 00:42:49", "elapsed": 1877.616733, "delta": 0.002026}}
{"target": -13.758478700550492, "params": {"gamma": 41.26174711917629, "log10_alpha": -4.281632045250561, "log10_colsample_bytree": -0.3538804363176934, "log10_eta": -1.9021449653512947, "log10_lambda": 0.7379639192589398, "log10_min_child_weight": 4.296005751680919, "log10_subsample": -0.8862888617572702, "max_depth": 6.0, "num_boost_round": 12.0}, "datetime": {"datetime": "2024-01-19 00:42:49", "elapsed": 1877.6187, "delta": 0.001967}}
{"target": -13.758510299329298, "params": {"gamma": 41.26174711917629, "log10_alpha": -4.281632045250561, "log10_colsample_bytree": -0.3538804363176934, "log10_eta": -1.9021449653512947, "log10_lambda": 0.7379639192589398, "log10_min_child_weight": 4.296005751680919, "log10_subsample": -0.8862888617572702, "max_depth": 6.0, "num_boost_round": 13.0}, "datetime": {"datetime": "2024-01-19 00:42:49", "elapsed": 1877.620682, "delta": 0.001982}}
{"target": -13.758477429030911, "params": {"gamma": 41.26174711917629, "log10_alpha": -4.281632045250561, "log10_colsample_bytree": -0.3538804363176934, "log10_eta": -1.9021449653512947, "log10_lambda": 0.7379639192589398, "log10_min_child_weight": 4.296005751680919, "log10_subsample": -0.8862888617572702, "max_depth": 6.0, "num_boost_round": 14.0}, "datetime": {"datetime": "2024-01-19 00:42:49", "elapsed": 1877.622637, "delta": 0.001955}}
{"target": -13.75853067961041, "params": {"gamma": 3.0748452981924634, "log10_alpha": -0.46201449667735695, "log10_colsample_bytree": -0.6063882762329305, "log10_eta": -3.2735596977810535, "log10_lambda": -3.563092166120115, "log10_min_child_weight": 0.6203900028453668, "log10_subsample": -0.394883099379717, "max_depth": 6.0, "num_boost_round": 0.0}, "datetime": {"datetime": "2024-01-19 00:43:12", "elapsed": 1900.818517, "delta": 23.19588}}
{"target": -13.758476065161094, "params": {"gamma": 3.0748452981924634, "log10_alpha": -0.46201449667735695, "log10_colsample_bytree": -0.6063882762329305, "log10_eta": -3.2735596977810535, "log10_lambda": -3.563092166120115, "log10_min_child_weight": 0.6203900028453668, "log10_subsample": -0.394883099379717, "max_depth": 6.0, "num_boost_round": 1.0}, "datetime": {"datetime": "2024-01-19 00:43:12", "elapsed": 1900.821021, "delta": 0.002504}}
{"target": -13.75846154447993, "params": {"gamma": 3.0748452981924634, "log10_alpha": -0.46201449667735695, "log10_colsample_bytree": -0.6063882762329305, "log10_eta": -3.2735596977810535, "log10_lambda": -3.563092166120115, "log10_min_child_weight": 0.6203900028453668, "log10_subsample": -0.394883099379717, "max_depth": 6.0, "num_boost_round": 2.0}, "datetime": {"datetime": "2024-01-19 00:43:12", "elapsed": 1900.82319, "delta": 0.002169}}
{"target": -13.758426626075899, "params": {"gamma": 3.0748452981924634, "log10_alpha": -0.46201449667735695, "log10_colsample_bytree": -0.6063882762329305, "log10_eta": -3.2735596977810535, "log10_lambda": -3.563092166120115, "log10_min_child_weight": 0.6203900028453668, "log10_subsample": -0.394883099379717, "max_depth": 6.0, "num_boost_round": 3.0}, "datetime": {"datetime": "2024-01-19 00:43:12", "elapsed": 1900.825377, "delta": 0.002187}}
{"target": -13.758417699021015, "params": {"gamma": 3.0748452981924634, "log10_alpha": -0.46201449667735695, "log10_colsample_bytree": -0.6063882762329305, "log10_eta": -3.2735596977810535, "log10_lambda": -3.563092166120115, "log10_min_child_weight": 0.6203900028453668, "log10_subsample": -0.394883099379717, "max_depth": 6.0, "num_boost_round": 4.0}, "datetime": {"datetime": "2024-01-19 00:43:12", "elapsed": 1900.827503, "delta": 0.002126}}
{"target": -13.758410811469265, "params": {"gamma": 3.0748452981924634, "log10_alpha": -0.46201449667735695, "log10_colsample_bytree": -0.6063882762329305, "log10_eta": -3.2735596977810535, "log10_lambda": -3.563092166120115, "log10_min_child_weight": 0.6203900028453668, "log10_subsample": -0.394883099379717, "max_depth": 6.0, "num_boost_round": 5.0}, "datetime": {"datetime": "2024-01-19 00:43:12", "elapsed": 1900.829622, "delta": 0.002119}}
{"target": -13.75841314564123, "params": {"gamma": 3.0748452981924634, "log10_alpha": -0.46201449667735695, "log10_colsample_bytree": -0.6063882762329305, "log10_eta": -3.2735596977810535, "log10_lambda": -3.563092166120115, "log10_min_child_weight": 0.6203900028453668, "log10_subsample": -0.394883099379717, "max_depth": 6.0, "num_boost_round": 6.0}, "datetime": {"datetime": "2024-01-19 00:43:12", "elapsed": 1900.831616, "delta": 0.001994}}
{"target": -13.758403940323783, "params": {"gamma": 3.0748452981924634, "log10_alpha": -0.46201449667735695, "log10_colsample_bytree": -0.6063882762329305, "log10_eta": -3.2735596977810535, "log10_lambda": -3.563092166120115, "log10_min_child_weight": 0.6203900028453668, "log10_subsample": -0.394883099379717, "max_depth": 6.0, "num_boost_round": 7.0}, "datetime": {"datetime": "2024-01-19 00:43:12", "elapsed": 1900.833617, "delta": 0.002001}}
{"target": -13.758382690890052, "params": {"gamma": 3.0748452981924634, "log10_alpha": -0.46201449667735695, "log10_colsample_bytree": -0.6063882762329305, "log10_eta": -3.2735596977810535, "log10_lambda": -3.563092166120115, "log10_min_child_weight": 0.6203900028453668, "log10_subsample": -0.394883099379717, "max_depth": 6.0, "num_boost_round": 8.0}, "datetime": {"datetime": "2024-01-19 00:43:12", "elapsed": 1900.83566, "delta": 0.002043}}
{"target": -13.758376004881717, "params": {"gamma": 3.0748452981924634, "log10_alpha": -0.46201449667735695, "log10_colsample_bytree": -0.6063882762329305, "log10_eta": -3.2735596977810535, "log10_lambda": -3.563092166120115, "log10_min_child_weight": 0.6203900028453668, "log10_subsample": -0.394883099379717, "max_depth": 6.0, "num_boost_round": 9.0}, "datetime": {"datetime": "2024-01-19 00:43:12", "elapsed": 1900.837674, "delta": 0.002014}}
{"target": -13.758297957757037, "params": {"gamma": 22.832618466846142, "log10_alpha": -3.889931801904555, "log10_colsample_bytree": -0.4165360152951868, "log10_eta": -2.466708235310813, "log10_lambda": 0.6498824182334193, "log10_min_child_weight": 1.6884659256142514, "log10_subsample": -0.43086613100135507, "max_depth": 9.0, "num_boost_round": 0.0}, "datetime": {"datetime": "2024-01-19 00:43:40", "elapsed": 1928.337614, "delta": 27.49994}}
{"target": -13.758128146420493, "params": {"gamma": 22.832618466846142, "log10_alpha": -3.889931801904555, "log10_colsample_bytree": -0.4165360152951868, "log10_eta": -2.466708235310813, "log10_lambda": 0.6498824182334193, "log10_min_child_weight": 1.6884659256142514, "log10_subsample": -0.43086613100135507, "max_depth": 9.0, "num_boost_round": 1.0}, "datetime": {"datetime": "2024-01-19 00:43:40", "elapsed": 1928.340105, "delta": 0.002491}}
{"target": -13.758172899523199, "params": {"gamma": 22.832618466846142, "log10_alpha": -3.889931801904555, "log10_colsample_bytree": -0.4165360152951868, "log10_eta": -2.466708235310813, "log10_lambda": 0.6498824182334193, "log10_min_child_weight": 1.6884659256142514, "log10_subsample": -0.43086613100135507, "max_depth": 9.0, "num_boost_round": 2.0}, "datetime": {"datetime": "2024-01-19 00:43:40", "elapsed": 1928.342266, "delta": 0.002161}}
{"target": -13.758000249317423, "params": {"gamma": 22.832618466846142, "log10_alpha": -3.889931801904555, "log10_colsample_bytree": -0.4165360152951868, "log10_eta": -2.466708235310813, "log10_lambda": 0.6498824182334193, "log10_min_child_weight": 1.6884659256142514, "log10_subsample": -0.43086613100135507, "max_depth": 9.0, "num_boost_round": 3.0}, "datetime": {"datetime": "2024-01-19 00:43:40", "elapsed": 1928.344329, "delta": 0.002063}}
{"target": -13.75785034277655, "params": {"gamma": 22.832618466846142, "log10_alpha": -3.889931801904555, "log10_colsample_bytree": -0.4165360152951868, "log10_eta": -2.466708235310813, "log10_lambda": 0.6498824182334193, "log10_min_child_weight": 1.6884659256142514, "log10_subsample": -0.43086613100135507, "max_depth": 9.0, "num_boost_round": 4.0}, "datetime": {"datetime": "2024-01-19 00:43:40", "elapsed": 1928.346337, "delta": 0.002008}}
