{"target": -17.766219747526556, "params": {"gamma": 41.4905706025011, "log10_alpha": -5.0, "log10_colsample_bytree": -1.0, "log10_eta": 0.0, "log10_lambda": -2.831538790068588, "log10_min_child_weight": 0.0, "log10_subsample": -0.3009378191569274, "max_depth": 2.0, "num_boost_round": 3.0}, "datetime": {"datetime": "2024-01-19 01:35:48", "elapsed": 5056.046017, "delta": 0.006173}}
{"target": -17.793394391272937, "params": {"gamma": 41.4905706025011, "log10_alpha": -5.0, "log10_colsample_bytree": -1.0, "log10_eta": 0.0, "log10_lambda": -2.831538790068588, "log10_min_child_weight": 0.0, "log10_subsample": -0.3009378191569274, "max_depth": 2.0, "num_boost_round": 4.0}, "datetime": {"datetime": "2024-01-19 01:35:48", "elapsed": 5056.180045, "delta": 0.134028}}
{"target": -17.807516472076532, "params": {"gamma": 41.4905706025011, "log10_alpha": -5.0, "log10_colsample_bytree": -1.0, "log10_eta": 0.0, "log10_lambda": -2.831538790068588, "log10_min_child_weight": 0.0, "log10_subsample": -0.3009378191569274, "max_depth": 2.0, "num_boost_round": 5.0}, "datetime": {"datetime": "2024-01-19 01:35:48", "elapsed": 5056.186865, "delta": 0.00682}}
{"target": -17.83489602827792, "params": {"gamma": 41.4905706025011, "log10_alpha": -5.0, "log10_colsample_bytree": -1.0, "log10_eta": 0.0, "log10_lambda": -2.831538790068588, "log10_min_child_weight": 0.0, "log10_subsample": -0.3009378191569274, "max_depth": 2.0, "num_boost_round": 6.0}, "datetime": {"datetime": "2024-01-19 01:35:48", "elapsed": 5056.193116, "delta": 0.006251}}
{"target": -17.845717293340364, "params": {"gamma": 41.4905706025011, "log10_alpha": -5.0, "log10_colsample_bytree": -1.0, "log10_eta": 0.0, "log10_lambda": -2.831538790068588, "log10_min_child_weight": 0.0, "log10_subsample": -0.3009378191569274, "max_depth": 2.0, "num_boost_round": 7.0}, "datetime": {"datetime": "2024-01-19 01:35:48", "elapsed": 5056.19936, "delta": 0.006244}}
{"target": -17.902526194809266, "params": {"gamma": 41.4905706025011, "log10_alpha": -5.0, "log10_colsample_bytree": -1.0, "log10_eta": 0.0, "log10_lambda": -2.831538790068588, "log10_min_child_weight": 0.0, "log10_subsample": -0.3009378191569274, "max_depth": 2.0, "num_boost_round": 8.0}, "datetime": {"datetime": "2024-01-19 01:35:48", "elapsed": 5056.205718, "delta": 0.006358}}
{"target": -17.907618772562813, "params": {"gamma": 41.4905706025011, "log10_alpha": -5.0, "log10_colsample_bytree": -1.0, "log10_eta": 0.0, "log10_lambda": -2.831538790068588, "log10_min_child_weight": 0.0, "log10_subsample": -0.3009378191569274, "max_depth": 2.0, "num_boost_round": 9.0}, "datetime": {"datetime": "2024-01-19 01:35:48", "elapsed": 5056.212148, "delta": 0.00643}}
{"target": -18.344319057471424, "params": {"gamma": 41.4905706025011, "log10_alpha": -5.0, "log10_colsample_bytree": -1.0, "log10_eta": 0.0, "log10_lambda": -2.831538790068588, "log10_min_child_weight": 0.0, "log10_subsample": -0.3009378191569274, "max_depth": 2.0, "num_boost_round": 10.0}, "datetime": {"datetime": "2024-01-19 01:35:48", "elapsed": 5056.218354, "delta": 0.006206}}
{"target": -17.677044130219354, "params": {"gamma": 89.39282485484313, "log10_alpha": 0.7268439348344664, "log10_colsample_bytree": -0.1825804799849139, "log10_eta": -2.1370101211295904, "log10_lambda": 0.628711983169417, "log10_min_child_weight": 3.7441329261811673, "log10_subsample": -0.07574613807614416, "max_depth": 2.0, "num_boost_round": 0.0}, "datetime": {"datetime": "2024-01-19 01:37:14", "elapsed": 5141.908485, "delta": 85.690131}}
{"target": -17.67688455327192, "params": {"gamma": 89.39282485484313, "log10_alpha": 0.7268439348344664, "log10_colsample_bytree": -0.1825804799849139, "log10_eta": -2.1370101211295904, "log10_lambda": 0.628711983169417, "log10_min_child_weight": 3.7441329261811673, "log10_subsample": -0.07574613807614416, "max_depth": 2.0, "num_boost_round": 1.0}, "datetime": {"datetime": "2024-01-19 01:37:14", "elapsed": 5141.915, "delta": 0.006515}}
{"target": -17.676711069582716, "params": {"gamma": 89.39282485484313, "log10_alpha": 0.7268439348344664, "log10_colsample_bytree": -0.1825804799849139, "log10_eta": -2.1370101211295904, "log10_lambda": 0.628711983169417, "log10_min_child_weight": 3.7441329261811673, "log10_subsample": -0.07574613807614416, "max_depth": 2.0, "num_boost_round": 2.0}, "datetime": {"datetime": "2024-01-19 01:37:14", "elapsed": 5141.920883, "delta": 0.005883}}
{"target": -17.67662581579577, "params": {"gamma": 89.39282485484313, "log10_alpha": 0.7268439348344664, "log10_colsample_bytree": -0.1825804799849139, "log10_eta": -2.1370101211295904, "log10_lambda": 0.628711983169417, "log10_min_child_weight": 3.7441329261811673, "log10_subsample": -0.07574613807614416, "max_depth": 2.0, "num_boost_round": 3.0}, "datetime": {"datetime": "2024-01-19 01:37:14", "elapsed": 5141.926646, "delta": 0.005763}}
{"target": -17.67649502459145, "params": {"gamma": 89.39282485484313, "log10_alpha": 0.7268439348344664, "log10_colsample_bytree": -0.1825804799849139, "log10_eta": -2.1370101211295904, "log10_lambda": 0.628711983169417, "log10_min_child_weight": 3.7441329261811673, "log10_subsample": -0.07574613807614416, "max_depth": 2.0, "num_boost_round": 4.0}, "datetime": {"datetime": "2024-01-19 01:37:14", "elapsed": 5141.932921, "delta": 0.006275}}
{"target": -17.67633078928423, "params": {"gamma": 89.39282485484313, "log10_alpha": 0.7268439348344664, "log10_colsample_bytree": -0.1825804799849139, "log10_eta": -2.1370101211295904, "log10_lambda": 0.628711983169417, "log10_min_child_weight": 3.7441329261811673, "log10_subsample": -0.07574613807614416, "max_depth": 2.0, "num_boost_round": 5.0}, "datetime": {"datetime": "2024-01-19 01:37:14", "elapsed": 5141.938589, "delta": 0.005668}}
{"target": -17.676270159163323, "params": {"gamma": 89.39282485484313, "log10_alpha": 0.7268439348344664, "log10_colsample_bytree": -0.1825804799849139, "log10_eta": -2.1370101211295904, "log10_lambda": 0.628711983169417, "log10_min_child_weight": 3.7441329261811673, "log10_subsample": -0.07574613807614416, "max_depth": 2.0, "num_boost_round": 6.0}, "datetime": {"datetime": "2024-01-19 01:37:14", "elapsed": 5141.94422, "delta": 0.005631}}
{"target": -17.67613454177838, "params": {"gamma": 89.39282485484313, "log10_alpha": 0.7268439348344664, "log10_colsample_bytree": -0.1825804799849139, "log10_eta": -2.1370101211295904, "log10_lambda": 0.628711983169417, "log10_min_child_weight": 3.7441329261811673, "log10_subsample": -0.07574613807614416, "max_depth": 2.0, "num_boost_round": 7.0}, "datetime": {"datetime": "2024-01-19 01:37:14", "elapsed": 5141.94997, "delta": 0.00575}}
{"target": -17.67602931721279, "params": {"gamma": 89.39282485484313, "log10_alpha": 0.7268439348344664, "log10_colsample_bytree": -0.1825804799849139, "log10_eta": -2.1370101211295904, "log10_lambda": 0.628711983169417, "log10_min_child_weight": 3.7441329261811673, "log10_subsample": -0.07574613807614416, "max_depth": 2.0, "num_boost_round": 8.0}, "datetime": {"datetime": "2024-01-19 01:37:14", "elapsed": 5141.955654, "delta": 0.005684}}
{"target": -17.675881043665388, "params": {"gamma": 89.39282485484313, "log10_alpha": 0.7268439348344664, "log10_colsample_bytree": -0.1825804799849139, "log10_eta": -2.1370101211295904, "log10_lambda": 0.628711983169417, "log10_min_child_weight": 3.7441329261811673, "log10_subsample": -0.07574613807614416, "max_depth": 2.0, "num_boost_round": 9.0}, "datetime": {"datetime": "2024-01-19 01:37:14", "elapsed": 5141.961544, "delta": 0.00589}}
{"target": -17.67577120499806, "params": {"gamma": 89.39282485484313, "log10_alpha": 0.7268439348344664, "log10_colsample_bytree": -0.1825804799849139, "log10_eta": -2.1370101211295904, "log10_lambda": 0.628711983169417, "log10_min_child_weight": 3.7441329261811673, "log10_subsample": -0.07574613807614416, "max_depth": 2.0, "num_boost_round": 10.0}, "datetime": {"datetime": "2024-01-19 01:37:14", "elapsed": 5141.967484, "delta": 0.00594}}
{"target": -17.67562258634498, "params": {"gamma": 89.39282485484313, "log10_alpha": 0.7268439348344664, "log10_colsample_bytree": -0.1825804799849139, "log10_eta": -2.1370101211295904, "log10_lambda": 0.628711983169417, "log10_min_child_weight": 3.7441329261811673, "log10_subsample": -0.07574613807614416, "max_depth": 2.0, "num_boost_round": 11.0}, "datetime": {"datetime": "2024-01-19 01:37:14", "elapsed": 5141.973195, "delta": 0.005711}}
{"target": -17.675525060362695, "params": {"gamma": 89.39282485484313, "log10_alpha": 0.7268439348344664, "log10_colsample_bytree": -0.1825804799849139, "log10_eta": -2.1370101211295904, "log10_lambda": 0.628711983169417, "log10_min_child_weight": 3.7441329261811673, "log10_subsample": -0.07574613807614416, "max_depth": 2.0, "num_boost_round": 12.0}, "datetime": {"datetime": "2024-01-19 01:37:14", "elapsed": 5141.979432, "delta": 0.006237}}
{"target": -17.675427880418045, "params": {"gamma": 89.39282485484313, "log10_alpha": 0.7268439348344664, "log10_colsample_bytree": -0.1825804799849139, "log10_eta": -2.1370101211295904, "log10_lambda": 0.628711983169417, "log10_min_child_weight": 3.7441329261811673, "log10_subsample": -0.07574613807614416, "max_depth": 2.0, "num_boost_round": 13.0}, "datetime": {"datetime": "2024-01-19 01:37:14", "elapsed": 5141.98654, "delta": 0.007108}}
{"target": -17.675314183869745, "params": {"gamma": 89.39282485484313, "log10_alpha": 0.7268439348344664, "log10_colsample_bytree": -0.1825804799849139, "log10_eta": -2.1370101211295904, "log10_lambda": 0.628711983169417, "log10_min_child_weight": 3.7441329261811673, "log10_subsample": -0.07574613807614416, "max_depth": 2.0, "num_boost_round": 14.0}, "datetime": {"datetime": "2024-01-19 01:37:14", "elapsed": 5141.992633, "delta": 0.006093}}
{"target": -17.675177237345054, "params": {"gamma": 89.39282485484313, "log10_alpha": 0.7268439348344664, "log10_colsample_bytree": -0.1825804799849139, "log10_eta": -2.1370101211295904, "log10_lambda": 0.628711983169417, "log10_min_child_weight": 3.7441329261811673, "log10_subsample": -0.07574613807614416, "max_depth": 2.0, "num_boost_round": 15.0}, "datetime": {"datetime": "2024-01-19 01:37:14", "elapsed": 5141.998446, "delta": 0.005813}}
{"target": -17.67506434735924, "params": {"gamma": 89.39282485484313, "log10_alpha": 0.7268439348344664, "log10_colsample_bytree": -0.1825804799849139, "log10_eta": -2.1370101211295904, "log10_lambda": 0.628711983169417, "log10_min_child_weight": 3.7441329261811673, "log10_subsample": -0.07574613807614416, "max_depth": 2.0, "num_boost_round": 16.0}, "datetime": {"datetime": "2024-01-19 01:37:14", "elapsed": 5142.004407, "delta": 0.005961}}
{"target": -17.675042609669315, "params": {"gamma": 89.39282485484313, "log10_alpha": 0.7268439348344664, "log10_colsample_bytree": -0.1825804799849139, "log10_eta": -2.1370101211295904, "log10_lambda": 0.628711983169417, "log10_min_child_weight": 3.7441329261811673, "log10_subsample": -0.07574613807614416, "max_depth": 2.0, "num_boost_round": 17.0}, "datetime": {"datetime": "2024-01-19 01:37:14", "elapsed": 5142.010078, "delta": 0.005671}}
{"target": -17.67500816966959, "params": {"gamma": 89.39282485484313, "log10_alpha": 0.7268439348344664, "log10_colsample_bytree": -0.1825804799849139, "log10_eta": -2.1370101211295904, "log10_lambda": 0.628711983169417, "log10_min_child_weight": 3.7441329261811673, "log10_subsample": -0.07574613807614416, "max_depth": 2.0, "num_boost_round": 18.0}, "datetime": {"datetime": "2024-01-19 01:37:14", "elapsed": 5142.015795, "delta": 0.005717}}
{"target": -17.67498340929649, "params": {"gamma": 89.39282485484313, "log10_alpha": 0.7268439348344664, "log10_colsample_bytree": -0.1825804799849139, "log10_eta": -2.1370101211295904, "log10_lambda": 0.628711983169417, "log10_min_child_weight": 3.7441329261811673, "log10_subsample": -0.07574613807614416, "max_depth": 2.0, "num_boost_round": 19.0}, "datetime": {"datetime": "2024-01-19 01:37:14", "elapsed": 5142.021547, "delta": 0.005752}}
{"target": -17.67485753205828, "params": {"gamma": 89.39282485484313, "log10_alpha": 0.7268439348344664, "log10_colsample_bytree": -0.1825804799849139, "log10_eta": -2.1370101211295904, "log10_lambda": 0.628711983169417, "log10_min_child_weight": 3.7441329261811673, "log10_subsample": -0.07574613807614416, "max_depth": 2.0, "num_boost_round": 20.0}, "datetime": {"datetime": "2024-01-19 01:37:14", "elapsed": 5142.027294, "delta": 0.005747}}
{"target": -17.674781076942484, "params": {"gamma": 89.39282485484313, "log10_alpha": 0.7268439348344664, "log10_colsample_bytree": -0.1825804799849139, "log10_eta": -2.1370101211295904, "log10_lambda": 0.628711983169417, "log10_min_child_weight": 3.7441329261811673, "log10_subsample": -0.07574613807614416, "max_depth": 2.0, "num_boost_round": 21.0}, "datetime": {"datetime": "2024-01-19 01:37:14", "elapsed": 5142.033027, "delta": 0.005733}}
{"target": -17.674677085814324, "params": {"gamma": 89.39282485484313, "log10_alpha": 0.7268439348344664, "log10_colsample_bytree": -0.1825804799849139, "log10_eta": -2.1370101211295904, "log10_lambda": 0.628711983169417, "log10_min_child_weight": 3.7441329261811673, "log10_subsample": -0.07574613807614416, "max_depth": 2.0, "num_boost_round": 22.0}, "datetime": {"datetime": "2024-01-19 01:37:14", "elapsed": 5142.038868, "delta": 0.005841}}
{"target": -17.674586410475353, "params": {"gamma": 89.39282485484313, "log10_alpha": 0.7268439348344664, "log10_colsample_bytree": -0.1825804799849139, "log10_eta": -2.1370101211295904, "log10_lambda": 0.628711983169417, "log10_min_child_weight": 3.7441329261811673, "log10_subsample": -0.07574613807614416, "max_depth": 2.0, "num_boost_round": 23.0}, "datetime": {"datetime": "2024-01-19 01:37:14", "elapsed": 5142.044467, "delta": 0.005599}}
{"target": -17.674582889371848, "params": {"gamma": 89.39282485484313, "log10_alpha": 0.7268439348344664, "log10_colsample_bytree": -0.1825804799849139, "log10_eta": -2.1370101211295904, "log10_lambda": 0.628711983169417, "log10_min_child_weight": 3.7441329261811673, "log10_subsample": -0.07574613807614416, "max_depth": 2.0, "num_boost_round": 24.0}, "datetime": {"datetime": "2024-01-19 01:37:14", "elapsed": 5142.050223, "delta": 0.005756}}
{"target": -17.674508329833895, "params": {"gamma": 89.39282485484313, "log10_alpha": 0.7268439348344664, "log10_colsample_bytree": -0.1825804799849139, "log10_eta": -2.1370101211295904, "log10_lambda": 0.628711983169417, "log10_min_child_weight": 3.7441329261811673, "log10_subsample": -0.07574613807614416, "max_depth": 2.0, "num_boost_round": 25.0}, "datetime": {"datetime": "2024-01-19 01:37:14", "elapsed": 5142.055942, "delta": 0.005719}}
{"target": -17.67450583407213, "params": {"gamma": 89.39282485484313, "log10_alpha": 0.7268439348344664, "log10_colsample_bytree": -0.1825804799849139, "log10_eta": -2.1370101211295904, "log10_lambda": 0.628711983169417, "log10_min_child_weight": 3.7441329261811673, "log10_subsample": -0.07574613807614416, "max_depth": 2.0, "num_boost_round": 26.0}, "datetime": {"datetime": "2024-01-19 01:37:14", "elapsed": 5142.061654, "delta": 0.005712}}
{"target": -17.674384610980496, "params": {"gamma": 89.39282485484313, "log10_alpha": 0.7268439348344664, "log10_colsample_bytree": -0.1825804799849139, "log10_eta": -2.1370101211295904, "log10_lambda": 0.628711983169417, "log10_min_child_weight": 3.7441329261811673, "log10_subsample": -0.07574613807614416, "max_depth": 2.0, "num_boost_round": 27.0}, "datetime": {"datetime": "2024-01-19 01:37:14", "elapsed": 5142.06744, "delta": 0.005786}}
{"target": -17.67433295167625, "params": {"gamma": 89.39282485484313, "log10_alpha": 0.7268439348344664, "log10_colsample_bytree": -0.1825804799849139, "log10_eta": -2.1370101211295904, "log10_lambda": 0.628711983169417, "log10_min_child_weight": 3.7441329261811673, "log10_subsample": -0.07574613807614416, "max_depth": 2.0, "num_boost_round": 28.0}, "datetime": {"datetime": "2024-01-19 01:37:14", "elapsed": 5142.074269, "delta": 0.006829}}
{"target": -17.674267736311172, "params": {"gamma": 89.39282485484313, "log10_alpha": 0.7268439348344664, "log10_colsample_bytree": -0.1825804799849139, "log10_eta": -2.1370101211295904, "log10_lambda": 0.628711983169417, "log10_min_child_weight": 3.7441329261811673, "log10_subsample": -0.07574613807614416, "max_depth": 2.0, "num_boost_round": 29.0}, "datetime": {"datetime": "2024-01-19 01:37:14", "elapsed": 5142.080094, "delta": 0.005825}}
{"target": -17.674269908141824, "params": {"gamma": 89.39282485484313, "log10_alpha": 0.7268439348344664, "log10_colsample_bytree": -0.1825804799849139, "log10_eta": -2.1370101211295904, "log10_lambda": 0.628711983169417, "log10_min_child_weight": 3.7441329261811673, "log10_subsample": -0.07574613807614416, "max_depth": 2.0, "num_boost_round": 30.0}, "datetime": {"datetime": "2024-01-19 01:37:14", "elapsed": 5142.085856, "delta": 0.005762}}
{"target": -17.67428715258744, "params": {"gamma": 89.39282485484313, "log10_alpha": 0.7268439348344664, "log10_colsample_bytree": -0.1825804799849139, "log10_eta": -2.1370101211295904, "log10_lambda": 0.628711983169417, "log10_min_child_weight": 3.7441329261811673, "log10_subsample": -0.07574613807614416, "max_depth": 2.0, "num_boost_round": 31.0}, "datetime": {"datetime": "2024-01-19 01:37:14", "elapsed": 5142.091618, "delta": 0.005762}}
{"target": -17.67429782515149, "params": {"gamma": 89.39282485484313, "log10_alpha": 0.7268439348344664, "log10_colsample_bytree": -0.1825804799849139, "log10_eta": -2.1370101211295904, "log10_lambda": 0.628711983169417, "log10_min_child_weight": 3.7441329261811673, "log10_subsample": -0.07574613807614416, "max_depth": 2.0, "num_boost_round": 32.0}, "datetime": {"datetime": "2024-01-19 01:37:14", "elapsed": 5142.097387, "delta": 0.005769}}
{"target": -17.674338827871846, "params": {"gamma": 89.39282485484313, "log10_alpha": 0.7268439348344664, "log10_colsample_bytree": -0.1825804799849139, "log10_eta": -2.1370101211295904, "log10_lambda": 0.628711983169417, "log10_min_child_weight": 3.7441329261811673, "log10_subsample": -0.07574613807614416, "max_depth": 2.0, "num_boost_round": 33.0}, "datetime": {"datetime": "2024-01-19 01:37:14", "elapsed": 5142.103208, "delta": 0.005821}}
{"target": -17.6742930137257, "params": {"gamma": 89.39282485484313, "log10_alpha": 0.7268439348344664, "log10_colsample_bytree": -0.1825804799849139, "log10_eta": -2.1370101211295904, "log10_lambda": 0.628711983169417, "log10_min_child_weight": 3.7441329261811673, "log10_subsample": -0.07574613807614416, "max_depth": 2.0, "num_boost_round": 34.0}, "datetime": {"datetime": "2024-01-19 01:37:14", "elapsed": 5142.109288, "delta": 0.00608}}
{"target": -17.67431787143118, "params": {"gamma": 89.39282485484313, "log10_alpha": 0.7268439348344664, "log10_colsample_bytree": -0.1825804799849139, "log10_eta": -2.1370101211295904, "log10_lambda": 0.628711983169417, "log10_min_child_weight": 3.7441329261811673, "log10_subsample": -0.07574613807614416, "max_depth": 2.0, "num_boost_round": 35.0}, "datetime": {"datetime": "2024-01-19 01:37:14", "elapsed": 5142.114891, "delta": 0.005603}}
{"target": -17.674281712955924, "params": {"gamma": 89.39282485484313, "log10_alpha": 0.7268439348344664, "log10_colsample_bytree": -0.1825804799849139, "log10_eta": -2.1370101211295904, "log10_lambda": 0.628711983169417, "log10_min_child_weight": 3.7441329261811673, "log10_subsample": -0.07574613807614416, "max_depth": 2.0, "num_boost_round": 36.0}, "datetime": {"datetime": "2024-01-19 01:37:14", "elapsed": 5142.120585, "delta": 0.005694}}
{"target": -17.674325611676576, "params": {"gamma": 89.39282485484313, "log10_alpha": 0.7268439348344664, "log10_colsample_bytree": -0.1825804799849139, "log10_eta": -2.1370101211295904, "log10_lambda": 0.628711983169417, "log10_min_child_weight": 3.7441329261811673, "log10_subsample": -0.07574613807614416, "max_depth": 2.0, "num_boost_round": 37.0}, "datetime": {"datetime": "2024-01-19 01:37:14", "elapsed": 5142.126099, "delta": 0.005514}}
{"target": -17.67433648026034, "params": {"gamma": 89.39282485484313, "log10_alpha": 0.7268439348344664, "log10_colsample_bytree": -0.1825804799849139, "log10_eta": -2.1370101211295904, "log10_lambda": 0.628711983169417, "log10_min_child_weight": 3.7441329261811673, "log10_subsample": -0.07574613807614416, "max_depth": 2.0, "num_boost_round": 38.0}, "datetime": {"datetime": "2024-01-19 01:37:14", "elapsed": 5142.131455, "delta": 0.005356}}
{"target": -17.67430720634453, "params": {"gamma": 89.39282485484313, "log10_alpha": 0.7268439348344664, "log10_colsample_bytree": -0.1825804799849139, "log10_eta": -2.1370101211295904, "log10_lambda": 0.628711983169417, "log10_min_child_weight": 3.7441329261811673, "log10_subsample": -0.07574613807614416, "max_depth": 2.0, "num_boost_round": 39.0}, "datetime": {"datetime": "2024-01-19 01:37:14", "elapsed": 5142.137118, "delta": 0.005663}}
{"target": -17.674283663547026, "params": {"gamma": 89.39282485484313, "log10_alpha": 0.7268439348344664, "log10_colsample_bytree": -0.1825804799849139, "log10_eta": -2.1370101211295904, "log10_lambda": 0.628711983169417, "log10_min_child_weight": 3.7441329261811673, "log10_subsample": -0.07574613807614416, "max_depth": 2.0, "num_boost_round": 40.0}, "datetime": {"datetime": "2024-01-19 01:37:14", "elapsed": 5142.143089, "delta": 0.005971}}
{"target": -17.674267475066603, "params": {"gamma": 89.39282485484313, "log10_alpha": 0.7268439348344664, "log10_colsample_bytree": -0.1825804799849139, "log10_eta": -2.1370101211295904, "log10_lambda": 0.628711983169417, "log10_min_child_weight": 3.7441329261811673, "log10_subsample": -0.07574613807614416, "max_depth": 2.0, "num_boost_round": 41.0}, "datetime": {"datetime": "2024-01-19 01:37:14", "elapsed": 5142.148781, "delta": 0.005692}}
