{"target": -13.758412111914028, "params": {"gamma": 713.270771558142, "log10_alpha": -3.051751446083879, "log10_colsample_bytree": -0.3780522194626884, "log10_eta": -2.9634387176067616, "log10_lambda": -4.175028440733679, "log10_min_child_weight": 3.5159646461171064, "log10_subsample": -0.8582024752323606, "max_depth": 6.0, "num_boost_round": 41.0}, "datetime": {"datetime": "2024-01-19 01:28:28", "elapsed": 4607.904053, "delta": 0.004769}}
{"target": -13.75842197226473, "params": {"gamma": 713.270771558142, "log10_alpha": -3.051751446083879, "log10_colsample_bytree": -0.3780522194626884, "log10_eta": -2.9634387176067616, "log10_lambda": -4.175028440733679, "log10_min_child_weight": 3.5159646461171064, "log10_subsample": -0.8582024752323606, "max_depth": 6.0, "num_boost_round": 42.0}, "datetime": {"datetime": "2024-01-19 01:28:28", "elapsed": 4607.908927, "delta": 0.004874}}
{"target": -13.758440236035923, "params": {"gamma": 713.270771558142, "log10_alpha": -3.051751446083879, "log10_colsample_bytree": -0.3780522194626884, "log10_eta": -2.9634387176067616, "log10_lambda": -4.175028440733679, "log10_min_child_weight": 3.5159646461171064, "log10_subsample": -0.8582024752323606, "max_depth": 6.0, "num_boost_round": 43.0}, "datetime": {"datetime": "2024-01-19 01:28:28", "elapsed": 4607.913782, "delta": 0.004855}}
{"target": -13.758444065472705, "params": {"gamma": 713.270771558142, "log10_alpha": -3.051751446083879, "log10_colsample_bytree": -0.3780522194626884, "log10_eta": -2.9634387176067616, "log10_lambda": -4.175028440733679, "log10_min_child_weight": 3.5159646461171064, "log10_subsample": -0.8582024752323606, "max_depth": 6.0, "num_boost_round": 44.0}, "datetime": {"datetime": "2024-01-19 01:28:28", "elapsed": 4607.918622, "delta": 0.00484}}
{"target": -13.758435248328825, "params": {"gamma": 713.270771558142, "log10_alpha": -3.051751446083879, "log10_colsample_bytree": -0.3780522194626884, "log10_eta": -2.9634387176067616, "log10_lambda": -4.175028440733679, "log10_min_child_weight": 3.5159646461171064, "log10_subsample": -0.8582024752323606, "max_depth": 6.0, "num_boost_round": 45.0}, "datetime": {"datetime": "2024-01-19 01:28:28", "elapsed": 4607.923289, "delta": 0.004667}}
{"target": -13.758438893249147, "params": {"gamma": 713.270771558142, "log10_alpha": -3.051751446083879, "log10_colsample_bytree": -0.3780522194626884, "log10_eta": -2.9634387176067616, "log10_lambda": -4.175028440733679, "log10_min_child_weight": 3.5159646461171064, "log10_subsample": -0.8582024752323606, "max_depth": 6.0, "num_boost_round": 46.0}, "datetime": {"datetime": "2024-01-19 01:28:28", "elapsed": 4607.928123, "delta": 0.004834}}
{"target": -13.758449557938766, "params": {"gamma": 713.270771558142, "log10_alpha": -3.051751446083879, "log10_colsample_bytree": -0.3780522194626884, "log10_eta": -2.9634387176067616, "log10_lambda": -4.175028440733679, "log10_min_child_weight": 3.5159646461171064, "log10_subsample": -0.8582024752323606, "max_depth": 6.0, "num_boost_round": 47.0}, "datetime": {"datetime": "2024-01-19 01:28:28", "elapsed": 4608.053525, "delta": 0.125402}}
{"target": -13.758441468249169, "params": {"gamma": 713.270771558142, "log10_alpha": -3.051751446083879, "log10_colsample_bytree": -0.3780522194626884, "log10_eta": -2.9634387176067616, "log10_lambda": -4.175028440733679, "log10_min_child_weight": 3.5159646461171064, "log10_subsample": -0.8582024752323606, "max_depth": 6.0, "num_boost_round": 48.0}, "datetime": {"datetime": "2024-01-19 01:28:28", "elapsed": 4608.059664, "delta": 0.006139}}
{"target": -13.758443457418846, "params": {"gamma": 713.270771558142, "log10_alpha": -3.051751446083879, "log10_colsample_bytree": -0.3780522194626884, "log10_eta": -2.9634387176067616, "log10_lambda": -4.175028440733679, "log10_min_child_weight": 3.5159646461171064, "log10_subsample": -0.8582024752323606, "max_depth": 6.0, "num_boost_round": 49.0}, "datetime": {"datetime": "2024-01-19 01:28:28", "elapsed": 4608.065638, "delta": 0.005974}}
{"target": -13.75847073394056, "params": {"gamma": 713.270771558142, "log10_alpha": -3.051751446083879, "log10_colsample_bytree": -0.3780522194626884, "log10_eta": -2.9634387176067616, "log10_lambda": -4.175028440733679, "log10_min_child_weight": 3.5159646461171064, "log10_subsample": -0.8582024752323606, "max_depth": 6.0, "num_boost_round": 50.0}, "datetime": {"datetime": "2024-01-19 01:28:28", "elapsed": 4608.070988, "delta": 0.00535}}
{"target": -13.758470405016308, "params": {"gamma": 713.270771558142, "log10_alpha": -3.051751446083879, "log10_colsample_bytree": -0.3780522194626884, "log10_eta": -2.9634387176067616, "log10_lambda": -4.175028440733679, "log10_min_child_weight": 3.5159646461171064, "log10_subsample": -0.8582024752323606, "max_depth": 6.0, "num_boost_round": 51.0}, "datetime": {"datetime": "2024-01-19 01:28:28", "elapsed": 4608.075961, "delta": 0.004973}}
{"target": -13.758465225509095, "params": {"gamma": 713.270771558142, "log10_alpha": -3.051751446083879, "log10_colsample_bytree": -0.3780522194626884, "log10_eta": -2.9634387176067616, "log10_lambda": -4.175028440733679, "log10_min_child_weight": 3.5159646461171064, "log10_subsample": -0.8582024752323606, "max_depth": 6.0, "num_boost_round": 52.0}, "datetime": {"datetime": "2024-01-19 01:28:28", "elapsed": 4608.080868, "delta": 0.004907}}
{"target": -13.758468737314008, "params": {"gamma": 713.270771558142, "log10_alpha": -3.051751446083879, "log10_colsample_bytree": -0.3780522194626884, "log10_eta": -2.9634387176067616, "log10_lambda": -4.175028440733679, "log10_min_child_weight": 3.5159646461171064, "log10_subsample": -0.8582024752323606, "max_depth": 6.0, "num_boost_round": 53.0}, "datetime": {"datetime": "2024-01-19 01:28:29", "elapsed": 4608.085526, "delta": 0.004658}}
{"target": -13.758463461448414, "params": {"gamma": 713.270771558142, "log10_alpha": -3.051751446083879, "log10_colsample_bytree": -0.3780522194626884, "log10_eta": -2.9634387176067616, "log10_lambda": -4.175028440733679, "log10_min_child_weight": 3.5159646461171064, "log10_subsample": -0.8582024752323606, "max_depth": 6.0, "num_boost_round": 54.0}, "datetime": {"datetime": "2024-01-19 01:28:29", "elapsed": 4608.090386, "delta": 0.00486}}
{"target": -13.758464094600305, "params": {"gamma": 713.270771558142, "log10_alpha": -3.051751446083879, "log10_colsample_bytree": -0.3780522194626884, "log10_eta": -2.9634387176067616, "log10_lambda": -4.175028440733679, "log10_min_child_weight": 3.5159646461171064, "log10_subsample": -0.8582024752323606, "max_depth": 6.0, "num_boost_round": 55.0}, "datetime": {"datetime": "2024-01-19 01:28:29", "elapsed": 4608.095348, "delta": 0.004962}}
{"target": -13.758476015913685, "params": {"gamma": 713.270771558142, "log10_alpha": -3.051751446083879, "log10_colsample_bytree": -0.3780522194626884, "log10_eta": -2.9634387176067616, "log10_lambda": -4.175028440733679, "log10_min_child_weight": 3.5159646461171064, "log10_subsample": -0.8582024752323606, "max_depth": 6.0, "num_boost_round": 56.0}, "datetime": {"datetime": "2024-01-19 01:28:29", "elapsed": 4608.100255, "delta": 0.004907}}
{"target": -13.758474398133039, "params": {"gamma": 713.270771558142, "log10_alpha": -3.051751446083879, "log10_colsample_bytree": -0.3780522194626884, "log10_eta": -2.9634387176067616, "log10_lambda": -4.175028440733679, "log10_min_child_weight": 3.5159646461171064, "log10_subsample": -0.8582024752323606, "max_depth": 6.0, "num_boost_round": 57.0}, "datetime": {"datetime": "2024-01-19 01:28:29", "elapsed": 4608.105165, "delta": 0.00491}}
{"target": -13.75847261129522, "params": {"gamma": 713.270771558142, "log10_alpha": -3.051751446083879, "log10_colsample_bytree": -0.3780522194626884, "log10_eta": -2.9634387176067616, "log10_lambda": -4.175028440733679, "log10_min_child_weight": 3.5159646461171064, "log10_subsample": -0.8582024752323606, "max_depth": 6.0, "num_boost_round": 58.0}, "datetime": {"datetime": "2024-01-19 01:28:29", "elapsed": 4608.110007, "delta": 0.004842}}
{"target": -13.758448302789681, "params": {"gamma": 713.270771558142, "log10_alpha": -3.051751446083879, "log10_colsample_bytree": -0.3780522194626884, "log10_eta": -2.9634387176067616, "log10_lambda": -4.175028440733679, "log10_min_child_weight": 3.5159646461171064, "log10_subsample": -0.8582024752323606, "max_depth": 6.0, "num_boost_round": 59.0}, "datetime": {"datetime": "2024-01-19 01:28:29", "elapsed": 4608.11485, "delta": 0.004843}}
{"target": -13.758443899459742, "params": {"gamma": 713.270771558142, "log10_alpha": -3.051751446083879, "log10_colsample_bytree": -0.3780522194626884, "log10_eta": -2.9634387176067616, "log10_lambda": -4.175028440733679, "log10_min_child_weight": 3.5159646461171064, "log10_subsample": -0.8582024752323606, "max_depth": 6.0, "num_boost_round": 60.0}, "datetime": {"datetime": "2024-01-19 01:28:29", "elapsed": 4608.119719, "delta": 0.004869}}
{"target": -13.75844339900692, "params": {"gamma": 713.270771558142, "log10_alpha": -3.051751446083879, "log10_colsample_bytree": -0.3780522194626884, "log10_eta": -2.9634387176067616, "log10_lambda": -4.175028440733679, "log10_min_child_weight": 3.5159646461171064, "log10_subsample": -0.8582024752323606, "max_depth": 6.0, "num_boost_round": 61.0}, "datetime": {"datetime": "2024-01-19 01:28:29", "elapsed": 4608.124579, "delta": 0.00486}}
{"target": -13.75844281868972, "params": {"gamma": 713.270771558142, "log10_alpha": -3.051751446083879, "log10_colsample_bytree": -0.3780522194626884, "log10_eta": -2.9634387176067616, "log10_lambda": -4.175028440733679, "log10_min_child_weight": 3.5159646461171064, "log10_subsample": -0.8582024752323606, "max_depth": 6.0, "num_boost_round": 62.0}, "datetime": {"datetime": "2024-01-19 01:28:29", "elapsed": 4608.129467, "delta": 0.004888}}
{"target": -13.758434332707298, "params": {"gamma": 713.270771558142, "log10_alpha": -3.051751446083879, "log10_colsample_bytree": -0.3780522194626884, "log10_eta": -2.9634387176067616, "log10_lambda": -4.175028440733679, "log10_min_child_weight": 3.5159646461171064, "log10_subsample": -0.8582024752323606, "max_depth": 6.0, "num_boost_round": 63.0}, "datetime": {"datetime": "2024-01-19 01:28:29", "elapsed": 4608.134502, "delta": 0.005035}}
{"target": -13.758432921210238, "params": {"gamma": 713.270771558142, "log10_alpha": -3.051751446083879, "log10_colsample_bytree": -0.3780522194626884, "log10_eta": -2.9634387176067616, "log10_lambda": -4.175028440733679, "log10_min_child_weight": 3.5159646461171064, "log10_subsample": -0.8582024752323606, "max_depth": 6.0, "num_boost_round": 64.0}, "datetime": {"datetime": "2024-01-19 01:28:29", "elapsed": 4608.139308, "delta": 0.004806}}
{"target": -13.758441080471664, "params": {"gamma": 713.270771558142, "log10_alpha": -3.051751446083879, "log10_colsample_bytree": -0.3780522194626884, "log10_eta": -2.9634387176067616, "log10_lambda": -4.175028440733679, "log10_min_child_weight": 3.5159646461171064, "log10_subsample": -0.8582024752323606, "max_depth": 6.0, "num_boost_round": 65.0}, "datetime": {"datetime": "2024-01-19 01:28:29", "elapsed": 4608.144192, "delta": 0.004884}}
{"target": -13.758446832090737, "params": {"gamma": 713.270771558142, "log10_alpha": -3.051751446083879, "log10_colsample_bytree": -0.3780522194626884, "log10_eta": -2.9634387176067616, "log10_lambda": -4.175028440733679, "log10_min_child_weight": 3.5159646461171064, "log10_subsample": -0.8582024752323606, "max_depth": 6.0, "num_boost_round": 66.0}, "datetime": {"datetime": "2024-01-19 01:28:29", "elapsed": 4608.149166, "delta": 0.004974}}
{"target": -13.758447315395685, "params": {"gamma": 713.270771558142, "log10_alpha": -3.051751446083879, "log10_colsample_bytree": -0.3780522194626884, "log10_eta": -2.9634387176067616, "log10_lambda": -4.175028440733679, "log10_min_child_weight": 3.5159646461171064, "log10_subsample": -0.8582024752323606, "max_depth": 6.0, "num_boost_round": 67.0}, "datetime": {"datetime": "2024-01-19 01:28:29", "elapsed": 4608.154108, "delta": 0.004942}}
{"target": -13.758542657452946, "params": {"gamma": 715.8084581766749, "log10_alpha": 1.0, "log10_colsample_bytree": 0.0, "log10_eta": -4.0, "log10_lambda": -5.0, "log10_min_child_weight": 0.05487786313246849, "log10_subsample": -0.6172041014168194, "max_depth": 9.0, "num_boost_round": 0.0}, "datetime": {"datetime": "2024-01-19 01:29:51", "elapsed": 4690.803294, "delta": 82.649186}}
{"target": -13.75854410659571, "params": {"gamma": 715.8084581766749, "log10_alpha": 1.0, "log10_colsample_bytree": 0.0, "log10_eta": -4.0, "log10_lambda": -5.0, "log10_min_child_weight": 0.05487786313246849, "log10_subsample": -0.6172041014168194, "max_depth": 9.0, "num_boost_round": 1.0}, "datetime": {"datetime": "2024-01-19 01:29:51", "elapsed": 4690.808751, "delta": 0.005457}}
{"target": -13.758545797875579, "params": {"gamma": 715.8084581766749, "log10_alpha": 1.0, "log10_colsample_bytree": 0.0, "log10_eta": -4.0, "log10_lambda": -5.0, "log10_min_child_weight": 0.05487786313246849, "log10_subsample": -0.6172041014168194, "max_depth": 9.0, "num_boost_round": 2.0}, "datetime": {"datetime": "2024-01-19 01:29:51", "elapsed": 4690.813859, "delta": 0.005108}}
{"target": -13.758548570566896, "params": {"gamma": 715.8084581766749, "log10_alpha": 1.0, "log10_colsample_bytree": 0.0, "log10_eta": -4.0, "log10_lambda": -5.0, "log10_min_child_weight": 0.05487786313246849, "log10_subsample": -0.6172041014168194, "max_depth": 9.0, "num_boost_round": 3.0}, "datetime": {"datetime": "2024-01-19 01:29:51", "elapsed": 4690.818832, "delta": 0.004973}}
{"target": -13.7585403482469, "params": {"gamma": 715.8084581766749, "log10_alpha": 1.0, "log10_colsample_bytree": 0.0, "log10_eta": -4.0, "log10_lambda": -5.0, "log10_min_child_weight": 0.05487786313246849, "log10_subsample": -0.6172041014168194, "max_depth": 9.0, "num_boost_round": 4.0}, "datetime": {"datetime": "2024-01-19 01:29:51", "elapsed": 4690.824452, "delta": 0.00562}}
{"target": -13.758543932870323, "params": {"gamma": 715.8084581766749, "log10_alpha": 1.0, "log10_colsample_bytree": 0.0, "log10_eta": -4.0, "log10_lambda": -5.0, "log10_min_child_weight": 0.05487786313246849, "log10_subsample": -0.6172041014168194, "max_depth": 9.0, "num_boost_round": 5.0}, "datetime": {"datetime": "2024-01-19 01:29:51", "elapsed": 4690.829464, "delta": 0.005012}}
{"target": -13.75854265207838, "params": {"gamma": 715.8084581766749, "log10_alpha": 1.0, "log10_colsample_bytree": 0.0, "log10_eta": -4.0, "log10_lambda": -5.0, "log10_min_child_weight": 0.05487786313246849, "log10_subsample": -0.6172041014168194, "max_depth": 9.0, "num_boost_round": 6.0}, "datetime": {"datetime": "2024-01-19 01:29:51", "elapsed": 4690.834532, "delta": 0.005068}}
{"target": -13.758543957533291, "params": {"gamma": 715.8084581766749, "log10_alpha": 1.0, "log10_colsample_bytree": 0.0, "log10_eta": -4.0, "log10_lambda": -5.0, "log10_min_child_weight": 0.05487786313246849, "log10_subsample": -0.6172041014168194, "max_depth": 9.0, "num_boost_round": 7.0}, "datetime": {"datetime": "2024-01-19 01:29:51", "elapsed": 4690.839591, "delta": 0.005059}}
{"target": -13.75853940129064, "params": {"gamma": 715.8084581766749, "log10_alpha": 1.0, "log10_colsample_bytree": 0.0, "log10_eta": -4.0, "log10_lambda": -5.0, "log10_min_child_weight": 0.05487786313246849, "log10_subsample": -0.6172041014168194, "max_depth": 9.0, "num_boost_round": 8.0}, "datetime": {"datetime": "2024-01-19 01:29:51", "elapsed": 4690.844626, "delta": 0.005035}}
{"target": -13.75853952225877, "params": {"gamma": 715.8084581766749, "log10_alpha": 1.0, "log10_colsample_bytree": 0.0, "log10_eta": -4.0, "log10_lambda": -5.0, "log10_min_child_weight": 0.05487786313246849, "log10_subsample": -0.6172041014168194, "max_depth": 9.0, "num_boost_round": 9.0}, "datetime": {"datetime": "2024-01-19 01:29:51", "elapsed": 4690.849589, "delta": 0.004963}}
{"target": -13.758533345653865, "params": {"gamma": 715.8084581766749, "log10_alpha": 1.0, "log10_colsample_bytree": 0.0, "log10_eta": -4.0, "log10_lambda": -5.0, "log10_min_child_weight": 0.05487786313246849, "log10_subsample": -0.6172041014168194, "max_depth": 9.0, "num_boost_round": 10.0}, "datetime": {"datetime": "2024-01-19 01:29:51", "elapsed": 4690.854744, "delta": 0.005155}}
{"target": -13.758537126366098, "params": {"gamma": 715.8084581766749, "log10_alpha": 1.0, "log10_colsample_bytree": 0.0, "log10_eta": -4.0, "log10_lambda": -5.0, "log10_min_child_weight": 0.05487786313246849, "log10_subsample": -0.6172041014168194, "max_depth": 9.0, "num_boost_round": 11.0}, "datetime": {"datetime": "2024-01-19 01:29:51", "elapsed": 4690.859581, "delta": 0.004837}}
{"target": -13.758532002466723, "params": {"gamma": 715.8084581766749, "log10_alpha": 1.0, "log10_colsample_bytree": 0.0, "log10_eta": -4.0, "log10_lambda": -5.0, "log10_min_child_weight": 0.05487786313246849, "log10_subsample": -0.6172041014168194, "max_depth": 9.0, "num_boost_round": 12.0}, "datetime": {"datetime": "2024-01-19 01:29:51", "elapsed": 4690.864472, "delta": 0.004891}}
{"target": -13.758538291229518, "params": {"gamma": 721.957550530543, "log10_alpha": -3.8188167318340223, "log10_colsample_bytree": 0.0, "log10_eta": -3.281720755797783, "log10_lambda": 1.0, "log10_min_child_weight": 4.509091805106494, "log10_subsample": -1.0, "max_depth": 10.0, "num_boost_round": 0.0}, "datetime": {"datetime": "2024-01-19 01:30:51", "elapsed": 4750.985018, "delta": 60.120546}}
{"target": -13.758535437144758, "params": {"gamma": 721.957550530543, "log10_alpha": -3.8188167318340223, "log10_colsample_bytree": 0.0, "log10_eta": -3.281720755797783, "log10_lambda": 1.0, "log10_min_child_weight": 4.509091805106494, "log10_subsample": -1.0, "max_depth": 10.0, "num_boost_round": 1.0}, "datetime": {"datetime": "2024-01-19 01:30:51", "elapsed": 4750.99098, "delta": 0.005962}}
{"target": -13.758532822475347, "params": {"gamma": 721.957550530543, "log10_alpha": -3.8188167318340223, "log10_colsample_bytree": 0.0, "log10_eta": -3.281720755797783, "log10_lambda": 1.0, "log10_min_child_weight": 4.509091805106494, "log10_subsample": -1.0, "max_depth": 10.0, "num_boost_round": 2.0}, "datetime": {"datetime": "2024-01-19 01:30:51", "elapsed": 4750.996351, "delta": 0.005371}}
{"target": -13.758530690565507, "params": {"gamma": 721.957550530543, "log10_alpha": -3.8188167318340223, "log10_colsample_bytree": 0.0, "log10_eta": -3.281720755797783, "log10_lambda": 1.0, "log10_min_child_weight": 4.509091805106494, "log10_subsample": -1.0, "max_depth": 10.0, "num_boost_round": 3.0}, "datetime": {"datetime": "2024-01-19 01:30:51", "elapsed": 4751.001289, "delta": 0.004938}}
{"target": -13.758528051782413, "params": {"gamma": 721.957550530543, "log10_alpha": -3.8188167318340223, "log10_colsample_bytree": 0.0, "log10_eta": -3.281720755797783, "log10_lambda": 1.0, "log10_min_child_weight": 4.509091805106494, "log10_subsample": -1.0, "max_depth": 10.0, "num_boost_round": 4.0}, "datetime": {"datetime": "2024-01-19 01:30:51", "elapsed": 4751.00658, "delta": 0.005291}}
{"target": -13.758529415638002, "params": {"gamma": 721.957550530543, "log10_alpha": -3.8188167318340223, "log10_colsample_bytree": 0.0, "log10_eta": -3.281720755797783, "log10_lambda": 1.0, "log10_min_child_weight": 4.509091805106494, "log10_subsample": -1.0, "max_depth": 10.0, "num_boost_round": 5.0}, "datetime": {"datetime": "2024-01-19 01:30:51", "elapsed": 4751.011481, "delta": 0.004901}}
{"target": -13.758529458858598, "params": {"gamma": 721.957550530543, "log10_alpha": -3.8188167318340223, "log10_colsample_bytree": 0.0, "log10_eta": -3.281720755797783, "log10_lambda": 1.0, "log10_min_child_weight": 4.509091805106494, "log10_subsample": -1.0, "max_depth": 10.0, "num_boost_round": 6.0}, "datetime": {"datetime": "2024-01-19 01:30:51", "elapsed": 4751.016413, "delta": 0.004932}}
{"target": -13.758526444351018, "params": {"gamma": 721.957550530543, "log10_alpha": -3.8188167318340223, "log10_colsample_bytree": 0.0, "log10_eta": -3.281720755797783, "log10_lambda": 1.0, "log10_min_child_weight": 4.509091805106494, "log10_subsample": -1.0, "max_depth": 10.0, "num_boost_round": 7.0}, "datetime": {"datetime": "2024-01-19 01:30:51", "elapsed": 4751.021415, "delta": 0.005002}}
{"target": -13.758527856451874, "params": {"gamma": 721.957550530543, "log10_alpha": -3.8188167318340223, "log10_colsample_bytree": 0.0, "log10_eta": -3.281720755797783, "log10_lambda": 1.0, "log10_min_child_weight": 4.509091805106494, "log10_subsample": -1.0, "max_depth": 10.0, "num_boost_round": 8.0}, "datetime": {"datetime": "2024-01-19 01:30:51", "elapsed": 4751.026668, "delta": 0.005253}}
{"target": -13.758528054590041, "params": {"gamma": 721.957550530543, "log10_alpha": -3.8188167318340223, "log10_colsample_bytree": 0.0, "log10_eta": -3.281720755797783, "log10_lambda": 1.0, "log10_min_child_weight": 4.509091805106494, "log10_subsample": -1.0, "max_depth": 10.0, "num_boost_round": 9.0}, "datetime": {"datetime": "2024-01-19 01:30:51", "elapsed": 4751.031619, "delta": 0.004951}}
{"target": -13.758526925025604, "params": {"gamma": 721.957550530543, "log10_alpha": -3.8188167318340223, "log10_colsample_bytree": 0.0, "log10_eta": -3.281720755797783, "log10_lambda": 1.0, "log10_min_child_weight": 4.509091805106494, "log10_subsample": -1.0, "max_depth": 10.0, "num_boost_round": 10.0}, "datetime": {"datetime": "2024-01-19 01:30:51", "elapsed": 4751.036505, "delta": 0.004886}}
{"target": -13.758527154152302, "params": {"gamma": 721.957550530543, "log10_alpha": -3.8188167318340223, "log10_colsample_bytree": 0.0, "log10_eta": -3.281720755797783, "log10_lambda": 1.0, "log10_min_child_weight": 4.509091805106494, "log10_subsample": -1.0, "max_depth": 10.0, "num_boost_round": 11.0}, "datetime": {"datetime": "2024-01-19 01:30:51", "elapsed": 4751.041628, "delta": 0.005123}}
