{"target": -17.6764147892279, "params": {"gamma": 618.7553986228927, "log10_alpha": -1.119794880699481, "log10_colsample_bytree": -0.1585055873516249, "log10_eta": -2.8430955604824475, "log10_lambda": -0.2323295200607589, "log10_min_child_weight": 3.938136102883438, "log10_subsample": -0.1777672203112295, "max_depth": 4.0, "num_boost_round": 23.0}, "datetime": {"datetime": "2024-01-19 01:53:21", "elapsed": 6099.016326, "delta": 0.005047}}
{"target": -17.676388865613028, "params": {"gamma": 618.7553986228927, "log10_alpha": -1.119794880699481, "log10_colsample_bytree": -0.1585055873516249, "log10_eta": -2.8430955604824475, "log10_lambda": -0.2323295200607589, "log10_min_child_weight": 3.938136102883438, "log10_subsample": -0.1777672203112295, "max_depth": 4.0, "num_boost_round": 24.0}, "datetime": {"datetime": "2024-01-19 01:53:21", "elapsed": 6099.021586, "delta": 0.00526}}
{"target": -17.67635707697842, "params": {"gamma": 618.7553986228927, "log10_alpha": -1.119794880699481, "log10_colsample_bytree": -0.1585055873516249, "log10_eta": -2.8430955604824475, "log10_lambda": -0.2323295200607589, "log10_min_child_weight": 3.938136102883438, "log10_subsample": -0.1777672203112295, "max_depth": 4.0, "num_boost_round": 25.0}, "datetime": {"datetime": "2024-01-19 01:53:21", "elapsed": 6099.026878, "delta": 0.005292}}
{"target": -17.6763284511915, "params": {"gamma": 618.7553986228927, "log10_alpha": -1.119794880699481, "log10_colsample_bytree": -0.1585055873516249, "log10_eta": -2.8430955604824475, "log10_lambda": -0.2323295200607589, "log10_min_child_weight": 3.938136102883438, "log10_subsample": -0.1777672203112295, "max_depth": 4.0, "num_boost_round": 26.0}, "datetime": {"datetime": "2024-01-19 01:53:21", "elapsed": 6099.032121, "delta": 0.005243}}
{"target": -17.676334060678172, "params": {"gamma": 618.7553986228927, "log10_alpha": -1.119794880699481, "log10_colsample_bytree": -0.1585055873516249, "log10_eta": -2.8430955604824475, "log10_lambda": -0.2323295200607589, "log10_min_child_weight": 3.938136102883438, "log10_subsample": -0.1777672203112295, "max_depth": 4.0, "num_boost_round": 27.0}, "datetime": {"datetime": "2024-01-19 01:53:21", "elapsed": 6099.037249, "delta": 0.005128}}
{"target": -17.67631078020497, "params": {"gamma": 618.7553986228927, "log10_alpha": -1.119794880699481, "log10_colsample_bytree": -0.1585055873516249, "log10_eta": -2.8430955604824475, "log10_lambda": -0.2323295200607589, "log10_min_child_weight": 3.938136102883438, "log10_subsample": -0.1777672203112295, "max_depth": 4.0, "num_boost_round": 28.0}, "datetime": {"datetime": "2024-01-19 01:53:21", "elapsed": 6099.042374, "delta": 0.005125}}
{"target": -17.676263095494367, "params": {"gamma": 618.7553986228927, "log10_alpha": -1.119794880699481, "log10_colsample_bytree": -0.1585055873516249, "log10_eta": -2.8430955604824475, "log10_lambda": -0.2323295200607589, "log10_min_child_weight": 3.938136102883438, "log10_subsample": -0.1777672203112295, "max_depth": 4.0, "num_boost_round": 29.0}, "datetime": {"datetime": "2024-01-19 01:53:21", "elapsed": 6099.047471, "delta": 0.005097}}
{"target": -17.676216696869698, "params": {"gamma": 618.7553986228927, "log10_alpha": -1.119794880699481, "log10_colsample_bytree": -0.1585055873516249, "log10_eta": -2.8430955604824475, "log10_lambda": -0.2323295200607589, "log10_min_child_weight": 3.938136102883438, "log10_subsample": -0.1777672203112295, "max_depth": 4.0, "num_boost_round": 30.0}, "datetime": {"datetime": "2024-01-19 01:53:21", "elapsed": 6099.052797, "delta": 0.005326}}
{"target": -17.67619511810372, "params": {"gamma": 618.7553986228927, "log10_alpha": -1.119794880699481, "log10_colsample_bytree": -0.1585055873516249, "log10_eta": -2.8430955604824475, "log10_lambda": -0.2323295200607589, "log10_min_child_weight": 3.938136102883438, "log10_subsample": -0.1777672203112295, "max_depth": 4.0, "num_boost_round": 31.0}, "datetime": {"datetime": "2024-01-19 01:53:21", "elapsed": 6099.057811, "delta": 0.005014}}
{"target": -17.676170587786203, "params": {"gamma": 618.7553986228927, "log10_alpha": -1.119794880699481, "log10_colsample_bytree": -0.1585055873516249, "log10_eta": -2.8430955604824475, "log10_lambda": -0.2323295200607589, "log10_min_child_weight": 3.938136102883438, "log10_subsample": -0.1777672203112295, "max_depth": 4.0, "num_boost_round": 32.0}, "datetime": {"datetime": "2024-01-19 01:53:21", "elapsed": 6099.062853, "delta": 0.005042}}
{"target": -17.676135275140574, "params": {"gamma": 618.7553986228927, "log10_alpha": -1.119794880699481, "log10_colsample_bytree": -0.1585055873516249, "log10_eta": -2.8430955604824475, "log10_lambda": -0.2323295200607589, "log10_min_child_weight": 3.938136102883438, "log10_subsample": -0.1777672203112295, "max_depth": 4.0, "num_boost_round": 33.0}, "datetime": {"datetime": "2024-01-19 01:53:21", "elapsed": 6099.068007, "delta": 0.005154}}
{"target": -17.676089822074925, "params": {"gamma": 618.7553986228927, "log10_alpha": -1.119794880699481, "log10_colsample_bytree": -0.1585055873516249, "log10_eta": -2.8430955604824475, "log10_lambda": -0.2323295200607589, "log10_min_child_weight": 3.938136102883438, "log10_subsample": -0.1777672203112295, "max_depth": 4.0, "num_boost_round": 34.0}, "datetime": {"datetime": "2024-01-19 01:53:21", "elapsed": 6099.077022, "delta": 0.009015}}
{"target": -17.676061827414912, "params": {"gamma": 618.7553986228927, "log10_alpha": -1.119794880699481, "log10_colsample_bytree": -0.1585055873516249, "log10_eta": -2.8430955604824475, "log10_lambda": -0.2323295200607589, "log10_min_child_weight": 3.938136102883438, "log10_subsample": -0.1777672203112295, "max_depth": 4.0, "num_boost_round": 35.0}, "datetime": {"datetime": "2024-01-19 01:53:21", "elapsed": 6099.082289, "delta": 0.005267}}
{"target": -17.676058113787857, "params": {"gamma": 618.7553986228927, "log10_alpha": -1.119794880699481, "log10_colsample_bytree": -0.1585055873516249, "log10_eta": -2.8430955604824475, "log10_lambda": -0.2323295200607589, "log10_min_child_weight": 3.938136102883438, "log10_subsample": -0.1777672203112295, "max_depth": 4.0, "num_boost_round": 36.0}, "datetime": {"datetime": "2024-01-19 01:53:21", "elapsed": 6099.087575, "delta": 0.005286}}
{"target": -17.676029474469836, "params": {"gamma": 618.7553986228927, "log10_alpha": -1.119794880699481, "log10_colsample_bytree": -0.1585055873516249, "log10_eta": -2.8430955604824475, "log10_lambda": -0.2323295200607589, "log10_min_child_weight": 3.938136102883438, "log10_subsample": -0.1777672203112295, "max_depth": 4.0, "num_boost_round": 37.0}, "datetime": {"datetime": "2024-01-19 01:53:21", "elapsed": 6099.092721, "delta": 0.005146}}
{"target": -17.67601068876266, "params": {"gamma": 618.7553986228927, "log10_alpha": -1.119794880699481, "log10_colsample_bytree": -0.1585055873516249, "log10_eta": -2.8430955604824475, "log10_lambda": -0.2323295200607589, "log10_min_child_weight": 3.938136102883438, "log10_subsample": -0.1777672203112295, "max_depth": 4.0, "num_boost_round": 38.0}, "datetime": {"datetime": "2024-01-19 01:53:21", "elapsed": 6099.098144, "delta": 0.005423}}
{"target": -17.675992229052603, "params": {"gamma": 618.7553986228927, "log10_alpha": -1.119794880699481, "log10_colsample_bytree": -0.1585055873516249, "log10_eta": -2.8430955604824475, "log10_lambda": -0.2323295200607589, "log10_min_child_weight": 3.938136102883438, "log10_subsample": -0.1777672203112295, "max_depth": 4.0, "num_boost_round": 39.0}, "datetime": {"datetime": "2024-01-19 01:53:21", "elapsed": 6099.103504, "delta": 0.00536}}
{"target": -17.675965266343734, "params": {"gamma": 618.7553986228927, "log10_alpha": -1.119794880699481, "log10_colsample_bytree": -0.1585055873516249, "log10_eta": -2.8430955604824475, "log10_lambda": -0.2323295200607589, "log10_min_child_weight": 3.938136102883438, "log10_subsample": -0.1777672203112295, "max_depth": 4.0, "num_boost_round": 40.0}, "datetime": {"datetime": "2024-01-19 01:53:21", "elapsed": 6099.108615, "delta": 0.005111}}
{"target": -17.6759213969068, "params": {"gamma": 618.7553986228927, "log10_alpha": -1.119794880699481, "log10_colsample_bytree": -0.1585055873516249, "log10_eta": -2.8430955604824475, "log10_lambda": -0.2323295200607589, "log10_min_child_weight": 3.938136102883438, "log10_subsample": -0.1777672203112295, "max_depth": 4.0, "num_boost_round": 41.0}, "datetime": {"datetime": "2024-01-19 01:53:21", "elapsed": 6099.113779, "delta": 0.005164}}
{"target": -17.67590565754773, "params": {"gamma": 618.7553986228927, "log10_alpha": -1.119794880699481, "log10_colsample_bytree": -0.1585055873516249, "log10_eta": -2.8430955604824475, "log10_lambda": -0.2323295200607589, "log10_min_child_weight": 3.938136102883438, "log10_subsample": -0.1777672203112295, "max_depth": 4.0, "num_boost_round": 42.0}, "datetime": {"datetime": "2024-01-19 01:53:21", "elapsed": 6099.229208, "delta": 0.115429}}
{"target": -17.675857641663292, "params": {"gamma": 618.7553986228927, "log10_alpha": -1.119794880699481, "log10_colsample_bytree": -0.1585055873516249, "log10_eta": -2.8430955604824475, "log10_lambda": -0.2323295200607589, "log10_min_child_weight": 3.938136102883438, "log10_subsample": -0.1777672203112295, "max_depth": 4.0, "num_boost_round": 43.0}, "datetime": {"datetime": "2024-01-19 01:53:21", "elapsed": 6099.235234, "delta": 0.006026}}
{"target": -17.675837190155576, "params": {"gamma": 618.7553986228927, "log10_alpha": -1.119794880699481, "log10_colsample_bytree": -0.1585055873516249, "log10_eta": -2.8430955604824475, "log10_lambda": -0.2323295200607589, "log10_min_child_weight": 3.938136102883438, "log10_subsample": -0.1777672203112295, "max_depth": 4.0, "num_boost_round": 44.0}, "datetime": {"datetime": "2024-01-19 01:53:21", "elapsed": 6099.240611, "delta": 0.005377}}
{"target": -17.67582091929287, "params": {"gamma": 618.7553986228927, "log10_alpha": -1.119794880699481, "log10_colsample_bytree": -0.1585055873516249, "log10_eta": -2.8430955604824475, "log10_lambda": -0.2323295200607589, "log10_min_child_weight": 3.938136102883438, "log10_subsample": -0.1777672203112295, "max_depth": 4.0, "num_boost_round": 45.0}, "datetime": {"datetime": "2024-01-19 01:53:21", "elapsed": 6099.245765, "delta": 0.005154}}
{"target": -17.67580567374882, "params": {"gamma": 618.7553986228927, "log10_alpha": -1.119794880699481, "log10_colsample_bytree": -0.1585055873516249, "log10_eta": -2.8430955604824475, "log10_lambda": -0.2323295200607589, "log10_min_child_weight": 3.938136102883438, "log10_subsample": -0.1777672203112295, "max_depth": 4.0, "num_boost_round": 46.0}, "datetime": {"datetime": "2024-01-19 01:53:21", "elapsed": 6099.250879, "delta": 0.005114}}
{"target": -17.67578993369113, "params": {"gamma": 618.7553986228927, "log10_alpha": -1.119794880699481, "log10_colsample_bytree": -0.1585055873516249, "log10_eta": -2.8430955604824475, "log10_lambda": -0.2323295200607589, "log10_min_child_weight": 3.938136102883438, "log10_subsample": -0.1777672203112295, "max_depth": 4.0, "num_boost_round": 47.0}, "datetime": {"datetime": "2024-01-19 01:53:21", "elapsed": 6099.256066, "delta": 0.005187}}
{"target": -17.677230457146052, "params": {"gamma": 659.8059666369754, "log10_alpha": -0.4699103471552988, "log10_colsample_bytree": -0.6724701473188194, "log10_eta": -3.94127704511182, "log10_lambda": -3.726380553031504, "log10_min_child_weight": 4.656718354288606, "log10_subsample": -0.0013231974092084986, "max_depth": 5.0, "num_boost_round": 0.0}, "datetime": {"datetime": "2024-01-19 01:54:23", "elapsed": 6160.604837, "delta": 61.348771}}
{"target": -17.677228675116293, "params": {"gamma": 659.8059666369754, "log10_alpha": -0.4699103471552988, "log10_colsample_bytree": -0.6724701473188194, "log10_eta": -3.94127704511182, "log10_lambda": -3.726380553031504, "log10_min_child_weight": 4.656718354288606, "log10_subsample": -0.0013231974092084986, "max_depth": 5.0, "num_boost_round": 1.0}, "datetime": {"datetime": "2024-01-19 01:54:23", "elapsed": 6160.611177, "delta": 0.00634}}
{"target": -17.677230014542232, "params": {"gamma": 659.8059666369754, "log10_alpha": -0.4699103471552988, "log10_colsample_bytree": -0.6724701473188194, "log10_eta": -3.94127704511182, "log10_lambda": -3.726380553031504, "log10_min_child_weight": 4.656718354288606, "log10_subsample": -0.0013231974092084986, "max_depth": 5.0, "num_boost_round": 2.0}, "datetime": {"datetime": "2024-01-19 01:54:23", "elapsed": 6160.616337, "delta": 0.00516}}
{"target": -17.67722801601195, "params": {"gamma": 659.8059666369754, "log10_alpha": -0.4699103471552988, "log10_colsample_bytree": -0.6724701473188194, "log10_eta": -3.94127704511182, "log10_lambda": -3.726380553031504, "log10_min_child_weight": 4.656718354288606, "log10_subsample": -0.0013231974092084986, "max_depth": 5.0, "num_boost_round": 3.0}, "datetime": {"datetime": "2024-01-19 01:54:23", "elapsed": 6160.621487, "delta": 0.00515}}
{"target": -17.677226195609332, "params": {"gamma": 659.8059666369754, "log10_alpha": -0.4699103471552988, "log10_colsample_bytree": -0.6724701473188194, "log10_eta": -3.94127704511182, "log10_lambda": -3.726380553031504, "log10_min_child_weight": 4.656718354288606, "log10_subsample": -0.0013231974092084986, "max_depth": 5.0, "num_boost_round": 4.0}, "datetime": {"datetime": "2024-01-19 01:54:23", "elapsed": 6160.626715, "delta": 0.005228}}
{"target": -17.677226336442285, "params": {"gamma": 659.8059666369754, "log10_alpha": -0.4699103471552988, "log10_colsample_bytree": -0.6724701473188194, "log10_eta": -3.94127704511182, "log10_lambda": -3.726380553031504, "log10_min_child_weight": 4.656718354288606, "log10_subsample": -0.0013231974092084986, "max_depth": 5.0, "num_boost_round": 5.0}, "datetime": {"datetime": "2024-01-19 01:54:23", "elapsed": 6160.632261, "delta": 0.005546}}
{"target": -17.677228598188954, "params": {"gamma": 659.8059666369754, "log10_alpha": -0.4699103471552988, "log10_colsample_bytree": -0.6724701473188194, "log10_eta": -3.94127704511182, "log10_lambda": -3.726380553031504, "log10_min_child_weight": 4.656718354288606, "log10_subsample": -0.0013231974092084986, "max_depth": 5.0, "num_boost_round": 6.0}, "datetime": {"datetime": "2024-01-19 01:54:23", "elapsed": 6160.637435, "delta": 0.005174}}
{"target": -17.67722732567454, "params": {"gamma": 659.8059666369754, "log10_alpha": -0.4699103471552988, "log10_colsample_bytree": -0.6724701473188194, "log10_eta": -3.94127704511182, "log10_lambda": -3.726380553031504, "log10_min_child_weight": 4.656718354288606, "log10_subsample": -0.0013231974092084986, "max_depth": 5.0, "num_boost_round": 7.0}, "datetime": {"datetime": "2024-01-19 01:54:23", "elapsed": 6160.642697, "delta": 0.005262}}
{"target": -17.677228349337, "params": {"gamma": 659.8059666369754, "log10_alpha": -0.4699103471552988, "log10_colsample_bytree": -0.6724701473188194, "log10_eta": -3.94127704511182, "log10_lambda": -3.726380553031504, "log10_min_child_weight": 4.656718354288606, "log10_subsample": -0.0013231974092084986, "max_depth": 5.0, "num_boost_round": 8.0}, "datetime": {"datetime": "2024-01-19 01:54:23", "elapsed": 6160.647879, "delta": 0.005182}}
{"target": -17.677228263571607, "params": {"gamma": 659.8059666369754, "log10_alpha": -0.4699103471552988, "log10_colsample_bytree": -0.6724701473188194, "log10_eta": -3.94127704511182, "log10_lambda": -3.726380553031504, "log10_min_child_weight": 4.656718354288606, "log10_subsample": -0.0013231974092084986, "max_depth": 5.0, "num_boost_round": 9.0}, "datetime": {"datetime": "2024-01-19 01:54:23", "elapsed": 6160.653068, "delta": 0.005189}}
{"target": -17.67722716045649, "params": {"gamma": 659.8059666369754, "log10_alpha": -0.4699103471552988, "log10_colsample_bytree": -0.6724701473188194, "log10_eta": -3.94127704511182, "log10_lambda": -3.726380553031504, "log10_min_child_weight": 4.656718354288606, "log10_subsample": -0.0013231974092084986, "max_depth": 5.0, "num_boost_round": 10.0}, "datetime": {"datetime": "2024-01-19 01:54:23", "elapsed": 6160.658783, "delta": 0.005715}}
{"target": -17.677226472583214, "params": {"gamma": 659.8059666369754, "log10_alpha": -0.4699103471552988, "log10_colsample_bytree": -0.6724701473188194, "log10_eta": -3.94127704511182, "log10_lambda": -3.726380553031504, "log10_min_child_weight": 4.656718354288606, "log10_subsample": -0.0013231974092084986, "max_depth": 5.0, "num_boost_round": 11.0}, "datetime": {"datetime": "2024-01-19 01:54:23", "elapsed": 6160.664414, "delta": 0.005631}}
{"target": -17.677227798764527, "params": {"gamma": 659.8059666369754, "log10_alpha": -0.4699103471552988, "log10_colsample_bytree": -0.6724701473188194, "log10_eta": -3.94127704511182, "log10_lambda": -3.726380553031504, "log10_min_child_weight": 4.656718354288606, "log10_subsample": -0.0013231974092084986, "max_depth": 5.0, "num_boost_round": 12.0}, "datetime": {"datetime": "2024-01-19 01:54:23", "elapsed": 6160.669508, "delta": 0.005094}}
{"target": -17.677229116498676, "params": {"gamma": 659.8059666369754, "log10_alpha": -0.4699103471552988, "log10_colsample_bytree": -0.6724701473188194, "log10_eta": -3.94127704511182, "log10_lambda": -3.726380553031504, "log10_min_child_weight": 4.656718354288606, "log10_subsample": -0.0013231974092084986, "max_depth": 5.0, "num_boost_round": 13.0}, "datetime": {"datetime": "2024-01-19 01:54:23", "elapsed": 6160.674564, "delta": 0.005056}}
{"target": -17.677232946493636, "params": {"gamma": 636.1181582013451, "log10_alpha": -1.7003734974904405, "log10_colsample_bytree": 0.0, "log10_eta": -4.0, "log10_lambda": -5.0, "log10_min_child_weight": 5.0, "log10_subsample": -1.0, "max_depth": 10.0, "num_boost_round": 0.0}, "datetime": {"datetime": "2024-01-19 01:55:07", "elapsed": 6205.215321, "delta": 44.540757}}
{"target": -17.67723297880777, "params": {"gamma": 636.1181582013451, "log10_alpha": -1.7003734974904405, "log10_colsample_bytree": 0.0, "log10_eta": -4.0, "log10_lambda": -5.0, "log10_min_child_weight": 5.0, "log10_subsample": -1.0, "max_depth": 10.0, "num_boost_round": 1.0}, "datetime": {"datetime": "2024-01-19 01:55:07", "elapsed": 6205.221163, "delta": 0.005842}}
{"target": -17.677232978918163, "params": {"gamma": 636.1181582013451, "log10_alpha": -1.7003734974904405, "log10_colsample_bytree": 0.0, "log10_eta": -4.0, "log10_lambda": -5.0, "log10_min_child_weight": 5.0, "log10_subsample": -1.0, "max_depth": 10.0, "num_boost_round": 2.0}, "datetime": {"datetime": "2024-01-19 01:55:07", "elapsed": 6205.226433, "delta": 0.00527}}
{"target": -17.67723302600312, "params": {"gamma": 636.1181582013451, "log10_alpha": -1.7003734974904405, "log10_colsample_bytree": 0.0, "log10_eta": -4.0, "log10_lambda": -5.0, "log10_min_child_weight": 5.0, "log10_subsample": -1.0, "max_depth": 10.0, "num_boost_round": 3.0}, "datetime": {"datetime": "2024-01-19 01:55:07", "elapsed": 6205.231713, "delta": 0.00528}}
{"target": -17.67723297047137, "params": {"gamma": 636.1181582013451, "log10_alpha": -1.7003734974904405, "log10_colsample_bytree": 0.0, "log10_eta": -4.0, "log10_lambda": -5.0, "log10_min_child_weight": 5.0, "log10_subsample": -1.0, "max_depth": 10.0, "num_boost_round": 4.0}, "datetime": {"datetime": "2024-01-19 01:55:07", "elapsed": 6205.236933, "delta": 0.00522}}
{"target": -17.67723299075681, "params": {"gamma": 636.1181582013451, "log10_alpha": -1.7003734974904405, "log10_colsample_bytree": 0.0, "log10_eta": -4.0, "log10_lambda": -5.0, "log10_min_child_weight": 5.0, "log10_subsample": -1.0, "max_depth": 10.0, "num_boost_round": 5.0}, "datetime": {"datetime": "2024-01-19 01:55:07", "elapsed": 6205.242296, "delta": 0.005363}}
{"target": -17.677233004795816, "params": {"gamma": 636.1181582013451, "log10_alpha": -1.7003734974904405, "log10_colsample_bytree": 0.0, "log10_eta": -4.0, "log10_lambda": -5.0, "log10_min_child_weight": 5.0, "log10_subsample": -1.0, "max_depth": 10.0, "num_boost_round": 6.0}, "datetime": {"datetime": "2024-01-19 01:55:07", "elapsed": 6205.247335, "delta": 0.005039}}
{"target": -17.67723292755951, "params": {"gamma": 636.1181582013451, "log10_alpha": -1.7003734974904405, "log10_colsample_bytree": 0.0, "log10_eta": -4.0, "log10_lambda": -5.0, "log10_min_child_weight": 5.0, "log10_subsample": -1.0, "max_depth": 10.0, "num_boost_round": 7.0}, "datetime": {"datetime": "2024-01-19 01:55:07", "elapsed": 6205.252517, "delta": 0.005182}}
{"target": -17.677232921981876, "params": {"gamma": 636.1181582013451, "log10_alpha": -1.7003734974904405, "log10_colsample_bytree": 0.0, "log10_eta": -4.0, "log10_lambda": -5.0, "log10_min_child_weight": 5.0, "log10_subsample": -1.0, "max_depth": 10.0, "num_boost_round": 8.0}, "datetime": {"datetime": "2024-01-19 01:55:07", "elapsed": 6205.257586, "delta": 0.005069}}
{"target": -17.67723290076487, "params": {"gamma": 636.1181582013451, "log10_alpha": -1.7003734974904405, "log10_colsample_bytree": 0.0, "log10_eta": -4.0, "log10_lambda": -5.0, "log10_min_child_weight": 5.0, "log10_subsample": -1.0, "max_depth": 10.0, "num_boost_round": 9.0}, "datetime": {"datetime": "2024-01-19 01:55:07", "elapsed": 6205.262632, "delta": 0.005046}}
{"target": -17.677232921713593, "params": {"gamma": 636.1181582013451, "log10_alpha": -1.7003734974904405, "log10_colsample_bytree": 0.0, "log10_eta": -4.0, "log10_lambda": -5.0, "log10_min_child_weight": 5.0, "log10_subsample": -1.0, "max_depth": 10.0, "num_boost_round": 10.0}, "datetime": {"datetime": "2024-01-19 01:55:07", "elapsed": 6205.268071, "delta": 0.005439}}
{"target": -17.67723290663364, "params": {"gamma": 636.1181582013451, "log10_alpha": -1.7003734974904405, "log10_colsample_bytree": 0.0, "log10_eta": -4.0, "log10_lambda": -5.0, "log10_min_child_weight": 5.0, "log10_subsample": -1.0, "max_depth": 10.0, "num_boost_round": 11.0}, "datetime": {"datetime": "2024-01-19 01:55:07", "elapsed": 6205.273635, "delta": 0.005564}}
