{"target": -17.677191772514817, "params": {"gamma": 841.9345053607691, "log10_alpha": -1.3255007921062716, "log10_colsample_bytree": -0.7410409951313179, "log10_eta": -3.56783124553782, "log10_lambda": 0.8167349665949448, "log10_min_child_weight": 4.316712440189071, "log10_subsample": -0.2073518555242405, "max_depth": 9.0, "num_boost_round": 10.0}, "datetime": {"datetime": "2024-01-19 00:56:15", "elapsed": 2660.222885, "delta": 0.003487}}
{"target": -17.67718909708478, "params": {"gamma": 841.9345053607691, "log10_alpha": -1.3255007921062716, "log10_colsample_bytree": -0.7410409951313179, "log10_eta": -3.56783124553782, "log10_lambda": 0.8167349665949448, "log10_min_child_weight": 4.316712440189071, "log10_subsample": -0.2073518555242405, "max_depth": 9.0, "num_boost_round": 11.0}, "datetime": {"datetime": "2024-01-19 00:56:15", "elapsed": 2660.226406, "delta": 0.003521}}
{"target": -17.67719085717526, "params": {"gamma": 841.9345053607691, "log10_alpha": -1.3255007921062716, "log10_colsample_bytree": -0.7410409951313179, "log10_eta": -3.56783124553782, "log10_lambda": 0.8167349665949448, "log10_min_child_weight": 4.316712440189071, "log10_subsample": -0.2073518555242405, "max_depth": 9.0, "num_boost_round": 12.0}, "datetime": {"datetime": "2024-01-19 00:56:15", "elapsed": 2660.229931, "delta": 0.003525}}
{"target": -17.677187574377793, "params": {"gamma": 841.9345053607691, "log10_alpha": -1.3255007921062716, "log10_colsample_bytree": -0.7410409951313179, "log10_eta": -3.56783124553782, "log10_lambda": 0.8167349665949448, "log10_min_child_weight": 4.316712440189071, "log10_subsample": -0.2073518555242405, "max_depth": 9.0, "num_boost_round": 13.0}, "datetime": {"datetime": "2024-01-19 00:56:15", "elapsed": 2660.23337, "delta": 0.003439}}
{"target": -17.67718607062027, "params": {"gamma": 841.9345053607691, "log10_alpha": -1.3255007921062716, "log10_colsample_bytree": -0.7410409951313179, "log10_eta": -3.56783124553782, "log10_lambda": 0.8167349665949448, "log10_min_child_weight": 4.316712440189071, "log10_subsample": -0.2073518555242405, "max_depth": 9.0, "num_boost_round": 14.0}, "datetime": {"datetime": "2024-01-19 00:56:15", "elapsed": 2660.236885, "delta": 0.003515}}
{"target": -17.67718527823898, "params": {"gamma": 841.9345053607691, "log10_alpha": -1.3255007921062716, "log10_colsample_bytree": -0.7410409951313179, "log10_eta": -3.56783124553782, "log10_lambda": 0.8167349665949448, "log10_min_child_weight": 4.316712440189071, "log10_subsample": -0.2073518555242405, "max_depth": 9.0, "num_boost_round": 15.0}, "datetime": {"datetime": "2024-01-19 00:56:15", "elapsed": 2660.240379, "delta": 0.003494}}
{"target": -17.677180537324347, "params": {"gamma": 841.9345053607691, "log10_alpha": -1.3255007921062716, "log10_colsample_bytree": -0.7410409951313179, "log10_eta": -3.56783124553782, "log10_lambda": 0.8167349665949448, "log10_min_child_weight": 4.316712440189071, "log10_subsample": -0.2073518555242405, "max_depth": 9.0, "num_boost_round": 16.0}, "datetime": {"datetime": "2024-01-19 00:56:15", "elapsed": 2660.243928, "delta": 0.003549}}
{"target": -17.67717780499147, "params": {"gamma": 841.9345053607691, "log10_alpha": -1.3255007921062716, "log10_colsample_bytree": -0.7410409951313179, "log10_eta": -3.56783124553782, "log10_lambda": 0.8167349665949448, "log10_min_child_weight": 4.316712440189071, "log10_subsample": -0.2073518555242405, "max_depth": 9.0, "num_boost_round": 17.0}, "datetime": {"datetime": "2024-01-19 00:56:15", "elapsed": 2660.251986, "delta": 0.008058}}
{"target": -17.677174979477975, "params": {"gamma": 841.9345053607691, "log10_alpha": -1.3255007921062716, "log10_colsample_bytree": -0.7410409951313179, "log10_eta": -3.56783124553782, "log10_lambda": 0.8167349665949448, "log10_min_child_weight": 4.316712440189071, "log10_subsample": -0.2073518555242405, "max_depth": 9.0, "num_boost_round": 18.0}, "datetime": {"datetime": "2024-01-19 00:56:15", "elapsed": 2660.256473, "delta": 0.004487}}
{"target": -17.677165443988407, "params": {"gamma": 841.9345053607691, "log10_alpha": -1.3255007921062716, "log10_colsample_bytree": -0.7410409951313179, "log10_eta": -3.56783124553782, "log10_lambda": 0.8167349665949448, "log10_min_child_weight": 4.316712440189071, "log10_subsample": -0.2073518555242405, "max_depth": 9.0, "num_boost_round": 19.0}, "datetime": {"datetime": "2024-01-19 00:56:15", "elapsed": 2660.260056, "delta": 0.003583}}
{"target": -17.677165791802423, "params": {"gamma": 841.9345053607691, "log10_alpha": -1.3255007921062716, "log10_colsample_bytree": -0.7410409951313179, "log10_eta": -3.56783124553782, "log10_lambda": 0.8167349665949448, "log10_min_child_weight": 4.316712440189071, "log10_subsample": -0.2073518555242405, "max_depth": 9.0, "num_boost_round": 20.0}, "datetime": {"datetime": "2024-01-19 00:56:15", "elapsed": 2660.263536, "delta": 0.00348}}
{"target": -17.6771715680247, "params": {"gamma": 841.9345053607691, "log10_alpha": -1.3255007921062716, "log10_colsample_bytree": -0.7410409951313179, "log10_eta": -3.56783124553782, "log10_lambda": 0.8167349665949448, "log10_min_child_weight": 4.316712440189071, "log10_subsample": -0.2073518555242405, "max_depth": 9.0, "num_boost_round": 21.0}, "datetime": {"datetime": "2024-01-19 00:56:15", "elapsed": 2660.267096, "delta": 0.00356}}
{"target": -17.67716535522057, "params": {"gamma": 841.9345053607691, "log10_alpha": -1.3255007921062716, "log10_colsample_bytree": -0.7410409951313179, "log10_eta": -3.56783124553782, "log10_lambda": 0.8167349665949448, "log10_min_child_weight": 4.316712440189071, "log10_subsample": -0.2073518555242405, "max_depth": 9.0, "num_boost_round": 22.0}, "datetime": {"datetime": "2024-01-19 00:56:15", "elapsed": 2660.270563, "delta": 0.003467}}
{"target": -17.677160190453908, "params": {"gamma": 841.9345053607691, "log10_alpha": -1.3255007921062716, "log10_colsample_bytree": -0.7410409951313179, "log10_eta": -3.56783124553782, "log10_lambda": 0.8167349665949448, "log10_min_child_weight": 4.316712440189071, "log10_subsample": -0.2073518555242405, "max_depth": 9.0, "num_boost_round": 23.0}, "datetime": {"datetime": "2024-01-19 00:56:15", "elapsed": 2660.274015, "delta": 0.003452}}
{"target": -17.67715723113403, "params": {"gamma": 841.9345053607691, "log10_alpha": -1.3255007921062716, "log10_colsample_bytree": -0.7410409951313179, "log10_eta": -3.56783124553782, "log10_lambda": 0.8167349665949448, "log10_min_child_weight": 4.316712440189071, "log10_subsample": -0.2073518555242405, "max_depth": 9.0, "num_boost_round": 24.0}, "datetime": {"datetime": "2024-01-19 00:56:15", "elapsed": 2660.277549, "delta": 0.003534}}
{"target": -17.677156356626444, "params": {"gamma": 841.9345053607691, "log10_alpha": -1.3255007921062716, "log10_colsample_bytree": -0.7410409951313179, "log10_eta": -3.56783124553782, "log10_lambda": 0.8167349665949448, "log10_min_child_weight": 4.316712440189071, "log10_subsample": -0.2073518555242405, "max_depth": 9.0, "num_boost_round": 25.0}, "datetime": {"datetime": "2024-01-19 00:56:15", "elapsed": 2660.281066, "delta": 0.003517}}
{"target": -17.677154917122202, "params": {"gamma": 841.9345053607691, "log10_alpha": -1.3255007921062716, "log10_colsample_bytree": -0.7410409951313179, "log10_eta": -3.56783124553782, "log10_lambda": 0.8167349665949448, "log10_min_child_weight": 4.316712440189071, "log10_subsample": -0.2073518555242405, "max_depth": 9.0, "num_boost_round": 26.0}, "datetime": {"datetime": "2024-01-19 00:56:15", "elapsed": 2660.284581, "delta": 0.003515}}
{"target": -17.67714545945523, "params": {"gamma": 841.9345053607691, "log10_alpha": -1.3255007921062716, "log10_colsample_bytree": -0.7410409951313179, "log10_eta": -3.56783124553782, "log10_lambda": 0.8167349665949448, "log10_min_child_weight": 4.316712440189071, "log10_subsample": -0.2073518555242405, "max_depth": 9.0, "num_boost_round": 27.0}, "datetime": {"datetime": "2024-01-19 00:56:15", "elapsed": 2660.28804, "delta": 0.003459}}
{"target": -17.677141420648343, "params": {"gamma": 841.9345053607691, "log10_alpha": -1.3255007921062716, "log10_colsample_bytree": -0.7410409951313179, "log10_eta": -3.56783124553782, "log10_lambda": 0.8167349665949448, "log10_min_child_weight": 4.316712440189071, "log10_subsample": -0.2073518555242405, "max_depth": 9.0, "num_boost_round": 28.0}, "datetime": {"datetime": "2024-01-19 00:56:15", "elapsed": 2660.291634, "delta": 0.003594}}
{"target": -17.67713836552016, "params": {"gamma": 841.9345053607691, "log10_alpha": -1.3255007921062716, "log10_colsample_bytree": -0.7410409951313179, "log10_eta": -3.56783124553782, "log10_lambda": 0.8167349665949448, "log10_min_child_weight": 4.316712440189071, "log10_subsample": -0.2073518555242405, "max_depth": 9.0, "num_boost_round": 29.0}, "datetime": {"datetime": "2024-01-19 00:56:15", "elapsed": 2660.295164, "delta": 0.00353}}
{"target": -17.67713087849412, "params": {"gamma": 841.9345053607691, "log10_alpha": -1.3255007921062716, "log10_colsample_bytree": -0.7410409951313179, "log10_eta": -3.56783124553782, "log10_lambda": 0.8167349665949448, "log10_min_child_weight": 4.316712440189071, "log10_subsample": -0.2073518555242405, "max_depth": 9.0, "num_boost_round": 30.0}, "datetime": {"datetime": "2024-01-19 00:56:15", "elapsed": 2660.298705, "delta": 0.003541}}
{"target": -17.677130203539956, "params": {"gamma": 841.9345053607691, "log10_alpha": -1.3255007921062716, "log10_colsample_bytree": -0.7410409951313179, "log10_eta": -3.56783124553782, "log10_lambda": 0.8167349665949448, "log10_min_child_weight": 4.316712440189071, "log10_subsample": -0.2073518555242405, "max_depth": 9.0, "num_boost_round": 31.0}, "datetime": {"datetime": "2024-01-19 00:56:15", "elapsed": 2660.302197, "delta": 0.003492}}
{"target": -17.677133296603444, "params": {"gamma": 841.9345053607691, "log10_alpha": -1.3255007921062716, "log10_colsample_bytree": -0.7410409951313179, "log10_eta": -3.56783124553782, "log10_lambda": 0.8167349665949448, "log10_min_child_weight": 4.316712440189071, "log10_subsample": -0.2073518555242405, "max_depth": 9.0, "num_boost_round": 32.0}, "datetime": {"datetime": "2024-01-19 00:56:15", "elapsed": 2660.305722, "delta": 0.003525}}
{"target": -17.67713379850607, "params": {"gamma": 841.9345053607691, "log10_alpha": -1.3255007921062716, "log10_colsample_bytree": -0.7410409951313179, "log10_eta": -3.56783124553782, "log10_lambda": 0.8167349665949448, "log10_min_child_weight": 4.316712440189071, "log10_subsample": -0.2073518555242405, "max_depth": 9.0, "num_boost_round": 33.0}, "datetime": {"datetime": "2024-01-19 00:56:15", "elapsed": 2660.309181, "delta": 0.003459}}
{"target": -17.677129085460326, "params": {"gamma": 841.9345053607691, "log10_alpha": -1.3255007921062716, "log10_colsample_bytree": -0.7410409951313179, "log10_eta": -3.56783124553782, "log10_lambda": 0.8167349665949448, "log10_min_child_weight": 4.316712440189071, "log10_subsample": -0.2073518555242405, "max_depth": 9.0, "num_boost_round": 34.0}, "datetime": {"datetime": "2024-01-19 00:56:15", "elapsed": 2660.312699, "delta": 0.003518}}
{"target": -17.67712961908048, "params": {"gamma": 841.9345053607691, "log10_alpha": -1.3255007921062716, "log10_colsample_bytree": -0.7410409951313179, "log10_eta": -3.56783124553782, "log10_lambda": 0.8167349665949448, "log10_min_child_weight": 4.316712440189071, "log10_subsample": -0.2073518555242405, "max_depth": 9.0, "num_boost_round": 35.0}, "datetime": {"datetime": "2024-01-19 00:56:15", "elapsed": 2660.316123, "delta": 0.003424}}
{"target": -17.67713262427696, "params": {"gamma": 841.9345053607691, "log10_alpha": -1.3255007921062716, "log10_colsample_bytree": -0.7410409951313179, "log10_eta": -3.56783124553782, "log10_lambda": 0.8167349665949448, "log10_min_child_weight": 4.316712440189071, "log10_subsample": -0.2073518555242405, "max_depth": 9.0, "num_boost_round": 36.0}, "datetime": {"datetime": "2024-01-19 00:56:15", "elapsed": 2660.320263, "delta": 0.00414}}
{"target": -17.677131355124548, "params": {"gamma": 841.9345053607691, "log10_alpha": -1.3255007921062716, "log10_colsample_bytree": -0.7410409951313179, "log10_eta": -3.56783124553782, "log10_lambda": 0.8167349665949448, "log10_min_child_weight": 4.316712440189071, "log10_subsample": -0.2073518555242405, "max_depth": 9.0, "num_boost_round": 37.0}, "datetime": {"datetime": "2024-01-19 00:56:15", "elapsed": 2660.324194, "delta": 0.003931}}
{"target": -17.677127051776882, "params": {"gamma": 841.9345053607691, "log10_alpha": -1.3255007921062716, "log10_colsample_bytree": -0.7410409951313179, "log10_eta": -3.56783124553782, "log10_lambda": 0.8167349665949448, "log10_min_child_weight": 4.316712440189071, "log10_subsample": -0.2073518555242405, "max_depth": 9.0, "num_boost_round": 38.0}, "datetime": {"datetime": "2024-01-19 00:56:15", "elapsed": 2660.328162, "delta": 0.003968}}
{"target": -17.6771228628111, "params": {"gamma": 841.9345053607691, "log10_alpha": -1.3255007921062716, "log10_colsample_bytree": -0.7410409951313179, "log10_eta": -3.56783124553782, "log10_lambda": 0.8167349665949448, "log10_min_child_weight": 4.316712440189071, "log10_subsample": -0.2073518555242405, "max_depth": 9.0, "num_boost_round": 39.0}, "datetime": {"datetime": "2024-01-19 00:56:15", "elapsed": 2660.332812, "delta": 0.00465}}
{"target": -17.677121875044335, "params": {"gamma": 841.9345053607691, "log10_alpha": -1.3255007921062716, "log10_colsample_bytree": -0.7410409951313179, "log10_eta": -3.56783124553782, "log10_lambda": 0.8167349665949448, "log10_min_child_weight": 4.316712440189071, "log10_subsample": -0.2073518555242405, "max_depth": 9.0, "num_boost_round": 40.0}, "datetime": {"datetime": "2024-01-19 00:56:15", "elapsed": 2660.337158, "delta": 0.004346}}
{"target": -17.677120847126854, "params": {"gamma": 841.9345053607691, "log10_alpha": -1.3255007921062716, "log10_colsample_bytree": -0.7410409951313179, "log10_eta": -3.56783124553782, "log10_lambda": 0.8167349665949448, "log10_min_child_weight": 4.316712440189071, "log10_subsample": -0.2073518555242405, "max_depth": 9.0, "num_boost_round": 41.0}, "datetime": {"datetime": "2024-01-19 00:56:15", "elapsed": 2660.340862, "delta": 0.003704}}
{"target": -17.67712127832463, "params": {"gamma": 841.9345053607691, "log10_alpha": -1.3255007921062716, "log10_colsample_bytree": -0.7410409951313179, "log10_eta": -3.56783124553782, "log10_lambda": 0.8167349665949448, "log10_min_child_weight": 4.316712440189071, "log10_subsample": -0.2073518555242405, "max_depth": 9.0, "num_boost_round": 42.0}, "datetime": {"datetime": "2024-01-19 00:56:15", "elapsed": 2660.344469, "delta": 0.003607}}
{"target": -17.677117039839665, "params": {"gamma": 841.9345053607691, "log10_alpha": -1.3255007921062716, "log10_colsample_bytree": -0.7410409951313179, "log10_eta": -3.56783124553782, "log10_lambda": 0.8167349665949448, "log10_min_child_weight": 4.316712440189071, "log10_subsample": -0.2073518555242405, "max_depth": 9.0, "num_boost_round": 43.0}, "datetime": {"datetime": "2024-01-19 00:56:15", "elapsed": 2660.34801, "delta": 0.003541}}
{"target": -17.677115296533916, "params": {"gamma": 841.9345053607691, "log10_alpha": -1.3255007921062716, "log10_colsample_bytree": -0.7410409951313179, "log10_eta": -3.56783124553782, "log10_lambda": 0.8167349665949448, "log10_min_child_weight": 4.316712440189071, "log10_subsample": -0.2073518555242405, "max_depth": 9.0, "num_boost_round": 44.0}, "datetime": {"datetime": "2024-01-19 00:56:15", "elapsed": 2660.351467, "delta": 0.003457}}
{"target": -17.677111211005272, "params": {"gamma": 841.9345053607691, "log10_alpha": -1.3255007921062716, "log10_colsample_bytree": -0.7410409951313179, "log10_eta": -3.56783124553782, "log10_lambda": 0.8167349665949448, "log10_min_child_weight": 4.316712440189071, "log10_subsample": -0.2073518555242405, "max_depth": 9.0, "num_boost_round": 45.0}, "datetime": {"datetime": "2024-01-19 00:56:15", "elapsed": 2660.354953, "delta": 0.003486}}
{"target": -17.67710624591831, "params": {"gamma": 841.9345053607691, "log10_alpha": -1.3255007921062716, "log10_colsample_bytree": -0.7410409951313179, "log10_eta": -3.56783124553782, "log10_lambda": 0.8167349665949448, "log10_min_child_weight": 4.316712440189071, "log10_subsample": -0.2073518555242405, "max_depth": 9.0, "num_boost_round": 46.0}, "datetime": {"datetime": "2024-01-19 00:56:15", "elapsed": 2660.358506, "delta": 0.003553}}
{"target": -17.677098757168626, "params": {"gamma": 841.9345053607691, "log10_alpha": -1.3255007921062716, "log10_colsample_bytree": -0.7410409951313179, "log10_eta": -3.56783124553782, "log10_lambda": 0.8167349665949448, "log10_min_child_weight": 4.316712440189071, "log10_subsample": -0.2073518555242405, "max_depth": 9.0, "num_boost_round": 47.0}, "datetime": {"datetime": "2024-01-19 00:56:15", "elapsed": 2660.362106, "delta": 0.0036}}
{"target": -17.677099110412748, "params": {"gamma": 841.9345053607691, "log10_alpha": -1.3255007921062716, "log10_colsample_bytree": -0.7410409951313179, "log10_eta": -3.56783124553782, "log10_lambda": 0.8167349665949448, "log10_min_child_weight": 4.316712440189071, "log10_subsample": -0.2073518555242405, "max_depth": 9.0, "num_boost_round": 48.0}, "datetime": {"datetime": "2024-01-19 00:56:15", "elapsed": 2660.365593, "delta": 0.003487}}
{"target": -17.67709999336716, "params": {"gamma": 841.9345053607691, "log10_alpha": -1.3255007921062716, "log10_colsample_bytree": -0.7410409951313179, "log10_eta": -3.56783124553782, "log10_lambda": 0.8167349665949448, "log10_min_child_weight": 4.316712440189071, "log10_subsample": -0.2073518555242405, "max_depth": 9.0, "num_boost_round": 49.0}, "datetime": {"datetime": "2024-01-19 00:56:15", "elapsed": 2660.369125, "delta": 0.003532}}
{"target": -17.677101224290684, "params": {"gamma": 841.9345053607691, "log10_alpha": -1.3255007921062716, "log10_colsample_bytree": -0.7410409951313179, "log10_eta": -3.56783124553782, "log10_lambda": 0.8167349665949448, "log10_min_child_weight": 4.316712440189071, "log10_subsample": -0.2073518555242405, "max_depth": 9.0, "num_boost_round": 50.0}, "datetime": {"datetime": "2024-01-19 00:56:15", "elapsed": 2660.372603, "delta": 0.003478}}
{"target": -17.677104408495698, "params": {"gamma": 841.9345053607691, "log10_alpha": -1.3255007921062716, "log10_colsample_bytree": -0.7410409951313179, "log10_eta": -3.56783124553782, "log10_lambda": 0.8167349665949448, "log10_min_child_weight": 4.316712440189071, "log10_subsample": -0.2073518555242405, "max_depth": 9.0, "num_boost_round": 51.0}, "datetime": {"datetime": "2024-01-19 00:56:15", "elapsed": 2660.376165, "delta": 0.003562}}
{"target": -17.677105759795808, "params": {"gamma": 841.9345053607691, "log10_alpha": -1.3255007921062716, "log10_colsample_bytree": -0.7410409951313179, "log10_eta": -3.56783124553782, "log10_lambda": 0.8167349665949448, "log10_min_child_weight": 4.316712440189071, "log10_subsample": -0.2073518555242405, "max_depth": 9.0, "num_boost_round": 52.0}, "datetime": {"datetime": "2024-01-19 00:56:15", "elapsed": 2660.379646, "delta": 0.003481}}
{"target": -17.67710602811783, "params": {"gamma": 841.9345053607691, "log10_alpha": -1.3255007921062716, "log10_colsample_bytree": -0.7410409951313179, "log10_eta": -3.56783124553782, "log10_lambda": 0.8167349665949448, "log10_min_child_weight": 4.316712440189071, "log10_subsample": -0.2073518555242405, "max_depth": 9.0, "num_boost_round": 53.0}, "datetime": {"datetime": "2024-01-19 00:56:15", "elapsed": 2660.383197, "delta": 0.003551}}
{"target": -17.677107793466526, "params": {"gamma": 841.9345053607691, "log10_alpha": -1.3255007921062716, "log10_colsample_bytree": -0.7410409951313179, "log10_eta": -3.56783124553782, "log10_lambda": 0.8167349665949448, "log10_min_child_weight": 4.316712440189071, "log10_subsample": -0.2073518555242405, "max_depth": 9.0, "num_boost_round": 54.0}, "datetime": {"datetime": "2024-01-19 00:56:15", "elapsed": 2660.386655, "delta": 0.003458}}
{"target": -17.677111414511362, "params": {"gamma": 841.9345053607691, "log10_alpha": -1.3255007921062716, "log10_colsample_bytree": -0.7410409951313179, "log10_eta": -3.56783124553782, "log10_lambda": 0.8167349665949448, "log10_min_child_weight": 4.316712440189071, "log10_subsample": -0.2073518555242405, "max_depth": 9.0, "num_boost_round": 55.0}, "datetime": {"datetime": "2024-01-19 00:56:15", "elapsed": 2660.390174, "delta": 0.003519}}
{"target": -17.677113743645616, "params": {"gamma": 841.9345053607691, "log10_alpha": -1.3255007921062716, "log10_colsample_bytree": -0.7410409951313179, "log10_eta": -3.56783124553782, "log10_lambda": 0.8167349665949448, "log10_min_child_weight": 4.316712440189071, "log10_subsample": -0.2073518555242405, "max_depth": 9.0, "num_boost_round": 56.0}, "datetime": {"datetime": "2024-01-19 00:56:15", "elapsed": 2660.393646, "delta": 0.003472}}
{"target": -17.677115469469356, "params": {"gamma": 841.9345053607691, "log10_alpha": -1.3255007921062716, "log10_colsample_bytree": -0.7410409951313179, "log10_eta": -3.56783124553782, "log10_lambda": 0.8167349665949448, "log10_min_child_weight": 4.316712440189071, "log10_subsample": -0.2073518555242405, "max_depth": 9.0, "num_boost_round": 57.0}, "datetime": {"datetime": "2024-01-19 00:56:15", "elapsed": 2660.397172, "delta": 0.003526}}
{"target": -17.677117010133767, "params": {"gamma": 841.9345053607691, "log10_alpha": -1.3255007921062716, "log10_colsample_bytree": -0.7410409951313179, "log10_eta": -3.56783124553782, "log10_lambda": 0.8167349665949448, "log10_min_child_weight": 4.316712440189071, "log10_subsample": -0.2073518555242405, "max_depth": 9.0, "num_boost_round": 58.0}, "datetime": {"datetime": "2024-01-19 00:56:15", "elapsed": 2660.401481, "delta": 0.004309}}
