{"target": -17.681752920688567, "params": {"gamma": 452.1476353755924, "log10_alpha": -1.8135742514421196, "log10_colsample_bytree": -0.9772386527782014, "log10_eta": -1.3693145638303315, "log10_lambda": -0.5617302144564302, "log10_min_child_weight": 1.2698325502777412, "log10_subsample": -0.26646373281566993, "max_depth": 6.0, "num_boost_round": 25.0}, "datetime": {"datetime": "2024-01-19 01:43:07", "elapsed": 5491.993651, "delta": 0.003815}}
{"target": -17.68368658397687, "params": {"gamma": 452.1476353755924, "log10_alpha": -1.8135742514421196, "log10_colsample_bytree": -0.9772386527782014, "log10_eta": -1.3693145638303315, "log10_lambda": -0.5617302144564302, "log10_min_child_weight": 1.2698325502777412, "log10_subsample": -0.26646373281566993, "max_depth": 6.0, "num_boost_round": 26.0}, "datetime": {"datetime": "2024-01-19 01:43:07", "elapsed": 5491.99733, "delta": 0.003679}}
{"target": -17.68561299244776, "params": {"gamma": 452.1476353755924, "log10_alpha": -1.8135742514421196, "log10_colsample_bytree": -0.9772386527782014, "log10_eta": -1.3693145638303315, "log10_lambda": -0.5617302144564302, "log10_min_child_weight": 1.2698325502777412, "log10_subsample": -0.26646373281566993, "max_depth": 6.0, "num_boost_round": 27.0}, "datetime": {"datetime": "2024-01-19 01:43:07", "elapsed": 5492.001043, "delta": 0.003713}}
{"target": -17.685685594810526, "params": {"gamma": 452.1476353755924, "log10_alpha": -1.8135742514421196, "log10_colsample_bytree": -0.9772386527782014, "log10_eta": -1.3693145638303315, "log10_lambda": -0.5617302144564302, "log10_min_child_weight": 1.2698325502777412, "log10_subsample": -0.26646373281566993, "max_depth": 6.0, "num_boost_round": 28.0}, "datetime": {"datetime": "2024-01-19 01:43:07", "elapsed": 5492.004776, "delta": 0.003733}}
{"target": -17.686308845807012, "params": {"gamma": 452.1476353755924, "log10_alpha": -1.8135742514421196, "log10_colsample_bytree": -0.9772386527782014, "log10_eta": -1.3693145638303315, "log10_lambda": -0.5617302144564302, "log10_min_child_weight": 1.2698325502777412, "log10_subsample": -0.26646373281566993, "max_depth": 6.0, "num_boost_round": 29.0}, "datetime": {"datetime": "2024-01-19 01:43:07", "elapsed": 5492.008519, "delta": 0.003743}}
{"target": -17.687380211822614, "params": {"gamma": 452.1476353755924, "log10_alpha": -1.8135742514421196, "log10_colsample_bytree": -0.9772386527782014, "log10_eta": -1.3693145638303315, "log10_lambda": -0.5617302144564302, "log10_min_child_weight": 1.2698325502777412, "log10_subsample": -0.26646373281566993, "max_depth": 6.0, "num_boost_round": 30.0}, "datetime": {"datetime": "2024-01-19 01:43:07", "elapsed": 5492.012299, "delta": 0.00378}}
{"target": -17.688110216994613, "params": {"gamma": 452.1476353755924, "log10_alpha": -1.8135742514421196, "log10_colsample_bytree": -0.9772386527782014, "log10_eta": -1.3693145638303315, "log10_lambda": -0.5617302144564302, "log10_min_child_weight": 1.2698325502777412, "log10_subsample": -0.26646373281566993, "max_depth": 6.0, "num_boost_round": 31.0}, "datetime": {"datetime": "2024-01-19 01:43:07", "elapsed": 5492.016027, "delta": 0.003728}}
{"target": -17.689218073081058, "params": {"gamma": 452.1476353755924, "log10_alpha": -1.8135742514421196, "log10_colsample_bytree": -0.9772386527782014, "log10_eta": -1.3693145638303315, "log10_lambda": -0.5617302144564302, "log10_min_child_weight": 1.2698325502777412, "log10_subsample": -0.26646373281566993, "max_depth": 6.0, "num_boost_round": 32.0}, "datetime": {"datetime": "2024-01-19 01:43:07", "elapsed": 5492.019754, "delta": 0.003727}}
{"target": -17.67606922520932, "params": {"gamma": 445.8373939458202, "log10_alpha": -1.3499278879726488, "log10_colsample_bytree": -0.8716966031672928, "log10_eta": -1.4364976086209102, "log10_lambda": -4.18976761908479, "log10_min_child_weight": 2.812914379323699, "log10_subsample": -0.5098608821905919, "max_depth": 6.0, "num_boost_round": 0.0}, "datetime": {"datetime": "2024-01-19 01:44:12", "elapsed": 5557.018625, "delta": 64.998871}}
{"target": -17.67684573301868, "params": {"gamma": 445.8373939458202, "log10_alpha": -1.3499278879726488, "log10_colsample_bytree": -0.8716966031672928, "log10_eta": -1.4364976086209102, "log10_lambda": -4.18976761908479, "log10_min_child_weight": 2.812914379323699, "log10_subsample": -0.5098608821905919, "max_depth": 6.0, "num_boost_round": 1.0}, "datetime": {"datetime": "2024-01-19 01:44:12", "elapsed": 5557.022891, "delta": 0.004266}}
{"target": -17.676988052888333, "params": {"gamma": 445.8373939458202, "log10_alpha": -1.3499278879726488, "log10_colsample_bytree": -0.8716966031672928, "log10_eta": -1.4364976086209102, "log10_lambda": -4.18976761908479, "log10_min_child_weight": 2.812914379323699, "log10_subsample": -0.5098608821905919, "max_depth": 6.0, "num_boost_round": 2.0}, "datetime": {"datetime": "2024-01-19 01:44:12", "elapsed": 5557.026815, "delta": 0.003924}}
{"target": -17.676458673499546, "params": {"gamma": 445.8373939458202, "log10_alpha": -1.3499278879726488, "log10_colsample_bytree": -0.8716966031672928, "log10_eta": -1.4364976086209102, "log10_lambda": -4.18976761908479, "log10_min_child_weight": 2.812914379323699, "log10_subsample": -0.5098608821905919, "max_depth": 6.0, "num_boost_round": 3.0}, "datetime": {"datetime": "2024-01-19 01:44:12", "elapsed": 5557.030538, "delta": 0.003723}}
{"target": -17.675447626953922, "params": {"gamma": 445.8373939458202, "log10_alpha": -1.3499278879726488, "log10_colsample_bytree": -0.8716966031672928, "log10_eta": -1.4364976086209102, "log10_lambda": -4.18976761908479, "log10_min_child_weight": 2.812914379323699, "log10_subsample": -0.5098608821905919, "max_depth": 6.0, "num_boost_round": 4.0}, "datetime": {"datetime": "2024-01-19 01:44:12", "elapsed": 5557.034304, "delta": 0.003766}}
{"target": -17.675050095502208, "params": {"gamma": 445.8373939458202, "log10_alpha": -1.3499278879726488, "log10_colsample_bytree": -0.8716966031672928, "log10_eta": -1.4364976086209102, "log10_lambda": -4.18976761908479, "log10_min_child_weight": 2.812914379323699, "log10_subsample": -0.5098608821905919, "max_depth": 6.0, "num_boost_round": 5.0}, "datetime": {"datetime": "2024-01-19 01:44:12", "elapsed": 5557.038134, "delta": 0.00383}}
{"target": -17.675647137357355, "params": {"gamma": 445.8373939458202, "log10_alpha": -1.3499278879726488, "log10_colsample_bytree": -0.8716966031672928, "log10_eta": -1.4364976086209102, "log10_lambda": -4.18976761908479, "log10_min_child_weight": 2.812914379323699, "log10_subsample": -0.5098608821905919, "max_depth": 6.0, "num_boost_round": 6.0}, "datetime": {"datetime": "2024-01-19 01:44:12", "elapsed": 5557.041797, "delta": 0.003663}}
{"target": -17.67450918814283, "params": {"gamma": 445.8373939458202, "log10_alpha": -1.3499278879726488, "log10_colsample_bytree": -0.8716966031672928, "log10_eta": -1.4364976086209102, "log10_lambda": -4.18976761908479, "log10_min_child_weight": 2.812914379323699, "log10_subsample": -0.5098608821905919, "max_depth": 6.0, "num_boost_round": 7.0}, "datetime": {"datetime": "2024-01-19 01:44:12", "elapsed": 5557.045483, "delta": 0.003686}}
{"target": -17.673664810748452, "params": {"gamma": 445.8373939458202, "log10_alpha": -1.3499278879726488, "log10_colsample_bytree": -0.8716966031672928, "log10_eta": -1.4364976086209102, "log10_lambda": -4.18976761908479, "log10_min_child_weight": 2.812914379323699, "log10_subsample": -0.5098608821905919, "max_depth": 6.0, "num_boost_round": 8.0}, "datetime": {"datetime": "2024-01-19 01:44:12", "elapsed": 5557.04914, "delta": 0.003657}}
{"target": -17.6726736617007, "params": {"gamma": 445.8373939458202, "log10_alpha": -1.3499278879726488, "log10_colsample_bytree": -0.8716966031672928, "log10_eta": -1.4364976086209102, "log10_lambda": -4.18976761908479, "log10_min_child_weight": 2.812914379323699, "log10_subsample": -0.5098608821905919, "max_depth": 6.0, "num_boost_round": 9.0}, "datetime": {"datetime": "2024-01-19 01:44:12", "elapsed": 5557.052949, "delta": 0.003809}}
{"target": -17.672650133463492, "params": {"gamma": 445.8373939458202, "log10_alpha": -1.3499278879726488, "log10_colsample_bytree": -0.8716966031672928, "log10_eta": -1.4364976086209102, "log10_lambda": -4.18976761908479, "log10_min_child_weight": 2.812914379323699, "log10_subsample": -0.5098608821905919, "max_depth": 6.0, "num_boost_round": 10.0}, "datetime": {"datetime": "2024-01-19 01:44:12", "elapsed": 5557.056643, "delta": 0.003694}}
{"target": -17.673053481929568, "params": {"gamma": 445.8373939458202, "log10_alpha": -1.3499278879726488, "log10_colsample_bytree": -0.8716966031672928, "log10_eta": -1.4364976086209102, "log10_lambda": -4.18976761908479, "log10_min_child_weight": 2.812914379323699, "log10_subsample": -0.5098608821905919, "max_depth": 6.0, "num_boost_round": 11.0}, "datetime": {"datetime": "2024-01-19 01:44:12", "elapsed": 5557.060312, "delta": 0.003669}}
{"target": -17.67314225593353, "params": {"gamma": 445.8373939458202, "log10_alpha": -1.3499278879726488, "log10_colsample_bytree": -0.8716966031672928, "log10_eta": -1.4364976086209102, "log10_lambda": -4.18976761908479, "log10_min_child_weight": 2.812914379323699, "log10_subsample": -0.5098608821905919, "max_depth": 6.0, "num_boost_round": 12.0}, "datetime": {"datetime": "2024-01-19 01:44:12", "elapsed": 5557.165984, "delta": 0.105672}}
{"target": -17.67234293345287, "params": {"gamma": 445.8373939458202, "log10_alpha": -1.3499278879726488, "log10_colsample_bytree": -0.8716966031672928, "log10_eta": -1.4364976086209102, "log10_lambda": -4.18976761908479, "log10_min_child_weight": 2.812914379323699, "log10_subsample": -0.5098608821905919, "max_depth": 6.0, "num_boost_round": 13.0}, "datetime": {"datetime": "2024-01-19 01:44:12", "elapsed": 5557.17029, "delta": 0.004306}}
{"target": -17.671278773992736, "params": {"gamma": 445.8373939458202, "log10_alpha": -1.3499278879726488, "log10_colsample_bytree": -0.8716966031672928, "log10_eta": -1.4364976086209102, "log10_lambda": -4.18976761908479, "log10_min_child_weight": 2.812914379323699, "log10_subsample": -0.5098608821905919, "max_depth": 6.0, "num_boost_round": 14.0}, "datetime": {"datetime": "2024-01-19 01:44:12", "elapsed": 5557.174461, "delta": 0.004171}}
{"target": -17.66960546410074, "params": {"gamma": 445.8373939458202, "log10_alpha": -1.3499278879726488, "log10_colsample_bytree": -0.8716966031672928, "log10_eta": -1.4364976086209102, "log10_lambda": -4.18976761908479, "log10_min_child_weight": 2.812914379323699, "log10_subsample": -0.5098608821905919, "max_depth": 6.0, "num_boost_round": 15.0}, "datetime": {"datetime": "2024-01-19 01:44:12", "elapsed": 5557.17833, "delta": 0.003869}}
{"target": -17.669623193433576, "params": {"gamma": 445.8373939458202, "log10_alpha": -1.3499278879726488, "log10_colsample_bytree": -0.8716966031672928, "log10_eta": -1.4364976086209102, "log10_lambda": -4.18976761908479, "log10_min_child_weight": 2.812914379323699, "log10_subsample": -0.5098608821905919, "max_depth": 6.0, "num_boost_round": 16.0}, "datetime": {"datetime": "2024-01-19 01:44:12", "elapsed": 5557.182062, "delta": 0.003732}}
{"target": -17.6694884250275, "params": {"gamma": 445.8373939458202, "log10_alpha": -1.3499278879726488, "log10_colsample_bytree": -0.8716966031672928, "log10_eta": -1.4364976086209102, "log10_lambda": -4.18976761908479, "log10_min_child_weight": 2.812914379323699, "log10_subsample": -0.5098608821905919, "max_depth": 6.0, "num_boost_round": 17.0}, "datetime": {"datetime": "2024-01-19 01:44:12", "elapsed": 5557.1858, "delta": 0.003738}}
{"target": -17.6682137748845, "params": {"gamma": 445.8373939458202, "log10_alpha": -1.3499278879726488, "log10_colsample_bytree": -0.8716966031672928, "log10_eta": -1.4364976086209102, "log10_lambda": -4.18976761908479, "log10_min_child_weight": 2.812914379323699, "log10_subsample": -0.5098608821905919, "max_depth": 6.0, "num_boost_round": 18.0}, "datetime": {"datetime": "2024-01-19 01:44:12", "elapsed": 5557.189591, "delta": 0.003791}}
{"target": -17.668888898551938, "params": {"gamma": 445.8373939458202, "log10_alpha": -1.3499278879726488, "log10_colsample_bytree": -0.8716966031672928, "log10_eta": -1.4364976086209102, "log10_lambda": -4.18976761908479, "log10_min_child_weight": 2.812914379323699, "log10_subsample": -0.5098608821905919, "max_depth": 6.0, "num_boost_round": 19.0}, "datetime": {"datetime": "2024-01-19 01:44:12", "elapsed": 5557.193518, "delta": 0.003927}}
{"target": -17.668815738367705, "params": {"gamma": 445.8373939458202, "log10_alpha": -1.3499278879726488, "log10_colsample_bytree": -0.8716966031672928, "log10_eta": -1.4364976086209102, "log10_lambda": -4.18976761908479, "log10_min_child_weight": 2.812914379323699, "log10_subsample": -0.5098608821905919, "max_depth": 6.0, "num_boost_round": 20.0}, "datetime": {"datetime": "2024-01-19 01:44:12", "elapsed": 5557.197266, "delta": 0.003748}}
{"target": -17.668860750642235, "params": {"gamma": 445.8373939458202, "log10_alpha": -1.3499278879726488, "log10_colsample_bytree": -0.8716966031672928, "log10_eta": -1.4364976086209102, "log10_lambda": -4.18976761908479, "log10_min_child_weight": 2.812914379323699, "log10_subsample": -0.5098608821905919, "max_depth": 6.0, "num_boost_round": 21.0}, "datetime": {"datetime": "2024-01-19 01:44:12", "elapsed": 5557.201006, "delta": 0.00374}}
{"target": -17.669276600286032, "params": {"gamma": 445.8373939458202, "log10_alpha": -1.3499278879726488, "log10_colsample_bytree": -0.8716966031672928, "log10_eta": -1.4364976086209102, "log10_lambda": -4.18976761908479, "log10_min_child_weight": 2.812914379323699, "log10_subsample": -0.5098608821905919, "max_depth": 6.0, "num_boost_round": 22.0}, "datetime": {"datetime": "2024-01-19 01:44:12", "elapsed": 5557.204742, "delta": 0.003736}}
{"target": -17.66946396208633, "params": {"gamma": 445.8373939458202, "log10_alpha": -1.3499278879726488, "log10_colsample_bytree": -0.8716966031672928, "log10_eta": -1.4364976086209102, "log10_lambda": -4.18976761908479, "log10_min_child_weight": 2.812914379323699, "log10_subsample": -0.5098608821905919, "max_depth": 6.0, "num_boost_round": 23.0}, "datetime": {"datetime": "2024-01-19 01:44:12", "elapsed": 5557.208485, "delta": 0.003743}}
{"target": -17.670729517064157, "params": {"gamma": 445.8373939458202, "log10_alpha": -1.3499278879726488, "log10_colsample_bytree": -0.8716966031672928, "log10_eta": -1.4364976086209102, "log10_lambda": -4.18976761908479, "log10_min_child_weight": 2.812914379323699, "log10_subsample": -0.5098608821905919, "max_depth": 6.0, "num_boost_round": 24.0}, "datetime": {"datetime": "2024-01-19 01:44:12", "elapsed": 5557.212454, "delta": 0.003969}}
{"target": -17.672347733303248, "params": {"gamma": 445.8373939458202, "log10_alpha": -1.3499278879726488, "log10_colsample_bytree": -0.8716966031672928, "log10_eta": -1.4364976086209102, "log10_lambda": -4.18976761908479, "log10_min_child_weight": 2.812914379323699, "log10_subsample": -0.5098608821905919, "max_depth": 6.0, "num_boost_round": 25.0}, "datetime": {"datetime": "2024-01-19 01:44:12", "elapsed": 5557.216529, "delta": 0.004075}}
{"target": -17.67477084269055, "params": {"gamma": 445.8373939458202, "log10_alpha": -1.3499278879726488, "log10_colsample_bytree": -0.8716966031672928, "log10_eta": -1.4364976086209102, "log10_lambda": -4.18976761908479, "log10_min_child_weight": 2.812914379323699, "log10_subsample": -0.5098608821905919, "max_depth": 6.0, "num_boost_round": 26.0}, "datetime": {"datetime": "2024-01-19 01:44:12", "elapsed": 5557.220449, "delta": 0.00392}}
{"target": -17.676645155619948, "params": {"gamma": 445.8373939458202, "log10_alpha": -1.3499278879726488, "log10_colsample_bytree": -0.8716966031672928, "log10_eta": -1.4364976086209102, "log10_lambda": -4.18976761908479, "log10_min_child_weight": 2.812914379323699, "log10_subsample": -0.5098608821905919, "max_depth": 6.0, "num_boost_round": 27.0}, "datetime": {"datetime": "2024-01-19 01:44:12", "elapsed": 5557.224224, "delta": 0.003775}}
{"target": -17.6765062858043, "params": {"gamma": 445.8373939458202, "log10_alpha": -1.3499278879726488, "log10_colsample_bytree": -0.8716966031672928, "log10_eta": -1.4364976086209102, "log10_lambda": -4.18976761908479, "log10_min_child_weight": 2.812914379323699, "log10_subsample": -0.5098608821905919, "max_depth": 6.0, "num_boost_round": 28.0}, "datetime": {"datetime": "2024-01-19 01:44:12", "elapsed": 5557.228019, "delta": 0.003795}}
{"target": -17.676541830988533, "params": {"gamma": 445.8373939458202, "log10_alpha": -1.3499278879726488, "log10_colsample_bytree": -0.8716966031672928, "log10_eta": -1.4364976086209102, "log10_lambda": -4.18976761908479, "log10_min_child_weight": 2.812914379323699, "log10_subsample": -0.5098608821905919, "max_depth": 6.0, "num_boost_round": 29.0}, "datetime": {"datetime": "2024-01-19 01:44:12", "elapsed": 5557.231802, "delta": 0.003783}}
{"target": -17.67687657125245, "params": {"gamma": 445.8373939458202, "log10_alpha": -1.3499278879726488, "log10_colsample_bytree": -0.8716966031672928, "log10_eta": -1.4364976086209102, "log10_lambda": -4.18976761908479, "log10_min_child_weight": 2.812914379323699, "log10_subsample": -0.5098608821905919, "max_depth": 6.0, "num_boost_round": 30.0}, "datetime": {"datetime": "2024-01-19 01:44:12", "elapsed": 5557.235575, "delta": 0.003773}}
{"target": -17.677736328576316, "params": {"gamma": 445.8373939458202, "log10_alpha": -1.3499278879726488, "log10_colsample_bytree": -0.8716966031672928, "log10_eta": -1.4364976086209102, "log10_lambda": -4.18976761908479, "log10_min_child_weight": 2.812914379323699, "log10_subsample": -0.5098608821905919, "max_depth": 6.0, "num_boost_round": 31.0}, "datetime": {"datetime": "2024-01-19 01:44:12", "elapsed": 5557.239443, "delta": 0.003868}}
{"target": -17.67922477130221, "params": {"gamma": 445.8373939458202, "log10_alpha": -1.3499278879726488, "log10_colsample_bytree": -0.8716966031672928, "log10_eta": -1.4364976086209102, "log10_lambda": -4.18976761908479, "log10_min_child_weight": 2.812914379323699, "log10_subsample": -0.5098608821905919, "max_depth": 6.0, "num_boost_round": 32.0}, "datetime": {"datetime": "2024-01-19 01:44:12", "elapsed": 5557.24324, "delta": 0.003797}}
{"target": -17.680058599928252, "params": {"gamma": 445.8373939458202, "log10_alpha": -1.3499278879726488, "log10_colsample_bytree": -0.8716966031672928, "log10_eta": -1.4364976086209102, "log10_lambda": -4.18976761908479, "log10_min_child_weight": 2.812914379323699, "log10_subsample": -0.5098608821905919, "max_depth": 6.0, "num_boost_round": 33.0}, "datetime": {"datetime": "2024-01-19 01:44:12", "elapsed": 5557.247041, "delta": 0.003801}}
{"target": -17.6817435038514, "params": {"gamma": 445.8373939458202, "log10_alpha": -1.3499278879726488, "log10_colsample_bytree": -0.8716966031672928, "log10_eta": -1.4364976086209102, "log10_lambda": -4.18976761908479, "log10_min_child_weight": 2.812914379323699, "log10_subsample": -0.5098608821905919, "max_depth": 6.0, "num_boost_round": 34.0}, "datetime": {"datetime": "2024-01-19 01:44:12", "elapsed": 5557.250829, "delta": 0.003788}}
{"target": -17.680402529008195, "params": {"gamma": 445.8373939458202, "log10_alpha": -1.3499278879726488, "log10_colsample_bytree": -0.8716966031672928, "log10_eta": -1.4364976086209102, "log10_lambda": -4.18976761908479, "log10_min_child_weight": 2.812914379323699, "log10_subsample": -0.5098608821905919, "max_depth": 6.0, "num_boost_round": 35.0}, "datetime": {"datetime": "2024-01-19 01:44:12", "elapsed": 5557.254624, "delta": 0.003795}}
{"target": -17.68090103093861, "params": {"gamma": 445.8373939458202, "log10_alpha": -1.3499278879726488, "log10_colsample_bytree": -0.8716966031672928, "log10_eta": -1.4364976086209102, "log10_lambda": -4.18976761908479, "log10_min_child_weight": 2.812914379323699, "log10_subsample": -0.5098608821905919, "max_depth": 6.0, "num_boost_round": 36.0}, "datetime": {"datetime": "2024-01-19 01:44:12", "elapsed": 5557.258563, "delta": 0.003939}}
{"target": -17.681333968016578, "params": {"gamma": 445.8373939458202, "log10_alpha": -1.3499278879726488, "log10_colsample_bytree": -0.8716966031672928, "log10_eta": -1.4364976086209102, "log10_lambda": -4.18976761908479, "log10_min_child_weight": 2.812914379323699, "log10_subsample": -0.5098608821905919, "max_depth": 6.0, "num_boost_round": 37.0}, "datetime": {"datetime": "2024-01-19 01:44:12", "elapsed": 5557.262381, "delta": 0.003818}}
{"target": -17.67723414638833, "params": {"gamma": 422.2522800746851, "log10_alpha": -2.7911602884639306, "log10_colsample_bytree": -0.7296993519144379, "log10_eta": -3.5601790527269697, "log10_lambda": -3.700029635290071, "log10_min_child_weight": 2.8665414615429894, "log10_subsample": -0.08028374839372832, "max_depth": 4.0, "num_boost_round": 0.0}, "datetime": {"datetime": "2024-01-19 01:45:22", "elapsed": 5627.066095, "delta": 69.803714}}
{"target": -17.67721616868257, "params": {"gamma": 422.2522800746851, "log10_alpha": -2.7911602884639306, "log10_colsample_bytree": -0.7296993519144379, "log10_eta": -3.5601790527269697, "log10_lambda": -3.700029635290071, "log10_min_child_weight": 2.8665414615429894, "log10_subsample": -0.08028374839372832, "max_depth": 4.0, "num_boost_round": 1.0}, "datetime": {"datetime": "2024-01-19 01:45:22", "elapsed": 5627.070442, "delta": 0.004347}}
{"target": -17.67720747413285, "params": {"gamma": 422.2522800746851, "log10_alpha": -2.7911602884639306, "log10_colsample_bytree": -0.7296993519144379, "log10_eta": -3.5601790527269697, "log10_lambda": -3.700029635290071, "log10_min_child_weight": 2.8665414615429894, "log10_subsample": -0.08028374839372832, "max_depth": 4.0, "num_boost_round": 2.0}, "datetime": {"datetime": "2024-01-19 01:45:22", "elapsed": 5627.07455, "delta": 0.004108}}
