{"target": -17.670842144717763, "params": {"gamma": 422.26063316351593, "log10_alpha": -4.026782286776519, "log10_colsample_bytree": -0.12936152032440473, "log10_eta": -1.7375121728631924, "log10_lambda": -4.651446146804643, "log10_min_child_weight": 0.9199977786081459, "log10_subsample": -0.06852004689642344, "max_depth": 9.0, "num_boost_round": 4.0}, "datetime": {"datetime": "2024-01-19 00:19:54", "elapsed": 484.31319, "delta": 0.0015}}
{"target": -17.6708583838075, "params": {"gamma": 422.26063316351593, "log10_alpha": -4.026782286776519, "log10_colsample_bytree": -0.12936152032440473, "log10_eta": -1.7375121728631924, "log10_lambda": -4.651446146804643, "log10_min_child_weight": 0.9199977786081459, "log10_subsample": -0.06852004689642344, "max_depth": 9.0, "num_boost_round": 5.0}, "datetime": {"datetime": "2024-01-19 00:19:54", "elapsed": 484.314572, "delta": 0.001382}}
{"target": -17.672686683248113, "params": {"gamma": 422.26063316351593, "log10_alpha": -4.026782286776519, "log10_colsample_bytree": -0.12936152032440473, "log10_eta": -1.7375121728631924, "log10_lambda": -4.651446146804643, "log10_min_child_weight": 0.9199977786081459, "log10_subsample": -0.06852004689642344, "max_depth": 9.0, "num_boost_round": 6.0}, "datetime": {"datetime": "2024-01-19 00:19:54", "elapsed": 484.315903, "delta": 0.001331}}
{"target": -17.6736438385895, "params": {"gamma": 422.26063316351593, "log10_alpha": -4.026782286776519, "log10_colsample_bytree": -0.12936152032440473, "log10_eta": -1.7375121728631924, "log10_lambda": -4.651446146804643, "log10_min_child_weight": 0.9199977786081459, "log10_subsample": -0.06852004689642344, "max_depth": 9.0, "num_boost_round": 7.0}, "datetime": {"datetime": "2024-01-19 00:19:54", "elapsed": 484.317226, "delta": 0.001323}}
{"target": -17.672909676324196, "params": {"gamma": 422.26063316351593, "log10_alpha": -4.026782286776519, "log10_colsample_bytree": -0.12936152032440473, "log10_eta": -1.7375121728631924, "log10_lambda": -4.651446146804643, "log10_min_child_weight": 0.9199977786081459, "log10_subsample": -0.06852004689642344, "max_depth": 9.0, "num_boost_round": 8.0}, "datetime": {"datetime": "2024-01-19 00:19:54", "elapsed": 484.318574, "delta": 0.001348}}
{"target": -17.673367379456675, "params": {"gamma": 422.26063316351593, "log10_alpha": -4.026782286776519, "log10_colsample_bytree": -0.12936152032440473, "log10_eta": -1.7375121728631924, "log10_lambda": -4.651446146804643, "log10_min_child_weight": 0.9199977786081459, "log10_subsample": -0.06852004689642344, "max_depth": 9.0, "num_boost_round": 9.0}, "datetime": {"datetime": "2024-01-19 00:19:54", "elapsed": 484.319916, "delta": 0.001342}}
{"target": -17.673129635236016, "params": {"gamma": 422.26063316351593, "log10_alpha": -4.026782286776519, "log10_colsample_bytree": -0.12936152032440473, "log10_eta": -1.7375121728631924, "log10_lambda": -4.651446146804643, "log10_min_child_weight": 0.9199977786081459, "log10_subsample": -0.06852004689642344, "max_depth": 9.0, "num_boost_round": 10.0}, "datetime": {"datetime": "2024-01-19 00:19:54", "elapsed": 484.321261, "delta": 0.001345}}
{"target": -17.673931438601866, "params": {"gamma": 422.26063316351593, "log10_alpha": -4.026782286776519, "log10_colsample_bytree": -0.12936152032440473, "log10_eta": -1.7375121728631924, "log10_lambda": -4.651446146804643, "log10_min_child_weight": 0.9199977786081459, "log10_subsample": -0.06852004689642344, "max_depth": 9.0, "num_boost_round": 11.0}, "datetime": {"datetime": "2024-01-19 00:19:54", "elapsed": 484.322751, "delta": 0.00149}}
{"target": -17.676091692460112, "params": {"gamma": 422.26063316351593, "log10_alpha": -4.026782286776519, "log10_colsample_bytree": -0.12936152032440473, "log10_eta": -1.7375121728631924, "log10_lambda": -4.651446146804643, "log10_min_child_weight": 0.9199977786081459, "log10_subsample": -0.06852004689642344, "max_depth": 9.0, "num_boost_round": 12.0}, "datetime": {"datetime": "2024-01-19 00:19:54", "elapsed": 484.32409, "delta": 0.001339}}
{"target": -17.677850015157013, "params": {"gamma": 422.26063316351593, "log10_alpha": -4.026782286776519, "log10_colsample_bytree": -0.12936152032440473, "log10_eta": -1.7375121728631924, "log10_lambda": -4.651446146804643, "log10_min_child_weight": 0.9199977786081459, "log10_subsample": -0.06852004689642344, "max_depth": 9.0, "num_boost_round": 13.0}, "datetime": {"datetime": "2024-01-19 00:19:54", "elapsed": 484.325457, "delta": 0.001367}}
{"target": -17.678694599871655, "params": {"gamma": 422.26063316351593, "log10_alpha": -4.026782286776519, "log10_colsample_bytree": -0.12936152032440473, "log10_eta": -1.7375121728631924, "log10_lambda": -4.651446146804643, "log10_min_child_weight": 0.9199977786081459, "log10_subsample": -0.06852004689642344, "max_depth": 9.0, "num_boost_round": 14.0}, "datetime": {"datetime": "2024-01-19 00:19:54", "elapsed": 484.326787, "delta": 0.00133}}
{"target": -17.679843822027408, "params": {"gamma": 422.26063316351593, "log10_alpha": -4.026782286776519, "log10_colsample_bytree": -0.12936152032440473, "log10_eta": -1.7375121728631924, "log10_lambda": -4.651446146804643, "log10_min_child_weight": 0.9199977786081459, "log10_subsample": -0.06852004689642344, "max_depth": 9.0, "num_boost_round": 15.0}, "datetime": {"datetime": "2024-01-19 00:19:54", "elapsed": 484.328138, "delta": 0.001351}}
{"target": -17.679263073261293, "params": {"gamma": 422.26063316351593, "log10_alpha": -4.026782286776519, "log10_colsample_bytree": -0.12936152032440473, "log10_eta": -1.7375121728631924, "log10_lambda": -4.651446146804643, "log10_min_child_weight": 0.9199977786081459, "log10_subsample": -0.06852004689642344, "max_depth": 9.0, "num_boost_round": 16.0}, "datetime": {"datetime": "2024-01-19 00:19:54", "elapsed": 484.330012, "delta": 0.001874}}
{"target": -17.680963887849668, "params": {"gamma": 422.26063316351593, "log10_alpha": -4.026782286776519, "log10_colsample_bytree": -0.12936152032440473, "log10_eta": -1.7375121728631924, "log10_lambda": -4.651446146804643, "log10_min_child_weight": 0.9199977786081459, "log10_subsample": -0.06852004689642344, "max_depth": 9.0, "num_boost_round": 17.0}, "datetime": {"datetime": "2024-01-19 00:19:54", "elapsed": 484.332077, "delta": 0.002065}}
{"target": -17.68252824539067, "params": {"gamma": 422.26063316351593, "log10_alpha": -4.026782286776519, "log10_colsample_bytree": -0.12936152032440473, "log10_eta": -1.7375121728631924, "log10_lambda": -4.651446146804643, "log10_min_child_weight": 0.9199977786081459, "log10_subsample": -0.06852004689642344, "max_depth": 9.0, "num_boost_round": 18.0}, "datetime": {"datetime": "2024-01-19 00:19:54", "elapsed": 484.333686, "delta": 0.001609}}
{"target": -17.68489401844171, "params": {"gamma": 422.26063316351593, "log10_alpha": -4.026782286776519, "log10_colsample_bytree": -0.12936152032440473, "log10_eta": -1.7375121728631924, "log10_lambda": -4.651446146804643, "log10_min_child_weight": 0.9199977786081459, "log10_subsample": -0.06852004689642344, "max_depth": 9.0, "num_boost_round": 19.0}, "datetime": {"datetime": "2024-01-19 00:19:54", "elapsed": 484.335014, "delta": 0.001328}}
{"target": -17.686623815219125, "params": {"gamma": 422.26063316351593, "log10_alpha": -4.026782286776519, "log10_colsample_bytree": -0.12936152032440473, "log10_eta": -1.7375121728631924, "log10_lambda": -4.651446146804643, "log10_min_child_weight": 0.9199977786081459, "log10_subsample": -0.06852004689642344, "max_depth": 9.0, "num_boost_round": 20.0}, "datetime": {"datetime": "2024-01-19 00:19:54", "elapsed": 484.336346, "delta": 0.001332}}
{"target": -17.68868320847269, "params": {"gamma": 422.26063316351593, "log10_alpha": -4.026782286776519, "log10_colsample_bytree": -0.12936152032440473, "log10_eta": -1.7375121728631924, "log10_lambda": -4.651446146804643, "log10_min_child_weight": 0.9199977786081459, "log10_subsample": -0.06852004689642344, "max_depth": 9.0, "num_boost_round": 21.0}, "datetime": {"datetime": "2024-01-19 00:19:54", "elapsed": 484.337676, "delta": 0.00133}}
{"target": -17.690628234444784, "params": {"gamma": 422.26063316351593, "log10_alpha": -4.026782286776519, "log10_colsample_bytree": -0.12936152032440473, "log10_eta": -1.7375121728631924, "log10_lambda": -4.651446146804643, "log10_min_child_weight": 0.9199977786081459, "log10_subsample": -0.06852004689642344, "max_depth": 9.0, "num_boost_round": 22.0}, "datetime": {"datetime": "2024-01-19 00:19:54", "elapsed": 484.339016, "delta": 0.00134}}
{"target": -17.69163475618611, "params": {"gamma": 422.26063316351593, "log10_alpha": -4.026782286776519, "log10_colsample_bytree": -0.12936152032440473, "log10_eta": -1.7375121728631924, "log10_lambda": -4.651446146804643, "log10_min_child_weight": 0.9199977786081459, "log10_subsample": -0.06852004689642344, "max_depth": 9.0, "num_boost_round": 23.0}, "datetime": {"datetime": "2024-01-19 00:19:54", "elapsed": 484.340365, "delta": 0.001349}}
{"target": -17.69256670898693, "params": {"gamma": 422.26063316351593, "log10_alpha": -4.026782286776519, "log10_colsample_bytree": -0.12936152032440473, "log10_eta": -1.7375121728631924, "log10_lambda": -4.651446146804643, "log10_min_child_weight": 0.9199977786081459, "log10_subsample": -0.06852004689642344, "max_depth": 9.0, "num_boost_round": 24.0}, "datetime": {"datetime": "2024-01-19 00:19:54", "elapsed": 484.341925, "delta": 0.00156}}
{"target": -17.69419143922414, "params": {"gamma": 422.26063316351593, "log10_alpha": -4.026782286776519, "log10_colsample_bytree": -0.12936152032440473, "log10_eta": -1.7375121728631924, "log10_lambda": -4.651446146804643, "log10_min_child_weight": 0.9199977786081459, "log10_subsample": -0.06852004689642344, "max_depth": 9.0, "num_boost_round": 25.0}, "datetime": {"datetime": "2024-01-19 00:19:54", "elapsed": 484.34342, "delta": 0.001495}}
{"target": -17.69551650815184, "params": {"gamma": 422.26063316351593, "log10_alpha": -4.026782286776519, "log10_colsample_bytree": -0.12936152032440473, "log10_eta": -1.7375121728631924, "log10_lambda": -4.651446146804643, "log10_min_child_weight": 0.9199977786081459, "log10_subsample": -0.06852004689642344, "max_depth": 9.0, "num_boost_round": 26.0}, "datetime": {"datetime": "2024-01-19 00:19:54", "elapsed": 484.344921, "delta": 0.001501}}
{"target": -17.69802106022778, "params": {"gamma": 422.26063316351593, "log10_alpha": -4.026782286776519, "log10_colsample_bytree": -0.12936152032440473, "log10_eta": -1.7375121728631924, "log10_lambda": -4.651446146804643, "log10_min_child_weight": 0.9199977786081459, "log10_subsample": -0.06852004689642344, "max_depth": 9.0, "num_boost_round": 27.0}, "datetime": {"datetime": "2024-01-19 00:19:54", "elapsed": 484.346591, "delta": 0.00167}}
{"target": -17.700799707557433, "params": {"gamma": 422.26063316351593, "log10_alpha": -4.026782286776519, "log10_colsample_bytree": -0.12936152032440473, "log10_eta": -1.7375121728631924, "log10_lambda": -4.651446146804643, "log10_min_child_weight": 0.9199977786081459, "log10_subsample": -0.06852004689642344, "max_depth": 9.0, "num_boost_round": 28.0}, "datetime": {"datetime": "2024-01-19 00:19:54", "elapsed": 484.348035, "delta": 0.001444}}
{"target": -17.701278586940887, "params": {"gamma": 422.26063316351593, "log10_alpha": -4.026782286776519, "log10_colsample_bytree": -0.12936152032440473, "log10_eta": -1.7375121728631924, "log10_lambda": -4.651446146804643, "log10_min_child_weight": 0.9199977786081459, "log10_subsample": -0.06852004689642344, "max_depth": 9.0, "num_boost_round": 29.0}, "datetime": {"datetime": "2024-01-19 00:19:54", "elapsed": 484.349488, "delta": 0.001453}}
{"target": -17.702626994767154, "params": {"gamma": 422.26063316351593, "log10_alpha": -4.026782286776519, "log10_colsample_bytree": -0.12936152032440473, "log10_eta": -1.7375121728631924, "log10_lambda": -4.651446146804643, "log10_min_child_weight": 0.9199977786081459, "log10_subsample": -0.06852004689642344, "max_depth": 9.0, "num_boost_round": 30.0}, "datetime": {"datetime": "2024-01-19 00:19:54", "elapsed": 484.350848, "delta": 0.00136}}
{"target": -17.703697593043078, "params": {"gamma": 422.26063316351593, "log10_alpha": -4.026782286776519, "log10_colsample_bytree": -0.12936152032440473, "log10_eta": -1.7375121728631924, "log10_lambda": -4.651446146804643, "log10_min_child_weight": 0.9199977786081459, "log10_subsample": -0.06852004689642344, "max_depth": 9.0, "num_boost_round": 31.0}, "datetime": {"datetime": "2024-01-19 00:19:54", "elapsed": 484.352241, "delta": 0.001393}}
{"target": -17.70598880331682, "params": {"gamma": 422.26063316351593, "log10_alpha": -4.026782286776519, "log10_colsample_bytree": -0.12936152032440473, "log10_eta": -1.7375121728631924, "log10_lambda": -4.651446146804643, "log10_min_child_weight": 0.9199977786081459, "log10_subsample": -0.06852004689642344, "max_depth": 9.0, "num_boost_round": 32.0}, "datetime": {"datetime": "2024-01-19 00:19:54", "elapsed": 484.353667, "delta": 0.001426}}
{"target": -17.70833358330686, "params": {"gamma": 422.26063316351593, "log10_alpha": -4.026782286776519, "log10_colsample_bytree": -0.12936152032440473, "log10_eta": -1.7375121728631924, "log10_lambda": -4.651446146804643, "log10_min_child_weight": 0.9199977786081459, "log10_subsample": -0.06852004689642344, "max_depth": 9.0, "num_boost_round": 33.0}, "datetime": {"datetime": "2024-01-19 00:19:54", "elapsed": 484.355082, "delta": 0.001415}}
{"target": -17.708680876348005, "params": {"gamma": 422.26063316351593, "log10_alpha": -4.026782286776519, "log10_colsample_bytree": -0.12936152032440473, "log10_eta": -1.7375121728631924, "log10_lambda": -4.651446146804643, "log10_min_child_weight": 0.9199977786081459, "log10_subsample": -0.06852004689642344, "max_depth": 9.0, "num_boost_round": 34.0}, "datetime": {"datetime": "2024-01-19 00:19:54", "elapsed": 484.356492, "delta": 0.00141}}
{"target": -17.711215132516813, "params": {"gamma": 422.26063316351593, "log10_alpha": -4.026782286776519, "log10_colsample_bytree": -0.12936152032440473, "log10_eta": -1.7375121728631924, "log10_lambda": -4.651446146804643, "log10_min_child_weight": 0.9199977786081459, "log10_subsample": -0.06852004689642344, "max_depth": 9.0, "num_boost_round": 35.0}, "datetime": {"datetime": "2024-01-19 00:19:54", "elapsed": 484.357888, "delta": 0.001396}}
{"target": -17.711844179355847, "params": {"gamma": 422.26063316351593, "log10_alpha": -4.026782286776519, "log10_colsample_bytree": -0.12936152032440473, "log10_eta": -1.7375121728631924, "log10_lambda": -4.651446146804643, "log10_min_child_weight": 0.9199977786081459, "log10_subsample": -0.06852004689642344, "max_depth": 9.0, "num_boost_round": 36.0}, "datetime": {"datetime": "2024-01-19 00:19:54", "elapsed": 484.35928, "delta": 0.001392}}
{"target": -17.713257585823353, "params": {"gamma": 422.26063316351593, "log10_alpha": -4.026782286776519, "log10_colsample_bytree": -0.12936152032440473, "log10_eta": -1.7375121728631924, "log10_lambda": -4.651446146804643, "log10_min_child_weight": 0.9199977786081459, "log10_subsample": -0.06852004689642344, "max_depth": 9.0, "num_boost_round": 37.0}, "datetime": {"datetime": "2024-01-19 00:19:54", "elapsed": 484.360685, "delta": 0.001405}}
{"target": -17.716028646265126, "params": {"gamma": 422.26063316351593, "log10_alpha": -4.026782286776519, "log10_colsample_bytree": -0.12936152032440473, "log10_eta": -1.7375121728631924, "log10_lambda": -4.651446146804643, "log10_min_child_weight": 0.9199977786081459, "log10_subsample": -0.06852004689642344, "max_depth": 9.0, "num_boost_round": 38.0}, "datetime": {"datetime": "2024-01-19 00:19:54", "elapsed": 484.362094, "delta": 0.001409}}
{"target": -17.717872963334813, "params": {"gamma": 422.26063316351593, "log10_alpha": -4.026782286776519, "log10_colsample_bytree": -0.12936152032440473, "log10_eta": -1.7375121728631924, "log10_lambda": -4.651446146804643, "log10_min_child_weight": 0.9199977786081459, "log10_subsample": -0.06852004689642344, "max_depth": 9.0, "num_boost_round": 39.0}, "datetime": {"datetime": "2024-01-19 00:19:54", "elapsed": 484.363526, "delta": 0.001432}}
{"target": -17.71851914204507, "params": {"gamma": 422.26063316351593, "log10_alpha": -4.026782286776519, "log10_colsample_bytree": -0.12936152032440473, "log10_eta": -1.7375121728631924, "log10_lambda": -4.651446146804643, "log10_min_child_weight": 0.9199977786081459, "log10_subsample": -0.06852004689642344, "max_depth": 9.0, "num_boost_round": 40.0}, "datetime": {"datetime": "2024-01-19 00:19:54", "elapsed": 484.364918, "delta": 0.001392}}
{"target": -17.720619403595055, "params": {"gamma": 422.26063316351593, "log10_alpha": -4.026782286776519, "log10_colsample_bytree": -0.12936152032440473, "log10_eta": -1.7375121728631924, "log10_lambda": -4.651446146804643, "log10_min_child_weight": 0.9199977786081459, "log10_subsample": -0.06852004689642344, "max_depth": 9.0, "num_boost_round": 41.0}, "datetime": {"datetime": "2024-01-19 00:19:54", "elapsed": 484.366331, "delta": 0.001413}}
{"target": -17.722107801913722, "params": {"gamma": 422.26063316351593, "log10_alpha": -4.026782286776519, "log10_colsample_bytree": -0.12936152032440473, "log10_eta": -1.7375121728631924, "log10_lambda": -4.651446146804643, "log10_min_child_weight": 0.9199977786081459, "log10_subsample": -0.06852004689642344, "max_depth": 9.0, "num_boost_round": 42.0}, "datetime": {"datetime": "2024-01-19 00:19:54", "elapsed": 484.367749, "delta": 0.001418}}
{"target": -17.723348924627505, "params": {"gamma": 422.26063316351593, "log10_alpha": -4.026782286776519, "log10_colsample_bytree": -0.12936152032440473, "log10_eta": -1.7375121728631924, "log10_lambda": -4.651446146804643, "log10_min_child_weight": 0.9199977786081459, "log10_subsample": -0.06852004689642344, "max_depth": 9.0, "num_boost_round": 43.0}, "datetime": {"datetime": "2024-01-19 00:19:54", "elapsed": 484.369149, "delta": 0.0014}}
{"target": -17.72411387227682, "params": {"gamma": 422.26063316351593, "log10_alpha": -4.026782286776519, "log10_colsample_bytree": -0.12936152032440473, "log10_eta": -1.7375121728631924, "log10_lambda": -4.651446146804643, "log10_min_child_weight": 0.9199977786081459, "log10_subsample": -0.06852004689642344, "max_depth": 9.0, "num_boost_round": 44.0}, "datetime": {"datetime": "2024-01-19 00:19:54", "elapsed": 484.370573, "delta": 0.001424}}
{"target": -17.72607351227231, "params": {"gamma": 422.26063316351593, "log10_alpha": -4.026782286776519, "log10_colsample_bytree": -0.12936152032440473, "log10_eta": -1.7375121728631924, "log10_lambda": -4.651446146804643, "log10_min_child_weight": 0.9199977786081459, "log10_subsample": -0.06852004689642344, "max_depth": 9.0, "num_boost_round": 45.0}, "datetime": {"datetime": "2024-01-19 00:19:54", "elapsed": 484.371981, "delta": 0.001408}}
{"target": -17.730327947894416, "params": {"gamma": 422.26063316351593, "log10_alpha": -4.026782286776519, "log10_colsample_bytree": -0.12936152032440473, "log10_eta": -1.7375121728631924, "log10_lambda": -4.651446146804643, "log10_min_child_weight": 0.9199977786081459, "log10_subsample": -0.06852004689642344, "max_depth": 9.0, "num_boost_round": 46.0}, "datetime": {"datetime": "2024-01-19 00:19:54", "elapsed": 484.373799, "delta": 0.001818}}
{"target": -17.734460721224767, "params": {"gamma": 422.26063316351593, "log10_alpha": -4.026782286776519, "log10_colsample_bytree": -0.12936152032440473, "log10_eta": -1.7375121728631924, "log10_lambda": -4.651446146804643, "log10_min_child_weight": 0.9199977786081459, "log10_subsample": -0.06852004689642344, "max_depth": 9.0, "num_boost_round": 47.0}, "datetime": {"datetime": "2024-01-19 00:19:54", "elapsed": 484.375397, "delta": 0.001598}}
{"target": -17.734463520465265, "params": {"gamma": 422.26063316351593, "log10_alpha": -4.026782286776519, "log10_colsample_bytree": -0.12936152032440473, "log10_eta": -1.7375121728631924, "log10_lambda": -4.651446146804643, "log10_min_child_weight": 0.9199977786081459, "log10_subsample": -0.06852004689642344, "max_depth": 9.0, "num_boost_round": 48.0}, "datetime": {"datetime": "2024-01-19 00:19:54", "elapsed": 484.376865, "delta": 0.001468}}
{"target": -17.736810896670793, "params": {"gamma": 422.26063316351593, "log10_alpha": -4.026782286776519, "log10_colsample_bytree": -0.12936152032440473, "log10_eta": -1.7375121728631924, "log10_lambda": -4.651446146804643, "log10_min_child_weight": 0.9199977786081459, "log10_subsample": -0.06852004689642344, "max_depth": 9.0, "num_boost_round": 49.0}, "datetime": {"datetime": "2024-01-19 00:19:54", "elapsed": 484.378336, "delta": 0.001471}}
{"target": -17.73926760382139, "params": {"gamma": 422.26063316351593, "log10_alpha": -4.026782286776519, "log10_colsample_bytree": -0.12936152032440473, "log10_eta": -1.7375121728631924, "log10_lambda": -4.651446146804643, "log10_min_child_weight": 0.9199977786081459, "log10_subsample": -0.06852004689642344, "max_depth": 9.0, "num_boost_round": 50.0}, "datetime": {"datetime": "2024-01-19 00:19:54", "elapsed": 484.379709, "delta": 0.001373}}
{"target": -17.74014847254749, "params": {"gamma": 422.26063316351593, "log10_alpha": -4.026782286776519, "log10_colsample_bytree": -0.12936152032440473, "log10_eta": -1.7375121728631924, "log10_lambda": -4.651446146804643, "log10_min_child_weight": 0.9199977786081459, "log10_subsample": -0.06852004689642344, "max_depth": 9.0, "num_boost_round": 51.0}, "datetime": {"datetime": "2024-01-19 00:19:54", "elapsed": 484.381118, "delta": 0.001409}}
{"target": -17.74199196926899, "params": {"gamma": 422.26063316351593, "log10_alpha": -4.026782286776519, "log10_colsample_bytree": -0.12936152032440473, "log10_eta": -1.7375121728631924, "log10_lambda": -4.651446146804643, "log10_min_child_weight": 0.9199977786081459, "log10_subsample": -0.06852004689642344, "max_depth": 9.0, "num_boost_round": 52.0}, "datetime": {"datetime": "2024-01-19 00:19:54", "elapsed": 484.382577, "delta": 0.001459}}
