{"target": -13.757722801593081, "params": {"gamma": 555.1696869635356, "log10_alpha": 0.8548370194946298, "log10_colsample_bytree": -0.9851976245067581, "log10_eta": -2.7163889966170403, "log10_lambda": -2.829753432938791, "log10_min_child_weight": 1.570944998714419, "log10_subsample": -0.1426158436911784, "max_depth": 4.0, "num_boost_round": 35.0}, "datetime": {"datetime": "2024-01-19 00:41:16", "elapsed": 1808.166496, "delta": 0.002224}}
{"target": -13.75769968552528, "params": {"gamma": 555.1696869635356, "log10_alpha": 0.8548370194946298, "log10_colsample_bytree": -0.9851976245067581, "log10_eta": -2.7163889966170403, "log10_lambda": -2.829753432938791, "log10_min_child_weight": 1.570944998714419, "log10_subsample": -0.1426158436911784, "max_depth": 4.0, "num_boost_round": 36.0}, "datetime": {"datetime": "2024-01-19 00:41:16", "elapsed": 1808.1686, "delta": 0.002104}}
{"target": -13.757671082732081, "params": {"gamma": 555.1696869635356, "log10_alpha": 0.8548370194946298, "log10_colsample_bytree": -0.9851976245067581, "log10_eta": -2.7163889966170403, "log10_lambda": -2.829753432938791, "log10_min_child_weight": 1.570944998714419, "log10_subsample": -0.1426158436911784, "max_depth": 4.0, "num_boost_round": 37.0}, "datetime": {"datetime": "2024-01-19 00:41:16", "elapsed": 1808.170765, "delta": 0.002165}}
{"target": -13.75766056402484, "params": {"gamma": 555.1696869635356, "log10_alpha": 0.8548370194946298, "log10_colsample_bytree": -0.9851976245067581, "log10_eta": -2.7163889966170403, "log10_lambda": -2.829753432938791, "log10_min_child_weight": 1.570944998714419, "log10_subsample": -0.1426158436911784, "max_depth": 4.0, "num_boost_round": 38.0}, "datetime": {"datetime": "2024-01-19 00:41:16", "elapsed": 1808.172892, "delta": 0.002127}}
{"target": -13.757659620134472, "params": {"gamma": 555.1696869635356, "log10_alpha": 0.8548370194946298, "log10_colsample_bytree": -0.9851976245067581, "log10_eta": -2.7163889966170403, "log10_lambda": -2.829753432938791, "log10_min_child_weight": 1.570944998714419, "log10_subsample": -0.1426158436911784, "max_depth": 4.0, "num_boost_round": 39.0}, "datetime": {"datetime": "2024-01-19 00:41:16", "elapsed": 1808.175017, "delta": 0.002125}}
{"target": -13.757605939415447, "params": {"gamma": 555.1696869635356, "log10_alpha": 0.8548370194946298, "log10_colsample_bytree": -0.9851976245067581, "log10_eta": -2.7163889966170403, "log10_lambda": -2.829753432938791, "log10_min_child_weight": 1.570944998714419, "log10_subsample": -0.1426158436911784, "max_depth": 4.0, "num_boost_round": 40.0}, "datetime": {"datetime": "2024-01-19 00:41:16", "elapsed": 1808.177186, "delta": 0.002169}}
{"target": -13.757612493498392, "params": {"gamma": 555.1696869635356, "log10_alpha": 0.8548370194946298, "log10_colsample_bytree": -0.9851976245067581, "log10_eta": -2.7163889966170403, "log10_lambda": -2.829753432938791, "log10_min_child_weight": 1.570944998714419, "log10_subsample": -0.1426158436911784, "max_depth": 4.0, "num_boost_round": 41.0}, "datetime": {"datetime": "2024-01-19 00:41:16", "elapsed": 1808.179308, "delta": 0.002122}}
{"target": -13.757631216971328, "params": {"gamma": 555.1696869635356, "log10_alpha": 0.8548370194946298, "log10_colsample_bytree": -0.9851976245067581, "log10_eta": -2.7163889966170403, "log10_lambda": -2.829753432938791, "log10_min_child_weight": 1.570944998714419, "log10_subsample": -0.1426158436911784, "max_depth": 4.0, "num_boost_round": 42.0}, "datetime": {"datetime": "2024-01-19 00:41:16", "elapsed": 1808.181436, "delta": 0.002128}}
{"target": -13.756900504798876, "params": {"gamma": 562.2196247183957, "log10_alpha": 0.12454305976389612, "log10_colsample_bytree": -0.28767269251091443, "log10_eta": -0.5738400912501858, "log10_lambda": 0.9043075542244665, "log10_min_child_weight": 4.756909936624235, "log10_subsample": -0.7563046520366286, "max_depth": 2.0, "num_boost_round": 0.0}, "datetime": {"datetime": "2024-01-19 00:41:48", "elapsed": 1840.469576, "delta": 32.28814}}
{"target": -13.757232992613291, "params": {"gamma": 562.2196247183957, "log10_alpha": 0.12454305976389612, "log10_colsample_bytree": -0.28767269251091443, "log10_eta": -0.5738400912501858, "log10_lambda": 0.9043075542244665, "log10_min_child_weight": 4.756909936624235, "log10_subsample": -0.7563046520366286, "max_depth": 2.0, "num_boost_round": 1.0}, "datetime": {"datetime": "2024-01-19 00:41:48", "elapsed": 1840.471834, "delta": 0.002258}}
{"target": -13.75851596949532, "params": {"gamma": 562.2196247183957, "log10_alpha": 0.12454305976389612, "log10_colsample_bytree": -0.28767269251091443, "log10_eta": -0.5738400912501858, "log10_lambda": 0.9043075542244665, "log10_min_child_weight": 4.756909936624235, "log10_subsample": -0.7563046520366286, "max_depth": 2.0, "num_boost_round": 2.0}, "datetime": {"datetime": "2024-01-19 00:41:48", "elapsed": 1840.47409, "delta": 0.002256}}
{"target": -13.759068521696204, "params": {"gamma": 562.2196247183957, "log10_alpha": 0.12454305976389612, "log10_colsample_bytree": -0.28767269251091443, "log10_eta": -0.5738400912501858, "log10_lambda": 0.9043075542244665, "log10_min_child_weight": 4.756909936624235, "log10_subsample": -0.7563046520366286, "max_depth": 2.0, "num_boost_round": 3.0}, "datetime": {"datetime": "2024-01-19 00:41:48", "elapsed": 1840.476187, "delta": 0.002097}}
{"target": -13.759540079024124, "params": {"gamma": 562.2196247183957, "log10_alpha": 0.12454305976389612, "log10_colsample_bytree": -0.28767269251091443, "log10_eta": -0.5738400912501858, "log10_lambda": 0.9043075542244665, "log10_min_child_weight": 4.756909936624235, "log10_subsample": -0.7563046520366286, "max_depth": 2.0, "num_boost_round": 4.0}, "datetime": {"datetime": "2024-01-19 00:41:48", "elapsed": 1840.479127, "delta": 0.00294}}
{"target": -13.760425174414053, "params": {"gamma": 562.2196247183957, "log10_alpha": 0.12454305976389612, "log10_colsample_bytree": -0.28767269251091443, "log10_eta": -0.5738400912501858, "log10_lambda": 0.9043075542244665, "log10_min_child_weight": 4.756909936624235, "log10_subsample": -0.7563046520366286, "max_depth": 2.0, "num_boost_round": 5.0}, "datetime": {"datetime": "2024-01-19 00:41:48", "elapsed": 1840.481257, "delta": 0.00213}}
{"target": -13.762883697281042, "params": {"gamma": 562.2196247183957, "log10_alpha": 0.12454305976389612, "log10_colsample_bytree": -0.28767269251091443, "log10_eta": -0.5738400912501858, "log10_lambda": 0.9043075542244665, "log10_min_child_weight": 4.756909936624235, "log10_subsample": -0.7563046520366286, "max_depth": 2.0, "num_boost_round": 6.0}, "datetime": {"datetime": "2024-01-19 00:41:48", "elapsed": 1840.483362, "delta": 0.002105}}
{"target": -13.76398105849608, "params": {"gamma": 562.2196247183957, "log10_alpha": 0.12454305976389612, "log10_colsample_bytree": -0.28767269251091443, "log10_eta": -0.5738400912501858, "log10_lambda": 0.9043075542244665, "log10_min_child_weight": 4.756909936624235, "log10_subsample": -0.7563046520366286, "max_depth": 2.0, "num_boost_round": 7.0}, "datetime": {"datetime": "2024-01-19 00:41:48", "elapsed": 1840.485461, "delta": 0.002099}}
{"target": -13.764461737252569, "params": {"gamma": 562.2196247183957, "log10_alpha": 0.12454305976389612, "log10_colsample_bytree": -0.28767269251091443, "log10_eta": -0.5738400912501858, "log10_lambda": 0.9043075542244665, "log10_min_child_weight": 4.756909936624235, "log10_subsample": -0.7563046520366286, "max_depth": 2.0, "num_boost_round": 8.0}, "datetime": {"datetime": "2024-01-19 00:41:48", "elapsed": 1840.487565, "delta": 0.002104}}
{"target": -13.764641601553667, "params": {"gamma": 562.2196247183957, "log10_alpha": 0.12454305976389612, "log10_colsample_bytree": -0.28767269251091443, "log10_eta": -0.5738400912501858, "log10_lambda": 0.9043075542244665, "log10_min_child_weight": 4.756909936624235, "log10_subsample": -0.7563046520366286, "max_depth": 2.0, "num_boost_round": 9.0}, "datetime": {"datetime": "2024-01-19 00:41:48", "elapsed": 1840.489668, "delta": 0.002103}}
{"target": -13.763764422380115, "params": {"gamma": 562.2196247183957, "log10_alpha": 0.12454305976389612, "log10_colsample_bytree": -0.28767269251091443, "log10_eta": -0.5738400912501858, "log10_lambda": 0.9043075542244665, "log10_min_child_weight": 4.756909936624235, "log10_subsample": -0.7563046520366286, "max_depth": 2.0, "num_boost_round": 10.0}, "datetime": {"datetime": "2024-01-19 00:41:48", "elapsed": 1840.491785, "delta": 0.002117}}
{"target": -13.763793390035877, "params": {"gamma": 562.2196247183957, "log10_alpha": 0.12454305976389612, "log10_colsample_bytree": -0.28767269251091443, "log10_eta": -0.5738400912501858, "log10_lambda": 0.9043075542244665, "log10_min_child_weight": 4.756909936624235, "log10_subsample": -0.7563046520366286, "max_depth": 2.0, "num_boost_round": 11.0}, "datetime": {"datetime": "2024-01-19 00:41:48", "elapsed": 1840.494823, "delta": 0.003038}}
{"target": -13.764429377442887, "params": {"gamma": 562.2196247183957, "log10_alpha": 0.12454305976389612, "log10_colsample_bytree": -0.28767269251091443, "log10_eta": -0.5738400912501858, "log10_lambda": 0.9043075542244665, "log10_min_child_weight": 4.756909936624235, "log10_subsample": -0.7563046520366286, "max_depth": 2.0, "num_boost_round": 12.0}, "datetime": {"datetime": "2024-01-19 00:41:48", "elapsed": 1840.496916, "delta": 0.002093}}
{"target": -13.765460791026955, "params": {"gamma": 562.2196247183957, "log10_alpha": 0.12454305976389612, "log10_colsample_bytree": -0.28767269251091443, "log10_eta": -0.5738400912501858, "log10_lambda": 0.9043075542244665, "log10_min_child_weight": 4.756909936624235, "log10_subsample": -0.7563046520366286, "max_depth": 2.0, "num_boost_round": 13.0}, "datetime": {"datetime": "2024-01-19 00:41:48", "elapsed": 1840.499001, "delta": 0.002085}}
{"target": -13.765853391052609, "params": {"gamma": 562.2196247183957, "log10_alpha": 0.12454305976389612, "log10_colsample_bytree": -0.28767269251091443, "log10_eta": -0.5738400912501858, "log10_lambda": 0.9043075542244665, "log10_min_child_weight": 4.756909936624235, "log10_subsample": -0.7563046520366286, "max_depth": 2.0, "num_boost_round": 14.0}, "datetime": {"datetime": "2024-01-19 00:41:48", "elapsed": 1840.501129, "delta": 0.002128}}
{"target": -13.767539479870376, "params": {"gamma": 562.2196247183957, "log10_alpha": 0.12454305976389612, "log10_colsample_bytree": -0.28767269251091443, "log10_eta": -0.5738400912501858, "log10_lambda": 0.9043075542244665, "log10_min_child_weight": 4.756909936624235, "log10_subsample": -0.7563046520366286, "max_depth": 2.0, "num_boost_round": 15.0}, "datetime": {"datetime": "2024-01-19 00:41:48", "elapsed": 1840.503321, "delta": 0.002192}}
{"target": -13.768105118161012, "params": {"gamma": 562.2196247183957, "log10_alpha": 0.12454305976389612, "log10_colsample_bytree": -0.28767269251091443, "log10_eta": -0.5738400912501858, "log10_lambda": 0.9043075542244665, "log10_min_child_weight": 4.756909936624235, "log10_subsample": -0.7563046520366286, "max_depth": 2.0, "num_boost_round": 16.0}, "datetime": {"datetime": "2024-01-19 00:41:48", "elapsed": 1840.505453, "delta": 0.002132}}
{"target": -13.769098445367122, "params": {"gamma": 562.2196247183957, "log10_alpha": 0.12454305976389612, "log10_colsample_bytree": -0.28767269251091443, "log10_eta": -0.5738400912501858, "log10_lambda": 0.9043075542244665, "log10_min_child_weight": 4.756909936624235, "log10_subsample": -0.7563046520366286, "max_depth": 2.0, "num_boost_round": 17.0}, "datetime": {"datetime": "2024-01-19 00:41:48", "elapsed": 1840.507696, "delta": 0.002243}}
{"target": -13.769479963700483, "params": {"gamma": 562.2196247183957, "log10_alpha": 0.12454305976389612, "log10_colsample_bytree": -0.28767269251091443, "log10_eta": -0.5738400912501858, "log10_lambda": 0.9043075542244665, "log10_min_child_weight": 4.756909936624235, "log10_subsample": -0.7563046520366286, "max_depth": 2.0, "num_boost_round": 18.0}, "datetime": {"datetime": "2024-01-19 00:41:48", "elapsed": 1840.509815, "delta": 0.002119}}
{"target": -13.769953449163069, "params": {"gamma": 562.2196247183957, "log10_alpha": 0.12454305976389612, "log10_colsample_bytree": -0.28767269251091443, "log10_eta": -0.5738400912501858, "log10_lambda": 0.9043075542244665, "log10_min_child_weight": 4.756909936624235, "log10_subsample": -0.7563046520366286, "max_depth": 2.0, "num_boost_round": 19.0}, "datetime": {"datetime": "2024-01-19 00:41:48", "elapsed": 1840.511908, "delta": 0.002093}}
{"target": -13.769872913371923, "params": {"gamma": 562.2196247183957, "log10_alpha": 0.12454305976389612, "log10_colsample_bytree": -0.28767269251091443, "log10_eta": -0.5738400912501858, "log10_lambda": 0.9043075542244665, "log10_min_child_weight": 4.756909936624235, "log10_subsample": -0.7563046520366286, "max_depth": 2.0, "num_boost_round": 20.0}, "datetime": {"datetime": "2024-01-19 00:41:48", "elapsed": 1840.514049, "delta": 0.002141}}
{"target": -13.769643711590449, "params": {"gamma": 562.2196247183957, "log10_alpha": 0.12454305976389612, "log10_colsample_bytree": -0.28767269251091443, "log10_eta": -0.5738400912501858, "log10_lambda": 0.9043075542244665, "log10_min_child_weight": 4.756909936624235, "log10_subsample": -0.7563046520366286, "max_depth": 2.0, "num_boost_round": 21.0}, "datetime": {"datetime": "2024-01-19 00:41:48", "elapsed": 1840.516138, "delta": 0.002089}}
{"target": -13.76995949355674, "params": {"gamma": 562.2196247183957, "log10_alpha": 0.12454305976389612, "log10_colsample_bytree": -0.28767269251091443, "log10_eta": -0.5738400912501858, "log10_lambda": 0.9043075542244665, "log10_min_child_weight": 4.756909936624235, "log10_subsample": -0.7563046520366286, "max_depth": 2.0, "num_boost_round": 22.0}, "datetime": {"datetime": "2024-01-19 00:41:48", "elapsed": 1840.518242, "delta": 0.002104}}
{"target": -13.770795323383778, "params": {"gamma": 562.2196247183957, "log10_alpha": 0.12454305976389612, "log10_colsample_bytree": -0.28767269251091443, "log10_eta": -0.5738400912501858, "log10_lambda": 0.9043075542244665, "log10_min_child_weight": 4.756909936624235, "log10_subsample": -0.7563046520366286, "max_depth": 2.0, "num_boost_round": 23.0}, "datetime": {"datetime": "2024-01-19 00:41:48", "elapsed": 1840.520429, "delta": 0.002187}}
{"target": -13.772108517128798, "params": {"gamma": 562.2196247183957, "log10_alpha": 0.12454305976389612, "log10_colsample_bytree": -0.28767269251091443, "log10_eta": -0.5738400912501858, "log10_lambda": 0.9043075542244665, "log10_min_child_weight": 4.756909936624235, "log10_subsample": -0.7563046520366286, "max_depth": 2.0, "num_boost_round": 24.0}, "datetime": {"datetime": "2024-01-19 00:41:48", "elapsed": 1840.522571, "delta": 0.002142}}
{"target": -13.771798860553275, "params": {"gamma": 562.2196247183957, "log10_alpha": 0.12454305976389612, "log10_colsample_bytree": -0.28767269251091443, "log10_eta": -0.5738400912501858, "log10_lambda": 0.9043075542244665, "log10_min_child_weight": 4.756909936624235, "log10_subsample": -0.7563046520366286, "max_depth": 2.0, "num_boost_round": 25.0}, "datetime": {"datetime": "2024-01-19 00:41:48", "elapsed": 1840.524781, "delta": 0.00221}}
{"target": -13.771356650945146, "params": {"gamma": 562.2196247183957, "log10_alpha": 0.12454305976389612, "log10_colsample_bytree": -0.28767269251091443, "log10_eta": -0.5738400912501858, "log10_lambda": 0.9043075542244665, "log10_min_child_weight": 4.756909936624235, "log10_subsample": -0.7563046520366286, "max_depth": 2.0, "num_boost_round": 26.0}, "datetime": {"datetime": "2024-01-19 00:41:48", "elapsed": 1840.527041, "delta": 0.00226}}
{"target": -13.771015790985352, "params": {"gamma": 562.2196247183957, "log10_alpha": 0.12454305976389612, "log10_colsample_bytree": -0.28767269251091443, "log10_eta": -0.5738400912501858, "log10_lambda": 0.9043075542244665, "log10_min_child_weight": 4.756909936624235, "log10_subsample": -0.7563046520366286, "max_depth": 2.0, "num_boost_round": 27.0}, "datetime": {"datetime": "2024-01-19 00:41:48", "elapsed": 1840.529143, "delta": 0.002102}}
{"target": -13.771595296000733, "params": {"gamma": 562.2196247183957, "log10_alpha": 0.12454305976389612, "log10_colsample_bytree": -0.28767269251091443, "log10_eta": -0.5738400912501858, "log10_lambda": 0.9043075542244665, "log10_min_child_weight": 4.756909936624235, "log10_subsample": -0.7563046520366286, "max_depth": 2.0, "num_boost_round": 28.0}, "datetime": {"datetime": "2024-01-19 00:41:48", "elapsed": 1840.531258, "delta": 0.002115}}
{"target": -13.771907907556388, "params": {"gamma": 562.2196247183957, "log10_alpha": 0.12454305976389612, "log10_colsample_bytree": -0.28767269251091443, "log10_eta": -0.5738400912501858, "log10_lambda": 0.9043075542244665, "log10_min_child_weight": 4.756909936624235, "log10_subsample": -0.7563046520366286, "max_depth": 2.0, "num_boost_round": 29.0}, "datetime": {"datetime": "2024-01-19 00:41:48", "elapsed": 1840.533387, "delta": 0.002129}}
{"target": -13.773095209506765, "params": {"gamma": 562.2196247183957, "log10_alpha": 0.12454305976389612, "log10_colsample_bytree": -0.28767269251091443, "log10_eta": -0.5738400912501858, "log10_lambda": 0.9043075542244665, "log10_min_child_weight": 4.756909936624235, "log10_subsample": -0.7563046520366286, "max_depth": 2.0, "num_boost_round": 30.0}, "datetime": {"datetime": "2024-01-19 00:41:48", "elapsed": 1840.535512, "delta": 0.002125}}
{"target": -13.773841635348106, "params": {"gamma": 562.2196247183957, "log10_alpha": 0.12454305976389612, "log10_colsample_bytree": -0.28767269251091443, "log10_eta": -0.5738400912501858, "log10_lambda": 0.9043075542244665, "log10_min_child_weight": 4.756909936624235, "log10_subsample": -0.7563046520366286, "max_depth": 2.0, "num_boost_round": 31.0}, "datetime": {"datetime": "2024-01-19 00:41:48", "elapsed": 1840.537611, "delta": 0.002099}}
{"target": -13.773716994227435, "params": {"gamma": 562.2196247183957, "log10_alpha": 0.12454305976389612, "log10_colsample_bytree": -0.28767269251091443, "log10_eta": -0.5738400912501858, "log10_lambda": 0.9043075542244665, "log10_min_child_weight": 4.756909936624235, "log10_subsample": -0.7563046520366286, "max_depth": 2.0, "num_boost_round": 32.0}, "datetime": {"datetime": "2024-01-19 00:41:48", "elapsed": 1840.539742, "delta": 0.002131}}
{"target": -13.77490440618455, "params": {"gamma": 562.2196247183957, "log10_alpha": 0.12454305976389612, "log10_colsample_bytree": -0.28767269251091443, "log10_eta": -0.5738400912501858, "log10_lambda": 0.9043075542244665, "log10_min_child_weight": 4.756909936624235, "log10_subsample": -0.7563046520366286, "max_depth": 2.0, "num_boost_round": 33.0}, "datetime": {"datetime": "2024-01-19 00:41:48", "elapsed": 1840.541882, "delta": 0.00214}}
{"target": -13.774634711537852, "params": {"gamma": 562.2196247183957, "log10_alpha": 0.12454305976389612, "log10_colsample_bytree": -0.28767269251091443, "log10_eta": -0.5738400912501858, "log10_lambda": 0.9043075542244665, "log10_min_child_weight": 4.756909936624235, "log10_subsample": -0.7563046520366286, "max_depth": 2.0, "num_boost_round": 34.0}, "datetime": {"datetime": "2024-01-19 00:41:48", "elapsed": 1840.544104, "delta": 0.002222}}
{"target": -13.774390584644065, "params": {"gamma": 562.2196247183957, "log10_alpha": 0.12454305976389612, "log10_colsample_bytree": -0.28767269251091443, "log10_eta": -0.5738400912501858, "log10_lambda": 0.9043075542244665, "log10_min_child_weight": 4.756909936624235, "log10_subsample": -0.7563046520366286, "max_depth": 2.0, "num_boost_round": 35.0}, "datetime": {"datetime": "2024-01-19 00:41:48", "elapsed": 1840.546409, "delta": 0.002305}}
{"target": -13.775058579905927, "params": {"gamma": 562.2196247183957, "log10_alpha": 0.12454305976389612, "log10_colsample_bytree": -0.28767269251091443, "log10_eta": -0.5738400912501858, "log10_lambda": 0.9043075542244665, "log10_min_child_weight": 4.756909936624235, "log10_subsample": -0.7563046520366286, "max_depth": 2.0, "num_boost_round": 36.0}, "datetime": {"datetime": "2024-01-19 00:41:48", "elapsed": 1840.548695, "delta": 0.002286}}
{"target": -13.77525433071961, "params": {"gamma": 562.2196247183957, "log10_alpha": 0.12454305976389612, "log10_colsample_bytree": -0.28767269251091443, "log10_eta": -0.5738400912501858, "log10_lambda": 0.9043075542244665, "log10_min_child_weight": 4.756909936624235, "log10_subsample": -0.7563046520366286, "max_depth": 2.0, "num_boost_round": 37.0}, "datetime": {"datetime": "2024-01-19 00:41:48", "elapsed": 1840.550946, "delta": 0.002251}}
{"target": -13.758535961090164, "params": {"gamma": 523.8385952044357, "log10_alpha": -4.000461002287042, "log10_colsample_bytree": -0.7725854962255434, "log10_eta": -3.859405442606707, "log10_lambda": 0.8959945315919926, "log10_min_child_weight": 0.36495838920294843, "log10_subsample": -0.5815948202927816, "max_depth": 6.0, "num_boost_round": 0.0}, "datetime": {"datetime": "2024-01-19 00:42:11", "elapsed": 1863.420512, "delta": 22.869566}}
{"target": -13.758529981029989, "params": {"gamma": 523.8385952044357, "log10_alpha": -4.000461002287042, "log10_colsample_bytree": -0.7725854962255434, "log10_eta": -3.859405442606707, "log10_lambda": 0.8959945315919926, "log10_min_child_weight": 0.36495838920294843, "log10_subsample": -0.5815948202927816, "max_depth": 6.0, "num_boost_round": 1.0}, "datetime": {"datetime": "2024-01-19 00:42:11", "elapsed": 1863.423314, "delta": 0.002802}}
{"target": -13.758523274722366, "params": {"gamma": 523.8385952044357, "log10_alpha": -4.000461002287042, "log10_colsample_bytree": -0.7725854962255434, "log10_eta": -3.859405442606707, "log10_lambda": 0.8959945315919926, "log10_min_child_weight": 0.36495838920294843, "log10_subsample": -0.5815948202927816, "max_depth": 6.0, "num_boost_round": 2.0}, "datetime": {"datetime": "2024-01-19 00:42:11", "elapsed": 1863.425676, "delta": 0.002362}}
