{"target": -17.74914458510849, "params": {"gamma": 149.90521702476755, "log10_alpha": -4.052806220924031, "log10_colsample_bytree": -0.5975443305810706, "log10_eta": -1.402117948896349, "log10_lambda": -3.5729620766562915, "log10_min_child_weight": 1.4875186421474595, "log10_subsample": -0.9487646559598042, "max_depth": 8.0, "num_boost_round": 50.0}, "datetime": {"datetime": "2024-01-19 00:33:06", "elapsed": 1270.542701, "delta": 0.001903}}
{"target": -17.754084663620812, "params": {"gamma": 149.90521702476755, "log10_alpha": -4.052806220924031, "log10_colsample_bytree": -0.5975443305810706, "log10_eta": -1.402117948896349, "log10_lambda": -3.5729620766562915, "log10_min_child_weight": 1.4875186421474595, "log10_subsample": -0.9487646559598042, "max_depth": 8.0, "num_boost_round": 51.0}, "datetime": {"datetime": "2024-01-19 00:33:06", "elapsed": 1270.544618, "delta": 0.001917}}
{"target": -17.758894055811254, "params": {"gamma": 149.90521702476755, "log10_alpha": -4.052806220924031, "log10_colsample_bytree": -0.5975443305810706, "log10_eta": -1.402117948896349, "log10_lambda": -3.5729620766562915, "log10_min_child_weight": 1.4875186421474595, "log10_subsample": -0.9487646559598042, "max_depth": 8.0, "num_boost_round": 52.0}, "datetime": {"datetime": "2024-01-19 00:33:06", "elapsed": 1270.546572, "delta": 0.001954}}
{"target": -17.766109053505456, "params": {"gamma": 149.90521702476755, "log10_alpha": -4.052806220924031, "log10_colsample_bytree": -0.5975443305810706, "log10_eta": -1.402117948896349, "log10_lambda": -3.5729620766562915, "log10_min_child_weight": 1.4875186421474595, "log10_subsample": -0.9487646559598042, "max_depth": 8.0, "num_boost_round": 53.0}, "datetime": {"datetime": "2024-01-19 00:33:06", "elapsed": 1270.548593, "delta": 0.002021}}
{"target": -17.768904795704522, "params": {"gamma": 149.90521702476755, "log10_alpha": -4.052806220924031, "log10_colsample_bytree": -0.5975443305810706, "log10_eta": -1.402117948896349, "log10_lambda": -3.5729620766562915, "log10_min_child_weight": 1.4875186421474595, "log10_subsample": -0.9487646559598042, "max_depth": 8.0, "num_boost_round": 54.0}, "datetime": {"datetime": "2024-01-19 00:33:06", "elapsed": 1270.550492, "delta": 0.001899}}
{"target": -17.768953315179328, "params": {"gamma": 149.90521702476755, "log10_alpha": -4.052806220924031, "log10_colsample_bytree": -0.5975443305810706, "log10_eta": -1.402117948896349, "log10_lambda": -3.5729620766562915, "log10_min_child_weight": 1.4875186421474595, "log10_subsample": -0.9487646559598042, "max_depth": 8.0, "num_boost_round": 55.0}, "datetime": {"datetime": "2024-01-19 00:33:06", "elapsed": 1270.552461, "delta": 0.001969}}
{"target": -17.676118425436268, "params": {"gamma": 165.4414930308098, "log10_alpha": -4.957401578800852, "log10_colsample_bytree": -0.010252171238036123, "log10_eta": -1.2017754833094005, "log10_lambda": -2.105457420634971, "log10_min_child_weight": 3.0051914864951086, "log10_subsample": -0.7060565549074592, "max_depth": 2.0, "num_boost_round": 0.0}, "datetime": {"datetime": "2024-01-19 00:33:46", "elapsed": 1311.253491, "delta": 40.70103}}
{"target": -17.675928030203863, "params": {"gamma": 165.4414930308098, "log10_alpha": -4.957401578800852, "log10_colsample_bytree": -0.010252171238036123, "log10_eta": -1.2017754833094005, "log10_lambda": -2.105457420634971, "log10_min_child_weight": 3.0051914864951086, "log10_subsample": -0.7060565549074592, "max_depth": 2.0, "num_boost_round": 1.0}, "datetime": {"datetime": "2024-01-19 00:33:46", "elapsed": 1311.256181, "delta": 0.00269}}
{"target": -17.674880565251677, "params": {"gamma": 165.4414930308098, "log10_alpha": -4.957401578800852, "log10_colsample_bytree": -0.010252171238036123, "log10_eta": -1.2017754833094005, "log10_lambda": -2.105457420634971, "log10_min_child_weight": 3.0051914864951086, "log10_subsample": -0.7060565549074592, "max_depth": 2.0, "num_boost_round": 2.0}, "datetime": {"datetime": "2024-01-19 00:33:46", "elapsed": 1311.258478, "delta": 0.002297}}
{"target": -17.674799346939185, "params": {"gamma": 165.4414930308098, "log10_alpha": -4.957401578800852, "log10_colsample_bytree": -0.010252171238036123, "log10_eta": -1.2017754833094005, "log10_lambda": -2.105457420634971, "log10_min_child_weight": 3.0051914864951086, "log10_subsample": -0.7060565549074592, "max_depth": 2.0, "num_boost_round": 3.0}, "datetime": {"datetime": "2024-01-19 00:33:46", "elapsed": 1311.260563, "delta": 0.002085}}
{"target": -17.674123364357456, "params": {"gamma": 165.4414930308098, "log10_alpha": -4.957401578800852, "log10_colsample_bytree": -0.010252171238036123, "log10_eta": -1.2017754833094005, "log10_lambda": -2.105457420634971, "log10_min_child_weight": 3.0051914864951086, "log10_subsample": -0.7060565549074592, "max_depth": 2.0, "num_boost_round": 4.0}, "datetime": {"datetime": "2024-01-19 00:33:46", "elapsed": 1311.262661, "delta": 0.002098}}
{"target": -17.67402985874009, "params": {"gamma": 165.4414930308098, "log10_alpha": -4.957401578800852, "log10_colsample_bytree": -0.010252171238036123, "log10_eta": -1.2017754833094005, "log10_lambda": -2.105457420634971, "log10_min_child_weight": 3.0051914864951086, "log10_subsample": -0.7060565549074592, "max_depth": 2.0, "num_boost_round": 5.0}, "datetime": {"datetime": "2024-01-19 00:33:46", "elapsed": 1311.264618, "delta": 0.001957}}
{"target": -17.675224867239553, "params": {"gamma": 165.4414930308098, "log10_alpha": -4.957401578800852, "log10_colsample_bytree": -0.010252171238036123, "log10_eta": -1.2017754833094005, "log10_lambda": -2.105457420634971, "log10_min_child_weight": 3.0051914864951086, "log10_subsample": -0.7060565549074592, "max_depth": 2.0, "num_boost_round": 6.0}, "datetime": {"datetime": "2024-01-19 00:33:46", "elapsed": 1311.266628, "delta": 0.00201}}
{"target": -17.676469560523703, "params": {"gamma": 165.4414930308098, "log10_alpha": -4.957401578800852, "log10_colsample_bytree": -0.010252171238036123, "log10_eta": -1.2017754833094005, "log10_lambda": -2.105457420634971, "log10_min_child_weight": 3.0051914864951086, "log10_subsample": -0.7060565549074592, "max_depth": 2.0, "num_boost_round": 7.0}, "datetime": {"datetime": "2024-01-19 00:33:46", "elapsed": 1311.268677, "delta": 0.002049}}
{"target": -17.675119122900053, "params": {"gamma": 165.4414930308098, "log10_alpha": -4.957401578800852, "log10_colsample_bytree": -0.010252171238036123, "log10_eta": -1.2017754833094005, "log10_lambda": -2.105457420634971, "log10_min_child_weight": 3.0051914864951086, "log10_subsample": -0.7060565549074592, "max_depth": 2.0, "num_boost_round": 8.0}, "datetime": {"datetime": "2024-01-19 00:33:46", "elapsed": 1311.270694, "delta": 0.002017}}
{"target": -17.67388214644005, "params": {"gamma": 165.4414930308098, "log10_alpha": -4.957401578800852, "log10_colsample_bytree": -0.010252171238036123, "log10_eta": -1.2017754833094005, "log10_lambda": -2.105457420634971, "log10_min_child_weight": 3.0051914864951086, "log10_subsample": -0.7060565549074592, "max_depth": 2.0, "num_boost_round": 9.0}, "datetime": {"datetime": "2024-01-19 00:33:46", "elapsed": 1311.272679, "delta": 0.001985}}
{"target": -17.674138441366246, "params": {"gamma": 165.4414930308098, "log10_alpha": -4.957401578800852, "log10_colsample_bytree": -0.010252171238036123, "log10_eta": -1.2017754833094005, "log10_lambda": -2.105457420634971, "log10_min_child_weight": 3.0051914864951086, "log10_subsample": -0.7060565549074592, "max_depth": 2.0, "num_boost_round": 10.0}, "datetime": {"datetime": "2024-01-19 00:33:46", "elapsed": 1311.274658, "delta": 0.001979}}
{"target": -17.674040549272085, "params": {"gamma": 165.4414930308098, "log10_alpha": -4.957401578800852, "log10_colsample_bytree": -0.010252171238036123, "log10_eta": -1.2017754833094005, "log10_lambda": -2.105457420634971, "log10_min_child_weight": 3.0051914864951086, "log10_subsample": -0.7060565549074592, "max_depth": 2.0, "num_boost_round": 11.0}, "datetime": {"datetime": "2024-01-19 00:33:46", "elapsed": 1311.276627, "delta": 0.001969}}
{"target": -17.675869053460783, "params": {"gamma": 165.4414930308098, "log10_alpha": -4.957401578800852, "log10_colsample_bytree": -0.010252171238036123, "log10_eta": -1.2017754833094005, "log10_lambda": -2.105457420634971, "log10_min_child_weight": 3.0051914864951086, "log10_subsample": -0.7060565549074592, "max_depth": 2.0, "num_boost_round": 12.0}, "datetime": {"datetime": "2024-01-19 00:33:46", "elapsed": 1311.278651, "delta": 0.002024}}
{"target": -17.675276160127247, "params": {"gamma": 165.4414930308098, "log10_alpha": -4.957401578800852, "log10_colsample_bytree": -0.010252171238036123, "log10_eta": -1.2017754833094005, "log10_lambda": -2.105457420634971, "log10_min_child_weight": 3.0051914864951086, "log10_subsample": -0.7060565549074592, "max_depth": 2.0, "num_boost_round": 13.0}, "datetime": {"datetime": "2024-01-19 00:33:46", "elapsed": 1311.280614, "delta": 0.001963}}
{"target": -17.676035921356657, "params": {"gamma": 165.4414930308098, "log10_alpha": -4.957401578800852, "log10_colsample_bytree": -0.010252171238036123, "log10_eta": -1.2017754833094005, "log10_lambda": -2.105457420634971, "log10_min_child_weight": 3.0051914864951086, "log10_subsample": -0.7060565549074592, "max_depth": 2.0, "num_boost_round": 14.0}, "datetime": {"datetime": "2024-01-19 00:33:46", "elapsed": 1311.282587, "delta": 0.001973}}
{"target": -17.676746805249753, "params": {"gamma": 165.4414930308098, "log10_alpha": -4.957401578800852, "log10_colsample_bytree": -0.010252171238036123, "log10_eta": -1.2017754833094005, "log10_lambda": -2.105457420634971, "log10_min_child_weight": 3.0051914864951086, "log10_subsample": -0.7060565549074592, "max_depth": 2.0, "num_boost_round": 15.0}, "datetime": {"datetime": "2024-01-19 00:33:46", "elapsed": 1311.284523, "delta": 0.001936}}
{"target": -17.676111586336337, "params": {"gamma": 165.4414930308098, "log10_alpha": -4.957401578800852, "log10_colsample_bytree": -0.010252171238036123, "log10_eta": -1.2017754833094005, "log10_lambda": -2.105457420634971, "log10_min_child_weight": 3.0051914864951086, "log10_subsample": -0.7060565549074592, "max_depth": 2.0, "num_boost_round": 16.0}, "datetime": {"datetime": "2024-01-19 00:33:46", "elapsed": 1311.286496, "delta": 0.001973}}
{"target": -17.676892119603856, "params": {"gamma": 165.4414930308098, "log10_alpha": -4.957401578800852, "log10_colsample_bytree": -0.010252171238036123, "log10_eta": -1.2017754833094005, "log10_lambda": -2.105457420634971, "log10_min_child_weight": 3.0051914864951086, "log10_subsample": -0.7060565549074592, "max_depth": 2.0, "num_boost_round": 17.0}, "datetime": {"datetime": "2024-01-19 00:33:46", "elapsed": 1311.288667, "delta": 0.002171}}
{"target": -17.6773739911765, "params": {"gamma": 165.4414930308098, "log10_alpha": -4.957401578800852, "log10_colsample_bytree": -0.010252171238036123, "log10_eta": -1.2017754833094005, "log10_lambda": -2.105457420634971, "log10_min_child_weight": 3.0051914864951086, "log10_subsample": -0.7060565549074592, "max_depth": 2.0, "num_boost_round": 18.0}, "datetime": {"datetime": "2024-01-19 00:33:46", "elapsed": 1311.290824, "delta": 0.002157}}
{"target": -17.67678115490106, "params": {"gamma": 165.4414930308098, "log10_alpha": -4.957401578800852, "log10_colsample_bytree": -0.010252171238036123, "log10_eta": -1.2017754833094005, "log10_lambda": -2.105457420634971, "log10_min_child_weight": 3.0051914864951086, "log10_subsample": -0.7060565549074592, "max_depth": 2.0, "num_boost_round": 19.0}, "datetime": {"datetime": "2024-01-19 00:33:46", "elapsed": 1311.292871, "delta": 0.002047}}
{"target": -17.676561314198246, "params": {"gamma": 165.4414930308098, "log10_alpha": -4.957401578800852, "log10_colsample_bytree": -0.010252171238036123, "log10_eta": -1.2017754833094005, "log10_lambda": -2.105457420634971, "log10_min_child_weight": 3.0051914864951086, "log10_subsample": -0.7060565549074592, "max_depth": 2.0, "num_boost_round": 20.0}, "datetime": {"datetime": "2024-01-19 00:33:46", "elapsed": 1311.29484, "delta": 0.001969}}
{"target": -17.677067971134246, "params": {"gamma": 165.4414930308098, "log10_alpha": -4.957401578800852, "log10_colsample_bytree": -0.010252171238036123, "log10_eta": -1.2017754833094005, "log10_lambda": -2.105457420634971, "log10_min_child_weight": 3.0051914864951086, "log10_subsample": -0.7060565549074592, "max_depth": 2.0, "num_boost_round": 21.0}, "datetime": {"datetime": "2024-01-19 00:33:46", "elapsed": 1311.296847, "delta": 0.002007}}
{"target": -17.676658205698065, "params": {"gamma": 165.4414930308098, "log10_alpha": -4.957401578800852, "log10_colsample_bytree": -0.010252171238036123, "log10_eta": -1.2017754833094005, "log10_lambda": -2.105457420634971, "log10_min_child_weight": 3.0051914864951086, "log10_subsample": -0.7060565549074592, "max_depth": 2.0, "num_boost_round": 22.0}, "datetime": {"datetime": "2024-01-19 00:33:46", "elapsed": 1311.298957, "delta": 0.00211}}
{"target": -17.679122030590268, "params": {"gamma": 165.4414930308098, "log10_alpha": -4.957401578800852, "log10_colsample_bytree": -0.010252171238036123, "log10_eta": -1.2017754833094005, "log10_lambda": -2.105457420634971, "log10_min_child_weight": 3.0051914864951086, "log10_subsample": -0.7060565549074592, "max_depth": 2.0, "num_boost_round": 23.0}, "datetime": {"datetime": "2024-01-19 00:33:46", "elapsed": 1311.301054, "delta": 0.002097}}
{"target": -17.680203922180187, "params": {"gamma": 165.4414930308098, "log10_alpha": -4.957401578800852, "log10_colsample_bytree": -0.010252171238036123, "log10_eta": -1.2017754833094005, "log10_lambda": -2.105457420634971, "log10_min_child_weight": 3.0051914864951086, "log10_subsample": -0.7060565549074592, "max_depth": 2.0, "num_boost_round": 24.0}, "datetime": {"datetime": "2024-01-19 00:33:46", "elapsed": 1311.303297, "delta": 0.002243}}
{"target": -17.68167935055201, "params": {"gamma": 165.4414930308098, "log10_alpha": -4.957401578800852, "log10_colsample_bytree": -0.010252171238036123, "log10_eta": -1.2017754833094005, "log10_lambda": -2.105457420634971, "log10_min_child_weight": 3.0051914864951086, "log10_subsample": -0.7060565549074592, "max_depth": 2.0, "num_boost_round": 25.0}, "datetime": {"datetime": "2024-01-19 00:33:46", "elapsed": 1311.305331, "delta": 0.002034}}
{"target": -17.68247551354137, "params": {"gamma": 165.4414930308098, "log10_alpha": -4.957401578800852, "log10_colsample_bytree": -0.010252171238036123, "log10_eta": -1.2017754833094005, "log10_lambda": -2.105457420634971, "log10_min_child_weight": 3.0051914864951086, "log10_subsample": -0.7060565549074592, "max_depth": 2.0, "num_boost_round": 26.0}, "datetime": {"datetime": "2024-01-19 00:33:46", "elapsed": 1311.307351, "delta": 0.00202}}
{"target": -17.683305041521358, "params": {"gamma": 165.4414930308098, "log10_alpha": -4.957401578800852, "log10_colsample_bytree": -0.010252171238036123, "log10_eta": -1.2017754833094005, "log10_lambda": -2.105457420634971, "log10_min_child_weight": 3.0051914864951086, "log10_subsample": -0.7060565549074592, "max_depth": 2.0, "num_boost_round": 27.0}, "datetime": {"datetime": "2024-01-19 00:33:46", "elapsed": 1311.3094, "delta": 0.002049}}
{"target": -17.685974749366704, "params": {"gamma": 165.4414930308098, "log10_alpha": -4.957401578800852, "log10_colsample_bytree": -0.010252171238036123, "log10_eta": -1.2017754833094005, "log10_lambda": -2.105457420634971, "log10_min_child_weight": 3.0051914864951086, "log10_subsample": -0.7060565549074592, "max_depth": 2.0, "num_boost_round": 28.0}, "datetime": {"datetime": "2024-01-19 00:33:46", "elapsed": 1311.311403, "delta": 0.002003}}
{"target": -17.68572074204151, "params": {"gamma": 165.4414930308098, "log10_alpha": -4.957401578800852, "log10_colsample_bytree": -0.010252171238036123, "log10_eta": -1.2017754833094005, "log10_lambda": -2.105457420634971, "log10_min_child_weight": 3.0051914864951086, "log10_subsample": -0.7060565549074592, "max_depth": 2.0, "num_boost_round": 29.0}, "datetime": {"datetime": "2024-01-19 00:33:46", "elapsed": 1311.313384, "delta": 0.001981}}
{"target": -17.685077113074, "params": {"gamma": 165.4414930308098, "log10_alpha": -4.957401578800852, "log10_colsample_bytree": -0.010252171238036123, "log10_eta": -1.2017754833094005, "log10_lambda": -2.105457420634971, "log10_min_child_weight": 3.0051914864951086, "log10_subsample": -0.7060565549074592, "max_depth": 2.0, "num_boost_round": 30.0}, "datetime": {"datetime": "2024-01-19 00:33:46", "elapsed": 1311.315454, "delta": 0.00207}}
{"target": -17.683900188618423, "params": {"gamma": 165.4414930308098, "log10_alpha": -4.957401578800852, "log10_colsample_bytree": -0.010252171238036123, "log10_eta": -1.2017754833094005, "log10_lambda": -2.105457420634971, "log10_min_child_weight": 3.0051914864951086, "log10_subsample": -0.7060565549074592, "max_depth": 2.0, "num_boost_round": 31.0}, "datetime": {"datetime": "2024-01-19 00:33:46", "elapsed": 1311.317503, "delta": 0.002049}}
{"target": -17.688791658931603, "params": {"gamma": 165.4414930308098, "log10_alpha": -4.957401578800852, "log10_colsample_bytree": -0.010252171238036123, "log10_eta": -1.2017754833094005, "log10_lambda": -2.105457420634971, "log10_min_child_weight": 3.0051914864951086, "log10_subsample": -0.7060565549074592, "max_depth": 2.0, "num_boost_round": 32.0}, "datetime": {"datetime": "2024-01-19 00:33:46", "elapsed": 1311.319526, "delta": 0.002023}}
{"target": -17.68872122089206, "params": {"gamma": 165.4414930308098, "log10_alpha": -4.957401578800852, "log10_colsample_bytree": -0.010252171238036123, "log10_eta": -1.2017754833094005, "log10_lambda": -2.105457420634971, "log10_min_child_weight": 3.0051914864951086, "log10_subsample": -0.7060565549074592, "max_depth": 2.0, "num_boost_round": 33.0}, "datetime": {"datetime": "2024-01-19 00:33:46", "elapsed": 1311.32158, "delta": 0.002054}}
{"target": -17.688467522305444, "params": {"gamma": 165.4414930308098, "log10_alpha": -4.957401578800852, "log10_colsample_bytree": -0.010252171238036123, "log10_eta": -1.2017754833094005, "log10_lambda": -2.105457420634971, "log10_min_child_weight": 3.0051914864951086, "log10_subsample": -0.7060565549074592, "max_depth": 2.0, "num_boost_round": 34.0}, "datetime": {"datetime": "2024-01-19 00:33:46", "elapsed": 1311.323656, "delta": 0.002076}}
{"target": -17.68851075620178, "params": {"gamma": 165.4414930308098, "log10_alpha": -4.957401578800852, "log10_colsample_bytree": -0.010252171238036123, "log10_eta": -1.2017754833094005, "log10_lambda": -2.105457420634971, "log10_min_child_weight": 3.0051914864951086, "log10_subsample": -0.7060565549074592, "max_depth": 2.0, "num_boost_round": 35.0}, "datetime": {"datetime": "2024-01-19 00:33:46", "elapsed": 1311.325719, "delta": 0.002063}}
{"target": -17.689018965792442, "params": {"gamma": 165.4414930308098, "log10_alpha": -4.957401578800852, "log10_colsample_bytree": -0.010252171238036123, "log10_eta": -1.2017754833094005, "log10_lambda": -2.105457420634971, "log10_min_child_weight": 3.0051914864951086, "log10_subsample": -0.7060565549074592, "max_depth": 2.0, "num_boost_round": 36.0}, "datetime": {"datetime": "2024-01-19 00:33:46", "elapsed": 1311.327745, "delta": 0.002026}}
{"target": -17.689411137314643, "params": {"gamma": 165.4414930308098, "log10_alpha": -4.957401578800852, "log10_colsample_bytree": -0.010252171238036123, "log10_eta": -1.2017754833094005, "log10_lambda": -2.105457420634971, "log10_min_child_weight": 3.0051914864951086, "log10_subsample": -0.7060565549074592, "max_depth": 2.0, "num_boost_round": 37.0}, "datetime": {"datetime": "2024-01-19 00:33:46", "elapsed": 1311.329797, "delta": 0.002052}}
{"target": -17.691704906521576, "params": {"gamma": 165.4414930308098, "log10_alpha": -4.957401578800852, "log10_colsample_bytree": -0.010252171238036123, "log10_eta": -1.2017754833094005, "log10_lambda": -2.105457420634971, "log10_min_child_weight": 3.0051914864951086, "log10_subsample": -0.7060565549074592, "max_depth": 2.0, "num_boost_round": 38.0}, "datetime": {"datetime": "2024-01-19 00:33:46", "elapsed": 1311.331875, "delta": 0.002078}}
{"target": -17.691980250718267, "params": {"gamma": 165.4414930308098, "log10_alpha": -4.957401578800852, "log10_colsample_bytree": -0.010252171238036123, "log10_eta": -1.2017754833094005, "log10_lambda": -2.105457420634971, "log10_min_child_weight": 3.0051914864951086, "log10_subsample": -0.7060565549074592, "max_depth": 2.0, "num_boost_round": 39.0}, "datetime": {"datetime": "2024-01-19 00:33:46", "elapsed": 1311.333946, "delta": 0.002071}}
{"target": -17.692046409753104, "params": {"gamma": 165.4414930308098, "log10_alpha": -4.957401578800852, "log10_colsample_bytree": -0.010252171238036123, "log10_eta": -1.2017754833094005, "log10_lambda": -2.105457420634971, "log10_min_child_weight": 3.0051914864951086, "log10_subsample": -0.7060565549074592, "max_depth": 2.0, "num_boost_round": 40.0}, "datetime": {"datetime": "2024-01-19 00:33:46", "elapsed": 1311.335974, "delta": 0.002028}}
{"target": -17.696944129894767, "params": {"gamma": 165.4414930308098, "log10_alpha": -4.957401578800852, "log10_colsample_bytree": -0.010252171238036123, "log10_eta": -1.2017754833094005, "log10_lambda": -2.105457420634971, "log10_min_child_weight": 3.0051914864951086, "log10_subsample": -0.7060565549074592, "max_depth": 2.0, "num_boost_round": 41.0}, "datetime": {"datetime": "2024-01-19 00:33:46", "elapsed": 1311.338009, "delta": 0.002035}}
{"target": -17.697596349691732, "params": {"gamma": 165.4414930308098, "log10_alpha": -4.957401578800852, "log10_colsample_bytree": -0.010252171238036123, "log10_eta": -1.2017754833094005, "log10_lambda": -2.105457420634971, "log10_min_child_weight": 3.0051914864951086, "log10_subsample": -0.7060565549074592, "max_depth": 2.0, "num_boost_round": 42.0}, "datetime": {"datetime": "2024-01-19 00:33:46", "elapsed": 1311.340062, "delta": 0.002053}}
