{"target": -13.758508003210045, "params": {"gamma": 605.1552885620707, "log10_alpha": -0.2717561822766523, "log10_colsample_bytree": -0.9871718781508877, "log10_eta": -3.8352186108642026, "log10_lambda": -3.7721260418166245, "log10_min_child_weight": 0.20119523464093125, "log10_subsample": -0.6865010191267892, "max_depth": 3.0, "num_boost_round": 21.0}, "datetime": {"datetime": "2024-01-19 00:47:44", "elapsed": 2116.777448, "delta": 0.002805}}
{"target": -13.758507357116281, "params": {"gamma": 605.1552885620707, "log10_alpha": -0.2717561822766523, "log10_colsample_bytree": -0.9871718781508877, "log10_eta": -3.8352186108642026, "log10_lambda": -3.7721260418166245, "log10_min_child_weight": 0.20119523464093125, "log10_subsample": -0.6865010191267892, "max_depth": 3.0, "num_boost_round": 22.0}, "datetime": {"datetime": "2024-01-19 00:47:44", "elapsed": 2116.780355, "delta": 0.002907}}
{"target": -13.75850253681059, "params": {"gamma": 605.1552885620707, "log10_alpha": -0.2717561822766523, "log10_colsample_bytree": -0.9871718781508877, "log10_eta": -3.8352186108642026, "log10_lambda": -3.7721260418166245, "log10_min_child_weight": 0.20119523464093125, "log10_subsample": -0.6865010191267892, "max_depth": 3.0, "num_boost_round": 23.0}, "datetime": {"datetime": "2024-01-19 00:47:44", "elapsed": 2116.78313, "delta": 0.002775}}
{"target": -13.758536579695072, "params": {"gamma": 599.8898380344709, "log10_alpha": -1.0533728305767909, "log10_colsample_bytree": -0.2045406553458169, "log10_eta": -3.679962395564738, "log10_lambda": -4.158929805498131, "log10_min_child_weight": 1.8808302538566442, "log10_subsample": -0.8627357141319902, "max_depth": 9.0, "num_boost_round": 0.0}, "datetime": {"datetime": "2024-01-19 00:48:15", "elapsed": 2148.526596, "delta": 31.743466}}
{"target": -13.758553440925715, "params": {"gamma": 599.8898380344709, "log10_alpha": -1.0533728305767909, "log10_colsample_bytree": -0.2045406553458169, "log10_eta": -3.679962395564738, "log10_lambda": -4.158929805498131, "log10_min_child_weight": 1.8808302538566442, "log10_subsample": -0.8627357141319902, "max_depth": 9.0, "num_boost_round": 1.0}, "datetime": {"datetime": "2024-01-19 00:48:15", "elapsed": 2148.530591, "delta": 0.003995}}
{"target": -13.758541011671175, "params": {"gamma": 599.8898380344709, "log10_alpha": -1.0533728305767909, "log10_colsample_bytree": -0.2045406553458169, "log10_eta": -3.679962395564738, "log10_lambda": -4.158929805498131, "log10_min_child_weight": 1.8808302538566442, "log10_subsample": -0.8627357141319902, "max_depth": 9.0, "num_boost_round": 2.0}, "datetime": {"datetime": "2024-01-19 00:48:15", "elapsed": 2148.533669, "delta": 0.003078}}
{"target": -13.75852777233101, "params": {"gamma": 599.8898380344709, "log10_alpha": -1.0533728305767909, "log10_colsample_bytree": -0.2045406553458169, "log10_eta": -3.679962395564738, "log10_lambda": -4.158929805498131, "log10_min_child_weight": 1.8808302538566442, "log10_subsample": -0.8627357141319902, "max_depth": 9.0, "num_boost_round": 3.0}, "datetime": {"datetime": "2024-01-19 00:48:15", "elapsed": 2148.536579, "delta": 0.00291}}
{"target": -13.758510410792319, "params": {"gamma": 599.8898380344709, "log10_alpha": -1.0533728305767909, "log10_colsample_bytree": -0.2045406553458169, "log10_eta": -3.679962395564738, "log10_lambda": -4.158929805498131, "log10_min_child_weight": 1.8808302538566442, "log10_subsample": -0.8627357141319902, "max_depth": 9.0, "num_boost_round": 4.0}, "datetime": {"datetime": "2024-01-19 00:48:15", "elapsed": 2148.539445, "delta": 0.002866}}
{"target": -13.758498298451988, "params": {"gamma": 599.8898380344709, "log10_alpha": -1.0533728305767909, "log10_colsample_bytree": -0.2045406553458169, "log10_eta": -3.679962395564738, "log10_lambda": -4.158929805498131, "log10_min_child_weight": 1.8808302538566442, "log10_subsample": -0.8627357141319902, "max_depth": 9.0, "num_boost_round": 5.0}, "datetime": {"datetime": "2024-01-19 00:48:15", "elapsed": 2148.542334, "delta": 0.002889}}
{"target": -13.758492319190212, "params": {"gamma": 599.8898380344709, "log10_alpha": -1.0533728305767909, "log10_colsample_bytree": -0.2045406553458169, "log10_eta": -3.679962395564738, "log10_lambda": -4.158929805498131, "log10_min_child_weight": 1.8808302538566442, "log10_subsample": -0.8627357141319902, "max_depth": 9.0, "num_boost_round": 6.0}, "datetime": {"datetime": "2024-01-19 00:48:15", "elapsed": 2148.545224, "delta": 0.00289}}
{"target": -13.75849553829734, "params": {"gamma": 599.8898380344709, "log10_alpha": -1.0533728305767909, "log10_colsample_bytree": -0.2045406553458169, "log10_eta": -3.679962395564738, "log10_lambda": -4.158929805498131, "log10_min_child_weight": 1.8808302538566442, "log10_subsample": -0.8627357141319902, "max_depth": 9.0, "num_boost_round": 7.0}, "datetime": {"datetime": "2024-01-19 00:48:15", "elapsed": 2148.548204, "delta": 0.00298}}
{"target": -13.758494353172438, "params": {"gamma": 599.8898380344709, "log10_alpha": -1.0533728305767909, "log10_colsample_bytree": -0.2045406553458169, "log10_eta": -3.679962395564738, "log10_lambda": -4.158929805498131, "log10_min_child_weight": 1.8808302538566442, "log10_subsample": -0.8627357141319902, "max_depth": 9.0, "num_boost_round": 8.0}, "datetime": {"datetime": "2024-01-19 00:48:15", "elapsed": 2148.551094, "delta": 0.00289}}
{"target": -13.758499511140212, "params": {"gamma": 599.8898380344709, "log10_alpha": -1.0533728305767909, "log10_colsample_bytree": -0.2045406553458169, "log10_eta": -3.679962395564738, "log10_lambda": -4.158929805498131, "log10_min_child_weight": 1.8808302538566442, "log10_subsample": -0.8627357141319902, "max_depth": 9.0, "num_boost_round": 9.0}, "datetime": {"datetime": "2024-01-19 00:48:15", "elapsed": 2148.554103, "delta": 0.003009}}
{"target": -13.758499008905813, "params": {"gamma": 599.8898380344709, "log10_alpha": -1.0533728305767909, "log10_colsample_bytree": -0.2045406553458169, "log10_eta": -3.679962395564738, "log10_lambda": -4.158929805498131, "log10_min_child_weight": 1.8808302538566442, "log10_subsample": -0.8627357141319902, "max_depth": 9.0, "num_boost_round": 10.0}, "datetime": {"datetime": "2024-01-19 00:48:15", "elapsed": 2148.556916, "delta": 0.002813}}
{"target": -13.758489537820823, "params": {"gamma": 599.8898380344709, "log10_alpha": -1.0533728305767909, "log10_colsample_bytree": -0.2045406553458169, "log10_eta": -3.679962395564738, "log10_lambda": -4.158929805498131, "log10_min_child_weight": 1.8808302538566442, "log10_subsample": -0.8627357141319902, "max_depth": 9.0, "num_boost_round": 11.0}, "datetime": {"datetime": "2024-01-19 00:48:15", "elapsed": 2148.559715, "delta": 0.002799}}
{"target": -13.758489499104272, "params": {"gamma": 599.8898380344709, "log10_alpha": -1.0533728305767909, "log10_colsample_bytree": -0.2045406553458169, "log10_eta": -3.679962395564738, "log10_lambda": -4.158929805498131, "log10_min_child_weight": 1.8808302538566442, "log10_subsample": -0.8627357141319902, "max_depth": 9.0, "num_boost_round": 12.0}, "datetime": {"datetime": "2024-01-19 00:48:15", "elapsed": 2148.562569, "delta": 0.002854}}
{"target": -13.758480274826658, "params": {"gamma": 599.8898380344709, "log10_alpha": -1.0533728305767909, "log10_colsample_bytree": -0.2045406553458169, "log10_eta": -3.679962395564738, "log10_lambda": -4.158929805498131, "log10_min_child_weight": 1.8808302538566442, "log10_subsample": -0.8627357141319902, "max_depth": 9.0, "num_boost_round": 13.0}, "datetime": {"datetime": "2024-01-19 00:48:15", "elapsed": 2148.565421, "delta": 0.002852}}
{"target": -13.758476206975986, "params": {"gamma": 599.8898380344709, "log10_alpha": -1.0533728305767909, "log10_colsample_bytree": -0.2045406553458169, "log10_eta": -3.679962395564738, "log10_lambda": -4.158929805498131, "log10_min_child_weight": 1.8808302538566442, "log10_subsample": -0.8627357141319902, "max_depth": 9.0, "num_boost_round": 14.0}, "datetime": {"datetime": "2024-01-19 00:48:15", "elapsed": 2148.568227, "delta": 0.002806}}
{"target": -13.758472052573984, "params": {"gamma": 599.8898380344709, "log10_alpha": -1.0533728305767909, "log10_colsample_bytree": -0.2045406553458169, "log10_eta": -3.679962395564738, "log10_lambda": -4.158929805498131, "log10_min_child_weight": 1.8808302538566442, "log10_subsample": -0.8627357141319902, "max_depth": 9.0, "num_boost_round": 15.0}, "datetime": {"datetime": "2024-01-19 00:48:15", "elapsed": 2148.570986, "delta": 0.002759}}
{"target": -13.758470579148941, "params": {"gamma": 599.8898380344709, "log10_alpha": -1.0533728305767909, "log10_colsample_bytree": -0.2045406553458169, "log10_eta": -3.679962395564738, "log10_lambda": -4.158929805498131, "log10_min_child_weight": 1.8808302538566442, "log10_subsample": -0.8627357141319902, "max_depth": 9.0, "num_boost_round": 16.0}, "datetime": {"datetime": "2024-01-19 00:48:16", "elapsed": 2148.573948, "delta": 0.002962}}
{"target": -13.758462454200066, "params": {"gamma": 599.8898380344709, "log10_alpha": -1.0533728305767909, "log10_colsample_bytree": -0.2045406553458169, "log10_eta": -3.679962395564738, "log10_lambda": -4.158929805498131, "log10_min_child_weight": 1.8808302538566442, "log10_subsample": -0.8627357141319902, "max_depth": 9.0, "num_boost_round": 17.0}, "datetime": {"datetime": "2024-01-19 00:48:16", "elapsed": 2148.576737, "delta": 0.002789}}
{"target": -13.758460891193307, "params": {"gamma": 599.8898380344709, "log10_alpha": -1.0533728305767909, "log10_colsample_bytree": -0.2045406553458169, "log10_eta": -3.679962395564738, "log10_lambda": -4.158929805498131, "log10_min_child_weight": 1.8808302538566442, "log10_subsample": -0.8627357141319902, "max_depth": 9.0, "num_boost_round": 18.0}, "datetime": {"datetime": "2024-01-19 00:48:16", "elapsed": 2148.579501, "delta": 0.002764}}
{"target": -13.758532019536636, "params": {"gamma": 559.4852065482612, "log10_alpha": -2.4209078685666645, "log10_colsample_bytree": -0.7501780953263218, "log10_eta": -3.9290063332595255, "log10_lambda": -1.547629868834452, "log10_min_child_weight": 0.9204799876901448, "log10_subsample": -0.6476273898148283, "max_depth": 8.0, "num_boost_round": 0.0}, "datetime": {"datetime": "2024-01-19 00:49:15", "elapsed": 2207.688207, "delta": 59.108706}}
{"target": -13.758529761533923, "params": {"gamma": 559.4852065482612, "log10_alpha": -2.4209078685666645, "log10_colsample_bytree": -0.7501780953263218, "log10_eta": -3.9290063332595255, "log10_lambda": -1.547629868834452, "log10_min_child_weight": 0.9204799876901448, "log10_subsample": -0.6476273898148283, "max_depth": 8.0, "num_boost_round": 1.0}, "datetime": {"datetime": "2024-01-19 00:49:15", "elapsed": 2207.691662, "delta": 0.003455}}
{"target": -13.758520343590673, "params": {"gamma": 559.4852065482612, "log10_alpha": -2.4209078685666645, "log10_colsample_bytree": -0.7501780953263218, "log10_eta": -3.9290063332595255, "log10_lambda": -1.547629868834452, "log10_min_child_weight": 0.9204799876901448, "log10_subsample": -0.6476273898148283, "max_depth": 8.0, "num_boost_round": 2.0}, "datetime": {"datetime": "2024-01-19 00:49:15", "elapsed": 2207.694808, "delta": 0.003146}}
{"target": -13.75851309003172, "params": {"gamma": 559.4852065482612, "log10_alpha": -2.4209078685666645, "log10_colsample_bytree": -0.7501780953263218, "log10_eta": -3.9290063332595255, "log10_lambda": -1.547629868834452, "log10_min_child_weight": 0.9204799876901448, "log10_subsample": -0.6476273898148283, "max_depth": 8.0, "num_boost_round": 3.0}, "datetime": {"datetime": "2024-01-19 00:49:15", "elapsed": 2207.697675, "delta": 0.002867}}
{"target": -13.75850839678305, "params": {"gamma": 559.4852065482612, "log10_alpha": -2.4209078685666645, "log10_colsample_bytree": -0.7501780953263218, "log10_eta": -3.9290063332595255, "log10_lambda": -1.547629868834452, "log10_min_child_weight": 0.9204799876901448, "log10_subsample": -0.6476273898148283, "max_depth": 8.0, "num_boost_round": 4.0}, "datetime": {"datetime": "2024-01-19 00:49:15", "elapsed": 2207.700549, "delta": 0.002874}}
{"target": -13.758506123958568, "params": {"gamma": 559.4852065482612, "log10_alpha": -2.4209078685666645, "log10_colsample_bytree": -0.7501780953263218, "log10_eta": -3.9290063332595255, "log10_lambda": -1.547629868834452, "log10_min_child_weight": 0.9204799876901448, "log10_subsample": -0.6476273898148283, "max_depth": 8.0, "num_boost_round": 5.0}, "datetime": {"datetime": "2024-01-19 00:49:15", "elapsed": 2207.703513, "delta": 0.002964}}
{"target": -13.758502503654894, "params": {"gamma": 559.4852065482612, "log10_alpha": -2.4209078685666645, "log10_colsample_bytree": -0.7501780953263218, "log10_eta": -3.9290063332595255, "log10_lambda": -1.547629868834452, "log10_min_child_weight": 0.9204799876901448, "log10_subsample": -0.6476273898148283, "max_depth": 8.0, "num_boost_round": 6.0}, "datetime": {"datetime": "2024-01-19 00:49:15", "elapsed": 2207.706229, "delta": 0.002716}}
{"target": -13.758500801075073, "params": {"gamma": 559.4852065482612, "log10_alpha": -2.4209078685666645, "log10_colsample_bytree": -0.7501780953263218, "log10_eta": -3.9290063332595255, "log10_lambda": -1.547629868834452, "log10_min_child_weight": 0.9204799876901448, "log10_subsample": -0.6476273898148283, "max_depth": 8.0, "num_boost_round": 7.0}, "datetime": {"datetime": "2024-01-19 00:49:15", "elapsed": 2207.70893, "delta": 0.002701}}
{"target": -13.758500542713787, "params": {"gamma": 559.4852065482612, "log10_alpha": -2.4209078685666645, "log10_colsample_bytree": -0.7501780953263218, "log10_eta": -3.9290063332595255, "log10_lambda": -1.547629868834452, "log10_min_child_weight": 0.9204799876901448, "log10_subsample": -0.6476273898148283, "max_depth": 8.0, "num_boost_round": 8.0}, "datetime": {"datetime": "2024-01-19 00:49:15", "elapsed": 2207.711659, "delta": 0.002729}}
{"target": -13.758502519660711, "params": {"gamma": 559.4852065482612, "log10_alpha": -2.4209078685666645, "log10_colsample_bytree": -0.7501780953263218, "log10_eta": -3.9290063332595255, "log10_lambda": -1.547629868834452, "log10_min_child_weight": 0.9204799876901448, "log10_subsample": -0.6476273898148283, "max_depth": 8.0, "num_boost_round": 9.0}, "datetime": {"datetime": "2024-01-19 00:49:15", "elapsed": 2207.714518, "delta": 0.002859}}
{"target": -13.758498191886236, "params": {"gamma": 559.4852065482612, "log10_alpha": -2.4209078685666645, "log10_colsample_bytree": -0.7501780953263218, "log10_eta": -3.9290063332595255, "log10_lambda": -1.547629868834452, "log10_min_child_weight": 0.9204799876901448, "log10_subsample": -0.6476273898148283, "max_depth": 8.0, "num_boost_round": 10.0}, "datetime": {"datetime": "2024-01-19 00:49:15", "elapsed": 2207.717579, "delta": 0.003061}}
{"target": -13.758497948645955, "params": {"gamma": 559.4852065482612, "log10_alpha": -2.4209078685666645, "log10_colsample_bytree": -0.7501780953263218, "log10_eta": -3.9290063332595255, "log10_lambda": -1.547629868834452, "log10_min_child_weight": 0.9204799876901448, "log10_subsample": -0.6476273898148283, "max_depth": 8.0, "num_boost_round": 11.0}, "datetime": {"datetime": "2024-01-19 00:49:15", "elapsed": 2207.720651, "delta": 0.003072}}
{"target": -13.758498435875683, "params": {"gamma": 559.4852065482612, "log10_alpha": -2.4209078685666645, "log10_colsample_bytree": -0.7501780953263218, "log10_eta": -3.9290063332595255, "log10_lambda": -1.547629868834452, "log10_min_child_weight": 0.9204799876901448, "log10_subsample": -0.6476273898148283, "max_depth": 8.0, "num_boost_round": 12.0}, "datetime": {"datetime": "2024-01-19 00:49:15", "elapsed": 2207.72346, "delta": 0.002809}}
{"target": -13.758489552959178, "params": {"gamma": 559.4852065482612, "log10_alpha": -2.4209078685666645, "log10_colsample_bytree": -0.7501780953263218, "log10_eta": -3.9290063332595255, "log10_lambda": -1.547629868834452, "log10_min_child_weight": 0.9204799876901448, "log10_subsample": -0.6476273898148283, "max_depth": 8.0, "num_boost_round": 13.0}, "datetime": {"datetime": "2024-01-19 00:49:15", "elapsed": 2207.726195, "delta": 0.002735}}
{"target": -13.758491873557384, "params": {"gamma": 559.4852065482612, "log10_alpha": -2.4209078685666645, "log10_colsample_bytree": -0.7501780953263218, "log10_eta": -3.9290063332595255, "log10_lambda": -1.547629868834452, "log10_min_child_weight": 0.9204799876901448, "log10_subsample": -0.6476273898148283, "max_depth": 8.0, "num_boost_round": 14.0}, "datetime": {"datetime": "2024-01-19 00:49:15", "elapsed": 2207.728927, "delta": 0.002732}}
{"target": -13.75849006505377, "params": {"gamma": 559.4852065482612, "log10_alpha": -2.4209078685666645, "log10_colsample_bytree": -0.7501780953263218, "log10_eta": -3.9290063332595255, "log10_lambda": -1.547629868834452, "log10_min_child_weight": 0.9204799876901448, "log10_subsample": -0.6476273898148283, "max_depth": 8.0, "num_boost_round": 15.0}, "datetime": {"datetime": "2024-01-19 00:49:15", "elapsed": 2207.731721, "delta": 0.002794}}
{"target": -13.758488623423585, "params": {"gamma": 559.4852065482612, "log10_alpha": -2.4209078685666645, "log10_colsample_bytree": -0.7501780953263218, "log10_eta": -3.9290063332595255, "log10_lambda": -1.547629868834452, "log10_min_child_weight": 0.9204799876901448, "log10_subsample": -0.6476273898148283, "max_depth": 8.0, "num_boost_round": 16.0}, "datetime": {"datetime": "2024-01-19 00:49:15", "elapsed": 2207.734768, "delta": 0.003047}}
{"target": -13.758482124427482, "params": {"gamma": 559.4852065482612, "log10_alpha": -2.4209078685666645, "log10_colsample_bytree": -0.7501780953263218, "log10_eta": -3.9290063332595255, "log10_lambda": -1.547629868834452, "log10_min_child_weight": 0.9204799876901448, "log10_subsample": -0.6476273898148283, "max_depth": 8.0, "num_boost_round": 17.0}, "datetime": {"datetime": "2024-01-19 00:49:15", "elapsed": 2207.738175, "delta": 0.003407}}
{"target": -13.758483763227506, "params": {"gamma": 559.4852065482612, "log10_alpha": -2.4209078685666645, "log10_colsample_bytree": -0.7501780953263218, "log10_eta": -3.9290063332595255, "log10_lambda": -1.547629868834452, "log10_min_child_weight": 0.9204799876901448, "log10_subsample": -0.6476273898148283, "max_depth": 8.0, "num_boost_round": 18.0}, "datetime": {"datetime": "2024-01-19 00:49:15", "elapsed": 2207.741001, "delta": 0.002826}}
{"target": -13.75848090403105, "params": {"gamma": 559.4852065482612, "log10_alpha": -2.4209078685666645, "log10_colsample_bytree": -0.7501780953263218, "log10_eta": -3.9290063332595255, "log10_lambda": -1.547629868834452, "log10_min_child_weight": 0.9204799876901448, "log10_subsample": -0.6476273898148283, "max_depth": 8.0, "num_boost_round": 19.0}, "datetime": {"datetime": "2024-01-19 00:49:15", "elapsed": 2207.74381, "delta": 0.002809}}
{"target": -13.758474861398225, "params": {"gamma": 559.4852065482612, "log10_alpha": -2.4209078685666645, "log10_colsample_bytree": -0.7501780953263218, "log10_eta": -3.9290063332595255, "log10_lambda": -1.547629868834452, "log10_min_child_weight": 0.9204799876901448, "log10_subsample": -0.6476273898148283, "max_depth": 8.0, "num_boost_round": 20.0}, "datetime": {"datetime": "2024-01-19 00:49:15", "elapsed": 2207.74661, "delta": 0.0028}}
{"target": -13.75846593629386, "params": {"gamma": 559.4852065482612, "log10_alpha": -2.4209078685666645, "log10_colsample_bytree": -0.7501780953263218, "log10_eta": -3.9290063332595255, "log10_lambda": -1.547629868834452, "log10_min_child_weight": 0.9204799876901448, "log10_subsample": -0.6476273898148283, "max_depth": 8.0, "num_boost_round": 21.0}, "datetime": {"datetime": "2024-01-19 00:49:15", "elapsed": 2207.749357, "delta": 0.002747}}
{"target": -13.75846193795046, "params": {"gamma": 559.4852065482612, "log10_alpha": -2.4209078685666645, "log10_colsample_bytree": -0.7501780953263218, "log10_eta": -3.9290063332595255, "log10_lambda": -1.547629868834452, "log10_min_child_weight": 0.9204799876901448, "log10_subsample": -0.6476273898148283, "max_depth": 8.0, "num_boost_round": 22.0}, "datetime": {"datetime": "2024-01-19 00:49:15", "elapsed": 2207.752066, "delta": 0.002709}}
{"target": -13.758456114235848, "params": {"gamma": 559.4852065482612, "log10_alpha": -2.4209078685666645, "log10_colsample_bytree": -0.7501780953263218, "log10_eta": -3.9290063332595255, "log10_lambda": -1.547629868834452, "log10_min_child_weight": 0.9204799876901448, "log10_subsample": -0.6476273898148283, "max_depth": 8.0, "num_boost_round": 23.0}, "datetime": {"datetime": "2024-01-19 00:49:15", "elapsed": 2207.754973, "delta": 0.002907}}
{"target": -13.758457612902033, "params": {"gamma": 559.4852065482612, "log10_alpha": -2.4209078685666645, "log10_colsample_bytree": -0.7501780953263218, "log10_eta": -3.9290063332595255, "log10_lambda": -1.547629868834452, "log10_min_child_weight": 0.9204799876901448, "log10_subsample": -0.6476273898148283, "max_depth": 8.0, "num_boost_round": 24.0}, "datetime": {"datetime": "2024-01-19 00:49:15", "elapsed": 2207.757689, "delta": 0.002716}}
{"target": -13.75845740443994, "params": {"gamma": 559.4852065482612, "log10_alpha": -2.4209078685666645, "log10_colsample_bytree": -0.7501780953263218, "log10_eta": -3.9290063332595255, "log10_lambda": -1.547629868834452, "log10_min_child_weight": 0.9204799876901448, "log10_subsample": -0.6476273898148283, "max_depth": 8.0, "num_boost_round": 25.0}, "datetime": {"datetime": "2024-01-19 00:49:15", "elapsed": 2207.760413, "delta": 0.002724}}
{"target": -13.758451037219453, "params": {"gamma": 559.4852065482612, "log10_alpha": -2.4209078685666645, "log10_colsample_bytree": -0.7501780953263218, "log10_eta": -3.9290063332595255, "log10_lambda": -1.547629868834452, "log10_min_child_weight": 0.9204799876901448, "log10_subsample": -0.6476273898148283, "max_depth": 8.0, "num_boost_round": 26.0}, "datetime": {"datetime": "2024-01-19 00:49:15", "elapsed": 2207.763095, "delta": 0.002682}}
