{"target": -13.755915735523672, "params": {"gamma": 321.27617338707324, "log10_alpha": 0.11733808159902459, "log10_colsample_bytree": -0.5957089944352051, "log10_eta": -2.376756949744042, "log10_lambda": 0.2561239829635582, "log10_min_child_weight": 1.4191882895794987, "log10_subsample": -0.43191738144421643, "max_depth": 9.0, "num_boost_round": 26.0}, "datetime": {"datetime": "2024-01-19 02:03:44", "elapsed": 6677.181342, "delta": 0.006023}}
{"target": -13.755937336671893, "params": {"gamma": 321.27617338707324, "log10_alpha": 0.11733808159902459, "log10_colsample_bytree": -0.5957089944352051, "log10_eta": -2.376756949744042, "log10_lambda": 0.2561239829635582, "log10_min_child_weight": 1.4191882895794987, "log10_subsample": -0.43191738144421643, "max_depth": 9.0, "num_boost_round": 27.0}, "datetime": {"datetime": "2024-01-19 02:03:44", "elapsed": 6677.187313, "delta": 0.005971}}
{"target": -13.755863401133496, "params": {"gamma": 321.27617338707324, "log10_alpha": 0.11733808159902459, "log10_colsample_bytree": -0.5957089944352051, "log10_eta": -2.376756949744042, "log10_lambda": 0.2561239829635582, "log10_min_child_weight": 1.4191882895794987, "log10_subsample": -0.43191738144421643, "max_depth": 9.0, "num_boost_round": 28.0}, "datetime": {"datetime": "2024-01-19 02:03:44", "elapsed": 6677.193295, "delta": 0.005982}}
{"target": -13.755871046761927, "params": {"gamma": 321.27617338707324, "log10_alpha": 0.11733808159902459, "log10_colsample_bytree": -0.5957089944352051, "log10_eta": -2.376756949744042, "log10_lambda": 0.2561239829635582, "log10_min_child_weight": 1.4191882895794987, "log10_subsample": -0.43191738144421643, "max_depth": 9.0, "num_boost_round": 29.0}, "datetime": {"datetime": "2024-01-19 02:03:44", "elapsed": 6677.199036, "delta": 0.005741}}
{"target": -13.75590773170027, "params": {"gamma": 321.27617338707324, "log10_alpha": 0.11733808159902459, "log10_colsample_bytree": -0.5957089944352051, "log10_eta": -2.376756949744042, "log10_lambda": 0.2561239829635582, "log10_min_child_weight": 1.4191882895794987, "log10_subsample": -0.43191738144421643, "max_depth": 9.0, "num_boost_round": 30.0}, "datetime": {"datetime": "2024-01-19 02:03:44", "elapsed": 6677.20477, "delta": 0.005734}}
{"target": -13.758463696703016, "params": {"gamma": 312.42087884242187, "log10_alpha": -1.4184210734250842, "log10_colsample_bytree": -0.41557897399147803, "log10_eta": -2.189752180379011, "log10_lambda": -3.0848086738244858, "log10_min_child_weight": 0.9371172087309065, "log10_subsample": -0.3154253325767149, "max_depth": 3.0, "num_boost_round": 0.0}, "datetime": {"datetime": "2024-01-19 02:04:45", "elapsed": 6738.396596, "delta": 61.191826}}
{"target": -13.75834911019901, "params": {"gamma": 312.42087884242187, "log10_alpha": -1.4184210734250842, "log10_colsample_bytree": -0.41557897399147803, "log10_eta": -2.189752180379011, "log10_lambda": -3.0848086738244858, "log10_min_child_weight": 0.9371172087309065, "log10_subsample": -0.3154253325767149, "max_depth": 3.0, "num_boost_round": 1.0}, "datetime": {"datetime": "2024-01-19 02:04:45", "elapsed": 6738.403349, "delta": 0.006753}}
{"target": -13.758393196258787, "params": {"gamma": 312.42087884242187, "log10_alpha": -1.4184210734250842, "log10_colsample_bytree": -0.41557897399147803, "log10_eta": -2.189752180379011, "log10_lambda": -3.0848086738244858, "log10_min_child_weight": 0.9371172087309065, "log10_subsample": -0.3154253325767149, "max_depth": 3.0, "num_boost_round": 2.0}, "datetime": {"datetime": "2024-01-19 02:04:45", "elapsed": 6738.4092, "delta": 0.005851}}
{"target": -13.758341724318335, "params": {"gamma": 312.42087884242187, "log10_alpha": -1.4184210734250842, "log10_colsample_bytree": -0.41557897399147803, "log10_eta": -2.189752180379011, "log10_lambda": -3.0848086738244858, "log10_min_child_weight": 0.9371172087309065, "log10_subsample": -0.3154253325767149, "max_depth": 3.0, "num_boost_round": 3.0}, "datetime": {"datetime": "2024-01-19 02:04:45", "elapsed": 6738.4151, "delta": 0.0059}}
{"target": -13.758269661419344, "params": {"gamma": 312.42087884242187, "log10_alpha": -1.4184210734250842, "log10_colsample_bytree": -0.41557897399147803, "log10_eta": -2.189752180379011, "log10_lambda": -3.0848086738244858, "log10_min_child_weight": 0.9371172087309065, "log10_subsample": -0.3154253325767149, "max_depth": 3.0, "num_boost_round": 4.0}, "datetime": {"datetime": "2024-01-19 02:04:45", "elapsed": 6738.420912, "delta": 0.005812}}
{"target": -13.75832915519249, "params": {"gamma": 312.42087884242187, "log10_alpha": -1.4184210734250842, "log10_colsample_bytree": -0.41557897399147803, "log10_eta": -2.189752180379011, "log10_lambda": -3.0848086738244858, "log10_min_child_weight": 0.9371172087309065, "log10_subsample": -0.3154253325767149, "max_depth": 3.0, "num_boost_round": 5.0}, "datetime": {"datetime": "2024-01-19 02:04:45", "elapsed": 6738.426786, "delta": 0.005874}}
{"target": -13.758426240214902, "params": {"gamma": 312.42087884242187, "log10_alpha": -1.4184210734250842, "log10_colsample_bytree": -0.41557897399147803, "log10_eta": -2.189752180379011, "log10_lambda": -3.0848086738244858, "log10_min_child_weight": 0.9371172087309065, "log10_subsample": -0.3154253325767149, "max_depth": 3.0, "num_boost_round": 6.0}, "datetime": {"datetime": "2024-01-19 02:04:45", "elapsed": 6738.432927, "delta": 0.006141}}
{"target": -13.75838516514142, "params": {"gamma": 312.42087884242187, "log10_alpha": -1.4184210734250842, "log10_colsample_bytree": -0.41557897399147803, "log10_eta": -2.189752180379011, "log10_lambda": -3.0848086738244858, "log10_min_child_weight": 0.9371172087309065, "log10_subsample": -0.3154253325767149, "max_depth": 3.0, "num_boost_round": 7.0}, "datetime": {"datetime": "2024-01-19 02:04:45", "elapsed": 6738.439701, "delta": 0.006774}}
{"target": -13.75840682043202, "params": {"gamma": 312.42087884242187, "log10_alpha": -1.4184210734250842, "log10_colsample_bytree": -0.41557897399147803, "log10_eta": -2.189752180379011, "log10_lambda": -3.0848086738244858, "log10_min_child_weight": 0.9371172087309065, "log10_subsample": -0.3154253325767149, "max_depth": 3.0, "num_boost_round": 8.0}, "datetime": {"datetime": "2024-01-19 02:04:45", "elapsed": 6738.446627, "delta": 0.006926}}
{"target": -13.758256420999643, "params": {"gamma": 312.42087884242187, "log10_alpha": -1.4184210734250842, "log10_colsample_bytree": -0.41557897399147803, "log10_eta": -2.189752180379011, "log10_lambda": -3.0848086738244858, "log10_min_child_weight": 0.9371172087309065, "log10_subsample": -0.3154253325767149, "max_depth": 3.0, "num_boost_round": 9.0}, "datetime": {"datetime": "2024-01-19 02:04:45", "elapsed": 6738.453246, "delta": 0.006619}}
{"target": -13.75827062373208, "params": {"gamma": 312.42087884242187, "log10_alpha": -1.4184210734250842, "log10_colsample_bytree": -0.41557897399147803, "log10_eta": -2.189752180379011, "log10_lambda": -3.0848086738244858, "log10_min_child_weight": 0.9371172087309065, "log10_subsample": -0.3154253325767149, "max_depth": 3.0, "num_boost_round": 10.0}, "datetime": {"datetime": "2024-01-19 02:04:45", "elapsed": 6738.459772, "delta": 0.006526}}
{"target": -13.758138753019722, "params": {"gamma": 312.42087884242187, "log10_alpha": -1.4184210734250842, "log10_colsample_bytree": -0.41557897399147803, "log10_eta": -2.189752180379011, "log10_lambda": -3.0848086738244858, "log10_min_child_weight": 0.9371172087309065, "log10_subsample": -0.3154253325767149, "max_depth": 3.0, "num_boost_round": 11.0}, "datetime": {"datetime": "2024-01-19 02:04:45", "elapsed": 6738.466114, "delta": 0.006342}}
{"target": -13.758131044627344, "params": {"gamma": 312.42087884242187, "log10_alpha": -1.4184210734250842, "log10_colsample_bytree": -0.41557897399147803, "log10_eta": -2.189752180379011, "log10_lambda": -3.0848086738244858, "log10_min_child_weight": 0.9371172087309065, "log10_subsample": -0.3154253325767149, "max_depth": 3.0, "num_boost_round": 12.0}, "datetime": {"datetime": "2024-01-19 02:04:45", "elapsed": 6738.47227, "delta": 0.006156}}
{"target": -13.758158033630005, "params": {"gamma": 312.42087884242187, "log10_alpha": -1.4184210734250842, "log10_colsample_bytree": -0.41557897399147803, "log10_eta": -2.189752180379011, "log10_lambda": -3.0848086738244858, "log10_min_child_weight": 0.9371172087309065, "log10_subsample": -0.3154253325767149, "max_depth": 3.0, "num_boost_round": 13.0}, "datetime": {"datetime": "2024-01-19 02:04:45", "elapsed": 6738.478092, "delta": 0.005822}}
{"target": -13.758106092707674, "params": {"gamma": 312.42087884242187, "log10_alpha": -1.4184210734250842, "log10_colsample_bytree": -0.41557897399147803, "log10_eta": -2.189752180379011, "log10_lambda": -3.0848086738244858, "log10_min_child_weight": 0.9371172087309065, "log10_subsample": -0.3154253325767149, "max_depth": 3.0, "num_boost_round": 14.0}, "datetime": {"datetime": "2024-01-19 02:04:45", "elapsed": 6738.48408, "delta": 0.005988}}
{"target": -13.757951970432739, "params": {"gamma": 312.42087884242187, "log10_alpha": -1.4184210734250842, "log10_colsample_bytree": -0.41557897399147803, "log10_eta": -2.189752180379011, "log10_lambda": -3.0848086738244858, "log10_min_child_weight": 0.9371172087309065, "log10_subsample": -0.3154253325767149, "max_depth": 3.0, "num_boost_round": 15.0}, "datetime": {"datetime": "2024-01-19 02:04:45", "elapsed": 6738.49068, "delta": 0.0066}}
{"target": -13.757811656811084, "params": {"gamma": 312.42087884242187, "log10_alpha": -1.4184210734250842, "log10_colsample_bytree": -0.41557897399147803, "log10_eta": -2.189752180379011, "log10_lambda": -3.0848086738244858, "log10_min_child_weight": 0.9371172087309065, "log10_subsample": -0.3154253325767149, "max_depth": 3.0, "num_boost_round": 16.0}, "datetime": {"datetime": "2024-01-19 02:04:45", "elapsed": 6738.497093, "delta": 0.006413}}
{"target": -13.7578294551317, "params": {"gamma": 312.42087884242187, "log10_alpha": -1.4184210734250842, "log10_colsample_bytree": -0.41557897399147803, "log10_eta": -2.189752180379011, "log10_lambda": -3.0848086738244858, "log10_min_child_weight": 0.9371172087309065, "log10_subsample": -0.3154253325767149, "max_depth": 3.0, "num_boost_round": 17.0}, "datetime": {"datetime": "2024-01-19 02:04:45", "elapsed": 6738.503357, "delta": 0.006264}}
{"target": -13.757797628749444, "params": {"gamma": 312.42087884242187, "log10_alpha": -1.4184210734250842, "log10_colsample_bytree": -0.41557897399147803, "log10_eta": -2.189752180379011, "log10_lambda": -3.0848086738244858, "log10_min_child_weight": 0.9371172087309065, "log10_subsample": -0.3154253325767149, "max_depth": 3.0, "num_boost_round": 18.0}, "datetime": {"datetime": "2024-01-19 02:04:45", "elapsed": 6738.5094, "delta": 0.006043}}
{"target": -13.757826390294058, "params": {"gamma": 312.42087884242187, "log10_alpha": -1.4184210734250842, "log10_colsample_bytree": -0.41557897399147803, "log10_eta": -2.189752180379011, "log10_lambda": -3.0848086738244858, "log10_min_child_weight": 0.9371172087309065, "log10_subsample": -0.3154253325767149, "max_depth": 3.0, "num_boost_round": 19.0}, "datetime": {"datetime": "2024-01-19 02:04:45", "elapsed": 6738.515787, "delta": 0.006387}}
{"target": -13.757756713519244, "params": {"gamma": 312.42087884242187, "log10_alpha": -1.4184210734250842, "log10_colsample_bytree": -0.41557897399147803, "log10_eta": -2.189752180379011, "log10_lambda": -3.0848086738244858, "log10_min_child_weight": 0.9371172087309065, "log10_subsample": -0.3154253325767149, "max_depth": 3.0, "num_boost_round": 20.0}, "datetime": {"datetime": "2024-01-19 02:04:45", "elapsed": 6738.522744, "delta": 0.006957}}
{"target": -13.757729166741909, "params": {"gamma": 312.42087884242187, "log10_alpha": -1.4184210734250842, "log10_colsample_bytree": -0.41557897399147803, "log10_eta": -2.189752180379011, "log10_lambda": -3.0848086738244858, "log10_min_child_weight": 0.9371172087309065, "log10_subsample": -0.3154253325767149, "max_depth": 3.0, "num_boost_round": 21.0}, "datetime": {"datetime": "2024-01-19 02:04:46", "elapsed": 6738.651919, "delta": 0.129175}}
{"target": -13.757754449424654, "params": {"gamma": 312.42087884242187, "log10_alpha": -1.4184210734250842, "log10_colsample_bytree": -0.41557897399147803, "log10_eta": -2.189752180379011, "log10_lambda": -3.0848086738244858, "log10_min_child_weight": 0.9371172087309065, "log10_subsample": -0.3154253325767149, "max_depth": 3.0, "num_boost_round": 22.0}, "datetime": {"datetime": "2024-01-19 02:04:46", "elapsed": 6738.658629, "delta": 0.00671}}
{"target": -13.757676990885637, "params": {"gamma": 312.42087884242187, "log10_alpha": -1.4184210734250842, "log10_colsample_bytree": -0.41557897399147803, "log10_eta": -2.189752180379011, "log10_lambda": -3.0848086738244858, "log10_min_child_weight": 0.9371172087309065, "log10_subsample": -0.3154253325767149, "max_depth": 3.0, "num_boost_round": 23.0}, "datetime": {"datetime": "2024-01-19 02:04:46", "elapsed": 6738.664861, "delta": 0.006232}}
{"target": -13.75763354704153, "params": {"gamma": 312.42087884242187, "log10_alpha": -1.4184210734250842, "log10_colsample_bytree": -0.41557897399147803, "log10_eta": -2.189752180379011, "log10_lambda": -3.0848086738244858, "log10_min_child_weight": 0.9371172087309065, "log10_subsample": -0.3154253325767149, "max_depth": 3.0, "num_boost_round": 24.0}, "datetime": {"datetime": "2024-01-19 02:04:46", "elapsed": 6738.671145, "delta": 0.006284}}
{"target": -13.757497330429599, "params": {"gamma": 312.42087884242187, "log10_alpha": -1.4184210734250842, "log10_colsample_bytree": -0.41557897399147803, "log10_eta": -2.189752180379011, "log10_lambda": -3.0848086738244858, "log10_min_child_weight": 0.9371172087309065, "log10_subsample": -0.3154253325767149, "max_depth": 3.0, "num_boost_round": 25.0}, "datetime": {"datetime": "2024-01-19 02:04:46", "elapsed": 6738.677581, "delta": 0.006436}}
{"target": -13.757545899468637, "params": {"gamma": 312.42087884242187, "log10_alpha": -1.4184210734250842, "log10_colsample_bytree": -0.41557897399147803, "log10_eta": -2.189752180379011, "log10_lambda": -3.0848086738244858, "log10_min_child_weight": 0.9371172087309065, "log10_subsample": -0.3154253325767149, "max_depth": 3.0, "num_boost_round": 26.0}, "datetime": {"datetime": "2024-01-19 02:04:46", "elapsed": 6738.684313, "delta": 0.006732}}
{"target": -13.758538284611362, "params": {"gamma": 315.2632650020915, "log10_alpha": -5.0, "log10_colsample_bytree": 0.0, "log10_eta": -1.9026612920245922, "log10_lambda": 1.0, "log10_min_child_weight": 5.0, "log10_subsample": -1.0, "max_depth": 6.0, "num_boost_round": 0.0}, "datetime": {"datetime": "2024-01-19 02:06:10", "elapsed": 6822.932327, "delta": 84.248014}}
{"target": -13.758538186449217, "params": {"gamma": 315.2632650020915, "log10_alpha": -5.0, "log10_colsample_bytree": 0.0, "log10_eta": -1.9026612920245922, "log10_lambda": 1.0, "log10_min_child_weight": 5.0, "log10_subsample": -1.0, "max_depth": 6.0, "num_boost_round": 1.0}, "datetime": {"datetime": "2024-01-19 02:06:10", "elapsed": 6822.939809, "delta": 0.007482}}
{"target": -13.75853867090719, "params": {"gamma": 315.2632650020915, "log10_alpha": -5.0, "log10_colsample_bytree": 0.0, "log10_eta": -1.9026612920245922, "log10_lambda": 1.0, "log10_min_child_weight": 5.0, "log10_subsample": -1.0, "max_depth": 6.0, "num_boost_round": 2.0}, "datetime": {"datetime": "2024-01-19 02:06:10", "elapsed": 6822.94586, "delta": 0.006051}}
{"target": -13.758538424216628, "params": {"gamma": 315.2632650020915, "log10_alpha": -5.0, "log10_colsample_bytree": 0.0, "log10_eta": -1.9026612920245922, "log10_lambda": 1.0, "log10_min_child_weight": 5.0, "log10_subsample": -1.0, "max_depth": 6.0, "num_boost_round": 3.0}, "datetime": {"datetime": "2024-01-19 02:06:10", "elapsed": 6822.952148, "delta": 0.006288}}
{"target": -13.758538426346446, "params": {"gamma": 315.2632650020915, "log10_alpha": -5.0, "log10_colsample_bytree": 0.0, "log10_eta": -1.9026612920245922, "log10_lambda": 1.0, "log10_min_child_weight": 5.0, "log10_subsample": -1.0, "max_depth": 6.0, "num_boost_round": 4.0}, "datetime": {"datetime": "2024-01-19 02:06:10", "elapsed": 6822.958955, "delta": 0.006807}}
{"target": -13.758538647491523, "params": {"gamma": 315.2632650020915, "log10_alpha": -5.0, "log10_colsample_bytree": 0.0, "log10_eta": -1.9026612920245922, "log10_lambda": 1.0, "log10_min_child_weight": 5.0, "log10_subsample": -1.0, "max_depth": 6.0, "num_boost_round": 5.0}, "datetime": {"datetime": "2024-01-19 02:06:10", "elapsed": 6822.965291, "delta": 0.006336}}
{"target": -13.75853865801265, "params": {"gamma": 315.2632650020915, "log10_alpha": -5.0, "log10_colsample_bytree": 0.0, "log10_eta": -1.9026612920245922, "log10_lambda": 1.0, "log10_min_child_weight": 5.0, "log10_subsample": -1.0, "max_depth": 6.0, "num_boost_round": 6.0}, "datetime": {"datetime": "2024-01-19 02:06:10", "elapsed": 6822.971525, "delta": 0.006234}}
{"target": -13.758538432731196, "params": {"gamma": 315.2632650020915, "log10_alpha": -5.0, "log10_colsample_bytree": 0.0, "log10_eta": -1.9026612920245922, "log10_lambda": 1.0, "log10_min_child_weight": 5.0, "log10_subsample": -1.0, "max_depth": 6.0, "num_boost_round": 7.0}, "datetime": {"datetime": "2024-01-19 02:06:10", "elapsed": 6822.977924, "delta": 0.006399}}
{"target": -13.758538277862833, "params": {"gamma": 315.2632650020915, "log10_alpha": -5.0, "log10_colsample_bytree": 0.0, "log10_eta": -1.9026612920245922, "log10_lambda": 1.0, "log10_min_child_weight": 5.0, "log10_subsample": -1.0, "max_depth": 6.0, "num_boost_round": 8.0}, "datetime": {"datetime": "2024-01-19 02:06:10", "elapsed": 6822.984176, "delta": 0.006252}}
{"target": -13.75853803897832, "params": {"gamma": 315.2632650020915, "log10_alpha": -5.0, "log10_colsample_bytree": 0.0, "log10_eta": -1.9026612920245922, "log10_lambda": 1.0, "log10_min_child_weight": 5.0, "log10_subsample": -1.0, "max_depth": 6.0, "num_boost_round": 9.0}, "datetime": {"datetime": "2024-01-19 02:06:10", "elapsed": 6822.99107, "delta": 0.006894}}
{"target": -13.758538610958846, "params": {"gamma": 315.2632650020915, "log10_alpha": -5.0, "log10_colsample_bytree": 0.0, "log10_eta": -1.9026612920245922, "log10_lambda": 1.0, "log10_min_child_weight": 5.0, "log10_subsample": -1.0, "max_depth": 6.0, "num_boost_round": 10.0}, "datetime": {"datetime": "2024-01-19 02:06:10", "elapsed": 6822.997814, "delta": 0.006744}}
{"target": -13.758538812621905, "params": {"gamma": 315.2632650020915, "log10_alpha": -5.0, "log10_colsample_bytree": 0.0, "log10_eta": -1.9026612920245922, "log10_lambda": 1.0, "log10_min_child_weight": 5.0, "log10_subsample": -1.0, "max_depth": 6.0, "num_boost_round": 11.0}, "datetime": {"datetime": "2024-01-19 02:06:10", "elapsed": 6823.003917, "delta": 0.006103}}
{"target": -13.7585390982271, "params": {"gamma": 315.2632650020915, "log10_alpha": -5.0, "log10_colsample_bytree": 0.0, "log10_eta": -1.9026612920245922, "log10_lambda": 1.0, "log10_min_child_weight": 5.0, "log10_subsample": -1.0, "max_depth": 6.0, "num_boost_round": 12.0}, "datetime": {"datetime": "2024-01-19 02:06:10", "elapsed": 6823.01019, "delta": 0.006273}}
{"target": -13.758538700195603, "params": {"gamma": 315.2632650020915, "log10_alpha": -5.0, "log10_colsample_bytree": 0.0, "log10_eta": -1.9026612920245922, "log10_lambda": 1.0, "log10_min_child_weight": 5.0, "log10_subsample": -1.0, "max_depth": 6.0, "num_boost_round": 13.0}, "datetime": {"datetime": "2024-01-19 02:06:10", "elapsed": 6823.016916, "delta": 0.006726}}
{"target": -13.758538845785584, "params": {"gamma": 315.2632650020915, "log10_alpha": -5.0, "log10_colsample_bytree": 0.0, "log10_eta": -1.9026612920245922, "log10_lambda": 1.0, "log10_min_child_weight": 5.0, "log10_subsample": -1.0, "max_depth": 6.0, "num_boost_round": 14.0}, "datetime": {"datetime": "2024-01-19 02:06:10", "elapsed": 6823.023196, "delta": 0.00628}}
{"target": -13.758538635945362, "params": {"gamma": 315.2632650020915, "log10_alpha": -5.0, "log10_colsample_bytree": 0.0, "log10_eta": -1.9026612920245922, "log10_lambda": 1.0, "log10_min_child_weight": 5.0, "log10_subsample": -1.0, "max_depth": 6.0, "num_boost_round": 15.0}, "datetime": {"datetime": "2024-01-19 02:06:10", "elapsed": 6823.02928, "delta": 0.006084}}
{"target": -13.758538269214252, "params": {"gamma": 315.2632650020915, "log10_alpha": -5.0, "log10_colsample_bytree": 0.0, "log10_eta": -1.9026612920245922, "log10_lambda": 1.0, "log10_min_child_weight": 5.0, "log10_subsample": -1.0, "max_depth": 6.0, "num_boost_round": 16.0}, "datetime": {"datetime": "2024-01-19 02:06:10", "elapsed": 6823.035888, "delta": 0.006608}}
{"target": -13.758538214698412, "params": {"gamma": 315.2632650020915, "log10_alpha": -5.0, "log10_colsample_bytree": 0.0, "log10_eta": -1.9026612920245922, "log10_lambda": 1.0, "log10_min_child_weight": 5.0, "log10_subsample": -1.0, "max_depth": 6.0, "num_boost_round": 17.0}, "datetime": {"datetime": "2024-01-19 02:06:10", "elapsed": 6823.042765, "delta": 0.006877}}
{"target": -13.758538225129438, "params": {"gamma": 315.2632650020915, "log10_alpha": -5.0, "log10_colsample_bytree": 0.0, "log10_eta": -1.9026612920245922, "log10_lambda": 1.0, "log10_min_child_weight": 5.0, "log10_subsample": -1.0, "max_depth": 6.0, "num_boost_round": 18.0}, "datetime": {"datetime": "2024-01-19 02:06:10", "elapsed": 6823.049314, "delta": 0.006549}}
{"target": -13.758538302032036, "params": {"gamma": 315.2632650020915, "log10_alpha": -5.0, "log10_colsample_bytree": 0.0, "log10_eta": -1.9026612920245922, "log10_lambda": 1.0, "log10_min_child_weight": 5.0, "log10_subsample": -1.0, "max_depth": 6.0, "num_boost_round": 19.0}, "datetime": {"datetime": "2024-01-19 02:06:10", "elapsed": 6823.055881, "delta": 0.006567}}
