{"target": -13.758350959153795, "params": {"gamma": 417.7739622779254, "log10_alpha": 0.8223154207379402, "log10_colsample_bytree": -0.1748294727127676, "log10_eta": -2.302264530871051, "log10_lambda": -2.5304879283697908, "log10_min_child_weight": 4.540472832876713, "log10_subsample": -0.4947713430308023, "max_depth": 7.0, "num_boost_round": 18.0}, "datetime": {"datetime": "2024-01-19 00:16:19", "elapsed": 282.126647, "delta": 0.000887}}
{"target": -13.758353325566759, "params": {"gamma": 417.7739622779254, "log10_alpha": 0.8223154207379402, "log10_colsample_bytree": -0.1748294727127676, "log10_eta": -2.302264530871051, "log10_lambda": -2.5304879283697908, "log10_min_child_weight": 4.540472832876713, "log10_subsample": -0.4947713430308023, "max_depth": 7.0, "num_boost_round": 19.0}, "datetime": {"datetime": "2024-01-19 00:16:19", "elapsed": 282.127537, "delta": 0.00089}}
{"target": -13.758369210201545, "params": {"gamma": 417.7739622779254, "log10_alpha": 0.8223154207379402, "log10_colsample_bytree": -0.1748294727127676, "log10_eta": -2.302264530871051, "log10_lambda": -2.5304879283697908, "log10_min_child_weight": 4.540472832876713, "log10_subsample": -0.4947713430308023, "max_depth": 7.0, "num_boost_round": 20.0}, "datetime": {"datetime": "2024-01-19 00:16:19", "elapsed": 282.128415, "delta": 0.000878}}
{"target": -13.758368900192345, "params": {"gamma": 417.7739622779254, "log10_alpha": 0.8223154207379402, "log10_colsample_bytree": -0.1748294727127676, "log10_eta": -2.302264530871051, "log10_lambda": -2.5304879283697908, "log10_min_child_weight": 4.540472832876713, "log10_subsample": -0.4947713430308023, "max_depth": 7.0, "num_boost_round": 21.0}, "datetime": {"datetime": "2024-01-19 00:16:19", "elapsed": 282.129451, "delta": 0.001036}}
{"target": -13.758342199441646, "params": {"gamma": 417.7739622779254, "log10_alpha": 0.8223154207379402, "log10_colsample_bytree": -0.1748294727127676, "log10_eta": -2.302264530871051, "log10_lambda": -2.5304879283697908, "log10_min_child_weight": 4.540472832876713, "log10_subsample": -0.4947713430308023, "max_depth": 7.0, "num_boost_round": 22.0}, "datetime": {"datetime": "2024-01-19 00:16:19", "elapsed": 282.130346, "delta": 0.000895}}
{"target": -13.758313833066914, "params": {"gamma": 417.7739622779254, "log10_alpha": 0.8223154207379402, "log10_colsample_bytree": -0.1748294727127676, "log10_eta": -2.302264530871051, "log10_lambda": -2.5304879283697908, "log10_min_child_weight": 4.540472832876713, "log10_subsample": -0.4947713430308023, "max_depth": 7.0, "num_boost_round": 23.0}, "datetime": {"datetime": "2024-01-19 00:16:19", "elapsed": 282.131241, "delta": 0.000895}}
{"target": -13.758315205410264, "params": {"gamma": 417.7739622779254, "log10_alpha": 0.8223154207379402, "log10_colsample_bytree": -0.1748294727127676, "log10_eta": -2.302264530871051, "log10_lambda": -2.5304879283697908, "log10_min_child_weight": 4.540472832876713, "log10_subsample": -0.4947713430308023, "max_depth": 7.0, "num_boost_round": 24.0}, "datetime": {"datetime": "2024-01-19 00:16:19", "elapsed": 282.132133, "delta": 0.000892}}
{"target": -13.75829452344505, "params": {"gamma": 417.7739622779254, "log10_alpha": 0.8223154207379402, "log10_colsample_bytree": -0.1748294727127676, "log10_eta": -2.302264530871051, "log10_lambda": -2.5304879283697908, "log10_min_child_weight": 4.540472832876713, "log10_subsample": -0.4947713430308023, "max_depth": 7.0, "num_boost_round": 25.0}, "datetime": {"datetime": "2024-01-19 00:16:19", "elapsed": 282.133027, "delta": 0.000894}}
{"target": -13.758270461651227, "params": {"gamma": 417.7739622779254, "log10_alpha": 0.8223154207379402, "log10_colsample_bytree": -0.1748294727127676, "log10_eta": -2.302264530871051, "log10_lambda": -2.5304879283697908, "log10_min_child_weight": 4.540472832876713, "log10_subsample": -0.4947713430308023, "max_depth": 7.0, "num_boost_round": 26.0}, "datetime": {"datetime": "2024-01-19 00:16:19", "elapsed": 282.133923, "delta": 0.000896}}
{"target": -13.75824543324869, "params": {"gamma": 417.7739622779254, "log10_alpha": 0.8223154207379402, "log10_colsample_bytree": -0.1748294727127676, "log10_eta": -2.302264530871051, "log10_lambda": -2.5304879283697908, "log10_min_child_weight": 4.540472832876713, "log10_subsample": -0.4947713430308023, "max_depth": 7.0, "num_boost_round": 27.0}, "datetime": {"datetime": "2024-01-19 00:16:19", "elapsed": 282.134823, "delta": 0.0009}}
{"target": -13.75826050854141, "params": {"gamma": 417.7739622779254, "log10_alpha": 0.8223154207379402, "log10_colsample_bytree": -0.1748294727127676, "log10_eta": -2.302264530871051, "log10_lambda": -2.5304879283697908, "log10_min_child_weight": 4.540472832876713, "log10_subsample": -0.4947713430308023, "max_depth": 7.0, "num_boost_round": 28.0}, "datetime": {"datetime": "2024-01-19 00:16:19", "elapsed": 282.135722, "delta": 0.000899}}
{"target": -13.758236885750712, "params": {"gamma": 417.7739622779254, "log10_alpha": 0.8223154207379402, "log10_colsample_bytree": -0.1748294727127676, "log10_eta": -2.302264530871051, "log10_lambda": -2.5304879283697908, "log10_min_child_weight": 4.540472832876713, "log10_subsample": -0.4947713430308023, "max_depth": 7.0, "num_boost_round": 29.0}, "datetime": {"datetime": "2024-01-19 00:16:19", "elapsed": 282.136616, "delta": 0.000894}}
{"target": -13.75826220762491, "params": {"gamma": 417.7739622779254, "log10_alpha": 0.8223154207379402, "log10_colsample_bytree": -0.1748294727127676, "log10_eta": -2.302264530871051, "log10_lambda": -2.5304879283697908, "log10_min_child_weight": 4.540472832876713, "log10_subsample": -0.4947713430308023, "max_depth": 7.0, "num_boost_round": 30.0}, "datetime": {"datetime": "2024-01-19 00:16:19", "elapsed": 282.137511, "delta": 0.000895}}
{"target": -13.758296967211125, "params": {"gamma": 417.7739622779254, "log10_alpha": 0.8223154207379402, "log10_colsample_bytree": -0.1748294727127676, "log10_eta": -2.302264530871051, "log10_lambda": -2.5304879283697908, "log10_min_child_weight": 4.540472832876713, "log10_subsample": -0.4947713430308023, "max_depth": 7.0, "num_boost_round": 31.0}, "datetime": {"datetime": "2024-01-19 00:16:19", "elapsed": 282.1384, "delta": 0.000889}}
{"target": -13.75829574859625, "params": {"gamma": 417.7739622779254, "log10_alpha": 0.8223154207379402, "log10_colsample_bytree": -0.1748294727127676, "log10_eta": -2.302264530871051, "log10_lambda": -2.5304879283697908, "log10_min_child_weight": 4.540472832876713, "log10_subsample": -0.4947713430308023, "max_depth": 7.0, "num_boost_round": 32.0}, "datetime": {"datetime": "2024-01-19 00:16:19", "elapsed": 282.139301, "delta": 0.000901}}
{"target": -13.758303541614426, "params": {"gamma": 417.7739622779254, "log10_alpha": 0.8223154207379402, "log10_colsample_bytree": -0.1748294727127676, "log10_eta": -2.302264530871051, "log10_lambda": -2.5304879283697908, "log10_min_child_weight": 4.540472832876713, "log10_subsample": -0.4947713430308023, "max_depth": 7.0, "num_boost_round": 33.0}, "datetime": {"datetime": "2024-01-19 00:16:19", "elapsed": 282.14021, "delta": 0.000909}}
{"target": -13.758302941904349, "params": {"gamma": 417.7739622779254, "log10_alpha": 0.8223154207379402, "log10_colsample_bytree": -0.1748294727127676, "log10_eta": -2.302264530871051, "log10_lambda": -2.5304879283697908, "log10_min_child_weight": 4.540472832876713, "log10_subsample": -0.4947713430308023, "max_depth": 7.0, "num_boost_round": 34.0}, "datetime": {"datetime": "2024-01-19 00:16:19", "elapsed": 282.141116, "delta": 0.000906}}
{"target": -13.758317191982155, "params": {"gamma": 417.7739622779254, "log10_alpha": 0.8223154207379402, "log10_colsample_bytree": -0.1748294727127676, "log10_eta": -2.302264530871051, "log10_lambda": -2.5304879283697908, "log10_min_child_weight": 4.540472832876713, "log10_subsample": -0.4947713430308023, "max_depth": 7.0, "num_boost_round": 35.0}, "datetime": {"datetime": "2024-01-19 00:16:19", "elapsed": 282.142045, "delta": 0.000929}}
{"target": -13.758355951143793, "params": {"gamma": 417.7739622779254, "log10_alpha": 0.8223154207379402, "log10_colsample_bytree": -0.1748294727127676, "log10_eta": -2.302264530871051, "log10_lambda": -2.5304879283697908, "log10_min_child_weight": 4.540472832876713, "log10_subsample": -0.4947713430308023, "max_depth": 7.0, "num_boost_round": 36.0}, "datetime": {"datetime": "2024-01-19 00:16:19", "elapsed": 282.142963, "delta": 0.000918}}
{"target": -13.758325719031275, "params": {"gamma": 417.7739622779254, "log10_alpha": 0.8223154207379402, "log10_colsample_bytree": -0.1748294727127676, "log10_eta": -2.302264530871051, "log10_lambda": -2.5304879283697908, "log10_min_child_weight": 4.540472832876713, "log10_subsample": -0.4947713430308023, "max_depth": 7.0, "num_boost_round": 37.0}, "datetime": {"datetime": "2024-01-19 00:16:19", "elapsed": 282.143889, "delta": 0.000926}}
{"target": -13.758353781386132, "params": {"gamma": 417.7739622779254, "log10_alpha": 0.8223154207379402, "log10_colsample_bytree": -0.1748294727127676, "log10_eta": -2.302264530871051, "log10_lambda": -2.5304879283697908, "log10_min_child_weight": 4.540472832876713, "log10_subsample": -0.4947713430308023, "max_depth": 7.0, "num_boost_round": 38.0}, "datetime": {"datetime": "2024-01-19 00:16:19", "elapsed": 282.144804, "delta": 0.000915}}
{"target": -13.758357181719662, "params": {"gamma": 417.7739622779254, "log10_alpha": 0.8223154207379402, "log10_colsample_bytree": -0.1748294727127676, "log10_eta": -2.302264530871051, "log10_lambda": -2.5304879283697908, "log10_min_child_weight": 4.540472832876713, "log10_subsample": -0.4947713430308023, "max_depth": 7.0, "num_boost_round": 39.0}, "datetime": {"datetime": "2024-01-19 00:16:19", "elapsed": 282.145715, "delta": 0.000911}}
{"target": -13.75836543376035, "params": {"gamma": 417.7739622779254, "log10_alpha": 0.8223154207379402, "log10_colsample_bytree": -0.1748294727127676, "log10_eta": -2.302264530871051, "log10_lambda": -2.5304879283697908, "log10_min_child_weight": 4.540472832876713, "log10_subsample": -0.4947713430308023, "max_depth": 7.0, "num_boost_round": 40.0}, "datetime": {"datetime": "2024-01-19 00:16:19", "elapsed": 282.146633, "delta": 0.000918}}
{"target": -13.75837556474603, "params": {"gamma": 417.7739622779254, "log10_alpha": 0.8223154207379402, "log10_colsample_bytree": -0.1748294727127676, "log10_eta": -2.302264530871051, "log10_lambda": -2.5304879283697908, "log10_min_child_weight": 4.540472832876713, "log10_subsample": -0.4947713430308023, "max_depth": 7.0, "num_boost_round": 41.0}, "datetime": {"datetime": "2024-01-19 00:16:19", "elapsed": 282.14755, "delta": 0.000917}}
{"target": -13.758377878340536, "params": {"gamma": 417.7739622779254, "log10_alpha": 0.8223154207379402, "log10_colsample_bytree": -0.1748294727127676, "log10_eta": -2.302264530871051, "log10_lambda": -2.5304879283697908, "log10_min_child_weight": 4.540472832876713, "log10_subsample": -0.4947713430308023, "max_depth": 7.0, "num_boost_round": 42.0}, "datetime": {"datetime": "2024-01-19 00:16:19", "elapsed": 282.148602, "delta": 0.001052}}
{"target": -13.758386943067768, "params": {"gamma": 417.7739622779254, "log10_alpha": 0.8223154207379402, "log10_colsample_bytree": -0.1748294727127676, "log10_eta": -2.302264530871051, "log10_lambda": -2.5304879283697908, "log10_min_child_weight": 4.540472832876713, "log10_subsample": -0.4947713430308023, "max_depth": 7.0, "num_boost_round": 43.0}, "datetime": {"datetime": "2024-01-19 00:16:19", "elapsed": 282.149539, "delta": 0.000937}}
{"target": -13.758398239173713, "params": {"gamma": 417.7739622779254, "log10_alpha": 0.8223154207379402, "log10_colsample_bytree": -0.1748294727127676, "log10_eta": -2.302264530871051, "log10_lambda": -2.5304879283697908, "log10_min_child_weight": 4.540472832876713, "log10_subsample": -0.4947713430308023, "max_depth": 7.0, "num_boost_round": 44.0}, "datetime": {"datetime": "2024-01-19 00:16:19", "elapsed": 282.150461, "delta": 0.000922}}
{"target": -13.758392163233719, "params": {"gamma": 417.7739622779254, "log10_alpha": 0.8223154207379402, "log10_colsample_bytree": -0.1748294727127676, "log10_eta": -2.302264530871051, "log10_lambda": -2.5304879283697908, "log10_min_child_weight": 4.540472832876713, "log10_subsample": -0.4947713430308023, "max_depth": 7.0, "num_boost_round": 45.0}, "datetime": {"datetime": "2024-01-19 00:16:19", "elapsed": 282.151384, "delta": 0.000923}}
{"target": -13.758364625954751, "params": {"gamma": 417.7739622779254, "log10_alpha": 0.8223154207379402, "log10_colsample_bytree": -0.1748294727127676, "log10_eta": -2.302264530871051, "log10_lambda": -2.5304879283697908, "log10_min_child_weight": 4.540472832876713, "log10_subsample": -0.4947713430308023, "max_depth": 7.0, "num_boost_round": 46.0}, "datetime": {"datetime": "2024-01-19 00:16:19", "elapsed": 282.152313, "delta": 0.000929}}
{"target": -13.758379101028632, "params": {"gamma": 417.7739622779254, "log10_alpha": 0.8223154207379402, "log10_colsample_bytree": -0.1748294727127676, "log10_eta": -2.302264530871051, "log10_lambda": -2.5304879283697908, "log10_min_child_weight": 4.540472832876713, "log10_subsample": -0.4947713430308023, "max_depth": 7.0, "num_boost_round": 47.0}, "datetime": {"datetime": "2024-01-19 00:16:19", "elapsed": 282.153243, "delta": 0.00093}}
{"target": -13.758388466315772, "params": {"gamma": 417.7739622779254, "log10_alpha": 0.8223154207379402, "log10_colsample_bytree": -0.1748294727127676, "log10_eta": -2.302264530871051, "log10_lambda": -2.5304879283697908, "log10_min_child_weight": 4.540472832876713, "log10_subsample": -0.4947713430308023, "max_depth": 7.0, "num_boost_round": 48.0}, "datetime": {"datetime": "2024-01-19 00:16:19", "elapsed": 282.154166, "delta": 0.000923}}
{"target": -13.758447862340875, "params": {"gamma": 417.26524564696876, "log10_alpha": -0.29904696709363776, "log10_colsample_bytree": -0.40585253610097005, "log10_eta": -1.4427381042825025, "log10_lambda": -2.808413809417222, "log10_min_child_weight": 3.175384156110777, "log10_subsample": -0.1701983690889799, "max_depth": 6.0, "num_boost_round": 0.0}, "datetime": {"datetime": "2024-01-19 00:16:56", "elapsed": 319.250368, "delta": 37.096202}}
{"target": -13.759319440176599, "params": {"gamma": 417.26524564696876, "log10_alpha": -0.29904696709363776, "log10_colsample_bytree": -0.40585253610097005, "log10_eta": -1.4427381042825025, "log10_lambda": -2.808413809417222, "log10_min_child_weight": 3.175384156110777, "log10_subsample": -0.1701983690889799, "max_depth": 6.0, "num_boost_round": 1.0}, "datetime": {"datetime": "2024-01-19 00:16:56", "elapsed": 319.252052, "delta": 0.001684}}
{"target": -13.758865309673684, "params": {"gamma": 417.26524564696876, "log10_alpha": -0.29904696709363776, "log10_colsample_bytree": -0.40585253610097005, "log10_eta": -1.4427381042825025, "log10_lambda": -2.808413809417222, "log10_min_child_weight": 3.175384156110777, "log10_subsample": -0.1701983690889799, "max_depth": 6.0, "num_boost_round": 2.0}, "datetime": {"datetime": "2024-01-19 00:16:56", "elapsed": 319.253007, "delta": 0.000955}}
{"target": -13.758105767711537, "params": {"gamma": 417.26524564696876, "log10_alpha": -0.29904696709363776, "log10_colsample_bytree": -0.40585253610097005, "log10_eta": -1.4427381042825025, "log10_lambda": -2.808413809417222, "log10_min_child_weight": 3.175384156110777, "log10_subsample": -0.1701983690889799, "max_depth": 6.0, "num_boost_round": 3.0}, "datetime": {"datetime": "2024-01-19 00:16:56", "elapsed": 319.253941, "delta": 0.000934}}
{"target": -13.757130478357505, "params": {"gamma": 417.26524564696876, "log10_alpha": -0.29904696709363776, "log10_colsample_bytree": -0.40585253610097005, "log10_eta": -1.4427381042825025, "log10_lambda": -2.808413809417222, "log10_min_child_weight": 3.175384156110777, "log10_subsample": -0.1701983690889799, "max_depth": 6.0, "num_boost_round": 4.0}, "datetime": {"datetime": "2024-01-19 00:16:56", "elapsed": 319.254871, "delta": 0.00093}}
{"target": -13.758244763517558, "params": {"gamma": 417.26524564696876, "log10_alpha": -0.29904696709363776, "log10_colsample_bytree": -0.40585253610097005, "log10_eta": -1.4427381042825025, "log10_lambda": -2.808413809417222, "log10_min_child_weight": 3.175384156110777, "log10_subsample": -0.1701983690889799, "max_depth": 6.0, "num_boost_round": 5.0}, "datetime": {"datetime": "2024-01-19 00:16:56", "elapsed": 319.255906, "delta": 0.001035}}
{"target": -13.759489393762026, "params": {"gamma": 417.26524564696876, "log10_alpha": -0.29904696709363776, "log10_colsample_bytree": -0.40585253610097005, "log10_eta": -1.4427381042825025, "log10_lambda": -2.808413809417222, "log10_min_child_weight": 3.175384156110777, "log10_subsample": -0.1701983690889799, "max_depth": 6.0, "num_boost_round": 6.0}, "datetime": {"datetime": "2024-01-19 00:16:56", "elapsed": 319.257112, "delta": 0.001206}}
{"target": -13.76029631103536, "params": {"gamma": 417.26524564696876, "log10_alpha": -0.29904696709363776, "log10_colsample_bytree": -0.40585253610097005, "log10_eta": -1.4427381042825025, "log10_lambda": -2.808413809417222, "log10_min_child_weight": 3.175384156110777, "log10_subsample": -0.1701983690889799, "max_depth": 6.0, "num_boost_round": 7.0}, "datetime": {"datetime": "2024-01-19 00:16:56", "elapsed": 319.25807, "delta": 0.000958}}
{"target": -13.760276996316664, "params": {"gamma": 417.26524564696876, "log10_alpha": -0.29904696709363776, "log10_colsample_bytree": -0.40585253610097005, "log10_eta": -1.4427381042825025, "log10_lambda": -2.808413809417222, "log10_min_child_weight": 3.175384156110777, "log10_subsample": -0.1701983690889799, "max_depth": 6.0, "num_boost_round": 8.0}, "datetime": {"datetime": "2024-01-19 00:16:56", "elapsed": 319.259067, "delta": 0.000997}}
{"target": -13.761017457385787, "params": {"gamma": 417.26524564696876, "log10_alpha": -0.29904696709363776, "log10_colsample_bytree": -0.40585253610097005, "log10_eta": -1.4427381042825025, "log10_lambda": -2.808413809417222, "log10_min_child_weight": 3.175384156110777, "log10_subsample": -0.1701983690889799, "max_depth": 6.0, "num_boost_round": 9.0}, "datetime": {"datetime": "2024-01-19 00:16:56", "elapsed": 319.260003, "delta": 0.000936}}
{"target": -13.762266030529755, "params": {"gamma": 417.26524564696876, "log10_alpha": -0.29904696709363776, "log10_colsample_bytree": -0.40585253610097005, "log10_eta": -1.4427381042825025, "log10_lambda": -2.808413809417222, "log10_min_child_weight": 3.175384156110777, "log10_subsample": -0.1701983690889799, "max_depth": 6.0, "num_boost_round": 10.0}, "datetime": {"datetime": "2024-01-19 00:16:56", "elapsed": 319.260939, "delta": 0.000936}}
{"target": -13.762942664144608, "params": {"gamma": 417.26524564696876, "log10_alpha": -0.29904696709363776, "log10_colsample_bytree": -0.40585253610097005, "log10_eta": -1.4427381042825025, "log10_lambda": -2.808413809417222, "log10_min_child_weight": 3.175384156110777, "log10_subsample": -0.1701983690889799, "max_depth": 6.0, "num_boost_round": 11.0}, "datetime": {"datetime": "2024-01-19 00:16:56", "elapsed": 319.261877, "delta": 0.000938}}
{"target": -13.76463784710709, "params": {"gamma": 417.26524564696876, "log10_alpha": -0.29904696709363776, "log10_colsample_bytree": -0.40585253610097005, "log10_eta": -1.4427381042825025, "log10_lambda": -2.808413809417222, "log10_min_child_weight": 3.175384156110777, "log10_subsample": -0.1701983690889799, "max_depth": 6.0, "num_boost_round": 12.0}, "datetime": {"datetime": "2024-01-19 00:16:56", "elapsed": 319.262822, "delta": 0.000945}}
{"target": -13.764321371083293, "params": {"gamma": 417.26524564696876, "log10_alpha": -0.29904696709363776, "log10_colsample_bytree": -0.40585253610097005, "log10_eta": -1.4427381042825025, "log10_lambda": -2.808413809417222, "log10_min_child_weight": 3.175384156110777, "log10_subsample": -0.1701983690889799, "max_depth": 6.0, "num_boost_round": 13.0}, "datetime": {"datetime": "2024-01-19 00:16:56", "elapsed": 319.263759, "delta": 0.000937}}
{"target": -13.764617648781554, "params": {"gamma": 417.26524564696876, "log10_alpha": -0.29904696709363776, "log10_colsample_bytree": -0.40585253610097005, "log10_eta": -1.4427381042825025, "log10_lambda": -2.808413809417222, "log10_min_child_weight": 3.175384156110777, "log10_subsample": -0.1701983690889799, "max_depth": 6.0, "num_boost_round": 14.0}, "datetime": {"datetime": "2024-01-19 00:16:56", "elapsed": 319.264701, "delta": 0.000942}}
{"target": -13.764943694493882, "params": {"gamma": 417.26524564696876, "log10_alpha": -0.29904696709363776, "log10_colsample_bytree": -0.40585253610097005, "log10_eta": -1.4427381042825025, "log10_lambda": -2.808413809417222, "log10_min_child_weight": 3.175384156110777, "log10_subsample": -0.1701983690889799, "max_depth": 6.0, "num_boost_round": 15.0}, "datetime": {"datetime": "2024-01-19 00:16:56", "elapsed": 319.265647, "delta": 0.000946}}
{"target": -13.765917024834089, "params": {"gamma": 417.26524564696876, "log10_alpha": -0.29904696709363776, "log10_colsample_bytree": -0.40585253610097005, "log10_eta": -1.4427381042825025, "log10_lambda": -2.808413809417222, "log10_min_child_weight": 3.175384156110777, "log10_subsample": -0.1701983690889799, "max_depth": 6.0, "num_boost_round": 16.0}, "datetime": {"datetime": "2024-01-19 00:16:56", "elapsed": 319.26659, "delta": 0.000943}}
{"target": -13.766694194847696, "params": {"gamma": 417.26524564696876, "log10_alpha": -0.29904696709363776, "log10_colsample_bytree": -0.40585253610097005, "log10_eta": -1.4427381042825025, "log10_lambda": -2.808413809417222, "log10_min_child_weight": 3.175384156110777, "log10_subsample": -0.1701983690889799, "max_depth": 6.0, "num_boost_round": 17.0}, "datetime": {"datetime": "2024-01-19 00:16:56", "elapsed": 319.26753, "delta": 0.00094}}
