{"target": -17.67516533896942, "params": {"gamma": 71.1127571625244, "log10_alpha": 0.3333212199442457, "log10_colsample_bytree": -0.15458319068995297, "log10_eta": -1.554014621650044, "log10_lambda": -3.8057971899808827, "log10_min_child_weight": 0.41492468321386256, "log10_subsample": -0.23216485954544375, "max_depth": 3.0, "num_boost_round": 2.0}, "datetime": {"datetime": "2024-01-19 00:25:31", "elapsed": 838.92311, "delta": 0.001642}}
{"target": -17.675017915967235, "params": {"gamma": 71.1127571625244, "log10_alpha": 0.3333212199442457, "log10_colsample_bytree": -0.15458319068995297, "log10_eta": -1.554014621650044, "log10_lambda": -3.8057971899808827, "log10_min_child_weight": 0.41492468321386256, "log10_subsample": -0.23216485954544375, "max_depth": 3.0, "num_boost_round": 3.0}, "datetime": {"datetime": "2024-01-19 00:25:31", "elapsed": 838.924544, "delta": 0.001434}}
{"target": -17.674370571483855, "params": {"gamma": 71.1127571625244, "log10_alpha": 0.3333212199442457, "log10_colsample_bytree": -0.15458319068995297, "log10_eta": -1.554014621650044, "log10_lambda": -3.8057971899808827, "log10_min_child_weight": 0.41492468321386256, "log10_subsample": -0.23216485954544375, "max_depth": 3.0, "num_boost_round": 4.0}, "datetime": {"datetime": "2024-01-19 00:25:31", "elapsed": 838.926078, "delta": 0.001534}}
{"target": -17.674093396783707, "params": {"gamma": 71.1127571625244, "log10_alpha": 0.3333212199442457, "log10_colsample_bytree": -0.15458319068995297, "log10_eta": -1.554014621650044, "log10_lambda": -3.8057971899808827, "log10_min_child_weight": 0.41492468321386256, "log10_subsample": -0.23216485954544375, "max_depth": 3.0, "num_boost_round": 5.0}, "datetime": {"datetime": "2024-01-19 00:25:31", "elapsed": 838.927267, "delta": 0.001189}}
{"target": -17.673629961994404, "params": {"gamma": 71.1127571625244, "log10_alpha": 0.3333212199442457, "log10_colsample_bytree": -0.15458319068995297, "log10_eta": -1.554014621650044, "log10_lambda": -3.8057971899808827, "log10_min_child_weight": 0.41492468321386256, "log10_subsample": -0.23216485954544375, "max_depth": 3.0, "num_boost_round": 6.0}, "datetime": {"datetime": "2024-01-19 00:25:31", "elapsed": 838.928652, "delta": 0.001385}}
{"target": -17.673597237718155, "params": {"gamma": 71.1127571625244, "log10_alpha": 0.3333212199442457, "log10_colsample_bytree": -0.15458319068995297, "log10_eta": -1.554014621650044, "log10_lambda": -3.8057971899808827, "log10_min_child_weight": 0.41492468321386256, "log10_subsample": -0.23216485954544375, "max_depth": 3.0, "num_boost_round": 7.0}, "datetime": {"datetime": "2024-01-19 00:25:31", "elapsed": 838.930001, "delta": 0.001349}}
{"target": -17.67381771299431, "params": {"gamma": 71.1127571625244, "log10_alpha": 0.3333212199442457, "log10_colsample_bytree": -0.15458319068995297, "log10_eta": -1.554014621650044, "log10_lambda": -3.8057971899808827, "log10_min_child_weight": 0.41492468321386256, "log10_subsample": -0.23216485954544375, "max_depth": 3.0, "num_boost_round": 8.0}, "datetime": {"datetime": "2024-01-19 00:25:31", "elapsed": 838.931326, "delta": 0.001325}}
{"target": -17.674269050286306, "params": {"gamma": 71.1127571625244, "log10_alpha": 0.3333212199442457, "log10_colsample_bytree": -0.15458319068995297, "log10_eta": -1.554014621650044, "log10_lambda": -3.8057971899808827, "log10_min_child_weight": 0.41492468321386256, "log10_subsample": -0.23216485954544375, "max_depth": 3.0, "num_boost_round": 9.0}, "datetime": {"datetime": "2024-01-19 00:25:31", "elapsed": 838.932525, "delta": 0.001199}}
{"target": -17.674584009761674, "params": {"gamma": 71.1127571625244, "log10_alpha": 0.3333212199442457, "log10_colsample_bytree": -0.15458319068995297, "log10_eta": -1.554014621650044, "log10_lambda": -3.8057971899808827, "log10_min_child_weight": 0.41492468321386256, "log10_subsample": -0.23216485954544375, "max_depth": 3.0, "num_boost_round": 10.0}, "datetime": {"datetime": "2024-01-19 00:25:31", "elapsed": 838.933725, "delta": 0.0012}}
{"target": -17.67397338080675, "params": {"gamma": 71.1127571625244, "log10_alpha": 0.3333212199442457, "log10_colsample_bytree": -0.15458319068995297, "log10_eta": -1.554014621650044, "log10_lambda": -3.8057971899808827, "log10_min_child_weight": 0.41492468321386256, "log10_subsample": -0.23216485954544375, "max_depth": 3.0, "num_boost_round": 11.0}, "datetime": {"datetime": "2024-01-19 00:25:31", "elapsed": 838.934941, "delta": 0.001216}}
{"target": -17.673756060635114, "params": {"gamma": 71.1127571625244, "log10_alpha": 0.3333212199442457, "log10_colsample_bytree": -0.15458319068995297, "log10_eta": -1.554014621650044, "log10_lambda": -3.8057971899808827, "log10_min_child_weight": 0.41492468321386256, "log10_subsample": -0.23216485954544375, "max_depth": 3.0, "num_boost_round": 12.0}, "datetime": {"datetime": "2024-01-19 00:25:31", "elapsed": 838.936131, "delta": 0.00119}}
{"target": -17.674212552609774, "params": {"gamma": 71.1127571625244, "log10_alpha": 0.3333212199442457, "log10_colsample_bytree": -0.15458319068995297, "log10_eta": -1.554014621650044, "log10_lambda": -3.8057971899808827, "log10_min_child_weight": 0.41492468321386256, "log10_subsample": -0.23216485954544375, "max_depth": 3.0, "num_boost_round": 13.0}, "datetime": {"datetime": "2024-01-19 00:25:31", "elapsed": 838.937417, "delta": 0.001286}}
{"target": -17.674266776042433, "params": {"gamma": 71.1127571625244, "log10_alpha": 0.3333212199442457, "log10_colsample_bytree": -0.15458319068995297, "log10_eta": -1.554014621650044, "log10_lambda": -3.8057971899808827, "log10_min_child_weight": 0.41492468321386256, "log10_subsample": -0.23216485954544375, "max_depth": 3.0, "num_boost_round": 14.0}, "datetime": {"datetime": "2024-01-19 00:25:31", "elapsed": 838.938608, "delta": 0.001191}}
{"target": -17.67374080128528, "params": {"gamma": 71.1127571625244, "log10_alpha": 0.3333212199442457, "log10_colsample_bytree": -0.15458319068995297, "log10_eta": -1.554014621650044, "log10_lambda": -3.8057971899808827, "log10_min_child_weight": 0.41492468321386256, "log10_subsample": -0.23216485954544375, "max_depth": 3.0, "num_boost_round": 15.0}, "datetime": {"datetime": "2024-01-19 00:25:31", "elapsed": 838.939804, "delta": 0.001196}}
{"target": -17.672890330623257, "params": {"gamma": 71.1127571625244, "log10_alpha": 0.3333212199442457, "log10_colsample_bytree": -0.15458319068995297, "log10_eta": -1.554014621650044, "log10_lambda": -3.8057971899808827, "log10_min_child_weight": 0.41492468321386256, "log10_subsample": -0.23216485954544375, "max_depth": 3.0, "num_boost_round": 16.0}, "datetime": {"datetime": "2024-01-19 00:25:31", "elapsed": 838.941005, "delta": 0.001201}}
{"target": -17.67352813467649, "params": {"gamma": 71.1127571625244, "log10_alpha": 0.3333212199442457, "log10_colsample_bytree": -0.15458319068995297, "log10_eta": -1.554014621650044, "log10_lambda": -3.8057971899808827, "log10_min_child_weight": 0.41492468321386256, "log10_subsample": -0.23216485954544375, "max_depth": 3.0, "num_boost_round": 17.0}, "datetime": {"datetime": "2024-01-19 00:25:31", "elapsed": 838.94223, "delta": 0.001225}}
{"target": -17.673967205327198, "params": {"gamma": 71.1127571625244, "log10_alpha": 0.3333212199442457, "log10_colsample_bytree": -0.15458319068995297, "log10_eta": -1.554014621650044, "log10_lambda": -3.8057971899808827, "log10_min_child_weight": 0.41492468321386256, "log10_subsample": -0.23216485954544375, "max_depth": 3.0, "num_boost_round": 18.0}, "datetime": {"datetime": "2024-01-19 00:25:31", "elapsed": 838.943422, "delta": 0.001192}}
{"target": -17.673644954713936, "params": {"gamma": 71.1127571625244, "log10_alpha": 0.3333212199442457, "log10_colsample_bytree": -0.15458319068995297, "log10_eta": -1.554014621650044, "log10_lambda": -3.8057971899808827, "log10_min_child_weight": 0.41492468321386256, "log10_subsample": -0.23216485954544375, "max_depth": 3.0, "num_boost_round": 19.0}, "datetime": {"datetime": "2024-01-19 00:25:31", "elapsed": 838.944608, "delta": 0.001186}}
{"target": -17.6739533335721, "params": {"gamma": 71.1127571625244, "log10_alpha": 0.3333212199442457, "log10_colsample_bytree": -0.15458319068995297, "log10_eta": -1.554014621650044, "log10_lambda": -3.8057971899808827, "log10_min_child_weight": 0.41492468321386256, "log10_subsample": -0.23216485954544375, "max_depth": 3.0, "num_boost_round": 20.0}, "datetime": {"datetime": "2024-01-19 00:25:31", "elapsed": 838.945803, "delta": 0.001195}}
{"target": -17.673853225851648, "params": {"gamma": 71.1127571625244, "log10_alpha": 0.3333212199442457, "log10_colsample_bytree": -0.15458319068995297, "log10_eta": -1.554014621650044, "log10_lambda": -3.8057971899808827, "log10_min_child_weight": 0.41492468321386256, "log10_subsample": -0.23216485954544375, "max_depth": 3.0, "num_boost_round": 21.0}, "datetime": {"datetime": "2024-01-19 00:25:31", "elapsed": 838.946999, "delta": 0.001196}}
{"target": -17.674498154827088, "params": {"gamma": 71.1127571625244, "log10_alpha": 0.3333212199442457, "log10_colsample_bytree": -0.15458319068995297, "log10_eta": -1.554014621650044, "log10_lambda": -3.8057971899808827, "log10_min_child_weight": 0.41492468321386256, "log10_subsample": -0.23216485954544375, "max_depth": 3.0, "num_boost_round": 22.0}, "datetime": {"datetime": "2024-01-19 00:25:31", "elapsed": 838.948303, "delta": 0.001304}}
{"target": -17.67344264875352, "params": {"gamma": 71.1127571625244, "log10_alpha": 0.3333212199442457, "log10_colsample_bytree": -0.15458319068995297, "log10_eta": -1.554014621650044, "log10_lambda": -3.8057971899808827, "log10_min_child_weight": 0.41492468321386256, "log10_subsample": -0.23216485954544375, "max_depth": 3.0, "num_boost_round": 23.0}, "datetime": {"datetime": "2024-01-19 00:25:31", "elapsed": 838.949509, "delta": 0.001206}}
{"target": -17.674257783216547, "params": {"gamma": 71.1127571625244, "log10_alpha": 0.3333212199442457, "log10_colsample_bytree": -0.15458319068995297, "log10_eta": -1.554014621650044, "log10_lambda": -3.8057971899808827, "log10_min_child_weight": 0.41492468321386256, "log10_subsample": -0.23216485954544375, "max_depth": 3.0, "num_boost_round": 24.0}, "datetime": {"datetime": "2024-01-19 00:25:31", "elapsed": 838.950704, "delta": 0.001195}}
{"target": -17.674463277216514, "params": {"gamma": 71.1127571625244, "log10_alpha": 0.3333212199442457, "log10_colsample_bytree": -0.15458319068995297, "log10_eta": -1.554014621650044, "log10_lambda": -3.8057971899808827, "log10_min_child_weight": 0.41492468321386256, "log10_subsample": -0.23216485954544375, "max_depth": 3.0, "num_boost_round": 25.0}, "datetime": {"datetime": "2024-01-19 00:25:31", "elapsed": 838.951903, "delta": 0.001199}}
{"target": -17.67413564829841, "params": {"gamma": 71.1127571625244, "log10_alpha": 0.3333212199442457, "log10_colsample_bytree": -0.15458319068995297, "log10_eta": -1.554014621650044, "log10_lambda": -3.8057971899808827, "log10_min_child_weight": 0.41492468321386256, "log10_subsample": -0.23216485954544375, "max_depth": 3.0, "num_boost_round": 26.0}, "datetime": {"datetime": "2024-01-19 00:25:31", "elapsed": 838.953116, "delta": 0.001213}}
{"target": -17.674132305785104, "params": {"gamma": 71.1127571625244, "log10_alpha": 0.3333212199442457, "log10_colsample_bytree": -0.15458319068995297, "log10_eta": -1.554014621650044, "log10_lambda": -3.8057971899808827, "log10_min_child_weight": 0.41492468321386256, "log10_subsample": -0.23216485954544375, "max_depth": 3.0, "num_boost_round": 27.0}, "datetime": {"datetime": "2024-01-19 00:25:31", "elapsed": 838.954329, "delta": 0.001213}}
{"target": -17.674199989877277, "params": {"gamma": 71.1127571625244, "log10_alpha": 0.3333212199442457, "log10_colsample_bytree": -0.15458319068995297, "log10_eta": -1.554014621650044, "log10_lambda": -3.8057971899808827, "log10_min_child_weight": 0.41492468321386256, "log10_subsample": -0.23216485954544375, "max_depth": 3.0, "num_boost_round": 28.0}, "datetime": {"datetime": "2024-01-19 00:25:31", "elapsed": 838.955524, "delta": 0.001195}}
{"target": -17.673910208024203, "params": {"gamma": 71.1127571625244, "log10_alpha": 0.3333212199442457, "log10_colsample_bytree": -0.15458319068995297, "log10_eta": -1.554014621650044, "log10_lambda": -3.8057971899808827, "log10_min_child_weight": 0.41492468321386256, "log10_subsample": -0.23216485954544375, "max_depth": 3.0, "num_boost_round": 29.0}, "datetime": {"datetime": "2024-01-19 00:25:31", "elapsed": 838.956844, "delta": 0.00132}}
{"target": -17.677224542622568, "params": {"gamma": 91.25552106912326, "log10_alpha": -3.574576887321477, "log10_colsample_bytree": -0.6795306475353714, "log10_eta": -3.444117806274296, "log10_lambda": -0.9503033748204492, "log10_min_child_weight": 3.4720251800886204, "log10_subsample": -0.8062363719659552, "max_depth": 9.0, "num_boost_round": 0.0}, "datetime": {"datetime": "2024-01-19 00:25:52", "elapsed": 860.289885, "delta": 21.333041}}
{"target": -17.677205659850028, "params": {"gamma": 91.25552106912326, "log10_alpha": -3.574576887321477, "log10_colsample_bytree": -0.6795306475353714, "log10_eta": -3.444117806274296, "log10_lambda": -0.9503033748204492, "log10_min_child_weight": 3.4720251800886204, "log10_subsample": -0.8062363719659552, "max_depth": 9.0, "num_boost_round": 1.0}, "datetime": {"datetime": "2024-01-19 00:25:52", "elapsed": 860.291353, "delta": 0.001468}}
{"target": -17.67719881016452, "params": {"gamma": 91.25552106912326, "log10_alpha": -3.574576887321477, "log10_colsample_bytree": -0.6795306475353714, "log10_eta": -3.444117806274296, "log10_lambda": -0.9503033748204492, "log10_min_child_weight": 3.4720251800886204, "log10_subsample": -0.8062363719659552, "max_depth": 9.0, "num_boost_round": 2.0}, "datetime": {"datetime": "2024-01-19 00:25:52", "elapsed": 860.293093, "delta": 0.00174}}
{"target": -17.677197133435712, "params": {"gamma": 91.25552106912326, "log10_alpha": -3.574576887321477, "log10_colsample_bytree": -0.6795306475353714, "log10_eta": -3.444117806274296, "log10_lambda": -0.9503033748204492, "log10_min_child_weight": 3.4720251800886204, "log10_subsample": -0.8062363719659552, "max_depth": 9.0, "num_boost_round": 3.0}, "datetime": {"datetime": "2024-01-19 00:25:52", "elapsed": 860.294373, "delta": 0.00128}}
{"target": -17.67718850738885, "params": {"gamma": 91.25552106912326, "log10_alpha": -3.574576887321477, "log10_colsample_bytree": -0.6795306475353714, "log10_eta": -3.444117806274296, "log10_lambda": -0.9503033748204492, "log10_min_child_weight": 3.4720251800886204, "log10_subsample": -0.8062363719659552, "max_depth": 9.0, "num_boost_round": 4.0}, "datetime": {"datetime": "2024-01-19 00:25:52", "elapsed": 860.295622, "delta": 0.001249}}
{"target": -17.67719686406808, "params": {"gamma": 91.25552106912326, "log10_alpha": -3.574576887321477, "log10_colsample_bytree": -0.6795306475353714, "log10_eta": -3.444117806274296, "log10_lambda": -0.9503033748204492, "log10_min_child_weight": 3.4720251800886204, "log10_subsample": -0.8062363719659552, "max_depth": 9.0, "num_boost_round": 5.0}, "datetime": {"datetime": "2024-01-19 00:25:52", "elapsed": 860.296992, "delta": 0.00137}}
{"target": -17.67719939182719, "params": {"gamma": 91.25552106912326, "log10_alpha": -3.574576887321477, "log10_colsample_bytree": -0.6795306475353714, "log10_eta": -3.444117806274296, "log10_lambda": -0.9503033748204492, "log10_min_child_weight": 3.4720251800886204, "log10_subsample": -0.8062363719659552, "max_depth": 9.0, "num_boost_round": 6.0}, "datetime": {"datetime": "2024-01-19 00:25:52", "elapsed": 860.29822, "delta": 0.001228}}
{"target": -17.677186513599462, "params": {"gamma": 91.25552106912326, "log10_alpha": -3.574576887321477, "log10_colsample_bytree": -0.6795306475353714, "log10_eta": -3.444117806274296, "log10_lambda": -0.9503033748204492, "log10_min_child_weight": 3.4720251800886204, "log10_subsample": -0.8062363719659552, "max_depth": 9.0, "num_boost_round": 7.0}, "datetime": {"datetime": "2024-01-19 00:25:52", "elapsed": 860.299449, "delta": 0.001229}}
{"target": -17.677185601231894, "params": {"gamma": 91.25552106912326, "log10_alpha": -3.574576887321477, "log10_colsample_bytree": -0.6795306475353714, "log10_eta": -3.444117806274296, "log10_lambda": -0.9503033748204492, "log10_min_child_weight": 3.4720251800886204, "log10_subsample": -0.8062363719659552, "max_depth": 9.0, "num_boost_round": 8.0}, "datetime": {"datetime": "2024-01-19 00:25:52", "elapsed": 860.300681, "delta": 0.001232}}
{"target": -17.67717923377462, "params": {"gamma": 91.25552106912326, "log10_alpha": -3.574576887321477, "log10_colsample_bytree": -0.6795306475353714, "log10_eta": -3.444117806274296, "log10_lambda": -0.9503033748204492, "log10_min_child_weight": 3.4720251800886204, "log10_subsample": -0.8062363719659552, "max_depth": 9.0, "num_boost_round": 9.0}, "datetime": {"datetime": "2024-01-19 00:25:52", "elapsed": 860.301913, "delta": 0.001232}}
{"target": -17.67723150240532, "params": {"gamma": 67.41310748572305, "log10_alpha": -3.598037916522636, "log10_colsample_bytree": -0.13152277796889367, "log10_eta": -3.7717956069064376, "log10_lambda": 0.8223386279798444, "log10_min_child_weight": 2.8980227490855133, "log10_subsample": -0.11668283690014192, "max_depth": 5.0, "num_boost_round": 0.0}, "datetime": {"datetime": "2024-01-19 00:26:15", "elapsed": 882.766228, "delta": 22.464315}}
{"target": -17.67722119394978, "params": {"gamma": 67.41310748572305, "log10_alpha": -3.598037916522636, "log10_colsample_bytree": -0.13152277796889367, "log10_eta": -3.7717956069064376, "log10_lambda": 0.8223386279798444, "log10_min_child_weight": 2.8980227490855133, "log10_subsample": -0.11668283690014192, "max_depth": 5.0, "num_boost_round": 1.0}, "datetime": {"datetime": "2024-01-19 00:26:15", "elapsed": 882.767594, "delta": 0.001366}}
{"target": -17.677210211018092, "params": {"gamma": 67.41310748572305, "log10_alpha": -3.598037916522636, "log10_colsample_bytree": -0.13152277796889367, "log10_eta": -3.7717956069064376, "log10_lambda": 0.8223386279798444, "log10_min_child_weight": 2.8980227490855133, "log10_subsample": -0.11668283690014192, "max_depth": 5.0, "num_boost_round": 2.0}, "datetime": {"datetime": "2024-01-19 00:26:15", "elapsed": 882.769155, "delta": 0.001561}}
{"target": -17.67720456849766, "params": {"gamma": 67.41310748572305, "log10_alpha": -3.598037916522636, "log10_colsample_bytree": -0.13152277796889367, "log10_eta": -3.7717956069064376, "log10_lambda": 0.8223386279798444, "log10_min_child_weight": 2.8980227490855133, "log10_subsample": -0.11668283690014192, "max_depth": 5.0, "num_boost_round": 3.0}, "datetime": {"datetime": "2024-01-19 00:26:15", "elapsed": 882.770397, "delta": 0.001242}}
{"target": -17.677194973023777, "params": {"gamma": 67.41310748572305, "log10_alpha": -3.598037916522636, "log10_colsample_bytree": -0.13152277796889367, "log10_eta": -3.7717956069064376, "log10_lambda": 0.8223386279798444, "log10_min_child_weight": 2.8980227490855133, "log10_subsample": -0.11668283690014192, "max_depth": 5.0, "num_boost_round": 4.0}, "datetime": {"datetime": "2024-01-19 00:26:15", "elapsed": 882.771616, "delta": 0.001219}}
{"target": -17.677188249363816, "params": {"gamma": 67.41310748572305, "log10_alpha": -3.598037916522636, "log10_colsample_bytree": -0.13152277796889367, "log10_eta": -3.7717956069064376, "log10_lambda": 0.8223386279798444, "log10_min_child_weight": 2.8980227490855133, "log10_subsample": -0.11668283690014192, "max_depth": 5.0, "num_boost_round": 5.0}, "datetime": {"datetime": "2024-01-19 00:26:15", "elapsed": 882.772856, "delta": 0.00124}}
{"target": -17.677191013282957, "params": {"gamma": 67.41310748572305, "log10_alpha": -3.598037916522636, "log10_colsample_bytree": -0.13152277796889367, "log10_eta": -3.7717956069064376, "log10_lambda": 0.8223386279798444, "log10_min_child_weight": 2.8980227490855133, "log10_subsample": -0.11668283690014192, "max_depth": 5.0, "num_boost_round": 6.0}, "datetime": {"datetime": "2024-01-19 00:26:15", "elapsed": 882.774104, "delta": 0.001248}}
{"target": -17.677183781830525, "params": {"gamma": 67.41310748572305, "log10_alpha": -3.598037916522636, "log10_colsample_bytree": -0.13152277796889367, "log10_eta": -3.7717956069064376, "log10_lambda": 0.8223386279798444, "log10_min_child_weight": 2.8980227490855133, "log10_subsample": -0.11668283690014192, "max_depth": 5.0, "num_boost_round": 7.0}, "datetime": {"datetime": "2024-01-19 00:26:15", "elapsed": 882.77643, "delta": 0.002326}}
{"target": -17.677176909132303, "params": {"gamma": 67.41310748572305, "log10_alpha": -3.598037916522636, "log10_colsample_bytree": -0.13152277796889367, "log10_eta": -3.7717956069064376, "log10_lambda": 0.8223386279798444, "log10_min_child_weight": 2.8980227490855133, "log10_subsample": -0.11668283690014192, "max_depth": 5.0, "num_boost_round": 8.0}, "datetime": {"datetime": "2024-01-19 00:26:15", "elapsed": 882.777688, "delta": 0.001258}}
{"target": -17.677170836106683, "params": {"gamma": 67.41310748572305, "log10_alpha": -3.598037916522636, "log10_colsample_bytree": -0.13152277796889367, "log10_eta": -3.7717956069064376, "log10_lambda": 0.8223386279798444, "log10_min_child_weight": 2.8980227490855133, "log10_subsample": -0.11668283690014192, "max_depth": 5.0, "num_boost_round": 9.0}, "datetime": {"datetime": "2024-01-19 00:26:15", "elapsed": 882.77894, "delta": 0.001252}}
{"target": -17.677161023071726, "params": {"gamma": 67.41310748572305, "log10_alpha": -3.598037916522636, "log10_colsample_bytree": -0.13152277796889367, "log10_eta": -3.7717956069064376, "log10_lambda": 0.8223386279798444, "log10_min_child_weight": 2.8980227490855133, "log10_subsample": -0.11668283690014192, "max_depth": 5.0, "num_boost_round": 10.0}, "datetime": {"datetime": "2024-01-19 00:26:15", "elapsed": 882.780187, "delta": 0.001247}}
