{"target": -13.758430346862038, "params": {"gamma": 497.3326405683155, "log10_alpha": -0.7513669713931712, "log10_colsample_bytree": -0.7297393141793654, "log10_eta": -2.7547420225628114, "log10_lambda": -4.081143589507438, "log10_min_child_weight": 0.3242837175116231, "log10_subsample": -0.3041313286347962, "max_depth": 3.0, "num_boost_round": 4.0}, "datetime": {"datetime": "2024-01-19 00:41:12", "elapsed": 1776.329825, "delta": 0.00287}}
{"target": -13.758399856846601, "params": {"gamma": 497.3326405683155, "log10_alpha": -0.7513669713931712, "log10_colsample_bytree": -0.7297393141793654, "log10_eta": -2.7547420225628114, "log10_lambda": -4.081143589507438, "log10_min_child_weight": 0.3242837175116231, "log10_subsample": -0.3041313286347962, "max_depth": 3.0, "num_boost_round": 5.0}, "datetime": {"datetime": "2024-01-19 00:41:12", "elapsed": 1776.333002, "delta": 0.003177}}
{"target": -13.758364141011945, "params": {"gamma": 497.3326405683155, "log10_alpha": -0.7513669713931712, "log10_colsample_bytree": -0.7297393141793654, "log10_eta": -2.7547420225628114, "log10_lambda": -4.081143589507438, "log10_min_child_weight": 0.3242837175116231, "log10_subsample": -0.3041313286347962, "max_depth": 3.0, "num_boost_round": 6.0}, "datetime": {"datetime": "2024-01-19 00:41:12", "elapsed": 1776.336019, "delta": 0.003017}}
{"target": -13.75834415518848, "params": {"gamma": 497.3326405683155, "log10_alpha": -0.7513669713931712, "log10_colsample_bytree": -0.7297393141793654, "log10_eta": -2.7547420225628114, "log10_lambda": -4.081143589507438, "log10_min_child_weight": 0.3242837175116231, "log10_subsample": -0.3041313286347962, "max_depth": 3.0, "num_boost_round": 7.0}, "datetime": {"datetime": "2024-01-19 00:41:12", "elapsed": 1776.339, "delta": 0.002981}}
{"target": -13.758344355579954, "params": {"gamma": 497.3326405683155, "log10_alpha": -0.7513669713931712, "log10_colsample_bytree": -0.7297393141793654, "log10_eta": -2.7547420225628114, "log10_lambda": -4.081143589507438, "log10_min_child_weight": 0.3242837175116231, "log10_subsample": -0.3041313286347962, "max_depth": 3.0, "num_boost_round": 8.0}, "datetime": {"datetime": "2024-01-19 00:41:12", "elapsed": 1776.341869, "delta": 0.002869}}
{"target": -13.758340716055345, "params": {"gamma": 497.3326405683155, "log10_alpha": -0.7513669713931712, "log10_colsample_bytree": -0.7297393141793654, "log10_eta": -2.7547420225628114, "log10_lambda": -4.081143589507438, "log10_min_child_weight": 0.3242837175116231, "log10_subsample": -0.3041313286347962, "max_depth": 3.0, "num_boost_round": 9.0}, "datetime": {"datetime": "2024-01-19 00:41:12", "elapsed": 1776.344782, "delta": 0.002913}}
{"target": -13.758323540020493, "params": {"gamma": 497.3326405683155, "log10_alpha": -0.7513669713931712, "log10_colsample_bytree": -0.7297393141793654, "log10_eta": -2.7547420225628114, "log10_lambda": -4.081143589507438, "log10_min_child_weight": 0.3242837175116231, "log10_subsample": -0.3041313286347962, "max_depth": 3.0, "num_boost_round": 10.0}, "datetime": {"datetime": "2024-01-19 00:41:12", "elapsed": 1776.351971, "delta": 0.007189}}
{"target": -13.75829969485242, "params": {"gamma": 497.3326405683155, "log10_alpha": -0.7513669713931712, "log10_colsample_bytree": -0.7297393141793654, "log10_eta": -2.7547420225628114, "log10_lambda": -4.081143589507438, "log10_min_child_weight": 0.3242837175116231, "log10_subsample": -0.3041313286347962, "max_depth": 3.0, "num_boost_round": 11.0}, "datetime": {"datetime": "2024-01-19 00:41:12", "elapsed": 1776.354921, "delta": 0.00295}}
{"target": -13.758275752144481, "params": {"gamma": 497.3326405683155, "log10_alpha": -0.7513669713931712, "log10_colsample_bytree": -0.7297393141793654, "log10_eta": -2.7547420225628114, "log10_lambda": -4.081143589507438, "log10_min_child_weight": 0.3242837175116231, "log10_subsample": -0.3041313286347962, "max_depth": 3.0, "num_boost_round": 12.0}, "datetime": {"datetime": "2024-01-19 00:41:12", "elapsed": 1776.357775, "delta": 0.002854}}
{"target": -13.75824647966196, "params": {"gamma": 497.3326405683155, "log10_alpha": -0.7513669713931712, "log10_colsample_bytree": -0.7297393141793654, "log10_eta": -2.7547420225628114, "log10_lambda": -4.081143589507438, "log10_min_child_weight": 0.3242837175116231, "log10_subsample": -0.3041313286347962, "max_depth": 3.0, "num_boost_round": 13.0}, "datetime": {"datetime": "2024-01-19 00:41:12", "elapsed": 1776.360733, "delta": 0.002958}}
{"target": -13.758245588167764, "params": {"gamma": 497.3326405683155, "log10_alpha": -0.7513669713931712, "log10_colsample_bytree": -0.7297393141793654, "log10_eta": -2.7547420225628114, "log10_lambda": -4.081143589507438, "log10_min_child_weight": 0.3242837175116231, "log10_subsample": -0.3041313286347962, "max_depth": 3.0, "num_boost_round": 14.0}, "datetime": {"datetime": "2024-01-19 00:41:12", "elapsed": 1776.450034, "delta": 0.089301}}
{"target": -13.758199156860966, "params": {"gamma": 497.3326405683155, "log10_alpha": -0.7513669713931712, "log10_colsample_bytree": -0.7297393141793654, "log10_eta": -2.7547420225628114, "log10_lambda": -4.081143589507438, "log10_min_child_weight": 0.3242837175116231, "log10_subsample": -0.3041313286347962, "max_depth": 3.0, "num_boost_round": 15.0}, "datetime": {"datetime": "2024-01-19 00:41:12", "elapsed": 1776.453416, "delta": 0.003382}}
{"target": -13.758188567599973, "params": {"gamma": 497.3326405683155, "log10_alpha": -0.7513669713931712, "log10_colsample_bytree": -0.7297393141793654, "log10_eta": -2.7547420225628114, "log10_lambda": -4.081143589507438, "log10_min_child_weight": 0.3242837175116231, "log10_subsample": -0.3041313286347962, "max_depth": 3.0, "num_boost_round": 16.0}, "datetime": {"datetime": "2024-01-19 00:41:12", "elapsed": 1776.456675, "delta": 0.003259}}
{"target": -13.758189128315918, "params": {"gamma": 497.3326405683155, "log10_alpha": -0.7513669713931712, "log10_colsample_bytree": -0.7297393141793654, "log10_eta": -2.7547420225628114, "log10_lambda": -4.081143589507438, "log10_min_child_weight": 0.3242837175116231, "log10_subsample": -0.3041313286347962, "max_depth": 3.0, "num_boost_round": 17.0}, "datetime": {"datetime": "2024-01-19 00:41:12", "elapsed": 1776.459805, "delta": 0.00313}}
{"target": -13.7582098924044, "params": {"gamma": 497.3326405683155, "log10_alpha": -0.7513669713931712, "log10_colsample_bytree": -0.7297393141793654, "log10_eta": -2.7547420225628114, "log10_lambda": -4.081143589507438, "log10_min_child_weight": 0.3242837175116231, "log10_subsample": -0.3041313286347962, "max_depth": 3.0, "num_boost_round": 18.0}, "datetime": {"datetime": "2024-01-19 00:41:12", "elapsed": 1776.46296, "delta": 0.003155}}
{"target": -13.75823107068524, "params": {"gamma": 497.3326405683155, "log10_alpha": -0.7513669713931712, "log10_colsample_bytree": -0.7297393141793654, "log10_eta": -2.7547420225628114, "log10_lambda": -4.081143589507438, "log10_min_child_weight": 0.3242837175116231, "log10_subsample": -0.3041313286347962, "max_depth": 3.0, "num_boost_round": 19.0}, "datetime": {"datetime": "2024-01-19 00:41:12", "elapsed": 1776.465969, "delta": 0.003009}}
{"target": -13.758190469954418, "params": {"gamma": 497.3326405683155, "log10_alpha": -0.7513669713931712, "log10_colsample_bytree": -0.7297393141793654, "log10_eta": -2.7547420225628114, "log10_lambda": -4.081143589507438, "log10_min_child_weight": 0.3242837175116231, "log10_subsample": -0.3041313286347962, "max_depth": 3.0, "num_boost_round": 20.0}, "datetime": {"datetime": "2024-01-19 00:41:12", "elapsed": 1776.46898, "delta": 0.003011}}
{"target": -13.758535761183653, "params": {"gamma": 493.28075140865514, "log10_alpha": -3.9170475630010584, "log10_colsample_bytree": -0.42993722936099044, "log10_eta": -3.999769637030631, "log10_lambda": -2.131088720894134, "log10_min_child_weight": 4.012913795849783, "log10_subsample": -0.10187631921340567, "max_depth": 9.0, "num_boost_round": 0.0}, "datetime": {"datetime": "2024-01-19 00:42:02", "elapsed": 1826.43463, "delta": 49.96565}}
{"target": -13.758532323580011, "params": {"gamma": 493.28075140865514, "log10_alpha": -3.9170475630010584, "log10_colsample_bytree": -0.42993722936099044, "log10_eta": -3.999769637030631, "log10_lambda": -2.131088720894134, "log10_min_child_weight": 4.012913795849783, "log10_subsample": -0.10187631921340567, "max_depth": 9.0, "num_boost_round": 1.0}, "datetime": {"datetime": "2024-01-19 00:42:02", "elapsed": 1826.438381, "delta": 0.003751}}
{"target": -13.758531971260442, "params": {"gamma": 493.28075140865514, "log10_alpha": -3.9170475630010584, "log10_colsample_bytree": -0.42993722936099044, "log10_eta": -3.999769637030631, "log10_lambda": -2.131088720894134, "log10_min_child_weight": 4.012913795849783, "log10_subsample": -0.10187631921340567, "max_depth": 9.0, "num_boost_round": 2.0}, "datetime": {"datetime": "2024-01-19 00:42:02", "elapsed": 1826.441404, "delta": 0.003023}}
{"target": -13.75853068059537, "params": {"gamma": 493.28075140865514, "log10_alpha": -3.9170475630010584, "log10_colsample_bytree": -0.42993722936099044, "log10_eta": -3.999769637030631, "log10_lambda": -2.131088720894134, "log10_min_child_weight": 4.012913795849783, "log10_subsample": -0.10187631921340567, "max_depth": 9.0, "num_boost_round": 3.0}, "datetime": {"datetime": "2024-01-19 00:42:02", "elapsed": 1826.444405, "delta": 0.003001}}
{"target": -13.75852894070801, "params": {"gamma": 493.28075140865514, "log10_alpha": -3.9170475630010584, "log10_colsample_bytree": -0.42993722936099044, "log10_eta": -3.999769637030631, "log10_lambda": -2.131088720894134, "log10_min_child_weight": 4.012913795849783, "log10_subsample": -0.10187631921340567, "max_depth": 9.0, "num_boost_round": 4.0}, "datetime": {"datetime": "2024-01-19 00:42:02", "elapsed": 1826.447329, "delta": 0.002924}}
{"target": -13.758528734514977, "params": {"gamma": 493.28075140865514, "log10_alpha": -3.9170475630010584, "log10_colsample_bytree": -0.42993722936099044, "log10_eta": -3.999769637030631, "log10_lambda": -2.131088720894134, "log10_min_child_weight": 4.012913795849783, "log10_subsample": -0.10187631921340567, "max_depth": 9.0, "num_boost_round": 5.0}, "datetime": {"datetime": "2024-01-19 00:42:02", "elapsed": 1826.450299, "delta": 0.00297}}
{"target": -13.758526907233325, "params": {"gamma": 493.28075140865514, "log10_alpha": -3.9170475630010584, "log10_colsample_bytree": -0.42993722936099044, "log10_eta": -3.999769637030631, "log10_lambda": -2.131088720894134, "log10_min_child_weight": 4.012913795849783, "log10_subsample": -0.10187631921340567, "max_depth": 9.0, "num_boost_round": 6.0}, "datetime": {"datetime": "2024-01-19 00:42:02", "elapsed": 1826.453213, "delta": 0.002914}}
{"target": -13.758524144382092, "params": {"gamma": 493.28075140865514, "log10_alpha": -3.9170475630010584, "log10_colsample_bytree": -0.42993722936099044, "log10_eta": -3.999769637030631, "log10_lambda": -2.131088720894134, "log10_min_child_weight": 4.012913795849783, "log10_subsample": -0.10187631921340567, "max_depth": 9.0, "num_boost_round": 7.0}, "datetime": {"datetime": "2024-01-19 00:42:02", "elapsed": 1826.456253, "delta": 0.00304}}
{"target": -13.758521026924216, "params": {"gamma": 493.28075140865514, "log10_alpha": -3.9170475630010584, "log10_colsample_bytree": -0.42993722936099044, "log10_eta": -3.999769637030631, "log10_lambda": -2.131088720894134, "log10_min_child_weight": 4.012913795849783, "log10_subsample": -0.10187631921340567, "max_depth": 9.0, "num_boost_round": 8.0}, "datetime": {"datetime": "2024-01-19 00:42:02", "elapsed": 1826.45957, "delta": 0.003317}}
{"target": -13.758521224472336, "params": {"gamma": 493.28075140865514, "log10_alpha": -3.9170475630010584, "log10_colsample_bytree": -0.42993722936099044, "log10_eta": -3.999769637030631, "log10_lambda": -2.131088720894134, "log10_min_child_weight": 4.012913795849783, "log10_subsample": -0.10187631921340567, "max_depth": 9.0, "num_boost_round": 9.0}, "datetime": {"datetime": "2024-01-19 00:42:02", "elapsed": 1826.463252, "delta": 0.003682}}
{"target": -13.758518220313672, "params": {"gamma": 493.28075140865514, "log10_alpha": -3.9170475630010584, "log10_colsample_bytree": -0.42993722936099044, "log10_eta": -3.999769637030631, "log10_lambda": -2.131088720894134, "log10_min_child_weight": 4.012913795849783, "log10_subsample": -0.10187631921340567, "max_depth": 9.0, "num_boost_round": 10.0}, "datetime": {"datetime": "2024-01-19 00:42:02", "elapsed": 1826.466196, "delta": 0.002944}}
{"target": -13.758515719300028, "params": {"gamma": 493.28075140865514, "log10_alpha": -3.9170475630010584, "log10_colsample_bytree": -0.42993722936099044, "log10_eta": -3.999769637030631, "log10_lambda": -2.131088720894134, "log10_min_child_weight": 4.012913795849783, "log10_subsample": -0.10187631921340567, "max_depth": 9.0, "num_boost_round": 11.0}, "datetime": {"datetime": "2024-01-19 00:42:02", "elapsed": 1826.469155, "delta": 0.002959}}
{"target": -13.758514568219548, "params": {"gamma": 493.28075140865514, "log10_alpha": -3.9170475630010584, "log10_colsample_bytree": -0.42993722936099044, "log10_eta": -3.999769637030631, "log10_lambda": -2.131088720894134, "log10_min_child_weight": 4.012913795849783, "log10_subsample": -0.10187631921340567, "max_depth": 9.0, "num_boost_round": 12.0}, "datetime": {"datetime": "2024-01-19 00:42:02", "elapsed": 1826.472163, "delta": 0.003008}}
{"target": -13.758513953770693, "params": {"gamma": 493.28075140865514, "log10_alpha": -3.9170475630010584, "log10_colsample_bytree": -0.42993722936099044, "log10_eta": -3.999769637030631, "log10_lambda": -2.131088720894134, "log10_min_child_weight": 4.012913795849783, "log10_subsample": -0.10187631921340567, "max_depth": 9.0, "num_boost_round": 13.0}, "datetime": {"datetime": "2024-01-19 00:42:02", "elapsed": 1826.475249, "delta": 0.003086}}
{"target": -13.75851321487184, "params": {"gamma": 493.28075140865514, "log10_alpha": -3.9170475630010584, "log10_colsample_bytree": -0.42993722936099044, "log10_eta": -3.999769637030631, "log10_lambda": -2.131088720894134, "log10_min_child_weight": 4.012913795849783, "log10_subsample": -0.10187631921340567, "max_depth": 9.0, "num_boost_round": 14.0}, "datetime": {"datetime": "2024-01-19 00:42:02", "elapsed": 1826.478396, "delta": 0.003147}}
{"target": -13.758509718545856, "params": {"gamma": 493.28075140865514, "log10_alpha": -3.9170475630010584, "log10_colsample_bytree": -0.42993722936099044, "log10_eta": -3.999769637030631, "log10_lambda": -2.131088720894134, "log10_min_child_weight": 4.012913795849783, "log10_subsample": -0.10187631921340567, "max_depth": 9.0, "num_boost_round": 15.0}, "datetime": {"datetime": "2024-01-19 00:42:02", "elapsed": 1826.481594, "delta": 0.003198}}
{"target": -13.758509665860945, "params": {"gamma": 493.28075140865514, "log10_alpha": -3.9170475630010584, "log10_colsample_bytree": -0.42993722936099044, "log10_eta": -3.999769637030631, "log10_lambda": -2.131088720894134, "log10_min_child_weight": 4.012913795849783, "log10_subsample": -0.10187631921340567, "max_depth": 9.0, "num_boost_round": 16.0}, "datetime": {"datetime": "2024-01-19 00:42:02", "elapsed": 1826.48464, "delta": 0.003046}}
{"target": -13.758508842379529, "params": {"gamma": 493.28075140865514, "log10_alpha": -3.9170475630010584, "log10_colsample_bytree": -0.42993722936099044, "log10_eta": -3.999769637030631, "log10_lambda": -2.131088720894134, "log10_min_child_weight": 4.012913795849783, "log10_subsample": -0.10187631921340567, "max_depth": 9.0, "num_boost_round": 17.0}, "datetime": {"datetime": "2024-01-19 00:42:02", "elapsed": 1826.487696, "delta": 0.003056}}
{"target": -13.75850932898704, "params": {"gamma": 493.28075140865514, "log10_alpha": -3.9170475630010584, "log10_colsample_bytree": -0.42993722936099044, "log10_eta": -3.999769637030631, "log10_lambda": -2.131088720894134, "log10_min_child_weight": 4.012913795849783, "log10_subsample": -0.10187631921340567, "max_depth": 9.0, "num_boost_round": 18.0}, "datetime": {"datetime": "2024-01-19 00:42:02", "elapsed": 1826.490688, "delta": 0.002992}}
{"target": -13.758505280436614, "params": {"gamma": 493.28075140865514, "log10_alpha": -3.9170475630010584, "log10_colsample_bytree": -0.42993722936099044, "log10_eta": -3.999769637030631, "log10_lambda": -2.131088720894134, "log10_min_child_weight": 4.012913795849783, "log10_subsample": -0.10187631921340567, "max_depth": 9.0, "num_boost_round": 19.0}, "datetime": {"datetime": "2024-01-19 00:42:02", "elapsed": 1826.493634, "delta": 0.002946}}
{"target": -13.758504042130928, "params": {"gamma": 493.28075140865514, "log10_alpha": -3.9170475630010584, "log10_colsample_bytree": -0.42993722936099044, "log10_eta": -3.999769637030631, "log10_lambda": -2.131088720894134, "log10_min_child_weight": 4.012913795849783, "log10_subsample": -0.10187631921340567, "max_depth": 9.0, "num_boost_round": 20.0}, "datetime": {"datetime": "2024-01-19 00:42:02", "elapsed": 1826.496599, "delta": 0.002965}}
{"target": -13.758500229651435, "params": {"gamma": 493.28075140865514, "log10_alpha": -3.9170475630010584, "log10_colsample_bytree": -0.42993722936099044, "log10_eta": -3.999769637030631, "log10_lambda": -2.131088720894134, "log10_min_child_weight": 4.012913795849783, "log10_subsample": -0.10187631921340567, "max_depth": 9.0, "num_boost_round": 21.0}, "datetime": {"datetime": "2024-01-19 00:42:02", "elapsed": 1826.499592, "delta": 0.002993}}
{"target": -13.758498236986444, "params": {"gamma": 493.28075140865514, "log10_alpha": -3.9170475630010584, "log10_colsample_bytree": -0.42993722936099044, "log10_eta": -3.999769637030631, "log10_lambda": -2.131088720894134, "log10_min_child_weight": 4.012913795849783, "log10_subsample": -0.10187631921340567, "max_depth": 9.0, "num_boost_round": 22.0}, "datetime": {"datetime": "2024-01-19 00:42:02", "elapsed": 1826.502561, "delta": 0.002969}}
{"target": -13.758497104534625, "params": {"gamma": 493.28075140865514, "log10_alpha": -3.9170475630010584, "log10_colsample_bytree": -0.42993722936099044, "log10_eta": -3.999769637030631, "log10_lambda": -2.131088720894134, "log10_min_child_weight": 4.012913795849783, "log10_subsample": -0.10187631921340567, "max_depth": 9.0, "num_boost_round": 23.0}, "datetime": {"datetime": "2024-01-19 00:42:02", "elapsed": 1826.505508, "delta": 0.002947}}
{"target": -13.75849590944594, "params": {"gamma": 493.28075140865514, "log10_alpha": -3.9170475630010584, "log10_colsample_bytree": -0.42993722936099044, "log10_eta": -3.999769637030631, "log10_lambda": -2.131088720894134, "log10_min_child_weight": 4.012913795849783, "log10_subsample": -0.10187631921340567, "max_depth": 9.0, "num_boost_round": 24.0}, "datetime": {"datetime": "2024-01-19 00:42:02", "elapsed": 1826.508477, "delta": 0.002969}}
{"target": -13.75849491074663, "params": {"gamma": 493.28075140865514, "log10_alpha": -3.9170475630010584, "log10_colsample_bytree": -0.42993722936099044, "log10_eta": -3.999769637030631, "log10_lambda": -2.131088720894134, "log10_min_child_weight": 4.012913795849783, "log10_subsample": -0.10187631921340567, "max_depth": 9.0, "num_boost_round": 25.0}, "datetime": {"datetime": "2024-01-19 00:42:02", "elapsed": 1826.511449, "delta": 0.002972}}
{"target": -13.75849511543293, "params": {"gamma": 493.28075140865514, "log10_alpha": -3.9170475630010584, "log10_colsample_bytree": -0.42993722936099044, "log10_eta": -3.999769637030631, "log10_lambda": -2.131088720894134, "log10_min_child_weight": 4.012913795849783, "log10_subsample": -0.10187631921340567, "max_depth": 9.0, "num_boost_round": 26.0}, "datetime": {"datetime": "2024-01-19 00:42:02", "elapsed": 1826.514424, "delta": 0.002975}}
{"target": -13.7584928396834, "params": {"gamma": 493.28075140865514, "log10_alpha": -3.9170475630010584, "log10_colsample_bytree": -0.42993722936099044, "log10_eta": -3.999769637030631, "log10_lambda": -2.131088720894134, "log10_min_child_weight": 4.012913795849783, "log10_subsample": -0.10187631921340567, "max_depth": 9.0, "num_boost_round": 27.0}, "datetime": {"datetime": "2024-01-19 00:42:02", "elapsed": 1826.517404, "delta": 0.00298}}
{"target": -13.758537348671071, "params": {"gamma": 447.2750102226781, "log10_alpha": 1.0, "log10_colsample_bytree": 0.0, "log10_eta": -4.0, "log10_lambda": 1.0, "log10_min_child_weight": 1.2711508302616854, "log10_subsample": -1.0, "max_depth": 5.0, "num_boost_round": 0.0}, "datetime": {"datetime": "2024-01-19 00:42:54", "elapsed": 1878.07089, "delta": 51.553486}}
{"target": -13.758534370598062, "params": {"gamma": 447.2750102226781, "log10_alpha": 1.0, "log10_colsample_bytree": 0.0, "log10_eta": -4.0, "log10_lambda": 1.0, "log10_min_child_weight": 1.2711508302616854, "log10_subsample": -1.0, "max_depth": 5.0, "num_boost_round": 1.0}, "datetime": {"datetime": "2024-01-19 00:42:54", "elapsed": 1878.074029, "delta": 0.003139}}
{"target": -13.758529726510956, "params": {"gamma": 447.2750102226781, "log10_alpha": 1.0, "log10_colsample_bytree": 0.0, "log10_eta": -4.0, "log10_lambda": 1.0, "log10_min_child_weight": 1.2711508302616854, "log10_subsample": -1.0, "max_depth": 5.0, "num_boost_round": 2.0}, "datetime": {"datetime": "2024-01-19 00:42:54", "elapsed": 1878.077067, "delta": 0.003038}}
{"target": -13.758528029614366, "params": {"gamma": 447.2750102226781, "log10_alpha": 1.0, "log10_colsample_bytree": 0.0, "log10_eta": -4.0, "log10_lambda": 1.0, "log10_min_child_weight": 1.2711508302616854, "log10_subsample": -1.0, "max_depth": 5.0, "num_boost_round": 3.0}, "datetime": {"datetime": "2024-01-19 00:42:54", "elapsed": 1878.080661, "delta": 0.003594}}
{"target": -13.75852887589357, "params": {"gamma": 447.2750102226781, "log10_alpha": 1.0, "log10_colsample_bytree": 0.0, "log10_eta": -4.0, "log10_lambda": 1.0, "log10_min_child_weight": 1.2711508302616854, "log10_subsample": -1.0, "max_depth": 5.0, "num_boost_round": 4.0}, "datetime": {"datetime": "2024-01-19 00:42:54", "elapsed": 1878.083782, "delta": 0.003121}}
