{"target": -13.758144581317485, "params": {"gamma": 402.7782218427919, "log10_alpha": -2.721635437301234, "log10_colsample_bytree": -0.3431144586771119, "log10_eta": -3.0885591543110804, "log10_lambda": -1.7249375907848288, "log10_min_child_weight": 3.438109026963541, "log10_subsample": -0.2307069632001605, "max_depth": 9.0, "num_boost_round": 51.0}, "datetime": {"datetime": "2024-01-19 00:43:24", "elapsed": 1907.356094, "delta": 0.00328}}
{"target": -13.758146903355168, "params": {"gamma": 402.7782218427919, "log10_alpha": -2.721635437301234, "log10_colsample_bytree": -0.3431144586771119, "log10_eta": -3.0885591543110804, "log10_lambda": -1.7249375907848288, "log10_min_child_weight": 3.438109026963541, "log10_subsample": -0.2307069632001605, "max_depth": 9.0, "num_boost_round": 52.0}, "datetime": {"datetime": "2024-01-19 00:43:24", "elapsed": 1907.359624, "delta": 0.00353}}
{"target": -13.75814012837519, "params": {"gamma": 402.7782218427919, "log10_alpha": -2.721635437301234, "log10_colsample_bytree": -0.3431144586771119, "log10_eta": -3.0885591543110804, "log10_lambda": -1.7249375907848288, "log10_min_child_weight": 3.438109026963541, "log10_subsample": -0.2307069632001605, "max_depth": 9.0, "num_boost_round": 53.0}, "datetime": {"datetime": "2024-01-19 00:43:24", "elapsed": 1907.363128, "delta": 0.003504}}
{"target": -13.758116307498746, "params": {"gamma": 402.7782218427919, "log10_alpha": -2.721635437301234, "log10_colsample_bytree": -0.3431144586771119, "log10_eta": -3.0885591543110804, "log10_lambda": -1.7249375907848288, "log10_min_child_weight": 3.438109026963541, "log10_subsample": -0.2307069632001605, "max_depth": 9.0, "num_boost_round": 54.0}, "datetime": {"datetime": "2024-01-19 00:43:24", "elapsed": 1907.366282, "delta": 0.003154}}
{"target": -13.758105505317547, "params": {"gamma": 402.7782218427919, "log10_alpha": -2.721635437301234, "log10_colsample_bytree": -0.3431144586771119, "log10_eta": -3.0885591543110804, "log10_lambda": -1.7249375907848288, "log10_min_child_weight": 3.438109026963541, "log10_subsample": -0.2307069632001605, "max_depth": 9.0, "num_boost_round": 55.0}, "datetime": {"datetime": "2024-01-19 00:43:24", "elapsed": 1907.369646, "delta": 0.003364}}
{"target": -13.758065435154801, "params": {"gamma": 402.7782218427919, "log10_alpha": -2.721635437301234, "log10_colsample_bytree": -0.3431144586771119, "log10_eta": -3.0885591543110804, "log10_lambda": -1.7249375907848288, "log10_min_child_weight": 3.438109026963541, "log10_subsample": -0.2307069632001605, "max_depth": 9.0, "num_boost_round": 56.0}, "datetime": {"datetime": "2024-01-19 00:43:24", "elapsed": 1907.372817, "delta": 0.003171}}
{"target": -13.758527260820525, "params": {"gamma": 430.18631417542764, "log10_alpha": -0.6634039863970207, "log10_colsample_bytree": -0.1489534319881618, "log10_eta": -2.9766551017712635, "log10_lambda": -1.8221741284989807, "log10_min_child_weight": 0.2693789066198704, "log10_subsample": -0.7095981842060545, "max_depth": 2.0, "num_boost_round": 0.0}, "datetime": {"datetime": "2024-01-19 00:44:04", "elapsed": 1947.440139, "delta": 40.067322}}
{"target": -13.758516326076103, "params": {"gamma": 430.18631417542764, "log10_alpha": -0.6634039863970207, "log10_colsample_bytree": -0.1489534319881618, "log10_eta": -2.9766551017712635, "log10_lambda": -1.8221741284989807, "log10_min_child_weight": 0.2693789066198704, "log10_subsample": -0.7095981842060545, "max_depth": 2.0, "num_boost_round": 1.0}, "datetime": {"datetime": "2024-01-19 00:44:04", "elapsed": 1947.444158, "delta": 0.004019}}
{"target": -13.758494585775892, "params": {"gamma": 430.18631417542764, "log10_alpha": -0.6634039863970207, "log10_colsample_bytree": -0.1489534319881618, "log10_eta": -2.9766551017712635, "log10_lambda": -1.8221741284989807, "log10_min_child_weight": 0.2693789066198704, "log10_subsample": -0.7095981842060545, "max_depth": 2.0, "num_boost_round": 2.0}, "datetime": {"datetime": "2024-01-19 00:44:04", "elapsed": 1947.447285, "delta": 0.003127}}
{"target": -13.758490989943818, "params": {"gamma": 430.18631417542764, "log10_alpha": -0.6634039863970207, "log10_colsample_bytree": -0.1489534319881618, "log10_eta": -2.9766551017712635, "log10_lambda": -1.8221741284989807, "log10_min_child_weight": 0.2693789066198704, "log10_subsample": -0.7095981842060545, "max_depth": 2.0, "num_boost_round": 3.0}, "datetime": {"datetime": "2024-01-19 00:44:04", "elapsed": 1947.450615, "delta": 0.00333}}
{"target": -13.758477317514329, "params": {"gamma": 430.18631417542764, "log10_alpha": -0.6634039863970207, "log10_colsample_bytree": -0.1489534319881618, "log10_eta": -2.9766551017712635, "log10_lambda": -1.8221741284989807, "log10_min_child_weight": 0.2693789066198704, "log10_subsample": -0.7095981842060545, "max_depth": 2.0, "num_boost_round": 4.0}, "datetime": {"datetime": "2024-01-19 00:44:04", "elapsed": 1947.453735, "delta": 0.00312}}
{"target": -13.758467102020829, "params": {"gamma": 430.18631417542764, "log10_alpha": -0.6634039863970207, "log10_colsample_bytree": -0.1489534319881618, "log10_eta": -2.9766551017712635, "log10_lambda": -1.8221741284989807, "log10_min_child_weight": 0.2693789066198704, "log10_subsample": -0.7095981842060545, "max_depth": 2.0, "num_boost_round": 5.0}, "datetime": {"datetime": "2024-01-19 00:44:04", "elapsed": 1947.456865, "delta": 0.00313}}
{"target": -13.758460124280388, "params": {"gamma": 430.18631417542764, "log10_alpha": -0.6634039863970207, "log10_colsample_bytree": -0.1489534319881618, "log10_eta": -2.9766551017712635, "log10_lambda": -1.8221741284989807, "log10_min_child_weight": 0.2693789066198704, "log10_subsample": -0.7095981842060545, "max_depth": 2.0, "num_boost_round": 6.0}, "datetime": {"datetime": "2024-01-19 00:44:04", "elapsed": 1947.459963, "delta": 0.003098}}
{"target": -13.758449986905193, "params": {"gamma": 430.18631417542764, "log10_alpha": -0.6634039863970207, "log10_colsample_bytree": -0.1489534319881618, "log10_eta": -2.9766551017712635, "log10_lambda": -1.8221741284989807, "log10_min_child_weight": 0.2693789066198704, "log10_subsample": -0.7095981842060545, "max_depth": 2.0, "num_boost_round": 7.0}, "datetime": {"datetime": "2024-01-19 00:44:04", "elapsed": 1947.463111, "delta": 0.003148}}
{"target": -13.758439454981755, "params": {"gamma": 430.18631417542764, "log10_alpha": -0.6634039863970207, "log10_colsample_bytree": -0.1489534319881618, "log10_eta": -2.9766551017712635, "log10_lambda": -1.8221741284989807, "log10_min_child_weight": 0.2693789066198704, "log10_subsample": -0.7095981842060545, "max_depth": 2.0, "num_boost_round": 8.0}, "datetime": {"datetime": "2024-01-19 00:44:04", "elapsed": 1947.466208, "delta": 0.003097}}
{"target": -13.758431128221792, "params": {"gamma": 430.18631417542764, "log10_alpha": -0.6634039863970207, "log10_colsample_bytree": -0.1489534319881618, "log10_eta": -2.9766551017712635, "log10_lambda": -1.8221741284989807, "log10_min_child_weight": 0.2693789066198704, "log10_subsample": -0.7095981842060545, "max_depth": 2.0, "num_boost_round": 9.0}, "datetime": {"datetime": "2024-01-19 00:44:04", "elapsed": 1947.469365, "delta": 0.003157}}
{"target": -13.758420292842663, "params": {"gamma": 430.18631417542764, "log10_alpha": -0.6634039863970207, "log10_colsample_bytree": -0.1489534319881618, "log10_eta": -2.9766551017712635, "log10_lambda": -1.8221741284989807, "log10_min_child_weight": 0.2693789066198704, "log10_subsample": -0.7095981842060545, "max_depth": 2.0, "num_boost_round": 10.0}, "datetime": {"datetime": "2024-01-19 00:44:04", "elapsed": 1947.472638, "delta": 0.003273}}
{"target": -13.758401339710899, "params": {"gamma": 430.18631417542764, "log10_alpha": -0.6634039863970207, "log10_colsample_bytree": -0.1489534319881618, "log10_eta": -2.9766551017712635, "log10_lambda": -1.8221741284989807, "log10_min_child_weight": 0.2693789066198704, "log10_subsample": -0.7095981842060545, "max_depth": 2.0, "num_boost_round": 11.0}, "datetime": {"datetime": "2024-01-19 00:44:04", "elapsed": 1947.475786, "delta": 0.003148}}
{"target": -13.758537479192272, "params": {"gamma": 407.8738047915704, "log10_alpha": -5.0, "log10_colsample_bytree": -1.0, "log10_eta": -4.0, "log10_lambda": -5.0, "log10_min_child_weight": 0.0, "log10_subsample": -1.0, "max_depth": 2.0, "num_boost_round": 0.0}, "datetime": {"datetime": "2024-01-19 00:45:00", "elapsed": 2003.139252, "delta": 55.663466}}
{"target": -13.758537179234173, "params": {"gamma": 407.8738047915704, "log10_alpha": -5.0, "log10_colsample_bytree": -1.0, "log10_eta": -4.0, "log10_lambda": -5.0, "log10_min_child_weight": 0.0, "log10_subsample": -1.0, "max_depth": 2.0, "num_boost_round": 1.0}, "datetime": {"datetime": "2024-01-19 00:45:00", "elapsed": 2003.142651, "delta": 0.003399}}
{"target": -13.758537060536712, "params": {"gamma": 407.8738047915704, "log10_alpha": -5.0, "log10_colsample_bytree": -1.0, "log10_eta": -4.0, "log10_lambda": -5.0, "log10_min_child_weight": 0.0, "log10_subsample": -1.0, "max_depth": 2.0, "num_boost_round": 2.0}, "datetime": {"datetime": "2024-01-19 00:45:00", "elapsed": 2003.145935, "delta": 0.003284}}
{"target": -13.758535918081618, "params": {"gamma": 407.8738047915704, "log10_alpha": -5.0, "log10_colsample_bytree": -1.0, "log10_eta": -4.0, "log10_lambda": -5.0, "log10_min_child_weight": 0.0, "log10_subsample": -1.0, "max_depth": 2.0, "num_boost_round": 3.0}, "datetime": {"datetime": "2024-01-19 00:45:00", "elapsed": 2003.149185, "delta": 0.00325}}
{"target": -13.758535596104924, "params": {"gamma": 407.8738047915704, "log10_alpha": -5.0, "log10_colsample_bytree": -1.0, "log10_eta": -4.0, "log10_lambda": -5.0, "log10_min_child_weight": 0.0, "log10_subsample": -1.0, "max_depth": 2.0, "num_boost_round": 4.0}, "datetime": {"datetime": "2024-01-19 00:45:00", "elapsed": 2003.152279, "delta": 0.003094}}
{"target": -13.758535741624208, "params": {"gamma": 407.8738047915704, "log10_alpha": -5.0, "log10_colsample_bytree": -1.0, "log10_eta": -4.0, "log10_lambda": -5.0, "log10_min_child_weight": 0.0, "log10_subsample": -1.0, "max_depth": 2.0, "num_boost_round": 5.0}, "datetime": {"datetime": "2024-01-19 00:45:00", "elapsed": 2003.155373, "delta": 0.003094}}
{"target": -13.75853575369965, "params": {"gamma": 407.8738047915704, "log10_alpha": -5.0, "log10_colsample_bytree": -1.0, "log10_eta": -4.0, "log10_lambda": -5.0, "log10_min_child_weight": 0.0, "log10_subsample": -1.0, "max_depth": 2.0, "num_boost_round": 6.0}, "datetime": {"datetime": "2024-01-19 00:45:00", "elapsed": 2003.158492, "delta": 0.003119}}
{"target": -13.75853512578375, "params": {"gamma": 407.8738047915704, "log10_alpha": -5.0, "log10_colsample_bytree": -1.0, "log10_eta": -4.0, "log10_lambda": -5.0, "log10_min_child_weight": 0.0, "log10_subsample": -1.0, "max_depth": 2.0, "num_boost_round": 7.0}, "datetime": {"datetime": "2024-01-19 00:45:00", "elapsed": 2003.161607, "delta": 0.003115}}
{"target": -13.758535930336569, "params": {"gamma": 407.8738047915704, "log10_alpha": -5.0, "log10_colsample_bytree": -1.0, "log10_eta": -4.0, "log10_lambda": -5.0, "log10_min_child_weight": 0.0, "log10_subsample": -1.0, "max_depth": 2.0, "num_boost_round": 8.0}, "datetime": {"datetime": "2024-01-19 00:45:00", "elapsed": 2003.164725, "delta": 0.003118}}
{"target": -13.758535791854761, "params": {"gamma": 407.8738047915704, "log10_alpha": -5.0, "log10_colsample_bytree": -1.0, "log10_eta": -4.0, "log10_lambda": -5.0, "log10_min_child_weight": 0.0, "log10_subsample": -1.0, "max_depth": 2.0, "num_boost_round": 9.0}, "datetime": {"datetime": "2024-01-19 00:45:00", "elapsed": 2003.167845, "delta": 0.00312}}
{"target": -13.75853513817217, "params": {"gamma": 407.8738047915704, "log10_alpha": -5.0, "log10_colsample_bytree": -1.0, "log10_eta": -4.0, "log10_lambda": -5.0, "log10_min_child_weight": 0.0, "log10_subsample": -1.0, "max_depth": 2.0, "num_boost_round": 10.0}, "datetime": {"datetime": "2024-01-19 00:45:00", "elapsed": 2003.171124, "delta": 0.003279}}
{"target": -13.758535900973449, "params": {"gamma": 407.8738047915704, "log10_alpha": -5.0, "log10_colsample_bytree": -1.0, "log10_eta": -4.0, "log10_lambda": -5.0, "log10_min_child_weight": 0.0, "log10_subsample": -1.0, "max_depth": 2.0, "num_boost_round": 11.0}, "datetime": {"datetime": "2024-01-19 00:45:00", "elapsed": 2003.174213, "delta": 0.003089}}
{"target": -13.758533758326612, "params": {"gamma": 407.8738047915704, "log10_alpha": -5.0, "log10_colsample_bytree": -1.0, "log10_eta": -4.0, "log10_lambda": -5.0, "log10_min_child_weight": 0.0, "log10_subsample": -1.0, "max_depth": 2.0, "num_boost_round": 12.0}, "datetime": {"datetime": "2024-01-19 00:45:00", "elapsed": 2003.177312, "delta": 0.003099}}
{"target": -13.758532870513546, "params": {"gamma": 407.8738047915704, "log10_alpha": -5.0, "log10_colsample_bytree": -1.0, "log10_eta": -4.0, "log10_lambda": -5.0, "log10_min_child_weight": 0.0, "log10_subsample": -1.0, "max_depth": 2.0, "num_boost_round": 13.0}, "datetime": {"datetime": "2024-01-19 00:45:00", "elapsed": 2003.180393, "delta": 0.003081}}
{"target": -13.758531764749533, "params": {"gamma": 407.8738047915704, "log10_alpha": -5.0, "log10_colsample_bytree": -1.0, "log10_eta": -4.0, "log10_lambda": -5.0, "log10_min_child_weight": 0.0, "log10_subsample": -1.0, "max_depth": 2.0, "num_boost_round": 14.0}, "datetime": {"datetime": "2024-01-19 00:45:00", "elapsed": 2003.183502, "delta": 0.003109}}
{"target": -13.75853058377262, "params": {"gamma": 407.8738047915704, "log10_alpha": -5.0, "log10_colsample_bytree": -1.0, "log10_eta": -4.0, "log10_lambda": -5.0, "log10_min_child_weight": 0.0, "log10_subsample": -1.0, "max_depth": 2.0, "num_boost_round": 15.0}, "datetime": {"datetime": "2024-01-19 00:45:00", "elapsed": 2003.186592, "delta": 0.00309}}
{"target": -13.758530272524943, "params": {"gamma": 407.8738047915704, "log10_alpha": -5.0, "log10_colsample_bytree": -1.0, "log10_eta": -4.0, "log10_lambda": -5.0, "log10_min_child_weight": 0.0, "log10_subsample": -1.0, "max_depth": 2.0, "num_boost_round": 16.0}, "datetime": {"datetime": "2024-01-19 00:45:00", "elapsed": 2003.18989, "delta": 0.003298}}
{"target": -13.75852936417, "params": {"gamma": 407.8738047915704, "log10_alpha": -5.0, "log10_colsample_bytree": -1.0, "log10_eta": -4.0, "log10_lambda": -5.0, "log10_min_child_weight": 0.0, "log10_subsample": -1.0, "max_depth": 2.0, "num_boost_round": 17.0}, "datetime": {"datetime": "2024-01-19 00:45:00", "elapsed": 2003.193088, "delta": 0.003198}}
{"target": -13.758529116540275, "params": {"gamma": 407.8738047915704, "log10_alpha": -5.0, "log10_colsample_bytree": -1.0, "log10_eta": -4.0, "log10_lambda": -5.0, "log10_min_child_weight": 0.0, "log10_subsample": -1.0, "max_depth": 2.0, "num_boost_round": 18.0}, "datetime": {"datetime": "2024-01-19 00:45:00", "elapsed": 2003.196338, "delta": 0.00325}}
{"target": -13.758527777691299, "params": {"gamma": 407.8738047915704, "log10_alpha": -5.0, "log10_colsample_bytree": -1.0, "log10_eta": -4.0, "log10_lambda": -5.0, "log10_min_child_weight": 0.0, "log10_subsample": -1.0, "max_depth": 2.0, "num_boost_round": 19.0}, "datetime": {"datetime": "2024-01-19 00:45:00", "elapsed": 2003.199516, "delta": 0.003178}}
{"target": -13.758527412708903, "params": {"gamma": 407.8738047915704, "log10_alpha": -5.0, "log10_colsample_bytree": -1.0, "log10_eta": -4.0, "log10_lambda": -5.0, "log10_min_child_weight": 0.0, "log10_subsample": -1.0, "max_depth": 2.0, "num_boost_round": 20.0}, "datetime": {"datetime": "2024-01-19 00:45:00", "elapsed": 2003.202654, "delta": 0.003138}}
{"target": -13.758525744579957, "params": {"gamma": 407.8738047915704, "log10_alpha": -5.0, "log10_colsample_bytree": -1.0, "log10_eta": -4.0, "log10_lambda": -5.0, "log10_min_child_weight": 0.0, "log10_subsample": -1.0, "max_depth": 2.0, "num_boost_round": 21.0}, "datetime": {"datetime": "2024-01-19 00:45:00", "elapsed": 2003.205774, "delta": 0.00312}}
{"target": -13.758524245495448, "params": {"gamma": 407.8738047915704, "log10_alpha": -5.0, "log10_colsample_bytree": -1.0, "log10_eta": -4.0, "log10_lambda": -5.0, "log10_min_child_weight": 0.0, "log10_subsample": -1.0, "max_depth": 2.0, "num_boost_round": 22.0}, "datetime": {"datetime": "2024-01-19 00:45:00", "elapsed": 2003.208914, "delta": 0.00314}}
{"target": -13.758522202217392, "params": {"gamma": 407.8738047915704, "log10_alpha": -5.0, "log10_colsample_bytree": -1.0, "log10_eta": -4.0, "log10_lambda": -5.0, "log10_min_child_weight": 0.0, "log10_subsample": -1.0, "max_depth": 2.0, "num_boost_round": 23.0}, "datetime": {"datetime": "2024-01-19 00:45:00", "elapsed": 2003.212128, "delta": 0.003214}}
{"target": -13.758522092939259, "params": {"gamma": 407.8738047915704, "log10_alpha": -5.0, "log10_colsample_bytree": -1.0, "log10_eta": -4.0, "log10_lambda": -5.0, "log10_min_child_weight": 0.0, "log10_subsample": -1.0, "max_depth": 2.0, "num_boost_round": 24.0}, "datetime": {"datetime": "2024-01-19 00:45:00", "elapsed": 2003.215252, "delta": 0.003124}}
{"target": -13.758520269873207, "params": {"gamma": 407.8738047915704, "log10_alpha": -5.0, "log10_colsample_bytree": -1.0, "log10_eta": -4.0, "log10_lambda": -5.0, "log10_min_child_weight": 0.0, "log10_subsample": -1.0, "max_depth": 2.0, "num_boost_round": 25.0}, "datetime": {"datetime": "2024-01-19 00:45:00", "elapsed": 2003.218368, "delta": 0.003116}}
{"target": -13.758519914487897, "params": {"gamma": 407.8738047915704, "log10_alpha": -5.0, "log10_colsample_bytree": -1.0, "log10_eta": -4.0, "log10_lambda": -5.0, "log10_min_child_weight": 0.0, "log10_subsample": -1.0, "max_depth": 2.0, "num_boost_round": 26.0}, "datetime": {"datetime": "2024-01-19 00:45:00", "elapsed": 2003.221476, "delta": 0.003108}}
{"target": -13.758517794923854, "params": {"gamma": 407.8738047915704, "log10_alpha": -5.0, "log10_colsample_bytree": -1.0, "log10_eta": -4.0, "log10_lambda": -5.0, "log10_min_child_weight": 0.0, "log10_subsample": -1.0, "max_depth": 2.0, "num_boost_round": 27.0}, "datetime": {"datetime": "2024-01-19 00:45:00", "elapsed": 2003.224609, "delta": 0.003133}}
{"target": -13.758517403898725, "params": {"gamma": 407.8738047915704, "log10_alpha": -5.0, "log10_colsample_bytree": -1.0, "log10_eta": -4.0, "log10_lambda": -5.0, "log10_min_child_weight": 0.0, "log10_subsample": -1.0, "max_depth": 2.0, "num_boost_round": 28.0}, "datetime": {"datetime": "2024-01-19 00:45:00", "elapsed": 2003.227734, "delta": 0.003125}}
{"target": -13.75851723284909, "params": {"gamma": 407.8738047915704, "log10_alpha": -5.0, "log10_colsample_bytree": -1.0, "log10_eta": -4.0, "log10_lambda": -5.0, "log10_min_child_weight": 0.0, "log10_subsample": -1.0, "max_depth": 2.0, "num_boost_round": 29.0}, "datetime": {"datetime": "2024-01-19 00:45:00", "elapsed": 2003.23094, "delta": 0.003206}}
{"target": -13.758516323637405, "params": {"gamma": 407.8738047915704, "log10_alpha": -5.0, "log10_colsample_bytree": -1.0, "log10_eta": -4.0, "log10_lambda": -5.0, "log10_min_child_weight": 0.0, "log10_subsample": -1.0, "max_depth": 2.0, "num_boost_round": 30.0}, "datetime": {"datetime": "2024-01-19 00:45:00", "elapsed": 2003.23407, "delta": 0.00313}}
{"target": -13.758514533747478, "params": {"gamma": 407.8738047915704, "log10_alpha": -5.0, "log10_colsample_bytree": -1.0, "log10_eta": -4.0, "log10_lambda": -5.0, "log10_min_child_weight": 0.0, "log10_subsample": -1.0, "max_depth": 2.0, "num_boost_round": 31.0}, "datetime": {"datetime": "2024-01-19 00:45:00", "elapsed": 2003.237182, "delta": 0.003112}}
{"target": -13.758512901824403, "params": {"gamma": 407.8738047915704, "log10_alpha": -5.0, "log10_colsample_bytree": -1.0, "log10_eta": -4.0, "log10_lambda": -5.0, "log10_min_child_weight": 0.0, "log10_subsample": -1.0, "max_depth": 2.0, "num_boost_round": 32.0}, "datetime": {"datetime": "2024-01-19 00:45:00", "elapsed": 2003.240296, "delta": 0.003114}}
{"target": -13.758512259542895, "params": {"gamma": 407.8738047915704, "log10_alpha": -5.0, "log10_colsample_bytree": -1.0, "log10_eta": -4.0, "log10_lambda": -5.0, "log10_min_child_weight": 0.0, "log10_subsample": -1.0, "max_depth": 2.0, "num_boost_round": 33.0}, "datetime": {"datetime": "2024-01-19 00:45:00", "elapsed": 2003.243405, "delta": 0.003109}}
{"target": -13.758511016773914, "params": {"gamma": 407.8738047915704, "log10_alpha": -5.0, "log10_colsample_bytree": -1.0, "log10_eta": -4.0, "log10_lambda": -5.0, "log10_min_child_weight": 0.0, "log10_subsample": -1.0, "max_depth": 2.0, "num_boost_round": 34.0}, "datetime": {"datetime": "2024-01-19 00:45:00", "elapsed": 2003.246541, "delta": 0.003136}}
{"target": -13.758510865165926, "params": {"gamma": 407.8738047915704, "log10_alpha": -5.0, "log10_colsample_bytree": -1.0, "log10_eta": -4.0, "log10_lambda": -5.0, "log10_min_child_weight": 0.0, "log10_subsample": -1.0, "max_depth": 2.0, "num_boost_round": 35.0}, "datetime": {"datetime": "2024-01-19 00:45:00", "elapsed": 2003.249782, "delta": 0.003241}}
{"target": -13.758510003551818, "params": {"gamma": 407.8738047915704, "log10_alpha": -5.0, "log10_colsample_bytree": -1.0, "log10_eta": -4.0, "log10_lambda": -5.0, "log10_min_child_weight": 0.0, "log10_subsample": -1.0, "max_depth": 2.0, "num_boost_round": 36.0}, "datetime": {"datetime": "2024-01-19 00:45:00", "elapsed": 2003.334256, "delta": 0.084474}}
{"target": -13.758509729415998, "params": {"gamma": 407.8738047915704, "log10_alpha": -5.0, "log10_colsample_bytree": -1.0, "log10_eta": -4.0, "log10_lambda": -5.0, "log10_min_child_weight": 0.0, "log10_subsample": -1.0, "max_depth": 2.0, "num_boost_round": 37.0}, "datetime": {"datetime": "2024-01-19 00:45:00", "elapsed": 2003.337838, "delta": 0.003582}}
{"target": -13.75851032724848, "params": {"gamma": 407.8738047915704, "log10_alpha": -5.0, "log10_colsample_bytree": -1.0, "log10_eta": -4.0, "log10_lambda": -5.0, "log10_min_child_weight": 0.0, "log10_subsample": -1.0, "max_depth": 2.0, "num_boost_round": 38.0}, "datetime": {"datetime": "2024-01-19 00:45:00", "elapsed": 2003.341375, "delta": 0.003537}}
