{"target": -17.676199459795843, "params": {"gamma": 868.5977392615506, "log10_alpha": -3.555565307904711, "log10_colsample_bytree": -0.4922588067220752, "log10_eta": -1.707590363039547, "log10_lambda": -0.9175538687306721, "log10_min_child_weight": 4.712930009655904, "log10_subsample": -0.33076136314337434, "max_depth": 8.0, "num_boost_round": 6.0}, "datetime": {"datetime": "2024-01-19 00:20:48", "elapsed": 528.765842, "delta": 0.000874}}
{"target": -17.676425853615306, "params": {"gamma": 868.5977392615506, "log10_alpha": -3.555565307904711, "log10_colsample_bytree": -0.4922588067220752, "log10_eta": -1.707590363039547, "log10_lambda": -0.9175538687306721, "log10_min_child_weight": 4.712930009655904, "log10_subsample": -0.33076136314337434, "max_depth": 8.0, "num_boost_round": 7.0}, "datetime": {"datetime": "2024-01-19 00:20:48", "elapsed": 528.766702, "delta": 0.00086}}
{"target": -17.676320437094038, "params": {"gamma": 868.5977392615506, "log10_alpha": -3.555565307904711, "log10_colsample_bytree": -0.4922588067220752, "log10_eta": -1.707590363039547, "log10_lambda": -0.9175538687306721, "log10_min_child_weight": 4.712930009655904, "log10_subsample": -0.33076136314337434, "max_depth": 8.0, "num_boost_round": 8.0}, "datetime": {"datetime": "2024-01-19 00:20:48", "elapsed": 528.767552, "delta": 0.00085}}
{"target": -17.676190018977405, "params": {"gamma": 868.5977392615506, "log10_alpha": -3.555565307904711, "log10_colsample_bytree": -0.4922588067220752, "log10_eta": -1.707590363039547, "log10_lambda": -0.9175538687306721, "log10_min_child_weight": 4.712930009655904, "log10_subsample": -0.33076136314337434, "max_depth": 8.0, "num_boost_round": 9.0}, "datetime": {"datetime": "2024-01-19 00:20:48", "elapsed": 528.768452, "delta": 0.0009}}
{"target": -17.676128776321438, "params": {"gamma": 868.5977392615506, "log10_alpha": -3.555565307904711, "log10_colsample_bytree": -0.4922588067220752, "log10_eta": -1.707590363039547, "log10_lambda": -0.9175538687306721, "log10_min_child_weight": 4.712930009655904, "log10_subsample": -0.33076136314337434, "max_depth": 8.0, "num_boost_round": 10.0}, "datetime": {"datetime": "2024-01-19 00:20:48", "elapsed": 528.769303, "delta": 0.000851}}
{"target": -17.67597909447915, "params": {"gamma": 868.5977392615506, "log10_alpha": -3.555565307904711, "log10_colsample_bytree": -0.4922588067220752, "log10_eta": -1.707590363039547, "log10_lambda": -0.9175538687306721, "log10_min_child_weight": 4.712930009655904, "log10_subsample": -0.33076136314337434, "max_depth": 8.0, "num_boost_round": 11.0}, "datetime": {"datetime": "2024-01-19 00:20:48", "elapsed": 528.770155, "delta": 0.000852}}
{"target": -17.6761313479779, "params": {"gamma": 868.5977392615506, "log10_alpha": -3.555565307904711, "log10_colsample_bytree": -0.4922588067220752, "log10_eta": -1.707590363039547, "log10_lambda": -0.9175538687306721, "log10_min_child_weight": 4.712930009655904, "log10_subsample": -0.33076136314337434, "max_depth": 8.0, "num_boost_round": 12.0}, "datetime": {"datetime": "2024-01-19 00:20:48", "elapsed": 528.771027, "delta": 0.000872}}
{"target": -17.676134761603684, "params": {"gamma": 868.5977392615506, "log10_alpha": -3.555565307904711, "log10_colsample_bytree": -0.4922588067220752, "log10_eta": -1.707590363039547, "log10_lambda": -0.9175538687306721, "log10_min_child_weight": 4.712930009655904, "log10_subsample": -0.33076136314337434, "max_depth": 8.0, "num_boost_round": 13.0}, "datetime": {"datetime": "2024-01-19 00:20:48", "elapsed": 528.772094, "delta": 0.001067}}
{"target": -17.676205822982624, "params": {"gamma": 868.5977392615506, "log10_alpha": -3.555565307904711, "log10_colsample_bytree": -0.4922588067220752, "log10_eta": -1.707590363039547, "log10_lambda": -0.9175538687306721, "log10_min_child_weight": 4.712930009655904, "log10_subsample": -0.33076136314337434, "max_depth": 8.0, "num_boost_round": 14.0}, "datetime": {"datetime": "2024-01-19 00:20:48", "elapsed": 528.773126, "delta": 0.001032}}
{"target": -17.676138248347733, "params": {"gamma": 868.5977392615506, "log10_alpha": -3.555565307904711, "log10_colsample_bytree": -0.4922588067220752, "log10_eta": -1.707590363039547, "log10_lambda": -0.9175538687306721, "log10_min_child_weight": 4.712930009655904, "log10_subsample": -0.33076136314337434, "max_depth": 8.0, "num_boost_round": 15.0}, "datetime": {"datetime": "2024-01-19 00:20:48", "elapsed": 528.774065, "delta": 0.000939}}
{"target": -17.67608904129557, "params": {"gamma": 868.5977392615506, "log10_alpha": -3.555565307904711, "log10_colsample_bytree": -0.4922588067220752, "log10_eta": -1.707590363039547, "log10_lambda": -0.9175538687306721, "log10_min_child_weight": 4.712930009655904, "log10_subsample": -0.33076136314337434, "max_depth": 8.0, "num_boost_round": 16.0}, "datetime": {"datetime": "2024-01-19 00:20:48", "elapsed": 528.775027, "delta": 0.000962}}
{"target": -17.676030877330074, "params": {"gamma": 868.5977392615506, "log10_alpha": -3.555565307904711, "log10_colsample_bytree": -0.4922588067220752, "log10_eta": -1.707590363039547, "log10_lambda": -0.9175538687306721, "log10_min_child_weight": 4.712930009655904, "log10_subsample": -0.33076136314337434, "max_depth": 8.0, "num_boost_round": 17.0}, "datetime": {"datetime": "2024-01-19 00:20:48", "elapsed": 528.776009, "delta": 0.000982}}
{"target": -17.677228371783567, "params": {"gamma": 862.1991863891562, "log10_alpha": -1.2491609900429608, "log10_colsample_bytree": -0.5553335931226336, "log10_eta": -2.263331251213702, "log10_lambda": 0.5205701622806345, "log10_min_child_weight": 4.753055244264345, "log10_subsample": -0.8850406154390239, "max_depth": 6.0, "num_boost_round": 0.0}, "datetime": {"datetime": "2024-01-19 00:21:08", "elapsed": 549.562516, "delta": 20.786507}}
{"target": -17.67717821981166, "params": {"gamma": 862.1991863891562, "log10_alpha": -1.2491609900429608, "log10_colsample_bytree": -0.5553335931226336, "log10_eta": -2.263331251213702, "log10_lambda": 0.5205701622806345, "log10_min_child_weight": 4.753055244264345, "log10_subsample": -0.8850406154390239, "max_depth": 6.0, "num_boost_round": 1.0}, "datetime": {"datetime": "2024-01-19 00:21:08", "elapsed": 549.563645, "delta": 0.001129}}
{"target": -17.67718461199839, "params": {"gamma": 862.1991863891562, "log10_alpha": -1.2491609900429608, "log10_colsample_bytree": -0.5553335931226336, "log10_eta": -2.263331251213702, "log10_lambda": 0.5205701622806345, "log10_min_child_weight": 4.753055244264345, "log10_subsample": -0.8850406154390239, "max_depth": 6.0, "num_boost_round": 2.0}, "datetime": {"datetime": "2024-01-19 00:21:08", "elapsed": 549.564545, "delta": 0.0009}}
{"target": -17.677141137674834, "params": {"gamma": 862.1991863891562, "log10_alpha": -1.2491609900429608, "log10_colsample_bytree": -0.5553335931226336, "log10_eta": -2.263331251213702, "log10_lambda": 0.5205701622806345, "log10_min_child_weight": 4.753055244264345, "log10_subsample": -0.8850406154390239, "max_depth": 6.0, "num_boost_round": 3.0}, "datetime": {"datetime": "2024-01-19 00:21:08", "elapsed": 549.565414, "delta": 0.000869}}
{"target": -17.677125979327936, "params": {"gamma": 862.1991863891562, "log10_alpha": -1.2491609900429608, "log10_colsample_bytree": -0.5553335931226336, "log10_eta": -2.263331251213702, "log10_lambda": 0.5205701622806345, "log10_min_child_weight": 4.753055244264345, "log10_subsample": -0.8850406154390239, "max_depth": 6.0, "num_boost_round": 4.0}, "datetime": {"datetime": "2024-01-19 00:21:08", "elapsed": 549.566432, "delta": 0.001018}}
{"target": -17.677100500291694, "params": {"gamma": 862.1991863891562, "log10_alpha": -1.2491609900429608, "log10_colsample_bytree": -0.5553335931226336, "log10_eta": -2.263331251213702, "log10_lambda": 0.5205701622806345, "log10_min_child_weight": 4.753055244264345, "log10_subsample": -0.8850406154390239, "max_depth": 6.0, "num_boost_round": 5.0}, "datetime": {"datetime": "2024-01-19 00:21:08", "elapsed": 549.567322, "delta": 0.00089}}
{"target": -17.67709290924788, "params": {"gamma": 862.1991863891562, "log10_alpha": -1.2491609900429608, "log10_colsample_bytree": -0.5553335931226336, "log10_eta": -2.263331251213702, "log10_lambda": 0.5205701622806345, "log10_min_child_weight": 4.753055244264345, "log10_subsample": -0.8850406154390239, "max_depth": 6.0, "num_boost_round": 6.0}, "datetime": {"datetime": "2024-01-19 00:21:08", "elapsed": 549.568187, "delta": 0.000865}}
{"target": -17.677095558129718, "params": {"gamma": 862.1991863891562, "log10_alpha": -1.2491609900429608, "log10_colsample_bytree": -0.5553335931226336, "log10_eta": -2.263331251213702, "log10_lambda": 0.5205701622806345, "log10_min_child_weight": 4.753055244264345, "log10_subsample": -0.8850406154390239, "max_depth": 6.0, "num_boost_round": 7.0}, "datetime": {"datetime": "2024-01-19 00:21:08", "elapsed": 549.569057, "delta": 0.00087}}
{"target": -17.677084268349535, "params": {"gamma": 862.1991863891562, "log10_alpha": -1.2491609900429608, "log10_colsample_bytree": -0.5553335931226336, "log10_eta": -2.263331251213702, "log10_lambda": 0.5205701622806345, "log10_min_child_weight": 4.753055244264345, "log10_subsample": -0.8850406154390239, "max_depth": 6.0, "num_boost_round": 8.0}, "datetime": {"datetime": "2024-01-19 00:21:08", "elapsed": 549.570261, "delta": 0.001204}}
{"target": -17.67704625141518, "params": {"gamma": 862.1991863891562, "log10_alpha": -1.2491609900429608, "log10_colsample_bytree": -0.5553335931226336, "log10_eta": -2.263331251213702, "log10_lambda": 0.5205701622806345, "log10_min_child_weight": 4.753055244264345, "log10_subsample": -0.8850406154390239, "max_depth": 6.0, "num_boost_round": 9.0}, "datetime": {"datetime": "2024-01-19 00:21:08", "elapsed": 549.571321, "delta": 0.00106}}
{"target": -17.677013701759936, "params": {"gamma": 862.1991863891562, "log10_alpha": -1.2491609900429608, "log10_colsample_bytree": -0.5553335931226336, "log10_eta": -2.263331251213702, "log10_lambda": 0.5205701622806345, "log10_min_child_weight": 4.753055244264345, "log10_subsample": -0.8850406154390239, "max_depth": 6.0, "num_boost_round": 10.0}, "datetime": {"datetime": "2024-01-19 00:21:08", "elapsed": 549.572356, "delta": 0.001035}}
{"target": -17.676991232131066, "params": {"gamma": 862.1991863891562, "log10_alpha": -1.2491609900429608, "log10_colsample_bytree": -0.5553335931226336, "log10_eta": -2.263331251213702, "log10_lambda": 0.5205701622806345, "log10_min_child_weight": 4.753055244264345, "log10_subsample": -0.8850406154390239, "max_depth": 6.0, "num_boost_round": 11.0}, "datetime": {"datetime": "2024-01-19 00:21:08", "elapsed": 549.573303, "delta": 0.000947}}
{"target": -17.67715318206388, "params": {"gamma": 864.6613100631095, "log10_alpha": -1.9634792565087853, "log10_colsample_bytree": -0.9759056289973081, "log10_eta": -2.6746967150477325, "log10_lambda": -2.334158782089558, "log10_min_child_weight": 1.4279278967732272, "log10_subsample": -0.49700496285543927, "max_depth": 7.0, "num_boost_round": 0.0}, "datetime": {"datetime": "2024-01-19 00:21:33", "elapsed": 574.436105, "delta": 24.862802}}
{"target": -17.677123006594627, "params": {"gamma": 864.6613100631095, "log10_alpha": -1.9634792565087853, "log10_colsample_bytree": -0.9759056289973081, "log10_eta": -2.6746967150477325, "log10_lambda": -2.334158782089558, "log10_min_child_weight": 1.4279278967732272, "log10_subsample": -0.49700496285543927, "max_depth": 7.0, "num_boost_round": 1.0}, "datetime": {"datetime": "2024-01-19 00:21:33", "elapsed": 574.437518, "delta": 0.001413}}
{"target": -17.67709999407183, "params": {"gamma": 864.6613100631095, "log10_alpha": -1.9634792565087853, "log10_colsample_bytree": -0.9759056289973081, "log10_eta": -2.6746967150477325, "log10_lambda": -2.334158782089558, "log10_min_child_weight": 1.4279278967732272, "log10_subsample": -0.49700496285543927, "max_depth": 7.0, "num_boost_round": 2.0}, "datetime": {"datetime": "2024-01-19 00:21:33", "elapsed": 574.438663, "delta": 0.001145}}
{"target": -17.677037875797105, "params": {"gamma": 864.6613100631095, "log10_alpha": -1.9634792565087853, "log10_colsample_bytree": -0.9759056289973081, "log10_eta": -2.6746967150477325, "log10_lambda": -2.334158782089558, "log10_min_child_weight": 1.4279278967732272, "log10_subsample": -0.49700496285543927, "max_depth": 7.0, "num_boost_round": 3.0}, "datetime": {"datetime": "2024-01-19 00:21:33", "elapsed": 574.439552, "delta": 0.000889}}
{"target": -17.676868423452483, "params": {"gamma": 864.6613100631095, "log10_alpha": -1.9634792565087853, "log10_colsample_bytree": -0.9759056289973081, "log10_eta": -2.6746967150477325, "log10_lambda": -2.334158782089558, "log10_min_child_weight": 1.4279278967732272, "log10_subsample": -0.49700496285543927, "max_depth": 7.0, "num_boost_round": 4.0}, "datetime": {"datetime": "2024-01-19 00:21:33", "elapsed": 574.440421, "delta": 0.000869}}
{"target": -17.67693721241337, "params": {"gamma": 864.6613100631095, "log10_alpha": -1.9634792565087853, "log10_colsample_bytree": -0.9759056289973081, "log10_eta": -2.6746967150477325, "log10_lambda": -2.334158782089558, "log10_min_child_weight": 1.4279278967732272, "log10_subsample": -0.49700496285543927, "max_depth": 7.0, "num_boost_round": 5.0}, "datetime": {"datetime": "2024-01-19 00:21:33", "elapsed": 574.441764, "delta": 0.001343}}
{"target": -17.676969655668394, "params": {"gamma": 864.6613100631095, "log10_alpha": -1.9634792565087853, "log10_colsample_bytree": -0.9759056289973081, "log10_eta": -2.6746967150477325, "log10_lambda": -2.334158782089558, "log10_min_child_weight": 1.4279278967732272, "log10_subsample": -0.49700496285543927, "max_depth": 7.0, "num_boost_round": 6.0}, "datetime": {"datetime": "2024-01-19 00:21:33", "elapsed": 574.442678, "delta": 0.000914}}
{"target": -17.676744211651215, "params": {"gamma": 864.6613100631095, "log10_alpha": -1.9634792565087853, "log10_colsample_bytree": -0.9759056289973081, "log10_eta": -2.6746967150477325, "log10_lambda": -2.334158782089558, "log10_min_child_weight": 1.4279278967732272, "log10_subsample": -0.49700496285543927, "max_depth": 7.0, "num_boost_round": 7.0}, "datetime": {"datetime": "2024-01-19 00:21:33", "elapsed": 574.443562, "delta": 0.000884}}
{"target": -17.676813710685646, "params": {"gamma": 864.6613100631095, "log10_alpha": -1.9634792565087853, "log10_colsample_bytree": -0.9759056289973081, "log10_eta": -2.6746967150477325, "log10_lambda": -2.334158782089558, "log10_min_child_weight": 1.4279278967732272, "log10_subsample": -0.49700496285543927, "max_depth": 7.0, "num_boost_round": 8.0}, "datetime": {"datetime": "2024-01-19 00:21:33", "elapsed": 574.444445, "delta": 0.000883}}
{"target": -17.67670250130651, "params": {"gamma": 864.6613100631095, "log10_alpha": -1.9634792565087853, "log10_colsample_bytree": -0.9759056289973081, "log10_eta": -2.6746967150477325, "log10_lambda": -2.334158782089558, "log10_min_child_weight": 1.4279278967732272, "log10_subsample": -0.49700496285543927, "max_depth": 7.0, "num_boost_round": 9.0}, "datetime": {"datetime": "2024-01-19 00:21:33", "elapsed": 574.445377, "delta": 0.000932}}
{"target": -17.676603549605684, "params": {"gamma": 864.6613100631095, "log10_alpha": -1.9634792565087853, "log10_colsample_bytree": -0.9759056289973081, "log10_eta": -2.6746967150477325, "log10_lambda": -2.334158782089558, "log10_min_child_weight": 1.4279278967732272, "log10_subsample": -0.49700496285543927, "max_depth": 7.0, "num_boost_round": 10.0}, "datetime": {"datetime": "2024-01-19 00:21:33", "elapsed": 574.446288, "delta": 0.000911}}
{"target": -17.6765531008767, "params": {"gamma": 864.6613100631095, "log10_alpha": -1.9634792565087853, "log10_colsample_bytree": -0.9759056289973081, "log10_eta": -2.6746967150477325, "log10_lambda": -2.334158782089558, "log10_min_child_weight": 1.4279278967732272, "log10_subsample": -0.49700496285543927, "max_depth": 7.0, "num_boost_round": 11.0}, "datetime": {"datetime": "2024-01-19 00:21:33", "elapsed": 574.447181, "delta": 0.000893}}
{"target": -17.676447643775667, "params": {"gamma": 864.6613100631095, "log10_alpha": -1.9634792565087853, "log10_colsample_bytree": -0.9759056289973081, "log10_eta": -2.6746967150477325, "log10_lambda": -2.334158782089558, "log10_min_child_weight": 1.4279278967732272, "log10_subsample": -0.49700496285543927, "max_depth": 7.0, "num_boost_round": 12.0}, "datetime": {"datetime": "2024-01-19 00:21:33", "elapsed": 574.448065, "delta": 0.000884}}
{"target": -17.67645595727137, "params": {"gamma": 864.6613100631095, "log10_alpha": -1.9634792565087853, "log10_colsample_bytree": -0.9759056289973081, "log10_eta": -2.6746967150477325, "log10_lambda": -2.334158782089558, "log10_min_child_weight": 1.4279278967732272, "log10_subsample": -0.49700496285543927, "max_depth": 7.0, "num_boost_round": 13.0}, "datetime": {"datetime": "2024-01-19 00:21:33", "elapsed": 574.448957, "delta": 0.000892}}
{"target": -17.676493987728392, "params": {"gamma": 864.6613100631095, "log10_alpha": -1.9634792565087853, "log10_colsample_bytree": -0.9759056289973081, "log10_eta": -2.6746967150477325, "log10_lambda": -2.334158782089558, "log10_min_child_weight": 1.4279278967732272, "log10_subsample": -0.49700496285543927, "max_depth": 7.0, "num_boost_round": 14.0}, "datetime": {"datetime": "2024-01-19 00:21:33", "elapsed": 574.449843, "delta": 0.000886}}
{"target": -17.676417547806555, "params": {"gamma": 864.6613100631095, "log10_alpha": -1.9634792565087853, "log10_colsample_bytree": -0.9759056289973081, "log10_eta": -2.6746967150477325, "log10_lambda": -2.334158782089558, "log10_min_child_weight": 1.4279278967732272, "log10_subsample": -0.49700496285543927, "max_depth": 7.0, "num_boost_round": 15.0}, "datetime": {"datetime": "2024-01-19 00:21:33", "elapsed": 574.45073, "delta": 0.000887}}
{"target": -17.676354440759106, "params": {"gamma": 864.6613100631095, "log10_alpha": -1.9634792565087853, "log10_colsample_bytree": -0.9759056289973081, "log10_eta": -2.6746967150477325, "log10_lambda": -2.334158782089558, "log10_min_child_weight": 1.4279278967732272, "log10_subsample": -0.49700496285543927, "max_depth": 7.0, "num_boost_round": 16.0}, "datetime": {"datetime": "2024-01-19 00:21:33", "elapsed": 574.451712, "delta": 0.000982}}
{"target": -17.676333023910775, "params": {"gamma": 864.6613100631095, "log10_alpha": -1.9634792565087853, "log10_colsample_bytree": -0.9759056289973081, "log10_eta": -2.6746967150477325, "log10_lambda": -2.334158782089558, "log10_min_child_weight": 1.4279278967732272, "log10_subsample": -0.49700496285543927, "max_depth": 7.0, "num_boost_round": 17.0}, "datetime": {"datetime": "2024-01-19 00:21:33", "elapsed": 574.452617, "delta": 0.000905}}
{"target": -17.67629922619748, "params": {"gamma": 864.6613100631095, "log10_alpha": -1.9634792565087853, "log10_colsample_bytree": -0.9759056289973081, "log10_eta": -2.6746967150477325, "log10_lambda": -2.334158782089558, "log10_min_child_weight": 1.4279278967732272, "log10_subsample": -0.49700496285543927, "max_depth": 7.0, "num_boost_round": 18.0}, "datetime": {"datetime": "2024-01-19 00:21:33", "elapsed": 574.453507, "delta": 0.00089}}
{"target": -17.676191973103723, "params": {"gamma": 864.6613100631095, "log10_alpha": -1.9634792565087853, "log10_colsample_bytree": -0.9759056289973081, "log10_eta": -2.6746967150477325, "log10_lambda": -2.334158782089558, "log10_min_child_weight": 1.4279278967732272, "log10_subsample": -0.49700496285543927, "max_depth": 7.0, "num_boost_round": 19.0}, "datetime": {"datetime": "2024-01-19 00:21:33", "elapsed": 574.454396, "delta": 0.000889}}
{"target": -17.677173069432914, "params": {"gamma": 864.9063732117651, "log10_alpha": -2.9546340849373776, "log10_colsample_bytree": -0.4869161005966446, "log10_eta": -1.3803853245835072, "log10_lambda": -2.9069763314395978, "log10_min_child_weight": 4.832306358655732, "log10_subsample": -0.5834730957104485, "max_depth": 9.0, "num_boost_round": 0.0}, "datetime": {"datetime": "2024-01-19 00:21:55", "elapsed": 595.846799, "delta": 21.392403}}
{"target": -17.676936897153226, "params": {"gamma": 864.9063732117651, "log10_alpha": -2.9546340849373776, "log10_colsample_bytree": -0.4869161005966446, "log10_eta": -1.3803853245835072, "log10_lambda": -2.9069763314395978, "log10_min_child_weight": 4.832306358655732, "log10_subsample": -0.5834730957104485, "max_depth": 9.0, "num_boost_round": 1.0}, "datetime": {"datetime": "2024-01-19 00:21:55", "elapsed": 595.847932, "delta": 0.001133}}
{"target": -17.676973433846303, "params": {"gamma": 864.9063732117651, "log10_alpha": -2.9546340849373776, "log10_colsample_bytree": -0.4869161005966446, "log10_eta": -1.3803853245835072, "log10_lambda": -2.9069763314395978, "log10_min_child_weight": 4.832306358655732, "log10_subsample": -0.5834730957104485, "max_depth": 9.0, "num_boost_round": 2.0}, "datetime": {"datetime": "2024-01-19 00:21:55", "elapsed": 595.848912, "delta": 0.00098}}
{"target": -17.676911435698607, "params": {"gamma": 864.9063732117651, "log10_alpha": -2.9546340849373776, "log10_colsample_bytree": -0.4869161005966446, "log10_eta": -1.3803853245835072, "log10_lambda": -2.9069763314395978, "log10_min_child_weight": 4.832306358655732, "log10_subsample": -0.5834730957104485, "max_depth": 9.0, "num_boost_round": 3.0}, "datetime": {"datetime": "2024-01-19 00:21:55", "elapsed": 595.849835, "delta": 0.000923}}
{"target": -17.676930458340305, "params": {"gamma": 864.9063732117651, "log10_alpha": -2.9546340849373776, "log10_colsample_bytree": -0.4869161005966446, "log10_eta": -1.3803853245835072, "log10_lambda": -2.9069763314395978, "log10_min_child_weight": 4.832306358655732, "log10_subsample": -0.5834730957104485, "max_depth": 9.0, "num_boost_round": 4.0}, "datetime": {"datetime": "2024-01-19 00:21:55", "elapsed": 595.850742, "delta": 0.000907}}
