{"target": -17.677228034882877, "params": {"gamma": 172.2192564853492, "log10_alpha": 0.6439066164324458, "log10_colsample_bytree": -0.4928434748528633, "log10_eta": -3.9895359196774707, "log10_lambda": -1.7577426197179915, "log10_min_child_weight": 4.168039574602444, "log10_subsample": -0.5356532410404438, "max_depth": 4.0, "num_boost_round": 11.0}, "datetime": {"datetime": "2024-01-19 00:42:51", "elapsed": 1855.528251, "delta": 0.002787}}
{"target": -17.677227390901635, "params": {"gamma": 172.2192564853492, "log10_alpha": 0.6439066164324458, "log10_colsample_bytree": -0.4928434748528633, "log10_eta": -3.9895359196774707, "log10_lambda": -1.7577426197179915, "log10_min_child_weight": 4.168039574602444, "log10_subsample": -0.5356532410404438, "max_depth": 4.0, "num_boost_round": 12.0}, "datetime": {"datetime": "2024-01-19 00:42:51", "elapsed": 1855.530911, "delta": 0.00266}}
{"target": -17.677227625863367, "params": {"gamma": 172.2192564853492, "log10_alpha": 0.6439066164324458, "log10_colsample_bytree": -0.4928434748528633, "log10_eta": -3.9895359196774707, "log10_lambda": -1.7577426197179915, "log10_min_child_weight": 4.168039574602444, "log10_subsample": -0.5356532410404438, "max_depth": 4.0, "num_boost_round": 13.0}, "datetime": {"datetime": "2024-01-19 00:42:51", "elapsed": 1855.533588, "delta": 0.002677}}
{"target": -17.677227219092725, "params": {"gamma": 172.2192564853492, "log10_alpha": 0.6439066164324458, "log10_colsample_bytree": -0.4928434748528633, "log10_eta": -3.9895359196774707, "log10_lambda": -1.7577426197179915, "log10_min_child_weight": 4.168039574602444, "log10_subsample": -0.5356532410404438, "max_depth": 4.0, "num_boost_round": 14.0}, "datetime": {"datetime": "2024-01-19 00:42:51", "elapsed": 1855.536316, "delta": 0.002728}}
{"target": -17.677225109255133, "params": {"gamma": 172.2192564853492, "log10_alpha": 0.6439066164324458, "log10_colsample_bytree": -0.4928434748528633, "log10_eta": -3.9895359196774707, "log10_lambda": -1.7577426197179915, "log10_min_child_weight": 4.168039574602444, "log10_subsample": -0.5356532410404438, "max_depth": 4.0, "num_boost_round": 15.0}, "datetime": {"datetime": "2024-01-19 00:42:51", "elapsed": 1855.539205, "delta": 0.002889}}
{"target": -17.677224851573325, "params": {"gamma": 172.2192564853492, "log10_alpha": 0.6439066164324458, "log10_colsample_bytree": -0.4928434748528633, "log10_eta": -3.9895359196774707, "log10_lambda": -1.7577426197179915, "log10_min_child_weight": 4.168039574602444, "log10_subsample": -0.5356532410404438, "max_depth": 4.0, "num_boost_round": 16.0}, "datetime": {"datetime": "2024-01-19 00:42:51", "elapsed": 1855.541978, "delta": 0.002773}}
{"target": -17.677225001282817, "params": {"gamma": 172.2192564853492, "log10_alpha": 0.6439066164324458, "log10_colsample_bytree": -0.4928434748528633, "log10_eta": -3.9895359196774707, "log10_lambda": -1.7577426197179915, "log10_min_child_weight": 4.168039574602444, "log10_subsample": -0.5356532410404438, "max_depth": 4.0, "num_boost_round": 17.0}, "datetime": {"datetime": "2024-01-19 00:42:51", "elapsed": 1855.544692, "delta": 0.002714}}
{"target": -17.67722465266614, "params": {"gamma": 172.2192564853492, "log10_alpha": 0.6439066164324458, "log10_colsample_bytree": -0.4928434748528633, "log10_eta": -3.9895359196774707, "log10_lambda": -1.7577426197179915, "log10_min_child_weight": 4.168039574602444, "log10_subsample": -0.5356532410404438, "max_depth": 4.0, "num_boost_round": 18.0}, "datetime": {"datetime": "2024-01-19 00:42:51", "elapsed": 1855.547516, "delta": 0.002824}}
{"target": -17.677222552089656, "params": {"gamma": 172.2192564853492, "log10_alpha": 0.6439066164324458, "log10_colsample_bytree": -0.4928434748528633, "log10_eta": -3.9895359196774707, "log10_lambda": -1.7577426197179915, "log10_min_child_weight": 4.168039574602444, "log10_subsample": -0.5356532410404438, "max_depth": 4.0, "num_boost_round": 19.0}, "datetime": {"datetime": "2024-01-19 00:42:51", "elapsed": 1855.550235, "delta": 0.002719}}
{"target": -17.67722164130639, "params": {"gamma": 172.2192564853492, "log10_alpha": 0.6439066164324458, "log10_colsample_bytree": -0.4928434748528633, "log10_eta": -3.9895359196774707, "log10_lambda": -1.7577426197179915, "log10_min_child_weight": 4.168039574602444, "log10_subsample": -0.5356532410404438, "max_depth": 4.0, "num_boost_round": 20.0}, "datetime": {"datetime": "2024-01-19 00:42:51", "elapsed": 1855.553033, "delta": 0.002798}}
{"target": -17.67722111998681, "params": {"gamma": 172.2192564853492, "log10_alpha": 0.6439066164324458, "log10_colsample_bytree": -0.4928434748528633, "log10_eta": -3.9895359196774707, "log10_lambda": -1.7577426197179915, "log10_min_child_weight": 4.168039574602444, "log10_subsample": -0.5356532410404438, "max_depth": 4.0, "num_boost_round": 21.0}, "datetime": {"datetime": "2024-01-19 00:42:51", "elapsed": 1855.555751, "delta": 0.002718}}
{"target": -17.67722121220902, "params": {"gamma": 172.2192564853492, "log10_alpha": 0.6439066164324458, "log10_colsample_bytree": -0.4928434748528633, "log10_eta": -3.9895359196774707, "log10_lambda": -1.7577426197179915, "log10_min_child_weight": 4.168039574602444, "log10_subsample": -0.5356532410404438, "max_depth": 4.0, "num_boost_round": 22.0}, "datetime": {"datetime": "2024-01-19 00:42:51", "elapsed": 1855.558539, "delta": 0.002788}}
{"target": -17.67721934600664, "params": {"gamma": 172.2192564853492, "log10_alpha": 0.6439066164324458, "log10_colsample_bytree": -0.4928434748528633, "log10_eta": -3.9895359196774707, "log10_lambda": -1.7577426197179915, "log10_min_child_weight": 4.168039574602444, "log10_subsample": -0.5356532410404438, "max_depth": 4.0, "num_boost_round": 23.0}, "datetime": {"datetime": "2024-01-19 00:42:51", "elapsed": 1855.561265, "delta": 0.002726}}
{"target": -17.67721978444635, "params": {"gamma": 172.2192564853492, "log10_alpha": 0.6439066164324458, "log10_colsample_bytree": -0.4928434748528633, "log10_eta": -3.9895359196774707, "log10_lambda": -1.7577426197179915, "log10_min_child_weight": 4.168039574602444, "log10_subsample": -0.5356532410404438, "max_depth": 4.0, "num_boost_round": 24.0}, "datetime": {"datetime": "2024-01-19 00:42:51", "elapsed": 1855.563936, "delta": 0.002671}}
{"target": -17.677219280021074, "params": {"gamma": 172.2192564853492, "log10_alpha": 0.6439066164324458, "log10_colsample_bytree": -0.4928434748528633, "log10_eta": -3.9895359196774707, "log10_lambda": -1.7577426197179915, "log10_min_child_weight": 4.168039574602444, "log10_subsample": -0.5356532410404438, "max_depth": 4.0, "num_boost_round": 25.0}, "datetime": {"datetime": "2024-01-19 00:42:51", "elapsed": 1855.566626, "delta": 0.00269}}
{"target": -17.677220566316887, "params": {"gamma": 172.2192564853492, "log10_alpha": 0.6439066164324458, "log10_colsample_bytree": -0.4928434748528633, "log10_eta": -3.9895359196774707, "log10_lambda": -1.7577426197179915, "log10_min_child_weight": 4.168039574602444, "log10_subsample": -0.5356532410404438, "max_depth": 4.0, "num_boost_round": 26.0}, "datetime": {"datetime": "2024-01-19 00:42:51", "elapsed": 1855.569425, "delta": 0.002799}}
{"target": -17.677220366262024, "params": {"gamma": 172.2192564853492, "log10_alpha": 0.6439066164324458, "log10_colsample_bytree": -0.4928434748528633, "log10_eta": -3.9895359196774707, "log10_lambda": -1.7577426197179915, "log10_min_child_weight": 4.168039574602444, "log10_subsample": -0.5356532410404438, "max_depth": 4.0, "num_boost_round": 27.0}, "datetime": {"datetime": "2024-01-19 00:42:51", "elapsed": 1855.572107, "delta": 0.002682}}
{"target": -17.6772197377426, "params": {"gamma": 172.2192564853492, "log10_alpha": 0.6439066164324458, "log10_colsample_bytree": -0.4928434748528633, "log10_eta": -3.9895359196774707, "log10_lambda": -1.7577426197179915, "log10_min_child_weight": 4.168039574602444, "log10_subsample": -0.5356532410404438, "max_depth": 4.0, "num_boost_round": 28.0}, "datetime": {"datetime": "2024-01-19 00:42:51", "elapsed": 1855.574839, "delta": 0.002732}}
{"target": -17.677220177086113, "params": {"gamma": 172.2192564853492, "log10_alpha": 0.6439066164324458, "log10_colsample_bytree": -0.4928434748528633, "log10_eta": -3.9895359196774707, "log10_lambda": -1.7577426197179915, "log10_min_child_weight": 4.168039574602444, "log10_subsample": -0.5356532410404438, "max_depth": 4.0, "num_boost_round": 29.0}, "datetime": {"datetime": "2024-01-19 00:42:51", "elapsed": 1855.577532, "delta": 0.002693}}
{"target": -17.67722019882694, "params": {"gamma": 172.2192564853492, "log10_alpha": 0.6439066164324458, "log10_colsample_bytree": -0.4928434748528633, "log10_eta": -3.9895359196774707, "log10_lambda": -1.7577426197179915, "log10_min_child_weight": 4.168039574602444, "log10_subsample": -0.5356532410404438, "max_depth": 4.0, "num_boost_round": 30.0}, "datetime": {"datetime": "2024-01-19 00:42:51", "elapsed": 1855.580257, "delta": 0.002725}}
{"target": -17.677219440713795, "params": {"gamma": 172.2192564853492, "log10_alpha": 0.6439066164324458, "log10_colsample_bytree": -0.4928434748528633, "log10_eta": -3.9895359196774707, "log10_lambda": -1.7577426197179915, "log10_min_child_weight": 4.168039574602444, "log10_subsample": -0.5356532410404438, "max_depth": 4.0, "num_boost_round": 31.0}, "datetime": {"datetime": "2024-01-19 00:42:51", "elapsed": 1855.698206, "delta": 0.117949}}
{"target": -17.677220175335243, "params": {"gamma": 172.2192564853492, "log10_alpha": 0.6439066164324458, "log10_colsample_bytree": -0.4928434748528633, "log10_eta": -3.9895359196774707, "log10_lambda": -1.7577426197179915, "log10_min_child_weight": 4.168039574602444, "log10_subsample": -0.5356532410404438, "max_depth": 4.0, "num_boost_round": 32.0}, "datetime": {"datetime": "2024-01-19 00:42:51", "elapsed": 1855.701862, "delta": 0.003656}}
{"target": -17.677221057167493, "params": {"gamma": 172.2192564853492, "log10_alpha": 0.6439066164324458, "log10_colsample_bytree": -0.4928434748528633, "log10_eta": -3.9895359196774707, "log10_lambda": -1.7577426197179915, "log10_min_child_weight": 4.168039574602444, "log10_subsample": -0.5356532410404438, "max_depth": 4.0, "num_boost_round": 33.0}, "datetime": {"datetime": "2024-01-19 00:42:51", "elapsed": 1855.705118, "delta": 0.003256}}
{"target": -17.677223512994534, "params": {"gamma": 172.2192564853492, "log10_alpha": 0.6439066164324458, "log10_colsample_bytree": -0.4928434748528633, "log10_eta": -3.9895359196774707, "log10_lambda": -1.7577426197179915, "log10_min_child_weight": 4.168039574602444, "log10_subsample": -0.5356532410404438, "max_depth": 4.0, "num_boost_round": 34.0}, "datetime": {"datetime": "2024-01-19 00:42:51", "elapsed": 1855.70852, "delta": 0.003402}}
{"target": -17.677228489000544, "params": {"gamma": 171.7605204822993, "log10_alpha": -2.0068417380187342, "log10_colsample_bytree": 0.0, "log10_eta": -4.0, "log10_lambda": 0.6411417477780371, "log10_min_child_weight": 2.3517793593998397, "log10_subsample": 0.0, "max_depth": 5.0, "num_boost_round": 0.0}, "datetime": {"datetime": "2024-01-19 00:43:35", "elapsed": 1900.378566, "delta": 44.670046}}
{"target": -17.677223994201572, "params": {"gamma": 171.7605204822993, "log10_alpha": -2.0068417380187342, "log10_colsample_bytree": 0.0, "log10_eta": -4.0, "log10_lambda": 0.6411417477780371, "log10_min_child_weight": 2.3517793593998397, "log10_subsample": 0.0, "max_depth": 5.0, "num_boost_round": 1.0}, "datetime": {"datetime": "2024-01-19 00:43:35", "elapsed": 1900.381611, "delta": 0.003045}}
{"target": -17.6772195032566, "params": {"gamma": 171.7605204822993, "log10_alpha": -2.0068417380187342, "log10_colsample_bytree": 0.0, "log10_eta": -4.0, "log10_lambda": 0.6411417477780371, "log10_min_child_weight": 2.3517793593998397, "log10_subsample": 0.0, "max_depth": 5.0, "num_boost_round": 2.0}, "datetime": {"datetime": "2024-01-19 00:43:35", "elapsed": 1900.384792, "delta": 0.003181}}
{"target": -17.677215063471824, "params": {"gamma": 171.7605204822993, "log10_alpha": -2.0068417380187342, "log10_colsample_bytree": 0.0, "log10_eta": -4.0, "log10_lambda": 0.6411417477780371, "log10_min_child_weight": 2.3517793593998397, "log10_subsample": 0.0, "max_depth": 5.0, "num_boost_round": 3.0}, "datetime": {"datetime": "2024-01-19 00:43:35", "elapsed": 1900.389979, "delta": 0.005187}}
{"target": -17.67721059631966, "params": {"gamma": 171.7605204822993, "log10_alpha": -2.0068417380187342, "log10_colsample_bytree": 0.0, "log10_eta": -4.0, "log10_lambda": 0.6411417477780371, "log10_min_child_weight": 2.3517793593998397, "log10_subsample": 0.0, "max_depth": 5.0, "num_boost_round": 4.0}, "datetime": {"datetime": "2024-01-19 00:43:35", "elapsed": 1900.394055, "delta": 0.004076}}
{"target": -17.67720615053627, "params": {"gamma": 171.7605204822993, "log10_alpha": -2.0068417380187342, "log10_colsample_bytree": 0.0, "log10_eta": -4.0, "log10_lambda": 0.6411417477780371, "log10_min_child_weight": 2.3517793593998397, "log10_subsample": 0.0, "max_depth": 5.0, "num_boost_round": 5.0}, "datetime": {"datetime": "2024-01-19 00:43:35", "elapsed": 1900.397454, "delta": 0.003399}}
{"target": -17.677201681906975, "params": {"gamma": 171.7605204822993, "log10_alpha": -2.0068417380187342, "log10_colsample_bytree": 0.0, "log10_eta": -4.0, "log10_lambda": 0.6411417477780371, "log10_min_child_weight": 2.3517793593998397, "log10_subsample": 0.0, "max_depth": 5.0, "num_boost_round": 6.0}, "datetime": {"datetime": "2024-01-19 00:43:35", "elapsed": 1900.400841, "delta": 0.003387}}
{"target": -17.67719726988489, "params": {"gamma": 171.7605204822993, "log10_alpha": -2.0068417380187342, "log10_colsample_bytree": 0.0, "log10_eta": -4.0, "log10_lambda": 0.6411417477780371, "log10_min_child_weight": 2.3517793593998397, "log10_subsample": 0.0, "max_depth": 5.0, "num_boost_round": 7.0}, "datetime": {"datetime": "2024-01-19 00:43:35", "elapsed": 1900.404222, "delta": 0.003381}}
{"target": -17.677192826650007, "params": {"gamma": 171.7605204822993, "log10_alpha": -2.0068417380187342, "log10_colsample_bytree": 0.0, "log10_eta": -4.0, "log10_lambda": 0.6411417477780371, "log10_min_child_weight": 2.3517793593998397, "log10_subsample": 0.0, "max_depth": 5.0, "num_boost_round": 8.0}, "datetime": {"datetime": "2024-01-19 00:43:35", "elapsed": 1900.407914, "delta": 0.003692}}
{"target": -17.677188411274148, "params": {"gamma": 171.7605204822993, "log10_alpha": -2.0068417380187342, "log10_colsample_bytree": 0.0, "log10_eta": -4.0, "log10_lambda": 0.6411417477780371, "log10_min_child_weight": 2.3517793593998397, "log10_subsample": 0.0, "max_depth": 5.0, "num_boost_round": 9.0}, "datetime": {"datetime": "2024-01-19 00:43:35", "elapsed": 1900.411479, "delta": 0.003565}}
{"target": -17.677184008228114, "params": {"gamma": 171.7605204822993, "log10_alpha": -2.0068417380187342, "log10_colsample_bytree": 0.0, "log10_eta": -4.0, "log10_lambda": 0.6411417477780371, "log10_min_child_weight": 2.3517793593998397, "log10_subsample": 0.0, "max_depth": 5.0, "num_boost_round": 10.0}, "datetime": {"datetime": "2024-01-19 00:43:35", "elapsed": 1900.414464, "delta": 0.002985}}
{"target": -17.677179576642814, "params": {"gamma": 171.7605204822993, "log10_alpha": -2.0068417380187342, "log10_colsample_bytree": 0.0, "log10_eta": -4.0, "log10_lambda": 0.6411417477780371, "log10_min_child_weight": 2.3517793593998397, "log10_subsample": 0.0, "max_depth": 5.0, "num_boost_round": 11.0}, "datetime": {"datetime": "2024-01-19 00:43:35", "elapsed": 1900.417407, "delta": 0.002943}}
{"target": -17.677175190165173, "params": {"gamma": 171.7605204822993, "log10_alpha": -2.0068417380187342, "log10_colsample_bytree": 0.0, "log10_eta": -4.0, "log10_lambda": 0.6411417477780371, "log10_min_child_weight": 2.3517793593998397, "log10_subsample": 0.0, "max_depth": 5.0, "num_boost_round": 12.0}, "datetime": {"datetime": "2024-01-19 00:43:35", "elapsed": 1900.420334, "delta": 0.002927}}
{"target": -17.677170787399554, "params": {"gamma": 171.7605204822993, "log10_alpha": -2.0068417380187342, "log10_colsample_bytree": 0.0, "log10_eta": -4.0, "log10_lambda": 0.6411417477780371, "log10_min_child_weight": 2.3517793593998397, "log10_subsample": 0.0, "max_depth": 5.0, "num_boost_round": 13.0}, "datetime": {"datetime": "2024-01-19 00:43:35", "elapsed": 1900.423279, "delta": 0.002945}}
{"target": -17.677166430641236, "params": {"gamma": 171.7605204822993, "log10_alpha": -2.0068417380187342, "log10_colsample_bytree": 0.0, "log10_eta": -4.0, "log10_lambda": 0.6411417477780371, "log10_min_child_weight": 2.3517793593998397, "log10_subsample": 0.0, "max_depth": 5.0, "num_boost_round": 14.0}, "datetime": {"datetime": "2024-01-19 00:43:35", "elapsed": 1900.426203, "delta": 0.002924}}
{"target": -17.677162054786535, "params": {"gamma": 171.7605204822993, "log10_alpha": -2.0068417380187342, "log10_colsample_bytree": 0.0, "log10_eta": -4.0, "log10_lambda": 0.6411417477780371, "log10_min_child_weight": 2.3517793593998397, "log10_subsample": 0.0, "max_depth": 5.0, "num_boost_round": 15.0}, "datetime": {"datetime": "2024-01-19 00:43:35", "elapsed": 1900.429198, "delta": 0.002995}}
{"target": -17.677157670074266, "params": {"gamma": 171.7605204822993, "log10_alpha": -2.0068417380187342, "log10_colsample_bytree": 0.0, "log10_eta": -4.0, "log10_lambda": 0.6411417477780371, "log10_min_child_weight": 2.3517793593998397, "log10_subsample": 0.0, "max_depth": 5.0, "num_boost_round": 16.0}, "datetime": {"datetime": "2024-01-19 00:43:35", "elapsed": 1900.432113, "delta": 0.002915}}
{"target": -17.677153286803804, "params": {"gamma": 171.7605204822993, "log10_alpha": -2.0068417380187342, "log10_colsample_bytree": 0.0, "log10_eta": -4.0, "log10_lambda": 0.6411417477780371, "log10_min_child_weight": 2.3517793593998397, "log10_subsample": 0.0, "max_depth": 5.0, "num_boost_round": 17.0}, "datetime": {"datetime": "2024-01-19 00:43:35", "elapsed": 1900.434986, "delta": 0.002873}}
{"target": -17.677148946608224, "params": {"gamma": 171.7605204822993, "log10_alpha": -2.0068417380187342, "log10_colsample_bytree": 0.0, "log10_eta": -4.0, "log10_lambda": 0.6411417477780371, "log10_min_child_weight": 2.3517793593998397, "log10_subsample": 0.0, "max_depth": 5.0, "num_boost_round": 18.0}, "datetime": {"datetime": "2024-01-19 00:43:35", "elapsed": 1900.437883, "delta": 0.002897}}
{"target": -17.677144625997823, "params": {"gamma": 171.7605204822993, "log10_alpha": -2.0068417380187342, "log10_colsample_bytree": 0.0, "log10_eta": -4.0, "log10_lambda": 0.6411417477780371, "log10_min_child_weight": 2.3517793593998397, "log10_subsample": 0.0, "max_depth": 5.0, "num_boost_round": 19.0}, "datetime": {"datetime": "2024-01-19 00:43:35", "elapsed": 1900.440966, "delta": 0.003083}}
{"target": -17.677140248666788, "params": {"gamma": 171.7605204822993, "log10_alpha": -2.0068417380187342, "log10_colsample_bytree": 0.0, "log10_eta": -4.0, "log10_lambda": 0.6411417477780371, "log10_min_child_weight": 2.3517793593998397, "log10_subsample": 0.0, "max_depth": 5.0, "num_boost_round": 20.0}, "datetime": {"datetime": "2024-01-19 00:43:35", "elapsed": 1900.443948, "delta": 0.002982}}
{"target": -17.67713592445469, "params": {"gamma": 171.7605204822993, "log10_alpha": -2.0068417380187342, "log10_colsample_bytree": 0.0, "log10_eta": -4.0, "log10_lambda": 0.6411417477780371, "log10_min_child_weight": 2.3517793593998397, "log10_subsample": 0.0, "max_depth": 5.0, "num_boost_round": 21.0}, "datetime": {"datetime": "2024-01-19 00:43:35", "elapsed": 1900.446924, "delta": 0.002976}}
{"target": -17.677131627907205, "params": {"gamma": 171.7605204822993, "log10_alpha": -2.0068417380187342, "log10_colsample_bytree": 0.0, "log10_eta": -4.0, "log10_lambda": 0.6411417477780371, "log10_min_child_weight": 2.3517793593998397, "log10_subsample": 0.0, "max_depth": 5.0, "num_boost_round": 22.0}, "datetime": {"datetime": "2024-01-19 00:43:35", "elapsed": 1900.449891, "delta": 0.002967}}
{"target": -17.677127311352073, "params": {"gamma": 171.7605204822993, "log10_alpha": -2.0068417380187342, "log10_colsample_bytree": 0.0, "log10_eta": -4.0, "log10_lambda": 0.6411417477780371, "log10_min_child_weight": 2.3517793593998397, "log10_subsample": 0.0, "max_depth": 5.0, "num_boost_round": 23.0}, "datetime": {"datetime": "2024-01-19 00:43:35", "elapsed": 1900.452819, "delta": 0.002928}}
{"target": -17.677122962273216, "params": {"gamma": 171.7605204822993, "log10_alpha": -2.0068417380187342, "log10_colsample_bytree": 0.0, "log10_eta": -4.0, "log10_lambda": 0.6411417477780371, "log10_min_child_weight": 2.3517793593998397, "log10_subsample": 0.0, "max_depth": 5.0, "num_boost_round": 24.0}, "datetime": {"datetime": "2024-01-19 00:43:35", "elapsed": 1900.455691, "delta": 0.002872}}
{"target": -17.67711867286367, "params": {"gamma": 171.7605204822993, "log10_alpha": -2.0068417380187342, "log10_colsample_bytree": 0.0, "log10_eta": -4.0, "log10_lambda": 0.6411417477780371, "log10_min_child_weight": 2.3517793593998397, "log10_subsample": 0.0, "max_depth": 5.0, "num_boost_round": 25.0}, "datetime": {"datetime": "2024-01-19 00:43:35", "elapsed": 1900.458599, "delta": 0.002908}}
{"target": -17.67711437588827, "params": {"gamma": 171.7605204822993, "log10_alpha": -2.0068417380187342, "log10_colsample_bytree": 0.0, "log10_eta": -4.0, "log10_lambda": 0.6411417477780371, "log10_min_child_weight": 2.3517793593998397, "log10_subsample": 0.0, "max_depth": 5.0, "num_boost_round": 26.0}, "datetime": {"datetime": "2024-01-19 00:43:35", "elapsed": 1900.461556, "delta": 0.002957}}
{"target": -17.677110101849, "params": {"gamma": 171.7605204822993, "log10_alpha": -2.0068417380187342, "log10_colsample_bytree": 0.0, "log10_eta": -4.0, "log10_lambda": 0.6411417477780371, "log10_min_child_weight": 2.3517793593998397, "log10_subsample": 0.0, "max_depth": 5.0, "num_boost_round": 27.0}, "datetime": {"datetime": "2024-01-19 00:43:35", "elapsed": 1900.464495, "delta": 0.002939}}
