{"target": -17.677228074700096, "params": {"gamma": 398.4446918034846, "log10_alpha": -3.0418353638553963, "log10_colsample_bytree": -0.10999326815347144, "log10_eta": -3.834645966113138, "log10_lambda": -1.4866926530284346, "log10_min_child_weight": 4.299734609684095, "log10_subsample": -0.16848930853980326, "max_depth": 5.0, "num_boost_round": 20.0}, "datetime": {"datetime": "2024-01-19 01:54:04", "elapsed": 6134.200735, "delta": 0.005501}}
{"target": -17.677227268413883, "params": {"gamma": 398.4446918034846, "log10_alpha": -3.0418353638553963, "log10_colsample_bytree": -0.10999326815347144, "log10_eta": -3.834645966113138, "log10_lambda": -1.4866926530284346, "log10_min_child_weight": 4.299734609684095, "log10_subsample": -0.16848930853980326, "max_depth": 5.0, "num_boost_round": 21.0}, "datetime": {"datetime": "2024-01-19 01:54:04", "elapsed": 6134.20641, "delta": 0.005675}}
{"target": -17.67722316920326, "params": {"gamma": 398.4446918034846, "log10_alpha": -3.0418353638553963, "log10_colsample_bytree": -0.10999326815347144, "log10_eta": -3.834645966113138, "log10_lambda": -1.4866926530284346, "log10_min_child_weight": 4.299734609684095, "log10_subsample": -0.16848930853980326, "max_depth": 5.0, "num_boost_round": 22.0}, "datetime": {"datetime": "2024-01-19 01:54:04", "elapsed": 6134.3267, "delta": 0.12029}}
{"target": -17.67722366790151, "params": {"gamma": 398.4446918034846, "log10_alpha": -3.0418353638553963, "log10_colsample_bytree": -0.10999326815347144, "log10_eta": -3.834645966113138, "log10_lambda": -1.4866926530284346, "log10_min_child_weight": 4.299734609684095, "log10_subsample": -0.16848930853980326, "max_depth": 5.0, "num_boost_round": 23.0}, "datetime": {"datetime": "2024-01-19 01:54:04", "elapsed": 6134.333732, "delta": 0.007032}}
{"target": -17.67722146502591, "params": {"gamma": 398.4446918034846, "log10_alpha": -3.0418353638553963, "log10_colsample_bytree": -0.10999326815347144, "log10_eta": -3.834645966113138, "log10_lambda": -1.4866926530284346, "log10_min_child_weight": 4.299734609684095, "log10_subsample": -0.16848930853980326, "max_depth": 5.0, "num_boost_round": 24.0}, "datetime": {"datetime": "2024-01-19 01:54:04", "elapsed": 6134.340925, "delta": 0.007193}}
{"target": -17.677223452118287, "params": {"gamma": 398.4446918034846, "log10_alpha": -3.0418353638553963, "log10_colsample_bytree": -0.10999326815347144, "log10_eta": -3.834645966113138, "log10_lambda": -1.4866926530284346, "log10_min_child_weight": 4.299734609684095, "log10_subsample": -0.16848930853980326, "max_depth": 5.0, "num_boost_round": 25.0}, "datetime": {"datetime": "2024-01-19 01:54:04", "elapsed": 6134.347659, "delta": 0.006734}}
{"target": -17.677227917501607, "params": {"gamma": 398.4446918034846, "log10_alpha": -3.0418353638553963, "log10_colsample_bytree": -0.10999326815347144, "log10_eta": -3.834645966113138, "log10_lambda": -1.4866926530284346, "log10_min_child_weight": 4.299734609684095, "log10_subsample": -0.16848930853980326, "max_depth": 5.0, "num_boost_round": 26.0}, "datetime": {"datetime": "2024-01-19 01:54:04", "elapsed": 6134.353571, "delta": 0.005912}}
{"target": -17.67722712899483, "params": {"gamma": 398.4446918034846, "log10_alpha": -3.0418353638553963, "log10_colsample_bytree": -0.10999326815347144, "log10_eta": -3.834645966113138, "log10_lambda": -1.4866926530284346, "log10_min_child_weight": 4.299734609684095, "log10_subsample": -0.16848930853980326, "max_depth": 5.0, "num_boost_round": 27.0}, "datetime": {"datetime": "2024-01-19 01:54:04", "elapsed": 6134.359471, "delta": 0.0059}}
{"target": -17.67722570302059, "params": {"gamma": 398.4446918034846, "log10_alpha": -3.0418353638553963, "log10_colsample_bytree": -0.10999326815347144, "log10_eta": -3.834645966113138, "log10_lambda": -1.4866926530284346, "log10_min_child_weight": 4.299734609684095, "log10_subsample": -0.16848930853980326, "max_depth": 5.0, "num_boost_round": 28.0}, "datetime": {"datetime": "2024-01-19 01:54:04", "elapsed": 6134.365172, "delta": 0.005701}}
{"target": -17.67722309223529, "params": {"gamma": 398.4446918034846, "log10_alpha": -3.0418353638553963, "log10_colsample_bytree": -0.10999326815347144, "log10_eta": -3.834645966113138, "log10_lambda": -1.4866926530284346, "log10_min_child_weight": 4.299734609684095, "log10_subsample": -0.16848930853980326, "max_depth": 5.0, "num_boost_round": 29.0}, "datetime": {"datetime": "2024-01-19 01:54:04", "elapsed": 6134.370808, "delta": 0.005636}}
{"target": -17.677223080686964, "params": {"gamma": 398.4446918034846, "log10_alpha": -3.0418353638553963, "log10_colsample_bytree": -0.10999326815347144, "log10_eta": -3.834645966113138, "log10_lambda": -1.4866926530284346, "log10_min_child_weight": 4.299734609684095, "log10_subsample": -0.16848930853980326, "max_depth": 5.0, "num_boost_round": 30.0}, "datetime": {"datetime": "2024-01-19 01:54:04", "elapsed": 6134.376532, "delta": 0.005724}}
{"target": -17.677222617466008, "params": {"gamma": 398.4446918034846, "log10_alpha": -3.0418353638553963, "log10_colsample_bytree": -0.10999326815347144, "log10_eta": -3.834645966113138, "log10_lambda": -1.4866926530284346, "log10_min_child_weight": 4.299734609684095, "log10_subsample": -0.16848930853980326, "max_depth": 5.0, "num_boost_round": 31.0}, "datetime": {"datetime": "2024-01-19 01:54:04", "elapsed": 6134.382276, "delta": 0.005744}}
{"target": -17.677223408606682, "params": {"gamma": 398.4446918034846, "log10_alpha": -3.0418353638553963, "log10_colsample_bytree": -0.10999326815347144, "log10_eta": -3.834645966113138, "log10_lambda": -1.4866926530284346, "log10_min_child_weight": 4.299734609684095, "log10_subsample": -0.16848930853980326, "max_depth": 5.0, "num_boost_round": 32.0}, "datetime": {"datetime": "2024-01-19 01:54:04", "elapsed": 6134.3881, "delta": 0.005824}}
{"target": -17.677222329335986, "params": {"gamma": 398.4446918034846, "log10_alpha": -3.0418353638553963, "log10_colsample_bytree": -0.10999326815347144, "log10_eta": -3.834645966113138, "log10_lambda": -1.4866926530284346, "log10_min_child_weight": 4.299734609684095, "log10_subsample": -0.16848930853980326, "max_depth": 5.0, "num_boost_round": 33.0}, "datetime": {"datetime": "2024-01-19 01:54:04", "elapsed": 6134.393962, "delta": 0.005862}}
{"target": -17.677219242090892, "params": {"gamma": 398.4446918034846, "log10_alpha": -3.0418353638553963, "log10_colsample_bytree": -0.10999326815347144, "log10_eta": -3.834645966113138, "log10_lambda": -1.4866926530284346, "log10_min_child_weight": 4.299734609684095, "log10_subsample": -0.16848930853980326, "max_depth": 5.0, "num_boost_round": 34.0}, "datetime": {"datetime": "2024-01-19 01:54:04", "elapsed": 6134.399899, "delta": 0.005937}}
{"target": -17.677220596784224, "params": {"gamma": 398.4446918034846, "log10_alpha": -3.0418353638553963, "log10_colsample_bytree": -0.10999326815347144, "log10_eta": -3.834645966113138, "log10_lambda": -1.4866926530284346, "log10_min_child_weight": 4.299734609684095, "log10_subsample": -0.16848930853980326, "max_depth": 5.0, "num_boost_round": 35.0}, "datetime": {"datetime": "2024-01-19 01:54:04", "elapsed": 6134.405608, "delta": 0.005709}}
{"target": -17.677225673381287, "params": {"gamma": 398.4446918034846, "log10_alpha": -3.0418353638553963, "log10_colsample_bytree": -0.10999326815347144, "log10_eta": -3.834645966113138, "log10_lambda": -1.4866926530284346, "log10_min_child_weight": 4.299734609684095, "log10_subsample": -0.16848930853980326, "max_depth": 5.0, "num_boost_round": 36.0}, "datetime": {"datetime": "2024-01-19 01:54:04", "elapsed": 6134.411268, "delta": 0.00566}}
{"target": -17.677230256734553, "params": {"gamma": 398.4446918034846, "log10_alpha": -3.0418353638553963, "log10_colsample_bytree": -0.10999326815347144, "log10_eta": -3.834645966113138, "log10_lambda": -1.4866926530284346, "log10_min_child_weight": 4.299734609684095, "log10_subsample": -0.16848930853980326, "max_depth": 5.0, "num_boost_round": 37.0}, "datetime": {"datetime": "2024-01-19 01:54:04", "elapsed": 6134.416886, "delta": 0.005618}}
{"target": -17.677228582776817, "params": {"gamma": 398.4446918034846, "log10_alpha": -3.0418353638553963, "log10_colsample_bytree": -0.10999326815347144, "log10_eta": -3.834645966113138, "log10_lambda": -1.4866926530284346, "log10_min_child_weight": 4.299734609684095, "log10_subsample": -0.16848930853980326, "max_depth": 5.0, "num_boost_round": 38.0}, "datetime": {"datetime": "2024-01-19 01:54:04", "elapsed": 6134.423061, "delta": 0.006175}}
{"target": -17.6772277436614, "params": {"gamma": 398.4446918034846, "log10_alpha": -3.0418353638553963, "log10_colsample_bytree": -0.10999326815347144, "log10_eta": -3.834645966113138, "log10_lambda": -1.4866926530284346, "log10_min_child_weight": 4.299734609684095, "log10_subsample": -0.16848930853980326, "max_depth": 5.0, "num_boost_round": 39.0}, "datetime": {"datetime": "2024-01-19 01:54:04", "elapsed": 6134.428821, "delta": 0.00576}}
{"target": -17.677228125407673, "params": {"gamma": 398.4446918034846, "log10_alpha": -3.0418353638553963, "log10_colsample_bytree": -0.10999326815347144, "log10_eta": -3.834645966113138, "log10_lambda": -1.4866926530284346, "log10_min_child_weight": 4.299734609684095, "log10_subsample": -0.16848930853980326, "max_depth": 5.0, "num_boost_round": 40.0}, "datetime": {"datetime": "2024-01-19 01:54:04", "elapsed": 6134.434422, "delta": 0.005601}}
{"target": -17.67722725787779, "params": {"gamma": 398.4446918034846, "log10_alpha": -3.0418353638553963, "log10_colsample_bytree": -0.10999326815347144, "log10_eta": -3.834645966113138, "log10_lambda": -1.4866926530284346, "log10_min_child_weight": 4.299734609684095, "log10_subsample": -0.16848930853980326, "max_depth": 5.0, "num_boost_round": 41.0}, "datetime": {"datetime": "2024-01-19 01:54:04", "elapsed": 6134.439984, "delta": 0.005562}}
{"target": -17.677226085106504, "params": {"gamma": 398.4446918034846, "log10_alpha": -3.0418353638553963, "log10_colsample_bytree": -0.10999326815347144, "log10_eta": -3.834645966113138, "log10_lambda": -1.4866926530284346, "log10_min_child_weight": 4.299734609684095, "log10_subsample": -0.16848930853980326, "max_depth": 5.0, "num_boost_round": 42.0}, "datetime": {"datetime": "2024-01-19 01:54:04", "elapsed": 6134.445631, "delta": 0.005647}}
{"target": -17.67722512090267, "params": {"gamma": 398.4446918034846, "log10_alpha": -3.0418353638553963, "log10_colsample_bytree": -0.10999326815347144, "log10_eta": -3.834645966113138, "log10_lambda": -1.4866926530284346, "log10_min_child_weight": 4.299734609684095, "log10_subsample": -0.16848930853980326, "max_depth": 5.0, "num_boost_round": 43.0}, "datetime": {"datetime": "2024-01-19 01:54:04", "elapsed": 6134.451437, "delta": 0.005806}}
{"target": -17.677222995688858, "params": {"gamma": 398.4446918034846, "log10_alpha": -3.0418353638553963, "log10_colsample_bytree": -0.10999326815347144, "log10_eta": -3.834645966113138, "log10_lambda": -1.4866926530284346, "log10_min_child_weight": 4.299734609684095, "log10_subsample": -0.16848930853980326, "max_depth": 5.0, "num_boost_round": 44.0}, "datetime": {"datetime": "2024-01-19 01:54:04", "elapsed": 6134.45757, "delta": 0.006133}}
{"target": -17.677226615746378, "params": {"gamma": 407.3618860079211, "log10_alpha": -0.31939520095393537, "log10_colsample_bytree": -0.2856176380318539, "log10_eta": -3.6178033905994798, "log10_lambda": -4.342503391646762, "log10_min_child_weight": 2.8810541573767794, "log10_subsample": -0.5634713292732818, "max_depth": 8.0, "num_boost_round": 0.0}, "datetime": {"datetime": "2024-01-19 01:55:02", "elapsed": 6192.680038, "delta": 58.222468}}
{"target": -17.677215140427002, "params": {"gamma": 407.3618860079211, "log10_alpha": -0.31939520095393537, "log10_colsample_bytree": -0.2856176380318539, "log10_eta": -3.6178033905994798, "log10_lambda": -4.342503391646762, "log10_min_child_weight": 2.8810541573767794, "log10_subsample": -0.5634713292732818, "max_depth": 8.0, "num_boost_round": 1.0}, "datetime": {"datetime": "2024-01-19 01:55:02", "elapsed": 6192.687703, "delta": 0.007665}}
{"target": -17.67720190180203, "params": {"gamma": 407.3618860079211, "log10_alpha": -0.31939520095393537, "log10_colsample_bytree": -0.2856176380318539, "log10_eta": -3.6178033905994798, "log10_lambda": -4.342503391646762, "log10_min_child_weight": 2.8810541573767794, "log10_subsample": -0.5634713292732818, "max_depth": 8.0, "num_boost_round": 2.0}, "datetime": {"datetime": "2024-01-19 01:55:02", "elapsed": 6192.694331, "delta": 0.006628}}
{"target": -17.677206171145876, "params": {"gamma": 407.3618860079211, "log10_alpha": -0.31939520095393537, "log10_colsample_bytree": -0.2856176380318539, "log10_eta": -3.6178033905994798, "log10_lambda": -4.342503391646762, "log10_min_child_weight": 2.8810541573767794, "log10_subsample": -0.5634713292732818, "max_depth": 8.0, "num_boost_round": 3.0}, "datetime": {"datetime": "2024-01-19 01:55:02", "elapsed": 6192.701003, "delta": 0.006672}}
{"target": -17.677193178113225, "params": {"gamma": 407.3618860079211, "log10_alpha": -0.31939520095393537, "log10_colsample_bytree": -0.2856176380318539, "log10_eta": -3.6178033905994798, "log10_lambda": -4.342503391646762, "log10_min_child_weight": 2.8810541573767794, "log10_subsample": -0.5634713292732818, "max_depth": 8.0, "num_boost_round": 4.0}, "datetime": {"datetime": "2024-01-19 01:55:02", "elapsed": 6192.707449, "delta": 0.006446}}
{"target": -17.67719800494786, "params": {"gamma": 407.3618860079211, "log10_alpha": -0.31939520095393537, "log10_colsample_bytree": -0.2856176380318539, "log10_eta": -3.6178033905994798, "log10_lambda": -4.342503391646762, "log10_min_child_weight": 2.8810541573767794, "log10_subsample": -0.5634713292732818, "max_depth": 8.0, "num_boost_round": 5.0}, "datetime": {"datetime": "2024-01-19 01:55:02", "elapsed": 6192.71379, "delta": 0.006341}}
{"target": -17.677185489377994, "params": {"gamma": 407.3618860079211, "log10_alpha": -0.31939520095393537, "log10_colsample_bytree": -0.2856176380318539, "log10_eta": -3.6178033905994798, "log10_lambda": -4.342503391646762, "log10_min_child_weight": 2.8810541573767794, "log10_subsample": -0.5634713292732818, "max_depth": 8.0, "num_boost_round": 6.0}, "datetime": {"datetime": "2024-01-19 01:55:02", "elapsed": 6192.720146, "delta": 0.006356}}
{"target": -17.67718539696944, "params": {"gamma": 407.3618860079211, "log10_alpha": -0.31939520095393537, "log10_colsample_bytree": -0.2856176380318539, "log10_eta": -3.6178033905994798, "log10_lambda": -4.342503391646762, "log10_min_child_weight": 2.8810541573767794, "log10_subsample": -0.5634713292732818, "max_depth": 8.0, "num_boost_round": 7.0}, "datetime": {"datetime": "2024-01-19 01:55:02", "elapsed": 6192.726648, "delta": 0.006502}}
{"target": -17.67717451094713, "params": {"gamma": 407.3618860079211, "log10_alpha": -0.31939520095393537, "log10_colsample_bytree": -0.2856176380318539, "log10_eta": -3.6178033905994798, "log10_lambda": -4.342503391646762, "log10_min_child_weight": 2.8810541573767794, "log10_subsample": -0.5634713292732818, "max_depth": 8.0, "num_boost_round": 8.0}, "datetime": {"datetime": "2024-01-19 01:55:02", "elapsed": 6192.733073, "delta": 0.006425}}
{"target": -17.677167001496123, "params": {"gamma": 407.3618860079211, "log10_alpha": -0.31939520095393537, "log10_colsample_bytree": -0.2856176380318539, "log10_eta": -3.6178033905994798, "log10_lambda": -4.342503391646762, "log10_min_child_weight": 2.8810541573767794, "log10_subsample": -0.5634713292732818, "max_depth": 8.0, "num_boost_round": 9.0}, "datetime": {"datetime": "2024-01-19 01:55:02", "elapsed": 6192.739517, "delta": 0.006444}}
{"target": -17.677159811158276, "params": {"gamma": 407.3618860079211, "log10_alpha": -0.31939520095393537, "log10_colsample_bytree": -0.2856176380318539, "log10_eta": -3.6178033905994798, "log10_lambda": -4.342503391646762, "log10_min_child_weight": 2.8810541573767794, "log10_subsample": -0.5634713292732818, "max_depth": 8.0, "num_boost_round": 10.0}, "datetime": {"datetime": "2024-01-19 01:55:02", "elapsed": 6192.745927, "delta": 0.00641}}
{"target": -17.677151613230297, "params": {"gamma": 407.3618860079211, "log10_alpha": -0.31939520095393537, "log10_colsample_bytree": -0.2856176380318539, "log10_eta": -3.6178033905994798, "log10_lambda": -4.342503391646762, "log10_min_child_weight": 2.8810541573767794, "log10_subsample": -0.5634713292732818, "max_depth": 8.0, "num_boost_round": 11.0}, "datetime": {"datetime": "2024-01-19 01:55:02", "elapsed": 6192.752412, "delta": 0.006485}}
{"target": -17.677163192553184, "params": {"gamma": 407.3618860079211, "log10_alpha": -0.31939520095393537, "log10_colsample_bytree": -0.2856176380318539, "log10_eta": -3.6178033905994798, "log10_lambda": -4.342503391646762, "log10_min_child_weight": 2.8810541573767794, "log10_subsample": -0.5634713292732818, "max_depth": 8.0, "num_boost_round": 12.0}, "datetime": {"datetime": "2024-01-19 01:55:02", "elapsed": 6192.758611, "delta": 0.006199}}
{"target": -17.677150214674924, "params": {"gamma": 407.3618860079211, "log10_alpha": -0.31939520095393537, "log10_colsample_bytree": -0.2856176380318539, "log10_eta": -3.6178033905994798, "log10_lambda": -4.342503391646762, "log10_min_child_weight": 2.8810541573767794, "log10_subsample": -0.5634713292732818, "max_depth": 8.0, "num_boost_round": 13.0}, "datetime": {"datetime": "2024-01-19 01:55:02", "elapsed": 6192.764947, "delta": 0.006336}}
{"target": -17.67714076816875, "params": {"gamma": 407.3618860079211, "log10_alpha": -0.31939520095393537, "log10_colsample_bytree": -0.2856176380318539, "log10_eta": -3.6178033905994798, "log10_lambda": -4.342503391646762, "log10_min_child_weight": 2.8810541573767794, "log10_subsample": -0.5634713292732818, "max_depth": 8.0, "num_boost_round": 14.0}, "datetime": {"datetime": "2024-01-19 01:55:02", "elapsed": 6192.771164, "delta": 0.006217}}
{"target": -17.677134111290496, "params": {"gamma": 407.3618860079211, "log10_alpha": -0.31939520095393537, "log10_colsample_bytree": -0.2856176380318539, "log10_eta": -3.6178033905994798, "log10_lambda": -4.342503391646762, "log10_min_child_weight": 2.8810541573767794, "log10_subsample": -0.5634713292732818, "max_depth": 8.0, "num_boost_round": 15.0}, "datetime": {"datetime": "2024-01-19 01:55:02", "elapsed": 6192.777418, "delta": 0.006254}}
{"target": -17.67712622748306, "params": {"gamma": 407.3618860079211, "log10_alpha": -0.31939520095393537, "log10_colsample_bytree": -0.2856176380318539, "log10_eta": -3.6178033905994798, "log10_lambda": -4.342503391646762, "log10_min_child_weight": 2.8810541573767794, "log10_subsample": -0.5634713292732818, "max_depth": 8.0, "num_boost_round": 16.0}, "datetime": {"datetime": "2024-01-19 01:55:02", "elapsed": 6192.783681, "delta": 0.006263}}
{"target": -17.677125296638096, "params": {"gamma": 407.3618860079211, "log10_alpha": -0.31939520095393537, "log10_colsample_bytree": -0.2856176380318539, "log10_eta": -3.6178033905994798, "log10_lambda": -4.342503391646762, "log10_min_child_weight": 2.8810541573767794, "log10_subsample": -0.5634713292732818, "max_depth": 8.0, "num_boost_round": 17.0}, "datetime": {"datetime": "2024-01-19 01:55:02", "elapsed": 6192.790007, "delta": 0.006326}}
{"target": -17.677117833236235, "params": {"gamma": 407.3618860079211, "log10_alpha": -0.31939520095393537, "log10_colsample_bytree": -0.2856176380318539, "log10_eta": -3.6178033905994798, "log10_lambda": -4.342503391646762, "log10_min_child_weight": 2.8810541573767794, "log10_subsample": -0.5634713292732818, "max_depth": 8.0, "num_boost_round": 18.0}, "datetime": {"datetime": "2024-01-19 01:55:02", "elapsed": 6192.796445, "delta": 0.006438}}
{"target": -17.67710316674777, "params": {"gamma": 407.3618860079211, "log10_alpha": -0.31939520095393537, "log10_colsample_bytree": -0.2856176380318539, "log10_eta": -3.6178033905994798, "log10_lambda": -4.342503391646762, "log10_min_child_weight": 2.8810541573767794, "log10_subsample": -0.5634713292732818, "max_depth": 8.0, "num_boost_round": 19.0}, "datetime": {"datetime": "2024-01-19 01:55:03", "elapsed": 6192.802893, "delta": 0.006448}}
{"target": -17.67709762914137, "params": {"gamma": 407.3618860079211, "log10_alpha": -0.31939520095393537, "log10_colsample_bytree": -0.2856176380318539, "log10_eta": -3.6178033905994798, "log10_lambda": -4.342503391646762, "log10_min_child_weight": 2.8810541573767794, "log10_subsample": -0.5634713292732818, "max_depth": 8.0, "num_boost_round": 20.0}, "datetime": {"datetime": "2024-01-19 01:55:03", "elapsed": 6192.809236, "delta": 0.006343}}
{"target": -17.67709634541112, "params": {"gamma": 407.3618860079211, "log10_alpha": -0.31939520095393537, "log10_colsample_bytree": -0.2856176380318539, "log10_eta": -3.6178033905994798, "log10_lambda": -4.342503391646762, "log10_min_child_weight": 2.8810541573767794, "log10_subsample": -0.5634713292732818, "max_depth": 8.0, "num_boost_round": 21.0}, "datetime": {"datetime": "2024-01-19 01:55:03", "elapsed": 6192.815668, "delta": 0.006432}}
{"target": -17.67707599675638, "params": {"gamma": 407.3618860079211, "log10_alpha": -0.31939520095393537, "log10_colsample_bytree": -0.2856176380318539, "log10_eta": -3.6178033905994798, "log10_lambda": -4.342503391646762, "log10_min_child_weight": 2.8810541573767794, "log10_subsample": -0.5634713292732818, "max_depth": 8.0, "num_boost_round": 22.0}, "datetime": {"datetime": "2024-01-19 01:55:03", "elapsed": 6192.821871, "delta": 0.006203}}
{"target": -17.677062159237916, "params": {"gamma": 407.3618860079211, "log10_alpha": -0.31939520095393537, "log10_colsample_bytree": -0.2856176380318539, "log10_eta": -3.6178033905994798, "log10_lambda": -4.342503391646762, "log10_min_child_weight": 2.8810541573767794, "log10_subsample": -0.5634713292732818, "max_depth": 8.0, "num_boost_round": 23.0}, "datetime": {"datetime": "2024-01-19 01:55:03", "elapsed": 6192.828123, "delta": 0.006252}}
