{"target": -13.7582898971098, "params": {"gamma": 963.5664773784231, "log10_alpha": -0.33078414964607994, "log10_colsample_bytree": -0.4031433435158285, "log10_eta": -2.3589180502168428, "log10_lambda": -2.281459495776563, "log10_min_child_weight": 0.5442157384814428, "log10_subsample": -0.5770849977127919, "max_depth": 3.0, "num_boost_round": 2.0}, "datetime": {"datetime": "2024-01-19 00:18:21", "elapsed": 402.357094, "delta": 0.001299}}
{"target": -13.758246412351694, "params": {"gamma": 963.5664773784231, "log10_alpha": -0.33078414964607994, "log10_colsample_bytree": -0.4031433435158285, "log10_eta": -2.3589180502168428, "log10_lambda": -2.281459495776563, "log10_min_child_weight": 0.5442157384814428, "log10_subsample": -0.5770849977127919, "max_depth": 3.0, "num_boost_round": 3.0}, "datetime": {"datetime": "2024-01-19 00:18:21", "elapsed": 402.358018, "delta": 0.000924}}
{"target": -13.758213599207636, "params": {"gamma": 963.5664773784231, "log10_alpha": -0.33078414964607994, "log10_colsample_bytree": -0.4031433435158285, "log10_eta": -2.3589180502168428, "log10_lambda": -2.281459495776563, "log10_min_child_weight": 0.5442157384814428, "log10_subsample": -0.5770849977127919, "max_depth": 3.0, "num_boost_round": 4.0}, "datetime": {"datetime": "2024-01-19 00:18:21", "elapsed": 402.358954, "delta": 0.000936}}
{"target": -13.758286484484996, "params": {"gamma": 963.5664773784231, "log10_alpha": -0.33078414964607994, "log10_colsample_bytree": -0.4031433435158285, "log10_eta": -2.3589180502168428, "log10_lambda": -2.281459495776563, "log10_min_child_weight": 0.5442157384814428, "log10_subsample": -0.5770849977127919, "max_depth": 3.0, "num_boost_round": 5.0}, "datetime": {"datetime": "2024-01-19 00:18:21", "elapsed": 402.360355, "delta": 0.001401}}
{"target": -13.758228452384715, "params": {"gamma": 963.5664773784231, "log10_alpha": -0.33078414964607994, "log10_colsample_bytree": -0.4031433435158285, "log10_eta": -2.3589180502168428, "log10_lambda": -2.281459495776563, "log10_min_child_weight": 0.5442157384814428, "log10_subsample": -0.5770849977127919, "max_depth": 3.0, "num_boost_round": 6.0}, "datetime": {"datetime": "2024-01-19 00:18:21", "elapsed": 402.361242, "delta": 0.000887}}
{"target": -13.758204348435724, "params": {"gamma": 963.5664773784231, "log10_alpha": -0.33078414964607994, "log10_colsample_bytree": -0.4031433435158285, "log10_eta": -2.3589180502168428, "log10_lambda": -2.281459495776563, "log10_min_child_weight": 0.5442157384814428, "log10_subsample": -0.5770849977127919, "max_depth": 3.0, "num_boost_round": 7.0}, "datetime": {"datetime": "2024-01-19 00:18:21", "elapsed": 402.362147, "delta": 0.000905}}
{"target": -13.758223970245398, "params": {"gamma": 963.5664773784231, "log10_alpha": -0.33078414964607994, "log10_colsample_bytree": -0.4031433435158285, "log10_eta": -2.3589180502168428, "log10_lambda": -2.281459495776563, "log10_min_child_weight": 0.5442157384814428, "log10_subsample": -0.5770849977127919, "max_depth": 3.0, "num_boost_round": 8.0}, "datetime": {"datetime": "2024-01-19 00:18:21", "elapsed": 402.362917, "delta": 0.00077}}
{"target": -13.758117706015517, "params": {"gamma": 963.5664773784231, "log10_alpha": -0.33078414964607994, "log10_colsample_bytree": -0.4031433435158285, "log10_eta": -2.3589180502168428, "log10_lambda": -2.281459495776563, "log10_min_child_weight": 0.5442157384814428, "log10_subsample": -0.5770849977127919, "max_depth": 3.0, "num_boost_round": 9.0}, "datetime": {"datetime": "2024-01-19 00:18:21", "elapsed": 402.363689, "delta": 0.000772}}
{"target": -13.758113362623371, "params": {"gamma": 963.5664773784231, "log10_alpha": -0.33078414964607994, "log10_colsample_bytree": -0.4031433435158285, "log10_eta": -2.3589180502168428, "log10_lambda": -2.281459495776563, "log10_min_child_weight": 0.5442157384814428, "log10_subsample": -0.5770849977127919, "max_depth": 3.0, "num_boost_round": 10.0}, "datetime": {"datetime": "2024-01-19 00:18:21", "elapsed": 402.364456, "delta": 0.000767}}
{"target": -13.758010108654792, "params": {"gamma": 963.5664773784231, "log10_alpha": -0.33078414964607994, "log10_colsample_bytree": -0.4031433435158285, "log10_eta": -2.3589180502168428, "log10_lambda": -2.281459495776563, "log10_min_child_weight": 0.5442157384814428, "log10_subsample": -0.5770849977127919, "max_depth": 3.0, "num_boost_round": 11.0}, "datetime": {"datetime": "2024-01-19 00:18:21", "elapsed": 402.36534, "delta": 0.000884}}
{"target": -13.757994114209998, "params": {"gamma": 963.5664773784231, "log10_alpha": -0.33078414964607994, "log10_colsample_bytree": -0.4031433435158285, "log10_eta": -2.3589180502168428, "log10_lambda": -2.281459495776563, "log10_min_child_weight": 0.5442157384814428, "log10_subsample": -0.5770849977127919, "max_depth": 3.0, "num_boost_round": 12.0}, "datetime": {"datetime": "2024-01-19 00:18:21", "elapsed": 402.366197, "delta": 0.000857}}
{"target": -13.757983381718294, "params": {"gamma": 963.5664773784231, "log10_alpha": -0.33078414964607994, "log10_colsample_bytree": -0.4031433435158285, "log10_eta": -2.3589180502168428, "log10_lambda": -2.281459495776563, "log10_min_child_weight": 0.5442157384814428, "log10_subsample": -0.5770849977127919, "max_depth": 3.0, "num_boost_round": 13.0}, "datetime": {"datetime": "2024-01-19 00:18:21", "elapsed": 402.367006, "delta": 0.000809}}
{"target": -13.757938958719608, "params": {"gamma": 963.5664773784231, "log10_alpha": -0.33078414964607994, "log10_colsample_bytree": -0.4031433435158285, "log10_eta": -2.3589180502168428, "log10_lambda": -2.281459495776563, "log10_min_child_weight": 0.5442157384814428, "log10_subsample": -0.5770849977127919, "max_depth": 3.0, "num_boost_round": 14.0}, "datetime": {"datetime": "2024-01-19 00:18:21", "elapsed": 402.36782, "delta": 0.000814}}
{"target": -13.757841766421661, "params": {"gamma": 963.5664773784231, "log10_alpha": -0.33078414964607994, "log10_colsample_bytree": -0.4031433435158285, "log10_eta": -2.3589180502168428, "log10_lambda": -2.281459495776563, "log10_min_child_weight": 0.5442157384814428, "log10_subsample": -0.5770849977127919, "max_depth": 3.0, "num_boost_round": 15.0}, "datetime": {"datetime": "2024-01-19 00:18:21", "elapsed": 402.368633, "delta": 0.000813}}
{"target": -13.757864980992874, "params": {"gamma": 963.5664773784231, "log10_alpha": -0.33078414964607994, "log10_colsample_bytree": -0.4031433435158285, "log10_eta": -2.3589180502168428, "log10_lambda": -2.281459495776563, "log10_min_child_weight": 0.5442157384814428, "log10_subsample": -0.5770849977127919, "max_depth": 3.0, "num_boost_round": 16.0}, "datetime": {"datetime": "2024-01-19 00:18:21", "elapsed": 402.369457, "delta": 0.000824}}
{"target": -13.757884947841942, "params": {"gamma": 963.5664773784231, "log10_alpha": -0.33078414964607994, "log10_colsample_bytree": -0.4031433435158285, "log10_eta": -2.3589180502168428, "log10_lambda": -2.281459495776563, "log10_min_child_weight": 0.5442157384814428, "log10_subsample": -0.5770849977127919, "max_depth": 3.0, "num_boost_round": 17.0}, "datetime": {"datetime": "2024-01-19 00:18:21", "elapsed": 402.370289, "delta": 0.000832}}
{"target": -13.75784207265897, "params": {"gamma": 963.5664773784231, "log10_alpha": -0.33078414964607994, "log10_colsample_bytree": -0.4031433435158285, "log10_eta": -2.3589180502168428, "log10_lambda": -2.281459495776563, "log10_min_child_weight": 0.5442157384814428, "log10_subsample": -0.5770849977127919, "max_depth": 3.0, "num_boost_round": 18.0}, "datetime": {"datetime": "2024-01-19 00:18:21", "elapsed": 402.371111, "delta": 0.000822}}
{"target": -13.757818162914171, "params": {"gamma": 963.5664773784231, "log10_alpha": -0.33078414964607994, "log10_colsample_bytree": -0.4031433435158285, "log10_eta": -2.3589180502168428, "log10_lambda": -2.281459495776563, "log10_min_child_weight": 0.5442157384814428, "log10_subsample": -0.5770849977127919, "max_depth": 3.0, "num_boost_round": 19.0}, "datetime": {"datetime": "2024-01-19 00:18:21", "elapsed": 402.371922, "delta": 0.000811}}
{"target": -13.757726923972104, "params": {"gamma": 963.5664773784231, "log10_alpha": -0.33078414964607994, "log10_colsample_bytree": -0.4031433435158285, "log10_eta": -2.3589180502168428, "log10_lambda": -2.281459495776563, "log10_min_child_weight": 0.5442157384814428, "log10_subsample": -0.5770849977127919, "max_depth": 3.0, "num_boost_round": 20.0}, "datetime": {"datetime": "2024-01-19 00:18:21", "elapsed": 402.372724, "delta": 0.000802}}
{"target": -13.757623936911427, "params": {"gamma": 963.5664773784231, "log10_alpha": -0.33078414964607994, "log10_colsample_bytree": -0.4031433435158285, "log10_eta": -2.3589180502168428, "log10_lambda": -2.281459495776563, "log10_min_child_weight": 0.5442157384814428, "log10_subsample": -0.5770849977127919, "max_depth": 3.0, "num_boost_round": 21.0}, "datetime": {"datetime": "2024-01-19 00:18:21", "elapsed": 402.373556, "delta": 0.000832}}
{"target": -13.758470563903611, "params": {"gamma": 969.2226424266353, "log10_alpha": -1.8555042700343827, "log10_colsample_bytree": -0.0277667283828269, "log10_eta": -2.3945623160163816, "log10_lambda": -2.5899316034929156, "log10_min_child_weight": 3.4924026671640247, "log10_subsample": -0.23592526482895126, "max_depth": 2.0, "num_boost_round": 0.0}, "datetime": {"datetime": "2024-01-19 00:18:40", "elapsed": 421.325702, "delta": 18.952146}}
{"target": -13.758403919059095, "params": {"gamma": 969.2226424266353, "log10_alpha": -1.8555042700343827, "log10_colsample_bytree": -0.0277667283828269, "log10_eta": -2.3945623160163816, "log10_lambda": -2.5899316034929156, "log10_min_child_weight": 3.4924026671640247, "log10_subsample": -0.23592526482895126, "max_depth": 2.0, "num_boost_round": 1.0}, "datetime": {"datetime": "2024-01-19 00:18:40", "elapsed": 421.327282, "delta": 0.00158}}
{"target": -13.758346518042305, "params": {"gamma": 969.2226424266353, "log10_alpha": -1.8555042700343827, "log10_colsample_bytree": -0.0277667283828269, "log10_eta": -2.3945623160163816, "log10_lambda": -2.5899316034929156, "log10_min_child_weight": 3.4924026671640247, "log10_subsample": -0.23592526482895126, "max_depth": 2.0, "num_boost_round": 2.0}, "datetime": {"datetime": "2024-01-19 00:18:40", "elapsed": 421.328393, "delta": 0.001111}}
{"target": -13.758294794779118, "params": {"gamma": 969.2226424266353, "log10_alpha": -1.8555042700343827, "log10_colsample_bytree": -0.0277667283828269, "log10_eta": -2.3945623160163816, "log10_lambda": -2.5899316034929156, "log10_min_child_weight": 3.4924026671640247, "log10_subsample": -0.23592526482895126, "max_depth": 2.0, "num_boost_round": 3.0}, "datetime": {"datetime": "2024-01-19 00:18:40", "elapsed": 421.329198, "delta": 0.000805}}
{"target": -13.758240238168781, "params": {"gamma": 969.2226424266353, "log10_alpha": -1.8555042700343827, "log10_colsample_bytree": -0.0277667283828269, "log10_eta": -2.3945623160163816, "log10_lambda": -2.5899316034929156, "log10_min_child_weight": 3.4924026671640247, "log10_subsample": -0.23592526482895126, "max_depth": 2.0, "num_boost_round": 4.0}, "datetime": {"datetime": "2024-01-19 00:18:40", "elapsed": 421.329976, "delta": 0.000778}}
{"target": -13.758186575021002, "params": {"gamma": 969.2226424266353, "log10_alpha": -1.8555042700343827, "log10_colsample_bytree": -0.0277667283828269, "log10_eta": -2.3945623160163816, "log10_lambda": -2.5899316034929156, "log10_min_child_weight": 3.4924026671640247, "log10_subsample": -0.23592526482895126, "max_depth": 2.0, "num_boost_round": 5.0}, "datetime": {"datetime": "2024-01-19 00:18:40", "elapsed": 421.330878, "delta": 0.000902}}
{"target": -13.75813919107957, "params": {"gamma": 969.2226424266353, "log10_alpha": -1.8555042700343827, "log10_colsample_bytree": -0.0277667283828269, "log10_eta": -2.3945623160163816, "log10_lambda": -2.5899316034929156, "log10_min_child_weight": 3.4924026671640247, "log10_subsample": -0.23592526482895126, "max_depth": 2.0, "num_boost_round": 6.0}, "datetime": {"datetime": "2024-01-19 00:18:40", "elapsed": 421.331651, "delta": 0.000773}}
{"target": -13.758090719121197, "params": {"gamma": 969.2226424266353, "log10_alpha": -1.8555042700343827, "log10_colsample_bytree": -0.0277667283828269, "log10_eta": -2.3945623160163816, "log10_lambda": -2.5899316034929156, "log10_min_child_weight": 3.4924026671640247, "log10_subsample": -0.23592526482895126, "max_depth": 2.0, "num_boost_round": 7.0}, "datetime": {"datetime": "2024-01-19 00:18:40", "elapsed": 421.332435, "delta": 0.000784}}
{"target": -13.758036213080759, "params": {"gamma": 969.2226424266353, "log10_alpha": -1.8555042700343827, "log10_colsample_bytree": -0.0277667283828269, "log10_eta": -2.3945623160163816, "log10_lambda": -2.5899316034929156, "log10_min_child_weight": 3.4924026671640247, "log10_subsample": -0.23592526482895126, "max_depth": 2.0, "num_boost_round": 8.0}, "datetime": {"datetime": "2024-01-19 00:18:40", "elapsed": 421.333221, "delta": 0.000786}}
{"target": -13.75799102339219, "params": {"gamma": 969.2226424266353, "log10_alpha": -1.8555042700343827, "log10_colsample_bytree": -0.0277667283828269, "log10_eta": -2.3945623160163816, "log10_lambda": -2.5899316034929156, "log10_min_child_weight": 3.4924026671640247, "log10_subsample": -0.23592526482895126, "max_depth": 2.0, "num_boost_round": 9.0}, "datetime": {"datetime": "2024-01-19 00:18:40", "elapsed": 421.334008, "delta": 0.000787}}
{"target": -13.757948979927793, "params": {"gamma": 969.2226424266353, "log10_alpha": -1.8555042700343827, "log10_colsample_bytree": -0.0277667283828269, "log10_eta": -2.3945623160163816, "log10_lambda": -2.5899316034929156, "log10_min_child_weight": 3.4924026671640247, "log10_subsample": -0.23592526482895126, "max_depth": 2.0, "num_boost_round": 10.0}, "datetime": {"datetime": "2024-01-19 00:18:40", "elapsed": 421.334938, "delta": 0.00093}}
{"target": -13.757906332298829, "params": {"gamma": 969.2226424266353, "log10_alpha": -1.8555042700343827, "log10_colsample_bytree": -0.0277667283828269, "log10_eta": -2.3945623160163816, "log10_lambda": -2.5899316034929156, "log10_min_child_weight": 3.4924026671640247, "log10_subsample": -0.23592526482895126, "max_depth": 2.0, "num_boost_round": 11.0}, "datetime": {"datetime": "2024-01-19 00:18:40", "elapsed": 421.335774, "delta": 0.000836}}
{"target": -13.75786629878461, "params": {"gamma": 969.2226424266353, "log10_alpha": -1.8555042700343827, "log10_colsample_bytree": -0.0277667283828269, "log10_eta": -2.3945623160163816, "log10_lambda": -2.5899316034929156, "log10_min_child_weight": 3.4924026671640247, "log10_subsample": -0.23592526482895126, "max_depth": 2.0, "num_boost_round": 12.0}, "datetime": {"datetime": "2024-01-19 00:18:40", "elapsed": 421.336573, "delta": 0.000799}}
{"target": -13.758530858907523, "params": {"gamma": 967.9870220506272, "log10_alpha": -2.42083490926546, "log10_colsample_bytree": -0.018355381887142808, "log10_eta": -3.1363586403552253, "log10_lambda": -3.0739355114554225, "log10_min_child_weight": 2.009893253909634, "log10_subsample": -0.42448922709820647, "max_depth": 2.0, "num_boost_round": 0.0}, "datetime": {"datetime": "2024-01-19 00:19:00", "elapsed": 441.546456, "delta": 20.209883}}
{"target": -13.758523009697623, "params": {"gamma": 967.9870220506272, "log10_alpha": -2.42083490926546, "log10_colsample_bytree": -0.018355381887142808, "log10_eta": -3.1363586403552253, "log10_lambda": -3.0739355114554225, "log10_min_child_weight": 2.009893253909634, "log10_subsample": -0.42448922709820647, "max_depth": 2.0, "num_boost_round": 1.0}, "datetime": {"datetime": "2024-01-19 00:19:00", "elapsed": 441.547988, "delta": 0.001532}}
{"target": -13.758516891524476, "params": {"gamma": 967.9870220506272, "log10_alpha": -2.42083490926546, "log10_colsample_bytree": -0.018355381887142808, "log10_eta": -3.1363586403552253, "log10_lambda": -3.0739355114554225, "log10_min_child_weight": 2.009893253909634, "log10_subsample": -0.42448922709820647, "max_depth": 2.0, "num_boost_round": 2.0}, "datetime": {"datetime": "2024-01-19 00:19:00", "elapsed": 441.548812, "delta": 0.000824}}
{"target": -13.758510897743495, "params": {"gamma": 967.9870220506272, "log10_alpha": -2.42083490926546, "log10_colsample_bytree": -0.018355381887142808, "log10_eta": -3.1363586403552253, "log10_lambda": -3.0739355114554225, "log10_min_child_weight": 2.009893253909634, "log10_subsample": -0.42448922709820647, "max_depth": 2.0, "num_boost_round": 3.0}, "datetime": {"datetime": "2024-01-19 00:19:00", "elapsed": 441.549612, "delta": 0.0008}}
{"target": -13.758504786198014, "params": {"gamma": 967.9870220506272, "log10_alpha": -2.42083490926546, "log10_colsample_bytree": -0.018355381887142808, "log10_eta": -3.1363586403552253, "log10_lambda": -3.0739355114554225, "log10_min_child_weight": 2.009893253909634, "log10_subsample": -0.42448922709820647, "max_depth": 2.0, "num_boost_round": 4.0}, "datetime": {"datetime": "2024-01-19 00:19:00", "elapsed": 441.550399, "delta": 0.000787}}
{"target": -13.758498398621677, "params": {"gamma": 967.9870220506272, "log10_alpha": -2.42083490926546, "log10_colsample_bytree": -0.018355381887142808, "log10_eta": -3.1363586403552253, "log10_lambda": -3.0739355114554225, "log10_min_child_weight": 2.009893253909634, "log10_subsample": -0.42448922709820647, "max_depth": 2.0, "num_boost_round": 5.0}, "datetime": {"datetime": "2024-01-19 00:19:00", "elapsed": 441.551318, "delta": 0.000919}}
{"target": -13.758492349033045, "params": {"gamma": 967.9870220506272, "log10_alpha": -2.42083490926546, "log10_colsample_bytree": -0.018355381887142808, "log10_eta": -3.1363586403552253, "log10_lambda": -3.0739355114554225, "log10_min_child_weight": 2.009893253909634, "log10_subsample": -0.42448922709820647, "max_depth": 2.0, "num_boost_round": 6.0}, "datetime": {"datetime": "2024-01-19 00:19:00", "elapsed": 441.552354, "delta": 0.001036}}
{"target": -13.758485110848657, "params": {"gamma": 967.9870220506272, "log10_alpha": -2.42083490926546, "log10_colsample_bytree": -0.018355381887142808, "log10_eta": -3.1363586403552253, "log10_lambda": -3.0739355114554225, "log10_min_child_weight": 2.009893253909634, "log10_subsample": -0.42448922709820647, "max_depth": 2.0, "num_boost_round": 7.0}, "datetime": {"datetime": "2024-01-19 00:19:00", "elapsed": 441.553176, "delta": 0.000822}}
{"target": -13.758477653453568, "params": {"gamma": 967.9870220506272, "log10_alpha": -2.42083490926546, "log10_colsample_bytree": -0.018355381887142808, "log10_eta": -3.1363586403552253, "log10_lambda": -3.0739355114554225, "log10_min_child_weight": 2.009893253909634, "log10_subsample": -0.42448922709820647, "max_depth": 2.0, "num_boost_round": 8.0}, "datetime": {"datetime": "2024-01-19 00:19:00", "elapsed": 441.553982, "delta": 0.000806}}
{"target": -13.758471570090592, "params": {"gamma": 967.9870220506272, "log10_alpha": -2.42083490926546, "log10_colsample_bytree": -0.018355381887142808, "log10_eta": -3.1363586403552253, "log10_lambda": -3.0739355114554225, "log10_min_child_weight": 2.009893253909634, "log10_subsample": -0.42448922709820647, "max_depth": 2.0, "num_boost_round": 9.0}, "datetime": {"datetime": "2024-01-19 00:19:00", "elapsed": 441.554781, "delta": 0.000799}}
{"target": -13.75846478260129, "params": {"gamma": 967.9870220506272, "log10_alpha": -2.42083490926546, "log10_colsample_bytree": -0.018355381887142808, "log10_eta": -3.1363586403552253, "log10_lambda": -3.0739355114554225, "log10_min_child_weight": 2.009893253909634, "log10_subsample": -0.42448922709820647, "max_depth": 2.0, "num_boost_round": 10.0}, "datetime": {"datetime": "2024-01-19 00:19:00", "elapsed": 441.555622, "delta": 0.000841}}
{"target": -13.758457752472625, "params": {"gamma": 967.9870220506272, "log10_alpha": -2.42083490926546, "log10_colsample_bytree": -0.018355381887142808, "log10_eta": -3.1363586403552253, "log10_lambda": -3.0739355114554225, "log10_min_child_weight": 2.009893253909634, "log10_subsample": -0.42448922709820647, "max_depth": 2.0, "num_boost_round": 11.0}, "datetime": {"datetime": "2024-01-19 00:19:00", "elapsed": 441.556437, "delta": 0.000815}}
{"target": -13.75845211491545, "params": {"gamma": 967.9870220506272, "log10_alpha": -2.42083490926546, "log10_colsample_bytree": -0.018355381887142808, "log10_eta": -3.1363586403552253, "log10_lambda": -3.0739355114554225, "log10_min_child_weight": 2.009893253909634, "log10_subsample": -0.42448922709820647, "max_depth": 2.0, "num_boost_round": 12.0}, "datetime": {"datetime": "2024-01-19 00:19:00", "elapsed": 441.557389, "delta": 0.000952}}
{"target": -13.758445720015708, "params": {"gamma": 967.9870220506272, "log10_alpha": -2.42083490926546, "log10_colsample_bytree": -0.018355381887142808, "log10_eta": -3.1363586403552253, "log10_lambda": -3.0739355114554225, "log10_min_child_weight": 2.009893253909634, "log10_subsample": -0.42448922709820647, "max_depth": 2.0, "num_boost_round": 13.0}, "datetime": {"datetime": "2024-01-19 00:19:00", "elapsed": 441.558387, "delta": 0.000998}}
{"target": -13.758438736305994, "params": {"gamma": 967.9870220506272, "log10_alpha": -2.42083490926546, "log10_colsample_bytree": -0.018355381887142808, "log10_eta": -3.1363586403552253, "log10_lambda": -3.0739355114554225, "log10_min_child_weight": 2.009893253909634, "log10_subsample": -0.42448922709820647, "max_depth": 2.0, "num_boost_round": 14.0}, "datetime": {"datetime": "2024-01-19 00:19:00", "elapsed": 441.559202, "delta": 0.000815}}
{"target": -13.758432111564918, "params": {"gamma": 967.9870220506272, "log10_alpha": -2.42083490926546, "log10_colsample_bytree": -0.018355381887142808, "log10_eta": -3.1363586403552253, "log10_lambda": -3.0739355114554225, "log10_min_child_weight": 2.009893253909634, "log10_subsample": -0.42448922709820647, "max_depth": 2.0, "num_boost_round": 15.0}, "datetime": {"datetime": "2024-01-19 00:19:00", "elapsed": 441.560014, "delta": 0.000812}}
