{"target": -17.677020541370368, "params": {"gamma": 882.02824379817, "log10_alpha": 0.8535325197213037, "log10_colsample_bytree": -0.4237585885137021, "log10_eta": -3.3769478555629515, "log10_lambda": 0.8722426606718212, "log10_min_child_weight": 1.9267717384767924, "log10_subsample": -0.4025455108975112, "max_depth": 5.0, "num_boost_round": 10.0}, "datetime": {"datetime": "2024-01-19 02:35:11", "elapsed": 8592.271497, "delta": 0.006792}}
{"target": -17.67700202287043, "params": {"gamma": 882.02824379817, "log10_alpha": 0.8535325197213037, "log10_colsample_bytree": -0.4237585885137021, "log10_eta": -3.3769478555629515, "log10_lambda": 0.8722426606718212, "log10_min_child_weight": 1.9267717384767924, "log10_subsample": -0.4025455108975112, "max_depth": 5.0, "num_boost_round": 11.0}, "datetime": {"datetime": "2024-01-19 02:35:11", "elapsed": 8592.278363, "delta": 0.006866}}
{"target": -17.67698952244418, "params": {"gamma": 882.02824379817, "log10_alpha": 0.8535325197213037, "log10_colsample_bytree": -0.4237585885137021, "log10_eta": -3.3769478555629515, "log10_lambda": 0.8722426606718212, "log10_min_child_weight": 1.9267717384767924, "log10_subsample": -0.4025455108975112, "max_depth": 5.0, "num_boost_round": 12.0}, "datetime": {"datetime": "2024-01-19 02:35:11", "elapsed": 8592.28522, "delta": 0.006857}}
{"target": -17.67698455351844, "params": {"gamma": 882.02824379817, "log10_alpha": 0.8535325197213037, "log10_colsample_bytree": -0.4237585885137021, "log10_eta": -3.3769478555629515, "log10_lambda": 0.8722426606718212, "log10_min_child_weight": 1.9267717384767924, "log10_subsample": -0.4025455108975112, "max_depth": 5.0, "num_boost_round": 13.0}, "datetime": {"datetime": "2024-01-19 02:35:11", "elapsed": 8592.291995, "delta": 0.006775}}
{"target": -17.676990956796597, "params": {"gamma": 882.02824379817, "log10_alpha": 0.8535325197213037, "log10_colsample_bytree": -0.4237585885137021, "log10_eta": -3.3769478555629515, "log10_lambda": 0.8722426606718212, "log10_min_child_weight": 1.9267717384767924, "log10_subsample": -0.4025455108975112, "max_depth": 5.0, "num_boost_round": 14.0}, "datetime": {"datetime": "2024-01-19 02:35:11", "elapsed": 8592.298874, "delta": 0.006879}}
{"target": -17.676978305491044, "params": {"gamma": 882.02824379817, "log10_alpha": 0.8535325197213037, "log10_colsample_bytree": -0.4237585885137021, "log10_eta": -3.3769478555629515, "log10_lambda": 0.8722426606718212, "log10_min_child_weight": 1.9267717384767924, "log10_subsample": -0.4025455108975112, "max_depth": 5.0, "num_boost_round": 15.0}, "datetime": {"datetime": "2024-01-19 02:35:11", "elapsed": 8592.306579, "delta": 0.007705}}
{"target": -17.676964210432228, "params": {"gamma": 882.02824379817, "log10_alpha": 0.8535325197213037, "log10_colsample_bytree": -0.4237585885137021, "log10_eta": -3.3769478555629515, "log10_lambda": 0.8722426606718212, "log10_min_child_weight": 1.9267717384767924, "log10_subsample": -0.4025455108975112, "max_depth": 5.0, "num_boost_round": 16.0}, "datetime": {"datetime": "2024-01-19 02:35:11", "elapsed": 8592.313777, "delta": 0.007198}}
{"target": -17.67696138965601, "params": {"gamma": 882.02824379817, "log10_alpha": 0.8535325197213037, "log10_colsample_bytree": -0.4237585885137021, "log10_eta": -3.3769478555629515, "log10_lambda": 0.8722426606718212, "log10_min_child_weight": 1.9267717384767924, "log10_subsample": -0.4025455108975112, "max_depth": 5.0, "num_boost_round": 17.0}, "datetime": {"datetime": "2024-01-19 02:35:11", "elapsed": 8592.458247, "delta": 0.14447}}
{"target": -17.67695061776853, "params": {"gamma": 882.02824379817, "log10_alpha": 0.8535325197213037, "log10_colsample_bytree": -0.4237585885137021, "log10_eta": -3.3769478555629515, "log10_lambda": 0.8722426606718212, "log10_min_child_weight": 1.9267717384767924, "log10_subsample": -0.4025455108975112, "max_depth": 5.0, "num_boost_round": 18.0}, "datetime": {"datetime": "2024-01-19 02:35:11", "elapsed": 8592.466417, "delta": 0.00817}}
{"target": -17.676948192887906, "params": {"gamma": 882.02824379817, "log10_alpha": 0.8535325197213037, "log10_colsample_bytree": -0.4237585885137021, "log10_eta": -3.3769478555629515, "log10_lambda": 0.8722426606718212, "log10_min_child_weight": 1.9267717384767924, "log10_subsample": -0.4025455108975112, "max_depth": 5.0, "num_boost_round": 19.0}, "datetime": {"datetime": "2024-01-19 02:35:11", "elapsed": 8592.473379, "delta": 0.006962}}
{"target": -17.676923223832397, "params": {"gamma": 882.02824379817, "log10_alpha": 0.8535325197213037, "log10_colsample_bytree": -0.4237585885137021, "log10_eta": -3.3769478555629515, "log10_lambda": 0.8722426606718212, "log10_min_child_weight": 1.9267717384767924, "log10_subsample": -0.4025455108975112, "max_depth": 5.0, "num_boost_round": 20.0}, "datetime": {"datetime": "2024-01-19 02:35:11", "elapsed": 8592.480472, "delta": 0.007093}}
{"target": -17.676898204025186, "params": {"gamma": 882.02824379817, "log10_alpha": 0.8535325197213037, "log10_colsample_bytree": -0.4237585885137021, "log10_eta": -3.3769478555629515, "log10_lambda": 0.8722426606718212, "log10_min_child_weight": 1.9267717384767924, "log10_subsample": -0.4025455108975112, "max_depth": 5.0, "num_boost_round": 21.0}, "datetime": {"datetime": "2024-01-19 02:35:11", "elapsed": 8592.48761, "delta": 0.007138}}
{"target": -17.676863685645742, "params": {"gamma": 882.02824379817, "log10_alpha": 0.8535325197213037, "log10_colsample_bytree": -0.4237585885137021, "log10_eta": -3.3769478555629515, "log10_lambda": 0.8722426606718212, "log10_min_child_weight": 1.9267717384767924, "log10_subsample": -0.4025455108975112, "max_depth": 5.0, "num_boost_round": 22.0}, "datetime": {"datetime": "2024-01-19 02:35:11", "elapsed": 8592.494722, "delta": 0.007112}}
{"target": -17.676842098056827, "params": {"gamma": 882.02824379817, "log10_alpha": 0.8535325197213037, "log10_colsample_bytree": -0.4237585885137021, "log10_eta": -3.3769478555629515, "log10_lambda": 0.8722426606718212, "log10_min_child_weight": 1.9267717384767924, "log10_subsample": -0.4025455108975112, "max_depth": 5.0, "num_boost_round": 23.0}, "datetime": {"datetime": "2024-01-19 02:35:11", "elapsed": 8592.501873, "delta": 0.007151}}
{"target": -17.677189304897887, "params": {"gamma": 838.4232363315115, "log10_alpha": -2.6474704392802857, "log10_colsample_bytree": -0.7640440645176642, "log10_eta": -2.8713349143862614, "log10_lambda": -2.2306304835111237, "log10_min_child_weight": 2.3466682736575133, "log10_subsample": 0.0, "max_depth": 2.0, "num_boost_round": 0.0}, "datetime": {"datetime": "2024-01-19 02:36:45", "elapsed": 8685.671769, "delta": 93.169896}}
{"target": -17.677180075710535, "params": {"gamma": 838.4232363315115, "log10_alpha": -2.6474704392802857, "log10_colsample_bytree": -0.7640440645176642, "log10_eta": -2.8713349143862614, "log10_lambda": -2.2306304835111237, "log10_min_child_weight": 2.3466682736575133, "log10_subsample": 0.0, "max_depth": 2.0, "num_boost_round": 1.0}, "datetime": {"datetime": "2024-01-19 02:36:45", "elapsed": 8685.679447, "delta": 0.007678}}
{"target": -17.677155967084097, "params": {"gamma": 838.4232363315115, "log10_alpha": -2.6474704392802857, "log10_colsample_bytree": -0.7640440645176642, "log10_eta": -2.8713349143862614, "log10_lambda": -2.2306304835111237, "log10_min_child_weight": 2.3466682736575133, "log10_subsample": 0.0, "max_depth": 2.0, "num_boost_round": 2.0}, "datetime": {"datetime": "2024-01-19 02:36:45", "elapsed": 8685.687037, "delta": 0.00759}}
{"target": -17.677159921536123, "params": {"gamma": 838.4232363315115, "log10_alpha": -2.6474704392802857, "log10_colsample_bytree": -0.7640440645176642, "log10_eta": -2.8713349143862614, "log10_lambda": -2.2306304835111237, "log10_min_child_weight": 2.3466682736575133, "log10_subsample": 0.0, "max_depth": 2.0, "num_boost_round": 3.0}, "datetime": {"datetime": "2024-01-19 02:36:45", "elapsed": 8685.693789, "delta": 0.006752}}
{"target": -17.677137725259048, "params": {"gamma": 838.4232363315115, "log10_alpha": -2.6474704392802857, "log10_colsample_bytree": -0.7640440645176642, "log10_eta": -2.8713349143862614, "log10_lambda": -2.2306304835111237, "log10_min_child_weight": 2.3466682736575133, "log10_subsample": 0.0, "max_depth": 2.0, "num_boost_round": 4.0}, "datetime": {"datetime": "2024-01-19 02:36:45", "elapsed": 8685.700408, "delta": 0.006619}}
{"target": -17.677122235006554, "params": {"gamma": 838.4232363315115, "log10_alpha": -2.6474704392802857, "log10_colsample_bytree": -0.7640440645176642, "log10_eta": -2.8713349143862614, "log10_lambda": -2.2306304835111237, "log10_min_child_weight": 2.3466682736575133, "log10_subsample": 0.0, "max_depth": 2.0, "num_boost_round": 5.0}, "datetime": {"datetime": "2024-01-19 02:36:45", "elapsed": 8685.706894, "delta": 0.006486}}
{"target": -17.677100630248148, "params": {"gamma": 838.4232363315115, "log10_alpha": -2.6474704392802857, "log10_colsample_bytree": -0.7640440645176642, "log10_eta": -2.8713349143862614, "log10_lambda": -2.2306304835111237, "log10_min_child_weight": 2.3466682736575133, "log10_subsample": 0.0, "max_depth": 2.0, "num_boost_round": 6.0}, "datetime": {"datetime": "2024-01-19 02:36:45", "elapsed": 8685.713507, "delta": 0.006613}}
{"target": -17.677054025858965, "params": {"gamma": 838.4232363315115, "log10_alpha": -2.6474704392802857, "log10_colsample_bytree": -0.7640440645176642, "log10_eta": -2.8713349143862614, "log10_lambda": -2.2306304835111237, "log10_min_child_weight": 2.3466682736575133, "log10_subsample": 0.0, "max_depth": 2.0, "num_boost_round": 7.0}, "datetime": {"datetime": "2024-01-19 02:36:45", "elapsed": 8685.720372, "delta": 0.006865}}
{"target": -17.677065604944957, "params": {"gamma": 838.4232363315115, "log10_alpha": -2.6474704392802857, "log10_colsample_bytree": -0.7640440645176642, "log10_eta": -2.8713349143862614, "log10_lambda": -2.2306304835111237, "log10_min_child_weight": 2.3466682736575133, "log10_subsample": 0.0, "max_depth": 2.0, "num_boost_round": 8.0}, "datetime": {"datetime": "2024-01-19 02:36:45", "elapsed": 8685.728064, "delta": 0.007692}}
{"target": -17.67704457230921, "params": {"gamma": 838.4232363315115, "log10_alpha": -2.6474704392802857, "log10_colsample_bytree": -0.7640440645176642, "log10_eta": -2.8713349143862614, "log10_lambda": -2.2306304835111237, "log10_min_child_weight": 2.3466682736575133, "log10_subsample": 0.0, "max_depth": 2.0, "num_boost_round": 9.0}, "datetime": {"datetime": "2024-01-19 02:36:45", "elapsed": 8685.734721, "delta": 0.006657}}
{"target": -17.67503574459318, "params": {"gamma": 841.8521049384366, "log10_alpha": -0.8157757807337598, "log10_colsample_bytree": -0.8162384042809282, "log10_eta": -1.1683058666742179, "log10_lambda": -3.170719264548101, "log10_min_child_weight": 2.1569859830675635, "log10_subsample": -0.7809766788324544, "max_depth": 3.0, "num_boost_round": 0.0}, "datetime": {"datetime": "2024-01-19 02:37:55", "elapsed": 8755.938793, "delta": 70.204072}}
{"target": -17.672723821249637, "params": {"gamma": 841.8521049384366, "log10_alpha": -0.8157757807337598, "log10_colsample_bytree": -0.8162384042809282, "log10_eta": -1.1683058666742179, "log10_lambda": -3.170719264548101, "log10_min_child_weight": 2.1569859830675635, "log10_subsample": -0.7809766788324544, "max_depth": 3.0, "num_boost_round": 1.0}, "datetime": {"datetime": "2024-01-19 02:37:55", "elapsed": 8755.946757, "delta": 0.007964}}
{"target": -17.672487938572615, "params": {"gamma": 841.8521049384366, "log10_alpha": -0.8157757807337598, "log10_colsample_bytree": -0.8162384042809282, "log10_eta": -1.1683058666742179, "log10_lambda": -3.170719264548101, "log10_min_child_weight": 2.1569859830675635, "log10_subsample": -0.7809766788324544, "max_depth": 3.0, "num_boost_round": 2.0}, "datetime": {"datetime": "2024-01-19 02:37:55", "elapsed": 8755.953407, "delta": 0.00665}}
{"target": -17.67263224494789, "params": {"gamma": 841.8521049384366, "log10_alpha": -0.8157757807337598, "log10_colsample_bytree": -0.8162384042809282, "log10_eta": -1.1683058666742179, "log10_lambda": -3.170719264548101, "log10_min_child_weight": 2.1569859830675635, "log10_subsample": -0.7809766788324544, "max_depth": 3.0, "num_boost_round": 3.0}, "datetime": {"datetime": "2024-01-19 02:37:55", "elapsed": 8755.960079, "delta": 0.006672}}
{"target": -17.672428285240343, "params": {"gamma": 841.8521049384366, "log10_alpha": -0.8157757807337598, "log10_colsample_bytree": -0.8162384042809282, "log10_eta": -1.1683058666742179, "log10_lambda": -3.170719264548101, "log10_min_child_weight": 2.1569859830675635, "log10_subsample": -0.7809766788324544, "max_depth": 3.0, "num_boost_round": 4.0}, "datetime": {"datetime": "2024-01-19 02:37:55", "elapsed": 8755.966582, "delta": 0.006503}}
{"target": -17.672112426666388, "params": {"gamma": 841.8521049384366, "log10_alpha": -0.8157757807337598, "log10_colsample_bytree": -0.8162384042809282, "log10_eta": -1.1683058666742179, "log10_lambda": -3.170719264548101, "log10_min_child_weight": 2.1569859830675635, "log10_subsample": -0.7809766788324544, "max_depth": 3.0, "num_boost_round": 5.0}, "datetime": {"datetime": "2024-01-19 02:37:55", "elapsed": 8755.973426, "delta": 0.006844}}
{"target": -17.672702643331217, "params": {"gamma": 841.8521049384366, "log10_alpha": -0.8157757807337598, "log10_colsample_bytree": -0.8162384042809282, "log10_eta": -1.1683058666742179, "log10_lambda": -3.170719264548101, "log10_min_child_weight": 2.1569859830675635, "log10_subsample": -0.7809766788324544, "max_depth": 3.0, "num_boost_round": 6.0}, "datetime": {"datetime": "2024-01-19 02:37:55", "elapsed": 8755.979815, "delta": 0.006389}}
{"target": -17.67230365131576, "params": {"gamma": 841.8521049384366, "log10_alpha": -0.8157757807337598, "log10_colsample_bytree": -0.8162384042809282, "log10_eta": -1.1683058666742179, "log10_lambda": -3.170719264548101, "log10_min_child_weight": 2.1569859830675635, "log10_subsample": -0.7809766788324544, "max_depth": 3.0, "num_boost_round": 7.0}, "datetime": {"datetime": "2024-01-19 02:37:55", "elapsed": 8755.986092, "delta": 0.006277}}
{"target": -17.673556356011215, "params": {"gamma": 841.8521049384366, "log10_alpha": -0.8157757807337598, "log10_colsample_bytree": -0.8162384042809282, "log10_eta": -1.1683058666742179, "log10_lambda": -3.170719264548101, "log10_min_child_weight": 2.1569859830675635, "log10_subsample": -0.7809766788324544, "max_depth": 3.0, "num_boost_round": 8.0}, "datetime": {"datetime": "2024-01-19 02:37:55", "elapsed": 8755.992628, "delta": 0.006536}}
{"target": -17.672119641752243, "params": {"gamma": 841.8521049384366, "log10_alpha": -0.8157757807337598, "log10_colsample_bytree": -0.8162384042809282, "log10_eta": -1.1683058666742179, "log10_lambda": -3.170719264548101, "log10_min_child_weight": 2.1569859830675635, "log10_subsample": -0.7809766788324544, "max_depth": 3.0, "num_boost_round": 9.0}, "datetime": {"datetime": "2024-01-19 02:37:55", "elapsed": 8755.999107, "delta": 0.006479}}
{"target": -17.671261357158034, "params": {"gamma": 841.8521049384366, "log10_alpha": -0.8157757807337598, "log10_colsample_bytree": -0.8162384042809282, "log10_eta": -1.1683058666742179, "log10_lambda": -3.170719264548101, "log10_min_child_weight": 2.1569859830675635, "log10_subsample": -0.7809766788324544, "max_depth": 3.0, "num_boost_round": 10.0}, "datetime": {"datetime": "2024-01-19 02:37:55", "elapsed": 8756.005471, "delta": 0.006364}}
{"target": -17.67158110777552, "params": {"gamma": 841.8521049384366, "log10_alpha": -0.8157757807337598, "log10_colsample_bytree": -0.8162384042809282, "log10_eta": -1.1683058666742179, "log10_lambda": -3.170719264548101, "log10_min_child_weight": 2.1569859830675635, "log10_subsample": -0.7809766788324544, "max_depth": 3.0, "num_boost_round": 11.0}, "datetime": {"datetime": "2024-01-19 02:37:55", "elapsed": 8756.011897, "delta": 0.006426}}
{"target": -17.67164362829902, "params": {"gamma": 841.8521049384366, "log10_alpha": -0.8157757807337598, "log10_colsample_bytree": -0.8162384042809282, "log10_eta": -1.1683058666742179, "log10_lambda": -3.170719264548101, "log10_min_child_weight": 2.1569859830675635, "log10_subsample": -0.7809766788324544, "max_depth": 3.0, "num_boost_round": 12.0}, "datetime": {"datetime": "2024-01-19 02:37:55", "elapsed": 8756.018382, "delta": 0.006485}}
{"target": -17.67164603348426, "params": {"gamma": 841.8521049384366, "log10_alpha": -0.8157757807337598, "log10_colsample_bytree": -0.8162384042809282, "log10_eta": -1.1683058666742179, "log10_lambda": -3.170719264548101, "log10_min_child_weight": 2.1569859830675635, "log10_subsample": -0.7809766788324544, "max_depth": 3.0, "num_boost_round": 13.0}, "datetime": {"datetime": "2024-01-19 02:37:55", "elapsed": 8756.024917, "delta": 0.006535}}
{"target": -17.67121568827421, "params": {"gamma": 841.8521049384366, "log10_alpha": -0.8157757807337598, "log10_colsample_bytree": -0.8162384042809282, "log10_eta": -1.1683058666742179, "log10_lambda": -3.170719264548101, "log10_min_child_weight": 2.1569859830675635, "log10_subsample": -0.7809766788324544, "max_depth": 3.0, "num_boost_round": 14.0}, "datetime": {"datetime": "2024-01-19 02:37:55", "elapsed": 8756.031602, "delta": 0.006685}}
{"target": -17.671451115211852, "params": {"gamma": 841.8521049384366, "log10_alpha": -0.8157757807337598, "log10_colsample_bytree": -0.8162384042809282, "log10_eta": -1.1683058666742179, "log10_lambda": -3.170719264548101, "log10_min_child_weight": 2.1569859830675635, "log10_subsample": -0.7809766788324544, "max_depth": 3.0, "num_boost_round": 15.0}, "datetime": {"datetime": "2024-01-19 02:37:55", "elapsed": 8756.038131, "delta": 0.006529}}
{"target": -17.716301294812528, "params": {"gamma": 836.5098782648663, "log10_alpha": 0.008368967392976323, "log10_colsample_bytree": -0.252104479723106, "log10_eta": -0.3946697029924775, "log10_lambda": -4.40378038578685, "log10_min_child_weight": 2.188028311107721, "log10_subsample": -0.3255232164046721, "max_depth": 7.0, "num_boost_round": 0.0}, "datetime": {"datetime": "2024-01-19 02:39:52", "elapsed": 8873.153159, "delta": 117.115028}}
{"target": -17.749339423330156, "params": {"gamma": 836.5098782648663, "log10_alpha": 0.008368967392976323, "log10_colsample_bytree": -0.252104479723106, "log10_eta": -0.3946697029924775, "log10_lambda": -4.40378038578685, "log10_min_child_weight": 2.188028311107721, "log10_subsample": -0.3255232164046721, "max_depth": 7.0, "num_boost_round": 1.0}, "datetime": {"datetime": "2024-01-19 02:39:52", "elapsed": 8873.161017, "delta": 0.007858}}
{"target": -17.847737350553295, "params": {"gamma": 836.5098782648663, "log10_alpha": 0.008368967392976323, "log10_colsample_bytree": -0.252104479723106, "log10_eta": -0.3946697029924775, "log10_lambda": -4.40378038578685, "log10_min_child_weight": 2.188028311107721, "log10_subsample": -0.3255232164046721, "max_depth": 7.0, "num_boost_round": 2.0}, "datetime": {"datetime": "2024-01-19 02:39:52", "elapsed": 8873.167743, "delta": 0.006726}}
{"target": -17.905465795041575, "params": {"gamma": 836.5098782648663, "log10_alpha": 0.008368967392976323, "log10_colsample_bytree": -0.252104479723106, "log10_eta": -0.3946697029924775, "log10_lambda": -4.40378038578685, "log10_min_child_weight": 2.188028311107721, "log10_subsample": -0.3255232164046721, "max_depth": 7.0, "num_boost_round": 3.0}, "datetime": {"datetime": "2024-01-19 02:39:52", "elapsed": 8873.17463, "delta": 0.006887}}
{"target": -17.961113062563957, "params": {"gamma": 836.5098782648663, "log10_alpha": 0.008368967392976323, "log10_colsample_bytree": -0.252104479723106, "log10_eta": -0.3946697029924775, "log10_lambda": -4.40378038578685, "log10_min_child_weight": 2.188028311107721, "log10_subsample": -0.3255232164046721, "max_depth": 7.0, "num_boost_round": 4.0}, "datetime": {"datetime": "2024-01-19 02:39:52", "elapsed": 8873.181414, "delta": 0.006784}}
{"target": -18.055032345040747, "params": {"gamma": 836.5098782648663, "log10_alpha": 0.008368967392976323, "log10_colsample_bytree": -0.252104479723106, "log10_eta": -0.3946697029924775, "log10_lambda": -4.40378038578685, "log10_min_child_weight": 2.188028311107721, "log10_subsample": -0.3255232164046721, "max_depth": 7.0, "num_boost_round": 5.0}, "datetime": {"datetime": "2024-01-19 02:39:52", "elapsed": 8873.188195, "delta": 0.006781}}
{"target": -18.10046798792079, "params": {"gamma": 836.5098782648663, "log10_alpha": 0.008368967392976323, "log10_colsample_bytree": -0.252104479723106, "log10_eta": -0.3946697029924775, "log10_lambda": -4.40378038578685, "log10_min_child_weight": 2.188028311107721, "log10_subsample": -0.3255232164046721, "max_depth": 7.0, "num_boost_round": 6.0}, "datetime": {"datetime": "2024-01-19 02:39:52", "elapsed": 8873.194887, "delta": 0.006692}}
{"target": -18.142817571725363, "params": {"gamma": 836.5098782648663, "log10_alpha": 0.008368967392976323, "log10_colsample_bytree": -0.252104479723106, "log10_eta": -0.3946697029924775, "log10_lambda": -4.40378038578685, "log10_min_child_weight": 2.188028311107721, "log10_subsample": -0.3255232164046721, "max_depth": 7.0, "num_boost_round": 7.0}, "datetime": {"datetime": "2024-01-19 02:39:52", "elapsed": 8873.201499, "delta": 0.006612}}
{"target": -18.15834908973846, "params": {"gamma": 836.5098782648663, "log10_alpha": 0.008368967392976323, "log10_colsample_bytree": -0.252104479723106, "log10_eta": -0.3946697029924775, "log10_lambda": -4.40378038578685, "log10_min_child_weight": 2.188028311107721, "log10_subsample": -0.3255232164046721, "max_depth": 7.0, "num_boost_round": 8.0}, "datetime": {"datetime": "2024-01-19 02:39:52", "elapsed": 8873.208105, "delta": 0.006606}}
