{"target": -17.68367557767155, "params": {"gamma": 835.6468892451758, "log10_alpha": -4.160185546043062, "log10_colsample_bytree": -0.5899709113226665, "log10_eta": -1.4430995839202865, "log10_lambda": -3.3172242648545236, "log10_min_child_weight": 2.697635368634131, "log10_subsample": -0.7404880801474046, "max_depth": 6.0, "num_boost_round": 24.0}, "datetime": {"datetime": "2024-01-19 01:13:25", "elapsed": 3689.677965, "delta": 0.004568}}
{"target": -17.685599403865957, "params": {"gamma": 835.6468892451758, "log10_alpha": -4.160185546043062, "log10_colsample_bytree": -0.5899709113226665, "log10_eta": -1.4430995839202865, "log10_lambda": -3.3172242648545236, "log10_min_child_weight": 2.697635368634131, "log10_subsample": -0.7404880801474046, "max_depth": 6.0, "num_boost_round": 25.0}, "datetime": {"datetime": "2024-01-19 01:13:25", "elapsed": 3689.6829, "delta": 0.004935}}
{"target": -17.68786425842148, "params": {"gamma": 835.6468892451758, "log10_alpha": -4.160185546043062, "log10_colsample_bytree": -0.5899709113226665, "log10_eta": -1.4430995839202865, "log10_lambda": -3.3172242648545236, "log10_min_child_weight": 2.697635368634131, "log10_subsample": -0.7404880801474046, "max_depth": 6.0, "num_boost_round": 26.0}, "datetime": {"datetime": "2024-01-19 01:13:25", "elapsed": 3689.687554, "delta": 0.004654}}
{"target": -17.688940228252243, "params": {"gamma": 835.6468892451758, "log10_alpha": -4.160185546043062, "log10_colsample_bytree": -0.5899709113226665, "log10_eta": -1.4430995839202865, "log10_lambda": -3.3172242648545236, "log10_min_child_weight": 2.697635368634131, "log10_subsample": -0.7404880801474046, "max_depth": 6.0, "num_boost_round": 27.0}, "datetime": {"datetime": "2024-01-19 01:13:25", "elapsed": 3689.692448, "delta": 0.004894}}
{"target": -17.689889892604754, "params": {"gamma": 835.6468892451758, "log10_alpha": -4.160185546043062, "log10_colsample_bytree": -0.5899709113226665, "log10_eta": -1.4430995839202865, "log10_lambda": -3.3172242648545236, "log10_min_child_weight": 2.697635368634131, "log10_subsample": -0.7404880801474046, "max_depth": 6.0, "num_boost_round": 28.0}, "datetime": {"datetime": "2024-01-19 01:13:25", "elapsed": 3689.697788, "delta": 0.00534}}
{"target": -17.690468482938048, "params": {"gamma": 835.6468892451758, "log10_alpha": -4.160185546043062, "log10_colsample_bytree": -0.5899709113226665, "log10_eta": -1.4430995839202865, "log10_lambda": -3.3172242648545236, "log10_min_child_weight": 2.697635368634131, "log10_subsample": -0.7404880801474046, "max_depth": 6.0, "num_boost_round": 29.0}, "datetime": {"datetime": "2024-01-19 01:13:25", "elapsed": 3689.703487, "delta": 0.005699}}
{"target": -17.689471308243583, "params": {"gamma": 835.6468892451758, "log10_alpha": -4.160185546043062, "log10_colsample_bytree": -0.5899709113226665, "log10_eta": -1.4430995839202865, "log10_lambda": -3.3172242648545236, "log10_min_child_weight": 2.697635368634131, "log10_subsample": -0.7404880801474046, "max_depth": 6.0, "num_boost_round": 30.0}, "datetime": {"datetime": "2024-01-19 01:13:25", "elapsed": 3689.708328, "delta": 0.004841}}
{"target": -17.691343923334916, "params": {"gamma": 835.6468892451758, "log10_alpha": -4.160185546043062, "log10_colsample_bytree": -0.5899709113226665, "log10_eta": -1.4430995839202865, "log10_lambda": -3.3172242648545236, "log10_min_child_weight": 2.697635368634131, "log10_subsample": -0.7404880801474046, "max_depth": 6.0, "num_boost_round": 31.0}, "datetime": {"datetime": "2024-01-19 01:13:25", "elapsed": 3689.713118, "delta": 0.00479}}
{"target": -17.692512951964964, "params": {"gamma": 835.6468892451758, "log10_alpha": -4.160185546043062, "log10_colsample_bytree": -0.5899709113226665, "log10_eta": -1.4430995839202865, "log10_lambda": -3.3172242648545236, "log10_min_child_weight": 2.697635368634131, "log10_subsample": -0.7404880801474046, "max_depth": 6.0, "num_boost_round": 32.0}, "datetime": {"datetime": "2024-01-19 01:13:25", "elapsed": 3689.717793, "delta": 0.004675}}
{"target": -17.69344962944639, "params": {"gamma": 835.6468892451758, "log10_alpha": -4.160185546043062, "log10_colsample_bytree": -0.5899709113226665, "log10_eta": -1.4430995839202865, "log10_lambda": -3.3172242648545236, "log10_min_child_weight": 2.697635368634131, "log10_subsample": -0.7404880801474046, "max_depth": 6.0, "num_boost_round": 33.0}, "datetime": {"datetime": "2024-01-19 01:13:25", "elapsed": 3689.722535, "delta": 0.004742}}
{"target": -17.696250259473956, "params": {"gamma": 835.6468892451758, "log10_alpha": -4.160185546043062, "log10_colsample_bytree": -0.5899709113226665, "log10_eta": -1.4430995839202865, "log10_lambda": -3.3172242648545236, "log10_min_child_weight": 2.697635368634131, "log10_subsample": -0.7404880801474046, "max_depth": 6.0, "num_boost_round": 34.0}, "datetime": {"datetime": "2024-01-19 01:13:25", "elapsed": 3689.727148, "delta": 0.004613}}
{"target": -17.69751209584893, "params": {"gamma": 835.6468892451758, "log10_alpha": -4.160185546043062, "log10_colsample_bytree": -0.5899709113226665, "log10_eta": -1.4430995839202865, "log10_lambda": -3.3172242648545236, "log10_min_child_weight": 2.697635368634131, "log10_subsample": -0.7404880801474046, "max_depth": 6.0, "num_boost_round": 35.0}, "datetime": {"datetime": "2024-01-19 01:13:25", "elapsed": 3689.731903, "delta": 0.004755}}
{"target": -17.699622211797692, "params": {"gamma": 835.6468892451758, "log10_alpha": -4.160185546043062, "log10_colsample_bytree": -0.5899709113226665, "log10_eta": -1.4430995839202865, "log10_lambda": -3.3172242648545236, "log10_min_child_weight": 2.697635368634131, "log10_subsample": -0.7404880801474046, "max_depth": 6.0, "num_boost_round": 36.0}, "datetime": {"datetime": "2024-01-19 01:13:25", "elapsed": 3689.73655, "delta": 0.004647}}
{"target": -17.70114138344287, "params": {"gamma": 835.6468892451758, "log10_alpha": -4.160185546043062, "log10_colsample_bytree": -0.5899709113226665, "log10_eta": -1.4430995839202865, "log10_lambda": -3.3172242648545236, "log10_min_child_weight": 2.697635368634131, "log10_subsample": -0.7404880801474046, "max_depth": 6.0, "num_boost_round": 37.0}, "datetime": {"datetime": "2024-01-19 01:13:25", "elapsed": 3689.741292, "delta": 0.004742}}
{"target": -17.701317146542927, "params": {"gamma": 835.6468892451758, "log10_alpha": -4.160185546043062, "log10_colsample_bytree": -0.5899709113226665, "log10_eta": -1.4430995839202865, "log10_lambda": -3.3172242648545236, "log10_min_child_weight": 2.697635368634131, "log10_subsample": -0.7404880801474046, "max_depth": 6.0, "num_boost_round": 38.0}, "datetime": {"datetime": "2024-01-19 01:13:25", "elapsed": 3689.746041, "delta": 0.004749}}
{"target": -17.704362061737243, "params": {"gamma": 835.6468892451758, "log10_alpha": -4.160185546043062, "log10_colsample_bytree": -0.5899709113226665, "log10_eta": -1.4430995839202865, "log10_lambda": -3.3172242648545236, "log10_min_child_weight": 2.697635368634131, "log10_subsample": -0.7404880801474046, "max_depth": 6.0, "num_boost_round": 39.0}, "datetime": {"datetime": "2024-01-19 01:13:25", "elapsed": 3689.751012, "delta": 0.004971}}
{"target": -17.705613373811712, "params": {"gamma": 835.6468892451758, "log10_alpha": -4.160185546043062, "log10_colsample_bytree": -0.5899709113226665, "log10_eta": -1.4430995839202865, "log10_lambda": -3.3172242648545236, "log10_min_child_weight": 2.697635368634131, "log10_subsample": -0.7404880801474046, "max_depth": 6.0, "num_boost_round": 40.0}, "datetime": {"datetime": "2024-01-19 01:13:25", "elapsed": 3689.755799, "delta": 0.004787}}
{"target": -17.705301450724875, "params": {"gamma": 835.6468892451758, "log10_alpha": -4.160185546043062, "log10_colsample_bytree": -0.5899709113226665, "log10_eta": -1.4430995839202865, "log10_lambda": -3.3172242648545236, "log10_min_child_weight": 2.697635368634131, "log10_subsample": -0.7404880801474046, "max_depth": 6.0, "num_boost_round": 41.0}, "datetime": {"datetime": "2024-01-19 01:13:25", "elapsed": 3689.760663, "delta": 0.004864}}
{"target": -17.706113115596477, "params": {"gamma": 835.6468892451758, "log10_alpha": -4.160185546043062, "log10_colsample_bytree": -0.5899709113226665, "log10_eta": -1.4430995839202865, "log10_lambda": -3.3172242648545236, "log10_min_child_weight": 2.697635368634131, "log10_subsample": -0.7404880801474046, "max_depth": 6.0, "num_boost_round": 42.0}, "datetime": {"datetime": "2024-01-19 01:13:25", "elapsed": 3689.765543, "delta": 0.00488}}
{"target": -17.70634691962324, "params": {"gamma": 835.6468892451758, "log10_alpha": -4.160185546043062, "log10_colsample_bytree": -0.5899709113226665, "log10_eta": -1.4430995839202865, "log10_lambda": -3.3172242648545236, "log10_min_child_weight": 2.697635368634131, "log10_subsample": -0.7404880801474046, "max_depth": 6.0, "num_boost_round": 43.0}, "datetime": {"datetime": "2024-01-19 01:13:25", "elapsed": 3689.770239, "delta": 0.004696}}
{"target": -17.70759711288184, "params": {"gamma": 835.6468892451758, "log10_alpha": -4.160185546043062, "log10_colsample_bytree": -0.5899709113226665, "log10_eta": -1.4430995839202865, "log10_lambda": -3.3172242648545236, "log10_min_child_weight": 2.697635368634131, "log10_subsample": -0.7404880801474046, "max_depth": 6.0, "num_boost_round": 44.0}, "datetime": {"datetime": "2024-01-19 01:13:25", "elapsed": 3689.77494, "delta": 0.004701}}
{"target": -17.707886523732913, "params": {"gamma": 835.6468892451758, "log10_alpha": -4.160185546043062, "log10_colsample_bytree": -0.5899709113226665, "log10_eta": -1.4430995839202865, "log10_lambda": -3.3172242648545236, "log10_min_child_weight": 2.697635368634131, "log10_subsample": -0.7404880801474046, "max_depth": 6.0, "num_boost_round": 45.0}, "datetime": {"datetime": "2024-01-19 01:13:25", "elapsed": 3689.779914, "delta": 0.004974}}
{"target": -17.70926864922894, "params": {"gamma": 835.6468892451758, "log10_alpha": -4.160185546043062, "log10_colsample_bytree": -0.5899709113226665, "log10_eta": -1.4430995839202865, "log10_lambda": -3.3172242648545236, "log10_min_child_weight": 2.697635368634131, "log10_subsample": -0.7404880801474046, "max_depth": 6.0, "num_boost_round": 46.0}, "datetime": {"datetime": "2024-01-19 01:13:25", "elapsed": 3689.785513, "delta": 0.005599}}
{"target": -17.709490323789236, "params": {"gamma": 835.6468892451758, "log10_alpha": -4.160185546043062, "log10_colsample_bytree": -0.5899709113226665, "log10_eta": -1.4430995839202865, "log10_lambda": -3.3172242648545236, "log10_min_child_weight": 2.697635368634131, "log10_subsample": -0.7404880801474046, "max_depth": 6.0, "num_boost_round": 47.0}, "datetime": {"datetime": "2024-01-19 01:13:25", "elapsed": 3689.790239, "delta": 0.004726}}
{"target": -17.710613854917888, "params": {"gamma": 835.6468892451758, "log10_alpha": -4.160185546043062, "log10_colsample_bytree": -0.5899709113226665, "log10_eta": -1.4430995839202865, "log10_lambda": -3.3172242648545236, "log10_min_child_weight": 2.697635368634131, "log10_subsample": -0.7404880801474046, "max_depth": 6.0, "num_boost_round": 48.0}, "datetime": {"datetime": "2024-01-19 01:13:25", "elapsed": 3689.794818, "delta": 0.004579}}
{"target": -17.712043339891114, "params": {"gamma": 835.6468892451758, "log10_alpha": -4.160185546043062, "log10_colsample_bytree": -0.5899709113226665, "log10_eta": -1.4430995839202865, "log10_lambda": -3.3172242648545236, "log10_min_child_weight": 2.697635368634131, "log10_subsample": -0.7404880801474046, "max_depth": 6.0, "num_boost_round": 49.0}, "datetime": {"datetime": "2024-01-19 01:13:25", "elapsed": 3689.799851, "delta": 0.005033}}
{"target": -17.71374666281264, "params": {"gamma": 835.6468892451758, "log10_alpha": -4.160185546043062, "log10_colsample_bytree": -0.5899709113226665, "log10_eta": -1.4430995839202865, "log10_lambda": -3.3172242648545236, "log10_min_child_weight": 2.697635368634131, "log10_subsample": -0.7404880801474046, "max_depth": 6.0, "num_boost_round": 50.0}, "datetime": {"datetime": "2024-01-19 01:13:25", "elapsed": 3689.804585, "delta": 0.004734}}
{"target": -17.71578747966275, "params": {"gamma": 835.6468892451758, "log10_alpha": -4.160185546043062, "log10_colsample_bytree": -0.5899709113226665, "log10_eta": -1.4430995839202865, "log10_lambda": -3.3172242648545236, "log10_min_child_weight": 2.697635368634131, "log10_subsample": -0.7404880801474046, "max_depth": 6.0, "num_boost_round": 51.0}, "datetime": {"datetime": "2024-01-19 01:13:25", "elapsed": 3689.809235, "delta": 0.00465}}
{"target": -17.717888079366865, "params": {"gamma": 835.6468892451758, "log10_alpha": -4.160185546043062, "log10_colsample_bytree": -0.5899709113226665, "log10_eta": -1.4430995839202865, "log10_lambda": -3.3172242648545236, "log10_min_child_weight": 2.697635368634131, "log10_subsample": -0.7404880801474046, "max_depth": 6.0, "num_boost_round": 52.0}, "datetime": {"datetime": "2024-01-19 01:13:25", "elapsed": 3689.81405, "delta": 0.004815}}
{"target": -17.72205292969508, "params": {"gamma": 835.6468892451758, "log10_alpha": -4.160185546043062, "log10_colsample_bytree": -0.5899709113226665, "log10_eta": -1.4430995839202865, "log10_lambda": -3.3172242648545236, "log10_min_child_weight": 2.697635368634131, "log10_subsample": -0.7404880801474046, "max_depth": 6.0, "num_boost_round": 53.0}, "datetime": {"datetime": "2024-01-19 01:13:25", "elapsed": 3689.818955, "delta": 0.004905}}
{"target": -17.72198823435474, "params": {"gamma": 835.6468892451758, "log10_alpha": -4.160185546043062, "log10_colsample_bytree": -0.5899709113226665, "log10_eta": -1.4430995839202865, "log10_lambda": -3.3172242648545236, "log10_min_child_weight": 2.697635368634131, "log10_subsample": -0.7404880801474046, "max_depth": 6.0, "num_boost_round": 54.0}, "datetime": {"datetime": "2024-01-19 01:13:25", "elapsed": 3689.823556, "delta": 0.004601}}
{"target": -17.72334729490943, "params": {"gamma": 835.6468892451758, "log10_alpha": -4.160185546043062, "log10_colsample_bytree": -0.5899709113226665, "log10_eta": -1.4430995839202865, "log10_lambda": -3.3172242648545236, "log10_min_child_weight": 2.697635368634131, "log10_subsample": -0.7404880801474046, "max_depth": 6.0, "num_boost_round": 55.0}, "datetime": {"datetime": "2024-01-19 01:13:25", "elapsed": 3689.828198, "delta": 0.004642}}
{"target": -17.72393695538182, "params": {"gamma": 835.6468892451758, "log10_alpha": -4.160185546043062, "log10_colsample_bytree": -0.5899709113226665, "log10_eta": -1.4430995839202865, "log10_lambda": -3.3172242648545236, "log10_min_child_weight": 2.697635368634131, "log10_subsample": -0.7404880801474046, "max_depth": 6.0, "num_boost_round": 56.0}, "datetime": {"datetime": "2024-01-19 01:13:25", "elapsed": 3689.832788, "delta": 0.00459}}
{"target": -17.725653117146702, "params": {"gamma": 835.6468892451758, "log10_alpha": -4.160185546043062, "log10_colsample_bytree": -0.5899709113226665, "log10_eta": -1.4430995839202865, "log10_lambda": -3.3172242648545236, "log10_min_child_weight": 2.697635368634131, "log10_subsample": -0.7404880801474046, "max_depth": 6.0, "num_boost_round": 57.0}, "datetime": {"datetime": "2024-01-19 01:13:25", "elapsed": 3689.837638, "delta": 0.00485}}
{"target": -17.72588871795519, "params": {"gamma": 835.6468892451758, "log10_alpha": -4.160185546043062, "log10_colsample_bytree": -0.5899709113226665, "log10_eta": -1.4430995839202865, "log10_lambda": -3.3172242648545236, "log10_min_child_weight": 2.697635368634131, "log10_subsample": -0.7404880801474046, "max_depth": 6.0, "num_boost_round": 58.0}, "datetime": {"datetime": "2024-01-19 01:13:25", "elapsed": 3689.842263, "delta": 0.004625}}
{"target": -17.725085708255094, "params": {"gamma": 835.6468892451758, "log10_alpha": -4.160185546043062, "log10_colsample_bytree": -0.5899709113226665, "log10_eta": -1.4430995839202865, "log10_lambda": -3.3172242648545236, "log10_min_child_weight": 2.697635368634131, "log10_subsample": -0.7404880801474046, "max_depth": 6.0, "num_boost_round": 59.0}, "datetime": {"datetime": "2024-01-19 01:13:25", "elapsed": 3689.846815, "delta": 0.004552}}
{"target": -17.72835920990391, "params": {"gamma": 835.6468892451758, "log10_alpha": -4.160185546043062, "log10_colsample_bytree": -0.5899709113226665, "log10_eta": -1.4430995839202865, "log10_lambda": -3.3172242648545236, "log10_min_child_weight": 2.697635368634131, "log10_subsample": -0.7404880801474046, "max_depth": 6.0, "num_boost_round": 60.0}, "datetime": {"datetime": "2024-01-19 01:13:25", "elapsed": 3689.851451, "delta": 0.004636}}
{"target": -17.72913784933066, "params": {"gamma": 835.6468892451758, "log10_alpha": -4.160185546043062, "log10_colsample_bytree": -0.5899709113226665, "log10_eta": -1.4430995839202865, "log10_lambda": -3.3172242648545236, "log10_min_child_weight": 2.697635368634131, "log10_subsample": -0.7404880801474046, "max_depth": 6.0, "num_boost_round": 61.0}, "datetime": {"datetime": "2024-01-19 01:13:25", "elapsed": 3689.856357, "delta": 0.004906}}
{"target": -17.730749077463653, "params": {"gamma": 835.6468892451758, "log10_alpha": -4.160185546043062, "log10_colsample_bytree": -0.5899709113226665, "log10_eta": -1.4430995839202865, "log10_lambda": -3.3172242648545236, "log10_min_child_weight": 2.697635368634131, "log10_subsample": -0.7404880801474046, "max_depth": 6.0, "num_boost_round": 62.0}, "datetime": {"datetime": "2024-01-19 01:13:25", "elapsed": 3689.861071, "delta": 0.004714}}
{"target": -17.731416748143598, "params": {"gamma": 835.6468892451758, "log10_alpha": -4.160185546043062, "log10_colsample_bytree": -0.5899709113226665, "log10_eta": -1.4430995839202865, "log10_lambda": -3.3172242648545236, "log10_min_child_weight": 2.697635368634131, "log10_subsample": -0.7404880801474046, "max_depth": 6.0, "num_boost_round": 63.0}, "datetime": {"datetime": "2024-01-19 01:13:25", "elapsed": 3689.866723, "delta": 0.005652}}
{"target": -17.733153630286914, "params": {"gamma": 835.6468892451758, "log10_alpha": -4.160185546043062, "log10_colsample_bytree": -0.5899709113226665, "log10_eta": -1.4430995839202865, "log10_lambda": -3.3172242648545236, "log10_min_child_weight": 2.697635368634131, "log10_subsample": -0.7404880801474046, "max_depth": 6.0, "num_boost_round": 64.0}, "datetime": {"datetime": "2024-01-19 01:13:25", "elapsed": 3689.871694, "delta": 0.004971}}
{"target": -17.735357479053036, "params": {"gamma": 835.6468892451758, "log10_alpha": -4.160185546043062, "log10_colsample_bytree": -0.5899709113226665, "log10_eta": -1.4430995839202865, "log10_lambda": -3.3172242648545236, "log10_min_child_weight": 2.697635368634131, "log10_subsample": -0.7404880801474046, "max_depth": 6.0, "num_boost_round": 65.0}, "datetime": {"datetime": "2024-01-19 01:13:25", "elapsed": 3689.876927, "delta": 0.005233}}
{"target": -17.737805646018646, "params": {"gamma": 835.6468892451758, "log10_alpha": -4.160185546043062, "log10_colsample_bytree": -0.5899709113226665, "log10_eta": -1.4430995839202865, "log10_lambda": -3.3172242648545236, "log10_min_child_weight": 2.697635368634131, "log10_subsample": -0.7404880801474046, "max_depth": 6.0, "num_boost_round": 66.0}, "datetime": {"datetime": "2024-01-19 01:13:25", "elapsed": 3689.881667, "delta": 0.00474}}
{"target": -17.74053989362905, "params": {"gamma": 835.6468892451758, "log10_alpha": -4.160185546043062, "log10_colsample_bytree": -0.5899709113226665, "log10_eta": -1.4430995839202865, "log10_lambda": -3.3172242648545236, "log10_min_child_weight": 2.697635368634131, "log10_subsample": -0.7404880801474046, "max_depth": 6.0, "num_boost_round": 67.0}, "datetime": {"datetime": "2024-01-19 01:13:25", "elapsed": 3689.886255, "delta": 0.004588}}
{"target": -17.742463307455836, "params": {"gamma": 835.6468892451758, "log10_alpha": -4.160185546043062, "log10_colsample_bytree": -0.5899709113226665, "log10_eta": -1.4430995839202865, "log10_lambda": -3.3172242648545236, "log10_min_child_weight": 2.697635368634131, "log10_subsample": -0.7404880801474046, "max_depth": 6.0, "num_boost_round": 68.0}, "datetime": {"datetime": "2024-01-19 01:13:25", "elapsed": 3689.99845, "delta": 0.112195}}
{"target": -17.74332008870769, "params": {"gamma": 835.6468892451758, "log10_alpha": -4.160185546043062, "log10_colsample_bytree": -0.5899709113226665, "log10_eta": -1.4430995839202865, "log10_lambda": -3.3172242648545236, "log10_min_child_weight": 2.697635368634131, "log10_subsample": -0.7404880801474046, "max_depth": 6.0, "num_boost_round": 69.0}, "datetime": {"datetime": "2024-01-19 01:13:25", "elapsed": 3690.004037, "delta": 0.005587}}
{"target": -17.744269330905357, "params": {"gamma": 835.6468892451758, "log10_alpha": -4.160185546043062, "log10_colsample_bytree": -0.5899709113226665, "log10_eta": -1.4430995839202865, "log10_lambda": -3.3172242648545236, "log10_min_child_weight": 2.697635368634131, "log10_subsample": -0.7404880801474046, "max_depth": 6.0, "num_boost_round": 70.0}, "datetime": {"datetime": "2024-01-19 01:13:25", "elapsed": 3690.009355, "delta": 0.005318}}
{"target": -17.743635489006273, "params": {"gamma": 835.6468892451758, "log10_alpha": -4.160185546043062, "log10_colsample_bytree": -0.5899709113226665, "log10_eta": -1.4430995839202865, "log10_lambda": -3.3172242648545236, "log10_min_child_weight": 2.697635368634131, "log10_subsample": -0.7404880801474046, "max_depth": 6.0, "num_boost_round": 71.0}, "datetime": {"datetime": "2024-01-19 01:13:25", "elapsed": 3690.01451, "delta": 0.005155}}
{"target": -17.7450128484127, "params": {"gamma": 835.6468892451758, "log10_alpha": -4.160185546043062, "log10_colsample_bytree": -0.5899709113226665, "log10_eta": -1.4430995839202865, "log10_lambda": -3.3172242648545236, "log10_min_child_weight": 2.697635368634131, "log10_subsample": -0.7404880801474046, "max_depth": 6.0, "num_boost_round": 72.0}, "datetime": {"datetime": "2024-01-19 01:13:25", "elapsed": 3690.019697, "delta": 0.005187}}
