{"target": -13.778199723459421, "params": {"gamma": 588.833951684547, "log10_alpha": -3.5945953251316745, "log10_colsample_bytree": -0.9010276085860934, "log10_eta": -1.0863216816025814, "log10_lambda": -2.204323283398275, "log10_min_child_weight": 0.5050579171274627, "log10_subsample": -0.3840710626547088, "max_depth": 3.0, "num_boost_round": 32.0}, "datetime": {"datetime": "2024-01-19 01:02:27", "elapsed": 3079.089052, "delta": 0.00357}}
{"target": -13.780847058061834, "params": {"gamma": 588.833951684547, "log10_alpha": -3.5945953251316745, "log10_colsample_bytree": -0.9010276085860934, "log10_eta": -1.0863216816025814, "log10_lambda": -2.204323283398275, "log10_min_child_weight": 0.5050579171274627, "log10_subsample": -0.3840710626547088, "max_depth": 3.0, "num_boost_round": 33.0}, "datetime": {"datetime": "2024-01-19 01:02:27", "elapsed": 3079.092396, "delta": 0.003344}}
{"target": -13.780834844979543, "params": {"gamma": 588.833951684547, "log10_alpha": -3.5945953251316745, "log10_colsample_bytree": -0.9010276085860934, "log10_eta": -1.0863216816025814, "log10_lambda": -2.204323283398275, "log10_min_child_weight": 0.5050579171274627, "log10_subsample": -0.3840710626547088, "max_depth": 3.0, "num_boost_round": 34.0}, "datetime": {"datetime": "2024-01-19 01:02:27", "elapsed": 3079.09585, "delta": 0.003454}}
{"target": -13.781838791492564, "params": {"gamma": 588.833951684547, "log10_alpha": -3.5945953251316745, "log10_colsample_bytree": -0.9010276085860934, "log10_eta": -1.0863216816025814, "log10_lambda": -2.204323283398275, "log10_min_child_weight": 0.5050579171274627, "log10_subsample": -0.3840710626547088, "max_depth": 3.0, "num_boost_round": 35.0}, "datetime": {"datetime": "2024-01-19 01:02:27", "elapsed": 3079.099165, "delta": 0.003315}}
{"target": -13.781721683559697, "params": {"gamma": 588.833951684547, "log10_alpha": -3.5945953251316745, "log10_colsample_bytree": -0.9010276085860934, "log10_eta": -1.0863216816025814, "log10_lambda": -2.204323283398275, "log10_min_child_weight": 0.5050579171274627, "log10_subsample": -0.3840710626547088, "max_depth": 3.0, "num_boost_round": 36.0}, "datetime": {"datetime": "2024-01-19 01:02:27", "elapsed": 3079.102474, "delta": 0.003309}}
{"target": -13.782676441326917, "params": {"gamma": 588.833951684547, "log10_alpha": -3.5945953251316745, "log10_colsample_bytree": -0.9010276085860934, "log10_eta": -1.0863216816025814, "log10_lambda": -2.204323283398275, "log10_min_child_weight": 0.5050579171274627, "log10_subsample": -0.3840710626547088, "max_depth": 3.0, "num_boost_round": 37.0}, "datetime": {"datetime": "2024-01-19 01:02:27", "elapsed": 3079.105777, "delta": 0.003303}}
{"target": -13.782576212710037, "params": {"gamma": 588.833951684547, "log10_alpha": -3.5945953251316745, "log10_colsample_bytree": -0.9010276085860934, "log10_eta": -1.0863216816025814, "log10_lambda": -2.204323283398275, "log10_min_child_weight": 0.5050579171274627, "log10_subsample": -0.3840710626547088, "max_depth": 3.0, "num_boost_round": 38.0}, "datetime": {"datetime": "2024-01-19 01:02:27", "elapsed": 3079.109088, "delta": 0.003311}}
{"target": -13.763652316776765, "params": {"gamma": 595.818297867706, "log10_alpha": -2.721563244528125, "log10_colsample_bytree": -0.5828258072596318, "log10_eta": -0.7837612449364308, "log10_lambda": 0.8921615112364432, "log10_min_child_weight": 0.8692709010294702, "log10_subsample": -0.1862661249544575, "max_depth": 6.0, "num_boost_round": 0.0}, "datetime": {"datetime": "2024-01-19 01:03:05", "elapsed": 3116.874995, "delta": 37.765907}}
{"target": -13.763103329725734, "params": {"gamma": 595.818297867706, "log10_alpha": -2.721563244528125, "log10_colsample_bytree": -0.5828258072596318, "log10_eta": -0.7837612449364308, "log10_lambda": 0.8921615112364432, "log10_min_child_weight": 0.8692709010294702, "log10_subsample": -0.1862661249544575, "max_depth": 6.0, "num_boost_round": 1.0}, "datetime": {"datetime": "2024-01-19 01:03:05", "elapsed": 3116.879601, "delta": 0.004606}}
{"target": -13.76843760967317, "params": {"gamma": 595.818297867706, "log10_alpha": -2.721563244528125, "log10_colsample_bytree": -0.5828258072596318, "log10_eta": -0.7837612449364308, "log10_lambda": 0.8921615112364432, "log10_min_child_weight": 0.8692709010294702, "log10_subsample": -0.1862661249544575, "max_depth": 6.0, "num_boost_round": 2.0}, "datetime": {"datetime": "2024-01-19 01:03:05", "elapsed": 3116.88315, "delta": 0.003549}}
{"target": -13.772943690734351, "params": {"gamma": 595.818297867706, "log10_alpha": -2.721563244528125, "log10_colsample_bytree": -0.5828258072596318, "log10_eta": -0.7837612449364308, "log10_lambda": 0.8921615112364432, "log10_min_child_weight": 0.8692709010294702, "log10_subsample": -0.1862661249544575, "max_depth": 6.0, "num_boost_round": 3.0}, "datetime": {"datetime": "2024-01-19 01:03:05", "elapsed": 3116.886622, "delta": 0.003472}}
{"target": -13.775975859079836, "params": {"gamma": 595.818297867706, "log10_alpha": -2.721563244528125, "log10_colsample_bytree": -0.5828258072596318, "log10_eta": -0.7837612449364308, "log10_lambda": 0.8921615112364432, "log10_min_child_weight": 0.8692709010294702, "log10_subsample": -0.1862661249544575, "max_depth": 6.0, "num_boost_round": 4.0}, "datetime": {"datetime": "2024-01-19 01:03:05", "elapsed": 3116.889955, "delta": 0.003333}}
{"target": -13.779043919638333, "params": {"gamma": 595.818297867706, "log10_alpha": -2.721563244528125, "log10_colsample_bytree": -0.5828258072596318, "log10_eta": -0.7837612449364308, "log10_lambda": 0.8921615112364432, "log10_min_child_weight": 0.8692709010294702, "log10_subsample": -0.1862661249544575, "max_depth": 6.0, "num_boost_round": 5.0}, "datetime": {"datetime": "2024-01-19 01:03:05", "elapsed": 3116.893282, "delta": 0.003327}}
{"target": -13.786317168217483, "params": {"gamma": 595.818297867706, "log10_alpha": -2.721563244528125, "log10_colsample_bytree": -0.5828258072596318, "log10_eta": -0.7837612449364308, "log10_lambda": 0.8921615112364432, "log10_min_child_weight": 0.8692709010294702, "log10_subsample": -0.1862661249544575, "max_depth": 6.0, "num_boost_round": 6.0}, "datetime": {"datetime": "2024-01-19 01:03:05", "elapsed": 3116.896701, "delta": 0.003419}}
{"target": -13.792359431027066, "params": {"gamma": 595.818297867706, "log10_alpha": -2.721563244528125, "log10_colsample_bytree": -0.5828258072596318, "log10_eta": -0.7837612449364308, "log10_lambda": 0.8921615112364432, "log10_min_child_weight": 0.8692709010294702, "log10_subsample": -0.1862661249544575, "max_depth": 6.0, "num_boost_round": 7.0}, "datetime": {"datetime": "2024-01-19 01:03:05", "elapsed": 3116.900061, "delta": 0.00336}}
{"target": -13.797838344561193, "params": {"gamma": 595.818297867706, "log10_alpha": -2.721563244528125, "log10_colsample_bytree": -0.5828258072596318, "log10_eta": -0.7837612449364308, "log10_lambda": 0.8921615112364432, "log10_min_child_weight": 0.8692709010294702, "log10_subsample": -0.1862661249544575, "max_depth": 6.0, "num_boost_round": 8.0}, "datetime": {"datetime": "2024-01-19 01:03:05", "elapsed": 3116.903615, "delta": 0.003554}}
{"target": -13.804917208503182, "params": {"gamma": 595.818297867706, "log10_alpha": -2.721563244528125, "log10_colsample_bytree": -0.5828258072596318, "log10_eta": -0.7837612449364308, "log10_lambda": 0.8921615112364432, "log10_min_child_weight": 0.8692709010294702, "log10_subsample": -0.1862661249544575, "max_depth": 6.0, "num_boost_round": 9.0}, "datetime": {"datetime": "2024-01-19 01:03:05", "elapsed": 3116.907038, "delta": 0.003423}}
{"target": -13.80924285887393, "params": {"gamma": 595.818297867706, "log10_alpha": -2.721563244528125, "log10_colsample_bytree": -0.5828258072596318, "log10_eta": -0.7837612449364308, "log10_lambda": 0.8921615112364432, "log10_min_child_weight": 0.8692709010294702, "log10_subsample": -0.1862661249544575, "max_depth": 6.0, "num_boost_round": 10.0}, "datetime": {"datetime": "2024-01-19 01:03:05", "elapsed": 3116.910369, "delta": 0.003331}}
{"target": -13.813636147003548, "params": {"gamma": 595.818297867706, "log10_alpha": -2.721563244528125, "log10_colsample_bytree": -0.5828258072596318, "log10_eta": -0.7837612449364308, "log10_lambda": 0.8921615112364432, "log10_min_child_weight": 0.8692709010294702, "log10_subsample": -0.1862661249544575, "max_depth": 6.0, "num_boost_round": 11.0}, "datetime": {"datetime": "2024-01-19 01:03:05", "elapsed": 3116.913924, "delta": 0.003555}}
{"target": -13.81823914476989, "params": {"gamma": 595.818297867706, "log10_alpha": -2.721563244528125, "log10_colsample_bytree": -0.5828258072596318, "log10_eta": -0.7837612449364308, "log10_lambda": 0.8921615112364432, "log10_min_child_weight": 0.8692709010294702, "log10_subsample": -0.1862661249544575, "max_depth": 6.0, "num_boost_round": 12.0}, "datetime": {"datetime": "2024-01-19 01:03:05", "elapsed": 3116.917296, "delta": 0.003372}}
{"target": -13.82398886354175, "params": {"gamma": 595.818297867706, "log10_alpha": -2.721563244528125, "log10_colsample_bytree": -0.5828258072596318, "log10_eta": -0.7837612449364308, "log10_lambda": 0.8921615112364432, "log10_min_child_weight": 0.8692709010294702, "log10_subsample": -0.1862661249544575, "max_depth": 6.0, "num_boost_round": 13.0}, "datetime": {"datetime": "2024-01-19 01:03:05", "elapsed": 3116.92063, "delta": 0.003334}}
{"target": -13.83000431301517, "params": {"gamma": 595.818297867706, "log10_alpha": -2.721563244528125, "log10_colsample_bytree": -0.5828258072596318, "log10_eta": -0.7837612449364308, "log10_lambda": 0.8921615112364432, "log10_min_child_weight": 0.8692709010294702, "log10_subsample": -0.1862661249544575, "max_depth": 6.0, "num_boost_round": 14.0}, "datetime": {"datetime": "2024-01-19 01:03:05", "elapsed": 3116.923997, "delta": 0.003367}}
{"target": -13.758536671766542, "params": {"gamma": 594.7205638305023, "log10_alpha": -1.477830901567752, "log10_colsample_bytree": -0.40052851715727766, "log10_eta": -3.3569042756032847, "log10_lambda": -0.08522556920222613, "log10_min_child_weight": 4.220348422217991, "log10_subsample": -0.29965900669448475, "max_depth": 8.0, "num_boost_round": 0.0}, "datetime": {"datetime": "2024-01-19 01:03:42", "elapsed": 3154.305824, "delta": 37.381827}}
{"target": -13.758537299910829, "params": {"gamma": 594.7205638305023, "log10_alpha": -1.477830901567752, "log10_colsample_bytree": -0.40052851715727766, "log10_eta": -3.3569042756032847, "log10_lambda": -0.08522556920222613, "log10_min_child_weight": 4.220348422217991, "log10_subsample": -0.29965900669448475, "max_depth": 8.0, "num_boost_round": 1.0}, "datetime": {"datetime": "2024-01-19 01:03:42", "elapsed": 3154.310216, "delta": 0.004392}}
{"target": -13.758539845108428, "params": {"gamma": 594.7205638305023, "log10_alpha": -1.477830901567752, "log10_colsample_bytree": -0.40052851715727766, "log10_eta": -3.3569042756032847, "log10_lambda": -0.08522556920222613, "log10_min_child_weight": 4.220348422217991, "log10_subsample": -0.29965900669448475, "max_depth": 8.0, "num_boost_round": 2.0}, "datetime": {"datetime": "2024-01-19 01:03:42", "elapsed": 3154.313786, "delta": 0.00357}}
{"target": -13.758538270336723, "params": {"gamma": 594.7205638305023, "log10_alpha": -1.477830901567752, "log10_colsample_bytree": -0.40052851715727766, "log10_eta": -3.3569042756032847, "log10_lambda": -0.08522556920222613, "log10_min_child_weight": 4.220348422217991, "log10_subsample": -0.29965900669448475, "max_depth": 8.0, "num_boost_round": 3.0}, "datetime": {"datetime": "2024-01-19 01:03:42", "elapsed": 3154.31732, "delta": 0.003534}}
{"target": -13.758542099178896, "params": {"gamma": 594.7205638305023, "log10_alpha": -1.477830901567752, "log10_colsample_bytree": -0.40052851715727766, "log10_eta": -3.3569042756032847, "log10_lambda": -0.08522556920222613, "log10_min_child_weight": 4.220348422217991, "log10_subsample": -0.29965900669448475, "max_depth": 8.0, "num_boost_round": 4.0}, "datetime": {"datetime": "2024-01-19 01:03:42", "elapsed": 3154.320712, "delta": 0.003392}}
{"target": -13.758544291525803, "params": {"gamma": 594.7205638305023, "log10_alpha": -1.477830901567752, "log10_colsample_bytree": -0.40052851715727766, "log10_eta": -3.3569042756032847, "log10_lambda": -0.08522556920222613, "log10_min_child_weight": 4.220348422217991, "log10_subsample": -0.29965900669448475, "max_depth": 8.0, "num_boost_round": 5.0}, "datetime": {"datetime": "2024-01-19 01:03:42", "elapsed": 3154.324141, "delta": 0.003429}}
{"target": -13.758548134607784, "params": {"gamma": 594.7205638305023, "log10_alpha": -1.477830901567752, "log10_colsample_bytree": -0.40052851715727766, "log10_eta": -3.3569042756032847, "log10_lambda": -0.08522556920222613, "log10_min_child_weight": 4.220348422217991, "log10_subsample": -0.29965900669448475, "max_depth": 8.0, "num_boost_round": 6.0}, "datetime": {"datetime": "2024-01-19 01:03:42", "elapsed": 3154.327683, "delta": 0.003542}}
{"target": -13.75854659006195, "params": {"gamma": 594.7205638305023, "log10_alpha": -1.477830901567752, "log10_colsample_bytree": -0.40052851715727766, "log10_eta": -3.3569042756032847, "log10_lambda": -0.08522556920222613, "log10_min_child_weight": 4.220348422217991, "log10_subsample": -0.29965900669448475, "max_depth": 8.0, "num_boost_round": 7.0}, "datetime": {"datetime": "2024-01-19 01:03:42", "elapsed": 3154.331175, "delta": 0.003492}}
{"target": -13.758545204753275, "params": {"gamma": 594.7205638305023, "log10_alpha": -1.477830901567752, "log10_colsample_bytree": -0.40052851715727766, "log10_eta": -3.3569042756032847, "log10_lambda": -0.08522556920222613, "log10_min_child_weight": 4.220348422217991, "log10_subsample": -0.29965900669448475, "max_depth": 8.0, "num_boost_round": 8.0}, "datetime": {"datetime": "2024-01-19 01:03:42", "elapsed": 3154.334586, "delta": 0.003411}}
{"target": -13.758540791727063, "params": {"gamma": 594.7205638305023, "log10_alpha": -1.477830901567752, "log10_colsample_bytree": -0.40052851715727766, "log10_eta": -3.3569042756032847, "log10_lambda": -0.08522556920222613, "log10_min_child_weight": 4.220348422217991, "log10_subsample": -0.29965900669448475, "max_depth": 8.0, "num_boost_round": 9.0}, "datetime": {"datetime": "2024-01-19 01:03:42", "elapsed": 3154.338067, "delta": 0.003481}}
{"target": -13.758539304948684, "params": {"gamma": 594.7205638305023, "log10_alpha": -1.477830901567752, "log10_colsample_bytree": -0.40052851715727766, "log10_eta": -3.3569042756032847, "log10_lambda": -0.08522556920222613, "log10_min_child_weight": 4.220348422217991, "log10_subsample": -0.29965900669448475, "max_depth": 8.0, "num_boost_round": 10.0}, "datetime": {"datetime": "2024-01-19 01:03:42", "elapsed": 3154.341468, "delta": 0.003401}}
{"target": -13.75853555365288, "params": {"gamma": 594.7205638305023, "log10_alpha": -1.477830901567752, "log10_colsample_bytree": -0.40052851715727766, "log10_eta": -3.3569042756032847, "log10_lambda": -0.08522556920222613, "log10_min_child_weight": 4.220348422217991, "log10_subsample": -0.29965900669448475, "max_depth": 8.0, "num_boost_round": 11.0}, "datetime": {"datetime": "2024-01-19 01:03:42", "elapsed": 3154.345609, "delta": 0.004141}}
{"target": -13.75853900412255, "params": {"gamma": 594.7205638305023, "log10_alpha": -1.477830901567752, "log10_colsample_bytree": -0.40052851715727766, "log10_eta": -3.3569042756032847, "log10_lambda": -0.08522556920222613, "log10_min_child_weight": 4.220348422217991, "log10_subsample": -0.29965900669448475, "max_depth": 8.0, "num_boost_round": 12.0}, "datetime": {"datetime": "2024-01-19 01:03:42", "elapsed": 3154.349547, "delta": 0.003938}}
{"target": -13.758540910671305, "params": {"gamma": 594.7205638305023, "log10_alpha": -1.477830901567752, "log10_colsample_bytree": -0.40052851715727766, "log10_eta": -3.3569042756032847, "log10_lambda": -0.08522556920222613, "log10_min_child_weight": 4.220348422217991, "log10_subsample": -0.29965900669448475, "max_depth": 8.0, "num_boost_round": 13.0}, "datetime": {"datetime": "2024-01-19 01:03:42", "elapsed": 3154.35344, "delta": 0.003893}}
{"target": -13.75853577481758, "params": {"gamma": 594.7205638305023, "log10_alpha": -1.477830901567752, "log10_colsample_bytree": -0.40052851715727766, "log10_eta": -3.3569042756032847, "log10_lambda": -0.08522556920222613, "log10_min_child_weight": 4.220348422217991, "log10_subsample": -0.29965900669448475, "max_depth": 8.0, "num_boost_round": 14.0}, "datetime": {"datetime": "2024-01-19 01:03:42", "elapsed": 3154.356907, "delta": 0.003467}}
{"target": -13.75853130100232, "params": {"gamma": 594.7205638305023, "log10_alpha": -1.477830901567752, "log10_colsample_bytree": -0.40052851715727766, "log10_eta": -3.3569042756032847, "log10_lambda": -0.08522556920222613, "log10_min_child_weight": 4.220348422217991, "log10_subsample": -0.29965900669448475, "max_depth": 8.0, "num_boost_round": 15.0}, "datetime": {"datetime": "2024-01-19 01:03:42", "elapsed": 3154.360396, "delta": 0.003489}}
{"target": -13.758535199948241, "params": {"gamma": 594.7205638305023, "log10_alpha": -1.477830901567752, "log10_colsample_bytree": -0.40052851715727766, "log10_eta": -3.3569042756032847, "log10_lambda": -0.08522556920222613, "log10_min_child_weight": 4.220348422217991, "log10_subsample": -0.29965900669448475, "max_depth": 8.0, "num_boost_round": 16.0}, "datetime": {"datetime": "2024-01-19 01:03:42", "elapsed": 3154.363906, "delta": 0.00351}}
{"target": -13.75852816482552, "params": {"gamma": 594.7205638305023, "log10_alpha": -1.477830901567752, "log10_colsample_bytree": -0.40052851715727766, "log10_eta": -3.3569042756032847, "log10_lambda": -0.08522556920222613, "log10_min_child_weight": 4.220348422217991, "log10_subsample": -0.29965900669448475, "max_depth": 8.0, "num_boost_round": 17.0}, "datetime": {"datetime": "2024-01-19 01:03:42", "elapsed": 3154.367583, "delta": 0.003677}}
{"target": -13.758525550506231, "params": {"gamma": 594.7205638305023, "log10_alpha": -1.477830901567752, "log10_colsample_bytree": -0.40052851715727766, "log10_eta": -3.3569042756032847, "log10_lambda": -0.08522556920222613, "log10_min_child_weight": 4.220348422217991, "log10_subsample": -0.29965900669448475, "max_depth": 8.0, "num_boost_round": 18.0}, "datetime": {"datetime": "2024-01-19 01:03:42", "elapsed": 3154.37098, "delta": 0.003397}}
{"target": -13.758518262977391, "params": {"gamma": 594.7205638305023, "log10_alpha": -1.477830901567752, "log10_colsample_bytree": -0.40052851715727766, "log10_eta": -3.3569042756032847, "log10_lambda": -0.08522556920222613, "log10_min_child_weight": 4.220348422217991, "log10_subsample": -0.29965900669448475, "max_depth": 8.0, "num_boost_round": 19.0}, "datetime": {"datetime": "2024-01-19 01:03:42", "elapsed": 3154.374425, "delta": 0.003445}}
{"target": -13.758515420435426, "params": {"gamma": 594.7205638305023, "log10_alpha": -1.477830901567752, "log10_colsample_bytree": -0.40052851715727766, "log10_eta": -3.3569042756032847, "log10_lambda": -0.08522556920222613, "log10_min_child_weight": 4.220348422217991, "log10_subsample": -0.29965900669448475, "max_depth": 8.0, "num_boost_round": 20.0}, "datetime": {"datetime": "2024-01-19 01:03:42", "elapsed": 3154.377812, "delta": 0.003387}}
{"target": -13.758509440713741, "params": {"gamma": 594.7205638305023, "log10_alpha": -1.477830901567752, "log10_colsample_bytree": -0.40052851715727766, "log10_eta": -3.3569042756032847, "log10_lambda": -0.08522556920222613, "log10_min_child_weight": 4.220348422217991, "log10_subsample": -0.29965900669448475, "max_depth": 8.0, "num_boost_round": 21.0}, "datetime": {"datetime": "2024-01-19 01:03:42", "elapsed": 3154.381286, "delta": 0.003474}}
{"target": -13.758512198580847, "params": {"gamma": 594.7205638305023, "log10_alpha": -1.477830901567752, "log10_colsample_bytree": -0.40052851715727766, "log10_eta": -3.3569042756032847, "log10_lambda": -0.08522556920222613, "log10_min_child_weight": 4.220348422217991, "log10_subsample": -0.29965900669448475, "max_depth": 8.0, "num_boost_round": 22.0}, "datetime": {"datetime": "2024-01-19 01:03:42", "elapsed": 3154.384643, "delta": 0.003357}}
{"target": -13.758507832002019, "params": {"gamma": 594.7205638305023, "log10_alpha": -1.477830901567752, "log10_colsample_bytree": -0.40052851715727766, "log10_eta": -3.3569042756032847, "log10_lambda": -0.08522556920222613, "log10_min_child_weight": 4.220348422217991, "log10_subsample": -0.29965900669448475, "max_depth": 8.0, "num_boost_round": 23.0}, "datetime": {"datetime": "2024-01-19 01:03:42", "elapsed": 3154.388144, "delta": 0.003501}}
{"target": -13.758505559520437, "params": {"gamma": 594.7205638305023, "log10_alpha": -1.477830901567752, "log10_colsample_bytree": -0.40052851715727766, "log10_eta": -3.3569042756032847, "log10_lambda": -0.08522556920222613, "log10_min_child_weight": 4.220348422217991, "log10_subsample": -0.29965900669448475, "max_depth": 8.0, "num_boost_round": 24.0}, "datetime": {"datetime": "2024-01-19 01:03:42", "elapsed": 3154.391674, "delta": 0.00353}}
{"target": -13.758512601906821, "params": {"gamma": 594.7205638305023, "log10_alpha": -1.477830901567752, "log10_colsample_bytree": -0.40052851715727766, "log10_eta": -3.3569042756032847, "log10_lambda": -0.08522556920222613, "log10_min_child_weight": 4.220348422217991, "log10_subsample": -0.29965900669448475, "max_depth": 8.0, "num_boost_round": 25.0}, "datetime": {"datetime": "2024-01-19 01:03:42", "elapsed": 3154.395235, "delta": 0.003561}}
{"target": -13.75851186719174, "params": {"gamma": 594.7205638305023, "log10_alpha": -1.477830901567752, "log10_colsample_bytree": -0.40052851715727766, "log10_eta": -3.3569042756032847, "log10_lambda": -0.08522556920222613, "log10_min_child_weight": 4.220348422217991, "log10_subsample": -0.29965900669448475, "max_depth": 8.0, "num_boost_round": 26.0}, "datetime": {"datetime": "2024-01-19 01:03:42", "elapsed": 3154.398652, "delta": 0.003417}}
