{"target": -17.676789659986927, "params": {"gamma": 625.2037486619953, "log10_alpha": -1.0352248933734511, "log10_colsample_bytree": -0.7542914666069548, "log10_eta": -3.379808062753969, "log10_lambda": -1.8020266525195385, "log10_min_child_weight": 0.2274086576958395, "log10_subsample": -0.5860433651583646, "max_depth": 4.0, "num_boost_round": 33.0}, "datetime": {"datetime": "2024-01-19 01:13:30", "elapsed": 3707.532123, "delta": 0.003809}}
{"target": -17.676770163509218, "params": {"gamma": 625.2037486619953, "log10_alpha": -1.0352248933734511, "log10_colsample_bytree": -0.7542914666069548, "log10_eta": -3.379808062753969, "log10_lambda": -1.8020266525195385, "log10_min_child_weight": 0.2274086576958395, "log10_subsample": -0.5860433651583646, "max_depth": 4.0, "num_boost_round": 34.0}, "datetime": {"datetime": "2024-01-19 01:13:30", "elapsed": 3707.535957, "delta": 0.003834}}
{"target": -17.677228304435584, "params": {"gamma": 611.5684435343065, "log10_alpha": 0.9433099074339648, "log10_colsample_bytree": -1.0, "log10_eta": -4.0, "log10_lambda": 1.0, "log10_min_child_weight": 0.0, "log10_subsample": -1.0, "max_depth": 6.0, "num_boost_round": 0.0}, "datetime": {"datetime": "2024-01-19 01:14:31", "elapsed": 3768.617134, "delta": 61.081177}}
{"target": -17.67722779656412, "params": {"gamma": 611.5684435343065, "log10_alpha": 0.9433099074339648, "log10_colsample_bytree": -1.0, "log10_eta": -4.0, "log10_lambda": 1.0, "log10_min_child_weight": 0.0, "log10_subsample": -1.0, "max_depth": 6.0, "num_boost_round": 1.0}, "datetime": {"datetime": "2024-01-19 01:14:31", "elapsed": 3768.621825, "delta": 0.004691}}
{"target": -17.677226602764428, "params": {"gamma": 611.5684435343065, "log10_alpha": 0.9433099074339648, "log10_colsample_bytree": -1.0, "log10_eta": -4.0, "log10_lambda": 1.0, "log10_min_child_weight": 0.0, "log10_subsample": -1.0, "max_depth": 6.0, "num_boost_round": 2.0}, "datetime": {"datetime": "2024-01-19 01:14:31", "elapsed": 3768.625582, "delta": 0.003757}}
{"target": -17.677223769865716, "params": {"gamma": 611.5684435343065, "log10_alpha": 0.9433099074339648, "log10_colsample_bytree": -1.0, "log10_eta": -4.0, "log10_lambda": 1.0, "log10_min_child_weight": 0.0, "log10_subsample": -1.0, "max_depth": 6.0, "num_boost_round": 3.0}, "datetime": {"datetime": "2024-01-19 01:14:31", "elapsed": 3768.629508, "delta": 0.003926}}
{"target": -17.677217866276763, "params": {"gamma": 611.5684435343065, "log10_alpha": 0.9433099074339648, "log10_colsample_bytree": -1.0, "log10_eta": -4.0, "log10_lambda": 1.0, "log10_min_child_weight": 0.0, "log10_subsample": -1.0, "max_depth": 6.0, "num_boost_round": 4.0}, "datetime": {"datetime": "2024-01-19 01:14:31", "elapsed": 3768.633343, "delta": 0.003835}}
{"target": -17.677219300337725, "params": {"gamma": 611.5684435343065, "log10_alpha": 0.9433099074339648, "log10_colsample_bytree": -1.0, "log10_eta": -4.0, "log10_lambda": 1.0, "log10_min_child_weight": 0.0, "log10_subsample": -1.0, "max_depth": 6.0, "num_boost_round": 5.0}, "datetime": {"datetime": "2024-01-19 01:14:31", "elapsed": 3768.637169, "delta": 0.003826}}
{"target": -17.677217255429944, "params": {"gamma": 611.5684435343065, "log10_alpha": 0.9433099074339648, "log10_colsample_bytree": -1.0, "log10_eta": -4.0, "log10_lambda": 1.0, "log10_min_child_weight": 0.0, "log10_subsample": -1.0, "max_depth": 6.0, "num_boost_round": 6.0}, "datetime": {"datetime": "2024-01-19 01:14:31", "elapsed": 3768.640943, "delta": 0.003774}}
{"target": -17.67721424473434, "params": {"gamma": 611.5684435343065, "log10_alpha": 0.9433099074339648, "log10_colsample_bytree": -1.0, "log10_eta": -4.0, "log10_lambda": 1.0, "log10_min_child_weight": 0.0, "log10_subsample": -1.0, "max_depth": 6.0, "num_boost_round": 7.0}, "datetime": {"datetime": "2024-01-19 01:14:31", "elapsed": 3768.644712, "delta": 0.003769}}
{"target": -17.677210103231868, "params": {"gamma": 611.5684435343065, "log10_alpha": 0.9433099074339648, "log10_colsample_bytree": -1.0, "log10_eta": -4.0, "log10_lambda": 1.0, "log10_min_child_weight": 0.0, "log10_subsample": -1.0, "max_depth": 6.0, "num_boost_round": 8.0}, "datetime": {"datetime": "2024-01-19 01:14:31", "elapsed": 3768.648691, "delta": 0.003979}}
{"target": -17.677206618244803, "params": {"gamma": 611.5684435343065, "log10_alpha": 0.9433099074339648, "log10_colsample_bytree": -1.0, "log10_eta": -4.0, "log10_lambda": 1.0, "log10_min_child_weight": 0.0, "log10_subsample": -1.0, "max_depth": 6.0, "num_boost_round": 9.0}, "datetime": {"datetime": "2024-01-19 01:14:31", "elapsed": 3768.652563, "delta": 0.003872}}
{"target": -17.67720363449015, "params": {"gamma": 611.5684435343065, "log10_alpha": 0.9433099074339648, "log10_colsample_bytree": -1.0, "log10_eta": -4.0, "log10_lambda": 1.0, "log10_min_child_weight": 0.0, "log10_subsample": -1.0, "max_depth": 6.0, "num_boost_round": 10.0}, "datetime": {"datetime": "2024-01-19 01:14:31", "elapsed": 3768.656467, "delta": 0.003904}}
{"target": -17.677202917233323, "params": {"gamma": 611.5684435343065, "log10_alpha": 0.9433099074339648, "log10_colsample_bytree": -1.0, "log10_eta": -4.0, "log10_lambda": 1.0, "log10_min_child_weight": 0.0, "log10_subsample": -1.0, "max_depth": 6.0, "num_boost_round": 11.0}, "datetime": {"datetime": "2024-01-19 01:14:31", "elapsed": 3768.660262, "delta": 0.003795}}
{"target": -17.677200049325506, "params": {"gamma": 611.5684435343065, "log10_alpha": 0.9433099074339648, "log10_colsample_bytree": -1.0, "log10_eta": -4.0, "log10_lambda": 1.0, "log10_min_child_weight": 0.0, "log10_subsample": -1.0, "max_depth": 6.0, "num_boost_round": 12.0}, "datetime": {"datetime": "2024-01-19 01:14:31", "elapsed": 3768.664051, "delta": 0.003789}}
{"target": -17.677196702720575, "params": {"gamma": 611.5684435343065, "log10_alpha": 0.9433099074339648, "log10_colsample_bytree": -1.0, "log10_eta": -4.0, "log10_lambda": 1.0, "log10_min_child_weight": 0.0, "log10_subsample": -1.0, "max_depth": 6.0, "num_boost_round": 13.0}, "datetime": {"datetime": "2024-01-19 01:14:31", "elapsed": 3768.667758, "delta": 0.003707}}
{"target": -17.677191375641403, "params": {"gamma": 611.5684435343065, "log10_alpha": 0.9433099074339648, "log10_colsample_bytree": -1.0, "log10_eta": -4.0, "log10_lambda": 1.0, "log10_min_child_weight": 0.0, "log10_subsample": -1.0, "max_depth": 6.0, "num_boost_round": 14.0}, "datetime": {"datetime": "2024-01-19 01:14:31", "elapsed": 3768.671467, "delta": 0.003709}}
{"target": -17.677189066939622, "params": {"gamma": 611.5684435343065, "log10_alpha": 0.9433099074339648, "log10_colsample_bytree": -1.0, "log10_eta": -4.0, "log10_lambda": 1.0, "log10_min_child_weight": 0.0, "log10_subsample": -1.0, "max_depth": 6.0, "num_boost_round": 15.0}, "datetime": {"datetime": "2024-01-19 01:14:31", "elapsed": 3768.675248, "delta": 0.003781}}
{"target": -17.677186866437605, "params": {"gamma": 611.5684435343065, "log10_alpha": 0.9433099074339648, "log10_colsample_bytree": -1.0, "log10_eta": -4.0, "log10_lambda": 1.0, "log10_min_child_weight": 0.0, "log10_subsample": -1.0, "max_depth": 6.0, "num_boost_round": 16.0}, "datetime": {"datetime": "2024-01-19 01:14:31", "elapsed": 3768.678991, "delta": 0.003743}}
{"target": -17.677185224144356, "params": {"gamma": 611.5684435343065, "log10_alpha": 0.9433099074339648, "log10_colsample_bytree": -1.0, "log10_eta": -4.0, "log10_lambda": 1.0, "log10_min_child_weight": 0.0, "log10_subsample": -1.0, "max_depth": 6.0, "num_boost_round": 17.0}, "datetime": {"datetime": "2024-01-19 01:14:31", "elapsed": 3768.682764, "delta": 0.003773}}
{"target": -17.677182586451423, "params": {"gamma": 611.5684435343065, "log10_alpha": 0.9433099074339648, "log10_colsample_bytree": -1.0, "log10_eta": -4.0, "log10_lambda": 1.0, "log10_min_child_weight": 0.0, "log10_subsample": -1.0, "max_depth": 6.0, "num_boost_round": 18.0}, "datetime": {"datetime": "2024-01-19 01:14:31", "elapsed": 3768.686502, "delta": 0.003738}}
{"target": -17.677180413622786, "params": {"gamma": 611.5684435343065, "log10_alpha": 0.9433099074339648, "log10_colsample_bytree": -1.0, "log10_eta": -4.0, "log10_lambda": 1.0, "log10_min_child_weight": 0.0, "log10_subsample": -1.0, "max_depth": 6.0, "num_boost_round": 19.0}, "datetime": {"datetime": "2024-01-19 01:14:31", "elapsed": 3768.690261, "delta": 0.003759}}
{"target": -17.67717972107364, "params": {"gamma": 611.5684435343065, "log10_alpha": 0.9433099074339648, "log10_colsample_bytree": -1.0, "log10_eta": -4.0, "log10_lambda": 1.0, "log10_min_child_weight": 0.0, "log10_subsample": -1.0, "max_depth": 6.0, "num_boost_round": 20.0}, "datetime": {"datetime": "2024-01-19 01:14:31", "elapsed": 3768.694131, "delta": 0.00387}}
{"target": -17.677232735290552, "params": {"gamma": 584.5250223665146, "log10_alpha": 1.0, "log10_colsample_bytree": -1.0, "log10_eta": -4.0, "log10_lambda": 1.0, "log10_min_child_weight": 5.0, "log10_subsample": 0.0, "max_depth": 2.0, "num_boost_round": 0.0}, "datetime": {"datetime": "2024-01-19 01:15:10", "elapsed": 3808.001963, "delta": 39.307832}}
{"target": -17.677232498999437, "params": {"gamma": 584.5250223665146, "log10_alpha": 1.0, "log10_colsample_bytree": -1.0, "log10_eta": -4.0, "log10_lambda": 1.0, "log10_min_child_weight": 5.0, "log10_subsample": 0.0, "max_depth": 2.0, "num_boost_round": 1.0}, "datetime": {"datetime": "2024-01-19 01:15:10", "elapsed": 3808.006926, "delta": 0.004963}}
{"target": -17.677231921863445, "params": {"gamma": 584.5250223665146, "log10_alpha": 1.0, "log10_colsample_bytree": -1.0, "log10_eta": -4.0, "log10_lambda": 1.0, "log10_min_child_weight": 5.0, "log10_subsample": 0.0, "max_depth": 2.0, "num_boost_round": 2.0}, "datetime": {"datetime": "2024-01-19 01:15:10", "elapsed": 3808.010891, "delta": 0.003965}}
{"target": -17.67723202410059, "params": {"gamma": 584.5250223665146, "log10_alpha": 1.0, "log10_colsample_bytree": -1.0, "log10_eta": -4.0, "log10_lambda": 1.0, "log10_min_child_weight": 5.0, "log10_subsample": 0.0, "max_depth": 2.0, "num_boost_round": 3.0}, "datetime": {"datetime": "2024-01-19 01:15:10", "elapsed": 3808.014686, "delta": 0.003795}}
{"target": -17.677231756953894, "params": {"gamma": 584.5250223665146, "log10_alpha": 1.0, "log10_colsample_bytree": -1.0, "log10_eta": -4.0, "log10_lambda": 1.0, "log10_min_child_weight": 5.0, "log10_subsample": 0.0, "max_depth": 2.0, "num_boost_round": 4.0}, "datetime": {"datetime": "2024-01-19 01:15:10", "elapsed": 3808.018504, "delta": 0.003818}}
{"target": -17.677231116001963, "params": {"gamma": 584.5250223665146, "log10_alpha": 1.0, "log10_colsample_bytree": -1.0, "log10_eta": -4.0, "log10_lambda": 1.0, "log10_min_child_weight": 5.0, "log10_subsample": 0.0, "max_depth": 2.0, "num_boost_round": 5.0}, "datetime": {"datetime": "2024-01-19 01:15:10", "elapsed": 3808.022309, "delta": 0.003805}}
{"target": -17.677230875563996, "params": {"gamma": 584.5250223665146, "log10_alpha": 1.0, "log10_colsample_bytree": -1.0, "log10_eta": -4.0, "log10_lambda": 1.0, "log10_min_child_weight": 5.0, "log10_subsample": 0.0, "max_depth": 2.0, "num_boost_round": 6.0}, "datetime": {"datetime": "2024-01-19 01:15:10", "elapsed": 3808.026079, "delta": 0.00377}}
{"target": -17.677229794858032, "params": {"gamma": 584.5250223665146, "log10_alpha": 1.0, "log10_colsample_bytree": -1.0, "log10_eta": -4.0, "log10_lambda": 1.0, "log10_min_child_weight": 5.0, "log10_subsample": 0.0, "max_depth": 2.0, "num_boost_round": 7.0}, "datetime": {"datetime": "2024-01-19 01:15:10", "elapsed": 3808.030076, "delta": 0.003997}}
{"target": -17.677230312121, "params": {"gamma": 584.5250223665146, "log10_alpha": 1.0, "log10_colsample_bytree": -1.0, "log10_eta": -4.0, "log10_lambda": 1.0, "log10_min_child_weight": 5.0, "log10_subsample": 0.0, "max_depth": 2.0, "num_boost_round": 8.0}, "datetime": {"datetime": "2024-01-19 01:15:10", "elapsed": 3808.033972, "delta": 0.003896}}
{"target": -17.67723021968785, "params": {"gamma": 584.5250223665146, "log10_alpha": 1.0, "log10_colsample_bytree": -1.0, "log10_eta": -4.0, "log10_lambda": 1.0, "log10_min_child_weight": 5.0, "log10_subsample": 0.0, "max_depth": 2.0, "num_boost_round": 9.0}, "datetime": {"datetime": "2024-01-19 01:15:10", "elapsed": 3808.037896, "delta": 0.003924}}
{"target": -17.67723101434494, "params": {"gamma": 584.5250223665146, "log10_alpha": 1.0, "log10_colsample_bytree": -1.0, "log10_eta": -4.0, "log10_lambda": 1.0, "log10_min_child_weight": 5.0, "log10_subsample": 0.0, "max_depth": 2.0, "num_boost_round": 10.0}, "datetime": {"datetime": "2024-01-19 01:15:10", "elapsed": 3808.041681, "delta": 0.003785}}
{"target": -17.67722967803078, "params": {"gamma": 584.5250223665146, "log10_alpha": 1.0, "log10_colsample_bytree": -1.0, "log10_eta": -4.0, "log10_lambda": 1.0, "log10_min_child_weight": 5.0, "log10_subsample": 0.0, "max_depth": 2.0, "num_boost_round": 11.0}, "datetime": {"datetime": "2024-01-19 01:15:10", "elapsed": 3808.04546, "delta": 0.003779}}
{"target": -17.6772286058113, "params": {"gamma": 584.5250223665146, "log10_alpha": 1.0, "log10_colsample_bytree": -1.0, "log10_eta": -4.0, "log10_lambda": 1.0, "log10_min_child_weight": 5.0, "log10_subsample": 0.0, "max_depth": 2.0, "num_boost_round": 12.0}, "datetime": {"datetime": "2024-01-19 01:15:10", "elapsed": 3808.04927, "delta": 0.00381}}
{"target": -17.677227142404085, "params": {"gamma": 584.5250223665146, "log10_alpha": 1.0, "log10_colsample_bytree": -1.0, "log10_eta": -4.0, "log10_lambda": 1.0, "log10_min_child_weight": 5.0, "log10_subsample": 0.0, "max_depth": 2.0, "num_boost_round": 13.0}, "datetime": {"datetime": "2024-01-19 01:15:10", "elapsed": 3808.053123, "delta": 0.003853}}
{"target": -17.67722657644737, "params": {"gamma": 584.5250223665146, "log10_alpha": 1.0, "log10_colsample_bytree": -1.0, "log10_eta": -4.0, "log10_lambda": 1.0, "log10_min_child_weight": 5.0, "log10_subsample": 0.0, "max_depth": 2.0, "num_boost_round": 14.0}, "datetime": {"datetime": "2024-01-19 01:15:10", "elapsed": 3808.056969, "delta": 0.003846}}
{"target": -17.67751686557844, "params": {"gamma": 623.1435949460594, "log10_alpha": 0.7404474080426375, "log10_colsample_bytree": -0.39695433087548815, "log10_eta": -0.21980013469978443, "log10_lambda": -4.330420327481523, "log10_min_child_weight": 4.796193299793453, "log10_subsample": -0.09768753196833468, "max_depth": 3.0, "num_boost_round": 0.0}, "datetime": {"datetime": "2024-01-19 01:15:53", "elapsed": 3850.797687, "delta": 42.740718}}
{"target": -17.68969407307056, "params": {"gamma": 623.1435949460594, "log10_alpha": 0.7404474080426375, "log10_colsample_bytree": -0.39695433087548815, "log10_eta": -0.21980013469978443, "log10_lambda": -4.330420327481523, "log10_min_child_weight": 4.796193299793453, "log10_subsample": -0.09768753196833468, "max_depth": 3.0, "num_boost_round": 1.0}, "datetime": {"datetime": "2024-01-19 01:15:53", "elapsed": 3850.802774, "delta": 0.005087}}
{"target": -17.699641155722066, "params": {"gamma": 623.1435949460594, "log10_alpha": 0.7404474080426375, "log10_colsample_bytree": -0.39695433087548815, "log10_eta": -0.21980013469978443, "log10_lambda": -4.330420327481523, "log10_min_child_weight": 4.796193299793453, "log10_subsample": -0.09768753196833468, "max_depth": 3.0, "num_boost_round": 2.0}, "datetime": {"datetime": "2024-01-19 01:15:53", "elapsed": 3850.915754, "delta": 0.11298}}
{"target": -17.702654379647964, "params": {"gamma": 623.1435949460594, "log10_alpha": 0.7404474080426375, "log10_colsample_bytree": -0.39695433087548815, "log10_eta": -0.21980013469978443, "log10_lambda": -4.330420327481523, "log10_min_child_weight": 4.796193299793453, "log10_subsample": -0.09768753196833468, "max_depth": 3.0, "num_boost_round": 3.0}, "datetime": {"datetime": "2024-01-19 01:15:53", "elapsed": 3850.920127, "delta": 0.004373}}
{"target": -17.705884137662647, "params": {"gamma": 623.1435949460594, "log10_alpha": 0.7404474080426375, "log10_colsample_bytree": -0.39695433087548815, "log10_eta": -0.21980013469978443, "log10_lambda": -4.330420327481523, "log10_min_child_weight": 4.796193299793453, "log10_subsample": -0.09768753196833468, "max_depth": 3.0, "num_boost_round": 4.0}, "datetime": {"datetime": "2024-01-19 01:15:53", "elapsed": 3850.924251, "delta": 0.004124}}
{"target": -17.715059555370182, "params": {"gamma": 623.1435949460594, "log10_alpha": 0.7404474080426375, "log10_colsample_bytree": -0.39695433087548815, "log10_eta": -0.21980013469978443, "log10_lambda": -4.330420327481523, "log10_min_child_weight": 4.796193299793453, "log10_subsample": -0.09768753196833468, "max_depth": 3.0, "num_boost_round": 5.0}, "datetime": {"datetime": "2024-01-19 01:15:53", "elapsed": 3850.928048, "delta": 0.003797}}
{"target": -17.713080946150964, "params": {"gamma": 623.1435949460594, "log10_alpha": 0.7404474080426375, "log10_colsample_bytree": -0.39695433087548815, "log10_eta": -0.21980013469978443, "log10_lambda": -4.330420327481523, "log10_min_child_weight": 4.796193299793453, "log10_subsample": -0.09768753196833468, "max_depth": 3.0, "num_boost_round": 6.0}, "datetime": {"datetime": "2024-01-19 01:15:53", "elapsed": 3850.931862, "delta": 0.003814}}
{"target": -17.72040966741107, "params": {"gamma": 623.1435949460594, "log10_alpha": 0.7404474080426375, "log10_colsample_bytree": -0.39695433087548815, "log10_eta": -0.21980013469978443, "log10_lambda": -4.330420327481523, "log10_min_child_weight": 4.796193299793453, "log10_subsample": -0.09768753196833468, "max_depth": 3.0, "num_boost_round": 7.0}, "datetime": {"datetime": "2024-01-19 01:15:53", "elapsed": 3850.935763, "delta": 0.003901}}
{"target": -17.722302357301196, "params": {"gamma": 623.1435949460594, "log10_alpha": 0.7404474080426375, "log10_colsample_bytree": -0.39695433087548815, "log10_eta": -0.21980013469978443, "log10_lambda": -4.330420327481523, "log10_min_child_weight": 4.796193299793453, "log10_subsample": -0.09768753196833468, "max_depth": 3.0, "num_boost_round": 8.0}, "datetime": {"datetime": "2024-01-19 01:15:53", "elapsed": 3850.939549, "delta": 0.003786}}
{"target": -17.7211691672186, "params": {"gamma": 623.1435949460594, "log10_alpha": 0.7404474080426375, "log10_colsample_bytree": -0.39695433087548815, "log10_eta": -0.21980013469978443, "log10_lambda": -4.330420327481523, "log10_min_child_weight": 4.796193299793453, "log10_subsample": -0.09768753196833468, "max_depth": 3.0, "num_boost_round": 9.0}, "datetime": {"datetime": "2024-01-19 01:15:53", "elapsed": 3850.943376, "delta": 0.003827}}
{"target": -17.721829766860907, "params": {"gamma": 623.1435949460594, "log10_alpha": 0.7404474080426375, "log10_colsample_bytree": -0.39695433087548815, "log10_eta": -0.21980013469978443, "log10_lambda": -4.330420327481523, "log10_min_child_weight": 4.796193299793453, "log10_subsample": -0.09768753196833468, "max_depth": 3.0, "num_boost_round": 10.0}, "datetime": {"datetime": "2024-01-19 01:15:53", "elapsed": 3850.947188, "delta": 0.003812}}
{"target": -17.723449554052138, "params": {"gamma": 623.1435949460594, "log10_alpha": 0.7404474080426375, "log10_colsample_bytree": -0.39695433087548815, "log10_eta": -0.21980013469978443, "log10_lambda": -4.330420327481523, "log10_min_child_weight": 4.796193299793453, "log10_subsample": -0.09768753196833468, "max_depth": 3.0, "num_boost_round": 11.0}, "datetime": {"datetime": "2024-01-19 01:15:53", "elapsed": 3850.951036, "delta": 0.003848}}
{"target": -17.72851097519464, "params": {"gamma": 623.1435949460594, "log10_alpha": 0.7404474080426375, "log10_colsample_bytree": -0.39695433087548815, "log10_eta": -0.21980013469978443, "log10_lambda": -4.330420327481523, "log10_min_child_weight": 4.796193299793453, "log10_subsample": -0.09768753196833468, "max_depth": 3.0, "num_boost_round": 12.0}, "datetime": {"datetime": "2024-01-19 01:15:53", "elapsed": 3850.954847, "delta": 0.003811}}
{"target": -17.72819996790285, "params": {"gamma": 623.1435949460594, "log10_alpha": 0.7404474080426375, "log10_colsample_bytree": -0.39695433087548815, "log10_eta": -0.21980013469978443, "log10_lambda": -4.330420327481523, "log10_min_child_weight": 4.796193299793453, "log10_subsample": -0.09768753196833468, "max_depth": 3.0, "num_boost_round": 13.0}, "datetime": {"datetime": "2024-01-19 01:15:53", "elapsed": 3850.958669, "delta": 0.003822}}
{"target": -17.73066928124692, "params": {"gamma": 623.1435949460594, "log10_alpha": 0.7404474080426375, "log10_colsample_bytree": -0.39695433087548815, "log10_eta": -0.21980013469978443, "log10_lambda": -4.330420327481523, "log10_min_child_weight": 4.796193299793453, "log10_subsample": -0.09768753196833468, "max_depth": 3.0, "num_boost_round": 14.0}, "datetime": {"datetime": "2024-01-19 01:15:53", "elapsed": 3850.962595, "delta": 0.003926}}
{"target": -17.732928230952613, "params": {"gamma": 623.1435949460594, "log10_alpha": 0.7404474080426375, "log10_colsample_bytree": -0.39695433087548815, "log10_eta": -0.21980013469978443, "log10_lambda": -4.330420327481523, "log10_min_child_weight": 4.796193299793453, "log10_subsample": -0.09768753196833468, "max_depth": 3.0, "num_boost_round": 15.0}, "datetime": {"datetime": "2024-01-19 01:15:53", "elapsed": 3850.966436, "delta": 0.003841}}
{"target": -17.736176458413574, "params": {"gamma": 623.1435949460594, "log10_alpha": 0.7404474080426375, "log10_colsample_bytree": -0.39695433087548815, "log10_eta": -0.21980013469978443, "log10_lambda": -4.330420327481523, "log10_min_child_weight": 4.796193299793453, "log10_subsample": -0.09768753196833468, "max_depth": 3.0, "num_boost_round": 16.0}, "datetime": {"datetime": "2024-01-19 01:15:53", "elapsed": 3850.970387, "delta": 0.003951}}
{"target": -17.735847951279318, "params": {"gamma": 623.1435949460594, "log10_alpha": 0.7404474080426375, "log10_colsample_bytree": -0.39695433087548815, "log10_eta": -0.21980013469978443, "log10_lambda": -4.330420327481523, "log10_min_child_weight": 4.796193299793453, "log10_subsample": -0.09768753196833468, "max_depth": 3.0, "num_boost_round": 17.0}, "datetime": {"datetime": "2024-01-19 01:15:53", "elapsed": 3850.97428, "delta": 0.003893}}
