{"target": -13.754970594672438, "params": {"gamma": 564.3789113343342, "log10_alpha": -3.167714314396524, "log10_colsample_bytree": -0.9405812195843423, "log10_eta": -1.6555343170059569, "log10_lambda": 0.8781087282633377, "log10_min_child_weight": 0.46435624099841366, "log10_subsample": -0.09973504038003844, "max_depth": 2.0, "num_boost_round": 33.0}, "datetime": {"datetime": "2024-01-19 00:59:40", "elapsed": 2832.817147, "delta": 0.003288}}
{"target": -13.754861949846894, "params": {"gamma": 564.3789113343342, "log10_alpha": -3.167714314396524, "log10_colsample_bytree": -0.9405812195843423, "log10_eta": -1.6555343170059569, "log10_lambda": 0.8781087282633377, "log10_min_child_weight": 0.46435624099841366, "log10_subsample": -0.09973504038003844, "max_depth": 2.0, "num_boost_round": 34.0}, "datetime": {"datetime": "2024-01-19 00:59:40", "elapsed": 2832.820454, "delta": 0.003307}}
{"target": -13.75482019494001, "params": {"gamma": 564.3789113343342, "log10_alpha": -3.167714314396524, "log10_colsample_bytree": -0.9405812195843423, "log10_eta": -1.6555343170059569, "log10_lambda": 0.8781087282633377, "log10_min_child_weight": 0.46435624099841366, "log10_subsample": -0.09973504038003844, "max_depth": 2.0, "num_boost_round": 35.0}, "datetime": {"datetime": "2024-01-19 00:59:40", "elapsed": 2832.823737, "delta": 0.003283}}
{"target": -13.754697600107125, "params": {"gamma": 564.3789113343342, "log10_alpha": -3.167714314396524, "log10_colsample_bytree": -0.9405812195843423, "log10_eta": -1.6555343170059569, "log10_lambda": 0.8781087282633377, "log10_min_child_weight": 0.46435624099841366, "log10_subsample": -0.09973504038003844, "max_depth": 2.0, "num_boost_round": 36.0}, "datetime": {"datetime": "2024-01-19 00:59:40", "elapsed": 2832.827036, "delta": 0.003299}}
{"target": -13.754777463685933, "params": {"gamma": 564.3789113343342, "log10_alpha": -3.167714314396524, "log10_colsample_bytree": -0.9405812195843423, "log10_eta": -1.6555343170059569, "log10_lambda": 0.8781087282633377, "log10_min_child_weight": 0.46435624099841366, "log10_subsample": -0.09973504038003844, "max_depth": 2.0, "num_boost_round": 37.0}, "datetime": {"datetime": "2024-01-19 00:59:40", "elapsed": 2832.830346, "delta": 0.00331}}
{"target": -13.754825294459454, "params": {"gamma": 564.3789113343342, "log10_alpha": -3.167714314396524, "log10_colsample_bytree": -0.9405812195843423, "log10_eta": -1.6555343170059569, "log10_lambda": 0.8781087282633377, "log10_min_child_weight": 0.46435624099841366, "log10_subsample": -0.09973504038003844, "max_depth": 2.0, "num_boost_round": 38.0}, "datetime": {"datetime": "2024-01-19 00:59:40", "elapsed": 2832.833772, "delta": 0.003426}}
{"target": -13.754825956579374, "params": {"gamma": 564.3789113343342, "log10_alpha": -3.167714314396524, "log10_colsample_bytree": -0.9405812195843423, "log10_eta": -1.6555343170059569, "log10_lambda": 0.8781087282633377, "log10_min_child_weight": 0.46435624099841366, "log10_subsample": -0.09973504038003844, "max_depth": 2.0, "num_boost_round": 39.0}, "datetime": {"datetime": "2024-01-19 00:59:40", "elapsed": 2832.83707, "delta": 0.003298}}
{"target": -13.754805230457166, "params": {"gamma": 564.3789113343342, "log10_alpha": -3.167714314396524, "log10_colsample_bytree": -0.9405812195843423, "log10_eta": -1.6555343170059569, "log10_lambda": 0.8781087282633377, "log10_min_child_weight": 0.46435624099841366, "log10_subsample": -0.09973504038003844, "max_depth": 2.0, "num_boost_round": 40.0}, "datetime": {"datetime": "2024-01-19 00:59:40", "elapsed": 2832.84494, "delta": 0.00787}}
{"target": -13.758539734173864, "params": {"gamma": 613.8296618759797, "log10_alpha": -3.7280685211662314, "log10_colsample_bytree": -0.8615353389227436, "log10_eta": -2.679554205729148, "log10_lambda": 0.20113964681634489, "log10_min_child_weight": 3.5917443985751207, "log10_subsample": -0.5773515195178858, "max_depth": 2.0, "num_boost_round": 0.0}, "datetime": {"datetime": "2024-01-19 01:00:22", "elapsed": 2874.648822, "delta": 41.803882}}
{"target": -13.758528565453878, "params": {"gamma": 613.8296618759797, "log10_alpha": -3.7280685211662314, "log10_colsample_bytree": -0.8615353389227436, "log10_eta": -2.679554205729148, "log10_lambda": 0.20113964681634489, "log10_min_child_weight": 3.5917443985751207, "log10_subsample": -0.5773515195178858, "max_depth": 2.0, "num_boost_round": 1.0}, "datetime": {"datetime": "2024-01-19 01:00:22", "elapsed": 2874.652935, "delta": 0.004113}}
{"target": -13.758507149898579, "params": {"gamma": 613.8296618759797, "log10_alpha": -3.7280685211662314, "log10_colsample_bytree": -0.8615353389227436, "log10_eta": -2.679554205729148, "log10_lambda": 0.20113964681634489, "log10_min_child_weight": 3.5917443985751207, "log10_subsample": -0.5773515195178858, "max_depth": 2.0, "num_boost_round": 2.0}, "datetime": {"datetime": "2024-01-19 01:00:22", "elapsed": 2874.65695, "delta": 0.004015}}
{"target": -13.758508542996552, "params": {"gamma": 613.8296618759797, "log10_alpha": -3.7280685211662314, "log10_colsample_bytree": -0.8615353389227436, "log10_eta": -2.679554205729148, "log10_lambda": 0.20113964681634489, "log10_min_child_weight": 3.5917443985751207, "log10_subsample": -0.5773515195178858, "max_depth": 2.0, "num_boost_round": 3.0}, "datetime": {"datetime": "2024-01-19 01:00:22", "elapsed": 2874.660295, "delta": 0.003345}}
{"target": -13.758500873311819, "params": {"gamma": 613.8296618759797, "log10_alpha": -3.7280685211662314, "log10_colsample_bytree": -0.8615353389227436, "log10_eta": -2.679554205729148, "log10_lambda": 0.20113964681634489, "log10_min_child_weight": 3.5917443985751207, "log10_subsample": -0.5773515195178858, "max_depth": 2.0, "num_boost_round": 4.0}, "datetime": {"datetime": "2024-01-19 01:00:22", "elapsed": 2874.663572, "delta": 0.003277}}
{"target": -13.75848617740938, "params": {"gamma": 613.8296618759797, "log10_alpha": -3.7280685211662314, "log10_colsample_bytree": -0.8615353389227436, "log10_eta": -2.679554205729148, "log10_lambda": 0.20113964681634489, "log10_min_child_weight": 3.5917443985751207, "log10_subsample": -0.5773515195178858, "max_depth": 2.0, "num_boost_round": 5.0}, "datetime": {"datetime": "2024-01-19 01:00:22", "elapsed": 2874.666835, "delta": 0.003263}}
{"target": -13.75849478697742, "params": {"gamma": 613.8296618759797, "log10_alpha": -3.7280685211662314, "log10_colsample_bytree": -0.8615353389227436, "log10_eta": -2.679554205729148, "log10_lambda": 0.20113964681634489, "log10_min_child_weight": 3.5917443985751207, "log10_subsample": -0.5773515195178858, "max_depth": 2.0, "num_boost_round": 6.0}, "datetime": {"datetime": "2024-01-19 01:00:22", "elapsed": 2874.670079, "delta": 0.003244}}
{"target": -13.758483706556753, "params": {"gamma": 613.8296618759797, "log10_alpha": -3.7280685211662314, "log10_colsample_bytree": -0.8615353389227436, "log10_eta": -2.679554205729148, "log10_lambda": 0.20113964681634489, "log10_min_child_weight": 3.5917443985751207, "log10_subsample": -0.5773515195178858, "max_depth": 2.0, "num_boost_round": 7.0}, "datetime": {"datetime": "2024-01-19 01:00:22", "elapsed": 2874.673596, "delta": 0.003517}}
{"target": -13.75847126634793, "params": {"gamma": 613.8296618759797, "log10_alpha": -3.7280685211662314, "log10_colsample_bytree": -0.8615353389227436, "log10_eta": -2.679554205729148, "log10_lambda": 0.20113964681634489, "log10_min_child_weight": 3.5917443985751207, "log10_subsample": -0.5773515195178858, "max_depth": 2.0, "num_boost_round": 8.0}, "datetime": {"datetime": "2024-01-19 01:00:22", "elapsed": 2874.67706, "delta": 0.003464}}
{"target": -13.75845367902599, "params": {"gamma": 613.8296618759797, "log10_alpha": -3.7280685211662314, "log10_colsample_bytree": -0.8615353389227436, "log10_eta": -2.679554205729148, "log10_lambda": 0.20113964681634489, "log10_min_child_weight": 3.5917443985751207, "log10_subsample": -0.5773515195178858, "max_depth": 2.0, "num_boost_round": 9.0}, "datetime": {"datetime": "2024-01-19 01:00:22", "elapsed": 2874.680429, "delta": 0.003369}}
{"target": -13.758423347173416, "params": {"gamma": 613.8296618759797, "log10_alpha": -3.7280685211662314, "log10_colsample_bytree": -0.8615353389227436, "log10_eta": -2.679554205729148, "log10_lambda": 0.20113964681634489, "log10_min_child_weight": 3.5917443985751207, "log10_subsample": -0.5773515195178858, "max_depth": 2.0, "num_boost_round": 10.0}, "datetime": {"datetime": "2024-01-19 01:00:22", "elapsed": 2874.683721, "delta": 0.003292}}
{"target": -13.7584066834204, "params": {"gamma": 613.8296618759797, "log10_alpha": -3.7280685211662314, "log10_colsample_bytree": -0.8615353389227436, "log10_eta": -2.679554205729148, "log10_lambda": 0.20113964681634489, "log10_min_child_weight": 3.5917443985751207, "log10_subsample": -0.5773515195178858, "max_depth": 2.0, "num_boost_round": 11.0}, "datetime": {"datetime": "2024-01-19 01:00:22", "elapsed": 2874.687002, "delta": 0.003281}}
{"target": -13.758388859129335, "params": {"gamma": 613.8296618759797, "log10_alpha": -3.7280685211662314, "log10_colsample_bytree": -0.8615353389227436, "log10_eta": -2.679554205729148, "log10_lambda": 0.20113964681634489, "log10_min_child_weight": 3.5917443985751207, "log10_subsample": -0.5773515195178858, "max_depth": 2.0, "num_boost_round": 12.0}, "datetime": {"datetime": "2024-01-19 01:00:22", "elapsed": 2874.690534, "delta": 0.003532}}
{"target": -13.758382112322513, "params": {"gamma": 613.8296618759797, "log10_alpha": -3.7280685211662314, "log10_colsample_bytree": -0.8615353389227436, "log10_eta": -2.679554205729148, "log10_lambda": 0.20113964681634489, "log10_min_child_weight": 3.5917443985751207, "log10_subsample": -0.5773515195178858, "max_depth": 2.0, "num_boost_round": 13.0}, "datetime": {"datetime": "2024-01-19 01:00:22", "elapsed": 2874.693833, "delta": 0.003299}}
{"target": -13.75837029913206, "params": {"gamma": 613.8296618759797, "log10_alpha": -3.7280685211662314, "log10_colsample_bytree": -0.8615353389227436, "log10_eta": -2.679554205729148, "log10_lambda": 0.20113964681634489, "log10_min_child_weight": 3.5917443985751207, "log10_subsample": -0.5773515195178858, "max_depth": 2.0, "num_boost_round": 14.0}, "datetime": {"datetime": "2024-01-19 01:00:22", "elapsed": 2874.697143, "delta": 0.00331}}
{"target": -13.758344773334231, "params": {"gamma": 613.8296618759797, "log10_alpha": -3.7280685211662314, "log10_colsample_bytree": -0.8615353389227436, "log10_eta": -2.679554205729148, "log10_lambda": 0.20113964681634489, "log10_min_child_weight": 3.5917443985751207, "log10_subsample": -0.5773515195178858, "max_depth": 2.0, "num_boost_round": 15.0}, "datetime": {"datetime": "2024-01-19 01:00:22", "elapsed": 2874.700576, "delta": 0.003433}}
{"target": -13.758338838285063, "params": {"gamma": 613.8296618759797, "log10_alpha": -3.7280685211662314, "log10_colsample_bytree": -0.8615353389227436, "log10_eta": -2.679554205729148, "log10_lambda": 0.20113964681634489, "log10_min_child_weight": 3.5917443985751207, "log10_subsample": -0.5773515195178858, "max_depth": 2.0, "num_boost_round": 16.0}, "datetime": {"datetime": "2024-01-19 01:00:22", "elapsed": 2874.703988, "delta": 0.003412}}
{"target": -13.758315426104017, "params": {"gamma": 613.8296618759797, "log10_alpha": -3.7280685211662314, "log10_colsample_bytree": -0.8615353389227436, "log10_eta": -2.679554205729148, "log10_lambda": 0.20113964681634489, "log10_min_child_weight": 3.5917443985751207, "log10_subsample": -0.5773515195178858, "max_depth": 2.0, "num_boost_round": 17.0}, "datetime": {"datetime": "2024-01-19 01:00:22", "elapsed": 2874.707343, "delta": 0.003355}}
{"target": -13.758323911131269, "params": {"gamma": 613.8296618759797, "log10_alpha": -3.7280685211662314, "log10_colsample_bytree": -0.8615353389227436, "log10_eta": -2.679554205729148, "log10_lambda": 0.20113964681634489, "log10_min_child_weight": 3.5917443985751207, "log10_subsample": -0.5773515195178858, "max_depth": 2.0, "num_boost_round": 18.0}, "datetime": {"datetime": "2024-01-19 01:00:22", "elapsed": 2874.710679, "delta": 0.003336}}
{"target": -13.75829573388984, "params": {"gamma": 613.8296618759797, "log10_alpha": -3.7280685211662314, "log10_colsample_bytree": -0.8615353389227436, "log10_eta": -2.679554205729148, "log10_lambda": 0.20113964681634489, "log10_min_child_weight": 3.5917443985751207, "log10_subsample": -0.5773515195178858, "max_depth": 2.0, "num_boost_round": 19.0}, "datetime": {"datetime": "2024-01-19 01:00:22", "elapsed": 2874.713991, "delta": 0.003312}}
{"target": -13.758284835353093, "params": {"gamma": 613.8296618759797, "log10_alpha": -3.7280685211662314, "log10_colsample_bytree": -0.8615353389227436, "log10_eta": -2.679554205729148, "log10_lambda": 0.20113964681634489, "log10_min_child_weight": 3.5917443985751207, "log10_subsample": -0.5773515195178858, "max_depth": 2.0, "num_boost_round": 20.0}, "datetime": {"datetime": "2024-01-19 01:00:22", "elapsed": 2874.71727, "delta": 0.003279}}
{"target": -13.758275191925453, "params": {"gamma": 613.8296618759797, "log10_alpha": -3.7280685211662314, "log10_colsample_bytree": -0.8615353389227436, "log10_eta": -2.679554205729148, "log10_lambda": 0.20113964681634489, "log10_min_child_weight": 3.5917443985751207, "log10_subsample": -0.5773515195178858, "max_depth": 2.0, "num_boost_round": 21.0}, "datetime": {"datetime": "2024-01-19 01:00:22", "elapsed": 2874.720603, "delta": 0.003333}}
{"target": -13.758264852951324, "params": {"gamma": 613.8296618759797, "log10_alpha": -3.7280685211662314, "log10_colsample_bytree": -0.8615353389227436, "log10_eta": -2.679554205729148, "log10_lambda": 0.20113964681634489, "log10_min_child_weight": 3.5917443985751207, "log10_subsample": -0.5773515195178858, "max_depth": 2.0, "num_boost_round": 22.0}, "datetime": {"datetime": "2024-01-19 01:00:22", "elapsed": 2874.72393, "delta": 0.003327}}
{"target": -13.758258094317481, "params": {"gamma": 613.8296618759797, "log10_alpha": -3.7280685211662314, "log10_colsample_bytree": -0.8615353389227436, "log10_eta": -2.679554205729148, "log10_lambda": 0.20113964681634489, "log10_min_child_weight": 3.5917443985751207, "log10_subsample": -0.5773515195178858, "max_depth": 2.0, "num_boost_round": 23.0}, "datetime": {"datetime": "2024-01-19 01:00:22", "elapsed": 2874.727248, "delta": 0.003318}}
{"target": -13.75825377925025, "params": {"gamma": 613.8296618759797, "log10_alpha": -3.7280685211662314, "log10_colsample_bytree": -0.8615353389227436, "log10_eta": -2.679554205729148, "log10_lambda": 0.20113964681634489, "log10_min_child_weight": 3.5917443985751207, "log10_subsample": -0.5773515195178858, "max_depth": 2.0, "num_boost_round": 24.0}, "datetime": {"datetime": "2024-01-19 01:00:22", "elapsed": 2874.730568, "delta": 0.00332}}
{"target": -13.758252994612393, "params": {"gamma": 613.8296618759797, "log10_alpha": -3.7280685211662314, "log10_colsample_bytree": -0.8615353389227436, "log10_eta": -2.679554205729148, "log10_lambda": 0.20113964681634489, "log10_min_child_weight": 3.5917443985751207, "log10_subsample": -0.5773515195178858, "max_depth": 2.0, "num_boost_round": 25.0}, "datetime": {"datetime": "2024-01-19 01:00:22", "elapsed": 2874.733873, "delta": 0.003305}}
{"target": -13.758238366436165, "params": {"gamma": 613.8296618759797, "log10_alpha": -3.7280685211662314, "log10_colsample_bytree": -0.8615353389227436, "log10_eta": -2.679554205729148, "log10_lambda": 0.20113964681634489, "log10_min_child_weight": 3.5917443985751207, "log10_subsample": -0.5773515195178858, "max_depth": 2.0, "num_boost_round": 26.0}, "datetime": {"datetime": "2024-01-19 01:00:22", "elapsed": 2874.737179, "delta": 0.003306}}
{"target": -13.758210993364111, "params": {"gamma": 613.8296618759797, "log10_alpha": -3.7280685211662314, "log10_colsample_bytree": -0.8615353389227436, "log10_eta": -2.679554205729148, "log10_lambda": 0.20113964681634489, "log10_min_child_weight": 3.5917443985751207, "log10_subsample": -0.5773515195178858, "max_depth": 2.0, "num_boost_round": 27.0}, "datetime": {"datetime": "2024-01-19 01:00:22", "elapsed": 2874.740479, "delta": 0.0033}}
{"target": -13.75853855185145, "params": {"gamma": 563.2276059736784, "log10_alpha": -1.7193703066275714, "log10_colsample_bytree": -1.0, "log10_eta": -4.0, "log10_lambda": -5.0, "log10_min_child_weight": 0.0, "log10_subsample": -1.0, "max_depth": 2.0, "num_boost_round": 0.0}, "datetime": {"datetime": "2024-01-19 01:01:16", "elapsed": 2928.596582, "delta": 53.856103}}
{"target": -13.758539682591834, "params": {"gamma": 563.2276059736784, "log10_alpha": -1.7193703066275714, "log10_colsample_bytree": -1.0, "log10_eta": -4.0, "log10_lambda": -5.0, "log10_min_child_weight": 0.0, "log10_subsample": -1.0, "max_depth": 2.0, "num_boost_round": 1.0}, "datetime": {"datetime": "2024-01-19 01:01:16", "elapsed": 2928.600752, "delta": 0.00417}}
{"target": -13.75853990200531, "params": {"gamma": 563.2276059736784, "log10_alpha": -1.7193703066275714, "log10_colsample_bytree": -1.0, "log10_eta": -4.0, "log10_lambda": -5.0, "log10_min_child_weight": 0.0, "log10_subsample": -1.0, "max_depth": 2.0, "num_boost_round": 2.0}, "datetime": {"datetime": "2024-01-19 01:01:16", "elapsed": 2928.604296, "delta": 0.003544}}
{"target": -13.758540443141001, "params": {"gamma": 563.2276059736784, "log10_alpha": -1.7193703066275714, "log10_colsample_bytree": -1.0, "log10_eta": -4.0, "log10_lambda": -5.0, "log10_min_child_weight": 0.0, "log10_subsample": -1.0, "max_depth": 2.0, "num_boost_round": 3.0}, "datetime": {"datetime": "2024-01-19 01:01:16", "elapsed": 2928.607674, "delta": 0.003378}}
{"target": -13.758539862153137, "params": {"gamma": 563.2276059736784, "log10_alpha": -1.7193703066275714, "log10_colsample_bytree": -1.0, "log10_eta": -4.0, "log10_lambda": -5.0, "log10_min_child_weight": 0.0, "log10_subsample": -1.0, "max_depth": 2.0, "num_boost_round": 4.0}, "datetime": {"datetime": "2024-01-19 01:01:16", "elapsed": 2928.611044, "delta": 0.00337}}
{"target": -13.758539781813703, "params": {"gamma": 563.2276059736784, "log10_alpha": -1.7193703066275714, "log10_colsample_bytree": -1.0, "log10_eta": -4.0, "log10_lambda": -5.0, "log10_min_child_weight": 0.0, "log10_subsample": -1.0, "max_depth": 2.0, "num_boost_round": 5.0}, "datetime": {"datetime": "2024-01-19 01:01:16", "elapsed": 2928.614529, "delta": 0.003485}}
{"target": -13.758539794148804, "params": {"gamma": 563.2276059736784, "log10_alpha": -1.7193703066275714, "log10_colsample_bytree": -1.0, "log10_eta": -4.0, "log10_lambda": -5.0, "log10_min_child_weight": 0.0, "log10_subsample": -1.0, "max_depth": 2.0, "num_boost_round": 6.0}, "datetime": {"datetime": "2024-01-19 01:01:16", "elapsed": 2928.617889, "delta": 0.00336}}
{"target": -13.758538090236996, "params": {"gamma": 563.2276059736784, "log10_alpha": -1.7193703066275714, "log10_colsample_bytree": -1.0, "log10_eta": -4.0, "log10_lambda": -5.0, "log10_min_child_weight": 0.0, "log10_subsample": -1.0, "max_depth": 2.0, "num_boost_round": 7.0}, "datetime": {"datetime": "2024-01-19 01:01:16", "elapsed": 2928.72728, "delta": 0.109391}}
{"target": -13.758538857233168, "params": {"gamma": 563.2276059736784, "log10_alpha": -1.7193703066275714, "log10_colsample_bytree": -1.0, "log10_eta": -4.0, "log10_lambda": -5.0, "log10_min_child_weight": 0.0, "log10_subsample": -1.0, "max_depth": 2.0, "num_boost_round": 8.0}, "datetime": {"datetime": "2024-01-19 01:01:16", "elapsed": 2928.731412, "delta": 0.004132}}
{"target": -13.758537942975938, "params": {"gamma": 563.2276059736784, "log10_alpha": -1.7193703066275714, "log10_colsample_bytree": -1.0, "log10_eta": -4.0, "log10_lambda": -5.0, "log10_min_child_weight": 0.0, "log10_subsample": -1.0, "max_depth": 2.0, "num_boost_round": 9.0}, "datetime": {"datetime": "2024-01-19 01:01:16", "elapsed": 2928.734927, "delta": 0.003515}}
{"target": -13.758538067376488, "params": {"gamma": 563.2276059736784, "log10_alpha": -1.7193703066275714, "log10_colsample_bytree": -1.0, "log10_eta": -4.0, "log10_lambda": -5.0, "log10_min_child_weight": 0.0, "log10_subsample": -1.0, "max_depth": 2.0, "num_boost_round": 10.0}, "datetime": {"datetime": "2024-01-19 01:01:16", "elapsed": 2928.738573, "delta": 0.003646}}
{"target": -13.758536719423281, "params": {"gamma": 563.2276059736784, "log10_alpha": -1.7193703066275714, "log10_colsample_bytree": -1.0, "log10_eta": -4.0, "log10_lambda": -5.0, "log10_min_child_weight": 0.0, "log10_subsample": -1.0, "max_depth": 2.0, "num_boost_round": 11.0}, "datetime": {"datetime": "2024-01-19 01:01:16", "elapsed": 2928.742071, "delta": 0.003498}}
{"target": -13.758534974223165, "params": {"gamma": 563.2276059736784, "log10_alpha": -1.7193703066275714, "log10_colsample_bytree": -1.0, "log10_eta": -4.0, "log10_lambda": -5.0, "log10_min_child_weight": 0.0, "log10_subsample": -1.0, "max_depth": 2.0, "num_boost_round": 12.0}, "datetime": {"datetime": "2024-01-19 01:01:16", "elapsed": 2928.745673, "delta": 0.003602}}
{"target": -13.758533635573945, "params": {"gamma": 563.2276059736784, "log10_alpha": -1.7193703066275714, "log10_colsample_bytree": -1.0, "log10_eta": -4.0, "log10_lambda": -5.0, "log10_min_child_weight": 0.0, "log10_subsample": -1.0, "max_depth": 2.0, "num_boost_round": 13.0}, "datetime": {"datetime": "2024-01-19 01:01:16", "elapsed": 2928.749191, "delta": 0.003518}}
{"target": -13.75853077848233, "params": {"gamma": 563.2276059736784, "log10_alpha": -1.7193703066275714, "log10_colsample_bytree": -1.0, "log10_eta": -4.0, "log10_lambda": -5.0, "log10_min_child_weight": 0.0, "log10_subsample": -1.0, "max_depth": 2.0, "num_boost_round": 14.0}, "datetime": {"datetime": "2024-01-19 01:01:16", "elapsed": 2928.752785, "delta": 0.003594}}
{"target": -13.758530439179335, "params": {"gamma": 563.2276059736784, "log10_alpha": -1.7193703066275714, "log10_colsample_bytree": -1.0, "log10_eta": -4.0, "log10_lambda": -5.0, "log10_min_child_weight": 0.0, "log10_subsample": -1.0, "max_depth": 2.0, "num_boost_round": 15.0}, "datetime": {"datetime": "2024-01-19 01:01:16", "elapsed": 2928.756296, "delta": 0.003511}}
