{"target": -13.758237360458484, "params": {"gamma": 858.5195649547352, "log10_alpha": 0.777333496201905, "log10_colsample_bytree": -0.6810467061805252, "log10_eta": -2.6639547078094994, "log10_lambda": -1.8600465367083565, "log10_min_child_weight": 0.5276978187761344, "log10_subsample": -0.3809378945725168, "max_depth": 4.0, "num_boost_round": 5.0}, "datetime": {"datetime": "2024-01-19 01:06:18", "elapsed": 3298.814822, "delta": 0.003136}}
{"target": -13.758141044036053, "params": {"gamma": 858.5195649547352, "log10_alpha": 0.777333496201905, "log10_colsample_bytree": -0.6810467061805252, "log10_eta": -2.6639547078094994, "log10_lambda": -1.8600465367083565, "log10_min_child_weight": 0.5276978187761344, "log10_subsample": -0.3809378945725168, "max_depth": 4.0, "num_boost_round": 6.0}, "datetime": {"datetime": "2024-01-19 01:06:18", "elapsed": 3298.817958, "delta": 0.003136}}
{"target": -13.758110879946807, "params": {"gamma": 858.5195649547352, "log10_alpha": 0.777333496201905, "log10_colsample_bytree": -0.6810467061805252, "log10_eta": -2.6639547078094994, "log10_lambda": -1.8600465367083565, "log10_min_child_weight": 0.5276978187761344, "log10_subsample": -0.3809378945725168, "max_depth": 4.0, "num_boost_round": 7.0}, "datetime": {"datetime": "2024-01-19 01:06:18", "elapsed": 3298.82116, "delta": 0.003202}}
{"target": -13.758115833526436, "params": {"gamma": 858.5195649547352, "log10_alpha": 0.777333496201905, "log10_colsample_bytree": -0.6810467061805252, "log10_eta": -2.6639547078094994, "log10_lambda": -1.8600465367083565, "log10_min_child_weight": 0.5276978187761344, "log10_subsample": -0.3809378945725168, "max_depth": 4.0, "num_boost_round": 8.0}, "datetime": {"datetime": "2024-01-19 01:06:18", "elapsed": 3298.824272, "delta": 0.003112}}
{"target": -13.758125360022117, "params": {"gamma": 858.5195649547352, "log10_alpha": 0.777333496201905, "log10_colsample_bytree": -0.6810467061805252, "log10_eta": -2.6639547078094994, "log10_lambda": -1.8600465367083565, "log10_min_child_weight": 0.5276978187761344, "log10_subsample": -0.3809378945725168, "max_depth": 4.0, "num_boost_round": 9.0}, "datetime": {"datetime": "2024-01-19 01:06:18", "elapsed": 3298.827438, "delta": 0.003166}}
{"target": -13.758107769340693, "params": {"gamma": 858.5195649547352, "log10_alpha": 0.777333496201905, "log10_colsample_bytree": -0.6810467061805252, "log10_eta": -2.6639547078094994, "log10_lambda": -1.8600465367083565, "log10_min_child_weight": 0.5276978187761344, "log10_subsample": -0.3809378945725168, "max_depth": 4.0, "num_boost_round": 10.0}, "datetime": {"datetime": "2024-01-19 01:06:18", "elapsed": 3298.831385, "delta": 0.003947}}
{"target": -13.758082391933709, "params": {"gamma": 858.5195649547352, "log10_alpha": 0.777333496201905, "log10_colsample_bytree": -0.6810467061805252, "log10_eta": -2.6639547078094994, "log10_lambda": -1.8600465367083565, "log10_min_child_weight": 0.5276978187761344, "log10_subsample": -0.3809378945725168, "max_depth": 4.0, "num_boost_round": 11.0}, "datetime": {"datetime": "2024-01-19 01:06:18", "elapsed": 3298.834742, "delta": 0.003357}}
{"target": -13.758039745419206, "params": {"gamma": 858.5195649547352, "log10_alpha": 0.777333496201905, "log10_colsample_bytree": -0.6810467061805252, "log10_eta": -2.6639547078094994, "log10_lambda": -1.8600465367083565, "log10_min_child_weight": 0.5276978187761344, "log10_subsample": -0.3809378945725168, "max_depth": 4.0, "num_boost_round": 12.0}, "datetime": {"datetime": "2024-01-19 01:06:18", "elapsed": 3298.837938, "delta": 0.003196}}
{"target": -13.75841224385107, "params": {"gamma": 850.792569274352, "log10_alpha": -4.335336003564602, "log10_colsample_bytree": -0.3123137399076117, "log10_eta": -1.5647026085142097, "log10_lambda": -2.3865663351318425, "log10_min_child_weight": 4.79171978801605, "log10_subsample": -0.2141468751291069, "max_depth": 7.0, "num_boost_round": 0.0}, "datetime": {"datetime": "2024-01-19 01:06:59", "elapsed": 3339.848989, "delta": 41.011051}}
{"target": -13.758373446350388, "params": {"gamma": 850.792569274352, "log10_alpha": -4.335336003564602, "log10_colsample_bytree": -0.3123137399076117, "log10_eta": -1.5647026085142097, "log10_lambda": -2.3865663351318425, "log10_min_child_weight": 4.79171978801605, "log10_subsample": -0.2141468751291069, "max_depth": 7.0, "num_boost_round": 1.0}, "datetime": {"datetime": "2024-01-19 01:06:59", "elapsed": 3339.853166, "delta": 0.004177}}
{"target": -13.758315904662442, "params": {"gamma": 850.792569274352, "log10_alpha": -4.335336003564602, "log10_colsample_bytree": -0.3123137399076117, "log10_eta": -1.5647026085142097, "log10_lambda": -2.3865663351318425, "log10_min_child_weight": 4.79171978801605, "log10_subsample": -0.2141468751291069, "max_depth": 7.0, "num_boost_round": 2.0}, "datetime": {"datetime": "2024-01-19 01:06:59", "elapsed": 3339.85623, "delta": 0.003064}}
{"target": -13.758326908448984, "params": {"gamma": 850.792569274352, "log10_alpha": -4.335336003564602, "log10_colsample_bytree": -0.3123137399076117, "log10_eta": -1.5647026085142097, "log10_lambda": -2.3865663351318425, "log10_min_child_weight": 4.79171978801605, "log10_subsample": -0.2141468751291069, "max_depth": 7.0, "num_boost_round": 3.0}, "datetime": {"datetime": "2024-01-19 01:06:59", "elapsed": 3339.859414, "delta": 0.003184}}
{"target": -13.758300269192825, "params": {"gamma": 850.792569274352, "log10_alpha": -4.335336003564602, "log10_colsample_bytree": -0.3123137399076117, "log10_eta": -1.5647026085142097, "log10_lambda": -2.3865663351318425, "log10_min_child_weight": 4.79171978801605, "log10_subsample": -0.2141468751291069, "max_depth": 7.0, "num_boost_round": 4.0}, "datetime": {"datetime": "2024-01-19 01:06:59", "elapsed": 3339.862599, "delta": 0.003185}}
{"target": -13.758239332767493, "params": {"gamma": 850.792569274352, "log10_alpha": -4.335336003564602, "log10_colsample_bytree": -0.3123137399076117, "log10_eta": -1.5647026085142097, "log10_lambda": -2.3865663351318425, "log10_min_child_weight": 4.79171978801605, "log10_subsample": -0.2141468751291069, "max_depth": 7.0, "num_boost_round": 5.0}, "datetime": {"datetime": "2024-01-19 01:06:59", "elapsed": 3339.865797, "delta": 0.003198}}
{"target": -13.75827427455795, "params": {"gamma": 850.792569274352, "log10_alpha": -4.335336003564602, "log10_colsample_bytree": -0.3123137399076117, "log10_eta": -1.5647026085142097, "log10_lambda": -2.3865663351318425, "log10_min_child_weight": 4.79171978801605, "log10_subsample": -0.2141468751291069, "max_depth": 7.0, "num_boost_round": 6.0}, "datetime": {"datetime": "2024-01-19 01:06:59", "elapsed": 3339.868887, "delta": 0.00309}}
{"target": -13.758261435619962, "params": {"gamma": 850.792569274352, "log10_alpha": -4.335336003564602, "log10_colsample_bytree": -0.3123137399076117, "log10_eta": -1.5647026085142097, "log10_lambda": -2.3865663351318425, "log10_min_child_weight": 4.79171978801605, "log10_subsample": -0.2141468751291069, "max_depth": 7.0, "num_boost_round": 7.0}, "datetime": {"datetime": "2024-01-19 01:06:59", "elapsed": 3339.872051, "delta": 0.003164}}
{"target": -13.75843356724378, "params": {"gamma": 850.792569274352, "log10_alpha": -4.335336003564602, "log10_colsample_bytree": -0.3123137399076117, "log10_eta": -1.5647026085142097, "log10_lambda": -2.3865663351318425, "log10_min_child_weight": 4.79171978801605, "log10_subsample": -0.2141468751291069, "max_depth": 7.0, "num_boost_round": 8.0}, "datetime": {"datetime": "2024-01-19 01:06:59", "elapsed": 3339.8753, "delta": 0.003249}}
{"target": -13.758334838617122, "params": {"gamma": 850.792569274352, "log10_alpha": -4.335336003564602, "log10_colsample_bytree": -0.3123137399076117, "log10_eta": -1.5647026085142097, "log10_lambda": -2.3865663351318425, "log10_min_child_weight": 4.79171978801605, "log10_subsample": -0.2141468751291069, "max_depth": 7.0, "num_boost_round": 9.0}, "datetime": {"datetime": "2024-01-19 01:06:59", "elapsed": 3339.878473, "delta": 0.003173}}
{"target": -13.7583330801469, "params": {"gamma": 850.792569274352, "log10_alpha": -4.335336003564602, "log10_colsample_bytree": -0.3123137399076117, "log10_eta": -1.5647026085142097, "log10_lambda": -2.3865663351318425, "log10_min_child_weight": 4.79171978801605, "log10_subsample": -0.2141468751291069, "max_depth": 7.0, "num_boost_round": 10.0}, "datetime": {"datetime": "2024-01-19 01:06:59", "elapsed": 3339.881771, "delta": 0.003298}}
{"target": -13.75821395423882, "params": {"gamma": 850.792569274352, "log10_alpha": -4.335336003564602, "log10_colsample_bytree": -0.3123137399076117, "log10_eta": -1.5647026085142097, "log10_lambda": -2.3865663351318425, "log10_min_child_weight": 4.79171978801605, "log10_subsample": -0.2141468751291069, "max_depth": 7.0, "num_boost_round": 11.0}, "datetime": {"datetime": "2024-01-19 01:06:59", "elapsed": 3339.885064, "delta": 0.003293}}
{"target": -13.758296893980742, "params": {"gamma": 850.792569274352, "log10_alpha": -4.335336003564602, "log10_colsample_bytree": -0.3123137399076117, "log10_eta": -1.5647026085142097, "log10_lambda": -2.3865663351318425, "log10_min_child_weight": 4.79171978801605, "log10_subsample": -0.2141468751291069, "max_depth": 7.0, "num_boost_round": 12.0}, "datetime": {"datetime": "2024-01-19 01:06:59", "elapsed": 3339.888253, "delta": 0.003189}}
{"target": -13.758325032340904, "params": {"gamma": 850.792569274352, "log10_alpha": -4.335336003564602, "log10_colsample_bytree": -0.3123137399076117, "log10_eta": -1.5647026085142097, "log10_lambda": -2.3865663351318425, "log10_min_child_weight": 4.79171978801605, "log10_subsample": -0.2141468751291069, "max_depth": 7.0, "num_boost_round": 13.0}, "datetime": {"datetime": "2024-01-19 01:06:59", "elapsed": 3339.891366, "delta": 0.003113}}
{"target": -13.758518745994799, "params": {"gamma": 850.792569274352, "log10_alpha": -4.335336003564602, "log10_colsample_bytree": -0.3123137399076117, "log10_eta": -1.5647026085142097, "log10_lambda": -2.3865663351318425, "log10_min_child_weight": 4.79171978801605, "log10_subsample": -0.2141468751291069, "max_depth": 7.0, "num_boost_round": 14.0}, "datetime": {"datetime": "2024-01-19 01:06:59", "elapsed": 3339.894393, "delta": 0.003027}}
{"target": -13.758647122350794, "params": {"gamma": 850.792569274352, "log10_alpha": -4.335336003564602, "log10_colsample_bytree": -0.3123137399076117, "log10_eta": -1.5647026085142097, "log10_lambda": -2.3865663351318425, "log10_min_child_weight": 4.79171978801605, "log10_subsample": -0.2141468751291069, "max_depth": 7.0, "num_boost_round": 15.0}, "datetime": {"datetime": "2024-01-19 01:06:59", "elapsed": 3339.897529, "delta": 0.003136}}
{"target": -13.758575677418493, "params": {"gamma": 850.792569274352, "log10_alpha": -4.335336003564602, "log10_colsample_bytree": -0.3123137399076117, "log10_eta": -1.5647026085142097, "log10_lambda": -2.3865663351318425, "log10_min_child_weight": 4.79171978801605, "log10_subsample": -0.2141468751291069, "max_depth": 7.0, "num_boost_round": 16.0}, "datetime": {"datetime": "2024-01-19 01:06:59", "elapsed": 3339.900635, "delta": 0.003106}}
{"target": -13.758454085713845, "params": {"gamma": 850.792569274352, "log10_alpha": -4.335336003564602, "log10_colsample_bytree": -0.3123137399076117, "log10_eta": -1.5647026085142097, "log10_lambda": -2.3865663351318425, "log10_min_child_weight": 4.79171978801605, "log10_subsample": -0.2141468751291069, "max_depth": 7.0, "num_boost_round": 17.0}, "datetime": {"datetime": "2024-01-19 01:06:59", "elapsed": 3339.903861, "delta": 0.003226}}
{"target": -13.7586760976423, "params": {"gamma": 850.792569274352, "log10_alpha": -4.335336003564602, "log10_colsample_bytree": -0.3123137399076117, "log10_eta": -1.5647026085142097, "log10_lambda": -2.3865663351318425, "log10_min_child_weight": 4.79171978801605, "log10_subsample": -0.2141468751291069, "max_depth": 7.0, "num_boost_round": 18.0}, "datetime": {"datetime": "2024-01-19 01:06:59", "elapsed": 3339.906936, "delta": 0.003075}}
{"target": -13.758517389077845, "params": {"gamma": 888.6747489665048, "log10_alpha": -2.112953003409099, "log10_colsample_bytree": -0.3604503230455275, "log10_eta": -3.1183694321804905, "log10_lambda": -4.488353971736412, "log10_min_child_weight": 1.175676198648195, "log10_subsample": -0.6430681822402965, "max_depth": 4.0, "num_boost_round": 0.0}, "datetime": {"datetime": "2024-01-19 01:07:27", "elapsed": 3367.519296, "delta": 27.61236}}
{"target": -13.758495333263802, "params": {"gamma": 888.6747489665048, "log10_alpha": -2.112953003409099, "log10_colsample_bytree": -0.3604503230455275, "log10_eta": -3.1183694321804905, "log10_lambda": -4.488353971736412, "log10_min_child_weight": 1.175676198648195, "log10_subsample": -0.6430681822402965, "max_depth": 4.0, "num_boost_round": 1.0}, "datetime": {"datetime": "2024-01-19 01:07:27", "elapsed": 3367.522981, "delta": 0.003685}}
{"target": -13.75849676184642, "params": {"gamma": 888.6747489665048, "log10_alpha": -2.112953003409099, "log10_colsample_bytree": -0.3604503230455275, "log10_eta": -3.1183694321804905, "log10_lambda": -4.488353971736412, "log10_min_child_weight": 1.175676198648195, "log10_subsample": -0.6430681822402965, "max_depth": 4.0, "num_boost_round": 2.0}, "datetime": {"datetime": "2024-01-19 01:07:27", "elapsed": 3367.526615, "delta": 0.003634}}
{"target": -13.758496922141905, "params": {"gamma": 888.6747489665048, "log10_alpha": -2.112953003409099, "log10_colsample_bytree": -0.3604503230455275, "log10_eta": -3.1183694321804905, "log10_lambda": -4.488353971736412, "log10_min_child_weight": 1.175676198648195, "log10_subsample": -0.6430681822402965, "max_depth": 4.0, "num_boost_round": 3.0}, "datetime": {"datetime": "2024-01-19 01:07:27", "elapsed": 3367.529723, "delta": 0.003108}}
{"target": -13.758475262506703, "params": {"gamma": 888.6747489665048, "log10_alpha": -2.112953003409099, "log10_colsample_bytree": -0.3604503230455275, "log10_eta": -3.1183694321804905, "log10_lambda": -4.488353971736412, "log10_min_child_weight": 1.175676198648195, "log10_subsample": -0.6430681822402965, "max_depth": 4.0, "num_boost_round": 4.0}, "datetime": {"datetime": "2024-01-19 01:07:27", "elapsed": 3367.532862, "delta": 0.003139}}
{"target": -13.758463154050268, "params": {"gamma": 888.6747489665048, "log10_alpha": -2.112953003409099, "log10_colsample_bytree": -0.3604503230455275, "log10_eta": -3.1183694321804905, "log10_lambda": -4.488353971736412, "log10_min_child_weight": 1.175676198648195, "log10_subsample": -0.6430681822402965, "max_depth": 4.0, "num_boost_round": 5.0}, "datetime": {"datetime": "2024-01-19 01:07:27", "elapsed": 3367.535942, "delta": 0.00308}}
{"target": -13.758455282022313, "params": {"gamma": 888.6747489665048, "log10_alpha": -2.112953003409099, "log10_colsample_bytree": -0.3604503230455275, "log10_eta": -3.1183694321804905, "log10_lambda": -4.488353971736412, "log10_min_child_weight": 1.175676198648195, "log10_subsample": -0.6430681822402965, "max_depth": 4.0, "num_boost_round": 6.0}, "datetime": {"datetime": "2024-01-19 01:07:27", "elapsed": 3367.53903, "delta": 0.003088}}
{"target": -13.75844879827888, "params": {"gamma": 888.6747489665048, "log10_alpha": -2.112953003409099, "log10_colsample_bytree": -0.3604503230455275, "log10_eta": -3.1183694321804905, "log10_lambda": -4.488353971736412, "log10_min_child_weight": 1.175676198648195, "log10_subsample": -0.6430681822402965, "max_depth": 4.0, "num_boost_round": 7.0}, "datetime": {"datetime": "2024-01-19 01:07:27", "elapsed": 3367.542148, "delta": 0.003118}}
{"target": -13.758421989988376, "params": {"gamma": 888.6747489665048, "log10_alpha": -2.112953003409099, "log10_colsample_bytree": -0.3604503230455275, "log10_eta": -3.1183694321804905, "log10_lambda": -4.488353971736412, "log10_min_child_weight": 1.175676198648195, "log10_subsample": -0.6430681822402965, "max_depth": 4.0, "num_boost_round": 8.0}, "datetime": {"datetime": "2024-01-19 01:07:27", "elapsed": 3367.545243, "delta": 0.003095}}
{"target": -13.758414821631247, "params": {"gamma": 888.6747489665048, "log10_alpha": -2.112953003409099, "log10_colsample_bytree": -0.3604503230455275, "log10_eta": -3.1183694321804905, "log10_lambda": -4.488353971736412, "log10_min_child_weight": 1.175676198648195, "log10_subsample": -0.6430681822402965, "max_depth": 4.0, "num_boost_round": 9.0}, "datetime": {"datetime": "2024-01-19 01:07:27", "elapsed": 3367.548291, "delta": 0.003048}}
{"target": -13.758403383661982, "params": {"gamma": 888.6747489665048, "log10_alpha": -2.112953003409099, "log10_colsample_bytree": -0.3604503230455275, "log10_eta": -3.1183694321804905, "log10_lambda": -4.488353971736412, "log10_min_child_weight": 1.175676198648195, "log10_subsample": -0.6430681822402965, "max_depth": 4.0, "num_boost_round": 10.0}, "datetime": {"datetime": "2024-01-19 01:07:27", "elapsed": 3367.551341, "delta": 0.00305}}
{"target": -13.758817947446015, "params": {"gamma": 886.3378519971728, "log10_alpha": -2.052057043265717, "log10_colsample_bytree": -0.07353850745857893, "log10_eta": -1.5297540873023903, "log10_lambda": -4.154011008111624, "log10_min_child_weight": 2.4744331079353508, "log10_subsample": -0.9246819408938917, "max_depth": 7.0, "num_boost_round": 0.0}, "datetime": {"datetime": "2024-01-19 01:07:55", "elapsed": 3395.56963, "delta": 28.018289}}
{"target": -13.759492967580265, "params": {"gamma": 886.3378519971728, "log10_alpha": -2.052057043265717, "log10_colsample_bytree": -0.07353850745857893, "log10_eta": -1.5297540873023903, "log10_lambda": -4.154011008111624, "log10_min_child_weight": 2.4744331079353508, "log10_subsample": -0.9246819408938917, "max_depth": 7.0, "num_boost_round": 1.0}, "datetime": {"datetime": "2024-01-19 01:07:55", "elapsed": 3395.573672, "delta": 0.004042}}
{"target": -13.759551506214226, "params": {"gamma": 886.3378519971728, "log10_alpha": -2.052057043265717, "log10_colsample_bytree": -0.07353850745857893, "log10_eta": -1.5297540873023903, "log10_lambda": -4.154011008111624, "log10_min_child_weight": 2.4744331079353508, "log10_subsample": -0.9246819408938917, "max_depth": 7.0, "num_boost_round": 2.0}, "datetime": {"datetime": "2024-01-19 01:07:55", "elapsed": 3395.577381, "delta": 0.003709}}
{"target": -13.759733536077926, "params": {"gamma": 886.3378519971728, "log10_alpha": -2.052057043265717, "log10_colsample_bytree": -0.07353850745857893, "log10_eta": -1.5297540873023903, "log10_lambda": -4.154011008111624, "log10_min_child_weight": 2.4744331079353508, "log10_subsample": -0.9246819408938917, "max_depth": 7.0, "num_boost_round": 3.0}, "datetime": {"datetime": "2024-01-19 01:07:55", "elapsed": 3395.580631, "delta": 0.00325}}
{"target": -13.759115208806403, "params": {"gamma": 886.3378519971728, "log10_alpha": -2.052057043265717, "log10_colsample_bytree": -0.07353850745857893, "log10_eta": -1.5297540873023903, "log10_lambda": -4.154011008111624, "log10_min_child_weight": 2.4744331079353508, "log10_subsample": -0.9246819408938917, "max_depth": 7.0, "num_boost_round": 4.0}, "datetime": {"datetime": "2024-01-19 01:07:55", "elapsed": 3395.58384, "delta": 0.003209}}
{"target": -13.758626107953118, "params": {"gamma": 886.3378519971728, "log10_alpha": -2.052057043265717, "log10_colsample_bytree": -0.07353850745857893, "log10_eta": -1.5297540873023903, "log10_lambda": -4.154011008111624, "log10_min_child_weight": 2.4744331079353508, "log10_subsample": -0.9246819408938917, "max_depth": 7.0, "num_boost_round": 5.0}, "datetime": {"datetime": "2024-01-19 01:07:55", "elapsed": 3395.587109, "delta": 0.003269}}
{"target": -13.759439714711508, "params": {"gamma": 886.3378519971728, "log10_alpha": -2.052057043265717, "log10_colsample_bytree": -0.07353850745857893, "log10_eta": -1.5297540873023903, "log10_lambda": -4.154011008111624, "log10_min_child_weight": 2.4744331079353508, "log10_subsample": -0.9246819408938917, "max_depth": 7.0, "num_boost_round": 6.0}, "datetime": {"datetime": "2024-01-19 01:07:55", "elapsed": 3395.590226, "delta": 0.003117}}
{"target": -13.760130874653164, "params": {"gamma": 886.3378519971728, "log10_alpha": -2.052057043265717, "log10_colsample_bytree": -0.07353850745857893, "log10_eta": -1.5297540873023903, "log10_lambda": -4.154011008111624, "log10_min_child_weight": 2.4744331079353508, "log10_subsample": -0.9246819408938917, "max_depth": 7.0, "num_boost_round": 7.0}, "datetime": {"datetime": "2024-01-19 01:07:55", "elapsed": 3395.593394, "delta": 0.003168}}
{"target": -13.76059457001793, "params": {"gamma": 886.3378519971728, "log10_alpha": -2.052057043265717, "log10_colsample_bytree": -0.07353850745857893, "log10_eta": -1.5297540873023903, "log10_lambda": -4.154011008111624, "log10_min_child_weight": 2.4744331079353508, "log10_subsample": -0.9246819408938917, "max_depth": 7.0, "num_boost_round": 8.0}, "datetime": {"datetime": "2024-01-19 01:07:55", "elapsed": 3395.596524, "delta": 0.00313}}
{"target": -13.760997670512317, "params": {"gamma": 886.3378519971728, "log10_alpha": -2.052057043265717, "log10_colsample_bytree": -0.07353850745857893, "log10_eta": -1.5297540873023903, "log10_lambda": -4.154011008111624, "log10_min_child_weight": 2.4744331079353508, "log10_subsample": -0.9246819408938917, "max_depth": 7.0, "num_boost_round": 9.0}, "datetime": {"datetime": "2024-01-19 01:07:55", "elapsed": 3395.599644, "delta": 0.00312}}
{"target": -13.758535694370293, "params": {"gamma": 843.022857212788, "log10_alpha": -4.689206032559812, "log10_colsample_bytree": -0.288388880331062, "log10_eta": -3.1897494848108856, "log10_lambda": -1.9117105647135562, "log10_min_child_weight": 4.9312090829146324, "log10_subsample": -0.3646389918718337, "max_depth": 5.0, "num_boost_round": 0.0}, "datetime": {"datetime": "2024-01-19 01:08:31", "elapsed": 3431.40025, "delta": 35.800606}}
