{"target": -17.67711645920524, "params": {"gamma": 977.2931768972504, "log10_alpha": -1.667899199199705, "log10_colsample_bytree": -0.5639541801542207, "log10_eta": -3.0108291301114796, "log10_lambda": -2.9950035282873873, "log10_min_child_weight": 4.0923994015721155, "log10_subsample": -0.7317022837324778, "max_depth": 4.0, "num_boost_round": 38.0}, "datetime": {"datetime": "2024-01-19 01:16:25", "elapsed": 3879.083095, "delta": 0.004152}}
{"target": -17.67710141379545, "params": {"gamma": 977.2931768972504, "log10_alpha": -1.667899199199705, "log10_colsample_bytree": -0.5639541801542207, "log10_eta": -3.0108291301114796, "log10_lambda": -2.9950035282873873, "log10_min_child_weight": 4.0923994015721155, "log10_subsample": -0.7317022837324778, "max_depth": 4.0, "num_boost_round": 39.0}, "datetime": {"datetime": "2024-01-19 01:16:25", "elapsed": 3879.087173, "delta": 0.004078}}
{"target": -17.677097611164196, "params": {"gamma": 977.2931768972504, "log10_alpha": -1.667899199199705, "log10_colsample_bytree": -0.5639541801542207, "log10_eta": -3.0108291301114796, "log10_lambda": -2.9950035282873873, "log10_min_child_weight": 4.0923994015721155, "log10_subsample": -0.7317022837324778, "max_depth": 4.0, "num_boost_round": 40.0}, "datetime": {"datetime": "2024-01-19 01:16:25", "elapsed": 3879.091331, "delta": 0.004158}}
{"target": -17.67710367912448, "params": {"gamma": 977.2931768972504, "log10_alpha": -1.667899199199705, "log10_colsample_bytree": -0.5639541801542207, "log10_eta": -3.0108291301114796, "log10_lambda": -2.9950035282873873, "log10_min_child_weight": 4.0923994015721155, "log10_subsample": -0.7317022837324778, "max_depth": 4.0, "num_boost_round": 41.0}, "datetime": {"datetime": "2024-01-19 01:16:25", "elapsed": 3879.095404, "delta": 0.004073}}
{"target": -17.677109154969802, "params": {"gamma": 977.2931768972504, "log10_alpha": -1.667899199199705, "log10_colsample_bytree": -0.5639541801542207, "log10_eta": -3.0108291301114796, "log10_lambda": -2.9950035282873873, "log10_min_child_weight": 4.0923994015721155, "log10_subsample": -0.7317022837324778, "max_depth": 4.0, "num_boost_round": 42.0}, "datetime": {"datetime": "2024-01-19 01:16:25", "elapsed": 3879.099459, "delta": 0.004055}}
{"target": -17.677093813115697, "params": {"gamma": 977.2931768972504, "log10_alpha": -1.667899199199705, "log10_colsample_bytree": -0.5639541801542207, "log10_eta": -3.0108291301114796, "log10_lambda": -2.9950035282873873, "log10_min_child_weight": 4.0923994015721155, "log10_subsample": -0.7317022837324778, "max_depth": 4.0, "num_boost_round": 43.0}, "datetime": {"datetime": "2024-01-19 01:16:25", "elapsed": 3879.10359, "delta": 0.004131}}
{"target": -17.67710232312172, "params": {"gamma": 977.2931768972504, "log10_alpha": -1.667899199199705, "log10_colsample_bytree": -0.5639541801542207, "log10_eta": -3.0108291301114796, "log10_lambda": -2.9950035282873873, "log10_min_child_weight": 4.0923994015721155, "log10_subsample": -0.7317022837324778, "max_depth": 4.0, "num_boost_round": 44.0}, "datetime": {"datetime": "2024-01-19 01:16:25", "elapsed": 3879.107676, "delta": 0.004086}}
{"target": -17.677099569700065, "params": {"gamma": 977.2931768972504, "log10_alpha": -1.667899199199705, "log10_colsample_bytree": -0.5639541801542207, "log10_eta": -3.0108291301114796, "log10_lambda": -2.9950035282873873, "log10_min_child_weight": 4.0923994015721155, "log10_subsample": -0.7317022837324778, "max_depth": 4.0, "num_boost_round": 45.0}, "datetime": {"datetime": "2024-01-19 01:16:25", "elapsed": 3879.112043, "delta": 0.004367}}
{"target": -17.67709100298017, "params": {"gamma": 977.2931768972504, "log10_alpha": -1.667899199199705, "log10_colsample_bytree": -0.5639541801542207, "log10_eta": -3.0108291301114796, "log10_lambda": -2.9950035282873873, "log10_min_child_weight": 4.0923994015721155, "log10_subsample": -0.7317022837324778, "max_depth": 4.0, "num_boost_round": 46.0}, "datetime": {"datetime": "2024-01-19 01:16:25", "elapsed": 3879.116338, "delta": 0.004295}}
{"target": -17.677077936341323, "params": {"gamma": 977.2931768972504, "log10_alpha": -1.667899199199705, "log10_colsample_bytree": -0.5639541801542207, "log10_eta": -3.0108291301114796, "log10_lambda": -2.9950035282873873, "log10_min_child_weight": 4.0923994015721155, "log10_subsample": -0.7317022837324778, "max_depth": 4.0, "num_boost_round": 47.0}, "datetime": {"datetime": "2024-01-19 01:16:25", "elapsed": 3879.121368, "delta": 0.00503}}
{"target": -17.677073306801738, "params": {"gamma": 977.2931768972504, "log10_alpha": -1.667899199199705, "log10_colsample_bytree": -0.5639541801542207, "log10_eta": -3.0108291301114796, "log10_lambda": -2.9950035282873873, "log10_min_child_weight": 4.0923994015721155, "log10_subsample": -0.7317022837324778, "max_depth": 4.0, "num_boost_round": 48.0}, "datetime": {"datetime": "2024-01-19 01:16:25", "elapsed": 3879.126076, "delta": 0.004708}}
{"target": -17.67705920791247, "params": {"gamma": 977.2931768972504, "log10_alpha": -1.667899199199705, "log10_colsample_bytree": -0.5639541801542207, "log10_eta": -3.0108291301114796, "log10_lambda": -2.9950035282873873, "log10_min_child_weight": 4.0923994015721155, "log10_subsample": -0.7317022837324778, "max_depth": 4.0, "num_boost_round": 49.0}, "datetime": {"datetime": "2024-01-19 01:16:25", "elapsed": 3879.130333, "delta": 0.004257}}
{"target": -17.67706866103391, "params": {"gamma": 977.2931768972504, "log10_alpha": -1.667899199199705, "log10_colsample_bytree": -0.5639541801542207, "log10_eta": -3.0108291301114796, "log10_lambda": -2.9950035282873873, "log10_min_child_weight": 4.0923994015721155, "log10_subsample": -0.7317022837324778, "max_depth": 4.0, "num_boost_round": 50.0}, "datetime": {"datetime": "2024-01-19 01:16:25", "elapsed": 3879.134457, "delta": 0.004124}}
{"target": -17.677087747499012, "params": {"gamma": 977.2931768972504, "log10_alpha": -1.667899199199705, "log10_colsample_bytree": -0.5639541801542207, "log10_eta": -3.0108291301114796, "log10_lambda": -2.9950035282873873, "log10_min_child_weight": 4.0923994015721155, "log10_subsample": -0.7317022837324778, "max_depth": 4.0, "num_boost_round": 51.0}, "datetime": {"datetime": "2024-01-19 01:16:25", "elapsed": 3879.138564, "delta": 0.004107}}
{"target": -17.67708341378352, "params": {"gamma": 977.2931768972504, "log10_alpha": -1.667899199199705, "log10_colsample_bytree": -0.5639541801542207, "log10_eta": -3.0108291301114796, "log10_lambda": -2.9950035282873873, "log10_min_child_weight": 4.0923994015721155, "log10_subsample": -0.7317022837324778, "max_depth": 4.0, "num_boost_round": 52.0}, "datetime": {"datetime": "2024-01-19 01:16:25", "elapsed": 3879.142642, "delta": 0.004078}}
{"target": -17.677084711793, "params": {"gamma": 977.2931768972504, "log10_alpha": -1.667899199199705, "log10_colsample_bytree": -0.5639541801542207, "log10_eta": -3.0108291301114796, "log10_lambda": -2.9950035282873873, "log10_min_child_weight": 4.0923994015721155, "log10_subsample": -0.7317022837324778, "max_depth": 4.0, "num_boost_round": 53.0}, "datetime": {"datetime": "2024-01-19 01:16:25", "elapsed": 3879.146707, "delta": 0.004065}}
{"target": -17.677081861585112, "params": {"gamma": 977.2931768972504, "log10_alpha": -1.667899199199705, "log10_colsample_bytree": -0.5639541801542207, "log10_eta": -3.0108291301114796, "log10_lambda": -2.9950035282873873, "log10_min_child_weight": 4.0923994015721155, "log10_subsample": -0.7317022837324778, "max_depth": 4.0, "num_boost_round": 54.0}, "datetime": {"datetime": "2024-01-19 01:16:25", "elapsed": 3879.150801, "delta": 0.004094}}
{"target": -17.677081848941555, "params": {"gamma": 977.2931768972504, "log10_alpha": -1.667899199199705, "log10_colsample_bytree": -0.5639541801542207, "log10_eta": -3.0108291301114796, "log10_lambda": -2.9950035282873873, "log10_min_child_weight": 4.0923994015721155, "log10_subsample": -0.7317022837324778, "max_depth": 4.0, "num_boost_round": 55.0}, "datetime": {"datetime": "2024-01-19 01:16:25", "elapsed": 3879.155007, "delta": 0.004206}}
{"target": -17.67721722345972, "params": {"gamma": 975.8070687481439, "log10_alpha": -0.8924086427053446, "log10_colsample_bytree": -0.630095294232612, "log10_eta": -3.4264088657038196, "log10_lambda": -0.5166671442137272, "log10_min_child_weight": 3.0458298441613096, "log10_subsample": -0.3731499883322825, "max_depth": 5.0, "num_boost_round": 0.0}, "datetime": {"datetime": "2024-01-19 01:17:24", "elapsed": 3938.218604, "delta": 59.063597}}
{"target": -17.67720273929562, "params": {"gamma": 975.8070687481439, "log10_alpha": -0.8924086427053446, "log10_colsample_bytree": -0.630095294232612, "log10_eta": -3.4264088657038196, "log10_lambda": -0.5166671442137272, "log10_min_child_weight": 3.0458298441613096, "log10_subsample": -0.3731499883322825, "max_depth": 5.0, "num_boost_round": 1.0}, "datetime": {"datetime": "2024-01-19 01:17:24", "elapsed": 3938.222985, "delta": 0.004381}}
{"target": -17.677182196340205, "params": {"gamma": 975.8070687481439, "log10_alpha": -0.8924086427053446, "log10_colsample_bytree": -0.630095294232612, "log10_eta": -3.4264088657038196, "log10_lambda": -0.5166671442137272, "log10_min_child_weight": 3.0458298441613096, "log10_subsample": -0.3731499883322825, "max_depth": 5.0, "num_boost_round": 2.0}, "datetime": {"datetime": "2024-01-19 01:17:24", "elapsed": 3938.227257, "delta": 0.004272}}
{"target": -17.677178396433963, "params": {"gamma": 975.8070687481439, "log10_alpha": -0.8924086427053446, "log10_colsample_bytree": -0.630095294232612, "log10_eta": -3.4264088657038196, "log10_lambda": -0.5166671442137272, "log10_min_child_weight": 3.0458298441613096, "log10_subsample": -0.3731499883322825, "max_depth": 5.0, "num_boost_round": 3.0}, "datetime": {"datetime": "2024-01-19 01:17:24", "elapsed": 3938.231567, "delta": 0.00431}}
{"target": -17.677162556158628, "params": {"gamma": 975.8070687481439, "log10_alpha": -0.8924086427053446, "log10_colsample_bytree": -0.630095294232612, "log10_eta": -3.4264088657038196, "log10_lambda": -0.5166671442137272, "log10_min_child_weight": 3.0458298441613096, "log10_subsample": -0.3731499883322825, "max_depth": 5.0, "num_boost_round": 4.0}, "datetime": {"datetime": "2024-01-19 01:17:24", "elapsed": 3938.235679, "delta": 0.004112}}
{"target": -17.677149699857644, "params": {"gamma": 975.8070687481439, "log10_alpha": -0.8924086427053446, "log10_colsample_bytree": -0.630095294232612, "log10_eta": -3.4264088657038196, "log10_lambda": -0.5166671442137272, "log10_min_child_weight": 3.0458298441613096, "log10_subsample": -0.3731499883322825, "max_depth": 5.0, "num_boost_round": 5.0}, "datetime": {"datetime": "2024-01-19 01:17:24", "elapsed": 3938.23977, "delta": 0.004091}}
{"target": -17.677137473140718, "params": {"gamma": 975.8070687481439, "log10_alpha": -0.8924086427053446, "log10_colsample_bytree": -0.630095294232612, "log10_eta": -3.4264088657038196, "log10_lambda": -0.5166671442137272, "log10_min_child_weight": 3.0458298441613096, "log10_subsample": -0.3731499883322825, "max_depth": 5.0, "num_boost_round": 6.0}, "datetime": {"datetime": "2024-01-19 01:17:24", "elapsed": 3938.349136, "delta": 0.109366}}
{"target": -17.677107240192225, "params": {"gamma": 975.8070687481439, "log10_alpha": -0.8924086427053446, "log10_colsample_bytree": -0.630095294232612, "log10_eta": -3.4264088657038196, "log10_lambda": -0.5166671442137272, "log10_min_child_weight": 3.0458298441613096, "log10_subsample": -0.3731499883322825, "max_depth": 5.0, "num_boost_round": 7.0}, "datetime": {"datetime": "2024-01-19 01:17:24", "elapsed": 3938.35384, "delta": 0.004704}}
{"target": -17.677094341241723, "params": {"gamma": 975.8070687481439, "log10_alpha": -0.8924086427053446, "log10_colsample_bytree": -0.630095294232612, "log10_eta": -3.4264088657038196, "log10_lambda": -0.5166671442137272, "log10_min_child_weight": 3.0458298441613096, "log10_subsample": -0.3731499883322825, "max_depth": 5.0, "num_boost_round": 8.0}, "datetime": {"datetime": "2024-01-19 01:17:24", "elapsed": 3938.35842, "delta": 0.00458}}
{"target": -17.67707855576665, "params": {"gamma": 975.8070687481439, "log10_alpha": -0.8924086427053446, "log10_colsample_bytree": -0.630095294232612, "log10_eta": -3.4264088657038196, "log10_lambda": -0.5166671442137272, "log10_min_child_weight": 3.0458298441613096, "log10_subsample": -0.3731499883322825, "max_depth": 5.0, "num_boost_round": 9.0}, "datetime": {"datetime": "2024-01-19 01:17:24", "elapsed": 3938.362789, "delta": 0.004369}}
{"target": -17.67706486648879, "params": {"gamma": 975.8070687481439, "log10_alpha": -0.8924086427053446, "log10_colsample_bytree": -0.630095294232612, "log10_eta": -3.4264088657038196, "log10_lambda": -0.5166671442137272, "log10_min_child_weight": 3.0458298441613096, "log10_subsample": -0.3731499883322825, "max_depth": 5.0, "num_boost_round": 10.0}, "datetime": {"datetime": "2024-01-19 01:17:24", "elapsed": 3938.366912, "delta": 0.004123}}
{"target": -17.677053629531958, "params": {"gamma": 975.8070687481439, "log10_alpha": -0.8924086427053446, "log10_colsample_bytree": -0.630095294232612, "log10_eta": -3.4264088657038196, "log10_lambda": -0.5166671442137272, "log10_min_child_weight": 3.0458298441613096, "log10_subsample": -0.3731499883322825, "max_depth": 5.0, "num_boost_round": 11.0}, "datetime": {"datetime": "2024-01-19 01:17:24", "elapsed": 3938.371069, "delta": 0.004157}}
{"target": -17.6770328655829, "params": {"gamma": 975.8070687481439, "log10_alpha": -0.8924086427053446, "log10_colsample_bytree": -0.630095294232612, "log10_eta": -3.4264088657038196, "log10_lambda": -0.5166671442137272, "log10_min_child_weight": 3.0458298441613096, "log10_subsample": -0.3731499883322825, "max_depth": 5.0, "num_boost_round": 12.0}, "datetime": {"datetime": "2024-01-19 01:17:24", "elapsed": 3938.3753, "delta": 0.004231}}
{"target": -17.67701409166305, "params": {"gamma": 975.8070687481439, "log10_alpha": -0.8924086427053446, "log10_colsample_bytree": -0.630095294232612, "log10_eta": -3.4264088657038196, "log10_lambda": -0.5166671442137272, "log10_min_child_weight": 3.0458298441613096, "log10_subsample": -0.3731499883322825, "max_depth": 5.0, "num_boost_round": 13.0}, "datetime": {"datetime": "2024-01-19 01:17:24", "elapsed": 3938.379442, "delta": 0.004142}}
{"target": -17.677006524646295, "params": {"gamma": 975.8070687481439, "log10_alpha": -0.8924086427053446, "log10_colsample_bytree": -0.630095294232612, "log10_eta": -3.4264088657038196, "log10_lambda": -0.5166671442137272, "log10_min_child_weight": 3.0458298441613096, "log10_subsample": -0.3731499883322825, "max_depth": 5.0, "num_boost_round": 14.0}, "datetime": {"datetime": "2024-01-19 01:17:24", "elapsed": 3938.383663, "delta": 0.004221}}
{"target": -17.67699077521564, "params": {"gamma": 975.8070687481439, "log10_alpha": -0.8924086427053446, "log10_colsample_bytree": -0.630095294232612, "log10_eta": -3.4264088657038196, "log10_lambda": -0.5166671442137272, "log10_min_child_weight": 3.0458298441613096, "log10_subsample": -0.3731499883322825, "max_depth": 5.0, "num_boost_round": 15.0}, "datetime": {"datetime": "2024-01-19 01:17:24", "elapsed": 3938.387945, "delta": 0.004282}}
{"target": -17.676963809857746, "params": {"gamma": 975.8070687481439, "log10_alpha": -0.8924086427053446, "log10_colsample_bytree": -0.630095294232612, "log10_eta": -3.4264088657038196, "log10_lambda": -0.5166671442137272, "log10_min_child_weight": 3.0458298441613096, "log10_subsample": -0.3731499883322825, "max_depth": 5.0, "num_boost_round": 16.0}, "datetime": {"datetime": "2024-01-19 01:17:24", "elapsed": 3938.392145, "delta": 0.0042}}
{"target": -17.676950904396747, "params": {"gamma": 975.8070687481439, "log10_alpha": -0.8924086427053446, "log10_colsample_bytree": -0.630095294232612, "log10_eta": -3.4264088657038196, "log10_lambda": -0.5166671442137272, "log10_min_child_weight": 3.0458298441613096, "log10_subsample": -0.3731499883322825, "max_depth": 5.0, "num_boost_round": 17.0}, "datetime": {"datetime": "2024-01-19 01:17:24", "elapsed": 3938.396328, "delta": 0.004183}}
{"target": -17.676962962383623, "params": {"gamma": 975.8070687481439, "log10_alpha": -0.8924086427053446, "log10_colsample_bytree": -0.630095294232612, "log10_eta": -3.4264088657038196, "log10_lambda": -0.5166671442137272, "log10_min_child_weight": 3.0458298441613096, "log10_subsample": -0.3731499883322825, "max_depth": 5.0, "num_boost_round": 18.0}, "datetime": {"datetime": "2024-01-19 01:17:24", "elapsed": 3938.400667, "delta": 0.004339}}
{"target": -17.67695428229234, "params": {"gamma": 975.8070687481439, "log10_alpha": -0.8924086427053446, "log10_colsample_bytree": -0.630095294232612, "log10_eta": -3.4264088657038196, "log10_lambda": -0.5166671442137272, "log10_min_child_weight": 3.0458298441613096, "log10_subsample": -0.3731499883322825, "max_depth": 5.0, "num_boost_round": 19.0}, "datetime": {"datetime": "2024-01-19 01:17:24", "elapsed": 3938.40484, "delta": 0.004173}}
{"target": -17.67693905262308, "params": {"gamma": 975.8070687481439, "log10_alpha": -0.8924086427053446, "log10_colsample_bytree": -0.630095294232612, "log10_eta": -3.4264088657038196, "log10_lambda": -0.5166671442137272, "log10_min_child_weight": 3.0458298441613096, "log10_subsample": -0.3731499883322825, "max_depth": 5.0, "num_boost_round": 20.0}, "datetime": {"datetime": "2024-01-19 01:17:24", "elapsed": 3938.409045, "delta": 0.004205}}
{"target": -17.676916014659888, "params": {"gamma": 975.8070687481439, "log10_alpha": -0.8924086427053446, "log10_colsample_bytree": -0.630095294232612, "log10_eta": -3.4264088657038196, "log10_lambda": -0.5166671442137272, "log10_min_child_weight": 3.0458298441613096, "log10_subsample": -0.3731499883322825, "max_depth": 5.0, "num_boost_round": 21.0}, "datetime": {"datetime": "2024-01-19 01:17:24", "elapsed": 3938.413324, "delta": 0.004279}}
{"target": -17.677202126530982, "params": {"gamma": 973.1617948144408, "log10_alpha": -4.871792481940144, "log10_colsample_bytree": -0.20997451522452582, "log10_eta": -3.022277472846908, "log10_lambda": -3.7545488478604745, "log10_min_child_weight": 2.5336825795927216, "log10_subsample": -0.46801931463619206, "max_depth": 8.0, "num_boost_round": 0.0}, "datetime": {"datetime": "2024-01-19 01:18:44", "elapsed": 4018.385084, "delta": 79.97176}}
{"target": -17.677195170470277, "params": {"gamma": 973.1617948144408, "log10_alpha": -4.871792481940144, "log10_colsample_bytree": -0.20997451522452582, "log10_eta": -3.022277472846908, "log10_lambda": -3.7545488478604745, "log10_min_child_weight": 2.5336825795927216, "log10_subsample": -0.46801931463619206, "max_depth": 8.0, "num_boost_round": 1.0}, "datetime": {"datetime": "2024-01-19 01:18:44", "elapsed": 4018.402886, "delta": 0.017802}}
{"target": -17.67711178838837, "params": {"gamma": 973.1617948144408, "log10_alpha": -4.871792481940144, "log10_colsample_bytree": -0.20997451522452582, "log10_eta": -3.022277472846908, "log10_lambda": -3.7545488478604745, "log10_min_child_weight": 2.5336825795927216, "log10_subsample": -0.46801931463619206, "max_depth": 8.0, "num_boost_round": 2.0}, "datetime": {"datetime": "2024-01-19 01:18:44", "elapsed": 4018.40716, "delta": 0.004274}}
{"target": -17.677054545164427, "params": {"gamma": 973.1617948144408, "log10_alpha": -4.871792481940144, "log10_colsample_bytree": -0.20997451522452582, "log10_eta": -3.022277472846908, "log10_lambda": -3.7545488478604745, "log10_min_child_weight": 2.5336825795927216, "log10_subsample": -0.46801931463619206, "max_depth": 8.0, "num_boost_round": 3.0}, "datetime": {"datetime": "2024-01-19 01:18:44", "elapsed": 4018.41139, "delta": 0.00423}}
{"target": -17.677010992590347, "params": {"gamma": 973.1617948144408, "log10_alpha": -4.871792481940144, "log10_colsample_bytree": -0.20997451522452582, "log10_eta": -3.022277472846908, "log10_lambda": -3.7545488478604745, "log10_min_child_weight": 2.5336825795927216, "log10_subsample": -0.46801931463619206, "max_depth": 8.0, "num_boost_round": 4.0}, "datetime": {"datetime": "2024-01-19 01:18:44", "elapsed": 4018.415746, "delta": 0.004356}}
{"target": -17.67693495190784, "params": {"gamma": 973.1617948144408, "log10_alpha": -4.871792481940144, "log10_colsample_bytree": -0.20997451522452582, "log10_eta": -3.022277472846908, "log10_lambda": -3.7545488478604745, "log10_min_child_weight": 2.5336825795927216, "log10_subsample": -0.46801931463619206, "max_depth": 8.0, "num_boost_round": 5.0}, "datetime": {"datetime": "2024-01-19 01:18:44", "elapsed": 4018.420114, "delta": 0.004368}}
{"target": -17.676938831268906, "params": {"gamma": 973.1617948144408, "log10_alpha": -4.871792481940144, "log10_colsample_bytree": -0.20997451522452582, "log10_eta": -3.022277472846908, "log10_lambda": -3.7545488478604745, "log10_min_child_weight": 2.5336825795927216, "log10_subsample": -0.46801931463619206, "max_depth": 8.0, "num_boost_round": 6.0}, "datetime": {"datetime": "2024-01-19 01:18:44", "elapsed": 4018.424277, "delta": 0.004163}}
{"target": -17.67687646537932, "params": {"gamma": 973.1617948144408, "log10_alpha": -4.871792481940144, "log10_colsample_bytree": -0.20997451522452582, "log10_eta": -3.022277472846908, "log10_lambda": -3.7545488478604745, "log10_min_child_weight": 2.5336825795927216, "log10_subsample": -0.46801931463619206, "max_depth": 8.0, "num_boost_round": 7.0}, "datetime": {"datetime": "2024-01-19 01:18:44", "elapsed": 4018.452605, "delta": 0.028328}}
{"target": -17.676797010724993, "params": {"gamma": 973.1617948144408, "log10_alpha": -4.871792481940144, "log10_colsample_bytree": -0.20997451522452582, "log10_eta": -3.022277472846908, "log10_lambda": -3.7545488478604745, "log10_min_child_weight": 2.5336825795927216, "log10_subsample": -0.46801931463619206, "max_depth": 8.0, "num_boost_round": 8.0}, "datetime": {"datetime": "2024-01-19 01:18:44", "elapsed": 4018.456891, "delta": 0.004286}}
