{"target": -17.675682975991514, "params": {"gamma": 821.7266343503835, "log10_alpha": -3.306012800567519, "log10_colsample_bytree": -0.7752454237328164, "log10_eta": -2.787945704068017, "log10_lambda": -2.872866077811654, "log10_min_child_weight": 2.6269093178669403, "log10_subsample": -0.06592595867150342, "max_depth": 7.0, "num_boost_round": 21.0}, "datetime": {"datetime": "2024-01-19 01:38:07", "elapsed": 5172.098904, "delta": 0.005784}}
{"target": -17.675554096987202, "params": {"gamma": 821.7266343503835, "log10_alpha": -3.306012800567519, "log10_colsample_bytree": -0.7752454237328164, "log10_eta": -2.787945704068017, "log10_lambda": -2.872866077811654, "log10_min_child_weight": 2.6269093178669403, "log10_subsample": -0.06592595867150342, "max_depth": 7.0, "num_boost_round": 22.0}, "datetime": {"datetime": "2024-01-19 01:38:07", "elapsed": 5172.104439, "delta": 0.005535}}
{"target": -17.67541057039711, "params": {"gamma": 821.7266343503835, "log10_alpha": -3.306012800567519, "log10_colsample_bytree": -0.7752454237328164, "log10_eta": -2.787945704068017, "log10_lambda": -2.872866077811654, "log10_min_child_weight": 2.6269093178669403, "log10_subsample": -0.06592595867150342, "max_depth": 7.0, "num_boost_round": 23.0}, "datetime": {"datetime": "2024-01-19 01:38:07", "elapsed": 5172.110153, "delta": 0.005714}}
{"target": -17.675416136048938, "params": {"gamma": 821.7266343503835, "log10_alpha": -3.306012800567519, "log10_colsample_bytree": -0.7752454237328164, "log10_eta": -2.787945704068017, "log10_lambda": -2.872866077811654, "log10_min_child_weight": 2.6269093178669403, "log10_subsample": -0.06592595867150342, "max_depth": 7.0, "num_boost_round": 24.0}, "datetime": {"datetime": "2024-01-19 01:38:07", "elapsed": 5172.115696, "delta": 0.005543}}
{"target": -17.67528477114661, "params": {"gamma": 821.7266343503835, "log10_alpha": -3.306012800567519, "log10_colsample_bytree": -0.7752454237328164, "log10_eta": -2.787945704068017, "log10_lambda": -2.872866077811654, "log10_min_child_weight": 2.6269093178669403, "log10_subsample": -0.06592595867150342, "max_depth": 7.0, "num_boost_round": 25.0}, "datetime": {"datetime": "2024-01-19 01:38:07", "elapsed": 5172.121304, "delta": 0.005608}}
{"target": -17.675160454514735, "params": {"gamma": 821.7266343503835, "log10_alpha": -3.306012800567519, "log10_colsample_bytree": -0.7752454237328164, "log10_eta": -2.787945704068017, "log10_lambda": -2.872866077811654, "log10_min_child_weight": 2.6269093178669403, "log10_subsample": -0.06592595867150342, "max_depth": 7.0, "num_boost_round": 26.0}, "datetime": {"datetime": "2024-01-19 01:38:07", "elapsed": 5172.126874, "delta": 0.00557}}
{"target": -17.675092326488436, "params": {"gamma": 821.7266343503835, "log10_alpha": -3.306012800567519, "log10_colsample_bytree": -0.7752454237328164, "log10_eta": -2.787945704068017, "log10_lambda": -2.872866077811654, "log10_min_child_weight": 2.6269093178669403, "log10_subsample": -0.06592595867150342, "max_depth": 7.0, "num_boost_round": 27.0}, "datetime": {"datetime": "2024-01-19 01:38:07", "elapsed": 5172.132436, "delta": 0.005562}}
{"target": -17.674982218726626, "params": {"gamma": 821.7266343503835, "log10_alpha": -3.306012800567519, "log10_colsample_bytree": -0.7752454237328164, "log10_eta": -2.787945704068017, "log10_lambda": -2.872866077811654, "log10_min_child_weight": 2.6269093178669403, "log10_subsample": -0.06592595867150342, "max_depth": 7.0, "num_boost_round": 28.0}, "datetime": {"datetime": "2024-01-19 01:38:07", "elapsed": 5172.137875, "delta": 0.005439}}
{"target": -17.674903877743787, "params": {"gamma": 821.7266343503835, "log10_alpha": -3.306012800567519, "log10_colsample_bytree": -0.7752454237328164, "log10_eta": -2.787945704068017, "log10_lambda": -2.872866077811654, "log10_min_child_weight": 2.6269093178669403, "log10_subsample": -0.06592595867150342, "max_depth": 7.0, "num_boost_round": 29.0}, "datetime": {"datetime": "2024-01-19 01:38:07", "elapsed": 5172.143639, "delta": 0.005764}}
{"target": -17.674856548944962, "params": {"gamma": 821.7266343503835, "log10_alpha": -3.306012800567519, "log10_colsample_bytree": -0.7752454237328164, "log10_eta": -2.787945704068017, "log10_lambda": -2.872866077811654, "log10_min_child_weight": 2.6269093178669403, "log10_subsample": -0.06592595867150342, "max_depth": 7.0, "num_boost_round": 30.0}, "datetime": {"datetime": "2024-01-19 01:38:07", "elapsed": 5172.149073, "delta": 0.005434}}
{"target": -17.674691937460548, "params": {"gamma": 821.7266343503835, "log10_alpha": -3.306012800567519, "log10_colsample_bytree": -0.7752454237328164, "log10_eta": -2.787945704068017, "log10_lambda": -2.872866077811654, "log10_min_child_weight": 2.6269093178669403, "log10_subsample": -0.06592595867150342, "max_depth": 7.0, "num_boost_round": 31.0}, "datetime": {"datetime": "2024-01-19 01:38:07", "elapsed": 5172.154497, "delta": 0.005424}}
{"target": -17.674620416216673, "params": {"gamma": 821.7266343503835, "log10_alpha": -3.306012800567519, "log10_colsample_bytree": -0.7752454237328164, "log10_eta": -2.787945704068017, "log10_lambda": -2.872866077811654, "log10_min_child_weight": 2.6269093178669403, "log10_subsample": -0.06592595867150342, "max_depth": 7.0, "num_boost_round": 32.0}, "datetime": {"datetime": "2024-01-19 01:38:07", "elapsed": 5172.160066, "delta": 0.005569}}
{"target": -17.674546711090034, "params": {"gamma": 821.7266343503835, "log10_alpha": -3.306012800567519, "log10_colsample_bytree": -0.7752454237328164, "log10_eta": -2.787945704068017, "log10_lambda": -2.872866077811654, "log10_min_child_weight": 2.6269093178669403, "log10_subsample": -0.06592595867150342, "max_depth": 7.0, "num_boost_round": 33.0}, "datetime": {"datetime": "2024-01-19 01:38:07", "elapsed": 5172.165565, "delta": 0.005499}}
{"target": -17.674474771474564, "params": {"gamma": 821.7266343503835, "log10_alpha": -3.306012800567519, "log10_colsample_bytree": -0.7752454237328164, "log10_eta": -2.787945704068017, "log10_lambda": -2.872866077811654, "log10_min_child_weight": 2.6269093178669403, "log10_subsample": -0.06592595867150342, "max_depth": 7.0, "num_boost_round": 34.0}, "datetime": {"datetime": "2024-01-19 01:38:07", "elapsed": 5172.300787, "delta": 0.135222}}
{"target": -17.674459299444887, "params": {"gamma": 821.7266343503835, "log10_alpha": -3.306012800567519, "log10_colsample_bytree": -0.7752454237328164, "log10_eta": -2.787945704068017, "log10_lambda": -2.872866077811654, "log10_min_child_weight": 2.6269093178669403, "log10_subsample": -0.06592595867150342, "max_depth": 7.0, "num_boost_round": 35.0}, "datetime": {"datetime": "2024-01-19 01:38:07", "elapsed": 5172.307903, "delta": 0.007116}}
{"target": -17.674433924449303, "params": {"gamma": 821.7266343503835, "log10_alpha": -3.306012800567519, "log10_colsample_bytree": -0.7752454237328164, "log10_eta": -2.787945704068017, "log10_lambda": -2.872866077811654, "log10_min_child_weight": 2.6269093178669403, "log10_subsample": -0.06592595867150342, "max_depth": 7.0, "num_boost_round": 36.0}, "datetime": {"datetime": "2024-01-19 01:38:07", "elapsed": 5172.314037, "delta": 0.006134}}
{"target": -17.674362149935142, "params": {"gamma": 821.7266343503835, "log10_alpha": -3.306012800567519, "log10_colsample_bytree": -0.7752454237328164, "log10_eta": -2.787945704068017, "log10_lambda": -2.872866077811654, "log10_min_child_weight": 2.6269093178669403, "log10_subsample": -0.06592595867150342, "max_depth": 7.0, "num_boost_round": 37.0}, "datetime": {"datetime": "2024-01-19 01:38:07", "elapsed": 5172.320233, "delta": 0.006196}}
{"target": -17.674289206643074, "params": {"gamma": 821.7266343503835, "log10_alpha": -3.306012800567519, "log10_colsample_bytree": -0.7752454237328164, "log10_eta": -2.787945704068017, "log10_lambda": -2.872866077811654, "log10_min_child_weight": 2.6269093178669403, "log10_subsample": -0.06592595867150342, "max_depth": 7.0, "num_boost_round": 38.0}, "datetime": {"datetime": "2024-01-19 01:38:07", "elapsed": 5172.32637, "delta": 0.006137}}
{"target": -17.674267089873542, "params": {"gamma": 821.7266343503835, "log10_alpha": -3.306012800567519, "log10_colsample_bytree": -0.7752454237328164, "log10_eta": -2.787945704068017, "log10_lambda": -2.872866077811654, "log10_min_child_weight": 2.6269093178669403, "log10_subsample": -0.06592595867150342, "max_depth": 7.0, "num_boost_round": 39.0}, "datetime": {"datetime": "2024-01-19 01:38:07", "elapsed": 5172.332366, "delta": 0.005996}}
{"target": -17.674214513224076, "params": {"gamma": 821.7266343503835, "log10_alpha": -3.306012800567519, "log10_colsample_bytree": -0.7752454237328164, "log10_eta": -2.787945704068017, "log10_lambda": -2.872866077811654, "log10_min_child_weight": 2.6269093178669403, "log10_subsample": -0.06592595867150342, "max_depth": 7.0, "num_boost_round": 40.0}, "datetime": {"datetime": "2024-01-19 01:38:07", "elapsed": 5172.338411, "delta": 0.006045}}
{"target": -17.67716078468838, "params": {"gamma": 836.2360324751938, "log10_alpha": -3.4607850118986763, "log10_colsample_bytree": -0.677776989283333, "log10_eta": -2.9054686337240927, "log10_lambda": 0.026857601484786997, "log10_min_child_weight": 2.61838944696819, "log10_subsample": -0.0296684301472262, "max_depth": 8.0, "num_boost_round": 0.0}, "datetime": {"datetime": "2024-01-19 01:39:09", "elapsed": 5234.173763, "delta": 61.835352}}
{"target": -17.67710947878262, "params": {"gamma": 836.2360324751938, "log10_alpha": -3.4607850118986763, "log10_colsample_bytree": -0.677776989283333, "log10_eta": -2.9054686337240927, "log10_lambda": 0.026857601484786997, "log10_min_child_weight": 2.61838944696819, "log10_subsample": -0.0296684301472262, "max_depth": 8.0, "num_boost_round": 1.0}, "datetime": {"datetime": "2024-01-19 01:39:09", "elapsed": 5234.180454, "delta": 0.006691}}
{"target": -17.677065247823865, "params": {"gamma": 836.2360324751938, "log10_alpha": -3.4607850118986763, "log10_colsample_bytree": -0.677776989283333, "log10_eta": -2.9054686337240927, "log10_lambda": 0.026857601484786997, "log10_min_child_weight": 2.61838944696819, "log10_subsample": -0.0296684301472262, "max_depth": 8.0, "num_boost_round": 2.0}, "datetime": {"datetime": "2024-01-19 01:39:09", "elapsed": 5234.186195, "delta": 0.005741}}
{"target": -17.6769631409139, "params": {"gamma": 836.2360324751938, "log10_alpha": -3.4607850118986763, "log10_colsample_bytree": -0.677776989283333, "log10_eta": -2.9054686337240927, "log10_lambda": 0.026857601484786997, "log10_min_child_weight": 2.61838944696819, "log10_subsample": -0.0296684301472262, "max_depth": 8.0, "num_boost_round": 3.0}, "datetime": {"datetime": "2024-01-19 01:39:09", "elapsed": 5234.192396, "delta": 0.006201}}
{"target": -17.676837669134024, "params": {"gamma": 836.2360324751938, "log10_alpha": -3.4607850118986763, "log10_colsample_bytree": -0.677776989283333, "log10_eta": -2.9054686337240927, "log10_lambda": 0.026857601484786997, "log10_min_child_weight": 2.61838944696819, "log10_subsample": -0.0296684301472262, "max_depth": 8.0, "num_boost_round": 4.0}, "datetime": {"datetime": "2024-01-19 01:39:09", "elapsed": 5234.199175, "delta": 0.006779}}
{"target": -17.67674442523635, "params": {"gamma": 836.2360324751938, "log10_alpha": -3.4607850118986763, "log10_colsample_bytree": -0.677776989283333, "log10_eta": -2.9054686337240927, "log10_lambda": 0.026857601484786997, "log10_min_child_weight": 2.61838944696819, "log10_subsample": -0.0296684301472262, "max_depth": 8.0, "num_boost_round": 5.0}, "datetime": {"datetime": "2024-01-19 01:39:09", "elapsed": 5234.205922, "delta": 0.006747}}
{"target": -17.676718119661942, "params": {"gamma": 836.2360324751938, "log10_alpha": -3.4607850118986763, "log10_colsample_bytree": -0.677776989283333, "log10_eta": -2.9054686337240927, "log10_lambda": 0.026857601484786997, "log10_min_child_weight": 2.61838944696819, "log10_subsample": -0.0296684301472262, "max_depth": 8.0, "num_boost_round": 6.0}, "datetime": {"datetime": "2024-01-19 01:39:09", "elapsed": 5234.211873, "delta": 0.005951}}
{"target": -17.676622139268975, "params": {"gamma": 836.2360324751938, "log10_alpha": -3.4607850118986763, "log10_colsample_bytree": -0.677776989283333, "log10_eta": -2.9054686337240927, "log10_lambda": 0.026857601484786997, "log10_min_child_weight": 2.61838944696819, "log10_subsample": -0.0296684301472262, "max_depth": 8.0, "num_boost_round": 7.0}, "datetime": {"datetime": "2024-01-19 01:39:09", "elapsed": 5234.217643, "delta": 0.00577}}
{"target": -17.676588647814867, "params": {"gamma": 836.2360324751938, "log10_alpha": -3.4607850118986763, "log10_colsample_bytree": -0.677776989283333, "log10_eta": -2.9054686337240927, "log10_lambda": 0.026857601484786997, "log10_min_child_weight": 2.61838944696819, "log10_subsample": -0.0296684301472262, "max_depth": 8.0, "num_boost_round": 8.0}, "datetime": {"datetime": "2024-01-19 01:39:09", "elapsed": 5234.223279, "delta": 0.005636}}
{"target": -17.67656962116373, "params": {"gamma": 836.2360324751938, "log10_alpha": -3.4607850118986763, "log10_colsample_bytree": -0.677776989283333, "log10_eta": -2.9054686337240927, "log10_lambda": 0.026857601484786997, "log10_min_child_weight": 2.61838944696819, "log10_subsample": -0.0296684301472262, "max_depth": 8.0, "num_boost_round": 9.0}, "datetime": {"datetime": "2024-01-19 01:39:09", "elapsed": 5234.228882, "delta": 0.005603}}
{"target": -17.676451921710072, "params": {"gamma": 836.2360324751938, "log10_alpha": -3.4607850118986763, "log10_colsample_bytree": -0.677776989283333, "log10_eta": -2.9054686337240927, "log10_lambda": 0.026857601484786997, "log10_min_child_weight": 2.61838944696819, "log10_subsample": -0.0296684301472262, "max_depth": 8.0, "num_boost_round": 10.0}, "datetime": {"datetime": "2024-01-19 01:39:09", "elapsed": 5234.234563, "delta": 0.005681}}
{"target": -17.676399705438307, "params": {"gamma": 836.2360324751938, "log10_alpha": -3.4607850118986763, "log10_colsample_bytree": -0.677776989283333, "log10_eta": -2.9054686337240927, "log10_lambda": 0.026857601484786997, "log10_min_child_weight": 2.61838944696819, "log10_subsample": -0.0296684301472262, "max_depth": 8.0, "num_boost_round": 11.0}, "datetime": {"datetime": "2024-01-19 01:39:09", "elapsed": 5234.24046, "delta": 0.005897}}
{"target": -17.676342741201825, "params": {"gamma": 836.2360324751938, "log10_alpha": -3.4607850118986763, "log10_colsample_bytree": -0.677776989283333, "log10_eta": -2.9054686337240927, "log10_lambda": 0.026857601484786997, "log10_min_child_weight": 2.61838944696819, "log10_subsample": -0.0296684301472262, "max_depth": 8.0, "num_boost_round": 12.0}, "datetime": {"datetime": "2024-01-19 01:39:09", "elapsed": 5234.246554, "delta": 0.006094}}
{"target": -17.67623293706701, "params": {"gamma": 836.2360324751938, "log10_alpha": -3.4607850118986763, "log10_colsample_bytree": -0.677776989283333, "log10_eta": -2.9054686337240927, "log10_lambda": 0.026857601484786997, "log10_min_child_weight": 2.61838944696819, "log10_subsample": -0.0296684301472262, "max_depth": 8.0, "num_boost_round": 13.0}, "datetime": {"datetime": "2024-01-19 01:39:09", "elapsed": 5234.252264, "delta": 0.00571}}
{"target": -17.67625458148783, "params": {"gamma": 836.2360324751938, "log10_alpha": -3.4607850118986763, "log10_colsample_bytree": -0.677776989283333, "log10_eta": -2.9054686337240927, "log10_lambda": 0.026857601484786997, "log10_min_child_weight": 2.61838944696819, "log10_subsample": -0.0296684301472262, "max_depth": 8.0, "num_boost_round": 14.0}, "datetime": {"datetime": "2024-01-19 01:39:09", "elapsed": 5234.257971, "delta": 0.005707}}
{"target": -17.676223675131343, "params": {"gamma": 836.2360324751938, "log10_alpha": -3.4607850118986763, "log10_colsample_bytree": -0.677776989283333, "log10_eta": -2.9054686337240927, "log10_lambda": 0.026857601484786997, "log10_min_child_weight": 2.61838944696819, "log10_subsample": -0.0296684301472262, "max_depth": 8.0, "num_boost_round": 15.0}, "datetime": {"datetime": "2024-01-19 01:39:09", "elapsed": 5234.263632, "delta": 0.005661}}
{"target": -17.676202496321107, "params": {"gamma": 836.2360324751938, "log10_alpha": -3.4607850118986763, "log10_colsample_bytree": -0.677776989283333, "log10_eta": -2.9054686337240927, "log10_lambda": 0.026857601484786997, "log10_min_child_weight": 2.61838944696819, "log10_subsample": -0.0296684301472262, "max_depth": 8.0, "num_boost_round": 16.0}, "datetime": {"datetime": "2024-01-19 01:39:09", "elapsed": 5234.269205, "delta": 0.005573}}
{"target": -17.676157838119348, "params": {"gamma": 836.2360324751938, "log10_alpha": -3.4607850118986763, "log10_colsample_bytree": -0.677776989283333, "log10_eta": -2.9054686337240927, "log10_lambda": 0.026857601484786997, "log10_min_child_weight": 2.61838944696819, "log10_subsample": -0.0296684301472262, "max_depth": 8.0, "num_boost_round": 17.0}, "datetime": {"datetime": "2024-01-19 01:39:09", "elapsed": 5234.275136, "delta": 0.005931}}
{"target": -17.676211815866356, "params": {"gamma": 836.2360324751938, "log10_alpha": -3.4607850118986763, "log10_colsample_bytree": -0.677776989283333, "log10_eta": -2.9054686337240927, "log10_lambda": 0.026857601484786997, "log10_min_child_weight": 2.61838944696819, "log10_subsample": -0.0296684301472262, "max_depth": 8.0, "num_boost_round": 18.0}, "datetime": {"datetime": "2024-01-19 01:39:09", "elapsed": 5234.282127, "delta": 0.006991}}
{"target": -17.67610482057437, "params": {"gamma": 836.2360324751938, "log10_alpha": -3.4607850118986763, "log10_colsample_bytree": -0.677776989283333, "log10_eta": -2.9054686337240927, "log10_lambda": 0.026857601484786997, "log10_min_child_weight": 2.61838944696819, "log10_subsample": -0.0296684301472262, "max_depth": 8.0, "num_boost_round": 19.0}, "datetime": {"datetime": "2024-01-19 01:39:09", "elapsed": 5234.288029, "delta": 0.005902}}
{"target": -17.676014251235713, "params": {"gamma": 836.2360324751938, "log10_alpha": -3.4607850118986763, "log10_colsample_bytree": -0.677776989283333, "log10_eta": -2.9054686337240927, "log10_lambda": 0.026857601484786997, "log10_min_child_weight": 2.61838944696819, "log10_subsample": -0.0296684301472262, "max_depth": 8.0, "num_boost_round": 20.0}, "datetime": {"datetime": "2024-01-19 01:39:09", "elapsed": 5234.293692, "delta": 0.005663}}
{"target": -17.67594593449852, "params": {"gamma": 836.2360324751938, "log10_alpha": -3.4607850118986763, "log10_colsample_bytree": -0.677776989283333, "log10_eta": -2.9054686337240927, "log10_lambda": 0.026857601484786997, "log10_min_child_weight": 2.61838944696819, "log10_subsample": -0.0296684301472262, "max_depth": 8.0, "num_boost_round": 21.0}, "datetime": {"datetime": "2024-01-19 01:39:09", "elapsed": 5234.29929, "delta": 0.005598}}
{"target": -17.675822345642207, "params": {"gamma": 836.2360324751938, "log10_alpha": -3.4607850118986763, "log10_colsample_bytree": -0.677776989283333, "log10_eta": -2.9054686337240927, "log10_lambda": 0.026857601484786997, "log10_min_child_weight": 2.61838944696819, "log10_subsample": -0.0296684301472262, "max_depth": 8.0, "num_boost_round": 22.0}, "datetime": {"datetime": "2024-01-19 01:39:09", "elapsed": 5234.304884, "delta": 0.005594}}
{"target": -17.675770157957302, "params": {"gamma": 836.2360324751938, "log10_alpha": -3.4607850118986763, "log10_colsample_bytree": -0.677776989283333, "log10_eta": -2.9054686337240927, "log10_lambda": 0.026857601484786997, "log10_min_child_weight": 2.61838944696819, "log10_subsample": -0.0296684301472262, "max_depth": 8.0, "num_boost_round": 23.0}, "datetime": {"datetime": "2024-01-19 01:39:09", "elapsed": 5234.310448, "delta": 0.005564}}
{"target": -17.675764813404218, "params": {"gamma": 836.2360324751938, "log10_alpha": -3.4607850118986763, "log10_colsample_bytree": -0.677776989283333, "log10_eta": -2.9054686337240927, "log10_lambda": 0.026857601484786997, "log10_min_child_weight": 2.61838944696819, "log10_subsample": -0.0296684301472262, "max_depth": 8.0, "num_boost_round": 24.0}, "datetime": {"datetime": "2024-01-19 01:39:09", "elapsed": 5234.316433, "delta": 0.005985}}
{"target": -17.675698241983884, "params": {"gamma": 836.2360324751938, "log10_alpha": -3.4607850118986763, "log10_colsample_bytree": -0.677776989283333, "log10_eta": -2.9054686337240927, "log10_lambda": 0.026857601484786997, "log10_min_child_weight": 2.61838944696819, "log10_subsample": -0.0296684301472262, "max_depth": 8.0, "num_boost_round": 25.0}, "datetime": {"datetime": "2024-01-19 01:39:09", "elapsed": 5234.322195, "delta": 0.005762}}
{"target": -17.675648869001762, "params": {"gamma": 836.2360324751938, "log10_alpha": -3.4607850118986763, "log10_colsample_bytree": -0.677776989283333, "log10_eta": -2.9054686337240927, "log10_lambda": 0.026857601484786997, "log10_min_child_weight": 2.61838944696819, "log10_subsample": -0.0296684301472262, "max_depth": 8.0, "num_boost_round": 26.0}, "datetime": {"datetime": "2024-01-19 01:39:09", "elapsed": 5234.327941, "delta": 0.005746}}
{"target": -17.67563354312358, "params": {"gamma": 836.2360324751938, "log10_alpha": -3.4607850118986763, "log10_colsample_bytree": -0.677776989283333, "log10_eta": -2.9054686337240927, "log10_lambda": 0.026857601484786997, "log10_min_child_weight": 2.61838944696819, "log10_subsample": -0.0296684301472262, "max_depth": 8.0, "num_boost_round": 27.0}, "datetime": {"datetime": "2024-01-19 01:39:09", "elapsed": 5234.333521, "delta": 0.00558}}
{"target": -17.67556596402193, "params": {"gamma": 836.2360324751938, "log10_alpha": -3.4607850118986763, "log10_colsample_bytree": -0.677776989283333, "log10_eta": -2.9054686337240927, "log10_lambda": 0.026857601484786997, "log10_min_child_weight": 2.61838944696819, "log10_subsample": -0.0296684301472262, "max_depth": 8.0, "num_boost_round": 28.0}, "datetime": {"datetime": "2024-01-19 01:39:09", "elapsed": 5234.339101, "delta": 0.00558}}
