{"target": -13.758417448658475, "params": {"gamma": 561.8499152483303, "log10_alpha": -2.4309354701666344, "log10_colsample_bytree": -0.7992739721828944, "log10_eta": -2.663141026919704, "log10_lambda": -3.0657345534117626, "log10_min_child_weight": 3.514279188919783, "log10_subsample": -0.8515422590835796, "max_depth": 9.0, "num_boost_round": 5.0}, "datetime": {"datetime": "2024-01-19 00:14:08", "elapsed": 179.874554, "delta": 0.00036}}
{"target": -13.758462817722094, "params": {"gamma": 561.8499152483303, "log10_alpha": -2.4309354701666344, "log10_colsample_bytree": -0.7992739721828944, "log10_eta": -2.663141026919704, "log10_lambda": -3.0657345534117626, "log10_min_child_weight": 3.514279188919783, "log10_subsample": -0.8515422590835796, "max_depth": 9.0, "num_boost_round": 6.0}, "datetime": {"datetime": "2024-01-19 00:14:08", "elapsed": 179.874905, "delta": 0.000351}}
{"target": -13.758433166302932, "params": {"gamma": 561.8499152483303, "log10_alpha": -2.4309354701666344, "log10_colsample_bytree": -0.7992739721828944, "log10_eta": -2.663141026919704, "log10_lambda": -3.0657345534117626, "log10_min_child_weight": 3.514279188919783, "log10_subsample": -0.8515422590835796, "max_depth": 9.0, "num_boost_round": 7.0}, "datetime": {"datetime": "2024-01-19 00:14:08", "elapsed": 179.875273, "delta": 0.000368}}
{"target": -13.758422739738759, "params": {"gamma": 561.8499152483303, "log10_alpha": -2.4309354701666344, "log10_colsample_bytree": -0.7992739721828944, "log10_eta": -2.663141026919704, "log10_lambda": -3.0657345534117626, "log10_min_child_weight": 3.514279188919783, "log10_subsample": -0.8515422590835796, "max_depth": 9.0, "num_boost_round": 8.0}, "datetime": {"datetime": "2024-01-19 00:14:08", "elapsed": 179.875745, "delta": 0.000472}}
{"target": -13.758446278711862, "params": {"gamma": 561.8499152483303, "log10_alpha": -2.4309354701666344, "log10_colsample_bytree": -0.7992739721828944, "log10_eta": -2.663141026919704, "log10_lambda": -3.0657345534117626, "log10_min_child_weight": 3.514279188919783, "log10_subsample": -0.8515422590835796, "max_depth": 9.0, "num_boost_round": 9.0}, "datetime": {"datetime": "2024-01-19 00:14:08", "elapsed": 179.876113, "delta": 0.000368}}
{"target": -13.75841129190185, "params": {"gamma": 561.8499152483303, "log10_alpha": -2.4309354701666344, "log10_colsample_bytree": -0.7992739721828944, "log10_eta": -2.663141026919704, "log10_lambda": -3.0657345534117626, "log10_min_child_weight": 3.514279188919783, "log10_subsample": -0.8515422590835796, "max_depth": 9.0, "num_boost_round": 10.0}, "datetime": {"datetime": "2024-01-19 00:14:08", "elapsed": 179.87647, "delta": 0.000357}}
{"target": -13.75840745086544, "params": {"gamma": 561.8499152483303, "log10_alpha": -2.4309354701666344, "log10_colsample_bytree": -0.7992739721828944, "log10_eta": -2.663141026919704, "log10_lambda": -3.0657345534117626, "log10_min_child_weight": 3.514279188919783, "log10_subsample": -0.8515422590835796, "max_depth": 9.0, "num_boost_round": 11.0}, "datetime": {"datetime": "2024-01-19 00:14:08", "elapsed": 179.876838, "delta": 0.000368}}
{"target": -13.758398261411568, "params": {"gamma": 561.8499152483303, "log10_alpha": -2.4309354701666344, "log10_colsample_bytree": -0.7992739721828944, "log10_eta": -2.663141026919704, "log10_lambda": -3.0657345534117626, "log10_min_child_weight": 3.514279188919783, "log10_subsample": -0.8515422590835796, "max_depth": 9.0, "num_boost_round": 12.0}, "datetime": {"datetime": "2024-01-19 00:14:08", "elapsed": 179.877214, "delta": 0.000376}}
{"target": -13.75837920133848, "params": {"gamma": 561.8499152483303, "log10_alpha": -2.4309354701666344, "log10_colsample_bytree": -0.7992739721828944, "log10_eta": -2.663141026919704, "log10_lambda": -3.0657345534117626, "log10_min_child_weight": 3.514279188919783, "log10_subsample": -0.8515422590835796, "max_depth": 9.0, "num_boost_round": 13.0}, "datetime": {"datetime": "2024-01-19 00:14:08", "elapsed": 179.877578, "delta": 0.000364}}
{"target": -13.75833810365217, "params": {"gamma": 561.8499152483303, "log10_alpha": -2.4309354701666344, "log10_colsample_bytree": -0.7992739721828944, "log10_eta": -2.663141026919704, "log10_lambda": -3.0657345534117626, "log10_min_child_weight": 3.514279188919783, "log10_subsample": -0.8515422590835796, "max_depth": 9.0, "num_boost_round": 14.0}, "datetime": {"datetime": "2024-01-19 00:14:08", "elapsed": 179.877938, "delta": 0.00036}}
{"target": -13.758510157829214, "params": {"gamma": 560.3717056859093, "log10_alpha": -2.1577062165062544, "log10_colsample_bytree": -0.24182346330808135, "log10_eta": -3.0235507565513005, "log10_lambda": -0.8224855402328064, "log10_min_child_weight": 1.576043299648679, "log10_subsample": -0.7659550415400476, "max_depth": 9.0, "num_boost_round": 0.0}, "datetime": {"datetime": "2024-01-19 00:14:34", "elapsed": 206.778875, "delta": 26.900937}}
{"target": -13.75848469961589, "params": {"gamma": 560.3717056859093, "log10_alpha": -2.1577062165062544, "log10_colsample_bytree": -0.24182346330808135, "log10_eta": -3.0235507565513005, "log10_lambda": -0.8224855402328064, "log10_min_child_weight": 1.576043299648679, "log10_subsample": -0.7659550415400476, "max_depth": 9.0, "num_boost_round": 1.0}, "datetime": {"datetime": "2024-01-19 00:14:34", "elapsed": 206.779371, "delta": 0.000496}}
{"target": -13.75839570023793, "params": {"gamma": 560.3717056859093, "log10_alpha": -2.1577062165062544, "log10_colsample_bytree": -0.24182346330808135, "log10_eta": -3.0235507565513005, "log10_lambda": -0.8224855402328064, "log10_min_child_weight": 1.576043299648679, "log10_subsample": -0.7659550415400476, "max_depth": 9.0, "num_boost_round": 2.0}, "datetime": {"datetime": "2024-01-19 00:14:34", "elapsed": 206.779757, "delta": 0.000386}}
{"target": -13.758393590372282, "params": {"gamma": 560.3717056859093, "log10_alpha": -2.1577062165062544, "log10_colsample_bytree": -0.24182346330808135, "log10_eta": -3.0235507565513005, "log10_lambda": -0.8224855402328064, "log10_min_child_weight": 1.576043299648679, "log10_subsample": -0.7659550415400476, "max_depth": 9.0, "num_boost_round": 3.0}, "datetime": {"datetime": "2024-01-19 00:14:34", "elapsed": 206.780139, "delta": 0.000382}}
{"target": -13.758378038715955, "params": {"gamma": 560.3717056859093, "log10_alpha": -2.1577062165062544, "log10_colsample_bytree": -0.24182346330808135, "log10_eta": -3.0235507565513005, "log10_lambda": -0.8224855402328064, "log10_min_child_weight": 1.576043299648679, "log10_subsample": -0.7659550415400476, "max_depth": 9.0, "num_boost_round": 4.0}, "datetime": {"datetime": "2024-01-19 00:14:34", "elapsed": 206.780512, "delta": 0.000373}}
{"target": -13.758287580770013, "params": {"gamma": 560.3717056859093, "log10_alpha": -2.1577062165062544, "log10_colsample_bytree": -0.24182346330808135, "log10_eta": -3.0235507565513005, "log10_lambda": -0.8224855402328064, "log10_min_child_weight": 1.576043299648679, "log10_subsample": -0.7659550415400476, "max_depth": 9.0, "num_boost_round": 5.0}, "datetime": {"datetime": "2024-01-19 00:14:34", "elapsed": 206.780887, "delta": 0.000375}}
{"target": -13.758176604048142, "params": {"gamma": 560.3717056859093, "log10_alpha": -2.1577062165062544, "log10_colsample_bytree": -0.24182346330808135, "log10_eta": -3.0235507565513005, "log10_lambda": -0.8224855402328064, "log10_min_child_weight": 1.576043299648679, "log10_subsample": -0.7659550415400476, "max_depth": 9.0, "num_boost_round": 6.0}, "datetime": {"datetime": "2024-01-19 00:14:34", "elapsed": 206.781638, "delta": 0.000751}}
{"target": -13.758204318379564, "params": {"gamma": 560.3717056859093, "log10_alpha": -2.1577062165062544, "log10_colsample_bytree": -0.24182346330808135, "log10_eta": -3.0235507565513005, "log10_lambda": -0.8224855402328064, "log10_min_child_weight": 1.576043299648679, "log10_subsample": -0.7659550415400476, "max_depth": 9.0, "num_boost_round": 7.0}, "datetime": {"datetime": "2024-01-19 00:14:34", "elapsed": 206.782049, "delta": 0.000411}}
{"target": -13.758205923635588, "params": {"gamma": 560.3717056859093, "log10_alpha": -2.1577062165062544, "log10_colsample_bytree": -0.24182346330808135, "log10_eta": -3.0235507565513005, "log10_lambda": -0.8224855402328064, "log10_min_child_weight": 1.576043299648679, "log10_subsample": -0.7659550415400476, "max_depth": 9.0, "num_boost_round": 8.0}, "datetime": {"datetime": "2024-01-19 00:14:34", "elapsed": 206.782644, "delta": 0.000595}}
{"target": -13.75817216200091, "params": {"gamma": 560.3717056859093, "log10_alpha": -2.1577062165062544, "log10_colsample_bytree": -0.24182346330808135, "log10_eta": -3.0235507565513005, "log10_lambda": -0.8224855402328064, "log10_min_child_weight": 1.576043299648679, "log10_subsample": -0.7659550415400476, "max_depth": 9.0, "num_boost_round": 9.0}, "datetime": {"datetime": "2024-01-19 00:14:34", "elapsed": 206.783147, "delta": 0.000503}}
{"target": -13.758176802481414, "params": {"gamma": 560.3717056859093, "log10_alpha": -2.1577062165062544, "log10_colsample_bytree": -0.24182346330808135, "log10_eta": -3.0235507565513005, "log10_lambda": -0.8224855402328064, "log10_min_child_weight": 1.576043299648679, "log10_subsample": -0.7659550415400476, "max_depth": 9.0, "num_boost_round": 10.0}, "datetime": {"datetime": "2024-01-19 00:14:34", "elapsed": 206.783533, "delta": 0.000386}}
{"target": -13.758111079477317, "params": {"gamma": 560.3717056859093, "log10_alpha": -2.1577062165062544, "log10_colsample_bytree": -0.24182346330808135, "log10_eta": -3.0235507565513005, "log10_lambda": -0.8224855402328064, "log10_min_child_weight": 1.576043299648679, "log10_subsample": -0.7659550415400476, "max_depth": 9.0, "num_boost_round": 11.0}, "datetime": {"datetime": "2024-01-19 00:14:34", "elapsed": 206.783913, "delta": 0.00038}}
{"target": -13.758105606103316, "params": {"gamma": 560.3717056859093, "log10_alpha": -2.1577062165062544, "log10_colsample_bytree": -0.24182346330808135, "log10_eta": -3.0235507565513005, "log10_lambda": -0.8224855402328064, "log10_min_child_weight": 1.576043299648679, "log10_subsample": -0.7659550415400476, "max_depth": 9.0, "num_boost_round": 12.0}, "datetime": {"datetime": "2024-01-19 00:14:34", "elapsed": 206.784412, "delta": 0.000499}}
{"target": -13.758071541707686, "params": {"gamma": 560.3717056859093, "log10_alpha": -2.1577062165062544, "log10_colsample_bytree": -0.24182346330808135, "log10_eta": -3.0235507565513005, "log10_lambda": -0.8224855402328064, "log10_min_child_weight": 1.576043299648679, "log10_subsample": -0.7659550415400476, "max_depth": 9.0, "num_boost_round": 13.0}, "datetime": {"datetime": "2024-01-19 00:14:34", "elapsed": 206.784798, "delta": 0.000386}}
{"target": -13.758085008746086, "params": {"gamma": 560.3717056859093, "log10_alpha": -2.1577062165062544, "log10_colsample_bytree": -0.24182346330808135, "log10_eta": -3.0235507565513005, "log10_lambda": -0.8224855402328064, "log10_min_child_weight": 1.576043299648679, "log10_subsample": -0.7659550415400476, "max_depth": 9.0, "num_boost_round": 14.0}, "datetime": {"datetime": "2024-01-19 00:14:34", "elapsed": 206.785188, "delta": 0.00039}}
{"target": -13.75805099016823, "params": {"gamma": 560.3717056859093, "log10_alpha": -2.1577062165062544, "log10_colsample_bytree": -0.24182346330808135, "log10_eta": -3.0235507565513005, "log10_lambda": -0.8224855402328064, "log10_min_child_weight": 1.576043299648679, "log10_subsample": -0.7659550415400476, "max_depth": 9.0, "num_boost_round": 15.0}, "datetime": {"datetime": "2024-01-19 00:14:34", "elapsed": 206.785686, "delta": 0.000498}}
{"target": -13.758063968575053, "params": {"gamma": 560.3717056859093, "log10_alpha": -2.1577062165062544, "log10_colsample_bytree": -0.24182346330808135, "log10_eta": -3.0235507565513005, "log10_lambda": -0.8224855402328064, "log10_min_child_weight": 1.576043299648679, "log10_subsample": -0.7659550415400476, "max_depth": 9.0, "num_boost_round": 16.0}, "datetime": {"datetime": "2024-01-19 00:14:34", "elapsed": 206.786076, "delta": 0.00039}}
{"target": -13.75805227569891, "params": {"gamma": 560.3717056859093, "log10_alpha": -2.1577062165062544, "log10_colsample_bytree": -0.24182346330808135, "log10_eta": -3.0235507565513005, "log10_lambda": -0.8224855402328064, "log10_min_child_weight": 1.576043299648679, "log10_subsample": -0.7659550415400476, "max_depth": 9.0, "num_boost_round": 17.0}, "datetime": {"datetime": "2024-01-19 00:14:34", "elapsed": 206.786458, "delta": 0.000382}}
{"target": -13.758026393806395, "params": {"gamma": 560.3717056859093, "log10_alpha": -2.1577062165062544, "log10_colsample_bytree": -0.24182346330808135, "log10_eta": -3.0235507565513005, "log10_lambda": -0.8224855402328064, "log10_min_child_weight": 1.576043299648679, "log10_subsample": -0.7659550415400476, "max_depth": 9.0, "num_boost_round": 18.0}, "datetime": {"datetime": "2024-01-19 00:14:34", "elapsed": 206.786885, "delta": 0.000427}}
{"target": -13.757955196144914, "params": {"gamma": 560.3717056859093, "log10_alpha": -2.1577062165062544, "log10_colsample_bytree": -0.24182346330808135, "log10_eta": -3.0235507565513005, "log10_lambda": -0.8224855402328064, "log10_min_child_weight": 1.576043299648679, "log10_subsample": -0.7659550415400476, "max_depth": 9.0, "num_boost_round": 19.0}, "datetime": {"datetime": "2024-01-19 00:14:34", "elapsed": 206.787283, "delta": 0.000398}}
{"target": -13.757922077872015, "params": {"gamma": 560.3717056859093, "log10_alpha": -2.1577062165062544, "log10_colsample_bytree": -0.24182346330808135, "log10_eta": -3.0235507565513005, "log10_lambda": -0.8224855402328064, "log10_min_child_weight": 1.576043299648679, "log10_subsample": -0.7659550415400476, "max_depth": 9.0, "num_boost_round": 20.0}, "datetime": {"datetime": "2024-01-19 00:14:34", "elapsed": 206.787684, "delta": 0.000401}}
{"target": -13.757881513147527, "params": {"gamma": 560.3717056859093, "log10_alpha": -2.1577062165062544, "log10_colsample_bytree": -0.24182346330808135, "log10_eta": -3.0235507565513005, "log10_lambda": -0.8224855402328064, "log10_min_child_weight": 1.576043299648679, "log10_subsample": -0.7659550415400476, "max_depth": 9.0, "num_boost_round": 21.0}, "datetime": {"datetime": "2024-01-19 00:14:34", "elapsed": 206.78812, "delta": 0.000436}}
{"target": -13.757837084227473, "params": {"gamma": 560.3717056859093, "log10_alpha": -2.1577062165062544, "log10_colsample_bytree": -0.24182346330808135, "log10_eta": -3.0235507565513005, "log10_lambda": -0.8224855402328064, "log10_min_child_weight": 1.576043299648679, "log10_subsample": -0.7659550415400476, "max_depth": 9.0, "num_boost_round": 22.0}, "datetime": {"datetime": "2024-01-19 00:14:34", "elapsed": 206.788512, "delta": 0.000392}}
{"target": -13.758120046082556, "params": {"gamma": 567.3078290235668, "log10_alpha": -4.272712955096436, "log10_colsample_bytree": -0.9733173674368203, "log10_eta": -1.5396197241479572, "log10_lambda": -2.3239098791515493, "log10_min_child_weight": 0.5320879796780914, "log10_subsample": -0.9787936607874308, "max_depth": 4.0, "num_boost_round": 0.0}, "datetime": {"datetime": "2024-01-19 00:14:52", "elapsed": 224.50953, "delta": 17.721018}}
{"target": -13.757229144456575, "params": {"gamma": 567.3078290235668, "log10_alpha": -4.272712955096436, "log10_colsample_bytree": -0.9733173674368203, "log10_eta": -1.5396197241479572, "log10_lambda": -2.3239098791515493, "log10_min_child_weight": 0.5320879796780914, "log10_subsample": -0.9787936607874308, "max_depth": 4.0, "num_boost_round": 1.0}, "datetime": {"datetime": "2024-01-19 00:14:52", "elapsed": 224.510174, "delta": 0.000644}}
{"target": -13.75725690967868, "params": {"gamma": 567.3078290235668, "log10_alpha": -4.272712955096436, "log10_colsample_bytree": -0.9733173674368203, "log10_eta": -1.5396197241479572, "log10_lambda": -2.3239098791515493, "log10_min_child_weight": 0.5320879796780914, "log10_subsample": -0.9787936607874308, "max_depth": 4.0, "num_boost_round": 2.0}, "datetime": {"datetime": "2024-01-19 00:14:52", "elapsed": 224.510626, "delta": 0.000452}}
{"target": -13.75673155527318, "params": {"gamma": 567.3078290235668, "log10_alpha": -4.272712955096436, "log10_colsample_bytree": -0.9733173674368203, "log10_eta": -1.5396197241479572, "log10_lambda": -2.3239098791515493, "log10_min_child_weight": 0.5320879796780914, "log10_subsample": -0.9787936607874308, "max_depth": 4.0, "num_boost_round": 3.0}, "datetime": {"datetime": "2024-01-19 00:14:52", "elapsed": 224.51104, "delta": 0.000414}}
{"target": -13.756493079797979, "params": {"gamma": 567.3078290235668, "log10_alpha": -4.272712955096436, "log10_colsample_bytree": -0.9733173674368203, "log10_eta": -1.5396197241479572, "log10_lambda": -2.3239098791515493, "log10_min_child_weight": 0.5320879796780914, "log10_subsample": -0.9787936607874308, "max_depth": 4.0, "num_boost_round": 4.0}, "datetime": {"datetime": "2024-01-19 00:14:52", "elapsed": 224.511448, "delta": 0.000408}}
{"target": -13.75656091280379, "params": {"gamma": 567.3078290235668, "log10_alpha": -4.272712955096436, "log10_colsample_bytree": -0.9733173674368203, "log10_eta": -1.5396197241479572, "log10_lambda": -2.3239098791515493, "log10_min_child_weight": 0.5320879796780914, "log10_subsample": -0.9787936607874308, "max_depth": 4.0, "num_boost_round": 5.0}, "datetime": {"datetime": "2024-01-19 00:14:52", "elapsed": 224.512285, "delta": 0.000837}}
{"target": -13.756858158277634, "params": {"gamma": 567.3078290235668, "log10_alpha": -4.272712955096436, "log10_colsample_bytree": -0.9733173674368203, "log10_eta": -1.5396197241479572, "log10_lambda": -2.3239098791515493, "log10_min_child_weight": 0.5320879796780914, "log10_subsample": -0.9787936607874308, "max_depth": 4.0, "num_boost_round": 6.0}, "datetime": {"datetime": "2024-01-19 00:14:52", "elapsed": 224.512814, "delta": 0.000529}}
{"target": -13.756758124471839, "params": {"gamma": 567.3078290235668, "log10_alpha": -4.272712955096436, "log10_colsample_bytree": -0.9733173674368203, "log10_eta": -1.5396197241479572, "log10_lambda": -2.3239098791515493, "log10_min_child_weight": 0.5320879796780914, "log10_subsample": -0.9787936607874308, "max_depth": 4.0, "num_boost_round": 7.0}, "datetime": {"datetime": "2024-01-19 00:14:52", "elapsed": 224.513232, "delta": 0.000418}}
{"target": -13.75672965000053, "params": {"gamma": 567.3078290235668, "log10_alpha": -4.272712955096436, "log10_colsample_bytree": -0.9733173674368203, "log10_eta": -1.5396197241479572, "log10_lambda": -2.3239098791515493, "log10_min_child_weight": 0.5320879796780914, "log10_subsample": -0.9787936607874308, "max_depth": 4.0, "num_boost_round": 8.0}, "datetime": {"datetime": "2024-01-19 00:14:52", "elapsed": 224.51365, "delta": 0.000418}}
{"target": -13.756734507480214, "params": {"gamma": 567.3078290235668, "log10_alpha": -4.272712955096436, "log10_colsample_bytree": -0.9733173674368203, "log10_eta": -1.5396197241479572, "log10_lambda": -2.3239098791515493, "log10_min_child_weight": 0.5320879796780914, "log10_subsample": -0.9787936607874308, "max_depth": 4.0, "num_boost_round": 9.0}, "datetime": {"datetime": "2024-01-19 00:14:52", "elapsed": 224.514073, "delta": 0.000423}}
{"target": -13.758423694122703, "params": {"gamma": 568.3404858502684, "log10_alpha": -1.7655855305501733, "log10_colsample_bytree": -0.6437855688843488, "log10_eta": -1.989259060027829, "log10_lambda": -1.6051945389846956, "log10_min_child_weight": 2.2655960287226673, "log10_subsample": -0.21766753307614128, "max_depth": 7.0, "num_boost_round": 0.0}, "datetime": {"datetime": "2024-01-19 00:15:11", "elapsed": 243.322708, "delta": 18.808635}}
{"target": -13.758233675867972, "params": {"gamma": 568.3404858502684, "log10_alpha": -1.7655855305501733, "log10_colsample_bytree": -0.6437855688843488, "log10_eta": -1.989259060027829, "log10_lambda": -1.6051945389846956, "log10_min_child_weight": 2.2655960287226673, "log10_subsample": -0.21766753307614128, "max_depth": 7.0, "num_boost_round": 1.0}, "datetime": {"datetime": "2024-01-19 00:15:11", "elapsed": 243.323277, "delta": 0.000569}}
{"target": -13.757529411892394, "params": {"gamma": 568.3404858502684, "log10_alpha": -1.7655855305501733, "log10_colsample_bytree": -0.6437855688843488, "log10_eta": -1.989259060027829, "log10_lambda": -1.6051945389846956, "log10_min_child_weight": 2.2655960287226673, "log10_subsample": -0.21766753307614128, "max_depth": 7.0, "num_boost_round": 2.0}, "datetime": {"datetime": "2024-01-19 00:15:11", "elapsed": 243.323714, "delta": 0.000437}}
{"target": -13.756965277455235, "params": {"gamma": 568.3404858502684, "log10_alpha": -1.7655855305501733, "log10_colsample_bytree": -0.6437855688843488, "log10_eta": -1.989259060027829, "log10_lambda": -1.6051945389846956, "log10_min_child_weight": 2.2655960287226673, "log10_subsample": -0.21766753307614128, "max_depth": 7.0, "num_boost_round": 3.0}, "datetime": {"datetime": "2024-01-19 00:15:11", "elapsed": 243.324141, "delta": 0.000427}}
{"target": -13.756170142065233, "params": {"gamma": 568.3404858502684, "log10_alpha": -1.7655855305501733, "log10_colsample_bytree": -0.6437855688843488, "log10_eta": -1.989259060027829, "log10_lambda": -1.6051945389846956, "log10_min_child_weight": 2.2655960287226673, "log10_subsample": -0.21766753307614128, "max_depth": 7.0, "num_boost_round": 4.0}, "datetime": {"datetime": "2024-01-19 00:15:11", "elapsed": 243.324567, "delta": 0.000426}}
{"target": -13.75548067029292, "params": {"gamma": 568.3404858502684, "log10_alpha": -1.7655855305501733, "log10_colsample_bytree": -0.6437855688843488, "log10_eta": -1.989259060027829, "log10_lambda": -1.6051945389846956, "log10_min_child_weight": 2.2655960287226673, "log10_subsample": -0.21766753307614128, "max_depth": 7.0, "num_boost_round": 5.0}, "datetime": {"datetime": "2024-01-19 00:15:11", "elapsed": 243.325006, "delta": 0.000439}}
