{"target": -13.758333083919554, "params": {"gamma": 554.3707300204441, "log10_alpha": -3.921062290146602, "log10_colsample_bytree": -0.7654263779569807, "log10_eta": -2.5512111540825155, "log10_lambda": -0.14038050197215846, "log10_min_child_weight": 3.4389626015812587, "log10_subsample": -0.4174183266110798, "max_depth": 8.0, "num_boost_round": 5.0}, "datetime": {"datetime": "2024-01-19 00:18:46", "elapsed": 458.066402, "delta": 0.000654}}
{"target": -13.758361170868328, "params": {"gamma": 554.3707300204441, "log10_alpha": -3.921062290146602, "log10_colsample_bytree": -0.7654263779569807, "log10_eta": -2.5512111540825155, "log10_lambda": -0.14038050197215846, "log10_min_child_weight": 3.4389626015812587, "log10_subsample": -0.4174183266110798, "max_depth": 8.0, "num_boost_round": 6.0}, "datetime": {"datetime": "2024-01-19 00:18:46", "elapsed": 458.067118, "delta": 0.000716}}
{"target": -13.758291309806868, "params": {"gamma": 554.3707300204441, "log10_alpha": -3.921062290146602, "log10_colsample_bytree": -0.7654263779569807, "log10_eta": -2.5512111540825155, "log10_lambda": -0.14038050197215846, "log10_min_child_weight": 3.4389626015812587, "log10_subsample": -0.4174183266110798, "max_depth": 8.0, "num_boost_round": 7.0}, "datetime": {"datetime": "2024-01-19 00:18:46", "elapsed": 458.067697, "delta": 0.000579}}
{"target": -13.758228186011584, "params": {"gamma": 554.3707300204441, "log10_alpha": -3.921062290146602, "log10_colsample_bytree": -0.7654263779569807, "log10_eta": -2.5512111540825155, "log10_lambda": -0.14038050197215846, "log10_min_child_weight": 3.4389626015812587, "log10_subsample": -0.4174183266110798, "max_depth": 8.0, "num_boost_round": 8.0}, "datetime": {"datetime": "2024-01-19 00:18:46", "elapsed": 458.068342, "delta": 0.000645}}
{"target": -13.758257138431487, "params": {"gamma": 554.3707300204441, "log10_alpha": -3.921062290146602, "log10_colsample_bytree": -0.7654263779569807, "log10_eta": -2.5512111540825155, "log10_lambda": -0.14038050197215846, "log10_min_child_weight": 3.4389626015812587, "log10_subsample": -0.4174183266110798, "max_depth": 8.0, "num_boost_round": 9.0}, "datetime": {"datetime": "2024-01-19 00:18:46", "elapsed": 458.068977, "delta": 0.000635}}
{"target": -13.758180781379993, "params": {"gamma": 554.3707300204441, "log10_alpha": -3.921062290146602, "log10_colsample_bytree": -0.7654263779569807, "log10_eta": -2.5512111540825155, "log10_lambda": -0.14038050197215846, "log10_min_child_weight": 3.4389626015812587, "log10_subsample": -0.4174183266110798, "max_depth": 8.0, "num_boost_round": 10.0}, "datetime": {"datetime": "2024-01-19 00:18:46", "elapsed": 458.069628, "delta": 0.000651}}
{"target": -13.758171782582677, "params": {"gamma": 554.3707300204441, "log10_alpha": -3.921062290146602, "log10_colsample_bytree": -0.7654263779569807, "log10_eta": -2.5512111540825155, "log10_lambda": -0.14038050197215846, "log10_min_child_weight": 3.4389626015812587, "log10_subsample": -0.4174183266110798, "max_depth": 8.0, "num_boost_round": 11.0}, "datetime": {"datetime": "2024-01-19 00:18:46", "elapsed": 458.070265, "delta": 0.000637}}
{"target": -13.758105375349151, "params": {"gamma": 554.3707300204441, "log10_alpha": -3.921062290146602, "log10_colsample_bytree": -0.7654263779569807, "log10_eta": -2.5512111540825155, "log10_lambda": -0.14038050197215846, "log10_min_child_weight": 3.4389626015812587, "log10_subsample": -0.4174183266110798, "max_depth": 8.0, "num_boost_round": 12.0}, "datetime": {"datetime": "2024-01-19 00:18:46", "elapsed": 458.070916, "delta": 0.000651}}
{"target": -13.758025580422615, "params": {"gamma": 554.3707300204441, "log10_alpha": -3.921062290146602, "log10_colsample_bytree": -0.7654263779569807, "log10_eta": -2.5512111540825155, "log10_lambda": -0.14038050197215846, "log10_min_child_weight": 3.4389626015812587, "log10_subsample": -0.4174183266110798, "max_depth": 8.0, "num_boost_round": 13.0}, "datetime": {"datetime": "2024-01-19 00:18:46", "elapsed": 458.071565, "delta": 0.000649}}
{"target": -13.758005124713941, "params": {"gamma": 554.3707300204441, "log10_alpha": -3.921062290146602, "log10_colsample_bytree": -0.7654263779569807, "log10_eta": -2.5512111540825155, "log10_lambda": -0.14038050197215846, "log10_min_child_weight": 3.4389626015812587, "log10_subsample": -0.4174183266110798, "max_depth": 8.0, "num_boost_round": 14.0}, "datetime": {"datetime": "2024-01-19 00:18:46", "elapsed": 458.07223, "delta": 0.000665}}
{"target": -13.757947984598395, "params": {"gamma": 554.3707300204441, "log10_alpha": -3.921062290146602, "log10_colsample_bytree": -0.7654263779569807, "log10_eta": -2.5512111540825155, "log10_lambda": -0.14038050197215846, "log10_min_child_weight": 3.4389626015812587, "log10_subsample": -0.4174183266110798, "max_depth": 8.0, "num_boost_round": 15.0}, "datetime": {"datetime": "2024-01-19 00:18:46", "elapsed": 458.072811, "delta": 0.000581}}
{"target": -13.757924579925705, "params": {"gamma": 554.3707300204441, "log10_alpha": -3.921062290146602, "log10_colsample_bytree": -0.7654263779569807, "log10_eta": -2.5512111540825155, "log10_lambda": -0.14038050197215846, "log10_min_child_weight": 3.4389626015812587, "log10_subsample": -0.4174183266110798, "max_depth": 8.0, "num_boost_round": 16.0}, "datetime": {"datetime": "2024-01-19 00:18:46", "elapsed": 458.073461, "delta": 0.00065}}
{"target": -13.757884794279512, "params": {"gamma": 554.3707300204441, "log10_alpha": -3.921062290146602, "log10_colsample_bytree": -0.7654263779569807, "log10_eta": -2.5512111540825155, "log10_lambda": -0.14038050197215846, "log10_min_child_weight": 3.4389626015812587, "log10_subsample": -0.4174183266110798, "max_depth": 8.0, "num_boost_round": 17.0}, "datetime": {"datetime": "2024-01-19 00:18:46", "elapsed": 458.074122, "delta": 0.000661}}
{"target": -13.757922342878846, "params": {"gamma": 554.3707300204441, "log10_alpha": -3.921062290146602, "log10_colsample_bytree": -0.7654263779569807, "log10_eta": -2.5512111540825155, "log10_lambda": -0.14038050197215846, "log10_min_child_weight": 3.4389626015812587, "log10_subsample": -0.4174183266110798, "max_depth": 8.0, "num_boost_round": 18.0}, "datetime": {"datetime": "2024-01-19 00:18:46", "elapsed": 458.074709, "delta": 0.000587}}
{"target": -13.757853571946915, "params": {"gamma": 554.3707300204441, "log10_alpha": -3.921062290146602, "log10_colsample_bytree": -0.7654263779569807, "log10_eta": -2.5512111540825155, "log10_lambda": -0.14038050197215846, "log10_min_child_weight": 3.4389626015812587, "log10_subsample": -0.4174183266110798, "max_depth": 8.0, "num_boost_round": 19.0}, "datetime": {"datetime": "2024-01-19 00:18:46", "elapsed": 458.075368, "delta": 0.000659}}
{"target": -13.75777499731762, "params": {"gamma": 554.3707300204441, "log10_alpha": -3.921062290146602, "log10_colsample_bytree": -0.7654263779569807, "log10_eta": -2.5512111540825155, "log10_lambda": -0.14038050197215846, "log10_min_child_weight": 3.4389626015812587, "log10_subsample": -0.4174183266110798, "max_depth": 8.0, "num_boost_round": 20.0}, "datetime": {"datetime": "2024-01-19 00:18:46", "elapsed": 458.075954, "delta": 0.000586}}
{"target": -13.757770289106611, "params": {"gamma": 554.3707300204441, "log10_alpha": -3.921062290146602, "log10_colsample_bytree": -0.7654263779569807, "log10_eta": -2.5512111540825155, "log10_lambda": -0.14038050197215846, "log10_min_child_weight": 3.4389626015812587, "log10_subsample": -0.4174183266110798, "max_depth": 8.0, "num_boost_round": 21.0}, "datetime": {"datetime": "2024-01-19 00:18:46", "elapsed": 458.076611, "delta": 0.000657}}
{"target": -13.758538405780913, "params": {"gamma": 559.8925263171633, "log10_alpha": -2.1480464968263857, "log10_colsample_bytree": -0.2253569768550074, "log10_eta": -4.0, "log10_lambda": -3.566183923575691, "log10_min_child_weight": 4.692429535340757, "log10_subsample": 0.0, "max_depth": 9.0, "num_boost_round": 0.0}, "datetime": {"datetime": "2024-01-19 00:19:07", "elapsed": 479.659621, "delta": 21.58301}}
{"target": -13.75853793509537, "params": {"gamma": 559.8925263171633, "log10_alpha": -2.1480464968263857, "log10_colsample_bytree": -0.2253569768550074, "log10_eta": -4.0, "log10_lambda": -3.566183923575691, "log10_min_child_weight": 4.692429535340757, "log10_subsample": 0.0, "max_depth": 9.0, "num_boost_round": 1.0}, "datetime": {"datetime": "2024-01-19 00:19:07", "elapsed": 479.660631, "delta": 0.00101}}
{"target": -13.758538986516378, "params": {"gamma": 559.8925263171633, "log10_alpha": -2.1480464968263857, "log10_colsample_bytree": -0.2253569768550074, "log10_eta": -4.0, "log10_lambda": -3.566183923575691, "log10_min_child_weight": 4.692429535340757, "log10_subsample": 0.0, "max_depth": 9.0, "num_boost_round": 2.0}, "datetime": {"datetime": "2024-01-19 00:19:07", "elapsed": 479.661327, "delta": 0.000696}}
{"target": -13.7585385242966, "params": {"gamma": 559.8925263171633, "log10_alpha": -2.1480464968263857, "log10_colsample_bytree": -0.2253569768550074, "log10_eta": -4.0, "log10_lambda": -3.566183923575691, "log10_min_child_weight": 4.692429535340757, "log10_subsample": 0.0, "max_depth": 9.0, "num_boost_round": 3.0}, "datetime": {"datetime": "2024-01-19 00:19:07", "elapsed": 479.661929, "delta": 0.000602}}
{"target": -13.758538611085555, "params": {"gamma": 559.8925263171633, "log10_alpha": -2.1480464968263857, "log10_colsample_bytree": -0.2253569768550074, "log10_eta": -4.0, "log10_lambda": -3.566183923575691, "log10_min_child_weight": 4.692429535340757, "log10_subsample": 0.0, "max_depth": 9.0, "num_boost_round": 4.0}, "datetime": {"datetime": "2024-01-19 00:19:07", "elapsed": 479.662752, "delta": 0.000823}}
{"target": -13.758538463499455, "params": {"gamma": 559.8925263171633, "log10_alpha": -2.1480464968263857, "log10_colsample_bytree": -0.2253569768550074, "log10_eta": -4.0, "log10_lambda": -3.566183923575691, "log10_min_child_weight": 4.692429535340757, "log10_subsample": 0.0, "max_depth": 9.0, "num_boost_round": 5.0}, "datetime": {"datetime": "2024-01-19 00:19:07", "elapsed": 479.663454, "delta": 0.000702}}
{"target": -13.75853919432599, "params": {"gamma": 559.8925263171633, "log10_alpha": -2.1480464968263857, "log10_colsample_bytree": -0.2253569768550074, "log10_eta": -4.0, "log10_lambda": -3.566183923575691, "log10_min_child_weight": 4.692429535340757, "log10_subsample": 0.0, "max_depth": 9.0, "num_boost_round": 6.0}, "datetime": {"datetime": "2024-01-19 00:19:07", "elapsed": 479.664147, "delta": 0.000693}}
{"target": -13.7585389783577, "params": {"gamma": 559.8925263171633, "log10_alpha": -2.1480464968263857, "log10_colsample_bytree": -0.2253569768550074, "log10_eta": -4.0, "log10_lambda": -3.566183923575691, "log10_min_child_weight": 4.692429535340757, "log10_subsample": 0.0, "max_depth": 9.0, "num_boost_round": 7.0}, "datetime": {"datetime": "2024-01-19 00:19:07", "elapsed": 479.664828, "delta": 0.000681}}
{"target": -13.758539065136969, "params": {"gamma": 559.8925263171633, "log10_alpha": -2.1480464968263857, "log10_colsample_bytree": -0.2253569768550074, "log10_eta": -4.0, "log10_lambda": -3.566183923575691, "log10_min_child_weight": 4.692429535340757, "log10_subsample": 0.0, "max_depth": 9.0, "num_boost_round": 8.0}, "datetime": {"datetime": "2024-01-19 00:19:07", "elapsed": 479.665442, "delta": 0.000614}}
{"target": -13.758538574887922, "params": {"gamma": 559.8925263171633, "log10_alpha": -2.1480464968263857, "log10_colsample_bytree": -0.2253569768550074, "log10_eta": -4.0, "log10_lambda": -3.566183923575691, "log10_min_child_weight": 4.692429535340757, "log10_subsample": 0.0, "max_depth": 9.0, "num_boost_round": 9.0}, "datetime": {"datetime": "2024-01-19 00:19:07", "elapsed": 479.66625, "delta": 0.000808}}
{"target": -13.758537723603588, "params": {"gamma": 559.8925263171633, "log10_alpha": -2.1480464968263857, "log10_colsample_bytree": -0.2253569768550074, "log10_eta": -4.0, "log10_lambda": -3.566183923575691, "log10_min_child_weight": 4.692429535340757, "log10_subsample": 0.0, "max_depth": 9.0, "num_boost_round": 10.0}, "datetime": {"datetime": "2024-01-19 00:19:07", "elapsed": 479.666935, "delta": 0.000685}}
{"target": -13.75853771242027, "params": {"gamma": 559.8925263171633, "log10_alpha": -2.1480464968263857, "log10_colsample_bytree": -0.2253569768550074, "log10_eta": -4.0, "log10_lambda": -3.566183923575691, "log10_min_child_weight": 4.692429535340757, "log10_subsample": 0.0, "max_depth": 9.0, "num_boost_round": 11.0}, "datetime": {"datetime": "2024-01-19 00:19:07", "elapsed": 479.667663, "delta": 0.000728}}
{"target": -13.758538040953743, "params": {"gamma": 559.8925263171633, "log10_alpha": -2.1480464968263857, "log10_colsample_bytree": -0.2253569768550074, "log10_eta": -4.0, "log10_lambda": -3.566183923575691, "log10_min_child_weight": 4.692429535340757, "log10_subsample": 0.0, "max_depth": 9.0, "num_boost_round": 12.0}, "datetime": {"datetime": "2024-01-19 00:19:07", "elapsed": 479.668277, "delta": 0.000614}}
{"target": -13.758538028585837, "params": {"gamma": 559.8925263171633, "log10_alpha": -2.1480464968263857, "log10_colsample_bytree": -0.2253569768550074, "log10_eta": -4.0, "log10_lambda": -3.566183923575691, "log10_min_child_weight": 4.692429535340757, "log10_subsample": 0.0, "max_depth": 9.0, "num_boost_round": 13.0}, "datetime": {"datetime": "2024-01-19 00:19:07", "elapsed": 479.669237, "delta": 0.00096}}
{"target": -13.75853708516654, "params": {"gamma": 571.7996298206378, "log10_alpha": -3.813001110729892, "log10_colsample_bytree": -0.25633496675484624, "log10_eta": -3.745497062753758, "log10_lambda": 0.5415162186087317, "log10_min_child_weight": 3.551072913907354, "log10_subsample": -0.45597518098571754, "max_depth": 2.0, "num_boost_round": 0.0}, "datetime": {"datetime": "2024-01-19 00:19:25", "elapsed": 497.513288, "delta": 17.844051}}
{"target": -13.758535097411848, "params": {"gamma": 571.7996298206378, "log10_alpha": -3.813001110729892, "log10_colsample_bytree": -0.25633496675484624, "log10_eta": -3.745497062753758, "log10_lambda": 0.5415162186087317, "log10_min_child_weight": 3.551072913907354, "log10_subsample": -0.45597518098571754, "max_depth": 2.0, "num_boost_round": 1.0}, "datetime": {"datetime": "2024-01-19 00:19:25", "elapsed": 497.51458, "delta": 0.001292}}
{"target": -13.75853575310984, "params": {"gamma": 571.7996298206378, "log10_alpha": -3.813001110729892, "log10_colsample_bytree": -0.25633496675484624, "log10_eta": -3.745497062753758, "log10_lambda": 0.5415162186087317, "log10_min_child_weight": 3.551072913907354, "log10_subsample": -0.45597518098571754, "max_depth": 2.0, "num_boost_round": 2.0}, "datetime": {"datetime": "2024-01-19 00:19:25", "elapsed": 497.515305, "delta": 0.000725}}
{"target": -13.758535792760679, "params": {"gamma": 571.7996298206378, "log10_alpha": -3.813001110729892, "log10_colsample_bytree": -0.25633496675484624, "log10_eta": -3.745497062753758, "log10_lambda": 0.5415162186087317, "log10_min_child_weight": 3.551072913907354, "log10_subsample": -0.45597518098571754, "max_depth": 2.0, "num_boost_round": 3.0}, "datetime": {"datetime": "2024-01-19 00:19:25", "elapsed": 497.516019, "delta": 0.000714}}
{"target": -13.7585333618885, "params": {"gamma": 571.7996298206378, "log10_alpha": -3.813001110729892, "log10_colsample_bytree": -0.25633496675484624, "log10_eta": -3.745497062753758, "log10_lambda": 0.5415162186087317, "log10_min_child_weight": 3.551072913907354, "log10_subsample": -0.45597518098571754, "max_depth": 2.0, "num_boost_round": 4.0}, "datetime": {"datetime": "2024-01-19 00:19:25", "elapsed": 497.51682, "delta": 0.000801}}
{"target": -13.758531778526217, "params": {"gamma": 571.7996298206378, "log10_alpha": -3.813001110729892, "log10_colsample_bytree": -0.25633496675484624, "log10_eta": -3.745497062753758, "log10_lambda": 0.5415162186087317, "log10_min_child_weight": 3.551072913907354, "log10_subsample": -0.45597518098571754, "max_depth": 2.0, "num_boost_round": 5.0}, "datetime": {"datetime": "2024-01-19 00:19:25", "elapsed": 497.517558, "delta": 0.000738}}
{"target": -13.758531315813807, "params": {"gamma": 571.7996298206378, "log10_alpha": -3.813001110729892, "log10_colsample_bytree": -0.25633496675484624, "log10_eta": -3.745497062753758, "log10_lambda": 0.5415162186087317, "log10_min_child_weight": 3.551072913907354, "log10_subsample": -0.45597518098571754, "max_depth": 2.0, "num_boost_round": 6.0}, "datetime": {"datetime": "2024-01-19 00:19:25", "elapsed": 497.518278, "delta": 0.00072}}
{"target": -13.758529375784489, "params": {"gamma": 571.7996298206378, "log10_alpha": -3.813001110729892, "log10_colsample_bytree": -0.25633496675484624, "log10_eta": -3.745497062753758, "log10_lambda": 0.5415162186087317, "log10_min_child_weight": 3.551072913907354, "log10_subsample": -0.45597518098571754, "max_depth": 2.0, "num_boost_round": 7.0}, "datetime": {"datetime": "2024-01-19 00:19:25", "elapsed": 497.519006, "delta": 0.000728}}
{"target": -13.758527409458436, "params": {"gamma": 571.7996298206378, "log10_alpha": -3.813001110729892, "log10_colsample_bytree": -0.25633496675484624, "log10_eta": -3.745497062753758, "log10_lambda": 0.5415162186087317, "log10_min_child_weight": 3.551072913907354, "log10_subsample": -0.45597518098571754, "max_depth": 2.0, "num_boost_round": 8.0}, "datetime": {"datetime": "2024-01-19 00:19:25", "elapsed": 497.519709, "delta": 0.000703}}
{"target": -13.758526680416637, "params": {"gamma": 571.7996298206378, "log10_alpha": -3.813001110729892, "log10_colsample_bytree": -0.25633496675484624, "log10_eta": -3.745497062753758, "log10_lambda": 0.5415162186087317, "log10_min_child_weight": 3.551072913907354, "log10_subsample": -0.45597518098571754, "max_depth": 2.0, "num_boost_round": 9.0}, "datetime": {"datetime": "2024-01-19 00:19:25", "elapsed": 497.520427, "delta": 0.000718}}
{"target": -13.758552403360117, "params": {"gamma": 555.2775877199681, "log10_alpha": -0.7418514407645489, "log10_colsample_bytree": -0.28343558352671827, "log10_eta": -2.9388767847584973, "log10_lambda": 0.22192488642506092, "log10_min_child_weight": 3.215921621209272, "log10_subsample": -0.09168237663774437, "max_depth": 7.0, "num_boost_round": 0.0}, "datetime": {"datetime": "2024-01-19 00:19:52", "elapsed": 524.633898, "delta": 27.113471}}
{"target": -13.758558022590849, "params": {"gamma": 555.2775877199681, "log10_alpha": -0.7418514407645489, "log10_colsample_bytree": -0.28343558352671827, "log10_eta": -2.9388767847584973, "log10_lambda": 0.22192488642506092, "log10_min_child_weight": 3.215921621209272, "log10_subsample": -0.09168237663774437, "max_depth": 7.0, "num_boost_round": 1.0}, "datetime": {"datetime": "2024-01-19 00:19:52", "elapsed": 524.635115, "delta": 0.001217}}
{"target": -13.758524987392299, "params": {"gamma": 555.2775877199681, "log10_alpha": -0.7418514407645489, "log10_colsample_bytree": -0.28343558352671827, "log10_eta": -2.9388767847584973, "log10_lambda": 0.22192488642506092, "log10_min_child_weight": 3.215921621209272, "log10_subsample": -0.09168237663774437, "max_depth": 7.0, "num_boost_round": 2.0}, "datetime": {"datetime": "2024-01-19 00:19:52", "elapsed": 524.636624, "delta": 0.001509}}
{"target": -13.758480540350847, "params": {"gamma": 555.2775877199681, "log10_alpha": -0.7418514407645489, "log10_colsample_bytree": -0.28343558352671827, "log10_eta": -2.9388767847584973, "log10_lambda": 0.22192488642506092, "log10_min_child_weight": 3.215921621209272, "log10_subsample": -0.09168237663774437, "max_depth": 7.0, "num_boost_round": 3.0}, "datetime": {"datetime": "2024-01-19 00:19:52", "elapsed": 524.637384, "delta": 0.00076}}
{"target": -13.758450815695427, "params": {"gamma": 555.2775877199681, "log10_alpha": -0.7418514407645489, "log10_colsample_bytree": -0.28343558352671827, "log10_eta": -2.9388767847584973, "log10_lambda": 0.22192488642506092, "log10_min_child_weight": 3.215921621209272, "log10_subsample": -0.09168237663774437, "max_depth": 7.0, "num_boost_round": 4.0}, "datetime": {"datetime": "2024-01-19 00:19:52", "elapsed": 524.638137, "delta": 0.000753}}
{"target": -13.75841978147761, "params": {"gamma": 555.2775877199681, "log10_alpha": -0.7418514407645489, "log10_colsample_bytree": -0.28343558352671827, "log10_eta": -2.9388767847584973, "log10_lambda": 0.22192488642506092, "log10_min_child_weight": 3.215921621209272, "log10_subsample": -0.09168237663774437, "max_depth": 7.0, "num_boost_round": 5.0}, "datetime": {"datetime": "2024-01-19 00:19:52", "elapsed": 524.638886, "delta": 0.000749}}
{"target": -13.758424303012493, "params": {"gamma": 555.2775877199681, "log10_alpha": -0.7418514407645489, "log10_colsample_bytree": -0.28343558352671827, "log10_eta": -2.9388767847584973, "log10_lambda": 0.22192488642506092, "log10_min_child_weight": 3.215921621209272, "log10_subsample": -0.09168237663774437, "max_depth": 7.0, "num_boost_round": 6.0}, "datetime": {"datetime": "2024-01-19 00:19:52", "elapsed": 524.639647, "delta": 0.000761}}
{"target": -13.75842850815697, "params": {"gamma": 555.2775877199681, "log10_alpha": -0.7418514407645489, "log10_colsample_bytree": -0.28343558352671827, "log10_eta": -2.9388767847584973, "log10_lambda": 0.22192488642506092, "log10_min_child_weight": 3.215921621209272, "log10_subsample": -0.09168237663774437, "max_depth": 7.0, "num_boost_round": 7.0}, "datetime": {"datetime": "2024-01-19 00:19:52", "elapsed": 524.6404, "delta": 0.000753}}
{"target": -13.758404187156456, "params": {"gamma": 555.2775877199681, "log10_alpha": -0.7418514407645489, "log10_colsample_bytree": -0.28343558352671827, "log10_eta": -2.9388767847584973, "log10_lambda": 0.22192488642506092, "log10_min_child_weight": 3.215921621209272, "log10_subsample": -0.09168237663774437, "max_depth": 7.0, "num_boost_round": 8.0}, "datetime": {"datetime": "2024-01-19 00:19:52", "elapsed": 524.641203, "delta": 0.000803}}
