{"target": -13.756162722925962, "params": {"gamma": 38.63171622690298, "log10_alpha": -1.7632373677534523, "log10_colsample_bytree": -0.8810327410659661, "log10_eta": -1.5577075384560413, "log10_lambda": 0.18053347162325206, "log10_min_child_weight": 0.46837645722214216, "log10_subsample": -0.5873145459041014, "max_depth": 2.0, "num_boost_round": 11.0}, "datetime": {"datetime": "2024-01-19 01:07:08", "elapsed": 3336.486141, "delta": 0.003271}}
{"target": -13.755954688891558, "params": {"gamma": 38.63171622690298, "log10_alpha": -1.7632373677534523, "log10_colsample_bytree": -0.8810327410659661, "log10_eta": -1.5577075384560413, "log10_lambda": 0.18053347162325206, "log10_min_child_weight": 0.46837645722214216, "log10_subsample": -0.5873145459041014, "max_depth": 2.0, "num_boost_round": 12.0}, "datetime": {"datetime": "2024-01-19 01:07:08", "elapsed": 3336.489629, "delta": 0.003488}}
{"target": -13.755573742796667, "params": {"gamma": 38.63171622690298, "log10_alpha": -1.7632373677534523, "log10_colsample_bytree": -0.8810327410659661, "log10_eta": -1.5577075384560413, "log10_lambda": 0.18053347162325206, "log10_min_child_weight": 0.46837645722214216, "log10_subsample": -0.5873145459041014, "max_depth": 2.0, "num_boost_round": 13.0}, "datetime": {"datetime": "2024-01-19 01:07:08", "elapsed": 3336.493021, "delta": 0.003392}}
{"target": -13.755521193529798, "params": {"gamma": 38.63171622690298, "log10_alpha": -1.7632373677534523, "log10_colsample_bytree": -0.8810327410659661, "log10_eta": -1.5577075384560413, "log10_lambda": 0.18053347162325206, "log10_min_child_weight": 0.46837645722214216, "log10_subsample": -0.5873145459041014, "max_depth": 2.0, "num_boost_round": 14.0}, "datetime": {"datetime": "2024-01-19 01:07:08", "elapsed": 3336.496553, "delta": 0.003532}}
{"target": -13.755073490808089, "params": {"gamma": 38.63171622690298, "log10_alpha": -1.7632373677534523, "log10_colsample_bytree": -0.8810327410659661, "log10_eta": -1.5577075384560413, "log10_lambda": 0.18053347162325206, "log10_min_child_weight": 0.46837645722214216, "log10_subsample": -0.5873145459041014, "max_depth": 2.0, "num_boost_round": 15.0}, "datetime": {"datetime": "2024-01-19 01:07:08", "elapsed": 3336.500018, "delta": 0.003465}}
{"target": -13.755122838331216, "params": {"gamma": 38.63171622690298, "log10_alpha": -1.7632373677534523, "log10_colsample_bytree": -0.8810327410659661, "log10_eta": -1.5577075384560413, "log10_lambda": 0.18053347162325206, "log10_min_child_weight": 0.46837645722214216, "log10_subsample": -0.5873145459041014, "max_depth": 2.0, "num_boost_round": 16.0}, "datetime": {"datetime": "2024-01-19 01:07:08", "elapsed": 3336.503289, "delta": 0.003271}}
{"target": -13.75486441508025, "params": {"gamma": 38.63171622690298, "log10_alpha": -1.7632373677534523, "log10_colsample_bytree": -0.8810327410659661, "log10_eta": -1.5577075384560413, "log10_lambda": 0.18053347162325206, "log10_min_child_weight": 0.46837645722214216, "log10_subsample": -0.5873145459041014, "max_depth": 2.0, "num_boost_round": 17.0}, "datetime": {"datetime": "2024-01-19 01:07:08", "elapsed": 3336.506524, "delta": 0.003235}}
{"target": -13.754621269614884, "params": {"gamma": 38.63171622690298, "log10_alpha": -1.7632373677534523, "log10_colsample_bytree": -0.8810327410659661, "log10_eta": -1.5577075384560413, "log10_lambda": 0.18053347162325206, "log10_min_child_weight": 0.46837645722214216, "log10_subsample": -0.5873145459041014, "max_depth": 2.0, "num_boost_round": 18.0}, "datetime": {"datetime": "2024-01-19 01:07:08", "elapsed": 3336.509939, "delta": 0.003415}}
{"target": -13.754453777383288, "params": {"gamma": 38.63171622690298, "log10_alpha": -1.7632373677534523, "log10_colsample_bytree": -0.8810327410659661, "log10_eta": -1.5577075384560413, "log10_lambda": 0.18053347162325206, "log10_min_child_weight": 0.46837645722214216, "log10_subsample": -0.5873145459041014, "max_depth": 2.0, "num_boost_round": 19.0}, "datetime": {"datetime": "2024-01-19 01:07:08", "elapsed": 3336.513191, "delta": 0.003252}}
{"target": -13.754646882147968, "params": {"gamma": 38.63171622690298, "log10_alpha": -1.7632373677534523, "log10_colsample_bytree": -0.8810327410659661, "log10_eta": -1.5577075384560413, "log10_lambda": 0.18053347162325206, "log10_min_child_weight": 0.46837645722214216, "log10_subsample": -0.5873145459041014, "max_depth": 2.0, "num_boost_round": 20.0}, "datetime": {"datetime": "2024-01-19 01:07:08", "elapsed": 3336.516572, "delta": 0.003381}}
{"target": -13.75454208579029, "params": {"gamma": 38.63171622690298, "log10_alpha": -1.7632373677534523, "log10_colsample_bytree": -0.8810327410659661, "log10_eta": -1.5577075384560413, "log10_lambda": 0.18053347162325206, "log10_min_child_weight": 0.46837645722214216, "log10_subsample": -0.5873145459041014, "max_depth": 2.0, "num_boost_round": 21.0}, "datetime": {"datetime": "2024-01-19 01:07:08", "elapsed": 3336.519819, "delta": 0.003247}}
{"target": -13.754892006792174, "params": {"gamma": 38.63171622690298, "log10_alpha": -1.7632373677534523, "log10_colsample_bytree": -0.8810327410659661, "log10_eta": -1.5577075384560413, "log10_lambda": 0.18053347162325206, "log10_min_child_weight": 0.46837645722214216, "log10_subsample": -0.5873145459041014, "max_depth": 2.0, "num_boost_round": 22.0}, "datetime": {"datetime": "2024-01-19 01:07:08", "elapsed": 3336.523125, "delta": 0.003306}}
{"target": -13.754782514817824, "params": {"gamma": 38.63171622690298, "log10_alpha": -1.7632373677534523, "log10_colsample_bytree": -0.8810327410659661, "log10_eta": -1.5577075384560413, "log10_lambda": 0.18053347162325206, "log10_min_child_weight": 0.46837645722214216, "log10_subsample": -0.5873145459041014, "max_depth": 2.0, "num_boost_round": 23.0}, "datetime": {"datetime": "2024-01-19 01:07:08", "elapsed": 3336.526377, "delta": 0.003252}}
{"target": -13.754942743782777, "params": {"gamma": 38.63171622690298, "log10_alpha": -1.7632373677534523, "log10_colsample_bytree": -0.8810327410659661, "log10_eta": -1.5577075384560413, "log10_lambda": 0.18053347162325206, "log10_min_child_weight": 0.46837645722214216, "log10_subsample": -0.5873145459041014, "max_depth": 2.0, "num_boost_round": 24.0}, "datetime": {"datetime": "2024-01-19 01:07:08", "elapsed": 3336.529792, "delta": 0.003415}}
{"target": -13.754737091858887, "params": {"gamma": 38.63171622690298, "log10_alpha": -1.7632373677534523, "log10_colsample_bytree": -0.8810327410659661, "log10_eta": -1.5577075384560413, "log10_lambda": 0.18053347162325206, "log10_min_child_weight": 0.46837645722214216, "log10_subsample": -0.5873145459041014, "max_depth": 2.0, "num_boost_round": 25.0}, "datetime": {"datetime": "2024-01-19 01:07:08", "elapsed": 3336.533157, "delta": 0.003365}}
{"target": -13.75853728667868, "params": {"gamma": 33.98488267722888, "log10_alpha": 0.09557928785595582, "log10_colsample_bytree": -0.8998845151078653, "log10_eta": -3.0926877653176548, "log10_lambda": -4.655321218917091, "log10_min_child_weight": 4.7670077505781485, "log10_subsample": -0.841383919518668, "max_depth": 7.0, "num_boost_round": 0.0}, "datetime": {"datetime": "2024-01-19 01:07:44", "elapsed": 3372.535814, "delta": 36.002657}}
{"target": -13.758533818804732, "params": {"gamma": 33.98488267722888, "log10_alpha": 0.09557928785595582, "log10_colsample_bytree": -0.8998845151078653, "log10_eta": -3.0926877653176548, "log10_lambda": -4.655321218917091, "log10_min_child_weight": 4.7670077505781485, "log10_subsample": -0.841383919518668, "max_depth": 7.0, "num_boost_round": 1.0}, "datetime": {"datetime": "2024-01-19 01:07:44", "elapsed": 3372.540052, "delta": 0.004238}}
{"target": -13.758534240609865, "params": {"gamma": 33.98488267722888, "log10_alpha": 0.09557928785595582, "log10_colsample_bytree": -0.8998845151078653, "log10_eta": -3.0926877653176548, "log10_lambda": -4.655321218917091, "log10_min_child_weight": 4.7670077505781485, "log10_subsample": -0.841383919518668, "max_depth": 7.0, "num_boost_round": 2.0}, "datetime": {"datetime": "2024-01-19 01:07:44", "elapsed": 3372.543374, "delta": 0.003322}}
{"target": -13.758534403922226, "params": {"gamma": 33.98488267722888, "log10_alpha": 0.09557928785595582, "log10_colsample_bytree": -0.8998845151078653, "log10_eta": -3.0926877653176548, "log10_lambda": -4.655321218917091, "log10_min_child_weight": 4.7670077505781485, "log10_subsample": -0.841383919518668, "max_depth": 7.0, "num_boost_round": 3.0}, "datetime": {"datetime": "2024-01-19 01:07:44", "elapsed": 3372.546732, "delta": 0.003358}}
{"target": -13.758533329884381, "params": {"gamma": 33.98488267722888, "log10_alpha": 0.09557928785595582, "log10_colsample_bytree": -0.8998845151078653, "log10_eta": -3.0926877653176548, "log10_lambda": -4.655321218917091, "log10_min_child_weight": 4.7670077505781485, "log10_subsample": -0.841383919518668, "max_depth": 7.0, "num_boost_round": 4.0}, "datetime": {"datetime": "2024-01-19 01:07:44", "elapsed": 3372.550125, "delta": 0.003393}}
{"target": -13.758530994866186, "params": {"gamma": 33.98488267722888, "log10_alpha": 0.09557928785595582, "log10_colsample_bytree": -0.8998845151078653, "log10_eta": -3.0926877653176548, "log10_lambda": -4.655321218917091, "log10_min_child_weight": 4.7670077505781485, "log10_subsample": -0.841383919518668, "max_depth": 7.0, "num_boost_round": 5.0}, "datetime": {"datetime": "2024-01-19 01:07:44", "elapsed": 3372.55342, "delta": 0.003295}}
{"target": -13.758530959111742, "params": {"gamma": 33.98488267722888, "log10_alpha": 0.09557928785595582, "log10_colsample_bytree": -0.8998845151078653, "log10_eta": -3.0926877653176548, "log10_lambda": -4.655321218917091, "log10_min_child_weight": 4.7670077505781485, "log10_subsample": -0.841383919518668, "max_depth": 7.0, "num_boost_round": 6.0}, "datetime": {"datetime": "2024-01-19 01:07:44", "elapsed": 3372.55675, "delta": 0.00333}}
{"target": -13.7585305404233, "params": {"gamma": 33.98488267722888, "log10_alpha": 0.09557928785595582, "log10_colsample_bytree": -0.8998845151078653, "log10_eta": -3.0926877653176548, "log10_lambda": -4.655321218917091, "log10_min_child_weight": 4.7670077505781485, "log10_subsample": -0.841383919518668, "max_depth": 7.0, "num_boost_round": 7.0}, "datetime": {"datetime": "2024-01-19 01:07:44", "elapsed": 3372.560078, "delta": 0.003328}}
{"target": -13.758528939087467, "params": {"gamma": 33.98488267722888, "log10_alpha": 0.09557928785595582, "log10_colsample_bytree": -0.8998845151078653, "log10_eta": -3.0926877653176548, "log10_lambda": -4.655321218917091, "log10_min_child_weight": 4.7670077505781485, "log10_subsample": -0.841383919518668, "max_depth": 7.0, "num_boost_round": 8.0}, "datetime": {"datetime": "2024-01-19 01:07:44", "elapsed": 3372.563313, "delta": 0.003235}}
{"target": -13.758528438127966, "params": {"gamma": 33.98488267722888, "log10_alpha": 0.09557928785595582, "log10_colsample_bytree": -0.8998845151078653, "log10_eta": -3.0926877653176548, "log10_lambda": -4.655321218917091, "log10_min_child_weight": 4.7670077505781485, "log10_subsample": -0.841383919518668, "max_depth": 7.0, "num_boost_round": 9.0}, "datetime": {"datetime": "2024-01-19 01:07:44", "elapsed": 3372.566669, "delta": 0.003356}}
{"target": -13.75852770226272, "params": {"gamma": 33.98488267722888, "log10_alpha": 0.09557928785595582, "log10_colsample_bytree": -0.8998845151078653, "log10_eta": -3.0926877653176548, "log10_lambda": -4.655321218917091, "log10_min_child_weight": 4.7670077505781485, "log10_subsample": -0.841383919518668, "max_depth": 7.0, "num_boost_round": 10.0}, "datetime": {"datetime": "2024-01-19 01:07:44", "elapsed": 3372.57001, "delta": 0.003341}}
{"target": -13.758524193205439, "params": {"gamma": 33.98488267722888, "log10_alpha": 0.09557928785595582, "log10_colsample_bytree": -0.8998845151078653, "log10_eta": -3.0926877653176548, "log10_lambda": -4.655321218917091, "log10_min_child_weight": 4.7670077505781485, "log10_subsample": -0.841383919518668, "max_depth": 7.0, "num_boost_round": 11.0}, "datetime": {"datetime": "2024-01-19 01:07:44", "elapsed": 3372.573317, "delta": 0.003307}}
{"target": -13.75852114734728, "params": {"gamma": 33.98488267722888, "log10_alpha": 0.09557928785595582, "log10_colsample_bytree": -0.8998845151078653, "log10_eta": -3.0926877653176548, "log10_lambda": -4.655321218917091, "log10_min_child_weight": 4.7670077505781485, "log10_subsample": -0.841383919518668, "max_depth": 7.0, "num_boost_round": 12.0}, "datetime": {"datetime": "2024-01-19 01:07:44", "elapsed": 3372.576657, "delta": 0.00334}}
{"target": -13.758519196389441, "params": {"gamma": 33.98488267722888, "log10_alpha": 0.09557928785595582, "log10_colsample_bytree": -0.8998845151078653, "log10_eta": -3.0926877653176548, "log10_lambda": -4.655321218917091, "log10_min_child_weight": 4.7670077505781485, "log10_subsample": -0.841383919518668, "max_depth": 7.0, "num_boost_round": 13.0}, "datetime": {"datetime": "2024-01-19 01:07:44", "elapsed": 3372.580115, "delta": 0.003458}}
{"target": -13.758516535616653, "params": {"gamma": 33.98488267722888, "log10_alpha": 0.09557928785595582, "log10_colsample_bytree": -0.8998845151078653, "log10_eta": -3.0926877653176548, "log10_lambda": -4.655321218917091, "log10_min_child_weight": 4.7670077505781485, "log10_subsample": -0.841383919518668, "max_depth": 7.0, "num_boost_round": 14.0}, "datetime": {"datetime": "2024-01-19 01:07:44", "elapsed": 3372.58347, "delta": 0.003355}}
{"target": -13.758512240236891, "params": {"gamma": 33.98488267722888, "log10_alpha": 0.09557928785595582, "log10_colsample_bytree": -0.8998845151078653, "log10_eta": -3.0926877653176548, "log10_lambda": -4.655321218917091, "log10_min_child_weight": 4.7670077505781485, "log10_subsample": -0.841383919518668, "max_depth": 7.0, "num_boost_round": 15.0}, "datetime": {"datetime": "2024-01-19 01:07:44", "elapsed": 3372.586912, "delta": 0.003442}}
{"target": -13.75851142010379, "params": {"gamma": 33.98488267722888, "log10_alpha": 0.09557928785595582, "log10_colsample_bytree": -0.8998845151078653, "log10_eta": -3.0926877653176548, "log10_lambda": -4.655321218917091, "log10_min_child_weight": 4.7670077505781485, "log10_subsample": -0.841383919518668, "max_depth": 7.0, "num_boost_round": 16.0}, "datetime": {"datetime": "2024-01-19 01:07:44", "elapsed": 3372.590214, "delta": 0.003302}}
{"target": -13.758499516673902, "params": {"gamma": 40.224555127310154, "log10_alpha": -3.4700637191179045, "log10_colsample_bytree": -0.3577171887449231, "log10_eta": -2.460263521904244, "log10_lambda": -0.005482261366696051, "log10_min_child_weight": 1.3255958012079117, "log10_subsample": -0.5117010599253287, "max_depth": 2.0, "num_boost_round": 0.0}, "datetime": {"datetime": "2024-01-19 01:08:20", "elapsed": 3408.160388, "delta": 35.570174}}
{"target": -13.75844904910886, "params": {"gamma": 40.224555127310154, "log10_alpha": -3.4700637191179045, "log10_colsample_bytree": -0.3577171887449231, "log10_eta": -2.460263521904244, "log10_lambda": -0.005482261366696051, "log10_min_child_weight": 1.3255958012079117, "log10_subsample": -0.5117010599253287, "max_depth": 2.0, "num_boost_round": 1.0}, "datetime": {"datetime": "2024-01-19 01:08:20", "elapsed": 3408.164326, "delta": 0.003938}}
{"target": -13.75844951991306, "params": {"gamma": 40.224555127310154, "log10_alpha": -3.4700637191179045, "log10_colsample_bytree": -0.3577171887449231, "log10_eta": -2.460263521904244, "log10_lambda": -0.005482261366696051, "log10_min_child_weight": 1.3255958012079117, "log10_subsample": -0.5117010599253287, "max_depth": 2.0, "num_boost_round": 2.0}, "datetime": {"datetime": "2024-01-19 01:08:20", "elapsed": 3408.1677, "delta": 0.003374}}
{"target": -13.758454049781253, "params": {"gamma": 40.224555127310154, "log10_alpha": -3.4700637191179045, "log10_colsample_bytree": -0.3577171887449231, "log10_eta": -2.460263521904244, "log10_lambda": -0.005482261366696051, "log10_min_child_weight": 1.3255958012079117, "log10_subsample": -0.5117010599253287, "max_depth": 2.0, "num_boost_round": 3.0}, "datetime": {"datetime": "2024-01-19 01:08:20", "elapsed": 3408.171082, "delta": 0.003382}}
{"target": -13.75841549409494, "params": {"gamma": 40.224555127310154, "log10_alpha": -3.4700637191179045, "log10_colsample_bytree": -0.3577171887449231, "log10_eta": -2.460263521904244, "log10_lambda": -0.005482261366696051, "log10_min_child_weight": 1.3255958012079117, "log10_subsample": -0.5117010599253287, "max_depth": 2.0, "num_boost_round": 4.0}, "datetime": {"datetime": "2024-01-19 01:08:20", "elapsed": 3408.174386, "delta": 0.003304}}
{"target": -13.75840145977152, "params": {"gamma": 40.224555127310154, "log10_alpha": -3.4700637191179045, "log10_colsample_bytree": -0.3577171887449231, "log10_eta": -2.460263521904244, "log10_lambda": -0.005482261366696051, "log10_min_child_weight": 1.3255958012079117, "log10_subsample": -0.5117010599253287, "max_depth": 2.0, "num_boost_round": 5.0}, "datetime": {"datetime": "2024-01-19 01:08:20", "elapsed": 3408.177724, "delta": 0.003338}}
{"target": -13.758404982297344, "params": {"gamma": 40.224555127310154, "log10_alpha": -3.4700637191179045, "log10_colsample_bytree": -0.3577171887449231, "log10_eta": -2.460263521904244, "log10_lambda": -0.005482261366696051, "log10_min_child_weight": 1.3255958012079117, "log10_subsample": -0.5117010599253287, "max_depth": 2.0, "num_boost_round": 6.0}, "datetime": {"datetime": "2024-01-19 01:08:20", "elapsed": 3408.180954, "delta": 0.00323}}
{"target": -13.758410828877121, "params": {"gamma": 40.224555127310154, "log10_alpha": -3.4700637191179045, "log10_colsample_bytree": -0.3577171887449231, "log10_eta": -2.460263521904244, "log10_lambda": -0.005482261366696051, "log10_min_child_weight": 1.3255958012079117, "log10_subsample": -0.5117010599253287, "max_depth": 2.0, "num_boost_round": 7.0}, "datetime": {"datetime": "2024-01-19 01:08:20", "elapsed": 3408.184211, "delta": 0.003257}}
{"target": -13.758359215507408, "params": {"gamma": 40.224555127310154, "log10_alpha": -3.4700637191179045, "log10_colsample_bytree": -0.3577171887449231, "log10_eta": -2.460263521904244, "log10_lambda": -0.005482261366696051, "log10_min_child_weight": 1.3255958012079117, "log10_subsample": -0.5117010599253287, "max_depth": 2.0, "num_boost_round": 8.0}, "datetime": {"datetime": "2024-01-19 01:08:20", "elapsed": 3408.18748, "delta": 0.003269}}
{"target": -13.758394322813526, "params": {"gamma": 40.224555127310154, "log10_alpha": -3.4700637191179045, "log10_colsample_bytree": -0.3577171887449231, "log10_eta": -2.460263521904244, "log10_lambda": -0.005482261366696051, "log10_min_child_weight": 1.3255958012079117, "log10_subsample": -0.5117010599253287, "max_depth": 2.0, "num_boost_round": 9.0}, "datetime": {"datetime": "2024-01-19 01:08:20", "elapsed": 3408.190911, "delta": 0.003431}}
{"target": -13.758373215503353, "params": {"gamma": 40.224555127310154, "log10_alpha": -3.4700637191179045, "log10_colsample_bytree": -0.3577171887449231, "log10_eta": -2.460263521904244, "log10_lambda": -0.005482261366696051, "log10_min_child_weight": 1.3255958012079117, "log10_subsample": -0.5117010599253287, "max_depth": 2.0, "num_boost_round": 10.0}, "datetime": {"datetime": "2024-01-19 01:08:20", "elapsed": 3408.194332, "delta": 0.003421}}
{"target": -13.758326178207168, "params": {"gamma": 40.224555127310154, "log10_alpha": -3.4700637191179045, "log10_colsample_bytree": -0.3577171887449231, "log10_eta": -2.460263521904244, "log10_lambda": -0.005482261366696051, "log10_min_child_weight": 1.3255958012079117, "log10_subsample": -0.5117010599253287, "max_depth": 2.0, "num_boost_round": 11.0}, "datetime": {"datetime": "2024-01-19 01:08:20", "elapsed": 3408.197765, "delta": 0.003433}}
{"target": -13.75830754602325, "params": {"gamma": 40.224555127310154, "log10_alpha": -3.4700637191179045, "log10_colsample_bytree": -0.3577171887449231, "log10_eta": -2.460263521904244, "log10_lambda": -0.005482261366696051, "log10_min_child_weight": 1.3255958012079117, "log10_subsample": -0.5117010599253287, "max_depth": 2.0, "num_boost_round": 12.0}, "datetime": {"datetime": "2024-01-19 01:08:20", "elapsed": 3408.201173, "delta": 0.003408}}
{"target": -13.758317870509474, "params": {"gamma": 40.224555127310154, "log10_alpha": -3.4700637191179045, "log10_colsample_bytree": -0.3577171887449231, "log10_eta": -2.460263521904244, "log10_lambda": -0.005482261366696051, "log10_min_child_weight": 1.3255958012079117, "log10_subsample": -0.5117010599253287, "max_depth": 2.0, "num_boost_round": 13.0}, "datetime": {"datetime": "2024-01-19 01:08:20", "elapsed": 3408.204486, "delta": 0.003313}}
{"target": -13.758305958123316, "params": {"gamma": 40.224555127310154, "log10_alpha": -3.4700637191179045, "log10_colsample_bytree": -0.3577171887449231, "log10_eta": -2.460263521904244, "log10_lambda": -0.005482261366696051, "log10_min_child_weight": 1.3255958012079117, "log10_subsample": -0.5117010599253287, "max_depth": 2.0, "num_boost_round": 14.0}, "datetime": {"datetime": "2024-01-19 01:08:20", "elapsed": 3408.207809, "delta": 0.003323}}
{"target": -13.75825421254935, "params": {"gamma": 40.224555127310154, "log10_alpha": -3.4700637191179045, "log10_colsample_bytree": -0.3577171887449231, "log10_eta": -2.460263521904244, "log10_lambda": -0.005482261366696051, "log10_min_child_weight": 1.3255958012079117, "log10_subsample": -0.5117010599253287, "max_depth": 2.0, "num_boost_round": 15.0}, "datetime": {"datetime": "2024-01-19 01:08:20", "elapsed": 3408.211239, "delta": 0.00343}}
{"target": -13.758219002597471, "params": {"gamma": 40.224555127310154, "log10_alpha": -3.4700637191179045, "log10_colsample_bytree": -0.3577171887449231, "log10_eta": -2.460263521904244, "log10_lambda": -0.005482261366696051, "log10_min_child_weight": 1.3255958012079117, "log10_subsample": -0.5117010599253287, "max_depth": 2.0, "num_boost_round": 16.0}, "datetime": {"datetime": "2024-01-19 01:08:20", "elapsed": 3408.214597, "delta": 0.003358}}
