{"target": -13.758518542007502, "params": {"gamma": 499.66675341110357, "log10_alpha": 0.28270514280696446, "log10_colsample_bytree": -0.6205610954660662, "log10_eta": -3.0719620580321085, "log10_lambda": -1.882760620554338, "log10_min_child_weight": 3.5039782230283434, "log10_subsample": -0.9252804030360393, "max_depth": 3.0, "num_boost_round": 4.0}, "datetime": {"datetime": "2024-01-19 00:47:57", "elapsed": 2181.480177, "delta": 0.003472}}
{"target": -13.75852099734511, "params": {"gamma": 499.66675341110357, "log10_alpha": 0.28270514280696446, "log10_colsample_bytree": -0.6205610954660662, "log10_eta": -3.0719620580321085, "log10_lambda": -1.882760620554338, "log10_min_child_weight": 3.5039782230283434, "log10_subsample": -0.9252804030360393, "max_depth": 3.0, "num_boost_round": 5.0}, "datetime": {"datetime": "2024-01-19 00:47:57", "elapsed": 2181.483599, "delta": 0.003422}}
{"target": -13.758530342559965, "params": {"gamma": 499.66675341110357, "log10_alpha": 0.28270514280696446, "log10_colsample_bytree": -0.6205610954660662, "log10_eta": -3.0719620580321085, "log10_lambda": -1.882760620554338, "log10_min_child_weight": 3.5039782230283434, "log10_subsample": -0.9252804030360393, "max_depth": 3.0, "num_boost_round": 6.0}, "datetime": {"datetime": "2024-01-19 00:47:57", "elapsed": 2181.486904, "delta": 0.003305}}
{"target": -13.758522737892276, "params": {"gamma": 499.66675341110357, "log10_alpha": 0.28270514280696446, "log10_colsample_bytree": -0.6205610954660662, "log10_eta": -3.0719620580321085, "log10_lambda": -1.882760620554338, "log10_min_child_weight": 3.5039782230283434, "log10_subsample": -0.9252804030360393, "max_depth": 3.0, "num_boost_round": 7.0}, "datetime": {"datetime": "2024-01-19 00:47:57", "elapsed": 2181.490323, "delta": 0.003419}}
{"target": -13.758524349279364, "params": {"gamma": 499.66675341110357, "log10_alpha": 0.28270514280696446, "log10_colsample_bytree": -0.6205610954660662, "log10_eta": -3.0719620580321085, "log10_lambda": -1.882760620554338, "log10_min_child_weight": 3.5039782230283434, "log10_subsample": -0.9252804030360393, "max_depth": 3.0, "num_boost_round": 8.0}, "datetime": {"datetime": "2024-01-19 00:47:57", "elapsed": 2181.493846, "delta": 0.003523}}
{"target": -13.758518136568842, "params": {"gamma": 499.66675341110357, "log10_alpha": 0.28270514280696446, "log10_colsample_bytree": -0.6205610954660662, "log10_eta": -3.0719620580321085, "log10_lambda": -1.882760620554338, "log10_min_child_weight": 3.5039782230283434, "log10_subsample": -0.9252804030360393, "max_depth": 3.0, "num_boost_round": 9.0}, "datetime": {"datetime": "2024-01-19 00:47:57", "elapsed": 2181.4972, "delta": 0.003354}}
{"target": -13.758510295829144, "params": {"gamma": 499.66675341110357, "log10_alpha": 0.28270514280696446, "log10_colsample_bytree": -0.6205610954660662, "log10_eta": -3.0719620580321085, "log10_lambda": -1.882760620554338, "log10_min_child_weight": 3.5039782230283434, "log10_subsample": -0.9252804030360393, "max_depth": 3.0, "num_boost_round": 10.0}, "datetime": {"datetime": "2024-01-19 00:47:57", "elapsed": 2181.504588, "delta": 0.007388}}
{"target": -13.758505024565427, "params": {"gamma": 499.66675341110357, "log10_alpha": 0.28270514280696446, "log10_colsample_bytree": -0.6205610954660662, "log10_eta": -3.0719620580321085, "log10_lambda": -1.882760620554338, "log10_min_child_weight": 3.5039782230283434, "log10_subsample": -0.9252804030360393, "max_depth": 3.0, "num_boost_round": 11.0}, "datetime": {"datetime": "2024-01-19 00:47:57", "elapsed": 2181.50797, "delta": 0.003382}}
{"target": -13.758514564110634, "params": {"gamma": 499.66675341110357, "log10_alpha": 0.28270514280696446, "log10_colsample_bytree": -0.6205610954660662, "log10_eta": -3.0719620580321085, "log10_lambda": -1.882760620554338, "log10_min_child_weight": 3.5039782230283434, "log10_subsample": -0.9252804030360393, "max_depth": 3.0, "num_boost_round": 12.0}, "datetime": {"datetime": "2024-01-19 00:47:57", "elapsed": 2181.511297, "delta": 0.003327}}
{"target": -13.758506617516902, "params": {"gamma": 499.66675341110357, "log10_alpha": 0.28270514280696446, "log10_colsample_bytree": -0.6205610954660662, "log10_eta": -3.0719620580321085, "log10_lambda": -1.882760620554338, "log10_min_child_weight": 3.5039782230283434, "log10_subsample": -0.9252804030360393, "max_depth": 3.0, "num_boost_round": 13.0}, "datetime": {"datetime": "2024-01-19 00:47:57", "elapsed": 2181.514613, "delta": 0.003316}}
{"target": -13.758499271341456, "params": {"gamma": 499.66675341110357, "log10_alpha": 0.28270514280696446, "log10_colsample_bytree": -0.6205610954660662, "log10_eta": -3.0719620580321085, "log10_lambda": -1.882760620554338, "log10_min_child_weight": 3.5039782230283434, "log10_subsample": -0.9252804030360393, "max_depth": 3.0, "num_boost_round": 14.0}, "datetime": {"datetime": "2024-01-19 00:47:57", "elapsed": 2181.517913, "delta": 0.0033}}
{"target": -13.758491232248097, "params": {"gamma": 499.66675341110357, "log10_alpha": 0.28270514280696446, "log10_colsample_bytree": -0.6205610954660662, "log10_eta": -3.0719620580321085, "log10_lambda": -1.882760620554338, "log10_min_child_weight": 3.5039782230283434, "log10_subsample": -0.9252804030360393, "max_depth": 3.0, "num_boost_round": 15.0}, "datetime": {"datetime": "2024-01-19 00:47:57", "elapsed": 2181.624135, "delta": 0.106222}}
{"target": -13.758490323610511, "params": {"gamma": 499.66675341110357, "log10_alpha": 0.28270514280696446, "log10_colsample_bytree": -0.6205610954660662, "log10_eta": -3.0719620580321085, "log10_lambda": -1.882760620554338, "log10_min_child_weight": 3.5039782230283434, "log10_subsample": -0.9252804030360393, "max_depth": 3.0, "num_boost_round": 16.0}, "datetime": {"datetime": "2024-01-19 00:47:57", "elapsed": 2181.628069, "delta": 0.003934}}
{"target": -13.75848818465673, "params": {"gamma": 499.66675341110357, "log10_alpha": 0.28270514280696446, "log10_colsample_bytree": -0.6205610954660662, "log10_eta": -3.0719620580321085, "log10_lambda": -1.882760620554338, "log10_min_child_weight": 3.5039782230283434, "log10_subsample": -0.9252804030360393, "max_depth": 3.0, "num_boost_round": 17.0}, "datetime": {"datetime": "2024-01-19 00:47:57", "elapsed": 2181.631832, "delta": 0.003763}}
{"target": -13.758497324722981, "params": {"gamma": 499.66675341110357, "log10_alpha": 0.28270514280696446, "log10_colsample_bytree": -0.6205610954660662, "log10_eta": -3.0719620580321085, "log10_lambda": -1.882760620554338, "log10_min_child_weight": 3.5039782230283434, "log10_subsample": -0.9252804030360393, "max_depth": 3.0, "num_boost_round": 18.0}, "datetime": {"datetime": "2024-01-19 00:47:57", "elapsed": 2181.635311, "delta": 0.003479}}
{"target": -13.758489558670966, "params": {"gamma": 499.66675341110357, "log10_alpha": 0.28270514280696446, "log10_colsample_bytree": -0.6205610954660662, "log10_eta": -3.0719620580321085, "log10_lambda": -1.882760620554338, "log10_min_child_weight": 3.5039782230283434, "log10_subsample": -0.9252804030360393, "max_depth": 3.0, "num_boost_round": 19.0}, "datetime": {"datetime": "2024-01-19 00:47:57", "elapsed": 2181.638791, "delta": 0.00348}}
{"target": -13.758496570208587, "params": {"gamma": 499.66675341110357, "log10_alpha": 0.28270514280696446, "log10_colsample_bytree": -0.6205610954660662, "log10_eta": -3.0719620580321085, "log10_lambda": -1.882760620554338, "log10_min_child_weight": 3.5039782230283434, "log10_subsample": -0.9252804030360393, "max_depth": 3.0, "num_boost_round": 20.0}, "datetime": {"datetime": "2024-01-19 00:47:57", "elapsed": 2181.642213, "delta": 0.003422}}
{"target": -13.758505841039746, "params": {"gamma": 499.66675341110357, "log10_alpha": 0.28270514280696446, "log10_colsample_bytree": -0.6205610954660662, "log10_eta": -3.0719620580321085, "log10_lambda": -1.882760620554338, "log10_min_child_weight": 3.5039782230283434, "log10_subsample": -0.9252804030360393, "max_depth": 3.0, "num_boost_round": 21.0}, "datetime": {"datetime": "2024-01-19 00:47:57", "elapsed": 2181.645693, "delta": 0.00348}}
{"target": -13.758516540892124, "params": {"gamma": 499.66675341110357, "log10_alpha": 0.28270514280696446, "log10_colsample_bytree": -0.6205610954660662, "log10_eta": -3.0719620580321085, "log10_lambda": -1.882760620554338, "log10_min_child_weight": 3.5039782230283434, "log10_subsample": -0.9252804030360393, "max_depth": 3.0, "num_boost_round": 22.0}, "datetime": {"datetime": "2024-01-19 00:47:57", "elapsed": 2181.649094, "delta": 0.003401}}
{"target": -13.758515681741798, "params": {"gamma": 499.66675341110357, "log10_alpha": 0.28270514280696446, "log10_colsample_bytree": -0.6205610954660662, "log10_eta": -3.0719620580321085, "log10_lambda": -1.882760620554338, "log10_min_child_weight": 3.5039782230283434, "log10_subsample": -0.9252804030360393, "max_depth": 3.0, "num_boost_round": 23.0}, "datetime": {"datetime": "2024-01-19 00:47:57", "elapsed": 2181.652602, "delta": 0.003508}}
{"target": -13.758513556463361, "params": {"gamma": 499.66675341110357, "log10_alpha": 0.28270514280696446, "log10_colsample_bytree": -0.6205610954660662, "log10_eta": -3.0719620580321085, "log10_lambda": -1.882760620554338, "log10_min_child_weight": 3.5039782230283434, "log10_subsample": -0.9252804030360393, "max_depth": 3.0, "num_boost_round": 24.0}, "datetime": {"datetime": "2024-01-19 00:47:57", "elapsed": 2181.656037, "delta": 0.003435}}
{"target": -13.758514538671864, "params": {"gamma": 499.66675341110357, "log10_alpha": 0.28270514280696446, "log10_colsample_bytree": -0.6205610954660662, "log10_eta": -3.0719620580321085, "log10_lambda": -1.882760620554338, "log10_min_child_weight": 3.5039782230283434, "log10_subsample": -0.9252804030360393, "max_depth": 3.0, "num_boost_round": 25.0}, "datetime": {"datetime": "2024-01-19 00:47:57", "elapsed": 2181.660213, "delta": 0.004176}}
{"target": -13.758515082676745, "params": {"gamma": 499.66675341110357, "log10_alpha": 0.28270514280696446, "log10_colsample_bytree": -0.6205610954660662, "log10_eta": -3.0719620580321085, "log10_lambda": -1.882760620554338, "log10_min_child_weight": 3.5039782230283434, "log10_subsample": -0.9252804030360393, "max_depth": 3.0, "num_boost_round": 26.0}, "datetime": {"datetime": "2024-01-19 00:47:57", "elapsed": 2181.663791, "delta": 0.003578}}
{"target": -13.758504358269288, "params": {"gamma": 499.66675341110357, "log10_alpha": 0.28270514280696446, "log10_colsample_bytree": -0.6205610954660662, "log10_eta": -3.0719620580321085, "log10_lambda": -1.882760620554338, "log10_min_child_weight": 3.5039782230283434, "log10_subsample": -0.9252804030360393, "max_depth": 3.0, "num_boost_round": 27.0}, "datetime": {"datetime": "2024-01-19 00:47:57", "elapsed": 2181.667362, "delta": 0.003571}}
{"target": -13.7585050871534, "params": {"gamma": 499.66675341110357, "log10_alpha": 0.28270514280696446, "log10_colsample_bytree": -0.6205610954660662, "log10_eta": -3.0719620580321085, "log10_lambda": -1.882760620554338, "log10_min_child_weight": 3.5039782230283434, "log10_subsample": -0.9252804030360393, "max_depth": 3.0, "num_boost_round": 28.0}, "datetime": {"datetime": "2024-01-19 00:47:57", "elapsed": 2181.670749, "delta": 0.003387}}
{"target": -13.75850149797675, "params": {"gamma": 499.66675341110357, "log10_alpha": 0.28270514280696446, "log10_colsample_bytree": -0.6205610954660662, "log10_eta": -3.0719620580321085, "log10_lambda": -1.882760620554338, "log10_min_child_weight": 3.5039782230283434, "log10_subsample": -0.9252804030360393, "max_depth": 3.0, "num_boost_round": 29.0}, "datetime": {"datetime": "2024-01-19 00:47:57", "elapsed": 2181.674215, "delta": 0.003466}}
{"target": -13.758492236587164, "params": {"gamma": 499.66675341110357, "log10_alpha": 0.28270514280696446, "log10_colsample_bytree": -0.6205610954660662, "log10_eta": -3.0719620580321085, "log10_lambda": -1.882760620554338, "log10_min_child_weight": 3.5039782230283434, "log10_subsample": -0.9252804030360393, "max_depth": 3.0, "num_boost_round": 30.0}, "datetime": {"datetime": "2024-01-19 00:47:57", "elapsed": 2181.677587, "delta": 0.003372}}
{"target": -13.758482032536483, "params": {"gamma": 499.66675341110357, "log10_alpha": 0.28270514280696446, "log10_colsample_bytree": -0.6205610954660662, "log10_eta": -3.0719620580321085, "log10_lambda": -1.882760620554338, "log10_min_child_weight": 3.5039782230283434, "log10_subsample": -0.9252804030360393, "max_depth": 3.0, "num_boost_round": 31.0}, "datetime": {"datetime": "2024-01-19 00:47:57", "elapsed": 2181.680978, "delta": 0.003391}}
{"target": -13.758482801362698, "params": {"gamma": 499.66675341110357, "log10_alpha": 0.28270514280696446, "log10_colsample_bytree": -0.6205610954660662, "log10_eta": -3.0719620580321085, "log10_lambda": -1.882760620554338, "log10_min_child_weight": 3.5039782230283434, "log10_subsample": -0.9252804030360393, "max_depth": 3.0, "num_boost_round": 32.0}, "datetime": {"datetime": "2024-01-19 00:47:57", "elapsed": 2181.684432, "delta": 0.003454}}
{"target": -13.758479978851998, "params": {"gamma": 499.66675341110357, "log10_alpha": 0.28270514280696446, "log10_colsample_bytree": -0.6205610954660662, "log10_eta": -3.0719620580321085, "log10_lambda": -1.882760620554338, "log10_min_child_weight": 3.5039782230283434, "log10_subsample": -0.9252804030360393, "max_depth": 3.0, "num_boost_round": 33.0}, "datetime": {"datetime": "2024-01-19 00:47:57", "elapsed": 2181.687916, "delta": 0.003484}}
{"target": -13.758476823761352, "params": {"gamma": 499.66675341110357, "log10_alpha": 0.28270514280696446, "log10_colsample_bytree": -0.6205610954660662, "log10_eta": -3.0719620580321085, "log10_lambda": -1.882760620554338, "log10_min_child_weight": 3.5039782230283434, "log10_subsample": -0.9252804030360393, "max_depth": 3.0, "num_boost_round": 34.0}, "datetime": {"datetime": "2024-01-19 00:47:57", "elapsed": 2181.691336, "delta": 0.00342}}
{"target": -13.758486320776264, "params": {"gamma": 499.66675341110357, "log10_alpha": 0.28270514280696446, "log10_colsample_bytree": -0.6205610954660662, "log10_eta": -3.0719620580321085, "log10_lambda": -1.882760620554338, "log10_min_child_weight": 3.5039782230283434, "log10_subsample": -0.9252804030360393, "max_depth": 3.0, "num_boost_round": 35.0}, "datetime": {"datetime": "2024-01-19 00:47:57", "elapsed": 2181.694793, "delta": 0.003457}}
{"target": -13.758488329482681, "params": {"gamma": 499.66675341110357, "log10_alpha": 0.28270514280696446, "log10_colsample_bytree": -0.6205610954660662, "log10_eta": -3.0719620580321085, "log10_lambda": -1.882760620554338, "log10_min_child_weight": 3.5039782230283434, "log10_subsample": -0.9252804030360393, "max_depth": 3.0, "num_boost_round": 36.0}, "datetime": {"datetime": "2024-01-19 00:47:57", "elapsed": 2181.6982, "delta": 0.003407}}
{"target": -13.75849314205531, "params": {"gamma": 499.66675341110357, "log10_alpha": 0.28270514280696446, "log10_colsample_bytree": -0.6205610954660662, "log10_eta": -3.0719620580321085, "log10_lambda": -1.882760620554338, "log10_min_child_weight": 3.5039782230283434, "log10_subsample": -0.9252804030360393, "max_depth": 3.0, "num_boost_round": 37.0}, "datetime": {"datetime": "2024-01-19 00:47:57", "elapsed": 2181.701687, "delta": 0.003487}}
{"target": -13.758479721859445, "params": {"gamma": 499.66675341110357, "log10_alpha": 0.28270514280696446, "log10_colsample_bytree": -0.6205610954660662, "log10_eta": -3.0719620580321085, "log10_lambda": -1.882760620554338, "log10_min_child_weight": 3.5039782230283434, "log10_subsample": -0.9252804030360393, "max_depth": 3.0, "num_boost_round": 38.0}, "datetime": {"datetime": "2024-01-19 00:47:57", "elapsed": 2181.705135, "delta": 0.003448}}
{"target": -13.758467768893498, "params": {"gamma": 499.66675341110357, "log10_alpha": 0.28270514280696446, "log10_colsample_bytree": -0.6205610954660662, "log10_eta": -3.0719620580321085, "log10_lambda": -1.882760620554338, "log10_min_child_weight": 3.5039782230283434, "log10_subsample": -0.9252804030360393, "max_depth": 3.0, "num_boost_round": 39.0}, "datetime": {"datetime": "2024-01-19 00:47:57", "elapsed": 2181.708603, "delta": 0.003468}}
{"target": -13.758466085377117, "params": {"gamma": 499.66675341110357, "log10_alpha": 0.28270514280696446, "log10_colsample_bytree": -0.6205610954660662, "log10_eta": -3.0719620580321085, "log10_lambda": -1.882760620554338, "log10_min_child_weight": 3.5039782230283434, "log10_subsample": -0.9252804030360393, "max_depth": 3.0, "num_boost_round": 40.0}, "datetime": {"datetime": "2024-01-19 00:47:57", "elapsed": 2181.712004, "delta": 0.003401}}
{"target": -13.758459548294685, "params": {"gamma": 499.66675341110357, "log10_alpha": 0.28270514280696446, "log10_colsample_bytree": -0.6205610954660662, "log10_eta": -3.0719620580321085, "log10_lambda": -1.882760620554338, "log10_min_child_weight": 3.5039782230283434, "log10_subsample": -0.9252804030360393, "max_depth": 3.0, "num_boost_round": 41.0}, "datetime": {"datetime": "2024-01-19 00:47:57", "elapsed": 2181.715537, "delta": 0.003533}}
{"target": -13.75845877991039, "params": {"gamma": 499.66675341110357, "log10_alpha": 0.28270514280696446, "log10_colsample_bytree": -0.6205610954660662, "log10_eta": -3.0719620580321085, "log10_lambda": -1.882760620554338, "log10_min_child_weight": 3.5039782230283434, "log10_subsample": -0.9252804030360393, "max_depth": 3.0, "num_boost_round": 42.0}, "datetime": {"datetime": "2024-01-19 00:47:57", "elapsed": 2181.718973, "delta": 0.003436}}
{"target": -13.758456403793232, "params": {"gamma": 499.66675341110357, "log10_alpha": 0.28270514280696446, "log10_colsample_bytree": -0.6205610954660662, "log10_eta": -3.0719620580321085, "log10_lambda": -1.882760620554338, "log10_min_child_weight": 3.5039782230283434, "log10_subsample": -0.9252804030360393, "max_depth": 3.0, "num_boost_round": 43.0}, "datetime": {"datetime": "2024-01-19 00:47:57", "elapsed": 2181.722443, "delta": 0.00347}}
{"target": -13.758453150116939, "params": {"gamma": 499.66675341110357, "log10_alpha": 0.28270514280696446, "log10_colsample_bytree": -0.6205610954660662, "log10_eta": -3.0719620580321085, "log10_lambda": -1.882760620554338, "log10_min_child_weight": 3.5039782230283434, "log10_subsample": -0.9252804030360393, "max_depth": 3.0, "num_boost_round": 44.0}, "datetime": {"datetime": "2024-01-19 00:47:57", "elapsed": 2181.725866, "delta": 0.003423}}
{"target": -13.75844127231379, "params": {"gamma": 499.66675341110357, "log10_alpha": 0.28270514280696446, "log10_colsample_bytree": -0.6205610954660662, "log10_eta": -3.0719620580321085, "log10_lambda": -1.882760620554338, "log10_min_child_weight": 3.5039782230283434, "log10_subsample": -0.9252804030360393, "max_depth": 3.0, "num_boost_round": 45.0}, "datetime": {"datetime": "2024-01-19 00:47:57", "elapsed": 2181.729341, "delta": 0.003475}}
{"target": -13.758426110749122, "params": {"gamma": 499.66675341110357, "log10_alpha": 0.28270514280696446, "log10_colsample_bytree": -0.6205610954660662, "log10_eta": -3.0719620580321085, "log10_lambda": -1.882760620554338, "log10_min_child_weight": 3.5039782230283434, "log10_subsample": -0.9252804030360393, "max_depth": 3.0, "num_boost_round": 46.0}, "datetime": {"datetime": "2024-01-19 00:47:57", "elapsed": 2181.732802, "delta": 0.003461}}
{"target": -13.758511719345819, "params": {"gamma": 491.34578740634913, "log10_alpha": -4.907189601582942, "log10_colsample_bytree": -0.2867475604123314, "log10_eta": -2.739558764746601, "log10_lambda": 0.3685881937655857, "log10_min_child_weight": 0.8304929873805866, "log10_subsample": -0.1507922864495458, "max_depth": 2.0, "num_boost_round": 0.0}, "datetime": {"datetime": "2024-01-19 00:48:53", "elapsed": 2237.176652, "delta": 55.44385}}
{"target": -13.758498527420771, "params": {"gamma": 491.34578740634913, "log10_alpha": -4.907189601582942, "log10_colsample_bytree": -0.2867475604123314, "log10_eta": -2.739558764746601, "log10_lambda": 0.3685881937655857, "log10_min_child_weight": 0.8304929873805866, "log10_subsample": -0.1507922864495458, "max_depth": 2.0, "num_boost_round": 1.0}, "datetime": {"datetime": "2024-01-19 00:48:53", "elapsed": 2237.180636, "delta": 0.003984}}
{"target": -13.758496314197451, "params": {"gamma": 491.34578740634913, "log10_alpha": -4.907189601582942, "log10_colsample_bytree": -0.2867475604123314, "log10_eta": -2.739558764746601, "log10_lambda": 0.3685881937655857, "log10_min_child_weight": 0.8304929873805866, "log10_subsample": -0.1507922864495458, "max_depth": 2.0, "num_boost_round": 2.0}, "datetime": {"datetime": "2024-01-19 00:48:53", "elapsed": 2237.184171, "delta": 0.003535}}
{"target": -13.758500294689844, "params": {"gamma": 491.34578740634913, "log10_alpha": -4.907189601582942, "log10_colsample_bytree": -0.2867475604123314, "log10_eta": -2.739558764746601, "log10_lambda": 0.3685881937655857, "log10_min_child_weight": 0.8304929873805866, "log10_subsample": -0.1507922864495458, "max_depth": 2.0, "num_boost_round": 3.0}, "datetime": {"datetime": "2024-01-19 00:48:53", "elapsed": 2237.187596, "delta": 0.003425}}
{"target": -13.75847630188919, "params": {"gamma": 491.34578740634913, "log10_alpha": -4.907189601582942, "log10_colsample_bytree": -0.2867475604123314, "log10_eta": -2.739558764746601, "log10_lambda": 0.3685881937655857, "log10_min_child_weight": 0.8304929873805866, "log10_subsample": -0.1507922864495458, "max_depth": 2.0, "num_boost_round": 4.0}, "datetime": {"datetime": "2024-01-19 00:48:53", "elapsed": 2237.191028, "delta": 0.003432}}
{"target": -13.758469655980107, "params": {"gamma": 491.34578740634913, "log10_alpha": -4.907189601582942, "log10_colsample_bytree": -0.2867475604123314, "log10_eta": -2.739558764746601, "log10_lambda": 0.3685881937655857, "log10_min_child_weight": 0.8304929873805866, "log10_subsample": -0.1507922864495458, "max_depth": 2.0, "num_boost_round": 5.0}, "datetime": {"datetime": "2024-01-19 00:48:53", "elapsed": 2237.194595, "delta": 0.003567}}
