{"target": -17.697838769207603, "params": {"gamma": 78.32658694446803, "log10_alpha": -0.4398390668764609, "log10_colsample_bytree": -0.6690110752537868, "log10_eta": -0.6486937477184611, "log10_lambda": -4.241919111732791, "log10_min_child_weight": 0.12978691182511992, "log10_subsample": -0.3209875667107712, "max_depth": 4.0, "num_boost_round": 4.0}, "datetime": {"datetime": "2024-01-19 00:12:19", "elapsed": 46.979532, "delta": 0.000306}}
{"target": -17.701459368276055, "params": {"gamma": 78.32658694446803, "log10_alpha": -0.4398390668764609, "log10_colsample_bytree": -0.6690110752537868, "log10_eta": -0.6486937477184611, "log10_lambda": -4.241919111732791, "log10_min_child_weight": 0.12978691182511992, "log10_subsample": -0.3209875667107712, "max_depth": 4.0, "num_boost_round": 5.0}, "datetime": {"datetime": "2024-01-19 00:12:19", "elapsed": 46.979849, "delta": 0.000317}}
{"target": -17.71210931248135, "params": {"gamma": 78.32658694446803, "log10_alpha": -0.4398390668764609, "log10_colsample_bytree": -0.6690110752537868, "log10_eta": -0.6486937477184611, "log10_lambda": -4.241919111732791, "log10_min_child_weight": 0.12978691182511992, "log10_subsample": -0.3209875667107712, "max_depth": 4.0, "num_boost_round": 6.0}, "datetime": {"datetime": "2024-01-19 00:12:19", "elapsed": 46.980175, "delta": 0.000326}}
{"target": -17.744333760274127, "params": {"gamma": 78.32658694446803, "log10_alpha": -0.4398390668764609, "log10_colsample_bytree": -0.6690110752537868, "log10_eta": -0.6486937477184611, "log10_lambda": -4.241919111732791, "log10_min_child_weight": 0.12978691182511992, "log10_subsample": -0.3209875667107712, "max_depth": 4.0, "num_boost_round": 7.0}, "datetime": {"datetime": "2024-01-19 00:12:19", "elapsed": 46.980493, "delta": 0.000318}}
{"target": -17.75444528680965, "params": {"gamma": 78.32658694446803, "log10_alpha": -0.4398390668764609, "log10_colsample_bytree": -0.6690110752537868, "log10_eta": -0.6486937477184611, "log10_lambda": -4.241919111732791, "log10_min_child_weight": 0.12978691182511992, "log10_subsample": -0.3209875667107712, "max_depth": 4.0, "num_boost_round": 8.0}, "datetime": {"datetime": "2024-01-19 00:12:19", "elapsed": 46.980794, "delta": 0.000301}}
{"target": -17.75927674353186, "params": {"gamma": 78.32658694446803, "log10_alpha": -0.4398390668764609, "log10_colsample_bytree": -0.6690110752537868, "log10_eta": -0.6486937477184611, "log10_lambda": -4.241919111732791, "log10_min_child_weight": 0.12978691182511992, "log10_subsample": -0.3209875667107712, "max_depth": 4.0, "num_boost_round": 9.0}, "datetime": {"datetime": "2024-01-19 00:12:19", "elapsed": 46.981124, "delta": 0.00033}}
{"target": -17.767681949732356, "params": {"gamma": 78.32658694446803, "log10_alpha": -0.4398390668764609, "log10_colsample_bytree": -0.6690110752537868, "log10_eta": -0.6486937477184611, "log10_lambda": -4.241919111732791, "log10_min_child_weight": 0.12978691182511992, "log10_subsample": -0.3209875667107712, "max_depth": 4.0, "num_boost_round": 10.0}, "datetime": {"datetime": "2024-01-19 00:12:19", "elapsed": 46.981438, "delta": 0.000314}}
{"target": -17.677075940570823, "params": {"gamma": 76.34431961716348, "log10_alpha": -2.0827381801459777, "log10_colsample_bytree": -0.5582068385788846, "log10_eta": -2.0208273828297307, "log10_lambda": 0.8748671241762231, "log10_min_child_weight": 3.0694946476675034, "log10_subsample": -0.6636869738480611, "max_depth": 2.0, "num_boost_round": 0.0}, "datetime": {"datetime": "2024-01-19 00:12:39", "elapsed": 66.523218, "delta": 19.54178}}
{"target": -17.677038161447893, "params": {"gamma": 76.34431961716348, "log10_alpha": -2.0827381801459777, "log10_colsample_bytree": -0.5582068385788846, "log10_eta": -2.0208273828297307, "log10_lambda": 0.8748671241762231, "log10_min_child_weight": 3.0694946476675034, "log10_subsample": -0.6636869738480611, "max_depth": 2.0, "num_boost_round": 1.0}, "datetime": {"datetime": "2024-01-19 00:12:39", "elapsed": 66.523662, "delta": 0.000444}}
{"target": -17.67679993119825, "params": {"gamma": 76.34431961716348, "log10_alpha": -2.0827381801459777, "log10_colsample_bytree": -0.5582068385788846, "log10_eta": -2.0208273828297307, "log10_lambda": 0.8748671241762231, "log10_min_child_weight": 3.0694946476675034, "log10_subsample": -0.6636869738480611, "max_depth": 2.0, "num_boost_round": 2.0}, "datetime": {"datetime": "2024-01-19 00:12:39", "elapsed": 66.523981, "delta": 0.000319}}
{"target": -17.676760350912943, "params": {"gamma": 76.34431961716348, "log10_alpha": -2.0827381801459777, "log10_colsample_bytree": -0.5582068385788846, "log10_eta": -2.0208273828297307, "log10_lambda": 0.8748671241762231, "log10_min_child_weight": 3.0694946476675034, "log10_subsample": -0.6636869738480611, "max_depth": 2.0, "num_boost_round": 3.0}, "datetime": {"datetime": "2024-01-19 00:12:39", "elapsed": 66.524279, "delta": 0.000298}}
{"target": -17.676665684767794, "params": {"gamma": 76.34431961716348, "log10_alpha": -2.0827381801459777, "log10_colsample_bytree": -0.5582068385788846, "log10_eta": -2.0208273828297307, "log10_lambda": 0.8748671241762231, "log10_min_child_weight": 3.0694946476675034, "log10_subsample": -0.6636869738480611, "max_depth": 2.0, "num_boost_round": 4.0}, "datetime": {"datetime": "2024-01-19 00:12:39", "elapsed": 66.524577, "delta": 0.000298}}
{"target": -17.67652783130925, "params": {"gamma": 76.34431961716348, "log10_alpha": -2.0827381801459777, "log10_colsample_bytree": -0.5582068385788846, "log10_eta": -2.0208273828297307, "log10_lambda": 0.8748671241762231, "log10_min_child_weight": 3.0694946476675034, "log10_subsample": -0.6636869738480611, "max_depth": 2.0, "num_boost_round": 5.0}, "datetime": {"datetime": "2024-01-19 00:12:39", "elapsed": 66.52487, "delta": 0.000293}}
{"target": -17.676383111736634, "params": {"gamma": 76.34431961716348, "log10_alpha": -2.0827381801459777, "log10_colsample_bytree": -0.5582068385788846, "log10_eta": -2.0208273828297307, "log10_lambda": 0.8748671241762231, "log10_min_child_weight": 3.0694946476675034, "log10_subsample": -0.6636869738480611, "max_depth": 2.0, "num_boost_round": 6.0}, "datetime": {"datetime": "2024-01-19 00:12:39", "elapsed": 66.525173, "delta": 0.000303}}
{"target": -17.67620347753196, "params": {"gamma": 76.34431961716348, "log10_alpha": -2.0827381801459777, "log10_colsample_bytree": -0.5582068385788846, "log10_eta": -2.0208273828297307, "log10_lambda": 0.8748671241762231, "log10_min_child_weight": 3.0694946476675034, "log10_subsample": -0.6636869738480611, "max_depth": 2.0, "num_boost_round": 7.0}, "datetime": {"datetime": "2024-01-19 00:12:39", "elapsed": 66.525633, "delta": 0.00046}}
{"target": -17.67607541129744, "params": {"gamma": 76.34431961716348, "log10_alpha": -2.0827381801459777, "log10_colsample_bytree": -0.5582068385788846, "log10_eta": -2.0208273828297307, "log10_lambda": 0.8748671241762231, "log10_min_child_weight": 3.0694946476675034, "log10_subsample": -0.6636869738480611, "max_depth": 2.0, "num_boost_round": 8.0}, "datetime": {"datetime": "2024-01-19 00:12:39", "elapsed": 66.526458, "delta": 0.000825}}
{"target": -17.675996095744082, "params": {"gamma": 76.34431961716348, "log10_alpha": -2.0827381801459777, "log10_colsample_bytree": -0.5582068385788846, "log10_eta": -2.0208273828297307, "log10_lambda": 0.8748671241762231, "log10_min_child_weight": 3.0694946476675034, "log10_subsample": -0.6636869738480611, "max_depth": 2.0, "num_boost_round": 9.0}, "datetime": {"datetime": "2024-01-19 00:12:39", "elapsed": 66.527024, "delta": 0.000566}}
{"target": -17.67702980106207, "params": {"gamma": 74.22768069207142, "log10_alpha": -3.9701805406662976, "log10_colsample_bytree": -0.791448045973186, "log10_eta": -2.540168903360253, "log10_lambda": 0.7901229059734582, "log10_min_child_weight": 2.478277230007326, "log10_subsample": -0.5714985903199957, "max_depth": 5.0, "num_boost_round": 0.0}, "datetime": {"datetime": "2024-01-19 00:12:58", "elapsed": 85.836904, "delta": 19.30988}}
{"target": -17.676833982952108, "params": {"gamma": 74.22768069207142, "log10_alpha": -3.9701805406662976, "log10_colsample_bytree": -0.791448045973186, "log10_eta": -2.540168903360253, "log10_lambda": 0.7901229059734582, "log10_min_child_weight": 2.478277230007326, "log10_subsample": -0.5714985903199957, "max_depth": 5.0, "num_boost_round": 1.0}, "datetime": {"datetime": "2024-01-19 00:12:58", "elapsed": 85.839611, "delta": 0.002707}}
{"target": -17.67679201407556, "params": {"gamma": 74.22768069207142, "log10_alpha": -3.9701805406662976, "log10_colsample_bytree": -0.791448045973186, "log10_eta": -2.540168903360253, "log10_lambda": 0.7901229059734582, "log10_min_child_weight": 2.478277230007326, "log10_subsample": -0.5714985903199957, "max_depth": 5.0, "num_boost_round": 2.0}, "datetime": {"datetime": "2024-01-19 00:12:58", "elapsed": 85.840026, "delta": 0.000415}}
{"target": -17.676771981151244, "params": {"gamma": 74.22768069207142, "log10_alpha": -3.9701805406662976, "log10_colsample_bytree": -0.791448045973186, "log10_eta": -2.540168903360253, "log10_lambda": 0.7901229059734582, "log10_min_child_weight": 2.478277230007326, "log10_subsample": -0.5714985903199957, "max_depth": 5.0, "num_boost_round": 3.0}, "datetime": {"datetime": "2024-01-19 00:12:58", "elapsed": 85.840357, "delta": 0.000331}}
{"target": -17.67665649141974, "params": {"gamma": 74.22768069207142, "log10_alpha": -3.9701805406662976, "log10_colsample_bytree": -0.791448045973186, "log10_eta": -2.540168903360253, "log10_lambda": 0.7901229059734582, "log10_min_child_weight": 2.478277230007326, "log10_subsample": -0.5714985903199957, "max_depth": 5.0, "num_boost_round": 4.0}, "datetime": {"datetime": "2024-01-19 00:12:58", "elapsed": 85.840673, "delta": 0.000316}}
{"target": -17.676554857090622, "params": {"gamma": 74.22768069207142, "log10_alpha": -3.9701805406662976, "log10_colsample_bytree": -0.791448045973186, "log10_eta": -2.540168903360253, "log10_lambda": 0.7901229059734582, "log10_min_child_weight": 2.478277230007326, "log10_subsample": -0.5714985903199957, "max_depth": 5.0, "num_boost_round": 5.0}, "datetime": {"datetime": "2024-01-19 00:12:58", "elapsed": 85.841003, "delta": 0.00033}}
{"target": -17.67648178840592, "params": {"gamma": 74.22768069207142, "log10_alpha": -3.9701805406662976, "log10_colsample_bytree": -0.791448045973186, "log10_eta": -2.540168903360253, "log10_lambda": 0.7901229059734582, "log10_min_child_weight": 2.478277230007326, "log10_subsample": -0.5714985903199957, "max_depth": 5.0, "num_boost_round": 6.0}, "datetime": {"datetime": "2024-01-19 00:12:58", "elapsed": 85.841446, "delta": 0.000443}}
{"target": -17.676233417113842, "params": {"gamma": 74.22768069207142, "log10_alpha": -3.9701805406662976, "log10_colsample_bytree": -0.791448045973186, "log10_eta": -2.540168903360253, "log10_lambda": 0.7901229059734582, "log10_min_child_weight": 2.478277230007326, "log10_subsample": -0.5714985903199957, "max_depth": 5.0, "num_boost_round": 7.0}, "datetime": {"datetime": "2024-01-19 00:12:58", "elapsed": 85.841758, "delta": 0.000312}}
{"target": -17.676214886436636, "params": {"gamma": 74.22768069207142, "log10_alpha": -3.9701805406662976, "log10_colsample_bytree": -0.791448045973186, "log10_eta": -2.540168903360253, "log10_lambda": 0.7901229059734582, "log10_min_child_weight": 2.478277230007326, "log10_subsample": -0.5714985903199957, "max_depth": 5.0, "num_boost_round": 8.0}, "datetime": {"datetime": "2024-01-19 00:12:58", "elapsed": 85.842073, "delta": 0.000315}}
{"target": -17.676219757402748, "params": {"gamma": 74.22768069207142, "log10_alpha": -3.9701805406662976, "log10_colsample_bytree": -0.791448045973186, "log10_eta": -2.540168903360253, "log10_lambda": 0.7901229059734582, "log10_min_child_weight": 2.478277230007326, "log10_subsample": -0.5714985903199957, "max_depth": 5.0, "num_boost_round": 9.0}, "datetime": {"datetime": "2024-01-19 00:12:58", "elapsed": 85.842386, "delta": 0.000313}}
{"target": -17.67604641528954, "params": {"gamma": 74.22768069207142, "log10_alpha": -3.9701805406662976, "log10_colsample_bytree": -0.791448045973186, "log10_eta": -2.540168903360253, "log10_lambda": 0.7901229059734582, "log10_min_child_weight": 2.478277230007326, "log10_subsample": -0.5714985903199957, "max_depth": 5.0, "num_boost_round": 10.0}, "datetime": {"datetime": "2024-01-19 00:12:58", "elapsed": 85.842703, "delta": 0.000317}}
{"target": -17.677162048873676, "params": {"gamma": 70.9551171294227, "log10_alpha": -1.2491668428119045, "log10_colsample_bytree": -0.4310515710346673, "log10_eta": -2.632281974165451, "log10_lambda": 0.1736272718301448, "log10_min_child_weight": 2.5683436987433543, "log10_subsample": -0.7575295450200893, "max_depth": 2.0, "num_boost_round": 0.0}, "datetime": {"datetime": "2024-01-19 00:13:19", "elapsed": 107.275176, "delta": 21.432473}}
{"target": -17.6770960563506, "params": {"gamma": 70.9551171294227, "log10_alpha": -1.2491668428119045, "log10_colsample_bytree": -0.4310515710346673, "log10_eta": -2.632281974165451, "log10_lambda": 0.1736272718301448, "log10_min_child_weight": 2.5683436987433543, "log10_subsample": -0.7575295450200893, "max_depth": 2.0, "num_boost_round": 1.0}, "datetime": {"datetime": "2024-01-19 00:13:19", "elapsed": 107.275678, "delta": 0.000502}}
{"target": -17.67702990239555, "params": {"gamma": 70.9551171294227, "log10_alpha": -1.2491668428119045, "log10_colsample_bytree": -0.4310515710346673, "log10_eta": -2.632281974165451, "log10_lambda": 0.1736272718301448, "log10_min_child_weight": 2.5683436987433543, "log10_subsample": -0.7575295450200893, "max_depth": 2.0, "num_boost_round": 2.0}, "datetime": {"datetime": "2024-01-19 00:13:19", "elapsed": 107.276036, "delta": 0.000358}}
{"target": -17.677018841103312, "params": {"gamma": 70.9551171294227, "log10_alpha": -1.2491668428119045, "log10_colsample_bytree": -0.4310515710346673, "log10_eta": -2.632281974165451, "log10_lambda": 0.1736272718301448, "log10_min_child_weight": 2.5683436987433543, "log10_subsample": -0.7575295450200893, "max_depth": 2.0, "num_boost_round": 3.0}, "datetime": {"datetime": "2024-01-19 00:13:19", "elapsed": 107.276375, "delta": 0.000339}}
{"target": -17.67696495819504, "params": {"gamma": 70.9551171294227, "log10_alpha": -1.2491668428119045, "log10_colsample_bytree": -0.4310515710346673, "log10_eta": -2.632281974165451, "log10_lambda": 0.1736272718301448, "log10_min_child_weight": 2.5683436987433543, "log10_subsample": -0.7575295450200893, "max_depth": 2.0, "num_boost_round": 4.0}, "datetime": {"datetime": "2024-01-19 00:13:19", "elapsed": 107.276704, "delta": 0.000329}}
{"target": -17.676927870068063, "params": {"gamma": 70.9551171294227, "log10_alpha": -1.2491668428119045, "log10_colsample_bytree": -0.4310515710346673, "log10_eta": -2.632281974165451, "log10_lambda": 0.1736272718301448, "log10_min_child_weight": 2.5683436987433543, "log10_subsample": -0.7575295450200893, "max_depth": 2.0, "num_boost_round": 5.0}, "datetime": {"datetime": "2024-01-19 00:13:19", "elapsed": 107.277042, "delta": 0.000338}}
{"target": -17.676872769527108, "params": {"gamma": 70.9551171294227, "log10_alpha": -1.2491668428119045, "log10_colsample_bytree": -0.4310515710346673, "log10_eta": -2.632281974165451, "log10_lambda": 0.1736272718301448, "log10_min_child_weight": 2.5683436987433543, "log10_subsample": -0.7575295450200893, "max_depth": 2.0, "num_boost_round": 6.0}, "datetime": {"datetime": "2024-01-19 00:13:19", "elapsed": 107.277376, "delta": 0.000334}}
{"target": -17.676819323316064, "params": {"gamma": 70.9551171294227, "log10_alpha": -1.2491668428119045, "log10_colsample_bytree": -0.4310515710346673, "log10_eta": -2.632281974165451, "log10_lambda": 0.1736272718301448, "log10_min_child_weight": 2.5683436987433543, "log10_subsample": -0.7575295450200893, "max_depth": 2.0, "num_boost_round": 7.0}, "datetime": {"datetime": "2024-01-19 00:13:19", "elapsed": 107.277705, "delta": 0.000329}}
{"target": -17.676785076516662, "params": {"gamma": 70.9551171294227, "log10_alpha": -1.2491668428119045, "log10_colsample_bytree": -0.4310515710346673, "log10_eta": -2.632281974165451, "log10_lambda": 0.1736272718301448, "log10_min_child_weight": 2.5683436987433543, "log10_subsample": -0.7575295450200893, "max_depth": 2.0, "num_boost_round": 8.0}, "datetime": {"datetime": "2024-01-19 00:13:19", "elapsed": 107.278041, "delta": 0.000336}}
{"target": -17.676688220316016, "params": {"gamma": 70.9551171294227, "log10_alpha": -1.2491668428119045, "log10_colsample_bytree": -0.4310515710346673, "log10_eta": -2.632281974165451, "log10_lambda": 0.1736272718301448, "log10_min_child_weight": 2.5683436987433543, "log10_subsample": -0.7575295450200893, "max_depth": 2.0, "num_boost_round": 9.0}, "datetime": {"datetime": "2024-01-19 00:13:19", "elapsed": 107.278375, "delta": 0.000334}}
{"target": -17.6766435282727, "params": {"gamma": 70.9551171294227, "log10_alpha": -1.2491668428119045, "log10_colsample_bytree": -0.4310515710346673, "log10_eta": -2.632281974165451, "log10_lambda": 0.1736272718301448, "log10_min_child_weight": 2.5683436987433543, "log10_subsample": -0.7575295450200893, "max_depth": 2.0, "num_boost_round": 10.0}, "datetime": {"datetime": "2024-01-19 00:13:19", "elapsed": 107.278702, "delta": 0.000327}}
{"target": -17.67662779029383, "params": {"gamma": 70.9551171294227, "log10_alpha": -1.2491668428119045, "log10_colsample_bytree": -0.4310515710346673, "log10_eta": -2.632281974165451, "log10_lambda": 0.1736272718301448, "log10_min_child_weight": 2.5683436987433543, "log10_subsample": -0.7575295450200893, "max_depth": 2.0, "num_boost_round": 11.0}, "datetime": {"datetime": "2024-01-19 00:13:19", "elapsed": 107.279045, "delta": 0.000343}}
{"target": -17.676581468653, "params": {"gamma": 70.9551171294227, "log10_alpha": -1.2491668428119045, "log10_colsample_bytree": -0.4310515710346673, "log10_eta": -2.632281974165451, "log10_lambda": 0.1736272718301448, "log10_min_child_weight": 2.5683436987433543, "log10_subsample": -0.7575295450200893, "max_depth": 2.0, "num_boost_round": 12.0}, "datetime": {"datetime": "2024-01-19 00:13:19", "elapsed": 107.279385, "delta": 0.00034}}
{"target": -17.676564108512753, "params": {"gamma": 70.9551171294227, "log10_alpha": -1.2491668428119045, "log10_colsample_bytree": -0.4310515710346673, "log10_eta": -2.632281974165451, "log10_lambda": 0.1736272718301448, "log10_min_child_weight": 2.5683436987433543, "log10_subsample": -0.7575295450200893, "max_depth": 2.0, "num_boost_round": 13.0}, "datetime": {"datetime": "2024-01-19 00:13:19", "elapsed": 107.279717, "delta": 0.000332}}
{"target": -17.676544671687914, "params": {"gamma": 70.9551171294227, "log10_alpha": -1.2491668428119045, "log10_colsample_bytree": -0.4310515710346673, "log10_eta": -2.632281974165451, "log10_lambda": 0.1736272718301448, "log10_min_child_weight": 2.5683436987433543, "log10_subsample": -0.7575295450200893, "max_depth": 2.0, "num_boost_round": 14.0}, "datetime": {"datetime": "2024-01-19 00:13:19", "elapsed": 107.280059, "delta": 0.000342}}
{"target": -17.676482730118565, "params": {"gamma": 70.9551171294227, "log10_alpha": -1.2491668428119045, "log10_colsample_bytree": -0.4310515710346673, "log10_eta": -2.632281974165451, "log10_lambda": 0.1736272718301448, "log10_min_child_weight": 2.5683436987433543, "log10_subsample": -0.7575295450200893, "max_depth": 2.0, "num_boost_round": 15.0}, "datetime": {"datetime": "2024-01-19 00:13:19", "elapsed": 107.280407, "delta": 0.000348}}
{"target": -17.67641862955893, "params": {"gamma": 70.9551171294227, "log10_alpha": -1.2491668428119045, "log10_colsample_bytree": -0.4310515710346673, "log10_eta": -2.632281974165451, "log10_lambda": 0.1736272718301448, "log10_min_child_weight": 2.5683436987433543, "log10_subsample": -0.7575295450200893, "max_depth": 2.0, "num_boost_round": 16.0}, "datetime": {"datetime": "2024-01-19 00:13:19", "elapsed": 107.280748, "delta": 0.000341}}
{"target": -17.676398798586877, "params": {"gamma": 70.9551171294227, "log10_alpha": -1.2491668428119045, "log10_colsample_bytree": -0.4310515710346673, "log10_eta": -2.632281974165451, "log10_lambda": 0.1736272718301448, "log10_min_child_weight": 2.5683436987433543, "log10_subsample": -0.7575295450200893, "max_depth": 2.0, "num_boost_round": 17.0}, "datetime": {"datetime": "2024-01-19 00:13:19", "elapsed": 107.281115, "delta": 0.000367}}
{"target": -17.67636135482934, "params": {"gamma": 70.9551171294227, "log10_alpha": -1.2491668428119045, "log10_colsample_bytree": -0.4310515710346673, "log10_eta": -2.632281974165451, "log10_lambda": 0.1736272718301448, "log10_min_child_weight": 2.5683436987433543, "log10_subsample": -0.7575295450200893, "max_depth": 2.0, "num_boost_round": 18.0}, "datetime": {"datetime": "2024-01-19 00:13:19", "elapsed": 107.281482, "delta": 0.000367}}
{"target": -17.677225619451573, "params": {"gamma": 68.72001202795485, "log10_alpha": -4.060613350752092, "log10_colsample_bytree": -0.03802264669701261, "log10_eta": -3.410313144201661, "log10_lambda": 0.6395895412770631, "log10_min_child_weight": 3.8308053225707086, "log10_subsample": -0.8227262052294085, "max_depth": 5.0, "num_boost_round": 0.0}, "datetime": {"datetime": "2024-01-19 00:13:40", "elapsed": 127.92596, "delta": 20.644478}}
{"target": -17.67723571778568, "params": {"gamma": 68.72001202795485, "log10_alpha": -4.060613350752092, "log10_colsample_bytree": -0.03802264669701261, "log10_eta": -3.410313144201661, "log10_lambda": 0.6395895412770631, "log10_min_child_weight": 3.8308053225707086, "log10_subsample": -0.8227262052294085, "max_depth": 5.0, "num_boost_round": 1.0}, "datetime": {"datetime": "2024-01-19 00:13:40", "elapsed": 127.927837, "delta": 0.001877}}
