{"target": -13.758539766624432, "params": {"gamma": 927.5635198625887, "log10_alpha": -2.992557740147065, "log10_colsample_bytree": -0.27882529630531405, "log10_eta": -3.5163414572585174, "log10_lambda": -4.243640707642431, "log10_min_child_weight": 4.297060061252109, "log10_subsample": -0.3973933740293807, "max_depth": 7.0, "num_boost_round": 4.0}, "datetime": {"datetime": "2024-01-19 01:47:37", "elapsed": 5758.582805, "delta": 0.005735}}
{"target": -13.758539774161811, "params": {"gamma": 927.5635198625887, "log10_alpha": -2.992557740147065, "log10_colsample_bytree": -0.27882529630531405, "log10_eta": -3.5163414572585174, "log10_lambda": -4.243640707642431, "log10_min_child_weight": 4.297060061252109, "log10_subsample": -0.3973933740293807, "max_depth": 7.0, "num_boost_round": 5.0}, "datetime": {"datetime": "2024-01-19 01:47:37", "elapsed": 5758.58857, "delta": 0.005765}}
{"target": -13.758541397511904, "params": {"gamma": 927.5635198625887, "log10_alpha": -2.992557740147065, "log10_colsample_bytree": -0.27882529630531405, "log10_eta": -3.5163414572585174, "log10_lambda": -4.243640707642431, "log10_min_child_weight": 4.297060061252109, "log10_subsample": -0.3973933740293807, "max_depth": 7.0, "num_boost_round": 6.0}, "datetime": {"datetime": "2024-01-19 01:47:37", "elapsed": 5758.594265, "delta": 0.005695}}
{"target": -13.758541098545335, "params": {"gamma": 927.5635198625887, "log10_alpha": -2.992557740147065, "log10_colsample_bytree": -0.27882529630531405, "log10_eta": -3.5163414572585174, "log10_lambda": -4.243640707642431, "log10_min_child_weight": 4.297060061252109, "log10_subsample": -0.3973933740293807, "max_depth": 7.0, "num_boost_round": 7.0}, "datetime": {"datetime": "2024-01-19 01:47:37", "elapsed": 5758.600077, "delta": 0.005812}}
{"target": -13.75854167616161, "params": {"gamma": 927.5635198625887, "log10_alpha": -2.992557740147065, "log10_colsample_bytree": -0.27882529630531405, "log10_eta": -3.5163414572585174, "log10_lambda": -4.243640707642431, "log10_min_child_weight": 4.297060061252109, "log10_subsample": -0.3973933740293807, "max_depth": 7.0, "num_boost_round": 8.0}, "datetime": {"datetime": "2024-01-19 01:47:37", "elapsed": 5758.605938, "delta": 0.005861}}
{"target": -13.758540768323751, "params": {"gamma": 927.5635198625887, "log10_alpha": -2.992557740147065, "log10_colsample_bytree": -0.27882529630531405, "log10_eta": -3.5163414572585174, "log10_lambda": -4.243640707642431, "log10_min_child_weight": 4.297060061252109, "log10_subsample": -0.3973933740293807, "max_depth": 7.0, "num_boost_round": 9.0}, "datetime": {"datetime": "2024-01-19 01:47:37", "elapsed": 5758.611964, "delta": 0.006026}}
{"target": -13.758538014437677, "params": {"gamma": 927.5635198625887, "log10_alpha": -2.992557740147065, "log10_colsample_bytree": -0.27882529630531405, "log10_eta": -3.5163414572585174, "log10_lambda": -4.243640707642431, "log10_min_child_weight": 4.297060061252109, "log10_subsample": -0.3973933740293807, "max_depth": 7.0, "num_boost_round": 10.0}, "datetime": {"datetime": "2024-01-19 01:47:37", "elapsed": 5758.618066, "delta": 0.006102}}
{"target": -13.758535337252356, "params": {"gamma": 927.5635198625887, "log10_alpha": -2.992557740147065, "log10_colsample_bytree": -0.27882529630531405, "log10_eta": -3.5163414572585174, "log10_lambda": -4.243640707642431, "log10_min_child_weight": 4.297060061252109, "log10_subsample": -0.3973933740293807, "max_depth": 7.0, "num_boost_round": 11.0}, "datetime": {"datetime": "2024-01-19 01:47:37", "elapsed": 5758.624095, "delta": 0.006029}}
{"target": -13.758535920085038, "params": {"gamma": 927.5635198625887, "log10_alpha": -2.992557740147065, "log10_colsample_bytree": -0.27882529630531405, "log10_eta": -3.5163414572585174, "log10_lambda": -4.243640707642431, "log10_min_child_weight": 4.297060061252109, "log10_subsample": -0.3973933740293807, "max_depth": 7.0, "num_boost_round": 12.0}, "datetime": {"datetime": "2024-01-19 01:47:37", "elapsed": 5758.629856, "delta": 0.005761}}
{"target": -13.758536723066015, "params": {"gamma": 927.5635198625887, "log10_alpha": -2.992557740147065, "log10_colsample_bytree": -0.27882529630531405, "log10_eta": -3.5163414572585174, "log10_lambda": -4.243640707642431, "log10_min_child_weight": 4.297060061252109, "log10_subsample": -0.3973933740293807, "max_depth": 7.0, "num_boost_round": 13.0}, "datetime": {"datetime": "2024-01-19 01:47:37", "elapsed": 5758.635554, "delta": 0.005698}}
{"target": -13.758537000384448, "params": {"gamma": 927.5635198625887, "log10_alpha": -2.992557740147065, "log10_colsample_bytree": -0.27882529630531405, "log10_eta": -3.5163414572585174, "log10_lambda": -4.243640707642431, "log10_min_child_weight": 4.297060061252109, "log10_subsample": -0.3973933740293807, "max_depth": 7.0, "num_boost_round": 14.0}, "datetime": {"datetime": "2024-01-19 01:47:37", "elapsed": 5758.641342, "delta": 0.005788}}
{"target": -13.758532831112667, "params": {"gamma": 927.5635198625887, "log10_alpha": -2.992557740147065, "log10_colsample_bytree": -0.27882529630531405, "log10_eta": -3.5163414572585174, "log10_lambda": -4.243640707642431, "log10_min_child_weight": 4.297060061252109, "log10_subsample": -0.3973933740293807, "max_depth": 7.0, "num_boost_round": 15.0}, "datetime": {"datetime": "2024-01-19 01:47:37", "elapsed": 5758.647184, "delta": 0.005842}}
{"target": -13.758531074404905, "params": {"gamma": 927.5635198625887, "log10_alpha": -2.992557740147065, "log10_colsample_bytree": -0.27882529630531405, "log10_eta": -3.5163414572585174, "log10_lambda": -4.243640707642431, "log10_min_child_weight": 4.297060061252109, "log10_subsample": -0.3973933740293807, "max_depth": 7.0, "num_boost_round": 16.0}, "datetime": {"datetime": "2024-01-19 01:47:37", "elapsed": 5758.653076, "delta": 0.005892}}
{"target": -13.758530833646274, "params": {"gamma": 927.5635198625887, "log10_alpha": -2.992557740147065, "log10_colsample_bytree": -0.27882529630531405, "log10_eta": -3.5163414572585174, "log10_lambda": -4.243640707642431, "log10_min_child_weight": 4.297060061252109, "log10_subsample": -0.3973933740293807, "max_depth": 7.0, "num_boost_round": 17.0}, "datetime": {"datetime": "2024-01-19 01:47:37", "elapsed": 5758.658909, "delta": 0.005833}}
{"target": -13.758531655201976, "params": {"gamma": 927.5635198625887, "log10_alpha": -2.992557740147065, "log10_colsample_bytree": -0.27882529630531405, "log10_eta": -3.5163414572585174, "log10_lambda": -4.243640707642431, "log10_min_child_weight": 4.297060061252109, "log10_subsample": -0.3973933740293807, "max_depth": 7.0, "num_boost_round": 18.0}, "datetime": {"datetime": "2024-01-19 01:47:37", "elapsed": 5758.66466, "delta": 0.005751}}
{"target": -13.758529818424037, "params": {"gamma": 927.5635198625887, "log10_alpha": -2.992557740147065, "log10_colsample_bytree": -0.27882529630531405, "log10_eta": -3.5163414572585174, "log10_lambda": -4.243640707642431, "log10_min_child_weight": 4.297060061252109, "log10_subsample": -0.3973933740293807, "max_depth": 7.0, "num_boost_round": 19.0}, "datetime": {"datetime": "2024-01-19 01:47:37", "elapsed": 5758.670438, "delta": 0.005778}}
{"target": -13.758524025000236, "params": {"gamma": 927.5635198625887, "log10_alpha": -2.992557740147065, "log10_colsample_bytree": -0.27882529630531405, "log10_eta": -3.5163414572585174, "log10_lambda": -4.243640707642431, "log10_min_child_weight": 4.297060061252109, "log10_subsample": -0.3973933740293807, "max_depth": 7.0, "num_boost_round": 20.0}, "datetime": {"datetime": "2024-01-19 01:47:37", "elapsed": 5758.676294, "delta": 0.005856}}
{"target": -13.758522978054208, "params": {"gamma": 927.5635198625887, "log10_alpha": -2.992557740147065, "log10_colsample_bytree": -0.27882529630531405, "log10_eta": -3.5163414572585174, "log10_lambda": -4.243640707642431, "log10_min_child_weight": 4.297060061252109, "log10_subsample": -0.3973933740293807, "max_depth": 7.0, "num_boost_round": 21.0}, "datetime": {"datetime": "2024-01-19 01:47:37", "elapsed": 5758.682248, "delta": 0.005954}}
{"target": -13.758522349884686, "params": {"gamma": 927.5635198625887, "log10_alpha": -2.992557740147065, "log10_colsample_bytree": -0.27882529630531405, "log10_eta": -3.5163414572585174, "log10_lambda": -4.243640707642431, "log10_min_child_weight": 4.297060061252109, "log10_subsample": -0.3973933740293807, "max_depth": 7.0, "num_boost_round": 22.0}, "datetime": {"datetime": "2024-01-19 01:47:37", "elapsed": 5758.688336, "delta": 0.006088}}
{"target": -13.758521614604849, "params": {"gamma": 927.5635198625887, "log10_alpha": -2.992557740147065, "log10_colsample_bytree": -0.27882529630531405, "log10_eta": -3.5163414572585174, "log10_lambda": -4.243640707642431, "log10_min_child_weight": 4.297060061252109, "log10_subsample": -0.3973933740293807, "max_depth": 7.0, "num_boost_round": 23.0}, "datetime": {"datetime": "2024-01-19 01:47:37", "elapsed": 5758.694542, "delta": 0.006206}}
{"target": -13.758521385930964, "params": {"gamma": 927.5635198625887, "log10_alpha": -2.992557740147065, "log10_colsample_bytree": -0.27882529630531405, "log10_eta": -3.5163414572585174, "log10_lambda": -4.243640707642431, "log10_min_child_weight": 4.297060061252109, "log10_subsample": -0.3973933740293807, "max_depth": 7.0, "num_boost_round": 24.0}, "datetime": {"datetime": "2024-01-19 01:47:37", "elapsed": 5758.700326, "delta": 0.005784}}
{"target": -13.758522286738403, "params": {"gamma": 927.5635198625887, "log10_alpha": -2.992557740147065, "log10_colsample_bytree": -0.27882529630531405, "log10_eta": -3.5163414572585174, "log10_lambda": -4.243640707642431, "log10_min_child_weight": 4.297060061252109, "log10_subsample": -0.3973933740293807, "max_depth": 7.0, "num_boost_round": 25.0}, "datetime": {"datetime": "2024-01-19 01:47:37", "elapsed": 5758.706101, "delta": 0.005775}}
{"target": -13.758524078064562, "params": {"gamma": 927.5635198625887, "log10_alpha": -2.992557740147065, "log10_colsample_bytree": -0.27882529630531405, "log10_eta": -3.5163414572585174, "log10_lambda": -4.243640707642431, "log10_min_child_weight": 4.297060061252109, "log10_subsample": -0.3973933740293807, "max_depth": 7.0, "num_boost_round": 26.0}, "datetime": {"datetime": "2024-01-19 01:47:37", "elapsed": 5758.711911, "delta": 0.00581}}
{"target": -13.758524216452749, "params": {"gamma": 927.5635198625887, "log10_alpha": -2.992557740147065, "log10_colsample_bytree": -0.27882529630531405, "log10_eta": -3.5163414572585174, "log10_lambda": -4.243640707642431, "log10_min_child_weight": 4.297060061252109, "log10_subsample": -0.3973933740293807, "max_depth": 7.0, "num_boost_round": 27.0}, "datetime": {"datetime": "2024-01-19 01:47:37", "elapsed": 5758.717759, "delta": 0.005848}}
{"target": -13.7585223814787, "params": {"gamma": 927.5635198625887, "log10_alpha": -2.992557740147065, "log10_colsample_bytree": -0.27882529630531405, "log10_eta": -3.5163414572585174, "log10_lambda": -4.243640707642431, "log10_min_child_weight": 4.297060061252109, "log10_subsample": -0.3973933740293807, "max_depth": 7.0, "num_boost_round": 28.0}, "datetime": {"datetime": "2024-01-19 01:47:37", "elapsed": 5758.723552, "delta": 0.005793}}
{"target": -13.758519811121312, "params": {"gamma": 927.5635198625887, "log10_alpha": -2.992557740147065, "log10_colsample_bytree": -0.27882529630531405, "log10_eta": -3.5163414572585174, "log10_lambda": -4.243640707642431, "log10_min_child_weight": 4.297060061252109, "log10_subsample": -0.3973933740293807, "max_depth": 7.0, "num_boost_round": 29.0}, "datetime": {"datetime": "2024-01-19 01:47:37", "elapsed": 5758.729325, "delta": 0.005773}}
{"target": -13.758525407054716, "params": {"gamma": 927.5635198625887, "log10_alpha": -2.992557740147065, "log10_colsample_bytree": -0.27882529630531405, "log10_eta": -3.5163414572585174, "log10_lambda": -4.243640707642431, "log10_min_child_weight": 4.297060061252109, "log10_subsample": -0.3973933740293807, "max_depth": 7.0, "num_boost_round": 30.0}, "datetime": {"datetime": "2024-01-19 01:47:37", "elapsed": 5758.735116, "delta": 0.005791}}
{"target": -13.75852712031592, "params": {"gamma": 927.5635198625887, "log10_alpha": -2.992557740147065, "log10_colsample_bytree": -0.27882529630531405, "log10_eta": -3.5163414572585174, "log10_lambda": -4.243640707642431, "log10_min_child_weight": 4.297060061252109, "log10_subsample": -0.3973933740293807, "max_depth": 7.0, "num_boost_round": 31.0}, "datetime": {"datetime": "2024-01-19 01:47:37", "elapsed": 5758.740959, "delta": 0.005843}}
{"target": -13.758528024414497, "params": {"gamma": 927.5635198625887, "log10_alpha": -2.992557740147065, "log10_colsample_bytree": -0.27882529630531405, "log10_eta": -3.5163414572585174, "log10_lambda": -4.243640707642431, "log10_min_child_weight": 4.297060061252109, "log10_subsample": -0.3973933740293807, "max_depth": 7.0, "num_boost_round": 32.0}, "datetime": {"datetime": "2024-01-19 01:47:37", "elapsed": 5758.746842, "delta": 0.005883}}
{"target": -13.758524239710926, "params": {"gamma": 936.1711306505317, "log10_alpha": -4.324789928498511, "log10_colsample_bytree": -0.5268261374514335, "log10_eta": -2.577839978303622, "log10_lambda": 0.8634400358324781, "log10_min_child_weight": 4.848127901411051, "log10_subsample": -0.9700070471006742, "max_depth": 9.0, "num_boost_round": 0.0}, "datetime": {"datetime": "2024-01-19 01:49:09", "elapsed": 5850.399301, "delta": 91.652459}}
{"target": -13.758529957365452, "params": {"gamma": 936.1711306505317, "log10_alpha": -4.324789928498511, "log10_colsample_bytree": -0.5268261374514335, "log10_eta": -2.577839978303622, "log10_lambda": 0.8634400358324781, "log10_min_child_weight": 4.848127901411051, "log10_subsample": -0.9700070471006742, "max_depth": 9.0, "num_boost_round": 1.0}, "datetime": {"datetime": "2024-01-19 01:49:09", "elapsed": 5850.405248, "delta": 0.005947}}
{"target": -13.758535680095578, "params": {"gamma": 936.1711306505317, "log10_alpha": -4.324789928498511, "log10_colsample_bytree": -0.5268261374514335, "log10_eta": -2.577839978303622, "log10_lambda": 0.8634400358324781, "log10_min_child_weight": 4.848127901411051, "log10_subsample": -0.9700070471006742, "max_depth": 9.0, "num_boost_round": 2.0}, "datetime": {"datetime": "2024-01-19 01:49:09", "elapsed": 5850.411219, "delta": 0.005971}}
{"target": -13.758534559489291, "params": {"gamma": 936.1711306505317, "log10_alpha": -4.324789928498511, "log10_colsample_bytree": -0.5268261374514335, "log10_eta": -2.577839978303622, "log10_lambda": 0.8634400358324781, "log10_min_child_weight": 4.848127901411051, "log10_subsample": -0.9700070471006742, "max_depth": 9.0, "num_boost_round": 3.0}, "datetime": {"datetime": "2024-01-19 01:49:09", "elapsed": 5850.417031, "delta": 0.005812}}
{"target": -13.758538869971842, "params": {"gamma": 936.1711306505317, "log10_alpha": -4.324789928498511, "log10_colsample_bytree": -0.5268261374514335, "log10_eta": -2.577839978303622, "log10_lambda": 0.8634400358324781, "log10_min_child_weight": 4.848127901411051, "log10_subsample": -0.9700070471006742, "max_depth": 9.0, "num_boost_round": 4.0}, "datetime": {"datetime": "2024-01-19 01:49:09", "elapsed": 5850.42286, "delta": 0.005829}}
{"target": -13.758537893580616, "params": {"gamma": 936.1711306505317, "log10_alpha": -4.324789928498511, "log10_colsample_bytree": -0.5268261374514335, "log10_eta": -2.577839978303622, "log10_lambda": 0.8634400358324781, "log10_min_child_weight": 4.848127901411051, "log10_subsample": -0.9700070471006742, "max_depth": 9.0, "num_boost_round": 5.0}, "datetime": {"datetime": "2024-01-19 01:49:09", "elapsed": 5850.428661, "delta": 0.005801}}
{"target": -13.758537728413701, "params": {"gamma": 936.1711306505317, "log10_alpha": -4.324789928498511, "log10_colsample_bytree": -0.5268261374514335, "log10_eta": -2.577839978303622, "log10_lambda": 0.8634400358324781, "log10_min_child_weight": 4.848127901411051, "log10_subsample": -0.9700070471006742, "max_depth": 9.0, "num_boost_round": 6.0}, "datetime": {"datetime": "2024-01-19 01:49:09", "elapsed": 5850.434478, "delta": 0.005817}}
{"target": -13.758536377663985, "params": {"gamma": 936.1711306505317, "log10_alpha": -4.324789928498511, "log10_colsample_bytree": -0.5268261374514335, "log10_eta": -2.577839978303622, "log10_lambda": 0.8634400358324781, "log10_min_child_weight": 4.848127901411051, "log10_subsample": -0.9700070471006742, "max_depth": 9.0, "num_boost_round": 7.0}, "datetime": {"datetime": "2024-01-19 01:49:09", "elapsed": 5850.440427, "delta": 0.005949}}
{"target": -13.758533469529684, "params": {"gamma": 936.1711306505317, "log10_alpha": -4.324789928498511, "log10_colsample_bytree": -0.5268261374514335, "log10_eta": -2.577839978303622, "log10_lambda": 0.8634400358324781, "log10_min_child_weight": 4.848127901411051, "log10_subsample": -0.9700070471006742, "max_depth": 9.0, "num_boost_round": 8.0}, "datetime": {"datetime": "2024-01-19 01:49:09", "elapsed": 5850.552367, "delta": 0.11194}}
{"target": -13.758520233107745, "params": {"gamma": 936.1711306505317, "log10_alpha": -4.324789928498511, "log10_colsample_bytree": -0.5268261374514335, "log10_eta": -2.577839978303622, "log10_lambda": 0.8634400358324781, "log10_min_child_weight": 4.848127901411051, "log10_subsample": -0.9700070471006742, "max_depth": 9.0, "num_boost_round": 9.0}, "datetime": {"datetime": "2024-01-19 01:49:09", "elapsed": 5850.558729, "delta": 0.006362}}
{"target": -13.75851808959492, "params": {"gamma": 936.1711306505317, "log10_alpha": -4.324789928498511, "log10_colsample_bytree": -0.5268261374514335, "log10_eta": -2.577839978303622, "log10_lambda": 0.8634400358324781, "log10_min_child_weight": 4.848127901411051, "log10_subsample": -0.9700070471006742, "max_depth": 9.0, "num_boost_round": 10.0}, "datetime": {"datetime": "2024-01-19 01:49:09", "elapsed": 5850.564724, "delta": 0.005995}}
{"target": -13.758505480824134, "params": {"gamma": 936.1711306505317, "log10_alpha": -4.324789928498511, "log10_colsample_bytree": -0.5268261374514335, "log10_eta": -2.577839978303622, "log10_lambda": 0.8634400358324781, "log10_min_child_weight": 4.848127901411051, "log10_subsample": -0.9700070471006742, "max_depth": 9.0, "num_boost_round": 11.0}, "datetime": {"datetime": "2024-01-19 01:49:09", "elapsed": 5850.570543, "delta": 0.005819}}
{"target": -13.75850615495178, "params": {"gamma": 936.1711306505317, "log10_alpha": -4.324789928498511, "log10_colsample_bytree": -0.5268261374514335, "log10_eta": -2.577839978303622, "log10_lambda": 0.8634400358324781, "log10_min_child_weight": 4.848127901411051, "log10_subsample": -0.9700070471006742, "max_depth": 9.0, "num_boost_round": 12.0}, "datetime": {"datetime": "2024-01-19 01:49:09", "elapsed": 5850.57629, "delta": 0.005747}}
{"target": -13.758505668957401, "params": {"gamma": 936.1711306505317, "log10_alpha": -4.324789928498511, "log10_colsample_bytree": -0.5268261374514335, "log10_eta": -2.577839978303622, "log10_lambda": 0.8634400358324781, "log10_min_child_weight": 4.848127901411051, "log10_subsample": -0.9700070471006742, "max_depth": 9.0, "num_boost_round": 13.0}, "datetime": {"datetime": "2024-01-19 01:49:09", "elapsed": 5850.582034, "delta": 0.005744}}
{"target": -13.758505090585874, "params": {"gamma": 936.1711306505317, "log10_alpha": -4.324789928498511, "log10_colsample_bytree": -0.5268261374514335, "log10_eta": -2.577839978303622, "log10_lambda": 0.8634400358324781, "log10_min_child_weight": 4.848127901411051, "log10_subsample": -0.9700070471006742, "max_depth": 9.0, "num_boost_round": 14.0}, "datetime": {"datetime": "2024-01-19 01:49:09", "elapsed": 5850.587765, "delta": 0.005731}}
{"target": -13.75849051359757, "params": {"gamma": 936.1711306505317, "log10_alpha": -4.324789928498511, "log10_colsample_bytree": -0.5268261374514335, "log10_eta": -2.577839978303622, "log10_lambda": 0.8634400358324781, "log10_min_child_weight": 4.848127901411051, "log10_subsample": -0.9700070471006742, "max_depth": 9.0, "num_boost_round": 15.0}, "datetime": {"datetime": "2024-01-19 01:49:09", "elapsed": 5850.593532, "delta": 0.005767}}
{"target": -13.758491668008547, "params": {"gamma": 936.1711306505317, "log10_alpha": -4.324789928498511, "log10_colsample_bytree": -0.5268261374514335, "log10_eta": -2.577839978303622, "log10_lambda": 0.8634400358324781, "log10_min_child_weight": 4.848127901411051, "log10_subsample": -0.9700070471006742, "max_depth": 9.0, "num_boost_round": 16.0}, "datetime": {"datetime": "2024-01-19 01:49:09", "elapsed": 5850.599309, "delta": 0.005777}}
{"target": -13.758491415856367, "params": {"gamma": 936.1711306505317, "log10_alpha": -4.324789928498511, "log10_colsample_bytree": -0.5268261374514335, "log10_eta": -2.577839978303622, "log10_lambda": 0.8634400358324781, "log10_min_child_weight": 4.848127901411051, "log10_subsample": -0.9700070471006742, "max_depth": 9.0, "num_boost_round": 17.0}, "datetime": {"datetime": "2024-01-19 01:49:09", "elapsed": 5850.605163, "delta": 0.005854}}
{"target": -13.758491032142931, "params": {"gamma": 936.1711306505317, "log10_alpha": -4.324789928498511, "log10_colsample_bytree": -0.5268261374514335, "log10_eta": -2.577839978303622, "log10_lambda": 0.8634400358324781, "log10_min_child_weight": 4.848127901411051, "log10_subsample": -0.9700070471006742, "max_depth": 9.0, "num_boost_round": 18.0}, "datetime": {"datetime": "2024-01-19 01:49:09", "elapsed": 5850.611039, "delta": 0.005876}}
{"target": -13.758487809939043, "params": {"gamma": 936.1711306505317, "log10_alpha": -4.324789928498511, "log10_colsample_bytree": -0.5268261374514335, "log10_eta": -2.577839978303622, "log10_lambda": 0.8634400358324781, "log10_min_child_weight": 4.848127901411051, "log10_subsample": -0.9700070471006742, "max_depth": 9.0, "num_boost_round": 19.0}, "datetime": {"datetime": "2024-01-19 01:49:09", "elapsed": 5850.617066, "delta": 0.006027}}
