{"target": -17.677220268325378, "params": {"gamma": 980.1852834120521, "log10_alpha": -1.868606840062335, "log10_colsample_bytree": -0.48666900699642823, "log10_eta": -3.415915655777354, "log10_lambda": -4.700536051758158, "log10_min_child_weight": 4.4626551658122775, "log10_subsample": -0.9489187573934288, "max_depth": 3.0, "num_boost_round": 5.0}, "datetime": {"datetime": "2024-01-19 01:46:19", "elapsed": 5673.25157, "delta": 0.005663}}
{"target": -17.677220191680938, "params": {"gamma": 980.1852834120521, "log10_alpha": -1.868606840062335, "log10_colsample_bytree": -0.48666900699642823, "log10_eta": -3.415915655777354, "log10_lambda": -4.700536051758158, "log10_min_child_weight": 4.4626551658122775, "log10_subsample": -0.9489187573934288, "max_depth": 3.0, "num_boost_round": 6.0}, "datetime": {"datetime": "2024-01-19 01:46:19", "elapsed": 5673.25715, "delta": 0.00558}}
{"target": -17.677221280837585, "params": {"gamma": 980.1852834120521, "log10_alpha": -1.868606840062335, "log10_colsample_bytree": -0.48666900699642823, "log10_eta": -3.415915655777354, "log10_lambda": -4.700536051758158, "log10_min_child_weight": 4.4626551658122775, "log10_subsample": -0.9489187573934288, "max_depth": 3.0, "num_boost_round": 7.0}, "datetime": {"datetime": "2024-01-19 01:46:19", "elapsed": 5673.262815, "delta": 0.005665}}
{"target": -17.677217981425212, "params": {"gamma": 980.1852834120521, "log10_alpha": -1.868606840062335, "log10_colsample_bytree": -0.48666900699642823, "log10_eta": -3.415915655777354, "log10_lambda": -4.700536051758158, "log10_min_child_weight": 4.4626551658122775, "log10_subsample": -0.9489187573934288, "max_depth": 3.0, "num_boost_round": 8.0}, "datetime": {"datetime": "2024-01-19 01:46:19", "elapsed": 5673.268753, "delta": 0.005938}}
{"target": -17.677214366838918, "params": {"gamma": 980.1852834120521, "log10_alpha": -1.868606840062335, "log10_colsample_bytree": -0.48666900699642823, "log10_eta": -3.415915655777354, "log10_lambda": -4.700536051758158, "log10_min_child_weight": 4.4626551658122775, "log10_subsample": -0.9489187573934288, "max_depth": 3.0, "num_boost_round": 9.0}, "datetime": {"datetime": "2024-01-19 01:46:19", "elapsed": 5673.274354, "delta": 0.005601}}
{"target": -17.67721213635877, "params": {"gamma": 980.1852834120521, "log10_alpha": -1.868606840062335, "log10_colsample_bytree": -0.48666900699642823, "log10_eta": -3.415915655777354, "log10_lambda": -4.700536051758158, "log10_min_child_weight": 4.4626551658122775, "log10_subsample": -0.9489187573934288, "max_depth": 3.0, "num_boost_round": 10.0}, "datetime": {"datetime": "2024-01-19 01:46:19", "elapsed": 5673.280018, "delta": 0.005664}}
{"target": -17.677210435737205, "params": {"gamma": 980.1852834120521, "log10_alpha": -1.868606840062335, "log10_colsample_bytree": -0.48666900699642823, "log10_eta": -3.415915655777354, "log10_lambda": -4.700536051758158, "log10_min_child_weight": 4.4626551658122775, "log10_subsample": -0.9489187573934288, "max_depth": 3.0, "num_boost_round": 11.0}, "datetime": {"datetime": "2024-01-19 01:46:19", "elapsed": 5673.285882, "delta": 0.005864}}
{"target": -17.677209231045065, "params": {"gamma": 980.1852834120521, "log10_alpha": -1.868606840062335, "log10_colsample_bytree": -0.48666900699642823, "log10_eta": -3.415915655777354, "log10_lambda": -4.700536051758158, "log10_min_child_weight": 4.4626551658122775, "log10_subsample": -0.9489187573934288, "max_depth": 3.0, "num_boost_round": 12.0}, "datetime": {"datetime": "2024-01-19 01:46:19", "elapsed": 5673.291683, "delta": 0.005801}}
{"target": -17.67720719974389, "params": {"gamma": 980.1852834120521, "log10_alpha": -1.868606840062335, "log10_colsample_bytree": -0.48666900699642823, "log10_eta": -3.415915655777354, "log10_lambda": -4.700536051758158, "log10_min_child_weight": 4.4626551658122775, "log10_subsample": -0.9489187573934288, "max_depth": 3.0, "num_boost_round": 13.0}, "datetime": {"datetime": "2024-01-19 01:46:19", "elapsed": 5673.29741, "delta": 0.005727}}
{"target": -17.677208323351856, "params": {"gamma": 980.1852834120521, "log10_alpha": -1.868606840062335, "log10_colsample_bytree": -0.48666900699642823, "log10_eta": -3.415915655777354, "log10_lambda": -4.700536051758158, "log10_min_child_weight": 4.4626551658122775, "log10_subsample": -0.9489187573934288, "max_depth": 3.0, "num_boost_round": 14.0}, "datetime": {"datetime": "2024-01-19 01:46:19", "elapsed": 5673.307792, "delta": 0.010382}}
{"target": -17.677202512502923, "params": {"gamma": 980.1852834120521, "log10_alpha": -1.868606840062335, "log10_colsample_bytree": -0.48666900699642823, "log10_eta": -3.415915655777354, "log10_lambda": -4.700536051758158, "log10_min_child_weight": 4.4626551658122775, "log10_subsample": -0.9489187573934288, "max_depth": 3.0, "num_boost_round": 15.0}, "datetime": {"datetime": "2024-01-19 01:46:19", "elapsed": 5673.314053, "delta": 0.006261}}
{"target": -17.677199854567704, "params": {"gamma": 980.1852834120521, "log10_alpha": -1.868606840062335, "log10_colsample_bytree": -0.48666900699642823, "log10_eta": -3.415915655777354, "log10_lambda": -4.700536051758158, "log10_min_child_weight": 4.4626551658122775, "log10_subsample": -0.9489187573934288, "max_depth": 3.0, "num_boost_round": 16.0}, "datetime": {"datetime": "2024-01-19 01:46:19", "elapsed": 5673.319909, "delta": 0.005856}}
{"target": -17.677197946877445, "params": {"gamma": 980.1852834120521, "log10_alpha": -1.868606840062335, "log10_colsample_bytree": -0.48666900699642823, "log10_eta": -3.415915655777354, "log10_lambda": -4.700536051758158, "log10_min_child_weight": 4.4626551658122775, "log10_subsample": -0.9489187573934288, "max_depth": 3.0, "num_boost_round": 17.0}, "datetime": {"datetime": "2024-01-19 01:46:19", "elapsed": 5673.326599, "delta": 0.00669}}
{"target": -17.67719563171395, "params": {"gamma": 980.1852834120521, "log10_alpha": -1.868606840062335, "log10_colsample_bytree": -0.48666900699642823, "log10_eta": -3.415915655777354, "log10_lambda": -4.700536051758158, "log10_min_child_weight": 4.4626551658122775, "log10_subsample": -0.9489187573934288, "max_depth": 3.0, "num_boost_round": 18.0}, "datetime": {"datetime": "2024-01-19 01:46:19", "elapsed": 5673.332146, "delta": 0.005547}}
{"target": -17.677191127921496, "params": {"gamma": 980.1852834120521, "log10_alpha": -1.868606840062335, "log10_colsample_bytree": -0.48666900699642823, "log10_eta": -3.415915655777354, "log10_lambda": -4.700536051758158, "log10_min_child_weight": 4.4626551658122775, "log10_subsample": -0.9489187573934288, "max_depth": 3.0, "num_boost_round": 19.0}, "datetime": {"datetime": "2024-01-19 01:46:19", "elapsed": 5673.33756, "delta": 0.005414}}
{"target": -17.677186775311775, "params": {"gamma": 980.1852834120521, "log10_alpha": -1.868606840062335, "log10_colsample_bytree": -0.48666900699642823, "log10_eta": -3.415915655777354, "log10_lambda": -4.700536051758158, "log10_min_child_weight": 4.4626551658122775, "log10_subsample": -0.9489187573934288, "max_depth": 3.0, "num_boost_round": 20.0}, "datetime": {"datetime": "2024-01-19 01:46:19", "elapsed": 5673.342991, "delta": 0.005431}}
{"target": -17.67718123211534, "params": {"gamma": 980.1852834120521, "log10_alpha": -1.868606840062335, "log10_colsample_bytree": -0.48666900699642823, "log10_eta": -3.415915655777354, "log10_lambda": -4.700536051758158, "log10_min_child_weight": 4.4626551658122775, "log10_subsample": -0.9489187573934288, "max_depth": 3.0, "num_boost_round": 21.0}, "datetime": {"datetime": "2024-01-19 01:46:19", "elapsed": 5673.348583, "delta": 0.005592}}
{"target": -17.677177424565652, "params": {"gamma": 980.1852834120521, "log10_alpha": -1.868606840062335, "log10_colsample_bytree": -0.48666900699642823, "log10_eta": -3.415915655777354, "log10_lambda": -4.700536051758158, "log10_min_child_weight": 4.4626551658122775, "log10_subsample": -0.9489187573934288, "max_depth": 3.0, "num_boost_round": 22.0}, "datetime": {"datetime": "2024-01-19 01:46:19", "elapsed": 5673.353896, "delta": 0.005313}}
{"target": -17.67717188125878, "params": {"gamma": 980.1852834120521, "log10_alpha": -1.868606840062335, "log10_colsample_bytree": -0.48666900699642823, "log10_eta": -3.415915655777354, "log10_lambda": -4.700536051758158, "log10_min_child_weight": 4.4626551658122775, "log10_subsample": -0.9489187573934288, "max_depth": 3.0, "num_boost_round": 23.0}, "datetime": {"datetime": "2024-01-19 01:46:19", "elapsed": 5673.35929, "delta": 0.005394}}
{"target": -17.677172696978968, "params": {"gamma": 980.1852834120521, "log10_alpha": -1.868606840062335, "log10_colsample_bytree": -0.48666900699642823, "log10_eta": -3.415915655777354, "log10_lambda": -4.700536051758158, "log10_min_child_weight": 4.4626551658122775, "log10_subsample": -0.9489187573934288, "max_depth": 3.0, "num_boost_round": 24.0}, "datetime": {"datetime": "2024-01-19 01:46:19", "elapsed": 5673.364642, "delta": 0.005352}}
{"target": -17.677166876706316, "params": {"gamma": 980.1852834120521, "log10_alpha": -1.868606840062335, "log10_colsample_bytree": -0.48666900699642823, "log10_eta": -3.415915655777354, "log10_lambda": -4.700536051758158, "log10_min_child_weight": 4.4626551658122775, "log10_subsample": -0.9489187573934288, "max_depth": 3.0, "num_boost_round": 25.0}, "datetime": {"datetime": "2024-01-19 01:46:19", "elapsed": 5673.369966, "delta": 0.005324}}
{"target": -17.677168163532123, "params": {"gamma": 980.1852834120521, "log10_alpha": -1.868606840062335, "log10_colsample_bytree": -0.48666900699642823, "log10_eta": -3.415915655777354, "log10_lambda": -4.700536051758158, "log10_min_child_weight": 4.4626551658122775, "log10_subsample": -0.9489187573934288, "max_depth": 3.0, "num_boost_round": 26.0}, "datetime": {"datetime": "2024-01-19 01:46:19", "elapsed": 5673.375427, "delta": 0.005461}}
{"target": -17.677164112270436, "params": {"gamma": 980.1852834120521, "log10_alpha": -1.868606840062335, "log10_colsample_bytree": -0.48666900699642823, "log10_eta": -3.415915655777354, "log10_lambda": -4.700536051758158, "log10_min_child_weight": 4.4626551658122775, "log10_subsample": -0.9489187573934288, "max_depth": 3.0, "num_boost_round": 27.0}, "datetime": {"datetime": "2024-01-19 01:46:19", "elapsed": 5673.381049, "delta": 0.005622}}
{"target": -17.67716136747514, "params": {"gamma": 980.1852834120521, "log10_alpha": -1.868606840062335, "log10_colsample_bytree": -0.48666900699642823, "log10_eta": -3.415915655777354, "log10_lambda": -4.700536051758158, "log10_min_child_weight": 4.4626551658122775, "log10_subsample": -0.9489187573934288, "max_depth": 3.0, "num_boost_round": 28.0}, "datetime": {"datetime": "2024-01-19 01:46:19", "elapsed": 5673.386409, "delta": 0.00536}}
{"target": -17.677157942014038, "params": {"gamma": 980.1852834120521, "log10_alpha": -1.868606840062335, "log10_colsample_bytree": -0.48666900699642823, "log10_eta": -3.415915655777354, "log10_lambda": -4.700536051758158, "log10_min_child_weight": 4.4626551658122775, "log10_subsample": -0.9489187573934288, "max_depth": 3.0, "num_boost_round": 29.0}, "datetime": {"datetime": "2024-01-19 01:46:19", "elapsed": 5673.391781, "delta": 0.005372}}
{"target": -17.677154274708425, "params": {"gamma": 980.1852834120521, "log10_alpha": -1.868606840062335, "log10_colsample_bytree": -0.48666900699642823, "log10_eta": -3.415915655777354, "log10_lambda": -4.700536051758158, "log10_min_child_weight": 4.4626551658122775, "log10_subsample": -0.9489187573934288, "max_depth": 3.0, "num_boost_round": 30.0}, "datetime": {"datetime": "2024-01-19 01:46:19", "elapsed": 5673.397167, "delta": 0.005386}}
{"target": -17.677153956269027, "params": {"gamma": 980.1852834120521, "log10_alpha": -1.868606840062335, "log10_colsample_bytree": -0.48666900699642823, "log10_eta": -3.415915655777354, "log10_lambda": -4.700536051758158, "log10_min_child_weight": 4.4626551658122775, "log10_subsample": -0.9489187573934288, "max_depth": 3.0, "num_boost_round": 31.0}, "datetime": {"datetime": "2024-01-19 01:46:19", "elapsed": 5673.402529, "delta": 0.005362}}
{"target": -17.67715217928058, "params": {"gamma": 980.1852834120521, "log10_alpha": -1.868606840062335, "log10_colsample_bytree": -0.48666900699642823, "log10_eta": -3.415915655777354, "log10_lambda": -4.700536051758158, "log10_min_child_weight": 4.4626551658122775, "log10_subsample": -0.9489187573934288, "max_depth": 3.0, "num_boost_round": 32.0}, "datetime": {"datetime": "2024-01-19 01:46:19", "elapsed": 5673.407995, "delta": 0.005466}}
{"target": -17.6771504642223, "params": {"gamma": 980.1852834120521, "log10_alpha": -1.868606840062335, "log10_colsample_bytree": -0.48666900699642823, "log10_eta": -3.415915655777354, "log10_lambda": -4.700536051758158, "log10_min_child_weight": 4.4626551658122775, "log10_subsample": -0.9489187573934288, "max_depth": 3.0, "num_boost_round": 33.0}, "datetime": {"datetime": "2024-01-19 01:46:19", "elapsed": 5673.413636, "delta": 0.005641}}
{"target": -17.677149339700875, "params": {"gamma": 980.1852834120521, "log10_alpha": -1.868606840062335, "log10_colsample_bytree": -0.48666900699642823, "log10_eta": -3.415915655777354, "log10_lambda": -4.700536051758158, "log10_min_child_weight": 4.4626551658122775, "log10_subsample": -0.9489187573934288, "max_depth": 3.0, "num_boost_round": 34.0}, "datetime": {"datetime": "2024-01-19 01:46:19", "elapsed": 5673.418963, "delta": 0.005327}}
{"target": -17.67715024214094, "params": {"gamma": 980.1852834120521, "log10_alpha": -1.868606840062335, "log10_colsample_bytree": -0.48666900699642823, "log10_eta": -3.415915655777354, "log10_lambda": -4.700536051758158, "log10_min_child_weight": 4.4626551658122775, "log10_subsample": -0.9489187573934288, "max_depth": 3.0, "num_boost_round": 35.0}, "datetime": {"datetime": "2024-01-19 01:46:19", "elapsed": 5673.424323, "delta": 0.00536}}
{"target": -17.677151169673863, "params": {"gamma": 980.1852834120521, "log10_alpha": -1.868606840062335, "log10_colsample_bytree": -0.48666900699642823, "log10_eta": -3.415915655777354, "log10_lambda": -4.700536051758158, "log10_min_child_weight": 4.4626551658122775, "log10_subsample": -0.9489187573934288, "max_depth": 3.0, "num_boost_round": 36.0}, "datetime": {"datetime": "2024-01-19 01:46:19", "elapsed": 5673.429699, "delta": 0.005376}}
{"target": -17.677152533733487, "params": {"gamma": 980.1852834120521, "log10_alpha": -1.868606840062335, "log10_colsample_bytree": -0.48666900699642823, "log10_eta": -3.415915655777354, "log10_lambda": -4.700536051758158, "log10_min_child_weight": 4.4626551658122775, "log10_subsample": -0.9489187573934288, "max_depth": 3.0, "num_boost_round": 37.0}, "datetime": {"datetime": "2024-01-19 01:46:19", "elapsed": 5673.435059, "delta": 0.00536}}
{"target": -17.677151508058596, "params": {"gamma": 980.1852834120521, "log10_alpha": -1.868606840062335, "log10_colsample_bytree": -0.48666900699642823, "log10_eta": -3.415915655777354, "log10_lambda": -4.700536051758158, "log10_min_child_weight": 4.4626551658122775, "log10_subsample": -0.9489187573934288, "max_depth": 3.0, "num_boost_round": 38.0}, "datetime": {"datetime": "2024-01-19 01:46:19", "elapsed": 5673.440542, "delta": 0.005483}}
{"target": -17.677148335916762, "params": {"gamma": 980.1852834120521, "log10_alpha": -1.868606840062335, "log10_colsample_bytree": -0.48666900699642823, "log10_eta": -3.415915655777354, "log10_lambda": -4.700536051758158, "log10_min_child_weight": 4.4626551658122775, "log10_subsample": -0.9489187573934288, "max_depth": 3.0, "num_boost_round": 39.0}, "datetime": {"datetime": "2024-01-19 01:46:19", "elapsed": 5673.446128, "delta": 0.005586}}
{"target": -17.677149605233836, "params": {"gamma": 980.1852834120521, "log10_alpha": -1.868606840062335, "log10_colsample_bytree": -0.48666900699642823, "log10_eta": -3.415915655777354, "log10_lambda": -4.700536051758158, "log10_min_child_weight": 4.4626551658122775, "log10_subsample": -0.9489187573934288, "max_depth": 3.0, "num_boost_round": 40.0}, "datetime": {"datetime": "2024-01-19 01:46:19", "elapsed": 5673.451736, "delta": 0.005608}}
{"target": -17.677146752893844, "params": {"gamma": 980.1852834120521, "log10_alpha": -1.868606840062335, "log10_colsample_bytree": -0.48666900699642823, "log10_eta": -3.415915655777354, "log10_lambda": -4.700536051758158, "log10_min_child_weight": 4.4626551658122775, "log10_subsample": -0.9489187573934288, "max_depth": 3.0, "num_boost_round": 41.0}, "datetime": {"datetime": "2024-01-19 01:46:19", "elapsed": 5673.457446, "delta": 0.00571}}
{"target": -17.677145045041566, "params": {"gamma": 980.1852834120521, "log10_alpha": -1.868606840062335, "log10_colsample_bytree": -0.48666900699642823, "log10_eta": -3.415915655777354, "log10_lambda": -4.700536051758158, "log10_min_child_weight": 4.4626551658122775, "log10_subsample": -0.9489187573934288, "max_depth": 3.0, "num_boost_round": 42.0}, "datetime": {"datetime": "2024-01-19 01:46:19", "elapsed": 5673.463614, "delta": 0.006168}}
{"target": -17.677142170909566, "params": {"gamma": 980.1852834120521, "log10_alpha": -1.868606840062335, "log10_colsample_bytree": -0.48666900699642823, "log10_eta": -3.415915655777354, "log10_lambda": -4.700536051758158, "log10_min_child_weight": 4.4626551658122775, "log10_subsample": -0.9489187573934288, "max_depth": 3.0, "num_boost_round": 43.0}, "datetime": {"datetime": "2024-01-19 01:46:19", "elapsed": 5673.469468, "delta": 0.005854}}
{"target": -17.677139888339056, "params": {"gamma": 980.1852834120521, "log10_alpha": -1.868606840062335, "log10_colsample_bytree": -0.48666900699642823, "log10_eta": -3.415915655777354, "log10_lambda": -4.700536051758158, "log10_min_child_weight": 4.4626551658122775, "log10_subsample": -0.9489187573934288, "max_depth": 3.0, "num_boost_round": 44.0}, "datetime": {"datetime": "2024-01-19 01:46:19", "elapsed": 5673.474988, "delta": 0.00552}}
{"target": -17.677135964781552, "params": {"gamma": 980.1852834120521, "log10_alpha": -1.868606840062335, "log10_colsample_bytree": -0.48666900699642823, "log10_eta": -3.415915655777354, "log10_lambda": -4.700536051758158, "log10_min_child_weight": 4.4626551658122775, "log10_subsample": -0.9489187573934288, "max_depth": 3.0, "num_boost_round": 45.0}, "datetime": {"datetime": "2024-01-19 01:46:19", "elapsed": 5673.480339, "delta": 0.005351}}
{"target": -17.677133587895348, "params": {"gamma": 980.1852834120521, "log10_alpha": -1.868606840062335, "log10_colsample_bytree": -0.48666900699642823, "log10_eta": -3.415915655777354, "log10_lambda": -4.700536051758158, "log10_min_child_weight": 4.4626551658122775, "log10_subsample": -0.9489187573934288, "max_depth": 3.0, "num_boost_round": 46.0}, "datetime": {"datetime": "2024-01-19 01:46:19", "elapsed": 5673.485716, "delta": 0.005377}}
{"target": -17.677130723854244, "params": {"gamma": 980.1852834120521, "log10_alpha": -1.868606840062335, "log10_colsample_bytree": -0.48666900699642823, "log10_eta": -3.415915655777354, "log10_lambda": -4.700536051758158, "log10_min_child_weight": 4.4626551658122775, "log10_subsample": -0.9489187573934288, "max_depth": 3.0, "num_boost_round": 47.0}, "datetime": {"datetime": "2024-01-19 01:46:19", "elapsed": 5673.491092, "delta": 0.005376}}
{"target": -17.677131240943854, "params": {"gamma": 980.1852834120521, "log10_alpha": -1.868606840062335, "log10_colsample_bytree": -0.48666900699642823, "log10_eta": -3.415915655777354, "log10_lambda": -4.700536051758158, "log10_min_child_weight": 4.4626551658122775, "log10_subsample": -0.9489187573934288, "max_depth": 3.0, "num_boost_round": 48.0}, "datetime": {"datetime": "2024-01-19 01:46:19", "elapsed": 5673.49644, "delta": 0.005348}}
{"target": -17.677126958040546, "params": {"gamma": 980.1852834120521, "log10_alpha": -1.868606840062335, "log10_colsample_bytree": -0.48666900699642823, "log10_eta": -3.415915655777354, "log10_lambda": -4.700536051758158, "log10_min_child_weight": 4.4626551658122775, "log10_subsample": -0.9489187573934288, "max_depth": 3.0, "num_boost_round": 49.0}, "datetime": {"datetime": "2024-01-19 01:46:19", "elapsed": 5673.501951, "delta": 0.005511}}
{"target": -17.677128272009504, "params": {"gamma": 980.1852834120521, "log10_alpha": -1.868606840062335, "log10_colsample_bytree": -0.48666900699642823, "log10_eta": -3.415915655777354, "log10_lambda": -4.700536051758158, "log10_min_child_weight": 4.4626551658122775, "log10_subsample": -0.9489187573934288, "max_depth": 3.0, "num_boost_round": 50.0}, "datetime": {"datetime": "2024-01-19 01:46:19", "elapsed": 5673.50749, "delta": 0.005539}}
{"target": -17.677231122507425, "params": {"gamma": 988.3751015658679, "log10_alpha": -2.295313462049136, "log10_colsample_bytree": -0.5272869499633898, "log10_eta": -3.5619373514877686, "log10_lambda": 0.5814243401663859, "log10_min_child_weight": 2.105025118255448, "log10_subsample": -0.7618957589196039, "max_depth": 7.0, "num_boost_round": 0.0}, "datetime": {"datetime": "2024-01-19 01:48:02", "elapsed": 5776.504889, "delta": 102.997399}}
{"target": -17.67723460126026, "params": {"gamma": 988.3751015658679, "log10_alpha": -2.295313462049136, "log10_colsample_bytree": -0.5272869499633898, "log10_eta": -3.5619373514877686, "log10_lambda": 0.5814243401663859, "log10_min_child_weight": 2.105025118255448, "log10_subsample": -0.7618957589196039, "max_depth": 7.0, "num_boost_round": 1.0}, "datetime": {"datetime": "2024-01-19 01:48:02", "elapsed": 5776.511425, "delta": 0.006536}}
{"target": -17.67721411354258, "params": {"gamma": 988.3751015658679, "log10_alpha": -2.295313462049136, "log10_colsample_bytree": -0.5272869499633898, "log10_eta": -3.5619373514877686, "log10_lambda": 0.5814243401663859, "log10_min_child_weight": 2.105025118255448, "log10_subsample": -0.7618957589196039, "max_depth": 7.0, "num_boost_round": 2.0}, "datetime": {"datetime": "2024-01-19 01:48:02", "elapsed": 5776.517341, "delta": 0.005916}}
