{"target": -13.758524033302818, "params": {"gamma": 8.593947105408283, "log10_alpha": 0.9061924509196952, "log10_colsample_bytree": -0.36024153219830235, "log10_eta": -3.771573595404683, "log10_lambda": -3.755268334114562, "log10_min_child_weight": 3.8032718114782167, "log10_subsample": -0.29749176219760876, "max_depth": 3.0, "num_boost_round": 8.0}, "datetime": {"datetime": "2024-01-19 00:34:03", "elapsed": 1352.089997, "delta": 0.00157}}
{"target": -13.7585242801387, "params": {"gamma": 8.593947105408283, "log10_alpha": 0.9061924509196952, "log10_colsample_bytree": -0.36024153219830235, "log10_eta": -3.771573595404683, "log10_lambda": -3.755268334114562, "log10_min_child_weight": 3.8032718114782167, "log10_subsample": -0.29749176219760876, "max_depth": 3.0, "num_boost_round": 9.0}, "datetime": {"datetime": "2024-01-19 00:34:03", "elapsed": 1352.091613, "delta": 0.001616}}
{"target": -13.758522491112181, "params": {"gamma": 8.593947105408283, "log10_alpha": 0.9061924509196952, "log10_colsample_bytree": -0.36024153219830235, "log10_eta": -3.771573595404683, "log10_lambda": -3.755268334114562, "log10_min_child_weight": 3.8032718114782167, "log10_subsample": -0.29749176219760876, "max_depth": 3.0, "num_boost_round": 10.0}, "datetime": {"datetime": "2024-01-19 00:34:03", "elapsed": 1352.093229, "delta": 0.001616}}
{"target": -13.758519218589099, "params": {"gamma": 8.593947105408283, "log10_alpha": 0.9061924509196952, "log10_colsample_bytree": -0.36024153219830235, "log10_eta": -3.771573595404683, "log10_lambda": -3.755268334114562, "log10_min_child_weight": 3.8032718114782167, "log10_subsample": -0.29749176219760876, "max_depth": 3.0, "num_boost_round": 11.0}, "datetime": {"datetime": "2024-01-19 00:34:03", "elapsed": 1352.094824, "delta": 0.001595}}
{"target": -13.758517557849784, "params": {"gamma": 8.593947105408283, "log10_alpha": 0.9061924509196952, "log10_colsample_bytree": -0.36024153219830235, "log10_eta": -3.771573595404683, "log10_lambda": -3.755268334114562, "log10_min_child_weight": 3.8032718114782167, "log10_subsample": -0.29749176219760876, "max_depth": 3.0, "num_boost_round": 12.0}, "datetime": {"datetime": "2024-01-19 00:34:03", "elapsed": 1352.096457, "delta": 0.001633}}
{"target": -13.758515760455873, "params": {"gamma": 8.593947105408283, "log10_alpha": 0.9061924509196952, "log10_colsample_bytree": -0.36024153219830235, "log10_eta": -3.771573595404683, "log10_lambda": -3.755268334114562, "log10_min_child_weight": 3.8032718114782167, "log10_subsample": -0.29749176219760876, "max_depth": 3.0, "num_boost_round": 13.0}, "datetime": {"datetime": "2024-01-19 00:34:03", "elapsed": 1352.098076, "delta": 0.001619}}
{"target": -13.758515575803678, "params": {"gamma": 8.593947105408283, "log10_alpha": 0.9061924509196952, "log10_colsample_bytree": -0.36024153219830235, "log10_eta": -3.771573595404683, "log10_lambda": -3.755268334114562, "log10_min_child_weight": 3.8032718114782167, "log10_subsample": -0.29749176219760876, "max_depth": 3.0, "num_boost_round": 14.0}, "datetime": {"datetime": "2024-01-19 00:34:03", "elapsed": 1352.099677, "delta": 0.001601}}
{"target": -13.758512378499363, "params": {"gamma": 8.593947105408283, "log10_alpha": 0.9061924509196952, "log10_colsample_bytree": -0.36024153219830235, "log10_eta": -3.771573595404683, "log10_lambda": -3.755268334114562, "log10_min_child_weight": 3.8032718114782167, "log10_subsample": -0.29749176219760876, "max_depth": 3.0, "num_boost_round": 15.0}, "datetime": {"datetime": "2024-01-19 00:34:03", "elapsed": 1352.101311, "delta": 0.001634}}
{"target": -13.758510238821284, "params": {"gamma": 8.593947105408283, "log10_alpha": 0.9061924509196952, "log10_colsample_bytree": -0.36024153219830235, "log10_eta": -3.771573595404683, "log10_lambda": -3.755268334114562, "log10_min_child_weight": 3.8032718114782167, "log10_subsample": -0.29749176219760876, "max_depth": 3.0, "num_boost_round": 16.0}, "datetime": {"datetime": "2024-01-19 00:34:03", "elapsed": 1352.102946, "delta": 0.001635}}
{"target": -13.75851010719852, "params": {"gamma": 8.593947105408283, "log10_alpha": 0.9061924509196952, "log10_colsample_bytree": -0.36024153219830235, "log10_eta": -3.771573595404683, "log10_lambda": -3.755268334114562, "log10_min_child_weight": 3.8032718114782167, "log10_subsample": -0.29749176219760876, "max_depth": 3.0, "num_boost_round": 17.0}, "datetime": {"datetime": "2024-01-19 00:34:03", "elapsed": 1352.104572, "delta": 0.001626}}
{"target": -13.758510154966181, "params": {"gamma": 8.593947105408283, "log10_alpha": 0.9061924509196952, "log10_colsample_bytree": -0.36024153219830235, "log10_eta": -3.771573595404683, "log10_lambda": -3.755268334114562, "log10_min_child_weight": 3.8032718114782167, "log10_subsample": -0.29749176219760876, "max_depth": 3.0, "num_boost_round": 18.0}, "datetime": {"datetime": "2024-01-19 00:34:03", "elapsed": 1352.106186, "delta": 0.001614}}
{"target": -13.758506735588181, "params": {"gamma": 8.593947105408283, "log10_alpha": 0.9061924509196952, "log10_colsample_bytree": -0.36024153219830235, "log10_eta": -3.771573595404683, "log10_lambda": -3.755268334114562, "log10_min_child_weight": 3.8032718114782167, "log10_subsample": -0.29749176219760876, "max_depth": 3.0, "num_boost_round": 19.0}, "datetime": {"datetime": "2024-01-19 00:34:03", "elapsed": 1352.107805, "delta": 0.001619}}
{"target": -13.758504477513931, "params": {"gamma": 8.593947105408283, "log10_alpha": 0.9061924509196952, "log10_colsample_bytree": -0.36024153219830235, "log10_eta": -3.771573595404683, "log10_lambda": -3.755268334114562, "log10_min_child_weight": 3.8032718114782167, "log10_subsample": -0.29749176219760876, "max_depth": 3.0, "num_boost_round": 20.0}, "datetime": {"datetime": "2024-01-19 00:34:03", "elapsed": 1352.109418, "delta": 0.001613}}
{"target": -13.757844769173358, "params": {"gamma": 29.06879451635369, "log10_alpha": 0.7848066939008191, "log10_colsample_bytree": -0.5858825584809899, "log10_eta": -1.7753205451275416, "log10_lambda": -3.5950280494558005, "log10_min_child_weight": 0.2740240013113443, "log10_subsample": -0.6123872844953213, "max_depth": 9.0, "num_boost_round": 0.0}, "datetime": {"datetime": "2024-01-19 00:34:32", "elapsed": 1380.761352, "delta": 28.651934}}
{"target": -13.756366512700822, "params": {"gamma": 29.06879451635369, "log10_alpha": 0.7848066939008191, "log10_colsample_bytree": -0.5858825584809899, "log10_eta": -1.7753205451275416, "log10_lambda": -3.5950280494558005, "log10_min_child_weight": 0.2740240013113443, "log10_subsample": -0.6123872844953213, "max_depth": 9.0, "num_boost_round": 1.0}, "datetime": {"datetime": "2024-01-19 00:34:32", "elapsed": 1380.763086, "delta": 0.001734}}
{"target": -13.754953982174001, "params": {"gamma": 29.06879451635369, "log10_alpha": 0.7848066939008191, "log10_colsample_bytree": -0.5858825584809899, "log10_eta": -1.7753205451275416, "log10_lambda": -3.5950280494558005, "log10_min_child_weight": 0.2740240013113443, "log10_subsample": -0.6123872844953213, "max_depth": 9.0, "num_boost_round": 2.0}, "datetime": {"datetime": "2024-01-19 00:34:32", "elapsed": 1380.765323, "delta": 0.002237}}
{"target": -13.754409025709819, "params": {"gamma": 29.06879451635369, "log10_alpha": 0.7848066939008191, "log10_colsample_bytree": -0.5858825584809899, "log10_eta": -1.7753205451275416, "log10_lambda": -3.5950280494558005, "log10_min_child_weight": 0.2740240013113443, "log10_subsample": -0.6123872844953213, "max_depth": 9.0, "num_boost_round": 3.0}, "datetime": {"datetime": "2024-01-19 00:34:32", "elapsed": 1380.767123, "delta": 0.0018}}
{"target": -13.754368323869265, "params": {"gamma": 29.06879451635369, "log10_alpha": 0.7848066939008191, "log10_colsample_bytree": -0.5858825584809899, "log10_eta": -1.7753205451275416, "log10_lambda": -3.5950280494558005, "log10_min_child_weight": 0.2740240013113443, "log10_subsample": -0.6123872844953213, "max_depth": 9.0, "num_boost_round": 4.0}, "datetime": {"datetime": "2024-01-19 00:34:32", "elapsed": 1380.768811, "delta": 0.001688}}
{"target": -13.75400123512094, "params": {"gamma": 29.06879451635369, "log10_alpha": 0.7848066939008191, "log10_colsample_bytree": -0.5858825584809899, "log10_eta": -1.7753205451275416, "log10_lambda": -3.5950280494558005, "log10_min_child_weight": 0.2740240013113443, "log10_subsample": -0.6123872844953213, "max_depth": 9.0, "num_boost_round": 5.0}, "datetime": {"datetime": "2024-01-19 00:34:32", "elapsed": 1380.770375, "delta": 0.001564}}
{"target": -13.75441910846867, "params": {"gamma": 29.06879451635369, "log10_alpha": 0.7848066939008191, "log10_colsample_bytree": -0.5858825584809899, "log10_eta": -1.7753205451275416, "log10_lambda": -3.5950280494558005, "log10_min_child_weight": 0.2740240013113443, "log10_subsample": -0.6123872844953213, "max_depth": 9.0, "num_boost_round": 6.0}, "datetime": {"datetime": "2024-01-19 00:34:32", "elapsed": 1380.771984, "delta": 0.001609}}
{"target": -13.753369396865244, "params": {"gamma": 29.06879451635369, "log10_alpha": 0.7848066939008191, "log10_colsample_bytree": -0.5858825584809899, "log10_eta": -1.7753205451275416, "log10_lambda": -3.5950280494558005, "log10_min_child_weight": 0.2740240013113443, "log10_subsample": -0.6123872844953213, "max_depth": 9.0, "num_boost_round": 7.0}, "datetime": {"datetime": "2024-01-19 00:34:32", "elapsed": 1380.773551, "delta": 0.001567}}
{"target": -13.753447332221356, "params": {"gamma": 29.06879451635369, "log10_alpha": 0.7848066939008191, "log10_colsample_bytree": -0.5858825584809899, "log10_eta": -1.7753205451275416, "log10_lambda": -3.5950280494558005, "log10_min_child_weight": 0.2740240013113443, "log10_subsample": -0.6123872844953213, "max_depth": 9.0, "num_boost_round": 8.0}, "datetime": {"datetime": "2024-01-19 00:34:32", "elapsed": 1380.775216, "delta": 0.001665}}
{"target": -13.753117195843194, "params": {"gamma": 29.06879451635369, "log10_alpha": 0.7848066939008191, "log10_colsample_bytree": -0.5858825584809899, "log10_eta": -1.7753205451275416, "log10_lambda": -3.5950280494558005, "log10_min_child_weight": 0.2740240013113443, "log10_subsample": -0.6123872844953213, "max_depth": 9.0, "num_boost_round": 9.0}, "datetime": {"datetime": "2024-01-19 00:34:32", "elapsed": 1380.776784, "delta": 0.001568}}
{"target": -13.752505119641722, "params": {"gamma": 29.06879451635369, "log10_alpha": 0.7848066939008191, "log10_colsample_bytree": -0.5858825584809899, "log10_eta": -1.7753205451275416, "log10_lambda": -3.5950280494558005, "log10_min_child_weight": 0.2740240013113443, "log10_subsample": -0.6123872844953213, "max_depth": 9.0, "num_boost_round": 10.0}, "datetime": {"datetime": "2024-01-19 00:34:32", "elapsed": 1380.778713, "delta": 0.001929}}
{"target": -13.752297043570383, "params": {"gamma": 29.06879451635369, "log10_alpha": 0.7848066939008191, "log10_colsample_bytree": -0.5858825584809899, "log10_eta": -1.7753205451275416, "log10_lambda": -3.5950280494558005, "log10_min_child_weight": 0.2740240013113443, "log10_subsample": -0.6123872844953213, "max_depth": 9.0, "num_boost_round": 11.0}, "datetime": {"datetime": "2024-01-19 00:34:32", "elapsed": 1380.780603, "delta": 0.00189}}
{"target": -13.753147464587675, "params": {"gamma": 29.06879451635369, "log10_alpha": 0.7848066939008191, "log10_colsample_bytree": -0.5858825584809899, "log10_eta": -1.7753205451275416, "log10_lambda": -3.5950280494558005, "log10_min_child_weight": 0.2740240013113443, "log10_subsample": -0.6123872844953213, "max_depth": 9.0, "num_boost_round": 12.0}, "datetime": {"datetime": "2024-01-19 00:34:32", "elapsed": 1380.782752, "delta": 0.002149}}
{"target": -13.75430810861709, "params": {"gamma": 29.06879451635369, "log10_alpha": 0.7848066939008191, "log10_colsample_bytree": -0.5858825584809899, "log10_eta": -1.7753205451275416, "log10_lambda": -3.5950280494558005, "log10_min_child_weight": 0.2740240013113443, "log10_subsample": -0.6123872844953213, "max_depth": 9.0, "num_boost_round": 13.0}, "datetime": {"datetime": "2024-01-19 00:34:32", "elapsed": 1380.78431, "delta": 0.001558}}
{"target": -13.754549893675765, "params": {"gamma": 29.06879451635369, "log10_alpha": 0.7848066939008191, "log10_colsample_bytree": -0.5858825584809899, "log10_eta": -1.7753205451275416, "log10_lambda": -3.5950280494558005, "log10_min_child_weight": 0.2740240013113443, "log10_subsample": -0.6123872844953213, "max_depth": 9.0, "num_boost_round": 14.0}, "datetime": {"datetime": "2024-01-19 00:34:32", "elapsed": 1380.785903, "delta": 0.001593}}
{"target": -13.754386652048977, "params": {"gamma": 29.06879451635369, "log10_alpha": 0.7848066939008191, "log10_colsample_bytree": -0.5858825584809899, "log10_eta": -1.7753205451275416, "log10_lambda": -3.5950280494558005, "log10_min_child_weight": 0.2740240013113443, "log10_subsample": -0.6123872844953213, "max_depth": 9.0, "num_boost_round": 15.0}, "datetime": {"datetime": "2024-01-19 00:34:32", "elapsed": 1380.787501, "delta": 0.001598}}
{"target": -13.754727007352061, "params": {"gamma": 29.06879451635369, "log10_alpha": 0.7848066939008191, "log10_colsample_bytree": -0.5858825584809899, "log10_eta": -1.7753205451275416, "log10_lambda": -3.5950280494558005, "log10_min_child_weight": 0.2740240013113443, "log10_subsample": -0.6123872844953213, "max_depth": 9.0, "num_boost_round": 16.0}, "datetime": {"datetime": "2024-01-19 00:34:32", "elapsed": 1380.789297, "delta": 0.001796}}
{"target": -13.755254658807612, "params": {"gamma": 29.06879451635369, "log10_alpha": 0.7848066939008191, "log10_colsample_bytree": -0.5858825584809899, "log10_eta": -1.7753205451275416, "log10_lambda": -3.5950280494558005, "log10_min_child_weight": 0.2740240013113443, "log10_subsample": -0.6123872844953213, "max_depth": 9.0, "num_boost_round": 17.0}, "datetime": {"datetime": "2024-01-19 00:34:32", "elapsed": 1380.791008, "delta": 0.001711}}
{"target": -13.755914641171993, "params": {"gamma": 29.06879451635369, "log10_alpha": 0.7848066939008191, "log10_colsample_bytree": -0.5858825584809899, "log10_eta": -1.7753205451275416, "log10_lambda": -3.5950280494558005, "log10_min_child_weight": 0.2740240013113443, "log10_subsample": -0.6123872844953213, "max_depth": 9.0, "num_boost_round": 18.0}, "datetime": {"datetime": "2024-01-19 00:34:32", "elapsed": 1380.792687, "delta": 0.001679}}
{"target": -13.758414320162881, "params": {"gamma": 26.52786520262296, "log10_alpha": -0.2257963310826252, "log10_colsample_bytree": -0.5870788123155042, "log10_eta": -0.39965174010464866, "log10_lambda": -4.211004115897764, "log10_min_child_weight": 4.515467343785184, "log10_subsample": -0.34765631458928115, "max_depth": 8.0, "num_boost_round": 0.0}, "datetime": {"datetime": "2024-01-19 00:34:53", "elapsed": 1401.673171, "delta": 20.880484}}
{"target": -13.76331229104745, "params": {"gamma": 26.52786520262296, "log10_alpha": -0.2257963310826252, "log10_colsample_bytree": -0.5870788123155042, "log10_eta": -0.39965174010464866, "log10_lambda": -4.211004115897764, "log10_min_child_weight": 4.515467343785184, "log10_subsample": -0.34765631458928115, "max_depth": 8.0, "num_boost_round": 1.0}, "datetime": {"datetime": "2024-01-19 00:34:53", "elapsed": 1401.675365, "delta": 0.002194}}
{"target": -13.76910840365819, "params": {"gamma": 26.52786520262296, "log10_alpha": -0.2257963310826252, "log10_colsample_bytree": -0.5870788123155042, "log10_eta": -0.39965174010464866, "log10_lambda": -4.211004115897764, "log10_min_child_weight": 4.515467343785184, "log10_subsample": -0.34765631458928115, "max_depth": 8.0, "num_boost_round": 2.0}, "datetime": {"datetime": "2024-01-19 00:34:53", "elapsed": 1401.677177, "delta": 0.001812}}
{"target": -13.773898323939637, "params": {"gamma": 26.52786520262296, "log10_alpha": -0.2257963310826252, "log10_colsample_bytree": -0.5870788123155042, "log10_eta": -0.39965174010464866, "log10_lambda": -4.211004115897764, "log10_min_child_weight": 4.515467343785184, "log10_subsample": -0.34765631458928115, "max_depth": 8.0, "num_boost_round": 3.0}, "datetime": {"datetime": "2024-01-19 00:34:53", "elapsed": 1401.678824, "delta": 0.001647}}
{"target": -13.779869629548186, "params": {"gamma": 26.52786520262296, "log10_alpha": -0.2257963310826252, "log10_colsample_bytree": -0.5870788123155042, "log10_eta": -0.39965174010464866, "log10_lambda": -4.211004115897764, "log10_min_child_weight": 4.515467343785184, "log10_subsample": -0.34765631458928115, "max_depth": 8.0, "num_boost_round": 4.0}, "datetime": {"datetime": "2024-01-19 00:34:53", "elapsed": 1401.68041, "delta": 0.001586}}
{"target": -13.782377964427077, "params": {"gamma": 26.52786520262296, "log10_alpha": -0.2257963310826252, "log10_colsample_bytree": -0.5870788123155042, "log10_eta": -0.39965174010464866, "log10_lambda": -4.211004115897764, "log10_min_child_weight": 4.515467343785184, "log10_subsample": -0.34765631458928115, "max_depth": 8.0, "num_boost_round": 5.0}, "datetime": {"datetime": "2024-01-19 00:34:53", "elapsed": 1401.682216, "delta": 0.001806}}
{"target": -13.786216522687237, "params": {"gamma": 26.52786520262296, "log10_alpha": -0.2257963310826252, "log10_colsample_bytree": -0.5870788123155042, "log10_eta": -0.39965174010464866, "log10_lambda": -4.211004115897764, "log10_min_child_weight": 4.515467343785184, "log10_subsample": -0.34765631458928115, "max_depth": 8.0, "num_boost_round": 6.0}, "datetime": {"datetime": "2024-01-19 00:34:53", "elapsed": 1401.683871, "delta": 0.001655}}
{"target": -13.787511330803365, "params": {"gamma": 26.52786520262296, "log10_alpha": -0.2257963310826252, "log10_colsample_bytree": -0.5870788123155042, "log10_eta": -0.39965174010464866, "log10_lambda": -4.211004115897764, "log10_min_child_weight": 4.515467343785184, "log10_subsample": -0.34765631458928115, "max_depth": 8.0, "num_boost_round": 7.0}, "datetime": {"datetime": "2024-01-19 00:34:53", "elapsed": 1401.685489, "delta": 0.001618}}
{"target": -13.789837012968015, "params": {"gamma": 26.52786520262296, "log10_alpha": -0.2257963310826252, "log10_colsample_bytree": -0.5870788123155042, "log10_eta": -0.39965174010464866, "log10_lambda": -4.211004115897764, "log10_min_child_weight": 4.515467343785184, "log10_subsample": -0.34765631458928115, "max_depth": 8.0, "num_boost_round": 8.0}, "datetime": {"datetime": "2024-01-19 00:34:53", "elapsed": 1401.6871, "delta": 0.001611}}
{"target": -13.791354658601085, "params": {"gamma": 26.52786520262296, "log10_alpha": -0.2257963310826252, "log10_colsample_bytree": -0.5870788123155042, "log10_eta": -0.39965174010464866, "log10_lambda": -4.211004115897764, "log10_min_child_weight": 4.515467343785184, "log10_subsample": -0.34765631458928115, "max_depth": 8.0, "num_boost_round": 9.0}, "datetime": {"datetime": "2024-01-19 00:34:53", "elapsed": 1401.689, "delta": 0.0019}}
{"target": -13.758533035980701, "params": {"gamma": 8.2448410784981, "log10_alpha": 0.9185229341874885, "log10_colsample_bytree": -0.5246529461856884, "log10_eta": -3.514034975066043, "log10_lambda": 0.22560637804574224, "log10_min_child_weight": 2.7274213129161664, "log10_subsample": -0.18444708181782787, "max_depth": 5.0, "num_boost_round": 0.0}, "datetime": {"datetime": "2024-01-19 00:35:15", "elapsed": 1423.272356, "delta": 21.583356}}
{"target": -13.758522622055077, "params": {"gamma": 8.2448410784981, "log10_alpha": 0.9185229341874885, "log10_colsample_bytree": -0.5246529461856884, "log10_eta": -3.514034975066043, "log10_lambda": 0.22560637804574224, "log10_min_child_weight": 2.7274213129161664, "log10_subsample": -0.18444708181782787, "max_depth": 5.0, "num_boost_round": 1.0}, "datetime": {"datetime": "2024-01-19 00:35:15", "elapsed": 1423.274518, "delta": 0.002162}}
{"target": -13.758514446509563, "params": {"gamma": 8.2448410784981, "log10_alpha": 0.9185229341874885, "log10_colsample_bytree": -0.5246529461856884, "log10_eta": -3.514034975066043, "log10_lambda": 0.22560637804574224, "log10_min_child_weight": 2.7274213129161664, "log10_subsample": -0.18444708181782787, "max_depth": 5.0, "num_boost_round": 2.0}, "datetime": {"datetime": "2024-01-19 00:35:15", "elapsed": 1423.276329, "delta": 0.001811}}
{"target": -13.758505731774854, "params": {"gamma": 8.2448410784981, "log10_alpha": 0.9185229341874885, "log10_colsample_bytree": -0.5246529461856884, "log10_eta": -3.514034975066043, "log10_lambda": 0.22560637804574224, "log10_min_child_weight": 2.7274213129161664, "log10_subsample": -0.18444708181782787, "max_depth": 5.0, "num_boost_round": 3.0}, "datetime": {"datetime": "2024-01-19 00:35:15", "elapsed": 1423.278204, "delta": 0.001875}}
{"target": -13.758504002433495, "params": {"gamma": 8.2448410784981, "log10_alpha": 0.9185229341874885, "log10_colsample_bytree": -0.5246529461856884, "log10_eta": -3.514034975066043, "log10_lambda": 0.22560637804574224, "log10_min_child_weight": 2.7274213129161664, "log10_subsample": -0.18444708181782787, "max_depth": 5.0, "num_boost_round": 4.0}, "datetime": {"datetime": "2024-01-19 00:35:15", "elapsed": 1423.28022, "delta": 0.002016}}
{"target": -13.758497886687294, "params": {"gamma": 8.2448410784981, "log10_alpha": 0.9185229341874885, "log10_colsample_bytree": -0.5246529461856884, "log10_eta": -3.514034975066043, "log10_lambda": 0.22560637804574224, "log10_min_child_weight": 2.7274213129161664, "log10_subsample": -0.18444708181782787, "max_depth": 5.0, "num_boost_round": 5.0}, "datetime": {"datetime": "2024-01-19 00:35:15", "elapsed": 1423.282551, "delta": 0.002331}}
{"target": -13.758489692750354, "params": {"gamma": 8.2448410784981, "log10_alpha": 0.9185229341874885, "log10_colsample_bytree": -0.5246529461856884, "log10_eta": -3.514034975066043, "log10_lambda": 0.22560637804574224, "log10_min_child_weight": 2.7274213129161664, "log10_subsample": -0.18444708181782787, "max_depth": 5.0, "num_boost_round": 6.0}, "datetime": {"datetime": "2024-01-19 00:35:15", "elapsed": 1423.284212, "delta": 0.001661}}
