{"target": -17.676178479405284, "params": {"gamma": 723.8104875300608, "log10_alpha": -1.6975679817166167, "log10_colsample_bytree": -0.0005970136712026841, "log10_eta": -1.4369122270146293, "log10_lambda": 0.7846755063936541, "log10_min_child_weight": 3.361767380551945, "log10_subsample": -0.9895978605766108, "max_depth": 3.0, "num_boost_round": 3.0}, "datetime": {"datetime": "2024-01-19 00:46:02", "elapsed": 2069.363554, "delta": 0.003279}}
{"target": -17.67578671174619, "params": {"gamma": 723.8104875300608, "log10_alpha": -1.6975679817166167, "log10_colsample_bytree": -0.0005970136712026841, "log10_eta": -1.4369122270146293, "log10_lambda": 0.7846755063936541, "log10_min_child_weight": 3.361767380551945, "log10_subsample": -0.9895978605766108, "max_depth": 3.0, "num_boost_round": 4.0}, "datetime": {"datetime": "2024-01-19 00:46:02", "elapsed": 2069.366993, "delta": 0.003439}}
{"target": -17.67660031473772, "params": {"gamma": 723.8104875300608, "log10_alpha": -1.6975679817166167, "log10_colsample_bytree": -0.0005970136712026841, "log10_eta": -1.4369122270146293, "log10_lambda": 0.7846755063936541, "log10_min_child_weight": 3.361767380551945, "log10_subsample": -0.9895978605766108, "max_depth": 3.0, "num_boost_round": 5.0}, "datetime": {"datetime": "2024-01-19 00:46:02", "elapsed": 2069.37049, "delta": 0.003497}}
{"target": -17.67634537439697, "params": {"gamma": 723.8104875300608, "log10_alpha": -1.6975679817166167, "log10_colsample_bytree": -0.0005970136712026841, "log10_eta": -1.4369122270146293, "log10_lambda": 0.7846755063936541, "log10_min_child_weight": 3.361767380551945, "log10_subsample": -0.9895978605766108, "max_depth": 3.0, "num_boost_round": 6.0}, "datetime": {"datetime": "2024-01-19 00:46:02", "elapsed": 2069.37338, "delta": 0.00289}}
{"target": -17.676161514323333, "params": {"gamma": 723.8104875300608, "log10_alpha": -1.6975679817166167, "log10_colsample_bytree": -0.0005970136712026841, "log10_eta": -1.4369122270146293, "log10_lambda": 0.7846755063936541, "log10_min_child_weight": 3.361767380551945, "log10_subsample": -0.9895978605766108, "max_depth": 3.0, "num_boost_round": 7.0}, "datetime": {"datetime": "2024-01-19 00:46:02", "elapsed": 2069.376193, "delta": 0.002813}}
{"target": -17.67617557225446, "params": {"gamma": 723.8104875300608, "log10_alpha": -1.6975679817166167, "log10_colsample_bytree": -0.0005970136712026841, "log10_eta": -1.4369122270146293, "log10_lambda": 0.7846755063936541, "log10_min_child_weight": 3.361767380551945, "log10_subsample": -0.9895978605766108, "max_depth": 3.0, "num_boost_round": 8.0}, "datetime": {"datetime": "2024-01-19 00:46:02", "elapsed": 2069.379212, "delta": 0.003019}}
{"target": -17.676432461488503, "params": {"gamma": 723.8104875300608, "log10_alpha": -1.6975679817166167, "log10_colsample_bytree": -0.0005970136712026841, "log10_eta": -1.4369122270146293, "log10_lambda": 0.7846755063936541, "log10_min_child_weight": 3.361767380551945, "log10_subsample": -0.9895978605766108, "max_depth": 3.0, "num_boost_round": 9.0}, "datetime": {"datetime": "2024-01-19 00:46:02", "elapsed": 2069.382194, "delta": 0.002982}}
{"target": -17.677045348849255, "params": {"gamma": 723.8104875300608, "log10_alpha": -1.6975679817166167, "log10_colsample_bytree": -0.0005970136712026841, "log10_eta": -1.4369122270146293, "log10_lambda": 0.7846755063936541, "log10_min_child_weight": 3.361767380551945, "log10_subsample": -0.9895978605766108, "max_depth": 3.0, "num_boost_round": 10.0}, "datetime": {"datetime": "2024-01-19 00:46:02", "elapsed": 2069.38504, "delta": 0.002846}}
{"target": -17.677102070076693, "params": {"gamma": 723.8104875300608, "log10_alpha": -1.6975679817166167, "log10_colsample_bytree": -0.0005970136712026841, "log10_eta": -1.4369122270146293, "log10_lambda": 0.7846755063936541, "log10_min_child_weight": 3.361767380551945, "log10_subsample": -0.9895978605766108, "max_depth": 3.0, "num_boost_round": 11.0}, "datetime": {"datetime": "2024-01-19 00:46:02", "elapsed": 2069.387971, "delta": 0.002931}}
{"target": -17.67672013190334, "params": {"gamma": 723.8104875300608, "log10_alpha": -1.6975679817166167, "log10_colsample_bytree": -0.0005970136712026841, "log10_eta": -1.4369122270146293, "log10_lambda": 0.7846755063936541, "log10_min_child_weight": 3.361767380551945, "log10_subsample": -0.9895978605766108, "max_depth": 3.0, "num_boost_round": 12.0}, "datetime": {"datetime": "2024-01-19 00:46:02", "elapsed": 2069.390859, "delta": 0.002888}}
{"target": -17.677060339239286, "params": {"gamma": 723.8104875300608, "log10_alpha": -1.6975679817166167, "log10_colsample_bytree": -0.0005970136712026841, "log10_eta": -1.4369122270146293, "log10_lambda": 0.7846755063936541, "log10_min_child_weight": 3.361767380551945, "log10_subsample": -0.9895978605766108, "max_depth": 3.0, "num_boost_round": 13.0}, "datetime": {"datetime": "2024-01-19 00:46:02", "elapsed": 2069.393731, "delta": 0.002872}}
{"target": -17.67780078393231, "params": {"gamma": 723.8104875300608, "log10_alpha": -1.6975679817166167, "log10_colsample_bytree": -0.0005970136712026841, "log10_eta": -1.4369122270146293, "log10_lambda": 0.7846755063936541, "log10_min_child_weight": 3.361767380551945, "log10_subsample": -0.9895978605766108, "max_depth": 3.0, "num_boost_round": 14.0}, "datetime": {"datetime": "2024-01-19 00:46:02", "elapsed": 2069.396548, "delta": 0.002817}}
{"target": -17.678128881486213, "params": {"gamma": 723.8104875300608, "log10_alpha": -1.6975679817166167, "log10_colsample_bytree": -0.0005970136712026841, "log10_eta": -1.4369122270146293, "log10_lambda": 0.7846755063936541, "log10_min_child_weight": 3.361767380551945, "log10_subsample": -0.9895978605766108, "max_depth": 3.0, "num_boost_round": 15.0}, "datetime": {"datetime": "2024-01-19 00:46:02", "elapsed": 2069.39944, "delta": 0.002892}}
{"target": -17.677598337521243, "params": {"gamma": 723.8104875300608, "log10_alpha": -1.6975679817166167, "log10_colsample_bytree": -0.0005970136712026841, "log10_eta": -1.4369122270146293, "log10_lambda": 0.7846755063936541, "log10_min_child_weight": 3.361767380551945, "log10_subsample": -0.9895978605766108, "max_depth": 3.0, "num_boost_round": 16.0}, "datetime": {"datetime": "2024-01-19 00:46:02", "elapsed": 2069.402258, "delta": 0.002818}}
{"target": -17.67875911957762, "params": {"gamma": 723.8104875300608, "log10_alpha": -1.6975679817166167, "log10_colsample_bytree": -0.0005970136712026841, "log10_eta": -1.4369122270146293, "log10_lambda": 0.7846755063936541, "log10_min_child_weight": 3.361767380551945, "log10_subsample": -0.9895978605766108, "max_depth": 3.0, "num_boost_round": 17.0}, "datetime": {"datetime": "2024-01-19 00:46:02", "elapsed": 2069.405149, "delta": 0.002891}}
{"target": -17.67969327668517, "params": {"gamma": 723.8104875300608, "log10_alpha": -1.6975679817166167, "log10_colsample_bytree": -0.0005970136712026841, "log10_eta": -1.4369122270146293, "log10_lambda": 0.7846755063936541, "log10_min_child_weight": 3.361767380551945, "log10_subsample": -0.9895978605766108, "max_depth": 3.0, "num_boost_round": 18.0}, "datetime": {"datetime": "2024-01-19 00:46:02", "elapsed": 2069.40805, "delta": 0.002901}}
{"target": -17.680317117829574, "params": {"gamma": 723.8104875300608, "log10_alpha": -1.6975679817166167, "log10_colsample_bytree": -0.0005970136712026841, "log10_eta": -1.4369122270146293, "log10_lambda": 0.7846755063936541, "log10_min_child_weight": 3.361767380551945, "log10_subsample": -0.9895978605766108, "max_depth": 3.0, "num_boost_round": 19.0}, "datetime": {"datetime": "2024-01-19 00:46:02", "elapsed": 2069.410861, "delta": 0.002811}}
{"target": -17.68041621252047, "params": {"gamma": 723.8104875300608, "log10_alpha": -1.6975679817166167, "log10_colsample_bytree": -0.0005970136712026841, "log10_eta": -1.4369122270146293, "log10_lambda": 0.7846755063936541, "log10_min_child_weight": 3.361767380551945, "log10_subsample": -0.9895978605766108, "max_depth": 3.0, "num_boost_round": 20.0}, "datetime": {"datetime": "2024-01-19 00:46:02", "elapsed": 2069.413699, "delta": 0.002838}}
{"target": -17.681194606594392, "params": {"gamma": 723.8104875300608, "log10_alpha": -1.6975679817166167, "log10_colsample_bytree": -0.0005970136712026841, "log10_eta": -1.4369122270146293, "log10_lambda": 0.7846755063936541, "log10_min_child_weight": 3.361767380551945, "log10_subsample": -0.9895978605766108, "max_depth": 3.0, "num_boost_round": 21.0}, "datetime": {"datetime": "2024-01-19 00:46:02", "elapsed": 2069.416515, "delta": 0.002816}}
{"target": -17.681738238520982, "params": {"gamma": 723.8104875300608, "log10_alpha": -1.6975679817166167, "log10_colsample_bytree": -0.0005970136712026841, "log10_eta": -1.4369122270146293, "log10_lambda": 0.7846755063936541, "log10_min_child_weight": 3.361767380551945, "log10_subsample": -0.9895978605766108, "max_depth": 3.0, "num_boost_round": 22.0}, "datetime": {"datetime": "2024-01-19 00:46:02", "elapsed": 2069.419466, "delta": 0.002951}}
{"target": -17.681910402330857, "params": {"gamma": 723.8104875300608, "log10_alpha": -1.6975679817166167, "log10_colsample_bytree": -0.0005970136712026841, "log10_eta": -1.4369122270146293, "log10_lambda": 0.7846755063936541, "log10_min_child_weight": 3.361767380551945, "log10_subsample": -0.9895978605766108, "max_depth": 3.0, "num_boost_round": 23.0}, "datetime": {"datetime": "2024-01-19 00:46:02", "elapsed": 2069.422298, "delta": 0.002832}}
{"target": -17.681292204664434, "params": {"gamma": 723.8104875300608, "log10_alpha": -1.6975679817166167, "log10_colsample_bytree": -0.0005970136712026841, "log10_eta": -1.4369122270146293, "log10_lambda": 0.7846755063936541, "log10_min_child_weight": 3.361767380551945, "log10_subsample": -0.9895978605766108, "max_depth": 3.0, "num_boost_round": 24.0}, "datetime": {"datetime": "2024-01-19 00:46:02", "elapsed": 2069.425096, "delta": 0.002798}}
{"target": -17.68191149426161, "params": {"gamma": 723.8104875300608, "log10_alpha": -1.6975679817166167, "log10_colsample_bytree": -0.0005970136712026841, "log10_eta": -1.4369122270146293, "log10_lambda": 0.7846755063936541, "log10_min_child_weight": 3.361767380551945, "log10_subsample": -0.9895978605766108, "max_depth": 3.0, "num_boost_round": 25.0}, "datetime": {"datetime": "2024-01-19 00:46:02", "elapsed": 2069.428081, "delta": 0.002985}}
{"target": -17.682345379798384, "params": {"gamma": 723.8104875300608, "log10_alpha": -1.6975679817166167, "log10_colsample_bytree": -0.0005970136712026841, "log10_eta": -1.4369122270146293, "log10_lambda": 0.7846755063936541, "log10_min_child_weight": 3.361767380551945, "log10_subsample": -0.9895978605766108, "max_depth": 3.0, "num_boost_round": 26.0}, "datetime": {"datetime": "2024-01-19 00:46:02", "elapsed": 2069.4311, "delta": 0.003019}}
{"target": -17.682331953052422, "params": {"gamma": 723.8104875300608, "log10_alpha": -1.6975679817166167, "log10_colsample_bytree": -0.0005970136712026841, "log10_eta": -1.4369122270146293, "log10_lambda": 0.7846755063936541, "log10_min_child_weight": 3.361767380551945, "log10_subsample": -0.9895978605766108, "max_depth": 3.0, "num_boost_round": 27.0}, "datetime": {"datetime": "2024-01-19 00:46:02", "elapsed": 2069.433961, "delta": 0.002861}}
{"target": -17.682472494014437, "params": {"gamma": 723.8104875300608, "log10_alpha": -1.6975679817166167, "log10_colsample_bytree": -0.0005970136712026841, "log10_eta": -1.4369122270146293, "log10_lambda": 0.7846755063936541, "log10_min_child_weight": 3.361767380551945, "log10_subsample": -0.9895978605766108, "max_depth": 3.0, "num_boost_round": 28.0}, "datetime": {"datetime": "2024-01-19 00:46:02", "elapsed": 2069.436878, "delta": 0.002917}}
{"target": -17.682206663954766, "params": {"gamma": 723.8104875300608, "log10_alpha": -1.6975679817166167, "log10_colsample_bytree": -0.0005970136712026841, "log10_eta": -1.4369122270146293, "log10_lambda": 0.7846755063936541, "log10_min_child_weight": 3.361767380551945, "log10_subsample": -0.9895978605766108, "max_depth": 3.0, "num_boost_round": 29.0}, "datetime": {"datetime": "2024-01-19 00:46:02", "elapsed": 2069.439843, "delta": 0.002965}}
{"target": -17.682929619734065, "params": {"gamma": 723.8104875300608, "log10_alpha": -1.6975679817166167, "log10_colsample_bytree": -0.0005970136712026841, "log10_eta": -1.4369122270146293, "log10_lambda": 0.7846755063936541, "log10_min_child_weight": 3.361767380551945, "log10_subsample": -0.9895978605766108, "max_depth": 3.0, "num_boost_round": 30.0}, "datetime": {"datetime": "2024-01-19 00:46:02", "elapsed": 2069.442734, "delta": 0.002891}}
{"target": -17.68372107238036, "params": {"gamma": 723.8104875300608, "log10_alpha": -1.6975679817166167, "log10_colsample_bytree": -0.0005970136712026841, "log10_eta": -1.4369122270146293, "log10_lambda": 0.7846755063936541, "log10_min_child_weight": 3.361767380551945, "log10_subsample": -0.9895978605766108, "max_depth": 3.0, "num_boost_round": 31.0}, "datetime": {"datetime": "2024-01-19 00:46:02", "elapsed": 2069.445573, "delta": 0.002839}}
{"target": -17.684032032696244, "params": {"gamma": 723.8104875300608, "log10_alpha": -1.6975679817166167, "log10_colsample_bytree": -0.0005970136712026841, "log10_eta": -1.4369122270146293, "log10_lambda": 0.7846755063936541, "log10_min_child_weight": 3.361767380551945, "log10_subsample": -0.9895978605766108, "max_depth": 3.0, "num_boost_round": 32.0}, "datetime": {"datetime": "2024-01-19 00:46:02", "elapsed": 2069.448521, "delta": 0.002948}}
{"target": -17.684023784644094, "params": {"gamma": 723.8104875300608, "log10_alpha": -1.6975679817166167, "log10_colsample_bytree": -0.0005970136712026841, "log10_eta": -1.4369122270146293, "log10_lambda": 0.7846755063936541, "log10_min_child_weight": 3.361767380551945, "log10_subsample": -0.9895978605766108, "max_depth": 3.0, "num_boost_round": 33.0}, "datetime": {"datetime": "2024-01-19 00:46:02", "elapsed": 2069.45135, "delta": 0.002829}}
{"target": -17.684326773982562, "params": {"gamma": 723.8104875300608, "log10_alpha": -1.6975679817166167, "log10_colsample_bytree": -0.0005970136712026841, "log10_eta": -1.4369122270146293, "log10_lambda": 0.7846755063936541, "log10_min_child_weight": 3.361767380551945, "log10_subsample": -0.9895978605766108, "max_depth": 3.0, "num_boost_round": 34.0}, "datetime": {"datetime": "2024-01-19 00:46:02", "elapsed": 2069.454227, "delta": 0.002877}}
{"target": -17.684619458804544, "params": {"gamma": 723.8104875300608, "log10_alpha": -1.6975679817166167, "log10_colsample_bytree": -0.0005970136712026841, "log10_eta": -1.4369122270146293, "log10_lambda": 0.7846755063936541, "log10_min_child_weight": 3.361767380551945, "log10_subsample": -0.9895978605766108, "max_depth": 3.0, "num_boost_round": 35.0}, "datetime": {"datetime": "2024-01-19 00:46:02", "elapsed": 2069.457147, "delta": 0.00292}}
{"target": -17.685038031365192, "params": {"gamma": 723.8104875300608, "log10_alpha": -1.6975679817166167, "log10_colsample_bytree": -0.0005970136712026841, "log10_eta": -1.4369122270146293, "log10_lambda": 0.7846755063936541, "log10_min_child_weight": 3.361767380551945, "log10_subsample": -0.9895978605766108, "max_depth": 3.0, "num_boost_round": 36.0}, "datetime": {"datetime": "2024-01-19 00:46:02", "elapsed": 2069.460016, "delta": 0.002869}}
{"target": -17.685331025331106, "params": {"gamma": 723.8104875300608, "log10_alpha": -1.6975679817166167, "log10_colsample_bytree": -0.0005970136712026841, "log10_eta": -1.4369122270146293, "log10_lambda": 0.7846755063936541, "log10_min_child_weight": 3.361767380551945, "log10_subsample": -0.9895978605766108, "max_depth": 3.0, "num_boost_round": 37.0}, "datetime": {"datetime": "2024-01-19 00:46:02", "elapsed": 2069.462876, "delta": 0.00286}}
{"target": -17.685220062091755, "params": {"gamma": 723.8104875300608, "log10_alpha": -1.6975679817166167, "log10_colsample_bytree": -0.0005970136712026841, "log10_eta": -1.4369122270146293, "log10_lambda": 0.7846755063936541, "log10_min_child_weight": 3.361767380551945, "log10_subsample": -0.9895978605766108, "max_depth": 3.0, "num_boost_round": 38.0}, "datetime": {"datetime": "2024-01-19 00:46:02", "elapsed": 2069.465758, "delta": 0.002882}}
{"target": -17.685854743344787, "params": {"gamma": 723.8104875300608, "log10_alpha": -1.6975679817166167, "log10_colsample_bytree": -0.0005970136712026841, "log10_eta": -1.4369122270146293, "log10_lambda": 0.7846755063936541, "log10_min_child_weight": 3.361767380551945, "log10_subsample": -0.9895978605766108, "max_depth": 3.0, "num_boost_round": 39.0}, "datetime": {"datetime": "2024-01-19 00:46:02", "elapsed": 2069.468691, "delta": 0.002933}}
{"target": -17.686316421383765, "params": {"gamma": 723.8104875300608, "log10_alpha": -1.6975679817166167, "log10_colsample_bytree": -0.0005970136712026841, "log10_eta": -1.4369122270146293, "log10_lambda": 0.7846755063936541, "log10_min_child_weight": 3.361767380551945, "log10_subsample": -0.9895978605766108, "max_depth": 3.0, "num_boost_round": 40.0}, "datetime": {"datetime": "2024-01-19 00:46:02", "elapsed": 2069.471559, "delta": 0.002868}}
{"target": -17.686723991153418, "params": {"gamma": 723.8104875300608, "log10_alpha": -1.6975679817166167, "log10_colsample_bytree": -0.0005970136712026841, "log10_eta": -1.4369122270146293, "log10_lambda": 0.7846755063936541, "log10_min_child_weight": 3.361767380551945, "log10_subsample": -0.9895978605766108, "max_depth": 3.0, "num_boost_round": 41.0}, "datetime": {"datetime": "2024-01-19 00:46:02", "elapsed": 2069.474521, "delta": 0.002962}}
{"target": -17.687716051841416, "params": {"gamma": 723.8104875300608, "log10_alpha": -1.6975679817166167, "log10_colsample_bytree": -0.0005970136712026841, "log10_eta": -1.4369122270146293, "log10_lambda": 0.7846755063936541, "log10_min_child_weight": 3.361767380551945, "log10_subsample": -0.9895978605766108, "max_depth": 3.0, "num_boost_round": 42.0}, "datetime": {"datetime": "2024-01-19 00:46:02", "elapsed": 2069.478019, "delta": 0.003498}}
{"target": -17.688708790504045, "params": {"gamma": 723.8104875300608, "log10_alpha": -1.6975679817166167, "log10_colsample_bytree": -0.0005970136712026841, "log10_eta": -1.4369122270146293, "log10_lambda": 0.7846755063936541, "log10_min_child_weight": 3.361767380551945, "log10_subsample": -0.9895978605766108, "max_depth": 3.0, "num_boost_round": 43.0}, "datetime": {"datetime": "2024-01-19 00:46:02", "elapsed": 2069.481127, "delta": 0.003108}}
{"target": -17.688902624906866, "params": {"gamma": 723.8104875300608, "log10_alpha": -1.6975679817166167, "log10_colsample_bytree": -0.0005970136712026841, "log10_eta": -1.4369122270146293, "log10_lambda": 0.7846755063936541, "log10_min_child_weight": 3.361767380551945, "log10_subsample": -0.9895978605766108, "max_depth": 3.0, "num_boost_round": 44.0}, "datetime": {"datetime": "2024-01-19 00:46:02", "elapsed": 2069.484491, "delta": 0.003364}}
{"target": -17.68949472251753, "params": {"gamma": 723.8104875300608, "log10_alpha": -1.6975679817166167, "log10_colsample_bytree": -0.0005970136712026841, "log10_eta": -1.4369122270146293, "log10_lambda": 0.7846755063936541, "log10_min_child_weight": 3.361767380551945, "log10_subsample": -0.9895978605766108, "max_depth": 3.0, "num_boost_round": 45.0}, "datetime": {"datetime": "2024-01-19 00:46:02", "elapsed": 2069.488236, "delta": 0.003745}}
{"target": -17.68965031780527, "params": {"gamma": 723.8104875300608, "log10_alpha": -1.6975679817166167, "log10_colsample_bytree": -0.0005970136712026841, "log10_eta": -1.4369122270146293, "log10_lambda": 0.7846755063936541, "log10_min_child_weight": 3.361767380551945, "log10_subsample": -0.9895978605766108, "max_depth": 3.0, "num_boost_round": 46.0}, "datetime": {"datetime": "2024-01-19 00:46:02", "elapsed": 2069.491233, "delta": 0.002997}}
{"target": -17.69002843136096, "params": {"gamma": 723.8104875300608, "log10_alpha": -1.6975679817166167, "log10_colsample_bytree": -0.0005970136712026841, "log10_eta": -1.4369122270146293, "log10_lambda": 0.7846755063936541, "log10_min_child_weight": 3.361767380551945, "log10_subsample": -0.9895978605766108, "max_depth": 3.0, "num_boost_round": 47.0}, "datetime": {"datetime": "2024-01-19 00:46:02", "elapsed": 2069.494262, "delta": 0.003029}}
{"target": -17.68990979985488, "params": {"gamma": 723.8104875300608, "log10_alpha": -1.6975679817166167, "log10_colsample_bytree": -0.0005970136712026841, "log10_eta": -1.4369122270146293, "log10_lambda": 0.7846755063936541, "log10_min_child_weight": 3.361767380551945, "log10_subsample": -0.9895978605766108, "max_depth": 3.0, "num_boost_round": 48.0}, "datetime": {"datetime": "2024-01-19 00:46:02", "elapsed": 2069.49716, "delta": 0.002898}}
{"target": -17.68959612079067, "params": {"gamma": 723.8104875300608, "log10_alpha": -1.6975679817166167, "log10_colsample_bytree": -0.0005970136712026841, "log10_eta": -1.4369122270146293, "log10_lambda": 0.7846755063936541, "log10_min_child_weight": 3.361767380551945, "log10_subsample": -0.9895978605766108, "max_depth": 3.0, "num_boost_round": 49.0}, "datetime": {"datetime": "2024-01-19 00:46:02", "elapsed": 2069.500057, "delta": 0.002897}}
{"target": -17.690411814920346, "params": {"gamma": 723.8104875300608, "log10_alpha": -1.6975679817166167, "log10_colsample_bytree": -0.0005970136712026841, "log10_eta": -1.4369122270146293, "log10_lambda": 0.7846755063936541, "log10_min_child_weight": 3.361767380551945, "log10_subsample": -0.9895978605766108, "max_depth": 3.0, "num_boost_round": 50.0}, "datetime": {"datetime": "2024-01-19 00:46:02", "elapsed": 2069.502945, "delta": 0.002888}}
{"target": -17.691151828309913, "params": {"gamma": 723.8104875300608, "log10_alpha": -1.6975679817166167, "log10_colsample_bytree": -0.0005970136712026841, "log10_eta": -1.4369122270146293, "log10_lambda": 0.7846755063936541, "log10_min_child_weight": 3.361767380551945, "log10_subsample": -0.9895978605766108, "max_depth": 3.0, "num_boost_round": 51.0}, "datetime": {"datetime": "2024-01-19 00:46:02", "elapsed": 2069.505781, "delta": 0.002836}}
