{"target": -17.677201501029614, "params": {"gamma": 65.09424377130901, "log10_alpha": 0.5985782072923724, "log10_colsample_bytree": -0.6740290253512747, "log10_eta": -3.6037453644367408, "log10_lambda": -0.438034934095219, "log10_min_child_weight": 3.429322004945565, "log10_subsample": -0.763493639533595, "max_depth": 5.0, "num_boost_round": 4.0}, "datetime": {"datetime": "2024-01-19 01:51:26", "elapsed": 5993.364425, "delta": 0.006812}}
{"target": -17.677199735175456, "params": {"gamma": 65.09424377130901, "log10_alpha": 0.5985782072923724, "log10_colsample_bytree": -0.6740290253512747, "log10_eta": -3.6037453644367408, "log10_lambda": -0.438034934095219, "log10_min_child_weight": 3.429322004945565, "log10_subsample": -0.763493639533595, "max_depth": 5.0, "num_boost_round": 5.0}, "datetime": {"datetime": "2024-01-19 01:51:26", "elapsed": 5993.371498, "delta": 0.007073}}
{"target": -17.67719730974693, "params": {"gamma": 65.09424377130901, "log10_alpha": 0.5985782072923724, "log10_colsample_bytree": -0.6740290253512747, "log10_eta": -3.6037453644367408, "log10_lambda": -0.438034934095219, "log10_min_child_weight": 3.429322004945565, "log10_subsample": -0.763493639533595, "max_depth": 5.0, "num_boost_round": 6.0}, "datetime": {"datetime": "2024-01-19 01:51:26", "elapsed": 5993.378552, "delta": 0.007054}}
{"target": -17.67719675956913, "params": {"gamma": 65.09424377130901, "log10_alpha": 0.5985782072923724, "log10_colsample_bytree": -0.6740290253512747, "log10_eta": -3.6037453644367408, "log10_lambda": -0.438034934095219, "log10_min_child_weight": 3.429322004945565, "log10_subsample": -0.763493639533595, "max_depth": 5.0, "num_boost_round": 7.0}, "datetime": {"datetime": "2024-01-19 01:51:26", "elapsed": 5993.385366, "delta": 0.006814}}
{"target": -17.67718718297272, "params": {"gamma": 65.09424377130901, "log10_alpha": 0.5985782072923724, "log10_colsample_bytree": -0.6740290253512747, "log10_eta": -3.6037453644367408, "log10_lambda": -0.438034934095219, "log10_min_child_weight": 3.429322004945565, "log10_subsample": -0.763493639533595, "max_depth": 5.0, "num_boost_round": 8.0}, "datetime": {"datetime": "2024-01-19 01:51:26", "elapsed": 5993.392396, "delta": 0.00703}}
{"target": -17.67718494134451, "params": {"gamma": 65.09424377130901, "log10_alpha": 0.5985782072923724, "log10_colsample_bytree": -0.6740290253512747, "log10_eta": -3.6037453644367408, "log10_lambda": -0.438034934095219, "log10_min_child_weight": 3.429322004945565, "log10_subsample": -0.763493639533595, "max_depth": 5.0, "num_boost_round": 9.0}, "datetime": {"datetime": "2024-01-19 01:51:26", "elapsed": 5993.399322, "delta": 0.006926}}
{"target": -17.677181124301697, "params": {"gamma": 65.09424377130901, "log10_alpha": 0.5985782072923724, "log10_colsample_bytree": -0.6740290253512747, "log10_eta": -3.6037453644367408, "log10_lambda": -0.438034934095219, "log10_min_child_weight": 3.429322004945565, "log10_subsample": -0.763493639533595, "max_depth": 5.0, "num_boost_round": 10.0}, "datetime": {"datetime": "2024-01-19 01:51:26", "elapsed": 5993.406173, "delta": 0.006851}}
{"target": -17.67718091493072, "params": {"gamma": 65.09424377130901, "log10_alpha": 0.5985782072923724, "log10_colsample_bytree": -0.6740290253512747, "log10_eta": -3.6037453644367408, "log10_lambda": -0.438034934095219, "log10_min_child_weight": 3.429322004945565, "log10_subsample": -0.763493639533595, "max_depth": 5.0, "num_boost_round": 11.0}, "datetime": {"datetime": "2024-01-19 01:51:26", "elapsed": 5993.413183, "delta": 0.00701}}
{"target": -17.677175103093425, "params": {"gamma": 65.09424377130901, "log10_alpha": 0.5985782072923724, "log10_colsample_bytree": -0.6740290253512747, "log10_eta": -3.6037453644367408, "log10_lambda": -0.438034934095219, "log10_min_child_weight": 3.429322004945565, "log10_subsample": -0.763493639533595, "max_depth": 5.0, "num_boost_round": 12.0}, "datetime": {"datetime": "2024-01-19 01:51:26", "elapsed": 5993.420189, "delta": 0.007006}}
{"target": -17.67717037434406, "params": {"gamma": 65.09424377130901, "log10_alpha": 0.5985782072923724, "log10_colsample_bytree": -0.6740290253512747, "log10_eta": -3.6037453644367408, "log10_lambda": -0.438034934095219, "log10_min_child_weight": 3.429322004945565, "log10_subsample": -0.763493639533595, "max_depth": 5.0, "num_boost_round": 13.0}, "datetime": {"datetime": "2024-01-19 01:51:26", "elapsed": 5993.427263, "delta": 0.007074}}
{"target": -17.677172446481066, "params": {"gamma": 65.09424377130901, "log10_alpha": 0.5985782072923724, "log10_colsample_bytree": -0.6740290253512747, "log10_eta": -3.6037453644367408, "log10_lambda": -0.438034934095219, "log10_min_child_weight": 3.429322004945565, "log10_subsample": -0.763493639533595, "max_depth": 5.0, "num_boost_round": 14.0}, "datetime": {"datetime": "2024-01-19 01:51:26", "elapsed": 5993.434595, "delta": 0.007332}}
{"target": -17.67716769088985, "params": {"gamma": 65.09424377130901, "log10_alpha": 0.5985782072923724, "log10_colsample_bytree": -0.6740290253512747, "log10_eta": -3.6037453644367408, "log10_lambda": -0.438034934095219, "log10_min_child_weight": 3.429322004945565, "log10_subsample": -0.763493639533595, "max_depth": 5.0, "num_boost_round": 15.0}, "datetime": {"datetime": "2024-01-19 01:51:26", "elapsed": 5993.44187, "delta": 0.007275}}
{"target": -17.677165250520822, "params": {"gamma": 65.09424377130901, "log10_alpha": 0.5985782072923724, "log10_colsample_bytree": -0.6740290253512747, "log10_eta": -3.6037453644367408, "log10_lambda": -0.438034934095219, "log10_min_child_weight": 3.429322004945565, "log10_subsample": -0.763493639533595, "max_depth": 5.0, "num_boost_round": 16.0}, "datetime": {"datetime": "2024-01-19 01:51:26", "elapsed": 5993.449014, "delta": 0.007144}}
{"target": -17.67715973212683, "params": {"gamma": 65.09424377130901, "log10_alpha": 0.5985782072923724, "log10_colsample_bytree": -0.6740290253512747, "log10_eta": -3.6037453644367408, "log10_lambda": -0.438034934095219, "log10_min_child_weight": 3.429322004945565, "log10_subsample": -0.763493639533595, "max_depth": 5.0, "num_boost_round": 17.0}, "datetime": {"datetime": "2024-01-19 01:51:26", "elapsed": 5993.45619, "delta": 0.007176}}
{"target": -17.677159685125726, "params": {"gamma": 65.09424377130901, "log10_alpha": 0.5985782072923724, "log10_colsample_bytree": -0.6740290253512747, "log10_eta": -3.6037453644367408, "log10_lambda": -0.438034934095219, "log10_min_child_weight": 3.429322004945565, "log10_subsample": -0.763493639533595, "max_depth": 5.0, "num_boost_round": 18.0}, "datetime": {"datetime": "2024-01-19 01:51:26", "elapsed": 5993.46338, "delta": 0.00719}}
{"target": -17.677147150371404, "params": {"gamma": 65.09424377130901, "log10_alpha": 0.5985782072923724, "log10_colsample_bytree": -0.6740290253512747, "log10_eta": -3.6037453644367408, "log10_lambda": -0.438034934095219, "log10_min_child_weight": 3.429322004945565, "log10_subsample": -0.763493639533595, "max_depth": 5.0, "num_boost_round": 19.0}, "datetime": {"datetime": "2024-01-19 01:51:26", "elapsed": 5993.470756, "delta": 0.007376}}
{"target": -17.677142160836144, "params": {"gamma": 65.09424377130901, "log10_alpha": 0.5985782072923724, "log10_colsample_bytree": -0.6740290253512747, "log10_eta": -3.6037453644367408, "log10_lambda": -0.438034934095219, "log10_min_child_weight": 3.429322004945565, "log10_subsample": -0.763493639533595, "max_depth": 5.0, "num_boost_round": 20.0}, "datetime": {"datetime": "2024-01-19 01:51:26", "elapsed": 5993.478414, "delta": 0.007658}}
{"target": -17.677129619636382, "params": {"gamma": 65.09424377130901, "log10_alpha": 0.5985782072923724, "log10_colsample_bytree": -0.6740290253512747, "log10_eta": -3.6037453644367408, "log10_lambda": -0.438034934095219, "log10_min_child_weight": 3.429322004945565, "log10_subsample": -0.763493639533595, "max_depth": 5.0, "num_boost_round": 21.0}, "datetime": {"datetime": "2024-01-19 01:51:26", "elapsed": 5993.486157, "delta": 0.007743}}
{"target": -17.677182992024857, "params": {"gamma": 45.89570180087432, "log10_alpha": -4.64652026116438, "log10_colsample_bytree": -0.8787584873828601, "log10_eta": -2.3363636343967458, "log10_lambda": -4.6890350048252305, "log10_min_child_weight": 4.331641041618116, "log10_subsample": -0.44173096439577586, "max_depth": 9.0, "num_boost_round": 0.0}, "datetime": {"datetime": "2024-01-19 01:54:08", "elapsed": 6155.439872, "delta": 161.953715}}
{"target": -17.67713390962058, "params": {"gamma": 45.89570180087432, "log10_alpha": -4.64652026116438, "log10_colsample_bytree": -0.8787584873828601, "log10_eta": -2.3363636343967458, "log10_lambda": -4.6890350048252305, "log10_min_child_weight": 4.331641041618116, "log10_subsample": -0.44173096439577586, "max_depth": 9.0, "num_boost_round": 1.0}, "datetime": {"datetime": "2024-01-19 01:54:08", "elapsed": 6155.447535, "delta": 0.007663}}
{"target": -17.6771620932272, "params": {"gamma": 45.89570180087432, "log10_alpha": -4.64652026116438, "log10_colsample_bytree": -0.8787584873828601, "log10_eta": -2.3363636343967458, "log10_lambda": -4.6890350048252305, "log10_min_child_weight": 4.331641041618116, "log10_subsample": -0.44173096439577586, "max_depth": 9.0, "num_boost_round": 2.0}, "datetime": {"datetime": "2024-01-19 01:54:08", "elapsed": 6155.581624, "delta": 0.134089}}
{"target": -17.677138615867932, "params": {"gamma": 45.89570180087432, "log10_alpha": -4.64652026116438, "log10_colsample_bytree": -0.8787584873828601, "log10_eta": -2.3363636343967458, "log10_lambda": -4.6890350048252305, "log10_min_child_weight": 4.331641041618116, "log10_subsample": -0.44173096439577586, "max_depth": 9.0, "num_boost_round": 3.0}, "datetime": {"datetime": "2024-01-19 01:54:08", "elapsed": 6155.589831, "delta": 0.008207}}
{"target": -17.677087354486122, "params": {"gamma": 45.89570180087432, "log10_alpha": -4.64652026116438, "log10_colsample_bytree": -0.8787584873828601, "log10_eta": -2.3363636343967458, "log10_lambda": -4.6890350048252305, "log10_min_child_weight": 4.331641041618116, "log10_subsample": -0.44173096439577586, "max_depth": 9.0, "num_boost_round": 4.0}, "datetime": {"datetime": "2024-01-19 01:54:08", "elapsed": 6155.596789, "delta": 0.006958}}
{"target": -17.677064700113046, "params": {"gamma": 45.89570180087432, "log10_alpha": -4.64652026116438, "log10_colsample_bytree": -0.8787584873828601, "log10_eta": -2.3363636343967458, "log10_lambda": -4.6890350048252305, "log10_min_child_weight": 4.331641041618116, "log10_subsample": -0.44173096439577586, "max_depth": 9.0, "num_boost_round": 5.0}, "datetime": {"datetime": "2024-01-19 01:54:08", "elapsed": 6155.603591, "delta": 0.006802}}
{"target": -17.67704738304201, "params": {"gamma": 45.89570180087432, "log10_alpha": -4.64652026116438, "log10_colsample_bytree": -0.8787584873828601, "log10_eta": -2.3363636343967458, "log10_lambda": -4.6890350048252305, "log10_min_child_weight": 4.331641041618116, "log10_subsample": -0.44173096439577586, "max_depth": 9.0, "num_boost_round": 6.0}, "datetime": {"datetime": "2024-01-19 01:54:08", "elapsed": 6155.610307, "delta": 0.006716}}
{"target": -17.676953349760073, "params": {"gamma": 45.89570180087432, "log10_alpha": -4.64652026116438, "log10_colsample_bytree": -0.8787584873828601, "log10_eta": -2.3363636343967458, "log10_lambda": -4.6890350048252305, "log10_min_child_weight": 4.331641041618116, "log10_subsample": -0.44173096439577586, "max_depth": 9.0, "num_boost_round": 7.0}, "datetime": {"datetime": "2024-01-19 01:54:08", "elapsed": 6155.617054, "delta": 0.006747}}
{"target": -17.67693450339476, "params": {"gamma": 45.89570180087432, "log10_alpha": -4.64652026116438, "log10_colsample_bytree": -0.8787584873828601, "log10_eta": -2.3363636343967458, "log10_lambda": -4.6890350048252305, "log10_min_child_weight": 4.331641041618116, "log10_subsample": -0.44173096439577586, "max_depth": 9.0, "num_boost_round": 8.0}, "datetime": {"datetime": "2024-01-19 01:54:08", "elapsed": 6155.623728, "delta": 0.006674}}
{"target": -17.6769858135611, "params": {"gamma": 45.89570180087432, "log10_alpha": -4.64652026116438, "log10_colsample_bytree": -0.8787584873828601, "log10_eta": -2.3363636343967458, "log10_lambda": -4.6890350048252305, "log10_min_child_weight": 4.331641041618116, "log10_subsample": -0.44173096439577586, "max_depth": 9.0, "num_boost_round": 9.0}, "datetime": {"datetime": "2024-01-19 01:54:08", "elapsed": 6155.63048, "delta": 0.006752}}
{"target": -17.676921963724098, "params": {"gamma": 45.89570180087432, "log10_alpha": -4.64652026116438, "log10_colsample_bytree": -0.8787584873828601, "log10_eta": -2.3363636343967458, "log10_lambda": -4.6890350048252305, "log10_min_child_weight": 4.331641041618116, "log10_subsample": -0.44173096439577586, "max_depth": 9.0, "num_boost_round": 10.0}, "datetime": {"datetime": "2024-01-19 01:54:08", "elapsed": 6155.637054, "delta": 0.006574}}
{"target": -17.676906157698152, "params": {"gamma": 45.89570180087432, "log10_alpha": -4.64652026116438, "log10_colsample_bytree": -0.8787584873828601, "log10_eta": -2.3363636343967458, "log10_lambda": -4.6890350048252305, "log10_min_child_weight": 4.331641041618116, "log10_subsample": -0.44173096439577586, "max_depth": 9.0, "num_boost_round": 11.0}, "datetime": {"datetime": "2024-01-19 01:54:08", "elapsed": 6155.6437, "delta": 0.006646}}
{"target": -17.676881765731043, "params": {"gamma": 45.89570180087432, "log10_alpha": -4.64652026116438, "log10_colsample_bytree": -0.8787584873828601, "log10_eta": -2.3363636343967458, "log10_lambda": -4.6890350048252305, "log10_min_child_weight": 4.331641041618116, "log10_subsample": -0.44173096439577586, "max_depth": 9.0, "num_boost_round": 12.0}, "datetime": {"datetime": "2024-01-19 01:54:08", "elapsed": 6155.650321, "delta": 0.006621}}
{"target": -17.676824287570366, "params": {"gamma": 45.89570180087432, "log10_alpha": -4.64652026116438, "log10_colsample_bytree": -0.8787584873828601, "log10_eta": -2.3363636343967458, "log10_lambda": -4.6890350048252305, "log10_min_child_weight": 4.331641041618116, "log10_subsample": -0.44173096439577586, "max_depth": 9.0, "num_boost_round": 13.0}, "datetime": {"datetime": "2024-01-19 01:54:08", "elapsed": 6155.657155, "delta": 0.006834}}
{"target": -17.676822144774643, "params": {"gamma": 45.89570180087432, "log10_alpha": -4.64652026116438, "log10_colsample_bytree": -0.8787584873828601, "log10_eta": -2.3363636343967458, "log10_lambda": -4.6890350048252305, "log10_min_child_weight": 4.331641041618116, "log10_subsample": -0.44173096439577586, "max_depth": 9.0, "num_boost_round": 14.0}, "datetime": {"datetime": "2024-01-19 01:54:08", "elapsed": 6155.664013, "delta": 0.006858}}
{"target": -17.676753217284396, "params": {"gamma": 45.89570180087432, "log10_alpha": -4.64652026116438, "log10_colsample_bytree": -0.8787584873828601, "log10_eta": -2.3363636343967458, "log10_lambda": -4.6890350048252305, "log10_min_child_weight": 4.331641041618116, "log10_subsample": -0.44173096439577586, "max_depth": 9.0, "num_boost_round": 15.0}, "datetime": {"datetime": "2024-01-19 01:54:08", "elapsed": 6155.672028, "delta": 0.008015}}
{"target": -17.676748933567595, "params": {"gamma": 45.89570180087432, "log10_alpha": -4.64652026116438, "log10_colsample_bytree": -0.8787584873828601, "log10_eta": -2.3363636343967458, "log10_lambda": -4.6890350048252305, "log10_min_child_weight": 4.331641041618116, "log10_subsample": -0.44173096439577586, "max_depth": 9.0, "num_boost_round": 16.0}, "datetime": {"datetime": "2024-01-19 01:54:08", "elapsed": 6155.679012, "delta": 0.006984}}
{"target": -17.676703347129095, "params": {"gamma": 45.89570180087432, "log10_alpha": -4.64652026116438, "log10_colsample_bytree": -0.8787584873828601, "log10_eta": -2.3363636343967458, "log10_lambda": -4.6890350048252305, "log10_min_child_weight": 4.331641041618116, "log10_subsample": -0.44173096439577586, "max_depth": 9.0, "num_boost_round": 17.0}, "datetime": {"datetime": "2024-01-19 01:54:08", "elapsed": 6155.685578, "delta": 0.006566}}
{"target": -17.67662806251561, "params": {"gamma": 45.89570180087432, "log10_alpha": -4.64652026116438, "log10_colsample_bytree": -0.8787584873828601, "log10_eta": -2.3363636343967458, "log10_lambda": -4.6890350048252305, "log10_min_child_weight": 4.331641041618116, "log10_subsample": -0.44173096439577586, "max_depth": 9.0, "num_boost_round": 18.0}, "datetime": {"datetime": "2024-01-19 01:54:08", "elapsed": 6155.69219, "delta": 0.006612}}
{"target": -17.67655495120191, "params": {"gamma": 45.89570180087432, "log10_alpha": -4.64652026116438, "log10_colsample_bytree": -0.8787584873828601, "log10_eta": -2.3363636343967458, "log10_lambda": -4.6890350048252305, "log10_min_child_weight": 4.331641041618116, "log10_subsample": -0.44173096439577586, "max_depth": 9.0, "num_boost_round": 19.0}, "datetime": {"datetime": "2024-01-19 01:54:08", "elapsed": 6155.69886, "delta": 0.00667}}
{"target": -17.677224976423016, "params": {"gamma": 49.919246090735946, "log10_alpha": -3.7535288491140024, "log10_colsample_bytree": -0.7672843738164274, "log10_eta": -3.4850554625042043, "log10_lambda": -4.657675599254116, "log10_min_child_weight": 2.327996752416328, "log10_subsample": -0.9618038325419451, "max_depth": 2.0, "num_boost_round": 0.0}, "datetime": {"datetime": "2024-01-19 01:55:59", "elapsed": 6266.778267, "delta": 111.079407}}
{"target": -17.67721427990012, "params": {"gamma": 49.919246090735946, "log10_alpha": -3.7535288491140024, "log10_colsample_bytree": -0.7672843738164274, "log10_eta": -3.4850554625042043, "log10_lambda": -4.657675599254116, "log10_min_child_weight": 2.327996752416328, "log10_subsample": -0.9618038325419451, "max_depth": 2.0, "num_boost_round": 1.0}, "datetime": {"datetime": "2024-01-19 01:55:59", "elapsed": 6266.786081, "delta": 0.007814}}
{"target": -17.67720178104579, "params": {"gamma": 49.919246090735946, "log10_alpha": -3.7535288491140024, "log10_colsample_bytree": -0.7672843738164274, "log10_eta": -3.4850554625042043, "log10_lambda": -4.657675599254116, "log10_min_child_weight": 2.327996752416328, "log10_subsample": -0.9618038325419451, "max_depth": 2.0, "num_boost_round": 2.0}, "datetime": {"datetime": "2024-01-19 01:55:59", "elapsed": 6266.793076, "delta": 0.006995}}
{"target": -17.677199137024562, "params": {"gamma": 49.919246090735946, "log10_alpha": -3.7535288491140024, "log10_colsample_bytree": -0.7672843738164274, "log10_eta": -3.4850554625042043, "log10_lambda": -4.657675599254116, "log10_min_child_weight": 2.327996752416328, "log10_subsample": -0.9618038325419451, "max_depth": 2.0, "num_boost_round": 3.0}, "datetime": {"datetime": "2024-01-19 01:55:59", "elapsed": 6266.7997, "delta": 0.006624}}
{"target": -17.677194998775008, "params": {"gamma": 49.919246090735946, "log10_alpha": -3.7535288491140024, "log10_colsample_bytree": -0.7672843738164274, "log10_eta": -3.4850554625042043, "log10_lambda": -4.657675599254116, "log10_min_child_weight": 2.327996752416328, "log10_subsample": -0.9618038325419451, "max_depth": 2.0, "num_boost_round": 4.0}, "datetime": {"datetime": "2024-01-19 01:55:59", "elapsed": 6266.806293, "delta": 0.006593}}
{"target": -17.677190636322436, "params": {"gamma": 49.919246090735946, "log10_alpha": -3.7535288491140024, "log10_colsample_bytree": -0.7672843738164274, "log10_eta": -3.4850554625042043, "log10_lambda": -4.657675599254116, "log10_min_child_weight": 2.327996752416328, "log10_subsample": -0.9618038325419451, "max_depth": 2.0, "num_boost_round": 5.0}, "datetime": {"datetime": "2024-01-19 01:55:59", "elapsed": 6266.813021, "delta": 0.006728}}
{"target": -17.677185773631138, "params": {"gamma": 49.919246090735946, "log10_alpha": -3.7535288491140024, "log10_colsample_bytree": -0.7672843738164274, "log10_eta": -3.4850554625042043, "log10_lambda": -4.657675599254116, "log10_min_child_weight": 2.327996752416328, "log10_subsample": -0.9618038325419451, "max_depth": 2.0, "num_boost_round": 6.0}, "datetime": {"datetime": "2024-01-19 01:55:59", "elapsed": 6266.819617, "delta": 0.006596}}
{"target": -17.677175420192793, "params": {"gamma": 49.919246090735946, "log10_alpha": -3.7535288491140024, "log10_colsample_bytree": -0.7672843738164274, "log10_eta": -3.4850554625042043, "log10_lambda": -4.657675599254116, "log10_min_child_weight": 2.327996752416328, "log10_subsample": -0.9618038325419451, "max_depth": 2.0, "num_boost_round": 7.0}, "datetime": {"datetime": "2024-01-19 01:55:59", "elapsed": 6266.82622, "delta": 0.006603}}
{"target": -17.677169782274635, "params": {"gamma": 49.919246090735946, "log10_alpha": -3.7535288491140024, "log10_colsample_bytree": -0.7672843738164274, "log10_eta": -3.4850554625042043, "log10_lambda": -4.657675599254116, "log10_min_child_weight": 2.327996752416328, "log10_subsample": -0.9618038325419451, "max_depth": 2.0, "num_boost_round": 8.0}, "datetime": {"datetime": "2024-01-19 01:55:59", "elapsed": 6266.833074, "delta": 0.006854}}
{"target": -17.6771570820871, "params": {"gamma": 49.919246090735946, "log10_alpha": -3.7535288491140024, "log10_colsample_bytree": -0.7672843738164274, "log10_eta": -3.4850554625042043, "log10_lambda": -4.657675599254116, "log10_min_child_weight": 2.327996752416328, "log10_subsample": -0.9618038325419451, "max_depth": 2.0, "num_boost_round": 9.0}, "datetime": {"datetime": "2024-01-19 01:55:59", "elapsed": 6266.839735, "delta": 0.006661}}
{"target": -17.677149051551467, "params": {"gamma": 49.919246090735946, "log10_alpha": -3.7535288491140024, "log10_colsample_bytree": -0.7672843738164274, "log10_eta": -3.4850554625042043, "log10_lambda": -4.657675599254116, "log10_min_child_weight": 2.327996752416328, "log10_subsample": -0.9618038325419451, "max_depth": 2.0, "num_boost_round": 10.0}, "datetime": {"datetime": "2024-01-19 01:55:59", "elapsed": 6266.846751, "delta": 0.007016}}
