{"target": -13.75841079041339, "params": {"gamma": 80.543539886046, "log10_alpha": -4.341908774263987, "log10_colsample_bytree": -0.8374599472558362, "log10_eta": -3.5766932659149027, "log10_lambda": -2.0164121625702807, "log10_min_child_weight": 3.2754083598053563, "log10_subsample": -0.46384633675496345, "max_depth": 8.0, "num_boost_round": 29.0}, "datetime": {"datetime": "2024-01-19 02:20:02", "elapsed": 7722.489053, "delta": 0.00585}}
{"target": -13.758405570699377, "params": {"gamma": 80.543539886046, "log10_alpha": -4.341908774263987, "log10_colsample_bytree": -0.8374599472558362, "log10_eta": -3.5766932659149027, "log10_lambda": -2.0164121625702807, "log10_min_child_weight": 3.2754083598053563, "log10_subsample": -0.46384633675496345, "max_depth": 8.0, "num_boost_round": 30.0}, "datetime": {"datetime": "2024-01-19 02:20:02", "elapsed": 7722.494932, "delta": 0.005879}}
{"target": -13.75838949988187, "params": {"gamma": 80.543539886046, "log10_alpha": -4.341908774263987, "log10_colsample_bytree": -0.8374599472558362, "log10_eta": -3.5766932659149027, "log10_lambda": -2.0164121625702807, "log10_min_child_weight": 3.2754083598053563, "log10_subsample": -0.46384633675496345, "max_depth": 8.0, "num_boost_round": 31.0}, "datetime": {"datetime": "2024-01-19 02:20:02", "elapsed": 7722.500477, "delta": 0.005545}}
{"target": -13.758387008957303, "params": {"gamma": 80.543539886046, "log10_alpha": -4.341908774263987, "log10_colsample_bytree": -0.8374599472558362, "log10_eta": -3.5766932659149027, "log10_lambda": -2.0164121625702807, "log10_min_child_weight": 3.2754083598053563, "log10_subsample": -0.46384633675496345, "max_depth": 8.0, "num_boost_round": 32.0}, "datetime": {"datetime": "2024-01-19 02:20:02", "elapsed": 7722.505973, "delta": 0.005496}}
{"target": -13.758539030970413, "params": {"gamma": 77.9068807425417, "log10_alpha": -4.838191212606496, "log10_colsample_bytree": -0.9027815834030531, "log10_eta": -2.9733570382328693, "log10_lambda": -1.6128993968197927, "log10_min_child_weight": 4.844342601135244, "log10_subsample": -0.011159896375671274, "max_depth": 4.0, "num_boost_round": 0.0}, "datetime": {"datetime": "2024-01-19 02:22:19", "elapsed": 7859.368853, "delta": 136.86288}}
{"target": -13.758538582366084, "params": {"gamma": 77.9068807425417, "log10_alpha": -4.838191212606496, "log10_colsample_bytree": -0.9027815834030531, "log10_eta": -2.9733570382328693, "log10_lambda": -1.6128993968197927, "log10_min_child_weight": 4.844342601135244, "log10_subsample": -0.011159896375671274, "max_depth": 4.0, "num_boost_round": 1.0}, "datetime": {"datetime": "2024-01-19 02:22:19", "elapsed": 7859.374786, "delta": 0.005933}}
{"target": -13.758539732249972, "params": {"gamma": 77.9068807425417, "log10_alpha": -4.838191212606496, "log10_colsample_bytree": -0.9027815834030531, "log10_eta": -2.9733570382328693, "log10_lambda": -1.6128993968197927, "log10_min_child_weight": 4.844342601135244, "log10_subsample": -0.011159896375671274, "max_depth": 4.0, "num_boost_round": 2.0}, "datetime": {"datetime": "2024-01-19 02:22:19", "elapsed": 7859.380509, "delta": 0.005723}}
{"target": -13.758542351936313, "params": {"gamma": 77.9068807425417, "log10_alpha": -4.838191212606496, "log10_colsample_bytree": -0.9027815834030531, "log10_eta": -2.9733570382328693, "log10_lambda": -1.6128993968197927, "log10_min_child_weight": 4.844342601135244, "log10_subsample": -0.011159896375671274, "max_depth": 4.0, "num_boost_round": 3.0}, "datetime": {"datetime": "2024-01-19 02:22:19", "elapsed": 7859.38607, "delta": 0.005561}}
{"target": -13.758542283876832, "params": {"gamma": 77.9068807425417, "log10_alpha": -4.838191212606496, "log10_colsample_bytree": -0.9027815834030531, "log10_eta": -2.9733570382328693, "log10_lambda": -1.6128993968197927, "log10_min_child_weight": 4.844342601135244, "log10_subsample": -0.011159896375671274, "max_depth": 4.0, "num_boost_round": 4.0}, "datetime": {"datetime": "2024-01-19 02:22:19", "elapsed": 7859.391465, "delta": 0.005395}}
{"target": -13.758537059740494, "params": {"gamma": 77.9068807425417, "log10_alpha": -4.838191212606496, "log10_colsample_bytree": -0.9027815834030531, "log10_eta": -2.9733570382328693, "log10_lambda": -1.6128993968197927, "log10_min_child_weight": 4.844342601135244, "log10_subsample": -0.011159896375671274, "max_depth": 4.0, "num_boost_round": 5.0}, "datetime": {"datetime": "2024-01-19 02:22:19", "elapsed": 7859.397068, "delta": 0.005603}}
{"target": -13.758538312936741, "params": {"gamma": 77.9068807425417, "log10_alpha": -4.838191212606496, "log10_colsample_bytree": -0.9027815834030531, "log10_eta": -2.9733570382328693, "log10_lambda": -1.6128993968197927, "log10_min_child_weight": 4.844342601135244, "log10_subsample": -0.011159896375671274, "max_depth": 4.0, "num_boost_round": 6.0}, "datetime": {"datetime": "2024-01-19 02:22:19", "elapsed": 7859.402577, "delta": 0.005509}}
{"target": -13.758532795404381, "params": {"gamma": 77.9068807425417, "log10_alpha": -4.838191212606496, "log10_colsample_bytree": -0.9027815834030531, "log10_eta": -2.9733570382328693, "log10_lambda": -1.6128993968197927, "log10_min_child_weight": 4.844342601135244, "log10_subsample": -0.011159896375671274, "max_depth": 4.0, "num_boost_round": 7.0}, "datetime": {"datetime": "2024-01-19 02:22:19", "elapsed": 7859.408162, "delta": 0.005585}}
{"target": -13.758533673228472, "params": {"gamma": 77.9068807425417, "log10_alpha": -4.838191212606496, "log10_colsample_bytree": -0.9027815834030531, "log10_eta": -2.9733570382328693, "log10_lambda": -1.6128993968197927, "log10_min_child_weight": 4.844342601135244, "log10_subsample": -0.011159896375671274, "max_depth": 4.0, "num_boost_round": 8.0}, "datetime": {"datetime": "2024-01-19 02:22:19", "elapsed": 7859.413929, "delta": 0.005767}}
{"target": -13.75853312963771, "params": {"gamma": 77.9068807425417, "log10_alpha": -4.838191212606496, "log10_colsample_bytree": -0.9027815834030531, "log10_eta": -2.9733570382328693, "log10_lambda": -1.6128993968197927, "log10_min_child_weight": 4.844342601135244, "log10_subsample": -0.011159896375671274, "max_depth": 4.0, "num_boost_round": 9.0}, "datetime": {"datetime": "2024-01-19 02:22:19", "elapsed": 7859.419769, "delta": 0.00584}}
{"target": -13.758527952894182, "params": {"gamma": 77.9068807425417, "log10_alpha": -4.838191212606496, "log10_colsample_bytree": -0.9027815834030531, "log10_eta": -2.9733570382328693, "log10_lambda": -1.6128993968197927, "log10_min_child_weight": 4.844342601135244, "log10_subsample": -0.011159896375671274, "max_depth": 4.0, "num_boost_round": 10.0}, "datetime": {"datetime": "2024-01-19 02:22:19", "elapsed": 7859.425368, "delta": 0.005599}}
{"target": -13.758523501202836, "params": {"gamma": 77.9068807425417, "log10_alpha": -4.838191212606496, "log10_colsample_bytree": -0.9027815834030531, "log10_eta": -2.9733570382328693, "log10_lambda": -1.6128993968197927, "log10_min_child_weight": 4.844342601135244, "log10_subsample": -0.011159896375671274, "max_depth": 4.0, "num_boost_round": 11.0}, "datetime": {"datetime": "2024-01-19 02:22:19", "elapsed": 7859.43081, "delta": 0.005442}}
{"target": -13.758533836050315, "params": {"gamma": 77.9068807425417, "log10_alpha": -4.838191212606496, "log10_colsample_bytree": -0.9027815834030531, "log10_eta": -2.9733570382328693, "log10_lambda": -1.6128993968197927, "log10_min_child_weight": 4.844342601135244, "log10_subsample": -0.011159896375671274, "max_depth": 4.0, "num_boost_round": 12.0}, "datetime": {"datetime": "2024-01-19 02:22:19", "elapsed": 7859.436251, "delta": 0.005441}}
{"target": -13.758523187100792, "params": {"gamma": 77.9068807425417, "log10_alpha": -4.838191212606496, "log10_colsample_bytree": -0.9027815834030531, "log10_eta": -2.9733570382328693, "log10_lambda": -1.6128993968197927, "log10_min_child_weight": 4.844342601135244, "log10_subsample": -0.011159896375671274, "max_depth": 4.0, "num_boost_round": 13.0}, "datetime": {"datetime": "2024-01-19 02:22:19", "elapsed": 7859.441674, "delta": 0.005423}}
{"target": -13.758526806350783, "params": {"gamma": 77.9068807425417, "log10_alpha": -4.838191212606496, "log10_colsample_bytree": -0.9027815834030531, "log10_eta": -2.9733570382328693, "log10_lambda": -1.6128993968197927, "log10_min_child_weight": 4.844342601135244, "log10_subsample": -0.011159896375671274, "max_depth": 4.0, "num_boost_round": 14.0}, "datetime": {"datetime": "2024-01-19 02:22:19", "elapsed": 7859.447157, "delta": 0.005483}}
{"target": -13.75851881151301, "params": {"gamma": 77.9068807425417, "log10_alpha": -4.838191212606496, "log10_colsample_bytree": -0.9027815834030531, "log10_eta": -2.9733570382328693, "log10_lambda": -1.6128993968197927, "log10_min_child_weight": 4.844342601135244, "log10_subsample": -0.011159896375671274, "max_depth": 4.0, "num_boost_round": 15.0}, "datetime": {"datetime": "2024-01-19 02:22:19", "elapsed": 7859.452729, "delta": 0.005572}}
{"target": -13.75851641205304, "params": {"gamma": 77.9068807425417, "log10_alpha": -4.838191212606496, "log10_colsample_bytree": -0.9027815834030531, "log10_eta": -2.9733570382328693, "log10_lambda": -1.6128993968197927, "log10_min_child_weight": 4.844342601135244, "log10_subsample": -0.011159896375671274, "max_depth": 4.0, "num_boost_round": 16.0}, "datetime": {"datetime": "2024-01-19 02:22:19", "elapsed": 7859.458259, "delta": 0.00553}}
{"target": -13.758518909908847, "params": {"gamma": 77.9068807425417, "log10_alpha": -4.838191212606496, "log10_colsample_bytree": -0.9027815834030531, "log10_eta": -2.9733570382328693, "log10_lambda": -1.6128993968197927, "log10_min_child_weight": 4.844342601135244, "log10_subsample": -0.011159896375671274, "max_depth": 4.0, "num_boost_round": 17.0}, "datetime": {"datetime": "2024-01-19 02:22:19", "elapsed": 7859.463854, "delta": 0.005595}}
{"target": -13.758513976291075, "params": {"gamma": 77.9068807425417, "log10_alpha": -4.838191212606496, "log10_colsample_bytree": -0.9027815834030531, "log10_eta": -2.9733570382328693, "log10_lambda": -1.6128993968197927, "log10_min_child_weight": 4.844342601135244, "log10_subsample": -0.011159896375671274, "max_depth": 4.0, "num_boost_round": 18.0}, "datetime": {"datetime": "2024-01-19 02:22:19", "elapsed": 7859.469405, "delta": 0.005551}}
{"target": -13.758519997970991, "params": {"gamma": 77.9068807425417, "log10_alpha": -4.838191212606496, "log10_colsample_bytree": -0.9027815834030531, "log10_eta": -2.9733570382328693, "log10_lambda": -1.6128993968197927, "log10_min_child_weight": 4.844342601135244, "log10_subsample": -0.011159896375671274, "max_depth": 4.0, "num_boost_round": 19.0}, "datetime": {"datetime": "2024-01-19 02:22:19", "elapsed": 7859.475139, "delta": 0.005734}}
{"target": -13.758522636332664, "params": {"gamma": 77.9068807425417, "log10_alpha": -4.838191212606496, "log10_colsample_bytree": -0.9027815834030531, "log10_eta": -2.9733570382328693, "log10_lambda": -1.6128993968197927, "log10_min_child_weight": 4.844342601135244, "log10_subsample": -0.011159896375671274, "max_depth": 4.0, "num_boost_round": 20.0}, "datetime": {"datetime": "2024-01-19 02:22:19", "elapsed": 7859.480856, "delta": 0.005717}}
{"target": -13.758522408234585, "params": {"gamma": 77.9068807425417, "log10_alpha": -4.838191212606496, "log10_colsample_bytree": -0.9027815834030531, "log10_eta": -2.9733570382328693, "log10_lambda": -1.6128993968197927, "log10_min_child_weight": 4.844342601135244, "log10_subsample": -0.011159896375671274, "max_depth": 4.0, "num_boost_round": 21.0}, "datetime": {"datetime": "2024-01-19 02:22:19", "elapsed": 7859.486591, "delta": 0.005735}}
{"target": -13.758526318000914, "params": {"gamma": 77.9068807425417, "log10_alpha": -4.838191212606496, "log10_colsample_bytree": -0.9027815834030531, "log10_eta": -2.9733570382328693, "log10_lambda": -1.6128993968197927, "log10_min_child_weight": 4.844342601135244, "log10_subsample": -0.011159896375671274, "max_depth": 4.0, "num_boost_round": 22.0}, "datetime": {"datetime": "2024-01-19 02:22:19", "elapsed": 7859.492943, "delta": 0.006352}}
{"target": -13.758518988495629, "params": {"gamma": 77.9068807425417, "log10_alpha": -4.838191212606496, "log10_colsample_bytree": -0.9027815834030531, "log10_eta": -2.9733570382328693, "log10_lambda": -1.6128993968197927, "log10_min_child_weight": 4.844342601135244, "log10_subsample": -0.011159896375671274, "max_depth": 4.0, "num_boost_round": 23.0}, "datetime": {"datetime": "2024-01-19 02:22:19", "elapsed": 7859.498584, "delta": 0.005641}}
{"target": -13.758518712260516, "params": {"gamma": 77.9068807425417, "log10_alpha": -4.838191212606496, "log10_colsample_bytree": -0.9027815834030531, "log10_eta": -2.9733570382328693, "log10_lambda": -1.6128993968197927, "log10_min_child_weight": 4.844342601135244, "log10_subsample": -0.011159896375671274, "max_depth": 4.0, "num_boost_round": 24.0}, "datetime": {"datetime": "2024-01-19 02:22:19", "elapsed": 7859.504149, "delta": 0.005565}}
{"target": -13.758519332160894, "params": {"gamma": 77.9068807425417, "log10_alpha": -4.838191212606496, "log10_colsample_bytree": -0.9027815834030531, "log10_eta": -2.9733570382328693, "log10_lambda": -1.6128993968197927, "log10_min_child_weight": 4.844342601135244, "log10_subsample": -0.011159896375671274, "max_depth": 4.0, "num_boost_round": 25.0}, "datetime": {"datetime": "2024-01-19 02:22:19", "elapsed": 7859.509661, "delta": 0.005512}}
{"target": -13.758511666387646, "params": {"gamma": 77.9068807425417, "log10_alpha": -4.838191212606496, "log10_colsample_bytree": -0.9027815834030531, "log10_eta": -2.9733570382328693, "log10_lambda": -1.6128993968197927, "log10_min_child_weight": 4.844342601135244, "log10_subsample": -0.011159896375671274, "max_depth": 4.0, "num_boost_round": 26.0}, "datetime": {"datetime": "2024-01-19 02:22:19", "elapsed": 7859.515109, "delta": 0.005448}}
{"target": -13.758502587090687, "params": {"gamma": 77.9068807425417, "log10_alpha": -4.838191212606496, "log10_colsample_bytree": -0.9027815834030531, "log10_eta": -2.9733570382328693, "log10_lambda": -1.6128993968197927, "log10_min_child_weight": 4.844342601135244, "log10_subsample": -0.011159896375671274, "max_depth": 4.0, "num_boost_round": 27.0}, "datetime": {"datetime": "2024-01-19 02:22:19", "elapsed": 7859.520554, "delta": 0.005445}}
{"target": -13.758497031009863, "params": {"gamma": 77.9068807425417, "log10_alpha": -4.838191212606496, "log10_colsample_bytree": -0.9027815834030531, "log10_eta": -2.9733570382328693, "log10_lambda": -1.6128993968197927, "log10_min_child_weight": 4.844342601135244, "log10_subsample": -0.011159896375671274, "max_depth": 4.0, "num_boost_round": 28.0}, "datetime": {"datetime": "2024-01-19 02:22:19", "elapsed": 7859.52609, "delta": 0.005536}}
{"target": -13.758495371131751, "params": {"gamma": 77.9068807425417, "log10_alpha": -4.838191212606496, "log10_colsample_bytree": -0.9027815834030531, "log10_eta": -2.9733570382328693, "log10_lambda": -1.6128993968197927, "log10_min_child_weight": 4.844342601135244, "log10_subsample": -0.011159896375671274, "max_depth": 4.0, "num_boost_round": 29.0}, "datetime": {"datetime": "2024-01-19 02:22:19", "elapsed": 7859.531613, "delta": 0.005523}}
{"target": -13.758487186175287, "params": {"gamma": 77.9068807425417, "log10_alpha": -4.838191212606496, "log10_colsample_bytree": -0.9027815834030531, "log10_eta": -2.9733570382328693, "log10_lambda": -1.6128993968197927, "log10_min_child_weight": 4.844342601135244, "log10_subsample": -0.011159896375671274, "max_depth": 4.0, "num_boost_round": 30.0}, "datetime": {"datetime": "2024-01-19 02:22:19", "elapsed": 7859.537127, "delta": 0.005514}}
{"target": -13.758487217673478, "params": {"gamma": 77.9068807425417, "log10_alpha": -4.838191212606496, "log10_colsample_bytree": -0.9027815834030531, "log10_eta": -2.9733570382328693, "log10_lambda": -1.6128993968197927, "log10_min_child_weight": 4.844342601135244, "log10_subsample": -0.011159896375671274, "max_depth": 4.0, "num_boost_round": 31.0}, "datetime": {"datetime": "2024-01-19 02:22:19", "elapsed": 7859.542755, "delta": 0.005628}}
{"target": -13.758486743940423, "params": {"gamma": 77.9068807425417, "log10_alpha": -4.838191212606496, "log10_colsample_bytree": -0.9027815834030531, "log10_eta": -2.9733570382328693, "log10_lambda": -1.6128993968197927, "log10_min_child_weight": 4.844342601135244, "log10_subsample": -0.011159896375671274, "max_depth": 4.0, "num_boost_round": 32.0}, "datetime": {"datetime": "2024-01-19 02:22:19", "elapsed": 7859.548625, "delta": 0.00587}}
{"target": -13.758489801221705, "params": {"gamma": 77.9068807425417, "log10_alpha": -4.838191212606496, "log10_colsample_bytree": -0.9027815834030531, "log10_eta": -2.9733570382328693, "log10_lambda": -1.6128993968197927, "log10_min_child_weight": 4.844342601135244, "log10_subsample": -0.011159896375671274, "max_depth": 4.0, "num_boost_round": 33.0}, "datetime": {"datetime": "2024-01-19 02:22:19", "elapsed": 7859.55451, "delta": 0.005885}}
{"target": -13.75848675683508, "params": {"gamma": 77.9068807425417, "log10_alpha": -4.838191212606496, "log10_colsample_bytree": -0.9027815834030531, "log10_eta": -2.9733570382328693, "log10_lambda": -1.6128993968197927, "log10_min_child_weight": 4.844342601135244, "log10_subsample": -0.011159896375671274, "max_depth": 4.0, "num_boost_round": 34.0}, "datetime": {"datetime": "2024-01-19 02:22:19", "elapsed": 7859.560024, "delta": 0.005514}}
{"target": -13.758474601507078, "params": {"gamma": 77.9068807425417, "log10_alpha": -4.838191212606496, "log10_colsample_bytree": -0.9027815834030531, "log10_eta": -2.9733570382328693, "log10_lambda": -1.6128993968197927, "log10_min_child_weight": 4.844342601135244, "log10_subsample": -0.011159896375671274, "max_depth": 4.0, "num_boost_round": 35.0}, "datetime": {"datetime": "2024-01-19 02:22:19", "elapsed": 7859.565525, "delta": 0.005501}}
{"target": -13.758477023477784, "params": {"gamma": 77.9068807425417, "log10_alpha": -4.838191212606496, "log10_colsample_bytree": -0.9027815834030531, "log10_eta": -2.9733570382328693, "log10_lambda": -1.6128993968197927, "log10_min_child_weight": 4.844342601135244, "log10_subsample": -0.011159896375671274, "max_depth": 4.0, "num_boost_round": 36.0}, "datetime": {"datetime": "2024-01-19 02:22:19", "elapsed": 7859.571017, "delta": 0.005492}}
{"target": -13.758538383640962, "params": {"gamma": 80.31736359175878, "log10_alpha": -2.780067476360311, "log10_colsample_bytree": -0.07313470017884305, "log10_eta": -3.3362743223992637, "log10_lambda": -1.7500959035811974, "log10_min_child_weight": 3.822062443237324, "log10_subsample": -0.675095048909782, "max_depth": 9.0, "num_boost_round": 0.0}, "datetime": {"datetime": "2024-01-19 02:23:52", "elapsed": 7952.744825, "delta": 93.173808}}
{"target": -13.758540886549072, "params": {"gamma": 80.31736359175878, "log10_alpha": -2.780067476360311, "log10_colsample_bytree": -0.07313470017884305, "log10_eta": -3.3362743223992637, "log10_lambda": -1.7500959035811974, "log10_min_child_weight": 3.822062443237324, "log10_subsample": -0.675095048909782, "max_depth": 9.0, "num_boost_round": 1.0}, "datetime": {"datetime": "2024-01-19 02:23:52", "elapsed": 7952.751772, "delta": 0.006947}}
{"target": -13.758538872531703, "params": {"gamma": 80.31736359175878, "log10_alpha": -2.780067476360311, "log10_colsample_bytree": -0.07313470017884305, "log10_eta": -3.3362743223992637, "log10_lambda": -1.7500959035811974, "log10_min_child_weight": 3.822062443237324, "log10_subsample": -0.675095048909782, "max_depth": 9.0, "num_boost_round": 2.0}, "datetime": {"datetime": "2024-01-19 02:23:52", "elapsed": 7952.757779, "delta": 0.006007}}
{"target": -13.758539180106743, "params": {"gamma": 80.31736359175878, "log10_alpha": -2.780067476360311, "log10_colsample_bytree": -0.07313470017884305, "log10_eta": -3.3362743223992637, "log10_lambda": -1.7500959035811974, "log10_min_child_weight": 3.822062443237324, "log10_subsample": -0.675095048909782, "max_depth": 9.0, "num_boost_round": 3.0}, "datetime": {"datetime": "2024-01-19 02:23:52", "elapsed": 7952.763392, "delta": 0.005613}}
{"target": -13.758547212662458, "params": {"gamma": 80.31736359175878, "log10_alpha": -2.780067476360311, "log10_colsample_bytree": -0.07313470017884305, "log10_eta": -3.3362743223992637, "log10_lambda": -1.7500959035811974, "log10_min_child_weight": 3.822062443237324, "log10_subsample": -0.675095048909782, "max_depth": 9.0, "num_boost_round": 4.0}, "datetime": {"datetime": "2024-01-19 02:23:52", "elapsed": 7952.768813, "delta": 0.005421}}
{"target": -13.758545379034583, "params": {"gamma": 80.31736359175878, "log10_alpha": -2.780067476360311, "log10_colsample_bytree": -0.07313470017884305, "log10_eta": -3.3362743223992637, "log10_lambda": -1.7500959035811974, "log10_min_child_weight": 3.822062443237324, "log10_subsample": -0.675095048909782, "max_depth": 9.0, "num_boost_round": 5.0}, "datetime": {"datetime": "2024-01-19 02:23:52", "elapsed": 7952.774488, "delta": 0.005675}}
{"target": -13.75854166461058, "params": {"gamma": 80.31736359175878, "log10_alpha": -2.780067476360311, "log10_colsample_bytree": -0.07313470017884305, "log10_eta": -3.3362743223992637, "log10_lambda": -1.7500959035811974, "log10_min_child_weight": 3.822062443237324, "log10_subsample": -0.675095048909782, "max_depth": 9.0, "num_boost_round": 6.0}, "datetime": {"datetime": "2024-01-19 02:23:52", "elapsed": 7952.780137, "delta": 0.005649}}
{"target": -13.758531934716064, "params": {"gamma": 80.31736359175878, "log10_alpha": -2.780067476360311, "log10_colsample_bytree": -0.07313470017884305, "log10_eta": -3.3362743223992637, "log10_lambda": -1.7500959035811974, "log10_min_child_weight": 3.822062443237324, "log10_subsample": -0.675095048909782, "max_depth": 9.0, "num_boost_round": 7.0}, "datetime": {"datetime": "2024-01-19 02:23:52", "elapsed": 7952.786179, "delta": 0.006042}}
