{"target": -13.758502226536558, "params": {"gamma": 982.6446703470425, "log10_alpha": -1.484045477157916, "log10_colsample_bytree": -0.36109912468800465, "log10_eta": -3.918829371861447, "log10_lambda": 0.9003091340892047, "log10_min_child_weight": 0.8345718158351623, "log10_subsample": -0.4008929630893643, "max_depth": 5.0, "num_boost_round": 26.0}, "datetime": {"datetime": "2024-01-19 00:28:25", "elapsed": 1006.010145, "delta": 0.001633}}
{"target": -13.758500875840335, "params": {"gamma": 982.6446703470425, "log10_alpha": -1.484045477157916, "log10_colsample_bytree": -0.36109912468800465, "log10_eta": -3.918829371861447, "log10_lambda": 0.9003091340892047, "log10_min_child_weight": 0.8345718158351623, "log10_subsample": -0.4008929630893643, "max_depth": 5.0, "num_boost_round": 27.0}, "datetime": {"datetime": "2024-01-19 00:28:25", "elapsed": 1006.011714, "delta": 0.001569}}
{"target": -13.758497674496788, "params": {"gamma": 982.6446703470425, "log10_alpha": -1.484045477157916, "log10_colsample_bytree": -0.36109912468800465, "log10_eta": -3.918829371861447, "log10_lambda": 0.9003091340892047, "log10_min_child_weight": 0.8345718158351623, "log10_subsample": -0.4008929630893643, "max_depth": 5.0, "num_boost_round": 28.0}, "datetime": {"datetime": "2024-01-19 00:28:25", "elapsed": 1006.013306, "delta": 0.001592}}
{"target": -13.758496644735946, "params": {"gamma": 982.6446703470425, "log10_alpha": -1.484045477157916, "log10_colsample_bytree": -0.36109912468800465, "log10_eta": -3.918829371861447, "log10_lambda": 0.9003091340892047, "log10_min_child_weight": 0.8345718158351623, "log10_subsample": -0.4008929630893643, "max_depth": 5.0, "num_boost_round": 29.0}, "datetime": {"datetime": "2024-01-19 00:28:25", "elapsed": 1006.014881, "delta": 0.001575}}
{"target": -13.758494648893784, "params": {"gamma": 982.6446703470425, "log10_alpha": -1.484045477157916, "log10_colsample_bytree": -0.36109912468800465, "log10_eta": -3.918829371861447, "log10_lambda": 0.9003091340892047, "log10_min_child_weight": 0.8345718158351623, "log10_subsample": -0.4008929630893643, "max_depth": 5.0, "num_boost_round": 30.0}, "datetime": {"datetime": "2024-01-19 00:28:25", "elapsed": 1006.016464, "delta": 0.001583}}
{"target": -13.758491606964563, "params": {"gamma": 982.6446703470425, "log10_alpha": -1.484045477157916, "log10_colsample_bytree": -0.36109912468800465, "log10_eta": -3.918829371861447, "log10_lambda": 0.9003091340892047, "log10_min_child_weight": 0.8345718158351623, "log10_subsample": -0.4008929630893643, "max_depth": 5.0, "num_boost_round": 31.0}, "datetime": {"datetime": "2024-01-19 00:28:25", "elapsed": 1006.018103, "delta": 0.001639}}
{"target": -13.75849301328823, "params": {"gamma": 982.6446703470425, "log10_alpha": -1.484045477157916, "log10_colsample_bytree": -0.36109912468800465, "log10_eta": -3.918829371861447, "log10_lambda": 0.9003091340892047, "log10_min_child_weight": 0.8345718158351623, "log10_subsample": -0.4008929630893643, "max_depth": 5.0, "num_boost_round": 32.0}, "datetime": {"datetime": "2024-01-19 00:28:25", "elapsed": 1006.019664, "delta": 0.001561}}
{"target": -13.75849092771282, "params": {"gamma": 982.6446703470425, "log10_alpha": -1.484045477157916, "log10_colsample_bytree": -0.36109912468800465, "log10_eta": -3.918829371861447, "log10_lambda": 0.9003091340892047, "log10_min_child_weight": 0.8345718158351623, "log10_subsample": -0.4008929630893643, "max_depth": 5.0, "num_boost_round": 33.0}, "datetime": {"datetime": "2024-01-19 00:28:25", "elapsed": 1006.021253, "delta": 0.001589}}
{"target": -13.758485961040904, "params": {"gamma": 982.6446703470425, "log10_alpha": -1.484045477157916, "log10_colsample_bytree": -0.36109912468800465, "log10_eta": -3.918829371861447, "log10_lambda": 0.9003091340892047, "log10_min_child_weight": 0.8345718158351623, "log10_subsample": -0.4008929630893643, "max_depth": 5.0, "num_boost_round": 34.0}, "datetime": {"datetime": "2024-01-19 00:28:25", "elapsed": 1006.022831, "delta": 0.001578}}
{"target": -13.758486757951617, "params": {"gamma": 982.6446703470425, "log10_alpha": -1.484045477157916, "log10_colsample_bytree": -0.36109912468800465, "log10_eta": -3.918829371861447, "log10_lambda": 0.9003091340892047, "log10_min_child_weight": 0.8345718158351623, "log10_subsample": -0.4008929630893643, "max_depth": 5.0, "num_boost_round": 35.0}, "datetime": {"datetime": "2024-01-19 00:28:25", "elapsed": 1006.024411, "delta": 0.00158}}
{"target": -13.758489367384364, "params": {"gamma": 982.6446703470425, "log10_alpha": -1.484045477157916, "log10_colsample_bytree": -0.36109912468800465, "log10_eta": -3.918829371861447, "log10_lambda": 0.9003091340892047, "log10_min_child_weight": 0.8345718158351623, "log10_subsample": -0.4008929630893643, "max_depth": 5.0, "num_boost_round": 36.0}, "datetime": {"datetime": "2024-01-19 00:28:25", "elapsed": 1006.025991, "delta": 0.00158}}
{"target": -13.758486329918613, "params": {"gamma": 982.6446703470425, "log10_alpha": -1.484045477157916, "log10_colsample_bytree": -0.36109912468800465, "log10_eta": -3.918829371861447, "log10_lambda": 0.9003091340892047, "log10_min_child_weight": 0.8345718158351623, "log10_subsample": -0.4008929630893643, "max_depth": 5.0, "num_boost_round": 37.0}, "datetime": {"datetime": "2024-01-19 00:28:25", "elapsed": 1006.027646, "delta": 0.001655}}
{"target": -13.758485782509169, "params": {"gamma": 982.6446703470425, "log10_alpha": -1.484045477157916, "log10_colsample_bytree": -0.36109912468800465, "log10_eta": -3.918829371861447, "log10_lambda": 0.9003091340892047, "log10_min_child_weight": 0.8345718158351623, "log10_subsample": -0.4008929630893643, "max_depth": 5.0, "num_boost_round": 38.0}, "datetime": {"datetime": "2024-01-19 00:28:25", "elapsed": 1006.029228, "delta": 0.001582}}
{"target": -13.758484365358786, "params": {"gamma": 982.6446703470425, "log10_alpha": -1.484045477157916, "log10_colsample_bytree": -0.36109912468800465, "log10_eta": -3.918829371861447, "log10_lambda": 0.9003091340892047, "log10_min_child_weight": 0.8345718158351623, "log10_subsample": -0.4008929630893643, "max_depth": 5.0, "num_boost_round": 39.0}, "datetime": {"datetime": "2024-01-19 00:28:25", "elapsed": 1006.030806, "delta": 0.001578}}
{"target": -13.758484456508477, "params": {"gamma": 982.6446703470425, "log10_alpha": -1.484045477157916, "log10_colsample_bytree": -0.36109912468800465, "log10_eta": -3.918829371861447, "log10_lambda": 0.9003091340892047, "log10_min_child_weight": 0.8345718158351623, "log10_subsample": -0.4008929630893643, "max_depth": 5.0, "num_boost_round": 40.0}, "datetime": {"datetime": "2024-01-19 00:28:25", "elapsed": 1006.032392, "delta": 0.001586}}
{"target": -13.75853258012495, "params": {"gamma": 984.7172215596793, "log10_alpha": -4.211673442519625, "log10_colsample_bytree": -0.8016985160600918, "log10_eta": -3.4234464758060748, "log10_lambda": 0.39622452604739866, "log10_min_child_weight": 0.39119720956391435, "log10_subsample": -0.3583224961860937, "max_depth": 2.0, "num_boost_round": 0.0}, "datetime": {"datetime": "2024-01-19 00:28:50", "elapsed": 1031.038461, "delta": 25.006069}}
{"target": -13.75852750030488, "params": {"gamma": 984.7172215596793, "log10_alpha": -4.211673442519625, "log10_colsample_bytree": -0.8016985160600918, "log10_eta": -3.4234464758060748, "log10_lambda": 0.39622452604739866, "log10_min_child_weight": 0.39119720956391435, "log10_subsample": -0.3583224961860937, "max_depth": 2.0, "num_boost_round": 1.0}, "datetime": {"datetime": "2024-01-19 00:28:50", "elapsed": 1031.040697, "delta": 0.002236}}
{"target": -13.758529687269672, "params": {"gamma": 984.7172215596793, "log10_alpha": -4.211673442519625, "log10_colsample_bytree": -0.8016985160600918, "log10_eta": -3.4234464758060748, "log10_lambda": 0.39622452604739866, "log10_min_child_weight": 0.39119720956391435, "log10_subsample": -0.3583224961860937, "max_depth": 2.0, "num_boost_round": 2.0}, "datetime": {"datetime": "2024-01-19 00:28:50", "elapsed": 1031.042315, "delta": 0.001618}}
{"target": -13.758524152809297, "params": {"gamma": 984.7172215596793, "log10_alpha": -4.211673442519625, "log10_colsample_bytree": -0.8016985160600918, "log10_eta": -3.4234464758060748, "log10_lambda": 0.39622452604739866, "log10_min_child_weight": 0.39119720956391435, "log10_subsample": -0.3583224961860937, "max_depth": 2.0, "num_boost_round": 3.0}, "datetime": {"datetime": "2024-01-19 00:28:50", "elapsed": 1031.044021, "delta": 0.001706}}
{"target": -13.758521392129586, "params": {"gamma": 984.7172215596793, "log10_alpha": -4.211673442519625, "log10_colsample_bytree": -0.8016985160600918, "log10_eta": -3.4234464758060748, "log10_lambda": 0.39622452604739866, "log10_min_child_weight": 0.39119720956391435, "log10_subsample": -0.3583224961860937, "max_depth": 2.0, "num_boost_round": 4.0}, "datetime": {"datetime": "2024-01-19 00:28:50", "elapsed": 1031.04588, "delta": 0.001859}}
{"target": -13.758518582961752, "params": {"gamma": 984.7172215596793, "log10_alpha": -4.211673442519625, "log10_colsample_bytree": -0.8016985160600918, "log10_eta": -3.4234464758060748, "log10_lambda": 0.39622452604739866, "log10_min_child_weight": 0.39119720956391435, "log10_subsample": -0.3583224961860937, "max_depth": 2.0, "num_boost_round": 5.0}, "datetime": {"datetime": "2024-01-19 00:28:50", "elapsed": 1031.047688, "delta": 0.001808}}
{"target": -13.758514900067048, "params": {"gamma": 984.7172215596793, "log10_alpha": -4.211673442519625, "log10_colsample_bytree": -0.8016985160600918, "log10_eta": -3.4234464758060748, "log10_lambda": 0.39622452604739866, "log10_min_child_weight": 0.39119720956391435, "log10_subsample": -0.3583224961860937, "max_depth": 2.0, "num_boost_round": 6.0}, "datetime": {"datetime": "2024-01-19 00:28:50", "elapsed": 1031.049297, "delta": 0.001609}}
{"target": -13.758511025288414, "params": {"gamma": 984.7172215596793, "log10_alpha": -4.211673442519625, "log10_colsample_bytree": -0.8016985160600918, "log10_eta": -3.4234464758060748, "log10_lambda": 0.39622452604739866, "log10_min_child_weight": 0.39119720956391435, "log10_subsample": -0.3583224961860937, "max_depth": 2.0, "num_boost_round": 7.0}, "datetime": {"datetime": "2024-01-19 00:28:50", "elapsed": 1031.050906, "delta": 0.001609}}
{"target": -13.758514445927831, "params": {"gamma": 984.7172215596793, "log10_alpha": -4.211673442519625, "log10_colsample_bytree": -0.8016985160600918, "log10_eta": -3.4234464758060748, "log10_lambda": 0.39622452604739866, "log10_min_child_weight": 0.39119720956391435, "log10_subsample": -0.3583224961860937, "max_depth": 2.0, "num_boost_round": 8.0}, "datetime": {"datetime": "2024-01-19 00:28:50", "elapsed": 1031.052509, "delta": 0.001603}}
{"target": -13.75851003221332, "params": {"gamma": 984.7172215596793, "log10_alpha": -4.211673442519625, "log10_colsample_bytree": -0.8016985160600918, "log10_eta": -3.4234464758060748, "log10_lambda": 0.39622452604739866, "log10_min_child_weight": 0.39119720956391435, "log10_subsample": -0.3583224961860937, "max_depth": 2.0, "num_boost_round": 9.0}, "datetime": {"datetime": "2024-01-19 00:28:50", "elapsed": 1031.054112, "delta": 0.001603}}
{"target": -13.758507478622525, "params": {"gamma": 984.7172215596793, "log10_alpha": -4.211673442519625, "log10_colsample_bytree": -0.8016985160600918, "log10_eta": -3.4234464758060748, "log10_lambda": 0.39622452604739866, "log10_min_child_weight": 0.39119720956391435, "log10_subsample": -0.3583224961860937, "max_depth": 2.0, "num_boost_round": 10.0}, "datetime": {"datetime": "2024-01-19 00:28:50", "elapsed": 1031.055728, "delta": 0.001616}}
{"target": -13.758503218036497, "params": {"gamma": 984.7172215596793, "log10_alpha": -4.211673442519625, "log10_colsample_bytree": -0.8016985160600918, "log10_eta": -3.4234464758060748, "log10_lambda": 0.39622452604739866, "log10_min_child_weight": 0.39119720956391435, "log10_subsample": -0.3583224961860937, "max_depth": 2.0, "num_boost_round": 11.0}, "datetime": {"datetime": "2024-01-19 00:28:50", "elapsed": 1031.057361, "delta": 0.001633}}
{"target": -13.758498948798128, "params": {"gamma": 984.7172215596793, "log10_alpha": -4.211673442519625, "log10_colsample_bytree": -0.8016985160600918, "log10_eta": -3.4234464758060748, "log10_lambda": 0.39622452604739866, "log10_min_child_weight": 0.39119720956391435, "log10_subsample": -0.3583224961860937, "max_depth": 2.0, "num_boost_round": 12.0}, "datetime": {"datetime": "2024-01-19 00:28:50", "elapsed": 1031.059122, "delta": 0.001761}}
{"target": -13.758493069024214, "params": {"gamma": 984.7172215596793, "log10_alpha": -4.211673442519625, "log10_colsample_bytree": -0.8016985160600918, "log10_eta": -3.4234464758060748, "log10_lambda": 0.39622452604739866, "log10_min_child_weight": 0.39119720956391435, "log10_subsample": -0.3583224961860937, "max_depth": 2.0, "num_boost_round": 13.0}, "datetime": {"datetime": "2024-01-19 00:28:50", "elapsed": 1031.060871, "delta": 0.001749}}
{"target": -13.758492110875995, "params": {"gamma": 984.7172215596793, "log10_alpha": -4.211673442519625, "log10_colsample_bytree": -0.8016985160600918, "log10_eta": -3.4234464758060748, "log10_lambda": 0.39622452604739866, "log10_min_child_weight": 0.39119720956391435, "log10_subsample": -0.3583224961860937, "max_depth": 2.0, "num_boost_round": 14.0}, "datetime": {"datetime": "2024-01-19 00:28:50", "elapsed": 1031.062509, "delta": 0.001638}}
{"target": -13.758485605782315, "params": {"gamma": 984.7172215596793, "log10_alpha": -4.211673442519625, "log10_colsample_bytree": -0.8016985160600918, "log10_eta": -3.4234464758060748, "log10_lambda": 0.39622452604739866, "log10_min_child_weight": 0.39119720956391435, "log10_subsample": -0.3583224961860937, "max_depth": 2.0, "num_boost_round": 15.0}, "datetime": {"datetime": "2024-01-19 00:28:50", "elapsed": 1031.06415, "delta": 0.001641}}
{"target": -13.758483170657431, "params": {"gamma": 984.7172215596793, "log10_alpha": -4.211673442519625, "log10_colsample_bytree": -0.8016985160600918, "log10_eta": -3.4234464758060748, "log10_lambda": 0.39622452604739866, "log10_min_child_weight": 0.39119720956391435, "log10_subsample": -0.3583224961860937, "max_depth": 2.0, "num_boost_round": 16.0}, "datetime": {"datetime": "2024-01-19 00:28:50", "elapsed": 1031.065759, "delta": 0.001609}}
{"target": -13.75847748919578, "params": {"gamma": 984.7172215596793, "log10_alpha": -4.211673442519625, "log10_colsample_bytree": -0.8016985160600918, "log10_eta": -3.4234464758060748, "log10_lambda": 0.39622452604739866, "log10_min_child_weight": 0.39119720956391435, "log10_subsample": -0.3583224961860937, "max_depth": 2.0, "num_boost_round": 17.0}, "datetime": {"datetime": "2024-01-19 00:28:50", "elapsed": 1031.06746, "delta": 0.001701}}
{"target": -13.758477313817947, "params": {"gamma": 984.7172215596793, "log10_alpha": -4.211673442519625, "log10_colsample_bytree": -0.8016985160600918, "log10_eta": -3.4234464758060748, "log10_lambda": 0.39622452604739866, "log10_min_child_weight": 0.39119720956391435, "log10_subsample": -0.3583224961860937, "max_depth": 2.0, "num_boost_round": 18.0}, "datetime": {"datetime": "2024-01-19 00:28:50", "elapsed": 1031.069084, "delta": 0.001624}}
{"target": -13.758472542120076, "params": {"gamma": 984.7172215596793, "log10_alpha": -4.211673442519625, "log10_colsample_bytree": -0.8016985160600918, "log10_eta": -3.4234464758060748, "log10_lambda": 0.39622452604739866, "log10_min_child_weight": 0.39119720956391435, "log10_subsample": -0.3583224961860937, "max_depth": 2.0, "num_boost_round": 19.0}, "datetime": {"datetime": "2024-01-19 00:28:50", "elapsed": 1031.070719, "delta": 0.001635}}
{"target": -13.758470267189287, "params": {"gamma": 984.7172215596793, "log10_alpha": -4.211673442519625, "log10_colsample_bytree": -0.8016985160600918, "log10_eta": -3.4234464758060748, "log10_lambda": 0.39622452604739866, "log10_min_child_weight": 0.39119720956391435, "log10_subsample": -0.3583224961860937, "max_depth": 2.0, "num_boost_round": 20.0}, "datetime": {"datetime": "2024-01-19 00:28:50", "elapsed": 1031.072371, "delta": 0.001652}}
{"target": -13.758462755660467, "params": {"gamma": 984.7172215596793, "log10_alpha": -4.211673442519625, "log10_colsample_bytree": -0.8016985160600918, "log10_eta": -3.4234464758060748, "log10_lambda": 0.39622452604739866, "log10_min_child_weight": 0.39119720956391435, "log10_subsample": -0.3583224961860937, "max_depth": 2.0, "num_boost_round": 21.0}, "datetime": {"datetime": "2024-01-19 00:28:50", "elapsed": 1031.074006, "delta": 0.001635}}
{"target": -13.758461562660402, "params": {"gamma": 984.7172215596793, "log10_alpha": -4.211673442519625, "log10_colsample_bytree": -0.8016985160600918, "log10_eta": -3.4234464758060748, "log10_lambda": 0.39622452604739866, "log10_min_child_weight": 0.39119720956391435, "log10_subsample": -0.3583224961860937, "max_depth": 2.0, "num_boost_round": 22.0}, "datetime": {"datetime": "2024-01-19 00:28:50", "elapsed": 1031.075632, "delta": 0.001626}}
{"target": -13.75845493506982, "params": {"gamma": 984.7172215596793, "log10_alpha": -4.211673442519625, "log10_colsample_bytree": -0.8016985160600918, "log10_eta": -3.4234464758060748, "log10_lambda": 0.39622452604739866, "log10_min_child_weight": 0.39119720956391435, "log10_subsample": -0.3583224961860937, "max_depth": 2.0, "num_boost_round": 23.0}, "datetime": {"datetime": "2024-01-19 00:28:50", "elapsed": 1031.077291, "delta": 0.001659}}
{"target": -13.758454358618895, "params": {"gamma": 984.7172215596793, "log10_alpha": -4.211673442519625, "log10_colsample_bytree": -0.8016985160600918, "log10_eta": -3.4234464758060748, "log10_lambda": 0.39622452604739866, "log10_min_child_weight": 0.39119720956391435, "log10_subsample": -0.3583224961860937, "max_depth": 2.0, "num_boost_round": 24.0}, "datetime": {"datetime": "2024-01-19 00:28:50", "elapsed": 1031.078977, "delta": 0.001686}}
{"target": -13.758448636569941, "params": {"gamma": 984.7172215596793, "log10_alpha": -4.211673442519625, "log10_colsample_bytree": -0.8016985160600918, "log10_eta": -3.4234464758060748, "log10_lambda": 0.39622452604739866, "log10_min_child_weight": 0.39119720956391435, "log10_subsample": -0.3583224961860937, "max_depth": 2.0, "num_boost_round": 25.0}, "datetime": {"datetime": "2024-01-19 00:28:50", "elapsed": 1031.080599, "delta": 0.001622}}
{"target": -13.758447678609656, "params": {"gamma": 984.7172215596793, "log10_alpha": -4.211673442519625, "log10_colsample_bytree": -0.8016985160600918, "log10_eta": -3.4234464758060748, "log10_lambda": 0.39622452604739866, "log10_min_child_weight": 0.39119720956391435, "log10_subsample": -0.3583224961860937, "max_depth": 2.0, "num_boost_round": 26.0}, "datetime": {"datetime": "2024-01-19 00:28:50", "elapsed": 1031.082228, "delta": 0.001629}}
{"target": -13.758442996783028, "params": {"gamma": 984.7172215596793, "log10_alpha": -4.211673442519625, "log10_colsample_bytree": -0.8016985160600918, "log10_eta": -3.4234464758060748, "log10_lambda": 0.39622452604739866, "log10_min_child_weight": 0.39119720956391435, "log10_subsample": -0.3583224961860937, "max_depth": 2.0, "num_boost_round": 27.0}, "datetime": {"datetime": "2024-01-19 00:28:50", "elapsed": 1031.083888, "delta": 0.00166}}
{"target": -13.758535797901697, "params": {"gamma": 986.5461050972567, "log10_alpha": -4.116779037330911, "log10_colsample_bytree": -0.9144245397912006, "log10_eta": -3.9263987952607784, "log10_lambda": -2.631613801754434, "log10_min_child_weight": 0.8110703597048236, "log10_subsample": -0.23804600076602356, "max_depth": 2.0, "num_boost_round": 0.0}, "datetime": {"datetime": "2024-01-19 00:29:20", "elapsed": 1061.405639, "delta": 30.321751}}
{"target": -13.758534514444698, "params": {"gamma": 986.5461050972567, "log10_alpha": -4.116779037330911, "log10_colsample_bytree": -0.9144245397912006, "log10_eta": -3.9263987952607784, "log10_lambda": -2.631613801754434, "log10_min_child_weight": 0.8110703597048236, "log10_subsample": -0.23804600076602356, "max_depth": 2.0, "num_boost_round": 1.0}, "datetime": {"datetime": "2024-01-19 00:29:20", "elapsed": 1061.40745, "delta": 0.001811}}
{"target": -13.758533515384732, "params": {"gamma": 986.5461050972567, "log10_alpha": -4.116779037330911, "log10_colsample_bytree": -0.9144245397912006, "log10_eta": -3.9263987952607784, "log10_lambda": -2.631613801754434, "log10_min_child_weight": 0.8110703597048236, "log10_subsample": -0.23804600076602356, "max_depth": 2.0, "num_boost_round": 2.0}, "datetime": {"datetime": "2024-01-19 00:29:20", "elapsed": 1061.409085, "delta": 0.001635}}
{"target": -13.758534156830493, "params": {"gamma": 986.5461050972567, "log10_alpha": -4.116779037330911, "log10_colsample_bytree": -0.9144245397912006, "log10_eta": -3.9263987952607784, "log10_lambda": -2.631613801754434, "log10_min_child_weight": 0.8110703597048236, "log10_subsample": -0.23804600076602356, "max_depth": 2.0, "num_boost_round": 3.0}, "datetime": {"datetime": "2024-01-19 00:29:20", "elapsed": 1061.411571, "delta": 0.002486}}
{"target": -13.758533580892843, "params": {"gamma": 986.5461050972567, "log10_alpha": -4.116779037330911, "log10_colsample_bytree": -0.9144245397912006, "log10_eta": -3.9263987952607784, "log10_lambda": -2.631613801754434, "log10_min_child_weight": 0.8110703597048236, "log10_subsample": -0.23804600076602356, "max_depth": 2.0, "num_boost_round": 4.0}, "datetime": {"datetime": "2024-01-19 00:29:20", "elapsed": 1061.413361, "delta": 0.00179}}
{"target": -13.758532657861865, "params": {"gamma": 986.5461050972567, "log10_alpha": -4.116779037330911, "log10_colsample_bytree": -0.9144245397912006, "log10_eta": -3.9263987952607784, "log10_lambda": -2.631613801754434, "log10_min_child_weight": 0.8110703597048236, "log10_subsample": -0.23804600076602356, "max_depth": 2.0, "num_boost_round": 5.0}, "datetime": {"datetime": "2024-01-19 00:29:20", "elapsed": 1061.415116, "delta": 0.001755}}
