{"target": -17.67711875033472, "params": {"gamma": 426.7229007803294, "log10_alpha": -2.9721728249778234, "log10_colsample_bytree": -0.8023254836949013, "log10_eta": -3.0643946341833748, "log10_lambda": -3.9016027851826127, "log10_min_child_weight": 4.155340481164774, "log10_subsample": -0.2322047528751271, "max_depth": 7.0, "num_boost_round": 11.0}, "datetime": {"datetime": "2024-01-19 01:40:56", "elapsed": 5360.981648, "delta": 0.003796}}
{"target": -17.677113096575617, "params": {"gamma": 426.7229007803294, "log10_alpha": -2.9721728249778234, "log10_colsample_bytree": -0.8023254836949013, "log10_eta": -3.0643946341833748, "log10_lambda": -3.9016027851826127, "log10_min_child_weight": 4.155340481164774, "log10_subsample": -0.2322047528751271, "max_depth": 7.0, "num_boost_round": 12.0}, "datetime": {"datetime": "2024-01-19 01:40:56", "elapsed": 5360.985494, "delta": 0.003846}}
{"target": -17.677118051687962, "params": {"gamma": 426.7229007803294, "log10_alpha": -2.9721728249778234, "log10_colsample_bytree": -0.8023254836949013, "log10_eta": -3.0643946341833748, "log10_lambda": -3.9016027851826127, "log10_min_child_weight": 4.155340481164774, "log10_subsample": -0.2322047528751271, "max_depth": 7.0, "num_boost_round": 13.0}, "datetime": {"datetime": "2024-01-19 01:40:56", "elapsed": 5360.989237, "delta": 0.003743}}
{"target": -17.67710936113232, "params": {"gamma": 426.7229007803294, "log10_alpha": -2.9721728249778234, "log10_colsample_bytree": -0.8023254836949013, "log10_eta": -3.0643946341833748, "log10_lambda": -3.9016027851826127, "log10_min_child_weight": 4.155340481164774, "log10_subsample": -0.2322047528751271, "max_depth": 7.0, "num_boost_round": 14.0}, "datetime": {"datetime": "2024-01-19 01:40:56", "elapsed": 5360.9931, "delta": 0.003863}}
{"target": -17.677103236679063, "params": {"gamma": 426.7229007803294, "log10_alpha": -2.9721728249778234, "log10_colsample_bytree": -0.8023254836949013, "log10_eta": -3.0643946341833748, "log10_lambda": -3.9016027851826127, "log10_min_child_weight": 4.155340481164774, "log10_subsample": -0.2322047528751271, "max_depth": 7.0, "num_boost_round": 15.0}, "datetime": {"datetime": "2024-01-19 01:40:56", "elapsed": 5360.997015, "delta": 0.003915}}
{"target": -17.677093480087315, "params": {"gamma": 426.7229007803294, "log10_alpha": -2.9721728249778234, "log10_colsample_bytree": -0.8023254836949013, "log10_eta": -3.0643946341833748, "log10_lambda": -3.9016027851826127, "log10_min_child_weight": 4.155340481164774, "log10_subsample": -0.2322047528751271, "max_depth": 7.0, "num_boost_round": 16.0}, "datetime": {"datetime": "2024-01-19 01:40:56", "elapsed": 5361.000711, "delta": 0.003696}}
{"target": -17.677099829703177, "params": {"gamma": 426.7229007803294, "log10_alpha": -2.9721728249778234, "log10_colsample_bytree": -0.8023254836949013, "log10_eta": -3.0643946341833748, "log10_lambda": -3.9016027851826127, "log10_min_child_weight": 4.155340481164774, "log10_subsample": -0.2322047528751271, "max_depth": 7.0, "num_boost_round": 17.0}, "datetime": {"datetime": "2024-01-19 01:40:56", "elapsed": 5361.004478, "delta": 0.003767}}
{"target": -17.6771745032326, "params": {"gamma": 423.53811733122905, "log10_alpha": -1.256876239367108, "log10_colsample_bytree": -0.5073073617865915, "log10_eta": -2.8541161485790383, "log10_lambda": -4.826552194408074, "log10_min_child_weight": 4.006049503020343, "log10_subsample": -0.21824494102201175, "max_depth": 5.0, "num_boost_round": 0.0}, "datetime": {"datetime": "2024-01-19 01:42:07", "elapsed": 5431.758043, "delta": 70.753565}}
{"target": -17.677131022811825, "params": {"gamma": 423.53811733122905, "log10_alpha": -1.256876239367108, "log10_colsample_bytree": -0.5073073617865915, "log10_eta": -2.8541161485790383, "log10_lambda": -4.826552194408074, "log10_min_child_weight": 4.006049503020343, "log10_subsample": -0.21824494102201175, "max_depth": 5.0, "num_boost_round": 1.0}, "datetime": {"datetime": "2024-01-19 01:42:07", "elapsed": 5431.761929, "delta": 0.003886}}
{"target": -17.677063231687566, "params": {"gamma": 423.53811733122905, "log10_alpha": -1.256876239367108, "log10_colsample_bytree": -0.5073073617865915, "log10_eta": -2.8541161485790383, "log10_lambda": -4.826552194408074, "log10_min_child_weight": 4.006049503020343, "log10_subsample": -0.21824494102201175, "max_depth": 5.0, "num_boost_round": 2.0}, "datetime": {"datetime": "2024-01-19 01:42:07", "elapsed": 5431.769471, "delta": 0.007542}}
{"target": -17.677079875597492, "params": {"gamma": 423.53811733122905, "log10_alpha": -1.256876239367108, "log10_colsample_bytree": -0.5073073617865915, "log10_eta": -2.8541161485790383, "log10_lambda": -4.826552194408074, "log10_min_child_weight": 4.006049503020343, "log10_subsample": -0.21824494102201175, "max_depth": 5.0, "num_boost_round": 3.0}, "datetime": {"datetime": "2024-01-19 01:42:07", "elapsed": 5431.773513, "delta": 0.004042}}
{"target": -17.67704030615677, "params": {"gamma": 423.53811733122905, "log10_alpha": -1.256876239367108, "log10_colsample_bytree": -0.5073073617865915, "log10_eta": -2.8541161485790383, "log10_lambda": -4.826552194408074, "log10_min_child_weight": 4.006049503020343, "log10_subsample": -0.21824494102201175, "max_depth": 5.0, "num_boost_round": 4.0}, "datetime": {"datetime": "2024-01-19 01:42:07", "elapsed": 5431.777257, "delta": 0.003744}}
{"target": -17.67701699230813, "params": {"gamma": 423.53811733122905, "log10_alpha": -1.256876239367108, "log10_colsample_bytree": -0.5073073617865915, "log10_eta": -2.8541161485790383, "log10_lambda": -4.826552194408074, "log10_min_child_weight": 4.006049503020343, "log10_subsample": -0.21824494102201175, "max_depth": 5.0, "num_boost_round": 5.0}, "datetime": {"datetime": "2024-01-19 01:42:07", "elapsed": 5431.781034, "delta": 0.003777}}
{"target": -17.67701214625284, "params": {"gamma": 423.53811733122905, "log10_alpha": -1.256876239367108, "log10_colsample_bytree": -0.5073073617865915, "log10_eta": -2.8541161485790383, "log10_lambda": -4.826552194408074, "log10_min_child_weight": 4.006049503020343, "log10_subsample": -0.21824494102201175, "max_depth": 5.0, "num_boost_round": 6.0}, "datetime": {"datetime": "2024-01-19 01:42:07", "elapsed": 5431.784724, "delta": 0.00369}}
{"target": -17.67700684195702, "params": {"gamma": 423.53811733122905, "log10_alpha": -1.256876239367108, "log10_colsample_bytree": -0.5073073617865915, "log10_eta": -2.8541161485790383, "log10_lambda": -4.826552194408074, "log10_min_child_weight": 4.006049503020343, "log10_subsample": -0.21824494102201175, "max_depth": 5.0, "num_boost_round": 7.0}, "datetime": {"datetime": "2024-01-19 01:42:07", "elapsed": 5431.788374, "delta": 0.00365}}
{"target": -17.676964768157685, "params": {"gamma": 423.53811733122905, "log10_alpha": -1.256876239367108, "log10_colsample_bytree": -0.5073073617865915, "log10_eta": -2.8541161485790383, "log10_lambda": -4.826552194408074, "log10_min_child_weight": 4.006049503020343, "log10_subsample": -0.21824494102201175, "max_depth": 5.0, "num_boost_round": 8.0}, "datetime": {"datetime": "2024-01-19 01:42:07", "elapsed": 5431.792073, "delta": 0.003699}}
{"target": -17.676913062723877, "params": {"gamma": 423.53811733122905, "log10_alpha": -1.256876239367108, "log10_colsample_bytree": -0.5073073617865915, "log10_eta": -2.8541161485790383, "log10_lambda": -4.826552194408074, "log10_min_child_weight": 4.006049503020343, "log10_subsample": -0.21824494102201175, "max_depth": 5.0, "num_boost_round": 9.0}, "datetime": {"datetime": "2024-01-19 01:42:07", "elapsed": 5431.795814, "delta": 0.003741}}
{"target": -17.676874235777447, "params": {"gamma": 423.53811733122905, "log10_alpha": -1.256876239367108, "log10_colsample_bytree": -0.5073073617865915, "log10_eta": -2.8541161485790383, "log10_lambda": -4.826552194408074, "log10_min_child_weight": 4.006049503020343, "log10_subsample": -0.21824494102201175, "max_depth": 5.0, "num_boost_round": 10.0}, "datetime": {"datetime": "2024-01-19 01:42:07", "elapsed": 5431.799532, "delta": 0.003718}}
{"target": -17.67682295450233, "params": {"gamma": 423.53811733122905, "log10_alpha": -1.256876239367108, "log10_colsample_bytree": -0.5073073617865915, "log10_eta": -2.8541161485790383, "log10_lambda": -4.826552194408074, "log10_min_child_weight": 4.006049503020343, "log10_subsample": -0.21824494102201175, "max_depth": 5.0, "num_boost_round": 11.0}, "datetime": {"datetime": "2024-01-19 01:42:07", "elapsed": 5431.803155, "delta": 0.003623}}
{"target": -17.67677601937831, "params": {"gamma": 423.53811733122905, "log10_alpha": -1.256876239367108, "log10_colsample_bytree": -0.5073073617865915, "log10_eta": -2.8541161485790383, "log10_lambda": -4.826552194408074, "log10_min_child_weight": 4.006049503020343, "log10_subsample": -0.21824494102201175, "max_depth": 5.0, "num_boost_round": 12.0}, "datetime": {"datetime": "2024-01-19 01:42:07", "elapsed": 5431.806804, "delta": 0.003649}}
{"target": -17.67674340454567, "params": {"gamma": 423.53811733122905, "log10_alpha": -1.256876239367108, "log10_colsample_bytree": -0.5073073617865915, "log10_eta": -2.8541161485790383, "log10_lambda": -4.826552194408074, "log10_min_child_weight": 4.006049503020343, "log10_subsample": -0.21824494102201175, "max_depth": 5.0, "num_boost_round": 13.0}, "datetime": {"datetime": "2024-01-19 01:42:07", "elapsed": 5431.810529, "delta": 0.003725}}
{"target": -17.676746835521747, "params": {"gamma": 423.53811733122905, "log10_alpha": -1.256876239367108, "log10_colsample_bytree": -0.5073073617865915, "log10_eta": -2.8541161485790383, "log10_lambda": -4.826552194408074, "log10_min_child_weight": 4.006049503020343, "log10_subsample": -0.21824494102201175, "max_depth": 5.0, "num_boost_round": 14.0}, "datetime": {"datetime": "2024-01-19 01:42:07", "elapsed": 5431.814287, "delta": 0.003758}}
{"target": -17.67671054500102, "params": {"gamma": 423.53811733122905, "log10_alpha": -1.256876239367108, "log10_colsample_bytree": -0.5073073617865915, "log10_eta": -2.8541161485790383, "log10_lambda": -4.826552194408074, "log10_min_child_weight": 4.006049503020343, "log10_subsample": -0.21824494102201175, "max_depth": 5.0, "num_boost_round": 15.0}, "datetime": {"datetime": "2024-01-19 01:42:07", "elapsed": 5431.818098, "delta": 0.003811}}
{"target": -17.676732470306195, "params": {"gamma": 423.53811733122905, "log10_alpha": -1.256876239367108, "log10_colsample_bytree": -0.5073073617865915, "log10_eta": -2.8541161485790383, "log10_lambda": -4.826552194408074, "log10_min_child_weight": 4.006049503020343, "log10_subsample": -0.21824494102201175, "max_depth": 5.0, "num_boost_round": 16.0}, "datetime": {"datetime": "2024-01-19 01:42:07", "elapsed": 5431.821779, "delta": 0.003681}}
{"target": -17.6787406798227, "params": {"gamma": 452.1476353755924, "log10_alpha": -1.8135742514421196, "log10_colsample_bytree": -0.9772386527782014, "log10_eta": -1.3693145638303315, "log10_lambda": -0.5617302144564302, "log10_min_child_weight": 1.2698325502777412, "log10_subsample": -0.26646373281566993, "max_depth": 6.0, "num_boost_round": 0.0}, "datetime": {"datetime": "2024-01-19 01:43:07", "elapsed": 5491.897739, "delta": 60.07596}}
{"target": -17.678500447268558, "params": {"gamma": 452.1476353755924, "log10_alpha": -1.8135742514421196, "log10_colsample_bytree": -0.9772386527782014, "log10_eta": -1.3693145638303315, "log10_lambda": -0.5617302144564302, "log10_min_child_weight": 1.2698325502777412, "log10_subsample": -0.26646373281566993, "max_depth": 6.0, "num_boost_round": 1.0}, "datetime": {"datetime": "2024-01-19 01:43:07", "elapsed": 5491.902383, "delta": 0.004644}}
{"target": -17.678837474042364, "params": {"gamma": 452.1476353755924, "log10_alpha": -1.8135742514421196, "log10_colsample_bytree": -0.9772386527782014, "log10_eta": -1.3693145638303315, "log10_lambda": -0.5617302144564302, "log10_min_child_weight": 1.2698325502777412, "log10_subsample": -0.26646373281566993, "max_depth": 6.0, "num_boost_round": 2.0}, "datetime": {"datetime": "2024-01-19 01:43:07", "elapsed": 5491.906385, "delta": 0.004002}}
{"target": -17.677991292809775, "params": {"gamma": 452.1476353755924, "log10_alpha": -1.8135742514421196, "log10_colsample_bytree": -0.9772386527782014, "log10_eta": -1.3693145638303315, "log10_lambda": -0.5617302144564302, "log10_min_child_weight": 1.2698325502777412, "log10_subsample": -0.26646373281566993, "max_depth": 6.0, "num_boost_round": 3.0}, "datetime": {"datetime": "2024-01-19 01:43:07", "elapsed": 5491.910175, "delta": 0.00379}}
{"target": -17.677629128905213, "params": {"gamma": 452.1476353755924, "log10_alpha": -1.8135742514421196, "log10_colsample_bytree": -0.9772386527782014, "log10_eta": -1.3693145638303315, "log10_lambda": -0.5617302144564302, "log10_min_child_weight": 1.2698325502777412, "log10_subsample": -0.26646373281566993, "max_depth": 6.0, "num_boost_round": 4.0}, "datetime": {"datetime": "2024-01-19 01:43:07", "elapsed": 5491.913942, "delta": 0.003767}}
{"target": -17.677912159748736, "params": {"gamma": 452.1476353755924, "log10_alpha": -1.8135742514421196, "log10_colsample_bytree": -0.9772386527782014, "log10_eta": -1.3693145638303315, "log10_lambda": -0.5617302144564302, "log10_min_child_weight": 1.2698325502777412, "log10_subsample": -0.26646373281566993, "max_depth": 6.0, "num_boost_round": 5.0}, "datetime": {"datetime": "2024-01-19 01:43:07", "elapsed": 5491.917615, "delta": 0.003673}}
{"target": -17.680432279273905, "params": {"gamma": 452.1476353755924, "log10_alpha": -1.8135742514421196, "log10_colsample_bytree": -0.9772386527782014, "log10_eta": -1.3693145638303315, "log10_lambda": -0.5617302144564302, "log10_min_child_weight": 1.2698325502777412, "log10_subsample": -0.26646373281566993, "max_depth": 6.0, "num_boost_round": 6.0}, "datetime": {"datetime": "2024-01-19 01:43:07", "elapsed": 5491.921321, "delta": 0.003706}}
{"target": -17.679377850885835, "params": {"gamma": 452.1476353755924, "log10_alpha": -1.8135742514421196, "log10_colsample_bytree": -0.9772386527782014, "log10_eta": -1.3693145638303315, "log10_lambda": -0.5617302144564302, "log10_min_child_weight": 1.2698325502777412, "log10_subsample": -0.26646373281566993, "max_depth": 6.0, "num_boost_round": 7.0}, "datetime": {"datetime": "2024-01-19 01:43:07", "elapsed": 5491.924963, "delta": 0.003642}}
{"target": -17.67993846611511, "params": {"gamma": 452.1476353755924, "log10_alpha": -1.8135742514421196, "log10_colsample_bytree": -0.9772386527782014, "log10_eta": -1.3693145638303315, "log10_lambda": -0.5617302144564302, "log10_min_child_weight": 1.2698325502777412, "log10_subsample": -0.26646373281566993, "max_depth": 6.0, "num_boost_round": 8.0}, "datetime": {"datetime": "2024-01-19 01:43:07", "elapsed": 5491.928603, "delta": 0.00364}}
{"target": -17.679495407543932, "params": {"gamma": 452.1476353755924, "log10_alpha": -1.8135742514421196, "log10_colsample_bytree": -0.9772386527782014, "log10_eta": -1.3693145638303315, "log10_lambda": -0.5617302144564302, "log10_min_child_weight": 1.2698325502777412, "log10_subsample": -0.26646373281566993, "max_depth": 6.0, "num_boost_round": 9.0}, "datetime": {"datetime": "2024-01-19 01:43:07", "elapsed": 5491.932306, "delta": 0.003703}}
{"target": -17.67927749665156, "params": {"gamma": 452.1476353755924, "log10_alpha": -1.8135742514421196, "log10_colsample_bytree": -0.9772386527782014, "log10_eta": -1.3693145638303315, "log10_lambda": -0.5617302144564302, "log10_min_child_weight": 1.2698325502777412, "log10_subsample": -0.26646373281566993, "max_depth": 6.0, "num_boost_round": 10.0}, "datetime": {"datetime": "2024-01-19 01:43:07", "elapsed": 5491.936032, "delta": 0.003726}}
{"target": -17.679228861813453, "params": {"gamma": 452.1476353755924, "log10_alpha": -1.8135742514421196, "log10_colsample_bytree": -0.9772386527782014, "log10_eta": -1.3693145638303315, "log10_lambda": -0.5617302144564302, "log10_min_child_weight": 1.2698325502777412, "log10_subsample": -0.26646373281566993, "max_depth": 6.0, "num_boost_round": 11.0}, "datetime": {"datetime": "2024-01-19 01:43:07", "elapsed": 5491.939803, "delta": 0.003771}}
{"target": -17.679184418761515, "params": {"gamma": 452.1476353755924, "log10_alpha": -1.8135742514421196, "log10_colsample_bytree": -0.9772386527782014, "log10_eta": -1.3693145638303315, "log10_lambda": -0.5617302144564302, "log10_min_child_weight": 1.2698325502777412, "log10_subsample": -0.26646373281566993, "max_depth": 6.0, "num_boost_round": 12.0}, "datetime": {"datetime": "2024-01-19 01:43:07", "elapsed": 5491.943447, "delta": 0.003644}}
{"target": -17.679703111094412, "params": {"gamma": 452.1476353755924, "log10_alpha": -1.8135742514421196, "log10_colsample_bytree": -0.9772386527782014, "log10_eta": -1.3693145638303315, "log10_lambda": -0.5617302144564302, "log10_min_child_weight": 1.2698325502777412, "log10_subsample": -0.26646373281566993, "max_depth": 6.0, "num_boost_round": 13.0}, "datetime": {"datetime": "2024-01-19 01:43:07", "elapsed": 5491.947133, "delta": 0.003686}}
{"target": -17.678265827211643, "params": {"gamma": 452.1476353755924, "log10_alpha": -1.8135742514421196, "log10_colsample_bytree": -0.9772386527782014, "log10_eta": -1.3693145638303315, "log10_lambda": -0.5617302144564302, "log10_min_child_weight": 1.2698325502777412, "log10_subsample": -0.26646373281566993, "max_depth": 6.0, "num_boost_round": 14.0}, "datetime": {"datetime": "2024-01-19 01:43:07", "elapsed": 5491.950793, "delta": 0.00366}}
{"target": -17.678337825617035, "params": {"gamma": 452.1476353755924, "log10_alpha": -1.8135742514421196, "log10_colsample_bytree": -0.9772386527782014, "log10_eta": -1.3693145638303315, "log10_lambda": -0.5617302144564302, "log10_min_child_weight": 1.2698325502777412, "log10_subsample": -0.26646373281566993, "max_depth": 6.0, "num_boost_round": 15.0}, "datetime": {"datetime": "2024-01-19 01:43:07", "elapsed": 5491.955024, "delta": 0.004231}}
{"target": -17.679180005380275, "params": {"gamma": 452.1476353755924, "log10_alpha": -1.8135742514421196, "log10_colsample_bytree": -0.9772386527782014, "log10_eta": -1.3693145638303315, "log10_lambda": -0.5617302144564302, "log10_min_child_weight": 1.2698325502777412, "log10_subsample": -0.26646373281566993, "max_depth": 6.0, "num_boost_round": 16.0}, "datetime": {"datetime": "2024-01-19 01:43:07", "elapsed": 5491.959293, "delta": 0.004269}}
{"target": -17.67963744656403, "params": {"gamma": 452.1476353755924, "log10_alpha": -1.8135742514421196, "log10_colsample_bytree": -0.9772386527782014, "log10_eta": -1.3693145638303315, "log10_lambda": -0.5617302144564302, "log10_min_child_weight": 1.2698325502777412, "log10_subsample": -0.26646373281566993, "max_depth": 6.0, "num_boost_round": 17.0}, "datetime": {"datetime": "2024-01-19 01:43:07", "elapsed": 5491.963227, "delta": 0.003934}}
{"target": -17.679752846438486, "params": {"gamma": 452.1476353755924, "log10_alpha": -1.8135742514421196, "log10_colsample_bytree": -0.9772386527782014, "log10_eta": -1.3693145638303315, "log10_lambda": -0.5617302144564302, "log10_min_child_weight": 1.2698325502777412, "log10_subsample": -0.26646373281566993, "max_depth": 6.0, "num_boost_round": 18.0}, "datetime": {"datetime": "2024-01-19 01:43:07", "elapsed": 5491.967034, "delta": 0.003807}}
{"target": -17.67788516212894, "params": {"gamma": 452.1476353755924, "log10_alpha": -1.8135742514421196, "log10_colsample_bytree": -0.9772386527782014, "log10_eta": -1.3693145638303315, "log10_lambda": -0.5617302144564302, "log10_min_child_weight": 1.2698325502777412, "log10_subsample": -0.26646373281566993, "max_depth": 6.0, "num_boost_round": 19.0}, "datetime": {"datetime": "2024-01-19 01:43:07", "elapsed": 5491.970747, "delta": 0.003713}}
{"target": -17.678192790730048, "params": {"gamma": 452.1476353755924, "log10_alpha": -1.8135742514421196, "log10_colsample_bytree": -0.9772386527782014, "log10_eta": -1.3693145638303315, "log10_lambda": -0.5617302144564302, "log10_min_child_weight": 1.2698325502777412, "log10_subsample": -0.26646373281566993, "max_depth": 6.0, "num_boost_round": 20.0}, "datetime": {"datetime": "2024-01-19 01:43:07", "elapsed": 5491.974589, "delta": 0.003842}}
{"target": -17.677211481642587, "params": {"gamma": 452.1476353755924, "log10_alpha": -1.8135742514421196, "log10_colsample_bytree": -0.9772386527782014, "log10_eta": -1.3693145638303315, "log10_lambda": -0.5617302144564302, "log10_min_child_weight": 1.2698325502777412, "log10_subsample": -0.26646373281566993, "max_depth": 6.0, "num_boost_round": 21.0}, "datetime": {"datetime": "2024-01-19 01:43:07", "elapsed": 5491.978375, "delta": 0.003786}}
{"target": -17.677529796081146, "params": {"gamma": 452.1476353755924, "log10_alpha": -1.8135742514421196, "log10_colsample_bytree": -0.9772386527782014, "log10_eta": -1.3693145638303315, "log10_lambda": -0.5617302144564302, "log10_min_child_weight": 1.2698325502777412, "log10_subsample": -0.26646373281566993, "max_depth": 6.0, "num_boost_round": 22.0}, "datetime": {"datetime": "2024-01-19 01:43:07", "elapsed": 5491.98212, "delta": 0.003745}}
{"target": -17.679463811382966, "params": {"gamma": 452.1476353755924, "log10_alpha": -1.8135742514421196, "log10_colsample_bytree": -0.9772386527782014, "log10_eta": -1.3693145638303315, "log10_lambda": -0.5617302144564302, "log10_min_child_weight": 1.2698325502777412, "log10_subsample": -0.26646373281566993, "max_depth": 6.0, "num_boost_round": 23.0}, "datetime": {"datetime": "2024-01-19 01:43:07", "elapsed": 5491.986092, "delta": 0.003972}}
{"target": -17.680623407322503, "params": {"gamma": 452.1476353755924, "log10_alpha": -1.8135742514421196, "log10_colsample_bytree": -0.9772386527782014, "log10_eta": -1.3693145638303315, "log10_lambda": -0.5617302144564302, "log10_min_child_weight": 1.2698325502777412, "log10_subsample": -0.26646373281566993, "max_depth": 6.0, "num_boost_round": 24.0}, "datetime": {"datetime": "2024-01-19 01:43:07", "elapsed": 5491.989836, "delta": 0.003744}}
