{"target": -13.758427084323687, "params": {"gamma": 967.9870220506272, "log10_alpha": -2.42083490926546, "log10_colsample_bytree": -0.018355381887142808, "log10_eta": -3.1363586403552253, "log10_lambda": -3.0739355114554225, "log10_min_child_weight": 2.009893253909634, "log10_subsample": -0.42448922709820647, "max_depth": 2.0, "num_boost_round": 16.0}, "datetime": {"datetime": "2024-01-19 00:19:00", "elapsed": 441.560816, "delta": 0.000802}}
{"target": -13.758513306784518, "params": {"gamma": 965.4426275096641, "log10_alpha": 0.45006924201870413, "log10_colsample_bytree": 0.0, "log10_eta": -2.6111954889620965, "log10_lambda": -1.52843778697327, "log10_min_child_weight": 1.0257991150515267, "log10_subsample": 0.0, "max_depth": 2.0, "num_boost_round": 0.0}, "datetime": {"datetime": "2024-01-19 00:19:22", "elapsed": 463.691349, "delta": 22.130533}}
{"target": -13.758489099834117, "params": {"gamma": 965.4426275096641, "log10_alpha": 0.45006924201870413, "log10_colsample_bytree": 0.0, "log10_eta": -2.6111954889620965, "log10_lambda": -1.52843778697327, "log10_min_child_weight": 1.0257991150515267, "log10_subsample": 0.0, "max_depth": 2.0, "num_boost_round": 1.0}, "datetime": {"datetime": "2024-01-19 00:19:22", "elapsed": 463.692649, "delta": 0.0013}}
{"target": -13.758465762364356, "params": {"gamma": 965.4426275096641, "log10_alpha": 0.45006924201870413, "log10_colsample_bytree": 0.0, "log10_eta": -2.6111954889620965, "log10_lambda": -1.52843778697327, "log10_min_child_weight": 1.0257991150515267, "log10_subsample": 0.0, "max_depth": 2.0, "num_boost_round": 2.0}, "datetime": {"datetime": "2024-01-19 00:19:22", "elapsed": 463.693551, "delta": 0.000902}}
{"target": -13.758446972974117, "params": {"gamma": 965.4426275096641, "log10_alpha": 0.45006924201870413, "log10_colsample_bytree": 0.0, "log10_eta": -2.6111954889620965, "log10_lambda": -1.52843778697327, "log10_min_child_weight": 1.0257991150515267, "log10_subsample": 0.0, "max_depth": 2.0, "num_boost_round": 3.0}, "datetime": {"datetime": "2024-01-19 00:19:22", "elapsed": 463.694387, "delta": 0.000836}}
{"target": -13.758425241819705, "params": {"gamma": 965.4426275096641, "log10_alpha": 0.45006924201870413, "log10_colsample_bytree": 0.0, "log10_eta": -2.6111954889620965, "log10_lambda": -1.52843778697327, "log10_min_child_weight": 1.0257991150515267, "log10_subsample": 0.0, "max_depth": 2.0, "num_boost_round": 4.0}, "datetime": {"datetime": "2024-01-19 00:19:22", "elapsed": 463.695342, "delta": 0.000955}}
{"target": -13.758408073613259, "params": {"gamma": 965.4426275096641, "log10_alpha": 0.45006924201870413, "log10_colsample_bytree": 0.0, "log10_eta": -2.6111954889620965, "log10_lambda": -1.52843778697327, "log10_min_child_weight": 1.0257991150515267, "log10_subsample": 0.0, "max_depth": 2.0, "num_boost_round": 5.0}, "datetime": {"datetime": "2024-01-19 00:19:22", "elapsed": 463.696169, "delta": 0.000827}}
{"target": -13.758387928499245, "params": {"gamma": 965.4426275096641, "log10_alpha": 0.45006924201870413, "log10_colsample_bytree": 0.0, "log10_eta": -2.6111954889620965, "log10_lambda": -1.52843778697327, "log10_min_child_weight": 1.0257991150515267, "log10_subsample": 0.0, "max_depth": 2.0, "num_boost_round": 6.0}, "datetime": {"datetime": "2024-01-19 00:19:22", "elapsed": 463.696996, "delta": 0.000827}}
{"target": -13.758372360076807, "params": {"gamma": 965.4426275096641, "log10_alpha": 0.45006924201870413, "log10_colsample_bytree": 0.0, "log10_eta": -2.6111954889620965, "log10_lambda": -1.52843778697327, "log10_min_child_weight": 1.0257991150515267, "log10_subsample": 0.0, "max_depth": 2.0, "num_boost_round": 7.0}, "datetime": {"datetime": "2024-01-19 00:19:22", "elapsed": 463.697904, "delta": 0.000908}}
{"target": -13.758353751291203, "params": {"gamma": 965.4426275096641, "log10_alpha": 0.45006924201870413, "log10_colsample_bytree": 0.0, "log10_eta": -2.6111954889620965, "log10_lambda": -1.52843778697327, "log10_min_child_weight": 1.0257991150515267, "log10_subsample": 0.0, "max_depth": 2.0, "num_boost_round": 8.0}, "datetime": {"datetime": "2024-01-19 00:19:22", "elapsed": 463.698738, "delta": 0.000834}}
{"target": -13.758339814959754, "params": {"gamma": 965.4426275096641, "log10_alpha": 0.45006924201870413, "log10_colsample_bytree": 0.0, "log10_eta": -2.6111954889620965, "log10_lambda": -1.52843778697327, "log10_min_child_weight": 1.0257991150515267, "log10_subsample": 0.0, "max_depth": 2.0, "num_boost_round": 9.0}, "datetime": {"datetime": "2024-01-19 00:19:22", "elapsed": 463.699601, "delta": 0.000863}}
{"target": -13.758322750977413, "params": {"gamma": 965.4426275096641, "log10_alpha": 0.45006924201870413, "log10_colsample_bytree": 0.0, "log10_eta": -2.6111954889620965, "log10_lambda": -1.52843778697327, "log10_min_child_weight": 1.0257991150515267, "log10_subsample": 0.0, "max_depth": 2.0, "num_boost_round": 10.0}, "datetime": {"datetime": "2024-01-19 00:19:22", "elapsed": 463.700613, "delta": 0.001012}}
{"target": -13.75831033813604, "params": {"gamma": 965.4426275096641, "log10_alpha": 0.45006924201870413, "log10_colsample_bytree": 0.0, "log10_eta": -2.6111954889620965, "log10_lambda": -1.52843778697327, "log10_min_child_weight": 1.0257991150515267, "log10_subsample": 0.0, "max_depth": 2.0, "num_boost_round": 11.0}, "datetime": {"datetime": "2024-01-19 00:19:22", "elapsed": 463.701467, "delta": 0.000854}}
{"target": -13.758294819977069, "params": {"gamma": 965.4426275096641, "log10_alpha": 0.45006924201870413, "log10_colsample_bytree": 0.0, "log10_eta": -2.6111954889620965, "log10_lambda": -1.52843778697327, "log10_min_child_weight": 1.0257991150515267, "log10_subsample": 0.0, "max_depth": 2.0, "num_boost_round": 12.0}, "datetime": {"datetime": "2024-01-19 00:19:22", "elapsed": 463.702299, "delta": 0.000832}}
{"target": -13.758283935945013, "params": {"gamma": 965.4426275096641, "log10_alpha": 0.45006924201870413, "log10_colsample_bytree": 0.0, "log10_eta": -2.6111954889620965, "log10_lambda": -1.52843778697327, "log10_min_child_weight": 1.0257991150515267, "log10_subsample": 0.0, "max_depth": 2.0, "num_boost_round": 13.0}, "datetime": {"datetime": "2024-01-19 00:19:22", "elapsed": 463.703133, "delta": 0.000834}}
{"target": -13.75826990505584, "params": {"gamma": 965.4426275096641, "log10_alpha": 0.45006924201870413, "log10_colsample_bytree": 0.0, "log10_eta": -2.6111954889620965, "log10_lambda": -1.52843778697327, "log10_min_child_weight": 1.0257991150515267, "log10_subsample": 0.0, "max_depth": 2.0, "num_boost_round": 14.0}, "datetime": {"datetime": "2024-01-19 00:19:22", "elapsed": 463.703967, "delta": 0.000834}}
{"target": -13.758260533337342, "params": {"gamma": 965.4426275096641, "log10_alpha": 0.45006924201870413, "log10_colsample_bytree": 0.0, "log10_eta": -2.6111954889620965, "log10_lambda": -1.52843778697327, "log10_min_child_weight": 1.0257991150515267, "log10_subsample": 0.0, "max_depth": 2.0, "num_boost_round": 15.0}, "datetime": {"datetime": "2024-01-19 00:19:22", "elapsed": 463.704794, "delta": 0.000827}}
{"target": -13.75824797085235, "params": {"gamma": 965.4426275096641, "log10_alpha": 0.45006924201870413, "log10_colsample_bytree": 0.0, "log10_eta": -2.6111954889620965, "log10_lambda": -1.52843778697327, "log10_min_child_weight": 1.0257991150515267, "log10_subsample": 0.0, "max_depth": 2.0, "num_boost_round": 16.0}, "datetime": {"datetime": "2024-01-19 00:19:22", "elapsed": 463.705689, "delta": 0.000895}}
{"target": -13.758240085701285, "params": {"gamma": 965.4426275096641, "log10_alpha": 0.45006924201870413, "log10_colsample_bytree": 0.0, "log10_eta": -2.6111954889620965, "log10_lambda": -1.52843778697327, "log10_min_child_weight": 1.0257991150515267, "log10_subsample": 0.0, "max_depth": 2.0, "num_boost_round": 17.0}, "datetime": {"datetime": "2024-01-19 00:19:22", "elapsed": 463.706528, "delta": 0.000839}}
{"target": -13.75822905985479, "params": {"gamma": 965.4426275096641, "log10_alpha": 0.45006924201870413, "log10_colsample_bytree": 0.0, "log10_eta": -2.6111954889620965, "log10_lambda": -1.52843778697327, "log10_min_child_weight": 1.0257991150515267, "log10_subsample": 0.0, "max_depth": 2.0, "num_boost_round": 18.0}, "datetime": {"datetime": "2024-01-19 00:19:22", "elapsed": 463.707482, "delta": 0.000954}}
{"target": -13.758222598834282, "params": {"gamma": 965.4426275096641, "log10_alpha": 0.45006924201870413, "log10_colsample_bytree": 0.0, "log10_eta": -2.6111954889620965, "log10_lambda": -1.52843778697327, "log10_min_child_weight": 1.0257991150515267, "log10_subsample": 0.0, "max_depth": 2.0, "num_boost_round": 19.0}, "datetime": {"datetime": "2024-01-19 00:19:22", "elapsed": 463.708456, "delta": 0.000974}}
{"target": -13.758212986168301, "params": {"gamma": 965.4426275096641, "log10_alpha": 0.45006924201870413, "log10_colsample_bytree": 0.0, "log10_eta": -2.6111954889620965, "log10_lambda": -1.52843778697327, "log10_min_child_weight": 1.0257991150515267, "log10_subsample": 0.0, "max_depth": 2.0, "num_boost_round": 20.0}, "datetime": {"datetime": "2024-01-19 00:19:22", "elapsed": 463.709345, "delta": 0.000889}}
{"target": -13.75820801496769, "params": {"gamma": 965.4426275096641, "log10_alpha": 0.45006924201870413, "log10_colsample_bytree": 0.0, "log10_eta": -2.6111954889620965, "log10_lambda": -1.52843778697327, "log10_min_child_weight": 1.0257991150515267, "log10_subsample": 0.0, "max_depth": 2.0, "num_boost_round": 21.0}, "datetime": {"datetime": "2024-01-19 00:19:22", "elapsed": 463.71019, "delta": 0.000845}}
{"target": -13.758199842172559, "params": {"gamma": 965.4426275096641, "log10_alpha": 0.45006924201870413, "log10_colsample_bytree": 0.0, "log10_eta": -2.6111954889620965, "log10_lambda": -1.52843778697327, "log10_min_child_weight": 1.0257991150515267, "log10_subsample": 0.0, "max_depth": 2.0, "num_boost_round": 22.0}, "datetime": {"datetime": "2024-01-19 00:19:22", "elapsed": 463.711037, "delta": 0.000847}}
{"target": -13.758196263022402, "params": {"gamma": 965.4426275096641, "log10_alpha": 0.45006924201870413, "log10_colsample_bytree": 0.0, "log10_eta": -2.6111954889620965, "log10_lambda": -1.52843778697327, "log10_min_child_weight": 1.0257991150515267, "log10_subsample": 0.0, "max_depth": 2.0, "num_boost_round": 23.0}, "datetime": {"datetime": "2024-01-19 00:19:22", "elapsed": 463.711873, "delta": 0.000836}}
{"target": -13.7581894925509, "params": {"gamma": 965.4426275096641, "log10_alpha": 0.45006924201870413, "log10_colsample_bytree": 0.0, "log10_eta": -2.6111954889620965, "log10_lambda": -1.52843778697327, "log10_min_child_weight": 1.0257991150515267, "log10_subsample": 0.0, "max_depth": 2.0, "num_boost_round": 24.0}, "datetime": {"datetime": "2024-01-19 00:19:22", "elapsed": 463.71272, "delta": 0.000847}}
{"target": -13.758187351854504, "params": {"gamma": 965.4426275096641, "log10_alpha": 0.45006924201870413, "log10_colsample_bytree": 0.0, "log10_eta": -2.6111954889620965, "log10_lambda": -1.52843778697327, "log10_min_child_weight": 1.0257991150515267, "log10_subsample": 0.0, "max_depth": 2.0, "num_boost_round": 25.0}, "datetime": {"datetime": "2024-01-19 00:19:22", "elapsed": 463.71357, "delta": 0.00085}}
{"target": -13.758152245975982, "params": {"gamma": 964.4395843095685, "log10_alpha": 0.19505795591083966, "log10_colsample_bytree": 0.0, "log10_eta": -1.2341422276977523, "log10_lambda": -2.1270779106856237, "log10_min_child_weight": 1.224654470533337, "log10_subsample": 0.0, "max_depth": 2.0, "num_boost_round": 0.0}, "datetime": {"datetime": "2024-01-19 00:19:47", "elapsed": 488.807871, "delta": 25.094301}}
{"target": -13.758276735504555, "params": {"gamma": 964.4395843095685, "log10_alpha": 0.19505795591083966, "log10_colsample_bytree": 0.0, "log10_eta": -1.2341422276977523, "log10_lambda": -2.1270779106856237, "log10_min_child_weight": 1.224654470533337, "log10_subsample": 0.0, "max_depth": 2.0, "num_boost_round": 1.0}, "datetime": {"datetime": "2024-01-19 00:19:47", "elapsed": 488.80909, "delta": 0.001219}}
{"target": -13.758476968251156, "params": {"gamma": 964.4395843095685, "log10_alpha": 0.19505795591083966, "log10_colsample_bytree": 0.0, "log10_eta": -1.2341422276977523, "log10_lambda": -2.1270779106856237, "log10_min_child_weight": 1.224654470533337, "log10_subsample": 0.0, "max_depth": 2.0, "num_boost_round": 2.0}, "datetime": {"datetime": "2024-01-19 00:19:47", "elapsed": 488.810076, "delta": 0.000986}}
{"target": -13.759033672212873, "params": {"gamma": 964.4395843095685, "log10_alpha": 0.19505795591083966, "log10_colsample_bytree": 0.0, "log10_eta": -1.2341422276977523, "log10_lambda": -2.1270779106856237, "log10_min_child_weight": 1.224654470533337, "log10_subsample": 0.0, "max_depth": 2.0, "num_boost_round": 3.0}, "datetime": {"datetime": "2024-01-19 00:19:47", "elapsed": 488.810936, "delta": 0.00086}}
{"target": -13.759863624438275, "params": {"gamma": 964.4395843095685, "log10_alpha": 0.19505795591083966, "log10_colsample_bytree": 0.0, "log10_eta": -1.2341422276977523, "log10_lambda": -2.1270779106856237, "log10_min_child_weight": 1.224654470533337, "log10_subsample": 0.0, "max_depth": 2.0, "num_boost_round": 4.0}, "datetime": {"datetime": "2024-01-19 00:19:47", "elapsed": 488.811786, "delta": 0.00085}}
{"target": -13.760673618694419, "params": {"gamma": 964.4395843095685, "log10_alpha": 0.19505795591083966, "log10_colsample_bytree": 0.0, "log10_eta": -1.2341422276977523, "log10_lambda": -2.1270779106856237, "log10_min_child_weight": 1.224654470533337, "log10_subsample": 0.0, "max_depth": 2.0, "num_boost_round": 5.0}, "datetime": {"datetime": "2024-01-19 00:19:47", "elapsed": 488.812949, "delta": 0.001163}}
{"target": -13.760943611631, "params": {"gamma": 964.4395843095685, "log10_alpha": 0.19505795591083966, "log10_colsample_bytree": 0.0, "log10_eta": -1.2341422276977523, "log10_lambda": -2.1270779106856237, "log10_min_child_weight": 1.224654470533337, "log10_subsample": 0.0, "max_depth": 2.0, "num_boost_round": 6.0}, "datetime": {"datetime": "2024-01-19 00:19:47", "elapsed": 488.813859, "delta": 0.00091}}
{"target": -13.761798753206255, "params": {"gamma": 964.4395843095685, "log10_alpha": 0.19505795591083966, "log10_colsample_bytree": 0.0, "log10_eta": -1.2341422276977523, "log10_lambda": -2.1270779106856237, "log10_min_child_weight": 1.224654470533337, "log10_subsample": 0.0, "max_depth": 2.0, "num_boost_round": 7.0}, "datetime": {"datetime": "2024-01-19 00:19:47", "elapsed": 488.814783, "delta": 0.000924}}
{"target": -13.762689071692815, "params": {"gamma": 964.4395843095685, "log10_alpha": 0.19505795591083966, "log10_colsample_bytree": 0.0, "log10_eta": -1.2341422276977523, "log10_lambda": -2.1270779106856237, "log10_min_child_weight": 1.224654470533337, "log10_subsample": 0.0, "max_depth": 2.0, "num_boost_round": 8.0}, "datetime": {"datetime": "2024-01-19 00:19:47", "elapsed": 488.815701, "delta": 0.000918}}
{"target": -13.762948848497368, "params": {"gamma": 964.4395843095685, "log10_alpha": 0.19505795591083966, "log10_colsample_bytree": 0.0, "log10_eta": -1.2341422276977523, "log10_lambda": -2.1270779106856237, "log10_min_child_weight": 1.224654470533337, "log10_subsample": 0.0, "max_depth": 2.0, "num_boost_round": 9.0}, "datetime": {"datetime": "2024-01-19 00:19:47", "elapsed": 488.816625, "delta": 0.000924}}
{"target": -13.76315419086028, "params": {"gamma": 964.4395843095685, "log10_alpha": 0.19505795591083966, "log10_colsample_bytree": 0.0, "log10_eta": -1.2341422276977523, "log10_lambda": -2.1270779106856237, "log10_min_child_weight": 1.224654470533337, "log10_subsample": 0.0, "max_depth": 2.0, "num_boost_round": 10.0}, "datetime": {"datetime": "2024-01-19 00:19:47", "elapsed": 488.817681, "delta": 0.001056}}
{"target": -13.762944490576427, "params": {"gamma": 964.4395843095685, "log10_alpha": 0.19505795591083966, "log10_colsample_bytree": 0.0, "log10_eta": -1.2341422276977523, "log10_lambda": -2.1270779106856237, "log10_min_child_weight": 1.224654470533337, "log10_subsample": 0.0, "max_depth": 2.0, "num_boost_round": 11.0}, "datetime": {"datetime": "2024-01-19 00:19:47", "elapsed": 488.818602, "delta": 0.000921}}
{"target": -13.762547820324173, "params": {"gamma": 964.4395843095685, "log10_alpha": 0.19505795591083966, "log10_colsample_bytree": 0.0, "log10_eta": -1.2341422276977523, "log10_lambda": -2.1270779106856237, "log10_min_child_weight": 1.224654470533337, "log10_subsample": 0.0, "max_depth": 2.0, "num_boost_round": 12.0}, "datetime": {"datetime": "2024-01-19 00:19:47", "elapsed": 488.819509, "delta": 0.000907}}
{"target": -13.763144558517803, "params": {"gamma": 964.4395843095685, "log10_alpha": 0.19505795591083966, "log10_colsample_bytree": 0.0, "log10_eta": -1.2341422276977523, "log10_lambda": -2.1270779106856237, "log10_min_child_weight": 1.224654470533337, "log10_subsample": 0.0, "max_depth": 2.0, "num_boost_round": 13.0}, "datetime": {"datetime": "2024-01-19 00:19:47", "elapsed": 488.820435, "delta": 0.000926}}
{"target": -13.763121659557708, "params": {"gamma": 964.4395843095685, "log10_alpha": 0.19505795591083966, "log10_colsample_bytree": 0.0, "log10_eta": -1.2341422276977523, "log10_lambda": -2.1270779106856237, "log10_min_child_weight": 1.224654470533337, "log10_subsample": 0.0, "max_depth": 2.0, "num_boost_round": 14.0}, "datetime": {"datetime": "2024-01-19 00:19:47", "elapsed": 488.821372, "delta": 0.000937}}
{"target": -13.763752082888955, "params": {"gamma": 964.4395843095685, "log10_alpha": 0.19505795591083966, "log10_colsample_bytree": 0.0, "log10_eta": -1.2341422276977523, "log10_lambda": -2.1270779106856237, "log10_min_child_weight": 1.224654470533337, "log10_subsample": 0.0, "max_depth": 2.0, "num_boost_round": 15.0}, "datetime": {"datetime": "2024-01-19 00:19:47", "elapsed": 488.822295, "delta": 0.000923}}
{"target": -13.763359643047693, "params": {"gamma": 964.4395843095685, "log10_alpha": 0.19505795591083966, "log10_colsample_bytree": 0.0, "log10_eta": -1.2341422276977523, "log10_lambda": -2.1270779106856237, "log10_min_child_weight": 1.224654470533337, "log10_subsample": 0.0, "max_depth": 2.0, "num_boost_round": 16.0}, "datetime": {"datetime": "2024-01-19 00:19:47", "elapsed": 488.823224, "delta": 0.000929}}
{"target": -13.76382571299207, "params": {"gamma": 964.4395843095685, "log10_alpha": 0.19505795591083966, "log10_colsample_bytree": 0.0, "log10_eta": -1.2341422276977523, "log10_lambda": -2.1270779106856237, "log10_min_child_weight": 1.224654470533337, "log10_subsample": 0.0, "max_depth": 2.0, "num_boost_round": 17.0}, "datetime": {"datetime": "2024-01-19 00:19:47", "elapsed": 488.824167, "delta": 0.000943}}
{"target": -13.764428974756784, "params": {"gamma": 964.4395843095685, "log10_alpha": 0.19505795591083966, "log10_colsample_bytree": 0.0, "log10_eta": -1.2341422276977523, "log10_lambda": -2.1270779106856237, "log10_min_child_weight": 1.224654470533337, "log10_subsample": 0.0, "max_depth": 2.0, "num_boost_round": 18.0}, "datetime": {"datetime": "2024-01-19 00:19:47", "elapsed": 488.8251, "delta": 0.000933}}
{"target": -13.764623287253167, "params": {"gamma": 964.4395843095685, "log10_alpha": 0.19505795591083966, "log10_colsample_bytree": 0.0, "log10_eta": -1.2341422276977523, "log10_lambda": -2.1270779106856237, "log10_min_child_weight": 1.224654470533337, "log10_subsample": 0.0, "max_depth": 2.0, "num_boost_round": 19.0}, "datetime": {"datetime": "2024-01-19 00:19:47", "elapsed": 488.826006, "delta": 0.000906}}
{"target": -13.764550778938261, "params": {"gamma": 964.4395843095685, "log10_alpha": 0.19505795591083966, "log10_colsample_bytree": 0.0, "log10_eta": -1.2341422276977523, "log10_lambda": -2.1270779106856237, "log10_min_child_weight": 1.224654470533337, "log10_subsample": 0.0, "max_depth": 2.0, "num_boost_round": 20.0}, "datetime": {"datetime": "2024-01-19 00:19:47", "elapsed": 488.826937, "delta": 0.000931}}
{"target": -13.765038548416012, "params": {"gamma": 964.4395843095685, "log10_alpha": 0.19505795591083966, "log10_colsample_bytree": 0.0, "log10_eta": -1.2341422276977523, "log10_lambda": -2.1270779106856237, "log10_min_child_weight": 1.224654470533337, "log10_subsample": 0.0, "max_depth": 2.0, "num_boost_round": 21.0}, "datetime": {"datetime": "2024-01-19 00:19:47", "elapsed": 488.827852, "delta": 0.000915}}
{"target": -13.766335905904233, "params": {"gamma": 964.4395843095685, "log10_alpha": 0.19505795591083966, "log10_colsample_bytree": 0.0, "log10_eta": -1.2341422276977523, "log10_lambda": -2.1270779106856237, "log10_min_child_weight": 1.224654470533337, "log10_subsample": 0.0, "max_depth": 2.0, "num_boost_round": 22.0}, "datetime": {"datetime": "2024-01-19 00:19:47", "elapsed": 488.828782, "delta": 0.00093}}
{"target": -13.765511507546455, "params": {"gamma": 964.4395843095685, "log10_alpha": 0.19505795591083966, "log10_colsample_bytree": 0.0, "log10_eta": -1.2341422276977523, "log10_lambda": -2.1270779106856237, "log10_min_child_weight": 1.224654470533337, "log10_subsample": 0.0, "max_depth": 2.0, "num_boost_round": 23.0}, "datetime": {"datetime": "2024-01-19 00:19:47", "elapsed": 488.829696, "delta": 0.000914}}
{"target": -13.76646111911059, "params": {"gamma": 964.4395843095685, "log10_alpha": 0.19505795591083966, "log10_colsample_bytree": 0.0, "log10_eta": -1.2341422276977523, "log10_lambda": -2.1270779106856237, "log10_min_child_weight": 1.224654470533337, "log10_subsample": 0.0, "max_depth": 2.0, "num_boost_round": 24.0}, "datetime": {"datetime": "2024-01-19 00:19:47", "elapsed": 488.830634, "delta": 0.000938}}
{"target": -13.767662933180302, "params": {"gamma": 964.4395843095685, "log10_alpha": 0.19505795591083966, "log10_colsample_bytree": 0.0, "log10_eta": -1.2341422276977523, "log10_lambda": -2.1270779106856237, "log10_min_child_weight": 1.224654470533337, "log10_subsample": 0.0, "max_depth": 2.0, "num_boost_round": 25.0}, "datetime": {"datetime": "2024-01-19 00:19:47", "elapsed": 488.831554, "delta": 0.00092}}
