{"target": -13.758551888360197, "params": {"gamma": 419.76964844579237, "log10_alpha": 0.7467999558126843, "log10_colsample_bytree": -0.9169148346121805, "log10_eta": -2.0617291012341328, "log10_lambda": 0.049784293531989654, "log10_min_child_weight": 4.499487745443695, "log10_subsample": -0.4223052232600156, "max_depth": 3.0, "num_boost_round": 5.0}, "datetime": {"datetime": "2024-01-19 00:13:26", "elapsed": 109.105808, "delta": 0.000564}}
{"target": -13.758545597630734, "params": {"gamma": 419.76964844579237, "log10_alpha": 0.7467999558126843, "log10_colsample_bytree": -0.9169148346121805, "log10_eta": -2.0617291012341328, "log10_lambda": 0.049784293531989654, "log10_min_child_weight": 4.499487745443695, "log10_subsample": -0.4223052232600156, "max_depth": 3.0, "num_boost_round": 6.0}, "datetime": {"datetime": "2024-01-19 00:13:26", "elapsed": 109.106324, "delta": 0.000516}}
{"target": -13.758529874033238, "params": {"gamma": 419.76964844579237, "log10_alpha": 0.7467999558126843, "log10_colsample_bytree": -0.9169148346121805, "log10_eta": -2.0617291012341328, "log10_lambda": 0.049784293531989654, "log10_min_child_weight": 4.499487745443695, "log10_subsample": -0.4223052232600156, "max_depth": 3.0, "num_boost_round": 7.0}, "datetime": {"datetime": "2024-01-19 00:13:26", "elapsed": 109.106836, "delta": 0.000512}}
{"target": -13.758537725507532, "params": {"gamma": 419.76964844579237, "log10_alpha": 0.7467999558126843, "log10_colsample_bytree": -0.9169148346121805, "log10_eta": -2.0617291012341328, "log10_lambda": 0.049784293531989654, "log10_min_child_weight": 4.499487745443695, "log10_subsample": -0.4223052232600156, "max_depth": 3.0, "num_boost_round": 8.0}, "datetime": {"datetime": "2024-01-19 00:13:26", "elapsed": 109.10767, "delta": 0.000834}}
{"target": -13.758537108935682, "params": {"gamma": 419.76964844579237, "log10_alpha": 0.7467999558126843, "log10_colsample_bytree": -0.9169148346121805, "log10_eta": -2.0617291012341328, "log10_lambda": 0.049784293531989654, "log10_min_child_weight": 4.499487745443695, "log10_subsample": -0.4223052232600156, "max_depth": 3.0, "num_boost_round": 9.0}, "datetime": {"datetime": "2024-01-19 00:13:26", "elapsed": 109.108213, "delta": 0.000543}}
{"target": -13.758507089006853, "params": {"gamma": 419.76964844579237, "log10_alpha": 0.7467999558126843, "log10_colsample_bytree": -0.9169148346121805, "log10_eta": -2.0617291012341328, "log10_lambda": 0.049784293531989654, "log10_min_child_weight": 4.499487745443695, "log10_subsample": -0.4223052232600156, "max_depth": 3.0, "num_boost_round": 10.0}, "datetime": {"datetime": "2024-01-19 00:13:26", "elapsed": 109.108804, "delta": 0.000591}}
{"target": -13.758501107892684, "params": {"gamma": 419.76964844579237, "log10_alpha": 0.7467999558126843, "log10_colsample_bytree": -0.9169148346121805, "log10_eta": -2.0617291012341328, "log10_lambda": 0.049784293531989654, "log10_min_child_weight": 4.499487745443695, "log10_subsample": -0.4223052232600156, "max_depth": 3.0, "num_boost_round": 11.0}, "datetime": {"datetime": "2024-01-19 00:13:26", "elapsed": 109.109327, "delta": 0.000523}}
{"target": -13.758558867513727, "params": {"gamma": 419.76964844579237, "log10_alpha": 0.7467999558126843, "log10_colsample_bytree": -0.9169148346121805, "log10_eta": -2.0617291012341328, "log10_lambda": 0.049784293531989654, "log10_min_child_weight": 4.499487745443695, "log10_subsample": -0.4223052232600156, "max_depth": 3.0, "num_boost_round": 12.0}, "datetime": {"datetime": "2024-01-19 00:13:26", "elapsed": 109.109854, "delta": 0.000527}}
{"target": -13.758479813110922, "params": {"gamma": 419.76964844579237, "log10_alpha": 0.7467999558126843, "log10_colsample_bytree": -0.9169148346121805, "log10_eta": -2.0617291012341328, "log10_lambda": 0.049784293531989654, "log10_min_child_weight": 4.499487745443695, "log10_subsample": -0.4223052232600156, "max_depth": 3.0, "num_boost_round": 13.0}, "datetime": {"datetime": "2024-01-19 00:13:26", "elapsed": 109.110374, "delta": 0.00052}}
{"target": -13.758487073530993, "params": {"gamma": 419.76964844579237, "log10_alpha": 0.7467999558126843, "log10_colsample_bytree": -0.9169148346121805, "log10_eta": -2.0617291012341328, "log10_lambda": 0.049784293531989654, "log10_min_child_weight": 4.499487745443695, "log10_subsample": -0.4223052232600156, "max_depth": 3.0, "num_boost_round": 14.0}, "datetime": {"datetime": "2024-01-19 00:13:26", "elapsed": 109.1109, "delta": 0.000526}}
{"target": -13.758431050819631, "params": {"gamma": 419.76964844579237, "log10_alpha": 0.7467999558126843, "log10_colsample_bytree": -0.9169148346121805, "log10_eta": -2.0617291012341328, "log10_lambda": 0.049784293531989654, "log10_min_child_weight": 4.499487745443695, "log10_subsample": -0.4223052232600156, "max_depth": 3.0, "num_boost_round": 15.0}, "datetime": {"datetime": "2024-01-19 00:13:26", "elapsed": 109.111418, "delta": 0.000518}}
{"target": -13.758412205402005, "params": {"gamma": 419.76964844579237, "log10_alpha": 0.7467999558126843, "log10_colsample_bytree": -0.9169148346121805, "log10_eta": -2.0617291012341328, "log10_lambda": 0.049784293531989654, "log10_min_child_weight": 4.499487745443695, "log10_subsample": -0.4223052232600156, "max_depth": 3.0, "num_boost_round": 16.0}, "datetime": {"datetime": "2024-01-19 00:13:26", "elapsed": 109.111982, "delta": 0.000564}}
{"target": -13.7584346554136, "params": {"gamma": 419.76964844579237, "log10_alpha": 0.7467999558126843, "log10_colsample_bytree": -0.9169148346121805, "log10_eta": -2.0617291012341328, "log10_lambda": 0.049784293531989654, "log10_min_child_weight": 4.499487745443695, "log10_subsample": -0.4223052232600156, "max_depth": 3.0, "num_boost_round": 17.0}, "datetime": {"datetime": "2024-01-19 00:13:26", "elapsed": 109.112514, "delta": 0.000532}}
{"target": -13.758452899960428, "params": {"gamma": 419.76964844579237, "log10_alpha": 0.7467999558126843, "log10_colsample_bytree": -0.9169148346121805, "log10_eta": -2.0617291012341328, "log10_lambda": 0.049784293531989654, "log10_min_child_weight": 4.499487745443695, "log10_subsample": -0.4223052232600156, "max_depth": 3.0, "num_boost_round": 18.0}, "datetime": {"datetime": "2024-01-19 00:13:26", "elapsed": 109.113042, "delta": 0.000528}}
{"target": -13.758509581799467, "params": {"gamma": 419.76964844579237, "log10_alpha": 0.7467999558126843, "log10_colsample_bytree": -0.9169148346121805, "log10_eta": -2.0617291012341328, "log10_lambda": 0.049784293531989654, "log10_min_child_weight": 4.499487745443695, "log10_subsample": -0.4223052232600156, "max_depth": 3.0, "num_boost_round": 19.0}, "datetime": {"datetime": "2024-01-19 00:13:26", "elapsed": 109.113588, "delta": 0.000546}}
{"target": -13.758543078534796, "params": {"gamma": 419.76964844579237, "log10_alpha": 0.7467999558126843, "log10_colsample_bytree": -0.9169148346121805, "log10_eta": -2.0617291012341328, "log10_lambda": 0.049784293531989654, "log10_min_child_weight": 4.499487745443695, "log10_subsample": -0.4223052232600156, "max_depth": 3.0, "num_boost_round": 20.0}, "datetime": {"datetime": "2024-01-19 00:13:26", "elapsed": 109.114115, "delta": 0.000527}}
{"target": -13.758550433636966, "params": {"gamma": 419.76964844579237, "log10_alpha": 0.7467999558126843, "log10_colsample_bytree": -0.9169148346121805, "log10_eta": -2.0617291012341328, "log10_lambda": 0.049784293531989654, "log10_min_child_weight": 4.499487745443695, "log10_subsample": -0.4223052232600156, "max_depth": 3.0, "num_boost_round": 21.0}, "datetime": {"datetime": "2024-01-19 00:13:26", "elapsed": 109.114647, "delta": 0.000532}}
{"target": -13.75859834389516, "params": {"gamma": 419.76964844579237, "log10_alpha": 0.7467999558126843, "log10_colsample_bytree": -0.9169148346121805, "log10_eta": -2.0617291012341328, "log10_lambda": 0.049784293531989654, "log10_min_child_weight": 4.499487745443695, "log10_subsample": -0.4223052232600156, "max_depth": 3.0, "num_boost_round": 22.0}, "datetime": {"datetime": "2024-01-19 00:13:26", "elapsed": 109.115177, "delta": 0.00053}}
{"target": -13.758591760476731, "params": {"gamma": 419.76964844579237, "log10_alpha": 0.7467999558126843, "log10_colsample_bytree": -0.9169148346121805, "log10_eta": -2.0617291012341328, "log10_lambda": 0.049784293531989654, "log10_min_child_weight": 4.499487745443695, "log10_subsample": -0.4223052232600156, "max_depth": 3.0, "num_boost_round": 23.0}, "datetime": {"datetime": "2024-01-19 00:13:26", "elapsed": 109.115713, "delta": 0.000536}}
{"target": -13.758598980977892, "params": {"gamma": 419.76964844579237, "log10_alpha": 0.7467999558126843, "log10_colsample_bytree": -0.9169148346121805, "log10_eta": -2.0617291012341328, "log10_lambda": 0.049784293531989654, "log10_min_child_weight": 4.499487745443695, "log10_subsample": -0.4223052232600156, "max_depth": 3.0, "num_boost_round": 24.0}, "datetime": {"datetime": "2024-01-19 00:13:26", "elapsed": 109.116243, "delta": 0.00053}}
{"target": -13.758592559191289, "params": {"gamma": 419.76964844579237, "log10_alpha": 0.7467999558126843, "log10_colsample_bytree": -0.9169148346121805, "log10_eta": -2.0617291012341328, "log10_lambda": 0.049784293531989654, "log10_min_child_weight": 4.499487745443695, "log10_subsample": -0.4223052232600156, "max_depth": 3.0, "num_boost_round": 25.0}, "datetime": {"datetime": "2024-01-19 00:13:26", "elapsed": 109.116782, "delta": 0.000539}}
{"target": -13.758586256920978, "params": {"gamma": 419.76964844579237, "log10_alpha": 0.7467999558126843, "log10_colsample_bytree": -0.9169148346121805, "log10_eta": -2.0617291012341328, "log10_lambda": 0.049784293531989654, "log10_min_child_weight": 4.499487745443695, "log10_subsample": -0.4223052232600156, "max_depth": 3.0, "num_boost_round": 26.0}, "datetime": {"datetime": "2024-01-19 00:13:26", "elapsed": 109.117311, "delta": 0.000529}}
{"target": -13.758536661936784, "params": {"gamma": 419.9774526292944, "log10_alpha": 0.48370954421271595, "log10_colsample_bytree": -0.4106090001910857, "log10_eta": -2.9925663747411053, "log10_lambda": -1.5627584648609512, "log10_min_child_weight": 4.018158942464723, "log10_subsample": -0.7844838140367798, "max_depth": 2.0, "num_boost_round": 0.0}, "datetime": {"datetime": "2024-01-19 00:13:55", "elapsed": 138.860771, "delta": 29.74346}}
{"target": -13.758539732247995, "params": {"gamma": 419.9774526292944, "log10_alpha": 0.48370954421271595, "log10_colsample_bytree": -0.4106090001910857, "log10_eta": -2.9925663747411053, "log10_lambda": -1.5627584648609512, "log10_min_child_weight": 4.018158942464723, "log10_subsample": -0.7844838140367798, "max_depth": 2.0, "num_boost_round": 1.0}, "datetime": {"datetime": "2024-01-19 00:13:55", "elapsed": 138.861992, "delta": 0.001221}}
{"target": -13.758544757794265, "params": {"gamma": 419.9774526292944, "log10_alpha": 0.48370954421271595, "log10_colsample_bytree": -0.4106090001910857, "log10_eta": -2.9925663747411053, "log10_lambda": -1.5627584648609512, "log10_min_child_weight": 4.018158942464723, "log10_subsample": -0.7844838140367798, "max_depth": 2.0, "num_boost_round": 2.0}, "datetime": {"datetime": "2024-01-19 00:13:55", "elapsed": 138.862569, "delta": 0.000577}}
{"target": -13.758545145838061, "params": {"gamma": 419.9774526292944, "log10_alpha": 0.48370954421271595, "log10_colsample_bytree": -0.4106090001910857, "log10_eta": -2.9925663747411053, "log10_lambda": -1.5627584648609512, "log10_min_child_weight": 4.018158942464723, "log10_subsample": -0.7844838140367798, "max_depth": 2.0, "num_boost_round": 3.0}, "datetime": {"datetime": "2024-01-19 00:13:55", "elapsed": 138.86312, "delta": 0.000551}}
{"target": -13.758553494258184, "params": {"gamma": 419.9774526292944, "log10_alpha": 0.48370954421271595, "log10_colsample_bytree": -0.4106090001910857, "log10_eta": -2.9925663747411053, "log10_lambda": -1.5627584648609512, "log10_min_child_weight": 4.018158942464723, "log10_subsample": -0.7844838140367798, "max_depth": 2.0, "num_boost_round": 4.0}, "datetime": {"datetime": "2024-01-19 00:13:55", "elapsed": 138.863685, "delta": 0.000565}}
{"target": -13.758554251706345, "params": {"gamma": 419.9774526292944, "log10_alpha": 0.48370954421271595, "log10_colsample_bytree": -0.4106090001910857, "log10_eta": -2.9925663747411053, "log10_lambda": -1.5627584648609512, "log10_min_child_weight": 4.018158942464723, "log10_subsample": -0.7844838140367798, "max_depth": 2.0, "num_boost_round": 5.0}, "datetime": {"datetime": "2024-01-19 00:13:55", "elapsed": 138.864236, "delta": 0.000551}}
{"target": -13.758552307340782, "params": {"gamma": 419.9774526292944, "log10_alpha": 0.48370954421271595, "log10_colsample_bytree": -0.4106090001910857, "log10_eta": -2.9925663747411053, "log10_lambda": -1.5627584648609512, "log10_min_child_weight": 4.018158942464723, "log10_subsample": -0.7844838140367798, "max_depth": 2.0, "num_boost_round": 6.0}, "datetime": {"datetime": "2024-01-19 00:13:55", "elapsed": 138.86479, "delta": 0.000554}}
{"target": -13.758551524065714, "params": {"gamma": 419.9774526292944, "log10_alpha": 0.48370954421271595, "log10_colsample_bytree": -0.4106090001910857, "log10_eta": -2.9925663747411053, "log10_lambda": -1.5627584648609512, "log10_min_child_weight": 4.018158942464723, "log10_subsample": -0.7844838140367798, "max_depth": 2.0, "num_boost_round": 7.0}, "datetime": {"datetime": "2024-01-19 00:13:55", "elapsed": 138.865336, "delta": 0.000546}}
{"target": -13.75855339441077, "params": {"gamma": 419.9774526292944, "log10_alpha": 0.48370954421271595, "log10_colsample_bytree": -0.4106090001910857, "log10_eta": -2.9925663747411053, "log10_lambda": -1.5627584648609512, "log10_min_child_weight": 4.018158942464723, "log10_subsample": -0.7844838140367798, "max_depth": 2.0, "num_boost_round": 8.0}, "datetime": {"datetime": "2024-01-19 00:13:55", "elapsed": 138.865891, "delta": 0.000555}}
{"target": -13.75855255984844, "params": {"gamma": 419.9774526292944, "log10_alpha": 0.48370954421271595, "log10_colsample_bytree": -0.4106090001910857, "log10_eta": -2.9925663747411053, "log10_lambda": -1.5627584648609512, "log10_min_child_weight": 4.018158942464723, "log10_subsample": -0.7844838140367798, "max_depth": 2.0, "num_boost_round": 9.0}, "datetime": {"datetime": "2024-01-19 00:13:55", "elapsed": 138.866553, "delta": 0.000662}}
{"target": -13.758546092457488, "params": {"gamma": 419.9774526292944, "log10_alpha": 0.48370954421271595, "log10_colsample_bytree": -0.4106090001910857, "log10_eta": -2.9925663747411053, "log10_lambda": -1.5627584648609512, "log10_min_child_weight": 4.018158942464723, "log10_subsample": -0.7844838140367798, "max_depth": 2.0, "num_boost_round": 10.0}, "datetime": {"datetime": "2024-01-19 00:13:55", "elapsed": 138.86711, "delta": 0.000557}}
{"target": -13.758541226123029, "params": {"gamma": 419.9774526292944, "log10_alpha": 0.48370954421271595, "log10_colsample_bytree": -0.4106090001910857, "log10_eta": -2.9925663747411053, "log10_lambda": -1.5627584648609512, "log10_min_child_weight": 4.018158942464723, "log10_subsample": -0.7844838140367798, "max_depth": 2.0, "num_boost_round": 11.0}, "datetime": {"datetime": "2024-01-19 00:13:55", "elapsed": 138.867818, "delta": 0.000708}}
{"target": -13.758538652875046, "params": {"gamma": 419.9774526292944, "log10_alpha": 0.48370954421271595, "log10_colsample_bytree": -0.4106090001910857, "log10_eta": -2.9925663747411053, "log10_lambda": -1.5627584648609512, "log10_min_child_weight": 4.018158942464723, "log10_subsample": -0.7844838140367798, "max_depth": 2.0, "num_boost_round": 12.0}, "datetime": {"datetime": "2024-01-19 00:13:55", "elapsed": 138.868367, "delta": 0.000549}}
{"target": -13.758533336655928, "params": {"gamma": 419.9774526292944, "log10_alpha": 0.48370954421271595, "log10_colsample_bytree": -0.4106090001910857, "log10_eta": -2.9925663747411053, "log10_lambda": -1.5627584648609512, "log10_min_child_weight": 4.018158942464723, "log10_subsample": -0.7844838140367798, "max_depth": 2.0, "num_boost_round": 13.0}, "datetime": {"datetime": "2024-01-19 00:13:55", "elapsed": 138.868935, "delta": 0.000568}}
{"target": -13.758534087548544, "params": {"gamma": 419.9774526292944, "log10_alpha": 0.48370954421271595, "log10_colsample_bytree": -0.4106090001910857, "log10_eta": -2.9925663747411053, "log10_lambda": -1.5627584648609512, "log10_min_child_weight": 4.018158942464723, "log10_subsample": -0.7844838140367798, "max_depth": 2.0, "num_boost_round": 14.0}, "datetime": {"datetime": "2024-01-19 00:13:55", "elapsed": 138.869498, "delta": 0.000563}}
{"target": -13.758530081650274, "params": {"gamma": 419.9774526292944, "log10_alpha": 0.48370954421271595, "log10_colsample_bytree": -0.4106090001910857, "log10_eta": -2.9925663747411053, "log10_lambda": -1.5627584648609512, "log10_min_child_weight": 4.018158942464723, "log10_subsample": -0.7844838140367798, "max_depth": 2.0, "num_boost_round": 15.0}, "datetime": {"datetime": "2024-01-19 00:13:55", "elapsed": 138.870092, "delta": 0.000594}}
{"target": -13.758524464449016, "params": {"gamma": 419.9774526292944, "log10_alpha": 0.48370954421271595, "log10_colsample_bytree": -0.4106090001910857, "log10_eta": -2.9925663747411053, "log10_lambda": -1.5627584648609512, "log10_min_child_weight": 4.018158942464723, "log10_subsample": -0.7844838140367798, "max_depth": 2.0, "num_boost_round": 16.0}, "datetime": {"datetime": "2024-01-19 00:13:55", "elapsed": 138.870663, "delta": 0.000571}}
{"target": -13.758528941807956, "params": {"gamma": 419.9774526292944, "log10_alpha": 0.48370954421271595, "log10_colsample_bytree": -0.4106090001910857, "log10_eta": -2.9925663747411053, "log10_lambda": -1.5627584648609512, "log10_min_child_weight": 4.018158942464723, "log10_subsample": -0.7844838140367798, "max_depth": 2.0, "num_boost_round": 17.0}, "datetime": {"datetime": "2024-01-19 00:13:55", "elapsed": 138.87123, "delta": 0.000567}}
{"target": -13.758530634949594, "params": {"gamma": 419.9774526292944, "log10_alpha": 0.48370954421271595, "log10_colsample_bytree": -0.4106090001910857, "log10_eta": -2.9925663747411053, "log10_lambda": -1.5627584648609512, "log10_min_child_weight": 4.018158942464723, "log10_subsample": -0.7844838140367798, "max_depth": 2.0, "num_boost_round": 18.0}, "datetime": {"datetime": "2024-01-19 00:13:55", "elapsed": 138.871803, "delta": 0.000573}}
{"target": -13.758521502902267, "params": {"gamma": 419.9774526292944, "log10_alpha": 0.48370954421271595, "log10_colsample_bytree": -0.4106090001910857, "log10_eta": -2.9925663747411053, "log10_lambda": -1.5627584648609512, "log10_min_child_weight": 4.018158942464723, "log10_subsample": -0.7844838140367798, "max_depth": 2.0, "num_boost_round": 19.0}, "datetime": {"datetime": "2024-01-19 00:13:55", "elapsed": 138.872368, "delta": 0.000565}}
{"target": -13.758526867913504, "params": {"gamma": 419.9774526292944, "log10_alpha": 0.48370954421271595, "log10_colsample_bytree": -0.4106090001910857, "log10_eta": -2.9925663747411053, "log10_lambda": -1.5627584648609512, "log10_min_child_weight": 4.018158942464723, "log10_subsample": -0.7844838140367798, "max_depth": 2.0, "num_boost_round": 20.0}, "datetime": {"datetime": "2024-01-19 00:13:55", "elapsed": 138.872942, "delta": 0.000574}}
{"target": -13.758519162806303, "params": {"gamma": 419.9774526292944, "log10_alpha": 0.48370954421271595, "log10_colsample_bytree": -0.4106090001910857, "log10_eta": -2.9925663747411053, "log10_lambda": -1.5627584648609512, "log10_min_child_weight": 4.018158942464723, "log10_subsample": -0.7844838140367798, "max_depth": 2.0, "num_boost_round": 21.0}, "datetime": {"datetime": "2024-01-19 00:13:55", "elapsed": 138.873514, "delta": 0.000572}}
{"target": -13.758515736870278, "params": {"gamma": 419.9774526292944, "log10_alpha": 0.48370954421271595, "log10_colsample_bytree": -0.4106090001910857, "log10_eta": -2.9925663747411053, "log10_lambda": -1.5627584648609512, "log10_min_child_weight": 4.018158942464723, "log10_subsample": -0.7844838140367798, "max_depth": 2.0, "num_boost_round": 22.0}, "datetime": {"datetime": "2024-01-19 00:13:55", "elapsed": 138.874083, "delta": 0.000569}}
{"target": -13.758511483436106, "params": {"gamma": 419.9774526292944, "log10_alpha": 0.48370954421271595, "log10_colsample_bytree": -0.4106090001910857, "log10_eta": -2.9925663747411053, "log10_lambda": -1.5627584648609512, "log10_min_child_weight": 4.018158942464723, "log10_subsample": -0.7844838140367798, "max_depth": 2.0, "num_boost_round": 23.0}, "datetime": {"datetime": "2024-01-19 00:13:55", "elapsed": 138.874657, "delta": 0.000574}}
{"target": -13.75850786459455, "params": {"gamma": 419.9774526292944, "log10_alpha": 0.48370954421271595, "log10_colsample_bytree": -0.4106090001910857, "log10_eta": -2.9925663747411053, "log10_lambda": -1.5627584648609512, "log10_min_child_weight": 4.018158942464723, "log10_subsample": -0.7844838140367798, "max_depth": 2.0, "num_boost_round": 24.0}, "datetime": {"datetime": "2024-01-19 00:13:55", "elapsed": 138.875227, "delta": 0.00057}}
{"target": -13.758507773284483, "params": {"gamma": 419.9774526292944, "log10_alpha": 0.48370954421271595, "log10_colsample_bytree": -0.4106090001910857, "log10_eta": -2.9925663747411053, "log10_lambda": -1.5627584648609512, "log10_min_child_weight": 4.018158942464723, "log10_subsample": -0.7844838140367798, "max_depth": 2.0, "num_boost_round": 25.0}, "datetime": {"datetime": "2024-01-19 00:13:55", "elapsed": 138.875802, "delta": 0.000575}}
{"target": -13.758505393607917, "params": {"gamma": 419.9774526292944, "log10_alpha": 0.48370954421271595, "log10_colsample_bytree": -0.4106090001910857, "log10_eta": -2.9925663747411053, "log10_lambda": -1.5627584648609512, "log10_min_child_weight": 4.018158942464723, "log10_subsample": -0.7844838140367798, "max_depth": 2.0, "num_boost_round": 26.0}, "datetime": {"datetime": "2024-01-19 00:13:55", "elapsed": 138.876375, "delta": 0.000573}}
