{"target": -13.758506129532778, "params": {"gamma": 885.3782219854007, "log10_alpha": -1.483219674875838, "log10_colsample_bytree": -0.6504037453751053, "log10_eta": -3.120471084482376, "log10_lambda": -4.621343538269189, "log10_min_child_weight": 4.159419490871357, "log10_subsample": -0.966696299619652, "max_depth": 8.0, "num_boost_round": 19.0}, "datetime": {"datetime": "2024-01-19 00:25:10", "elapsed": 815.256941, "delta": 0.001477}}
{"target": -13.758508498806577, "params": {"gamma": 885.3782219854007, "log10_alpha": -1.483219674875838, "log10_colsample_bytree": -0.6504037453751053, "log10_eta": -3.120471084482376, "log10_lambda": -4.621343538269189, "log10_min_child_weight": 4.159419490871357, "log10_subsample": -0.966696299619652, "max_depth": 8.0, "num_boost_round": 20.0}, "datetime": {"datetime": "2024-01-19 00:25:10", "elapsed": 815.258382, "delta": 0.001441}}
{"target": -13.7585066513083, "params": {"gamma": 885.3782219854007, "log10_alpha": -1.483219674875838, "log10_colsample_bytree": -0.6504037453751053, "log10_eta": -3.120471084482376, "log10_lambda": -4.621343538269189, "log10_min_child_weight": 4.159419490871357, "log10_subsample": -0.966696299619652, "max_depth": 8.0, "num_boost_round": 21.0}, "datetime": {"datetime": "2024-01-19 00:25:10", "elapsed": 815.259854, "delta": 0.001472}}
{"target": -13.758499107102828, "params": {"gamma": 885.3782219854007, "log10_alpha": -1.483219674875838, "log10_colsample_bytree": -0.6504037453751053, "log10_eta": -3.120471084482376, "log10_lambda": -4.621343538269189, "log10_min_child_weight": 4.159419490871357, "log10_subsample": -0.966696299619652, "max_depth": 8.0, "num_boost_round": 22.0}, "datetime": {"datetime": "2024-01-19 00:25:10", "elapsed": 815.261297, "delta": 0.001443}}
{"target": -13.758495295731027, "params": {"gamma": 885.3782219854007, "log10_alpha": -1.483219674875838, "log10_colsample_bytree": -0.6504037453751053, "log10_eta": -3.120471084482376, "log10_lambda": -4.621343538269189, "log10_min_child_weight": 4.159419490871357, "log10_subsample": -0.966696299619652, "max_depth": 8.0, "num_boost_round": 23.0}, "datetime": {"datetime": "2024-01-19 00:25:10", "elapsed": 815.262747, "delta": 0.00145}}
{"target": -13.758492014078799, "params": {"gamma": 885.3782219854007, "log10_alpha": -1.483219674875838, "log10_colsample_bytree": -0.6504037453751053, "log10_eta": -3.120471084482376, "log10_lambda": -4.621343538269189, "log10_min_child_weight": 4.159419490871357, "log10_subsample": -0.966696299619652, "max_depth": 8.0, "num_boost_round": 24.0}, "datetime": {"datetime": "2024-01-19 00:25:10", "elapsed": 815.264211, "delta": 0.001464}}
{"target": -13.758490873646803, "params": {"gamma": 885.3782219854007, "log10_alpha": -1.483219674875838, "log10_colsample_bytree": -0.6504037453751053, "log10_eta": -3.120471084482376, "log10_lambda": -4.621343538269189, "log10_min_child_weight": 4.159419490871357, "log10_subsample": -0.966696299619652, "max_depth": 8.0, "num_boost_round": 25.0}, "datetime": {"datetime": "2024-01-19 00:25:10", "elapsed": 815.265701, "delta": 0.00149}}
{"target": -13.758487327960994, "params": {"gamma": 885.3782219854007, "log10_alpha": -1.483219674875838, "log10_colsample_bytree": -0.6504037453751053, "log10_eta": -3.120471084482376, "log10_lambda": -4.621343538269189, "log10_min_child_weight": 4.159419490871357, "log10_subsample": -0.966696299619652, "max_depth": 8.0, "num_boost_round": 26.0}, "datetime": {"datetime": "2024-01-19 00:25:10", "elapsed": 815.267168, "delta": 0.001467}}
{"target": -13.75848270362022, "params": {"gamma": 885.3782219854007, "log10_alpha": -1.483219674875838, "log10_colsample_bytree": -0.6504037453751053, "log10_eta": -3.120471084482376, "log10_lambda": -4.621343538269189, "log10_min_child_weight": 4.159419490871357, "log10_subsample": -0.966696299619652, "max_depth": 8.0, "num_boost_round": 27.0}, "datetime": {"datetime": "2024-01-19 00:25:10", "elapsed": 815.268649, "delta": 0.001481}}
{"target": -13.75847415404676, "params": {"gamma": 885.3782219854007, "log10_alpha": -1.483219674875838, "log10_colsample_bytree": -0.6504037453751053, "log10_eta": -3.120471084482376, "log10_lambda": -4.621343538269189, "log10_min_child_weight": 4.159419490871357, "log10_subsample": -0.966696299619652, "max_depth": 8.0, "num_boost_round": 28.0}, "datetime": {"datetime": "2024-01-19 00:25:10", "elapsed": 815.270125, "delta": 0.001476}}
{"target": -13.758471884610799, "params": {"gamma": 885.3782219854007, "log10_alpha": -1.483219674875838, "log10_colsample_bytree": -0.6504037453751053, "log10_eta": -3.120471084482376, "log10_lambda": -4.621343538269189, "log10_min_child_weight": 4.159419490871357, "log10_subsample": -0.966696299619652, "max_depth": 8.0, "num_boost_round": 29.0}, "datetime": {"datetime": "2024-01-19 00:25:10", "elapsed": 815.271698, "delta": 0.001573}}
{"target": -13.758471717969025, "params": {"gamma": 885.3782219854007, "log10_alpha": -1.483219674875838, "log10_colsample_bytree": -0.6504037453751053, "log10_eta": -3.120471084482376, "log10_lambda": -4.621343538269189, "log10_min_child_weight": 4.159419490871357, "log10_subsample": -0.966696299619652, "max_depth": 8.0, "num_boost_round": 30.0}, "datetime": {"datetime": "2024-01-19 00:25:10", "elapsed": 815.273216, "delta": 0.001518}}
{"target": -13.758476555104115, "params": {"gamma": 885.3782219854007, "log10_alpha": -1.483219674875838, "log10_colsample_bytree": -0.6504037453751053, "log10_eta": -3.120471084482376, "log10_lambda": -4.621343538269189, "log10_min_child_weight": 4.159419490871357, "log10_subsample": -0.966696299619652, "max_depth": 8.0, "num_boost_round": 31.0}, "datetime": {"datetime": "2024-01-19 00:25:10", "elapsed": 815.274695, "delta": 0.001479}}
{"target": -13.758474502255032, "params": {"gamma": 885.3782219854007, "log10_alpha": -1.483219674875838, "log10_colsample_bytree": -0.6504037453751053, "log10_eta": -3.120471084482376, "log10_lambda": -4.621343538269189, "log10_min_child_weight": 4.159419490871357, "log10_subsample": -0.966696299619652, "max_depth": 8.0, "num_boost_round": 32.0}, "datetime": {"datetime": "2024-01-19 00:25:10", "elapsed": 815.276166, "delta": 0.001471}}
{"target": -13.758464061855666, "params": {"gamma": 885.3782219854007, "log10_alpha": -1.483219674875838, "log10_colsample_bytree": -0.6504037453751053, "log10_eta": -3.120471084482376, "log10_lambda": -4.621343538269189, "log10_min_child_weight": 4.159419490871357, "log10_subsample": -0.966696299619652, "max_depth": 8.0, "num_boost_round": 33.0}, "datetime": {"datetime": "2024-01-19 00:25:10", "elapsed": 815.277617, "delta": 0.001451}}
{"target": -13.758457019804005, "params": {"gamma": 885.3782219854007, "log10_alpha": -1.483219674875838, "log10_colsample_bytree": -0.6504037453751053, "log10_eta": -3.120471084482376, "log10_lambda": -4.621343538269189, "log10_min_child_weight": 4.159419490871357, "log10_subsample": -0.966696299619652, "max_depth": 8.0, "num_boost_round": 34.0}, "datetime": {"datetime": "2024-01-19 00:25:10", "elapsed": 815.279096, "delta": 0.001479}}
{"target": -13.758457434333263, "params": {"gamma": 885.3782219854007, "log10_alpha": -1.483219674875838, "log10_colsample_bytree": -0.6504037453751053, "log10_eta": -3.120471084482376, "log10_lambda": -4.621343538269189, "log10_min_child_weight": 4.159419490871357, "log10_subsample": -0.966696299619652, "max_depth": 8.0, "num_boost_round": 35.0}, "datetime": {"datetime": "2024-01-19 00:25:10", "elapsed": 815.280572, "delta": 0.001476}}
{"target": -13.758454197599312, "params": {"gamma": 885.3782219854007, "log10_alpha": -1.483219674875838, "log10_colsample_bytree": -0.6504037453751053, "log10_eta": -3.120471084482376, "log10_lambda": -4.621343538269189, "log10_min_child_weight": 4.159419490871357, "log10_subsample": -0.966696299619652, "max_depth": 8.0, "num_boost_round": 36.0}, "datetime": {"datetime": "2024-01-19 00:25:10", "elapsed": 815.282037, "delta": 0.001465}}
{"target": -13.758450592637704, "params": {"gamma": 885.3782219854007, "log10_alpha": -1.483219674875838, "log10_colsample_bytree": -0.6504037453751053, "log10_eta": -3.120471084482376, "log10_lambda": -4.621343538269189, "log10_min_child_weight": 4.159419490871357, "log10_subsample": -0.966696299619652, "max_depth": 8.0, "num_boost_round": 37.0}, "datetime": {"datetime": "2024-01-19 00:25:10", "elapsed": 815.283515, "delta": 0.001478}}
{"target": -13.75844551086957, "params": {"gamma": 885.3782219854007, "log10_alpha": -1.483219674875838, "log10_colsample_bytree": -0.6504037453751053, "log10_eta": -3.120471084482376, "log10_lambda": -4.621343538269189, "log10_min_child_weight": 4.159419490871357, "log10_subsample": -0.966696299619652, "max_depth": 8.0, "num_boost_round": 38.0}, "datetime": {"datetime": "2024-01-19 00:25:10", "elapsed": 815.284995, "delta": 0.00148}}
{"target": -13.75843887861575, "params": {"gamma": 885.3782219854007, "log10_alpha": -1.483219674875838, "log10_colsample_bytree": -0.6504037453751053, "log10_eta": -3.120471084482376, "log10_lambda": -4.621343538269189, "log10_min_child_weight": 4.159419490871357, "log10_subsample": -0.966696299619652, "max_depth": 8.0, "num_boost_round": 39.0}, "datetime": {"datetime": "2024-01-19 00:25:10", "elapsed": 815.286477, "delta": 0.001482}}
{"target": -13.75843657742485, "params": {"gamma": 885.3782219854007, "log10_alpha": -1.483219674875838, "log10_colsample_bytree": -0.6504037453751053, "log10_eta": -3.120471084482376, "log10_lambda": -4.621343538269189, "log10_min_child_weight": 4.159419490871357, "log10_subsample": -0.966696299619652, "max_depth": 8.0, "num_boost_round": 40.0}, "datetime": {"datetime": "2024-01-19 00:25:10", "elapsed": 815.28796, "delta": 0.001483}}
{"target": -13.758432080213707, "params": {"gamma": 885.3782219854007, "log10_alpha": -1.483219674875838, "log10_colsample_bytree": -0.6504037453751053, "log10_eta": -3.120471084482376, "log10_lambda": -4.621343538269189, "log10_min_child_weight": 4.159419490871357, "log10_subsample": -0.966696299619652, "max_depth": 8.0, "num_boost_round": 41.0}, "datetime": {"datetime": "2024-01-19 00:25:10", "elapsed": 815.289429, "delta": 0.001469}}
{"target": -13.758423090721347, "params": {"gamma": 885.3782219854007, "log10_alpha": -1.483219674875838, "log10_colsample_bytree": -0.6504037453751053, "log10_eta": -3.120471084482376, "log10_lambda": -4.621343538269189, "log10_min_child_weight": 4.159419490871357, "log10_subsample": -0.966696299619652, "max_depth": 8.0, "num_boost_round": 42.0}, "datetime": {"datetime": "2024-01-19 00:25:10", "elapsed": 815.290982, "delta": 0.001553}}
{"target": -13.758418258377542, "params": {"gamma": 885.3782219854007, "log10_alpha": -1.483219674875838, "log10_colsample_bytree": -0.6504037453751053, "log10_eta": -3.120471084482376, "log10_lambda": -4.621343538269189, "log10_min_child_weight": 4.159419490871357, "log10_subsample": -0.966696299619652, "max_depth": 8.0, "num_boost_round": 43.0}, "datetime": {"datetime": "2024-01-19 00:25:10", "elapsed": 815.292597, "delta": 0.001615}}
{"target": -13.758412815150555, "params": {"gamma": 885.3782219854007, "log10_alpha": -1.483219674875838, "log10_colsample_bytree": -0.6504037453751053, "log10_eta": -3.120471084482376, "log10_lambda": -4.621343538269189, "log10_min_child_weight": 4.159419490871357, "log10_subsample": -0.966696299619652, "max_depth": 8.0, "num_boost_round": 44.0}, "datetime": {"datetime": "2024-01-19 00:25:10", "elapsed": 815.294094, "delta": 0.001497}}
{"target": -13.758409118561644, "params": {"gamma": 885.3782219854007, "log10_alpha": -1.483219674875838, "log10_colsample_bytree": -0.6504037453751053, "log10_eta": -3.120471084482376, "log10_lambda": -4.621343538269189, "log10_min_child_weight": 4.159419490871357, "log10_subsample": -0.966696299619652, "max_depth": 8.0, "num_boost_round": 45.0}, "datetime": {"datetime": "2024-01-19 00:25:10", "elapsed": 815.295585, "delta": 0.001491}}
{"target": -13.758407303348502, "params": {"gamma": 885.3782219854007, "log10_alpha": -1.483219674875838, "log10_colsample_bytree": -0.6504037453751053, "log10_eta": -3.120471084482376, "log10_lambda": -4.621343538269189, "log10_min_child_weight": 4.159419490871357, "log10_subsample": -0.966696299619652, "max_depth": 8.0, "num_boost_round": 46.0}, "datetime": {"datetime": "2024-01-19 00:25:10", "elapsed": 815.29706, "delta": 0.001475}}
{"target": -13.758407007482292, "params": {"gamma": 885.3782219854007, "log10_alpha": -1.483219674875838, "log10_colsample_bytree": -0.6504037453751053, "log10_eta": -3.120471084482376, "log10_lambda": -4.621343538269189, "log10_min_child_weight": 4.159419490871357, "log10_subsample": -0.966696299619652, "max_depth": 8.0, "num_boost_round": 47.0}, "datetime": {"datetime": "2024-01-19 00:25:10", "elapsed": 815.298555, "delta": 0.001495}}
{"target": -13.758403715308201, "params": {"gamma": 885.3782219854007, "log10_alpha": -1.483219674875838, "log10_colsample_bytree": -0.6504037453751053, "log10_eta": -3.120471084482376, "log10_lambda": -4.621343538269189, "log10_min_child_weight": 4.159419490871357, "log10_subsample": -0.966696299619652, "max_depth": 8.0, "num_boost_round": 48.0}, "datetime": {"datetime": "2024-01-19 00:25:10", "elapsed": 815.300062, "delta": 0.001507}}
{"target": -13.758402780415471, "params": {"gamma": 885.3782219854007, "log10_alpha": -1.483219674875838, "log10_colsample_bytree": -0.6504037453751053, "log10_eta": -3.120471084482376, "log10_lambda": -4.621343538269189, "log10_min_child_weight": 4.159419490871357, "log10_subsample": -0.966696299619652, "max_depth": 8.0, "num_boost_round": 49.0}, "datetime": {"datetime": "2024-01-19 00:25:11", "elapsed": 815.301571, "delta": 0.001509}}
{"target": -13.758401157774882, "params": {"gamma": 885.3782219854007, "log10_alpha": -1.483219674875838, "log10_colsample_bytree": -0.6504037453751053, "log10_eta": -3.120471084482376, "log10_lambda": -4.621343538269189, "log10_min_child_weight": 4.159419490871357, "log10_subsample": -0.966696299619652, "max_depth": 8.0, "num_boost_round": 50.0}, "datetime": {"datetime": "2024-01-19 00:25:11", "elapsed": 815.30308, "delta": 0.001509}}
{"target": -13.758402391373826, "params": {"gamma": 885.3782219854007, "log10_alpha": -1.483219674875838, "log10_colsample_bytree": -0.6504037453751053, "log10_eta": -3.120471084482376, "log10_lambda": -4.621343538269189, "log10_min_child_weight": 4.159419490871357, "log10_subsample": -0.966696299619652, "max_depth": 8.0, "num_boost_round": 51.0}, "datetime": {"datetime": "2024-01-19 00:25:11", "elapsed": 815.304576, "delta": 0.001496}}
{"target": -13.758406311474072, "params": {"gamma": 885.3782219854007, "log10_alpha": -1.483219674875838, "log10_colsample_bytree": -0.6504037453751053, "log10_eta": -3.120471084482376, "log10_lambda": -4.621343538269189, "log10_min_child_weight": 4.159419490871357, "log10_subsample": -0.966696299619652, "max_depth": 8.0, "num_boost_round": 52.0}, "datetime": {"datetime": "2024-01-19 00:25:11", "elapsed": 815.306092, "delta": 0.001516}}
{"target": -13.758402826877292, "params": {"gamma": 885.3782219854007, "log10_alpha": -1.483219674875838, "log10_colsample_bytree": -0.6504037453751053, "log10_eta": -3.120471084482376, "log10_lambda": -4.621343538269189, "log10_min_child_weight": 4.159419490871357, "log10_subsample": -0.966696299619652, "max_depth": 8.0, "num_boost_round": 53.0}, "datetime": {"datetime": "2024-01-19 00:25:11", "elapsed": 815.307612, "delta": 0.00152}}
{"target": -13.75839661610381, "params": {"gamma": 885.3782219854007, "log10_alpha": -1.483219674875838, "log10_colsample_bytree": -0.6504037453751053, "log10_eta": -3.120471084482376, "log10_lambda": -4.621343538269189, "log10_min_child_weight": 4.159419490871357, "log10_subsample": -0.966696299619652, "max_depth": 8.0, "num_boost_round": 54.0}, "datetime": {"datetime": "2024-01-19 00:25:11", "elapsed": 815.309119, "delta": 0.001507}}
{"target": -13.758400520771895, "params": {"gamma": 885.3782219854007, "log10_alpha": -1.483219674875838, "log10_colsample_bytree": -0.6504037453751053, "log10_eta": -3.120471084482376, "log10_lambda": -4.621343538269189, "log10_min_child_weight": 4.159419490871357, "log10_subsample": -0.966696299619652, "max_depth": 8.0, "num_boost_round": 55.0}, "datetime": {"datetime": "2024-01-19 00:25:11", "elapsed": 815.310622, "delta": 0.001503}}
{"target": -13.758399500358022, "params": {"gamma": 885.3782219854007, "log10_alpha": -1.483219674875838, "log10_colsample_bytree": -0.6504037453751053, "log10_eta": -3.120471084482376, "log10_lambda": -4.621343538269189, "log10_min_child_weight": 4.159419490871357, "log10_subsample": -0.966696299619652, "max_depth": 8.0, "num_boost_round": 56.0}, "datetime": {"datetime": "2024-01-19 00:25:11", "elapsed": 815.312281, "delta": 0.001659}}
{"target": -13.758397249379453, "params": {"gamma": 885.3782219854007, "log10_alpha": -1.483219674875838, "log10_colsample_bytree": -0.6504037453751053, "log10_eta": -3.120471084482376, "log10_lambda": -4.621343538269189, "log10_min_child_weight": 4.159419490871357, "log10_subsample": -0.966696299619652, "max_depth": 8.0, "num_boost_round": 57.0}, "datetime": {"datetime": "2024-01-19 00:25:11", "elapsed": 815.313773, "delta": 0.001492}}
{"target": -13.758393227526033, "params": {"gamma": 885.3782219854007, "log10_alpha": -1.483219674875838, "log10_colsample_bytree": -0.6504037453751053, "log10_eta": -3.120471084482376, "log10_lambda": -4.621343538269189, "log10_min_child_weight": 4.159419490871357, "log10_subsample": -0.966696299619652, "max_depth": 8.0, "num_boost_round": 58.0}, "datetime": {"datetime": "2024-01-19 00:25:11", "elapsed": 815.315272, "delta": 0.001499}}
{"target": -13.758390184858143, "params": {"gamma": 885.3782219854007, "log10_alpha": -1.483219674875838, "log10_colsample_bytree": -0.6504037453751053, "log10_eta": -3.120471084482376, "log10_lambda": -4.621343538269189, "log10_min_child_weight": 4.159419490871357, "log10_subsample": -0.966696299619652, "max_depth": 8.0, "num_boost_round": 59.0}, "datetime": {"datetime": "2024-01-19 00:25:11", "elapsed": 815.316754, "delta": 0.001482}}
{"target": -13.758392418836367, "params": {"gamma": 885.3782219854007, "log10_alpha": -1.483219674875838, "log10_colsample_bytree": -0.6504037453751053, "log10_eta": -3.120471084482376, "log10_lambda": -4.621343538269189, "log10_min_child_weight": 4.159419490871357, "log10_subsample": -0.966696299619652, "max_depth": 8.0, "num_boost_round": 60.0}, "datetime": {"datetime": "2024-01-19 00:25:11", "elapsed": 815.318263, "delta": 0.001509}}
{"target": -13.758389007650603, "params": {"gamma": 885.3782219854007, "log10_alpha": -1.483219674875838, "log10_colsample_bytree": -0.6504037453751053, "log10_eta": -3.120471084482376, "log10_lambda": -4.621343538269189, "log10_min_child_weight": 4.159419490871357, "log10_subsample": -0.966696299619652, "max_depth": 8.0, "num_boost_round": 61.0}, "datetime": {"datetime": "2024-01-19 00:25:11", "elapsed": 815.319787, "delta": 0.001524}}
{"target": -13.75838919505269, "params": {"gamma": 885.3782219854007, "log10_alpha": -1.483219674875838, "log10_colsample_bytree": -0.6504037453751053, "log10_eta": -3.120471084482376, "log10_lambda": -4.621343538269189, "log10_min_child_weight": 4.159419490871357, "log10_subsample": -0.966696299619652, "max_depth": 8.0, "num_boost_round": 62.0}, "datetime": {"datetime": "2024-01-19 00:25:11", "elapsed": 815.321297, "delta": 0.00151}}
{"target": -13.75837890910134, "params": {"gamma": 885.3782219854007, "log10_alpha": -1.483219674875838, "log10_colsample_bytree": -0.6504037453751053, "log10_eta": -3.120471084482376, "log10_lambda": -4.621343538269189, "log10_min_child_weight": 4.159419490871357, "log10_subsample": -0.966696299619652, "max_depth": 8.0, "num_boost_round": 63.0}, "datetime": {"datetime": "2024-01-19 00:25:11", "elapsed": 815.322803, "delta": 0.001506}}
{"target": -13.758537749215623, "params": {"gamma": 891.3577652905398, "log10_alpha": -1.2527314586889302, "log10_colsample_bytree": -0.19508440288046125, "log10_eta": -3.8755317919891112, "log10_lambda": -1.4798137247198806, "log10_min_child_weight": 3.1196838288792494, "log10_subsample": -0.42136427150444744, "max_depth": 5.0, "num_boost_round": 0.0}, "datetime": {"datetime": "2024-01-19 00:25:37", "elapsed": 841.735141, "delta": 26.412338}}
{"target": -13.758534397748884, "params": {"gamma": 891.3577652905398, "log10_alpha": -1.2527314586889302, "log10_colsample_bytree": -0.19508440288046125, "log10_eta": -3.8755317919891112, "log10_lambda": -1.4798137247198806, "log10_min_child_weight": 3.1196838288792494, "log10_subsample": -0.42136427150444744, "max_depth": 5.0, "num_boost_round": 1.0}, "datetime": {"datetime": "2024-01-19 00:25:37", "elapsed": 841.737453, "delta": 0.002312}}
{"target": -13.758531699768374, "params": {"gamma": 891.3577652905398, "log10_alpha": -1.2527314586889302, "log10_colsample_bytree": -0.19508440288046125, "log10_eta": -3.8755317919891112, "log10_lambda": -1.4798137247198806, "log10_min_child_weight": 3.1196838288792494, "log10_subsample": -0.42136427150444744, "max_depth": 5.0, "num_boost_round": 2.0}, "datetime": {"datetime": "2024-01-19 00:25:37", "elapsed": 841.739517, "delta": 0.002064}}
{"target": -13.75853028889301, "params": {"gamma": 891.3577652905398, "log10_alpha": -1.2527314586889302, "log10_colsample_bytree": -0.19508440288046125, "log10_eta": -3.8755317919891112, "log10_lambda": -1.4798137247198806, "log10_min_child_weight": 3.1196838288792494, "log10_subsample": -0.42136427150444744, "max_depth": 5.0, "num_boost_round": 3.0}, "datetime": {"datetime": "2024-01-19 00:25:37", "elapsed": 841.741058, "delta": 0.001541}}
