{"target": -17.67690100438504, "params": {"gamma": 401.5530812201106, "log10_alpha": -4.565869234947409, "log10_colsample_bytree": -0.24902945985272584, "log10_eta": -3.433186210619057, "log10_lambda": -3.1463416306131378, "log10_min_child_weight": 1.9788583156433686, "log10_subsample": -0.040477636582059495, "max_depth": 6.0, "num_boost_round": 15.0}, "datetime": {"datetime": "2024-01-19 01:22:20", "elapsed": 4230.32019, "delta": 0.004887}}
{"target": -17.676869222810318, "params": {"gamma": 401.5530812201106, "log10_alpha": -4.565869234947409, "log10_colsample_bytree": -0.24902945985272584, "log10_eta": -3.433186210619057, "log10_lambda": -3.1463416306131378, "log10_min_child_weight": 1.9788583156433686, "log10_subsample": -0.040477636582059495, "max_depth": 6.0, "num_boost_round": 16.0}, "datetime": {"datetime": "2024-01-19 01:22:20", "elapsed": 4230.325181, "delta": 0.004991}}
{"target": -17.676853141459663, "params": {"gamma": 401.5530812201106, "log10_alpha": -4.565869234947409, "log10_colsample_bytree": -0.24902945985272584, "log10_eta": -3.433186210619057, "log10_lambda": -3.1463416306131378, "log10_min_child_weight": 1.9788583156433686, "log10_subsample": -0.040477636582059495, "max_depth": 6.0, "num_boost_round": 17.0}, "datetime": {"datetime": "2024-01-19 01:22:20", "elapsed": 4230.330119, "delta": 0.004938}}
{"target": -17.676828154770128, "params": {"gamma": 401.5530812201106, "log10_alpha": -4.565869234947409, "log10_colsample_bytree": -0.24902945985272584, "log10_eta": -3.433186210619057, "log10_lambda": -3.1463416306131378, "log10_min_child_weight": 1.9788583156433686, "log10_subsample": -0.040477636582059495, "max_depth": 6.0, "num_boost_round": 18.0}, "datetime": {"datetime": "2024-01-19 01:22:20", "elapsed": 4230.335825, "delta": 0.005706}}
{"target": -17.67722446182817, "params": {"gamma": 395.2943266163588, "log10_alpha": -4.191546739528129, "log10_colsample_bytree": -0.7264139048283645, "log10_eta": -3.6946491261982746, "log10_lambda": 0.3548048903874337, "log10_min_child_weight": 1.675006998005824, "log10_subsample": -0.27068334439461195, "max_depth": 8.0, "num_boost_round": 0.0}, "datetime": {"datetime": "2024-01-19 01:23:14", "elapsed": 4284.5093, "delta": 54.173475}}
{"target": -17.677225183436864, "params": {"gamma": 395.2943266163588, "log10_alpha": -4.191546739528129, "log10_colsample_bytree": -0.7264139048283645, "log10_eta": -3.6946491261982746, "log10_lambda": 0.3548048903874337, "log10_min_child_weight": 1.675006998005824, "log10_subsample": -0.27068334439461195, "max_depth": 8.0, "num_boost_round": 1.0}, "datetime": {"datetime": "2024-01-19 01:23:14", "elapsed": 4284.514882, "delta": 0.005582}}
{"target": -17.677205893392024, "params": {"gamma": 395.2943266163588, "log10_alpha": -4.191546739528129, "log10_colsample_bytree": -0.7264139048283645, "log10_eta": -3.6946491261982746, "log10_lambda": 0.3548048903874337, "log10_min_child_weight": 1.675006998005824, "log10_subsample": -0.27068334439461195, "max_depth": 8.0, "num_boost_round": 2.0}, "datetime": {"datetime": "2024-01-19 01:23:14", "elapsed": 4284.519538, "delta": 0.004656}}
{"target": -17.6771932830162, "params": {"gamma": 395.2943266163588, "log10_alpha": -4.191546739528129, "log10_colsample_bytree": -0.7264139048283645, "log10_eta": -3.6946491261982746, "log10_lambda": 0.3548048903874337, "log10_min_child_weight": 1.675006998005824, "log10_subsample": -0.27068334439461195, "max_depth": 8.0, "num_boost_round": 3.0}, "datetime": {"datetime": "2024-01-19 01:23:14", "elapsed": 4284.524213, "delta": 0.004675}}
{"target": -17.67716499655803, "params": {"gamma": 395.2943266163588, "log10_alpha": -4.191546739528129, "log10_colsample_bytree": -0.7264139048283645, "log10_eta": -3.6946491261982746, "log10_lambda": 0.3548048903874337, "log10_min_child_weight": 1.675006998005824, "log10_subsample": -0.27068334439461195, "max_depth": 8.0, "num_boost_round": 4.0}, "datetime": {"datetime": "2024-01-19 01:23:14", "elapsed": 4284.528874, "delta": 0.004661}}
{"target": -17.677154098204337, "params": {"gamma": 395.2943266163588, "log10_alpha": -4.191546739528129, "log10_colsample_bytree": -0.7264139048283645, "log10_eta": -3.6946491261982746, "log10_lambda": 0.3548048903874337, "log10_min_child_weight": 1.675006998005824, "log10_subsample": -0.27068334439461195, "max_depth": 8.0, "num_boost_round": 5.0}, "datetime": {"datetime": "2024-01-19 01:23:14", "elapsed": 4284.53361, "delta": 0.004736}}
{"target": -17.67714841340406, "params": {"gamma": 395.2943266163588, "log10_alpha": -4.191546739528129, "log10_colsample_bytree": -0.7264139048283645, "log10_eta": -3.6946491261982746, "log10_lambda": 0.3548048903874337, "log10_min_child_weight": 1.675006998005824, "log10_subsample": -0.27068334439461195, "max_depth": 8.0, "num_boost_round": 6.0}, "datetime": {"datetime": "2024-01-19 01:23:14", "elapsed": 4284.651881, "delta": 0.118271}}
{"target": -17.6771368308671, "params": {"gamma": 395.2943266163588, "log10_alpha": -4.191546739528129, "log10_colsample_bytree": -0.7264139048283645, "log10_eta": -3.6946491261982746, "log10_lambda": 0.3548048903874337, "log10_min_child_weight": 1.675006998005824, "log10_subsample": -0.27068334439461195, "max_depth": 8.0, "num_boost_round": 7.0}, "datetime": {"datetime": "2024-01-19 01:23:14", "elapsed": 4284.657706, "delta": 0.005825}}
{"target": -17.677130044706157, "params": {"gamma": 395.2943266163588, "log10_alpha": -4.191546739528129, "log10_colsample_bytree": -0.7264139048283645, "log10_eta": -3.6946491261982746, "log10_lambda": 0.3548048903874337, "log10_min_child_weight": 1.675006998005824, "log10_subsample": -0.27068334439461195, "max_depth": 8.0, "num_boost_round": 8.0}, "datetime": {"datetime": "2024-01-19 01:23:14", "elapsed": 4284.663123, "delta": 0.005417}}
{"target": -17.677125747099662, "params": {"gamma": 395.2943266163588, "log10_alpha": -4.191546739528129, "log10_colsample_bytree": -0.7264139048283645, "log10_eta": -3.6946491261982746, "log10_lambda": 0.3548048903874337, "log10_min_child_weight": 1.675006998005824, "log10_subsample": -0.27068334439461195, "max_depth": 8.0, "num_boost_round": 9.0}, "datetime": {"datetime": "2024-01-19 01:23:14", "elapsed": 4284.668166, "delta": 0.005043}}
{"target": -17.677110299128977, "params": {"gamma": 395.2943266163588, "log10_alpha": -4.191546739528129, "log10_colsample_bytree": -0.7264139048283645, "log10_eta": -3.6946491261982746, "log10_lambda": 0.3548048903874337, "log10_min_child_weight": 1.675006998005824, "log10_subsample": -0.27068334439461195, "max_depth": 8.0, "num_boost_round": 10.0}, "datetime": {"datetime": "2024-01-19 01:23:14", "elapsed": 4284.673128, "delta": 0.004962}}
{"target": -17.677107763661393, "params": {"gamma": 395.2943266163588, "log10_alpha": -4.191546739528129, "log10_colsample_bytree": -0.7264139048283645, "log10_eta": -3.6946491261982746, "log10_lambda": 0.3548048903874337, "log10_min_child_weight": 1.675006998005824, "log10_subsample": -0.27068334439461195, "max_depth": 8.0, "num_boost_round": 11.0}, "datetime": {"datetime": "2024-01-19 01:23:14", "elapsed": 4284.678038, "delta": 0.00491}}
{"target": -17.6770927663199, "params": {"gamma": 395.2943266163588, "log10_alpha": -4.191546739528129, "log10_colsample_bytree": -0.7264139048283645, "log10_eta": -3.6946491261982746, "log10_lambda": 0.3548048903874337, "log10_min_child_weight": 1.675006998005824, "log10_subsample": -0.27068334439461195, "max_depth": 8.0, "num_boost_round": 12.0}, "datetime": {"datetime": "2024-01-19 01:23:14", "elapsed": 4284.682975, "delta": 0.004937}}
{"target": -17.67706735451721, "params": {"gamma": 395.2943266163588, "log10_alpha": -4.191546739528129, "log10_colsample_bytree": -0.7264139048283645, "log10_eta": -3.6946491261982746, "log10_lambda": 0.3548048903874337, "log10_min_child_weight": 1.675006998005824, "log10_subsample": -0.27068334439461195, "max_depth": 8.0, "num_boost_round": 13.0}, "datetime": {"datetime": "2024-01-19 01:23:14", "elapsed": 4284.687935, "delta": 0.00496}}
{"target": -17.677074308166926, "params": {"gamma": 395.2943266163588, "log10_alpha": -4.191546739528129, "log10_colsample_bytree": -0.7264139048283645, "log10_eta": -3.6946491261982746, "log10_lambda": 0.3548048903874337, "log10_min_child_weight": 1.675006998005824, "log10_subsample": -0.27068334439461195, "max_depth": 8.0, "num_boost_round": 14.0}, "datetime": {"datetime": "2024-01-19 01:23:14", "elapsed": 4284.692859, "delta": 0.004924}}
{"target": -17.67706328174545, "params": {"gamma": 395.2943266163588, "log10_alpha": -4.191546739528129, "log10_colsample_bytree": -0.7264139048283645, "log10_eta": -3.6946491261982746, "log10_lambda": 0.3548048903874337, "log10_min_child_weight": 1.675006998005824, "log10_subsample": -0.27068334439461195, "max_depth": 8.0, "num_boost_round": 15.0}, "datetime": {"datetime": "2024-01-19 01:23:14", "elapsed": 4284.697748, "delta": 0.004889}}
{"target": -17.677059042855284, "params": {"gamma": 395.2943266163588, "log10_alpha": -4.191546739528129, "log10_colsample_bytree": -0.7264139048283645, "log10_eta": -3.6946491261982746, "log10_lambda": 0.3548048903874337, "log10_min_child_weight": 1.675006998005824, "log10_subsample": -0.27068334439461195, "max_depth": 8.0, "num_boost_round": 16.0}, "datetime": {"datetime": "2024-01-19 01:23:14", "elapsed": 4284.702654, "delta": 0.004906}}
{"target": -17.677051666593172, "params": {"gamma": 395.2943266163588, "log10_alpha": -4.191546739528129, "log10_colsample_bytree": -0.7264139048283645, "log10_eta": -3.6946491261982746, "log10_lambda": 0.3548048903874337, "log10_min_child_weight": 1.675006998005824, "log10_subsample": -0.27068334439461195, "max_depth": 8.0, "num_boost_round": 17.0}, "datetime": {"datetime": "2024-01-19 01:23:14", "elapsed": 4284.707608, "delta": 0.004954}}
{"target": -17.677051190243418, "params": {"gamma": 395.2943266163588, "log10_alpha": -4.191546739528129, "log10_colsample_bytree": -0.7264139048283645, "log10_eta": -3.6946491261982746, "log10_lambda": 0.3548048903874337, "log10_min_child_weight": 1.675006998005824, "log10_subsample": -0.27068334439461195, "max_depth": 8.0, "num_boost_round": 18.0}, "datetime": {"datetime": "2024-01-19 01:23:14", "elapsed": 4284.712553, "delta": 0.004945}}
{"target": -17.677036322768128, "params": {"gamma": 395.2943266163588, "log10_alpha": -4.191546739528129, "log10_colsample_bytree": -0.7264139048283645, "log10_eta": -3.6946491261982746, "log10_lambda": 0.3548048903874337, "log10_min_child_weight": 1.675006998005824, "log10_subsample": -0.27068334439461195, "max_depth": 8.0, "num_boost_round": 19.0}, "datetime": {"datetime": "2024-01-19 01:23:14", "elapsed": 4284.717397, "delta": 0.004844}}
{"target": -17.677025386038306, "params": {"gamma": 395.2943266163588, "log10_alpha": -4.191546739528129, "log10_colsample_bytree": -0.7264139048283645, "log10_eta": -3.6946491261982746, "log10_lambda": 0.3548048903874337, "log10_min_child_weight": 1.675006998005824, "log10_subsample": -0.27068334439461195, "max_depth": 8.0, "num_boost_round": 20.0}, "datetime": {"datetime": "2024-01-19 01:23:14", "elapsed": 4284.722371, "delta": 0.004974}}
{"target": -17.67701966378918, "params": {"gamma": 395.2943266163588, "log10_alpha": -4.191546739528129, "log10_colsample_bytree": -0.7264139048283645, "log10_eta": -3.6946491261982746, "log10_lambda": 0.3548048903874337, "log10_min_child_weight": 1.675006998005824, "log10_subsample": -0.27068334439461195, "max_depth": 8.0, "num_boost_round": 21.0}, "datetime": {"datetime": "2024-01-19 01:23:14", "elapsed": 4284.727354, "delta": 0.004983}}
{"target": -17.67698777299344, "params": {"gamma": 395.2943266163588, "log10_alpha": -4.191546739528129, "log10_colsample_bytree": -0.7264139048283645, "log10_eta": -3.6946491261982746, "log10_lambda": 0.3548048903874337, "log10_min_child_weight": 1.675006998005824, "log10_subsample": -0.27068334439461195, "max_depth": 8.0, "num_boost_round": 22.0}, "datetime": {"datetime": "2024-01-19 01:23:14", "elapsed": 4284.732283, "delta": 0.004929}}
{"target": -17.67698056974744, "params": {"gamma": 395.2943266163588, "log10_alpha": -4.191546739528129, "log10_colsample_bytree": -0.7264139048283645, "log10_eta": -3.6946491261982746, "log10_lambda": 0.3548048903874337, "log10_min_child_weight": 1.675006998005824, "log10_subsample": -0.27068334439461195, "max_depth": 8.0, "num_boost_round": 23.0}, "datetime": {"datetime": "2024-01-19 01:23:14", "elapsed": 4284.73716, "delta": 0.004877}}
{"target": -17.67698018714371, "params": {"gamma": 395.2943266163588, "log10_alpha": -4.191546739528129, "log10_colsample_bytree": -0.7264139048283645, "log10_eta": -3.6946491261982746, "log10_lambda": 0.3548048903874337, "log10_min_child_weight": 1.675006998005824, "log10_subsample": -0.27068334439461195, "max_depth": 8.0, "num_boost_round": 24.0}, "datetime": {"datetime": "2024-01-19 01:23:14", "elapsed": 4284.742131, "delta": 0.004971}}
{"target": -17.676964421940824, "params": {"gamma": 395.2943266163588, "log10_alpha": -4.191546739528129, "log10_colsample_bytree": -0.7264139048283645, "log10_eta": -3.6946491261982746, "log10_lambda": 0.3548048903874337, "log10_min_child_weight": 1.675006998005824, "log10_subsample": -0.27068334439461195, "max_depth": 8.0, "num_boost_round": 25.0}, "datetime": {"datetime": "2024-01-19 01:23:14", "elapsed": 4284.747237, "delta": 0.005106}}
{"target": -17.676951071024085, "params": {"gamma": 395.2943266163588, "log10_alpha": -4.191546739528129, "log10_colsample_bytree": -0.7264139048283645, "log10_eta": -3.6946491261982746, "log10_lambda": 0.3548048903874337, "log10_min_child_weight": 1.675006998005824, "log10_subsample": -0.27068334439461195, "max_depth": 8.0, "num_boost_round": 26.0}, "datetime": {"datetime": "2024-01-19 01:23:14", "elapsed": 4284.752393, "delta": 0.005156}}
{"target": -17.677048710647473, "params": {"gamma": 399.1665016631861, "log10_alpha": -4.640250368135301, "log10_colsample_bytree": -0.8837678063359007, "log10_eta": -2.169745131640056, "log10_lambda": -1.9910920202769047, "log10_min_child_weight": 1.3981794150367, "log10_subsample": -0.6522423823713888, "max_depth": 9.0, "num_boost_round": 0.0}, "datetime": {"datetime": "2024-01-19 01:24:07", "elapsed": 4336.96507, "delta": 52.212677}}
{"target": -17.67703907404099, "params": {"gamma": 399.1665016631861, "log10_alpha": -4.640250368135301, "log10_colsample_bytree": -0.8837678063359007, "log10_eta": -2.169745131640056, "log10_lambda": -1.9910920202769047, "log10_min_child_weight": 1.3981794150367, "log10_subsample": -0.6522423823713888, "max_depth": 9.0, "num_boost_round": 1.0}, "datetime": {"datetime": "2024-01-19 01:24:07", "elapsed": 4336.971022, "delta": 0.005952}}
{"target": -17.676800246692085, "params": {"gamma": 399.1665016631861, "log10_alpha": -4.640250368135301, "log10_colsample_bytree": -0.8837678063359007, "log10_eta": -2.169745131640056, "log10_lambda": -1.9910920202769047, "log10_min_child_weight": 1.3981794150367, "log10_subsample": -0.6522423823713888, "max_depth": 9.0, "num_boost_round": 2.0}, "datetime": {"datetime": "2024-01-19 01:24:07", "elapsed": 4336.976676, "delta": 0.005654}}
{"target": -17.676760333372666, "params": {"gamma": 399.1665016631861, "log10_alpha": -4.640250368135301, "log10_colsample_bytree": -0.8837678063359007, "log10_eta": -2.169745131640056, "log10_lambda": -1.9910920202769047, "log10_min_child_weight": 1.3981794150367, "log10_subsample": -0.6522423823713888, "max_depth": 9.0, "num_boost_round": 3.0}, "datetime": {"datetime": "2024-01-19 01:24:07", "elapsed": 4336.981934, "delta": 0.005258}}
{"target": -17.676278306451056, "params": {"gamma": 399.1665016631861, "log10_alpha": -4.640250368135301, "log10_colsample_bytree": -0.8837678063359007, "log10_eta": -2.169745131640056, "log10_lambda": -1.9910920202769047, "log10_min_child_weight": 1.3981794150367, "log10_subsample": -0.6522423823713888, "max_depth": 9.0, "num_boost_round": 4.0}, "datetime": {"datetime": "2024-01-19 01:24:07", "elapsed": 4336.987432, "delta": 0.005498}}
{"target": -17.6763689176079, "params": {"gamma": 399.1665016631861, "log10_alpha": -4.640250368135301, "log10_colsample_bytree": -0.8837678063359007, "log10_eta": -2.169745131640056, "log10_lambda": -1.9910920202769047, "log10_min_child_weight": 1.3981794150367, "log10_subsample": -0.6522423823713888, "max_depth": 9.0, "num_boost_round": 5.0}, "datetime": {"datetime": "2024-01-19 01:24:07", "elapsed": 4336.992869, "delta": 0.005437}}
{"target": -17.676557800356328, "params": {"gamma": 399.1665016631861, "log10_alpha": -4.640250368135301, "log10_colsample_bytree": -0.8837678063359007, "log10_eta": -2.169745131640056, "log10_lambda": -1.9910920202769047, "log10_min_child_weight": 1.3981794150367, "log10_subsample": -0.6522423823713888, "max_depth": 9.0, "num_boost_round": 6.0}, "datetime": {"datetime": "2024-01-19 01:24:07", "elapsed": 4336.998379, "delta": 0.00551}}
{"target": -17.676248655507223, "params": {"gamma": 399.1665016631861, "log10_alpha": -4.640250368135301, "log10_colsample_bytree": -0.8837678063359007, "log10_eta": -2.169745131640056, "log10_lambda": -1.9910920202769047, "log10_min_child_weight": 1.3981794150367, "log10_subsample": -0.6522423823713888, "max_depth": 9.0, "num_boost_round": 7.0}, "datetime": {"datetime": "2024-01-19 01:24:07", "elapsed": 4337.003757, "delta": 0.005378}}
{"target": -17.675973816693723, "params": {"gamma": 399.1665016631861, "log10_alpha": -4.640250368135301, "log10_colsample_bytree": -0.8837678063359007, "log10_eta": -2.169745131640056, "log10_lambda": -1.9910920202769047, "log10_min_child_weight": 1.3981794150367, "log10_subsample": -0.6522423823713888, "max_depth": 9.0, "num_boost_round": 8.0}, "datetime": {"datetime": "2024-01-19 01:24:07", "elapsed": 4337.009079, "delta": 0.005322}}
{"target": -17.675927482579844, "params": {"gamma": 399.1665016631861, "log10_alpha": -4.640250368135301, "log10_colsample_bytree": -0.8837678063359007, "log10_eta": -2.169745131640056, "log10_lambda": -1.9910920202769047, "log10_min_child_weight": 1.3981794150367, "log10_subsample": -0.6522423823713888, "max_depth": 9.0, "num_boost_round": 9.0}, "datetime": {"datetime": "2024-01-19 01:24:07", "elapsed": 4337.014398, "delta": 0.005319}}
{"target": -17.675115518915174, "params": {"gamma": 399.1665016631861, "log10_alpha": -4.640250368135301, "log10_colsample_bytree": -0.8837678063359007, "log10_eta": -2.169745131640056, "log10_lambda": -1.9910920202769047, "log10_min_child_weight": 1.3981794150367, "log10_subsample": -0.6522423823713888, "max_depth": 9.0, "num_boost_round": 10.0}, "datetime": {"datetime": "2024-01-19 01:24:07", "elapsed": 4337.019696, "delta": 0.005298}}
{"target": -17.67490729502979, "params": {"gamma": 399.1665016631861, "log10_alpha": -4.640250368135301, "log10_colsample_bytree": -0.8837678063359007, "log10_eta": -2.169745131640056, "log10_lambda": -1.9910920202769047, "log10_min_child_weight": 1.3981794150367, "log10_subsample": -0.6522423823713888, "max_depth": 9.0, "num_boost_round": 11.0}, "datetime": {"datetime": "2024-01-19 01:24:07", "elapsed": 4337.024814, "delta": 0.005118}}
{"target": -17.67453743660698, "params": {"gamma": 399.1665016631861, "log10_alpha": -4.640250368135301, "log10_colsample_bytree": -0.8837678063359007, "log10_eta": -2.169745131640056, "log10_lambda": -1.9910920202769047, "log10_min_child_weight": 1.3981794150367, "log10_subsample": -0.6522423823713888, "max_depth": 9.0, "num_boost_round": 12.0}, "datetime": {"datetime": "2024-01-19 01:24:07", "elapsed": 4337.030059, "delta": 0.005245}}
{"target": -17.67429329102259, "params": {"gamma": 399.1665016631861, "log10_alpha": -4.640250368135301, "log10_colsample_bytree": -0.8837678063359007, "log10_eta": -2.169745131640056, "log10_lambda": -1.9910920202769047, "log10_min_child_weight": 1.3981794150367, "log10_subsample": -0.6522423823713888, "max_depth": 9.0, "num_boost_round": 13.0}, "datetime": {"datetime": "2024-01-19 01:24:07", "elapsed": 4337.035274, "delta": 0.005215}}
{"target": -17.67451034731083, "params": {"gamma": 399.1665016631861, "log10_alpha": -4.640250368135301, "log10_colsample_bytree": -0.8837678063359007, "log10_eta": -2.169745131640056, "log10_lambda": -1.9910920202769047, "log10_min_child_weight": 1.3981794150367, "log10_subsample": -0.6522423823713888, "max_depth": 9.0, "num_boost_round": 14.0}, "datetime": {"datetime": "2024-01-19 01:24:07", "elapsed": 4337.040925, "delta": 0.005651}}
{"target": -17.674293958932694, "params": {"gamma": 399.1665016631861, "log10_alpha": -4.640250368135301, "log10_colsample_bytree": -0.8837678063359007, "log10_eta": -2.169745131640056, "log10_lambda": -1.9910920202769047, "log10_min_child_weight": 1.3981794150367, "log10_subsample": -0.6522423823713888, "max_depth": 9.0, "num_boost_round": 15.0}, "datetime": {"datetime": "2024-01-19 01:24:07", "elapsed": 4337.046703, "delta": 0.005778}}
{"target": -17.674243916038748, "params": {"gamma": 399.1665016631861, "log10_alpha": -4.640250368135301, "log10_colsample_bytree": -0.8837678063359007, "log10_eta": -2.169745131640056, "log10_lambda": -1.9910920202769047, "log10_min_child_weight": 1.3981794150367, "log10_subsample": -0.6522423823713888, "max_depth": 9.0, "num_boost_round": 16.0}, "datetime": {"datetime": "2024-01-19 01:24:07", "elapsed": 4337.052222, "delta": 0.005519}}
{"target": -17.6737776532888, "params": {"gamma": 399.1665016631861, "log10_alpha": -4.640250368135301, "log10_colsample_bytree": -0.8837678063359007, "log10_eta": -2.169745131640056, "log10_lambda": -1.9910920202769047, "log10_min_child_weight": 1.3981794150367, "log10_subsample": -0.6522423823713888, "max_depth": 9.0, "num_boost_round": 17.0}, "datetime": {"datetime": "2024-01-19 01:24:07", "elapsed": 4337.057484, "delta": 0.005262}}
