{"target": -17.67455642922943, "params": {"gamma": 889.9776497361156, "log10_alpha": -4.376415989225284, "log10_colsample_bytree": -0.6390612661548191, "log10_eta": -1.9467986750059354, "log10_lambda": -4.1996774127425835, "log10_min_child_weight": 0.03425837368134732, "log10_subsample": -0.522160959631727, "max_depth": 2.0, "num_boost_round": 12.0}, "datetime": {"datetime": "2024-01-19 01:08:47", "elapsed": 3407.792462, "delta": 0.003573}}
{"target": -17.67429049513139, "params": {"gamma": 889.9776497361156, "log10_alpha": -4.376415989225284, "log10_colsample_bytree": -0.6390612661548191, "log10_eta": -1.9467986750059354, "log10_lambda": -4.1996774127425835, "log10_min_child_weight": 0.03425837368134732, "log10_subsample": -0.522160959631727, "max_depth": 2.0, "num_boost_round": 13.0}, "datetime": {"datetime": "2024-01-19 01:08:47", "elapsed": 3407.796004, "delta": 0.003542}}
{"target": -17.674243831302423, "params": {"gamma": 889.9776497361156, "log10_alpha": -4.376415989225284, "log10_colsample_bytree": -0.6390612661548191, "log10_eta": -1.9467986750059354, "log10_lambda": -4.1996774127425835, "log10_min_child_weight": 0.03425837368134732, "log10_subsample": -0.522160959631727, "max_depth": 2.0, "num_boost_round": 14.0}, "datetime": {"datetime": "2024-01-19 01:08:47", "elapsed": 3407.799638, "delta": 0.003634}}
{"target": -17.674086067827716, "params": {"gamma": 889.9776497361156, "log10_alpha": -4.376415989225284, "log10_colsample_bytree": -0.6390612661548191, "log10_eta": -1.9467986750059354, "log10_lambda": -4.1996774127425835, "log10_min_child_weight": 0.03425837368134732, "log10_subsample": -0.522160959631727, "max_depth": 2.0, "num_boost_round": 15.0}, "datetime": {"datetime": "2024-01-19 01:08:47", "elapsed": 3407.803504, "delta": 0.003866}}
{"target": -17.673806508342924, "params": {"gamma": 889.9776497361156, "log10_alpha": -4.376415989225284, "log10_colsample_bytree": -0.6390612661548191, "log10_eta": -1.9467986750059354, "log10_lambda": -4.1996774127425835, "log10_min_child_weight": 0.03425837368134732, "log10_subsample": -0.522160959631727, "max_depth": 2.0, "num_boost_round": 16.0}, "datetime": {"datetime": "2024-01-19 01:08:47", "elapsed": 3407.807133, "delta": 0.003629}}
{"target": -17.673644925565075, "params": {"gamma": 889.9776497361156, "log10_alpha": -4.376415989225284, "log10_colsample_bytree": -0.6390612661548191, "log10_eta": -1.9467986750059354, "log10_lambda": -4.1996774127425835, "log10_min_child_weight": 0.03425837368134732, "log10_subsample": -0.522160959631727, "max_depth": 2.0, "num_boost_round": 17.0}, "datetime": {"datetime": "2024-01-19 01:08:47", "elapsed": 3407.810772, "delta": 0.003639}}
{"target": -17.673379195002564, "params": {"gamma": 889.9776497361156, "log10_alpha": -4.376415989225284, "log10_colsample_bytree": -0.6390612661548191, "log10_eta": -1.9467986750059354, "log10_lambda": -4.1996774127425835, "log10_min_child_weight": 0.03425837368134732, "log10_subsample": -0.522160959631727, "max_depth": 2.0, "num_boost_round": 18.0}, "datetime": {"datetime": "2024-01-19 01:08:47", "elapsed": 3407.814352, "delta": 0.00358}}
{"target": -17.673241668704698, "params": {"gamma": 889.9776497361156, "log10_alpha": -4.376415989225284, "log10_colsample_bytree": -0.6390612661548191, "log10_eta": -1.9467986750059354, "log10_lambda": -4.1996774127425835, "log10_min_child_weight": 0.03425837368134732, "log10_subsample": -0.522160959631727, "max_depth": 2.0, "num_boost_round": 19.0}, "datetime": {"datetime": "2024-01-19 01:08:47", "elapsed": 3407.817949, "delta": 0.003597}}
{"target": -17.6729940240852, "params": {"gamma": 889.9776497361156, "log10_alpha": -4.376415989225284, "log10_colsample_bytree": -0.6390612661548191, "log10_eta": -1.9467986750059354, "log10_lambda": -4.1996774127425835, "log10_min_child_weight": 0.03425837368134732, "log10_subsample": -0.522160959631727, "max_depth": 2.0, "num_boost_round": 20.0}, "datetime": {"datetime": "2024-01-19 01:08:47", "elapsed": 3407.821544, "delta": 0.003595}}
{"target": -17.67275345631423, "params": {"gamma": 889.9776497361156, "log10_alpha": -4.376415989225284, "log10_colsample_bytree": -0.6390612661548191, "log10_eta": -1.9467986750059354, "log10_lambda": -4.1996774127425835, "log10_min_child_weight": 0.03425837368134732, "log10_subsample": -0.522160959631727, "max_depth": 2.0, "num_boost_round": 21.0}, "datetime": {"datetime": "2024-01-19 01:08:47", "elapsed": 3407.831503, "delta": 0.009959}}
{"target": -17.67269763042186, "params": {"gamma": 889.9776497361156, "log10_alpha": -4.376415989225284, "log10_colsample_bytree": -0.6390612661548191, "log10_eta": -1.9467986750059354, "log10_lambda": -4.1996774127425835, "log10_min_child_weight": 0.03425837368134732, "log10_subsample": -0.522160959631727, "max_depth": 2.0, "num_boost_round": 22.0}, "datetime": {"datetime": "2024-01-19 01:08:47", "elapsed": 3407.835293, "delta": 0.00379}}
{"target": -17.672266798952478, "params": {"gamma": 889.9776497361156, "log10_alpha": -4.376415989225284, "log10_colsample_bytree": -0.6390612661548191, "log10_eta": -1.9467986750059354, "log10_lambda": -4.1996774127425835, "log10_min_child_weight": 0.03425837368134732, "log10_subsample": -0.522160959631727, "max_depth": 2.0, "num_boost_round": 23.0}, "datetime": {"datetime": "2024-01-19 01:08:47", "elapsed": 3407.838963, "delta": 0.00367}}
{"target": -17.672118047461634, "params": {"gamma": 889.9776497361156, "log10_alpha": -4.376415989225284, "log10_colsample_bytree": -0.6390612661548191, "log10_eta": -1.9467986750059354, "log10_lambda": -4.1996774127425835, "log10_min_child_weight": 0.03425837368134732, "log10_subsample": -0.522160959631727, "max_depth": 2.0, "num_boost_round": 24.0}, "datetime": {"datetime": "2024-01-19 01:08:47", "elapsed": 3407.842602, "delta": 0.003639}}
{"target": -17.67183580056885, "params": {"gamma": 889.9776497361156, "log10_alpha": -4.376415989225284, "log10_colsample_bytree": -0.6390612661548191, "log10_eta": -1.9467986750059354, "log10_lambda": -4.1996774127425835, "log10_min_child_weight": 0.03425837368134732, "log10_subsample": -0.522160959631727, "max_depth": 2.0, "num_boost_round": 25.0}, "datetime": {"datetime": "2024-01-19 01:08:47", "elapsed": 3407.846165, "delta": 0.003563}}
{"target": -17.671852807123866, "params": {"gamma": 889.9776497361156, "log10_alpha": -4.376415989225284, "log10_colsample_bytree": -0.6390612661548191, "log10_eta": -1.9467986750059354, "log10_lambda": -4.1996774127425835, "log10_min_child_weight": 0.03425837368134732, "log10_subsample": -0.522160959631727, "max_depth": 2.0, "num_boost_round": 26.0}, "datetime": {"datetime": "2024-01-19 01:08:47", "elapsed": 3407.849736, "delta": 0.003571}}
{"target": -17.671696470840242, "params": {"gamma": 889.9776497361156, "log10_alpha": -4.376415989225284, "log10_colsample_bytree": -0.6390612661548191, "log10_eta": -1.9467986750059354, "log10_lambda": -4.1996774127425835, "log10_min_child_weight": 0.03425837368134732, "log10_subsample": -0.522160959631727, "max_depth": 2.0, "num_boost_round": 27.0}, "datetime": {"datetime": "2024-01-19 01:08:47", "elapsed": 3407.853443, "delta": 0.003707}}
{"target": -17.671545073184944, "params": {"gamma": 889.9776497361156, "log10_alpha": -4.376415989225284, "log10_colsample_bytree": -0.6390612661548191, "log10_eta": -1.9467986750059354, "log10_lambda": -4.1996774127425835, "log10_min_child_weight": 0.03425837368134732, "log10_subsample": -0.522160959631727, "max_depth": 2.0, "num_boost_round": 28.0}, "datetime": {"datetime": "2024-01-19 01:08:47", "elapsed": 3407.980562, "delta": 0.127119}}
{"target": -17.671385320593007, "params": {"gamma": 889.9776497361156, "log10_alpha": -4.376415989225284, "log10_colsample_bytree": -0.6390612661548191, "log10_eta": -1.9467986750059354, "log10_lambda": -4.1996774127425835, "log10_min_child_weight": 0.03425837368134732, "log10_subsample": -0.522160959631727, "max_depth": 2.0, "num_boost_round": 29.0}, "datetime": {"datetime": "2024-01-19 01:08:47", "elapsed": 3407.985144, "delta": 0.004582}}
{"target": -17.677230411411358, "params": {"gamma": 888.8716603192574, "log10_alpha": -4.683684231777119, "log10_colsample_bytree": -1.0, "log10_eta": -4.0, "log10_lambda": -4.2466984964055134, "log10_min_child_weight": 0.0, "log10_subsample": -1.0, "max_depth": 2.0, "num_boost_round": 0.0}, "datetime": {"datetime": "2024-01-19 01:09:31", "elapsed": 3452.441404, "delta": 44.45626}}
{"target": -17.677227170819815, "params": {"gamma": 888.8716603192574, "log10_alpha": -4.683684231777119, "log10_colsample_bytree": -1.0, "log10_eta": -4.0, "log10_lambda": -4.2466984964055134, "log10_min_child_weight": 0.0, "log10_subsample": -1.0, "max_depth": 2.0, "num_boost_round": 1.0}, "datetime": {"datetime": "2024-01-19 01:09:31", "elapsed": 3452.446082, "delta": 0.004678}}
{"target": -17.677227947237075, "params": {"gamma": 888.8716603192574, "log10_alpha": -4.683684231777119, "log10_colsample_bytree": -1.0, "log10_eta": -4.0, "log10_lambda": -4.2466984964055134, "log10_min_child_weight": 0.0, "log10_subsample": -1.0, "max_depth": 2.0, "num_boost_round": 2.0}, "datetime": {"datetime": "2024-01-19 01:09:31", "elapsed": 3452.450178, "delta": 0.004096}}
{"target": -17.677228581863126, "params": {"gamma": 888.8716603192574, "log10_alpha": -4.683684231777119, "log10_colsample_bytree": -1.0, "log10_eta": -4.0, "log10_lambda": -4.2466984964055134, "log10_min_child_weight": 0.0, "log10_subsample": -1.0, "max_depth": 2.0, "num_boost_round": 3.0}, "datetime": {"datetime": "2024-01-19 01:09:31", "elapsed": 3452.454109, "delta": 0.003931}}
{"target": -17.677226762080593, "params": {"gamma": 888.8716603192574, "log10_alpha": -4.683684231777119, "log10_colsample_bytree": -1.0, "log10_eta": -4.0, "log10_lambda": -4.2466984964055134, "log10_min_child_weight": 0.0, "log10_subsample": -1.0, "max_depth": 2.0, "num_boost_round": 4.0}, "datetime": {"datetime": "2024-01-19 01:09:31", "elapsed": 3452.457941, "delta": 0.003832}}
{"target": -17.677226388781268, "params": {"gamma": 888.8716603192574, "log10_alpha": -4.683684231777119, "log10_colsample_bytree": -1.0, "log10_eta": -4.0, "log10_lambda": -4.2466984964055134, "log10_min_child_weight": 0.0, "log10_subsample": -1.0, "max_depth": 2.0, "num_boost_round": 5.0}, "datetime": {"datetime": "2024-01-19 01:09:31", "elapsed": 3452.46174, "delta": 0.003799}}
{"target": -17.677224557349994, "params": {"gamma": 888.8716603192574, "log10_alpha": -4.683684231777119, "log10_colsample_bytree": -1.0, "log10_eta": -4.0, "log10_lambda": -4.2466984964055134, "log10_min_child_weight": 0.0, "log10_subsample": -1.0, "max_depth": 2.0, "num_boost_round": 6.0}, "datetime": {"datetime": "2024-01-19 01:09:31", "elapsed": 3452.465451, "delta": 0.003711}}
{"target": -17.677223541782602, "params": {"gamma": 888.8716603192574, "log10_alpha": -4.683684231777119, "log10_colsample_bytree": -1.0, "log10_eta": -4.0, "log10_lambda": -4.2466984964055134, "log10_min_child_weight": 0.0, "log10_subsample": -1.0, "max_depth": 2.0, "num_boost_round": 7.0}, "datetime": {"datetime": "2024-01-19 01:09:31", "elapsed": 3452.46919, "delta": 0.003739}}
{"target": -17.67722338636943, "params": {"gamma": 888.8716603192574, "log10_alpha": -4.683684231777119, "log10_colsample_bytree": -1.0, "log10_eta": -4.0, "log10_lambda": -4.2466984964055134, "log10_min_child_weight": 0.0, "log10_subsample": -1.0, "max_depth": 2.0, "num_boost_round": 8.0}, "datetime": {"datetime": "2024-01-19 01:09:31", "elapsed": 3452.473191, "delta": 0.004001}}
{"target": -17.677220677515137, "params": {"gamma": 888.8716603192574, "log10_alpha": -4.683684231777119, "log10_colsample_bytree": -1.0, "log10_eta": -4.0, "log10_lambda": -4.2466984964055134, "log10_min_child_weight": 0.0, "log10_subsample": -1.0, "max_depth": 2.0, "num_boost_round": 9.0}, "datetime": {"datetime": "2024-01-19 01:09:31", "elapsed": 3452.477136, "delta": 0.003945}}
{"target": -17.6772165822978, "params": {"gamma": 888.8716603192574, "log10_alpha": -4.683684231777119, "log10_colsample_bytree": -1.0, "log10_eta": -4.0, "log10_lambda": -4.2466984964055134, "log10_min_child_weight": 0.0, "log10_subsample": -1.0, "max_depth": 2.0, "num_boost_round": 10.0}, "datetime": {"datetime": "2024-01-19 01:09:31", "elapsed": 3452.480997, "delta": 0.003861}}
{"target": -17.67721453875227, "params": {"gamma": 888.8716603192574, "log10_alpha": -4.683684231777119, "log10_colsample_bytree": -1.0, "log10_eta": -4.0, "log10_lambda": -4.2466984964055134, "log10_min_child_weight": 0.0, "log10_subsample": -1.0, "max_depth": 2.0, "num_boost_round": 11.0}, "datetime": {"datetime": "2024-01-19 01:09:31", "elapsed": 3452.484628, "delta": 0.003631}}
{"target": -17.677212118249354, "params": {"gamma": 888.8716603192574, "log10_alpha": -4.683684231777119, "log10_colsample_bytree": -1.0, "log10_eta": -4.0, "log10_lambda": -4.2466984964055134, "log10_min_child_weight": 0.0, "log10_subsample": -1.0, "max_depth": 2.0, "num_boost_round": 12.0}, "datetime": {"datetime": "2024-01-19 01:09:31", "elapsed": 3452.488331, "delta": 0.003703}}
{"target": -17.677211029986367, "params": {"gamma": 888.8716603192574, "log10_alpha": -4.683684231777119, "log10_colsample_bytree": -1.0, "log10_eta": -4.0, "log10_lambda": -4.2466984964055134, "log10_min_child_weight": 0.0, "log10_subsample": -1.0, "max_depth": 2.0, "num_boost_round": 13.0}, "datetime": {"datetime": "2024-01-19 01:09:31", "elapsed": 3452.492117, "delta": 0.003786}}
{"target": -17.67720900033747, "params": {"gamma": 888.8716603192574, "log10_alpha": -4.683684231777119, "log10_colsample_bytree": -1.0, "log10_eta": -4.0, "log10_lambda": -4.2466984964055134, "log10_min_child_weight": 0.0, "log10_subsample": -1.0, "max_depth": 2.0, "num_boost_round": 14.0}, "datetime": {"datetime": "2024-01-19 01:09:31", "elapsed": 3452.495845, "delta": 0.003728}}
{"target": -17.677207392287702, "params": {"gamma": 888.8716603192574, "log10_alpha": -4.683684231777119, "log10_colsample_bytree": -1.0, "log10_eta": -4.0, "log10_lambda": -4.2466984964055134, "log10_min_child_weight": 0.0, "log10_subsample": -1.0, "max_depth": 2.0, "num_boost_round": 15.0}, "datetime": {"datetime": "2024-01-19 01:09:31", "elapsed": 3452.499703, "delta": 0.003858}}
{"target": -17.677204196755845, "params": {"gamma": 888.8716603192574, "log10_alpha": -4.683684231777119, "log10_colsample_bytree": -1.0, "log10_eta": -4.0, "log10_lambda": -4.2466984964055134, "log10_min_child_weight": 0.0, "log10_subsample": -1.0, "max_depth": 2.0, "num_boost_round": 16.0}, "datetime": {"datetime": "2024-01-19 01:09:31", "elapsed": 3452.503442, "delta": 0.003739}}
{"target": -17.67720231616068, "params": {"gamma": 888.8716603192574, "log10_alpha": -4.683684231777119, "log10_colsample_bytree": -1.0, "log10_eta": -4.0, "log10_lambda": -4.2466984964055134, "log10_min_child_weight": 0.0, "log10_subsample": -1.0, "max_depth": 2.0, "num_boost_round": 17.0}, "datetime": {"datetime": "2024-01-19 01:09:31", "elapsed": 3452.507168, "delta": 0.003726}}
{"target": -17.67720004279469, "params": {"gamma": 888.8716603192574, "log10_alpha": -4.683684231777119, "log10_colsample_bytree": -1.0, "log10_eta": -4.0, "log10_lambda": -4.2466984964055134, "log10_min_child_weight": 0.0, "log10_subsample": -1.0, "max_depth": 2.0, "num_boost_round": 18.0}, "datetime": {"datetime": "2024-01-19 01:09:31", "elapsed": 3452.510854, "delta": 0.003686}}
{"target": -17.677197308506525, "params": {"gamma": 888.8716603192574, "log10_alpha": -4.683684231777119, "log10_colsample_bytree": -1.0, "log10_eta": -4.0, "log10_lambda": -4.2466984964055134, "log10_min_child_weight": 0.0, "log10_subsample": -1.0, "max_depth": 2.0, "num_boost_round": 19.0}, "datetime": {"datetime": "2024-01-19 01:09:31", "elapsed": 3452.514721, "delta": 0.003867}}
{"target": -17.67719677801476, "params": {"gamma": 888.8716603192574, "log10_alpha": -4.683684231777119, "log10_colsample_bytree": -1.0, "log10_eta": -4.0, "log10_lambda": -4.2466984964055134, "log10_min_child_weight": 0.0, "log10_subsample": -1.0, "max_depth": 2.0, "num_boost_round": 20.0}, "datetime": {"datetime": "2024-01-19 01:09:31", "elapsed": 3452.518597, "delta": 0.003876}}
{"target": -17.6771931609092, "params": {"gamma": 888.8716603192574, "log10_alpha": -4.683684231777119, "log10_colsample_bytree": -1.0, "log10_eta": -4.0, "log10_lambda": -4.2466984964055134, "log10_min_child_weight": 0.0, "log10_subsample": -1.0, "max_depth": 2.0, "num_boost_round": 21.0}, "datetime": {"datetime": "2024-01-19 01:09:31", "elapsed": 3452.52247, "delta": 0.003873}}
{"target": -17.677190896568334, "params": {"gamma": 888.8716603192574, "log10_alpha": -4.683684231777119, "log10_colsample_bytree": -1.0, "log10_eta": -4.0, "log10_lambda": -4.2466984964055134, "log10_min_child_weight": 0.0, "log10_subsample": -1.0, "max_depth": 2.0, "num_boost_round": 22.0}, "datetime": {"datetime": "2024-01-19 01:09:31", "elapsed": 3452.526361, "delta": 0.003891}}
{"target": -17.677185638937985, "params": {"gamma": 888.8716603192574, "log10_alpha": -4.683684231777119, "log10_colsample_bytree": -1.0, "log10_eta": -4.0, "log10_lambda": -4.2466984964055134, "log10_min_child_weight": 0.0, "log10_subsample": -1.0, "max_depth": 2.0, "num_boost_round": 23.0}, "datetime": {"datetime": "2024-01-19 01:09:31", "elapsed": 3452.530568, "delta": 0.004207}}
{"target": -17.67718555812911, "params": {"gamma": 888.8716603192574, "log10_alpha": -4.683684231777119, "log10_colsample_bytree": -1.0, "log10_eta": -4.0, "log10_lambda": -4.2466984964055134, "log10_min_child_weight": 0.0, "log10_subsample": -1.0, "max_depth": 2.0, "num_boost_round": 24.0}, "datetime": {"datetime": "2024-01-19 01:09:31", "elapsed": 3452.534917, "delta": 0.004349}}
{"target": -17.677183020731192, "params": {"gamma": 888.8716603192574, "log10_alpha": -4.683684231777119, "log10_colsample_bytree": -1.0, "log10_eta": -4.0, "log10_lambda": -4.2466984964055134, "log10_min_child_weight": 0.0, "log10_subsample": -1.0, "max_depth": 2.0, "num_boost_round": 25.0}, "datetime": {"datetime": "2024-01-19 01:09:31", "elapsed": 3452.539155, "delta": 0.004238}}
{"target": -17.677180725683506, "params": {"gamma": 888.8716603192574, "log10_alpha": -4.683684231777119, "log10_colsample_bytree": -1.0, "log10_eta": -4.0, "log10_lambda": -4.2466984964055134, "log10_min_child_weight": 0.0, "log10_subsample": -1.0, "max_depth": 2.0, "num_boost_round": 26.0}, "datetime": {"datetime": "2024-01-19 01:09:31", "elapsed": 3452.543054, "delta": 0.003899}}
{"target": -17.677179337184203, "params": {"gamma": 888.8716603192574, "log10_alpha": -4.683684231777119, "log10_colsample_bytree": -1.0, "log10_eta": -4.0, "log10_lambda": -4.2466984964055134, "log10_min_child_weight": 0.0, "log10_subsample": -1.0, "max_depth": 2.0, "num_boost_round": 27.0}, "datetime": {"datetime": "2024-01-19 01:09:31", "elapsed": 3452.546872, "delta": 0.003818}}
{"target": -17.677179536201592, "params": {"gamma": 888.8716603192574, "log10_alpha": -4.683684231777119, "log10_colsample_bytree": -1.0, "log10_eta": -4.0, "log10_lambda": -4.2466984964055134, "log10_min_child_weight": 0.0, "log10_subsample": -1.0, "max_depth": 2.0, "num_boost_round": 28.0}, "datetime": {"datetime": "2024-01-19 01:09:31", "elapsed": 3452.550648, "delta": 0.003776}}
{"target": -17.677176253254274, "params": {"gamma": 888.8716603192574, "log10_alpha": -4.683684231777119, "log10_colsample_bytree": -1.0, "log10_eta": -4.0, "log10_lambda": -4.2466984964055134, "log10_min_child_weight": 0.0, "log10_subsample": -1.0, "max_depth": 2.0, "num_boost_round": 29.0}, "datetime": {"datetime": "2024-01-19 01:09:31", "elapsed": 3452.554415, "delta": 0.003767}}
{"target": -17.67717465760356, "params": {"gamma": 888.8716603192574, "log10_alpha": -4.683684231777119, "log10_colsample_bytree": -1.0, "log10_eta": -4.0, "log10_lambda": -4.2466984964055134, "log10_min_child_weight": 0.0, "log10_subsample": -1.0, "max_depth": 2.0, "num_boost_round": 30.0}, "datetime": {"datetime": "2024-01-19 01:09:31", "elapsed": 3452.558193, "delta": 0.003778}}
{"target": -17.677172916476405, "params": {"gamma": 888.8716603192574, "log10_alpha": -4.683684231777119, "log10_colsample_bytree": -1.0, "log10_eta": -4.0, "log10_lambda": -4.2466984964055134, "log10_min_child_weight": 0.0, "log10_subsample": -1.0, "max_depth": 2.0, "num_boost_round": 31.0}, "datetime": {"datetime": "2024-01-19 01:09:31", "elapsed": 3452.561978, "delta": 0.003785}}
{"target": -17.677171063662247, "params": {"gamma": 888.8716603192574, "log10_alpha": -4.683684231777119, "log10_colsample_bytree": -1.0, "log10_eta": -4.0, "log10_lambda": -4.2466984964055134, "log10_min_child_weight": 0.0, "log10_subsample": -1.0, "max_depth": 2.0, "num_boost_round": 32.0}, "datetime": {"datetime": "2024-01-19 01:09:31", "elapsed": 3452.565795, "delta": 0.003817}}
{"target": -17.67716675774853, "params": {"gamma": 888.8716603192574, "log10_alpha": -4.683684231777119, "log10_colsample_bytree": -1.0, "log10_eta": -4.0, "log10_lambda": -4.2466984964055134, "log10_min_child_weight": 0.0, "log10_subsample": -1.0, "max_depth": 2.0, "num_boost_round": 33.0}, "datetime": {"datetime": "2024-01-19 01:09:31", "elapsed": 3452.569562, "delta": 0.003767}}
{"target": -17.677231775341205, "params": {"gamma": 889.2166269600559, "log10_alpha": -2.2387918477666147, "log10_colsample_bytree": -0.7718483575178907, "log10_eta": -3.459701293171007, "log10_lambda": -2.2341259495149823, "log10_min_child_weight": 4.963543609960382, "log10_subsample": -0.1703686937366703, "max_depth": 2.0, "num_boost_round": 0.0}, "datetime": {"datetime": "2024-01-19 01:10:24", "elapsed": 3505.155399, "delta": 52.585837}}
