{"target": -13.757625276630673, "params": {"gamma": 438.0004991546924, "log10_alpha": -3.031654429224896, "log10_colsample_bytree": -0.28823239649984966, "log10_eta": -2.751273088544987, "log10_lambda": -2.1403263344035084, "log10_min_child_weight": 2.2569930364140993, "log10_subsample": -0.3615272192440153, "max_depth": 6.0, "num_boost_round": 32.0}, "datetime": {"datetime": "2024-01-19 00:12:06", "elapsed": 30.544282, "delta": 0.000282}}
{"target": -13.757582789782688, "params": {"gamma": 438.0004991546924, "log10_alpha": -3.031654429224896, "log10_colsample_bytree": -0.28823239649984966, "log10_eta": -2.751273088544987, "log10_lambda": -2.1403263344035084, "log10_min_child_weight": 2.2569930364140993, "log10_subsample": -0.3615272192440153, "max_depth": 6.0, "num_boost_round": 33.0}, "datetime": {"datetime": "2024-01-19 00:12:06", "elapsed": 30.544559, "delta": 0.000277}}
{"target": -13.757549057419116, "params": {"gamma": 438.0004991546924, "log10_alpha": -3.031654429224896, "log10_colsample_bytree": -0.28823239649984966, "log10_eta": -2.751273088544987, "log10_lambda": -2.1403263344035084, "log10_min_child_weight": 2.2569930364140993, "log10_subsample": -0.3615272192440153, "max_depth": 6.0, "num_boost_round": 34.0}, "datetime": {"datetime": "2024-01-19 00:12:06", "elapsed": 30.544831, "delta": 0.000272}}
{"target": -13.757528004164849, "params": {"gamma": 438.0004991546924, "log10_alpha": -3.031654429224896, "log10_colsample_bytree": -0.28823239649984966, "log10_eta": -2.751273088544987, "log10_lambda": -2.1403263344035084, "log10_min_child_weight": 2.2569930364140993, "log10_subsample": -0.3615272192440153, "max_depth": 6.0, "num_boost_round": 35.0}, "datetime": {"datetime": "2024-01-19 00:12:06", "elapsed": 30.545101, "delta": 0.00027}}
{"target": -13.757502228762693, "params": {"gamma": 438.0004991546924, "log10_alpha": -3.031654429224896, "log10_colsample_bytree": -0.28823239649984966, "log10_eta": -2.751273088544987, "log10_lambda": -2.1403263344035084, "log10_min_child_weight": 2.2569930364140993, "log10_subsample": -0.3615272192440153, "max_depth": 6.0, "num_boost_round": 36.0}, "datetime": {"datetime": "2024-01-19 00:12:06", "elapsed": 30.545382, "delta": 0.000281}}
{"target": -13.75751535367406, "params": {"gamma": 438.0004991546924, "log10_alpha": -3.031654429224896, "log10_colsample_bytree": -0.28823239649984966, "log10_eta": -2.751273088544987, "log10_lambda": -2.1403263344035084, "log10_min_child_weight": 2.2569930364140993, "log10_subsample": -0.3615272192440153, "max_depth": 6.0, "num_boost_round": 37.0}, "datetime": {"datetime": "2024-01-19 00:12:06", "elapsed": 30.545658, "delta": 0.000276}}
{"target": -13.757525345138543, "params": {"gamma": 438.0004991546924, "log10_alpha": -3.031654429224896, "log10_colsample_bytree": -0.28823239649984966, "log10_eta": -2.751273088544987, "log10_lambda": -2.1403263344035084, "log10_min_child_weight": 2.2569930364140993, "log10_subsample": -0.3615272192440153, "max_depth": 6.0, "num_boost_round": 38.0}, "datetime": {"datetime": "2024-01-19 00:12:06", "elapsed": 30.545931, "delta": 0.000273}}
{"target": -13.757432132402572, "params": {"gamma": 438.0004991546924, "log10_alpha": -3.031654429224896, "log10_colsample_bytree": -0.28823239649984966, "log10_eta": -2.751273088544987, "log10_lambda": -2.1403263344035084, "log10_min_child_weight": 2.2569930364140993, "log10_subsample": -0.3615272192440153, "max_depth": 6.0, "num_boost_round": 39.0}, "datetime": {"datetime": "2024-01-19 00:12:06", "elapsed": 30.546213, "delta": 0.000282}}
{"target": -13.757452178172281, "params": {"gamma": 438.0004991546924, "log10_alpha": -3.031654429224896, "log10_colsample_bytree": -0.28823239649984966, "log10_eta": -2.751273088544987, "log10_lambda": -2.1403263344035084, "log10_min_child_weight": 2.2569930364140993, "log10_subsample": -0.3615272192440153, "max_depth": 6.0, "num_boost_round": 40.0}, "datetime": {"datetime": "2024-01-19 00:12:06", "elapsed": 30.546495, "delta": 0.000282}}
{"target": -13.758060121208768, "params": {"gamma": 432.03454348154645, "log10_alpha": -2.8153748085457395, "log10_colsample_bytree": -0.4038007866835006, "log10_eta": -2.0726504301904525, "log10_lambda": -0.7436390833089952, "log10_min_child_weight": 1.410893561425245, "log10_subsample": -0.12118131498575424, "max_depth": 6.0, "num_boost_round": 0.0}, "datetime": {"datetime": "2024-01-19 00:12:39", "elapsed": 63.252834, "delta": 32.706339}}
{"target": -13.757821434469319, "params": {"gamma": 432.03454348154645, "log10_alpha": -2.8153748085457395, "log10_colsample_bytree": -0.4038007866835006, "log10_eta": -2.0726504301904525, "log10_lambda": -0.7436390833089952, "log10_min_child_weight": 1.410893561425245, "log10_subsample": -0.12118131498575424, "max_depth": 6.0, "num_boost_round": 1.0}, "datetime": {"datetime": "2024-01-19 00:12:39", "elapsed": 63.253482, "delta": 0.000648}}
{"target": -13.75748144448626, "params": {"gamma": 432.03454348154645, "log10_alpha": -2.8153748085457395, "log10_colsample_bytree": -0.4038007866835006, "log10_eta": -2.0726504301904525, "log10_lambda": -0.7436390833089952, "log10_min_child_weight": 1.410893561425245, "log10_subsample": -0.12118131498575424, "max_depth": 6.0, "num_boost_round": 2.0}, "datetime": {"datetime": "2024-01-19 00:12:39", "elapsed": 63.253918, "delta": 0.000436}}
{"target": -13.757480362845454, "params": {"gamma": 432.03454348154645, "log10_alpha": -2.8153748085457395, "log10_colsample_bytree": -0.4038007866835006, "log10_eta": -2.0726504301904525, "log10_lambda": -0.7436390833089952, "log10_min_child_weight": 1.410893561425245, "log10_subsample": -0.12118131498575424, "max_depth": 6.0, "num_boost_round": 3.0}, "datetime": {"datetime": "2024-01-19 00:12:39", "elapsed": 63.254235, "delta": 0.000317}}
{"target": -13.757144862894378, "params": {"gamma": 432.03454348154645, "log10_alpha": -2.8153748085457395, "log10_colsample_bytree": -0.4038007866835006, "log10_eta": -2.0726504301904525, "log10_lambda": -0.7436390833089952, "log10_min_child_weight": 1.410893561425245, "log10_subsample": -0.12118131498575424, "max_depth": 6.0, "num_boost_round": 4.0}, "datetime": {"datetime": "2024-01-19 00:12:39", "elapsed": 63.254642, "delta": 0.000407}}
{"target": -13.756979708249995, "params": {"gamma": 432.03454348154645, "log10_alpha": -2.8153748085457395, "log10_colsample_bytree": -0.4038007866835006, "log10_eta": -2.0726504301904525, "log10_lambda": -0.7436390833089952, "log10_min_child_weight": 1.410893561425245, "log10_subsample": -0.12118131498575424, "max_depth": 6.0, "num_boost_round": 5.0}, "datetime": {"datetime": "2024-01-19 00:12:39", "elapsed": 63.254938, "delta": 0.000296}}
{"target": -13.757071037667894, "params": {"gamma": 432.03454348154645, "log10_alpha": -2.8153748085457395, "log10_colsample_bytree": -0.4038007866835006, "log10_eta": -2.0726504301904525, "log10_lambda": -0.7436390833089952, "log10_min_child_weight": 1.410893561425245, "log10_subsample": -0.12118131498575424, "max_depth": 6.0, "num_boost_round": 6.0}, "datetime": {"datetime": "2024-01-19 00:12:39", "elapsed": 63.255239, "delta": 0.000301}}
{"target": -13.75676262453447, "params": {"gamma": 432.03454348154645, "log10_alpha": -2.8153748085457395, "log10_colsample_bytree": -0.4038007866835006, "log10_eta": -2.0726504301904525, "log10_lambda": -0.7436390833089952, "log10_min_child_weight": 1.410893561425245, "log10_subsample": -0.12118131498575424, "max_depth": 6.0, "num_boost_round": 7.0}, "datetime": {"datetime": "2024-01-19 00:12:39", "elapsed": 63.255536, "delta": 0.000297}}
{"target": -13.7565025643092, "params": {"gamma": 432.03454348154645, "log10_alpha": -2.8153748085457395, "log10_colsample_bytree": -0.4038007866835006, "log10_eta": -2.0726504301904525, "log10_lambda": -0.7436390833089952, "log10_min_child_weight": 1.410893561425245, "log10_subsample": -0.12118131498575424, "max_depth": 6.0, "num_boost_round": 8.0}, "datetime": {"datetime": "2024-01-19 00:12:39", "elapsed": 63.255937, "delta": 0.000401}}
{"target": -13.75644247053718, "params": {"gamma": 432.03454348154645, "log10_alpha": -2.8153748085457395, "log10_colsample_bytree": -0.4038007866835006, "log10_eta": -2.0726504301904525, "log10_lambda": -0.7436390833089952, "log10_min_child_weight": 1.410893561425245, "log10_subsample": -0.12118131498575424, "max_depth": 6.0, "num_boost_round": 9.0}, "datetime": {"datetime": "2024-01-19 00:12:39", "elapsed": 63.256241, "delta": 0.000304}}
{"target": -13.756409359286895, "params": {"gamma": 432.03454348154645, "log10_alpha": -2.8153748085457395, "log10_colsample_bytree": -0.4038007866835006, "log10_eta": -2.0726504301904525, "log10_lambda": -0.7436390833089952, "log10_min_child_weight": 1.410893561425245, "log10_subsample": -0.12118131498575424, "max_depth": 6.0, "num_boost_round": 10.0}, "datetime": {"datetime": "2024-01-19 00:12:39", "elapsed": 63.256541, "delta": 0.0003}}
{"target": -13.756282223103964, "params": {"gamma": 432.03454348154645, "log10_alpha": -2.8153748085457395, "log10_colsample_bytree": -0.4038007866835006, "log10_eta": -2.0726504301904525, "log10_lambda": -0.7436390833089952, "log10_min_child_weight": 1.410893561425245, "log10_subsample": -0.12118131498575424, "max_depth": 6.0, "num_boost_round": 11.0}, "datetime": {"datetime": "2024-01-19 00:12:39", "elapsed": 63.256844, "delta": 0.000303}}
{"target": -13.756386264781753, "params": {"gamma": 432.03454348154645, "log10_alpha": -2.8153748085457395, "log10_colsample_bytree": -0.4038007866835006, "log10_eta": -2.0726504301904525, "log10_lambda": -0.7436390833089952, "log10_min_child_weight": 1.410893561425245, "log10_subsample": -0.12118131498575424, "max_depth": 6.0, "num_boost_round": 12.0}, "datetime": {"datetime": "2024-01-19 00:12:39", "elapsed": 63.257145, "delta": 0.000301}}
{"target": -13.756389770969955, "params": {"gamma": 432.03454348154645, "log10_alpha": -2.8153748085457395, "log10_colsample_bytree": -0.4038007866835006, "log10_eta": -2.0726504301904525, "log10_lambda": -0.7436390833089952, "log10_min_child_weight": 1.410893561425245, "log10_subsample": -0.12118131498575424, "max_depth": 6.0, "num_boost_round": 13.0}, "datetime": {"datetime": "2024-01-19 00:12:39", "elapsed": 63.257454, "delta": 0.000309}}
{"target": -13.756598405018552, "params": {"gamma": 432.03454348154645, "log10_alpha": -2.8153748085457395, "log10_colsample_bytree": -0.4038007866835006, "log10_eta": -2.0726504301904525, "log10_lambda": -0.7436390833089952, "log10_min_child_weight": 1.410893561425245, "log10_subsample": -0.12118131498575424, "max_depth": 6.0, "num_boost_round": 14.0}, "datetime": {"datetime": "2024-01-19 00:12:39", "elapsed": 63.257758, "delta": 0.000304}}
{"target": -13.756418379266755, "params": {"gamma": 432.03454348154645, "log10_alpha": -2.8153748085457395, "log10_colsample_bytree": -0.4038007866835006, "log10_eta": -2.0726504301904525, "log10_lambda": -0.7436390833089952, "log10_min_child_weight": 1.410893561425245, "log10_subsample": -0.12118131498575424, "max_depth": 6.0, "num_boost_round": 15.0}, "datetime": {"datetime": "2024-01-19 00:12:39", "elapsed": 63.258061, "delta": 0.000303}}
{"target": -13.756523552861845, "params": {"gamma": 432.03454348154645, "log10_alpha": -2.8153748085457395, "log10_colsample_bytree": -0.4038007866835006, "log10_eta": -2.0726504301904525, "log10_lambda": -0.7436390833089952, "log10_min_child_weight": 1.410893561425245, "log10_subsample": -0.12118131498575424, "max_depth": 6.0, "num_boost_round": 16.0}, "datetime": {"datetime": "2024-01-19 00:12:39", "elapsed": 63.258377, "delta": 0.000316}}
{"target": -13.756542753543576, "params": {"gamma": 432.03454348154645, "log10_alpha": -2.8153748085457395, "log10_colsample_bytree": -0.4038007866835006, "log10_eta": -2.0726504301904525, "log10_lambda": -0.7436390833089952, "log10_min_child_weight": 1.410893561425245, "log10_subsample": -0.12118131498575424, "max_depth": 6.0, "num_boost_round": 17.0}, "datetime": {"datetime": "2024-01-19 00:12:39", "elapsed": 63.258688, "delta": 0.000311}}
{"target": -13.756570215033426, "params": {"gamma": 432.03454348154645, "log10_alpha": -2.8153748085457395, "log10_colsample_bytree": -0.4038007866835006, "log10_eta": -2.0726504301904525, "log10_lambda": -0.7436390833089952, "log10_min_child_weight": 1.410893561425245, "log10_subsample": -0.12118131498575424, "max_depth": 6.0, "num_boost_round": 18.0}, "datetime": {"datetime": "2024-01-19 00:12:39", "elapsed": 63.258999, "delta": 0.000311}}
{"target": -13.75663838178627, "params": {"gamma": 432.03454348154645, "log10_alpha": -2.8153748085457395, "log10_colsample_bytree": -0.4038007866835006, "log10_eta": -2.0726504301904525, "log10_lambda": -0.7436390833089952, "log10_min_child_weight": 1.410893561425245, "log10_subsample": -0.12118131498575424, "max_depth": 6.0, "num_boost_round": 19.0}, "datetime": {"datetime": "2024-01-19 00:12:39", "elapsed": 63.259316, "delta": 0.000317}}
{"target": -13.756712964198796, "params": {"gamma": 432.03454348154645, "log10_alpha": -2.8153748085457395, "log10_colsample_bytree": -0.4038007866835006, "log10_eta": -2.0726504301904525, "log10_lambda": -0.7436390833089952, "log10_min_child_weight": 1.410893561425245, "log10_subsample": -0.12118131498575424, "max_depth": 6.0, "num_boost_round": 20.0}, "datetime": {"datetime": "2024-01-19 00:12:39", "elapsed": 63.259636, "delta": 0.00032}}
{"target": -13.756656853062989, "params": {"gamma": 432.03454348154645, "log10_alpha": -2.8153748085457395, "log10_colsample_bytree": -0.4038007866835006, "log10_eta": -2.0726504301904525, "log10_lambda": -0.7436390833089952, "log10_min_child_weight": 1.410893561425245, "log10_subsample": -0.12118131498575424, "max_depth": 6.0, "num_boost_round": 21.0}, "datetime": {"datetime": "2024-01-19 00:12:39", "elapsed": 63.259995, "delta": 0.000359}}
{"target": -13.756730372158335, "params": {"gamma": 432.03454348154645, "log10_alpha": -2.8153748085457395, "log10_colsample_bytree": -0.4038007866835006, "log10_eta": -2.0726504301904525, "log10_lambda": -0.7436390833089952, "log10_min_child_weight": 1.410893561425245, "log10_subsample": -0.12118131498575424, "max_depth": 6.0, "num_boost_round": 22.0}, "datetime": {"datetime": "2024-01-19 00:12:39", "elapsed": 63.260322, "delta": 0.000327}}
{"target": -13.756834775982625, "params": {"gamma": 432.03454348154645, "log10_alpha": -2.8153748085457395, "log10_colsample_bytree": -0.4038007866835006, "log10_eta": -2.0726504301904525, "log10_lambda": -0.7436390833089952, "log10_min_child_weight": 1.410893561425245, "log10_subsample": -0.12118131498575424, "max_depth": 6.0, "num_boost_round": 23.0}, "datetime": {"datetime": "2024-01-19 00:12:39", "elapsed": 63.260638, "delta": 0.000316}}
{"target": -13.756798181098883, "params": {"gamma": 432.03454348154645, "log10_alpha": -2.8153748085457395, "log10_colsample_bytree": -0.4038007866835006, "log10_eta": -2.0726504301904525, "log10_lambda": -0.7436390833089952, "log10_min_child_weight": 1.410893561425245, "log10_subsample": -0.12118131498575424, "max_depth": 6.0, "num_boost_round": 24.0}, "datetime": {"datetime": "2024-01-19 00:12:39", "elapsed": 63.260955, "delta": 0.000317}}
{"target": -13.75680174641635, "params": {"gamma": 432.03454348154645, "log10_alpha": -2.8153748085457395, "log10_colsample_bytree": -0.4038007866835006, "log10_eta": -2.0726504301904525, "log10_lambda": -0.7436390833089952, "log10_min_child_weight": 1.410893561425245, "log10_subsample": -0.12118131498575424, "max_depth": 6.0, "num_boost_round": 25.0}, "datetime": {"datetime": "2024-01-19 00:12:39", "elapsed": 63.261277, "delta": 0.000322}}
{"target": -13.756738073939088, "params": {"gamma": 432.03454348154645, "log10_alpha": -2.8153748085457395, "log10_colsample_bytree": -0.4038007866835006, "log10_eta": -2.0726504301904525, "log10_lambda": -0.7436390833089952, "log10_min_child_weight": 1.410893561425245, "log10_subsample": -0.12118131498575424, "max_depth": 6.0, "num_boost_round": 26.0}, "datetime": {"datetime": "2024-01-19 00:12:39", "elapsed": 63.261605, "delta": 0.000328}}
{"target": -13.75695823887323, "params": {"gamma": 432.03454348154645, "log10_alpha": -2.8153748085457395, "log10_colsample_bytree": -0.4038007866835006, "log10_eta": -2.0726504301904525, "log10_lambda": -0.7436390833089952, "log10_min_child_weight": 1.410893561425245, "log10_subsample": -0.12118131498575424, "max_depth": 6.0, "num_boost_round": 27.0}, "datetime": {"datetime": "2024-01-19 00:12:39", "elapsed": 63.261929, "delta": 0.000324}}
{"target": -13.756934539051423, "params": {"gamma": 432.03454348154645, "log10_alpha": -2.8153748085457395, "log10_colsample_bytree": -0.4038007866835006, "log10_eta": -2.0726504301904525, "log10_lambda": -0.7436390833089952, "log10_min_child_weight": 1.410893561425245, "log10_subsample": -0.12118131498575424, "max_depth": 6.0, "num_boost_round": 28.0}, "datetime": {"datetime": "2024-01-19 00:12:39", "elapsed": 63.262257, "delta": 0.000328}}
{"target": -13.756943055382619, "params": {"gamma": 432.03454348154645, "log10_alpha": -2.8153748085457395, "log10_colsample_bytree": -0.4038007866835006, "log10_eta": -2.0726504301904525, "log10_lambda": -0.7436390833089952, "log10_min_child_weight": 1.410893561425245, "log10_subsample": -0.12118131498575424, "max_depth": 6.0, "num_boost_round": 29.0}, "datetime": {"datetime": "2024-01-19 00:12:39", "elapsed": 63.26259, "delta": 0.000333}}
{"target": -13.757247866750197, "params": {"gamma": 432.03454348154645, "log10_alpha": -2.8153748085457395, "log10_colsample_bytree": -0.4038007866835006, "log10_eta": -2.0726504301904525, "log10_lambda": -0.7436390833089952, "log10_min_child_weight": 1.410893561425245, "log10_subsample": -0.12118131498575424, "max_depth": 6.0, "num_boost_round": 30.0}, "datetime": {"datetime": "2024-01-19 00:12:39", "elapsed": 63.262917, "delta": 0.000327}}
{"target": -13.757074252627408, "params": {"gamma": 432.03454348154645, "log10_alpha": -2.8153748085457395, "log10_colsample_bytree": -0.4038007866835006, "log10_eta": -2.0726504301904525, "log10_lambda": -0.7436390833089952, "log10_min_child_weight": 1.410893561425245, "log10_subsample": -0.12118131498575424, "max_depth": 6.0, "num_boost_round": 31.0}, "datetime": {"datetime": "2024-01-19 00:12:39", "elapsed": 63.263305, "delta": 0.000388}}
{"target": -13.75719210856279, "params": {"gamma": 432.03454348154645, "log10_alpha": -2.8153748085457395, "log10_colsample_bytree": -0.4038007866835006, "log10_eta": -2.0726504301904525, "log10_lambda": -0.7436390833089952, "log10_min_child_weight": 1.410893561425245, "log10_subsample": -0.12118131498575424, "max_depth": 6.0, "num_boost_round": 32.0}, "datetime": {"datetime": "2024-01-19 00:12:39", "elapsed": 63.263642, "delta": 0.000337}}
{"target": -13.757497246529368, "params": {"gamma": 432.03454348154645, "log10_alpha": -2.8153748085457395, "log10_colsample_bytree": -0.4038007866835006, "log10_eta": -2.0726504301904525, "log10_lambda": -0.7436390833089952, "log10_min_child_weight": 1.410893561425245, "log10_subsample": -0.12118131498575424, "max_depth": 6.0, "num_boost_round": 33.0}, "datetime": {"datetime": "2024-01-19 00:12:39", "elapsed": 63.263977, "delta": 0.000335}}
{"target": -13.757617814563401, "params": {"gamma": 432.03454348154645, "log10_alpha": -2.8153748085457395, "log10_colsample_bytree": -0.4038007866835006, "log10_eta": -2.0726504301904525, "log10_lambda": -0.7436390833089952, "log10_min_child_weight": 1.410893561425245, "log10_subsample": -0.12118131498575424, "max_depth": 6.0, "num_boost_round": 34.0}, "datetime": {"datetime": "2024-01-19 00:12:39", "elapsed": 63.264315, "delta": 0.000338}}
{"target": -13.7578127036713, "params": {"gamma": 432.03454348154645, "log10_alpha": -2.8153748085457395, "log10_colsample_bytree": -0.4038007866835006, "log10_eta": -2.0726504301904525, "log10_lambda": -0.7436390833089952, "log10_min_child_weight": 1.410893561425245, "log10_subsample": -0.12118131498575424, "max_depth": 6.0, "num_boost_round": 35.0}, "datetime": {"datetime": "2024-01-19 00:12:39", "elapsed": 63.264648, "delta": 0.000333}}
{"target": -13.757766770843451, "params": {"gamma": 432.03454348154645, "log10_alpha": -2.8153748085457395, "log10_colsample_bytree": -0.4038007866835006, "log10_eta": -2.0726504301904525, "log10_lambda": -0.7436390833089952, "log10_min_child_weight": 1.410893561425245, "log10_subsample": -0.12118131498575424, "max_depth": 6.0, "num_boost_round": 36.0}, "datetime": {"datetime": "2024-01-19 00:12:39", "elapsed": 63.26498, "delta": 0.000332}}
{"target": -13.758048445044876, "params": {"gamma": 432.03454348154645, "log10_alpha": -2.8153748085457395, "log10_colsample_bytree": -0.4038007866835006, "log10_eta": -2.0726504301904525, "log10_lambda": -0.7436390833089952, "log10_min_child_weight": 1.410893561425245, "log10_subsample": -0.12118131498575424, "max_depth": 6.0, "num_boost_round": 37.0}, "datetime": {"datetime": "2024-01-19 00:12:39", "elapsed": 63.26532, "delta": 0.00034}}
{"target": -13.758606140695083, "params": {"gamma": 432.03454348154645, "log10_alpha": -2.8153748085457395, "log10_colsample_bytree": -0.4038007866835006, "log10_eta": -2.0726504301904525, "log10_lambda": -0.7436390833089952, "log10_min_child_weight": 1.410893561425245, "log10_subsample": -0.12118131498575424, "max_depth": 6.0, "num_boost_round": 38.0}, "datetime": {"datetime": "2024-01-19 00:12:39", "elapsed": 63.265656, "delta": 0.000336}}
{"target": -13.758399270992925, "params": {"gamma": 432.03454348154645, "log10_alpha": -2.8153748085457395, "log10_colsample_bytree": -0.4038007866835006, "log10_eta": -2.0726504301904525, "log10_lambda": -0.7436390833089952, "log10_min_child_weight": 1.410893561425245, "log10_subsample": -0.12118131498575424, "max_depth": 6.0, "num_boost_round": 39.0}, "datetime": {"datetime": "2024-01-19 00:12:39", "elapsed": 63.265992, "delta": 0.000336}}
