{"target": -17.673981494075093, "params": {"gamma": 978.3642600543228, "log10_alpha": -1.22035193629136, "log10_colsample_bytree": -0.08133408668940556, "log10_eta": -1.8405336775201007, "log10_lambda": -2.110730287800169, "log10_min_child_weight": 0.2285622818995775, "log10_subsample": -0.3924067785192643, "max_depth": 2.0, "num_boost_round": 22.0}, "datetime": {"datetime": "2024-01-19 01:13:29", "elapsed": 3702.828845, "delta": 0.003852}}
{"target": -17.673803170380488, "params": {"gamma": 978.3642600543228, "log10_alpha": -1.22035193629136, "log10_colsample_bytree": -0.08133408668940556, "log10_eta": -1.8405336775201007, "log10_lambda": -2.110730287800169, "log10_min_child_weight": 0.2285622818995775, "log10_subsample": -0.3924067785192643, "max_depth": 2.0, "num_boost_round": 23.0}, "datetime": {"datetime": "2024-01-19 01:13:29", "elapsed": 3702.83294, "delta": 0.004095}}
{"target": -17.673806390750325, "params": {"gamma": 978.3642600543228, "log10_alpha": -1.22035193629136, "log10_colsample_bytree": -0.08133408668940556, "log10_eta": -1.8405336775201007, "log10_lambda": -2.110730287800169, "log10_min_child_weight": 0.2285622818995775, "log10_subsample": -0.3924067785192643, "max_depth": 2.0, "num_boost_round": 24.0}, "datetime": {"datetime": "2024-01-19 01:13:29", "elapsed": 3702.83702, "delta": 0.00408}}
{"target": -17.673800492360442, "params": {"gamma": 978.3642600543228, "log10_alpha": -1.22035193629136, "log10_colsample_bytree": -0.08133408668940556, "log10_eta": -1.8405336775201007, "log10_lambda": -2.110730287800169, "log10_min_child_weight": 0.2285622818995775, "log10_subsample": -0.3924067785192643, "max_depth": 2.0, "num_boost_round": 25.0}, "datetime": {"datetime": "2024-01-19 01:13:29", "elapsed": 3702.840994, "delta": 0.003974}}
{"target": -17.673834778967784, "params": {"gamma": 978.3642600543228, "log10_alpha": -1.22035193629136, "log10_colsample_bytree": -0.08133408668940556, "log10_eta": -1.8405336775201007, "log10_lambda": -2.110730287800169, "log10_min_child_weight": 0.2285622818995775, "log10_subsample": -0.3924067785192643, "max_depth": 2.0, "num_boost_round": 26.0}, "datetime": {"datetime": "2024-01-19 01:13:29", "elapsed": 3702.844874, "delta": 0.00388}}
{"target": -17.673679969996336, "params": {"gamma": 978.3642600543228, "log10_alpha": -1.22035193629136, "log10_colsample_bytree": -0.08133408668940556, "log10_eta": -1.8405336775201007, "log10_lambda": -2.110730287800169, "log10_min_child_weight": 0.2285622818995775, "log10_subsample": -0.3924067785192643, "max_depth": 2.0, "num_boost_round": 27.0}, "datetime": {"datetime": "2024-01-19 01:13:29", "elapsed": 3702.848729, "delta": 0.003855}}
{"target": -17.67373085645892, "params": {"gamma": 978.3642600543228, "log10_alpha": -1.22035193629136, "log10_colsample_bytree": -0.08133408668940556, "log10_eta": -1.8405336775201007, "log10_lambda": -2.110730287800169, "log10_min_child_weight": 0.2285622818995775, "log10_subsample": -0.3924067785192643, "max_depth": 2.0, "num_boost_round": 28.0}, "datetime": {"datetime": "2024-01-19 01:13:29", "elapsed": 3702.852703, "delta": 0.003974}}
{"target": -17.67366246324583, "params": {"gamma": 978.3642600543228, "log10_alpha": -1.22035193629136, "log10_colsample_bytree": -0.08133408668940556, "log10_eta": -1.8405336775201007, "log10_lambda": -2.110730287800169, "log10_min_child_weight": 0.2285622818995775, "log10_subsample": -0.3924067785192643, "max_depth": 2.0, "num_boost_round": 29.0}, "datetime": {"datetime": "2024-01-19 01:13:29", "elapsed": 3702.856561, "delta": 0.003858}}
{"target": -17.673812076635446, "params": {"gamma": 978.3642600543228, "log10_alpha": -1.22035193629136, "log10_colsample_bytree": -0.08133408668940556, "log10_eta": -1.8405336775201007, "log10_lambda": -2.110730287800169, "log10_min_child_weight": 0.2285622818995775, "log10_subsample": -0.3924067785192643, "max_depth": 2.0, "num_boost_round": 30.0}, "datetime": {"datetime": "2024-01-19 01:13:29", "elapsed": 3702.860449, "delta": 0.003888}}
{"target": -17.67360692798708, "params": {"gamma": 978.3642600543228, "log10_alpha": -1.22035193629136, "log10_colsample_bytree": -0.08133408668940556, "log10_eta": -1.8405336775201007, "log10_lambda": -2.110730287800169, "log10_min_child_weight": 0.2285622818995775, "log10_subsample": -0.3924067785192643, "max_depth": 2.0, "num_boost_round": 31.0}, "datetime": {"datetime": "2024-01-19 01:13:29", "elapsed": 3702.864324, "delta": 0.003875}}
{"target": -17.673285284064416, "params": {"gamma": 978.3642600543228, "log10_alpha": -1.22035193629136, "log10_colsample_bytree": -0.08133408668940556, "log10_eta": -1.8405336775201007, "log10_lambda": -2.110730287800169, "log10_min_child_weight": 0.2285622818995775, "log10_subsample": -0.3924067785192643, "max_depth": 2.0, "num_boost_round": 32.0}, "datetime": {"datetime": "2024-01-19 01:13:29", "elapsed": 3702.868207, "delta": 0.003883}}
{"target": -17.67315050233014, "params": {"gamma": 978.3642600543228, "log10_alpha": -1.22035193629136, "log10_colsample_bytree": -0.08133408668940556, "log10_eta": -1.8405336775201007, "log10_lambda": -2.110730287800169, "log10_min_child_weight": 0.2285622818995775, "log10_subsample": -0.3924067785192643, "max_depth": 2.0, "num_boost_round": 33.0}, "datetime": {"datetime": "2024-01-19 01:13:29", "elapsed": 3702.872108, "delta": 0.003901}}
{"target": -17.67285704044551, "params": {"gamma": 978.3642600543228, "log10_alpha": -1.22035193629136, "log10_colsample_bytree": -0.08133408668940556, "log10_eta": -1.8405336775201007, "log10_lambda": -2.110730287800169, "log10_min_child_weight": 0.2285622818995775, "log10_subsample": -0.3924067785192643, "max_depth": 2.0, "num_boost_round": 34.0}, "datetime": {"datetime": "2024-01-19 01:13:29", "elapsed": 3702.875973, "delta": 0.003865}}
{"target": -17.672784502555384, "params": {"gamma": 978.3642600543228, "log10_alpha": -1.22035193629136, "log10_colsample_bytree": -0.08133408668940556, "log10_eta": -1.8405336775201007, "log10_lambda": -2.110730287800169, "log10_min_child_weight": 0.2285622818995775, "log10_subsample": -0.3924067785192643, "max_depth": 2.0, "num_boost_round": 35.0}, "datetime": {"datetime": "2024-01-19 01:13:29", "elapsed": 3702.879888, "delta": 0.003915}}
{"target": -17.67301729913984, "params": {"gamma": 978.3642600543228, "log10_alpha": -1.22035193629136, "log10_colsample_bytree": -0.08133408668940556, "log10_eta": -1.8405336775201007, "log10_lambda": -2.110730287800169, "log10_min_child_weight": 0.2285622818995775, "log10_subsample": -0.3924067785192643, "max_depth": 2.0, "num_boost_round": 36.0}, "datetime": {"datetime": "2024-01-19 01:13:29", "elapsed": 3702.883779, "delta": 0.003891}}
{"target": -17.673143064202396, "params": {"gamma": 978.3642600543228, "log10_alpha": -1.22035193629136, "log10_colsample_bytree": -0.08133408668940556, "log10_eta": -1.8405336775201007, "log10_lambda": -2.110730287800169, "log10_min_child_weight": 0.2285622818995775, "log10_subsample": -0.3924067785192643, "max_depth": 2.0, "num_boost_round": 37.0}, "datetime": {"datetime": "2024-01-19 01:13:29", "elapsed": 3702.887651, "delta": 0.003872}}
{"target": -17.67326931661254, "params": {"gamma": 978.3642600543228, "log10_alpha": -1.22035193629136, "log10_colsample_bytree": -0.08133408668940556, "log10_eta": -1.8405336775201007, "log10_lambda": -2.110730287800169, "log10_min_child_weight": 0.2285622818995775, "log10_subsample": -0.3924067785192643, "max_depth": 2.0, "num_boost_round": 38.0}, "datetime": {"datetime": "2024-01-19 01:13:29", "elapsed": 3702.891492, "delta": 0.003841}}
{"target": -17.67347194961371, "params": {"gamma": 978.3642600543228, "log10_alpha": -1.22035193629136, "log10_colsample_bytree": -0.08133408668940556, "log10_eta": -1.8405336775201007, "log10_lambda": -2.110730287800169, "log10_min_child_weight": 0.2285622818995775, "log10_subsample": -0.3924067785192643, "max_depth": 2.0, "num_boost_round": 39.0}, "datetime": {"datetime": "2024-01-19 01:13:29", "elapsed": 3702.895361, "delta": 0.003869}}
{"target": -17.673822691054536, "params": {"gamma": 978.3642600543228, "log10_alpha": -1.22035193629136, "log10_colsample_bytree": -0.08133408668940556, "log10_eta": -1.8405336775201007, "log10_lambda": -2.110730287800169, "log10_min_child_weight": 0.2285622818995775, "log10_subsample": -0.3924067785192643, "max_depth": 2.0, "num_boost_round": 40.0}, "datetime": {"datetime": "2024-01-19 01:13:29", "elapsed": 3702.899327, "delta": 0.003966}}
{"target": -17.673914166072844, "params": {"gamma": 978.3642600543228, "log10_alpha": -1.22035193629136, "log10_colsample_bytree": -0.08133408668940556, "log10_eta": -1.8405336775201007, "log10_lambda": -2.110730287800169, "log10_min_child_weight": 0.2285622818995775, "log10_subsample": -0.3924067785192643, "max_depth": 2.0, "num_boost_round": 41.0}, "datetime": {"datetime": "2024-01-19 01:13:29", "elapsed": 3702.903201, "delta": 0.003874}}
{"target": -17.67408326803699, "params": {"gamma": 978.3642600543228, "log10_alpha": -1.22035193629136, "log10_colsample_bytree": -0.08133408668940556, "log10_eta": -1.8405336775201007, "log10_lambda": -2.110730287800169, "log10_min_child_weight": 0.2285622818995775, "log10_subsample": -0.3924067785192643, "max_depth": 2.0, "num_boost_round": 42.0}, "datetime": {"datetime": "2024-01-19 01:13:29", "elapsed": 3702.907071, "delta": 0.00387}}
{"target": -17.67382984392969, "params": {"gamma": 978.3642600543228, "log10_alpha": -1.22035193629136, "log10_colsample_bytree": -0.08133408668940556, "log10_eta": -1.8405336775201007, "log10_lambda": -2.110730287800169, "log10_min_child_weight": 0.2285622818995775, "log10_subsample": -0.3924067785192643, "max_depth": 2.0, "num_boost_round": 43.0}, "datetime": {"datetime": "2024-01-19 01:13:29", "elapsed": 3702.910953, "delta": 0.003882}}
{"target": -17.673713031279448, "params": {"gamma": 978.3642600543228, "log10_alpha": -1.22035193629136, "log10_colsample_bytree": -0.08133408668940556, "log10_eta": -1.8405336775201007, "log10_lambda": -2.110730287800169, "log10_min_child_weight": 0.2285622818995775, "log10_subsample": -0.3924067785192643, "max_depth": 2.0, "num_boost_round": 44.0}, "datetime": {"datetime": "2024-01-19 01:13:29", "elapsed": 3702.914795, "delta": 0.003842}}
{"target": -17.673574172631934, "params": {"gamma": 978.3642600543228, "log10_alpha": -1.22035193629136, "log10_colsample_bytree": -0.08133408668940556, "log10_eta": -1.8405336775201007, "log10_lambda": -2.110730287800169, "log10_min_child_weight": 0.2285622818995775, "log10_subsample": -0.3924067785192643, "max_depth": 2.0, "num_boost_round": 45.0}, "datetime": {"datetime": "2024-01-19 01:13:29", "elapsed": 3702.918649, "delta": 0.003854}}
{"target": -17.67341550880181, "params": {"gamma": 978.3642600543228, "log10_alpha": -1.22035193629136, "log10_colsample_bytree": -0.08133408668940556, "log10_eta": -1.8405336775201007, "log10_lambda": -2.110730287800169, "log10_min_child_weight": 0.2285622818995775, "log10_subsample": -0.3924067785192643, "max_depth": 2.0, "num_boost_round": 46.0}, "datetime": {"datetime": "2024-01-19 01:13:29", "elapsed": 3702.922511, "delta": 0.003862}}
{"target": -17.673266773699687, "params": {"gamma": 978.3642600543228, "log10_alpha": -1.22035193629136, "log10_colsample_bytree": -0.08133408668940556, "log10_eta": -1.8405336775201007, "log10_lambda": -2.110730287800169, "log10_min_child_weight": 0.2285622818995775, "log10_subsample": -0.3924067785192643, "max_depth": 2.0, "num_boost_round": 47.0}, "datetime": {"datetime": "2024-01-19 01:13:29", "elapsed": 3702.92643, "delta": 0.003919}}
{"target": -17.673178880786512, "params": {"gamma": 978.3642600543228, "log10_alpha": -1.22035193629136, "log10_colsample_bytree": -0.08133408668940556, "log10_eta": -1.8405336775201007, "log10_lambda": -2.110730287800169, "log10_min_child_weight": 0.2285622818995775, "log10_subsample": -0.3924067785192643, "max_depth": 2.0, "num_boost_round": 48.0}, "datetime": {"datetime": "2024-01-19 01:13:29", "elapsed": 3702.930288, "delta": 0.003858}}
{"target": -17.673099345290222, "params": {"gamma": 978.3642600543228, "log10_alpha": -1.22035193629136, "log10_colsample_bytree": -0.08133408668940556, "log10_eta": -1.8405336775201007, "log10_lambda": -2.110730287800169, "log10_min_child_weight": 0.2285622818995775, "log10_subsample": -0.3924067785192643, "max_depth": 2.0, "num_boost_round": 49.0}, "datetime": {"datetime": "2024-01-19 01:13:29", "elapsed": 3702.934146, "delta": 0.003858}}
{"target": -17.6732679424145, "params": {"gamma": 978.3642600543228, "log10_alpha": -1.22035193629136, "log10_colsample_bytree": -0.08133408668940556, "log10_eta": -1.8405336775201007, "log10_lambda": -2.110730287800169, "log10_min_child_weight": 0.2285622818995775, "log10_subsample": -0.3924067785192643, "max_depth": 2.0, "num_boost_round": 50.0}, "datetime": {"datetime": "2024-01-19 01:13:29", "elapsed": 3702.93809, "delta": 0.003944}}
{"target": -17.677235761798123, "params": {"gamma": 973.5228003576666, "log10_alpha": -1.2062922011492567, "log10_colsample_bytree": -0.06214609692668638, "log10_eta": -2.9993766245942086, "log10_lambda": 0.610772245885145, "log10_min_child_weight": 4.959197529643445, "log10_subsample": -0.07615027633271243, "max_depth": 3.0, "num_boost_round": 0.0}, "datetime": {"datetime": "2024-01-19 01:14:25", "elapsed": 3759.359785, "delta": 56.421695}}
{"target": -17.677227513681103, "params": {"gamma": 973.5228003576666, "log10_alpha": -1.2062922011492567, "log10_colsample_bytree": -0.06214609692668638, "log10_eta": -2.9993766245942086, "log10_lambda": 0.610772245885145, "log10_min_child_weight": 4.959197529643445, "log10_subsample": -0.07615027633271243, "max_depth": 3.0, "num_boost_round": 1.0}, "datetime": {"datetime": "2024-01-19 01:14:25", "elapsed": 3759.482143, "delta": 0.122358}}
{"target": -17.677223347691264, "params": {"gamma": 973.5228003576666, "log10_alpha": -1.2062922011492567, "log10_colsample_bytree": -0.06214609692668638, "log10_eta": -2.9993766245942086, "log10_lambda": 0.610772245885145, "log10_min_child_weight": 4.959197529643445, "log10_subsample": -0.07615027633271243, "max_depth": 3.0, "num_boost_round": 2.0}, "datetime": {"datetime": "2024-01-19 01:14:25", "elapsed": 3759.486809, "delta": 0.004666}}
{"target": -17.677219560203547, "params": {"gamma": 973.5228003576666, "log10_alpha": -1.2062922011492567, "log10_colsample_bytree": -0.06214609692668638, "log10_eta": -2.9993766245942086, "log10_lambda": 0.610772245885145, "log10_min_child_weight": 4.959197529643445, "log10_subsample": -0.07615027633271243, "max_depth": 3.0, "num_boost_round": 3.0}, "datetime": {"datetime": "2024-01-19 01:14:25", "elapsed": 3759.491105, "delta": 0.004296}}
{"target": -17.677209517389926, "params": {"gamma": 973.5228003576666, "log10_alpha": -1.2062922011492567, "log10_colsample_bytree": -0.06214609692668638, "log10_eta": -2.9993766245942086, "log10_lambda": 0.610772245885145, "log10_min_child_weight": 4.959197529643445, "log10_subsample": -0.07615027633271243, "max_depth": 3.0, "num_boost_round": 4.0}, "datetime": {"datetime": "2024-01-19 01:14:25", "elapsed": 3759.495188, "delta": 0.004083}}
{"target": -17.677202045891676, "params": {"gamma": 973.5228003576666, "log10_alpha": -1.2062922011492567, "log10_colsample_bytree": -0.06214609692668638, "log10_eta": -2.9993766245942086, "log10_lambda": 0.610772245885145, "log10_min_child_weight": 4.959197529643445, "log10_subsample": -0.07615027633271243, "max_depth": 3.0, "num_boost_round": 5.0}, "datetime": {"datetime": "2024-01-19 01:14:25", "elapsed": 3759.499115, "delta": 0.003927}}
{"target": -17.677193219807815, "params": {"gamma": 973.5228003576666, "log10_alpha": -1.2062922011492567, "log10_colsample_bytree": -0.06214609692668638, "log10_eta": -2.9993766245942086, "log10_lambda": 0.610772245885145, "log10_min_child_weight": 4.959197529643445, "log10_subsample": -0.07615027633271243, "max_depth": 3.0, "num_boost_round": 6.0}, "datetime": {"datetime": "2024-01-19 01:14:25", "elapsed": 3759.503053, "delta": 0.003938}}
{"target": -17.677185771114196, "params": {"gamma": 973.5228003576666, "log10_alpha": -1.2062922011492567, "log10_colsample_bytree": -0.06214609692668638, "log10_eta": -2.9993766245942086, "log10_lambda": 0.610772245885145, "log10_min_child_weight": 4.959197529643445, "log10_subsample": -0.07615027633271243, "max_depth": 3.0, "num_boost_round": 7.0}, "datetime": {"datetime": "2024-01-19 01:14:25", "elapsed": 3759.506981, "delta": 0.003928}}
{"target": -17.67717479801758, "params": {"gamma": 973.5228003576666, "log10_alpha": -1.2062922011492567, "log10_colsample_bytree": -0.06214609692668638, "log10_eta": -2.9993766245942086, "log10_lambda": 0.610772245885145, "log10_min_child_weight": 4.959197529643445, "log10_subsample": -0.07615027633271243, "max_depth": 3.0, "num_boost_round": 8.0}, "datetime": {"datetime": "2024-01-19 01:14:25", "elapsed": 3759.511107, "delta": 0.004126}}
{"target": -17.67716679146861, "params": {"gamma": 973.5228003576666, "log10_alpha": -1.2062922011492567, "log10_colsample_bytree": -0.06214609692668638, "log10_eta": -2.9993766245942086, "log10_lambda": 0.610772245885145, "log10_min_child_weight": 4.959197529643445, "log10_subsample": -0.07615027633271243, "max_depth": 3.0, "num_boost_round": 9.0}, "datetime": {"datetime": "2024-01-19 01:14:25", "elapsed": 3759.515317, "delta": 0.00421}}
{"target": -17.67715593078131, "params": {"gamma": 973.5228003576666, "log10_alpha": -1.2062922011492567, "log10_colsample_bytree": -0.06214609692668638, "log10_eta": -2.9993766245942086, "log10_lambda": 0.610772245885145, "log10_min_child_weight": 4.959197529643445, "log10_subsample": -0.07615027633271243, "max_depth": 3.0, "num_boost_round": 10.0}, "datetime": {"datetime": "2024-01-19 01:14:25", "elapsed": 3759.51935, "delta": 0.004033}}
{"target": -17.677147949390474, "params": {"gamma": 973.5228003576666, "log10_alpha": -1.2062922011492567, "log10_colsample_bytree": -0.06214609692668638, "log10_eta": -2.9993766245942086, "log10_lambda": 0.610772245885145, "log10_min_child_weight": 4.959197529643445, "log10_subsample": -0.07615027633271243, "max_depth": 3.0, "num_boost_round": 11.0}, "datetime": {"datetime": "2024-01-19 01:14:25", "elapsed": 3759.523346, "delta": 0.003996}}
{"target": -17.677140674320537, "params": {"gamma": 973.5228003576666, "log10_alpha": -1.2062922011492567, "log10_colsample_bytree": -0.06214609692668638, "log10_eta": -2.9993766245942086, "log10_lambda": 0.610772245885145, "log10_min_child_weight": 4.959197529643445, "log10_subsample": -0.07615027633271243, "max_depth": 3.0, "num_boost_round": 12.0}, "datetime": {"datetime": "2024-01-19 01:14:25", "elapsed": 3759.527303, "delta": 0.003957}}
{"target": -17.677132632895976, "params": {"gamma": 973.5228003576666, "log10_alpha": -1.2062922011492567, "log10_colsample_bytree": -0.06214609692668638, "log10_eta": -2.9993766245942086, "log10_lambda": 0.610772245885145, "log10_min_child_weight": 4.959197529643445, "log10_subsample": -0.07615027633271243, "max_depth": 3.0, "num_boost_round": 13.0}, "datetime": {"datetime": "2024-01-19 01:14:25", "elapsed": 3759.531625, "delta": 0.004322}}
{"target": -17.677136641510987, "params": {"gamma": 973.5228003576666, "log10_alpha": -1.2062922011492567, "log10_colsample_bytree": -0.06214609692668638, "log10_eta": -2.9993766245942086, "log10_lambda": 0.610772245885145, "log10_min_child_weight": 4.959197529643445, "log10_subsample": -0.07615027633271243, "max_depth": 3.0, "num_boost_round": 14.0}, "datetime": {"datetime": "2024-01-19 01:14:25", "elapsed": 3759.53595, "delta": 0.004325}}
{"target": -17.677129711452906, "params": {"gamma": 973.5228003576666, "log10_alpha": -1.2062922011492567, "log10_colsample_bytree": -0.06214609692668638, "log10_eta": -2.9993766245942086, "log10_lambda": 0.610772245885145, "log10_min_child_weight": 4.959197529643445, "log10_subsample": -0.07615027633271243, "max_depth": 3.0, "num_boost_round": 15.0}, "datetime": {"datetime": "2024-01-19 01:14:25", "elapsed": 3759.539903, "delta": 0.003953}}
{"target": -17.677117131957605, "params": {"gamma": 973.5228003576666, "log10_alpha": -1.2062922011492567, "log10_colsample_bytree": -0.06214609692668638, "log10_eta": -2.9993766245942086, "log10_lambda": 0.610772245885145, "log10_min_child_weight": 4.959197529643445, "log10_subsample": -0.07615027633271243, "max_depth": 3.0, "num_boost_round": 16.0}, "datetime": {"datetime": "2024-01-19 01:14:25", "elapsed": 3759.544056, "delta": 0.004153}}
{"target": -17.67710926345315, "params": {"gamma": 973.5228003576666, "log10_alpha": -1.2062922011492567, "log10_colsample_bytree": -0.06214609692668638, "log10_eta": -2.9993766245942086, "log10_lambda": 0.610772245885145, "log10_min_child_weight": 4.959197529643445, "log10_subsample": -0.07615027633271243, "max_depth": 3.0, "num_boost_round": 17.0}, "datetime": {"datetime": "2024-01-19 01:14:25", "elapsed": 3759.548013, "delta": 0.003957}}
{"target": -17.677099276805485, "params": {"gamma": 973.5228003576666, "log10_alpha": -1.2062922011492567, "log10_colsample_bytree": -0.06214609692668638, "log10_eta": -2.9993766245942086, "log10_lambda": 0.610772245885145, "log10_min_child_weight": 4.959197529643445, "log10_subsample": -0.07615027633271243, "max_depth": 3.0, "num_boost_round": 18.0}, "datetime": {"datetime": "2024-01-19 01:14:25", "elapsed": 3759.552097, "delta": 0.004084}}
{"target": -17.67709116871106, "params": {"gamma": 973.5228003576666, "log10_alpha": -1.2062922011492567, "log10_colsample_bytree": -0.06214609692668638, "log10_eta": -2.9993766245942086, "log10_lambda": 0.610772245885145, "log10_min_child_weight": 4.959197529643445, "log10_subsample": -0.07615027633271243, "max_depth": 3.0, "num_boost_round": 19.0}, "datetime": {"datetime": "2024-01-19 01:14:25", "elapsed": 3759.556064, "delta": 0.003967}}
