{"target": -17.674545910948297, "params": {"gamma": 8.828119533189515, "log10_alpha": -1.6400190291418983, "log10_colsample_bytree": -0.4363211810003632, "log10_eta": -2.4655491983695135, "log10_lambda": -3.06887704242277, "log10_min_child_weight": 1.6194875141982168, "log10_subsample": -0.5233723869816239, "max_depth": 8.0, "num_boost_round": 24.0}, "datetime": {"datetime": "2024-01-19 00:11:19", "elapsed": 33.142573, "delta": 0.000177}}
{"target": -17.674358362367183, "params": {"gamma": 8.828119533189515, "log10_alpha": -1.6400190291418983, "log10_colsample_bytree": -0.4363211810003632, "log10_eta": -2.4655491983695135, "log10_lambda": -3.06887704242277, "log10_min_child_weight": 1.6194875141982168, "log10_subsample": -0.5233723869816239, "max_depth": 8.0, "num_boost_round": 25.0}, "datetime": {"datetime": "2024-01-19 00:11:19", "elapsed": 33.142746, "delta": 0.000173}}
{"target": -17.67722604101288, "params": {"gamma": 5.2624818633270065, "log10_alpha": 0.35204418638438995, "log10_colsample_bytree": -0.17840903743058245, "log10_eta": -3.5701376253196706, "log10_lambda": -3.636584729879562, "log10_min_child_weight": 2.433359666342016, "log10_subsample": -0.3265137159875148, "max_depth": 7.0, "num_boost_round": 0.0}, "datetime": {"datetime": "2024-01-19 00:11:50", "elapsed": 64.337084, "delta": 31.194338}}
{"target": -17.677224221190006, "params": {"gamma": 5.2624818633270065, "log10_alpha": 0.35204418638438995, "log10_colsample_bytree": -0.17840903743058245, "log10_eta": -3.5701376253196706, "log10_lambda": -3.636584729879562, "log10_min_child_weight": 2.433359666342016, "log10_subsample": -0.3265137159875148, "max_depth": 7.0, "num_boost_round": 1.0}, "datetime": {"datetime": "2024-01-19 00:11:50", "elapsed": 64.339266, "delta": 0.002182}}
{"target": -17.677216499702457, "params": {"gamma": 5.2624818633270065, "log10_alpha": 0.35204418638438995, "log10_colsample_bytree": -0.17840903743058245, "log10_eta": -3.5701376253196706, "log10_lambda": -3.636584729879562, "log10_min_child_weight": 2.433359666342016, "log10_subsample": -0.3265137159875148, "max_depth": 7.0, "num_boost_round": 2.0}, "datetime": {"datetime": "2024-01-19 00:11:50", "elapsed": 64.339524, "delta": 0.000258}}
{"target": -17.677210078078662, "params": {"gamma": 5.2624818633270065, "log10_alpha": 0.35204418638438995, "log10_colsample_bytree": -0.17840903743058245, "log10_eta": -3.5701376253196706, "log10_lambda": -3.636584729879562, "log10_min_child_weight": 2.433359666342016, "log10_subsample": -0.3265137159875148, "max_depth": 7.0, "num_boost_round": 3.0}, "datetime": {"datetime": "2024-01-19 00:11:50", "elapsed": 64.339737, "delta": 0.000213}}
{"target": -17.67720253939096, "params": {"gamma": 5.2624818633270065, "log10_alpha": 0.35204418638438995, "log10_colsample_bytree": -0.17840903743058245, "log10_eta": -3.5701376253196706, "log10_lambda": -3.636584729879562, "log10_min_child_weight": 2.433359666342016, "log10_subsample": -0.3265137159875148, "max_depth": 7.0, "num_boost_round": 4.0}, "datetime": {"datetime": "2024-01-19 00:11:50", "elapsed": 64.339927, "delta": 0.00019}}
{"target": -17.677182816014064, "params": {"gamma": 5.2624818633270065, "log10_alpha": 0.35204418638438995, "log10_colsample_bytree": -0.17840903743058245, "log10_eta": -3.5701376253196706, "log10_lambda": -3.636584729879562, "log10_min_child_weight": 2.433359666342016, "log10_subsample": -0.3265137159875148, "max_depth": 7.0, "num_boost_round": 5.0}, "datetime": {"datetime": "2024-01-19 00:11:50", "elapsed": 64.340118, "delta": 0.000191}}
{"target": -17.67717413456256, "params": {"gamma": 5.2624818633270065, "log10_alpha": 0.35204418638438995, "log10_colsample_bytree": -0.17840903743058245, "log10_eta": -3.5701376253196706, "log10_lambda": -3.636584729879562, "log10_min_child_weight": 2.433359666342016, "log10_subsample": -0.3265137159875148, "max_depth": 7.0, "num_boost_round": 6.0}, "datetime": {"datetime": "2024-01-19 00:11:50", "elapsed": 64.340304, "delta": 0.000186}}
{"target": -17.677158850528176, "params": {"gamma": 5.2624818633270065, "log10_alpha": 0.35204418638438995, "log10_colsample_bytree": -0.17840903743058245, "log10_eta": -3.5701376253196706, "log10_lambda": -3.636584729879562, "log10_min_child_weight": 2.433359666342016, "log10_subsample": -0.3265137159875148, "max_depth": 7.0, "num_boost_round": 7.0}, "datetime": {"datetime": "2024-01-19 00:11:50", "elapsed": 64.340495, "delta": 0.000191}}
{"target": -17.677149094458624, "params": {"gamma": 5.2624818633270065, "log10_alpha": 0.35204418638438995, "log10_colsample_bytree": -0.17840903743058245, "log10_eta": -3.5701376253196706, "log10_lambda": -3.636584729879562, "log10_min_child_weight": 2.433359666342016, "log10_subsample": -0.3265137159875148, "max_depth": 7.0, "num_boost_round": 8.0}, "datetime": {"datetime": "2024-01-19 00:11:50", "elapsed": 64.340846, "delta": 0.000351}}
{"target": -17.677141754543356, "params": {"gamma": 5.2624818633270065, "log10_alpha": 0.35204418638438995, "log10_colsample_bytree": -0.17840903743058245, "log10_eta": -3.5701376253196706, "log10_lambda": -3.636584729879562, "log10_min_child_weight": 2.433359666342016, "log10_subsample": -0.3265137159875148, "max_depth": 7.0, "num_boost_round": 9.0}, "datetime": {"datetime": "2024-01-19 00:11:50", "elapsed": 64.341047, "delta": 0.000201}}
{"target": -17.677125641720167, "params": {"gamma": 5.2624818633270065, "log10_alpha": 0.35204418638438995, "log10_colsample_bytree": -0.17840903743058245, "log10_eta": -3.5701376253196706, "log10_lambda": -3.636584729879562, "log10_min_child_weight": 2.433359666342016, "log10_subsample": -0.3265137159875148, "max_depth": 7.0, "num_boost_round": 10.0}, "datetime": {"datetime": "2024-01-19 00:11:50", "elapsed": 64.341237, "delta": 0.00019}}
{"target": -17.677122196403193, "params": {"gamma": 5.2624818633270065, "log10_alpha": 0.35204418638438995, "log10_colsample_bytree": -0.17840903743058245, "log10_eta": -3.5701376253196706, "log10_lambda": -3.636584729879562, "log10_min_child_weight": 2.433359666342016, "log10_subsample": -0.3265137159875148, "max_depth": 7.0, "num_boost_round": 11.0}, "datetime": {"datetime": "2024-01-19 00:11:50", "elapsed": 64.341431, "delta": 0.000194}}
{"target": -17.677107745356256, "params": {"gamma": 5.2624818633270065, "log10_alpha": 0.35204418638438995, "log10_colsample_bytree": -0.17840903743058245, "log10_eta": -3.5701376253196706, "log10_lambda": -3.636584729879562, "log10_min_child_weight": 2.433359666342016, "log10_subsample": -0.3265137159875148, "max_depth": 7.0, "num_boost_round": 12.0}, "datetime": {"datetime": "2024-01-19 00:11:50", "elapsed": 64.341624, "delta": 0.000193}}
{"target": -17.677095584221043, "params": {"gamma": 5.2624818633270065, "log10_alpha": 0.35204418638438995, "log10_colsample_bytree": -0.17840903743058245, "log10_eta": -3.5701376253196706, "log10_lambda": -3.636584729879562, "log10_min_child_weight": 2.433359666342016, "log10_subsample": -0.3265137159875148, "max_depth": 7.0, "num_boost_round": 13.0}, "datetime": {"datetime": "2024-01-19 00:11:50", "elapsed": 64.341819, "delta": 0.000195}}
{"target": -17.677089571253894, "params": {"gamma": 5.2624818633270065, "log10_alpha": 0.35204418638438995, "log10_colsample_bytree": -0.17840903743058245, "log10_eta": -3.5701376253196706, "log10_lambda": -3.636584729879562, "log10_min_child_weight": 2.433359666342016, "log10_subsample": -0.3265137159875148, "max_depth": 7.0, "num_boost_round": 14.0}, "datetime": {"datetime": "2024-01-19 00:11:50", "elapsed": 64.342021, "delta": 0.000202}}
{"target": -17.677074308820753, "params": {"gamma": 5.2624818633270065, "log10_alpha": 0.35204418638438995, "log10_colsample_bytree": -0.17840903743058245, "log10_eta": -3.5701376253196706, "log10_lambda": -3.636584729879562, "log10_min_child_weight": 2.433359666342016, "log10_subsample": -0.3265137159875148, "max_depth": 7.0, "num_boost_round": 15.0}, "datetime": {"datetime": "2024-01-19 00:11:50", "elapsed": 64.342216, "delta": 0.000195}}
{"target": -17.677050452866908, "params": {"gamma": 5.2624818633270065, "log10_alpha": 0.35204418638438995, "log10_colsample_bytree": -0.17840903743058245, "log10_eta": -3.5701376253196706, "log10_lambda": -3.636584729879562, "log10_min_child_weight": 2.433359666342016, "log10_subsample": -0.3265137159875148, "max_depth": 7.0, "num_boost_round": 16.0}, "datetime": {"datetime": "2024-01-19 00:11:50", "elapsed": 64.342427, "delta": 0.000211}}
{"target": -17.677022546574964, "params": {"gamma": 5.2624818633270065, "log10_alpha": 0.35204418638438995, "log10_colsample_bytree": -0.17840903743058245, "log10_eta": -3.5701376253196706, "log10_lambda": -3.636584729879562, "log10_min_child_weight": 2.433359666342016, "log10_subsample": -0.3265137159875148, "max_depth": 7.0, "num_boost_round": 17.0}, "datetime": {"datetime": "2024-01-19 00:11:50", "elapsed": 64.34263, "delta": 0.000203}}
{"target": -17.677020407435865, "params": {"gamma": 5.2624818633270065, "log10_alpha": 0.35204418638438995, "log10_colsample_bytree": -0.17840903743058245, "log10_eta": -3.5701376253196706, "log10_lambda": -3.636584729879562, "log10_min_child_weight": 2.433359666342016, "log10_subsample": -0.3265137159875148, "max_depth": 7.0, "num_boost_round": 18.0}, "datetime": {"datetime": "2024-01-19 00:11:50", "elapsed": 64.342826, "delta": 0.000196}}
{"target": -17.67700306972082, "params": {"gamma": 5.2624818633270065, "log10_alpha": 0.35204418638438995, "log10_colsample_bytree": -0.17840903743058245, "log10_eta": -3.5701376253196706, "log10_lambda": -3.636584729879562, "log10_min_child_weight": 2.433359666342016, "log10_subsample": -0.3265137159875148, "max_depth": 7.0, "num_boost_round": 19.0}, "datetime": {"datetime": "2024-01-19 00:11:50", "elapsed": 64.343021, "delta": 0.000195}}
{"target": -17.676997594077935, "params": {"gamma": 5.2624818633270065, "log10_alpha": 0.35204418638438995, "log10_colsample_bytree": -0.17840903743058245, "log10_eta": -3.5701376253196706, "log10_lambda": -3.636584729879562, "log10_min_child_weight": 2.433359666342016, "log10_subsample": -0.3265137159875148, "max_depth": 7.0, "num_boost_round": 20.0}, "datetime": {"datetime": "2024-01-19 00:11:50", "elapsed": 64.343216, "delta": 0.000195}}
{"target": -17.67699191668016, "params": {"gamma": 5.2624818633270065, "log10_alpha": 0.35204418638438995, "log10_colsample_bytree": -0.17840903743058245, "log10_eta": -3.5701376253196706, "log10_lambda": -3.636584729879562, "log10_min_child_weight": 2.433359666342016, "log10_subsample": -0.3265137159875148, "max_depth": 7.0, "num_boost_round": 21.0}, "datetime": {"datetime": "2024-01-19 00:11:50", "elapsed": 64.343421, "delta": 0.000205}}
{"target": -17.676967001533296, "params": {"gamma": 5.2624818633270065, "log10_alpha": 0.35204418638438995, "log10_colsample_bytree": -0.17840903743058245, "log10_eta": -3.5701376253196706, "log10_lambda": -3.636584729879562, "log10_min_child_weight": 2.433359666342016, "log10_subsample": -0.3265137159875148, "max_depth": 7.0, "num_boost_round": 22.0}, "datetime": {"datetime": "2024-01-19 00:11:50", "elapsed": 64.343624, "delta": 0.000203}}
{"target": -17.676947495185612, "params": {"gamma": 5.2624818633270065, "log10_alpha": 0.35204418638438995, "log10_colsample_bytree": -0.17840903743058245, "log10_eta": -3.5701376253196706, "log10_lambda": -3.636584729879562, "log10_min_child_weight": 2.433359666342016, "log10_subsample": -0.3265137159875148, "max_depth": 7.0, "num_boost_round": 23.0}, "datetime": {"datetime": "2024-01-19 00:11:50", "elapsed": 64.34383, "delta": 0.000206}}
{"target": -17.67691092022096, "params": {"gamma": 5.2624818633270065, "log10_alpha": 0.35204418638438995, "log10_colsample_bytree": -0.17840903743058245, "log10_eta": -3.5701376253196706, "log10_lambda": -3.636584729879562, "log10_min_child_weight": 2.433359666342016, "log10_subsample": -0.3265137159875148, "max_depth": 7.0, "num_boost_round": 24.0}, "datetime": {"datetime": "2024-01-19 00:11:50", "elapsed": 64.344036, "delta": 0.000206}}
{"target": -17.67689456396268, "params": {"gamma": 5.2624818633270065, "log10_alpha": 0.35204418638438995, "log10_colsample_bytree": -0.17840903743058245, "log10_eta": -3.5701376253196706, "log10_lambda": -3.636584729879562, "log10_min_child_weight": 2.433359666342016, "log10_subsample": -0.3265137159875148, "max_depth": 7.0, "num_boost_round": 25.0}, "datetime": {"datetime": "2024-01-19 00:11:50", "elapsed": 64.34424, "delta": 0.000204}}
{"target": -17.676890187563693, "params": {"gamma": 5.2624818633270065, "log10_alpha": 0.35204418638438995, "log10_colsample_bytree": -0.17840903743058245, "log10_eta": -3.5701376253196706, "log10_lambda": -3.636584729879562, "log10_min_child_weight": 2.433359666342016, "log10_subsample": -0.3265137159875148, "max_depth": 7.0, "num_boost_round": 26.0}, "datetime": {"datetime": "2024-01-19 00:11:50", "elapsed": 64.344457, "delta": 0.000217}}
{"target": -17.676874175252387, "params": {"gamma": 5.2624818633270065, "log10_alpha": 0.35204418638438995, "log10_colsample_bytree": -0.17840903743058245, "log10_eta": -3.5701376253196706, "log10_lambda": -3.636584729879562, "log10_min_child_weight": 2.433359666342016, "log10_subsample": -0.3265137159875148, "max_depth": 7.0, "num_boost_round": 27.0}, "datetime": {"datetime": "2024-01-19 00:11:50", "elapsed": 64.344667, "delta": 0.00021}}
{"target": -17.67722290442471, "params": {"gamma": 11.857830981144456, "log10_alpha": -3.914907927698125, "log10_colsample_bytree": -0.9744013834375077, "log10_eta": -2.8817516334955107, "log10_lambda": -0.999403899466806, "log10_min_child_weight": 4.582686702504806, "log10_subsample": -0.7234997454352615, "max_depth": 8.0, "num_boost_round": 0.0}, "datetime": {"datetime": "2024-01-19 00:12:22", "elapsed": 96.682215, "delta": 32.337548}}
{"target": -17.677207148647753, "params": {"gamma": 11.857830981144456, "log10_alpha": -3.914907927698125, "log10_colsample_bytree": -0.9744013834375077, "log10_eta": -2.8817516334955107, "log10_lambda": -0.999403899466806, "log10_min_child_weight": 4.582686702504806, "log10_subsample": -0.7234997454352615, "max_depth": 8.0, "num_boost_round": 1.0}, "datetime": {"datetime": "2024-01-19 00:12:22", "elapsed": 96.682665, "delta": 0.00045}}
{"target": -17.677211271080655, "params": {"gamma": 11.857830981144456, "log10_alpha": -3.914907927698125, "log10_colsample_bytree": -0.9744013834375077, "log10_eta": -2.8817516334955107, "log10_lambda": -0.999403899466806, "log10_min_child_weight": 4.582686702504806, "log10_subsample": -0.7234997454352615, "max_depth": 8.0, "num_boost_round": 2.0}, "datetime": {"datetime": "2024-01-19 00:12:22", "elapsed": 96.682909, "delta": 0.000244}}
{"target": -17.677204030919146, "params": {"gamma": 11.857830981144456, "log10_alpha": -3.914907927698125, "log10_colsample_bytree": -0.9744013834375077, "log10_eta": -2.8817516334955107, "log10_lambda": -0.999403899466806, "log10_min_child_weight": 4.582686702504806, "log10_subsample": -0.7234997454352615, "max_depth": 8.0, "num_boost_round": 3.0}, "datetime": {"datetime": "2024-01-19 00:12:22", "elapsed": 96.683141, "delta": 0.000232}}
{"target": -17.67719625185949, "params": {"gamma": 11.857830981144456, "log10_alpha": -3.914907927698125, "log10_colsample_bytree": -0.9744013834375077, "log10_eta": -2.8817516334955107, "log10_lambda": -0.999403899466806, "log10_min_child_weight": 4.582686702504806, "log10_subsample": -0.7234997454352615, "max_depth": 8.0, "num_boost_round": 4.0}, "datetime": {"datetime": "2024-01-19 00:12:22", "elapsed": 96.683366, "delta": 0.000225}}
{"target": -17.67718762551079, "params": {"gamma": 11.857830981144456, "log10_alpha": -3.914907927698125, "log10_colsample_bytree": -0.9744013834375077, "log10_eta": -2.8817516334955107, "log10_lambda": -0.999403899466806, "log10_min_child_weight": 4.582686702504806, "log10_subsample": -0.7234997454352615, "max_depth": 8.0, "num_boost_round": 5.0}, "datetime": {"datetime": "2024-01-19 00:12:22", "elapsed": 96.683599, "delta": 0.000233}}
{"target": -17.677182955038713, "params": {"gamma": 11.857830981144456, "log10_alpha": -3.914907927698125, "log10_colsample_bytree": -0.9744013834375077, "log10_eta": -2.8817516334955107, "log10_lambda": -0.999403899466806, "log10_min_child_weight": 4.582686702504806, "log10_subsample": -0.7234997454352615, "max_depth": 8.0, "num_boost_round": 6.0}, "datetime": {"datetime": "2024-01-19 00:12:22", "elapsed": 96.684093, "delta": 0.000494}}
{"target": -17.677174770220848, "params": {"gamma": 11.857830981144456, "log10_alpha": -3.914907927698125, "log10_colsample_bytree": -0.9744013834375077, "log10_eta": -2.8817516334955107, "log10_lambda": -0.999403899466806, "log10_min_child_weight": 4.582686702504806, "log10_subsample": -0.7234997454352615, "max_depth": 8.0, "num_boost_round": 7.0}, "datetime": {"datetime": "2024-01-19 00:12:22", "elapsed": 96.68435, "delta": 0.000257}}
{"target": -17.677157161264645, "params": {"gamma": 11.857830981144456, "log10_alpha": -3.914907927698125, "log10_colsample_bytree": -0.9744013834375077, "log10_eta": -2.8817516334955107, "log10_lambda": -0.999403899466806, "log10_min_child_weight": 4.582686702504806, "log10_subsample": -0.7234997454352615, "max_depth": 8.0, "num_boost_round": 8.0}, "datetime": {"datetime": "2024-01-19 00:12:22", "elapsed": 96.684705, "delta": 0.000355}}
{"target": -17.677154965369052, "params": {"gamma": 11.857830981144456, "log10_alpha": -3.914907927698125, "log10_colsample_bytree": -0.9744013834375077, "log10_eta": -2.8817516334955107, "log10_lambda": -0.999403899466806, "log10_min_child_weight": 4.582686702504806, "log10_subsample": -0.7234997454352615, "max_depth": 8.0, "num_boost_round": 9.0}, "datetime": {"datetime": "2024-01-19 00:12:22", "elapsed": 96.684945, "delta": 0.00024}}
{"target": -17.677167147673494, "params": {"gamma": 11.857830981144456, "log10_alpha": -3.914907927698125, "log10_colsample_bytree": -0.9744013834375077, "log10_eta": -2.8817516334955107, "log10_lambda": -0.999403899466806, "log10_min_child_weight": 4.582686702504806, "log10_subsample": -0.7234997454352615, "max_depth": 8.0, "num_boost_round": 10.0}, "datetime": {"datetime": "2024-01-19 00:12:22", "elapsed": 96.685339, "delta": 0.000394}}
{"target": -17.677147281594607, "params": {"gamma": 11.857830981144456, "log10_alpha": -3.914907927698125, "log10_colsample_bytree": -0.9744013834375077, "log10_eta": -2.8817516334955107, "log10_lambda": -0.999403899466806, "log10_min_child_weight": 4.582686702504806, "log10_subsample": -0.7234997454352615, "max_depth": 8.0, "num_boost_round": 11.0}, "datetime": {"datetime": "2024-01-19 00:12:22", "elapsed": 96.685591, "delta": 0.000252}}
{"target": -17.67713201613152, "params": {"gamma": 11.857830981144456, "log10_alpha": -3.914907927698125, "log10_colsample_bytree": -0.9744013834375077, "log10_eta": -2.8817516334955107, "log10_lambda": -0.999403899466806, "log10_min_child_weight": 4.582686702504806, "log10_subsample": -0.7234997454352615, "max_depth": 8.0, "num_boost_round": 12.0}, "datetime": {"datetime": "2024-01-19 00:12:22", "elapsed": 96.686012, "delta": 0.000421}}
{"target": -17.677117300885268, "params": {"gamma": 11.857830981144456, "log10_alpha": -3.914907927698125, "log10_colsample_bytree": -0.9744013834375077, "log10_eta": -2.8817516334955107, "log10_lambda": -0.999403899466806, "log10_min_child_weight": 4.582686702504806, "log10_subsample": -0.7234997454352615, "max_depth": 8.0, "num_boost_round": 13.0}, "datetime": {"datetime": "2024-01-19 00:12:22", "elapsed": 96.686244, "delta": 0.000232}}
{"target": -17.677117010779696, "params": {"gamma": 11.857830981144456, "log10_alpha": -3.914907927698125, "log10_colsample_bytree": -0.9744013834375077, "log10_eta": -2.8817516334955107, "log10_lambda": -0.999403899466806, "log10_min_child_weight": 4.582686702504806, "log10_subsample": -0.7234997454352615, "max_depth": 8.0, "num_boost_round": 14.0}, "datetime": {"datetime": "2024-01-19 00:12:22", "elapsed": 96.686486, "delta": 0.000242}}
{"target": -17.67710763165574, "params": {"gamma": 11.857830981144456, "log10_alpha": -3.914907927698125, "log10_colsample_bytree": -0.9744013834375077, "log10_eta": -2.8817516334955107, "log10_lambda": -0.999403899466806, "log10_min_child_weight": 4.582686702504806, "log10_subsample": -0.7234997454352615, "max_depth": 8.0, "num_boost_round": 15.0}, "datetime": {"datetime": "2024-01-19 00:12:22", "elapsed": 96.686723, "delta": 0.000237}}
{"target": -17.677101513618364, "params": {"gamma": 11.857830981144456, "log10_alpha": -3.914907927698125, "log10_colsample_bytree": -0.9744013834375077, "log10_eta": -2.8817516334955107, "log10_lambda": -0.999403899466806, "log10_min_child_weight": 4.582686702504806, "log10_subsample": -0.7234997454352615, "max_depth": 8.0, "num_boost_round": 16.0}, "datetime": {"datetime": "2024-01-19 00:12:23", "elapsed": 96.686954, "delta": 0.000231}}
{"target": -17.677104187994363, "params": {"gamma": 11.857830981144456, "log10_alpha": -3.914907927698125, "log10_colsample_bytree": -0.9744013834375077, "log10_eta": -2.8817516334955107, "log10_lambda": -0.999403899466806, "log10_min_child_weight": 4.582686702504806, "log10_subsample": -0.7234997454352615, "max_depth": 8.0, "num_boost_round": 17.0}, "datetime": {"datetime": "2024-01-19 00:12:23", "elapsed": 96.687288, "delta": 0.000334}}
{"target": -17.677093821472837, "params": {"gamma": 11.857830981144456, "log10_alpha": -3.914907927698125, "log10_colsample_bytree": -0.9744013834375077, "log10_eta": -2.8817516334955107, "log10_lambda": -0.999403899466806, "log10_min_child_weight": 4.582686702504806, "log10_subsample": -0.7234997454352615, "max_depth": 8.0, "num_boost_round": 18.0}, "datetime": {"datetime": "2024-01-19 00:12:23", "elapsed": 96.687535, "delta": 0.000247}}
