{"target": -13.758543265181888, "params": {"gamma": 553.6808002342444, "log10_alpha": 0.11209956438408053, "log10_colsample_bytree": -0.020653845403284188, "log10_eta": -3.9822235336707847, "log10_lambda": 0.615816968345241, "log10_min_child_weight": 2.763857676282542, "log10_subsample": -0.20353873060815975, "max_depth": 6.0, "num_boost_round": 7.0}, "datetime": {"datetime": "2024-01-19 00:32:35", "elapsed": 1207.710254, "delta": 0.001841}}
{"target": -13.758545585159421, "params": {"gamma": 553.6808002342444, "log10_alpha": 0.11209956438408053, "log10_colsample_bytree": -0.020653845403284188, "log10_eta": -3.9822235336707847, "log10_lambda": 0.615816968345241, "log10_min_child_weight": 2.763857676282542, "log10_subsample": -0.20353873060815975, "max_depth": 6.0, "num_boost_round": 8.0}, "datetime": {"datetime": "2024-01-19 00:32:35", "elapsed": 1207.712136, "delta": 0.001882}}
{"target": -13.758544253636694, "params": {"gamma": 553.6808002342444, "log10_alpha": 0.11209956438408053, "log10_colsample_bytree": -0.020653845403284188, "log10_eta": -3.9822235336707847, "log10_lambda": 0.615816968345241, "log10_min_child_weight": 2.763857676282542, "log10_subsample": -0.20353873060815975, "max_depth": 6.0, "num_boost_round": 9.0}, "datetime": {"datetime": "2024-01-19 00:32:35", "elapsed": 1207.714155, "delta": 0.002019}}
{"target": -13.758545824250692, "params": {"gamma": 553.6808002342444, "log10_alpha": 0.11209956438408053, "log10_colsample_bytree": -0.020653845403284188, "log10_eta": -3.9822235336707847, "log10_lambda": 0.615816968345241, "log10_min_child_weight": 2.763857676282542, "log10_subsample": -0.20353873060815975, "max_depth": 6.0, "num_boost_round": 10.0}, "datetime": {"datetime": "2024-01-19 00:32:35", "elapsed": 1207.715994, "delta": 0.001839}}
{"target": -13.758547055166835, "params": {"gamma": 553.6808002342444, "log10_alpha": 0.11209956438408053, "log10_colsample_bytree": -0.020653845403284188, "log10_eta": -3.9822235336707847, "log10_lambda": 0.615816968345241, "log10_min_child_weight": 2.763857676282542, "log10_subsample": -0.20353873060815975, "max_depth": 6.0, "num_boost_round": 11.0}, "datetime": {"datetime": "2024-01-19 00:32:35", "elapsed": 1207.718506, "delta": 0.002512}}
{"target": -13.758548642604818, "params": {"gamma": 553.6808002342444, "log10_alpha": 0.11209956438408053, "log10_colsample_bytree": -0.020653845403284188, "log10_eta": -3.9822235336707847, "log10_lambda": 0.615816968345241, "log10_min_child_weight": 2.763857676282542, "log10_subsample": -0.20353873060815975, "max_depth": 6.0, "num_boost_round": 12.0}, "datetime": {"datetime": "2024-01-19 00:32:35", "elapsed": 1207.720387, "delta": 0.001881}}
{"target": -13.758549638627542, "params": {"gamma": 553.6808002342444, "log10_alpha": 0.11209956438408053, "log10_colsample_bytree": -0.020653845403284188, "log10_eta": -3.9822235336707847, "log10_lambda": 0.615816968345241, "log10_min_child_weight": 2.763857676282542, "log10_subsample": -0.20353873060815975, "max_depth": 6.0, "num_boost_round": 13.0}, "datetime": {"datetime": "2024-01-19 00:32:35", "elapsed": 1207.722231, "delta": 0.001844}}
{"target": -13.758548156009393, "params": {"gamma": 553.6808002342444, "log10_alpha": 0.11209956438408053, "log10_colsample_bytree": -0.020653845403284188, "log10_eta": -3.9822235336707847, "log10_lambda": 0.615816968345241, "log10_min_child_weight": 2.763857676282542, "log10_subsample": -0.20353873060815975, "max_depth": 6.0, "num_boost_round": 14.0}, "datetime": {"datetime": "2024-01-19 00:32:35", "elapsed": 1207.72407, "delta": 0.001839}}
{"target": -13.758545632865674, "params": {"gamma": 553.6808002342444, "log10_alpha": 0.11209956438408053, "log10_colsample_bytree": -0.020653845403284188, "log10_eta": -3.9822235336707847, "log10_lambda": 0.615816968345241, "log10_min_child_weight": 2.763857676282542, "log10_subsample": -0.20353873060815975, "max_depth": 6.0, "num_boost_round": 15.0}, "datetime": {"datetime": "2024-01-19 00:32:35", "elapsed": 1207.725905, "delta": 0.001835}}
{"target": -13.758540992315053, "params": {"gamma": 553.6808002342444, "log10_alpha": 0.11209956438408053, "log10_colsample_bytree": -0.020653845403284188, "log10_eta": -3.9822235336707847, "log10_lambda": 0.615816968345241, "log10_min_child_weight": 2.763857676282542, "log10_subsample": -0.20353873060815975, "max_depth": 6.0, "num_boost_round": 16.0}, "datetime": {"datetime": "2024-01-19 00:32:35", "elapsed": 1207.727764, "delta": 0.001859}}
{"target": -13.758538652433126, "params": {"gamma": 553.6808002342444, "log10_alpha": 0.11209956438408053, "log10_colsample_bytree": -0.020653845403284188, "log10_eta": -3.9822235336707847, "log10_lambda": 0.615816968345241, "log10_min_child_weight": 2.763857676282542, "log10_subsample": -0.20353873060815975, "max_depth": 6.0, "num_boost_round": 17.0}, "datetime": {"datetime": "2024-01-19 00:32:35", "elapsed": 1207.729617, "delta": 0.001853}}
{"target": -13.758538098410495, "params": {"gamma": 553.6808002342444, "log10_alpha": 0.11209956438408053, "log10_colsample_bytree": -0.020653845403284188, "log10_eta": -3.9822235336707847, "log10_lambda": 0.615816968345241, "log10_min_child_weight": 2.763857676282542, "log10_subsample": -0.20353873060815975, "max_depth": 6.0, "num_boost_round": 18.0}, "datetime": {"datetime": "2024-01-19 00:32:35", "elapsed": 1207.731457, "delta": 0.00184}}
{"target": -13.758538722825303, "params": {"gamma": 553.6808002342444, "log10_alpha": 0.11209956438408053, "log10_colsample_bytree": -0.020653845403284188, "log10_eta": -3.9822235336707847, "log10_lambda": 0.615816968345241, "log10_min_child_weight": 2.763857676282542, "log10_subsample": -0.20353873060815975, "max_depth": 6.0, "num_boost_round": 19.0}, "datetime": {"datetime": "2024-01-19 00:32:35", "elapsed": 1207.733512, "delta": 0.002055}}
{"target": -13.758540001229015, "params": {"gamma": 553.6808002342444, "log10_alpha": 0.11209956438408053, "log10_colsample_bytree": -0.020653845403284188, "log10_eta": -3.9822235336707847, "log10_lambda": 0.615816968345241, "log10_min_child_weight": 2.763857676282542, "log10_subsample": -0.20353873060815975, "max_depth": 6.0, "num_boost_round": 20.0}, "datetime": {"datetime": "2024-01-19 00:32:35", "elapsed": 1207.735389, "delta": 0.001877}}
{"target": -13.758538518396469, "params": {"gamma": 553.6808002342444, "log10_alpha": 0.11209956438408053, "log10_colsample_bytree": -0.020653845403284188, "log10_eta": -3.9822235336707847, "log10_lambda": 0.615816968345241, "log10_min_child_weight": 2.763857676282542, "log10_subsample": -0.20353873060815975, "max_depth": 6.0, "num_boost_round": 21.0}, "datetime": {"datetime": "2024-01-19 00:32:35", "elapsed": 1207.737804, "delta": 0.002415}}
{"target": -13.758330742915103, "params": {"gamma": 551.9821357235219, "log10_alpha": -1.6528189462126974, "log10_colsample_bytree": -0.8216371075671417, "log10_eta": -2.33912665171802, "log10_lambda": -0.7470474624752361, "log10_min_child_weight": 2.883765538712547, "log10_subsample": -0.2831064510292013, "max_depth": 9.0, "num_boost_round": 0.0}, "datetime": {"datetime": "2024-01-19 00:33:15", "elapsed": 1248.237315, "delta": 40.499511}}
{"target": -13.75839338674825, "params": {"gamma": 551.9821357235219, "log10_alpha": -1.6528189462126974, "log10_colsample_bytree": -0.8216371075671417, "log10_eta": -2.33912665171802, "log10_lambda": -0.7470474624752361, "log10_min_child_weight": 2.883765538712547, "log10_subsample": -0.2831064510292013, "max_depth": 9.0, "num_boost_round": 1.0}, "datetime": {"datetime": "2024-01-19 00:33:15", "elapsed": 1248.239603, "delta": 0.002288}}
{"target": -13.75832146697172, "params": {"gamma": 551.9821357235219, "log10_alpha": -1.6528189462126974, "log10_colsample_bytree": -0.8216371075671417, "log10_eta": -2.33912665171802, "log10_lambda": -0.7470474624752361, "log10_min_child_weight": 2.883765538712547, "log10_subsample": -0.2831064510292013, "max_depth": 9.0, "num_boost_round": 2.0}, "datetime": {"datetime": "2024-01-19 00:33:15", "elapsed": 1248.241476, "delta": 0.001873}}
{"target": -13.758369170389548, "params": {"gamma": 551.9821357235219, "log10_alpha": -1.6528189462126974, "log10_colsample_bytree": -0.8216371075671417, "log10_eta": -2.33912665171802, "log10_lambda": -0.7470474624752361, "log10_min_child_weight": 2.883765538712547, "log10_subsample": -0.2831064510292013, "max_depth": 9.0, "num_boost_round": 3.0}, "datetime": {"datetime": "2024-01-19 00:33:15", "elapsed": 1248.243322, "delta": 0.001846}}
{"target": -13.7582706724475, "params": {"gamma": 551.9821357235219, "log10_alpha": -1.6528189462126974, "log10_colsample_bytree": -0.8216371075671417, "log10_eta": -2.33912665171802, "log10_lambda": -0.7470474624752361, "log10_min_child_weight": 2.883765538712547, "log10_subsample": -0.2831064510292013, "max_depth": 9.0, "num_boost_round": 4.0}, "datetime": {"datetime": "2024-01-19 00:33:15", "elapsed": 1248.245172, "delta": 0.00185}}
{"target": -13.758174541534716, "params": {"gamma": 551.9821357235219, "log10_alpha": -1.6528189462126974, "log10_colsample_bytree": -0.8216371075671417, "log10_eta": -2.33912665171802, "log10_lambda": -0.7470474624752361, "log10_min_child_weight": 2.883765538712547, "log10_subsample": -0.2831064510292013, "max_depth": 9.0, "num_boost_round": 5.0}, "datetime": {"datetime": "2024-01-19 00:33:15", "elapsed": 1248.247034, "delta": 0.001862}}
{"target": -13.758249879589135, "params": {"gamma": 551.9821357235219, "log10_alpha": -1.6528189462126974, "log10_colsample_bytree": -0.8216371075671417, "log10_eta": -2.33912665171802, "log10_lambda": -0.7470474624752361, "log10_min_child_weight": 2.883765538712547, "log10_subsample": -0.2831064510292013, "max_depth": 9.0, "num_boost_round": 6.0}, "datetime": {"datetime": "2024-01-19 00:33:15", "elapsed": 1248.248912, "delta": 0.001878}}
{"target": -13.757932168071166, "params": {"gamma": 551.9821357235219, "log10_alpha": -1.6528189462126974, "log10_colsample_bytree": -0.8216371075671417, "log10_eta": -2.33912665171802, "log10_lambda": -0.7470474624752361, "log10_min_child_weight": 2.883765538712547, "log10_subsample": -0.2831064510292013, "max_depth": 9.0, "num_boost_round": 7.0}, "datetime": {"datetime": "2024-01-19 00:33:15", "elapsed": 1248.251319, "delta": 0.002407}}
{"target": -13.757947573202134, "params": {"gamma": 551.9821357235219, "log10_alpha": -1.6528189462126974, "log10_colsample_bytree": -0.8216371075671417, "log10_eta": -2.33912665171802, "log10_lambda": -0.7470474624752361, "log10_min_child_weight": 2.883765538712547, "log10_subsample": -0.2831064510292013, "max_depth": 9.0, "num_boost_round": 8.0}, "datetime": {"datetime": "2024-01-19 00:33:15", "elapsed": 1248.253405, "delta": 0.002086}}
{"target": -13.758075250731194, "params": {"gamma": 551.9821357235219, "log10_alpha": -1.6528189462126974, "log10_colsample_bytree": -0.8216371075671417, "log10_eta": -2.33912665171802, "log10_lambda": -0.7470474624752361, "log10_min_child_weight": 2.883765538712547, "log10_subsample": -0.2831064510292013, "max_depth": 9.0, "num_boost_round": 9.0}, "datetime": {"datetime": "2024-01-19 00:33:15", "elapsed": 1248.255336, "delta": 0.001931}}
{"target": -13.757911578306096, "params": {"gamma": 551.9821357235219, "log10_alpha": -1.6528189462126974, "log10_colsample_bytree": -0.8216371075671417, "log10_eta": -2.33912665171802, "log10_lambda": -0.7470474624752361, "log10_min_child_weight": 2.883765538712547, "log10_subsample": -0.2831064510292013, "max_depth": 9.0, "num_boost_round": 10.0}, "datetime": {"datetime": "2024-01-19 00:33:15", "elapsed": 1248.257232, "delta": 0.001896}}
{"target": -13.757672005074923, "params": {"gamma": 551.9821357235219, "log10_alpha": -1.6528189462126974, "log10_colsample_bytree": -0.8216371075671417, "log10_eta": -2.33912665171802, "log10_lambda": -0.7470474624752361, "log10_min_child_weight": 2.883765538712547, "log10_subsample": -0.2831064510292013, "max_depth": 9.0, "num_boost_round": 11.0}, "datetime": {"datetime": "2024-01-19 00:33:15", "elapsed": 1248.259104, "delta": 0.001872}}
{"target": -13.757666327881667, "params": {"gamma": 551.9821357235219, "log10_alpha": -1.6528189462126974, "log10_colsample_bytree": -0.8216371075671417, "log10_eta": -2.33912665171802, "log10_lambda": -0.7470474624752361, "log10_min_child_weight": 2.883765538712547, "log10_subsample": -0.2831064510292013, "max_depth": 9.0, "num_boost_round": 12.0}, "datetime": {"datetime": "2024-01-19 00:33:15", "elapsed": 1248.260964, "delta": 0.00186}}
{"target": -13.757528373345993, "params": {"gamma": 551.9821357235219, "log10_alpha": -1.6528189462126974, "log10_colsample_bytree": -0.8216371075671417, "log10_eta": -2.33912665171802, "log10_lambda": -0.7470474624752361, "log10_min_child_weight": 2.883765538712547, "log10_subsample": -0.2831064510292013, "max_depth": 9.0, "num_boost_round": 13.0}, "datetime": {"datetime": "2024-01-19 00:33:15", "elapsed": 1248.262822, "delta": 0.001858}}
{"target": -13.757346082855436, "params": {"gamma": 551.9821357235219, "log10_alpha": -1.6528189462126974, "log10_colsample_bytree": -0.8216371075671417, "log10_eta": -2.33912665171802, "log10_lambda": -0.7470474624752361, "log10_min_child_weight": 2.883765538712547, "log10_subsample": -0.2831064510292013, "max_depth": 9.0, "num_boost_round": 14.0}, "datetime": {"datetime": "2024-01-19 00:33:15", "elapsed": 1248.264694, "delta": 0.001872}}
{"target": -13.757370967323764, "params": {"gamma": 551.9821357235219, "log10_alpha": -1.6528189462126974, "log10_colsample_bytree": -0.8216371075671417, "log10_eta": -2.33912665171802, "log10_lambda": -0.7470474624752361, "log10_min_child_weight": 2.883765538712547, "log10_subsample": -0.2831064510292013, "max_depth": 9.0, "num_boost_round": 15.0}, "datetime": {"datetime": "2024-01-19 00:33:15", "elapsed": 1248.266556, "delta": 0.001862}}
{"target": -13.757329367374684, "params": {"gamma": 551.9821357235219, "log10_alpha": -1.6528189462126974, "log10_colsample_bytree": -0.8216371075671417, "log10_eta": -2.33912665171802, "log10_lambda": -0.7470474624752361, "log10_min_child_weight": 2.883765538712547, "log10_subsample": -0.2831064510292013, "max_depth": 9.0, "num_boost_round": 16.0}, "datetime": {"datetime": "2024-01-19 00:33:15", "elapsed": 1248.268419, "delta": 0.001863}}
{"target": -13.757299245342573, "params": {"gamma": 551.9821357235219, "log10_alpha": -1.6528189462126974, "log10_colsample_bytree": -0.8216371075671417, "log10_eta": -2.33912665171802, "log10_lambda": -0.7470474624752361, "log10_min_child_weight": 2.883765538712547, "log10_subsample": -0.2831064510292013, "max_depth": 9.0, "num_boost_round": 17.0}, "datetime": {"datetime": "2024-01-19 00:33:15", "elapsed": 1248.27027, "delta": 0.001851}}
{"target": -13.757168505545804, "params": {"gamma": 551.9821357235219, "log10_alpha": -1.6528189462126974, "log10_colsample_bytree": -0.8216371075671417, "log10_eta": -2.33912665171802, "log10_lambda": -0.7470474624752361, "log10_min_child_weight": 2.883765538712547, "log10_subsample": -0.2831064510292013, "max_depth": 9.0, "num_boost_round": 18.0}, "datetime": {"datetime": "2024-01-19 00:33:15", "elapsed": 1248.272149, "delta": 0.001879}}
{"target": -13.757120827835601, "params": {"gamma": 551.9821357235219, "log10_alpha": -1.6528189462126974, "log10_colsample_bytree": -0.8216371075671417, "log10_eta": -2.33912665171802, "log10_lambda": -0.7470474624752361, "log10_min_child_weight": 2.883765538712547, "log10_subsample": -0.2831064510292013, "max_depth": 9.0, "num_boost_round": 19.0}, "datetime": {"datetime": "2024-01-19 00:33:15", "elapsed": 1248.274181, "delta": 0.002032}}
{"target": -13.757027116957412, "params": {"gamma": 551.9821357235219, "log10_alpha": -1.6528189462126974, "log10_colsample_bytree": -0.8216371075671417, "log10_eta": -2.33912665171802, "log10_lambda": -0.7470474624752361, "log10_min_child_weight": 2.883765538712547, "log10_subsample": -0.2831064510292013, "max_depth": 9.0, "num_boost_round": 20.0}, "datetime": {"datetime": "2024-01-19 00:33:15", "elapsed": 1248.276102, "delta": 0.001921}}
{"target": -13.756952489565183, "params": {"gamma": 551.9821357235219, "log10_alpha": -1.6528189462126974, "log10_colsample_bytree": -0.8216371075671417, "log10_eta": -2.33912665171802, "log10_lambda": -0.7470474624752361, "log10_min_child_weight": 2.883765538712547, "log10_subsample": -0.2831064510292013, "max_depth": 9.0, "num_boost_round": 21.0}, "datetime": {"datetime": "2024-01-19 00:33:15", "elapsed": 1248.277989, "delta": 0.001887}}
{"target": -13.757074144770494, "params": {"gamma": 551.9821357235219, "log10_alpha": -1.6528189462126974, "log10_colsample_bytree": -0.8216371075671417, "log10_eta": -2.33912665171802, "log10_lambda": -0.7470474624752361, "log10_min_child_weight": 2.883765538712547, "log10_subsample": -0.2831064510292013, "max_depth": 9.0, "num_boost_round": 22.0}, "datetime": {"datetime": "2024-01-19 00:33:15", "elapsed": 1248.279871, "delta": 0.001882}}
{"target": -13.75684664282758, "params": {"gamma": 551.9821357235219, "log10_alpha": -1.6528189462126974, "log10_colsample_bytree": -0.8216371075671417, "log10_eta": -2.33912665171802, "log10_lambda": -0.7470474624752361, "log10_min_child_weight": 2.883765538712547, "log10_subsample": -0.2831064510292013, "max_depth": 9.0, "num_boost_round": 23.0}, "datetime": {"datetime": "2024-01-19 00:33:15", "elapsed": 1248.281734, "delta": 0.001863}}
{"target": -13.75680263866593, "params": {"gamma": 551.9821357235219, "log10_alpha": -1.6528189462126974, "log10_colsample_bytree": -0.8216371075671417, "log10_eta": -2.33912665171802, "log10_lambda": -0.7470474624752361, "log10_min_child_weight": 2.883765538712547, "log10_subsample": -0.2831064510292013, "max_depth": 9.0, "num_boost_round": 24.0}, "datetime": {"datetime": "2024-01-19 00:33:15", "elapsed": 1248.2836, "delta": 0.001866}}
{"target": -13.756689406716442, "params": {"gamma": 551.9821357235219, "log10_alpha": -1.6528189462126974, "log10_colsample_bytree": -0.8216371075671417, "log10_eta": -2.33912665171802, "log10_lambda": -0.7470474624752361, "log10_min_child_weight": 2.883765538712547, "log10_subsample": -0.2831064510292013, "max_depth": 9.0, "num_boost_round": 25.0}, "datetime": {"datetime": "2024-01-19 00:33:15", "elapsed": 1248.285474, "delta": 0.001874}}
{"target": -13.756789322399241, "params": {"gamma": 551.9821357235219, "log10_alpha": -1.6528189462126974, "log10_colsample_bytree": -0.8216371075671417, "log10_eta": -2.33912665171802, "log10_lambda": -0.7470474624752361, "log10_min_child_weight": 2.883765538712547, "log10_subsample": -0.2831064510292013, "max_depth": 9.0, "num_boost_round": 26.0}, "datetime": {"datetime": "2024-01-19 00:33:15", "elapsed": 1248.287346, "delta": 0.001872}}
{"target": -13.75671153700442, "params": {"gamma": 551.9821357235219, "log10_alpha": -1.6528189462126974, "log10_colsample_bytree": -0.8216371075671417, "log10_eta": -2.33912665171802, "log10_lambda": -0.7470474624752361, "log10_min_child_weight": 2.883765538712547, "log10_subsample": -0.2831064510292013, "max_depth": 9.0, "num_boost_round": 27.0}, "datetime": {"datetime": "2024-01-19 00:33:15", "elapsed": 1248.289212, "delta": 0.001866}}
{"target": -13.756657129780203, "params": {"gamma": 551.9821357235219, "log10_alpha": -1.6528189462126974, "log10_colsample_bytree": -0.8216371075671417, "log10_eta": -2.33912665171802, "log10_lambda": -0.7470474624752361, "log10_min_child_weight": 2.883765538712547, "log10_subsample": -0.2831064510292013, "max_depth": 9.0, "num_boost_round": 28.0}, "datetime": {"datetime": "2024-01-19 00:33:15", "elapsed": 1248.29111, "delta": 0.001898}}
{"target": -13.756673871774673, "params": {"gamma": 551.9821357235219, "log10_alpha": -1.6528189462126974, "log10_colsample_bytree": -0.8216371075671417, "log10_eta": -2.33912665171802, "log10_lambda": -0.7470474624752361, "log10_min_child_weight": 2.883765538712547, "log10_subsample": -0.2831064510292013, "max_depth": 9.0, "num_boost_round": 29.0}, "datetime": {"datetime": "2024-01-19 00:33:15", "elapsed": 1248.292996, "delta": 0.001886}}
{"target": -13.756564295158105, "params": {"gamma": 551.9821357235219, "log10_alpha": -1.6528189462126974, "log10_colsample_bytree": -0.8216371075671417, "log10_eta": -2.33912665171802, "log10_lambda": -0.7470474624752361, "log10_min_child_weight": 2.883765538712547, "log10_subsample": -0.2831064510292013, "max_depth": 9.0, "num_boost_round": 30.0}, "datetime": {"datetime": "2024-01-19 00:33:15", "elapsed": 1248.295068, "delta": 0.002072}}
{"target": -13.756380100961401, "params": {"gamma": 551.9821357235219, "log10_alpha": -1.6528189462126974, "log10_colsample_bytree": -0.8216371075671417, "log10_eta": -2.33912665171802, "log10_lambda": -0.7470474624752361, "log10_min_child_weight": 2.883765538712547, "log10_subsample": -0.2831064510292013, "max_depth": 9.0, "num_boost_round": 31.0}, "datetime": {"datetime": "2024-01-19 00:33:15", "elapsed": 1248.297045, "delta": 0.001977}}
{"target": -13.756391980883038, "params": {"gamma": 551.9821357235219, "log10_alpha": -1.6528189462126974, "log10_colsample_bytree": -0.8216371075671417, "log10_eta": -2.33912665171802, "log10_lambda": -0.7470474624752361, "log10_min_child_weight": 2.883765538712547, "log10_subsample": -0.2831064510292013, "max_depth": 9.0, "num_boost_round": 32.0}, "datetime": {"datetime": "2024-01-19 00:33:15", "elapsed": 1248.298998, "delta": 0.001953}}
{"target": -13.756358315498584, "params": {"gamma": 551.9821357235219, "log10_alpha": -1.6528189462126974, "log10_colsample_bytree": -0.8216371075671417, "log10_eta": -2.33912665171802, "log10_lambda": -0.7470474624752361, "log10_min_child_weight": 2.883765538712547, "log10_subsample": -0.2831064510292013, "max_depth": 9.0, "num_boost_round": 33.0}, "datetime": {"datetime": "2024-01-19 00:33:15", "elapsed": 1248.301009, "delta": 0.002011}}
