{"target": -13.75853825664514, "params": {"gamma": 857.4225019245055, "log10_alpha": 0.4666731089109275, "log10_colsample_bytree": -0.8608923995504663, "log10_eta": -3.4325683672795986, "log10_lambda": -4.29760828764027, "log10_min_child_weight": 4.948567576397393, "log10_subsample": -0.0359081872294178, "max_depth": 9.0, "num_boost_round": 0.0}, "datetime": {"datetime": "2024-01-19 00:32:11", "elapsed": 1251.881316, "delta": 20.791573}}
{"target": -13.758536384721774, "params": {"gamma": 857.4225019245055, "log10_alpha": 0.4666731089109275, "log10_colsample_bytree": -0.8608923995504663, "log10_eta": -3.4325683672795986, "log10_lambda": -4.29760828764027, "log10_min_child_weight": 4.948567576397393, "log10_subsample": -0.0359081872294178, "max_depth": 9.0, "num_boost_round": 1.0}, "datetime": {"datetime": "2024-01-19 00:32:11", "elapsed": 1251.883315, "delta": 0.001999}}
{"target": -13.758535639298564, "params": {"gamma": 857.4225019245055, "log10_alpha": 0.4666731089109275, "log10_colsample_bytree": -0.8608923995504663, "log10_eta": -3.4325683672795986, "log10_lambda": -4.29760828764027, "log10_min_child_weight": 4.948567576397393, "log10_subsample": -0.0359081872294178, "max_depth": 9.0, "num_boost_round": 2.0}, "datetime": {"datetime": "2024-01-19 00:32:11", "elapsed": 1251.885021, "delta": 0.001706}}
{"target": -13.758536275145634, "params": {"gamma": 857.4225019245055, "log10_alpha": 0.4666731089109275, "log10_colsample_bytree": -0.8608923995504663, "log10_eta": -3.4325683672795986, "log10_lambda": -4.29760828764027, "log10_min_child_weight": 4.948567576397393, "log10_subsample": -0.0359081872294178, "max_depth": 9.0, "num_boost_round": 3.0}, "datetime": {"datetime": "2024-01-19 00:32:11", "elapsed": 1251.88657, "delta": 0.001549}}
{"target": -13.758535897572187, "params": {"gamma": 857.4225019245055, "log10_alpha": 0.4666731089109275, "log10_colsample_bytree": -0.8608923995504663, "log10_eta": -3.4325683672795986, "log10_lambda": -4.29760828764027, "log10_min_child_weight": 4.948567576397393, "log10_subsample": -0.0359081872294178, "max_depth": 9.0, "num_boost_round": 4.0}, "datetime": {"datetime": "2024-01-19 00:32:11", "elapsed": 1251.888292, "delta": 0.001722}}
{"target": -13.758533705994727, "params": {"gamma": 857.4225019245055, "log10_alpha": 0.4666731089109275, "log10_colsample_bytree": -0.8608923995504663, "log10_eta": -3.4325683672795986, "log10_lambda": -4.29760828764027, "log10_min_child_weight": 4.948567576397393, "log10_subsample": -0.0359081872294178, "max_depth": 9.0, "num_boost_round": 5.0}, "datetime": {"datetime": "2024-01-19 00:32:11", "elapsed": 1251.889773, "delta": 0.001481}}
{"target": -13.758534203159176, "params": {"gamma": 857.4225019245055, "log10_alpha": 0.4666731089109275, "log10_colsample_bytree": -0.8608923995504663, "log10_eta": -3.4325683672795986, "log10_lambda": -4.29760828764027, "log10_min_child_weight": 4.948567576397393, "log10_subsample": -0.0359081872294178, "max_depth": 9.0, "num_boost_round": 6.0}, "datetime": {"datetime": "2024-01-19 00:32:11", "elapsed": 1251.891241, "delta": 0.001468}}
{"target": -13.75853342916697, "params": {"gamma": 857.4225019245055, "log10_alpha": 0.4666731089109275, "log10_colsample_bytree": -0.8608923995504663, "log10_eta": -3.4325683672795986, "log10_lambda": -4.29760828764027, "log10_min_child_weight": 4.948567576397393, "log10_subsample": -0.0359081872294178, "max_depth": 9.0, "num_boost_round": 7.0}, "datetime": {"datetime": "2024-01-19 00:32:11", "elapsed": 1251.892789, "delta": 0.001548}}
{"target": -13.758532427124225, "params": {"gamma": 857.4225019245055, "log10_alpha": 0.4666731089109275, "log10_colsample_bytree": -0.8608923995504663, "log10_eta": -3.4325683672795986, "log10_lambda": -4.29760828764027, "log10_min_child_weight": 4.948567576397393, "log10_subsample": -0.0359081872294178, "max_depth": 9.0, "num_boost_round": 8.0}, "datetime": {"datetime": "2024-01-19 00:32:11", "elapsed": 1251.894238, "delta": 0.001449}}
{"target": -13.758533229274194, "params": {"gamma": 857.4225019245055, "log10_alpha": 0.4666731089109275, "log10_colsample_bytree": -0.8608923995504663, "log10_eta": -3.4325683672795986, "log10_lambda": -4.29760828764027, "log10_min_child_weight": 4.948567576397393, "log10_subsample": -0.0359081872294178, "max_depth": 9.0, "num_boost_round": 9.0}, "datetime": {"datetime": "2024-01-19 00:32:11", "elapsed": 1251.895683, "delta": 0.001445}}
{"target": -13.75853337429091, "params": {"gamma": 857.4225019245055, "log10_alpha": 0.4666731089109275, "log10_colsample_bytree": -0.8608923995504663, "log10_eta": -3.4325683672795986, "log10_lambda": -4.29760828764027, "log10_min_child_weight": 4.948567576397393, "log10_subsample": -0.0359081872294178, "max_depth": 9.0, "num_boost_round": 10.0}, "datetime": {"datetime": "2024-01-19 00:32:11", "elapsed": 1251.897152, "delta": 0.001469}}
{"target": -13.758537964243974, "params": {"gamma": 869.5927352934452, "log10_alpha": -0.7673606435052127, "log10_colsample_bytree": -0.3201399806807076, "log10_eta": -4.0, "log10_lambda": 1.0, "log10_min_child_weight": 4.154507500608883, "log10_subsample": -0.8350164216002872, "max_depth": 2.0, "num_boost_round": 0.0}, "datetime": {"datetime": "2024-01-19 00:32:32", "elapsed": 1272.68021, "delta": 20.783058}}
{"target": -13.758538110685075, "params": {"gamma": 869.5927352934452, "log10_alpha": -0.7673606435052127, "log10_colsample_bytree": -0.3201399806807076, "log10_eta": -4.0, "log10_lambda": 1.0, "log10_min_child_weight": 4.154507500608883, "log10_subsample": -0.8350164216002872, "max_depth": 2.0, "num_boost_round": 1.0}, "datetime": {"datetime": "2024-01-19 00:32:32", "elapsed": 1272.681904, "delta": 0.001694}}
{"target": -13.758537729091664, "params": {"gamma": 869.5927352934452, "log10_alpha": -0.7673606435052127, "log10_colsample_bytree": -0.3201399806807076, "log10_eta": -4.0, "log10_lambda": 1.0, "log10_min_child_weight": 4.154507500608883, "log10_subsample": -0.8350164216002872, "max_depth": 2.0, "num_boost_round": 2.0}, "datetime": {"datetime": "2024-01-19 00:32:32", "elapsed": 1272.683428, "delta": 0.001524}}
{"target": -13.758537688329932, "params": {"gamma": 869.5927352934452, "log10_alpha": -0.7673606435052127, "log10_colsample_bytree": -0.3201399806807076, "log10_eta": -4.0, "log10_lambda": 1.0, "log10_min_child_weight": 4.154507500608883, "log10_subsample": -0.8350164216002872, "max_depth": 2.0, "num_boost_round": 3.0}, "datetime": {"datetime": "2024-01-19 00:32:32", "elapsed": 1272.684928, "delta": 0.0015}}
{"target": -13.758537527608436, "params": {"gamma": 869.5927352934452, "log10_alpha": -0.7673606435052127, "log10_colsample_bytree": -0.3201399806807076, "log10_eta": -4.0, "log10_lambda": 1.0, "log10_min_child_weight": 4.154507500608883, "log10_subsample": -0.8350164216002872, "max_depth": 2.0, "num_boost_round": 4.0}, "datetime": {"datetime": "2024-01-19 00:32:32", "elapsed": 1272.687216, "delta": 0.002288}}
{"target": -13.758537536725017, "params": {"gamma": 869.5927352934452, "log10_alpha": -0.7673606435052127, "log10_colsample_bytree": -0.3201399806807076, "log10_eta": -4.0, "log10_lambda": 1.0, "log10_min_child_weight": 4.154507500608883, "log10_subsample": -0.8350164216002872, "max_depth": 2.0, "num_boost_round": 5.0}, "datetime": {"datetime": "2024-01-19 00:32:32", "elapsed": 1272.688696, "delta": 0.00148}}
{"target": -13.758537359571445, "params": {"gamma": 869.5927352934452, "log10_alpha": -0.7673606435052127, "log10_colsample_bytree": -0.3201399806807076, "log10_eta": -4.0, "log10_lambda": 1.0, "log10_min_child_weight": 4.154507500608883, "log10_subsample": -0.8350164216002872, "max_depth": 2.0, "num_boost_round": 6.0}, "datetime": {"datetime": "2024-01-19 00:32:32", "elapsed": 1272.690233, "delta": 0.001537}}
{"target": -13.758536904907375, "params": {"gamma": 869.5927352934452, "log10_alpha": -0.7673606435052127, "log10_colsample_bytree": -0.3201399806807076, "log10_eta": -4.0, "log10_lambda": 1.0, "log10_min_child_weight": 4.154507500608883, "log10_subsample": -0.8350164216002872, "max_depth": 2.0, "num_boost_round": 7.0}, "datetime": {"datetime": "2024-01-19 00:32:32", "elapsed": 1272.691702, "delta": 0.001469}}
{"target": -13.758536597774794, "params": {"gamma": 869.5927352934452, "log10_alpha": -0.7673606435052127, "log10_colsample_bytree": -0.3201399806807076, "log10_eta": -4.0, "log10_lambda": 1.0, "log10_min_child_weight": 4.154507500608883, "log10_subsample": -0.8350164216002872, "max_depth": 2.0, "num_boost_round": 8.0}, "datetime": {"datetime": "2024-01-19 00:32:32", "elapsed": 1272.693239, "delta": 0.001537}}
{"target": -13.758536181015042, "params": {"gamma": 869.5927352934452, "log10_alpha": -0.7673606435052127, "log10_colsample_bytree": -0.3201399806807076, "log10_eta": -4.0, "log10_lambda": 1.0, "log10_min_child_weight": 4.154507500608883, "log10_subsample": -0.8350164216002872, "max_depth": 2.0, "num_boost_round": 9.0}, "datetime": {"datetime": "2024-01-19 00:32:32", "elapsed": 1272.694705, "delta": 0.001466}}
{"target": -13.758531575620676, "params": {"gamma": 857.2301355444879, "log10_alpha": -4.336313263731427, "log10_colsample_bytree": -0.4173924236854726, "log10_eta": -3.599690447472478, "log10_lambda": -0.08517174131253835, "log10_min_child_weight": 1.0266085724268315, "log10_subsample": -0.38201381273730506, "max_depth": 7.0, "num_boost_round": 0.0}, "datetime": {"datetime": "2024-01-19 00:32:53", "elapsed": 1293.15982, "delta": 20.465115}}
{"target": -13.75851790831728, "params": {"gamma": 857.2301355444879, "log10_alpha": -4.336313263731427, "log10_colsample_bytree": -0.4173924236854726, "log10_eta": -3.599690447472478, "log10_lambda": -0.08517174131253835, "log10_min_child_weight": 1.0266085724268315, "log10_subsample": -0.38201381273730506, "max_depth": 7.0, "num_boost_round": 1.0}, "datetime": {"datetime": "2024-01-19 00:32:53", "elapsed": 1293.161994, "delta": 0.002174}}
{"target": -13.758513925844696, "params": {"gamma": 857.2301355444879, "log10_alpha": -4.336313263731427, "log10_colsample_bytree": -0.4173924236854726, "log10_eta": -3.599690447472478, "log10_lambda": -0.08517174131253835, "log10_min_child_weight": 1.0266085724268315, "log10_subsample": -0.38201381273730506, "max_depth": 7.0, "num_boost_round": 2.0}, "datetime": {"datetime": "2024-01-19 00:32:53", "elapsed": 1293.163639, "delta": 0.001645}}
{"target": -13.758497174081851, "params": {"gamma": 857.2301355444879, "log10_alpha": -4.336313263731427, "log10_colsample_bytree": -0.4173924236854726, "log10_eta": -3.599690447472478, "log10_lambda": -0.08517174131253835, "log10_min_child_weight": 1.0266085724268315, "log10_subsample": -0.38201381273730506, "max_depth": 7.0, "num_boost_round": 3.0}, "datetime": {"datetime": "2024-01-19 00:32:53", "elapsed": 1293.165111, "delta": 0.001472}}
{"target": -13.758480951014564, "params": {"gamma": 857.2301355444879, "log10_alpha": -4.336313263731427, "log10_colsample_bytree": -0.4173924236854726, "log10_eta": -3.599690447472478, "log10_lambda": -0.08517174131253835, "log10_min_child_weight": 1.0266085724268315, "log10_subsample": -0.38201381273730506, "max_depth": 7.0, "num_boost_round": 4.0}, "datetime": {"datetime": "2024-01-19 00:32:53", "elapsed": 1293.166874, "delta": 0.001763}}
{"target": -13.758475965815613, "params": {"gamma": 857.2301355444879, "log10_alpha": -4.336313263731427, "log10_colsample_bytree": -0.4173924236854726, "log10_eta": -3.599690447472478, "log10_lambda": -0.08517174131253835, "log10_min_child_weight": 1.0266085724268315, "log10_subsample": -0.38201381273730506, "max_depth": 7.0, "num_boost_round": 5.0}, "datetime": {"datetime": "2024-01-19 00:32:53", "elapsed": 1293.168399, "delta": 0.001525}}
{"target": -13.758484015161374, "params": {"gamma": 857.2301355444879, "log10_alpha": -4.336313263731427, "log10_colsample_bytree": -0.4173924236854726, "log10_eta": -3.599690447472478, "log10_lambda": -0.08517174131253835, "log10_min_child_weight": 1.0266085724268315, "log10_subsample": -0.38201381273730506, "max_depth": 7.0, "num_boost_round": 6.0}, "datetime": {"datetime": "2024-01-19 00:32:53", "elapsed": 1293.169911, "delta": 0.001512}}
{"target": -13.758479769380314, "params": {"gamma": 857.2301355444879, "log10_alpha": -4.336313263731427, "log10_colsample_bytree": -0.4173924236854726, "log10_eta": -3.599690447472478, "log10_lambda": -0.08517174131253835, "log10_min_child_weight": 1.0266085724268315, "log10_subsample": -0.38201381273730506, "max_depth": 7.0, "num_boost_round": 7.0}, "datetime": {"datetime": "2024-01-19 00:32:53", "elapsed": 1293.171392, "delta": 0.001481}}
{"target": -13.758470447537048, "params": {"gamma": 857.2301355444879, "log10_alpha": -4.336313263731427, "log10_colsample_bytree": -0.4173924236854726, "log10_eta": -3.599690447472478, "log10_lambda": -0.08517174131253835, "log10_min_child_weight": 1.0266085724268315, "log10_subsample": -0.38201381273730506, "max_depth": 7.0, "num_boost_round": 8.0}, "datetime": {"datetime": "2024-01-19 00:32:53", "elapsed": 1293.173036, "delta": 0.001644}}
{"target": -13.758468334445586, "params": {"gamma": 857.2301355444879, "log10_alpha": -4.336313263731427, "log10_colsample_bytree": -0.4173924236854726, "log10_eta": -3.599690447472478, "log10_lambda": -0.08517174131253835, "log10_min_child_weight": 1.0266085724268315, "log10_subsample": -0.38201381273730506, "max_depth": 7.0, "num_boost_round": 9.0}, "datetime": {"datetime": "2024-01-19 00:32:53", "elapsed": 1293.17465, "delta": 0.001614}}
{"target": -13.758538153592713, "params": {"gamma": 862.4268330095011, "log10_alpha": -4.903001363579505, "log10_colsample_bytree": -1.0, "log10_eta": -4.0, "log10_lambda": -2.9688419598327807, "log10_min_child_weight": 5.0, "log10_subsample": -0.2042535657816566, "max_depth": 6.0, "num_boost_round": 0.0}, "datetime": {"datetime": "2024-01-19 00:33:15", "elapsed": 1315.531385, "delta": 22.356735}}
{"target": -13.758537160104614, "params": {"gamma": 862.4268330095011, "log10_alpha": -4.903001363579505, "log10_colsample_bytree": -1.0, "log10_eta": -4.0, "log10_lambda": -2.9688419598327807, "log10_min_child_weight": 5.0, "log10_subsample": -0.2042535657816566, "max_depth": 6.0, "num_boost_round": 1.0}, "datetime": {"datetime": "2024-01-19 00:33:15", "elapsed": 1315.533591, "delta": 0.002206}}
{"target": -13.758536985957846, "params": {"gamma": 862.4268330095011, "log10_alpha": -4.903001363579505, "log10_colsample_bytree": -1.0, "log10_eta": -4.0, "log10_lambda": -2.9688419598327807, "log10_min_child_weight": 5.0, "log10_subsample": -0.2042535657816566, "max_depth": 6.0, "num_boost_round": 2.0}, "datetime": {"datetime": "2024-01-19 00:33:15", "elapsed": 1315.53516, "delta": 0.001569}}
{"target": -13.758536803213811, "params": {"gamma": 862.4268330095011, "log10_alpha": -4.903001363579505, "log10_colsample_bytree": -1.0, "log10_eta": -4.0, "log10_lambda": -2.9688419598327807, "log10_min_child_weight": 5.0, "log10_subsample": -0.2042535657816566, "max_depth": 6.0, "num_boost_round": 3.0}, "datetime": {"datetime": "2024-01-19 00:33:15", "elapsed": 1315.536791, "delta": 0.001631}}
{"target": -13.758536771739054, "params": {"gamma": 862.4268330095011, "log10_alpha": -4.903001363579505, "log10_colsample_bytree": -1.0, "log10_eta": -4.0, "log10_lambda": -2.9688419598327807, "log10_min_child_weight": 5.0, "log10_subsample": -0.2042535657816566, "max_depth": 6.0, "num_boost_round": 4.0}, "datetime": {"datetime": "2024-01-19 00:33:15", "elapsed": 1315.538641, "delta": 0.00185}}
{"target": -13.758536495413402, "params": {"gamma": 862.4268330095011, "log10_alpha": -4.903001363579505, "log10_colsample_bytree": -1.0, "log10_eta": -4.0, "log10_lambda": -2.9688419598327807, "log10_min_child_weight": 5.0, "log10_subsample": -0.2042535657816566, "max_depth": 6.0, "num_boost_round": 5.0}, "datetime": {"datetime": "2024-01-19 00:33:15", "elapsed": 1315.540165, "delta": 0.001524}}
{"target": -13.758536212964767, "params": {"gamma": 862.4268330095011, "log10_alpha": -4.903001363579505, "log10_colsample_bytree": -1.0, "log10_eta": -4.0, "log10_lambda": -2.9688419598327807, "log10_min_child_weight": 5.0, "log10_subsample": -0.2042535657816566, "max_depth": 6.0, "num_boost_round": 6.0}, "datetime": {"datetime": "2024-01-19 00:33:15", "elapsed": 1315.541845, "delta": 0.00168}}
{"target": -13.758535575907677, "params": {"gamma": 862.4268330095011, "log10_alpha": -4.903001363579505, "log10_colsample_bytree": -1.0, "log10_eta": -4.0, "log10_lambda": -2.9688419598327807, "log10_min_child_weight": 5.0, "log10_subsample": -0.2042535657816566, "max_depth": 6.0, "num_boost_round": 7.0}, "datetime": {"datetime": "2024-01-19 00:33:15", "elapsed": 1315.543339, "delta": 0.001494}}
{"target": -13.758535456926806, "params": {"gamma": 862.4268330095011, "log10_alpha": -4.903001363579505, "log10_colsample_bytree": -1.0, "log10_eta": -4.0, "log10_lambda": -2.9688419598327807, "log10_min_child_weight": 5.0, "log10_subsample": -0.2042535657816566, "max_depth": 6.0, "num_boost_round": 8.0}, "datetime": {"datetime": "2024-01-19 00:33:15", "elapsed": 1315.544842, "delta": 0.001503}}
{"target": -13.758535264718086, "params": {"gamma": 862.4268330095011, "log10_alpha": -4.903001363579505, "log10_colsample_bytree": -1.0, "log10_eta": -4.0, "log10_lambda": -2.9688419598327807, "log10_min_child_weight": 5.0, "log10_subsample": -0.2042535657816566, "max_depth": 6.0, "num_boost_round": 9.0}, "datetime": {"datetime": "2024-01-19 00:33:15", "elapsed": 1315.546336, "delta": 0.001494}}
{"target": -13.758535264713558, "params": {"gamma": 862.4268330095011, "log10_alpha": -4.903001363579505, "log10_colsample_bytree": -1.0, "log10_eta": -4.0, "log10_lambda": -2.9688419598327807, "log10_min_child_weight": 5.0, "log10_subsample": -0.2042535657816566, "max_depth": 6.0, "num_boost_round": 10.0}, "datetime": {"datetime": "2024-01-19 00:33:15", "elapsed": 1315.54785, "delta": 0.001514}}
{"target": -13.75853496100443, "params": {"gamma": 862.4268330095011, "log10_alpha": -4.903001363579505, "log10_colsample_bytree": -1.0, "log10_eta": -4.0, "log10_lambda": -2.9688419598327807, "log10_min_child_weight": 5.0, "log10_subsample": -0.2042535657816566, "max_depth": 6.0, "num_boost_round": 11.0}, "datetime": {"datetime": "2024-01-19 00:33:15", "elapsed": 1315.549389, "delta": 0.001539}}
{"target": -13.758535770199792, "params": {"gamma": 845.6525473087718, "log10_alpha": -4.947997819409973, "log10_colsample_bytree": -0.5995487118429378, "log10_eta": -3.806650555499242, "log10_lambda": 0.4962263800611675, "log10_min_child_weight": 0.8924738836244356, "log10_subsample": -0.5672778040257019, "max_depth": 7.0, "num_boost_round": 0.0}, "datetime": {"datetime": "2024-01-19 00:33:35", "elapsed": 1335.760421, "delta": 20.211032}}
{"target": -13.758534255437041, "params": {"gamma": 845.6525473087718, "log10_alpha": -4.947997819409973, "log10_colsample_bytree": -0.5995487118429378, "log10_eta": -3.806650555499242, "log10_lambda": 0.4962263800611675, "log10_min_child_weight": 0.8924738836244356, "log10_subsample": -0.5672778040257019, "max_depth": 7.0, "num_boost_round": 1.0}, "datetime": {"datetime": "2024-01-19 00:33:35", "elapsed": 1335.762498, "delta": 0.002077}}
{"target": -13.758524450827645, "params": {"gamma": 845.6525473087718, "log10_alpha": -4.947997819409973, "log10_colsample_bytree": -0.5995487118429378, "log10_eta": -3.806650555499242, "log10_lambda": 0.4962263800611675, "log10_min_child_weight": 0.8924738836244356, "log10_subsample": -0.5672778040257019, "max_depth": 7.0, "num_boost_round": 2.0}, "datetime": {"datetime": "2024-01-19 00:33:35", "elapsed": 1335.764472, "delta": 0.001974}}
{"target": -13.758511174515988, "params": {"gamma": 845.6525473087718, "log10_alpha": -4.947997819409973, "log10_colsample_bytree": -0.5995487118429378, "log10_eta": -3.806650555499242, "log10_lambda": 0.4962263800611675, "log10_min_child_weight": 0.8924738836244356, "log10_subsample": -0.5672778040257019, "max_depth": 7.0, "num_boost_round": 3.0}, "datetime": {"datetime": "2024-01-19 00:33:35", "elapsed": 1335.76598, "delta": 0.001508}}
{"target": -13.75850414559075, "params": {"gamma": 845.6525473087718, "log10_alpha": -4.947997819409973, "log10_colsample_bytree": -0.5995487118429378, "log10_eta": -3.806650555499242, "log10_lambda": 0.4962263800611675, "log10_min_child_weight": 0.8924738836244356, "log10_subsample": -0.5672778040257019, "max_depth": 7.0, "num_boost_round": 4.0}, "datetime": {"datetime": "2024-01-19 00:33:35", "elapsed": 1335.767513, "delta": 0.001533}}
{"target": -13.758499449490442, "params": {"gamma": 845.6525473087718, "log10_alpha": -4.947997819409973, "log10_colsample_bytree": -0.5995487118429378, "log10_eta": -3.806650555499242, "log10_lambda": 0.4962263800611675, "log10_min_child_weight": 0.8924738836244356, "log10_subsample": -0.5672778040257019, "max_depth": 7.0, "num_boost_round": 5.0}, "datetime": {"datetime": "2024-01-19 00:33:35", "elapsed": 1335.769012, "delta": 0.001499}}
{"target": -13.758495776423697, "params": {"gamma": 845.6525473087718, "log10_alpha": -4.947997819409973, "log10_colsample_bytree": -0.5995487118429378, "log10_eta": -3.806650555499242, "log10_lambda": 0.4962263800611675, "log10_min_child_weight": 0.8924738836244356, "log10_subsample": -0.5672778040257019, "max_depth": 7.0, "num_boost_round": 6.0}, "datetime": {"datetime": "2024-01-19 00:33:35", "elapsed": 1335.770508, "delta": 0.001496}}
{"target": -13.758489314084022, "params": {"gamma": 845.6525473087718, "log10_alpha": -4.947997819409973, "log10_colsample_bytree": -0.5995487118429378, "log10_eta": -3.806650555499242, "log10_lambda": 0.4962263800611675, "log10_min_child_weight": 0.8924738836244356, "log10_subsample": -0.5672778040257019, "max_depth": 7.0, "num_boost_round": 7.0}, "datetime": {"datetime": "2024-01-19 00:33:35", "elapsed": 1335.772033, "delta": 0.001525}}
