{"target": -17.676456448797442, "params": {"gamma": 725.495792979373, "log10_alpha": -4.364640709035676, "log10_colsample_bytree": -0.4122814169026848, "log10_eta": -2.5415404151310215, "log10_lambda": -4.681843266076892, "log10_min_child_weight": 4.709241835359623, "log10_subsample": -0.3411879347403435, "max_depth": 9.0, "num_boost_round": 51.0}, "datetime": {"datetime": "2024-01-19 01:01:32", "elapsed": 2999.787281, "delta": 0.003694}}
{"target": -17.676468534993905, "params": {"gamma": 725.495792979373, "log10_alpha": -4.364640709035676, "log10_colsample_bytree": -0.4122814169026848, "log10_eta": -2.5415404151310215, "log10_lambda": -4.681843266076892, "log10_min_child_weight": 4.709241835359623, "log10_subsample": -0.3411879347403435, "max_depth": 9.0, "num_boost_round": 52.0}, "datetime": {"datetime": "2024-01-19 01:01:32", "elapsed": 2999.791198, "delta": 0.003917}}
{"target": -17.676458729453092, "params": {"gamma": 725.495792979373, "log10_alpha": -4.364640709035676, "log10_colsample_bytree": -0.4122814169026848, "log10_eta": -2.5415404151310215, "log10_lambda": -4.681843266076892, "log10_min_child_weight": 4.709241835359623, "log10_subsample": -0.3411879347403435, "max_depth": 9.0, "num_boost_round": 53.0}, "datetime": {"datetime": "2024-01-19 01:01:32", "elapsed": 2999.795024, "delta": 0.003826}}
{"target": -17.676418534434298, "params": {"gamma": 725.495792979373, "log10_alpha": -4.364640709035676, "log10_colsample_bytree": -0.4122814169026848, "log10_eta": -2.5415404151310215, "log10_lambda": -4.681843266076892, "log10_min_child_weight": 4.709241835359623, "log10_subsample": -0.3411879347403435, "max_depth": 9.0, "num_boost_round": 54.0}, "datetime": {"datetime": "2024-01-19 01:01:32", "elapsed": 2999.798817, "delta": 0.003793}}
{"target": -17.676391180971045, "params": {"gamma": 725.495792979373, "log10_alpha": -4.364640709035676, "log10_colsample_bytree": -0.4122814169026848, "log10_eta": -2.5415404151310215, "log10_lambda": -4.681843266076892, "log10_min_child_weight": 4.709241835359623, "log10_subsample": -0.3411879347403435, "max_depth": 9.0, "num_boost_round": 55.0}, "datetime": {"datetime": "2024-01-19 01:01:32", "elapsed": 2999.802571, "delta": 0.003754}}
{"target": -17.676412730390435, "params": {"gamma": 725.495792979373, "log10_alpha": -4.364640709035676, "log10_colsample_bytree": -0.4122814169026848, "log10_eta": -2.5415404151310215, "log10_lambda": -4.681843266076892, "log10_min_child_weight": 4.709241835359623, "log10_subsample": -0.3411879347403435, "max_depth": 9.0, "num_boost_round": 56.0}, "datetime": {"datetime": "2024-01-19 01:01:32", "elapsed": 2999.806321, "delta": 0.00375}}
{"target": -17.676406118825472, "params": {"gamma": 725.495792979373, "log10_alpha": -4.364640709035676, "log10_colsample_bytree": -0.4122814169026848, "log10_eta": -2.5415404151310215, "log10_lambda": -4.681843266076892, "log10_min_child_weight": 4.709241835359623, "log10_subsample": -0.3411879347403435, "max_depth": 9.0, "num_boost_round": 57.0}, "datetime": {"datetime": "2024-01-19 01:01:32", "elapsed": 2999.810137, "delta": 0.003816}}
{"target": -17.676387842568438, "params": {"gamma": 725.495792979373, "log10_alpha": -4.364640709035676, "log10_colsample_bytree": -0.4122814169026848, "log10_eta": -2.5415404151310215, "log10_lambda": -4.681843266076892, "log10_min_child_weight": 4.709241835359623, "log10_subsample": -0.3411879347403435, "max_depth": 9.0, "num_boost_round": 58.0}, "datetime": {"datetime": "2024-01-19 01:01:32", "elapsed": 2999.814045, "delta": 0.003908}}
{"target": -17.676354593540673, "params": {"gamma": 725.495792979373, "log10_alpha": -4.364640709035676, "log10_colsample_bytree": -0.4122814169026848, "log10_eta": -2.5415404151310215, "log10_lambda": -4.681843266076892, "log10_min_child_weight": 4.709241835359623, "log10_subsample": -0.3411879347403435, "max_depth": 9.0, "num_boost_round": 59.0}, "datetime": {"datetime": "2024-01-19 01:01:32", "elapsed": 2999.81789, "delta": 0.003845}}
{"target": -17.67632823132243, "params": {"gamma": 725.495792979373, "log10_alpha": -4.364640709035676, "log10_colsample_bytree": -0.4122814169026848, "log10_eta": -2.5415404151310215, "log10_lambda": -4.681843266076892, "log10_min_child_weight": 4.709241835359623, "log10_subsample": -0.3411879347403435, "max_depth": 9.0, "num_boost_round": 60.0}, "datetime": {"datetime": "2024-01-19 01:01:32", "elapsed": 2999.821698, "delta": 0.003808}}
{"target": -17.67629822767132, "params": {"gamma": 725.495792979373, "log10_alpha": -4.364640709035676, "log10_colsample_bytree": -0.4122814169026848, "log10_eta": -2.5415404151310215, "log10_lambda": -4.681843266076892, "log10_min_child_weight": 4.709241835359623, "log10_subsample": -0.3411879347403435, "max_depth": 9.0, "num_boost_round": 61.0}, "datetime": {"datetime": "2024-01-19 01:01:32", "elapsed": 2999.825453, "delta": 0.003755}}
{"target": -17.676297588551428, "params": {"gamma": 725.495792979373, "log10_alpha": -4.364640709035676, "log10_colsample_bytree": -0.4122814169026848, "log10_eta": -2.5415404151310215, "log10_lambda": -4.681843266076892, "log10_min_child_weight": 4.709241835359623, "log10_subsample": -0.3411879347403435, "max_depth": 9.0, "num_boost_round": 62.0}, "datetime": {"datetime": "2024-01-19 01:01:32", "elapsed": 2999.829468, "delta": 0.004015}}
{"target": -17.676277361996952, "params": {"gamma": 725.495792979373, "log10_alpha": -4.364640709035676, "log10_colsample_bytree": -0.4122814169026848, "log10_eta": -2.5415404151310215, "log10_lambda": -4.681843266076892, "log10_min_child_weight": 4.709241835359623, "log10_subsample": -0.3411879347403435, "max_depth": 9.0, "num_boost_round": 63.0}, "datetime": {"datetime": "2024-01-19 01:01:32", "elapsed": 2999.833298, "delta": 0.00383}}
{"target": -17.676263645646873, "params": {"gamma": 725.495792979373, "log10_alpha": -4.364640709035676, "log10_colsample_bytree": -0.4122814169026848, "log10_eta": -2.5415404151310215, "log10_lambda": -4.681843266076892, "log10_min_child_weight": 4.709241835359623, "log10_subsample": -0.3411879347403435, "max_depth": 9.0, "num_boost_round": 64.0}, "datetime": {"datetime": "2024-01-19 01:01:32", "elapsed": 2999.837209, "delta": 0.003911}}
{"target": -17.676271920755095, "params": {"gamma": 725.495792979373, "log10_alpha": -4.364640709035676, "log10_colsample_bytree": -0.4122814169026848, "log10_eta": -2.5415404151310215, "log10_lambda": -4.681843266076892, "log10_min_child_weight": 4.709241835359623, "log10_subsample": -0.3411879347403435, "max_depth": 9.0, "num_boost_round": 65.0}, "datetime": {"datetime": "2024-01-19 01:01:32", "elapsed": 2999.84112, "delta": 0.003911}}
{"target": -17.676272563694734, "params": {"gamma": 725.495792979373, "log10_alpha": -4.364640709035676, "log10_colsample_bytree": -0.4122814169026848, "log10_eta": -2.5415404151310215, "log10_lambda": -4.681843266076892, "log10_min_child_weight": 4.709241835359623, "log10_subsample": -0.3411879347403435, "max_depth": 9.0, "num_boost_round": 66.0}, "datetime": {"datetime": "2024-01-19 01:01:32", "elapsed": 2999.844984, "delta": 0.003864}}
{"target": -17.67625976058061, "params": {"gamma": 725.495792979373, "log10_alpha": -4.364640709035676, "log10_colsample_bytree": -0.4122814169026848, "log10_eta": -2.5415404151310215, "log10_lambda": -4.681843266076892, "log10_min_child_weight": 4.709241835359623, "log10_subsample": -0.3411879347403435, "max_depth": 9.0, "num_boost_round": 67.0}, "datetime": {"datetime": "2024-01-19 01:01:32", "elapsed": 2999.848962, "delta": 0.003978}}
{"target": -17.67626688807668, "params": {"gamma": 725.495792979373, "log10_alpha": -4.364640709035676, "log10_colsample_bytree": -0.4122814169026848, "log10_eta": -2.5415404151310215, "log10_lambda": -4.681843266076892, "log10_min_child_weight": 4.709241835359623, "log10_subsample": -0.3411879347403435, "max_depth": 9.0, "num_boost_round": 68.0}, "datetime": {"datetime": "2024-01-19 01:01:32", "elapsed": 2999.852683, "delta": 0.003721}}
{"target": -17.676253097912955, "params": {"gamma": 725.495792979373, "log10_alpha": -4.364640709035676, "log10_colsample_bytree": -0.4122814169026848, "log10_eta": -2.5415404151310215, "log10_lambda": -4.681843266076892, "log10_min_child_weight": 4.709241835359623, "log10_subsample": -0.3411879347403435, "max_depth": 9.0, "num_boost_round": 69.0}, "datetime": {"datetime": "2024-01-19 01:01:32", "elapsed": 2999.856441, "delta": 0.003758}}
{"target": -17.67623900998909, "params": {"gamma": 725.495792979373, "log10_alpha": -4.364640709035676, "log10_colsample_bytree": -0.4122814169026848, "log10_eta": -2.5415404151310215, "log10_lambda": -4.681843266076892, "log10_min_child_weight": 4.709241835359623, "log10_subsample": -0.3411879347403435, "max_depth": 9.0, "num_boost_round": 70.0}, "datetime": {"datetime": "2024-01-19 01:01:32", "elapsed": 2999.860359, "delta": 0.003918}}
{"target": -17.67582421451125, "params": {"gamma": 743.5786735878506, "log10_alpha": 0.5295645631701005, "log10_colsample_bytree": -0.3140021290526811, "log10_eta": -1.627385697159907, "log10_lambda": 0.5622562746044553, "log10_min_child_weight": 3.036949128451594, "log10_subsample": -0.30045739353206424, "max_depth": 8.0, "num_boost_round": 0.0}, "datetime": {"datetime": "2024-01-19 01:02:17", "elapsed": 3045.12836, "delta": 45.268001}}
{"target": -17.674976187909824, "params": {"gamma": 743.5786735878506, "log10_alpha": 0.5295645631701005, "log10_colsample_bytree": -0.3140021290526811, "log10_eta": -1.627385697159907, "log10_lambda": 0.5622562746044553, "log10_min_child_weight": 3.036949128451594, "log10_subsample": -0.30045739353206424, "max_depth": 8.0, "num_boost_round": 1.0}, "datetime": {"datetime": "2024-01-19 01:02:17", "elapsed": 3045.254947, "delta": 0.126587}}
{"target": -17.674420181109966, "params": {"gamma": 743.5786735878506, "log10_alpha": 0.5295645631701005, "log10_colsample_bytree": -0.3140021290526811, "log10_eta": -1.627385697159907, "log10_lambda": 0.5622562746044553, "log10_min_child_weight": 3.036949128451594, "log10_subsample": -0.30045739353206424, "max_depth": 8.0, "num_boost_round": 2.0}, "datetime": {"datetime": "2024-01-19 01:02:17", "elapsed": 3045.259775, "delta": 0.004828}}
{"target": -17.673287588081568, "params": {"gamma": 743.5786735878506, "log10_alpha": 0.5295645631701005, "log10_colsample_bytree": -0.3140021290526811, "log10_eta": -1.627385697159907, "log10_lambda": 0.5622562746044553, "log10_min_child_weight": 3.036949128451594, "log10_subsample": -0.30045739353206424, "max_depth": 8.0, "num_boost_round": 3.0}, "datetime": {"datetime": "2024-01-19 01:02:17", "elapsed": 3045.264086, "delta": 0.004311}}
{"target": -17.673744603768682, "params": {"gamma": 743.5786735878506, "log10_alpha": 0.5295645631701005, "log10_colsample_bytree": -0.3140021290526811, "log10_eta": -1.627385697159907, "log10_lambda": 0.5622562746044553, "log10_min_child_weight": 3.036949128451594, "log10_subsample": -0.30045739353206424, "max_depth": 8.0, "num_boost_round": 4.0}, "datetime": {"datetime": "2024-01-19 01:02:17", "elapsed": 3045.268329, "delta": 0.004243}}
{"target": -17.67360720771212, "params": {"gamma": 743.5786735878506, "log10_alpha": 0.5295645631701005, "log10_colsample_bytree": -0.3140021290526811, "log10_eta": -1.627385697159907, "log10_lambda": 0.5622562746044553, "log10_min_child_weight": 3.036949128451594, "log10_subsample": -0.30045739353206424, "max_depth": 8.0, "num_boost_round": 5.0}, "datetime": {"datetime": "2024-01-19 01:02:17", "elapsed": 3045.272405, "delta": 0.004076}}
{"target": -17.675016867246054, "params": {"gamma": 743.5786735878506, "log10_alpha": 0.5295645631701005, "log10_colsample_bytree": -0.3140021290526811, "log10_eta": -1.627385697159907, "log10_lambda": 0.5622562746044553, "log10_min_child_weight": 3.036949128451594, "log10_subsample": -0.30045739353206424, "max_depth": 8.0, "num_boost_round": 6.0}, "datetime": {"datetime": "2024-01-19 01:02:17", "elapsed": 3045.276639, "delta": 0.004234}}
{"target": -17.67631367177711, "params": {"gamma": 743.5786735878506, "log10_alpha": 0.5295645631701005, "log10_colsample_bytree": -0.3140021290526811, "log10_eta": -1.627385697159907, "log10_lambda": 0.5622562746044553, "log10_min_child_weight": 3.036949128451594, "log10_subsample": -0.30045739353206424, "max_depth": 8.0, "num_boost_round": 7.0}, "datetime": {"datetime": "2024-01-19 01:02:17", "elapsed": 3045.28098, "delta": 0.004341}}
{"target": -17.677109689729154, "params": {"gamma": 743.5786735878506, "log10_alpha": 0.5295645631701005, "log10_colsample_bytree": -0.3140021290526811, "log10_eta": -1.627385697159907, "log10_lambda": 0.5622562746044553, "log10_min_child_weight": 3.036949128451594, "log10_subsample": -0.30045739353206424, "max_depth": 8.0, "num_boost_round": 8.0}, "datetime": {"datetime": "2024-01-19 01:02:17", "elapsed": 3045.285123, "delta": 0.004143}}
{"target": -17.677957676411197, "params": {"gamma": 743.5786735878506, "log10_alpha": 0.5295645631701005, "log10_colsample_bytree": -0.3140021290526811, "log10_eta": -1.627385697159907, "log10_lambda": 0.5622562746044553, "log10_min_child_weight": 3.036949128451594, "log10_subsample": -0.30045739353206424, "max_depth": 8.0, "num_boost_round": 9.0}, "datetime": {"datetime": "2024-01-19 01:02:17", "elapsed": 3045.289311, "delta": 0.004188}}
{"target": -17.67889809873907, "params": {"gamma": 743.5786735878506, "log10_alpha": 0.5295645631701005, "log10_colsample_bytree": -0.3140021290526811, "log10_eta": -1.627385697159907, "log10_lambda": 0.5622562746044553, "log10_min_child_weight": 3.036949128451594, "log10_subsample": -0.30045739353206424, "max_depth": 8.0, "num_boost_round": 10.0}, "datetime": {"datetime": "2024-01-19 01:02:17", "elapsed": 3045.293402, "delta": 0.004091}}
{"target": -17.67804577618294, "params": {"gamma": 743.5786735878506, "log10_alpha": 0.5295645631701005, "log10_colsample_bytree": -0.3140021290526811, "log10_eta": -1.627385697159907, "log10_lambda": 0.5622562746044553, "log10_min_child_weight": 3.036949128451594, "log10_subsample": -0.30045739353206424, "max_depth": 8.0, "num_boost_round": 11.0}, "datetime": {"datetime": "2024-01-19 01:02:17", "elapsed": 3045.297526, "delta": 0.004124}}
{"target": -17.679796517324238, "params": {"gamma": 743.5786735878506, "log10_alpha": 0.5295645631701005, "log10_colsample_bytree": -0.3140021290526811, "log10_eta": -1.627385697159907, "log10_lambda": 0.5622562746044553, "log10_min_child_weight": 3.036949128451594, "log10_subsample": -0.30045739353206424, "max_depth": 8.0, "num_boost_round": 12.0}, "datetime": {"datetime": "2024-01-19 01:02:17", "elapsed": 3045.301739, "delta": 0.004213}}
{"target": -17.680797507572798, "params": {"gamma": 743.5786735878506, "log10_alpha": 0.5295645631701005, "log10_colsample_bytree": -0.3140021290526811, "log10_eta": -1.627385697159907, "log10_lambda": 0.5622562746044553, "log10_min_child_weight": 3.036949128451594, "log10_subsample": -0.30045739353206424, "max_depth": 8.0, "num_boost_round": 13.0}, "datetime": {"datetime": "2024-01-19 01:02:17", "elapsed": 3045.305744, "delta": 0.004005}}
{"target": -17.67723026435296, "params": {"gamma": 717.5464308550695, "log10_alpha": -0.7925850214824663, "log10_colsample_bytree": -0.267730406836847, "log10_eta": -3.960522430741021, "log10_lambda": -0.7768421230491676, "log10_min_child_weight": 1.7159392241254707, "log10_subsample": -0.8364920935283989, "max_depth": 3.0, "num_boost_round": 0.0}, "datetime": {"datetime": "2024-01-19 01:03:14", "elapsed": 3101.459897, "delta": 56.154153}}
{"target": -17.677224244206883, "params": {"gamma": 717.5464308550695, "log10_alpha": -0.7925850214824663, "log10_colsample_bytree": -0.267730406836847, "log10_eta": -3.960522430741021, "log10_lambda": -0.7768421230491676, "log10_min_child_weight": 1.7159392241254707, "log10_subsample": -0.8364920935283989, "max_depth": 3.0, "num_boost_round": 1.0}, "datetime": {"datetime": "2024-01-19 01:03:14", "elapsed": 3101.46419, "delta": 0.004293}}
{"target": -17.67722185964788, "params": {"gamma": 717.5464308550695, "log10_alpha": -0.7925850214824663, "log10_colsample_bytree": -0.267730406836847, "log10_eta": -3.960522430741021, "log10_lambda": -0.7768421230491676, "log10_min_child_weight": 1.7159392241254707, "log10_subsample": -0.8364920935283989, "max_depth": 3.0, "num_boost_round": 2.0}, "datetime": {"datetime": "2024-01-19 01:03:14", "elapsed": 3101.46829, "delta": 0.0041}}
{"target": -17.67722197391319, "params": {"gamma": 717.5464308550695, "log10_alpha": -0.7925850214824663, "log10_colsample_bytree": -0.267730406836847, "log10_eta": -3.960522430741021, "log10_lambda": -0.7768421230491676, "log10_min_child_weight": 1.7159392241254707, "log10_subsample": -0.8364920935283989, "max_depth": 3.0, "num_boost_round": 3.0}, "datetime": {"datetime": "2024-01-19 01:03:14", "elapsed": 3101.472258, "delta": 0.003968}}
{"target": -17.677216539958895, "params": {"gamma": 717.5464308550695, "log10_alpha": -0.7925850214824663, "log10_colsample_bytree": -0.267730406836847, "log10_eta": -3.960522430741021, "log10_lambda": -0.7768421230491676, "log10_min_child_weight": 1.7159392241254707, "log10_subsample": -0.8364920935283989, "max_depth": 3.0, "num_boost_round": 4.0}, "datetime": {"datetime": "2024-01-19 01:03:14", "elapsed": 3101.476276, "delta": 0.004018}}
{"target": -17.677216046470328, "params": {"gamma": 717.5464308550695, "log10_alpha": -0.7925850214824663, "log10_colsample_bytree": -0.267730406836847, "log10_eta": -3.960522430741021, "log10_lambda": -0.7768421230491676, "log10_min_child_weight": 1.7159392241254707, "log10_subsample": -0.8364920935283989, "max_depth": 3.0, "num_boost_round": 5.0}, "datetime": {"datetime": "2024-01-19 01:03:14", "elapsed": 3101.480473, "delta": 0.004197}}
{"target": -17.677212949999547, "params": {"gamma": 717.5464308550695, "log10_alpha": -0.7925850214824663, "log10_colsample_bytree": -0.267730406836847, "log10_eta": -3.960522430741021, "log10_lambda": -0.7768421230491676, "log10_min_child_weight": 1.7159392241254707, "log10_subsample": -0.8364920935283989, "max_depth": 3.0, "num_boost_round": 6.0}, "datetime": {"datetime": "2024-01-19 01:03:14", "elapsed": 3101.485199, "delta": 0.004726}}
{"target": -17.677209402415336, "params": {"gamma": 717.5464308550695, "log10_alpha": -0.7925850214824663, "log10_colsample_bytree": -0.267730406836847, "log10_eta": -3.960522430741021, "log10_lambda": -0.7768421230491676, "log10_min_child_weight": 1.7159392241254707, "log10_subsample": -0.8364920935283989, "max_depth": 3.0, "num_boost_round": 7.0}, "datetime": {"datetime": "2024-01-19 01:03:14", "elapsed": 3101.48955, "delta": 0.004351}}
{"target": -17.67720837857834, "params": {"gamma": 717.5464308550695, "log10_alpha": -0.7925850214824663, "log10_colsample_bytree": -0.267730406836847, "log10_eta": -3.960522430741021, "log10_lambda": -0.7768421230491676, "log10_min_child_weight": 1.7159392241254707, "log10_subsample": -0.8364920935283989, "max_depth": 3.0, "num_boost_round": 8.0}, "datetime": {"datetime": "2024-01-19 01:03:14", "elapsed": 3101.493542, "delta": 0.003992}}
{"target": -17.67720631836392, "params": {"gamma": 717.5464308550695, "log10_alpha": -0.7925850214824663, "log10_colsample_bytree": -0.267730406836847, "log10_eta": -3.960522430741021, "log10_lambda": -0.7768421230491676, "log10_min_child_weight": 1.7159392241254707, "log10_subsample": -0.8364920935283989, "max_depth": 3.0, "num_boost_round": 9.0}, "datetime": {"datetime": "2024-01-19 01:03:14", "elapsed": 3101.497412, "delta": 0.00387}}
{"target": -17.677203927442825, "params": {"gamma": 717.5464308550695, "log10_alpha": -0.7925850214824663, "log10_colsample_bytree": -0.267730406836847, "log10_eta": -3.960522430741021, "log10_lambda": -0.7768421230491676, "log10_min_child_weight": 1.7159392241254707, "log10_subsample": -0.8364920935283989, "max_depth": 3.0, "num_boost_round": 10.0}, "datetime": {"datetime": "2024-01-19 01:03:14", "elapsed": 3101.501239, "delta": 0.003827}}
{"target": -17.677199247261765, "params": {"gamma": 717.5464308550695, "log10_alpha": -0.7925850214824663, "log10_colsample_bytree": -0.267730406836847, "log10_eta": -3.960522430741021, "log10_lambda": -0.7768421230491676, "log10_min_child_weight": 1.7159392241254707, "log10_subsample": -0.8364920935283989, "max_depth": 3.0, "num_boost_round": 11.0}, "datetime": {"datetime": "2024-01-19 01:03:14", "elapsed": 3101.505096, "delta": 0.003857}}
{"target": -17.677195940740205, "params": {"gamma": 717.5464308550695, "log10_alpha": -0.7925850214824663, "log10_colsample_bytree": -0.267730406836847, "log10_eta": -3.960522430741021, "log10_lambda": -0.7768421230491676, "log10_min_child_weight": 1.7159392241254707, "log10_subsample": -0.8364920935283989, "max_depth": 3.0, "num_boost_round": 12.0}, "datetime": {"datetime": "2024-01-19 01:03:14", "elapsed": 3101.508957, "delta": 0.003861}}
{"target": -17.677192543024333, "params": {"gamma": 717.5464308550695, "log10_alpha": -0.7925850214824663, "log10_colsample_bytree": -0.267730406836847, "log10_eta": -3.960522430741021, "log10_lambda": -0.7768421230491676, "log10_min_child_weight": 1.7159392241254707, "log10_subsample": -0.8364920935283989, "max_depth": 3.0, "num_boost_round": 13.0}, "datetime": {"datetime": "2024-01-19 01:03:14", "elapsed": 3101.512808, "delta": 0.003851}}
{"target": -17.67719113063709, "params": {"gamma": 717.5464308550695, "log10_alpha": -0.7925850214824663, "log10_colsample_bytree": -0.267730406836847, "log10_eta": -3.960522430741021, "log10_lambda": -0.7768421230491676, "log10_min_child_weight": 1.7159392241254707, "log10_subsample": -0.8364920935283989, "max_depth": 3.0, "num_boost_round": 14.0}, "datetime": {"datetime": "2024-01-19 01:03:14", "elapsed": 3101.516744, "delta": 0.003936}}
