{"target": -17.677166352135423, "params": {"gamma": 615.7469752776942, "log10_alpha": 0.43225595388673044, "log10_colsample_bytree": 0.0, "log10_eta": -4.0, "log10_lambda": -1.889309192851292, "log10_min_child_weight": 5.0, "log10_subsample": 0.0, "max_depth": 9.0, "num_boost_round": 44.0}, "datetime": {"datetime": "2024-01-19 02:01:36", "elapsed": 6593.427078, "delta": 0.005607}}
{"target": -17.67716490948357, "params": {"gamma": 615.7469752776942, "log10_alpha": 0.43225595388673044, "log10_colsample_bytree": 0.0, "log10_eta": -4.0, "log10_lambda": -1.889309192851292, "log10_min_child_weight": 5.0, "log10_subsample": 0.0, "max_depth": 9.0, "num_boost_round": 45.0}, "datetime": {"datetime": "2024-01-19 02:01:36", "elapsed": 6593.432512, "delta": 0.005434}}
{"target": -17.677229703447846, "params": {"gamma": 581.9813914953617, "log10_alpha": -3.508359691545842, "log10_colsample_bytree": -1.0, "log10_eta": -4.0, "log10_lambda": 1.0, "log10_min_child_weight": 0.4868572377353234, "log10_subsample": 0.0, "max_depth": 2.0, "num_boost_round": 0.0}, "datetime": {"datetime": "2024-01-19 02:02:55", "elapsed": 6673.128349, "delta": 79.695837}}
{"target": -17.677225542797377, "params": {"gamma": 581.9813914953617, "log10_alpha": -3.508359691545842, "log10_colsample_bytree": -1.0, "log10_eta": -4.0, "log10_lambda": 1.0, "log10_min_child_weight": 0.4868572377353234, "log10_subsample": 0.0, "max_depth": 2.0, "num_boost_round": 1.0}, "datetime": {"datetime": "2024-01-19 02:02:55", "elapsed": 6673.135337, "delta": 0.006988}}
{"target": -17.677224884224792, "params": {"gamma": 581.9813914953617, "log10_alpha": -3.508359691545842, "log10_colsample_bytree": -1.0, "log10_eta": -4.0, "log10_lambda": 1.0, "log10_min_child_weight": 0.4868572377353234, "log10_subsample": 0.0, "max_depth": 2.0, "num_boost_round": 2.0}, "datetime": {"datetime": "2024-01-19 02:02:55", "elapsed": 6673.141626, "delta": 0.006289}}
{"target": -17.677223858968286, "params": {"gamma": 581.9813914953617, "log10_alpha": -3.508359691545842, "log10_colsample_bytree": -1.0, "log10_eta": -4.0, "log10_lambda": 1.0, "log10_min_child_weight": 0.4868572377353234, "log10_subsample": 0.0, "max_depth": 2.0, "num_boost_round": 3.0}, "datetime": {"datetime": "2024-01-19 02:02:55", "elapsed": 6673.14708, "delta": 0.005454}}
{"target": -17.677222226841657, "params": {"gamma": 581.9813914953617, "log10_alpha": -3.508359691545842, "log10_colsample_bytree": -1.0, "log10_eta": -4.0, "log10_lambda": 1.0, "log10_min_child_weight": 0.4868572377353234, "log10_subsample": 0.0, "max_depth": 2.0, "num_boost_round": 4.0}, "datetime": {"datetime": "2024-01-19 02:02:55", "elapsed": 6673.152706, "delta": 0.005626}}
{"target": -17.67722170599519, "params": {"gamma": 581.9813914953617, "log10_alpha": -3.508359691545842, "log10_colsample_bytree": -1.0, "log10_eta": -4.0, "log10_lambda": 1.0, "log10_min_child_weight": 0.4868572377353234, "log10_subsample": 0.0, "max_depth": 2.0, "num_boost_round": 5.0}, "datetime": {"datetime": "2024-01-19 02:02:55", "elapsed": 6673.158518, "delta": 0.005812}}
{"target": -17.677219876027728, "params": {"gamma": 581.9813914953617, "log10_alpha": -3.508359691545842, "log10_colsample_bytree": -1.0, "log10_eta": -4.0, "log10_lambda": 1.0, "log10_min_child_weight": 0.4868572377353234, "log10_subsample": 0.0, "max_depth": 2.0, "num_boost_round": 6.0}, "datetime": {"datetime": "2024-01-19 02:02:55", "elapsed": 6673.16437, "delta": 0.005852}}
{"target": -17.677217466549447, "params": {"gamma": 581.9813914953617, "log10_alpha": -3.508359691545842, "log10_colsample_bytree": -1.0, "log10_eta": -4.0, "log10_lambda": 1.0, "log10_min_child_weight": 0.4868572377353234, "log10_subsample": 0.0, "max_depth": 2.0, "num_boost_round": 7.0}, "datetime": {"datetime": "2024-01-19 02:02:55", "elapsed": 6673.169771, "delta": 0.005401}}
{"target": -17.677218225568264, "params": {"gamma": 581.9813914953617, "log10_alpha": -3.508359691545842, "log10_colsample_bytree": -1.0, "log10_eta": -4.0, "log10_lambda": 1.0, "log10_min_child_weight": 0.4868572377353234, "log10_subsample": 0.0, "max_depth": 2.0, "num_boost_round": 8.0}, "datetime": {"datetime": "2024-01-19 02:02:55", "elapsed": 6673.175152, "delta": 0.005381}}
{"target": -17.677216616280205, "params": {"gamma": 581.9813914953617, "log10_alpha": -3.508359691545842, "log10_colsample_bytree": -1.0, "log10_eta": -4.0, "log10_lambda": 1.0, "log10_min_child_weight": 0.4868572377353234, "log10_subsample": 0.0, "max_depth": 2.0, "num_boost_round": 9.0}, "datetime": {"datetime": "2024-01-19 02:02:55", "elapsed": 6673.180539, "delta": 0.005387}}
{"target": -17.6772142417974, "params": {"gamma": 581.9813914953617, "log10_alpha": -3.508359691545842, "log10_colsample_bytree": -1.0, "log10_eta": -4.0, "log10_lambda": 1.0, "log10_min_child_weight": 0.4868572377353234, "log10_subsample": 0.0, "max_depth": 2.0, "num_boost_round": 10.0}, "datetime": {"datetime": "2024-01-19 02:02:55", "elapsed": 6673.185988, "delta": 0.005449}}
{"target": -17.6772119112598, "params": {"gamma": 581.9813914953617, "log10_alpha": -3.508359691545842, "log10_colsample_bytree": -1.0, "log10_eta": -4.0, "log10_lambda": 1.0, "log10_min_child_weight": 0.4868572377353234, "log10_subsample": 0.0, "max_depth": 2.0, "num_boost_round": 11.0}, "datetime": {"datetime": "2024-01-19 02:02:55", "elapsed": 6673.191511, "delta": 0.005523}}
{"target": -17.67721102981591, "params": {"gamma": 581.9813914953617, "log10_alpha": -3.508359691545842, "log10_colsample_bytree": -1.0, "log10_eta": -4.0, "log10_lambda": 1.0, "log10_min_child_weight": 0.4868572377353234, "log10_subsample": 0.0, "max_depth": 2.0, "num_boost_round": 12.0}, "datetime": {"datetime": "2024-01-19 02:02:55", "elapsed": 6673.197057, "delta": 0.005546}}
{"target": -17.677210284167206, "params": {"gamma": 581.9813914953617, "log10_alpha": -3.508359691545842, "log10_colsample_bytree": -1.0, "log10_eta": -4.0, "log10_lambda": 1.0, "log10_min_child_weight": 0.4868572377353234, "log10_subsample": 0.0, "max_depth": 2.0, "num_boost_round": 13.0}, "datetime": {"datetime": "2024-01-19 02:02:55", "elapsed": 6673.206682, "delta": 0.009625}}
{"target": -17.67721119773024, "params": {"gamma": 614.4815471440724, "log10_alpha": -0.025830547707501594, "log10_colsample_bytree": -0.3967292330800224, "log10_eta": -3.1561203476375037, "log10_lambda": 0.7495242999456337, "log10_min_child_weight": 2.136502585906077, "log10_subsample": -0.8875217761359885, "max_depth": 3.0, "num_boost_round": 0.0}, "datetime": {"datetime": "2024-01-19 02:04:01", "elapsed": 6738.71752, "delta": 65.510838}}
{"target": -17.67719308242596, "params": {"gamma": 614.4815471440724, "log10_alpha": -0.025830547707501594, "log10_colsample_bytree": -0.3967292330800224, "log10_eta": -3.1561203476375037, "log10_lambda": 0.7495242999456337, "log10_min_child_weight": 2.136502585906077, "log10_subsample": -0.8875217761359885, "max_depth": 3.0, "num_boost_round": 1.0}, "datetime": {"datetime": "2024-01-19 02:04:01", "elapsed": 6738.723632, "delta": 0.006112}}
{"target": -17.67716393884972, "params": {"gamma": 614.4815471440724, "log10_alpha": -0.025830547707501594, "log10_colsample_bytree": -0.3967292330800224, "log10_eta": -3.1561203476375037, "log10_lambda": 0.7495242999456337, "log10_min_child_weight": 2.136502585906077, "log10_subsample": -0.8875217761359885, "max_depth": 3.0, "num_boost_round": 2.0}, "datetime": {"datetime": "2024-01-19 02:04:01", "elapsed": 6738.729648, "delta": 0.006016}}
{"target": -17.677153938386827, "params": {"gamma": 614.4815471440724, "log10_alpha": -0.025830547707501594, "log10_colsample_bytree": -0.3967292330800224, "log10_eta": -3.1561203476375037, "log10_lambda": 0.7495242999456337, "log10_min_child_weight": 2.136502585906077, "log10_subsample": -0.8875217761359885, "max_depth": 3.0, "num_boost_round": 3.0}, "datetime": {"datetime": "2024-01-19 02:04:01", "elapsed": 6738.735362, "delta": 0.005714}}
{"target": -17.67713062322312, "params": {"gamma": 614.4815471440724, "log10_alpha": -0.025830547707501594, "log10_colsample_bytree": -0.3967292330800224, "log10_eta": -3.1561203476375037, "log10_lambda": 0.7495242999456337, "log10_min_child_weight": 2.136502585906077, "log10_subsample": -0.8875217761359885, "max_depth": 3.0, "num_boost_round": 4.0}, "datetime": {"datetime": "2024-01-19 02:04:01", "elapsed": 6738.741028, "delta": 0.005666}}
{"target": -17.677111983608235, "params": {"gamma": 614.4815471440724, "log10_alpha": -0.025830547707501594, "log10_colsample_bytree": -0.3967292330800224, "log10_eta": -3.1561203476375037, "log10_lambda": 0.7495242999456337, "log10_min_child_weight": 2.136502585906077, "log10_subsample": -0.8875217761359885, "max_depth": 3.0, "num_boost_round": 5.0}, "datetime": {"datetime": "2024-01-19 02:04:01", "elapsed": 6738.746733, "delta": 0.005705}}
{"target": -17.677095736116833, "params": {"gamma": 614.4815471440724, "log10_alpha": -0.025830547707501594, "log10_colsample_bytree": -0.3967292330800224, "log10_eta": -3.1561203476375037, "log10_lambda": 0.7495242999456337, "log10_min_child_weight": 2.136502585906077, "log10_subsample": -0.8875217761359885, "max_depth": 3.0, "num_boost_round": 6.0}, "datetime": {"datetime": "2024-01-19 02:04:01", "elapsed": 6738.752752, "delta": 0.006019}}
{"target": -17.6770808295838, "params": {"gamma": 614.4815471440724, "log10_alpha": -0.025830547707501594, "log10_colsample_bytree": -0.3967292330800224, "log10_eta": -3.1561203476375037, "log10_lambda": 0.7495242999456337, "log10_min_child_weight": 2.136502585906077, "log10_subsample": -0.8875217761359885, "max_depth": 3.0, "num_boost_round": 7.0}, "datetime": {"datetime": "2024-01-19 02:04:01", "elapsed": 6738.758213, "delta": 0.005461}}
{"target": -17.677076046986933, "params": {"gamma": 614.4815471440724, "log10_alpha": -0.025830547707501594, "log10_colsample_bytree": -0.3967292330800224, "log10_eta": -3.1561203476375037, "log10_lambda": 0.7495242999456337, "log10_min_child_weight": 2.136502585906077, "log10_subsample": -0.8875217761359885, "max_depth": 3.0, "num_boost_round": 8.0}, "datetime": {"datetime": "2024-01-19 02:04:01", "elapsed": 6738.763753, "delta": 0.00554}}
{"target": -17.67702316837103, "params": {"gamma": 614.4815471440724, "log10_alpha": -0.025830547707501594, "log10_colsample_bytree": -0.3967292330800224, "log10_eta": -3.1561203476375037, "log10_lambda": 0.7495242999456337, "log10_min_child_weight": 2.136502585906077, "log10_subsample": -0.8875217761359885, "max_depth": 3.0, "num_boost_round": 9.0}, "datetime": {"datetime": "2024-01-19 02:04:01", "elapsed": 6738.769274, "delta": 0.005521}}
{"target": -17.677003914067193, "params": {"gamma": 614.4815471440724, "log10_alpha": -0.025830547707501594, "log10_colsample_bytree": -0.3967292330800224, "log10_eta": -3.1561203476375037, "log10_lambda": 0.7495242999456337, "log10_min_child_weight": 2.136502585906077, "log10_subsample": -0.8875217761359885, "max_depth": 3.0, "num_boost_round": 10.0}, "datetime": {"datetime": "2024-01-19 02:04:01", "elapsed": 6738.774767, "delta": 0.005493}}
{"target": -17.676986277350917, "params": {"gamma": 614.4815471440724, "log10_alpha": -0.025830547707501594, "log10_colsample_bytree": -0.3967292330800224, "log10_eta": -3.1561203476375037, "log10_lambda": 0.7495242999456337, "log10_min_child_weight": 2.136502585906077, "log10_subsample": -0.8875217761359885, "max_depth": 3.0, "num_boost_round": 11.0}, "datetime": {"datetime": "2024-01-19 02:04:01", "elapsed": 6738.780322, "delta": 0.005555}}
{"target": -17.676960308896227, "params": {"gamma": 614.4815471440724, "log10_alpha": -0.025830547707501594, "log10_colsample_bytree": -0.3967292330800224, "log10_eta": -3.1561203476375037, "log10_lambda": 0.7495242999456337, "log10_min_child_weight": 2.136502585906077, "log10_subsample": -0.8875217761359885, "max_depth": 3.0, "num_boost_round": 12.0}, "datetime": {"datetime": "2024-01-19 02:04:01", "elapsed": 6738.785829, "delta": 0.005507}}
{"target": -17.676939831654224, "params": {"gamma": 614.4815471440724, "log10_alpha": -0.025830547707501594, "log10_colsample_bytree": -0.3967292330800224, "log10_eta": -3.1561203476375037, "log10_lambda": 0.7495242999456337, "log10_min_child_weight": 2.136502585906077, "log10_subsample": -0.8875217761359885, "max_depth": 3.0, "num_boost_round": 13.0}, "datetime": {"datetime": "2024-01-19 02:04:01", "elapsed": 6738.791383, "delta": 0.005554}}
{"target": -17.67692395484108, "params": {"gamma": 614.4815471440724, "log10_alpha": -0.025830547707501594, "log10_colsample_bytree": -0.3967292330800224, "log10_eta": -3.1561203476375037, "log10_lambda": 0.7495242999456337, "log10_min_child_weight": 2.136502585906077, "log10_subsample": -0.8875217761359885, "max_depth": 3.0, "num_boost_round": 14.0}, "datetime": {"datetime": "2024-01-19 02:04:01", "elapsed": 6738.796916, "delta": 0.005533}}
{"target": -17.676904759192535, "params": {"gamma": 614.4815471440724, "log10_alpha": -0.025830547707501594, "log10_colsample_bytree": -0.3967292330800224, "log10_eta": -3.1561203476375037, "log10_lambda": 0.7495242999456337, "log10_min_child_weight": 2.136502585906077, "log10_subsample": -0.8875217761359885, "max_depth": 3.0, "num_boost_round": 15.0}, "datetime": {"datetime": "2024-01-19 02:04:01", "elapsed": 6738.918083, "delta": 0.121167}}
{"target": -17.67689002398014, "params": {"gamma": 614.4815471440724, "log10_alpha": -0.025830547707501594, "log10_colsample_bytree": -0.3967292330800224, "log10_eta": -3.1561203476375037, "log10_lambda": 0.7495242999456337, "log10_min_child_weight": 2.136502585906077, "log10_subsample": -0.8875217761359885, "max_depth": 3.0, "num_boost_round": 16.0}, "datetime": {"datetime": "2024-01-19 02:04:01", "elapsed": 6738.92487, "delta": 0.006787}}
{"target": -17.676861744195442, "params": {"gamma": 614.4815471440724, "log10_alpha": -0.025830547707501594, "log10_colsample_bytree": -0.3967292330800224, "log10_eta": -3.1561203476375037, "log10_lambda": 0.7495242999456337, "log10_min_child_weight": 2.136502585906077, "log10_subsample": -0.8875217761359885, "max_depth": 3.0, "num_boost_round": 17.0}, "datetime": {"datetime": "2024-01-19 02:04:01", "elapsed": 6738.930932, "delta": 0.006062}}
{"target": -17.67684591031133, "params": {"gamma": 614.4815471440724, "log10_alpha": -0.025830547707501594, "log10_colsample_bytree": -0.3967292330800224, "log10_eta": -3.1561203476375037, "log10_lambda": 0.7495242999456337, "log10_min_child_weight": 2.136502585906077, "log10_subsample": -0.8875217761359885, "max_depth": 3.0, "num_boost_round": 18.0}, "datetime": {"datetime": "2024-01-19 02:04:01", "elapsed": 6738.936457, "delta": 0.005525}}
{"target": -17.67681123094129, "params": {"gamma": 614.4815471440724, "log10_alpha": -0.025830547707501594, "log10_colsample_bytree": -0.3967292330800224, "log10_eta": -3.1561203476375037, "log10_lambda": 0.7495242999456337, "log10_min_child_weight": 2.136502585906077, "log10_subsample": -0.8875217761359885, "max_depth": 3.0, "num_boost_round": 19.0}, "datetime": {"datetime": "2024-01-19 02:04:01", "elapsed": 6738.941955, "delta": 0.005498}}
{"target": -17.676789194234196, "params": {"gamma": 614.4815471440724, "log10_alpha": -0.025830547707501594, "log10_colsample_bytree": -0.3967292330800224, "log10_eta": -3.1561203476375037, "log10_lambda": 0.7495242999456337, "log10_min_child_weight": 2.136502585906077, "log10_subsample": -0.8875217761359885, "max_depth": 3.0, "num_boost_round": 20.0}, "datetime": {"datetime": "2024-01-19 02:04:01", "elapsed": 6738.947491, "delta": 0.005536}}
{"target": -17.67676277912999, "params": {"gamma": 614.4815471440724, "log10_alpha": -0.025830547707501594, "log10_colsample_bytree": -0.3967292330800224, "log10_eta": -3.1561203476375037, "log10_lambda": 0.7495242999456337, "log10_min_child_weight": 2.136502585906077, "log10_subsample": -0.8875217761359885, "max_depth": 3.0, "num_boost_round": 21.0}, "datetime": {"datetime": "2024-01-19 02:04:01", "elapsed": 6738.953255, "delta": 0.005764}}
{"target": -17.676732864007434, "params": {"gamma": 614.4815471440724, "log10_alpha": -0.025830547707501594, "log10_colsample_bytree": -0.3967292330800224, "log10_eta": -3.1561203476375037, "log10_lambda": 0.7495242999456337, "log10_min_child_weight": 2.136502585906077, "log10_subsample": -0.8875217761359885, "max_depth": 3.0, "num_boost_round": 22.0}, "datetime": {"datetime": "2024-01-19 02:04:01", "elapsed": 6738.958961, "delta": 0.005706}}
{"target": -17.676704276419724, "params": {"gamma": 614.4815471440724, "log10_alpha": -0.025830547707501594, "log10_colsample_bytree": -0.3967292330800224, "log10_eta": -3.1561203476375037, "log10_lambda": 0.7495242999456337, "log10_min_child_weight": 2.136502585906077, "log10_subsample": -0.8875217761359885, "max_depth": 3.0, "num_boost_round": 23.0}, "datetime": {"datetime": "2024-01-19 02:04:01", "elapsed": 6738.964549, "delta": 0.005588}}
{"target": -17.676690984602004, "params": {"gamma": 614.4815471440724, "log10_alpha": -0.025830547707501594, "log10_colsample_bytree": -0.3967292330800224, "log10_eta": -3.1561203476375037, "log10_lambda": 0.7495242999456337, "log10_min_child_weight": 2.136502585906077, "log10_subsample": -0.8875217761359885, "max_depth": 3.0, "num_boost_round": 24.0}, "datetime": {"datetime": "2024-01-19 02:04:01", "elapsed": 6738.970195, "delta": 0.005646}}
{"target": -17.676662318734227, "params": {"gamma": 614.4815471440724, "log10_alpha": -0.025830547707501594, "log10_colsample_bytree": -0.3967292330800224, "log10_eta": -3.1561203476375037, "log10_lambda": 0.7495242999456337, "log10_min_child_weight": 2.136502585906077, "log10_subsample": -0.8875217761359885, "max_depth": 3.0, "num_boost_round": 25.0}, "datetime": {"datetime": "2024-01-19 02:04:01", "elapsed": 6738.975825, "delta": 0.00563}}
{"target": -17.676653885496133, "params": {"gamma": 614.4815471440724, "log10_alpha": -0.025830547707501594, "log10_colsample_bytree": -0.3967292330800224, "log10_eta": -3.1561203476375037, "log10_lambda": 0.7495242999456337, "log10_min_child_weight": 2.136502585906077, "log10_subsample": -0.8875217761359885, "max_depth": 3.0, "num_boost_round": 26.0}, "datetime": {"datetime": "2024-01-19 02:04:01", "elapsed": 6738.981528, "delta": 0.005703}}
{"target": -17.676656705349473, "params": {"gamma": 614.4815471440724, "log10_alpha": -0.025830547707501594, "log10_colsample_bytree": -0.3967292330800224, "log10_eta": -3.1561203476375037, "log10_lambda": 0.7495242999456337, "log10_min_child_weight": 2.136502585906077, "log10_subsample": -0.8875217761359885, "max_depth": 3.0, "num_boost_round": 27.0}, "datetime": {"datetime": "2024-01-19 02:04:01", "elapsed": 6738.98729, "delta": 0.005762}}
{"target": -17.676624675389913, "params": {"gamma": 614.4815471440724, "log10_alpha": -0.025830547707501594, "log10_colsample_bytree": -0.3967292330800224, "log10_eta": -3.1561203476375037, "log10_lambda": 0.7495242999456337, "log10_min_child_weight": 2.136502585906077, "log10_subsample": -0.8875217761359885, "max_depth": 3.0, "num_boost_round": 28.0}, "datetime": {"datetime": "2024-01-19 02:04:01", "elapsed": 6738.993155, "delta": 0.005865}}
{"target": -17.676588216413112, "params": {"gamma": 614.4815471440724, "log10_alpha": -0.025830547707501594, "log10_colsample_bytree": -0.3967292330800224, "log10_eta": -3.1561203476375037, "log10_lambda": 0.7495242999456337, "log10_min_child_weight": 2.136502585906077, "log10_subsample": -0.8875217761359885, "max_depth": 3.0, "num_boost_round": 29.0}, "datetime": {"datetime": "2024-01-19 02:04:01", "elapsed": 6738.999117, "delta": 0.005962}}
{"target": -17.676580863191283, "params": {"gamma": 614.4815471440724, "log10_alpha": -0.025830547707501594, "log10_colsample_bytree": -0.3967292330800224, "log10_eta": -3.1561203476375037, "log10_lambda": 0.7495242999456337, "log10_min_child_weight": 2.136502585906077, "log10_subsample": -0.8875217761359885, "max_depth": 3.0, "num_boost_round": 30.0}, "datetime": {"datetime": "2024-01-19 02:04:01", "elapsed": 6739.004733, "delta": 0.005616}}
{"target": -17.676550205210834, "params": {"gamma": 614.4815471440724, "log10_alpha": -0.025830547707501594, "log10_colsample_bytree": -0.3967292330800224, "log10_eta": -3.1561203476375037, "log10_lambda": 0.7495242999456337, "log10_min_child_weight": 2.136502585906077, "log10_subsample": -0.8875217761359885, "max_depth": 3.0, "num_boost_round": 31.0}, "datetime": {"datetime": "2024-01-19 02:04:01", "elapsed": 6739.01028, "delta": 0.005547}}
{"target": -17.676543542439802, "params": {"gamma": 614.4815471440724, "log10_alpha": -0.025830547707501594, "log10_colsample_bytree": -0.3967292330800224, "log10_eta": -3.1561203476375037, "log10_lambda": 0.7495242999456337, "log10_min_child_weight": 2.136502585906077, "log10_subsample": -0.8875217761359885, "max_depth": 3.0, "num_boost_round": 32.0}, "datetime": {"datetime": "2024-01-19 02:04:01", "elapsed": 6739.015901, "delta": 0.005621}}
{"target": -17.676521635213728, "params": {"gamma": 614.4815471440724, "log10_alpha": -0.025830547707501594, "log10_colsample_bytree": -0.3967292330800224, "log10_eta": -3.1561203476375037, "log10_lambda": 0.7495242999456337, "log10_min_child_weight": 2.136502585906077, "log10_subsample": -0.8875217761359885, "max_depth": 3.0, "num_boost_round": 33.0}, "datetime": {"datetime": "2024-01-19 02:04:01", "elapsed": 6739.021506, "delta": 0.005605}}
{"target": -17.676509899933013, "params": {"gamma": 614.4815471440724, "log10_alpha": -0.025830547707501594, "log10_colsample_bytree": -0.3967292330800224, "log10_eta": -3.1561203476375037, "log10_lambda": 0.7495242999456337, "log10_min_child_weight": 2.136502585906077, "log10_subsample": -0.8875217761359885, "max_depth": 3.0, "num_boost_round": 34.0}, "datetime": {"datetime": "2024-01-19 02:04:01", "elapsed": 6739.027142, "delta": 0.005636}}
