{"target": -17.677209545942, "params": {"gamma": 395.21454811964776, "log10_alpha": -1.1146324036430508, "log10_colsample_bytree": -0.8391203881417248, "log10_eta": -3.411834024152697, "log10_lambda": -0.7745084318073694, "log10_min_child_weight": 1.6495695983455605, "log10_subsample": -0.5597044708674362, "max_depth": 9.0, "num_boost_round": 0.0}, "datetime": {"datetime": "2024-01-19 02:13:00", "elapsed": 7270.550096, "delta": 106.65569}}
{"target": -17.67720827593374, "params": {"gamma": 395.21454811964776, "log10_alpha": -1.1146324036430508, "log10_colsample_bytree": -0.8391203881417248, "log10_eta": -3.411834024152697, "log10_lambda": -0.7745084318073694, "log10_min_child_weight": 1.6495695983455605, "log10_subsample": -0.5597044708674362, "max_depth": 9.0, "num_boost_round": 1.0}, "datetime": {"datetime": "2024-01-19 02:13:00", "elapsed": 7270.558487, "delta": 0.008391}}
{"target": -17.67717785498072, "params": {"gamma": 395.21454811964776, "log10_alpha": -1.1146324036430508, "log10_colsample_bytree": -0.8391203881417248, "log10_eta": -3.411834024152697, "log10_lambda": -0.7745084318073694, "log10_min_child_weight": 1.6495695983455605, "log10_subsample": -0.5597044708674362, "max_depth": 9.0, "num_boost_round": 2.0}, "datetime": {"datetime": "2024-01-19 02:13:00", "elapsed": 7270.688801, "delta": 0.130314}}
{"target": -17.67719286711279, "params": {"gamma": 395.21454811964776, "log10_alpha": -1.1146324036430508, "log10_colsample_bytree": -0.8391203881417248, "log10_eta": -3.411834024152697, "log10_lambda": -0.7745084318073694, "log10_min_child_weight": 1.6495695983455605, "log10_subsample": -0.5597044708674362, "max_depth": 9.0, "num_boost_round": 3.0}, "datetime": {"datetime": "2024-01-19 02:13:00", "elapsed": 7270.697893, "delta": 0.009092}}
{"target": -17.67715028890742, "params": {"gamma": 395.21454811964776, "log10_alpha": -1.1146324036430508, "log10_colsample_bytree": -0.8391203881417248, "log10_eta": -3.411834024152697, "log10_lambda": -0.7745084318073694, "log10_min_child_weight": 1.6495695983455605, "log10_subsample": -0.5597044708674362, "max_depth": 9.0, "num_boost_round": 4.0}, "datetime": {"datetime": "2024-01-19 02:13:00", "elapsed": 7270.70577, "delta": 0.007877}}
{"target": -17.677146092639273, "params": {"gamma": 395.21454811964776, "log10_alpha": -1.1146324036430508, "log10_colsample_bytree": -0.8391203881417248, "log10_eta": -3.411834024152697, "log10_lambda": -0.7745084318073694, "log10_min_child_weight": 1.6495695983455605, "log10_subsample": -0.5597044708674362, "max_depth": 9.0, "num_boost_round": 5.0}, "datetime": {"datetime": "2024-01-19 02:13:00", "elapsed": 7270.713365, "delta": 0.007595}}
{"target": -17.677156908229477, "params": {"gamma": 395.21454811964776, "log10_alpha": -1.1146324036430508, "log10_colsample_bytree": -0.8391203881417248, "log10_eta": -3.411834024152697, "log10_lambda": -0.7745084318073694, "log10_min_child_weight": 1.6495695983455605, "log10_subsample": -0.5597044708674362, "max_depth": 9.0, "num_boost_round": 6.0}, "datetime": {"datetime": "2024-01-19 02:13:00", "elapsed": 7270.720849, "delta": 0.007484}}
{"target": -17.67712678649067, "params": {"gamma": 395.21454811964776, "log10_alpha": -1.1146324036430508, "log10_colsample_bytree": -0.8391203881417248, "log10_eta": -3.411834024152697, "log10_lambda": -0.7745084318073694, "log10_min_child_weight": 1.6495695983455605, "log10_subsample": -0.5597044708674362, "max_depth": 9.0, "num_boost_round": 7.0}, "datetime": {"datetime": "2024-01-19 02:13:00", "elapsed": 7270.728401, "delta": 0.007552}}
{"target": -17.67711550315597, "params": {"gamma": 395.21454811964776, "log10_alpha": -1.1146324036430508, "log10_colsample_bytree": -0.8391203881417248, "log10_eta": -3.411834024152697, "log10_lambda": -0.7745084318073694, "log10_min_child_weight": 1.6495695983455605, "log10_subsample": -0.5597044708674362, "max_depth": 9.0, "num_boost_round": 8.0}, "datetime": {"datetime": "2024-01-19 02:13:00", "elapsed": 7270.735865, "delta": 0.007464}}
{"target": -17.677124611974993, "params": {"gamma": 395.21454811964776, "log10_alpha": -1.1146324036430508, "log10_colsample_bytree": -0.8391203881417248, "log10_eta": -3.411834024152697, "log10_lambda": -0.7745084318073694, "log10_min_child_weight": 1.6495695983455605, "log10_subsample": -0.5597044708674362, "max_depth": 9.0, "num_boost_round": 9.0}, "datetime": {"datetime": "2024-01-19 02:13:00", "elapsed": 7270.743493, "delta": 0.007628}}
{"target": -17.677081923651787, "params": {"gamma": 395.21454811964776, "log10_alpha": -1.1146324036430508, "log10_colsample_bytree": -0.8391203881417248, "log10_eta": -3.411834024152697, "log10_lambda": -0.7745084318073694, "log10_min_child_weight": 1.6495695983455605, "log10_subsample": -0.5597044708674362, "max_depth": 9.0, "num_boost_round": 10.0}, "datetime": {"datetime": "2024-01-19 02:13:00", "elapsed": 7270.751142, "delta": 0.007649}}
{"target": -17.677072530226123, "params": {"gamma": 395.21454811964776, "log10_alpha": -1.1146324036430508, "log10_colsample_bytree": -0.8391203881417248, "log10_eta": -3.411834024152697, "log10_lambda": -0.7745084318073694, "log10_min_child_weight": 1.6495695983455605, "log10_subsample": -0.5597044708674362, "max_depth": 9.0, "num_boost_round": 11.0}, "datetime": {"datetime": "2024-01-19 02:13:00", "elapsed": 7270.758667, "delta": 0.007525}}
{"target": -17.677048735129407, "params": {"gamma": 395.21454811964776, "log10_alpha": -1.1146324036430508, "log10_colsample_bytree": -0.8391203881417248, "log10_eta": -3.411834024152697, "log10_lambda": -0.7745084318073694, "log10_min_child_weight": 1.6495695983455605, "log10_subsample": -0.5597044708674362, "max_depth": 9.0, "num_boost_round": 12.0}, "datetime": {"datetime": "2024-01-19 02:13:00", "elapsed": 7270.766081, "delta": 0.007414}}
{"target": -17.677013311667878, "params": {"gamma": 395.21454811964776, "log10_alpha": -1.1146324036430508, "log10_colsample_bytree": -0.8391203881417248, "log10_eta": -3.411834024152697, "log10_lambda": -0.7745084318073694, "log10_min_child_weight": 1.6495695983455605, "log10_subsample": -0.5597044708674362, "max_depth": 9.0, "num_boost_round": 13.0}, "datetime": {"datetime": "2024-01-19 02:13:00", "elapsed": 7270.773553, "delta": 0.007472}}
{"target": -17.676993221428006, "params": {"gamma": 395.21454811964776, "log10_alpha": -1.1146324036430508, "log10_colsample_bytree": -0.8391203881417248, "log10_eta": -3.411834024152697, "log10_lambda": -0.7745084318073694, "log10_min_child_weight": 1.6495695983455605, "log10_subsample": -0.5597044708674362, "max_depth": 9.0, "num_boost_round": 14.0}, "datetime": {"datetime": "2024-01-19 02:13:00", "elapsed": 7270.781095, "delta": 0.007542}}
{"target": -17.676965076242094, "params": {"gamma": 395.21454811964776, "log10_alpha": -1.1146324036430508, "log10_colsample_bytree": -0.8391203881417248, "log10_eta": -3.411834024152697, "log10_lambda": -0.7745084318073694, "log10_min_child_weight": 1.6495695983455605, "log10_subsample": -0.5597044708674362, "max_depth": 9.0, "num_boost_round": 15.0}, "datetime": {"datetime": "2024-01-19 02:13:00", "elapsed": 7270.7886, "delta": 0.007505}}
{"target": -17.676961581246072, "params": {"gamma": 395.21454811964776, "log10_alpha": -1.1146324036430508, "log10_colsample_bytree": -0.8391203881417248, "log10_eta": -3.411834024152697, "log10_lambda": -0.7745084318073694, "log10_min_child_weight": 1.6495695983455605, "log10_subsample": -0.5597044708674362, "max_depth": 9.0, "num_boost_round": 16.0}, "datetime": {"datetime": "2024-01-19 02:13:00", "elapsed": 7270.795957, "delta": 0.007357}}
{"target": -17.67694271776009, "params": {"gamma": 395.21454811964776, "log10_alpha": -1.1146324036430508, "log10_colsample_bytree": -0.8391203881417248, "log10_eta": -3.411834024152697, "log10_lambda": -0.7745084318073694, "log10_min_child_weight": 1.6495695983455605, "log10_subsample": -0.5597044708674362, "max_depth": 9.0, "num_boost_round": 17.0}, "datetime": {"datetime": "2024-01-19 02:13:01", "elapsed": 7270.803707, "delta": 0.00775}}
{"target": -17.676939815640143, "params": {"gamma": 395.21454811964776, "log10_alpha": -1.1146324036430508, "log10_colsample_bytree": -0.8391203881417248, "log10_eta": -3.411834024152697, "log10_lambda": -0.7745084318073694, "log10_min_child_weight": 1.6495695983455605, "log10_subsample": -0.5597044708674362, "max_depth": 9.0, "num_boost_round": 18.0}, "datetime": {"datetime": "2024-01-19 02:13:01", "elapsed": 7270.811257, "delta": 0.00755}}
{"target": -17.676920935895456, "params": {"gamma": 395.21454811964776, "log10_alpha": -1.1146324036430508, "log10_colsample_bytree": -0.8391203881417248, "log10_eta": -3.411834024152697, "log10_lambda": -0.7745084318073694, "log10_min_child_weight": 1.6495695983455605, "log10_subsample": -0.5597044708674362, "max_depth": 9.0, "num_boost_round": 19.0}, "datetime": {"datetime": "2024-01-19 02:13:01", "elapsed": 7270.923104, "delta": 0.111847}}
{"target": -17.67689708093666, "params": {"gamma": 395.21454811964776, "log10_alpha": -1.1146324036430508, "log10_colsample_bytree": -0.8391203881417248, "log10_eta": -3.411834024152697, "log10_lambda": -0.7745084318073694, "log10_min_child_weight": 1.6495695983455605, "log10_subsample": -0.5597044708674362, "max_depth": 9.0, "num_boost_round": 20.0}, "datetime": {"datetime": "2024-01-19 02:13:01", "elapsed": 7270.932543, "delta": 0.009439}}
{"target": -17.67686113059551, "params": {"gamma": 395.21454811964776, "log10_alpha": -1.1146324036430508, "log10_colsample_bytree": -0.8391203881417248, "log10_eta": -3.411834024152697, "log10_lambda": -0.7745084318073694, "log10_min_child_weight": 1.6495695983455605, "log10_subsample": -0.5597044708674362, "max_depth": 9.0, "num_boost_round": 21.0}, "datetime": {"datetime": "2024-01-19 02:13:01", "elapsed": 7270.9407, "delta": 0.008157}}
{"target": -17.676845103663535, "params": {"gamma": 395.21454811964776, "log10_alpha": -1.1146324036430508, "log10_colsample_bytree": -0.8391203881417248, "log10_eta": -3.411834024152697, "log10_lambda": -0.7745084318073694, "log10_min_child_weight": 1.6495695983455605, "log10_subsample": -0.5597044708674362, "max_depth": 9.0, "num_boost_round": 22.0}, "datetime": {"datetime": "2024-01-19 02:13:01", "elapsed": 7270.948462, "delta": 0.007762}}
{"target": -17.676816454580564, "params": {"gamma": 395.21454811964776, "log10_alpha": -1.1146324036430508, "log10_colsample_bytree": -0.8391203881417248, "log10_eta": -3.411834024152697, "log10_lambda": -0.7745084318073694, "log10_min_child_weight": 1.6495695983455605, "log10_subsample": -0.5597044708674362, "max_depth": 9.0, "num_boost_round": 23.0}, "datetime": {"datetime": "2024-01-19 02:13:01", "elapsed": 7270.956235, "delta": 0.007773}}
{"target": -17.676825229483487, "params": {"gamma": 395.21454811964776, "log10_alpha": -1.1146324036430508, "log10_colsample_bytree": -0.8391203881417248, "log10_eta": -3.411834024152697, "log10_lambda": -0.7745084318073694, "log10_min_child_weight": 1.6495695983455605, "log10_subsample": -0.5597044708674362, "max_depth": 9.0, "num_boost_round": 24.0}, "datetime": {"datetime": "2024-01-19 02:13:01", "elapsed": 7270.963966, "delta": 0.007731}}
{"target": -17.676792231481254, "params": {"gamma": 395.21454811964776, "log10_alpha": -1.1146324036430508, "log10_colsample_bytree": -0.8391203881417248, "log10_eta": -3.411834024152697, "log10_lambda": -0.7745084318073694, "log10_min_child_weight": 1.6495695983455605, "log10_subsample": -0.5597044708674362, "max_depth": 9.0, "num_boost_round": 25.0}, "datetime": {"datetime": "2024-01-19 02:13:01", "elapsed": 7270.971673, "delta": 0.007707}}
{"target": -17.67678378718725, "params": {"gamma": 395.21454811964776, "log10_alpha": -1.1146324036430508, "log10_colsample_bytree": -0.8391203881417248, "log10_eta": -3.411834024152697, "log10_lambda": -0.7745084318073694, "log10_min_child_weight": 1.6495695983455605, "log10_subsample": -0.5597044708674362, "max_depth": 9.0, "num_boost_round": 26.0}, "datetime": {"datetime": "2024-01-19 02:13:01", "elapsed": 7270.979412, "delta": 0.007739}}
{"target": -17.676769083060606, "params": {"gamma": 395.21454811964776, "log10_alpha": -1.1146324036430508, "log10_colsample_bytree": -0.8391203881417248, "log10_eta": -3.411834024152697, "log10_lambda": -0.7745084318073694, "log10_min_child_weight": 1.6495695983455605, "log10_subsample": -0.5597044708674362, "max_depth": 9.0, "num_boost_round": 27.0}, "datetime": {"datetime": "2024-01-19 02:13:01", "elapsed": 7270.987685, "delta": 0.008273}}
{"target": -17.676748183538166, "params": {"gamma": 395.21454811964776, "log10_alpha": -1.1146324036430508, "log10_colsample_bytree": -0.8391203881417248, "log10_eta": -3.411834024152697, "log10_lambda": -0.7745084318073694, "log10_min_child_weight": 1.6495695983455605, "log10_subsample": -0.5597044708674362, "max_depth": 9.0, "num_boost_round": 28.0}, "datetime": {"datetime": "2024-01-19 02:13:01", "elapsed": 7270.995584, "delta": 0.007899}}
{"target": -17.67671364069622, "params": {"gamma": 395.21454811964776, "log10_alpha": -1.1146324036430508, "log10_colsample_bytree": -0.8391203881417248, "log10_eta": -3.411834024152697, "log10_lambda": -0.7745084318073694, "log10_min_child_weight": 1.6495695983455605, "log10_subsample": -0.5597044708674362, "max_depth": 9.0, "num_boost_round": 29.0}, "datetime": {"datetime": "2024-01-19 02:13:01", "elapsed": 7271.003547, "delta": 0.007963}}
{"target": -17.676711184381112, "params": {"gamma": 395.21454811964776, "log10_alpha": -1.1146324036430508, "log10_colsample_bytree": -0.8391203881417248, "log10_eta": -3.411834024152697, "log10_lambda": -0.7745084318073694, "log10_min_child_weight": 1.6495695983455605, "log10_subsample": -0.5597044708674362, "max_depth": 9.0, "num_boost_round": 30.0}, "datetime": {"datetime": "2024-01-19 02:13:01", "elapsed": 7271.011459, "delta": 0.007912}}
{"target": -17.676681783272773, "params": {"gamma": 395.21454811964776, "log10_alpha": -1.1146324036430508, "log10_colsample_bytree": -0.8391203881417248, "log10_eta": -3.411834024152697, "log10_lambda": -0.7745084318073694, "log10_min_child_weight": 1.6495695983455605, "log10_subsample": -0.5597044708674362, "max_depth": 9.0, "num_boost_round": 31.0}, "datetime": {"datetime": "2024-01-19 02:13:01", "elapsed": 7271.019079, "delta": 0.00762}}
{"target": -17.676641227504387, "params": {"gamma": 395.21454811964776, "log10_alpha": -1.1146324036430508, "log10_colsample_bytree": -0.8391203881417248, "log10_eta": -3.411834024152697, "log10_lambda": -0.7745084318073694, "log10_min_child_weight": 1.6495695983455605, "log10_subsample": -0.5597044708674362, "max_depth": 9.0, "num_boost_round": 32.0}, "datetime": {"datetime": "2024-01-19 02:13:01", "elapsed": 7271.026825, "delta": 0.007746}}
{"target": -17.67722202237285, "params": {"gamma": 399.2758610623861, "log10_alpha": -4.4181028462593686, "log10_colsample_bytree": -0.23505425708390648, "log10_eta": -3.6381644246774663, "log10_lambda": -1.1762720303051912, "log10_min_child_weight": 0.07455319448543996, "log10_subsample": -0.6348559585518431, "max_depth": 5.0, "num_boost_round": 0.0}, "datetime": {"datetime": "2024-01-19 02:14:42", "elapsed": 7371.853888, "delta": 100.827063}}
{"target": -17.677207706534983, "params": {"gamma": 399.2758610623861, "log10_alpha": -4.4181028462593686, "log10_colsample_bytree": -0.23505425708390648, "log10_eta": -3.6381644246774663, "log10_lambda": -1.1762720303051912, "log10_min_child_weight": 0.07455319448543996, "log10_subsample": -0.6348559585518431, "max_depth": 5.0, "num_boost_round": 1.0}, "datetime": {"datetime": "2024-01-19 02:14:42", "elapsed": 7371.861201, "delta": 0.007313}}
{"target": -17.677199005008504, "params": {"gamma": 399.2758610623861, "log10_alpha": -4.4181028462593686, "log10_colsample_bytree": -0.23505425708390648, "log10_eta": -3.6381644246774663, "log10_lambda": -1.1762720303051912, "log10_min_child_weight": 0.07455319448543996, "log10_subsample": -0.6348559585518431, "max_depth": 5.0, "num_boost_round": 2.0}, "datetime": {"datetime": "2024-01-19 02:14:42", "elapsed": 7371.868071, "delta": 0.00687}}
{"target": -17.677198589208576, "params": {"gamma": 399.2758610623861, "log10_alpha": -4.4181028462593686, "log10_colsample_bytree": -0.23505425708390648, "log10_eta": -3.6381644246774663, "log10_lambda": -1.1762720303051912, "log10_min_child_weight": 0.07455319448543996, "log10_subsample": -0.6348559585518431, "max_depth": 5.0, "num_boost_round": 3.0}, "datetime": {"datetime": "2024-01-19 02:14:42", "elapsed": 7371.874876, "delta": 0.006805}}
{"target": -17.67718091546105, "params": {"gamma": 399.2758610623861, "log10_alpha": -4.4181028462593686, "log10_colsample_bytree": -0.23505425708390648, "log10_eta": -3.6381644246774663, "log10_lambda": -1.1762720303051912, "log10_min_child_weight": 0.07455319448543996, "log10_subsample": -0.6348559585518431, "max_depth": 5.0, "num_boost_round": 4.0}, "datetime": {"datetime": "2024-01-19 02:14:42", "elapsed": 7371.881701, "delta": 0.006825}}
{"target": -17.677163555157566, "params": {"gamma": 399.2758610623861, "log10_alpha": -4.4181028462593686, "log10_colsample_bytree": -0.23505425708390648, "log10_eta": -3.6381644246774663, "log10_lambda": -1.1762720303051912, "log10_min_child_weight": 0.07455319448543996, "log10_subsample": -0.6348559585518431, "max_depth": 5.0, "num_boost_round": 5.0}, "datetime": {"datetime": "2024-01-19 02:14:42", "elapsed": 7371.888511, "delta": 0.00681}}
{"target": -17.677152771475, "params": {"gamma": 399.2758610623861, "log10_alpha": -4.4181028462593686, "log10_colsample_bytree": -0.23505425708390648, "log10_eta": -3.6381644246774663, "log10_lambda": -1.1762720303051912, "log10_min_child_weight": 0.07455319448543996, "log10_subsample": -0.6348559585518431, "max_depth": 5.0, "num_boost_round": 6.0}, "datetime": {"datetime": "2024-01-19 02:14:42", "elapsed": 7371.895242, "delta": 0.006731}}
{"target": -17.677142847977162, "params": {"gamma": 399.2758610623861, "log10_alpha": -4.4181028462593686, "log10_colsample_bytree": -0.23505425708390648, "log10_eta": -3.6381644246774663, "log10_lambda": -1.1762720303051912, "log10_min_child_weight": 0.07455319448543996, "log10_subsample": -0.6348559585518431, "max_depth": 5.0, "num_boost_round": 7.0}, "datetime": {"datetime": "2024-01-19 02:14:42", "elapsed": 7371.901911, "delta": 0.006669}}
{"target": -17.677143135904146, "params": {"gamma": 399.2758610623861, "log10_alpha": -4.4181028462593686, "log10_colsample_bytree": -0.23505425708390648, "log10_eta": -3.6381644246774663, "log10_lambda": -1.1762720303051912, "log10_min_child_weight": 0.07455319448543996, "log10_subsample": -0.6348559585518431, "max_depth": 5.0, "num_boost_round": 8.0}, "datetime": {"datetime": "2024-01-19 02:14:42", "elapsed": 7371.909265, "delta": 0.007354}}
{"target": -17.677138216316465, "params": {"gamma": 399.2758610623861, "log10_alpha": -4.4181028462593686, "log10_colsample_bytree": -0.23505425708390648, "log10_eta": -3.6381644246774663, "log10_lambda": -1.1762720303051912, "log10_min_child_weight": 0.07455319448543996, "log10_subsample": -0.6348559585518431, "max_depth": 5.0, "num_boost_round": 9.0}, "datetime": {"datetime": "2024-01-19 02:14:42", "elapsed": 7371.916059, "delta": 0.006794}}
{"target": -17.677113227060886, "params": {"gamma": 399.2758610623861, "log10_alpha": -4.4181028462593686, "log10_colsample_bytree": -0.23505425708390648, "log10_eta": -3.6381644246774663, "log10_lambda": -1.1762720303051912, "log10_min_child_weight": 0.07455319448543996, "log10_subsample": -0.6348559585518431, "max_depth": 5.0, "num_boost_round": 10.0}, "datetime": {"datetime": "2024-01-19 02:14:42", "elapsed": 7371.922641, "delta": 0.006582}}
{"target": -17.677103338804454, "params": {"gamma": 399.2758610623861, "log10_alpha": -4.4181028462593686, "log10_colsample_bytree": -0.23505425708390648, "log10_eta": -3.6381644246774663, "log10_lambda": -1.1762720303051912, "log10_min_child_weight": 0.07455319448543996, "log10_subsample": -0.6348559585518431, "max_depth": 5.0, "num_boost_round": 11.0}, "datetime": {"datetime": "2024-01-19 02:14:42", "elapsed": 7371.929282, "delta": 0.006641}}
{"target": -17.67708370166347, "params": {"gamma": 399.2758610623861, "log10_alpha": -4.4181028462593686, "log10_colsample_bytree": -0.23505425708390648, "log10_eta": -3.6381644246774663, "log10_lambda": -1.1762720303051912, "log10_min_child_weight": 0.07455319448543996, "log10_subsample": -0.6348559585518431, "max_depth": 5.0, "num_boost_round": 12.0}, "datetime": {"datetime": "2024-01-19 02:14:42", "elapsed": 7371.935986, "delta": 0.006704}}
{"target": -17.677076431030642, "params": {"gamma": 399.2758610623861, "log10_alpha": -4.4181028462593686, "log10_colsample_bytree": -0.23505425708390648, "log10_eta": -3.6381644246774663, "log10_lambda": -1.1762720303051912, "log10_min_child_weight": 0.07455319448543996, "log10_subsample": -0.6348559585518431, "max_depth": 5.0, "num_boost_round": 13.0}, "datetime": {"datetime": "2024-01-19 02:14:42", "elapsed": 7371.942702, "delta": 0.006716}}
{"target": -17.67706951549926, "params": {"gamma": 399.2758610623861, "log10_alpha": -4.4181028462593686, "log10_colsample_bytree": -0.23505425708390648, "log10_eta": -3.6381644246774663, "log10_lambda": -1.1762720303051912, "log10_min_child_weight": 0.07455319448543996, "log10_subsample": -0.6348559585518431, "max_depth": 5.0, "num_boost_round": 14.0}, "datetime": {"datetime": "2024-01-19 02:14:42", "elapsed": 7371.949379, "delta": 0.006677}}
{"target": -17.677058439597673, "params": {"gamma": 399.2758610623861, "log10_alpha": -4.4181028462593686, "log10_colsample_bytree": -0.23505425708390648, "log10_eta": -3.6381644246774663, "log10_lambda": -1.1762720303051912, "log10_min_child_weight": 0.07455319448543996, "log10_subsample": -0.6348559585518431, "max_depth": 5.0, "num_boost_round": 15.0}, "datetime": {"datetime": "2024-01-19 02:14:42", "elapsed": 7371.95602, "delta": 0.006641}}
