{"target": -13.758012220938383, "params": {"gamma": 882.0160440040538, "log10_alpha": -2.024067002039885, "log10_colsample_bytree": -0.3783309567714961, "log10_eta": -1.819372166898019, "log10_lambda": 0.3448395318335038, "log10_min_child_weight": 1.5840933094945338, "log10_subsample": -0.011377046284622105, "max_depth": 4.0, "num_boost_round": 10.0}, "datetime": {"datetime": "2024-01-19 01:03:15", "elapsed": 3099.82877, "delta": 0.003742}}
{"target": -13.757908282645564, "params": {"gamma": 882.0160440040538, "log10_alpha": -2.024067002039885, "log10_colsample_bytree": -0.3783309567714961, "log10_eta": -1.819372166898019, "log10_lambda": 0.3448395318335038, "log10_min_child_weight": 1.5840933094945338, "log10_subsample": -0.011377046284622105, "max_depth": 4.0, "num_boost_round": 11.0}, "datetime": {"datetime": "2024-01-19 01:03:15", "elapsed": 3099.832722, "delta": 0.003952}}
{"target": -13.758230605728265, "params": {"gamma": 882.0160440040538, "log10_alpha": -2.024067002039885, "log10_colsample_bytree": -0.3783309567714961, "log10_eta": -1.819372166898019, "log10_lambda": 0.3448395318335038, "log10_min_child_weight": 1.5840933094945338, "log10_subsample": -0.011377046284622105, "max_depth": 4.0, "num_boost_round": 12.0}, "datetime": {"datetime": "2024-01-19 01:03:15", "elapsed": 3099.836657, "delta": 0.003935}}
{"target": -13.758676648914392, "params": {"gamma": 882.0160440040538, "log10_alpha": -2.024067002039885, "log10_colsample_bytree": -0.3783309567714961, "log10_eta": -1.819372166898019, "log10_lambda": 0.3448395318335038, "log10_min_child_weight": 1.5840933094945338, "log10_subsample": -0.011377046284622105, "max_depth": 4.0, "num_boost_round": 13.0}, "datetime": {"datetime": "2024-01-19 01:03:15", "elapsed": 3099.840542, "delta": 0.003885}}
{"target": -13.758709280618948, "params": {"gamma": 882.0160440040538, "log10_alpha": -2.024067002039885, "log10_colsample_bytree": -0.3783309567714961, "log10_eta": -1.819372166898019, "log10_lambda": 0.3448395318335038, "log10_min_child_weight": 1.5840933094945338, "log10_subsample": -0.011377046284622105, "max_depth": 4.0, "num_boost_round": 14.0}, "datetime": {"datetime": "2024-01-19 01:03:15", "elapsed": 3099.84428, "delta": 0.003738}}
{"target": -13.758292771999143, "params": {"gamma": 882.0160440040538, "log10_alpha": -2.024067002039885, "log10_colsample_bytree": -0.3783309567714961, "log10_eta": -1.819372166898019, "log10_lambda": 0.3448395318335038, "log10_min_child_weight": 1.5840933094945338, "log10_subsample": -0.011377046284622105, "max_depth": 4.0, "num_boost_round": 15.0}, "datetime": {"datetime": "2024-01-19 01:03:15", "elapsed": 3099.848029, "delta": 0.003749}}
{"target": -13.75803821244857, "params": {"gamma": 882.0160440040538, "log10_alpha": -2.024067002039885, "log10_colsample_bytree": -0.3783309567714961, "log10_eta": -1.819372166898019, "log10_lambda": 0.3448395318335038, "log10_min_child_weight": 1.5840933094945338, "log10_subsample": -0.011377046284622105, "max_depth": 4.0, "num_boost_round": 16.0}, "datetime": {"datetime": "2024-01-19 01:03:15", "elapsed": 3099.85198, "delta": 0.003951}}
{"target": -13.758042064762527, "params": {"gamma": 882.0160440040538, "log10_alpha": -2.024067002039885, "log10_colsample_bytree": -0.3783309567714961, "log10_eta": -1.819372166898019, "log10_lambda": 0.3448395318335038, "log10_min_child_weight": 1.5840933094945338, "log10_subsample": -0.011377046284622105, "max_depth": 4.0, "num_boost_round": 17.0}, "datetime": {"datetime": "2024-01-19 01:03:15", "elapsed": 3099.859421, "delta": 0.007441}}
{"target": -13.758056133399396, "params": {"gamma": 882.0160440040538, "log10_alpha": -2.024067002039885, "log10_colsample_bytree": -0.3783309567714961, "log10_eta": -1.819372166898019, "log10_lambda": 0.3448395318335038, "log10_min_child_weight": 1.5840933094945338, "log10_subsample": -0.011377046284622105, "max_depth": 4.0, "num_boost_round": 18.0}, "datetime": {"datetime": "2024-01-19 01:03:15", "elapsed": 3099.863245, "delta": 0.003824}}
{"target": -13.758126876527571, "params": {"gamma": 882.0160440040538, "log10_alpha": -2.024067002039885, "log10_colsample_bytree": -0.3783309567714961, "log10_eta": -1.819372166898019, "log10_lambda": 0.3448395318335038, "log10_min_child_weight": 1.5840933094945338, "log10_subsample": -0.011377046284622105, "max_depth": 4.0, "num_boost_round": 19.0}, "datetime": {"datetime": "2024-01-19 01:03:15", "elapsed": 3099.867052, "delta": 0.003807}}
{"target": -13.757965300571884, "params": {"gamma": 882.0160440040538, "log10_alpha": -2.024067002039885, "log10_colsample_bytree": -0.3783309567714961, "log10_eta": -1.819372166898019, "log10_lambda": 0.3448395318335038, "log10_min_child_weight": 1.5840933094945338, "log10_subsample": -0.011377046284622105, "max_depth": 4.0, "num_boost_round": 20.0}, "datetime": {"datetime": "2024-01-19 01:03:15", "elapsed": 3099.870873, "delta": 0.003821}}
{"target": -13.758686163758638, "params": {"gamma": 882.0160440040538, "log10_alpha": -2.024067002039885, "log10_colsample_bytree": -0.3783309567714961, "log10_eta": -1.819372166898019, "log10_lambda": 0.3448395318335038, "log10_min_child_weight": 1.5840933094945338, "log10_subsample": -0.011377046284622105, "max_depth": 4.0, "num_boost_round": 21.0}, "datetime": {"datetime": "2024-01-19 01:03:15", "elapsed": 3099.874748, "delta": 0.003875}}
{"target": -13.759072481423084, "params": {"gamma": 882.0160440040538, "log10_alpha": -2.024067002039885, "log10_colsample_bytree": -0.3783309567714961, "log10_eta": -1.819372166898019, "log10_lambda": 0.3448395318335038, "log10_min_child_weight": 1.5840933094945338, "log10_subsample": -0.011377046284622105, "max_depth": 4.0, "num_boost_round": 22.0}, "datetime": {"datetime": "2024-01-19 01:03:15", "elapsed": 3099.878513, "delta": 0.003765}}
{"target": -13.759015323613992, "params": {"gamma": 882.0160440040538, "log10_alpha": -2.024067002039885, "log10_colsample_bytree": -0.3783309567714961, "log10_eta": -1.819372166898019, "log10_lambda": 0.3448395318335038, "log10_min_child_weight": 1.5840933094945338, "log10_subsample": -0.011377046284622105, "max_depth": 4.0, "num_boost_round": 23.0}, "datetime": {"datetime": "2024-01-19 01:03:15", "elapsed": 3099.882325, "delta": 0.003812}}
{"target": -13.758961351844976, "params": {"gamma": 882.0160440040538, "log10_alpha": -2.024067002039885, "log10_colsample_bytree": -0.3783309567714961, "log10_eta": -1.819372166898019, "log10_lambda": 0.3448395318335038, "log10_min_child_weight": 1.5840933094945338, "log10_subsample": -0.011377046284622105, "max_depth": 4.0, "num_boost_round": 24.0}, "datetime": {"datetime": "2024-01-19 01:03:15", "elapsed": 3099.886197, "delta": 0.003872}}
{"target": -13.758904131172791, "params": {"gamma": 882.0160440040538, "log10_alpha": -2.024067002039885, "log10_colsample_bytree": -0.3783309567714961, "log10_eta": -1.819372166898019, "log10_lambda": 0.3448395318335038, "log10_min_child_weight": 1.5840933094945338, "log10_subsample": -0.011377046284622105, "max_depth": 4.0, "num_boost_round": 25.0}, "datetime": {"datetime": "2024-01-19 01:03:15", "elapsed": 3099.889974, "delta": 0.003777}}
{"target": -13.759278382907915, "params": {"gamma": 882.0160440040538, "log10_alpha": -2.024067002039885, "log10_colsample_bytree": -0.3783309567714961, "log10_eta": -1.819372166898019, "log10_lambda": 0.3448395318335038, "log10_min_child_weight": 1.5840933094945338, "log10_subsample": -0.011377046284622105, "max_depth": 4.0, "num_boost_round": 26.0}, "datetime": {"datetime": "2024-01-19 01:03:15", "elapsed": 3099.89387, "delta": 0.003896}}
{"target": -13.758533933591082, "params": {"gamma": 876.5346459269896, "log10_alpha": -1.412796986565814, "log10_colsample_bytree": -0.9193765921144316, "log10_eta": -3.6316932072469115, "log10_lambda": -3.249149386594285, "log10_min_child_weight": 1.5111927871650255, "log10_subsample": -0.43465547439673824, "max_depth": 5.0, "num_boost_round": 0.0}, "datetime": {"datetime": "2024-01-19 01:04:07", "elapsed": 3151.316752, "delta": 51.422882}}
{"target": -13.758530134202179, "params": {"gamma": 876.5346459269896, "log10_alpha": -1.412796986565814, "log10_colsample_bytree": -0.9193765921144316, "log10_eta": -3.6316932072469115, "log10_lambda": -3.249149386594285, "log10_min_child_weight": 1.5111927871650255, "log10_subsample": -0.43465547439673824, "max_depth": 5.0, "num_boost_round": 1.0}, "datetime": {"datetime": "2024-01-19 01:04:07", "elapsed": 3151.320905, "delta": 0.004153}}
{"target": -13.758529505676067, "params": {"gamma": 876.5346459269896, "log10_alpha": -1.412796986565814, "log10_colsample_bytree": -0.9193765921144316, "log10_eta": -3.6316932072469115, "log10_lambda": -3.249149386594285, "log10_min_child_weight": 1.5111927871650255, "log10_subsample": -0.43465547439673824, "max_depth": 5.0, "num_boost_round": 2.0}, "datetime": {"datetime": "2024-01-19 01:04:07", "elapsed": 3151.324889, "delta": 0.003984}}
{"target": -13.758528844088154, "params": {"gamma": 876.5346459269896, "log10_alpha": -1.412796986565814, "log10_colsample_bytree": -0.9193765921144316, "log10_eta": -3.6316932072469115, "log10_lambda": -3.249149386594285, "log10_min_child_weight": 1.5111927871650255, "log10_subsample": -0.43465547439673824, "max_depth": 5.0, "num_boost_round": 3.0}, "datetime": {"datetime": "2024-01-19 01:04:07", "elapsed": 3151.328751, "delta": 0.003862}}
{"target": -13.75853179475286, "params": {"gamma": 876.5346459269896, "log10_alpha": -1.412796986565814, "log10_colsample_bytree": -0.9193765921144316, "log10_eta": -3.6316932072469115, "log10_lambda": -3.249149386594285, "log10_min_child_weight": 1.5111927871650255, "log10_subsample": -0.43465547439673824, "max_depth": 5.0, "num_boost_round": 4.0}, "datetime": {"datetime": "2024-01-19 01:04:07", "elapsed": 3151.333005, "delta": 0.004254}}
{"target": -13.758525782880492, "params": {"gamma": 876.5346459269896, "log10_alpha": -1.412796986565814, "log10_colsample_bytree": -0.9193765921144316, "log10_eta": -3.6316932072469115, "log10_lambda": -3.249149386594285, "log10_min_child_weight": 1.5111927871650255, "log10_subsample": -0.43465547439673824, "max_depth": 5.0, "num_boost_round": 5.0}, "datetime": {"datetime": "2024-01-19 01:04:07", "elapsed": 3151.337002, "delta": 0.003997}}
{"target": -13.758531296309187, "params": {"gamma": 876.5346459269896, "log10_alpha": -1.412796986565814, "log10_colsample_bytree": -0.9193765921144316, "log10_eta": -3.6316932072469115, "log10_lambda": -3.249149386594285, "log10_min_child_weight": 1.5111927871650255, "log10_subsample": -0.43465547439673824, "max_depth": 5.0, "num_boost_round": 6.0}, "datetime": {"datetime": "2024-01-19 01:04:07", "elapsed": 3151.340939, "delta": 0.003937}}
{"target": -13.75852556622343, "params": {"gamma": 876.5346459269896, "log10_alpha": -1.412796986565814, "log10_colsample_bytree": -0.9193765921144316, "log10_eta": -3.6316932072469115, "log10_lambda": -3.249149386594285, "log10_min_child_weight": 1.5111927871650255, "log10_subsample": -0.43465547439673824, "max_depth": 5.0, "num_boost_round": 7.0}, "datetime": {"datetime": "2024-01-19 01:04:07", "elapsed": 3151.344728, "delta": 0.003789}}
{"target": -13.758525186259112, "params": {"gamma": 876.5346459269896, "log10_alpha": -1.412796986565814, "log10_colsample_bytree": -0.9193765921144316, "log10_eta": -3.6316932072469115, "log10_lambda": -3.249149386594285, "log10_min_child_weight": 1.5111927871650255, "log10_subsample": -0.43465547439673824, "max_depth": 5.0, "num_boost_round": 8.0}, "datetime": {"datetime": "2024-01-19 01:04:07", "elapsed": 3151.348476, "delta": 0.003748}}
{"target": -13.75852255110433, "params": {"gamma": 876.5346459269896, "log10_alpha": -1.412796986565814, "log10_colsample_bytree": -0.9193765921144316, "log10_eta": -3.6316932072469115, "log10_lambda": -3.249149386594285, "log10_min_child_weight": 1.5111927871650255, "log10_subsample": -0.43465547439673824, "max_depth": 5.0, "num_boost_round": 9.0}, "datetime": {"datetime": "2024-01-19 01:04:07", "elapsed": 3151.352526, "delta": 0.00405}}
{"target": -13.758514900977802, "params": {"gamma": 876.5346459269896, "log10_alpha": -1.412796986565814, "log10_colsample_bytree": -0.9193765921144316, "log10_eta": -3.6316932072469115, "log10_lambda": -3.249149386594285, "log10_min_child_weight": 1.5111927871650255, "log10_subsample": -0.43465547439673824, "max_depth": 5.0, "num_boost_round": 10.0}, "datetime": {"datetime": "2024-01-19 01:04:07", "elapsed": 3151.35639, "delta": 0.003864}}
{"target": -13.758514736142127, "params": {"gamma": 876.5346459269896, "log10_alpha": -1.412796986565814, "log10_colsample_bytree": -0.9193765921144316, "log10_eta": -3.6316932072469115, "log10_lambda": -3.249149386594285, "log10_min_child_weight": 1.5111927871650255, "log10_subsample": -0.43465547439673824, "max_depth": 5.0, "num_boost_round": 11.0}, "datetime": {"datetime": "2024-01-19 01:04:07", "elapsed": 3151.478683, "delta": 0.122293}}
{"target": -13.758514394116805, "params": {"gamma": 876.5346459269896, "log10_alpha": -1.412796986565814, "log10_colsample_bytree": -0.9193765921144316, "log10_eta": -3.6316932072469115, "log10_lambda": -3.249149386594285, "log10_min_child_weight": 1.5111927871650255, "log10_subsample": -0.43465547439673824, "max_depth": 5.0, "num_boost_round": 12.0}, "datetime": {"datetime": "2024-01-19 01:04:07", "elapsed": 3151.483453, "delta": 0.00477}}
{"target": -13.758506960266386, "params": {"gamma": 876.5346459269896, "log10_alpha": -1.412796986565814, "log10_colsample_bytree": -0.9193765921144316, "log10_eta": -3.6316932072469115, "log10_lambda": -3.249149386594285, "log10_min_child_weight": 1.5111927871650255, "log10_subsample": -0.43465547439673824, "max_depth": 5.0, "num_boost_round": 13.0}, "datetime": {"datetime": "2024-01-19 01:04:07", "elapsed": 3151.487707, "delta": 0.004254}}
{"target": -13.758509803512245, "params": {"gamma": 876.5346459269896, "log10_alpha": -1.412796986565814, "log10_colsample_bytree": -0.9193765921144316, "log10_eta": -3.6316932072469115, "log10_lambda": -3.249149386594285, "log10_min_child_weight": 1.5111927871650255, "log10_subsample": -0.43465547439673824, "max_depth": 5.0, "num_boost_round": 14.0}, "datetime": {"datetime": "2024-01-19 01:04:07", "elapsed": 3151.491798, "delta": 0.004091}}
{"target": -13.758503220941225, "params": {"gamma": 876.5346459269896, "log10_alpha": -1.412796986565814, "log10_colsample_bytree": -0.9193765921144316, "log10_eta": -3.6316932072469115, "log10_lambda": -3.249149386594285, "log10_min_child_weight": 1.5111927871650255, "log10_subsample": -0.43465547439673824, "max_depth": 5.0, "num_boost_round": 15.0}, "datetime": {"datetime": "2024-01-19 01:04:07", "elapsed": 3151.49582, "delta": 0.004022}}
{"target": -13.758501088635652, "params": {"gamma": 876.5346459269896, "log10_alpha": -1.412796986565814, "log10_colsample_bytree": -0.9193765921144316, "log10_eta": -3.6316932072469115, "log10_lambda": -3.249149386594285, "log10_min_child_weight": 1.5111927871650255, "log10_subsample": -0.43465547439673824, "max_depth": 5.0, "num_boost_round": 16.0}, "datetime": {"datetime": "2024-01-19 01:04:07", "elapsed": 3151.499786, "delta": 0.003966}}
{"target": -13.758491958441015, "params": {"gamma": 876.5346459269896, "log10_alpha": -1.412796986565814, "log10_colsample_bytree": -0.9193765921144316, "log10_eta": -3.6316932072469115, "log10_lambda": -3.249149386594285, "log10_min_child_weight": 1.5111927871650255, "log10_subsample": -0.43465547439673824, "max_depth": 5.0, "num_boost_round": 17.0}, "datetime": {"datetime": "2024-01-19 01:04:07", "elapsed": 3151.503764, "delta": 0.003978}}
{"target": -13.758486836395488, "params": {"gamma": 876.5346459269896, "log10_alpha": -1.412796986565814, "log10_colsample_bytree": -0.9193765921144316, "log10_eta": -3.6316932072469115, "log10_lambda": -3.249149386594285, "log10_min_child_weight": 1.5111927871650255, "log10_subsample": -0.43465547439673824, "max_depth": 5.0, "num_boost_round": 18.0}, "datetime": {"datetime": "2024-01-19 01:04:07", "elapsed": 3151.507727, "delta": 0.003963}}
{"target": -13.758476670270133, "params": {"gamma": 876.5346459269896, "log10_alpha": -1.412796986565814, "log10_colsample_bytree": -0.9193765921144316, "log10_eta": -3.6316932072469115, "log10_lambda": -3.249149386594285, "log10_min_child_weight": 1.5111927871650255, "log10_subsample": -0.43465547439673824, "max_depth": 5.0, "num_boost_round": 19.0}, "datetime": {"datetime": "2024-01-19 01:04:07", "elapsed": 3151.511759, "delta": 0.004032}}
{"target": -13.75846811631575, "params": {"gamma": 876.5346459269896, "log10_alpha": -1.412796986565814, "log10_colsample_bytree": -0.9193765921144316, "log10_eta": -3.6316932072469115, "log10_lambda": -3.249149386594285, "log10_min_child_weight": 1.5111927871650255, "log10_subsample": -0.43465547439673824, "max_depth": 5.0, "num_boost_round": 20.0}, "datetime": {"datetime": "2024-01-19 01:04:07", "elapsed": 3151.515788, "delta": 0.004029}}
{"target": -13.758458989486043, "params": {"gamma": 876.5346459269896, "log10_alpha": -1.412796986565814, "log10_colsample_bytree": -0.9193765921144316, "log10_eta": -3.6316932072469115, "log10_lambda": -3.249149386594285, "log10_min_child_weight": 1.5111927871650255, "log10_subsample": -0.43465547439673824, "max_depth": 5.0, "num_boost_round": 21.0}, "datetime": {"datetime": "2024-01-19 01:04:07", "elapsed": 3151.51981, "delta": 0.004022}}
{"target": -13.758456078359222, "params": {"gamma": 876.5346459269896, "log10_alpha": -1.412796986565814, "log10_colsample_bytree": -0.9193765921144316, "log10_eta": -3.6316932072469115, "log10_lambda": -3.249149386594285, "log10_min_child_weight": 1.5111927871650255, "log10_subsample": -0.43465547439673824, "max_depth": 5.0, "num_boost_round": 22.0}, "datetime": {"datetime": "2024-01-19 01:04:07", "elapsed": 3151.523964, "delta": 0.004154}}
{"target": -13.758448832346064, "params": {"gamma": 876.5346459269896, "log10_alpha": -1.412796986565814, "log10_colsample_bytree": -0.9193765921144316, "log10_eta": -3.6316932072469115, "log10_lambda": -3.249149386594285, "log10_min_child_weight": 1.5111927871650255, "log10_subsample": -0.43465547439673824, "max_depth": 5.0, "num_boost_round": 23.0}, "datetime": {"datetime": "2024-01-19 01:04:07", "elapsed": 3151.527955, "delta": 0.003991}}
{"target": -13.758448445740688, "params": {"gamma": 876.5346459269896, "log10_alpha": -1.412796986565814, "log10_colsample_bytree": -0.9193765921144316, "log10_eta": -3.6316932072469115, "log10_lambda": -3.249149386594285, "log10_min_child_weight": 1.5111927871650255, "log10_subsample": -0.43465547439673824, "max_depth": 5.0, "num_boost_round": 24.0}, "datetime": {"datetime": "2024-01-19 01:04:07", "elapsed": 3151.531959, "delta": 0.004004}}
{"target": -13.75843794876513, "params": {"gamma": 876.5346459269896, "log10_alpha": -1.412796986565814, "log10_colsample_bytree": -0.9193765921144316, "log10_eta": -3.6316932072469115, "log10_lambda": -3.249149386594285, "log10_min_child_weight": 1.5111927871650255, "log10_subsample": -0.43465547439673824, "max_depth": 5.0, "num_boost_round": 25.0}, "datetime": {"datetime": "2024-01-19 01:04:07", "elapsed": 3151.535981, "delta": 0.004022}}
{"target": -13.758435087708683, "params": {"gamma": 876.5346459269896, "log10_alpha": -1.412796986565814, "log10_colsample_bytree": -0.9193765921144316, "log10_eta": -3.6316932072469115, "log10_lambda": -3.249149386594285, "log10_min_child_weight": 1.5111927871650255, "log10_subsample": -0.43465547439673824, "max_depth": 5.0, "num_boost_round": 26.0}, "datetime": {"datetime": "2024-01-19 01:04:07", "elapsed": 3151.539992, "delta": 0.004011}}
{"target": -13.758430850477948, "params": {"gamma": 876.5346459269896, "log10_alpha": -1.412796986565814, "log10_colsample_bytree": -0.9193765921144316, "log10_eta": -3.6316932072469115, "log10_lambda": -3.249149386594285, "log10_min_child_weight": 1.5111927871650255, "log10_subsample": -0.43465547439673824, "max_depth": 5.0, "num_boost_round": 27.0}, "datetime": {"datetime": "2024-01-19 01:04:07", "elapsed": 3151.544151, "delta": 0.004159}}
{"target": -13.758426834376683, "params": {"gamma": 876.5346459269896, "log10_alpha": -1.412796986565814, "log10_colsample_bytree": -0.9193765921144316, "log10_eta": -3.6316932072469115, "log10_lambda": -3.249149386594285, "log10_min_child_weight": 1.5111927871650255, "log10_subsample": -0.43465547439673824, "max_depth": 5.0, "num_boost_round": 28.0}, "datetime": {"datetime": "2024-01-19 01:04:07", "elapsed": 3151.548168, "delta": 0.004017}}
{"target": -13.758420670075102, "params": {"gamma": 876.5346459269896, "log10_alpha": -1.412796986565814, "log10_colsample_bytree": -0.9193765921144316, "log10_eta": -3.6316932072469115, "log10_lambda": -3.249149386594285, "log10_min_child_weight": 1.5111927871650255, "log10_subsample": -0.43465547439673824, "max_depth": 5.0, "num_boost_round": 29.0}, "datetime": {"datetime": "2024-01-19 01:04:07", "elapsed": 3151.552173, "delta": 0.004005}}
{"target": -13.758419507280664, "params": {"gamma": 876.5346459269896, "log10_alpha": -1.412796986565814, "log10_colsample_bytree": -0.9193765921144316, "log10_eta": -3.6316932072469115, "log10_lambda": -3.249149386594285, "log10_min_child_weight": 1.5111927871650255, "log10_subsample": -0.43465547439673824, "max_depth": 5.0, "num_boost_round": 30.0}, "datetime": {"datetime": "2024-01-19 01:04:07", "elapsed": 3151.556147, "delta": 0.003974}}
{"target": -13.75841124535888, "params": {"gamma": 876.5346459269896, "log10_alpha": -1.412796986565814, "log10_colsample_bytree": -0.9193765921144316, "log10_eta": -3.6316932072469115, "log10_lambda": -3.249149386594285, "log10_min_child_weight": 1.5111927871650255, "log10_subsample": -0.43465547439673824, "max_depth": 5.0, "num_boost_round": 31.0}, "datetime": {"datetime": "2024-01-19 01:04:07", "elapsed": 3151.5602, "delta": 0.004053}}
