{"target": -13.756714367210282, "params": {"gamma": 431.82815121301934, "log10_alpha": 0.1940224073241552, "log10_colsample_bytree": -0.738819967150391, "log10_eta": -2.5778351923073664, "log10_lambda": -0.09027782449787036, "log10_min_child_weight": 1.8951452810302838, "log10_subsample": -0.2846649655264022, "max_depth": 5.0, "num_boost_round": 31.0}, "datetime": {"datetime": "2024-01-19 00:40:38", "elapsed": 1741.836343, "delta": 0.002941}}
{"target": -13.75662994819719, "params": {"gamma": 431.82815121301934, "log10_alpha": 0.1940224073241552, "log10_colsample_bytree": -0.738819967150391, "log10_eta": -2.5778351923073664, "log10_lambda": -0.09027782449787036, "log10_min_child_weight": 1.8951452810302838, "log10_subsample": -0.2846649655264022, "max_depth": 5.0, "num_boost_round": 32.0}, "datetime": {"datetime": "2024-01-19 00:40:38", "elapsed": 1741.839275, "delta": 0.002932}}
{"target": -13.758536275542326, "params": {"gamma": 431.94066394929996, "log10_alpha": 0.45092241432634594, "log10_colsample_bytree": -0.4791680983890968, "log10_eta": -3.54717732126876, "log10_lambda": -1.4556176276682824, "log10_min_child_weight": 0.09338959285218607, "log10_subsample": -0.2734380425471459, "max_depth": 2.0, "num_boost_round": 0.0}, "datetime": {"datetime": "2024-01-19 00:41:10", "elapsed": 1773.901385, "delta": 32.06211}}
{"target": -13.758532342815947, "params": {"gamma": 431.94066394929996, "log10_alpha": 0.45092241432634594, "log10_colsample_bytree": -0.4791680983890968, "log10_eta": -3.54717732126876, "log10_lambda": -1.4556176276682824, "log10_min_child_weight": 0.09338959285218607, "log10_subsample": -0.2734380425471459, "max_depth": 2.0, "num_boost_round": 1.0}, "datetime": {"datetime": "2024-01-19 00:41:10", "elapsed": 1773.904816, "delta": 0.003431}}
{"target": -13.758534089333887, "params": {"gamma": 431.94066394929996, "log10_alpha": 0.45092241432634594, "log10_colsample_bytree": -0.4791680983890968, "log10_eta": -3.54717732126876, "log10_lambda": -1.4556176276682824, "log10_min_child_weight": 0.09338959285218607, "log10_subsample": -0.2734380425471459, "max_depth": 2.0, "num_boost_round": 2.0}, "datetime": {"datetime": "2024-01-19 00:41:10", "elapsed": 1773.907927, "delta": 0.003111}}
{"target": -13.75853205082121, "params": {"gamma": 431.94066394929996, "log10_alpha": 0.45092241432634594, "log10_colsample_bytree": -0.4791680983890968, "log10_eta": -3.54717732126876, "log10_lambda": -1.4556176276682824, "log10_min_child_weight": 0.09338959285218607, "log10_subsample": -0.2734380425471459, "max_depth": 2.0, "num_boost_round": 3.0}, "datetime": {"datetime": "2024-01-19 00:41:10", "elapsed": 1773.91096, "delta": 0.003033}}
{"target": -13.758529542697982, "params": {"gamma": 431.94066394929996, "log10_alpha": 0.45092241432634594, "log10_colsample_bytree": -0.4791680983890968, "log10_eta": -3.54717732126876, "log10_lambda": -1.4556176276682824, "log10_min_child_weight": 0.09338959285218607, "log10_subsample": -0.2734380425471459, "max_depth": 2.0, "num_boost_round": 4.0}, "datetime": {"datetime": "2024-01-19 00:41:10", "elapsed": 1773.917686, "delta": 0.006726}}
{"target": -13.75852832866237, "params": {"gamma": 431.94066394929996, "log10_alpha": 0.45092241432634594, "log10_colsample_bytree": -0.4791680983890968, "log10_eta": -3.54717732126876, "log10_lambda": -1.4556176276682824, "log10_min_child_weight": 0.09338959285218607, "log10_subsample": -0.2734380425471459, "max_depth": 2.0, "num_boost_round": 5.0}, "datetime": {"datetime": "2024-01-19 00:41:10", "elapsed": 1773.920585, "delta": 0.002899}}
{"target": -13.758527137792683, "params": {"gamma": 431.94066394929996, "log10_alpha": 0.45092241432634594, "log10_colsample_bytree": -0.4791680983890968, "log10_eta": -3.54717732126876, "log10_lambda": -1.4556176276682824, "log10_min_child_weight": 0.09338959285218607, "log10_subsample": -0.2734380425471459, "max_depth": 2.0, "num_boost_round": 6.0}, "datetime": {"datetime": "2024-01-19 00:41:10", "elapsed": 1773.923516, "delta": 0.002931}}
{"target": -13.758527009660096, "params": {"gamma": 431.94066394929996, "log10_alpha": 0.45092241432634594, "log10_colsample_bytree": -0.4791680983890968, "log10_eta": -3.54717732126876, "log10_lambda": -1.4556176276682824, "log10_min_child_weight": 0.09338959285218607, "log10_subsample": -0.2734380425471459, "max_depth": 2.0, "num_boost_round": 7.0}, "datetime": {"datetime": "2024-01-19 00:41:10", "elapsed": 1773.926405, "delta": 0.002889}}
{"target": -13.7585229889866, "params": {"gamma": 431.94066394929996, "log10_alpha": 0.45092241432634594, "log10_colsample_bytree": -0.4791680983890968, "log10_eta": -3.54717732126876, "log10_lambda": -1.4556176276682824, "log10_min_child_weight": 0.09338959285218607, "log10_subsample": -0.2734380425471459, "max_depth": 2.0, "num_boost_round": 8.0}, "datetime": {"datetime": "2024-01-19 00:41:10", "elapsed": 1773.929422, "delta": 0.003017}}
{"target": -13.758519379727865, "params": {"gamma": 431.94066394929996, "log10_alpha": 0.45092241432634594, "log10_colsample_bytree": -0.4791680983890968, "log10_eta": -3.54717732126876, "log10_lambda": -1.4556176276682824, "log10_min_child_weight": 0.09338959285218607, "log10_subsample": -0.2734380425471459, "max_depth": 2.0, "num_boost_round": 9.0}, "datetime": {"datetime": "2024-01-19 00:41:10", "elapsed": 1773.932338, "delta": 0.002916}}
{"target": -13.758516788861828, "params": {"gamma": 431.94066394929996, "log10_alpha": 0.45092241432634594, "log10_colsample_bytree": -0.4791680983890968, "log10_eta": -3.54717732126876, "log10_lambda": -1.4556176276682824, "log10_min_child_weight": 0.09338959285218607, "log10_subsample": -0.2734380425471459, "max_depth": 2.0, "num_boost_round": 10.0}, "datetime": {"datetime": "2024-01-19 00:41:10", "elapsed": 1773.935223, "delta": 0.002885}}
{"target": -13.75851269777135, "params": {"gamma": 431.94066394929996, "log10_alpha": 0.45092241432634594, "log10_colsample_bytree": -0.4791680983890968, "log10_eta": -3.54717732126876, "log10_lambda": -1.4556176276682824, "log10_min_child_weight": 0.09338959285218607, "log10_subsample": -0.2734380425471459, "max_depth": 2.0, "num_boost_round": 11.0}, "datetime": {"datetime": "2024-01-19 00:41:10", "elapsed": 1773.938125, "delta": 0.002902}}
{"target": -13.758510184534769, "params": {"gamma": 431.94066394929996, "log10_alpha": 0.45092241432634594, "log10_colsample_bytree": -0.4791680983890968, "log10_eta": -3.54717732126876, "log10_lambda": -1.4556176276682824, "log10_min_child_weight": 0.09338959285218607, "log10_subsample": -0.2734380425471459, "max_depth": 2.0, "num_boost_round": 12.0}, "datetime": {"datetime": "2024-01-19 00:41:10", "elapsed": 1773.940997, "delta": 0.002872}}
{"target": -13.75850728215494, "params": {"gamma": 431.94066394929996, "log10_alpha": 0.45092241432634594, "log10_colsample_bytree": -0.4791680983890968, "log10_eta": -3.54717732126876, "log10_lambda": -1.4556176276682824, "log10_min_child_weight": 0.09338959285218607, "log10_subsample": -0.2734380425471459, "max_depth": 2.0, "num_boost_round": 13.0}, "datetime": {"datetime": "2024-01-19 00:41:10", "elapsed": 1773.943893, "delta": 0.002896}}
{"target": -13.758506067888717, "params": {"gamma": 431.94066394929996, "log10_alpha": 0.45092241432634594, "log10_colsample_bytree": -0.4791680983890968, "log10_eta": -3.54717732126876, "log10_lambda": -1.4556176276682824, "log10_min_child_weight": 0.09338959285218607, "log10_subsample": -0.2734380425471459, "max_depth": 2.0, "num_boost_round": 14.0}, "datetime": {"datetime": "2024-01-19 00:41:10", "elapsed": 1773.946772, "delta": 0.002879}}
{"target": -13.758501349371794, "params": {"gamma": 431.94066394929996, "log10_alpha": 0.45092241432634594, "log10_colsample_bytree": -0.4791680983890968, "log10_eta": -3.54717732126876, "log10_lambda": -1.4556176276682824, "log10_min_child_weight": 0.09338959285218607, "log10_subsample": -0.2734380425471459, "max_depth": 2.0, "num_boost_round": 15.0}, "datetime": {"datetime": "2024-01-19 00:41:10", "elapsed": 1773.949777, "delta": 0.003005}}
{"target": -13.758499550430798, "params": {"gamma": 431.94066394929996, "log10_alpha": 0.45092241432634594, "log10_colsample_bytree": -0.4791680983890968, "log10_eta": -3.54717732126876, "log10_lambda": -1.4556176276682824, "log10_min_child_weight": 0.09338959285218607, "log10_subsample": -0.2734380425471459, "max_depth": 2.0, "num_boost_round": 16.0}, "datetime": {"datetime": "2024-01-19 00:41:10", "elapsed": 1773.952694, "delta": 0.002917}}
{"target": -13.758499514520805, "params": {"gamma": 431.94066394929996, "log10_alpha": 0.45092241432634594, "log10_colsample_bytree": -0.4791680983890968, "log10_eta": -3.54717732126876, "log10_lambda": -1.4556176276682824, "log10_min_child_weight": 0.09338959285218607, "log10_subsample": -0.2734380425471459, "max_depth": 2.0, "num_boost_round": 17.0}, "datetime": {"datetime": "2024-01-19 00:41:10", "elapsed": 1773.955591, "delta": 0.002897}}
{"target": -13.758497808373383, "params": {"gamma": 429.070877114629, "log10_alpha": 0.834091232496422, "log10_colsample_bytree": -0.34927899914618465, "log10_eta": -2.5280362834854446, "log10_lambda": -1.1850603061241403, "log10_min_child_weight": 0.9054188992900669, "log10_subsample": -0.716565997763952, "max_depth": 2.0, "num_boost_round": 0.0}, "datetime": {"datetime": "2024-01-19 00:41:48", "elapsed": 1811.924088, "delta": 37.968497}}
{"target": -13.758480034547548, "params": {"gamma": 429.070877114629, "log10_alpha": 0.834091232496422, "log10_colsample_bytree": -0.34927899914618465, "log10_eta": -2.5280362834854446, "log10_lambda": -1.1850603061241403, "log10_min_child_weight": 0.9054188992900669, "log10_subsample": -0.716565997763952, "max_depth": 2.0, "num_boost_round": 1.0}, "datetime": {"datetime": "2024-01-19 00:41:48", "elapsed": 1811.927583, "delta": 0.003495}}
{"target": -13.758469982254438, "params": {"gamma": 429.070877114629, "log10_alpha": 0.834091232496422, "log10_colsample_bytree": -0.34927899914618465, "log10_eta": -2.5280362834854446, "log10_lambda": -1.1850603061241403, "log10_min_child_weight": 0.9054188992900669, "log10_subsample": -0.716565997763952, "max_depth": 2.0, "num_boost_round": 2.0}, "datetime": {"datetime": "2024-01-19 00:41:48", "elapsed": 1811.930794, "delta": 0.003211}}
{"target": -13.758442673830853, "params": {"gamma": 429.070877114629, "log10_alpha": 0.834091232496422, "log10_colsample_bytree": -0.34927899914618465, "log10_eta": -2.5280362834854446, "log10_lambda": -1.1850603061241403, "log10_min_child_weight": 0.9054188992900669, "log10_subsample": -0.716565997763952, "max_depth": 2.0, "num_boost_round": 3.0}, "datetime": {"datetime": "2024-01-19 00:41:48", "elapsed": 1811.933754, "delta": 0.00296}}
{"target": -13.758409068917755, "params": {"gamma": 429.070877114629, "log10_alpha": 0.834091232496422, "log10_colsample_bytree": -0.34927899914618465, "log10_eta": -2.5280362834854446, "log10_lambda": -1.1850603061241403, "log10_min_child_weight": 0.9054188992900669, "log10_subsample": -0.716565997763952, "max_depth": 2.0, "num_boost_round": 4.0}, "datetime": {"datetime": "2024-01-19 00:41:48", "elapsed": 1811.93672, "delta": 0.002966}}
{"target": -13.75839697115944, "params": {"gamma": 429.070877114629, "log10_alpha": 0.834091232496422, "log10_colsample_bytree": -0.34927899914618465, "log10_eta": -2.5280362834854446, "log10_lambda": -1.1850603061241403, "log10_min_child_weight": 0.9054188992900669, "log10_subsample": -0.716565997763952, "max_depth": 2.0, "num_boost_round": 5.0}, "datetime": {"datetime": "2024-01-19 00:41:48", "elapsed": 1811.939634, "delta": 0.002914}}
{"target": -13.75838443990819, "params": {"gamma": 429.070877114629, "log10_alpha": 0.834091232496422, "log10_colsample_bytree": -0.34927899914618465, "log10_eta": -2.5280362834854446, "log10_lambda": -1.1850603061241403, "log10_min_child_weight": 0.9054188992900669, "log10_subsample": -0.716565997763952, "max_depth": 2.0, "num_boost_round": 6.0}, "datetime": {"datetime": "2024-01-19 00:41:48", "elapsed": 1811.942546, "delta": 0.002912}}
{"target": -13.758371892094644, "params": {"gamma": 429.070877114629, "log10_alpha": 0.834091232496422, "log10_colsample_bytree": -0.34927899914618465, "log10_eta": -2.5280362834854446, "log10_lambda": -1.1850603061241403, "log10_min_child_weight": 0.9054188992900669, "log10_subsample": -0.716565997763952, "max_depth": 2.0, "num_boost_round": 7.0}, "datetime": {"datetime": "2024-01-19 00:41:48", "elapsed": 1811.945464, "delta": 0.002918}}
{"target": -13.758334914133407, "params": {"gamma": 429.070877114629, "log10_alpha": 0.834091232496422, "log10_colsample_bytree": -0.34927899914618465, "log10_eta": -2.5280362834854446, "log10_lambda": -1.1850603061241403, "log10_min_child_weight": 0.9054188992900669, "log10_subsample": -0.716565997763952, "max_depth": 2.0, "num_boost_round": 8.0}, "datetime": {"datetime": "2024-01-19 00:41:48", "elapsed": 1811.948382, "delta": 0.002918}}
{"target": -13.758339131849963, "params": {"gamma": 429.070877114629, "log10_alpha": 0.834091232496422, "log10_colsample_bytree": -0.34927899914618465, "log10_eta": -2.5280362834854446, "log10_lambda": -1.1850603061241403, "log10_min_child_weight": 0.9054188992900669, "log10_subsample": -0.716565997763952, "max_depth": 2.0, "num_boost_round": 9.0}, "datetime": {"datetime": "2024-01-19 00:41:48", "elapsed": 1811.951421, "delta": 0.003039}}
{"target": -13.758311989312954, "params": {"gamma": 429.070877114629, "log10_alpha": 0.834091232496422, "log10_colsample_bytree": -0.34927899914618465, "log10_eta": -2.5280362834854446, "log10_lambda": -1.1850603061241403, "log10_min_child_weight": 0.9054188992900669, "log10_subsample": -0.716565997763952, "max_depth": 2.0, "num_boost_round": 10.0}, "datetime": {"datetime": "2024-01-19 00:41:48", "elapsed": 1811.954314, "delta": 0.002893}}
{"target": -13.758269299502734, "params": {"gamma": 429.070877114629, "log10_alpha": 0.834091232496422, "log10_colsample_bytree": -0.34927899914618465, "log10_eta": -2.5280362834854446, "log10_lambda": -1.1850603061241403, "log10_min_child_weight": 0.9054188992900669, "log10_subsample": -0.716565997763952, "max_depth": 2.0, "num_boost_round": 11.0}, "datetime": {"datetime": "2024-01-19 00:41:48", "elapsed": 1811.957207, "delta": 0.002893}}
{"target": -13.758245431273254, "params": {"gamma": 429.070877114629, "log10_alpha": 0.834091232496422, "log10_colsample_bytree": -0.34927899914618465, "log10_eta": -2.5280362834854446, "log10_lambda": -1.1850603061241403, "log10_min_child_weight": 0.9054188992900669, "log10_subsample": -0.716565997763952, "max_depth": 2.0, "num_boost_round": 12.0}, "datetime": {"datetime": "2024-01-19 00:41:48", "elapsed": 1811.960117, "delta": 0.00291}}
{"target": -13.758224667543752, "params": {"gamma": 429.070877114629, "log10_alpha": 0.834091232496422, "log10_colsample_bytree": -0.34927899914618465, "log10_eta": -2.5280362834854446, "log10_lambda": -1.1850603061241403, "log10_min_child_weight": 0.9054188992900669, "log10_subsample": -0.716565997763952, "max_depth": 2.0, "num_boost_round": 13.0}, "datetime": {"datetime": "2024-01-19 00:41:48", "elapsed": 1811.963009, "delta": 0.002892}}
{"target": -13.758218053376128, "params": {"gamma": 429.070877114629, "log10_alpha": 0.834091232496422, "log10_colsample_bytree": -0.34927899914618465, "log10_eta": -2.5280362834854446, "log10_lambda": -1.1850603061241403, "log10_min_child_weight": 0.9054188992900669, "log10_subsample": -0.716565997763952, "max_depth": 2.0, "num_boost_round": 14.0}, "datetime": {"datetime": "2024-01-19 00:41:48", "elapsed": 1811.965936, "delta": 0.002927}}
{"target": -13.758171286589228, "params": {"gamma": 429.070877114629, "log10_alpha": 0.834091232496422, "log10_colsample_bytree": -0.34927899914618465, "log10_eta": -2.5280362834854446, "log10_lambda": -1.1850603061241403, "log10_min_child_weight": 0.9054188992900669, "log10_subsample": -0.716565997763952, "max_depth": 2.0, "num_boost_round": 15.0}, "datetime": {"datetime": "2024-01-19 00:41:48", "elapsed": 1811.968941, "delta": 0.003005}}
{"target": -13.758105194854702, "params": {"gamma": 429.070877114629, "log10_alpha": 0.834091232496422, "log10_colsample_bytree": -0.34927899914618465, "log10_eta": -2.5280362834854446, "log10_lambda": -1.1850603061241403, "log10_min_child_weight": 0.9054188992900669, "log10_subsample": -0.716565997763952, "max_depth": 2.0, "num_boost_round": 16.0}, "datetime": {"datetime": "2024-01-19 00:41:48", "elapsed": 1811.971875, "delta": 0.002934}}
{"target": -13.758104807249058, "params": {"gamma": 429.070877114629, "log10_alpha": 0.834091232496422, "log10_colsample_bytree": -0.34927899914618465, "log10_eta": -2.5280362834854446, "log10_lambda": -1.1850603061241403, "log10_min_child_weight": 0.9054188992900669, "log10_subsample": -0.716565997763952, "max_depth": 2.0, "num_boost_round": 17.0}, "datetime": {"datetime": "2024-01-19 00:41:48", "elapsed": 1811.974781, "delta": 0.002906}}
{"target": -13.758099819796858, "params": {"gamma": 429.070877114629, "log10_alpha": 0.834091232496422, "log10_colsample_bytree": -0.34927899914618465, "log10_eta": -2.5280362834854446, "log10_lambda": -1.1850603061241403, "log10_min_child_weight": 0.9054188992900669, "log10_subsample": -0.716565997763952, "max_depth": 2.0, "num_boost_round": 18.0}, "datetime": {"datetime": "2024-01-19 00:41:48", "elapsed": 1811.977702, "delta": 0.002921}}
{"target": -13.758074387093512, "params": {"gamma": 429.070877114629, "log10_alpha": 0.834091232496422, "log10_colsample_bytree": -0.34927899914618465, "log10_eta": -2.5280362834854446, "log10_lambda": -1.1850603061241403, "log10_min_child_weight": 0.9054188992900669, "log10_subsample": -0.716565997763952, "max_depth": 2.0, "num_boost_round": 19.0}, "datetime": {"datetime": "2024-01-19 00:41:48", "elapsed": 1811.980604, "delta": 0.002902}}
{"target": -13.758053769011038, "params": {"gamma": 429.070877114629, "log10_alpha": 0.834091232496422, "log10_colsample_bytree": -0.34927899914618465, "log10_eta": -2.5280362834854446, "log10_lambda": -1.1850603061241403, "log10_min_child_weight": 0.9054188992900669, "log10_subsample": -0.716565997763952, "max_depth": 2.0, "num_boost_round": 20.0}, "datetime": {"datetime": "2024-01-19 00:41:48", "elapsed": 1811.983511, "delta": 0.002907}}
{"target": -13.758048457245065, "params": {"gamma": 429.070877114629, "log10_alpha": 0.834091232496422, "log10_colsample_bytree": -0.34927899914618465, "log10_eta": -2.5280362834854446, "log10_lambda": -1.1850603061241403, "log10_min_child_weight": 0.9054188992900669, "log10_subsample": -0.716565997763952, "max_depth": 2.0, "num_boost_round": 21.0}, "datetime": {"datetime": "2024-01-19 00:41:48", "elapsed": 1811.986427, "delta": 0.002916}}
{"target": -13.758025594065826, "params": {"gamma": 429.070877114629, "log10_alpha": 0.834091232496422, "log10_colsample_bytree": -0.34927899914618465, "log10_eta": -2.5280362834854446, "log10_lambda": -1.1850603061241403, "log10_min_child_weight": 0.9054188992900669, "log10_subsample": -0.716565997763952, "max_depth": 2.0, "num_boost_round": 22.0}, "datetime": {"datetime": "2024-01-19 00:41:48", "elapsed": 1811.989568, "delta": 0.003141}}
{"target": -13.758000424654108, "params": {"gamma": 429.070877114629, "log10_alpha": 0.834091232496422, "log10_colsample_bytree": -0.34927899914618465, "log10_eta": -2.5280362834854446, "log10_lambda": -1.1850603061241403, "log10_min_child_weight": 0.9054188992900669, "log10_subsample": -0.716565997763952, "max_depth": 2.0, "num_boost_round": 23.0}, "datetime": {"datetime": "2024-01-19 00:41:48", "elapsed": 1811.992739, "delta": 0.003171}}
{"target": -13.758003094697203, "params": {"gamma": 429.070877114629, "log10_alpha": 0.834091232496422, "log10_colsample_bytree": -0.34927899914618465, "log10_eta": -2.5280362834854446, "log10_lambda": -1.1850603061241403, "log10_min_child_weight": 0.9054188992900669, "log10_subsample": -0.716565997763952, "max_depth": 2.0, "num_boost_round": 24.0}, "datetime": {"datetime": "2024-01-19 00:41:48", "elapsed": 1811.995844, "delta": 0.003105}}
{"target": -13.757947906712417, "params": {"gamma": 429.070877114629, "log10_alpha": 0.834091232496422, "log10_colsample_bytree": -0.34927899914618465, "log10_eta": -2.5280362834854446, "log10_lambda": -1.1850603061241403, "log10_min_child_weight": 0.9054188992900669, "log10_subsample": -0.716565997763952, "max_depth": 2.0, "num_boost_round": 25.0}, "datetime": {"datetime": "2024-01-19 00:41:48", "elapsed": 1811.998752, "delta": 0.002908}}
{"target": -13.757932243155928, "params": {"gamma": 429.070877114629, "log10_alpha": 0.834091232496422, "log10_colsample_bytree": -0.34927899914618465, "log10_eta": -2.5280362834854446, "log10_lambda": -1.1850603061241403, "log10_min_child_weight": 0.9054188992900669, "log10_subsample": -0.716565997763952, "max_depth": 2.0, "num_boost_round": 26.0}, "datetime": {"datetime": "2024-01-19 00:41:48", "elapsed": 1812.001665, "delta": 0.002913}}
{"target": -13.757941647210265, "params": {"gamma": 429.070877114629, "log10_alpha": 0.834091232496422, "log10_colsample_bytree": -0.34927899914618465, "log10_eta": -2.5280362834854446, "log10_lambda": -1.1850603061241403, "log10_min_child_weight": 0.9054188992900669, "log10_subsample": -0.716565997763952, "max_depth": 2.0, "num_boost_round": 27.0}, "datetime": {"datetime": "2024-01-19 00:41:48", "elapsed": 1812.004586, "delta": 0.002921}}
{"target": -13.757986787452442, "params": {"gamma": 429.070877114629, "log10_alpha": 0.834091232496422, "log10_colsample_bytree": -0.34927899914618465, "log10_eta": -2.5280362834854446, "log10_lambda": -1.1850603061241403, "log10_min_child_weight": 0.9054188992900669, "log10_subsample": -0.716565997763952, "max_depth": 2.0, "num_boost_round": 28.0}, "datetime": {"datetime": "2024-01-19 00:41:48", "elapsed": 1812.007509, "delta": 0.002923}}
