{"target": -17.677230636859136, "params": {"gamma": 871.008681990431, "log10_alpha": 0.4587477761202621, "log10_colsample_bytree": -0.8004504113955618, "log10_eta": -3.9861439432409296, "log10_lambda": -3.270940614866392, "log10_min_child_weight": 3.3803315970229497, "log10_subsample": -0.9712428991814809, "max_depth": 2.0, "num_boost_round": 2.0}, "datetime": {"datetime": "2024-01-19 01:01:50", "elapsed": 2991.369563, "delta": 0.00336}}
{"target": -17.677230181282592, "params": {"gamma": 871.008681990431, "log10_alpha": 0.4587477761202621, "log10_colsample_bytree": -0.8004504113955618, "log10_eta": -3.9861439432409296, "log10_lambda": -3.270940614866392, "log10_min_child_weight": 3.3803315970229497, "log10_subsample": -0.9712428991814809, "max_depth": 2.0, "num_boost_round": 3.0}, "datetime": {"datetime": "2024-01-19 01:01:50", "elapsed": 2991.372974, "delta": 0.003411}}
{"target": -17.677228676520226, "params": {"gamma": 871.008681990431, "log10_alpha": 0.4587477761202621, "log10_colsample_bytree": -0.8004504113955618, "log10_eta": -3.9861439432409296, "log10_lambda": -3.270940614866392, "log10_min_child_weight": 3.3803315970229497, "log10_subsample": -0.9712428991814809, "max_depth": 2.0, "num_boost_round": 4.0}, "datetime": {"datetime": "2024-01-19 01:01:50", "elapsed": 2991.376359, "delta": 0.003385}}
{"target": -17.677228660219892, "params": {"gamma": 871.008681990431, "log10_alpha": 0.4587477761202621, "log10_colsample_bytree": -0.8004504113955618, "log10_eta": -3.9861439432409296, "log10_lambda": -3.270940614866392, "log10_min_child_weight": 3.3803315970229497, "log10_subsample": -0.9712428991814809, "max_depth": 2.0, "num_boost_round": 5.0}, "datetime": {"datetime": "2024-01-19 01:01:50", "elapsed": 2991.379575, "delta": 0.003216}}
{"target": -17.67723033775151, "params": {"gamma": 871.008681990431, "log10_alpha": 0.4587477761202621, "log10_colsample_bytree": -0.8004504113955618, "log10_eta": -3.9861439432409296, "log10_lambda": -3.270940614866392, "log10_min_child_weight": 3.3803315970229497, "log10_subsample": -0.9712428991814809, "max_depth": 2.0, "num_boost_round": 6.0}, "datetime": {"datetime": "2024-01-19 01:01:50", "elapsed": 2991.382817, "delta": 0.003242}}
{"target": -17.677229350697083, "params": {"gamma": 871.008681990431, "log10_alpha": 0.4587477761202621, "log10_colsample_bytree": -0.8004504113955618, "log10_eta": -3.9861439432409296, "log10_lambda": -3.270940614866392, "log10_min_child_weight": 3.3803315970229497, "log10_subsample": -0.9712428991814809, "max_depth": 2.0, "num_boost_round": 7.0}, "datetime": {"datetime": "2024-01-19 01:01:50", "elapsed": 2991.386006, "delta": 0.003189}}
{"target": -17.67723128944397, "params": {"gamma": 871.008681990431, "log10_alpha": 0.4587477761202621, "log10_colsample_bytree": -0.8004504113955618, "log10_eta": -3.9861439432409296, "log10_lambda": -3.270940614866392, "log10_min_child_weight": 3.3803315970229497, "log10_subsample": -0.9712428991814809, "max_depth": 2.0, "num_boost_round": 8.0}, "datetime": {"datetime": "2024-01-19 01:01:50", "elapsed": 2991.389165, "delta": 0.003159}}
{"target": -17.677231123803423, "params": {"gamma": 871.008681990431, "log10_alpha": 0.4587477761202621, "log10_colsample_bytree": -0.8004504113955618, "log10_eta": -3.9861439432409296, "log10_lambda": -3.270940614866392, "log10_min_child_weight": 3.3803315970229497, "log10_subsample": -0.9712428991814809, "max_depth": 2.0, "num_boost_round": 9.0}, "datetime": {"datetime": "2024-01-19 01:01:50", "elapsed": 2991.392417, "delta": 0.003252}}
{"target": -17.677229887575866, "params": {"gamma": 871.008681990431, "log10_alpha": 0.4587477761202621, "log10_colsample_bytree": -0.8004504113955618, "log10_eta": -3.9861439432409296, "log10_lambda": -3.270940614866392, "log10_min_child_weight": 3.3803315970229497, "log10_subsample": -0.9712428991814809, "max_depth": 2.0, "num_boost_round": 10.0}, "datetime": {"datetime": "2024-01-19 01:01:50", "elapsed": 2991.395572, "delta": 0.003155}}
{"target": -17.677229211529692, "params": {"gamma": 871.008681990431, "log10_alpha": 0.4587477761202621, "log10_colsample_bytree": -0.8004504113955618, "log10_eta": -3.9861439432409296, "log10_lambda": -3.270940614866392, "log10_min_child_weight": 3.3803315970229497, "log10_subsample": -0.9712428991814809, "max_depth": 2.0, "num_boost_round": 11.0}, "datetime": {"datetime": "2024-01-19 01:01:50", "elapsed": 2991.398848, "delta": 0.003276}}
{"target": -17.677230116021054, "params": {"gamma": 871.008681990431, "log10_alpha": 0.4587477761202621, "log10_colsample_bytree": -0.8004504113955618, "log10_eta": -3.9861439432409296, "log10_lambda": -3.270940614866392, "log10_min_child_weight": 3.3803315970229497, "log10_subsample": -0.9712428991814809, "max_depth": 2.0, "num_boost_round": 12.0}, "datetime": {"datetime": "2024-01-19 01:01:50", "elapsed": 2991.402183, "delta": 0.003335}}
{"target": -17.677231186387342, "params": {"gamma": 871.008681990431, "log10_alpha": 0.4587477761202621, "log10_colsample_bytree": -0.8004504113955618, "log10_eta": -3.9861439432409296, "log10_lambda": -3.270940614866392, "log10_min_child_weight": 3.3803315970229497, "log10_subsample": -0.9712428991814809, "max_depth": 2.0, "num_boost_round": 13.0}, "datetime": {"datetime": "2024-01-19 01:01:50", "elapsed": 2991.405559, "delta": 0.003376}}
{"target": -17.677229356663307, "params": {"gamma": 871.008681990431, "log10_alpha": 0.4587477761202621, "log10_colsample_bytree": -0.8004504113955618, "log10_eta": -3.9861439432409296, "log10_lambda": -3.270940614866392, "log10_min_child_weight": 3.3803315970229497, "log10_subsample": -0.9712428991814809, "max_depth": 2.0, "num_boost_round": 14.0}, "datetime": {"datetime": "2024-01-19 01:01:50", "elapsed": 2991.408768, "delta": 0.003209}}
{"target": -17.677228738388298, "params": {"gamma": 871.008681990431, "log10_alpha": 0.4587477761202621, "log10_colsample_bytree": -0.8004504113955618, "log10_eta": -3.9861439432409296, "log10_lambda": -3.270940614866392, "log10_min_child_weight": 3.3803315970229497, "log10_subsample": -0.9712428991814809, "max_depth": 2.0, "num_boost_round": 15.0}, "datetime": {"datetime": "2024-01-19 01:01:50", "elapsed": 2991.411973, "delta": 0.003205}}
{"target": -17.67722825690932, "params": {"gamma": 871.008681990431, "log10_alpha": 0.4587477761202621, "log10_colsample_bytree": -0.8004504113955618, "log10_eta": -3.9861439432409296, "log10_lambda": -3.270940614866392, "log10_min_child_weight": 3.3803315970229497, "log10_subsample": -0.9712428991814809, "max_depth": 2.0, "num_boost_round": 16.0}, "datetime": {"datetime": "2024-01-19 01:01:50", "elapsed": 2991.4152, "delta": 0.003227}}
{"target": -17.677226424840466, "params": {"gamma": 871.008681990431, "log10_alpha": 0.4587477761202621, "log10_colsample_bytree": -0.8004504113955618, "log10_eta": -3.9861439432409296, "log10_lambda": -3.270940614866392, "log10_min_child_weight": 3.3803315970229497, "log10_subsample": -0.9712428991814809, "max_depth": 2.0, "num_boost_round": 17.0}, "datetime": {"datetime": "2024-01-19 01:01:50", "elapsed": 2991.418397, "delta": 0.003197}}
{"target": -17.67722534032449, "params": {"gamma": 871.008681990431, "log10_alpha": 0.4587477761202621, "log10_colsample_bytree": -0.8004504113955618, "log10_eta": -3.9861439432409296, "log10_lambda": -3.270940614866392, "log10_min_child_weight": 3.3803315970229497, "log10_subsample": -0.9712428991814809, "max_depth": 2.0, "num_boost_round": 18.0}, "datetime": {"datetime": "2024-01-19 01:01:50", "elapsed": 2991.421644, "delta": 0.003247}}
{"target": -17.67722425789951, "params": {"gamma": 871.008681990431, "log10_alpha": 0.4587477761202621, "log10_colsample_bytree": -0.8004504113955618, "log10_eta": -3.9861439432409296, "log10_lambda": -3.270940614866392, "log10_min_child_weight": 3.3803315970229497, "log10_subsample": -0.9712428991814809, "max_depth": 2.0, "num_boost_round": 19.0}, "datetime": {"datetime": "2024-01-19 01:01:50", "elapsed": 2991.424877, "delta": 0.003233}}
{"target": -17.677223276493578, "params": {"gamma": 871.008681990431, "log10_alpha": 0.4587477761202621, "log10_colsample_bytree": -0.8004504113955618, "log10_eta": -3.9861439432409296, "log10_lambda": -3.270940614866392, "log10_min_child_weight": 3.3803315970229497, "log10_subsample": -0.9712428991814809, "max_depth": 2.0, "num_boost_round": 20.0}, "datetime": {"datetime": "2024-01-19 01:01:50", "elapsed": 2991.428126, "delta": 0.003249}}
{"target": -17.67722398465772, "params": {"gamma": 871.008681990431, "log10_alpha": 0.4587477761202621, "log10_colsample_bytree": -0.8004504113955618, "log10_eta": -3.9861439432409296, "log10_lambda": -3.270940614866392, "log10_min_child_weight": 3.3803315970229497, "log10_subsample": -0.9712428991814809, "max_depth": 2.0, "num_boost_round": 21.0}, "datetime": {"datetime": "2024-01-19 01:01:50", "elapsed": 2991.431351, "delta": 0.003225}}
{"target": -17.67722303759447, "params": {"gamma": 871.008681990431, "log10_alpha": 0.4587477761202621, "log10_colsample_bytree": -0.8004504113955618, "log10_eta": -3.9861439432409296, "log10_lambda": -3.270940614866392, "log10_min_child_weight": 3.3803315970229497, "log10_subsample": -0.9712428991814809, "max_depth": 2.0, "num_boost_round": 22.0}, "datetime": {"datetime": "2024-01-19 01:01:50", "elapsed": 2991.434567, "delta": 0.003216}}
{"target": -17.67711066202057, "params": {"gamma": 890.1427669370778, "log10_alpha": -3.2465263174294554, "log10_colsample_bytree": -0.4590779757312601, "log10_eta": -1.893507430213797, "log10_lambda": -4.489280459550535, "log10_min_child_weight": 4.4419766192721095, "log10_subsample": -0.7279590271092534, "max_depth": 2.0, "num_boost_round": 0.0}, "datetime": {"datetime": "2024-01-19 01:02:42", "elapsed": 3043.578414, "delta": 52.143847}}
{"target": -17.677078213824668, "params": {"gamma": 890.1427669370778, "log10_alpha": -3.2465263174294554, "log10_colsample_bytree": -0.4590779757312601, "log10_eta": -1.893507430213797, "log10_lambda": -4.489280459550535, "log10_min_child_weight": 4.4419766192721095, "log10_subsample": -0.7279590271092534, "max_depth": 2.0, "num_boost_round": 1.0}, "datetime": {"datetime": "2024-01-19 01:02:42", "elapsed": 3043.582749, "delta": 0.004335}}
{"target": -17.677121216093582, "params": {"gamma": 890.1427669370778, "log10_alpha": -3.2465263174294554, "log10_colsample_bytree": -0.4590779757312601, "log10_eta": -1.893507430213797, "log10_lambda": -4.489280459550535, "log10_min_child_weight": 4.4419766192721095, "log10_subsample": -0.7279590271092534, "max_depth": 2.0, "num_boost_round": 2.0}, "datetime": {"datetime": "2024-01-19 01:02:42", "elapsed": 3043.586105, "delta": 0.003356}}
{"target": -17.677003604710155, "params": {"gamma": 890.1427669370778, "log10_alpha": -3.2465263174294554, "log10_colsample_bytree": -0.4590779757312601, "log10_eta": -1.893507430213797, "log10_lambda": -4.489280459550535, "log10_min_child_weight": 4.4419766192721095, "log10_subsample": -0.7279590271092534, "max_depth": 2.0, "num_boost_round": 3.0}, "datetime": {"datetime": "2024-01-19 01:02:42", "elapsed": 3043.589758, "delta": 0.003653}}
{"target": -17.676976004600036, "params": {"gamma": 890.1427669370778, "log10_alpha": -3.2465263174294554, "log10_colsample_bytree": -0.4590779757312601, "log10_eta": -1.893507430213797, "log10_lambda": -4.489280459550535, "log10_min_child_weight": 4.4419766192721095, "log10_subsample": -0.7279590271092534, "max_depth": 2.0, "num_boost_round": 4.0}, "datetime": {"datetime": "2024-01-19 01:02:42", "elapsed": 3043.593169, "delta": 0.003411}}
{"target": -17.67698903556559, "params": {"gamma": 890.1427669370778, "log10_alpha": -3.2465263174294554, "log10_colsample_bytree": -0.4590779757312601, "log10_eta": -1.893507430213797, "log10_lambda": -4.489280459550535, "log10_min_child_weight": 4.4419766192721095, "log10_subsample": -0.7279590271092534, "max_depth": 2.0, "num_boost_round": 5.0}, "datetime": {"datetime": "2024-01-19 01:02:42", "elapsed": 3043.5966, "delta": 0.003431}}
{"target": -17.67701007529522, "params": {"gamma": 890.1427669370778, "log10_alpha": -3.2465263174294554, "log10_colsample_bytree": -0.4590779757312601, "log10_eta": -1.893507430213797, "log10_lambda": -4.489280459550535, "log10_min_child_weight": 4.4419766192721095, "log10_subsample": -0.7279590271092534, "max_depth": 2.0, "num_boost_round": 6.0}, "datetime": {"datetime": "2024-01-19 01:02:42", "elapsed": 3043.599866, "delta": 0.003266}}
{"target": -17.67705268043451, "params": {"gamma": 890.1427669370778, "log10_alpha": -3.2465263174294554, "log10_colsample_bytree": -0.4590779757312601, "log10_eta": -1.893507430213797, "log10_lambda": -4.489280459550535, "log10_min_child_weight": 4.4419766192721095, "log10_subsample": -0.7279590271092534, "max_depth": 2.0, "num_boost_round": 7.0}, "datetime": {"datetime": "2024-01-19 01:02:42", "elapsed": 3043.603246, "delta": 0.00338}}
{"target": -17.676853011257577, "params": {"gamma": 890.1427669370778, "log10_alpha": -3.2465263174294554, "log10_colsample_bytree": -0.4590779757312601, "log10_eta": -1.893507430213797, "log10_lambda": -4.489280459550535, "log10_min_child_weight": 4.4419766192721095, "log10_subsample": -0.7279590271092534, "max_depth": 2.0, "num_boost_round": 8.0}, "datetime": {"datetime": "2024-01-19 01:02:42", "elapsed": 3043.606488, "delta": 0.003242}}
{"target": -17.67686560672, "params": {"gamma": 890.1427669370778, "log10_alpha": -3.2465263174294554, "log10_colsample_bytree": -0.4590779757312601, "log10_eta": -1.893507430213797, "log10_lambda": -4.489280459550535, "log10_min_child_weight": 4.4419766192721095, "log10_subsample": -0.7279590271092534, "max_depth": 2.0, "num_boost_round": 9.0}, "datetime": {"datetime": "2024-01-19 01:02:42", "elapsed": 3043.609795, "delta": 0.003307}}
{"target": -17.67690124851484, "params": {"gamma": 890.1427669370778, "log10_alpha": -3.2465263174294554, "log10_colsample_bytree": -0.4590779757312601, "log10_eta": -1.893507430213797, "log10_lambda": -4.489280459550535, "log10_min_child_weight": 4.4419766192721095, "log10_subsample": -0.7279590271092534, "max_depth": 2.0, "num_boost_round": 10.0}, "datetime": {"datetime": "2024-01-19 01:02:42", "elapsed": 3043.613113, "delta": 0.003318}}
{"target": -17.676760642941133, "params": {"gamma": 890.1427669370778, "log10_alpha": -3.2465263174294554, "log10_colsample_bytree": -0.4590779757312601, "log10_eta": -1.893507430213797, "log10_lambda": -4.489280459550535, "log10_min_child_weight": 4.4419766192721095, "log10_subsample": -0.7279590271092534, "max_depth": 2.0, "num_boost_round": 11.0}, "datetime": {"datetime": "2024-01-19 01:02:42", "elapsed": 3043.616448, "delta": 0.003335}}
{"target": -17.67681992289164, "params": {"gamma": 890.1427669370778, "log10_alpha": -3.2465263174294554, "log10_colsample_bytree": -0.4590779757312601, "log10_eta": -1.893507430213797, "log10_lambda": -4.489280459550535, "log10_min_child_weight": 4.4419766192721095, "log10_subsample": -0.7279590271092534, "max_depth": 2.0, "num_boost_round": 12.0}, "datetime": {"datetime": "2024-01-19 01:02:42", "elapsed": 3043.619729, "delta": 0.003281}}
{"target": -17.676749328216886, "params": {"gamma": 890.1427669370778, "log10_alpha": -3.2465263174294554, "log10_colsample_bytree": -0.4590779757312601, "log10_eta": -1.893507430213797, "log10_lambda": -4.489280459550535, "log10_min_child_weight": 4.4419766192721095, "log10_subsample": -0.7279590271092534, "max_depth": 2.0, "num_boost_round": 13.0}, "datetime": {"datetime": "2024-01-19 01:02:42", "elapsed": 3043.623219, "delta": 0.00349}}
{"target": -17.676790240014732, "params": {"gamma": 890.1427669370778, "log10_alpha": -3.2465263174294554, "log10_colsample_bytree": -0.4590779757312601, "log10_eta": -1.893507430213797, "log10_lambda": -4.489280459550535, "log10_min_child_weight": 4.4419766192721095, "log10_subsample": -0.7279590271092534, "max_depth": 2.0, "num_boost_round": 14.0}, "datetime": {"datetime": "2024-01-19 01:02:43", "elapsed": 3043.749606, "delta": 0.126387}}
{"target": -17.676656605345624, "params": {"gamma": 890.1427669370778, "log10_alpha": -3.2465263174294554, "log10_colsample_bytree": -0.4590779757312601, "log10_eta": -1.893507430213797, "log10_lambda": -4.489280459550535, "log10_min_child_weight": 4.4419766192721095, "log10_subsample": -0.7279590271092534, "max_depth": 2.0, "num_boost_round": 15.0}, "datetime": {"datetime": "2024-01-19 01:02:43", "elapsed": 3043.753808, "delta": 0.004202}}
{"target": -17.67671268137437, "params": {"gamma": 890.1427669370778, "log10_alpha": -3.2465263174294554, "log10_colsample_bytree": -0.4590779757312601, "log10_eta": -1.893507430213797, "log10_lambda": -4.489280459550535, "log10_min_child_weight": 4.4419766192721095, "log10_subsample": -0.7279590271092534, "max_depth": 2.0, "num_boost_round": 16.0}, "datetime": {"datetime": "2024-01-19 01:02:43", "elapsed": 3043.757548, "delta": 0.00374}}
{"target": -17.676755891646774, "params": {"gamma": 890.1427669370778, "log10_alpha": -3.2465263174294554, "log10_colsample_bytree": -0.4590779757312601, "log10_eta": -1.893507430213797, "log10_lambda": -4.489280459550535, "log10_min_child_weight": 4.4419766192721095, "log10_subsample": -0.7279590271092534, "max_depth": 2.0, "num_boost_round": 17.0}, "datetime": {"datetime": "2024-01-19 01:02:43", "elapsed": 3043.761245, "delta": 0.003697}}
{"target": -17.67666853968219, "params": {"gamma": 890.1427669370778, "log10_alpha": -3.2465263174294554, "log10_colsample_bytree": -0.4590779757312601, "log10_eta": -1.893507430213797, "log10_lambda": -4.489280459550535, "log10_min_child_weight": 4.4419766192721095, "log10_subsample": -0.7279590271092534, "max_depth": 2.0, "num_boost_round": 18.0}, "datetime": {"datetime": "2024-01-19 01:02:43", "elapsed": 3043.764774, "delta": 0.003529}}
{"target": -17.676588421555042, "params": {"gamma": 890.1427669370778, "log10_alpha": -3.2465263174294554, "log10_colsample_bytree": -0.4590779757312601, "log10_eta": -1.893507430213797, "log10_lambda": -4.489280459550535, "log10_min_child_weight": 4.4419766192721095, "log10_subsample": -0.7279590271092534, "max_depth": 2.0, "num_boost_round": 19.0}, "datetime": {"datetime": "2024-01-19 01:02:43", "elapsed": 3043.768281, "delta": 0.003507}}
{"target": -17.67660692305402, "params": {"gamma": 890.1427669370778, "log10_alpha": -3.2465263174294554, "log10_colsample_bytree": -0.4590779757312601, "log10_eta": -1.893507430213797, "log10_lambda": -4.489280459550535, "log10_min_child_weight": 4.4419766192721095, "log10_subsample": -0.7279590271092534, "max_depth": 2.0, "num_boost_round": 20.0}, "datetime": {"datetime": "2024-01-19 01:02:43", "elapsed": 3043.771796, "delta": 0.003515}}
{"target": -17.67650757753682, "params": {"gamma": 890.1427669370778, "log10_alpha": -3.2465263174294554, "log10_colsample_bytree": -0.4590779757312601, "log10_eta": -1.893507430213797, "log10_lambda": -4.489280459550535, "log10_min_child_weight": 4.4419766192721095, "log10_subsample": -0.7279590271092534, "max_depth": 2.0, "num_boost_round": 21.0}, "datetime": {"datetime": "2024-01-19 01:02:43", "elapsed": 3043.775313, "delta": 0.003517}}
{"target": -17.676355434509524, "params": {"gamma": 890.1427669370778, "log10_alpha": -3.2465263174294554, "log10_colsample_bytree": -0.4590779757312601, "log10_eta": -1.893507430213797, "log10_lambda": -4.489280459550535, "log10_min_child_weight": 4.4419766192721095, "log10_subsample": -0.7279590271092534, "max_depth": 2.0, "num_boost_round": 22.0}, "datetime": {"datetime": "2024-01-19 01:02:43", "elapsed": 3043.778838, "delta": 0.003525}}
{"target": -17.67722204344857, "params": {"gamma": 870.4485451113903, "log10_alpha": 0.009451801186017406, "log10_colsample_bytree": -0.45772609965893685, "log10_eta": -3.8806272326359736, "log10_lambda": 0.41372655436503436, "log10_min_child_weight": 0.09744070889318723, "log10_subsample": -0.7225742410736484, "max_depth": 8.0, "num_boost_round": 0.0}, "datetime": {"datetime": "2024-01-19 01:03:25", "elapsed": 3085.655243, "delta": 41.876405}}
{"target": -17.67722001317861, "params": {"gamma": 870.4485451113903, "log10_alpha": 0.009451801186017406, "log10_colsample_bytree": -0.45772609965893685, "log10_eta": -3.8806272326359736, "log10_lambda": 0.41372655436503436, "log10_min_child_weight": 0.09744070889318723, "log10_subsample": -0.7225742410736484, "max_depth": 8.0, "num_boost_round": 1.0}, "datetime": {"datetime": "2024-01-19 01:03:25", "elapsed": 3085.659881, "delta": 0.004638}}
{"target": -17.677216891287355, "params": {"gamma": 870.4485451113903, "log10_alpha": 0.009451801186017406, "log10_colsample_bytree": -0.45772609965893685, "log10_eta": -3.8806272326359736, "log10_lambda": 0.41372655436503436, "log10_min_child_weight": 0.09744070889318723, "log10_subsample": -0.7225742410736484, "max_depth": 8.0, "num_boost_round": 2.0}, "datetime": {"datetime": "2024-01-19 01:03:25", "elapsed": 3085.663658, "delta": 0.003777}}
{"target": -17.67721737655717, "params": {"gamma": 870.4485451113903, "log10_alpha": 0.009451801186017406, "log10_colsample_bytree": -0.45772609965893685, "log10_eta": -3.8806272326359736, "log10_lambda": 0.41372655436503436, "log10_min_child_weight": 0.09744070889318723, "log10_subsample": -0.7225742410736484, "max_depth": 8.0, "num_boost_round": 3.0}, "datetime": {"datetime": "2024-01-19 01:03:25", "elapsed": 3085.667144, "delta": 0.003486}}
{"target": -17.677191137180348, "params": {"gamma": 870.4485451113903, "log10_alpha": 0.009451801186017406, "log10_colsample_bytree": -0.45772609965893685, "log10_eta": -3.8806272326359736, "log10_lambda": 0.41372655436503436, "log10_min_child_weight": 0.09744070889318723, "log10_subsample": -0.7225742410736484, "max_depth": 8.0, "num_boost_round": 4.0}, "datetime": {"datetime": "2024-01-19 01:03:25", "elapsed": 3085.670644, "delta": 0.0035}}
