{"target": -17.673781771024217, "params": {"gamma": 427.36031210799064, "log10_alpha": 0.03042686932140448, "log10_colsample_bytree": -0.7917706702658373, "log10_eta": -2.2891897740397815, "log10_lambda": -2.7671970236516854, "log10_min_child_weight": 1.6550061493024804, "log10_subsample": -0.8768294588539398, "max_depth": 6.0, "num_boost_round": 18.0}, "datetime": {"datetime": "2024-01-19 00:23:24", "elapsed": 697.127281, "delta": 0.001612}}
{"target": -17.67383692164708, "params": {"gamma": 427.36031210799064, "log10_alpha": 0.03042686932140448, "log10_colsample_bytree": -0.7917706702658373, "log10_eta": -2.2891897740397815, "log10_lambda": -2.7671970236516854, "log10_min_child_weight": 1.6550061493024804, "log10_subsample": -0.8768294588539398, "max_depth": 6.0, "num_boost_round": 19.0}, "datetime": {"datetime": "2024-01-19 00:23:24", "elapsed": 697.128841, "delta": 0.00156}}
{"target": -17.673666147113742, "params": {"gamma": 427.36031210799064, "log10_alpha": 0.03042686932140448, "log10_colsample_bytree": -0.7917706702658373, "log10_eta": -2.2891897740397815, "log10_lambda": -2.7671970236516854, "log10_min_child_weight": 1.6550061493024804, "log10_subsample": -0.8768294588539398, "max_depth": 6.0, "num_boost_round": 20.0}, "datetime": {"datetime": "2024-01-19 00:23:24", "elapsed": 697.130361, "delta": 0.00152}}
{"target": -17.673518571744513, "params": {"gamma": 427.36031210799064, "log10_alpha": 0.03042686932140448, "log10_colsample_bytree": -0.7917706702658373, "log10_eta": -2.2891897740397815, "log10_lambda": -2.7671970236516854, "log10_min_child_weight": 1.6550061493024804, "log10_subsample": -0.8768294588539398, "max_depth": 6.0, "num_boost_round": 21.0}, "datetime": {"datetime": "2024-01-19 00:23:24", "elapsed": 697.131885, "delta": 0.001524}}
{"target": -17.673503431588582, "params": {"gamma": 427.36031210799064, "log10_alpha": 0.03042686932140448, "log10_colsample_bytree": -0.7917706702658373, "log10_eta": -2.2891897740397815, "log10_lambda": -2.7671970236516854, "log10_min_child_weight": 1.6550061493024804, "log10_subsample": -0.8768294588539398, "max_depth": 6.0, "num_boost_round": 22.0}, "datetime": {"datetime": "2024-01-19 00:23:24", "elapsed": 697.133441, "delta": 0.001556}}
{"target": -17.67320652711026, "params": {"gamma": 427.36031210799064, "log10_alpha": 0.03042686932140448, "log10_colsample_bytree": -0.7917706702658373, "log10_eta": -2.2891897740397815, "log10_lambda": -2.7671970236516854, "log10_min_child_weight": 1.6550061493024804, "log10_subsample": -0.8768294588539398, "max_depth": 6.0, "num_boost_round": 23.0}, "datetime": {"datetime": "2024-01-19 00:23:24", "elapsed": 697.134967, "delta": 0.001526}}
{"target": -17.673367665532115, "params": {"gamma": 427.36031210799064, "log10_alpha": 0.03042686932140448, "log10_colsample_bytree": -0.7917706702658373, "log10_eta": -2.2891897740397815, "log10_lambda": -2.7671970236516854, "log10_min_child_weight": 1.6550061493024804, "log10_subsample": -0.8768294588539398, "max_depth": 6.0, "num_boost_round": 24.0}, "datetime": {"datetime": "2024-01-19 00:23:24", "elapsed": 697.136548, "delta": 0.001581}}
{"target": -17.67319250387659, "params": {"gamma": 427.36031210799064, "log10_alpha": 0.03042686932140448, "log10_colsample_bytree": -0.7917706702658373, "log10_eta": -2.2891897740397815, "log10_lambda": -2.7671970236516854, "log10_min_child_weight": 1.6550061493024804, "log10_subsample": -0.8768294588539398, "max_depth": 6.0, "num_boost_round": 25.0}, "datetime": {"datetime": "2024-01-19 00:23:24", "elapsed": 697.138079, "delta": 0.001531}}
{"target": -17.67319887608416, "params": {"gamma": 427.36031210799064, "log10_alpha": 0.03042686932140448, "log10_colsample_bytree": -0.7917706702658373, "log10_eta": -2.2891897740397815, "log10_lambda": -2.7671970236516854, "log10_min_child_weight": 1.6550061493024804, "log10_subsample": -0.8768294588539398, "max_depth": 6.0, "num_boost_round": 26.0}, "datetime": {"datetime": "2024-01-19 00:23:24", "elapsed": 697.139607, "delta": 0.001528}}
{"target": -17.673054238716233, "params": {"gamma": 427.36031210799064, "log10_alpha": 0.03042686932140448, "log10_colsample_bytree": -0.7917706702658373, "log10_eta": -2.2891897740397815, "log10_lambda": -2.7671970236516854, "log10_min_child_weight": 1.6550061493024804, "log10_subsample": -0.8768294588539398, "max_depth": 6.0, "num_boost_round": 27.0}, "datetime": {"datetime": "2024-01-19 00:23:24", "elapsed": 697.141132, "delta": 0.001525}}
{"target": -17.672949221466023, "params": {"gamma": 427.36031210799064, "log10_alpha": 0.03042686932140448, "log10_colsample_bytree": -0.7917706702658373, "log10_eta": -2.2891897740397815, "log10_lambda": -2.7671970236516854, "log10_min_child_weight": 1.6550061493024804, "log10_subsample": -0.8768294588539398, "max_depth": 6.0, "num_boost_round": 28.0}, "datetime": {"datetime": "2024-01-19 00:23:24", "elapsed": 697.142653, "delta": 0.001521}}
{"target": -17.67273795304341, "params": {"gamma": 427.36031210799064, "log10_alpha": 0.03042686932140448, "log10_colsample_bytree": -0.7917706702658373, "log10_eta": -2.2891897740397815, "log10_lambda": -2.7671970236516854, "log10_min_child_weight": 1.6550061493024804, "log10_subsample": -0.8768294588539398, "max_depth": 6.0, "num_boost_round": 29.0}, "datetime": {"datetime": "2024-01-19 00:23:24", "elapsed": 697.144248, "delta": 0.001595}}
{"target": -17.67722526417333, "params": {"gamma": 423.4275363609457, "log10_alpha": -4.695415550315111, "log10_colsample_bytree": -0.803769632004108, "log10_eta": -3.9292460644393508, "log10_lambda": 0.825479485079267, "log10_min_child_weight": 1.3560552345734933, "log10_subsample": -0.981014116925801, "max_depth": 7.0, "num_boost_round": 0.0}, "datetime": {"datetime": "2024-01-19 00:23:54", "elapsed": 727.329948, "delta": 30.1857}}
{"target": -17.67722372542636, "params": {"gamma": 423.4275363609457, "log10_alpha": -4.695415550315111, "log10_colsample_bytree": -0.803769632004108, "log10_eta": -3.9292460644393508, "log10_lambda": 0.825479485079267, "log10_min_child_weight": 1.3560552345734933, "log10_subsample": -0.981014116925801, "max_depth": 7.0, "num_boost_round": 1.0}, "datetime": {"datetime": "2024-01-19 00:23:54", "elapsed": 727.332208, "delta": 0.00226}}
{"target": -17.67721724766465, "params": {"gamma": 423.4275363609457, "log10_alpha": -4.695415550315111, "log10_colsample_bytree": -0.803769632004108, "log10_eta": -3.9292460644393508, "log10_lambda": 0.825479485079267, "log10_min_child_weight": 1.3560552345734933, "log10_subsample": -0.981014116925801, "max_depth": 7.0, "num_boost_round": 2.0}, "datetime": {"datetime": "2024-01-19 00:23:54", "elapsed": 727.333791, "delta": 0.001583}}
{"target": -17.677218545981756, "params": {"gamma": 423.4275363609457, "log10_alpha": -4.695415550315111, "log10_colsample_bytree": -0.803769632004108, "log10_eta": -3.9292460644393508, "log10_lambda": 0.825479485079267, "log10_min_child_weight": 1.3560552345734933, "log10_subsample": -0.981014116925801, "max_depth": 7.0, "num_boost_round": 3.0}, "datetime": {"datetime": "2024-01-19 00:23:54", "elapsed": 727.335467, "delta": 0.001676}}
{"target": -17.67721680146817, "params": {"gamma": 423.4275363609457, "log10_alpha": -4.695415550315111, "log10_colsample_bytree": -0.803769632004108, "log10_eta": -3.9292460644393508, "log10_lambda": 0.825479485079267, "log10_min_child_weight": 1.3560552345734933, "log10_subsample": -0.981014116925801, "max_depth": 7.0, "num_boost_round": 4.0}, "datetime": {"datetime": "2024-01-19 00:23:54", "elapsed": 727.336993, "delta": 0.001526}}
{"target": -17.67721775867081, "params": {"gamma": 423.4275363609457, "log10_alpha": -4.695415550315111, "log10_colsample_bytree": -0.803769632004108, "log10_eta": -3.9292460644393508, "log10_lambda": 0.825479485079267, "log10_min_child_weight": 1.3560552345734933, "log10_subsample": -0.981014116925801, "max_depth": 7.0, "num_boost_round": 5.0}, "datetime": {"datetime": "2024-01-19 00:23:54", "elapsed": 727.338762, "delta": 0.001769}}
{"target": -17.677215539455386, "params": {"gamma": 423.4275363609457, "log10_alpha": -4.695415550315111, "log10_colsample_bytree": -0.803769632004108, "log10_eta": -3.9292460644393508, "log10_lambda": 0.825479485079267, "log10_min_child_weight": 1.3560552345734933, "log10_subsample": -0.981014116925801, "max_depth": 7.0, "num_boost_round": 6.0}, "datetime": {"datetime": "2024-01-19 00:23:54", "elapsed": 727.340285, "delta": 0.001523}}
{"target": -17.67720682374084, "params": {"gamma": 423.4275363609457, "log10_alpha": -4.695415550315111, "log10_colsample_bytree": -0.803769632004108, "log10_eta": -3.9292460644393508, "log10_lambda": 0.825479485079267, "log10_min_child_weight": 1.3560552345734933, "log10_subsample": -0.981014116925801, "max_depth": 7.0, "num_boost_round": 7.0}, "datetime": {"datetime": "2024-01-19 00:23:54", "elapsed": 727.341884, "delta": 0.001599}}
{"target": -17.677207715165405, "params": {"gamma": 423.4275363609457, "log10_alpha": -4.695415550315111, "log10_colsample_bytree": -0.803769632004108, "log10_eta": -3.9292460644393508, "log10_lambda": 0.825479485079267, "log10_min_child_weight": 1.3560552345734933, "log10_subsample": -0.981014116925801, "max_depth": 7.0, "num_boost_round": 8.0}, "datetime": {"datetime": "2024-01-19 00:23:54", "elapsed": 727.343393, "delta": 0.001509}}
{"target": -17.677201102542544, "params": {"gamma": 423.4275363609457, "log10_alpha": -4.695415550315111, "log10_colsample_bytree": -0.803769632004108, "log10_eta": -3.9292460644393508, "log10_lambda": 0.825479485079267, "log10_min_child_weight": 1.3560552345734933, "log10_subsample": -0.981014116925801, "max_depth": 7.0, "num_boost_round": 9.0}, "datetime": {"datetime": "2024-01-19 00:23:54", "elapsed": 727.344896, "delta": 0.001503}}
{"target": -17.677188502802743, "params": {"gamma": 423.4275363609457, "log10_alpha": -4.695415550315111, "log10_colsample_bytree": -0.803769632004108, "log10_eta": -3.9292460644393508, "log10_lambda": 0.825479485079267, "log10_min_child_weight": 1.3560552345734933, "log10_subsample": -0.981014116925801, "max_depth": 7.0, "num_boost_round": 10.0}, "datetime": {"datetime": "2024-01-19 00:23:54", "elapsed": 727.346401, "delta": 0.001505}}
{"target": -17.67718515778442, "params": {"gamma": 423.4275363609457, "log10_alpha": -4.695415550315111, "log10_colsample_bytree": -0.803769632004108, "log10_eta": -3.9292460644393508, "log10_lambda": 0.825479485079267, "log10_min_child_weight": 1.3560552345734933, "log10_subsample": -0.981014116925801, "max_depth": 7.0, "num_boost_round": 11.0}, "datetime": {"datetime": "2024-01-19 00:23:54", "elapsed": 727.347976, "delta": 0.001575}}
{"target": -17.677180443496578, "params": {"gamma": 423.4275363609457, "log10_alpha": -4.695415550315111, "log10_colsample_bytree": -0.803769632004108, "log10_eta": -3.9292460644393508, "log10_lambda": 0.825479485079267, "log10_min_child_weight": 1.3560552345734933, "log10_subsample": -0.981014116925801, "max_depth": 7.0, "num_boost_round": 12.0}, "datetime": {"datetime": "2024-01-19 00:23:54", "elapsed": 727.349479, "delta": 0.001503}}
{"target": -17.677169290224704, "params": {"gamma": 423.4275363609457, "log10_alpha": -4.695415550315111, "log10_colsample_bytree": -0.803769632004108, "log10_eta": -3.9292460644393508, "log10_lambda": 0.825479485079267, "log10_min_child_weight": 1.3560552345734933, "log10_subsample": -0.981014116925801, "max_depth": 7.0, "num_boost_round": 13.0}, "datetime": {"datetime": "2024-01-19 00:23:54", "elapsed": 727.351144, "delta": 0.001665}}
{"target": -17.677166224749442, "params": {"gamma": 423.4275363609457, "log10_alpha": -4.695415550315111, "log10_colsample_bytree": -0.803769632004108, "log10_eta": -3.9292460644393508, "log10_lambda": 0.825479485079267, "log10_min_child_weight": 1.3560552345734933, "log10_subsample": -0.981014116925801, "max_depth": 7.0, "num_boost_round": 14.0}, "datetime": {"datetime": "2024-01-19 00:23:54", "elapsed": 727.352825, "delta": 0.001681}}
{"target": -17.677159322535967, "params": {"gamma": 423.4275363609457, "log10_alpha": -4.695415550315111, "log10_colsample_bytree": -0.803769632004108, "log10_eta": -3.9292460644393508, "log10_lambda": 0.825479485079267, "log10_min_child_weight": 1.3560552345734933, "log10_subsample": -0.981014116925801, "max_depth": 7.0, "num_boost_round": 15.0}, "datetime": {"datetime": "2024-01-19 00:23:54", "elapsed": 727.354331, "delta": 0.001506}}
{"target": -17.677153264645604, "params": {"gamma": 423.4275363609457, "log10_alpha": -4.695415550315111, "log10_colsample_bytree": -0.803769632004108, "log10_eta": -3.9292460644393508, "log10_lambda": 0.825479485079267, "log10_min_child_weight": 1.3560552345734933, "log10_subsample": -0.981014116925801, "max_depth": 7.0, "num_boost_round": 16.0}, "datetime": {"datetime": "2024-01-19 00:23:54", "elapsed": 727.355828, "delta": 0.001497}}
{"target": -17.67715337539222, "params": {"gamma": 423.4275363609457, "log10_alpha": -4.695415550315111, "log10_colsample_bytree": -0.803769632004108, "log10_eta": -3.9292460644393508, "log10_lambda": 0.825479485079267, "log10_min_child_weight": 1.3560552345734933, "log10_subsample": -0.981014116925801, "max_depth": 7.0, "num_boost_round": 17.0}, "datetime": {"datetime": "2024-01-19 00:23:54", "elapsed": 727.357333, "delta": 0.001505}}
{"target": -17.677149517718725, "params": {"gamma": 423.4275363609457, "log10_alpha": -4.695415550315111, "log10_colsample_bytree": -0.803769632004108, "log10_eta": -3.9292460644393508, "log10_lambda": 0.825479485079267, "log10_min_child_weight": 1.3560552345734933, "log10_subsample": -0.981014116925801, "max_depth": 7.0, "num_boost_round": 18.0}, "datetime": {"datetime": "2024-01-19 00:23:54", "elapsed": 727.358847, "delta": 0.001514}}
{"target": -17.677133878407954, "params": {"gamma": 423.4275363609457, "log10_alpha": -4.695415550315111, "log10_colsample_bytree": -0.803769632004108, "log10_eta": -3.9292460644393508, "log10_lambda": 0.825479485079267, "log10_min_child_weight": 1.3560552345734933, "log10_subsample": -0.981014116925801, "max_depth": 7.0, "num_boost_round": 19.0}, "datetime": {"datetime": "2024-01-19 00:23:54", "elapsed": 727.360367, "delta": 0.00152}}
{"target": -17.677129613695293, "params": {"gamma": 423.4275363609457, "log10_alpha": -4.695415550315111, "log10_colsample_bytree": -0.803769632004108, "log10_eta": -3.9292460644393508, "log10_lambda": 0.825479485079267, "log10_min_child_weight": 1.3560552345734933, "log10_subsample": -0.981014116925801, "max_depth": 7.0, "num_boost_round": 20.0}, "datetime": {"datetime": "2024-01-19 00:23:54", "elapsed": 727.361956, "delta": 0.001589}}
{"target": -17.677127020795442, "params": {"gamma": 423.4275363609457, "log10_alpha": -4.695415550315111, "log10_colsample_bytree": -0.803769632004108, "log10_eta": -3.9292460644393508, "log10_lambda": 0.825479485079267, "log10_min_child_weight": 1.3560552345734933, "log10_subsample": -0.981014116925801, "max_depth": 7.0, "num_boost_round": 21.0}, "datetime": {"datetime": "2024-01-19 00:23:54", "elapsed": 727.363469, "delta": 0.001513}}
{"target": -17.677122548641783, "params": {"gamma": 423.4275363609457, "log10_alpha": -4.695415550315111, "log10_colsample_bytree": -0.803769632004108, "log10_eta": -3.9292460644393508, "log10_lambda": 0.825479485079267, "log10_min_child_weight": 1.3560552345734933, "log10_subsample": -0.981014116925801, "max_depth": 7.0, "num_boost_round": 22.0}, "datetime": {"datetime": "2024-01-19 00:23:54", "elapsed": 727.364977, "delta": 0.001508}}
{"target": -17.677113377362566, "params": {"gamma": 423.4275363609457, "log10_alpha": -4.695415550315111, "log10_colsample_bytree": -0.803769632004108, "log10_eta": -3.9292460644393508, "log10_lambda": 0.825479485079267, "log10_min_child_weight": 1.3560552345734933, "log10_subsample": -0.981014116925801, "max_depth": 7.0, "num_boost_round": 23.0}, "datetime": {"datetime": "2024-01-19 00:23:54", "elapsed": 727.366503, "delta": 0.001526}}
{"target": -17.677116707996525, "params": {"gamma": 423.4275363609457, "log10_alpha": -4.695415550315111, "log10_colsample_bytree": -0.803769632004108, "log10_eta": -3.9292460644393508, "log10_lambda": 0.825479485079267, "log10_min_child_weight": 1.3560552345734933, "log10_subsample": -0.981014116925801, "max_depth": 7.0, "num_boost_round": 24.0}, "datetime": {"datetime": "2024-01-19 00:23:54", "elapsed": 727.368117, "delta": 0.001614}}
{"target": -17.677111105276783, "params": {"gamma": 423.4275363609457, "log10_alpha": -4.695415550315111, "log10_colsample_bytree": -0.803769632004108, "log10_eta": -3.9292460644393508, "log10_lambda": 0.825479485079267, "log10_min_child_weight": 1.3560552345734933, "log10_subsample": -0.981014116925801, "max_depth": 7.0, "num_boost_round": 25.0}, "datetime": {"datetime": "2024-01-19 00:23:54", "elapsed": 727.369621, "delta": 0.001504}}
{"target": -17.677098628749047, "params": {"gamma": 423.4275363609457, "log10_alpha": -4.695415550315111, "log10_colsample_bytree": -0.803769632004108, "log10_eta": -3.9292460644393508, "log10_lambda": 0.825479485079267, "log10_min_child_weight": 1.3560552345734933, "log10_subsample": -0.981014116925801, "max_depth": 7.0, "num_boost_round": 26.0}, "datetime": {"datetime": "2024-01-19 00:23:54", "elapsed": 727.371206, "delta": 0.001585}}
{"target": -17.677094221791364, "params": {"gamma": 423.4275363609457, "log10_alpha": -4.695415550315111, "log10_colsample_bytree": -0.803769632004108, "log10_eta": -3.9292460644393508, "log10_lambda": 0.825479485079267, "log10_min_child_weight": 1.3560552345734933, "log10_subsample": -0.981014116925801, "max_depth": 7.0, "num_boost_round": 27.0}, "datetime": {"datetime": "2024-01-19 00:23:54", "elapsed": 727.372732, "delta": 0.001526}}
{"target": -17.67709041439834, "params": {"gamma": 423.4275363609457, "log10_alpha": -4.695415550315111, "log10_colsample_bytree": -0.803769632004108, "log10_eta": -3.9292460644393508, "log10_lambda": 0.825479485079267, "log10_min_child_weight": 1.3560552345734933, "log10_subsample": -0.981014116925801, "max_depth": 7.0, "num_boost_round": 28.0}, "datetime": {"datetime": "2024-01-19 00:23:54", "elapsed": 727.374256, "delta": 0.001524}}
{"target": -17.677085156114853, "params": {"gamma": 423.4275363609457, "log10_alpha": -4.695415550315111, "log10_colsample_bytree": -0.803769632004108, "log10_eta": -3.9292460644393508, "log10_lambda": 0.825479485079267, "log10_min_child_weight": 1.3560552345734933, "log10_subsample": -0.981014116925801, "max_depth": 7.0, "num_boost_round": 29.0}, "datetime": {"datetime": "2024-01-19 00:23:54", "elapsed": 727.37576, "delta": 0.001504}}
{"target": -17.677080982316117, "params": {"gamma": 423.4275363609457, "log10_alpha": -4.695415550315111, "log10_colsample_bytree": -0.803769632004108, "log10_eta": -3.9292460644393508, "log10_lambda": 0.825479485079267, "log10_min_child_weight": 1.3560552345734933, "log10_subsample": -0.981014116925801, "max_depth": 7.0, "num_boost_round": 30.0}, "datetime": {"datetime": "2024-01-19 00:23:54", "elapsed": 727.377296, "delta": 0.001536}}
{"target": -17.677071409726313, "params": {"gamma": 423.4275363609457, "log10_alpha": -4.695415550315111, "log10_colsample_bytree": -0.803769632004108, "log10_eta": -3.9292460644393508, "log10_lambda": 0.825479485079267, "log10_min_child_weight": 1.3560552345734933, "log10_subsample": -0.981014116925801, "max_depth": 7.0, "num_boost_round": 31.0}, "datetime": {"datetime": "2024-01-19 00:23:54", "elapsed": 727.378822, "delta": 0.001526}}
{"target": -17.677065020618706, "params": {"gamma": 423.4275363609457, "log10_alpha": -4.695415550315111, "log10_colsample_bytree": -0.803769632004108, "log10_eta": -3.9292460644393508, "log10_lambda": 0.825479485079267, "log10_min_child_weight": 1.3560552345734933, "log10_subsample": -0.981014116925801, "max_depth": 7.0, "num_boost_round": 32.0}, "datetime": {"datetime": "2024-01-19 00:23:54", "elapsed": 727.380335, "delta": 0.001513}}
{"target": -17.67705425454595, "params": {"gamma": 423.4275363609457, "log10_alpha": -4.695415550315111, "log10_colsample_bytree": -0.803769632004108, "log10_eta": -3.9292460644393508, "log10_lambda": 0.825479485079267, "log10_min_child_weight": 1.3560552345734933, "log10_subsample": -0.981014116925801, "max_depth": 7.0, "num_boost_round": 33.0}, "datetime": {"datetime": "2024-01-19 00:23:54", "elapsed": 727.381918, "delta": 0.001583}}
{"target": -17.677046077354422, "params": {"gamma": 423.4275363609457, "log10_alpha": -4.695415550315111, "log10_colsample_bytree": -0.803769632004108, "log10_eta": -3.9292460644393508, "log10_lambda": 0.825479485079267, "log10_min_child_weight": 1.3560552345734933, "log10_subsample": -0.981014116925801, "max_depth": 7.0, "num_boost_round": 34.0}, "datetime": {"datetime": "2024-01-19 00:23:54", "elapsed": 727.383444, "delta": 0.001526}}
{"target": -17.677044276526882, "params": {"gamma": 423.4275363609457, "log10_alpha": -4.695415550315111, "log10_colsample_bytree": -0.803769632004108, "log10_eta": -3.9292460644393508, "log10_lambda": 0.825479485079267, "log10_min_child_weight": 1.3560552345734933, "log10_subsample": -0.981014116925801, "max_depth": 7.0, "num_boost_round": 35.0}, "datetime": {"datetime": "2024-01-19 00:23:54", "elapsed": 727.384969, "delta": 0.001525}}
{"target": -17.67720975260882, "params": {"gamma": 430.64264007415744, "log10_alpha": -0.22636446530763976, "log10_colsample_bytree": -0.08119432131607929, "log10_eta": -3.45129105564902, "log10_lambda": -4.021082952485244, "log10_min_child_weight": 0.5014238164555085, "log10_subsample": -0.22814076839176078, "max_depth": 8.0, "num_boost_round": 0.0}, "datetime": {"datetime": "2024-01-19 00:24:35", "elapsed": 768.547313, "delta": 41.162344}}
