{"target": -13.7586457339457, "params": {"gamma": 432.03454348154645, "log10_alpha": -2.8153748085457395, "log10_colsample_bytree": -0.4038007866835006, "log10_eta": -2.0726504301904525, "log10_lambda": -0.7436390833089952, "log10_min_child_weight": 1.410893561425245, "log10_subsample": -0.12118131498575424, "max_depth": 6.0, "num_boost_round": 40.0}, "datetime": {"datetime": "2024-01-19 00:12:39", "elapsed": 63.266334, "delta": 0.000342}}
{"target": -13.758327706879793, "params": {"gamma": 432.03454348154645, "log10_alpha": -2.8153748085457395, "log10_colsample_bytree": -0.4038007866835006, "log10_eta": -2.0726504301904525, "log10_lambda": -0.7436390833089952, "log10_min_child_weight": 1.410893561425245, "log10_subsample": -0.12118131498575424, "max_depth": 6.0, "num_boost_round": 41.0}, "datetime": {"datetime": "2024-01-19 00:12:39", "elapsed": 63.266675, "delta": 0.000341}}
{"target": -13.75832765389384, "params": {"gamma": 432.03454348154645, "log10_alpha": -2.8153748085457395, "log10_colsample_bytree": -0.4038007866835006, "log10_eta": -2.0726504301904525, "log10_lambda": -0.7436390833089952, "log10_min_child_weight": 1.410893561425245, "log10_subsample": -0.12118131498575424, "max_depth": 6.0, "num_boost_round": 42.0}, "datetime": {"datetime": "2024-01-19 00:12:39", "elapsed": 63.267016, "delta": 0.000341}}
{"target": -13.758528715545769, "params": {"gamma": 432.03454348154645, "log10_alpha": -2.8153748085457395, "log10_colsample_bytree": -0.4038007866835006, "log10_eta": -2.0726504301904525, "log10_lambda": -0.7436390833089952, "log10_min_child_weight": 1.410893561425245, "log10_subsample": -0.12118131498575424, "max_depth": 6.0, "num_boost_round": 43.0}, "datetime": {"datetime": "2024-01-19 00:12:39", "elapsed": 63.267364, "delta": 0.000348}}
{"target": -13.758627156674414, "params": {"gamma": 432.03454348154645, "log10_alpha": -2.8153748085457395, "log10_colsample_bytree": -0.4038007866835006, "log10_eta": -2.0726504301904525, "log10_lambda": -0.7436390833089952, "log10_min_child_weight": 1.410893561425245, "log10_subsample": -0.12118131498575424, "max_depth": 6.0, "num_boost_round": 44.0}, "datetime": {"datetime": "2024-01-19 00:12:39", "elapsed": 63.267706, "delta": 0.000342}}
{"target": -13.758878305233496, "params": {"gamma": 432.03454348154645, "log10_alpha": -2.8153748085457395, "log10_colsample_bytree": -0.4038007866835006, "log10_eta": -2.0726504301904525, "log10_lambda": -0.7436390833089952, "log10_min_child_weight": 1.410893561425245, "log10_subsample": -0.12118131498575424, "max_depth": 6.0, "num_boost_round": 45.0}, "datetime": {"datetime": "2024-01-19 00:12:39", "elapsed": 63.26805, "delta": 0.000344}}
{"target": -13.759514342923916, "params": {"gamma": 432.03454348154645, "log10_alpha": -2.8153748085457395, "log10_colsample_bytree": -0.4038007866835006, "log10_eta": -2.0726504301904525, "log10_lambda": -0.7436390833089952, "log10_min_child_weight": 1.410893561425245, "log10_subsample": -0.12118131498575424, "max_depth": 6.0, "num_boost_round": 46.0}, "datetime": {"datetime": "2024-01-19 00:12:39", "elapsed": 63.268403, "delta": 0.000353}}
{"target": -13.758809787020262, "params": {"gamma": 439.16543856730294, "log10_alpha": -2.8165243663086885, "log10_colsample_bytree": -0.015488758574531802, "log10_eta": -1.7046646727566004, "log10_lambda": -4.948475176430965, "log10_min_child_weight": 2.11681335405655, "log10_subsample": -0.36002129421717954, "max_depth": 5.0, "num_boost_round": 0.0}, "datetime": {"datetime": "2024-01-19 00:13:12", "elapsed": 96.596826, "delta": 33.328423}}
{"target": -13.75852641063838, "params": {"gamma": 439.16543856730294, "log10_alpha": -2.8165243663086885, "log10_colsample_bytree": -0.015488758574531802, "log10_eta": -1.7046646727566004, "log10_lambda": -4.948475176430965, "log10_min_child_weight": 2.11681335405655, "log10_subsample": -0.36002129421717954, "max_depth": 5.0, "num_boost_round": 1.0}, "datetime": {"datetime": "2024-01-19 00:13:12", "elapsed": 96.597424, "delta": 0.000598}}
{"target": -13.758509220554357, "params": {"gamma": 439.16543856730294, "log10_alpha": -2.8165243663086885, "log10_colsample_bytree": -0.015488758574531802, "log10_eta": -1.7046646727566004, "log10_lambda": -4.948475176430965, "log10_min_child_weight": 2.11681335405655, "log10_subsample": -0.36002129421717954, "max_depth": 5.0, "num_boost_round": 2.0}, "datetime": {"datetime": "2024-01-19 00:13:12", "elapsed": 96.597818, "delta": 0.000394}}
{"target": -13.759378415769962, "params": {"gamma": 439.16543856730294, "log10_alpha": -2.8165243663086885, "log10_colsample_bytree": -0.015488758574531802, "log10_eta": -1.7046646727566004, "log10_lambda": -4.948475176430965, "log10_min_child_weight": 2.11681335405655, "log10_subsample": -0.36002129421717954, "max_depth": 5.0, "num_boost_round": 3.0}, "datetime": {"datetime": "2024-01-19 00:13:12", "elapsed": 96.598202, "delta": 0.000384}}
{"target": -13.759935347803085, "params": {"gamma": 439.16543856730294, "log10_alpha": -2.8165243663086885, "log10_colsample_bytree": -0.015488758574531802, "log10_eta": -1.7046646727566004, "log10_lambda": -4.948475176430965, "log10_min_child_weight": 2.11681335405655, "log10_subsample": -0.36002129421717954, "max_depth": 5.0, "num_boost_round": 4.0}, "datetime": {"datetime": "2024-01-19 00:13:12", "elapsed": 96.598578, "delta": 0.000376}}
{"target": -13.760195909999721, "params": {"gamma": 439.16543856730294, "log10_alpha": -2.8165243663086885, "log10_colsample_bytree": -0.015488758574531802, "log10_eta": -1.7046646727566004, "log10_lambda": -4.948475176430965, "log10_min_child_weight": 2.11681335405655, "log10_subsample": -0.36002129421717954, "max_depth": 5.0, "num_boost_round": 5.0}, "datetime": {"datetime": "2024-01-19 00:13:12", "elapsed": 96.598949, "delta": 0.000371}}
{"target": -13.76135346069451, "params": {"gamma": 439.16543856730294, "log10_alpha": -2.8165243663086885, "log10_colsample_bytree": -0.015488758574531802, "log10_eta": -1.7046646727566004, "log10_lambda": -4.948475176430965, "log10_min_child_weight": 2.11681335405655, "log10_subsample": -0.36002129421717954, "max_depth": 5.0, "num_boost_round": 6.0}, "datetime": {"datetime": "2024-01-19 00:13:12", "elapsed": 96.599452, "delta": 0.000503}}
{"target": -13.76176805859537, "params": {"gamma": 439.16543856730294, "log10_alpha": -2.8165243663086885, "log10_colsample_bytree": -0.015488758574531802, "log10_eta": -1.7046646727566004, "log10_lambda": -4.948475176430965, "log10_min_child_weight": 2.11681335405655, "log10_subsample": -0.36002129421717954, "max_depth": 5.0, "num_boost_round": 7.0}, "datetime": {"datetime": "2024-01-19 00:13:12", "elapsed": 96.599831, "delta": 0.000379}}
{"target": -13.76245214565537, "params": {"gamma": 439.16543856730294, "log10_alpha": -2.8165243663086885, "log10_colsample_bytree": -0.015488758574531802, "log10_eta": -1.7046646727566004, "log10_lambda": -4.948475176430965, "log10_min_child_weight": 2.11681335405655, "log10_subsample": -0.36002129421717954, "max_depth": 5.0, "num_boost_round": 8.0}, "datetime": {"datetime": "2024-01-19 00:13:12", "elapsed": 96.600213, "delta": 0.000382}}
{"target": -13.7638831762765, "params": {"gamma": 439.16543856730294, "log10_alpha": -2.8165243663086885, "log10_colsample_bytree": -0.015488758574531802, "log10_eta": -1.7046646727566004, "log10_lambda": -4.948475176430965, "log10_min_child_weight": 2.11681335405655, "log10_subsample": -0.36002129421717954, "max_depth": 5.0, "num_boost_round": 9.0}, "datetime": {"datetime": "2024-01-19 00:13:12", "elapsed": 96.600588, "delta": 0.000375}}
{"target": -13.764682794981052, "params": {"gamma": 439.16543856730294, "log10_alpha": -2.8165243663086885, "log10_colsample_bytree": -0.015488758574531802, "log10_eta": -1.7046646727566004, "log10_lambda": -4.948475176430965, "log10_min_child_weight": 2.11681335405655, "log10_subsample": -0.36002129421717954, "max_depth": 5.0, "num_boost_round": 10.0}, "datetime": {"datetime": "2024-01-19 00:13:12", "elapsed": 96.600962, "delta": 0.000374}}
{"target": -13.765775588648781, "params": {"gamma": 439.16543856730294, "log10_alpha": -2.8165243663086885, "log10_colsample_bytree": -0.015488758574531802, "log10_eta": -1.7046646727566004, "log10_lambda": -4.948475176430965, "log10_min_child_weight": 2.11681335405655, "log10_subsample": -0.36002129421717954, "max_depth": 5.0, "num_boost_round": 11.0}, "datetime": {"datetime": "2024-01-19 00:13:12", "elapsed": 96.601345, "delta": 0.000383}}
{"target": -13.766691436854789, "params": {"gamma": 439.16543856730294, "log10_alpha": -2.8165243663086885, "log10_colsample_bytree": -0.015488758574531802, "log10_eta": -1.7046646727566004, "log10_lambda": -4.948475176430965, "log10_min_child_weight": 2.11681335405655, "log10_subsample": -0.36002129421717954, "max_depth": 5.0, "num_boost_round": 12.0}, "datetime": {"datetime": "2024-01-19 00:13:12", "elapsed": 96.601724, "delta": 0.000379}}
{"target": -13.768276385131674, "params": {"gamma": 439.16543856730294, "log10_alpha": -2.8165243663086885, "log10_colsample_bytree": -0.015488758574531802, "log10_eta": -1.7046646727566004, "log10_lambda": -4.948475176430965, "log10_min_child_weight": 2.11681335405655, "log10_subsample": -0.36002129421717954, "max_depth": 5.0, "num_boost_round": 13.0}, "datetime": {"datetime": "2024-01-19 00:13:12", "elapsed": 96.602106, "delta": 0.000382}}
{"target": -13.768404116840951, "params": {"gamma": 439.16543856730294, "log10_alpha": -2.8165243663086885, "log10_colsample_bytree": -0.015488758574531802, "log10_eta": -1.7046646727566004, "log10_lambda": -4.948475176430965, "log10_min_child_weight": 2.11681335405655, "log10_subsample": -0.36002129421717954, "max_depth": 5.0, "num_boost_round": 14.0}, "datetime": {"datetime": "2024-01-19 00:13:12", "elapsed": 96.602556, "delta": 0.00045}}
{"target": -13.769104472605932, "params": {"gamma": 439.16543856730294, "log10_alpha": -2.8165243663086885, "log10_colsample_bytree": -0.015488758574531802, "log10_eta": -1.7046646727566004, "log10_lambda": -4.948475176430965, "log10_min_child_weight": 2.11681335405655, "log10_subsample": -0.36002129421717954, "max_depth": 5.0, "num_boost_round": 15.0}, "datetime": {"datetime": "2024-01-19 00:13:12", "elapsed": 96.602939, "delta": 0.000383}}
{"target": -13.76980985272489, "params": {"gamma": 439.16543856730294, "log10_alpha": -2.8165243663086885, "log10_colsample_bytree": -0.015488758574531802, "log10_eta": -1.7046646727566004, "log10_lambda": -4.948475176430965, "log10_min_child_weight": 2.11681335405655, "log10_subsample": -0.36002129421717954, "max_depth": 5.0, "num_boost_round": 16.0}, "datetime": {"datetime": "2024-01-19 00:13:12", "elapsed": 96.603329, "delta": 0.00039}}
{"target": -13.770042895628313, "params": {"gamma": 439.16543856730294, "log10_alpha": -2.8165243663086885, "log10_colsample_bytree": -0.015488758574531802, "log10_eta": -1.7046646727566004, "log10_lambda": -4.948475176430965, "log10_min_child_weight": 2.11681335405655, "log10_subsample": -0.36002129421717954, "max_depth": 5.0, "num_boost_round": 17.0}, "datetime": {"datetime": "2024-01-19 00:13:12", "elapsed": 96.603752, "delta": 0.000423}}
{"target": -13.77151564201942, "params": {"gamma": 439.16543856730294, "log10_alpha": -2.8165243663086885, "log10_colsample_bytree": -0.015488758574531802, "log10_eta": -1.7046646727566004, "log10_lambda": -4.948475176430965, "log10_min_child_weight": 2.11681335405655, "log10_subsample": -0.36002129421717954, "max_depth": 5.0, "num_boost_round": 18.0}, "datetime": {"datetime": "2024-01-19 00:13:12", "elapsed": 96.604139, "delta": 0.000387}}
{"target": -13.7725184962034, "params": {"gamma": 439.16543856730294, "log10_alpha": -2.8165243663086885, "log10_colsample_bytree": -0.015488758574531802, "log10_eta": -1.7046646727566004, "log10_lambda": -4.948475176430965, "log10_min_child_weight": 2.11681335405655, "log10_subsample": -0.36002129421717954, "max_depth": 5.0, "num_boost_round": 19.0}, "datetime": {"datetime": "2024-01-19 00:13:12", "elapsed": 96.604541, "delta": 0.000402}}
{"target": -13.774122906615336, "params": {"gamma": 439.16543856730294, "log10_alpha": -2.8165243663086885, "log10_colsample_bytree": -0.015488758574531802, "log10_eta": -1.7046646727566004, "log10_lambda": -4.948475176430965, "log10_min_child_weight": 2.11681335405655, "log10_subsample": -0.36002129421717954, "max_depth": 5.0, "num_boost_round": 20.0}, "datetime": {"datetime": "2024-01-19 00:13:12", "elapsed": 96.60493, "delta": 0.000389}}
{"target": -13.774350700726782, "params": {"gamma": 439.16543856730294, "log10_alpha": -2.8165243663086885, "log10_colsample_bytree": -0.015488758574531802, "log10_eta": -1.7046646727566004, "log10_lambda": -4.948475176430965, "log10_min_child_weight": 2.11681335405655, "log10_subsample": -0.36002129421717954, "max_depth": 5.0, "num_boost_round": 21.0}, "datetime": {"datetime": "2024-01-19 00:13:12", "elapsed": 96.605322, "delta": 0.000392}}
{"target": -13.77606479673447, "params": {"gamma": 439.16543856730294, "log10_alpha": -2.8165243663086885, "log10_colsample_bytree": -0.015488758574531802, "log10_eta": -1.7046646727566004, "log10_lambda": -4.948475176430965, "log10_min_child_weight": 2.11681335405655, "log10_subsample": -0.36002129421717954, "max_depth": 5.0, "num_boost_round": 22.0}, "datetime": {"datetime": "2024-01-19 00:13:12", "elapsed": 96.60571, "delta": 0.000388}}
{"target": -13.776359478194292, "params": {"gamma": 439.16543856730294, "log10_alpha": -2.8165243663086885, "log10_colsample_bytree": -0.015488758574531802, "log10_eta": -1.7046646727566004, "log10_lambda": -4.948475176430965, "log10_min_child_weight": 2.11681335405655, "log10_subsample": -0.36002129421717954, "max_depth": 5.0, "num_boost_round": 23.0}, "datetime": {"datetime": "2024-01-19 00:13:12", "elapsed": 96.6061, "delta": 0.00039}}
{"target": -13.777222075746028, "params": {"gamma": 439.16543856730294, "log10_alpha": -2.8165243663086885, "log10_colsample_bytree": -0.015488758574531802, "log10_eta": -1.7046646727566004, "log10_lambda": -4.948475176430965, "log10_min_child_weight": 2.11681335405655, "log10_subsample": -0.36002129421717954, "max_depth": 5.0, "num_boost_round": 24.0}, "datetime": {"datetime": "2024-01-19 00:13:12", "elapsed": 96.606498, "delta": 0.000398}}
{"target": -13.776862384175775, "params": {"gamma": 439.16543856730294, "log10_alpha": -2.8165243663086885, "log10_colsample_bytree": -0.015488758574531802, "log10_eta": -1.7046646727566004, "log10_lambda": -4.948475176430965, "log10_min_child_weight": 2.11681335405655, "log10_subsample": -0.36002129421717954, "max_depth": 5.0, "num_boost_round": 25.0}, "datetime": {"datetime": "2024-01-19 00:13:12", "elapsed": 96.606889, "delta": 0.000391}}
{"target": -13.777817611566851, "params": {"gamma": 439.16543856730294, "log10_alpha": -2.8165243663086885, "log10_colsample_bytree": -0.015488758574531802, "log10_eta": -1.7046646727566004, "log10_lambda": -4.948475176430965, "log10_min_child_weight": 2.11681335405655, "log10_subsample": -0.36002129421717954, "max_depth": 5.0, "num_boost_round": 26.0}, "datetime": {"datetime": "2024-01-19 00:13:12", "elapsed": 96.607288, "delta": 0.000399}}
{"target": -13.777874829496481, "params": {"gamma": 439.16543856730294, "log10_alpha": -2.8165243663086885, "log10_colsample_bytree": -0.015488758574531802, "log10_eta": -1.7046646727566004, "log10_lambda": -4.948475176430965, "log10_min_child_weight": 2.11681335405655, "log10_subsample": -0.36002129421717954, "max_depth": 5.0, "num_boost_round": 27.0}, "datetime": {"datetime": "2024-01-19 00:13:12", "elapsed": 96.607681, "delta": 0.000393}}
{"target": -13.778653710069392, "params": {"gamma": 439.16543856730294, "log10_alpha": -2.8165243663086885, "log10_colsample_bytree": -0.015488758574531802, "log10_eta": -1.7046646727566004, "log10_lambda": -4.948475176430965, "log10_min_child_weight": 2.11681335405655, "log10_subsample": -0.36002129421717954, "max_depth": 5.0, "num_boost_round": 28.0}, "datetime": {"datetime": "2024-01-19 00:13:12", "elapsed": 96.608075, "delta": 0.000394}}
{"target": -13.779722536113592, "params": {"gamma": 439.16543856730294, "log10_alpha": -2.8165243663086885, "log10_colsample_bytree": -0.015488758574531802, "log10_eta": -1.7046646727566004, "log10_lambda": -4.948475176430965, "log10_min_child_weight": 2.11681335405655, "log10_subsample": -0.36002129421717954, "max_depth": 5.0, "num_boost_round": 29.0}, "datetime": {"datetime": "2024-01-19 00:13:12", "elapsed": 96.60848, "delta": 0.000405}}
{"target": -13.78011584255024, "params": {"gamma": 439.16543856730294, "log10_alpha": -2.8165243663086885, "log10_colsample_bytree": -0.015488758574531802, "log10_eta": -1.7046646727566004, "log10_lambda": -4.948475176430965, "log10_min_child_weight": 2.11681335405655, "log10_subsample": -0.36002129421717954, "max_depth": 5.0, "num_boost_round": 30.0}, "datetime": {"datetime": "2024-01-19 00:13:12", "elapsed": 96.608976, "delta": 0.000496}}
{"target": -13.780518159448302, "params": {"gamma": 439.16543856730294, "log10_alpha": -2.8165243663086885, "log10_colsample_bytree": -0.015488758574531802, "log10_eta": -1.7046646727566004, "log10_lambda": -4.948475176430965, "log10_min_child_weight": 2.11681335405655, "log10_subsample": -0.36002129421717954, "max_depth": 5.0, "num_boost_round": 31.0}, "datetime": {"datetime": "2024-01-19 00:13:12", "elapsed": 96.609396, "delta": 0.00042}}
{"target": -13.780814857767568, "params": {"gamma": 439.16543856730294, "log10_alpha": -2.8165243663086885, "log10_colsample_bytree": -0.015488758574531802, "log10_eta": -1.7046646727566004, "log10_lambda": -4.948475176430965, "log10_min_child_weight": 2.11681335405655, "log10_subsample": -0.36002129421717954, "max_depth": 5.0, "num_boost_round": 32.0}, "datetime": {"datetime": "2024-01-19 00:13:12", "elapsed": 96.609803, "delta": 0.000407}}
{"target": -13.781086205853466, "params": {"gamma": 439.16543856730294, "log10_alpha": -2.8165243663086885, "log10_colsample_bytree": -0.015488758574531802, "log10_eta": -1.7046646727566004, "log10_lambda": -4.948475176430965, "log10_min_child_weight": 2.11681335405655, "log10_subsample": -0.36002129421717954, "max_depth": 5.0, "num_boost_round": 33.0}, "datetime": {"datetime": "2024-01-19 00:13:12", "elapsed": 96.610218, "delta": 0.000415}}
{"target": -13.78135025797665, "params": {"gamma": 439.16543856730294, "log10_alpha": -2.8165243663086885, "log10_colsample_bytree": -0.015488758574531802, "log10_eta": -1.7046646727566004, "log10_lambda": -4.948475176430965, "log10_min_child_weight": 2.11681335405655, "log10_subsample": -0.36002129421717954, "max_depth": 5.0, "num_boost_round": 34.0}, "datetime": {"datetime": "2024-01-19 00:13:12", "elapsed": 96.610624, "delta": 0.000406}}
{"target": -13.781524068605687, "params": {"gamma": 439.16543856730294, "log10_alpha": -2.8165243663086885, "log10_colsample_bytree": -0.015488758574531802, "log10_eta": -1.7046646727566004, "log10_lambda": -4.948475176430965, "log10_min_child_weight": 2.11681335405655, "log10_subsample": -0.36002129421717954, "max_depth": 5.0, "num_boost_round": 35.0}, "datetime": {"datetime": "2024-01-19 00:13:12", "elapsed": 96.611031, "delta": 0.000407}}
{"target": -13.78185891457056, "params": {"gamma": 439.16543856730294, "log10_alpha": -2.8165243663086885, "log10_colsample_bytree": -0.015488758574531802, "log10_eta": -1.7046646727566004, "log10_lambda": -4.948475176430965, "log10_min_child_weight": 2.11681335405655, "log10_subsample": -0.36002129421717954, "max_depth": 5.0, "num_boost_round": 36.0}, "datetime": {"datetime": "2024-01-19 00:13:12", "elapsed": 96.611452, "delta": 0.000421}}
{"target": -13.782182222463218, "params": {"gamma": 439.16543856730294, "log10_alpha": -2.8165243663086885, "log10_colsample_bytree": -0.015488758574531802, "log10_eta": -1.7046646727566004, "log10_lambda": -4.948475176430965, "log10_min_child_weight": 2.11681335405655, "log10_subsample": -0.36002129421717954, "max_depth": 5.0, "num_boost_round": 37.0}, "datetime": {"datetime": "2024-01-19 00:13:12", "elapsed": 96.611865, "delta": 0.000413}}
{"target": -13.78303290197288, "params": {"gamma": 439.16543856730294, "log10_alpha": -2.8165243663086885, "log10_colsample_bytree": -0.015488758574531802, "log10_eta": -1.7046646727566004, "log10_lambda": -4.948475176430965, "log10_min_child_weight": 2.11681335405655, "log10_subsample": -0.36002129421717954, "max_depth": 5.0, "num_boost_round": 38.0}, "datetime": {"datetime": "2024-01-19 00:13:12", "elapsed": 96.612288, "delta": 0.000423}}
{"target": -13.783701684660741, "params": {"gamma": 439.16543856730294, "log10_alpha": -2.8165243663086885, "log10_colsample_bytree": -0.015488758574531802, "log10_eta": -1.7046646727566004, "log10_lambda": -4.948475176430965, "log10_min_child_weight": 2.11681335405655, "log10_subsample": -0.36002129421717954, "max_depth": 5.0, "num_boost_round": 39.0}, "datetime": {"datetime": "2024-01-19 00:13:12", "elapsed": 96.612705, "delta": 0.000417}}
{"target": -13.784572612126965, "params": {"gamma": 439.16543856730294, "log10_alpha": -2.8165243663086885, "log10_colsample_bytree": -0.015488758574531802, "log10_eta": -1.7046646727566004, "log10_lambda": -4.948475176430965, "log10_min_child_weight": 2.11681335405655, "log10_subsample": -0.36002129421717954, "max_depth": 5.0, "num_boost_round": 40.0}, "datetime": {"datetime": "2024-01-19 00:13:12", "elapsed": 96.613119, "delta": 0.000414}}
{"target": -13.785062380128744, "params": {"gamma": 439.16543856730294, "log10_alpha": -2.8165243663086885, "log10_colsample_bytree": -0.015488758574531802, "log10_eta": -1.7046646727566004, "log10_lambda": -4.948475176430965, "log10_min_child_weight": 2.11681335405655, "log10_subsample": -0.36002129421717954, "max_depth": 5.0, "num_boost_round": 41.0}, "datetime": {"datetime": "2024-01-19 00:13:12", "elapsed": 96.613543, "delta": 0.000424}}
