{"target": -13.758484057856611, "params": {"gamma": 8.2448410784981, "log10_alpha": 0.9185229341874885, "log10_colsample_bytree": -0.5246529461856884, "log10_eta": -3.514034975066043, "log10_lambda": 0.22560637804574224, "log10_min_child_weight": 2.7274213129161664, "log10_subsample": -0.18444708181782787, "max_depth": 5.0, "num_boost_round": 7.0}, "datetime": {"datetime": "2024-01-19 00:35:15", "elapsed": 1423.285846, "delta": 0.001634}}
{"target": -13.758482905983344, "params": {"gamma": 8.2448410784981, "log10_alpha": 0.9185229341874885, "log10_colsample_bytree": -0.5246529461856884, "log10_eta": -3.514034975066043, "log10_lambda": 0.22560637804574224, "log10_min_child_weight": 2.7274213129161664, "log10_subsample": -0.18444708181782787, "max_depth": 5.0, "num_boost_round": 8.0}, "datetime": {"datetime": "2024-01-19 00:35:15", "elapsed": 1423.287464, "delta": 0.001618}}
{"target": -13.758480506708167, "params": {"gamma": 8.2448410784981, "log10_alpha": 0.9185229341874885, "log10_colsample_bytree": -0.5246529461856884, "log10_eta": -3.514034975066043, "log10_lambda": 0.22560637804574224, "log10_min_child_weight": 2.7274213129161664, "log10_subsample": -0.18444708181782787, "max_depth": 5.0, "num_boost_round": 9.0}, "datetime": {"datetime": "2024-01-19 00:35:15", "elapsed": 1423.289279, "delta": 0.001815}}
{"target": -13.758482581595732, "params": {"gamma": 8.2448410784981, "log10_alpha": 0.9185229341874885, "log10_colsample_bytree": -0.5246529461856884, "log10_eta": -3.514034975066043, "log10_lambda": 0.22560637804574224, "log10_min_child_weight": 2.7274213129161664, "log10_subsample": -0.18444708181782787, "max_depth": 5.0, "num_boost_round": 10.0}, "datetime": {"datetime": "2024-01-19 00:35:15", "elapsed": 1423.291088, "delta": 0.001809}}
{"target": -13.758469863085717, "params": {"gamma": 8.2448410784981, "log10_alpha": 0.9185229341874885, "log10_colsample_bytree": -0.5246529461856884, "log10_eta": -3.514034975066043, "log10_lambda": 0.22560637804574224, "log10_min_child_weight": 2.7274213129161664, "log10_subsample": -0.18444708181782787, "max_depth": 5.0, "num_boost_round": 11.0}, "datetime": {"datetime": "2024-01-19 00:35:15", "elapsed": 1423.292952, "delta": 0.001864}}
{"target": -13.758470068610835, "params": {"gamma": 8.2448410784981, "log10_alpha": 0.9185229341874885, "log10_colsample_bytree": -0.5246529461856884, "log10_eta": -3.514034975066043, "log10_lambda": 0.22560637804574224, "log10_min_child_weight": 2.7274213129161664, "log10_subsample": -0.18444708181782787, "max_depth": 5.0, "num_boost_round": 12.0}, "datetime": {"datetime": "2024-01-19 00:35:15", "elapsed": 1423.294698, "delta": 0.001746}}
{"target": -13.758476605093609, "params": {"gamma": 8.2448410784981, "log10_alpha": 0.9185229341874885, "log10_colsample_bytree": -0.5246529461856884, "log10_eta": -3.514034975066043, "log10_lambda": 0.22560637804574224, "log10_min_child_weight": 2.7274213129161664, "log10_subsample": -0.18444708181782787, "max_depth": 5.0, "num_boost_round": 13.0}, "datetime": {"datetime": "2024-01-19 00:35:15", "elapsed": 1423.296457, "delta": 0.001759}}
{"target": -13.75847626474893, "params": {"gamma": 8.2448410784981, "log10_alpha": 0.9185229341874885, "log10_colsample_bytree": -0.5246529461856884, "log10_eta": -3.514034975066043, "log10_lambda": 0.22560637804574224, "log10_min_child_weight": 2.7274213129161664, "log10_subsample": -0.18444708181782787, "max_depth": 5.0, "num_boost_round": 14.0}, "datetime": {"datetime": "2024-01-19 00:35:15", "elapsed": 1423.298132, "delta": 0.001675}}
{"target": -14.346042923484864, "params": {"gamma": 31.18958570027518, "log10_alpha": -4.038992246745718, "log10_colsample_bytree": 0.0, "log10_eta": 0.0, "log10_lambda": -4.057251029985636, "log10_min_child_weight": 0.0, "log10_subsample": -1.0, "max_depth": 8.0, "num_boost_round": 0.0}, "datetime": {"datetime": "2024-01-19 00:35:39", "elapsed": 1447.481189, "delta": 24.183057}}
{"target": -14.699571102156906, "params": {"gamma": 31.18958570027518, "log10_alpha": -4.038992246745718, "log10_colsample_bytree": 0.0, "log10_eta": 0.0, "log10_lambda": -4.057251029985636, "log10_min_child_weight": 0.0, "log10_subsample": -1.0, "max_depth": 8.0, "num_boost_round": 1.0}, "datetime": {"datetime": "2024-01-19 00:35:39", "elapsed": 1447.483028, "delta": 0.001839}}
{"target": -14.975142874477026, "params": {"gamma": 31.18958570027518, "log10_alpha": -4.038992246745718, "log10_colsample_bytree": 0.0, "log10_eta": 0.0, "log10_lambda": -4.057251029985636, "log10_min_child_weight": 0.0, "log10_subsample": -1.0, "max_depth": 8.0, "num_boost_round": 2.0}, "datetime": {"datetime": "2024-01-19 00:35:39", "elapsed": 1447.485507, "delta": 0.002479}}
{"target": -15.305497817008252, "params": {"gamma": 31.18958570027518, "log10_alpha": -4.038992246745718, "log10_colsample_bytree": 0.0, "log10_eta": 0.0, "log10_lambda": -4.057251029985636, "log10_min_child_weight": 0.0, "log10_subsample": -1.0, "max_depth": 8.0, "num_boost_round": 3.0}, "datetime": {"datetime": "2024-01-19 00:35:39", "elapsed": 1447.487307, "delta": 0.0018}}
{"target": -15.58810269890033, "params": {"gamma": 31.18958570027518, "log10_alpha": -4.038992246745718, "log10_colsample_bytree": 0.0, "log10_eta": 0.0, "log10_lambda": -4.057251029985636, "log10_min_child_weight": 0.0, "log10_subsample": -1.0, "max_depth": 8.0, "num_boost_round": 4.0}, "datetime": {"datetime": "2024-01-19 00:35:39", "elapsed": 1447.489163, "delta": 0.001856}}
{"target": -16.10975324130869, "params": {"gamma": 31.18958570027518, "log10_alpha": -4.038992246745718, "log10_colsample_bytree": 0.0, "log10_eta": 0.0, "log10_lambda": -4.057251029985636, "log10_min_child_weight": 0.0, "log10_subsample": -1.0, "max_depth": 8.0, "num_boost_round": 5.0}, "datetime": {"datetime": "2024-01-19 00:35:39", "elapsed": 1447.490905, "delta": 0.001742}}
{"target": -16.534599623154353, "params": {"gamma": 31.18958570027518, "log10_alpha": -4.038992246745718, "log10_colsample_bytree": 0.0, "log10_eta": 0.0, "log10_lambda": -4.057251029985636, "log10_min_child_weight": 0.0, "log10_subsample": -1.0, "max_depth": 8.0, "num_boost_round": 6.0}, "datetime": {"datetime": "2024-01-19 00:35:39", "elapsed": 1447.492733, "delta": 0.001828}}
{"target": -16.64767854557431, "params": {"gamma": 31.18958570027518, "log10_alpha": -4.038992246745718, "log10_colsample_bytree": 0.0, "log10_eta": 0.0, "log10_lambda": -4.057251029985636, "log10_min_child_weight": 0.0, "log10_subsample": -1.0, "max_depth": 8.0, "num_boost_round": 7.0}, "datetime": {"datetime": "2024-01-19 00:35:39", "elapsed": 1447.494529, "delta": 0.001796}}
{"target": -17.526852673168765, "params": {"gamma": 31.18958570027518, "log10_alpha": -4.038992246745718, "log10_colsample_bytree": 0.0, "log10_eta": 0.0, "log10_lambda": -4.057251029985636, "log10_min_child_weight": 0.0, "log10_subsample": -1.0, "max_depth": 8.0, "num_boost_round": 8.0}, "datetime": {"datetime": "2024-01-19 00:35:39", "elapsed": 1447.496225, "delta": 0.001696}}
{"target": -16.93420518864321, "params": {"gamma": 31.18958570027518, "log10_alpha": -4.038992246745718, "log10_colsample_bytree": 0.0, "log10_eta": 0.0, "log10_lambda": -4.057251029985636, "log10_min_child_weight": 0.0, "log10_subsample": -1.0, "max_depth": 8.0, "num_boost_round": 9.0}, "datetime": {"datetime": "2024-01-19 00:35:39", "elapsed": 1447.49789, "delta": 0.001665}}
{"target": -16.98199030758336, "params": {"gamma": 31.18958570027518, "log10_alpha": -4.038992246745718, "log10_colsample_bytree": 0.0, "log10_eta": 0.0, "log10_lambda": -4.057251029985636, "log10_min_child_weight": 0.0, "log10_subsample": -1.0, "max_depth": 8.0, "num_boost_round": 10.0}, "datetime": {"datetime": "2024-01-19 00:35:39", "elapsed": 1447.499557, "delta": 0.001667}}
{"target": -17.302469065903512, "params": {"gamma": 31.18958570027518, "log10_alpha": -4.038992246745718, "log10_colsample_bytree": 0.0, "log10_eta": 0.0, "log10_lambda": -4.057251029985636, "log10_min_child_weight": 0.0, "log10_subsample": -1.0, "max_depth": 8.0, "num_boost_round": 11.0}, "datetime": {"datetime": "2024-01-19 00:35:39", "elapsed": 1447.501199, "delta": 0.001642}}
{"target": -17.55135294187866, "params": {"gamma": 31.18958570027518, "log10_alpha": -4.038992246745718, "log10_colsample_bytree": 0.0, "log10_eta": 0.0, "log10_lambda": -4.057251029985636, "log10_min_child_weight": 0.0, "log10_subsample": -1.0, "max_depth": 8.0, "num_boost_round": 12.0}, "datetime": {"datetime": "2024-01-19 00:35:39", "elapsed": 1447.502841, "delta": 0.001642}}
{"target": -17.8472257581488, "params": {"gamma": 31.18958570027518, "log10_alpha": -4.038992246745718, "log10_colsample_bytree": 0.0, "log10_eta": 0.0, "log10_lambda": -4.057251029985636, "log10_min_child_weight": 0.0, "log10_subsample": -1.0, "max_depth": 8.0, "num_boost_round": 13.0}, "datetime": {"datetime": "2024-01-19 00:35:39", "elapsed": 1447.504496, "delta": 0.001655}}
{"target": -18.31620455310511, "params": {"gamma": 31.18958570027518, "log10_alpha": -4.038992246745718, "log10_colsample_bytree": 0.0, "log10_eta": 0.0, "log10_lambda": -4.057251029985636, "log10_min_child_weight": 0.0, "log10_subsample": -1.0, "max_depth": 8.0, "num_boost_round": 14.0}, "datetime": {"datetime": "2024-01-19 00:35:39", "elapsed": 1447.50617, "delta": 0.001674}}
{"target": -19.047603321738496, "params": {"gamma": 31.18958570027518, "log10_alpha": -4.038992246745718, "log10_colsample_bytree": 0.0, "log10_eta": 0.0, "log10_lambda": -4.057251029985636, "log10_min_child_weight": 0.0, "log10_subsample": -1.0, "max_depth": 8.0, "num_boost_round": 15.0}, "datetime": {"datetime": "2024-01-19 00:35:39", "elapsed": 1447.50785, "delta": 0.00168}}
{"target": -13.758515920127993, "params": {"gamma": 34.366801284779754, "log10_alpha": -2.593958497278776, "log10_colsample_bytree": -0.5097196783803992, "log10_eta": -2.5409214579454678, "log10_lambda": 0.1115672724490766, "log10_min_child_weight": 4.8137169595169285, "log10_subsample": -0.01758173233497129, "max_depth": 4.0, "num_boost_round": 0.0}, "datetime": {"datetime": "2024-01-19 00:36:01", "elapsed": 1469.752217, "delta": 22.244367}}
{"target": -13.758507133389422, "params": {"gamma": 34.366801284779754, "log10_alpha": -2.593958497278776, "log10_colsample_bytree": -0.5097196783803992, "log10_eta": -2.5409214579454678, "log10_lambda": 0.1115672724490766, "log10_min_child_weight": 4.8137169595169285, "log10_subsample": -0.01758173233497129, "max_depth": 4.0, "num_boost_round": 1.0}, "datetime": {"datetime": "2024-01-19 00:36:01", "elapsed": 1469.755203, "delta": 0.002986}}
{"target": -13.75851414216153, "params": {"gamma": 34.366801284779754, "log10_alpha": -2.593958497278776, "log10_colsample_bytree": -0.5097196783803992, "log10_eta": -2.5409214579454678, "log10_lambda": 0.1115672724490766, "log10_min_child_weight": 4.8137169595169285, "log10_subsample": -0.01758173233497129, "max_depth": 4.0, "num_boost_round": 2.0}, "datetime": {"datetime": "2024-01-19 00:36:01", "elapsed": 1469.75691, "delta": 0.001707}}
{"target": -13.75851202995564, "params": {"gamma": 34.366801284779754, "log10_alpha": -2.593958497278776, "log10_colsample_bytree": -0.5097196783803992, "log10_eta": -2.5409214579454678, "log10_lambda": 0.1115672724490766, "log10_min_child_weight": 4.8137169595169285, "log10_subsample": -0.01758173233497129, "max_depth": 4.0, "num_boost_round": 3.0}, "datetime": {"datetime": "2024-01-19 00:36:01", "elapsed": 1469.758603, "delta": 0.001693}}
{"target": -13.758506291246901, "params": {"gamma": 34.366801284779754, "log10_alpha": -2.593958497278776, "log10_colsample_bytree": -0.5097196783803992, "log10_eta": -2.5409214579454678, "log10_lambda": 0.1115672724490766, "log10_min_child_weight": 4.8137169595169285, "log10_subsample": -0.01758173233497129, "max_depth": 4.0, "num_boost_round": 4.0}, "datetime": {"datetime": "2024-01-19 00:36:01", "elapsed": 1469.760326, "delta": 0.001723}}
{"target": -13.758498518228786, "params": {"gamma": 34.366801284779754, "log10_alpha": -2.593958497278776, "log10_colsample_bytree": -0.5097196783803992, "log10_eta": -2.5409214579454678, "log10_lambda": 0.1115672724490766, "log10_min_child_weight": 4.8137169595169285, "log10_subsample": -0.01758173233497129, "max_depth": 4.0, "num_boost_round": 5.0}, "datetime": {"datetime": "2024-01-19 00:36:01", "elapsed": 1469.76204, "delta": 0.001714}}
{"target": -13.758506368284396, "params": {"gamma": 34.366801284779754, "log10_alpha": -2.593958497278776, "log10_colsample_bytree": -0.5097196783803992, "log10_eta": -2.5409214579454678, "log10_lambda": 0.1115672724490766, "log10_min_child_weight": 4.8137169595169285, "log10_subsample": -0.01758173233497129, "max_depth": 4.0, "num_boost_round": 6.0}, "datetime": {"datetime": "2024-01-19 00:36:01", "elapsed": 1469.763764, "delta": 0.001724}}
{"target": -13.758500655633977, "params": {"gamma": 34.366801284779754, "log10_alpha": -2.593958497278776, "log10_colsample_bytree": -0.5097196783803992, "log10_eta": -2.5409214579454678, "log10_lambda": 0.1115672724490766, "log10_min_child_weight": 4.8137169595169285, "log10_subsample": -0.01758173233497129, "max_depth": 4.0, "num_boost_round": 7.0}, "datetime": {"datetime": "2024-01-19 00:36:01", "elapsed": 1469.765463, "delta": 0.001699}}
{"target": -13.758494593988994, "params": {"gamma": 34.366801284779754, "log10_alpha": -2.593958497278776, "log10_colsample_bytree": -0.5097196783803992, "log10_eta": -2.5409214579454678, "log10_lambda": 0.1115672724490766, "log10_min_child_weight": 4.8137169595169285, "log10_subsample": -0.01758173233497129, "max_depth": 4.0, "num_boost_round": 8.0}, "datetime": {"datetime": "2024-01-19 00:36:01", "elapsed": 1469.767154, "delta": 0.001691}}
{"target": -13.758482231271614, "params": {"gamma": 34.366801284779754, "log10_alpha": -2.593958497278776, "log10_colsample_bytree": -0.5097196783803992, "log10_eta": -2.5409214579454678, "log10_lambda": 0.1115672724490766, "log10_min_child_weight": 4.8137169595169285, "log10_subsample": -0.01758173233497129, "max_depth": 4.0, "num_boost_round": 9.0}, "datetime": {"datetime": "2024-01-19 00:36:01", "elapsed": 1469.768954, "delta": 0.0018}}
{"target": -13.758463613625551, "params": {"gamma": 34.366801284779754, "log10_alpha": -2.593958497278776, "log10_colsample_bytree": -0.5097196783803992, "log10_eta": -2.5409214579454678, "log10_lambda": 0.1115672724490766, "log10_min_child_weight": 4.8137169595169285, "log10_subsample": -0.01758173233497129, "max_depth": 4.0, "num_boost_round": 10.0}, "datetime": {"datetime": "2024-01-19 00:36:01", "elapsed": 1469.770653, "delta": 0.001699}}
{"target": -13.758461070902795, "params": {"gamma": 34.366801284779754, "log10_alpha": -2.593958497278776, "log10_colsample_bytree": -0.5097196783803992, "log10_eta": -2.5409214579454678, "log10_lambda": 0.1115672724490766, "log10_min_child_weight": 4.8137169595169285, "log10_subsample": -0.01758173233497129, "max_depth": 4.0, "num_boost_round": 11.0}, "datetime": {"datetime": "2024-01-19 00:36:01", "elapsed": 1469.772341, "delta": 0.001688}}
{"target": -13.758467404506579, "params": {"gamma": 34.366801284779754, "log10_alpha": -2.593958497278776, "log10_colsample_bytree": -0.5097196783803992, "log10_eta": -2.5409214579454678, "log10_lambda": 0.1115672724490766, "log10_min_child_weight": 4.8137169595169285, "log10_subsample": -0.01758173233497129, "max_depth": 4.0, "num_boost_round": 12.0}, "datetime": {"datetime": "2024-01-19 00:36:01", "elapsed": 1469.77405, "delta": 0.001709}}
{"target": -13.75845606994433, "params": {"gamma": 34.366801284779754, "log10_alpha": -2.593958497278776, "log10_colsample_bytree": -0.5097196783803992, "log10_eta": -2.5409214579454678, "log10_lambda": 0.1115672724490766, "log10_min_child_weight": 4.8137169595169285, "log10_subsample": -0.01758173233497129, "max_depth": 4.0, "num_boost_round": 13.0}, "datetime": {"datetime": "2024-01-19 00:36:01", "elapsed": 1469.775842, "delta": 0.001792}}
{"target": -13.758450950194643, "params": {"gamma": 34.366801284779754, "log10_alpha": -2.593958497278776, "log10_colsample_bytree": -0.5097196783803992, "log10_eta": -2.5409214579454678, "log10_lambda": 0.1115672724490766, "log10_min_child_weight": 4.8137169595169285, "log10_subsample": -0.01758173233497129, "max_depth": 4.0, "num_boost_round": 14.0}, "datetime": {"datetime": "2024-01-19 00:36:01", "elapsed": 1469.777534, "delta": 0.001692}}
{"target": -13.758533618934205, "params": {"gamma": 32.80106591882914, "log10_alpha": -3.807859162455362, "log10_colsample_bytree": -0.6521428758619751, "log10_eta": -3.3669487386415917, "log10_lambda": 0.10999869656803707, "log10_min_child_weight": 2.4162618147032315, "log10_subsample": -0.08534741404933632, "max_depth": 2.0, "num_boost_round": 0.0}, "datetime": {"datetime": "2024-01-19 00:36:20", "elapsed": 1488.515125, "delta": 18.737591}}
{"target": -13.758527683846022, "params": {"gamma": 32.80106591882914, "log10_alpha": -3.807859162455362, "log10_colsample_bytree": -0.6521428758619751, "log10_eta": -3.3669487386415917, "log10_lambda": 0.10999869656803707, "log10_min_child_weight": 2.4162618147032315, "log10_subsample": -0.08534741404933632, "max_depth": 2.0, "num_boost_round": 1.0}, "datetime": {"datetime": "2024-01-19 00:36:20", "elapsed": 1488.517697, "delta": 0.002572}}
{"target": -13.758527129965307, "params": {"gamma": 32.80106591882914, "log10_alpha": -3.807859162455362, "log10_colsample_bytree": -0.6521428758619751, "log10_eta": -3.3669487386415917, "log10_lambda": 0.10999869656803707, "log10_min_child_weight": 2.4162618147032315, "log10_subsample": -0.08534741404933632, "max_depth": 2.0, "num_boost_round": 2.0}, "datetime": {"datetime": "2024-01-19 00:36:20", "elapsed": 1488.519409, "delta": 0.001712}}
{"target": -13.75852631570195, "params": {"gamma": 32.80106591882914, "log10_alpha": -3.807859162455362, "log10_colsample_bytree": -0.6521428758619751, "log10_eta": -3.3669487386415917, "log10_lambda": 0.10999869656803707, "log10_min_child_weight": 2.4162618147032315, "log10_subsample": -0.08534741404933632, "max_depth": 2.0, "num_boost_round": 3.0}, "datetime": {"datetime": "2024-01-19 00:36:20", "elapsed": 1488.521222, "delta": 0.001813}}
{"target": -13.758522112229112, "params": {"gamma": 32.80106591882914, "log10_alpha": -3.807859162455362, "log10_colsample_bytree": -0.6521428758619751, "log10_eta": -3.3669487386415917, "log10_lambda": 0.10999869656803707, "log10_min_child_weight": 2.4162618147032315, "log10_subsample": -0.08534741404933632, "max_depth": 2.0, "num_boost_round": 4.0}, "datetime": {"datetime": "2024-01-19 00:36:20", "elapsed": 1488.522907, "delta": 0.001685}}
{"target": -13.758521313676042, "params": {"gamma": 32.80106591882914, "log10_alpha": -3.807859162455362, "log10_colsample_bytree": -0.6521428758619751, "log10_eta": -3.3669487386415917, "log10_lambda": 0.10999869656803707, "log10_min_child_weight": 2.4162618147032315, "log10_subsample": -0.08534741404933632, "max_depth": 2.0, "num_boost_round": 5.0}, "datetime": {"datetime": "2024-01-19 00:36:20", "elapsed": 1488.524655, "delta": 0.001748}}
{"target": -13.75851968833222, "params": {"gamma": 32.80106591882914, "log10_alpha": -3.807859162455362, "log10_colsample_bytree": -0.6521428758619751, "log10_eta": -3.3669487386415917, "log10_lambda": 0.10999869656803707, "log10_min_child_weight": 2.4162618147032315, "log10_subsample": -0.08534741404933632, "max_depth": 2.0, "num_boost_round": 6.0}, "datetime": {"datetime": "2024-01-19 00:36:20", "elapsed": 1488.526355, "delta": 0.0017}}
{"target": -13.75851243959835, "params": {"gamma": 32.80106591882914, "log10_alpha": -3.807859162455362, "log10_colsample_bytree": -0.6521428758619751, "log10_eta": -3.3669487386415917, "log10_lambda": 0.10999869656803707, "log10_min_child_weight": 2.4162618147032315, "log10_subsample": -0.08534741404933632, "max_depth": 2.0, "num_boost_round": 7.0}, "datetime": {"datetime": "2024-01-19 00:36:20", "elapsed": 1488.528058, "delta": 0.001703}}
{"target": -13.758506517686232, "params": {"gamma": 32.80106591882914, "log10_alpha": -3.807859162455362, "log10_colsample_bytree": -0.6521428758619751, "log10_eta": -3.3669487386415917, "log10_lambda": 0.10999869656803707, "log10_min_child_weight": 2.4162618147032315, "log10_subsample": -0.08534741404933632, "max_depth": 2.0, "num_boost_round": 8.0}, "datetime": {"datetime": "2024-01-19 00:36:20", "elapsed": 1488.529894, "delta": 0.001836}}
{"target": -13.758499696826487, "params": {"gamma": 32.80106591882914, "log10_alpha": -3.807859162455362, "log10_colsample_bytree": -0.6521428758619751, "log10_eta": -3.3669487386415917, "log10_lambda": 0.10999869656803707, "log10_min_child_weight": 2.4162618147032315, "log10_subsample": -0.08534741404933632, "max_depth": 2.0, "num_boost_round": 9.0}, "datetime": {"datetime": "2024-01-19 00:36:20", "elapsed": 1488.531592, "delta": 0.001698}}
{"target": -13.75853826120381, "params": {"gamma": 28.746732577942467, "log10_alpha": -0.6769235667703981, "log10_colsample_bytree": -0.15798104463414742, "log10_eta": -3.1555582460050435, "log10_lambda": 0.6325540242355467, "log10_min_child_weight": 4.775946821374307, "log10_subsample": -0.026531347960358276, "max_depth": 6.0, "num_boost_round": 0.0}, "datetime": {"datetime": "2024-01-19 00:36:43", "elapsed": 1511.519787, "delta": 22.988195}}
{"target": -13.758533580834582, "params": {"gamma": 28.746732577942467, "log10_alpha": -0.6769235667703981, "log10_colsample_bytree": -0.15798104463414742, "log10_eta": -3.1555582460050435, "log10_lambda": 0.6325540242355467, "log10_min_child_weight": 4.775946821374307, "log10_subsample": -0.026531347960358276, "max_depth": 6.0, "num_boost_round": 1.0}, "datetime": {"datetime": "2024-01-19 00:36:43", "elapsed": 1511.521949, "delta": 0.002162}}
