{"target": -17.677097173921904, "params": {"gamma": 38.079790090776775, "log10_alpha": -1.1698767334328712, "log10_colsample_bytree": -0.7190554489150646, "log10_eta": -3.5440114726518153, "log10_lambda": -4.77428858377895, "log10_min_child_weight": 1.4163071606600874, "log10_subsample": -0.5561420209042424, "max_depth": 9.0, "num_boost_round": 8.0}, "datetime": {"datetime": "2024-01-19 00:50:01", "elapsed": 2355.416208, "delta": 0.002716}}
{"target": -17.67708773946388, "params": {"gamma": 38.079790090776775, "log10_alpha": -1.1698767334328712, "log10_colsample_bytree": -0.7190554489150646, "log10_eta": -3.5440114726518153, "log10_lambda": -4.77428858377895, "log10_min_child_weight": 1.4163071606600874, "log10_subsample": -0.5561420209042424, "max_depth": 9.0, "num_boost_round": 9.0}, "datetime": {"datetime": "2024-01-19 00:50:01", "elapsed": 2355.418806, "delta": 0.002598}}
{"target": -17.677047688450752, "params": {"gamma": 38.079790090776775, "log10_alpha": -1.1698767334328712, "log10_colsample_bytree": -0.7190554489150646, "log10_eta": -3.5440114726518153, "log10_lambda": -4.77428858377895, "log10_min_child_weight": 1.4163071606600874, "log10_subsample": -0.5561420209042424, "max_depth": 9.0, "num_boost_round": 10.0}, "datetime": {"datetime": "2024-01-19 00:50:01", "elapsed": 2355.421259, "delta": 0.002453}}
{"target": -17.677047801644285, "params": {"gamma": 38.079790090776775, "log10_alpha": -1.1698767334328712, "log10_colsample_bytree": -0.7190554489150646, "log10_eta": -3.5440114726518153, "log10_lambda": -4.77428858377895, "log10_min_child_weight": 1.4163071606600874, "log10_subsample": -0.5561420209042424, "max_depth": 9.0, "num_boost_round": 11.0}, "datetime": {"datetime": "2024-01-19 00:50:01", "elapsed": 2355.423655, "delta": 0.002396}}
{"target": -17.677040140894132, "params": {"gamma": 38.079790090776775, "log10_alpha": -1.1698767334328712, "log10_colsample_bytree": -0.7190554489150646, "log10_eta": -3.5440114726518153, "log10_lambda": -4.77428858377895, "log10_min_child_weight": 1.4163071606600874, "log10_subsample": -0.5561420209042424, "max_depth": 9.0, "num_boost_round": 12.0}, "datetime": {"datetime": "2024-01-19 00:50:01", "elapsed": 2355.426064, "delta": 0.002409}}
{"target": -17.677037601311074, "params": {"gamma": 38.079790090776775, "log10_alpha": -1.1698767334328712, "log10_colsample_bytree": -0.7190554489150646, "log10_eta": -3.5440114726518153, "log10_lambda": -4.77428858377895, "log10_min_child_weight": 1.4163071606600874, "log10_subsample": -0.5561420209042424, "max_depth": 9.0, "num_boost_round": 13.0}, "datetime": {"datetime": "2024-01-19 00:50:01", "elapsed": 2355.428398, "delta": 0.002334}}
{"target": -17.67704420595904, "params": {"gamma": 38.079790090776775, "log10_alpha": -1.1698767334328712, "log10_colsample_bytree": -0.7190554489150646, "log10_eta": -3.5440114726518153, "log10_lambda": -4.77428858377895, "log10_min_child_weight": 1.4163071606600874, "log10_subsample": -0.5561420209042424, "max_depth": 9.0, "num_boost_round": 14.0}, "datetime": {"datetime": "2024-01-19 00:50:01", "elapsed": 2355.430758, "delta": 0.00236}}
{"target": -17.677035923713884, "params": {"gamma": 38.079790090776775, "log10_alpha": -1.1698767334328712, "log10_colsample_bytree": -0.7190554489150646, "log10_eta": -3.5440114726518153, "log10_lambda": -4.77428858377895, "log10_min_child_weight": 1.4163071606600874, "log10_subsample": -0.5561420209042424, "max_depth": 9.0, "num_boost_round": 15.0}, "datetime": {"datetime": "2024-01-19 00:50:01", "elapsed": 2355.433275, "delta": 0.002517}}
{"target": -17.677032032753377, "params": {"gamma": 38.079790090776775, "log10_alpha": -1.1698767334328712, "log10_colsample_bytree": -0.7190554489150646, "log10_eta": -3.5440114726518153, "log10_lambda": -4.77428858377895, "log10_min_child_weight": 1.4163071606600874, "log10_subsample": -0.5561420209042424, "max_depth": 9.0, "num_boost_round": 16.0}, "datetime": {"datetime": "2024-01-19 00:50:01", "elapsed": 2355.43589, "delta": 0.002615}}
{"target": -17.67700803659371, "params": {"gamma": 38.079790090776775, "log10_alpha": -1.1698767334328712, "log10_colsample_bytree": -0.7190554489150646, "log10_eta": -3.5440114726518153, "log10_lambda": -4.77428858377895, "log10_min_child_weight": 1.4163071606600874, "log10_subsample": -0.5561420209042424, "max_depth": 9.0, "num_boost_round": 17.0}, "datetime": {"datetime": "2024-01-19 00:50:01", "elapsed": 2355.438235, "delta": 0.002345}}
{"target": -17.677016623649788, "params": {"gamma": 38.079790090776775, "log10_alpha": -1.1698767334328712, "log10_colsample_bytree": -0.7190554489150646, "log10_eta": -3.5440114726518153, "log10_lambda": -4.77428858377895, "log10_min_child_weight": 1.4163071606600874, "log10_subsample": -0.5561420209042424, "max_depth": 9.0, "num_boost_round": 18.0}, "datetime": {"datetime": "2024-01-19 00:50:01", "elapsed": 2355.440628, "delta": 0.002393}}
{"target": -17.677016772764357, "params": {"gamma": 38.079790090776775, "log10_alpha": -1.1698767334328712, "log10_colsample_bytree": -0.7190554489150646, "log10_eta": -3.5440114726518153, "log10_lambda": -4.77428858377895, "log10_min_child_weight": 1.4163071606600874, "log10_subsample": -0.5561420209042424, "max_depth": 9.0, "num_boost_round": 19.0}, "datetime": {"datetime": "2024-01-19 00:50:01", "elapsed": 2355.443119, "delta": 0.002491}}
{"target": -17.6769929913543, "params": {"gamma": 38.079790090776775, "log10_alpha": -1.1698767334328712, "log10_colsample_bytree": -0.7190554489150646, "log10_eta": -3.5440114726518153, "log10_lambda": -4.77428858377895, "log10_min_child_weight": 1.4163071606600874, "log10_subsample": -0.5561420209042424, "max_depth": 9.0, "num_boost_round": 20.0}, "datetime": {"datetime": "2024-01-19 00:50:01", "elapsed": 2355.445468, "delta": 0.002349}}
{"target": -17.67699190335966, "params": {"gamma": 38.079790090776775, "log10_alpha": -1.1698767334328712, "log10_colsample_bytree": -0.7190554489150646, "log10_eta": -3.5440114726518153, "log10_lambda": -4.77428858377895, "log10_min_child_weight": 1.4163071606600874, "log10_subsample": -0.5561420209042424, "max_depth": 9.0, "num_boost_round": 21.0}, "datetime": {"datetime": "2024-01-19 00:50:01", "elapsed": 2355.447824, "delta": 0.002356}}
{"target": -17.676961264629924, "params": {"gamma": 38.079790090776775, "log10_alpha": -1.1698767334328712, "log10_colsample_bytree": -0.7190554489150646, "log10_eta": -3.5440114726518153, "log10_lambda": -4.77428858377895, "log10_min_child_weight": 1.4163071606600874, "log10_subsample": -0.5561420209042424, "max_depth": 9.0, "num_boost_round": 22.0}, "datetime": {"datetime": "2024-01-19 00:50:01", "elapsed": 2355.450181, "delta": 0.002357}}
{"target": -17.676941941578747, "params": {"gamma": 38.079790090776775, "log10_alpha": -1.1698767334328712, "log10_colsample_bytree": -0.7190554489150646, "log10_eta": -3.5440114726518153, "log10_lambda": -4.77428858377895, "log10_min_child_weight": 1.4163071606600874, "log10_subsample": -0.5561420209042424, "max_depth": 9.0, "num_boost_round": 23.0}, "datetime": {"datetime": "2024-01-19 00:50:01", "elapsed": 2355.452665, "delta": 0.002484}}
{"target": -17.678841651649517, "params": {"gamma": 31.023106964593318, "log10_alpha": 0.9644893005822555, "log10_colsample_bytree": -0.008436304979342446, "log10_eta": -0.4628215666266211, "log10_lambda": -0.4470717302361482, "log10_min_child_weight": 4.563948854190009, "log10_subsample": -0.7663902865190108, "max_depth": 6.0, "num_boost_round": 0.0}, "datetime": {"datetime": "2024-01-19 00:50:34", "elapsed": 2387.740802, "delta": 32.288137}}
{"target": -17.676680608983983, "params": {"gamma": 31.023106964593318, "log10_alpha": 0.9644893005822555, "log10_colsample_bytree": -0.008436304979342446, "log10_eta": -0.4628215666266211, "log10_lambda": -0.4470717302361482, "log10_min_child_weight": 4.563948854190009, "log10_subsample": -0.7663902865190108, "max_depth": 6.0, "num_boost_round": 1.0}, "datetime": {"datetime": "2024-01-19 00:50:34", "elapsed": 2387.744812, "delta": 0.00401}}
{"target": -17.679740961009177, "params": {"gamma": 31.023106964593318, "log10_alpha": 0.9644893005822555, "log10_colsample_bytree": -0.008436304979342446, "log10_eta": -0.4628215666266211, "log10_lambda": -0.4470717302361482, "log10_min_child_weight": 4.563948854190009, "log10_subsample": -0.7663902865190108, "max_depth": 6.0, "num_boost_round": 2.0}, "datetime": {"datetime": "2024-01-19 00:50:34", "elapsed": 2387.747571, "delta": 0.002759}}
{"target": -17.683285351335833, "params": {"gamma": 31.023106964593318, "log10_alpha": 0.9644893005822555, "log10_colsample_bytree": -0.008436304979342446, "log10_eta": -0.4628215666266211, "log10_lambda": -0.4470717302361482, "log10_min_child_weight": 4.563948854190009, "log10_subsample": -0.7663902865190108, "max_depth": 6.0, "num_boost_round": 3.0}, "datetime": {"datetime": "2024-01-19 00:50:34", "elapsed": 2387.750252, "delta": 0.002681}}
{"target": -17.683838534434855, "params": {"gamma": 31.023106964593318, "log10_alpha": 0.9644893005822555, "log10_colsample_bytree": -0.008436304979342446, "log10_eta": -0.4628215666266211, "log10_lambda": -0.4470717302361482, "log10_min_child_weight": 4.563948854190009, "log10_subsample": -0.7663902865190108, "max_depth": 6.0, "num_boost_round": 4.0}, "datetime": {"datetime": "2024-01-19 00:50:34", "elapsed": 2387.752849, "delta": 0.002597}}
{"target": -17.687984757565303, "params": {"gamma": 31.023106964593318, "log10_alpha": 0.9644893005822555, "log10_colsample_bytree": -0.008436304979342446, "log10_eta": -0.4628215666266211, "log10_lambda": -0.4470717302361482, "log10_min_child_weight": 4.563948854190009, "log10_subsample": -0.7663902865190108, "max_depth": 6.0, "num_boost_round": 5.0}, "datetime": {"datetime": "2024-01-19 00:50:34", "elapsed": 2387.755359, "delta": 0.00251}}
{"target": -17.6904108871784, "params": {"gamma": 31.023106964593318, "log10_alpha": 0.9644893005822555, "log10_colsample_bytree": -0.008436304979342446, "log10_eta": -0.4628215666266211, "log10_lambda": -0.4470717302361482, "log10_min_child_weight": 4.563948854190009, "log10_subsample": -0.7663902865190108, "max_depth": 6.0, "num_boost_round": 6.0}, "datetime": {"datetime": "2024-01-19 00:50:34", "elapsed": 2387.757969, "delta": 0.00261}}
{"target": -17.691915226091492, "params": {"gamma": 31.023106964593318, "log10_alpha": 0.9644893005822555, "log10_colsample_bytree": -0.008436304979342446, "log10_eta": -0.4628215666266211, "log10_lambda": -0.4470717302361482, "log10_min_child_weight": 4.563948854190009, "log10_subsample": -0.7663902865190108, "max_depth": 6.0, "num_boost_round": 7.0}, "datetime": {"datetime": "2024-01-19 00:50:34", "elapsed": 2387.760479, "delta": 0.00251}}
{"target": -17.69098677249385, "params": {"gamma": 31.023106964593318, "log10_alpha": 0.9644893005822555, "log10_colsample_bytree": -0.008436304979342446, "log10_eta": -0.4628215666266211, "log10_lambda": -0.4470717302361482, "log10_min_child_weight": 4.563948854190009, "log10_subsample": -0.7663902865190108, "max_depth": 6.0, "num_boost_round": 8.0}, "datetime": {"datetime": "2024-01-19 00:50:34", "elapsed": 2387.762978, "delta": 0.002499}}
{"target": -17.695999818156324, "params": {"gamma": 31.023106964593318, "log10_alpha": 0.9644893005822555, "log10_colsample_bytree": -0.008436304979342446, "log10_eta": -0.4628215666266211, "log10_lambda": -0.4470717302361482, "log10_min_child_weight": 4.563948854190009, "log10_subsample": -0.7663902865190108, "max_depth": 6.0, "num_boost_round": 9.0}, "datetime": {"datetime": "2024-01-19 00:50:34", "elapsed": 2387.765547, "delta": 0.002569}}
{"target": -17.69702110060737, "params": {"gamma": 31.023106964593318, "log10_alpha": 0.9644893005822555, "log10_colsample_bytree": -0.008436304979342446, "log10_eta": -0.4628215666266211, "log10_lambda": -0.4470717302361482, "log10_min_child_weight": 4.563948854190009, "log10_subsample": -0.7663902865190108, "max_depth": 6.0, "num_boost_round": 10.0}, "datetime": {"datetime": "2024-01-19 00:50:34", "elapsed": 2387.768444, "delta": 0.002897}}
{"target": -17.700759557742376, "params": {"gamma": 31.023106964593318, "log10_alpha": 0.9644893005822555, "log10_colsample_bytree": -0.008436304979342446, "log10_eta": -0.4628215666266211, "log10_lambda": -0.4470717302361482, "log10_min_child_weight": 4.563948854190009, "log10_subsample": -0.7663902865190108, "max_depth": 6.0, "num_boost_round": 11.0}, "datetime": {"datetime": "2024-01-19 00:50:34", "elapsed": 2387.771096, "delta": 0.002652}}
{"target": -17.6771985249642, "params": {"gamma": 15.525820660751144, "log10_alpha": -4.5831325784286, "log10_colsample_bytree": -0.39544513952301186, "log10_eta": -3.38720941422485, "log10_lambda": 0.19664788116628085, "log10_min_child_weight": 2.1948665405640453, "log10_subsample": -0.6589142067091311, "max_depth": 9.0, "num_boost_round": 0.0}, "datetime": {"datetime": "2024-01-19 00:51:30", "elapsed": 2444.582782, "delta": 56.811686}}
{"target": -17.677155052542577, "params": {"gamma": 15.525820660751144, "log10_alpha": -4.5831325784286, "log10_colsample_bytree": -0.39544513952301186, "log10_eta": -3.38720941422485, "log10_lambda": 0.19664788116628085, "log10_min_child_weight": 2.1948665405640453, "log10_subsample": -0.6589142067091311, "max_depth": 9.0, "num_boost_round": 1.0}, "datetime": {"datetime": "2024-01-19 00:51:30", "elapsed": 2444.58583, "delta": 0.003048}}
{"target": -17.67712834566803, "params": {"gamma": 15.525820660751144, "log10_alpha": -4.5831325784286, "log10_colsample_bytree": -0.39544513952301186, "log10_eta": -3.38720941422485, "log10_lambda": 0.19664788116628085, "log10_min_child_weight": 2.1948665405640453, "log10_subsample": -0.6589142067091311, "max_depth": 9.0, "num_boost_round": 2.0}, "datetime": {"datetime": "2024-01-19 00:51:30", "elapsed": 2444.588547, "delta": 0.002717}}
{"target": -17.67711711784295, "params": {"gamma": 15.525820660751144, "log10_alpha": -4.5831325784286, "log10_colsample_bytree": -0.39544513952301186, "log10_eta": -3.38720941422485, "log10_lambda": 0.19664788116628085, "log10_min_child_weight": 2.1948665405640453, "log10_subsample": -0.6589142067091311, "max_depth": 9.0, "num_boost_round": 3.0}, "datetime": {"datetime": "2024-01-19 00:51:30", "elapsed": 2444.591257, "delta": 0.00271}}
{"target": -17.67709255103039, "params": {"gamma": 15.525820660751144, "log10_alpha": -4.5831325784286, "log10_colsample_bytree": -0.39544513952301186, "log10_eta": -3.38720941422485, "log10_lambda": 0.19664788116628085, "log10_min_child_weight": 2.1948665405640453, "log10_subsample": -0.6589142067091311, "max_depth": 9.0, "num_boost_round": 4.0}, "datetime": {"datetime": "2024-01-19 00:51:30", "elapsed": 2444.593792, "delta": 0.002535}}
{"target": -17.67705330258321, "params": {"gamma": 15.525820660751144, "log10_alpha": -4.5831325784286, "log10_colsample_bytree": -0.39544513952301186, "log10_eta": -3.38720941422485, "log10_lambda": 0.19664788116628085, "log10_min_child_weight": 2.1948665405640453, "log10_subsample": -0.6589142067091311, "max_depth": 9.0, "num_boost_round": 5.0}, "datetime": {"datetime": "2024-01-19 00:51:30", "elapsed": 2444.596443, "delta": 0.002651}}
{"target": -17.677039028465234, "params": {"gamma": 15.525820660751144, "log10_alpha": -4.5831325784286, "log10_colsample_bytree": -0.39544513952301186, "log10_eta": -3.38720941422485, "log10_lambda": 0.19664788116628085, "log10_min_child_weight": 2.1948665405640453, "log10_subsample": -0.6589142067091311, "max_depth": 9.0, "num_boost_round": 6.0}, "datetime": {"datetime": "2024-01-19 00:51:30", "elapsed": 2444.598972, "delta": 0.002529}}
{"target": -17.677010704488314, "params": {"gamma": 15.525820660751144, "log10_alpha": -4.5831325784286, "log10_colsample_bytree": -0.39544513952301186, "log10_eta": -3.38720941422485, "log10_lambda": 0.19664788116628085, "log10_min_child_weight": 2.1948665405640453, "log10_subsample": -0.6589142067091311, "max_depth": 9.0, "num_boost_round": 7.0}, "datetime": {"datetime": "2024-01-19 00:51:30", "elapsed": 2444.601533, "delta": 0.002561}}
{"target": -17.67699602303184, "params": {"gamma": 15.525820660751144, "log10_alpha": -4.5831325784286, "log10_colsample_bytree": -0.39544513952301186, "log10_eta": -3.38720941422485, "log10_lambda": 0.19664788116628085, "log10_min_child_weight": 2.1948665405640453, "log10_subsample": -0.6589142067091311, "max_depth": 9.0, "num_boost_round": 8.0}, "datetime": {"datetime": "2024-01-19 00:51:30", "elapsed": 2444.60406, "delta": 0.002527}}
{"target": -17.67698353152712, "params": {"gamma": 15.525820660751144, "log10_alpha": -4.5831325784286, "log10_colsample_bytree": -0.39544513952301186, "log10_eta": -3.38720941422485, "log10_lambda": 0.19664788116628085, "log10_min_child_weight": 2.1948665405640453, "log10_subsample": -0.6589142067091311, "max_depth": 9.0, "num_boost_round": 9.0}, "datetime": {"datetime": "2024-01-19 00:51:30", "elapsed": 2444.606781, "delta": 0.002721}}
{"target": -17.676978726755483, "params": {"gamma": 15.525820660751144, "log10_alpha": -4.5831325784286, "log10_colsample_bytree": -0.39544513952301186, "log10_eta": -3.38720941422485, "log10_lambda": 0.19664788116628085, "log10_min_child_weight": 2.1948665405640453, "log10_subsample": -0.6589142067091311, "max_depth": 9.0, "num_boost_round": 10.0}, "datetime": {"datetime": "2024-01-19 00:51:30", "elapsed": 2444.609301, "delta": 0.00252}}
{"target": -17.67695977320685, "params": {"gamma": 15.525820660751144, "log10_alpha": -4.5831325784286, "log10_colsample_bytree": -0.39544513952301186, "log10_eta": -3.38720941422485, "log10_lambda": 0.19664788116628085, "log10_min_child_weight": 2.1948665405640453, "log10_subsample": -0.6589142067091311, "max_depth": 9.0, "num_boost_round": 11.0}, "datetime": {"datetime": "2024-01-19 00:51:30", "elapsed": 2444.612006, "delta": 0.002705}}
{"target": -17.67693477442611, "params": {"gamma": 15.525820660751144, "log10_alpha": -4.5831325784286, "log10_colsample_bytree": -0.39544513952301186, "log10_eta": -3.38720941422485, "log10_lambda": 0.19664788116628085, "log10_min_child_weight": 2.1948665405640453, "log10_subsample": -0.6589142067091311, "max_depth": 9.0, "num_boost_round": 12.0}, "datetime": {"datetime": "2024-01-19 00:51:30", "elapsed": 2444.614608, "delta": 0.002602}}
{"target": -17.676905667148603, "params": {"gamma": 15.525820660751144, "log10_alpha": -4.5831325784286, "log10_colsample_bytree": -0.39544513952301186, "log10_eta": -3.38720941422485, "log10_lambda": 0.19664788116628085, "log10_min_child_weight": 2.1948665405640453, "log10_subsample": -0.6589142067091311, "max_depth": 9.0, "num_boost_round": 13.0}, "datetime": {"datetime": "2024-01-19 00:51:30", "elapsed": 2444.61741, "delta": 0.002802}}
{"target": -17.676900620812578, "params": {"gamma": 15.525820660751144, "log10_alpha": -4.5831325784286, "log10_colsample_bytree": -0.39544513952301186, "log10_eta": -3.38720941422485, "log10_lambda": 0.19664788116628085, "log10_min_child_weight": 2.1948665405640453, "log10_subsample": -0.6589142067091311, "max_depth": 9.0, "num_boost_round": 14.0}, "datetime": {"datetime": "2024-01-19 00:51:30", "elapsed": 2444.620223, "delta": 0.002813}}
{"target": -17.676877841255113, "params": {"gamma": 15.525820660751144, "log10_alpha": -4.5831325784286, "log10_colsample_bytree": -0.39544513952301186, "log10_eta": -3.38720941422485, "log10_lambda": 0.19664788116628085, "log10_min_child_weight": 2.1948665405640453, "log10_subsample": -0.6589142067091311, "max_depth": 9.0, "num_boost_round": 15.0}, "datetime": {"datetime": "2024-01-19 00:51:30", "elapsed": 2444.62281, "delta": 0.002587}}
{"target": -17.67686820178755, "params": {"gamma": 15.525820660751144, "log10_alpha": -4.5831325784286, "log10_colsample_bytree": -0.39544513952301186, "log10_eta": -3.38720941422485, "log10_lambda": 0.19664788116628085, "log10_min_child_weight": 2.1948665405640453, "log10_subsample": -0.6589142067091311, "max_depth": 9.0, "num_boost_round": 16.0}, "datetime": {"datetime": "2024-01-19 00:51:30", "elapsed": 2444.625515, "delta": 0.002705}}
{"target": -17.676884606042034, "params": {"gamma": 15.525820660751144, "log10_alpha": -4.5831325784286, "log10_colsample_bytree": -0.39544513952301186, "log10_eta": -3.38720941422485, "log10_lambda": 0.19664788116628085, "log10_min_child_weight": 2.1948665405640453, "log10_subsample": -0.6589142067091311, "max_depth": 9.0, "num_boost_round": 17.0}, "datetime": {"datetime": "2024-01-19 00:51:30", "elapsed": 2444.628132, "delta": 0.002617}}
{"target": -17.676880643549044, "params": {"gamma": 15.525820660751144, "log10_alpha": -4.5831325784286, "log10_colsample_bytree": -0.39544513952301186, "log10_eta": -3.38720941422485, "log10_lambda": 0.19664788116628085, "log10_min_child_weight": 2.1948665405640453, "log10_subsample": -0.6589142067091311, "max_depth": 9.0, "num_boost_round": 18.0}, "datetime": {"datetime": "2024-01-19 00:51:30", "elapsed": 2444.630694, "delta": 0.002562}}
{"target": -17.67684199390344, "params": {"gamma": 15.525820660751144, "log10_alpha": -4.5831325784286, "log10_colsample_bytree": -0.39544513952301186, "log10_eta": -3.38720941422485, "log10_lambda": 0.19664788116628085, "log10_min_child_weight": 2.1948665405640453, "log10_subsample": -0.6589142067091311, "max_depth": 9.0, "num_boost_round": 19.0}, "datetime": {"datetime": "2024-01-19 00:51:30", "elapsed": 2444.633424, "delta": 0.00273}}
{"target": -17.67682729260529, "params": {"gamma": 15.525820660751144, "log10_alpha": -4.5831325784286, "log10_colsample_bytree": -0.39544513952301186, "log10_eta": -3.38720941422485, "log10_lambda": 0.19664788116628085, "log10_min_child_weight": 2.1948665405640453, "log10_subsample": -0.6589142067091311, "max_depth": 9.0, "num_boost_round": 20.0}, "datetime": {"datetime": "2024-01-19 00:51:30", "elapsed": 2444.636211, "delta": 0.002787}}
