{"target": -13.758520955129832, "params": {"gamma": 163.33726037362305, "log10_alpha": -0.7836066260561569, "log10_colsample_bytree": -0.4293412915253856, "log10_eta": -3.9552424209498214, "log10_lambda": -0.0033244551851607795, "log10_min_child_weight": 0.3749928098433958, "log10_subsample": -0.2444357617143259, "max_depth": 8.0, "num_boost_round": 2.0}, "datetime": {"datetime": "2024-01-19 00:33:11", "elapsed": 1299.556511, "delta": 0.002016}}
{"target": -13.758516610249506, "params": {"gamma": 163.33726037362305, "log10_alpha": -0.7836066260561569, "log10_colsample_bytree": -0.4293412915253856, "log10_eta": -3.9552424209498214, "log10_lambda": -0.0033244551851607795, "log10_min_child_weight": 0.3749928098433958, "log10_subsample": -0.2444357617143259, "max_depth": 8.0, "num_boost_round": 3.0}, "datetime": {"datetime": "2024-01-19 00:33:11", "elapsed": 1299.558709, "delta": 0.002198}}
{"target": -13.758510904610095, "params": {"gamma": 163.33726037362305, "log10_alpha": -0.7836066260561569, "log10_colsample_bytree": -0.4293412915253856, "log10_eta": -3.9552424209498214, "log10_lambda": -0.0033244551851607795, "log10_min_child_weight": 0.3749928098433958, "log10_subsample": -0.2444357617143259, "max_depth": 8.0, "num_boost_round": 4.0}, "datetime": {"datetime": "2024-01-19 00:33:12", "elapsed": 1299.665005, "delta": 0.106296}}
{"target": -13.758509176042283, "params": {"gamma": 163.33726037362305, "log10_alpha": -0.7836066260561569, "log10_colsample_bytree": -0.4293412915253856, "log10_eta": -3.9552424209498214, "log10_lambda": -0.0033244551851607795, "log10_min_child_weight": 0.3749928098433958, "log10_subsample": -0.2444357617143259, "max_depth": 8.0, "num_boost_round": 5.0}, "datetime": {"datetime": "2024-01-19 00:33:12", "elapsed": 1299.667197, "delta": 0.002192}}
{"target": -13.758504817865576, "params": {"gamma": 163.33726037362305, "log10_alpha": -0.7836066260561569, "log10_colsample_bytree": -0.4293412915253856, "log10_eta": -3.9552424209498214, "log10_lambda": -0.0033244551851607795, "log10_min_child_weight": 0.3749928098433958, "log10_subsample": -0.2444357617143259, "max_depth": 8.0, "num_boost_round": 6.0}, "datetime": {"datetime": "2024-01-19 00:33:12", "elapsed": 1299.669222, "delta": 0.002025}}
{"target": -13.758501818705682, "params": {"gamma": 163.33726037362305, "log10_alpha": -0.7836066260561569, "log10_colsample_bytree": -0.4293412915253856, "log10_eta": -3.9552424209498214, "log10_lambda": -0.0033244551851607795, "log10_min_child_weight": 0.3749928098433958, "log10_subsample": -0.2444357617143259, "max_depth": 8.0, "num_boost_round": 7.0}, "datetime": {"datetime": "2024-01-19 00:33:12", "elapsed": 1299.67099, "delta": 0.001768}}
{"target": -13.758494243105707, "params": {"gamma": 163.33726037362305, "log10_alpha": -0.7836066260561569, "log10_colsample_bytree": -0.4293412915253856, "log10_eta": -3.9552424209498214, "log10_lambda": -0.0033244551851607795, "log10_min_child_weight": 0.3749928098433958, "log10_subsample": -0.2444357617143259, "max_depth": 8.0, "num_boost_round": 8.0}, "datetime": {"datetime": "2024-01-19 00:33:12", "elapsed": 1299.672881, "delta": 0.001891}}
{"target": -13.758488190810478, "params": {"gamma": 163.33726037362305, "log10_alpha": -0.7836066260561569, "log10_colsample_bytree": -0.4293412915253856, "log10_eta": -3.9552424209498214, "log10_lambda": -0.0033244551851607795, "log10_min_child_weight": 0.3749928098433958, "log10_subsample": -0.2444357617143259, "max_depth": 8.0, "num_boost_round": 9.0}, "datetime": {"datetime": "2024-01-19 00:33:12", "elapsed": 1299.674596, "delta": 0.001715}}
{"target": -13.75848610029358, "params": {"gamma": 163.33726037362305, "log10_alpha": -0.7836066260561569, "log10_colsample_bytree": -0.4293412915253856, "log10_eta": -3.9552424209498214, "log10_lambda": -0.0033244551851607795, "log10_min_child_weight": 0.3749928098433958, "log10_subsample": -0.2444357617143259, "max_depth": 8.0, "num_boost_round": 10.0}, "datetime": {"datetime": "2024-01-19 00:33:12", "elapsed": 1299.676305, "delta": 0.001709}}
{"target": -13.758485713215821, "params": {"gamma": 163.33726037362305, "log10_alpha": -0.7836066260561569, "log10_colsample_bytree": -0.4293412915253856, "log10_eta": -3.9552424209498214, "log10_lambda": -0.0033244551851607795, "log10_min_child_weight": 0.3749928098433958, "log10_subsample": -0.2444357617143259, "max_depth": 8.0, "num_boost_round": 11.0}, "datetime": {"datetime": "2024-01-19 00:33:12", "elapsed": 1299.678066, "delta": 0.001761}}
{"target": -13.75848430972481, "params": {"gamma": 163.33726037362305, "log10_alpha": -0.7836066260561569, "log10_colsample_bytree": -0.4293412915253856, "log10_eta": -3.9552424209498214, "log10_lambda": -0.0033244551851607795, "log10_min_child_weight": 0.3749928098433958, "log10_subsample": -0.2444357617143259, "max_depth": 8.0, "num_boost_round": 12.0}, "datetime": {"datetime": "2024-01-19 00:33:12", "elapsed": 1299.679781, "delta": 0.001715}}
{"target": -13.758481376824177, "params": {"gamma": 163.33726037362305, "log10_alpha": -0.7836066260561569, "log10_colsample_bytree": -0.4293412915253856, "log10_eta": -3.9552424209498214, "log10_lambda": -0.0033244551851607795, "log10_min_child_weight": 0.3749928098433958, "log10_subsample": -0.2444357617143259, "max_depth": 8.0, "num_boost_round": 13.0}, "datetime": {"datetime": "2024-01-19 00:33:12", "elapsed": 1299.681567, "delta": 0.001786}}
{"target": -13.758512374138926, "params": {"gamma": 164.52504311688986, "log10_alpha": -3.6453393719768714, "log10_colsample_bytree": -0.38541697972449773, "log10_eta": -2.240335751794081, "log10_lambda": -0.06125877535213675, "log10_min_child_weight": 4.604893030570935, "log10_subsample": -0.8177027924364525, "max_depth": 5.0, "num_boost_round": 0.0}, "datetime": {"datetime": "2024-01-19 00:33:34", "elapsed": 1321.656859, "delta": 21.975292}}
{"target": -13.758490304789632, "params": {"gamma": 164.52504311688986, "log10_alpha": -3.6453393719768714, "log10_colsample_bytree": -0.38541697972449773, "log10_eta": -2.240335751794081, "log10_lambda": -0.06125877535213675, "log10_min_child_weight": 4.604893030570935, "log10_subsample": -0.8177027924364525, "max_depth": 5.0, "num_boost_round": 1.0}, "datetime": {"datetime": "2024-01-19 00:33:34", "elapsed": 1321.658875, "delta": 0.002016}}
{"target": -13.758496621177198, "params": {"gamma": 164.52504311688986, "log10_alpha": -3.6453393719768714, "log10_colsample_bytree": -0.38541697972449773, "log10_eta": -2.240335751794081, "log10_lambda": -0.06125877535213675, "log10_min_child_weight": 4.604893030570935, "log10_subsample": -0.8177027924364525, "max_depth": 5.0, "num_boost_round": 2.0}, "datetime": {"datetime": "2024-01-19 00:33:34", "elapsed": 1321.66068, "delta": 0.001805}}
{"target": -13.758474369741721, "params": {"gamma": 164.52504311688986, "log10_alpha": -3.6453393719768714, "log10_colsample_bytree": -0.38541697972449773, "log10_eta": -2.240335751794081, "log10_lambda": -0.06125877535213675, "log10_min_child_weight": 4.604893030570935, "log10_subsample": -0.8177027924364525, "max_depth": 5.0, "num_boost_round": 3.0}, "datetime": {"datetime": "2024-01-19 00:33:34", "elapsed": 1321.662401, "delta": 0.001721}}
{"target": -13.758478181011098, "params": {"gamma": 164.52504311688986, "log10_alpha": -3.6453393719768714, "log10_colsample_bytree": -0.38541697972449773, "log10_eta": -2.240335751794081, "log10_lambda": -0.06125877535213675, "log10_min_child_weight": 4.604893030570935, "log10_subsample": -0.8177027924364525, "max_depth": 5.0, "num_boost_round": 4.0}, "datetime": {"datetime": "2024-01-19 00:33:34", "elapsed": 1321.664093, "delta": 0.001692}}
{"target": -13.758487944900434, "params": {"gamma": 164.52504311688986, "log10_alpha": -3.6453393719768714, "log10_colsample_bytree": -0.38541697972449773, "log10_eta": -2.240335751794081, "log10_lambda": -0.06125877535213675, "log10_min_child_weight": 4.604893030570935, "log10_subsample": -0.8177027924364525, "max_depth": 5.0, "num_boost_round": 5.0}, "datetime": {"datetime": "2024-01-19 00:33:34", "elapsed": 1321.665793, "delta": 0.0017}}
{"target": -13.758457153775268, "params": {"gamma": 164.52504311688986, "log10_alpha": -3.6453393719768714, "log10_colsample_bytree": -0.38541697972449773, "log10_eta": -2.240335751794081, "log10_lambda": -0.06125877535213675, "log10_min_child_weight": 4.604893030570935, "log10_subsample": -0.8177027924364525, "max_depth": 5.0, "num_boost_round": 6.0}, "datetime": {"datetime": "2024-01-19 00:33:34", "elapsed": 1321.667485, "delta": 0.001692}}
{"target": -13.758454381550942, "params": {"gamma": 164.52504311688986, "log10_alpha": -3.6453393719768714, "log10_colsample_bytree": -0.38541697972449773, "log10_eta": -2.240335751794081, "log10_lambda": -0.06125877535213675, "log10_min_child_weight": 4.604893030570935, "log10_subsample": -0.8177027924364525, "max_depth": 5.0, "num_boost_round": 7.0}, "datetime": {"datetime": "2024-01-19 00:33:34", "elapsed": 1321.669479, "delta": 0.001994}}
{"target": -13.758429105206416, "params": {"gamma": 164.52504311688986, "log10_alpha": -3.6453393719768714, "log10_colsample_bytree": -0.38541697972449773, "log10_eta": -2.240335751794081, "log10_lambda": -0.06125877535213675, "log10_min_child_weight": 4.604893030570935, "log10_subsample": -0.8177027924364525, "max_depth": 5.0, "num_boost_round": 8.0}, "datetime": {"datetime": "2024-01-19 00:33:34", "elapsed": 1321.672105, "delta": 0.002626}}
{"target": -13.758392591184275, "params": {"gamma": 164.52504311688986, "log10_alpha": -3.6453393719768714, "log10_colsample_bytree": -0.38541697972449773, "log10_eta": -2.240335751794081, "log10_lambda": -0.06125877535213675, "log10_min_child_weight": 4.604893030570935, "log10_subsample": -0.8177027924364525, "max_depth": 5.0, "num_boost_round": 9.0}, "datetime": {"datetime": "2024-01-19 00:33:34", "elapsed": 1321.673839, "delta": 0.001734}}
{"target": -13.758375423178977, "params": {"gamma": 164.52504311688986, "log10_alpha": -3.6453393719768714, "log10_colsample_bytree": -0.38541697972449773, "log10_eta": -2.240335751794081, "log10_lambda": -0.06125877535213675, "log10_min_child_weight": 4.604893030570935, "log10_subsample": -0.8177027924364525, "max_depth": 5.0, "num_boost_round": 10.0}, "datetime": {"datetime": "2024-01-19 00:33:34", "elapsed": 1321.675535, "delta": 0.001696}}
{"target": -13.75833408704089, "params": {"gamma": 164.52504311688986, "log10_alpha": -3.6453393719768714, "log10_colsample_bytree": -0.38541697972449773, "log10_eta": -2.240335751794081, "log10_lambda": -0.06125877535213675, "log10_min_child_weight": 4.604893030570935, "log10_subsample": -0.8177027924364525, "max_depth": 5.0, "num_boost_round": 11.0}, "datetime": {"datetime": "2024-01-19 00:33:34", "elapsed": 1321.677294, "delta": 0.001759}}
{"target": -13.758353850741054, "params": {"gamma": 164.52504311688986, "log10_alpha": -3.6453393719768714, "log10_colsample_bytree": -0.38541697972449773, "log10_eta": -2.240335751794081, "log10_lambda": -0.06125877535213675, "log10_min_child_weight": 4.604893030570935, "log10_subsample": -0.8177027924364525, "max_depth": 5.0, "num_boost_round": 12.0}, "datetime": {"datetime": "2024-01-19 00:33:34", "elapsed": 1321.678988, "delta": 0.001694}}
{"target": -13.758538007072655, "params": {"gamma": 187.4588013155498, "log10_alpha": -0.3889489551264065, "log10_colsample_bytree": -0.1504829527860463, "log10_eta": -3.9038912018718643, "log10_lambda": -0.12116286144364175, "log10_min_child_weight": 4.881619865620103, "log10_subsample": -0.7825696529248691, "max_depth": 2.0, "num_boost_round": 0.0}, "datetime": {"datetime": "2024-01-19 00:34:00", "elapsed": 1347.872154, "delta": 26.193166}}
{"target": -13.758537496633947, "params": {"gamma": 187.4588013155498, "log10_alpha": -0.3889489551264065, "log10_colsample_bytree": -0.1504829527860463, "log10_eta": -3.9038912018718643, "log10_lambda": -0.12116286144364175, "log10_min_child_weight": 4.881619865620103, "log10_subsample": -0.7825696529248691, "max_depth": 2.0, "num_boost_round": 1.0}, "datetime": {"datetime": "2024-01-19 00:34:00", "elapsed": 1347.874773, "delta": 0.002619}}
{"target": -13.758537138867066, "params": {"gamma": 187.4588013155498, "log10_alpha": -0.3889489551264065, "log10_colsample_bytree": -0.1504829527860463, "log10_eta": -3.9038912018718643, "log10_lambda": -0.12116286144364175, "log10_min_child_weight": 4.881619865620103, "log10_subsample": -0.7825696529248691, "max_depth": 2.0, "num_boost_round": 2.0}, "datetime": {"datetime": "2024-01-19 00:34:00", "elapsed": 1347.876807, "delta": 0.002034}}
{"target": -13.758536625430155, "params": {"gamma": 187.4588013155498, "log10_alpha": -0.3889489551264065, "log10_colsample_bytree": -0.1504829527860463, "log10_eta": -3.9038912018718643, "log10_lambda": -0.12116286144364175, "log10_min_child_weight": 4.881619865620103, "log10_subsample": -0.7825696529248691, "max_depth": 2.0, "num_boost_round": 3.0}, "datetime": {"datetime": "2024-01-19 00:34:00", "elapsed": 1347.878562, "delta": 0.001755}}
{"target": -13.758536318582355, "params": {"gamma": 187.4588013155498, "log10_alpha": -0.3889489551264065, "log10_colsample_bytree": -0.1504829527860463, "log10_eta": -3.9038912018718643, "log10_lambda": -0.12116286144364175, "log10_min_child_weight": 4.881619865620103, "log10_subsample": -0.7825696529248691, "max_depth": 2.0, "num_boost_round": 4.0}, "datetime": {"datetime": "2024-01-19 00:34:00", "elapsed": 1347.880412, "delta": 0.00185}}
{"target": -13.758535827334988, "params": {"gamma": 187.4588013155498, "log10_alpha": -0.3889489551264065, "log10_colsample_bytree": -0.1504829527860463, "log10_eta": -3.9038912018718643, "log10_lambda": -0.12116286144364175, "log10_min_child_weight": 4.881619865620103, "log10_subsample": -0.7825696529248691, "max_depth": 2.0, "num_boost_round": 5.0}, "datetime": {"datetime": "2024-01-19 00:34:00", "elapsed": 1347.882138, "delta": 0.001726}}
{"target": -13.75853528165937, "params": {"gamma": 187.4588013155498, "log10_alpha": -0.3889489551264065, "log10_colsample_bytree": -0.1504829527860463, "log10_eta": -3.9038912018718643, "log10_lambda": -0.12116286144364175, "log10_min_child_weight": 4.881619865620103, "log10_subsample": -0.7825696529248691, "max_depth": 2.0, "num_boost_round": 6.0}, "datetime": {"datetime": "2024-01-19 00:34:00", "elapsed": 1347.883842, "delta": 0.001704}}
{"target": -13.758534822123998, "params": {"gamma": 187.4588013155498, "log10_alpha": -0.3889489551264065, "log10_colsample_bytree": -0.1504829527860463, "log10_eta": -3.9038912018718643, "log10_lambda": -0.12116286144364175, "log10_min_child_weight": 4.881619865620103, "log10_subsample": -0.7825696529248691, "max_depth": 2.0, "num_boost_round": 7.0}, "datetime": {"datetime": "2024-01-19 00:34:00", "elapsed": 1347.885506, "delta": 0.001664}}
{"target": -13.758534376920553, "params": {"gamma": 187.4588013155498, "log10_alpha": -0.3889489551264065, "log10_colsample_bytree": -0.1504829527860463, "log10_eta": -3.9038912018718643, "log10_lambda": -0.12116286144364175, "log10_min_child_weight": 4.881619865620103, "log10_subsample": -0.7825696529248691, "max_depth": 2.0, "num_boost_round": 8.0}, "datetime": {"datetime": "2024-01-19 00:34:00", "elapsed": 1347.887167, "delta": 0.001661}}
{"target": -13.75853387236746, "params": {"gamma": 187.4588013155498, "log10_alpha": -0.3889489551264065, "log10_colsample_bytree": -0.1504829527860463, "log10_eta": -3.9038912018718643, "log10_lambda": -0.12116286144364175, "log10_min_child_weight": 4.881619865620103, "log10_subsample": -0.7825696529248691, "max_depth": 2.0, "num_boost_round": 9.0}, "datetime": {"datetime": "2024-01-19 00:34:00", "elapsed": 1347.888835, "delta": 0.001668}}
{"target": -13.758533369284432, "params": {"gamma": 187.4588013155498, "log10_alpha": -0.3889489551264065, "log10_colsample_bytree": -0.1504829527860463, "log10_eta": -3.9038912018718643, "log10_lambda": -0.12116286144364175, "log10_min_child_weight": 4.881619865620103, "log10_subsample": -0.7825696529248691, "max_depth": 2.0, "num_boost_round": 10.0}, "datetime": {"datetime": "2024-01-19 00:34:00", "elapsed": 1347.890599, "delta": 0.001764}}
{"target": -13.758532666976693, "params": {"gamma": 187.4588013155498, "log10_alpha": -0.3889489551264065, "log10_colsample_bytree": -0.1504829527860463, "log10_eta": -3.9038912018718643, "log10_lambda": -0.12116286144364175, "log10_min_child_weight": 4.881619865620103, "log10_subsample": -0.7825696529248691, "max_depth": 2.0, "num_boost_round": 11.0}, "datetime": {"datetime": "2024-01-19 00:34:00", "elapsed": 1347.892361, "delta": 0.001762}}
{"target": -13.758532587084263, "params": {"gamma": 187.4588013155498, "log10_alpha": -0.3889489551264065, "log10_colsample_bytree": -0.1504829527860463, "log10_eta": -3.9038912018718643, "log10_lambda": -0.12116286144364175, "log10_min_child_weight": 4.881619865620103, "log10_subsample": -0.7825696529248691, "max_depth": 2.0, "num_boost_round": 12.0}, "datetime": {"datetime": "2024-01-19 00:34:00", "elapsed": 1347.894034, "delta": 0.001673}}
{"target": -13.758532275828449, "params": {"gamma": 187.4588013155498, "log10_alpha": -0.3889489551264065, "log10_colsample_bytree": -0.1504829527860463, "log10_eta": -3.9038912018718643, "log10_lambda": -0.12116286144364175, "log10_min_child_weight": 4.881619865620103, "log10_subsample": -0.7825696529248691, "max_depth": 2.0, "num_boost_round": 13.0}, "datetime": {"datetime": "2024-01-19 00:34:00", "elapsed": 1347.895706, "delta": 0.001672}}
{"target": -13.758531803953234, "params": {"gamma": 187.4588013155498, "log10_alpha": -0.3889489551264065, "log10_colsample_bytree": -0.1504829527860463, "log10_eta": -3.9038912018718643, "log10_lambda": -0.12116286144364175, "log10_min_child_weight": 4.881619865620103, "log10_subsample": -0.7825696529248691, "max_depth": 2.0, "num_boost_round": 14.0}, "datetime": {"datetime": "2024-01-19 00:34:00", "elapsed": 1347.897425, "delta": 0.001719}}
{"target": -13.758531064260753, "params": {"gamma": 187.4588013155498, "log10_alpha": -0.3889489551264065, "log10_colsample_bytree": -0.1504829527860463, "log10_eta": -3.9038912018718643, "log10_lambda": -0.12116286144364175, "log10_min_child_weight": 4.881619865620103, "log10_subsample": -0.7825696529248691, "max_depth": 2.0, "num_boost_round": 15.0}, "datetime": {"datetime": "2024-01-19 00:34:00", "elapsed": 1347.899076, "delta": 0.001651}}
{"target": -13.758530433927294, "params": {"gamma": 187.4588013155498, "log10_alpha": -0.3889489551264065, "log10_colsample_bytree": -0.1504829527860463, "log10_eta": -3.9038912018718643, "log10_lambda": -0.12116286144364175, "log10_min_child_weight": 4.881619865620103, "log10_subsample": -0.7825696529248691, "max_depth": 2.0, "num_boost_round": 16.0}, "datetime": {"datetime": "2024-01-19 00:34:00", "elapsed": 1347.900837, "delta": 0.001761}}
{"target": -13.758529932341874, "params": {"gamma": 187.4588013155498, "log10_alpha": -0.3889489551264065, "log10_colsample_bytree": -0.1504829527860463, "log10_eta": -3.9038912018718643, "log10_lambda": -0.12116286144364175, "log10_min_child_weight": 4.881619865620103, "log10_subsample": -0.7825696529248691, "max_depth": 2.0, "num_boost_round": 17.0}, "datetime": {"datetime": "2024-01-19 00:34:00", "elapsed": 1347.902803, "delta": 0.001966}}
{"target": -13.758529862030667, "params": {"gamma": 187.4588013155498, "log10_alpha": -0.3889489551264065, "log10_colsample_bytree": -0.1504829527860463, "log10_eta": -3.9038912018718643, "log10_lambda": -0.12116286144364175, "log10_min_child_weight": 4.881619865620103, "log10_subsample": -0.7825696529248691, "max_depth": 2.0, "num_boost_round": 18.0}, "datetime": {"datetime": "2024-01-19 00:34:00", "elapsed": 1347.904789, "delta": 0.001986}}
{"target": -13.758529447102772, "params": {"gamma": 187.4588013155498, "log10_alpha": -0.3889489551264065, "log10_colsample_bytree": -0.1504829527860463, "log10_eta": -3.9038912018718643, "log10_lambda": -0.12116286144364175, "log10_min_child_weight": 4.881619865620103, "log10_subsample": -0.7825696529248691, "max_depth": 2.0, "num_boost_round": 19.0}, "datetime": {"datetime": "2024-01-19 00:34:00", "elapsed": 1347.906472, "delta": 0.001683}}
{"target": -13.75852897352743, "params": {"gamma": 187.4588013155498, "log10_alpha": -0.3889489551264065, "log10_colsample_bytree": -0.1504829527860463, "log10_eta": -3.9038912018718643, "log10_lambda": -0.12116286144364175, "log10_min_child_weight": 4.881619865620103, "log10_subsample": -0.7825696529248691, "max_depth": 2.0, "num_boost_round": 20.0}, "datetime": {"datetime": "2024-01-19 00:34:00", "elapsed": 1347.908139, "delta": 0.001667}}
{"target": -13.758528914594137, "params": {"gamma": 187.4588013155498, "log10_alpha": -0.3889489551264065, "log10_colsample_bytree": -0.1504829527860463, "log10_eta": -3.9038912018718643, "log10_lambda": -0.12116286144364175, "log10_min_child_weight": 4.881619865620103, "log10_subsample": -0.7825696529248691, "max_depth": 2.0, "num_boost_round": 21.0}, "datetime": {"datetime": "2024-01-19 00:34:00", "elapsed": 1347.909814, "delta": 0.001675}}
{"target": -13.758528139772597, "params": {"gamma": 187.4588013155498, "log10_alpha": -0.3889489551264065, "log10_colsample_bytree": -0.1504829527860463, "log10_eta": -3.9038912018718643, "log10_lambda": -0.12116286144364175, "log10_min_child_weight": 4.881619865620103, "log10_subsample": -0.7825696529248691, "max_depth": 2.0, "num_boost_round": 22.0}, "datetime": {"datetime": "2024-01-19 00:34:00", "elapsed": 1347.911582, "delta": 0.001768}}
{"target": -13.758583032918738, "params": {"gamma": 200.1763602983041, "log10_alpha": 0.9718996232469266, "log10_colsample_bytree": -0.18401532421696953, "log10_eta": -2.4492616491093933, "log10_lambda": -2.1121075663585933, "log10_min_child_weight": 0.0446133937757881, "log10_subsample": -0.5973703092615937, "max_depth": 9.0, "num_boost_round": 0.0}, "datetime": {"datetime": "2024-01-19 00:34:40", "elapsed": 1388.105142, "delta": 40.19356}}
