{"target": -17.675558439924412, "params": {"gamma": 417.022004702574, "log10_alpha": -0.6780530393470512, "log10_colsample_bytree": -0.9998856251826551, "log10_eta": -2.790669709472641, "log10_lambda": -4.119464655097322, "log10_min_child_weight": 0.461692973843989, "log10_subsample": -0.8137397886223291, "max_depth": 4.0, "num_boost_round": 50.0}, "datetime": {"datetime": "2024-01-19 00:11:50", "elapsed": 0.013656, "delta": 0.000199}}
{"target": -17.675529558027105, "params": {"gamma": 417.022004702574, "log10_alpha": -0.6780530393470512, "log10_colsample_bytree": -0.9998856251826551, "log10_eta": -2.790669709472641, "log10_lambda": -4.119464655097322, "log10_min_child_weight": 0.461692973843989, "log10_subsample": -0.8137397886223291, "max_depth": 4.0, "num_boost_round": 51.0}, "datetime": {"datetime": "2024-01-19 00:11:50", "elapsed": 0.01385, "delta": 0.000194}}
{"target": -17.675552399666188, "params": {"gamma": 417.022004702574, "log10_alpha": -0.6780530393470512, "log10_colsample_bytree": -0.9998856251826551, "log10_eta": -2.790669709472641, "log10_lambda": -4.119464655097322, "log10_min_child_weight": 0.461692973843989, "log10_subsample": -0.8137397886223291, "max_depth": 4.0, "num_boost_round": 52.0}, "datetime": {"datetime": "2024-01-19 00:11:50", "elapsed": 0.014049, "delta": 0.000199}}
{"target": -17.67551367809285, "params": {"gamma": 417.022004702574, "log10_alpha": -0.6780530393470512, "log10_colsample_bytree": -0.9998856251826551, "log10_eta": -2.790669709472641, "log10_lambda": -4.119464655097322, "log10_min_child_weight": 0.461692973843989, "log10_subsample": -0.8137397886223291, "max_depth": 4.0, "num_boost_round": 53.0}, "datetime": {"datetime": "2024-01-19 00:11:50", "elapsed": 0.014249, "delta": 0.0002}}
{"target": -17.675447337018934, "params": {"gamma": 417.022004702574, "log10_alpha": -0.6780530393470512, "log10_colsample_bytree": -0.9998856251826551, "log10_eta": -2.790669709472641, "log10_lambda": -4.119464655097322, "log10_min_child_weight": 0.461692973843989, "log10_subsample": -0.8137397886223291, "max_depth": 4.0, "num_boost_round": 54.0}, "datetime": {"datetime": "2024-01-19 00:11:50", "elapsed": 0.014458, "delta": 0.000209}}
{"target": -17.675427014512614, "params": {"gamma": 417.022004702574, "log10_alpha": -0.6780530393470512, "log10_colsample_bytree": -0.9998856251826551, "log10_eta": -2.790669709472641, "log10_lambda": -4.119464655097322, "log10_min_child_weight": 0.461692973843989, "log10_subsample": -0.8137397886223291, "max_depth": 4.0, "num_boost_round": 55.0}, "datetime": {"datetime": "2024-01-19 00:11:50", "elapsed": 0.014663, "delta": 0.000205}}
{"target": -17.675433151705057, "params": {"gamma": 417.022004702574, "log10_alpha": -0.6780530393470512, "log10_colsample_bytree": -0.9998856251826551, "log10_eta": -2.790669709472641, "log10_lambda": -4.119464655097322, "log10_min_child_weight": 0.461692973843989, "log10_subsample": -0.8137397886223291, "max_depth": 4.0, "num_boost_round": 56.0}, "datetime": {"datetime": "2024-01-19 00:11:50", "elapsed": 0.014871, "delta": 0.000208}}
{"target": -17.67538481913324, "params": {"gamma": 417.022004702574, "log10_alpha": -0.6780530393470512, "log10_colsample_bytree": -0.9998856251826551, "log10_eta": -2.790669709472641, "log10_lambda": -4.119464655097322, "log10_min_child_weight": 0.461692973843989, "log10_subsample": -0.8137397886223291, "max_depth": 4.0, "num_boost_round": 57.0}, "datetime": {"datetime": "2024-01-19 00:11:50", "elapsed": 0.015079, "delta": 0.000208}}
{"target": -17.675355757077877, "params": {"gamma": 417.022004702574, "log10_alpha": -0.6780530393470512, "log10_colsample_bytree": -0.9998856251826551, "log10_eta": -2.790669709472641, "log10_lambda": -4.119464655097322, "log10_min_child_weight": 0.461692973843989, "log10_subsample": -0.8137397886223291, "max_depth": 4.0, "num_boost_round": 58.0}, "datetime": {"datetime": "2024-01-19 00:11:50", "elapsed": 0.015285, "delta": 0.000206}}
{"target": -17.67530921135128, "params": {"gamma": 417.022004702574, "log10_alpha": -0.6780530393470512, "log10_colsample_bytree": -0.9998856251826551, "log10_eta": -2.790669709472641, "log10_lambda": -4.119464655097322, "log10_min_child_weight": 0.461692973843989, "log10_subsample": -0.8137397886223291, "max_depth": 4.0, "num_boost_round": 59.0}, "datetime": {"datetime": "2024-01-19 00:11:50", "elapsed": 0.015507, "delta": 0.000222}}
{"target": -17.675314010198402, "params": {"gamma": 417.022004702574, "log10_alpha": -0.6780530393470512, "log10_colsample_bytree": -0.9998856251826551, "log10_eta": -2.790669709472641, "log10_lambda": -4.119464655097322, "log10_min_child_weight": 0.461692973843989, "log10_subsample": -0.8137397886223291, "max_depth": 4.0, "num_boost_round": 60.0}, "datetime": {"datetime": "2024-01-19 00:11:50", "elapsed": 0.015717, "delta": 0.00021}}
{"target": -17.67535175854232, "params": {"gamma": 417.022004702574, "log10_alpha": -0.6780530393470512, "log10_colsample_bytree": -0.9998856251826551, "log10_eta": -2.790669709472641, "log10_lambda": -4.119464655097322, "log10_min_child_weight": 0.461692973843989, "log10_subsample": -0.8137397886223291, "max_depth": 4.0, "num_boost_round": 61.0}, "datetime": {"datetime": "2024-01-19 00:11:50", "elapsed": 0.015928, "delta": 0.000211}}
{"target": -17.67532970488438, "params": {"gamma": 417.022004702574, "log10_alpha": -0.6780530393470512, "log10_colsample_bytree": -0.9998856251826551, "log10_eta": -2.790669709472641, "log10_lambda": -4.119464655097322, "log10_min_child_weight": 0.461692973843989, "log10_subsample": -0.8137397886223291, "max_depth": 4.0, "num_boost_round": 62.0}, "datetime": {"datetime": "2024-01-19 00:11:50", "elapsed": 0.016143, "delta": 0.000215}}
{"target": -17.67527989943756, "params": {"gamma": 417.022004702574, "log10_alpha": -0.6780530393470512, "log10_colsample_bytree": -0.9998856251826551, "log10_eta": -2.790669709472641, "log10_lambda": -4.119464655097322, "log10_min_child_weight": 0.461692973843989, "log10_subsample": -0.8137397886223291, "max_depth": 4.0, "num_boost_round": 63.0}, "datetime": {"datetime": "2024-01-19 00:11:50", "elapsed": 0.016368, "delta": 0.000225}}
{"target": -17.675281169067457, "params": {"gamma": 417.022004702574, "log10_alpha": -0.6780530393470512, "log10_colsample_bytree": -0.9998856251826551, "log10_eta": -2.790669709472641, "log10_lambda": -4.119464655097322, "log10_min_child_weight": 0.461692973843989, "log10_subsample": -0.8137397886223291, "max_depth": 4.0, "num_boost_round": 64.0}, "datetime": {"datetime": "2024-01-19 00:11:50", "elapsed": 0.016589, "delta": 0.000221}}
{"target": -17.675212124902927, "params": {"gamma": 417.022004702574, "log10_alpha": -0.6780530393470512, "log10_colsample_bytree": -0.9998856251826551, "log10_eta": -2.790669709472641, "log10_lambda": -4.119464655097322, "log10_min_child_weight": 0.461692973843989, "log10_subsample": -0.8137397886223291, "max_depth": 4.0, "num_boost_round": 65.0}, "datetime": {"datetime": "2024-01-19 00:11:50", "elapsed": 0.016809, "delta": 0.00022}}
{"target": -17.675233086997345, "params": {"gamma": 417.022004702574, "log10_alpha": -0.6780530393470512, "log10_colsample_bytree": -0.9998856251826551, "log10_eta": -2.790669709472641, "log10_lambda": -4.119464655097322, "log10_min_child_weight": 0.461692973843989, "log10_subsample": -0.8137397886223291, "max_depth": 4.0, "num_boost_round": 66.0}, "datetime": {"datetime": "2024-01-19 00:11:50", "elapsed": 0.017028, "delta": 0.000219}}
{"target": -17.67511876981352, "params": {"gamma": 417.022004702574, "log10_alpha": -0.6780530393470512, "log10_colsample_bytree": -0.9998856251826551, "log10_eta": -2.790669709472641, "log10_lambda": -4.119464655097322, "log10_min_child_weight": 0.461692973843989, "log10_subsample": -0.8137397886223291, "max_depth": 4.0, "num_boost_round": 67.0}, "datetime": {"datetime": "2024-01-19 00:11:50", "elapsed": 0.017248, "delta": 0.00022}}
{"target": -17.675107683336574, "params": {"gamma": 417.022004702574, "log10_alpha": -0.6780530393470512, "log10_colsample_bytree": -0.9998856251826551, "log10_eta": -2.790669709472641, "log10_lambda": -4.119464655097322, "log10_min_child_weight": 0.461692973843989, "log10_subsample": -0.8137397886223291, "max_depth": 4.0, "num_boost_round": 68.0}, "datetime": {"datetime": "2024-01-19 00:11:50", "elapsed": 0.017477, "delta": 0.000229}}
{"target": -17.675052999166137, "params": {"gamma": 417.022004702574, "log10_alpha": -0.6780530393470512, "log10_colsample_bytree": -0.9998856251826551, "log10_eta": -2.790669709472641, "log10_lambda": -4.119464655097322, "log10_min_child_weight": 0.461692973843989, "log10_subsample": -0.8137397886223291, "max_depth": 4.0, "num_boost_round": 69.0}, "datetime": {"datetime": "2024-01-19 00:11:50", "elapsed": 0.017699, "delta": 0.000222}}
{"target": -17.675052980898453, "params": {"gamma": 417.022004702574, "log10_alpha": -0.6780530393470512, "log10_colsample_bytree": -0.9998856251826551, "log10_eta": -2.790669709472641, "log10_lambda": -4.119464655097322, "log10_min_child_weight": 0.461692973843989, "log10_subsample": -0.8137397886223291, "max_depth": 4.0, "num_boost_round": 70.0}, "datetime": {"datetime": "2024-01-19 00:11:50", "elapsed": 0.017922, "delta": 0.000223}}
{"target": -17.675013419078415, "params": {"gamma": 417.022004702574, "log10_alpha": -0.6780530393470512, "log10_colsample_bytree": -0.9998856251826551, "log10_eta": -2.790669709472641, "log10_lambda": -4.119464655097322, "log10_min_child_weight": 0.461692973843989, "log10_subsample": -0.8137397886223291, "max_depth": 4.0, "num_boost_round": 71.0}, "datetime": {"datetime": "2024-01-19 00:11:50", "elapsed": 0.018144, "delta": 0.000222}}
{"target": -17.67502523251567, "params": {"gamma": 417.022004702574, "log10_alpha": -0.6780530393470512, "log10_colsample_bytree": -0.9998856251826551, "log10_eta": -2.790669709472641, "log10_lambda": -4.119464655097322, "log10_min_child_weight": 0.461692973843989, "log10_subsample": -0.8137397886223291, "max_depth": 4.0, "num_boost_round": 72.0}, "datetime": {"datetime": "2024-01-19 00:11:50", "elapsed": 0.018373, "delta": 0.000229}}
{"target": -17.67491765737655, "params": {"gamma": 417.022004702574, "log10_alpha": -0.6780530393470512, "log10_colsample_bytree": -0.9998856251826551, "log10_eta": -2.790669709472641, "log10_lambda": -4.119464655097322, "log10_min_child_weight": 0.461692973843989, "log10_subsample": -0.8137397886223291, "max_depth": 4.0, "num_boost_round": 73.0}, "datetime": {"datetime": "2024-01-19 00:11:50", "elapsed": 0.018603, "delta": 0.00023}}
{"target": -17.674880197556547, "params": {"gamma": 417.022004702574, "log10_alpha": -0.6780530393470512, "log10_colsample_bytree": -0.9998856251826551, "log10_eta": -2.790669709472641, "log10_lambda": -4.119464655097322, "log10_min_child_weight": 0.461692973843989, "log10_subsample": -0.8137397886223291, "max_depth": 4.0, "num_boost_round": 74.0}, "datetime": {"datetime": "2024-01-19 00:11:50", "elapsed": 0.018835, "delta": 0.000232}}
{"target": -17.674863491727667, "params": {"gamma": 417.022004702574, "log10_alpha": -0.6780530393470512, "log10_colsample_bytree": -0.9998856251826551, "log10_eta": -2.790669709472641, "log10_lambda": -4.119464655097322, "log10_min_child_weight": 0.461692973843989, "log10_subsample": -0.8137397886223291, "max_depth": 4.0, "num_boost_round": 75.0}, "datetime": {"datetime": "2024-01-19 00:11:50", "elapsed": 0.019069, "delta": 0.000234}}
{"target": -17.674775754159352, "params": {"gamma": 417.022004702574, "log10_alpha": -0.6780530393470512, "log10_colsample_bytree": -0.9998856251826551, "log10_eta": -2.790669709472641, "log10_lambda": -4.119464655097322, "log10_min_child_weight": 0.461692973843989, "log10_subsample": -0.8137397886223291, "max_depth": 4.0, "num_boost_round": 76.0}, "datetime": {"datetime": "2024-01-19 00:11:50", "elapsed": 0.019301, "delta": 0.000232}}
{"target": -17.674717278427007, "params": {"gamma": 417.022004702574, "log10_alpha": -0.6780530393470512, "log10_colsample_bytree": -0.9998856251826551, "log10_eta": -2.790669709472641, "log10_lambda": -4.119464655097322, "log10_min_child_weight": 0.461692973843989, "log10_subsample": -0.8137397886223291, "max_depth": 4.0, "num_boost_round": 77.0}, "datetime": {"datetime": "2024-01-19 00:11:50", "elapsed": 0.019545, "delta": 0.000244}}
{"target": -17.674705158494174, "params": {"gamma": 417.022004702574, "log10_alpha": -0.6780530393470512, "log10_colsample_bytree": -0.9998856251826551, "log10_eta": -2.790669709472641, "log10_lambda": -4.119464655097322, "log10_min_child_weight": 0.461692973843989, "log10_subsample": -0.8137397886223291, "max_depth": 4.0, "num_boost_round": 78.0}, "datetime": {"datetime": "2024-01-19 00:11:50", "elapsed": 0.019791, "delta": 0.000246}}
{"target": -17.67471791391897, "params": {"gamma": 417.022004702574, "log10_alpha": -0.6780530393470512, "log10_colsample_bytree": -0.9998856251826551, "log10_eta": -2.790669709472641, "log10_lambda": -4.119464655097322, "log10_min_child_weight": 0.461692973843989, "log10_subsample": -0.8137397886223291, "max_depth": 4.0, "num_boost_round": 79.0}, "datetime": {"datetime": "2024-01-19 00:11:50", "elapsed": 0.02003, "delta": 0.000239}}
{"target": -17.674724261895093, "params": {"gamma": 417.022004702574, "log10_alpha": -0.6780530393470512, "log10_colsample_bytree": -0.9998856251826551, "log10_eta": -2.790669709472641, "log10_lambda": -4.119464655097322, "log10_min_child_weight": 0.461692973843989, "log10_subsample": -0.8137397886223291, "max_depth": 4.0, "num_boost_round": 80.0}, "datetime": {"datetime": "2024-01-19 00:11:50", "elapsed": 0.02027, "delta": 0.00024}}
{"target": -17.674664030199192, "params": {"gamma": 417.022004702574, "log10_alpha": -0.6780530393470512, "log10_colsample_bytree": -0.9998856251826551, "log10_eta": -2.790669709472641, "log10_lambda": -4.119464655097322, "log10_min_child_weight": 0.461692973843989, "log10_subsample": -0.8137397886223291, "max_depth": 4.0, "num_boost_round": 81.0}, "datetime": {"datetime": "2024-01-19 00:11:50", "elapsed": 0.020521, "delta": 0.000251}}
{"target": -17.674620110089396, "params": {"gamma": 417.022004702574, "log10_alpha": -0.6780530393470512, "log10_colsample_bytree": -0.9998856251826551, "log10_eta": -2.790669709472641, "log10_lambda": -4.119464655097322, "log10_min_child_weight": 0.461692973843989, "log10_subsample": -0.8137397886223291, "max_depth": 4.0, "num_boost_round": 82.0}, "datetime": {"datetime": "2024-01-19 00:11:50", "elapsed": 0.020842, "delta": 0.000321}}
{"target": -17.674549232681567, "params": {"gamma": 417.022004702574, "log10_alpha": -0.6780530393470512, "log10_colsample_bytree": -0.9998856251826551, "log10_eta": -2.790669709472641, "log10_lambda": -4.119464655097322, "log10_min_child_weight": 0.461692973843989, "log10_subsample": -0.8137397886223291, "max_depth": 4.0, "num_boost_round": 83.0}, "datetime": {"datetime": "2024-01-19 00:11:50", "elapsed": 0.021094, "delta": 0.000252}}
{"target": -17.67449350659993, "params": {"gamma": 417.022004702574, "log10_alpha": -0.6780530393470512, "log10_colsample_bytree": -0.9998856251826551, "log10_eta": -2.790669709472641, "log10_lambda": -4.119464655097322, "log10_min_child_weight": 0.461692973843989, "log10_subsample": -0.8137397886223291, "max_depth": 4.0, "num_boost_round": 84.0}, "datetime": {"datetime": "2024-01-19 00:11:50", "elapsed": 0.021363, "delta": 0.000269}}
{"target": -17.6772122676549, "params": {"gamma": 418.01062139031797, "log10_alpha": -4.3040186180041085, "log10_colsample_bytree": -0.4485595872184861, "log10_eta": -3.5071692568532966, "log10_lambda": -2.69278192414378, "log10_min_child_weight": 0.8644361429982972, "log10_subsample": -0.13103506334942994, "max_depth": 4.0, "num_boost_round": 0.0}, "datetime": {"datetime": "2024-01-19 00:12:30", "elapsed": 40.192744, "delta": 40.171381}}
{"target": -17.67719442787159, "params": {"gamma": 418.01062139031797, "log10_alpha": -4.3040186180041085, "log10_colsample_bytree": -0.4485595872184861, "log10_eta": -3.5071692568532966, "log10_lambda": -2.69278192414378, "log10_min_child_weight": 0.8644361429982972, "log10_subsample": -0.13103506334942994, "max_depth": 4.0, "num_boost_round": 1.0}, "datetime": {"datetime": "2024-01-19 00:12:30", "elapsed": 40.194919, "delta": 0.002175}}
{"target": -17.6771800432119, "params": {"gamma": 418.01062139031797, "log10_alpha": -4.3040186180041085, "log10_colsample_bytree": -0.4485595872184861, "log10_eta": -3.5071692568532966, "log10_lambda": -2.69278192414378, "log10_min_child_weight": 0.8644361429982972, "log10_subsample": -0.13103506334942994, "max_depth": 4.0, "num_boost_round": 2.0}, "datetime": {"datetime": "2024-01-19 00:12:30", "elapsed": 40.195356, "delta": 0.000437}}
{"target": -17.677173982826243, "params": {"gamma": 418.01062139031797, "log10_alpha": -4.3040186180041085, "log10_colsample_bytree": -0.4485595872184861, "log10_eta": -3.5071692568532966, "log10_lambda": -2.69278192414378, "log10_min_child_weight": 0.8644361429982972, "log10_subsample": -0.13103506334942994, "max_depth": 4.0, "num_boost_round": 3.0}, "datetime": {"datetime": "2024-01-19 00:12:30", "elapsed": 40.195637, "delta": 0.000281}}
{"target": -17.677165818988534, "params": {"gamma": 418.01062139031797, "log10_alpha": -4.3040186180041085, "log10_colsample_bytree": -0.4485595872184861, "log10_eta": -3.5071692568532966, "log10_lambda": -2.69278192414378, "log10_min_child_weight": 0.8644361429982972, "log10_subsample": -0.13103506334942994, "max_depth": 4.0, "num_boost_round": 4.0}, "datetime": {"datetime": "2024-01-19 00:12:30", "elapsed": 40.19591, "delta": 0.000273}}
{"target": -17.67715609738355, "params": {"gamma": 418.01062139031797, "log10_alpha": -4.3040186180041085, "log10_colsample_bytree": -0.4485595872184861, "log10_eta": -3.5071692568532966, "log10_lambda": -2.69278192414378, "log10_min_child_weight": 0.8644361429982972, "log10_subsample": -0.13103506334942994, "max_depth": 4.0, "num_boost_round": 5.0}, "datetime": {"datetime": "2024-01-19 00:12:30", "elapsed": 40.196184, "delta": 0.000274}}
{"target": -17.6771460804646, "params": {"gamma": 418.01062139031797, "log10_alpha": -4.3040186180041085, "log10_colsample_bytree": -0.4485595872184861, "log10_eta": -3.5071692568532966, "log10_lambda": -2.69278192414378, "log10_min_child_weight": 0.8644361429982972, "log10_subsample": -0.13103506334942994, "max_depth": 4.0, "num_boost_round": 6.0}, "datetime": {"datetime": "2024-01-19 00:12:30", "elapsed": 40.196465, "delta": 0.000281}}
{"target": -17.67713976488331, "params": {"gamma": 418.01062139031797, "log10_alpha": -4.3040186180041085, "log10_colsample_bytree": -0.4485595872184861, "log10_eta": -3.5071692568532966, "log10_lambda": -2.69278192414378, "log10_min_child_weight": 0.8644361429982972, "log10_subsample": -0.13103506334942994, "max_depth": 4.0, "num_boost_round": 7.0}, "datetime": {"datetime": "2024-01-19 00:12:30", "elapsed": 40.196738, "delta": 0.000273}}
{"target": -17.677133339308835, "params": {"gamma": 418.01062139031797, "log10_alpha": -4.3040186180041085, "log10_colsample_bytree": -0.4485595872184861, "log10_eta": -3.5071692568532966, "log10_lambda": -2.69278192414378, "log10_min_child_weight": 0.8644361429982972, "log10_subsample": -0.13103506334942994, "max_depth": 4.0, "num_boost_round": 8.0}, "datetime": {"datetime": "2024-01-19 00:12:30", "elapsed": 40.197007, "delta": 0.000269}}
{"target": -17.677121716170785, "params": {"gamma": 418.01062139031797, "log10_alpha": -4.3040186180041085, "log10_colsample_bytree": -0.4485595872184861, "log10_eta": -3.5071692568532966, "log10_lambda": -2.69278192414378, "log10_min_child_weight": 0.8644361429982972, "log10_subsample": -0.13103506334942994, "max_depth": 4.0, "num_boost_round": 9.0}, "datetime": {"datetime": "2024-01-19 00:12:30", "elapsed": 40.197288, "delta": 0.000281}}
{"target": -17.6771047379363, "params": {"gamma": 418.01062139031797, "log10_alpha": -4.3040186180041085, "log10_colsample_bytree": -0.4485595872184861, "log10_eta": -3.5071692568532966, "log10_lambda": -2.69278192414378, "log10_min_child_weight": 0.8644361429982972, "log10_subsample": -0.13103506334942994, "max_depth": 4.0, "num_boost_round": 10.0}, "datetime": {"datetime": "2024-01-19 00:12:30", "elapsed": 40.197683, "delta": 0.000395}}
{"target": -17.677097868852755, "params": {"gamma": 418.01062139031797, "log10_alpha": -4.3040186180041085, "log10_colsample_bytree": -0.4485595872184861, "log10_eta": -3.5071692568532966, "log10_lambda": -2.69278192414378, "log10_min_child_weight": 0.8644361429982972, "log10_subsample": -0.13103506334942994, "max_depth": 4.0, "num_boost_round": 11.0}, "datetime": {"datetime": "2024-01-19 00:12:30", "elapsed": 40.197969, "delta": 0.000286}}
{"target": -17.677087263892044, "params": {"gamma": 418.01062139031797, "log10_alpha": -4.3040186180041085, "log10_colsample_bytree": -0.4485595872184861, "log10_eta": -3.5071692568532966, "log10_lambda": -2.69278192414378, "log10_min_child_weight": 0.8644361429982972, "log10_subsample": -0.13103506334942994, "max_depth": 4.0, "num_boost_round": 12.0}, "datetime": {"datetime": "2024-01-19 00:12:30", "elapsed": 40.19825, "delta": 0.000281}}
{"target": -17.677083477837186, "params": {"gamma": 418.01062139031797, "log10_alpha": -4.3040186180041085, "log10_colsample_bytree": -0.4485595872184861, "log10_eta": -3.5071692568532966, "log10_lambda": -2.69278192414378, "log10_min_child_weight": 0.8644361429982972, "log10_subsample": -0.13103506334942994, "max_depth": 4.0, "num_boost_round": 13.0}, "datetime": {"datetime": "2024-01-19 00:12:30", "elapsed": 40.198531, "delta": 0.000281}}
