{"target": -17.677157671642345, "params": {"gamma": 67.41310748572305, "log10_alpha": -3.598037916522636, "log10_colsample_bytree": -0.13152277796889367, "log10_eta": -3.7717956069064376, "log10_lambda": 0.8223386279798444, "log10_min_child_weight": 2.8980227490855133, "log10_subsample": -0.11668283690014192, "max_depth": 5.0, "num_boost_round": 11.0}, "datetime": {"datetime": "2024-01-19 00:26:15", "elapsed": 882.781409, "delta": 0.001222}}
{"target": -17.677149900300986, "params": {"gamma": 67.41310748572305, "log10_alpha": -3.598037916522636, "log10_colsample_bytree": -0.13152277796889367, "log10_eta": -3.7717956069064376, "log10_lambda": 0.8223386279798444, "log10_min_child_weight": 2.8980227490855133, "log10_subsample": -0.11668283690014192, "max_depth": 5.0, "num_boost_round": 12.0}, "datetime": {"datetime": "2024-01-19 00:26:15", "elapsed": 882.782634, "delta": 0.001225}}
{"target": -17.67714074066102, "params": {"gamma": 67.41310748572305, "log10_alpha": -3.598037916522636, "log10_colsample_bytree": -0.13152277796889367, "log10_eta": -3.7717956069064376, "log10_lambda": 0.8223386279798444, "log10_min_child_weight": 2.8980227490855133, "log10_subsample": -0.11668283690014192, "max_depth": 5.0, "num_boost_round": 13.0}, "datetime": {"datetime": "2024-01-19 00:26:15", "elapsed": 882.783858, "delta": 0.001224}}
{"target": -17.67713595063221, "params": {"gamma": 67.41310748572305, "log10_alpha": -3.598037916522636, "log10_colsample_bytree": -0.13152277796889367, "log10_eta": -3.7717956069064376, "log10_lambda": 0.8223386279798444, "log10_min_child_weight": 2.8980227490855133, "log10_subsample": -0.11668283690014192, "max_depth": 5.0, "num_boost_round": 14.0}, "datetime": {"datetime": "2024-01-19 00:26:15", "elapsed": 882.785137, "delta": 0.001279}}
{"target": -17.677136221667585, "params": {"gamma": 67.41310748572305, "log10_alpha": -3.598037916522636, "log10_colsample_bytree": -0.13152277796889367, "log10_eta": -3.7717956069064376, "log10_lambda": 0.8223386279798444, "log10_min_child_weight": 2.8980227490855133, "log10_subsample": -0.11668283690014192, "max_depth": 5.0, "num_boost_round": 15.0}, "datetime": {"datetime": "2024-01-19 00:26:15", "elapsed": 882.78638, "delta": 0.001243}}
{"target": -17.677234843292492, "params": {"gamma": 72.61651228925537, "log10_alpha": -3.9641330624192204, "log10_colsample_bytree": -0.9020245655465557, "log10_eta": -3.5571109409649213, "log10_lambda": 0.44868088120896754, "log10_min_child_weight": 1.7924228560229376, "log10_subsample": -0.9882754149465715, "max_depth": 7.0, "num_boost_round": 0.0}, "datetime": {"datetime": "2024-01-19 00:26:38", "elapsed": 905.430777, "delta": 22.644397}}
{"target": -17.677224796326147, "params": {"gamma": 72.61651228925537, "log10_alpha": -3.9641330624192204, "log10_colsample_bytree": -0.9020245655465557, "log10_eta": -3.5571109409649213, "log10_lambda": 0.44868088120896754, "log10_min_child_weight": 1.7924228560229376, "log10_subsample": -0.9882754149465715, "max_depth": 7.0, "num_boost_round": 1.0}, "datetime": {"datetime": "2024-01-19 00:26:38", "elapsed": 905.432631, "delta": 0.001854}}
{"target": -17.677214850238467, "params": {"gamma": 72.61651228925537, "log10_alpha": -3.9641330624192204, "log10_colsample_bytree": -0.9020245655465557, "log10_eta": -3.5571109409649213, "log10_lambda": 0.44868088120896754, "log10_min_child_weight": 1.7924228560229376, "log10_subsample": -0.9882754149465715, "max_depth": 7.0, "num_boost_round": 2.0}, "datetime": {"datetime": "2024-01-19 00:26:38", "elapsed": 905.434075, "delta": 0.001444}}
{"target": -17.677208573355987, "params": {"gamma": 72.61651228925537, "log10_alpha": -3.9641330624192204, "log10_colsample_bytree": -0.9020245655465557, "log10_eta": -3.5571109409649213, "log10_lambda": 0.44868088120896754, "log10_min_child_weight": 1.7924228560229376, "log10_subsample": -0.9882754149465715, "max_depth": 7.0, "num_boost_round": 3.0}, "datetime": {"datetime": "2024-01-19 00:26:38", "elapsed": 905.435881, "delta": 0.001806}}
{"target": -17.6771957855567, "params": {"gamma": 72.61651228925537, "log10_alpha": -3.9641330624192204, "log10_colsample_bytree": -0.9020245655465557, "log10_eta": -3.5571109409649213, "log10_lambda": 0.44868088120896754, "log10_min_child_weight": 1.7924228560229376, "log10_subsample": -0.9882754149465715, "max_depth": 7.0, "num_boost_round": 4.0}, "datetime": {"datetime": "2024-01-19 00:26:38", "elapsed": 905.437476, "delta": 0.001595}}
{"target": -17.677188365368426, "params": {"gamma": 72.61651228925537, "log10_alpha": -3.9641330624192204, "log10_colsample_bytree": -0.9020245655465557, "log10_eta": -3.5571109409649213, "log10_lambda": 0.44868088120896754, "log10_min_child_weight": 1.7924228560229376, "log10_subsample": -0.9882754149465715, "max_depth": 7.0, "num_boost_round": 5.0}, "datetime": {"datetime": "2024-01-19 00:26:38", "elapsed": 905.438754, "delta": 0.001278}}
{"target": -17.67719766407725, "params": {"gamma": 72.61651228925537, "log10_alpha": -3.9641330624192204, "log10_colsample_bytree": -0.9020245655465557, "log10_eta": -3.5571109409649213, "log10_lambda": 0.44868088120896754, "log10_min_child_weight": 1.7924228560229376, "log10_subsample": -0.9882754149465715, "max_depth": 7.0, "num_boost_round": 6.0}, "datetime": {"datetime": "2024-01-19 00:26:38", "elapsed": 905.440078, "delta": 0.001324}}
{"target": -17.677181738497985, "params": {"gamma": 72.61651228925537, "log10_alpha": -3.9641330624192204, "log10_colsample_bytree": -0.9020245655465557, "log10_eta": -3.5571109409649213, "log10_lambda": 0.44868088120896754, "log10_min_child_weight": 1.7924228560229376, "log10_subsample": -0.9882754149465715, "max_depth": 7.0, "num_boost_round": 7.0}, "datetime": {"datetime": "2024-01-19 00:26:38", "elapsed": 905.441332, "delta": 0.001254}}
{"target": -17.677179199230284, "params": {"gamma": 72.61651228925537, "log10_alpha": -3.9641330624192204, "log10_colsample_bytree": -0.9020245655465557, "log10_eta": -3.5571109409649213, "log10_lambda": 0.44868088120896754, "log10_min_child_weight": 1.7924228560229376, "log10_subsample": -0.9882754149465715, "max_depth": 7.0, "num_boost_round": 8.0}, "datetime": {"datetime": "2024-01-19 00:26:38", "elapsed": 905.442596, "delta": 0.001264}}
{"target": -17.67717188910679, "params": {"gamma": 72.61651228925537, "log10_alpha": -3.9641330624192204, "log10_colsample_bytree": -0.9020245655465557, "log10_eta": -3.5571109409649213, "log10_lambda": 0.44868088120896754, "log10_min_child_weight": 1.7924228560229376, "log10_subsample": -0.9882754149465715, "max_depth": 7.0, "num_boost_round": 9.0}, "datetime": {"datetime": "2024-01-19 00:26:38", "elapsed": 905.443872, "delta": 0.001276}}
{"target": -17.67714408573501, "params": {"gamma": 72.61651228925537, "log10_alpha": -3.9641330624192204, "log10_colsample_bytree": -0.9020245655465557, "log10_eta": -3.5571109409649213, "log10_lambda": 0.44868088120896754, "log10_min_child_weight": 1.7924228560229376, "log10_subsample": -0.9882754149465715, "max_depth": 7.0, "num_boost_round": 10.0}, "datetime": {"datetime": "2024-01-19 00:26:38", "elapsed": 905.445138, "delta": 0.001266}}
{"target": -17.6771296523348, "params": {"gamma": 72.61651228925537, "log10_alpha": -3.9641330624192204, "log10_colsample_bytree": -0.9020245655465557, "log10_eta": -3.5571109409649213, "log10_lambda": 0.44868088120896754, "log10_min_child_weight": 1.7924228560229376, "log10_subsample": -0.9882754149465715, "max_depth": 7.0, "num_boost_round": 11.0}, "datetime": {"datetime": "2024-01-19 00:26:38", "elapsed": 905.446381, "delta": 0.001243}}
{"target": -17.677118220013508, "params": {"gamma": 72.61651228925537, "log10_alpha": -3.9641330624192204, "log10_colsample_bytree": -0.9020245655465557, "log10_eta": -3.5571109409649213, "log10_lambda": 0.44868088120896754, "log10_min_child_weight": 1.7924228560229376, "log10_subsample": -0.9882754149465715, "max_depth": 7.0, "num_boost_round": 12.0}, "datetime": {"datetime": "2024-01-19 00:26:38", "elapsed": 905.447728, "delta": 0.001347}}
{"target": -17.67711233615065, "params": {"gamma": 72.61651228925537, "log10_alpha": -3.9641330624192204, "log10_colsample_bytree": -0.9020245655465557, "log10_eta": -3.5571109409649213, "log10_lambda": 0.44868088120896754, "log10_min_child_weight": 1.7924228560229376, "log10_subsample": -0.9882754149465715, "max_depth": 7.0, "num_boost_round": 13.0}, "datetime": {"datetime": "2024-01-19 00:26:38", "elapsed": 905.44905, "delta": 0.001322}}
{"target": -17.677105309835245, "params": {"gamma": 72.61651228925537, "log10_alpha": -3.9641330624192204, "log10_colsample_bytree": -0.9020245655465557, "log10_eta": -3.5571109409649213, "log10_lambda": 0.44868088120896754, "log10_min_child_weight": 1.7924228560229376, "log10_subsample": -0.9882754149465715, "max_depth": 7.0, "num_boost_round": 14.0}, "datetime": {"datetime": "2024-01-19 00:26:38", "elapsed": 905.450302, "delta": 0.001252}}
{"target": -17.677094046237976, "params": {"gamma": 72.61651228925537, "log10_alpha": -3.9641330624192204, "log10_colsample_bytree": -0.9020245655465557, "log10_eta": -3.5571109409649213, "log10_lambda": 0.44868088120896754, "log10_min_child_weight": 1.7924228560229376, "log10_subsample": -0.9882754149465715, "max_depth": 7.0, "num_boost_round": 15.0}, "datetime": {"datetime": "2024-01-19 00:26:38", "elapsed": 905.45155, "delta": 0.001248}}
{"target": -17.677226559186888, "params": {"gamma": 70.7249979370661, "log10_alpha": -0.7153670652241582, "log10_colsample_bytree": -0.9308066319175027, "log10_eta": -3.4471017607568086, "log10_lambda": -3.241623059025744, "log10_min_child_weight": 1.5188830906882194, "log10_subsample": -0.09719477253028619, "max_depth": 4.0, "num_boost_round": 0.0}, "datetime": {"datetime": "2024-01-19 00:27:03", "elapsed": 930.764279, "delta": 25.312729}}
{"target": -17.677215419093358, "params": {"gamma": 70.7249979370661, "log10_alpha": -0.7153670652241582, "log10_colsample_bytree": -0.9308066319175027, "log10_eta": -3.4471017607568086, "log10_lambda": -3.241623059025744, "log10_min_child_weight": 1.5188830906882194, "log10_subsample": -0.09719477253028619, "max_depth": 4.0, "num_boost_round": 1.0}, "datetime": {"datetime": "2024-01-19 00:27:03", "elapsed": 930.765851, "delta": 0.001572}}
{"target": -17.677211674653943, "params": {"gamma": 70.7249979370661, "log10_alpha": -0.7153670652241582, "log10_colsample_bytree": -0.9308066319175027, "log10_eta": -3.4471017607568086, "log10_lambda": -3.241623059025744, "log10_min_child_weight": 1.5188830906882194, "log10_subsample": -0.09719477253028619, "max_depth": 4.0, "num_boost_round": 2.0}, "datetime": {"datetime": "2024-01-19 00:27:03", "elapsed": 930.767327, "delta": 0.001476}}
{"target": -17.677205863695505, "params": {"gamma": 70.7249979370661, "log10_alpha": -0.7153670652241582, "log10_colsample_bytree": -0.9308066319175027, "log10_eta": -3.4471017607568086, "log10_lambda": -3.241623059025744, "log10_min_child_weight": 1.5188830906882194, "log10_subsample": -0.09719477253028619, "max_depth": 4.0, "num_boost_round": 3.0}, "datetime": {"datetime": "2024-01-19 00:27:03", "elapsed": 930.769174, "delta": 0.001847}}
{"target": -17.677185951817386, "params": {"gamma": 70.7249979370661, "log10_alpha": -0.7153670652241582, "log10_colsample_bytree": -0.9308066319175027, "log10_eta": -3.4471017607568086, "log10_lambda": -3.241623059025744, "log10_min_child_weight": 1.5188830906882194, "log10_subsample": -0.09719477253028619, "max_depth": 4.0, "num_boost_round": 4.0}, "datetime": {"datetime": "2024-01-19 00:27:03", "elapsed": 930.873796, "delta": 0.104622}}
{"target": -17.677177831591038, "params": {"gamma": 70.7249979370661, "log10_alpha": -0.7153670652241582, "log10_colsample_bytree": -0.9308066319175027, "log10_eta": -3.4471017607568086, "log10_lambda": -3.241623059025744, "log10_min_child_weight": 1.5188830906882194, "log10_subsample": -0.09719477253028619, "max_depth": 4.0, "num_boost_round": 5.0}, "datetime": {"datetime": "2024-01-19 00:27:03", "elapsed": 930.875632, "delta": 0.001836}}
{"target": -17.677190042892427, "params": {"gamma": 70.7249979370661, "log10_alpha": -0.7153670652241582, "log10_colsample_bytree": -0.9308066319175027, "log10_eta": -3.4471017607568086, "log10_lambda": -3.241623059025744, "log10_min_child_weight": 1.5188830906882194, "log10_subsample": -0.09719477253028619, "max_depth": 4.0, "num_boost_round": 6.0}, "datetime": {"datetime": "2024-01-19 00:27:03", "elapsed": 930.877178, "delta": 0.001546}}
{"target": -17.67717103659334, "params": {"gamma": 70.7249979370661, "log10_alpha": -0.7153670652241582, "log10_colsample_bytree": -0.9308066319175027, "log10_eta": -3.4471017607568086, "log10_lambda": -3.241623059025744, "log10_min_child_weight": 1.5188830906882194, "log10_subsample": -0.09719477253028619, "max_depth": 4.0, "num_boost_round": 7.0}, "datetime": {"datetime": "2024-01-19 00:27:03", "elapsed": 930.878976, "delta": 0.001798}}
{"target": -17.6771614779678, "params": {"gamma": 70.7249979370661, "log10_alpha": -0.7153670652241582, "log10_colsample_bytree": -0.9308066319175027, "log10_eta": -3.4471017607568086, "log10_lambda": -3.241623059025744, "log10_min_child_weight": 1.5188830906882194, "log10_subsample": -0.09719477253028619, "max_depth": 4.0, "num_boost_round": 8.0}, "datetime": {"datetime": "2024-01-19 00:27:03", "elapsed": 930.880421, "delta": 0.001445}}
{"target": -17.67715624224471, "params": {"gamma": 70.7249979370661, "log10_alpha": -0.7153670652241582, "log10_colsample_bytree": -0.9308066319175027, "log10_eta": -3.4471017607568086, "log10_lambda": -3.241623059025744, "log10_min_child_weight": 1.5188830906882194, "log10_subsample": -0.09719477253028619, "max_depth": 4.0, "num_boost_round": 9.0}, "datetime": {"datetime": "2024-01-19 00:27:03", "elapsed": 930.881768, "delta": 0.001347}}
{"target": -17.677140018667888, "params": {"gamma": 70.7249979370661, "log10_alpha": -0.7153670652241582, "log10_colsample_bytree": -0.9308066319175027, "log10_eta": -3.4471017607568086, "log10_lambda": -3.241623059025744, "log10_min_child_weight": 1.5188830906882194, "log10_subsample": -0.09719477253028619, "max_depth": 4.0, "num_boost_round": 10.0}, "datetime": {"datetime": "2024-01-19 00:27:03", "elapsed": 930.883146, "delta": 0.001378}}
{"target": -17.67712523348388, "params": {"gamma": 70.7249979370661, "log10_alpha": -0.7153670652241582, "log10_colsample_bytree": -0.9308066319175027, "log10_eta": -3.4471017607568086, "log10_lambda": -3.241623059025744, "log10_min_child_weight": 1.5188830906882194, "log10_subsample": -0.09719477253028619, "max_depth": 4.0, "num_boost_round": 11.0}, "datetime": {"datetime": "2024-01-19 00:27:03", "elapsed": 930.884473, "delta": 0.001327}}
{"target": -17.67710439102807, "params": {"gamma": 70.7249979370661, "log10_alpha": -0.7153670652241582, "log10_colsample_bytree": -0.9308066319175027, "log10_eta": -3.4471017607568086, "log10_lambda": -3.241623059025744, "log10_min_child_weight": 1.5188830906882194, "log10_subsample": -0.09719477253028619, "max_depth": 4.0, "num_boost_round": 12.0}, "datetime": {"datetime": "2024-01-19 00:27:03", "elapsed": 930.8858, "delta": 0.001327}}
{"target": -17.67709624442826, "params": {"gamma": 70.7249979370661, "log10_alpha": -0.7153670652241582, "log10_colsample_bytree": -0.9308066319175027, "log10_eta": -3.4471017607568086, "log10_lambda": -3.241623059025744, "log10_min_child_weight": 1.5188830906882194, "log10_subsample": -0.09719477253028619, "max_depth": 4.0, "num_boost_round": 13.0}, "datetime": {"datetime": "2024-01-19 00:27:03", "elapsed": 930.887127, "delta": 0.001327}}
{"target": -17.67709129779441, "params": {"gamma": 70.7249979370661, "log10_alpha": -0.7153670652241582, "log10_colsample_bytree": -0.9308066319175027, "log10_eta": -3.4471017607568086, "log10_lambda": -3.241623059025744, "log10_min_child_weight": 1.5188830906882194, "log10_subsample": -0.09719477253028619, "max_depth": 4.0, "num_boost_round": 14.0}, "datetime": {"datetime": "2024-01-19 00:27:03", "elapsed": 930.888616, "delta": 0.001489}}
{"target": -17.677074639766325, "params": {"gamma": 70.7249979370661, "log10_alpha": -0.7153670652241582, "log10_colsample_bytree": -0.9308066319175027, "log10_eta": -3.4471017607568086, "log10_lambda": -3.241623059025744, "log10_min_child_weight": 1.5188830906882194, "log10_subsample": -0.09719477253028619, "max_depth": 4.0, "num_boost_round": 15.0}, "datetime": {"datetime": "2024-01-19 00:27:03", "elapsed": 930.889957, "delta": 0.001341}}
{"target": -17.677069531100088, "params": {"gamma": 70.7249979370661, "log10_alpha": -0.7153670652241582, "log10_colsample_bytree": -0.9308066319175027, "log10_eta": -3.4471017607568086, "log10_lambda": -3.241623059025744, "log10_min_child_weight": 1.5188830906882194, "log10_subsample": -0.09719477253028619, "max_depth": 4.0, "num_boost_round": 16.0}, "datetime": {"datetime": "2024-01-19 00:27:03", "elapsed": 930.891282, "delta": 0.001325}}
{"target": -17.67705750994466, "params": {"gamma": 70.7249979370661, "log10_alpha": -0.7153670652241582, "log10_colsample_bytree": -0.9308066319175027, "log10_eta": -3.4471017607568086, "log10_lambda": -3.241623059025744, "log10_min_child_weight": 1.5188830906882194, "log10_subsample": -0.09719477253028619, "max_depth": 4.0, "num_boost_round": 17.0}, "datetime": {"datetime": "2024-01-19 00:27:03", "elapsed": 930.892616, "delta": 0.001334}}
{"target": -17.67704361943887, "params": {"gamma": 70.7249979370661, "log10_alpha": -0.7153670652241582, "log10_colsample_bytree": -0.9308066319175027, "log10_eta": -3.4471017607568086, "log10_lambda": -3.241623059025744, "log10_min_child_weight": 1.5188830906882194, "log10_subsample": -0.09719477253028619, "max_depth": 4.0, "num_boost_round": 18.0}, "datetime": {"datetime": "2024-01-19 00:27:03", "elapsed": 930.893956, "delta": 0.00134}}
{"target": -17.677028171504478, "params": {"gamma": 70.7249979370661, "log10_alpha": -0.7153670652241582, "log10_colsample_bytree": -0.9308066319175027, "log10_eta": -3.4471017607568086, "log10_lambda": -3.241623059025744, "log10_min_child_weight": 1.5188830906882194, "log10_subsample": -0.09719477253028619, "max_depth": 4.0, "num_boost_round": 19.0}, "datetime": {"datetime": "2024-01-19 00:27:03", "elapsed": 930.895293, "delta": 0.001337}}
{"target": -17.677013769823628, "params": {"gamma": 70.7249979370661, "log10_alpha": -0.7153670652241582, "log10_colsample_bytree": -0.9308066319175027, "log10_eta": -3.4471017607568086, "log10_lambda": -3.241623059025744, "log10_min_child_weight": 1.5188830906882194, "log10_subsample": -0.09719477253028619, "max_depth": 4.0, "num_boost_round": 20.0}, "datetime": {"datetime": "2024-01-19 00:27:03", "elapsed": 930.896756, "delta": 0.001463}}
{"target": -17.676994812725617, "params": {"gamma": 70.7249979370661, "log10_alpha": -0.7153670652241582, "log10_colsample_bytree": -0.9308066319175027, "log10_eta": -3.4471017607568086, "log10_lambda": -3.241623059025744, "log10_min_child_weight": 1.5188830906882194, "log10_subsample": -0.09719477253028619, "max_depth": 4.0, "num_boost_round": 21.0}, "datetime": {"datetime": "2024-01-19 00:27:03", "elapsed": 930.898106, "delta": 0.00135}}
{"target": -17.67697898671207, "params": {"gamma": 70.7249979370661, "log10_alpha": -0.7153670652241582, "log10_colsample_bytree": -0.9308066319175027, "log10_eta": -3.4471017607568086, "log10_lambda": -3.241623059025744, "log10_min_child_weight": 1.5188830906882194, "log10_subsample": -0.09719477253028619, "max_depth": 4.0, "num_boost_round": 22.0}, "datetime": {"datetime": "2024-01-19 00:27:03", "elapsed": 930.899469, "delta": 0.001363}}
{"target": -17.67696080822728, "params": {"gamma": 70.7249979370661, "log10_alpha": -0.7153670652241582, "log10_colsample_bytree": -0.9308066319175027, "log10_eta": -3.4471017607568086, "log10_lambda": -3.241623059025744, "log10_min_child_weight": 1.5188830906882194, "log10_subsample": -0.09719477253028619, "max_depth": 4.0, "num_boost_round": 23.0}, "datetime": {"datetime": "2024-01-19 00:27:03", "elapsed": 930.900813, "delta": 0.001344}}
{"target": -17.67695896357628, "params": {"gamma": 70.7249979370661, "log10_alpha": -0.7153670652241582, "log10_colsample_bytree": -0.9308066319175027, "log10_eta": -3.4471017607568086, "log10_lambda": -3.241623059025744, "log10_min_child_weight": 1.5188830906882194, "log10_subsample": -0.09719477253028619, "max_depth": 4.0, "num_boost_round": 24.0}, "datetime": {"datetime": "2024-01-19 00:27:03", "elapsed": 930.902158, "delta": 0.001345}}
{"target": -17.677159669825357, "params": {"gamma": 70.0029024772273, "log10_alpha": -1.0522555669552096, "log10_colsample_bytree": -0.8202360561733522, "log10_eta": -2.3807750725233587, "log10_lambda": -0.5973512686520674, "log10_min_child_weight": 0.7365170440302415, "log10_subsample": -0.0934123315527764, "max_depth": 4.0, "num_boost_round": 0.0}, "datetime": {"datetime": "2024-01-19 00:27:31", "elapsed": 959.168474, "delta": 28.266316}}
{"target": -17.677213312332995, "params": {"gamma": 70.0029024772273, "log10_alpha": -1.0522555669552096, "log10_colsample_bytree": -0.8202360561733522, "log10_eta": -2.3807750725233587, "log10_lambda": -0.5973512686520674, "log10_min_child_weight": 0.7365170440302415, "log10_subsample": -0.0934123315527764, "max_depth": 4.0, "num_boost_round": 1.0}, "datetime": {"datetime": "2024-01-19 00:27:31", "elapsed": 959.170035, "delta": 0.001561}}
{"target": -17.677086823765155, "params": {"gamma": 70.0029024772273, "log10_alpha": -1.0522555669552096, "log10_colsample_bytree": -0.8202360561733522, "log10_eta": -2.3807750725233587, "log10_lambda": -0.5973512686520674, "log10_min_child_weight": 0.7365170440302415, "log10_subsample": -0.0934123315527764, "max_depth": 4.0, "num_boost_round": 2.0}, "datetime": {"datetime": "2024-01-19 00:27:31", "elapsed": 959.171407, "delta": 0.001372}}
