{"target": -17.67719258965729, "params": {"gamma": 890.1785369353593, "log10_alpha": 0.8052706389759878, "log10_colsample_bytree": -0.18844386189204743, "log10_eta": -3.862261712837501, "log10_lambda": -0.12018164595496916, "log10_min_child_weight": 2.0562967030151165, "log10_subsample": -0.9389207933105057, "max_depth": 7.0, "num_boost_round": 6.0}, "datetime": {"datetime": "2024-01-19 00:55:36", "elapsed": 2616.657943, "delta": 0.003093}}
{"target": -17.67717990908222, "params": {"gamma": 890.1785369353593, "log10_alpha": 0.8052706389759878, "log10_colsample_bytree": -0.18844386189204743, "log10_eta": -3.862261712837501, "log10_lambda": -0.12018164595496916, "log10_min_child_weight": 2.0562967030151165, "log10_subsample": -0.9389207933105057, "max_depth": 7.0, "num_boost_round": 7.0}, "datetime": {"datetime": "2024-01-19 00:55:36", "elapsed": 2616.661025, "delta": 0.003082}}
{"target": -17.677176578124186, "params": {"gamma": 890.1785369353593, "log10_alpha": 0.8052706389759878, "log10_colsample_bytree": -0.18844386189204743, "log10_eta": -3.862261712837501, "log10_lambda": -0.12018164595496916, "log10_min_child_weight": 2.0562967030151165, "log10_subsample": -0.9389207933105057, "max_depth": 7.0, "num_boost_round": 8.0}, "datetime": {"datetime": "2024-01-19 00:55:36", "elapsed": 2616.664028, "delta": 0.003003}}
{"target": -17.67716616731904, "params": {"gamma": 890.1785369353593, "log10_alpha": 0.8052706389759878, "log10_colsample_bytree": -0.18844386189204743, "log10_eta": -3.862261712837501, "log10_lambda": -0.12018164595496916, "log10_min_child_weight": 2.0562967030151165, "log10_subsample": -0.9389207933105057, "max_depth": 7.0, "num_boost_round": 9.0}, "datetime": {"datetime": "2024-01-19 00:55:36", "elapsed": 2616.66707, "delta": 0.003042}}
{"target": -17.677176117320403, "params": {"gamma": 890.1785369353593, "log10_alpha": 0.8052706389759878, "log10_colsample_bytree": -0.18844386189204743, "log10_eta": -3.862261712837501, "log10_lambda": -0.12018164595496916, "log10_min_child_weight": 2.0562967030151165, "log10_subsample": -0.9389207933105057, "max_depth": 7.0, "num_boost_round": 10.0}, "datetime": {"datetime": "2024-01-19 00:55:36", "elapsed": 2616.670091, "delta": 0.003021}}
{"target": -17.677169501998772, "params": {"gamma": 890.1785369353593, "log10_alpha": 0.8052706389759878, "log10_colsample_bytree": -0.18844386189204743, "log10_eta": -3.862261712837501, "log10_lambda": -0.12018164595496916, "log10_min_child_weight": 2.0562967030151165, "log10_subsample": -0.9389207933105057, "max_depth": 7.0, "num_boost_round": 11.0}, "datetime": {"datetime": "2024-01-19 00:55:36", "elapsed": 2616.673277, "delta": 0.003186}}
{"target": -17.677164682746838, "params": {"gamma": 890.1785369353593, "log10_alpha": 0.8052706389759878, "log10_colsample_bytree": -0.18844386189204743, "log10_eta": -3.862261712837501, "log10_lambda": -0.12018164595496916, "log10_min_child_weight": 2.0562967030151165, "log10_subsample": -0.9389207933105057, "max_depth": 7.0, "num_boost_round": 12.0}, "datetime": {"datetime": "2024-01-19 00:55:36", "elapsed": 2616.676416, "delta": 0.003139}}
{"target": -17.67716184485631, "params": {"gamma": 890.1785369353593, "log10_alpha": 0.8052706389759878, "log10_colsample_bytree": -0.18844386189204743, "log10_eta": -3.862261712837501, "log10_lambda": -0.12018164595496916, "log10_min_child_weight": 2.0562967030151165, "log10_subsample": -0.9389207933105057, "max_depth": 7.0, "num_boost_round": 13.0}, "datetime": {"datetime": "2024-01-19 00:55:36", "elapsed": 2616.679587, "delta": 0.003171}}
{"target": -17.677164414203297, "params": {"gamma": 890.1785369353593, "log10_alpha": 0.8052706389759878, "log10_colsample_bytree": -0.18844386189204743, "log10_eta": -3.862261712837501, "log10_lambda": -0.12018164595496916, "log10_min_child_weight": 2.0562967030151165, "log10_subsample": -0.9389207933105057, "max_depth": 7.0, "num_boost_round": 14.0}, "datetime": {"datetime": "2024-01-19 00:55:36", "elapsed": 2616.682661, "delta": 0.003074}}
{"target": -17.677161651721335, "params": {"gamma": 890.1785369353593, "log10_alpha": 0.8052706389759878, "log10_colsample_bytree": -0.18844386189204743, "log10_eta": -3.862261712837501, "log10_lambda": -0.12018164595496916, "log10_min_child_weight": 2.0562967030151165, "log10_subsample": -0.9389207933105057, "max_depth": 7.0, "num_boost_round": 15.0}, "datetime": {"datetime": "2024-01-19 00:55:36", "elapsed": 2616.685646, "delta": 0.002985}}
{"target": -17.67714822364814, "params": {"gamma": 890.1785369353593, "log10_alpha": 0.8052706389759878, "log10_colsample_bytree": -0.18844386189204743, "log10_eta": -3.862261712837501, "log10_lambda": -0.12018164595496916, "log10_min_child_weight": 2.0562967030151165, "log10_subsample": -0.9389207933105057, "max_depth": 7.0, "num_boost_round": 16.0}, "datetime": {"datetime": "2024-01-19 00:55:36", "elapsed": 2616.688579, "delta": 0.002933}}
{"target": -17.67714067763432, "params": {"gamma": 890.1785369353593, "log10_alpha": 0.8052706389759878, "log10_colsample_bytree": -0.18844386189204743, "log10_eta": -3.862261712837501, "log10_lambda": -0.12018164595496916, "log10_min_child_weight": 2.0562967030151165, "log10_subsample": -0.9389207933105057, "max_depth": 7.0, "num_boost_round": 17.0}, "datetime": {"datetime": "2024-01-19 00:55:36", "elapsed": 2616.691575, "delta": 0.002996}}
{"target": -17.67713508881691, "params": {"gamma": 890.1785369353593, "log10_alpha": 0.8052706389759878, "log10_colsample_bytree": -0.18844386189204743, "log10_eta": -3.862261712837501, "log10_lambda": -0.12018164595496916, "log10_min_child_weight": 2.0562967030151165, "log10_subsample": -0.9389207933105057, "max_depth": 7.0, "num_boost_round": 18.0}, "datetime": {"datetime": "2024-01-19 00:55:36", "elapsed": 2616.694608, "delta": 0.003033}}
{"target": -17.677127075650453, "params": {"gamma": 890.1785369353593, "log10_alpha": 0.8052706389759878, "log10_colsample_bytree": -0.18844386189204743, "log10_eta": -3.862261712837501, "log10_lambda": -0.12018164595496916, "log10_min_child_weight": 2.0562967030151165, "log10_subsample": -0.9389207933105057, "max_depth": 7.0, "num_boost_round": 19.0}, "datetime": {"datetime": "2024-01-19 00:55:36", "elapsed": 2616.697713, "delta": 0.003105}}
{"target": -17.677116120819484, "params": {"gamma": 890.1785369353593, "log10_alpha": 0.8052706389759878, "log10_colsample_bytree": -0.18844386189204743, "log10_eta": -3.862261712837501, "log10_lambda": -0.12018164595496916, "log10_min_child_weight": 2.0562967030151165, "log10_subsample": -0.9389207933105057, "max_depth": 7.0, "num_boost_round": 20.0}, "datetime": {"datetime": "2024-01-19 00:55:36", "elapsed": 2616.700817, "delta": 0.003104}}
{"target": -17.677105662358862, "params": {"gamma": 890.1785369353593, "log10_alpha": 0.8052706389759878, "log10_colsample_bytree": -0.18844386189204743, "log10_eta": -3.862261712837501, "log10_lambda": -0.12018164595496916, "log10_min_child_weight": 2.0562967030151165, "log10_subsample": -0.9389207933105057, "max_depth": 7.0, "num_boost_round": 21.0}, "datetime": {"datetime": "2024-01-19 00:55:36", "elapsed": 2616.703837, "delta": 0.00302}}
{"target": -17.677095454417056, "params": {"gamma": 890.1785369353593, "log10_alpha": 0.8052706389759878, "log10_colsample_bytree": -0.18844386189204743, "log10_eta": -3.862261712837501, "log10_lambda": -0.12018164595496916, "log10_min_child_weight": 2.0562967030151165, "log10_subsample": -0.9389207933105057, "max_depth": 7.0, "num_boost_round": 22.0}, "datetime": {"datetime": "2024-01-19 00:55:36", "elapsed": 2616.706834, "delta": 0.002997}}
{"target": -17.67708972500654, "params": {"gamma": 890.1785369353593, "log10_alpha": 0.8052706389759878, "log10_colsample_bytree": -0.18844386189204743, "log10_eta": -3.862261712837501, "log10_lambda": -0.12018164595496916, "log10_min_child_weight": 2.0562967030151165, "log10_subsample": -0.9389207933105057, "max_depth": 7.0, "num_boost_round": 23.0}, "datetime": {"datetime": "2024-01-19 00:55:36", "elapsed": 2616.709841, "delta": 0.003007}}
{"target": -17.677079647649247, "params": {"gamma": 890.1785369353593, "log10_alpha": 0.8052706389759878, "log10_colsample_bytree": -0.18844386189204743, "log10_eta": -3.862261712837501, "log10_lambda": -0.12018164595496916, "log10_min_child_weight": 2.0562967030151165, "log10_subsample": -0.9389207933105057, "max_depth": 7.0, "num_boost_round": 24.0}, "datetime": {"datetime": "2024-01-19 00:55:36", "elapsed": 2616.7129, "delta": 0.003059}}
{"target": -17.67718199202162, "params": {"gamma": 887.4589551102619, "log10_alpha": -4.667239747245514, "log10_colsample_bytree": -0.05614804390119377, "log10_eta": -3.3245738212363123, "log10_lambda": -1.8661041748329827, "log10_min_child_weight": 2.0014948594572193, "log10_subsample": -0.17540554411773168, "max_depth": 7.0, "num_boost_round": 0.0}, "datetime": {"datetime": "2024-01-19 00:56:13", "elapsed": 2654.177968, "delta": 37.465068}}
{"target": -17.67716502107318, "params": {"gamma": 887.4589551102619, "log10_alpha": -4.667239747245514, "log10_colsample_bytree": -0.05614804390119377, "log10_eta": -3.3245738212363123, "log10_lambda": -1.8661041748329827, "log10_min_child_weight": 2.0014948594572193, "log10_subsample": -0.17540554411773168, "max_depth": 7.0, "num_boost_round": 1.0}, "datetime": {"datetime": "2024-01-19 00:56:13", "elapsed": 2654.181658, "delta": 0.00369}}
{"target": -17.67713181331974, "params": {"gamma": 887.4589551102619, "log10_alpha": -4.667239747245514, "log10_colsample_bytree": -0.05614804390119377, "log10_eta": -3.3245738212363123, "log10_lambda": -1.8661041748329827, "log10_min_child_weight": 2.0014948594572193, "log10_subsample": -0.17540554411773168, "max_depth": 7.0, "num_boost_round": 2.0}, "datetime": {"datetime": "2024-01-19 00:56:13", "elapsed": 2654.185137, "delta": 0.003479}}
{"target": -17.677089981970088, "params": {"gamma": 887.4589551102619, "log10_alpha": -4.667239747245514, "log10_colsample_bytree": -0.05614804390119377, "log10_eta": -3.3245738212363123, "log10_lambda": -1.8661041748329827, "log10_min_child_weight": 2.0014948594572193, "log10_subsample": -0.17540554411773168, "max_depth": 7.0, "num_boost_round": 3.0}, "datetime": {"datetime": "2024-01-19 00:56:13", "elapsed": 2654.1882, "delta": 0.003063}}
{"target": -17.677049270831066, "params": {"gamma": 887.4589551102619, "log10_alpha": -4.667239747245514, "log10_colsample_bytree": -0.05614804390119377, "log10_eta": -3.3245738212363123, "log10_lambda": -1.8661041748329827, "log10_min_child_weight": 2.0014948594572193, "log10_subsample": -0.17540554411773168, "max_depth": 7.0, "num_boost_round": 4.0}, "datetime": {"datetime": "2024-01-19 00:56:13", "elapsed": 2654.191299, "delta": 0.003099}}
{"target": -17.677053555961525, "params": {"gamma": 887.4589551102619, "log10_alpha": -4.667239747245514, "log10_colsample_bytree": -0.05614804390119377, "log10_eta": -3.3245738212363123, "log10_lambda": -1.8661041748329827, "log10_min_child_weight": 2.0014948594572193, "log10_subsample": -0.17540554411773168, "max_depth": 7.0, "num_boost_round": 5.0}, "datetime": {"datetime": "2024-01-19 00:56:13", "elapsed": 2654.194248, "delta": 0.002949}}
{"target": -17.67706095159169, "params": {"gamma": 887.4589551102619, "log10_alpha": -4.667239747245514, "log10_colsample_bytree": -0.05614804390119377, "log10_eta": -3.3245738212363123, "log10_lambda": -1.8661041748329827, "log10_min_child_weight": 2.0014948594572193, "log10_subsample": -0.17540554411773168, "max_depth": 7.0, "num_boost_round": 6.0}, "datetime": {"datetime": "2024-01-19 00:56:13", "elapsed": 2654.197311, "delta": 0.003063}}
{"target": -17.677005317788225, "params": {"gamma": 887.4589551102619, "log10_alpha": -4.667239747245514, "log10_colsample_bytree": -0.05614804390119377, "log10_eta": -3.3245738212363123, "log10_lambda": -1.8661041748329827, "log10_min_child_weight": 2.0014948594572193, "log10_subsample": -0.17540554411773168, "max_depth": 7.0, "num_boost_round": 7.0}, "datetime": {"datetime": "2024-01-19 00:56:13", "elapsed": 2654.20035, "delta": 0.003039}}
{"target": -17.676981283419842, "params": {"gamma": 887.4589551102619, "log10_alpha": -4.667239747245514, "log10_colsample_bytree": -0.05614804390119377, "log10_eta": -3.3245738212363123, "log10_lambda": -1.8661041748329827, "log10_min_child_weight": 2.0014948594572193, "log10_subsample": -0.17540554411773168, "max_depth": 7.0, "num_boost_round": 8.0}, "datetime": {"datetime": "2024-01-19 00:56:13", "elapsed": 2654.203359, "delta": 0.003009}}
{"target": -17.67695857559478, "params": {"gamma": 887.4589551102619, "log10_alpha": -4.667239747245514, "log10_colsample_bytree": -0.05614804390119377, "log10_eta": -3.3245738212363123, "log10_lambda": -1.8661041748329827, "log10_min_child_weight": 2.0014948594572193, "log10_subsample": -0.17540554411773168, "max_depth": 7.0, "num_boost_round": 9.0}, "datetime": {"datetime": "2024-01-19 00:56:13", "elapsed": 2654.206325, "delta": 0.002966}}
{"target": -17.6769494251241, "params": {"gamma": 887.4589551102619, "log10_alpha": -4.667239747245514, "log10_colsample_bytree": -0.05614804390119377, "log10_eta": -3.3245738212363123, "log10_lambda": -1.8661041748329827, "log10_min_child_weight": 2.0014948594572193, "log10_subsample": -0.17540554411773168, "max_depth": 7.0, "num_boost_round": 10.0}, "datetime": {"datetime": "2024-01-19 00:56:13", "elapsed": 2654.209281, "delta": 0.002956}}
{"target": -17.67691060611438, "params": {"gamma": 887.4589551102619, "log10_alpha": -4.667239747245514, "log10_colsample_bytree": -0.05614804390119377, "log10_eta": -3.3245738212363123, "log10_lambda": -1.8661041748329827, "log10_min_child_weight": 2.0014948594572193, "log10_subsample": -0.17540554411773168, "max_depth": 7.0, "num_boost_round": 11.0}, "datetime": {"datetime": "2024-01-19 00:56:13", "elapsed": 2654.212322, "delta": 0.003041}}
{"target": -17.676869774305807, "params": {"gamma": 887.4589551102619, "log10_alpha": -4.667239747245514, "log10_colsample_bytree": -0.05614804390119377, "log10_eta": -3.3245738212363123, "log10_lambda": -1.8661041748329827, "log10_min_child_weight": 2.0014948594572193, "log10_subsample": -0.17540554411773168, "max_depth": 7.0, "num_boost_round": 12.0}, "datetime": {"datetime": "2024-01-19 00:56:13", "elapsed": 2654.215271, "delta": 0.002949}}
{"target": -17.676833466008077, "params": {"gamma": 887.4589551102619, "log10_alpha": -4.667239747245514, "log10_colsample_bytree": -0.05614804390119377, "log10_eta": -3.3245738212363123, "log10_lambda": -1.8661041748329827, "log10_min_child_weight": 2.0014948594572193, "log10_subsample": -0.17540554411773168, "max_depth": 7.0, "num_boost_round": 13.0}, "datetime": {"datetime": "2024-01-19 00:56:13", "elapsed": 2654.218274, "delta": 0.003003}}
{"target": -17.676767580010885, "params": {"gamma": 887.4589551102619, "log10_alpha": -4.667239747245514, "log10_colsample_bytree": -0.05614804390119377, "log10_eta": -3.3245738212363123, "log10_lambda": -1.8661041748329827, "log10_min_child_weight": 2.0014948594572193, "log10_subsample": -0.17540554411773168, "max_depth": 7.0, "num_boost_round": 14.0}, "datetime": {"datetime": "2024-01-19 00:56:13", "elapsed": 2654.221376, "delta": 0.003102}}
{"target": -17.676742028307164, "params": {"gamma": 887.4589551102619, "log10_alpha": -4.667239747245514, "log10_colsample_bytree": -0.05614804390119377, "log10_eta": -3.3245738212363123, "log10_lambda": -1.8661041748329827, "log10_min_child_weight": 2.0014948594572193, "log10_subsample": -0.17540554411773168, "max_depth": 7.0, "num_boost_round": 15.0}, "datetime": {"datetime": "2024-01-19 00:56:13", "elapsed": 2654.22459, "delta": 0.003214}}
{"target": -17.676693769846143, "params": {"gamma": 887.4589551102619, "log10_alpha": -4.667239747245514, "log10_colsample_bytree": -0.05614804390119377, "log10_eta": -3.3245738212363123, "log10_lambda": -1.8661041748329827, "log10_min_child_weight": 2.0014948594572193, "log10_subsample": -0.17540554411773168, "max_depth": 7.0, "num_boost_round": 16.0}, "datetime": {"datetime": "2024-01-19 00:56:13", "elapsed": 2654.227736, "delta": 0.003146}}
{"target": -17.67666829907632, "params": {"gamma": 887.4589551102619, "log10_alpha": -4.667239747245514, "log10_colsample_bytree": -0.05614804390119377, "log10_eta": -3.3245738212363123, "log10_lambda": -1.8661041748329827, "log10_min_child_weight": 2.0014948594572193, "log10_subsample": -0.17540554411773168, "max_depth": 7.0, "num_boost_round": 17.0}, "datetime": {"datetime": "2024-01-19 00:56:13", "elapsed": 2654.23182, "delta": 0.004084}}
{"target": -17.676669009023378, "params": {"gamma": 887.4589551102619, "log10_alpha": -4.667239747245514, "log10_colsample_bytree": -0.05614804390119377, "log10_eta": -3.3245738212363123, "log10_lambda": -1.8661041748329827, "log10_min_child_weight": 2.0014948594572193, "log10_subsample": -0.17540554411773168, "max_depth": 7.0, "num_boost_round": 18.0}, "datetime": {"datetime": "2024-01-19 00:56:13", "elapsed": 2654.235082, "delta": 0.003262}}
{"target": -17.6766224883288, "params": {"gamma": 887.4589551102619, "log10_alpha": -4.667239747245514, "log10_colsample_bytree": -0.05614804390119377, "log10_eta": -3.3245738212363123, "log10_lambda": -1.8661041748329827, "log10_min_child_weight": 2.0014948594572193, "log10_subsample": -0.17540554411773168, "max_depth": 7.0, "num_boost_round": 19.0}, "datetime": {"datetime": "2024-01-19 00:56:13", "elapsed": 2654.238152, "delta": 0.00307}}
{"target": -17.676609485071864, "params": {"gamma": 887.4589551102619, "log10_alpha": -4.667239747245514, "log10_colsample_bytree": -0.05614804390119377, "log10_eta": -3.3245738212363123, "log10_lambda": -1.8661041748329827, "log10_min_child_weight": 2.0014948594572193, "log10_subsample": -0.17540554411773168, "max_depth": 7.0, "num_boost_round": 20.0}, "datetime": {"datetime": "2024-01-19 00:56:13", "elapsed": 2654.241191, "delta": 0.003039}}
{"target": -17.676592836341776, "params": {"gamma": 887.4589551102619, "log10_alpha": -4.667239747245514, "log10_colsample_bytree": -0.05614804390119377, "log10_eta": -3.3245738212363123, "log10_lambda": -1.8661041748329827, "log10_min_child_weight": 2.0014948594572193, "log10_subsample": -0.17540554411773168, "max_depth": 7.0, "num_boost_round": 21.0}, "datetime": {"datetime": "2024-01-19 00:56:13", "elapsed": 2654.24415, "delta": 0.002959}}
{"target": -17.67656401388982, "params": {"gamma": 887.4589551102619, "log10_alpha": -4.667239747245514, "log10_colsample_bytree": -0.05614804390119377, "log10_eta": -3.3245738212363123, "log10_lambda": -1.8661041748329827, "log10_min_child_weight": 2.0014948594572193, "log10_subsample": -0.17540554411773168, "max_depth": 7.0, "num_boost_round": 22.0}, "datetime": {"datetime": "2024-01-19 00:56:13", "elapsed": 2654.247098, "delta": 0.002948}}
{"target": -17.67653650270888, "params": {"gamma": 887.4589551102619, "log10_alpha": -4.667239747245514, "log10_colsample_bytree": -0.05614804390119377, "log10_eta": -3.3245738212363123, "log10_lambda": -1.8661041748329827, "log10_min_child_weight": 2.0014948594572193, "log10_subsample": -0.17540554411773168, "max_depth": 7.0, "num_boost_round": 23.0}, "datetime": {"datetime": "2024-01-19 00:56:13", "elapsed": 2654.250041, "delta": 0.002943}}
{"target": -17.676529643270165, "params": {"gamma": 887.4589551102619, "log10_alpha": -4.667239747245514, "log10_colsample_bytree": -0.05614804390119377, "log10_eta": -3.3245738212363123, "log10_lambda": -1.8661041748329827, "log10_min_child_weight": 2.0014948594572193, "log10_subsample": -0.17540554411773168, "max_depth": 7.0, "num_boost_round": 24.0}, "datetime": {"datetime": "2024-01-19 00:56:13", "elapsed": 2654.252996, "delta": 0.002955}}
{"target": -17.676503951925596, "params": {"gamma": 887.4589551102619, "log10_alpha": -4.667239747245514, "log10_colsample_bytree": -0.05614804390119377, "log10_eta": -3.3245738212363123, "log10_lambda": -1.8661041748329827, "log10_min_child_weight": 2.0014948594572193, "log10_subsample": -0.17540554411773168, "max_depth": 7.0, "num_boost_round": 25.0}, "datetime": {"datetime": "2024-01-19 00:56:13", "elapsed": 2654.255969, "delta": 0.002973}}
{"target": -17.676509074249356, "params": {"gamma": 887.4589551102619, "log10_alpha": -4.667239747245514, "log10_colsample_bytree": -0.05614804390119377, "log10_eta": -3.3245738212363123, "log10_lambda": -1.8661041748329827, "log10_min_child_weight": 2.0014948594572193, "log10_subsample": -0.17540554411773168, "max_depth": 7.0, "num_boost_round": 26.0}, "datetime": {"datetime": "2024-01-19 00:56:13", "elapsed": 2654.258928, "delta": 0.002959}}
{"target": -17.67647511628636, "params": {"gamma": 887.4589551102619, "log10_alpha": -4.667239747245514, "log10_colsample_bytree": -0.05614804390119377, "log10_eta": -3.3245738212363123, "log10_lambda": -1.8661041748329827, "log10_min_child_weight": 2.0014948594572193, "log10_subsample": -0.17540554411773168, "max_depth": 7.0, "num_boost_round": 27.0}, "datetime": {"datetime": "2024-01-19 00:56:13", "elapsed": 2654.261916, "delta": 0.002988}}
{"target": -17.676498670997088, "params": {"gamma": 887.4589551102619, "log10_alpha": -4.667239747245514, "log10_colsample_bytree": -0.05614804390119377, "log10_eta": -3.3245738212363123, "log10_lambda": -1.8661041748329827, "log10_min_child_weight": 2.0014948594572193, "log10_subsample": -0.17540554411773168, "max_depth": 7.0, "num_boost_round": 28.0}, "datetime": {"datetime": "2024-01-19 00:56:13", "elapsed": 2654.264912, "delta": 0.002996}}
{"target": -17.677224908729723, "params": {"gamma": 886.0233229187656, "log10_alpha": 0.3514296237653678, "log10_colsample_bytree": -0.2775505035150886, "log10_eta": -3.8117953255352384, "log10_lambda": 0.7094511928985048, "log10_min_child_weight": 1.54332350214379, "log10_subsample": -0.9460056772559051, "max_depth": 6.0, "num_boost_round": 0.0}, "datetime": {"datetime": "2024-01-19 00:56:44", "elapsed": 2685.541077, "delta": 31.276165}}
