{"target": -17.677178621916898, "params": {"gamma": 192.38552547634868, "log10_alpha": -1.9792144849961915, "log10_colsample_bytree": -0.9433837370801981, "log10_eta": -2.2830867183785677, "log10_lambda": -2.994370241920435, "log10_min_child_weight": 4.205119114666249, "log10_subsample": -0.7322642519093029, "max_depth": 9.0, "num_boost_round": 3.0}, "datetime": {"datetime": "2024-01-19 00:17:15", "elapsed": 319.738068, "delta": 0.000584}}
{"target": -17.677173914644197, "params": {"gamma": 192.38552547634868, "log10_alpha": -1.9792144849961915, "log10_colsample_bytree": -0.9433837370801981, "log10_eta": -2.2830867183785677, "log10_lambda": -2.994370241920435, "log10_min_child_weight": 4.205119114666249, "log10_subsample": -0.7322642519093029, "max_depth": 9.0, "num_boost_round": 4.0}, "datetime": {"datetime": "2024-01-19 00:17:15", "elapsed": 319.738814, "delta": 0.000746}}
{"target": -17.67715673856297, "params": {"gamma": 192.38552547634868, "log10_alpha": -1.9792144849961915, "log10_colsample_bytree": -0.9433837370801981, "log10_eta": -2.2830867183785677, "log10_lambda": -2.994370241920435, "log10_min_child_weight": 4.205119114666249, "log10_subsample": -0.7322642519093029, "max_depth": 9.0, "num_boost_round": 5.0}, "datetime": {"datetime": "2024-01-19 00:17:15", "elapsed": 319.739373, "delta": 0.000559}}
{"target": -17.677121866173692, "params": {"gamma": 192.38552547634868, "log10_alpha": -1.9792144849961915, "log10_colsample_bytree": -0.9433837370801981, "log10_eta": -2.2830867183785677, "log10_lambda": -2.994370241920435, "log10_min_child_weight": 4.205119114666249, "log10_subsample": -0.7322642519093029, "max_depth": 9.0, "num_boost_round": 6.0}, "datetime": {"datetime": "2024-01-19 00:17:15", "elapsed": 319.739995, "delta": 0.000622}}
{"target": -17.677062864084427, "params": {"gamma": 192.38552547634868, "log10_alpha": -1.9792144849961915, "log10_colsample_bytree": -0.9433837370801981, "log10_eta": -2.2830867183785677, "log10_lambda": -2.994370241920435, "log10_min_child_weight": 4.205119114666249, "log10_subsample": -0.7322642519093029, "max_depth": 9.0, "num_boost_round": 7.0}, "datetime": {"datetime": "2024-01-19 00:17:15", "elapsed": 319.74052, "delta": 0.000525}}
{"target": -17.677059422143078, "params": {"gamma": 192.38552547634868, "log10_alpha": -1.9792144849961915, "log10_colsample_bytree": -0.9433837370801981, "log10_eta": -2.2830867183785677, "log10_lambda": -2.994370241920435, "log10_min_child_weight": 4.205119114666249, "log10_subsample": -0.7322642519093029, "max_depth": 9.0, "num_boost_round": 8.0}, "datetime": {"datetime": "2024-01-19 00:17:15", "elapsed": 319.741039, "delta": 0.000519}}
{"target": -17.677076257859436, "params": {"gamma": 192.38552547634868, "log10_alpha": -1.9792144849961915, "log10_colsample_bytree": -0.9433837370801981, "log10_eta": -2.2830867183785677, "log10_lambda": -2.994370241920435, "log10_min_child_weight": 4.205119114666249, "log10_subsample": -0.7322642519093029, "max_depth": 9.0, "num_boost_round": 9.0}, "datetime": {"datetime": "2024-01-19 00:17:15", "elapsed": 319.741557, "delta": 0.000518}}
{"target": -17.677086853260377, "params": {"gamma": 192.38552547634868, "log10_alpha": -1.9792144849961915, "log10_colsample_bytree": -0.9433837370801981, "log10_eta": -2.2830867183785677, "log10_lambda": -2.994370241920435, "log10_min_child_weight": 4.205119114666249, "log10_subsample": -0.7322642519093029, "max_depth": 9.0, "num_boost_round": 10.0}, "datetime": {"datetime": "2024-01-19 00:17:15", "elapsed": 319.742088, "delta": 0.000531}}
{"target": -17.677036202967095, "params": {"gamma": 192.38552547634868, "log10_alpha": -1.9792144849961915, "log10_colsample_bytree": -0.9433837370801981, "log10_eta": -2.2830867183785677, "log10_lambda": -2.994370241920435, "log10_min_child_weight": 4.205119114666249, "log10_subsample": -0.7322642519093029, "max_depth": 9.0, "num_boost_round": 11.0}, "datetime": {"datetime": "2024-01-19 00:17:15", "elapsed": 319.742723, "delta": 0.000635}}
{"target": -17.676946917500825, "params": {"gamma": 192.38552547634868, "log10_alpha": -1.9792144849961915, "log10_colsample_bytree": -0.9433837370801981, "log10_eta": -2.2830867183785677, "log10_lambda": -2.994370241920435, "log10_min_child_weight": 4.205119114666249, "log10_subsample": -0.7322642519093029, "max_depth": 9.0, "num_boost_round": 12.0}, "datetime": {"datetime": "2024-01-19 00:17:15", "elapsed": 319.743318, "delta": 0.000595}}
{"target": -17.676846158791243, "params": {"gamma": 192.38552547634868, "log10_alpha": -1.9792144849961915, "log10_colsample_bytree": -0.9433837370801981, "log10_eta": -2.2830867183785677, "log10_lambda": -2.994370241920435, "log10_min_child_weight": 4.205119114666249, "log10_subsample": -0.7322642519093029, "max_depth": 9.0, "num_boost_round": 13.0}, "datetime": {"datetime": "2024-01-19 00:17:15", "elapsed": 319.743895, "delta": 0.000577}}
{"target": -17.676828286373883, "params": {"gamma": 192.38552547634868, "log10_alpha": -1.9792144849961915, "log10_colsample_bytree": -0.9433837370801981, "log10_eta": -2.2830867183785677, "log10_lambda": -2.994370241920435, "log10_min_child_weight": 4.205119114666249, "log10_subsample": -0.7322642519093029, "max_depth": 9.0, "num_boost_round": 14.0}, "datetime": {"datetime": "2024-01-19 00:17:15", "elapsed": 319.744444, "delta": 0.000549}}
{"target": -17.676736193831182, "params": {"gamma": 192.38552547634868, "log10_alpha": -1.9792144849961915, "log10_colsample_bytree": -0.9433837370801981, "log10_eta": -2.2830867183785677, "log10_lambda": -2.994370241920435, "log10_min_child_weight": 4.205119114666249, "log10_subsample": -0.7322642519093029, "max_depth": 9.0, "num_boost_round": 15.0}, "datetime": {"datetime": "2024-01-19 00:17:15", "elapsed": 319.745002, "delta": 0.000558}}
{"target": -17.67669563452778, "params": {"gamma": 192.38552547634868, "log10_alpha": -1.9792144849961915, "log10_colsample_bytree": -0.9433837370801981, "log10_eta": -2.2830867183785677, "log10_lambda": -2.994370241920435, "log10_min_child_weight": 4.205119114666249, "log10_subsample": -0.7322642519093029, "max_depth": 9.0, "num_boost_round": 16.0}, "datetime": {"datetime": "2024-01-19 00:17:15", "elapsed": 319.745555, "delta": 0.000553}}
{"target": -17.67668884653893, "params": {"gamma": 192.38552547634868, "log10_alpha": -1.9792144849961915, "log10_colsample_bytree": -0.9433837370801981, "log10_eta": -2.2830867183785677, "log10_lambda": -2.994370241920435, "log10_min_child_weight": 4.205119114666249, "log10_subsample": -0.7322642519093029, "max_depth": 9.0, "num_boost_round": 17.0}, "datetime": {"datetime": "2024-01-19 00:17:15", "elapsed": 319.746111, "delta": 0.000556}}
{"target": -17.676602459432676, "params": {"gamma": 192.38552547634868, "log10_alpha": -1.9792144849961915, "log10_colsample_bytree": -0.9433837370801981, "log10_eta": -2.2830867183785677, "log10_lambda": -2.994370241920435, "log10_min_child_weight": 4.205119114666249, "log10_subsample": -0.7322642519093029, "max_depth": 9.0, "num_boost_round": 18.0}, "datetime": {"datetime": "2024-01-19 00:17:15", "elapsed": 319.74669, "delta": 0.000579}}
{"target": -17.676508727504675, "params": {"gamma": 192.38552547634868, "log10_alpha": -1.9792144849961915, "log10_colsample_bytree": -0.9433837370801981, "log10_eta": -2.2830867183785677, "log10_lambda": -2.994370241920435, "log10_min_child_weight": 4.205119114666249, "log10_subsample": -0.7322642519093029, "max_depth": 9.0, "num_boost_round": 19.0}, "datetime": {"datetime": "2024-01-19 00:17:15", "elapsed": 319.747246, "delta": 0.000556}}
{"target": -17.676545655619577, "params": {"gamma": 192.38552547634868, "log10_alpha": -1.9792144849961915, "log10_colsample_bytree": -0.9433837370801981, "log10_eta": -2.2830867183785677, "log10_lambda": -2.994370241920435, "log10_min_child_weight": 4.205119114666249, "log10_subsample": -0.7322642519093029, "max_depth": 9.0, "num_boost_round": 20.0}, "datetime": {"datetime": "2024-01-19 00:17:15", "elapsed": 319.747821, "delta": 0.000575}}
{"target": -17.676513679549156, "params": {"gamma": 192.38552547634868, "log10_alpha": -1.9792144849961915, "log10_colsample_bytree": -0.9433837370801981, "log10_eta": -2.2830867183785677, "log10_lambda": -2.994370241920435, "log10_min_child_weight": 4.205119114666249, "log10_subsample": -0.7322642519093029, "max_depth": 9.0, "num_boost_round": 21.0}, "datetime": {"datetime": "2024-01-19 00:17:15", "elapsed": 319.748385, "delta": 0.000564}}
{"target": -17.67647123298544, "params": {"gamma": 192.38552547634868, "log10_alpha": -1.9792144849961915, "log10_colsample_bytree": -0.9433837370801981, "log10_eta": -2.2830867183785677, "log10_lambda": -2.994370241920435, "log10_min_child_weight": 4.205119114666249, "log10_subsample": -0.7322642519093029, "max_depth": 9.0, "num_boost_round": 22.0}, "datetime": {"datetime": "2024-01-19 00:17:15", "elapsed": 319.748951, "delta": 0.000566}}
{"target": -17.677178372402008, "params": {"gamma": 182.4919880556145, "log10_alpha": 0.9058621981951012, "log10_colsample_bytree": -0.607257696527269, "log10_eta": -2.5329021983472217, "log10_lambda": -2.988402861290316, "log10_min_child_weight": 4.463801914303389, "log10_subsample": -0.3248672952739208, "max_depth": 9.0, "num_boost_round": 0.0}, "datetime": {"datetime": "2024-01-19 00:17:39", "elapsed": 343.861795, "delta": 24.112844}}
{"target": -17.67715667849623, "params": {"gamma": 182.4919880556145, "log10_alpha": 0.9058621981951012, "log10_colsample_bytree": -0.607257696527269, "log10_eta": -2.5329021983472217, "log10_lambda": -2.988402861290316, "log10_min_child_weight": 4.463801914303389, "log10_subsample": -0.3248672952739208, "max_depth": 9.0, "num_boost_round": 1.0}, "datetime": {"datetime": "2024-01-19 00:17:39", "elapsed": 343.862539, "delta": 0.000744}}
{"target": -17.677146876491694, "params": {"gamma": 182.4919880556145, "log10_alpha": 0.9058621981951012, "log10_colsample_bytree": -0.607257696527269, "log10_eta": -2.5329021983472217, "log10_lambda": -2.988402861290316, "log10_min_child_weight": 4.463801914303389, "log10_subsample": -0.3248672952739208, "max_depth": 9.0, "num_boost_round": 2.0}, "datetime": {"datetime": "2024-01-19 00:17:39", "elapsed": 343.863673, "delta": 0.001134}}
{"target": -17.677111431452087, "params": {"gamma": 182.4919880556145, "log10_alpha": 0.9058621981951012, "log10_colsample_bytree": -0.607257696527269, "log10_eta": -2.5329021983472217, "log10_lambda": -2.988402861290316, "log10_min_child_weight": 4.463801914303389, "log10_subsample": -0.3248672952739208, "max_depth": 9.0, "num_boost_round": 3.0}, "datetime": {"datetime": "2024-01-19 00:17:39", "elapsed": 343.864358, "delta": 0.000685}}
{"target": -17.677078741408344, "params": {"gamma": 182.4919880556145, "log10_alpha": 0.9058621981951012, "log10_colsample_bytree": -0.607257696527269, "log10_eta": -2.5329021983472217, "log10_lambda": -2.988402861290316, "log10_min_child_weight": 4.463801914303389, "log10_subsample": -0.3248672952739208, "max_depth": 9.0, "num_boost_round": 4.0}, "datetime": {"datetime": "2024-01-19 00:17:39", "elapsed": 343.864895, "delta": 0.000537}}
{"target": -17.677046543373265, "params": {"gamma": 182.4919880556145, "log10_alpha": 0.9058621981951012, "log10_colsample_bytree": -0.607257696527269, "log10_eta": -2.5329021983472217, "log10_lambda": -2.988402861290316, "log10_min_child_weight": 4.463801914303389, "log10_subsample": -0.3248672952739208, "max_depth": 9.0, "num_boost_round": 5.0}, "datetime": {"datetime": "2024-01-19 00:17:39", "elapsed": 343.865428, "delta": 0.000533}}
{"target": -17.677057327511996, "params": {"gamma": 182.4919880556145, "log10_alpha": 0.9058621981951012, "log10_colsample_bytree": -0.607257696527269, "log10_eta": -2.5329021983472217, "log10_lambda": -2.988402861290316, "log10_min_child_weight": 4.463801914303389, "log10_subsample": -0.3248672952739208, "max_depth": 9.0, "num_boost_round": 6.0}, "datetime": {"datetime": "2024-01-19 00:17:39", "elapsed": 343.86596, "delta": 0.000532}}
{"target": -17.677038539190683, "params": {"gamma": 182.4919880556145, "log10_alpha": 0.9058621981951012, "log10_colsample_bytree": -0.607257696527269, "log10_eta": -2.5329021983472217, "log10_lambda": -2.988402861290316, "log10_min_child_weight": 4.463801914303389, "log10_subsample": -0.3248672952739208, "max_depth": 9.0, "num_boost_round": 7.0}, "datetime": {"datetime": "2024-01-19 00:17:39", "elapsed": 343.866739, "delta": 0.000779}}
{"target": -17.677009497228774, "params": {"gamma": 182.4919880556145, "log10_alpha": 0.9058621981951012, "log10_colsample_bytree": -0.607257696527269, "log10_eta": -2.5329021983472217, "log10_lambda": -2.988402861290316, "log10_min_child_weight": 4.463801914303389, "log10_subsample": -0.3248672952739208, "max_depth": 9.0, "num_boost_round": 8.0}, "datetime": {"datetime": "2024-01-19 00:17:39", "elapsed": 343.867284, "delta": 0.000545}}
{"target": -17.676976952837798, "params": {"gamma": 182.4919880556145, "log10_alpha": 0.9058621981951012, "log10_colsample_bytree": -0.607257696527269, "log10_eta": -2.5329021983472217, "log10_lambda": -2.988402861290316, "log10_min_child_weight": 4.463801914303389, "log10_subsample": -0.3248672952739208, "max_depth": 9.0, "num_boost_round": 9.0}, "datetime": {"datetime": "2024-01-19 00:17:39", "elapsed": 343.867844, "delta": 0.00056}}
{"target": -17.67695480303511, "params": {"gamma": 182.4919880556145, "log10_alpha": 0.9058621981951012, "log10_colsample_bytree": -0.607257696527269, "log10_eta": -2.5329021983472217, "log10_lambda": -2.988402861290316, "log10_min_child_weight": 4.463801914303389, "log10_subsample": -0.3248672952739208, "max_depth": 9.0, "num_boost_round": 10.0}, "datetime": {"datetime": "2024-01-19 00:17:39", "elapsed": 343.868382, "delta": 0.000538}}
{"target": -17.67696094864168, "params": {"gamma": 182.4919880556145, "log10_alpha": 0.9058621981951012, "log10_colsample_bytree": -0.607257696527269, "log10_eta": -2.5329021983472217, "log10_lambda": -2.988402861290316, "log10_min_child_weight": 4.463801914303389, "log10_subsample": -0.3248672952739208, "max_depth": 9.0, "num_boost_round": 11.0}, "datetime": {"datetime": "2024-01-19 00:17:39", "elapsed": 343.868915, "delta": 0.000533}}
{"target": -17.676952453913557, "params": {"gamma": 182.4919880556145, "log10_alpha": 0.9058621981951012, "log10_colsample_bytree": -0.607257696527269, "log10_eta": -2.5329021983472217, "log10_lambda": -2.988402861290316, "log10_min_child_weight": 4.463801914303389, "log10_subsample": -0.3248672952739208, "max_depth": 9.0, "num_boost_round": 12.0}, "datetime": {"datetime": "2024-01-19 00:17:39", "elapsed": 343.869485, "delta": 0.00057}}
{"target": -17.676924758582032, "params": {"gamma": 182.4919880556145, "log10_alpha": 0.9058621981951012, "log10_colsample_bytree": -0.607257696527269, "log10_eta": -2.5329021983472217, "log10_lambda": -2.988402861290316, "log10_min_child_weight": 4.463801914303389, "log10_subsample": -0.3248672952739208, "max_depth": 9.0, "num_boost_round": 13.0}, "datetime": {"datetime": "2024-01-19 00:17:39", "elapsed": 343.870028, "delta": 0.000543}}
{"target": -17.676889481159773, "params": {"gamma": 182.4919880556145, "log10_alpha": 0.9058621981951012, "log10_colsample_bytree": -0.607257696527269, "log10_eta": -2.5329021983472217, "log10_lambda": -2.988402861290316, "log10_min_child_weight": 4.463801914303389, "log10_subsample": -0.3248672952739208, "max_depth": 9.0, "num_boost_round": 14.0}, "datetime": {"datetime": "2024-01-19 00:17:39", "elapsed": 343.870579, "delta": 0.000551}}
{"target": -17.6768685766782, "params": {"gamma": 182.4919880556145, "log10_alpha": 0.9058621981951012, "log10_colsample_bytree": -0.607257696527269, "log10_eta": -2.5329021983472217, "log10_lambda": -2.988402861290316, "log10_min_child_weight": 4.463801914303389, "log10_subsample": -0.3248672952739208, "max_depth": 9.0, "num_boost_round": 15.0}, "datetime": {"datetime": "2024-01-19 00:17:39", "elapsed": 343.871184, "delta": 0.000605}}
{"target": -17.676837123293605, "params": {"gamma": 182.4919880556145, "log10_alpha": 0.9058621981951012, "log10_colsample_bytree": -0.607257696527269, "log10_eta": -2.5329021983472217, "log10_lambda": -2.988402861290316, "log10_min_child_weight": 4.463801914303389, "log10_subsample": -0.3248672952739208, "max_depth": 9.0, "num_boost_round": 16.0}, "datetime": {"datetime": "2024-01-19 00:17:39", "elapsed": 343.871747, "delta": 0.000563}}
{"target": -17.676844858026975, "params": {"gamma": 182.4919880556145, "log10_alpha": 0.9058621981951012, "log10_colsample_bytree": -0.607257696527269, "log10_eta": -2.5329021983472217, "log10_lambda": -2.988402861290316, "log10_min_child_weight": 4.463801914303389, "log10_subsample": -0.3248672952739208, "max_depth": 9.0, "num_boost_round": 17.0}, "datetime": {"datetime": "2024-01-19 00:17:39", "elapsed": 343.872292, "delta": 0.000545}}
{"target": -17.676268703558918, "params": {"gamma": 188.5327697027386, "log10_alpha": 0.3896398859259458, "log10_colsample_bytree": -0.03235583968153943, "log10_eta": -1.5723971890952906, "log10_lambda": -0.032754945060183616, "log10_min_child_weight": 0.015839290849138377, "log10_subsample": -0.5372736575533458, "max_depth": 3.0, "num_boost_round": 0.0}, "datetime": {"datetime": "2024-01-19 00:18:02", "elapsed": 367.382262, "delta": 23.50997}}
{"target": -17.675666835287494, "params": {"gamma": 188.5327697027386, "log10_alpha": 0.3896398859259458, "log10_colsample_bytree": -0.03235583968153943, "log10_eta": -1.5723971890952906, "log10_lambda": -0.032754945060183616, "log10_min_child_weight": 0.015839290849138377, "log10_subsample": -0.5372736575533458, "max_depth": 3.0, "num_boost_round": 1.0}, "datetime": {"datetime": "2024-01-19 00:18:02", "elapsed": 367.383158, "delta": 0.000896}}
{"target": -17.67481393364336, "params": {"gamma": 188.5327697027386, "log10_alpha": 0.3896398859259458, "log10_colsample_bytree": -0.03235583968153943, "log10_eta": -1.5723971890952906, "log10_lambda": -0.032754945060183616, "log10_min_child_weight": 0.015839290849138377, "log10_subsample": -0.5372736575533458, "max_depth": 3.0, "num_boost_round": 2.0}, "datetime": {"datetime": "2024-01-19 00:18:02", "elapsed": 367.38405, "delta": 0.000892}}
{"target": -17.673788187631853, "params": {"gamma": 188.5327697027386, "log10_alpha": 0.3896398859259458, "log10_colsample_bytree": -0.03235583968153943, "log10_eta": -1.5723971890952906, "log10_lambda": -0.032754945060183616, "log10_min_child_weight": 0.015839290849138377, "log10_subsample": -0.5372736575533458, "max_depth": 3.0, "num_boost_round": 3.0}, "datetime": {"datetime": "2024-01-19 00:18:02", "elapsed": 367.385039, "delta": 0.000989}}
{"target": -17.673589083927798, "params": {"gamma": 188.5327697027386, "log10_alpha": 0.3896398859259458, "log10_colsample_bytree": -0.03235583968153943, "log10_eta": -1.5723971890952906, "log10_lambda": -0.032754945060183616, "log10_min_child_weight": 0.015839290849138377, "log10_subsample": -0.5372736575533458, "max_depth": 3.0, "num_boost_round": 4.0}, "datetime": {"datetime": "2024-01-19 00:18:02", "elapsed": 367.385627, "delta": 0.000588}}
{"target": -17.673166327804175, "params": {"gamma": 188.5327697027386, "log10_alpha": 0.3896398859259458, "log10_colsample_bytree": -0.03235583968153943, "log10_eta": -1.5723971890952906, "log10_lambda": -0.032754945060183616, "log10_min_child_weight": 0.015839290849138377, "log10_subsample": -0.5372736575533458, "max_depth": 3.0, "num_boost_round": 5.0}, "datetime": {"datetime": "2024-01-19 00:18:02", "elapsed": 367.38619, "delta": 0.000563}}
{"target": -17.672682428992566, "params": {"gamma": 188.5327697027386, "log10_alpha": 0.3896398859259458, "log10_colsample_bytree": -0.03235583968153943, "log10_eta": -1.5723971890952906, "log10_lambda": -0.032754945060183616, "log10_min_child_weight": 0.015839290849138377, "log10_subsample": -0.5372736575533458, "max_depth": 3.0, "num_boost_round": 6.0}, "datetime": {"datetime": "2024-01-19 00:18:02", "elapsed": 367.386759, "delta": 0.000569}}
{"target": -17.672524686908147, "params": {"gamma": 188.5327697027386, "log10_alpha": 0.3896398859259458, "log10_colsample_bytree": -0.03235583968153943, "log10_eta": -1.5723971890952906, "log10_lambda": -0.032754945060183616, "log10_min_child_weight": 0.015839290849138377, "log10_subsample": -0.5372736575533458, "max_depth": 3.0, "num_boost_round": 7.0}, "datetime": {"datetime": "2024-01-19 00:18:02", "elapsed": 367.388652, "delta": 0.001893}}
{"target": -17.67264855769293, "params": {"gamma": 188.5327697027386, "log10_alpha": 0.3896398859259458, "log10_colsample_bytree": -0.03235583968153943, "log10_eta": -1.5723971890952906, "log10_lambda": -0.032754945060183616, "log10_min_child_weight": 0.015839290849138377, "log10_subsample": -0.5372736575533458, "max_depth": 3.0, "num_boost_round": 8.0}, "datetime": {"datetime": "2024-01-19 00:18:02", "elapsed": 367.389513, "delta": 0.000861}}
{"target": -17.672219033829926, "params": {"gamma": 188.5327697027386, "log10_alpha": 0.3896398859259458, "log10_colsample_bytree": -0.03235583968153943, "log10_eta": -1.5723971890952906, "log10_lambda": -0.032754945060183616, "log10_min_child_weight": 0.015839290849138377, "log10_subsample": -0.5372736575533458, "max_depth": 3.0, "num_boost_round": 9.0}, "datetime": {"datetime": "2024-01-19 00:18:02", "elapsed": 367.390285, "delta": 0.000772}}
{"target": -17.672406957743494, "params": {"gamma": 188.5327697027386, "log10_alpha": 0.3896398859259458, "log10_colsample_bytree": -0.03235583968153943, "log10_eta": -1.5723971890952906, "log10_lambda": -0.032754945060183616, "log10_min_child_weight": 0.015839290849138377, "log10_subsample": -0.5372736575533458, "max_depth": 3.0, "num_boost_round": 10.0}, "datetime": {"datetime": "2024-01-19 00:18:02", "elapsed": 367.39088, "delta": 0.000595}}
