{"target": -14.357155478922422, "params": {"gamma": 221.9931710897395, "log10_alpha": 0.22439383706425886, "log10_colsample_bytree": -0.7932808446605736, "log10_eta": -0.3255563682483138, "log10_lambda": -2.0695328672310254, "log10_min_child_weight": 3.0587193145132288, "log10_subsample": -0.23409214351968444, "max_depth": 6.0, "num_boost_round": 49.0}, "datetime": {"datetime": "2024-01-19 00:11:32", "elapsed": 0.015698, "delta": 0.0002}}
{"target": -14.366582071355396, "params": {"gamma": 221.9931710897395, "log10_alpha": 0.22439383706425886, "log10_colsample_bytree": -0.7932808446605736, "log10_eta": -0.3255563682483138, "log10_lambda": -2.0695328672310254, "log10_min_child_weight": 3.0587193145132288, "log10_subsample": -0.23409214351968444, "max_depth": 6.0, "num_boost_round": 50.0}, "datetime": {"datetime": "2024-01-19 00:11:32", "elapsed": 0.015892, "delta": 0.000194}}
{"target": -14.36682073013772, "params": {"gamma": 221.9931710897395, "log10_alpha": 0.22439383706425886, "log10_colsample_bytree": -0.7932808446605736, "log10_eta": -0.3255563682483138, "log10_lambda": -2.0695328672310254, "log10_min_child_weight": 3.0587193145132288, "log10_subsample": -0.23409214351968444, "max_depth": 6.0, "num_boost_round": 51.0}, "datetime": {"datetime": "2024-01-19 00:11:32", "elapsed": 0.016084, "delta": 0.000192}}
{"target": -14.371200146954445, "params": {"gamma": 221.9931710897395, "log10_alpha": 0.22439383706425886, "log10_colsample_bytree": -0.7932808446605736, "log10_eta": -0.3255563682483138, "log10_lambda": -2.0695328672310254, "log10_min_child_weight": 3.0587193145132288, "log10_subsample": -0.23409214351968444, "max_depth": 6.0, "num_boost_round": 52.0}, "datetime": {"datetime": "2024-01-19 00:11:32", "elapsed": 0.016276, "delta": 0.000192}}
{"target": -14.375938469844899, "params": {"gamma": 221.9931710897395, "log10_alpha": 0.22439383706425886, "log10_colsample_bytree": -0.7932808446605736, "log10_eta": -0.3255563682483138, "log10_lambda": -2.0695328672310254, "log10_min_child_weight": 3.0587193145132288, "log10_subsample": -0.23409214351968444, "max_depth": 6.0, "num_boost_round": 53.0}, "datetime": {"datetime": "2024-01-19 00:11:32", "elapsed": 0.016475, "delta": 0.000199}}
{"target": -14.38769015708541, "params": {"gamma": 221.9931710897395, "log10_alpha": 0.22439383706425886, "log10_colsample_bytree": -0.7932808446605736, "log10_eta": -0.3255563682483138, "log10_lambda": -2.0695328672310254, "log10_min_child_weight": 3.0587193145132288, "log10_subsample": -0.23409214351968444, "max_depth": 6.0, "num_boost_round": 54.0}, "datetime": {"datetime": "2024-01-19 00:11:32", "elapsed": 0.016679, "delta": 0.000204}}
{"target": -14.395991522357113, "params": {"gamma": 221.9931710897395, "log10_alpha": 0.22439383706425886, "log10_colsample_bytree": -0.7932808446605736, "log10_eta": -0.3255563682483138, "log10_lambda": -2.0695328672310254, "log10_min_child_weight": 3.0587193145132288, "log10_subsample": -0.23409214351968444, "max_depth": 6.0, "num_boost_round": 55.0}, "datetime": {"datetime": "2024-01-19 00:11:32", "elapsed": 0.016994, "delta": 0.000315}}
{"target": -14.39993170688937, "params": {"gamma": 221.9931710897395, "log10_alpha": 0.22439383706425886, "log10_colsample_bytree": -0.7932808446605736, "log10_eta": -0.3255563682483138, "log10_lambda": -2.0695328672310254, "log10_min_child_weight": 3.0587193145132288, "log10_subsample": -0.23409214351968444, "max_depth": 6.0, "num_boost_round": 56.0}, "datetime": {"datetime": "2024-01-19 00:11:32", "elapsed": 0.017203, "delta": 0.000209}}
{"target": -14.408058955236841, "params": {"gamma": 221.9931710897395, "log10_alpha": 0.22439383706425886, "log10_colsample_bytree": -0.7932808446605736, "log10_eta": -0.3255563682483138, "log10_lambda": -2.0695328672310254, "log10_min_child_weight": 3.0587193145132288, "log10_subsample": -0.23409214351968444, "max_depth": 6.0, "num_boost_round": 57.0}, "datetime": {"datetime": "2024-01-19 00:11:32", "elapsed": 0.017409, "delta": 0.000206}}
{"target": -14.413758020579136, "params": {"gamma": 221.9931710897395, "log10_alpha": 0.22439383706425886, "log10_colsample_bytree": -0.7932808446605736, "log10_eta": -0.3255563682483138, "log10_lambda": -2.0695328672310254, "log10_min_child_weight": 3.0587193145132288, "log10_subsample": -0.23409214351968444, "max_depth": 6.0, "num_boost_round": 58.0}, "datetime": {"datetime": "2024-01-19 00:11:32", "elapsed": 0.017624, "delta": 0.000215}}
{"target": -14.424967473392037, "params": {"gamma": 221.9931710897395, "log10_alpha": 0.22439383706425886, "log10_colsample_bytree": -0.7932808446605736, "log10_eta": -0.3255563682483138, "log10_lambda": -2.0695328672310254, "log10_min_child_weight": 3.0587193145132288, "log10_subsample": -0.23409214351968444, "max_depth": 6.0, "num_boost_round": 59.0}, "datetime": {"datetime": "2024-01-19 00:11:32", "elapsed": 0.01784, "delta": 0.000216}}
{"target": -14.427890294367288, "params": {"gamma": 221.9931710897395, "log10_alpha": 0.22439383706425886, "log10_colsample_bytree": -0.7932808446605736, "log10_eta": -0.3255563682483138, "log10_lambda": -2.0695328672310254, "log10_min_child_weight": 3.0587193145132288, "log10_subsample": -0.23409214351968444, "max_depth": 6.0, "num_boost_round": 60.0}, "datetime": {"datetime": "2024-01-19 00:11:32", "elapsed": 0.018055, "delta": 0.000215}}
{"target": -14.43830862952554, "params": {"gamma": 221.9931710897395, "log10_alpha": 0.22439383706425886, "log10_colsample_bytree": -0.7932808446605736, "log10_eta": -0.3255563682483138, "log10_lambda": -2.0695328672310254, "log10_min_child_weight": 3.0587193145132288, "log10_subsample": -0.23409214351968444, "max_depth": 6.0, "num_boost_round": 61.0}, "datetime": {"datetime": "2024-01-19 00:11:32", "elapsed": 0.018268, "delta": 0.000213}}
{"target": -14.446143951201394, "params": {"gamma": 221.9931710897395, "log10_alpha": 0.22439383706425886, "log10_colsample_bytree": -0.7932808446605736, "log10_eta": -0.3255563682483138, "log10_lambda": -2.0695328672310254, "log10_min_child_weight": 3.0587193145132288, "log10_subsample": -0.23409214351968444, "max_depth": 6.0, "num_boost_round": 62.0}, "datetime": {"datetime": "2024-01-19 00:11:32", "elapsed": 0.018478, "delta": 0.00021}}
{"target": -14.4488425329131, "params": {"gamma": 221.9931710897395, "log10_alpha": 0.22439383706425886, "log10_colsample_bytree": -0.7932808446605736, "log10_eta": -0.3255563682483138, "log10_lambda": -2.0695328672310254, "log10_min_child_weight": 3.0587193145132288, "log10_subsample": -0.23409214351968444, "max_depth": 6.0, "num_boost_round": 63.0}, "datetime": {"datetime": "2024-01-19 00:11:32", "elapsed": 0.018697, "delta": 0.000219}}
{"target": -14.457937367759731, "params": {"gamma": 221.9931710897395, "log10_alpha": 0.22439383706425886, "log10_colsample_bytree": -0.7932808446605736, "log10_eta": -0.3255563682483138, "log10_lambda": -2.0695328672310254, "log10_min_child_weight": 3.0587193145132288, "log10_subsample": -0.23409214351968444, "max_depth": 6.0, "num_boost_round": 64.0}, "datetime": {"datetime": "2024-01-19 00:11:32", "elapsed": 0.018919, "delta": 0.000222}}
{"target": -14.462822469907195, "params": {"gamma": 221.9931710897395, "log10_alpha": 0.22439383706425886, "log10_colsample_bytree": -0.7932808446605736, "log10_eta": -0.3255563682483138, "log10_lambda": -2.0695328672310254, "log10_min_child_weight": 3.0587193145132288, "log10_subsample": -0.23409214351968444, "max_depth": 6.0, "num_boost_round": 65.0}, "datetime": {"datetime": "2024-01-19 00:11:32", "elapsed": 0.019234, "delta": 0.000315}}
{"target": -13.758537693166847, "params": {"gamma": 219.11197615141177, "log10_alpha": -1.3701707881158791, "log10_colsample_bytree": -0.8715726697182423, "log10_eta": -3.420830730692873, "log10_lambda": -2.440213115365492, "log10_min_child_weight": 1.0736501991037422, "log10_subsample": -0.7184807114846361, "max_depth": 2.0, "num_boost_round": 0.0}, "datetime": {"datetime": "2024-01-19 00:11:50", "elapsed": 18.049831, "delta": 18.030597}}
{"target": -13.758533317192253, "params": {"gamma": 219.11197615141177, "log10_alpha": -1.3701707881158791, "log10_colsample_bytree": -0.8715726697182423, "log10_eta": -3.420830730692873, "log10_lambda": -2.440213115365492, "log10_min_child_weight": 1.0736501991037422, "log10_subsample": -0.7184807114846361, "max_depth": 2.0, "num_boost_round": 1.0}, "datetime": {"datetime": "2024-01-19 00:11:50", "elapsed": 18.052344, "delta": 0.002513}}
{"target": -13.758532860495302, "params": {"gamma": 219.11197615141177, "log10_alpha": -1.3701707881158791, "log10_colsample_bytree": -0.8715726697182423, "log10_eta": -3.420830730692873, "log10_lambda": -2.440213115365492, "log10_min_child_weight": 1.0736501991037422, "log10_subsample": -0.7184807114846361, "max_depth": 2.0, "num_boost_round": 2.0}, "datetime": {"datetime": "2024-01-19 00:11:50", "elapsed": 18.052612, "delta": 0.000268}}
{"target": -13.75853595845238, "params": {"gamma": 219.11197615141177, "log10_alpha": -1.3701707881158791, "log10_colsample_bytree": -0.8715726697182423, "log10_eta": -3.420830730692873, "log10_lambda": -2.440213115365492, "log10_min_child_weight": 1.0736501991037422, "log10_subsample": -0.7184807114846361, "max_depth": 2.0, "num_boost_round": 3.0}, "datetime": {"datetime": "2024-01-19 00:11:50", "elapsed": 18.052882, "delta": 0.00027}}
{"target": -13.758532011537987, "params": {"gamma": 219.11197615141177, "log10_alpha": -1.3701707881158791, "log10_colsample_bytree": -0.8715726697182423, "log10_eta": -3.420830730692873, "log10_lambda": -2.440213115365492, "log10_min_child_weight": 1.0736501991037422, "log10_subsample": -0.7184807114846361, "max_depth": 2.0, "num_boost_round": 4.0}, "datetime": {"datetime": "2024-01-19 00:11:50", "elapsed": 18.053117, "delta": 0.000235}}
{"target": -13.758526498545677, "params": {"gamma": 219.11197615141177, "log10_alpha": -1.3701707881158791, "log10_colsample_bytree": -0.8715726697182423, "log10_eta": -3.420830730692873, "log10_lambda": -2.440213115365492, "log10_min_child_weight": 1.0736501991037422, "log10_subsample": -0.7184807114846361, "max_depth": 2.0, "num_boost_round": 5.0}, "datetime": {"datetime": "2024-01-19 00:11:50", "elapsed": 18.053349, "delta": 0.000232}}
{"target": -13.758527294809975, "params": {"gamma": 219.11197615141177, "log10_alpha": -1.3701707881158791, "log10_colsample_bytree": -0.8715726697182423, "log10_eta": -3.420830730692873, "log10_lambda": -2.440213115365492, "log10_min_child_weight": 1.0736501991037422, "log10_subsample": -0.7184807114846361, "max_depth": 2.0, "num_boost_round": 6.0}, "datetime": {"datetime": "2024-01-19 00:11:50", "elapsed": 18.053737, "delta": 0.000388}}
{"target": -13.758523083998146, "params": {"gamma": 219.11197615141177, "log10_alpha": -1.3701707881158791, "log10_colsample_bytree": -0.8715726697182423, "log10_eta": -3.420830730692873, "log10_lambda": -2.440213115365492, "log10_min_child_weight": 1.0736501991037422, "log10_subsample": -0.7184807114846361, "max_depth": 2.0, "num_boost_round": 7.0}, "datetime": {"datetime": "2024-01-19 00:11:50", "elapsed": 18.053978, "delta": 0.000241}}
{"target": -13.758526774629487, "params": {"gamma": 219.11197615141177, "log10_alpha": -1.3701707881158791, "log10_colsample_bytree": -0.8715726697182423, "log10_eta": -3.420830730692873, "log10_lambda": -2.440213115365492, "log10_min_child_weight": 1.0736501991037422, "log10_subsample": -0.7184807114846361, "max_depth": 2.0, "num_boost_round": 8.0}, "datetime": {"datetime": "2024-01-19 00:11:50", "elapsed": 18.054216, "delta": 0.000238}}
{"target": -13.758522652866787, "params": {"gamma": 219.11197615141177, "log10_alpha": -1.3701707881158791, "log10_colsample_bytree": -0.8715726697182423, "log10_eta": -3.420830730692873, "log10_lambda": -2.440213115365492, "log10_min_child_weight": 1.0736501991037422, "log10_subsample": -0.7184807114846361, "max_depth": 2.0, "num_boost_round": 9.0}, "datetime": {"datetime": "2024-01-19 00:11:50", "elapsed": 18.05445, "delta": 0.000234}}
{"target": -13.758516515880485, "params": {"gamma": 219.11197615141177, "log10_alpha": -1.3701707881158791, "log10_colsample_bytree": -0.8715726697182423, "log10_eta": -3.420830730692873, "log10_lambda": -2.440213115365492, "log10_min_child_weight": 1.0736501991037422, "log10_subsample": -0.7184807114846361, "max_depth": 2.0, "num_boost_round": 10.0}, "datetime": {"datetime": "2024-01-19 00:11:50", "elapsed": 18.054694, "delta": 0.000244}}
{"target": -13.758469640811848, "params": {"gamma": 217.40537672484083, "log10_alpha": -4.1226263317594505, "log10_colsample_bytree": -0.4731828417093399, "log10_eta": -2.4933679550468124, "log10_lambda": -3.699449555273432, "log10_min_child_weight": 2.3936626599198148, "log10_subsample": -0.5673237416080817, "max_depth": 6.0, "num_boost_round": 0.0}, "datetime": {"datetime": "2024-01-19 00:12:09", "elapsed": 36.689733, "delta": 18.635039}}
{"target": -13.75838810272219, "params": {"gamma": 217.40537672484083, "log10_alpha": -4.1226263317594505, "log10_colsample_bytree": -0.4731828417093399, "log10_eta": -2.4933679550468124, "log10_lambda": -3.699449555273432, "log10_min_child_weight": 2.3936626599198148, "log10_subsample": -0.5673237416080817, "max_depth": 6.0, "num_boost_round": 1.0}, "datetime": {"datetime": "2024-01-19 00:12:09", "elapsed": 36.690145, "delta": 0.000412}}
{"target": -13.758362080954933, "params": {"gamma": 217.40537672484083, "log10_alpha": -4.1226263317594505, "log10_colsample_bytree": -0.4731828417093399, "log10_eta": -2.4933679550468124, "log10_lambda": -3.699449555273432, "log10_min_child_weight": 2.3936626599198148, "log10_subsample": -0.5673237416080817, "max_depth": 6.0, "num_boost_round": 2.0}, "datetime": {"datetime": "2024-01-19 00:12:09", "elapsed": 36.690422, "delta": 0.000277}}
{"target": -13.758340088348149, "params": {"gamma": 217.40537672484083, "log10_alpha": -4.1226263317594505, "log10_colsample_bytree": -0.4731828417093399, "log10_eta": -2.4933679550468124, "log10_lambda": -3.699449555273432, "log10_min_child_weight": 2.3936626599198148, "log10_subsample": -0.5673237416080817, "max_depth": 6.0, "num_boost_round": 3.0}, "datetime": {"datetime": "2024-01-19 00:12:09", "elapsed": 36.690686, "delta": 0.000264}}
{"target": -13.758199468459601, "params": {"gamma": 217.40537672484083, "log10_alpha": -4.1226263317594505, "log10_colsample_bytree": -0.4731828417093399, "log10_eta": -2.4933679550468124, "log10_lambda": -3.699449555273432, "log10_min_child_weight": 2.3936626599198148, "log10_subsample": -0.5673237416080817, "max_depth": 6.0, "num_boost_round": 4.0}, "datetime": {"datetime": "2024-01-19 00:12:09", "elapsed": 36.690937, "delta": 0.000251}}
{"target": -13.758145141377842, "params": {"gamma": 217.40537672484083, "log10_alpha": -4.1226263317594505, "log10_colsample_bytree": -0.4731828417093399, "log10_eta": -2.4933679550468124, "log10_lambda": -3.699449555273432, "log10_min_child_weight": 2.3936626599198148, "log10_subsample": -0.5673237416080817, "max_depth": 6.0, "num_boost_round": 5.0}, "datetime": {"datetime": "2024-01-19 00:12:09", "elapsed": 36.691186, "delta": 0.000249}}
{"target": -13.758104241738474, "params": {"gamma": 217.40537672484083, "log10_alpha": -4.1226263317594505, "log10_colsample_bytree": -0.4731828417093399, "log10_eta": -2.4933679550468124, "log10_lambda": -3.699449555273432, "log10_min_child_weight": 2.3936626599198148, "log10_subsample": -0.5673237416080817, "max_depth": 6.0, "num_boost_round": 6.0}, "datetime": {"datetime": "2024-01-19 00:12:09", "elapsed": 36.691435, "delta": 0.000249}}
{"target": -13.757932675428865, "params": {"gamma": 217.40537672484083, "log10_alpha": -4.1226263317594505, "log10_colsample_bytree": -0.4731828417093399, "log10_eta": -2.4933679550468124, "log10_lambda": -3.699449555273432, "log10_min_child_weight": 2.3936626599198148, "log10_subsample": -0.5673237416080817, "max_depth": 6.0, "num_boost_round": 7.0}, "datetime": {"datetime": "2024-01-19 00:12:09", "elapsed": 36.691691, "delta": 0.000256}}
{"target": -13.757834517639234, "params": {"gamma": 217.40537672484083, "log10_alpha": -4.1226263317594505, "log10_colsample_bytree": -0.4731828417093399, "log10_eta": -2.4933679550468124, "log10_lambda": -3.699449555273432, "log10_min_child_weight": 2.3936626599198148, "log10_subsample": -0.5673237416080817, "max_depth": 6.0, "num_boost_round": 8.0}, "datetime": {"datetime": "2024-01-19 00:12:09", "elapsed": 36.691943, "delta": 0.000252}}
{"target": -13.757690228144918, "params": {"gamma": 217.40537672484083, "log10_alpha": -4.1226263317594505, "log10_colsample_bytree": -0.4731828417093399, "log10_eta": -2.4933679550468124, "log10_lambda": -3.699449555273432, "log10_min_child_weight": 2.3936626599198148, "log10_subsample": -0.5673237416080817, "max_depth": 6.0, "num_boost_round": 9.0}, "datetime": {"datetime": "2024-01-19 00:12:09", "elapsed": 36.692199, "delta": 0.000256}}
{"target": -13.763311454369783, "params": {"gamma": 213.11373317856263, "log10_alpha": -3.2610457867215645, "log10_colsample_bytree": -0.23905557027142166, "log10_eta": -0.5227287047909366, "log10_lambda": 0.6994716538014236, "log10_min_child_weight": 1.6338038894317564, "log10_subsample": -0.6489026637986908, "max_depth": 2.0, "num_boost_round": 0.0}, "datetime": {"datetime": "2024-01-19 00:12:28", "elapsed": 56.154593, "delta": 19.462394}}
{"target": -13.768963387087767, "params": {"gamma": 213.11373317856263, "log10_alpha": -3.2610457867215645, "log10_colsample_bytree": -0.23905557027142166, "log10_eta": -0.5227287047909366, "log10_lambda": 0.6994716538014236, "log10_min_child_weight": 1.6338038894317564, "log10_subsample": -0.6489026637986908, "max_depth": 2.0, "num_boost_round": 1.0}, "datetime": {"datetime": "2024-01-19 00:12:28", "elapsed": 56.155058, "delta": 0.000465}}
{"target": -13.767434198661102, "params": {"gamma": 213.11373317856263, "log10_alpha": -3.2610457867215645, "log10_colsample_bytree": -0.23905557027142166, "log10_eta": -0.5227287047909366, "log10_lambda": 0.6994716538014236, "log10_min_child_weight": 1.6338038894317564, "log10_subsample": -0.6489026637986908, "max_depth": 2.0, "num_boost_round": 2.0}, "datetime": {"datetime": "2024-01-19 00:12:28", "elapsed": 56.155349, "delta": 0.000291}}
{"target": -13.769654760214182, "params": {"gamma": 213.11373317856263, "log10_alpha": -3.2610457867215645, "log10_colsample_bytree": -0.23905557027142166, "log10_eta": -0.5227287047909366, "log10_lambda": 0.6994716538014236, "log10_min_child_weight": 1.6338038894317564, "log10_subsample": -0.6489026637986908, "max_depth": 2.0, "num_boost_round": 3.0}, "datetime": {"datetime": "2024-01-19 00:12:28", "elapsed": 56.155627, "delta": 0.000278}}
{"target": -13.773058580434304, "params": {"gamma": 213.11373317856263, "log10_alpha": -3.2610457867215645, "log10_colsample_bytree": -0.23905557027142166, "log10_eta": -0.5227287047909366, "log10_lambda": 0.6994716538014236, "log10_min_child_weight": 1.6338038894317564, "log10_subsample": -0.6489026637986908, "max_depth": 2.0, "num_boost_round": 4.0}, "datetime": {"datetime": "2024-01-19 00:12:28", "elapsed": 56.155898, "delta": 0.000271}}
{"target": -13.773162870475977, "params": {"gamma": 213.11373317856263, "log10_alpha": -3.2610457867215645, "log10_colsample_bytree": -0.23905557027142166, "log10_eta": -0.5227287047909366, "log10_lambda": 0.6994716538014236, "log10_min_child_weight": 1.6338038894317564, "log10_subsample": -0.6489026637986908, "max_depth": 2.0, "num_boost_round": 5.0}, "datetime": {"datetime": "2024-01-19 00:12:28", "elapsed": 56.156317, "delta": 0.000419}}
{"target": -13.771802120343688, "params": {"gamma": 213.11373317856263, "log10_alpha": -3.2610457867215645, "log10_colsample_bytree": -0.23905557027142166, "log10_eta": -0.5227287047909366, "log10_lambda": 0.6994716538014236, "log10_min_child_weight": 1.6338038894317564, "log10_subsample": -0.6489026637986908, "max_depth": 2.0, "num_boost_round": 6.0}, "datetime": {"datetime": "2024-01-19 00:12:28", "elapsed": 56.156588, "delta": 0.000271}}
{"target": -13.775811472991933, "params": {"gamma": 213.11373317856263, "log10_alpha": -3.2610457867215645, "log10_colsample_bytree": -0.23905557027142166, "log10_eta": -0.5227287047909366, "log10_lambda": 0.6994716538014236, "log10_min_child_weight": 1.6338038894317564, "log10_subsample": -0.6489026637986908, "max_depth": 2.0, "num_boost_round": 7.0}, "datetime": {"datetime": "2024-01-19 00:12:28", "elapsed": 56.157048, "delta": 0.00046}}
{"target": -13.778056585068184, "params": {"gamma": 213.11373317856263, "log10_alpha": -3.2610457867215645, "log10_colsample_bytree": -0.23905557027142166, "log10_eta": -0.5227287047909366, "log10_lambda": 0.6994716538014236, "log10_min_child_weight": 1.6338038894317564, "log10_subsample": -0.6489026637986908, "max_depth": 2.0, "num_boost_round": 8.0}, "datetime": {"datetime": "2024-01-19 00:12:28", "elapsed": 56.157329, "delta": 0.000281}}
{"target": -13.777805881052888, "params": {"gamma": 213.11373317856263, "log10_alpha": -3.2610457867215645, "log10_colsample_bytree": -0.23905557027142166, "log10_eta": -0.5227287047909366, "log10_lambda": 0.6994716538014236, "log10_min_child_weight": 1.6338038894317564, "log10_subsample": -0.6489026637986908, "max_depth": 2.0, "num_boost_round": 9.0}, "datetime": {"datetime": "2024-01-19 00:12:28", "elapsed": 56.157726, "delta": 0.000397}}
{"target": -13.781944293196794, "params": {"gamma": 213.11373317856263, "log10_alpha": -3.2610457867215645, "log10_colsample_bytree": -0.23905557027142166, "log10_eta": -0.5227287047909366, "log10_lambda": 0.6994716538014236, "log10_min_child_weight": 1.6338038894317564, "log10_subsample": -0.6489026637986908, "max_depth": 2.0, "num_boost_round": 10.0}, "datetime": {"datetime": "2024-01-19 00:12:28", "elapsed": 56.158002, "delta": 0.000276}}
