{"target": -13.758528326859778, "params": {"gamma": 934.1290391240209, "log10_alpha": 0.47080771750116845, "log10_colsample_bytree": -0.9243519034329526, "log10_eta": -3.868741872930213, "log10_lambda": -2.246972299398732, "log10_min_child_weight": 4.587219225128548, "log10_subsample": -0.14100350474609435, "max_depth": 7.0, "num_boost_round": 34.0}, "datetime": {"datetime": "2024-01-19 01:58:14", "elapsed": 6395.479695, "delta": 0.006218}}
{"target": -13.758527492461823, "params": {"gamma": 934.1290391240209, "log10_alpha": 0.47080771750116845, "log10_colsample_bytree": -0.9243519034329526, "log10_eta": -3.868741872930213, "log10_lambda": -2.246972299398732, "log10_min_child_weight": 4.587219225128548, "log10_subsample": -0.14100350474609435, "max_depth": 7.0, "num_boost_round": 35.0}, "datetime": {"datetime": "2024-01-19 01:58:14", "elapsed": 6395.485933, "delta": 0.006238}}
{"target": -13.758527560175178, "params": {"gamma": 934.1290391240209, "log10_alpha": 0.47080771750116845, "log10_colsample_bytree": -0.9243519034329526, "log10_eta": -3.868741872930213, "log10_lambda": -2.246972299398732, "log10_min_child_weight": 4.587219225128548, "log10_subsample": -0.14100350474609435, "max_depth": 7.0, "num_boost_round": 36.0}, "datetime": {"datetime": "2024-01-19 01:58:14", "elapsed": 6395.492168, "delta": 0.006235}}
{"target": -13.758526283245661, "params": {"gamma": 934.1290391240209, "log10_alpha": 0.47080771750116845, "log10_colsample_bytree": -0.9243519034329526, "log10_eta": -3.868741872930213, "log10_lambda": -2.246972299398732, "log10_min_child_weight": 4.587219225128548, "log10_subsample": -0.14100350474609435, "max_depth": 7.0, "num_boost_round": 37.0}, "datetime": {"datetime": "2024-01-19 01:58:14", "elapsed": 6395.498394, "delta": 0.006226}}
{"target": -13.758526448040096, "params": {"gamma": 934.1290391240209, "log10_alpha": 0.47080771750116845, "log10_colsample_bytree": -0.9243519034329526, "log10_eta": -3.868741872930213, "log10_lambda": -2.246972299398732, "log10_min_child_weight": 4.587219225128548, "log10_subsample": -0.14100350474609435, "max_depth": 7.0, "num_boost_round": 38.0}, "datetime": {"datetime": "2024-01-19 01:58:14", "elapsed": 6395.504595, "delta": 0.006201}}
{"target": -13.758526411518798, "params": {"gamma": 934.1290391240209, "log10_alpha": 0.47080771750116845, "log10_colsample_bytree": -0.9243519034329526, "log10_eta": -3.868741872930213, "log10_lambda": -2.246972299398732, "log10_min_child_weight": 4.587219225128548, "log10_subsample": -0.14100350474609435, "max_depth": 7.0, "num_boost_round": 39.0}, "datetime": {"datetime": "2024-01-19 01:58:14", "elapsed": 6395.510853, "delta": 0.006258}}
{"target": -13.758524915304738, "params": {"gamma": 934.1290391240209, "log10_alpha": 0.47080771750116845, "log10_colsample_bytree": -0.9243519034329526, "log10_eta": -3.868741872930213, "log10_lambda": -2.246972299398732, "log10_min_child_weight": 4.587219225128548, "log10_subsample": -0.14100350474609435, "max_depth": 7.0, "num_boost_round": 40.0}, "datetime": {"datetime": "2024-01-19 01:58:14", "elapsed": 6395.517083, "delta": 0.00623}}
{"target": -13.758525072795504, "params": {"gamma": 934.1290391240209, "log10_alpha": 0.47080771750116845, "log10_colsample_bytree": -0.9243519034329526, "log10_eta": -3.868741872930213, "log10_lambda": -2.246972299398732, "log10_min_child_weight": 4.587219225128548, "log10_subsample": -0.14100350474609435, "max_depth": 7.0, "num_boost_round": 41.0}, "datetime": {"datetime": "2024-01-19 01:58:14", "elapsed": 6395.523345, "delta": 0.006262}}
{"target": -13.758523960793553, "params": {"gamma": 934.1290391240209, "log10_alpha": 0.47080771750116845, "log10_colsample_bytree": -0.9243519034329526, "log10_eta": -3.868741872930213, "log10_lambda": -2.246972299398732, "log10_min_child_weight": 4.587219225128548, "log10_subsample": -0.14100350474609435, "max_depth": 7.0, "num_boost_round": 42.0}, "datetime": {"datetime": "2024-01-19 01:58:14", "elapsed": 6395.529603, "delta": 0.006258}}
{"target": -13.758523353642616, "params": {"gamma": 934.1290391240209, "log10_alpha": 0.47080771750116845, "log10_colsample_bytree": -0.9243519034329526, "log10_eta": -3.868741872930213, "log10_lambda": -2.246972299398732, "log10_min_child_weight": 4.587219225128548, "log10_subsample": -0.14100350474609435, "max_depth": 7.0, "num_boost_round": 43.0}, "datetime": {"datetime": "2024-01-19 01:58:14", "elapsed": 6395.535932, "delta": 0.006329}}
{"target": -13.758521751011855, "params": {"gamma": 934.1290391240209, "log10_alpha": 0.47080771750116845, "log10_colsample_bytree": -0.9243519034329526, "log10_eta": -3.868741872930213, "log10_lambda": -2.246972299398732, "log10_min_child_weight": 4.587219225128548, "log10_subsample": -0.14100350474609435, "max_depth": 7.0, "num_boost_round": 44.0}, "datetime": {"datetime": "2024-01-19 01:58:14", "elapsed": 6395.542267, "delta": 0.006335}}
{"target": -13.758521047735279, "params": {"gamma": 934.1290391240209, "log10_alpha": 0.47080771750116845, "log10_colsample_bytree": -0.9243519034329526, "log10_eta": -3.868741872930213, "log10_lambda": -2.246972299398732, "log10_min_child_weight": 4.587219225128548, "log10_subsample": -0.14100350474609435, "max_depth": 7.0, "num_boost_round": 45.0}, "datetime": {"datetime": "2024-01-19 01:58:14", "elapsed": 6395.549244, "delta": 0.006977}}
{"target": -13.758519728391835, "params": {"gamma": 934.1290391240209, "log10_alpha": 0.47080771750116845, "log10_colsample_bytree": -0.9243519034329526, "log10_eta": -3.868741872930213, "log10_lambda": -2.246972299398732, "log10_min_child_weight": 4.587219225128548, "log10_subsample": -0.14100350474609435, "max_depth": 7.0, "num_boost_round": 46.0}, "datetime": {"datetime": "2024-01-19 01:58:14", "elapsed": 6395.555799, "delta": 0.006555}}
{"target": -13.75851960225659, "params": {"gamma": 934.1290391240209, "log10_alpha": 0.47080771750116845, "log10_colsample_bytree": -0.9243519034329526, "log10_eta": -3.868741872930213, "log10_lambda": -2.246972299398732, "log10_min_child_weight": 4.587219225128548, "log10_subsample": -0.14100350474609435, "max_depth": 7.0, "num_boost_round": 47.0}, "datetime": {"datetime": "2024-01-19 01:58:14", "elapsed": 6395.562123, "delta": 0.006324}}
{"target": -13.758518611826954, "params": {"gamma": 934.1290391240209, "log10_alpha": 0.47080771750116845, "log10_colsample_bytree": -0.9243519034329526, "log10_eta": -3.868741872930213, "log10_lambda": -2.246972299398732, "log10_min_child_weight": 4.587219225128548, "log10_subsample": -0.14100350474609435, "max_depth": 7.0, "num_boost_round": 48.0}, "datetime": {"datetime": "2024-01-19 01:58:14", "elapsed": 6395.568302, "delta": 0.006179}}
{"target": -13.758517994671609, "params": {"gamma": 934.1290391240209, "log10_alpha": 0.47080771750116845, "log10_colsample_bytree": -0.9243519034329526, "log10_eta": -3.868741872930213, "log10_lambda": -2.246972299398732, "log10_min_child_weight": 4.587219225128548, "log10_subsample": -0.14100350474609435, "max_depth": 7.0, "num_boost_round": 49.0}, "datetime": {"datetime": "2024-01-19 01:58:14", "elapsed": 6395.574507, "delta": 0.006205}}
{"target": -13.758518100144409, "params": {"gamma": 934.1290391240209, "log10_alpha": 0.47080771750116845, "log10_colsample_bytree": -0.9243519034329526, "log10_eta": -3.868741872930213, "log10_lambda": -2.246972299398732, "log10_min_child_weight": 4.587219225128548, "log10_subsample": -0.14100350474609435, "max_depth": 7.0, "num_boost_round": 50.0}, "datetime": {"datetime": "2024-01-19 01:58:14", "elapsed": 6395.580903, "delta": 0.006396}}
{"target": -13.758517127460044, "params": {"gamma": 934.1290391240209, "log10_alpha": 0.47080771750116845, "log10_colsample_bytree": -0.9243519034329526, "log10_eta": -3.868741872930213, "log10_lambda": -2.246972299398732, "log10_min_child_weight": 4.587219225128548, "log10_subsample": -0.14100350474609435, "max_depth": 7.0, "num_boost_round": 51.0}, "datetime": {"datetime": "2024-01-19 01:58:14", "elapsed": 6395.587196, "delta": 0.006293}}
{"target": -13.758516293534074, "params": {"gamma": 934.1290391240209, "log10_alpha": 0.47080771750116845, "log10_colsample_bytree": -0.9243519034329526, "log10_eta": -3.868741872930213, "log10_lambda": -2.246972299398732, "log10_min_child_weight": 4.587219225128548, "log10_subsample": -0.14100350474609435, "max_depth": 7.0, "num_boost_round": 52.0}, "datetime": {"datetime": "2024-01-19 01:58:14", "elapsed": 6395.593576, "delta": 0.00638}}
{"target": -13.758514409557598, "params": {"gamma": 934.1290391240209, "log10_alpha": 0.47080771750116845, "log10_colsample_bytree": -0.9243519034329526, "log10_eta": -3.868741872930213, "log10_lambda": -2.246972299398732, "log10_min_child_weight": 4.587219225128548, "log10_subsample": -0.14100350474609435, "max_depth": 7.0, "num_boost_round": 53.0}, "datetime": {"datetime": "2024-01-19 01:58:14", "elapsed": 6395.60007, "delta": 0.006494}}
{"target": -13.758513121532173, "params": {"gamma": 934.1290391240209, "log10_alpha": 0.47080771750116845, "log10_colsample_bytree": -0.9243519034329526, "log10_eta": -3.868741872930213, "log10_lambda": -2.246972299398732, "log10_min_child_weight": 4.587219225128548, "log10_subsample": -0.14100350474609435, "max_depth": 7.0, "num_boost_round": 54.0}, "datetime": {"datetime": "2024-01-19 01:58:14", "elapsed": 6395.606404, "delta": 0.006334}}
{"target": -13.758513478434642, "params": {"gamma": 934.1290391240209, "log10_alpha": 0.47080771750116845, "log10_colsample_bytree": -0.9243519034329526, "log10_eta": -3.868741872930213, "log10_lambda": -2.246972299398732, "log10_min_child_weight": 4.587219225128548, "log10_subsample": -0.14100350474609435, "max_depth": 7.0, "num_boost_round": 55.0}, "datetime": {"datetime": "2024-01-19 01:58:14", "elapsed": 6395.612668, "delta": 0.006264}}
{"target": -13.75851277410563, "params": {"gamma": 934.1290391240209, "log10_alpha": 0.47080771750116845, "log10_colsample_bytree": -0.9243519034329526, "log10_eta": -3.868741872930213, "log10_lambda": -2.246972299398732, "log10_min_child_weight": 4.587219225128548, "log10_subsample": -0.14100350474609435, "max_depth": 7.0, "num_boost_round": 56.0}, "datetime": {"datetime": "2024-01-19 01:58:14", "elapsed": 6395.618915, "delta": 0.006247}}
{"target": -13.758513634499712, "params": {"gamma": 934.1290391240209, "log10_alpha": 0.47080771750116845, "log10_colsample_bytree": -0.9243519034329526, "log10_eta": -3.868741872930213, "log10_lambda": -2.246972299398732, "log10_min_child_weight": 4.587219225128548, "log10_subsample": -0.14100350474609435, "max_depth": 7.0, "num_boost_round": 57.0}, "datetime": {"datetime": "2024-01-19 01:58:14", "elapsed": 6395.625179, "delta": 0.006264}}
{"target": -13.758533605159549, "params": {"gamma": 936.8333318322493, "log10_alpha": -4.221119375942169, "log10_colsample_bytree": -0.38580911452299294, "log10_eta": -2.992367836793124, "log10_lambda": 0.6383046020685521, "log10_min_child_weight": 4.976206129395188, "log10_subsample": -0.17402292744706183, "max_depth": 2.0, "num_boost_round": 0.0}, "datetime": {"datetime": "2024-01-19 01:59:40", "elapsed": 6481.123157, "delta": 85.497978}}
{"target": -13.75853013373252, "params": {"gamma": 936.8333318322493, "log10_alpha": -4.221119375942169, "log10_colsample_bytree": -0.38580911452299294, "log10_eta": -2.992367836793124, "log10_lambda": 0.6383046020685521, "log10_min_child_weight": 4.976206129395188, "log10_subsample": -0.17402292744706183, "max_depth": 2.0, "num_boost_round": 1.0}, "datetime": {"datetime": "2024-01-19 01:59:40", "elapsed": 6481.130622, "delta": 0.007465}}
{"target": -13.758526827195196, "params": {"gamma": 936.8333318322493, "log10_alpha": -4.221119375942169, "log10_colsample_bytree": -0.38580911452299294, "log10_eta": -2.992367836793124, "log10_lambda": 0.6383046020685521, "log10_min_child_weight": 4.976206129395188, "log10_subsample": -0.17402292744706183, "max_depth": 2.0, "num_boost_round": 2.0}, "datetime": {"datetime": "2024-01-19 01:59:40", "elapsed": 6481.1371, "delta": 0.006478}}
{"target": -13.758525628465119, "params": {"gamma": 936.8333318322493, "log10_alpha": -4.221119375942169, "log10_colsample_bytree": -0.38580911452299294, "log10_eta": -2.992367836793124, "log10_lambda": 0.6383046020685521, "log10_min_child_weight": 4.976206129395188, "log10_subsample": -0.17402292744706183, "max_depth": 2.0, "num_boost_round": 3.0}, "datetime": {"datetime": "2024-01-19 01:59:40", "elapsed": 6481.143437, "delta": 0.006337}}
{"target": -13.758521033864369, "params": {"gamma": 936.8333318322493, "log10_alpha": -4.221119375942169, "log10_colsample_bytree": -0.38580911452299294, "log10_eta": -2.992367836793124, "log10_lambda": 0.6383046020685521, "log10_min_child_weight": 4.976206129395188, "log10_subsample": -0.17402292744706183, "max_depth": 2.0, "num_boost_round": 4.0}, "datetime": {"datetime": "2024-01-19 01:59:40", "elapsed": 6481.149954, "delta": 0.006517}}
{"target": -13.758520868637897, "params": {"gamma": 936.8333318322493, "log10_alpha": -4.221119375942169, "log10_colsample_bytree": -0.38580911452299294, "log10_eta": -2.992367836793124, "log10_lambda": 0.6383046020685521, "log10_min_child_weight": 4.976206129395188, "log10_subsample": -0.17402292744706183, "max_depth": 2.0, "num_boost_round": 5.0}, "datetime": {"datetime": "2024-01-19 01:59:40", "elapsed": 6481.156654, "delta": 0.0067}}
{"target": -13.758520731581731, "params": {"gamma": 936.8333318322493, "log10_alpha": -4.221119375942169, "log10_colsample_bytree": -0.38580911452299294, "log10_eta": -2.992367836793124, "log10_lambda": 0.6383046020685521, "log10_min_child_weight": 4.976206129395188, "log10_subsample": -0.17402292744706183, "max_depth": 2.0, "num_boost_round": 6.0}, "datetime": {"datetime": "2024-01-19 01:59:40", "elapsed": 6481.163297, "delta": 0.006643}}
{"target": -13.758520588318014, "params": {"gamma": 936.8333318322493, "log10_alpha": -4.221119375942169, "log10_colsample_bytree": -0.38580911452299294, "log10_eta": -2.992367836793124, "log10_lambda": 0.6383046020685521, "log10_min_child_weight": 4.976206129395188, "log10_subsample": -0.17402292744706183, "max_depth": 2.0, "num_boost_round": 7.0}, "datetime": {"datetime": "2024-01-19 01:59:40", "elapsed": 6481.169634, "delta": 0.006337}}
{"target": -13.758528018007501, "params": {"gamma": 936.8333318322493, "log10_alpha": -4.221119375942169, "log10_colsample_bytree": -0.38580911452299294, "log10_eta": -2.992367836793124, "log10_lambda": 0.6383046020685521, "log10_min_child_weight": 4.976206129395188, "log10_subsample": -0.17402292744706183, "max_depth": 2.0, "num_boost_round": 8.0}, "datetime": {"datetime": "2024-01-19 01:59:40", "elapsed": 6481.17606, "delta": 0.006426}}
{"target": -13.75852127896337, "params": {"gamma": 936.8333318322493, "log10_alpha": -4.221119375942169, "log10_colsample_bytree": -0.38580911452299294, "log10_eta": -2.992367836793124, "log10_lambda": 0.6383046020685521, "log10_min_child_weight": 4.976206129395188, "log10_subsample": -0.17402292744706183, "max_depth": 2.0, "num_boost_round": 9.0}, "datetime": {"datetime": "2024-01-19 01:59:40", "elapsed": 6481.18256, "delta": 0.0065}}
{"target": -13.75852116036878, "params": {"gamma": 936.8333318322493, "log10_alpha": -4.221119375942169, "log10_colsample_bytree": -0.38580911452299294, "log10_eta": -2.992367836793124, "log10_lambda": 0.6383046020685521, "log10_min_child_weight": 4.976206129395188, "log10_subsample": -0.17402292744706183, "max_depth": 2.0, "num_boost_round": 10.0}, "datetime": {"datetime": "2024-01-19 01:59:40", "elapsed": 6481.188901, "delta": 0.006341}}
{"target": -13.758514158609191, "params": {"gamma": 936.8333318322493, "log10_alpha": -4.221119375942169, "log10_colsample_bytree": -0.38580911452299294, "log10_eta": -2.992367836793124, "log10_lambda": 0.6383046020685521, "log10_min_child_weight": 4.976206129395188, "log10_subsample": -0.17402292744706183, "max_depth": 2.0, "num_boost_round": 11.0}, "datetime": {"datetime": "2024-01-19 01:59:40", "elapsed": 6481.195281, "delta": 0.00638}}
{"target": -13.758513972095173, "params": {"gamma": 936.8333318322493, "log10_alpha": -4.221119375942169, "log10_colsample_bytree": -0.38580911452299294, "log10_eta": -2.992367836793124, "log10_lambda": 0.6383046020685521, "log10_min_child_weight": 4.976206129395188, "log10_subsample": -0.17402292744706183, "max_depth": 2.0, "num_boost_round": 12.0}, "datetime": {"datetime": "2024-01-19 01:59:40", "elapsed": 6481.20172, "delta": 0.006439}}
{"target": -13.75851351531774, "params": {"gamma": 936.8333318322493, "log10_alpha": -4.221119375942169, "log10_colsample_bytree": -0.38580911452299294, "log10_eta": -2.992367836793124, "log10_lambda": 0.6383046020685521, "log10_min_child_weight": 4.976206129395188, "log10_subsample": -0.17402292744706183, "max_depth": 2.0, "num_boost_round": 13.0}, "datetime": {"datetime": "2024-01-19 01:59:40", "elapsed": 6481.208129, "delta": 0.006409}}
{"target": -13.758513487330529, "params": {"gamma": 936.8333318322493, "log10_alpha": -4.221119375942169, "log10_colsample_bytree": -0.38580911452299294, "log10_eta": -2.992367836793124, "log10_lambda": 0.6383046020685521, "log10_min_child_weight": 4.976206129395188, "log10_subsample": -0.17402292744706183, "max_depth": 2.0, "num_boost_round": 14.0}, "datetime": {"datetime": "2024-01-19 01:59:40", "elapsed": 6481.214516, "delta": 0.006387}}
{"target": -13.758505070571761, "params": {"gamma": 936.8333318322493, "log10_alpha": -4.221119375942169, "log10_colsample_bytree": -0.38580911452299294, "log10_eta": -2.992367836793124, "log10_lambda": 0.6383046020685521, "log10_min_child_weight": 4.976206129395188, "log10_subsample": -0.17402292744706183, "max_depth": 2.0, "num_boost_round": 15.0}, "datetime": {"datetime": "2024-01-19 01:59:40", "elapsed": 6481.220894, "delta": 0.006378}}
{"target": -13.758502431648665, "params": {"gamma": 936.8333318322493, "log10_alpha": -4.221119375942169, "log10_colsample_bytree": -0.38580911452299294, "log10_eta": -2.992367836793124, "log10_lambda": 0.6383046020685521, "log10_min_child_weight": 4.976206129395188, "log10_subsample": -0.17402292744706183, "max_depth": 2.0, "num_boost_round": 16.0}, "datetime": {"datetime": "2024-01-19 01:59:40", "elapsed": 6481.227288, "delta": 0.006394}}
{"target": -13.758502172134166, "params": {"gamma": 936.8333318322493, "log10_alpha": -4.221119375942169, "log10_colsample_bytree": -0.38580911452299294, "log10_eta": -2.992367836793124, "log10_lambda": 0.6383046020685521, "log10_min_child_weight": 4.976206129395188, "log10_subsample": -0.17402292744706183, "max_depth": 2.0, "num_boost_round": 17.0}, "datetime": {"datetime": "2024-01-19 01:59:40", "elapsed": 6481.233677, "delta": 0.006389}}
{"target": -13.75849887077958, "params": {"gamma": 936.8333318322493, "log10_alpha": -4.221119375942169, "log10_colsample_bytree": -0.38580911452299294, "log10_eta": -2.992367836793124, "log10_lambda": 0.6383046020685521, "log10_min_child_weight": 4.976206129395188, "log10_subsample": -0.17402292744706183, "max_depth": 2.0, "num_boost_round": 18.0}, "datetime": {"datetime": "2024-01-19 01:59:40", "elapsed": 6481.341073, "delta": 0.107396}}
{"target": -13.758489793903598, "params": {"gamma": 936.8333318322493, "log10_alpha": -4.221119375942169, "log10_colsample_bytree": -0.38580911452299294, "log10_eta": -2.992367836793124, "log10_lambda": 0.6383046020685521, "log10_min_child_weight": 4.976206129395188, "log10_subsample": -0.17402292744706183, "max_depth": 2.0, "num_boost_round": 19.0}, "datetime": {"datetime": "2024-01-19 01:59:40", "elapsed": 6481.348374, "delta": 0.007301}}
{"target": -13.758486796282778, "params": {"gamma": 936.8333318322493, "log10_alpha": -4.221119375942169, "log10_colsample_bytree": -0.38580911452299294, "log10_eta": -2.992367836793124, "log10_lambda": 0.6383046020685521, "log10_min_child_weight": 4.976206129395188, "log10_subsample": -0.17402292744706183, "max_depth": 2.0, "num_boost_round": 20.0}, "datetime": {"datetime": "2024-01-19 01:59:40", "elapsed": 6481.354973, "delta": 0.006599}}
{"target": -13.758483132886791, "params": {"gamma": 936.8333318322493, "log10_alpha": -4.221119375942169, "log10_colsample_bytree": -0.38580911452299294, "log10_eta": -2.992367836793124, "log10_lambda": 0.6383046020685521, "log10_min_child_weight": 4.976206129395188, "log10_subsample": -0.17402292744706183, "max_depth": 2.0, "num_boost_round": 21.0}, "datetime": {"datetime": "2024-01-19 01:59:40", "elapsed": 6481.361532, "delta": 0.006559}}
{"target": -13.758476287442667, "params": {"gamma": 936.8333318322493, "log10_alpha": -4.221119375942169, "log10_colsample_bytree": -0.38580911452299294, "log10_eta": -2.992367836793124, "log10_lambda": 0.6383046020685521, "log10_min_child_weight": 4.976206129395188, "log10_subsample": -0.17402292744706183, "max_depth": 2.0, "num_boost_round": 22.0}, "datetime": {"datetime": "2024-01-19 01:59:40", "elapsed": 6481.36864, "delta": 0.007108}}
{"target": -13.758473109591689, "params": {"gamma": 936.8333318322493, "log10_alpha": -4.221119375942169, "log10_colsample_bytree": -0.38580911452299294, "log10_eta": -2.992367836793124, "log10_lambda": 0.6383046020685521, "log10_min_child_weight": 4.976206129395188, "log10_subsample": -0.17402292744706183, "max_depth": 2.0, "num_boost_round": 23.0}, "datetime": {"datetime": "2024-01-19 01:59:40", "elapsed": 6481.376088, "delta": 0.007448}}
{"target": -13.75847280824214, "params": {"gamma": 936.8333318322493, "log10_alpha": -4.221119375942169, "log10_colsample_bytree": -0.38580911452299294, "log10_eta": -2.992367836793124, "log10_lambda": 0.6383046020685521, "log10_min_child_weight": 4.976206129395188, "log10_subsample": -0.17402292744706183, "max_depth": 2.0, "num_boost_round": 24.0}, "datetime": {"datetime": "2024-01-19 01:59:40", "elapsed": 6481.383012, "delta": 0.006924}}
