{"target": -17.67717687651037, "params": {"gamma": 409.76411371646293, "log10_alpha": 0.97274263169016, "log10_colsample_bytree": -0.8350143372290726, "log10_eta": -3.984550305695991, "log10_lambda": -1.1249040909980392, "log10_min_child_weight": 3.48097252413693, "log10_subsample": -0.6222624944239119, "max_depth": 9.0, "num_boost_round": 25.0}, "datetime": {"datetime": "2024-01-19 01:15:23", "elapsed": 3815.787843, "delta": 0.004472}}
{"target": -17.677176559618864, "params": {"gamma": 409.76411371646293, "log10_alpha": 0.97274263169016, "log10_colsample_bytree": -0.8350143372290726, "log10_eta": -3.984550305695991, "log10_lambda": -1.1249040909980392, "log10_min_child_weight": 3.48097252413693, "log10_subsample": -0.6222624944239119, "max_depth": 9.0, "num_boost_round": 26.0}, "datetime": {"datetime": "2024-01-19 01:15:23", "elapsed": 3815.792396, "delta": 0.004553}}
{"target": -17.677176066568013, "params": {"gamma": 409.76411371646293, "log10_alpha": 0.97274263169016, "log10_colsample_bytree": -0.8350143372290726, "log10_eta": -3.984550305695991, "log10_lambda": -1.1249040909980392, "log10_min_child_weight": 3.48097252413693, "log10_subsample": -0.6222624944239119, "max_depth": 9.0, "num_boost_round": 27.0}, "datetime": {"datetime": "2024-01-19 01:15:23", "elapsed": 3815.796998, "delta": 0.004602}}
{"target": -17.677174769501303, "params": {"gamma": 409.76411371646293, "log10_alpha": 0.97274263169016, "log10_colsample_bytree": -0.8350143372290726, "log10_eta": -3.984550305695991, "log10_lambda": -1.1249040909980392, "log10_min_child_weight": 3.48097252413693, "log10_subsample": -0.6222624944239119, "max_depth": 9.0, "num_boost_round": 28.0}, "datetime": {"datetime": "2024-01-19 01:15:23", "elapsed": 3815.80141, "delta": 0.004412}}
{"target": -17.677168621886917, "params": {"gamma": 409.76411371646293, "log10_alpha": 0.97274263169016, "log10_colsample_bytree": -0.8350143372290726, "log10_eta": -3.984550305695991, "log10_lambda": -1.1249040909980392, "log10_min_child_weight": 3.48097252413693, "log10_subsample": -0.6222624944239119, "max_depth": 9.0, "num_boost_round": 29.0}, "datetime": {"datetime": "2024-01-19 01:15:23", "elapsed": 3815.805977, "delta": 0.004567}}
{"target": -17.677221495776042, "params": {"gamma": 417.0571423162012, "log10_alpha": -4.236708461275186, "log10_colsample_bytree": -0.18163470091624356, "log10_eta": -2.6267060917104215, "log10_lambda": -0.9635367442241058, "log10_min_child_weight": 4.741294560428546, "log10_subsample": -0.5285602859137539, "max_depth": 9.0, "num_boost_round": 0.0}, "datetime": {"datetime": "2024-01-19 01:16:50", "elapsed": 3903.19294, "delta": 87.386963}}
{"target": -17.677213256131413, "params": {"gamma": 417.0571423162012, "log10_alpha": -4.236708461275186, "log10_colsample_bytree": -0.18163470091624356, "log10_eta": -2.6267060917104215, "log10_lambda": -0.9635367442241058, "log10_min_child_weight": 4.741294560428546, "log10_subsample": -0.5285602859137539, "max_depth": 9.0, "num_boost_round": 1.0}, "datetime": {"datetime": "2024-01-19 01:16:50", "elapsed": 3903.19789, "delta": 0.00495}}
{"target": -17.677201754804116, "params": {"gamma": 417.0571423162012, "log10_alpha": -4.236708461275186, "log10_colsample_bytree": -0.18163470091624356, "log10_eta": -2.6267060917104215, "log10_lambda": -0.9635367442241058, "log10_min_child_weight": 4.741294560428546, "log10_subsample": -0.5285602859137539, "max_depth": 9.0, "num_boost_round": 2.0}, "datetime": {"datetime": "2024-01-19 01:16:50", "elapsed": 3903.202321, "delta": 0.004431}}
{"target": -17.67719362479055, "params": {"gamma": 417.0571423162012, "log10_alpha": -4.236708461275186, "log10_colsample_bytree": -0.18163470091624356, "log10_eta": -2.6267060917104215, "log10_lambda": -0.9635367442241058, "log10_min_child_weight": 4.741294560428546, "log10_subsample": -0.5285602859137539, "max_depth": 9.0, "num_boost_round": 3.0}, "datetime": {"datetime": "2024-01-19 01:16:50", "elapsed": 3903.206599, "delta": 0.004278}}
{"target": -17.677190349286434, "params": {"gamma": 417.0571423162012, "log10_alpha": -4.236708461275186, "log10_colsample_bytree": -0.18163470091624356, "log10_eta": -2.6267060917104215, "log10_lambda": -0.9635367442241058, "log10_min_child_weight": 4.741294560428546, "log10_subsample": -0.5285602859137539, "max_depth": 9.0, "num_boost_round": 4.0}, "datetime": {"datetime": "2024-01-19 01:16:50", "elapsed": 3903.210745, "delta": 0.004146}}
{"target": -17.677181324883655, "params": {"gamma": 417.0571423162012, "log10_alpha": -4.236708461275186, "log10_colsample_bytree": -0.18163470091624356, "log10_eta": -2.6267060917104215, "log10_lambda": -0.9635367442241058, "log10_min_child_weight": 4.741294560428546, "log10_subsample": -0.5285602859137539, "max_depth": 9.0, "num_boost_round": 5.0}, "datetime": {"datetime": "2024-01-19 01:16:50", "elapsed": 3903.21478, "delta": 0.004035}}
{"target": -17.677152520647173, "params": {"gamma": 417.0571423162012, "log10_alpha": -4.236708461275186, "log10_colsample_bytree": -0.18163470091624356, "log10_eta": -2.6267060917104215, "log10_lambda": -0.9635367442241058, "log10_min_child_weight": 4.741294560428546, "log10_subsample": -0.5285602859137539, "max_depth": 9.0, "num_boost_round": 6.0}, "datetime": {"datetime": "2024-01-19 01:16:50", "elapsed": 3903.218945, "delta": 0.004165}}
{"target": -17.677141874315147, "params": {"gamma": 417.0571423162012, "log10_alpha": -4.236708461275186, "log10_colsample_bytree": -0.18163470091624356, "log10_eta": -2.6267060917104215, "log10_lambda": -0.9635367442241058, "log10_min_child_weight": 4.741294560428546, "log10_subsample": -0.5285602859137539, "max_depth": 9.0, "num_boost_round": 7.0}, "datetime": {"datetime": "2024-01-19 01:16:50", "elapsed": 3903.223088, "delta": 0.004143}}
{"target": -17.67712445279362, "params": {"gamma": 417.0571423162012, "log10_alpha": -4.236708461275186, "log10_colsample_bytree": -0.18163470091624356, "log10_eta": -2.6267060917104215, "log10_lambda": -0.9635367442241058, "log10_min_child_weight": 4.741294560428546, "log10_subsample": -0.5285602859137539, "max_depth": 9.0, "num_boost_round": 8.0}, "datetime": {"datetime": "2024-01-19 01:16:50", "elapsed": 3903.227329, "delta": 0.004241}}
{"target": -17.677095587766296, "params": {"gamma": 417.0571423162012, "log10_alpha": -4.236708461275186, "log10_colsample_bytree": -0.18163470091624356, "log10_eta": -2.6267060917104215, "log10_lambda": -0.9635367442241058, "log10_min_child_weight": 4.741294560428546, "log10_subsample": -0.5285602859137539, "max_depth": 9.0, "num_boost_round": 9.0}, "datetime": {"datetime": "2024-01-19 01:16:50", "elapsed": 3903.231781, "delta": 0.004452}}
{"target": -17.67707960304598, "params": {"gamma": 417.0571423162012, "log10_alpha": -4.236708461275186, "log10_colsample_bytree": -0.18163470091624356, "log10_eta": -2.6267060917104215, "log10_lambda": -0.9635367442241058, "log10_min_child_weight": 4.741294560428546, "log10_subsample": -0.5285602859137539, "max_depth": 9.0, "num_boost_round": 10.0}, "datetime": {"datetime": "2024-01-19 01:16:50", "elapsed": 3903.236073, "delta": 0.004292}}
{"target": -17.67705833026019, "params": {"gamma": 417.0571423162012, "log10_alpha": -4.236708461275186, "log10_colsample_bytree": -0.18163470091624356, "log10_eta": -2.6267060917104215, "log10_lambda": -0.9635367442241058, "log10_min_child_weight": 4.741294560428546, "log10_subsample": -0.5285602859137539, "max_depth": 9.0, "num_boost_round": 11.0}, "datetime": {"datetime": "2024-01-19 01:16:50", "elapsed": 3903.240297, "delta": 0.004224}}
{"target": -17.67722186412624, "params": {"gamma": 418.8492908125602, "log10_alpha": -1.2191300215233034, "log10_colsample_bytree": -0.499564458097858, "log10_eta": -3.4314963639032245, "log10_lambda": -2.7063395702831223, "log10_min_child_weight": 2.9503050855740143, "log10_subsample": -0.37833046822840266, "max_depth": 2.0, "num_boost_round": 0.0}, "datetime": {"datetime": "2024-01-19 01:17:30", "elapsed": 3942.745572, "delta": 39.505275}}
{"target": -17.67721299146952, "params": {"gamma": 418.8492908125602, "log10_alpha": -1.2191300215233034, "log10_colsample_bytree": -0.499564458097858, "log10_eta": -3.4314963639032245, "log10_lambda": -2.7063395702831223, "log10_min_child_weight": 2.9503050855740143, "log10_subsample": -0.37833046822840266, "max_depth": 2.0, "num_boost_round": 1.0}, "datetime": {"datetime": "2024-01-19 01:17:30", "elapsed": 3942.751894, "delta": 0.006322}}
{"target": -17.677199874716962, "params": {"gamma": 418.8492908125602, "log10_alpha": -1.2191300215233034, "log10_colsample_bytree": -0.499564458097858, "log10_eta": -3.4314963639032245, "log10_lambda": -2.7063395702831223, "log10_min_child_weight": 2.9503050855740143, "log10_subsample": -0.37833046822840266, "max_depth": 2.0, "num_boost_round": 2.0}, "datetime": {"datetime": "2024-01-19 01:17:30", "elapsed": 3942.757023, "delta": 0.005129}}
{"target": -17.677194910883614, "params": {"gamma": 418.8492908125602, "log10_alpha": -1.2191300215233034, "log10_colsample_bytree": -0.499564458097858, "log10_eta": -3.4314963639032245, "log10_lambda": -2.7063395702831223, "log10_min_child_weight": 2.9503050855740143, "log10_subsample": -0.37833046822840266, "max_depth": 2.0, "num_boost_round": 3.0}, "datetime": {"datetime": "2024-01-19 01:17:30", "elapsed": 3942.762009, "delta": 0.004986}}
{"target": -17.677190013725923, "params": {"gamma": 418.8492908125602, "log10_alpha": -1.2191300215233034, "log10_colsample_bytree": -0.499564458097858, "log10_eta": -3.4314963639032245, "log10_lambda": -2.7063395702831223, "log10_min_child_weight": 2.9503050855740143, "log10_subsample": -0.37833046822840266, "max_depth": 2.0, "num_boost_round": 4.0}, "datetime": {"datetime": "2024-01-19 01:17:30", "elapsed": 3942.767019, "delta": 0.00501}}
{"target": -17.677185248900216, "params": {"gamma": 418.8492908125602, "log10_alpha": -1.2191300215233034, "log10_colsample_bytree": -0.499564458097858, "log10_eta": -3.4314963639032245, "log10_lambda": -2.7063395702831223, "log10_min_child_weight": 2.9503050855740143, "log10_subsample": -0.37833046822840266, "max_depth": 2.0, "num_boost_round": 5.0}, "datetime": {"datetime": "2024-01-19 01:17:30", "elapsed": 3942.771847, "delta": 0.004828}}
{"target": -17.677175861830673, "params": {"gamma": 418.8492908125602, "log10_alpha": -1.2191300215233034, "log10_colsample_bytree": -0.499564458097858, "log10_eta": -3.4314963639032245, "log10_lambda": -2.7063395702831223, "log10_min_child_weight": 2.9503050855740143, "log10_subsample": -0.37833046822840266, "max_depth": 2.0, "num_boost_round": 6.0}, "datetime": {"datetime": "2024-01-19 01:17:30", "elapsed": 3942.776674, "delta": 0.004827}}
{"target": -17.677171437477124, "params": {"gamma": 418.8492908125602, "log10_alpha": -1.2191300215233034, "log10_colsample_bytree": -0.499564458097858, "log10_eta": -3.4314963639032245, "log10_lambda": -2.7063395702831223, "log10_min_child_weight": 2.9503050855740143, "log10_subsample": -0.37833046822840266, "max_depth": 2.0, "num_boost_round": 7.0}, "datetime": {"datetime": "2024-01-19 01:17:30", "elapsed": 3942.781509, "delta": 0.004835}}
{"target": -17.677162705394203, "params": {"gamma": 418.8492908125602, "log10_alpha": -1.2191300215233034, "log10_colsample_bytree": -0.499564458097858, "log10_eta": -3.4314963639032245, "log10_lambda": -2.7063395702831223, "log10_min_child_weight": 2.9503050855740143, "log10_subsample": -0.37833046822840266, "max_depth": 2.0, "num_boost_round": 8.0}, "datetime": {"datetime": "2024-01-19 01:17:30", "elapsed": 3942.786461, "delta": 0.004952}}
{"target": -17.677150740027038, "params": {"gamma": 418.8492908125602, "log10_alpha": -1.2191300215233034, "log10_colsample_bytree": -0.499564458097858, "log10_eta": -3.4314963639032245, "log10_lambda": -2.7063395702831223, "log10_min_child_weight": 2.9503050855740143, "log10_subsample": -0.37833046822840266, "max_depth": 2.0, "num_boost_round": 9.0}, "datetime": {"datetime": "2024-01-19 01:17:30", "elapsed": 3942.791318, "delta": 0.004857}}
{"target": -17.677224783978478, "params": {"gamma": 412.5709784771421, "log10_alpha": -2.120081666312009, "log10_colsample_bytree": -0.9476659219550368, "log10_eta": -3.7716511545677203, "log10_lambda": 0.9402343631668177, "log10_min_child_weight": 2.991220933410278, "log10_subsample": -0.6910856805146713, "max_depth": 5.0, "num_boost_round": 0.0}, "datetime": {"datetime": "2024-01-19 01:18:23", "elapsed": 3996.555781, "delta": 53.764463}}
{"target": -17.677220153370623, "params": {"gamma": 412.5709784771421, "log10_alpha": -2.120081666312009, "log10_colsample_bytree": -0.9476659219550368, "log10_eta": -3.7716511545677203, "log10_lambda": 0.9402343631668177, "log10_min_child_weight": 2.991220933410278, "log10_subsample": -0.6910856805146713, "max_depth": 5.0, "num_boost_round": 1.0}, "datetime": {"datetime": "2024-01-19 01:18:23", "elapsed": 3996.560937, "delta": 0.005156}}
{"target": -17.67721444905467, "params": {"gamma": 412.5709784771421, "log10_alpha": -2.120081666312009, "log10_colsample_bytree": -0.9476659219550368, "log10_eta": -3.7716511545677203, "log10_lambda": 0.9402343631668177, "log10_min_child_weight": 2.991220933410278, "log10_subsample": -0.6910856805146713, "max_depth": 5.0, "num_boost_round": 2.0}, "datetime": {"datetime": "2024-01-19 01:18:23", "elapsed": 3996.56587, "delta": 0.004933}}
{"target": -17.677208403818824, "params": {"gamma": 412.5709784771421, "log10_alpha": -2.120081666312009, "log10_colsample_bytree": -0.9476659219550368, "log10_eta": -3.7716511545677203, "log10_lambda": 0.9402343631668177, "log10_min_child_weight": 2.991220933410278, "log10_subsample": -0.6910856805146713, "max_depth": 5.0, "num_boost_round": 3.0}, "datetime": {"datetime": "2024-01-19 01:18:23", "elapsed": 3996.570687, "delta": 0.004817}}
{"target": -17.67720533433791, "params": {"gamma": 412.5709784771421, "log10_alpha": -2.120081666312009, "log10_colsample_bytree": -0.9476659219550368, "log10_eta": -3.7716511545677203, "log10_lambda": 0.9402343631668177, "log10_min_child_weight": 2.991220933410278, "log10_subsample": -0.6910856805146713, "max_depth": 5.0, "num_boost_round": 4.0}, "datetime": {"datetime": "2024-01-19 01:18:23", "elapsed": 3996.575466, "delta": 0.004779}}
{"target": -17.677202188501095, "params": {"gamma": 412.5709784771421, "log10_alpha": -2.120081666312009, "log10_colsample_bytree": -0.9476659219550368, "log10_eta": -3.7716511545677203, "log10_lambda": 0.9402343631668177, "log10_min_child_weight": 2.991220933410278, "log10_subsample": -0.6910856805146713, "max_depth": 5.0, "num_boost_round": 5.0}, "datetime": {"datetime": "2024-01-19 01:18:23", "elapsed": 3996.580238, "delta": 0.004772}}
{"target": -17.677202975832312, "params": {"gamma": 412.5709784771421, "log10_alpha": -2.120081666312009, "log10_colsample_bytree": -0.9476659219550368, "log10_eta": -3.7716511545677203, "log10_lambda": 0.9402343631668177, "log10_min_child_weight": 2.991220933410278, "log10_subsample": -0.6910856805146713, "max_depth": 5.0, "num_boost_round": 6.0}, "datetime": {"datetime": "2024-01-19 01:18:23", "elapsed": 3996.584969, "delta": 0.004731}}
{"target": -17.6771990574551, "params": {"gamma": 412.5709784771421, "log10_alpha": -2.120081666312009, "log10_colsample_bytree": -0.9476659219550368, "log10_eta": -3.7716511545677203, "log10_lambda": 0.9402343631668177, "log10_min_child_weight": 2.991220933410278, "log10_subsample": -0.6910856805146713, "max_depth": 5.0, "num_boost_round": 7.0}, "datetime": {"datetime": "2024-01-19 01:18:23", "elapsed": 3996.589724, "delta": 0.004755}}
{"target": -17.677197672552534, "params": {"gamma": 412.5709784771421, "log10_alpha": -2.120081666312009, "log10_colsample_bytree": -0.9476659219550368, "log10_eta": -3.7716511545677203, "log10_lambda": 0.9402343631668177, "log10_min_child_weight": 2.991220933410278, "log10_subsample": -0.6910856805146713, "max_depth": 5.0, "num_boost_round": 8.0}, "datetime": {"datetime": "2024-01-19 01:18:23", "elapsed": 3996.594569, "delta": 0.004845}}
{"target": -17.677193894772866, "params": {"gamma": 412.5709784771421, "log10_alpha": -2.120081666312009, "log10_colsample_bytree": -0.9476659219550368, "log10_eta": -3.7716511545677203, "log10_lambda": 0.9402343631668177, "log10_min_child_weight": 2.991220933410278, "log10_subsample": -0.6910856805146713, "max_depth": 5.0, "num_boost_round": 9.0}, "datetime": {"datetime": "2024-01-19 01:18:23", "elapsed": 3996.599193, "delta": 0.004624}}
{"target": -17.67718628565192, "params": {"gamma": 412.5709784771421, "log10_alpha": -2.120081666312009, "log10_colsample_bytree": -0.9476659219550368, "log10_eta": -3.7716511545677203, "log10_lambda": 0.9402343631668177, "log10_min_child_weight": 2.991220933410278, "log10_subsample": -0.6910856805146713, "max_depth": 5.0, "num_boost_round": 10.0}, "datetime": {"datetime": "2024-01-19 01:18:23", "elapsed": 3996.603937, "delta": 0.004744}}
{"target": -17.677180756500363, "params": {"gamma": 412.5709784771421, "log10_alpha": -2.120081666312009, "log10_colsample_bytree": -0.9476659219550368, "log10_eta": -3.7716511545677203, "log10_lambda": 0.9402343631668177, "log10_min_child_weight": 2.991220933410278, "log10_subsample": -0.6910856805146713, "max_depth": 5.0, "num_boost_round": 11.0}, "datetime": {"datetime": "2024-01-19 01:18:23", "elapsed": 3996.608672, "delta": 0.004735}}
{"target": -17.677175280030095, "params": {"gamma": 412.5709784771421, "log10_alpha": -2.120081666312009, "log10_colsample_bytree": -0.9476659219550368, "log10_eta": -3.7716511545677203, "log10_lambda": 0.9402343631668177, "log10_min_child_weight": 2.991220933410278, "log10_subsample": -0.6910856805146713, "max_depth": 5.0, "num_boost_round": 12.0}, "datetime": {"datetime": "2024-01-19 01:18:23", "elapsed": 3996.614469, "delta": 0.005797}}
{"target": -17.67717178812176, "params": {"gamma": 412.5709784771421, "log10_alpha": -2.120081666312009, "log10_colsample_bytree": -0.9476659219550368, "log10_eta": -3.7716511545677203, "log10_lambda": 0.9402343631668177, "log10_min_child_weight": 2.991220933410278, "log10_subsample": -0.6910856805146713, "max_depth": 5.0, "num_boost_round": 13.0}, "datetime": {"datetime": "2024-01-19 01:18:23", "elapsed": 3996.62011, "delta": 0.005641}}
{"target": -17.67717122927948, "params": {"gamma": 412.5709784771421, "log10_alpha": -2.120081666312009, "log10_colsample_bytree": -0.9476659219550368, "log10_eta": -3.7716511545677203, "log10_lambda": 0.9402343631668177, "log10_min_child_weight": 2.991220933410278, "log10_subsample": -0.6910856805146713, "max_depth": 5.0, "num_boost_round": 14.0}, "datetime": {"datetime": "2024-01-19 01:18:23", "elapsed": 3996.62564, "delta": 0.00553}}
{"target": -17.677164428946774, "params": {"gamma": 412.5709784771421, "log10_alpha": -2.120081666312009, "log10_colsample_bytree": -0.9476659219550368, "log10_eta": -3.7716511545677203, "log10_lambda": 0.9402343631668177, "log10_min_child_weight": 2.991220933410278, "log10_subsample": -0.6910856805146713, "max_depth": 5.0, "num_boost_round": 15.0}, "datetime": {"datetime": "2024-01-19 01:18:23", "elapsed": 3996.630802, "delta": 0.005162}}
{"target": -17.67715982531178, "params": {"gamma": 412.5709784771421, "log10_alpha": -2.120081666312009, "log10_colsample_bytree": -0.9476659219550368, "log10_eta": -3.7716511545677203, "log10_lambda": 0.9402343631668177, "log10_min_child_weight": 2.991220933410278, "log10_subsample": -0.6910856805146713, "max_depth": 5.0, "num_boost_round": 16.0}, "datetime": {"datetime": "2024-01-19 01:18:23", "elapsed": 3996.635372, "delta": 0.00457}}
{"target": -17.677153987988028, "params": {"gamma": 412.5709784771421, "log10_alpha": -2.120081666312009, "log10_colsample_bytree": -0.9476659219550368, "log10_eta": -3.7716511545677203, "log10_lambda": 0.9402343631668177, "log10_min_child_weight": 2.991220933410278, "log10_subsample": -0.6910856805146713, "max_depth": 5.0, "num_boost_round": 17.0}, "datetime": {"datetime": "2024-01-19 01:18:23", "elapsed": 3996.639755, "delta": 0.004383}}
{"target": -17.677148092933987, "params": {"gamma": 412.5709784771421, "log10_alpha": -2.120081666312009, "log10_colsample_bytree": -0.9476659219550368, "log10_eta": -3.7716511545677203, "log10_lambda": 0.9402343631668177, "log10_min_child_weight": 2.991220933410278, "log10_subsample": -0.6910856805146713, "max_depth": 5.0, "num_boost_round": 18.0}, "datetime": {"datetime": "2024-01-19 01:18:23", "elapsed": 3996.644076, "delta": 0.004321}}
{"target": -17.677141622812805, "params": {"gamma": 412.5709784771421, "log10_alpha": -2.120081666312009, "log10_colsample_bytree": -0.9476659219550368, "log10_eta": -3.7716511545677203, "log10_lambda": 0.9402343631668177, "log10_min_child_weight": 2.991220933410278, "log10_subsample": -0.6910856805146713, "max_depth": 5.0, "num_boost_round": 19.0}, "datetime": {"datetime": "2024-01-19 01:18:23", "elapsed": 3996.648338, "delta": 0.004262}}
{"target": -17.677137848006648, "params": {"gamma": 412.5709784771421, "log10_alpha": -2.120081666312009, "log10_colsample_bytree": -0.9476659219550368, "log10_eta": -3.7716511545677203, "log10_lambda": 0.9402343631668177, "log10_min_child_weight": 2.991220933410278, "log10_subsample": -0.6910856805146713, "max_depth": 5.0, "num_boost_round": 20.0}, "datetime": {"datetime": "2024-01-19 01:18:24", "elapsed": 3996.652808, "delta": 0.00447}}
{"target": -17.677127763116697, "params": {"gamma": 412.5709784771421, "log10_alpha": -2.120081666312009, "log10_colsample_bytree": -0.9476659219550368, "log10_eta": -3.7716511545677203, "log10_lambda": 0.9402343631668177, "log10_min_child_weight": 2.991220933410278, "log10_subsample": -0.6910856805146713, "max_depth": 5.0, "num_boost_round": 21.0}, "datetime": {"datetime": "2024-01-19 01:18:24", "elapsed": 3996.657089, "delta": 0.004281}}
