{"target": -13.758544911860776, "params": {"gamma": 552.1703527667355, "log10_alpha": -0.43681887869507463, "log10_colsample_bytree": -0.18502637013328804, "log10_eta": -3.287049326821608, "log10_lambda": 0.7535371523111358, "log10_min_child_weight": 4.162399931066232, "log10_subsample": -0.2766494111461062, "max_depth": 9.0, "num_boost_round": 3.0}, "datetime": {"datetime": "2024-01-19 00:50:26", "elapsed": 2358.332824, "delta": 0.002698}}
{"target": -13.758550885456952, "params": {"gamma": 552.1703527667355, "log10_alpha": -0.43681887869507463, "log10_colsample_bytree": -0.18502637013328804, "log10_eta": -3.287049326821608, "log10_lambda": 0.7535371523111358, "log10_min_child_weight": 4.162399931066232, "log10_subsample": -0.2766494111461062, "max_depth": 9.0, "num_boost_round": 4.0}, "datetime": {"datetime": "2024-01-19 00:50:26", "elapsed": 2358.335475, "delta": 0.002651}}
{"target": -13.758553302373636, "params": {"gamma": 552.1703527667355, "log10_alpha": -0.43681887869507463, "log10_colsample_bytree": -0.18502637013328804, "log10_eta": -3.287049326821608, "log10_lambda": 0.7535371523111358, "log10_min_child_weight": 4.162399931066232, "log10_subsample": -0.2766494111461062, "max_depth": 9.0, "num_boost_round": 5.0}, "datetime": {"datetime": "2024-01-19 00:50:26", "elapsed": 2358.338218, "delta": 0.002743}}
{"target": -13.758556368416212, "params": {"gamma": 552.1703527667355, "log10_alpha": -0.43681887869507463, "log10_colsample_bytree": -0.18502637013328804, "log10_eta": -3.287049326821608, "log10_lambda": 0.7535371523111358, "log10_min_child_weight": 4.162399931066232, "log10_subsample": -0.2766494111461062, "max_depth": 9.0, "num_boost_round": 6.0}, "datetime": {"datetime": "2024-01-19 00:50:26", "elapsed": 2358.341438, "delta": 0.00322}}
{"target": -13.758557989092893, "params": {"gamma": 552.1703527667355, "log10_alpha": -0.43681887869507463, "log10_colsample_bytree": -0.18502637013328804, "log10_eta": -3.287049326821608, "log10_lambda": 0.7535371523111358, "log10_min_child_weight": 4.162399931066232, "log10_subsample": -0.2766494111461062, "max_depth": 9.0, "num_boost_round": 7.0}, "datetime": {"datetime": "2024-01-19 00:50:26", "elapsed": 2358.344903, "delta": 0.003465}}
{"target": -13.758562016479503, "params": {"gamma": 552.1703527667355, "log10_alpha": -0.43681887869507463, "log10_colsample_bytree": -0.18502637013328804, "log10_eta": -3.287049326821608, "log10_lambda": 0.7535371523111358, "log10_min_child_weight": 4.162399931066232, "log10_subsample": -0.2766494111461062, "max_depth": 9.0, "num_boost_round": 8.0}, "datetime": {"datetime": "2024-01-19 00:50:26", "elapsed": 2358.347974, "delta": 0.003071}}
{"target": -13.758556844530526, "params": {"gamma": 552.1703527667355, "log10_alpha": -0.43681887869507463, "log10_colsample_bytree": -0.18502637013328804, "log10_eta": -3.287049326821608, "log10_lambda": 0.7535371523111358, "log10_min_child_weight": 4.162399931066232, "log10_subsample": -0.2766494111461062, "max_depth": 9.0, "num_boost_round": 9.0}, "datetime": {"datetime": "2024-01-19 00:50:26", "elapsed": 2358.350792, "delta": 0.002818}}
{"target": -13.758553985878628, "params": {"gamma": 552.1703527667355, "log10_alpha": -0.43681887869507463, "log10_colsample_bytree": -0.18502637013328804, "log10_eta": -3.287049326821608, "log10_lambda": 0.7535371523111358, "log10_min_child_weight": 4.162399931066232, "log10_subsample": -0.2766494111461062, "max_depth": 9.0, "num_boost_round": 10.0}, "datetime": {"datetime": "2024-01-19 00:50:26", "elapsed": 2358.353517, "delta": 0.002725}}
{"target": -13.758551680300084, "params": {"gamma": 552.1703527667355, "log10_alpha": -0.43681887869507463, "log10_colsample_bytree": -0.18502637013328804, "log10_eta": -3.287049326821608, "log10_lambda": 0.7535371523111358, "log10_min_child_weight": 4.162399931066232, "log10_subsample": -0.2766494111461062, "max_depth": 9.0, "num_boost_round": 11.0}, "datetime": {"datetime": "2024-01-19 00:50:26", "elapsed": 2358.356416, "delta": 0.002899}}
{"target": -13.758550095082404, "params": {"gamma": 552.1703527667355, "log10_alpha": -0.43681887869507463, "log10_colsample_bytree": -0.18502637013328804, "log10_eta": -3.287049326821608, "log10_lambda": 0.7535371523111358, "log10_min_child_weight": 4.162399931066232, "log10_subsample": -0.2766494111461062, "max_depth": 9.0, "num_boost_round": 12.0}, "datetime": {"datetime": "2024-01-19 00:50:26", "elapsed": 2358.35916, "delta": 0.002744}}
{"target": -13.758551969566778, "params": {"gamma": 552.1703527667355, "log10_alpha": -0.43681887869507463, "log10_colsample_bytree": -0.18502637013328804, "log10_eta": -3.287049326821608, "log10_lambda": 0.7535371523111358, "log10_min_child_weight": 4.162399931066232, "log10_subsample": -0.2766494111461062, "max_depth": 9.0, "num_boost_round": 13.0}, "datetime": {"datetime": "2024-01-19 00:50:26", "elapsed": 2358.361845, "delta": 0.002685}}
{"target": -13.758552126343465, "params": {"gamma": 552.1703527667355, "log10_alpha": -0.43681887869507463, "log10_colsample_bytree": -0.18502637013328804, "log10_eta": -3.287049326821608, "log10_lambda": 0.7535371523111358, "log10_min_child_weight": 4.162399931066232, "log10_subsample": -0.2766494111461062, "max_depth": 9.0, "num_boost_round": 14.0}, "datetime": {"datetime": "2024-01-19 00:50:26", "elapsed": 2358.364471, "delta": 0.002626}}
{"target": -13.758549663457837, "params": {"gamma": 552.1703527667355, "log10_alpha": -0.43681887869507463, "log10_colsample_bytree": -0.18502637013328804, "log10_eta": -3.287049326821608, "log10_lambda": 0.7535371523111358, "log10_min_child_weight": 4.162399931066232, "log10_subsample": -0.2766494111461062, "max_depth": 9.0, "num_boost_round": 15.0}, "datetime": {"datetime": "2024-01-19 00:50:26", "elapsed": 2358.367085, "delta": 0.002614}}
{"target": -13.758540935944557, "params": {"gamma": 552.1703527667355, "log10_alpha": -0.43681887869507463, "log10_colsample_bytree": -0.18502637013328804, "log10_eta": -3.287049326821608, "log10_lambda": 0.7535371523111358, "log10_min_child_weight": 4.162399931066232, "log10_subsample": -0.2766494111461062, "max_depth": 9.0, "num_boost_round": 16.0}, "datetime": {"datetime": "2024-01-19 00:50:26", "elapsed": 2358.369691, "delta": 0.002606}}
{"target": -13.758537859263221, "params": {"gamma": 552.1703527667355, "log10_alpha": -0.43681887869507463, "log10_colsample_bytree": -0.18502637013328804, "log10_eta": -3.287049326821608, "log10_lambda": 0.7535371523111358, "log10_min_child_weight": 4.162399931066232, "log10_subsample": -0.2766494111461062, "max_depth": 9.0, "num_boost_round": 17.0}, "datetime": {"datetime": "2024-01-19 00:50:26", "elapsed": 2358.372331, "delta": 0.00264}}
{"target": -13.75853951551669, "params": {"gamma": 552.1703527667355, "log10_alpha": -0.43681887869507463, "log10_colsample_bytree": -0.18502637013328804, "log10_eta": -3.287049326821608, "log10_lambda": 0.7535371523111358, "log10_min_child_weight": 4.162399931066232, "log10_subsample": -0.2766494111461062, "max_depth": 9.0, "num_boost_round": 18.0}, "datetime": {"datetime": "2024-01-19 00:50:26", "elapsed": 2358.375065, "delta": 0.002734}}
{"target": -13.758533934995409, "params": {"gamma": 552.1703527667355, "log10_alpha": -0.43681887869507463, "log10_colsample_bytree": -0.18502637013328804, "log10_eta": -3.287049326821608, "log10_lambda": 0.7535371523111358, "log10_min_child_weight": 4.162399931066232, "log10_subsample": -0.2766494111461062, "max_depth": 9.0, "num_boost_round": 19.0}, "datetime": {"datetime": "2024-01-19 00:50:26", "elapsed": 2358.377709, "delta": 0.002644}}
{"target": -13.758530044583752, "params": {"gamma": 552.1703527667355, "log10_alpha": -0.43681887869507463, "log10_colsample_bytree": -0.18502637013328804, "log10_eta": -3.287049326821608, "log10_lambda": 0.7535371523111358, "log10_min_child_weight": 4.162399931066232, "log10_subsample": -0.2766494111461062, "max_depth": 9.0, "num_boost_round": 20.0}, "datetime": {"datetime": "2024-01-19 00:50:26", "elapsed": 2358.380392, "delta": 0.002683}}
{"target": -13.758535269583868, "params": {"gamma": 552.1703527667355, "log10_alpha": -0.43681887869507463, "log10_colsample_bytree": -0.18502637013328804, "log10_eta": -3.287049326821608, "log10_lambda": 0.7535371523111358, "log10_min_child_weight": 4.162399931066232, "log10_subsample": -0.2766494111461062, "max_depth": 9.0, "num_boost_round": 21.0}, "datetime": {"datetime": "2024-01-19 00:50:26", "elapsed": 2358.383046, "delta": 0.002654}}
{"target": -13.75853287610644, "params": {"gamma": 552.1703527667355, "log10_alpha": -0.43681887869507463, "log10_colsample_bytree": -0.18502637013328804, "log10_eta": -3.287049326821608, "log10_lambda": 0.7535371523111358, "log10_min_child_weight": 4.162399931066232, "log10_subsample": -0.2766494111461062, "max_depth": 9.0, "num_boost_round": 22.0}, "datetime": {"datetime": "2024-01-19 00:50:26", "elapsed": 2358.385701, "delta": 0.002655}}
{"target": -13.758529550992291, "params": {"gamma": 552.1703527667355, "log10_alpha": -0.43681887869507463, "log10_colsample_bytree": -0.18502637013328804, "log10_eta": -3.287049326821608, "log10_lambda": 0.7535371523111358, "log10_min_child_weight": 4.162399931066232, "log10_subsample": -0.2766494111461062, "max_depth": 9.0, "num_boost_round": 23.0}, "datetime": {"datetime": "2024-01-19 00:50:26", "elapsed": 2358.388433, "delta": 0.002732}}
{"target": -13.758533214965201, "params": {"gamma": 552.1703527667355, "log10_alpha": -0.43681887869507463, "log10_colsample_bytree": -0.18502637013328804, "log10_eta": -3.287049326821608, "log10_lambda": 0.7535371523111358, "log10_min_child_weight": 4.162399931066232, "log10_subsample": -0.2766494111461062, "max_depth": 9.0, "num_boost_round": 24.0}, "datetime": {"datetime": "2024-01-19 00:50:26", "elapsed": 2358.391093, "delta": 0.00266}}
{"target": -13.758530311376346, "params": {"gamma": 552.1703527667355, "log10_alpha": -0.43681887869507463, "log10_colsample_bytree": -0.18502637013328804, "log10_eta": -3.287049326821608, "log10_lambda": 0.7535371523111358, "log10_min_child_weight": 4.162399931066232, "log10_subsample": -0.2766494111461062, "max_depth": 9.0, "num_boost_round": 25.0}, "datetime": {"datetime": "2024-01-19 00:50:26", "elapsed": 2358.39376, "delta": 0.002667}}
{"target": -13.758533421413086, "params": {"gamma": 552.1703527667355, "log10_alpha": -0.43681887869507463, "log10_colsample_bytree": -0.18502637013328804, "log10_eta": -3.287049326821608, "log10_lambda": 0.7535371523111358, "log10_min_child_weight": 4.162399931066232, "log10_subsample": -0.2766494111461062, "max_depth": 9.0, "num_boost_round": 26.0}, "datetime": {"datetime": "2024-01-19 00:50:26", "elapsed": 2358.396429, "delta": 0.002669}}
{"target": -13.758527702514199, "params": {"gamma": 552.1703527667355, "log10_alpha": -0.43681887869507463, "log10_colsample_bytree": -0.18502637013328804, "log10_eta": -3.287049326821608, "log10_lambda": 0.7535371523111358, "log10_min_child_weight": 4.162399931066232, "log10_subsample": -0.2766494111461062, "max_depth": 9.0, "num_boost_round": 27.0}, "datetime": {"datetime": "2024-01-19 00:50:26", "elapsed": 2358.399088, "delta": 0.002659}}
{"target": -13.758529621780129, "params": {"gamma": 552.1703527667355, "log10_alpha": -0.43681887869507463, "log10_colsample_bytree": -0.18502637013328804, "log10_eta": -3.287049326821608, "log10_lambda": 0.7535371523111358, "log10_min_child_weight": 4.162399931066232, "log10_subsample": -0.2766494111461062, "max_depth": 9.0, "num_boost_round": 28.0}, "datetime": {"datetime": "2024-01-19 00:50:26", "elapsed": 2358.401736, "delta": 0.002648}}
{"target": -13.75846241862209, "params": {"gamma": 534.4802604453478, "log10_alpha": -2.0036091489668144, "log10_colsample_bytree": -0.9427308633603829, "log10_eta": -2.661889306028991, "log10_lambda": -0.9435683496744565, "log10_min_child_weight": 2.257322656723475, "log10_subsample": -0.494797136399018, "max_depth": 5.0, "num_boost_round": 0.0}, "datetime": {"datetime": "2024-01-19 00:51:01", "elapsed": 2393.197796, "delta": 34.79606}}
{"target": -13.758430515746277, "params": {"gamma": 534.4802604453478, "log10_alpha": -2.0036091489668144, "log10_colsample_bytree": -0.9427308633603829, "log10_eta": -2.661889306028991, "log10_lambda": -0.9435683496744565, "log10_min_child_weight": 2.257322656723475, "log10_subsample": -0.494797136399018, "max_depth": 5.0, "num_boost_round": 1.0}, "datetime": {"datetime": "2024-01-19 00:51:01", "elapsed": 2393.200944, "delta": 0.003148}}
{"target": -13.758396767623715, "params": {"gamma": 534.4802604453478, "log10_alpha": -2.0036091489668144, "log10_colsample_bytree": -0.9427308633603829, "log10_eta": -2.661889306028991, "log10_lambda": -0.9435683496744565, "log10_min_child_weight": 2.257322656723475, "log10_subsample": -0.494797136399018, "max_depth": 5.0, "num_boost_round": 2.0}, "datetime": {"datetime": "2024-01-19 00:51:01", "elapsed": 2393.203695, "delta": 0.002751}}
{"target": -13.758372063110764, "params": {"gamma": 534.4802604453478, "log10_alpha": -2.0036091489668144, "log10_colsample_bytree": -0.9427308633603829, "log10_eta": -2.661889306028991, "log10_lambda": -0.9435683496744565, "log10_min_child_weight": 2.257322656723475, "log10_subsample": -0.494797136399018, "max_depth": 5.0, "num_boost_round": 3.0}, "datetime": {"datetime": "2024-01-19 00:51:01", "elapsed": 2393.206542, "delta": 0.002847}}
{"target": -13.75834955949031, "params": {"gamma": 534.4802604453478, "log10_alpha": -2.0036091489668144, "log10_colsample_bytree": -0.9427308633603829, "log10_eta": -2.661889306028991, "log10_lambda": -0.9435683496744565, "log10_min_child_weight": 2.257322656723475, "log10_subsample": -0.494797136399018, "max_depth": 5.0, "num_boost_round": 4.0}, "datetime": {"datetime": "2024-01-19 00:51:01", "elapsed": 2393.209205, "delta": 0.002663}}
{"target": -13.758320647984423, "params": {"gamma": 534.4802604453478, "log10_alpha": -2.0036091489668144, "log10_colsample_bytree": -0.9427308633603829, "log10_eta": -2.661889306028991, "log10_lambda": -0.9435683496744565, "log10_min_child_weight": 2.257322656723475, "log10_subsample": -0.494797136399018, "max_depth": 5.0, "num_boost_round": 5.0}, "datetime": {"datetime": "2024-01-19 00:51:01", "elapsed": 2393.211965, "delta": 0.00276}}
{"target": -13.75835957916193, "params": {"gamma": 534.4802604453478, "log10_alpha": -2.0036091489668144, "log10_colsample_bytree": -0.9427308633603829, "log10_eta": -2.661889306028991, "log10_lambda": -0.9435683496744565, "log10_min_child_weight": 2.257322656723475, "log10_subsample": -0.494797136399018, "max_depth": 5.0, "num_boost_round": 6.0}, "datetime": {"datetime": "2024-01-19 00:51:01", "elapsed": 2393.214653, "delta": 0.002688}}
{"target": -13.758335126049817, "params": {"gamma": 534.4802604453478, "log10_alpha": -2.0036091489668144, "log10_colsample_bytree": -0.9427308633603829, "log10_eta": -2.661889306028991, "log10_lambda": -0.9435683496744565, "log10_min_child_weight": 2.257322656723475, "log10_subsample": -0.494797136399018, "max_depth": 5.0, "num_boost_round": 7.0}, "datetime": {"datetime": "2024-01-19 00:51:01", "elapsed": 2393.217335, "delta": 0.002682}}
{"target": -13.758328139631162, "params": {"gamma": 534.4802604453478, "log10_alpha": -2.0036091489668144, "log10_colsample_bytree": -0.9427308633603829, "log10_eta": -2.661889306028991, "log10_lambda": -0.9435683496744565, "log10_min_child_weight": 2.257322656723475, "log10_subsample": -0.494797136399018, "max_depth": 5.0, "num_boost_round": 8.0}, "datetime": {"datetime": "2024-01-19 00:51:01", "elapsed": 2393.220036, "delta": 0.002701}}
{"target": -13.758273873585754, "params": {"gamma": 534.4802604453478, "log10_alpha": -2.0036091489668144, "log10_colsample_bytree": -0.9427308633603829, "log10_eta": -2.661889306028991, "log10_lambda": -0.9435683496744565, "log10_min_child_weight": 2.257322656723475, "log10_subsample": -0.494797136399018, "max_depth": 5.0, "num_boost_round": 9.0}, "datetime": {"datetime": "2024-01-19 00:51:01", "elapsed": 2393.222761, "delta": 0.002725}}
{"target": -13.758287184021897, "params": {"gamma": 534.4802604453478, "log10_alpha": -2.0036091489668144, "log10_colsample_bytree": -0.9427308633603829, "log10_eta": -2.661889306028991, "log10_lambda": -0.9435683496744565, "log10_min_child_weight": 2.257322656723475, "log10_subsample": -0.494797136399018, "max_depth": 5.0, "num_boost_round": 10.0}, "datetime": {"datetime": "2024-01-19 00:51:01", "elapsed": 2393.225434, "delta": 0.002673}}
{"target": -13.758235560857619, "params": {"gamma": 534.4802604453478, "log10_alpha": -2.0036091489668144, "log10_colsample_bytree": -0.9427308633603829, "log10_eta": -2.661889306028991, "log10_lambda": -0.9435683496744565, "log10_min_child_weight": 2.257322656723475, "log10_subsample": -0.494797136399018, "max_depth": 5.0, "num_boost_round": 11.0}, "datetime": {"datetime": "2024-01-19 00:51:01", "elapsed": 2393.228234, "delta": 0.0028}}
{"target": -13.75817106491839, "params": {"gamma": 534.4802604453478, "log10_alpha": -2.0036091489668144, "log10_colsample_bytree": -0.9427308633603829, "log10_eta": -2.661889306028991, "log10_lambda": -0.9435683496744565, "log10_min_child_weight": 2.257322656723475, "log10_subsample": -0.494797136399018, "max_depth": 5.0, "num_boost_round": 12.0}, "datetime": {"datetime": "2024-01-19 00:51:01", "elapsed": 2393.230935, "delta": 0.002701}}
{"target": -13.758116911008763, "params": {"gamma": 534.4802604453478, "log10_alpha": -2.0036091489668144, "log10_colsample_bytree": -0.9427308633603829, "log10_eta": -2.661889306028991, "log10_lambda": -0.9435683496744565, "log10_min_child_weight": 2.257322656723475, "log10_subsample": -0.494797136399018, "max_depth": 5.0, "num_boost_round": 13.0}, "datetime": {"datetime": "2024-01-19 00:51:01", "elapsed": 2393.233616, "delta": 0.002681}}
{"target": -13.75812404612306, "params": {"gamma": 534.4802604453478, "log10_alpha": -2.0036091489668144, "log10_colsample_bytree": -0.9427308633603829, "log10_eta": -2.661889306028991, "log10_lambda": -0.9435683496744565, "log10_min_child_weight": 2.257322656723475, "log10_subsample": -0.494797136399018, "max_depth": 5.0, "num_boost_round": 14.0}, "datetime": {"datetime": "2024-01-19 00:51:01", "elapsed": 2393.236308, "delta": 0.002692}}
{"target": -13.758102199070903, "params": {"gamma": 534.4802604453478, "log10_alpha": -2.0036091489668144, "log10_colsample_bytree": -0.9427308633603829, "log10_eta": -2.661889306028991, "log10_lambda": -0.9435683496744565, "log10_min_child_weight": 2.257322656723475, "log10_subsample": -0.494797136399018, "max_depth": 5.0, "num_boost_round": 15.0}, "datetime": {"datetime": "2024-01-19 00:51:01", "elapsed": 2393.238979, "delta": 0.002671}}
{"target": -13.758085614461995, "params": {"gamma": 534.4802604453478, "log10_alpha": -2.0036091489668144, "log10_colsample_bytree": -0.9427308633603829, "log10_eta": -2.661889306028991, "log10_lambda": -0.9435683496744565, "log10_min_child_weight": 2.257322656723475, "log10_subsample": -0.494797136399018, "max_depth": 5.0, "num_boost_round": 16.0}, "datetime": {"datetime": "2024-01-19 00:51:01", "elapsed": 2393.241646, "delta": 0.002667}}
{"target": -13.75804827585377, "params": {"gamma": 534.4802604453478, "log10_alpha": -2.0036091489668144, "log10_colsample_bytree": -0.9427308633603829, "log10_eta": -2.661889306028991, "log10_lambda": -0.9435683496744565, "log10_min_child_weight": 2.257322656723475, "log10_subsample": -0.494797136399018, "max_depth": 5.0, "num_boost_round": 17.0}, "datetime": {"datetime": "2024-01-19 00:51:01", "elapsed": 2393.244402, "delta": 0.002756}}
{"target": -13.758015984329981, "params": {"gamma": 534.4802604453478, "log10_alpha": -2.0036091489668144, "log10_colsample_bytree": -0.9427308633603829, "log10_eta": -2.661889306028991, "log10_lambda": -0.9435683496744565, "log10_min_child_weight": 2.257322656723475, "log10_subsample": -0.494797136399018, "max_depth": 5.0, "num_boost_round": 18.0}, "datetime": {"datetime": "2024-01-19 00:51:01", "elapsed": 2393.247254, "delta": 0.002852}}
{"target": -13.75795179820455, "params": {"gamma": 534.4802604453478, "log10_alpha": -2.0036091489668144, "log10_colsample_bytree": -0.9427308633603829, "log10_eta": -2.661889306028991, "log10_lambda": -0.9435683496744565, "log10_min_child_weight": 2.257322656723475, "log10_subsample": -0.494797136399018, "max_depth": 5.0, "num_boost_round": 19.0}, "datetime": {"datetime": "2024-01-19 00:51:01", "elapsed": 2393.250087, "delta": 0.002833}}
{"target": -13.757867757324163, "params": {"gamma": 534.4802604453478, "log10_alpha": -2.0036091489668144, "log10_colsample_bytree": -0.9427308633603829, "log10_eta": -2.661889306028991, "log10_lambda": -0.9435683496744565, "log10_min_child_weight": 2.257322656723475, "log10_subsample": -0.494797136399018, "max_depth": 5.0, "num_boost_round": 20.0}, "datetime": {"datetime": "2024-01-19 00:51:01", "elapsed": 2393.25292, "delta": 0.002833}}
{"target": -13.757797018744172, "params": {"gamma": 534.4802604453478, "log10_alpha": -2.0036091489668144, "log10_colsample_bytree": -0.9427308633603829, "log10_eta": -2.661889306028991, "log10_lambda": -0.9435683496744565, "log10_min_child_weight": 2.257322656723475, "log10_subsample": -0.494797136399018, "max_depth": 5.0, "num_boost_round": 21.0}, "datetime": {"datetime": "2024-01-19 00:51:01", "elapsed": 2393.255677, "delta": 0.002757}}
{"target": -13.757744066478843, "params": {"gamma": 534.4802604453478, "log10_alpha": -2.0036091489668144, "log10_colsample_bytree": -0.9427308633603829, "log10_eta": -2.661889306028991, "log10_lambda": -0.9435683496744565, "log10_min_child_weight": 2.257322656723475, "log10_subsample": -0.494797136399018, "max_depth": 5.0, "num_boost_round": 22.0}, "datetime": {"datetime": "2024-01-19 00:51:01", "elapsed": 2393.258403, "delta": 0.002726}}
