{"target": -13.766097318095078, "params": {"gamma": 561.7958567555561, "log10_alpha": -0.7219637338973168, "log10_colsample_bytree": -0.009209770722638178, "log10_eta": -2.279653951904905, "log10_lambda": -4.844671034146391, "log10_min_child_weight": 2.0815091265504817, "log10_subsample": -0.06908280232615871, "max_depth": 8.0, "num_boost_round": 25.0}, "datetime": {"datetime": "2024-01-19 00:40:43", "elapsed": 1775.064314, "delta": 0.002127}}
{"target": -13.766678742554225, "params": {"gamma": 561.7958567555561, "log10_alpha": -0.7219637338973168, "log10_colsample_bytree": -0.009209770722638178, "log10_eta": -2.279653951904905, "log10_lambda": -4.844671034146391, "log10_min_child_weight": 2.0815091265504817, "log10_subsample": -0.06908280232615871, "max_depth": 8.0, "num_boost_round": 26.0}, "datetime": {"datetime": "2024-01-19 00:40:43", "elapsed": 1775.066493, "delta": 0.002179}}
{"target": -13.767018677133992, "params": {"gamma": 561.7958567555561, "log10_alpha": -0.7219637338973168, "log10_colsample_bytree": -0.009209770722638178, "log10_eta": -2.279653951904905, "log10_lambda": -4.844671034146391, "log10_min_child_weight": 2.0815091265504817, "log10_subsample": -0.06908280232615871, "max_depth": 8.0, "num_boost_round": 27.0}, "datetime": {"datetime": "2024-01-19 00:40:43", "elapsed": 1775.068573, "delta": 0.00208}}
{"target": -13.76760307739016, "params": {"gamma": 561.7958567555561, "log10_alpha": -0.7219637338973168, "log10_colsample_bytree": -0.009209770722638178, "log10_eta": -2.279653951904905, "log10_lambda": -4.844671034146391, "log10_min_child_weight": 2.0815091265504817, "log10_subsample": -0.06908280232615871, "max_depth": 8.0, "num_boost_round": 28.0}, "datetime": {"datetime": "2024-01-19 00:40:43", "elapsed": 1775.070625, "delta": 0.002052}}
{"target": -13.76836929878688, "params": {"gamma": 561.7958567555561, "log10_alpha": -0.7219637338973168, "log10_colsample_bytree": -0.009209770722638178, "log10_eta": -2.279653951904905, "log10_lambda": -4.844671034146391, "log10_min_child_weight": 2.0815091265504817, "log10_subsample": -0.06908280232615871, "max_depth": 8.0, "num_boost_round": 29.0}, "datetime": {"datetime": "2024-01-19 00:40:43", "elapsed": 1775.072701, "delta": 0.002076}}
{"target": -13.768874245535615, "params": {"gamma": 561.7958567555561, "log10_alpha": -0.7219637338973168, "log10_colsample_bytree": -0.009209770722638178, "log10_eta": -2.279653951904905, "log10_lambda": -4.844671034146391, "log10_min_child_weight": 2.0815091265504817, "log10_subsample": -0.06908280232615871, "max_depth": 8.0, "num_boost_round": 30.0}, "datetime": {"datetime": "2024-01-19 00:40:43", "elapsed": 1775.074765, "delta": 0.002064}}
{"target": -13.769295936301422, "params": {"gamma": 561.7958567555561, "log10_alpha": -0.7219637338973168, "log10_colsample_bytree": -0.009209770722638178, "log10_eta": -2.279653951904905, "log10_lambda": -4.844671034146391, "log10_min_child_weight": 2.0815091265504817, "log10_subsample": -0.06908280232615871, "max_depth": 8.0, "num_boost_round": 31.0}, "datetime": {"datetime": "2024-01-19 00:40:43", "elapsed": 1775.07689, "delta": 0.002125}}
{"target": -13.769624830016712, "params": {"gamma": 561.7958567555561, "log10_alpha": -0.7219637338973168, "log10_colsample_bytree": -0.009209770722638178, "log10_eta": -2.279653951904905, "log10_lambda": -4.844671034146391, "log10_min_child_weight": 2.0815091265504817, "log10_subsample": -0.06908280232615871, "max_depth": 8.0, "num_boost_round": 32.0}, "datetime": {"datetime": "2024-01-19 00:40:43", "elapsed": 1775.078943, "delta": 0.002053}}
{"target": -13.77042227012724, "params": {"gamma": 561.7958567555561, "log10_alpha": -0.7219637338973168, "log10_colsample_bytree": -0.009209770722638178, "log10_eta": -2.279653951904905, "log10_lambda": -4.844671034146391, "log10_min_child_weight": 2.0815091265504817, "log10_subsample": -0.06908280232615871, "max_depth": 8.0, "num_boost_round": 33.0}, "datetime": {"datetime": "2024-01-19 00:40:43", "elapsed": 1775.081011, "delta": 0.002068}}
{"target": -13.771190748267909, "params": {"gamma": 561.7958567555561, "log10_alpha": -0.7219637338973168, "log10_colsample_bytree": -0.009209770722638178, "log10_eta": -2.279653951904905, "log10_lambda": -4.844671034146391, "log10_min_child_weight": 2.0815091265504817, "log10_subsample": -0.06908280232615871, "max_depth": 8.0, "num_boost_round": 34.0}, "datetime": {"datetime": "2024-01-19 00:40:43", "elapsed": 1775.083157, "delta": 0.002146}}
{"target": -13.771825998476894, "params": {"gamma": 561.7958567555561, "log10_alpha": -0.7219637338973168, "log10_colsample_bytree": -0.009209770722638178, "log10_eta": -2.279653951904905, "log10_lambda": -4.844671034146391, "log10_min_child_weight": 2.0815091265504817, "log10_subsample": -0.06908280232615871, "max_depth": 8.0, "num_boost_round": 35.0}, "datetime": {"datetime": "2024-01-19 00:40:43", "elapsed": 1775.085464, "delta": 0.002307}}
{"target": -13.772304288250513, "params": {"gamma": 561.7958567555561, "log10_alpha": -0.7219637338973168, "log10_colsample_bytree": -0.009209770722638178, "log10_eta": -2.279653951904905, "log10_lambda": -4.844671034146391, "log10_min_child_weight": 2.0815091265504817, "log10_subsample": -0.06908280232615871, "max_depth": 8.0, "num_boost_round": 36.0}, "datetime": {"datetime": "2024-01-19 00:40:43", "elapsed": 1775.087655, "delta": 0.002191}}
{"target": -13.77278803740034, "params": {"gamma": 561.7958567555561, "log10_alpha": -0.7219637338973168, "log10_colsample_bytree": -0.009209770722638178, "log10_eta": -2.279653951904905, "log10_lambda": -4.844671034146391, "log10_min_child_weight": 2.0815091265504817, "log10_subsample": -0.06908280232615871, "max_depth": 8.0, "num_boost_round": 37.0}, "datetime": {"datetime": "2024-01-19 00:40:43", "elapsed": 1775.089801, "delta": 0.002146}}
{"target": -13.77365606436238, "params": {"gamma": 561.7958567555561, "log10_alpha": -0.7219637338973168, "log10_colsample_bytree": -0.009209770722638178, "log10_eta": -2.279653951904905, "log10_lambda": -4.844671034146391, "log10_min_child_weight": 2.0815091265504817, "log10_subsample": -0.06908280232615871, "max_depth": 8.0, "num_boost_round": 38.0}, "datetime": {"datetime": "2024-01-19 00:40:43", "elapsed": 1775.091897, "delta": 0.002096}}
{"target": -13.75849448134214, "params": {"gamma": 555.1696869635356, "log10_alpha": 0.8548370194946298, "log10_colsample_bytree": -0.9851976245067581, "log10_eta": -2.7163889966170403, "log10_lambda": -2.829753432938791, "log10_min_child_weight": 1.570944998714419, "log10_subsample": -0.1426158436911784, "max_depth": 4.0, "num_boost_round": 0.0}, "datetime": {"datetime": "2024-01-19 00:41:16", "elapsed": 1808.091783, "delta": 32.999886}}
{"target": -13.758534345733601, "params": {"gamma": 555.1696869635356, "log10_alpha": 0.8548370194946298, "log10_colsample_bytree": -0.9851976245067581, "log10_eta": -2.7163889966170403, "log10_lambda": -2.829753432938791, "log10_min_child_weight": 1.570944998714419, "log10_subsample": -0.1426158436911784, "max_depth": 4.0, "num_boost_round": 1.0}, "datetime": {"datetime": "2024-01-19 00:41:16", "elapsed": 1808.094095, "delta": 0.002312}}
{"target": -13.758513918757135, "params": {"gamma": 555.1696869635356, "log10_alpha": 0.8548370194946298, "log10_colsample_bytree": -0.9851976245067581, "log10_eta": -2.7163889966170403, "log10_lambda": -2.829753432938791, "log10_min_child_weight": 1.570944998714419, "log10_subsample": -0.1426158436911784, "max_depth": 4.0, "num_boost_round": 2.0}, "datetime": {"datetime": "2024-01-19 00:41:16", "elapsed": 1808.096533, "delta": 0.002438}}
{"target": -13.75850080323712, "params": {"gamma": 555.1696869635356, "log10_alpha": 0.8548370194946298, "log10_colsample_bytree": -0.9851976245067581, "log10_eta": -2.7163889966170403, "log10_lambda": -2.829753432938791, "log10_min_child_weight": 1.570944998714419, "log10_subsample": -0.1426158436911784, "max_depth": 4.0, "num_boost_round": 3.0}, "datetime": {"datetime": "2024-01-19 00:41:16", "elapsed": 1808.098589, "delta": 0.002056}}
{"target": -13.758454830986302, "params": {"gamma": 555.1696869635356, "log10_alpha": 0.8548370194946298, "log10_colsample_bytree": -0.9851976245067581, "log10_eta": -2.7163889966170403, "log10_lambda": -2.829753432938791, "log10_min_child_weight": 1.570944998714419, "log10_subsample": -0.1426158436911784, "max_depth": 4.0, "num_boost_round": 4.0}, "datetime": {"datetime": "2024-01-19 00:41:16", "elapsed": 1808.100692, "delta": 0.002103}}
{"target": -13.75841433543758, "params": {"gamma": 555.1696869635356, "log10_alpha": 0.8548370194946298, "log10_colsample_bytree": -0.9851976245067581, "log10_eta": -2.7163889966170403, "log10_lambda": -2.829753432938791, "log10_min_child_weight": 1.570944998714419, "log10_subsample": -0.1426158436911784, "max_depth": 4.0, "num_boost_round": 5.0}, "datetime": {"datetime": "2024-01-19 00:41:16", "elapsed": 1808.102796, "delta": 0.002104}}
{"target": -13.758414324539725, "params": {"gamma": 555.1696869635356, "log10_alpha": 0.8548370194946298, "log10_colsample_bytree": -0.9851976245067581, "log10_eta": -2.7163889966170403, "log10_lambda": -2.829753432938791, "log10_min_child_weight": 1.570944998714419, "log10_subsample": -0.1426158436911784, "max_depth": 4.0, "num_boost_round": 6.0}, "datetime": {"datetime": "2024-01-19 00:41:16", "elapsed": 1808.104843, "delta": 0.002047}}
{"target": -13.758403813853393, "params": {"gamma": 555.1696869635356, "log10_alpha": 0.8548370194946298, "log10_colsample_bytree": -0.9851976245067581, "log10_eta": -2.7163889966170403, "log10_lambda": -2.829753432938791, "log10_min_child_weight": 1.570944998714419, "log10_subsample": -0.1426158436911784, "max_depth": 4.0, "num_boost_round": 7.0}, "datetime": {"datetime": "2024-01-19 00:41:16", "elapsed": 1808.107052, "delta": 0.002209}}
{"target": -13.758380759984597, "params": {"gamma": 555.1696869635356, "log10_alpha": 0.8548370194946298, "log10_colsample_bytree": -0.9851976245067581, "log10_eta": -2.7163889966170403, "log10_lambda": -2.829753432938791, "log10_min_child_weight": 1.570944998714419, "log10_subsample": -0.1426158436911784, "max_depth": 4.0, "num_boost_round": 8.0}, "datetime": {"datetime": "2024-01-19 00:41:16", "elapsed": 1808.109122, "delta": 0.00207}}
{"target": -13.7584040242441, "params": {"gamma": 555.1696869635356, "log10_alpha": 0.8548370194946298, "log10_colsample_bytree": -0.9851976245067581, "log10_eta": -2.7163889966170403, "log10_lambda": -2.829753432938791, "log10_min_child_weight": 1.570944998714419, "log10_subsample": -0.1426158436911784, "max_depth": 4.0, "num_boost_round": 9.0}, "datetime": {"datetime": "2024-01-19 00:41:16", "elapsed": 1808.111197, "delta": 0.002075}}
{"target": -13.758382738359916, "params": {"gamma": 555.1696869635356, "log10_alpha": 0.8548370194946298, "log10_colsample_bytree": -0.9851976245067581, "log10_eta": -2.7163889966170403, "log10_lambda": -2.829753432938791, "log10_min_child_weight": 1.570944998714419, "log10_subsample": -0.1426158436911784, "max_depth": 4.0, "num_boost_round": 10.0}, "datetime": {"datetime": "2024-01-19 00:41:16", "elapsed": 1808.113308, "delta": 0.002111}}
{"target": -13.758368142292356, "params": {"gamma": 555.1696869635356, "log10_alpha": 0.8548370194946298, "log10_colsample_bytree": -0.9851976245067581, "log10_eta": -2.7163889966170403, "log10_lambda": -2.829753432938791, "log10_min_child_weight": 1.570944998714419, "log10_subsample": -0.1426158436911784, "max_depth": 4.0, "num_boost_round": 11.0}, "datetime": {"datetime": "2024-01-19 00:41:16", "elapsed": 1808.115371, "delta": 0.002063}}
{"target": -13.7583043873774, "params": {"gamma": 555.1696869635356, "log10_alpha": 0.8548370194946298, "log10_colsample_bytree": -0.9851976245067581, "log10_eta": -2.7163889966170403, "log10_lambda": -2.829753432938791, "log10_min_child_weight": 1.570944998714419, "log10_subsample": -0.1426158436911784, "max_depth": 4.0, "num_boost_round": 12.0}, "datetime": {"datetime": "2024-01-19 00:41:16", "elapsed": 1808.117439, "delta": 0.002068}}
{"target": -13.75826823725509, "params": {"gamma": 555.1696869635356, "log10_alpha": 0.8548370194946298, "log10_colsample_bytree": -0.9851976245067581, "log10_eta": -2.7163889966170403, "log10_lambda": -2.829753432938791, "log10_min_child_weight": 1.570944998714419, "log10_subsample": -0.1426158436911784, "max_depth": 4.0, "num_boost_round": 13.0}, "datetime": {"datetime": "2024-01-19 00:41:16", "elapsed": 1808.119544, "delta": 0.002105}}
{"target": -13.758264878399546, "params": {"gamma": 555.1696869635356, "log10_alpha": 0.8548370194946298, "log10_colsample_bytree": -0.9851976245067581, "log10_eta": -2.7163889966170403, "log10_lambda": -2.829753432938791, "log10_min_child_weight": 1.570944998714419, "log10_subsample": -0.1426158436911784, "max_depth": 4.0, "num_boost_round": 14.0}, "datetime": {"datetime": "2024-01-19 00:41:16", "elapsed": 1808.121648, "delta": 0.002104}}
{"target": -13.758247120064123, "params": {"gamma": 555.1696869635356, "log10_alpha": 0.8548370194946298, "log10_colsample_bytree": -0.9851976245067581, "log10_eta": -2.7163889966170403, "log10_lambda": -2.829753432938791, "log10_min_child_weight": 1.570944998714419, "log10_subsample": -0.1426158436911784, "max_depth": 4.0, "num_boost_round": 15.0}, "datetime": {"datetime": "2024-01-19 00:41:16", "elapsed": 1808.123784, "delta": 0.002136}}
{"target": -13.758234239226306, "params": {"gamma": 555.1696869635356, "log10_alpha": 0.8548370194946298, "log10_colsample_bytree": -0.9851976245067581, "log10_eta": -2.7163889966170403, "log10_lambda": -2.829753432938791, "log10_min_child_weight": 1.570944998714419, "log10_subsample": -0.1426158436911784, "max_depth": 4.0, "num_boost_round": 16.0}, "datetime": {"datetime": "2024-01-19 00:41:16", "elapsed": 1808.125919, "delta": 0.002135}}
{"target": -13.758217905716638, "params": {"gamma": 555.1696869635356, "log10_alpha": 0.8548370194946298, "log10_colsample_bytree": -0.9851976245067581, "log10_eta": -2.7163889966170403, "log10_lambda": -2.829753432938791, "log10_min_child_weight": 1.570944998714419, "log10_subsample": -0.1426158436911784, "max_depth": 4.0, "num_boost_round": 17.0}, "datetime": {"datetime": "2024-01-19 00:41:16", "elapsed": 1808.128056, "delta": 0.002137}}
{"target": -13.758198850601818, "params": {"gamma": 555.1696869635356, "log10_alpha": 0.8548370194946298, "log10_colsample_bytree": -0.9851976245067581, "log10_eta": -2.7163889966170403, "log10_lambda": -2.829753432938791, "log10_min_child_weight": 1.570944998714419, "log10_subsample": -0.1426158436911784, "max_depth": 4.0, "num_boost_round": 18.0}, "datetime": {"datetime": "2024-01-19 00:41:16", "elapsed": 1808.130136, "delta": 0.00208}}
{"target": -13.758145634142782, "params": {"gamma": 555.1696869635356, "log10_alpha": 0.8548370194946298, "log10_colsample_bytree": -0.9851976245067581, "log10_eta": -2.7163889966170403, "log10_lambda": -2.829753432938791, "log10_min_child_weight": 1.570944998714419, "log10_subsample": -0.1426158436911784, "max_depth": 4.0, "num_boost_round": 19.0}, "datetime": {"datetime": "2024-01-19 00:41:16", "elapsed": 1808.132212, "delta": 0.002076}}
{"target": -13.758133472191156, "params": {"gamma": 555.1696869635356, "log10_alpha": 0.8548370194946298, "log10_colsample_bytree": -0.9851976245067581, "log10_eta": -2.7163889966170403, "log10_lambda": -2.829753432938791, "log10_min_child_weight": 1.570944998714419, "log10_subsample": -0.1426158436911784, "max_depth": 4.0, "num_boost_round": 20.0}, "datetime": {"datetime": "2024-01-19 00:41:16", "elapsed": 1808.13429, "delta": 0.002078}}
{"target": -13.758091188298748, "params": {"gamma": 555.1696869635356, "log10_alpha": 0.8548370194946298, "log10_colsample_bytree": -0.9851976245067581, "log10_eta": -2.7163889966170403, "log10_lambda": -2.829753432938791, "log10_min_child_weight": 1.570944998714419, "log10_subsample": -0.1426158436911784, "max_depth": 4.0, "num_boost_round": 21.0}, "datetime": {"datetime": "2024-01-19 00:41:16", "elapsed": 1808.136383, "delta": 0.002093}}
{"target": -13.758059388687641, "params": {"gamma": 555.1696869635356, "log10_alpha": 0.8548370194946298, "log10_colsample_bytree": -0.9851976245067581, "log10_eta": -2.7163889966170403, "log10_lambda": -2.829753432938791, "log10_min_child_weight": 1.570944998714419, "log10_subsample": -0.1426158436911784, "max_depth": 4.0, "num_boost_round": 22.0}, "datetime": {"datetime": "2024-01-19 00:41:16", "elapsed": 1808.138471, "delta": 0.002088}}
{"target": -13.758005096818001, "params": {"gamma": 555.1696869635356, "log10_alpha": 0.8548370194946298, "log10_colsample_bytree": -0.9851976245067581, "log10_eta": -2.7163889966170403, "log10_lambda": -2.829753432938791, "log10_min_child_weight": 1.570944998714419, "log10_subsample": -0.1426158436911784, "max_depth": 4.0, "num_boost_round": 23.0}, "datetime": {"datetime": "2024-01-19 00:41:16", "elapsed": 1808.140535, "delta": 0.002064}}
{"target": -13.758003288594361, "params": {"gamma": 555.1696869635356, "log10_alpha": 0.8548370194946298, "log10_colsample_bytree": -0.9851976245067581, "log10_eta": -2.7163889966170403, "log10_lambda": -2.829753432938791, "log10_min_child_weight": 1.570944998714419, "log10_subsample": -0.1426158436911784, "max_depth": 4.0, "num_boost_round": 24.0}, "datetime": {"datetime": "2024-01-19 00:41:16", "elapsed": 1808.142601, "delta": 0.002066}}
{"target": -13.757947531347417, "params": {"gamma": 555.1696869635356, "log10_alpha": 0.8548370194946298, "log10_colsample_bytree": -0.9851976245067581, "log10_eta": -2.7163889966170403, "log10_lambda": -2.829753432938791, "log10_min_child_weight": 1.570944998714419, "log10_subsample": -0.1426158436911784, "max_depth": 4.0, "num_boost_round": 25.0}, "datetime": {"datetime": "2024-01-19 00:41:16", "elapsed": 1808.144761, "delta": 0.00216}}
{"target": -13.757938880529567, "params": {"gamma": 555.1696869635356, "log10_alpha": 0.8548370194946298, "log10_colsample_bytree": -0.9851976245067581, "log10_eta": -2.7163889966170403, "log10_lambda": -2.829753432938791, "log10_min_child_weight": 1.570944998714419, "log10_subsample": -0.1426158436911784, "max_depth": 4.0, "num_boost_round": 26.0}, "datetime": {"datetime": "2024-01-19 00:41:16", "elapsed": 1808.147065, "delta": 0.002304}}
{"target": -13.757902387440293, "params": {"gamma": 555.1696869635356, "log10_alpha": 0.8548370194946298, "log10_colsample_bytree": -0.9851976245067581, "log10_eta": -2.7163889966170403, "log10_lambda": -2.829753432938791, "log10_min_child_weight": 1.570944998714419, "log10_subsample": -0.1426158436911784, "max_depth": 4.0, "num_boost_round": 27.0}, "datetime": {"datetime": "2024-01-19 00:41:16", "elapsed": 1808.149306, "delta": 0.002241}}
{"target": -13.75789843845163, "params": {"gamma": 555.1696869635356, "log10_alpha": 0.8548370194946298, "log10_colsample_bytree": -0.9851976245067581, "log10_eta": -2.7163889966170403, "log10_lambda": -2.829753432938791, "log10_min_child_weight": 1.570944998714419, "log10_subsample": -0.1426158436911784, "max_depth": 4.0, "num_boost_round": 28.0}, "datetime": {"datetime": "2024-01-19 00:41:16", "elapsed": 1808.151487, "delta": 0.002181}}
{"target": -13.75789179630963, "params": {"gamma": 555.1696869635356, "log10_alpha": 0.8548370194946298, "log10_colsample_bytree": -0.9851976245067581, "log10_eta": -2.7163889966170403, "log10_lambda": -2.829753432938791, "log10_min_child_weight": 1.570944998714419, "log10_subsample": -0.1426158436911784, "max_depth": 4.0, "num_boost_round": 29.0}, "datetime": {"datetime": "2024-01-19 00:41:16", "elapsed": 1808.153692, "delta": 0.002205}}
{"target": -13.757881141779938, "params": {"gamma": 555.1696869635356, "log10_alpha": 0.8548370194946298, "log10_colsample_bytree": -0.9851976245067581, "log10_eta": -2.7163889966170403, "log10_lambda": -2.829753432938791, "log10_min_child_weight": 1.570944998714419, "log10_subsample": -0.1426158436911784, "max_depth": 4.0, "num_boost_round": 30.0}, "datetime": {"datetime": "2024-01-19 00:41:16", "elapsed": 1808.155793, "delta": 0.002101}}
{"target": -13.757837019897023, "params": {"gamma": 555.1696869635356, "log10_alpha": 0.8548370194946298, "log10_colsample_bytree": -0.9851976245067581, "log10_eta": -2.7163889966170403, "log10_lambda": -2.829753432938791, "log10_min_child_weight": 1.570944998714419, "log10_subsample": -0.1426158436911784, "max_depth": 4.0, "num_boost_round": 31.0}, "datetime": {"datetime": "2024-01-19 00:41:16", "elapsed": 1808.157885, "delta": 0.002092}}
{"target": -13.757811864485104, "params": {"gamma": 555.1696869635356, "log10_alpha": 0.8548370194946298, "log10_colsample_bytree": -0.9851976245067581, "log10_eta": -2.7163889966170403, "log10_lambda": -2.829753432938791, "log10_min_child_weight": 1.570944998714419, "log10_subsample": -0.1426158436911784, "max_depth": 4.0, "num_boost_round": 32.0}, "datetime": {"datetime": "2024-01-19 00:41:16", "elapsed": 1808.159975, "delta": 0.00209}}
{"target": -13.757778072895416, "params": {"gamma": 555.1696869635356, "log10_alpha": 0.8548370194946298, "log10_colsample_bytree": -0.9851976245067581, "log10_eta": -2.7163889966170403, "log10_lambda": -2.829753432938791, "log10_min_child_weight": 1.570944998714419, "log10_subsample": -0.1426158436911784, "max_depth": 4.0, "num_boost_round": 33.0}, "datetime": {"datetime": "2024-01-19 00:41:16", "elapsed": 1808.16208, "delta": 0.002105}}
{"target": -13.757743411563734, "params": {"gamma": 555.1696869635356, "log10_alpha": 0.8548370194946298, "log10_colsample_bytree": -0.9851976245067581, "log10_eta": -2.7163889966170403, "log10_lambda": -2.829753432938791, "log10_min_child_weight": 1.570944998714419, "log10_subsample": -0.1426158436911784, "max_depth": 4.0, "num_boost_round": 34.0}, "datetime": {"datetime": "2024-01-19 00:41:16", "elapsed": 1808.164272, "delta": 0.002192}}
