{"target": -17.67698027775827, "params": {"gamma": 599.866539396133, "log10_alpha": -4.402628820536718, "log10_colsample_bytree": -0.9620416908600057, "log10_eta": -3.222929140543263, "log10_lambda": -3.4469824068901636, "log10_min_child_weight": 3.2535368280565953, "log10_subsample": -0.2809005388452156, "max_depth": 9.0, "num_boost_round": 12.0}, "datetime": {"datetime": "2024-01-19 00:56:27", "elapsed": 2684.560529, "delta": 0.002961}}
{"target": -17.67697484233942, "params": {"gamma": 599.866539396133, "log10_alpha": -4.402628820536718, "log10_colsample_bytree": -0.9620416908600057, "log10_eta": -3.222929140543263, "log10_lambda": -3.4469824068901636, "log10_min_child_weight": 3.2535368280565953, "log10_subsample": -0.2809005388452156, "max_depth": 9.0, "num_boost_round": 13.0}, "datetime": {"datetime": "2024-01-19 00:56:27", "elapsed": 2684.563481, "delta": 0.002952}}
{"target": -17.67696051627047, "params": {"gamma": 599.866539396133, "log10_alpha": -4.402628820536718, "log10_colsample_bytree": -0.9620416908600057, "log10_eta": -3.222929140543263, "log10_lambda": -3.4469824068901636, "log10_min_child_weight": 3.2535368280565953, "log10_subsample": -0.2809005388452156, "max_depth": 9.0, "num_boost_round": 14.0}, "datetime": {"datetime": "2024-01-19 00:56:27", "elapsed": 2684.566419, "delta": 0.002938}}
{"target": -17.67693302576073, "params": {"gamma": 599.866539396133, "log10_alpha": -4.402628820536718, "log10_colsample_bytree": -0.9620416908600057, "log10_eta": -3.222929140543263, "log10_lambda": -3.4469824068901636, "log10_min_child_weight": 3.2535368280565953, "log10_subsample": -0.2809005388452156, "max_depth": 9.0, "num_boost_round": 15.0}, "datetime": {"datetime": "2024-01-19 00:56:27", "elapsed": 2684.570052, "delta": 0.003633}}
{"target": -17.676920937168834, "params": {"gamma": 599.866539396133, "log10_alpha": -4.402628820536718, "log10_colsample_bytree": -0.9620416908600057, "log10_eta": -3.222929140543263, "log10_lambda": -3.4469824068901636, "log10_min_child_weight": 3.2535368280565953, "log10_subsample": -0.2809005388452156, "max_depth": 9.0, "num_boost_round": 16.0}, "datetime": {"datetime": "2024-01-19 00:56:27", "elapsed": 2684.573303, "delta": 0.003251}}
{"target": -17.676916450425345, "params": {"gamma": 599.866539396133, "log10_alpha": -4.402628820536718, "log10_colsample_bytree": -0.9620416908600057, "log10_eta": -3.222929140543263, "log10_lambda": -3.4469824068901636, "log10_min_child_weight": 3.2535368280565953, "log10_subsample": -0.2809005388452156, "max_depth": 9.0, "num_boost_round": 17.0}, "datetime": {"datetime": "2024-01-19 00:56:27", "elapsed": 2684.576244, "delta": 0.002941}}
{"target": -17.67690278024531, "params": {"gamma": 599.866539396133, "log10_alpha": -4.402628820536718, "log10_colsample_bytree": -0.9620416908600057, "log10_eta": -3.222929140543263, "log10_lambda": -3.4469824068901636, "log10_min_child_weight": 3.2535368280565953, "log10_subsample": -0.2809005388452156, "max_depth": 9.0, "num_boost_round": 18.0}, "datetime": {"datetime": "2024-01-19 00:56:27", "elapsed": 2684.579555, "delta": 0.003311}}
{"target": -17.676874777066228, "params": {"gamma": 599.866539396133, "log10_alpha": -4.402628820536718, "log10_colsample_bytree": -0.9620416908600057, "log10_eta": -3.222929140543263, "log10_lambda": -3.4469824068901636, "log10_min_child_weight": 3.2535368280565953, "log10_subsample": -0.2809005388452156, "max_depth": 9.0, "num_boost_round": 19.0}, "datetime": {"datetime": "2024-01-19 00:56:27", "elapsed": 2684.582591, "delta": 0.003036}}
{"target": -17.676869477149513, "params": {"gamma": 599.866539396133, "log10_alpha": -4.402628820536718, "log10_colsample_bytree": -0.9620416908600057, "log10_eta": -3.222929140543263, "log10_lambda": -3.4469824068901636, "log10_min_child_weight": 3.2535368280565953, "log10_subsample": -0.2809005388452156, "max_depth": 9.0, "num_boost_round": 20.0}, "datetime": {"datetime": "2024-01-19 00:56:27", "elapsed": 2684.590049, "delta": 0.007458}}
{"target": -17.676807227727675, "params": {"gamma": 599.866539396133, "log10_alpha": -4.402628820536718, "log10_colsample_bytree": -0.9620416908600057, "log10_eta": -3.222929140543263, "log10_lambda": -3.4469824068901636, "log10_min_child_weight": 3.2535368280565953, "log10_subsample": -0.2809005388452156, "max_depth": 9.0, "num_boost_round": 21.0}, "datetime": {"datetime": "2024-01-19 00:56:27", "elapsed": 2684.593023, "delta": 0.002974}}
{"target": -17.67676672518855, "params": {"gamma": 599.866539396133, "log10_alpha": -4.402628820536718, "log10_colsample_bytree": -0.9620416908600057, "log10_eta": -3.222929140543263, "log10_lambda": -3.4469824068901636, "log10_min_child_weight": 3.2535368280565953, "log10_subsample": -0.2809005388452156, "max_depth": 9.0, "num_boost_round": 22.0}, "datetime": {"datetime": "2024-01-19 00:56:27", "elapsed": 2684.595956, "delta": 0.002933}}
{"target": -17.67137037286974, "params": {"gamma": 616.7283419852951, "log10_alpha": -2.3627279391894147, "log10_colsample_bytree": -0.9334624198173488, "log10_eta": -0.5194647747142911, "log10_lambda": -1.9815563697039202, "log10_min_child_weight": 0.8001359106121886, "log10_subsample": -0.40172005885934015, "max_depth": 3.0, "num_boost_round": 0.0}, "datetime": {"datetime": "2024-01-19 00:56:59", "elapsed": 2716.672145, "delta": 32.076189}}
{"target": -17.659720378872475, "params": {"gamma": 616.7283419852951, "log10_alpha": -2.3627279391894147, "log10_colsample_bytree": -0.9334624198173488, "log10_eta": -0.5194647747142911, "log10_lambda": -1.9815563697039202, "log10_min_child_weight": 0.8001359106121886, "log10_subsample": -0.40172005885934015, "max_depth": 3.0, "num_boost_round": 1.0}, "datetime": {"datetime": "2024-01-19 00:56:59", "elapsed": 2716.67608, "delta": 0.003935}}
{"target": -17.665316696036005, "params": {"gamma": 616.7283419852951, "log10_alpha": -2.3627279391894147, "log10_colsample_bytree": -0.9334624198173488, "log10_eta": -0.5194647747142911, "log10_lambda": -1.9815563697039202, "log10_min_child_weight": 0.8001359106121886, "log10_subsample": -0.40172005885934015, "max_depth": 3.0, "num_boost_round": 2.0}, "datetime": {"datetime": "2024-01-19 00:56:59", "elapsed": 2716.679148, "delta": 0.003068}}
{"target": -17.670202751268462, "params": {"gamma": 616.7283419852951, "log10_alpha": -2.3627279391894147, "log10_colsample_bytree": -0.9334624198173488, "log10_eta": -0.5194647747142911, "log10_lambda": -1.9815563697039202, "log10_min_child_weight": 0.8001359106121886, "log10_subsample": -0.40172005885934015, "max_depth": 3.0, "num_boost_round": 3.0}, "datetime": {"datetime": "2024-01-19 00:56:59", "elapsed": 2716.682195, "delta": 0.003047}}
{"target": -17.674996067089797, "params": {"gamma": 616.7283419852951, "log10_alpha": -2.3627279391894147, "log10_colsample_bytree": -0.9334624198173488, "log10_eta": -0.5194647747142911, "log10_lambda": -1.9815563697039202, "log10_min_child_weight": 0.8001359106121886, "log10_subsample": -0.40172005885934015, "max_depth": 3.0, "num_boost_round": 4.0}, "datetime": {"datetime": "2024-01-19 00:56:59", "elapsed": 2716.685132, "delta": 0.002937}}
{"target": -17.680451106168668, "params": {"gamma": 616.7283419852951, "log10_alpha": -2.3627279391894147, "log10_colsample_bytree": -0.9334624198173488, "log10_eta": -0.5194647747142911, "log10_lambda": -1.9815563697039202, "log10_min_child_weight": 0.8001359106121886, "log10_subsample": -0.40172005885934015, "max_depth": 3.0, "num_boost_round": 5.0}, "datetime": {"datetime": "2024-01-19 00:56:59", "elapsed": 2716.688039, "delta": 0.002907}}
{"target": -17.69180605778853, "params": {"gamma": 616.7283419852951, "log10_alpha": -2.3627279391894147, "log10_colsample_bytree": -0.9334624198173488, "log10_eta": -0.5194647747142911, "log10_lambda": -1.9815563697039202, "log10_min_child_weight": 0.8001359106121886, "log10_subsample": -0.40172005885934015, "max_depth": 3.0, "num_boost_round": 6.0}, "datetime": {"datetime": "2024-01-19 00:56:59", "elapsed": 2716.691089, "delta": 0.00305}}
{"target": -17.69524727786286, "params": {"gamma": 616.7283419852951, "log10_alpha": -2.3627279391894147, "log10_colsample_bytree": -0.9334624198173488, "log10_eta": -0.5194647747142911, "log10_lambda": -1.9815563697039202, "log10_min_child_weight": 0.8001359106121886, "log10_subsample": -0.40172005885934015, "max_depth": 3.0, "num_boost_round": 7.0}, "datetime": {"datetime": "2024-01-19 00:56:59", "elapsed": 2716.694072, "delta": 0.002983}}
{"target": -17.70827441660564, "params": {"gamma": 616.7283419852951, "log10_alpha": -2.3627279391894147, "log10_colsample_bytree": -0.9334624198173488, "log10_eta": -0.5194647747142911, "log10_lambda": -1.9815563697039202, "log10_min_child_weight": 0.8001359106121886, "log10_subsample": -0.40172005885934015, "max_depth": 3.0, "num_boost_round": 8.0}, "datetime": {"datetime": "2024-01-19 00:56:59", "elapsed": 2716.696991, "delta": 0.002919}}
{"target": -17.708310951770695, "params": {"gamma": 616.7283419852951, "log10_alpha": -2.3627279391894147, "log10_colsample_bytree": -0.9334624198173488, "log10_eta": -0.5194647747142911, "log10_lambda": -1.9815563697039202, "log10_min_child_weight": 0.8001359106121886, "log10_subsample": -0.40172005885934015, "max_depth": 3.0, "num_boost_round": 9.0}, "datetime": {"datetime": "2024-01-19 00:56:59", "elapsed": 2716.699926, "delta": 0.002935}}
{"target": -17.740334463755485, "params": {"gamma": 616.7283419852951, "log10_alpha": -2.3627279391894147, "log10_colsample_bytree": -0.9334624198173488, "log10_eta": -0.5194647747142911, "log10_lambda": -1.9815563697039202, "log10_min_child_weight": 0.8001359106121886, "log10_subsample": -0.40172005885934015, "max_depth": 3.0, "num_boost_round": 10.0}, "datetime": {"datetime": "2024-01-19 00:56:59", "elapsed": 2716.702942, "delta": 0.003016}}
{"target": -17.74006758659039, "params": {"gamma": 616.7283419852951, "log10_alpha": -2.3627279391894147, "log10_colsample_bytree": -0.9334624198173488, "log10_eta": -0.5194647747142911, "log10_lambda": -1.9815563697039202, "log10_min_child_weight": 0.8001359106121886, "log10_subsample": -0.40172005885934015, "max_depth": 3.0, "num_boost_round": 11.0}, "datetime": {"datetime": "2024-01-19 00:56:59", "elapsed": 2716.705851, "delta": 0.002909}}
{"target": -17.73837397200296, "params": {"gamma": 616.7283419852951, "log10_alpha": -2.3627279391894147, "log10_colsample_bytree": -0.9334624198173488, "log10_eta": -0.5194647747142911, "log10_lambda": -1.9815563697039202, "log10_min_child_weight": 0.8001359106121886, "log10_subsample": -0.40172005885934015, "max_depth": 3.0, "num_boost_round": 12.0}, "datetime": {"datetime": "2024-01-19 00:56:59", "elapsed": 2716.708759, "delta": 0.002908}}
{"target": -17.677231213553327, "params": {"gamma": 615.7571975253484, "log10_alpha": -2.973362130329789, "log10_colsample_bytree": -0.7960670907658851, "log10_eta": -3.8648637842961433, "log10_lambda": -2.422975545997769, "log10_min_child_weight": 1.9558509996840505, "log10_subsample": -0.32271813036144426, "max_depth": 4.0, "num_boost_round": 0.0}, "datetime": {"datetime": "2024-01-19 00:57:41", "elapsed": 2758.356146, "delta": 41.647387}}
{"target": -17.67723055610832, "params": {"gamma": 615.7571975253484, "log10_alpha": -2.973362130329789, "log10_colsample_bytree": -0.7960670907658851, "log10_eta": -3.8648637842961433, "log10_lambda": -2.422975545997769, "log10_min_child_weight": 1.9558509996840505, "log10_subsample": -0.32271813036144426, "max_depth": 4.0, "num_boost_round": 1.0}, "datetime": {"datetime": "2024-01-19 00:57:41", "elapsed": 2758.36008, "delta": 0.003934}}
{"target": -17.677226030817533, "params": {"gamma": 615.7571975253484, "log10_alpha": -2.973362130329789, "log10_colsample_bytree": -0.7960670907658851, "log10_eta": -3.8648637842961433, "log10_lambda": -2.422975545997769, "log10_min_child_weight": 1.9558509996840505, "log10_subsample": -0.32271813036144426, "max_depth": 4.0, "num_boost_round": 2.0}, "datetime": {"datetime": "2024-01-19 00:57:41", "elapsed": 2758.363154, "delta": 0.003074}}
{"target": -17.677219093430903, "params": {"gamma": 615.7571975253484, "log10_alpha": -2.973362130329789, "log10_colsample_bytree": -0.7960670907658851, "log10_eta": -3.8648637842961433, "log10_lambda": -2.422975545997769, "log10_min_child_weight": 1.9558509996840505, "log10_subsample": -0.32271813036144426, "max_depth": 4.0, "num_boost_round": 3.0}, "datetime": {"datetime": "2024-01-19 00:57:41", "elapsed": 2758.36618, "delta": 0.003026}}
{"target": -17.67721251010744, "params": {"gamma": 615.7571975253484, "log10_alpha": -2.973362130329789, "log10_colsample_bytree": -0.7960670907658851, "log10_eta": -3.8648637842961433, "log10_lambda": -2.422975545997769, "log10_min_child_weight": 1.9558509996840505, "log10_subsample": -0.32271813036144426, "max_depth": 4.0, "num_boost_round": 4.0}, "datetime": {"datetime": "2024-01-19 00:57:41", "elapsed": 2758.369212, "delta": 0.003032}}
{"target": -17.677209271868197, "params": {"gamma": 615.7571975253484, "log10_alpha": -2.973362130329789, "log10_colsample_bytree": -0.7960670907658851, "log10_eta": -3.8648637842961433, "log10_lambda": -2.422975545997769, "log10_min_child_weight": 1.9558509996840505, "log10_subsample": -0.32271813036144426, "max_depth": 4.0, "num_boost_round": 5.0}, "datetime": {"datetime": "2024-01-19 00:57:41", "elapsed": 2758.372156, "delta": 0.002944}}
{"target": -17.67720655790875, "params": {"gamma": 615.7571975253484, "log10_alpha": -2.973362130329789, "log10_colsample_bytree": -0.7960670907658851, "log10_eta": -3.8648637842961433, "log10_lambda": -2.422975545997769, "log10_min_child_weight": 1.9558509996840505, "log10_subsample": -0.32271813036144426, "max_depth": 4.0, "num_boost_round": 6.0}, "datetime": {"datetime": "2024-01-19 00:57:41", "elapsed": 2758.375211, "delta": 0.003055}}
{"target": -17.67719632335384, "params": {"gamma": 615.7571975253484, "log10_alpha": -2.973362130329789, "log10_colsample_bytree": -0.7960670907658851, "log10_eta": -3.8648637842961433, "log10_lambda": -2.422975545997769, "log10_min_child_weight": 1.9558509996840505, "log10_subsample": -0.32271813036144426, "max_depth": 4.0, "num_boost_round": 7.0}, "datetime": {"datetime": "2024-01-19 00:57:41", "elapsed": 2758.378151, "delta": 0.00294}}
{"target": -17.6771990837837, "params": {"gamma": 615.7571975253484, "log10_alpha": -2.973362130329789, "log10_colsample_bytree": -0.7960670907658851, "log10_eta": -3.8648637842961433, "log10_lambda": -2.422975545997769, "log10_min_child_weight": 1.9558509996840505, "log10_subsample": -0.32271813036144426, "max_depth": 4.0, "num_boost_round": 8.0}, "datetime": {"datetime": "2024-01-19 00:57:41", "elapsed": 2758.381171, "delta": 0.00302}}
{"target": -17.677197216913736, "params": {"gamma": 615.7571975253484, "log10_alpha": -2.973362130329789, "log10_colsample_bytree": -0.7960670907658851, "log10_eta": -3.8648637842961433, "log10_lambda": -2.422975545997769, "log10_min_child_weight": 1.9558509996840505, "log10_subsample": -0.32271813036144426, "max_depth": 4.0, "num_boost_round": 9.0}, "datetime": {"datetime": "2024-01-19 00:57:41", "elapsed": 2758.384301, "delta": 0.00313}}
{"target": -17.677196247804545, "params": {"gamma": 615.7571975253484, "log10_alpha": -2.973362130329789, "log10_colsample_bytree": -0.7960670907658851, "log10_eta": -3.8648637842961433, "log10_lambda": -2.422975545997769, "log10_min_child_weight": 1.9558509996840505, "log10_subsample": -0.32271813036144426, "max_depth": 4.0, "num_boost_round": 10.0}, "datetime": {"datetime": "2024-01-19 00:57:41", "elapsed": 2758.387315, "delta": 0.003014}}
{"target": -17.67719195787971, "params": {"gamma": 615.7571975253484, "log10_alpha": -2.973362130329789, "log10_colsample_bytree": -0.7960670907658851, "log10_eta": -3.8648637842961433, "log10_lambda": -2.422975545997769, "log10_min_child_weight": 1.9558509996840505, "log10_subsample": -0.32271813036144426, "max_depth": 4.0, "num_boost_round": 11.0}, "datetime": {"datetime": "2024-01-19 00:57:41", "elapsed": 2758.390248, "delta": 0.002933}}
{"target": -17.677183953529127, "params": {"gamma": 615.7571975253484, "log10_alpha": -2.973362130329789, "log10_colsample_bytree": -0.7960670907658851, "log10_eta": -3.8648637842961433, "log10_lambda": -2.422975545997769, "log10_min_child_weight": 1.9558509996840505, "log10_subsample": -0.32271813036144426, "max_depth": 4.0, "num_boost_round": 12.0}, "datetime": {"datetime": "2024-01-19 00:57:41", "elapsed": 2758.393213, "delta": 0.002965}}
{"target": -17.677171290537565, "params": {"gamma": 615.7571975253484, "log10_alpha": -2.973362130329789, "log10_colsample_bytree": -0.7960670907658851, "log10_eta": -3.8648637842961433, "log10_lambda": -2.422975545997769, "log10_min_child_weight": 1.9558509996840505, "log10_subsample": -0.32271813036144426, "max_depth": 4.0, "num_boost_round": 13.0}, "datetime": {"datetime": "2024-01-19 00:57:41", "elapsed": 2758.396327, "delta": 0.003114}}
{"target": -17.67716928153745, "params": {"gamma": 615.7571975253484, "log10_alpha": -2.973362130329789, "log10_colsample_bytree": -0.7960670907658851, "log10_eta": -3.8648637842961433, "log10_lambda": -2.422975545997769, "log10_min_child_weight": 1.9558509996840505, "log10_subsample": -0.32271813036144426, "max_depth": 4.0, "num_boost_round": 14.0}, "datetime": {"datetime": "2024-01-19 00:57:41", "elapsed": 2758.399338, "delta": 0.003011}}
{"target": -17.67716584679454, "params": {"gamma": 615.7571975253484, "log10_alpha": -2.973362130329789, "log10_colsample_bytree": -0.7960670907658851, "log10_eta": -3.8648637842961433, "log10_lambda": -2.422975545997769, "log10_min_child_weight": 1.9558509996840505, "log10_subsample": -0.32271813036144426, "max_depth": 4.0, "num_boost_round": 15.0}, "datetime": {"datetime": "2024-01-19 00:57:41", "elapsed": 2758.402346, "delta": 0.003008}}
{"target": -17.677165951285303, "params": {"gamma": 615.7571975253484, "log10_alpha": -2.973362130329789, "log10_colsample_bytree": -0.7960670907658851, "log10_eta": -3.8648637842961433, "log10_lambda": -2.422975545997769, "log10_min_child_weight": 1.9558509996840505, "log10_subsample": -0.32271813036144426, "max_depth": 4.0, "num_boost_round": 16.0}, "datetime": {"datetime": "2024-01-19 00:57:41", "elapsed": 2758.405269, "delta": 0.002923}}
{"target": -17.677160376132186, "params": {"gamma": 615.7571975253484, "log10_alpha": -2.973362130329789, "log10_colsample_bytree": -0.7960670907658851, "log10_eta": -3.8648637842961433, "log10_lambda": -2.422975545997769, "log10_min_child_weight": 1.9558509996840505, "log10_subsample": -0.32271813036144426, "max_depth": 4.0, "num_boost_round": 17.0}, "datetime": {"datetime": "2024-01-19 00:57:41", "elapsed": 2758.408219, "delta": 0.00295}}
{"target": -17.67715814493592, "params": {"gamma": 615.7571975253484, "log10_alpha": -2.973362130329789, "log10_colsample_bytree": -0.7960670907658851, "log10_eta": -3.8648637842961433, "log10_lambda": -2.422975545997769, "log10_min_child_weight": 1.9558509996840505, "log10_subsample": -0.32271813036144426, "max_depth": 4.0, "num_boost_round": 18.0}, "datetime": {"datetime": "2024-01-19 00:57:41", "elapsed": 2758.411168, "delta": 0.002949}}
{"target": -17.677157215959568, "params": {"gamma": 615.7571975253484, "log10_alpha": -2.973362130329789, "log10_colsample_bytree": -0.7960670907658851, "log10_eta": -3.8648637842961433, "log10_lambda": -2.422975545997769, "log10_min_child_weight": 1.9558509996840505, "log10_subsample": -0.32271813036144426, "max_depth": 4.0, "num_boost_round": 19.0}, "datetime": {"datetime": "2024-01-19 00:57:41", "elapsed": 2758.414107, "delta": 0.002939}}
{"target": -17.67715274281984, "params": {"gamma": 615.7571975253484, "log10_alpha": -2.973362130329789, "log10_colsample_bytree": -0.7960670907658851, "log10_eta": -3.8648637842961433, "log10_lambda": -2.422975545997769, "log10_min_child_weight": 1.9558509996840505, "log10_subsample": -0.32271813036144426, "max_depth": 4.0, "num_boost_round": 20.0}, "datetime": {"datetime": "2024-01-19 00:57:41", "elapsed": 2758.417065, "delta": 0.002958}}
{"target": -17.67714526326741, "params": {"gamma": 615.7571975253484, "log10_alpha": -2.973362130329789, "log10_colsample_bytree": -0.7960670907658851, "log10_eta": -3.8648637842961433, "log10_lambda": -2.422975545997769, "log10_min_child_weight": 1.9558509996840505, "log10_subsample": -0.32271813036144426, "max_depth": 4.0, "num_boost_round": 21.0}, "datetime": {"datetime": "2024-01-19 00:57:41", "elapsed": 2758.420009, "delta": 0.002944}}
{"target": -17.677140614130572, "params": {"gamma": 615.7571975253484, "log10_alpha": -2.973362130329789, "log10_colsample_bytree": -0.7960670907658851, "log10_eta": -3.8648637842961433, "log10_lambda": -2.422975545997769, "log10_min_child_weight": 1.9558509996840505, "log10_subsample": -0.32271813036144426, "max_depth": 4.0, "num_boost_round": 22.0}, "datetime": {"datetime": "2024-01-19 00:57:41", "elapsed": 2758.422975, "delta": 0.002966}}
{"target": -17.67713177400527, "params": {"gamma": 615.7571975253484, "log10_alpha": -2.973362130329789, "log10_colsample_bytree": -0.7960670907658851, "log10_eta": -3.8648637842961433, "log10_lambda": -2.422975545997769, "log10_min_child_weight": 1.9558509996840505, "log10_subsample": -0.32271813036144426, "max_depth": 4.0, "num_boost_round": 23.0}, "datetime": {"datetime": "2024-01-19 00:57:41", "elapsed": 2758.425923, "delta": 0.002948}}
{"target": -17.677232946493636, "params": {"gamma": 612.5333078609883, "log10_alpha": -5.0, "log10_colsample_bytree": 0.0, "log10_eta": -4.0, "log10_lambda": 1.0, "log10_min_child_weight": 5.0, "log10_subsample": -1.0, "max_depth": 6.0, "num_boost_round": 0.0}, "datetime": {"datetime": "2024-01-19 00:58:15", "elapsed": 2792.769758, "delta": 34.343835}}
