{"target": -13.7584575214248, "params": {"gamma": 705.8753742929089, "log10_alpha": -2.930814704456663, "log10_colsample_bytree": -0.4639947391961432, "log10_eta": -3.5562315792293373, "log10_lambda": -3.461695883488685, "log10_min_child_weight": 0.0032778903569485873, "log10_subsample": -0.8187701638206446, "max_depth": 5.0, "num_boost_round": 20.0}, "datetime": {"datetime": "2024-01-19 02:02:40", "elapsed": 6668.241416, "delta": 0.006883}}
{"target": -13.758466316685523, "params": {"gamma": 705.8753742929089, "log10_alpha": -2.930814704456663, "log10_colsample_bytree": -0.4639947391961432, "log10_eta": -3.5562315792293373, "log10_lambda": -3.461695883488685, "log10_min_child_weight": 0.0032778903569485873, "log10_subsample": -0.8187701638206446, "max_depth": 5.0, "num_boost_round": 21.0}, "datetime": {"datetime": "2024-01-19 02:02:40", "elapsed": 6668.248939, "delta": 0.007523}}
{"target": -13.758456144897094, "params": {"gamma": 705.8753742929089, "log10_alpha": -2.930814704456663, "log10_colsample_bytree": -0.4639947391961432, "log10_eta": -3.5562315792293373, "log10_lambda": -3.461695883488685, "log10_min_child_weight": 0.0032778903569485873, "log10_subsample": -0.8187701638206446, "max_depth": 5.0, "num_boost_round": 22.0}, "datetime": {"datetime": "2024-01-19 02:02:40", "elapsed": 6668.255916, "delta": 0.006977}}
{"target": -13.758455004628145, "params": {"gamma": 705.8753742929089, "log10_alpha": -2.930814704456663, "log10_colsample_bytree": -0.4639947391961432, "log10_eta": -3.5562315792293373, "log10_lambda": -3.461695883488685, "log10_min_child_weight": 0.0032778903569485873, "log10_subsample": -0.8187701638206446, "max_depth": 5.0, "num_boost_round": 23.0}, "datetime": {"datetime": "2024-01-19 02:02:40", "elapsed": 6668.262279, "delta": 0.006363}}
{"target": -13.75845102026359, "params": {"gamma": 705.8753742929089, "log10_alpha": -2.930814704456663, "log10_colsample_bytree": -0.4639947391961432, "log10_eta": -3.5562315792293373, "log10_lambda": -3.461695883488685, "log10_min_child_weight": 0.0032778903569485873, "log10_subsample": -0.8187701638206446, "max_depth": 5.0, "num_boost_round": 24.0}, "datetime": {"datetime": "2024-01-19 02:02:40", "elapsed": 6668.268563, "delta": 0.006284}}
{"target": -13.758449193178238, "params": {"gamma": 705.8753742929089, "log10_alpha": -2.930814704456663, "log10_colsample_bytree": -0.4639947391961432, "log10_eta": -3.5562315792293373, "log10_lambda": -3.461695883488685, "log10_min_child_weight": 0.0032778903569485873, "log10_subsample": -0.8187701638206446, "max_depth": 5.0, "num_boost_round": 25.0}, "datetime": {"datetime": "2024-01-19 02:02:40", "elapsed": 6668.275093, "delta": 0.00653}}
{"target": -13.758451275103917, "params": {"gamma": 705.8753742929089, "log10_alpha": -2.930814704456663, "log10_colsample_bytree": -0.4639947391961432, "log10_eta": -3.5562315792293373, "log10_lambda": -3.461695883488685, "log10_min_child_weight": 0.0032778903569485873, "log10_subsample": -0.8187701638206446, "max_depth": 5.0, "num_boost_round": 26.0}, "datetime": {"datetime": "2024-01-19 02:02:40", "elapsed": 6668.281952, "delta": 0.006859}}
{"target": -13.758447385143079, "params": {"gamma": 705.8753742929089, "log10_alpha": -2.930814704456663, "log10_colsample_bytree": -0.4639947391961432, "log10_eta": -3.5562315792293373, "log10_lambda": -3.461695883488685, "log10_min_child_weight": 0.0032778903569485873, "log10_subsample": -0.8187701638206446, "max_depth": 5.0, "num_boost_round": 27.0}, "datetime": {"datetime": "2024-01-19 02:02:40", "elapsed": 6668.288553, "delta": 0.006601}}
{"target": -13.758438173262832, "params": {"gamma": 705.8753742929089, "log10_alpha": -2.930814704456663, "log10_colsample_bytree": -0.4639947391961432, "log10_eta": -3.5562315792293373, "log10_lambda": -3.461695883488685, "log10_min_child_weight": 0.0032778903569485873, "log10_subsample": -0.8187701638206446, "max_depth": 5.0, "num_boost_round": 28.0}, "datetime": {"datetime": "2024-01-19 02:02:40", "elapsed": 6668.294675, "delta": 0.006122}}
{"target": -13.758431638268538, "params": {"gamma": 705.8753742929089, "log10_alpha": -2.930814704456663, "log10_colsample_bytree": -0.4639947391961432, "log10_eta": -3.5562315792293373, "log10_lambda": -3.461695883488685, "log10_min_child_weight": 0.0032778903569485873, "log10_subsample": -0.8187701638206446, "max_depth": 5.0, "num_boost_round": 29.0}, "datetime": {"datetime": "2024-01-19 02:02:40", "elapsed": 6668.300992, "delta": 0.006317}}
{"target": -13.758421392338148, "params": {"gamma": 705.8753742929089, "log10_alpha": -2.930814704456663, "log10_colsample_bytree": -0.4639947391961432, "log10_eta": -3.5562315792293373, "log10_lambda": -3.461695883488685, "log10_min_child_weight": 0.0032778903569485873, "log10_subsample": -0.8187701638206446, "max_depth": 5.0, "num_boost_round": 30.0}, "datetime": {"datetime": "2024-01-19 02:02:40", "elapsed": 6668.308197, "delta": 0.007205}}
{"target": -13.7584159016033, "params": {"gamma": 705.8753742929089, "log10_alpha": -2.930814704456663, "log10_colsample_bytree": -0.4639947391961432, "log10_eta": -3.5562315792293373, "log10_lambda": -3.461695883488685, "log10_min_child_weight": 0.0032778903569485873, "log10_subsample": -0.8187701638206446, "max_depth": 5.0, "num_boost_round": 31.0}, "datetime": {"datetime": "2024-01-19 02:02:40", "elapsed": 6668.314972, "delta": 0.006775}}
{"target": -13.758409566704932, "params": {"gamma": 705.8753742929089, "log10_alpha": -2.930814704456663, "log10_colsample_bytree": -0.4639947391961432, "log10_eta": -3.5562315792293373, "log10_lambda": -3.461695883488685, "log10_min_child_weight": 0.0032778903569485873, "log10_subsample": -0.8187701638206446, "max_depth": 5.0, "num_boost_round": 32.0}, "datetime": {"datetime": "2024-01-19 02:02:40", "elapsed": 6668.321502, "delta": 0.00653}}
{"target": -13.758403296703706, "params": {"gamma": 705.8753742929089, "log10_alpha": -2.930814704456663, "log10_colsample_bytree": -0.4639947391961432, "log10_eta": -3.5562315792293373, "log10_lambda": -3.461695883488685, "log10_min_child_weight": 0.0032778903569485873, "log10_subsample": -0.8187701638206446, "max_depth": 5.0, "num_boost_round": 33.0}, "datetime": {"datetime": "2024-01-19 02:02:40", "elapsed": 6668.327883, "delta": 0.006381}}
{"target": -13.75839834548618, "params": {"gamma": 705.8753742929089, "log10_alpha": -2.930814704456663, "log10_colsample_bytree": -0.4639947391961432, "log10_eta": -3.5562315792293373, "log10_lambda": -3.461695883488685, "log10_min_child_weight": 0.0032778903569485873, "log10_subsample": -0.8187701638206446, "max_depth": 5.0, "num_boost_round": 34.0}, "datetime": {"datetime": "2024-01-19 02:02:40", "elapsed": 6668.334137, "delta": 0.006254}}
{"target": -13.75839795448552, "params": {"gamma": 705.8753742929089, "log10_alpha": -2.930814704456663, "log10_colsample_bytree": -0.4639947391961432, "log10_eta": -3.5562315792293373, "log10_lambda": -3.461695883488685, "log10_min_child_weight": 0.0032778903569485873, "log10_subsample": -0.8187701638206446, "max_depth": 5.0, "num_boost_round": 35.0}, "datetime": {"datetime": "2024-01-19 02:02:40", "elapsed": 6668.340374, "delta": 0.006237}}
{"target": -13.758401415990157, "params": {"gamma": 705.8753742929089, "log10_alpha": -2.930814704456663, "log10_colsample_bytree": -0.4639947391961432, "log10_eta": -3.5562315792293373, "log10_lambda": -3.461695883488685, "log10_min_child_weight": 0.0032778903569485873, "log10_subsample": -0.8187701638206446, "max_depth": 5.0, "num_boost_round": 36.0}, "datetime": {"datetime": "2024-01-19 02:02:40", "elapsed": 6668.346909, "delta": 0.006535}}
{"target": -13.758393561479991, "params": {"gamma": 705.8753742929089, "log10_alpha": -2.930814704456663, "log10_colsample_bytree": -0.4639947391961432, "log10_eta": -3.5562315792293373, "log10_lambda": -3.461695883488685, "log10_min_child_weight": 0.0032778903569485873, "log10_subsample": -0.8187701638206446, "max_depth": 5.0, "num_boost_round": 37.0}, "datetime": {"datetime": "2024-01-19 02:02:40", "elapsed": 6668.354167, "delta": 0.007258}}
{"target": -13.758391758339126, "params": {"gamma": 705.8753742929089, "log10_alpha": -2.930814704456663, "log10_colsample_bytree": -0.4639947391961432, "log10_eta": -3.5562315792293373, "log10_lambda": -3.461695883488685, "log10_min_child_weight": 0.0032778903569485873, "log10_subsample": -0.8187701638206446, "max_depth": 5.0, "num_boost_round": 38.0}, "datetime": {"datetime": "2024-01-19 02:02:40", "elapsed": 6668.361102, "delta": 0.006935}}
{"target": -13.75837756711022, "params": {"gamma": 705.8753742929089, "log10_alpha": -2.930814704456663, "log10_colsample_bytree": -0.4639947391961432, "log10_eta": -3.5562315792293373, "log10_lambda": -3.461695883488685, "log10_min_child_weight": 0.0032778903569485873, "log10_subsample": -0.8187701638206446, "max_depth": 5.0, "num_boost_round": 39.0}, "datetime": {"datetime": "2024-01-19 02:02:40", "elapsed": 6668.367984, "delta": 0.006882}}
{"target": -13.758369978531775, "params": {"gamma": 705.8753742929089, "log10_alpha": -2.930814704456663, "log10_colsample_bytree": -0.4639947391961432, "log10_eta": -3.5562315792293373, "log10_lambda": -3.461695883488685, "log10_min_child_weight": 0.0032778903569485873, "log10_subsample": -0.8187701638206446, "max_depth": 5.0, "num_boost_round": 40.0}, "datetime": {"datetime": "2024-01-19 02:02:40", "elapsed": 6668.508975, "delta": 0.140991}}
{"target": -13.758359787745208, "params": {"gamma": 705.8753742929089, "log10_alpha": -2.930814704456663, "log10_colsample_bytree": -0.4639947391961432, "log10_eta": -3.5562315792293373, "log10_lambda": -3.461695883488685, "log10_min_child_weight": 0.0032778903569485873, "log10_subsample": -0.8187701638206446, "max_depth": 5.0, "num_boost_round": 41.0}, "datetime": {"datetime": "2024-01-19 02:02:40", "elapsed": 6668.51637, "delta": 0.007395}}
{"target": -13.75833564018119, "params": {"gamma": 705.8753742929089, "log10_alpha": -2.930814704456663, "log10_colsample_bytree": -0.4639947391961432, "log10_eta": -3.5562315792293373, "log10_lambda": -3.461695883488685, "log10_min_child_weight": 0.0032778903569485873, "log10_subsample": -0.8187701638206446, "max_depth": 5.0, "num_boost_round": 42.0}, "datetime": {"datetime": "2024-01-19 02:02:40", "elapsed": 6668.523344, "delta": 0.006974}}
{"target": -13.75832881091486, "params": {"gamma": 705.8753742929089, "log10_alpha": -2.930814704456663, "log10_colsample_bytree": -0.4639947391961432, "log10_eta": -3.5562315792293373, "log10_lambda": -3.461695883488685, "log10_min_child_weight": 0.0032778903569485873, "log10_subsample": -0.8187701638206446, "max_depth": 5.0, "num_boost_round": 43.0}, "datetime": {"datetime": "2024-01-19 02:02:40", "elapsed": 6668.530092, "delta": 0.006748}}
{"target": -13.758319043780014, "params": {"gamma": 705.8753742929089, "log10_alpha": -2.930814704456663, "log10_colsample_bytree": -0.4639947391961432, "log10_eta": -3.5562315792293373, "log10_lambda": -3.461695883488685, "log10_min_child_weight": 0.0032778903569485873, "log10_subsample": -0.8187701638206446, "max_depth": 5.0, "num_boost_round": 44.0}, "datetime": {"datetime": "2024-01-19 02:02:40", "elapsed": 6668.536921, "delta": 0.006829}}
{"target": -13.758324632053235, "params": {"gamma": 705.8753742929089, "log10_alpha": -2.930814704456663, "log10_colsample_bytree": -0.4639947391961432, "log10_eta": -3.5562315792293373, "log10_lambda": -3.461695883488685, "log10_min_child_weight": 0.0032778903569485873, "log10_subsample": -0.8187701638206446, "max_depth": 5.0, "num_boost_round": 45.0}, "datetime": {"datetime": "2024-01-19 02:02:40", "elapsed": 6668.544532, "delta": 0.007611}}
{"target": -13.758325009788365, "params": {"gamma": 705.8753742929089, "log10_alpha": -2.930814704456663, "log10_colsample_bytree": -0.4639947391961432, "log10_eta": -3.5562315792293373, "log10_lambda": -3.461695883488685, "log10_min_child_weight": 0.0032778903569485873, "log10_subsample": -0.8187701638206446, "max_depth": 5.0, "num_boost_round": 46.0}, "datetime": {"datetime": "2024-01-19 02:02:40", "elapsed": 6668.551789, "delta": 0.007257}}
{"target": -13.758322005920324, "params": {"gamma": 705.8753742929089, "log10_alpha": -2.930814704456663, "log10_colsample_bytree": -0.4639947391961432, "log10_eta": -3.5562315792293373, "log10_lambda": -3.461695883488685, "log10_min_child_weight": 0.0032778903569485873, "log10_subsample": -0.8187701638206446, "max_depth": 5.0, "num_boost_round": 47.0}, "datetime": {"datetime": "2024-01-19 02:02:40", "elapsed": 6668.558656, "delta": 0.006867}}
{"target": -13.758319972615249, "params": {"gamma": 705.8753742929089, "log10_alpha": -2.930814704456663, "log10_colsample_bytree": -0.4639947391961432, "log10_eta": -3.5562315792293373, "log10_lambda": -3.461695883488685, "log10_min_child_weight": 0.0032778903569485873, "log10_subsample": -0.8187701638206446, "max_depth": 5.0, "num_boost_round": 48.0}, "datetime": {"datetime": "2024-01-19 02:02:40", "elapsed": 6668.565418, "delta": 0.006762}}
{"target": -13.758318593121379, "params": {"gamma": 705.8753742929089, "log10_alpha": -2.930814704456663, "log10_colsample_bytree": -0.4639947391961432, "log10_eta": -3.5562315792293373, "log10_lambda": -3.461695883488685, "log10_min_child_weight": 0.0032778903569485873, "log10_subsample": -0.8187701638206446, "max_depth": 5.0, "num_boost_round": 49.0}, "datetime": {"datetime": "2024-01-19 02:02:41", "elapsed": 6668.572204, "delta": 0.006786}}
{"target": -13.758312157866222, "params": {"gamma": 705.8753742929089, "log10_alpha": -2.930814704456663, "log10_colsample_bytree": -0.4639947391961432, "log10_eta": -3.5562315792293373, "log10_lambda": -3.461695883488685, "log10_min_child_weight": 0.0032778903569485873, "log10_subsample": -0.8187701638206446, "max_depth": 5.0, "num_boost_round": 50.0}, "datetime": {"datetime": "2024-01-19 02:02:41", "elapsed": 6668.578897, "delta": 0.006693}}
{"target": -13.758301714963833, "params": {"gamma": 705.8753742929089, "log10_alpha": -2.930814704456663, "log10_colsample_bytree": -0.4639947391961432, "log10_eta": -3.5562315792293373, "log10_lambda": -3.461695883488685, "log10_min_child_weight": 0.0032778903569485873, "log10_subsample": -0.8187701638206446, "max_depth": 5.0, "num_boost_round": 51.0}, "datetime": {"datetime": "2024-01-19 02:02:41", "elapsed": 6668.585146, "delta": 0.006249}}
{"target": -13.7582893211254, "params": {"gamma": 705.8753742929089, "log10_alpha": -2.930814704456663, "log10_colsample_bytree": -0.4639947391961432, "log10_eta": -3.5562315792293373, "log10_lambda": -3.461695883488685, "log10_min_child_weight": 0.0032778903569485873, "log10_subsample": -0.8187701638206446, "max_depth": 5.0, "num_boost_round": 52.0}, "datetime": {"datetime": "2024-01-19 02:02:41", "elapsed": 6668.591643, "delta": 0.006497}}
{"target": -13.758289898366012, "params": {"gamma": 705.8753742929089, "log10_alpha": -2.930814704456663, "log10_colsample_bytree": -0.4639947391961432, "log10_eta": -3.5562315792293373, "log10_lambda": -3.461695883488685, "log10_min_child_weight": 0.0032778903569485873, "log10_subsample": -0.8187701638206446, "max_depth": 5.0, "num_boost_round": 53.0}, "datetime": {"datetime": "2024-01-19 02:02:41", "elapsed": 6668.598872, "delta": 0.007229}}
{"target": -13.758535969824838, "params": {"gamma": 703.02365573022, "log10_alpha": -2.98818478370107, "log10_colsample_bytree": -0.001596634510981465, "log10_eta": -3.6311108769261353, "log10_lambda": -1.7758587566544746, "log10_min_child_weight": 2.1244728656106786, "log10_subsample": -0.8175289119077515, "max_depth": 2.0, "num_boost_round": 0.0}, "datetime": {"datetime": "2024-01-19 02:05:22", "elapsed": 6830.04856, "delta": 161.449688}}
{"target": -13.758533357249991, "params": {"gamma": 703.02365573022, "log10_alpha": -2.98818478370107, "log10_colsample_bytree": -0.001596634510981465, "log10_eta": -3.6311108769261353, "log10_lambda": -1.7758587566544746, "log10_min_child_weight": 2.1244728656106786, "log10_subsample": -0.8175289119077515, "max_depth": 2.0, "num_boost_round": 1.0}, "datetime": {"datetime": "2024-01-19 02:05:22", "elapsed": 6830.057048, "delta": 0.008488}}
{"target": -13.75853107789578, "params": {"gamma": 703.02365573022, "log10_alpha": -2.98818478370107, "log10_colsample_bytree": -0.001596634510981465, "log10_eta": -3.6311108769261353, "log10_lambda": -1.7758587566544746, "log10_min_child_weight": 2.1244728656106786, "log10_subsample": -0.8175289119077515, "max_depth": 2.0, "num_boost_round": 2.0}, "datetime": {"datetime": "2024-01-19 02:05:22", "elapsed": 6830.063936, "delta": 0.006888}}
{"target": -13.758528431195181, "params": {"gamma": 703.02365573022, "log10_alpha": -2.98818478370107, "log10_colsample_bytree": -0.001596634510981465, "log10_eta": -3.6311108769261353, "log10_lambda": -1.7758587566544746, "log10_min_child_weight": 2.1244728656106786, "log10_subsample": -0.8175289119077515, "max_depth": 2.0, "num_boost_round": 3.0}, "datetime": {"datetime": "2024-01-19 02:05:22", "elapsed": 6830.070519, "delta": 0.006583}}
{"target": -13.758527014972543, "params": {"gamma": 703.02365573022, "log10_alpha": -2.98818478370107, "log10_colsample_bytree": -0.001596634510981465, "log10_eta": -3.6311108769261353, "log10_lambda": -1.7758587566544746, "log10_min_child_weight": 2.1244728656106786, "log10_subsample": -0.8175289119077515, "max_depth": 2.0, "num_boost_round": 4.0}, "datetime": {"datetime": "2024-01-19 02:05:22", "elapsed": 6830.07689, "delta": 0.006371}}
{"target": -13.75852502286665, "params": {"gamma": 703.02365573022, "log10_alpha": -2.98818478370107, "log10_colsample_bytree": -0.001596634510981465, "log10_eta": -3.6311108769261353, "log10_lambda": -1.7758587566544746, "log10_min_child_weight": 2.1244728656106786, "log10_subsample": -0.8175289119077515, "max_depth": 2.0, "num_boost_round": 5.0}, "datetime": {"datetime": "2024-01-19 02:05:22", "elapsed": 6830.08327, "delta": 0.00638}}
{"target": -13.75852403308745, "params": {"gamma": 703.02365573022, "log10_alpha": -2.98818478370107, "log10_colsample_bytree": -0.001596634510981465, "log10_eta": -3.6311108769261353, "log10_lambda": -1.7758587566544746, "log10_min_child_weight": 2.1244728656106786, "log10_subsample": -0.8175289119077515, "max_depth": 2.0, "num_boost_round": 6.0}, "datetime": {"datetime": "2024-01-19 02:05:22", "elapsed": 6830.089936, "delta": 0.006666}}
{"target": -13.75852126598414, "params": {"gamma": 703.02365573022, "log10_alpha": -2.98818478370107, "log10_colsample_bytree": -0.001596634510981465, "log10_eta": -3.6311108769261353, "log10_lambda": -1.7758587566544746, "log10_min_child_weight": 2.1244728656106786, "log10_subsample": -0.8175289119077515, "max_depth": 2.0, "num_boost_round": 7.0}, "datetime": {"datetime": "2024-01-19 02:05:22", "elapsed": 6830.096826, "delta": 0.00689}}
{"target": -13.758519024223936, "params": {"gamma": 703.02365573022, "log10_alpha": -2.98818478370107, "log10_colsample_bytree": -0.001596634510981465, "log10_eta": -3.6311108769261353, "log10_lambda": -1.7758587566544746, "log10_min_child_weight": 2.1244728656106786, "log10_subsample": -0.8175289119077515, "max_depth": 2.0, "num_boost_round": 8.0}, "datetime": {"datetime": "2024-01-19 02:05:22", "elapsed": 6830.103279, "delta": 0.006453}}
{"target": -13.758516846535347, "params": {"gamma": 703.02365573022, "log10_alpha": -2.98818478370107, "log10_colsample_bytree": -0.001596634510981465, "log10_eta": -3.6311108769261353, "log10_lambda": -1.7758587566544746, "log10_min_child_weight": 2.1244728656106786, "log10_subsample": -0.8175289119077515, "max_depth": 2.0, "num_boost_round": 9.0}, "datetime": {"datetime": "2024-01-19 02:05:22", "elapsed": 6830.109883, "delta": 0.006604}}
{"target": -13.758514104341895, "params": {"gamma": 703.02365573022, "log10_alpha": -2.98818478370107, "log10_colsample_bytree": -0.001596634510981465, "log10_eta": -3.6311108769261353, "log10_lambda": -1.7758587566544746, "log10_min_child_weight": 2.1244728656106786, "log10_subsample": -0.8175289119077515, "max_depth": 2.0, "num_boost_round": 10.0}, "datetime": {"datetime": "2024-01-19 02:05:22", "elapsed": 6830.116718, "delta": 0.006835}}
{"target": -13.758513466333453, "params": {"gamma": 703.02365573022, "log10_alpha": -2.98818478370107, "log10_colsample_bytree": -0.001596634510981465, "log10_eta": -3.6311108769261353, "log10_lambda": -1.7758587566544746, "log10_min_child_weight": 2.1244728656106786, "log10_subsample": -0.8175289119077515, "max_depth": 2.0, "num_boost_round": 11.0}, "datetime": {"datetime": "2024-01-19 02:05:22", "elapsed": 6830.123433, "delta": 0.006715}}
{"target": -13.75851268411817, "params": {"gamma": 703.02365573022, "log10_alpha": -2.98818478370107, "log10_colsample_bytree": -0.001596634510981465, "log10_eta": -3.6311108769261353, "log10_lambda": -1.7758587566544746, "log10_min_child_weight": 2.1244728656106786, "log10_subsample": -0.8175289119077515, "max_depth": 2.0, "num_boost_round": 12.0}, "datetime": {"datetime": "2024-01-19 02:05:22", "elapsed": 6830.130117, "delta": 0.006684}}
{"target": -13.758509595481195, "params": {"gamma": 703.02365573022, "log10_alpha": -2.98818478370107, "log10_colsample_bytree": -0.001596634510981465, "log10_eta": -3.6311108769261353, "log10_lambda": -1.7758587566544746, "log10_min_child_weight": 2.1244728656106786, "log10_subsample": -0.8175289119077515, "max_depth": 2.0, "num_boost_round": 13.0}, "datetime": {"datetime": "2024-01-19 02:05:22", "elapsed": 6830.137229, "delta": 0.007112}}
{"target": -13.758507068194804, "params": {"gamma": 703.02365573022, "log10_alpha": -2.98818478370107, "log10_colsample_bytree": -0.001596634510981465, "log10_eta": -3.6311108769261353, "log10_lambda": -1.7758587566544746, "log10_min_child_weight": 2.1244728656106786, "log10_subsample": -0.8175289119077515, "max_depth": 2.0, "num_boost_round": 14.0}, "datetime": {"datetime": "2024-01-19 02:05:22", "elapsed": 6830.144081, "delta": 0.006852}}
