{"target": -13.758364773078506, "params": {"gamma": 894.8430422747673, "log10_alpha": 0.09835080898846371, "log10_colsample_bytree": -0.8375395845854636, "log10_eta": -1.0416888016446118, "log10_lambda": -3.20833749016654, "log10_min_child_weight": 4.927464509176493, "log10_subsample": -0.28370864938904594, "max_depth": 8.0, "num_boost_round": 6.0}, "datetime": {"datetime": "2024-01-19 01:31:51", "elapsed": 4815.805821, "delta": 0.005255}}
{"target": -13.75846800439139, "params": {"gamma": 894.8430422747673, "log10_alpha": 0.09835080898846371, "log10_colsample_bytree": -0.8375395845854636, "log10_eta": -1.0416888016446118, "log10_lambda": -3.20833749016654, "log10_min_child_weight": 4.927464509176493, "log10_subsample": -0.28370864938904594, "max_depth": 8.0, "num_boost_round": 7.0}, "datetime": {"datetime": "2024-01-19 01:31:51", "elapsed": 4815.811415, "delta": 0.005594}}
{"target": -13.75880795991615, "params": {"gamma": 894.8430422747673, "log10_alpha": 0.09835080898846371, "log10_colsample_bytree": -0.8375395845854636, "log10_eta": -1.0416888016446118, "log10_lambda": -3.20833749016654, "log10_min_child_weight": 4.927464509176493, "log10_subsample": -0.28370864938904594, "max_depth": 8.0, "num_boost_round": 8.0}, "datetime": {"datetime": "2024-01-19 01:31:51", "elapsed": 4815.816723, "delta": 0.005308}}
{"target": -13.75955749077073, "params": {"gamma": 894.8430422747673, "log10_alpha": 0.09835080898846371, "log10_colsample_bytree": -0.8375395845854636, "log10_eta": -1.0416888016446118, "log10_lambda": -3.20833749016654, "log10_min_child_weight": 4.927464509176493, "log10_subsample": -0.28370864938904594, "max_depth": 8.0, "num_boost_round": 9.0}, "datetime": {"datetime": "2024-01-19 01:31:51", "elapsed": 4815.822076, "delta": 0.005353}}
{"target": -13.759371552300125, "params": {"gamma": 894.8430422747673, "log10_alpha": 0.09835080898846371, "log10_colsample_bytree": -0.8375395845854636, "log10_eta": -1.0416888016446118, "log10_lambda": -3.20833749016654, "log10_min_child_weight": 4.927464509176493, "log10_subsample": -0.28370864938904594, "max_depth": 8.0, "num_boost_round": 10.0}, "datetime": {"datetime": "2024-01-19 01:31:51", "elapsed": 4815.827377, "delta": 0.005301}}
{"target": -13.759547105102529, "params": {"gamma": 894.8430422747673, "log10_alpha": 0.09835080898846371, "log10_colsample_bytree": -0.8375395845854636, "log10_eta": -1.0416888016446118, "log10_lambda": -3.20833749016654, "log10_min_child_weight": 4.927464509176493, "log10_subsample": -0.28370864938904594, "max_depth": 8.0, "num_boost_round": 11.0}, "datetime": {"datetime": "2024-01-19 01:31:51", "elapsed": 4815.833201, "delta": 0.005824}}
{"target": -13.75987969353278, "params": {"gamma": 894.8430422747673, "log10_alpha": 0.09835080898846371, "log10_colsample_bytree": -0.8375395845854636, "log10_eta": -1.0416888016446118, "log10_lambda": -3.20833749016654, "log10_min_child_weight": 4.927464509176493, "log10_subsample": -0.28370864938904594, "max_depth": 8.0, "num_boost_round": 12.0}, "datetime": {"datetime": "2024-01-19 01:31:51", "elapsed": 4815.8388, "delta": 0.005599}}
{"target": -13.759751281783831, "params": {"gamma": 894.8430422747673, "log10_alpha": 0.09835080898846371, "log10_colsample_bytree": -0.8375395845854636, "log10_eta": -1.0416888016446118, "log10_lambda": -3.20833749016654, "log10_min_child_weight": 4.927464509176493, "log10_subsample": -0.28370864938904594, "max_depth": 8.0, "num_boost_round": 13.0}, "datetime": {"datetime": "2024-01-19 01:31:51", "elapsed": 4815.844421, "delta": 0.005621}}
{"target": -13.760264168880049, "params": {"gamma": 894.8430422747673, "log10_alpha": 0.09835080898846371, "log10_colsample_bytree": -0.8375395845854636, "log10_eta": -1.0416888016446118, "log10_lambda": -3.20833749016654, "log10_min_child_weight": 4.927464509176493, "log10_subsample": -0.28370864938904594, "max_depth": 8.0, "num_boost_round": 14.0}, "datetime": {"datetime": "2024-01-19 01:31:51", "elapsed": 4815.849762, "delta": 0.005341}}
{"target": -13.760397101673076, "params": {"gamma": 894.8430422747673, "log10_alpha": 0.09835080898846371, "log10_colsample_bytree": -0.8375395845854636, "log10_eta": -1.0416888016446118, "log10_lambda": -3.20833749016654, "log10_min_child_weight": 4.927464509176493, "log10_subsample": -0.28370864938904594, "max_depth": 8.0, "num_boost_round": 15.0}, "datetime": {"datetime": "2024-01-19 01:31:51", "elapsed": 4815.855198, "delta": 0.005436}}
{"target": -13.760471961731525, "params": {"gamma": 894.8430422747673, "log10_alpha": 0.09835080898846371, "log10_colsample_bytree": -0.8375395845854636, "log10_eta": -1.0416888016446118, "log10_lambda": -3.20833749016654, "log10_min_child_weight": 4.927464509176493, "log10_subsample": -0.28370864938904594, "max_depth": 8.0, "num_boost_round": 16.0}, "datetime": {"datetime": "2024-01-19 01:31:51", "elapsed": 4815.860461, "delta": 0.005263}}
{"target": -13.760386284648973, "params": {"gamma": 894.8430422747673, "log10_alpha": 0.09835080898846371, "log10_colsample_bytree": -0.8375395845854636, "log10_eta": -1.0416888016446118, "log10_lambda": -3.20833749016654, "log10_min_child_weight": 4.927464509176493, "log10_subsample": -0.28370864938904594, "max_depth": 8.0, "num_boost_round": 17.0}, "datetime": {"datetime": "2024-01-19 01:31:51", "elapsed": 4815.865711, "delta": 0.00525}}
{"target": -13.760111162646192, "params": {"gamma": 894.8430422747673, "log10_alpha": 0.09835080898846371, "log10_colsample_bytree": -0.8375395845854636, "log10_eta": -1.0416888016446118, "log10_lambda": -3.20833749016654, "log10_min_child_weight": 4.927464509176493, "log10_subsample": -0.28370864938904594, "max_depth": 8.0, "num_boost_round": 18.0}, "datetime": {"datetime": "2024-01-19 01:31:51", "elapsed": 4815.871031, "delta": 0.00532}}
{"target": -13.760787769913222, "params": {"gamma": 894.8430422747673, "log10_alpha": 0.09835080898846371, "log10_colsample_bytree": -0.8375395845854636, "log10_eta": -1.0416888016446118, "log10_lambda": -3.20833749016654, "log10_min_child_weight": 4.927464509176493, "log10_subsample": -0.28370864938904594, "max_depth": 8.0, "num_boost_round": 19.0}, "datetime": {"datetime": "2024-01-19 01:31:51", "elapsed": 4815.876617, "delta": 0.005586}}
{"target": -13.761541845115989, "params": {"gamma": 894.8430422747673, "log10_alpha": 0.09835080898846371, "log10_colsample_bytree": -0.8375395845854636, "log10_eta": -1.0416888016446118, "log10_lambda": -3.20833749016654, "log10_min_child_weight": 4.927464509176493, "log10_subsample": -0.28370864938904594, "max_depth": 8.0, "num_boost_round": 20.0}, "datetime": {"datetime": "2024-01-19 01:31:51", "elapsed": 4815.881874, "delta": 0.005257}}
{"target": -13.761698854905104, "params": {"gamma": 894.8430422747673, "log10_alpha": 0.09835080898846371, "log10_colsample_bytree": -0.8375395845854636, "log10_eta": -1.0416888016446118, "log10_lambda": -3.20833749016654, "log10_min_child_weight": 4.927464509176493, "log10_subsample": -0.28370864938904594, "max_depth": 8.0, "num_boost_round": 21.0}, "datetime": {"datetime": "2024-01-19 01:31:51", "elapsed": 4815.887225, "delta": 0.005351}}
{"target": -13.762258947819308, "params": {"gamma": 894.8430422747673, "log10_alpha": 0.09835080898846371, "log10_colsample_bytree": -0.8375395845854636, "log10_eta": -1.0416888016446118, "log10_lambda": -3.20833749016654, "log10_min_child_weight": 4.927464509176493, "log10_subsample": -0.28370864938904594, "max_depth": 8.0, "num_boost_round": 22.0}, "datetime": {"datetime": "2024-01-19 01:31:51", "elapsed": 4815.892597, "delta": 0.005372}}
{"target": -13.76222771875066, "params": {"gamma": 894.8430422747673, "log10_alpha": 0.09835080898846371, "log10_colsample_bytree": -0.8375395845854636, "log10_eta": -1.0416888016446118, "log10_lambda": -3.20833749016654, "log10_min_child_weight": 4.927464509176493, "log10_subsample": -0.28370864938904594, "max_depth": 8.0, "num_boost_round": 23.0}, "datetime": {"datetime": "2024-01-19 01:31:51", "elapsed": 4815.897842, "delta": 0.005245}}
{"target": -13.762617293937819, "params": {"gamma": 894.8430422747673, "log10_alpha": 0.09835080898846371, "log10_colsample_bytree": -0.8375395845854636, "log10_eta": -1.0416888016446118, "log10_lambda": -3.20833749016654, "log10_min_child_weight": 4.927464509176493, "log10_subsample": -0.28370864938904594, "max_depth": 8.0, "num_boost_round": 24.0}, "datetime": {"datetime": "2024-01-19 01:31:51", "elapsed": 4815.90315, "delta": 0.005308}}
{"target": -13.762384462471106, "params": {"gamma": 894.8430422747673, "log10_alpha": 0.09835080898846371, "log10_colsample_bytree": -0.8375395845854636, "log10_eta": -1.0416888016446118, "log10_lambda": -3.20833749016654, "log10_min_child_weight": 4.927464509176493, "log10_subsample": -0.28370864938904594, "max_depth": 8.0, "num_boost_round": 25.0}, "datetime": {"datetime": "2024-01-19 01:31:51", "elapsed": 4815.908579, "delta": 0.005429}}
{"target": -13.763149883570252, "params": {"gamma": 894.8430422747673, "log10_alpha": 0.09835080898846371, "log10_colsample_bytree": -0.8375395845854636, "log10_eta": -1.0416888016446118, "log10_lambda": -3.20833749016654, "log10_min_child_weight": 4.927464509176493, "log10_subsample": -0.28370864938904594, "max_depth": 8.0, "num_boost_round": 26.0}, "datetime": {"datetime": "2024-01-19 01:31:51", "elapsed": 4815.913986, "delta": 0.005407}}
{"target": -13.763085917391383, "params": {"gamma": 894.8430422747673, "log10_alpha": 0.09835080898846371, "log10_colsample_bytree": -0.8375395845854636, "log10_eta": -1.0416888016446118, "log10_lambda": -3.20833749016654, "log10_min_child_weight": 4.927464509176493, "log10_subsample": -0.28370864938904594, "max_depth": 8.0, "num_boost_round": 27.0}, "datetime": {"datetime": "2024-01-19 01:31:51", "elapsed": 4815.919233, "delta": 0.005247}}
{"target": -13.763437485898251, "params": {"gamma": 894.8430422747673, "log10_alpha": 0.09835080898846371, "log10_colsample_bytree": -0.8375395845854636, "log10_eta": -1.0416888016446118, "log10_lambda": -3.20833749016654, "log10_min_child_weight": 4.927464509176493, "log10_subsample": -0.28370864938904594, "max_depth": 8.0, "num_boost_round": 28.0}, "datetime": {"datetime": "2024-01-19 01:31:51", "elapsed": 4815.924516, "delta": 0.005283}}
{"target": -13.763182401112752, "params": {"gamma": 894.8430422747673, "log10_alpha": 0.09835080898846371, "log10_colsample_bytree": -0.8375395845854636, "log10_eta": -1.0416888016446118, "log10_lambda": -3.20833749016654, "log10_min_child_weight": 4.927464509176493, "log10_subsample": -0.28370864938904594, "max_depth": 8.0, "num_boost_round": 29.0}, "datetime": {"datetime": "2024-01-19 01:31:51", "elapsed": 4815.92991, "delta": 0.005394}}
{"target": -13.763227553765486, "params": {"gamma": 894.8430422747673, "log10_alpha": 0.09835080898846371, "log10_colsample_bytree": -0.8375395845854636, "log10_eta": -1.0416888016446118, "log10_lambda": -3.20833749016654, "log10_min_child_weight": 4.927464509176493, "log10_subsample": -0.28370864938904594, "max_depth": 8.0, "num_boost_round": 30.0}, "datetime": {"datetime": "2024-01-19 01:31:51", "elapsed": 4815.935823, "delta": 0.005913}}
{"target": -13.763845410522606, "params": {"gamma": 894.8430422747673, "log10_alpha": 0.09835080898846371, "log10_colsample_bytree": -0.8375395845854636, "log10_eta": -1.0416888016446118, "log10_lambda": -3.20833749016654, "log10_min_child_weight": 4.927464509176493, "log10_subsample": -0.28370864938904594, "max_depth": 8.0, "num_boost_round": 31.0}, "datetime": {"datetime": "2024-01-19 01:31:51", "elapsed": 4815.941566, "delta": 0.005743}}
{"target": -13.76429466376302, "params": {"gamma": 894.8430422747673, "log10_alpha": 0.09835080898846371, "log10_colsample_bytree": -0.8375395845854636, "log10_eta": -1.0416888016446118, "log10_lambda": -3.20833749016654, "log10_min_child_weight": 4.927464509176493, "log10_subsample": -0.28370864938904594, "max_depth": 8.0, "num_boost_round": 32.0}, "datetime": {"datetime": "2024-01-19 01:31:51", "elapsed": 4815.947916, "delta": 0.00635}}
{"target": -13.764477845591129, "params": {"gamma": 894.8430422747673, "log10_alpha": 0.09835080898846371, "log10_colsample_bytree": -0.8375395845854636, "log10_eta": -1.0416888016446118, "log10_lambda": -3.20833749016654, "log10_min_child_weight": 4.927464509176493, "log10_subsample": -0.28370864938904594, "max_depth": 8.0, "num_boost_round": 33.0}, "datetime": {"datetime": "2024-01-19 01:31:51", "elapsed": 4815.953815, "delta": 0.005899}}
{"target": -13.764393974999336, "params": {"gamma": 894.8430422747673, "log10_alpha": 0.09835080898846371, "log10_colsample_bytree": -0.8375395845854636, "log10_eta": -1.0416888016446118, "log10_lambda": -3.20833749016654, "log10_min_child_weight": 4.927464509176493, "log10_subsample": -0.28370864938904594, "max_depth": 8.0, "num_boost_round": 34.0}, "datetime": {"datetime": "2024-01-19 01:31:51", "elapsed": 4815.959225, "delta": 0.00541}}
{"target": -13.765124301222057, "params": {"gamma": 894.8430422747673, "log10_alpha": 0.09835080898846371, "log10_colsample_bytree": -0.8375395845854636, "log10_eta": -1.0416888016446118, "log10_lambda": -3.20833749016654, "log10_min_child_weight": 4.927464509176493, "log10_subsample": -0.28370864938904594, "max_depth": 8.0, "num_boost_round": 35.0}, "datetime": {"datetime": "2024-01-19 01:31:51", "elapsed": 4815.964469, "delta": 0.005244}}
{"target": -13.765001957738436, "params": {"gamma": 894.8430422747673, "log10_alpha": 0.09835080898846371, "log10_colsample_bytree": -0.8375395845854636, "log10_eta": -1.0416888016446118, "log10_lambda": -3.20833749016654, "log10_min_child_weight": 4.927464509176493, "log10_subsample": -0.28370864938904594, "max_depth": 8.0, "num_boost_round": 36.0}, "datetime": {"datetime": "2024-01-19 01:31:51", "elapsed": 4815.969792, "delta": 0.005323}}
{"target": -13.765901841175356, "params": {"gamma": 894.8430422747673, "log10_alpha": 0.09835080898846371, "log10_colsample_bytree": -0.8375395845854636, "log10_eta": -1.0416888016446118, "log10_lambda": -3.20833749016654, "log10_min_child_weight": 4.927464509176493, "log10_subsample": -0.28370864938904594, "max_depth": 8.0, "num_boost_round": 37.0}, "datetime": {"datetime": "2024-01-19 01:31:51", "elapsed": 4815.975282, "delta": 0.00549}}
{"target": -13.766016343830216, "params": {"gamma": 894.8430422747673, "log10_alpha": 0.09835080898846371, "log10_colsample_bytree": -0.8375395845854636, "log10_eta": -1.0416888016446118, "log10_lambda": -3.20833749016654, "log10_min_child_weight": 4.927464509176493, "log10_subsample": -0.28370864938904594, "max_depth": 8.0, "num_boost_round": 38.0}, "datetime": {"datetime": "2024-01-19 01:31:51", "elapsed": 4815.980642, "delta": 0.00536}}
{"target": -13.766518243540744, "params": {"gamma": 894.8430422747673, "log10_alpha": 0.09835080898846371, "log10_colsample_bytree": -0.8375395845854636, "log10_eta": -1.0416888016446118, "log10_lambda": -3.20833749016654, "log10_min_child_weight": 4.927464509176493, "log10_subsample": -0.28370864938904594, "max_depth": 8.0, "num_boost_round": 39.0}, "datetime": {"datetime": "2024-01-19 01:31:51", "elapsed": 4815.986028, "delta": 0.005386}}
{"target": -13.766873684030266, "params": {"gamma": 894.8430422747673, "log10_alpha": 0.09835080898846371, "log10_colsample_bytree": -0.8375395845854636, "log10_eta": -1.0416888016446118, "log10_lambda": -3.20833749016654, "log10_min_child_weight": 4.927464509176493, "log10_subsample": -0.28370864938904594, "max_depth": 8.0, "num_boost_round": 40.0}, "datetime": {"datetime": "2024-01-19 01:31:51", "elapsed": 4815.991373, "delta": 0.005345}}
{"target": -13.766628875775847, "params": {"gamma": 894.8430422747673, "log10_alpha": 0.09835080898846371, "log10_colsample_bytree": -0.8375395845854636, "log10_eta": -1.0416888016446118, "log10_lambda": -3.20833749016654, "log10_min_child_weight": 4.927464509176493, "log10_subsample": -0.28370864938904594, "max_depth": 8.0, "num_boost_round": 41.0}, "datetime": {"datetime": "2024-01-19 01:31:51", "elapsed": 4815.9967, "delta": 0.005327}}
{"target": -13.766672477831461, "params": {"gamma": 894.8430422747673, "log10_alpha": 0.09835080898846371, "log10_colsample_bytree": -0.8375395845854636, "log10_eta": -1.0416888016446118, "log10_lambda": -3.20833749016654, "log10_min_child_weight": 4.927464509176493, "log10_subsample": -0.28370864938904594, "max_depth": 8.0, "num_boost_round": 42.0}, "datetime": {"datetime": "2024-01-19 01:31:51", "elapsed": 4816.002136, "delta": 0.005436}}
{"target": -13.766801073915772, "params": {"gamma": 894.8430422747673, "log10_alpha": 0.09835080898846371, "log10_colsample_bytree": -0.8375395845854636, "log10_eta": -1.0416888016446118, "log10_lambda": -3.20833749016654, "log10_min_child_weight": 4.927464509176493, "log10_subsample": -0.28370864938904594, "max_depth": 8.0, "num_boost_round": 43.0}, "datetime": {"datetime": "2024-01-19 01:31:51", "elapsed": 4816.125731, "delta": 0.123595}}
{"target": -13.76721032311364, "params": {"gamma": 894.8430422747673, "log10_alpha": 0.09835080898846371, "log10_colsample_bytree": -0.8375395845854636, "log10_eta": -1.0416888016446118, "log10_lambda": -3.20833749016654, "log10_min_child_weight": 4.927464509176493, "log10_subsample": -0.28370864938904594, "max_depth": 8.0, "num_boost_round": 44.0}, "datetime": {"datetime": "2024-01-19 01:31:51", "elapsed": 4816.132062, "delta": 0.006331}}
{"target": -13.767272715376802, "params": {"gamma": 894.8430422747673, "log10_alpha": 0.09835080898846371, "log10_colsample_bytree": -0.8375395845854636, "log10_eta": -1.0416888016446118, "log10_lambda": -3.20833749016654, "log10_min_child_weight": 4.927464509176493, "log10_subsample": -0.28370864938904594, "max_depth": 8.0, "num_boost_round": 45.0}, "datetime": {"datetime": "2024-01-19 01:31:51", "elapsed": 4816.138065, "delta": 0.006003}}
{"target": -13.767267509137122, "params": {"gamma": 894.8430422747673, "log10_alpha": 0.09835080898846371, "log10_colsample_bytree": -0.8375395845854636, "log10_eta": -1.0416888016446118, "log10_lambda": -3.20833749016654, "log10_min_child_weight": 4.927464509176493, "log10_subsample": -0.28370864938904594, "max_depth": 8.0, "num_boost_round": 46.0}, "datetime": {"datetime": "2024-01-19 01:31:51", "elapsed": 4816.143775, "delta": 0.00571}}
{"target": -13.767861568970954, "params": {"gamma": 894.8430422747673, "log10_alpha": 0.09835080898846371, "log10_colsample_bytree": -0.8375395845854636, "log10_eta": -1.0416888016446118, "log10_lambda": -3.20833749016654, "log10_min_child_weight": 4.927464509176493, "log10_subsample": -0.28370864938904594, "max_depth": 8.0, "num_boost_round": 47.0}, "datetime": {"datetime": "2024-01-19 01:31:51", "elapsed": 4816.149363, "delta": 0.005588}}
{"target": -13.768809893628086, "params": {"gamma": 894.8430422747673, "log10_alpha": 0.09835080898846371, "log10_colsample_bytree": -0.8375395845854636, "log10_eta": -1.0416888016446118, "log10_lambda": -3.20833749016654, "log10_min_child_weight": 4.927464509176493, "log10_subsample": -0.28370864938904594, "max_depth": 8.0, "num_boost_round": 48.0}, "datetime": {"datetime": "2024-01-19 01:31:51", "elapsed": 4816.155048, "delta": 0.005685}}
{"target": -13.769387672817873, "params": {"gamma": 894.8430422747673, "log10_alpha": 0.09835080898846371, "log10_colsample_bytree": -0.8375395845854636, "log10_eta": -1.0416888016446118, "log10_lambda": -3.20833749016654, "log10_min_child_weight": 4.927464509176493, "log10_subsample": -0.28370864938904594, "max_depth": 8.0, "num_boost_round": 49.0}, "datetime": {"datetime": "2024-01-19 01:31:51", "elapsed": 4816.160796, "delta": 0.005748}}
{"target": -13.769893756528809, "params": {"gamma": 894.8430422747673, "log10_alpha": 0.09835080898846371, "log10_colsample_bytree": -0.8375395845854636, "log10_eta": -1.0416888016446118, "log10_lambda": -3.20833749016654, "log10_min_child_weight": 4.927464509176493, "log10_subsample": -0.28370864938904594, "max_depth": 8.0, "num_boost_round": 50.0}, "datetime": {"datetime": "2024-01-19 01:31:51", "elapsed": 4816.166278, "delta": 0.005482}}
{"target": -13.769998962087163, "params": {"gamma": 894.8430422747673, "log10_alpha": 0.09835080898846371, "log10_colsample_bytree": -0.8375395845854636, "log10_eta": -1.0416888016446118, "log10_lambda": -3.20833749016654, "log10_min_child_weight": 4.927464509176493, "log10_subsample": -0.28370864938904594, "max_depth": 8.0, "num_boost_round": 51.0}, "datetime": {"datetime": "2024-01-19 01:31:51", "elapsed": 4816.171816, "delta": 0.005538}}
{"target": -13.770473739748489, "params": {"gamma": 894.8430422747673, "log10_alpha": 0.09835080898846371, "log10_colsample_bytree": -0.8375395845854636, "log10_eta": -1.0416888016446118, "log10_lambda": -3.20833749016654, "log10_min_child_weight": 4.927464509176493, "log10_subsample": -0.28370864938904594, "max_depth": 8.0, "num_boost_round": 52.0}, "datetime": {"datetime": "2024-01-19 01:31:51", "elapsed": 4816.178174, "delta": 0.006358}}
{"target": -13.770307873250095, "params": {"gamma": 894.8430422747673, "log10_alpha": 0.09835080898846371, "log10_colsample_bytree": -0.8375395845854636, "log10_eta": -1.0416888016446118, "log10_lambda": -3.20833749016654, "log10_min_child_weight": 4.927464509176493, "log10_subsample": -0.28370864938904594, "max_depth": 8.0, "num_boost_round": 53.0}, "datetime": {"datetime": "2024-01-19 01:31:51", "elapsed": 4816.183882, "delta": 0.005708}}
{"target": -13.770541110827578, "params": {"gamma": 894.8430422747673, "log10_alpha": 0.09835080898846371, "log10_colsample_bytree": -0.8375395845854636, "log10_eta": -1.0416888016446118, "log10_lambda": -3.20833749016654, "log10_min_child_weight": 4.927464509176493, "log10_subsample": -0.28370864938904594, "max_depth": 8.0, "num_boost_round": 54.0}, "datetime": {"datetime": "2024-01-19 01:31:51", "elapsed": 4816.189526, "delta": 0.005644}}
