{"target": -13.758529909726645, "params": {"gamma": 147.3295765248822, "log10_alpha": 0.9932720817295495, "log10_colsample_bytree": -0.7133703775001395, "log10_eta": -3.656988103196677, "log10_lambda": 0.884532644784187, "log10_min_child_weight": 3.0262479771437008, "log10_subsample": -0.7853418662403023, "max_depth": 9.0, "num_boost_round": 3.0}, "datetime": {"datetime": "2024-01-19 00:39:55", "elapsed": 1703.195162, "delta": 0.001956}}
{"target": -13.75852642558208, "params": {"gamma": 147.3295765248822, "log10_alpha": 0.9932720817295495, "log10_colsample_bytree": -0.7133703775001395, "log10_eta": -3.656988103196677, "log10_lambda": 0.884532644784187, "log10_min_child_weight": 3.0262479771437008, "log10_subsample": -0.7853418662403023, "max_depth": 9.0, "num_boost_round": 4.0}, "datetime": {"datetime": "2024-01-19 00:39:55", "elapsed": 1703.197241, "delta": 0.002079}}
{"target": -13.758523483185321, "params": {"gamma": 147.3295765248822, "log10_alpha": 0.9932720817295495, "log10_colsample_bytree": -0.7133703775001395, "log10_eta": -3.656988103196677, "log10_lambda": 0.884532644784187, "log10_min_child_weight": 3.0262479771437008, "log10_subsample": -0.7853418662403023, "max_depth": 9.0, "num_boost_round": 5.0}, "datetime": {"datetime": "2024-01-19 00:39:55", "elapsed": 1703.199275, "delta": 0.002034}}
{"target": -13.758519324607837, "params": {"gamma": 147.3295765248822, "log10_alpha": 0.9932720817295495, "log10_colsample_bytree": -0.7133703775001395, "log10_eta": -3.656988103196677, "log10_lambda": 0.884532644784187, "log10_min_child_weight": 3.0262479771437008, "log10_subsample": -0.7853418662403023, "max_depth": 9.0, "num_boost_round": 6.0}, "datetime": {"datetime": "2024-01-19 00:39:55", "elapsed": 1703.20124, "delta": 0.001965}}
{"target": -13.758515658417853, "params": {"gamma": 147.3295765248822, "log10_alpha": 0.9932720817295495, "log10_colsample_bytree": -0.7133703775001395, "log10_eta": -3.656988103196677, "log10_lambda": 0.884532644784187, "log10_min_child_weight": 3.0262479771437008, "log10_subsample": -0.7853418662403023, "max_depth": 9.0, "num_boost_round": 7.0}, "datetime": {"datetime": "2024-01-19 00:39:55", "elapsed": 1703.203176, "delta": 0.001936}}
{"target": -13.758510024761089, "params": {"gamma": 147.3295765248822, "log10_alpha": 0.9932720817295495, "log10_colsample_bytree": -0.7133703775001395, "log10_eta": -3.656988103196677, "log10_lambda": 0.884532644784187, "log10_min_child_weight": 3.0262479771437008, "log10_subsample": -0.7853418662403023, "max_depth": 9.0, "num_boost_round": 8.0}, "datetime": {"datetime": "2024-01-19 00:39:55", "elapsed": 1703.205109, "delta": 0.001933}}
{"target": -13.758508980925594, "params": {"gamma": 147.3295765248822, "log10_alpha": 0.9932720817295495, "log10_colsample_bytree": -0.7133703775001395, "log10_eta": -3.656988103196677, "log10_lambda": 0.884532644784187, "log10_min_child_weight": 3.0262479771437008, "log10_subsample": -0.7853418662403023, "max_depth": 9.0, "num_boost_round": 9.0}, "datetime": {"datetime": "2024-01-19 00:39:55", "elapsed": 1703.207032, "delta": 0.001923}}
{"target": -13.75850077884301, "params": {"gamma": 147.3295765248822, "log10_alpha": 0.9932720817295495, "log10_colsample_bytree": -0.7133703775001395, "log10_eta": -3.656988103196677, "log10_lambda": 0.884532644784187, "log10_min_child_weight": 3.0262479771437008, "log10_subsample": -0.7853418662403023, "max_depth": 9.0, "num_boost_round": 10.0}, "datetime": {"datetime": "2024-01-19 00:39:55", "elapsed": 1703.208969, "delta": 0.001937}}
{"target": -13.758501699823396, "params": {"gamma": 147.3295765248822, "log10_alpha": 0.9932720817295495, "log10_colsample_bytree": -0.7133703775001395, "log10_eta": -3.656988103196677, "log10_lambda": 0.884532644784187, "log10_min_child_weight": 3.0262479771437008, "log10_subsample": -0.7853418662403023, "max_depth": 9.0, "num_boost_round": 11.0}, "datetime": {"datetime": "2024-01-19 00:39:55", "elapsed": 1703.211019, "delta": 0.00205}}
{"target": -13.75849381889162, "params": {"gamma": 147.3295765248822, "log10_alpha": 0.9932720817295495, "log10_colsample_bytree": -0.7133703775001395, "log10_eta": -3.656988103196677, "log10_lambda": 0.884532644784187, "log10_min_child_weight": 3.0262479771437008, "log10_subsample": -0.7853418662403023, "max_depth": 9.0, "num_boost_round": 12.0}, "datetime": {"datetime": "2024-01-19 00:39:55", "elapsed": 1703.212947, "delta": 0.001928}}
{"target": -13.758494680742652, "params": {"gamma": 147.3295765248822, "log10_alpha": 0.9932720817295495, "log10_colsample_bytree": -0.7133703775001395, "log10_eta": -3.656988103196677, "log10_lambda": 0.884532644784187, "log10_min_child_weight": 3.0262479771437008, "log10_subsample": -0.7853418662403023, "max_depth": 9.0, "num_boost_round": 13.0}, "datetime": {"datetime": "2024-01-19 00:39:55", "elapsed": 1703.214863, "delta": 0.001916}}
{"target": -13.758491284778133, "params": {"gamma": 147.3295765248822, "log10_alpha": 0.9932720817295495, "log10_colsample_bytree": -0.7133703775001395, "log10_eta": -3.656988103196677, "log10_lambda": 0.884532644784187, "log10_min_child_weight": 3.0262479771437008, "log10_subsample": -0.7853418662403023, "max_depth": 9.0, "num_boost_round": 14.0}, "datetime": {"datetime": "2024-01-19 00:39:55", "elapsed": 1703.216818, "delta": 0.001955}}
{"target": -13.758366592777124, "params": {"gamma": 142.60712961968147, "log10_alpha": 0.7788342119297518, "log10_colsample_bytree": -0.8281423236829869, "log10_eta": -2.0787587706713135, "log10_lambda": -4.304909769007594, "log10_min_child_weight": 3.360343130834305, "log10_subsample": -0.8042243969209925, "max_depth": 8.0, "num_boost_round": 0.0}, "datetime": {"datetime": "2024-01-19 00:40:20", "elapsed": 1728.053992, "delta": 24.837174}}
{"target": -13.758273084238212, "params": {"gamma": 142.60712961968147, "log10_alpha": 0.7788342119297518, "log10_colsample_bytree": -0.8281423236829869, "log10_eta": -2.0787587706713135, "log10_lambda": -4.304909769007594, "log10_min_child_weight": 3.360343130834305, "log10_subsample": -0.8042243969209925, "max_depth": 8.0, "num_boost_round": 1.0}, "datetime": {"datetime": "2024-01-19 00:40:20", "elapsed": 1728.056189, "delta": 0.002197}}
{"target": -13.758107053510198, "params": {"gamma": 142.60712961968147, "log10_alpha": 0.7788342119297518, "log10_colsample_bytree": -0.8281423236829869, "log10_eta": -2.0787587706713135, "log10_lambda": -4.304909769007594, "log10_min_child_weight": 3.360343130834305, "log10_subsample": -0.8042243969209925, "max_depth": 8.0, "num_boost_round": 2.0}, "datetime": {"datetime": "2024-01-19 00:40:20", "elapsed": 1728.058665, "delta": 0.002476}}
{"target": -13.75807520949986, "params": {"gamma": 142.60712961968147, "log10_alpha": 0.7788342119297518, "log10_colsample_bytree": -0.8281423236829869, "log10_eta": -2.0787587706713135, "log10_lambda": -4.304909769007594, "log10_min_child_weight": 3.360343130834305, "log10_subsample": -0.8042243969209925, "max_depth": 8.0, "num_boost_round": 3.0}, "datetime": {"datetime": "2024-01-19 00:40:20", "elapsed": 1728.061586, "delta": 0.002921}}
{"target": -13.7581760521282, "params": {"gamma": 142.60712961968147, "log10_alpha": 0.7788342119297518, "log10_colsample_bytree": -0.8281423236829869, "log10_eta": -2.0787587706713135, "log10_lambda": -4.304909769007594, "log10_min_child_weight": 3.360343130834305, "log10_subsample": -0.8042243969209925, "max_depth": 8.0, "num_boost_round": 4.0}, "datetime": {"datetime": "2024-01-19 00:40:20", "elapsed": 1728.0636, "delta": 0.002014}}
{"target": -13.758048583540878, "params": {"gamma": 142.60712961968147, "log10_alpha": 0.7788342119297518, "log10_colsample_bytree": -0.8281423236829869, "log10_eta": -2.0787587706713135, "log10_lambda": -4.304909769007594, "log10_min_child_weight": 3.360343130834305, "log10_subsample": -0.8042243969209925, "max_depth": 8.0, "num_boost_round": 5.0}, "datetime": {"datetime": "2024-01-19 00:40:20", "elapsed": 1728.065567, "delta": 0.001967}}
{"target": -13.75806777019479, "params": {"gamma": 142.60712961968147, "log10_alpha": 0.7788342119297518, "log10_colsample_bytree": -0.8281423236829869, "log10_eta": -2.0787587706713135, "log10_lambda": -4.304909769007594, "log10_min_child_weight": 3.360343130834305, "log10_subsample": -0.8042243969209925, "max_depth": 8.0, "num_boost_round": 6.0}, "datetime": {"datetime": "2024-01-19 00:40:20", "elapsed": 1728.067595, "delta": 0.002028}}
{"target": -13.757993108154096, "params": {"gamma": 142.60712961968147, "log10_alpha": 0.7788342119297518, "log10_colsample_bytree": -0.8281423236829869, "log10_eta": -2.0787587706713135, "log10_lambda": -4.304909769007594, "log10_min_child_weight": 3.360343130834305, "log10_subsample": -0.8042243969209925, "max_depth": 8.0, "num_boost_round": 7.0}, "datetime": {"datetime": "2024-01-19 00:40:20", "elapsed": 1728.06958, "delta": 0.001985}}
{"target": -13.757816895756052, "params": {"gamma": 142.60712961968147, "log10_alpha": 0.7788342119297518, "log10_colsample_bytree": -0.8281423236829869, "log10_eta": -2.0787587706713135, "log10_lambda": -4.304909769007594, "log10_min_child_weight": 3.360343130834305, "log10_subsample": -0.8042243969209925, "max_depth": 8.0, "num_boost_round": 8.0}, "datetime": {"datetime": "2024-01-19 00:40:20", "elapsed": 1728.07164, "delta": 0.00206}}
{"target": -13.757810798449798, "params": {"gamma": 142.60712961968147, "log10_alpha": 0.7788342119297518, "log10_colsample_bytree": -0.8281423236829869, "log10_eta": -2.0787587706713135, "log10_lambda": -4.304909769007594, "log10_min_child_weight": 3.360343130834305, "log10_subsample": -0.8042243969209925, "max_depth": 8.0, "num_boost_round": 9.0}, "datetime": {"datetime": "2024-01-19 00:40:20", "elapsed": 1728.073613, "delta": 0.001973}}
{"target": -13.758523792058565, "params": {"gamma": 176.49988773841295, "log10_alpha": -4.538115662304089, "log10_colsample_bytree": -0.6863199610779986, "log10_eta": -2.91026594744677, "log10_lambda": -0.8073266375182211, "log10_min_child_weight": 2.1618904573316273, "log10_subsample": -0.7231342432244243, "max_depth": 2.0, "num_boost_round": 0.0}, "datetime": {"datetime": "2024-01-19 00:40:45", "elapsed": 1753.278529, "delta": 25.204916}}
{"target": -13.758489933195714, "params": {"gamma": 176.49988773841295, "log10_alpha": -4.538115662304089, "log10_colsample_bytree": -0.6863199610779986, "log10_eta": -2.91026594744677, "log10_lambda": -0.8073266375182211, "log10_min_child_weight": 2.1618904573316273, "log10_subsample": -0.7231342432244243, "max_depth": 2.0, "num_boost_round": 1.0}, "datetime": {"datetime": "2024-01-19 00:40:45", "elapsed": 1753.281419, "delta": 0.00289}}
{"target": -13.7584881530084, "params": {"gamma": 176.49988773841295, "log10_alpha": -4.538115662304089, "log10_colsample_bytree": -0.6863199610779986, "log10_eta": -2.91026594744677, "log10_lambda": -0.8073266375182211, "log10_min_child_weight": 2.1618904573316273, "log10_subsample": -0.7231342432244243, "max_depth": 2.0, "num_boost_round": 2.0}, "datetime": {"datetime": "2024-01-19 00:40:45", "elapsed": 1753.284032, "delta": 0.002613}}
{"target": -13.758485664579236, "params": {"gamma": 176.49988773841295, "log10_alpha": -4.538115662304089, "log10_colsample_bytree": -0.6863199610779986, "log10_eta": -2.91026594744677, "log10_lambda": -0.8073266375182211, "log10_min_child_weight": 2.1618904573316273, "log10_subsample": -0.7231342432244243, "max_depth": 2.0, "num_boost_round": 3.0}, "datetime": {"datetime": "2024-01-19 00:40:45", "elapsed": 1753.286427, "delta": 0.002395}}
{"target": -13.758477420383327, "params": {"gamma": 176.49988773841295, "log10_alpha": -4.538115662304089, "log10_colsample_bytree": -0.6863199610779986, "log10_eta": -2.91026594744677, "log10_lambda": -0.8073266375182211, "log10_min_child_weight": 2.1618904573316273, "log10_subsample": -0.7231342432244243, "max_depth": 2.0, "num_boost_round": 4.0}, "datetime": {"datetime": "2024-01-19 00:40:45", "elapsed": 1753.288538, "delta": 0.002111}}
{"target": -13.758473199639477, "params": {"gamma": 176.49988773841295, "log10_alpha": -4.538115662304089, "log10_colsample_bytree": -0.6863199610779986, "log10_eta": -2.91026594744677, "log10_lambda": -0.8073266375182211, "log10_min_child_weight": 2.1618904573316273, "log10_subsample": -0.7231342432244243, "max_depth": 2.0, "num_boost_round": 5.0}, "datetime": {"datetime": "2024-01-19 00:40:45", "elapsed": 1753.290733, "delta": 0.002195}}
{"target": -13.758469273811507, "params": {"gamma": 176.49988773841295, "log10_alpha": -4.538115662304089, "log10_colsample_bytree": -0.6863199610779986, "log10_eta": -2.91026594744677, "log10_lambda": -0.8073266375182211, "log10_min_child_weight": 2.1618904573316273, "log10_subsample": -0.7231342432244243, "max_depth": 2.0, "num_boost_round": 6.0}, "datetime": {"datetime": "2024-01-19 00:40:45", "elapsed": 1753.292959, "delta": 0.002226}}
{"target": -13.758460708309858, "params": {"gamma": 176.49988773841295, "log10_alpha": -4.538115662304089, "log10_colsample_bytree": -0.6863199610779986, "log10_eta": -2.91026594744677, "log10_lambda": -0.8073266375182211, "log10_min_child_weight": 2.1618904573316273, "log10_subsample": -0.7231342432244243, "max_depth": 2.0, "num_boost_round": 7.0}, "datetime": {"datetime": "2024-01-19 00:40:45", "elapsed": 1753.295112, "delta": 0.002153}}
{"target": -13.75844546938388, "params": {"gamma": 176.49988773841295, "log10_alpha": -4.538115662304089, "log10_colsample_bytree": -0.6863199610779986, "log10_eta": -2.91026594744677, "log10_lambda": -0.8073266375182211, "log10_min_child_weight": 2.1618904573316273, "log10_subsample": -0.7231342432244243, "max_depth": 2.0, "num_boost_round": 8.0}, "datetime": {"datetime": "2024-01-19 00:40:45", "elapsed": 1753.297151, "delta": 0.002039}}
{"target": -13.758437809243715, "params": {"gamma": 176.49988773841295, "log10_alpha": -4.538115662304089, "log10_colsample_bytree": -0.6863199610779986, "log10_eta": -2.91026594744677, "log10_lambda": -0.8073266375182211, "log10_min_child_weight": 2.1618904573316273, "log10_subsample": -0.7231342432244243, "max_depth": 2.0, "num_boost_round": 9.0}, "datetime": {"datetime": "2024-01-19 00:40:45", "elapsed": 1753.299169, "delta": 0.002018}}
{"target": -13.758421665987552, "params": {"gamma": 176.49988773841295, "log10_alpha": -4.538115662304089, "log10_colsample_bytree": -0.6863199610779986, "log10_eta": -2.91026594744677, "log10_lambda": -0.8073266375182211, "log10_min_child_weight": 2.1618904573316273, "log10_subsample": -0.7231342432244243, "max_depth": 2.0, "num_boost_round": 10.0}, "datetime": {"datetime": "2024-01-19 00:40:45", "elapsed": 1753.301204, "delta": 0.002035}}
{"target": -13.758408371660094, "params": {"gamma": 176.49988773841295, "log10_alpha": -4.538115662304089, "log10_colsample_bytree": -0.6863199610779986, "log10_eta": -2.91026594744677, "log10_lambda": -0.8073266375182211, "log10_min_child_weight": 2.1618904573316273, "log10_subsample": -0.7231342432244243, "max_depth": 2.0, "num_boost_round": 11.0}, "datetime": {"datetime": "2024-01-19 00:40:45", "elapsed": 1753.303275, "delta": 0.002071}}
{"target": -13.75838622248108, "params": {"gamma": 176.49988773841295, "log10_alpha": -4.538115662304089, "log10_colsample_bytree": -0.6863199610779986, "log10_eta": -2.91026594744677, "log10_lambda": -0.8073266375182211, "log10_min_child_weight": 2.1618904573316273, "log10_subsample": -0.7231342432244243, "max_depth": 2.0, "num_boost_round": 12.0}, "datetime": {"datetime": "2024-01-19 00:40:45", "elapsed": 1753.305342, "delta": 0.002067}}
{"target": -13.758375286136722, "params": {"gamma": 176.49988773841295, "log10_alpha": -4.538115662304089, "log10_colsample_bytree": -0.6863199610779986, "log10_eta": -2.91026594744677, "log10_lambda": -0.8073266375182211, "log10_min_child_weight": 2.1618904573316273, "log10_subsample": -0.7231342432244243, "max_depth": 2.0, "num_boost_round": 13.0}, "datetime": {"datetime": "2024-01-19 00:40:45", "elapsed": 1753.307387, "delta": 0.002045}}
{"target": -13.75837042112002, "params": {"gamma": 176.49988773841295, "log10_alpha": -4.538115662304089, "log10_colsample_bytree": -0.6863199610779986, "log10_eta": -2.91026594744677, "log10_lambda": -0.8073266375182211, "log10_min_child_weight": 2.1618904573316273, "log10_subsample": -0.7231342432244243, "max_depth": 2.0, "num_boost_round": 14.0}, "datetime": {"datetime": "2024-01-19 00:40:45", "elapsed": 1753.309408, "delta": 0.002021}}
{"target": -13.758357301101572, "params": {"gamma": 176.49988773841295, "log10_alpha": -4.538115662304089, "log10_colsample_bytree": -0.6863199610779986, "log10_eta": -2.91026594744677, "log10_lambda": -0.8073266375182211, "log10_min_child_weight": 2.1618904573316273, "log10_subsample": -0.7231342432244243, "max_depth": 2.0, "num_boost_round": 15.0}, "datetime": {"datetime": "2024-01-19 00:40:45", "elapsed": 1753.311453, "delta": 0.002045}}
{"target": -13.758348476814675, "params": {"gamma": 176.49988773841295, "log10_alpha": -4.538115662304089, "log10_colsample_bytree": -0.6863199610779986, "log10_eta": -2.91026594744677, "log10_lambda": -0.8073266375182211, "log10_min_child_weight": 2.1618904573316273, "log10_subsample": -0.7231342432244243, "max_depth": 2.0, "num_boost_round": 16.0}, "datetime": {"datetime": "2024-01-19 00:40:45", "elapsed": 1753.313467, "delta": 0.002014}}
{"target": -13.758719323849963, "params": {"gamma": 139.4198661045045, "log10_alpha": -3.5157843664257493, "log10_colsample_bytree": -0.13904274776340808, "log10_eta": -1.5713162509385317, "log10_lambda": -2.5465421845657463, "log10_min_child_weight": 2.709883345671786, "log10_subsample": -0.794898736609417, "max_depth": 6.0, "num_boost_round": 0.0}, "datetime": {"datetime": "2024-01-19 00:41:10", "elapsed": 1778.277343, "delta": 24.963876}}
{"target": -13.758230049529509, "params": {"gamma": 139.4198661045045, "log10_alpha": -3.5157843664257493, "log10_colsample_bytree": -0.13904274776340808, "log10_eta": -1.5713162509385317, "log10_lambda": -2.5465421845657463, "log10_min_child_weight": 2.709883345671786, "log10_subsample": -0.794898736609417, "max_depth": 6.0, "num_boost_round": 1.0}, "datetime": {"datetime": "2024-01-19 00:41:10", "elapsed": 1778.281126, "delta": 0.003783}}
{"target": -13.758441914286243, "params": {"gamma": 139.4198661045045, "log10_alpha": -3.5157843664257493, "log10_colsample_bytree": -0.13904274776340808, "log10_eta": -1.5713162509385317, "log10_lambda": -2.5465421845657463, "log10_min_child_weight": 2.709883345671786, "log10_subsample": -0.794898736609417, "max_depth": 6.0, "num_boost_round": 2.0}, "datetime": {"datetime": "2024-01-19 00:41:10", "elapsed": 1778.283559, "delta": 0.002433}}
{"target": -13.75888066154724, "params": {"gamma": 139.4198661045045, "log10_alpha": -3.5157843664257493, "log10_colsample_bytree": -0.13904274776340808, "log10_eta": -1.5713162509385317, "log10_lambda": -2.5465421845657463, "log10_min_child_weight": 2.709883345671786, "log10_subsample": -0.794898736609417, "max_depth": 6.0, "num_boost_round": 3.0}, "datetime": {"datetime": "2024-01-19 00:41:10", "elapsed": 1778.285913, "delta": 0.002354}}
{"target": -13.7582376313533, "params": {"gamma": 139.4198661045045, "log10_alpha": -3.5157843664257493, "log10_colsample_bytree": -0.13904274776340808, "log10_eta": -1.5713162509385317, "log10_lambda": -2.5465421845657463, "log10_min_child_weight": 2.709883345671786, "log10_subsample": -0.794898736609417, "max_depth": 6.0, "num_boost_round": 4.0}, "datetime": {"datetime": "2024-01-19 00:41:10", "elapsed": 1778.288399, "delta": 0.002486}}
{"target": -13.758388146989327, "params": {"gamma": 139.4198661045045, "log10_alpha": -3.5157843664257493, "log10_colsample_bytree": -0.13904274776340808, "log10_eta": -1.5713162509385317, "log10_lambda": -2.5465421845657463, "log10_min_child_weight": 2.709883345671786, "log10_subsample": -0.794898736609417, "max_depth": 6.0, "num_boost_round": 5.0}, "datetime": {"datetime": "2024-01-19 00:41:10", "elapsed": 1778.290694, "delta": 0.002295}}
{"target": -13.758585687281617, "params": {"gamma": 139.4198661045045, "log10_alpha": -3.5157843664257493, "log10_colsample_bytree": -0.13904274776340808, "log10_eta": -1.5713162509385317, "log10_lambda": -2.5465421845657463, "log10_min_child_weight": 2.709883345671786, "log10_subsample": -0.794898736609417, "max_depth": 6.0, "num_boost_round": 6.0}, "datetime": {"datetime": "2024-01-19 00:41:10", "elapsed": 1778.292871, "delta": 0.002177}}
{"target": -13.758251894797594, "params": {"gamma": 139.4198661045045, "log10_alpha": -3.5157843664257493, "log10_colsample_bytree": -0.13904274776340808, "log10_eta": -1.5713162509385317, "log10_lambda": -2.5465421845657463, "log10_min_child_weight": 2.709883345671786, "log10_subsample": -0.794898736609417, "max_depth": 6.0, "num_boost_round": 7.0}, "datetime": {"datetime": "2024-01-19 00:41:10", "elapsed": 1778.294925, "delta": 0.002054}}
{"target": -13.758543942956269, "params": {"gamma": 139.4198661045045, "log10_alpha": -3.5157843664257493, "log10_colsample_bytree": -0.13904274776340808, "log10_eta": -1.5713162509385317, "log10_lambda": -2.5465421845657463, "log10_min_child_weight": 2.709883345671786, "log10_subsample": -0.794898736609417, "max_depth": 6.0, "num_boost_round": 8.0}, "datetime": {"datetime": "2024-01-19 00:41:10", "elapsed": 1778.296876, "delta": 0.001951}}
{"target": -13.758918181710579, "params": {"gamma": 139.4198661045045, "log10_alpha": -3.5157843664257493, "log10_colsample_bytree": -0.13904274776340808, "log10_eta": -1.5713162509385317, "log10_lambda": -2.5465421845657463, "log10_min_child_weight": 2.709883345671786, "log10_subsample": -0.794898736609417, "max_depth": 6.0, "num_boost_round": 9.0}, "datetime": {"datetime": "2024-01-19 00:41:10", "elapsed": 1778.298875, "delta": 0.001999}}
