{"target": -13.755114941433328, "params": {"gamma": 942.1657668855124, "log10_alpha": -2.129194560706938, "log10_colsample_bytree": -0.4964627610027731, "log10_eta": -1.6799270466494542, "log10_lambda": 0.6329521393262523, "log10_min_child_weight": 0.9715019877455755, "log10_subsample": -0.8442312304683713, "max_depth": 9.0, "num_boost_round": 3.0}, "datetime": {"datetime": "2024-01-19 01:32:38", "elapsed": 4859.356801, "delta": 0.005445}}
{"target": -13.754826680316835, "params": {"gamma": 942.1657668855124, "log10_alpha": -2.129194560706938, "log10_colsample_bytree": -0.4964627610027731, "log10_eta": -1.6799270466494542, "log10_lambda": 0.6329521393262523, "log10_min_child_weight": 0.9715019877455755, "log10_subsample": -0.8442312304683713, "max_depth": 9.0, "num_boost_round": 4.0}, "datetime": {"datetime": "2024-01-19 01:32:38", "elapsed": 4859.362462, "delta": 0.005661}}
{"target": -13.755815402980929, "params": {"gamma": 942.1657668855124, "log10_alpha": -2.129194560706938, "log10_colsample_bytree": -0.4964627610027731, "log10_eta": -1.6799270466494542, "log10_lambda": 0.6329521393262523, "log10_min_child_weight": 0.9715019877455755, "log10_subsample": -0.8442312304683713, "max_depth": 9.0, "num_boost_round": 5.0}, "datetime": {"datetime": "2024-01-19 01:32:38", "elapsed": 4859.36791, "delta": 0.005448}}
{"target": -13.756260488400194, "params": {"gamma": 942.1657668855124, "log10_alpha": -2.129194560706938, "log10_colsample_bytree": -0.4964627610027731, "log10_eta": -1.6799270466494542, "log10_lambda": 0.6329521393262523, "log10_min_child_weight": 0.9715019877455755, "log10_subsample": -0.8442312304683713, "max_depth": 9.0, "num_boost_round": 6.0}, "datetime": {"datetime": "2024-01-19 01:32:38", "elapsed": 4859.373292, "delta": 0.005382}}
{"target": -13.756492785402608, "params": {"gamma": 942.1657668855124, "log10_alpha": -2.129194560706938, "log10_colsample_bytree": -0.4964627610027731, "log10_eta": -1.6799270466494542, "log10_lambda": 0.6329521393262523, "log10_min_child_weight": 0.9715019877455755, "log10_subsample": -0.8442312304683713, "max_depth": 9.0, "num_boost_round": 7.0}, "datetime": {"datetime": "2024-01-19 01:32:38", "elapsed": 4859.378544, "delta": 0.005252}}
{"target": -13.75655704668303, "params": {"gamma": 942.1657668855124, "log10_alpha": -2.129194560706938, "log10_colsample_bytree": -0.4964627610027731, "log10_eta": -1.6799270466494542, "log10_lambda": 0.6329521393262523, "log10_min_child_weight": 0.9715019877455755, "log10_subsample": -0.8442312304683713, "max_depth": 9.0, "num_boost_round": 8.0}, "datetime": {"datetime": "2024-01-19 01:32:38", "elapsed": 4859.383935, "delta": 0.005391}}
{"target": -13.755977449116806, "params": {"gamma": 942.1657668855124, "log10_alpha": -2.129194560706938, "log10_colsample_bytree": -0.4964627610027731, "log10_eta": -1.6799270466494542, "log10_lambda": 0.6329521393262523, "log10_min_child_weight": 0.9715019877455755, "log10_subsample": -0.8442312304683713, "max_depth": 9.0, "num_boost_round": 9.0}, "datetime": {"datetime": "2024-01-19 01:32:38", "elapsed": 4859.389436, "delta": 0.005501}}
{"target": -13.756300331930566, "params": {"gamma": 942.1657668855124, "log10_alpha": -2.129194560706938, "log10_colsample_bytree": -0.4964627610027731, "log10_eta": -1.6799270466494542, "log10_lambda": 0.6329521393262523, "log10_min_child_weight": 0.9715019877455755, "log10_subsample": -0.8442312304683713, "max_depth": 9.0, "num_boost_round": 10.0}, "datetime": {"datetime": "2024-01-19 01:32:38", "elapsed": 4859.394779, "delta": 0.005343}}
{"target": -13.756861345286678, "params": {"gamma": 942.1657668855124, "log10_alpha": -2.129194560706938, "log10_colsample_bytree": -0.4964627610027731, "log10_eta": -1.6799270466494542, "log10_lambda": 0.6329521393262523, "log10_min_child_weight": 0.9715019877455755, "log10_subsample": -0.8442312304683713, "max_depth": 9.0, "num_boost_round": 11.0}, "datetime": {"datetime": "2024-01-19 01:32:38", "elapsed": 4859.400092, "delta": 0.005313}}
{"target": -13.758287769428867, "params": {"gamma": 942.1657668855124, "log10_alpha": -2.129194560706938, "log10_colsample_bytree": -0.4964627610027731, "log10_eta": -1.6799270466494542, "log10_lambda": 0.6329521393262523, "log10_min_child_weight": 0.9715019877455755, "log10_subsample": -0.8442312304683713, "max_depth": 9.0, "num_boost_round": 12.0}, "datetime": {"datetime": "2024-01-19 01:32:38", "elapsed": 4859.405425, "delta": 0.005333}}
{"target": -13.759627464673262, "params": {"gamma": 942.1657668855124, "log10_alpha": -2.129194560706938, "log10_colsample_bytree": -0.4964627610027731, "log10_eta": -1.6799270466494542, "log10_lambda": 0.6329521393262523, "log10_min_child_weight": 0.9715019877455755, "log10_subsample": -0.8442312304683713, "max_depth": 9.0, "num_boost_round": 13.0}, "datetime": {"datetime": "2024-01-19 01:32:38", "elapsed": 4859.41075, "delta": 0.005325}}
{"target": -13.760638779829598, "params": {"gamma": 942.1657668855124, "log10_alpha": -2.129194560706938, "log10_colsample_bytree": -0.4964627610027731, "log10_eta": -1.6799270466494542, "log10_lambda": 0.6329521393262523, "log10_min_child_weight": 0.9715019877455755, "log10_subsample": -0.8442312304683713, "max_depth": 9.0, "num_boost_round": 14.0}, "datetime": {"datetime": "2024-01-19 01:32:38", "elapsed": 4859.416114, "delta": 0.005364}}
{"target": -13.761073983245451, "params": {"gamma": 942.1657668855124, "log10_alpha": -2.129194560706938, "log10_colsample_bytree": -0.4964627610027731, "log10_eta": -1.6799270466494542, "log10_lambda": 0.6329521393262523, "log10_min_child_weight": 0.9715019877455755, "log10_subsample": -0.8442312304683713, "max_depth": 9.0, "num_boost_round": 15.0}, "datetime": {"datetime": "2024-01-19 01:32:38", "elapsed": 4859.421594, "delta": 0.00548}}
{"target": -13.761442568646387, "params": {"gamma": 942.1657668855124, "log10_alpha": -2.129194560706938, "log10_colsample_bytree": -0.4964627610027731, "log10_eta": -1.6799270466494542, "log10_lambda": 0.6329521393262523, "log10_min_child_weight": 0.9715019877455755, "log10_subsample": -0.8442312304683713, "max_depth": 9.0, "num_boost_round": 16.0}, "datetime": {"datetime": "2024-01-19 01:32:38", "elapsed": 4859.426885, "delta": 0.005291}}
{"target": -13.761668808569974, "params": {"gamma": 942.1657668855124, "log10_alpha": -2.129194560706938, "log10_colsample_bytree": -0.4964627610027731, "log10_eta": -1.6799270466494542, "log10_lambda": 0.6329521393262523, "log10_min_child_weight": 0.9715019877455755, "log10_subsample": -0.8442312304683713, "max_depth": 9.0, "num_boost_round": 17.0}, "datetime": {"datetime": "2024-01-19 01:32:38", "elapsed": 4859.432221, "delta": 0.005336}}
{"target": -13.763177445879, "params": {"gamma": 942.1657668855124, "log10_alpha": -2.129194560706938, "log10_colsample_bytree": -0.4964627610027731, "log10_eta": -1.6799270466494542, "log10_lambda": 0.6329521393262523, "log10_min_child_weight": 0.9715019877455755, "log10_subsample": -0.8442312304683713, "max_depth": 9.0, "num_boost_round": 18.0}, "datetime": {"datetime": "2024-01-19 01:32:38", "elapsed": 4859.437536, "delta": 0.005315}}
{"target": -13.76353138404772, "params": {"gamma": 942.1657668855124, "log10_alpha": -2.129194560706938, "log10_colsample_bytree": -0.4964627610027731, "log10_eta": -1.6799270466494542, "log10_lambda": 0.6329521393262523, "log10_min_child_weight": 0.9715019877455755, "log10_subsample": -0.8442312304683713, "max_depth": 9.0, "num_boost_round": 19.0}, "datetime": {"datetime": "2024-01-19 01:32:38", "elapsed": 4859.44288, "delta": 0.005344}}
{"target": -13.762854058763901, "params": {"gamma": 942.1657668855124, "log10_alpha": -2.129194560706938, "log10_colsample_bytree": -0.4964627610027731, "log10_eta": -1.6799270466494542, "log10_lambda": 0.6329521393262523, "log10_min_child_weight": 0.9715019877455755, "log10_subsample": -0.8442312304683713, "max_depth": 9.0, "num_boost_round": 20.0}, "datetime": {"datetime": "2024-01-19 01:32:38", "elapsed": 4859.44822, "delta": 0.00534}}
{"target": -13.765928597183374, "params": {"gamma": 942.1657668855124, "log10_alpha": -2.129194560706938, "log10_colsample_bytree": -0.4964627610027731, "log10_eta": -1.6799270466494542, "log10_lambda": 0.6329521393262523, "log10_min_child_weight": 0.9715019877455755, "log10_subsample": -0.8442312304683713, "max_depth": 9.0, "num_boost_round": 21.0}, "datetime": {"datetime": "2024-01-19 01:32:38", "elapsed": 4859.453722, "delta": 0.005502}}
{"target": -13.766203155317731, "params": {"gamma": 942.1657668855124, "log10_alpha": -2.129194560706938, "log10_colsample_bytree": -0.4964627610027731, "log10_eta": -1.6799270466494542, "log10_lambda": 0.6329521393262523, "log10_min_child_weight": 0.9715019877455755, "log10_subsample": -0.8442312304683713, "max_depth": 9.0, "num_boost_round": 22.0}, "datetime": {"datetime": "2024-01-19 01:32:38", "elapsed": 4859.459028, "delta": 0.005306}}
{"target": -13.766467420383947, "params": {"gamma": 942.1657668855124, "log10_alpha": -2.129194560706938, "log10_colsample_bytree": -0.4964627610027731, "log10_eta": -1.6799270466494542, "log10_lambda": 0.6329521393262523, "log10_min_child_weight": 0.9715019877455755, "log10_subsample": -0.8442312304683713, "max_depth": 9.0, "num_boost_round": 23.0}, "datetime": {"datetime": "2024-01-19 01:32:38", "elapsed": 4859.464339, "delta": 0.005311}}
{"target": -13.767404952722178, "params": {"gamma": 942.1657668855124, "log10_alpha": -2.129194560706938, "log10_colsample_bytree": -0.4964627610027731, "log10_eta": -1.6799270466494542, "log10_lambda": 0.6329521393262523, "log10_min_child_weight": 0.9715019877455755, "log10_subsample": -0.8442312304683713, "max_depth": 9.0, "num_boost_round": 24.0}, "datetime": {"datetime": "2024-01-19 01:32:38", "elapsed": 4859.470424, "delta": 0.006085}}
{"target": -13.7676822887424, "params": {"gamma": 942.1657668855124, "log10_alpha": -2.129194560706938, "log10_colsample_bytree": -0.4964627610027731, "log10_eta": -1.6799270466494542, "log10_lambda": 0.6329521393262523, "log10_min_child_weight": 0.9715019877455755, "log10_subsample": -0.8442312304683713, "max_depth": 9.0, "num_boost_round": 25.0}, "datetime": {"datetime": "2024-01-19 01:32:38", "elapsed": 4859.47687, "delta": 0.006446}}
{"target": -13.768334449657319, "params": {"gamma": 942.1657668855124, "log10_alpha": -2.129194560706938, "log10_colsample_bytree": -0.4964627610027731, "log10_eta": -1.6799270466494542, "log10_lambda": 0.6329521393262523, "log10_min_child_weight": 0.9715019877455755, "log10_subsample": -0.8442312304683713, "max_depth": 9.0, "num_boost_round": 26.0}, "datetime": {"datetime": "2024-01-19 01:32:38", "elapsed": 4859.482339, "delta": 0.005469}}
{"target": -13.769305914815495, "params": {"gamma": 942.1657668855124, "log10_alpha": -2.129194560706938, "log10_colsample_bytree": -0.4964627610027731, "log10_eta": -1.6799270466494542, "log10_lambda": 0.6329521393262523, "log10_min_child_weight": 0.9715019877455755, "log10_subsample": -0.8442312304683713, "max_depth": 9.0, "num_boost_round": 27.0}, "datetime": {"datetime": "2024-01-19 01:32:38", "elapsed": 4859.487794, "delta": 0.005455}}
{"target": -13.770294776281016, "params": {"gamma": 942.1657668855124, "log10_alpha": -2.129194560706938, "log10_colsample_bytree": -0.4964627610027731, "log10_eta": -1.6799270466494542, "log10_lambda": 0.6329521393262523, "log10_min_child_weight": 0.9715019877455755, "log10_subsample": -0.8442312304683713, "max_depth": 9.0, "num_boost_round": 28.0}, "datetime": {"datetime": "2024-01-19 01:32:38", "elapsed": 4859.493032, "delta": 0.005238}}
{"target": -13.771082000803142, "params": {"gamma": 942.1657668855124, "log10_alpha": -2.129194560706938, "log10_colsample_bytree": -0.4964627610027731, "log10_eta": -1.6799270466494542, "log10_lambda": 0.6329521393262523, "log10_min_child_weight": 0.9715019877455755, "log10_subsample": -0.8442312304683713, "max_depth": 9.0, "num_boost_round": 29.0}, "datetime": {"datetime": "2024-01-19 01:32:38", "elapsed": 4859.498319, "delta": 0.005287}}
{"target": -13.771014968157303, "params": {"gamma": 942.1657668855124, "log10_alpha": -2.129194560706938, "log10_colsample_bytree": -0.4964627610027731, "log10_eta": -1.6799270466494542, "log10_lambda": 0.6329521393262523, "log10_min_child_weight": 0.9715019877455755, "log10_subsample": -0.8442312304683713, "max_depth": 9.0, "num_boost_round": 30.0}, "datetime": {"datetime": "2024-01-19 01:32:38", "elapsed": 4859.503666, "delta": 0.005347}}
{"target": -13.77182346256539, "params": {"gamma": 942.1657668855124, "log10_alpha": -2.129194560706938, "log10_colsample_bytree": -0.4964627610027731, "log10_eta": -1.6799270466494542, "log10_lambda": 0.6329521393262523, "log10_min_child_weight": 0.9715019877455755, "log10_subsample": -0.8442312304683713, "max_depth": 9.0, "num_boost_round": 31.0}, "datetime": {"datetime": "2024-01-19 01:32:38", "elapsed": 4859.509053, "delta": 0.005387}}
{"target": -13.773127727071808, "params": {"gamma": 942.1657668855124, "log10_alpha": -2.129194560706938, "log10_colsample_bytree": -0.4964627610027731, "log10_eta": -1.6799270466494542, "log10_lambda": 0.6329521393262523, "log10_min_child_weight": 0.9715019877455755, "log10_subsample": -0.8442312304683713, "max_depth": 9.0, "num_boost_round": 32.0}, "datetime": {"datetime": "2024-01-19 01:32:38", "elapsed": 4859.514439, "delta": 0.005386}}
{"target": -13.773661933356408, "params": {"gamma": 942.1657668855124, "log10_alpha": -2.129194560706938, "log10_colsample_bytree": -0.4964627610027731, "log10_eta": -1.6799270466494542, "log10_lambda": 0.6329521393262523, "log10_min_child_weight": 0.9715019877455755, "log10_subsample": -0.8442312304683713, "max_depth": 9.0, "num_boost_round": 33.0}, "datetime": {"datetime": "2024-01-19 01:32:38", "elapsed": 4859.51999, "delta": 0.005551}}
{"target": -13.775227600896356, "params": {"gamma": 942.1657668855124, "log10_alpha": -2.129194560706938, "log10_colsample_bytree": -0.4964627610027731, "log10_eta": -1.6799270466494542, "log10_lambda": 0.6329521393262523, "log10_min_child_weight": 0.9715019877455755, "log10_subsample": -0.8442312304683713, "max_depth": 9.0, "num_boost_round": 34.0}, "datetime": {"datetime": "2024-01-19 01:32:38", "elapsed": 4859.525298, "delta": 0.005308}}
{"target": -13.77613781634106, "params": {"gamma": 942.1657668855124, "log10_alpha": -2.129194560706938, "log10_colsample_bytree": -0.4964627610027731, "log10_eta": -1.6799270466494542, "log10_lambda": 0.6329521393262523, "log10_min_child_weight": 0.9715019877455755, "log10_subsample": -0.8442312304683713, "max_depth": 9.0, "num_boost_round": 35.0}, "datetime": {"datetime": "2024-01-19 01:32:38", "elapsed": 4859.530595, "delta": 0.005297}}
{"target": -13.777104477759693, "params": {"gamma": 942.1657668855124, "log10_alpha": -2.129194560706938, "log10_colsample_bytree": -0.4964627610027731, "log10_eta": -1.6799270466494542, "log10_lambda": 0.6329521393262523, "log10_min_child_weight": 0.9715019877455755, "log10_subsample": -0.8442312304683713, "max_depth": 9.0, "num_boost_round": 36.0}, "datetime": {"datetime": "2024-01-19 01:32:38", "elapsed": 4859.535919, "delta": 0.005324}}
{"target": -13.77805482417542, "params": {"gamma": 942.1657668855124, "log10_alpha": -2.129194560706938, "log10_colsample_bytree": -0.4964627610027731, "log10_eta": -1.6799270466494542, "log10_lambda": 0.6329521393262523, "log10_min_child_weight": 0.9715019877455755, "log10_subsample": -0.8442312304683713, "max_depth": 9.0, "num_boost_round": 37.0}, "datetime": {"datetime": "2024-01-19 01:32:38", "elapsed": 4859.54128, "delta": 0.005361}}
{"target": -13.77886382027047, "params": {"gamma": 942.1657668855124, "log10_alpha": -2.129194560706938, "log10_colsample_bytree": -0.4964627610027731, "log10_eta": -1.6799270466494542, "log10_lambda": 0.6329521393262523, "log10_min_child_weight": 0.9715019877455755, "log10_subsample": -0.8442312304683713, "max_depth": 9.0, "num_boost_round": 38.0}, "datetime": {"datetime": "2024-01-19 01:32:38", "elapsed": 4859.546642, "delta": 0.005362}}
{"target": -13.779098291250994, "params": {"gamma": 942.1657668855124, "log10_alpha": -2.129194560706938, "log10_colsample_bytree": -0.4964627610027731, "log10_eta": -1.6799270466494542, "log10_lambda": 0.6329521393262523, "log10_min_child_weight": 0.9715019877455755, "log10_subsample": -0.8442312304683713, "max_depth": 9.0, "num_boost_round": 39.0}, "datetime": {"datetime": "2024-01-19 01:32:38", "elapsed": 4859.552134, "delta": 0.005492}}
{"target": -13.779837262337061, "params": {"gamma": 942.1657668855124, "log10_alpha": -2.129194560706938, "log10_colsample_bytree": -0.4964627610027731, "log10_eta": -1.6799270466494542, "log10_lambda": 0.6329521393262523, "log10_min_child_weight": 0.9715019877455755, "log10_subsample": -0.8442312304683713, "max_depth": 9.0, "num_boost_round": 40.0}, "datetime": {"datetime": "2024-01-19 01:32:38", "elapsed": 4859.557513, "delta": 0.005379}}
{"target": -13.780335217302472, "params": {"gamma": 942.1657668855124, "log10_alpha": -2.129194560706938, "log10_colsample_bytree": -0.4964627610027731, "log10_eta": -1.6799270466494542, "log10_lambda": 0.6329521393262523, "log10_min_child_weight": 0.9715019877455755, "log10_subsample": -0.8442312304683713, "max_depth": 9.0, "num_boost_round": 41.0}, "datetime": {"datetime": "2024-01-19 01:32:38", "elapsed": 4859.562852, "delta": 0.005339}}
{"target": -13.781285729261993, "params": {"gamma": 942.1657668855124, "log10_alpha": -2.129194560706938, "log10_colsample_bytree": -0.4964627610027731, "log10_eta": -1.6799270466494542, "log10_lambda": 0.6329521393262523, "log10_min_child_weight": 0.9715019877455755, "log10_subsample": -0.8442312304683713, "max_depth": 9.0, "num_boost_round": 42.0}, "datetime": {"datetime": "2024-01-19 01:32:38", "elapsed": 4859.56825, "delta": 0.005398}}
{"target": -13.782013455537667, "params": {"gamma": 942.1657668855124, "log10_alpha": -2.129194560706938, "log10_colsample_bytree": -0.4964627610027731, "log10_eta": -1.6799270466494542, "log10_lambda": 0.6329521393262523, "log10_min_child_weight": 0.9715019877455755, "log10_subsample": -0.8442312304683713, "max_depth": 9.0, "num_boost_round": 43.0}, "datetime": {"datetime": "2024-01-19 01:32:38", "elapsed": 4859.573665, "delta": 0.005415}}
{"target": -13.78291955659957, "params": {"gamma": 942.1657668855124, "log10_alpha": -2.129194560706938, "log10_colsample_bytree": -0.4964627610027731, "log10_eta": -1.6799270466494542, "log10_lambda": 0.6329521393262523, "log10_min_child_weight": 0.9715019877455755, "log10_subsample": -0.8442312304683713, "max_depth": 9.0, "num_boost_round": 44.0}, "datetime": {"datetime": "2024-01-19 01:32:38", "elapsed": 4859.579109, "delta": 0.005444}}
{"target": -13.784697394869227, "params": {"gamma": 942.1657668855124, "log10_alpha": -2.129194560706938, "log10_colsample_bytree": -0.4964627610027731, "log10_eta": -1.6799270466494542, "log10_lambda": 0.6329521393262523, "log10_min_child_weight": 0.9715019877455755, "log10_subsample": -0.8442312304683713, "max_depth": 9.0, "num_boost_round": 45.0}, "datetime": {"datetime": "2024-01-19 01:32:38", "elapsed": 4859.584659, "delta": 0.00555}}
{"target": -13.785046510891485, "params": {"gamma": 942.1657668855124, "log10_alpha": -2.129194560706938, "log10_colsample_bytree": -0.4964627610027731, "log10_eta": -1.6799270466494542, "log10_lambda": 0.6329521393262523, "log10_min_child_weight": 0.9715019877455755, "log10_subsample": -0.8442312304683713, "max_depth": 9.0, "num_boost_round": 46.0}, "datetime": {"datetime": "2024-01-19 01:32:38", "elapsed": 4859.590714, "delta": 0.006055}}
{"target": -13.785973329371846, "params": {"gamma": 942.1657668855124, "log10_alpha": -2.129194560706938, "log10_colsample_bytree": -0.4964627610027731, "log10_eta": -1.6799270466494542, "log10_lambda": 0.6329521393262523, "log10_min_child_weight": 0.9715019877455755, "log10_subsample": -0.8442312304683713, "max_depth": 9.0, "num_boost_round": 47.0}, "datetime": {"datetime": "2024-01-19 01:32:38", "elapsed": 4859.596329, "delta": 0.005615}}
{"target": -13.78633227076792, "params": {"gamma": 942.1657668855124, "log10_alpha": -2.129194560706938, "log10_colsample_bytree": -0.4964627610027731, "log10_eta": -1.6799270466494542, "log10_lambda": 0.6329521393262523, "log10_min_child_weight": 0.9715019877455755, "log10_subsample": -0.8442312304683713, "max_depth": 9.0, "num_boost_round": 48.0}, "datetime": {"datetime": "2024-01-19 01:32:38", "elapsed": 4859.601842, "delta": 0.005513}}
{"target": -13.786796428035966, "params": {"gamma": 942.1657668855124, "log10_alpha": -2.129194560706938, "log10_colsample_bytree": -0.4964627610027731, "log10_eta": -1.6799270466494542, "log10_lambda": 0.6329521393262523, "log10_min_child_weight": 0.9715019877455755, "log10_subsample": -0.8442312304683713, "max_depth": 9.0, "num_boost_round": 49.0}, "datetime": {"datetime": "2024-01-19 01:32:38", "elapsed": 4859.607314, "delta": 0.005472}}
{"target": -13.7875391681022, "params": {"gamma": 942.1657668855124, "log10_alpha": -2.129194560706938, "log10_colsample_bytree": -0.4964627610027731, "log10_eta": -1.6799270466494542, "log10_lambda": 0.6329521393262523, "log10_min_child_weight": 0.9715019877455755, "log10_subsample": -0.8442312304683713, "max_depth": 9.0, "num_boost_round": 50.0}, "datetime": {"datetime": "2024-01-19 01:32:38", "elapsed": 4859.612666, "delta": 0.005352}}
{"target": -13.788711046792692, "params": {"gamma": 942.1657668855124, "log10_alpha": -2.129194560706938, "log10_colsample_bytree": -0.4964627610027731, "log10_eta": -1.6799270466494542, "log10_lambda": 0.6329521393262523, "log10_min_child_weight": 0.9715019877455755, "log10_subsample": -0.8442312304683713, "max_depth": 9.0, "num_boost_round": 51.0}, "datetime": {"datetime": "2024-01-19 01:32:38", "elapsed": 4859.618208, "delta": 0.005542}}
