{"target": -17.7534621108287, "params": {"gamma": 24.124537077442334, "log10_alpha": -4.27417756181003, "log10_colsample_bytree": -0.9812526261386809, "log10_eta": -0.5935892819958282, "log10_lambda": 0.9440552895486318, "log10_min_child_weight": 0.771943790131781, "log10_subsample": -0.39045198432551886, "max_depth": 5.0, "num_boost_round": 11.0}, "datetime": {"datetime": "2024-01-19 00:25:11", "elapsed": 865.679279, "delta": 0.001029}}
{"target": -17.76290231990948, "params": {"gamma": 24.124537077442334, "log10_alpha": -4.27417756181003, "log10_colsample_bytree": -0.9812526261386809, "log10_eta": -0.5935892819958282, "log10_lambda": 0.9440552895486318, "log10_min_child_weight": 0.771943790131781, "log10_subsample": -0.39045198432551886, "max_depth": 5.0, "num_boost_round": 12.0}, "datetime": {"datetime": "2024-01-19 00:25:11", "elapsed": 865.680367, "delta": 0.001088}}
{"target": -17.76885933096883, "params": {"gamma": 24.124537077442334, "log10_alpha": -4.27417756181003, "log10_colsample_bytree": -0.9812526261386809, "log10_eta": -0.5935892819958282, "log10_lambda": 0.9440552895486318, "log10_min_child_weight": 0.771943790131781, "log10_subsample": -0.39045198432551886, "max_depth": 5.0, "num_boost_round": 13.0}, "datetime": {"datetime": "2024-01-19 00:25:11", "elapsed": 865.681412, "delta": 0.001045}}
{"target": -17.77688624321692, "params": {"gamma": 24.124537077442334, "log10_alpha": -4.27417756181003, "log10_colsample_bytree": -0.9812526261386809, "log10_eta": -0.5935892819958282, "log10_lambda": 0.9440552895486318, "log10_min_child_weight": 0.771943790131781, "log10_subsample": -0.39045198432551886, "max_depth": 5.0, "num_boost_round": 14.0}, "datetime": {"datetime": "2024-01-19 00:25:11", "elapsed": 865.682414, "delta": 0.001002}}
{"target": -17.785507140971834, "params": {"gamma": 24.124537077442334, "log10_alpha": -4.27417756181003, "log10_colsample_bytree": -0.9812526261386809, "log10_eta": -0.5935892819958282, "log10_lambda": 0.9440552895486318, "log10_min_child_weight": 0.771943790131781, "log10_subsample": -0.39045198432551886, "max_depth": 5.0, "num_boost_round": 15.0}, "datetime": {"datetime": "2024-01-19 00:25:11", "elapsed": 865.683456, "delta": 0.001042}}
{"target": -17.79549612381697, "params": {"gamma": 24.124537077442334, "log10_alpha": -4.27417756181003, "log10_colsample_bytree": -0.9812526261386809, "log10_eta": -0.5935892819958282, "log10_lambda": 0.9440552895486318, "log10_min_child_weight": 0.771943790131781, "log10_subsample": -0.39045198432551886, "max_depth": 5.0, "num_boost_round": 16.0}, "datetime": {"datetime": "2024-01-19 00:25:11", "elapsed": 865.684526, "delta": 0.00107}}
{"target": -17.80981467168204, "params": {"gamma": 24.124537077442334, "log10_alpha": -4.27417756181003, "log10_colsample_bytree": -0.9812526261386809, "log10_eta": -0.5935892819958282, "log10_lambda": 0.9440552895486318, "log10_min_child_weight": 0.771943790131781, "log10_subsample": -0.39045198432551886, "max_depth": 5.0, "num_boost_round": 17.0}, "datetime": {"datetime": "2024-01-19 00:25:11", "elapsed": 865.685688, "delta": 0.001162}}
{"target": -17.815734187963567, "params": {"gamma": 24.124537077442334, "log10_alpha": -4.27417756181003, "log10_colsample_bytree": -0.9812526261386809, "log10_eta": -0.5935892819958282, "log10_lambda": 0.9440552895486318, "log10_min_child_weight": 0.771943790131781, "log10_subsample": -0.39045198432551886, "max_depth": 5.0, "num_boost_round": 18.0}, "datetime": {"datetime": "2024-01-19 00:25:12", "elapsed": 865.686997, "delta": 0.001309}}
{"target": -17.818518545819835, "params": {"gamma": 24.124537077442334, "log10_alpha": -4.27417756181003, "log10_colsample_bytree": -0.9812526261386809, "log10_eta": -0.5935892819958282, "log10_lambda": 0.9440552895486318, "log10_min_child_weight": 0.771943790131781, "log10_subsample": -0.39045198432551886, "max_depth": 5.0, "num_boost_round": 19.0}, "datetime": {"datetime": "2024-01-19 00:25:12", "elapsed": 865.688081, "delta": 0.001084}}
{"target": -17.823501809169226, "params": {"gamma": 24.124537077442334, "log10_alpha": -4.27417756181003, "log10_colsample_bytree": -0.9812526261386809, "log10_eta": -0.5935892819958282, "log10_lambda": 0.9440552895486318, "log10_min_child_weight": 0.771943790131781, "log10_subsample": -0.39045198432551886, "max_depth": 5.0, "num_boost_round": 20.0}, "datetime": {"datetime": "2024-01-19 00:25:12", "elapsed": 865.689155, "delta": 0.001074}}
{"target": -17.82470806542976, "params": {"gamma": 24.124537077442334, "log10_alpha": -4.27417756181003, "log10_colsample_bytree": -0.9812526261386809, "log10_eta": -0.5935892819958282, "log10_lambda": 0.9440552895486318, "log10_min_child_weight": 0.771943790131781, "log10_subsample": -0.39045198432551886, "max_depth": 5.0, "num_boost_round": 21.0}, "datetime": {"datetime": "2024-01-19 00:25:12", "elapsed": 865.690248, "delta": 0.001093}}
{"target": -17.83935749423656, "params": {"gamma": 24.124537077442334, "log10_alpha": -4.27417756181003, "log10_colsample_bytree": -0.9812526261386809, "log10_eta": -0.5935892819958282, "log10_lambda": 0.9440552895486318, "log10_min_child_weight": 0.771943790131781, "log10_subsample": -0.39045198432551886, "max_depth": 5.0, "num_boost_round": 22.0}, "datetime": {"datetime": "2024-01-19 00:25:12", "elapsed": 865.691427, "delta": 0.001179}}
{"target": -17.893037028513405, "params": {"gamma": 24.124537077442334, "log10_alpha": -4.27417756181003, "log10_colsample_bytree": -0.9812526261386809, "log10_eta": -0.5935892819958282, "log10_lambda": 0.9440552895486318, "log10_min_child_weight": 0.771943790131781, "log10_subsample": -0.39045198432551886, "max_depth": 5.0, "num_boost_round": 23.0}, "datetime": {"datetime": "2024-01-19 00:25:12", "elapsed": 865.692483, "delta": 0.001056}}
{"target": -17.905069102696835, "params": {"gamma": 24.124537077442334, "log10_alpha": -4.27417756181003, "log10_colsample_bytree": -0.9812526261386809, "log10_eta": -0.5935892819958282, "log10_lambda": 0.9440552895486318, "log10_min_child_weight": 0.771943790131781, "log10_subsample": -0.39045198432551886, "max_depth": 5.0, "num_boost_round": 24.0}, "datetime": {"datetime": "2024-01-19 00:25:12", "elapsed": 865.693569, "delta": 0.001086}}
{"target": -17.96590084270745, "params": {"gamma": 24.124537077442334, "log10_alpha": -4.27417756181003, "log10_colsample_bytree": -0.9812526261386809, "log10_eta": -0.5935892819958282, "log10_lambda": 0.9440552895486318, "log10_min_child_weight": 0.771943790131781, "log10_subsample": -0.39045198432551886, "max_depth": 5.0, "num_boost_round": 25.0}, "datetime": {"datetime": "2024-01-19 00:25:12", "elapsed": 865.694675, "delta": 0.001106}}
{"target": -17.677221030410887, "params": {"gamma": 5.237996347555729, "log10_alpha": -3.0109424546001446, "log10_colsample_bytree": -0.4263188365009082, "log10_eta": -3.7850811199834, "log10_lambda": -2.6202110784447763, "log10_min_child_weight": 1.1002959108517212, "log10_subsample": -0.9459819447992454, "max_depth": 5.0, "num_boost_round": 0.0}, "datetime": {"datetime": "2024-01-19 00:25:41", "elapsed": 895.420757, "delta": 29.726082}}
{"target": -17.677212387911077, "params": {"gamma": 5.237996347555729, "log10_alpha": -3.0109424546001446, "log10_colsample_bytree": -0.4263188365009082, "log10_eta": -3.7850811199834, "log10_lambda": -2.6202110784447763, "log10_min_child_weight": 1.1002959108517212, "log10_subsample": -0.9459819447992454, "max_depth": 5.0, "num_boost_round": 1.0}, "datetime": {"datetime": "2024-01-19 00:25:41", "elapsed": 895.422271, "delta": 0.001514}}
{"target": -17.677205191108946, "params": {"gamma": 5.237996347555729, "log10_alpha": -3.0109424546001446, "log10_colsample_bytree": -0.4263188365009082, "log10_eta": -3.7850811199834, "log10_lambda": -2.6202110784447763, "log10_min_child_weight": 1.1002959108517212, "log10_subsample": -0.9459819447992454, "max_depth": 5.0, "num_boost_round": 2.0}, "datetime": {"datetime": "2024-01-19 00:25:41", "elapsed": 895.42374, "delta": 0.001469}}
{"target": -17.67720385359258, "params": {"gamma": 5.237996347555729, "log10_alpha": -3.0109424546001446, "log10_colsample_bytree": -0.4263188365009082, "log10_eta": -3.7850811199834, "log10_lambda": -2.6202110784447763, "log10_min_child_weight": 1.1002959108517212, "log10_subsample": -0.9459819447992454, "max_depth": 5.0, "num_boost_round": 3.0}, "datetime": {"datetime": "2024-01-19 00:25:41", "elapsed": 895.424996, "delta": 0.001256}}
{"target": -17.677188199546773, "params": {"gamma": 5.237996347555729, "log10_alpha": -3.0109424546001446, "log10_colsample_bytree": -0.4263188365009082, "log10_eta": -3.7850811199834, "log10_lambda": -2.6202110784447763, "log10_min_child_weight": 1.1002959108517212, "log10_subsample": -0.9459819447992454, "max_depth": 5.0, "num_boost_round": 4.0}, "datetime": {"datetime": "2024-01-19 00:25:41", "elapsed": 895.426242, "delta": 0.001246}}
{"target": -17.67717848044547, "params": {"gamma": 5.237996347555729, "log10_alpha": -3.0109424546001446, "log10_colsample_bytree": -0.4263188365009082, "log10_eta": -3.7850811199834, "log10_lambda": -2.6202110784447763, "log10_min_child_weight": 1.1002959108517212, "log10_subsample": -0.9459819447992454, "max_depth": 5.0, "num_boost_round": 5.0}, "datetime": {"datetime": "2024-01-19 00:25:41", "elapsed": 895.427348, "delta": 0.001106}}
{"target": -17.677173724726515, "params": {"gamma": 5.237996347555729, "log10_alpha": -3.0109424546001446, "log10_colsample_bytree": -0.4263188365009082, "log10_eta": -3.7850811199834, "log10_lambda": -2.6202110784447763, "log10_min_child_weight": 1.1002959108517212, "log10_subsample": -0.9459819447992454, "max_depth": 5.0, "num_boost_round": 6.0}, "datetime": {"datetime": "2024-01-19 00:25:41", "elapsed": 895.428502, "delta": 0.001154}}
{"target": -17.677162374432456, "params": {"gamma": 5.237996347555729, "log10_alpha": -3.0109424546001446, "log10_colsample_bytree": -0.4263188365009082, "log10_eta": -3.7850811199834, "log10_lambda": -2.6202110784447763, "log10_min_child_weight": 1.1002959108517212, "log10_subsample": -0.9459819447992454, "max_depth": 5.0, "num_boost_round": 7.0}, "datetime": {"datetime": "2024-01-19 00:25:41", "elapsed": 895.429611, "delta": 0.001109}}
{"target": -17.67715808523628, "params": {"gamma": 5.237996347555729, "log10_alpha": -3.0109424546001446, "log10_colsample_bytree": -0.4263188365009082, "log10_eta": -3.7850811199834, "log10_lambda": -2.6202110784447763, "log10_min_child_weight": 1.1002959108517212, "log10_subsample": -0.9459819447992454, "max_depth": 5.0, "num_boost_round": 8.0}, "datetime": {"datetime": "2024-01-19 00:25:41", "elapsed": 895.430724, "delta": 0.001113}}
{"target": -17.67715051785509, "params": {"gamma": 5.237996347555729, "log10_alpha": -3.0109424546001446, "log10_colsample_bytree": -0.4263188365009082, "log10_eta": -3.7850811199834, "log10_lambda": -2.6202110784447763, "log10_min_child_weight": 1.1002959108517212, "log10_subsample": -0.9459819447992454, "max_depth": 5.0, "num_boost_round": 9.0}, "datetime": {"datetime": "2024-01-19 00:25:41", "elapsed": 895.431921, "delta": 0.001197}}
{"target": -17.67714753433372, "params": {"gamma": 5.237996347555729, "log10_alpha": -3.0109424546001446, "log10_colsample_bytree": -0.4263188365009082, "log10_eta": -3.7850811199834, "log10_lambda": -2.6202110784447763, "log10_min_child_weight": 1.1002959108517212, "log10_subsample": -0.9459819447992454, "max_depth": 5.0, "num_boost_round": 10.0}, "datetime": {"datetime": "2024-01-19 00:25:41", "elapsed": 895.433097, "delta": 0.001176}}
{"target": -17.677144187106876, "params": {"gamma": 5.237996347555729, "log10_alpha": -3.0109424546001446, "log10_colsample_bytree": -0.4263188365009082, "log10_eta": -3.7850811199834, "log10_lambda": -2.6202110784447763, "log10_min_child_weight": 1.1002959108517212, "log10_subsample": -0.9459819447992454, "max_depth": 5.0, "num_boost_round": 11.0}, "datetime": {"datetime": "2024-01-19 00:25:41", "elapsed": 895.434217, "delta": 0.00112}}
{"target": -17.677138995752383, "params": {"gamma": 5.237996347555729, "log10_alpha": -3.0109424546001446, "log10_colsample_bytree": -0.4263188365009082, "log10_eta": -3.7850811199834, "log10_lambda": -2.6202110784447763, "log10_min_child_weight": 1.1002959108517212, "log10_subsample": -0.9459819447992454, "max_depth": 5.0, "num_boost_round": 12.0}, "datetime": {"datetime": "2024-01-19 00:25:41", "elapsed": 895.435361, "delta": 0.001144}}
{"target": -17.67713685034393, "params": {"gamma": 5.237996347555729, "log10_alpha": -3.0109424546001446, "log10_colsample_bytree": -0.4263188365009082, "log10_eta": -3.7850811199834, "log10_lambda": -2.6202110784447763, "log10_min_child_weight": 1.1002959108517212, "log10_subsample": -0.9459819447992454, "max_depth": 5.0, "num_boost_round": 13.0}, "datetime": {"datetime": "2024-01-19 00:25:41", "elapsed": 895.436463, "delta": 0.001102}}
{"target": -17.677140970774428, "params": {"gamma": 5.237996347555729, "log10_alpha": -3.0109424546001446, "log10_colsample_bytree": -0.4263188365009082, "log10_eta": -3.7850811199834, "log10_lambda": -2.6202110784447763, "log10_min_child_weight": 1.1002959108517212, "log10_subsample": -0.9459819447992454, "max_depth": 5.0, "num_boost_round": 14.0}, "datetime": {"datetime": "2024-01-19 00:25:41", "elapsed": 895.437568, "delta": 0.001105}}
{"target": -17.677132366500775, "params": {"gamma": 5.237996347555729, "log10_alpha": -3.0109424546001446, "log10_colsample_bytree": -0.4263188365009082, "log10_eta": -3.7850811199834, "log10_lambda": -2.6202110784447763, "log10_min_child_weight": 1.1002959108517212, "log10_subsample": -0.9459819447992454, "max_depth": 5.0, "num_boost_round": 15.0}, "datetime": {"datetime": "2024-01-19 00:25:41", "elapsed": 895.438668, "delta": 0.0011}}
{"target": -17.677128307583516, "params": {"gamma": 5.237996347555729, "log10_alpha": -3.0109424546001446, "log10_colsample_bytree": -0.4263188365009082, "log10_eta": -3.7850811199834, "log10_lambda": -2.6202110784447763, "log10_min_child_weight": 1.1002959108517212, "log10_subsample": -0.9459819447992454, "max_depth": 5.0, "num_boost_round": 16.0}, "datetime": {"datetime": "2024-01-19 00:25:41", "elapsed": 895.439765, "delta": 0.001097}}
{"target": -17.677124427643708, "params": {"gamma": 5.237996347555729, "log10_alpha": -3.0109424546001446, "log10_colsample_bytree": -0.4263188365009082, "log10_eta": -3.7850811199834, "log10_lambda": -2.6202110784447763, "log10_min_child_weight": 1.1002959108517212, "log10_subsample": -0.9459819447992454, "max_depth": 5.0, "num_boost_round": 17.0}, "datetime": {"datetime": "2024-01-19 00:25:41", "elapsed": 895.440863, "delta": 0.001098}}
{"target": -17.67713300019872, "params": {"gamma": 5.237996347555729, "log10_alpha": -3.0109424546001446, "log10_colsample_bytree": -0.4263188365009082, "log10_eta": -3.7850811199834, "log10_lambda": -2.6202110784447763, "log10_min_child_weight": 1.1002959108517212, "log10_subsample": -0.9459819447992454, "max_depth": 5.0, "num_boost_round": 18.0}, "datetime": {"datetime": "2024-01-19 00:25:41", "elapsed": 895.441968, "delta": 0.001105}}
{"target": -17.677132468460325, "params": {"gamma": 5.237996347555729, "log10_alpha": -3.0109424546001446, "log10_colsample_bytree": -0.4263188365009082, "log10_eta": -3.7850811199834, "log10_lambda": -2.6202110784447763, "log10_min_child_weight": 1.1002959108517212, "log10_subsample": -0.9459819447992454, "max_depth": 5.0, "num_boost_round": 19.0}, "datetime": {"datetime": "2024-01-19 00:25:41", "elapsed": 895.443096, "delta": 0.001128}}
{"target": -17.677125710544438, "params": {"gamma": 5.237996347555729, "log10_alpha": -3.0109424546001446, "log10_colsample_bytree": -0.4263188365009082, "log10_eta": -3.7850811199834, "log10_lambda": -2.6202110784447763, "log10_min_child_weight": 1.1002959108517212, "log10_subsample": -0.9459819447992454, "max_depth": 5.0, "num_boost_round": 20.0}, "datetime": {"datetime": "2024-01-19 00:25:41", "elapsed": 895.44422, "delta": 0.001124}}
{"target": -17.677117561954105, "params": {"gamma": 5.237996347555729, "log10_alpha": -3.0109424546001446, "log10_colsample_bytree": -0.4263188365009082, "log10_eta": -3.7850811199834, "log10_lambda": -2.6202110784447763, "log10_min_child_weight": 1.1002959108517212, "log10_subsample": -0.9459819447992454, "max_depth": 5.0, "num_boost_round": 21.0}, "datetime": {"datetime": "2024-01-19 00:25:41", "elapsed": 895.445377, "delta": 0.001157}}
{"target": -17.677107807847012, "params": {"gamma": 5.237996347555729, "log10_alpha": -3.0109424546001446, "log10_colsample_bytree": -0.4263188365009082, "log10_eta": -3.7850811199834, "log10_lambda": -2.6202110784447763, "log10_min_child_weight": 1.1002959108517212, "log10_subsample": -0.9459819447992454, "max_depth": 5.0, "num_boost_round": 22.0}, "datetime": {"datetime": "2024-01-19 00:25:41", "elapsed": 895.446585, "delta": 0.001208}}
{"target": -17.677094761452146, "params": {"gamma": 5.237996347555729, "log10_alpha": -3.0109424546001446, "log10_colsample_bytree": -0.4263188365009082, "log10_eta": -3.7850811199834, "log10_lambda": -2.6202110784447763, "log10_min_child_weight": 1.1002959108517212, "log10_subsample": -0.9459819447992454, "max_depth": 5.0, "num_boost_round": 23.0}, "datetime": {"datetime": "2024-01-19 00:25:41", "elapsed": 895.447704, "delta": 0.001119}}
{"target": -17.67709276288284, "params": {"gamma": 5.237996347555729, "log10_alpha": -3.0109424546001446, "log10_colsample_bytree": -0.4263188365009082, "log10_eta": -3.7850811199834, "log10_lambda": -2.6202110784447763, "log10_min_child_weight": 1.1002959108517212, "log10_subsample": -0.9459819447992454, "max_depth": 5.0, "num_boost_round": 24.0}, "datetime": {"datetime": "2024-01-19 00:25:41", "elapsed": 895.448815, "delta": 0.001111}}
{"target": -17.67722453133301, "params": {"gamma": 7.596833215225184, "log10_alpha": -3.5200887460909844, "log10_colsample_bytree": -0.30818769662707785, "log10_eta": -4.0, "log10_lambda": -2.9604834486437075, "log10_min_child_weight": 0.0, "log10_subsample": -0.6718656754199869, "max_depth": 8.0, "num_boost_round": 0.0}, "datetime": {"datetime": "2024-01-19 00:26:21", "elapsed": 935.213351, "delta": 39.764536}}
{"target": -17.677224155699218, "params": {"gamma": 7.596833215225184, "log10_alpha": -3.5200887460909844, "log10_colsample_bytree": -0.30818769662707785, "log10_eta": -4.0, "log10_lambda": -2.9604834486437075, "log10_min_child_weight": 0.0, "log10_subsample": -0.6718656754199869, "max_depth": 8.0, "num_boost_round": 1.0}, "datetime": {"datetime": "2024-01-19 00:26:21", "elapsed": 935.214919, "delta": 0.001568}}
{"target": -17.677212912099336, "params": {"gamma": 7.596833215225184, "log10_alpha": -3.5200887460909844, "log10_colsample_bytree": -0.30818769662707785, "log10_eta": -4.0, "log10_lambda": -2.9604834486437075, "log10_min_child_weight": 0.0, "log10_subsample": -0.6718656754199869, "max_depth": 8.0, "num_boost_round": 2.0}, "datetime": {"datetime": "2024-01-19 00:26:21", "elapsed": 935.216179, "delta": 0.00126}}
{"target": -17.677212975735284, "params": {"gamma": 7.596833215225184, "log10_alpha": -3.5200887460909844, "log10_colsample_bytree": -0.30818769662707785, "log10_eta": -4.0, "log10_lambda": -2.9604834486437075, "log10_min_child_weight": 0.0, "log10_subsample": -0.6718656754199869, "max_depth": 8.0, "num_boost_round": 3.0}, "datetime": {"datetime": "2024-01-19 00:26:21", "elapsed": 935.217459, "delta": 0.00128}}
{"target": -17.677211978101447, "params": {"gamma": 7.596833215225184, "log10_alpha": -3.5200887460909844, "log10_colsample_bytree": -0.30818769662707785, "log10_eta": -4.0, "log10_lambda": -2.9604834486437075, "log10_min_child_weight": 0.0, "log10_subsample": -0.6718656754199869, "max_depth": 8.0, "num_boost_round": 4.0}, "datetime": {"datetime": "2024-01-19 00:26:21", "elapsed": 935.218589, "delta": 0.00113}}
{"target": -17.67720108807401, "params": {"gamma": 7.596833215225184, "log10_alpha": -3.5200887460909844, "log10_colsample_bytree": -0.30818769662707785, "log10_eta": -4.0, "log10_lambda": -2.9604834486437075, "log10_min_child_weight": 0.0, "log10_subsample": -0.6718656754199869, "max_depth": 8.0, "num_boost_round": 5.0}, "datetime": {"datetime": "2024-01-19 00:26:21", "elapsed": 935.219727, "delta": 0.001138}}
{"target": -17.67720240904326, "params": {"gamma": 7.596833215225184, "log10_alpha": -3.5200887460909844, "log10_colsample_bytree": -0.30818769662707785, "log10_eta": -4.0, "log10_lambda": -2.9604834486437075, "log10_min_child_weight": 0.0, "log10_subsample": -0.6718656754199869, "max_depth": 8.0, "num_boost_round": 6.0}, "datetime": {"datetime": "2024-01-19 00:26:21", "elapsed": 935.220911, "delta": 0.001184}}
{"target": -17.677196543314754, "params": {"gamma": 7.596833215225184, "log10_alpha": -3.5200887460909844, "log10_colsample_bytree": -0.30818769662707785, "log10_eta": -4.0, "log10_lambda": -2.9604834486437075, "log10_min_child_weight": 0.0, "log10_subsample": -0.6718656754199869, "max_depth": 8.0, "num_boost_round": 7.0}, "datetime": {"datetime": "2024-01-19 00:26:21", "elapsed": 935.222036, "delta": 0.001125}}
{"target": -17.67719487031438, "params": {"gamma": 7.596833215225184, "log10_alpha": -3.5200887460909844, "log10_colsample_bytree": -0.30818769662707785, "log10_eta": -4.0, "log10_lambda": -2.9604834486437075, "log10_min_child_weight": 0.0, "log10_subsample": -0.6718656754199869, "max_depth": 8.0, "num_boost_round": 8.0}, "datetime": {"datetime": "2024-01-19 00:26:21", "elapsed": 935.223164, "delta": 0.001128}}
{"target": -17.677186100648782, "params": {"gamma": 7.596833215225184, "log10_alpha": -3.5200887460909844, "log10_colsample_bytree": -0.30818769662707785, "log10_eta": -4.0, "log10_lambda": -2.9604834486437075, "log10_min_child_weight": 0.0, "log10_subsample": -0.6718656754199869, "max_depth": 8.0, "num_boost_round": 9.0}, "datetime": {"datetime": "2024-01-19 00:26:21", "elapsed": 935.22428, "delta": 0.001116}}
