{"target": -13.758368126683898, "params": {"gamma": 713.9731436695346, "log10_alpha": 0.4146868646073969, "log10_colsample_bytree": -0.33301061382686337, "log10_eta": -3.1152190989188133, "log10_lambda": -3.219418698633591, "log10_min_child_weight": 2.677355293336485, "log10_subsample": -0.42060278531925854, "max_depth": 5.0, "num_boost_round": 14.0}, "datetime": {"datetime": "2024-01-19 01:49:58", "elapsed": 5897.571231, "delta": 0.005554}}
{"target": -13.758345112696468, "params": {"gamma": 713.9731436695346, "log10_alpha": 0.4146868646073969, "log10_colsample_bytree": -0.33301061382686337, "log10_eta": -3.1152190989188133, "log10_lambda": -3.219418698633591, "log10_min_child_weight": 2.677355293336485, "log10_subsample": -0.42060278531925854, "max_depth": 5.0, "num_boost_round": 15.0}, "datetime": {"datetime": "2024-01-19 01:49:58", "elapsed": 5897.576734, "delta": 0.005503}}
{"target": -13.758308367194784, "params": {"gamma": 713.9731436695346, "log10_alpha": 0.4146868646073969, "log10_colsample_bytree": -0.33301061382686337, "log10_eta": -3.1152190989188133, "log10_lambda": -3.219418698633591, "log10_min_child_weight": 2.677355293336485, "log10_subsample": -0.42060278531925854, "max_depth": 5.0, "num_boost_round": 16.0}, "datetime": {"datetime": "2024-01-19 01:49:58", "elapsed": 5897.58216, "delta": 0.005426}}
{"target": -13.758301701819896, "params": {"gamma": 713.9731436695346, "log10_alpha": 0.4146868646073969, "log10_colsample_bytree": -0.33301061382686337, "log10_eta": -3.1152190989188133, "log10_lambda": -3.219418698633591, "log10_min_child_weight": 2.677355293336485, "log10_subsample": -0.42060278531925854, "max_depth": 5.0, "num_boost_round": 17.0}, "datetime": {"datetime": "2024-01-19 01:49:58", "elapsed": 5897.5877, "delta": 0.00554}}
{"target": -13.758306426708481, "params": {"gamma": 713.9731436695346, "log10_alpha": 0.4146868646073969, "log10_colsample_bytree": -0.33301061382686337, "log10_eta": -3.1152190989188133, "log10_lambda": -3.219418698633591, "log10_min_child_weight": 2.677355293336485, "log10_subsample": -0.42060278531925854, "max_depth": 5.0, "num_boost_round": 18.0}, "datetime": {"datetime": "2024-01-19 01:49:58", "elapsed": 5897.593634, "delta": 0.005934}}
{"target": -13.758289043087858, "params": {"gamma": 713.9731436695346, "log10_alpha": 0.4146868646073969, "log10_colsample_bytree": -0.33301061382686337, "log10_eta": -3.1152190989188133, "log10_lambda": -3.219418698633591, "log10_min_child_weight": 2.677355293336485, "log10_subsample": -0.42060278531925854, "max_depth": 5.0, "num_boost_round": 19.0}, "datetime": {"datetime": "2024-01-19 01:49:58", "elapsed": 5897.599495, "delta": 0.005861}}
{"target": -13.758274309719495, "params": {"gamma": 713.9731436695346, "log10_alpha": 0.4146868646073969, "log10_colsample_bytree": -0.33301061382686337, "log10_eta": -3.1152190989188133, "log10_lambda": -3.219418698633591, "log10_min_child_weight": 2.677355293336485, "log10_subsample": -0.42060278531925854, "max_depth": 5.0, "num_boost_round": 20.0}, "datetime": {"datetime": "2024-01-19 01:49:58", "elapsed": 5897.60514, "delta": 0.005645}}
{"target": -13.75826695665942, "params": {"gamma": 713.9731436695346, "log10_alpha": 0.4146868646073969, "log10_colsample_bytree": -0.33301061382686337, "log10_eta": -3.1152190989188133, "log10_lambda": -3.219418698633591, "log10_min_child_weight": 2.677355293336485, "log10_subsample": -0.42060278531925854, "max_depth": 5.0, "num_boost_round": 21.0}, "datetime": {"datetime": "2024-01-19 01:49:58", "elapsed": 5897.610909, "delta": 0.005769}}
{"target": -13.75825978154316, "params": {"gamma": 713.9731436695346, "log10_alpha": 0.4146868646073969, "log10_colsample_bytree": -0.33301061382686337, "log10_eta": -3.1152190989188133, "log10_lambda": -3.219418698633591, "log10_min_child_weight": 2.677355293336485, "log10_subsample": -0.42060278531925854, "max_depth": 5.0, "num_boost_round": 22.0}, "datetime": {"datetime": "2024-01-19 01:49:58", "elapsed": 5897.616496, "delta": 0.005587}}
{"target": -13.758249126933315, "params": {"gamma": 713.9731436695346, "log10_alpha": 0.4146868646073969, "log10_colsample_bytree": -0.33301061382686337, "log10_eta": -3.1152190989188133, "log10_lambda": -3.219418698633591, "log10_min_child_weight": 2.677355293336485, "log10_subsample": -0.42060278531925854, "max_depth": 5.0, "num_boost_round": 23.0}, "datetime": {"datetime": "2024-01-19 01:49:58", "elapsed": 5897.621895, "delta": 0.005399}}
{"target": -13.75824655540554, "params": {"gamma": 713.9731436695346, "log10_alpha": 0.4146868646073969, "log10_colsample_bytree": -0.33301061382686337, "log10_eta": -3.1152190989188133, "log10_lambda": -3.219418698633591, "log10_min_child_weight": 2.677355293336485, "log10_subsample": -0.42060278531925854, "max_depth": 5.0, "num_boost_round": 24.0}, "datetime": {"datetime": "2024-01-19 01:49:58", "elapsed": 5897.62869, "delta": 0.006795}}
{"target": -13.758232068441352, "params": {"gamma": 713.9731436695346, "log10_alpha": 0.4146868646073969, "log10_colsample_bytree": -0.33301061382686337, "log10_eta": -3.1152190989188133, "log10_lambda": -3.219418698633591, "log10_min_child_weight": 2.677355293336485, "log10_subsample": -0.42060278531925854, "max_depth": 5.0, "num_boost_round": 25.0}, "datetime": {"datetime": "2024-01-19 01:49:58", "elapsed": 5897.635742, "delta": 0.007052}}
{"target": -13.758219742455376, "params": {"gamma": 713.9731436695346, "log10_alpha": 0.4146868646073969, "log10_colsample_bytree": -0.33301061382686337, "log10_eta": -3.1152190989188133, "log10_lambda": -3.219418698633591, "log10_min_child_weight": 2.677355293336485, "log10_subsample": -0.42060278531925854, "max_depth": 5.0, "num_boost_round": 26.0}, "datetime": {"datetime": "2024-01-19 01:49:58", "elapsed": 5897.64178, "delta": 0.006038}}
{"target": -13.758204718695122, "params": {"gamma": 713.9731436695346, "log10_alpha": 0.4146868646073969, "log10_colsample_bytree": -0.33301061382686337, "log10_eta": -3.1152190989188133, "log10_lambda": -3.219418698633591, "log10_min_child_weight": 2.677355293336485, "log10_subsample": -0.42060278531925854, "max_depth": 5.0, "num_boost_round": 27.0}, "datetime": {"datetime": "2024-01-19 01:49:58", "elapsed": 5897.64744, "delta": 0.00566}}
{"target": -13.758188917922732, "params": {"gamma": 713.9731436695346, "log10_alpha": 0.4146868646073969, "log10_colsample_bytree": -0.33301061382686337, "log10_eta": -3.1152190989188133, "log10_lambda": -3.219418698633591, "log10_min_child_weight": 2.677355293336485, "log10_subsample": -0.42060278531925854, "max_depth": 5.0, "num_boost_round": 28.0}, "datetime": {"datetime": "2024-01-19 01:49:58", "elapsed": 5897.652846, "delta": 0.005406}}
{"target": -13.758178534630657, "params": {"gamma": 713.9731436695346, "log10_alpha": 0.4146868646073969, "log10_colsample_bytree": -0.33301061382686337, "log10_eta": -3.1152190989188133, "log10_lambda": -3.219418698633591, "log10_min_child_weight": 2.677355293336485, "log10_subsample": -0.42060278531925854, "max_depth": 5.0, "num_boost_round": 29.0}, "datetime": {"datetime": "2024-01-19 01:49:58", "elapsed": 5897.658352, "delta": 0.005506}}
{"target": -13.758177629090639, "params": {"gamma": 713.9731436695346, "log10_alpha": 0.4146868646073969, "log10_colsample_bytree": -0.33301061382686337, "log10_eta": -3.1152190989188133, "log10_lambda": -3.219418698633591, "log10_min_child_weight": 2.677355293336485, "log10_subsample": -0.42060278531925854, "max_depth": 5.0, "num_boost_round": 30.0}, "datetime": {"datetime": "2024-01-19 01:49:58", "elapsed": 5897.663871, "delta": 0.005519}}
{"target": -13.758176143002352, "params": {"gamma": 713.9731436695346, "log10_alpha": 0.4146868646073969, "log10_colsample_bytree": -0.33301061382686337, "log10_eta": -3.1152190989188133, "log10_lambda": -3.219418698633591, "log10_min_child_weight": 2.677355293336485, "log10_subsample": -0.42060278531925854, "max_depth": 5.0, "num_boost_round": 31.0}, "datetime": {"datetime": "2024-01-19 01:49:58", "elapsed": 5897.669626, "delta": 0.005755}}
{"target": -13.758195771708042, "params": {"gamma": 713.9731436695346, "log10_alpha": 0.4146868646073969, "log10_colsample_bytree": -0.33301061382686337, "log10_eta": -3.1152190989188133, "log10_lambda": -3.219418698633591, "log10_min_child_weight": 2.677355293336485, "log10_subsample": -0.42060278531925854, "max_depth": 5.0, "num_boost_round": 32.0}, "datetime": {"datetime": "2024-01-19 01:49:58", "elapsed": 5897.675234, "delta": 0.005608}}
{"target": -13.758205385272893, "params": {"gamma": 713.9731436695346, "log10_alpha": 0.4146868646073969, "log10_colsample_bytree": -0.33301061382686337, "log10_eta": -3.1152190989188133, "log10_lambda": -3.219418698633591, "log10_min_child_weight": 2.677355293336485, "log10_subsample": -0.42060278531925854, "max_depth": 5.0, "num_boost_round": 33.0}, "datetime": {"datetime": "2024-01-19 01:49:58", "elapsed": 5897.680617, "delta": 0.005383}}
{"target": -13.758194016980832, "params": {"gamma": 713.9731436695346, "log10_alpha": 0.4146868646073969, "log10_colsample_bytree": -0.33301061382686337, "log10_eta": -3.1152190989188133, "log10_lambda": -3.219418698633591, "log10_min_child_weight": 2.677355293336485, "log10_subsample": -0.42060278531925854, "max_depth": 5.0, "num_boost_round": 34.0}, "datetime": {"datetime": "2024-01-19 01:49:58", "elapsed": 5897.686211, "delta": 0.005594}}
{"target": -13.758196030931277, "params": {"gamma": 713.9731436695346, "log10_alpha": 0.4146868646073969, "log10_colsample_bytree": -0.33301061382686337, "log10_eta": -3.1152190989188133, "log10_lambda": -3.219418698633591, "log10_min_child_weight": 2.677355293336485, "log10_subsample": -0.42060278531925854, "max_depth": 5.0, "num_boost_round": 35.0}, "datetime": {"datetime": "2024-01-19 01:49:58", "elapsed": 5897.691661, "delta": 0.00545}}
{"target": -13.7582040628532, "params": {"gamma": 713.9731436695346, "log10_alpha": 0.4146868646073969, "log10_colsample_bytree": -0.33301061382686337, "log10_eta": -3.1152190989188133, "log10_lambda": -3.219418698633591, "log10_min_child_weight": 2.677355293336485, "log10_subsample": -0.42060278531925854, "max_depth": 5.0, "num_boost_round": 36.0}, "datetime": {"datetime": "2024-01-19 01:49:58", "elapsed": 5897.697352, "delta": 0.005691}}
{"target": -13.758221389033642, "params": {"gamma": 713.9731436695346, "log10_alpha": 0.4146868646073969, "log10_colsample_bytree": -0.33301061382686337, "log10_eta": -3.1152190989188133, "log10_lambda": -3.219418698633591, "log10_min_child_weight": 2.677355293336485, "log10_subsample": -0.42060278531925854, "max_depth": 5.0, "num_boost_round": 37.0}, "datetime": {"datetime": "2024-01-19 01:49:58", "elapsed": 5897.703131, "delta": 0.005779}}
{"target": -13.758235959209467, "params": {"gamma": 713.9731436695346, "log10_alpha": 0.4146868646073969, "log10_colsample_bytree": -0.33301061382686337, "log10_eta": -3.1152190989188133, "log10_lambda": -3.219418698633591, "log10_min_child_weight": 2.677355293336485, "log10_subsample": -0.42060278531925854, "max_depth": 5.0, "num_boost_round": 38.0}, "datetime": {"datetime": "2024-01-19 01:49:58", "elapsed": 5897.708643, "delta": 0.005512}}
{"target": -13.758206773929762, "params": {"gamma": 713.9731436695346, "log10_alpha": 0.4146868646073969, "log10_colsample_bytree": -0.33301061382686337, "log10_eta": -3.1152190989188133, "log10_lambda": -3.219418698633591, "log10_min_child_weight": 2.677355293336485, "log10_subsample": -0.42060278531925854, "max_depth": 5.0, "num_boost_round": 39.0}, "datetime": {"datetime": "2024-01-19 01:49:58", "elapsed": 5897.714099, "delta": 0.005456}}
{"target": -13.75821481855888, "params": {"gamma": 713.9731436695346, "log10_alpha": 0.4146868646073969, "log10_colsample_bytree": -0.33301061382686337, "log10_eta": -3.1152190989188133, "log10_lambda": -3.219418698633591, "log10_min_child_weight": 2.677355293336485, "log10_subsample": -0.42060278531925854, "max_depth": 5.0, "num_boost_round": 40.0}, "datetime": {"datetime": "2024-01-19 01:49:58", "elapsed": 5897.719676, "delta": 0.005577}}
{"target": -13.758172367245367, "params": {"gamma": 713.9731436695346, "log10_alpha": 0.4146868646073969, "log10_colsample_bytree": -0.33301061382686337, "log10_eta": -3.1152190989188133, "log10_lambda": -3.219418698633591, "log10_min_child_weight": 2.677355293336485, "log10_subsample": -0.42060278531925854, "max_depth": 5.0, "num_boost_round": 41.0}, "datetime": {"datetime": "2024-01-19 01:49:58", "elapsed": 5897.725286, "delta": 0.00561}}
{"target": -13.758143430144917, "params": {"gamma": 713.9731436695346, "log10_alpha": 0.4146868646073969, "log10_colsample_bytree": -0.33301061382686337, "log10_eta": -3.1152190989188133, "log10_lambda": -3.219418698633591, "log10_min_child_weight": 2.677355293336485, "log10_subsample": -0.42060278531925854, "max_depth": 5.0, "num_boost_round": 42.0}, "datetime": {"datetime": "2024-01-19 01:49:58", "elapsed": 5897.730847, "delta": 0.005561}}
{"target": -13.758141212160016, "params": {"gamma": 713.9731436695346, "log10_alpha": 0.4146868646073969, "log10_colsample_bytree": -0.33301061382686337, "log10_eta": -3.1152190989188133, "log10_lambda": -3.219418698633591, "log10_min_child_weight": 2.677355293336485, "log10_subsample": -0.42060278531925854, "max_depth": 5.0, "num_boost_round": 43.0}, "datetime": {"datetime": "2024-01-19 01:49:58", "elapsed": 5897.736621, "delta": 0.005774}}
{"target": -13.758127956891451, "params": {"gamma": 713.9731436695346, "log10_alpha": 0.4146868646073969, "log10_colsample_bytree": -0.33301061382686337, "log10_eta": -3.1152190989188133, "log10_lambda": -3.219418698633591, "log10_min_child_weight": 2.677355293336485, "log10_subsample": -0.42060278531925854, "max_depth": 5.0, "num_boost_round": 44.0}, "datetime": {"datetime": "2024-01-19 01:49:58", "elapsed": 5897.743054, "delta": 0.006433}}
{"target": -13.758127287190387, "params": {"gamma": 713.9731436695346, "log10_alpha": 0.4146868646073969, "log10_colsample_bytree": -0.33301061382686337, "log10_eta": -3.1152190989188133, "log10_lambda": -3.219418698633591, "log10_min_child_weight": 2.677355293336485, "log10_subsample": -0.42060278531925854, "max_depth": 5.0, "num_boost_round": 45.0}, "datetime": {"datetime": "2024-01-19 01:49:58", "elapsed": 5897.748703, "delta": 0.005649}}
{"target": -13.758124646193995, "params": {"gamma": 713.9731436695346, "log10_alpha": 0.4146868646073969, "log10_colsample_bytree": -0.33301061382686337, "log10_eta": -3.1152190989188133, "log10_lambda": -3.219418698633591, "log10_min_child_weight": 2.677355293336485, "log10_subsample": -0.42060278531925854, "max_depth": 5.0, "num_boost_round": 46.0}, "datetime": {"datetime": "2024-01-19 01:49:58", "elapsed": 5897.754244, "delta": 0.005541}}
{"target": -13.758120113773906, "params": {"gamma": 713.9731436695346, "log10_alpha": 0.4146868646073969, "log10_colsample_bytree": -0.33301061382686337, "log10_eta": -3.1152190989188133, "log10_lambda": -3.219418698633591, "log10_min_child_weight": 2.677355293336485, "log10_subsample": -0.42060278531925854, "max_depth": 5.0, "num_boost_round": 47.0}, "datetime": {"datetime": "2024-01-19 01:49:58", "elapsed": 5897.760053, "delta": 0.005809}}
{"target": -13.758127796676687, "params": {"gamma": 713.9731436695346, "log10_alpha": 0.4146868646073969, "log10_colsample_bytree": -0.33301061382686337, "log10_eta": -3.1152190989188133, "log10_lambda": -3.219418698633591, "log10_min_child_weight": 2.677355293336485, "log10_subsample": -0.42060278531925854, "max_depth": 5.0, "num_boost_round": 48.0}, "datetime": {"datetime": "2024-01-19 01:49:58", "elapsed": 5897.765773, "delta": 0.00572}}
{"target": -13.758114993159875, "params": {"gamma": 713.9731436695346, "log10_alpha": 0.4146868646073969, "log10_colsample_bytree": -0.33301061382686337, "log10_eta": -3.1152190989188133, "log10_lambda": -3.219418698633591, "log10_min_child_weight": 2.677355293336485, "log10_subsample": -0.42060278531925854, "max_depth": 5.0, "num_boost_round": 49.0}, "datetime": {"datetime": "2024-01-19 01:49:58", "elapsed": 5897.771456, "delta": 0.005683}}
{"target": -13.75806948776364, "params": {"gamma": 713.9731436695346, "log10_alpha": 0.4146868646073969, "log10_colsample_bytree": -0.33301061382686337, "log10_eta": -3.1152190989188133, "log10_lambda": -3.219418698633591, "log10_min_child_weight": 2.677355293336485, "log10_subsample": -0.42060278531925854, "max_depth": 5.0, "num_boost_round": 50.0}, "datetime": {"datetime": "2024-01-19 01:49:58", "elapsed": 5897.777081, "delta": 0.005625}}
{"target": -13.758055690513096, "params": {"gamma": 713.9731436695346, "log10_alpha": 0.4146868646073969, "log10_colsample_bytree": -0.33301061382686337, "log10_eta": -3.1152190989188133, "log10_lambda": -3.219418698633591, "log10_min_child_weight": 2.677355293336485, "log10_subsample": -0.42060278531925854, "max_depth": 5.0, "num_boost_round": 51.0}, "datetime": {"datetime": "2024-01-19 01:49:58", "elapsed": 5897.78252, "delta": 0.005439}}
{"target": -13.758046386530769, "params": {"gamma": 713.9731436695346, "log10_alpha": 0.4146868646073969, "log10_colsample_bytree": -0.33301061382686337, "log10_eta": -3.1152190989188133, "log10_lambda": -3.219418698633591, "log10_min_child_weight": 2.677355293336485, "log10_subsample": -0.42060278531925854, "max_depth": 5.0, "num_boost_round": 52.0}, "datetime": {"datetime": "2024-01-19 01:49:58", "elapsed": 5897.788063, "delta": 0.005543}}
{"target": -13.75805257193638, "params": {"gamma": 713.9731436695346, "log10_alpha": 0.4146868646073969, "log10_colsample_bytree": -0.33301061382686337, "log10_eta": -3.1152190989188133, "log10_lambda": -3.219418698633591, "log10_min_child_weight": 2.677355293336485, "log10_subsample": -0.42060278531925854, "max_depth": 5.0, "num_boost_round": 53.0}, "datetime": {"datetime": "2024-01-19 01:49:58", "elapsed": 5897.793694, "delta": 0.005631}}
{"target": -13.758049410923679, "params": {"gamma": 713.9731436695346, "log10_alpha": 0.4146868646073969, "log10_colsample_bytree": -0.33301061382686337, "log10_eta": -3.1152190989188133, "log10_lambda": -3.219418698633591, "log10_min_child_weight": 2.677355293336485, "log10_subsample": -0.42060278531925854, "max_depth": 5.0, "num_boost_round": 54.0}, "datetime": {"datetime": "2024-01-19 01:49:58", "elapsed": 5897.799432, "delta": 0.005738}}
{"target": -13.758035035662243, "params": {"gamma": 713.9731436695346, "log10_alpha": 0.4146868646073969, "log10_colsample_bytree": -0.33301061382686337, "log10_eta": -3.1152190989188133, "log10_lambda": -3.219418698633591, "log10_min_child_weight": 2.677355293336485, "log10_subsample": -0.42060278531925854, "max_depth": 5.0, "num_boost_round": 55.0}, "datetime": {"datetime": "2024-01-19 01:49:58", "elapsed": 5897.805157, "delta": 0.005725}}
{"target": -13.758026226088562, "params": {"gamma": 713.9731436695346, "log10_alpha": 0.4146868646073969, "log10_colsample_bytree": -0.33301061382686337, "log10_eta": -3.1152190989188133, "log10_lambda": -3.219418698633591, "log10_min_child_weight": 2.677355293336485, "log10_subsample": -0.42060278531925854, "max_depth": 5.0, "num_boost_round": 56.0}, "datetime": {"datetime": "2024-01-19 01:49:58", "elapsed": 5897.81069, "delta": 0.005533}}
{"target": -13.75802128895237, "params": {"gamma": 713.9731436695346, "log10_alpha": 0.4146868646073969, "log10_colsample_bytree": -0.33301061382686337, "log10_eta": -3.1152190989188133, "log10_lambda": -3.219418698633591, "log10_min_child_weight": 2.677355293336485, "log10_subsample": -0.42060278531925854, "max_depth": 5.0, "num_boost_round": 57.0}, "datetime": {"datetime": "2024-01-19 01:49:58", "elapsed": 5897.816357, "delta": 0.005667}}
{"target": -13.75800617743827, "params": {"gamma": 713.9731436695346, "log10_alpha": 0.4146868646073969, "log10_colsample_bytree": -0.33301061382686337, "log10_eta": -3.1152190989188133, "log10_lambda": -3.219418698633591, "log10_min_child_weight": 2.677355293336485, "log10_subsample": -0.42060278531925854, "max_depth": 5.0, "num_boost_round": 58.0}, "datetime": {"datetime": "2024-01-19 01:49:58", "elapsed": 5897.821946, "delta": 0.005589}}
{"target": -13.757976336522894, "params": {"gamma": 713.9731436695346, "log10_alpha": 0.4146868646073969, "log10_colsample_bytree": -0.33301061382686337, "log10_eta": -3.1152190989188133, "log10_lambda": -3.219418698633591, "log10_min_child_weight": 2.677355293336485, "log10_subsample": -0.42060278531925854, "max_depth": 5.0, "num_boost_round": 59.0}, "datetime": {"datetime": "2024-01-19 01:49:58", "elapsed": 5897.827545, "delta": 0.005599}}
{"target": -13.757990614110422, "params": {"gamma": 713.9731436695346, "log10_alpha": 0.4146868646073969, "log10_colsample_bytree": -0.33301061382686337, "log10_eta": -3.1152190989188133, "log10_lambda": -3.219418698633591, "log10_min_child_weight": 2.677355293336485, "log10_subsample": -0.42060278531925854, "max_depth": 5.0, "num_boost_round": 60.0}, "datetime": {"datetime": "2024-01-19 01:49:58", "elapsed": 5897.833228, "delta": 0.005683}}
{"target": -13.757988923869217, "params": {"gamma": 713.9731436695346, "log10_alpha": 0.4146868646073969, "log10_colsample_bytree": -0.33301061382686337, "log10_eta": -3.1152190989188133, "log10_lambda": -3.219418698633591, "log10_min_child_weight": 2.677355293336485, "log10_subsample": -0.42060278531925854, "max_depth": 5.0, "num_boost_round": 61.0}, "datetime": {"datetime": "2024-01-19 01:49:58", "elapsed": 5897.839111, "delta": 0.005883}}
{"target": -13.757965392922303, "params": {"gamma": 713.9731436695346, "log10_alpha": 0.4146868646073969, "log10_colsample_bytree": -0.33301061382686337, "log10_eta": -3.1152190989188133, "log10_lambda": -3.219418698633591, "log10_min_child_weight": 2.677355293336485, "log10_subsample": -0.42060278531925854, "max_depth": 5.0, "num_boost_round": 62.0}, "datetime": {"datetime": "2024-01-19 01:49:58", "elapsed": 5897.845554, "delta": 0.006443}}
