{"target": -13.758447191924061, "params": {"gamma": 949.151175106954, "log10_alpha": -1.504888772316125, "log10_colsample_bytree": -0.7747886525722372, "log10_eta": -2.553552360128181, "log10_lambda": 0.47224645838513535, "log10_min_child_weight": 2.3177495554160417, "log10_subsample": -0.6457801934537142, "max_depth": 4.0, "num_boost_round": 5.0}, "datetime": {"datetime": "2024-01-19 00:53:36", "elapsed": 2517.39592, "delta": 0.003254}}
{"target": -13.758412104268952, "params": {"gamma": 949.151175106954, "log10_alpha": -1.504888772316125, "log10_colsample_bytree": -0.7747886525722372, "log10_eta": -2.553552360128181, "log10_lambda": 0.47224645838513535, "log10_min_child_weight": 2.3177495554160417, "log10_subsample": -0.6457801934537142, "max_depth": 4.0, "num_boost_round": 6.0}, "datetime": {"datetime": "2024-01-19 00:53:36", "elapsed": 2517.39932, "delta": 0.0034}}
{"target": -13.75831387002107, "params": {"gamma": 949.151175106954, "log10_alpha": -1.504888772316125, "log10_colsample_bytree": -0.7747886525722372, "log10_eta": -2.553552360128181, "log10_lambda": 0.47224645838513535, "log10_min_child_weight": 2.3177495554160417, "log10_subsample": -0.6457801934537142, "max_depth": 4.0, "num_boost_round": 7.0}, "datetime": {"datetime": "2024-01-19 00:53:36", "elapsed": 2517.402588, "delta": 0.003268}}
{"target": -13.75828418177822, "params": {"gamma": 949.151175106954, "log10_alpha": -1.504888772316125, "log10_colsample_bytree": -0.7747886525722372, "log10_eta": -2.553552360128181, "log10_lambda": 0.47224645838513535, "log10_min_child_weight": 2.3177495554160417, "log10_subsample": -0.6457801934537142, "max_depth": 4.0, "num_boost_round": 8.0}, "datetime": {"datetime": "2024-01-19 00:53:36", "elapsed": 2517.405847, "delta": 0.003259}}
{"target": -13.758232058194325, "params": {"gamma": 949.151175106954, "log10_alpha": -1.504888772316125, "log10_colsample_bytree": -0.7747886525722372, "log10_eta": -2.553552360128181, "log10_lambda": 0.47224645838513535, "log10_min_child_weight": 2.3177495554160417, "log10_subsample": -0.6457801934537142, "max_depth": 4.0, "num_boost_round": 9.0}, "datetime": {"datetime": "2024-01-19 00:53:36", "elapsed": 2517.409273, "delta": 0.003426}}
{"target": -13.758148900326333, "params": {"gamma": 949.151175106954, "log10_alpha": -1.504888772316125, "log10_colsample_bytree": -0.7747886525722372, "log10_eta": -2.553552360128181, "log10_lambda": 0.47224645838513535, "log10_min_child_weight": 2.3177495554160417, "log10_subsample": -0.6457801934537142, "max_depth": 4.0, "num_boost_round": 10.0}, "datetime": {"datetime": "2024-01-19 00:53:36", "elapsed": 2517.412735, "delta": 0.003462}}
{"target": -13.758123432390253, "params": {"gamma": 949.151175106954, "log10_alpha": -1.504888772316125, "log10_colsample_bytree": -0.7747886525722372, "log10_eta": -2.553552360128181, "log10_lambda": 0.47224645838513535, "log10_min_child_weight": 2.3177495554160417, "log10_subsample": -0.6457801934537142, "max_depth": 4.0, "num_boost_round": 11.0}, "datetime": {"datetime": "2024-01-19 00:53:36", "elapsed": 2517.416166, "delta": 0.003431}}
{"target": -13.75809565825623, "params": {"gamma": 949.151175106954, "log10_alpha": -1.504888772316125, "log10_colsample_bytree": -0.7747886525722372, "log10_eta": -2.553552360128181, "log10_lambda": 0.47224645838513535, "log10_min_child_weight": 2.3177495554160417, "log10_subsample": -0.6457801934537142, "max_depth": 4.0, "num_boost_round": 12.0}, "datetime": {"datetime": "2024-01-19 00:53:36", "elapsed": 2517.423633, "delta": 0.007467}}
{"target": -13.758034035517603, "params": {"gamma": 949.151175106954, "log10_alpha": -1.504888772316125, "log10_colsample_bytree": -0.7747886525722372, "log10_eta": -2.553552360128181, "log10_lambda": 0.47224645838513535, "log10_min_child_weight": 2.3177495554160417, "log10_subsample": -0.6457801934537142, "max_depth": 4.0, "num_boost_round": 13.0}, "datetime": {"datetime": "2024-01-19 00:53:36", "elapsed": 2517.426984, "delta": 0.003351}}
{"target": -13.758027014457827, "params": {"gamma": 949.151175106954, "log10_alpha": -1.504888772316125, "log10_colsample_bytree": -0.7747886525722372, "log10_eta": -2.553552360128181, "log10_lambda": 0.47224645838513535, "log10_min_child_weight": 2.3177495554160417, "log10_subsample": -0.6457801934537142, "max_depth": 4.0, "num_boost_round": 14.0}, "datetime": {"datetime": "2024-01-19 00:53:36", "elapsed": 2517.430265, "delta": 0.003281}}
{"target": -13.75797327309525, "params": {"gamma": 949.151175106954, "log10_alpha": -1.504888772316125, "log10_colsample_bytree": -0.7747886525722372, "log10_eta": -2.553552360128181, "log10_lambda": 0.47224645838513535, "log10_min_child_weight": 2.3177495554160417, "log10_subsample": -0.6457801934537142, "max_depth": 4.0, "num_boost_round": 15.0}, "datetime": {"datetime": "2024-01-19 00:53:36", "elapsed": 2517.433534, "delta": 0.003269}}
{"target": -13.757935354989344, "params": {"gamma": 949.151175106954, "log10_alpha": -1.504888772316125, "log10_colsample_bytree": -0.7747886525722372, "log10_eta": -2.553552360128181, "log10_lambda": 0.47224645838513535, "log10_min_child_weight": 2.3177495554160417, "log10_subsample": -0.6457801934537142, "max_depth": 4.0, "num_boost_round": 16.0}, "datetime": {"datetime": "2024-01-19 00:53:36", "elapsed": 2517.43678, "delta": 0.003246}}
{"target": -13.757928873699985, "params": {"gamma": 949.151175106954, "log10_alpha": -1.504888772316125, "log10_colsample_bytree": -0.7747886525722372, "log10_eta": -2.553552360128181, "log10_lambda": 0.47224645838513535, "log10_min_child_weight": 2.3177495554160417, "log10_subsample": -0.6457801934537142, "max_depth": 4.0, "num_boost_round": 17.0}, "datetime": {"datetime": "2024-01-19 00:53:36", "elapsed": 2517.440125, "delta": 0.003345}}
{"target": -13.757925672891067, "params": {"gamma": 949.151175106954, "log10_alpha": -1.504888772316125, "log10_colsample_bytree": -0.7747886525722372, "log10_eta": -2.553552360128181, "log10_lambda": 0.47224645838513535, "log10_min_child_weight": 2.3177495554160417, "log10_subsample": -0.6457801934537142, "max_depth": 4.0, "num_boost_round": 18.0}, "datetime": {"datetime": "2024-01-19 00:53:36", "elapsed": 2517.443394, "delta": 0.003269}}
{"target": -13.757943222712012, "params": {"gamma": 949.151175106954, "log10_alpha": -1.504888772316125, "log10_colsample_bytree": -0.7747886525722372, "log10_eta": -2.553552360128181, "log10_lambda": 0.47224645838513535, "log10_min_child_weight": 2.3177495554160417, "log10_subsample": -0.6457801934537142, "max_depth": 4.0, "num_boost_round": 19.0}, "datetime": {"datetime": "2024-01-19 00:53:36", "elapsed": 2517.44674, "delta": 0.003346}}
{"target": -13.757874732390244, "params": {"gamma": 949.151175106954, "log10_alpha": -1.504888772316125, "log10_colsample_bytree": -0.7747886525722372, "log10_eta": -2.553552360128181, "log10_lambda": 0.47224645838513535, "log10_min_child_weight": 2.3177495554160417, "log10_subsample": -0.6457801934537142, "max_depth": 4.0, "num_boost_round": 20.0}, "datetime": {"datetime": "2024-01-19 00:53:36", "elapsed": 2517.450027, "delta": 0.003287}}
{"target": -13.757820162736326, "params": {"gamma": 949.151175106954, "log10_alpha": -1.504888772316125, "log10_colsample_bytree": -0.7747886525722372, "log10_eta": -2.553552360128181, "log10_lambda": 0.47224645838513535, "log10_min_child_weight": 2.3177495554160417, "log10_subsample": -0.6457801934537142, "max_depth": 4.0, "num_boost_round": 21.0}, "datetime": {"datetime": "2024-01-19 00:53:36", "elapsed": 2517.453324, "delta": 0.003297}}
{"target": -13.757685609153151, "params": {"gamma": 949.151175106954, "log10_alpha": -1.504888772316125, "log10_colsample_bytree": -0.7747886525722372, "log10_eta": -2.553552360128181, "log10_lambda": 0.47224645838513535, "log10_min_child_weight": 2.3177495554160417, "log10_subsample": -0.6457801934537142, "max_depth": 4.0, "num_boost_round": 22.0}, "datetime": {"datetime": "2024-01-19 00:53:36", "elapsed": 2517.456571, "delta": 0.003247}}
{"target": -13.758901136718247, "params": {"gamma": 946.0450101354489, "log10_alpha": -1.0537353260807603, "log10_colsample_bytree": -0.9345366564309346, "log10_eta": -0.6592311553448833, "log10_lambda": -4.926737821322076, "log10_min_child_weight": 4.893971604911579, "log10_subsample": -0.16953277975837588, "max_depth": 2.0, "num_boost_round": 0.0}, "datetime": {"datetime": "2024-01-19 00:54:24", "elapsed": 2565.434125, "delta": 47.977554}}
{"target": -13.758160663046374, "params": {"gamma": 946.0450101354489, "log10_alpha": -1.0537353260807603, "log10_colsample_bytree": -0.9345366564309346, "log10_eta": -0.6592311553448833, "log10_lambda": -4.926737821322076, "log10_min_child_weight": 4.893971604911579, "log10_subsample": -0.16953277975837588, "max_depth": 2.0, "num_boost_round": 1.0}, "datetime": {"datetime": "2024-01-19 00:54:24", "elapsed": 2565.53283, "delta": 0.098705}}
{"target": -13.759432884104092, "params": {"gamma": 946.0450101354489, "log10_alpha": -1.0537353260807603, "log10_colsample_bytree": -0.9345366564309346, "log10_eta": -0.6592311553448833, "log10_lambda": -4.926737821322076, "log10_min_child_weight": 4.893971604911579, "log10_subsample": -0.16953277975837588, "max_depth": 2.0, "num_boost_round": 2.0}, "datetime": {"datetime": "2024-01-19 00:54:24", "elapsed": 2565.536631, "delta": 0.003801}}
{"target": -13.759011772243468, "params": {"gamma": 946.0450101354489, "log10_alpha": -1.0537353260807603, "log10_colsample_bytree": -0.9345366564309346, "log10_eta": -0.6592311553448833, "log10_lambda": -4.926737821322076, "log10_min_child_weight": 4.893971604911579, "log10_subsample": -0.16953277975837588, "max_depth": 2.0, "num_boost_round": 3.0}, "datetime": {"datetime": "2024-01-19 00:54:24", "elapsed": 2565.540248, "delta": 0.003617}}
{"target": -13.759911570551061, "params": {"gamma": 946.0450101354489, "log10_alpha": -1.0537353260807603, "log10_colsample_bytree": -0.9345366564309346, "log10_eta": -0.6592311553448833, "log10_lambda": -4.926737821322076, "log10_min_child_weight": 4.893971604911579, "log10_subsample": -0.16953277975837588, "max_depth": 2.0, "num_boost_round": 4.0}, "datetime": {"datetime": "2024-01-19 00:54:24", "elapsed": 2565.544265, "delta": 0.004017}}
{"target": -13.758825726311153, "params": {"gamma": 946.0450101354489, "log10_alpha": -1.0537353260807603, "log10_colsample_bytree": -0.9345366564309346, "log10_eta": -0.6592311553448833, "log10_lambda": -4.926737821322076, "log10_min_child_weight": 4.893971604911579, "log10_subsample": -0.16953277975837588, "max_depth": 2.0, "num_boost_round": 5.0}, "datetime": {"datetime": "2024-01-19 00:54:24", "elapsed": 2565.548057, "delta": 0.003792}}
{"target": -13.75861242776874, "params": {"gamma": 946.0450101354489, "log10_alpha": -1.0537353260807603, "log10_colsample_bytree": -0.9345366564309346, "log10_eta": -0.6592311553448833, "log10_lambda": -4.926737821322076, "log10_min_child_weight": 4.893971604911579, "log10_subsample": -0.16953277975837588, "max_depth": 2.0, "num_boost_round": 6.0}, "datetime": {"datetime": "2024-01-19 00:54:24", "elapsed": 2565.551455, "delta": 0.003398}}
{"target": -13.758499020374405, "params": {"gamma": 946.0450101354489, "log10_alpha": -1.0537353260807603, "log10_colsample_bytree": -0.9345366564309346, "log10_eta": -0.6592311553448833, "log10_lambda": -4.926737821322076, "log10_min_child_weight": 4.893971604911579, "log10_subsample": -0.16953277975837588, "max_depth": 2.0, "num_boost_round": 7.0}, "datetime": {"datetime": "2024-01-19 00:54:24", "elapsed": 2565.554833, "delta": 0.003378}}
{"target": -13.75971771075792, "params": {"gamma": 946.0450101354489, "log10_alpha": -1.0537353260807603, "log10_colsample_bytree": -0.9345366564309346, "log10_eta": -0.6592311553448833, "log10_lambda": -4.926737821322076, "log10_min_child_weight": 4.893971604911579, "log10_subsample": -0.16953277975837588, "max_depth": 2.0, "num_boost_round": 8.0}, "datetime": {"datetime": "2024-01-19 00:54:24", "elapsed": 2565.558355, "delta": 0.003522}}
{"target": -13.76218153209505, "params": {"gamma": 946.0450101354489, "log10_alpha": -1.0537353260807603, "log10_colsample_bytree": -0.9345366564309346, "log10_eta": -0.6592311553448833, "log10_lambda": -4.926737821322076, "log10_min_child_weight": 4.893971604911579, "log10_subsample": -0.16953277975837588, "max_depth": 2.0, "num_boost_round": 9.0}, "datetime": {"datetime": "2024-01-19 00:54:24", "elapsed": 2565.561881, "delta": 0.003526}}
{"target": -13.762473372722635, "params": {"gamma": 946.0450101354489, "log10_alpha": -1.0537353260807603, "log10_colsample_bytree": -0.9345366564309346, "log10_eta": -0.6592311553448833, "log10_lambda": -4.926737821322076, "log10_min_child_weight": 4.893971604911579, "log10_subsample": -0.16953277975837588, "max_depth": 2.0, "num_boost_round": 10.0}, "datetime": {"datetime": "2024-01-19 00:54:24", "elapsed": 2565.565309, "delta": 0.003428}}
{"target": -13.762699892306971, "params": {"gamma": 946.0450101354489, "log10_alpha": -1.0537353260807603, "log10_colsample_bytree": -0.9345366564309346, "log10_eta": -0.6592311553448833, "log10_lambda": -4.926737821322076, "log10_min_child_weight": 4.893971604911579, "log10_subsample": -0.16953277975837588, "max_depth": 2.0, "num_boost_round": 11.0}, "datetime": {"datetime": "2024-01-19 00:54:24", "elapsed": 2565.568784, "delta": 0.003475}}
{"target": -13.763727193026606, "params": {"gamma": 946.0450101354489, "log10_alpha": -1.0537353260807603, "log10_colsample_bytree": -0.9345366564309346, "log10_eta": -0.6592311553448833, "log10_lambda": -4.926737821322076, "log10_min_child_weight": 4.893971604911579, "log10_subsample": -0.16953277975837588, "max_depth": 2.0, "num_boost_round": 12.0}, "datetime": {"datetime": "2024-01-19 00:54:24", "elapsed": 2565.572192, "delta": 0.003408}}
{"target": -13.762665529805497, "params": {"gamma": 946.0450101354489, "log10_alpha": -1.0537353260807603, "log10_colsample_bytree": -0.9345366564309346, "log10_eta": -0.6592311553448833, "log10_lambda": -4.926737821322076, "log10_min_child_weight": 4.893971604911579, "log10_subsample": -0.16953277975837588, "max_depth": 2.0, "num_boost_round": 13.0}, "datetime": {"datetime": "2024-01-19 00:54:24", "elapsed": 2565.57558, "delta": 0.003388}}
{"target": -13.763827064926344, "params": {"gamma": 946.0450101354489, "log10_alpha": -1.0537353260807603, "log10_colsample_bytree": -0.9345366564309346, "log10_eta": -0.6592311553448833, "log10_lambda": -4.926737821322076, "log10_min_child_weight": 4.893971604911579, "log10_subsample": -0.16953277975837588, "max_depth": 2.0, "num_boost_round": 14.0}, "datetime": {"datetime": "2024-01-19 00:54:24", "elapsed": 2565.579084, "delta": 0.003504}}
{"target": -13.763541522571892, "params": {"gamma": 946.0450101354489, "log10_alpha": -1.0537353260807603, "log10_colsample_bytree": -0.9345366564309346, "log10_eta": -0.6592311553448833, "log10_lambda": -4.926737821322076, "log10_min_child_weight": 4.893971604911579, "log10_subsample": -0.16953277975837588, "max_depth": 2.0, "num_boost_round": 15.0}, "datetime": {"datetime": "2024-01-19 00:54:24", "elapsed": 2565.582507, "delta": 0.003423}}
{"target": -13.762440104514639, "params": {"gamma": 946.0450101354489, "log10_alpha": -1.0537353260807603, "log10_colsample_bytree": -0.9345366564309346, "log10_eta": -0.6592311553448833, "log10_lambda": -4.926737821322076, "log10_min_child_weight": 4.893971604911579, "log10_subsample": -0.16953277975837588, "max_depth": 2.0, "num_boost_round": 16.0}, "datetime": {"datetime": "2024-01-19 00:54:24", "elapsed": 2565.585908, "delta": 0.003401}}
{"target": -13.763422114899875, "params": {"gamma": 946.0450101354489, "log10_alpha": -1.0537353260807603, "log10_colsample_bytree": -0.9345366564309346, "log10_eta": -0.6592311553448833, "log10_lambda": -4.926737821322076, "log10_min_child_weight": 4.893971604911579, "log10_subsample": -0.16953277975837588, "max_depth": 2.0, "num_boost_round": 17.0}, "datetime": {"datetime": "2024-01-19 00:54:24", "elapsed": 2565.589466, "delta": 0.003558}}
{"target": -13.763209883156385, "params": {"gamma": 946.0450101354489, "log10_alpha": -1.0537353260807603, "log10_colsample_bytree": -0.9345366564309346, "log10_eta": -0.6592311553448833, "log10_lambda": -4.926737821322076, "log10_min_child_weight": 4.893971604911579, "log10_subsample": -0.16953277975837588, "max_depth": 2.0, "num_boost_round": 18.0}, "datetime": {"datetime": "2024-01-19 00:54:24", "elapsed": 2565.592874, "delta": 0.003408}}
{"target": -13.762831743817811, "params": {"gamma": 946.0450101354489, "log10_alpha": -1.0537353260807603, "log10_colsample_bytree": -0.9345366564309346, "log10_eta": -0.6592311553448833, "log10_lambda": -4.926737821322076, "log10_min_child_weight": 4.893971604911579, "log10_subsample": -0.16953277975837588, "max_depth": 2.0, "num_boost_round": 19.0}, "datetime": {"datetime": "2024-01-19 00:54:24", "elapsed": 2565.596284, "delta": 0.00341}}
{"target": -13.763331025349116, "params": {"gamma": 946.0450101354489, "log10_alpha": -1.0537353260807603, "log10_colsample_bytree": -0.9345366564309346, "log10_eta": -0.6592311553448833, "log10_lambda": -4.926737821322076, "log10_min_child_weight": 4.893971604911579, "log10_subsample": -0.16953277975837588, "max_depth": 2.0, "num_boost_round": 20.0}, "datetime": {"datetime": "2024-01-19 00:54:24", "elapsed": 2565.599766, "delta": 0.003482}}
{"target": -13.763974179412134, "params": {"gamma": 946.0450101354489, "log10_alpha": -1.0537353260807603, "log10_colsample_bytree": -0.9345366564309346, "log10_eta": -0.6592311553448833, "log10_lambda": -4.926737821322076, "log10_min_child_weight": 4.893971604911579, "log10_subsample": -0.16953277975837588, "max_depth": 2.0, "num_boost_round": 21.0}, "datetime": {"datetime": "2024-01-19 00:54:24", "elapsed": 2565.603181, "delta": 0.003415}}
{"target": -13.763863071232782, "params": {"gamma": 946.0450101354489, "log10_alpha": -1.0537353260807603, "log10_colsample_bytree": -0.9345366564309346, "log10_eta": -0.6592311553448833, "log10_lambda": -4.926737821322076, "log10_min_child_weight": 4.893971604911579, "log10_subsample": -0.16953277975837588, "max_depth": 2.0, "num_boost_round": 22.0}, "datetime": {"datetime": "2024-01-19 00:54:24", "elapsed": 2565.606591, "delta": 0.00341}}
{"target": -13.76409835476676, "params": {"gamma": 946.0450101354489, "log10_alpha": -1.0537353260807603, "log10_colsample_bytree": -0.9345366564309346, "log10_eta": -0.6592311553448833, "log10_lambda": -4.926737821322076, "log10_min_child_weight": 4.893971604911579, "log10_subsample": -0.16953277975837588, "max_depth": 2.0, "num_boost_round": 23.0}, "datetime": {"datetime": "2024-01-19 00:54:24", "elapsed": 2565.610246, "delta": 0.003655}}
{"target": -13.765266563352407, "params": {"gamma": 946.0450101354489, "log10_alpha": -1.0537353260807603, "log10_colsample_bytree": -0.9345366564309346, "log10_eta": -0.6592311553448833, "log10_lambda": -4.926737821322076, "log10_min_child_weight": 4.893971604911579, "log10_subsample": -0.16953277975837588, "max_depth": 2.0, "num_boost_round": 24.0}, "datetime": {"datetime": "2024-01-19 00:54:24", "elapsed": 2565.613819, "delta": 0.003573}}
{"target": -13.765591411229288, "params": {"gamma": 946.0450101354489, "log10_alpha": -1.0537353260807603, "log10_colsample_bytree": -0.9345366564309346, "log10_eta": -0.6592311553448833, "log10_lambda": -4.926737821322076, "log10_min_child_weight": 4.893971604911579, "log10_subsample": -0.16953277975837588, "max_depth": 2.0, "num_boost_round": 25.0}, "datetime": {"datetime": "2024-01-19 00:54:24", "elapsed": 2565.617283, "delta": 0.003464}}
{"target": -13.767217199195033, "params": {"gamma": 946.0450101354489, "log10_alpha": -1.0537353260807603, "log10_colsample_bytree": -0.9345366564309346, "log10_eta": -0.6592311553448833, "log10_lambda": -4.926737821322076, "log10_min_child_weight": 4.893971604911579, "log10_subsample": -0.16953277975837588, "max_depth": 2.0, "num_boost_round": 26.0}, "datetime": {"datetime": "2024-01-19 00:54:24", "elapsed": 2565.620824, "delta": 0.003541}}
{"target": -13.767089662238096, "params": {"gamma": 946.0450101354489, "log10_alpha": -1.0537353260807603, "log10_colsample_bytree": -0.9345366564309346, "log10_eta": -0.6592311553448833, "log10_lambda": -4.926737821322076, "log10_min_child_weight": 4.893971604911579, "log10_subsample": -0.16953277975837588, "max_depth": 2.0, "num_boost_round": 27.0}, "datetime": {"datetime": "2024-01-19 00:54:24", "elapsed": 2565.62429, "delta": 0.003466}}
{"target": -13.767743630434024, "params": {"gamma": 946.0450101354489, "log10_alpha": -1.0537353260807603, "log10_colsample_bytree": -0.9345366564309346, "log10_eta": -0.6592311553448833, "log10_lambda": -4.926737821322076, "log10_min_child_weight": 4.893971604911579, "log10_subsample": -0.16953277975837588, "max_depth": 2.0, "num_boost_round": 28.0}, "datetime": {"datetime": "2024-01-19 00:54:24", "elapsed": 2565.628201, "delta": 0.003911}}
{"target": -13.768058040368368, "params": {"gamma": 946.0450101354489, "log10_alpha": -1.0537353260807603, "log10_colsample_bytree": -0.9345366564309346, "log10_eta": -0.6592311553448833, "log10_lambda": -4.926737821322076, "log10_min_child_weight": 4.893971604911579, "log10_subsample": -0.16953277975837588, "max_depth": 2.0, "num_boost_round": 29.0}, "datetime": {"datetime": "2024-01-19 00:54:24", "elapsed": 2565.631792, "delta": 0.003591}}
{"target": -13.767598721181995, "params": {"gamma": 946.0450101354489, "log10_alpha": -1.0537353260807603, "log10_colsample_bytree": -0.9345366564309346, "log10_eta": -0.6592311553448833, "log10_lambda": -4.926737821322076, "log10_min_child_weight": 4.893971604911579, "log10_subsample": -0.16953277975837588, "max_depth": 2.0, "num_boost_round": 30.0}, "datetime": {"datetime": "2024-01-19 00:54:24", "elapsed": 2565.635243, "delta": 0.003451}}
