{"target": -17.676996899175467, "params": {"gamma": 19.64436444676021, "log10_alpha": -4.995497858076924, "log10_colsample_bytree": -0.9040063863266831, "log10_eta": -2.919899312930766, "log10_lambda": -2.7182273944342246, "log10_min_child_weight": 3.1634610504212657, "log10_subsample": -0.7690739510134844, "max_depth": 4.0, "num_boost_round": 15.0}, "datetime": {"datetime": "2024-01-19 00:30:09", "elapsed": 1163.557169, "delta": 0.001533}}
{"target": -17.67698369083905, "params": {"gamma": 19.64436444676021, "log10_alpha": -4.995497858076924, "log10_colsample_bytree": -0.9040063863266831, "log10_eta": -2.919899312930766, "log10_lambda": -2.7182273944342246, "log10_min_child_weight": 3.1634610504212657, "log10_subsample": -0.7690739510134844, "max_depth": 4.0, "num_boost_round": 16.0}, "datetime": {"datetime": "2024-01-19 00:30:09", "elapsed": 1163.558696, "delta": 0.001527}}
{"target": -17.67696034273124, "params": {"gamma": 19.64436444676021, "log10_alpha": -4.995497858076924, "log10_colsample_bytree": -0.9040063863266831, "log10_eta": -2.919899312930766, "log10_lambda": -2.7182273944342246, "log10_min_child_weight": 3.1634610504212657, "log10_subsample": -0.7690739510134844, "max_depth": 4.0, "num_boost_round": 17.0}, "datetime": {"datetime": "2024-01-19 00:30:09", "elapsed": 1163.560223, "delta": 0.001527}}
{"target": -17.676973579469845, "params": {"gamma": 19.64436444676021, "log10_alpha": -4.995497858076924, "log10_colsample_bytree": -0.9040063863266831, "log10_eta": -2.919899312930766, "log10_lambda": -2.7182273944342246, "log10_min_child_weight": 3.1634610504212657, "log10_subsample": -0.7690739510134844, "max_depth": 4.0, "num_boost_round": 18.0}, "datetime": {"datetime": "2024-01-19 00:30:09", "elapsed": 1163.561696, "delta": 0.001473}}
{"target": -17.67695688845032, "params": {"gamma": 19.64436444676021, "log10_alpha": -4.995497858076924, "log10_colsample_bytree": -0.9040063863266831, "log10_eta": -2.919899312930766, "log10_lambda": -2.7182273944342246, "log10_min_child_weight": 3.1634610504212657, "log10_subsample": -0.7690739510134844, "max_depth": 4.0, "num_boost_round": 19.0}, "datetime": {"datetime": "2024-01-19 00:30:09", "elapsed": 1163.563212, "delta": 0.001516}}
{"target": -17.676917292617404, "params": {"gamma": 19.64436444676021, "log10_alpha": -4.995497858076924, "log10_colsample_bytree": -0.9040063863266831, "log10_eta": -2.919899312930766, "log10_lambda": -2.7182273944342246, "log10_min_child_weight": 3.1634610504212657, "log10_subsample": -0.7690739510134844, "max_depth": 4.0, "num_boost_round": 20.0}, "datetime": {"datetime": "2024-01-19 00:30:09", "elapsed": 1163.564695, "delta": 0.001483}}
{"target": -17.676863782781975, "params": {"gamma": 19.64436444676021, "log10_alpha": -4.995497858076924, "log10_colsample_bytree": -0.9040063863266831, "log10_eta": -2.919899312930766, "log10_lambda": -2.7182273944342246, "log10_min_child_weight": 3.1634610504212657, "log10_subsample": -0.7690739510134844, "max_depth": 4.0, "num_boost_round": 21.0}, "datetime": {"datetime": "2024-01-19 00:30:09", "elapsed": 1163.566235, "delta": 0.00154}}
{"target": -17.6768139649364, "params": {"gamma": 19.64436444676021, "log10_alpha": -4.995497858076924, "log10_colsample_bytree": -0.9040063863266831, "log10_eta": -2.919899312930766, "log10_lambda": -2.7182273944342246, "log10_min_child_weight": 3.1634610504212657, "log10_subsample": -0.7690739510134844, "max_depth": 4.0, "num_boost_round": 22.0}, "datetime": {"datetime": "2024-01-19 00:30:09", "elapsed": 1163.567765, "delta": 0.00153}}
{"target": -17.676780548203674, "params": {"gamma": 19.64436444676021, "log10_alpha": -4.995497858076924, "log10_colsample_bytree": -0.9040063863266831, "log10_eta": -2.919899312930766, "log10_lambda": -2.7182273944342246, "log10_min_child_weight": 3.1634610504212657, "log10_subsample": -0.7690739510134844, "max_depth": 4.0, "num_boost_round": 23.0}, "datetime": {"datetime": "2024-01-19 00:30:09", "elapsed": 1163.569274, "delta": 0.001509}}
{"target": -17.67679570947717, "params": {"gamma": 19.64436444676021, "log10_alpha": -4.995497858076924, "log10_colsample_bytree": -0.9040063863266831, "log10_eta": -2.919899312930766, "log10_lambda": -2.7182273944342246, "log10_min_child_weight": 3.1634610504212657, "log10_subsample": -0.7690739510134844, "max_depth": 4.0, "num_boost_round": 24.0}, "datetime": {"datetime": "2024-01-19 00:30:09", "elapsed": 1163.570803, "delta": 0.001529}}
{"target": -17.676762718531275, "params": {"gamma": 19.64436444676021, "log10_alpha": -4.995497858076924, "log10_colsample_bytree": -0.9040063863266831, "log10_eta": -2.919899312930766, "log10_lambda": -2.7182273944342246, "log10_min_child_weight": 3.1634610504212657, "log10_subsample": -0.7690739510134844, "max_depth": 4.0, "num_boost_round": 25.0}, "datetime": {"datetime": "2024-01-19 00:30:09", "elapsed": 1163.572335, "delta": 0.001532}}
{"target": -17.676741900913, "params": {"gamma": 19.64436444676021, "log10_alpha": -4.995497858076924, "log10_colsample_bytree": -0.9040063863266831, "log10_eta": -2.919899312930766, "log10_lambda": -2.7182273944342246, "log10_min_child_weight": 3.1634610504212657, "log10_subsample": -0.7690739510134844, "max_depth": 4.0, "num_boost_round": 26.0}, "datetime": {"datetime": "2024-01-19 00:30:09", "elapsed": 1163.574461, "delta": 0.002126}}
{"target": -17.67670735249276, "params": {"gamma": 19.64436444676021, "log10_alpha": -4.995497858076924, "log10_colsample_bytree": -0.9040063863266831, "log10_eta": -2.919899312930766, "log10_lambda": -2.7182273944342246, "log10_min_child_weight": 3.1634610504212657, "log10_subsample": -0.7690739510134844, "max_depth": 4.0, "num_boost_round": 27.0}, "datetime": {"datetime": "2024-01-19 00:30:09", "elapsed": 1163.575992, "delta": 0.001531}}
{"target": -17.67668565788339, "params": {"gamma": 19.64436444676021, "log10_alpha": -4.995497858076924, "log10_colsample_bytree": -0.9040063863266831, "log10_eta": -2.919899312930766, "log10_lambda": -2.7182273944342246, "log10_min_child_weight": 3.1634610504212657, "log10_subsample": -0.7690739510134844, "max_depth": 4.0, "num_boost_round": 28.0}, "datetime": {"datetime": "2024-01-19 00:30:09", "elapsed": 1163.578245, "delta": 0.002253}}
{"target": -17.67666962033488, "params": {"gamma": 19.64436444676021, "log10_alpha": -4.995497858076924, "log10_colsample_bytree": -0.9040063863266831, "log10_eta": -2.919899312930766, "log10_lambda": -2.7182273944342246, "log10_min_child_weight": 3.1634610504212657, "log10_subsample": -0.7690739510134844, "max_depth": 4.0, "num_boost_round": 29.0}, "datetime": {"datetime": "2024-01-19 00:30:09", "elapsed": 1163.579911, "delta": 0.001666}}
{"target": -17.676632501674288, "params": {"gamma": 19.64436444676021, "log10_alpha": -4.995497858076924, "log10_colsample_bytree": -0.9040063863266831, "log10_eta": -2.919899312930766, "log10_lambda": -2.7182273944342246, "log10_min_child_weight": 3.1634610504212657, "log10_subsample": -0.7690739510134844, "max_depth": 4.0, "num_boost_round": 30.0}, "datetime": {"datetime": "2024-01-19 00:30:09", "elapsed": 1163.581546, "delta": 0.001635}}
{"target": -17.676593086302127, "params": {"gamma": 19.64436444676021, "log10_alpha": -4.995497858076924, "log10_colsample_bytree": -0.9040063863266831, "log10_eta": -2.919899312930766, "log10_lambda": -2.7182273944342246, "log10_min_child_weight": 3.1634610504212657, "log10_subsample": -0.7690739510134844, "max_depth": 4.0, "num_boost_round": 31.0}, "datetime": {"datetime": "2024-01-19 00:30:09", "elapsed": 1163.583075, "delta": 0.001529}}
{"target": -17.6765787092538, "params": {"gamma": 19.64436444676021, "log10_alpha": -4.995497858076924, "log10_colsample_bytree": -0.9040063863266831, "log10_eta": -2.919899312930766, "log10_lambda": -2.7182273944342246, "log10_min_child_weight": 3.1634610504212657, "log10_subsample": -0.7690739510134844, "max_depth": 4.0, "num_boost_round": 32.0}, "datetime": {"datetime": "2024-01-19 00:30:09", "elapsed": 1163.584549, "delta": 0.001474}}
{"target": -17.67654305634495, "params": {"gamma": 19.64436444676021, "log10_alpha": -4.995497858076924, "log10_colsample_bytree": -0.9040063863266831, "log10_eta": -2.919899312930766, "log10_lambda": -2.7182273944342246, "log10_min_child_weight": 3.1634610504212657, "log10_subsample": -0.7690739510134844, "max_depth": 4.0, "num_boost_round": 33.0}, "datetime": {"datetime": "2024-01-19 00:30:09", "elapsed": 1163.586014, "delta": 0.001465}}
{"target": -17.67649957717425, "params": {"gamma": 19.64436444676021, "log10_alpha": -4.995497858076924, "log10_colsample_bytree": -0.9040063863266831, "log10_eta": -2.919899312930766, "log10_lambda": -2.7182273944342246, "log10_min_child_weight": 3.1634610504212657, "log10_subsample": -0.7690739510134844, "max_depth": 4.0, "num_boost_round": 34.0}, "datetime": {"datetime": "2024-01-19 00:30:09", "elapsed": 1163.587492, "delta": 0.001478}}
{"target": -17.676485986121747, "params": {"gamma": 19.64436444676021, "log10_alpha": -4.995497858076924, "log10_colsample_bytree": -0.9040063863266831, "log10_eta": -2.919899312930766, "log10_lambda": -2.7182273944342246, "log10_min_child_weight": 3.1634610504212657, "log10_subsample": -0.7690739510134844, "max_depth": 4.0, "num_boost_round": 35.0}, "datetime": {"datetime": "2024-01-19 00:30:09", "elapsed": 1163.589036, "delta": 0.001544}}
{"target": -17.676473920245623, "params": {"gamma": 19.64436444676021, "log10_alpha": -4.995497858076924, "log10_colsample_bytree": -0.9040063863266831, "log10_eta": -2.919899312930766, "log10_lambda": -2.7182273944342246, "log10_min_child_weight": 3.1634610504212657, "log10_subsample": -0.7690739510134844, "max_depth": 4.0, "num_boost_round": 36.0}, "datetime": {"datetime": "2024-01-19 00:30:09", "elapsed": 1163.590546, "delta": 0.00151}}
{"target": -17.67647904505874, "params": {"gamma": 19.64436444676021, "log10_alpha": -4.995497858076924, "log10_colsample_bytree": -0.9040063863266831, "log10_eta": -2.919899312930766, "log10_lambda": -2.7182273944342246, "log10_min_child_weight": 3.1634610504212657, "log10_subsample": -0.7690739510134844, "max_depth": 4.0, "num_boost_round": 37.0}, "datetime": {"datetime": "2024-01-19 00:30:09", "elapsed": 1163.592084, "delta": 0.001538}}
{"target": -17.676469906133494, "params": {"gamma": 19.64436444676021, "log10_alpha": -4.995497858076924, "log10_colsample_bytree": -0.9040063863266831, "log10_eta": -2.919899312930766, "log10_lambda": -2.7182273944342246, "log10_min_child_weight": 3.1634610504212657, "log10_subsample": -0.7690739510134844, "max_depth": 4.0, "num_boost_round": 38.0}, "datetime": {"datetime": "2024-01-19 00:30:09", "elapsed": 1163.593624, "delta": 0.00154}}
{"target": -17.6764522282064, "params": {"gamma": 19.64436444676021, "log10_alpha": -4.995497858076924, "log10_colsample_bytree": -0.9040063863266831, "log10_eta": -2.919899312930766, "log10_lambda": -2.7182273944342246, "log10_min_child_weight": 3.1634610504212657, "log10_subsample": -0.7690739510134844, "max_depth": 4.0, "num_boost_round": 39.0}, "datetime": {"datetime": "2024-01-19 00:30:09", "elapsed": 1163.595145, "delta": 0.001521}}
{"target": -17.676414177573903, "params": {"gamma": 19.64436444676021, "log10_alpha": -4.995497858076924, "log10_colsample_bytree": -0.9040063863266831, "log10_eta": -2.919899312930766, "log10_lambda": -2.7182273944342246, "log10_min_child_weight": 3.1634610504212657, "log10_subsample": -0.7690739510134844, "max_depth": 4.0, "num_boost_round": 40.0}, "datetime": {"datetime": "2024-01-19 00:30:09", "elapsed": 1163.596673, "delta": 0.001528}}
{"target": -17.676400938861782, "params": {"gamma": 19.64436444676021, "log10_alpha": -4.995497858076924, "log10_colsample_bytree": -0.9040063863266831, "log10_eta": -2.919899312930766, "log10_lambda": -2.7182273944342246, "log10_min_child_weight": 3.1634610504212657, "log10_subsample": -0.7690739510134844, "max_depth": 4.0, "num_boost_round": 41.0}, "datetime": {"datetime": "2024-01-19 00:30:09", "elapsed": 1163.598199, "delta": 0.001526}}
{"target": -17.677220214639295, "params": {"gamma": 20.920688169733246, "log10_alpha": -2.9417863471055266, "log10_colsample_bytree": -0.19962345424966077, "log10_eta": -3.6270866866385227, "log10_lambda": -1.0843035912822856, "log10_min_child_weight": 1.54958112876117, "log10_subsample": -0.9532611029377958, "max_depth": 9.0, "num_boost_round": 0.0}, "datetime": {"datetime": "2024-01-19 00:31:05", "elapsed": 1219.176362, "delta": 55.578163}}
{"target": -17.67721363098407, "params": {"gamma": 20.920688169733246, "log10_alpha": -2.9417863471055266, "log10_colsample_bytree": -0.19962345424966077, "log10_eta": -3.6270866866385227, "log10_lambda": -1.0843035912822856, "log10_min_child_weight": 1.54958112876117, "log10_subsample": -0.9532611029377958, "max_depth": 9.0, "num_boost_round": 1.0}, "datetime": {"datetime": "2024-01-19 00:31:05", "elapsed": 1219.178469, "delta": 0.002107}}
{"target": -17.677206456143306, "params": {"gamma": 20.920688169733246, "log10_alpha": -2.9417863471055266, "log10_colsample_bytree": -0.19962345424966077, "log10_eta": -3.6270866866385227, "log10_lambda": -1.0843035912822856, "log10_min_child_weight": 1.54958112876117, "log10_subsample": -0.9532611029377958, "max_depth": 9.0, "num_boost_round": 2.0}, "datetime": {"datetime": "2024-01-19 00:31:05", "elapsed": 1219.179971, "delta": 0.001502}}
{"target": -17.677187878094788, "params": {"gamma": 20.920688169733246, "log10_alpha": -2.9417863471055266, "log10_colsample_bytree": -0.19962345424966077, "log10_eta": -3.6270866866385227, "log10_lambda": -1.0843035912822856, "log10_min_child_weight": 1.54958112876117, "log10_subsample": -0.9532611029377958, "max_depth": 9.0, "num_boost_round": 3.0}, "datetime": {"datetime": "2024-01-19 00:31:05", "elapsed": 1219.181989, "delta": 0.002018}}
{"target": -17.67719075725307, "params": {"gamma": 20.920688169733246, "log10_alpha": -2.9417863471055266, "log10_colsample_bytree": -0.19962345424966077, "log10_eta": -3.6270866866385227, "log10_lambda": -1.0843035912822856, "log10_min_child_weight": 1.54958112876117, "log10_subsample": -0.9532611029377958, "max_depth": 9.0, "num_boost_round": 4.0}, "datetime": {"datetime": "2024-01-19 00:31:05", "elapsed": 1219.183521, "delta": 0.001532}}
{"target": -17.677176000509352, "params": {"gamma": 20.920688169733246, "log10_alpha": -2.9417863471055266, "log10_colsample_bytree": -0.19962345424966077, "log10_eta": -3.6270866866385227, "log10_lambda": -1.0843035912822856, "log10_min_child_weight": 1.54958112876117, "log10_subsample": -0.9532611029377958, "max_depth": 9.0, "num_boost_round": 5.0}, "datetime": {"datetime": "2024-01-19 00:31:05", "elapsed": 1219.185063, "delta": 0.001542}}
{"target": -17.67717650852013, "params": {"gamma": 20.920688169733246, "log10_alpha": -2.9417863471055266, "log10_colsample_bytree": -0.19962345424966077, "log10_eta": -3.6270866866385227, "log10_lambda": -1.0843035912822856, "log10_min_child_weight": 1.54958112876117, "log10_subsample": -0.9532611029377958, "max_depth": 9.0, "num_boost_round": 6.0}, "datetime": {"datetime": "2024-01-19 00:31:05", "elapsed": 1219.186653, "delta": 0.00159}}
{"target": -17.677170409993217, "params": {"gamma": 20.920688169733246, "log10_alpha": -2.9417863471055266, "log10_colsample_bytree": -0.19962345424966077, "log10_eta": -3.6270866866385227, "log10_lambda": -1.0843035912822856, "log10_min_child_weight": 1.54958112876117, "log10_subsample": -0.9532611029377958, "max_depth": 9.0, "num_boost_round": 7.0}, "datetime": {"datetime": "2024-01-19 00:31:05", "elapsed": 1219.188141, "delta": 0.001488}}
{"target": -17.67715697107998, "params": {"gamma": 20.920688169733246, "log10_alpha": -2.9417863471055266, "log10_colsample_bytree": -0.19962345424966077, "log10_eta": -3.6270866866385227, "log10_lambda": -1.0843035912822856, "log10_min_child_weight": 1.54958112876117, "log10_subsample": -0.9532611029377958, "max_depth": 9.0, "num_boost_round": 8.0}, "datetime": {"datetime": "2024-01-19 00:31:05", "elapsed": 1219.189679, "delta": 0.001538}}
{"target": -17.677148256717953, "params": {"gamma": 20.920688169733246, "log10_alpha": -2.9417863471055266, "log10_colsample_bytree": -0.19962345424966077, "log10_eta": -3.6270866866385227, "log10_lambda": -1.0843035912822856, "log10_min_child_weight": 1.54958112876117, "log10_subsample": -0.9532611029377958, "max_depth": 9.0, "num_boost_round": 9.0}, "datetime": {"datetime": "2024-01-19 00:31:05", "elapsed": 1219.191233, "delta": 0.001554}}
{"target": -17.677171702738164, "params": {"gamma": 20.920688169733246, "log10_alpha": -2.9417863471055266, "log10_colsample_bytree": -0.19962345424966077, "log10_eta": -3.6270866866385227, "log10_lambda": -1.0843035912822856, "log10_min_child_weight": 1.54958112876117, "log10_subsample": -0.9532611029377958, "max_depth": 9.0, "num_boost_round": 10.0}, "datetime": {"datetime": "2024-01-19 00:31:05", "elapsed": 1219.19276, "delta": 0.001527}}
{"target": -17.677173439948486, "params": {"gamma": 20.920688169733246, "log10_alpha": -2.9417863471055266, "log10_colsample_bytree": -0.19962345424966077, "log10_eta": -3.6270866866385227, "log10_lambda": -1.0843035912822856, "log10_min_child_weight": 1.54958112876117, "log10_subsample": -0.9532611029377958, "max_depth": 9.0, "num_boost_round": 11.0}, "datetime": {"datetime": "2024-01-19 00:31:05", "elapsed": 1219.194248, "delta": 0.001488}}
{"target": -17.67714766785222, "params": {"gamma": 20.920688169733246, "log10_alpha": -2.9417863471055266, "log10_colsample_bytree": -0.19962345424966077, "log10_eta": -3.6270866866385227, "log10_lambda": -1.0843035912822856, "log10_min_child_weight": 1.54958112876117, "log10_subsample": -0.9532611029377958, "max_depth": 9.0, "num_boost_round": 12.0}, "datetime": {"datetime": "2024-01-19 00:31:05", "elapsed": 1219.195853, "delta": 0.001605}}
{"target": -17.677141613671324, "params": {"gamma": 20.920688169733246, "log10_alpha": -2.9417863471055266, "log10_colsample_bytree": -0.19962345424966077, "log10_eta": -3.6270866866385227, "log10_lambda": -1.0843035912822856, "log10_min_child_weight": 1.54958112876117, "log10_subsample": -0.9532611029377958, "max_depth": 9.0, "num_boost_round": 13.0}, "datetime": {"datetime": "2024-01-19 00:31:05", "elapsed": 1219.197348, "delta": 0.001495}}
{"target": -17.6771193041665, "params": {"gamma": 20.920688169733246, "log10_alpha": -2.9417863471055266, "log10_colsample_bytree": -0.19962345424966077, "log10_eta": -3.6270866866385227, "log10_lambda": -1.0843035912822856, "log10_min_child_weight": 1.54958112876117, "log10_subsample": -0.9532611029377958, "max_depth": 9.0, "num_boost_round": 14.0}, "datetime": {"datetime": "2024-01-19 00:31:05", "elapsed": 1219.198797, "delta": 0.001449}}
{"target": -17.677140046872236, "params": {"gamma": 20.920688169733246, "log10_alpha": -2.9417863471055266, "log10_colsample_bytree": -0.19962345424966077, "log10_eta": -3.6270866866385227, "log10_lambda": -1.0843035912822856, "log10_min_child_weight": 1.54958112876117, "log10_subsample": -0.9532611029377958, "max_depth": 9.0, "num_boost_round": 15.0}, "datetime": {"datetime": "2024-01-19 00:31:05", "elapsed": 1219.200241, "delta": 0.001444}}
{"target": -17.677131996242075, "params": {"gamma": 20.920688169733246, "log10_alpha": -2.9417863471055266, "log10_colsample_bytree": -0.19962345424966077, "log10_eta": -3.6270866866385227, "log10_lambda": -1.0843035912822856, "log10_min_child_weight": 1.54958112876117, "log10_subsample": -0.9532611029377958, "max_depth": 9.0, "num_boost_round": 16.0}, "datetime": {"datetime": "2024-01-19 00:31:05", "elapsed": 1219.201756, "delta": 0.001515}}
{"target": -17.677113282852225, "params": {"gamma": 20.920688169733246, "log10_alpha": -2.9417863471055266, "log10_colsample_bytree": -0.19962345424966077, "log10_eta": -3.6270866866385227, "log10_lambda": -1.0843035912822856, "log10_min_child_weight": 1.54958112876117, "log10_subsample": -0.9532611029377958, "max_depth": 9.0, "num_boost_round": 17.0}, "datetime": {"datetime": "2024-01-19 00:31:05", "elapsed": 1219.203224, "delta": 0.001468}}
{"target": -17.677101860370843, "params": {"gamma": 20.920688169733246, "log10_alpha": -2.9417863471055266, "log10_colsample_bytree": -0.19962345424966077, "log10_eta": -3.6270866866385227, "log10_lambda": -1.0843035912822856, "log10_min_child_weight": 1.54958112876117, "log10_subsample": -0.9532611029377958, "max_depth": 9.0, "num_boost_round": 18.0}, "datetime": {"datetime": "2024-01-19 00:31:05", "elapsed": 1219.204734, "delta": 0.00151}}
{"target": -17.677105762563965, "params": {"gamma": 20.920688169733246, "log10_alpha": -2.9417863471055266, "log10_colsample_bytree": -0.19962345424966077, "log10_eta": -3.6270866866385227, "log10_lambda": -1.0843035912822856, "log10_min_child_weight": 1.54958112876117, "log10_subsample": -0.9532611029377958, "max_depth": 9.0, "num_boost_round": 19.0}, "datetime": {"datetime": "2024-01-19 00:31:05", "elapsed": 1219.206462, "delta": 0.001728}}
{"target": -17.677105614737375, "params": {"gamma": 20.920688169733246, "log10_alpha": -2.9417863471055266, "log10_colsample_bytree": -0.19962345424966077, "log10_eta": -3.6270866866385227, "log10_lambda": -1.0843035912822856, "log10_min_child_weight": 1.54958112876117, "log10_subsample": -0.9532611029377958, "max_depth": 9.0, "num_boost_round": 20.0}, "datetime": {"datetime": "2024-01-19 00:31:05", "elapsed": 1219.207941, "delta": 0.001479}}
{"target": -17.677086670077358, "params": {"gamma": 20.920688169733246, "log10_alpha": -2.9417863471055266, "log10_colsample_bytree": -0.19962345424966077, "log10_eta": -3.6270866866385227, "log10_lambda": -1.0843035912822856, "log10_min_child_weight": 1.54958112876117, "log10_subsample": -0.9532611029377958, "max_depth": 9.0, "num_boost_round": 21.0}, "datetime": {"datetime": "2024-01-19 00:31:05", "elapsed": 1219.209418, "delta": 0.001477}}
