{"target": -17.677233335539032, "params": {"gamma": 881.0024790555634, "log10_alpha": -4.8428872910453995, "log10_colsample_bytree": -0.305568189007727, "log10_eta": -3.514661025274863, "log10_lambda": -2.932536389065204, "log10_min_child_weight": 3.912039599622106, "log10_subsample": -0.4701420182965931, "max_depth": 4.0, "num_boost_round": 5.0}, "datetime": {"datetime": "2024-01-19 00:40:16", "elapsed": 1696.974681, "delta": 0.002211}}
{"target": -17.677237213742607, "params": {"gamma": 881.0024790555634, "log10_alpha": -4.8428872910453995, "log10_colsample_bytree": -0.305568189007727, "log10_eta": -3.514661025274863, "log10_lambda": -2.932536389065204, "log10_min_child_weight": 3.912039599622106, "log10_subsample": -0.4701420182965931, "max_depth": 4.0, "num_boost_round": 6.0}, "datetime": {"datetime": "2024-01-19 00:40:16", "elapsed": 1696.976859, "delta": 0.002178}}
{"target": -17.677240788387916, "params": {"gamma": 881.0024790555634, "log10_alpha": -4.8428872910453995, "log10_colsample_bytree": -0.305568189007727, "log10_eta": -3.514661025274863, "log10_lambda": -2.932536389065204, "log10_min_child_weight": 3.912039599622106, "log10_subsample": -0.4701420182965931, "max_depth": 4.0, "num_boost_round": 7.0}, "datetime": {"datetime": "2024-01-19 00:40:16", "elapsed": 1696.978934, "delta": 0.002075}}
{"target": -17.677240556110483, "params": {"gamma": 881.0024790555634, "log10_alpha": -4.8428872910453995, "log10_colsample_bytree": -0.305568189007727, "log10_eta": -3.514661025274863, "log10_lambda": -2.932536389065204, "log10_min_child_weight": 3.912039599622106, "log10_subsample": -0.4701420182965931, "max_depth": 4.0, "num_boost_round": 8.0}, "datetime": {"datetime": "2024-01-19 00:40:16", "elapsed": 1696.981061, "delta": 0.002127}}
{"target": -17.677239293051617, "params": {"gamma": 881.0024790555634, "log10_alpha": -4.8428872910453995, "log10_colsample_bytree": -0.305568189007727, "log10_eta": -3.514661025274863, "log10_lambda": -2.932536389065204, "log10_min_child_weight": 3.912039599622106, "log10_subsample": -0.4701420182965931, "max_depth": 4.0, "num_boost_round": 9.0}, "datetime": {"datetime": "2024-01-19 00:40:16", "elapsed": 1696.983107, "delta": 0.002046}}
{"target": -17.67724005037188, "params": {"gamma": 881.0024790555634, "log10_alpha": -4.8428872910453995, "log10_colsample_bytree": -0.305568189007727, "log10_eta": -3.514661025274863, "log10_lambda": -2.932536389065204, "log10_min_child_weight": 3.912039599622106, "log10_subsample": -0.4701420182965931, "max_depth": 4.0, "num_boost_round": 10.0}, "datetime": {"datetime": "2024-01-19 00:40:16", "elapsed": 1696.985159, "delta": 0.002052}}
{"target": -17.677232752135666, "params": {"gamma": 881.0024790555634, "log10_alpha": -4.8428872910453995, "log10_colsample_bytree": -0.305568189007727, "log10_eta": -3.514661025274863, "log10_lambda": -2.932536389065204, "log10_min_child_weight": 3.912039599622106, "log10_subsample": -0.4701420182965931, "max_depth": 4.0, "num_boost_round": 11.0}, "datetime": {"datetime": "2024-01-19 00:40:16", "elapsed": 1696.987213, "delta": 0.002054}}
{"target": -17.677236116624226, "params": {"gamma": 881.0024790555634, "log10_alpha": -4.8428872910453995, "log10_colsample_bytree": -0.305568189007727, "log10_eta": -3.514661025274863, "log10_lambda": -2.932536389065204, "log10_min_child_weight": 3.912039599622106, "log10_subsample": -0.4701420182965931, "max_depth": 4.0, "num_boost_round": 12.0}, "datetime": {"datetime": "2024-01-19 00:40:16", "elapsed": 1696.994326, "delta": 0.007113}}
{"target": -17.677239261515098, "params": {"gamma": 881.0024790555634, "log10_alpha": -4.8428872910453995, "log10_colsample_bytree": -0.305568189007727, "log10_eta": -3.514661025274863, "log10_lambda": -2.932536389065204, "log10_min_child_weight": 3.912039599622106, "log10_subsample": -0.4701420182965931, "max_depth": 4.0, "num_boost_round": 13.0}, "datetime": {"datetime": "2024-01-19 00:40:16", "elapsed": 1696.996577, "delta": 0.002251}}
{"target": -17.67723641455284, "params": {"gamma": 881.0024790555634, "log10_alpha": -4.8428872910453995, "log10_colsample_bytree": -0.305568189007727, "log10_eta": -3.514661025274863, "log10_lambda": -2.932536389065204, "log10_min_child_weight": 3.912039599622106, "log10_subsample": -0.4701420182965931, "max_depth": 4.0, "num_boost_round": 14.0}, "datetime": {"datetime": "2024-01-19 00:40:16", "elapsed": 1696.998671, "delta": 0.002094}}
{"target": -17.677228455337403, "params": {"gamma": 881.0024790555634, "log10_alpha": -4.8428872910453995, "log10_colsample_bytree": -0.305568189007727, "log10_eta": -3.514661025274863, "log10_lambda": -2.932536389065204, "log10_min_child_weight": 3.912039599622106, "log10_subsample": -0.4701420182965931, "max_depth": 4.0, "num_boost_round": 15.0}, "datetime": {"datetime": "2024-01-19 00:40:16", "elapsed": 1697.000815, "delta": 0.002144}}
{"target": -17.677226884615113, "params": {"gamma": 881.0024790555634, "log10_alpha": -4.8428872910453995, "log10_colsample_bytree": -0.305568189007727, "log10_eta": -3.514661025274863, "log10_lambda": -2.932536389065204, "log10_min_child_weight": 3.912039599622106, "log10_subsample": -0.4701420182965931, "max_depth": 4.0, "num_boost_round": 16.0}, "datetime": {"datetime": "2024-01-19 00:40:16", "elapsed": 1697.002909, "delta": 0.002094}}
{"target": -17.677224881535626, "params": {"gamma": 881.0024790555634, "log10_alpha": -4.8428872910453995, "log10_colsample_bytree": -0.305568189007727, "log10_eta": -3.514661025274863, "log10_lambda": -2.932536389065204, "log10_min_child_weight": 3.912039599622106, "log10_subsample": -0.4701420182965931, "max_depth": 4.0, "num_boost_round": 17.0}, "datetime": {"datetime": "2024-01-19 00:40:16", "elapsed": 1697.004982, "delta": 0.002073}}
{"target": -17.677226012119664, "params": {"gamma": 881.0024790555634, "log10_alpha": -4.8428872910453995, "log10_colsample_bytree": -0.305568189007727, "log10_eta": -3.514661025274863, "log10_lambda": -2.932536389065204, "log10_min_child_weight": 3.912039599622106, "log10_subsample": -0.4701420182965931, "max_depth": 4.0, "num_boost_round": 18.0}, "datetime": {"datetime": "2024-01-19 00:40:16", "elapsed": 1697.007041, "delta": 0.002059}}
{"target": -17.677216588309673, "params": {"gamma": 881.0024790555634, "log10_alpha": -4.8428872910453995, "log10_colsample_bytree": -0.305568189007727, "log10_eta": -3.514661025274863, "log10_lambda": -2.932536389065204, "log10_min_child_weight": 3.912039599622106, "log10_subsample": -0.4701420182965931, "max_depth": 4.0, "num_boost_round": 19.0}, "datetime": {"datetime": "2024-01-19 00:40:16", "elapsed": 1697.009126, "delta": 0.002085}}
{"target": -17.677212266746068, "params": {"gamma": 881.0024790555634, "log10_alpha": -4.8428872910453995, "log10_colsample_bytree": -0.305568189007727, "log10_eta": -3.514661025274863, "log10_lambda": -2.932536389065204, "log10_min_child_weight": 3.912039599622106, "log10_subsample": -0.4701420182965931, "max_depth": 4.0, "num_boost_round": 20.0}, "datetime": {"datetime": "2024-01-19 00:40:16", "elapsed": 1697.011286, "delta": 0.00216}}
{"target": -17.6772083552657, "params": {"gamma": 881.0024790555634, "log10_alpha": -4.8428872910453995, "log10_colsample_bytree": -0.305568189007727, "log10_eta": -3.514661025274863, "log10_lambda": -2.932536389065204, "log10_min_child_weight": 3.912039599622106, "log10_subsample": -0.4701420182965931, "max_depth": 4.0, "num_boost_round": 21.0}, "datetime": {"datetime": "2024-01-19 00:40:16", "elapsed": 1697.013357, "delta": 0.002071}}
{"target": -17.67719827005363, "params": {"gamma": 881.0024790555634, "log10_alpha": -4.8428872910453995, "log10_colsample_bytree": -0.305568189007727, "log10_eta": -3.514661025274863, "log10_lambda": -2.932536389065204, "log10_min_child_weight": 3.912039599622106, "log10_subsample": -0.4701420182965931, "max_depth": 4.0, "num_boost_round": 22.0}, "datetime": {"datetime": "2024-01-19 00:40:16", "elapsed": 1697.015447, "delta": 0.00209}}
{"target": -17.67722972552625, "params": {"gamma": 888.455034990406, "log10_alpha": -0.3238400895081437, "log10_colsample_bytree": -0.4611800880753, "log10_eta": -3.8814047773441547, "log10_lambda": -0.9583154689474576, "log10_min_child_weight": 0.20953280573455468, "log10_subsample": -0.6910235307792101, "max_depth": 2.0, "num_boost_round": 0.0}, "datetime": {"datetime": "2024-01-19 00:40:47", "elapsed": 1727.680076, "delta": 30.664629}}
{"target": -17.677224977815403, "params": {"gamma": 888.455034990406, "log10_alpha": -0.3238400895081437, "log10_colsample_bytree": -0.4611800880753, "log10_eta": -3.8814047773441547, "log10_lambda": -0.9583154689474576, "log10_min_child_weight": 0.20953280573455468, "log10_subsample": -0.6910235307792101, "max_depth": 2.0, "num_boost_round": 1.0}, "datetime": {"datetime": "2024-01-19 00:40:47", "elapsed": 1727.683331, "delta": 0.003255}}
{"target": -17.677221157418508, "params": {"gamma": 888.455034990406, "log10_alpha": -0.3238400895081437, "log10_colsample_bytree": -0.4611800880753, "log10_eta": -3.8814047773441547, "log10_lambda": -0.9583154689474576, "log10_min_child_weight": 0.20953280573455468, "log10_subsample": -0.6910235307792101, "max_depth": 2.0, "num_boost_round": 2.0}, "datetime": {"datetime": "2024-01-19 00:40:47", "elapsed": 1727.794342, "delta": 0.111011}}
{"target": -17.677218871290194, "params": {"gamma": 888.455034990406, "log10_alpha": -0.3238400895081437, "log10_colsample_bytree": -0.4611800880753, "log10_eta": -3.8814047773441547, "log10_lambda": -0.9583154689474576, "log10_min_child_weight": 0.20953280573455468, "log10_subsample": -0.6910235307792101, "max_depth": 2.0, "num_boost_round": 3.0}, "datetime": {"datetime": "2024-01-19 00:40:47", "elapsed": 1727.797143, "delta": 0.002801}}
{"target": -17.677217748728864, "params": {"gamma": 888.455034990406, "log10_alpha": -0.3238400895081437, "log10_colsample_bytree": -0.4611800880753, "log10_eta": -3.8814047773441547, "log10_lambda": -0.9583154689474576, "log10_min_child_weight": 0.20953280573455468, "log10_subsample": -0.6910235307792101, "max_depth": 2.0, "num_boost_round": 4.0}, "datetime": {"datetime": "2024-01-19 00:40:47", "elapsed": 1727.799508, "delta": 0.002365}}
{"target": -17.67721539191297, "params": {"gamma": 888.455034990406, "log10_alpha": -0.3238400895081437, "log10_colsample_bytree": -0.4611800880753, "log10_eta": -3.8814047773441547, "log10_lambda": -0.9583154689474576, "log10_min_child_weight": 0.20953280573455468, "log10_subsample": -0.6910235307792101, "max_depth": 2.0, "num_boost_round": 5.0}, "datetime": {"datetime": "2024-01-19 00:40:47", "elapsed": 1727.801957, "delta": 0.002449}}
{"target": -17.677211366720798, "params": {"gamma": 888.455034990406, "log10_alpha": -0.3238400895081437, "log10_colsample_bytree": -0.4611800880753, "log10_eta": -3.8814047773441547, "log10_lambda": -0.9583154689474576, "log10_min_child_weight": 0.20953280573455468, "log10_subsample": -0.6910235307792101, "max_depth": 2.0, "num_boost_round": 6.0}, "datetime": {"datetime": "2024-01-19 00:40:47", "elapsed": 1727.804202, "delta": 0.002245}}
{"target": -17.67720825195918, "params": {"gamma": 888.455034990406, "log10_alpha": -0.3238400895081437, "log10_colsample_bytree": -0.4611800880753, "log10_eta": -3.8814047773441547, "log10_lambda": -0.9583154689474576, "log10_min_child_weight": 0.20953280573455468, "log10_subsample": -0.6910235307792101, "max_depth": 2.0, "num_boost_round": 7.0}, "datetime": {"datetime": "2024-01-19 00:40:47", "elapsed": 1727.806432, "delta": 0.00223}}
{"target": -17.67720481716272, "params": {"gamma": 888.455034990406, "log10_alpha": -0.3238400895081437, "log10_colsample_bytree": -0.4611800880753, "log10_eta": -3.8814047773441547, "log10_lambda": -0.9583154689474576, "log10_min_child_weight": 0.20953280573455468, "log10_subsample": -0.6910235307792101, "max_depth": 2.0, "num_boost_round": 8.0}, "datetime": {"datetime": "2024-01-19 00:40:47", "elapsed": 1727.808649, "delta": 0.002217}}
{"target": -17.67719950558289, "params": {"gamma": 888.455034990406, "log10_alpha": -0.3238400895081437, "log10_colsample_bytree": -0.4611800880753, "log10_eta": -3.8814047773441547, "log10_lambda": -0.9583154689474576, "log10_min_child_weight": 0.20953280573455468, "log10_subsample": -0.6910235307792101, "max_depth": 2.0, "num_boost_round": 9.0}, "datetime": {"datetime": "2024-01-19 00:40:47", "elapsed": 1727.810879, "delta": 0.00223}}
{"target": -17.677195637389914, "params": {"gamma": 888.455034990406, "log10_alpha": -0.3238400895081437, "log10_colsample_bytree": -0.4611800880753, "log10_eta": -3.8814047773441547, "log10_lambda": -0.9583154689474576, "log10_min_child_weight": 0.20953280573455468, "log10_subsample": -0.6910235307792101, "max_depth": 2.0, "num_boost_round": 10.0}, "datetime": {"datetime": "2024-01-19 00:40:47", "elapsed": 1727.813171, "delta": 0.002292}}
{"target": -17.677192760691273, "params": {"gamma": 888.455034990406, "log10_alpha": -0.3238400895081437, "log10_colsample_bytree": -0.4611800880753, "log10_eta": -3.8814047773441547, "log10_lambda": -0.9583154689474576, "log10_min_child_weight": 0.20953280573455468, "log10_subsample": -0.6910235307792101, "max_depth": 2.0, "num_boost_round": 11.0}, "datetime": {"datetime": "2024-01-19 00:40:47", "elapsed": 1727.815447, "delta": 0.002276}}
{"target": -17.67718864202763, "params": {"gamma": 888.455034990406, "log10_alpha": -0.3238400895081437, "log10_colsample_bytree": -0.4611800880753, "log10_eta": -3.8814047773441547, "log10_lambda": -0.9583154689474576, "log10_min_child_weight": 0.20953280573455468, "log10_subsample": -0.6910235307792101, "max_depth": 2.0, "num_boost_round": 12.0}, "datetime": {"datetime": "2024-01-19 00:40:47", "elapsed": 1727.817733, "delta": 0.002286}}
{"target": -17.67718450195879, "params": {"gamma": 888.455034990406, "log10_alpha": -0.3238400895081437, "log10_colsample_bytree": -0.4611800880753, "log10_eta": -3.8814047773441547, "log10_lambda": -0.9583154689474576, "log10_min_child_weight": 0.20953280573455468, "log10_subsample": -0.6910235307792101, "max_depth": 2.0, "num_boost_round": 13.0}, "datetime": {"datetime": "2024-01-19 00:40:47", "elapsed": 1727.819999, "delta": 0.002266}}
{"target": -17.6771827669878, "params": {"gamma": 888.455034990406, "log10_alpha": -0.3238400895081437, "log10_colsample_bytree": -0.4611800880753, "log10_eta": -3.8814047773441547, "log10_lambda": -0.9583154689474576, "log10_min_child_weight": 0.20953280573455468, "log10_subsample": -0.6910235307792101, "max_depth": 2.0, "num_boost_round": 14.0}, "datetime": {"datetime": "2024-01-19 00:40:47", "elapsed": 1727.822291, "delta": 0.002292}}
{"target": -17.6771807452678, "params": {"gamma": 888.455034990406, "log10_alpha": -0.3238400895081437, "log10_colsample_bytree": -0.4611800880753, "log10_eta": -3.8814047773441547, "log10_lambda": -0.9583154689474576, "log10_min_child_weight": 0.20953280573455468, "log10_subsample": -0.6910235307792101, "max_depth": 2.0, "num_boost_round": 15.0}, "datetime": {"datetime": "2024-01-19 00:40:47", "elapsed": 1727.824592, "delta": 0.002301}}
{"target": -17.677178859339445, "params": {"gamma": 888.455034990406, "log10_alpha": -0.3238400895081437, "log10_colsample_bytree": -0.4611800880753, "log10_eta": -3.8814047773441547, "log10_lambda": -0.9583154689474576, "log10_min_child_weight": 0.20953280573455468, "log10_subsample": -0.6910235307792101, "max_depth": 2.0, "num_boost_round": 16.0}, "datetime": {"datetime": "2024-01-19 00:40:47", "elapsed": 1727.826874, "delta": 0.002282}}
{"target": -17.677176694939682, "params": {"gamma": 888.455034990406, "log10_alpha": -0.3238400895081437, "log10_colsample_bytree": -0.4611800880753, "log10_eta": -3.8814047773441547, "log10_lambda": -0.9583154689474576, "log10_min_child_weight": 0.20953280573455468, "log10_subsample": -0.6910235307792101, "max_depth": 2.0, "num_boost_round": 17.0}, "datetime": {"datetime": "2024-01-19 00:40:47", "elapsed": 1727.829162, "delta": 0.002288}}
{"target": -17.67717643340842, "params": {"gamma": 888.455034990406, "log10_alpha": -0.3238400895081437, "log10_colsample_bytree": -0.4611800880753, "log10_eta": -3.8814047773441547, "log10_lambda": -0.9583154689474576, "log10_min_child_weight": 0.20953280573455468, "log10_subsample": -0.6910235307792101, "max_depth": 2.0, "num_boost_round": 18.0}, "datetime": {"datetime": "2024-01-19 00:40:47", "elapsed": 1727.831435, "delta": 0.002273}}
{"target": -17.677174124294822, "params": {"gamma": 888.455034990406, "log10_alpha": -0.3238400895081437, "log10_colsample_bytree": -0.4611800880753, "log10_eta": -3.8814047773441547, "log10_lambda": -0.9583154689474576, "log10_min_child_weight": 0.20953280573455468, "log10_subsample": -0.6910235307792101, "max_depth": 2.0, "num_boost_round": 19.0}, "datetime": {"datetime": "2024-01-19 00:40:47", "elapsed": 1727.833715, "delta": 0.00228}}
{"target": -17.677181685354398, "params": {"gamma": 865.3737876922033, "log10_alpha": 0.8837192759823944, "log10_colsample_bytree": -0.5672430128526512, "log10_eta": -2.431095646028741, "log10_lambda": -1.3947354823639344, "log10_min_child_weight": 3.5696515980164936, "log10_subsample": -0.8806883501615526, "max_depth": 2.0, "num_boost_round": 0.0}, "datetime": {"datetime": "2024-01-19 00:41:16", "elapsed": 1757.520317, "delta": 29.686602}}
{"target": -17.677215609822326, "params": {"gamma": 865.3737876922033, "log10_alpha": 0.8837192759823944, "log10_colsample_bytree": -0.5672430128526512, "log10_eta": -2.431095646028741, "log10_lambda": -1.3947354823639344, "log10_min_child_weight": 3.5696515980164936, "log10_subsample": -0.8806883501615526, "max_depth": 2.0, "num_boost_round": 1.0}, "datetime": {"datetime": "2024-01-19 00:41:16", "elapsed": 1757.524416, "delta": 0.004099}}
{"target": -17.67723819436043, "params": {"gamma": 865.3737876922033, "log10_alpha": 0.8837192759823944, "log10_colsample_bytree": -0.5672430128526512, "log10_eta": -2.431095646028741, "log10_lambda": -1.3947354823639344, "log10_min_child_weight": 3.5696515980164936, "log10_subsample": -0.8806883501615526, "max_depth": 2.0, "num_boost_round": 2.0}, "datetime": {"datetime": "2024-01-19 00:41:16", "elapsed": 1757.526662, "delta": 0.002246}}
{"target": -17.67718181799574, "params": {"gamma": 865.3737876922033, "log10_alpha": 0.8837192759823944, "log10_colsample_bytree": -0.5672430128526512, "log10_eta": -2.431095646028741, "log10_lambda": -1.3947354823639344, "log10_min_child_weight": 3.5696515980164936, "log10_subsample": -0.8806883501615526, "max_depth": 2.0, "num_boost_round": 3.0}, "datetime": {"datetime": "2024-01-19 00:41:16", "elapsed": 1757.528902, "delta": 0.00224}}
{"target": -17.677162318649142, "params": {"gamma": 865.3737876922033, "log10_alpha": 0.8837192759823944, "log10_colsample_bytree": -0.5672430128526512, "log10_eta": -2.431095646028741, "log10_lambda": -1.3947354823639344, "log10_min_child_weight": 3.5696515980164936, "log10_subsample": -0.8806883501615526, "max_depth": 2.0, "num_boost_round": 4.0}, "datetime": {"datetime": "2024-01-19 00:41:16", "elapsed": 1757.531155, "delta": 0.002253}}
{"target": -17.67715843805568, "params": {"gamma": 865.3737876922033, "log10_alpha": 0.8837192759823944, "log10_colsample_bytree": -0.5672430128526512, "log10_eta": -2.431095646028741, "log10_lambda": -1.3947354823639344, "log10_min_child_weight": 3.5696515980164936, "log10_subsample": -0.8806883501615526, "max_depth": 2.0, "num_boost_round": 5.0}, "datetime": {"datetime": "2024-01-19 00:41:16", "elapsed": 1757.533301, "delta": 0.002146}}
{"target": -17.67718760113057, "params": {"gamma": 865.3737876922033, "log10_alpha": 0.8837192759823944, "log10_colsample_bytree": -0.5672430128526512, "log10_eta": -2.431095646028741, "log10_lambda": -1.3947354823639344, "log10_min_child_weight": 3.5696515980164936, "log10_subsample": -0.8806883501615526, "max_depth": 2.0, "num_boost_round": 6.0}, "datetime": {"datetime": "2024-01-19 00:41:16", "elapsed": 1757.53544, "delta": 0.002139}}
{"target": -17.677139342761876, "params": {"gamma": 865.3737876922033, "log10_alpha": 0.8837192759823944, "log10_colsample_bytree": -0.5672430128526512, "log10_eta": -2.431095646028741, "log10_lambda": -1.3947354823639344, "log10_min_child_weight": 3.5696515980164936, "log10_subsample": -0.8806883501615526, "max_depth": 2.0, "num_boost_round": 7.0}, "datetime": {"datetime": "2024-01-19 00:41:16", "elapsed": 1757.537665, "delta": 0.002225}}
{"target": -17.677178897882673, "params": {"gamma": 865.3737876922033, "log10_alpha": 0.8837192759823944, "log10_colsample_bytree": -0.5672430128526512, "log10_eta": -2.431095646028741, "log10_lambda": -1.3947354823639344, "log10_min_child_weight": 3.5696515980164936, "log10_subsample": -0.8806883501615526, "max_depth": 2.0, "num_boost_round": 8.0}, "datetime": {"datetime": "2024-01-19 00:41:16", "elapsed": 1757.539825, "delta": 0.00216}}
{"target": -17.67715731512071, "params": {"gamma": 865.3737876922033, "log10_alpha": 0.8837192759823944, "log10_colsample_bytree": -0.5672430128526512, "log10_eta": -2.431095646028741, "log10_lambda": -1.3947354823639344, "log10_min_child_weight": 3.5696515980164936, "log10_subsample": -0.8806883501615526, "max_depth": 2.0, "num_boost_round": 9.0}, "datetime": {"datetime": "2024-01-19 00:41:16", "elapsed": 1757.542063, "delta": 0.002238}}
{"target": -17.67710529590658, "params": {"gamma": 865.3737876922033, "log10_alpha": 0.8837192759823944, "log10_colsample_bytree": -0.5672430128526512, "log10_eta": -2.431095646028741, "log10_lambda": -1.3947354823639344, "log10_min_child_weight": 3.5696515980164936, "log10_subsample": -0.8806883501615526, "max_depth": 2.0, "num_boost_round": 10.0}, "datetime": {"datetime": "2024-01-19 00:41:16", "elapsed": 1757.544241, "delta": 0.002178}}
