{"target": -17.676512652477964, "params": {"gamma": 42.60243673488873, "log10_alpha": -3.163995144211441, "log10_colsample_bytree": -0.2184200346280435, "log10_eta": -3.245439275939288, "log10_lambda": -4.457167936019047, "log10_min_child_weight": 1.7393116433207916, "log10_subsample": -0.7067676562574512, "max_depth": 8.0, "num_boost_round": 30.0}, "datetime": {"datetime": "2024-01-19 01:47:43", "elapsed": 5770.771111, "delta": 0.007644}}
{"target": -17.676467187712817, "params": {"gamma": 42.60243673488873, "log10_alpha": -3.163995144211441, "log10_colsample_bytree": -0.2184200346280435, "log10_eta": -3.245439275939288, "log10_lambda": -4.457167936019047, "log10_min_child_weight": 1.7393116433207916, "log10_subsample": -0.7067676562574512, "max_depth": 8.0, "num_boost_round": 31.0}, "datetime": {"datetime": "2024-01-19 01:47:43", "elapsed": 5770.77755, "delta": 0.006439}}
{"target": -17.676456767827347, "params": {"gamma": 42.60243673488873, "log10_alpha": -3.163995144211441, "log10_colsample_bytree": -0.2184200346280435, "log10_eta": -3.245439275939288, "log10_lambda": -4.457167936019047, "log10_min_child_weight": 1.7393116433207916, "log10_subsample": -0.7067676562574512, "max_depth": 8.0, "num_boost_round": 32.0}, "datetime": {"datetime": "2024-01-19 01:47:43", "elapsed": 5770.784083, "delta": 0.006533}}
{"target": -17.676467904208515, "params": {"gamma": 42.60243673488873, "log10_alpha": -3.163995144211441, "log10_colsample_bytree": -0.2184200346280435, "log10_eta": -3.245439275939288, "log10_lambda": -4.457167936019047, "log10_min_child_weight": 1.7393116433207916, "log10_subsample": -0.7067676562574512, "max_depth": 8.0, "num_boost_round": 33.0}, "datetime": {"datetime": "2024-01-19 01:47:43", "elapsed": 5770.790492, "delta": 0.006409}}
{"target": -17.67723161885903, "params": {"gamma": 726.1938452447683, "log10_alpha": -5.0, "log10_colsample_bytree": 0.0, "log10_eta": -4.0, "log10_lambda": 1.0, "log10_min_child_weight": 5.0, "log10_subsample": 0.0, "max_depth": 6.0, "num_boost_round": 0.0}, "datetime": {"datetime": "2024-01-19 01:50:21", "elapsed": 5928.697692, "delta": 157.9072}}
{"target": -17.677230269896388, "params": {"gamma": 726.1938452447683, "log10_alpha": -5.0, "log10_colsample_bytree": 0.0, "log10_eta": -4.0, "log10_lambda": 1.0, "log10_min_child_weight": 5.0, "log10_subsample": 0.0, "max_depth": 6.0, "num_boost_round": 1.0}, "datetime": {"datetime": "2024-01-19 01:50:21", "elapsed": 5928.70575, "delta": 0.008058}}
{"target": -17.677228923670587, "params": {"gamma": 726.1938452447683, "log10_alpha": -5.0, "log10_colsample_bytree": 0.0, "log10_eta": -4.0, "log10_lambda": 1.0, "log10_min_child_weight": 5.0, "log10_subsample": 0.0, "max_depth": 6.0, "num_boost_round": 2.0}, "datetime": {"datetime": "2024-01-19 01:50:21", "elapsed": 5928.712693, "delta": 0.006943}}
{"target": -17.677227590704423, "params": {"gamma": 726.1938452447683, "log10_alpha": -5.0, "log10_colsample_bytree": 0.0, "log10_eta": -4.0, "log10_lambda": 1.0, "log10_min_child_weight": 5.0, "log10_subsample": 0.0, "max_depth": 6.0, "num_boost_round": 3.0}, "datetime": {"datetime": "2024-01-19 01:50:21", "elapsed": 5928.71952, "delta": 0.006827}}
{"target": -17.67722623751827, "params": {"gamma": 726.1938452447683, "log10_alpha": -5.0, "log10_colsample_bytree": 0.0, "log10_eta": -4.0, "log10_lambda": 1.0, "log10_min_child_weight": 5.0, "log10_subsample": 0.0, "max_depth": 6.0, "num_boost_round": 4.0}, "datetime": {"datetime": "2024-01-19 01:50:21", "elapsed": 5928.726163, "delta": 0.006643}}
{"target": -17.677224898070765, "params": {"gamma": 726.1938452447683, "log10_alpha": -5.0, "log10_colsample_bytree": 0.0, "log10_eta": -4.0, "log10_lambda": 1.0, "log10_min_child_weight": 5.0, "log10_subsample": 0.0, "max_depth": 6.0, "num_boost_round": 5.0}, "datetime": {"datetime": "2024-01-19 01:50:21", "elapsed": 5928.733171, "delta": 0.007008}}
{"target": -17.677223563606603, "params": {"gamma": 726.1938452447683, "log10_alpha": -5.0, "log10_colsample_bytree": 0.0, "log10_eta": -4.0, "log10_lambda": 1.0, "log10_min_child_weight": 5.0, "log10_subsample": 0.0, "max_depth": 6.0, "num_boost_round": 6.0}, "datetime": {"datetime": "2024-01-19 01:50:21", "elapsed": 5928.739855, "delta": 0.006684}}
{"target": -17.677222210543384, "params": {"gamma": 726.1938452447683, "log10_alpha": -5.0, "log10_colsample_bytree": 0.0, "log10_eta": -4.0, "log10_lambda": 1.0, "log10_min_child_weight": 5.0, "log10_subsample": 0.0, "max_depth": 6.0, "num_boost_round": 7.0}, "datetime": {"datetime": "2024-01-19 01:50:21", "elapsed": 5928.746764, "delta": 0.006909}}
{"target": -17.677220866106452, "params": {"gamma": 726.1938452447683, "log10_alpha": -5.0, "log10_colsample_bytree": 0.0, "log10_eta": -4.0, "log10_lambda": 1.0, "log10_min_child_weight": 5.0, "log10_subsample": 0.0, "max_depth": 6.0, "num_boost_round": 8.0}, "datetime": {"datetime": "2024-01-19 01:50:21", "elapsed": 5928.753607, "delta": 0.006843}}
{"target": -17.67721951923773, "params": {"gamma": 726.1938452447683, "log10_alpha": -5.0, "log10_colsample_bytree": 0.0, "log10_eta": -4.0, "log10_lambda": 1.0, "log10_min_child_weight": 5.0, "log10_subsample": 0.0, "max_depth": 6.0, "num_boost_round": 9.0}, "datetime": {"datetime": "2024-01-19 01:50:21", "elapsed": 5928.760432, "delta": 0.006825}}
{"target": -17.67721819482493, "params": {"gamma": 726.1938452447683, "log10_alpha": -5.0, "log10_colsample_bytree": 0.0, "log10_eta": -4.0, "log10_lambda": 1.0, "log10_min_child_weight": 5.0, "log10_subsample": 0.0, "max_depth": 6.0, "num_boost_round": 10.0}, "datetime": {"datetime": "2024-01-19 01:50:21", "elapsed": 5928.766452, "delta": 0.00602}}
{"target": -17.67721684327399, "params": {"gamma": 726.1938452447683, "log10_alpha": -5.0, "log10_colsample_bytree": 0.0, "log10_eta": -4.0, "log10_lambda": 1.0, "log10_min_child_weight": 5.0, "log10_subsample": 0.0, "max_depth": 6.0, "num_boost_round": 11.0}, "datetime": {"datetime": "2024-01-19 01:50:21", "elapsed": 5928.772561, "delta": 0.006109}}
{"target": -17.677215510199485, "params": {"gamma": 726.1938452447683, "log10_alpha": -5.0, "log10_colsample_bytree": 0.0, "log10_eta": -4.0, "log10_lambda": 1.0, "log10_min_child_weight": 5.0, "log10_subsample": 0.0, "max_depth": 6.0, "num_boost_round": 12.0}, "datetime": {"datetime": "2024-01-19 01:50:21", "elapsed": 5928.779232, "delta": 0.006671}}
{"target": -17.67721417964422, "params": {"gamma": 726.1938452447683, "log10_alpha": -5.0, "log10_colsample_bytree": 0.0, "log10_eta": -4.0, "log10_lambda": 1.0, "log10_min_child_weight": 5.0, "log10_subsample": 0.0, "max_depth": 6.0, "num_boost_round": 13.0}, "datetime": {"datetime": "2024-01-19 01:50:21", "elapsed": 5928.785759, "delta": 0.006527}}
{"target": -17.67721284232717, "params": {"gamma": 726.1938452447683, "log10_alpha": -5.0, "log10_colsample_bytree": 0.0, "log10_eta": -4.0, "log10_lambda": 1.0, "log10_min_child_weight": 5.0, "log10_subsample": 0.0, "max_depth": 6.0, "num_boost_round": 14.0}, "datetime": {"datetime": "2024-01-19 01:50:21", "elapsed": 5928.792507, "delta": 0.006748}}
{"target": -17.677211494226263, "params": {"gamma": 726.1938452447683, "log10_alpha": -5.0, "log10_colsample_bytree": 0.0, "log10_eta": -4.0, "log10_lambda": 1.0, "log10_min_child_weight": 5.0, "log10_subsample": 0.0, "max_depth": 6.0, "num_boost_round": 15.0}, "datetime": {"datetime": "2024-01-19 01:50:21", "elapsed": 5928.799101, "delta": 0.006594}}
{"target": -17.677210172185383, "params": {"gamma": 726.1938452447683, "log10_alpha": -5.0, "log10_colsample_bytree": 0.0, "log10_eta": -4.0, "log10_lambda": 1.0, "log10_min_child_weight": 5.0, "log10_subsample": 0.0, "max_depth": 6.0, "num_boost_round": 16.0}, "datetime": {"datetime": "2024-01-19 01:50:21", "elapsed": 5928.805597, "delta": 0.006496}}
{"target": -17.677208821650407, "params": {"gamma": 726.1938452447683, "log10_alpha": -5.0, "log10_colsample_bytree": 0.0, "log10_eta": -4.0, "log10_lambda": 1.0, "log10_min_child_weight": 5.0, "log10_subsample": 0.0, "max_depth": 6.0, "num_boost_round": 17.0}, "datetime": {"datetime": "2024-01-19 01:50:21", "elapsed": 5928.812284, "delta": 0.006687}}
{"target": -17.677207501767434, "params": {"gamma": 726.1938452447683, "log10_alpha": -5.0, "log10_colsample_bytree": 0.0, "log10_eta": -4.0, "log10_lambda": 1.0, "log10_min_child_weight": 5.0, "log10_subsample": 0.0, "max_depth": 6.0, "num_boost_round": 18.0}, "datetime": {"datetime": "2024-01-19 01:50:21", "elapsed": 5928.818881, "delta": 0.006597}}
{"target": -17.677206144938474, "params": {"gamma": 726.1938452447683, "log10_alpha": -5.0, "log10_colsample_bytree": 0.0, "log10_eta": -4.0, "log10_lambda": 1.0, "log10_min_child_weight": 5.0, "log10_subsample": 0.0, "max_depth": 6.0, "num_boost_round": 19.0}, "datetime": {"datetime": "2024-01-19 01:50:21", "elapsed": 5928.825516, "delta": 0.006635}}
{"target": -17.677204817849546, "params": {"gamma": 726.1938452447683, "log10_alpha": -5.0, "log10_colsample_bytree": 0.0, "log10_eta": -4.0, "log10_lambda": 1.0, "log10_min_child_weight": 5.0, "log10_subsample": 0.0, "max_depth": 6.0, "num_boost_round": 20.0}, "datetime": {"datetime": "2024-01-19 01:50:21", "elapsed": 5928.832457, "delta": 0.006941}}
{"target": -17.67720349683214, "params": {"gamma": 726.1938452447683, "log10_alpha": -5.0, "log10_colsample_bytree": 0.0, "log10_eta": -4.0, "log10_lambda": 1.0, "log10_min_child_weight": 5.0, "log10_subsample": 0.0, "max_depth": 6.0, "num_boost_round": 21.0}, "datetime": {"datetime": "2024-01-19 01:50:21", "elapsed": 5928.839358, "delta": 0.006901}}
{"target": -17.677202156954923, "params": {"gamma": 726.1938452447683, "log10_alpha": -5.0, "log10_colsample_bytree": 0.0, "log10_eta": -4.0, "log10_lambda": 1.0, "log10_min_child_weight": 5.0, "log10_subsample": 0.0, "max_depth": 6.0, "num_boost_round": 22.0}, "datetime": {"datetime": "2024-01-19 01:50:21", "elapsed": 5928.977295, "delta": 0.137937}}
{"target": -17.67720082362036, "params": {"gamma": 726.1938452447683, "log10_alpha": -5.0, "log10_colsample_bytree": 0.0, "log10_eta": -4.0, "log10_lambda": 1.0, "log10_min_child_weight": 5.0, "log10_subsample": 0.0, "max_depth": 6.0, "num_boost_round": 23.0}, "datetime": {"datetime": "2024-01-19 01:50:21", "elapsed": 5928.985074, "delta": 0.007779}}
{"target": -17.677199489723346, "params": {"gamma": 726.1938452447683, "log10_alpha": -5.0, "log10_colsample_bytree": 0.0, "log10_eta": -4.0, "log10_lambda": 1.0, "log10_min_child_weight": 5.0, "log10_subsample": 0.0, "max_depth": 6.0, "num_boost_round": 24.0}, "datetime": {"datetime": "2024-01-19 01:50:21", "elapsed": 5928.992531, "delta": 0.007457}}
{"target": -17.67719816513281, "params": {"gamma": 726.1938452447683, "log10_alpha": -5.0, "log10_colsample_bytree": 0.0, "log10_eta": -4.0, "log10_lambda": 1.0, "log10_min_child_weight": 5.0, "log10_subsample": 0.0, "max_depth": 6.0, "num_boost_round": 25.0}, "datetime": {"datetime": "2024-01-19 01:50:21", "elapsed": 5928.999794, "delta": 0.007263}}
{"target": -17.677196827598262, "params": {"gamma": 726.1938452447683, "log10_alpha": -5.0, "log10_colsample_bytree": 0.0, "log10_eta": -4.0, "log10_lambda": 1.0, "log10_min_child_weight": 5.0, "log10_subsample": 0.0, "max_depth": 6.0, "num_boost_round": 26.0}, "datetime": {"datetime": "2024-01-19 01:50:21", "elapsed": 5929.006833, "delta": 0.007039}}
{"target": -17.677195510335636, "params": {"gamma": 726.1938452447683, "log10_alpha": -5.0, "log10_colsample_bytree": 0.0, "log10_eta": -4.0, "log10_lambda": 1.0, "log10_min_child_weight": 5.0, "log10_subsample": 0.0, "max_depth": 6.0, "num_boost_round": 27.0}, "datetime": {"datetime": "2024-01-19 01:50:21", "elapsed": 5929.013807, "delta": 0.006974}}
{"target": -17.677194172162118, "params": {"gamma": 726.1938452447683, "log10_alpha": -5.0, "log10_colsample_bytree": 0.0, "log10_eta": -4.0, "log10_lambda": 1.0, "log10_min_child_weight": 5.0, "log10_subsample": 0.0, "max_depth": 6.0, "num_boost_round": 28.0}, "datetime": {"datetime": "2024-01-19 01:50:21", "elapsed": 5929.020425, "delta": 0.006618}}
{"target": -17.67719286880905, "params": {"gamma": 726.1938452447683, "log10_alpha": -5.0, "log10_colsample_bytree": 0.0, "log10_eta": -4.0, "log10_lambda": 1.0, "log10_min_child_weight": 5.0, "log10_subsample": 0.0, "max_depth": 6.0, "num_boost_round": 29.0}, "datetime": {"datetime": "2024-01-19 01:50:21", "elapsed": 5929.027042, "delta": 0.006617}}
{"target": -17.677191511729536, "params": {"gamma": 726.1938452447683, "log10_alpha": -5.0, "log10_colsample_bytree": 0.0, "log10_eta": -4.0, "log10_lambda": 1.0, "log10_min_child_weight": 5.0, "log10_subsample": 0.0, "max_depth": 6.0, "num_boost_round": 30.0}, "datetime": {"datetime": "2024-01-19 01:50:21", "elapsed": 5929.033717, "delta": 0.006675}}
{"target": -17.67719019328451, "params": {"gamma": 726.1938452447683, "log10_alpha": -5.0, "log10_colsample_bytree": 0.0, "log10_eta": -4.0, "log10_lambda": 1.0, "log10_min_child_weight": 5.0, "log10_subsample": 0.0, "max_depth": 6.0, "num_boost_round": 31.0}, "datetime": {"datetime": "2024-01-19 01:50:21", "elapsed": 5929.040538, "delta": 0.006821}}
{"target": -17.677188870128262, "params": {"gamma": 726.1938452447683, "log10_alpha": -5.0, "log10_colsample_bytree": 0.0, "log10_eta": -4.0, "log10_lambda": 1.0, "log10_min_child_weight": 5.0, "log10_subsample": 0.0, "max_depth": 6.0, "num_boost_round": 32.0}, "datetime": {"datetime": "2024-01-19 01:50:21", "elapsed": 5929.047444, "delta": 0.006906}}
{"target": -17.67718752698755, "params": {"gamma": 726.1938452447683, "log10_alpha": -5.0, "log10_colsample_bytree": 0.0, "log10_eta": -4.0, "log10_lambda": 1.0, "log10_min_child_weight": 5.0, "log10_subsample": 0.0, "max_depth": 6.0, "num_boost_round": 33.0}, "datetime": {"datetime": "2024-01-19 01:50:21", "elapsed": 5929.054304, "delta": 0.00686}}
{"target": -17.677186210734973, "params": {"gamma": 726.1938452447683, "log10_alpha": -5.0, "log10_colsample_bytree": 0.0, "log10_eta": -4.0, "log10_lambda": 1.0, "log10_min_child_weight": 5.0, "log10_subsample": 0.0, "max_depth": 6.0, "num_boost_round": 34.0}, "datetime": {"datetime": "2024-01-19 01:50:21", "elapsed": 5929.060855, "delta": 0.006551}}
{"target": -17.677184899543327, "params": {"gamma": 726.1938452447683, "log10_alpha": -5.0, "log10_colsample_bytree": 0.0, "log10_eta": -4.0, "log10_lambda": 1.0, "log10_min_child_weight": 5.0, "log10_subsample": 0.0, "max_depth": 6.0, "num_boost_round": 35.0}, "datetime": {"datetime": "2024-01-19 01:50:21", "elapsed": 5929.067469, "delta": 0.006614}}
{"target": -17.67718358287605, "params": {"gamma": 726.1938452447683, "log10_alpha": -5.0, "log10_colsample_bytree": 0.0, "log10_eta": -4.0, "log10_lambda": 1.0, "log10_min_child_weight": 5.0, "log10_subsample": 0.0, "max_depth": 6.0, "num_boost_round": 36.0}, "datetime": {"datetime": "2024-01-19 01:50:21", "elapsed": 5929.074201, "delta": 0.006732}}
{"target": -17.67718226109835, "params": {"gamma": 726.1938452447683, "log10_alpha": -5.0, "log10_colsample_bytree": 0.0, "log10_eta": -4.0, "log10_lambda": 1.0, "log10_min_child_weight": 5.0, "log10_subsample": 0.0, "max_depth": 6.0, "num_boost_round": 37.0}, "datetime": {"datetime": "2024-01-19 01:50:21", "elapsed": 5929.080822, "delta": 0.006621}}
{"target": -17.67718093273601, "params": {"gamma": 726.1938452447683, "log10_alpha": -5.0, "log10_colsample_bytree": 0.0, "log10_eta": -4.0, "log10_lambda": 1.0, "log10_min_child_weight": 5.0, "log10_subsample": 0.0, "max_depth": 6.0, "num_boost_round": 38.0}, "datetime": {"datetime": "2024-01-19 01:50:21", "elapsed": 5929.088423, "delta": 0.007601}}
{"target": -17.677179620562132, "params": {"gamma": 726.1938452447683, "log10_alpha": -5.0, "log10_colsample_bytree": 0.0, "log10_eta": -4.0, "log10_lambda": 1.0, "log10_min_child_weight": 5.0, "log10_subsample": 0.0, "max_depth": 6.0, "num_boost_round": 39.0}, "datetime": {"datetime": "2024-01-19 01:50:21", "elapsed": 5929.095647, "delta": 0.007224}}
{"target": -17.677178299876335, "params": {"gamma": 726.1938452447683, "log10_alpha": -5.0, "log10_colsample_bytree": 0.0, "log10_eta": -4.0, "log10_lambda": 1.0, "log10_min_child_weight": 5.0, "log10_subsample": 0.0, "max_depth": 6.0, "num_boost_round": 40.0}, "datetime": {"datetime": "2024-01-19 01:50:21", "elapsed": 5929.102378, "delta": 0.006731}}
{"target": -17.6771769815221, "params": {"gamma": 726.1938452447683, "log10_alpha": -5.0, "log10_colsample_bytree": 0.0, "log10_eta": -4.0, "log10_lambda": 1.0, "log10_min_child_weight": 5.0, "log10_subsample": 0.0, "max_depth": 6.0, "num_boost_round": 41.0}, "datetime": {"datetime": "2024-01-19 01:50:21", "elapsed": 5929.109158, "delta": 0.00678}}
{"target": -17.677175655711633, "params": {"gamma": 726.1938452447683, "log10_alpha": -5.0, "log10_colsample_bytree": 0.0, "log10_eta": -4.0, "log10_lambda": 1.0, "log10_min_child_weight": 5.0, "log10_subsample": 0.0, "max_depth": 6.0, "num_boost_round": 42.0}, "datetime": {"datetime": "2024-01-19 01:50:21", "elapsed": 5929.115897, "delta": 0.006739}}
{"target": -17.677174348463677, "params": {"gamma": 726.1938452447683, "log10_alpha": -5.0, "log10_colsample_bytree": 0.0, "log10_eta": -4.0, "log10_lambda": 1.0, "log10_min_child_weight": 5.0, "log10_subsample": 0.0, "max_depth": 6.0, "num_boost_round": 43.0}, "datetime": {"datetime": "2024-01-19 01:50:21", "elapsed": 5929.122735, "delta": 0.006838}}
{"target": -17.677173016237287, "params": {"gamma": 726.1938452447683, "log10_alpha": -5.0, "log10_colsample_bytree": 0.0, "log10_eta": -4.0, "log10_lambda": 1.0, "log10_min_child_weight": 5.0, "log10_subsample": 0.0, "max_depth": 6.0, "num_boost_round": 44.0}, "datetime": {"datetime": "2024-01-19 01:50:21", "elapsed": 5929.129708, "delta": 0.006973}}
{"target": -17.67717171851856, "params": {"gamma": 726.1938452447683, "log10_alpha": -5.0, "log10_colsample_bytree": 0.0, "log10_eta": -4.0, "log10_lambda": 1.0, "log10_min_child_weight": 5.0, "log10_subsample": 0.0, "max_depth": 6.0, "num_boost_round": 45.0}, "datetime": {"datetime": "2024-01-19 01:50:21", "elapsed": 5929.136747, "delta": 0.007039}}
{"target": -17.677170405081252, "params": {"gamma": 726.1938452447683, "log10_alpha": -5.0, "log10_colsample_bytree": 0.0, "log10_eta": -4.0, "log10_lambda": 1.0, "log10_min_child_weight": 5.0, "log10_subsample": 0.0, "max_depth": 6.0, "num_boost_round": 46.0}, "datetime": {"datetime": "2024-01-19 01:50:21", "elapsed": 5929.143366, "delta": 0.006619}}
{"target": -17.67716908677119, "params": {"gamma": 726.1938452447683, "log10_alpha": -5.0, "log10_colsample_bytree": 0.0, "log10_eta": -4.0, "log10_lambda": 1.0, "log10_min_child_weight": 5.0, "log10_subsample": 0.0, "max_depth": 6.0, "num_boost_round": 47.0}, "datetime": {"datetime": "2024-01-19 01:50:21", "elapsed": 5929.150079, "delta": 0.006713}}
{"target": -17.677167768958217, "params": {"gamma": 726.1938452447683, "log10_alpha": -5.0, "log10_colsample_bytree": 0.0, "log10_eta": -4.0, "log10_lambda": 1.0, "log10_min_child_weight": 5.0, "log10_subsample": 0.0, "max_depth": 6.0, "num_boost_round": 48.0}, "datetime": {"datetime": "2024-01-19 01:50:21", "elapsed": 5929.156823, "delta": 0.006744}}
{"target": -17.677166463189536, "params": {"gamma": 726.1938452447683, "log10_alpha": -5.0, "log10_colsample_bytree": 0.0, "log10_eta": -4.0, "log10_lambda": 1.0, "log10_min_child_weight": 5.0, "log10_subsample": 0.0, "max_depth": 6.0, "num_boost_round": 49.0}, "datetime": {"datetime": "2024-01-19 01:50:21", "elapsed": 5929.163616, "delta": 0.006793}}
{"target": -17.67716514640933, "params": {"gamma": 726.1938452447683, "log10_alpha": -5.0, "log10_colsample_bytree": 0.0, "log10_eta": -4.0, "log10_lambda": 1.0, "log10_min_child_weight": 5.0, "log10_subsample": 0.0, "max_depth": 6.0, "num_boost_round": 50.0}, "datetime": {"datetime": "2024-01-19 01:50:21", "elapsed": 5929.170414, "delta": 0.006798}}
{"target": -17.677163842923736, "params": {"gamma": 726.1938452447683, "log10_alpha": -5.0, "log10_colsample_bytree": 0.0, "log10_eta": -4.0, "log10_lambda": 1.0, "log10_min_child_weight": 5.0, "log10_subsample": 0.0, "max_depth": 6.0, "num_boost_round": 51.0}, "datetime": {"datetime": "2024-01-19 01:50:21", "elapsed": 5929.17723, "delta": 0.006816}}
{"target": -17.677226139680332, "params": {"gamma": 65.09424377130901, "log10_alpha": 0.5985782072923724, "log10_colsample_bytree": -0.6740290253512747, "log10_eta": -3.6037453644367408, "log10_lambda": -0.438034934095219, "log10_min_child_weight": 3.429322004945565, "log10_subsample": -0.763493639533595, "max_depth": 5.0, "num_boost_round": 0.0}, "datetime": {"datetime": "2024-01-19 01:51:25", "elapsed": 5993.333385, "delta": 64.156155}}
{"target": -17.67722223429262, "params": {"gamma": 65.09424377130901, "log10_alpha": 0.5985782072923724, "log10_colsample_bytree": -0.6740290253512747, "log10_eta": -3.6037453644367408, "log10_lambda": -0.438034934095219, "log10_min_child_weight": 3.429322004945565, "log10_subsample": -0.763493639533595, "max_depth": 5.0, "num_boost_round": 1.0}, "datetime": {"datetime": "2024-01-19 01:51:26", "elapsed": 5993.341538, "delta": 0.008153}}
{"target": -17.677208642176247, "params": {"gamma": 65.09424377130901, "log10_alpha": 0.5985782072923724, "log10_colsample_bytree": -0.6740290253512747, "log10_eta": -3.6037453644367408, "log10_lambda": -0.438034934095219, "log10_min_child_weight": 3.429322004945565, "log10_subsample": -0.763493639533595, "max_depth": 5.0, "num_boost_round": 2.0}, "datetime": {"datetime": "2024-01-19 01:51:26", "elapsed": 5993.349421, "delta": 0.007883}}
{"target": -17.677207090187782, "params": {"gamma": 65.09424377130901, "log10_alpha": 0.5985782072923724, "log10_colsample_bytree": -0.6740290253512747, "log10_eta": -3.6037453644367408, "log10_lambda": -0.438034934095219, "log10_min_child_weight": 3.429322004945565, "log10_subsample": -0.763493639533595, "max_depth": 5.0, "num_boost_round": 3.0}, "datetime": {"datetime": "2024-01-19 01:51:26", "elapsed": 5993.357613, "delta": 0.008192}}
