{"target": -17.676734828727934, "params": {"gamma": 129.75355385509536, "log10_alpha": 0.15391779088592727, "log10_colsample_bytree": -0.4493721552061285, "log10_eta": -2.712257205469762, "log10_lambda": -3.121724840953865, "log10_min_child_weight": 0.06052379621712067, "log10_subsample": -0.2702414618778348, "max_depth": 4.0, "num_boost_round": 3.0}, "datetime": {"datetime": "2024-01-19 00:51:30", "elapsed": 2374.920952, "delta": 0.003375}}
{"target": -17.67666816229151, "params": {"gamma": 129.75355385509536, "log10_alpha": 0.15391779088592727, "log10_colsample_bytree": -0.4493721552061285, "log10_eta": -2.712257205469762, "log10_lambda": -3.121724840953865, "log10_min_child_weight": 0.06052379621712067, "log10_subsample": -0.2702414618778348, "max_depth": 4.0, "num_boost_round": 4.0}, "datetime": {"datetime": "2024-01-19 00:51:30", "elapsed": 2374.92415, "delta": 0.003198}}
{"target": -17.67662605949269, "params": {"gamma": 129.75355385509536, "log10_alpha": 0.15391779088592727, "log10_colsample_bytree": -0.4493721552061285, "log10_eta": -2.712257205469762, "log10_lambda": -3.121724840953865, "log10_min_child_weight": 0.06052379621712067, "log10_subsample": -0.2702414618778348, "max_depth": 4.0, "num_boost_round": 5.0}, "datetime": {"datetime": "2024-01-19 00:51:30", "elapsed": 2374.927329, "delta": 0.003179}}
{"target": -17.67655571821975, "params": {"gamma": 129.75355385509536, "log10_alpha": 0.15391779088592727, "log10_colsample_bytree": -0.4493721552061285, "log10_eta": -2.712257205469762, "log10_lambda": -3.121724840953865, "log10_min_child_weight": 0.06052379621712067, "log10_subsample": -0.2702414618778348, "max_depth": 4.0, "num_boost_round": 6.0}, "datetime": {"datetime": "2024-01-19 00:51:30", "elapsed": 2374.930426, "delta": 0.003097}}
{"target": -17.6764849279131, "params": {"gamma": 129.75355385509536, "log10_alpha": 0.15391779088592727, "log10_colsample_bytree": -0.4493721552061285, "log10_eta": -2.712257205469762, "log10_lambda": -3.121724840953865, "log10_min_child_weight": 0.06052379621712067, "log10_subsample": -0.2702414618778348, "max_depth": 4.0, "num_boost_round": 7.0}, "datetime": {"datetime": "2024-01-19 00:51:30", "elapsed": 2374.933496, "delta": 0.00307}}
{"target": -17.67645019290342, "params": {"gamma": 129.75355385509536, "log10_alpha": 0.15391779088592727, "log10_colsample_bytree": -0.4493721552061285, "log10_eta": -2.712257205469762, "log10_lambda": -3.121724840953865, "log10_min_child_weight": 0.06052379621712067, "log10_subsample": -0.2702414618778348, "max_depth": 4.0, "num_boost_round": 8.0}, "datetime": {"datetime": "2024-01-19 00:51:30", "elapsed": 2374.936614, "delta": 0.003118}}
{"target": -17.676383143726834, "params": {"gamma": 129.75355385509536, "log10_alpha": 0.15391779088592727, "log10_colsample_bytree": -0.4493721552061285, "log10_eta": -2.712257205469762, "log10_lambda": -3.121724840953865, "log10_min_child_weight": 0.06052379621712067, "log10_subsample": -0.2702414618778348, "max_depth": 4.0, "num_boost_round": 9.0}, "datetime": {"datetime": "2024-01-19 00:51:30", "elapsed": 2374.939882, "delta": 0.003268}}
{"target": -17.676272956758755, "params": {"gamma": 129.75355385509536, "log10_alpha": 0.15391779088592727, "log10_colsample_bytree": -0.4493721552061285, "log10_eta": -2.712257205469762, "log10_lambda": -3.121724840953865, "log10_min_child_weight": 0.06052379621712067, "log10_subsample": -0.2702414618778348, "max_depth": 4.0, "num_boost_round": 10.0}, "datetime": {"datetime": "2024-01-19 00:51:30", "elapsed": 2374.9431, "delta": 0.003218}}
{"target": -17.67627090727112, "params": {"gamma": 129.75355385509536, "log10_alpha": 0.15391779088592727, "log10_colsample_bytree": -0.4493721552061285, "log10_eta": -2.712257205469762, "log10_lambda": -3.121724840953865, "log10_min_child_weight": 0.06052379621712067, "log10_subsample": -0.2702414618778348, "max_depth": 4.0, "num_boost_round": 11.0}, "datetime": {"datetime": "2024-01-19 00:51:30", "elapsed": 2374.946198, "delta": 0.003098}}
{"target": -17.676164997235965, "params": {"gamma": 129.75355385509536, "log10_alpha": 0.15391779088592727, "log10_colsample_bytree": -0.4493721552061285, "log10_eta": -2.712257205469762, "log10_lambda": -3.121724840953865, "log10_min_child_weight": 0.06052379621712067, "log10_subsample": -0.2702414618778348, "max_depth": 4.0, "num_boost_round": 12.0}, "datetime": {"datetime": "2024-01-19 00:51:30", "elapsed": 2374.949434, "delta": 0.003236}}
{"target": -17.676116294881812, "params": {"gamma": 129.75355385509536, "log10_alpha": 0.15391779088592727, "log10_colsample_bytree": -0.4493721552061285, "log10_eta": -2.712257205469762, "log10_lambda": -3.121724840953865, "log10_min_child_weight": 0.06052379621712067, "log10_subsample": -0.2702414618778348, "max_depth": 4.0, "num_boost_round": 13.0}, "datetime": {"datetime": "2024-01-19 00:51:30", "elapsed": 2374.952488, "delta": 0.003054}}
{"target": -17.676123693757795, "params": {"gamma": 129.75355385509536, "log10_alpha": 0.15391779088592727, "log10_colsample_bytree": -0.4493721552061285, "log10_eta": -2.712257205469762, "log10_lambda": -3.121724840953865, "log10_min_child_weight": 0.06052379621712067, "log10_subsample": -0.2702414618778348, "max_depth": 4.0, "num_boost_round": 14.0}, "datetime": {"datetime": "2024-01-19 00:51:30", "elapsed": 2374.955558, "delta": 0.00307}}
{"target": -17.676064383667832, "params": {"gamma": 129.75355385509536, "log10_alpha": 0.15391779088592727, "log10_colsample_bytree": -0.4493721552061285, "log10_eta": -2.712257205469762, "log10_lambda": -3.121724840953865, "log10_min_child_weight": 0.06052379621712067, "log10_subsample": -0.2702414618778348, "max_depth": 4.0, "num_boost_round": 15.0}, "datetime": {"datetime": "2024-01-19 00:51:30", "elapsed": 2374.958633, "delta": 0.003075}}
{"target": -17.676036218720533, "params": {"gamma": 129.75355385509536, "log10_alpha": 0.15391779088592727, "log10_colsample_bytree": -0.4493721552061285, "log10_eta": -2.712257205469762, "log10_lambda": -3.121724840953865, "log10_min_child_weight": 0.06052379621712067, "log10_subsample": -0.2702414618778348, "max_depth": 4.0, "num_boost_round": 16.0}, "datetime": {"datetime": "2024-01-19 00:51:30", "elapsed": 2374.961857, "delta": 0.003224}}
{"target": -17.675999103263916, "params": {"gamma": 129.75355385509536, "log10_alpha": 0.15391779088592727, "log10_colsample_bytree": -0.4493721552061285, "log10_eta": -2.712257205469762, "log10_lambda": -3.121724840953865, "log10_min_child_weight": 0.06052379621712067, "log10_subsample": -0.2702414618778348, "max_depth": 4.0, "num_boost_round": 17.0}, "datetime": {"datetime": "2024-01-19 00:51:30", "elapsed": 2374.964968, "delta": 0.003111}}
{"target": -17.67709333843455, "params": {"gamma": 150.18878339414843, "log10_alpha": -0.7462969486675561, "log10_colsample_bytree": -0.5973707138905016, "log10_eta": -2.321111744889107, "log10_lambda": -3.953185453891038, "log10_min_child_weight": 1.4068952247919808, "log10_subsample": -0.446657467969346, "max_depth": 2.0, "num_boost_round": 0.0}, "datetime": {"datetime": "2024-01-19 00:52:01", "elapsed": 2406.43705, "delta": 31.472082}}
{"target": -17.67697917264413, "params": {"gamma": 150.18878339414843, "log10_alpha": -0.7462969486675561, "log10_colsample_bytree": -0.5973707138905016, "log10_eta": -2.321111744889107, "log10_lambda": -3.953185453891038, "log10_min_child_weight": 1.4068952247919808, "log10_subsample": -0.446657467969346, "max_depth": 2.0, "num_boost_round": 1.0}, "datetime": {"datetime": "2024-01-19 00:52:01", "elapsed": 2406.441263, "delta": 0.004213}}
{"target": -17.676851846350154, "params": {"gamma": 150.18878339414843, "log10_alpha": -0.7462969486675561, "log10_colsample_bytree": -0.5973707138905016, "log10_eta": -2.321111744889107, "log10_lambda": -3.953185453891038, "log10_min_child_weight": 1.4068952247919808, "log10_subsample": -0.446657467969346, "max_depth": 2.0, "num_boost_round": 2.0}, "datetime": {"datetime": "2024-01-19 00:52:01", "elapsed": 2406.445889, "delta": 0.004626}}
{"target": -17.67682757608435, "params": {"gamma": 150.18878339414843, "log10_alpha": -0.7462969486675561, "log10_colsample_bytree": -0.5973707138905016, "log10_eta": -2.321111744889107, "log10_lambda": -3.953185453891038, "log10_min_child_weight": 1.4068952247919808, "log10_subsample": -0.446657467969346, "max_depth": 2.0, "num_boost_round": 3.0}, "datetime": {"datetime": "2024-01-19 00:52:01", "elapsed": 2406.450328, "delta": 0.004439}}
{"target": -17.676683712282347, "params": {"gamma": 150.18878339414843, "log10_alpha": -0.7462969486675561, "log10_colsample_bytree": -0.5973707138905016, "log10_eta": -2.321111744889107, "log10_lambda": -3.953185453891038, "log10_min_child_weight": 1.4068952247919808, "log10_subsample": -0.446657467969346, "max_depth": 2.0, "num_boost_round": 4.0}, "datetime": {"datetime": "2024-01-19 00:52:01", "elapsed": 2406.454466, "delta": 0.004138}}
{"target": -17.67659637739273, "params": {"gamma": 150.18878339414843, "log10_alpha": -0.7462969486675561, "log10_colsample_bytree": -0.5973707138905016, "log10_eta": -2.321111744889107, "log10_lambda": -3.953185453891038, "log10_min_child_weight": 1.4068952247919808, "log10_subsample": -0.446657467969346, "max_depth": 2.0, "num_boost_round": 5.0}, "datetime": {"datetime": "2024-01-19 00:52:01", "elapsed": 2406.458171, "delta": 0.003705}}
{"target": -17.676553090072314, "params": {"gamma": 150.18878339414843, "log10_alpha": -0.7462969486675561, "log10_colsample_bytree": -0.5973707138905016, "log10_eta": -2.321111744889107, "log10_lambda": -3.953185453891038, "log10_min_child_weight": 1.4068952247919808, "log10_subsample": -0.446657467969346, "max_depth": 2.0, "num_boost_round": 6.0}, "datetime": {"datetime": "2024-01-19 00:52:01", "elapsed": 2406.461595, "delta": 0.003424}}
{"target": -17.67644156629994, "params": {"gamma": 150.18878339414843, "log10_alpha": -0.7462969486675561, "log10_colsample_bytree": -0.5973707138905016, "log10_eta": -2.321111744889107, "log10_lambda": -3.953185453891038, "log10_min_child_weight": 1.4068952247919808, "log10_subsample": -0.446657467969346, "max_depth": 2.0, "num_boost_round": 7.0}, "datetime": {"datetime": "2024-01-19 00:52:01", "elapsed": 2406.464944, "delta": 0.003349}}
{"target": -17.67634137680361, "params": {"gamma": 150.18878339414843, "log10_alpha": -0.7462969486675561, "log10_colsample_bytree": -0.5973707138905016, "log10_eta": -2.321111744889107, "log10_lambda": -3.953185453891038, "log10_min_child_weight": 1.4068952247919808, "log10_subsample": -0.446657467969346, "max_depth": 2.0, "num_boost_round": 8.0}, "datetime": {"datetime": "2024-01-19 00:52:01", "elapsed": 2406.468435, "delta": 0.003491}}
{"target": -17.67615050547058, "params": {"gamma": 150.18878339414843, "log10_alpha": -0.7462969486675561, "log10_colsample_bytree": -0.5973707138905016, "log10_eta": -2.321111744889107, "log10_lambda": -3.953185453891038, "log10_min_child_weight": 1.4068952247919808, "log10_subsample": -0.446657467969346, "max_depth": 2.0, "num_boost_round": 9.0}, "datetime": {"datetime": "2024-01-19 00:52:01", "elapsed": 2406.472061, "delta": 0.003626}}
{"target": -17.67605839776253, "params": {"gamma": 150.18878339414843, "log10_alpha": -0.7462969486675561, "log10_colsample_bytree": -0.5973707138905016, "log10_eta": -2.321111744889107, "log10_lambda": -3.953185453891038, "log10_min_child_weight": 1.4068952247919808, "log10_subsample": -0.446657467969346, "max_depth": 2.0, "num_boost_round": 10.0}, "datetime": {"datetime": "2024-01-19 00:52:01", "elapsed": 2406.475733, "delta": 0.003672}}
{"target": -17.675928646376054, "params": {"gamma": 150.18878339414843, "log10_alpha": -0.7462969486675561, "log10_colsample_bytree": -0.5973707138905016, "log10_eta": -2.321111744889107, "log10_lambda": -3.953185453891038, "log10_min_child_weight": 1.4068952247919808, "log10_subsample": -0.446657467969346, "max_depth": 2.0, "num_boost_round": 11.0}, "datetime": {"datetime": "2024-01-19 00:52:01", "elapsed": 2406.47939, "delta": 0.003657}}
{"target": -17.67722791938813, "params": {"gamma": 136.5286957491261, "log10_alpha": -3.6453917047237767, "log10_colsample_bytree": -0.33553590103370046, "log10_eta": -3.5470698745734826, "log10_lambda": -4.535062699924154, "log10_min_child_weight": 3.1871905705990073, "log10_subsample": -0.11764099074299383, "max_depth": 2.0, "num_boost_round": 0.0}, "datetime": {"datetime": "2024-01-19 00:52:30", "elapsed": 2434.751785, "delta": 28.272395}}
{"target": -17.677220473426924, "params": {"gamma": 136.5286957491261, "log10_alpha": -3.6453917047237767, "log10_colsample_bytree": -0.33553590103370046, "log10_eta": -3.5470698745734826, "log10_lambda": -4.535062699924154, "log10_min_child_weight": 3.1871905705990073, "log10_subsample": -0.11764099074299383, "max_depth": 2.0, "num_boost_round": 1.0}, "datetime": {"datetime": "2024-01-19 00:52:30", "elapsed": 2434.756559, "delta": 0.004774}}
{"target": -17.67721169535248, "params": {"gamma": 136.5286957491261, "log10_alpha": -3.6453917047237767, "log10_colsample_bytree": -0.33553590103370046, "log10_eta": -3.5470698745734826, "log10_lambda": -4.535062699924154, "log10_min_child_weight": 3.1871905705990073, "log10_subsample": -0.11764099074299383, "max_depth": 2.0, "num_boost_round": 2.0}, "datetime": {"datetime": "2024-01-19 00:52:30", "elapsed": 2434.760164, "delta": 0.003605}}
{"target": -17.67720867721691, "params": {"gamma": 136.5286957491261, "log10_alpha": -3.6453917047237767, "log10_colsample_bytree": -0.33553590103370046, "log10_eta": -3.5470698745734826, "log10_lambda": -4.535062699924154, "log10_min_child_weight": 3.1871905705990073, "log10_subsample": -0.11764099074299383, "max_depth": 2.0, "num_boost_round": 3.0}, "datetime": {"datetime": "2024-01-19 00:52:30", "elapsed": 2434.763586, "delta": 0.003422}}
{"target": -17.677200232503694, "params": {"gamma": 136.5286957491261, "log10_alpha": -3.6453917047237767, "log10_colsample_bytree": -0.33553590103370046, "log10_eta": -3.5470698745734826, "log10_lambda": -4.535062699924154, "log10_min_child_weight": 3.1871905705990073, "log10_subsample": -0.11764099074299383, "max_depth": 2.0, "num_boost_round": 4.0}, "datetime": {"datetime": "2024-01-19 00:52:30", "elapsed": 2434.767034, "delta": 0.003448}}
{"target": -17.677195617525413, "params": {"gamma": 136.5286957491261, "log10_alpha": -3.6453917047237767, "log10_colsample_bytree": -0.33553590103370046, "log10_eta": -3.5470698745734826, "log10_lambda": -4.535062699924154, "log10_min_child_weight": 3.1871905705990073, "log10_subsample": -0.11764099074299383, "max_depth": 2.0, "num_boost_round": 5.0}, "datetime": {"datetime": "2024-01-19 00:52:30", "elapsed": 2434.770421, "delta": 0.003387}}
{"target": -17.677190219750916, "params": {"gamma": 136.5286957491261, "log10_alpha": -3.6453917047237767, "log10_colsample_bytree": -0.33553590103370046, "log10_eta": -3.5470698745734826, "log10_lambda": -4.535062699924154, "log10_min_child_weight": 3.1871905705990073, "log10_subsample": -0.11764099074299383, "max_depth": 2.0, "num_boost_round": 6.0}, "datetime": {"datetime": "2024-01-19 00:52:30", "elapsed": 2434.773679, "delta": 0.003258}}
{"target": -17.677183358769817, "params": {"gamma": 136.5286957491261, "log10_alpha": -3.6453917047237767, "log10_colsample_bytree": -0.33553590103370046, "log10_eta": -3.5470698745734826, "log10_lambda": -4.535062699924154, "log10_min_child_weight": 3.1871905705990073, "log10_subsample": -0.11764099074299383, "max_depth": 2.0, "num_boost_round": 7.0}, "datetime": {"datetime": "2024-01-19 00:52:30", "elapsed": 2434.777008, "delta": 0.003329}}
{"target": -17.677178629316924, "params": {"gamma": 136.5286957491261, "log10_alpha": -3.6453917047237767, "log10_colsample_bytree": -0.33553590103370046, "log10_eta": -3.5470698745734826, "log10_lambda": -4.535062699924154, "log10_min_child_weight": 3.1871905705990073, "log10_subsample": -0.11764099074299383, "max_depth": 2.0, "num_boost_round": 8.0}, "datetime": {"datetime": "2024-01-19 00:52:30", "elapsed": 2434.780362, "delta": 0.003354}}
{"target": -17.67717376772463, "params": {"gamma": 136.5286957491261, "log10_alpha": -3.6453917047237767, "log10_colsample_bytree": -0.33553590103370046, "log10_eta": -3.5470698745734826, "log10_lambda": -4.535062699924154, "log10_min_child_weight": 3.1871905705990073, "log10_subsample": -0.11764099074299383, "max_depth": 2.0, "num_boost_round": 9.0}, "datetime": {"datetime": "2024-01-19 00:52:30", "elapsed": 2434.783817, "delta": 0.003455}}
{"target": -17.67716596216022, "params": {"gamma": 136.5286957491261, "log10_alpha": -3.6453917047237767, "log10_colsample_bytree": -0.33553590103370046, "log10_eta": -3.5470698745734826, "log10_lambda": -4.535062699924154, "log10_min_child_weight": 3.1871905705990073, "log10_subsample": -0.11764099074299383, "max_depth": 2.0, "num_boost_round": 10.0}, "datetime": {"datetime": "2024-01-19 00:52:30", "elapsed": 2434.787108, "delta": 0.003291}}
{"target": -17.677162400453735, "params": {"gamma": 136.5286957491261, "log10_alpha": -3.6453917047237767, "log10_colsample_bytree": -0.33553590103370046, "log10_eta": -3.5470698745734826, "log10_lambda": -4.535062699924154, "log10_min_child_weight": 3.1871905705990073, "log10_subsample": -0.11764099074299383, "max_depth": 2.0, "num_boost_round": 11.0}, "datetime": {"datetime": "2024-01-19 00:52:30", "elapsed": 2434.79076, "delta": 0.003652}}
{"target": -17.677156687566352, "params": {"gamma": 136.5286957491261, "log10_alpha": -3.6453917047237767, "log10_colsample_bytree": -0.33553590103370046, "log10_eta": -3.5470698745734826, "log10_lambda": -4.535062699924154, "log10_min_child_weight": 3.1871905705990073, "log10_subsample": -0.11764099074299383, "max_depth": 2.0, "num_boost_round": 12.0}, "datetime": {"datetime": "2024-01-19 00:52:30", "elapsed": 2434.794285, "delta": 0.003525}}
{"target": -17.677150969949707, "params": {"gamma": 136.5286957491261, "log10_alpha": -3.6453917047237767, "log10_colsample_bytree": -0.33553590103370046, "log10_eta": -3.5470698745734826, "log10_lambda": -4.535062699924154, "log10_min_child_weight": 3.1871905705990073, "log10_subsample": -0.11764099074299383, "max_depth": 2.0, "num_boost_round": 13.0}, "datetime": {"datetime": "2024-01-19 00:52:30", "elapsed": 2434.797713, "delta": 0.003428}}
{"target": -17.677149373842557, "params": {"gamma": 136.5286957491261, "log10_alpha": -3.6453917047237767, "log10_colsample_bytree": -0.33553590103370046, "log10_eta": -3.5470698745734826, "log10_lambda": -4.535062699924154, "log10_min_child_weight": 3.1871905705990073, "log10_subsample": -0.11764099074299383, "max_depth": 2.0, "num_boost_round": 14.0}, "datetime": {"datetime": "2024-01-19 00:52:30", "elapsed": 2434.801184, "delta": 0.003471}}
{"target": -17.6772335746545, "params": {"gamma": 157.2217889373052, "log10_alpha": -0.8477966556731413, "log10_colsample_bytree": -0.4920184373595946, "log10_eta": -3.436766325172422, "log10_lambda": -4.203873741492812, "log10_min_child_weight": 4.693533241270366, "log10_subsample": -0.048436093373323996, "max_depth": 4.0, "num_boost_round": 0.0}, "datetime": {"datetime": "2024-01-19 00:53:14", "elapsed": 2478.813352, "delta": 44.012168}}
{"target": -17.677234372696258, "params": {"gamma": 157.2217889373052, "log10_alpha": -0.8477966556731413, "log10_colsample_bytree": -0.4920184373595946, "log10_eta": -3.436766325172422, "log10_lambda": -4.203873741492812, "log10_min_child_weight": 4.693533241270366, "log10_subsample": -0.048436093373323996, "max_depth": 4.0, "num_boost_round": 1.0}, "datetime": {"datetime": "2024-01-19 00:53:14", "elapsed": 2478.817795, "delta": 0.004443}}
{"target": -17.67723725989, "params": {"gamma": 157.2217889373052, "log10_alpha": -0.8477966556731413, "log10_colsample_bytree": -0.4920184373595946, "log10_eta": -3.436766325172422, "log10_lambda": -4.203873741492812, "log10_min_child_weight": 4.693533241270366, "log10_subsample": -0.048436093373323996, "max_depth": 4.0, "num_boost_round": 2.0}, "datetime": {"datetime": "2024-01-19 00:53:14", "elapsed": 2478.821172, "delta": 0.003377}}
{"target": -17.677235118540157, "params": {"gamma": 157.2217889373052, "log10_alpha": -0.8477966556731413, "log10_colsample_bytree": -0.4920184373595946, "log10_eta": -3.436766325172422, "log10_lambda": -4.203873741492812, "log10_min_child_weight": 4.693533241270366, "log10_subsample": -0.048436093373323996, "max_depth": 4.0, "num_boost_round": 3.0}, "datetime": {"datetime": "2024-01-19 00:53:14", "elapsed": 2478.824462, "delta": 0.00329}}
{"target": -17.677232826792405, "params": {"gamma": 157.2217889373052, "log10_alpha": -0.8477966556731413, "log10_colsample_bytree": -0.4920184373595946, "log10_eta": -3.436766325172422, "log10_lambda": -4.203873741492812, "log10_min_child_weight": 4.693533241270366, "log10_subsample": -0.048436093373323996, "max_depth": 4.0, "num_boost_round": 4.0}, "datetime": {"datetime": "2024-01-19 00:53:14", "elapsed": 2478.827748, "delta": 0.003286}}
{"target": -17.677230982759575, "params": {"gamma": 157.2217889373052, "log10_alpha": -0.8477966556731413, "log10_colsample_bytree": -0.4920184373595946, "log10_eta": -3.436766325172422, "log10_lambda": -4.203873741492812, "log10_min_child_weight": 4.693533241270366, "log10_subsample": -0.048436093373323996, "max_depth": 4.0, "num_boost_round": 5.0}, "datetime": {"datetime": "2024-01-19 00:53:14", "elapsed": 2478.831045, "delta": 0.003297}}
{"target": -17.677233938234373, "params": {"gamma": 157.2217889373052, "log10_alpha": -0.8477966556731413, "log10_colsample_bytree": -0.4920184373595946, "log10_eta": -3.436766325172422, "log10_lambda": -4.203873741492812, "log10_min_child_weight": 4.693533241270366, "log10_subsample": -0.048436093373323996, "max_depth": 4.0, "num_boost_round": 6.0}, "datetime": {"datetime": "2024-01-19 00:53:14", "elapsed": 2478.834305, "delta": 0.00326}}
