{"target": -13.758541396865736, "params": {"gamma": 858.8046756233538, "log10_alpha": -3.6629003939276026, "log10_colsample_bytree": -0.560359477766264, "log10_eta": -3.4862256136858685, "log10_lambda": -4.299750535394115, "log10_min_child_weight": 3.039976403731396, "log10_subsample": -0.42810728551358856, "max_depth": 7.0, "num_boost_round": 0.0}, "datetime": {"datetime": "2024-01-19 00:29:57", "elapsed": 1117.556741, "delta": 22.354355}}
{"target": -13.758536466362878, "params": {"gamma": 858.8046756233538, "log10_alpha": -3.6629003939276026, "log10_colsample_bytree": -0.560359477766264, "log10_eta": -3.4862256136858685, "log10_lambda": -4.299750535394115, "log10_min_child_weight": 3.039976403731396, "log10_subsample": -0.42810728551358856, "max_depth": 7.0, "num_boost_round": 1.0}, "datetime": {"datetime": "2024-01-19 00:29:57", "elapsed": 1117.558895, "delta": 0.002154}}
{"target": -13.758525216923978, "params": {"gamma": 858.8046756233538, "log10_alpha": -3.6629003939276026, "log10_colsample_bytree": -0.560359477766264, "log10_eta": -3.4862256136858685, "log10_lambda": -4.299750535394115, "log10_min_child_weight": 3.039976403731396, "log10_subsample": -0.42810728551358856, "max_depth": 7.0, "num_boost_round": 2.0}, "datetime": {"datetime": "2024-01-19 00:29:57", "elapsed": 1117.560502, "delta": 0.001607}}
{"target": -13.758518780496269, "params": {"gamma": 858.8046756233538, "log10_alpha": -3.6629003939276026, "log10_colsample_bytree": -0.560359477766264, "log10_eta": -3.4862256136858685, "log10_lambda": -4.299750535394115, "log10_min_child_weight": 3.039976403731396, "log10_subsample": -0.42810728551358856, "max_depth": 7.0, "num_boost_round": 3.0}, "datetime": {"datetime": "2024-01-19 00:29:57", "elapsed": 1117.562034, "delta": 0.001532}}
{"target": -13.7585077782535, "params": {"gamma": 858.8046756233538, "log10_alpha": -3.6629003939276026, "log10_colsample_bytree": -0.560359477766264, "log10_eta": -3.4862256136858685, "log10_lambda": -4.299750535394115, "log10_min_child_weight": 3.039976403731396, "log10_subsample": -0.42810728551358856, "max_depth": 7.0, "num_boost_round": 4.0}, "datetime": {"datetime": "2024-01-19 00:29:57", "elapsed": 1117.563419, "delta": 0.001385}}
{"target": -13.75851147541364, "params": {"gamma": 858.8046756233538, "log10_alpha": -3.6629003939276026, "log10_colsample_bytree": -0.560359477766264, "log10_eta": -3.4862256136858685, "log10_lambda": -4.299750535394115, "log10_min_child_weight": 3.039976403731396, "log10_subsample": -0.42810728551358856, "max_depth": 7.0, "num_boost_round": 5.0}, "datetime": {"datetime": "2024-01-19 00:29:57", "elapsed": 1117.564907, "delta": 0.001488}}
{"target": -13.758504824480536, "params": {"gamma": 858.8046756233538, "log10_alpha": -3.6629003939276026, "log10_colsample_bytree": -0.560359477766264, "log10_eta": -3.4862256136858685, "log10_lambda": -4.299750535394115, "log10_min_child_weight": 3.039976403731396, "log10_subsample": -0.42810728551358856, "max_depth": 7.0, "num_boost_round": 6.0}, "datetime": {"datetime": "2024-01-19 00:29:57", "elapsed": 1117.566342, "delta": 0.001435}}
{"target": -13.758499378265187, "params": {"gamma": 858.8046756233538, "log10_alpha": -3.6629003939276026, "log10_colsample_bytree": -0.560359477766264, "log10_eta": -3.4862256136858685, "log10_lambda": -4.299750535394115, "log10_min_child_weight": 3.039976403731396, "log10_subsample": -0.42810728551358856, "max_depth": 7.0, "num_boost_round": 7.0}, "datetime": {"datetime": "2024-01-19 00:29:57", "elapsed": 1117.567792, "delta": 0.00145}}
{"target": -13.758488932525198, "params": {"gamma": 858.8046756233538, "log10_alpha": -3.6629003939276026, "log10_colsample_bytree": -0.560359477766264, "log10_eta": -3.4862256136858685, "log10_lambda": -4.299750535394115, "log10_min_child_weight": 3.039976403731396, "log10_subsample": -0.42810728551358856, "max_depth": 7.0, "num_boost_round": 8.0}, "datetime": {"datetime": "2024-01-19 00:29:57", "elapsed": 1117.569187, "delta": 0.001395}}
{"target": -13.758486407139662, "params": {"gamma": 858.8046756233538, "log10_alpha": -3.6629003939276026, "log10_colsample_bytree": -0.560359477766264, "log10_eta": -3.4862256136858685, "log10_lambda": -4.299750535394115, "log10_min_child_weight": 3.039976403731396, "log10_subsample": -0.42810728551358856, "max_depth": 7.0, "num_boost_round": 9.0}, "datetime": {"datetime": "2024-01-19 00:29:57", "elapsed": 1117.570669, "delta": 0.001482}}
{"target": -13.758482361681372, "params": {"gamma": 858.8046756233538, "log10_alpha": -3.6629003939276026, "log10_colsample_bytree": -0.560359477766264, "log10_eta": -3.4862256136858685, "log10_lambda": -4.299750535394115, "log10_min_child_weight": 3.039976403731396, "log10_subsample": -0.42810728551358856, "max_depth": 7.0, "num_boost_round": 10.0}, "datetime": {"datetime": "2024-01-19 00:29:57", "elapsed": 1117.572099, "delta": 0.00143}}
{"target": -13.758481046966397, "params": {"gamma": 858.8046756233538, "log10_alpha": -3.6629003939276026, "log10_colsample_bytree": -0.560359477766264, "log10_eta": -3.4862256136858685, "log10_lambda": -4.299750535394115, "log10_min_child_weight": 3.039976403731396, "log10_subsample": -0.42810728551358856, "max_depth": 7.0, "num_boost_round": 11.0}, "datetime": {"datetime": "2024-01-19 00:29:57", "elapsed": 1117.573615, "delta": 0.001516}}
{"target": -13.758472970252921, "params": {"gamma": 858.8046756233538, "log10_alpha": -3.6629003939276026, "log10_colsample_bytree": -0.560359477766264, "log10_eta": -3.4862256136858685, "log10_lambda": -4.299750535394115, "log10_min_child_weight": 3.039976403731396, "log10_subsample": -0.42810728551358856, "max_depth": 7.0, "num_boost_round": 12.0}, "datetime": {"datetime": "2024-01-19 00:29:57", "elapsed": 1117.575152, "delta": 0.001537}}
{"target": -13.758470182912042, "params": {"gamma": 858.8046756233538, "log10_alpha": -3.6629003939276026, "log10_colsample_bytree": -0.560359477766264, "log10_eta": -3.4862256136858685, "log10_lambda": -4.299750535394115, "log10_min_child_weight": 3.039976403731396, "log10_subsample": -0.42810728551358856, "max_depth": 7.0, "num_boost_round": 13.0}, "datetime": {"datetime": "2024-01-19 00:29:57", "elapsed": 1117.576655, "delta": 0.001503}}
{"target": -13.758517843548956, "params": {"gamma": 864.6087230631734, "log10_alpha": -0.9010699722096653, "log10_colsample_bytree": -0.7352371981025823, "log10_eta": -3.2465659782901666, "log10_lambda": -3.940055175680949, "log10_min_child_weight": 2.351737600214619, "log10_subsample": -0.15161285759755472, "max_depth": 7.0, "num_boost_round": 0.0}, "datetime": {"datetime": "2024-01-19 00:30:20", "elapsed": 1140.864791, "delta": 23.288136}}
{"target": -13.758487801846057, "params": {"gamma": 864.6087230631734, "log10_alpha": -0.9010699722096653, "log10_colsample_bytree": -0.7352371981025823, "log10_eta": -3.2465659782901666, "log10_lambda": -3.940055175680949, "log10_min_child_weight": 2.351737600214619, "log10_subsample": -0.15161285759755472, "max_depth": 7.0, "num_boost_round": 1.0}, "datetime": {"datetime": "2024-01-19 00:30:20", "elapsed": 1140.866647, "delta": 0.001856}}
{"target": -13.758460748318479, "params": {"gamma": 864.6087230631734, "log10_alpha": -0.9010699722096653, "log10_colsample_bytree": -0.7352371981025823, "log10_eta": -3.2465659782901666, "log10_lambda": -3.940055175680949, "log10_min_child_weight": 2.351737600214619, "log10_subsample": -0.15161285759755472, "max_depth": 7.0, "num_boost_round": 2.0}, "datetime": {"datetime": "2024-01-19 00:30:20", "elapsed": 1140.868509, "delta": 0.001862}}
{"target": -13.758414727711983, "params": {"gamma": 864.6087230631734, "log10_alpha": -0.9010699722096653, "log10_colsample_bytree": -0.7352371981025823, "log10_eta": -3.2465659782901666, "log10_lambda": -3.940055175680949, "log10_min_child_weight": 2.351737600214619, "log10_subsample": -0.15161285759755472, "max_depth": 7.0, "num_boost_round": 3.0}, "datetime": {"datetime": "2024-01-19 00:30:20", "elapsed": 1140.870334, "delta": 0.001825}}
{"target": -13.75841003011622, "params": {"gamma": 864.6087230631734, "log10_alpha": -0.9010699722096653, "log10_colsample_bytree": -0.7352371981025823, "log10_eta": -3.2465659782901666, "log10_lambda": -3.940055175680949, "log10_min_child_weight": 2.351737600214619, "log10_subsample": -0.15161285759755472, "max_depth": 7.0, "num_boost_round": 4.0}, "datetime": {"datetime": "2024-01-19 00:30:20", "elapsed": 1140.871806, "delta": 0.001472}}
{"target": -13.758390958650942, "params": {"gamma": 864.6087230631734, "log10_alpha": -0.9010699722096653, "log10_colsample_bytree": -0.7352371981025823, "log10_eta": -3.2465659782901666, "log10_lambda": -3.940055175680949, "log10_min_child_weight": 2.351737600214619, "log10_subsample": -0.15161285759755472, "max_depth": 7.0, "num_boost_round": 5.0}, "datetime": {"datetime": "2024-01-19 00:30:20", "elapsed": 1140.873413, "delta": 0.001607}}
{"target": -13.758378179227927, "params": {"gamma": 864.6087230631734, "log10_alpha": -0.9010699722096653, "log10_colsample_bytree": -0.7352371981025823, "log10_eta": -3.2465659782901666, "log10_lambda": -3.940055175680949, "log10_min_child_weight": 2.351737600214619, "log10_subsample": -0.15161285759755472, "max_depth": 7.0, "num_boost_round": 6.0}, "datetime": {"datetime": "2024-01-19 00:30:20", "elapsed": 1140.875039, "delta": 0.001626}}
{"target": -13.758350481595778, "params": {"gamma": 864.6087230631734, "log10_alpha": -0.9010699722096653, "log10_colsample_bytree": -0.7352371981025823, "log10_eta": -3.2465659782901666, "log10_lambda": -3.940055175680949, "log10_min_child_weight": 2.351737600214619, "log10_subsample": -0.15161285759755472, "max_depth": 7.0, "num_boost_round": 7.0}, "datetime": {"datetime": "2024-01-19 00:30:20", "elapsed": 1140.876691, "delta": 0.001652}}
{"target": -13.75833997657974, "params": {"gamma": 864.6087230631734, "log10_alpha": -0.9010699722096653, "log10_colsample_bytree": -0.7352371981025823, "log10_eta": -3.2465659782901666, "log10_lambda": -3.940055175680949, "log10_min_child_weight": 2.351737600214619, "log10_subsample": -0.15161285759755472, "max_depth": 7.0, "num_boost_round": 8.0}, "datetime": {"datetime": "2024-01-19 00:30:20", "elapsed": 1140.878198, "delta": 0.001507}}
{"target": -13.758346715518353, "params": {"gamma": 864.6087230631734, "log10_alpha": -0.9010699722096653, "log10_colsample_bytree": -0.7352371981025823, "log10_eta": -3.2465659782901666, "log10_lambda": -3.940055175680949, "log10_min_child_weight": 2.351737600214619, "log10_subsample": -0.15161285759755472, "max_depth": 7.0, "num_boost_round": 9.0}, "datetime": {"datetime": "2024-01-19 00:30:20", "elapsed": 1140.879762, "delta": 0.001564}}
{"target": -13.758330833080386, "params": {"gamma": 864.6087230631734, "log10_alpha": -0.9010699722096653, "log10_colsample_bytree": -0.7352371981025823, "log10_eta": -3.2465659782901666, "log10_lambda": -3.940055175680949, "log10_min_child_weight": 2.351737600214619, "log10_subsample": -0.15161285759755472, "max_depth": 7.0, "num_boost_round": 10.0}, "datetime": {"datetime": "2024-01-19 00:30:20", "elapsed": 1140.881229, "delta": 0.001467}}
{"target": -13.758324177588932, "params": {"gamma": 864.6087230631734, "log10_alpha": -0.9010699722096653, "log10_colsample_bytree": -0.7352371981025823, "log10_eta": -3.2465659782901666, "log10_lambda": -3.940055175680949, "log10_min_child_weight": 2.351737600214619, "log10_subsample": -0.15161285759755472, "max_depth": 7.0, "num_boost_round": 11.0}, "datetime": {"datetime": "2024-01-19 00:30:20", "elapsed": 1140.882645, "delta": 0.001416}}
{"target": -13.758328832263562, "params": {"gamma": 864.6087230631734, "log10_alpha": -0.9010699722096653, "log10_colsample_bytree": -0.7352371981025823, "log10_eta": -3.2465659782901666, "log10_lambda": -3.940055175680949, "log10_min_child_weight": 2.351737600214619, "log10_subsample": -0.15161285759755472, "max_depth": 7.0, "num_boost_round": 12.0}, "datetime": {"datetime": "2024-01-19 00:30:20", "elapsed": 1140.884049, "delta": 0.001404}}
{"target": -13.758297535391483, "params": {"gamma": 864.6087230631734, "log10_alpha": -0.9010699722096653, "log10_colsample_bytree": -0.7352371981025823, "log10_eta": -3.2465659782901666, "log10_lambda": -3.940055175680949, "log10_min_child_weight": 2.351737600214619, "log10_subsample": -0.15161285759755472, "max_depth": 7.0, "num_boost_round": 13.0}, "datetime": {"datetime": "2024-01-19 00:30:20", "elapsed": 1140.885507, "delta": 0.001458}}
{"target": -13.75830224037876, "params": {"gamma": 864.6087230631734, "log10_alpha": -0.9010699722096653, "log10_colsample_bytree": -0.7352371981025823, "log10_eta": -3.2465659782901666, "log10_lambda": -3.940055175680949, "log10_min_child_weight": 2.351737600214619, "log10_subsample": -0.15161285759755472, "max_depth": 7.0, "num_boost_round": 14.0}, "datetime": {"datetime": "2024-01-19 00:30:20", "elapsed": 1140.88705, "delta": 0.001543}}
{"target": -13.758278299977324, "params": {"gamma": 864.6087230631734, "log10_alpha": -0.9010699722096653, "log10_colsample_bytree": -0.7352371981025823, "log10_eta": -3.2465659782901666, "log10_lambda": -3.940055175680949, "log10_min_child_weight": 2.351737600214619, "log10_subsample": -0.15161285759755472, "max_depth": 7.0, "num_boost_round": 15.0}, "datetime": {"datetime": "2024-01-19 00:30:20", "elapsed": 1140.888524, "delta": 0.001474}}
{"target": -13.758275981679061, "params": {"gamma": 864.6087230631734, "log10_alpha": -0.9010699722096653, "log10_colsample_bytree": -0.7352371981025823, "log10_eta": -3.2465659782901666, "log10_lambda": -3.940055175680949, "log10_min_child_weight": 2.351737600214619, "log10_subsample": -0.15161285759755472, "max_depth": 7.0, "num_boost_round": 16.0}, "datetime": {"datetime": "2024-01-19 00:30:20", "elapsed": 1140.889972, "delta": 0.001448}}
{"target": -13.75826042225916, "params": {"gamma": 864.6087230631734, "log10_alpha": -0.9010699722096653, "log10_colsample_bytree": -0.7352371981025823, "log10_eta": -3.2465659782901666, "log10_lambda": -3.940055175680949, "log10_min_child_weight": 2.351737600214619, "log10_subsample": -0.15161285759755472, "max_depth": 7.0, "num_boost_round": 17.0}, "datetime": {"datetime": "2024-01-19 00:30:20", "elapsed": 1140.891462, "delta": 0.00149}}
{"target": -13.758270167749133, "params": {"gamma": 864.6087230631734, "log10_alpha": -0.9010699722096653, "log10_colsample_bytree": -0.7352371981025823, "log10_eta": -3.2465659782901666, "log10_lambda": -3.940055175680949, "log10_min_child_weight": 2.351737600214619, "log10_subsample": -0.15161285759755472, "max_depth": 7.0, "num_boost_round": 18.0}, "datetime": {"datetime": "2024-01-19 00:30:20", "elapsed": 1140.892968, "delta": 0.001506}}
{"target": -13.756169231525378, "params": {"gamma": 851.5460192978494, "log10_alpha": -1.7149455238941465, "log10_colsample_bytree": -0.1180083945921584, "log10_eta": -0.7537862987116655, "log10_lambda": -4.721816028736551, "log10_min_child_weight": 1.769605891795651, "log10_subsample": -0.9519932039404222, "max_depth": 3.0, "num_boost_round": 0.0}, "datetime": {"datetime": "2024-01-19 00:30:41", "elapsed": 1161.304527, "delta": 20.411559}}
{"target": -13.757541383369368, "params": {"gamma": 851.5460192978494, "log10_alpha": -1.7149455238941465, "log10_colsample_bytree": -0.1180083945921584, "log10_eta": -0.7537862987116655, "log10_lambda": -4.721816028736551, "log10_min_child_weight": 1.769605891795651, "log10_subsample": -0.9519932039404222, "max_depth": 3.0, "num_boost_round": 1.0}, "datetime": {"datetime": "2024-01-19 00:30:41", "elapsed": 1161.394464, "delta": 0.089937}}
{"target": -13.755938442425872, "params": {"gamma": 851.5460192978494, "log10_alpha": -1.7149455238941465, "log10_colsample_bytree": -0.1180083945921584, "log10_eta": -0.7537862987116655, "log10_lambda": -4.721816028736551, "log10_min_child_weight": 1.769605891795651, "log10_subsample": -0.9519932039404222, "max_depth": 3.0, "num_boost_round": 2.0}, "datetime": {"datetime": "2024-01-19 00:30:41", "elapsed": 1161.396462, "delta": 0.001998}}
{"target": -13.760524301044022, "params": {"gamma": 851.5460192978494, "log10_alpha": -1.7149455238941465, "log10_colsample_bytree": -0.1180083945921584, "log10_eta": -0.7537862987116655, "log10_lambda": -4.721816028736551, "log10_min_child_weight": 1.769605891795651, "log10_subsample": -0.9519932039404222, "max_depth": 3.0, "num_boost_round": 3.0}, "datetime": {"datetime": "2024-01-19 00:30:41", "elapsed": 1161.398952, "delta": 0.00249}}
{"target": -13.757364333352431, "params": {"gamma": 851.5460192978494, "log10_alpha": -1.7149455238941465, "log10_colsample_bytree": -0.1180083945921584, "log10_eta": -0.7537862987116655, "log10_lambda": -4.721816028736551, "log10_min_child_weight": 1.769605891795651, "log10_subsample": -0.9519932039404222, "max_depth": 3.0, "num_boost_round": 4.0}, "datetime": {"datetime": "2024-01-19 00:30:41", "elapsed": 1161.400826, "delta": 0.001874}}
{"target": -13.759325815701697, "params": {"gamma": 851.5460192978494, "log10_alpha": -1.7149455238941465, "log10_colsample_bytree": -0.1180083945921584, "log10_eta": -0.7537862987116655, "log10_lambda": -4.721816028736551, "log10_min_child_weight": 1.769605891795651, "log10_subsample": -0.9519932039404222, "max_depth": 3.0, "num_boost_round": 5.0}, "datetime": {"datetime": "2024-01-19 00:30:41", "elapsed": 1161.402359, "delta": 0.001533}}
{"target": -13.760624627791023, "params": {"gamma": 851.5460192978494, "log10_alpha": -1.7149455238941465, "log10_colsample_bytree": -0.1180083945921584, "log10_eta": -0.7537862987116655, "log10_lambda": -4.721816028736551, "log10_min_child_weight": 1.769605891795651, "log10_subsample": -0.9519932039404222, "max_depth": 3.0, "num_boost_round": 6.0}, "datetime": {"datetime": "2024-01-19 00:30:41", "elapsed": 1161.403849, "delta": 0.00149}}
{"target": -13.760152720366374, "params": {"gamma": 851.5460192978494, "log10_alpha": -1.7149455238941465, "log10_colsample_bytree": -0.1180083945921584, "log10_eta": -0.7537862987116655, "log10_lambda": -4.721816028736551, "log10_min_child_weight": 1.769605891795651, "log10_subsample": -0.9519932039404222, "max_depth": 3.0, "num_boost_round": 7.0}, "datetime": {"datetime": "2024-01-19 00:30:41", "elapsed": 1161.405448, "delta": 0.001599}}
{"target": -13.763900481587353, "params": {"gamma": 851.5460192978494, "log10_alpha": -1.7149455238941465, "log10_colsample_bytree": -0.1180083945921584, "log10_eta": -0.7537862987116655, "log10_lambda": -4.721816028736551, "log10_min_child_weight": 1.769605891795651, "log10_subsample": -0.9519932039404222, "max_depth": 3.0, "num_boost_round": 8.0}, "datetime": {"datetime": "2024-01-19 00:30:41", "elapsed": 1161.406956, "delta": 0.001508}}
{"target": -13.769043648126694, "params": {"gamma": 851.5460192978494, "log10_alpha": -1.7149455238941465, "log10_colsample_bytree": -0.1180083945921584, "log10_eta": -0.7537862987116655, "log10_lambda": -4.721816028736551, "log10_min_child_weight": 1.769605891795651, "log10_subsample": -0.9519932039404222, "max_depth": 3.0, "num_boost_round": 9.0}, "datetime": {"datetime": "2024-01-19 00:30:41", "elapsed": 1161.40837, "delta": 0.001414}}
{"target": -13.768297892977108, "params": {"gamma": 851.5460192978494, "log10_alpha": -1.7149455238941465, "log10_colsample_bytree": -0.1180083945921584, "log10_eta": -0.7537862987116655, "log10_lambda": -4.721816028736551, "log10_min_child_weight": 1.769605891795651, "log10_subsample": -0.9519932039404222, "max_depth": 3.0, "num_boost_round": 10.0}, "datetime": {"datetime": "2024-01-19 00:30:41", "elapsed": 1161.409793, "delta": 0.001423}}
{"target": -13.770251482912993, "params": {"gamma": 851.5460192978494, "log10_alpha": -1.7149455238941465, "log10_colsample_bytree": -0.1180083945921584, "log10_eta": -0.7537862987116655, "log10_lambda": -4.721816028736551, "log10_min_child_weight": 1.769605891795651, "log10_subsample": -0.9519932039404222, "max_depth": 3.0, "num_boost_round": 11.0}, "datetime": {"datetime": "2024-01-19 00:30:41", "elapsed": 1161.411222, "delta": 0.001429}}
{"target": -13.783508311374735, "params": {"gamma": 851.5460192978494, "log10_alpha": -1.7149455238941465, "log10_colsample_bytree": -0.1180083945921584, "log10_eta": -0.7537862987116655, "log10_lambda": -4.721816028736551, "log10_min_child_weight": 1.769605891795651, "log10_subsample": -0.9519932039404222, "max_depth": 3.0, "num_boost_round": 12.0}, "datetime": {"datetime": "2024-01-19 00:30:41", "elapsed": 1161.412687, "delta": 0.001465}}
{"target": -13.791956714065764, "params": {"gamma": 851.5460192978494, "log10_alpha": -1.7149455238941465, "log10_colsample_bytree": -0.1180083945921584, "log10_eta": -0.7537862987116655, "log10_lambda": -4.721816028736551, "log10_min_child_weight": 1.769605891795651, "log10_subsample": -0.9519932039404222, "max_depth": 3.0, "num_boost_round": 13.0}, "datetime": {"datetime": "2024-01-19 00:30:41", "elapsed": 1161.414175, "delta": 0.001488}}
{"target": -13.758526051873302, "params": {"gamma": 854.9221846816146, "log10_alpha": 0.5284217125700295, "log10_colsample_bytree": -0.1729140109235947, "log10_eta": -3.2280311437656657, "log10_lambda": 0.5631705140515049, "log10_min_child_weight": 1.488395997055586, "log10_subsample": -0.4653689951156662, "max_depth": 7.0, "num_boost_round": 0.0}, "datetime": {"datetime": "2024-01-19 00:31:03", "elapsed": 1183.11101, "delta": 21.696835}}
{"target": -13.75852888130742, "params": {"gamma": 854.9221846816146, "log10_alpha": 0.5284217125700295, "log10_colsample_bytree": -0.1729140109235947, "log10_eta": -3.2280311437656657, "log10_lambda": 0.5631705140515049, "log10_min_child_weight": 1.488395997055586, "log10_subsample": -0.4653689951156662, "max_depth": 7.0, "num_boost_round": 1.0}, "datetime": {"datetime": "2024-01-19 00:31:03", "elapsed": 1183.112956, "delta": 0.001946}}
