{"target": -17.67520067661317, "params": {"gamma": 402.0424562701739, "log10_alpha": -4.845298327743746, "log10_colsample_bytree": -0.5118976702602116, "log10_eta": -1.8217920875704512, "log10_lambda": -2.0357900657517014, "log10_min_child_weight": 1.4489696963955312, "log10_subsample": -0.12087523948936696, "max_depth": 7.0, "num_boost_round": 6.0}, "datetime": {"datetime": "2024-01-19 01:17:16", "elapsed": 3926.11163, "delta": 0.004606}}
{"target": -17.674978939753817, "params": {"gamma": 402.0424562701739, "log10_alpha": -4.845298327743746, "log10_colsample_bytree": -0.5118976702602116, "log10_eta": -1.8217920875704512, "log10_lambda": -2.0357900657517014, "log10_min_child_weight": 1.4489696963955312, "log10_subsample": -0.12087523948936696, "max_depth": 7.0, "num_boost_round": 7.0}, "datetime": {"datetime": "2024-01-19 01:17:16", "elapsed": 3926.11621, "delta": 0.00458}}
{"target": -17.674383345630556, "params": {"gamma": 402.0424562701739, "log10_alpha": -4.845298327743746, "log10_colsample_bytree": -0.5118976702602116, "log10_eta": -1.8217920875704512, "log10_lambda": -2.0357900657517014, "log10_min_child_weight": 1.4489696963955312, "log10_subsample": -0.12087523948936696, "max_depth": 7.0, "num_boost_round": 8.0}, "datetime": {"datetime": "2024-01-19 01:17:16", "elapsed": 3926.12063, "delta": 0.00442}}
{"target": -17.674108413700296, "params": {"gamma": 402.0424562701739, "log10_alpha": -4.845298327743746, "log10_colsample_bytree": -0.5118976702602116, "log10_eta": -1.8217920875704512, "log10_lambda": -2.0357900657517014, "log10_min_child_weight": 1.4489696963955312, "log10_subsample": -0.12087523948936696, "max_depth": 7.0, "num_boost_round": 9.0}, "datetime": {"datetime": "2024-01-19 01:17:16", "elapsed": 3926.125105, "delta": 0.004475}}
{"target": -17.673453123004766, "params": {"gamma": 402.0424562701739, "log10_alpha": -4.845298327743746, "log10_colsample_bytree": -0.5118976702602116, "log10_eta": -1.8217920875704512, "log10_lambda": -2.0357900657517014, "log10_min_child_weight": 1.4489696963955312, "log10_subsample": -0.12087523948936696, "max_depth": 7.0, "num_boost_round": 10.0}, "datetime": {"datetime": "2024-01-19 01:17:16", "elapsed": 3926.129445, "delta": 0.00434}}
{"target": -17.673842724568065, "params": {"gamma": 402.0424562701739, "log10_alpha": -4.845298327743746, "log10_colsample_bytree": -0.5118976702602116, "log10_eta": -1.8217920875704512, "log10_lambda": -2.0357900657517014, "log10_min_child_weight": 1.4489696963955312, "log10_subsample": -0.12087523948936696, "max_depth": 7.0, "num_boost_round": 11.0}, "datetime": {"datetime": "2024-01-19 01:17:16", "elapsed": 3926.133846, "delta": 0.004401}}
{"target": -17.674016830993896, "params": {"gamma": 402.0424562701739, "log10_alpha": -4.845298327743746, "log10_colsample_bytree": -0.5118976702602116, "log10_eta": -1.8217920875704512, "log10_lambda": -2.0357900657517014, "log10_min_child_weight": 1.4489696963955312, "log10_subsample": -0.12087523948936696, "max_depth": 7.0, "num_boost_round": 12.0}, "datetime": {"datetime": "2024-01-19 01:17:16", "elapsed": 3926.138153, "delta": 0.004307}}
{"target": -17.67455142213451, "params": {"gamma": 402.0424562701739, "log10_alpha": -4.845298327743746, "log10_colsample_bytree": -0.5118976702602116, "log10_eta": -1.8217920875704512, "log10_lambda": -2.0357900657517014, "log10_min_child_weight": 1.4489696963955312, "log10_subsample": -0.12087523948936696, "max_depth": 7.0, "num_boost_round": 13.0}, "datetime": {"datetime": "2024-01-19 01:17:16", "elapsed": 3926.142642, "delta": 0.004489}}
{"target": -17.675300169167908, "params": {"gamma": 402.0424562701739, "log10_alpha": -4.845298327743746, "log10_colsample_bytree": -0.5118976702602116, "log10_eta": -1.8217920875704512, "log10_lambda": -2.0357900657517014, "log10_min_child_weight": 1.4489696963955312, "log10_subsample": -0.12087523948936696, "max_depth": 7.0, "num_boost_round": 14.0}, "datetime": {"datetime": "2024-01-19 01:17:16", "elapsed": 3926.147181, "delta": 0.004539}}
{"target": -17.675475746354643, "params": {"gamma": 402.0424562701739, "log10_alpha": -4.845298327743746, "log10_colsample_bytree": -0.5118976702602116, "log10_eta": -1.8217920875704512, "log10_lambda": -2.0357900657517014, "log10_min_child_weight": 1.4489696963955312, "log10_subsample": -0.12087523948936696, "max_depth": 7.0, "num_boost_round": 15.0}, "datetime": {"datetime": "2024-01-19 01:17:16", "elapsed": 3926.15168, "delta": 0.004499}}
{"target": -17.675181022105228, "params": {"gamma": 402.0424562701739, "log10_alpha": -4.845298327743746, "log10_colsample_bytree": -0.5118976702602116, "log10_eta": -1.8217920875704512, "log10_lambda": -2.0357900657517014, "log10_min_child_weight": 1.4489696963955312, "log10_subsample": -0.12087523948936696, "max_depth": 7.0, "num_boost_round": 16.0}, "datetime": {"datetime": "2024-01-19 01:17:16", "elapsed": 3926.155985, "delta": 0.004305}}
{"target": -17.67489860517955, "params": {"gamma": 402.0424562701739, "log10_alpha": -4.845298327743746, "log10_colsample_bytree": -0.5118976702602116, "log10_eta": -1.8217920875704512, "log10_lambda": -2.0357900657517014, "log10_min_child_weight": 1.4489696963955312, "log10_subsample": -0.12087523948936696, "max_depth": 7.0, "num_boost_round": 17.0}, "datetime": {"datetime": "2024-01-19 01:17:16", "elapsed": 3926.160296, "delta": 0.004311}}
{"target": -17.676836042047615, "params": {"gamma": 402.0424562701739, "log10_alpha": -4.845298327743746, "log10_colsample_bytree": -0.5118976702602116, "log10_eta": -1.8217920875704512, "log10_lambda": -2.0357900657517014, "log10_min_child_weight": 1.4489696963955312, "log10_subsample": -0.12087523948936696, "max_depth": 7.0, "num_boost_round": 18.0}, "datetime": {"datetime": "2024-01-19 01:17:16", "elapsed": 3926.164685, "delta": 0.004389}}
{"target": -17.677067817456784, "params": {"gamma": 402.0424562701739, "log10_alpha": -4.845298327743746, "log10_colsample_bytree": -0.5118976702602116, "log10_eta": -1.8217920875704512, "log10_lambda": -2.0357900657517014, "log10_min_child_weight": 1.4489696963955312, "log10_subsample": -0.12087523948936696, "max_depth": 7.0, "num_boost_round": 19.0}, "datetime": {"datetime": "2024-01-19 01:17:16", "elapsed": 3926.168983, "delta": 0.004298}}
{"target": -17.676894367119434, "params": {"gamma": 402.0424562701739, "log10_alpha": -4.845298327743746, "log10_colsample_bytree": -0.5118976702602116, "log10_eta": -1.8217920875704512, "log10_lambda": -2.0357900657517014, "log10_min_child_weight": 1.4489696963955312, "log10_subsample": -0.12087523948936696, "max_depth": 7.0, "num_boost_round": 20.0}, "datetime": {"datetime": "2024-01-19 01:17:16", "elapsed": 3926.173347, "delta": 0.004364}}
{"target": -17.676909999750386, "params": {"gamma": 402.0424562701739, "log10_alpha": -4.845298327743746, "log10_colsample_bytree": -0.5118976702602116, "log10_eta": -1.8217920875704512, "log10_lambda": -2.0357900657517014, "log10_min_child_weight": 1.4489696963955312, "log10_subsample": -0.12087523948936696, "max_depth": 7.0, "num_boost_round": 21.0}, "datetime": {"datetime": "2024-01-19 01:17:16", "elapsed": 3926.177655, "delta": 0.004308}}
{"target": -17.676138026417192, "params": {"gamma": 402.0424562701739, "log10_alpha": -4.845298327743746, "log10_colsample_bytree": -0.5118976702602116, "log10_eta": -1.8217920875704512, "log10_lambda": -2.0357900657517014, "log10_min_child_weight": 1.4489696963955312, "log10_subsample": -0.12087523948936696, "max_depth": 7.0, "num_boost_round": 22.0}, "datetime": {"datetime": "2024-01-19 01:17:16", "elapsed": 3926.182081, "delta": 0.004426}}
{"target": -17.675990947130256, "params": {"gamma": 402.0424562701739, "log10_alpha": -4.845298327743746, "log10_colsample_bytree": -0.5118976702602116, "log10_eta": -1.8217920875704512, "log10_lambda": -2.0357900657517014, "log10_min_child_weight": 1.4489696963955312, "log10_subsample": -0.12087523948936696, "max_depth": 7.0, "num_boost_round": 23.0}, "datetime": {"datetime": "2024-01-19 01:17:16", "elapsed": 3926.186566, "delta": 0.004485}}
{"target": -17.676282811904656, "params": {"gamma": 402.0424562701739, "log10_alpha": -4.845298327743746, "log10_colsample_bytree": -0.5118976702602116, "log10_eta": -1.8217920875704512, "log10_lambda": -2.0357900657517014, "log10_min_child_weight": 1.4489696963955312, "log10_subsample": -0.12087523948936696, "max_depth": 7.0, "num_boost_round": 24.0}, "datetime": {"datetime": "2024-01-19 01:17:16", "elapsed": 3926.191083, "delta": 0.004517}}
{"target": -17.676287559838585, "params": {"gamma": 402.0424562701739, "log10_alpha": -4.845298327743746, "log10_colsample_bytree": -0.5118976702602116, "log10_eta": -1.8217920875704512, "log10_lambda": -2.0357900657517014, "log10_min_child_weight": 1.4489696963955312, "log10_subsample": -0.12087523948936696, "max_depth": 7.0, "num_boost_round": 25.0}, "datetime": {"datetime": "2024-01-19 01:17:16", "elapsed": 3926.195598, "delta": 0.004515}}
{"target": -17.676352658423554, "params": {"gamma": 402.0424562701739, "log10_alpha": -4.845298327743746, "log10_colsample_bytree": -0.5118976702602116, "log10_eta": -1.8217920875704512, "log10_lambda": -2.0357900657517014, "log10_min_child_weight": 1.4489696963955312, "log10_subsample": -0.12087523948936696, "max_depth": 7.0, "num_boost_round": 26.0}, "datetime": {"datetime": "2024-01-19 01:17:16", "elapsed": 3926.200002, "delta": 0.004404}}
{"target": -17.676380229857266, "params": {"gamma": 402.0424562701739, "log10_alpha": -4.845298327743746, "log10_colsample_bytree": -0.5118976702602116, "log10_eta": -1.8217920875704512, "log10_lambda": -2.0357900657517014, "log10_min_child_weight": 1.4489696963955312, "log10_subsample": -0.12087523948936696, "max_depth": 7.0, "num_boost_round": 27.0}, "datetime": {"datetime": "2024-01-19 01:17:16", "elapsed": 3926.204439, "delta": 0.004437}}
{"target": -17.676900865036504, "params": {"gamma": 402.0424562701739, "log10_alpha": -4.845298327743746, "log10_colsample_bytree": -0.5118976702602116, "log10_eta": -1.8217920875704512, "log10_lambda": -2.0357900657517014, "log10_min_child_weight": 1.4489696963955312, "log10_subsample": -0.12087523948936696, "max_depth": 7.0, "num_boost_round": 28.0}, "datetime": {"datetime": "2024-01-19 01:17:16", "elapsed": 3926.208748, "delta": 0.004309}}
{"target": -17.677459341138015, "params": {"gamma": 402.0424562701739, "log10_alpha": -4.845298327743746, "log10_colsample_bytree": -0.5118976702602116, "log10_eta": -1.8217920875704512, "log10_lambda": -2.0357900657517014, "log10_min_child_weight": 1.4489696963955312, "log10_subsample": -0.12087523948936696, "max_depth": 7.0, "num_boost_round": 29.0}, "datetime": {"datetime": "2024-01-19 01:17:16", "elapsed": 3926.213105, "delta": 0.004357}}
{"target": -17.678349107972103, "params": {"gamma": 402.0424562701739, "log10_alpha": -4.845298327743746, "log10_colsample_bytree": -0.5118976702602116, "log10_eta": -1.8217920875704512, "log10_lambda": -2.0357900657517014, "log10_min_child_weight": 1.4489696963955312, "log10_subsample": -0.12087523948936696, "max_depth": 7.0, "num_boost_round": 30.0}, "datetime": {"datetime": "2024-01-19 01:17:16", "elapsed": 3926.217428, "delta": 0.004323}}
{"target": -17.678554512040613, "params": {"gamma": 402.0424562701739, "log10_alpha": -4.845298327743746, "log10_colsample_bytree": -0.5118976702602116, "log10_eta": -1.8217920875704512, "log10_lambda": -2.0357900657517014, "log10_min_child_weight": 1.4489696963955312, "log10_subsample": -0.12087523948936696, "max_depth": 7.0, "num_boost_round": 31.0}, "datetime": {"datetime": "2024-01-19 01:17:16", "elapsed": 3926.221831, "delta": 0.004403}}
{"target": -17.67940131694996, "params": {"gamma": 402.0424562701739, "log10_alpha": -4.845298327743746, "log10_colsample_bytree": -0.5118976702602116, "log10_eta": -1.8217920875704512, "log10_lambda": -2.0357900657517014, "log10_min_child_weight": 1.4489696963955312, "log10_subsample": -0.12087523948936696, "max_depth": 7.0, "num_boost_round": 32.0}, "datetime": {"datetime": "2024-01-19 01:17:16", "elapsed": 3926.226138, "delta": 0.004307}}
{"target": -17.680271822013964, "params": {"gamma": 402.0424562701739, "log10_alpha": -4.845298327743746, "log10_colsample_bytree": -0.5118976702602116, "log10_eta": -1.8217920875704512, "log10_lambda": -2.0357900657517014, "log10_min_child_weight": 1.4489696963955312, "log10_subsample": -0.12087523948936696, "max_depth": 7.0, "num_boost_round": 33.0}, "datetime": {"datetime": "2024-01-19 01:17:16", "elapsed": 3926.230439, "delta": 0.004301}}
{"target": -17.68142187380724, "params": {"gamma": 402.0424562701739, "log10_alpha": -4.845298327743746, "log10_colsample_bytree": -0.5118976702602116, "log10_eta": -1.8217920875704512, "log10_lambda": -2.0357900657517014, "log10_min_child_weight": 1.4489696963955312, "log10_subsample": -0.12087523948936696, "max_depth": 7.0, "num_boost_round": 34.0}, "datetime": {"datetime": "2024-01-19 01:17:16", "elapsed": 3926.234783, "delta": 0.004344}}
{"target": -17.681444289488883, "params": {"gamma": 402.0424562701739, "log10_alpha": -4.845298327743746, "log10_colsample_bytree": -0.5118976702602116, "log10_eta": -1.8217920875704512, "log10_lambda": -2.0357900657517014, "log10_min_child_weight": 1.4489696963955312, "log10_subsample": -0.12087523948936696, "max_depth": 7.0, "num_boost_round": 35.0}, "datetime": {"datetime": "2024-01-19 01:17:16", "elapsed": 3926.239118, "delta": 0.004335}}
{"target": -17.68209419672019, "params": {"gamma": 402.0424562701739, "log10_alpha": -4.845298327743746, "log10_colsample_bytree": -0.5118976702602116, "log10_eta": -1.8217920875704512, "log10_lambda": -2.0357900657517014, "log10_min_child_weight": 1.4489696963955312, "log10_subsample": -0.12087523948936696, "max_depth": 7.0, "num_boost_round": 36.0}, "datetime": {"datetime": "2024-01-19 01:17:16", "elapsed": 3926.243671, "delta": 0.004553}}
{"target": -17.68295787007887, "params": {"gamma": 402.0424562701739, "log10_alpha": -4.845298327743746, "log10_colsample_bytree": -0.5118976702602116, "log10_eta": -1.8217920875704512, "log10_lambda": -2.0357900657517014, "log10_min_child_weight": 1.4489696963955312, "log10_subsample": -0.12087523948936696, "max_depth": 7.0, "num_boost_round": 37.0}, "datetime": {"datetime": "2024-01-19 01:17:16", "elapsed": 3926.248135, "delta": 0.004464}}
{"target": -17.682855568233013, "params": {"gamma": 402.0424562701739, "log10_alpha": -4.845298327743746, "log10_colsample_bytree": -0.5118976702602116, "log10_eta": -1.8217920875704512, "log10_lambda": -2.0357900657517014, "log10_min_child_weight": 1.4489696963955312, "log10_subsample": -0.12087523948936696, "max_depth": 7.0, "num_boost_round": 38.0}, "datetime": {"datetime": "2024-01-19 01:17:16", "elapsed": 3926.252724, "delta": 0.004589}}
{"target": -17.682596560182613, "params": {"gamma": 402.0424562701739, "log10_alpha": -4.845298327743746, "log10_colsample_bytree": -0.5118976702602116, "log10_eta": -1.8217920875704512, "log10_lambda": -2.0357900657517014, "log10_min_child_weight": 1.4489696963955312, "log10_subsample": -0.12087523948936696, "max_depth": 7.0, "num_boost_round": 39.0}, "datetime": {"datetime": "2024-01-19 01:17:16", "elapsed": 3926.257142, "delta": 0.004418}}
{"target": -17.683031984027078, "params": {"gamma": 402.0424562701739, "log10_alpha": -4.845298327743746, "log10_colsample_bytree": -0.5118976702602116, "log10_eta": -1.8217920875704512, "log10_lambda": -2.0357900657517014, "log10_min_child_weight": 1.4489696963955312, "log10_subsample": -0.12087523948936696, "max_depth": 7.0, "num_boost_round": 40.0}, "datetime": {"datetime": "2024-01-19 01:17:16", "elapsed": 3926.261521, "delta": 0.004379}}
{"target": -17.683605429331283, "params": {"gamma": 402.0424562701739, "log10_alpha": -4.845298327743746, "log10_colsample_bytree": -0.5118976702602116, "log10_eta": -1.8217920875704512, "log10_lambda": -2.0357900657517014, "log10_min_child_weight": 1.4489696963955312, "log10_subsample": -0.12087523948936696, "max_depth": 7.0, "num_boost_round": 41.0}, "datetime": {"datetime": "2024-01-19 01:17:16", "elapsed": 3926.266121, "delta": 0.0046}}
{"target": -17.683991698446597, "params": {"gamma": 402.0424562701739, "log10_alpha": -4.845298327743746, "log10_colsample_bytree": -0.5118976702602116, "log10_eta": -1.8217920875704512, "log10_lambda": -2.0357900657517014, "log10_min_child_weight": 1.4489696963955312, "log10_subsample": -0.12087523948936696, "max_depth": 7.0, "num_boost_round": 42.0}, "datetime": {"datetime": "2024-01-19 01:17:16", "elapsed": 3926.270618, "delta": 0.004497}}
{"target": -17.68421481361632, "params": {"gamma": 402.0424562701739, "log10_alpha": -4.845298327743746, "log10_colsample_bytree": -0.5118976702602116, "log10_eta": -1.8217920875704512, "log10_lambda": -2.0357900657517014, "log10_min_child_weight": 1.4489696963955312, "log10_subsample": -0.12087523948936696, "max_depth": 7.0, "num_boost_round": 43.0}, "datetime": {"datetime": "2024-01-19 01:17:16", "elapsed": 3926.275088, "delta": 0.00447}}
{"target": -17.68485093040828, "params": {"gamma": 402.0424562701739, "log10_alpha": -4.845298327743746, "log10_colsample_bytree": -0.5118976702602116, "log10_eta": -1.8217920875704512, "log10_lambda": -2.0357900657517014, "log10_min_child_weight": 1.4489696963955312, "log10_subsample": -0.12087523948936696, "max_depth": 7.0, "num_boost_round": 44.0}, "datetime": {"datetime": "2024-01-19 01:17:16", "elapsed": 3926.279508, "delta": 0.00442}}
{"target": -17.68509349610155, "params": {"gamma": 402.0424562701739, "log10_alpha": -4.845298327743746, "log10_colsample_bytree": -0.5118976702602116, "log10_eta": -1.8217920875704512, "log10_lambda": -2.0357900657517014, "log10_min_child_weight": 1.4489696963955312, "log10_subsample": -0.12087523948936696, "max_depth": 7.0, "num_boost_round": 45.0}, "datetime": {"datetime": "2024-01-19 01:17:16", "elapsed": 3926.28409, "delta": 0.004582}}
{"target": -17.685185863204563, "params": {"gamma": 402.0424562701739, "log10_alpha": -4.845298327743746, "log10_colsample_bytree": -0.5118976702602116, "log10_eta": -1.8217920875704512, "log10_lambda": -2.0357900657517014, "log10_min_child_weight": 1.4489696963955312, "log10_subsample": -0.12087523948936696, "max_depth": 7.0, "num_boost_round": 46.0}, "datetime": {"datetime": "2024-01-19 01:17:16", "elapsed": 3926.288492, "delta": 0.004402}}
{"target": -17.684896156430696, "params": {"gamma": 402.0424562701739, "log10_alpha": -4.845298327743746, "log10_colsample_bytree": -0.5118976702602116, "log10_eta": -1.8217920875704512, "log10_lambda": -2.0357900657517014, "log10_min_child_weight": 1.4489696963955312, "log10_subsample": -0.12087523948936696, "max_depth": 7.0, "num_boost_round": 47.0}, "datetime": {"datetime": "2024-01-19 01:17:16", "elapsed": 3926.292919, "delta": 0.004427}}
{"target": -17.68520145940092, "params": {"gamma": 402.0424562701739, "log10_alpha": -4.845298327743746, "log10_colsample_bytree": -0.5118976702602116, "log10_eta": -1.8217920875704512, "log10_lambda": -2.0357900657517014, "log10_min_child_weight": 1.4489696963955312, "log10_subsample": -0.12087523948936696, "max_depth": 7.0, "num_boost_round": 48.0}, "datetime": {"datetime": "2024-01-19 01:17:16", "elapsed": 3926.297268, "delta": 0.004349}}
{"target": -17.685539199766545, "params": {"gamma": 402.0424562701739, "log10_alpha": -4.845298327743746, "log10_colsample_bytree": -0.5118976702602116, "log10_eta": -1.8217920875704512, "log10_lambda": -2.0357900657517014, "log10_min_child_weight": 1.4489696963955312, "log10_subsample": -0.12087523948936696, "max_depth": 7.0, "num_boost_round": 49.0}, "datetime": {"datetime": "2024-01-19 01:17:16", "elapsed": 3926.301676, "delta": 0.004408}}
{"target": -17.68555409047853, "params": {"gamma": 402.0424562701739, "log10_alpha": -4.845298327743746, "log10_colsample_bytree": -0.5118976702602116, "log10_eta": -1.8217920875704512, "log10_lambda": -2.0357900657517014, "log10_min_child_weight": 1.4489696963955312, "log10_subsample": -0.12087523948936696, "max_depth": 7.0, "num_boost_round": 50.0}, "datetime": {"datetime": "2024-01-19 01:17:16", "elapsed": 3926.306259, "delta": 0.004583}}
{"target": -17.686290927549535, "params": {"gamma": 402.0424562701739, "log10_alpha": -4.845298327743746, "log10_colsample_bytree": -0.5118976702602116, "log10_eta": -1.8217920875704512, "log10_lambda": -2.0357900657517014, "log10_min_child_weight": 1.4489696963955312, "log10_subsample": -0.12087523948936696, "max_depth": 7.0, "num_boost_round": 51.0}, "datetime": {"datetime": "2024-01-19 01:17:16", "elapsed": 3926.310798, "delta": 0.004539}}
{"target": -17.687114362321477, "params": {"gamma": 402.0424562701739, "log10_alpha": -4.845298327743746, "log10_colsample_bytree": -0.5118976702602116, "log10_eta": -1.8217920875704512, "log10_lambda": -2.0357900657517014, "log10_min_child_weight": 1.4489696963955312, "log10_subsample": -0.12087523948936696, "max_depth": 7.0, "num_boost_round": 52.0}, "datetime": {"datetime": "2024-01-19 01:17:16", "elapsed": 3926.315287, "delta": 0.004489}}
{"target": -17.68760835228962, "params": {"gamma": 402.0424562701739, "log10_alpha": -4.845298327743746, "log10_colsample_bytree": -0.5118976702602116, "log10_eta": -1.8217920875704512, "log10_lambda": -2.0357900657517014, "log10_min_child_weight": 1.4489696963955312, "log10_subsample": -0.12087523948936696, "max_depth": 7.0, "num_boost_round": 53.0}, "datetime": {"datetime": "2024-01-19 01:17:16", "elapsed": 3926.319677, "delta": 0.00439}}
{"target": -17.688397753407504, "params": {"gamma": 402.0424562701739, "log10_alpha": -4.845298327743746, "log10_colsample_bytree": -0.5118976702602116, "log10_eta": -1.8217920875704512, "log10_lambda": -2.0357900657517014, "log10_min_child_weight": 1.4489696963955312, "log10_subsample": -0.12087523948936696, "max_depth": 7.0, "num_boost_round": 54.0}, "datetime": {"datetime": "2024-01-19 01:17:16", "elapsed": 3926.32413, "delta": 0.004453}}
