{"target": -13.758536153359067, "params": {"gamma": 455.9467964271074, "log10_alpha": -0.2560313628743777, "log10_colsample_bytree": -0.7423782756717651, "log10_eta": -4.0, "log10_lambda": 1.0, "log10_min_child_weight": 0.0, "log10_subsample": -0.7231298388206053, "max_depth": 2.0, "num_boost_round": 1.0}, "datetime": {"datetime": "2024-01-19 00:32:33", "elapsed": 1257.772875, "delta": 0.003025}}
{"target": -13.758535852803224, "params": {"gamma": 455.9467964271074, "log10_alpha": -0.2560313628743777, "log10_colsample_bytree": -0.7423782756717651, "log10_eta": -4.0, "log10_lambda": 1.0, "log10_min_child_weight": 0.0, "log10_subsample": -0.7231298388206053, "max_depth": 2.0, "num_boost_round": 2.0}, "datetime": {"datetime": "2024-01-19 00:32:33", "elapsed": 1257.775665, "delta": 0.00279}}
{"target": -13.758535657978365, "params": {"gamma": 455.9467964271074, "log10_alpha": -0.2560313628743777, "log10_colsample_bytree": -0.7423782756717651, "log10_eta": -4.0, "log10_lambda": 1.0, "log10_min_child_weight": 0.0, "log10_subsample": -0.7231298388206053, "max_depth": 2.0, "num_boost_round": 3.0}, "datetime": {"datetime": "2024-01-19 00:32:33", "elapsed": 1257.778327, "delta": 0.002662}}
{"target": -13.758534623748195, "params": {"gamma": 455.9467964271074, "log10_alpha": -0.2560313628743777, "log10_colsample_bytree": -0.7423782756717651, "log10_eta": -4.0, "log10_lambda": 1.0, "log10_min_child_weight": 0.0, "log10_subsample": -0.7231298388206053, "max_depth": 2.0, "num_boost_round": 4.0}, "datetime": {"datetime": "2024-01-19 00:32:33", "elapsed": 1257.780754, "delta": 0.002427}}
{"target": -13.758534199266698, "params": {"gamma": 455.9467964271074, "log10_alpha": -0.2560313628743777, "log10_colsample_bytree": -0.7423782756717651, "log10_eta": -4.0, "log10_lambda": 1.0, "log10_min_child_weight": 0.0, "log10_subsample": -0.7231298388206053, "max_depth": 2.0, "num_boost_round": 5.0}, "datetime": {"datetime": "2024-01-19 00:32:33", "elapsed": 1257.783171, "delta": 0.002417}}
{"target": -13.758533796578597, "params": {"gamma": 455.9467964271074, "log10_alpha": -0.2560313628743777, "log10_colsample_bytree": -0.7423782756717651, "log10_eta": -4.0, "log10_lambda": 1.0, "log10_min_child_weight": 0.0, "log10_subsample": -0.7231298388206053, "max_depth": 2.0, "num_boost_round": 6.0}, "datetime": {"datetime": "2024-01-19 00:32:33", "elapsed": 1257.785701, "delta": 0.00253}}
{"target": -13.758532750610117, "params": {"gamma": 455.9467964271074, "log10_alpha": -0.2560313628743777, "log10_colsample_bytree": -0.7423782756717651, "log10_eta": -4.0, "log10_lambda": 1.0, "log10_min_child_weight": 0.0, "log10_subsample": -0.7231298388206053, "max_depth": 2.0, "num_boost_round": 7.0}, "datetime": {"datetime": "2024-01-19 00:32:33", "elapsed": 1257.788135, "delta": 0.002434}}
{"target": -13.75853216913767, "params": {"gamma": 455.9467964271074, "log10_alpha": -0.2560313628743777, "log10_colsample_bytree": -0.7423782756717651, "log10_eta": -4.0, "log10_lambda": 1.0, "log10_min_child_weight": 0.0, "log10_subsample": -0.7231298388206053, "max_depth": 2.0, "num_boost_round": 8.0}, "datetime": {"datetime": "2024-01-19 00:32:33", "elapsed": 1257.790619, "delta": 0.002484}}
{"target": -13.758531324302096, "params": {"gamma": 455.9467964271074, "log10_alpha": -0.2560313628743777, "log10_colsample_bytree": -0.7423782756717651, "log10_eta": -4.0, "log10_lambda": 1.0, "log10_min_child_weight": 0.0, "log10_subsample": -0.7231298388206053, "max_depth": 2.0, "num_boost_round": 9.0}, "datetime": {"datetime": "2024-01-19 00:32:33", "elapsed": 1257.793069, "delta": 0.00245}}
{"target": -13.758531342966647, "params": {"gamma": 455.9467964271074, "log10_alpha": -0.2560313628743777, "log10_colsample_bytree": -0.7423782756717651, "log10_eta": -4.0, "log10_lambda": 1.0, "log10_min_child_weight": 0.0, "log10_subsample": -0.7231298388206053, "max_depth": 2.0, "num_boost_round": 10.0}, "datetime": {"datetime": "2024-01-19 00:32:33", "elapsed": 1257.7956, "delta": 0.002531}}
{"target": -13.758530425871244, "params": {"gamma": 455.9467964271074, "log10_alpha": -0.2560313628743777, "log10_colsample_bytree": -0.7423782756717651, "log10_eta": -4.0, "log10_lambda": 1.0, "log10_min_child_weight": 0.0, "log10_subsample": -0.7231298388206053, "max_depth": 2.0, "num_boost_round": 11.0}, "datetime": {"datetime": "2024-01-19 00:32:33", "elapsed": 1257.798042, "delta": 0.002442}}
{"target": -13.758529379417462, "params": {"gamma": 455.9467964271074, "log10_alpha": -0.2560313628743777, "log10_colsample_bytree": -0.7423782756717651, "log10_eta": -4.0, "log10_lambda": 1.0, "log10_min_child_weight": 0.0, "log10_subsample": -0.7231298388206053, "max_depth": 2.0, "num_boost_round": 12.0}, "datetime": {"datetime": "2024-01-19 00:32:33", "elapsed": 1257.800516, "delta": 0.002474}}
{"target": -13.75852766191494, "params": {"gamma": 455.9467964271074, "log10_alpha": -0.2560313628743777, "log10_colsample_bytree": -0.7423782756717651, "log10_eta": -4.0, "log10_lambda": 1.0, "log10_min_child_weight": 0.0, "log10_subsample": -0.7231298388206053, "max_depth": 2.0, "num_boost_round": 13.0}, "datetime": {"datetime": "2024-01-19 00:32:33", "elapsed": 1257.802964, "delta": 0.002448}}
{"target": -13.758527302387446, "params": {"gamma": 455.9467964271074, "log10_alpha": -0.2560313628743777, "log10_colsample_bytree": -0.7423782756717651, "log10_eta": -4.0, "log10_lambda": 1.0, "log10_min_child_weight": 0.0, "log10_subsample": -0.7231298388206053, "max_depth": 2.0, "num_boost_round": 14.0}, "datetime": {"datetime": "2024-01-19 00:32:33", "elapsed": 1257.805463, "delta": 0.002499}}
{"target": -13.758524640444348, "params": {"gamma": 455.9467964271074, "log10_alpha": -0.2560313628743777, "log10_colsample_bytree": -0.7423782756717651, "log10_eta": -4.0, "log10_lambda": 1.0, "log10_min_child_weight": 0.0, "log10_subsample": -0.7231298388206053, "max_depth": 2.0, "num_boost_round": 15.0}, "datetime": {"datetime": "2024-01-19 00:32:33", "elapsed": 1257.807929, "delta": 0.002466}}
{"target": -13.758523945280588, "params": {"gamma": 455.9467964271074, "log10_alpha": -0.2560313628743777, "log10_colsample_bytree": -0.7423782756717651, "log10_eta": -4.0, "log10_lambda": 1.0, "log10_min_child_weight": 0.0, "log10_subsample": -0.7231298388206053, "max_depth": 2.0, "num_boost_round": 16.0}, "datetime": {"datetime": "2024-01-19 00:32:33", "elapsed": 1257.810462, "delta": 0.002533}}
{"target": -13.758522863001703, "params": {"gamma": 455.9467964271074, "log10_alpha": -0.2560313628743777, "log10_colsample_bytree": -0.7423782756717651, "log10_eta": -4.0, "log10_lambda": 1.0, "log10_min_child_weight": 0.0, "log10_subsample": -0.7231298388206053, "max_depth": 2.0, "num_boost_round": 17.0}, "datetime": {"datetime": "2024-01-19 00:32:33", "elapsed": 1257.812905, "delta": 0.002443}}
{"target": -13.758523161045037, "params": {"gamma": 455.9467964271074, "log10_alpha": -0.2560313628743777, "log10_colsample_bytree": -0.7423782756717651, "log10_eta": -4.0, "log10_lambda": 1.0, "log10_min_child_weight": 0.0, "log10_subsample": -0.7231298388206053, "max_depth": 2.0, "num_boost_round": 18.0}, "datetime": {"datetime": "2024-01-19 00:32:33", "elapsed": 1257.815455, "delta": 0.00255}}
{"target": -13.758522186916156, "params": {"gamma": 455.9467964271074, "log10_alpha": -0.2560313628743777, "log10_colsample_bytree": -0.7423782756717651, "log10_eta": -4.0, "log10_lambda": 1.0, "log10_min_child_weight": 0.0, "log10_subsample": -0.7231298388206053, "max_depth": 2.0, "num_boost_round": 19.0}, "datetime": {"datetime": "2024-01-19 00:32:33", "elapsed": 1257.817922, "delta": 0.002467}}
{"target": -13.75852191879004, "params": {"gamma": 455.9467964271074, "log10_alpha": -0.2560313628743777, "log10_colsample_bytree": -0.7423782756717651, "log10_eta": -4.0, "log10_lambda": 1.0, "log10_min_child_weight": 0.0, "log10_subsample": -0.7231298388206053, "max_depth": 2.0, "num_boost_round": 20.0}, "datetime": {"datetime": "2024-01-19 00:32:33", "elapsed": 1257.820392, "delta": 0.00247}}
{"target": -13.758520132656662, "params": {"gamma": 455.9467964271074, "log10_alpha": -0.2560313628743777, "log10_colsample_bytree": -0.7423782756717651, "log10_eta": -4.0, "log10_lambda": 1.0, "log10_min_child_weight": 0.0, "log10_subsample": -0.7231298388206053, "max_depth": 2.0, "num_boost_round": 21.0}, "datetime": {"datetime": "2024-01-19 00:32:33", "elapsed": 1257.82286, "delta": 0.002468}}
{"target": -13.758519078663008, "params": {"gamma": 455.9467964271074, "log10_alpha": -0.2560313628743777, "log10_colsample_bytree": -0.7423782756717651, "log10_eta": -4.0, "log10_lambda": 1.0, "log10_min_child_weight": 0.0, "log10_subsample": -0.7231298388206053, "max_depth": 2.0, "num_boost_round": 22.0}, "datetime": {"datetime": "2024-01-19 00:32:33", "elapsed": 1257.825447, "delta": 0.002587}}
{"target": -13.758518004022703, "params": {"gamma": 455.9467964271074, "log10_alpha": -0.2560313628743777, "log10_colsample_bytree": -0.7423782756717651, "log10_eta": -4.0, "log10_lambda": 1.0, "log10_min_child_weight": 0.0, "log10_subsample": -0.7231298388206053, "max_depth": 2.0, "num_boost_round": 23.0}, "datetime": {"datetime": "2024-01-19 00:32:33", "elapsed": 1257.827967, "delta": 0.00252}}
{"target": -13.758517545721201, "params": {"gamma": 455.9467964271074, "log10_alpha": -0.2560313628743777, "log10_colsample_bytree": -0.7423782756717651, "log10_eta": -4.0, "log10_lambda": 1.0, "log10_min_child_weight": 0.0, "log10_subsample": -0.7231298388206053, "max_depth": 2.0, "num_boost_round": 24.0}, "datetime": {"datetime": "2024-01-19 00:32:33", "elapsed": 1257.830466, "delta": 0.002499}}
{"target": -13.758515482095675, "params": {"gamma": 455.9467964271074, "log10_alpha": -0.2560313628743777, "log10_colsample_bytree": -0.7423782756717651, "log10_eta": -4.0, "log10_lambda": 1.0, "log10_min_child_weight": 0.0, "log10_subsample": -0.7231298388206053, "max_depth": 2.0, "num_boost_round": 25.0}, "datetime": {"datetime": "2024-01-19 00:32:33", "elapsed": 1257.832906, "delta": 0.00244}}
{"target": -13.758514909573995, "params": {"gamma": 455.9467964271074, "log10_alpha": -0.2560313628743777, "log10_colsample_bytree": -0.7423782756717651, "log10_eta": -4.0, "log10_lambda": 1.0, "log10_min_child_weight": 0.0, "log10_subsample": -0.7231298388206053, "max_depth": 2.0, "num_boost_round": 26.0}, "datetime": {"datetime": "2024-01-19 00:32:33", "elapsed": 1257.835478, "delta": 0.002572}}
{"target": -13.758512931581208, "params": {"gamma": 455.9467964271074, "log10_alpha": -0.2560313628743777, "log10_colsample_bytree": -0.7423782756717651, "log10_eta": -4.0, "log10_lambda": 1.0, "log10_min_child_weight": 0.0, "log10_subsample": -0.7231298388206053, "max_depth": 2.0, "num_boost_round": 27.0}, "datetime": {"datetime": "2024-01-19 00:32:33", "elapsed": 1257.837938, "delta": 0.00246}}
{"target": -13.758511883628909, "params": {"gamma": 455.9467964271074, "log10_alpha": -0.2560313628743777, "log10_colsample_bytree": -0.7423782756717651, "log10_eta": -4.0, "log10_lambda": 1.0, "log10_min_child_weight": 0.0, "log10_subsample": -0.7231298388206053, "max_depth": 2.0, "num_boost_round": 28.0}, "datetime": {"datetime": "2024-01-19 00:32:33", "elapsed": 1257.840413, "delta": 0.002475}}
{"target": -13.758510920820115, "params": {"gamma": 455.9467964271074, "log10_alpha": -0.2560313628743777, "log10_colsample_bytree": -0.7423782756717651, "log10_eta": -4.0, "log10_lambda": 1.0, "log10_min_child_weight": 0.0, "log10_subsample": -0.7231298388206053, "max_depth": 2.0, "num_boost_round": 29.0}, "datetime": {"datetime": "2024-01-19 00:32:33", "elapsed": 1257.842875, "delta": 0.002462}}
{"target": -13.758509357513901, "params": {"gamma": 455.9467964271074, "log10_alpha": -0.2560313628743777, "log10_colsample_bytree": -0.7423782756717651, "log10_eta": -4.0, "log10_lambda": 1.0, "log10_min_child_weight": 0.0, "log10_subsample": -0.7231298388206053, "max_depth": 2.0, "num_boost_round": 30.0}, "datetime": {"datetime": "2024-01-19 00:32:33", "elapsed": 1257.845385, "delta": 0.00251}}
{"target": -13.75850710207947, "params": {"gamma": 455.9467964271074, "log10_alpha": -0.2560313628743777, "log10_colsample_bytree": -0.7423782756717651, "log10_eta": -4.0, "log10_lambda": 1.0, "log10_min_child_weight": 0.0, "log10_subsample": -0.7231298388206053, "max_depth": 2.0, "num_boost_round": 31.0}, "datetime": {"datetime": "2024-01-19 00:32:33", "elapsed": 1257.847852, "delta": 0.002467}}
{"target": -13.758505976092495, "params": {"gamma": 455.9467964271074, "log10_alpha": -0.2560313628743777, "log10_colsample_bytree": -0.7423782756717651, "log10_eta": -4.0, "log10_lambda": 1.0, "log10_min_child_weight": 0.0, "log10_subsample": -0.7231298388206053, "max_depth": 2.0, "num_boost_round": 32.0}, "datetime": {"datetime": "2024-01-19 00:32:33", "elapsed": 1257.850426, "delta": 0.002574}}
{"target": -13.758506099741966, "params": {"gamma": 455.9467964271074, "log10_alpha": -0.2560313628743777, "log10_colsample_bytree": -0.7423782756717651, "log10_eta": -4.0, "log10_lambda": 1.0, "log10_min_child_weight": 0.0, "log10_subsample": -0.7231298388206053, "max_depth": 2.0, "num_boost_round": 33.0}, "datetime": {"datetime": "2024-01-19 00:32:33", "elapsed": 1257.852894, "delta": 0.002468}}
{"target": -13.758504871826155, "params": {"gamma": 455.9467964271074, "log10_alpha": -0.2560313628743777, "log10_colsample_bytree": -0.7423782756717651, "log10_eta": -4.0, "log10_lambda": 1.0, "log10_min_child_weight": 0.0, "log10_subsample": -0.7231298388206053, "max_depth": 2.0, "num_boost_round": 34.0}, "datetime": {"datetime": "2024-01-19 00:32:33", "elapsed": 1257.855447, "delta": 0.002553}}
{"target": -13.758504617879185, "params": {"gamma": 455.9467964271074, "log10_alpha": -0.2560313628743777, "log10_colsample_bytree": -0.7423782756717651, "log10_eta": -4.0, "log10_lambda": 1.0, "log10_min_child_weight": 0.0, "log10_subsample": -0.7231298388206053, "max_depth": 2.0, "num_boost_round": 35.0}, "datetime": {"datetime": "2024-01-19 00:32:33", "elapsed": 1257.857913, "delta": 0.002466}}
{"target": -13.758504684018508, "params": {"gamma": 455.9467964271074, "log10_alpha": -0.2560313628743777, "log10_colsample_bytree": -0.7423782756717651, "log10_eta": -4.0, "log10_lambda": 1.0, "log10_min_child_weight": 0.0, "log10_subsample": -0.7231298388206053, "max_depth": 2.0, "num_boost_round": 36.0}, "datetime": {"datetime": "2024-01-19 00:32:33", "elapsed": 1257.860393, "delta": 0.00248}}
{"target": -13.758504712301399, "params": {"gamma": 455.9467964271074, "log10_alpha": -0.2560313628743777, "log10_colsample_bytree": -0.7423782756717651, "log10_eta": -4.0, "log10_lambda": 1.0, "log10_min_child_weight": 0.0, "log10_subsample": -0.7231298388206053, "max_depth": 2.0, "num_boost_round": 37.0}, "datetime": {"datetime": "2024-01-19 00:32:33", "elapsed": 1257.862878, "delta": 0.002485}}
{"target": -13.7585031259434, "params": {"gamma": 455.9467964271074, "log10_alpha": -0.2560313628743777, "log10_colsample_bytree": -0.7423782756717651, "log10_eta": -4.0, "log10_lambda": 1.0, "log10_min_child_weight": 0.0, "log10_subsample": -0.7231298388206053, "max_depth": 2.0, "num_boost_round": 38.0}, "datetime": {"datetime": "2024-01-19 00:32:33", "elapsed": 1257.865415, "delta": 0.002537}}
{"target": -13.758503658098395, "params": {"gamma": 455.9467964271074, "log10_alpha": -0.2560313628743777, "log10_colsample_bytree": -0.7423782756717651, "log10_eta": -4.0, "log10_lambda": 1.0, "log10_min_child_weight": 0.0, "log10_subsample": -0.7231298388206053, "max_depth": 2.0, "num_boost_round": 39.0}, "datetime": {"datetime": "2024-01-19 00:32:33", "elapsed": 1257.867913, "delta": 0.002498}}
{"target": -13.758502443811548, "params": {"gamma": 455.9467964271074, "log10_alpha": -0.2560313628743777, "log10_colsample_bytree": -0.7423782756717651, "log10_eta": -4.0, "log10_lambda": 1.0, "log10_min_child_weight": 0.0, "log10_subsample": -0.7231298388206053, "max_depth": 2.0, "num_boost_round": 40.0}, "datetime": {"datetime": "2024-01-19 00:32:33", "elapsed": 1257.870442, "delta": 0.002529}}
{"target": -13.758503144662065, "params": {"gamma": 455.9467964271074, "log10_alpha": -0.2560313628743777, "log10_colsample_bytree": -0.7423782756717651, "log10_eta": -4.0, "log10_lambda": 1.0, "log10_min_child_weight": 0.0, "log10_subsample": -0.7231298388206053, "max_depth": 2.0, "num_boost_round": 41.0}, "datetime": {"datetime": "2024-01-19 00:32:33", "elapsed": 1257.872931, "delta": 0.002489}}
{"target": -13.75850161027233, "params": {"gamma": 455.9467964271074, "log10_alpha": -0.2560313628743777, "log10_colsample_bytree": -0.7423782756717651, "log10_eta": -4.0, "log10_lambda": 1.0, "log10_min_child_weight": 0.0, "log10_subsample": -0.7231298388206053, "max_depth": 2.0, "num_boost_round": 42.0}, "datetime": {"datetime": "2024-01-19 00:32:33", "elapsed": 1257.87559, "delta": 0.002659}}
{"target": -13.758500420719239, "params": {"gamma": 455.9467964271074, "log10_alpha": -0.2560313628743777, "log10_colsample_bytree": -0.7423782756717651, "log10_eta": -4.0, "log10_lambda": 1.0, "log10_min_child_weight": 0.0, "log10_subsample": -0.7231298388206053, "max_depth": 2.0, "num_boost_round": 43.0}, "datetime": {"datetime": "2024-01-19 00:32:33", "elapsed": 1257.878287, "delta": 0.002697}}
{"target": -13.758288622526539, "params": {"gamma": 414.62889993487437, "log10_alpha": -2.9215853371153266, "log10_colsample_bytree": -0.6223544256656847, "log10_eta": -1.9552782750807194, "log10_lambda": -0.712423809532396, "log10_min_child_weight": 1.2287047653777865, "log10_subsample": -0.2535300727149207, "max_depth": 4.0, "num_boost_round": 0.0}, "datetime": {"datetime": "2024-01-19 00:33:02", "elapsed": 1286.092355, "delta": 28.214068}}
{"target": -13.758092501496208, "params": {"gamma": 414.62889993487437, "log10_alpha": -2.9215853371153266, "log10_colsample_bytree": -0.6223544256656847, "log10_eta": -1.9552782750807194, "log10_lambda": -0.712423809532396, "log10_min_child_weight": 1.2287047653777865, "log10_subsample": -0.2535300727149207, "max_depth": 4.0, "num_boost_round": 1.0}, "datetime": {"datetime": "2024-01-19 00:33:02", "elapsed": 1286.095882, "delta": 0.003527}}
{"target": -13.758130114533667, "params": {"gamma": 414.62889993487437, "log10_alpha": -2.9215853371153266, "log10_colsample_bytree": -0.6223544256656847, "log10_eta": -1.9552782750807194, "log10_lambda": -0.712423809532396, "log10_min_child_weight": 1.2287047653777865, "log10_subsample": -0.2535300727149207, "max_depth": 4.0, "num_boost_round": 2.0}, "datetime": {"datetime": "2024-01-19 00:33:02", "elapsed": 1286.098457, "delta": 0.002575}}
{"target": -13.757877637959067, "params": {"gamma": 414.62889993487437, "log10_alpha": -2.9215853371153266, "log10_colsample_bytree": -0.6223544256656847, "log10_eta": -1.9552782750807194, "log10_lambda": -0.712423809532396, "log10_min_child_weight": 1.2287047653777865, "log10_subsample": -0.2535300727149207, "max_depth": 4.0, "num_boost_round": 3.0}, "datetime": {"datetime": "2024-01-19 00:33:02", "elapsed": 1286.101004, "delta": 0.002547}}
{"target": -13.757720255061312, "params": {"gamma": 414.62889993487437, "log10_alpha": -2.9215853371153266, "log10_colsample_bytree": -0.6223544256656847, "log10_eta": -1.9552782750807194, "log10_lambda": -0.712423809532396, "log10_min_child_weight": 1.2287047653777865, "log10_subsample": -0.2535300727149207, "max_depth": 4.0, "num_boost_round": 4.0}, "datetime": {"datetime": "2024-01-19 00:33:02", "elapsed": 1286.103514, "delta": 0.00251}}
{"target": -13.75723491743991, "params": {"gamma": 414.62889993487437, "log10_alpha": -2.9215853371153266, "log10_colsample_bytree": -0.6223544256656847, "log10_eta": -1.9552782750807194, "log10_lambda": -0.712423809532396, "log10_min_child_weight": 1.2287047653777865, "log10_subsample": -0.2535300727149207, "max_depth": 4.0, "num_boost_round": 5.0}, "datetime": {"datetime": "2024-01-19 00:33:02", "elapsed": 1286.106126, "delta": 0.002612}}
{"target": -13.757040531260627, "params": {"gamma": 414.62889993487437, "log10_alpha": -2.9215853371153266, "log10_colsample_bytree": -0.6223544256656847, "log10_eta": -1.9552782750807194, "log10_lambda": -0.712423809532396, "log10_min_child_weight": 1.2287047653777865, "log10_subsample": -0.2535300727149207, "max_depth": 4.0, "num_boost_round": 6.0}, "datetime": {"datetime": "2024-01-19 00:33:02", "elapsed": 1286.108642, "delta": 0.002516}}
{"target": -13.757171853920275, "params": {"gamma": 414.62889993487437, "log10_alpha": -2.9215853371153266, "log10_colsample_bytree": -0.6223544256656847, "log10_eta": -1.9552782750807194, "log10_lambda": -0.712423809532396, "log10_min_child_weight": 1.2287047653777865, "log10_subsample": -0.2535300727149207, "max_depth": 4.0, "num_boost_round": 7.0}, "datetime": {"datetime": "2024-01-19 00:33:02", "elapsed": 1286.111244, "delta": 0.002602}}
{"target": -13.757107217102957, "params": {"gamma": 414.62889993487437, "log10_alpha": -2.9215853371153266, "log10_colsample_bytree": -0.6223544256656847, "log10_eta": -1.9552782750807194, "log10_lambda": -0.712423809532396, "log10_min_child_weight": 1.2287047653777865, "log10_subsample": -0.2535300727149207, "max_depth": 4.0, "num_boost_round": 8.0}, "datetime": {"datetime": "2024-01-19 00:33:02", "elapsed": 1286.113795, "delta": 0.002551}}
{"target": -13.756738549746535, "params": {"gamma": 414.62889993487437, "log10_alpha": -2.9215853371153266, "log10_colsample_bytree": -0.6223544256656847, "log10_eta": -1.9552782750807194, "log10_lambda": -0.712423809532396, "log10_min_child_weight": 1.2287047653777865, "log10_subsample": -0.2535300727149207, "max_depth": 4.0, "num_boost_round": 9.0}, "datetime": {"datetime": "2024-01-19 00:33:02", "elapsed": 1286.116416, "delta": 0.002621}}
