{"target": -13.75849506842949, "params": {"gamma": 716.4763964804067, "log10_alpha": 0.07840329576061666, "log10_colsample_bytree": -0.787588394895611, "log10_eta": -3.8774420983262363, "log10_lambda": -3.8895744465141937, "log10_min_child_weight": 0.8318976259391181, "log10_subsample": -0.5353851115871829, "max_depth": 6.0, "num_boost_round": 17.0}, "datetime": {"datetime": "2024-01-19 00:56:37", "elapsed": 2696.279497, "delta": 0.002777}}
{"target": -13.758492025810975, "params": {"gamma": 716.4763964804067, "log10_alpha": 0.07840329576061666, "log10_colsample_bytree": -0.787588394895611, "log10_eta": -3.8774420983262363, "log10_lambda": -3.8895744465141937, "log10_min_child_weight": 0.8318976259391181, "log10_subsample": -0.5353851115871829, "max_depth": 6.0, "num_boost_round": 18.0}, "datetime": {"datetime": "2024-01-19 00:56:37", "elapsed": 2696.282311, "delta": 0.002814}}
{"target": -13.75848936962759, "params": {"gamma": 716.4763964804067, "log10_alpha": 0.07840329576061666, "log10_colsample_bytree": -0.787588394895611, "log10_eta": -3.8774420983262363, "log10_lambda": -3.8895744465141937, "log10_min_child_weight": 0.8318976259391181, "log10_subsample": -0.5353851115871829, "max_depth": 6.0, "num_boost_round": 19.0}, "datetime": {"datetime": "2024-01-19 00:56:37", "elapsed": 2696.285094, "delta": 0.002783}}
{"target": -13.75848631695688, "params": {"gamma": 716.4763964804067, "log10_alpha": 0.07840329576061666, "log10_colsample_bytree": -0.787588394895611, "log10_eta": -3.8774420983262363, "log10_lambda": -3.8895744465141937, "log10_min_child_weight": 0.8318976259391181, "log10_subsample": -0.5353851115871829, "max_depth": 6.0, "num_boost_round": 20.0}, "datetime": {"datetime": "2024-01-19 00:56:37", "elapsed": 2696.287958, "delta": 0.002864}}
{"target": -13.758478231980957, "params": {"gamma": 716.4763964804067, "log10_alpha": 0.07840329576061666, "log10_colsample_bytree": -0.787588394895611, "log10_eta": -3.8774420983262363, "log10_lambda": -3.8895744465141937, "log10_min_child_weight": 0.8318976259391181, "log10_subsample": -0.5353851115871829, "max_depth": 6.0, "num_boost_round": 21.0}, "datetime": {"datetime": "2024-01-19 00:56:37", "elapsed": 2696.290923, "delta": 0.002965}}
{"target": -13.758476756453359, "params": {"gamma": 716.4763964804067, "log10_alpha": 0.07840329576061666, "log10_colsample_bytree": -0.787588394895611, "log10_eta": -3.8774420983262363, "log10_lambda": -3.8895744465141937, "log10_min_child_weight": 0.8318976259391181, "log10_subsample": -0.5353851115871829, "max_depth": 6.0, "num_boost_round": 22.0}, "datetime": {"datetime": "2024-01-19 00:56:37", "elapsed": 2696.293766, "delta": 0.002843}}
{"target": -13.758472754245162, "params": {"gamma": 716.4763964804067, "log10_alpha": 0.07840329576061666, "log10_colsample_bytree": -0.787588394895611, "log10_eta": -3.8774420983262363, "log10_lambda": -3.8895744465141937, "log10_min_child_weight": 0.8318976259391181, "log10_subsample": -0.5353851115871829, "max_depth": 6.0, "num_boost_round": 23.0}, "datetime": {"datetime": "2024-01-19 00:56:37", "elapsed": 2696.296632, "delta": 0.002866}}
{"target": -13.758470839453134, "params": {"gamma": 716.4763964804067, "log10_alpha": 0.07840329576061666, "log10_colsample_bytree": -0.787588394895611, "log10_eta": -3.8774420983262363, "log10_lambda": -3.8895744465141937, "log10_min_child_weight": 0.8318976259391181, "log10_subsample": -0.5353851115871829, "max_depth": 6.0, "num_boost_round": 24.0}, "datetime": {"datetime": "2024-01-19 00:56:37", "elapsed": 2696.299509, "delta": 0.002877}}
{"target": -13.758463821348647, "params": {"gamma": 716.4763964804067, "log10_alpha": 0.07840329576061666, "log10_colsample_bytree": -0.787588394895611, "log10_eta": -3.8774420983262363, "log10_lambda": -3.8895744465141937, "log10_min_child_weight": 0.8318976259391181, "log10_subsample": -0.5353851115871829, "max_depth": 6.0, "num_boost_round": 25.0}, "datetime": {"datetime": "2024-01-19 00:56:37", "elapsed": 2696.302414, "delta": 0.002905}}
{"target": -13.758458900942166, "params": {"gamma": 716.4763964804067, "log10_alpha": 0.07840329576061666, "log10_colsample_bytree": -0.787588394895611, "log10_eta": -3.8774420983262363, "log10_lambda": -3.8895744465141937, "log10_min_child_weight": 0.8318976259391181, "log10_subsample": -0.5353851115871829, "max_depth": 6.0, "num_boost_round": 26.0}, "datetime": {"datetime": "2024-01-19 00:56:37", "elapsed": 2696.30532, "delta": 0.002906}}
{"target": -13.758457360417191, "params": {"gamma": 716.4763964804067, "log10_alpha": 0.07840329576061666, "log10_colsample_bytree": -0.787588394895611, "log10_eta": -3.8774420983262363, "log10_lambda": -3.8895744465141937, "log10_min_child_weight": 0.8318976259391181, "log10_subsample": -0.5353851115871829, "max_depth": 6.0, "num_boost_round": 27.0}, "datetime": {"datetime": "2024-01-19 00:56:37", "elapsed": 2696.308206, "delta": 0.002886}}
{"target": -13.758448869245356, "params": {"gamma": 716.4763964804067, "log10_alpha": 0.07840329576061666, "log10_colsample_bytree": -0.787588394895611, "log10_eta": -3.8774420983262363, "log10_lambda": -3.8895744465141937, "log10_min_child_weight": 0.8318976259391181, "log10_subsample": -0.5353851115871829, "max_depth": 6.0, "num_boost_round": 28.0}, "datetime": {"datetime": "2024-01-19 00:56:37", "elapsed": 2696.311124, "delta": 0.002918}}
{"target": -13.758444168478974, "params": {"gamma": 716.4763964804067, "log10_alpha": 0.07840329576061666, "log10_colsample_bytree": -0.787588394895611, "log10_eta": -3.8774420983262363, "log10_lambda": -3.8895744465141937, "log10_min_child_weight": 0.8318976259391181, "log10_subsample": -0.5353851115871829, "max_depth": 6.0, "num_boost_round": 29.0}, "datetime": {"datetime": "2024-01-19 00:56:37", "elapsed": 2696.313998, "delta": 0.002874}}
{"target": -13.758444340943344, "params": {"gamma": 716.4763964804067, "log10_alpha": 0.07840329576061666, "log10_colsample_bytree": -0.787588394895611, "log10_eta": -3.8774420983262363, "log10_lambda": -3.8895744465141937, "log10_min_child_weight": 0.8318976259391181, "log10_subsample": -0.5353851115871829, "max_depth": 6.0, "num_boost_round": 30.0}, "datetime": {"datetime": "2024-01-19 00:56:37", "elapsed": 2696.316818, "delta": 0.00282}}
{"target": -13.758436454134113, "params": {"gamma": 716.4763964804067, "log10_alpha": 0.07840329576061666, "log10_colsample_bytree": -0.787588394895611, "log10_eta": -3.8774420983262363, "log10_lambda": -3.8895744465141937, "log10_min_child_weight": 0.8318976259391181, "log10_subsample": -0.5353851115871829, "max_depth": 6.0, "num_boost_round": 31.0}, "datetime": {"datetime": "2024-01-19 00:56:37", "elapsed": 2696.319657, "delta": 0.002839}}
{"target": -13.758427814166481, "params": {"gamma": 716.4763964804067, "log10_alpha": 0.07840329576061666, "log10_colsample_bytree": -0.787588394895611, "log10_eta": -3.8774420983262363, "log10_lambda": -3.8895744465141937, "log10_min_child_weight": 0.8318976259391181, "log10_subsample": -0.5353851115871829, "max_depth": 6.0, "num_boost_round": 32.0}, "datetime": {"datetime": "2024-01-19 00:56:37", "elapsed": 2696.322538, "delta": 0.002881}}
{"target": -13.75842644593094, "params": {"gamma": 716.4763964804067, "log10_alpha": 0.07840329576061666, "log10_colsample_bytree": -0.787588394895611, "log10_eta": -3.8774420983262363, "log10_lambda": -3.8895744465141937, "log10_min_child_weight": 0.8318976259391181, "log10_subsample": -0.5353851115871829, "max_depth": 6.0, "num_boost_round": 33.0}, "datetime": {"datetime": "2024-01-19 00:56:37", "elapsed": 2696.442237, "delta": 0.119699}}
{"target": -13.758419925886546, "params": {"gamma": 716.4763964804067, "log10_alpha": 0.07840329576061666, "log10_colsample_bytree": -0.787588394895611, "log10_eta": -3.8774420983262363, "log10_lambda": -3.8895744465141937, "log10_min_child_weight": 0.8318976259391181, "log10_subsample": -0.5353851115871829, "max_depth": 6.0, "num_boost_round": 34.0}, "datetime": {"datetime": "2024-01-19 00:56:37", "elapsed": 2696.445661, "delta": 0.003424}}
{"target": -13.758418943064205, "params": {"gamma": 716.4763964804067, "log10_alpha": 0.07840329576061666, "log10_colsample_bytree": -0.787588394895611, "log10_eta": -3.8774420983262363, "log10_lambda": -3.8895744465141937, "log10_min_child_weight": 0.8318976259391181, "log10_subsample": -0.5353851115871829, "max_depth": 6.0, "num_boost_round": 35.0}, "datetime": {"datetime": "2024-01-19 00:56:37", "elapsed": 2696.448699, "delta": 0.003038}}
{"target": -13.758415869916986, "params": {"gamma": 716.4763964804067, "log10_alpha": 0.07840329576061666, "log10_colsample_bytree": -0.787588394895611, "log10_eta": -3.8774420983262363, "log10_lambda": -3.8895744465141937, "log10_min_child_weight": 0.8318976259391181, "log10_subsample": -0.5353851115871829, "max_depth": 6.0, "num_boost_round": 36.0}, "datetime": {"datetime": "2024-01-19 00:56:37", "elapsed": 2696.451828, "delta": 0.003129}}
{"target": -13.758410037556995, "params": {"gamma": 716.4763964804067, "log10_alpha": 0.07840329576061666, "log10_colsample_bytree": -0.787588394895611, "log10_eta": -3.8774420983262363, "log10_lambda": -3.8895744465141937, "log10_min_child_weight": 0.8318976259391181, "log10_subsample": -0.5353851115871829, "max_depth": 6.0, "num_boost_round": 37.0}, "datetime": {"datetime": "2024-01-19 00:56:37", "elapsed": 2696.454843, "delta": 0.003015}}
{"target": -13.758408968237074, "params": {"gamma": 716.4763964804067, "log10_alpha": 0.07840329576061666, "log10_colsample_bytree": -0.787588394895611, "log10_eta": -3.8774420983262363, "log10_lambda": -3.8895744465141937, "log10_min_child_weight": 0.8318976259391181, "log10_subsample": -0.5353851115871829, "max_depth": 6.0, "num_boost_round": 38.0}, "datetime": {"datetime": "2024-01-19 00:56:37", "elapsed": 2696.457889, "delta": 0.003046}}
{"target": -13.758409118606759, "params": {"gamma": 716.4763964804067, "log10_alpha": 0.07840329576061666, "log10_colsample_bytree": -0.787588394895611, "log10_eta": -3.8774420983262363, "log10_lambda": -3.8895744465141937, "log10_min_child_weight": 0.8318976259391181, "log10_subsample": -0.5353851115871829, "max_depth": 6.0, "num_boost_round": 39.0}, "datetime": {"datetime": "2024-01-19 00:56:37", "elapsed": 2696.460837, "delta": 0.002948}}
{"target": -13.758535284842393, "params": {"gamma": 717.9097067080351, "log10_alpha": -0.26189589289047177, "log10_colsample_bytree": -0.6897499718482313, "log10_eta": -3.8371003618330715, "log10_lambda": -4.108954806474014, "log10_min_child_weight": 1.5060171973606218, "log10_subsample": -0.5315489476457235, "max_depth": 6.0, "num_boost_round": 0.0}, "datetime": {"datetime": "2024-01-19 00:57:45", "elapsed": 2764.770493, "delta": 68.309656}}
{"target": -13.758529367820367, "params": {"gamma": 717.9097067080351, "log10_alpha": -0.26189589289047177, "log10_colsample_bytree": -0.6897499718482313, "log10_eta": -3.8371003618330715, "log10_lambda": -4.108954806474014, "log10_min_child_weight": 1.5060171973606218, "log10_subsample": -0.5315489476457235, "max_depth": 6.0, "num_boost_round": 1.0}, "datetime": {"datetime": "2024-01-19 00:57:45", "elapsed": 2764.774323, "delta": 0.00383}}
{"target": -13.758523794611895, "params": {"gamma": 717.9097067080351, "log10_alpha": -0.26189589289047177, "log10_colsample_bytree": -0.6897499718482313, "log10_eta": -3.8371003618330715, "log10_lambda": -4.108954806474014, "log10_min_child_weight": 1.5060171973606218, "log10_subsample": -0.5315489476457235, "max_depth": 6.0, "num_boost_round": 2.0}, "datetime": {"datetime": "2024-01-19 00:57:45", "elapsed": 2764.777459, "delta": 0.003136}}
{"target": -13.758520051603808, "params": {"gamma": 717.9097067080351, "log10_alpha": -0.26189589289047177, "log10_colsample_bytree": -0.6897499718482313, "log10_eta": -3.8371003618330715, "log10_lambda": -4.108954806474014, "log10_min_child_weight": 1.5060171973606218, "log10_subsample": -0.5315489476457235, "max_depth": 6.0, "num_boost_round": 3.0}, "datetime": {"datetime": "2024-01-19 00:57:45", "elapsed": 2764.780412, "delta": 0.002953}}
{"target": -13.758520487132813, "params": {"gamma": 717.9097067080351, "log10_alpha": -0.26189589289047177, "log10_colsample_bytree": -0.6897499718482313, "log10_eta": -3.8371003618330715, "log10_lambda": -4.108954806474014, "log10_min_child_weight": 1.5060171973606218, "log10_subsample": -0.5315489476457235, "max_depth": 6.0, "num_boost_round": 4.0}, "datetime": {"datetime": "2024-01-19 00:57:45", "elapsed": 2764.783342, "delta": 0.00293}}
{"target": -13.75851536796724, "params": {"gamma": 717.9097067080351, "log10_alpha": -0.26189589289047177, "log10_colsample_bytree": -0.6897499718482313, "log10_eta": -3.8371003618330715, "log10_lambda": -4.108954806474014, "log10_min_child_weight": 1.5060171973606218, "log10_subsample": -0.5315489476457235, "max_depth": 6.0, "num_boost_round": 5.0}, "datetime": {"datetime": "2024-01-19 00:57:45", "elapsed": 2764.78631, "delta": 0.002968}}
{"target": -13.758511230490528, "params": {"gamma": 717.9097067080351, "log10_alpha": -0.26189589289047177, "log10_colsample_bytree": -0.6897499718482313, "log10_eta": -3.8371003618330715, "log10_lambda": -4.108954806474014, "log10_min_child_weight": 1.5060171973606218, "log10_subsample": -0.5315489476457235, "max_depth": 6.0, "num_boost_round": 6.0}, "datetime": {"datetime": "2024-01-19 00:57:45", "elapsed": 2764.789262, "delta": 0.002952}}
{"target": -13.758507308100706, "params": {"gamma": 717.9097067080351, "log10_alpha": -0.26189589289047177, "log10_colsample_bytree": -0.6897499718482313, "log10_eta": -3.8371003618330715, "log10_lambda": -4.108954806474014, "log10_min_child_weight": 1.5060171973606218, "log10_subsample": -0.5315489476457235, "max_depth": 6.0, "num_boost_round": 7.0}, "datetime": {"datetime": "2024-01-19 00:57:45", "elapsed": 2764.792227, "delta": 0.002965}}
{"target": -13.758503636949794, "params": {"gamma": 717.9097067080351, "log10_alpha": -0.26189589289047177, "log10_colsample_bytree": -0.6897499718482313, "log10_eta": -3.8371003618330715, "log10_lambda": -4.108954806474014, "log10_min_child_weight": 1.5060171973606218, "log10_subsample": -0.5315489476457235, "max_depth": 6.0, "num_boost_round": 8.0}, "datetime": {"datetime": "2024-01-19 00:57:45", "elapsed": 2764.795198, "delta": 0.002971}}
{"target": -13.75850401690856, "params": {"gamma": 717.9097067080351, "log10_alpha": -0.26189589289047177, "log10_colsample_bytree": -0.6897499718482313, "log10_eta": -3.8371003618330715, "log10_lambda": -4.108954806474014, "log10_min_child_weight": 1.5060171973606218, "log10_subsample": -0.5315489476457235, "max_depth": 6.0, "num_boost_round": 9.0}, "datetime": {"datetime": "2024-01-19 00:57:45", "elapsed": 2764.798168, "delta": 0.00297}}
{"target": -13.758499664989069, "params": {"gamma": 717.9097067080351, "log10_alpha": -0.26189589289047177, "log10_colsample_bytree": -0.6897499718482313, "log10_eta": -3.8371003618330715, "log10_lambda": -4.108954806474014, "log10_min_child_weight": 1.5060171973606218, "log10_subsample": -0.5315489476457235, "max_depth": 6.0, "num_boost_round": 10.0}, "datetime": {"datetime": "2024-01-19 00:57:45", "elapsed": 2764.801177, "delta": 0.003009}}
{"target": -13.758497691424544, "params": {"gamma": 717.9097067080351, "log10_alpha": -0.26189589289047177, "log10_colsample_bytree": -0.6897499718482313, "log10_eta": -3.8371003618330715, "log10_lambda": -4.108954806474014, "log10_min_child_weight": 1.5060171973606218, "log10_subsample": -0.5315489476457235, "max_depth": 6.0, "num_boost_round": 11.0}, "datetime": {"datetime": "2024-01-19 00:57:45", "elapsed": 2764.804156, "delta": 0.002979}}
{"target": -13.758502860013678, "params": {"gamma": 717.9097067080351, "log10_alpha": -0.26189589289047177, "log10_colsample_bytree": -0.6897499718482313, "log10_eta": -3.8371003618330715, "log10_lambda": -4.108954806474014, "log10_min_child_weight": 1.5060171973606218, "log10_subsample": -0.5315489476457235, "max_depth": 6.0, "num_boost_round": 12.0}, "datetime": {"datetime": "2024-01-19 00:57:45", "elapsed": 2764.807128, "delta": 0.002972}}
{"target": -13.758500596193885, "params": {"gamma": 717.9097067080351, "log10_alpha": -0.26189589289047177, "log10_colsample_bytree": -0.6897499718482313, "log10_eta": -3.8371003618330715, "log10_lambda": -4.108954806474014, "log10_min_child_weight": 1.5060171973606218, "log10_subsample": -0.5315489476457235, "max_depth": 6.0, "num_boost_round": 13.0}, "datetime": {"datetime": "2024-01-19 00:57:45", "elapsed": 2764.810108, "delta": 0.00298}}
{"target": -13.758504033840433, "params": {"gamma": 717.9097067080351, "log10_alpha": -0.26189589289047177, "log10_colsample_bytree": -0.6897499718482313, "log10_eta": -3.8371003618330715, "log10_lambda": -4.108954806474014, "log10_min_child_weight": 1.5060171973606218, "log10_subsample": -0.5315489476457235, "max_depth": 6.0, "num_boost_round": 14.0}, "datetime": {"datetime": "2024-01-19 00:57:45", "elapsed": 2764.813094, "delta": 0.002986}}
{"target": -13.758501482192552, "params": {"gamma": 717.9097067080351, "log10_alpha": -0.26189589289047177, "log10_colsample_bytree": -0.6897499718482313, "log10_eta": -3.8371003618330715, "log10_lambda": -4.108954806474014, "log10_min_child_weight": 1.5060171973606218, "log10_subsample": -0.5315489476457235, "max_depth": 6.0, "num_boost_round": 15.0}, "datetime": {"datetime": "2024-01-19 00:57:45", "elapsed": 2764.816117, "delta": 0.003023}}
{"target": -13.758498667012743, "params": {"gamma": 717.9097067080351, "log10_alpha": -0.26189589289047177, "log10_colsample_bytree": -0.6897499718482313, "log10_eta": -3.8371003618330715, "log10_lambda": -4.108954806474014, "log10_min_child_weight": 1.5060171973606218, "log10_subsample": -0.5315489476457235, "max_depth": 6.0, "num_boost_round": 16.0}, "datetime": {"datetime": "2024-01-19 00:57:45", "elapsed": 2764.819046, "delta": 0.002929}}
{"target": -13.75848980883823, "params": {"gamma": 717.9097067080351, "log10_alpha": -0.26189589289047177, "log10_colsample_bytree": -0.6897499718482313, "log10_eta": -3.8371003618330715, "log10_lambda": -4.108954806474014, "log10_min_child_weight": 1.5060171973606218, "log10_subsample": -0.5315489476457235, "max_depth": 6.0, "num_boost_round": 17.0}, "datetime": {"datetime": "2024-01-19 00:57:45", "elapsed": 2764.821998, "delta": 0.002952}}
{"target": -13.7584900919788, "params": {"gamma": 717.9097067080351, "log10_alpha": -0.26189589289047177, "log10_colsample_bytree": -0.6897499718482313, "log10_eta": -3.8371003618330715, "log10_lambda": -4.108954806474014, "log10_min_child_weight": 1.5060171973606218, "log10_subsample": -0.5315489476457235, "max_depth": 6.0, "num_boost_round": 18.0}, "datetime": {"datetime": "2024-01-19 00:57:45", "elapsed": 2764.824947, "delta": 0.002949}}
{"target": -13.758488349594696, "params": {"gamma": 717.9097067080351, "log10_alpha": -0.26189589289047177, "log10_colsample_bytree": -0.6897499718482313, "log10_eta": -3.8371003618330715, "log10_lambda": -4.108954806474014, "log10_min_child_weight": 1.5060171973606218, "log10_subsample": -0.5315489476457235, "max_depth": 6.0, "num_boost_round": 19.0}, "datetime": {"datetime": "2024-01-19 00:57:45", "elapsed": 2764.827929, "delta": 0.002982}}
{"target": -13.758480038132983, "params": {"gamma": 717.9097067080351, "log10_alpha": -0.26189589289047177, "log10_colsample_bytree": -0.6897499718482313, "log10_eta": -3.8371003618330715, "log10_lambda": -4.108954806474014, "log10_min_child_weight": 1.5060171973606218, "log10_subsample": -0.5315489476457235, "max_depth": 6.0, "num_boost_round": 20.0}, "datetime": {"datetime": "2024-01-19 00:57:45", "elapsed": 2764.830918, "delta": 0.002989}}
{"target": -13.758472041610961, "params": {"gamma": 717.9097067080351, "log10_alpha": -0.26189589289047177, "log10_colsample_bytree": -0.6897499718482313, "log10_eta": -3.8371003618330715, "log10_lambda": -4.108954806474014, "log10_min_child_weight": 1.5060171973606218, "log10_subsample": -0.5315489476457235, "max_depth": 6.0, "num_boost_round": 21.0}, "datetime": {"datetime": "2024-01-19 00:57:45", "elapsed": 2764.833858, "delta": 0.00294}}
{"target": -13.758469909953861, "params": {"gamma": 717.9097067080351, "log10_alpha": -0.26189589289047177, "log10_colsample_bytree": -0.6897499718482313, "log10_eta": -3.8371003618330715, "log10_lambda": -4.108954806474014, "log10_min_child_weight": 1.5060171973606218, "log10_subsample": -0.5315489476457235, "max_depth": 6.0, "num_boost_round": 22.0}, "datetime": {"datetime": "2024-01-19 00:57:45", "elapsed": 2764.836807, "delta": 0.002949}}
{"target": -13.758466627147664, "params": {"gamma": 717.9097067080351, "log10_alpha": -0.26189589289047177, "log10_colsample_bytree": -0.6897499718482313, "log10_eta": -3.8371003618330715, "log10_lambda": -4.108954806474014, "log10_min_child_weight": 1.5060171973606218, "log10_subsample": -0.5315489476457235, "max_depth": 6.0, "num_boost_round": 23.0}, "datetime": {"datetime": "2024-01-19 00:57:45", "elapsed": 2764.839757, "delta": 0.00295}}
{"target": -13.758467144223964, "params": {"gamma": 717.9097067080351, "log10_alpha": -0.26189589289047177, "log10_colsample_bytree": -0.6897499718482313, "log10_eta": -3.8371003618330715, "log10_lambda": -4.108954806474014, "log10_min_child_weight": 1.5060171973606218, "log10_subsample": -0.5315489476457235, "max_depth": 6.0, "num_boost_round": 24.0}, "datetime": {"datetime": "2024-01-19 00:57:45", "elapsed": 2764.842656, "delta": 0.002899}}
{"target": -13.758464266181925, "params": {"gamma": 717.9097067080351, "log10_alpha": -0.26189589289047177, "log10_colsample_bytree": -0.6897499718482313, "log10_eta": -3.8371003618330715, "log10_lambda": -4.108954806474014, "log10_min_child_weight": 1.5060171973606218, "log10_subsample": -0.5315489476457235, "max_depth": 6.0, "num_boost_round": 25.0}, "datetime": {"datetime": "2024-01-19 00:57:45", "elapsed": 2764.845571, "delta": 0.002915}}
