{"target": -17.67720634962591, "params": {"gamma": 70.69879572919213, "log10_alpha": 0.0777127059547178, "log10_colsample_bytree": -0.34471268247680553, "log10_eta": -3.639608345822019, "log10_lambda": -1.3682622952934014, "log10_min_child_weight": 1.110303321038535, "log10_subsample": -0.2588529493057523, "max_depth": 2.0, "num_boost_round": 5.0}, "datetime": {"datetime": "2024-01-19 01:17:55", "elapsed": 3982.991941, "delta": 0.005515}}
{"target": -17.677198071046444, "params": {"gamma": 70.69879572919213, "log10_alpha": 0.0777127059547178, "log10_colsample_bytree": -0.34471268247680553, "log10_eta": -3.639608345822019, "log10_lambda": -1.3682622952934014, "log10_min_child_weight": 1.110303321038535, "log10_subsample": -0.2588529493057523, "max_depth": 2.0, "num_boost_round": 6.0}, "datetime": {"datetime": "2024-01-19 01:17:55", "elapsed": 3982.997225, "delta": 0.005284}}
{"target": -17.677190761456124, "params": {"gamma": 70.69879572919213, "log10_alpha": 0.0777127059547178, "log10_colsample_bytree": -0.34471268247680553, "log10_eta": -3.639608345822019, "log10_lambda": -1.3682622952934014, "log10_min_child_weight": 1.110303321038535, "log10_subsample": -0.2588529493057523, "max_depth": 2.0, "num_boost_round": 7.0}, "datetime": {"datetime": "2024-01-19 01:17:55", "elapsed": 3983.127344, "delta": 0.130119}}
{"target": -17.67718685208324, "params": {"gamma": 70.69879572919213, "log10_alpha": 0.0777127059547178, "log10_colsample_bytree": -0.34471268247680553, "log10_eta": -3.639608345822019, "log10_lambda": -1.3682622952934014, "log10_min_child_weight": 1.110303321038535, "log10_subsample": -0.2588529493057523, "max_depth": 2.0, "num_boost_round": 8.0}, "datetime": {"datetime": "2024-01-19 01:17:55", "elapsed": 3983.133254, "delta": 0.00591}}
{"target": -17.677183415119337, "params": {"gamma": 70.69879572919213, "log10_alpha": 0.0777127059547178, "log10_colsample_bytree": -0.34471268247680553, "log10_eta": -3.639608345822019, "log10_lambda": -1.3682622952934014, "log10_min_child_weight": 1.110303321038535, "log10_subsample": -0.2588529493057523, "max_depth": 2.0, "num_boost_round": 9.0}, "datetime": {"datetime": "2024-01-19 01:17:55", "elapsed": 3983.138664, "delta": 0.00541}}
{"target": -17.677176997965862, "params": {"gamma": 70.69879572919213, "log10_alpha": 0.0777127059547178, "log10_colsample_bytree": -0.34471268247680553, "log10_eta": -3.639608345822019, "log10_lambda": -1.3682622952934014, "log10_min_child_weight": 1.110303321038535, "log10_subsample": -0.2588529493057523, "max_depth": 2.0, "num_boost_round": 10.0}, "datetime": {"datetime": "2024-01-19 01:17:55", "elapsed": 3983.143926, "delta": 0.005262}}
{"target": -17.677172947142566, "params": {"gamma": 70.69879572919213, "log10_alpha": 0.0777127059547178, "log10_colsample_bytree": -0.34471268247680553, "log10_eta": -3.639608345822019, "log10_lambda": -1.3682622952934014, "log10_min_child_weight": 1.110303321038535, "log10_subsample": -0.2588529493057523, "max_depth": 2.0, "num_boost_round": 11.0}, "datetime": {"datetime": "2024-01-19 01:17:55", "elapsed": 3983.149424, "delta": 0.005498}}
{"target": -17.6771666905297, "params": {"gamma": 70.69879572919213, "log10_alpha": 0.0777127059547178, "log10_colsample_bytree": -0.34471268247680553, "log10_eta": -3.639608345822019, "log10_lambda": -1.3682622952934014, "log10_min_child_weight": 1.110303321038535, "log10_subsample": -0.2588529493057523, "max_depth": 2.0, "num_boost_round": 12.0}, "datetime": {"datetime": "2024-01-19 01:17:55", "elapsed": 3983.154752, "delta": 0.005328}}
{"target": -17.677160175029844, "params": {"gamma": 70.69879572919213, "log10_alpha": 0.0777127059547178, "log10_colsample_bytree": -0.34471268247680553, "log10_eta": -3.639608345822019, "log10_lambda": -1.3682622952934014, "log10_min_child_weight": 1.110303321038535, "log10_subsample": -0.2588529493057523, "max_depth": 2.0, "num_boost_round": 13.0}, "datetime": {"datetime": "2024-01-19 01:17:55", "elapsed": 3983.160084, "delta": 0.005332}}
{"target": -17.67715775544004, "params": {"gamma": 70.69879572919213, "log10_alpha": 0.0777127059547178, "log10_colsample_bytree": -0.34471268247680553, "log10_eta": -3.639608345822019, "log10_lambda": -1.3682622952934014, "log10_min_child_weight": 1.110303321038535, "log10_subsample": -0.2588529493057523, "max_depth": 2.0, "num_boost_round": 14.0}, "datetime": {"datetime": "2024-01-19 01:17:55", "elapsed": 3983.16519, "delta": 0.005106}}
{"target": -17.6771555544656, "params": {"gamma": 70.69879572919213, "log10_alpha": 0.0777127059547178, "log10_colsample_bytree": -0.34471268247680553, "log10_eta": -3.639608345822019, "log10_lambda": -1.3682622952934014, "log10_min_child_weight": 1.110303321038535, "log10_subsample": -0.2588529493057523, "max_depth": 2.0, "num_boost_round": 15.0}, "datetime": {"datetime": "2024-01-19 01:17:55", "elapsed": 3983.170349, "delta": 0.005159}}
{"target": -17.677150081569977, "params": {"gamma": 70.69879572919213, "log10_alpha": 0.0777127059547178, "log10_colsample_bytree": -0.34471268247680553, "log10_eta": -3.639608345822019, "log10_lambda": -1.3682622952934014, "log10_min_child_weight": 1.110303321038535, "log10_subsample": -0.2588529493057523, "max_depth": 2.0, "num_boost_round": 16.0}, "datetime": {"datetime": "2024-01-19 01:17:55", "elapsed": 3983.175604, "delta": 0.005255}}
{"target": -17.677144160235212, "params": {"gamma": 70.69879572919213, "log10_alpha": 0.0777127059547178, "log10_colsample_bytree": -0.34471268247680553, "log10_eta": -3.639608345822019, "log10_lambda": -1.3682622952934014, "log10_min_child_weight": 1.110303321038535, "log10_subsample": -0.2588529493057523, "max_depth": 2.0, "num_boost_round": 17.0}, "datetime": {"datetime": "2024-01-19 01:17:55", "elapsed": 3983.180871, "delta": 0.005267}}
{"target": -17.677140357437036, "params": {"gamma": 70.69879572919213, "log10_alpha": 0.0777127059547178, "log10_colsample_bytree": -0.34471268247680553, "log10_eta": -3.639608345822019, "log10_lambda": -1.3682622952934014, "log10_min_child_weight": 1.110303321038535, "log10_subsample": -0.2588529493057523, "max_depth": 2.0, "num_boost_round": 18.0}, "datetime": {"datetime": "2024-01-19 01:17:55", "elapsed": 3983.1872, "delta": 0.006329}}
{"target": -17.67713607761664, "params": {"gamma": 70.69879572919213, "log10_alpha": 0.0777127059547178, "log10_colsample_bytree": -0.34471268247680553, "log10_eta": -3.639608345822019, "log10_lambda": -1.3682622952934014, "log10_min_child_weight": 1.110303321038535, "log10_subsample": -0.2588529493057523, "max_depth": 2.0, "num_boost_round": 19.0}, "datetime": {"datetime": "2024-01-19 01:17:55", "elapsed": 3983.192586, "delta": 0.005386}}
{"target": -17.677132566896628, "params": {"gamma": 70.69879572919213, "log10_alpha": 0.0777127059547178, "log10_colsample_bytree": -0.34471268247680553, "log10_eta": -3.639608345822019, "log10_lambda": -1.3682622952934014, "log10_min_child_weight": 1.110303321038535, "log10_subsample": -0.2588529493057523, "max_depth": 2.0, "num_boost_round": 20.0}, "datetime": {"datetime": "2024-01-19 01:17:55", "elapsed": 3983.197721, "delta": 0.005135}}
{"target": -17.677125880415968, "params": {"gamma": 70.69879572919213, "log10_alpha": 0.0777127059547178, "log10_colsample_bytree": -0.34471268247680553, "log10_eta": -3.639608345822019, "log10_lambda": -1.3682622952934014, "log10_min_child_weight": 1.110303321038535, "log10_subsample": -0.2588529493057523, "max_depth": 2.0, "num_boost_round": 21.0}, "datetime": {"datetime": "2024-01-19 01:17:55", "elapsed": 3983.202925, "delta": 0.005204}}
{"target": -17.677120564384484, "params": {"gamma": 70.69879572919213, "log10_alpha": 0.0777127059547178, "log10_colsample_bytree": -0.34471268247680553, "log10_eta": -3.639608345822019, "log10_lambda": -1.3682622952934014, "log10_min_child_weight": 1.110303321038535, "log10_subsample": -0.2588529493057523, "max_depth": 2.0, "num_boost_round": 22.0}, "datetime": {"datetime": "2024-01-19 01:17:55", "elapsed": 3983.207926, "delta": 0.005001}}
{"target": -17.67711562457494, "params": {"gamma": 70.69879572919213, "log10_alpha": 0.0777127059547178, "log10_colsample_bytree": -0.34471268247680553, "log10_eta": -3.639608345822019, "log10_lambda": -1.3682622952934014, "log10_min_child_weight": 1.110303321038535, "log10_subsample": -0.2588529493057523, "max_depth": 2.0, "num_boost_round": 23.0}, "datetime": {"datetime": "2024-01-19 01:17:55", "elapsed": 3983.212784, "delta": 0.004858}}
{"target": -17.677111990584443, "params": {"gamma": 70.69879572919213, "log10_alpha": 0.0777127059547178, "log10_colsample_bytree": -0.34471268247680553, "log10_eta": -3.639608345822019, "log10_lambda": -1.3682622952934014, "log10_min_child_weight": 1.110303321038535, "log10_subsample": -0.2588529493057523, "max_depth": 2.0, "num_boost_round": 24.0}, "datetime": {"datetime": "2024-01-19 01:17:55", "elapsed": 3983.217572, "delta": 0.004788}}
{"target": -17.677104747233823, "params": {"gamma": 70.69879572919213, "log10_alpha": 0.0777127059547178, "log10_colsample_bytree": -0.34471268247680553, "log10_eta": -3.639608345822019, "log10_lambda": -1.3682622952934014, "log10_min_child_weight": 1.110303321038535, "log10_subsample": -0.2588529493057523, "max_depth": 2.0, "num_boost_round": 25.0}, "datetime": {"datetime": "2024-01-19 01:17:55", "elapsed": 3983.222669, "delta": 0.005097}}
{"target": -17.677102704733933, "params": {"gamma": 70.69879572919213, "log10_alpha": 0.0777127059547178, "log10_colsample_bytree": -0.34471268247680553, "log10_eta": -3.639608345822019, "log10_lambda": -1.3682622952934014, "log10_min_child_weight": 1.110303321038535, "log10_subsample": -0.2588529493057523, "max_depth": 2.0, "num_boost_round": 26.0}, "datetime": {"datetime": "2024-01-19 01:17:55", "elapsed": 3983.227862, "delta": 0.005193}}
{"target": -17.677097313632434, "params": {"gamma": 70.69879572919213, "log10_alpha": 0.0777127059547178, "log10_colsample_bytree": -0.34471268247680553, "log10_eta": -3.639608345822019, "log10_lambda": -1.3682622952934014, "log10_min_child_weight": 1.110303321038535, "log10_subsample": -0.2588529493057523, "max_depth": 2.0, "num_boost_round": 27.0}, "datetime": {"datetime": "2024-01-19 01:17:55", "elapsed": 3983.233074, "delta": 0.005212}}
{"target": -17.677090220557083, "params": {"gamma": 70.69879572919213, "log10_alpha": 0.0777127059547178, "log10_colsample_bytree": -0.34471268247680553, "log10_eta": -3.639608345822019, "log10_lambda": -1.3682622952934014, "log10_min_child_weight": 1.110303321038535, "log10_subsample": -0.2588529493057523, "max_depth": 2.0, "num_boost_round": 28.0}, "datetime": {"datetime": "2024-01-19 01:17:55", "elapsed": 3983.238397, "delta": 0.005323}}
{"target": -17.67708485006947, "params": {"gamma": 70.69879572919213, "log10_alpha": 0.0777127059547178, "log10_colsample_bytree": -0.34471268247680553, "log10_eta": -3.639608345822019, "log10_lambda": -1.3682622952934014, "log10_min_child_weight": 1.110303321038535, "log10_subsample": -0.2588529493057523, "max_depth": 2.0, "num_boost_round": 29.0}, "datetime": {"datetime": "2024-01-19 01:17:55", "elapsed": 3983.243758, "delta": 0.005361}}
{"target": -17.677080043058748, "params": {"gamma": 70.69879572919213, "log10_alpha": 0.0777127059547178, "log10_colsample_bytree": -0.34471268247680553, "log10_eta": -3.639608345822019, "log10_lambda": -1.3682622952934014, "log10_min_child_weight": 1.110303321038535, "log10_subsample": -0.2588529493057523, "max_depth": 2.0, "num_boost_round": 30.0}, "datetime": {"datetime": "2024-01-19 01:17:55", "elapsed": 3983.249006, "delta": 0.005248}}
{"target": -17.677074787289975, "params": {"gamma": 70.69879572919213, "log10_alpha": 0.0777127059547178, "log10_colsample_bytree": -0.34471268247680553, "log10_eta": -3.639608345822019, "log10_lambda": -1.3682622952934014, "log10_min_child_weight": 1.110303321038535, "log10_subsample": -0.2588529493057523, "max_depth": 2.0, "num_boost_round": 31.0}, "datetime": {"datetime": "2024-01-19 01:17:55", "elapsed": 3983.254256, "delta": 0.00525}}
{"target": -17.677071077202918, "params": {"gamma": 70.69879572919213, "log10_alpha": 0.0777127059547178, "log10_colsample_bytree": -0.34471268247680553, "log10_eta": -3.639608345822019, "log10_lambda": -1.3682622952934014, "log10_min_child_weight": 1.110303321038535, "log10_subsample": -0.2588529493057523, "max_depth": 2.0, "num_boost_round": 32.0}, "datetime": {"datetime": "2024-01-19 01:17:55", "elapsed": 3983.259565, "delta": 0.005309}}
{"target": -17.677232919973118, "params": {"gamma": 81.09395651182315, "log10_alpha": 0.4764932152959012, "log10_colsample_bytree": -1.0, "log10_eta": -4.0, "log10_lambda": 1.0, "log10_min_child_weight": 4.273499315244462, "log10_subsample": -0.5895729744925009, "max_depth": 2.0, "num_boost_round": 0.0}, "datetime": {"datetime": "2024-01-19 01:19:13", "elapsed": 4060.762841, "delta": 77.503276}}
{"target": -17.67723253695708, "params": {"gamma": 81.09395651182315, "log10_alpha": 0.4764932152959012, "log10_colsample_bytree": -1.0, "log10_eta": -4.0, "log10_lambda": 1.0, "log10_min_child_weight": 4.273499315244462, "log10_subsample": -0.5895729744925009, "max_depth": 2.0, "num_boost_round": 1.0}, "datetime": {"datetime": "2024-01-19 01:19:13", "elapsed": 4060.768578, "delta": 0.005737}}
{"target": -17.677232236871863, "params": {"gamma": 81.09395651182315, "log10_alpha": 0.4764932152959012, "log10_colsample_bytree": -1.0, "log10_eta": -4.0, "log10_lambda": 1.0, "log10_min_child_weight": 4.273499315244462, "log10_subsample": -0.5895729744925009, "max_depth": 2.0, "num_boost_round": 2.0}, "datetime": {"datetime": "2024-01-19 01:19:13", "elapsed": 4060.77384, "delta": 0.005262}}
{"target": -17.677231592334707, "params": {"gamma": 81.09395651182315, "log10_alpha": 0.4764932152959012, "log10_colsample_bytree": -1.0, "log10_eta": -4.0, "log10_lambda": 1.0, "log10_min_child_weight": 4.273499315244462, "log10_subsample": -0.5895729744925009, "max_depth": 2.0, "num_boost_round": 3.0}, "datetime": {"datetime": "2024-01-19 01:19:13", "elapsed": 4060.779263, "delta": 0.005423}}
{"target": -17.67723138996999, "params": {"gamma": 81.09395651182315, "log10_alpha": 0.4764932152959012, "log10_colsample_bytree": -1.0, "log10_eta": -4.0, "log10_lambda": 1.0, "log10_min_child_weight": 4.273499315244462, "log10_subsample": -0.5895729744925009, "max_depth": 2.0, "num_boost_round": 4.0}, "datetime": {"datetime": "2024-01-19 01:19:13", "elapsed": 4060.784523, "delta": 0.00526}}
{"target": -17.677230674391936, "params": {"gamma": 81.09395651182315, "log10_alpha": 0.4764932152959012, "log10_colsample_bytree": -1.0, "log10_eta": -4.0, "log10_lambda": 1.0, "log10_min_child_weight": 4.273499315244462, "log10_subsample": -0.5895729744925009, "max_depth": 2.0, "num_boost_round": 5.0}, "datetime": {"datetime": "2024-01-19 01:19:13", "elapsed": 4060.789983, "delta": 0.00546}}
{"target": -17.677230584360366, "params": {"gamma": 81.09395651182315, "log10_alpha": 0.4764932152959012, "log10_colsample_bytree": -1.0, "log10_eta": -4.0, "log10_lambda": 1.0, "log10_min_child_weight": 4.273499315244462, "log10_subsample": -0.5895729744925009, "max_depth": 2.0, "num_boost_round": 6.0}, "datetime": {"datetime": "2024-01-19 01:19:13", "elapsed": 4060.795089, "delta": 0.005106}}
{"target": -17.6772297955534, "params": {"gamma": 81.09395651182315, "log10_alpha": 0.4764932152959012, "log10_colsample_bytree": -1.0, "log10_eta": -4.0, "log10_lambda": 1.0, "log10_min_child_weight": 4.273499315244462, "log10_subsample": -0.5895729744925009, "max_depth": 2.0, "num_boost_round": 7.0}, "datetime": {"datetime": "2024-01-19 01:19:13", "elapsed": 4060.800304, "delta": 0.005215}}
{"target": -17.677230615059294, "params": {"gamma": 81.09395651182315, "log10_alpha": 0.4764932152959012, "log10_colsample_bytree": -1.0, "log10_eta": -4.0, "log10_lambda": 1.0, "log10_min_child_weight": 4.273499315244462, "log10_subsample": -0.5895729744925009, "max_depth": 2.0, "num_boost_round": 8.0}, "datetime": {"datetime": "2024-01-19 01:19:13", "elapsed": 4060.805433, "delta": 0.005129}}
{"target": -17.677230847312778, "params": {"gamma": 81.09395651182315, "log10_alpha": 0.4764932152959012, "log10_colsample_bytree": -1.0, "log10_eta": -4.0, "log10_lambda": 1.0, "log10_min_child_weight": 4.273499315244462, "log10_subsample": -0.5895729744925009, "max_depth": 2.0, "num_boost_round": 9.0}, "datetime": {"datetime": "2024-01-19 01:19:13", "elapsed": 4060.810946, "delta": 0.005513}}
{"target": -17.677230794352226, "params": {"gamma": 81.09395651182315, "log10_alpha": 0.4764932152959012, "log10_colsample_bytree": -1.0, "log10_eta": -4.0, "log10_lambda": 1.0, "log10_min_child_weight": 4.273499315244462, "log10_subsample": -0.5895729744925009, "max_depth": 2.0, "num_boost_round": 10.0}, "datetime": {"datetime": "2024-01-19 01:19:13", "elapsed": 4060.816156, "delta": 0.00521}}
{"target": -17.677229956836133, "params": {"gamma": 81.09395651182315, "log10_alpha": 0.4764932152959012, "log10_colsample_bytree": -1.0, "log10_eta": -4.0, "log10_lambda": 1.0, "log10_min_child_weight": 4.273499315244462, "log10_subsample": -0.5895729744925009, "max_depth": 2.0, "num_boost_round": 11.0}, "datetime": {"datetime": "2024-01-19 01:19:13", "elapsed": 4060.82138, "delta": 0.005224}}
{"target": -17.677228895529247, "params": {"gamma": 81.09395651182315, "log10_alpha": 0.4764932152959012, "log10_colsample_bytree": -1.0, "log10_eta": -4.0, "log10_lambda": 1.0, "log10_min_child_weight": 4.273499315244462, "log10_subsample": -0.5895729744925009, "max_depth": 2.0, "num_boost_round": 12.0}, "datetime": {"datetime": "2024-01-19 01:19:13", "elapsed": 4060.826597, "delta": 0.005217}}
{"target": -17.67722768827515, "params": {"gamma": 81.09395651182315, "log10_alpha": 0.4764932152959012, "log10_colsample_bytree": -1.0, "log10_eta": -4.0, "log10_lambda": 1.0, "log10_min_child_weight": 4.273499315244462, "log10_subsample": -0.5895729744925009, "max_depth": 2.0, "num_boost_round": 13.0}, "datetime": {"datetime": "2024-01-19 01:19:13", "elapsed": 4060.832336, "delta": 0.005739}}
{"target": -17.677227145934587, "params": {"gamma": 81.09395651182315, "log10_alpha": 0.4764932152959012, "log10_colsample_bytree": -1.0, "log10_eta": -4.0, "log10_lambda": 1.0, "log10_min_child_weight": 4.273499315244462, "log10_subsample": -0.5895729744925009, "max_depth": 2.0, "num_boost_round": 14.0}, "datetime": {"datetime": "2024-01-19 01:19:13", "elapsed": 4060.837653, "delta": 0.005317}}
{"target": -17.677225645605667, "params": {"gamma": 81.09395651182315, "log10_alpha": 0.4764932152959012, "log10_colsample_bytree": -1.0, "log10_eta": -4.0, "log10_lambda": 1.0, "log10_min_child_weight": 4.273499315244462, "log10_subsample": -0.5895729744925009, "max_depth": 2.0, "num_boost_round": 15.0}, "datetime": {"datetime": "2024-01-19 01:19:13", "elapsed": 4060.842774, "delta": 0.005121}}
{"target": -17.67722616276822, "params": {"gamma": 81.09395651182315, "log10_alpha": 0.4764932152959012, "log10_colsample_bytree": -1.0, "log10_eta": -4.0, "log10_lambda": 1.0, "log10_min_child_weight": 4.273499315244462, "log10_subsample": -0.5895729744925009, "max_depth": 2.0, "num_boost_round": 16.0}, "datetime": {"datetime": "2024-01-19 01:19:13", "elapsed": 4060.847854, "delta": 0.00508}}
{"target": -17.677226524716403, "params": {"gamma": 81.09395651182315, "log10_alpha": 0.4764932152959012, "log10_colsample_bytree": -1.0, "log10_eta": -4.0, "log10_lambda": 1.0, "log10_min_child_weight": 4.273499315244462, "log10_subsample": -0.5895729744925009, "max_depth": 2.0, "num_boost_round": 17.0}, "datetime": {"datetime": "2024-01-19 01:19:13", "elapsed": 4060.853218, "delta": 0.005364}}
{"target": -17.677225923958023, "params": {"gamma": 81.09395651182315, "log10_alpha": 0.4764932152959012, "log10_colsample_bytree": -1.0, "log10_eta": -4.0, "log10_lambda": 1.0, "log10_min_child_weight": 4.273499315244462, "log10_subsample": -0.5895729744925009, "max_depth": 2.0, "num_boost_round": 18.0}, "datetime": {"datetime": "2024-01-19 01:19:13", "elapsed": 4060.858475, "delta": 0.005257}}
{"target": -17.677224421794573, "params": {"gamma": 81.09395651182315, "log10_alpha": 0.4764932152959012, "log10_colsample_bytree": -1.0, "log10_eta": -4.0, "log10_lambda": 1.0, "log10_min_child_weight": 4.273499315244462, "log10_subsample": -0.5895729744925009, "max_depth": 2.0, "num_boost_round": 19.0}, "datetime": {"datetime": "2024-01-19 01:19:13", "elapsed": 4060.863779, "delta": 0.005304}}
{"target": -17.677224399619366, "params": {"gamma": 81.09395651182315, "log10_alpha": 0.4764932152959012, "log10_colsample_bytree": -1.0, "log10_eta": -4.0, "log10_lambda": 1.0, "log10_min_child_weight": 4.273499315244462, "log10_subsample": -0.5895729744925009, "max_depth": 2.0, "num_boost_round": 20.0}, "datetime": {"datetime": "2024-01-19 01:19:13", "elapsed": 4060.869109, "delta": 0.00533}}
{"target": -17.677223347330077, "params": {"gamma": 81.09395651182315, "log10_alpha": 0.4764932152959012, "log10_colsample_bytree": -1.0, "log10_eta": -4.0, "log10_lambda": 1.0, "log10_min_child_weight": 4.273499315244462, "log10_subsample": -0.5895729744925009, "max_depth": 2.0, "num_boost_round": 21.0}, "datetime": {"datetime": "2024-01-19 01:19:13", "elapsed": 4060.874499, "delta": 0.00539}}
{"target": -17.67722337226192, "params": {"gamma": 81.09395651182315, "log10_alpha": 0.4764932152959012, "log10_colsample_bytree": -1.0, "log10_eta": -4.0, "log10_lambda": 1.0, "log10_min_child_weight": 4.273499315244462, "log10_subsample": -0.5895729744925009, "max_depth": 2.0, "num_boost_round": 22.0}, "datetime": {"datetime": "2024-01-19 01:19:13", "elapsed": 4060.880081, "delta": 0.005582}}
{"target": -17.67722188442028, "params": {"gamma": 81.09395651182315, "log10_alpha": 0.4764932152959012, "log10_colsample_bytree": -1.0, "log10_eta": -4.0, "log10_lambda": 1.0, "log10_min_child_weight": 4.273499315244462, "log10_subsample": -0.5895729744925009, "max_depth": 2.0, "num_boost_round": 23.0}, "datetime": {"datetime": "2024-01-19 01:19:13", "elapsed": 4060.885415, "delta": 0.005334}}
