{"target": -13.758529209625085, "params": {"gamma": 7.845125047290069, "log10_alpha": -4.338239182715058, "log10_colsample_bytree": -0.21794336175300266, "log10_eta": -3.8601620255517193, "log10_lambda": -1.9978189273203073, "log10_min_child_weight": 3.7334392258156077, "log10_subsample": -0.868481062901167, "max_depth": 5.0, "num_boost_round": 15.0}, "datetime": {"datetime": "2024-01-19 00:23:12", "elapsed": 700.532693, "delta": 0.001024}}
{"target": -13.758527878147126, "params": {"gamma": 7.845125047290069, "log10_alpha": -4.338239182715058, "log10_colsample_bytree": -0.21794336175300266, "log10_eta": -3.8601620255517193, "log10_lambda": -1.9978189273203073, "log10_min_child_weight": 3.7334392258156077, "log10_subsample": -0.868481062901167, "max_depth": 5.0, "num_boost_round": 16.0}, "datetime": {"datetime": "2024-01-19 00:23:12", "elapsed": 700.533699, "delta": 0.001006}}
{"target": -13.758526767929041, "params": {"gamma": 7.845125047290069, "log10_alpha": -4.338239182715058, "log10_colsample_bytree": -0.21794336175300266, "log10_eta": -3.8601620255517193, "log10_lambda": -1.9978189273203073, "log10_min_child_weight": 3.7334392258156077, "log10_subsample": -0.868481062901167, "max_depth": 5.0, "num_boost_round": 17.0}, "datetime": {"datetime": "2024-01-19 00:23:12", "elapsed": 700.538833, "delta": 0.005134}}
{"target": -13.758525711433633, "params": {"gamma": 23.91553539934521, "log10_alpha": -4.588729782389725, "log10_colsample_bytree": -0.8964109661766921, "log10_eta": -2.8859175307329266, "log10_lambda": -2.733250440508244, "log10_min_child_weight": 3.7056988753290288, "log10_subsample": -0.2685805536585707, "max_depth": 8.0, "num_boost_round": 0.0}, "datetime": {"datetime": "2024-01-19 00:23:32", "elapsed": 720.538856, "delta": 20.000023}}
{"target": -13.758508888615685, "params": {"gamma": 23.91553539934521, "log10_alpha": -4.588729782389725, "log10_colsample_bytree": -0.8964109661766921, "log10_eta": -2.8859175307329266, "log10_lambda": -2.733250440508244, "log10_min_child_weight": 3.7056988753290288, "log10_subsample": -0.2685805536585707, "max_depth": 8.0, "num_boost_round": 1.0}, "datetime": {"datetime": "2024-01-19 00:23:32", "elapsed": 720.54049, "delta": 0.001634}}
{"target": -13.758484903840783, "params": {"gamma": 23.91553539934521, "log10_alpha": -4.588729782389725, "log10_colsample_bytree": -0.8964109661766921, "log10_eta": -2.8859175307329266, "log10_lambda": -2.733250440508244, "log10_min_child_weight": 3.7056988753290288, "log10_subsample": -0.2685805536585707, "max_depth": 8.0, "num_boost_round": 2.0}, "datetime": {"datetime": "2024-01-19 00:23:32", "elapsed": 720.541548, "delta": 0.001058}}
{"target": -13.758484080016464, "params": {"gamma": 23.91553539934521, "log10_alpha": -4.588729782389725, "log10_colsample_bytree": -0.8964109661766921, "log10_eta": -2.8859175307329266, "log10_lambda": -2.733250440508244, "log10_min_child_weight": 3.7056988753290288, "log10_subsample": -0.2685805536585707, "max_depth": 8.0, "num_boost_round": 3.0}, "datetime": {"datetime": "2024-01-19 00:23:32", "elapsed": 720.54257, "delta": 0.001022}}
{"target": -13.758473449408259, "params": {"gamma": 23.91553539934521, "log10_alpha": -4.588729782389725, "log10_colsample_bytree": -0.8964109661766921, "log10_eta": -2.8859175307329266, "log10_lambda": -2.733250440508244, "log10_min_child_weight": 3.7056988753290288, "log10_subsample": -0.2685805536585707, "max_depth": 8.0, "num_boost_round": 4.0}, "datetime": {"datetime": "2024-01-19 00:23:32", "elapsed": 720.543703, "delta": 0.001133}}
{"target": -13.758442447045416, "params": {"gamma": 23.91553539934521, "log10_alpha": -4.588729782389725, "log10_colsample_bytree": -0.8964109661766921, "log10_eta": -2.8859175307329266, "log10_lambda": -2.733250440508244, "log10_min_child_weight": 3.7056988753290288, "log10_subsample": -0.2685805536585707, "max_depth": 8.0, "num_boost_round": 5.0}, "datetime": {"datetime": "2024-01-19 00:23:32", "elapsed": 720.544721, "delta": 0.001018}}
{"target": -13.758457667790267, "params": {"gamma": 23.91553539934521, "log10_alpha": -4.588729782389725, "log10_colsample_bytree": -0.8964109661766921, "log10_eta": -2.8859175307329266, "log10_lambda": -2.733250440508244, "log10_min_child_weight": 3.7056988753290288, "log10_subsample": -0.2685805536585707, "max_depth": 8.0, "num_boost_round": 6.0}, "datetime": {"datetime": "2024-01-19 00:23:32", "elapsed": 720.545973, "delta": 0.001252}}
{"target": -13.758432678247113, "params": {"gamma": 23.91553539934521, "log10_alpha": -4.588729782389725, "log10_colsample_bytree": -0.8964109661766921, "log10_eta": -2.8859175307329266, "log10_lambda": -2.733250440508244, "log10_min_child_weight": 3.7056988753290288, "log10_subsample": -0.2685805536585707, "max_depth": 8.0, "num_boost_round": 7.0}, "datetime": {"datetime": "2024-01-19 00:23:32", "elapsed": 720.547002, "delta": 0.001029}}
{"target": -13.75839621305505, "params": {"gamma": 23.91553539934521, "log10_alpha": -4.588729782389725, "log10_colsample_bytree": -0.8964109661766921, "log10_eta": -2.8859175307329266, "log10_lambda": -2.733250440508244, "log10_min_child_weight": 3.7056988753290288, "log10_subsample": -0.2685805536585707, "max_depth": 8.0, "num_boost_round": 8.0}, "datetime": {"datetime": "2024-01-19 00:23:32", "elapsed": 720.54814, "delta": 0.001138}}
{"target": -13.758400937199847, "params": {"gamma": 23.91553539934521, "log10_alpha": -4.588729782389725, "log10_colsample_bytree": -0.8964109661766921, "log10_eta": -2.8859175307329266, "log10_lambda": -2.733250440508244, "log10_min_child_weight": 3.7056988753290288, "log10_subsample": -0.2685805536585707, "max_depth": 8.0, "num_boost_round": 9.0}, "datetime": {"datetime": "2024-01-19 00:23:32", "elapsed": 720.549272, "delta": 0.001132}}
{"target": -13.758387180345258, "params": {"gamma": 23.91553539934521, "log10_alpha": -4.588729782389725, "log10_colsample_bytree": -0.8964109661766921, "log10_eta": -2.8859175307329266, "log10_lambda": -2.733250440508244, "log10_min_child_weight": 3.7056988753290288, "log10_subsample": -0.2685805536585707, "max_depth": 8.0, "num_boost_round": 10.0}, "datetime": {"datetime": "2024-01-19 00:23:32", "elapsed": 720.550304, "delta": 0.001032}}
{"target": -13.758363177544487, "params": {"gamma": 23.91553539934521, "log10_alpha": -4.588729782389725, "log10_colsample_bytree": -0.8964109661766921, "log10_eta": -2.8859175307329266, "log10_lambda": -2.733250440508244, "log10_min_child_weight": 3.7056988753290288, "log10_subsample": -0.2685805536585707, "max_depth": 8.0, "num_boost_round": 11.0}, "datetime": {"datetime": "2024-01-19 00:23:32", "elapsed": 720.551344, "delta": 0.00104}}
{"target": -13.758532382603097, "params": {"gamma": 4.955591697884287, "log10_alpha": -3.935944044675832, "log10_colsample_bytree": -0.508237933160224, "log10_eta": -3.0667265701737274, "log10_lambda": 0.23414877626451247, "log10_min_child_weight": 2.144492425805959, "log10_subsample": -0.3308689525476799, "max_depth": 2.0, "num_boost_round": 0.0}, "datetime": {"datetime": "2024-01-19 00:23:51", "elapsed": 740.015011, "delta": 19.463667}}
{"target": -13.75852689648735, "params": {"gamma": 4.955591697884287, "log10_alpha": -3.935944044675832, "log10_colsample_bytree": -0.508237933160224, "log10_eta": -3.0667265701737274, "log10_lambda": 0.23414877626451247, "log10_min_child_weight": 2.144492425805959, "log10_subsample": -0.3308689525476799, "max_depth": 2.0, "num_boost_round": 1.0}, "datetime": {"datetime": "2024-01-19 00:23:51", "elapsed": 740.016353, "delta": 0.001342}}
{"target": -13.758525801670885, "params": {"gamma": 4.955591697884287, "log10_alpha": -3.935944044675832, "log10_colsample_bytree": -0.508237933160224, "log10_eta": -3.0667265701737274, "log10_lambda": 0.23414877626451247, "log10_min_child_weight": 2.144492425805959, "log10_subsample": -0.3308689525476799, "max_depth": 2.0, "num_boost_round": 2.0}, "datetime": {"datetime": "2024-01-19 00:23:51", "elapsed": 740.017978, "delta": 0.001625}}
{"target": -13.758526334996354, "params": {"gamma": 4.955591697884287, "log10_alpha": -3.935944044675832, "log10_colsample_bytree": -0.508237933160224, "log10_eta": -3.0667265701737274, "log10_lambda": 0.23414877626451247, "log10_min_child_weight": 2.144492425805959, "log10_subsample": -0.3308689525476799, "max_depth": 2.0, "num_boost_round": 3.0}, "datetime": {"datetime": "2024-01-19 00:23:51", "elapsed": 740.01933, "delta": 0.001352}}
{"target": -13.758518251826455, "params": {"gamma": 4.955591697884287, "log10_alpha": -3.935944044675832, "log10_colsample_bytree": -0.508237933160224, "log10_eta": -3.0667265701737274, "log10_lambda": 0.23414877626451247, "log10_min_child_weight": 2.144492425805959, "log10_subsample": -0.3308689525476799, "max_depth": 2.0, "num_boost_round": 4.0}, "datetime": {"datetime": "2024-01-19 00:23:51", "elapsed": 740.020486, "delta": 0.001156}}
{"target": -13.758512265160261, "params": {"gamma": 4.955591697884287, "log10_alpha": -3.935944044675832, "log10_colsample_bytree": -0.508237933160224, "log10_eta": -3.0667265701737274, "log10_lambda": 0.23414877626451247, "log10_min_child_weight": 2.144492425805959, "log10_subsample": -0.3308689525476799, "max_depth": 2.0, "num_boost_round": 5.0}, "datetime": {"datetime": "2024-01-19 00:23:51", "elapsed": 740.021524, "delta": 0.001038}}
{"target": -13.758510450602278, "params": {"gamma": 4.955591697884287, "log10_alpha": -3.935944044675832, "log10_colsample_bytree": -0.508237933160224, "log10_eta": -3.0667265701737274, "log10_lambda": 0.23414877626451247, "log10_min_child_weight": 2.144492425805959, "log10_subsample": -0.3308689525476799, "max_depth": 2.0, "num_boost_round": 6.0}, "datetime": {"datetime": "2024-01-19 00:23:51", "elapsed": 740.022549, "delta": 0.001025}}
{"target": -13.758504804155223, "params": {"gamma": 4.955591697884287, "log10_alpha": -3.935944044675832, "log10_colsample_bytree": -0.508237933160224, "log10_eta": -3.0667265701737274, "log10_lambda": 0.23414877626451247, "log10_min_child_weight": 2.144492425805959, "log10_subsample": -0.3308689525476799, "max_depth": 2.0, "num_boost_round": 7.0}, "datetime": {"datetime": "2024-01-19 00:23:51", "elapsed": 740.0236, "delta": 0.001051}}
{"target": -13.758492665550664, "params": {"gamma": 4.955591697884287, "log10_alpha": -3.935944044675832, "log10_colsample_bytree": -0.508237933160224, "log10_eta": -3.0667265701737274, "log10_lambda": 0.23414877626451247, "log10_min_child_weight": 2.144492425805959, "log10_subsample": -0.3308689525476799, "max_depth": 2.0, "num_boost_round": 8.0}, "datetime": {"datetime": "2024-01-19 00:23:51", "elapsed": 740.024671, "delta": 0.001071}}
{"target": -13.758480997062877, "params": {"gamma": 4.955591697884287, "log10_alpha": -3.935944044675832, "log10_colsample_bytree": -0.508237933160224, "log10_eta": -3.0667265701737274, "log10_lambda": 0.23414877626451247, "log10_min_child_weight": 2.144492425805959, "log10_subsample": -0.3308689525476799, "max_depth": 2.0, "num_boost_round": 9.0}, "datetime": {"datetime": "2024-01-19 00:23:51", "elapsed": 740.025696, "delta": 0.001025}}
{"target": -13.758473537679814, "params": {"gamma": 4.955591697884287, "log10_alpha": -3.935944044675832, "log10_colsample_bytree": -0.508237933160224, "log10_eta": -3.0667265701737274, "log10_lambda": 0.23414877626451247, "log10_min_child_weight": 2.144492425805959, "log10_subsample": -0.3308689525476799, "max_depth": 2.0, "num_boost_round": 10.0}, "datetime": {"datetime": "2024-01-19 00:23:51", "elapsed": 740.026719, "delta": 0.001023}}
{"target": -13.758461551106725, "params": {"gamma": 4.955591697884287, "log10_alpha": -3.935944044675832, "log10_colsample_bytree": -0.508237933160224, "log10_eta": -3.0667265701737274, "log10_lambda": 0.23414877626451247, "log10_min_child_weight": 2.144492425805959, "log10_subsample": -0.3308689525476799, "max_depth": 2.0, "num_boost_round": 11.0}, "datetime": {"datetime": "2024-01-19 00:23:51", "elapsed": 740.027799, "delta": 0.00108}}
{"target": -13.758454724699094, "params": {"gamma": 4.955591697884287, "log10_alpha": -3.935944044675832, "log10_colsample_bytree": -0.508237933160224, "log10_eta": -3.0667265701737274, "log10_lambda": 0.23414877626451247, "log10_min_child_weight": 2.144492425805959, "log10_subsample": -0.3308689525476799, "max_depth": 2.0, "num_boost_round": 12.0}, "datetime": {"datetime": "2024-01-19 00:23:51", "elapsed": 740.028957, "delta": 0.001158}}
{"target": -13.758446683869767, "params": {"gamma": 4.955591697884287, "log10_alpha": -3.935944044675832, "log10_colsample_bytree": -0.508237933160224, "log10_eta": -3.0667265701737274, "log10_lambda": 0.23414877626451247, "log10_min_child_weight": 2.144492425805959, "log10_subsample": -0.3308689525476799, "max_depth": 2.0, "num_boost_round": 13.0}, "datetime": {"datetime": "2024-01-19 00:23:51", "elapsed": 740.030129, "delta": 0.001172}}
{"target": -13.758444020365223, "params": {"gamma": 4.955591697884287, "log10_alpha": -3.935944044675832, "log10_colsample_bytree": -0.508237933160224, "log10_eta": -3.0667265701737274, "log10_lambda": 0.23414877626451247, "log10_min_child_weight": 2.144492425805959, "log10_subsample": -0.3308689525476799, "max_depth": 2.0, "num_boost_round": 14.0}, "datetime": {"datetime": "2024-01-19 00:23:51", "elapsed": 740.031153, "delta": 0.001024}}
{"target": -13.758430059602127, "params": {"gamma": 4.955591697884287, "log10_alpha": -3.935944044675832, "log10_colsample_bytree": -0.508237933160224, "log10_eta": -3.0667265701737274, "log10_lambda": 0.23414877626451247, "log10_min_child_weight": 2.144492425805959, "log10_subsample": -0.3308689525476799, "max_depth": 2.0, "num_boost_round": 15.0}, "datetime": {"datetime": "2024-01-19 00:23:51", "elapsed": 740.03226, "delta": 0.001107}}
{"target": -13.758542455107937, "params": {"gamma": 10.439911497455157, "log10_alpha": -0.6726363357850813, "log10_colsample_bytree": -0.24118852287402437, "log10_eta": -3.8810559617528573, "log10_lambda": -4.706830688089195, "log10_min_child_weight": 0.7014146089143525, "log10_subsample": -0.816334643301224, "max_depth": 9.0, "num_boost_round": 0.0}, "datetime": {"datetime": "2024-01-19 00:24:16", "elapsed": 765.036828, "delta": 25.004568}}
{"target": -13.758530917863453, "params": {"gamma": 10.439911497455157, "log10_alpha": -0.6726363357850813, "log10_colsample_bytree": -0.24118852287402437, "log10_eta": -3.8810559617528573, "log10_lambda": -4.706830688089195, "log10_min_child_weight": 0.7014146089143525, "log10_subsample": -0.816334643301224, "max_depth": 9.0, "num_boost_round": 1.0}, "datetime": {"datetime": "2024-01-19 00:24:16", "elapsed": 765.038365, "delta": 0.001537}}
{"target": -13.758517087891383, "params": {"gamma": 10.439911497455157, "log10_alpha": -0.6726363357850813, "log10_colsample_bytree": -0.24118852287402437, "log10_eta": -3.8810559617528573, "log10_lambda": -4.706830688089195, "log10_min_child_weight": 0.7014146089143525, "log10_subsample": -0.816334643301224, "max_depth": 9.0, "num_boost_round": 2.0}, "datetime": {"datetime": "2024-01-19 00:24:16", "elapsed": 765.03967, "delta": 0.001305}}
{"target": -13.758513677180753, "params": {"gamma": 10.439911497455157, "log10_alpha": -0.6726363357850813, "log10_colsample_bytree": -0.24118852287402437, "log10_eta": -3.8810559617528573, "log10_lambda": -4.706830688089195, "log10_min_child_weight": 0.7014146089143525, "log10_subsample": -0.816334643301224, "max_depth": 9.0, "num_boost_round": 3.0}, "datetime": {"datetime": "2024-01-19 00:24:16", "elapsed": 765.040736, "delta": 0.001066}}
{"target": -13.758513603515633, "params": {"gamma": 10.439911497455157, "log10_alpha": -0.6726363357850813, "log10_colsample_bytree": -0.24118852287402437, "log10_eta": -3.8810559617528573, "log10_lambda": -4.706830688089195, "log10_min_child_weight": 0.7014146089143525, "log10_subsample": -0.816334643301224, "max_depth": 9.0, "num_boost_round": 4.0}, "datetime": {"datetime": "2024-01-19 00:24:16", "elapsed": 765.04181, "delta": 0.001074}}
{"target": -13.758506382549482, "params": {"gamma": 10.439911497455157, "log10_alpha": -0.6726363357850813, "log10_colsample_bytree": -0.24118852287402437, "log10_eta": -3.8810559617528573, "log10_lambda": -4.706830688089195, "log10_min_child_weight": 0.7014146089143525, "log10_subsample": -0.816334643301224, "max_depth": 9.0, "num_boost_round": 5.0}, "datetime": {"datetime": "2024-01-19 00:24:16", "elapsed": 765.043145, "delta": 0.001335}}
{"target": -13.75850751476085, "params": {"gamma": 10.439911497455157, "log10_alpha": -0.6726363357850813, "log10_colsample_bytree": -0.24118852287402437, "log10_eta": -3.8810559617528573, "log10_lambda": -4.706830688089195, "log10_min_child_weight": 0.7014146089143525, "log10_subsample": -0.816334643301224, "max_depth": 9.0, "num_boost_round": 6.0}, "datetime": {"datetime": "2024-01-19 00:24:16", "elapsed": 765.044212, "delta": 0.001067}}
{"target": -13.758510692225801, "params": {"gamma": 10.439911497455157, "log10_alpha": -0.6726363357850813, "log10_colsample_bytree": -0.24118852287402437, "log10_eta": -3.8810559617528573, "log10_lambda": -4.706830688089195, "log10_min_child_weight": 0.7014146089143525, "log10_subsample": -0.816334643301224, "max_depth": 9.0, "num_boost_round": 7.0}, "datetime": {"datetime": "2024-01-19 00:24:16", "elapsed": 765.045276, "delta": 0.001064}}
{"target": -13.758506558063257, "params": {"gamma": 10.439911497455157, "log10_alpha": -0.6726363357850813, "log10_colsample_bytree": -0.24118852287402437, "log10_eta": -3.8810559617528573, "log10_lambda": -4.706830688089195, "log10_min_child_weight": 0.7014146089143525, "log10_subsample": -0.816334643301224, "max_depth": 9.0, "num_boost_round": 8.0}, "datetime": {"datetime": "2024-01-19 00:24:16", "elapsed": 765.046684, "delta": 0.001408}}
{"target": -13.758504496758366, "params": {"gamma": 10.439911497455157, "log10_alpha": -0.6726363357850813, "log10_colsample_bytree": -0.24118852287402437, "log10_eta": -3.8810559617528573, "log10_lambda": -4.706830688089195, "log10_min_child_weight": 0.7014146089143525, "log10_subsample": -0.816334643301224, "max_depth": 9.0, "num_boost_round": 9.0}, "datetime": {"datetime": "2024-01-19 00:24:16", "elapsed": 765.047757, "delta": 0.001073}}
{"target": -13.758505997033428, "params": {"gamma": 10.439911497455157, "log10_alpha": -0.6726363357850813, "log10_colsample_bytree": -0.24118852287402437, "log10_eta": -3.8810559617528573, "log10_lambda": -4.706830688089195, "log10_min_child_weight": 0.7014146089143525, "log10_subsample": -0.816334643301224, "max_depth": 9.0, "num_boost_round": 10.0}, "datetime": {"datetime": "2024-01-19 00:24:16", "elapsed": 765.048941, "delta": 0.001184}}
{"target": -13.758508609291152, "params": {"gamma": 10.439911497455157, "log10_alpha": -0.6726363357850813, "log10_colsample_bytree": -0.24118852287402437, "log10_eta": -3.8810559617528573, "log10_lambda": -4.706830688089195, "log10_min_child_weight": 0.7014146089143525, "log10_subsample": -0.816334643301224, "max_depth": 9.0, "num_boost_round": 11.0}, "datetime": {"datetime": "2024-01-19 00:24:16", "elapsed": 765.049994, "delta": 0.001053}}
{"target": -13.758501343875169, "params": {"gamma": 10.439911497455157, "log10_alpha": -0.6726363357850813, "log10_colsample_bytree": -0.24118852287402437, "log10_eta": -3.8810559617528573, "log10_lambda": -4.706830688089195, "log10_min_child_weight": 0.7014146089143525, "log10_subsample": -0.816334643301224, "max_depth": 9.0, "num_boost_round": 12.0}, "datetime": {"datetime": "2024-01-19 00:24:16", "elapsed": 765.051042, "delta": 0.001048}}
{"target": -13.75849548589252, "params": {"gamma": 10.439911497455157, "log10_alpha": -0.6726363357850813, "log10_colsample_bytree": -0.24118852287402437, "log10_eta": -3.8810559617528573, "log10_lambda": -4.706830688089195, "log10_min_child_weight": 0.7014146089143525, "log10_subsample": -0.816334643301224, "max_depth": 9.0, "num_boost_round": 13.0}, "datetime": {"datetime": "2024-01-19 00:24:16", "elapsed": 765.052103, "delta": 0.001061}}
{"target": -13.758498481116082, "params": {"gamma": 10.439911497455157, "log10_alpha": -0.6726363357850813, "log10_colsample_bytree": -0.24118852287402437, "log10_eta": -3.8810559617528573, "log10_lambda": -4.706830688089195, "log10_min_child_weight": 0.7014146089143525, "log10_subsample": -0.816334643301224, "max_depth": 9.0, "num_boost_round": 14.0}, "datetime": {"datetime": "2024-01-19 00:24:16", "elapsed": 765.053163, "delta": 0.00106}}
{"target": -13.75852912154445, "params": {"gamma": 28.97650394646667, "log10_alpha": -4.824575748758878, "log10_colsample_bytree": -0.48063180869590494, "log10_eta": -3.414864360499771, "log10_lambda": -1.770583633962449, "log10_min_child_weight": 3.471813469273436, "log10_subsample": -0.42012530527247327, "max_depth": 9.0, "num_boost_round": 0.0}, "datetime": {"datetime": "2024-01-19 00:24:36", "elapsed": 784.674999, "delta": 19.621836}}
{"target": -13.758521755951998, "params": {"gamma": 28.97650394646667, "log10_alpha": -4.824575748758878, "log10_colsample_bytree": -0.48063180869590494, "log10_eta": -3.414864360499771, "log10_lambda": -1.770583633962449, "log10_min_child_weight": 3.471813469273436, "log10_subsample": -0.42012530527247327, "max_depth": 9.0, "num_boost_round": 1.0}, "datetime": {"datetime": "2024-01-19 00:24:36", "elapsed": 784.676836, "delta": 0.001837}}
{"target": -13.75851454477052, "params": {"gamma": 28.97650394646667, "log10_alpha": -4.824575748758878, "log10_colsample_bytree": -0.48063180869590494, "log10_eta": -3.414864360499771, "log10_lambda": -1.770583633962449, "log10_min_child_weight": 3.471813469273436, "log10_subsample": -0.42012530527247327, "max_depth": 9.0, "num_boost_round": 2.0}, "datetime": {"datetime": "2024-01-19 00:24:36", "elapsed": 784.678316, "delta": 0.00148}}
