{"target": -14.2703805167227, "params": {"gamma": 35.77451760600703, "log10_alpha": -0.041409077845083075, "log10_colsample_bytree": -0.5437402013864066, "log10_eta": -0.291132427830219, "log10_lambda": -1.1984404202039824, "log10_min_child_weight": 3.586447361523218, "log10_subsample": -0.09602748956945051, "max_depth": 7.0, "num_boost_round": 33.0}, "datetime": {"datetime": "2024-01-19 01:35:12", "elapsed": 5020.502315, "delta": 0.004618}}
{"target": -14.275454076649522, "params": {"gamma": 35.77451760600703, "log10_alpha": -0.041409077845083075, "log10_colsample_bytree": -0.5437402013864066, "log10_eta": -0.291132427830219, "log10_lambda": -1.1984404202039824, "log10_min_child_weight": 3.586447361523218, "log10_subsample": -0.09602748956945051, "max_depth": 7.0, "num_boost_round": 34.0}, "datetime": {"datetime": "2024-01-19 01:35:12", "elapsed": 5020.506743, "delta": 0.004428}}
{"target": -14.287639924410417, "params": {"gamma": 35.77451760600703, "log10_alpha": -0.041409077845083075, "log10_colsample_bytree": -0.5437402013864066, "log10_eta": -0.291132427830219, "log10_lambda": -1.1984404202039824, "log10_min_child_weight": 3.586447361523218, "log10_subsample": -0.09602748956945051, "max_depth": 7.0, "num_boost_round": 35.0}, "datetime": {"datetime": "2024-01-19 01:35:12", "elapsed": 5020.511257, "delta": 0.004514}}
{"target": -14.295605647914728, "params": {"gamma": 35.77451760600703, "log10_alpha": -0.041409077845083075, "log10_colsample_bytree": -0.5437402013864066, "log10_eta": -0.291132427830219, "log10_lambda": -1.1984404202039824, "log10_min_child_weight": 3.586447361523218, "log10_subsample": -0.09602748956945051, "max_depth": 7.0, "num_boost_round": 36.0}, "datetime": {"datetime": "2024-01-19 01:35:12", "elapsed": 5020.515743, "delta": 0.004486}}
{"target": -14.301389273260753, "params": {"gamma": 35.77451760600703, "log10_alpha": -0.041409077845083075, "log10_colsample_bytree": -0.5437402013864066, "log10_eta": -0.291132427830219, "log10_lambda": -1.1984404202039824, "log10_min_child_weight": 3.586447361523218, "log10_subsample": -0.09602748956945051, "max_depth": 7.0, "num_boost_round": 37.0}, "datetime": {"datetime": "2024-01-19 01:35:12", "elapsed": 5020.520129, "delta": 0.004386}}
{"target": -14.306914695338913, "params": {"gamma": 35.77451760600703, "log10_alpha": -0.041409077845083075, "log10_colsample_bytree": -0.5437402013864066, "log10_eta": -0.291132427830219, "log10_lambda": -1.1984404202039824, "log10_min_child_weight": 3.586447361523218, "log10_subsample": -0.09602748956945051, "max_depth": 7.0, "num_boost_round": 38.0}, "datetime": {"datetime": "2024-01-19 01:35:12", "elapsed": 5020.524612, "delta": 0.004483}}
{"target": -14.308559670793802, "params": {"gamma": 35.77451760600703, "log10_alpha": -0.041409077845083075, "log10_colsample_bytree": -0.5437402013864066, "log10_eta": -0.291132427830219, "log10_lambda": -1.1984404202039824, "log10_min_child_weight": 3.586447361523218, "log10_subsample": -0.09602748956945051, "max_depth": 7.0, "num_boost_round": 39.0}, "datetime": {"datetime": "2024-01-19 01:35:12", "elapsed": 5020.529114, "delta": 0.004502}}
{"target": -14.307556370621715, "params": {"gamma": 35.77451760600703, "log10_alpha": -0.041409077845083075, "log10_colsample_bytree": -0.5437402013864066, "log10_eta": -0.291132427830219, "log10_lambda": -1.1984404202039824, "log10_min_child_weight": 3.586447361523218, "log10_subsample": -0.09602748956945051, "max_depth": 7.0, "num_boost_round": 40.0}, "datetime": {"datetime": "2024-01-19 01:35:12", "elapsed": 5020.533604, "delta": 0.00449}}
{"target": -13.758496076764665, "params": {"gamma": 28.219837754382414, "log10_alpha": 0.8957914841849322, "log10_colsample_bytree": -0.9286398258260249, "log10_eta": -2.6067579811060457, "log10_lambda": 0.037473407363325606, "log10_min_child_weight": 1.6314696241910764, "log10_subsample": -0.7179842310717041, "max_depth": 4.0, "num_boost_round": 0.0}, "datetime": {"datetime": "2024-01-19 01:36:05", "elapsed": 5073.423021, "delta": 52.889417}}
{"target": -13.75846113743226, "params": {"gamma": 28.219837754382414, "log10_alpha": 0.8957914841849322, "log10_colsample_bytree": -0.9286398258260249, "log10_eta": -2.6067579811060457, "log10_lambda": 0.037473407363325606, "log10_min_child_weight": 1.6314696241910764, "log10_subsample": -0.7179842310717041, "max_depth": 4.0, "num_boost_round": 1.0}, "datetime": {"datetime": "2024-01-19 01:36:05", "elapsed": 5073.428149, "delta": 0.005128}}
{"target": -13.758435626036174, "params": {"gamma": 28.219837754382414, "log10_alpha": 0.8957914841849322, "log10_colsample_bytree": -0.9286398258260249, "log10_eta": -2.6067579811060457, "log10_lambda": 0.037473407363325606, "log10_min_child_weight": 1.6314696241910764, "log10_subsample": -0.7179842310717041, "max_depth": 4.0, "num_boost_round": 2.0}, "datetime": {"datetime": "2024-01-19 01:36:05", "elapsed": 5073.54056, "delta": 0.112411}}
{"target": -13.758458611640814, "params": {"gamma": 28.219837754382414, "log10_alpha": 0.8957914841849322, "log10_colsample_bytree": -0.9286398258260249, "log10_eta": -2.6067579811060457, "log10_lambda": 0.037473407363325606, "log10_min_child_weight": 1.6314696241910764, "log10_subsample": -0.7179842310717041, "max_depth": 4.0, "num_boost_round": 3.0}, "datetime": {"datetime": "2024-01-19 01:36:05", "elapsed": 5073.545763, "delta": 0.005203}}
{"target": -13.75845736007093, "params": {"gamma": 28.219837754382414, "log10_alpha": 0.8957914841849322, "log10_colsample_bytree": -0.9286398258260249, "log10_eta": -2.6067579811060457, "log10_lambda": 0.037473407363325606, "log10_min_child_weight": 1.6314696241910764, "log10_subsample": -0.7179842310717041, "max_depth": 4.0, "num_boost_round": 4.0}, "datetime": {"datetime": "2024-01-19 01:36:05", "elapsed": 5073.551025, "delta": 0.005262}}
{"target": -13.758430016996218, "params": {"gamma": 28.219837754382414, "log10_alpha": 0.8957914841849322, "log10_colsample_bytree": -0.9286398258260249, "log10_eta": -2.6067579811060457, "log10_lambda": 0.037473407363325606, "log10_min_child_weight": 1.6314696241910764, "log10_subsample": -0.7179842310717041, "max_depth": 4.0, "num_boost_round": 5.0}, "datetime": {"datetime": "2024-01-19 01:36:05", "elapsed": 5073.555643, "delta": 0.004618}}
{"target": -13.758455155478805, "params": {"gamma": 28.219837754382414, "log10_alpha": 0.8957914841849322, "log10_colsample_bytree": -0.9286398258260249, "log10_eta": -2.6067579811060457, "log10_lambda": 0.037473407363325606, "log10_min_child_weight": 1.6314696241910764, "log10_subsample": -0.7179842310717041, "max_depth": 4.0, "num_boost_round": 6.0}, "datetime": {"datetime": "2024-01-19 01:36:05", "elapsed": 5073.560135, "delta": 0.004492}}
{"target": -13.758405101219024, "params": {"gamma": 28.219837754382414, "log10_alpha": 0.8957914841849322, "log10_colsample_bytree": -0.9286398258260249, "log10_eta": -2.6067579811060457, "log10_lambda": 0.037473407363325606, "log10_min_child_weight": 1.6314696241910764, "log10_subsample": -0.7179842310717041, "max_depth": 4.0, "num_boost_round": 7.0}, "datetime": {"datetime": "2024-01-19 01:36:05", "elapsed": 5073.564691, "delta": 0.004556}}
{"target": -13.758386518543952, "params": {"gamma": 28.219837754382414, "log10_alpha": 0.8957914841849322, "log10_colsample_bytree": -0.9286398258260249, "log10_eta": -2.6067579811060457, "log10_lambda": 0.037473407363325606, "log10_min_child_weight": 1.6314696241910764, "log10_subsample": -0.7179842310717041, "max_depth": 4.0, "num_boost_round": 8.0}, "datetime": {"datetime": "2024-01-19 01:36:05", "elapsed": 5073.569387, "delta": 0.004696}}
{"target": -13.758328277278467, "params": {"gamma": 28.219837754382414, "log10_alpha": 0.8957914841849322, "log10_colsample_bytree": -0.9286398258260249, "log10_eta": -2.6067579811060457, "log10_lambda": 0.037473407363325606, "log10_min_child_weight": 1.6314696241910764, "log10_subsample": -0.7179842310717041, "max_depth": 4.0, "num_boost_round": 9.0}, "datetime": {"datetime": "2024-01-19 01:36:05", "elapsed": 5073.573867, "delta": 0.00448}}
{"target": -13.758328878962173, "params": {"gamma": 28.219837754382414, "log10_alpha": 0.8957914841849322, "log10_colsample_bytree": -0.9286398258260249, "log10_eta": -2.6067579811060457, "log10_lambda": 0.037473407363325606, "log10_min_child_weight": 1.6314696241910764, "log10_subsample": -0.7179842310717041, "max_depth": 4.0, "num_boost_round": 10.0}, "datetime": {"datetime": "2024-01-19 01:36:05", "elapsed": 5073.578409, "delta": 0.004542}}
{"target": -13.7582949604403, "params": {"gamma": 28.219837754382414, "log10_alpha": 0.8957914841849322, "log10_colsample_bytree": -0.9286398258260249, "log10_eta": -2.6067579811060457, "log10_lambda": 0.037473407363325606, "log10_min_child_weight": 1.6314696241910764, "log10_subsample": -0.7179842310717041, "max_depth": 4.0, "num_boost_round": 11.0}, "datetime": {"datetime": "2024-01-19 01:36:05", "elapsed": 5073.583135, "delta": 0.004726}}
{"target": -13.758277956913295, "params": {"gamma": 28.219837754382414, "log10_alpha": 0.8957914841849322, "log10_colsample_bytree": -0.9286398258260249, "log10_eta": -2.6067579811060457, "log10_lambda": 0.037473407363325606, "log10_min_child_weight": 1.6314696241910764, "log10_subsample": -0.7179842310717041, "max_depth": 4.0, "num_boost_round": 12.0}, "datetime": {"datetime": "2024-01-19 01:36:05", "elapsed": 5073.587744, "delta": 0.004609}}
{"target": -13.758223435455477, "params": {"gamma": 28.219837754382414, "log10_alpha": 0.8957914841849322, "log10_colsample_bytree": -0.9286398258260249, "log10_eta": -2.6067579811060457, "log10_lambda": 0.037473407363325606, "log10_min_child_weight": 1.6314696241910764, "log10_subsample": -0.7179842310717041, "max_depth": 4.0, "num_boost_round": 13.0}, "datetime": {"datetime": "2024-01-19 01:36:05", "elapsed": 5073.592248, "delta": 0.004504}}
{"target": -13.758221916951497, "params": {"gamma": 28.219837754382414, "log10_alpha": 0.8957914841849322, "log10_colsample_bytree": -0.9286398258260249, "log10_eta": -2.6067579811060457, "log10_lambda": 0.037473407363325606, "log10_min_child_weight": 1.6314696241910764, "log10_subsample": -0.7179842310717041, "max_depth": 4.0, "num_boost_round": 14.0}, "datetime": {"datetime": "2024-01-19 01:36:05", "elapsed": 5073.596711, "delta": 0.004463}}
{"target": -13.75820861846939, "params": {"gamma": 28.219837754382414, "log10_alpha": 0.8957914841849322, "log10_colsample_bytree": -0.9286398258260249, "log10_eta": -2.6067579811060457, "log10_lambda": 0.037473407363325606, "log10_min_child_weight": 1.6314696241910764, "log10_subsample": -0.7179842310717041, "max_depth": 4.0, "num_boost_round": 15.0}, "datetime": {"datetime": "2024-01-19 01:36:05", "elapsed": 5073.601193, "delta": 0.004482}}
{"target": -13.758179945536027, "params": {"gamma": 28.219837754382414, "log10_alpha": 0.8957914841849322, "log10_colsample_bytree": -0.9286398258260249, "log10_eta": -2.6067579811060457, "log10_lambda": 0.037473407363325606, "log10_min_child_weight": 1.6314696241910764, "log10_subsample": -0.7179842310717041, "max_depth": 4.0, "num_boost_round": 16.0}, "datetime": {"datetime": "2024-01-19 01:36:05", "elapsed": 5073.605744, "delta": 0.004551}}
{"target": -13.758124585117288, "params": {"gamma": 28.219837754382414, "log10_alpha": 0.8957914841849322, "log10_colsample_bytree": -0.9286398258260249, "log10_eta": -2.6067579811060457, "log10_lambda": 0.037473407363325606, "log10_min_child_weight": 1.6314696241910764, "log10_subsample": -0.7179842310717041, "max_depth": 4.0, "num_boost_round": 17.0}, "datetime": {"datetime": "2024-01-19 01:36:05", "elapsed": 5073.610345, "delta": 0.004601}}
{"target": -13.758093710282642, "params": {"gamma": 28.219837754382414, "log10_alpha": 0.8957914841849322, "log10_colsample_bytree": -0.9286398258260249, "log10_eta": -2.6067579811060457, "log10_lambda": 0.037473407363325606, "log10_min_child_weight": 1.6314696241910764, "log10_subsample": -0.7179842310717041, "max_depth": 4.0, "num_boost_round": 18.0}, "datetime": {"datetime": "2024-01-19 01:36:05", "elapsed": 5073.614889, "delta": 0.004544}}
{"target": -13.758073083313406, "params": {"gamma": 28.219837754382414, "log10_alpha": 0.8957914841849322, "log10_colsample_bytree": -0.9286398258260249, "log10_eta": -2.6067579811060457, "log10_lambda": 0.037473407363325606, "log10_min_child_weight": 1.6314696241910764, "log10_subsample": -0.7179842310717041, "max_depth": 4.0, "num_boost_round": 19.0}, "datetime": {"datetime": "2024-01-19 01:36:05", "elapsed": 5073.619371, "delta": 0.004482}}
{"target": -13.75805975327931, "params": {"gamma": 28.219837754382414, "log10_alpha": 0.8957914841849322, "log10_colsample_bytree": -0.9286398258260249, "log10_eta": -2.6067579811060457, "log10_lambda": 0.037473407363325606, "log10_min_child_weight": 1.6314696241910764, "log10_subsample": -0.7179842310717041, "max_depth": 4.0, "num_boost_round": 20.0}, "datetime": {"datetime": "2024-01-19 01:36:05", "elapsed": 5073.623862, "delta": 0.004491}}
{"target": -13.757976161435378, "params": {"gamma": 28.219837754382414, "log10_alpha": 0.8957914841849322, "log10_colsample_bytree": -0.9286398258260249, "log10_eta": -2.6067579811060457, "log10_lambda": 0.037473407363325606, "log10_min_child_weight": 1.6314696241910764, "log10_subsample": -0.7179842310717041, "max_depth": 4.0, "num_boost_round": 21.0}, "datetime": {"datetime": "2024-01-19 01:36:05", "elapsed": 5073.628351, "delta": 0.004489}}
{"target": -13.75788862535919, "params": {"gamma": 28.219837754382414, "log10_alpha": 0.8957914841849322, "log10_colsample_bytree": -0.9286398258260249, "log10_eta": -2.6067579811060457, "log10_lambda": 0.037473407363325606, "log10_min_child_weight": 1.6314696241910764, "log10_subsample": -0.7179842310717041, "max_depth": 4.0, "num_boost_round": 22.0}, "datetime": {"datetime": "2024-01-19 01:36:05", "elapsed": 5073.632827, "delta": 0.004476}}
{"target": -13.75781997346574, "params": {"gamma": 28.219837754382414, "log10_alpha": 0.8957914841849322, "log10_colsample_bytree": -0.9286398258260249, "log10_eta": -2.6067579811060457, "log10_lambda": 0.037473407363325606, "log10_min_child_weight": 1.6314696241910764, "log10_subsample": -0.7179842310717041, "max_depth": 4.0, "num_boost_round": 23.0}, "datetime": {"datetime": "2024-01-19 01:36:05", "elapsed": 5073.637354, "delta": 0.004527}}
{"target": -13.757788512014574, "params": {"gamma": 28.219837754382414, "log10_alpha": 0.8957914841849322, "log10_colsample_bytree": -0.9286398258260249, "log10_eta": -2.6067579811060457, "log10_lambda": 0.037473407363325606, "log10_min_child_weight": 1.6314696241910764, "log10_subsample": -0.7179842310717041, "max_depth": 4.0, "num_boost_round": 24.0}, "datetime": {"datetime": "2024-01-19 01:36:05", "elapsed": 5073.641946, "delta": 0.004592}}
{"target": -13.757697875532983, "params": {"gamma": 28.219837754382414, "log10_alpha": 0.8957914841849322, "log10_colsample_bytree": -0.9286398258260249, "log10_eta": -2.6067579811060457, "log10_lambda": 0.037473407363325606, "log10_min_child_weight": 1.6314696241910764, "log10_subsample": -0.7179842310717041, "max_depth": 4.0, "num_boost_round": 25.0}, "datetime": {"datetime": "2024-01-19 01:36:05", "elapsed": 5073.64648, "delta": 0.004534}}
{"target": -13.757670749694208, "params": {"gamma": 28.219837754382414, "log10_alpha": 0.8957914841849322, "log10_colsample_bytree": -0.9286398258260249, "log10_eta": -2.6067579811060457, "log10_lambda": 0.037473407363325606, "log10_min_child_weight": 1.6314696241910764, "log10_subsample": -0.7179842310717041, "max_depth": 4.0, "num_boost_round": 26.0}, "datetime": {"datetime": "2024-01-19 01:36:05", "elapsed": 5073.650971, "delta": 0.004491}}
{"target": -13.757657947028685, "params": {"gamma": 28.219837754382414, "log10_alpha": 0.8957914841849322, "log10_colsample_bytree": -0.9286398258260249, "log10_eta": -2.6067579811060457, "log10_lambda": 0.037473407363325606, "log10_min_child_weight": 1.6314696241910764, "log10_subsample": -0.7179842310717041, "max_depth": 4.0, "num_boost_round": 27.0}, "datetime": {"datetime": "2024-01-19 01:36:05", "elapsed": 5073.655637, "delta": 0.004666}}
{"target": -13.757678063802514, "params": {"gamma": 28.219837754382414, "log10_alpha": 0.8957914841849322, "log10_colsample_bytree": -0.9286398258260249, "log10_eta": -2.6067579811060457, "log10_lambda": 0.037473407363325606, "log10_min_child_weight": 1.6314696241910764, "log10_subsample": -0.7179842310717041, "max_depth": 4.0, "num_boost_round": 28.0}, "datetime": {"datetime": "2024-01-19 01:36:05", "elapsed": 5073.660185, "delta": 0.004548}}
{"target": -13.757551865044414, "params": {"gamma": 28.219837754382414, "log10_alpha": 0.8957914841849322, "log10_colsample_bytree": -0.9286398258260249, "log10_eta": -2.6067579811060457, "log10_lambda": 0.037473407363325606, "log10_min_child_weight": 1.6314696241910764, "log10_subsample": -0.7179842310717041, "max_depth": 4.0, "num_boost_round": 29.0}, "datetime": {"datetime": "2024-01-19 01:36:05", "elapsed": 5073.664704, "delta": 0.004519}}
{"target": -13.757511342850151, "params": {"gamma": 28.219837754382414, "log10_alpha": 0.8957914841849322, "log10_colsample_bytree": -0.9286398258260249, "log10_eta": -2.6067579811060457, "log10_lambda": 0.037473407363325606, "log10_min_child_weight": 1.6314696241910764, "log10_subsample": -0.7179842310717041, "max_depth": 4.0, "num_boost_round": 30.0}, "datetime": {"datetime": "2024-01-19 01:36:05", "elapsed": 5073.669281, "delta": 0.004577}}
{"target": -13.757446659766735, "params": {"gamma": 28.219837754382414, "log10_alpha": 0.8957914841849322, "log10_colsample_bytree": -0.9286398258260249, "log10_eta": -2.6067579811060457, "log10_lambda": 0.037473407363325606, "log10_min_child_weight": 1.6314696241910764, "log10_subsample": -0.7179842310717041, "max_depth": 4.0, "num_boost_round": 31.0}, "datetime": {"datetime": "2024-01-19 01:36:05", "elapsed": 5073.674038, "delta": 0.004757}}
{"target": -13.757462497670545, "params": {"gamma": 28.219837754382414, "log10_alpha": 0.8957914841849322, "log10_colsample_bytree": -0.9286398258260249, "log10_eta": -2.6067579811060457, "log10_lambda": 0.037473407363325606, "log10_min_child_weight": 1.6314696241910764, "log10_subsample": -0.7179842310717041, "max_depth": 4.0, "num_boost_round": 32.0}, "datetime": {"datetime": "2024-01-19 01:36:05", "elapsed": 5073.678551, "delta": 0.004513}}
{"target": -13.757409720569585, "params": {"gamma": 28.219837754382414, "log10_alpha": 0.8957914841849322, "log10_colsample_bytree": -0.9286398258260249, "log10_eta": -2.6067579811060457, "log10_lambda": 0.037473407363325606, "log10_min_child_weight": 1.6314696241910764, "log10_subsample": -0.7179842310717041, "max_depth": 4.0, "num_boost_round": 33.0}, "datetime": {"datetime": "2024-01-19 01:36:05", "elapsed": 5073.683143, "delta": 0.004592}}
{"target": -13.75736624410036, "params": {"gamma": 28.219837754382414, "log10_alpha": 0.8957914841849322, "log10_colsample_bytree": -0.9286398258260249, "log10_eta": -2.6067579811060457, "log10_lambda": 0.037473407363325606, "log10_min_child_weight": 1.6314696241910764, "log10_subsample": -0.7179842310717041, "max_depth": 4.0, "num_boost_round": 34.0}, "datetime": {"datetime": "2024-01-19 01:36:05", "elapsed": 5073.687645, "delta": 0.004502}}
{"target": -13.757373409504167, "params": {"gamma": 28.219837754382414, "log10_alpha": 0.8957914841849322, "log10_colsample_bytree": -0.9286398258260249, "log10_eta": -2.6067579811060457, "log10_lambda": 0.037473407363325606, "log10_min_child_weight": 1.6314696241910764, "log10_subsample": -0.7179842310717041, "max_depth": 4.0, "num_boost_round": 35.0}, "datetime": {"datetime": "2024-01-19 01:36:05", "elapsed": 5073.692373, "delta": 0.004728}}
{"target": -13.758553559653866, "params": {"gamma": 40.83065110704054, "log10_alpha": -2.5782332705766433, "log10_colsample_bytree": -0.09140917887254829, "log10_eta": -3.2621732277491615, "log10_lambda": -4.473285763424649, "log10_min_child_weight": 1.3566400310831783, "log10_subsample": -0.4050095325350862, "max_depth": 9.0, "num_boost_round": 0.0}, "datetime": {"datetime": "2024-01-19 01:37:13", "elapsed": 5141.469246, "delta": 67.776873}}
{"target": -13.758550370861045, "params": {"gamma": 40.83065110704054, "log10_alpha": -2.5782332705766433, "log10_colsample_bytree": -0.09140917887254829, "log10_eta": -3.2621732277491615, "log10_lambda": -4.473285763424649, "log10_min_child_weight": 1.3566400310831783, "log10_subsample": -0.4050095325350862, "max_depth": 9.0, "num_boost_round": 1.0}, "datetime": {"datetime": "2024-01-19 01:37:13", "elapsed": 5141.474633, "delta": 0.005387}}
{"target": -13.758510177361963, "params": {"gamma": 40.83065110704054, "log10_alpha": -2.5782332705766433, "log10_colsample_bytree": -0.09140917887254829, "log10_eta": -3.2621732277491615, "log10_lambda": -4.473285763424649, "log10_min_child_weight": 1.3566400310831783, "log10_subsample": -0.4050095325350862, "max_depth": 9.0, "num_boost_round": 2.0}, "datetime": {"datetime": "2024-01-19 01:37:13", "elapsed": 5141.479203, "delta": 0.00457}}
{"target": -13.758507418883186, "params": {"gamma": 40.83065110704054, "log10_alpha": -2.5782332705766433, "log10_colsample_bytree": -0.09140917887254829, "log10_eta": -3.2621732277491615, "log10_lambda": -4.473285763424649, "log10_min_child_weight": 1.3566400310831783, "log10_subsample": -0.4050095325350862, "max_depth": 9.0, "num_boost_round": 3.0}, "datetime": {"datetime": "2024-01-19 01:37:13", "elapsed": 5141.48384, "delta": 0.004637}}
{"target": -13.758463051292761, "params": {"gamma": 40.83065110704054, "log10_alpha": -2.5782332705766433, "log10_colsample_bytree": -0.09140917887254829, "log10_eta": -3.2621732277491615, "log10_lambda": -4.473285763424649, "log10_min_child_weight": 1.3566400310831783, "log10_subsample": -0.4050095325350862, "max_depth": 9.0, "num_boost_round": 4.0}, "datetime": {"datetime": "2024-01-19 01:37:13", "elapsed": 5141.488263, "delta": 0.004423}}
