{"target": -13.758531648802832, "params": {"gamma": 551.2549337404091, "log10_alpha": -4.452539888786887, "log10_colsample_bytree": -1.0, "log10_eta": -4.0, "log10_lambda": 1.0, "log10_min_child_weight": 0.0, "log10_subsample": -1.0, "max_depth": 2.0, "num_boost_round": 13.0}, "datetime": {"datetime": "2024-01-19 00:24:25", "elapsed": 797.36015, "delta": 0.001118}}
{"target": -13.758530538587518, "params": {"gamma": 551.2549337404091, "log10_alpha": -4.452539888786887, "log10_colsample_bytree": -1.0, "log10_eta": -4.0, "log10_lambda": 1.0, "log10_min_child_weight": 0.0, "log10_subsample": -1.0, "max_depth": 2.0, "num_boost_round": 14.0}, "datetime": {"datetime": "2024-01-19 00:24:25", "elapsed": 797.361244, "delta": 0.001094}}
{"target": -13.758529315399072, "params": {"gamma": 551.2549337404091, "log10_alpha": -4.452539888786887, "log10_colsample_bytree": -1.0, "log10_eta": -4.0, "log10_lambda": 1.0, "log10_min_child_weight": 0.0, "log10_subsample": -1.0, "max_depth": 2.0, "num_boost_round": 15.0}, "datetime": {"datetime": "2024-01-19 00:24:25", "elapsed": 797.362375, "delta": 0.001131}}
{"target": -13.758528600341455, "params": {"gamma": 551.2549337404091, "log10_alpha": -4.452539888786887, "log10_colsample_bytree": -1.0, "log10_eta": -4.0, "log10_lambda": 1.0, "log10_min_child_weight": 0.0, "log10_subsample": -1.0, "max_depth": 2.0, "num_boost_round": 16.0}, "datetime": {"datetime": "2024-01-19 00:24:25", "elapsed": 797.363483, "delta": 0.001108}}
{"target": -13.758527572547235, "params": {"gamma": 551.2549337404091, "log10_alpha": -4.452539888786887, "log10_colsample_bytree": -1.0, "log10_eta": -4.0, "log10_lambda": 1.0, "log10_min_child_weight": 0.0, "log10_subsample": -1.0, "max_depth": 2.0, "num_boost_round": 17.0}, "datetime": {"datetime": "2024-01-19 00:24:25", "elapsed": 797.364621, "delta": 0.001138}}
{"target": -13.758527172396132, "params": {"gamma": 551.2549337404091, "log10_alpha": -4.452539888786887, "log10_colsample_bytree": -1.0, "log10_eta": -4.0, "log10_lambda": 1.0, "log10_min_child_weight": 0.0, "log10_subsample": -1.0, "max_depth": 2.0, "num_boost_round": 18.0}, "datetime": {"datetime": "2024-01-19 00:24:25", "elapsed": 797.365743, "delta": 0.001122}}
{"target": -13.758525563180287, "params": {"gamma": 551.2549337404091, "log10_alpha": -4.452539888786887, "log10_colsample_bytree": -1.0, "log10_eta": -4.0, "log10_lambda": 1.0, "log10_min_child_weight": 0.0, "log10_subsample": -1.0, "max_depth": 2.0, "num_boost_round": 19.0}, "datetime": {"datetime": "2024-01-19 00:24:25", "elapsed": 797.366867, "delta": 0.001124}}
{"target": -13.758525101653511, "params": {"gamma": 551.2549337404091, "log10_alpha": -4.452539888786887, "log10_colsample_bytree": -1.0, "log10_eta": -4.0, "log10_lambda": 1.0, "log10_min_child_weight": 0.0, "log10_subsample": -1.0, "max_depth": 2.0, "num_boost_round": 20.0}, "datetime": {"datetime": "2024-01-19 00:24:25", "elapsed": 797.367977, "delta": 0.00111}}
{"target": -13.758523777761601, "params": {"gamma": 551.2549337404091, "log10_alpha": -4.452539888786887, "log10_colsample_bytree": -1.0, "log10_eta": -4.0, "log10_lambda": 1.0, "log10_min_child_weight": 0.0, "log10_subsample": -1.0, "max_depth": 2.0, "num_boost_round": 21.0}, "datetime": {"datetime": "2024-01-19 00:24:25", "elapsed": 797.369085, "delta": 0.001108}}
{"target": -13.758519958646318, "params": {"gamma": 551.2549337404091, "log10_alpha": -4.452539888786887, "log10_colsample_bytree": -1.0, "log10_eta": -4.0, "log10_lambda": 1.0, "log10_min_child_weight": 0.0, "log10_subsample": -1.0, "max_depth": 2.0, "num_boost_round": 22.0}, "datetime": {"datetime": "2024-01-19 00:24:25", "elapsed": 797.37022, "delta": 0.001135}}
{"target": -13.758518213795389, "params": {"gamma": 551.2549337404091, "log10_alpha": -4.452539888786887, "log10_colsample_bytree": -1.0, "log10_eta": -4.0, "log10_lambda": 1.0, "log10_min_child_weight": 0.0, "log10_subsample": -1.0, "max_depth": 2.0, "num_boost_round": 23.0}, "datetime": {"datetime": "2024-01-19 00:24:25", "elapsed": 797.371355, "delta": 0.001135}}
{"target": -13.758518251212756, "params": {"gamma": 551.2549337404091, "log10_alpha": -4.452539888786887, "log10_colsample_bytree": -1.0, "log10_eta": -4.0, "log10_lambda": 1.0, "log10_min_child_weight": 0.0, "log10_subsample": -1.0, "max_depth": 2.0, "num_boost_round": 24.0}, "datetime": {"datetime": "2024-01-19 00:24:25", "elapsed": 797.372489, "delta": 0.001134}}
{"target": -13.758516894610903, "params": {"gamma": 551.2549337404091, "log10_alpha": -4.452539888786887, "log10_colsample_bytree": -1.0, "log10_eta": -4.0, "log10_lambda": 1.0, "log10_min_child_weight": 0.0, "log10_subsample": -1.0, "max_depth": 2.0, "num_boost_round": 25.0}, "datetime": {"datetime": "2024-01-19 00:24:25", "elapsed": 797.373607, "delta": 0.001118}}
{"target": -13.758534245091331, "params": {"gamma": 554.6564681733945, "log10_alpha": 0.9036421112082698, "log10_colsample_bytree": -0.8526601571797383, "log10_eta": -3.6923219992620293, "log10_lambda": -4.2350758653049105, "log10_min_child_weight": 2.677171708179202, "log10_subsample": -0.6094710798933248, "max_depth": 2.0, "num_boost_round": 0.0}, "datetime": {"datetime": "2024-01-19 00:24:48", "elapsed": 820.161558, "delta": 22.787951}}
{"target": -13.758531422078432, "params": {"gamma": 554.6564681733945, "log10_alpha": 0.9036421112082698, "log10_colsample_bytree": -0.8526601571797383, "log10_eta": -3.6923219992620293, "log10_lambda": -4.2350758653049105, "log10_min_child_weight": 2.677171708179202, "log10_subsample": -0.6094710798933248, "max_depth": 2.0, "num_boost_round": 1.0}, "datetime": {"datetime": "2024-01-19 00:24:48", "elapsed": 820.163204, "delta": 0.001646}}
{"target": -13.758531568640944, "params": {"gamma": 554.6564681733945, "log10_alpha": 0.9036421112082698, "log10_colsample_bytree": -0.8526601571797383, "log10_eta": -3.6923219992620293, "log10_lambda": -4.2350758653049105, "log10_min_child_weight": 2.677171708179202, "log10_subsample": -0.6094710798933248, "max_depth": 2.0, "num_boost_round": 2.0}, "datetime": {"datetime": "2024-01-19 00:24:48", "elapsed": 820.16443, "delta": 0.001226}}
{"target": -13.758529109346105, "params": {"gamma": 554.6564681733945, "log10_alpha": 0.9036421112082698, "log10_colsample_bytree": -0.8526601571797383, "log10_eta": -3.6923219992620293, "log10_lambda": -4.2350758653049105, "log10_min_child_weight": 2.677171708179202, "log10_subsample": -0.6094710798933248, "max_depth": 2.0, "num_boost_round": 3.0}, "datetime": {"datetime": "2024-01-19 00:24:48", "elapsed": 820.16561, "delta": 0.00118}}
{"target": -13.758528064436577, "params": {"gamma": 554.6564681733945, "log10_alpha": 0.9036421112082698, "log10_colsample_bytree": -0.8526601571797383, "log10_eta": -3.6923219992620293, "log10_lambda": -4.2350758653049105, "log10_min_child_weight": 2.677171708179202, "log10_subsample": -0.6094710798933248, "max_depth": 2.0, "num_boost_round": 4.0}, "datetime": {"datetime": "2024-01-19 00:24:48", "elapsed": 820.166784, "delta": 0.001174}}
{"target": -13.758525660033229, "params": {"gamma": 554.6564681733945, "log10_alpha": 0.9036421112082698, "log10_colsample_bytree": -0.8526601571797383, "log10_eta": -3.6923219992620293, "log10_lambda": -4.2350758653049105, "log10_min_child_weight": 2.677171708179202, "log10_subsample": -0.6094710798933248, "max_depth": 2.0, "num_boost_round": 5.0}, "datetime": {"datetime": "2024-01-19 00:24:48", "elapsed": 820.168174, "delta": 0.00139}}
{"target": -13.758525757036484, "params": {"gamma": 554.6564681733945, "log10_alpha": 0.9036421112082698, "log10_colsample_bytree": -0.8526601571797383, "log10_eta": -3.6923219992620293, "log10_lambda": -4.2350758653049105, "log10_min_child_weight": 2.677171708179202, "log10_subsample": -0.6094710798933248, "max_depth": 2.0, "num_boost_round": 6.0}, "datetime": {"datetime": "2024-01-19 00:24:48", "elapsed": 820.169328, "delta": 0.001154}}
{"target": -13.758523479779518, "params": {"gamma": 554.6564681733945, "log10_alpha": 0.9036421112082698, "log10_colsample_bytree": -0.8526601571797383, "log10_eta": -3.6923219992620293, "log10_lambda": -4.2350758653049105, "log10_min_child_weight": 2.677171708179202, "log10_subsample": -0.6094710798933248, "max_depth": 2.0, "num_boost_round": 7.0}, "datetime": {"datetime": "2024-01-19 00:24:48", "elapsed": 820.170427, "delta": 0.001099}}
{"target": -13.75852349637548, "params": {"gamma": 554.6564681733945, "log10_alpha": 0.9036421112082698, "log10_colsample_bytree": -0.8526601571797383, "log10_eta": -3.6923219992620293, "log10_lambda": -4.2350758653049105, "log10_min_child_weight": 2.677171708179202, "log10_subsample": -0.6094710798933248, "max_depth": 2.0, "num_boost_round": 8.0}, "datetime": {"datetime": "2024-01-19 00:24:48", "elapsed": 820.171532, "delta": 0.001105}}
{"target": -13.75852151353065, "params": {"gamma": 554.6564681733945, "log10_alpha": 0.9036421112082698, "log10_colsample_bytree": -0.8526601571797383, "log10_eta": -3.6923219992620293, "log10_lambda": -4.2350758653049105, "log10_min_child_weight": 2.677171708179202, "log10_subsample": -0.6094710798933248, "max_depth": 2.0, "num_boost_round": 9.0}, "datetime": {"datetime": "2024-01-19 00:24:48", "elapsed": 820.172615, "delta": 0.001083}}
{"target": -13.758520307714841, "params": {"gamma": 554.6564681733945, "log10_alpha": 0.9036421112082698, "log10_colsample_bytree": -0.8526601571797383, "log10_eta": -3.6923219992620293, "log10_lambda": -4.2350758653049105, "log10_min_child_weight": 2.677171708179202, "log10_subsample": -0.6094710798933248, "max_depth": 2.0, "num_boost_round": 10.0}, "datetime": {"datetime": "2024-01-19 00:24:48", "elapsed": 820.173715, "delta": 0.0011}}
{"target": -13.758518304387975, "params": {"gamma": 554.6564681733945, "log10_alpha": 0.9036421112082698, "log10_colsample_bytree": -0.8526601571797383, "log10_eta": -3.6923219992620293, "log10_lambda": -4.2350758653049105, "log10_min_child_weight": 2.677171708179202, "log10_subsample": -0.6094710798933248, "max_depth": 2.0, "num_boost_round": 11.0}, "datetime": {"datetime": "2024-01-19 00:24:48", "elapsed": 820.174801, "delta": 0.001086}}
{"target": -13.758516324617588, "params": {"gamma": 554.6564681733945, "log10_alpha": 0.9036421112082698, "log10_colsample_bytree": -0.8526601571797383, "log10_eta": -3.6923219992620293, "log10_lambda": -4.2350758653049105, "log10_min_child_weight": 2.677171708179202, "log10_subsample": -0.6094710798933248, "max_depth": 2.0, "num_boost_round": 12.0}, "datetime": {"datetime": "2024-01-19 00:24:48", "elapsed": 820.175895, "delta": 0.001094}}
{"target": -13.75851587846387, "params": {"gamma": 554.6564681733945, "log10_alpha": 0.9036421112082698, "log10_colsample_bytree": -0.8526601571797383, "log10_eta": -3.6923219992620293, "log10_lambda": -4.2350758653049105, "log10_min_child_weight": 2.677171708179202, "log10_subsample": -0.6094710798933248, "max_depth": 2.0, "num_boost_round": 13.0}, "datetime": {"datetime": "2024-01-19 00:24:48", "elapsed": 820.176999, "delta": 0.001104}}
{"target": -13.758514446905245, "params": {"gamma": 554.6564681733945, "log10_alpha": 0.9036421112082698, "log10_colsample_bytree": -0.8526601571797383, "log10_eta": -3.6923219992620293, "log10_lambda": -4.2350758653049105, "log10_min_child_weight": 2.677171708179202, "log10_subsample": -0.6094710798933248, "max_depth": 2.0, "num_boost_round": 14.0}, "datetime": {"datetime": "2024-01-19 00:24:48", "elapsed": 820.178087, "delta": 0.001088}}
{"target": -13.758510050679938, "params": {"gamma": 554.6564681733945, "log10_alpha": 0.9036421112082698, "log10_colsample_bytree": -0.8526601571797383, "log10_eta": -3.6923219992620293, "log10_lambda": -4.2350758653049105, "log10_min_child_weight": 2.677171708179202, "log10_subsample": -0.6094710798933248, "max_depth": 2.0, "num_boost_round": 15.0}, "datetime": {"datetime": "2024-01-19 00:24:48", "elapsed": 820.179204, "delta": 0.001117}}
{"target": -13.75850902115585, "params": {"gamma": 554.6564681733945, "log10_alpha": 0.9036421112082698, "log10_colsample_bytree": -0.8526601571797383, "log10_eta": -3.6923219992620293, "log10_lambda": -4.2350758653049105, "log10_min_child_weight": 2.677171708179202, "log10_subsample": -0.6094710798933248, "max_depth": 2.0, "num_boost_round": 16.0}, "datetime": {"datetime": "2024-01-19 00:24:48", "elapsed": 820.18031, "delta": 0.001106}}
{"target": -13.75850705514081, "params": {"gamma": 554.6564681733945, "log10_alpha": 0.9036421112082698, "log10_colsample_bytree": -0.8526601571797383, "log10_eta": -3.6923219992620293, "log10_lambda": -4.2350758653049105, "log10_min_child_weight": 2.677171708179202, "log10_subsample": -0.6094710798933248, "max_depth": 2.0, "num_boost_round": 17.0}, "datetime": {"datetime": "2024-01-19 00:24:48", "elapsed": 820.181424, "delta": 0.001114}}
{"target": -13.758505420654187, "params": {"gamma": 554.6564681733945, "log10_alpha": 0.9036421112082698, "log10_colsample_bytree": -0.8526601571797383, "log10_eta": -3.6923219992620293, "log10_lambda": -4.2350758653049105, "log10_min_child_weight": 2.677171708179202, "log10_subsample": -0.6094710798933248, "max_depth": 2.0, "num_boost_round": 18.0}, "datetime": {"datetime": "2024-01-19 00:24:48", "elapsed": 820.182535, "delta": 0.001111}}
{"target": -13.758504052323849, "params": {"gamma": 554.6564681733945, "log10_alpha": 0.9036421112082698, "log10_colsample_bytree": -0.8526601571797383, "log10_eta": -3.6923219992620293, "log10_lambda": -4.2350758653049105, "log10_min_child_weight": 2.677171708179202, "log10_subsample": -0.6094710798933248, "max_depth": 2.0, "num_boost_round": 19.0}, "datetime": {"datetime": "2024-01-19 00:24:48", "elapsed": 820.183747, "delta": 0.001212}}
{"target": -13.75850261073244, "params": {"gamma": 554.6564681733945, "log10_alpha": 0.9036421112082698, "log10_colsample_bytree": -0.8526601571797383, "log10_eta": -3.6923219992620293, "log10_lambda": -4.2350758653049105, "log10_min_child_weight": 2.677171708179202, "log10_subsample": -0.6094710798933248, "max_depth": 2.0, "num_boost_round": 20.0}, "datetime": {"datetime": "2024-01-19 00:24:48", "elapsed": 820.184855, "delta": 0.001108}}
{"target": -13.75849848917666, "params": {"gamma": 554.6564681733945, "log10_alpha": 0.9036421112082698, "log10_colsample_bytree": -0.8526601571797383, "log10_eta": -3.6923219992620293, "log10_lambda": -4.2350758653049105, "log10_min_child_weight": 2.677171708179202, "log10_subsample": -0.6094710798933248, "max_depth": 2.0, "num_boost_round": 21.0}, "datetime": {"datetime": "2024-01-19 00:24:48", "elapsed": 820.186073, "delta": 0.001218}}
{"target": -13.758498423469154, "params": {"gamma": 554.6564681733945, "log10_alpha": 0.9036421112082698, "log10_colsample_bytree": -0.8526601571797383, "log10_eta": -3.6923219992620293, "log10_lambda": -4.2350758653049105, "log10_min_child_weight": 2.677171708179202, "log10_subsample": -0.6094710798933248, "max_depth": 2.0, "num_boost_round": 22.0}, "datetime": {"datetime": "2024-01-19 00:24:48", "elapsed": 820.187187, "delta": 0.001114}}
{"target": -13.758496165839755, "params": {"gamma": 554.6564681733945, "log10_alpha": 0.9036421112082698, "log10_colsample_bytree": -0.8526601571797383, "log10_eta": -3.6923219992620293, "log10_lambda": -4.2350758653049105, "log10_min_child_weight": 2.677171708179202, "log10_subsample": -0.6094710798933248, "max_depth": 2.0, "num_boost_round": 23.0}, "datetime": {"datetime": "2024-01-19 00:24:48", "elapsed": 820.188315, "delta": 0.001128}}
{"target": -13.756523633851852, "params": {"gamma": 520.8720786938484, "log10_alpha": -2.2902809348024507, "log10_colsample_bytree": -0.904604473605252, "log10_eta": -1.3506610737552447, "log10_lambda": -0.5666883987041409, "log10_min_child_weight": 0.7047708268874114, "log10_subsample": -0.4408941552982517, "max_depth": 6.0, "num_boost_round": 0.0}, "datetime": {"datetime": "2024-01-19 00:25:08", "elapsed": 840.026814, "delta": 19.838499}}
{"target": -13.756876137528716, "params": {"gamma": 520.8720786938484, "log10_alpha": -2.2902809348024507, "log10_colsample_bytree": -0.904604473605252, "log10_eta": -1.3506610737552447, "log10_lambda": -0.5666883987041409, "log10_min_child_weight": 0.7047708268874114, "log10_subsample": -0.4408941552982517, "max_depth": 6.0, "num_boost_round": 1.0}, "datetime": {"datetime": "2024-01-19 00:25:08", "elapsed": 840.028637, "delta": 0.001823}}
{"target": -13.756818965890677, "params": {"gamma": 520.8720786938484, "log10_alpha": -2.2902809348024507, "log10_colsample_bytree": -0.904604473605252, "log10_eta": -1.3506610737552447, "log10_lambda": -0.5666883987041409, "log10_min_child_weight": 0.7047708268874114, "log10_subsample": -0.4408941552982517, "max_depth": 6.0, "num_boost_round": 2.0}, "datetime": {"datetime": "2024-01-19 00:25:08", "elapsed": 840.029809, "delta": 0.001172}}
{"target": -13.756695066842758, "params": {"gamma": 520.8720786938484, "log10_alpha": -2.2902809348024507, "log10_colsample_bytree": -0.904604473605252, "log10_eta": -1.3506610737552447, "log10_lambda": -0.5666883987041409, "log10_min_child_weight": 0.7047708268874114, "log10_subsample": -0.4408941552982517, "max_depth": 6.0, "num_boost_round": 3.0}, "datetime": {"datetime": "2024-01-19 00:25:08", "elapsed": 840.031058, "delta": 0.001249}}
{"target": -13.756170546607258, "params": {"gamma": 520.8720786938484, "log10_alpha": -2.2902809348024507, "log10_colsample_bytree": -0.904604473605252, "log10_eta": -1.3506610737552447, "log10_lambda": -0.5666883987041409, "log10_min_child_weight": 0.7047708268874114, "log10_subsample": -0.4408941552982517, "max_depth": 6.0, "num_boost_round": 4.0}, "datetime": {"datetime": "2024-01-19 00:25:08", "elapsed": 840.032161, "delta": 0.001103}}
{"target": -13.757029414583478, "params": {"gamma": 520.8720786938484, "log10_alpha": -2.2902809348024507, "log10_colsample_bytree": -0.904604473605252, "log10_eta": -1.3506610737552447, "log10_lambda": -0.5666883987041409, "log10_min_child_weight": 0.7047708268874114, "log10_subsample": -0.4408941552982517, "max_depth": 6.0, "num_boost_round": 5.0}, "datetime": {"datetime": "2024-01-19 00:25:08", "elapsed": 840.033299, "delta": 0.001138}}
{"target": -13.758079363427008, "params": {"gamma": 520.8720786938484, "log10_alpha": -2.2902809348024507, "log10_colsample_bytree": -0.904604473605252, "log10_eta": -1.3506610737552447, "log10_lambda": -0.5666883987041409, "log10_min_child_weight": 0.7047708268874114, "log10_subsample": -0.4408941552982517, "max_depth": 6.0, "num_boost_round": 6.0}, "datetime": {"datetime": "2024-01-19 00:25:08", "elapsed": 840.034483, "delta": 0.001184}}
{"target": -13.758376049769312, "params": {"gamma": 520.8720786938484, "log10_alpha": -2.2902809348024507, "log10_colsample_bytree": -0.904604473605252, "log10_eta": -1.3506610737552447, "log10_lambda": -0.5666883987041409, "log10_min_child_weight": 0.7047708268874114, "log10_subsample": -0.4408941552982517, "max_depth": 6.0, "num_boost_round": 7.0}, "datetime": {"datetime": "2024-01-19 00:25:08", "elapsed": 840.035609, "delta": 0.001126}}
{"target": -13.758659892647675, "params": {"gamma": 520.8720786938484, "log10_alpha": -2.2902809348024507, "log10_colsample_bytree": -0.904604473605252, "log10_eta": -1.3506610737552447, "log10_lambda": -0.5666883987041409, "log10_min_child_weight": 0.7047708268874114, "log10_subsample": -0.4408941552982517, "max_depth": 6.0, "num_boost_round": 8.0}, "datetime": {"datetime": "2024-01-19 00:25:08", "elapsed": 840.036736, "delta": 0.001127}}
{"target": -13.75831489086651, "params": {"gamma": 520.8720786938484, "log10_alpha": -2.2902809348024507, "log10_colsample_bytree": -0.904604473605252, "log10_eta": -1.3506610737552447, "log10_lambda": -0.5666883987041409, "log10_min_child_weight": 0.7047708268874114, "log10_subsample": -0.4408941552982517, "max_depth": 6.0, "num_boost_round": 9.0}, "datetime": {"datetime": "2024-01-19 00:25:08", "elapsed": 840.037857, "delta": 0.001121}}
{"target": -13.75780234952261, "params": {"gamma": 520.8720786938484, "log10_alpha": -2.2902809348024507, "log10_colsample_bytree": -0.904604473605252, "log10_eta": -1.3506610737552447, "log10_lambda": -0.5666883987041409, "log10_min_child_weight": 0.7047708268874114, "log10_subsample": -0.4408941552982517, "max_depth": 6.0, "num_boost_round": 10.0}, "datetime": {"datetime": "2024-01-19 00:25:08", "elapsed": 840.038974, "delta": 0.001117}}
{"target": -13.758493541670934, "params": {"gamma": 521.2552656155194, "log10_alpha": -4.856835111138801, "log10_colsample_bytree": -0.8420045997396459, "log10_eta": -0.9336666903591841, "log10_lambda": -4.798867947793089, "log10_min_child_weight": 3.605377987535544, "log10_subsample": -0.9390443445099795, "max_depth": 2.0, "num_boost_round": 0.0}, "datetime": {"datetime": "2024-01-19 00:25:27", "elapsed": 859.46743, "delta": 19.428456}}
{"target": -13.758192673440261, "params": {"gamma": 521.2552656155194, "log10_alpha": -4.856835111138801, "log10_colsample_bytree": -0.8420045997396459, "log10_eta": -0.9336666903591841, "log10_lambda": -4.798867947793089, "log10_min_child_weight": 3.605377987535544, "log10_subsample": -0.9390443445099795, "max_depth": 2.0, "num_boost_round": 1.0}, "datetime": {"datetime": "2024-01-19 00:25:27", "elapsed": 859.4689, "delta": 0.00147}}
{"target": -13.758556037012307, "params": {"gamma": 521.2552656155194, "log10_alpha": -4.856835111138801, "log10_colsample_bytree": -0.8420045997396459, "log10_eta": -0.9336666903591841, "log10_lambda": -4.798867947793089, "log10_min_child_weight": 3.605377987535544, "log10_subsample": -0.9390443445099795, "max_depth": 2.0, "num_boost_round": 2.0}, "datetime": {"datetime": "2024-01-19 00:25:27", "elapsed": 859.470289, "delta": 0.001389}}
