{"target": -13.758520960900837, "params": {"gamma": 565.5372506929547, "log10_alpha": 1.0, "log10_colsample_bytree": 0.0, "log10_eta": -4.0, "log10_lambda": 1.0, "log10_min_child_weight": 0.0, "log10_subsample": 0.0, "max_depth": 2.0, "num_boost_round": 15.0}, "datetime": {"datetime": "2024-01-19 01:10:47", "elapsed": 3499.712765, "delta": 0.003902}}
{"target": -13.758519905249216, "params": {"gamma": 565.5372506929547, "log10_alpha": 1.0, "log10_colsample_bytree": 0.0, "log10_eta": -4.0, "log10_lambda": 1.0, "log10_min_child_weight": 0.0, "log10_subsample": 0.0, "max_depth": 2.0, "num_boost_round": 16.0}, "datetime": {"datetime": "2024-01-19 01:10:47", "elapsed": 3499.716489, "delta": 0.003724}}
{"target": -13.758518806082462, "params": {"gamma": 565.5372506929547, "log10_alpha": 1.0, "log10_colsample_bytree": 0.0, "log10_eta": -4.0, "log10_lambda": 1.0, "log10_min_child_weight": 0.0, "log10_subsample": 0.0, "max_depth": 2.0, "num_boost_round": 17.0}, "datetime": {"datetime": "2024-01-19 01:10:47", "elapsed": 3499.720832, "delta": 0.004343}}
{"target": -13.758517777070015, "params": {"gamma": 565.5372506929547, "log10_alpha": 1.0, "log10_colsample_bytree": 0.0, "log10_eta": -4.0, "log10_lambda": 1.0, "log10_min_child_weight": 0.0, "log10_subsample": 0.0, "max_depth": 2.0, "num_boost_round": 18.0}, "datetime": {"datetime": "2024-01-19 01:10:47", "elapsed": 3499.724652, "delta": 0.00382}}
{"target": -13.758516686316261, "params": {"gamma": 565.5372506929547, "log10_alpha": 1.0, "log10_colsample_bytree": 0.0, "log10_eta": -4.0, "log10_lambda": 1.0, "log10_min_child_weight": 0.0, "log10_subsample": 0.0, "max_depth": 2.0, "num_boost_round": 19.0}, "datetime": {"datetime": "2024-01-19 01:10:47", "elapsed": 3499.728557, "delta": 0.003905}}
{"target": -13.758515621163111, "params": {"gamma": 565.5372506929547, "log10_alpha": 1.0, "log10_colsample_bytree": 0.0, "log10_eta": -4.0, "log10_lambda": 1.0, "log10_min_child_weight": 0.0, "log10_subsample": 0.0, "max_depth": 2.0, "num_boost_round": 20.0}, "datetime": {"datetime": "2024-01-19 01:10:47", "elapsed": 3499.732342, "delta": 0.003785}}
{"target": -13.758514532970812, "params": {"gamma": 565.5372506929547, "log10_alpha": 1.0, "log10_colsample_bytree": 0.0, "log10_eta": -4.0, "log10_lambda": 1.0, "log10_min_child_weight": 0.0, "log10_subsample": 0.0, "max_depth": 2.0, "num_boost_round": 21.0}, "datetime": {"datetime": "2024-01-19 01:10:47", "elapsed": 3499.736414, "delta": 0.004072}}
{"target": -13.758513479771715, "params": {"gamma": 565.5372506929547, "log10_alpha": 1.0, "log10_colsample_bytree": 0.0, "log10_eta": -4.0, "log10_lambda": 1.0, "log10_min_child_weight": 0.0, "log10_subsample": 0.0, "max_depth": 2.0, "num_boost_round": 22.0}, "datetime": {"datetime": "2024-01-19 01:10:47", "elapsed": 3499.740748, "delta": 0.004334}}
{"target": -13.758512428340651, "params": {"gamma": 565.5372506929547, "log10_alpha": 1.0, "log10_colsample_bytree": 0.0, "log10_eta": -4.0, "log10_lambda": 1.0, "log10_min_child_weight": 0.0, "log10_subsample": 0.0, "max_depth": 2.0, "num_boost_round": 23.0}, "datetime": {"datetime": "2024-01-19 01:10:47", "elapsed": 3499.744673, "delta": 0.003925}}
{"target": -13.758511342413826, "params": {"gamma": 565.5372506929547, "log10_alpha": 1.0, "log10_colsample_bytree": 0.0, "log10_eta": -4.0, "log10_lambda": 1.0, "log10_min_child_weight": 0.0, "log10_subsample": 0.0, "max_depth": 2.0, "num_boost_round": 24.0}, "datetime": {"datetime": "2024-01-19 01:10:47", "elapsed": 3499.767786, "delta": 0.023113}}
{"target": -13.758510322853313, "params": {"gamma": 565.5372506929547, "log10_alpha": 1.0, "log10_colsample_bytree": 0.0, "log10_eta": -4.0, "log10_lambda": 1.0, "log10_min_child_weight": 0.0, "log10_subsample": 0.0, "max_depth": 2.0, "num_boost_round": 25.0}, "datetime": {"datetime": "2024-01-19 01:10:47", "elapsed": 3499.772461, "delta": 0.004675}}
{"target": -13.758509236232394, "params": {"gamma": 565.5372506929547, "log10_alpha": 1.0, "log10_colsample_bytree": 0.0, "log10_eta": -4.0, "log10_lambda": 1.0, "log10_min_child_weight": 0.0, "log10_subsample": 0.0, "max_depth": 2.0, "num_boost_round": 26.0}, "datetime": {"datetime": "2024-01-19 01:10:47", "elapsed": 3499.776587, "delta": 0.004126}}
{"target": -13.758508193524511, "params": {"gamma": 565.5372506929547, "log10_alpha": 1.0, "log10_colsample_bytree": 0.0, "log10_eta": -4.0, "log10_lambda": 1.0, "log10_min_child_weight": 0.0, "log10_subsample": 0.0, "max_depth": 2.0, "num_boost_round": 27.0}, "datetime": {"datetime": "2024-01-19 01:10:47", "elapsed": 3499.780375, "delta": 0.003788}}
{"target": -13.758507116225307, "params": {"gamma": 565.5372506929547, "log10_alpha": 1.0, "log10_colsample_bytree": 0.0, "log10_eta": -4.0, "log10_lambda": 1.0, "log10_min_child_weight": 0.0, "log10_subsample": 0.0, "max_depth": 2.0, "num_boost_round": 28.0}, "datetime": {"datetime": "2024-01-19 01:10:47", "elapsed": 3499.78422, "delta": 0.003845}}
{"target": -13.758506102665729, "params": {"gamma": 565.5372506929547, "log10_alpha": 1.0, "log10_colsample_bytree": 0.0, "log10_eta": -4.0, "log10_lambda": 1.0, "log10_min_child_weight": 0.0, "log10_subsample": 0.0, "max_depth": 2.0, "num_boost_round": 29.0}, "datetime": {"datetime": "2024-01-19 01:10:47", "elapsed": 3499.788038, "delta": 0.003818}}
{"target": -13.758505029549639, "params": {"gamma": 565.5372506929547, "log10_alpha": 1.0, "log10_colsample_bytree": 0.0, "log10_eta": -4.0, "log10_lambda": 1.0, "log10_min_child_weight": 0.0, "log10_subsample": 0.0, "max_depth": 2.0, "num_boost_round": 30.0}, "datetime": {"datetime": "2024-01-19 01:10:47", "elapsed": 3499.791817, "delta": 0.003779}}
{"target": -13.758503954170054, "params": {"gamma": 565.5372506929547, "log10_alpha": 1.0, "log10_colsample_bytree": 0.0, "log10_eta": -4.0, "log10_lambda": 1.0, "log10_min_child_weight": 0.0, "log10_subsample": 0.0, "max_depth": 2.0, "num_boost_round": 31.0}, "datetime": {"datetime": "2024-01-19 01:10:47", "elapsed": 3499.795986, "delta": 0.004169}}
{"target": -13.75850294223231, "params": {"gamma": 565.5372506929547, "log10_alpha": 1.0, "log10_colsample_bytree": 0.0, "log10_eta": -4.0, "log10_lambda": 1.0, "log10_min_child_weight": 0.0, "log10_subsample": 0.0, "max_depth": 2.0, "num_boost_round": 32.0}, "datetime": {"datetime": "2024-01-19 01:10:47", "elapsed": 3499.799866, "delta": 0.00388}}
{"target": -13.758501870927663, "params": {"gamma": 565.5372506929547, "log10_alpha": 1.0, "log10_colsample_bytree": 0.0, "log10_eta": -4.0, "log10_lambda": 1.0, "log10_min_child_weight": 0.0, "log10_subsample": 0.0, "max_depth": 2.0, "num_boost_round": 33.0}, "datetime": {"datetime": "2024-01-19 01:10:47", "elapsed": 3499.803746, "delta": 0.00388}}
{"target": -13.758500831066133, "params": {"gamma": 565.5372506929547, "log10_alpha": 1.0, "log10_colsample_bytree": 0.0, "log10_eta": -4.0, "log10_lambda": 1.0, "log10_min_child_weight": 0.0, "log10_subsample": 0.0, "max_depth": 2.0, "num_boost_round": 34.0}, "datetime": {"datetime": "2024-01-19 01:10:47", "elapsed": 3499.807451, "delta": 0.003705}}
{"target": -13.75849976085893, "params": {"gamma": 565.5372506929547, "log10_alpha": 1.0, "log10_colsample_bytree": 0.0, "log10_eta": -4.0, "log10_lambda": 1.0, "log10_min_child_weight": 0.0, "log10_subsample": 0.0, "max_depth": 2.0, "num_boost_round": 35.0}, "datetime": {"datetime": "2024-01-19 01:10:47", "elapsed": 3499.811153, "delta": 0.003702}}
{"target": -13.758498747304946, "params": {"gamma": 565.5372506929547, "log10_alpha": 1.0, "log10_colsample_bytree": 0.0, "log10_eta": -4.0, "log10_lambda": 1.0, "log10_min_child_weight": 0.0, "log10_subsample": 0.0, "max_depth": 2.0, "num_boost_round": 36.0}, "datetime": {"datetime": "2024-01-19 01:10:47", "elapsed": 3499.815044, "delta": 0.003891}}
{"target": -13.758497681023924, "params": {"gamma": 565.5372506929547, "log10_alpha": 1.0, "log10_colsample_bytree": 0.0, "log10_eta": -4.0, "log10_lambda": 1.0, "log10_min_child_weight": 0.0, "log10_subsample": 0.0, "max_depth": 2.0, "num_boost_round": 37.0}, "datetime": {"datetime": "2024-01-19 01:10:47", "elapsed": 3499.818739, "delta": 0.003695}}
{"target": -13.758496626311128, "params": {"gamma": 565.5372506929547, "log10_alpha": 1.0, "log10_colsample_bytree": 0.0, "log10_eta": -4.0, "log10_lambda": 1.0, "log10_min_child_weight": 0.0, "log10_subsample": 0.0, "max_depth": 2.0, "num_boost_round": 38.0}, "datetime": {"datetime": "2024-01-19 01:10:47", "elapsed": 3499.822576, "delta": 0.003837}}
{"target": -13.758495625130873, "params": {"gamma": 565.5372506929547, "log10_alpha": 1.0, "log10_colsample_bytree": 0.0, "log10_eta": -4.0, "log10_lambda": 1.0, "log10_min_child_weight": 0.0, "log10_subsample": 0.0, "max_depth": 2.0, "num_boost_round": 39.0}, "datetime": {"datetime": "2024-01-19 01:10:47", "elapsed": 3499.826401, "delta": 0.003825}}
{"target": -13.758494561268073, "params": {"gamma": 565.5372506929547, "log10_alpha": 1.0, "log10_colsample_bytree": 0.0, "log10_eta": -4.0, "log10_lambda": 1.0, "log10_min_child_weight": 0.0, "log10_subsample": 0.0, "max_depth": 2.0, "num_boost_round": 40.0}, "datetime": {"datetime": "2024-01-19 01:10:47", "elapsed": 3499.830281, "delta": 0.00388}}
{"target": -13.758493538368773, "params": {"gamma": 565.5372506929547, "log10_alpha": 1.0, "log10_colsample_bytree": 0.0, "log10_eta": -4.0, "log10_lambda": 1.0, "log10_min_child_weight": 0.0, "log10_subsample": 0.0, "max_depth": 2.0, "num_boost_round": 41.0}, "datetime": {"datetime": "2024-01-19 01:10:47", "elapsed": 3499.834412, "delta": 0.004131}}
{"target": -13.758492478536713, "params": {"gamma": 565.5372506929547, "log10_alpha": 1.0, "log10_colsample_bytree": 0.0, "log10_eta": -4.0, "log10_lambda": 1.0, "log10_min_child_weight": 0.0, "log10_subsample": 0.0, "max_depth": 2.0, "num_boost_round": 42.0}, "datetime": {"datetime": "2024-01-19 01:10:47", "elapsed": 3499.83843, "delta": 0.004018}}
{"target": -13.758491480343007, "params": {"gamma": 565.5372506929547, "log10_alpha": 1.0, "log10_colsample_bytree": 0.0, "log10_eta": -4.0, "log10_lambda": 1.0, "log10_min_child_weight": 0.0, "log10_subsample": 0.0, "max_depth": 2.0, "num_boost_round": 43.0}, "datetime": {"datetime": "2024-01-19 01:10:47", "elapsed": 3499.842421, "delta": 0.003991}}
{"target": -13.758490420904126, "params": {"gamma": 565.5372506929547, "log10_alpha": 1.0, "log10_colsample_bytree": 0.0, "log10_eta": -4.0, "log10_lambda": 1.0, "log10_min_child_weight": 0.0, "log10_subsample": 0.0, "max_depth": 2.0, "num_boost_round": 44.0}, "datetime": {"datetime": "2024-01-19 01:10:47", "elapsed": 3499.846327, "delta": 0.003906}}
{"target": -13.758489406373942, "params": {"gamma": 565.5372506929547, "log10_alpha": 1.0, "log10_colsample_bytree": 0.0, "log10_eta": -4.0, "log10_lambda": 1.0, "log10_min_child_weight": 0.0, "log10_subsample": 0.0, "max_depth": 2.0, "num_boost_round": 45.0}, "datetime": {"datetime": "2024-01-19 01:10:47", "elapsed": 3499.850223, "delta": 0.003896}}
{"target": -13.758488350851101, "params": {"gamma": 565.5372506929547, "log10_alpha": 1.0, "log10_colsample_bytree": 0.0, "log10_eta": -4.0, "log10_lambda": 1.0, "log10_min_child_weight": 0.0, "log10_subsample": 0.0, "max_depth": 2.0, "num_boost_round": 46.0}, "datetime": {"datetime": "2024-01-19 01:10:47", "elapsed": 3499.854332, "delta": 0.004109}}
{"target": -13.758477668918843, "params": {"gamma": 551.1694130879371, "log10_alpha": 0.4026693301623103, "log10_colsample_bytree": -0.8179831069670275, "log10_eta": -2.8550394033651285, "log10_lambda": -2.4596472686219037, "log10_min_child_weight": 1.2345338742434437, "log10_subsample": -0.7843835623398625, "max_depth": 9.0, "num_boost_round": 0.0}, "datetime": {"datetime": "2024-01-19 01:11:43", "elapsed": 3555.642837, "delta": 55.788505}}
{"target": -13.75851213688749, "params": {"gamma": 551.1694130879371, "log10_alpha": 0.4026693301623103, "log10_colsample_bytree": -0.8179831069670275, "log10_eta": -2.8550394033651285, "log10_lambda": -2.4596472686219037, "log10_min_child_weight": 1.2345338742434437, "log10_subsample": -0.7843835623398625, "max_depth": 9.0, "num_boost_round": 1.0}, "datetime": {"datetime": "2024-01-19 01:11:43", "elapsed": 3555.647564, "delta": 0.004727}}
{"target": -13.758326679240051, "params": {"gamma": 551.1694130879371, "log10_alpha": 0.4026693301623103, "log10_colsample_bytree": -0.8179831069670275, "log10_eta": -2.8550394033651285, "log10_lambda": -2.4596472686219037, "log10_min_child_weight": 1.2345338742434437, "log10_subsample": -0.7843835623398625, "max_depth": 9.0, "num_boost_round": 2.0}, "datetime": {"datetime": "2024-01-19 01:11:43", "elapsed": 3555.65131, "delta": 0.003746}}
{"target": -13.758323859082383, "params": {"gamma": 551.1694130879371, "log10_alpha": 0.4026693301623103, "log10_colsample_bytree": -0.8179831069670275, "log10_eta": -2.8550394033651285, "log10_lambda": -2.4596472686219037, "log10_min_child_weight": 1.2345338742434437, "log10_subsample": -0.7843835623398625, "max_depth": 9.0, "num_boost_round": 3.0}, "datetime": {"datetime": "2024-01-19 01:11:43", "elapsed": 3555.655166, "delta": 0.003856}}
{"target": -13.758303332906031, "params": {"gamma": 551.1694130879371, "log10_alpha": 0.4026693301623103, "log10_colsample_bytree": -0.8179831069670275, "log10_eta": -2.8550394033651285, "log10_lambda": -2.4596472686219037, "log10_min_child_weight": 1.2345338742434437, "log10_subsample": -0.7843835623398625, "max_depth": 9.0, "num_boost_round": 4.0}, "datetime": {"datetime": "2024-01-19 01:11:43", "elapsed": 3555.658848, "delta": 0.003682}}
{"target": -13.758308305410965, "params": {"gamma": 551.1694130879371, "log10_alpha": 0.4026693301623103, "log10_colsample_bytree": -0.8179831069670275, "log10_eta": -2.8550394033651285, "log10_lambda": -2.4596472686219037, "log10_min_child_weight": 1.2345338742434437, "log10_subsample": -0.7843835623398625, "max_depth": 9.0, "num_boost_round": 5.0}, "datetime": {"datetime": "2024-01-19 01:11:43", "elapsed": 3555.662526, "delta": 0.003678}}
{"target": -13.758310316215644, "params": {"gamma": 551.1694130879371, "log10_alpha": 0.4026693301623103, "log10_colsample_bytree": -0.8179831069670275, "log10_eta": -2.8550394033651285, "log10_lambda": -2.4596472686219037, "log10_min_child_weight": 1.2345338742434437, "log10_subsample": -0.7843835623398625, "max_depth": 9.0, "num_boost_round": 6.0}, "datetime": {"datetime": "2024-01-19 01:11:43", "elapsed": 3555.666273, "delta": 0.003747}}
{"target": -13.758269447961705, "params": {"gamma": 551.1694130879371, "log10_alpha": 0.4026693301623103, "log10_colsample_bytree": -0.8179831069670275, "log10_eta": -2.8550394033651285, "log10_lambda": -2.4596472686219037, "log10_min_child_weight": 1.2345338742434437, "log10_subsample": -0.7843835623398625, "max_depth": 9.0, "num_boost_round": 7.0}, "datetime": {"datetime": "2024-01-19 01:11:43", "elapsed": 3555.669996, "delta": 0.003723}}
{"target": -13.758269760664446, "params": {"gamma": 551.1694130879371, "log10_alpha": 0.4026693301623103, "log10_colsample_bytree": -0.8179831069670275, "log10_eta": -2.8550394033651285, "log10_lambda": -2.4596472686219037, "log10_min_child_weight": 1.2345338742434437, "log10_subsample": -0.7843835623398625, "max_depth": 9.0, "num_boost_round": 8.0}, "datetime": {"datetime": "2024-01-19 01:11:43", "elapsed": 3555.673933, "delta": 0.003937}}
{"target": -13.75831587795334, "params": {"gamma": 551.1694130879371, "log10_alpha": 0.4026693301623103, "log10_colsample_bytree": -0.8179831069670275, "log10_eta": -2.8550394033651285, "log10_lambda": -2.4596472686219037, "log10_min_child_weight": 1.2345338742434437, "log10_subsample": -0.7843835623398625, "max_depth": 9.0, "num_boost_round": 9.0}, "datetime": {"datetime": "2024-01-19 01:11:43", "elapsed": 3555.677807, "delta": 0.003874}}
{"target": -13.758193755522267, "params": {"gamma": 551.1694130879371, "log10_alpha": 0.4026693301623103, "log10_colsample_bytree": -0.8179831069670275, "log10_eta": -2.8550394033651285, "log10_lambda": -2.4596472686219037, "log10_min_child_weight": 1.2345338742434437, "log10_subsample": -0.7843835623398625, "max_depth": 9.0, "num_boost_round": 10.0}, "datetime": {"datetime": "2024-01-19 01:11:43", "elapsed": 3555.681686, "delta": 0.003879}}
{"target": -13.75816262669408, "params": {"gamma": 551.1694130879371, "log10_alpha": 0.4026693301623103, "log10_colsample_bytree": -0.8179831069670275, "log10_eta": -2.8550394033651285, "log10_lambda": -2.4596472686219037, "log10_min_child_weight": 1.2345338742434437, "log10_subsample": -0.7843835623398625, "max_depth": 9.0, "num_boost_round": 11.0}, "datetime": {"datetime": "2024-01-19 01:11:43", "elapsed": 3555.68553, "delta": 0.003844}}
{"target": -13.758158811716202, "params": {"gamma": 551.1694130879371, "log10_alpha": 0.4026693301623103, "log10_colsample_bytree": -0.8179831069670275, "log10_eta": -2.8550394033651285, "log10_lambda": -2.4596472686219037, "log10_min_child_weight": 1.2345338742434437, "log10_subsample": -0.7843835623398625, "max_depth": 9.0, "num_boost_round": 12.0}, "datetime": {"datetime": "2024-01-19 01:11:43", "elapsed": 3555.689214, "delta": 0.003684}}
{"target": -13.75811120712096, "params": {"gamma": 551.1694130879371, "log10_alpha": 0.4026693301623103, "log10_colsample_bytree": -0.8179831069670275, "log10_eta": -2.8550394033651285, "log10_lambda": -2.4596472686219037, "log10_min_child_weight": 1.2345338742434437, "log10_subsample": -0.7843835623398625, "max_depth": 9.0, "num_boost_round": 13.0}, "datetime": {"datetime": "2024-01-19 01:11:43", "elapsed": 3555.692958, "delta": 0.003744}}
{"target": -13.758072122007292, "params": {"gamma": 551.1694130879371, "log10_alpha": 0.4026693301623103, "log10_colsample_bytree": -0.8179831069670275, "log10_eta": -2.8550394033651285, "log10_lambda": -2.4596472686219037, "log10_min_child_weight": 1.2345338742434437, "log10_subsample": -0.7843835623398625, "max_depth": 9.0, "num_boost_round": 14.0}, "datetime": {"datetime": "2024-01-19 01:11:43", "elapsed": 3555.696735, "delta": 0.003777}}
{"target": -13.758014591954412, "params": {"gamma": 551.1694130879371, "log10_alpha": 0.4026693301623103, "log10_colsample_bytree": -0.8179831069670275, "log10_eta": -2.8550394033651285, "log10_lambda": -2.4596472686219037, "log10_min_child_weight": 1.2345338742434437, "log10_subsample": -0.7843835623398625, "max_depth": 9.0, "num_boost_round": 15.0}, "datetime": {"datetime": "2024-01-19 01:11:43", "elapsed": 3555.700578, "delta": 0.003843}}
{"target": -13.758023237482229, "params": {"gamma": 551.1694130879371, "log10_alpha": 0.4026693301623103, "log10_colsample_bytree": -0.8179831069670275, "log10_eta": -2.8550394033651285, "log10_lambda": -2.4596472686219037, "log10_min_child_weight": 1.2345338742434437, "log10_subsample": -0.7843835623398625, "max_depth": 9.0, "num_boost_round": 16.0}, "datetime": {"datetime": "2024-01-19 01:11:43", "elapsed": 3555.70437, "delta": 0.003792}}
{"target": -13.757931758590203, "params": {"gamma": 551.1694130879371, "log10_alpha": 0.4026693301623103, "log10_colsample_bytree": -0.8179831069670275, "log10_eta": -2.8550394033651285, "log10_lambda": -2.4596472686219037, "log10_min_child_weight": 1.2345338742434437, "log10_subsample": -0.7843835623398625, "max_depth": 9.0, "num_boost_round": 17.0}, "datetime": {"datetime": "2024-01-19 01:11:43", "elapsed": 3555.708122, "delta": 0.003752}}
{"target": -13.75789581793966, "params": {"gamma": 551.1694130879371, "log10_alpha": 0.4026693301623103, "log10_colsample_bytree": -0.8179831069670275, "log10_eta": -2.8550394033651285, "log10_lambda": -2.4596472686219037, "log10_min_child_weight": 1.2345338742434437, "log10_subsample": -0.7843835623398625, "max_depth": 9.0, "num_boost_round": 18.0}, "datetime": {"datetime": "2024-01-19 01:11:43", "elapsed": 3555.711901, "delta": 0.003779}}
{"target": -13.75780738572343, "params": {"gamma": 551.1694130879371, "log10_alpha": 0.4026693301623103, "log10_colsample_bytree": -0.8179831069670275, "log10_eta": -2.8550394033651285, "log10_lambda": -2.4596472686219037, "log10_min_child_weight": 1.2345338742434437, "log10_subsample": -0.7843835623398625, "max_depth": 9.0, "num_boost_round": 19.0}, "datetime": {"datetime": "2024-01-19 01:11:43", "elapsed": 3555.715632, "delta": 0.003731}}
{"target": -13.757715267098849, "params": {"gamma": 551.1694130879371, "log10_alpha": 0.4026693301623103, "log10_colsample_bytree": -0.8179831069670275, "log10_eta": -2.8550394033651285, "log10_lambda": -2.4596472686219037, "log10_min_child_weight": 1.2345338742434437, "log10_subsample": -0.7843835623398625, "max_depth": 9.0, "num_boost_round": 20.0}, "datetime": {"datetime": "2024-01-19 01:11:43", "elapsed": 3555.719358, "delta": 0.003726}}
{"target": -13.757633532219849, "params": {"gamma": 551.1694130879371, "log10_alpha": 0.4026693301623103, "log10_colsample_bytree": -0.8179831069670275, "log10_eta": -2.8550394033651285, "log10_lambda": -2.4596472686219037, "log10_min_child_weight": 1.2345338742434437, "log10_subsample": -0.7843835623398625, "max_depth": 9.0, "num_boost_round": 21.0}, "datetime": {"datetime": "2024-01-19 01:11:43", "elapsed": 3555.723089, "delta": 0.003731}}
{"target": -13.757560776486267, "params": {"gamma": 551.1694130879371, "log10_alpha": 0.4026693301623103, "log10_colsample_bytree": -0.8179831069670275, "log10_eta": -2.8550394033651285, "log10_lambda": -2.4596472686219037, "log10_min_child_weight": 1.2345338742434437, "log10_subsample": -0.7843835623398625, "max_depth": 9.0, "num_boost_round": 22.0}, "datetime": {"datetime": "2024-01-19 01:11:43", "elapsed": 3555.726841, "delta": 0.003752}}
{"target": -13.757466094946295, "params": {"gamma": 551.1694130879371, "log10_alpha": 0.4026693301623103, "log10_colsample_bytree": -0.8179831069670275, "log10_eta": -2.8550394033651285, "log10_lambda": -2.4596472686219037, "log10_min_child_weight": 1.2345338742434437, "log10_subsample": -0.7843835623398625, "max_depth": 9.0, "num_boost_round": 23.0}, "datetime": {"datetime": "2024-01-19 01:11:43", "elapsed": 3555.730682, "delta": 0.003841}}
