{"target": -17.67721489079032, "params": {"gamma": 411.0140214460873, "log10_alpha": 0.49315150049986567, "log10_colsample_bytree": -0.32548763690039795, "log10_eta": -3.962273599721823, "log10_lambda": 0.43674061768462025, "log10_min_child_weight": 1.306078445572541, "log10_subsample": -0.14525412171138208, "max_depth": 9.0, "num_boost_round": 4.0}, "datetime": {"datetime": "2024-01-19 01:06:22", "elapsed": 3274.930057, "delta": 0.003828}}
{"target": -17.677206623458808, "params": {"gamma": 411.0140214460873, "log10_alpha": 0.49315150049986567, "log10_colsample_bytree": -0.32548763690039795, "log10_eta": -3.962273599721823, "log10_lambda": 0.43674061768462025, "log10_min_child_weight": 1.306078445572541, "log10_subsample": -0.14525412171138208, "max_depth": 9.0, "num_boost_round": 5.0}, "datetime": {"datetime": "2024-01-19 01:06:22", "elapsed": 3274.933775, "delta": 0.003718}}
{"target": -17.677202903215846, "params": {"gamma": 411.0140214460873, "log10_alpha": 0.49315150049986567, "log10_colsample_bytree": -0.32548763690039795, "log10_eta": -3.962273599721823, "log10_lambda": 0.43674061768462025, "log10_min_child_weight": 1.306078445572541, "log10_subsample": -0.14525412171138208, "max_depth": 9.0, "num_boost_round": 6.0}, "datetime": {"datetime": "2024-01-19 01:06:22", "elapsed": 3274.93756, "delta": 0.003785}}
{"target": -17.677199918098108, "params": {"gamma": 411.0140214460873, "log10_alpha": 0.49315150049986567, "log10_colsample_bytree": -0.32548763690039795, "log10_eta": -3.962273599721823, "log10_lambda": 0.43674061768462025, "log10_min_child_weight": 1.306078445572541, "log10_subsample": -0.14525412171138208, "max_depth": 9.0, "num_boost_round": 7.0}, "datetime": {"datetime": "2024-01-19 01:06:22", "elapsed": 3274.941448, "delta": 0.003888}}
{"target": -17.677191808600863, "params": {"gamma": 411.0140214460873, "log10_alpha": 0.49315150049986567, "log10_colsample_bytree": -0.32548763690039795, "log10_eta": -3.962273599721823, "log10_lambda": 0.43674061768462025, "log10_min_child_weight": 1.306078445572541, "log10_subsample": -0.14525412171138208, "max_depth": 9.0, "num_boost_round": 8.0}, "datetime": {"datetime": "2024-01-19 01:06:22", "elapsed": 3274.945294, "delta": 0.003846}}
{"target": -17.677189621380236, "params": {"gamma": 411.0140214460873, "log10_alpha": 0.49315150049986567, "log10_colsample_bytree": -0.32548763690039795, "log10_eta": -3.962273599721823, "log10_lambda": 0.43674061768462025, "log10_min_child_weight": 1.306078445572541, "log10_subsample": -0.14525412171138208, "max_depth": 9.0, "num_boost_round": 9.0}, "datetime": {"datetime": "2024-01-19 01:06:22", "elapsed": 3274.949025, "delta": 0.003731}}
{"target": -17.67717720392287, "params": {"gamma": 411.0140214460873, "log10_alpha": 0.49315150049986567, "log10_colsample_bytree": -0.32548763690039795, "log10_eta": -3.962273599721823, "log10_lambda": 0.43674061768462025, "log10_min_child_weight": 1.306078445572541, "log10_subsample": -0.14525412171138208, "max_depth": 9.0, "num_boost_round": 10.0}, "datetime": {"datetime": "2024-01-19 01:06:22", "elapsed": 3274.952958, "delta": 0.003933}}
{"target": -17.677174477237934, "params": {"gamma": 411.0140214460873, "log10_alpha": 0.49315150049986567, "log10_colsample_bytree": -0.32548763690039795, "log10_eta": -3.962273599721823, "log10_lambda": 0.43674061768462025, "log10_min_child_weight": 1.306078445572541, "log10_subsample": -0.14525412171138208, "max_depth": 9.0, "num_boost_round": 11.0}, "datetime": {"datetime": "2024-01-19 01:06:22", "elapsed": 3274.956847, "delta": 0.003889}}
{"target": -17.677170248014797, "params": {"gamma": 411.0140214460873, "log10_alpha": 0.49315150049986567, "log10_colsample_bytree": -0.32548763690039795, "log10_eta": -3.962273599721823, "log10_lambda": 0.43674061768462025, "log10_min_child_weight": 1.306078445572541, "log10_subsample": -0.14525412171138208, "max_depth": 9.0, "num_boost_round": 12.0}, "datetime": {"datetime": "2024-01-19 01:06:22", "elapsed": 3274.960755, "delta": 0.003908}}
{"target": -17.677163020517067, "params": {"gamma": 411.0140214460873, "log10_alpha": 0.49315150049986567, "log10_colsample_bytree": -0.32548763690039795, "log10_eta": -3.962273599721823, "log10_lambda": 0.43674061768462025, "log10_min_child_weight": 1.306078445572541, "log10_subsample": -0.14525412171138208, "max_depth": 9.0, "num_boost_round": 13.0}, "datetime": {"datetime": "2024-01-19 01:06:22", "elapsed": 3274.968532, "delta": 0.007777}}
{"target": -17.67716058783812, "params": {"gamma": 411.0140214460873, "log10_alpha": 0.49315150049986567, "log10_colsample_bytree": -0.32548763690039795, "log10_eta": -3.962273599721823, "log10_lambda": 0.43674061768462025, "log10_min_child_weight": 1.306078445572541, "log10_subsample": -0.14525412171138208, "max_depth": 9.0, "num_boost_round": 14.0}, "datetime": {"datetime": "2024-01-19 01:06:22", "elapsed": 3274.972344, "delta": 0.003812}}
{"target": -17.677161576270628, "params": {"gamma": 411.0140214460873, "log10_alpha": 0.49315150049986567, "log10_colsample_bytree": -0.32548763690039795, "log10_eta": -3.962273599721823, "log10_lambda": 0.43674061768462025, "log10_min_child_weight": 1.306078445572541, "log10_subsample": -0.14525412171138208, "max_depth": 9.0, "num_boost_round": 15.0}, "datetime": {"datetime": "2024-01-19 01:06:22", "elapsed": 3274.976075, "delta": 0.003731}}
{"target": -17.677153627789497, "params": {"gamma": 411.0140214460873, "log10_alpha": 0.49315150049986567, "log10_colsample_bytree": -0.32548763690039795, "log10_eta": -3.962273599721823, "log10_lambda": 0.43674061768462025, "log10_min_child_weight": 1.306078445572541, "log10_subsample": -0.14525412171138208, "max_depth": 9.0, "num_boost_round": 16.0}, "datetime": {"datetime": "2024-01-19 01:06:22", "elapsed": 3274.979832, "delta": 0.003757}}
{"target": -17.67714896803274, "params": {"gamma": 411.0140214460873, "log10_alpha": 0.49315150049986567, "log10_colsample_bytree": -0.32548763690039795, "log10_eta": -3.962273599721823, "log10_lambda": 0.43674061768462025, "log10_min_child_weight": 1.306078445572541, "log10_subsample": -0.14525412171138208, "max_depth": 9.0, "num_boost_round": 17.0}, "datetime": {"datetime": "2024-01-19 01:06:22", "elapsed": 3274.983746, "delta": 0.003914}}
{"target": -17.67714066587582, "params": {"gamma": 411.0140214460873, "log10_alpha": 0.49315150049986567, "log10_colsample_bytree": -0.32548763690039795, "log10_eta": -3.962273599721823, "log10_lambda": 0.43674061768462025, "log10_min_child_weight": 1.306078445572541, "log10_subsample": -0.14525412171138208, "max_depth": 9.0, "num_boost_round": 18.0}, "datetime": {"datetime": "2024-01-19 01:06:22", "elapsed": 3274.987527, "delta": 0.003781}}
{"target": -17.677226811323568, "params": {"gamma": 396.9598611611634, "log10_alpha": -2.9734741575098704, "log10_colsample_bytree": -0.93898346427089, "log10_eta": -3.717081962838489, "log10_lambda": -0.1404545637665482, "log10_min_child_weight": 3.8777637704817174, "log10_subsample": -0.3254033388773371, "max_depth": 8.0, "num_boost_round": 0.0}, "datetime": {"datetime": "2024-01-19 01:07:04", "elapsed": 3317.443694, "delta": 42.456167}}
{"target": -17.67722352304513, "params": {"gamma": 396.9598611611634, "log10_alpha": -2.9734741575098704, "log10_colsample_bytree": -0.93898346427089, "log10_eta": -3.717081962838489, "log10_lambda": -0.1404545637665482, "log10_min_child_weight": 3.8777637704817174, "log10_subsample": -0.3254033388773371, "max_depth": 8.0, "num_boost_round": 1.0}, "datetime": {"datetime": "2024-01-19 01:07:04", "elapsed": 3317.448613, "delta": 0.004919}}
{"target": -17.677217500250233, "params": {"gamma": 396.9598611611634, "log10_alpha": -2.9734741575098704, "log10_colsample_bytree": -0.93898346427089, "log10_eta": -3.717081962838489, "log10_lambda": -0.1404545637665482, "log10_min_child_weight": 3.8777637704817174, "log10_subsample": -0.3254033388773371, "max_depth": 8.0, "num_boost_round": 2.0}, "datetime": {"datetime": "2024-01-19 01:07:04", "elapsed": 3317.453054, "delta": 0.004441}}
{"target": -17.67721606445759, "params": {"gamma": 396.9598611611634, "log10_alpha": -2.9734741575098704, "log10_colsample_bytree": -0.93898346427089, "log10_eta": -3.717081962838489, "log10_lambda": -0.1404545637665482, "log10_min_child_weight": 3.8777637704817174, "log10_subsample": -0.3254033388773371, "max_depth": 8.0, "num_boost_round": 3.0}, "datetime": {"datetime": "2024-01-19 01:07:04", "elapsed": 3317.457152, "delta": 0.004098}}
{"target": -17.67721160536947, "params": {"gamma": 396.9598611611634, "log10_alpha": -2.9734741575098704, "log10_colsample_bytree": -0.93898346427089, "log10_eta": -3.717081962838489, "log10_lambda": -0.1404545637665482, "log10_min_child_weight": 3.8777637704817174, "log10_subsample": -0.3254033388773371, "max_depth": 8.0, "num_boost_round": 4.0}, "datetime": {"datetime": "2024-01-19 01:07:04", "elapsed": 3317.461203, "delta": 0.004051}}
{"target": -17.677210097826173, "params": {"gamma": 396.9598611611634, "log10_alpha": -2.9734741575098704, "log10_colsample_bytree": -0.93898346427089, "log10_eta": -3.717081962838489, "log10_lambda": -0.1404545637665482, "log10_min_child_weight": 3.8777637704817174, "log10_subsample": -0.3254033388773371, "max_depth": 8.0, "num_boost_round": 5.0}, "datetime": {"datetime": "2024-01-19 01:07:04", "elapsed": 3317.465157, "delta": 0.003954}}
{"target": -17.677211449765913, "params": {"gamma": 396.9598611611634, "log10_alpha": -2.9734741575098704, "log10_colsample_bytree": -0.93898346427089, "log10_eta": -3.717081962838489, "log10_lambda": -0.1404545637665482, "log10_min_child_weight": 3.8777637704817174, "log10_subsample": -0.3254033388773371, "max_depth": 8.0, "num_boost_round": 6.0}, "datetime": {"datetime": "2024-01-19 01:07:04", "elapsed": 3317.469215, "delta": 0.004058}}
{"target": -17.677204225069865, "params": {"gamma": 396.9598611611634, "log10_alpha": -2.9734741575098704, "log10_colsample_bytree": -0.93898346427089, "log10_eta": -3.717081962838489, "log10_lambda": -0.1404545637665482, "log10_min_child_weight": 3.8777637704817174, "log10_subsample": -0.3254033388773371, "max_depth": 8.0, "num_boost_round": 7.0}, "datetime": {"datetime": "2024-01-19 01:07:04", "elapsed": 3317.473247, "delta": 0.004032}}
{"target": -17.6771980311062, "params": {"gamma": 396.9598611611634, "log10_alpha": -2.9734741575098704, "log10_colsample_bytree": -0.93898346427089, "log10_eta": -3.717081962838489, "log10_lambda": -0.1404545637665482, "log10_min_child_weight": 3.8777637704817174, "log10_subsample": -0.3254033388773371, "max_depth": 8.0, "num_boost_round": 8.0}, "datetime": {"datetime": "2024-01-19 01:07:04", "elapsed": 3317.47721, "delta": 0.003963}}
{"target": -17.677196368633265, "params": {"gamma": 396.9598611611634, "log10_alpha": -2.9734741575098704, "log10_colsample_bytree": -0.93898346427089, "log10_eta": -3.717081962838489, "log10_lambda": -0.1404545637665482, "log10_min_child_weight": 3.8777637704817174, "log10_subsample": -0.3254033388773371, "max_depth": 8.0, "num_boost_round": 9.0}, "datetime": {"datetime": "2024-01-19 01:07:04", "elapsed": 3317.481273, "delta": 0.004063}}
{"target": -17.677196988546388, "params": {"gamma": 396.9598611611634, "log10_alpha": -2.9734741575098704, "log10_colsample_bytree": -0.93898346427089, "log10_eta": -3.717081962838489, "log10_lambda": -0.1404545637665482, "log10_min_child_weight": 3.8777637704817174, "log10_subsample": -0.3254033388773371, "max_depth": 8.0, "num_boost_round": 10.0}, "datetime": {"datetime": "2024-01-19 01:07:04", "elapsed": 3317.485193, "delta": 0.00392}}
{"target": -17.677229772969643, "params": {"gamma": 420.5542781765255, "log10_alpha": -4.589901843972713, "log10_colsample_bytree": -0.4266311675778104, "log10_eta": -3.5907031645581053, "log10_lambda": -3.6604883198746077, "log10_min_child_weight": 1.7273266378963104, "log10_subsample": -0.8039303308038038, "max_depth": 9.0, "num_boost_round": 0.0}, "datetime": {"datetime": "2024-01-19 01:08:52", "elapsed": 3425.185926, "delta": 107.700733}}
{"target": -17.67722130005684, "params": {"gamma": 420.5542781765255, "log10_alpha": -4.589901843972713, "log10_colsample_bytree": -0.4266311675778104, "log10_eta": -3.5907031645581053, "log10_lambda": -3.6604883198746077, "log10_min_child_weight": 1.7273266378963104, "log10_subsample": -0.8039303308038038, "max_depth": 9.0, "num_boost_round": 1.0}, "datetime": {"datetime": "2024-01-19 01:08:52", "elapsed": 3425.191532, "delta": 0.005606}}
{"target": -17.67721269214125, "params": {"gamma": 420.5542781765255, "log10_alpha": -4.589901843972713, "log10_colsample_bytree": -0.4266311675778104, "log10_eta": -3.5907031645581053, "log10_lambda": -3.6604883198746077, "log10_min_child_weight": 1.7273266378963104, "log10_subsample": -0.8039303308038038, "max_depth": 9.0, "num_boost_round": 2.0}, "datetime": {"datetime": "2024-01-19 01:08:52", "elapsed": 3425.195819, "delta": 0.004287}}
{"target": -17.677186492776887, "params": {"gamma": 420.5542781765255, "log10_alpha": -4.589901843972713, "log10_colsample_bytree": -0.4266311675778104, "log10_eta": -3.5907031645581053, "log10_lambda": -3.6604883198746077, "log10_min_child_weight": 1.7273266378963104, "log10_subsample": -0.8039303308038038, "max_depth": 9.0, "num_boost_round": 3.0}, "datetime": {"datetime": "2024-01-19 01:08:52", "elapsed": 3425.200081, "delta": 0.004262}}
{"target": -17.677192325461547, "params": {"gamma": 420.5542781765255, "log10_alpha": -4.589901843972713, "log10_colsample_bytree": -0.4266311675778104, "log10_eta": -3.5907031645581053, "log10_lambda": -3.6604883198746077, "log10_min_child_weight": 1.7273266378963104, "log10_subsample": -0.8039303308038038, "max_depth": 9.0, "num_boost_round": 4.0}, "datetime": {"datetime": "2024-01-19 01:08:52", "elapsed": 3425.204486, "delta": 0.004405}}
{"target": -17.677174694340287, "params": {"gamma": 420.5542781765255, "log10_alpha": -4.589901843972713, "log10_colsample_bytree": -0.4266311675778104, "log10_eta": -3.5907031645581053, "log10_lambda": -3.6604883198746077, "log10_min_child_weight": 1.7273266378963104, "log10_subsample": -0.8039303308038038, "max_depth": 9.0, "num_boost_round": 5.0}, "datetime": {"datetime": "2024-01-19 01:08:52", "elapsed": 3425.208938, "delta": 0.004452}}
{"target": -17.677183115715355, "params": {"gamma": 420.5542781765255, "log10_alpha": -4.589901843972713, "log10_colsample_bytree": -0.4266311675778104, "log10_eta": -3.5907031645581053, "log10_lambda": -3.6604883198746077, "log10_min_child_weight": 1.7273266378963104, "log10_subsample": -0.8039303308038038, "max_depth": 9.0, "num_boost_round": 6.0}, "datetime": {"datetime": "2024-01-19 01:08:52", "elapsed": 3425.213332, "delta": 0.004394}}
{"target": -17.677161623597815, "params": {"gamma": 420.5542781765255, "log10_alpha": -4.589901843972713, "log10_colsample_bytree": -0.4266311675778104, "log10_eta": -3.5907031645581053, "log10_lambda": -3.6604883198746077, "log10_min_child_weight": 1.7273266378963104, "log10_subsample": -0.8039303308038038, "max_depth": 9.0, "num_boost_round": 7.0}, "datetime": {"datetime": "2024-01-19 01:08:52", "elapsed": 3425.217612, "delta": 0.00428}}
{"target": -17.677151221526866, "params": {"gamma": 420.5542781765255, "log10_alpha": -4.589901843972713, "log10_colsample_bytree": -0.4266311675778104, "log10_eta": -3.5907031645581053, "log10_lambda": -3.6604883198746077, "log10_min_child_weight": 1.7273266378963104, "log10_subsample": -0.8039303308038038, "max_depth": 9.0, "num_boost_round": 8.0}, "datetime": {"datetime": "2024-01-19 01:08:52", "elapsed": 3425.222059, "delta": 0.004447}}
{"target": -17.677141522298967, "params": {"gamma": 420.5542781765255, "log10_alpha": -4.589901843972713, "log10_colsample_bytree": -0.4266311675778104, "log10_eta": -3.5907031645581053, "log10_lambda": -3.6604883198746077, "log10_min_child_weight": 1.7273266378963104, "log10_subsample": -0.8039303308038038, "max_depth": 9.0, "num_boost_round": 9.0}, "datetime": {"datetime": "2024-01-19 01:08:52", "elapsed": 3425.226407, "delta": 0.004348}}
{"target": -17.67710974454106, "params": {"gamma": 420.5542781765255, "log10_alpha": -4.589901843972713, "log10_colsample_bytree": -0.4266311675778104, "log10_eta": -3.5907031645581053, "log10_lambda": -3.6604883198746077, "log10_min_child_weight": 1.7273266378963104, "log10_subsample": -0.8039303308038038, "max_depth": 9.0, "num_boost_round": 10.0}, "datetime": {"datetime": "2024-01-19 01:08:52", "elapsed": 3425.231224, "delta": 0.004817}}
{"target": -17.67709721600585, "params": {"gamma": 420.5542781765255, "log10_alpha": -4.589901843972713, "log10_colsample_bytree": -0.4266311675778104, "log10_eta": -3.5907031645581053, "log10_lambda": -3.6604883198746077, "log10_min_child_weight": 1.7273266378963104, "log10_subsample": -0.8039303308038038, "max_depth": 9.0, "num_boost_round": 11.0}, "datetime": {"datetime": "2024-01-19 01:08:52", "elapsed": 3425.235755, "delta": 0.004531}}
{"target": -17.677082799823822, "params": {"gamma": 420.5542781765255, "log10_alpha": -4.589901843972713, "log10_colsample_bytree": -0.4266311675778104, "log10_eta": -3.5907031645581053, "log10_lambda": -3.6604883198746077, "log10_min_child_weight": 1.7273266378963104, "log10_subsample": -0.8039303308038038, "max_depth": 9.0, "num_boost_round": 12.0}, "datetime": {"datetime": "2024-01-19 01:08:52", "elapsed": 3425.240045, "delta": 0.00429}}
{"target": -17.67707849454908, "params": {"gamma": 420.5542781765255, "log10_alpha": -4.589901843972713, "log10_colsample_bytree": -0.4266311675778104, "log10_eta": -3.5907031645581053, "log10_lambda": -3.6604883198746077, "log10_min_child_weight": 1.7273266378963104, "log10_subsample": -0.8039303308038038, "max_depth": 9.0, "num_boost_round": 13.0}, "datetime": {"datetime": "2024-01-19 01:08:52", "elapsed": 3425.244404, "delta": 0.004359}}
{"target": -17.67705955752037, "params": {"gamma": 420.5542781765255, "log10_alpha": -4.589901843972713, "log10_colsample_bytree": -0.4266311675778104, "log10_eta": -3.5907031645581053, "log10_lambda": -3.6604883198746077, "log10_min_child_weight": 1.7273266378963104, "log10_subsample": -0.8039303308038038, "max_depth": 9.0, "num_boost_round": 14.0}, "datetime": {"datetime": "2024-01-19 01:08:52", "elapsed": 3425.248612, "delta": 0.004208}}
{"target": -17.67704429823059, "params": {"gamma": 420.5542781765255, "log10_alpha": -4.589901843972713, "log10_colsample_bytree": -0.4266311675778104, "log10_eta": -3.5907031645581053, "log10_lambda": -3.6604883198746077, "log10_min_child_weight": 1.7273266378963104, "log10_subsample": -0.8039303308038038, "max_depth": 9.0, "num_boost_round": 15.0}, "datetime": {"datetime": "2024-01-19 01:08:52", "elapsed": 3425.376899, "delta": 0.128287}}
{"target": -17.677048817812214, "params": {"gamma": 420.5542781765255, "log10_alpha": -4.589901843972713, "log10_colsample_bytree": -0.4266311675778104, "log10_eta": -3.5907031645581053, "log10_lambda": -3.6604883198746077, "log10_min_child_weight": 1.7273266378963104, "log10_subsample": -0.8039303308038038, "max_depth": 9.0, "num_boost_round": 16.0}, "datetime": {"datetime": "2024-01-19 01:08:52", "elapsed": 3425.381981, "delta": 0.005082}}
{"target": -17.677046807323716, "params": {"gamma": 420.5542781765255, "log10_alpha": -4.589901843972713, "log10_colsample_bytree": -0.4266311675778104, "log10_eta": -3.5907031645581053, "log10_lambda": -3.6604883198746077, "log10_min_child_weight": 1.7273266378963104, "log10_subsample": -0.8039303308038038, "max_depth": 9.0, "num_boost_round": 17.0}, "datetime": {"datetime": "2024-01-19 01:08:52", "elapsed": 3425.386799, "delta": 0.004818}}
{"target": -17.677035391625015, "params": {"gamma": 420.5542781765255, "log10_alpha": -4.589901843972713, "log10_colsample_bytree": -0.4266311675778104, "log10_eta": -3.5907031645581053, "log10_lambda": -3.6604883198746077, "log10_min_child_weight": 1.7273266378963104, "log10_subsample": -0.8039303308038038, "max_depth": 9.0, "num_boost_round": 18.0}, "datetime": {"datetime": "2024-01-19 01:08:52", "elapsed": 3425.391558, "delta": 0.004759}}
{"target": -17.67701392660828, "params": {"gamma": 420.5542781765255, "log10_alpha": -4.589901843972713, "log10_colsample_bytree": -0.4266311675778104, "log10_eta": -3.5907031645581053, "log10_lambda": -3.6604883198746077, "log10_min_child_weight": 1.7273266378963104, "log10_subsample": -0.8039303308038038, "max_depth": 9.0, "num_boost_round": 19.0}, "datetime": {"datetime": "2024-01-19 01:08:52", "elapsed": 3425.396258, "delta": 0.0047}}
{"target": -17.677005433450706, "params": {"gamma": 420.5542781765255, "log10_alpha": -4.589901843972713, "log10_colsample_bytree": -0.4266311675778104, "log10_eta": -3.5907031645581053, "log10_lambda": -3.6604883198746077, "log10_min_child_weight": 1.7273266378963104, "log10_subsample": -0.8039303308038038, "max_depth": 9.0, "num_boost_round": 20.0}, "datetime": {"datetime": "2024-01-19 01:08:52", "elapsed": 3425.400878, "delta": 0.00462}}
{"target": -17.676994558151602, "params": {"gamma": 420.5542781765255, "log10_alpha": -4.589901843972713, "log10_colsample_bytree": -0.4266311675778104, "log10_eta": -3.5907031645581053, "log10_lambda": -3.6604883198746077, "log10_min_child_weight": 1.7273266378963104, "log10_subsample": -0.8039303308038038, "max_depth": 9.0, "num_boost_round": 21.0}, "datetime": {"datetime": "2024-01-19 01:08:52", "elapsed": 3425.405441, "delta": 0.004563}}
{"target": -17.676965233177967, "params": {"gamma": 420.5542781765255, "log10_alpha": -4.589901843972713, "log10_colsample_bytree": -0.4266311675778104, "log10_eta": -3.5907031645581053, "log10_lambda": -3.6604883198746077, "log10_min_child_weight": 1.7273266378963104, "log10_subsample": -0.8039303308038038, "max_depth": 9.0, "num_boost_round": 22.0}, "datetime": {"datetime": "2024-01-19 01:08:52", "elapsed": 3425.409864, "delta": 0.004423}}
