{"target": -13.758516295197653, "params": {"gamma": 889.3663604517561, "log10_alpha": 0.40746091753077884, "log10_colsample_bytree": -0.4504641315551444, "log10_eta": -3.988986203639838, "log10_lambda": -2.5212381141636415, "log10_min_child_weight": 0.5469620741289871, "log10_subsample": -0.6956281317888272, "max_depth": 9.0, "num_boost_round": 3.0}, "datetime": {"datetime": "2024-01-19 00:15:06", "elapsed": 211.194862, "delta": 0.000608}}
{"target": -13.758512155817678, "params": {"gamma": 889.3663604517561, "log10_alpha": 0.40746091753077884, "log10_colsample_bytree": -0.4504641315551444, "log10_eta": -3.988986203639838, "log10_lambda": -2.5212381141636415, "log10_min_child_weight": 0.5469620741289871, "log10_subsample": -0.6956281317888272, "max_depth": 9.0, "num_boost_round": 4.0}, "datetime": {"datetime": "2024-01-19 00:15:06", "elapsed": 211.19558, "delta": 0.000718}}
{"target": -13.758506317031824, "params": {"gamma": 889.3663604517561, "log10_alpha": 0.40746091753077884, "log10_colsample_bytree": -0.4504641315551444, "log10_eta": -3.988986203639838, "log10_lambda": -2.5212381141636415, "log10_min_child_weight": 0.5469620741289871, "log10_subsample": -0.6956281317888272, "max_depth": 9.0, "num_boost_round": 5.0}, "datetime": {"datetime": "2024-01-19 00:15:06", "elapsed": 211.199964, "delta": 0.004384}}
{"target": -13.75850936979638, "params": {"gamma": 889.3663604517561, "log10_alpha": 0.40746091753077884, "log10_colsample_bytree": -0.4504641315551444, "log10_eta": -3.988986203639838, "log10_lambda": -2.5212381141636415, "log10_min_child_weight": 0.5469620741289871, "log10_subsample": -0.6956281317888272, "max_depth": 9.0, "num_boost_round": 6.0}, "datetime": {"datetime": "2024-01-19 00:15:06", "elapsed": 211.20058, "delta": 0.000616}}
{"target": -13.758510062557042, "params": {"gamma": 889.3663604517561, "log10_alpha": 0.40746091753077884, "log10_colsample_bytree": -0.4504641315551444, "log10_eta": -3.988986203639838, "log10_lambda": -2.5212381141636415, "log10_min_child_weight": 0.5469620741289871, "log10_subsample": -0.6956281317888272, "max_depth": 9.0, "num_boost_round": 7.0}, "datetime": {"datetime": "2024-01-19 00:15:06", "elapsed": 211.201322, "delta": 0.000742}}
{"target": -13.758507790604437, "params": {"gamma": 889.3663604517561, "log10_alpha": 0.40746091753077884, "log10_colsample_bytree": -0.4504641315551444, "log10_eta": -3.988986203639838, "log10_lambda": -2.5212381141636415, "log10_min_child_weight": 0.5469620741289871, "log10_subsample": -0.6956281317888272, "max_depth": 9.0, "num_boost_round": 8.0}, "datetime": {"datetime": "2024-01-19 00:15:06", "elapsed": 211.201924, "delta": 0.000602}}
{"target": -13.758504782154118, "params": {"gamma": 889.3663604517561, "log10_alpha": 0.40746091753077884, "log10_colsample_bytree": -0.4504641315551444, "log10_eta": -3.988986203639838, "log10_lambda": -2.5212381141636415, "log10_min_child_weight": 0.5469620741289871, "log10_subsample": -0.6956281317888272, "max_depth": 9.0, "num_boost_round": 9.0}, "datetime": {"datetime": "2024-01-19 00:15:06", "elapsed": 211.202507, "delta": 0.000583}}
{"target": -13.758506344024013, "params": {"gamma": 889.3663604517561, "log10_alpha": 0.40746091753077884, "log10_colsample_bytree": -0.4504641315551444, "log10_eta": -3.988986203639838, "log10_lambda": -2.5212381141636415, "log10_min_child_weight": 0.5469620741289871, "log10_subsample": -0.6956281317888272, "max_depth": 9.0, "num_boost_round": 10.0}, "datetime": {"datetime": "2024-01-19 00:15:06", "elapsed": 211.203104, "delta": 0.000597}}
{"target": -13.758510355083883, "params": {"gamma": 889.3663604517561, "log10_alpha": 0.40746091753077884, "log10_colsample_bytree": -0.4504641315551444, "log10_eta": -3.988986203639838, "log10_lambda": -2.5212381141636415, "log10_min_child_weight": 0.5469620741289871, "log10_subsample": -0.6956281317888272, "max_depth": 9.0, "num_boost_round": 11.0}, "datetime": {"datetime": "2024-01-19 00:15:06", "elapsed": 211.203699, "delta": 0.000595}}
{"target": -13.758509082805185, "params": {"gamma": 889.3663604517561, "log10_alpha": 0.40746091753077884, "log10_colsample_bytree": -0.4504641315551444, "log10_eta": -3.988986203639838, "log10_lambda": -2.5212381141636415, "log10_min_child_weight": 0.5469620741289871, "log10_subsample": -0.6956281317888272, "max_depth": 9.0, "num_boost_round": 12.0}, "datetime": {"datetime": "2024-01-19 00:15:06", "elapsed": 211.204306, "delta": 0.000607}}
{"target": -13.758516093429455, "params": {"gamma": 889.3663604517561, "log10_alpha": 0.40746091753077884, "log10_colsample_bytree": -0.4504641315551444, "log10_eta": -3.988986203639838, "log10_lambda": -2.5212381141636415, "log10_min_child_weight": 0.5469620741289871, "log10_subsample": -0.6956281317888272, "max_depth": 9.0, "num_boost_round": 13.0}, "datetime": {"datetime": "2024-01-19 00:15:06", "elapsed": 211.20491, "delta": 0.000604}}
{"target": -13.758514224967865, "params": {"gamma": 889.3663604517561, "log10_alpha": 0.40746091753077884, "log10_colsample_bytree": -0.4504641315551444, "log10_eta": -3.988986203639838, "log10_lambda": -2.5212381141636415, "log10_min_child_weight": 0.5469620741289871, "log10_subsample": -0.6956281317888272, "max_depth": 9.0, "num_boost_round": 14.0}, "datetime": {"datetime": "2024-01-19 00:15:06", "elapsed": 211.205503, "delta": 0.000593}}
{"target": -13.758511938297971, "params": {"gamma": 889.3663604517561, "log10_alpha": 0.40746091753077884, "log10_colsample_bytree": -0.4504641315551444, "log10_eta": -3.988986203639838, "log10_lambda": -2.5212381141636415, "log10_min_child_weight": 0.5469620741289871, "log10_subsample": -0.6956281317888272, "max_depth": 9.0, "num_boost_round": 15.0}, "datetime": {"datetime": "2024-01-19 00:15:06", "elapsed": 211.206103, "delta": 0.0006}}
{"target": -13.758507247053817, "params": {"gamma": 889.3663604517561, "log10_alpha": 0.40746091753077884, "log10_colsample_bytree": -0.4504641315551444, "log10_eta": -3.988986203639838, "log10_lambda": -2.5212381141636415, "log10_min_child_weight": 0.5469620741289871, "log10_subsample": -0.6956281317888272, "max_depth": 9.0, "num_boost_round": 16.0}, "datetime": {"datetime": "2024-01-19 00:15:06", "elapsed": 211.206754, "delta": 0.000651}}
{"target": -13.758504664828129, "params": {"gamma": 889.3663604517561, "log10_alpha": 0.40746091753077884, "log10_colsample_bytree": -0.4504641315551444, "log10_eta": -3.988986203639838, "log10_lambda": -2.5212381141636415, "log10_min_child_weight": 0.5469620741289871, "log10_subsample": -0.6956281317888272, "max_depth": 9.0, "num_boost_round": 17.0}, "datetime": {"datetime": "2024-01-19 00:15:06", "elapsed": 211.207762, "delta": 0.001008}}
{"target": -13.758500962054542, "params": {"gamma": 889.3663604517561, "log10_alpha": 0.40746091753077884, "log10_colsample_bytree": -0.4504641315551444, "log10_eta": -3.988986203639838, "log10_lambda": -2.5212381141636415, "log10_min_child_weight": 0.5469620741289871, "log10_subsample": -0.6956281317888272, "max_depth": 9.0, "num_boost_round": 18.0}, "datetime": {"datetime": "2024-01-19 00:15:06", "elapsed": 211.20837, "delta": 0.000608}}
{"target": -13.758498768043548, "params": {"gamma": 889.3663604517561, "log10_alpha": 0.40746091753077884, "log10_colsample_bytree": -0.4504641315551444, "log10_eta": -3.988986203639838, "log10_lambda": -2.5212381141636415, "log10_min_child_weight": 0.5469620741289871, "log10_subsample": -0.6956281317888272, "max_depth": 9.0, "num_boost_round": 19.0}, "datetime": {"datetime": "2024-01-19 00:15:06", "elapsed": 211.209104, "delta": 0.000734}}
{"target": -13.75849093168814, "params": {"gamma": 889.3663604517561, "log10_alpha": 0.40746091753077884, "log10_colsample_bytree": -0.4504641315551444, "log10_eta": -3.988986203639838, "log10_lambda": -2.5212381141636415, "log10_min_child_weight": 0.5469620741289871, "log10_subsample": -0.6956281317888272, "max_depth": 9.0, "num_boost_round": 20.0}, "datetime": {"datetime": "2024-01-19 00:15:06", "elapsed": 211.209709, "delta": 0.000605}}
{"target": -13.758530877663215, "params": {"gamma": 892.427356821298, "log10_alpha": -1.792290760863621, "log10_colsample_bytree": -0.37547446599602075, "log10_eta": -3.057126140693718, "log10_lambda": 0.32303610652545345, "log10_min_child_weight": 1.5746785084645742, "log10_subsample": -0.3314071743328637, "max_depth": 6.0, "num_boost_round": 0.0}, "datetime": {"datetime": "2024-01-19 00:15:28", "elapsed": 232.61671, "delta": 21.407001}}
{"target": -13.758506761244455, "params": {"gamma": 892.427356821298, "log10_alpha": -1.792290760863621, "log10_colsample_bytree": -0.37547446599602075, "log10_eta": -3.057126140693718, "log10_lambda": 0.32303610652545345, "log10_min_child_weight": 1.5746785084645742, "log10_subsample": -0.3314071743328637, "max_depth": 6.0, "num_boost_round": 1.0}, "datetime": {"datetime": "2024-01-19 00:15:28", "elapsed": 232.61833, "delta": 0.00162}}
{"target": -13.758488956569115, "params": {"gamma": 892.427356821298, "log10_alpha": -1.792290760863621, "log10_colsample_bytree": -0.37547446599602075, "log10_eta": -3.057126140693718, "log10_lambda": 0.32303610652545345, "log10_min_child_weight": 1.5746785084645742, "log10_subsample": -0.3314071743328637, "max_depth": 6.0, "num_boost_round": 2.0}, "datetime": {"datetime": "2024-01-19 00:15:28", "elapsed": 232.619151, "delta": 0.000821}}
{"target": -13.758446529697013, "params": {"gamma": 892.427356821298, "log10_alpha": -1.792290760863621, "log10_colsample_bytree": -0.37547446599602075, "log10_eta": -3.057126140693718, "log10_lambda": 0.32303610652545345, "log10_min_child_weight": 1.5746785084645742, "log10_subsample": -0.3314071743328637, "max_depth": 6.0, "num_boost_round": 3.0}, "datetime": {"datetime": "2024-01-19 00:15:28", "elapsed": 232.619726, "delta": 0.000575}}
{"target": -13.758438226338242, "params": {"gamma": 892.427356821298, "log10_alpha": -1.792290760863621, "log10_colsample_bytree": -0.37547446599602075, "log10_eta": -3.057126140693718, "log10_lambda": 0.32303610652545345, "log10_min_child_weight": 1.5746785084645742, "log10_subsample": -0.3314071743328637, "max_depth": 6.0, "num_boost_round": 4.0}, "datetime": {"datetime": "2024-01-19 00:15:28", "elapsed": 232.62036, "delta": 0.000634}}
{"target": -13.758413647805536, "params": {"gamma": 892.427356821298, "log10_alpha": -1.792290760863621, "log10_colsample_bytree": -0.37547446599602075, "log10_eta": -3.057126140693718, "log10_lambda": 0.32303610652545345, "log10_min_child_weight": 1.5746785084645742, "log10_subsample": -0.3314071743328637, "max_depth": 6.0, "num_boost_round": 5.0}, "datetime": {"datetime": "2024-01-19 00:15:28", "elapsed": 232.620986, "delta": 0.000626}}
{"target": -13.758377725815782, "params": {"gamma": 892.427356821298, "log10_alpha": -1.792290760863621, "log10_colsample_bytree": -0.37547446599602075, "log10_eta": -3.057126140693718, "log10_lambda": 0.32303610652545345, "log10_min_child_weight": 1.5746785084645742, "log10_subsample": -0.3314071743328637, "max_depth": 6.0, "num_boost_round": 6.0}, "datetime": {"datetime": "2024-01-19 00:15:28", "elapsed": 232.621728, "delta": 0.000742}}
{"target": -13.758380444284676, "params": {"gamma": 892.427356821298, "log10_alpha": -1.792290760863621, "log10_colsample_bytree": -0.37547446599602075, "log10_eta": -3.057126140693718, "log10_lambda": 0.32303610652545345, "log10_min_child_weight": 1.5746785084645742, "log10_subsample": -0.3314071743328637, "max_depth": 6.0, "num_boost_round": 7.0}, "datetime": {"datetime": "2024-01-19 00:15:28", "elapsed": 232.622349, "delta": 0.000621}}
{"target": -13.75836026093372, "params": {"gamma": 892.427356821298, "log10_alpha": -1.792290760863621, "log10_colsample_bytree": -0.37547446599602075, "log10_eta": -3.057126140693718, "log10_lambda": 0.32303610652545345, "log10_min_child_weight": 1.5746785084645742, "log10_subsample": -0.3314071743328637, "max_depth": 6.0, "num_boost_round": 8.0}, "datetime": {"datetime": "2024-01-19 00:15:28", "elapsed": 232.62311, "delta": 0.000761}}
{"target": -13.758356279425168, "params": {"gamma": 892.427356821298, "log10_alpha": -1.792290760863621, "log10_colsample_bytree": -0.37547446599602075, "log10_eta": -3.057126140693718, "log10_lambda": 0.32303610652545345, "log10_min_child_weight": 1.5746785084645742, "log10_subsample": -0.3314071743328637, "max_depth": 6.0, "num_boost_round": 9.0}, "datetime": {"datetime": "2024-01-19 00:15:28", "elapsed": 232.623725, "delta": 0.000615}}
{"target": -13.758336283064782, "params": {"gamma": 892.427356821298, "log10_alpha": -1.792290760863621, "log10_colsample_bytree": -0.37547446599602075, "log10_eta": -3.057126140693718, "log10_lambda": 0.32303610652545345, "log10_min_child_weight": 1.5746785084645742, "log10_subsample": -0.3314071743328637, "max_depth": 6.0, "num_boost_round": 10.0}, "datetime": {"datetime": "2024-01-19 00:15:28", "elapsed": 232.62435, "delta": 0.000625}}
{"target": -13.758321898920544, "params": {"gamma": 892.427356821298, "log10_alpha": -1.792290760863621, "log10_colsample_bytree": -0.37547446599602075, "log10_eta": -3.057126140693718, "log10_lambda": 0.32303610652545345, "log10_min_child_weight": 1.5746785084645742, "log10_subsample": -0.3314071743328637, "max_depth": 6.0, "num_boost_round": 11.0}, "datetime": {"datetime": "2024-01-19 00:15:28", "elapsed": 232.624982, "delta": 0.000632}}
{"target": -13.758307921244468, "params": {"gamma": 892.427356821298, "log10_alpha": -1.792290760863621, "log10_colsample_bytree": -0.37547446599602075, "log10_eta": -3.057126140693718, "log10_lambda": 0.32303610652545345, "log10_min_child_weight": 1.5746785084645742, "log10_subsample": -0.3314071743328637, "max_depth": 6.0, "num_boost_round": 12.0}, "datetime": {"datetime": "2024-01-19 00:15:28", "elapsed": 232.625586, "delta": 0.000604}}
{"target": -13.75833431207435, "params": {"gamma": 892.427356821298, "log10_alpha": -1.792290760863621, "log10_colsample_bytree": -0.37547446599602075, "log10_eta": -3.057126140693718, "log10_lambda": 0.32303610652545345, "log10_min_child_weight": 1.5746785084645742, "log10_subsample": -0.3314071743328637, "max_depth": 6.0, "num_boost_round": 13.0}, "datetime": {"datetime": "2024-01-19 00:15:28", "elapsed": 232.626222, "delta": 0.000636}}
{"target": -13.7583586692463, "params": {"gamma": 892.427356821298, "log10_alpha": -1.792290760863621, "log10_colsample_bytree": -0.37547446599602075, "log10_eta": -3.057126140693718, "log10_lambda": 0.32303610652545345, "log10_min_child_weight": 1.5746785084645742, "log10_subsample": -0.3314071743328637, "max_depth": 6.0, "num_boost_round": 14.0}, "datetime": {"datetime": "2024-01-19 00:15:28", "elapsed": 232.626855, "delta": 0.000633}}
{"target": -13.758533114414938, "params": {"gamma": 892.3173093743676, "log10_alpha": 0.9297256826222107, "log10_colsample_bytree": -0.9127643274897375, "log10_eta": -3.2578543059121015, "log10_lambda": -2.496665221270818, "log10_min_child_weight": 3.9829779297904517, "log10_subsample": -0.14497538016034173, "max_depth": 4.0, "num_boost_round": 0.0}, "datetime": {"datetime": "2024-01-19 00:15:48", "elapsed": 252.546172, "delta": 19.919317}}
{"target": -13.758531336787302, "params": {"gamma": 892.3173093743676, "log10_alpha": 0.9297256826222107, "log10_colsample_bytree": -0.9127643274897375, "log10_eta": -3.2578543059121015, "log10_lambda": -2.496665221270818, "log10_min_child_weight": 3.9829779297904517, "log10_subsample": -0.14497538016034173, "max_depth": 4.0, "num_boost_round": 1.0}, "datetime": {"datetime": "2024-01-19 00:15:48", "elapsed": 252.546972, "delta": 0.0008}}
{"target": -13.75852924757977, "params": {"gamma": 892.3173093743676, "log10_alpha": 0.9297256826222107, "log10_colsample_bytree": -0.9127643274897375, "log10_eta": -3.2578543059121015, "log10_lambda": -2.496665221270818, "log10_min_child_weight": 3.9829779297904517, "log10_subsample": -0.14497538016034173, "max_depth": 4.0, "num_boost_round": 2.0}, "datetime": {"datetime": "2024-01-19 00:15:48", "elapsed": 252.547647, "delta": 0.000675}}
{"target": -13.758528723549041, "params": {"gamma": 892.3173093743676, "log10_alpha": 0.9297256826222107, "log10_colsample_bytree": -0.9127643274897375, "log10_eta": -3.2578543059121015, "log10_lambda": -2.496665221270818, "log10_min_child_weight": 3.9829779297904517, "log10_subsample": -0.14497538016034173, "max_depth": 4.0, "num_boost_round": 3.0}, "datetime": {"datetime": "2024-01-19 00:15:48", "elapsed": 252.548304, "delta": 0.000657}}
{"target": -13.758524215296047, "params": {"gamma": 892.3173093743676, "log10_alpha": 0.9297256826222107, "log10_colsample_bytree": -0.9127643274897375, "log10_eta": -3.2578543059121015, "log10_lambda": -2.496665221270818, "log10_min_child_weight": 3.9829779297904517, "log10_subsample": -0.14497538016034173, "max_depth": 4.0, "num_boost_round": 4.0}, "datetime": {"datetime": "2024-01-19 00:15:48", "elapsed": 252.549271, "delta": 0.000967}}
{"target": -13.758520591344977, "params": {"gamma": 892.3173093743676, "log10_alpha": 0.9297256826222107, "log10_colsample_bytree": -0.9127643274897375, "log10_eta": -3.2578543059121015, "log10_lambda": -2.496665221270818, "log10_min_child_weight": 3.9829779297904517, "log10_subsample": -0.14497538016034173, "max_depth": 4.0, "num_boost_round": 5.0}, "datetime": {"datetime": "2024-01-19 00:15:48", "elapsed": 252.550146, "delta": 0.000875}}
{"target": -13.758525396548356, "params": {"gamma": 892.3173093743676, "log10_alpha": 0.9297256826222107, "log10_colsample_bytree": -0.9127643274897375, "log10_eta": -3.2578543059121015, "log10_lambda": -2.496665221270818, "log10_min_child_weight": 3.9829779297904517, "log10_subsample": -0.14497538016034173, "max_depth": 4.0, "num_boost_round": 6.0}, "datetime": {"datetime": "2024-01-19 00:15:48", "elapsed": 252.551018, "delta": 0.000872}}
{"target": -13.758521504354716, "params": {"gamma": 892.3173093743676, "log10_alpha": 0.9297256826222107, "log10_colsample_bytree": -0.9127643274897375, "log10_eta": -3.2578543059121015, "log10_lambda": -2.496665221270818, "log10_min_child_weight": 3.9829779297904517, "log10_subsample": -0.14497538016034173, "max_depth": 4.0, "num_boost_round": 7.0}, "datetime": {"datetime": "2024-01-19 00:15:48", "elapsed": 252.551657, "delta": 0.000639}}
{"target": -13.75850774457991, "params": {"gamma": 892.3173093743676, "log10_alpha": 0.9297256826222107, "log10_colsample_bytree": -0.9127643274897375, "log10_eta": -3.2578543059121015, "log10_lambda": -2.496665221270818, "log10_min_child_weight": 3.9829779297904517, "log10_subsample": -0.14497538016034173, "max_depth": 4.0, "num_boost_round": 8.0}, "datetime": {"datetime": "2024-01-19 00:15:48", "elapsed": 252.552436, "delta": 0.000779}}
{"target": -13.758504824416214, "params": {"gamma": 892.3173093743676, "log10_alpha": 0.9297256826222107, "log10_colsample_bytree": -0.9127643274897375, "log10_eta": -3.2578543059121015, "log10_lambda": -2.496665221270818, "log10_min_child_weight": 3.9829779297904517, "log10_subsample": -0.14497538016034173, "max_depth": 4.0, "num_boost_round": 9.0}, "datetime": {"datetime": "2024-01-19 00:15:48", "elapsed": 252.553081, "delta": 0.000645}}
{"target": -13.758502122152382, "params": {"gamma": 892.3173093743676, "log10_alpha": 0.9297256826222107, "log10_colsample_bytree": -0.9127643274897375, "log10_eta": -3.2578543059121015, "log10_lambda": -2.496665221270818, "log10_min_child_weight": 3.9829779297904517, "log10_subsample": -0.14497538016034173, "max_depth": 4.0, "num_boost_round": 10.0}, "datetime": {"datetime": "2024-01-19 00:15:48", "elapsed": 252.553717, "delta": 0.000636}}
{"target": -13.758503758323473, "params": {"gamma": 892.3173093743676, "log10_alpha": 0.9297256826222107, "log10_colsample_bytree": -0.9127643274897375, "log10_eta": -3.2578543059121015, "log10_lambda": -2.496665221270818, "log10_min_child_weight": 3.9829779297904517, "log10_subsample": -0.14497538016034173, "max_depth": 4.0, "num_boost_round": 11.0}, "datetime": {"datetime": "2024-01-19 00:15:48", "elapsed": 252.55438, "delta": 0.000663}}
{"target": -13.758496983216695, "params": {"gamma": 892.3173093743676, "log10_alpha": 0.9297256826222107, "log10_colsample_bytree": -0.9127643274897375, "log10_eta": -3.2578543059121015, "log10_lambda": -2.496665221270818, "log10_min_child_weight": 3.9829779297904517, "log10_subsample": -0.14497538016034173, "max_depth": 4.0, "num_boost_round": 12.0}, "datetime": {"datetime": "2024-01-19 00:15:48", "elapsed": 252.554976, "delta": 0.000596}}
{"target": -13.758493068265254, "params": {"gamma": 892.3173093743676, "log10_alpha": 0.9297256826222107, "log10_colsample_bytree": -0.9127643274897375, "log10_eta": -3.2578543059121015, "log10_lambda": -2.496665221270818, "log10_min_child_weight": 3.9829779297904517, "log10_subsample": -0.14497538016034173, "max_depth": 4.0, "num_boost_round": 13.0}, "datetime": {"datetime": "2024-01-19 00:15:48", "elapsed": 252.555655, "delta": 0.000679}}
{"target": -13.758491175619575, "params": {"gamma": 892.3173093743676, "log10_alpha": 0.9297256826222107, "log10_colsample_bytree": -0.9127643274897375, "log10_eta": -3.2578543059121015, "log10_lambda": -2.496665221270818, "log10_min_child_weight": 3.9829779297904517, "log10_subsample": -0.14497538016034173, "max_depth": 4.0, "num_boost_round": 14.0}, "datetime": {"datetime": "2024-01-19 00:15:48", "elapsed": 252.556305, "delta": 0.00065}}
{"target": -13.757507515069529, "params": {"gamma": 894.6661330067568, "log10_alpha": 0.4126639561305998, "log10_colsample_bytree": -0.9944413306292741, "log10_eta": -0.8307463295702608, "log10_lambda": -0.8143467308418932, "log10_min_child_weight": 2.3476743355455527, "log10_subsample": -0.8455693938541603, "max_depth": 8.0, "num_boost_round": 0.0}, "datetime": {"datetime": "2024-01-19 00:16:09", "elapsed": 273.984904, "delta": 21.428599}}
