{"target": -13.758432956197213, "params": {"gamma": 75.08744793287569, "log10_alpha": -4.026744006542943, "log10_colsample_bytree": -0.541016367539791, "log10_eta": -1.2236797334884564, "log10_lambda": -3.7145326635650013, "log10_min_child_weight": 2.4100319638169285, "log10_subsample": -0.6651794890252639, "max_depth": 4.0, "num_boost_round": 1.0}, "datetime": {"datetime": "2024-01-19 00:14:24", "elapsed": 163.339864, "delta": 0.000505}}
{"target": -13.759335180049561, "params": {"gamma": 75.08744793287569, "log10_alpha": -4.026744006542943, "log10_colsample_bytree": -0.541016367539791, "log10_eta": -1.2236797334884564, "log10_lambda": -3.7145326635650013, "log10_min_child_weight": 2.4100319638169285, "log10_subsample": -0.6651794890252639, "max_depth": 4.0, "num_boost_round": 2.0}, "datetime": {"datetime": "2024-01-19 00:14:24", "elapsed": 163.340236, "delta": 0.000372}}
{"target": -13.75969018443654, "params": {"gamma": 75.08744793287569, "log10_alpha": -4.026744006542943, "log10_colsample_bytree": -0.541016367539791, "log10_eta": -1.2236797334884564, "log10_lambda": -3.7145326635650013, "log10_min_child_weight": 2.4100319638169285, "log10_subsample": -0.6651794890252639, "max_depth": 4.0, "num_boost_round": 3.0}, "datetime": {"datetime": "2024-01-19 00:14:24", "elapsed": 163.340688, "delta": 0.000452}}
{"target": -13.7592256088018, "params": {"gamma": 75.08744793287569, "log10_alpha": -4.026744006542943, "log10_colsample_bytree": -0.541016367539791, "log10_eta": -1.2236797334884564, "log10_lambda": -3.7145326635650013, "log10_min_child_weight": 2.4100319638169285, "log10_subsample": -0.6651794890252639, "max_depth": 4.0, "num_boost_round": 4.0}, "datetime": {"datetime": "2024-01-19 00:14:24", "elapsed": 163.341091, "delta": 0.000403}}
{"target": -13.760993854674918, "params": {"gamma": 75.08744793287569, "log10_alpha": -4.026744006542943, "log10_colsample_bytree": -0.541016367539791, "log10_eta": -1.2236797334884564, "log10_lambda": -3.7145326635650013, "log10_min_child_weight": 2.4100319638169285, "log10_subsample": -0.6651794890252639, "max_depth": 4.0, "num_boost_round": 5.0}, "datetime": {"datetime": "2024-01-19 00:14:24", "elapsed": 163.341825, "delta": 0.000734}}
{"target": -13.763655368494893, "params": {"gamma": 75.08744793287569, "log10_alpha": -4.026744006542943, "log10_colsample_bytree": -0.541016367539791, "log10_eta": -1.2236797334884564, "log10_lambda": -3.7145326635650013, "log10_min_child_weight": 2.4100319638169285, "log10_subsample": -0.6651794890252639, "max_depth": 4.0, "num_boost_round": 6.0}, "datetime": {"datetime": "2024-01-19 00:14:24", "elapsed": 163.342299, "delta": 0.000474}}
{"target": -13.763383721975849, "params": {"gamma": 75.08744793287569, "log10_alpha": -4.026744006542943, "log10_colsample_bytree": -0.541016367539791, "log10_eta": -1.2236797334884564, "log10_lambda": -3.7145326635650013, "log10_min_child_weight": 2.4100319638169285, "log10_subsample": -0.6651794890252639, "max_depth": 4.0, "num_boost_round": 7.0}, "datetime": {"datetime": "2024-01-19 00:14:24", "elapsed": 163.342778, "delta": 0.000479}}
{"target": -13.763572726672477, "params": {"gamma": 75.08744793287569, "log10_alpha": -4.026744006542943, "log10_colsample_bytree": -0.541016367539791, "log10_eta": -1.2236797334884564, "log10_lambda": -3.7145326635650013, "log10_min_child_weight": 2.4100319638169285, "log10_subsample": -0.6651794890252639, "max_depth": 4.0, "num_boost_round": 8.0}, "datetime": {"datetime": "2024-01-19 00:14:24", "elapsed": 163.343145, "delta": 0.000367}}
{"target": -13.763965267505316, "params": {"gamma": 75.08744793287569, "log10_alpha": -4.026744006542943, "log10_colsample_bytree": -0.541016367539791, "log10_eta": -1.2236797334884564, "log10_lambda": -3.7145326635650013, "log10_min_child_weight": 2.4100319638169285, "log10_subsample": -0.6651794890252639, "max_depth": 4.0, "num_boost_round": 9.0}, "datetime": {"datetime": "2024-01-19 00:14:24", "elapsed": 163.343513, "delta": 0.000368}}
{"target": -13.765877286094979, "params": {"gamma": 75.08744793287569, "log10_alpha": -4.026744006542943, "log10_colsample_bytree": -0.541016367539791, "log10_eta": -1.2236797334884564, "log10_lambda": -3.7145326635650013, "log10_min_child_weight": 2.4100319638169285, "log10_subsample": -0.6651794890252639, "max_depth": 4.0, "num_boost_round": 10.0}, "datetime": {"datetime": "2024-01-19 00:14:24", "elapsed": 163.343882, "delta": 0.000369}}
{"target": -13.7655554687453, "params": {"gamma": 75.08744793287569, "log10_alpha": -4.026744006542943, "log10_colsample_bytree": -0.541016367539791, "log10_eta": -1.2236797334884564, "log10_lambda": -3.7145326635650013, "log10_min_child_weight": 2.4100319638169285, "log10_subsample": -0.6651794890252639, "max_depth": 4.0, "num_boost_round": 11.0}, "datetime": {"datetime": "2024-01-19 00:14:24", "elapsed": 163.344245, "delta": 0.000363}}
{"target": -13.765661106247437, "params": {"gamma": 75.08744793287569, "log10_alpha": -4.026744006542943, "log10_colsample_bytree": -0.541016367539791, "log10_eta": -1.2236797334884564, "log10_lambda": -3.7145326635650013, "log10_min_child_weight": 2.4100319638169285, "log10_subsample": -0.6651794890252639, "max_depth": 4.0, "num_boost_round": 12.0}, "datetime": {"datetime": "2024-01-19 00:14:24", "elapsed": 163.344607, "delta": 0.000362}}
{"target": -13.766335275172636, "params": {"gamma": 75.08744793287569, "log10_alpha": -4.026744006542943, "log10_colsample_bytree": -0.541016367539791, "log10_eta": -1.2236797334884564, "log10_lambda": -3.7145326635650013, "log10_min_child_weight": 2.4100319638169285, "log10_subsample": -0.6651794890252639, "max_depth": 4.0, "num_boost_round": 13.0}, "datetime": {"datetime": "2024-01-19 00:14:24", "elapsed": 163.345093, "delta": 0.000486}}
{"target": -13.767784765949774, "params": {"gamma": 75.08744793287569, "log10_alpha": -4.026744006542943, "log10_colsample_bytree": -0.541016367539791, "log10_eta": -1.2236797334884564, "log10_lambda": -3.7145326635650013, "log10_min_child_weight": 2.4100319638169285, "log10_subsample": -0.6651794890252639, "max_depth": 4.0, "num_boost_round": 14.0}, "datetime": {"datetime": "2024-01-19 00:14:24", "elapsed": 163.345463, "delta": 0.00037}}
{"target": -13.75853199252164, "params": {"gamma": 75.43247832814681, "log10_alpha": -2.2494775581292785, "log10_colsample_bytree": -0.25037016138537294, "log10_eta": -3.5746823759797053, "log10_lambda": -3.703719979119298, "log10_min_child_weight": 2.3011659075004647, "log10_subsample": -0.12871332045080597, "max_depth": 8.0, "num_boost_round": 0.0}, "datetime": {"datetime": "2024-01-19 00:14:45", "elapsed": 184.511107, "delta": 21.165644}}
{"target": -13.758526398937462, "params": {"gamma": 75.43247832814681, "log10_alpha": -2.2494775581292785, "log10_colsample_bytree": -0.25037016138537294, "log10_eta": -3.5746823759797053, "log10_lambda": -3.703719979119298, "log10_min_child_weight": 2.3011659075004647, "log10_subsample": -0.12871332045080597, "max_depth": 8.0, "num_boost_round": 1.0}, "datetime": {"datetime": "2024-01-19 00:14:45", "elapsed": 184.511889, "delta": 0.000782}}
{"target": -13.758517636314336, "params": {"gamma": 75.43247832814681, "log10_alpha": -2.2494775581292785, "log10_colsample_bytree": -0.25037016138537294, "log10_eta": -3.5746823759797053, "log10_lambda": -3.703719979119298, "log10_min_child_weight": 2.3011659075004647, "log10_subsample": -0.12871332045080597, "max_depth": 8.0, "num_boost_round": 2.0}, "datetime": {"datetime": "2024-01-19 00:14:45", "elapsed": 184.512288, "delta": 0.000399}}
{"target": -13.75850767839698, "params": {"gamma": 75.43247832814681, "log10_alpha": -2.2494775581292785, "log10_colsample_bytree": -0.25037016138537294, "log10_eta": -3.5746823759797053, "log10_lambda": -3.703719979119298, "log10_min_child_weight": 2.3011659075004647, "log10_subsample": -0.12871332045080597, "max_depth": 8.0, "num_boost_round": 3.0}, "datetime": {"datetime": "2024-01-19 00:14:45", "elapsed": 184.512669, "delta": 0.000381}}
{"target": -13.758488243082459, "params": {"gamma": 75.43247832814681, "log10_alpha": -2.2494775581292785, "log10_colsample_bytree": -0.25037016138537294, "log10_eta": -3.5746823759797053, "log10_lambda": -3.703719979119298, "log10_min_child_weight": 2.3011659075004647, "log10_subsample": -0.12871332045080597, "max_depth": 8.0, "num_boost_round": 4.0}, "datetime": {"datetime": "2024-01-19 00:14:45", "elapsed": 184.513159, "delta": 0.00049}}
{"target": -13.758480007592524, "params": {"gamma": 75.43247832814681, "log10_alpha": -2.2494775581292785, "log10_colsample_bytree": -0.25037016138537294, "log10_eta": -3.5746823759797053, "log10_lambda": -3.703719979119298, "log10_min_child_weight": 2.3011659075004647, "log10_subsample": -0.12871332045080597, "max_depth": 8.0, "num_boost_round": 5.0}, "datetime": {"datetime": "2024-01-19 00:14:45", "elapsed": 184.513536, "delta": 0.000377}}
{"target": -13.758471693623937, "params": {"gamma": 75.43247832814681, "log10_alpha": -2.2494775581292785, "log10_colsample_bytree": -0.25037016138537294, "log10_eta": -3.5746823759797053, "log10_lambda": -3.703719979119298, "log10_min_child_weight": 2.3011659075004647, "log10_subsample": -0.12871332045080597, "max_depth": 8.0, "num_boost_round": 6.0}, "datetime": {"datetime": "2024-01-19 00:14:45", "elapsed": 184.513916, "delta": 0.00038}}
{"target": -13.75847238375944, "params": {"gamma": 75.43247832814681, "log10_alpha": -2.2494775581292785, "log10_colsample_bytree": -0.25037016138537294, "log10_eta": -3.5746823759797053, "log10_lambda": -3.703719979119298, "log10_min_child_weight": 2.3011659075004647, "log10_subsample": -0.12871332045080597, "max_depth": 8.0, "num_boost_round": 7.0}, "datetime": {"datetime": "2024-01-19 00:14:45", "elapsed": 184.514421, "delta": 0.000505}}
{"target": -13.758474308842096, "params": {"gamma": 75.43247832814681, "log10_alpha": -2.2494775581292785, "log10_colsample_bytree": -0.25037016138537294, "log10_eta": -3.5746823759797053, "log10_lambda": -3.703719979119298, "log10_min_child_weight": 2.3011659075004647, "log10_subsample": -0.12871332045080597, "max_depth": 8.0, "num_boost_round": 8.0}, "datetime": {"datetime": "2024-01-19 00:14:45", "elapsed": 184.514828, "delta": 0.000407}}
{"target": -13.758468971839136, "params": {"gamma": 75.43247832814681, "log10_alpha": -2.2494775581292785, "log10_colsample_bytree": -0.25037016138537294, "log10_eta": -3.5746823759797053, "log10_lambda": -3.703719979119298, "log10_min_child_weight": 2.3011659075004647, "log10_subsample": -0.12871332045080597, "max_depth": 8.0, "num_boost_round": 9.0}, "datetime": {"datetime": "2024-01-19 00:14:45", "elapsed": 184.515217, "delta": 0.000389}}
{"target": -13.758461337398403, "params": {"gamma": 75.43247832814681, "log10_alpha": -2.2494775581292785, "log10_colsample_bytree": -0.25037016138537294, "log10_eta": -3.5746823759797053, "log10_lambda": -3.703719979119298, "log10_min_child_weight": 2.3011659075004647, "log10_subsample": -0.12871332045080597, "max_depth": 8.0, "num_boost_round": 10.0}, "datetime": {"datetime": "2024-01-19 00:14:45", "elapsed": 184.515604, "delta": 0.000387}}
{"target": -13.758451346778386, "params": {"gamma": 75.43247832814681, "log10_alpha": -2.2494775581292785, "log10_colsample_bytree": -0.25037016138537294, "log10_eta": -3.5746823759797053, "log10_lambda": -3.703719979119298, "log10_min_child_weight": 2.3011659075004647, "log10_subsample": -0.12871332045080597, "max_depth": 8.0, "num_boost_round": 11.0}, "datetime": {"datetime": "2024-01-19 00:14:45", "elapsed": 184.516003, "delta": 0.000399}}
{"target": -13.765082703742666, "params": {"gamma": 75.26982698054452, "log10_alpha": -2.321800441369756, "log10_colsample_bytree": -0.5387217390470572, "log10_eta": -0.00776647670004138, "log10_lambda": 0.30253946613011706, "log10_min_child_weight": 4.86157362145372, "log10_subsample": -0.33675930485213745, "max_depth": 6.0, "num_boost_round": 0.0}, "datetime": {"datetime": "2024-01-19 00:15:05", "elapsed": 204.862553, "delta": 20.34655}}
{"target": -13.779486678797939, "params": {"gamma": 75.26982698054452, "log10_alpha": -2.321800441369756, "log10_colsample_bytree": -0.5387217390470572, "log10_eta": -0.00776647670004138, "log10_lambda": 0.30253946613011706, "log10_min_child_weight": 4.86157362145372, "log10_subsample": -0.33675930485213745, "max_depth": 6.0, "num_boost_round": 1.0}, "datetime": {"datetime": "2024-01-19 00:15:05", "elapsed": 204.863232, "delta": 0.000679}}
{"target": -13.789004158171133, "params": {"gamma": 75.26982698054452, "log10_alpha": -2.321800441369756, "log10_colsample_bytree": -0.5387217390470572, "log10_eta": -0.00776647670004138, "log10_lambda": 0.30253946613011706, "log10_min_child_weight": 4.86157362145372, "log10_subsample": -0.33675930485213745, "max_depth": 6.0, "num_boost_round": 2.0}, "datetime": {"datetime": "2024-01-19 00:15:05", "elapsed": 204.863657, "delta": 0.000425}}
{"target": -13.792978604493069, "params": {"gamma": 75.26982698054452, "log10_alpha": -2.321800441369756, "log10_colsample_bytree": -0.5387217390470572, "log10_eta": -0.00776647670004138, "log10_lambda": 0.30253946613011706, "log10_min_child_weight": 4.86157362145372, "log10_subsample": -0.33675930485213745, "max_depth": 6.0, "num_boost_round": 3.0}, "datetime": {"datetime": "2024-01-19 00:15:05", "elapsed": 204.864897, "delta": 0.00124}}
{"target": -13.804027084150311, "params": {"gamma": 75.26982698054452, "log10_alpha": -2.321800441369756, "log10_colsample_bytree": -0.5387217390470572, "log10_eta": -0.00776647670004138, "log10_lambda": 0.30253946613011706, "log10_min_child_weight": 4.86157362145372, "log10_subsample": -0.33675930485213745, "max_depth": 6.0, "num_boost_round": 4.0}, "datetime": {"datetime": "2024-01-19 00:15:05", "elapsed": 204.865327, "delta": 0.00043}}
{"target": -13.80327790052743, "params": {"gamma": 75.26982698054452, "log10_alpha": -2.321800441369756, "log10_colsample_bytree": -0.5387217390470572, "log10_eta": -0.00776647670004138, "log10_lambda": 0.30253946613011706, "log10_min_child_weight": 4.86157362145372, "log10_subsample": -0.33675930485213745, "max_depth": 6.0, "num_boost_round": 5.0}, "datetime": {"datetime": "2024-01-19 00:15:05", "elapsed": 204.865727, "delta": 0.0004}}
{"target": -13.80154339870504, "params": {"gamma": 75.26982698054452, "log10_alpha": -2.321800441369756, "log10_colsample_bytree": -0.5387217390470572, "log10_eta": -0.00776647670004138, "log10_lambda": 0.30253946613011706, "log10_min_child_weight": 4.86157362145372, "log10_subsample": -0.33675930485213745, "max_depth": 6.0, "num_boost_round": 6.0}, "datetime": {"datetime": "2024-01-19 00:15:05", "elapsed": 204.866138, "delta": 0.000411}}
{"target": -13.809664834361167, "params": {"gamma": 75.26982698054452, "log10_alpha": -2.321800441369756, "log10_colsample_bytree": -0.5387217390470572, "log10_eta": -0.00776647670004138, "log10_lambda": 0.30253946613011706, "log10_min_child_weight": 4.86157362145372, "log10_subsample": -0.33675930485213745, "max_depth": 6.0, "num_boost_round": 7.0}, "datetime": {"datetime": "2024-01-19 00:15:05", "elapsed": 204.866543, "delta": 0.000405}}
{"target": -13.810816899830446, "params": {"gamma": 75.26982698054452, "log10_alpha": -2.321800441369756, "log10_colsample_bytree": -0.5387217390470572, "log10_eta": -0.00776647670004138, "log10_lambda": 0.30253946613011706, "log10_min_child_weight": 4.86157362145372, "log10_subsample": -0.33675930485213745, "max_depth": 6.0, "num_boost_round": 8.0}, "datetime": {"datetime": "2024-01-19 00:15:05", "elapsed": 204.867082, "delta": 0.000539}}
{"target": -13.812138369525165, "params": {"gamma": 75.26982698054452, "log10_alpha": -2.321800441369756, "log10_colsample_bytree": -0.5387217390470572, "log10_eta": -0.00776647670004138, "log10_lambda": 0.30253946613011706, "log10_min_child_weight": 4.86157362145372, "log10_subsample": -0.33675930485213745, "max_depth": 6.0, "num_boost_round": 9.0}, "datetime": {"datetime": "2024-01-19 00:15:05", "elapsed": 204.867492, "delta": 0.00041}}
{"target": -13.812987358956548, "params": {"gamma": 75.26982698054452, "log10_alpha": -2.321800441369756, "log10_colsample_bytree": -0.5387217390470572, "log10_eta": -0.00776647670004138, "log10_lambda": 0.30253946613011706, "log10_min_child_weight": 4.86157362145372, "log10_subsample": -0.33675930485213745, "max_depth": 6.0, "num_boost_round": 10.0}, "datetime": {"datetime": "2024-01-19 00:15:05", "elapsed": 204.867914, "delta": 0.000422}}
{"target": -13.817795694821177, "params": {"gamma": 75.26982698054452, "log10_alpha": -2.321800441369756, "log10_colsample_bytree": -0.5387217390470572, "log10_eta": -0.00776647670004138, "log10_lambda": 0.30253946613011706, "log10_min_child_weight": 4.86157362145372, "log10_subsample": -0.33675930485213745, "max_depth": 6.0, "num_boost_round": 11.0}, "datetime": {"datetime": "2024-01-19 00:15:05", "elapsed": 204.868441, "delta": 0.000527}}
{"target": -13.75853656633109, "params": {"gamma": 82.81379300843194, "log10_alpha": -3.937026028106558, "log10_colsample_bytree": -0.36246975816875815, "log10_eta": -3.4006071479209155, "log10_lambda": -3.5048340476876407, "log10_min_child_weight": 2.8933905243910547, "log10_subsample": -0.5826635704309867, "max_depth": 2.0, "num_boost_round": 0.0}, "datetime": {"datetime": "2024-01-19 00:15:24", "elapsed": 223.641185, "delta": 18.772744}}
{"target": -13.758533327631076, "params": {"gamma": 82.81379300843194, "log10_alpha": -3.937026028106558, "log10_colsample_bytree": -0.36246975816875815, "log10_eta": -3.4006071479209155, "log10_lambda": -3.5048340476876407, "log10_min_child_weight": 2.8933905243910547, "log10_subsample": -0.5826635704309867, "max_depth": 2.0, "num_boost_round": 1.0}, "datetime": {"datetime": "2024-01-19 00:15:24", "elapsed": 223.641814, "delta": 0.000629}}
{"target": -13.758529940800363, "params": {"gamma": 82.81379300843194, "log10_alpha": -3.937026028106558, "log10_colsample_bytree": -0.36246975816875815, "log10_eta": -3.4006071479209155, "log10_lambda": -3.5048340476876407, "log10_min_child_weight": 2.8933905243910547, "log10_subsample": -0.5826635704309867, "max_depth": 2.0, "num_boost_round": 2.0}, "datetime": {"datetime": "2024-01-19 00:15:24", "elapsed": 223.64226, "delta": 0.000446}}
{"target": -13.758529913310234, "params": {"gamma": 82.81379300843194, "log10_alpha": -3.937026028106558, "log10_colsample_bytree": -0.36246975816875815, "log10_eta": -3.4006071479209155, "log10_lambda": -3.5048340476876407, "log10_min_child_weight": 2.8933905243910547, "log10_subsample": -0.5826635704309867, "max_depth": 2.0, "num_boost_round": 3.0}, "datetime": {"datetime": "2024-01-19 00:15:24", "elapsed": 223.642681, "delta": 0.000421}}
{"target": -13.75852544811856, "params": {"gamma": 82.81379300843194, "log10_alpha": -3.937026028106558, "log10_colsample_bytree": -0.36246975816875815, "log10_eta": -3.4006071479209155, "log10_lambda": -3.5048340476876407, "log10_min_child_weight": 2.8933905243910547, "log10_subsample": -0.5826635704309867, "max_depth": 2.0, "num_boost_round": 4.0}, "datetime": {"datetime": "2024-01-19 00:15:24", "elapsed": 223.643316, "delta": 0.000635}}
{"target": -13.758522645501202, "params": {"gamma": 82.81379300843194, "log10_alpha": -3.937026028106558, "log10_colsample_bytree": -0.36246975816875815, "log10_eta": -3.4006071479209155, "log10_lambda": -3.5048340476876407, "log10_min_child_weight": 2.8933905243910547, "log10_subsample": -0.5826635704309867, "max_depth": 2.0, "num_boost_round": 5.0}, "datetime": {"datetime": "2024-01-19 00:15:24", "elapsed": 223.644157, "delta": 0.000841}}
{"target": -13.758521744659294, "params": {"gamma": 82.81379300843194, "log10_alpha": -3.937026028106558, "log10_colsample_bytree": -0.36246975816875815, "log10_eta": -3.4006071479209155, "log10_lambda": -3.5048340476876407, "log10_min_child_weight": 2.8933905243910547, "log10_subsample": -0.5826635704309867, "max_depth": 2.0, "num_boost_round": 6.0}, "datetime": {"datetime": "2024-01-19 00:15:24", "elapsed": 223.644689, "delta": 0.000532}}
{"target": -13.758522200062446, "params": {"gamma": 82.81379300843194, "log10_alpha": -3.937026028106558, "log10_colsample_bytree": -0.36246975816875815, "log10_eta": -3.4006071479209155, "log10_lambda": -3.5048340476876407, "log10_min_child_weight": 2.8933905243910547, "log10_subsample": -0.5826635704309867, "max_depth": 2.0, "num_boost_round": 7.0}, "datetime": {"datetime": "2024-01-19 00:15:24", "elapsed": 223.645117, "delta": 0.000428}}
{"target": -13.758518036983245, "params": {"gamma": 82.81379300843194, "log10_alpha": -3.937026028106558, "log10_colsample_bytree": -0.36246975816875815, "log10_eta": -3.4006071479209155, "log10_lambda": -3.5048340476876407, "log10_min_child_weight": 2.8933905243910547, "log10_subsample": -0.5826635704309867, "max_depth": 2.0, "num_boost_round": 8.0}, "datetime": {"datetime": "2024-01-19 00:15:24", "elapsed": 223.64553, "delta": 0.000413}}
{"target": -13.758517447176935, "params": {"gamma": 82.81379300843194, "log10_alpha": -3.937026028106558, "log10_colsample_bytree": -0.36246975816875815, "log10_eta": -3.4006071479209155, "log10_lambda": -3.5048340476876407, "log10_min_child_weight": 2.8933905243910547, "log10_subsample": -0.5826635704309867, "max_depth": 2.0, "num_boost_round": 9.0}, "datetime": {"datetime": "2024-01-19 00:15:24", "elapsed": 223.646075, "delta": 0.000545}}
{"target": -13.758511927543791, "params": {"gamma": 82.81379300843194, "log10_alpha": -3.937026028106558, "log10_colsample_bytree": -0.36246975816875815, "log10_eta": -3.4006071479209155, "log10_lambda": -3.5048340476876407, "log10_min_child_weight": 2.8933905243910547, "log10_subsample": -0.5826635704309867, "max_depth": 2.0, "num_boost_round": 10.0}, "datetime": {"datetime": "2024-01-19 00:15:24", "elapsed": 223.6465, "delta": 0.000425}}
