{"target": -13.758323561910752, "params": {"gamma": 309.8294522823515, "log10_alpha": -0.6436734124932109, "log10_colsample_bytree": -0.2800926487224058, "log10_eta": -3.120408644956127, "log10_lambda": -2.0213778941422236, "log10_min_child_weight": 3.0123142355921373, "log10_subsample": -0.8202677323386142, "max_depth": 7.0, "num_boost_round": 18.0}, "datetime": {"datetime": "2024-01-19 02:22:44", "elapsed": 7817.32727, "delta": 0.007349}}
{"target": -13.758311198769263, "params": {"gamma": 309.8294522823515, "log10_alpha": -0.6436734124932109, "log10_colsample_bytree": -0.2800926487224058, "log10_eta": -3.120408644956127, "log10_lambda": -2.0213778941422236, "log10_min_child_weight": 3.0123142355921373, "log10_subsample": -0.8202677323386142, "max_depth": 7.0, "num_boost_round": 19.0}, "datetime": {"datetime": "2024-01-19 02:22:44", "elapsed": 7817.444164, "delta": 0.116894}}
{"target": -13.758293119199816, "params": {"gamma": 309.8294522823515, "log10_alpha": -0.6436734124932109, "log10_colsample_bytree": -0.2800926487224058, "log10_eta": -3.120408644956127, "log10_lambda": -2.0213778941422236, "log10_min_child_weight": 3.0123142355921373, "log10_subsample": -0.8202677323386142, "max_depth": 7.0, "num_boost_round": 20.0}, "datetime": {"datetime": "2024-01-19 02:22:44", "elapsed": 7817.453378, "delta": 0.009214}}
{"target": -13.758284370548507, "params": {"gamma": 309.8294522823515, "log10_alpha": -0.6436734124932109, "log10_colsample_bytree": -0.2800926487224058, "log10_eta": -3.120408644956127, "log10_lambda": -2.0213778941422236, "log10_min_child_weight": 3.0123142355921373, "log10_subsample": -0.8202677323386142, "max_depth": 7.0, "num_boost_round": 21.0}, "datetime": {"datetime": "2024-01-19 02:22:44", "elapsed": 7817.460939, "delta": 0.007561}}
{"target": -13.758263779651463, "params": {"gamma": 309.8294522823515, "log10_alpha": -0.6436734124932109, "log10_colsample_bytree": -0.2800926487224058, "log10_eta": -3.120408644956127, "log10_lambda": -2.0213778941422236, "log10_min_child_weight": 3.0123142355921373, "log10_subsample": -0.8202677323386142, "max_depth": 7.0, "num_boost_round": 22.0}, "datetime": {"datetime": "2024-01-19 02:22:44", "elapsed": 7817.467775, "delta": 0.006836}}
{"target": -13.758253228978159, "params": {"gamma": 309.8294522823515, "log10_alpha": -0.6436734124932109, "log10_colsample_bytree": -0.2800926487224058, "log10_eta": -3.120408644956127, "log10_lambda": -2.0213778941422236, "log10_min_child_weight": 3.0123142355921373, "log10_subsample": -0.8202677323386142, "max_depth": 7.0, "num_boost_round": 23.0}, "datetime": {"datetime": "2024-01-19 02:22:44", "elapsed": 7817.47469, "delta": 0.006915}}
{"target": -13.758254241504583, "params": {"gamma": 309.8294522823515, "log10_alpha": -0.6436734124932109, "log10_colsample_bytree": -0.2800926487224058, "log10_eta": -3.120408644956127, "log10_lambda": -2.0213778941422236, "log10_min_child_weight": 3.0123142355921373, "log10_subsample": -0.8202677323386142, "max_depth": 7.0, "num_boost_round": 24.0}, "datetime": {"datetime": "2024-01-19 02:22:44", "elapsed": 7817.481807, "delta": 0.007117}}
{"target": -13.758243531325283, "params": {"gamma": 309.8294522823515, "log10_alpha": -0.6436734124932109, "log10_colsample_bytree": -0.2800926487224058, "log10_eta": -3.120408644956127, "log10_lambda": -2.0213778941422236, "log10_min_child_weight": 3.0123142355921373, "log10_subsample": -0.8202677323386142, "max_depth": 7.0, "num_boost_round": 25.0}, "datetime": {"datetime": "2024-01-19 02:22:44", "elapsed": 7817.489817, "delta": 0.00801}}
{"target": -13.758231322773385, "params": {"gamma": 309.8294522823515, "log10_alpha": -0.6436734124932109, "log10_colsample_bytree": -0.2800926487224058, "log10_eta": -3.120408644956127, "log10_lambda": -2.0213778941422236, "log10_min_child_weight": 3.0123142355921373, "log10_subsample": -0.8202677323386142, "max_depth": 7.0, "num_boost_round": 26.0}, "datetime": {"datetime": "2024-01-19 02:22:44", "elapsed": 7817.497602, "delta": 0.007785}}
{"target": -13.758218773630375, "params": {"gamma": 309.8294522823515, "log10_alpha": -0.6436734124932109, "log10_colsample_bytree": -0.2800926487224058, "log10_eta": -3.120408644956127, "log10_lambda": -2.0213778941422236, "log10_min_child_weight": 3.0123142355921373, "log10_subsample": -0.8202677323386142, "max_depth": 7.0, "num_boost_round": 27.0}, "datetime": {"datetime": "2024-01-19 02:22:44", "elapsed": 7817.505066, "delta": 0.007464}}
{"target": -13.7582171039324, "params": {"gamma": 309.8294522823515, "log10_alpha": -0.6436734124932109, "log10_colsample_bytree": -0.2800926487224058, "log10_eta": -3.120408644956127, "log10_lambda": -2.0213778941422236, "log10_min_child_weight": 3.0123142355921373, "log10_subsample": -0.8202677323386142, "max_depth": 7.0, "num_boost_round": 28.0}, "datetime": {"datetime": "2024-01-19 02:22:44", "elapsed": 7817.513142, "delta": 0.008076}}
{"target": -13.758198522246419, "params": {"gamma": 309.8294522823515, "log10_alpha": -0.6436734124932109, "log10_colsample_bytree": -0.2800926487224058, "log10_eta": -3.120408644956127, "log10_lambda": -2.0213778941422236, "log10_min_child_weight": 3.0123142355921373, "log10_subsample": -0.8202677323386142, "max_depth": 7.0, "num_boost_round": 29.0}, "datetime": {"datetime": "2024-01-19 02:22:44", "elapsed": 7817.52057, "delta": 0.007428}}
{"target": -13.75820714720162, "params": {"gamma": 309.8294522823515, "log10_alpha": -0.6436734124932109, "log10_colsample_bytree": -0.2800926487224058, "log10_eta": -3.120408644956127, "log10_lambda": -2.0213778941422236, "log10_min_child_weight": 3.0123142355921373, "log10_subsample": -0.8202677323386142, "max_depth": 7.0, "num_boost_round": 30.0}, "datetime": {"datetime": "2024-01-19 02:22:44", "elapsed": 7817.52787, "delta": 0.0073}}
{"target": -13.758184979117042, "params": {"gamma": 309.8294522823515, "log10_alpha": -0.6436734124932109, "log10_colsample_bytree": -0.2800926487224058, "log10_eta": -3.120408644956127, "log10_lambda": -2.0213778941422236, "log10_min_child_weight": 3.0123142355921373, "log10_subsample": -0.8202677323386142, "max_depth": 7.0, "num_boost_round": 31.0}, "datetime": {"datetime": "2024-01-19 02:22:44", "elapsed": 7817.535258, "delta": 0.007388}}
{"target": -13.75841304113215, "params": {"gamma": 288.2625830362493, "log10_alpha": 0.5057403604436557, "log10_colsample_bytree": -0.40028014222328967, "log10_eta": -2.026138833518086, "log10_lambda": -3.6746639748061964, "log10_min_child_weight": 2.5553738370878243, "log10_subsample": -0.3132275984393009, "max_depth": 6.0, "num_boost_round": 0.0}, "datetime": {"datetime": "2024-01-19 02:25:45", "elapsed": 7997.727916, "delta": 180.192658}}
{"target": -13.75820728754122, "params": {"gamma": 288.2625830362493, "log10_alpha": 0.5057403604436557, "log10_colsample_bytree": -0.40028014222328967, "log10_eta": -2.026138833518086, "log10_lambda": -3.6746639748061964, "log10_min_child_weight": 2.5553738370878243, "log10_subsample": -0.3132275984393009, "max_depth": 6.0, "num_boost_round": 1.0}, "datetime": {"datetime": "2024-01-19 02:25:45", "elapsed": 7997.735957, "delta": 0.008041}}
{"target": -13.758154469877812, "params": {"gamma": 288.2625830362493, "log10_alpha": 0.5057403604436557, "log10_colsample_bytree": -0.40028014222328967, "log10_eta": -2.026138833518086, "log10_lambda": -3.6746639748061964, "log10_min_child_weight": 2.5553738370878243, "log10_subsample": -0.3132275984393009, "max_depth": 6.0, "num_boost_round": 2.0}, "datetime": {"datetime": "2024-01-19 02:25:45", "elapsed": 7997.74458, "delta": 0.008623}}
{"target": -13.7579464505594, "params": {"gamma": 288.2625830362493, "log10_alpha": 0.5057403604436557, "log10_colsample_bytree": -0.40028014222328967, "log10_eta": -2.026138833518086, "log10_lambda": -3.6746639748061964, "log10_min_child_weight": 2.5553738370878243, "log10_subsample": -0.3132275984393009, "max_depth": 6.0, "num_boost_round": 3.0}, "datetime": {"datetime": "2024-01-19 02:25:45", "elapsed": 7997.752787, "delta": 0.008207}}
{"target": -13.75779573675533, "params": {"gamma": 288.2625830362493, "log10_alpha": 0.5057403604436557, "log10_colsample_bytree": -0.40028014222328967, "log10_eta": -2.026138833518086, "log10_lambda": -3.6746639748061964, "log10_min_child_weight": 2.5553738370878243, "log10_subsample": -0.3132275984393009, "max_depth": 6.0, "num_boost_round": 4.0}, "datetime": {"datetime": "2024-01-19 02:25:45", "elapsed": 7997.892022, "delta": 0.139235}}
{"target": -13.757919687023769, "params": {"gamma": 288.2625830362493, "log10_alpha": 0.5057403604436557, "log10_colsample_bytree": -0.40028014222328967, "log10_eta": -2.026138833518086, "log10_lambda": -3.6746639748061964, "log10_min_child_weight": 2.5553738370878243, "log10_subsample": -0.3132275984393009, "max_depth": 6.0, "num_boost_round": 5.0}, "datetime": {"datetime": "2024-01-19 02:25:45", "elapsed": 7997.90038, "delta": 0.008358}}
{"target": -13.758159220542696, "params": {"gamma": 288.2625830362493, "log10_alpha": 0.5057403604436557, "log10_colsample_bytree": -0.40028014222328967, "log10_eta": -2.026138833518086, "log10_lambda": -3.6746639748061964, "log10_min_child_weight": 2.5553738370878243, "log10_subsample": -0.3132275984393009, "max_depth": 6.0, "num_boost_round": 6.0}, "datetime": {"datetime": "2024-01-19 02:25:45", "elapsed": 7997.907533, "delta": 0.007153}}
{"target": -13.758074815317412, "params": {"gamma": 288.2625830362493, "log10_alpha": 0.5057403604436557, "log10_colsample_bytree": -0.40028014222328967, "log10_eta": -2.026138833518086, "log10_lambda": -3.6746639748061964, "log10_min_child_weight": 2.5553738370878243, "log10_subsample": -0.3132275984393009, "max_depth": 6.0, "num_boost_round": 7.0}, "datetime": {"datetime": "2024-01-19 02:25:45", "elapsed": 7997.91449, "delta": 0.006957}}
{"target": -13.758228355964507, "params": {"gamma": 288.2625830362493, "log10_alpha": 0.5057403604436557, "log10_colsample_bytree": -0.40028014222328967, "log10_eta": -2.026138833518086, "log10_lambda": -3.6746639748061964, "log10_min_child_weight": 2.5553738370878243, "log10_subsample": -0.3132275984393009, "max_depth": 6.0, "num_boost_round": 8.0}, "datetime": {"datetime": "2024-01-19 02:25:45", "elapsed": 7997.921345, "delta": 0.006855}}
{"target": -13.758171042108854, "params": {"gamma": 288.2625830362493, "log10_alpha": 0.5057403604436557, "log10_colsample_bytree": -0.40028014222328967, "log10_eta": -2.026138833518086, "log10_lambda": -3.6746639748061964, "log10_min_child_weight": 2.5553738370878243, "log10_subsample": -0.3132275984393009, "max_depth": 6.0, "num_boost_round": 9.0}, "datetime": {"datetime": "2024-01-19 02:25:45", "elapsed": 7997.928739, "delta": 0.007394}}
{"target": -13.758236352423287, "params": {"gamma": 288.2625830362493, "log10_alpha": 0.5057403604436557, "log10_colsample_bytree": -0.40028014222328967, "log10_eta": -2.026138833518086, "log10_lambda": -3.6746639748061964, "log10_min_child_weight": 2.5553738370878243, "log10_subsample": -0.3132275984393009, "max_depth": 6.0, "num_boost_round": 10.0}, "datetime": {"datetime": "2024-01-19 02:25:45", "elapsed": 7997.936123, "delta": 0.007384}}
{"target": -13.757541872263458, "params": {"gamma": 327.4191710510488, "log10_alpha": -3.3744153859776485, "log10_colsample_bytree": -0.6227573040055585, "log10_eta": -1.0858761258215246, "log10_lambda": -4.830554532523642, "log10_min_child_weight": 2.8281831185299326, "log10_subsample": -0.24079218804439362, "max_depth": 9.0, "num_boost_round": 0.0}, "datetime": {"datetime": "2024-01-19 02:27:45", "elapsed": 8118.346087, "delta": 120.409964}}
{"target": -13.756275249087071, "params": {"gamma": 327.4191710510488, "log10_alpha": -3.3744153859776485, "log10_colsample_bytree": -0.6227573040055585, "log10_eta": -1.0858761258215246, "log10_lambda": -4.830554532523642, "log10_min_child_weight": 2.8281831185299326, "log10_subsample": -0.24079218804439362, "max_depth": 9.0, "num_boost_round": 1.0}, "datetime": {"datetime": "2024-01-19 02:27:45", "elapsed": 8118.353531, "delta": 0.007444}}
{"target": -13.752478435882106, "params": {"gamma": 327.4191710510488, "log10_alpha": -3.3744153859776485, "log10_colsample_bytree": -0.6227573040055585, "log10_eta": -1.0858761258215246, "log10_lambda": -4.830554532523642, "log10_min_child_weight": 2.8281831185299326, "log10_subsample": -0.24079218804439362, "max_depth": 9.0, "num_boost_round": 2.0}, "datetime": {"datetime": "2024-01-19 02:27:45", "elapsed": 8118.359987, "delta": 0.006456}}
{"target": -13.75261634661778, "params": {"gamma": 327.4191710510488, "log10_alpha": -3.3744153859776485, "log10_colsample_bytree": -0.6227573040055585, "log10_eta": -1.0858761258215246, "log10_lambda": -4.830554532523642, "log10_min_child_weight": 2.8281831185299326, "log10_subsample": -0.24079218804439362, "max_depth": 9.0, "num_boost_round": 3.0}, "datetime": {"datetime": "2024-01-19 02:27:45", "elapsed": 8118.366346, "delta": 0.006359}}
{"target": -13.752031697228885, "params": {"gamma": 327.4191710510488, "log10_alpha": -3.3744153859776485, "log10_colsample_bytree": -0.6227573040055585, "log10_eta": -1.0858761258215246, "log10_lambda": -4.830554532523642, "log10_min_child_weight": 2.8281831185299326, "log10_subsample": -0.24079218804439362, "max_depth": 9.0, "num_boost_round": 4.0}, "datetime": {"datetime": "2024-01-19 02:27:45", "elapsed": 8118.372783, "delta": 0.006437}}
{"target": -13.752623069882583, "params": {"gamma": 327.4191710510488, "log10_alpha": -3.3744153859776485, "log10_colsample_bytree": -0.6227573040055585, "log10_eta": -1.0858761258215246, "log10_lambda": -4.830554532523642, "log10_min_child_weight": 2.8281831185299326, "log10_subsample": -0.24079218804439362, "max_depth": 9.0, "num_boost_round": 5.0}, "datetime": {"datetime": "2024-01-19 02:27:45", "elapsed": 8118.379051, "delta": 0.006268}}
{"target": -13.756585304735417, "params": {"gamma": 327.4191710510488, "log10_alpha": -3.3744153859776485, "log10_colsample_bytree": -0.6227573040055585, "log10_eta": -1.0858761258215246, "log10_lambda": -4.830554532523642, "log10_min_child_weight": 2.8281831185299326, "log10_subsample": -0.24079218804439362, "max_depth": 9.0, "num_boost_round": 6.0}, "datetime": {"datetime": "2024-01-19 02:27:45", "elapsed": 8118.385283, "delta": 0.006232}}
{"target": -13.757746229950396, "params": {"gamma": 327.4191710510488, "log10_alpha": -3.3744153859776485, "log10_colsample_bytree": -0.6227573040055585, "log10_eta": -1.0858761258215246, "log10_lambda": -4.830554532523642, "log10_min_child_weight": 2.8281831185299326, "log10_subsample": -0.24079218804439362, "max_depth": 9.0, "num_boost_round": 7.0}, "datetime": {"datetime": "2024-01-19 02:27:45", "elapsed": 8118.391689, "delta": 0.006406}}
{"target": -13.760472142712432, "params": {"gamma": 327.4191710510488, "log10_alpha": -3.3744153859776485, "log10_colsample_bytree": -0.6227573040055585, "log10_eta": -1.0858761258215246, "log10_lambda": -4.830554532523642, "log10_min_child_weight": 2.8281831185299326, "log10_subsample": -0.24079218804439362, "max_depth": 9.0, "num_boost_round": 8.0}, "datetime": {"datetime": "2024-01-19 02:27:45", "elapsed": 8118.398157, "delta": 0.006468}}
{"target": -13.760039568334486, "params": {"gamma": 327.4191710510488, "log10_alpha": -3.3744153859776485, "log10_colsample_bytree": -0.6227573040055585, "log10_eta": -1.0858761258215246, "log10_lambda": -4.830554532523642, "log10_min_child_weight": 2.8281831185299326, "log10_subsample": -0.24079218804439362, "max_depth": 9.0, "num_boost_round": 9.0}, "datetime": {"datetime": "2024-01-19 02:27:45", "elapsed": 8118.404555, "delta": 0.006398}}
{"target": -13.760990143046538, "params": {"gamma": 327.4191710510488, "log10_alpha": -3.3744153859776485, "log10_colsample_bytree": -0.6227573040055585, "log10_eta": -1.0858761258215246, "log10_lambda": -4.830554532523642, "log10_min_child_weight": 2.8281831185299326, "log10_subsample": -0.24079218804439362, "max_depth": 9.0, "num_boost_round": 10.0}, "datetime": {"datetime": "2024-01-19 02:27:45", "elapsed": 8118.410796, "delta": 0.006241}}
{"target": -13.761729408828371, "params": {"gamma": 327.4191710510488, "log10_alpha": -3.3744153859776485, "log10_colsample_bytree": -0.6227573040055585, "log10_eta": -1.0858761258215246, "log10_lambda": -4.830554532523642, "log10_min_child_weight": 2.8281831185299326, "log10_subsample": -0.24079218804439362, "max_depth": 9.0, "num_boost_round": 11.0}, "datetime": {"datetime": "2024-01-19 02:27:45", "elapsed": 8118.417259, "delta": 0.006463}}
{"target": -13.764757365332269, "params": {"gamma": 327.4191710510488, "log10_alpha": -3.3744153859776485, "log10_colsample_bytree": -0.6227573040055585, "log10_eta": -1.0858761258215246, "log10_lambda": -4.830554532523642, "log10_min_child_weight": 2.8281831185299326, "log10_subsample": -0.24079218804439362, "max_depth": 9.0, "num_boost_round": 12.0}, "datetime": {"datetime": "2024-01-19 02:27:45", "elapsed": 8118.423688, "delta": 0.006429}}
{"target": -13.77028655016062, "params": {"gamma": 327.4191710510488, "log10_alpha": -3.3744153859776485, "log10_colsample_bytree": -0.6227573040055585, "log10_eta": -1.0858761258215246, "log10_lambda": -4.830554532523642, "log10_min_child_weight": 2.8281831185299326, "log10_subsample": -0.24079218804439362, "max_depth": 9.0, "num_boost_round": 13.0}, "datetime": {"datetime": "2024-01-19 02:27:45", "elapsed": 8118.430209, "delta": 0.006521}}
{"target": -13.770100550017535, "params": {"gamma": 327.4191710510488, "log10_alpha": -3.3744153859776485, "log10_colsample_bytree": -0.6227573040055585, "log10_eta": -1.0858761258215246, "log10_lambda": -4.830554532523642, "log10_min_child_weight": 2.8281831185299326, "log10_subsample": -0.24079218804439362, "max_depth": 9.0, "num_boost_round": 14.0}, "datetime": {"datetime": "2024-01-19 02:27:45", "elapsed": 8118.436657, "delta": 0.006448}}
{"target": -13.77346079630196, "params": {"gamma": 327.4191710510488, "log10_alpha": -3.3744153859776485, "log10_colsample_bytree": -0.6227573040055585, "log10_eta": -1.0858761258215246, "log10_lambda": -4.830554532523642, "log10_min_child_weight": 2.8281831185299326, "log10_subsample": -0.24079218804439362, "max_depth": 9.0, "num_boost_round": 15.0}, "datetime": {"datetime": "2024-01-19 02:27:45", "elapsed": 8118.44303, "delta": 0.006373}}
{"target": -13.777969980097296, "params": {"gamma": 327.4191710510488, "log10_alpha": -3.3744153859776485, "log10_colsample_bytree": -0.6227573040055585, "log10_eta": -1.0858761258215246, "log10_lambda": -4.830554532523642, "log10_min_child_weight": 2.8281831185299326, "log10_subsample": -0.24079218804439362, "max_depth": 9.0, "num_boost_round": 16.0}, "datetime": {"datetime": "2024-01-19 02:27:45", "elapsed": 8118.449411, "delta": 0.006381}}
{"target": -13.781674253495733, "params": {"gamma": 327.4191710510488, "log10_alpha": -3.3744153859776485, "log10_colsample_bytree": -0.6227573040055585, "log10_eta": -1.0858761258215246, "log10_lambda": -4.830554532523642, "log10_min_child_weight": 2.8281831185299326, "log10_subsample": -0.24079218804439362, "max_depth": 9.0, "num_boost_round": 17.0}, "datetime": {"datetime": "2024-01-19 02:27:45", "elapsed": 8118.455911, "delta": 0.0065}}
{"target": -13.78636906840703, "params": {"gamma": 327.4191710510488, "log10_alpha": -3.3744153859776485, "log10_colsample_bytree": -0.6227573040055585, "log10_eta": -1.0858761258215246, "log10_lambda": -4.830554532523642, "log10_min_child_weight": 2.8281831185299326, "log10_subsample": -0.24079218804439362, "max_depth": 9.0, "num_boost_round": 18.0}, "datetime": {"datetime": "2024-01-19 02:27:45", "elapsed": 8118.462249, "delta": 0.006338}}
{"target": -13.788698215972735, "params": {"gamma": 327.4191710510488, "log10_alpha": -3.3744153859776485, "log10_colsample_bytree": -0.6227573040055585, "log10_eta": -1.0858761258215246, "log10_lambda": -4.830554532523642, "log10_min_child_weight": 2.8281831185299326, "log10_subsample": -0.24079218804439362, "max_depth": 9.0, "num_boost_round": 19.0}, "datetime": {"datetime": "2024-01-19 02:27:45", "elapsed": 8118.468521, "delta": 0.006272}}
{"target": -13.792000606865685, "params": {"gamma": 327.4191710510488, "log10_alpha": -3.3744153859776485, "log10_colsample_bytree": -0.6227573040055585, "log10_eta": -1.0858761258215246, "log10_lambda": -4.830554532523642, "log10_min_child_weight": 2.8281831185299326, "log10_subsample": -0.24079218804439362, "max_depth": 9.0, "num_boost_round": 20.0}, "datetime": {"datetime": "2024-01-19 02:27:45", "elapsed": 8118.474936, "delta": 0.006415}}
{"target": -13.794001604863885, "params": {"gamma": 327.4191710510488, "log10_alpha": -3.3744153859776485, "log10_colsample_bytree": -0.6227573040055585, "log10_eta": -1.0858761258215246, "log10_lambda": -4.830554532523642, "log10_min_child_weight": 2.8281831185299326, "log10_subsample": -0.24079218804439362, "max_depth": 9.0, "num_boost_round": 21.0}, "datetime": {"datetime": "2024-01-19 02:27:45", "elapsed": 8118.48124, "delta": 0.006304}}
{"target": -13.798402391117177, "params": {"gamma": 327.4191710510488, "log10_alpha": -3.3744153859776485, "log10_colsample_bytree": -0.6227573040055585, "log10_eta": -1.0858761258215246, "log10_lambda": -4.830554532523642, "log10_min_child_weight": 2.8281831185299326, "log10_subsample": -0.24079218804439362, "max_depth": 9.0, "num_boost_round": 22.0}, "datetime": {"datetime": "2024-01-19 02:27:45", "elapsed": 8118.488165, "delta": 0.006925}}
{"target": -13.805119523065562, "params": {"gamma": 327.4191710510488, "log10_alpha": -3.3744153859776485, "log10_colsample_bytree": -0.6227573040055585, "log10_eta": -1.0858761258215246, "log10_lambda": -4.830554532523642, "log10_min_child_weight": 2.8281831185299326, "log10_subsample": -0.24079218804439362, "max_depth": 9.0, "num_boost_round": 23.0}, "datetime": {"datetime": "2024-01-19 02:27:45", "elapsed": 8118.49517, "delta": 0.007005}}
