{"target": -13.758382504690418, "params": {"gamma": 863.7308959240638, "log10_alpha": -2.946773137751165, "log10_colsample_bytree": -0.6350878977661373, "log10_eta": -3.2506036406330003, "log10_lambda": 0.6385407171638686, "log10_min_child_weight": 0.9572173734556844, "log10_subsample": -0.7563891783711422, "max_depth": 6.0, "num_boost_round": 10.0}, "datetime": {"datetime": "2024-01-19 00:23:55", "elapsed": 755.236533, "delta": 0.001015}}
{"target": -13.75837249485333, "params": {"gamma": 863.7308959240638, "log10_alpha": -2.946773137751165, "log10_colsample_bytree": -0.6350878977661373, "log10_eta": -3.2506036406330003, "log10_lambda": 0.6385407171638686, "log10_min_child_weight": 0.9572173734556844, "log10_subsample": -0.7563891783711422, "max_depth": 6.0, "num_boost_round": 11.0}, "datetime": {"datetime": "2024-01-19 00:23:55", "elapsed": 755.237676, "delta": 0.001143}}
{"target": -13.758373125176798, "params": {"gamma": 863.7308959240638, "log10_alpha": -2.946773137751165, "log10_colsample_bytree": -0.6350878977661373, "log10_eta": -3.2506036406330003, "log10_lambda": 0.6385407171638686, "log10_min_child_weight": 0.9572173734556844, "log10_subsample": -0.7563891783711422, "max_depth": 6.0, "num_boost_round": 12.0}, "datetime": {"datetime": "2024-01-19 00:23:55", "elapsed": 755.320561, "delta": 0.082885}}
{"target": -13.758374774054774, "params": {"gamma": 863.7308959240638, "log10_alpha": -2.946773137751165, "log10_colsample_bytree": -0.6350878977661373, "log10_eta": -3.2506036406330003, "log10_lambda": 0.6385407171638686, "log10_min_child_weight": 0.9572173734556844, "log10_subsample": -0.7563891783711422, "max_depth": 6.0, "num_boost_round": 13.0}, "datetime": {"datetime": "2024-01-19 00:23:55", "elapsed": 755.321952, "delta": 0.001391}}
{"target": -13.758373742042338, "params": {"gamma": 863.7308959240638, "log10_alpha": -2.946773137751165, "log10_colsample_bytree": -0.6350878977661373, "log10_eta": -3.2506036406330003, "log10_lambda": 0.6385407171638686, "log10_min_child_weight": 0.9572173734556844, "log10_subsample": -0.7563891783711422, "max_depth": 6.0, "num_boost_round": 14.0}, "datetime": {"datetime": "2024-01-19 00:23:55", "elapsed": 755.323202, "delta": 0.00125}}
{"target": -13.758343042277241, "params": {"gamma": 863.7308959240638, "log10_alpha": -2.946773137751165, "log10_colsample_bytree": -0.6350878977661373, "log10_eta": -3.2506036406330003, "log10_lambda": 0.6385407171638686, "log10_min_child_weight": 0.9572173734556844, "log10_subsample": -0.7563891783711422, "max_depth": 6.0, "num_boost_round": 15.0}, "datetime": {"datetime": "2024-01-19 00:23:55", "elapsed": 755.324767, "delta": 0.001565}}
{"target": -13.758334020186041, "params": {"gamma": 863.7308959240638, "log10_alpha": -2.946773137751165, "log10_colsample_bytree": -0.6350878977661373, "log10_eta": -3.2506036406330003, "log10_lambda": 0.6385407171638686, "log10_min_child_weight": 0.9572173734556844, "log10_subsample": -0.7563891783711422, "max_depth": 6.0, "num_boost_round": 16.0}, "datetime": {"datetime": "2024-01-19 00:23:55", "elapsed": 755.32627, "delta": 0.001503}}
{"target": -13.758321524922437, "params": {"gamma": 863.7308959240638, "log10_alpha": -2.946773137751165, "log10_colsample_bytree": -0.6350878977661373, "log10_eta": -3.2506036406330003, "log10_lambda": 0.6385407171638686, "log10_min_child_weight": 0.9572173734556844, "log10_subsample": -0.7563891783711422, "max_depth": 6.0, "num_boost_round": 17.0}, "datetime": {"datetime": "2024-01-19 00:23:55", "elapsed": 755.327798, "delta": 0.001528}}
{"target": -13.758311404740946, "params": {"gamma": 863.7308959240638, "log10_alpha": -2.946773137751165, "log10_colsample_bytree": -0.6350878977661373, "log10_eta": -3.2506036406330003, "log10_lambda": 0.6385407171638686, "log10_min_child_weight": 0.9572173734556844, "log10_subsample": -0.7563891783711422, "max_depth": 6.0, "num_boost_round": 18.0}, "datetime": {"datetime": "2024-01-19 00:23:55", "elapsed": 755.328974, "delta": 0.001176}}
{"target": -13.758293536718092, "params": {"gamma": 863.7308959240638, "log10_alpha": -2.946773137751165, "log10_colsample_bytree": -0.6350878977661373, "log10_eta": -3.2506036406330003, "log10_lambda": 0.6385407171638686, "log10_min_child_weight": 0.9572173734556844, "log10_subsample": -0.7563891783711422, "max_depth": 6.0, "num_boost_round": 19.0}, "datetime": {"datetime": "2024-01-19 00:23:55", "elapsed": 755.330105, "delta": 0.001131}}
{"target": -13.75827071388688, "params": {"gamma": 863.7308959240638, "log10_alpha": -2.946773137751165, "log10_colsample_bytree": -0.6350878977661373, "log10_eta": -3.2506036406330003, "log10_lambda": 0.6385407171638686, "log10_min_child_weight": 0.9572173734556844, "log10_subsample": -0.7563891783711422, "max_depth": 6.0, "num_boost_round": 20.0}, "datetime": {"datetime": "2024-01-19 00:23:55", "elapsed": 755.33119, "delta": 0.001085}}
{"target": -13.758533068674957, "params": {"gamma": 874.282889467032, "log10_alpha": 1.0, "log10_colsample_bytree": 0.0, "log10_eta": -3.4395139374849117, "log10_lambda": -3.999111246627246, "log10_min_child_weight": 0.1149418285319703, "log10_subsample": -0.2465049806525747, "max_depth": 5.0, "num_boost_round": 0.0}, "datetime": {"datetime": "2024-01-19 00:24:14", "elapsed": 774.423659, "delta": 19.092469}}
{"target": -13.758534815459738, "params": {"gamma": 874.282889467032, "log10_alpha": 1.0, "log10_colsample_bytree": 0.0, "log10_eta": -3.4395139374849117, "log10_lambda": -3.999111246627246, "log10_min_child_weight": 0.1149418285319703, "log10_subsample": -0.2465049806525747, "max_depth": 5.0, "num_boost_round": 1.0}, "datetime": {"datetime": "2024-01-19 00:24:14", "elapsed": 774.425252, "delta": 0.001593}}
{"target": -13.758535151945718, "params": {"gamma": 874.282889467032, "log10_alpha": 1.0, "log10_colsample_bytree": 0.0, "log10_eta": -3.4395139374849117, "log10_lambda": -3.999111246627246, "log10_min_child_weight": 0.1149418285319703, "log10_subsample": -0.2465049806525747, "max_depth": 5.0, "num_boost_round": 2.0}, "datetime": {"datetime": "2024-01-19 00:24:14", "elapsed": 774.42654, "delta": 0.001288}}
{"target": -13.758536534756951, "params": {"gamma": 874.282889467032, "log10_alpha": 1.0, "log10_colsample_bytree": 0.0, "log10_eta": -3.4395139374849117, "log10_lambda": -3.999111246627246, "log10_min_child_weight": 0.1149418285319703, "log10_subsample": -0.2465049806525747, "max_depth": 5.0, "num_boost_round": 3.0}, "datetime": {"datetime": "2024-01-19 00:24:14", "elapsed": 774.427758, "delta": 0.001218}}
{"target": -13.758540053042246, "params": {"gamma": 874.282889467032, "log10_alpha": 1.0, "log10_colsample_bytree": 0.0, "log10_eta": -3.4395139374849117, "log10_lambda": -3.999111246627246, "log10_min_child_weight": 0.1149418285319703, "log10_subsample": -0.2465049806525747, "max_depth": 5.0, "num_boost_round": 4.0}, "datetime": {"datetime": "2024-01-19 00:24:14", "elapsed": 774.428829, "delta": 0.001071}}
{"target": -13.758525448133115, "params": {"gamma": 874.282889467032, "log10_alpha": 1.0, "log10_colsample_bytree": 0.0, "log10_eta": -3.4395139374849117, "log10_lambda": -3.999111246627246, "log10_min_child_weight": 0.1149418285319703, "log10_subsample": -0.2465049806525747, "max_depth": 5.0, "num_boost_round": 5.0}, "datetime": {"datetime": "2024-01-19 00:24:14", "elapsed": 774.429903, "delta": 0.001074}}
{"target": -13.758527195734699, "params": {"gamma": 874.282889467032, "log10_alpha": 1.0, "log10_colsample_bytree": 0.0, "log10_eta": -3.4395139374849117, "log10_lambda": -3.999111246627246, "log10_min_child_weight": 0.1149418285319703, "log10_subsample": -0.2465049806525747, "max_depth": 5.0, "num_boost_round": 6.0}, "datetime": {"datetime": "2024-01-19 00:24:14", "elapsed": 774.430966, "delta": 0.001063}}
{"target": -13.758517032750133, "params": {"gamma": 874.282889467032, "log10_alpha": 1.0, "log10_colsample_bytree": 0.0, "log10_eta": -3.4395139374849117, "log10_lambda": -3.999111246627246, "log10_min_child_weight": 0.1149418285319703, "log10_subsample": -0.2465049806525747, "max_depth": 5.0, "num_boost_round": 7.0}, "datetime": {"datetime": "2024-01-19 00:24:14", "elapsed": 774.432245, "delta": 0.001279}}
{"target": -13.75851504525988, "params": {"gamma": 874.282889467032, "log10_alpha": 1.0, "log10_colsample_bytree": 0.0, "log10_eta": -3.4395139374849117, "log10_lambda": -3.999111246627246, "log10_min_child_weight": 0.1149418285319703, "log10_subsample": -0.2465049806525747, "max_depth": 5.0, "num_boost_round": 8.0}, "datetime": {"datetime": "2024-01-19 00:24:14", "elapsed": 774.43343, "delta": 0.001185}}
{"target": -13.758521695051135, "params": {"gamma": 874.282889467032, "log10_alpha": 1.0, "log10_colsample_bytree": 0.0, "log10_eta": -3.4395139374849117, "log10_lambda": -3.999111246627246, "log10_min_child_weight": 0.1149418285319703, "log10_subsample": -0.2465049806525747, "max_depth": 5.0, "num_boost_round": 9.0}, "datetime": {"datetime": "2024-01-19 00:24:14", "elapsed": 774.434516, "delta": 0.001086}}
{"target": -13.758502556549889, "params": {"gamma": 863.8996565873637, "log10_alpha": 0.2782577766628789, "log10_colsample_bytree": -0.3686254535600225, "log10_eta": -2.1126506751502565, "log10_lambda": -4.04448716497714, "log10_min_child_weight": 4.409199251933132, "log10_subsample": -0.5746305735895905, "max_depth": 4.0, "num_boost_round": 0.0}, "datetime": {"datetime": "2024-01-19 00:24:36", "elapsed": 796.639074, "delta": 22.204558}}
{"target": -13.758469431429937, "params": {"gamma": 863.8996565873637, "log10_alpha": 0.2782577766628789, "log10_colsample_bytree": -0.3686254535600225, "log10_eta": -2.1126506751502565, "log10_lambda": -4.04448716497714, "log10_min_child_weight": 4.409199251933132, "log10_subsample": -0.5746305735895905, "max_depth": 4.0, "num_boost_round": 1.0}, "datetime": {"datetime": "2024-01-19 00:24:36", "elapsed": 796.640722, "delta": 0.001648}}
{"target": -13.758457410444882, "params": {"gamma": 863.8996565873637, "log10_alpha": 0.2782577766628789, "log10_colsample_bytree": -0.3686254535600225, "log10_eta": -2.1126506751502565, "log10_lambda": -4.04448716497714, "log10_min_child_weight": 4.409199251933132, "log10_subsample": -0.5746305735895905, "max_depth": 4.0, "num_boost_round": 2.0}, "datetime": {"datetime": "2024-01-19 00:24:36", "elapsed": 796.641945, "delta": 0.001223}}
{"target": -13.758427569615431, "params": {"gamma": 863.8996565873637, "log10_alpha": 0.2782577766628789, "log10_colsample_bytree": -0.3686254535600225, "log10_eta": -2.1126506751502565, "log10_lambda": -4.04448716497714, "log10_min_child_weight": 4.409199251933132, "log10_subsample": -0.5746305735895905, "max_depth": 4.0, "num_boost_round": 3.0}, "datetime": {"datetime": "2024-01-19 00:24:36", "elapsed": 796.643027, "delta": 0.001082}}
{"target": -13.758438344696502, "params": {"gamma": 863.8996565873637, "log10_alpha": 0.2782577766628789, "log10_colsample_bytree": -0.3686254535600225, "log10_eta": -2.1126506751502565, "log10_lambda": -4.04448716497714, "log10_min_child_weight": 4.409199251933132, "log10_subsample": -0.5746305735895905, "max_depth": 4.0, "num_boost_round": 4.0}, "datetime": {"datetime": "2024-01-19 00:24:36", "elapsed": 796.644374, "delta": 0.001347}}
{"target": -13.758417866267383, "params": {"gamma": 863.8996565873637, "log10_alpha": 0.2782577766628789, "log10_colsample_bytree": -0.3686254535600225, "log10_eta": -2.1126506751502565, "log10_lambda": -4.04448716497714, "log10_min_child_weight": 4.409199251933132, "log10_subsample": -0.5746305735895905, "max_depth": 4.0, "num_boost_round": 5.0}, "datetime": {"datetime": "2024-01-19 00:24:36", "elapsed": 796.645455, "delta": 0.001081}}
{"target": -13.758423580391767, "params": {"gamma": 863.8996565873637, "log10_alpha": 0.2782577766628789, "log10_colsample_bytree": -0.3686254535600225, "log10_eta": -2.1126506751502565, "log10_lambda": -4.04448716497714, "log10_min_child_weight": 4.409199251933132, "log10_subsample": -0.5746305735895905, "max_depth": 4.0, "num_boost_round": 6.0}, "datetime": {"datetime": "2024-01-19 00:24:36", "elapsed": 796.646562, "delta": 0.001107}}
{"target": -13.758427797537813, "params": {"gamma": 863.8996565873637, "log10_alpha": 0.2782577766628789, "log10_colsample_bytree": -0.3686254535600225, "log10_eta": -2.1126506751502565, "log10_lambda": -4.04448716497714, "log10_min_child_weight": 4.409199251933132, "log10_subsample": -0.5746305735895905, "max_depth": 4.0, "num_boost_round": 7.0}, "datetime": {"datetime": "2024-01-19 00:24:36", "elapsed": 796.647642, "delta": 0.00108}}
{"target": -13.758465952585219, "params": {"gamma": 863.8996565873637, "log10_alpha": 0.2782577766628789, "log10_colsample_bytree": -0.3686254535600225, "log10_eta": -2.1126506751502565, "log10_lambda": -4.04448716497714, "log10_min_child_weight": 4.409199251933132, "log10_subsample": -0.5746305735895905, "max_depth": 4.0, "num_boost_round": 8.0}, "datetime": {"datetime": "2024-01-19 00:24:36", "elapsed": 796.648709, "delta": 0.001067}}
{"target": -13.75842727927885, "params": {"gamma": 863.8996565873637, "log10_alpha": 0.2782577766628789, "log10_colsample_bytree": -0.3686254535600225, "log10_eta": -2.1126506751502565, "log10_lambda": -4.04448716497714, "log10_min_child_weight": 4.409199251933132, "log10_subsample": -0.5746305735895905, "max_depth": 4.0, "num_boost_round": 9.0}, "datetime": {"datetime": "2024-01-19 00:24:36", "elapsed": 796.649773, "delta": 0.001064}}
{"target": -13.758429570767689, "params": {"gamma": 863.8996565873637, "log10_alpha": 0.2782577766628789, "log10_colsample_bytree": -0.3686254535600225, "log10_eta": -2.1126506751502565, "log10_lambda": -4.04448716497714, "log10_min_child_weight": 4.409199251933132, "log10_subsample": -0.5746305735895905, "max_depth": 4.0, "num_boost_round": 10.0}, "datetime": {"datetime": "2024-01-19 00:24:36", "elapsed": 796.650858, "delta": 0.001085}}
{"target": -13.75839560110402, "params": {"gamma": 863.8996565873637, "log10_alpha": 0.2782577766628789, "log10_colsample_bytree": -0.3686254535600225, "log10_eta": -2.1126506751502565, "log10_lambda": -4.04448716497714, "log10_min_child_weight": 4.409199251933132, "log10_subsample": -0.5746305735895905, "max_depth": 4.0, "num_boost_round": 11.0}, "datetime": {"datetime": "2024-01-19 00:24:36", "elapsed": 796.651943, "delta": 0.001085}}
{"target": -13.75839136239153, "params": {"gamma": 863.8996565873637, "log10_alpha": 0.2782577766628789, "log10_colsample_bytree": -0.3686254535600225, "log10_eta": -2.1126506751502565, "log10_lambda": -4.04448716497714, "log10_min_child_weight": 4.409199251933132, "log10_subsample": -0.5746305735895905, "max_depth": 4.0, "num_boost_round": 12.0}, "datetime": {"datetime": "2024-01-19 00:24:36", "elapsed": 796.653125, "delta": 0.001182}}
{"target": -13.758376812265983, "params": {"gamma": 863.8996565873637, "log10_alpha": 0.2782577766628789, "log10_colsample_bytree": -0.3686254535600225, "log10_eta": -2.1126506751502565, "log10_lambda": -4.04448716497714, "log10_min_child_weight": 4.409199251933132, "log10_subsample": -0.5746305735895905, "max_depth": 4.0, "num_boost_round": 13.0}, "datetime": {"datetime": "2024-01-19 00:24:36", "elapsed": 796.654215, "delta": 0.00109}}
{"target": -13.758413409008794, "params": {"gamma": 863.8996565873637, "log10_alpha": 0.2782577766628789, "log10_colsample_bytree": -0.3686254535600225, "log10_eta": -2.1126506751502565, "log10_lambda": -4.04448716497714, "log10_min_child_weight": 4.409199251933132, "log10_subsample": -0.5746305735895905, "max_depth": 4.0, "num_boost_round": 14.0}, "datetime": {"datetime": "2024-01-19 00:24:36", "elapsed": 796.65526, "delta": 0.001045}}
{"target": -13.758397300590659, "params": {"gamma": 863.8996565873637, "log10_alpha": 0.2782577766628789, "log10_colsample_bytree": -0.3686254535600225, "log10_eta": -2.1126506751502565, "log10_lambda": -4.04448716497714, "log10_min_child_weight": 4.409199251933132, "log10_subsample": -0.5746305735895905, "max_depth": 4.0, "num_boost_round": 15.0}, "datetime": {"datetime": "2024-01-19 00:24:36", "elapsed": 796.656306, "delta": 0.001046}}
{"target": -13.758343651554757, "params": {"gamma": 863.8996565873637, "log10_alpha": 0.2782577766628789, "log10_colsample_bytree": -0.3686254535600225, "log10_eta": -2.1126506751502565, "log10_lambda": -4.04448716497714, "log10_min_child_weight": 4.409199251933132, "log10_subsample": -0.5746305735895905, "max_depth": 4.0, "num_boost_round": 16.0}, "datetime": {"datetime": "2024-01-19 00:24:36", "elapsed": 796.657351, "delta": 0.001045}}
{"target": -13.75834427638639, "params": {"gamma": 863.8996565873637, "log10_alpha": 0.2782577766628789, "log10_colsample_bytree": -0.3686254535600225, "log10_eta": -2.1126506751502565, "log10_lambda": -4.04448716497714, "log10_min_child_weight": 4.409199251933132, "log10_subsample": -0.5746305735895905, "max_depth": 4.0, "num_boost_round": 17.0}, "datetime": {"datetime": "2024-01-19 00:24:36", "elapsed": 796.658529, "delta": 0.001178}}
{"target": -13.758323776283932, "params": {"gamma": 863.8996565873637, "log10_alpha": 0.2782577766628789, "log10_colsample_bytree": -0.3686254535600225, "log10_eta": -2.1126506751502565, "log10_lambda": -4.04448716497714, "log10_min_child_weight": 4.409199251933132, "log10_subsample": -0.5746305735895905, "max_depth": 4.0, "num_boost_round": 18.0}, "datetime": {"datetime": "2024-01-19 00:24:36", "elapsed": 796.659616, "delta": 0.001087}}
{"target": -13.758275527171891, "params": {"gamma": 863.8996565873637, "log10_alpha": 0.2782577766628789, "log10_colsample_bytree": -0.3686254535600225, "log10_eta": -2.1126506751502565, "log10_lambda": -4.04448716497714, "log10_min_child_weight": 4.409199251933132, "log10_subsample": -0.5746305735895905, "max_depth": 4.0, "num_boost_round": 19.0}, "datetime": {"datetime": "2024-01-19 00:24:36", "elapsed": 796.660819, "delta": 0.001203}}
{"target": -13.75761186129666, "params": {"gamma": 860.1979112429991, "log10_alpha": -0.1803808779649252, "log10_colsample_bytree": -0.462429012714192, "log10_eta": -1.6130468455341305, "log10_lambda": 0.509826093890335, "log10_min_child_weight": 0.06188582843731916, "log10_subsample": -0.7872693139029099, "max_depth": 4.0, "num_boost_round": 0.0}, "datetime": {"datetime": "2024-01-19 00:24:55", "elapsed": 815.133589, "delta": 18.47277}}
{"target": -13.757699981941068, "params": {"gamma": 860.1979112429991, "log10_alpha": -0.1803808779649252, "log10_colsample_bytree": -0.462429012714192, "log10_eta": -1.6130468455341305, "log10_lambda": 0.509826093890335, "log10_min_child_weight": 0.06188582843731916, "log10_subsample": -0.7872693139029099, "max_depth": 4.0, "num_boost_round": 1.0}, "datetime": {"datetime": "2024-01-19 00:24:55", "elapsed": 815.135103, "delta": 0.001514}}
{"target": -13.75744509891131, "params": {"gamma": 860.1979112429991, "log10_alpha": -0.1803808779649252, "log10_colsample_bytree": -0.462429012714192, "log10_eta": -1.6130468455341305, "log10_lambda": 0.509826093890335, "log10_min_child_weight": 0.06188582843731916, "log10_subsample": -0.7872693139029099, "max_depth": 4.0, "num_boost_round": 2.0}, "datetime": {"datetime": "2024-01-19 00:24:55", "elapsed": 815.13629, "delta": 0.001187}}
{"target": -13.757479464588295, "params": {"gamma": 860.1979112429991, "log10_alpha": -0.1803808779649252, "log10_colsample_bytree": -0.462429012714192, "log10_eta": -1.6130468455341305, "log10_lambda": 0.509826093890335, "log10_min_child_weight": 0.06188582843731916, "log10_subsample": -0.7872693139029099, "max_depth": 4.0, "num_boost_round": 3.0}, "datetime": {"datetime": "2024-01-19 00:24:55", "elapsed": 815.137627, "delta": 0.001337}}
{"target": -13.756893934480564, "params": {"gamma": 860.1979112429991, "log10_alpha": -0.1803808779649252, "log10_colsample_bytree": -0.462429012714192, "log10_eta": -1.6130468455341305, "log10_lambda": 0.509826093890335, "log10_min_child_weight": 0.06188582843731916, "log10_subsample": -0.7872693139029099, "max_depth": 4.0, "num_boost_round": 4.0}, "datetime": {"datetime": "2024-01-19 00:24:55", "elapsed": 815.138774, "delta": 0.001147}}
{"target": -13.757455803812494, "params": {"gamma": 860.1979112429991, "log10_alpha": -0.1803808779649252, "log10_colsample_bytree": -0.462429012714192, "log10_eta": -1.6130468455341305, "log10_lambda": 0.509826093890335, "log10_min_child_weight": 0.06188582843731916, "log10_subsample": -0.7872693139029099, "max_depth": 4.0, "num_boost_round": 5.0}, "datetime": {"datetime": "2024-01-19 00:24:55", "elapsed": 815.139855, "delta": 0.001081}}
{"target": -13.757706405718157, "params": {"gamma": 860.1979112429991, "log10_alpha": -0.1803808779649252, "log10_colsample_bytree": -0.462429012714192, "log10_eta": -1.6130468455341305, "log10_lambda": 0.509826093890335, "log10_min_child_weight": 0.06188582843731916, "log10_subsample": -0.7872693139029099, "max_depth": 4.0, "num_boost_round": 6.0}, "datetime": {"datetime": "2024-01-19 00:24:55", "elapsed": 815.141026, "delta": 0.001171}}
{"target": -13.758137868862054, "params": {"gamma": 860.1979112429991, "log10_alpha": -0.1803808779649252, "log10_colsample_bytree": -0.462429012714192, "log10_eta": -1.6130468455341305, "log10_lambda": 0.509826093890335, "log10_min_child_weight": 0.06188582843731916, "log10_subsample": -0.7872693139029099, "max_depth": 4.0, "num_boost_round": 7.0}, "datetime": {"datetime": "2024-01-19 00:24:55", "elapsed": 815.142125, "delta": 0.001099}}
{"target": -13.75831818011879, "params": {"gamma": 860.1979112429991, "log10_alpha": -0.1803808779649252, "log10_colsample_bytree": -0.462429012714192, "log10_eta": -1.6130468455341305, "log10_lambda": 0.509826093890335, "log10_min_child_weight": 0.06188582843731916, "log10_subsample": -0.7872693139029099, "max_depth": 4.0, "num_boost_round": 8.0}, "datetime": {"datetime": "2024-01-19 00:24:55", "elapsed": 815.143215, "delta": 0.00109}}
