{"target": -13.758408516389956, "params": {"gamma": 871.3692088098886, "log10_alpha": -3.9365158537230176, "log10_colsample_bytree": -0.10108629760785104, "log10_eta": -3.382981787660684, "log10_lambda": -4.671521371058559, "log10_min_child_weight": 0.9607433592355114, "log10_subsample": -0.9892716093646161, "max_depth": 4.0, "num_boost_round": 9.0}, "datetime": {"datetime": "2024-01-19 00:46:08", "elapsed": 2072.958457, "delta": 0.002859}}
{"target": -13.758536326306576, "params": {"gamma": 876.1119659179443, "log10_alpha": -3.6160702836341674, "log10_colsample_bytree": -0.9129502700568563, "log10_eta": -3.9640843243356425, "log10_lambda": -3.9515173733692714, "log10_min_child_weight": 0.40821775706852526, "log10_subsample": -0.1576853276186424, "max_depth": 4.0, "num_boost_round": 0.0}, "datetime": {"datetime": "2024-01-19 00:46:38", "elapsed": 2102.890017, "delta": 29.93156}}
{"target": -13.758536068580216, "params": {"gamma": 876.1119659179443, "log10_alpha": -3.6160702836341674, "log10_colsample_bytree": -0.9129502700568563, "log10_eta": -3.9640843243356425, "log10_lambda": -3.9515173733692714, "log10_min_child_weight": 0.40821775706852526, "log10_subsample": -0.1576853276186424, "max_depth": 4.0, "num_boost_round": 1.0}, "datetime": {"datetime": "2024-01-19 00:46:38", "elapsed": 2102.893924, "delta": 0.003907}}
{"target": -13.758535216850724, "params": {"gamma": 876.1119659179443, "log10_alpha": -3.6160702836341674, "log10_colsample_bytree": -0.9129502700568563, "log10_eta": -3.9640843243356425, "log10_lambda": -3.9515173733692714, "log10_min_child_weight": 0.40821775706852526, "log10_subsample": -0.1576853276186424, "max_depth": 4.0, "num_boost_round": 2.0}, "datetime": {"datetime": "2024-01-19 00:46:38", "elapsed": 2102.897297, "delta": 0.003373}}
{"target": -13.758534353033697, "params": {"gamma": 876.1119659179443, "log10_alpha": -3.6160702836341674, "log10_colsample_bytree": -0.9129502700568563, "log10_eta": -3.9640843243356425, "log10_lambda": -3.9515173733692714, "log10_min_child_weight": 0.40821775706852526, "log10_subsample": -0.1576853276186424, "max_depth": 4.0, "num_boost_round": 3.0}, "datetime": {"datetime": "2024-01-19 00:46:38", "elapsed": 2102.900302, "delta": 0.003005}}
{"target": -13.758532681042993, "params": {"gamma": 876.1119659179443, "log10_alpha": -3.6160702836341674, "log10_colsample_bytree": -0.9129502700568563, "log10_eta": -3.9640843243356425, "log10_lambda": -3.9515173733692714, "log10_min_child_weight": 0.40821775706852526, "log10_subsample": -0.1576853276186424, "max_depth": 4.0, "num_boost_round": 4.0}, "datetime": {"datetime": "2024-01-19 00:46:38", "elapsed": 2102.903286, "delta": 0.002984}}
{"target": -13.758531806149204, "params": {"gamma": 876.1119659179443, "log10_alpha": -3.6160702836341674, "log10_colsample_bytree": -0.9129502700568563, "log10_eta": -3.9640843243356425, "log10_lambda": -3.9515173733692714, "log10_min_child_weight": 0.40821775706852526, "log10_subsample": -0.1576853276186424, "max_depth": 4.0, "num_boost_round": 5.0}, "datetime": {"datetime": "2024-01-19 00:46:38", "elapsed": 2102.906205, "delta": 0.002919}}
{"target": -13.758532511573591, "params": {"gamma": 876.1119659179443, "log10_alpha": -3.6160702836341674, "log10_colsample_bytree": -0.9129502700568563, "log10_eta": -3.9640843243356425, "log10_lambda": -3.9515173733692714, "log10_min_child_weight": 0.40821775706852526, "log10_subsample": -0.1576853276186424, "max_depth": 4.0, "num_boost_round": 6.0}, "datetime": {"datetime": "2024-01-19 00:46:38", "elapsed": 2102.909116, "delta": 0.002911}}
{"target": -13.75852982766289, "params": {"gamma": 876.1119659179443, "log10_alpha": -3.6160702836341674, "log10_colsample_bytree": -0.9129502700568563, "log10_eta": -3.9640843243356425, "log10_lambda": -3.9515173733692714, "log10_min_child_weight": 0.40821775706852526, "log10_subsample": -0.1576853276186424, "max_depth": 4.0, "num_boost_round": 7.0}, "datetime": {"datetime": "2024-01-19 00:46:38", "elapsed": 2102.912209, "delta": 0.003093}}
{"target": -13.758528751963233, "params": {"gamma": 876.1119659179443, "log10_alpha": -3.6160702836341674, "log10_colsample_bytree": -0.9129502700568563, "log10_eta": -3.9640843243356425, "log10_lambda": -3.9515173733692714, "log10_min_child_weight": 0.40821775706852526, "log10_subsample": -0.1576853276186424, "max_depth": 4.0, "num_boost_round": 8.0}, "datetime": {"datetime": "2024-01-19 00:46:38", "elapsed": 2102.915137, "delta": 0.002928}}
{"target": -13.758529505904598, "params": {"gamma": 876.1119659179443, "log10_alpha": -3.6160702836341674, "log10_colsample_bytree": -0.9129502700568563, "log10_eta": -3.9640843243356425, "log10_lambda": -3.9515173733692714, "log10_min_child_weight": 0.40821775706852526, "log10_subsample": -0.1576853276186424, "max_depth": 4.0, "num_boost_round": 9.0}, "datetime": {"datetime": "2024-01-19 00:46:38", "elapsed": 2102.918049, "delta": 0.002912}}
{"target": -13.758527706200363, "params": {"gamma": 876.1119659179443, "log10_alpha": -3.6160702836341674, "log10_colsample_bytree": -0.9129502700568563, "log10_eta": -3.9640843243356425, "log10_lambda": -3.9515173733692714, "log10_min_child_weight": 0.40821775706852526, "log10_subsample": -0.1576853276186424, "max_depth": 4.0, "num_boost_round": 10.0}, "datetime": {"datetime": "2024-01-19 00:46:38", "elapsed": 2102.920936, "delta": 0.002887}}
{"target": -13.758526137609739, "params": {"gamma": 876.1119659179443, "log10_alpha": -3.6160702836341674, "log10_colsample_bytree": -0.9129502700568563, "log10_eta": -3.9640843243356425, "log10_lambda": -3.9515173733692714, "log10_min_child_weight": 0.40821775706852526, "log10_subsample": -0.1576853276186424, "max_depth": 4.0, "num_boost_round": 11.0}, "datetime": {"datetime": "2024-01-19 00:46:38", "elapsed": 2102.923833, "delta": 0.002897}}
{"target": -13.758524601491358, "params": {"gamma": 876.1119659179443, "log10_alpha": -3.6160702836341674, "log10_colsample_bytree": -0.9129502700568563, "log10_eta": -3.9640843243356425, "log10_lambda": -3.9515173733692714, "log10_min_child_weight": 0.40821775706852526, "log10_subsample": -0.1576853276186424, "max_depth": 4.0, "num_boost_round": 12.0}, "datetime": {"datetime": "2024-01-19 00:46:38", "elapsed": 2102.92675, "delta": 0.002917}}
{"target": -13.758519664681678, "params": {"gamma": 876.1119659179443, "log10_alpha": -3.6160702836341674, "log10_colsample_bytree": -0.9129502700568563, "log10_eta": -3.9640843243356425, "log10_lambda": -3.9515173733692714, "log10_min_child_weight": 0.40821775706852526, "log10_subsample": -0.1576853276186424, "max_depth": 4.0, "num_boost_round": 13.0}, "datetime": {"datetime": "2024-01-19 00:46:38", "elapsed": 2102.930136, "delta": 0.003386}}
{"target": -13.758518842874775, "params": {"gamma": 876.1119659179443, "log10_alpha": -3.6160702836341674, "log10_colsample_bytree": -0.9129502700568563, "log10_eta": -3.9640843243356425, "log10_lambda": -3.9515173733692714, "log10_min_child_weight": 0.40821775706852526, "log10_subsample": -0.1576853276186424, "max_depth": 4.0, "num_boost_round": 14.0}, "datetime": {"datetime": "2024-01-19 00:46:38", "elapsed": 2102.933625, "delta": 0.003489}}
{"target": -13.758517684661523, "params": {"gamma": 876.1119659179443, "log10_alpha": -3.6160702836341674, "log10_colsample_bytree": -0.9129502700568563, "log10_eta": -3.9640843243356425, "log10_lambda": -3.9515173733692714, "log10_min_child_weight": 0.40821775706852526, "log10_subsample": -0.1576853276186424, "max_depth": 4.0, "num_boost_round": 15.0}, "datetime": {"datetime": "2024-01-19 00:46:38", "elapsed": 2102.936704, "delta": 0.003079}}
{"target": -13.758516627804102, "params": {"gamma": 876.1119659179443, "log10_alpha": -3.6160702836341674, "log10_colsample_bytree": -0.9129502700568563, "log10_eta": -3.9640843243356425, "log10_lambda": -3.9515173733692714, "log10_min_child_weight": 0.40821775706852526, "log10_subsample": -0.1576853276186424, "max_depth": 4.0, "num_boost_round": 16.0}, "datetime": {"datetime": "2024-01-19 00:46:38", "elapsed": 2102.939725, "delta": 0.003021}}
{"target": -13.758515364977493, "params": {"gamma": 876.1119659179443, "log10_alpha": -3.6160702836341674, "log10_colsample_bytree": -0.9129502700568563, "log10_eta": -3.9640843243356425, "log10_lambda": -3.9515173733692714, "log10_min_child_weight": 0.40821775706852526, "log10_subsample": -0.1576853276186424, "max_depth": 4.0, "num_boost_round": 17.0}, "datetime": {"datetime": "2024-01-19 00:46:38", "elapsed": 2102.942734, "delta": 0.003009}}
{"target": -13.758512851352666, "params": {"gamma": 876.1119659179443, "log10_alpha": -3.6160702836341674, "log10_colsample_bytree": -0.9129502700568563, "log10_eta": -3.9640843243356425, "log10_lambda": -3.9515173733692714, "log10_min_child_weight": 0.40821775706852526, "log10_subsample": -0.1576853276186424, "max_depth": 4.0, "num_boost_round": 18.0}, "datetime": {"datetime": "2024-01-19 00:46:38", "elapsed": 2102.946386, "delta": 0.003652}}
{"target": -13.75851208443527, "params": {"gamma": 876.1119659179443, "log10_alpha": -3.6160702836341674, "log10_colsample_bytree": -0.9129502700568563, "log10_eta": -3.9640843243356425, "log10_lambda": -3.9515173733692714, "log10_min_child_weight": 0.40821775706852526, "log10_subsample": -0.1576853276186424, "max_depth": 4.0, "num_boost_round": 19.0}, "datetime": {"datetime": "2024-01-19 00:46:38", "elapsed": 2102.949365, "delta": 0.002979}}
{"target": -13.75850840980197, "params": {"gamma": 876.1119659179443, "log10_alpha": -3.6160702836341674, "log10_colsample_bytree": -0.9129502700568563, "log10_eta": -3.9640843243356425, "log10_lambda": -3.9515173733692714, "log10_min_child_weight": 0.40821775706852526, "log10_subsample": -0.1576853276186424, "max_depth": 4.0, "num_boost_round": 20.0}, "datetime": {"datetime": "2024-01-19 00:46:38", "elapsed": 2102.952342, "delta": 0.002977}}
{"target": -13.758504087021326, "params": {"gamma": 876.1119659179443, "log10_alpha": -3.6160702836341674, "log10_colsample_bytree": -0.9129502700568563, "log10_eta": -3.9640843243356425, "log10_lambda": -3.9515173733692714, "log10_min_child_weight": 0.40821775706852526, "log10_subsample": -0.1576853276186424, "max_depth": 4.0, "num_boost_round": 21.0}, "datetime": {"datetime": "2024-01-19 00:46:38", "elapsed": 2102.955254, "delta": 0.002912}}
{"target": -13.75850267211881, "params": {"gamma": 876.1119659179443, "log10_alpha": -3.6160702836341674, "log10_colsample_bytree": -0.9129502700568563, "log10_eta": -3.9640843243356425, "log10_lambda": -3.9515173733692714, "log10_min_child_weight": 0.40821775706852526, "log10_subsample": -0.1576853276186424, "max_depth": 4.0, "num_boost_round": 22.0}, "datetime": {"datetime": "2024-01-19 00:46:38", "elapsed": 2102.958344, "delta": 0.00309}}
{"target": -13.758500152338978, "params": {"gamma": 876.1119659179443, "log10_alpha": -3.6160702836341674, "log10_colsample_bytree": -0.9129502700568563, "log10_eta": -3.9640843243356425, "log10_lambda": -3.9515173733692714, "log10_min_child_weight": 0.40821775706852526, "log10_subsample": -0.1576853276186424, "max_depth": 4.0, "num_boost_round": 23.0}, "datetime": {"datetime": "2024-01-19 00:46:38", "elapsed": 2102.961249, "delta": 0.002905}}
{"target": -13.758499443001824, "params": {"gamma": 876.1119659179443, "log10_alpha": -3.6160702836341674, "log10_colsample_bytree": -0.9129502700568563, "log10_eta": -3.9640843243356425, "log10_lambda": -3.9515173733692714, "log10_min_child_weight": 0.40821775706852526, "log10_subsample": -0.1576853276186424, "max_depth": 4.0, "num_boost_round": 24.0}, "datetime": {"datetime": "2024-01-19 00:46:38", "elapsed": 2102.964146, "delta": 0.002897}}
{"target": -13.758379111178213, "params": {"gamma": 877.615355059778, "log10_alpha": -3.4675298123753464, "log10_colsample_bytree": -0.41727914355372364, "log10_eta": -2.4635091194442222, "log10_lambda": -4.22412197868033, "log10_min_child_weight": 0.19580747494052753, "log10_subsample": -0.6911491281714467, "max_depth": 8.0, "num_boost_round": 0.0}, "datetime": {"datetime": "2024-01-19 00:47:20", "elapsed": 2144.993222, "delta": 42.029076}}
{"target": -13.758115871822445, "params": {"gamma": 877.615355059778, "log10_alpha": -3.4675298123753464, "log10_colsample_bytree": -0.41727914355372364, "log10_eta": -2.4635091194442222, "log10_lambda": -4.22412197868033, "log10_min_child_weight": 0.19580747494052753, "log10_subsample": -0.6911491281714467, "max_depth": 8.0, "num_boost_round": 1.0}, "datetime": {"datetime": "2024-01-19 00:47:20", "elapsed": 2144.996698, "delta": 0.003476}}
{"target": -13.758109935935991, "params": {"gamma": 877.615355059778, "log10_alpha": -3.4675298123753464, "log10_colsample_bytree": -0.41727914355372364, "log10_eta": -2.4635091194442222, "log10_lambda": -4.22412197868033, "log10_min_child_weight": 0.19580747494052753, "log10_subsample": -0.6911491281714467, "max_depth": 8.0, "num_boost_round": 2.0}, "datetime": {"datetime": "2024-01-19 00:47:20", "elapsed": 2144.999927, "delta": 0.003229}}
{"target": -13.75806306574211, "params": {"gamma": 877.615355059778, "log10_alpha": -3.4675298123753464, "log10_colsample_bytree": -0.41727914355372364, "log10_eta": -2.4635091194442222, "log10_lambda": -4.22412197868033, "log10_min_child_weight": 0.19580747494052753, "log10_subsample": -0.6911491281714467, "max_depth": 8.0, "num_boost_round": 3.0}, "datetime": {"datetime": "2024-01-19 00:47:20", "elapsed": 2145.002863, "delta": 0.002936}}
{"target": -13.757977382550274, "params": {"gamma": 877.615355059778, "log10_alpha": -3.4675298123753464, "log10_colsample_bytree": -0.41727914355372364, "log10_eta": -2.4635091194442222, "log10_lambda": -4.22412197868033, "log10_min_child_weight": 0.19580747494052753, "log10_subsample": -0.6911491281714467, "max_depth": 8.0, "num_boost_round": 4.0}, "datetime": {"datetime": "2024-01-19 00:47:20", "elapsed": 2145.00575, "delta": 0.002887}}
{"target": -13.757856227739012, "params": {"gamma": 877.615355059778, "log10_alpha": -3.4675298123753464, "log10_colsample_bytree": -0.41727914355372364, "log10_eta": -2.4635091194442222, "log10_lambda": -4.22412197868033, "log10_min_child_weight": 0.19580747494052753, "log10_subsample": -0.6911491281714467, "max_depth": 8.0, "num_boost_round": 5.0}, "datetime": {"datetime": "2024-01-19 00:47:20", "elapsed": 2145.008623, "delta": 0.002873}}
{"target": -13.75801564094804, "params": {"gamma": 877.615355059778, "log10_alpha": -3.4675298123753464, "log10_colsample_bytree": -0.41727914355372364, "log10_eta": -2.4635091194442222, "log10_lambda": -4.22412197868033, "log10_min_child_weight": 0.19580747494052753, "log10_subsample": -0.6911491281714467, "max_depth": 8.0, "num_boost_round": 6.0}, "datetime": {"datetime": "2024-01-19 00:47:20", "elapsed": 2145.011635, "delta": 0.003012}}
{"target": -13.758088869584444, "params": {"gamma": 877.615355059778, "log10_alpha": -3.4675298123753464, "log10_colsample_bytree": -0.41727914355372364, "log10_eta": -2.4635091194442222, "log10_lambda": -4.22412197868033, "log10_min_child_weight": 0.19580747494052753, "log10_subsample": -0.6911491281714467, "max_depth": 8.0, "num_boost_round": 7.0}, "datetime": {"datetime": "2024-01-19 00:47:20", "elapsed": 2145.014647, "delta": 0.003012}}
{"target": -13.757973487594732, "params": {"gamma": 877.615355059778, "log10_alpha": -3.4675298123753464, "log10_colsample_bytree": -0.41727914355372364, "log10_eta": -2.4635091194442222, "log10_lambda": -4.22412197868033, "log10_min_child_weight": 0.19580747494052753, "log10_subsample": -0.6911491281714467, "max_depth": 8.0, "num_boost_round": 8.0}, "datetime": {"datetime": "2024-01-19 00:47:20", "elapsed": 2145.017561, "delta": 0.002914}}
{"target": -13.757930621683109, "params": {"gamma": 877.615355059778, "log10_alpha": -3.4675298123753464, "log10_colsample_bytree": -0.41727914355372364, "log10_eta": -2.4635091194442222, "log10_lambda": -4.22412197868033, "log10_min_child_weight": 0.19580747494052753, "log10_subsample": -0.6911491281714467, "max_depth": 8.0, "num_boost_round": 9.0}, "datetime": {"datetime": "2024-01-19 00:47:20", "elapsed": 2145.020452, "delta": 0.002891}}
{"target": -13.75803319245298, "params": {"gamma": 877.615355059778, "log10_alpha": -3.4675298123753464, "log10_colsample_bytree": -0.41727914355372364, "log10_eta": -2.4635091194442222, "log10_lambda": -4.22412197868033, "log10_min_child_weight": 0.19580747494052753, "log10_subsample": -0.6911491281714467, "max_depth": 8.0, "num_boost_round": 10.0}, "datetime": {"datetime": "2024-01-19 00:47:20", "elapsed": 2145.023394, "delta": 0.002942}}
{"target": -13.758115033799848, "params": {"gamma": 877.615355059778, "log10_alpha": -3.4675298123753464, "log10_colsample_bytree": -0.41727914355372364, "log10_eta": -2.4635091194442222, "log10_lambda": -4.22412197868033, "log10_min_child_weight": 0.19580747494052753, "log10_subsample": -0.6911491281714467, "max_depth": 8.0, "num_boost_round": 11.0}, "datetime": {"datetime": "2024-01-19 00:47:20", "elapsed": 2145.026351, "delta": 0.002957}}
{"target": -13.758213195792003, "params": {"gamma": 877.615355059778, "log10_alpha": -3.4675298123753464, "log10_colsample_bytree": -0.41727914355372364, "log10_eta": -2.4635091194442222, "log10_lambda": -4.22412197868033, "log10_min_child_weight": 0.19580747494052753, "log10_subsample": -0.6911491281714467, "max_depth": 8.0, "num_boost_round": 12.0}, "datetime": {"datetime": "2024-01-19 00:47:20", "elapsed": 2145.029247, "delta": 0.002896}}
{"target": -13.758468743795719, "params": {"gamma": 877.615355059778, "log10_alpha": -3.4675298123753464, "log10_colsample_bytree": -0.41727914355372364, "log10_eta": -2.4635091194442222, "log10_lambda": -4.22412197868033, "log10_min_child_weight": 0.19580747494052753, "log10_subsample": -0.6911491281714467, "max_depth": 8.0, "num_boost_round": 13.0}, "datetime": {"datetime": "2024-01-19 00:47:20", "elapsed": 2145.032352, "delta": 0.003105}}
{"target": -13.758438264481473, "params": {"gamma": 877.615355059778, "log10_alpha": -3.4675298123753464, "log10_colsample_bytree": -0.41727914355372364, "log10_eta": -2.4635091194442222, "log10_lambda": -4.22412197868033, "log10_min_child_weight": 0.19580747494052753, "log10_subsample": -0.6911491281714467, "max_depth": 8.0, "num_boost_round": 14.0}, "datetime": {"datetime": "2024-01-19 00:47:20", "elapsed": 2145.035442, "delta": 0.00309}}
{"target": -13.758417304457957, "params": {"gamma": 877.615355059778, "log10_alpha": -3.4675298123753464, "log10_colsample_bytree": -0.41727914355372364, "log10_eta": -2.4635091194442222, "log10_lambda": -4.22412197868033, "log10_min_child_weight": 0.19580747494052753, "log10_subsample": -0.6911491281714467, "max_depth": 8.0, "num_boost_round": 15.0}, "datetime": {"datetime": "2024-01-19 00:47:20", "elapsed": 2145.038501, "delta": 0.003059}}
{"target": -13.758463648397834, "params": {"gamma": 877.615355059778, "log10_alpha": -3.4675298123753464, "log10_colsample_bytree": -0.41727914355372364, "log10_eta": -2.4635091194442222, "log10_lambda": -4.22412197868033, "log10_min_child_weight": 0.19580747494052753, "log10_subsample": -0.6911491281714467, "max_depth": 8.0, "num_boost_round": 16.0}, "datetime": {"datetime": "2024-01-19 00:47:20", "elapsed": 2145.041413, "delta": 0.002912}}
{"target": -13.758423031652368, "params": {"gamma": 877.615355059778, "log10_alpha": -3.4675298123753464, "log10_colsample_bytree": -0.41727914355372364, "log10_eta": -2.4635091194442222, "log10_lambda": -4.22412197868033, "log10_min_child_weight": 0.19580747494052753, "log10_subsample": -0.6911491281714467, "max_depth": 8.0, "num_boost_round": 17.0}, "datetime": {"datetime": "2024-01-19 00:47:20", "elapsed": 2145.044321, "delta": 0.002908}}
{"target": -13.758441162040056, "params": {"gamma": 877.615355059778, "log10_alpha": -3.4675298123753464, "log10_colsample_bytree": -0.41727914355372364, "log10_eta": -2.4635091194442222, "log10_lambda": -4.22412197868033, "log10_min_child_weight": 0.19580747494052753, "log10_subsample": -0.6911491281714467, "max_depth": 8.0, "num_boost_round": 18.0}, "datetime": {"datetime": "2024-01-19 00:47:20", "elapsed": 2145.047239, "delta": 0.002918}}
{"target": -13.75836224592094, "params": {"gamma": 877.615355059778, "log10_alpha": -3.4675298123753464, "log10_colsample_bytree": -0.41727914355372364, "log10_eta": -2.4635091194442222, "log10_lambda": -4.22412197868033, "log10_min_child_weight": 0.19580747494052753, "log10_subsample": -0.6911491281714467, "max_depth": 8.0, "num_boost_round": 19.0}, "datetime": {"datetime": "2024-01-19 00:47:20", "elapsed": 2145.050155, "delta": 0.002916}}
{"target": -13.758114130426694, "params": {"gamma": 877.615355059778, "log10_alpha": -3.4675298123753464, "log10_colsample_bytree": -0.41727914355372364, "log10_eta": -2.4635091194442222, "log10_lambda": -4.22412197868033, "log10_min_child_weight": 0.19580747494052753, "log10_subsample": -0.6911491281714467, "max_depth": 8.0, "num_boost_round": 20.0}, "datetime": {"datetime": "2024-01-19 00:47:20", "elapsed": 2145.053246, "delta": 0.003091}}
{"target": -13.758059221566015, "params": {"gamma": 877.615355059778, "log10_alpha": -3.4675298123753464, "log10_colsample_bytree": -0.41727914355372364, "log10_eta": -2.4635091194442222, "log10_lambda": -4.22412197868033, "log10_min_child_weight": 0.19580747494052753, "log10_subsample": -0.6911491281714467, "max_depth": 8.0, "num_boost_round": 21.0}, "datetime": {"datetime": "2024-01-19 00:47:20", "elapsed": 2145.056145, "delta": 0.002899}}
{"target": -13.75775060904766, "params": {"gamma": 877.615355059778, "log10_alpha": -3.4675298123753464, "log10_colsample_bytree": -0.41727914355372364, "log10_eta": -2.4635091194442222, "log10_lambda": -4.22412197868033, "log10_min_child_weight": 0.19580747494052753, "log10_subsample": -0.6911491281714467, "max_depth": 8.0, "num_boost_round": 22.0}, "datetime": {"datetime": "2024-01-19 00:47:20", "elapsed": 2145.059056, "delta": 0.002911}}
