{"target": -13.758390038944516, "params": {"gamma": 553.4656759037638, "log10_alpha": 0.0011991411462508594, "log10_colsample_bytree": -0.927501758825876, "log10_eta": -1.8965040726015312, "log10_lambda": -4.782549366974234, "log10_min_child_weight": 3.9178681981991144, "log10_subsample": -0.6559888323177396, "max_depth": 7.0, "num_boost_round": 28.0}, "datetime": {"datetime": "2024-01-19 01:04:33", "elapsed": 3126.372884, "delta": 0.003837}}
{"target": -13.758300611075741, "params": {"gamma": 553.4656759037638, "log10_alpha": 0.0011991411462508594, "log10_colsample_bytree": -0.927501758825876, "log10_eta": -1.8965040726015312, "log10_lambda": -4.782549366974234, "log10_min_child_weight": 3.9178681981991144, "log10_subsample": -0.6559888323177396, "max_depth": 7.0, "num_boost_round": 29.0}, "datetime": {"datetime": "2024-01-19 01:04:33", "elapsed": 3126.376912, "delta": 0.004028}}
{"target": -13.758210072396054, "params": {"gamma": 553.4656759037638, "log10_alpha": 0.0011991411462508594, "log10_colsample_bytree": -0.927501758825876, "log10_eta": -1.8965040726015312, "log10_lambda": -4.782549366974234, "log10_min_child_weight": 3.9178681981991144, "log10_subsample": -0.6559888323177396, "max_depth": 7.0, "num_boost_round": 30.0}, "datetime": {"datetime": "2024-01-19 01:04:33", "elapsed": 3126.380849, "delta": 0.003937}}
{"target": -13.758451942118674, "params": {"gamma": 553.4656759037638, "log10_alpha": 0.0011991411462508594, "log10_colsample_bytree": -0.927501758825876, "log10_eta": -1.8965040726015312, "log10_lambda": -4.782549366974234, "log10_min_child_weight": 3.9178681981991144, "log10_subsample": -0.6559888323177396, "max_depth": 7.0, "num_boost_round": 31.0}, "datetime": {"datetime": "2024-01-19 01:04:33", "elapsed": 3126.385918, "delta": 0.005069}}
{"target": -13.758608689428373, "params": {"gamma": 553.4656759037638, "log10_alpha": 0.0011991411462508594, "log10_colsample_bytree": -0.927501758825876, "log10_eta": -1.8965040726015312, "log10_lambda": -4.782549366974234, "log10_min_child_weight": 3.9178681981991144, "log10_subsample": -0.6559888323177396, "max_depth": 7.0, "num_boost_round": 32.0}, "datetime": {"datetime": "2024-01-19 01:04:33", "elapsed": 3126.389892, "delta": 0.003974}}
{"target": -13.758535889740534, "params": {"gamma": 553.4656759037638, "log10_alpha": 0.0011991411462508594, "log10_colsample_bytree": -0.927501758825876, "log10_eta": -1.8965040726015312, "log10_lambda": -4.782549366974234, "log10_min_child_weight": 3.9178681981991144, "log10_subsample": -0.6559888323177396, "max_depth": 7.0, "num_boost_round": 33.0}, "datetime": {"datetime": "2024-01-19 01:04:33", "elapsed": 3126.394058, "delta": 0.004166}}
{"target": -13.758487051975582, "params": {"gamma": 553.4656759037638, "log10_alpha": 0.0011991411462508594, "log10_colsample_bytree": -0.927501758825876, "log10_eta": -1.8965040726015312, "log10_lambda": -4.782549366974234, "log10_min_child_weight": 3.9178681981991144, "log10_subsample": -0.6559888323177396, "max_depth": 7.0, "num_boost_round": 34.0}, "datetime": {"datetime": "2024-01-19 01:04:33", "elapsed": 3126.398269, "delta": 0.004211}}
{"target": -13.758525711736743, "params": {"gamma": 553.4656759037638, "log10_alpha": 0.0011991411462508594, "log10_colsample_bytree": -0.927501758825876, "log10_eta": -1.8965040726015312, "log10_lambda": -4.782549366974234, "log10_min_child_weight": 3.9178681981991144, "log10_subsample": -0.6559888323177396, "max_depth": 7.0, "num_boost_round": 35.0}, "datetime": {"datetime": "2024-01-19 01:04:33", "elapsed": 3126.402248, "delta": 0.003979}}
{"target": -13.758519146806774, "params": {"gamma": 553.4656759037638, "log10_alpha": 0.0011991411462508594, "log10_colsample_bytree": -0.927501758825876, "log10_eta": -1.8965040726015312, "log10_lambda": -4.782549366974234, "log10_min_child_weight": 3.9178681981991144, "log10_subsample": -0.6559888323177396, "max_depth": 7.0, "num_boost_round": 36.0}, "datetime": {"datetime": "2024-01-19 01:04:33", "elapsed": 3126.406345, "delta": 0.004097}}
{"target": -13.75846712562679, "params": {"gamma": 553.4656759037638, "log10_alpha": 0.0011991411462508594, "log10_colsample_bytree": -0.927501758825876, "log10_eta": -1.8965040726015312, "log10_lambda": -4.782549366974234, "log10_min_child_weight": 3.9178681981991144, "log10_subsample": -0.6559888323177396, "max_depth": 7.0, "num_boost_round": 37.0}, "datetime": {"datetime": "2024-01-19 01:04:33", "elapsed": 3126.410214, "delta": 0.003869}}
{"target": -13.758517864786402, "params": {"gamma": 553.4656759037638, "log10_alpha": 0.0011991411462508594, "log10_colsample_bytree": -0.927501758825876, "log10_eta": -1.8965040726015312, "log10_lambda": -4.782549366974234, "log10_min_child_weight": 3.9178681981991144, "log10_subsample": -0.6559888323177396, "max_depth": 7.0, "num_boost_round": 38.0}, "datetime": {"datetime": "2024-01-19 01:04:33", "elapsed": 3126.414176, "delta": 0.003962}}
{"target": -13.758577558403042, "params": {"gamma": 553.4656759037638, "log10_alpha": 0.0011991411462508594, "log10_colsample_bytree": -0.927501758825876, "log10_eta": -1.8965040726015312, "log10_lambda": -4.782549366974234, "log10_min_child_weight": 3.9178681981991144, "log10_subsample": -0.6559888323177396, "max_depth": 7.0, "num_boost_round": 39.0}, "datetime": {"datetime": "2024-01-19 01:04:33", "elapsed": 3126.417895, "delta": 0.003719}}
{"target": -13.758576488083884, "params": {"gamma": 553.4656759037638, "log10_alpha": 0.0011991411462508594, "log10_colsample_bytree": -0.927501758825876, "log10_eta": -1.8965040726015312, "log10_lambda": -4.782549366974234, "log10_min_child_weight": 3.9178681981991144, "log10_subsample": -0.6559888323177396, "max_depth": 7.0, "num_boost_round": 40.0}, "datetime": {"datetime": "2024-01-19 01:04:33", "elapsed": 3126.421696, "delta": 0.003801}}
{"target": -13.75855752317404, "params": {"gamma": 553.4656759037638, "log10_alpha": 0.0011991411462508594, "log10_colsample_bytree": -0.927501758825876, "log10_eta": -1.8965040726015312, "log10_lambda": -4.782549366974234, "log10_min_child_weight": 3.9178681981991144, "log10_subsample": -0.6559888323177396, "max_depth": 7.0, "num_boost_round": 41.0}, "datetime": {"datetime": "2024-01-19 01:04:33", "elapsed": 3126.425673, "delta": 0.003977}}
{"target": -13.758629700851289, "params": {"gamma": 553.4656759037638, "log10_alpha": 0.0011991411462508594, "log10_colsample_bytree": -0.927501758825876, "log10_eta": -1.8965040726015312, "log10_lambda": -4.782549366974234, "log10_min_child_weight": 3.9178681981991144, "log10_subsample": -0.6559888323177396, "max_depth": 7.0, "num_boost_round": 42.0}, "datetime": {"datetime": "2024-01-19 01:04:33", "elapsed": 3126.429659, "delta": 0.003986}}
{"target": -13.758541442448749, "params": {"gamma": 553.4656759037638, "log10_alpha": 0.0011991411462508594, "log10_colsample_bytree": -0.927501758825876, "log10_eta": -1.8965040726015312, "log10_lambda": -4.782549366974234, "log10_min_child_weight": 3.9178681981991144, "log10_subsample": -0.6559888323177396, "max_depth": 7.0, "num_boost_round": 43.0}, "datetime": {"datetime": "2024-01-19 01:04:33", "elapsed": 3126.433638, "delta": 0.003979}}
{"target": -13.758476344840615, "params": {"gamma": 553.4656759037638, "log10_alpha": 0.0011991411462508594, "log10_colsample_bytree": -0.927501758825876, "log10_eta": -1.8965040726015312, "log10_lambda": -4.782549366974234, "log10_min_child_weight": 3.9178681981991144, "log10_subsample": -0.6559888323177396, "max_depth": 7.0, "num_boost_round": 44.0}, "datetime": {"datetime": "2024-01-19 01:04:33", "elapsed": 3126.437424, "delta": 0.003786}}
{"target": -13.758400697046126, "params": {"gamma": 553.4656759037638, "log10_alpha": 0.0011991411462508594, "log10_colsample_bytree": -0.927501758825876, "log10_eta": -1.8965040726015312, "log10_lambda": -4.782549366974234, "log10_min_child_weight": 3.9178681981991144, "log10_subsample": -0.6559888323177396, "max_depth": 7.0, "num_boost_round": 45.0}, "datetime": {"datetime": "2024-01-19 01:04:33", "elapsed": 3126.441141, "delta": 0.003717}}
{"target": -13.758536912889694, "params": {"gamma": 541.4370275820025, "log10_alpha": -2.44317723848555, "log10_colsample_bytree": -0.5695035887745877, "log10_eta": -3.7940655298621175, "log10_lambda": 0.26420043001005666, "log10_min_child_weight": 0.11033203263023761, "log10_subsample": -0.4405498103966491, "max_depth": 8.0, "num_boost_round": 0.0}, "datetime": {"datetime": "2024-01-19 01:05:17", "elapsed": 3170.525322, "delta": 44.084181}}
{"target": -13.758526471296735, "params": {"gamma": 541.4370275820025, "log10_alpha": -2.44317723848555, "log10_colsample_bytree": -0.5695035887745877, "log10_eta": -3.7940655298621175, "log10_lambda": 0.26420043001005666, "log10_min_child_weight": 0.11033203263023761, "log10_subsample": -0.4405498103966491, "max_depth": 8.0, "num_boost_round": 1.0}, "datetime": {"datetime": "2024-01-19 01:05:17", "elapsed": 3170.530581, "delta": 0.005259}}
{"target": -13.758513437661982, "params": {"gamma": 541.4370275820025, "log10_alpha": -2.44317723848555, "log10_colsample_bytree": -0.5695035887745877, "log10_eta": -3.7940655298621175, "log10_lambda": 0.26420043001005666, "log10_min_child_weight": 0.11033203263023761, "log10_subsample": -0.4405498103966491, "max_depth": 8.0, "num_boost_round": 2.0}, "datetime": {"datetime": "2024-01-19 01:05:17", "elapsed": 3170.534853, "delta": 0.004272}}
{"target": -13.75850498779806, "params": {"gamma": 541.4370275820025, "log10_alpha": -2.44317723848555, "log10_colsample_bytree": -0.5695035887745877, "log10_eta": -3.7940655298621175, "log10_lambda": 0.26420043001005666, "log10_min_child_weight": 0.11033203263023761, "log10_subsample": -0.4405498103966491, "max_depth": 8.0, "num_boost_round": 3.0}, "datetime": {"datetime": "2024-01-19 01:05:17", "elapsed": 3170.538793, "delta": 0.00394}}
{"target": -13.758503654722267, "params": {"gamma": 541.4370275820025, "log10_alpha": -2.44317723848555, "log10_colsample_bytree": -0.5695035887745877, "log10_eta": -3.7940655298621175, "log10_lambda": 0.26420043001005666, "log10_min_child_weight": 0.11033203263023761, "log10_subsample": -0.4405498103966491, "max_depth": 8.0, "num_boost_round": 4.0}, "datetime": {"datetime": "2024-01-19 01:05:17", "elapsed": 3170.542654, "delta": 0.003861}}
{"target": -13.75849768286831, "params": {"gamma": 541.4370275820025, "log10_alpha": -2.44317723848555, "log10_colsample_bytree": -0.5695035887745877, "log10_eta": -3.7940655298621175, "log10_lambda": 0.26420043001005666, "log10_min_child_weight": 0.11033203263023761, "log10_subsample": -0.4405498103966491, "max_depth": 8.0, "num_boost_round": 5.0}, "datetime": {"datetime": "2024-01-19 01:05:17", "elapsed": 3170.546476, "delta": 0.003822}}
{"target": -13.758498688138197, "params": {"gamma": 541.4370275820025, "log10_alpha": -2.44317723848555, "log10_colsample_bytree": -0.5695035887745877, "log10_eta": -3.7940655298621175, "log10_lambda": 0.26420043001005666, "log10_min_child_weight": 0.11033203263023761, "log10_subsample": -0.4405498103966491, "max_depth": 8.0, "num_boost_round": 6.0}, "datetime": {"datetime": "2024-01-19 01:05:17", "elapsed": 3170.550377, "delta": 0.003901}}
{"target": -13.758491575025264, "params": {"gamma": 541.4370275820025, "log10_alpha": -2.44317723848555, "log10_colsample_bytree": -0.5695035887745877, "log10_eta": -3.7940655298621175, "log10_lambda": 0.26420043001005666, "log10_min_child_weight": 0.11033203263023761, "log10_subsample": -0.4405498103966491, "max_depth": 8.0, "num_boost_round": 7.0}, "datetime": {"datetime": "2024-01-19 01:05:17", "elapsed": 3170.554336, "delta": 0.003959}}
{"target": -13.758486742029634, "params": {"gamma": 541.4370275820025, "log10_alpha": -2.44317723848555, "log10_colsample_bytree": -0.5695035887745877, "log10_eta": -3.7940655298621175, "log10_lambda": 0.26420043001005666, "log10_min_child_weight": 0.11033203263023761, "log10_subsample": -0.4405498103966491, "max_depth": 8.0, "num_boost_round": 8.0}, "datetime": {"datetime": "2024-01-19 01:05:17", "elapsed": 3170.558243, "delta": 0.003907}}
{"target": -13.758479721741336, "params": {"gamma": 541.4370275820025, "log10_alpha": -2.44317723848555, "log10_colsample_bytree": -0.5695035887745877, "log10_eta": -3.7940655298621175, "log10_lambda": 0.26420043001005666, "log10_min_child_weight": 0.11033203263023761, "log10_subsample": -0.4405498103966491, "max_depth": 8.0, "num_boost_round": 9.0}, "datetime": {"datetime": "2024-01-19 01:05:17", "elapsed": 3170.56214, "delta": 0.003897}}
{"target": -13.75847069189466, "params": {"gamma": 541.4370275820025, "log10_alpha": -2.44317723848555, "log10_colsample_bytree": -0.5695035887745877, "log10_eta": -3.7940655298621175, "log10_lambda": 0.26420043001005666, "log10_min_child_weight": 0.11033203263023761, "log10_subsample": -0.4405498103966491, "max_depth": 8.0, "num_boost_round": 10.0}, "datetime": {"datetime": "2024-01-19 01:05:17", "elapsed": 3170.566058, "delta": 0.003918}}
{"target": -13.75846903315117, "params": {"gamma": 541.4370275820025, "log10_alpha": -2.44317723848555, "log10_colsample_bytree": -0.5695035887745877, "log10_eta": -3.7940655298621175, "log10_lambda": 0.26420043001005666, "log10_min_child_weight": 0.11033203263023761, "log10_subsample": -0.4405498103966491, "max_depth": 8.0, "num_boost_round": 11.0}, "datetime": {"datetime": "2024-01-19 01:05:17", "elapsed": 3170.570043, "delta": 0.003985}}
{"target": -13.758468874986217, "params": {"gamma": 541.4370275820025, "log10_alpha": -2.44317723848555, "log10_colsample_bytree": -0.5695035887745877, "log10_eta": -3.7940655298621175, "log10_lambda": 0.26420043001005666, "log10_min_child_weight": 0.11033203263023761, "log10_subsample": -0.4405498103966491, "max_depth": 8.0, "num_boost_round": 12.0}, "datetime": {"datetime": "2024-01-19 01:05:18", "elapsed": 3170.574186, "delta": 0.004143}}
{"target": -13.75846828248475, "params": {"gamma": 541.4370275820025, "log10_alpha": -2.44317723848555, "log10_colsample_bytree": -0.5695035887745877, "log10_eta": -3.7940655298621175, "log10_lambda": 0.26420043001005666, "log10_min_child_weight": 0.11033203263023761, "log10_subsample": -0.4405498103966491, "max_depth": 8.0, "num_boost_round": 13.0}, "datetime": {"datetime": "2024-01-19 01:05:18", "elapsed": 3170.57826, "delta": 0.004074}}
{"target": -13.75846642328907, "params": {"gamma": 541.4370275820025, "log10_alpha": -2.44317723848555, "log10_colsample_bytree": -0.5695035887745877, "log10_eta": -3.7940655298621175, "log10_lambda": 0.26420043001005666, "log10_min_child_weight": 0.11033203263023761, "log10_subsample": -0.4405498103966491, "max_depth": 8.0, "num_boost_round": 14.0}, "datetime": {"datetime": "2024-01-19 01:05:18", "elapsed": 3170.582237, "delta": 0.003977}}
{"target": -13.758461218463738, "params": {"gamma": 541.4370275820025, "log10_alpha": -2.44317723848555, "log10_colsample_bytree": -0.5695035887745877, "log10_eta": -3.7940655298621175, "log10_lambda": 0.26420043001005666, "log10_min_child_weight": 0.11033203263023761, "log10_subsample": -0.4405498103966491, "max_depth": 8.0, "num_boost_round": 15.0}, "datetime": {"datetime": "2024-01-19 01:05:18", "elapsed": 3170.586221, "delta": 0.003984}}
{"target": -13.758536096027854, "params": {"gamma": 627.3274489359868, "log10_alpha": 0.671547593348718, "log10_colsample_bytree": -0.28831320376669345, "log10_eta": -3.5727621698456553, "log10_lambda": 0.6201714658588955, "log10_min_child_weight": 3.0611420782630034, "log10_subsample": -0.9363295939757036, "max_depth": 3.0, "num_boost_round": 0.0}, "datetime": {"datetime": "2024-01-19 01:06:00", "elapsed": 3212.896222, "delta": 42.310001}}
{"target": -13.758535467342188, "params": {"gamma": 627.3274489359868, "log10_alpha": 0.671547593348718, "log10_colsample_bytree": -0.28831320376669345, "log10_eta": -3.5727621698456553, "log10_lambda": 0.6201714658588955, "log10_min_child_weight": 3.0611420782630034, "log10_subsample": -0.9363295939757036, "max_depth": 3.0, "num_boost_round": 1.0}, "datetime": {"datetime": "2024-01-19 01:06:00", "elapsed": 3212.900851, "delta": 0.004629}}
{"target": -13.758534907502167, "params": {"gamma": 627.3274489359868, "log10_alpha": 0.671547593348718, "log10_colsample_bytree": -0.28831320376669345, "log10_eta": -3.5727621698456553, "log10_lambda": 0.6201714658588955, "log10_min_child_weight": 3.0611420782630034, "log10_subsample": -0.9363295939757036, "max_depth": 3.0, "num_boost_round": 2.0}, "datetime": {"datetime": "2024-01-19 01:06:00", "elapsed": 3212.904646, "delta": 0.003795}}
{"target": -13.75853355541302, "params": {"gamma": 627.3274489359868, "log10_alpha": 0.671547593348718, "log10_colsample_bytree": -0.28831320376669345, "log10_eta": -3.5727621698456553, "log10_lambda": 0.6201714658588955, "log10_min_child_weight": 3.0611420782630034, "log10_subsample": -0.9363295939757036, "max_depth": 3.0, "num_boost_round": 3.0}, "datetime": {"datetime": "2024-01-19 01:06:00", "elapsed": 3212.908324, "delta": 0.003678}}
{"target": -13.758529465246742, "params": {"gamma": 627.3274489359868, "log10_alpha": 0.671547593348718, "log10_colsample_bytree": -0.28831320376669345, "log10_eta": -3.5727621698456553, "log10_lambda": 0.6201714658588955, "log10_min_child_weight": 3.0611420782630034, "log10_subsample": -0.9363295939757036, "max_depth": 3.0, "num_boost_round": 4.0}, "datetime": {"datetime": "2024-01-19 01:06:00", "elapsed": 3212.911957, "delta": 0.003633}}
{"target": -13.758528537382523, "params": {"gamma": 627.3274489359868, "log10_alpha": 0.671547593348718, "log10_colsample_bytree": -0.28831320376669345, "log10_eta": -3.5727621698456553, "log10_lambda": 0.6201714658588955, "log10_min_child_weight": 3.0611420782630034, "log10_subsample": -0.9363295939757036, "max_depth": 3.0, "num_boost_round": 5.0}, "datetime": {"datetime": "2024-01-19 01:06:00", "elapsed": 3212.915747, "delta": 0.00379}}
{"target": -13.758525137635022, "params": {"gamma": 627.3274489359868, "log10_alpha": 0.671547593348718, "log10_colsample_bytree": -0.28831320376669345, "log10_eta": -3.5727621698456553, "log10_lambda": 0.6201714658588955, "log10_min_child_weight": 3.0611420782630034, "log10_subsample": -0.9363295939757036, "max_depth": 3.0, "num_boost_round": 6.0}, "datetime": {"datetime": "2024-01-19 01:06:00", "elapsed": 3212.919368, "delta": 0.003621}}
{"target": -13.758522092865498, "params": {"gamma": 627.3274489359868, "log10_alpha": 0.671547593348718, "log10_colsample_bytree": -0.28831320376669345, "log10_eta": -3.5727621698456553, "log10_lambda": 0.6201714658588955, "log10_min_child_weight": 3.0611420782630034, "log10_subsample": -0.9363295939757036, "max_depth": 3.0, "num_boost_round": 7.0}, "datetime": {"datetime": "2024-01-19 01:06:00", "elapsed": 3212.923006, "delta": 0.003638}}
{"target": -13.758520104277665, "params": {"gamma": 627.3274489359868, "log10_alpha": 0.671547593348718, "log10_colsample_bytree": -0.28831320376669345, "log10_eta": -3.5727621698456553, "log10_lambda": 0.6201714658588955, "log10_min_child_weight": 3.0611420782630034, "log10_subsample": -0.9363295939757036, "max_depth": 3.0, "num_boost_round": 8.0}, "datetime": {"datetime": "2024-01-19 01:06:00", "elapsed": 3212.926702, "delta": 0.003696}}
{"target": -13.758518962689818, "params": {"gamma": 627.3274489359868, "log10_alpha": 0.671547593348718, "log10_colsample_bytree": -0.28831320376669345, "log10_eta": -3.5727621698456553, "log10_lambda": 0.6201714658588955, "log10_min_child_weight": 3.0611420782630034, "log10_subsample": -0.9363295939757036, "max_depth": 3.0, "num_boost_round": 9.0}, "datetime": {"datetime": "2024-01-19 01:06:00", "elapsed": 3212.930384, "delta": 0.003682}}
{"target": -13.758514709782604, "params": {"gamma": 627.3274489359868, "log10_alpha": 0.671547593348718, "log10_colsample_bytree": -0.28831320376669345, "log10_eta": -3.5727621698456553, "log10_lambda": 0.6201714658588955, "log10_min_child_weight": 3.0611420782630034, "log10_subsample": -0.9363295939757036, "max_depth": 3.0, "num_boost_round": 10.0}, "datetime": {"datetime": "2024-01-19 01:06:00", "elapsed": 3212.934125, "delta": 0.003741}}
{"target": -13.758510114719257, "params": {"gamma": 627.3274489359868, "log10_alpha": 0.671547593348718, "log10_colsample_bytree": -0.28831320376669345, "log10_eta": -3.5727621698456553, "log10_lambda": 0.6201714658588955, "log10_min_child_weight": 3.0611420782630034, "log10_subsample": -0.9363295939757036, "max_depth": 3.0, "num_boost_round": 11.0}, "datetime": {"datetime": "2024-01-19 01:06:00", "elapsed": 3212.9377, "delta": 0.003575}}
{"target": -13.758506866127702, "params": {"gamma": 627.3274489359868, "log10_alpha": 0.671547593348718, "log10_colsample_bytree": -0.28831320376669345, "log10_eta": -3.5727621698456553, "log10_lambda": 0.6201714658588955, "log10_min_child_weight": 3.0611420782630034, "log10_subsample": -0.9363295939757036, "max_depth": 3.0, "num_boost_round": 12.0}, "datetime": {"datetime": "2024-01-19 01:06:00", "elapsed": 3212.941325, "delta": 0.003625}}
{"target": -13.758538224935306, "params": {"gamma": 554.5564180187135, "log10_alpha": 0.9329004542509285, "log10_colsample_bytree": -0.718957921069347, "log10_eta": -3.9391184599115223, "log10_lambda": -4.1693073426623695, "log10_min_child_weight": 4.537053420049414, "log10_subsample": -0.8510626454901473, "max_depth": 4.0, "num_boost_round": 0.0}, "datetime": {"datetime": "2024-01-19 01:06:51", "elapsed": 3263.689738, "delta": 50.748413}}
{"target": -13.758538398232648, "params": {"gamma": 554.5564180187135, "log10_alpha": 0.9329004542509285, "log10_colsample_bytree": -0.718957921069347, "log10_eta": -3.9391184599115223, "log10_lambda": -4.1693073426623695, "log10_min_child_weight": 4.537053420049414, "log10_subsample": -0.8510626454901473, "max_depth": 4.0, "num_boost_round": 1.0}, "datetime": {"datetime": "2024-01-19 01:06:51", "elapsed": 3263.694492, "delta": 0.004754}}
