{"target": -17.6772043732457, "params": {"gamma": 712.8290272919259, "log10_alpha": -2.876019439002631, "log10_colsample_bytree": -0.7573180660780026, "log10_eta": -3.960981199901059, "log10_lambda": -3.205371802751653, "log10_min_child_weight": 2.504877632500608, "log10_subsample": -0.4886941963902147, "max_depth": 2.0, "num_boost_round": 14.0}, "datetime": {"datetime": "2024-01-19 00:44:12", "elapsed": 1959.541266, "delta": 0.002606}}
{"target": -17.67720211688479, "params": {"gamma": 712.8290272919259, "log10_alpha": -2.876019439002631, "log10_colsample_bytree": -0.7573180660780026, "log10_eta": -3.960981199901059, "log10_lambda": -3.205371802751653, "log10_min_child_weight": 2.504877632500608, "log10_subsample": -0.4886941963902147, "max_depth": 2.0, "num_boost_round": 15.0}, "datetime": {"datetime": "2024-01-19 00:44:12", "elapsed": 1959.54386, "delta": 0.002594}}
{"target": -17.677200593040656, "params": {"gamma": 712.8290272919259, "log10_alpha": -2.876019439002631, "log10_colsample_bytree": -0.7573180660780026, "log10_eta": -3.960981199901059, "log10_lambda": -3.205371802751653, "log10_min_child_weight": 2.504877632500608, "log10_subsample": -0.4886941963902147, "max_depth": 2.0, "num_boost_round": 16.0}, "datetime": {"datetime": "2024-01-19 00:44:12", "elapsed": 1959.546467, "delta": 0.002607}}
{"target": -17.677198925692526, "params": {"gamma": 712.8290272919259, "log10_alpha": -2.876019439002631, "log10_colsample_bytree": -0.7573180660780026, "log10_eta": -3.960981199901059, "log10_lambda": -3.205371802751653, "log10_min_child_weight": 2.504877632500608, "log10_subsample": -0.4886941963902147, "max_depth": 2.0, "num_boost_round": 17.0}, "datetime": {"datetime": "2024-01-19 00:44:12", "elapsed": 1959.549037, "delta": 0.00257}}
{"target": -17.67719754591329, "params": {"gamma": 712.8290272919259, "log10_alpha": -2.876019439002631, "log10_colsample_bytree": -0.7573180660780026, "log10_eta": -3.960981199901059, "log10_lambda": -3.205371802751653, "log10_min_child_weight": 2.504877632500608, "log10_subsample": -0.4886941963902147, "max_depth": 2.0, "num_boost_round": 18.0}, "datetime": {"datetime": "2024-01-19 00:44:12", "elapsed": 1959.551724, "delta": 0.002687}}
{"target": -17.67719691149951, "params": {"gamma": 712.8290272919259, "log10_alpha": -2.876019439002631, "log10_colsample_bytree": -0.7573180660780026, "log10_eta": -3.960981199901059, "log10_lambda": -3.205371802751653, "log10_min_child_weight": 2.504877632500608, "log10_subsample": -0.4886941963902147, "max_depth": 2.0, "num_boost_round": 19.0}, "datetime": {"datetime": "2024-01-19 00:44:12", "elapsed": 1959.55435, "delta": 0.002626}}
{"target": -17.677195306735342, "params": {"gamma": 712.8290272919259, "log10_alpha": -2.876019439002631, "log10_colsample_bytree": -0.7573180660780026, "log10_eta": -3.960981199901059, "log10_lambda": -3.205371802751653, "log10_min_child_weight": 2.504877632500608, "log10_subsample": -0.4886941963902147, "max_depth": 2.0, "num_boost_round": 20.0}, "datetime": {"datetime": "2024-01-19 00:44:12", "elapsed": 1959.557031, "delta": 0.002681}}
{"target": -17.67719227754409, "params": {"gamma": 712.8290272919259, "log10_alpha": -2.876019439002631, "log10_colsample_bytree": -0.7573180660780026, "log10_eta": -3.960981199901059, "log10_lambda": -3.205371802751653, "log10_min_child_weight": 2.504877632500608, "log10_subsample": -0.4886941963902147, "max_depth": 2.0, "num_boost_round": 21.0}, "datetime": {"datetime": "2024-01-19 00:44:12", "elapsed": 1959.559661, "delta": 0.00263}}
{"target": -17.6771904560686, "params": {"gamma": 712.8290272919259, "log10_alpha": -2.876019439002631, "log10_colsample_bytree": -0.7573180660780026, "log10_eta": -3.960981199901059, "log10_lambda": -3.205371802751653, "log10_min_child_weight": 2.504877632500608, "log10_subsample": -0.4886941963902147, "max_depth": 2.0, "num_boost_round": 22.0}, "datetime": {"datetime": "2024-01-19 00:44:12", "elapsed": 1959.562288, "delta": 0.002627}}
{"target": -17.67718747890136, "params": {"gamma": 712.8290272919259, "log10_alpha": -2.876019439002631, "log10_colsample_bytree": -0.7573180660780026, "log10_eta": -3.960981199901059, "log10_lambda": -3.205371802751653, "log10_min_child_weight": 2.504877632500608, "log10_subsample": -0.4886941963902147, "max_depth": 2.0, "num_boost_round": 23.0}, "datetime": {"datetime": "2024-01-19 00:44:12", "elapsed": 1959.564915, "delta": 0.002627}}
{"target": -17.677186278661615, "params": {"gamma": 712.8290272919259, "log10_alpha": -2.876019439002631, "log10_colsample_bytree": -0.7573180660780026, "log10_eta": -3.960981199901059, "log10_lambda": -3.205371802751653, "log10_min_child_weight": 2.504877632500608, "log10_subsample": -0.4886941963902147, "max_depth": 2.0, "num_boost_round": 24.0}, "datetime": {"datetime": "2024-01-19 00:44:12", "elapsed": 1959.56756, "delta": 0.002645}}
{"target": -17.6771813983353, "params": {"gamma": 712.8290272919259, "log10_alpha": -2.876019439002631, "log10_colsample_bytree": -0.7573180660780026, "log10_eta": -3.960981199901059, "log10_lambda": -3.205371802751653, "log10_min_child_weight": 2.504877632500608, "log10_subsample": -0.4886941963902147, "max_depth": 2.0, "num_boost_round": 25.0}, "datetime": {"datetime": "2024-01-19 00:44:12", "elapsed": 1959.570196, "delta": 0.002636}}
{"target": -17.677180365992204, "params": {"gamma": 712.8290272919259, "log10_alpha": -2.876019439002631, "log10_colsample_bytree": -0.7573180660780026, "log10_eta": -3.960981199901059, "log10_lambda": -3.205371802751653, "log10_min_child_weight": 2.504877632500608, "log10_subsample": -0.4886941963902147, "max_depth": 2.0, "num_boost_round": 26.0}, "datetime": {"datetime": "2024-01-19 00:44:12", "elapsed": 1959.572849, "delta": 0.002653}}
{"target": -17.677178004940593, "params": {"gamma": 712.8290272919259, "log10_alpha": -2.876019439002631, "log10_colsample_bytree": -0.7573180660780026, "log10_eta": -3.960981199901059, "log10_lambda": -3.205371802751653, "log10_min_child_weight": 2.504877632500608, "log10_subsample": -0.4886941963902147, "max_depth": 2.0, "num_boost_round": 27.0}, "datetime": {"datetime": "2024-01-19 00:44:12", "elapsed": 1959.575435, "delta": 0.002586}}
{"target": -17.67717500395653, "params": {"gamma": 712.8290272919259, "log10_alpha": -2.876019439002631, "log10_colsample_bytree": -0.7573180660780026, "log10_eta": -3.960981199901059, "log10_lambda": -3.205371802751653, "log10_min_child_weight": 2.504877632500608, "log10_subsample": -0.4886941963902147, "max_depth": 2.0, "num_boost_round": 28.0}, "datetime": {"datetime": "2024-01-19 00:44:12", "elapsed": 1959.578077, "delta": 0.002642}}
{"target": -17.67717108082748, "params": {"gamma": 712.8290272919259, "log10_alpha": -2.876019439002631, "log10_colsample_bytree": -0.7573180660780026, "log10_eta": -3.960981199901059, "log10_lambda": -3.205371802751653, "log10_min_child_weight": 2.504877632500608, "log10_subsample": -0.4886941963902147, "max_depth": 2.0, "num_boost_round": 29.0}, "datetime": {"datetime": "2024-01-19 00:44:12", "elapsed": 1959.580728, "delta": 0.002651}}
{"target": -17.67716985626424, "params": {"gamma": 712.8290272919259, "log10_alpha": -2.876019439002631, "log10_colsample_bytree": -0.7573180660780026, "log10_eta": -3.960981199901059, "log10_lambda": -3.205371802751653, "log10_min_child_weight": 2.504877632500608, "log10_subsample": -0.4886941963902147, "max_depth": 2.0, "num_boost_round": 30.0}, "datetime": {"datetime": "2024-01-19 00:44:12", "elapsed": 1959.583336, "delta": 0.002608}}
{"target": -17.677168016044874, "params": {"gamma": 712.8290272919259, "log10_alpha": -2.876019439002631, "log10_colsample_bytree": -0.7573180660780026, "log10_eta": -3.960981199901059, "log10_lambda": -3.205371802751653, "log10_min_child_weight": 2.504877632500608, "log10_subsample": -0.4886941963902147, "max_depth": 2.0, "num_boost_round": 31.0}, "datetime": {"datetime": "2024-01-19 00:44:12", "elapsed": 1959.585946, "delta": 0.00261}}
{"target": -17.677166562735685, "params": {"gamma": 712.8290272919259, "log10_alpha": -2.876019439002631, "log10_colsample_bytree": -0.7573180660780026, "log10_eta": -3.960981199901059, "log10_lambda": -3.205371802751653, "log10_min_child_weight": 2.504877632500608, "log10_subsample": -0.4886941963902147, "max_depth": 2.0, "num_boost_round": 32.0}, "datetime": {"datetime": "2024-01-19 00:44:12", "elapsed": 1959.588582, "delta": 0.002636}}
{"target": -17.677163606770844, "params": {"gamma": 712.8290272919259, "log10_alpha": -2.876019439002631, "log10_colsample_bytree": -0.7573180660780026, "log10_eta": -3.960981199901059, "log10_lambda": -3.205371802751653, "log10_min_child_weight": 2.504877632500608, "log10_subsample": -0.4886941963902147, "max_depth": 2.0, "num_boost_round": 33.0}, "datetime": {"datetime": "2024-01-19 00:44:12", "elapsed": 1959.591179, "delta": 0.002597}}
{"target": -17.677161250012414, "params": {"gamma": 712.8290272919259, "log10_alpha": -2.876019439002631, "log10_colsample_bytree": -0.7573180660780026, "log10_eta": -3.960981199901059, "log10_lambda": -3.205371802751653, "log10_min_child_weight": 2.504877632500608, "log10_subsample": -0.4886941963902147, "max_depth": 2.0, "num_boost_round": 34.0}, "datetime": {"datetime": "2024-01-19 00:44:12", "elapsed": 1959.59374, "delta": 0.002561}}
{"target": -17.67715950838825, "params": {"gamma": 712.8290272919259, "log10_alpha": -2.876019439002631, "log10_colsample_bytree": -0.7573180660780026, "log10_eta": -3.960981199901059, "log10_lambda": -3.205371802751653, "log10_min_child_weight": 2.504877632500608, "log10_subsample": -0.4886941963902147, "max_depth": 2.0, "num_boost_round": 35.0}, "datetime": {"datetime": "2024-01-19 00:44:12", "elapsed": 1959.596366, "delta": 0.002626}}
{"target": -17.677156422948162, "params": {"gamma": 712.8290272919259, "log10_alpha": -2.876019439002631, "log10_colsample_bytree": -0.7573180660780026, "log10_eta": -3.960981199901059, "log10_lambda": -3.205371802751653, "log10_min_child_weight": 2.504877632500608, "log10_subsample": -0.4886941963902147, "max_depth": 2.0, "num_boost_round": 36.0}, "datetime": {"datetime": "2024-01-19 00:44:12", "elapsed": 1959.598981, "delta": 0.002615}}
{"target": -17.677227399822215, "params": {"gamma": 725.6888919266144, "log10_alpha": -2.4591895944118223, "log10_colsample_bytree": -0.3383443985529292, "log10_eta": -3.883407275041554, "log10_lambda": 0.9395087045153758, "log10_min_child_weight": 0.2221788043177103, "log10_subsample": -0.4221991904547172, "max_depth": 3.0, "num_boost_round": 0.0}, "datetime": {"datetime": "2024-01-19 00:45:01", "elapsed": 2009.132699, "delta": 49.533718}}
{"target": -17.67721952544732, "params": {"gamma": 725.6888919266144, "log10_alpha": -2.4591895944118223, "log10_colsample_bytree": -0.3383443985529292, "log10_eta": -3.883407275041554, "log10_lambda": 0.9395087045153758, "log10_min_child_weight": 0.2221788043177103, "log10_subsample": -0.4221991904547172, "max_depth": 3.0, "num_boost_round": 1.0}, "datetime": {"datetime": "2024-01-19 00:45:01", "elapsed": 2009.135732, "delta": 0.003033}}
{"target": -17.677214660691174, "params": {"gamma": 725.6888919266144, "log10_alpha": -2.4591895944118223, "log10_colsample_bytree": -0.3383443985529292, "log10_eta": -3.883407275041554, "log10_lambda": 0.9395087045153758, "log10_min_child_weight": 0.2221788043177103, "log10_subsample": -0.4221991904547172, "max_depth": 3.0, "num_boost_round": 2.0}, "datetime": {"datetime": "2024-01-19 00:45:01", "elapsed": 2009.138663, "delta": 0.002931}}
{"target": -17.67721333333843, "params": {"gamma": 725.6888919266144, "log10_alpha": -2.4591895944118223, "log10_colsample_bytree": -0.3383443985529292, "log10_eta": -3.883407275041554, "log10_lambda": 0.9395087045153758, "log10_min_child_weight": 0.2221788043177103, "log10_subsample": -0.4221991904547172, "max_depth": 3.0, "num_boost_round": 3.0}, "datetime": {"datetime": "2024-01-19 00:45:01", "elapsed": 2009.142027, "delta": 0.003364}}
{"target": -17.67721032557167, "params": {"gamma": 725.6888919266144, "log10_alpha": -2.4591895944118223, "log10_colsample_bytree": -0.3383443985529292, "log10_eta": -3.883407275041554, "log10_lambda": 0.9395087045153758, "log10_min_child_weight": 0.2221788043177103, "log10_subsample": -0.4221991904547172, "max_depth": 3.0, "num_boost_round": 4.0}, "datetime": {"datetime": "2024-01-19 00:45:01", "elapsed": 2009.144746, "delta": 0.002719}}
{"target": -17.677207911476206, "params": {"gamma": 725.6888919266144, "log10_alpha": -2.4591895944118223, "log10_colsample_bytree": -0.3383443985529292, "log10_eta": -3.883407275041554, "log10_lambda": 0.9395087045153758, "log10_min_child_weight": 0.2221788043177103, "log10_subsample": -0.4221991904547172, "max_depth": 3.0, "num_boost_round": 5.0}, "datetime": {"datetime": "2024-01-19 00:45:01", "elapsed": 2009.147463, "delta": 0.002717}}
{"target": -17.67720406001423, "params": {"gamma": 725.6888919266144, "log10_alpha": -2.4591895944118223, "log10_colsample_bytree": -0.3383443985529292, "log10_eta": -3.883407275041554, "log10_lambda": 0.9395087045153758, "log10_min_child_weight": 0.2221788043177103, "log10_subsample": -0.4221991904547172, "max_depth": 3.0, "num_boost_round": 6.0}, "datetime": {"datetime": "2024-01-19 00:45:01", "elapsed": 2009.150134, "delta": 0.002671}}
{"target": -17.677199695534686, "params": {"gamma": 725.6888919266144, "log10_alpha": -2.4591895944118223, "log10_colsample_bytree": -0.3383443985529292, "log10_eta": -3.883407275041554, "log10_lambda": 0.9395087045153758, "log10_min_child_weight": 0.2221788043177103, "log10_subsample": -0.4221991904547172, "max_depth": 3.0, "num_boost_round": 7.0}, "datetime": {"datetime": "2024-01-19 00:45:01", "elapsed": 2009.152731, "delta": 0.002597}}
{"target": -17.677198879847968, "params": {"gamma": 725.6888919266144, "log10_alpha": -2.4591895944118223, "log10_colsample_bytree": -0.3383443985529292, "log10_eta": -3.883407275041554, "log10_lambda": 0.9395087045153758, "log10_min_child_weight": 0.2221788043177103, "log10_subsample": -0.4221991904547172, "max_depth": 3.0, "num_boost_round": 8.0}, "datetime": {"datetime": "2024-01-19 00:45:01", "elapsed": 2009.155338, "delta": 0.002607}}
{"target": -17.677195476043202, "params": {"gamma": 725.6888919266144, "log10_alpha": -2.4591895944118223, "log10_colsample_bytree": -0.3383443985529292, "log10_eta": -3.883407275041554, "log10_lambda": 0.9395087045153758, "log10_min_child_weight": 0.2221788043177103, "log10_subsample": -0.4221991904547172, "max_depth": 3.0, "num_boost_round": 9.0}, "datetime": {"datetime": "2024-01-19 00:45:01", "elapsed": 2009.158039, "delta": 0.002701}}
{"target": -17.67719232402737, "params": {"gamma": 725.6888919266144, "log10_alpha": -2.4591895944118223, "log10_colsample_bytree": -0.3383443985529292, "log10_eta": -3.883407275041554, "log10_lambda": 0.9395087045153758, "log10_min_child_weight": 0.2221788043177103, "log10_subsample": -0.4221991904547172, "max_depth": 3.0, "num_boost_round": 10.0}, "datetime": {"datetime": "2024-01-19 00:45:01", "elapsed": 2009.160646, "delta": 0.002607}}
{"target": -17.67718706114089, "params": {"gamma": 725.6888919266144, "log10_alpha": -2.4591895944118223, "log10_colsample_bytree": -0.3383443985529292, "log10_eta": -3.883407275041554, "log10_lambda": 0.9395087045153758, "log10_min_child_weight": 0.2221788043177103, "log10_subsample": -0.4221991904547172, "max_depth": 3.0, "num_boost_round": 11.0}, "datetime": {"datetime": "2024-01-19 00:45:01", "elapsed": 2009.163266, "delta": 0.00262}}
{"target": -17.677182897744828, "params": {"gamma": 725.6888919266144, "log10_alpha": -2.4591895944118223, "log10_colsample_bytree": -0.3383443985529292, "log10_eta": -3.883407275041554, "log10_lambda": 0.9395087045153758, "log10_min_child_weight": 0.2221788043177103, "log10_subsample": -0.4221991904547172, "max_depth": 3.0, "num_boost_round": 12.0}, "datetime": {"datetime": "2024-01-19 00:45:01", "elapsed": 2009.165858, "delta": 0.002592}}
{"target": -17.677178832774313, "params": {"gamma": 725.6888919266144, "log10_alpha": -2.4591895944118223, "log10_colsample_bytree": -0.3383443985529292, "log10_eta": -3.883407275041554, "log10_lambda": 0.9395087045153758, "log10_min_child_weight": 0.2221788043177103, "log10_subsample": -0.4221991904547172, "max_depth": 3.0, "num_boost_round": 13.0}, "datetime": {"datetime": "2024-01-19 00:45:01", "elapsed": 2009.168749, "delta": 0.002891}}
{"target": -17.67717707944567, "params": {"gamma": 725.6888919266144, "log10_alpha": -2.4591895944118223, "log10_colsample_bytree": -0.3383443985529292, "log10_eta": -3.883407275041554, "log10_lambda": 0.9395087045153758, "log10_min_child_weight": 0.2221788043177103, "log10_subsample": -0.4221991904547172, "max_depth": 3.0, "num_boost_round": 14.0}, "datetime": {"datetime": "2024-01-19 00:45:01", "elapsed": 2009.171361, "delta": 0.002612}}
{"target": -17.677176930252223, "params": {"gamma": 725.6888919266144, "log10_alpha": -2.4591895944118223, "log10_colsample_bytree": -0.3383443985529292, "log10_eta": -3.883407275041554, "log10_lambda": 0.9395087045153758, "log10_min_child_weight": 0.2221788043177103, "log10_subsample": -0.4221991904547172, "max_depth": 3.0, "num_boost_round": 15.0}, "datetime": {"datetime": "2024-01-19 00:45:01", "elapsed": 2009.174, "delta": 0.002639}}
{"target": -17.677172843637454, "params": {"gamma": 725.6888919266144, "log10_alpha": -2.4591895944118223, "log10_colsample_bytree": -0.3383443985529292, "log10_eta": -3.883407275041554, "log10_lambda": 0.9395087045153758, "log10_min_child_weight": 0.2221788043177103, "log10_subsample": -0.4221991904547172, "max_depth": 3.0, "num_boost_round": 16.0}, "datetime": {"datetime": "2024-01-19 00:45:01", "elapsed": 2009.176843, "delta": 0.002843}}
{"target": -17.67717342760431, "params": {"gamma": 725.6888919266144, "log10_alpha": -2.4591895944118223, "log10_colsample_bytree": -0.3383443985529292, "log10_eta": -3.883407275041554, "log10_lambda": 0.9395087045153758, "log10_min_child_weight": 0.2221788043177103, "log10_subsample": -0.4221991904547172, "max_depth": 3.0, "num_boost_round": 17.0}, "datetime": {"datetime": "2024-01-19 00:45:01", "elapsed": 2009.179732, "delta": 0.002889}}
{"target": -17.677171707755537, "params": {"gamma": 725.6888919266144, "log10_alpha": -2.4591895944118223, "log10_colsample_bytree": -0.3383443985529292, "log10_eta": -3.883407275041554, "log10_lambda": 0.9395087045153758, "log10_min_child_weight": 0.2221788043177103, "log10_subsample": -0.4221991904547172, "max_depth": 3.0, "num_boost_round": 18.0}, "datetime": {"datetime": "2024-01-19 00:45:01", "elapsed": 2009.182424, "delta": 0.002692}}
{"target": -17.67716544285055, "params": {"gamma": 725.6888919266144, "log10_alpha": -2.4591895944118223, "log10_colsample_bytree": -0.3383443985529292, "log10_eta": -3.883407275041554, "log10_lambda": 0.9395087045153758, "log10_min_child_weight": 0.2221788043177103, "log10_subsample": -0.4221991904547172, "max_depth": 3.0, "num_boost_round": 19.0}, "datetime": {"datetime": "2024-01-19 00:45:01", "elapsed": 2009.185024, "delta": 0.0026}}
{"target": -17.67716096853241, "params": {"gamma": 725.6888919266144, "log10_alpha": -2.4591895944118223, "log10_colsample_bytree": -0.3383443985529292, "log10_eta": -3.883407275041554, "log10_lambda": 0.9395087045153758, "log10_min_child_weight": 0.2221788043177103, "log10_subsample": -0.4221991904547172, "max_depth": 3.0, "num_boost_round": 20.0}, "datetime": {"datetime": "2024-01-19 00:45:01", "elapsed": 2009.187737, "delta": 0.002713}}
{"target": -17.677154702814732, "params": {"gamma": 725.6888919266144, "log10_alpha": -2.4591895944118223, "log10_colsample_bytree": -0.3383443985529292, "log10_eta": -3.883407275041554, "log10_lambda": 0.9395087045153758, "log10_min_child_weight": 0.2221788043177103, "log10_subsample": -0.4221991904547172, "max_depth": 3.0, "num_boost_round": 21.0}, "datetime": {"datetime": "2024-01-19 00:45:01", "elapsed": 2009.190466, "delta": 0.002729}}
{"target": -17.67714839063316, "params": {"gamma": 725.6888919266144, "log10_alpha": -2.4591895944118223, "log10_colsample_bytree": -0.3383443985529292, "log10_eta": -3.883407275041554, "log10_lambda": 0.9395087045153758, "log10_min_child_weight": 0.2221788043177103, "log10_subsample": -0.4221991904547172, "max_depth": 3.0, "num_boost_round": 22.0}, "datetime": {"datetime": "2024-01-19 00:45:01", "elapsed": 2009.193147, "delta": 0.002681}}
{"target": -17.677147250511023, "params": {"gamma": 725.6888919266144, "log10_alpha": -2.4591895944118223, "log10_colsample_bytree": -0.3383443985529292, "log10_eta": -3.883407275041554, "log10_lambda": 0.9395087045153758, "log10_min_child_weight": 0.2221788043177103, "log10_subsample": -0.4221991904547172, "max_depth": 3.0, "num_boost_round": 23.0}, "datetime": {"datetime": "2024-01-19 00:45:01", "elapsed": 2009.195808, "delta": 0.002661}}
{"target": -17.677142522045802, "params": {"gamma": 725.6888919266144, "log10_alpha": -2.4591895944118223, "log10_colsample_bytree": -0.3383443985529292, "log10_eta": -3.883407275041554, "log10_lambda": 0.9395087045153758, "log10_min_child_weight": 0.2221788043177103, "log10_subsample": -0.4221991904547172, "max_depth": 3.0, "num_boost_round": 24.0}, "datetime": {"datetime": "2024-01-19 00:45:01", "elapsed": 2009.198512, "delta": 0.002704}}
{"target": -17.677138380760574, "params": {"gamma": 725.6888919266144, "log10_alpha": -2.4591895944118223, "log10_colsample_bytree": -0.3383443985529292, "log10_eta": -3.883407275041554, "log10_lambda": 0.9395087045153758, "log10_min_child_weight": 0.2221788043177103, "log10_subsample": -0.4221991904547172, "max_depth": 3.0, "num_boost_round": 25.0}, "datetime": {"datetime": "2024-01-19 00:45:01", "elapsed": 2009.201205, "delta": 0.002693}}
