{"target": -13.758322884672914, "params": {"gamma": 940.4959360735077, "log10_alpha": -4.987351182104888, "log10_colsample_bytree": -0.6530791326361864, "log10_eta": -3.0861815644478914, "log10_lambda": 0.9509353002570702, "log10_min_child_weight": 1.133851391028609, "log10_subsample": -0.675864866111377, "max_depth": 4.0, "num_boost_round": 12.0}, "datetime": {"datetime": "2024-01-19 01:26:11", "elapsed": 4472.545836, "delta": 0.005056}}
{"target": -13.758313785295258, "params": {"gamma": 940.4959360735077, "log10_alpha": -4.987351182104888, "log10_colsample_bytree": -0.6530791326361864, "log10_eta": -3.0861815644478914, "log10_lambda": 0.9509353002570702, "log10_min_child_weight": 1.133851391028609, "log10_subsample": -0.675864866111377, "max_depth": 4.0, "num_boost_round": 13.0}, "datetime": {"datetime": "2024-01-19 01:26:11", "elapsed": 4472.550951, "delta": 0.005115}}
{"target": -13.758316621695903, "params": {"gamma": 940.4959360735077, "log10_alpha": -4.987351182104888, "log10_colsample_bytree": -0.6530791326361864, "log10_eta": -3.0861815644478914, "log10_lambda": 0.9509353002570702, "log10_min_child_weight": 1.133851391028609, "log10_subsample": -0.675864866111377, "max_depth": 4.0, "num_boost_round": 14.0}, "datetime": {"datetime": "2024-01-19 01:26:11", "elapsed": 4472.555955, "delta": 0.005004}}
{"target": -13.758285364766772, "params": {"gamma": 940.4959360735077, "log10_alpha": -4.987351182104888, "log10_colsample_bytree": -0.6530791326361864, "log10_eta": -3.0861815644478914, "log10_lambda": 0.9509353002570702, "log10_min_child_weight": 1.133851391028609, "log10_subsample": -0.675864866111377, "max_depth": 4.0, "num_boost_round": 15.0}, "datetime": {"datetime": "2024-01-19 01:26:11", "elapsed": 4472.561184, "delta": 0.005229}}
{"target": -13.758285951804387, "params": {"gamma": 940.4959360735077, "log10_alpha": -4.987351182104888, "log10_colsample_bytree": -0.6530791326361864, "log10_eta": -3.0861815644478914, "log10_lambda": 0.9509353002570702, "log10_min_child_weight": 1.133851391028609, "log10_subsample": -0.675864866111377, "max_depth": 4.0, "num_boost_round": 16.0}, "datetime": {"datetime": "2024-01-19 01:26:11", "elapsed": 4472.566512, "delta": 0.005328}}
{"target": -13.758265823196577, "params": {"gamma": 940.4959360735077, "log10_alpha": -4.987351182104888, "log10_colsample_bytree": -0.6530791326361864, "log10_eta": -3.0861815644478914, "log10_lambda": 0.9509353002570702, "log10_min_child_weight": 1.133851391028609, "log10_subsample": -0.675864866111377, "max_depth": 4.0, "num_boost_round": 17.0}, "datetime": {"datetime": "2024-01-19 01:26:11", "elapsed": 4472.571701, "delta": 0.005189}}
{"target": -13.758273192071712, "params": {"gamma": 940.4959360735077, "log10_alpha": -4.987351182104888, "log10_colsample_bytree": -0.6530791326361864, "log10_eta": -3.0861815644478914, "log10_lambda": 0.9509353002570702, "log10_min_child_weight": 1.133851391028609, "log10_subsample": -0.675864866111377, "max_depth": 4.0, "num_boost_round": 18.0}, "datetime": {"datetime": "2024-01-19 01:26:11", "elapsed": 4472.576733, "delta": 0.005032}}
{"target": -13.758252340883036, "params": {"gamma": 940.4959360735077, "log10_alpha": -4.987351182104888, "log10_colsample_bytree": -0.6530791326361864, "log10_eta": -3.0861815644478914, "log10_lambda": 0.9509353002570702, "log10_min_child_weight": 1.133851391028609, "log10_subsample": -0.675864866111377, "max_depth": 4.0, "num_boost_round": 19.0}, "datetime": {"datetime": "2024-01-19 01:26:11", "elapsed": 4472.581847, "delta": 0.005114}}
{"target": -13.758241070296169, "params": {"gamma": 940.4959360735077, "log10_alpha": -4.987351182104888, "log10_colsample_bytree": -0.6530791326361864, "log10_eta": -3.0861815644478914, "log10_lambda": 0.9509353002570702, "log10_min_child_weight": 1.133851391028609, "log10_subsample": -0.675864866111377, "max_depth": 4.0, "num_boost_round": 20.0}, "datetime": {"datetime": "2024-01-19 01:26:11", "elapsed": 4472.590762, "delta": 0.008915}}
{"target": -13.758221115625702, "params": {"gamma": 940.4959360735077, "log10_alpha": -4.987351182104888, "log10_colsample_bytree": -0.6530791326361864, "log10_eta": -3.0861815644478914, "log10_lambda": 0.9509353002570702, "log10_min_child_weight": 1.133851391028609, "log10_subsample": -0.675864866111377, "max_depth": 4.0, "num_boost_round": 21.0}, "datetime": {"datetime": "2024-01-19 01:26:11", "elapsed": 4472.595837, "delta": 0.005075}}
{"target": -13.758218858626046, "params": {"gamma": 940.4959360735077, "log10_alpha": -4.987351182104888, "log10_colsample_bytree": -0.6530791326361864, "log10_eta": -3.0861815644478914, "log10_lambda": 0.9509353002570702, "log10_min_child_weight": 1.133851391028609, "log10_subsample": -0.675864866111377, "max_depth": 4.0, "num_boost_round": 22.0}, "datetime": {"datetime": "2024-01-19 01:26:11", "elapsed": 4472.601126, "delta": 0.005289}}
{"target": -13.758207808980353, "params": {"gamma": 940.4959360735077, "log10_alpha": -4.987351182104888, "log10_colsample_bytree": -0.6530791326361864, "log10_eta": -3.0861815644478914, "log10_lambda": 0.9509353002570702, "log10_min_child_weight": 1.133851391028609, "log10_subsample": -0.675864866111377, "max_depth": 4.0, "num_boost_round": 23.0}, "datetime": {"datetime": "2024-01-19 01:26:11", "elapsed": 4472.606166, "delta": 0.00504}}
{"target": -13.758209196689691, "params": {"gamma": 940.4959360735077, "log10_alpha": -4.987351182104888, "log10_colsample_bytree": -0.6530791326361864, "log10_eta": -3.0861815644478914, "log10_lambda": 0.9509353002570702, "log10_min_child_weight": 1.133851391028609, "log10_subsample": -0.675864866111377, "max_depth": 4.0, "num_boost_round": 24.0}, "datetime": {"datetime": "2024-01-19 01:26:11", "elapsed": 4472.611388, "delta": 0.005222}}
{"target": -13.758200194065198, "params": {"gamma": 940.4959360735077, "log10_alpha": -4.987351182104888, "log10_colsample_bytree": -0.6530791326361864, "log10_eta": -3.0861815644478914, "log10_lambda": 0.9509353002570702, "log10_min_child_weight": 1.133851391028609, "log10_subsample": -0.675864866111377, "max_depth": 4.0, "num_boost_round": 25.0}, "datetime": {"datetime": "2024-01-19 01:26:11", "elapsed": 4472.616545, "delta": 0.005157}}
{"target": -13.758191833768864, "params": {"gamma": 940.4959360735077, "log10_alpha": -4.987351182104888, "log10_colsample_bytree": -0.6530791326361864, "log10_eta": -3.0861815644478914, "log10_lambda": 0.9509353002570702, "log10_min_child_weight": 1.133851391028609, "log10_subsample": -0.675864866111377, "max_depth": 4.0, "num_boost_round": 26.0}, "datetime": {"datetime": "2024-01-19 01:26:11", "elapsed": 4472.621616, "delta": 0.005071}}
{"target": -13.758186457696969, "params": {"gamma": 940.4959360735077, "log10_alpha": -4.987351182104888, "log10_colsample_bytree": -0.6530791326361864, "log10_eta": -3.0861815644478914, "log10_lambda": 0.9509353002570702, "log10_min_child_weight": 1.133851391028609, "log10_subsample": -0.675864866111377, "max_depth": 4.0, "num_boost_round": 27.0}, "datetime": {"datetime": "2024-01-19 01:26:11", "elapsed": 4472.626747, "delta": 0.005131}}
{"target": -13.758158990696785, "params": {"gamma": 940.4959360735077, "log10_alpha": -4.987351182104888, "log10_colsample_bytree": -0.6530791326361864, "log10_eta": -3.0861815644478914, "log10_lambda": 0.9509353002570702, "log10_min_child_weight": 1.133851391028609, "log10_subsample": -0.675864866111377, "max_depth": 4.0, "num_boost_round": 28.0}, "datetime": {"datetime": "2024-01-19 01:26:11", "elapsed": 4472.631997, "delta": 0.00525}}
{"target": -13.758145710021285, "params": {"gamma": 940.4959360735077, "log10_alpha": -4.987351182104888, "log10_colsample_bytree": -0.6530791326361864, "log10_eta": -3.0861815644478914, "log10_lambda": 0.9509353002570702, "log10_min_child_weight": 1.133851391028609, "log10_subsample": -0.675864866111377, "max_depth": 4.0, "num_boost_round": 29.0}, "datetime": {"datetime": "2024-01-19 01:26:11", "elapsed": 4472.637006, "delta": 0.005009}}
{"target": -13.758120870364994, "params": {"gamma": 940.4959360735077, "log10_alpha": -4.987351182104888, "log10_colsample_bytree": -0.6530791326361864, "log10_eta": -3.0861815644478914, "log10_lambda": 0.9509353002570702, "log10_min_child_weight": 1.133851391028609, "log10_subsample": -0.675864866111377, "max_depth": 4.0, "num_boost_round": 30.0}, "datetime": {"datetime": "2024-01-19 01:26:11", "elapsed": 4472.642063, "delta": 0.005057}}
{"target": -13.758098940915735, "params": {"gamma": 940.4959360735077, "log10_alpha": -4.987351182104888, "log10_colsample_bytree": -0.6530791326361864, "log10_eta": -3.0861815644478914, "log10_lambda": 0.9509353002570702, "log10_min_child_weight": 1.133851391028609, "log10_subsample": -0.675864866111377, "max_depth": 4.0, "num_boost_round": 31.0}, "datetime": {"datetime": "2024-01-19 01:26:11", "elapsed": 4472.647232, "delta": 0.005169}}
{"target": -13.75809239365638, "params": {"gamma": 940.4959360735077, "log10_alpha": -4.987351182104888, "log10_colsample_bytree": -0.6530791326361864, "log10_eta": -3.0861815644478914, "log10_lambda": 0.9509353002570702, "log10_min_child_weight": 1.133851391028609, "log10_subsample": -0.675864866111377, "max_depth": 4.0, "num_boost_round": 32.0}, "datetime": {"datetime": "2024-01-19 01:26:11", "elapsed": 4472.652473, "delta": 0.005241}}
{"target": -13.758069257302616, "params": {"gamma": 940.4959360735077, "log10_alpha": -4.987351182104888, "log10_colsample_bytree": -0.6530791326361864, "log10_eta": -3.0861815644478914, "log10_lambda": 0.9509353002570702, "log10_min_child_weight": 1.133851391028609, "log10_subsample": -0.675864866111377, "max_depth": 4.0, "num_boost_round": 33.0}, "datetime": {"datetime": "2024-01-19 01:26:11", "elapsed": 4472.657698, "delta": 0.005225}}
{"target": -13.758047193852187, "params": {"gamma": 940.4959360735077, "log10_alpha": -4.987351182104888, "log10_colsample_bytree": -0.6530791326361864, "log10_eta": -3.0861815644478914, "log10_lambda": 0.9509353002570702, "log10_min_child_weight": 1.133851391028609, "log10_subsample": -0.675864866111377, "max_depth": 4.0, "num_boost_round": 34.0}, "datetime": {"datetime": "2024-01-19 01:26:11", "elapsed": 4472.662895, "delta": 0.005197}}
{"target": -13.758043768208681, "params": {"gamma": 940.4959360735077, "log10_alpha": -4.987351182104888, "log10_colsample_bytree": -0.6530791326361864, "log10_eta": -3.0861815644478914, "log10_lambda": 0.9509353002570702, "log10_min_child_weight": 1.133851391028609, "log10_subsample": -0.675864866111377, "max_depth": 4.0, "num_boost_round": 35.0}, "datetime": {"datetime": "2024-01-19 01:26:11", "elapsed": 4472.667981, "delta": 0.005086}}
{"target": -13.75853374204854, "params": {"gamma": 938.3657006405961, "log10_alpha": -2.9056012868811605, "log10_colsample_bytree": -0.07204830934109008, "log10_eta": -2.7229397955569685, "log10_lambda": -0.9176404374689371, "log10_min_child_weight": 3.297026893156821, "log10_subsample": -0.12960398890302283, "max_depth": 3.0, "num_boost_round": 0.0}, "datetime": {"datetime": "2024-01-19 01:27:20", "elapsed": 4541.460382, "delta": 68.792401}}
{"target": -13.758533452992063, "params": {"gamma": 938.3657006405961, "log10_alpha": -2.9056012868811605, "log10_colsample_bytree": -0.07204830934109008, "log10_eta": -2.7229397955569685, "log10_lambda": -0.9176404374689371, "log10_min_child_weight": 3.297026893156821, "log10_subsample": -0.12960398890302283, "max_depth": 3.0, "num_boost_round": 1.0}, "datetime": {"datetime": "2024-01-19 01:27:20", "elapsed": 4541.466248, "delta": 0.005866}}
{"target": -13.758526796817085, "params": {"gamma": 938.3657006405961, "log10_alpha": -2.9056012868811605, "log10_colsample_bytree": -0.07204830934109008, "log10_eta": -2.7229397955569685, "log10_lambda": -0.9176404374689371, "log10_min_child_weight": 3.297026893156821, "log10_subsample": -0.12960398890302283, "max_depth": 3.0, "num_boost_round": 2.0}, "datetime": {"datetime": "2024-01-19 01:27:20", "elapsed": 4541.471305, "delta": 0.005057}}
{"target": -13.758517215686744, "params": {"gamma": 938.3657006405961, "log10_alpha": -2.9056012868811605, "log10_colsample_bytree": -0.07204830934109008, "log10_eta": -2.7229397955569685, "log10_lambda": -0.9176404374689371, "log10_min_child_weight": 3.297026893156821, "log10_subsample": -0.12960398890302283, "max_depth": 3.0, "num_boost_round": 3.0}, "datetime": {"datetime": "2024-01-19 01:27:20", "elapsed": 4541.4763, "delta": 0.004995}}
{"target": -13.75852391172523, "params": {"gamma": 938.3657006405961, "log10_alpha": -2.9056012868811605, "log10_colsample_bytree": -0.07204830934109008, "log10_eta": -2.7229397955569685, "log10_lambda": -0.9176404374689371, "log10_min_child_weight": 3.297026893156821, "log10_subsample": -0.12960398890302283, "max_depth": 3.0, "num_boost_round": 4.0}, "datetime": {"datetime": "2024-01-19 01:27:20", "elapsed": 4541.481454, "delta": 0.005154}}
{"target": -13.758521962679055, "params": {"gamma": 938.3657006405961, "log10_alpha": -2.9056012868811605, "log10_colsample_bytree": -0.07204830934109008, "log10_eta": -2.7229397955569685, "log10_lambda": -0.9176404374689371, "log10_min_child_weight": 3.297026893156821, "log10_subsample": -0.12960398890302283, "max_depth": 3.0, "num_boost_round": 5.0}, "datetime": {"datetime": "2024-01-19 01:27:20", "elapsed": 4541.486664, "delta": 0.00521}}
{"target": -13.75852547374229, "params": {"gamma": 938.3657006405961, "log10_alpha": -2.9056012868811605, "log10_colsample_bytree": -0.07204830934109008, "log10_eta": -2.7229397955569685, "log10_lambda": -0.9176404374689371, "log10_min_child_weight": 3.297026893156821, "log10_subsample": -0.12960398890302283, "max_depth": 3.0, "num_boost_round": 6.0}, "datetime": {"datetime": "2024-01-19 01:27:20", "elapsed": 4541.492427, "delta": 0.005763}}
{"target": -13.758524988921485, "params": {"gamma": 938.3657006405961, "log10_alpha": -2.9056012868811605, "log10_colsample_bytree": -0.07204830934109008, "log10_eta": -2.7229397955569685, "log10_lambda": -0.9176404374689371, "log10_min_child_weight": 3.297026893156821, "log10_subsample": -0.12960398890302283, "max_depth": 3.0, "num_boost_round": 7.0}, "datetime": {"datetime": "2024-01-19 01:27:20", "elapsed": 4541.498024, "delta": 0.005597}}
{"target": -13.758529893574169, "params": {"gamma": 938.3657006405961, "log10_alpha": -2.9056012868811605, "log10_colsample_bytree": -0.07204830934109008, "log10_eta": -2.7229397955569685, "log10_lambda": -0.9176404374689371, "log10_min_child_weight": 3.297026893156821, "log10_subsample": -0.12960398890302283, "max_depth": 3.0, "num_boost_round": 8.0}, "datetime": {"datetime": "2024-01-19 01:27:20", "elapsed": 4541.50301, "delta": 0.004986}}
{"target": -13.758528462821962, "params": {"gamma": 938.3657006405961, "log10_alpha": -2.9056012868811605, "log10_colsample_bytree": -0.07204830934109008, "log10_eta": -2.7229397955569685, "log10_lambda": -0.9176404374689371, "log10_min_child_weight": 3.297026893156821, "log10_subsample": -0.12960398890302283, "max_depth": 3.0, "num_boost_round": 9.0}, "datetime": {"datetime": "2024-01-19 01:27:20", "elapsed": 4541.50814, "delta": 0.00513}}
{"target": -13.758527528795236, "params": {"gamma": 938.3657006405961, "log10_alpha": -2.9056012868811605, "log10_colsample_bytree": -0.07204830934109008, "log10_eta": -2.7229397955569685, "log10_lambda": -0.9176404374689371, "log10_min_child_weight": 3.297026893156821, "log10_subsample": -0.12960398890302283, "max_depth": 3.0, "num_boost_round": 10.0}, "datetime": {"datetime": "2024-01-19 01:27:20", "elapsed": 4541.51332, "delta": 0.00518}}
{"target": -13.758530577249644, "params": {"gamma": 938.3657006405961, "log10_alpha": -2.9056012868811605, "log10_colsample_bytree": -0.07204830934109008, "log10_eta": -2.7229397955569685, "log10_lambda": -0.9176404374689371, "log10_min_child_weight": 3.297026893156821, "log10_subsample": -0.12960398890302283, "max_depth": 3.0, "num_boost_round": 11.0}, "datetime": {"datetime": "2024-01-19 01:27:20", "elapsed": 4541.518412, "delta": 0.005092}}
{"target": -13.758532322299853, "params": {"gamma": 938.3657006405961, "log10_alpha": -2.9056012868811605, "log10_colsample_bytree": -0.07204830934109008, "log10_eta": -2.7229397955569685, "log10_lambda": -0.9176404374689371, "log10_min_child_weight": 3.297026893156821, "log10_subsample": -0.12960398890302283, "max_depth": 3.0, "num_boost_round": 12.0}, "datetime": {"datetime": "2024-01-19 01:27:20", "elapsed": 4541.52353, "delta": 0.005118}}
{"target": -13.758540516762084, "params": {"gamma": 938.3657006405961, "log10_alpha": -2.9056012868811605, "log10_colsample_bytree": -0.07204830934109008, "log10_eta": -2.7229397955569685, "log10_lambda": -0.9176404374689371, "log10_min_child_weight": 3.297026893156821, "log10_subsample": -0.12960398890302283, "max_depth": 3.0, "num_boost_round": 13.0}, "datetime": {"datetime": "2024-01-19 01:27:20", "elapsed": 4541.528921, "delta": 0.005391}}
{"target": -13.758549363007257, "params": {"gamma": 938.3657006405961, "log10_alpha": -2.9056012868811605, "log10_colsample_bytree": -0.07204830934109008, "log10_eta": -2.7229397955569685, "log10_lambda": -0.9176404374689371, "log10_min_child_weight": 3.297026893156821, "log10_subsample": -0.12960398890302283, "max_depth": 3.0, "num_boost_round": 14.0}, "datetime": {"datetime": "2024-01-19 01:27:20", "elapsed": 4541.637883, "delta": 0.108962}}
{"target": -13.758558223151969, "params": {"gamma": 938.3657006405961, "log10_alpha": -2.9056012868811605, "log10_colsample_bytree": -0.07204830934109008, "log10_eta": -2.7229397955569685, "log10_lambda": -0.9176404374689371, "log10_min_child_weight": 3.297026893156821, "log10_subsample": -0.12960398890302283, "max_depth": 3.0, "num_boost_round": 15.0}, "datetime": {"datetime": "2024-01-19 01:27:20", "elapsed": 4541.643614, "delta": 0.005731}}
{"target": -13.758550269103367, "params": {"gamma": 938.3657006405961, "log10_alpha": -2.9056012868811605, "log10_colsample_bytree": -0.07204830934109008, "log10_eta": -2.7229397955569685, "log10_lambda": -0.9176404374689371, "log10_min_child_weight": 3.297026893156821, "log10_subsample": -0.12960398890302283, "max_depth": 3.0, "num_boost_round": 16.0}, "datetime": {"datetime": "2024-01-19 01:27:20", "elapsed": 4541.649433, "delta": 0.005819}}
{"target": -13.75852277390314, "params": {"gamma": 938.3657006405961, "log10_alpha": -2.9056012868811605, "log10_colsample_bytree": -0.07204830934109008, "log10_eta": -2.7229397955569685, "log10_lambda": -0.9176404374689371, "log10_min_child_weight": 3.297026893156821, "log10_subsample": -0.12960398890302283, "max_depth": 3.0, "num_boost_round": 17.0}, "datetime": {"datetime": "2024-01-19 01:27:20", "elapsed": 4541.654825, "delta": 0.005392}}
{"target": -13.758525938302592, "params": {"gamma": 938.3657006405961, "log10_alpha": -2.9056012868811605, "log10_colsample_bytree": -0.07204830934109008, "log10_eta": -2.7229397955569685, "log10_lambda": -0.9176404374689371, "log10_min_child_weight": 3.297026893156821, "log10_subsample": -0.12960398890302283, "max_depth": 3.0, "num_boost_round": 18.0}, "datetime": {"datetime": "2024-01-19 01:27:20", "elapsed": 4541.66023, "delta": 0.005405}}
{"target": -13.758560545539131, "params": {"gamma": 938.3657006405961, "log10_alpha": -2.9056012868811605, "log10_colsample_bytree": -0.07204830934109008, "log10_eta": -2.7229397955569685, "log10_lambda": -0.9176404374689371, "log10_min_child_weight": 3.297026893156821, "log10_subsample": -0.12960398890302283, "max_depth": 3.0, "num_boost_round": 19.0}, "datetime": {"datetime": "2024-01-19 01:27:20", "elapsed": 4541.665356, "delta": 0.005126}}
{"target": -13.758565820173, "params": {"gamma": 938.3657006405961, "log10_alpha": -2.9056012868811605, "log10_colsample_bytree": -0.07204830934109008, "log10_eta": -2.7229397955569685, "log10_lambda": -0.9176404374689371, "log10_min_child_weight": 3.297026893156821, "log10_subsample": -0.12960398890302283, "max_depth": 3.0, "num_boost_round": 20.0}, "datetime": {"datetime": "2024-01-19 01:27:20", "elapsed": 4541.670447, "delta": 0.005091}}
{"target": -13.758560179262851, "params": {"gamma": 938.3657006405961, "log10_alpha": -2.9056012868811605, "log10_colsample_bytree": -0.07204830934109008, "log10_eta": -2.7229397955569685, "log10_lambda": -0.9176404374689371, "log10_min_child_weight": 3.297026893156821, "log10_subsample": -0.12960398890302283, "max_depth": 3.0, "num_boost_round": 21.0}, "datetime": {"datetime": "2024-01-19 01:27:20", "elapsed": 4541.67556, "delta": 0.005113}}
{"target": -13.758550170058314, "params": {"gamma": 938.3657006405961, "log10_alpha": -2.9056012868811605, "log10_colsample_bytree": -0.07204830934109008, "log10_eta": -2.7229397955569685, "log10_lambda": -0.9176404374689371, "log10_min_child_weight": 3.297026893156821, "log10_subsample": -0.12960398890302283, "max_depth": 3.0, "num_boost_round": 22.0}, "datetime": {"datetime": "2024-01-19 01:27:20", "elapsed": 4541.680706, "delta": 0.005146}}
{"target": -13.758556806699428, "params": {"gamma": 938.3657006405961, "log10_alpha": -2.9056012868811605, "log10_colsample_bytree": -0.07204830934109008, "log10_eta": -2.7229397955569685, "log10_lambda": -0.9176404374689371, "log10_min_child_weight": 3.297026893156821, "log10_subsample": -0.12960398890302283, "max_depth": 3.0, "num_boost_round": 23.0}, "datetime": {"datetime": "2024-01-19 01:27:20", "elapsed": 4541.685869, "delta": 0.005163}}
{"target": -13.758565063543537, "params": {"gamma": 938.3657006405961, "log10_alpha": -2.9056012868811605, "log10_colsample_bytree": -0.07204830934109008, "log10_eta": -2.7229397955569685, "log10_lambda": -0.9176404374689371, "log10_min_child_weight": 3.297026893156821, "log10_subsample": -0.12960398890302283, "max_depth": 3.0, "num_boost_round": 24.0}, "datetime": {"datetime": "2024-01-19 01:27:20", "elapsed": 4541.691219, "delta": 0.00535}}
