{"target": -17.675209378129956, "params": {"gamma": 437.743970067718, "log10_alpha": 0.023584101458649087, "log10_colsample_bytree": -0.25078835835755486, "log10_eta": -1.4265351910844855, "log10_lambda": -4.5612723637934, "log10_min_child_weight": 3.0332704505967163, "log10_subsample": -0.1953916096925924, "max_depth": 5.0, "num_boost_round": 5.0}, "datetime": {"datetime": "2024-01-19 00:34:51", "elapsed": 1381.342835, "delta": 0.002398}}
{"target": -17.675314324021798, "params": {"gamma": 437.743970067718, "log10_alpha": 0.023584101458649087, "log10_colsample_bytree": -0.25078835835755486, "log10_eta": -1.4265351910844855, "log10_lambda": -4.5612723637934, "log10_min_child_weight": 3.0332704505967163, "log10_subsample": -0.1953916096925924, "max_depth": 5.0, "num_boost_round": 6.0}, "datetime": {"datetime": "2024-01-19 00:34:51", "elapsed": 1381.345277, "delta": 0.002442}}
{"target": -17.67587503285527, "params": {"gamma": 437.743970067718, "log10_alpha": 0.023584101458649087, "log10_colsample_bytree": -0.25078835835755486, "log10_eta": -1.4265351910844855, "log10_lambda": -4.5612723637934, "log10_min_child_weight": 3.0332704505967163, "log10_subsample": -0.1953916096925924, "max_depth": 5.0, "num_boost_round": 7.0}, "datetime": {"datetime": "2024-01-19 00:34:51", "elapsed": 1381.347797, "delta": 0.00252}}
{"target": -17.676183028962058, "params": {"gamma": 437.743970067718, "log10_alpha": 0.023584101458649087, "log10_colsample_bytree": -0.25078835835755486, "log10_eta": -1.4265351910844855, "log10_lambda": -4.5612723637934, "log10_min_child_weight": 3.0332704505967163, "log10_subsample": -0.1953916096925924, "max_depth": 5.0, "num_boost_round": 8.0}, "datetime": {"datetime": "2024-01-19 00:34:51", "elapsed": 1381.350146, "delta": 0.002349}}
{"target": -17.677169461937318, "params": {"gamma": 437.743970067718, "log10_alpha": 0.023584101458649087, "log10_colsample_bytree": -0.25078835835755486, "log10_eta": -1.4265351910844855, "log10_lambda": -4.5612723637934, "log10_min_child_weight": 3.0332704505967163, "log10_subsample": -0.1953916096925924, "max_depth": 5.0, "num_boost_round": 9.0}, "datetime": {"datetime": "2024-01-19 00:34:51", "elapsed": 1381.352511, "delta": 0.002365}}
{"target": -17.678766156080883, "params": {"gamma": 437.743970067718, "log10_alpha": 0.023584101458649087, "log10_colsample_bytree": -0.25078835835755486, "log10_eta": -1.4265351910844855, "log10_lambda": -4.5612723637934, "log10_min_child_weight": 3.0332704505967163, "log10_subsample": -0.1953916096925924, "max_depth": 5.0, "num_boost_round": 10.0}, "datetime": {"datetime": "2024-01-19 00:34:51", "elapsed": 1381.354782, "delta": 0.002271}}
{"target": -17.67723299587285, "params": {"gamma": 437.743970067718, "log10_alpha": 0.023584101458649087, "log10_colsample_bytree": -0.25078835835755486, "log10_eta": -1.4265351910844855, "log10_lambda": -4.5612723637934, "log10_min_child_weight": 3.0332704505967163, "log10_subsample": -0.1953916096925924, "max_depth": 5.0, "num_boost_round": 11.0}, "datetime": {"datetime": "2024-01-19 00:34:51", "elapsed": 1381.357108, "delta": 0.002326}}
{"target": -17.678840839832027, "params": {"gamma": 437.743970067718, "log10_alpha": 0.023584101458649087, "log10_colsample_bytree": -0.25078835835755486, "log10_eta": -1.4265351910844855, "log10_lambda": -4.5612723637934, "log10_min_child_weight": 3.0332704505967163, "log10_subsample": -0.1953916096925924, "max_depth": 5.0, "num_boost_round": 12.0}, "datetime": {"datetime": "2024-01-19 00:34:51", "elapsed": 1381.359441, "delta": 0.002333}}
{"target": -17.681411207433737, "params": {"gamma": 437.743970067718, "log10_alpha": 0.023584101458649087, "log10_colsample_bytree": -0.25078835835755486, "log10_eta": -1.4265351910844855, "log10_lambda": -4.5612723637934, "log10_min_child_weight": 3.0332704505967163, "log10_subsample": -0.1953916096925924, "max_depth": 5.0, "num_boost_round": 13.0}, "datetime": {"datetime": "2024-01-19 00:34:51", "elapsed": 1381.361743, "delta": 0.002302}}
{"target": -17.677227575173966, "params": {"gamma": 440.6486278252989, "log10_alpha": -1.9736254372263051, "log10_colsample_bytree": -0.18326968342947225, "log10_eta": -3.5856935505327647, "log10_lambda": -0.46752823681920574, "log10_min_child_weight": 3.140282888120856, "log10_subsample": -0.21968745370242027, "max_depth": 2.0, "num_boost_round": 0.0}, "datetime": {"datetime": "2024-01-19 00:35:14", "elapsed": 1404.792495, "delta": 23.430752}}
{"target": -17.677222198198034, "params": {"gamma": 440.6486278252989, "log10_alpha": -1.9736254372263051, "log10_colsample_bytree": -0.18326968342947225, "log10_eta": -3.5856935505327647, "log10_lambda": -0.46752823681920574, "log10_min_child_weight": 3.140282888120856, "log10_subsample": -0.21968745370242027, "max_depth": 2.0, "num_boost_round": 1.0}, "datetime": {"datetime": "2024-01-19 00:35:14", "elapsed": 1404.795237, "delta": 0.002742}}
{"target": -17.677213337468416, "params": {"gamma": 440.6486278252989, "log10_alpha": -1.9736254372263051, "log10_colsample_bytree": -0.18326968342947225, "log10_eta": -3.5856935505327647, "log10_lambda": -0.46752823681920574, "log10_min_child_weight": 3.140282888120856, "log10_subsample": -0.21968745370242027, "max_depth": 2.0, "num_boost_round": 2.0}, "datetime": {"datetime": "2024-01-19 00:35:14", "elapsed": 1404.797528, "delta": 0.002291}}
{"target": -17.677208694509293, "params": {"gamma": 440.6486278252989, "log10_alpha": -1.9736254372263051, "log10_colsample_bytree": -0.18326968342947225, "log10_eta": -3.5856935505327647, "log10_lambda": -0.46752823681920574, "log10_min_child_weight": 3.140282888120856, "log10_subsample": -0.21968745370242027, "max_depth": 2.0, "num_boost_round": 3.0}, "datetime": {"datetime": "2024-01-19 00:35:14", "elapsed": 1404.799833, "delta": 0.002305}}
{"target": -17.677200988023717, "params": {"gamma": 440.6486278252989, "log10_alpha": -1.9736254372263051, "log10_colsample_bytree": -0.18326968342947225, "log10_eta": -3.5856935505327647, "log10_lambda": -0.46752823681920574, "log10_min_child_weight": 3.140282888120856, "log10_subsample": -0.21968745370242027, "max_depth": 2.0, "num_boost_round": 4.0}, "datetime": {"datetime": "2024-01-19 00:35:15", "elapsed": 1404.802244, "delta": 0.002411}}
{"target": -17.677195602604602, "params": {"gamma": 440.6486278252989, "log10_alpha": -1.9736254372263051, "log10_colsample_bytree": -0.18326968342947225, "log10_eta": -3.5856935505327647, "log10_lambda": -0.46752823681920574, "log10_min_child_weight": 3.140282888120856, "log10_subsample": -0.21968745370242027, "max_depth": 2.0, "num_boost_round": 5.0}, "datetime": {"datetime": "2024-01-19 00:35:15", "elapsed": 1404.804514, "delta": 0.00227}}
{"target": -17.677190607059792, "params": {"gamma": 440.6486278252989, "log10_alpha": -1.9736254372263051, "log10_colsample_bytree": -0.18326968342947225, "log10_eta": -3.5856935505327647, "log10_lambda": -0.46752823681920574, "log10_min_child_weight": 3.140282888120856, "log10_subsample": -0.21968745370242027, "max_depth": 2.0, "num_boost_round": 6.0}, "datetime": {"datetime": "2024-01-19 00:35:15", "elapsed": 1404.806802, "delta": 0.002288}}
{"target": -17.677185262688564, "params": {"gamma": 440.6486278252989, "log10_alpha": -1.9736254372263051, "log10_colsample_bytree": -0.18326968342947225, "log10_eta": -3.5856935505327647, "log10_lambda": -0.46752823681920574, "log10_min_child_weight": 3.140282888120856, "log10_subsample": -0.21968745370242027, "max_depth": 2.0, "num_boost_round": 7.0}, "datetime": {"datetime": "2024-01-19 00:35:15", "elapsed": 1404.809062, "delta": 0.00226}}
{"target": -17.67717994943043, "params": {"gamma": 440.6486278252989, "log10_alpha": -1.9736254372263051, "log10_colsample_bytree": -0.18326968342947225, "log10_eta": -3.5856935505327647, "log10_lambda": -0.46752823681920574, "log10_min_child_weight": 3.140282888120856, "log10_subsample": -0.21968745370242027, "max_depth": 2.0, "num_boost_round": 8.0}, "datetime": {"datetime": "2024-01-19 00:35:15", "elapsed": 1404.811353, "delta": 0.002291}}
{"target": -17.67717468384543, "params": {"gamma": 440.6486278252989, "log10_alpha": -1.9736254372263051, "log10_colsample_bytree": -0.18326968342947225, "log10_eta": -3.5856935505327647, "log10_lambda": -0.46752823681920574, "log10_min_child_weight": 3.140282888120856, "log10_subsample": -0.21968745370242027, "max_depth": 2.0, "num_boost_round": 9.0}, "datetime": {"datetime": "2024-01-19 00:35:15", "elapsed": 1404.81365, "delta": 0.002297}}
{"target": -17.677169461204134, "params": {"gamma": 440.6486278252989, "log10_alpha": -1.9736254372263051, "log10_colsample_bytree": -0.18326968342947225, "log10_eta": -3.5856935505327647, "log10_lambda": -0.46752823681920574, "log10_min_child_weight": 3.140282888120856, "log10_subsample": -0.21968745370242027, "max_depth": 2.0, "num_boost_round": 10.0}, "datetime": {"datetime": "2024-01-19 00:35:15", "elapsed": 1404.815917, "delta": 0.002267}}
{"target": -17.677163987121226, "params": {"gamma": 440.6486278252989, "log10_alpha": -1.9736254372263051, "log10_colsample_bytree": -0.18326968342947225, "log10_eta": -3.5856935505327647, "log10_lambda": -0.46752823681920574, "log10_min_child_weight": 3.140282888120856, "log10_subsample": -0.21968745370242027, "max_depth": 2.0, "num_boost_round": 11.0}, "datetime": {"datetime": "2024-01-19 00:35:15", "elapsed": 1404.818172, "delta": 0.002255}}
{"target": -17.67715871782643, "params": {"gamma": 440.6486278252989, "log10_alpha": -1.9736254372263051, "log10_colsample_bytree": -0.18326968342947225, "log10_eta": -3.5856935505327647, "log10_lambda": -0.46752823681920574, "log10_min_child_weight": 3.140282888120856, "log10_subsample": -0.21968745370242027, "max_depth": 2.0, "num_boost_round": 12.0}, "datetime": {"datetime": "2024-01-19 00:35:15", "elapsed": 1404.820448, "delta": 0.002276}}
{"target": -17.677153374269718, "params": {"gamma": 440.6486278252989, "log10_alpha": -1.9736254372263051, "log10_colsample_bytree": -0.18326968342947225, "log10_eta": -3.5856935505327647, "log10_lambda": -0.46752823681920574, "log10_min_child_weight": 3.140282888120856, "log10_subsample": -0.21968745370242027, "max_depth": 2.0, "num_boost_round": 13.0}, "datetime": {"datetime": "2024-01-19 00:35:15", "elapsed": 1404.822834, "delta": 0.002386}}
{"target": -17.677147946221645, "params": {"gamma": 440.6486278252989, "log10_alpha": -1.9736254372263051, "log10_colsample_bytree": -0.18326968342947225, "log10_eta": -3.5856935505327647, "log10_lambda": -0.46752823681920574, "log10_min_child_weight": 3.140282888120856, "log10_subsample": -0.21968745370242027, "max_depth": 2.0, "num_boost_round": 14.0}, "datetime": {"datetime": "2024-01-19 00:35:15", "elapsed": 1404.825109, "delta": 0.002275}}
{"target": -17.677139349358185, "params": {"gamma": 440.6486278252989, "log10_alpha": -1.9736254372263051, "log10_colsample_bytree": -0.18326968342947225, "log10_eta": -3.5856935505327647, "log10_lambda": -0.46752823681920574, "log10_min_child_weight": 3.140282888120856, "log10_subsample": -0.21968745370242027, "max_depth": 2.0, "num_boost_round": 15.0}, "datetime": {"datetime": "2024-01-19 00:35:15", "elapsed": 1404.827397, "delta": 0.002288}}
{"target": -17.67713466366212, "params": {"gamma": 440.6486278252989, "log10_alpha": -1.9736254372263051, "log10_colsample_bytree": -0.18326968342947225, "log10_eta": -3.5856935505327647, "log10_lambda": -0.46752823681920574, "log10_min_child_weight": 3.140282888120856, "log10_subsample": -0.21968745370242027, "max_depth": 2.0, "num_boost_round": 16.0}, "datetime": {"datetime": "2024-01-19 00:35:15", "elapsed": 1404.829679, "delta": 0.002282}}
{"target": -17.677129557785808, "params": {"gamma": 440.6486278252989, "log10_alpha": -1.9736254372263051, "log10_colsample_bytree": -0.18326968342947225, "log10_eta": -3.5856935505327647, "log10_lambda": -0.46752823681920574, "log10_min_child_weight": 3.140282888120856, "log10_subsample": -0.21968745370242027, "max_depth": 2.0, "num_boost_round": 17.0}, "datetime": {"datetime": "2024-01-19 00:35:15", "elapsed": 1404.832317, "delta": 0.002638}}
{"target": -17.67694136301715, "params": {"gamma": 437.81336811708104, "log10_alpha": 0.26045112306296936, "log10_colsample_bytree": -0.37026890673363255, "log10_eta": -1.7205713155914375, "log10_lambda": -3.1261888191291183, "log10_min_child_weight": 4.723909623879172, "log10_subsample": -0.29068938332395244, "max_depth": 8.0, "num_boost_round": 0.0}, "datetime": {"datetime": "2024-01-19 00:35:44", "elapsed": 1434.22891, "delta": 29.396593}}
{"target": -17.676767900326908, "params": {"gamma": 437.81336811708104, "log10_alpha": 0.26045112306296936, "log10_colsample_bytree": -0.37026890673363255, "log10_eta": -1.7205713155914375, "log10_lambda": -3.1261888191291183, "log10_min_child_weight": 4.723909623879172, "log10_subsample": -0.29068938332395244, "max_depth": 8.0, "num_boost_round": 1.0}, "datetime": {"datetime": "2024-01-19 00:35:44", "elapsed": 1434.231794, "delta": 0.002884}}
{"target": -17.67671877377401, "params": {"gamma": 437.81336811708104, "log10_alpha": 0.26045112306296936, "log10_colsample_bytree": -0.37026890673363255, "log10_eta": -1.7205713155914375, "log10_lambda": -3.1261888191291183, "log10_min_child_weight": 4.723909623879172, "log10_subsample": -0.29068938332395244, "max_depth": 8.0, "num_boost_round": 2.0}, "datetime": {"datetime": "2024-01-19 00:35:44", "elapsed": 1434.234392, "delta": 0.002598}}
{"target": -17.676625596295835, "params": {"gamma": 437.81336811708104, "log10_alpha": 0.26045112306296936, "log10_colsample_bytree": -0.37026890673363255, "log10_eta": -1.7205713155914375, "log10_lambda": -3.1261888191291183, "log10_min_child_weight": 4.723909623879172, "log10_subsample": -0.29068938332395244, "max_depth": 8.0, "num_boost_round": 3.0}, "datetime": {"datetime": "2024-01-19 00:35:44", "elapsed": 1434.236689, "delta": 0.002297}}
{"target": -17.676481814775837, "params": {"gamma": 437.81336811708104, "log10_alpha": 0.26045112306296936, "log10_colsample_bytree": -0.37026890673363255, "log10_eta": -1.7205713155914375, "log10_lambda": -3.1261888191291183, "log10_min_child_weight": 4.723909623879172, "log10_subsample": -0.29068938332395244, "max_depth": 8.0, "num_boost_round": 4.0}, "datetime": {"datetime": "2024-01-19 00:35:44", "elapsed": 1434.239016, "delta": 0.002327}}
{"target": -17.676521336487987, "params": {"gamma": 437.81336811708104, "log10_alpha": 0.26045112306296936, "log10_colsample_bytree": -0.37026890673363255, "log10_eta": -1.7205713155914375, "log10_lambda": -3.1261888191291183, "log10_min_child_weight": 4.723909623879172, "log10_subsample": -0.29068938332395244, "max_depth": 8.0, "num_boost_round": 5.0}, "datetime": {"datetime": "2024-01-19 00:35:44", "elapsed": 1434.241301, "delta": 0.002285}}
{"target": -17.676478171293276, "params": {"gamma": 437.81336811708104, "log10_alpha": 0.26045112306296936, "log10_colsample_bytree": -0.37026890673363255, "log10_eta": -1.7205713155914375, "log10_lambda": -3.1261888191291183, "log10_min_child_weight": 4.723909623879172, "log10_subsample": -0.29068938332395244, "max_depth": 8.0, "num_boost_round": 6.0}, "datetime": {"datetime": "2024-01-19 00:35:44", "elapsed": 1434.243771, "delta": 0.00247}}
{"target": -17.676622032606943, "params": {"gamma": 437.81336811708104, "log10_alpha": 0.26045112306296936, "log10_colsample_bytree": -0.37026890673363255, "log10_eta": -1.7205713155914375, "log10_lambda": -3.1261888191291183, "log10_min_child_weight": 4.723909623879172, "log10_subsample": -0.29068938332395244, "max_depth": 8.0, "num_boost_round": 7.0}, "datetime": {"datetime": "2024-01-19 00:35:44", "elapsed": 1434.246198, "delta": 0.002427}}
{"target": -17.676426361416087, "params": {"gamma": 437.81336811708104, "log10_alpha": 0.26045112306296936, "log10_colsample_bytree": -0.37026890673363255, "log10_eta": -1.7205713155914375, "log10_lambda": -3.1261888191291183, "log10_min_child_weight": 4.723909623879172, "log10_subsample": -0.29068938332395244, "max_depth": 8.0, "num_boost_round": 8.0}, "datetime": {"datetime": "2024-01-19 00:35:44", "elapsed": 1434.24868, "delta": 0.002482}}
{"target": -17.676286334198885, "params": {"gamma": 437.81336811708104, "log10_alpha": 0.26045112306296936, "log10_colsample_bytree": -0.37026890673363255, "log10_eta": -1.7205713155914375, "log10_lambda": -3.1261888191291183, "log10_min_child_weight": 4.723909623879172, "log10_subsample": -0.29068938332395244, "max_depth": 8.0, "num_boost_round": 9.0}, "datetime": {"datetime": "2024-01-19 00:35:44", "elapsed": 1434.250988, "delta": 0.002308}}
{"target": -17.676363142525382, "params": {"gamma": 437.81336811708104, "log10_alpha": 0.26045112306296936, "log10_colsample_bytree": -0.37026890673363255, "log10_eta": -1.7205713155914375, "log10_lambda": -3.1261888191291183, "log10_min_child_weight": 4.723909623879172, "log10_subsample": -0.29068938332395244, "max_depth": 8.0, "num_boost_round": 10.0}, "datetime": {"datetime": "2024-01-19 00:35:44", "elapsed": 1434.253317, "delta": 0.002329}}
{"target": -17.676216998554903, "params": {"gamma": 437.81336811708104, "log10_alpha": 0.26045112306296936, "log10_colsample_bytree": -0.37026890673363255, "log10_eta": -1.7205713155914375, "log10_lambda": -3.1261888191291183, "log10_min_child_weight": 4.723909623879172, "log10_subsample": -0.29068938332395244, "max_depth": 8.0, "num_boost_round": 11.0}, "datetime": {"datetime": "2024-01-19 00:35:44", "elapsed": 1434.255622, "delta": 0.002305}}
{"target": -17.676294297044358, "params": {"gamma": 437.81336811708104, "log10_alpha": 0.26045112306296936, "log10_colsample_bytree": -0.37026890673363255, "log10_eta": -1.7205713155914375, "log10_lambda": -3.1261888191291183, "log10_min_child_weight": 4.723909623879172, "log10_subsample": -0.29068938332395244, "max_depth": 8.0, "num_boost_round": 12.0}, "datetime": {"datetime": "2024-01-19 00:35:44", "elapsed": 1434.257909, "delta": 0.002287}}
{"target": -17.676140758970725, "params": {"gamma": 437.81336811708104, "log10_alpha": 0.26045112306296936, "log10_colsample_bytree": -0.37026890673363255, "log10_eta": -1.7205713155914375, "log10_lambda": -3.1261888191291183, "log10_min_child_weight": 4.723909623879172, "log10_subsample": -0.29068938332395244, "max_depth": 8.0, "num_boost_round": 13.0}, "datetime": {"datetime": "2024-01-19 00:35:44", "elapsed": 1434.260206, "delta": 0.002297}}
{"target": -17.67625344667914, "params": {"gamma": 437.81336811708104, "log10_alpha": 0.26045112306296936, "log10_colsample_bytree": -0.37026890673363255, "log10_eta": -1.7205713155914375, "log10_lambda": -3.1261888191291183, "log10_min_child_weight": 4.723909623879172, "log10_subsample": -0.29068938332395244, "max_depth": 8.0, "num_boost_round": 14.0}, "datetime": {"datetime": "2024-01-19 00:35:44", "elapsed": 1434.262657, "delta": 0.002451}}
{"target": -17.67612088255062, "params": {"gamma": 437.81336811708104, "log10_alpha": 0.26045112306296936, "log10_colsample_bytree": -0.37026890673363255, "log10_eta": -1.7205713155914375, "log10_lambda": -3.1261888191291183, "log10_min_child_weight": 4.723909623879172, "log10_subsample": -0.29068938332395244, "max_depth": 8.0, "num_boost_round": 15.0}, "datetime": {"datetime": "2024-01-19 00:35:44", "elapsed": 1434.264978, "delta": 0.002321}}
{"target": -17.67606988332694, "params": {"gamma": 437.81336811708104, "log10_alpha": 0.26045112306296936, "log10_colsample_bytree": -0.37026890673363255, "log10_eta": -1.7205713155914375, "log10_lambda": -3.1261888191291183, "log10_min_child_weight": 4.723909623879172, "log10_subsample": -0.29068938332395244, "max_depth": 8.0, "num_boost_round": 16.0}, "datetime": {"datetime": "2024-01-19 00:35:44", "elapsed": 1434.267262, "delta": 0.002284}}
{"target": -17.67618077221426, "params": {"gamma": 437.81336811708104, "log10_alpha": 0.26045112306296936, "log10_colsample_bytree": -0.37026890673363255, "log10_eta": -1.7205713155914375, "log10_lambda": -3.1261888191291183, "log10_min_child_weight": 4.723909623879172, "log10_subsample": -0.29068938332395244, "max_depth": 8.0, "num_boost_round": 17.0}, "datetime": {"datetime": "2024-01-19 00:35:44", "elapsed": 1434.269595, "delta": 0.002333}}
{"target": -17.676102848828965, "params": {"gamma": 437.81336811708104, "log10_alpha": 0.26045112306296936, "log10_colsample_bytree": -0.37026890673363255, "log10_eta": -1.7205713155914375, "log10_lambda": -3.1261888191291183, "log10_min_child_weight": 4.723909623879172, "log10_subsample": -0.29068938332395244, "max_depth": 8.0, "num_boost_round": 18.0}, "datetime": {"datetime": "2024-01-19 00:35:44", "elapsed": 1434.271882, "delta": 0.002287}}
{"target": -17.67590569448895, "params": {"gamma": 437.81336811708104, "log10_alpha": 0.26045112306296936, "log10_colsample_bytree": -0.37026890673363255, "log10_eta": -1.7205713155914375, "log10_lambda": -3.1261888191291183, "log10_min_child_weight": 4.723909623879172, "log10_subsample": -0.29068938332395244, "max_depth": 8.0, "num_boost_round": 19.0}, "datetime": {"datetime": "2024-01-19 00:35:44", "elapsed": 1434.27426, "delta": 0.002378}}
{"target": -17.677185049592108, "params": {"gamma": 425.80718271273156, "log10_alpha": -4.60892669494398, "log10_colsample_bytree": -0.2794364640436382, "log10_eta": -3.167009393472323, "log10_lambda": -4.596890259915988, "log10_min_child_weight": 3.3412507796789215, "log10_subsample": -0.8244419886140983, "max_depth": 7.0, "num_boost_round": 0.0}, "datetime": {"datetime": "2024-01-19 00:36:10", "elapsed": 1460.413072, "delta": 26.138812}}
{"target": -17.677150111465146, "params": {"gamma": 425.80718271273156, "log10_alpha": -4.60892669494398, "log10_colsample_bytree": -0.2794364640436382, "log10_eta": -3.167009393472323, "log10_lambda": -4.596890259915988, "log10_min_child_weight": 3.3412507796789215, "log10_subsample": -0.8244419886140983, "max_depth": 7.0, "num_boost_round": 1.0}, "datetime": {"datetime": "2024-01-19 00:36:10", "elapsed": 1460.416899, "delta": 0.003827}}
