{"target": -17.677198800141188, "params": {"gamma": 547.6143360729834, "log10_alpha": 1.0, "log10_colsample_bytree": -1.0, "log10_eta": -4.0, "log10_lambda": -0.5074668996865507, "log10_min_child_weight": 2.93137526908409, "log10_subsample": 0.0, "max_depth": 2.0, "num_boost_round": 18.0}, "datetime": {"datetime": "2024-01-19 01:42:28", "elapsed": 5445.623298, "delta": 0.004774}}
{"target": -17.67719819320538, "params": {"gamma": 547.6143360729834, "log10_alpha": 1.0, "log10_colsample_bytree": -1.0, "log10_eta": -4.0, "log10_lambda": -0.5074668996865507, "log10_min_child_weight": 2.93137526908409, "log10_subsample": 0.0, "max_depth": 2.0, "num_boost_round": 19.0}, "datetime": {"datetime": "2024-01-19 01:42:28", "elapsed": 5445.628015, "delta": 0.004717}}
{"target": -17.677197449466405, "params": {"gamma": 547.6143360729834, "log10_alpha": 1.0, "log10_colsample_bytree": -1.0, "log10_eta": -4.0, "log10_lambda": -0.5074668996865507, "log10_min_child_weight": 2.93137526908409, "log10_subsample": 0.0, "max_depth": 2.0, "num_boost_round": 20.0}, "datetime": {"datetime": "2024-01-19 01:42:28", "elapsed": 5445.632882, "delta": 0.004867}}
{"target": -17.677194216862993, "params": {"gamma": 547.6143360729834, "log10_alpha": 1.0, "log10_colsample_bytree": -1.0, "log10_eta": -4.0, "log10_lambda": -0.5074668996865507, "log10_min_child_weight": 2.93137526908409, "log10_subsample": 0.0, "max_depth": 2.0, "num_boost_round": 21.0}, "datetime": {"datetime": "2024-01-19 01:42:28", "elapsed": 5445.637671, "delta": 0.004789}}
{"target": -17.67719254175678, "params": {"gamma": 547.6143360729834, "log10_alpha": 1.0, "log10_colsample_bytree": -1.0, "log10_eta": -4.0, "log10_lambda": -0.5074668996865507, "log10_min_child_weight": 2.93137526908409, "log10_subsample": 0.0, "max_depth": 2.0, "num_boost_round": 22.0}, "datetime": {"datetime": "2024-01-19 01:42:28", "elapsed": 5445.642599, "delta": 0.004928}}
{"target": -17.67718809461975, "params": {"gamma": 547.6143360729834, "log10_alpha": 1.0, "log10_colsample_bytree": -1.0, "log10_eta": -4.0, "log10_lambda": -0.5074668996865507, "log10_min_child_weight": 2.93137526908409, "log10_subsample": 0.0, "max_depth": 2.0, "num_boost_round": 23.0}, "datetime": {"datetime": "2024-01-19 01:42:28", "elapsed": 5445.647292, "delta": 0.004693}}
{"target": -17.677188609563878, "params": {"gamma": 547.6143360729834, "log10_alpha": 1.0, "log10_colsample_bytree": -1.0, "log10_eta": -4.0, "log10_lambda": -0.5074668996865507, "log10_min_child_weight": 2.93137526908409, "log10_subsample": 0.0, "max_depth": 2.0, "num_boost_round": 24.0}, "datetime": {"datetime": "2024-01-19 01:42:28", "elapsed": 5445.652208, "delta": 0.004916}}
{"target": -17.677186246065617, "params": {"gamma": 547.6143360729834, "log10_alpha": 1.0, "log10_colsample_bytree": -1.0, "log10_eta": -4.0, "log10_lambda": -0.5074668996865507, "log10_min_child_weight": 2.93137526908409, "log10_subsample": 0.0, "max_depth": 2.0, "num_boost_round": 25.0}, "datetime": {"datetime": "2024-01-19 01:42:28", "elapsed": 5445.656909, "delta": 0.004701}}
{"target": -17.677185227002223, "params": {"gamma": 547.6143360729834, "log10_alpha": 1.0, "log10_colsample_bytree": -1.0, "log10_eta": -4.0, "log10_lambda": -0.5074668996865507, "log10_min_child_weight": 2.93137526908409, "log10_subsample": 0.0, "max_depth": 2.0, "num_boost_round": 26.0}, "datetime": {"datetime": "2024-01-19 01:42:28", "elapsed": 5445.661774, "delta": 0.004865}}
{"target": -17.6771832359722, "params": {"gamma": 547.6143360729834, "log10_alpha": 1.0, "log10_colsample_bytree": -1.0, "log10_eta": -4.0, "log10_lambda": -0.5074668996865507, "log10_min_child_weight": 2.93137526908409, "log10_subsample": 0.0, "max_depth": 2.0, "num_boost_round": 27.0}, "datetime": {"datetime": "2024-01-19 01:42:28", "elapsed": 5445.666548, "delta": 0.004774}}
{"target": -17.67718141621149, "params": {"gamma": 547.6143360729834, "log10_alpha": 1.0, "log10_colsample_bytree": -1.0, "log10_eta": -4.0, "log10_lambda": -0.5074668996865507, "log10_min_child_weight": 2.93137526908409, "log10_subsample": 0.0, "max_depth": 2.0, "num_boost_round": 28.0}, "datetime": {"datetime": "2024-01-19 01:42:28", "elapsed": 5445.671304, "delta": 0.004756}}
{"target": -17.67717990629657, "params": {"gamma": 547.6143360729834, "log10_alpha": 1.0, "log10_colsample_bytree": -1.0, "log10_eta": -4.0, "log10_lambda": -0.5074668996865507, "log10_min_child_weight": 2.93137526908409, "log10_subsample": 0.0, "max_depth": 2.0, "num_boost_round": 29.0}, "datetime": {"datetime": "2024-01-19 01:42:28", "elapsed": 5445.675968, "delta": 0.004664}}
{"target": -17.677179583276377, "params": {"gamma": 547.6143360729834, "log10_alpha": 1.0, "log10_colsample_bytree": -1.0, "log10_eta": -4.0, "log10_lambda": -0.5074668996865507, "log10_min_child_weight": 2.93137526908409, "log10_subsample": 0.0, "max_depth": 2.0, "num_boost_round": 30.0}, "datetime": {"datetime": "2024-01-19 01:42:28", "elapsed": 5445.680614, "delta": 0.004646}}
{"target": -17.677176988291638, "params": {"gamma": 547.6143360729834, "log10_alpha": 1.0, "log10_colsample_bytree": -1.0, "log10_eta": -4.0, "log10_lambda": -0.5074668996865507, "log10_min_child_weight": 2.93137526908409, "log10_subsample": 0.0, "max_depth": 2.0, "num_boost_round": 31.0}, "datetime": {"datetime": "2024-01-19 01:42:28", "elapsed": 5445.685275, "delta": 0.004661}}
{"target": -17.6771751553552, "params": {"gamma": 547.6143360729834, "log10_alpha": 1.0, "log10_colsample_bytree": -1.0, "log10_eta": -4.0, "log10_lambda": -0.5074668996865507, "log10_min_child_weight": 2.93137526908409, "log10_subsample": 0.0, "max_depth": 2.0, "num_boost_round": 32.0}, "datetime": {"datetime": "2024-01-19 01:42:28", "elapsed": 5445.69003, "delta": 0.004755}}
{"target": -17.677172859627746, "params": {"gamma": 547.6143360729834, "log10_alpha": 1.0, "log10_colsample_bytree": -1.0, "log10_eta": -4.0, "log10_lambda": -0.5074668996865507, "log10_min_child_weight": 2.93137526908409, "log10_subsample": 0.0, "max_depth": 2.0, "num_boost_round": 33.0}, "datetime": {"datetime": "2024-01-19 01:42:28", "elapsed": 5445.694733, "delta": 0.004703}}
{"target": -17.67715689448796, "params": {"gamma": 619.8792874596504, "log10_alpha": 0.7097953438562437, "log10_colsample_bytree": -0.5903676471626509, "log10_eta": -2.325459956675432, "log10_lambda": -4.897844778899294, "log10_min_child_weight": 4.596133625808384, "log10_subsample": -0.3254430432893918, "max_depth": 9.0, "num_boost_round": 0.0}, "datetime": {"datetime": "2024-01-19 01:43:23", "elapsed": 5501.04584, "delta": 55.351107}}
{"target": -17.677116853171214, "params": {"gamma": 619.8792874596504, "log10_alpha": 0.7097953438562437, "log10_colsample_bytree": -0.5903676471626509, "log10_eta": -2.325459956675432, "log10_lambda": -4.897844778899294, "log10_min_child_weight": 4.596133625808384, "log10_subsample": -0.3254430432893918, "max_depth": 9.0, "num_boost_round": 1.0}, "datetime": {"datetime": "2024-01-19 01:43:23", "elapsed": 5501.050948, "delta": 0.005108}}
{"target": -17.67707427526029, "params": {"gamma": 619.8792874596504, "log10_alpha": 0.7097953438562437, "log10_colsample_bytree": -0.5903676471626509, "log10_eta": -2.325459956675432, "log10_lambda": -4.897844778899294, "log10_min_child_weight": 4.596133625808384, "log10_subsample": -0.3254430432893918, "max_depth": 9.0, "num_boost_round": 2.0}, "datetime": {"datetime": "2024-01-19 01:43:23", "elapsed": 5501.055834, "delta": 0.004886}}
{"target": -17.677036948527043, "params": {"gamma": 619.8792874596504, "log10_alpha": 0.7097953438562437, "log10_colsample_bytree": -0.5903676471626509, "log10_eta": -2.325459956675432, "log10_lambda": -4.897844778899294, "log10_min_child_weight": 4.596133625808384, "log10_subsample": -0.3254430432893918, "max_depth": 9.0, "num_boost_round": 3.0}, "datetime": {"datetime": "2024-01-19 01:43:23", "elapsed": 5501.060626, "delta": 0.004792}}
{"target": -17.677013362701665, "params": {"gamma": 619.8792874596504, "log10_alpha": 0.7097953438562437, "log10_colsample_bytree": -0.5903676471626509, "log10_eta": -2.325459956675432, "log10_lambda": -4.897844778899294, "log10_min_child_weight": 4.596133625808384, "log10_subsample": -0.3254430432893918, "max_depth": 9.0, "num_boost_round": 4.0}, "datetime": {"datetime": "2024-01-19 01:43:23", "elapsed": 5501.06555, "delta": 0.004924}}
{"target": -17.677035091351787, "params": {"gamma": 619.8792874596504, "log10_alpha": 0.7097953438562437, "log10_colsample_bytree": -0.5903676471626509, "log10_eta": -2.325459956675432, "log10_lambda": -4.897844778899294, "log10_min_child_weight": 4.596133625808384, "log10_subsample": -0.3254430432893918, "max_depth": 9.0, "num_boost_round": 5.0}, "datetime": {"datetime": "2024-01-19 01:43:23", "elapsed": 5501.070348, "delta": 0.004798}}
{"target": -17.67703323503342, "params": {"gamma": 619.8792874596504, "log10_alpha": 0.7097953438562437, "log10_colsample_bytree": -0.5903676471626509, "log10_eta": -2.325459956675432, "log10_lambda": -4.897844778899294, "log10_min_child_weight": 4.596133625808384, "log10_subsample": -0.3254430432893918, "max_depth": 9.0, "num_boost_round": 6.0}, "datetime": {"datetime": "2024-01-19 01:43:23", "elapsed": 5501.075121, "delta": 0.004773}}
{"target": -17.677001151328223, "params": {"gamma": 619.8792874596504, "log10_alpha": 0.7097953438562437, "log10_colsample_bytree": -0.5903676471626509, "log10_eta": -2.325459956675432, "log10_lambda": -4.897844778899294, "log10_min_child_weight": 4.596133625808384, "log10_subsample": -0.3254430432893918, "max_depth": 9.0, "num_boost_round": 7.0}, "datetime": {"datetime": "2024-01-19 01:43:23", "elapsed": 5501.079969, "delta": 0.004848}}
{"target": -17.67694921080119, "params": {"gamma": 619.8792874596504, "log10_alpha": 0.7097953438562437, "log10_colsample_bytree": -0.5903676471626509, "log10_eta": -2.325459956675432, "log10_lambda": -4.897844778899294, "log10_min_child_weight": 4.596133625808384, "log10_subsample": -0.3254430432893918, "max_depth": 9.0, "num_boost_round": 8.0}, "datetime": {"datetime": "2024-01-19 01:43:23", "elapsed": 5501.084974, "delta": 0.005005}}
{"target": -17.67691553858759, "params": {"gamma": 619.8792874596504, "log10_alpha": 0.7097953438562437, "log10_colsample_bytree": -0.5903676471626509, "log10_eta": -2.325459956675432, "log10_lambda": -4.897844778899294, "log10_min_child_weight": 4.596133625808384, "log10_subsample": -0.3254430432893918, "max_depth": 9.0, "num_boost_round": 9.0}, "datetime": {"datetime": "2024-01-19 01:43:23", "elapsed": 5501.089817, "delta": 0.004843}}
{"target": -17.67685978037609, "params": {"gamma": 619.8792874596504, "log10_alpha": 0.7097953438562437, "log10_colsample_bytree": -0.5903676471626509, "log10_eta": -2.325459956675432, "log10_lambda": -4.897844778899294, "log10_min_child_weight": 4.596133625808384, "log10_subsample": -0.3254430432893918, "max_depth": 9.0, "num_boost_round": 10.0}, "datetime": {"datetime": "2024-01-19 01:43:23", "elapsed": 5501.094628, "delta": 0.004811}}
{"target": -17.676794795188886, "params": {"gamma": 619.8792874596504, "log10_alpha": 0.7097953438562437, "log10_colsample_bytree": -0.5903676471626509, "log10_eta": -2.325459956675432, "log10_lambda": -4.897844778899294, "log10_min_child_weight": 4.596133625808384, "log10_subsample": -0.3254430432893918, "max_depth": 9.0, "num_boost_round": 11.0}, "datetime": {"datetime": "2024-01-19 01:43:23", "elapsed": 5501.099406, "delta": 0.004778}}
{"target": -17.67676406854975, "params": {"gamma": 619.8792874596504, "log10_alpha": 0.7097953438562437, "log10_colsample_bytree": -0.5903676471626509, "log10_eta": -2.325459956675432, "log10_lambda": -4.897844778899294, "log10_min_child_weight": 4.596133625808384, "log10_subsample": -0.3254430432893918, "max_depth": 9.0, "num_boost_round": 12.0}, "datetime": {"datetime": "2024-01-19 01:43:23", "elapsed": 5501.1044, "delta": 0.004994}}
{"target": -17.676758802642972, "params": {"gamma": 619.8792874596504, "log10_alpha": 0.7097953438562437, "log10_colsample_bytree": -0.5903676471626509, "log10_eta": -2.325459956675432, "log10_lambda": -4.897844778899294, "log10_min_child_weight": 4.596133625808384, "log10_subsample": -0.3254430432893918, "max_depth": 9.0, "num_boost_round": 13.0}, "datetime": {"datetime": "2024-01-19 01:43:23", "elapsed": 5501.109248, "delta": 0.004848}}
{"target": -17.676736458108042, "params": {"gamma": 619.8792874596504, "log10_alpha": 0.7097953438562437, "log10_colsample_bytree": -0.5903676471626509, "log10_eta": -2.325459956675432, "log10_lambda": -4.897844778899294, "log10_min_child_weight": 4.596133625808384, "log10_subsample": -0.3254430432893918, "max_depth": 9.0, "num_boost_round": 14.0}, "datetime": {"datetime": "2024-01-19 01:43:23", "elapsed": 5501.11405, "delta": 0.004802}}
{"target": -17.6766626704559, "params": {"gamma": 619.8792874596504, "log10_alpha": 0.7097953438562437, "log10_colsample_bytree": -0.5903676471626509, "log10_eta": -2.325459956675432, "log10_lambda": -4.897844778899294, "log10_min_child_weight": 4.596133625808384, "log10_subsample": -0.3254430432893918, "max_depth": 9.0, "num_boost_round": 15.0}, "datetime": {"datetime": "2024-01-19 01:43:23", "elapsed": 5501.118796, "delta": 0.004746}}
{"target": -17.676637342313185, "params": {"gamma": 619.8792874596504, "log10_alpha": 0.7097953438562437, "log10_colsample_bytree": -0.5903676471626509, "log10_eta": -2.325459956675432, "log10_lambda": -4.897844778899294, "log10_min_child_weight": 4.596133625808384, "log10_subsample": -0.3254430432893918, "max_depth": 9.0, "num_boost_round": 16.0}, "datetime": {"datetime": "2024-01-19 01:43:23", "elapsed": 5501.123798, "delta": 0.005002}}
{"target": -17.676622937101293, "params": {"gamma": 619.8792874596504, "log10_alpha": 0.7097953438562437, "log10_colsample_bytree": -0.5903676471626509, "log10_eta": -2.325459956675432, "log10_lambda": -4.897844778899294, "log10_min_child_weight": 4.596133625808384, "log10_subsample": -0.3254430432893918, "max_depth": 9.0, "num_boost_round": 17.0}, "datetime": {"datetime": "2024-01-19 01:43:23", "elapsed": 5501.128615, "delta": 0.004817}}
{"target": -17.676578977674428, "params": {"gamma": 619.8792874596504, "log10_alpha": 0.7097953438562437, "log10_colsample_bytree": -0.5903676471626509, "log10_eta": -2.325459956675432, "log10_lambda": -4.897844778899294, "log10_min_child_weight": 4.596133625808384, "log10_subsample": -0.3254430432893918, "max_depth": 9.0, "num_boost_round": 18.0}, "datetime": {"datetime": "2024-01-19 01:43:23", "elapsed": 5501.13362, "delta": 0.005005}}
{"target": -17.676518119414272, "params": {"gamma": 619.8792874596504, "log10_alpha": 0.7097953438562437, "log10_colsample_bytree": -0.5903676471626509, "log10_eta": -2.325459956675432, "log10_lambda": -4.897844778899294, "log10_min_child_weight": 4.596133625808384, "log10_subsample": -0.3254430432893918, "max_depth": 9.0, "num_boost_round": 19.0}, "datetime": {"datetime": "2024-01-19 01:43:23", "elapsed": 5501.138537, "delta": 0.004917}}
{"target": -17.676520372520134, "params": {"gamma": 619.8792874596504, "log10_alpha": 0.7097953438562437, "log10_colsample_bytree": -0.5903676471626509, "log10_eta": -2.325459956675432, "log10_lambda": -4.897844778899294, "log10_min_child_weight": 4.596133625808384, "log10_subsample": -0.3254430432893918, "max_depth": 9.0, "num_boost_round": 20.0}, "datetime": {"datetime": "2024-01-19 01:43:23", "elapsed": 5501.143614, "delta": 0.005077}}
{"target": -17.676578017684555, "params": {"gamma": 619.8792874596504, "log10_alpha": 0.7097953438562437, "log10_colsample_bytree": -0.5903676471626509, "log10_eta": -2.325459956675432, "log10_lambda": -4.897844778899294, "log10_min_child_weight": 4.596133625808384, "log10_subsample": -0.3254430432893918, "max_depth": 9.0, "num_boost_round": 21.0}, "datetime": {"datetime": "2024-01-19 01:43:23", "elapsed": 5501.148516, "delta": 0.004902}}
{"target": -17.67656936732138, "params": {"gamma": 619.8792874596504, "log10_alpha": 0.7097953438562437, "log10_colsample_bytree": -0.5903676471626509, "log10_eta": -2.325459956675432, "log10_lambda": -4.897844778899294, "log10_min_child_weight": 4.596133625808384, "log10_subsample": -0.3254430432893918, "max_depth": 9.0, "num_boost_round": 22.0}, "datetime": {"datetime": "2024-01-19 01:43:23", "elapsed": 5501.153381, "delta": 0.004865}}
{"target": -17.676508486306034, "params": {"gamma": 619.8792874596504, "log10_alpha": 0.7097953438562437, "log10_colsample_bytree": -0.5903676471626509, "log10_eta": -2.325459956675432, "log10_lambda": -4.897844778899294, "log10_min_child_weight": 4.596133625808384, "log10_subsample": -0.3254430432893918, "max_depth": 9.0, "num_boost_round": 23.0}, "datetime": {"datetime": "2024-01-19 01:43:23", "elapsed": 5501.158364, "delta": 0.004983}}
{"target": -17.67652530342507, "params": {"gamma": 619.8792874596504, "log10_alpha": 0.7097953438562437, "log10_colsample_bytree": -0.5903676471626509, "log10_eta": -2.325459956675432, "log10_lambda": -4.897844778899294, "log10_min_child_weight": 4.596133625808384, "log10_subsample": -0.3254430432893918, "max_depth": 9.0, "num_boost_round": 24.0}, "datetime": {"datetime": "2024-01-19 01:43:23", "elapsed": 5501.163425, "delta": 0.005061}}
{"target": -17.676509858379504, "params": {"gamma": 619.8792874596504, "log10_alpha": 0.7097953438562437, "log10_colsample_bytree": -0.5903676471626509, "log10_eta": -2.325459956675432, "log10_lambda": -4.897844778899294, "log10_min_child_weight": 4.596133625808384, "log10_subsample": -0.3254430432893918, "max_depth": 9.0, "num_boost_round": 25.0}, "datetime": {"datetime": "2024-01-19 01:43:23", "elapsed": 5501.168212, "delta": 0.004787}}
{"target": -17.676503968984505, "params": {"gamma": 619.8792874596504, "log10_alpha": 0.7097953438562437, "log10_colsample_bytree": -0.5903676471626509, "log10_eta": -2.325459956675432, "log10_lambda": -4.897844778899294, "log10_min_child_weight": 4.596133625808384, "log10_subsample": -0.3254430432893918, "max_depth": 9.0, "num_boost_round": 26.0}, "datetime": {"datetime": "2024-01-19 01:43:23", "elapsed": 5501.172991, "delta": 0.004779}}
{"target": -17.676482459511647, "params": {"gamma": 619.8792874596504, "log10_alpha": 0.7097953438562437, "log10_colsample_bytree": -0.5903676471626509, "log10_eta": -2.325459956675432, "log10_lambda": -4.897844778899294, "log10_min_child_weight": 4.596133625808384, "log10_subsample": -0.3254430432893918, "max_depth": 9.0, "num_boost_round": 27.0}, "datetime": {"datetime": "2024-01-19 01:43:23", "elapsed": 5501.177782, "delta": 0.004791}}
{"target": -17.676471210434887, "params": {"gamma": 619.8792874596504, "log10_alpha": 0.7097953438562437, "log10_colsample_bytree": -0.5903676471626509, "log10_eta": -2.325459956675432, "log10_lambda": -4.897844778899294, "log10_min_child_weight": 4.596133625808384, "log10_subsample": -0.3254430432893918, "max_depth": 9.0, "num_boost_round": 28.0}, "datetime": {"datetime": "2024-01-19 01:43:23", "elapsed": 5501.18273, "delta": 0.004948}}
{"target": -17.676478139038416, "params": {"gamma": 619.8792874596504, "log10_alpha": 0.7097953438562437, "log10_colsample_bytree": -0.5903676471626509, "log10_eta": -2.325459956675432, "log10_lambda": -4.897844778899294, "log10_min_child_weight": 4.596133625808384, "log10_subsample": -0.3254430432893918, "max_depth": 9.0, "num_boost_round": 29.0}, "datetime": {"datetime": "2024-01-19 01:43:23", "elapsed": 5501.187514, "delta": 0.004784}}
{"target": -17.676417685863104, "params": {"gamma": 619.8792874596504, "log10_alpha": 0.7097953438562437, "log10_colsample_bytree": -0.5903676471626509, "log10_eta": -2.325459956675432, "log10_lambda": -4.897844778899294, "log10_min_child_weight": 4.596133625808384, "log10_subsample": -0.3254430432893918, "max_depth": 9.0, "num_boost_round": 30.0}, "datetime": {"datetime": "2024-01-19 01:43:23", "elapsed": 5501.192337, "delta": 0.004823}}
{"target": -17.676390835434887, "params": {"gamma": 619.8792874596504, "log10_alpha": 0.7097953438562437, "log10_colsample_bytree": -0.5903676471626509, "log10_eta": -2.325459956675432, "log10_lambda": -4.897844778899294, "log10_min_child_weight": 4.596133625808384, "log10_subsample": -0.3254430432893918, "max_depth": 9.0, "num_boost_round": 31.0}, "datetime": {"datetime": "2024-01-19 01:43:23", "elapsed": 5501.197147, "delta": 0.00481}}
{"target": -17.676362806165788, "params": {"gamma": 619.8792874596504, "log10_alpha": 0.7097953438562437, "log10_colsample_bytree": -0.5903676471626509, "log10_eta": -2.325459956675432, "log10_lambda": -4.897844778899294, "log10_min_child_weight": 4.596133625808384, "log10_subsample": -0.3254430432893918, "max_depth": 9.0, "num_boost_round": 32.0}, "datetime": {"datetime": "2024-01-19 01:43:23", "elapsed": 5501.202125, "delta": 0.004978}}
{"target": -17.676384520147387, "params": {"gamma": 619.8792874596504, "log10_alpha": 0.7097953438562437, "log10_colsample_bytree": -0.5903676471626509, "log10_eta": -2.325459956675432, "log10_lambda": -4.897844778899294, "log10_min_child_weight": 4.596133625808384, "log10_subsample": -0.3254430432893918, "max_depth": 9.0, "num_boost_round": 33.0}, "datetime": {"datetime": "2024-01-19 01:43:23", "elapsed": 5501.206905, "delta": 0.00478}}
{"target": -17.676486412027717, "params": {"gamma": 619.8792874596504, "log10_alpha": 0.7097953438562437, "log10_colsample_bytree": -0.5903676471626509, "log10_eta": -2.325459956675432, "log10_lambda": -4.897844778899294, "log10_min_child_weight": 4.596133625808384, "log10_subsample": -0.3254430432893918, "max_depth": 9.0, "num_boost_round": 34.0}, "datetime": {"datetime": "2024-01-19 01:43:23", "elapsed": 5501.211686, "delta": 0.004781}}
