{"target": -17.67715750543018, "params": {"gamma": 425.1132939509734, "log10_alpha": -1.186757012807326, "log10_colsample_bytree": -0.6333418647139533, "log10_eta": -3.149520522633278, "log10_lambda": -1.7314033675281548, "log10_min_child_weight": 4.3800658455408605, "log10_subsample": -0.9091393953619112, "max_depth": 6.0, "num_boost_round": 17.0}, "datetime": {"datetime": "2024-01-19 01:58:27", "elapsed": 6411.656682, "delta": 0.004173}}
{"target": -17.677146409233224, "params": {"gamma": 425.1132939509734, "log10_alpha": -1.186757012807326, "log10_colsample_bytree": -0.6333418647139533, "log10_eta": -3.149520522633278, "log10_lambda": -1.7314033675281548, "log10_min_child_weight": 4.3800658455408605, "log10_subsample": -0.9091393953619112, "max_depth": 6.0, "num_boost_round": 18.0}, "datetime": {"datetime": "2024-01-19 01:58:27", "elapsed": 6411.661002, "delta": 0.00432}}
{"target": -17.677136408447886, "params": {"gamma": 425.1132939509734, "log10_alpha": -1.186757012807326, "log10_colsample_bytree": -0.6333418647139533, "log10_eta": -3.149520522633278, "log10_lambda": -1.7314033675281548, "log10_min_child_weight": 4.3800658455408605, "log10_subsample": -0.9091393953619112, "max_depth": 6.0, "num_boost_round": 19.0}, "datetime": {"datetime": "2024-01-19 01:58:27", "elapsed": 6411.665182, "delta": 0.00418}}
{"target": -17.67713352680065, "params": {"gamma": 425.1132939509734, "log10_alpha": -1.186757012807326, "log10_colsample_bytree": -0.6333418647139533, "log10_eta": -3.149520522633278, "log10_lambda": -1.7314033675281548, "log10_min_child_weight": 4.3800658455408605, "log10_subsample": -0.9091393953619112, "max_depth": 6.0, "num_boost_round": 20.0}, "datetime": {"datetime": "2024-01-19 01:58:27", "elapsed": 6411.669417, "delta": 0.004235}}
{"target": -17.677229641612787, "params": {"gamma": 428.89933809726267, "log10_alpha": -1.691364022817881, "log10_colsample_bytree": -0.6374548301510468, "log10_eta": -3.915352103400847, "log10_lambda": 0.5412783930611642, "log10_min_child_weight": 1.1016967932996398, "log10_subsample": -0.7018131721899865, "max_depth": 2.0, "num_boost_round": 0.0}, "datetime": {"datetime": "2024-01-19 02:00:22", "elapsed": 6527.156144, "delta": 115.486727}}
{"target": -17.677226926547437, "params": {"gamma": 428.89933809726267, "log10_alpha": -1.691364022817881, "log10_colsample_bytree": -0.6374548301510468, "log10_eta": -3.915352103400847, "log10_lambda": 0.5412783930611642, "log10_min_child_weight": 1.1016967932996398, "log10_subsample": -0.7018131721899865, "max_depth": 2.0, "num_boost_round": 1.0}, "datetime": {"datetime": "2024-01-19 02:00:22", "elapsed": 6527.160558, "delta": 0.004414}}
{"target": -17.677223372094307, "params": {"gamma": 428.89933809726267, "log10_alpha": -1.691364022817881, "log10_colsample_bytree": -0.6374548301510468, "log10_eta": -3.915352103400847, "log10_lambda": 0.5412783930611642, "log10_min_child_weight": 1.1016967932996398, "log10_subsample": -0.7018131721899865, "max_depth": 2.0, "num_boost_round": 2.0}, "datetime": {"datetime": "2024-01-19 02:00:22", "elapsed": 6527.164701, "delta": 0.004143}}
{"target": -17.67722147232244, "params": {"gamma": 428.89933809726267, "log10_alpha": -1.691364022817881, "log10_colsample_bytree": -0.6374548301510468, "log10_eta": -3.915352103400847, "log10_lambda": 0.5412783930611642, "log10_min_child_weight": 1.1016967932996398, "log10_subsample": -0.7018131721899865, "max_depth": 2.0, "num_boost_round": 3.0}, "datetime": {"datetime": "2024-01-19 02:00:22", "elapsed": 6527.168774, "delta": 0.004073}}
{"target": -17.677220494073847, "params": {"gamma": 428.89933809726267, "log10_alpha": -1.691364022817881, "log10_colsample_bytree": -0.6374548301510468, "log10_eta": -3.915352103400847, "log10_lambda": 0.5412783930611642, "log10_min_child_weight": 1.1016967932996398, "log10_subsample": -0.7018131721899865, "max_depth": 2.0, "num_boost_round": 4.0}, "datetime": {"datetime": "2024-01-19 02:00:22", "elapsed": 6527.173034, "delta": 0.00426}}
{"target": -17.677218490689224, "params": {"gamma": 428.89933809726267, "log10_alpha": -1.691364022817881, "log10_colsample_bytree": -0.6374548301510468, "log10_eta": -3.915352103400847, "log10_lambda": 0.5412783930611642, "log10_min_child_weight": 1.1016967932996398, "log10_subsample": -0.7018131721899865, "max_depth": 2.0, "num_boost_round": 5.0}, "datetime": {"datetime": "2024-01-19 02:00:22", "elapsed": 6527.177227, "delta": 0.004193}}
{"target": -17.677214255754492, "params": {"gamma": 428.89933809726267, "log10_alpha": -1.691364022817881, "log10_colsample_bytree": -0.6374548301510468, "log10_eta": -3.915352103400847, "log10_lambda": 0.5412783930611642, "log10_min_child_weight": 1.1016967932996398, "log10_subsample": -0.7018131721899865, "max_depth": 2.0, "num_boost_round": 6.0}, "datetime": {"datetime": "2024-01-19 02:00:22", "elapsed": 6527.181465, "delta": 0.004238}}
{"target": -17.67720999528979, "params": {"gamma": 428.89933809726267, "log10_alpha": -1.691364022817881, "log10_colsample_bytree": -0.6374548301510468, "log10_eta": -3.915352103400847, "log10_lambda": 0.5412783930611642, "log10_min_child_weight": 1.1016967932996398, "log10_subsample": -0.7018131721899865, "max_depth": 2.0, "num_boost_round": 7.0}, "datetime": {"datetime": "2024-01-19 02:00:22", "elapsed": 6527.185574, "delta": 0.004109}}
{"target": -17.677207398475577, "params": {"gamma": 428.89933809726267, "log10_alpha": -1.691364022817881, "log10_colsample_bytree": -0.6374548301510468, "log10_eta": -3.915352103400847, "log10_lambda": 0.5412783930611642, "log10_min_child_weight": 1.1016967932996398, "log10_subsample": -0.7018131721899865, "max_depth": 2.0, "num_boost_round": 8.0}, "datetime": {"datetime": "2024-01-19 02:00:22", "elapsed": 6527.189719, "delta": 0.004145}}
{"target": -17.677202966493432, "params": {"gamma": 428.89933809726267, "log10_alpha": -1.691364022817881, "log10_colsample_bytree": -0.6374548301510468, "log10_eta": -3.915352103400847, "log10_lambda": 0.5412783930611642, "log10_min_child_weight": 1.1016967932996398, "log10_subsample": -0.7018131721899865, "max_depth": 2.0, "num_boost_round": 9.0}, "datetime": {"datetime": "2024-01-19 02:00:22", "elapsed": 6527.193866, "delta": 0.004147}}
{"target": -17.677200528022745, "params": {"gamma": 428.89933809726267, "log10_alpha": -1.691364022817881, "log10_colsample_bytree": -0.6374548301510468, "log10_eta": -3.915352103400847, "log10_lambda": 0.5412783930611642, "log10_min_child_weight": 1.1016967932996398, "log10_subsample": -0.7018131721899865, "max_depth": 2.0, "num_boost_round": 10.0}, "datetime": {"datetime": "2024-01-19 02:00:22", "elapsed": 6527.197919, "delta": 0.004053}}
{"target": -17.67719772090674, "params": {"gamma": 428.89933809726267, "log10_alpha": -1.691364022817881, "log10_colsample_bytree": -0.6374548301510468, "log10_eta": -3.915352103400847, "log10_lambda": 0.5412783930611642, "log10_min_child_weight": 1.1016967932996398, "log10_subsample": -0.7018131721899865, "max_depth": 2.0, "num_boost_round": 11.0}, "datetime": {"datetime": "2024-01-19 02:00:22", "elapsed": 6527.202006, "delta": 0.004087}}
{"target": -17.677195851833797, "params": {"gamma": 428.89933809726267, "log10_alpha": -1.691364022817881, "log10_colsample_bytree": -0.6374548301510468, "log10_eta": -3.915352103400847, "log10_lambda": 0.5412783930611642, "log10_min_child_weight": 1.1016967932996398, "log10_subsample": -0.7018131721899865, "max_depth": 2.0, "num_boost_round": 12.0}, "datetime": {"datetime": "2024-01-19 02:00:22", "elapsed": 6527.20606, "delta": 0.004054}}
{"target": -17.677191973723936, "params": {"gamma": 428.89933809726267, "log10_alpha": -1.691364022817881, "log10_colsample_bytree": -0.6374548301510468, "log10_eta": -3.915352103400847, "log10_lambda": 0.5412783930611642, "log10_min_child_weight": 1.1016967932996398, "log10_subsample": -0.7018131721899865, "max_depth": 2.0, "num_boost_round": 13.0}, "datetime": {"datetime": "2024-01-19 02:00:22", "elapsed": 6527.210202, "delta": 0.004142}}
{"target": -17.677189674796878, "params": {"gamma": 428.89933809726267, "log10_alpha": -1.691364022817881, "log10_colsample_bytree": -0.6374548301510468, "log10_eta": -3.915352103400847, "log10_lambda": 0.5412783930611642, "log10_min_child_weight": 1.1016967932996398, "log10_subsample": -0.7018131721899865, "max_depth": 2.0, "num_boost_round": 14.0}, "datetime": {"datetime": "2024-01-19 02:00:22", "elapsed": 6527.214516, "delta": 0.004314}}
{"target": -17.677187052677173, "params": {"gamma": 428.89933809726267, "log10_alpha": -1.691364022817881, "log10_colsample_bytree": -0.6374548301510468, "log10_eta": -3.915352103400847, "log10_lambda": 0.5412783930611642, "log10_min_child_weight": 1.1016967932996398, "log10_subsample": -0.7018131721899865, "max_depth": 2.0, "num_boost_round": 15.0}, "datetime": {"datetime": "2024-01-19 02:00:22", "elapsed": 6527.218766, "delta": 0.00425}}
{"target": -17.677183428898257, "params": {"gamma": 428.89933809726267, "log10_alpha": -1.691364022817881, "log10_colsample_bytree": -0.6374548301510468, "log10_eta": -3.915352103400847, "log10_lambda": 0.5412783930611642, "log10_min_child_weight": 1.1016967932996398, "log10_subsample": -0.7018131721899865, "max_depth": 2.0, "num_boost_round": 16.0}, "datetime": {"datetime": "2024-01-19 02:00:22", "elapsed": 6527.222904, "delta": 0.004138}}
{"target": -17.677180935448643, "params": {"gamma": 428.89933809726267, "log10_alpha": -1.691364022817881, "log10_colsample_bytree": -0.6374548301510468, "log10_eta": -3.915352103400847, "log10_lambda": 0.5412783930611642, "log10_min_child_weight": 1.1016967932996398, "log10_subsample": -0.7018131721899865, "max_depth": 2.0, "num_boost_round": 17.0}, "datetime": {"datetime": "2024-01-19 02:00:22", "elapsed": 6527.227031, "delta": 0.004127}}
{"target": -17.677181488101557, "params": {"gamma": 428.89933809726267, "log10_alpha": -1.691364022817881, "log10_colsample_bytree": -0.6374548301510468, "log10_eta": -3.915352103400847, "log10_lambda": 0.5412783930611642, "log10_min_child_weight": 1.1016967932996398, "log10_subsample": -0.7018131721899865, "max_depth": 2.0, "num_boost_round": 18.0}, "datetime": {"datetime": "2024-01-19 02:00:22", "elapsed": 6527.231174, "delta": 0.004143}}
{"target": -17.67717620334034, "params": {"gamma": 428.89933809726267, "log10_alpha": -1.691364022817881, "log10_colsample_bytree": -0.6374548301510468, "log10_eta": -3.915352103400847, "log10_lambda": 0.5412783930611642, "log10_min_child_weight": 1.1016967932996398, "log10_subsample": -0.7018131721899865, "max_depth": 2.0, "num_boost_round": 19.0}, "datetime": {"datetime": "2024-01-19 02:00:22", "elapsed": 6527.235305, "delta": 0.004131}}
{"target": -17.677172521763314, "params": {"gamma": 428.89933809726267, "log10_alpha": -1.691364022817881, "log10_colsample_bytree": -0.6374548301510468, "log10_eta": -3.915352103400847, "log10_lambda": 0.5412783930611642, "log10_min_child_weight": 1.1016967932996398, "log10_subsample": -0.7018131721899865, "max_depth": 2.0, "num_boost_round": 20.0}, "datetime": {"datetime": "2024-01-19 02:00:22", "elapsed": 6527.239415, "delta": 0.00411}}
{"target": -17.677168491241325, "params": {"gamma": 428.89933809726267, "log10_alpha": -1.691364022817881, "log10_colsample_bytree": -0.6374548301510468, "log10_eta": -3.915352103400847, "log10_lambda": 0.5412783930611642, "log10_min_child_weight": 1.1016967932996398, "log10_subsample": -0.7018131721899865, "max_depth": 2.0, "num_boost_round": 21.0}, "datetime": {"datetime": "2024-01-19 02:00:22", "elapsed": 6527.243598, "delta": 0.004183}}
{"target": -17.677166753819247, "params": {"gamma": 428.89933809726267, "log10_alpha": -1.691364022817881, "log10_colsample_bytree": -0.6374548301510468, "log10_eta": -3.915352103400847, "log10_lambda": 0.5412783930611642, "log10_min_child_weight": 1.1016967932996398, "log10_subsample": -0.7018131721899865, "max_depth": 2.0, "num_boost_round": 22.0}, "datetime": {"datetime": "2024-01-19 02:00:22", "elapsed": 6527.247756, "delta": 0.004158}}
{"target": -17.677163364946367, "params": {"gamma": 428.89933809726267, "log10_alpha": -1.691364022817881, "log10_colsample_bytree": -0.6374548301510468, "log10_eta": -3.915352103400847, "log10_lambda": 0.5412783930611642, "log10_min_child_weight": 1.1016967932996398, "log10_subsample": -0.7018131721899865, "max_depth": 2.0, "num_boost_round": 23.0}, "datetime": {"datetime": "2024-01-19 02:00:22", "elapsed": 6527.25192, "delta": 0.004164}}
{"target": -17.67716142296987, "params": {"gamma": 428.89933809726267, "log10_alpha": -1.691364022817881, "log10_colsample_bytree": -0.6374548301510468, "log10_eta": -3.915352103400847, "log10_lambda": 0.5412783930611642, "log10_min_child_weight": 1.1016967932996398, "log10_subsample": -0.7018131721899865, "max_depth": 2.0, "num_boost_round": 24.0}, "datetime": {"datetime": "2024-01-19 02:00:22", "elapsed": 6527.256068, "delta": 0.004148}}
{"target": -17.677187439678924, "params": {"gamma": 455.7020947190573, "log10_alpha": 0.5910255918134206, "log10_colsample_bytree": -0.06418810470301806, "log10_eta": -2.2782295047070913, "log10_lambda": 0.2555930958381314, "log10_min_child_weight": 3.0589297031726916, "log10_subsample": -0.775937484106106, "max_depth": 6.0, "num_boost_round": 0.0}, "datetime": {"datetime": "2024-01-19 02:01:58", "elapsed": 6622.527231, "delta": 95.271163}}
{"target": -17.677050984888144, "params": {"gamma": 455.7020947190573, "log10_alpha": 0.5910255918134206, "log10_colsample_bytree": -0.06418810470301806, "log10_eta": -2.2782295047070913, "log10_lambda": 0.2555930958381314, "log10_min_child_weight": 3.0589297031726916, "log10_subsample": -0.775937484106106, "max_depth": 6.0, "num_boost_round": 1.0}, "datetime": {"datetime": "2024-01-19 02:01:58", "elapsed": 6622.532497, "delta": 0.005266}}
{"target": -17.676838463574043, "params": {"gamma": 455.7020947190573, "log10_alpha": 0.5910255918134206, "log10_colsample_bytree": -0.06418810470301806, "log10_eta": -2.2782295047070913, "log10_lambda": 0.2555930958381314, "log10_min_child_weight": 3.0589297031726916, "log10_subsample": -0.775937484106106, "max_depth": 6.0, "num_boost_round": 2.0}, "datetime": {"datetime": "2024-01-19 02:01:58", "elapsed": 6622.53678, "delta": 0.004283}}
{"target": -17.676713090202693, "params": {"gamma": 455.7020947190573, "log10_alpha": 0.5910255918134206, "log10_colsample_bytree": -0.06418810470301806, "log10_eta": -2.2782295047070913, "log10_lambda": 0.2555930958381314, "log10_min_child_weight": 3.0589297031726916, "log10_subsample": -0.775937484106106, "max_depth": 6.0, "num_boost_round": 3.0}, "datetime": {"datetime": "2024-01-19 02:01:58", "elapsed": 6622.540927, "delta": 0.004147}}
{"target": -17.676471992753065, "params": {"gamma": 455.7020947190573, "log10_alpha": 0.5910255918134206, "log10_colsample_bytree": -0.06418810470301806, "log10_eta": -2.2782295047070913, "log10_lambda": 0.2555930958381314, "log10_min_child_weight": 3.0589297031726916, "log10_subsample": -0.775937484106106, "max_depth": 6.0, "num_boost_round": 4.0}, "datetime": {"datetime": "2024-01-19 02:01:58", "elapsed": 6622.545093, "delta": 0.004166}}
{"target": -17.676407117143917, "params": {"gamma": 455.7020947190573, "log10_alpha": 0.5910255918134206, "log10_colsample_bytree": -0.06418810470301806, "log10_eta": -2.2782295047070913, "log10_lambda": 0.2555930958381314, "log10_min_child_weight": 3.0589297031726916, "log10_subsample": -0.775937484106106, "max_depth": 6.0, "num_boost_round": 5.0}, "datetime": {"datetime": "2024-01-19 02:01:58", "elapsed": 6622.549251, "delta": 0.004158}}
{"target": -17.67619243031871, "params": {"gamma": 455.7020947190573, "log10_alpha": 0.5910255918134206, "log10_colsample_bytree": -0.06418810470301806, "log10_eta": -2.2782295047070913, "log10_lambda": 0.2555930958381314, "log10_min_child_weight": 3.0589297031726916, "log10_subsample": -0.775937484106106, "max_depth": 6.0, "num_boost_round": 6.0}, "datetime": {"datetime": "2024-01-19 02:01:58", "elapsed": 6622.553472, "delta": 0.004221}}
{"target": -17.67605791241698, "params": {"gamma": 455.7020947190573, "log10_alpha": 0.5910255918134206, "log10_colsample_bytree": -0.06418810470301806, "log10_eta": -2.2782295047070913, "log10_lambda": 0.2555930958381314, "log10_min_child_weight": 3.0589297031726916, "log10_subsample": -0.775937484106106, "max_depth": 6.0, "num_boost_round": 7.0}, "datetime": {"datetime": "2024-01-19 02:01:58", "elapsed": 6622.557663, "delta": 0.004191}}
{"target": -17.67575951354049, "params": {"gamma": 455.7020947190573, "log10_alpha": 0.5910255918134206, "log10_colsample_bytree": -0.06418810470301806, "log10_eta": -2.2782295047070913, "log10_lambda": 0.2555930958381314, "log10_min_child_weight": 3.0589297031726916, "log10_subsample": -0.775937484106106, "max_depth": 6.0, "num_boost_round": 8.0}, "datetime": {"datetime": "2024-01-19 02:01:58", "elapsed": 6622.561786, "delta": 0.004123}}
{"target": -17.675652092922675, "params": {"gamma": 455.7020947190573, "log10_alpha": 0.5910255918134206, "log10_colsample_bytree": -0.06418810470301806, "log10_eta": -2.2782295047070913, "log10_lambda": 0.2555930958381314, "log10_min_child_weight": 3.0589297031726916, "log10_subsample": -0.775937484106106, "max_depth": 6.0, "num_boost_round": 9.0}, "datetime": {"datetime": "2024-01-19 02:01:58", "elapsed": 6622.565877, "delta": 0.004091}}
{"target": -17.675539627178154, "params": {"gamma": 455.7020947190573, "log10_alpha": 0.5910255918134206, "log10_colsample_bytree": -0.06418810470301806, "log10_eta": -2.2782295047070913, "log10_lambda": 0.2555930958381314, "log10_min_child_weight": 3.0589297031726916, "log10_subsample": -0.775937484106106, "max_depth": 6.0, "num_boost_round": 10.0}, "datetime": {"datetime": "2024-01-19 02:01:58", "elapsed": 6622.570067, "delta": 0.00419}}
{"target": -17.675627152033535, "params": {"gamma": 455.7020947190573, "log10_alpha": 0.5910255918134206, "log10_colsample_bytree": -0.06418810470301806, "log10_eta": -2.2782295047070913, "log10_lambda": 0.2555930958381314, "log10_min_child_weight": 3.0589297031726916, "log10_subsample": -0.775937484106106, "max_depth": 6.0, "num_boost_round": 11.0}, "datetime": {"datetime": "2024-01-19 02:01:58", "elapsed": 6622.57428, "delta": 0.004213}}
{"target": -17.67564050750136, "params": {"gamma": 455.7020947190573, "log10_alpha": 0.5910255918134206, "log10_colsample_bytree": -0.06418810470301806, "log10_eta": -2.2782295047070913, "log10_lambda": 0.2555930958381314, "log10_min_child_weight": 3.0589297031726916, "log10_subsample": -0.775937484106106, "max_depth": 6.0, "num_boost_round": 12.0}, "datetime": {"datetime": "2024-01-19 02:01:58", "elapsed": 6622.578583, "delta": 0.004303}}
{"target": -17.675369040082483, "params": {"gamma": 455.7020947190573, "log10_alpha": 0.5910255918134206, "log10_colsample_bytree": -0.06418810470301806, "log10_eta": -2.2782295047070913, "log10_lambda": 0.2555930958381314, "log10_min_child_weight": 3.0589297031726916, "log10_subsample": -0.775937484106106, "max_depth": 6.0, "num_boost_round": 13.0}, "datetime": {"datetime": "2024-01-19 02:01:58", "elapsed": 6622.582877, "delta": 0.004294}}
{"target": -17.675305964453948, "params": {"gamma": 455.7020947190573, "log10_alpha": 0.5910255918134206, "log10_colsample_bytree": -0.06418810470301806, "log10_eta": -2.2782295047070913, "log10_lambda": 0.2555930958381314, "log10_min_child_weight": 3.0589297031726916, "log10_subsample": -0.775937484106106, "max_depth": 6.0, "num_boost_round": 14.0}, "datetime": {"datetime": "2024-01-19 02:01:58", "elapsed": 6622.587045, "delta": 0.004168}}
{"target": -17.67520653297668, "params": {"gamma": 455.7020947190573, "log10_alpha": 0.5910255918134206, "log10_colsample_bytree": -0.06418810470301806, "log10_eta": -2.2782295047070913, "log10_lambda": 0.2555930958381314, "log10_min_child_weight": 3.0589297031726916, "log10_subsample": -0.775937484106106, "max_depth": 6.0, "num_boost_round": 15.0}, "datetime": {"datetime": "2024-01-19 02:01:58", "elapsed": 6622.5912, "delta": 0.004155}}
{"target": -17.6749677552549, "params": {"gamma": 455.7020947190573, "log10_alpha": 0.5910255918134206, "log10_colsample_bytree": -0.06418810470301806, "log10_eta": -2.2782295047070913, "log10_lambda": 0.2555930958381314, "log10_min_child_weight": 3.0589297031726916, "log10_subsample": -0.775937484106106, "max_depth": 6.0, "num_boost_round": 16.0}, "datetime": {"datetime": "2024-01-19 02:01:58", "elapsed": 6622.59546, "delta": 0.00426}}
{"target": -17.6748534455258, "params": {"gamma": 455.7020947190573, "log10_alpha": 0.5910255918134206, "log10_colsample_bytree": -0.06418810470301806, "log10_eta": -2.2782295047070913, "log10_lambda": 0.2555930958381314, "log10_min_child_weight": 3.0589297031726916, "log10_subsample": -0.775937484106106, "max_depth": 6.0, "num_boost_round": 17.0}, "datetime": {"datetime": "2024-01-19 02:01:58", "elapsed": 6622.599566, "delta": 0.004106}}
{"target": -17.67485911996298, "params": {"gamma": 455.7020947190573, "log10_alpha": 0.5910255918134206, "log10_colsample_bytree": -0.06418810470301806, "log10_eta": -2.2782295047070913, "log10_lambda": 0.2555930958381314, "log10_min_child_weight": 3.0589297031726916, "log10_subsample": -0.775937484106106, "max_depth": 6.0, "num_boost_round": 18.0}, "datetime": {"datetime": "2024-01-19 02:01:58", "elapsed": 6622.603665, "delta": 0.004099}}
{"target": -17.67474567991485, "params": {"gamma": 455.7020947190573, "log10_alpha": 0.5910255918134206, "log10_colsample_bytree": -0.06418810470301806, "log10_eta": -2.2782295047070913, "log10_lambda": 0.2555930958381314, "log10_min_child_weight": 3.0589297031726916, "log10_subsample": -0.775937484106106, "max_depth": 6.0, "num_boost_round": 19.0}, "datetime": {"datetime": "2024-01-19 02:01:58", "elapsed": 6622.607815, "delta": 0.00415}}
