{"target": -13.758538337949107, "params": {"gamma": 527.4477257882895, "log10_alpha": 1.0, "log10_colsample_bytree": 0.0, "log10_eta": -4.0, "log10_lambda": 1.0, "log10_min_child_weight": 5.0, "log10_subsample": -1.0, "max_depth": 10.0, "num_boost_round": 2.0}, "datetime": {"datetime": "2024-01-19 01:28:07", "elapsed": 4591.11923, "delta": 0.005232}}
{"target": -13.75853831157462, "params": {"gamma": 527.4477257882895, "log10_alpha": 1.0, "log10_colsample_bytree": 0.0, "log10_eta": -4.0, "log10_lambda": 1.0, "log10_min_child_weight": 5.0, "log10_subsample": -1.0, "max_depth": 10.0, "num_boost_round": 3.0}, "datetime": {"datetime": "2024-01-19 01:28:07", "elapsed": 4591.124472, "delta": 0.005242}}
{"target": -13.758538313196032, "params": {"gamma": 527.4477257882895, "log10_alpha": 1.0, "log10_colsample_bytree": 0.0, "log10_eta": -4.0, "log10_lambda": 1.0, "log10_min_child_weight": 5.0, "log10_subsample": -1.0, "max_depth": 10.0, "num_boost_round": 4.0}, "datetime": {"datetime": "2024-01-19 01:28:07", "elapsed": 4591.227752, "delta": 0.10328}}
{"target": -13.758538309500178, "params": {"gamma": 527.4477257882895, "log10_alpha": 1.0, "log10_colsample_bytree": 0.0, "log10_eta": -4.0, "log10_lambda": 1.0, "log10_min_child_weight": 5.0, "log10_subsample": -1.0, "max_depth": 10.0, "num_boost_round": 5.0}, "datetime": {"datetime": "2024-01-19 01:28:07", "elapsed": 4591.23398, "delta": 0.006228}}
{"target": -13.758538345231205, "params": {"gamma": 527.4477257882895, "log10_alpha": 1.0, "log10_colsample_bytree": 0.0, "log10_eta": -4.0, "log10_lambda": 1.0, "log10_min_child_weight": 5.0, "log10_subsample": -1.0, "max_depth": 10.0, "num_boost_round": 6.0}, "datetime": {"datetime": "2024-01-19 01:28:07", "elapsed": 4591.239295, "delta": 0.005315}}
{"target": -13.758538320501755, "params": {"gamma": 527.4477257882895, "log10_alpha": 1.0, "log10_colsample_bytree": 0.0, "log10_eta": -4.0, "log10_lambda": 1.0, "log10_min_child_weight": 5.0, "log10_subsample": -1.0, "max_depth": 10.0, "num_boost_round": 7.0}, "datetime": {"datetime": "2024-01-19 01:28:07", "elapsed": 4591.24444, "delta": 0.005145}}
{"target": -13.758538318167735, "params": {"gamma": 527.4477257882895, "log10_alpha": 1.0, "log10_colsample_bytree": 0.0, "log10_eta": -4.0, "log10_lambda": 1.0, "log10_min_child_weight": 5.0, "log10_subsample": -1.0, "max_depth": 10.0, "num_boost_round": 8.0}, "datetime": {"datetime": "2024-01-19 01:28:07", "elapsed": 4591.249563, "delta": 0.005123}}
{"target": -13.758538316010245, "params": {"gamma": 527.4477257882895, "log10_alpha": 1.0, "log10_colsample_bytree": 0.0, "log10_eta": -4.0, "log10_lambda": 1.0, "log10_min_child_weight": 5.0, "log10_subsample": -1.0, "max_depth": 10.0, "num_boost_round": 9.0}, "datetime": {"datetime": "2024-01-19 01:28:07", "elapsed": 4591.254713, "delta": 0.00515}}
{"target": -13.758531855970675, "params": {"gamma": 504.2550361881181, "log10_alpha": -1.515395490997621, "log10_colsample_bytree": -0.5981215185191753, "log10_eta": -3.5739140283745523, "log10_lambda": -4.5940152012271795, "log10_min_child_weight": 1.41365253610373, "log10_subsample": -0.4828366707585515, "max_depth": 2.0, "num_boost_round": 0.0}, "datetime": {"datetime": "2024-01-19 01:30:31", "elapsed": 4735.610476, "delta": 144.355763}}
{"target": -13.75852811958135, "params": {"gamma": 504.2550361881181, "log10_alpha": -1.515395490997621, "log10_colsample_bytree": -0.5981215185191753, "log10_eta": -3.5739140283745523, "log10_lambda": -4.5940152012271795, "log10_min_child_weight": 1.41365253610373, "log10_subsample": -0.4828366707585515, "max_depth": 2.0, "num_boost_round": 1.0}, "datetime": {"datetime": "2024-01-19 01:30:31", "elapsed": 4735.617048, "delta": 0.006572}}
{"target": -13.758529400411389, "params": {"gamma": 504.2550361881181, "log10_alpha": -1.515395490997621, "log10_colsample_bytree": -0.5981215185191753, "log10_eta": -3.5739140283745523, "log10_lambda": -4.5940152012271795, "log10_min_child_weight": 1.41365253610373, "log10_subsample": -0.4828366707585515, "max_depth": 2.0, "num_boost_round": 2.0}, "datetime": {"datetime": "2024-01-19 01:30:31", "elapsed": 4735.622474, "delta": 0.005426}}
{"target": -13.758528867222642, "params": {"gamma": 504.2550361881181, "log10_alpha": -1.515395490997621, "log10_colsample_bytree": -0.5981215185191753, "log10_eta": -3.5739140283745523, "log10_lambda": -4.5940152012271795, "log10_min_child_weight": 1.41365253610373, "log10_subsample": -0.4828366707585515, "max_depth": 2.0, "num_boost_round": 3.0}, "datetime": {"datetime": "2024-01-19 01:30:31", "elapsed": 4735.627891, "delta": 0.005417}}
{"target": -13.75852572082213, "params": {"gamma": 504.2550361881181, "log10_alpha": -1.515395490997621, "log10_colsample_bytree": -0.5981215185191753, "log10_eta": -3.5739140283745523, "log10_lambda": -4.5940152012271795, "log10_min_child_weight": 1.41365253610373, "log10_subsample": -0.4828366707585515, "max_depth": 2.0, "num_boost_round": 4.0}, "datetime": {"datetime": "2024-01-19 01:30:31", "elapsed": 4735.633128, "delta": 0.005237}}
{"target": -13.758524652445336, "params": {"gamma": 504.2550361881181, "log10_alpha": -1.515395490997621, "log10_colsample_bytree": -0.5981215185191753, "log10_eta": -3.5739140283745523, "log10_lambda": -4.5940152012271795, "log10_min_child_weight": 1.41365253610373, "log10_subsample": -0.4828366707585515, "max_depth": 2.0, "num_boost_round": 5.0}, "datetime": {"datetime": "2024-01-19 01:30:31", "elapsed": 4735.638371, "delta": 0.005243}}
{"target": -13.758521483591764, "params": {"gamma": 504.2550361881181, "log10_alpha": -1.515395490997621, "log10_colsample_bytree": -0.5981215185191753, "log10_eta": -3.5739140283745523, "log10_lambda": -4.5940152012271795, "log10_min_child_weight": 1.41365253610373, "log10_subsample": -0.4828366707585515, "max_depth": 2.0, "num_boost_round": 6.0}, "datetime": {"datetime": "2024-01-19 01:30:31", "elapsed": 4735.643612, "delta": 0.005241}}
{"target": -13.75851698038685, "params": {"gamma": 504.2550361881181, "log10_alpha": -1.515395490997621, "log10_colsample_bytree": -0.5981215185191753, "log10_eta": -3.5739140283745523, "log10_lambda": -4.5940152012271795, "log10_min_child_weight": 1.41365253610373, "log10_subsample": -0.4828366707585515, "max_depth": 2.0, "num_boost_round": 7.0}, "datetime": {"datetime": "2024-01-19 01:30:31", "elapsed": 4735.648851, "delta": 0.005239}}
{"target": -13.758513202894349, "params": {"gamma": 504.2550361881181, "log10_alpha": -1.515395490997621, "log10_colsample_bytree": -0.5981215185191753, "log10_eta": -3.5739140283745523, "log10_lambda": -4.5940152012271795, "log10_min_child_weight": 1.41365253610373, "log10_subsample": -0.4828366707585515, "max_depth": 2.0, "num_boost_round": 8.0}, "datetime": {"datetime": "2024-01-19 01:30:31", "elapsed": 4735.65434, "delta": 0.005489}}
{"target": -13.758510201729344, "params": {"gamma": 504.2550361881181, "log10_alpha": -1.515395490997621, "log10_colsample_bytree": -0.5981215185191753, "log10_eta": -3.5739140283745523, "log10_lambda": -4.5940152012271795, "log10_min_child_weight": 1.41365253610373, "log10_subsample": -0.4828366707585515, "max_depth": 2.0, "num_boost_round": 9.0}, "datetime": {"datetime": "2024-01-19 01:30:31", "elapsed": 4735.659709, "delta": 0.005369}}
{"target": -13.75850866032812, "params": {"gamma": 504.2550361881181, "log10_alpha": -1.515395490997621, "log10_colsample_bytree": -0.5981215185191753, "log10_eta": -3.5739140283745523, "log10_lambda": -4.5940152012271795, "log10_min_child_weight": 1.41365253610373, "log10_subsample": -0.4828366707585515, "max_depth": 2.0, "num_boost_round": 10.0}, "datetime": {"datetime": "2024-01-19 01:30:31", "elapsed": 4735.66499, "delta": 0.005281}}
{"target": -13.75850625117504, "params": {"gamma": 504.2550361881181, "log10_alpha": -1.515395490997621, "log10_colsample_bytree": -0.5981215185191753, "log10_eta": -3.5739140283745523, "log10_lambda": -4.5940152012271795, "log10_min_child_weight": 1.41365253610373, "log10_subsample": -0.4828366707585515, "max_depth": 2.0, "num_boost_round": 11.0}, "datetime": {"datetime": "2024-01-19 01:30:31", "elapsed": 4735.670248, "delta": 0.005258}}
{"target": -13.75850266126019, "params": {"gamma": 504.2550361881181, "log10_alpha": -1.515395490997621, "log10_colsample_bytree": -0.5981215185191753, "log10_eta": -3.5739140283745523, "log10_lambda": -4.5940152012271795, "log10_min_child_weight": 1.41365253610373, "log10_subsample": -0.4828366707585515, "max_depth": 2.0, "num_boost_round": 12.0}, "datetime": {"datetime": "2024-01-19 01:30:31", "elapsed": 4735.675672, "delta": 0.005424}}
{"target": -13.75849959451867, "params": {"gamma": 504.2550361881181, "log10_alpha": -1.515395490997621, "log10_colsample_bytree": -0.5981215185191753, "log10_eta": -3.5739140283745523, "log10_lambda": -4.5940152012271795, "log10_min_child_weight": 1.41365253610373, "log10_subsample": -0.4828366707585515, "max_depth": 2.0, "num_boost_round": 13.0}, "datetime": {"datetime": "2024-01-19 01:30:31", "elapsed": 4735.681103, "delta": 0.005431}}
{"target": -13.758499249882165, "params": {"gamma": 504.2550361881181, "log10_alpha": -1.515395490997621, "log10_colsample_bytree": -0.5981215185191753, "log10_eta": -3.5739140283745523, "log10_lambda": -4.5940152012271795, "log10_min_child_weight": 1.41365253610373, "log10_subsample": -0.4828366707585515, "max_depth": 2.0, "num_boost_round": 14.0}, "datetime": {"datetime": "2024-01-19 01:30:31", "elapsed": 4735.686533, "delta": 0.00543}}
{"target": -13.758493948595593, "params": {"gamma": 504.2550361881181, "log10_alpha": -1.515395490997621, "log10_colsample_bytree": -0.5981215185191753, "log10_eta": -3.5739140283745523, "log10_lambda": -4.5940152012271795, "log10_min_child_weight": 1.41365253610373, "log10_subsample": -0.4828366707585515, "max_depth": 2.0, "num_boost_round": 15.0}, "datetime": {"datetime": "2024-01-19 01:30:31", "elapsed": 4735.691834, "delta": 0.005301}}
{"target": -13.758490165197838, "params": {"gamma": 504.2550361881181, "log10_alpha": -1.515395490997621, "log10_colsample_bytree": -0.5981215185191753, "log10_eta": -3.5739140283745523, "log10_lambda": -4.5940152012271795, "log10_min_child_weight": 1.41365253610373, "log10_subsample": -0.4828366707585515, "max_depth": 2.0, "num_boost_round": 16.0}, "datetime": {"datetime": "2024-01-19 01:30:31", "elapsed": 4735.697106, "delta": 0.005272}}
{"target": -13.758490376258422, "params": {"gamma": 504.2550361881181, "log10_alpha": -1.515395490997621, "log10_colsample_bytree": -0.5981215185191753, "log10_eta": -3.5739140283745523, "log10_lambda": -4.5940152012271795, "log10_min_child_weight": 1.41365253610373, "log10_subsample": -0.4828366707585515, "max_depth": 2.0, "num_boost_round": 17.0}, "datetime": {"datetime": "2024-01-19 01:30:31", "elapsed": 4735.702321, "delta": 0.005215}}
{"target": -13.758489419703949, "params": {"gamma": 504.2550361881181, "log10_alpha": -1.515395490997621, "log10_colsample_bytree": -0.5981215185191753, "log10_eta": -3.5739140283745523, "log10_lambda": -4.5940152012271795, "log10_min_child_weight": 1.41365253610373, "log10_subsample": -0.4828366707585515, "max_depth": 2.0, "num_boost_round": 18.0}, "datetime": {"datetime": "2024-01-19 01:30:31", "elapsed": 4735.707586, "delta": 0.005265}}
{"target": -13.758486909716341, "params": {"gamma": 504.2550361881181, "log10_alpha": -1.515395490997621, "log10_colsample_bytree": -0.5981215185191753, "log10_eta": -3.5739140283745523, "log10_lambda": -4.5940152012271795, "log10_min_child_weight": 1.41365253610373, "log10_subsample": -0.4828366707585515, "max_depth": 2.0, "num_boost_round": 19.0}, "datetime": {"datetime": "2024-01-19 01:30:31", "elapsed": 4735.713025, "delta": 0.005439}}
{"target": -13.758483713571858, "params": {"gamma": 504.2550361881181, "log10_alpha": -1.515395490997621, "log10_colsample_bytree": -0.5981215185191753, "log10_eta": -3.5739140283745523, "log10_lambda": -4.5940152012271795, "log10_min_child_weight": 1.41365253610373, "log10_subsample": -0.4828366707585515, "max_depth": 2.0, "num_boost_round": 20.0}, "datetime": {"datetime": "2024-01-19 01:30:31", "elapsed": 4735.718634, "delta": 0.005609}}
{"target": -13.758478758488181, "params": {"gamma": 504.2550361881181, "log10_alpha": -1.515395490997621, "log10_colsample_bytree": -0.5981215185191753, "log10_eta": -3.5739140283745523, "log10_lambda": -4.5940152012271795, "log10_min_child_weight": 1.41365253610373, "log10_subsample": -0.4828366707585515, "max_depth": 2.0, "num_boost_round": 21.0}, "datetime": {"datetime": "2024-01-19 01:30:31", "elapsed": 4735.724051, "delta": 0.005417}}
{"target": -13.758477212018057, "params": {"gamma": 504.2550361881181, "log10_alpha": -1.515395490997621, "log10_colsample_bytree": -0.5981215185191753, "log10_eta": -3.5739140283745523, "log10_lambda": -4.5940152012271795, "log10_min_child_weight": 1.41365253610373, "log10_subsample": -0.4828366707585515, "max_depth": 2.0, "num_boost_round": 22.0}, "datetime": {"datetime": "2024-01-19 01:30:31", "elapsed": 4735.729415, "delta": 0.005364}}
{"target": -13.758474774316577, "params": {"gamma": 504.2550361881181, "log10_alpha": -1.515395490997621, "log10_colsample_bytree": -0.5981215185191753, "log10_eta": -3.5739140283745523, "log10_lambda": -4.5940152012271795, "log10_min_child_weight": 1.41365253610373, "log10_subsample": -0.4828366707585515, "max_depth": 2.0, "num_boost_round": 23.0}, "datetime": {"datetime": "2024-01-19 01:30:31", "elapsed": 4735.734707, "delta": 0.005292}}
{"target": -13.75847434523635, "params": {"gamma": 504.2550361881181, "log10_alpha": -1.515395490997621, "log10_colsample_bytree": -0.5981215185191753, "log10_eta": -3.5739140283745523, "log10_lambda": -4.5940152012271795, "log10_min_child_weight": 1.41365253610373, "log10_subsample": -0.4828366707585515, "max_depth": 2.0, "num_boost_round": 24.0}, "datetime": {"datetime": "2024-01-19 01:30:31", "elapsed": 4735.740014, "delta": 0.005307}}
{"target": -13.758470039094203, "params": {"gamma": 504.2550361881181, "log10_alpha": -1.515395490997621, "log10_colsample_bytree": -0.5981215185191753, "log10_eta": -3.5739140283745523, "log10_lambda": -4.5940152012271795, "log10_min_child_weight": 1.41365253610373, "log10_subsample": -0.4828366707585515, "max_depth": 2.0, "num_boost_round": 25.0}, "datetime": {"datetime": "2024-01-19 01:30:31", "elapsed": 4735.745453, "delta": 0.005439}}
{"target": -13.758468522424803, "params": {"gamma": 504.2550361881181, "log10_alpha": -1.515395490997621, "log10_colsample_bytree": -0.5981215185191753, "log10_eta": -3.5739140283745523, "log10_lambda": -4.5940152012271795, "log10_min_child_weight": 1.41365253610373, "log10_subsample": -0.4828366707585515, "max_depth": 2.0, "num_boost_round": 26.0}, "datetime": {"datetime": "2024-01-19 01:30:31", "elapsed": 4735.750945, "delta": 0.005492}}
{"target": -13.75846582715267, "params": {"gamma": 504.2550361881181, "log10_alpha": -1.515395490997621, "log10_colsample_bytree": -0.5981215185191753, "log10_eta": -3.5739140283745523, "log10_lambda": -4.5940152012271795, "log10_min_child_weight": 1.41365253610373, "log10_subsample": -0.4828366707585515, "max_depth": 2.0, "num_boost_round": 27.0}, "datetime": {"datetime": "2024-01-19 01:30:31", "elapsed": 4735.756302, "delta": 0.005357}}
{"target": -13.758464677842031, "params": {"gamma": 504.2550361881181, "log10_alpha": -1.515395490997621, "log10_colsample_bytree": -0.5981215185191753, "log10_eta": -3.5739140283745523, "log10_lambda": -4.5940152012271795, "log10_min_child_weight": 1.41365253610373, "log10_subsample": -0.4828366707585515, "max_depth": 2.0, "num_boost_round": 28.0}, "datetime": {"datetime": "2024-01-19 01:30:31", "elapsed": 4735.761636, "delta": 0.005334}}
{"target": -13.75846218894974, "params": {"gamma": 504.2550361881181, "log10_alpha": -1.515395490997621, "log10_colsample_bytree": -0.5981215185191753, "log10_eta": -3.5739140283745523, "log10_lambda": -4.5940152012271795, "log10_min_child_weight": 1.41365253610373, "log10_subsample": -0.4828366707585515, "max_depth": 2.0, "num_boost_round": 29.0}, "datetime": {"datetime": "2024-01-19 01:30:31", "elapsed": 4735.767047, "delta": 0.005411}}
{"target": -13.758457409922839, "params": {"gamma": 504.2550361881181, "log10_alpha": -1.515395490997621, "log10_colsample_bytree": -0.5981215185191753, "log10_eta": -3.5739140283745523, "log10_lambda": -4.5940152012271795, "log10_min_child_weight": 1.41365253610373, "log10_subsample": -0.4828366707585515, "max_depth": 2.0, "num_boost_round": 30.0}, "datetime": {"datetime": "2024-01-19 01:30:31", "elapsed": 4735.772433, "delta": 0.005386}}
{"target": -13.758453144840331, "params": {"gamma": 504.2550361881181, "log10_alpha": -1.515395490997621, "log10_colsample_bytree": -0.5981215185191753, "log10_eta": -3.5739140283745523, "log10_lambda": -4.5940152012271795, "log10_min_child_weight": 1.41365253610373, "log10_subsample": -0.4828366707585515, "max_depth": 2.0, "num_boost_round": 31.0}, "datetime": {"datetime": "2024-01-19 01:30:31", "elapsed": 4735.777846, "delta": 0.005413}}
{"target": -13.75845193208886, "params": {"gamma": 504.2550361881181, "log10_alpha": -1.515395490997621, "log10_colsample_bytree": -0.5981215185191753, "log10_eta": -3.5739140283745523, "log10_lambda": -4.5940152012271795, "log10_min_child_weight": 1.41365253610373, "log10_subsample": -0.4828366707585515, "max_depth": 2.0, "num_boost_round": 32.0}, "datetime": {"datetime": "2024-01-19 01:30:31", "elapsed": 4735.783347, "delta": 0.005501}}
{"target": -13.758452240873043, "params": {"gamma": 504.2550361881181, "log10_alpha": -1.515395490997621, "log10_colsample_bytree": -0.5981215185191753, "log10_eta": -3.5739140283745523, "log10_lambda": -4.5940152012271795, "log10_min_child_weight": 1.41365253610373, "log10_subsample": -0.4828366707585515, "max_depth": 2.0, "num_boost_round": 33.0}, "datetime": {"datetime": "2024-01-19 01:30:31", "elapsed": 4735.788704, "delta": 0.005357}}
{"target": -13.758450742102617, "params": {"gamma": 504.2550361881181, "log10_alpha": -1.515395490997621, "log10_colsample_bytree": -0.5981215185191753, "log10_eta": -3.5739140283745523, "log10_lambda": -4.5940152012271795, "log10_min_child_weight": 1.41365253610373, "log10_subsample": -0.4828366707585515, "max_depth": 2.0, "num_boost_round": 34.0}, "datetime": {"datetime": "2024-01-19 01:30:31", "elapsed": 4735.794037, "delta": 0.005333}}
{"target": -13.75844988350018, "params": {"gamma": 504.2550361881181, "log10_alpha": -1.515395490997621, "log10_colsample_bytree": -0.5981215185191753, "log10_eta": -3.5739140283745523, "log10_lambda": -4.5940152012271795, "log10_min_child_weight": 1.41365253610373, "log10_subsample": -0.4828366707585515, "max_depth": 2.0, "num_boost_round": 35.0}, "datetime": {"datetime": "2024-01-19 01:30:31", "elapsed": 4735.799369, "delta": 0.005332}}
{"target": -13.75844872076815, "params": {"gamma": 504.2550361881181, "log10_alpha": -1.515395490997621, "log10_colsample_bytree": -0.5981215185191753, "log10_eta": -3.5739140283745523, "log10_lambda": -4.5940152012271795, "log10_min_child_weight": 1.41365253610373, "log10_subsample": -0.4828366707585515, "max_depth": 2.0, "num_boost_round": 36.0}, "datetime": {"datetime": "2024-01-19 01:30:31", "elapsed": 4735.804662, "delta": 0.005293}}
{"target": -13.758447621004695, "params": {"gamma": 504.2550361881181, "log10_alpha": -1.515395490997621, "log10_colsample_bytree": -0.5981215185191753, "log10_eta": -3.5739140283745523, "log10_lambda": -4.5940152012271795, "log10_min_child_weight": 1.41365253610373, "log10_subsample": -0.4828366707585515, "max_depth": 2.0, "num_boost_round": 37.0}, "datetime": {"datetime": "2024-01-19 01:30:31", "elapsed": 4735.810094, "delta": 0.005432}}
{"target": -13.758445136679285, "params": {"gamma": 504.2550361881181, "log10_alpha": -1.515395490997621, "log10_colsample_bytree": -0.5981215185191753, "log10_eta": -3.5739140283745523, "log10_lambda": -4.5940152012271795, "log10_min_child_weight": 1.41365253610373, "log10_subsample": -0.4828366707585515, "max_depth": 2.0, "num_boost_round": 38.0}, "datetime": {"datetime": "2024-01-19 01:30:31", "elapsed": 4735.8156, "delta": 0.005506}}
{"target": -13.758439983843505, "params": {"gamma": 504.2550361881181, "log10_alpha": -1.515395490997621, "log10_colsample_bytree": -0.5981215185191753, "log10_eta": -3.5739140283745523, "log10_lambda": -4.5940152012271795, "log10_min_child_weight": 1.41365253610373, "log10_subsample": -0.4828366707585515, "max_depth": 2.0, "num_boost_round": 39.0}, "datetime": {"datetime": "2024-01-19 01:30:31", "elapsed": 4735.820883, "delta": 0.005283}}
{"target": -13.758437239800276, "params": {"gamma": 504.2550361881181, "log10_alpha": -1.515395490997621, "log10_colsample_bytree": -0.5981215185191753, "log10_eta": -3.5739140283745523, "log10_lambda": -4.5940152012271795, "log10_min_child_weight": 1.41365253610373, "log10_subsample": -0.4828366707585515, "max_depth": 2.0, "num_boost_round": 40.0}, "datetime": {"datetime": "2024-01-19 01:30:31", "elapsed": 4735.826286, "delta": 0.005403}}
{"target": -13.758435514489728, "params": {"gamma": 504.2550361881181, "log10_alpha": -1.515395490997621, "log10_colsample_bytree": -0.5981215185191753, "log10_eta": -3.5739140283745523, "log10_lambda": -4.5940152012271795, "log10_min_child_weight": 1.41365253610373, "log10_subsample": -0.4828366707585515, "max_depth": 2.0, "num_boost_round": 41.0}, "datetime": {"datetime": "2024-01-19 01:30:31", "elapsed": 4735.831661, "delta": 0.005375}}
{"target": -13.758431540465347, "params": {"gamma": 504.2550361881181, "log10_alpha": -1.515395490997621, "log10_colsample_bytree": -0.5981215185191753, "log10_eta": -3.5739140283745523, "log10_lambda": -4.5940152012271795, "log10_min_child_weight": 1.41365253610373, "log10_subsample": -0.4828366707585515, "max_depth": 2.0, "num_boost_round": 42.0}, "datetime": {"datetime": "2024-01-19 01:30:31", "elapsed": 4735.837835, "delta": 0.006174}}
