{"target": -13.758530150535156, "params": {"gamma": 26.640992718424016, "log10_alpha": -0.9164958244124497, "log10_colsample_bytree": -0.8926610148073056, "log10_eta": -3.7877226908119064, "log10_lambda": -2.7879669736472055, "log10_min_child_weight": 4.320377426217002, "log10_subsample": -0.7167289785537352, "max_depth": 7.0, "num_boost_round": 17.0}, "datetime": {"datetime": "2024-01-19 01:49:51", "elapsed": 5900.043904, "delta": 0.00503}}
{"target": -13.758529116302418, "params": {"gamma": 26.640992718424016, "log10_alpha": -0.9164958244124497, "log10_colsample_bytree": -0.8926610148073056, "log10_eta": -3.7877226908119064, "log10_lambda": -2.7879669736472055, "log10_min_child_weight": 4.320377426217002, "log10_subsample": -0.7167289785537352, "max_depth": 7.0, "num_boost_round": 18.0}, "datetime": {"datetime": "2024-01-19 01:49:51", "elapsed": 5900.048993, "delta": 0.005089}}
{"target": -13.758528497020723, "params": {"gamma": 26.640992718424016, "log10_alpha": -0.9164958244124497, "log10_colsample_bytree": -0.8926610148073056, "log10_eta": -3.7877226908119064, "log10_lambda": -2.7879669736472055, "log10_min_child_weight": 4.320377426217002, "log10_subsample": -0.7167289785537352, "max_depth": 7.0, "num_boost_round": 19.0}, "datetime": {"datetime": "2024-01-19 01:49:51", "elapsed": 5900.054064, "delta": 0.005071}}
{"target": -13.758528520144523, "params": {"gamma": 26.640992718424016, "log10_alpha": -0.9164958244124497, "log10_colsample_bytree": -0.8926610148073056, "log10_eta": -3.7877226908119064, "log10_lambda": -2.7879669736472055, "log10_min_child_weight": 4.320377426217002, "log10_subsample": -0.7167289785537352, "max_depth": 7.0, "num_boost_round": 20.0}, "datetime": {"datetime": "2024-01-19 01:49:51", "elapsed": 5900.059316, "delta": 0.005252}}
{"target": -13.75852781443118, "params": {"gamma": 26.640992718424016, "log10_alpha": -0.9164958244124497, "log10_colsample_bytree": -0.8926610148073056, "log10_eta": -3.7877226908119064, "log10_lambda": -2.7879669736472055, "log10_min_child_weight": 4.320377426217002, "log10_subsample": -0.7167289785537352, "max_depth": 7.0, "num_boost_round": 21.0}, "datetime": {"datetime": "2024-01-19 01:49:51", "elapsed": 5900.064252, "delta": 0.004936}}
{"target": -13.758528347720627, "params": {"gamma": 26.640992718424016, "log10_alpha": -0.9164958244124497, "log10_colsample_bytree": -0.8926610148073056, "log10_eta": -3.7877226908119064, "log10_lambda": -2.7879669736472055, "log10_min_child_weight": 4.320377426217002, "log10_subsample": -0.7167289785537352, "max_depth": 7.0, "num_boost_round": 22.0}, "datetime": {"datetime": "2024-01-19 01:49:51", "elapsed": 5900.06927, "delta": 0.005018}}
{"target": -13.758527879997851, "params": {"gamma": 26.640992718424016, "log10_alpha": -0.9164958244124497, "log10_colsample_bytree": -0.8926610148073056, "log10_eta": -3.7877226908119064, "log10_lambda": -2.7879669736472055, "log10_min_child_weight": 4.320377426217002, "log10_subsample": -0.7167289785537352, "max_depth": 7.0, "num_boost_round": 23.0}, "datetime": {"datetime": "2024-01-19 01:49:51", "elapsed": 5900.074367, "delta": 0.005097}}
{"target": -13.758527252116485, "params": {"gamma": 26.640992718424016, "log10_alpha": -0.9164958244124497, "log10_colsample_bytree": -0.8926610148073056, "log10_eta": -3.7877226908119064, "log10_lambda": -2.7879669736472055, "log10_min_child_weight": 4.320377426217002, "log10_subsample": -0.7167289785537352, "max_depth": 7.0, "num_boost_round": 24.0}, "datetime": {"datetime": "2024-01-19 01:49:51", "elapsed": 5900.083133, "delta": 0.008766}}
{"target": -13.758527551463844, "params": {"gamma": 26.640992718424016, "log10_alpha": -0.9164958244124497, "log10_colsample_bytree": -0.8926610148073056, "log10_eta": -3.7877226908119064, "log10_lambda": -2.7879669736472055, "log10_min_child_weight": 4.320377426217002, "log10_subsample": -0.7167289785537352, "max_depth": 7.0, "num_boost_round": 25.0}, "datetime": {"datetime": "2024-01-19 01:49:51", "elapsed": 5900.088237, "delta": 0.005104}}
{"target": -13.75852668640745, "params": {"gamma": 26.640992718424016, "log10_alpha": -0.9164958244124497, "log10_colsample_bytree": -0.8926610148073056, "log10_eta": -3.7877226908119064, "log10_lambda": -2.7879669736472055, "log10_min_child_weight": 4.320377426217002, "log10_subsample": -0.7167289785537352, "max_depth": 7.0, "num_boost_round": 26.0}, "datetime": {"datetime": "2024-01-19 01:49:51", "elapsed": 5900.093487, "delta": 0.00525}}
{"target": -13.758524701273947, "params": {"gamma": 26.640992718424016, "log10_alpha": -0.9164958244124497, "log10_colsample_bytree": -0.8926610148073056, "log10_eta": -3.7877226908119064, "log10_lambda": -2.7879669736472055, "log10_min_child_weight": 4.320377426217002, "log10_subsample": -0.7167289785537352, "max_depth": 7.0, "num_boost_round": 27.0}, "datetime": {"datetime": "2024-01-19 01:49:51", "elapsed": 5900.098426, "delta": 0.004939}}
{"target": -13.758523316324279, "params": {"gamma": 26.640992718424016, "log10_alpha": -0.9164958244124497, "log10_colsample_bytree": -0.8926610148073056, "log10_eta": -3.7877226908119064, "log10_lambda": -2.7879669736472055, "log10_min_child_weight": 4.320377426217002, "log10_subsample": -0.7167289785537352, "max_depth": 7.0, "num_boost_round": 28.0}, "datetime": {"datetime": "2024-01-19 01:49:51", "elapsed": 5900.104133, "delta": 0.005707}}
{"target": -13.758522262062117, "params": {"gamma": 26.640992718424016, "log10_alpha": -0.9164958244124497, "log10_colsample_bytree": -0.8926610148073056, "log10_eta": -3.7877226908119064, "log10_lambda": -2.7879669736472055, "log10_min_child_weight": 4.320377426217002, "log10_subsample": -0.7167289785537352, "max_depth": 7.0, "num_boost_round": 29.0}, "datetime": {"datetime": "2024-01-19 01:49:51", "elapsed": 5900.109485, "delta": 0.005352}}
{"target": -13.758520755594096, "params": {"gamma": 26.640992718424016, "log10_alpha": -0.9164958244124497, "log10_colsample_bytree": -0.8926610148073056, "log10_eta": -3.7877226908119064, "log10_lambda": -2.7879669736472055, "log10_min_child_weight": 4.320377426217002, "log10_subsample": -0.7167289785537352, "max_depth": 7.0, "num_boost_round": 30.0}, "datetime": {"datetime": "2024-01-19 01:49:51", "elapsed": 5900.114632, "delta": 0.005147}}
{"target": -13.758519865879585, "params": {"gamma": 26.640992718424016, "log10_alpha": -0.9164958244124497, "log10_colsample_bytree": -0.8926610148073056, "log10_eta": -3.7877226908119064, "log10_lambda": -2.7879669736472055, "log10_min_child_weight": 4.320377426217002, "log10_subsample": -0.7167289785537352, "max_depth": 7.0, "num_boost_round": 31.0}, "datetime": {"datetime": "2024-01-19 01:49:51", "elapsed": 5900.119792, "delta": 0.00516}}
{"target": -13.758518738350238, "params": {"gamma": 26.640992718424016, "log10_alpha": -0.9164958244124497, "log10_colsample_bytree": -0.8926610148073056, "log10_eta": -3.7877226908119064, "log10_lambda": -2.7879669736472055, "log10_min_child_weight": 4.320377426217002, "log10_subsample": -0.7167289785537352, "max_depth": 7.0, "num_boost_round": 32.0}, "datetime": {"datetime": "2024-01-19 01:49:52", "elapsed": 5900.12506, "delta": 0.005268}}
{"target": -13.758517011715174, "params": {"gamma": 26.640992718424016, "log10_alpha": -0.9164958244124497, "log10_colsample_bytree": -0.8926610148073056, "log10_eta": -3.7877226908119064, "log10_lambda": -2.7879669736472055, "log10_min_child_weight": 4.320377426217002, "log10_subsample": -0.7167289785537352, "max_depth": 7.0, "num_boost_round": 33.0}, "datetime": {"datetime": "2024-01-19 01:49:52", "elapsed": 5900.130126, "delta": 0.005066}}
{"target": -13.758516946372009, "params": {"gamma": 26.640992718424016, "log10_alpha": -0.9164958244124497, "log10_colsample_bytree": -0.8926610148073056, "log10_eta": -3.7877226908119064, "log10_lambda": -2.7879669736472055, "log10_min_child_weight": 4.320377426217002, "log10_subsample": -0.7167289785537352, "max_depth": 7.0, "num_boost_round": 34.0}, "datetime": {"datetime": "2024-01-19 01:49:52", "elapsed": 5900.135165, "delta": 0.005039}}
{"target": -13.758515624375194, "params": {"gamma": 26.640992718424016, "log10_alpha": -0.9164958244124497, "log10_colsample_bytree": -0.8926610148073056, "log10_eta": -3.7877226908119064, "log10_lambda": -2.7879669736472055, "log10_min_child_weight": 4.320377426217002, "log10_subsample": -0.7167289785537352, "max_depth": 7.0, "num_boost_round": 35.0}, "datetime": {"datetime": "2024-01-19 01:49:52", "elapsed": 5900.140109, "delta": 0.004944}}
{"target": -13.7585157355728, "params": {"gamma": 26.640992718424016, "log10_alpha": -0.9164958244124497, "log10_colsample_bytree": -0.8926610148073056, "log10_eta": -3.7877226908119064, "log10_lambda": -2.7879669736472055, "log10_min_child_weight": 4.320377426217002, "log10_subsample": -0.7167289785537352, "max_depth": 7.0, "num_boost_round": 36.0}, "datetime": {"datetime": "2024-01-19 01:49:52", "elapsed": 5900.145093, "delta": 0.004984}}
{"target": -13.758516019006398, "params": {"gamma": 26.640992718424016, "log10_alpha": -0.9164958244124497, "log10_colsample_bytree": -0.8926610148073056, "log10_eta": -3.7877226908119064, "log10_lambda": -2.7879669736472055, "log10_min_child_weight": 4.320377426217002, "log10_subsample": -0.7167289785537352, "max_depth": 7.0, "num_boost_round": 37.0}, "datetime": {"datetime": "2024-01-19 01:49:52", "elapsed": 5900.150318, "delta": 0.005225}}
{"target": -13.758515946083842, "params": {"gamma": 26.640992718424016, "log10_alpha": -0.9164958244124497, "log10_colsample_bytree": -0.8926610148073056, "log10_eta": -3.7877226908119064, "log10_lambda": -2.7879669736472055, "log10_min_child_weight": 4.320377426217002, "log10_subsample": -0.7167289785537352, "max_depth": 7.0, "num_boost_round": 38.0}, "datetime": {"datetime": "2024-01-19 01:49:52", "elapsed": 5900.155552, "delta": 0.005234}}
{"target": -13.75851522540852, "params": {"gamma": 26.640992718424016, "log10_alpha": -0.9164958244124497, "log10_colsample_bytree": -0.8926610148073056, "log10_eta": -3.7877226908119064, "log10_lambda": -2.7879669736472055, "log10_min_child_weight": 4.320377426217002, "log10_subsample": -0.7167289785537352, "max_depth": 7.0, "num_boost_round": 39.0}, "datetime": {"datetime": "2024-01-19 01:49:52", "elapsed": 5900.160492, "delta": 0.00494}}
{"target": -13.75851450940303, "params": {"gamma": 26.640992718424016, "log10_alpha": -0.9164958244124497, "log10_colsample_bytree": -0.8926610148073056, "log10_eta": -3.7877226908119064, "log10_lambda": -2.7879669736472055, "log10_min_child_weight": 4.320377426217002, "log10_subsample": -0.7167289785537352, "max_depth": 7.0, "num_boost_round": 40.0}, "datetime": {"datetime": "2024-01-19 01:49:52", "elapsed": 5900.165442, "delta": 0.00495}}
{"target": -13.758514066667301, "params": {"gamma": 26.640992718424016, "log10_alpha": -0.9164958244124497, "log10_colsample_bytree": -0.8926610148073056, "log10_eta": -3.7877226908119064, "log10_lambda": -2.7879669736472055, "log10_min_child_weight": 4.320377426217002, "log10_subsample": -0.7167289785537352, "max_depth": 7.0, "num_boost_round": 41.0}, "datetime": {"datetime": "2024-01-19 01:49:52", "elapsed": 5900.170543, "delta": 0.005101}}
{"target": -13.758176286173086, "params": {"gamma": 26.172962415549673, "log10_alpha": 0.5528063717312008, "log10_colsample_bytree": -0.47379763353902826, "log10_eta": -1.2641187592979324, "log10_lambda": -2.2685505416298044, "log10_min_child_weight": 4.135600935961026, "log10_subsample": -0.14177541112671965, "max_depth": 8.0, "num_boost_round": 0.0}, "datetime": {"datetime": "2024-01-19 01:51:45", "elapsed": 6013.750212, "delta": 113.579669}}
{"target": -13.75800459227162, "params": {"gamma": 26.172962415549673, "log10_alpha": 0.5528063717312008, "log10_colsample_bytree": -0.47379763353902826, "log10_eta": -1.2641187592979324, "log10_lambda": -2.2685505416298044, "log10_min_child_weight": 4.135600935961026, "log10_subsample": -0.14177541112671965, "max_depth": 8.0, "num_boost_round": 1.0}, "datetime": {"datetime": "2024-01-19 01:51:45", "elapsed": 6013.755937, "delta": 0.005725}}
{"target": -13.758467764550547, "params": {"gamma": 26.172962415549673, "log10_alpha": 0.5528063717312008, "log10_colsample_bytree": -0.47379763353902826, "log10_eta": -1.2641187592979324, "log10_lambda": -2.2685505416298044, "log10_min_child_weight": 4.135600935961026, "log10_subsample": -0.14177541112671965, "max_depth": 8.0, "num_boost_round": 2.0}, "datetime": {"datetime": "2024-01-19 01:51:45", "elapsed": 6013.760951, "delta": 0.005014}}
{"target": -13.758271623103925, "params": {"gamma": 26.172962415549673, "log10_alpha": 0.5528063717312008, "log10_colsample_bytree": -0.47379763353902826, "log10_eta": -1.2641187592979324, "log10_lambda": -2.2685505416298044, "log10_min_child_weight": 4.135600935961026, "log10_subsample": -0.14177541112671965, "max_depth": 8.0, "num_boost_round": 3.0}, "datetime": {"datetime": "2024-01-19 01:51:45", "elapsed": 6013.76588, "delta": 0.004929}}
{"target": -13.75990395718762, "params": {"gamma": 26.172962415549673, "log10_alpha": 0.5528063717312008, "log10_colsample_bytree": -0.47379763353902826, "log10_eta": -1.2641187592979324, "log10_lambda": -2.2685505416298044, "log10_min_child_weight": 4.135600935961026, "log10_subsample": -0.14177541112671965, "max_depth": 8.0, "num_boost_round": 4.0}, "datetime": {"datetime": "2024-01-19 01:51:45", "elapsed": 6013.770938, "delta": 0.005058}}
{"target": -13.761032550174692, "params": {"gamma": 26.172962415549673, "log10_alpha": 0.5528063717312008, "log10_colsample_bytree": -0.47379763353902826, "log10_eta": -1.2641187592979324, "log10_lambda": -2.2685505416298044, "log10_min_child_weight": 4.135600935961026, "log10_subsample": -0.14177541112671965, "max_depth": 8.0, "num_boost_round": 5.0}, "datetime": {"datetime": "2024-01-19 01:51:45", "elapsed": 6013.883753, "delta": 0.112815}}
{"target": -13.762568624109635, "params": {"gamma": 26.172962415549673, "log10_alpha": 0.5528063717312008, "log10_colsample_bytree": -0.47379763353902826, "log10_eta": -1.2641187592979324, "log10_lambda": -2.2685505416298044, "log10_min_child_weight": 4.135600935961026, "log10_subsample": -0.14177541112671965, "max_depth": 8.0, "num_boost_round": 6.0}, "datetime": {"datetime": "2024-01-19 01:51:45", "elapsed": 6013.88971, "delta": 0.005957}}
{"target": -13.762055416447106, "params": {"gamma": 26.172962415549673, "log10_alpha": 0.5528063717312008, "log10_colsample_bytree": -0.47379763353902826, "log10_eta": -1.2641187592979324, "log10_lambda": -2.2685505416298044, "log10_min_child_weight": 4.135600935961026, "log10_subsample": -0.14177541112671965, "max_depth": 8.0, "num_boost_round": 7.0}, "datetime": {"datetime": "2024-01-19 01:51:45", "elapsed": 6013.895125, "delta": 0.005415}}
{"target": -13.762094013872975, "params": {"gamma": 26.172962415549673, "log10_alpha": 0.5528063717312008, "log10_colsample_bytree": -0.47379763353902826, "log10_eta": -1.2641187592979324, "log10_lambda": -2.2685505416298044, "log10_min_child_weight": 4.135600935961026, "log10_subsample": -0.14177541112671965, "max_depth": 8.0, "num_boost_round": 8.0}, "datetime": {"datetime": "2024-01-19 01:51:45", "elapsed": 6013.900299, "delta": 0.005174}}
{"target": -13.761690233361305, "params": {"gamma": 26.172962415549673, "log10_alpha": 0.5528063717312008, "log10_colsample_bytree": -0.47379763353902826, "log10_eta": -1.2641187592979324, "log10_lambda": -2.2685505416298044, "log10_min_child_weight": 4.135600935961026, "log10_subsample": -0.14177541112671965, "max_depth": 8.0, "num_boost_round": 9.0}, "datetime": {"datetime": "2024-01-19 01:51:45", "elapsed": 6013.905405, "delta": 0.005106}}
{"target": -13.761270873104838, "params": {"gamma": 26.172962415549673, "log10_alpha": 0.5528063717312008, "log10_colsample_bytree": -0.47379763353902826, "log10_eta": -1.2641187592979324, "log10_lambda": -2.2685505416298044, "log10_min_child_weight": 4.135600935961026, "log10_subsample": -0.14177541112671965, "max_depth": 8.0, "num_boost_round": 10.0}, "datetime": {"datetime": "2024-01-19 01:51:45", "elapsed": 6013.910523, "delta": 0.005118}}
{"target": -13.760032950212098, "params": {"gamma": 26.172962415549673, "log10_alpha": 0.5528063717312008, "log10_colsample_bytree": -0.47379763353902826, "log10_eta": -1.2641187592979324, "log10_lambda": -2.2685505416298044, "log10_min_child_weight": 4.135600935961026, "log10_subsample": -0.14177541112671965, "max_depth": 8.0, "num_boost_round": 11.0}, "datetime": {"datetime": "2024-01-19 01:51:45", "elapsed": 6013.915807, "delta": 0.005284}}
{"target": -13.761086549454943, "params": {"gamma": 26.172962415549673, "log10_alpha": 0.5528063717312008, "log10_colsample_bytree": -0.47379763353902826, "log10_eta": -1.2641187592979324, "log10_lambda": -2.2685505416298044, "log10_min_child_weight": 4.135600935961026, "log10_subsample": -0.14177541112671965, "max_depth": 8.0, "num_boost_round": 12.0}, "datetime": {"datetime": "2024-01-19 01:51:45", "elapsed": 6013.920876, "delta": 0.005069}}
{"target": -13.762113630929141, "params": {"gamma": 26.172962415549673, "log10_alpha": 0.5528063717312008, "log10_colsample_bytree": -0.47379763353902826, "log10_eta": -1.2641187592979324, "log10_lambda": -2.2685505416298044, "log10_min_child_weight": 4.135600935961026, "log10_subsample": -0.14177541112671965, "max_depth": 8.0, "num_boost_round": 13.0}, "datetime": {"datetime": "2024-01-19 01:51:45", "elapsed": 6013.925963, "delta": 0.005087}}
{"target": -13.76263581996689, "params": {"gamma": 26.172962415549673, "log10_alpha": 0.5528063717312008, "log10_colsample_bytree": -0.47379763353902826, "log10_eta": -1.2641187592979324, "log10_lambda": -2.2685505416298044, "log10_min_child_weight": 4.135600935961026, "log10_subsample": -0.14177541112671965, "max_depth": 8.0, "num_boost_round": 14.0}, "datetime": {"datetime": "2024-01-19 01:51:45", "elapsed": 6013.931135, "delta": 0.005172}}
{"target": -13.762536762007768, "params": {"gamma": 26.172962415549673, "log10_alpha": 0.5528063717312008, "log10_colsample_bytree": -0.47379763353902826, "log10_eta": -1.2641187592979324, "log10_lambda": -2.2685505416298044, "log10_min_child_weight": 4.135600935961026, "log10_subsample": -0.14177541112671965, "max_depth": 8.0, "num_boost_round": 15.0}, "datetime": {"datetime": "2024-01-19 01:51:45", "elapsed": 6013.936301, "delta": 0.005166}}
{"target": -13.763390367090512, "params": {"gamma": 26.172962415549673, "log10_alpha": 0.5528063717312008, "log10_colsample_bytree": -0.47379763353902826, "log10_eta": -1.2641187592979324, "log10_lambda": -2.2685505416298044, "log10_min_child_weight": 4.135600935961026, "log10_subsample": -0.14177541112671965, "max_depth": 8.0, "num_boost_round": 16.0}, "datetime": {"datetime": "2024-01-19 01:51:45", "elapsed": 6013.941499, "delta": 0.005198}}
{"target": -13.75853713305521, "params": {"gamma": 31.25245967942036, "log10_alpha": -0.466322067323361, "log10_colsample_bytree": -0.5922528884643318, "log10_eta": -3.6850793647437308, "log10_lambda": 0.6057709759083743, "log10_min_child_weight": 4.975103701074487, "log10_subsample": -0.4596508284429325, "max_depth": 3.0, "num_boost_round": 0.0}, "datetime": {"datetime": "2024-01-19 01:52:54", "elapsed": 6082.475478, "delta": 68.533979}}
{"target": -13.758536564951525, "params": {"gamma": 31.25245967942036, "log10_alpha": -0.466322067323361, "log10_colsample_bytree": -0.5922528884643318, "log10_eta": -3.6850793647437308, "log10_lambda": 0.6057709759083743, "log10_min_child_weight": 4.975103701074487, "log10_subsample": -0.4596508284429325, "max_depth": 3.0, "num_boost_round": 1.0}, "datetime": {"datetime": "2024-01-19 01:52:54", "elapsed": 6082.481687, "delta": 0.006209}}
{"target": -13.758536674035946, "params": {"gamma": 31.25245967942036, "log10_alpha": -0.466322067323361, "log10_colsample_bytree": -0.5922528884643318, "log10_eta": -3.6850793647437308, "log10_lambda": 0.6057709759083743, "log10_min_child_weight": 4.975103701074487, "log10_subsample": -0.4596508284429325, "max_depth": 3.0, "num_boost_round": 2.0}, "datetime": {"datetime": "2024-01-19 01:52:54", "elapsed": 6082.486825, "delta": 0.005138}}
{"target": -13.75853674164625, "params": {"gamma": 31.25245967942036, "log10_alpha": -0.466322067323361, "log10_colsample_bytree": -0.5922528884643318, "log10_eta": -3.6850793647437308, "log10_lambda": 0.6057709759083743, "log10_min_child_weight": 4.975103701074487, "log10_subsample": -0.4596508284429325, "max_depth": 3.0, "num_boost_round": 3.0}, "datetime": {"datetime": "2024-01-19 01:52:54", "elapsed": 6082.492172, "delta": 0.005347}}
{"target": -13.758536487006026, "params": {"gamma": 31.25245967942036, "log10_alpha": -0.466322067323361, "log10_colsample_bytree": -0.5922528884643318, "log10_eta": -3.6850793647437308, "log10_lambda": 0.6057709759083743, "log10_min_child_weight": 4.975103701074487, "log10_subsample": -0.4596508284429325, "max_depth": 3.0, "num_boost_round": 4.0}, "datetime": {"datetime": "2024-01-19 01:52:54", "elapsed": 6082.497424, "delta": 0.005252}}
{"target": -13.758535552001826, "params": {"gamma": 31.25245967942036, "log10_alpha": -0.466322067323361, "log10_colsample_bytree": -0.5922528884643318, "log10_eta": -3.6850793647437308, "log10_lambda": 0.6057709759083743, "log10_min_child_weight": 4.975103701074487, "log10_subsample": -0.4596508284429325, "max_depth": 3.0, "num_boost_round": 5.0}, "datetime": {"datetime": "2024-01-19 01:52:54", "elapsed": 6082.502594, "delta": 0.00517}}
{"target": -13.758535075906138, "params": {"gamma": 31.25245967942036, "log10_alpha": -0.466322067323361, "log10_colsample_bytree": -0.5922528884643318, "log10_eta": -3.6850793647437308, "log10_lambda": 0.6057709759083743, "log10_min_child_weight": 4.975103701074487, "log10_subsample": -0.4596508284429325, "max_depth": 3.0, "num_boost_round": 6.0}, "datetime": {"datetime": "2024-01-19 01:52:54", "elapsed": 6082.507945, "delta": 0.005351}}
