{"target": -13.758515793187755, "params": {"gamma": 433.4421986516401, "log10_alpha": -2.930085705858752, "log10_colsample_bytree": -0.011878649933048102, "log10_eta": -3.2024641571702226, "log10_lambda": -1.8691356520465514, "log10_min_child_weight": 0.5259523839471658, "log10_subsample": -0.7655042223782579, "max_depth": 2.0, "num_boost_round": 2.0}, "datetime": {"datetime": "2024-01-19 00:50:39", "elapsed": 2342.900529, "delta": 0.003621}}
{"target": -13.758509479303745, "params": {"gamma": 433.4421986516401, "log10_alpha": -2.930085705858752, "log10_colsample_bytree": -0.011878649933048102, "log10_eta": -3.2024641571702226, "log10_lambda": -1.8691356520465514, "log10_min_child_weight": 0.5259523839471658, "log10_subsample": -0.7655042223782579, "max_depth": 2.0, "num_boost_round": 3.0}, "datetime": {"datetime": "2024-01-19 00:50:39", "elapsed": 2342.904193, "delta": 0.003664}}
{"target": -13.758503033046141, "params": {"gamma": 433.4421986516401, "log10_alpha": -2.930085705858752, "log10_colsample_bytree": -0.011878649933048102, "log10_eta": -3.2024641571702226, "log10_lambda": -1.8691356520465514, "log10_min_child_weight": 0.5259523839471658, "log10_subsample": -0.7655042223782579, "max_depth": 2.0, "num_boost_round": 4.0}, "datetime": {"datetime": "2024-01-19 00:50:39", "elapsed": 2342.907817, "delta": 0.003624}}
{"target": -13.758496996191017, "params": {"gamma": 433.4421986516401, "log10_alpha": -2.930085705858752, "log10_colsample_bytree": -0.011878649933048102, "log10_eta": -3.2024641571702226, "log10_lambda": -1.8691356520465514, "log10_min_child_weight": 0.5259523839471658, "log10_subsample": -0.7655042223782579, "max_depth": 2.0, "num_boost_round": 5.0}, "datetime": {"datetime": "2024-01-19 00:50:39", "elapsed": 2342.911561, "delta": 0.003744}}
{"target": -13.758491126130577, "params": {"gamma": 433.4421986516401, "log10_alpha": -2.930085705858752, "log10_colsample_bytree": -0.011878649933048102, "log10_eta": -3.2024641571702226, "log10_lambda": -1.8691356520465514, "log10_min_child_weight": 0.5259523839471658, "log10_subsample": -0.7655042223782579, "max_depth": 2.0, "num_boost_round": 6.0}, "datetime": {"datetime": "2024-01-19 00:50:39", "elapsed": 2342.915177, "delta": 0.003616}}
{"target": -13.758484824292765, "params": {"gamma": 433.4421986516401, "log10_alpha": -2.930085705858752, "log10_colsample_bytree": -0.011878649933048102, "log10_eta": -3.2024641571702226, "log10_lambda": -1.8691356520465514, "log10_min_child_weight": 0.5259523839471658, "log10_subsample": -0.7655042223782579, "max_depth": 2.0, "num_boost_round": 7.0}, "datetime": {"datetime": "2024-01-19 00:50:39", "elapsed": 2342.918837, "delta": 0.00366}}
{"target": -13.758478302162587, "params": {"gamma": 433.4421986516401, "log10_alpha": -2.930085705858752, "log10_colsample_bytree": -0.011878649933048102, "log10_eta": -3.2024641571702226, "log10_lambda": -1.8691356520465514, "log10_min_child_weight": 0.5259523839471658, "log10_subsample": -0.7655042223782579, "max_depth": 2.0, "num_boost_round": 8.0}, "datetime": {"datetime": "2024-01-19 00:50:39", "elapsed": 2342.922446, "delta": 0.003609}}
{"target": -13.758473140387068, "params": {"gamma": 433.4421986516401, "log10_alpha": -2.930085705858752, "log10_colsample_bytree": -0.011878649933048102, "log10_eta": -3.2024641571702226, "log10_lambda": -1.8691356520465514, "log10_min_child_weight": 0.5259523839471658, "log10_subsample": -0.7655042223782579, "max_depth": 2.0, "num_boost_round": 9.0}, "datetime": {"datetime": "2024-01-19 00:50:39", "elapsed": 2342.92608, "delta": 0.003634}}
{"target": -13.758466518864413, "params": {"gamma": 433.4421986516401, "log10_alpha": -2.930085705858752, "log10_colsample_bytree": -0.011878649933048102, "log10_eta": -3.2024641571702226, "log10_lambda": -1.8691356520465514, "log10_min_child_weight": 0.5259523839471658, "log10_subsample": -0.7655042223782579, "max_depth": 2.0, "num_boost_round": 10.0}, "datetime": {"datetime": "2024-01-19 00:50:39", "elapsed": 2342.92977, "delta": 0.00369}}
{"target": -13.758461454630677, "params": {"gamma": 433.4421986516401, "log10_alpha": -2.930085705858752, "log10_colsample_bytree": -0.011878649933048102, "log10_eta": -3.2024641571702226, "log10_lambda": -1.8691356520465514, "log10_min_child_weight": 0.5259523839471658, "log10_subsample": -0.7655042223782579, "max_depth": 2.0, "num_boost_round": 11.0}, "datetime": {"datetime": "2024-01-19 00:50:39", "elapsed": 2342.93334, "delta": 0.00357}}
{"target": -13.758455299310423, "params": {"gamma": 433.4421986516401, "log10_alpha": -2.930085705858752, "log10_colsample_bytree": -0.011878649933048102, "log10_eta": -3.2024641571702226, "log10_lambda": -1.8691356520465514, "log10_min_child_weight": 0.5259523839471658, "log10_subsample": -0.7655042223782579, "max_depth": 2.0, "num_boost_round": 12.0}, "datetime": {"datetime": "2024-01-19 00:50:39", "elapsed": 2342.936996, "delta": 0.003656}}
{"target": -13.758449840948861, "params": {"gamma": 433.4421986516401, "log10_alpha": -2.930085705858752, "log10_colsample_bytree": -0.011878649933048102, "log10_eta": -3.2024641571702226, "log10_lambda": -1.8691356520465514, "log10_min_child_weight": 0.5259523839471658, "log10_subsample": -0.7655042223782579, "max_depth": 2.0, "num_boost_round": 13.0}, "datetime": {"datetime": "2024-01-19 00:50:39", "elapsed": 2342.94057, "delta": 0.003574}}
{"target": -13.758450664713742, "params": {"gamma": 433.4421986516401, "log10_alpha": -2.930085705858752, "log10_colsample_bytree": -0.011878649933048102, "log10_eta": -3.2024641571702226, "log10_lambda": -1.8691356520465514, "log10_min_child_weight": 0.5259523839471658, "log10_subsample": -0.7655042223782579, "max_depth": 2.0, "num_boost_round": 14.0}, "datetime": {"datetime": "2024-01-19 00:50:39", "elapsed": 2342.944176, "delta": 0.003606}}
{"target": -13.758449855155021, "params": {"gamma": 433.4421986516401, "log10_alpha": -2.930085705858752, "log10_colsample_bytree": -0.011878649933048102, "log10_eta": -3.2024641571702226, "log10_lambda": -1.8691356520465514, "log10_min_child_weight": 0.5259523839471658, "log10_subsample": -0.7655042223782579, "max_depth": 2.0, "num_boost_round": 15.0}, "datetime": {"datetime": "2024-01-19 00:50:39", "elapsed": 2342.947755, "delta": 0.003579}}
{"target": -13.758445122770187, "params": {"gamma": 433.4421986516401, "log10_alpha": -2.930085705858752, "log10_colsample_bytree": -0.011878649933048102, "log10_eta": -3.2024641571702226, "log10_lambda": -1.8691356520465514, "log10_min_child_weight": 0.5259523839471658, "log10_subsample": -0.7655042223782579, "max_depth": 2.0, "num_boost_round": 16.0}, "datetime": {"datetime": "2024-01-19 00:50:39", "elapsed": 2342.951466, "delta": 0.003711}}
{"target": -13.758436443018649, "params": {"gamma": 433.4421986516401, "log10_alpha": -2.930085705858752, "log10_colsample_bytree": -0.011878649933048102, "log10_eta": -3.2024641571702226, "log10_lambda": -1.8691356520465514, "log10_min_child_weight": 0.5259523839471658, "log10_subsample": -0.7655042223782579, "max_depth": 2.0, "num_boost_round": 17.0}, "datetime": {"datetime": "2024-01-19 00:50:39", "elapsed": 2342.955081, "delta": 0.003615}}
{"target": -13.758438686199387, "params": {"gamma": 433.4421986516401, "log10_alpha": -2.930085705858752, "log10_colsample_bytree": -0.011878649933048102, "log10_eta": -3.2024641571702226, "log10_lambda": -1.8691356520465514, "log10_min_child_weight": 0.5259523839471658, "log10_subsample": -0.7655042223782579, "max_depth": 2.0, "num_boost_round": 18.0}, "datetime": {"datetime": "2024-01-19 00:50:39", "elapsed": 2342.958678, "delta": 0.003597}}
{"target": -13.758516095504893, "params": {"gamma": 423.91820682967176, "log10_alpha": -3.8201285747249036, "log10_colsample_bytree": -0.0856632688036546, "log10_eta": -3.323891467135511, "log10_lambda": -4.586261512394274, "log10_min_child_weight": 0.18192805729297656, "log10_subsample": -0.20207285199041813, "max_depth": 9.0, "num_boost_round": 0.0}, "datetime": {"datetime": "2024-01-19 00:52:06", "elapsed": 2429.895657, "delta": 86.936979}}
{"target": -13.758544985031385, "params": {"gamma": 423.91820682967176, "log10_alpha": -3.8201285747249036, "log10_colsample_bytree": -0.0856632688036546, "log10_eta": -3.323891467135511, "log10_lambda": -4.586261512394274, "log10_min_child_weight": 0.18192805729297656, "log10_subsample": -0.20207285199041813, "max_depth": 9.0, "num_boost_round": 1.0}, "datetime": {"datetime": "2024-01-19 00:52:06", "elapsed": 2429.899722, "delta": 0.004065}}
{"target": -13.758552932766957, "params": {"gamma": 423.91820682967176, "log10_alpha": -3.8201285747249036, "log10_colsample_bytree": -0.0856632688036546, "log10_eta": -3.323891467135511, "log10_lambda": -4.586261512394274, "log10_min_child_weight": 0.18192805729297656, "log10_subsample": -0.20207285199041813, "max_depth": 9.0, "num_boost_round": 2.0}, "datetime": {"datetime": "2024-01-19 00:52:06", "elapsed": 2429.903391, "delta": 0.003669}}
{"target": -13.758546246034461, "params": {"gamma": 423.91820682967176, "log10_alpha": -3.8201285747249036, "log10_colsample_bytree": -0.0856632688036546, "log10_eta": -3.323891467135511, "log10_lambda": -4.586261512394274, "log10_min_child_weight": 0.18192805729297656, "log10_subsample": -0.20207285199041813, "max_depth": 9.0, "num_boost_round": 3.0}, "datetime": {"datetime": "2024-01-19 00:52:06", "elapsed": 2429.907032, "delta": 0.003641}}
{"target": -13.75851204749466, "params": {"gamma": 423.91820682967176, "log10_alpha": -3.8201285747249036, "log10_colsample_bytree": -0.0856632688036546, "log10_eta": -3.323891467135511, "log10_lambda": -4.586261512394274, "log10_min_child_weight": 0.18192805729297656, "log10_subsample": -0.20207285199041813, "max_depth": 9.0, "num_boost_round": 4.0}, "datetime": {"datetime": "2024-01-19 00:52:06", "elapsed": 2429.910787, "delta": 0.003755}}
{"target": -13.758523997900138, "params": {"gamma": 423.91820682967176, "log10_alpha": -3.8201285747249036, "log10_colsample_bytree": -0.0856632688036546, "log10_eta": -3.323891467135511, "log10_lambda": -4.586261512394274, "log10_min_child_weight": 0.18192805729297656, "log10_subsample": -0.20207285199041813, "max_depth": 9.0, "num_boost_round": 5.0}, "datetime": {"datetime": "2024-01-19 00:52:06", "elapsed": 2429.914428, "delta": 0.003641}}
{"target": -13.758513089117871, "params": {"gamma": 423.91820682967176, "log10_alpha": -3.8201285747249036, "log10_colsample_bytree": -0.0856632688036546, "log10_eta": -3.323891467135511, "log10_lambda": -4.586261512394274, "log10_min_child_weight": 0.18192805729297656, "log10_subsample": -0.20207285199041813, "max_depth": 9.0, "num_boost_round": 6.0}, "datetime": {"datetime": "2024-01-19 00:52:06", "elapsed": 2429.918086, "delta": 0.003658}}
{"target": -13.758523274506862, "params": {"gamma": 423.91820682967176, "log10_alpha": -3.8201285747249036, "log10_colsample_bytree": -0.0856632688036546, "log10_eta": -3.323891467135511, "log10_lambda": -4.586261512394274, "log10_min_child_weight": 0.18192805729297656, "log10_subsample": -0.20207285199041813, "max_depth": 9.0, "num_boost_round": 7.0}, "datetime": {"datetime": "2024-01-19 00:52:06", "elapsed": 2429.921714, "delta": 0.003628}}
{"target": -13.758534145234174, "params": {"gamma": 423.91820682967176, "log10_alpha": -3.8201285747249036, "log10_colsample_bytree": -0.0856632688036546, "log10_eta": -3.323891467135511, "log10_lambda": -4.586261512394274, "log10_min_child_weight": 0.18192805729297656, "log10_subsample": -0.20207285199041813, "max_depth": 9.0, "num_boost_round": 8.0}, "datetime": {"datetime": "2024-01-19 00:52:06", "elapsed": 2429.925361, "delta": 0.003647}}
{"target": -13.75852494207861, "params": {"gamma": 423.91820682967176, "log10_alpha": -3.8201285747249036, "log10_colsample_bytree": -0.0856632688036546, "log10_eta": -3.323891467135511, "log10_lambda": -4.586261512394274, "log10_min_child_weight": 0.18192805729297656, "log10_subsample": -0.20207285199041813, "max_depth": 9.0, "num_boost_round": 9.0}, "datetime": {"datetime": "2024-01-19 00:52:06", "elapsed": 2429.928991, "delta": 0.00363}}
{"target": -13.758534895548715, "params": {"gamma": 423.91820682967176, "log10_alpha": -3.8201285747249036, "log10_colsample_bytree": -0.0856632688036546, "log10_eta": -3.323891467135511, "log10_lambda": -4.586261512394274, "log10_min_child_weight": 0.18192805729297656, "log10_subsample": -0.20207285199041813, "max_depth": 9.0, "num_boost_round": 10.0}, "datetime": {"datetime": "2024-01-19 00:52:06", "elapsed": 2429.932745, "delta": 0.003754}}
{"target": -13.758548179219314, "params": {"gamma": 423.91820682967176, "log10_alpha": -3.8201285747249036, "log10_colsample_bytree": -0.0856632688036546, "log10_eta": -3.323891467135511, "log10_lambda": -4.586261512394274, "log10_min_child_weight": 0.18192805729297656, "log10_subsample": -0.20207285199041813, "max_depth": 9.0, "num_boost_round": 11.0}, "datetime": {"datetime": "2024-01-19 00:52:06", "elapsed": 2429.936441, "delta": 0.003696}}
{"target": -13.75855378871325, "params": {"gamma": 423.91820682967176, "log10_alpha": -3.8201285747249036, "log10_colsample_bytree": -0.0856632688036546, "log10_eta": -3.323891467135511, "log10_lambda": -4.586261512394274, "log10_min_child_weight": 0.18192805729297656, "log10_subsample": -0.20207285199041813, "max_depth": 9.0, "num_boost_round": 12.0}, "datetime": {"datetime": "2024-01-19 00:52:06", "elapsed": 2430.026206, "delta": 0.089765}}
{"target": -13.758538860449478, "params": {"gamma": 423.91820682967176, "log10_alpha": -3.8201285747249036, "log10_colsample_bytree": -0.0856632688036546, "log10_eta": -3.323891467135511, "log10_lambda": -4.586261512394274, "log10_min_child_weight": 0.18192805729297656, "log10_subsample": -0.20207285199041813, "max_depth": 9.0, "num_boost_round": 13.0}, "datetime": {"datetime": "2024-01-19 00:52:06", "elapsed": 2430.030539, "delta": 0.004333}}
{"target": -13.75855351954563, "params": {"gamma": 423.91820682967176, "log10_alpha": -3.8201285747249036, "log10_colsample_bytree": -0.0856632688036546, "log10_eta": -3.323891467135511, "log10_lambda": -4.586261512394274, "log10_min_child_weight": 0.18192805729297656, "log10_subsample": -0.20207285199041813, "max_depth": 9.0, "num_boost_round": 14.0}, "datetime": {"datetime": "2024-01-19 00:52:06", "elapsed": 2430.034478, "delta": 0.003939}}
{"target": -13.758546976396325, "params": {"gamma": 423.91820682967176, "log10_alpha": -3.8201285747249036, "log10_colsample_bytree": -0.0856632688036546, "log10_eta": -3.323891467135511, "log10_lambda": -4.586261512394274, "log10_min_child_weight": 0.18192805729297656, "log10_subsample": -0.20207285199041813, "max_depth": 9.0, "num_boost_round": 15.0}, "datetime": {"datetime": "2024-01-19 00:52:06", "elapsed": 2430.03822, "delta": 0.003742}}
{"target": -13.75855793264994, "params": {"gamma": 423.91820682967176, "log10_alpha": -3.8201285747249036, "log10_colsample_bytree": -0.0856632688036546, "log10_eta": -3.323891467135511, "log10_lambda": -4.586261512394274, "log10_min_child_weight": 0.18192805729297656, "log10_subsample": -0.20207285199041813, "max_depth": 9.0, "num_boost_round": 16.0}, "datetime": {"datetime": "2024-01-19 00:52:06", "elapsed": 2430.041977, "delta": 0.003757}}
{"target": -13.758566670922773, "params": {"gamma": 423.91820682967176, "log10_alpha": -3.8201285747249036, "log10_colsample_bytree": -0.0856632688036546, "log10_eta": -3.323891467135511, "log10_lambda": -4.586261512394274, "log10_min_child_weight": 0.18192805729297656, "log10_subsample": -0.20207285199041813, "max_depth": 9.0, "num_boost_round": 17.0}, "datetime": {"datetime": "2024-01-19 00:52:06", "elapsed": 2430.045783, "delta": 0.003806}}
{"target": -13.758571863389994, "params": {"gamma": 423.91820682967176, "log10_alpha": -3.8201285747249036, "log10_colsample_bytree": -0.0856632688036546, "log10_eta": -3.323891467135511, "log10_lambda": -4.586261512394274, "log10_min_child_weight": 0.18192805729297656, "log10_subsample": -0.20207285199041813, "max_depth": 9.0, "num_boost_round": 18.0}, "datetime": {"datetime": "2024-01-19 00:52:06", "elapsed": 2430.049774, "delta": 0.003991}}
{"target": -13.758566009406739, "params": {"gamma": 423.91820682967176, "log10_alpha": -3.8201285747249036, "log10_colsample_bytree": -0.0856632688036546, "log10_eta": -3.323891467135511, "log10_lambda": -4.586261512394274, "log10_min_child_weight": 0.18192805729297656, "log10_subsample": -0.20207285199041813, "max_depth": 9.0, "num_boost_round": 19.0}, "datetime": {"datetime": "2024-01-19 00:52:06", "elapsed": 2430.053526, "delta": 0.003752}}
{"target": -13.758570556591225, "params": {"gamma": 423.91820682967176, "log10_alpha": -3.8201285747249036, "log10_colsample_bytree": -0.0856632688036546, "log10_eta": -3.323891467135511, "log10_lambda": -4.586261512394274, "log10_min_child_weight": 0.18192805729297656, "log10_subsample": -0.20207285199041813, "max_depth": 9.0, "num_boost_round": 20.0}, "datetime": {"datetime": "2024-01-19 00:52:06", "elapsed": 2430.057303, "delta": 0.003777}}
{"target": -13.758563641279244, "params": {"gamma": 423.91820682967176, "log10_alpha": -3.8201285747249036, "log10_colsample_bytree": -0.0856632688036546, "log10_eta": -3.323891467135511, "log10_lambda": -4.586261512394274, "log10_min_child_weight": 0.18192805729297656, "log10_subsample": -0.20207285199041813, "max_depth": 9.0, "num_boost_round": 21.0}, "datetime": {"datetime": "2024-01-19 00:52:06", "elapsed": 2430.061042, "delta": 0.003739}}
{"target": -13.758564946606375, "params": {"gamma": 423.91820682967176, "log10_alpha": -3.8201285747249036, "log10_colsample_bytree": -0.0856632688036546, "log10_eta": -3.323891467135511, "log10_lambda": -4.586261512394274, "log10_min_child_weight": 0.18192805729297656, "log10_subsample": -0.20207285199041813, "max_depth": 9.0, "num_boost_round": 22.0}, "datetime": {"datetime": "2024-01-19 00:52:06", "elapsed": 2430.064794, "delta": 0.003752}}
{"target": -13.758573145735427, "params": {"gamma": 423.91820682967176, "log10_alpha": -3.8201285747249036, "log10_colsample_bytree": -0.0856632688036546, "log10_eta": -3.323891467135511, "log10_lambda": -4.586261512394274, "log10_min_child_weight": 0.18192805729297656, "log10_subsample": -0.20207285199041813, "max_depth": 9.0, "num_boost_round": 23.0}, "datetime": {"datetime": "2024-01-19 00:52:06", "elapsed": 2430.068526, "delta": 0.003732}}
{"target": -13.758589252367603, "params": {"gamma": 423.91820682967176, "log10_alpha": -3.8201285747249036, "log10_colsample_bytree": -0.0856632688036546, "log10_eta": -3.323891467135511, "log10_lambda": -4.586261512394274, "log10_min_child_weight": 0.18192805729297656, "log10_subsample": -0.20207285199041813, "max_depth": 9.0, "num_boost_round": 24.0}, "datetime": {"datetime": "2024-01-19 00:52:06", "elapsed": 2430.072836, "delta": 0.00431}}
{"target": -13.75860226263017, "params": {"gamma": 423.91820682967176, "log10_alpha": -3.8201285747249036, "log10_colsample_bytree": -0.0856632688036546, "log10_eta": -3.323891467135511, "log10_lambda": -4.586261512394274, "log10_min_child_weight": 0.18192805729297656, "log10_subsample": -0.20207285199041813, "max_depth": 9.0, "num_boost_round": 25.0}, "datetime": {"datetime": "2024-01-19 00:52:06", "elapsed": 2430.077372, "delta": 0.004536}}
{"target": -13.758609699142303, "params": {"gamma": 423.91820682967176, "log10_alpha": -3.8201285747249036, "log10_colsample_bytree": -0.0856632688036546, "log10_eta": -3.323891467135511, "log10_lambda": -4.586261512394274, "log10_min_child_weight": 0.18192805729297656, "log10_subsample": -0.20207285199041813, "max_depth": 9.0, "num_boost_round": 26.0}, "datetime": {"datetime": "2024-01-19 00:52:06", "elapsed": 2430.081146, "delta": 0.003774}}
{"target": -13.75864009438163, "params": {"gamma": 423.91820682967176, "log10_alpha": -3.8201285747249036, "log10_colsample_bytree": -0.0856632688036546, "log10_eta": -3.323891467135511, "log10_lambda": -4.586261512394274, "log10_min_child_weight": 0.18192805729297656, "log10_subsample": -0.20207285199041813, "max_depth": 9.0, "num_boost_round": 27.0}, "datetime": {"datetime": "2024-01-19 00:52:06", "elapsed": 2430.084893, "delta": 0.003747}}
{"target": -13.758650277877596, "params": {"gamma": 423.91820682967176, "log10_alpha": -3.8201285747249036, "log10_colsample_bytree": -0.0856632688036546, "log10_eta": -3.323891467135511, "log10_lambda": -4.586261512394274, "log10_min_child_weight": 0.18192805729297656, "log10_subsample": -0.20207285199041813, "max_depth": 9.0, "num_boost_round": 28.0}, "datetime": {"datetime": "2024-01-19 00:52:06", "elapsed": 2430.088625, "delta": 0.003732}}
{"target": -13.75863096337768, "params": {"gamma": 423.91820682967176, "log10_alpha": -3.8201285747249036, "log10_colsample_bytree": -0.0856632688036546, "log10_eta": -3.323891467135511, "log10_lambda": -4.586261512394274, "log10_min_child_weight": 0.18192805729297656, "log10_subsample": -0.20207285199041813, "max_depth": 9.0, "num_boost_round": 29.0}, "datetime": {"datetime": "2024-01-19 00:52:06", "elapsed": 2430.092598, "delta": 0.003973}}
{"target": -13.758625005962866, "params": {"gamma": 423.91820682967176, "log10_alpha": -3.8201285747249036, "log10_colsample_bytree": -0.0856632688036546, "log10_eta": -3.323891467135511, "log10_lambda": -4.586261512394274, "log10_min_child_weight": 0.18192805729297656, "log10_subsample": -0.20207285199041813, "max_depth": 9.0, "num_boost_round": 30.0}, "datetime": {"datetime": "2024-01-19 00:52:06", "elapsed": 2430.096566, "delta": 0.003968}}
{"target": -13.758629029018387, "params": {"gamma": 423.91820682967176, "log10_alpha": -3.8201285747249036, "log10_colsample_bytree": -0.0856632688036546, "log10_eta": -3.323891467135511, "log10_lambda": -4.586261512394274, "log10_min_child_weight": 0.18192805729297656, "log10_subsample": -0.20207285199041813, "max_depth": 9.0, "num_boost_round": 31.0}, "datetime": {"datetime": "2024-01-19 00:52:07", "elapsed": 2430.100477, "delta": 0.003911}}
