{"target": -13.758535829706743, "params": {"gamma": 902.7632287536223, "log10_alpha": -2.616946830474445, "log10_colsample_bytree": -0.9102714610307217, "log10_eta": -3.5428657720269614, "log10_lambda": -0.7432051447039658, "log10_min_child_weight": 4.043954256547118, "log10_subsample": -0.7904979447271532, "max_depth": 2.0, "num_boost_round": 24.0}, "datetime": {"datetime": "2024-01-19 01:51:18", "elapsed": 5998.896768, "delta": 0.004664}}
{"target": -13.758535692136, "params": {"gamma": 902.7632287536223, "log10_alpha": -2.616946830474445, "log10_colsample_bytree": -0.9102714610307217, "log10_eta": -3.5428657720269614, "log10_lambda": -0.7432051447039658, "log10_min_child_weight": 4.043954256547118, "log10_subsample": -0.7904979447271532, "max_depth": 2.0, "num_boost_round": 25.0}, "datetime": {"datetime": "2024-01-19 01:51:18", "elapsed": 5998.901276, "delta": 0.004508}}
{"target": -13.758535804803392, "params": {"gamma": 902.7632287536223, "log10_alpha": -2.616946830474445, "log10_colsample_bytree": -0.9102714610307217, "log10_eta": -3.5428657720269614, "log10_lambda": -0.7432051447039658, "log10_min_child_weight": 4.043954256547118, "log10_subsample": -0.7904979447271532, "max_depth": 2.0, "num_boost_round": 26.0}, "datetime": {"datetime": "2024-01-19 01:51:18", "elapsed": 5998.905948, "delta": 0.004672}}
{"target": -13.75853283090668, "params": {"gamma": 902.7632287536223, "log10_alpha": -2.616946830474445, "log10_colsample_bytree": -0.9102714610307217, "log10_eta": -3.5428657720269614, "log10_lambda": -0.7432051447039658, "log10_min_child_weight": 4.043954256547118, "log10_subsample": -0.7904979447271532, "max_depth": 2.0, "num_boost_round": 27.0}, "datetime": {"datetime": "2024-01-19 01:51:18", "elapsed": 5998.910475, "delta": 0.004527}}
{"target": -13.758531492936482, "params": {"gamma": 902.7632287536223, "log10_alpha": -2.616946830474445, "log10_colsample_bytree": -0.9102714610307217, "log10_eta": -3.5428657720269614, "log10_lambda": -0.7432051447039658, "log10_min_child_weight": 4.043954256547118, "log10_subsample": -0.7904979447271532, "max_depth": 2.0, "num_boost_round": 28.0}, "datetime": {"datetime": "2024-01-19 01:51:18", "elapsed": 5998.915111, "delta": 0.004636}}
{"target": -13.7585323591329, "params": {"gamma": 902.7632287536223, "log10_alpha": -2.616946830474445, "log10_colsample_bytree": -0.9102714610307217, "log10_eta": -3.5428657720269614, "log10_lambda": -0.7432051447039658, "log10_min_child_weight": 4.043954256547118, "log10_subsample": -0.7904979447271532, "max_depth": 2.0, "num_boost_round": 29.0}, "datetime": {"datetime": "2024-01-19 01:51:18", "elapsed": 5998.919686, "delta": 0.004575}}
{"target": -13.758532497057606, "params": {"gamma": 902.7632287536223, "log10_alpha": -2.616946830474445, "log10_colsample_bytree": -0.9102714610307217, "log10_eta": -3.5428657720269614, "log10_lambda": -0.7432051447039658, "log10_min_child_weight": 4.043954256547118, "log10_subsample": -0.7904979447271532, "max_depth": 2.0, "num_boost_round": 30.0}, "datetime": {"datetime": "2024-01-19 01:51:18", "elapsed": 5998.924171, "delta": 0.004485}}
{"target": -13.758530449609895, "params": {"gamma": 902.7632287536223, "log10_alpha": -2.616946830474445, "log10_colsample_bytree": -0.9102714610307217, "log10_eta": -3.5428657720269614, "log10_lambda": -0.7432051447039658, "log10_min_child_weight": 4.043954256547118, "log10_subsample": -0.7904979447271532, "max_depth": 2.0, "num_boost_round": 31.0}, "datetime": {"datetime": "2024-01-19 01:51:18", "elapsed": 5998.928702, "delta": 0.004531}}
{"target": -13.758531074491405, "params": {"gamma": 902.7632287536223, "log10_alpha": -2.616946830474445, "log10_colsample_bytree": -0.9102714610307217, "log10_eta": -3.5428657720269614, "log10_lambda": -0.7432051447039658, "log10_min_child_weight": 4.043954256547118, "log10_subsample": -0.7904979447271532, "max_depth": 2.0, "num_boost_round": 32.0}, "datetime": {"datetime": "2024-01-19 01:51:18", "elapsed": 5998.933351, "delta": 0.004649}}
{"target": -13.758528759038938, "params": {"gamma": 902.7632287536223, "log10_alpha": -2.616946830474445, "log10_colsample_bytree": -0.9102714610307217, "log10_eta": -3.5428657720269614, "log10_lambda": -0.7432051447039658, "log10_min_child_weight": 4.043954256547118, "log10_subsample": -0.7904979447271532, "max_depth": 2.0, "num_boost_round": 33.0}, "datetime": {"datetime": "2024-01-19 01:51:18", "elapsed": 5998.938598, "delta": 0.005247}}
{"target": -13.758529020563438, "params": {"gamma": 902.7632287536223, "log10_alpha": -2.616946830474445, "log10_colsample_bytree": -0.9102714610307217, "log10_eta": -3.5428657720269614, "log10_lambda": -0.7432051447039658, "log10_min_child_weight": 4.043954256547118, "log10_subsample": -0.7904979447271532, "max_depth": 2.0, "num_boost_round": 34.0}, "datetime": {"datetime": "2024-01-19 01:51:18", "elapsed": 5998.943188, "delta": 0.00459}}
{"target": -13.759808429030635, "params": {"gamma": 902.5101295921713, "log10_alpha": 0.571897155987001, "log10_colsample_bytree": -0.11337251420323713, "log10_eta": -1.4294965121209797, "log10_lambda": -3.9830344590803977, "log10_min_child_weight": 0.6719116663172708, "log10_subsample": -0.41583689515301125, "max_depth": 5.0, "num_boost_round": 0.0}, "datetime": {"datetime": "2024-01-19 01:52:37", "elapsed": 6077.376966, "delta": 78.433778}}
{"target": -13.761653167496883, "params": {"gamma": 902.5101295921713, "log10_alpha": 0.571897155987001, "log10_colsample_bytree": -0.11337251420323713, "log10_eta": -1.4294965121209797, "log10_lambda": -3.9830344590803977, "log10_min_child_weight": 0.6719116663172708, "log10_subsample": -0.41583689515301125, "max_depth": 5.0, "num_boost_round": 1.0}, "datetime": {"datetime": "2024-01-19 01:52:37", "elapsed": 6077.382205, "delta": 0.005239}}
{"target": -13.761707677855215, "params": {"gamma": 902.5101295921713, "log10_alpha": 0.571897155987001, "log10_colsample_bytree": -0.11337251420323713, "log10_eta": -1.4294965121209797, "log10_lambda": -3.9830344590803977, "log10_min_child_weight": 0.6719116663172708, "log10_subsample": -0.41583689515301125, "max_depth": 5.0, "num_boost_round": 2.0}, "datetime": {"datetime": "2024-01-19 01:52:37", "elapsed": 6077.38679, "delta": 0.004585}}
{"target": -13.762779053225872, "params": {"gamma": 902.5101295921713, "log10_alpha": 0.571897155987001, "log10_colsample_bytree": -0.11337251420323713, "log10_eta": -1.4294965121209797, "log10_lambda": -3.9830344590803977, "log10_min_child_weight": 0.6719116663172708, "log10_subsample": -0.41583689515301125, "max_depth": 5.0, "num_boost_round": 3.0}, "datetime": {"datetime": "2024-01-19 01:52:37", "elapsed": 6077.391434, "delta": 0.004644}}
{"target": -13.764324829676102, "params": {"gamma": 902.5101295921713, "log10_alpha": 0.571897155987001, "log10_colsample_bytree": -0.11337251420323713, "log10_eta": -1.4294965121209797, "log10_lambda": -3.9830344590803977, "log10_min_child_weight": 0.6719116663172708, "log10_subsample": -0.41583689515301125, "max_depth": 5.0, "num_boost_round": 4.0}, "datetime": {"datetime": "2024-01-19 01:52:37", "elapsed": 6077.395919, "delta": 0.004485}}
{"target": -13.764424393999956, "params": {"gamma": 902.5101295921713, "log10_alpha": 0.571897155987001, "log10_colsample_bytree": -0.11337251420323713, "log10_eta": -1.4294965121209797, "log10_lambda": -3.9830344590803977, "log10_min_child_weight": 0.6719116663172708, "log10_subsample": -0.41583689515301125, "max_depth": 5.0, "num_boost_round": 5.0}, "datetime": {"datetime": "2024-01-19 01:52:37", "elapsed": 6077.400585, "delta": 0.004666}}
{"target": -13.767129826321083, "params": {"gamma": 902.5101295921713, "log10_alpha": 0.571897155987001, "log10_colsample_bytree": -0.11337251420323713, "log10_eta": -1.4294965121209797, "log10_lambda": -3.9830344590803977, "log10_min_child_weight": 0.6719116663172708, "log10_subsample": -0.41583689515301125, "max_depth": 5.0, "num_boost_round": 6.0}, "datetime": {"datetime": "2024-01-19 01:52:37", "elapsed": 6077.405223, "delta": 0.004638}}
{"target": -13.770130816025508, "params": {"gamma": 902.5101295921713, "log10_alpha": 0.571897155987001, "log10_colsample_bytree": -0.11337251420323713, "log10_eta": -1.4294965121209797, "log10_lambda": -3.9830344590803977, "log10_min_child_weight": 0.6719116663172708, "log10_subsample": -0.41583689515301125, "max_depth": 5.0, "num_boost_round": 7.0}, "datetime": {"datetime": "2024-01-19 01:52:37", "elapsed": 6077.409916, "delta": 0.004693}}
{"target": -13.773001959917579, "params": {"gamma": 902.5101295921713, "log10_alpha": 0.571897155987001, "log10_colsample_bytree": -0.11337251420323713, "log10_eta": -1.4294965121209797, "log10_lambda": -3.9830344590803977, "log10_min_child_weight": 0.6719116663172708, "log10_subsample": -0.41583689515301125, "max_depth": 5.0, "num_boost_round": 8.0}, "datetime": {"datetime": "2024-01-19 01:52:37", "elapsed": 6077.414541, "delta": 0.004625}}
{"target": -13.775647449529053, "params": {"gamma": 902.5101295921713, "log10_alpha": 0.571897155987001, "log10_colsample_bytree": -0.11337251420323713, "log10_eta": -1.4294965121209797, "log10_lambda": -3.9830344590803977, "log10_min_child_weight": 0.6719116663172708, "log10_subsample": -0.41583689515301125, "max_depth": 5.0, "num_boost_round": 9.0}, "datetime": {"datetime": "2024-01-19 01:52:37", "elapsed": 6077.419075, "delta": 0.004534}}
{"target": -13.778691109715643, "params": {"gamma": 902.5101295921713, "log10_alpha": 0.571897155987001, "log10_colsample_bytree": -0.11337251420323713, "log10_eta": -1.4294965121209797, "log10_lambda": -3.9830344590803977, "log10_min_child_weight": 0.6719116663172708, "log10_subsample": -0.41583689515301125, "max_depth": 5.0, "num_boost_round": 10.0}, "datetime": {"datetime": "2024-01-19 01:52:37", "elapsed": 6077.423758, "delta": 0.004683}}
{"target": -13.779789211629542, "params": {"gamma": 902.5101295921713, "log10_alpha": 0.571897155987001, "log10_colsample_bytree": -0.11337251420323713, "log10_eta": -1.4294965121209797, "log10_lambda": -3.9830344590803977, "log10_min_child_weight": 0.6719116663172708, "log10_subsample": -0.41583689515301125, "max_depth": 5.0, "num_boost_round": 11.0}, "datetime": {"datetime": "2024-01-19 01:52:37", "elapsed": 6077.428456, "delta": 0.004698}}
{"target": -13.781740091788084, "params": {"gamma": 902.5101295921713, "log10_alpha": 0.571897155987001, "log10_colsample_bytree": -0.11337251420323713, "log10_eta": -1.4294965121209797, "log10_lambda": -3.9830344590803977, "log10_min_child_weight": 0.6719116663172708, "log10_subsample": -0.41583689515301125, "max_depth": 5.0, "num_boost_round": 12.0}, "datetime": {"datetime": "2024-01-19 01:52:37", "elapsed": 6077.433058, "delta": 0.004602}}
{"target": -13.782136554582536, "params": {"gamma": 902.5101295921713, "log10_alpha": 0.571897155987001, "log10_colsample_bytree": -0.11337251420323713, "log10_eta": -1.4294965121209797, "log10_lambda": -3.9830344590803977, "log10_min_child_weight": 0.6719116663172708, "log10_subsample": -0.41583689515301125, "max_depth": 5.0, "num_boost_round": 13.0}, "datetime": {"datetime": "2024-01-19 01:52:37", "elapsed": 6077.437693, "delta": 0.004635}}
{"target": -13.78389708342723, "params": {"gamma": 902.5101295921713, "log10_alpha": 0.571897155987001, "log10_colsample_bytree": -0.11337251420323713, "log10_eta": -1.4294965121209797, "log10_lambda": -3.9830344590803977, "log10_min_child_weight": 0.6719116663172708, "log10_subsample": -0.41583689515301125, "max_depth": 5.0, "num_boost_round": 14.0}, "datetime": {"datetime": "2024-01-19 01:52:37", "elapsed": 6077.442257, "delta": 0.004564}}
{"target": -13.78451060784386, "params": {"gamma": 902.5101295921713, "log10_alpha": 0.571897155987001, "log10_colsample_bytree": -0.11337251420323713, "log10_eta": -1.4294965121209797, "log10_lambda": -3.9830344590803977, "log10_min_child_weight": 0.6719116663172708, "log10_subsample": -0.41583689515301125, "max_depth": 5.0, "num_boost_round": 15.0}, "datetime": {"datetime": "2024-01-19 01:52:37", "elapsed": 6077.446964, "delta": 0.004707}}
{"target": -13.78521844686646, "params": {"gamma": 902.5101295921713, "log10_alpha": 0.571897155987001, "log10_colsample_bytree": -0.11337251420323713, "log10_eta": -1.4294965121209797, "log10_lambda": -3.9830344590803977, "log10_min_child_weight": 0.6719116663172708, "log10_subsample": -0.41583689515301125, "max_depth": 5.0, "num_boost_round": 16.0}, "datetime": {"datetime": "2024-01-19 01:52:37", "elapsed": 6077.451442, "delta": 0.004478}}
{"target": -13.785937980544784, "params": {"gamma": 902.5101295921713, "log10_alpha": 0.571897155987001, "log10_colsample_bytree": -0.11337251420323713, "log10_eta": -1.4294965121209797, "log10_lambda": -3.9830344590803977, "log10_min_child_weight": 0.6719116663172708, "log10_subsample": -0.41583689515301125, "max_depth": 5.0, "num_boost_round": 17.0}, "datetime": {"datetime": "2024-01-19 01:52:37", "elapsed": 6077.456091, "delta": 0.004649}}
{"target": -13.787622213909, "params": {"gamma": 902.5101295921713, "log10_alpha": 0.571897155987001, "log10_colsample_bytree": -0.11337251420323713, "log10_eta": -1.4294965121209797, "log10_lambda": -3.9830344590803977, "log10_min_child_weight": 0.6719116663172708, "log10_subsample": -0.41583689515301125, "max_depth": 5.0, "num_boost_round": 18.0}, "datetime": {"datetime": "2024-01-19 01:52:37", "elapsed": 6077.460552, "delta": 0.004461}}
{"target": -13.787764471471542, "params": {"gamma": 902.5101295921713, "log10_alpha": 0.571897155987001, "log10_colsample_bytree": -0.11337251420323713, "log10_eta": -1.4294965121209797, "log10_lambda": -3.9830344590803977, "log10_min_child_weight": 0.6719116663172708, "log10_subsample": -0.41583689515301125, "max_depth": 5.0, "num_boost_round": 19.0}, "datetime": {"datetime": "2024-01-19 01:52:37", "elapsed": 6077.465223, "delta": 0.004671}}
{"target": -13.789562987394028, "params": {"gamma": 902.5101295921713, "log10_alpha": 0.571897155987001, "log10_colsample_bytree": -0.11337251420323713, "log10_eta": -1.4294965121209797, "log10_lambda": -3.9830344590803977, "log10_min_child_weight": 0.6719116663172708, "log10_subsample": -0.41583689515301125, "max_depth": 5.0, "num_boost_round": 20.0}, "datetime": {"datetime": "2024-01-19 01:52:37", "elapsed": 6077.470523, "delta": 0.0053}}
{"target": -13.790045466020894, "params": {"gamma": 902.5101295921713, "log10_alpha": 0.571897155987001, "log10_colsample_bytree": -0.11337251420323713, "log10_eta": -1.4294965121209797, "log10_lambda": -3.9830344590803977, "log10_min_child_weight": 0.6719116663172708, "log10_subsample": -0.41583689515301125, "max_depth": 5.0, "num_boost_round": 21.0}, "datetime": {"datetime": "2024-01-19 01:52:37", "elapsed": 6077.475228, "delta": 0.004705}}
{"target": -13.79054907036329, "params": {"gamma": 902.5101295921713, "log10_alpha": 0.571897155987001, "log10_colsample_bytree": -0.11337251420323713, "log10_eta": -1.4294965121209797, "log10_lambda": -3.9830344590803977, "log10_min_child_weight": 0.6719116663172708, "log10_subsample": -0.41583689515301125, "max_depth": 5.0, "num_boost_round": 22.0}, "datetime": {"datetime": "2024-01-19 01:52:37", "elapsed": 6077.479813, "delta": 0.004585}}
{"target": -13.790735483969636, "params": {"gamma": 902.5101295921713, "log10_alpha": 0.571897155987001, "log10_colsample_bytree": -0.11337251420323713, "log10_eta": -1.4294965121209797, "log10_lambda": -3.9830344590803977, "log10_min_child_weight": 0.6719116663172708, "log10_subsample": -0.41583689515301125, "max_depth": 5.0, "num_boost_round": 23.0}, "datetime": {"datetime": "2024-01-19 01:52:37", "elapsed": 6077.484681, "delta": 0.004868}}
{"target": -13.790264802654193, "params": {"gamma": 902.5101295921713, "log10_alpha": 0.571897155987001, "log10_colsample_bytree": -0.11337251420323713, "log10_eta": -1.4294965121209797, "log10_lambda": -3.9830344590803977, "log10_min_child_weight": 0.6719116663172708, "log10_subsample": -0.41583689515301125, "max_depth": 5.0, "num_boost_round": 24.0}, "datetime": {"datetime": "2024-01-19 01:52:37", "elapsed": 6077.489168, "delta": 0.004487}}
{"target": -13.791232866951743, "params": {"gamma": 902.5101295921713, "log10_alpha": 0.571897155987001, "log10_colsample_bytree": -0.11337251420323713, "log10_eta": -1.4294965121209797, "log10_lambda": -3.9830344590803977, "log10_min_child_weight": 0.6719116663172708, "log10_subsample": -0.41583689515301125, "max_depth": 5.0, "num_boost_round": 25.0}, "datetime": {"datetime": "2024-01-19 01:52:37", "elapsed": 6077.493845, "delta": 0.004677}}
{"target": -13.793485601207747, "params": {"gamma": 902.5101295921713, "log10_alpha": 0.571897155987001, "log10_colsample_bytree": -0.11337251420323713, "log10_eta": -1.4294965121209797, "log10_lambda": -3.9830344590803977, "log10_min_child_weight": 0.6719116663172708, "log10_subsample": -0.41583689515301125, "max_depth": 5.0, "num_boost_round": 26.0}, "datetime": {"datetime": "2024-01-19 01:52:37", "elapsed": 6077.498354, "delta": 0.004509}}
{"target": -13.794607536566788, "params": {"gamma": 902.5101295921713, "log10_alpha": 0.571897155987001, "log10_colsample_bytree": -0.11337251420323713, "log10_eta": -1.4294965121209797, "log10_lambda": -3.9830344590803977, "log10_min_child_weight": 0.6719116663172708, "log10_subsample": -0.41583689515301125, "max_depth": 5.0, "num_boost_round": 27.0}, "datetime": {"datetime": "2024-01-19 01:52:37", "elapsed": 6077.503, "delta": 0.004646}}
{"target": -13.7948416258154, "params": {"gamma": 902.5101295921713, "log10_alpha": 0.571897155987001, "log10_colsample_bytree": -0.11337251420323713, "log10_eta": -1.4294965121209797, "log10_lambda": -3.9830344590803977, "log10_min_child_weight": 0.6719116663172708, "log10_subsample": -0.41583689515301125, "max_depth": 5.0, "num_boost_round": 28.0}, "datetime": {"datetime": "2024-01-19 01:52:37", "elapsed": 6077.507751, "delta": 0.004751}}
{"target": -13.797992143375168, "params": {"gamma": 902.5101295921713, "log10_alpha": 0.571897155987001, "log10_colsample_bytree": -0.11337251420323713, "log10_eta": -1.4294965121209797, "log10_lambda": -3.9830344590803977, "log10_min_child_weight": 0.6719116663172708, "log10_subsample": -0.41583689515301125, "max_depth": 5.0, "num_boost_round": 29.0}, "datetime": {"datetime": "2024-01-19 01:52:37", "elapsed": 6077.512626, "delta": 0.004875}}
{"target": -13.799048342580022, "params": {"gamma": 902.5101295921713, "log10_alpha": 0.571897155987001, "log10_colsample_bytree": -0.11337251420323713, "log10_eta": -1.4294965121209797, "log10_lambda": -3.9830344590803977, "log10_min_child_weight": 0.6719116663172708, "log10_subsample": -0.41583689515301125, "max_depth": 5.0, "num_boost_round": 30.0}, "datetime": {"datetime": "2024-01-19 01:52:37", "elapsed": 6077.517176, "delta": 0.00455}}
{"target": -13.799789053757824, "params": {"gamma": 902.5101295921713, "log10_alpha": 0.571897155987001, "log10_colsample_bytree": -0.11337251420323713, "log10_eta": -1.4294965121209797, "log10_lambda": -3.9830344590803977, "log10_min_child_weight": 0.6719116663172708, "log10_subsample": -0.41583689515301125, "max_depth": 5.0, "num_boost_round": 31.0}, "datetime": {"datetime": "2024-01-19 01:52:37", "elapsed": 6077.521826, "delta": 0.00465}}
{"target": -13.801109322088992, "params": {"gamma": 902.5101295921713, "log10_alpha": 0.571897155987001, "log10_colsample_bytree": -0.11337251420323713, "log10_eta": -1.4294965121209797, "log10_lambda": -3.9830344590803977, "log10_min_child_weight": 0.6719116663172708, "log10_subsample": -0.41583689515301125, "max_depth": 5.0, "num_boost_round": 32.0}, "datetime": {"datetime": "2024-01-19 01:52:37", "elapsed": 6077.526345, "delta": 0.004519}}
{"target": -13.802233001461738, "params": {"gamma": 902.5101295921713, "log10_alpha": 0.571897155987001, "log10_colsample_bytree": -0.11337251420323713, "log10_eta": -1.4294965121209797, "log10_lambda": -3.9830344590803977, "log10_min_child_weight": 0.6719116663172708, "log10_subsample": -0.41583689515301125, "max_depth": 5.0, "num_boost_round": 33.0}, "datetime": {"datetime": "2024-01-19 01:52:37", "elapsed": 6077.530859, "delta": 0.004514}}
{"target": -13.803152259969265, "params": {"gamma": 902.5101295921713, "log10_alpha": 0.571897155987001, "log10_colsample_bytree": -0.11337251420323713, "log10_eta": -1.4294965121209797, "log10_lambda": -3.9830344590803977, "log10_min_child_weight": 0.6719116663172708, "log10_subsample": -0.41583689515301125, "max_depth": 5.0, "num_boost_round": 34.0}, "datetime": {"datetime": "2024-01-19 01:52:37", "elapsed": 6077.535418, "delta": 0.004559}}
{"target": -13.807358363884655, "params": {"gamma": 902.5101295921713, "log10_alpha": 0.571897155987001, "log10_colsample_bytree": -0.11337251420323713, "log10_eta": -1.4294965121209797, "log10_lambda": -3.9830344590803977, "log10_min_child_weight": 0.6719116663172708, "log10_subsample": -0.41583689515301125, "max_depth": 5.0, "num_boost_round": 35.0}, "datetime": {"datetime": "2024-01-19 01:52:37", "elapsed": 6077.540141, "delta": 0.004723}}
{"target": -13.810323448337828, "params": {"gamma": 902.5101295921713, "log10_alpha": 0.571897155987001, "log10_colsample_bytree": -0.11337251420323713, "log10_eta": -1.4294965121209797, "log10_lambda": -3.9830344590803977, "log10_min_child_weight": 0.6719116663172708, "log10_subsample": -0.41583689515301125, "max_depth": 5.0, "num_boost_round": 36.0}, "datetime": {"datetime": "2024-01-19 01:52:37", "elapsed": 6077.544677, "delta": 0.004536}}
{"target": -13.758519462153595, "params": {"gamma": 77.8483174663559, "log10_alpha": -3.5016448389259414, "log10_colsample_bytree": -0.3561762405053841, "log10_eta": -2.7244215679881028, "log10_lambda": -1.9942617032079992, "log10_min_child_weight": 3.0565535712777647, "log10_subsample": -0.3436052193884812, "max_depth": 6.0, "num_boost_round": 0.0}, "datetime": {"datetime": "2024-01-19 01:53:35", "elapsed": 6135.854513, "delta": 58.309836}}
