{"target": -13.758348055756304, "params": {"gamma": 204.6813303014472, "log10_alpha": -3.1184106744923334, "log10_colsample_bytree": -0.5332377891971811, "log10_eta": -3.277485871487706, "log10_lambda": -0.224253760409443, "log10_min_child_weight": 3.2131734962143317, "log10_subsample": -0.3004625173223797, "max_depth": 6.0, "num_boost_round": 18.0}, "datetime": {"datetime": "2024-01-19 00:19:26", "elapsed": 474.529167, "delta": 0.000745}}
{"target": -13.758511604566072, "params": {"gamma": 198.1478339327246, "log10_alpha": -0.29019607057444663, "log10_colsample_bytree": -0.19056223153134944, "log10_eta": -2.854230618292118, "log10_lambda": -4.7910539009911925, "log10_min_child_weight": 1.0816507343419557, "log10_subsample": -0.9919422237966802, "max_depth": 7.0, "num_boost_round": 0.0}, "datetime": {"datetime": "2024-01-19 00:19:51", "elapsed": 499.202493, "delta": 24.673326}}
{"target": -13.758457129065766, "params": {"gamma": 198.1478339327246, "log10_alpha": -0.29019607057444663, "log10_colsample_bytree": -0.19056223153134944, "log10_eta": -2.854230618292118, "log10_lambda": -4.7910539009911925, "log10_min_child_weight": 1.0816507343419557, "log10_subsample": -0.9919422237966802, "max_depth": 7.0, "num_boost_round": 1.0}, "datetime": {"datetime": "2024-01-19 00:19:51", "elapsed": 499.203947, "delta": 0.001454}}
{"target": -13.758407556452143, "params": {"gamma": 198.1478339327246, "log10_alpha": -0.29019607057444663, "log10_colsample_bytree": -0.19056223153134944, "log10_eta": -2.854230618292118, "log10_lambda": -4.7910539009911925, "log10_min_child_weight": 1.0816507343419557, "log10_subsample": -0.9919422237966802, "max_depth": 7.0, "num_boost_round": 2.0}, "datetime": {"datetime": "2024-01-19 00:19:51", "elapsed": 499.204899, "delta": 0.000952}}
{"target": -13.758358495228485, "params": {"gamma": 198.1478339327246, "log10_alpha": -0.29019607057444663, "log10_colsample_bytree": -0.19056223153134944, "log10_eta": -2.854230618292118, "log10_lambda": -4.7910539009911925, "log10_min_child_weight": 1.0816507343419557, "log10_subsample": -0.9919422237966802, "max_depth": 7.0, "num_boost_round": 3.0}, "datetime": {"datetime": "2024-01-19 00:19:51", "elapsed": 499.206008, "delta": 0.001109}}
{"target": -13.75833549211097, "params": {"gamma": 198.1478339327246, "log10_alpha": -0.29019607057444663, "log10_colsample_bytree": -0.19056223153134944, "log10_eta": -2.854230618292118, "log10_lambda": -4.7910539009911925, "log10_min_child_weight": 1.0816507343419557, "log10_subsample": -0.9919422237966802, "max_depth": 7.0, "num_boost_round": 4.0}, "datetime": {"datetime": "2024-01-19 00:19:51", "elapsed": 499.206918, "delta": 0.00091}}
{"target": -13.758354819772586, "params": {"gamma": 198.1478339327246, "log10_alpha": -0.29019607057444663, "log10_colsample_bytree": -0.19056223153134944, "log10_eta": -2.854230618292118, "log10_lambda": -4.7910539009911925, "log10_min_child_weight": 1.0816507343419557, "log10_subsample": -0.9919422237966802, "max_depth": 7.0, "num_boost_round": 5.0}, "datetime": {"datetime": "2024-01-19 00:19:51", "elapsed": 499.20771, "delta": 0.000792}}
{"target": -13.758341195794188, "params": {"gamma": 198.1478339327246, "log10_alpha": -0.29019607057444663, "log10_colsample_bytree": -0.19056223153134944, "log10_eta": -2.854230618292118, "log10_lambda": -4.7910539009911925, "log10_min_child_weight": 1.0816507343419557, "log10_subsample": -0.9919422237966802, "max_depth": 7.0, "num_boost_round": 6.0}, "datetime": {"datetime": "2024-01-19 00:19:51", "elapsed": 499.208478, "delta": 0.000768}}
{"target": -13.758291683696884, "params": {"gamma": 198.1478339327246, "log10_alpha": -0.29019607057444663, "log10_colsample_bytree": -0.19056223153134944, "log10_eta": -2.854230618292118, "log10_lambda": -4.7910539009911925, "log10_min_child_weight": 1.0816507343419557, "log10_subsample": -0.9919422237966802, "max_depth": 7.0, "num_boost_round": 7.0}, "datetime": {"datetime": "2024-01-19 00:19:51", "elapsed": 499.209238, "delta": 0.00076}}
{"target": -13.758248709518755, "params": {"gamma": 198.1478339327246, "log10_alpha": -0.29019607057444663, "log10_colsample_bytree": -0.19056223153134944, "log10_eta": -2.854230618292118, "log10_lambda": -4.7910539009911925, "log10_min_child_weight": 1.0816507343419557, "log10_subsample": -0.9919422237966802, "max_depth": 7.0, "num_boost_round": 8.0}, "datetime": {"datetime": "2024-01-19 00:19:51", "elapsed": 499.210013, "delta": 0.000775}}
{"target": -13.75819609215555, "params": {"gamma": 198.1478339327246, "log10_alpha": -0.29019607057444663, "log10_colsample_bytree": -0.19056223153134944, "log10_eta": -2.854230618292118, "log10_lambda": -4.7910539009911925, "log10_min_child_weight": 1.0816507343419557, "log10_subsample": -0.9919422237966802, "max_depth": 7.0, "num_boost_round": 9.0}, "datetime": {"datetime": "2024-01-19 00:19:51", "elapsed": 499.210785, "delta": 0.000772}}
{"target": -13.758159637575218, "params": {"gamma": 198.1478339327246, "log10_alpha": -0.29019607057444663, "log10_colsample_bytree": -0.19056223153134944, "log10_eta": -2.854230618292118, "log10_lambda": -4.7910539009911925, "log10_min_child_weight": 1.0816507343419557, "log10_subsample": -0.9919422237966802, "max_depth": 7.0, "num_boost_round": 10.0}, "datetime": {"datetime": "2024-01-19 00:19:51", "elapsed": 499.211658, "delta": 0.000873}}
{"target": -13.75813266263331, "params": {"gamma": 198.1478339327246, "log10_alpha": -0.29019607057444663, "log10_colsample_bytree": -0.19056223153134944, "log10_eta": -2.854230618292118, "log10_lambda": -4.7910539009911925, "log10_min_child_weight": 1.0816507343419557, "log10_subsample": -0.9919422237966802, "max_depth": 7.0, "num_boost_round": 11.0}, "datetime": {"datetime": "2024-01-19 00:19:51", "elapsed": 499.212411, "delta": 0.000753}}
{"target": -13.75809573355852, "params": {"gamma": 198.1478339327246, "log10_alpha": -0.29019607057444663, "log10_colsample_bytree": -0.19056223153134944, "log10_eta": -2.854230618292118, "log10_lambda": -4.7910539009911925, "log10_min_child_weight": 1.0816507343419557, "log10_subsample": -0.9919422237966802, "max_depth": 7.0, "num_boost_round": 12.0}, "datetime": {"datetime": "2024-01-19 00:19:51", "elapsed": 499.213177, "delta": 0.000766}}
{"target": -13.758102772402124, "params": {"gamma": 198.1478339327246, "log10_alpha": -0.29019607057444663, "log10_colsample_bytree": -0.19056223153134944, "log10_eta": -2.854230618292118, "log10_lambda": -4.7910539009911925, "log10_min_child_weight": 1.0816507343419557, "log10_subsample": -0.9919422237966802, "max_depth": 7.0, "num_boost_round": 13.0}, "datetime": {"datetime": "2024-01-19 00:19:51", "elapsed": 499.213939, "delta": 0.000762}}
{"target": -13.757940780502283, "params": {"gamma": 198.1478339327246, "log10_alpha": -0.29019607057444663, "log10_colsample_bytree": -0.19056223153134944, "log10_eta": -2.854230618292118, "log10_lambda": -4.7910539009911925, "log10_min_child_weight": 1.0816507343419557, "log10_subsample": -0.9919422237966802, "max_depth": 7.0, "num_boost_round": 14.0}, "datetime": {"datetime": "2024-01-19 00:19:51", "elapsed": 499.214715, "delta": 0.000776}}
{"target": -13.75787733064159, "params": {"gamma": 198.1478339327246, "log10_alpha": -0.29019607057444663, "log10_colsample_bytree": -0.19056223153134944, "log10_eta": -2.854230618292118, "log10_lambda": -4.7910539009911925, "log10_min_child_weight": 1.0816507343419557, "log10_subsample": -0.9919422237966802, "max_depth": 7.0, "num_boost_round": 15.0}, "datetime": {"datetime": "2024-01-19 00:19:51", "elapsed": 499.215507, "delta": 0.000792}}
{"target": -13.757849994126438, "params": {"gamma": 198.1478339327246, "log10_alpha": -0.29019607057444663, "log10_colsample_bytree": -0.19056223153134944, "log10_eta": -2.854230618292118, "log10_lambda": -4.7910539009911925, "log10_min_child_weight": 1.0816507343419557, "log10_subsample": -0.9919422237966802, "max_depth": 7.0, "num_boost_round": 16.0}, "datetime": {"datetime": "2024-01-19 00:19:51", "elapsed": 499.216281, "delta": 0.000774}}
{"target": -13.75782157241878, "params": {"gamma": 198.1478339327246, "log10_alpha": -0.29019607057444663, "log10_colsample_bytree": -0.19056223153134944, "log10_eta": -2.854230618292118, "log10_lambda": -4.7910539009911925, "log10_min_child_weight": 1.0816507343419557, "log10_subsample": -0.9919422237966802, "max_depth": 7.0, "num_boost_round": 17.0}, "datetime": {"datetime": "2024-01-19 00:19:51", "elapsed": 499.217173, "delta": 0.000892}}
{"target": -13.757757913356956, "params": {"gamma": 198.1478339327246, "log10_alpha": -0.29019607057444663, "log10_colsample_bytree": -0.19056223153134944, "log10_eta": -2.854230618292118, "log10_lambda": -4.7910539009911925, "log10_min_child_weight": 1.0816507343419557, "log10_subsample": -0.9919422237966802, "max_depth": 7.0, "num_boost_round": 18.0}, "datetime": {"datetime": "2024-01-19 00:19:51", "elapsed": 499.217952, "delta": 0.000779}}
{"target": -13.757679737776707, "params": {"gamma": 198.1478339327246, "log10_alpha": -0.29019607057444663, "log10_colsample_bytree": -0.19056223153134944, "log10_eta": -2.854230618292118, "log10_lambda": -4.7910539009911925, "log10_min_child_weight": 1.0816507343419557, "log10_subsample": -0.9919422237966802, "max_depth": 7.0, "num_boost_round": 19.0}, "datetime": {"datetime": "2024-01-19 00:19:51", "elapsed": 499.218733, "delta": 0.000781}}
{"target": -13.757569290165227, "params": {"gamma": 198.1478339327246, "log10_alpha": -0.29019607057444663, "log10_colsample_bytree": -0.19056223153134944, "log10_eta": -2.854230618292118, "log10_lambda": -4.7910539009911925, "log10_min_child_weight": 1.0816507343419557, "log10_subsample": -0.9919422237966802, "max_depth": 7.0, "num_boost_round": 20.0}, "datetime": {"datetime": "2024-01-19 00:19:51", "elapsed": 499.219615, "delta": 0.000882}}
{"target": -13.757521170412796, "params": {"gamma": 198.1478339327246, "log10_alpha": -0.29019607057444663, "log10_colsample_bytree": -0.19056223153134944, "log10_eta": -2.854230618292118, "log10_lambda": -4.7910539009911925, "log10_min_child_weight": 1.0816507343419557, "log10_subsample": -0.9919422237966802, "max_depth": 7.0, "num_boost_round": 21.0}, "datetime": {"datetime": "2024-01-19 00:19:51", "elapsed": 499.220394, "delta": 0.000779}}
{"target": -13.758541205910255, "params": {"gamma": 204.1026456235552, "log10_alpha": -0.49763428391726094, "log10_colsample_bytree": -0.17934681580986545, "log10_eta": -3.4326797162541984, "log10_lambda": -2.198643190946047, "log10_min_child_weight": 0.5375998316950886, "log10_subsample": -0.09709540061782307, "max_depth": 6.0, "num_boost_round": 0.0}, "datetime": {"datetime": "2024-01-19 00:20:14", "elapsed": 522.176551, "delta": 22.956157}}
{"target": -13.758537273121698, "params": {"gamma": 204.1026456235552, "log10_alpha": -0.49763428391726094, "log10_colsample_bytree": -0.17934681580986545, "log10_eta": -3.4326797162541984, "log10_lambda": -2.198643190946047, "log10_min_child_weight": 0.5375998316950886, "log10_subsample": -0.09709540061782307, "max_depth": 6.0, "num_boost_round": 1.0}, "datetime": {"datetime": "2024-01-19 00:20:14", "elapsed": 522.177884, "delta": 0.001333}}
{"target": -13.758529856057613, "params": {"gamma": 204.1026456235552, "log10_alpha": -0.49763428391726094, "log10_colsample_bytree": -0.17934681580986545, "log10_eta": -3.4326797162541984, "log10_lambda": -2.198643190946047, "log10_min_child_weight": 0.5375998316950886, "log10_subsample": -0.09709540061782307, "max_depth": 6.0, "num_boost_round": 2.0}, "datetime": {"datetime": "2024-01-19 00:20:14", "elapsed": 522.178965, "delta": 0.001081}}
{"target": -13.758522091002567, "params": {"gamma": 204.1026456235552, "log10_alpha": -0.49763428391726094, "log10_colsample_bytree": -0.17934681580986545, "log10_eta": -3.4326797162541984, "log10_lambda": -2.198643190946047, "log10_min_child_weight": 0.5375998316950886, "log10_subsample": -0.09709540061782307, "max_depth": 6.0, "num_boost_round": 3.0}, "datetime": {"datetime": "2024-01-19 00:20:14", "elapsed": 522.1799, "delta": 0.000935}}
{"target": -13.758508383277796, "params": {"gamma": 204.1026456235552, "log10_alpha": -0.49763428391726094, "log10_colsample_bytree": -0.17934681580986545, "log10_eta": -3.4326797162541984, "log10_lambda": -2.198643190946047, "log10_min_child_weight": 0.5375998316950886, "log10_subsample": -0.09709540061782307, "max_depth": 6.0, "num_boost_round": 4.0}, "datetime": {"datetime": "2024-01-19 00:20:14", "elapsed": 522.180698, "delta": 0.000798}}
{"target": -13.75850466093412, "params": {"gamma": 204.1026456235552, "log10_alpha": -0.49763428391726094, "log10_colsample_bytree": -0.17934681580986545, "log10_eta": -3.4326797162541984, "log10_lambda": -2.198643190946047, "log10_min_child_weight": 0.5375998316950886, "log10_subsample": -0.09709540061782307, "max_depth": 6.0, "num_boost_round": 5.0}, "datetime": {"datetime": "2024-01-19 00:20:14", "elapsed": 522.181626, "delta": 0.000928}}
{"target": -13.758487464627066, "params": {"gamma": 204.1026456235552, "log10_alpha": -0.49763428391726094, "log10_colsample_bytree": -0.17934681580986545, "log10_eta": -3.4326797162541984, "log10_lambda": -2.198643190946047, "log10_min_child_weight": 0.5375998316950886, "log10_subsample": -0.09709540061782307, "max_depth": 6.0, "num_boost_round": 6.0}, "datetime": {"datetime": "2024-01-19 00:20:14", "elapsed": 522.182574, "delta": 0.000948}}
{"target": -13.758479994717714, "params": {"gamma": 204.1026456235552, "log10_alpha": -0.49763428391726094, "log10_colsample_bytree": -0.17934681580986545, "log10_eta": -3.4326797162541984, "log10_lambda": -2.198643190946047, "log10_min_child_weight": 0.5375998316950886, "log10_subsample": -0.09709540061782307, "max_depth": 6.0, "num_boost_round": 7.0}, "datetime": {"datetime": "2024-01-19 00:20:14", "elapsed": 522.183356, "delta": 0.000782}}
{"target": -13.758476253780298, "params": {"gamma": 204.1026456235552, "log10_alpha": -0.49763428391726094, "log10_colsample_bytree": -0.17934681580986545, "log10_eta": -3.4326797162541984, "log10_lambda": -2.198643190946047, "log10_min_child_weight": 0.5375998316950886, "log10_subsample": -0.09709540061782307, "max_depth": 6.0, "num_boost_round": 8.0}, "datetime": {"datetime": "2024-01-19 00:20:14", "elapsed": 522.184146, "delta": 0.00079}}
{"target": -13.758466926608865, "params": {"gamma": 204.1026456235552, "log10_alpha": -0.49763428391726094, "log10_colsample_bytree": -0.17934681580986545, "log10_eta": -3.4326797162541984, "log10_lambda": -2.198643190946047, "log10_min_child_weight": 0.5375998316950886, "log10_subsample": -0.09709540061782307, "max_depth": 6.0, "num_boost_round": 9.0}, "datetime": {"datetime": "2024-01-19 00:20:14", "elapsed": 522.184935, "delta": 0.000789}}
{"target": -13.758469156268976, "params": {"gamma": 204.1026456235552, "log10_alpha": -0.49763428391726094, "log10_colsample_bytree": -0.17934681580986545, "log10_eta": -3.4326797162541984, "log10_lambda": -2.198643190946047, "log10_min_child_weight": 0.5375998316950886, "log10_subsample": -0.09709540061782307, "max_depth": 6.0, "num_boost_round": 10.0}, "datetime": {"datetime": "2024-01-19 00:20:14", "elapsed": 522.185788, "delta": 0.000853}}
{"target": -13.758451305977838, "params": {"gamma": 204.1026456235552, "log10_alpha": -0.49763428391726094, "log10_colsample_bytree": -0.17934681580986545, "log10_eta": -3.4326797162541984, "log10_lambda": -2.198643190946047, "log10_min_child_weight": 0.5375998316950886, "log10_subsample": -0.09709540061782307, "max_depth": 6.0, "num_boost_round": 11.0}, "datetime": {"datetime": "2024-01-19 00:20:14", "elapsed": 522.186591, "delta": 0.000803}}
{"target": -13.758449748272728, "params": {"gamma": 204.1026456235552, "log10_alpha": -0.49763428391726094, "log10_colsample_bytree": -0.17934681580986545, "log10_eta": -3.4326797162541984, "log10_lambda": -2.198643190946047, "log10_min_child_weight": 0.5375998316950886, "log10_subsample": -0.09709540061782307, "max_depth": 6.0, "num_boost_round": 12.0}, "datetime": {"datetime": "2024-01-19 00:20:14", "elapsed": 522.187382, "delta": 0.000791}}
{"target": -13.75845333082813, "params": {"gamma": 204.1026456235552, "log10_alpha": -0.49763428391726094, "log10_colsample_bytree": -0.17934681580986545, "log10_eta": -3.4326797162541984, "log10_lambda": -2.198643190946047, "log10_min_child_weight": 0.5375998316950886, "log10_subsample": -0.09709540061782307, "max_depth": 6.0, "num_boost_round": 13.0}, "datetime": {"datetime": "2024-01-19 00:20:14", "elapsed": 522.18817, "delta": 0.000788}}
{"target": -13.758456074830319, "params": {"gamma": 204.1026456235552, "log10_alpha": -0.49763428391726094, "log10_colsample_bytree": -0.17934681580986545, "log10_eta": -3.4326797162541984, "log10_lambda": -2.198643190946047, "log10_min_child_weight": 0.5375998316950886, "log10_subsample": -0.09709540061782307, "max_depth": 6.0, "num_boost_round": 14.0}, "datetime": {"datetime": "2024-01-19 00:20:14", "elapsed": 522.189, "delta": 0.00083}}
{"target": -13.758455770147785, "params": {"gamma": 204.1026456235552, "log10_alpha": -0.49763428391726094, "log10_colsample_bytree": -0.17934681580986545, "log10_eta": -3.4326797162541984, "log10_lambda": -2.198643190946047, "log10_min_child_weight": 0.5375998316950886, "log10_subsample": -0.09709540061782307, "max_depth": 6.0, "num_boost_round": 15.0}, "datetime": {"datetime": "2024-01-19 00:20:14", "elapsed": 522.189802, "delta": 0.000802}}
{"target": -13.758439997932484, "params": {"gamma": 204.1026456235552, "log10_alpha": -0.49763428391726094, "log10_colsample_bytree": -0.17934681580986545, "log10_eta": -3.4326797162541984, "log10_lambda": -2.198643190946047, "log10_min_child_weight": 0.5375998316950886, "log10_subsample": -0.09709540061782307, "max_depth": 6.0, "num_boost_round": 16.0}, "datetime": {"datetime": "2024-01-19 00:20:14", "elapsed": 522.190585, "delta": 0.000783}}
{"target": -13.75843443289264, "params": {"gamma": 204.1026456235552, "log10_alpha": -0.49763428391726094, "log10_colsample_bytree": -0.17934681580986545, "log10_eta": -3.4326797162541984, "log10_lambda": -2.198643190946047, "log10_min_child_weight": 0.5375998316950886, "log10_subsample": -0.09709540061782307, "max_depth": 6.0, "num_boost_round": 17.0}, "datetime": {"datetime": "2024-01-19 00:20:14", "elapsed": 522.191528, "delta": 0.000943}}
{"target": -13.758447837499574, "params": {"gamma": 204.1026456235552, "log10_alpha": -0.49763428391726094, "log10_colsample_bytree": -0.17934681580986545, "log10_eta": -3.4326797162541984, "log10_lambda": -2.198643190946047, "log10_min_child_weight": 0.5375998316950886, "log10_subsample": -0.09709540061782307, "max_depth": 6.0, "num_boost_round": 18.0}, "datetime": {"datetime": "2024-01-19 00:20:14", "elapsed": 522.192421, "delta": 0.000893}}
{"target": -13.758535951116679, "params": {"gamma": 202.40559370127997, "log10_alpha": 0.5042664883922336, "log10_colsample_bytree": -0.893703859974996, "log10_eta": -2.889618408517853, "log10_lambda": -0.017118320255253394, "log10_min_child_weight": 4.449190776606063, "log10_subsample": -0.0452266922020339, "max_depth": 7.0, "num_boost_round": 0.0}, "datetime": {"datetime": "2024-01-19 00:20:34", "elapsed": 541.685316, "delta": 19.492895}}
{"target": -13.758530554103636, "params": {"gamma": 202.40559370127997, "log10_alpha": 0.5042664883922336, "log10_colsample_bytree": -0.893703859974996, "log10_eta": -2.889618408517853, "log10_lambda": -0.017118320255253394, "log10_min_child_weight": 4.449190776606063, "log10_subsample": -0.0452266922020339, "max_depth": 7.0, "num_boost_round": 1.0}, "datetime": {"datetime": "2024-01-19 00:20:34", "elapsed": 541.686299, "delta": 0.000983}}
{"target": -13.758525009232077, "params": {"gamma": 202.40559370127997, "log10_alpha": 0.5042664883922336, "log10_colsample_bytree": -0.893703859974996, "log10_eta": -2.889618408517853, "log10_lambda": -0.017118320255253394, "log10_min_child_weight": 4.449190776606063, "log10_subsample": -0.0452266922020339, "max_depth": 7.0, "num_boost_round": 2.0}, "datetime": {"datetime": "2024-01-19 00:20:34", "elapsed": 541.687655, "delta": 0.001356}}
{"target": -13.758525127840425, "params": {"gamma": 202.40559370127997, "log10_alpha": 0.5042664883922336, "log10_colsample_bytree": -0.893703859974996, "log10_eta": -2.889618408517853, "log10_lambda": -0.017118320255253394, "log10_min_child_weight": 4.449190776606063, "log10_subsample": -0.0452266922020339, "max_depth": 7.0, "num_boost_round": 3.0}, "datetime": {"datetime": "2024-01-19 00:20:34", "elapsed": 541.688582, "delta": 0.000927}}
{"target": -13.758515727209966, "params": {"gamma": 202.40559370127997, "log10_alpha": 0.5042664883922336, "log10_colsample_bytree": -0.893703859974996, "log10_eta": -2.889618408517853, "log10_lambda": -0.017118320255253394, "log10_min_child_weight": 4.449190776606063, "log10_subsample": -0.0452266922020339, "max_depth": 7.0, "num_boost_round": 4.0}, "datetime": {"datetime": "2024-01-19 00:20:34", "elapsed": 541.689684, "delta": 0.001102}}
{"target": -13.758515114811798, "params": {"gamma": 202.40559370127997, "log10_alpha": 0.5042664883922336, "log10_colsample_bytree": -0.893703859974996, "log10_eta": -2.889618408517853, "log10_lambda": -0.017118320255253394, "log10_min_child_weight": 4.449190776606063, "log10_subsample": -0.0452266922020339, "max_depth": 7.0, "num_boost_round": 5.0}, "datetime": {"datetime": "2024-01-19 00:20:34", "elapsed": 541.690833, "delta": 0.001149}}
{"target": -13.758521231360225, "params": {"gamma": 202.40559370127997, "log10_alpha": 0.5042664883922336, "log10_colsample_bytree": -0.893703859974996, "log10_eta": -2.889618408517853, "log10_lambda": -0.017118320255253394, "log10_min_child_weight": 4.449190776606063, "log10_subsample": -0.0452266922020339, "max_depth": 7.0, "num_boost_round": 6.0}, "datetime": {"datetime": "2024-01-19 00:20:34", "elapsed": 541.691658, "delta": 0.000825}}
