{"target": -13.755576502066752, "params": {"gamma": 657.8139326663521, "log10_alpha": -2.9234967981752957, "log10_colsample_bytree": -0.4252684199333352, "log10_eta": -0.8751579590573568, "log10_lambda": -3.68841657666398, "log10_min_child_weight": 3.044376444423288, "log10_subsample": -0.8094697233314259, "max_depth": 7.0, "num_boost_round": 1.0}, "datetime": {"datetime": "2024-01-19 01:16:45", "elapsed": 3857.747813, "delta": 0.00514}}
{"target": -13.756433821478597, "params": {"gamma": 657.8139326663521, "log10_alpha": -2.9234967981752957, "log10_colsample_bytree": -0.4252684199333352, "log10_eta": -0.8751579590573568, "log10_lambda": -3.68841657666398, "log10_min_child_weight": 3.044376444423288, "log10_subsample": -0.8094697233314259, "max_depth": 7.0, "num_boost_round": 2.0}, "datetime": {"datetime": "2024-01-19 01:16:45", "elapsed": 3857.751962, "delta": 0.004149}}
{"target": -13.757705621169945, "params": {"gamma": 657.8139326663521, "log10_alpha": -2.9234967981752957, "log10_colsample_bytree": -0.4252684199333352, "log10_eta": -0.8751579590573568, "log10_lambda": -3.68841657666398, "log10_min_child_weight": 3.044376444423288, "log10_subsample": -0.8094697233314259, "max_depth": 7.0, "num_boost_round": 3.0}, "datetime": {"datetime": "2024-01-19 01:16:45", "elapsed": 3857.755993, "delta": 0.004031}}
{"target": -13.760122491953698, "params": {"gamma": 657.8139326663521, "log10_alpha": -2.9234967981752957, "log10_colsample_bytree": -0.4252684199333352, "log10_eta": -0.8751579590573568, "log10_lambda": -3.68841657666398, "log10_min_child_weight": 3.044376444423288, "log10_subsample": -0.8094697233314259, "max_depth": 7.0, "num_boost_round": 4.0}, "datetime": {"datetime": "2024-01-19 01:16:45", "elapsed": 3857.759952, "delta": 0.003959}}
{"target": -13.76224966535373, "params": {"gamma": 657.8139326663521, "log10_alpha": -2.9234967981752957, "log10_colsample_bytree": -0.4252684199333352, "log10_eta": -0.8751579590573568, "log10_lambda": -3.68841657666398, "log10_min_child_weight": 3.044376444423288, "log10_subsample": -0.8094697233314259, "max_depth": 7.0, "num_boost_round": 5.0}, "datetime": {"datetime": "2024-01-19 01:16:45", "elapsed": 3857.763847, "delta": 0.003895}}
{"target": -13.765168741199101, "params": {"gamma": 657.8139326663521, "log10_alpha": -2.9234967981752957, "log10_colsample_bytree": -0.4252684199333352, "log10_eta": -0.8751579590573568, "log10_lambda": -3.68841657666398, "log10_min_child_weight": 3.044376444423288, "log10_subsample": -0.8094697233314259, "max_depth": 7.0, "num_boost_round": 6.0}, "datetime": {"datetime": "2024-01-19 01:16:45", "elapsed": 3857.767774, "delta": 0.003927}}
{"target": -13.771836107651525, "params": {"gamma": 657.8139326663521, "log10_alpha": -2.9234967981752957, "log10_colsample_bytree": -0.4252684199333352, "log10_eta": -0.8751579590573568, "log10_lambda": -3.68841657666398, "log10_min_child_weight": 3.044376444423288, "log10_subsample": -0.8094697233314259, "max_depth": 7.0, "num_boost_round": 7.0}, "datetime": {"datetime": "2024-01-19 01:16:45", "elapsed": 3857.771763, "delta": 0.003989}}
{"target": -13.77507836040757, "params": {"gamma": 657.8139326663521, "log10_alpha": -2.9234967981752957, "log10_colsample_bytree": -0.4252684199333352, "log10_eta": -0.8751579590573568, "log10_lambda": -3.68841657666398, "log10_min_child_weight": 3.044376444423288, "log10_subsample": -0.8094697233314259, "max_depth": 7.0, "num_boost_round": 8.0}, "datetime": {"datetime": "2024-01-19 01:16:45", "elapsed": 3857.775791, "delta": 0.004028}}
{"target": -13.777335312781057, "params": {"gamma": 657.8139326663521, "log10_alpha": -2.9234967981752957, "log10_colsample_bytree": -0.4252684199333352, "log10_eta": -0.8751579590573568, "log10_lambda": -3.68841657666398, "log10_min_child_weight": 3.044376444423288, "log10_subsample": -0.8094697233314259, "max_depth": 7.0, "num_boost_round": 9.0}, "datetime": {"datetime": "2024-01-19 01:16:45", "elapsed": 3857.779682, "delta": 0.003891}}
{"target": -13.77920471825524, "params": {"gamma": 657.8139326663521, "log10_alpha": -2.9234967981752957, "log10_colsample_bytree": -0.4252684199333352, "log10_eta": -0.8751579590573568, "log10_lambda": -3.68841657666398, "log10_min_child_weight": 3.044376444423288, "log10_subsample": -0.8094697233314259, "max_depth": 7.0, "num_boost_round": 10.0}, "datetime": {"datetime": "2024-01-19 01:16:45", "elapsed": 3857.783531, "delta": 0.003849}}
{"target": -13.781012215009977, "params": {"gamma": 657.8139326663521, "log10_alpha": -2.9234967981752957, "log10_colsample_bytree": -0.4252684199333352, "log10_eta": -0.8751579590573568, "log10_lambda": -3.68841657666398, "log10_min_child_weight": 3.044376444423288, "log10_subsample": -0.8094697233314259, "max_depth": 7.0, "num_boost_round": 11.0}, "datetime": {"datetime": "2024-01-19 01:16:45", "elapsed": 3857.787425, "delta": 0.003894}}
{"target": -13.784993242975254, "params": {"gamma": 657.8139326663521, "log10_alpha": -2.9234967981752957, "log10_colsample_bytree": -0.4252684199333352, "log10_eta": -0.8751579590573568, "log10_lambda": -3.68841657666398, "log10_min_child_weight": 3.044376444423288, "log10_subsample": -0.8094697233314259, "max_depth": 7.0, "num_boost_round": 12.0}, "datetime": {"datetime": "2024-01-19 01:16:45", "elapsed": 3857.791345, "delta": 0.00392}}
{"target": -13.758538118355387, "params": {"gamma": 553.8426650263535, "log10_alpha": 1.0, "log10_colsample_bytree": -1.0, "log10_eta": -3.9730297152055654, "log10_lambda": -5.0, "log10_min_child_weight": 4.158077074792779, "log10_subsample": -1.0, "max_depth": 5.0, "num_boost_round": 0.0}, "datetime": {"datetime": "2024-01-19 01:18:54", "elapsed": 3987.022693, "delta": 129.231348}}
{"target": -13.758537838291703, "params": {"gamma": 553.8426650263535, "log10_alpha": 1.0, "log10_colsample_bytree": -1.0, "log10_eta": -3.9730297152055654, "log10_lambda": -5.0, "log10_min_child_weight": 4.158077074792779, "log10_subsample": -1.0, "max_depth": 5.0, "num_boost_round": 1.0}, "datetime": {"datetime": "2024-01-19 01:18:54", "elapsed": 3987.047901, "delta": 0.025208}}
{"target": -13.758537588365558, "params": {"gamma": 553.8426650263535, "log10_alpha": 1.0, "log10_colsample_bytree": -1.0, "log10_eta": -3.9730297152055654, "log10_lambda": -5.0, "log10_min_child_weight": 4.158077074792779, "log10_subsample": -1.0, "max_depth": 5.0, "num_boost_round": 2.0}, "datetime": {"datetime": "2024-01-19 01:18:54", "elapsed": 3987.053017, "delta": 0.005116}}
{"target": -13.758537606767403, "params": {"gamma": 553.8426650263535, "log10_alpha": 1.0, "log10_colsample_bytree": -1.0, "log10_eta": -3.9730297152055654, "log10_lambda": -5.0, "log10_min_child_weight": 4.158077074792779, "log10_subsample": -1.0, "max_depth": 5.0, "num_boost_round": 3.0}, "datetime": {"datetime": "2024-01-19 01:18:54", "elapsed": 3987.057983, "delta": 0.004966}}
{"target": -13.758537530743011, "params": {"gamma": 553.8426650263535, "log10_alpha": 1.0, "log10_colsample_bytree": -1.0, "log10_eta": -3.9730297152055654, "log10_lambda": -5.0, "log10_min_child_weight": 4.158077074792779, "log10_subsample": -1.0, "max_depth": 5.0, "num_boost_round": 4.0}, "datetime": {"datetime": "2024-01-19 01:18:54", "elapsed": 3987.062278, "delta": 0.004295}}
{"target": -13.758537396469523, "params": {"gamma": 553.8426650263535, "log10_alpha": 1.0, "log10_colsample_bytree": -1.0, "log10_eta": -3.9730297152055654, "log10_lambda": -5.0, "log10_min_child_weight": 4.158077074792779, "log10_subsample": -1.0, "max_depth": 5.0, "num_boost_round": 5.0}, "datetime": {"datetime": "2024-01-19 01:18:54", "elapsed": 3987.066806, "delta": 0.004528}}
{"target": -13.758537103969477, "params": {"gamma": 553.8426650263535, "log10_alpha": 1.0, "log10_colsample_bytree": -1.0, "log10_eta": -3.9730297152055654, "log10_lambda": -5.0, "log10_min_child_weight": 4.158077074792779, "log10_subsample": -1.0, "max_depth": 5.0, "num_boost_round": 6.0}, "datetime": {"datetime": "2024-01-19 01:18:54", "elapsed": 3987.071191, "delta": 0.004385}}
{"target": -13.758536417591277, "params": {"gamma": 553.8426650263535, "log10_alpha": 1.0, "log10_colsample_bytree": -1.0, "log10_eta": -3.9730297152055654, "log10_lambda": -5.0, "log10_min_child_weight": 4.158077074792779, "log10_subsample": -1.0, "max_depth": 5.0, "num_boost_round": 7.0}, "datetime": {"datetime": "2024-01-19 01:18:54", "elapsed": 3987.075594, "delta": 0.004403}}
{"target": -13.758536256357827, "params": {"gamma": 553.8426650263535, "log10_alpha": 1.0, "log10_colsample_bytree": -1.0, "log10_eta": -3.9730297152055654, "log10_lambda": -5.0, "log10_min_child_weight": 4.158077074792779, "log10_subsample": -1.0, "max_depth": 5.0, "num_boost_round": 8.0}, "datetime": {"datetime": "2024-01-19 01:18:54", "elapsed": 3987.079854, "delta": 0.00426}}
{"target": -13.758536693576112, "params": {"gamma": 553.8426650263535, "log10_alpha": 1.0, "log10_colsample_bytree": -1.0, "log10_eta": -3.9730297152055654, "log10_lambda": -5.0, "log10_min_child_weight": 4.158077074792779, "log10_subsample": -1.0, "max_depth": 5.0, "num_boost_round": 9.0}, "datetime": {"datetime": "2024-01-19 01:18:54", "elapsed": 3987.084447, "delta": 0.004593}}
{"target": -13.758537040624057, "params": {"gamma": 553.8426650263535, "log10_alpha": 1.0, "log10_colsample_bytree": -1.0, "log10_eta": -3.9730297152055654, "log10_lambda": -5.0, "log10_min_child_weight": 4.158077074792779, "log10_subsample": -1.0, "max_depth": 5.0, "num_boost_round": 10.0}, "datetime": {"datetime": "2024-01-19 01:18:54", "elapsed": 3987.088654, "delta": 0.004207}}
{"target": -13.758536644218948, "params": {"gamma": 553.8426650263535, "log10_alpha": 1.0, "log10_colsample_bytree": -1.0, "log10_eta": -3.9730297152055654, "log10_lambda": -5.0, "log10_min_child_weight": 4.158077074792779, "log10_subsample": -1.0, "max_depth": 5.0, "num_boost_round": 11.0}, "datetime": {"datetime": "2024-01-19 01:18:54", "elapsed": 3987.093059, "delta": 0.004405}}
{"target": -13.758536281622781, "params": {"gamma": 553.8426650263535, "log10_alpha": 1.0, "log10_colsample_bytree": -1.0, "log10_eta": -3.9730297152055654, "log10_lambda": -5.0, "log10_min_child_weight": 4.158077074792779, "log10_subsample": -1.0, "max_depth": 5.0, "num_boost_round": 12.0}, "datetime": {"datetime": "2024-01-19 01:18:54", "elapsed": 3987.097765, "delta": 0.004706}}
{"target": -13.758535447727647, "params": {"gamma": 553.8426650263535, "log10_alpha": 1.0, "log10_colsample_bytree": -1.0, "log10_eta": -3.9730297152055654, "log10_lambda": -5.0, "log10_min_child_weight": 4.158077074792779, "log10_subsample": -1.0, "max_depth": 5.0, "num_boost_round": 13.0}, "datetime": {"datetime": "2024-01-19 01:18:54", "elapsed": 3987.102055, "delta": 0.00429}}
{"target": -13.758535135849952, "params": {"gamma": 553.8426650263535, "log10_alpha": 1.0, "log10_colsample_bytree": -1.0, "log10_eta": -3.9730297152055654, "log10_lambda": -5.0, "log10_min_child_weight": 4.158077074792779, "log10_subsample": -1.0, "max_depth": 5.0, "num_boost_round": 14.0}, "datetime": {"datetime": "2024-01-19 01:18:54", "elapsed": 3987.106419, "delta": 0.004364}}
{"target": -13.758534070427732, "params": {"gamma": 553.8426650263535, "log10_alpha": 1.0, "log10_colsample_bytree": -1.0, "log10_eta": -3.9730297152055654, "log10_lambda": -5.0, "log10_min_child_weight": 4.158077074792779, "log10_subsample": -1.0, "max_depth": 5.0, "num_boost_round": 15.0}, "datetime": {"datetime": "2024-01-19 01:18:54", "elapsed": 3987.1107, "delta": 0.004281}}
{"target": -13.758534162001968, "params": {"gamma": 553.8426650263535, "log10_alpha": 1.0, "log10_colsample_bytree": -1.0, "log10_eta": -3.9730297152055654, "log10_lambda": -5.0, "log10_min_child_weight": 4.158077074792779, "log10_subsample": -1.0, "max_depth": 5.0, "num_boost_round": 16.0}, "datetime": {"datetime": "2024-01-19 01:18:54", "elapsed": 3987.115244, "delta": 0.004544}}
{"target": -13.75853495338606, "params": {"gamma": 553.8426650263535, "log10_alpha": 1.0, "log10_colsample_bytree": -1.0, "log10_eta": -3.9730297152055654, "log10_lambda": -5.0, "log10_min_child_weight": 4.158077074792779, "log10_subsample": -1.0, "max_depth": 5.0, "num_boost_round": 17.0}, "datetime": {"datetime": "2024-01-19 01:18:54", "elapsed": 3987.119502, "delta": 0.004258}}
{"target": -13.758535187764831, "params": {"gamma": 553.8426650263535, "log10_alpha": 1.0, "log10_colsample_bytree": -1.0, "log10_eta": -3.9730297152055654, "log10_lambda": -5.0, "log10_min_child_weight": 4.158077074792779, "log10_subsample": -1.0, "max_depth": 5.0, "num_boost_round": 18.0}, "datetime": {"datetime": "2024-01-19 01:18:54", "elapsed": 3987.123964, "delta": 0.004462}}
{"target": -13.758534758910484, "params": {"gamma": 553.8426650263535, "log10_alpha": 1.0, "log10_colsample_bytree": -1.0, "log10_eta": -3.9730297152055654, "log10_lambda": -5.0, "log10_min_child_weight": 4.158077074792779, "log10_subsample": -1.0, "max_depth": 5.0, "num_boost_round": 19.0}, "datetime": {"datetime": "2024-01-19 01:18:54", "elapsed": 3987.12814, "delta": 0.004176}}
{"target": -13.758535016268834, "params": {"gamma": 553.8426650263535, "log10_alpha": 1.0, "log10_colsample_bytree": -1.0, "log10_eta": -3.9730297152055654, "log10_lambda": -5.0, "log10_min_child_weight": 4.158077074792779, "log10_subsample": -1.0, "max_depth": 5.0, "num_boost_round": 20.0}, "datetime": {"datetime": "2024-01-19 01:18:54", "elapsed": 3987.13242, "delta": 0.00428}}
{"target": -13.75853438108775, "params": {"gamma": 553.8426650263535, "log10_alpha": 1.0, "log10_colsample_bytree": -1.0, "log10_eta": -3.9730297152055654, "log10_lambda": -5.0, "log10_min_child_weight": 4.158077074792779, "log10_subsample": -1.0, "max_depth": 5.0, "num_boost_round": 21.0}, "datetime": {"datetime": "2024-01-19 01:18:54", "elapsed": 3987.137054, "delta": 0.004634}}
{"target": -13.758534852813318, "params": {"gamma": 553.8426650263535, "log10_alpha": 1.0, "log10_colsample_bytree": -1.0, "log10_eta": -3.9730297152055654, "log10_lambda": -5.0, "log10_min_child_weight": 4.158077074792779, "log10_subsample": -1.0, "max_depth": 5.0, "num_boost_round": 22.0}, "datetime": {"datetime": "2024-01-19 01:18:54", "elapsed": 3987.141196, "delta": 0.004142}}
{"target": -13.75853437743324, "params": {"gamma": 553.8426650263535, "log10_alpha": 1.0, "log10_colsample_bytree": -1.0, "log10_eta": -3.9730297152055654, "log10_lambda": -5.0, "log10_min_child_weight": 4.158077074792779, "log10_subsample": -1.0, "max_depth": 5.0, "num_boost_round": 23.0}, "datetime": {"datetime": "2024-01-19 01:18:54", "elapsed": 3987.145319, "delta": 0.004123}}
{"target": -13.758534264917655, "params": {"gamma": 553.8426650263535, "log10_alpha": 1.0, "log10_colsample_bytree": -1.0, "log10_eta": -3.9730297152055654, "log10_lambda": -5.0, "log10_min_child_weight": 4.158077074792779, "log10_subsample": -1.0, "max_depth": 5.0, "num_boost_round": 24.0}, "datetime": {"datetime": "2024-01-19 01:18:54", "elapsed": 3987.149708, "delta": 0.004389}}
{"target": -13.758534139440023, "params": {"gamma": 553.8426650263535, "log10_alpha": 1.0, "log10_colsample_bytree": -1.0, "log10_eta": -3.9730297152055654, "log10_lambda": -5.0, "log10_min_child_weight": 4.158077074792779, "log10_subsample": -1.0, "max_depth": 5.0, "num_boost_round": 25.0}, "datetime": {"datetime": "2024-01-19 01:18:54", "elapsed": 3987.153981, "delta": 0.004273}}
{"target": -13.758534763507317, "params": {"gamma": 553.8426650263535, "log10_alpha": 1.0, "log10_colsample_bytree": -1.0, "log10_eta": -3.9730297152055654, "log10_lambda": -5.0, "log10_min_child_weight": 4.158077074792779, "log10_subsample": -1.0, "max_depth": 5.0, "num_boost_round": 26.0}, "datetime": {"datetime": "2024-01-19 01:18:54", "elapsed": 3987.15819, "delta": 0.004209}}
{"target": -13.75853449922218, "params": {"gamma": 553.8426650263535, "log10_alpha": 1.0, "log10_colsample_bytree": -1.0, "log10_eta": -3.9730297152055654, "log10_lambda": -5.0, "log10_min_child_weight": 4.158077074792779, "log10_subsample": -1.0, "max_depth": 5.0, "num_boost_round": 27.0}, "datetime": {"datetime": "2024-01-19 01:18:54", "elapsed": 3987.162888, "delta": 0.004698}}
{"target": -13.758536953614898, "params": {"gamma": 550.782463925361, "log10_alpha": -4.141367616224574, "log10_colsample_bytree": -0.20375515900007046, "log10_eta": -3.9476530224050013, "log10_lambda": -2.0357564391785177, "log10_min_child_weight": 3.895946018145166, "log10_subsample": -0.17447570582910643, "max_depth": 5.0, "num_boost_round": 0.0}, "datetime": {"datetime": "2024-01-19 01:19:46", "elapsed": 4038.959689, "delta": 51.796801}}
{"target": -13.75853523176967, "params": {"gamma": 550.782463925361, "log10_alpha": -4.141367616224574, "log10_colsample_bytree": -0.20375515900007046, "log10_eta": -3.9476530224050013, "log10_lambda": -2.0357564391785177, "log10_min_child_weight": 3.895946018145166, "log10_subsample": -0.17447570582910643, "max_depth": 5.0, "num_boost_round": 1.0}, "datetime": {"datetime": "2024-01-19 01:19:46", "elapsed": 4038.965336, "delta": 0.005647}}
{"target": -13.75853376528108, "params": {"gamma": 550.782463925361, "log10_alpha": -4.141367616224574, "log10_colsample_bytree": -0.20375515900007046, "log10_eta": -3.9476530224050013, "log10_lambda": -2.0357564391785177, "log10_min_child_weight": 3.895946018145166, "log10_subsample": -0.17447570582910643, "max_depth": 5.0, "num_boost_round": 2.0}, "datetime": {"datetime": "2024-01-19 01:19:46", "elapsed": 4038.970673, "delta": 0.005337}}
{"target": -13.758533232444528, "params": {"gamma": 550.782463925361, "log10_alpha": -4.141367616224574, "log10_colsample_bytree": -0.20375515900007046, "log10_eta": -3.9476530224050013, "log10_lambda": -2.0357564391785177, "log10_min_child_weight": 3.895946018145166, "log10_subsample": -0.17447570582910643, "max_depth": 5.0, "num_boost_round": 3.0}, "datetime": {"datetime": "2024-01-19 01:19:46", "elapsed": 4038.975573, "delta": 0.0049}}
{"target": -13.758531830912254, "params": {"gamma": 550.782463925361, "log10_alpha": -4.141367616224574, "log10_colsample_bytree": -0.20375515900007046, "log10_eta": -3.9476530224050013, "log10_lambda": -2.0357564391785177, "log10_min_child_weight": 3.895946018145166, "log10_subsample": -0.17447570582910643, "max_depth": 5.0, "num_boost_round": 4.0}, "datetime": {"datetime": "2024-01-19 01:19:46", "elapsed": 4038.980206, "delta": 0.004633}}
{"target": -13.758531427197276, "params": {"gamma": 550.782463925361, "log10_alpha": -4.141367616224574, "log10_colsample_bytree": -0.20375515900007046, "log10_eta": -3.9476530224050013, "log10_lambda": -2.0357564391785177, "log10_min_child_weight": 3.895946018145166, "log10_subsample": -0.17447570582910643, "max_depth": 5.0, "num_boost_round": 5.0}, "datetime": {"datetime": "2024-01-19 01:19:46", "elapsed": 4038.985213, "delta": 0.005007}}
{"target": -13.75852893410757, "params": {"gamma": 550.782463925361, "log10_alpha": -4.141367616224574, "log10_colsample_bytree": -0.20375515900007046, "log10_eta": -3.9476530224050013, "log10_lambda": -2.0357564391785177, "log10_min_child_weight": 3.895946018145166, "log10_subsample": -0.17447570582910643, "max_depth": 5.0, "num_boost_round": 6.0}, "datetime": {"datetime": "2024-01-19 01:19:46", "elapsed": 4038.990419, "delta": 0.005206}}
{"target": -13.758527505858844, "params": {"gamma": 550.782463925361, "log10_alpha": -4.141367616224574, "log10_colsample_bytree": -0.20375515900007046, "log10_eta": -3.9476530224050013, "log10_lambda": -2.0357564391785177, "log10_min_child_weight": 3.895946018145166, "log10_subsample": -0.17447570582910643, "max_depth": 5.0, "num_boost_round": 7.0}, "datetime": {"datetime": "2024-01-19 01:19:46", "elapsed": 4038.995399, "delta": 0.00498}}
{"target": -13.758525764883387, "params": {"gamma": 550.782463925361, "log10_alpha": -4.141367616224574, "log10_colsample_bytree": -0.20375515900007046, "log10_eta": -3.9476530224050013, "log10_lambda": -2.0357564391785177, "log10_min_child_weight": 3.895946018145166, "log10_subsample": -0.17447570582910643, "max_depth": 5.0, "num_boost_round": 8.0}, "datetime": {"datetime": "2024-01-19 01:19:46", "elapsed": 4039.01515, "delta": 0.019751}}
{"target": -13.758525740617799, "params": {"gamma": 550.782463925361, "log10_alpha": -4.141367616224574, "log10_colsample_bytree": -0.20375515900007046, "log10_eta": -3.9476530224050013, "log10_lambda": -2.0357564391785177, "log10_min_child_weight": 3.895946018145166, "log10_subsample": -0.17447570582910643, "max_depth": 5.0, "num_boost_round": 9.0}, "datetime": {"datetime": "2024-01-19 01:19:46", "elapsed": 4039.019493, "delta": 0.004343}}
{"target": -13.758523831297857, "params": {"gamma": 550.782463925361, "log10_alpha": -4.141367616224574, "log10_colsample_bytree": -0.20375515900007046, "log10_eta": -3.9476530224050013, "log10_lambda": -2.0357564391785177, "log10_min_child_weight": 3.895946018145166, "log10_subsample": -0.17447570582910643, "max_depth": 5.0, "num_boost_round": 10.0}, "datetime": {"datetime": "2024-01-19 01:19:46", "elapsed": 4039.023842, "delta": 0.004349}}
{"target": -13.758522033783573, "params": {"gamma": 550.782463925361, "log10_alpha": -4.141367616224574, "log10_colsample_bytree": -0.20375515900007046, "log10_eta": -3.9476530224050013, "log10_lambda": -2.0357564391785177, "log10_min_child_weight": 3.895946018145166, "log10_subsample": -0.17447570582910643, "max_depth": 5.0, "num_boost_round": 11.0}, "datetime": {"datetime": "2024-01-19 01:19:46", "elapsed": 4039.028189, "delta": 0.004347}}
{"target": -13.758521382787745, "params": {"gamma": 550.782463925361, "log10_alpha": -4.141367616224574, "log10_colsample_bytree": -0.20375515900007046, "log10_eta": -3.9476530224050013, "log10_lambda": -2.0357564391785177, "log10_min_child_weight": 3.895946018145166, "log10_subsample": -0.17447570582910643, "max_depth": 5.0, "num_boost_round": 12.0}, "datetime": {"datetime": "2024-01-19 01:19:46", "elapsed": 4039.032594, "delta": 0.004405}}
