{"target": -17.67718698019481, "params": {"gamma": 975.4210895446979, "log10_alpha": -3.820128079524709, "log10_colsample_bytree": -0.3265094744595769, "log10_eta": -3.982922043226131, "log10_lambda": -4.306731680757849, "log10_min_child_weight": 3.5012954856772844, "log10_subsample": -0.09758722735600278, "max_depth": 2.0, "num_boost_round": 24.0}, "datetime": {"datetime": "2024-01-19 00:49:12", "elapsed": 2246.38387, "delta": 0.002572}}
{"target": -17.67718593623926, "params": {"gamma": 975.4210895446979, "log10_alpha": -3.820128079524709, "log10_colsample_bytree": -0.3265094744595769, "log10_eta": -3.982922043226131, "log10_lambda": -4.306731680757849, "log10_min_child_weight": 3.5012954856772844, "log10_subsample": -0.09758722735600278, "max_depth": 2.0, "num_boost_round": 25.0}, "datetime": {"datetime": "2024-01-19 00:49:12", "elapsed": 2246.38647, "delta": 0.0026}}
{"target": -17.67718491049519, "params": {"gamma": 975.4210895446979, "log10_alpha": -3.820128079524709, "log10_colsample_bytree": -0.3265094744595769, "log10_eta": -3.982922043226131, "log10_lambda": -4.306731680757849, "log10_min_child_weight": 3.5012954856772844, "log10_subsample": -0.09758722735600278, "max_depth": 2.0, "num_boost_round": 26.0}, "datetime": {"datetime": "2024-01-19 00:49:12", "elapsed": 2246.38905, "delta": 0.00258}}
{"target": -17.677182833363513, "params": {"gamma": 975.4210895446979, "log10_alpha": -3.820128079524709, "log10_colsample_bytree": -0.3265094744595769, "log10_eta": -3.982922043226131, "log10_lambda": -4.306731680757849, "log10_min_child_weight": 3.5012954856772844, "log10_subsample": -0.09758722735600278, "max_depth": 2.0, "num_boost_round": 27.0}, "datetime": {"datetime": "2024-01-19 00:49:12", "elapsed": 2246.391643, "delta": 0.002593}}
{"target": -17.67718025441021, "params": {"gamma": 975.4210895446979, "log10_alpha": -3.820128079524709, "log10_colsample_bytree": -0.3265094744595769, "log10_eta": -3.982922043226131, "log10_lambda": -4.306731680757849, "log10_min_child_weight": 3.5012954856772844, "log10_subsample": -0.09758722735600278, "max_depth": 2.0, "num_boost_round": 28.0}, "datetime": {"datetime": "2024-01-19 00:49:12", "elapsed": 2246.394227, "delta": 0.002584}}
{"target": -17.67717772049292, "params": {"gamma": 975.4210895446979, "log10_alpha": -3.820128079524709, "log10_colsample_bytree": -0.3265094744595769, "log10_eta": -3.982922043226131, "log10_lambda": -4.306731680757849, "log10_min_child_weight": 3.5012954856772844, "log10_subsample": -0.09758722735600278, "max_depth": 2.0, "num_boost_round": 29.0}, "datetime": {"datetime": "2024-01-19 00:49:12", "elapsed": 2246.396798, "delta": 0.002571}}
{"target": -17.933252158464164, "params": {"gamma": 953.2739763020927, "log10_alpha": -4.755944061976727, "log10_colsample_bytree": -0.45153065137201, "log10_eta": -0.13983388428861643, "log10_lambda": -0.8258758954322092, "log10_min_child_weight": 2.5626926592156023, "log10_subsample": -0.12004081258821953, "max_depth": 9.0, "num_boost_round": 0.0}, "datetime": {"datetime": "2024-01-19 00:49:40", "elapsed": 2274.745266, "delta": 28.348468}}
{"target": -18.151976118062812, "params": {"gamma": 953.2739763020927, "log10_alpha": -4.755944061976727, "log10_colsample_bytree": -0.45153065137201, "log10_eta": -0.13983388428861643, "log10_lambda": -0.8258758954322092, "log10_min_child_weight": 2.5626926592156023, "log10_subsample": -0.12004081258821953, "max_depth": 9.0, "num_boost_round": 1.0}, "datetime": {"datetime": "2024-01-19 00:49:40", "elapsed": 2274.748768, "delta": 0.003502}}
{"target": -18.342866033942588, "params": {"gamma": 953.2739763020927, "log10_alpha": -4.755944061976727, "log10_colsample_bytree": -0.45153065137201, "log10_eta": -0.13983388428861643, "log10_lambda": -0.8258758954322092, "log10_min_child_weight": 2.5626926592156023, "log10_subsample": -0.12004081258821953, "max_depth": 9.0, "num_boost_round": 2.0}, "datetime": {"datetime": "2024-01-19 00:49:40", "elapsed": 2274.75161, "delta": 0.002842}}
{"target": -18.500531558633995, "params": {"gamma": 953.2739763020927, "log10_alpha": -4.755944061976727, "log10_colsample_bytree": -0.45153065137201, "log10_eta": -0.13983388428861643, "log10_lambda": -0.8258758954322092, "log10_min_child_weight": 2.5626926592156023, "log10_subsample": -0.12004081258821953, "max_depth": 9.0, "num_boost_round": 3.0}, "datetime": {"datetime": "2024-01-19 00:49:40", "elapsed": 2274.754183, "delta": 0.002573}}
{"target": -18.648986283392162, "params": {"gamma": 953.2739763020927, "log10_alpha": -4.755944061976727, "log10_colsample_bytree": -0.45153065137201, "log10_eta": -0.13983388428861643, "log10_lambda": -0.8258758954322092, "log10_min_child_weight": 2.5626926592156023, "log10_subsample": -0.12004081258821953, "max_depth": 9.0, "num_boost_round": 4.0}, "datetime": {"datetime": "2024-01-19 00:49:40", "elapsed": 2274.756751, "delta": 0.002568}}
{"target": -18.76879535379351, "params": {"gamma": 953.2739763020927, "log10_alpha": -4.755944061976727, "log10_colsample_bytree": -0.45153065137201, "log10_eta": -0.13983388428861643, "log10_lambda": -0.8258758954322092, "log10_min_child_weight": 2.5626926592156023, "log10_subsample": -0.12004081258821953, "max_depth": 9.0, "num_boost_round": 5.0}, "datetime": {"datetime": "2024-01-19 00:49:40", "elapsed": 2274.759766, "delta": 0.003015}}
{"target": -18.862795000679363, "params": {"gamma": 953.2739763020927, "log10_alpha": -4.755944061976727, "log10_colsample_bytree": -0.45153065137201, "log10_eta": -0.13983388428861643, "log10_lambda": -0.8258758954322092, "log10_min_child_weight": 2.5626926592156023, "log10_subsample": -0.12004081258821953, "max_depth": 9.0, "num_boost_round": 6.0}, "datetime": {"datetime": "2024-01-19 00:49:40", "elapsed": 2274.762473, "delta": 0.002707}}
{"target": -19.213917275820194, "params": {"gamma": 953.2739763020927, "log10_alpha": -4.755944061976727, "log10_colsample_bytree": -0.45153065137201, "log10_eta": -0.13983388428861643, "log10_lambda": -0.8258758954322092, "log10_min_child_weight": 2.5626926592156023, "log10_subsample": -0.12004081258821953, "max_depth": 9.0, "num_boost_round": 7.0}, "datetime": {"datetime": "2024-01-19 00:49:40", "elapsed": 2274.765096, "delta": 0.002623}}
{"target": -19.274375233049728, "params": {"gamma": 953.2739763020927, "log10_alpha": -4.755944061976727, "log10_colsample_bytree": -0.45153065137201, "log10_eta": -0.13983388428861643, "log10_lambda": -0.8258758954322092, "log10_min_child_weight": 2.5626926592156023, "log10_subsample": -0.12004081258821953, "max_depth": 9.0, "num_boost_round": 8.0}, "datetime": {"datetime": "2024-01-19 00:49:40", "elapsed": 2274.76766, "delta": 0.002564}}
{"target": -19.325050933121833, "params": {"gamma": 953.2739763020927, "log10_alpha": -4.755944061976727, "log10_colsample_bytree": -0.45153065137201, "log10_eta": -0.13983388428861643, "log10_lambda": -0.8258758954322092, "log10_min_child_weight": 2.5626926592156023, "log10_subsample": -0.12004081258821953, "max_depth": 9.0, "num_boost_round": 9.0}, "datetime": {"datetime": "2024-01-19 00:49:40", "elapsed": 2274.7703, "delta": 0.00264}}
{"target": -19.402462140507904, "params": {"gamma": 953.2739763020927, "log10_alpha": -4.755944061976727, "log10_colsample_bytree": -0.45153065137201, "log10_eta": -0.13983388428861643, "log10_lambda": -0.8258758954322092, "log10_min_child_weight": 2.5626926592156023, "log10_subsample": -0.12004081258821953, "max_depth": 9.0, "num_boost_round": 10.0}, "datetime": {"datetime": "2024-01-19 00:49:40", "elapsed": 2274.772866, "delta": 0.002566}}
{"target": -19.453152987733596, "params": {"gamma": 953.2739763020927, "log10_alpha": -4.755944061976727, "log10_colsample_bytree": -0.45153065137201, "log10_eta": -0.13983388428861643, "log10_lambda": -0.8258758954322092, "log10_min_child_weight": 2.5626926592156023, "log10_subsample": -0.12004081258821953, "max_depth": 9.0, "num_boost_round": 11.0}, "datetime": {"datetime": "2024-01-19 00:49:40", "elapsed": 2274.775422, "delta": 0.002556}}
{"target": -19.500514689359964, "params": {"gamma": 953.2739763020927, "log10_alpha": -4.755944061976727, "log10_colsample_bytree": -0.45153065137201, "log10_eta": -0.13983388428861643, "log10_lambda": -0.8258758954322092, "log10_min_child_weight": 2.5626926592156023, "log10_subsample": -0.12004081258821953, "max_depth": 9.0, "num_boost_round": 12.0}, "datetime": {"datetime": "2024-01-19 00:49:40", "elapsed": 2274.777959, "delta": 0.002537}}
{"target": -19.599633155699987, "params": {"gamma": 953.2739763020927, "log10_alpha": -4.755944061976727, "log10_colsample_bytree": -0.45153065137201, "log10_eta": -0.13983388428861643, "log10_lambda": -0.8258758954322092, "log10_min_child_weight": 2.5626926592156023, "log10_subsample": -0.12004081258821953, "max_depth": 9.0, "num_boost_round": 13.0}, "datetime": {"datetime": "2024-01-19 00:49:40", "elapsed": 2274.780555, "delta": 0.002596}}
{"target": -19.66649081777145, "params": {"gamma": 953.2739763020927, "log10_alpha": -4.755944061976727, "log10_colsample_bytree": -0.45153065137201, "log10_eta": -0.13983388428861643, "log10_lambda": -0.8258758954322092, "log10_min_child_weight": 2.5626926592156023, "log10_subsample": -0.12004081258821953, "max_depth": 9.0, "num_boost_round": 14.0}, "datetime": {"datetime": "2024-01-19 00:49:40", "elapsed": 2274.783152, "delta": 0.002597}}
{"target": -19.71305979434317, "params": {"gamma": 953.2739763020927, "log10_alpha": -4.755944061976727, "log10_colsample_bytree": -0.45153065137201, "log10_eta": -0.13983388428861643, "log10_lambda": -0.8258758954322092, "log10_min_child_weight": 2.5626926592156023, "log10_subsample": -0.12004081258821953, "max_depth": 9.0, "num_boost_round": 15.0}, "datetime": {"datetime": "2024-01-19 00:49:40", "elapsed": 2274.785725, "delta": 0.002573}}
{"target": -19.740733278916554, "params": {"gamma": 953.2739763020927, "log10_alpha": -4.755944061976727, "log10_colsample_bytree": -0.45153065137201, "log10_eta": -0.13983388428861643, "log10_lambda": -0.8258758954322092, "log10_min_child_weight": 2.5626926592156023, "log10_subsample": -0.12004081258821953, "max_depth": 9.0, "num_boost_round": 16.0}, "datetime": {"datetime": "2024-01-19 00:49:40", "elapsed": 2274.788292, "delta": 0.002567}}
{"target": -19.755476032207923, "params": {"gamma": 953.2739763020927, "log10_alpha": -4.755944061976727, "log10_colsample_bytree": -0.45153065137201, "log10_eta": -0.13983388428861643, "log10_lambda": -0.8258758954322092, "log10_min_child_weight": 2.5626926592156023, "log10_subsample": -0.12004081258821953, "max_depth": 9.0, "num_boost_round": 17.0}, "datetime": {"datetime": "2024-01-19 00:49:40", "elapsed": 2274.790973, "delta": 0.002681}}
{"target": -17.67722861873783, "params": {"gamma": 973.9749787028696, "log10_alpha": -4.636794553204879, "log10_colsample_bytree": -0.7316595656547603, "log10_eta": -3.4119782021921234, "log10_lambda": -2.7248904968750223, "log10_min_child_weight": 4.534006962263853, "log10_subsample": -0.4942663627318048, "max_depth": 5.0, "num_boost_round": 0.0}, "datetime": {"datetime": "2024-01-19 00:50:13", "elapsed": 2307.230686, "delta": 32.439713}}
{"target": -17.677221345661184, "params": {"gamma": 973.9749787028696, "log10_alpha": -4.636794553204879, "log10_colsample_bytree": -0.7316595656547603, "log10_eta": -3.4119782021921234, "log10_lambda": -2.7248904968750223, "log10_min_child_weight": 4.534006962263853, "log10_subsample": -0.4942663627318048, "max_depth": 5.0, "num_boost_round": 1.0}, "datetime": {"datetime": "2024-01-19 00:50:13", "elapsed": 2307.233429, "delta": 0.002743}}
{"target": -17.67721950606954, "params": {"gamma": 973.9749787028696, "log10_alpha": -4.636794553204879, "log10_colsample_bytree": -0.7316595656547603, "log10_eta": -3.4119782021921234, "log10_lambda": -2.7248904968750223, "log10_min_child_weight": 4.534006962263853, "log10_subsample": -0.4942663627318048, "max_depth": 5.0, "num_boost_round": 2.0}, "datetime": {"datetime": "2024-01-19 00:50:13", "elapsed": 2307.23677, "delta": 0.003341}}
{"target": -17.67721549307341, "params": {"gamma": 973.9749787028696, "log10_alpha": -4.636794553204879, "log10_colsample_bytree": -0.7316595656547603, "log10_eta": -3.4119782021921234, "log10_lambda": -2.7248904968750223, "log10_min_child_weight": 4.534006962263853, "log10_subsample": -0.4942663627318048, "max_depth": 5.0, "num_boost_round": 3.0}, "datetime": {"datetime": "2024-01-19 00:50:13", "elapsed": 2307.239369, "delta": 0.002599}}
{"target": -17.677211708671237, "params": {"gamma": 973.9749787028696, "log10_alpha": -4.636794553204879, "log10_colsample_bytree": -0.7316595656547603, "log10_eta": -3.4119782021921234, "log10_lambda": -2.7248904968750223, "log10_min_child_weight": 4.534006962263853, "log10_subsample": -0.4942663627318048, "max_depth": 5.0, "num_boost_round": 4.0}, "datetime": {"datetime": "2024-01-19 00:50:13", "elapsed": 2307.242102, "delta": 0.002733}}
{"target": -17.677209743957487, "params": {"gamma": 973.9749787028696, "log10_alpha": -4.636794553204879, "log10_colsample_bytree": -0.7316595656547603, "log10_eta": -3.4119782021921234, "log10_lambda": -2.7248904968750223, "log10_min_child_weight": 4.534006962263853, "log10_subsample": -0.4942663627318048, "max_depth": 5.0, "num_boost_round": 5.0}, "datetime": {"datetime": "2024-01-19 00:50:13", "elapsed": 2307.244687, "delta": 0.002585}}
{"target": -17.677212651999017, "params": {"gamma": 973.9749787028696, "log10_alpha": -4.636794553204879, "log10_colsample_bytree": -0.7316595656547603, "log10_eta": -3.4119782021921234, "log10_lambda": -2.7248904968750223, "log10_min_child_weight": 4.534006962263853, "log10_subsample": -0.4942663627318048, "max_depth": 5.0, "num_boost_round": 6.0}, "datetime": {"datetime": "2024-01-19 00:50:13", "elapsed": 2307.247284, "delta": 0.002597}}
{"target": -17.677210366725895, "params": {"gamma": 973.9749787028696, "log10_alpha": -4.636794553204879, "log10_colsample_bytree": -0.7316595656547603, "log10_eta": -3.4119782021921234, "log10_lambda": -2.7248904968750223, "log10_min_child_weight": 4.534006962263853, "log10_subsample": -0.4942663627318048, "max_depth": 5.0, "num_boost_round": 7.0}, "datetime": {"datetime": "2024-01-19 00:50:13", "elapsed": 2307.249893, "delta": 0.002609}}
{"target": -17.677204884532387, "params": {"gamma": 973.9749787028696, "log10_alpha": -4.636794553204879, "log10_colsample_bytree": -0.7316595656547603, "log10_eta": -3.4119782021921234, "log10_lambda": -2.7248904968750223, "log10_min_child_weight": 4.534006962263853, "log10_subsample": -0.4942663627318048, "max_depth": 5.0, "num_boost_round": 8.0}, "datetime": {"datetime": "2024-01-19 00:50:13", "elapsed": 2307.252619, "delta": 0.002726}}
{"target": -17.677202862188036, "params": {"gamma": 973.9749787028696, "log10_alpha": -4.636794553204879, "log10_colsample_bytree": -0.7316595656547603, "log10_eta": -3.4119782021921234, "log10_lambda": -2.7248904968750223, "log10_min_child_weight": 4.534006962263853, "log10_subsample": -0.4942663627318048, "max_depth": 5.0, "num_boost_round": 9.0}, "datetime": {"datetime": "2024-01-19 00:50:13", "elapsed": 2307.255242, "delta": 0.002623}}
{"target": -17.67720305872274, "params": {"gamma": 973.9749787028696, "log10_alpha": -4.636794553204879, "log10_colsample_bytree": -0.7316595656547603, "log10_eta": -3.4119782021921234, "log10_lambda": -2.7248904968750223, "log10_min_child_weight": 4.534006962263853, "log10_subsample": -0.4942663627318048, "max_depth": 5.0, "num_boost_round": 10.0}, "datetime": {"datetime": "2024-01-19 00:50:13", "elapsed": 2307.257855, "delta": 0.002613}}
{"target": -17.677199589002843, "params": {"gamma": 973.9749787028696, "log10_alpha": -4.636794553204879, "log10_colsample_bytree": -0.7316595656547603, "log10_eta": -3.4119782021921234, "log10_lambda": -2.7248904968750223, "log10_min_child_weight": 4.534006962263853, "log10_subsample": -0.4942663627318048, "max_depth": 5.0, "num_boost_round": 11.0}, "datetime": {"datetime": "2024-01-19 00:50:13", "elapsed": 2307.260446, "delta": 0.002591}}
{"target": -17.677198034502, "params": {"gamma": 973.9749787028696, "log10_alpha": -4.636794553204879, "log10_colsample_bytree": -0.7316595656547603, "log10_eta": -3.4119782021921234, "log10_lambda": -2.7248904968750223, "log10_min_child_weight": 4.534006962263853, "log10_subsample": -0.4942663627318048, "max_depth": 5.0, "num_boost_round": 12.0}, "datetime": {"datetime": "2024-01-19 00:50:13", "elapsed": 2307.263194, "delta": 0.002748}}
{"target": -17.67719924405823, "params": {"gamma": 973.9749787028696, "log10_alpha": -4.636794553204879, "log10_colsample_bytree": -0.7316595656547603, "log10_eta": -3.4119782021921234, "log10_lambda": -2.7248904968750223, "log10_min_child_weight": 4.534006962263853, "log10_subsample": -0.4942663627318048, "max_depth": 5.0, "num_boost_round": 13.0}, "datetime": {"datetime": "2024-01-19 00:50:13", "elapsed": 2307.265859, "delta": 0.002665}}
{"target": -17.677199156118363, "params": {"gamma": 973.9749787028696, "log10_alpha": -4.636794553204879, "log10_colsample_bytree": -0.7316595656547603, "log10_eta": -3.4119782021921234, "log10_lambda": -2.7248904968750223, "log10_min_child_weight": 4.534006962263853, "log10_subsample": -0.4942663627318048, "max_depth": 5.0, "num_boost_round": 14.0}, "datetime": {"datetime": "2024-01-19 00:50:13", "elapsed": 2307.268469, "delta": 0.00261}}
{"target": -17.677191823628437, "params": {"gamma": 973.9749787028696, "log10_alpha": -4.636794553204879, "log10_colsample_bytree": -0.7316595656547603, "log10_eta": -3.4119782021921234, "log10_lambda": -2.7248904968750223, "log10_min_child_weight": 4.534006962263853, "log10_subsample": -0.4942663627318048, "max_depth": 5.0, "num_boost_round": 15.0}, "datetime": {"datetime": "2024-01-19 00:50:13", "elapsed": 2307.271175, "delta": 0.002706}}
{"target": -17.677189070859974, "params": {"gamma": 973.9749787028696, "log10_alpha": -4.636794553204879, "log10_colsample_bytree": -0.7316595656547603, "log10_eta": -3.4119782021921234, "log10_lambda": -2.7248904968750223, "log10_min_child_weight": 4.534006962263853, "log10_subsample": -0.4942663627318048, "max_depth": 5.0, "num_boost_round": 16.0}, "datetime": {"datetime": "2024-01-19 00:50:13", "elapsed": 2307.273828, "delta": 0.002653}}
{"target": -17.677184604637553, "params": {"gamma": 973.9749787028696, "log10_alpha": -4.636794553204879, "log10_colsample_bytree": -0.7316595656547603, "log10_eta": -3.4119782021921234, "log10_lambda": -2.7248904968750223, "log10_min_child_weight": 4.534006962263853, "log10_subsample": -0.4942663627318048, "max_depth": 5.0, "num_boost_round": 17.0}, "datetime": {"datetime": "2024-01-19 00:50:13", "elapsed": 2307.276426, "delta": 0.002598}}
{"target": -17.6771810663229, "params": {"gamma": 973.9749787028696, "log10_alpha": -4.636794553204879, "log10_colsample_bytree": -0.7316595656547603, "log10_eta": -3.4119782021921234, "log10_lambda": -2.7248904968750223, "log10_min_child_weight": 4.534006962263853, "log10_subsample": -0.4942663627318048, "max_depth": 5.0, "num_boost_round": 18.0}, "datetime": {"datetime": "2024-01-19 00:50:13", "elapsed": 2307.279041, "delta": 0.002615}}
{"target": -17.677174058053076, "params": {"gamma": 973.9749787028696, "log10_alpha": -4.636794553204879, "log10_colsample_bytree": -0.7316595656547603, "log10_eta": -3.4119782021921234, "log10_lambda": -2.7248904968750223, "log10_min_child_weight": 4.534006962263853, "log10_subsample": -0.4942663627318048, "max_depth": 5.0, "num_boost_round": 19.0}, "datetime": {"datetime": "2024-01-19 00:50:13", "elapsed": 2307.28165, "delta": 0.002609}}
{"target": -17.67717554703533, "params": {"gamma": 973.9749787028696, "log10_alpha": -4.636794553204879, "log10_colsample_bytree": -0.7316595656547603, "log10_eta": -3.4119782021921234, "log10_lambda": -2.7248904968750223, "log10_min_child_weight": 4.534006962263853, "log10_subsample": -0.4942663627318048, "max_depth": 5.0, "num_boost_round": 20.0}, "datetime": {"datetime": "2024-01-19 00:50:13", "elapsed": 2307.284272, "delta": 0.002622}}
{"target": -17.677174483479856, "params": {"gamma": 973.9749787028696, "log10_alpha": -4.636794553204879, "log10_colsample_bytree": -0.7316595656547603, "log10_eta": -3.4119782021921234, "log10_lambda": -2.7248904968750223, "log10_min_child_weight": 4.534006962263853, "log10_subsample": -0.4942663627318048, "max_depth": 5.0, "num_boost_round": 21.0}, "datetime": {"datetime": "2024-01-19 00:50:13", "elapsed": 2307.286871, "delta": 0.002599}}
{"target": -17.677172174691005, "params": {"gamma": 973.9749787028696, "log10_alpha": -4.636794553204879, "log10_colsample_bytree": -0.7316595656547603, "log10_eta": -3.4119782021921234, "log10_lambda": -2.7248904968750223, "log10_min_child_weight": 4.534006962263853, "log10_subsample": -0.4942663627318048, "max_depth": 5.0, "num_boost_round": 22.0}, "datetime": {"datetime": "2024-01-19 00:50:13", "elapsed": 2307.289469, "delta": 0.002598}}
{"target": -17.677166586409776, "params": {"gamma": 973.9749787028696, "log10_alpha": -4.636794553204879, "log10_colsample_bytree": -0.7316595656547603, "log10_eta": -3.4119782021921234, "log10_lambda": -2.7248904968750223, "log10_min_child_weight": 4.534006962263853, "log10_subsample": -0.4942663627318048, "max_depth": 5.0, "num_boost_round": 23.0}, "datetime": {"datetime": "2024-01-19 00:50:13", "elapsed": 2307.292176, "delta": 0.002707}}
{"target": -17.677165544717745, "params": {"gamma": 973.9749787028696, "log10_alpha": -4.636794553204879, "log10_colsample_bytree": -0.7316595656547603, "log10_eta": -3.4119782021921234, "log10_lambda": -2.7248904968750223, "log10_min_child_weight": 4.534006962263853, "log10_subsample": -0.4942663627318048, "max_depth": 5.0, "num_boost_round": 24.0}, "datetime": {"datetime": "2024-01-19 00:50:13", "elapsed": 2307.294794, "delta": 0.002618}}
