{"target": -17.677211962107275, "params": {"gamma": 67.64094885449096, "log10_alpha": -1.950691630727078, "log10_colsample_bytree": -1.0, "log10_eta": -4.0, "log10_lambda": 1.0, "log10_min_child_weight": 0.0, "log10_subsample": 0.0, "max_depth": 2.0, "num_boost_round": 13.0}, "datetime": {"datetime": "2024-01-19 01:27:50", "elapsed": 4578.213793, "delta": 0.005652}}
{"target": -17.67721079507162, "params": {"gamma": 67.64094885449096, "log10_alpha": -1.950691630727078, "log10_colsample_bytree": -1.0, "log10_eta": -4.0, "log10_lambda": 1.0, "log10_min_child_weight": 0.0, "log10_subsample": 0.0, "max_depth": 2.0, "num_boost_round": 14.0}, "datetime": {"datetime": "2024-01-19 01:27:50", "elapsed": 4578.21885, "delta": 0.005057}}
{"target": -17.67720796267435, "params": {"gamma": 67.64094885449096, "log10_alpha": -1.950691630727078, "log10_colsample_bytree": -1.0, "log10_eta": -4.0, "log10_lambda": 1.0, "log10_min_child_weight": 0.0, "log10_subsample": 0.0, "max_depth": 2.0, "num_boost_round": 15.0}, "datetime": {"datetime": "2024-01-19 01:27:50", "elapsed": 4578.224123, "delta": 0.005273}}
{"target": -17.677206598786924, "params": {"gamma": 67.64094885449096, "log10_alpha": -1.950691630727078, "log10_colsample_bytree": -1.0, "log10_eta": -4.0, "log10_lambda": 1.0, "log10_min_child_weight": 0.0, "log10_subsample": 0.0, "max_depth": 2.0, "num_boost_round": 16.0}, "datetime": {"datetime": "2024-01-19 01:27:50", "elapsed": 4578.229572, "delta": 0.005449}}
{"target": -17.67720348393305, "params": {"gamma": 67.64094885449096, "log10_alpha": -1.950691630727078, "log10_colsample_bytree": -1.0, "log10_eta": -4.0, "log10_lambda": 1.0, "log10_min_child_weight": 0.0, "log10_subsample": 0.0, "max_depth": 2.0, "num_boost_round": 17.0}, "datetime": {"datetime": "2024-01-19 01:27:50", "elapsed": 4578.23501, "delta": 0.005438}}
{"target": -17.67720093308487, "params": {"gamma": 67.64094885449096, "log10_alpha": -1.950691630727078, "log10_colsample_bytree": -1.0, "log10_eta": -4.0, "log10_lambda": 1.0, "log10_min_child_weight": 0.0, "log10_subsample": 0.0, "max_depth": 2.0, "num_boost_round": 18.0}, "datetime": {"datetime": "2024-01-19 01:27:50", "elapsed": 4578.240451, "delta": 0.005441}}
{"target": -17.67720032077, "params": {"gamma": 67.64094885449096, "log10_alpha": -1.950691630727078, "log10_colsample_bytree": -1.0, "log10_eta": -4.0, "log10_lambda": 1.0, "log10_min_child_weight": 0.0, "log10_subsample": 0.0, "max_depth": 2.0, "num_boost_round": 19.0}, "datetime": {"datetime": "2024-01-19 01:27:50", "elapsed": 4578.245906, "delta": 0.005455}}
{"target": -17.677199541477513, "params": {"gamma": 67.64094885449096, "log10_alpha": -1.950691630727078, "log10_colsample_bytree": -1.0, "log10_eta": -4.0, "log10_lambda": 1.0, "log10_min_child_weight": 0.0, "log10_subsample": 0.0, "max_depth": 2.0, "num_boost_round": 20.0}, "datetime": {"datetime": "2024-01-19 01:27:50", "elapsed": 4578.251188, "delta": 0.005282}}
{"target": -17.67719635848549, "params": {"gamma": 67.64094885449096, "log10_alpha": -1.950691630727078, "log10_colsample_bytree": -1.0, "log10_eta": -4.0, "log10_lambda": 1.0, "log10_min_child_weight": 0.0, "log10_subsample": 0.0, "max_depth": 2.0, "num_boost_round": 21.0}, "datetime": {"datetime": "2024-01-19 01:27:50", "elapsed": 4578.25653, "delta": 0.005342}}
{"target": -17.67719463845754, "params": {"gamma": 67.64094885449096, "log10_alpha": -1.950691630727078, "log10_colsample_bytree": -1.0, "log10_eta": -4.0, "log10_lambda": 1.0, "log10_min_child_weight": 0.0, "log10_subsample": 0.0, "max_depth": 2.0, "num_boost_round": 22.0}, "datetime": {"datetime": "2024-01-19 01:27:50", "elapsed": 4578.261678, "delta": 0.005148}}
{"target": -17.67719020144054, "params": {"gamma": 67.64094885449096, "log10_alpha": -1.950691630727078, "log10_colsample_bytree": -1.0, "log10_eta": -4.0, "log10_lambda": 1.0, "log10_min_child_weight": 0.0, "log10_subsample": 0.0, "max_depth": 2.0, "num_boost_round": 23.0}, "datetime": {"datetime": "2024-01-19 01:27:50", "elapsed": 4578.267, "delta": 0.005322}}
{"target": -17.67719060916663, "params": {"gamma": 67.64094885449096, "log10_alpha": -1.950691630727078, "log10_colsample_bytree": -1.0, "log10_eta": -4.0, "log10_lambda": 1.0, "log10_min_child_weight": 0.0, "log10_subsample": 0.0, "max_depth": 2.0, "num_boost_round": 24.0}, "datetime": {"datetime": "2024-01-19 01:27:50", "elapsed": 4578.276696, "delta": 0.009696}}
{"target": -17.677188192750275, "params": {"gamma": 67.64094885449096, "log10_alpha": -1.950691630727078, "log10_colsample_bytree": -1.0, "log10_eta": -4.0, "log10_lambda": 1.0, "log10_min_child_weight": 0.0, "log10_subsample": 0.0, "max_depth": 2.0, "num_boost_round": 25.0}, "datetime": {"datetime": "2024-01-19 01:27:50", "elapsed": 4578.282467, "delta": 0.005771}}
{"target": -17.677187332821763, "params": {"gamma": 67.64094885449096, "log10_alpha": -1.950691630727078, "log10_colsample_bytree": -1.0, "log10_eta": -4.0, "log10_lambda": 1.0, "log10_min_child_weight": 0.0, "log10_subsample": 0.0, "max_depth": 2.0, "num_boost_round": 26.0}, "datetime": {"datetime": "2024-01-19 01:27:50", "elapsed": 4578.287704, "delta": 0.005237}}
{"target": -17.677185403952258, "params": {"gamma": 67.64094885449096, "log10_alpha": -1.950691630727078, "log10_colsample_bytree": -1.0, "log10_eta": -4.0, "log10_lambda": 1.0, "log10_min_child_weight": 0.0, "log10_subsample": 0.0, "max_depth": 2.0, "num_boost_round": 27.0}, "datetime": {"datetime": "2024-01-19 01:27:50", "elapsed": 4578.293182, "delta": 0.005478}}
{"target": -17.677183595227497, "params": {"gamma": 67.64094885449096, "log10_alpha": -1.950691630727078, "log10_colsample_bytree": -1.0, "log10_eta": -4.0, "log10_lambda": 1.0, "log10_min_child_weight": 0.0, "log10_subsample": 0.0, "max_depth": 2.0, "num_boost_round": 28.0}, "datetime": {"datetime": "2024-01-19 01:27:50", "elapsed": 4578.298677, "delta": 0.005495}}
{"target": -17.67718195388302, "params": {"gamma": 67.64094885449096, "log10_alpha": -1.950691630727078, "log10_colsample_bytree": -1.0, "log10_eta": -4.0, "log10_lambda": 1.0, "log10_min_child_weight": 0.0, "log10_subsample": 0.0, "max_depth": 2.0, "num_boost_round": 29.0}, "datetime": {"datetime": "2024-01-19 01:27:50", "elapsed": 4578.303997, "delta": 0.00532}}
{"target": -17.677179882888936, "params": {"gamma": 67.64094885449096, "log10_alpha": -1.950691630727078, "log10_colsample_bytree": -1.0, "log10_eta": -4.0, "log10_lambda": 1.0, "log10_min_child_weight": 0.0, "log10_subsample": 0.0, "max_depth": 2.0, "num_boost_round": 30.0}, "datetime": {"datetime": "2024-01-19 01:27:50", "elapsed": 4578.30953, "delta": 0.005533}}
{"target": -17.677177217351012, "params": {"gamma": 67.64094885449096, "log10_alpha": -1.950691630727078, "log10_colsample_bytree": -1.0, "log10_eta": -4.0, "log10_lambda": 1.0, "log10_min_child_weight": 0.0, "log10_subsample": 0.0, "max_depth": 2.0, "num_boost_round": 31.0}, "datetime": {"datetime": "2024-01-19 01:27:50", "elapsed": 4578.315, "delta": 0.00547}}
{"target": -17.677175635902966, "params": {"gamma": 67.64094885449096, "log10_alpha": -1.950691630727078, "log10_colsample_bytree": -1.0, "log10_eta": -4.0, "log10_lambda": 1.0, "log10_min_child_weight": 0.0, "log10_subsample": 0.0, "max_depth": 2.0, "num_boost_round": 32.0}, "datetime": {"datetime": "2024-01-19 01:27:50", "elapsed": 4578.320278, "delta": 0.005278}}
{"target": -17.67717330076557, "params": {"gamma": 67.64094885449096, "log10_alpha": -1.950691630727078, "log10_colsample_bytree": -1.0, "log10_eta": -4.0, "log10_lambda": 1.0, "log10_min_child_weight": 0.0, "log10_subsample": 0.0, "max_depth": 2.0, "num_boost_round": 33.0}, "datetime": {"datetime": "2024-01-19 01:27:50", "elapsed": 4578.325656, "delta": 0.005378}}
{"target": -17.6772262798375, "params": {"gamma": 719.0922680125232, "log10_alpha": -5.0, "log10_colsample_bytree": -1.0, "log10_eta": -4.0, "log10_lambda": 1.0, "log10_min_child_weight": 0.0, "log10_subsample": 0.0, "max_depth": 8.0, "num_boost_round": 0.0}, "datetime": {"datetime": "2024-01-19 01:29:16", "elapsed": 4664.011552, "delta": 85.685896}}
{"target": -17.677223200947566, "params": {"gamma": 719.0922680125232, "log10_alpha": -5.0, "log10_colsample_bytree": -1.0, "log10_eta": -4.0, "log10_lambda": 1.0, "log10_min_child_weight": 0.0, "log10_subsample": 0.0, "max_depth": 8.0, "num_boost_round": 1.0}, "datetime": {"datetime": "2024-01-19 01:29:16", "elapsed": 4664.017736, "delta": 0.006184}}
{"target": -17.677225063039362, "params": {"gamma": 719.0922680125232, "log10_alpha": -5.0, "log10_colsample_bytree": -1.0, "log10_eta": -4.0, "log10_lambda": 1.0, "log10_min_child_weight": 0.0, "log10_subsample": 0.0, "max_depth": 8.0, "num_boost_round": 2.0}, "datetime": {"datetime": "2024-01-19 01:29:16", "elapsed": 4664.023313, "delta": 0.005577}}
{"target": -17.6772237837661, "params": {"gamma": 719.0922680125232, "log10_alpha": -5.0, "log10_colsample_bytree": -1.0, "log10_eta": -4.0, "log10_lambda": 1.0, "log10_min_child_weight": 0.0, "log10_subsample": 0.0, "max_depth": 8.0, "num_boost_round": 3.0}, "datetime": {"datetime": "2024-01-19 01:29:16", "elapsed": 4664.028848, "delta": 0.005535}}
{"target": -17.67721440728445, "params": {"gamma": 719.0922680125232, "log10_alpha": -5.0, "log10_colsample_bytree": -1.0, "log10_eta": -4.0, "log10_lambda": 1.0, "log10_min_child_weight": 0.0, "log10_subsample": 0.0, "max_depth": 8.0, "num_boost_round": 4.0}, "datetime": {"datetime": "2024-01-19 01:29:16", "elapsed": 4664.034389, "delta": 0.005541}}
{"target": -17.67721081311408, "params": {"gamma": 719.0922680125232, "log10_alpha": -5.0, "log10_colsample_bytree": -1.0, "log10_eta": -4.0, "log10_lambda": 1.0, "log10_min_child_weight": 0.0, "log10_subsample": 0.0, "max_depth": 8.0, "num_boost_round": 5.0}, "datetime": {"datetime": "2024-01-19 01:29:16", "elapsed": 4664.039962, "delta": 0.005573}}
{"target": -17.677214194790462, "params": {"gamma": 719.0922680125232, "log10_alpha": -5.0, "log10_colsample_bytree": -1.0, "log10_eta": -4.0, "log10_lambda": 1.0, "log10_min_child_weight": 0.0, "log10_subsample": 0.0, "max_depth": 8.0, "num_boost_round": 6.0}, "datetime": {"datetime": "2024-01-19 01:29:16", "elapsed": 4664.045535, "delta": 0.005573}}
{"target": -17.6772109466073, "params": {"gamma": 719.0922680125232, "log10_alpha": -5.0, "log10_colsample_bytree": -1.0, "log10_eta": -4.0, "log10_lambda": 1.0, "log10_min_child_weight": 0.0, "log10_subsample": 0.0, "max_depth": 8.0, "num_boost_round": 7.0}, "datetime": {"datetime": "2024-01-19 01:29:16", "elapsed": 4664.050826, "delta": 0.005291}}
{"target": -17.677210732930682, "params": {"gamma": 719.0922680125232, "log10_alpha": -5.0, "log10_colsample_bytree": -1.0, "log10_eta": -4.0, "log10_lambda": 1.0, "log10_min_child_weight": 0.0, "log10_subsample": 0.0, "max_depth": 8.0, "num_boost_round": 8.0}, "datetime": {"datetime": "2024-01-19 01:29:16", "elapsed": 4664.056098, "delta": 0.005272}}
{"target": -17.677204173081698, "params": {"gamma": 719.0922680125232, "log10_alpha": -5.0, "log10_colsample_bytree": -1.0, "log10_eta": -4.0, "log10_lambda": 1.0, "log10_min_child_weight": 0.0, "log10_subsample": 0.0, "max_depth": 8.0, "num_boost_round": 9.0}, "datetime": {"datetime": "2024-01-19 01:29:16", "elapsed": 4664.061393, "delta": 0.005295}}
{"target": -17.677198504248636, "params": {"gamma": 719.0922680125232, "log10_alpha": -5.0, "log10_colsample_bytree": -1.0, "log10_eta": -4.0, "log10_lambda": 1.0, "log10_min_child_weight": 0.0, "log10_subsample": 0.0, "max_depth": 8.0, "num_boost_round": 10.0}, "datetime": {"datetime": "2024-01-19 01:29:16", "elapsed": 4664.066689, "delta": 0.005296}}
{"target": -17.677193637042283, "params": {"gamma": 719.0922680125232, "log10_alpha": -5.0, "log10_colsample_bytree": -1.0, "log10_eta": -4.0, "log10_lambda": 1.0, "log10_min_child_weight": 0.0, "log10_subsample": 0.0, "max_depth": 8.0, "num_boost_round": 11.0}, "datetime": {"datetime": "2024-01-19 01:29:16", "elapsed": 4664.19519, "delta": 0.128501}}
{"target": -17.67718542443605, "params": {"gamma": 719.0922680125232, "log10_alpha": -5.0, "log10_colsample_bytree": -1.0, "log10_eta": -4.0, "log10_lambda": 1.0, "log10_min_child_weight": 0.0, "log10_subsample": 0.0, "max_depth": 8.0, "num_boost_round": 12.0}, "datetime": {"datetime": "2024-01-19 01:29:16", "elapsed": 4664.201359, "delta": 0.006169}}
{"target": -17.677181623659898, "params": {"gamma": 719.0922680125232, "log10_alpha": -5.0, "log10_colsample_bytree": -1.0, "log10_eta": -4.0, "log10_lambda": 1.0, "log10_min_child_weight": 0.0, "log10_subsample": 0.0, "max_depth": 8.0, "num_boost_round": 13.0}, "datetime": {"datetime": "2024-01-19 01:29:16", "elapsed": 4664.207188, "delta": 0.005829}}
{"target": -17.677170521793897, "params": {"gamma": 719.0922680125232, "log10_alpha": -5.0, "log10_colsample_bytree": -1.0, "log10_eta": -4.0, "log10_lambda": 1.0, "log10_min_child_weight": 0.0, "log10_subsample": 0.0, "max_depth": 8.0, "num_boost_round": 14.0}, "datetime": {"datetime": "2024-01-19 01:29:16", "elapsed": 4664.212728, "delta": 0.00554}}
{"target": -17.67716981824297, "params": {"gamma": 719.0922680125232, "log10_alpha": -5.0, "log10_colsample_bytree": -1.0, "log10_eta": -4.0, "log10_lambda": 1.0, "log10_min_child_weight": 0.0, "log10_subsample": 0.0, "max_depth": 8.0, "num_boost_round": 15.0}, "datetime": {"datetime": "2024-01-19 01:29:16", "elapsed": 4664.218339, "delta": 0.005611}}
{"target": -17.67716656763647, "params": {"gamma": 719.0922680125232, "log10_alpha": -5.0, "log10_colsample_bytree": -1.0, "log10_eta": -4.0, "log10_lambda": 1.0, "log10_min_child_weight": 0.0, "log10_subsample": 0.0, "max_depth": 8.0, "num_boost_round": 16.0}, "datetime": {"datetime": "2024-01-19 01:29:16", "elapsed": 4664.223983, "delta": 0.005644}}
{"target": -17.677163609466643, "params": {"gamma": 719.0922680125232, "log10_alpha": -5.0, "log10_colsample_bytree": -1.0, "log10_eta": -4.0, "log10_lambda": 1.0, "log10_min_child_weight": 0.0, "log10_subsample": 0.0, "max_depth": 8.0, "num_boost_round": 17.0}, "datetime": {"datetime": "2024-01-19 01:29:16", "elapsed": 4664.229716, "delta": 0.005733}}
{"target": -17.677161274701945, "params": {"gamma": 719.0922680125232, "log10_alpha": -5.0, "log10_colsample_bytree": -1.0, "log10_eta": -4.0, "log10_lambda": 1.0, "log10_min_child_weight": 0.0, "log10_subsample": 0.0, "max_depth": 8.0, "num_boost_round": 18.0}, "datetime": {"datetime": "2024-01-19 01:29:16", "elapsed": 4664.23619, "delta": 0.006474}}
{"target": -17.677158640115692, "params": {"gamma": 719.0922680125232, "log10_alpha": -5.0, "log10_colsample_bytree": -1.0, "log10_eta": -4.0, "log10_lambda": 1.0, "log10_min_child_weight": 0.0, "log10_subsample": 0.0, "max_depth": 8.0, "num_boost_round": 19.0}, "datetime": {"datetime": "2024-01-19 01:29:16", "elapsed": 4664.242184, "delta": 0.005994}}
{"target": -17.67715611892149, "params": {"gamma": 719.0922680125232, "log10_alpha": -5.0, "log10_colsample_bytree": -1.0, "log10_eta": -4.0, "log10_lambda": 1.0, "log10_min_child_weight": 0.0, "log10_subsample": 0.0, "max_depth": 8.0, "num_boost_round": 20.0}, "datetime": {"datetime": "2024-01-19 01:29:16", "elapsed": 4664.247805, "delta": 0.005621}}
{"target": -17.677156501845463, "params": {"gamma": 719.0922680125232, "log10_alpha": -5.0, "log10_colsample_bytree": -1.0, "log10_eta": -4.0, "log10_lambda": 1.0, "log10_min_child_weight": 0.0, "log10_subsample": 0.0, "max_depth": 8.0, "num_boost_round": 21.0}, "datetime": {"datetime": "2024-01-19 01:29:16", "elapsed": 4664.253347, "delta": 0.005542}}
{"target": -17.67714551301413, "params": {"gamma": 719.0922680125232, "log10_alpha": -5.0, "log10_colsample_bytree": -1.0, "log10_eta": -4.0, "log10_lambda": 1.0, "log10_min_child_weight": 0.0, "log10_subsample": 0.0, "max_depth": 8.0, "num_boost_round": 22.0}, "datetime": {"datetime": "2024-01-19 01:29:16", "elapsed": 4664.25904, "delta": 0.005693}}
{"target": -17.67713974196818, "params": {"gamma": 719.0922680125232, "log10_alpha": -5.0, "log10_colsample_bytree": -1.0, "log10_eta": -4.0, "log10_lambda": 1.0, "log10_min_child_weight": 0.0, "log10_subsample": 0.0, "max_depth": 8.0, "num_boost_round": 23.0}, "datetime": {"datetime": "2024-01-19 01:29:16", "elapsed": 4664.264868, "delta": 0.005828}}
{"target": -17.677137935929498, "params": {"gamma": 719.0922680125232, "log10_alpha": -5.0, "log10_colsample_bytree": -1.0, "log10_eta": -4.0, "log10_lambda": 1.0, "log10_min_child_weight": 0.0, "log10_subsample": 0.0, "max_depth": 8.0, "num_boost_round": 24.0}, "datetime": {"datetime": "2024-01-19 01:29:16", "elapsed": 4664.270457, "delta": 0.005589}}
{"target": -17.677131386734867, "params": {"gamma": 719.0922680125232, "log10_alpha": -5.0, "log10_colsample_bytree": -1.0, "log10_eta": -4.0, "log10_lambda": 1.0, "log10_min_child_weight": 0.0, "log10_subsample": 0.0, "max_depth": 8.0, "num_boost_round": 25.0}, "datetime": {"datetime": "2024-01-19 01:29:16", "elapsed": 4664.276067, "delta": 0.00561}}
{"target": -17.677128728898033, "params": {"gamma": 719.0922680125232, "log10_alpha": -5.0, "log10_colsample_bytree": -1.0, "log10_eta": -4.0, "log10_lambda": 1.0, "log10_min_child_weight": 0.0, "log10_subsample": 0.0, "max_depth": 8.0, "num_boost_round": 26.0}, "datetime": {"datetime": "2024-01-19 01:29:16", "elapsed": 4664.281675, "delta": 0.005608}}
{"target": -17.677125442014276, "params": {"gamma": 719.0922680125232, "log10_alpha": -5.0, "log10_colsample_bytree": -1.0, "log10_eta": -4.0, "log10_lambda": 1.0, "log10_min_child_weight": 0.0, "log10_subsample": 0.0, "max_depth": 8.0, "num_boost_round": 27.0}, "datetime": {"datetime": "2024-01-19 01:29:16", "elapsed": 4664.287223, "delta": 0.005548}}
{"target": -17.677123272981042, "params": {"gamma": 719.0922680125232, "log10_alpha": -5.0, "log10_colsample_bytree": -1.0, "log10_eta": -4.0, "log10_lambda": 1.0, "log10_min_child_weight": 0.0, "log10_subsample": 0.0, "max_depth": 8.0, "num_boost_round": 28.0}, "datetime": {"datetime": "2024-01-19 01:29:16", "elapsed": 4664.29287, "delta": 0.005647}}
{"target": -17.67711746930237, "params": {"gamma": 719.0922680125232, "log10_alpha": -5.0, "log10_colsample_bytree": -1.0, "log10_eta": -4.0, "log10_lambda": 1.0, "log10_min_child_weight": 0.0, "log10_subsample": 0.0, "max_depth": 8.0, "num_boost_round": 29.0}, "datetime": {"datetime": "2024-01-19 01:29:16", "elapsed": 4664.298647, "delta": 0.005777}}
{"target": -17.677112477466398, "params": {"gamma": 719.0922680125232, "log10_alpha": -5.0, "log10_colsample_bytree": -1.0, "log10_eta": -4.0, "log10_lambda": 1.0, "log10_min_child_weight": 0.0, "log10_subsample": 0.0, "max_depth": 8.0, "num_boost_round": 30.0}, "datetime": {"datetime": "2024-01-19 01:29:16", "elapsed": 4664.304173, "delta": 0.005526}}
{"target": -17.677111136486058, "params": {"gamma": 719.0922680125232, "log10_alpha": -5.0, "log10_colsample_bytree": -1.0, "log10_eta": -4.0, "log10_lambda": 1.0, "log10_min_child_weight": 0.0, "log10_subsample": 0.0, "max_depth": 8.0, "num_boost_round": 31.0}, "datetime": {"datetime": "2024-01-19 01:29:16", "elapsed": 4664.309721, "delta": 0.005548}}
{"target": -17.67710785920978, "params": {"gamma": 719.0922680125232, "log10_alpha": -5.0, "log10_colsample_bytree": -1.0, "log10_eta": -4.0, "log10_lambda": 1.0, "log10_min_child_weight": 0.0, "log10_subsample": 0.0, "max_depth": 8.0, "num_boost_round": 32.0}, "datetime": {"datetime": "2024-01-19 01:29:16", "elapsed": 4664.315446, "delta": 0.005725}}
{"target": -17.677094760028634, "params": {"gamma": 719.0922680125232, "log10_alpha": -5.0, "log10_colsample_bytree": -1.0, "log10_eta": -4.0, "log10_lambda": 1.0, "log10_min_child_weight": 0.0, "log10_subsample": 0.0, "max_depth": 8.0, "num_boost_round": 33.0}, "datetime": {"datetime": "2024-01-19 01:29:16", "elapsed": 4664.320996, "delta": 0.00555}}
{"target": -17.67709405972164, "params": {"gamma": 719.0922680125232, "log10_alpha": -5.0, "log10_colsample_bytree": -1.0, "log10_eta": -4.0, "log10_lambda": 1.0, "log10_min_child_weight": 0.0, "log10_subsample": 0.0, "max_depth": 8.0, "num_boost_round": 34.0}, "datetime": {"datetime": "2024-01-19 01:29:16", "elapsed": 4664.328112, "delta": 0.007116}}
{"target": -17.677083273713535, "params": {"gamma": 719.0922680125232, "log10_alpha": -5.0, "log10_colsample_bytree": -1.0, "log10_eta": -4.0, "log10_lambda": 1.0, "log10_min_child_weight": 0.0, "log10_subsample": 0.0, "max_depth": 8.0, "num_boost_round": 35.0}, "datetime": {"datetime": "2024-01-19 01:29:16", "elapsed": 4664.334156, "delta": 0.006044}}
{"target": -17.67708027888618, "params": {"gamma": 719.0922680125232, "log10_alpha": -5.0, "log10_colsample_bytree": -1.0, "log10_eta": -4.0, "log10_lambda": 1.0, "log10_min_child_weight": 0.0, "log10_subsample": 0.0, "max_depth": 8.0, "num_boost_round": 36.0}, "datetime": {"datetime": "2024-01-19 01:29:17", "elapsed": 4664.340082, "delta": 0.005926}}
{"target": -17.67707768043007, "params": {"gamma": 719.0922680125232, "log10_alpha": -5.0, "log10_colsample_bytree": -1.0, "log10_eta": -4.0, "log10_lambda": 1.0, "log10_min_child_weight": 0.0, "log10_subsample": 0.0, "max_depth": 8.0, "num_boost_round": 37.0}, "datetime": {"datetime": "2024-01-19 01:29:17", "elapsed": 4664.346753, "delta": 0.006671}}
{"target": -17.677072191536574, "params": {"gamma": 719.0922680125232, "log10_alpha": -5.0, "log10_colsample_bytree": -1.0, "log10_eta": -4.0, "log10_lambda": 1.0, "log10_min_child_weight": 0.0, "log10_subsample": 0.0, "max_depth": 8.0, "num_boost_round": 38.0}, "datetime": {"datetime": "2024-01-19 01:29:17", "elapsed": 4664.352452, "delta": 0.005699}}
{"target": -17.677068256341055, "params": {"gamma": 719.0922680125232, "log10_alpha": -5.0, "log10_colsample_bytree": -1.0, "log10_eta": -4.0, "log10_lambda": 1.0, "log10_min_child_weight": 0.0, "log10_subsample": 0.0, "max_depth": 8.0, "num_boost_round": 39.0}, "datetime": {"datetime": "2024-01-19 01:29:17", "elapsed": 4664.358058, "delta": 0.005606}}
