{"target": -13.758490582395558, "params": {"gamma": 570.131625976036, "log10_alpha": -4.3904660467452805, "log10_colsample_bytree": -0.06530202740879032, "log10_eta": -3.823772351592971, "log10_lambda": -3.503590315619677, "log10_min_child_weight": 0.23188923239229942, "log10_subsample": -0.9414197255377278, "max_depth": 2.0, "num_boost_round": 40.0}, "datetime": {"datetime": "2024-01-19 00:56:20", "elapsed": 2712.120495, "delta": 0.003063}}
{"target": -13.758488250218624, "params": {"gamma": 570.131625976036, "log10_alpha": -4.3904660467452805, "log10_colsample_bytree": -0.06530202740879032, "log10_eta": -3.823772351592971, "log10_lambda": -3.503590315619677, "log10_min_child_weight": 0.23188923239229942, "log10_subsample": -0.9414197255377278, "max_depth": 2.0, "num_boost_round": 41.0}, "datetime": {"datetime": "2024-01-19 00:56:20", "elapsed": 2712.12356, "delta": 0.003065}}
{"target": -13.758486093716574, "params": {"gamma": 570.131625976036, "log10_alpha": -4.3904660467452805, "log10_colsample_bytree": -0.06530202740879032, "log10_eta": -3.823772351592971, "log10_lambda": -3.503590315619677, "log10_min_child_weight": 0.23188923239229942, "log10_subsample": -0.9414197255377278, "max_depth": 2.0, "num_boost_round": 42.0}, "datetime": {"datetime": "2024-01-19 00:56:20", "elapsed": 2712.126586, "delta": 0.003026}}
{"target": -13.758486569351449, "params": {"gamma": 570.131625976036, "log10_alpha": -4.3904660467452805, "log10_colsample_bytree": -0.06530202740879032, "log10_eta": -3.823772351592971, "log10_lambda": -3.503590315619677, "log10_min_child_weight": 0.23188923239229942, "log10_subsample": -0.9414197255377278, "max_depth": 2.0, "num_boost_round": 43.0}, "datetime": {"datetime": "2024-01-19 00:56:20", "elapsed": 2712.129594, "delta": 0.003008}}
{"target": -13.758485190878005, "params": {"gamma": 570.131625976036, "log10_alpha": -4.3904660467452805, "log10_colsample_bytree": -0.06530202740879032, "log10_eta": -3.823772351592971, "log10_lambda": -3.503590315619677, "log10_min_child_weight": 0.23188923239229942, "log10_subsample": -0.9414197255377278, "max_depth": 2.0, "num_boost_round": 44.0}, "datetime": {"datetime": "2024-01-19 00:56:20", "elapsed": 2712.132617, "delta": 0.003023}}
{"target": -13.758484488817713, "params": {"gamma": 570.131625976036, "log10_alpha": -4.3904660467452805, "log10_colsample_bytree": -0.06530202740879032, "log10_eta": -3.823772351592971, "log10_lambda": -3.503590315619677, "log10_min_child_weight": 0.23188923239229942, "log10_subsample": -0.9414197255377278, "max_depth": 2.0, "num_boost_round": 45.0}, "datetime": {"datetime": "2024-01-19 00:56:20", "elapsed": 2712.135648, "delta": 0.003031}}
{"target": -13.758483351247953, "params": {"gamma": 570.131625976036, "log10_alpha": -4.3904660467452805, "log10_colsample_bytree": -0.06530202740879032, "log10_eta": -3.823772351592971, "log10_lambda": -3.503590315619677, "log10_min_child_weight": 0.23188923239229942, "log10_subsample": -0.9414197255377278, "max_depth": 2.0, "num_boost_round": 46.0}, "datetime": {"datetime": "2024-01-19 00:56:20", "elapsed": 2712.138673, "delta": 0.003025}}
{"target": -13.758295083460242, "params": {"gamma": 577.2455356201993, "log10_alpha": -1.2671611928415247, "log10_colsample_bytree": -0.0051681313123328465, "log10_eta": -1.9245720038941068, "log10_lambda": -2.9621890107729243, "log10_min_child_weight": 1.8361305724118666, "log10_subsample": -0.6815973118140523, "max_depth": 4.0, "num_boost_round": 0.0}, "datetime": {"datetime": "2024-01-19 00:57:02", "elapsed": 2754.413325, "delta": 42.274652}}
{"target": -13.758141885033295, "params": {"gamma": 577.2455356201993, "log10_alpha": -1.2671611928415247, "log10_colsample_bytree": -0.0051681313123328465, "log10_eta": -1.9245720038941068, "log10_lambda": -2.9621890107729243, "log10_min_child_weight": 1.8361305724118666, "log10_subsample": -0.6815973118140523, "max_depth": 4.0, "num_boost_round": 1.0}, "datetime": {"datetime": "2024-01-19 00:57:02", "elapsed": 2754.417038, "delta": 0.003713}}
{"target": -13.758003638946052, "params": {"gamma": 577.2455356201993, "log10_alpha": -1.2671611928415247, "log10_colsample_bytree": -0.0051681313123328465, "log10_eta": -1.9245720038941068, "log10_lambda": -2.9621890107729243, "log10_min_child_weight": 1.8361305724118666, "log10_subsample": -0.6815973118140523, "max_depth": 4.0, "num_boost_round": 2.0}, "datetime": {"datetime": "2024-01-19 00:57:02", "elapsed": 2754.420231, "delta": 0.003193}}
{"target": -13.758093599921313, "params": {"gamma": 577.2455356201993, "log10_alpha": -1.2671611928415247, "log10_colsample_bytree": -0.0051681313123328465, "log10_eta": -1.9245720038941068, "log10_lambda": -2.9621890107729243, "log10_min_child_weight": 1.8361305724118666, "log10_subsample": -0.6815973118140523, "max_depth": 4.0, "num_boost_round": 3.0}, "datetime": {"datetime": "2024-01-19 00:57:02", "elapsed": 2754.423363, "delta": 0.003132}}
{"target": -13.758098238789445, "params": {"gamma": 577.2455356201993, "log10_alpha": -1.2671611928415247, "log10_colsample_bytree": -0.0051681313123328465, "log10_eta": -1.9245720038941068, "log10_lambda": -2.9621890107729243, "log10_min_child_weight": 1.8361305724118666, "log10_subsample": -0.6815973118140523, "max_depth": 4.0, "num_boost_round": 4.0}, "datetime": {"datetime": "2024-01-19 00:57:02", "elapsed": 2754.426574, "delta": 0.003211}}
{"target": -13.758189003909024, "params": {"gamma": 577.2455356201993, "log10_alpha": -1.2671611928415247, "log10_colsample_bytree": -0.0051681313123328465, "log10_eta": -1.9245720038941068, "log10_lambda": -2.9621890107729243, "log10_min_child_weight": 1.8361305724118666, "log10_subsample": -0.6815973118140523, "max_depth": 4.0, "num_boost_round": 5.0}, "datetime": {"datetime": "2024-01-19 00:57:02", "elapsed": 2754.429579, "delta": 0.003005}}
{"target": -13.758135840609071, "params": {"gamma": 577.2455356201993, "log10_alpha": -1.2671611928415247, "log10_colsample_bytree": -0.0051681313123328465, "log10_eta": -1.9245720038941068, "log10_lambda": -2.9621890107729243, "log10_min_child_weight": 1.8361305724118666, "log10_subsample": -0.6815973118140523, "max_depth": 4.0, "num_boost_round": 6.0}, "datetime": {"datetime": "2024-01-19 00:57:02", "elapsed": 2754.432614, "delta": 0.003035}}
{"target": -13.758135384450753, "params": {"gamma": 577.2455356201993, "log10_alpha": -1.2671611928415247, "log10_colsample_bytree": -0.0051681313123328465, "log10_eta": -1.9245720038941068, "log10_lambda": -2.9621890107729243, "log10_min_child_weight": 1.8361305724118666, "log10_subsample": -0.6815973118140523, "max_depth": 4.0, "num_boost_round": 7.0}, "datetime": {"datetime": "2024-01-19 00:57:02", "elapsed": 2754.435602, "delta": 0.002988}}
{"target": -13.758266551622874, "params": {"gamma": 577.2455356201993, "log10_alpha": -1.2671611928415247, "log10_colsample_bytree": -0.0051681313123328465, "log10_eta": -1.9245720038941068, "log10_lambda": -2.9621890107729243, "log10_min_child_weight": 1.8361305724118666, "log10_subsample": -0.6815973118140523, "max_depth": 4.0, "num_boost_round": 8.0}, "datetime": {"datetime": "2024-01-19 00:57:02", "elapsed": 2754.438604, "delta": 0.003002}}
{"target": -13.75841732808217, "params": {"gamma": 577.2455356201993, "log10_alpha": -1.2671611928415247, "log10_colsample_bytree": -0.0051681313123328465, "log10_eta": -1.9245720038941068, "log10_lambda": -2.9621890107729243, "log10_min_child_weight": 1.8361305724118666, "log10_subsample": -0.6815973118140523, "max_depth": 4.0, "num_boost_round": 9.0}, "datetime": {"datetime": "2024-01-19 00:57:02", "elapsed": 2754.441601, "delta": 0.002997}}
{"target": -13.75863401780308, "params": {"gamma": 577.2455356201993, "log10_alpha": -1.2671611928415247, "log10_colsample_bytree": -0.0051681313123328465, "log10_eta": -1.9245720038941068, "log10_lambda": -2.9621890107729243, "log10_min_child_weight": 1.8361305724118666, "log10_subsample": -0.6815973118140523, "max_depth": 4.0, "num_boost_round": 10.0}, "datetime": {"datetime": "2024-01-19 00:57:02", "elapsed": 2754.444747, "delta": 0.003146}}
{"target": -13.759003531016377, "params": {"gamma": 577.2455356201993, "log10_alpha": -1.2671611928415247, "log10_colsample_bytree": -0.0051681313123328465, "log10_eta": -1.9245720038941068, "log10_lambda": -2.9621890107729243, "log10_min_child_weight": 1.8361305724118666, "log10_subsample": -0.6815973118140523, "max_depth": 4.0, "num_boost_round": 11.0}, "datetime": {"datetime": "2024-01-19 00:57:02", "elapsed": 2754.447929, "delta": 0.003182}}
{"target": -13.759136714588143, "params": {"gamma": 577.2455356201993, "log10_alpha": -1.2671611928415247, "log10_colsample_bytree": -0.0051681313123328465, "log10_eta": -1.9245720038941068, "log10_lambda": -2.9621890107729243, "log10_min_child_weight": 1.8361305724118666, "log10_subsample": -0.6815973118140523, "max_depth": 4.0, "num_boost_round": 12.0}, "datetime": {"datetime": "2024-01-19 00:57:02", "elapsed": 2754.451177, "delta": 0.003248}}
{"target": -13.759647060129709, "params": {"gamma": 577.2455356201993, "log10_alpha": -1.2671611928415247, "log10_colsample_bytree": -0.0051681313123328465, "log10_eta": -1.9245720038941068, "log10_lambda": -2.9621890107729243, "log10_min_child_weight": 1.8361305724118666, "log10_subsample": -0.6815973118140523, "max_depth": 4.0, "num_boost_round": 13.0}, "datetime": {"datetime": "2024-01-19 00:57:02", "elapsed": 2754.454334, "delta": 0.003157}}
{"target": -13.75970711388663, "params": {"gamma": 577.2455356201993, "log10_alpha": -1.2671611928415247, "log10_colsample_bytree": -0.0051681313123328465, "log10_eta": -1.9245720038941068, "log10_lambda": -2.9621890107729243, "log10_min_child_weight": 1.8361305724118666, "log10_subsample": -0.6815973118140523, "max_depth": 4.0, "num_boost_round": 14.0}, "datetime": {"datetime": "2024-01-19 00:57:02", "elapsed": 2754.457456, "delta": 0.003122}}
{"target": -13.7599959050082, "params": {"gamma": 577.2455356201993, "log10_alpha": -1.2671611928415247, "log10_colsample_bytree": -0.0051681313123328465, "log10_eta": -1.9245720038941068, "log10_lambda": -2.9621890107729243, "log10_min_child_weight": 1.8361305724118666, "log10_subsample": -0.6815973118140523, "max_depth": 4.0, "num_boost_round": 15.0}, "datetime": {"datetime": "2024-01-19 00:57:02", "elapsed": 2754.460459, "delta": 0.003003}}
{"target": -13.760163311046796, "params": {"gamma": 577.2455356201993, "log10_alpha": -1.2671611928415247, "log10_colsample_bytree": -0.0051681313123328465, "log10_eta": -1.9245720038941068, "log10_lambda": -2.9621890107729243, "log10_min_child_weight": 1.8361305724118666, "log10_subsample": -0.6815973118140523, "max_depth": 4.0, "num_boost_round": 16.0}, "datetime": {"datetime": "2024-01-19 00:57:02", "elapsed": 2754.463562, "delta": 0.003103}}
{"target": -13.76044917925129, "params": {"gamma": 577.2455356201993, "log10_alpha": -1.2671611928415247, "log10_colsample_bytree": -0.0051681313123328465, "log10_eta": -1.9245720038941068, "log10_lambda": -2.9621890107729243, "log10_min_child_weight": 1.8361305724118666, "log10_subsample": -0.6815973118140523, "max_depth": 4.0, "num_boost_round": 17.0}, "datetime": {"datetime": "2024-01-19 00:57:02", "elapsed": 2754.466655, "delta": 0.003093}}
{"target": -13.760580466711021, "params": {"gamma": 577.2455356201993, "log10_alpha": -1.2671611928415247, "log10_colsample_bytree": -0.0051681313123328465, "log10_eta": -1.9245720038941068, "log10_lambda": -2.9621890107729243, "log10_min_child_weight": 1.8361305724118666, "log10_subsample": -0.6815973118140523, "max_depth": 4.0, "num_boost_round": 18.0}, "datetime": {"datetime": "2024-01-19 00:57:02", "elapsed": 2754.469664, "delta": 0.003009}}
{"target": -13.760505313103694, "params": {"gamma": 577.2455356201993, "log10_alpha": -1.2671611928415247, "log10_colsample_bytree": -0.0051681313123328465, "log10_eta": -1.9245720038941068, "log10_lambda": -2.9621890107729243, "log10_min_child_weight": 1.8361305724118666, "log10_subsample": -0.6815973118140523, "max_depth": 4.0, "num_boost_round": 19.0}, "datetime": {"datetime": "2024-01-19 00:57:02", "elapsed": 2754.472666, "delta": 0.003002}}
{"target": -13.760899608209641, "params": {"gamma": 577.2455356201993, "log10_alpha": -1.2671611928415247, "log10_colsample_bytree": -0.0051681313123328465, "log10_eta": -1.9245720038941068, "log10_lambda": -2.9621890107729243, "log10_min_child_weight": 1.8361305724118666, "log10_subsample": -0.6815973118140523, "max_depth": 4.0, "num_boost_round": 20.0}, "datetime": {"datetime": "2024-01-19 00:57:02", "elapsed": 2754.475698, "delta": 0.003032}}
{"target": -13.761297811361281, "params": {"gamma": 577.2455356201993, "log10_alpha": -1.2671611928415247, "log10_colsample_bytree": -0.0051681313123328465, "log10_eta": -1.9245720038941068, "log10_lambda": -2.9621890107729243, "log10_min_child_weight": 1.8361305724118666, "log10_subsample": -0.6815973118140523, "max_depth": 4.0, "num_boost_round": 21.0}, "datetime": {"datetime": "2024-01-19 00:57:02", "elapsed": 2754.478698, "delta": 0.003}}
{"target": -13.76117343845305, "params": {"gamma": 577.2455356201993, "log10_alpha": -1.2671611928415247, "log10_colsample_bytree": -0.0051681313123328465, "log10_eta": -1.9245720038941068, "log10_lambda": -2.9621890107729243, "log10_min_child_weight": 1.8361305724118666, "log10_subsample": -0.6815973118140523, "max_depth": 4.0, "num_boost_round": 22.0}, "datetime": {"datetime": "2024-01-19 00:57:02", "elapsed": 2754.481689, "delta": 0.002991}}
{"target": -13.761752659376295, "params": {"gamma": 577.2455356201993, "log10_alpha": -1.2671611928415247, "log10_colsample_bytree": -0.0051681313123328465, "log10_eta": -1.9245720038941068, "log10_lambda": -2.9621890107729243, "log10_min_child_weight": 1.8361305724118666, "log10_subsample": -0.6815973118140523, "max_depth": 4.0, "num_boost_round": 23.0}, "datetime": {"datetime": "2024-01-19 00:57:02", "elapsed": 2754.48481, "delta": 0.003121}}
{"target": -13.762411824021902, "params": {"gamma": 577.2455356201993, "log10_alpha": -1.2671611928415247, "log10_colsample_bytree": -0.0051681313123328465, "log10_eta": -1.9245720038941068, "log10_lambda": -2.9621890107729243, "log10_min_child_weight": 1.8361305724118666, "log10_subsample": -0.6815973118140523, "max_depth": 4.0, "num_boost_round": 24.0}, "datetime": {"datetime": "2024-01-19 00:57:02", "elapsed": 2754.487912, "delta": 0.003102}}
{"target": -13.762903552855823, "params": {"gamma": 577.2455356201993, "log10_alpha": -1.2671611928415247, "log10_colsample_bytree": -0.0051681313123328465, "log10_eta": -1.9245720038941068, "log10_lambda": -2.9621890107729243, "log10_min_child_weight": 1.8361305724118666, "log10_subsample": -0.6815973118140523, "max_depth": 4.0, "num_boost_round": 25.0}, "datetime": {"datetime": "2024-01-19 00:57:02", "elapsed": 2754.490916, "delta": 0.003004}}
{"target": -13.763309967448178, "params": {"gamma": 577.2455356201993, "log10_alpha": -1.2671611928415247, "log10_colsample_bytree": -0.0051681313123328465, "log10_eta": -1.9245720038941068, "log10_lambda": -2.9621890107729243, "log10_min_child_weight": 1.8361305724118666, "log10_subsample": -0.6815973118140523, "max_depth": 4.0, "num_boost_round": 26.0}, "datetime": {"datetime": "2024-01-19 00:57:02", "elapsed": 2754.493937, "delta": 0.003021}}
{"target": -13.763447339271082, "params": {"gamma": 577.2455356201993, "log10_alpha": -1.2671611928415247, "log10_colsample_bytree": -0.0051681313123328465, "log10_eta": -1.9245720038941068, "log10_lambda": -2.9621890107729243, "log10_min_child_weight": 1.8361305724118666, "log10_subsample": -0.6815973118140523, "max_depth": 4.0, "num_boost_round": 27.0}, "datetime": {"datetime": "2024-01-19 00:57:02", "elapsed": 2754.496979, "delta": 0.003042}}
{"target": -13.764199947946347, "params": {"gamma": 577.2455356201993, "log10_alpha": -1.2671611928415247, "log10_colsample_bytree": -0.0051681313123328465, "log10_eta": -1.9245720038941068, "log10_lambda": -2.9621890107729243, "log10_min_child_weight": 1.8361305724118666, "log10_subsample": -0.6815973118140523, "max_depth": 4.0, "num_boost_round": 28.0}, "datetime": {"datetime": "2024-01-19 00:57:02", "elapsed": 2754.616748, "delta": 0.119769}}
{"target": -13.76440066642149, "params": {"gamma": 577.2455356201993, "log10_alpha": -1.2671611928415247, "log10_colsample_bytree": -0.0051681313123328465, "log10_eta": -1.9245720038941068, "log10_lambda": -2.9621890107729243, "log10_min_child_weight": 1.8361305724118666, "log10_subsample": -0.6815973118140523, "max_depth": 4.0, "num_boost_round": 29.0}, "datetime": {"datetime": "2024-01-19 00:57:02", "elapsed": 2754.620482, "delta": 0.003734}}
{"target": -13.765022279842087, "params": {"gamma": 577.2455356201993, "log10_alpha": -1.2671611928415247, "log10_colsample_bytree": -0.0051681313123328465, "log10_eta": -1.9245720038941068, "log10_lambda": -2.9621890107729243, "log10_min_child_weight": 1.8361305724118666, "log10_subsample": -0.6815973118140523, "max_depth": 4.0, "num_boost_round": 30.0}, "datetime": {"datetime": "2024-01-19 00:57:02", "elapsed": 2754.624107, "delta": 0.003625}}
{"target": -13.765593628903698, "params": {"gamma": 577.2455356201993, "log10_alpha": -1.2671611928415247, "log10_colsample_bytree": -0.0051681313123328465, "log10_eta": -1.9245720038941068, "log10_lambda": -2.9621890107729243, "log10_min_child_weight": 1.8361305724118666, "log10_subsample": -0.6815973118140523, "max_depth": 4.0, "num_boost_round": 31.0}, "datetime": {"datetime": "2024-01-19 00:57:02", "elapsed": 2754.627449, "delta": 0.003342}}
{"target": -13.765464983891901, "params": {"gamma": 577.2455356201993, "log10_alpha": -1.2671611928415247, "log10_colsample_bytree": -0.0051681313123328465, "log10_eta": -1.9245720038941068, "log10_lambda": -2.9621890107729243, "log10_min_child_weight": 1.8361305724118666, "log10_subsample": -0.6815973118140523, "max_depth": 4.0, "num_boost_round": 32.0}, "datetime": {"datetime": "2024-01-19 00:57:02", "elapsed": 2754.630769, "delta": 0.00332}}
{"target": -13.765924148290317, "params": {"gamma": 577.2455356201993, "log10_alpha": -1.2671611928415247, "log10_colsample_bytree": -0.0051681313123328465, "log10_eta": -1.9245720038941068, "log10_lambda": -2.9621890107729243, "log10_min_child_weight": 1.8361305724118666, "log10_subsample": -0.6815973118140523, "max_depth": 4.0, "num_boost_round": 33.0}, "datetime": {"datetime": "2024-01-19 00:57:02", "elapsed": 2754.633978, "delta": 0.003209}}
{"target": -13.766544682538532, "params": {"gamma": 577.2455356201993, "log10_alpha": -1.2671611928415247, "log10_colsample_bytree": -0.0051681313123328465, "log10_eta": -1.9245720038941068, "log10_lambda": -2.9621890107729243, "log10_min_child_weight": 1.8361305724118666, "log10_subsample": -0.6815973118140523, "max_depth": 4.0, "num_boost_round": 34.0}, "datetime": {"datetime": "2024-01-19 00:57:02", "elapsed": 2754.63725, "delta": 0.003272}}
{"target": -13.766543346447358, "params": {"gamma": 577.2455356201993, "log10_alpha": -1.2671611928415247, "log10_colsample_bytree": -0.0051681313123328465, "log10_eta": -1.9245720038941068, "log10_lambda": -2.9621890107729243, "log10_min_child_weight": 1.8361305724118666, "log10_subsample": -0.6815973118140523, "max_depth": 4.0, "num_boost_round": 35.0}, "datetime": {"datetime": "2024-01-19 00:57:02", "elapsed": 2754.640483, "delta": 0.003233}}
{"target": -13.766415989377792, "params": {"gamma": 577.2455356201993, "log10_alpha": -1.2671611928415247, "log10_colsample_bytree": -0.0051681313123328465, "log10_eta": -1.9245720038941068, "log10_lambda": -2.9621890107729243, "log10_min_child_weight": 1.8361305724118666, "log10_subsample": -0.6815973118140523, "max_depth": 4.0, "num_boost_round": 36.0}, "datetime": {"datetime": "2024-01-19 00:57:02", "elapsed": 2754.643741, "delta": 0.003258}}
{"target": -13.766224537501875, "params": {"gamma": 577.2455356201993, "log10_alpha": -1.2671611928415247, "log10_colsample_bytree": -0.0051681313123328465, "log10_eta": -1.9245720038941068, "log10_lambda": -2.9621890107729243, "log10_min_child_weight": 1.8361305724118666, "log10_subsample": -0.6815973118140523, "max_depth": 4.0, "num_boost_round": 37.0}, "datetime": {"datetime": "2024-01-19 00:57:02", "elapsed": 2754.646999, "delta": 0.003258}}
{"target": -13.767143666053656, "params": {"gamma": 577.2455356201993, "log10_alpha": -1.2671611928415247, "log10_colsample_bytree": -0.0051681313123328465, "log10_eta": -1.9245720038941068, "log10_lambda": -2.9621890107729243, "log10_min_child_weight": 1.8361305724118666, "log10_subsample": -0.6815973118140523, "max_depth": 4.0, "num_boost_round": 38.0}, "datetime": {"datetime": "2024-01-19 00:57:02", "elapsed": 2754.650245, "delta": 0.003246}}
{"target": -13.767494361502107, "params": {"gamma": 577.2455356201993, "log10_alpha": -1.2671611928415247, "log10_colsample_bytree": -0.0051681313123328465, "log10_eta": -1.9245720038941068, "log10_lambda": -2.9621890107729243, "log10_min_child_weight": 1.8361305724118666, "log10_subsample": -0.6815973118140523, "max_depth": 4.0, "num_boost_round": 39.0}, "datetime": {"datetime": "2024-01-19 00:57:02", "elapsed": 2754.653496, "delta": 0.003251}}
{"target": -13.767432839271885, "params": {"gamma": 577.2455356201993, "log10_alpha": -1.2671611928415247, "log10_colsample_bytree": -0.0051681313123328465, "log10_eta": -1.9245720038941068, "log10_lambda": -2.9621890107729243, "log10_min_child_weight": 1.8361305724118666, "log10_subsample": -0.6815973118140523, "max_depth": 4.0, "num_boost_round": 40.0}, "datetime": {"datetime": "2024-01-19 00:57:02", "elapsed": 2754.656755, "delta": 0.003259}}
{"target": -13.76731534400542, "params": {"gamma": 577.2455356201993, "log10_alpha": -1.2671611928415247, "log10_colsample_bytree": -0.0051681313123328465, "log10_eta": -1.9245720038941068, "log10_lambda": -2.9621890107729243, "log10_min_child_weight": 1.8361305724118666, "log10_subsample": -0.6815973118140523, "max_depth": 4.0, "num_boost_round": 41.0}, "datetime": {"datetime": "2024-01-19 00:57:02", "elapsed": 2754.659963, "delta": 0.003208}}
