{"target": -13.758074062515892, "params": {"gamma": 860.1979112429991, "log10_alpha": -0.1803808779649252, "log10_colsample_bytree": -0.462429012714192, "log10_eta": -1.6130468455341305, "log10_lambda": 0.509826093890335, "log10_min_child_weight": 0.06188582843731916, "log10_subsample": -0.7872693139029099, "max_depth": 4.0, "num_boost_round": 9.0}, "datetime": {"datetime": "2024-01-19 00:24:55", "elapsed": 815.144325, "delta": 0.00111}}
{"target": -13.758030446505286, "params": {"gamma": 860.1979112429991, "log10_alpha": -0.1803808779649252, "log10_colsample_bytree": -0.462429012714192, "log10_eta": -1.6130468455341305, "log10_lambda": 0.509826093890335, "log10_min_child_weight": 0.06188582843731916, "log10_subsample": -0.7872693139029099, "max_depth": 4.0, "num_boost_round": 10.0}, "datetime": {"datetime": "2024-01-19 00:24:55", "elapsed": 815.145439, "delta": 0.001114}}
{"target": -13.769798257547233, "params": {"gamma": 863.8037917893986, "log10_alpha": -2.67155185875688, "log10_colsample_bytree": -0.03481919914611542, "log10_eta": -0.7816083100384761, "log10_lambda": -1.209653803523965, "log10_min_child_weight": 1.3184338088361662, "log10_subsample": -0.9546021492165475, "max_depth": 6.0, "num_boost_round": 0.0}, "datetime": {"datetime": "2024-01-19 00:25:19", "elapsed": 839.848296, "delta": 24.702857}}
{"target": -13.767561915547008, "params": {"gamma": 863.8037917893986, "log10_alpha": -2.67155185875688, "log10_colsample_bytree": -0.03481919914611542, "log10_eta": -0.7816083100384761, "log10_lambda": -1.209653803523965, "log10_min_child_weight": 1.3184338088361662, "log10_subsample": -0.9546021492165475, "max_depth": 6.0, "num_boost_round": 1.0}, "datetime": {"datetime": "2024-01-19 00:25:19", "elapsed": 839.849703, "delta": 0.001407}}
{"target": -13.792416812919269, "params": {"gamma": 863.8037917893986, "log10_alpha": -2.67155185875688, "log10_colsample_bytree": -0.03481919914611542, "log10_eta": -0.7816083100384761, "log10_lambda": -1.209653803523965, "log10_min_child_weight": 1.3184338088361662, "log10_subsample": -0.9546021492165475, "max_depth": 6.0, "num_boost_round": 2.0}, "datetime": {"datetime": "2024-01-19 00:25:19", "elapsed": 839.850862, "delta": 0.001159}}
{"target": -13.798177344448797, "params": {"gamma": 863.8037917893986, "log10_alpha": -2.67155185875688, "log10_colsample_bytree": -0.03481919914611542, "log10_eta": -0.7816083100384761, "log10_lambda": -1.209653803523965, "log10_min_child_weight": 1.3184338088361662, "log10_subsample": -0.9546021492165475, "max_depth": 6.0, "num_boost_round": 3.0}, "datetime": {"datetime": "2024-01-19 00:25:19", "elapsed": 839.852152, "delta": 0.00129}}
{"target": -13.803836922048843, "params": {"gamma": 863.8037917893986, "log10_alpha": -2.67155185875688, "log10_colsample_bytree": -0.03481919914611542, "log10_eta": -0.7816083100384761, "log10_lambda": -1.209653803523965, "log10_min_child_weight": 1.3184338088361662, "log10_subsample": -0.9546021492165475, "max_depth": 6.0, "num_boost_round": 4.0}, "datetime": {"datetime": "2024-01-19 00:25:19", "elapsed": 839.853694, "delta": 0.001542}}
{"target": -13.818431689609367, "params": {"gamma": 863.8037917893986, "log10_alpha": -2.67155185875688, "log10_colsample_bytree": -0.03481919914611542, "log10_eta": -0.7816083100384761, "log10_lambda": -1.209653803523965, "log10_min_child_weight": 1.3184338088361662, "log10_subsample": -0.9546021492165475, "max_depth": 6.0, "num_boost_round": 5.0}, "datetime": {"datetime": "2024-01-19 00:25:19", "elapsed": 839.854822, "delta": 0.001128}}
{"target": -13.83156338569198, "params": {"gamma": 863.8037917893986, "log10_alpha": -2.67155185875688, "log10_colsample_bytree": -0.03481919914611542, "log10_eta": -0.7816083100384761, "log10_lambda": -1.209653803523965, "log10_min_child_weight": 1.3184338088361662, "log10_subsample": -0.9546021492165475, "max_depth": 6.0, "num_boost_round": 6.0}, "datetime": {"datetime": "2024-01-19 00:25:19", "elapsed": 839.855938, "delta": 0.001116}}
{"target": -13.850193231792307, "params": {"gamma": 863.8037917893986, "log10_alpha": -2.67155185875688, "log10_colsample_bytree": -0.03481919914611542, "log10_eta": -0.7816083100384761, "log10_lambda": -1.209653803523965, "log10_min_child_weight": 1.3184338088361662, "log10_subsample": -0.9546021492165475, "max_depth": 6.0, "num_boost_round": 7.0}, "datetime": {"datetime": "2024-01-19 00:25:19", "elapsed": 839.857091, "delta": 0.001153}}
{"target": -13.876385184948306, "params": {"gamma": 863.8037917893986, "log10_alpha": -2.67155185875688, "log10_colsample_bytree": -0.03481919914611542, "log10_eta": -0.7816083100384761, "log10_lambda": -1.209653803523965, "log10_min_child_weight": 1.3184338088361662, "log10_subsample": -0.9546021492165475, "max_depth": 6.0, "num_boost_round": 8.0}, "datetime": {"datetime": "2024-01-19 00:25:19", "elapsed": 839.858243, "delta": 0.001152}}
{"target": -13.883498368698653, "params": {"gamma": 863.8037917893986, "log10_alpha": -2.67155185875688, "log10_colsample_bytree": -0.03481919914611542, "log10_eta": -0.7816083100384761, "log10_lambda": -1.209653803523965, "log10_min_child_weight": 1.3184338088361662, "log10_subsample": -0.9546021492165475, "max_depth": 6.0, "num_boost_round": 9.0}, "datetime": {"datetime": "2024-01-19 00:25:19", "elapsed": 839.859344, "delta": 0.001101}}
{"target": -13.890435309763696, "params": {"gamma": 863.8037917893986, "log10_alpha": -2.67155185875688, "log10_colsample_bytree": -0.03481919914611542, "log10_eta": -0.7816083100384761, "log10_lambda": -1.209653803523965, "log10_min_child_weight": 1.3184338088361662, "log10_subsample": -0.9546021492165475, "max_depth": 6.0, "num_boost_round": 10.0}, "datetime": {"datetime": "2024-01-19 00:25:19", "elapsed": 839.860519, "delta": 0.001175}}
{"target": -13.899926324919209, "params": {"gamma": 863.8037917893986, "log10_alpha": -2.67155185875688, "log10_colsample_bytree": -0.03481919914611542, "log10_eta": -0.7816083100384761, "log10_lambda": -1.209653803523965, "log10_min_child_weight": 1.3184338088361662, "log10_subsample": -0.9546021492165475, "max_depth": 6.0, "num_boost_round": 11.0}, "datetime": {"datetime": "2024-01-19 00:25:19", "elapsed": 839.861782, "delta": 0.001263}}
{"target": -13.898704052483643, "params": {"gamma": 863.8037917893986, "log10_alpha": -2.67155185875688, "log10_colsample_bytree": -0.03481919914611542, "log10_eta": -0.7816083100384761, "log10_lambda": -1.209653803523965, "log10_min_child_weight": 1.3184338088361662, "log10_subsample": -0.9546021492165475, "max_depth": 6.0, "num_boost_round": 12.0}, "datetime": {"datetime": "2024-01-19 00:25:19", "elapsed": 839.862886, "delta": 0.001104}}
{"target": -13.902542519893982, "params": {"gamma": 863.8037917893986, "log10_alpha": -2.67155185875688, "log10_colsample_bytree": -0.03481919914611542, "log10_eta": -0.7816083100384761, "log10_lambda": -1.209653803523965, "log10_min_child_weight": 1.3184338088361662, "log10_subsample": -0.9546021492165475, "max_depth": 6.0, "num_boost_round": 13.0}, "datetime": {"datetime": "2024-01-19 00:25:19", "elapsed": 839.864, "delta": 0.001114}}
{"target": -13.907277128988145, "params": {"gamma": 863.8037917893986, "log10_alpha": -2.67155185875688, "log10_colsample_bytree": -0.03481919914611542, "log10_eta": -0.7816083100384761, "log10_lambda": -1.209653803523965, "log10_min_child_weight": 1.3184338088361662, "log10_subsample": -0.9546021492165475, "max_depth": 6.0, "num_boost_round": 14.0}, "datetime": {"datetime": "2024-01-19 00:25:19", "elapsed": 839.865105, "delta": 0.001105}}
{"target": -13.914639903282032, "params": {"gamma": 863.8037917893986, "log10_alpha": -2.67155185875688, "log10_colsample_bytree": -0.03481919914611542, "log10_eta": -0.7816083100384761, "log10_lambda": -1.209653803523965, "log10_min_child_weight": 1.3184338088361662, "log10_subsample": -0.9546021492165475, "max_depth": 6.0, "num_boost_round": 15.0}, "datetime": {"datetime": "2024-01-19 00:25:19", "elapsed": 839.866215, "delta": 0.00111}}
{"target": -13.918588838849864, "params": {"gamma": 863.8037917893986, "log10_alpha": -2.67155185875688, "log10_colsample_bytree": -0.03481919914611542, "log10_eta": -0.7816083100384761, "log10_lambda": -1.209653803523965, "log10_min_child_weight": 1.3184338088361662, "log10_subsample": -0.9546021492165475, "max_depth": 6.0, "num_boost_round": 16.0}, "datetime": {"datetime": "2024-01-19 00:25:19", "elapsed": 839.86733, "delta": 0.001115}}
{"target": -13.932495809255812, "params": {"gamma": 863.8037917893986, "log10_alpha": -2.67155185875688, "log10_colsample_bytree": -0.03481919914611542, "log10_eta": -0.7816083100384761, "log10_lambda": -1.209653803523965, "log10_min_child_weight": 1.3184338088361662, "log10_subsample": -0.9546021492165475, "max_depth": 6.0, "num_boost_round": 17.0}, "datetime": {"datetime": "2024-01-19 00:25:19", "elapsed": 839.868462, "delta": 0.001132}}
{"target": -13.940116391892323, "params": {"gamma": 863.8037917893986, "log10_alpha": -2.67155185875688, "log10_colsample_bytree": -0.03481919914611542, "log10_eta": -0.7816083100384761, "log10_lambda": -1.209653803523965, "log10_min_child_weight": 1.3184338088361662, "log10_subsample": -0.9546021492165475, "max_depth": 6.0, "num_boost_round": 18.0}, "datetime": {"datetime": "2024-01-19 00:25:19", "elapsed": 839.869583, "delta": 0.001121}}
{"target": -13.951175521122003, "params": {"gamma": 863.8037917893986, "log10_alpha": -2.67155185875688, "log10_colsample_bytree": -0.03481919914611542, "log10_eta": -0.7816083100384761, "log10_lambda": -1.209653803523965, "log10_min_child_weight": 1.3184338088361662, "log10_subsample": -0.9546021492165475, "max_depth": 6.0, "num_boost_round": 19.0}, "datetime": {"datetime": "2024-01-19 00:25:19", "elapsed": 839.870699, "delta": 0.001116}}
{"target": -14.017928456455929, "params": {"gamma": 863.8037917893986, "log10_alpha": -2.67155185875688, "log10_colsample_bytree": -0.03481919914611542, "log10_eta": -0.7816083100384761, "log10_lambda": -1.209653803523965, "log10_min_child_weight": 1.3184338088361662, "log10_subsample": -0.9546021492165475, "max_depth": 6.0, "num_boost_round": 20.0}, "datetime": {"datetime": "2024-01-19 00:25:19", "elapsed": 839.871818, "delta": 0.001119}}
{"target": -14.048834383887552, "params": {"gamma": 863.8037917893986, "log10_alpha": -2.67155185875688, "log10_colsample_bytree": -0.03481919914611542, "log10_eta": -0.7816083100384761, "log10_lambda": -1.209653803523965, "log10_min_child_weight": 1.3184338088361662, "log10_subsample": -0.9546021492165475, "max_depth": 6.0, "num_boost_round": 21.0}, "datetime": {"datetime": "2024-01-19 00:25:19", "elapsed": 839.87305, "delta": 0.001232}}
{"target": -14.074370913164577, "params": {"gamma": 863.8037917893986, "log10_alpha": -2.67155185875688, "log10_colsample_bytree": -0.03481919914611542, "log10_eta": -0.7816083100384761, "log10_lambda": -1.209653803523965, "log10_min_child_weight": 1.3184338088361662, "log10_subsample": -0.9546021492165475, "max_depth": 6.0, "num_boost_round": 22.0}, "datetime": {"datetime": "2024-01-19 00:25:19", "elapsed": 839.874308, "delta": 0.001258}}
{"target": -14.08116330491181, "params": {"gamma": 863.8037917893986, "log10_alpha": -2.67155185875688, "log10_colsample_bytree": -0.03481919914611542, "log10_eta": -0.7816083100384761, "log10_lambda": -1.209653803523965, "log10_min_child_weight": 1.3184338088361662, "log10_subsample": -0.9546021492165475, "max_depth": 6.0, "num_boost_round": 23.0}, "datetime": {"datetime": "2024-01-19 00:25:19", "elapsed": 839.875593, "delta": 0.001285}}
{"target": -13.758534453585211, "params": {"gamma": 856.5959211824899, "log10_alpha": -2.154703914617281, "log10_colsample_bytree": -0.4598351390121367, "log10_eta": -3.626578958680505, "log10_lambda": -3.054914141593609, "log10_min_child_weight": 2.4636992919686103, "log10_subsample": -0.08243043814747741, "max_depth": 2.0, "num_boost_round": 0.0}, "datetime": {"datetime": "2024-01-19 00:25:39", "elapsed": 859.146813, "delta": 19.27122}}
{"target": -13.758531140419365, "params": {"gamma": 856.5959211824899, "log10_alpha": -2.154703914617281, "log10_colsample_bytree": -0.4598351390121367, "log10_eta": -3.626578958680505, "log10_lambda": -3.054914141593609, "log10_min_child_weight": 2.4636992919686103, "log10_subsample": -0.08243043814747741, "max_depth": 2.0, "num_boost_round": 1.0}, "datetime": {"datetime": "2024-01-19 00:25:39", "elapsed": 859.148196, "delta": 0.001383}}
{"target": -13.758530658103263, "params": {"gamma": 856.5959211824899, "log10_alpha": -2.154703914617281, "log10_colsample_bytree": -0.4598351390121367, "log10_eta": -3.626578958680505, "log10_lambda": -3.054914141593609, "log10_min_child_weight": 2.4636992919686103, "log10_subsample": -0.08243043814747741, "max_depth": 2.0, "num_boost_round": 2.0}, "datetime": {"datetime": "2024-01-19 00:25:39", "elapsed": 859.149739, "delta": 0.001543}}
{"target": -13.758528890189302, "params": {"gamma": 856.5959211824899, "log10_alpha": -2.154703914617281, "log10_colsample_bytree": -0.4598351390121367, "log10_eta": -3.626578958680505, "log10_lambda": -3.054914141593609, "log10_min_child_weight": 2.4636992919686103, "log10_subsample": -0.08243043814747741, "max_depth": 2.0, "num_boost_round": 3.0}, "datetime": {"datetime": "2024-01-19 00:25:39", "elapsed": 859.151158, "delta": 0.001419}}
{"target": -13.758526650289893, "params": {"gamma": 856.5959211824899, "log10_alpha": -2.154703914617281, "log10_colsample_bytree": -0.4598351390121367, "log10_eta": -3.626578958680505, "log10_lambda": -3.054914141593609, "log10_min_child_weight": 2.4636992919686103, "log10_subsample": -0.08243043814747741, "max_depth": 2.0, "num_boost_round": 4.0}, "datetime": {"datetime": "2024-01-19 00:25:39", "elapsed": 859.152531, "delta": 0.001373}}
{"target": -13.758525830918629, "params": {"gamma": 856.5959211824899, "log10_alpha": -2.154703914617281, "log10_colsample_bytree": -0.4598351390121367, "log10_eta": -3.626578958680505, "log10_lambda": -3.054914141593609, "log10_min_child_weight": 2.4636992919686103, "log10_subsample": -0.08243043814747741, "max_depth": 2.0, "num_boost_round": 5.0}, "datetime": {"datetime": "2024-01-19 00:25:39", "elapsed": 859.153682, "delta": 0.001151}}
{"target": -13.758525588905965, "params": {"gamma": 856.5959211824899, "log10_alpha": -2.154703914617281, "log10_colsample_bytree": -0.4598351390121367, "log10_eta": -3.626578958680505, "log10_lambda": -3.054914141593609, "log10_min_child_weight": 2.4636992919686103, "log10_subsample": -0.08243043814747741, "max_depth": 2.0, "num_boost_round": 6.0}, "datetime": {"datetime": "2024-01-19 00:25:39", "elapsed": 859.154829, "delta": 0.001147}}
{"target": -13.75852540598842, "params": {"gamma": 856.5959211824899, "log10_alpha": -2.154703914617281, "log10_colsample_bytree": -0.4598351390121367, "log10_eta": -3.626578958680505, "log10_lambda": -3.054914141593609, "log10_min_child_weight": 2.4636992919686103, "log10_subsample": -0.08243043814747741, "max_depth": 2.0, "num_boost_round": 7.0}, "datetime": {"datetime": "2024-01-19 00:25:39", "elapsed": 859.155996, "delta": 0.001167}}
{"target": -13.758522126414823, "params": {"gamma": 856.5959211824899, "log10_alpha": -2.154703914617281, "log10_colsample_bytree": -0.4598351390121367, "log10_eta": -3.626578958680505, "log10_lambda": -3.054914141593609, "log10_min_child_weight": 2.4636992919686103, "log10_subsample": -0.08243043814747741, "max_depth": 2.0, "num_boost_round": 8.0}, "datetime": {"datetime": "2024-01-19 00:25:39", "elapsed": 859.157167, "delta": 0.001171}}
{"target": -13.75851930992006, "params": {"gamma": 856.5959211824899, "log10_alpha": -2.154703914617281, "log10_colsample_bytree": -0.4598351390121367, "log10_eta": -3.626578958680505, "log10_lambda": -3.054914141593609, "log10_min_child_weight": 2.4636992919686103, "log10_subsample": -0.08243043814747741, "max_depth": 2.0, "num_boost_round": 9.0}, "datetime": {"datetime": "2024-01-19 00:25:39", "elapsed": 859.158362, "delta": 0.001195}}
{"target": -13.758517207641107, "params": {"gamma": 856.5959211824899, "log10_alpha": -2.154703914617281, "log10_colsample_bytree": -0.4598351390121367, "log10_eta": -3.626578958680505, "log10_lambda": -3.054914141593609, "log10_min_child_weight": 2.4636992919686103, "log10_subsample": -0.08243043814747741, "max_depth": 2.0, "num_boost_round": 10.0}, "datetime": {"datetime": "2024-01-19 00:25:39", "elapsed": 859.159495, "delta": 0.001133}}
{"target": -13.758513938476, "params": {"gamma": 856.5959211824899, "log10_alpha": -2.154703914617281, "log10_colsample_bytree": -0.4598351390121367, "log10_eta": -3.626578958680505, "log10_lambda": -3.054914141593609, "log10_min_child_weight": 2.4636992919686103, "log10_subsample": -0.08243043814747741, "max_depth": 2.0, "num_boost_round": 11.0}, "datetime": {"datetime": "2024-01-19 00:25:39", "elapsed": 859.160624, "delta": 0.001129}}
{"target": -13.758511831424984, "params": {"gamma": 856.5959211824899, "log10_alpha": -2.154703914617281, "log10_colsample_bytree": -0.4598351390121367, "log10_eta": -3.626578958680505, "log10_lambda": -3.054914141593609, "log10_min_child_weight": 2.4636992919686103, "log10_subsample": -0.08243043814747741, "max_depth": 2.0, "num_boost_round": 12.0}, "datetime": {"datetime": "2024-01-19 00:25:39", "elapsed": 859.161823, "delta": 0.001199}}
{"target": -13.75853057195891, "params": {"gamma": 864.121346165606, "log10_alpha": 0.134240049306527, "log10_colsample_bytree": -0.7242859653165375, "log10_eta": -3.702434948346904, "log10_lambda": -1.7828419738068177, "log10_min_child_weight": 0.5930224999459349, "log10_subsample": -0.29624046727742226, "max_depth": 5.0, "num_boost_round": 0.0}, "datetime": {"datetime": "2024-01-19 00:25:57", "elapsed": 877.983444, "delta": 18.821621}}
{"target": -13.758520093180806, "params": {"gamma": 864.121346165606, "log10_alpha": 0.134240049306527, "log10_colsample_bytree": -0.7242859653165375, "log10_eta": -3.702434948346904, "log10_lambda": -1.7828419738068177, "log10_min_child_weight": 0.5930224999459349, "log10_subsample": -0.29624046727742226, "max_depth": 5.0, "num_boost_round": 1.0}, "datetime": {"datetime": "2024-01-19 00:25:57", "elapsed": 877.985064, "delta": 0.00162}}
{"target": -13.75851718213228, "params": {"gamma": 864.121346165606, "log10_alpha": 0.134240049306527, "log10_colsample_bytree": -0.7242859653165375, "log10_eta": -3.702434948346904, "log10_lambda": -1.7828419738068177, "log10_min_child_weight": 0.5930224999459349, "log10_subsample": -0.29624046727742226, "max_depth": 5.0, "num_boost_round": 2.0}, "datetime": {"datetime": "2024-01-19 00:25:57", "elapsed": 877.986471, "delta": 0.001407}}
{"target": -13.758512929521318, "params": {"gamma": 864.121346165606, "log10_alpha": 0.134240049306527, "log10_colsample_bytree": -0.7242859653165375, "log10_eta": -3.702434948346904, "log10_lambda": -1.7828419738068177, "log10_min_child_weight": 0.5930224999459349, "log10_subsample": -0.29624046727742226, "max_depth": 5.0, "num_boost_round": 3.0}, "datetime": {"datetime": "2024-01-19 00:25:57", "elapsed": 877.987765, "delta": 0.001294}}
{"target": -13.758507333096022, "params": {"gamma": 864.121346165606, "log10_alpha": 0.134240049306527, "log10_colsample_bytree": -0.7242859653165375, "log10_eta": -3.702434948346904, "log10_lambda": -1.7828419738068177, "log10_min_child_weight": 0.5930224999459349, "log10_subsample": -0.29624046727742226, "max_depth": 5.0, "num_boost_round": 4.0}, "datetime": {"datetime": "2024-01-19 00:25:57", "elapsed": 877.988915, "delta": 0.00115}}
{"target": -13.758504017398414, "params": {"gamma": 864.121346165606, "log10_alpha": 0.134240049306527, "log10_colsample_bytree": -0.7242859653165375, "log10_eta": -3.702434948346904, "log10_lambda": -1.7828419738068177, "log10_min_child_weight": 0.5930224999459349, "log10_subsample": -0.29624046727742226, "max_depth": 5.0, "num_boost_round": 5.0}, "datetime": {"datetime": "2024-01-19 00:25:57", "elapsed": 877.990065, "delta": 0.00115}}
{"target": -13.758502528542937, "params": {"gamma": 864.121346165606, "log10_alpha": 0.134240049306527, "log10_colsample_bytree": -0.7242859653165375, "log10_eta": -3.702434948346904, "log10_lambda": -1.7828419738068177, "log10_min_child_weight": 0.5930224999459349, "log10_subsample": -0.29624046727742226, "max_depth": 5.0, "num_boost_round": 6.0}, "datetime": {"datetime": "2024-01-19 00:25:57", "elapsed": 877.991233, "delta": 0.001168}}
{"target": -13.75849274593148, "params": {"gamma": 864.121346165606, "log10_alpha": 0.134240049306527, "log10_colsample_bytree": -0.7242859653165375, "log10_eta": -3.702434948346904, "log10_lambda": -1.7828419738068177, "log10_min_child_weight": 0.5930224999459349, "log10_subsample": -0.29624046727742226, "max_depth": 5.0, "num_boost_round": 7.0}, "datetime": {"datetime": "2024-01-19 00:25:57", "elapsed": 877.992493, "delta": 0.00126}}
{"target": -13.758491568293024, "params": {"gamma": 864.121346165606, "log10_alpha": 0.134240049306527, "log10_colsample_bytree": -0.7242859653165375, "log10_eta": -3.702434948346904, "log10_lambda": -1.7828419738068177, "log10_min_child_weight": 0.5930224999459349, "log10_subsample": -0.29624046727742226, "max_depth": 5.0, "num_boost_round": 8.0}, "datetime": {"datetime": "2024-01-19 00:25:57", "elapsed": 877.993652, "delta": 0.001159}}
{"target": -13.758492759454308, "params": {"gamma": 864.121346165606, "log10_alpha": 0.134240049306527, "log10_colsample_bytree": -0.7242859653165375, "log10_eta": -3.702434948346904, "log10_lambda": -1.7828419738068177, "log10_min_child_weight": 0.5930224999459349, "log10_subsample": -0.29624046727742226, "max_depth": 5.0, "num_boost_round": 9.0}, "datetime": {"datetime": "2024-01-19 00:25:57", "elapsed": 877.994812, "delta": 0.00116}}
