{"target": -17.677207188205784, "params": {"gamma": 608.4871416665889, "log10_alpha": -1.2456574582105167, "log10_colsample_bytree": -0.5123715746557673, "log10_eta": -3.941613513364511, "log10_lambda": -3.177672802867445, "log10_min_child_weight": 3.393125988709063, "log10_subsample": -0.7227730100319804, "max_depth": 5.0, "num_boost_round": 8.0}, "datetime": {"datetime": "2024-01-19 00:53:12", "elapsed": 2489.676544, "delta": 0.002728}}
{"target": -17.677203587696788, "params": {"gamma": 608.4871416665889, "log10_alpha": -1.2456574582105167, "log10_colsample_bytree": -0.5123715746557673, "log10_eta": -3.941613513364511, "log10_lambda": -3.177672802867445, "log10_min_child_weight": 3.393125988709063, "log10_subsample": -0.7227730100319804, "max_depth": 5.0, "num_boost_round": 9.0}, "datetime": {"datetime": "2024-01-19 00:53:12", "elapsed": 2489.679245, "delta": 0.002701}}
{"target": -17.677198110801164, "params": {"gamma": 608.4871416665889, "log10_alpha": -1.2456574582105167, "log10_colsample_bytree": -0.5123715746557673, "log10_eta": -3.941613513364511, "log10_lambda": -3.177672802867445, "log10_min_child_weight": 3.393125988709063, "log10_subsample": -0.7227730100319804, "max_depth": 5.0, "num_boost_round": 10.0}, "datetime": {"datetime": "2024-01-19 00:53:12", "elapsed": 2489.682058, "delta": 0.002813}}
{"target": -17.677193705448367, "params": {"gamma": 608.4871416665889, "log10_alpha": -1.2456574582105167, "log10_colsample_bytree": -0.5123715746557673, "log10_eta": -3.941613513364511, "log10_lambda": -3.177672802867445, "log10_min_child_weight": 3.393125988709063, "log10_subsample": -0.7227730100319804, "max_depth": 5.0, "num_boost_round": 11.0}, "datetime": {"datetime": "2024-01-19 00:53:12", "elapsed": 2489.684805, "delta": 0.002747}}
{"target": -17.67718903731624, "params": {"gamma": 608.4871416665889, "log10_alpha": -1.2456574582105167, "log10_colsample_bytree": -0.5123715746557673, "log10_eta": -3.941613513364511, "log10_lambda": -3.177672802867445, "log10_min_child_weight": 3.393125988709063, "log10_subsample": -0.7227730100319804, "max_depth": 5.0, "num_boost_round": 12.0}, "datetime": {"datetime": "2024-01-19 00:53:12", "elapsed": 2489.687564, "delta": 0.002759}}
{"target": -17.677186385323424, "params": {"gamma": 608.4871416665889, "log10_alpha": -1.2456574582105167, "log10_colsample_bytree": -0.5123715746557673, "log10_eta": -3.941613513364511, "log10_lambda": -3.177672802867445, "log10_min_child_weight": 3.393125988709063, "log10_subsample": -0.7227730100319804, "max_depth": 5.0, "num_boost_round": 13.0}, "datetime": {"datetime": "2024-01-19 00:53:12", "elapsed": 2489.690288, "delta": 0.002724}}
{"target": -17.67718612077202, "params": {"gamma": 608.4871416665889, "log10_alpha": -1.2456574582105167, "log10_colsample_bytree": -0.5123715746557673, "log10_eta": -3.941613513364511, "log10_lambda": -3.177672802867445, "log10_min_child_weight": 3.393125988709063, "log10_subsample": -0.7227730100319804, "max_depth": 5.0, "num_boost_round": 14.0}, "datetime": {"datetime": "2024-01-19 00:53:12", "elapsed": 2489.692998, "delta": 0.00271}}
{"target": -17.677182951597228, "params": {"gamma": 608.4871416665889, "log10_alpha": -1.2456574582105167, "log10_colsample_bytree": -0.5123715746557673, "log10_eta": -3.941613513364511, "log10_lambda": -3.177672802867445, "log10_min_child_weight": 3.393125988709063, "log10_subsample": -0.7227730100319804, "max_depth": 5.0, "num_boost_round": 15.0}, "datetime": {"datetime": "2024-01-19 00:53:12", "elapsed": 2489.695744, "delta": 0.002746}}
{"target": -17.677184315878797, "params": {"gamma": 608.4871416665889, "log10_alpha": -1.2456574582105167, "log10_colsample_bytree": -0.5123715746557673, "log10_eta": -3.941613513364511, "log10_lambda": -3.177672802867445, "log10_min_child_weight": 3.393125988709063, "log10_subsample": -0.7227730100319804, "max_depth": 5.0, "num_boost_round": 16.0}, "datetime": {"datetime": "2024-01-19 00:53:12", "elapsed": 2489.69842, "delta": 0.002676}}
{"target": -17.677183717014834, "params": {"gamma": 608.4871416665889, "log10_alpha": -1.2456574582105167, "log10_colsample_bytree": -0.5123715746557673, "log10_eta": -3.941613513364511, "log10_lambda": -3.177672802867445, "log10_min_child_weight": 3.393125988709063, "log10_subsample": -0.7227730100319804, "max_depth": 5.0, "num_boost_round": 17.0}, "datetime": {"datetime": "2024-01-19 00:53:12", "elapsed": 2489.701146, "delta": 0.002726}}
{"target": -17.6771831892929, "params": {"gamma": 608.4871416665889, "log10_alpha": -1.2456574582105167, "log10_colsample_bytree": -0.5123715746557673, "log10_eta": -3.941613513364511, "log10_lambda": -3.177672802867445, "log10_min_child_weight": 3.393125988709063, "log10_subsample": -0.7227730100319804, "max_depth": 5.0, "num_boost_round": 18.0}, "datetime": {"datetime": "2024-01-19 00:53:12", "elapsed": 2489.703867, "delta": 0.002721}}
{"target": -17.677178657277295, "params": {"gamma": 608.4871416665889, "log10_alpha": -1.2456574582105167, "log10_colsample_bytree": -0.5123715746557673, "log10_eta": -3.941613513364511, "log10_lambda": -3.177672802867445, "log10_min_child_weight": 3.393125988709063, "log10_subsample": -0.7227730100319804, "max_depth": 5.0, "num_boost_round": 19.0}, "datetime": {"datetime": "2024-01-19 00:53:12", "elapsed": 2489.706618, "delta": 0.002751}}
{"target": -17.67717471736216, "params": {"gamma": 608.4871416665889, "log10_alpha": -1.2456574582105167, "log10_colsample_bytree": -0.5123715746557673, "log10_eta": -3.941613513364511, "log10_lambda": -3.177672802867445, "log10_min_child_weight": 3.393125988709063, "log10_subsample": -0.7227730100319804, "max_depth": 5.0, "num_boost_round": 20.0}, "datetime": {"datetime": "2024-01-19 00:53:12", "elapsed": 2489.709359, "delta": 0.002741}}
{"target": -17.677168548081486, "params": {"gamma": 608.4871416665889, "log10_alpha": -1.2456574582105167, "log10_colsample_bytree": -0.5123715746557673, "log10_eta": -3.941613513364511, "log10_lambda": -3.177672802867445, "log10_min_child_weight": 3.393125988709063, "log10_subsample": -0.7227730100319804, "max_depth": 5.0, "num_boost_round": 21.0}, "datetime": {"datetime": "2024-01-19 00:53:12", "elapsed": 2489.712086, "delta": 0.002727}}
{"target": -17.677163682790088, "params": {"gamma": 608.4871416665889, "log10_alpha": -1.2456574582105167, "log10_colsample_bytree": -0.5123715746557673, "log10_eta": -3.941613513364511, "log10_lambda": -3.177672802867445, "log10_min_child_weight": 3.393125988709063, "log10_subsample": -0.7227730100319804, "max_depth": 5.0, "num_boost_round": 22.0}, "datetime": {"datetime": "2024-01-19 00:53:12", "elapsed": 2489.714875, "delta": 0.002789}}
{"target": -17.67716303632684, "params": {"gamma": 608.4871416665889, "log10_alpha": -1.2456574582105167, "log10_colsample_bytree": -0.5123715746557673, "log10_eta": -3.941613513364511, "log10_lambda": -3.177672802867445, "log10_min_child_weight": 3.393125988709063, "log10_subsample": -0.7227730100319804, "max_depth": 5.0, "num_boost_round": 23.0}, "datetime": {"datetime": "2024-01-19 00:53:12", "elapsed": 2489.717574, "delta": 0.002699}}
{"target": -17.677162768940388, "params": {"gamma": 608.4871416665889, "log10_alpha": -1.2456574582105167, "log10_colsample_bytree": -0.5123715746557673, "log10_eta": -3.941613513364511, "log10_lambda": -3.177672802867445, "log10_min_child_weight": 3.393125988709063, "log10_subsample": -0.7227730100319804, "max_depth": 5.0, "num_boost_round": 24.0}, "datetime": {"datetime": "2024-01-19 00:53:12", "elapsed": 2489.720336, "delta": 0.002762}}
{"target": -17.677231999126697, "params": {"gamma": 564.6466894172657, "log10_alpha": -2.3310933968518635, "log10_colsample_bytree": -0.7849324563306407, "log10_eta": -3.9813216917777905, "log10_lambda": 0.0734630533454732, "log10_min_child_weight": 4.95657624077032, "log10_subsample": -0.11794976358790144, "max_depth": 3.0, "num_boost_round": 0.0}, "datetime": {"datetime": "2024-01-19 00:53:35", "elapsed": 2513.275692, "delta": 23.555356}}
{"target": -17.677231378611136, "params": {"gamma": 564.6466894172657, "log10_alpha": -2.3310933968518635, "log10_colsample_bytree": -0.7849324563306407, "log10_eta": -3.9813216917777905, "log10_lambda": 0.0734630533454732, "log10_min_child_weight": 4.95657624077032, "log10_subsample": -0.11794976358790144, "max_depth": 3.0, "num_boost_round": 1.0}, "datetime": {"datetime": "2024-01-19 00:53:35", "elapsed": 2513.279273, "delta": 0.003581}}
{"target": -17.67723160982274, "params": {"gamma": 564.6466894172657, "log10_alpha": -2.3310933968518635, "log10_colsample_bytree": -0.7849324563306407, "log10_eta": -3.9813216917777905, "log10_lambda": 0.0734630533454732, "log10_min_child_weight": 4.95657624077032, "log10_subsample": -0.11794976358790144, "max_depth": 3.0, "num_boost_round": 2.0}, "datetime": {"datetime": "2024-01-19 00:53:35", "elapsed": 2513.282139, "delta": 0.002866}}
{"target": -17.677231034324183, "params": {"gamma": 564.6466894172657, "log10_alpha": -2.3310933968518635, "log10_colsample_bytree": -0.7849324563306407, "log10_eta": -3.9813216917777905, "log10_lambda": 0.0734630533454732, "log10_min_child_weight": 4.95657624077032, "log10_subsample": -0.11794976358790144, "max_depth": 3.0, "num_boost_round": 3.0}, "datetime": {"datetime": "2024-01-19 00:53:35", "elapsed": 2513.285004, "delta": 0.002865}}
{"target": -17.677230217279785, "params": {"gamma": 564.6466894172657, "log10_alpha": -2.3310933968518635, "log10_colsample_bytree": -0.7849324563306407, "log10_eta": -3.9813216917777905, "log10_lambda": 0.0734630533454732, "log10_min_child_weight": 4.95657624077032, "log10_subsample": -0.11794976358790144, "max_depth": 3.0, "num_boost_round": 4.0}, "datetime": {"datetime": "2024-01-19 00:53:35", "elapsed": 2513.287705, "delta": 0.002701}}
{"target": -17.67722962383319, "params": {"gamma": 564.6466894172657, "log10_alpha": -2.3310933968518635, "log10_colsample_bytree": -0.7849324563306407, "log10_eta": -3.9813216917777905, "log10_lambda": 0.0734630533454732, "log10_min_child_weight": 4.95657624077032, "log10_subsample": -0.11794976358790144, "max_depth": 3.0, "num_boost_round": 5.0}, "datetime": {"datetime": "2024-01-19 00:53:35", "elapsed": 2513.29049, "delta": 0.002785}}
{"target": -17.67722980185719, "params": {"gamma": 564.6466894172657, "log10_alpha": -2.3310933968518635, "log10_colsample_bytree": -0.7849324563306407, "log10_eta": -3.9813216917777905, "log10_lambda": 0.0734630533454732, "log10_min_child_weight": 4.95657624077032, "log10_subsample": -0.11794976358790144, "max_depth": 3.0, "num_boost_round": 6.0}, "datetime": {"datetime": "2024-01-19 00:53:35", "elapsed": 2513.293234, "delta": 0.002744}}
{"target": -17.677228937208344, "params": {"gamma": 564.6466894172657, "log10_alpha": -2.3310933968518635, "log10_colsample_bytree": -0.7849324563306407, "log10_eta": -3.9813216917777905, "log10_lambda": 0.0734630533454732, "log10_min_child_weight": 4.95657624077032, "log10_subsample": -0.11794976358790144, "max_depth": 3.0, "num_boost_round": 7.0}, "datetime": {"datetime": "2024-01-19 00:53:35", "elapsed": 2513.29594, "delta": 0.002706}}
{"target": -17.67722910481045, "params": {"gamma": 564.6466894172657, "log10_alpha": -2.3310933968518635, "log10_colsample_bytree": -0.7849324563306407, "log10_eta": -3.9813216917777905, "log10_lambda": 0.0734630533454732, "log10_min_child_weight": 4.95657624077032, "log10_subsample": -0.11794976358790144, "max_depth": 3.0, "num_boost_round": 8.0}, "datetime": {"datetime": "2024-01-19 00:53:35", "elapsed": 2513.298635, "delta": 0.002695}}
{"target": -17.677228333025027, "params": {"gamma": 564.6466894172657, "log10_alpha": -2.3310933968518635, "log10_colsample_bytree": -0.7849324563306407, "log10_eta": -3.9813216917777905, "log10_lambda": 0.0734630533454732, "log10_min_child_weight": 4.95657624077032, "log10_subsample": -0.11794976358790144, "max_depth": 3.0, "num_boost_round": 9.0}, "datetime": {"datetime": "2024-01-19 00:53:35", "elapsed": 2513.301381, "delta": 0.002746}}
{"target": -17.677229703447846, "params": {"gamma": 540.1431820105386, "log10_alpha": -4.161198588421879, "log10_colsample_bytree": -1.0, "log10_eta": -4.0, "log10_lambda": 1.0, "log10_min_child_weight": 0.644035629238455, "log10_subsample": 0.0, "max_depth": 2.0, "num_boost_round": 0.0}, "datetime": {"datetime": "2024-01-19 00:54:06", "elapsed": 2543.580656, "delta": 30.279275}}
{"target": -17.677225542797377, "params": {"gamma": 540.1431820105386, "log10_alpha": -4.161198588421879, "log10_colsample_bytree": -1.0, "log10_eta": -4.0, "log10_lambda": 1.0, "log10_min_child_weight": 0.644035629238455, "log10_subsample": 0.0, "max_depth": 2.0, "num_boost_round": 1.0}, "datetime": {"datetime": "2024-01-19 00:54:06", "elapsed": 2543.583963, "delta": 0.003307}}
{"target": -17.677224884224792, "params": {"gamma": 540.1431820105386, "log10_alpha": -4.161198588421879, "log10_colsample_bytree": -1.0, "log10_eta": -4.0, "log10_lambda": 1.0, "log10_min_child_weight": 0.644035629238455, "log10_subsample": 0.0, "max_depth": 2.0, "num_boost_round": 2.0}, "datetime": {"datetime": "2024-01-19 00:54:06", "elapsed": 2543.58697, "delta": 0.003007}}
{"target": -17.677223858968286, "params": {"gamma": 540.1431820105386, "log10_alpha": -4.161198588421879, "log10_colsample_bytree": -1.0, "log10_eta": -4.0, "log10_lambda": 1.0, "log10_min_child_weight": 0.644035629238455, "log10_subsample": 0.0, "max_depth": 2.0, "num_boost_round": 3.0}, "datetime": {"datetime": "2024-01-19 00:54:06", "elapsed": 2543.589879, "delta": 0.002909}}
{"target": -17.677222226841657, "params": {"gamma": 540.1431820105386, "log10_alpha": -4.161198588421879, "log10_colsample_bytree": -1.0, "log10_eta": -4.0, "log10_lambda": 1.0, "log10_min_child_weight": 0.644035629238455, "log10_subsample": 0.0, "max_depth": 2.0, "num_boost_round": 4.0}, "datetime": {"datetime": "2024-01-19 00:54:06", "elapsed": 2543.592659, "delta": 0.00278}}
{"target": -17.67722170599519, "params": {"gamma": 540.1431820105386, "log10_alpha": -4.161198588421879, "log10_colsample_bytree": -1.0, "log10_eta": -4.0, "log10_lambda": 1.0, "log10_min_child_weight": 0.644035629238455, "log10_subsample": 0.0, "max_depth": 2.0, "num_boost_round": 5.0}, "datetime": {"datetime": "2024-01-19 00:54:06", "elapsed": 2543.595428, "delta": 0.002769}}
{"target": -17.677219876027728, "params": {"gamma": 540.1431820105386, "log10_alpha": -4.161198588421879, "log10_colsample_bytree": -1.0, "log10_eta": -4.0, "log10_lambda": 1.0, "log10_min_child_weight": 0.644035629238455, "log10_subsample": 0.0, "max_depth": 2.0, "num_boost_round": 6.0}, "datetime": {"datetime": "2024-01-19 00:54:06", "elapsed": 2543.598181, "delta": 0.002753}}
{"target": -17.677217466549447, "params": {"gamma": 540.1431820105386, "log10_alpha": -4.161198588421879, "log10_colsample_bytree": -1.0, "log10_eta": -4.0, "log10_lambda": 1.0, "log10_min_child_weight": 0.644035629238455, "log10_subsample": 0.0, "max_depth": 2.0, "num_boost_round": 7.0}, "datetime": {"datetime": "2024-01-19 00:54:06", "elapsed": 2543.601019, "delta": 0.002838}}
{"target": -17.677218225568264, "params": {"gamma": 540.1431820105386, "log10_alpha": -4.161198588421879, "log10_colsample_bytree": -1.0, "log10_eta": -4.0, "log10_lambda": 1.0, "log10_min_child_weight": 0.644035629238455, "log10_subsample": 0.0, "max_depth": 2.0, "num_boost_round": 8.0}, "datetime": {"datetime": "2024-01-19 00:54:06", "elapsed": 2543.603754, "delta": 0.002735}}
{"target": -17.677216616280205, "params": {"gamma": 540.1431820105386, "log10_alpha": -4.161198588421879, "log10_colsample_bytree": -1.0, "log10_eta": -4.0, "log10_lambda": 1.0, "log10_min_child_weight": 0.644035629238455, "log10_subsample": 0.0, "max_depth": 2.0, "num_boost_round": 9.0}, "datetime": {"datetime": "2024-01-19 00:54:06", "elapsed": 2543.60649, "delta": 0.002736}}
{"target": -17.6772142417974, "params": {"gamma": 540.1431820105386, "log10_alpha": -4.161198588421879, "log10_colsample_bytree": -1.0, "log10_eta": -4.0, "log10_lambda": 1.0, "log10_min_child_weight": 0.644035629238455, "log10_subsample": 0.0, "max_depth": 2.0, "num_boost_round": 10.0}, "datetime": {"datetime": "2024-01-19 00:54:06", "elapsed": 2543.609316, "delta": 0.002826}}
{"target": -17.6772119112598, "params": {"gamma": 540.1431820105386, "log10_alpha": -4.161198588421879, "log10_colsample_bytree": -1.0, "log10_eta": -4.0, "log10_lambda": 1.0, "log10_min_child_weight": 0.644035629238455, "log10_subsample": 0.0, "max_depth": 2.0, "num_boost_round": 11.0}, "datetime": {"datetime": "2024-01-19 00:54:06", "elapsed": 2543.612048, "delta": 0.002732}}
{"target": -17.67721102981591, "params": {"gamma": 540.1431820105386, "log10_alpha": -4.161198588421879, "log10_colsample_bytree": -1.0, "log10_eta": -4.0, "log10_lambda": 1.0, "log10_min_child_weight": 0.644035629238455, "log10_subsample": 0.0, "max_depth": 2.0, "num_boost_round": 12.0}, "datetime": {"datetime": "2024-01-19 00:54:06", "elapsed": 2543.614864, "delta": 0.002816}}
{"target": -17.677210284167206, "params": {"gamma": 540.1431820105386, "log10_alpha": -4.161198588421879, "log10_colsample_bytree": -1.0, "log10_eta": -4.0, "log10_lambda": 1.0, "log10_min_child_weight": 0.644035629238455, "log10_subsample": 0.0, "max_depth": 2.0, "num_boost_round": 13.0}, "datetime": {"datetime": "2024-01-19 00:54:06", "elapsed": 2543.617585, "delta": 0.002721}}
{"target": -17.67720913437303, "params": {"gamma": 540.1431820105386, "log10_alpha": -4.161198588421879, "log10_colsample_bytree": -1.0, "log10_eta": -4.0, "log10_lambda": 1.0, "log10_min_child_weight": 0.644035629238455, "log10_subsample": 0.0, "max_depth": 2.0, "num_boost_round": 14.0}, "datetime": {"datetime": "2024-01-19 00:54:06", "elapsed": 2543.620363, "delta": 0.002778}}
{"target": -17.677206285900343, "params": {"gamma": 540.1431820105386, "log10_alpha": -4.161198588421879, "log10_colsample_bytree": -1.0, "log10_eta": -4.0, "log10_lambda": 1.0, "log10_min_child_weight": 0.644035629238455, "log10_subsample": 0.0, "max_depth": 2.0, "num_boost_round": 15.0}, "datetime": {"datetime": "2024-01-19 00:54:06", "elapsed": 2543.623245, "delta": 0.002882}}
{"target": -17.67720485829122, "params": {"gamma": 540.1431820105386, "log10_alpha": -4.161198588421879, "log10_colsample_bytree": -1.0, "log10_eta": -4.0, "log10_lambda": 1.0, "log10_min_child_weight": 0.644035629238455, "log10_subsample": 0.0, "max_depth": 2.0, "num_boost_round": 16.0}, "datetime": {"datetime": "2024-01-19 00:54:06", "elapsed": 2543.625982, "delta": 0.002737}}
{"target": -17.677201857882164, "params": {"gamma": 540.1431820105386, "log10_alpha": -4.161198588421879, "log10_colsample_bytree": -1.0, "log10_eta": -4.0, "log10_lambda": 1.0, "log10_min_child_weight": 0.644035629238455, "log10_subsample": 0.0, "max_depth": 2.0, "num_boost_round": 17.0}, "datetime": {"datetime": "2024-01-19 00:54:06", "elapsed": 2543.628936, "delta": 0.002954}}
{"target": -17.67720015999397, "params": {"gamma": 540.1431820105386, "log10_alpha": -4.161198588421879, "log10_colsample_bytree": -1.0, "log10_eta": -4.0, "log10_lambda": 1.0, "log10_min_child_weight": 0.644035629238455, "log10_subsample": 0.0, "max_depth": 2.0, "num_boost_round": 18.0}, "datetime": {"datetime": "2024-01-19 00:54:06", "elapsed": 2543.63188, "delta": 0.002944}}
{"target": -17.677199549692553, "params": {"gamma": 540.1431820105386, "log10_alpha": -4.161198588421879, "log10_colsample_bytree": -1.0, "log10_eta": -4.0, "log10_lambda": 1.0, "log10_min_child_weight": 0.644035629238455, "log10_subsample": 0.0, "max_depth": 2.0, "num_boost_round": 19.0}, "datetime": {"datetime": "2024-01-19 00:54:06", "elapsed": 2543.634782, "delta": 0.002902}}
{"target": -17.677198809145505, "params": {"gamma": 540.1431820105386, "log10_alpha": -4.161198588421879, "log10_colsample_bytree": -1.0, "log10_eta": -4.0, "log10_lambda": 1.0, "log10_min_child_weight": 0.644035629238455, "log10_subsample": 0.0, "max_depth": 2.0, "num_boost_round": 20.0}, "datetime": {"datetime": "2024-01-19 00:54:06", "elapsed": 2543.637524, "delta": 0.002742}}
{"target": -17.677195585740936, "params": {"gamma": 540.1431820105386, "log10_alpha": -4.161198588421879, "log10_colsample_bytree": -1.0, "log10_eta": -4.0, "log10_lambda": 1.0, "log10_min_child_weight": 0.644035629238455, "log10_subsample": 0.0, "max_depth": 2.0, "num_boost_round": 21.0}, "datetime": {"datetime": "2024-01-19 00:54:06", "elapsed": 2543.640331, "delta": 0.002807}}
{"target": -17.677193815388286, "params": {"gamma": 540.1431820105386, "log10_alpha": -4.161198588421879, "log10_colsample_bytree": -1.0, "log10_eta": -4.0, "log10_lambda": 1.0, "log10_min_child_weight": 0.644035629238455, "log10_subsample": 0.0, "max_depth": 2.0, "num_boost_round": 22.0}, "datetime": {"datetime": "2024-01-19 00:54:06", "elapsed": 2543.64311, "delta": 0.002779}}
{"target": -17.677189381875525, "params": {"gamma": 540.1431820105386, "log10_alpha": -4.161198588421879, "log10_colsample_bytree": -1.0, "log10_eta": -4.0, "log10_lambda": 1.0, "log10_min_child_weight": 0.644035629238455, "log10_subsample": 0.0, "max_depth": 2.0, "num_boost_round": 23.0}, "datetime": {"datetime": "2024-01-19 00:54:06", "elapsed": 2543.645881, "delta": 0.002771}}
{"target": -17.67718990289356, "params": {"gamma": 540.1431820105386, "log10_alpha": -4.161198588421879, "log10_colsample_bytree": -1.0, "log10_eta": -4.0, "log10_lambda": 1.0, "log10_min_child_weight": 0.644035629238455, "log10_subsample": 0.0, "max_depth": 2.0, "num_boost_round": 24.0}, "datetime": {"datetime": "2024-01-19 00:54:06", "elapsed": 2543.648693, "delta": 0.002812}}
{"target": -17.677187541654188, "params": {"gamma": 540.1431820105386, "log10_alpha": -4.161198588421879, "log10_colsample_bytree": -1.0, "log10_eta": -4.0, "log10_lambda": 1.0, "log10_min_child_weight": 0.644035629238455, "log10_subsample": 0.0, "max_depth": 2.0, "num_boost_round": 25.0}, "datetime": {"datetime": "2024-01-19 00:54:06", "elapsed": 2543.651585, "delta": 0.002892}}
