{"target": -13.758761699078919, "params": {"gamma": 580.3959109926218, "log10_alpha": 0.1628591849580996, "log10_colsample_bytree": -0.9337099818750838, "log10_eta": -0.7336791060958872, "log10_lambda": 0.331694838166837, "log10_min_child_weight": 2.4228872096251846, "log10_subsample": -0.9553749342006215, "max_depth": 2.0, "num_boost_round": 4.0}, "datetime": {"datetime": "2024-01-19 00:37:50", "elapsed": 1522.599157, "delta": 0.002257}}
{"target": -13.76185614509831, "params": {"gamma": 580.3959109926218, "log10_alpha": 0.1628591849580996, "log10_colsample_bytree": -0.9337099818750838, "log10_eta": -0.7336791060958872, "log10_lambda": 0.331694838166837, "log10_min_child_weight": 2.4228872096251846, "log10_subsample": -0.9553749342006215, "max_depth": 2.0, "num_boost_round": 5.0}, "datetime": {"datetime": "2024-01-19 00:37:50", "elapsed": 1522.601525, "delta": 0.002368}}
{"target": -13.763840995523658, "params": {"gamma": 580.3959109926218, "log10_alpha": 0.1628591849580996, "log10_colsample_bytree": -0.9337099818750838, "log10_eta": -0.7336791060958872, "log10_lambda": 0.331694838166837, "log10_min_child_weight": 2.4228872096251846, "log10_subsample": -0.9553749342006215, "max_depth": 2.0, "num_boost_round": 6.0}, "datetime": {"datetime": "2024-01-19 00:37:50", "elapsed": 1522.603686, "delta": 0.002161}}
{"target": -13.763046076639295, "params": {"gamma": 580.3959109926218, "log10_alpha": 0.1628591849580996, "log10_colsample_bytree": -0.9337099818750838, "log10_eta": -0.7336791060958872, "log10_lambda": 0.331694838166837, "log10_min_child_weight": 2.4228872096251846, "log10_subsample": -0.9553749342006215, "max_depth": 2.0, "num_boost_round": 7.0}, "datetime": {"datetime": "2024-01-19 00:37:50", "elapsed": 1522.605808, "delta": 0.002122}}
{"target": -13.767593423473272, "params": {"gamma": 580.3959109926218, "log10_alpha": 0.1628591849580996, "log10_colsample_bytree": -0.9337099818750838, "log10_eta": -0.7336791060958872, "log10_lambda": 0.331694838166837, "log10_min_child_weight": 2.4228872096251846, "log10_subsample": -0.9553749342006215, "max_depth": 2.0, "num_boost_round": 8.0}, "datetime": {"datetime": "2024-01-19 00:37:50", "elapsed": 1522.607938, "delta": 0.00213}}
{"target": -13.766880560296075, "params": {"gamma": 580.3959109926218, "log10_alpha": 0.1628591849580996, "log10_colsample_bytree": -0.9337099818750838, "log10_eta": -0.7336791060958872, "log10_lambda": 0.331694838166837, "log10_min_child_weight": 2.4228872096251846, "log10_subsample": -0.9553749342006215, "max_depth": 2.0, "num_boost_round": 9.0}, "datetime": {"datetime": "2024-01-19 00:37:50", "elapsed": 1522.614655, "delta": 0.006717}}
{"target": -13.765834672992156, "params": {"gamma": 580.3959109926218, "log10_alpha": 0.1628591849580996, "log10_colsample_bytree": -0.9337099818750838, "log10_eta": -0.7336791060958872, "log10_lambda": 0.331694838166837, "log10_min_child_weight": 2.4228872096251846, "log10_subsample": -0.9553749342006215, "max_depth": 2.0, "num_boost_round": 10.0}, "datetime": {"datetime": "2024-01-19 00:37:50", "elapsed": 1522.616837, "delta": 0.002182}}
{"target": -13.764535266350435, "params": {"gamma": 580.3959109926218, "log10_alpha": 0.1628591849580996, "log10_colsample_bytree": -0.9337099818750838, "log10_eta": -0.7336791060958872, "log10_lambda": 0.331694838166837, "log10_min_child_weight": 2.4228872096251846, "log10_subsample": -0.9553749342006215, "max_depth": 2.0, "num_boost_round": 11.0}, "datetime": {"datetime": "2024-01-19 00:37:50", "elapsed": 1522.618997, "delta": 0.00216}}
{"target": -13.76415236200874, "params": {"gamma": 580.3959109926218, "log10_alpha": 0.1628591849580996, "log10_colsample_bytree": -0.9337099818750838, "log10_eta": -0.7336791060958872, "log10_lambda": 0.331694838166837, "log10_min_child_weight": 2.4228872096251846, "log10_subsample": -0.9553749342006215, "max_depth": 2.0, "num_boost_round": 12.0}, "datetime": {"datetime": "2024-01-19 00:37:50", "elapsed": 1522.621165, "delta": 0.002168}}
{"target": -13.76494323863908, "params": {"gamma": 580.3959109926218, "log10_alpha": 0.1628591849580996, "log10_colsample_bytree": -0.9337099818750838, "log10_eta": -0.7336791060958872, "log10_lambda": 0.331694838166837, "log10_min_child_weight": 2.4228872096251846, "log10_subsample": -0.9553749342006215, "max_depth": 2.0, "num_boost_round": 13.0}, "datetime": {"datetime": "2024-01-19 00:37:50", "elapsed": 1522.623327, "delta": 0.002162}}
{"target": -13.765304940399028, "params": {"gamma": 580.3959109926218, "log10_alpha": 0.1628591849580996, "log10_colsample_bytree": -0.9337099818750838, "log10_eta": -0.7336791060958872, "log10_lambda": 0.331694838166837, "log10_min_child_weight": 2.4228872096251846, "log10_subsample": -0.9553749342006215, "max_depth": 2.0, "num_boost_round": 14.0}, "datetime": {"datetime": "2024-01-19 00:37:50", "elapsed": 1522.625498, "delta": 0.002171}}
{"target": -13.765503860117528, "params": {"gamma": 580.3959109926218, "log10_alpha": 0.1628591849580996, "log10_colsample_bytree": -0.9337099818750838, "log10_eta": -0.7336791060958872, "log10_lambda": 0.331694838166837, "log10_min_child_weight": 2.4228872096251846, "log10_subsample": -0.9553749342006215, "max_depth": 2.0, "num_boost_round": 15.0}, "datetime": {"datetime": "2024-01-19 00:37:50", "elapsed": 1522.627672, "delta": 0.002174}}
{"target": -13.766671636467372, "params": {"gamma": 580.3959109926218, "log10_alpha": 0.1628591849580996, "log10_colsample_bytree": -0.9337099818750838, "log10_eta": -0.7336791060958872, "log10_lambda": 0.331694838166837, "log10_min_child_weight": 2.4228872096251846, "log10_subsample": -0.9553749342006215, "max_depth": 2.0, "num_boost_round": 16.0}, "datetime": {"datetime": "2024-01-19 00:37:50", "elapsed": 1522.629832, "delta": 0.00216}}
{"target": -13.768799482390438, "params": {"gamma": 580.3959109926218, "log10_alpha": 0.1628591849580996, "log10_colsample_bytree": -0.9337099818750838, "log10_eta": -0.7336791060958872, "log10_lambda": 0.331694838166837, "log10_min_child_weight": 2.4228872096251846, "log10_subsample": -0.9553749342006215, "max_depth": 2.0, "num_boost_round": 17.0}, "datetime": {"datetime": "2024-01-19 00:37:50", "elapsed": 1522.631993, "delta": 0.002161}}
{"target": -13.769112665523755, "params": {"gamma": 580.3959109926218, "log10_alpha": 0.1628591849580996, "log10_colsample_bytree": -0.9337099818750838, "log10_eta": -0.7336791060958872, "log10_lambda": 0.331694838166837, "log10_min_child_weight": 2.4228872096251846, "log10_subsample": -0.9553749342006215, "max_depth": 2.0, "num_boost_round": 18.0}, "datetime": {"datetime": "2024-01-19 00:37:50", "elapsed": 1522.634334, "delta": 0.002341}}
{"target": -13.75852177041039, "params": {"gamma": 556.6081031617339, "log10_alpha": -0.06427567860521943, "log10_colsample_bytree": -0.9046655443744777, "log10_eta": -3.042053727986716, "log10_lambda": -1.017451716721419, "log10_min_child_weight": 0.751998524002061, "log10_subsample": -0.7065584700635024, "max_depth": 3.0, "num_boost_round": 0.0}, "datetime": {"datetime": "2024-01-19 00:38:21", "elapsed": 1554.270724, "delta": 31.63639}}
{"target": -13.758520781989743, "params": {"gamma": 556.6081031617339, "log10_alpha": -0.06427567860521943, "log10_colsample_bytree": -0.9046655443744777, "log10_eta": -3.042053727986716, "log10_lambda": -1.017451716721419, "log10_min_child_weight": 0.751998524002061, "log10_subsample": -0.7065584700635024, "max_depth": 3.0, "num_boost_round": 1.0}, "datetime": {"datetime": "2024-01-19 00:38:21", "elapsed": 1554.273935, "delta": 0.003211}}
{"target": -13.758522159682222, "params": {"gamma": 556.6081031617339, "log10_alpha": -0.06427567860521943, "log10_colsample_bytree": -0.9046655443744777, "log10_eta": -3.042053727986716, "log10_lambda": -1.017451716721419, "log10_min_child_weight": 0.751998524002061, "log10_subsample": -0.7065584700635024, "max_depth": 3.0, "num_boost_round": 2.0}, "datetime": {"datetime": "2024-01-19 00:38:21", "elapsed": 1554.27635, "delta": 0.002415}}
{"target": -13.758532448477238, "params": {"gamma": 556.6081031617339, "log10_alpha": -0.06427567860521943, "log10_colsample_bytree": -0.9046655443744777, "log10_eta": -3.042053727986716, "log10_lambda": -1.017451716721419, "log10_min_child_weight": 0.751998524002061, "log10_subsample": -0.7065584700635024, "max_depth": 3.0, "num_boost_round": 3.0}, "datetime": {"datetime": "2024-01-19 00:38:21", "elapsed": 1554.278594, "delta": 0.002244}}
{"target": -13.758528460530384, "params": {"gamma": 556.6081031617339, "log10_alpha": -0.06427567860521943, "log10_colsample_bytree": -0.9046655443744777, "log10_eta": -3.042053727986716, "log10_lambda": -1.017451716721419, "log10_min_child_weight": 0.751998524002061, "log10_subsample": -0.7065584700635024, "max_depth": 3.0, "num_boost_round": 4.0}, "datetime": {"datetime": "2024-01-19 00:38:21", "elapsed": 1554.280843, "delta": 0.002249}}
{"target": -13.758522674755428, "params": {"gamma": 556.6081031617339, "log10_alpha": -0.06427567860521943, "log10_colsample_bytree": -0.9046655443744777, "log10_eta": -3.042053727986716, "log10_lambda": -1.017451716721419, "log10_min_child_weight": 0.751998524002061, "log10_subsample": -0.7065584700635024, "max_depth": 3.0, "num_boost_round": 5.0}, "datetime": {"datetime": "2024-01-19 00:38:21", "elapsed": 1554.283038, "delta": 0.002195}}
{"target": -13.758528438289387, "params": {"gamma": 556.6081031617339, "log10_alpha": -0.06427567860521943, "log10_colsample_bytree": -0.9046655443744777, "log10_eta": -3.042053727986716, "log10_lambda": -1.017451716721419, "log10_min_child_weight": 0.751998524002061, "log10_subsample": -0.7065584700635024, "max_depth": 3.0, "num_boost_round": 6.0}, "datetime": {"datetime": "2024-01-19 00:38:21", "elapsed": 1554.285262, "delta": 0.002224}}
{"target": -13.758509013727197, "params": {"gamma": 556.6081031617339, "log10_alpha": -0.06427567860521943, "log10_colsample_bytree": -0.9046655443744777, "log10_eta": -3.042053727986716, "log10_lambda": -1.017451716721419, "log10_min_child_weight": 0.751998524002061, "log10_subsample": -0.7065584700635024, "max_depth": 3.0, "num_boost_round": 7.0}, "datetime": {"datetime": "2024-01-19 00:38:21", "elapsed": 1554.287474, "delta": 0.002212}}
{"target": -13.758513294154502, "params": {"gamma": 556.6081031617339, "log10_alpha": -0.06427567860521943, "log10_colsample_bytree": -0.9046655443744777, "log10_eta": -3.042053727986716, "log10_lambda": -1.017451716721419, "log10_min_child_weight": 0.751998524002061, "log10_subsample": -0.7065584700635024, "max_depth": 3.0, "num_boost_round": 8.0}, "datetime": {"datetime": "2024-01-19 00:38:21", "elapsed": 1554.289654, "delta": 0.00218}}
{"target": -13.758511644996458, "params": {"gamma": 556.6081031617339, "log10_alpha": -0.06427567860521943, "log10_colsample_bytree": -0.9046655443744777, "log10_eta": -3.042053727986716, "log10_lambda": -1.017451716721419, "log10_min_child_weight": 0.751998524002061, "log10_subsample": -0.7065584700635024, "max_depth": 3.0, "num_boost_round": 9.0}, "datetime": {"datetime": "2024-01-19 00:38:21", "elapsed": 1554.291827, "delta": 0.002173}}
{"target": -13.758493516083965, "params": {"gamma": 556.6081031617339, "log10_alpha": -0.06427567860521943, "log10_colsample_bytree": -0.9046655443744777, "log10_eta": -3.042053727986716, "log10_lambda": -1.017451716721419, "log10_min_child_weight": 0.751998524002061, "log10_subsample": -0.7065584700635024, "max_depth": 3.0, "num_boost_round": 10.0}, "datetime": {"datetime": "2024-01-19 00:38:21", "elapsed": 1554.294211, "delta": 0.002384}}
{"target": -13.75848305604366, "params": {"gamma": 556.6081031617339, "log10_alpha": -0.06427567860521943, "log10_colsample_bytree": -0.9046655443744777, "log10_eta": -3.042053727986716, "log10_lambda": -1.017451716721419, "log10_min_child_weight": 0.751998524002061, "log10_subsample": -0.7065584700635024, "max_depth": 3.0, "num_boost_round": 11.0}, "datetime": {"datetime": "2024-01-19 00:38:21", "elapsed": 1554.29656, "delta": 0.002349}}
{"target": -13.75845487254778, "params": {"gamma": 556.6081031617339, "log10_alpha": -0.06427567860521943, "log10_colsample_bytree": -0.9046655443744777, "log10_eta": -3.042053727986716, "log10_lambda": -1.017451716721419, "log10_min_child_weight": 0.751998524002061, "log10_subsample": -0.7065584700635024, "max_depth": 3.0, "num_boost_round": 12.0}, "datetime": {"datetime": "2024-01-19 00:38:21", "elapsed": 1554.298824, "delta": 0.002264}}
{"target": -13.758426990822972, "params": {"gamma": 556.6081031617339, "log10_alpha": -0.06427567860521943, "log10_colsample_bytree": -0.9046655443744777, "log10_eta": -3.042053727986716, "log10_lambda": -1.017451716721419, "log10_min_child_weight": 0.751998524002061, "log10_subsample": -0.7065584700635024, "max_depth": 3.0, "num_boost_round": 13.0}, "datetime": {"datetime": "2024-01-19 00:38:21", "elapsed": 1554.301085, "delta": 0.002261}}
{"target": -13.758424364084304, "params": {"gamma": 556.6081031617339, "log10_alpha": -0.06427567860521943, "log10_colsample_bytree": -0.9046655443744777, "log10_eta": -3.042053727986716, "log10_lambda": -1.017451716721419, "log10_min_child_weight": 0.751998524002061, "log10_subsample": -0.7065584700635024, "max_depth": 3.0, "num_boost_round": 14.0}, "datetime": {"datetime": "2024-01-19 00:38:21", "elapsed": 1554.303278, "delta": 0.002193}}
{"target": -13.758410431347926, "params": {"gamma": 556.6081031617339, "log10_alpha": -0.06427567860521943, "log10_colsample_bytree": -0.9046655443744777, "log10_eta": -3.042053727986716, "log10_lambda": -1.017451716721419, "log10_min_child_weight": 0.751998524002061, "log10_subsample": -0.7065584700635024, "max_depth": 3.0, "num_boost_round": 15.0}, "datetime": {"datetime": "2024-01-19 00:38:21", "elapsed": 1554.305476, "delta": 0.002198}}
{"target": -13.758407595139435, "params": {"gamma": 556.6081031617339, "log10_alpha": -0.06427567860521943, "log10_colsample_bytree": -0.9046655443744777, "log10_eta": -3.042053727986716, "log10_lambda": -1.017451716721419, "log10_min_child_weight": 0.751998524002061, "log10_subsample": -0.7065584700635024, "max_depth": 3.0, "num_boost_round": 16.0}, "datetime": {"datetime": "2024-01-19 00:38:21", "elapsed": 1554.307681, "delta": 0.002205}}
{"target": -13.758405287021105, "params": {"gamma": 556.6081031617339, "log10_alpha": -0.06427567860521943, "log10_colsample_bytree": -0.9046655443744777, "log10_eta": -3.042053727986716, "log10_lambda": -1.017451716721419, "log10_min_child_weight": 0.751998524002061, "log10_subsample": -0.7065584700635024, "max_depth": 3.0, "num_boost_round": 17.0}, "datetime": {"datetime": "2024-01-19 00:38:21", "elapsed": 1554.309882, "delta": 0.002201}}
{"target": -13.758397964217849, "params": {"gamma": 556.6081031617339, "log10_alpha": -0.06427567860521943, "log10_colsample_bytree": -0.9046655443744777, "log10_eta": -3.042053727986716, "log10_lambda": -1.017451716721419, "log10_min_child_weight": 0.751998524002061, "log10_subsample": -0.7065584700635024, "max_depth": 3.0, "num_boost_round": 18.0}, "datetime": {"datetime": "2024-01-19 00:38:21", "elapsed": 1554.312179, "delta": 0.002297}}
{"target": -13.758388419670855, "params": {"gamma": 556.6081031617339, "log10_alpha": -0.06427567860521943, "log10_colsample_bytree": -0.9046655443744777, "log10_eta": -3.042053727986716, "log10_lambda": -1.017451716721419, "log10_min_child_weight": 0.751998524002061, "log10_subsample": -0.7065584700635024, "max_depth": 3.0, "num_boost_round": 19.0}, "datetime": {"datetime": "2024-01-19 00:38:21", "elapsed": 1554.314465, "delta": 0.002286}}
{"target": -13.758373924567154, "params": {"gamma": 556.6081031617339, "log10_alpha": -0.06427567860521943, "log10_colsample_bytree": -0.9046655443744777, "log10_eta": -3.042053727986716, "log10_lambda": -1.017451716721419, "log10_min_child_weight": 0.751998524002061, "log10_subsample": -0.7065584700635024, "max_depth": 3.0, "num_boost_round": 20.0}, "datetime": {"datetime": "2024-01-19 00:38:21", "elapsed": 1554.316647, "delta": 0.002182}}
{"target": -13.75834020137718, "params": {"gamma": 556.6081031617339, "log10_alpha": -0.06427567860521943, "log10_colsample_bytree": -0.9046655443744777, "log10_eta": -3.042053727986716, "log10_lambda": -1.017451716721419, "log10_min_child_weight": 0.751998524002061, "log10_subsample": -0.7065584700635024, "max_depth": 3.0, "num_boost_round": 21.0}, "datetime": {"datetime": "2024-01-19 00:38:21", "elapsed": 1554.318846, "delta": 0.002199}}
{"target": -13.7583367821977, "params": {"gamma": 556.6081031617339, "log10_alpha": -0.06427567860521943, "log10_colsample_bytree": -0.9046655443744777, "log10_eta": -3.042053727986716, "log10_lambda": -1.017451716721419, "log10_min_child_weight": 0.751998524002061, "log10_subsample": -0.7065584700635024, "max_depth": 3.0, "num_boost_round": 22.0}, "datetime": {"datetime": "2024-01-19 00:38:21", "elapsed": 1554.321042, "delta": 0.002196}}
{"target": -13.758317480182955, "params": {"gamma": 556.6081031617339, "log10_alpha": -0.06427567860521943, "log10_colsample_bytree": -0.9046655443744777, "log10_eta": -3.042053727986716, "log10_lambda": -1.017451716721419, "log10_min_child_weight": 0.751998524002061, "log10_subsample": -0.7065584700635024, "max_depth": 3.0, "num_boost_round": 23.0}, "datetime": {"datetime": "2024-01-19 00:38:21", "elapsed": 1554.323234, "delta": 0.002192}}
{"target": -13.758309312432338, "params": {"gamma": 556.6081031617339, "log10_alpha": -0.06427567860521943, "log10_colsample_bytree": -0.9046655443744777, "log10_eta": -3.042053727986716, "log10_lambda": -1.017451716721419, "log10_min_child_weight": 0.751998524002061, "log10_subsample": -0.7065584700635024, "max_depth": 3.0, "num_boost_round": 24.0}, "datetime": {"datetime": "2024-01-19 00:38:21", "elapsed": 1554.325419, "delta": 0.002185}}
{"target": -13.758289089078652, "params": {"gamma": 556.6081031617339, "log10_alpha": -0.06427567860521943, "log10_colsample_bytree": -0.9046655443744777, "log10_eta": -3.042053727986716, "log10_lambda": -1.017451716721419, "log10_min_child_weight": 0.751998524002061, "log10_subsample": -0.7065584700635024, "max_depth": 3.0, "num_boost_round": 25.0}, "datetime": {"datetime": "2024-01-19 00:38:21", "elapsed": 1554.327622, "delta": 0.002203}}
{"target": -13.75828544359162, "params": {"gamma": 556.6081031617339, "log10_alpha": -0.06427567860521943, "log10_colsample_bytree": -0.9046655443744777, "log10_eta": -3.042053727986716, "log10_lambda": -1.017451716721419, "log10_min_child_weight": 0.751998524002061, "log10_subsample": -0.7065584700635024, "max_depth": 3.0, "num_boost_round": 26.0}, "datetime": {"datetime": "2024-01-19 00:38:21", "elapsed": 1554.329818, "delta": 0.002196}}
{"target": -13.75826469881027, "params": {"gamma": 556.6081031617339, "log10_alpha": -0.06427567860521943, "log10_colsample_bytree": -0.9046655443744777, "log10_eta": -3.042053727986716, "log10_lambda": -1.017451716721419, "log10_min_child_weight": 0.751998524002061, "log10_subsample": -0.7065584700635024, "max_depth": 3.0, "num_boost_round": 27.0}, "datetime": {"datetime": "2024-01-19 00:38:21", "elapsed": 1554.332027, "delta": 0.002209}}
{"target": -13.758257203814415, "params": {"gamma": 556.6081031617339, "log10_alpha": -0.06427567860521943, "log10_colsample_bytree": -0.9046655443744777, "log10_eta": -3.042053727986716, "log10_lambda": -1.017451716721419, "log10_min_child_weight": 0.751998524002061, "log10_subsample": -0.7065584700635024, "max_depth": 3.0, "num_boost_round": 28.0}, "datetime": {"datetime": "2024-01-19 00:38:21", "elapsed": 1554.334381, "delta": 0.002354}}
{"target": -13.75824591563061, "params": {"gamma": 556.6081031617339, "log10_alpha": -0.06427567860521943, "log10_colsample_bytree": -0.9046655443744777, "log10_eta": -3.042053727986716, "log10_lambda": -1.017451716721419, "log10_min_child_weight": 0.751998524002061, "log10_subsample": -0.7065584700635024, "max_depth": 3.0, "num_boost_round": 29.0}, "datetime": {"datetime": "2024-01-19 00:38:21", "elapsed": 1554.336613, "delta": 0.002232}}
{"target": -13.758230311725155, "params": {"gamma": 556.6081031617339, "log10_alpha": -0.06427567860521943, "log10_colsample_bytree": -0.9046655443744777, "log10_eta": -3.042053727986716, "log10_lambda": -1.017451716721419, "log10_min_child_weight": 0.751998524002061, "log10_subsample": -0.7065584700635024, "max_depth": 3.0, "num_boost_round": 30.0}, "datetime": {"datetime": "2024-01-19 00:38:21", "elapsed": 1554.338833, "delta": 0.00222}}
{"target": -13.758539933869338, "params": {"gamma": 550.2068403557121, "log10_alpha": 0.16208747575672316, "log10_colsample_bytree": -0.17876143270696318, "log10_eta": -3.5549615397974113, "log10_lambda": -2.6768573267915285, "log10_min_child_weight": 4.10995313030355, "log10_subsample": -0.785238142890238, "max_depth": 10.0, "num_boost_round": 0.0}, "datetime": {"datetime": "2024-01-19 00:39:02", "elapsed": 1594.711805, "delta": 40.372972}}
{"target": -13.758538291724118, "params": {"gamma": 550.2068403557121, "log10_alpha": 0.16208747575672316, "log10_colsample_bytree": -0.17876143270696318, "log10_eta": -3.5549615397974113, "log10_lambda": -2.6768573267915285, "log10_min_child_weight": 4.10995313030355, "log10_subsample": -0.785238142890238, "max_depth": 10.0, "num_boost_round": 1.0}, "datetime": {"datetime": "2024-01-19 00:39:02", "elapsed": 1594.714985, "delta": 0.00318}}
{"target": -13.75854021648358, "params": {"gamma": 550.2068403557121, "log10_alpha": 0.16208747575672316, "log10_colsample_bytree": -0.17876143270696318, "log10_eta": -3.5549615397974113, "log10_lambda": -2.6768573267915285, "log10_min_child_weight": 4.10995313030355, "log10_subsample": -0.785238142890238, "max_depth": 10.0, "num_boost_round": 2.0}, "datetime": {"datetime": "2024-01-19 00:39:02", "elapsed": 1594.717438, "delta": 0.002453}}
