{"target": -17.677228086204448, "params": {"gamma": 57.19189982221565, "log10_alpha": -0.23173107697357218, "log10_colsample_bytree": -0.3728620815961351, "log10_eta": -4.0, "log10_lambda": 0.7916692109199356, "log10_min_child_weight": 2.132872700228429, "log10_subsample": -0.48402129911991154, "max_depth": 2.0, "num_boost_round": 1.0}, "datetime": {"datetime": "2024-01-19 01:16:46", "elapsed": 3913.512068, "delta": 0.005427}}
{"target": -17.677225237108214, "params": {"gamma": 57.19189982221565, "log10_alpha": -0.23173107697357218, "log10_colsample_bytree": -0.3728620815961351, "log10_eta": -4.0, "log10_lambda": 0.7916692109199356, "log10_min_child_weight": 2.132872700228429, "log10_subsample": -0.48402129911991154, "max_depth": 2.0, "num_boost_round": 2.0}, "datetime": {"datetime": "2024-01-19 01:16:46", "elapsed": 3913.517168, "delta": 0.0051}}
{"target": -17.67722449725425, "params": {"gamma": 57.19189982221565, "log10_alpha": -0.23173107697357218, "log10_colsample_bytree": -0.3728620815961351, "log10_eta": -4.0, "log10_lambda": 0.7916692109199356, "log10_min_child_weight": 2.132872700228429, "log10_subsample": -0.48402129911991154, "max_depth": 2.0, "num_boost_round": 3.0}, "datetime": {"datetime": "2024-01-19 01:16:46", "elapsed": 3913.522145, "delta": 0.004977}}
{"target": -17.677222308937147, "params": {"gamma": 57.19189982221565, "log10_alpha": -0.23173107697357218, "log10_colsample_bytree": -0.3728620815961351, "log10_eta": -4.0, "log10_lambda": 0.7916692109199356, "log10_min_child_weight": 2.132872700228429, "log10_subsample": -0.48402129911991154, "max_depth": 2.0, "num_boost_round": 4.0}, "datetime": {"datetime": "2024-01-19 01:16:46", "elapsed": 3913.527093, "delta": 0.004948}}
{"target": -17.67722083152449, "params": {"gamma": 57.19189982221565, "log10_alpha": -0.23173107697357218, "log10_colsample_bytree": -0.3728620815961351, "log10_eta": -4.0, "log10_lambda": 0.7916692109199356, "log10_min_child_weight": 2.132872700228429, "log10_subsample": -0.48402129911991154, "max_depth": 2.0, "num_boost_round": 5.0}, "datetime": {"datetime": "2024-01-19 01:16:46", "elapsed": 3913.532413, "delta": 0.00532}}
{"target": -17.67721795810996, "params": {"gamma": 57.19189982221565, "log10_alpha": -0.23173107697357218, "log10_colsample_bytree": -0.3728620815961351, "log10_eta": -4.0, "log10_lambda": 0.7916692109199356, "log10_min_child_weight": 2.132872700228429, "log10_subsample": -0.48402129911991154, "max_depth": 2.0, "num_boost_round": 6.0}, "datetime": {"datetime": "2024-01-19 01:16:46", "elapsed": 3913.537544, "delta": 0.005131}}
{"target": -17.677214796650592, "params": {"gamma": 57.19189982221565, "log10_alpha": -0.23173107697357218, "log10_colsample_bytree": -0.3728620815961351, "log10_eta": -4.0, "log10_lambda": 0.7916692109199356, "log10_min_child_weight": 2.132872700228429, "log10_subsample": -0.48402129911991154, "max_depth": 2.0, "num_boost_round": 7.0}, "datetime": {"datetime": "2024-01-19 01:16:46", "elapsed": 3913.542629, "delta": 0.005085}}
{"target": -17.67721279208834, "params": {"gamma": 57.19189982221565, "log10_alpha": -0.23173107697357218, "log10_colsample_bytree": -0.3728620815961351, "log10_eta": -4.0, "log10_lambda": 0.7916692109199356, "log10_min_child_weight": 2.132872700228429, "log10_subsample": -0.48402129911991154, "max_depth": 2.0, "num_boost_round": 8.0}, "datetime": {"datetime": "2024-01-19 01:16:46", "elapsed": 3913.547685, "delta": 0.005056}}
{"target": -17.677211237005046, "params": {"gamma": 57.19189982221565, "log10_alpha": -0.23173107697357218, "log10_colsample_bytree": -0.3728620815961351, "log10_eta": -4.0, "log10_lambda": 0.7916692109199356, "log10_min_child_weight": 2.132872700228429, "log10_subsample": -0.48402129911991154, "max_depth": 2.0, "num_boost_round": 9.0}, "datetime": {"datetime": "2024-01-19 01:16:46", "elapsed": 3913.552574, "delta": 0.004889}}
{"target": -17.677208438416578, "params": {"gamma": 57.19189982221565, "log10_alpha": -0.23173107697357218, "log10_colsample_bytree": -0.3728620815961351, "log10_eta": -4.0, "log10_lambda": 0.7916692109199356, "log10_min_child_weight": 2.132872700228429, "log10_subsample": -0.48402129911991154, "max_depth": 2.0, "num_boost_round": 10.0}, "datetime": {"datetime": "2024-01-19 01:16:46", "elapsed": 3913.557576, "delta": 0.005002}}
{"target": -17.67720606737814, "params": {"gamma": 57.19189982221565, "log10_alpha": -0.23173107697357218, "log10_colsample_bytree": -0.3728620815961351, "log10_eta": -4.0, "log10_lambda": 0.7916692109199356, "log10_min_child_weight": 2.132872700228429, "log10_subsample": -0.48402129911991154, "max_depth": 2.0, "num_boost_round": 11.0}, "datetime": {"datetime": "2024-01-19 01:16:46", "elapsed": 3913.567076, "delta": 0.0095}}
{"target": -17.67720307852335, "params": {"gamma": 57.19189982221565, "log10_alpha": -0.23173107697357218, "log10_colsample_bytree": -0.3728620815961351, "log10_eta": -4.0, "log10_lambda": 0.7916692109199356, "log10_min_child_weight": 2.132872700228429, "log10_subsample": -0.48402129911991154, "max_depth": 2.0, "num_boost_round": 12.0}, "datetime": {"datetime": "2024-01-19 01:16:46", "elapsed": 3913.572023, "delta": 0.004947}}
{"target": -17.67720019061093, "params": {"gamma": 57.19189982221565, "log10_alpha": -0.23173107697357218, "log10_colsample_bytree": -0.3728620815961351, "log10_eta": -4.0, "log10_lambda": 0.7916692109199356, "log10_min_child_weight": 2.132872700228429, "log10_subsample": -0.48402129911991154, "max_depth": 2.0, "num_boost_round": 13.0}, "datetime": {"datetime": "2024-01-19 01:16:46", "elapsed": 3913.577079, "delta": 0.005056}}
{"target": -17.67719948329273, "params": {"gamma": 57.19189982221565, "log10_alpha": -0.23173107697357218, "log10_colsample_bytree": -0.3728620815961351, "log10_eta": -4.0, "log10_lambda": 0.7916692109199356, "log10_min_child_weight": 2.132872700228429, "log10_subsample": -0.48402129911991154, "max_depth": 2.0, "num_boost_round": 14.0}, "datetime": {"datetime": "2024-01-19 01:16:46", "elapsed": 3913.582021, "delta": 0.004942}}
{"target": -17.677196603263855, "params": {"gamma": 57.19189982221565, "log10_alpha": -0.23173107697357218, "log10_colsample_bytree": -0.3728620815961351, "log10_eta": -4.0, "log10_lambda": 0.7916692109199356, "log10_min_child_weight": 2.132872700228429, "log10_subsample": -0.48402129911991154, "max_depth": 2.0, "num_boost_round": 15.0}, "datetime": {"datetime": "2024-01-19 01:16:46", "elapsed": 3913.586861, "delta": 0.00484}}
{"target": -17.677194092137057, "params": {"gamma": 57.19189982221565, "log10_alpha": -0.23173107697357218, "log10_colsample_bytree": -0.3728620815961351, "log10_eta": -4.0, "log10_lambda": 0.7916692109199356, "log10_min_child_weight": 2.132872700228429, "log10_subsample": -0.48402129911991154, "max_depth": 2.0, "num_boost_round": 16.0}, "datetime": {"datetime": "2024-01-19 01:16:46", "elapsed": 3913.591751, "delta": 0.00489}}
{"target": -17.67719238316246, "params": {"gamma": 57.19189982221565, "log10_alpha": -0.23173107697357218, "log10_colsample_bytree": -0.3728620815961351, "log10_eta": -4.0, "log10_lambda": 0.7916692109199356, "log10_min_child_weight": 2.132872700228429, "log10_subsample": -0.48402129911991154, "max_depth": 2.0, "num_boost_round": 17.0}, "datetime": {"datetime": "2024-01-19 01:16:46", "elapsed": 3913.596737, "delta": 0.004986}}
{"target": -17.677190738181228, "params": {"gamma": 57.19189982221565, "log10_alpha": -0.23173107697357218, "log10_colsample_bytree": -0.3728620815961351, "log10_eta": -4.0, "log10_lambda": 0.7916692109199356, "log10_min_child_weight": 2.132872700228429, "log10_subsample": -0.48402129911991154, "max_depth": 2.0, "num_boost_round": 18.0}, "datetime": {"datetime": "2024-01-19 01:16:46", "elapsed": 3913.601658, "delta": 0.004921}}
{"target": -17.67718824086164, "params": {"gamma": 57.19189982221565, "log10_alpha": -0.23173107697357218, "log10_colsample_bytree": -0.3728620815961351, "log10_eta": -4.0, "log10_lambda": 0.7916692109199356, "log10_min_child_weight": 2.132872700228429, "log10_subsample": -0.48402129911991154, "max_depth": 2.0, "num_boost_round": 19.0}, "datetime": {"datetime": "2024-01-19 01:16:46", "elapsed": 3913.606534, "delta": 0.004876}}
{"target": -17.677186755685664, "params": {"gamma": 57.19189982221565, "log10_alpha": -0.23173107697357218, "log10_colsample_bytree": -0.3728620815961351, "log10_eta": -4.0, "log10_lambda": 0.7916692109199356, "log10_min_child_weight": 2.132872700228429, "log10_subsample": -0.48402129911991154, "max_depth": 2.0, "num_boost_round": 20.0}, "datetime": {"datetime": "2024-01-19 01:16:46", "elapsed": 3913.611498, "delta": 0.004964}}
{"target": -17.677183809513625, "params": {"gamma": 57.19189982221565, "log10_alpha": -0.23173107697357218, "log10_colsample_bytree": -0.3728620815961351, "log10_eta": -4.0, "log10_lambda": 0.7916692109199356, "log10_min_child_weight": 2.132872700228429, "log10_subsample": -0.48402129911991154, "max_depth": 2.0, "num_boost_round": 21.0}, "datetime": {"datetime": "2024-01-19 01:16:46", "elapsed": 3913.616574, "delta": 0.005076}}
{"target": -17.677182031700077, "params": {"gamma": 57.19189982221565, "log10_alpha": -0.23173107697357218, "log10_colsample_bytree": -0.3728620815961351, "log10_eta": -4.0, "log10_lambda": 0.7916692109199356, "log10_min_child_weight": 2.132872700228429, "log10_subsample": -0.48402129911991154, "max_depth": 2.0, "num_boost_round": 22.0}, "datetime": {"datetime": "2024-01-19 01:16:46", "elapsed": 3913.621511, "delta": 0.004937}}
{"target": -17.67718050885023, "params": {"gamma": 57.19189982221565, "log10_alpha": -0.23173107697357218, "log10_colsample_bytree": -0.3728620815961351, "log10_eta": -4.0, "log10_lambda": 0.7916692109199356, "log10_min_child_weight": 2.132872700228429, "log10_subsample": -0.48402129911991154, "max_depth": 2.0, "num_boost_round": 23.0}, "datetime": {"datetime": "2024-01-19 01:16:46", "elapsed": 3913.626371, "delta": 0.00486}}
{"target": -17.677178973557176, "params": {"gamma": 57.19189982221565, "log10_alpha": -0.23173107697357218, "log10_colsample_bytree": -0.3728620815961351, "log10_eta": -4.0, "log10_lambda": 0.7916692109199356, "log10_min_child_weight": 2.132872700228429, "log10_subsample": -0.48402129911991154, "max_depth": 2.0, "num_boost_round": 24.0}, "datetime": {"datetime": "2024-01-19 01:16:46", "elapsed": 3913.632798, "delta": 0.006427}}
{"target": -17.67717714320508, "params": {"gamma": 57.19189982221565, "log10_alpha": -0.23173107697357218, "log10_colsample_bytree": -0.3728620815961351, "log10_eta": -4.0, "log10_lambda": 0.7916692109199356, "log10_min_child_weight": 2.132872700228429, "log10_subsample": -0.48402129911991154, "max_depth": 2.0, "num_boost_round": 25.0}, "datetime": {"datetime": "2024-01-19 01:16:46", "elapsed": 3913.638023, "delta": 0.005225}}
{"target": -17.677175951218974, "params": {"gamma": 57.19189982221565, "log10_alpha": -0.23173107697357218, "log10_colsample_bytree": -0.3728620815961351, "log10_eta": -4.0, "log10_lambda": 0.7916692109199356, "log10_min_child_weight": 2.132872700228429, "log10_subsample": -0.48402129911991154, "max_depth": 2.0, "num_boost_round": 26.0}, "datetime": {"datetime": "2024-01-19 01:16:46", "elapsed": 3913.643096, "delta": 0.005073}}
{"target": -17.6771729301029, "params": {"gamma": 57.19189982221565, "log10_alpha": -0.23173107697357218, "log10_colsample_bytree": -0.3728620815961351, "log10_eta": -4.0, "log10_lambda": 0.7916692109199356, "log10_min_child_weight": 2.132872700228429, "log10_subsample": -0.48402129911991154, "max_depth": 2.0, "num_boost_round": 27.0}, "datetime": {"datetime": "2024-01-19 01:16:46", "elapsed": 3913.648091, "delta": 0.004995}}
{"target": -17.677170049080118, "params": {"gamma": 57.19189982221565, "log10_alpha": -0.23173107697357218, "log10_colsample_bytree": -0.3728620815961351, "log10_eta": -4.0, "log10_lambda": 0.7916692109199356, "log10_min_child_weight": 2.132872700228429, "log10_subsample": -0.48402129911991154, "max_depth": 2.0, "num_boost_round": 28.0}, "datetime": {"datetime": "2024-01-19 01:16:46", "elapsed": 3913.652979, "delta": 0.004888}}
{"target": -17.677166462070034, "params": {"gamma": 57.19189982221565, "log10_alpha": -0.23173107697357218, "log10_colsample_bytree": -0.3728620815961351, "log10_eta": -4.0, "log10_lambda": 0.7916692109199356, "log10_min_child_weight": 2.132872700228429, "log10_subsample": -0.48402129911991154, "max_depth": 2.0, "num_boost_round": 29.0}, "datetime": {"datetime": "2024-01-19 01:16:46", "elapsed": 3913.657998, "delta": 0.005019}}
{"target": -17.677164263252923, "params": {"gamma": 57.19189982221565, "log10_alpha": -0.23173107697357218, "log10_colsample_bytree": -0.3728620815961351, "log10_eta": -4.0, "log10_lambda": 0.7916692109199356, "log10_min_child_weight": 2.132872700228429, "log10_subsample": -0.48402129911991154, "max_depth": 2.0, "num_boost_round": 30.0}, "datetime": {"datetime": "2024-01-19 01:16:46", "elapsed": 3913.662832, "delta": 0.004834}}
{"target": -17.677161949059037, "params": {"gamma": 57.19189982221565, "log10_alpha": -0.23173107697357218, "log10_colsample_bytree": -0.3728620815961351, "log10_eta": -4.0, "log10_lambda": 0.7916692109199356, "log10_min_child_weight": 2.132872700228429, "log10_subsample": -0.48402129911991154, "max_depth": 2.0, "num_boost_round": 31.0}, "datetime": {"datetime": "2024-01-19 01:16:46", "elapsed": 3913.667746, "delta": 0.004914}}
{"target": -17.677160341892826, "params": {"gamma": 57.19189982221565, "log10_alpha": -0.23173107697357218, "log10_colsample_bytree": -0.3728620815961351, "log10_eta": -4.0, "log10_lambda": 0.7916692109199356, "log10_min_child_weight": 2.132872700228429, "log10_subsample": -0.48402129911991154, "max_depth": 2.0, "num_boost_round": 32.0}, "datetime": {"datetime": "2024-01-19 01:16:46", "elapsed": 3913.672631, "delta": 0.004885}}
{"target": -17.677157336037528, "params": {"gamma": 57.19189982221565, "log10_alpha": -0.23173107697357218, "log10_colsample_bytree": -0.3728620815961351, "log10_eta": -4.0, "log10_lambda": 0.7916692109199356, "log10_min_child_weight": 2.132872700228429, "log10_subsample": -0.48402129911991154, "max_depth": 2.0, "num_boost_round": 33.0}, "datetime": {"datetime": "2024-01-19 01:16:46", "elapsed": 3913.677666, "delta": 0.005035}}
{"target": -17.677154727502252, "params": {"gamma": 57.19189982221565, "log10_alpha": -0.23173107697357218, "log10_colsample_bytree": -0.3728620815961351, "log10_eta": -4.0, "log10_lambda": 0.7916692109199356, "log10_min_child_weight": 2.132872700228429, "log10_subsample": -0.48402129911991154, "max_depth": 2.0, "num_boost_round": 34.0}, "datetime": {"datetime": "2024-01-19 01:16:46", "elapsed": 3913.68228, "delta": 0.004614}}
{"target": -17.677151957168842, "params": {"gamma": 57.19189982221565, "log10_alpha": -0.23173107697357218, "log10_colsample_bytree": -0.3728620815961351, "log10_eta": -4.0, "log10_lambda": 0.7916692109199356, "log10_min_child_weight": 2.132872700228429, "log10_subsample": -0.48402129911991154, "max_depth": 2.0, "num_boost_round": 35.0}, "datetime": {"datetime": "2024-01-19 01:16:46", "elapsed": 3913.686802, "delta": 0.004522}}
{"target": -17.67715032487353, "params": {"gamma": 57.19189982221565, "log10_alpha": -0.23173107697357218, "log10_colsample_bytree": -0.3728620815961351, "log10_eta": -4.0, "log10_lambda": 0.7916692109199356, "log10_min_child_weight": 2.132872700228429, "log10_subsample": -0.48402129911991154, "max_depth": 2.0, "num_boost_round": 36.0}, "datetime": {"datetime": "2024-01-19 01:16:46", "elapsed": 3913.691587, "delta": 0.004785}}
{"target": -17.677147860771186, "params": {"gamma": 57.19189982221565, "log10_alpha": -0.23173107697357218, "log10_colsample_bytree": -0.3728620815961351, "log10_eta": -4.0, "log10_lambda": 0.7916692109199356, "log10_min_child_weight": 2.132872700228429, "log10_subsample": -0.48402129911991154, "max_depth": 2.0, "num_boost_round": 37.0}, "datetime": {"datetime": "2024-01-19 01:16:46", "elapsed": 3913.696402, "delta": 0.004815}}
{"target": -17.67714626782149, "params": {"gamma": 57.19189982221565, "log10_alpha": -0.23173107697357218, "log10_colsample_bytree": -0.3728620815961351, "log10_eta": -4.0, "log10_lambda": 0.7916692109199356, "log10_min_child_weight": 2.132872700228429, "log10_subsample": -0.48402129911991154, "max_depth": 2.0, "num_boost_round": 38.0}, "datetime": {"datetime": "2024-01-19 01:16:46", "elapsed": 3913.701321, "delta": 0.004919}}
{"target": -17.677143759693166, "params": {"gamma": 57.19189982221565, "log10_alpha": -0.23173107697357218, "log10_colsample_bytree": -0.3728620815961351, "log10_eta": -4.0, "log10_lambda": 0.7916692109199356, "log10_min_child_weight": 2.132872700228429, "log10_subsample": -0.48402129911991154, "max_depth": 2.0, "num_boost_round": 39.0}, "datetime": {"datetime": "2024-01-19 01:16:46", "elapsed": 3913.706229, "delta": 0.004908}}
{"target": -17.677141019929596, "params": {"gamma": 57.19189982221565, "log10_alpha": -0.23173107697357218, "log10_colsample_bytree": -0.3728620815961351, "log10_eta": -4.0, "log10_lambda": 0.7916692109199356, "log10_min_child_weight": 2.132872700228429, "log10_subsample": -0.48402129911991154, "max_depth": 2.0, "num_boost_round": 40.0}, "datetime": {"datetime": "2024-01-19 01:16:46", "elapsed": 3913.711194, "delta": 0.004965}}
{"target": -17.677139198521733, "params": {"gamma": 57.19189982221565, "log10_alpha": -0.23173107697357218, "log10_colsample_bytree": -0.3728620815961351, "log10_eta": -4.0, "log10_lambda": 0.7916692109199356, "log10_min_child_weight": 2.132872700228429, "log10_subsample": -0.48402129911991154, "max_depth": 2.0, "num_boost_round": 41.0}, "datetime": {"datetime": "2024-01-19 01:16:46", "elapsed": 3913.716171, "delta": 0.004977}}
{"target": -17.677136331705988, "params": {"gamma": 57.19189982221565, "log10_alpha": -0.23173107697357218, "log10_colsample_bytree": -0.3728620815961351, "log10_eta": -4.0, "log10_lambda": 0.7916692109199356, "log10_min_child_weight": 2.132872700228429, "log10_subsample": -0.48402129911991154, "max_depth": 2.0, "num_boost_round": 42.0}, "datetime": {"datetime": "2024-01-19 01:16:46", "elapsed": 3913.721194, "delta": 0.005023}}
{"target": -17.677134992901575, "params": {"gamma": 57.19189982221565, "log10_alpha": -0.23173107697357218, "log10_colsample_bytree": -0.3728620815961351, "log10_eta": -4.0, "log10_lambda": 0.7916692109199356, "log10_min_child_weight": 2.132872700228429, "log10_subsample": -0.48402129911991154, "max_depth": 2.0, "num_boost_round": 43.0}, "datetime": {"datetime": "2024-01-19 01:16:46", "elapsed": 3913.726109, "delta": 0.004915}}
{"target": -17.677133633853906, "params": {"gamma": 57.19189982221565, "log10_alpha": -0.23173107697357218, "log10_colsample_bytree": -0.3728620815961351, "log10_eta": -4.0, "log10_lambda": 0.7916692109199356, "log10_min_child_weight": 2.132872700228429, "log10_subsample": -0.48402129911991154, "max_depth": 2.0, "num_boost_round": 44.0}, "datetime": {"datetime": "2024-01-19 01:16:46", "elapsed": 3913.731258, "delta": 0.005149}}
{"target": -17.677130738841296, "params": {"gamma": 57.19189982221565, "log10_alpha": -0.23173107697357218, "log10_colsample_bytree": -0.3728620815961351, "log10_eta": -4.0, "log10_lambda": 0.7916692109199356, "log10_min_child_weight": 2.132872700228429, "log10_subsample": -0.48402129911991154, "max_depth": 2.0, "num_boost_round": 45.0}, "datetime": {"datetime": "2024-01-19 01:16:46", "elapsed": 3913.73631, "delta": 0.005052}}
{"target": -17.67722759755522, "params": {"gamma": 70.69879572919213, "log10_alpha": 0.0777127059547178, "log10_colsample_bytree": -0.34471268247680553, "log10_eta": -3.639608345822019, "log10_lambda": -1.3682622952934014, "log10_min_child_weight": 1.110303321038535, "log10_subsample": -0.2588529493057523, "max_depth": 2.0, "num_boost_round": 0.0}, "datetime": {"datetime": "2024-01-19 01:17:55", "elapsed": 3982.963163, "delta": 69.226853}}
{"target": -17.677221640957235, "params": {"gamma": 70.69879572919213, "log10_alpha": 0.0777127059547178, "log10_colsample_bytree": -0.34471268247680553, "log10_eta": -3.639608345822019, "log10_lambda": -1.3682622952934014, "log10_min_child_weight": 1.110303321038535, "log10_subsample": -0.2588529493057523, "max_depth": 2.0, "num_boost_round": 1.0}, "datetime": {"datetime": "2024-01-19 01:17:55", "elapsed": 3982.96926, "delta": 0.006097}}
{"target": -17.677215332032002, "params": {"gamma": 70.69879572919213, "log10_alpha": 0.0777127059547178, "log10_colsample_bytree": -0.34471268247680553, "log10_eta": -3.639608345822019, "log10_lambda": -1.3682622952934014, "log10_min_child_weight": 1.110303321038535, "log10_subsample": -0.2588529493057523, "max_depth": 2.0, "num_boost_round": 2.0}, "datetime": {"datetime": "2024-01-19 01:17:55", "elapsed": 3982.974462, "delta": 0.005202}}
{"target": -17.677214979801075, "params": {"gamma": 70.69879572919213, "log10_alpha": 0.0777127059547178, "log10_colsample_bytree": -0.34471268247680553, "log10_eta": -3.639608345822019, "log10_lambda": -1.3682622952934014, "log10_min_child_weight": 1.110303321038535, "log10_subsample": -0.2588529493057523, "max_depth": 2.0, "num_boost_round": 3.0}, "datetime": {"datetime": "2024-01-19 01:17:55", "elapsed": 3982.979972, "delta": 0.00551}}
{"target": -17.677209635024514, "params": {"gamma": 70.69879572919213, "log10_alpha": 0.0777127059547178, "log10_colsample_bytree": -0.34471268247680553, "log10_eta": -3.639608345822019, "log10_lambda": -1.3682622952934014, "log10_min_child_weight": 1.110303321038535, "log10_subsample": -0.2588529493057523, "max_depth": 2.0, "num_boost_round": 4.0}, "datetime": {"datetime": "2024-01-19 01:17:55", "elapsed": 3982.986426, "delta": 0.006454}}
