{"target": -17.677215621242595, "params": {"gamma": 886.0233229187656, "log10_alpha": 0.3514296237653678, "log10_colsample_bytree": -0.2775505035150886, "log10_eta": -3.8117953255352384, "log10_lambda": 0.7094511928985048, "log10_min_child_weight": 1.54332350214379, "log10_subsample": -0.9460056772559051, "max_depth": 6.0, "num_boost_round": 1.0}, "datetime": {"datetime": "2024-01-19 00:56:44", "elapsed": 2685.545044, "delta": 0.003967}}
{"target": -17.677214226493607, "params": {"gamma": 886.0233229187656, "log10_alpha": 0.3514296237653678, "log10_colsample_bytree": -0.2775505035150886, "log10_eta": -3.8117953255352384, "log10_lambda": 0.7094511928985048, "log10_min_child_weight": 1.54332350214379, "log10_subsample": -0.9460056772559051, "max_depth": 6.0, "num_boost_round": 2.0}, "datetime": {"datetime": "2024-01-19 00:56:44", "elapsed": 2685.548195, "delta": 0.003151}}
{"target": -17.677215546963044, "params": {"gamma": 886.0233229187656, "log10_alpha": 0.3514296237653678, "log10_colsample_bytree": -0.2775505035150886, "log10_eta": -3.8117953255352384, "log10_lambda": 0.7094511928985048, "log10_min_child_weight": 1.54332350214379, "log10_subsample": -0.9460056772559051, "max_depth": 6.0, "num_boost_round": 3.0}, "datetime": {"datetime": "2024-01-19 00:56:44", "elapsed": 2685.55143, "delta": 0.003235}}
{"target": -17.677207846583393, "params": {"gamma": 886.0233229187656, "log10_alpha": 0.3514296237653678, "log10_colsample_bytree": -0.2775505035150886, "log10_eta": -3.8117953255352384, "log10_lambda": 0.7094511928985048, "log10_min_child_weight": 1.54332350214379, "log10_subsample": -0.9460056772559051, "max_depth": 6.0, "num_boost_round": 4.0}, "datetime": {"datetime": "2024-01-19 00:56:44", "elapsed": 2685.554439, "delta": 0.003009}}
{"target": -17.67720390838788, "params": {"gamma": 886.0233229187656, "log10_alpha": 0.3514296237653678, "log10_colsample_bytree": -0.2775505035150886, "log10_eta": -3.8117953255352384, "log10_lambda": 0.7094511928985048, "log10_min_child_weight": 1.54332350214379, "log10_subsample": -0.9460056772559051, "max_depth": 6.0, "num_boost_round": 5.0}, "datetime": {"datetime": "2024-01-19 00:56:44", "elapsed": 2685.557569, "delta": 0.00313}}
{"target": -17.677201422747736, "params": {"gamma": 886.0233229187656, "log10_alpha": 0.3514296237653678, "log10_colsample_bytree": -0.2775505035150886, "log10_eta": -3.8117953255352384, "log10_lambda": 0.7094511928985048, "log10_min_child_weight": 1.54332350214379, "log10_subsample": -0.9460056772559051, "max_depth": 6.0, "num_boost_round": 6.0}, "datetime": {"datetime": "2024-01-19 00:56:44", "elapsed": 2685.560628, "delta": 0.003059}}
{"target": -17.677197914105534, "params": {"gamma": 886.0233229187656, "log10_alpha": 0.3514296237653678, "log10_colsample_bytree": -0.2775505035150886, "log10_eta": -3.8117953255352384, "log10_lambda": 0.7094511928985048, "log10_min_child_weight": 1.54332350214379, "log10_subsample": -0.9460056772559051, "max_depth": 6.0, "num_boost_round": 7.0}, "datetime": {"datetime": "2024-01-19 00:56:44", "elapsed": 2685.563663, "delta": 0.003035}}
{"target": -17.677187280237966, "params": {"gamma": 886.0233229187656, "log10_alpha": 0.3514296237653678, "log10_colsample_bytree": -0.2775505035150886, "log10_eta": -3.8117953255352384, "log10_lambda": 0.7094511928985048, "log10_min_child_weight": 1.54332350214379, "log10_subsample": -0.9460056772559051, "max_depth": 6.0, "num_boost_round": 8.0}, "datetime": {"datetime": "2024-01-19 00:56:44", "elapsed": 2685.566659, "delta": 0.002996}}
{"target": -17.677174513273997, "params": {"gamma": 886.0233229187656, "log10_alpha": 0.3514296237653678, "log10_colsample_bytree": -0.2775505035150886, "log10_eta": -3.8117953255352384, "log10_lambda": 0.7094511928985048, "log10_min_child_weight": 1.54332350214379, "log10_subsample": -0.9460056772559051, "max_depth": 6.0, "num_boost_round": 9.0}, "datetime": {"datetime": "2024-01-19 00:56:44", "elapsed": 2685.569753, "delta": 0.003094}}
{"target": -17.67716710630208, "params": {"gamma": 886.0233229187656, "log10_alpha": 0.3514296237653678, "log10_colsample_bytree": -0.2775505035150886, "log10_eta": -3.8117953255352384, "log10_lambda": 0.7094511928985048, "log10_min_child_weight": 1.54332350214379, "log10_subsample": -0.9460056772559051, "max_depth": 6.0, "num_boost_round": 10.0}, "datetime": {"datetime": "2024-01-19 00:56:44", "elapsed": 2685.572894, "delta": 0.003141}}
{"target": -17.677159759300196, "params": {"gamma": 886.0233229187656, "log10_alpha": 0.3514296237653678, "log10_colsample_bytree": -0.2775505035150886, "log10_eta": -3.8117953255352384, "log10_lambda": 0.7094511928985048, "log10_min_child_weight": 1.54332350214379, "log10_subsample": -0.9460056772559051, "max_depth": 6.0, "num_boost_round": 11.0}, "datetime": {"datetime": "2024-01-19 00:56:44", "elapsed": 2685.576103, "delta": 0.003209}}
{"target": -17.677158363425157, "params": {"gamma": 886.0233229187656, "log10_alpha": 0.3514296237653678, "log10_colsample_bytree": -0.2775505035150886, "log10_eta": -3.8117953255352384, "log10_lambda": 0.7094511928985048, "log10_min_child_weight": 1.54332350214379, "log10_subsample": -0.9460056772559051, "max_depth": 6.0, "num_boost_round": 12.0}, "datetime": {"datetime": "2024-01-19 00:56:44", "elapsed": 2685.579091, "delta": 0.002988}}
{"target": -17.677154091634602, "params": {"gamma": 886.0233229187656, "log10_alpha": 0.3514296237653678, "log10_colsample_bytree": -0.2775505035150886, "log10_eta": -3.8117953255352384, "log10_lambda": 0.7094511928985048, "log10_min_child_weight": 1.54332350214379, "log10_subsample": -0.9460056772559051, "max_depth": 6.0, "num_boost_round": 13.0}, "datetime": {"datetime": "2024-01-19 00:56:44", "elapsed": 2685.58222, "delta": 0.003129}}
{"target": -17.677150323046142, "params": {"gamma": 886.0233229187656, "log10_alpha": 0.3514296237653678, "log10_colsample_bytree": -0.2775505035150886, "log10_eta": -3.8117953255352384, "log10_lambda": 0.7094511928985048, "log10_min_child_weight": 1.54332350214379, "log10_subsample": -0.9460056772559051, "max_depth": 6.0, "num_boost_round": 14.0}, "datetime": {"datetime": "2024-01-19 00:56:44", "elapsed": 2685.585225, "delta": 0.003005}}
{"target": -17.67712763382983, "params": {"gamma": 887.9648130082097, "log10_alpha": -3.5241217145280546, "log10_colsample_bytree": -0.9374382557825727, "log10_eta": -2.162464658689286, "log10_lambda": -4.937856422927851, "log10_min_child_weight": 0.23022421959499606, "log10_subsample": -0.9804079916509529, "max_depth": 2.0, "num_boost_round": 0.0}, "datetime": {"datetime": "2024-01-19 00:57:23", "elapsed": 2724.645864, "delta": 39.060639}}
{"target": -17.676912681936553, "params": {"gamma": 887.9648130082097, "log10_alpha": -3.5241217145280546, "log10_colsample_bytree": -0.9374382557825727, "log10_eta": -2.162464658689286, "log10_lambda": -4.937856422927851, "log10_min_child_weight": 0.23022421959499606, "log10_subsample": -0.9804079916509529, "max_depth": 2.0, "num_boost_round": 1.0}, "datetime": {"datetime": "2024-01-19 00:57:24", "elapsed": 2724.649873, "delta": 0.004009}}
{"target": -17.676788045501002, "params": {"gamma": 887.9648130082097, "log10_alpha": -3.5241217145280546, "log10_colsample_bytree": -0.9374382557825727, "log10_eta": -2.162464658689286, "log10_lambda": -4.937856422927851, "log10_min_child_weight": 0.23022421959499606, "log10_subsample": -0.9804079916509529, "max_depth": 2.0, "num_boost_round": 2.0}, "datetime": {"datetime": "2024-01-19 00:57:24", "elapsed": 2724.653075, "delta": 0.003202}}
{"target": -17.676834547788825, "params": {"gamma": 887.9648130082097, "log10_alpha": -3.5241217145280546, "log10_colsample_bytree": -0.9374382557825727, "log10_eta": -2.162464658689286, "log10_lambda": -4.937856422927851, "log10_min_child_weight": 0.23022421959499606, "log10_subsample": -0.9804079916509529, "max_depth": 2.0, "num_boost_round": 3.0}, "datetime": {"datetime": "2024-01-19 00:57:24", "elapsed": 2724.656256, "delta": 0.003181}}
{"target": -17.676714222237063, "params": {"gamma": 887.9648130082097, "log10_alpha": -3.5241217145280546, "log10_colsample_bytree": -0.9374382557825727, "log10_eta": -2.162464658689286, "log10_lambda": -4.937856422927851, "log10_min_child_weight": 0.23022421959499606, "log10_subsample": -0.9804079916509529, "max_depth": 2.0, "num_boost_round": 4.0}, "datetime": {"datetime": "2024-01-19 00:57:24", "elapsed": 2724.659289, "delta": 0.003033}}
{"target": -17.67656103009758, "params": {"gamma": 887.9648130082097, "log10_alpha": -3.5241217145280546, "log10_colsample_bytree": -0.9374382557825727, "log10_eta": -2.162464658689286, "log10_lambda": -4.937856422927851, "log10_min_child_weight": 0.23022421959499606, "log10_subsample": -0.9804079916509529, "max_depth": 2.0, "num_boost_round": 5.0}, "datetime": {"datetime": "2024-01-19 00:57:24", "elapsed": 2724.662376, "delta": 0.003087}}
{"target": -17.676543928602054, "params": {"gamma": 887.9648130082097, "log10_alpha": -3.5241217145280546, "log10_colsample_bytree": -0.9374382557825727, "log10_eta": -2.162464658689286, "log10_lambda": -4.937856422927851, "log10_min_child_weight": 0.23022421959499606, "log10_subsample": -0.9804079916509529, "max_depth": 2.0, "num_boost_round": 6.0}, "datetime": {"datetime": "2024-01-19 00:57:24", "elapsed": 2724.665372, "delta": 0.002996}}
{"target": -17.67647679271963, "params": {"gamma": 887.9648130082097, "log10_alpha": -3.5241217145280546, "log10_colsample_bytree": -0.9374382557825727, "log10_eta": -2.162464658689286, "log10_lambda": -4.937856422927851, "log10_min_child_weight": 0.23022421959499606, "log10_subsample": -0.9804079916509529, "max_depth": 2.0, "num_boost_round": 7.0}, "datetime": {"datetime": "2024-01-19 00:57:24", "elapsed": 2724.66838, "delta": 0.003008}}
{"target": -17.676477423730724, "params": {"gamma": 887.9648130082097, "log10_alpha": -3.5241217145280546, "log10_colsample_bytree": -0.9374382557825727, "log10_eta": -2.162464658689286, "log10_lambda": -4.937856422927851, "log10_min_child_weight": 0.23022421959499606, "log10_subsample": -0.9804079916509529, "max_depth": 2.0, "num_boost_round": 8.0}, "datetime": {"datetime": "2024-01-19 00:57:24", "elapsed": 2724.671385, "delta": 0.003005}}
{"target": -17.676303817018752, "params": {"gamma": 887.9648130082097, "log10_alpha": -3.5241217145280546, "log10_colsample_bytree": -0.9374382557825727, "log10_eta": -2.162464658689286, "log10_lambda": -4.937856422927851, "log10_min_child_weight": 0.23022421959499606, "log10_subsample": -0.9804079916509529, "max_depth": 2.0, "num_boost_round": 9.0}, "datetime": {"datetime": "2024-01-19 00:57:24", "elapsed": 2724.674573, "delta": 0.003188}}
{"target": -17.676040037209454, "params": {"gamma": 887.9648130082097, "log10_alpha": -3.5241217145280546, "log10_colsample_bytree": -0.9374382557825727, "log10_eta": -2.162464658689286, "log10_lambda": -4.937856422927851, "log10_min_child_weight": 0.23022421959499606, "log10_subsample": -0.9804079916509529, "max_depth": 2.0, "num_boost_round": 10.0}, "datetime": {"datetime": "2024-01-19 00:57:24", "elapsed": 2724.677815, "delta": 0.003242}}
{"target": -17.676041630279084, "params": {"gamma": 887.9648130082097, "log10_alpha": -3.5241217145280546, "log10_colsample_bytree": -0.9374382557825727, "log10_eta": -2.162464658689286, "log10_lambda": -4.937856422927851, "log10_min_child_weight": 0.23022421959499606, "log10_subsample": -0.9804079916509529, "max_depth": 2.0, "num_boost_round": 11.0}, "datetime": {"datetime": "2024-01-19 00:57:24", "elapsed": 2724.680857, "delta": 0.003042}}
{"target": -17.675905953805096, "params": {"gamma": 887.9648130082097, "log10_alpha": -3.5241217145280546, "log10_colsample_bytree": -0.9374382557825727, "log10_eta": -2.162464658689286, "log10_lambda": -4.937856422927851, "log10_min_child_weight": 0.23022421959499606, "log10_subsample": -0.9804079916509529, "max_depth": 2.0, "num_boost_round": 12.0}, "datetime": {"datetime": "2024-01-19 00:57:24", "elapsed": 2724.683873, "delta": 0.003016}}
{"target": -17.675741674159752, "params": {"gamma": 887.9648130082097, "log10_alpha": -3.5241217145280546, "log10_colsample_bytree": -0.9374382557825727, "log10_eta": -2.162464658689286, "log10_lambda": -4.937856422927851, "log10_min_child_weight": 0.23022421959499606, "log10_subsample": -0.9804079916509529, "max_depth": 2.0, "num_boost_round": 13.0}, "datetime": {"datetime": "2024-01-19 00:57:24", "elapsed": 2724.686843, "delta": 0.00297}}
{"target": -17.675653353750214, "params": {"gamma": 887.9648130082097, "log10_alpha": -3.5241217145280546, "log10_colsample_bytree": -0.9374382557825727, "log10_eta": -2.162464658689286, "log10_lambda": -4.937856422927851, "log10_min_child_weight": 0.23022421959499606, "log10_subsample": -0.9804079916509529, "max_depth": 2.0, "num_boost_round": 14.0}, "datetime": {"datetime": "2024-01-19 00:57:24", "elapsed": 2724.68983, "delta": 0.002987}}
{"target": -17.675549642810545, "params": {"gamma": 887.9648130082097, "log10_alpha": -3.5241217145280546, "log10_colsample_bytree": -0.9374382557825727, "log10_eta": -2.162464658689286, "log10_lambda": -4.937856422927851, "log10_min_child_weight": 0.23022421959499606, "log10_subsample": -0.9804079916509529, "max_depth": 2.0, "num_boost_round": 15.0}, "datetime": {"datetime": "2024-01-19 00:57:24", "elapsed": 2724.69293, "delta": 0.0031}}
{"target": -17.67533726507835, "params": {"gamma": 887.9648130082097, "log10_alpha": -3.5241217145280546, "log10_colsample_bytree": -0.9374382557825727, "log10_eta": -2.162464658689286, "log10_lambda": -4.937856422927851, "log10_min_child_weight": 0.23022421959499606, "log10_subsample": -0.9804079916509529, "max_depth": 2.0, "num_boost_round": 16.0}, "datetime": {"datetime": "2024-01-19 00:57:24", "elapsed": 2724.696015, "delta": 0.003085}}
{"target": -17.675201315764575, "params": {"gamma": 887.9648130082097, "log10_alpha": -3.5241217145280546, "log10_colsample_bytree": -0.9374382557825727, "log10_eta": -2.162464658689286, "log10_lambda": -4.937856422927851, "log10_min_child_weight": 0.23022421959499606, "log10_subsample": -0.9804079916509529, "max_depth": 2.0, "num_boost_round": 17.0}, "datetime": {"datetime": "2024-01-19 00:57:24", "elapsed": 2724.699013, "delta": 0.002998}}
{"target": -17.675051021198193, "params": {"gamma": 887.9648130082097, "log10_alpha": -3.5241217145280546, "log10_colsample_bytree": -0.9374382557825727, "log10_eta": -2.162464658689286, "log10_lambda": -4.937856422927851, "log10_min_child_weight": 0.23022421959499606, "log10_subsample": -0.9804079916509529, "max_depth": 2.0, "num_boost_round": 18.0}, "datetime": {"datetime": "2024-01-19 00:57:24", "elapsed": 2724.702098, "delta": 0.003085}}
{"target": -17.67487998450892, "params": {"gamma": 887.9648130082097, "log10_alpha": -3.5241217145280546, "log10_colsample_bytree": -0.9374382557825727, "log10_eta": -2.162464658689286, "log10_lambda": -4.937856422927851, "log10_min_child_weight": 0.23022421959499606, "log10_subsample": -0.9804079916509529, "max_depth": 2.0, "num_boost_round": 19.0}, "datetime": {"datetime": "2024-01-19 00:57:24", "elapsed": 2724.705128, "delta": 0.00303}}
{"target": -17.67469802837734, "params": {"gamma": 887.9648130082097, "log10_alpha": -3.5241217145280546, "log10_colsample_bytree": -0.9374382557825727, "log10_eta": -2.162464658689286, "log10_lambda": -4.937856422927851, "log10_min_child_weight": 0.23022421959499606, "log10_subsample": -0.9804079916509529, "max_depth": 2.0, "num_boost_round": 20.0}, "datetime": {"datetime": "2024-01-19 00:57:24", "elapsed": 2724.70811, "delta": 0.002982}}
{"target": -17.674465040506558, "params": {"gamma": 887.9648130082097, "log10_alpha": -3.5241217145280546, "log10_colsample_bytree": -0.9374382557825727, "log10_eta": -2.162464658689286, "log10_lambda": -4.937856422927851, "log10_min_child_weight": 0.23022421959499606, "log10_subsample": -0.9804079916509529, "max_depth": 2.0, "num_boost_round": 21.0}, "datetime": {"datetime": "2024-01-19 00:57:24", "elapsed": 2724.711095, "delta": 0.002985}}
{"target": -17.674377284315447, "params": {"gamma": 887.9648130082097, "log10_alpha": -3.5241217145280546, "log10_colsample_bytree": -0.9374382557825727, "log10_eta": -2.162464658689286, "log10_lambda": -4.937856422927851, "log10_min_child_weight": 0.23022421959499606, "log10_subsample": -0.9804079916509529, "max_depth": 2.0, "num_boost_round": 22.0}, "datetime": {"datetime": "2024-01-19 00:57:24", "elapsed": 2724.714192, "delta": 0.003097}}
{"target": -17.67408207027097, "params": {"gamma": 887.9648130082097, "log10_alpha": -3.5241217145280546, "log10_colsample_bytree": -0.9374382557825727, "log10_eta": -2.162464658689286, "log10_lambda": -4.937856422927851, "log10_min_child_weight": 0.23022421959499606, "log10_subsample": -0.9804079916509529, "max_depth": 2.0, "num_boost_round": 23.0}, "datetime": {"datetime": "2024-01-19 00:57:24", "elapsed": 2724.717256, "delta": 0.003064}}
{"target": -17.674081792245182, "params": {"gamma": 887.9648130082097, "log10_alpha": -3.5241217145280546, "log10_colsample_bytree": -0.9374382557825727, "log10_eta": -2.162464658689286, "log10_lambda": -4.937856422927851, "log10_min_child_weight": 0.23022421959499606, "log10_subsample": -0.9804079916509529, "max_depth": 2.0, "num_boost_round": 24.0}, "datetime": {"datetime": "2024-01-19 00:57:24", "elapsed": 2724.720426, "delta": 0.00317}}
{"target": -17.673876261699306, "params": {"gamma": 887.9648130082097, "log10_alpha": -3.5241217145280546, "log10_colsample_bytree": -0.9374382557825727, "log10_eta": -2.162464658689286, "log10_lambda": -4.937856422927851, "log10_min_child_weight": 0.23022421959499606, "log10_subsample": -0.9804079916509529, "max_depth": 2.0, "num_boost_round": 25.0}, "datetime": {"datetime": "2024-01-19 00:57:24", "elapsed": 2724.72358, "delta": 0.003154}}
{"target": -17.67382262061475, "params": {"gamma": 887.9648130082097, "log10_alpha": -3.5241217145280546, "log10_colsample_bytree": -0.9374382557825727, "log10_eta": -2.162464658689286, "log10_lambda": -4.937856422927851, "log10_min_child_weight": 0.23022421959499606, "log10_subsample": -0.9804079916509529, "max_depth": 2.0, "num_boost_round": 26.0}, "datetime": {"datetime": "2024-01-19 00:57:24", "elapsed": 2724.727411, "delta": 0.003831}}
{"target": -17.67374643049341, "params": {"gamma": 887.9648130082097, "log10_alpha": -3.5241217145280546, "log10_colsample_bytree": -0.9374382557825727, "log10_eta": -2.162464658689286, "log10_lambda": -4.937856422927851, "log10_min_child_weight": 0.23022421959499606, "log10_subsample": -0.9804079916509529, "max_depth": 2.0, "num_boost_round": 27.0}, "datetime": {"datetime": "2024-01-19 00:57:24", "elapsed": 2724.730734, "delta": 0.003323}}
{"target": -17.673764363151513, "params": {"gamma": 887.9648130082097, "log10_alpha": -3.5241217145280546, "log10_colsample_bytree": -0.9374382557825727, "log10_eta": -2.162464658689286, "log10_lambda": -4.937856422927851, "log10_min_child_weight": 0.23022421959499606, "log10_subsample": -0.9804079916509529, "max_depth": 2.0, "num_boost_round": 28.0}, "datetime": {"datetime": "2024-01-19 00:57:24", "elapsed": 2724.733863, "delta": 0.003129}}
{"target": -17.67356699636202, "params": {"gamma": 887.9648130082097, "log10_alpha": -3.5241217145280546, "log10_colsample_bytree": -0.9374382557825727, "log10_eta": -2.162464658689286, "log10_lambda": -4.937856422927851, "log10_min_child_weight": 0.23022421959499606, "log10_subsample": -0.9804079916509529, "max_depth": 2.0, "num_boost_round": 29.0}, "datetime": {"datetime": "2024-01-19 00:57:24", "elapsed": 2724.736883, "delta": 0.00302}}
{"target": -17.673482515352855, "params": {"gamma": 887.9648130082097, "log10_alpha": -3.5241217145280546, "log10_colsample_bytree": -0.9374382557825727, "log10_eta": -2.162464658689286, "log10_lambda": -4.937856422927851, "log10_min_child_weight": 0.23022421959499606, "log10_subsample": -0.9804079916509529, "max_depth": 2.0, "num_boost_round": 30.0}, "datetime": {"datetime": "2024-01-19 00:57:24", "elapsed": 2724.739906, "delta": 0.003023}}
{"target": -17.673399204035988, "params": {"gamma": 887.9648130082097, "log10_alpha": -3.5241217145280546, "log10_colsample_bytree": -0.9374382557825727, "log10_eta": -2.162464658689286, "log10_lambda": -4.937856422927851, "log10_min_child_weight": 0.23022421959499606, "log10_subsample": -0.9804079916509529, "max_depth": 2.0, "num_boost_round": 31.0}, "datetime": {"datetime": "2024-01-19 00:57:24", "elapsed": 2724.742917, "delta": 0.003011}}
{"target": -17.673313681441083, "params": {"gamma": 887.9648130082097, "log10_alpha": -3.5241217145280546, "log10_colsample_bytree": -0.9374382557825727, "log10_eta": -2.162464658689286, "log10_lambda": -4.937856422927851, "log10_min_child_weight": 0.23022421959499606, "log10_subsample": -0.9804079916509529, "max_depth": 2.0, "num_boost_round": 32.0}, "datetime": {"datetime": "2024-01-19 00:57:24", "elapsed": 2724.745934, "delta": 0.003017}}
{"target": -17.673080061576336, "params": {"gamma": 887.9648130082097, "log10_alpha": -3.5241217145280546, "log10_colsample_bytree": -0.9374382557825727, "log10_eta": -2.162464658689286, "log10_lambda": -4.937856422927851, "log10_min_child_weight": 0.23022421959499606, "log10_subsample": -0.9804079916509529, "max_depth": 2.0, "num_boost_round": 33.0}, "datetime": {"datetime": "2024-01-19 00:57:24", "elapsed": 2724.748956, "delta": 0.003022}}
{"target": -17.672871702407306, "params": {"gamma": 887.9648130082097, "log10_alpha": -3.5241217145280546, "log10_colsample_bytree": -0.9374382557825727, "log10_eta": -2.162464658689286, "log10_lambda": -4.937856422927851, "log10_min_child_weight": 0.23022421959499606, "log10_subsample": -0.9804079916509529, "max_depth": 2.0, "num_boost_round": 34.0}, "datetime": {"datetime": "2024-01-19 00:57:24", "elapsed": 2724.751991, "delta": 0.003035}}
