{"target": -17.677200709011352, "params": {"gamma": 970.0098874691986, "log10_alpha": -0.9846561116636785, "log10_colsample_bytree": -0.6420012249562719, "log10_eta": -3.943639942534633, "log10_lambda": -1.12298952890343, "log10_min_child_weight": 4.26176207995292, "log10_subsample": -0.0777198911561382, "max_depth": 8.0, "num_boost_round": 16.0}, "datetime": {"datetime": "2024-01-19 01:06:36", "elapsed": 3290.086025, "delta": 0.003533}}
{"target": -17.677201279279195, "params": {"gamma": 970.0098874691986, "log10_alpha": -0.9846561116636785, "log10_colsample_bytree": -0.6420012249562719, "log10_eta": -3.943639942534633, "log10_lambda": -1.12298952890343, "log10_min_child_weight": 4.26176207995292, "log10_subsample": -0.0777198911561382, "max_depth": 8.0, "num_boost_round": 17.0}, "datetime": {"datetime": "2024-01-19 01:06:36", "elapsed": 3290.089489, "delta": 0.003464}}
{"target": -17.677199481302843, "params": {"gamma": 970.0098874691986, "log10_alpha": -0.9846561116636785, "log10_colsample_bytree": -0.6420012249562719, "log10_eta": -3.943639942534633, "log10_lambda": -1.12298952890343, "log10_min_child_weight": 4.26176207995292, "log10_subsample": -0.0777198911561382, "max_depth": 8.0, "num_boost_round": 18.0}, "datetime": {"datetime": "2024-01-19 01:06:36", "elapsed": 3290.093048, "delta": 0.003559}}
{"target": -17.677195095380508, "params": {"gamma": 970.0098874691986, "log10_alpha": -0.9846561116636785, "log10_colsample_bytree": -0.6420012249562719, "log10_eta": -3.943639942534633, "log10_lambda": -1.12298952890343, "log10_min_child_weight": 4.26176207995292, "log10_subsample": -0.0777198911561382, "max_depth": 8.0, "num_boost_round": 19.0}, "datetime": {"datetime": "2024-01-19 01:06:36", "elapsed": 3290.096567, "delta": 0.003519}}
{"target": -17.677192847020684, "params": {"gamma": 970.0098874691986, "log10_alpha": -0.9846561116636785, "log10_colsample_bytree": -0.6420012249562719, "log10_eta": -3.943639942534633, "log10_lambda": -1.12298952890343, "log10_min_child_weight": 4.26176207995292, "log10_subsample": -0.0777198911561382, "max_depth": 8.0, "num_boost_round": 20.0}, "datetime": {"datetime": "2024-01-19 01:06:36", "elapsed": 3290.100108, "delta": 0.003541}}
{"target": -17.677189280905115, "params": {"gamma": 970.0098874691986, "log10_alpha": -0.9846561116636785, "log10_colsample_bytree": -0.6420012249562719, "log10_eta": -3.943639942534633, "log10_lambda": -1.12298952890343, "log10_min_child_weight": 4.26176207995292, "log10_subsample": -0.0777198911561382, "max_depth": 8.0, "num_boost_round": 21.0}, "datetime": {"datetime": "2024-01-19 01:06:36", "elapsed": 3290.103658, "delta": 0.00355}}
{"target": -17.67718188529153, "params": {"gamma": 970.0098874691986, "log10_alpha": -0.9846561116636785, "log10_colsample_bytree": -0.6420012249562719, "log10_eta": -3.943639942534633, "log10_lambda": -1.12298952890343, "log10_min_child_weight": 4.26176207995292, "log10_subsample": -0.0777198911561382, "max_depth": 8.0, "num_boost_round": 22.0}, "datetime": {"datetime": "2024-01-19 01:06:36", "elapsed": 3290.107152, "delta": 0.003494}}
{"target": -17.67718044523275, "params": {"gamma": 970.0098874691986, "log10_alpha": -0.9846561116636785, "log10_colsample_bytree": -0.6420012249562719, "log10_eta": -3.943639942534633, "log10_lambda": -1.12298952890343, "log10_min_child_weight": 4.26176207995292, "log10_subsample": -0.0777198911561382, "max_depth": 8.0, "num_boost_round": 23.0}, "datetime": {"datetime": "2024-01-19 01:06:36", "elapsed": 3290.110864, "delta": 0.003712}}
{"target": -17.677226556175345, "params": {"gamma": 974.9066807414694, "log10_alpha": -1.7608899431476286, "log10_colsample_bytree": -0.051666062714560285, "log10_eta": -4.0, "log10_lambda": -0.48343214408849455, "log10_min_child_weight": 0.2824089375238562, "log10_subsample": 0.0, "max_depth": 5.0, "num_boost_round": 0.0}, "datetime": {"datetime": "2024-01-19 01:07:28", "elapsed": 3341.881319, "delta": 51.770455}}
{"target": -17.67721976002595, "params": {"gamma": 974.9066807414694, "log10_alpha": -1.7608899431476286, "log10_colsample_bytree": -0.051666062714560285, "log10_eta": -4.0, "log10_lambda": -0.48343214408849455, "log10_min_child_weight": 0.2824089375238562, "log10_subsample": 0.0, "max_depth": 5.0, "num_boost_round": 1.0}, "datetime": {"datetime": "2024-01-19 01:07:28", "elapsed": 3341.885782, "delta": 0.004463}}
{"target": -17.67721294265302, "params": {"gamma": 974.9066807414694, "log10_alpha": -1.7608899431476286, "log10_colsample_bytree": -0.051666062714560285, "log10_eta": -4.0, "log10_lambda": -0.48343214408849455, "log10_min_child_weight": 0.2824089375238562, "log10_subsample": 0.0, "max_depth": 5.0, "num_boost_round": 2.0}, "datetime": {"datetime": "2024-01-19 01:07:28", "elapsed": 3341.889426, "delta": 0.003644}}
{"target": -17.677207442215035, "params": {"gamma": 974.9066807414694, "log10_alpha": -1.7608899431476286, "log10_colsample_bytree": -0.051666062714560285, "log10_eta": -4.0, "log10_lambda": -0.48343214408849455, "log10_min_child_weight": 0.2824089375238562, "log10_subsample": 0.0, "max_depth": 5.0, "num_boost_round": 3.0}, "datetime": {"datetime": "2024-01-19 01:07:28", "elapsed": 3341.893041, "delta": 0.003615}}
{"target": -17.677199571254967, "params": {"gamma": 974.9066807414694, "log10_alpha": -1.7608899431476286, "log10_colsample_bytree": -0.051666062714560285, "log10_eta": -4.0, "log10_lambda": -0.48343214408849455, "log10_min_child_weight": 0.2824089375238562, "log10_subsample": 0.0, "max_depth": 5.0, "num_boost_round": 4.0}, "datetime": {"datetime": "2024-01-19 01:07:28", "elapsed": 3341.896597, "delta": 0.003556}}
{"target": -17.677193283379037, "params": {"gamma": 974.9066807414694, "log10_alpha": -1.7608899431476286, "log10_colsample_bytree": -0.051666062714560285, "log10_eta": -4.0, "log10_lambda": -0.48343214408849455, "log10_min_child_weight": 0.2824089375238562, "log10_subsample": 0.0, "max_depth": 5.0, "num_boost_round": 5.0}, "datetime": {"datetime": "2024-01-19 01:07:28", "elapsed": 3341.900051, "delta": 0.003454}}
{"target": -17.6771856723239, "params": {"gamma": 974.9066807414694, "log10_alpha": -1.7608899431476286, "log10_colsample_bytree": -0.051666062714560285, "log10_eta": -4.0, "log10_lambda": -0.48343214408849455, "log10_min_child_weight": 0.2824089375238562, "log10_subsample": 0.0, "max_depth": 5.0, "num_boost_round": 6.0}, "datetime": {"datetime": "2024-01-19 01:07:28", "elapsed": 3341.9036, "delta": 0.003549}}
{"target": -17.67717943665358, "params": {"gamma": 974.9066807414694, "log10_alpha": -1.7608899431476286, "log10_colsample_bytree": -0.051666062714560285, "log10_eta": -4.0, "log10_lambda": -0.48343214408849455, "log10_min_child_weight": 0.2824089375238562, "log10_subsample": 0.0, "max_depth": 5.0, "num_boost_round": 7.0}, "datetime": {"datetime": "2024-01-19 01:07:28", "elapsed": 3341.907054, "delta": 0.003454}}
{"target": -17.67717201921639, "params": {"gamma": 974.9066807414694, "log10_alpha": -1.7608899431476286, "log10_colsample_bytree": -0.051666062714560285, "log10_eta": -4.0, "log10_lambda": -0.48343214408849455, "log10_min_child_weight": 0.2824089375238562, "log10_subsample": 0.0, "max_depth": 5.0, "num_boost_round": 8.0}, "datetime": {"datetime": "2024-01-19 01:07:28", "elapsed": 3341.910658, "delta": 0.003604}}
{"target": -17.67716757294892, "params": {"gamma": 974.9066807414694, "log10_alpha": -1.7608899431476286, "log10_colsample_bytree": -0.051666062714560285, "log10_eta": -4.0, "log10_lambda": -0.48343214408849455, "log10_min_child_weight": 0.2824089375238562, "log10_subsample": 0.0, "max_depth": 5.0, "num_boost_round": 9.0}, "datetime": {"datetime": "2024-01-19 01:07:28", "elapsed": 3341.914265, "delta": 0.003607}}
{"target": -17.677161271616356, "params": {"gamma": 974.9066807414694, "log10_alpha": -1.7608899431476286, "log10_colsample_bytree": -0.051666062714560285, "log10_eta": -4.0, "log10_lambda": -0.48343214408849455, "log10_min_child_weight": 0.2824089375238562, "log10_subsample": 0.0, "max_depth": 5.0, "num_boost_round": 10.0}, "datetime": {"datetime": "2024-01-19 01:07:28", "elapsed": 3341.917883, "delta": 0.003618}}
{"target": -17.677155198085558, "params": {"gamma": 974.9066807414694, "log10_alpha": -1.7608899431476286, "log10_colsample_bytree": -0.051666062714560285, "log10_eta": -4.0, "log10_lambda": -0.48343214408849455, "log10_min_child_weight": 0.2824089375238562, "log10_subsample": 0.0, "max_depth": 5.0, "num_boost_round": 11.0}, "datetime": {"datetime": "2024-01-19 01:07:28", "elapsed": 3341.921392, "delta": 0.003509}}
{"target": -17.6771486487116, "params": {"gamma": 974.9066807414694, "log10_alpha": -1.7608899431476286, "log10_colsample_bytree": -0.051666062714560285, "log10_eta": -4.0, "log10_lambda": -0.48343214408849455, "log10_min_child_weight": 0.2824089375238562, "log10_subsample": 0.0, "max_depth": 5.0, "num_boost_round": 12.0}, "datetime": {"datetime": "2024-01-19 01:07:28", "elapsed": 3341.924981, "delta": 0.003589}}
{"target": -17.677141712711936, "params": {"gamma": 974.9066807414694, "log10_alpha": -1.7608899431476286, "log10_colsample_bytree": -0.051666062714560285, "log10_eta": -4.0, "log10_lambda": -0.48343214408849455, "log10_min_child_weight": 0.2824089375238562, "log10_subsample": 0.0, "max_depth": 5.0, "num_boost_round": 13.0}, "datetime": {"datetime": "2024-01-19 01:07:28", "elapsed": 3341.928449, "delta": 0.003468}}
{"target": -17.677135319403444, "params": {"gamma": 974.9066807414694, "log10_alpha": -1.7608899431476286, "log10_colsample_bytree": -0.051666062714560285, "log10_eta": -4.0, "log10_lambda": -0.48343214408849455, "log10_min_child_weight": 0.2824089375238562, "log10_subsample": 0.0, "max_depth": 5.0, "num_boost_round": 14.0}, "datetime": {"datetime": "2024-01-19 01:07:28", "elapsed": 3341.932072, "delta": 0.003623}}
{"target": -17.67712845485216, "params": {"gamma": 974.9066807414694, "log10_alpha": -1.7608899431476286, "log10_colsample_bytree": -0.051666062714560285, "log10_eta": -4.0, "log10_lambda": -0.48343214408849455, "log10_min_child_weight": 0.2824089375238562, "log10_subsample": 0.0, "max_depth": 5.0, "num_boost_round": 15.0}, "datetime": {"datetime": "2024-01-19 01:07:28", "elapsed": 3341.935564, "delta": 0.003492}}
{"target": -17.677119132935807, "params": {"gamma": 974.9066807414694, "log10_alpha": -1.7608899431476286, "log10_colsample_bytree": -0.051666062714560285, "log10_eta": -4.0, "log10_lambda": -0.48343214408849455, "log10_min_child_weight": 0.2824089375238562, "log10_subsample": 0.0, "max_depth": 5.0, "num_boost_round": 16.0}, "datetime": {"datetime": "2024-01-19 01:07:28", "elapsed": 3341.939164, "delta": 0.0036}}
{"target": -17.677114548464484, "params": {"gamma": 974.9066807414694, "log10_alpha": -1.7608899431476286, "log10_colsample_bytree": -0.051666062714560285, "log10_eta": -4.0, "log10_lambda": -0.48343214408849455, "log10_min_child_weight": 0.2824089375238562, "log10_subsample": 0.0, "max_depth": 5.0, "num_boost_round": 17.0}, "datetime": {"datetime": "2024-01-19 01:07:28", "elapsed": 3341.94272, "delta": 0.003556}}
{"target": -17.677110120630065, "params": {"gamma": 974.9066807414694, "log10_alpha": -1.7608899431476286, "log10_colsample_bytree": -0.051666062714560285, "log10_eta": -4.0, "log10_lambda": -0.48343214408849455, "log10_min_child_weight": 0.2824089375238562, "log10_subsample": 0.0, "max_depth": 5.0, "num_boost_round": 18.0}, "datetime": {"datetime": "2024-01-19 01:07:28", "elapsed": 3341.946268, "delta": 0.003548}}
{"target": -17.67710671990788, "params": {"gamma": 974.9066807414694, "log10_alpha": -1.7608899431476286, "log10_colsample_bytree": -0.051666062714560285, "log10_eta": -4.0, "log10_lambda": -0.48343214408849455, "log10_min_child_weight": 0.2824089375238562, "log10_subsample": 0.0, "max_depth": 5.0, "num_boost_round": 19.0}, "datetime": {"datetime": "2024-01-19 01:07:28", "elapsed": 3341.949767, "delta": 0.003499}}
{"target": -17.677100013816073, "params": {"gamma": 974.9066807414694, "log10_alpha": -1.7608899431476286, "log10_colsample_bytree": -0.051666062714560285, "log10_eta": -4.0, "log10_lambda": -0.48343214408849455, "log10_min_child_weight": 0.2824089375238562, "log10_subsample": 0.0, "max_depth": 5.0, "num_boost_round": 20.0}, "datetime": {"datetime": "2024-01-19 01:07:28", "elapsed": 3341.953432, "delta": 0.003665}}
{"target": -17.677094117983938, "params": {"gamma": 974.9066807414694, "log10_alpha": -1.7608899431476286, "log10_colsample_bytree": -0.051666062714560285, "log10_eta": -4.0, "log10_lambda": -0.48343214408849455, "log10_min_child_weight": 0.2824089375238562, "log10_subsample": 0.0, "max_depth": 5.0, "num_boost_round": 21.0}, "datetime": {"datetime": "2024-01-19 01:07:28", "elapsed": 3341.956921, "delta": 0.003489}}
{"target": -17.677087840781823, "params": {"gamma": 974.9066807414694, "log10_alpha": -1.7608899431476286, "log10_colsample_bytree": -0.051666062714560285, "log10_eta": -4.0, "log10_lambda": -0.48343214408849455, "log10_min_child_weight": 0.2824089375238562, "log10_subsample": 0.0, "max_depth": 5.0, "num_boost_round": 22.0}, "datetime": {"datetime": "2024-01-19 01:07:28", "elapsed": 3341.960427, "delta": 0.003506}}
{"target": -17.677085516041537, "params": {"gamma": 974.9066807414694, "log10_alpha": -1.7608899431476286, "log10_colsample_bytree": -0.051666062714560285, "log10_eta": -4.0, "log10_lambda": -0.48343214408849455, "log10_min_child_weight": 0.2824089375238562, "log10_subsample": 0.0, "max_depth": 5.0, "num_boost_round": 23.0}, "datetime": {"datetime": "2024-01-19 01:07:28", "elapsed": 3341.964091, "delta": 0.003664}}
{"target": -17.67721401485232, "params": {"gamma": 972.3472554946766, "log10_alpha": 0.31592356569781366, "log10_colsample_bytree": -0.3701409998911961, "log10_eta": -3.279895707478491, "log10_lambda": 0.6807210584980457, "log10_min_child_weight": 0.9802002719586311, "log10_subsample": -0.1955669827912777, "max_depth": 7.0, "num_boost_round": 0.0}, "datetime": {"datetime": "2024-01-19 01:08:14", "elapsed": 3388.032767, "delta": 46.068676}}
{"target": -17.677175423315205, "params": {"gamma": 972.3472554946766, "log10_alpha": 0.31592356569781366, "log10_colsample_bytree": -0.3701409998911961, "log10_eta": -3.279895707478491, "log10_lambda": 0.6807210584980457, "log10_min_child_weight": 0.9802002719586311, "log10_subsample": -0.1955669827912777, "max_depth": 7.0, "num_boost_round": 1.0}, "datetime": {"datetime": "2024-01-19 01:08:14", "elapsed": 3388.037665, "delta": 0.004898}}
{"target": -17.677149002705303, "params": {"gamma": 972.3472554946766, "log10_alpha": 0.31592356569781366, "log10_colsample_bytree": -0.3701409998911961, "log10_eta": -3.279895707478491, "log10_lambda": 0.6807210584980457, "log10_min_child_weight": 0.9802002719586311, "log10_subsample": -0.1955669827912777, "max_depth": 7.0, "num_boost_round": 2.0}, "datetime": {"datetime": "2024-01-19 01:08:14", "elapsed": 3388.158034, "delta": 0.120369}}
{"target": -17.677142097295086, "params": {"gamma": 972.3472554946766, "log10_alpha": 0.31592356569781366, "log10_colsample_bytree": -0.3701409998911961, "log10_eta": -3.279895707478491, "log10_lambda": 0.6807210584980457, "log10_min_child_weight": 0.9802002719586311, "log10_subsample": -0.1955669827912777, "max_depth": 7.0, "num_boost_round": 3.0}, "datetime": {"datetime": "2024-01-19 01:08:14", "elapsed": 3388.162351, "delta": 0.004317}}
{"target": -17.677083586478727, "params": {"gamma": 972.3472554946766, "log10_alpha": 0.31592356569781366, "log10_colsample_bytree": -0.3701409998911961, "log10_eta": -3.279895707478491, "log10_lambda": 0.6807210584980457, "log10_min_child_weight": 0.9802002719586311, "log10_subsample": -0.1955669827912777, "max_depth": 7.0, "num_boost_round": 4.0}, "datetime": {"datetime": "2024-01-19 01:08:14", "elapsed": 3388.166322, "delta": 0.003971}}
{"target": -17.677071300730987, "params": {"gamma": 972.3472554946766, "log10_alpha": 0.31592356569781366, "log10_colsample_bytree": -0.3701409998911961, "log10_eta": -3.279895707478491, "log10_lambda": 0.6807210584980457, "log10_min_child_weight": 0.9802002719586311, "log10_subsample": -0.1955669827912777, "max_depth": 7.0, "num_boost_round": 5.0}, "datetime": {"datetime": "2024-01-19 01:08:14", "elapsed": 3388.170046, "delta": 0.003724}}
{"target": -17.677063105130316, "params": {"gamma": 972.3472554946766, "log10_alpha": 0.31592356569781366, "log10_colsample_bytree": -0.3701409998911961, "log10_eta": -3.279895707478491, "log10_lambda": 0.6807210584980457, "log10_min_child_weight": 0.9802002719586311, "log10_subsample": -0.1955669827912777, "max_depth": 7.0, "num_boost_round": 6.0}, "datetime": {"datetime": "2024-01-19 01:08:14", "elapsed": 3388.17367, "delta": 0.003624}}
{"target": -17.677061714470767, "params": {"gamma": 972.3472554946766, "log10_alpha": 0.31592356569781366, "log10_colsample_bytree": -0.3701409998911961, "log10_eta": -3.279895707478491, "log10_lambda": 0.6807210584980457, "log10_min_child_weight": 0.9802002719586311, "log10_subsample": -0.1955669827912777, "max_depth": 7.0, "num_boost_round": 7.0}, "datetime": {"datetime": "2024-01-19 01:08:14", "elapsed": 3388.177262, "delta": 0.003592}}
{"target": -17.677031017867616, "params": {"gamma": 972.3472554946766, "log10_alpha": 0.31592356569781366, "log10_colsample_bytree": -0.3701409998911961, "log10_eta": -3.279895707478491, "log10_lambda": 0.6807210584980457, "log10_min_child_weight": 0.9802002719586311, "log10_subsample": -0.1955669827912777, "max_depth": 7.0, "num_boost_round": 8.0}, "datetime": {"datetime": "2024-01-19 01:08:14", "elapsed": 3388.180868, "delta": 0.003606}}
{"target": -17.676993629788925, "params": {"gamma": 972.3472554946766, "log10_alpha": 0.31592356569781366, "log10_colsample_bytree": -0.3701409998911961, "log10_eta": -3.279895707478491, "log10_lambda": 0.6807210584980457, "log10_min_child_weight": 0.9802002719586311, "log10_subsample": -0.1955669827912777, "max_depth": 7.0, "num_boost_round": 9.0}, "datetime": {"datetime": "2024-01-19 01:08:14", "elapsed": 3388.184578, "delta": 0.00371}}
{"target": -17.676963180263765, "params": {"gamma": 972.3472554946766, "log10_alpha": 0.31592356569781366, "log10_colsample_bytree": -0.3701409998911961, "log10_eta": -3.279895707478491, "log10_lambda": 0.6807210584980457, "log10_min_child_weight": 0.9802002719586311, "log10_subsample": -0.1955669827912777, "max_depth": 7.0, "num_boost_round": 10.0}, "datetime": {"datetime": "2024-01-19 01:08:14", "elapsed": 3388.188228, "delta": 0.00365}}
{"target": -17.67692724435888, "params": {"gamma": 972.3472554946766, "log10_alpha": 0.31592356569781366, "log10_colsample_bytree": -0.3701409998911961, "log10_eta": -3.279895707478491, "log10_lambda": 0.6807210584980457, "log10_min_child_weight": 0.9802002719586311, "log10_subsample": -0.1955669827912777, "max_depth": 7.0, "num_boost_round": 11.0}, "datetime": {"datetime": "2024-01-19 01:08:14", "elapsed": 3388.191871, "delta": 0.003643}}
{"target": -17.67692088194547, "params": {"gamma": 972.3472554946766, "log10_alpha": 0.31592356569781366, "log10_colsample_bytree": -0.3701409998911961, "log10_eta": -3.279895707478491, "log10_lambda": 0.6807210584980457, "log10_min_child_weight": 0.9802002719586311, "log10_subsample": -0.1955669827912777, "max_depth": 7.0, "num_boost_round": 12.0}, "datetime": {"datetime": "2024-01-19 01:08:14", "elapsed": 3388.195623, "delta": 0.003752}}
{"target": -17.676869278802773, "params": {"gamma": 972.3472554946766, "log10_alpha": 0.31592356569781366, "log10_colsample_bytree": -0.3701409998911961, "log10_eta": -3.279895707478491, "log10_lambda": 0.6807210584980457, "log10_min_child_weight": 0.9802002719586311, "log10_subsample": -0.1955669827912777, "max_depth": 7.0, "num_boost_round": 13.0}, "datetime": {"datetime": "2024-01-19 01:08:14", "elapsed": 3388.199279, "delta": 0.003656}}
{"target": -17.676892306832325, "params": {"gamma": 972.3472554946766, "log10_alpha": 0.31592356569781366, "log10_colsample_bytree": -0.3701409998911961, "log10_eta": -3.279895707478491, "log10_lambda": 0.6807210584980457, "log10_min_child_weight": 0.9802002719586311, "log10_subsample": -0.1955669827912777, "max_depth": 7.0, "num_boost_round": 14.0}, "datetime": {"datetime": "2024-01-19 01:08:14", "elapsed": 3388.20312, "delta": 0.003841}}
{"target": -17.67690580931033, "params": {"gamma": 972.3472554946766, "log10_alpha": 0.31592356569781366, "log10_colsample_bytree": -0.3701409998911961, "log10_eta": -3.279895707478491, "log10_lambda": 0.6807210584980457, "log10_min_child_weight": 0.9802002719586311, "log10_subsample": -0.1955669827912777, "max_depth": 7.0, "num_boost_round": 15.0}, "datetime": {"datetime": "2024-01-19 01:08:14", "elapsed": 3388.206758, "delta": 0.003638}}
{"target": -17.676874923446302, "params": {"gamma": 972.3472554946766, "log10_alpha": 0.31592356569781366, "log10_colsample_bytree": -0.3701409998911961, "log10_eta": -3.279895707478491, "log10_lambda": 0.6807210584980457, "log10_min_child_weight": 0.9802002719586311, "log10_subsample": -0.1955669827912777, "max_depth": 7.0, "num_boost_round": 16.0}, "datetime": {"datetime": "2024-01-19 01:08:14", "elapsed": 3388.210496, "delta": 0.003738}}
{"target": -17.676904394941698, "params": {"gamma": 972.3472554946766, "log10_alpha": 0.31592356569781366, "log10_colsample_bytree": -0.3701409998911961, "log10_eta": -3.279895707478491, "log10_lambda": 0.6807210584980457, "log10_min_child_weight": 0.9802002719586311, "log10_subsample": -0.1955669827912777, "max_depth": 7.0, "num_boost_round": 17.0}, "datetime": {"datetime": "2024-01-19 01:08:14", "elapsed": 3388.214126, "delta": 0.00363}}
{"target": -17.67687859010464, "params": {"gamma": 972.3472554946766, "log10_alpha": 0.31592356569781366, "log10_colsample_bytree": -0.3701409998911961, "log10_eta": -3.279895707478491, "log10_lambda": 0.6807210584980457, "log10_min_child_weight": 0.9802002719586311, "log10_subsample": -0.1955669827912777, "max_depth": 7.0, "num_boost_round": 18.0}, "datetime": {"datetime": "2024-01-19 01:08:14", "elapsed": 3388.217807, "delta": 0.003681}}
