{"target": -13.758472372541595, "params": {"gamma": 867.3502088854572, "log10_alpha": -4.503143504608414, "log10_colsample_bytree": -0.5625836360881085, "log10_eta": -2.9000272302997394, "log10_lambda": -1.9290262684741633, "log10_min_child_weight": 4.7444201857707, "log10_subsample": -0.9466028810139829, "max_depth": 5.0, "num_boost_round": 21.0}, "datetime": {"datetime": "2024-01-19 00:19:13", "elapsed": 473.86706, "delta": 0.000837}}
{"target": -13.758466578884253, "params": {"gamma": 868.5977392615506, "log10_alpha": -3.555565307904711, "log10_colsample_bytree": -0.4922588067220752, "log10_eta": -1.707590363039547, "log10_lambda": -0.9175538687306721, "log10_min_child_weight": 4.712930009655904, "log10_subsample": -0.33076136314337434, "max_depth": 8.0, "num_boost_round": 0.0}, "datetime": {"datetime": "2024-01-19 00:19:37", "elapsed": 497.202248, "delta": 23.335188}}
{"target": -13.758437226840707, "params": {"gamma": 868.5977392615506, "log10_alpha": -3.555565307904711, "log10_colsample_bytree": -0.4922588067220752, "log10_eta": -1.707590363039547, "log10_lambda": -0.9175538687306721, "log10_min_child_weight": 4.712930009655904, "log10_subsample": -0.33076136314337434, "max_depth": 8.0, "num_boost_round": 1.0}, "datetime": {"datetime": "2024-01-19 00:19:37", "elapsed": 497.203748, "delta": 0.0015}}
{"target": -13.758428245619402, "params": {"gamma": 868.5977392615506, "log10_alpha": -3.555565307904711, "log10_colsample_bytree": -0.4922588067220752, "log10_eta": -1.707590363039547, "log10_lambda": -0.9175538687306721, "log10_min_child_weight": 4.712930009655904, "log10_subsample": -0.33076136314337434, "max_depth": 8.0, "num_boost_round": 2.0}, "datetime": {"datetime": "2024-01-19 00:19:37", "elapsed": 497.20474, "delta": 0.000992}}
{"target": -13.75844007521209, "params": {"gamma": 868.5977392615506, "log10_alpha": -3.555565307904711, "log10_colsample_bytree": -0.4922588067220752, "log10_eta": -1.707590363039547, "log10_lambda": -0.9175538687306721, "log10_min_child_weight": 4.712930009655904, "log10_subsample": -0.33076136314337434, "max_depth": 8.0, "num_boost_round": 3.0}, "datetime": {"datetime": "2024-01-19 00:19:37", "elapsed": 497.205778, "delta": 0.001038}}
{"target": -13.758441765992124, "params": {"gamma": 868.5977392615506, "log10_alpha": -3.555565307904711, "log10_colsample_bytree": -0.4922588067220752, "log10_eta": -1.707590363039547, "log10_lambda": -0.9175538687306721, "log10_min_child_weight": 4.712930009655904, "log10_subsample": -0.33076136314337434, "max_depth": 8.0, "num_boost_round": 4.0}, "datetime": {"datetime": "2024-01-19 00:19:37", "elapsed": 497.206664, "delta": 0.000886}}
{"target": -13.75851888070679, "params": {"gamma": 868.5977392615506, "log10_alpha": -3.555565307904711, "log10_colsample_bytree": -0.4922588067220752, "log10_eta": -1.707590363039547, "log10_lambda": -0.9175538687306721, "log10_min_child_weight": 4.712930009655904, "log10_subsample": -0.33076136314337434, "max_depth": 8.0, "num_boost_round": 5.0}, "datetime": {"datetime": "2024-01-19 00:19:37", "elapsed": 497.20755, "delta": 0.000886}}
{"target": -13.758519905617735, "params": {"gamma": 868.5977392615506, "log10_alpha": -3.555565307904711, "log10_colsample_bytree": -0.4922588067220752, "log10_eta": -1.707590363039547, "log10_lambda": -0.9175538687306721, "log10_min_child_weight": 4.712930009655904, "log10_subsample": -0.33076136314337434, "max_depth": 8.0, "num_boost_round": 6.0}, "datetime": {"datetime": "2024-01-19 00:19:37", "elapsed": 497.208736, "delta": 0.001186}}
{"target": -13.758502331472322, "params": {"gamma": 868.5977392615506, "log10_alpha": -3.555565307904711, "log10_colsample_bytree": -0.4922588067220752, "log10_eta": -1.707590363039547, "log10_lambda": -0.9175538687306721, "log10_min_child_weight": 4.712930009655904, "log10_subsample": -0.33076136314337434, "max_depth": 8.0, "num_boost_round": 7.0}, "datetime": {"datetime": "2024-01-19 00:19:37", "elapsed": 497.209659, "delta": 0.000923}}
{"target": -13.758441547316517, "params": {"gamma": 868.5977392615506, "log10_alpha": -3.555565307904711, "log10_colsample_bytree": -0.4922588067220752, "log10_eta": -1.707590363039547, "log10_lambda": -0.9175538687306721, "log10_min_child_weight": 4.712930009655904, "log10_subsample": -0.33076136314337434, "max_depth": 8.0, "num_boost_round": 8.0}, "datetime": {"datetime": "2024-01-19 00:19:37", "elapsed": 497.2106, "delta": 0.000941}}
{"target": -13.758443301403716, "params": {"gamma": 868.5977392615506, "log10_alpha": -3.555565307904711, "log10_colsample_bytree": -0.4922588067220752, "log10_eta": -1.707590363039547, "log10_lambda": -0.9175538687306721, "log10_min_child_weight": 4.712930009655904, "log10_subsample": -0.33076136314337434, "max_depth": 8.0, "num_boost_round": 9.0}, "datetime": {"datetime": "2024-01-19 00:19:37", "elapsed": 497.211516, "delta": 0.000916}}
{"target": -13.75837817419038, "params": {"gamma": 868.5977392615506, "log10_alpha": -3.555565307904711, "log10_colsample_bytree": -0.4922588067220752, "log10_eta": -1.707590363039547, "log10_lambda": -0.9175538687306721, "log10_min_child_weight": 4.712930009655904, "log10_subsample": -0.33076136314337434, "max_depth": 8.0, "num_boost_round": 10.0}, "datetime": {"datetime": "2024-01-19 00:19:37", "elapsed": 497.212422, "delta": 0.000906}}
{"target": -13.758333642833348, "params": {"gamma": 868.5977392615506, "log10_alpha": -3.555565307904711, "log10_colsample_bytree": -0.4922588067220752, "log10_eta": -1.707590363039547, "log10_lambda": -0.9175538687306721, "log10_min_child_weight": 4.712930009655904, "log10_subsample": -0.33076136314337434, "max_depth": 8.0, "num_boost_round": 11.0}, "datetime": {"datetime": "2024-01-19 00:19:37", "elapsed": 497.213401, "delta": 0.000979}}
{"target": -13.758468134849835, "params": {"gamma": 868.5977392615506, "log10_alpha": -3.555565307904711, "log10_colsample_bytree": -0.4922588067220752, "log10_eta": -1.707590363039547, "log10_lambda": -0.9175538687306721, "log10_min_child_weight": 4.712930009655904, "log10_subsample": -0.33076136314337434, "max_depth": 8.0, "num_boost_round": 12.0}, "datetime": {"datetime": "2024-01-19 00:19:37", "elapsed": 497.214301, "delta": 0.0009}}
{"target": -13.758558314794556, "params": {"gamma": 868.5977392615506, "log10_alpha": -3.555565307904711, "log10_colsample_bytree": -0.4922588067220752, "log10_eta": -1.707590363039547, "log10_lambda": -0.9175538687306721, "log10_min_child_weight": 4.712930009655904, "log10_subsample": -0.33076136314337434, "max_depth": 8.0, "num_boost_round": 13.0}, "datetime": {"datetime": "2024-01-19 00:19:37", "elapsed": 497.215194, "delta": 0.000893}}
{"target": -13.758620871123345, "params": {"gamma": 868.5977392615506, "log10_alpha": -3.555565307904711, "log10_colsample_bytree": -0.4922588067220752, "log10_eta": -1.707590363039547, "log10_lambda": -0.9175538687306721, "log10_min_child_weight": 4.712930009655904, "log10_subsample": -0.33076136314337434, "max_depth": 8.0, "num_boost_round": 14.0}, "datetime": {"datetime": "2024-01-19 00:19:37", "elapsed": 497.216142, "delta": 0.000948}}
{"target": -13.758476063799657, "params": {"gamma": 868.5977392615506, "log10_alpha": -3.555565307904711, "log10_colsample_bytree": -0.4922588067220752, "log10_eta": -1.707590363039547, "log10_lambda": -0.9175538687306721, "log10_min_child_weight": 4.712930009655904, "log10_subsample": -0.33076136314337434, "max_depth": 8.0, "num_boost_round": 15.0}, "datetime": {"datetime": "2024-01-19 00:19:37", "elapsed": 497.21703, "delta": 0.000888}}
{"target": -13.758431699010035, "params": {"gamma": 868.5977392615506, "log10_alpha": -3.555565307904711, "log10_colsample_bytree": -0.4922588067220752, "log10_eta": -1.707590363039547, "log10_lambda": -0.9175538687306721, "log10_min_child_weight": 4.712930009655904, "log10_subsample": -0.33076136314337434, "max_depth": 8.0, "num_boost_round": 16.0}, "datetime": {"datetime": "2024-01-19 00:19:37", "elapsed": 497.217923, "delta": 0.000893}}
{"target": -13.758449995191022, "params": {"gamma": 868.5977392615506, "log10_alpha": -3.555565307904711, "log10_colsample_bytree": -0.4922588067220752, "log10_eta": -1.707590363039547, "log10_lambda": -0.9175538687306721, "log10_min_child_weight": 4.712930009655904, "log10_subsample": -0.33076136314337434, "max_depth": 8.0, "num_boost_round": 17.0}, "datetime": {"datetime": "2024-01-19 00:19:37", "elapsed": 497.218949, "delta": 0.001026}}
{"target": -13.758517173005652, "params": {"gamma": 865.6710658942902, "log10_alpha": -4.015021683014, "log10_colsample_bytree": -0.6258652399344123, "log10_eta": -3.005441396816742, "log10_lambda": -2.693018508606287, "log10_min_child_weight": 3.5845930819709766, "log10_subsample": -0.12027022081813665, "max_depth": 7.0, "num_boost_round": 0.0}, "datetime": {"datetime": "2024-01-19 00:19:58", "elapsed": 518.268702, "delta": 21.049753}}
{"target": -13.758482188588665, "params": {"gamma": 865.6710658942902, "log10_alpha": -4.015021683014, "log10_colsample_bytree": -0.6258652399344123, "log10_eta": -3.005441396816742, "log10_lambda": -2.693018508606287, "log10_min_child_weight": 3.5845930819709766, "log10_subsample": -0.12027022081813665, "max_depth": 7.0, "num_boost_round": 1.0}, "datetime": {"datetime": "2024-01-19 00:19:58", "elapsed": 518.270079, "delta": 0.001377}}
{"target": -13.758443063001234, "params": {"gamma": 865.6710658942902, "log10_alpha": -4.015021683014, "log10_colsample_bytree": -0.6258652399344123, "log10_eta": -3.005441396816742, "log10_lambda": -2.693018508606287, "log10_min_child_weight": 3.5845930819709766, "log10_subsample": -0.12027022081813665, "max_depth": 7.0, "num_boost_round": 2.0}, "datetime": {"datetime": "2024-01-19 00:19:58", "elapsed": 518.271407, "delta": 0.001328}}
{"target": -13.758444989795828, "params": {"gamma": 865.6710658942902, "log10_alpha": -4.015021683014, "log10_colsample_bytree": -0.6258652399344123, "log10_eta": -3.005441396816742, "log10_lambda": -2.693018508606287, "log10_min_child_weight": 3.5845930819709766, "log10_subsample": -0.12027022081813665, "max_depth": 7.0, "num_boost_round": 3.0}, "datetime": {"datetime": "2024-01-19 00:19:58", "elapsed": 518.272455, "delta": 0.001048}}
{"target": -13.758419144183357, "params": {"gamma": 865.6710658942902, "log10_alpha": -4.015021683014, "log10_colsample_bytree": -0.6258652399344123, "log10_eta": -3.005441396816742, "log10_lambda": -2.693018508606287, "log10_min_child_weight": 3.5845930819709766, "log10_subsample": -0.12027022081813665, "max_depth": 7.0, "num_boost_round": 4.0}, "datetime": {"datetime": "2024-01-19 00:19:58", "elapsed": 518.273491, "delta": 0.001036}}
{"target": -13.758400114219407, "params": {"gamma": 865.6710658942902, "log10_alpha": -4.015021683014, "log10_colsample_bytree": -0.6258652399344123, "log10_eta": -3.005441396816742, "log10_lambda": -2.693018508606287, "log10_min_child_weight": 3.5845930819709766, "log10_subsample": -0.12027022081813665, "max_depth": 7.0, "num_boost_round": 5.0}, "datetime": {"datetime": "2024-01-19 00:19:58", "elapsed": 518.274597, "delta": 0.001106}}
{"target": -13.75838611432117, "params": {"gamma": 865.6710658942902, "log10_alpha": -4.015021683014, "log10_colsample_bytree": -0.6258652399344123, "log10_eta": -3.005441396816742, "log10_lambda": -2.693018508606287, "log10_min_child_weight": 3.5845930819709766, "log10_subsample": -0.12027022081813665, "max_depth": 7.0, "num_boost_round": 6.0}, "datetime": {"datetime": "2024-01-19 00:19:58", "elapsed": 518.275507, "delta": 0.00091}}
{"target": -13.758364410115611, "params": {"gamma": 865.6710658942902, "log10_alpha": -4.015021683014, "log10_colsample_bytree": -0.6258652399344123, "log10_eta": -3.005441396816742, "log10_lambda": -2.693018508606287, "log10_min_child_weight": 3.5845930819709766, "log10_subsample": -0.12027022081813665, "max_depth": 7.0, "num_boost_round": 7.0}, "datetime": {"datetime": "2024-01-19 00:19:58", "elapsed": 518.276408, "delta": 0.000901}}
{"target": -13.758345900897053, "params": {"gamma": 865.6710658942902, "log10_alpha": -4.015021683014, "log10_colsample_bytree": -0.6258652399344123, "log10_eta": -3.005441396816742, "log10_lambda": -2.693018508606287, "log10_min_child_weight": 3.5845930819709766, "log10_subsample": -0.12027022081813665, "max_depth": 7.0, "num_boost_round": 8.0}, "datetime": {"datetime": "2024-01-19 00:19:58", "elapsed": 518.277309, "delta": 0.000901}}
{"target": -13.758354614718147, "params": {"gamma": 865.6710658942902, "log10_alpha": -4.015021683014, "log10_colsample_bytree": -0.6258652399344123, "log10_eta": -3.005441396816742, "log10_lambda": -2.693018508606287, "log10_min_child_weight": 3.5845930819709766, "log10_subsample": -0.12027022081813665, "max_depth": 7.0, "num_boost_round": 9.0}, "datetime": {"datetime": "2024-01-19 00:19:58", "elapsed": 518.278671, "delta": 0.001362}}
{"target": -13.758330125516888, "params": {"gamma": 865.6710658942902, "log10_alpha": -4.015021683014, "log10_colsample_bytree": -0.6258652399344123, "log10_eta": -3.005441396816742, "log10_lambda": -2.693018508606287, "log10_min_child_weight": 3.5845930819709766, "log10_subsample": -0.12027022081813665, "max_depth": 7.0, "num_boost_round": 10.0}, "datetime": {"datetime": "2024-01-19 00:19:58", "elapsed": 518.279588, "delta": 0.000917}}
{"target": -13.758323749131375, "params": {"gamma": 865.6710658942902, "log10_alpha": -4.015021683014, "log10_colsample_bytree": -0.6258652399344123, "log10_eta": -3.005441396816742, "log10_lambda": -2.693018508606287, "log10_min_child_weight": 3.5845930819709766, "log10_subsample": -0.12027022081813665, "max_depth": 7.0, "num_boost_round": 11.0}, "datetime": {"datetime": "2024-01-19 00:19:58", "elapsed": 518.280496, "delta": 0.000908}}
{"target": -13.758301175767322, "params": {"gamma": 865.6710658942902, "log10_alpha": -4.015021683014, "log10_colsample_bytree": -0.6258652399344123, "log10_eta": -3.005441396816742, "log10_lambda": -2.693018508606287, "log10_min_child_weight": 3.5845930819709766, "log10_subsample": -0.12027022081813665, "max_depth": 7.0, "num_boost_round": 12.0}, "datetime": {"datetime": "2024-01-19 00:19:58", "elapsed": 518.281451, "delta": 0.000955}}
{"target": -13.75829067057743, "params": {"gamma": 865.6710658942902, "log10_alpha": -4.015021683014, "log10_colsample_bytree": -0.6258652399344123, "log10_eta": -3.005441396816742, "log10_lambda": -2.693018508606287, "log10_min_child_weight": 3.5845930819709766, "log10_subsample": -0.12027022081813665, "max_depth": 7.0, "num_boost_round": 13.0}, "datetime": {"datetime": "2024-01-19 00:19:58", "elapsed": 518.282337, "delta": 0.000886}}
{"target": -13.758294795828007, "params": {"gamma": 865.6710658942902, "log10_alpha": -4.015021683014, "log10_colsample_bytree": -0.6258652399344123, "log10_eta": -3.005441396816742, "log10_lambda": -2.693018508606287, "log10_min_child_weight": 3.5845930819709766, "log10_subsample": -0.12027022081813665, "max_depth": 7.0, "num_boost_round": 14.0}, "datetime": {"datetime": "2024-01-19 00:19:58", "elapsed": 518.283254, "delta": 0.000917}}
{"target": -13.75839726624775, "params": {"gamma": 864.6613100631095, "log10_alpha": -1.9634792565087853, "log10_colsample_bytree": -0.9759056289973081, "log10_eta": -2.6746967150477325, "log10_lambda": -2.334158782089558, "log10_min_child_weight": 1.4279278967732272, "log10_subsample": -0.49700496285543927, "max_depth": 7.0, "num_boost_round": 0.0}, "datetime": {"datetime": "2024-01-19 00:20:21", "elapsed": 541.753054, "delta": 23.4698}}
{"target": -13.758414492434083, "params": {"gamma": 864.6613100631095, "log10_alpha": -1.9634792565087853, "log10_colsample_bytree": -0.9759056289973081, "log10_eta": -2.6746967150477325, "log10_lambda": -2.334158782089558, "log10_min_child_weight": 1.4279278967732272, "log10_subsample": -0.49700496285543927, "max_depth": 7.0, "num_boost_round": 1.0}, "datetime": {"datetime": "2024-01-19 00:20:21", "elapsed": 541.754535, "delta": 0.001481}}
{"target": -13.758396773652253, "params": {"gamma": 864.6613100631095, "log10_alpha": -1.9634792565087853, "log10_colsample_bytree": -0.9759056289973081, "log10_eta": -2.6746967150477325, "log10_lambda": -2.334158782089558, "log10_min_child_weight": 1.4279278967732272, "log10_subsample": -0.49700496285543927, "max_depth": 7.0, "num_boost_round": 2.0}, "datetime": {"datetime": "2024-01-19 00:20:21", "elapsed": 541.755638, "delta": 0.001103}}
{"target": -13.758350562460745, "params": {"gamma": 864.6613100631095, "log10_alpha": -1.9634792565087853, "log10_colsample_bytree": -0.9759056289973081, "log10_eta": -2.6746967150477325, "log10_lambda": -2.334158782089558, "log10_min_child_weight": 1.4279278967732272, "log10_subsample": -0.49700496285543927, "max_depth": 7.0, "num_boost_round": 3.0}, "datetime": {"datetime": "2024-01-19 00:20:21", "elapsed": 541.75683, "delta": 0.001192}}
{"target": -13.758282479824276, "params": {"gamma": 864.6613100631095, "log10_alpha": -1.9634792565087853, "log10_colsample_bytree": -0.9759056289973081, "log10_eta": -2.6746967150477325, "log10_lambda": -2.334158782089558, "log10_min_child_weight": 1.4279278967732272, "log10_subsample": -0.49700496285543927, "max_depth": 7.0, "num_boost_round": 4.0}, "datetime": {"datetime": "2024-01-19 00:20:21", "elapsed": 541.757779, "delta": 0.000949}}
{"target": -13.758292946167074, "params": {"gamma": 864.6613100631095, "log10_alpha": -1.9634792565087853, "log10_colsample_bytree": -0.9759056289973081, "log10_eta": -2.6746967150477325, "log10_lambda": -2.334158782089558, "log10_min_child_weight": 1.4279278967732272, "log10_subsample": -0.49700496285543927, "max_depth": 7.0, "num_boost_round": 5.0}, "datetime": {"datetime": "2024-01-19 00:20:21", "elapsed": 541.758774, "delta": 0.000995}}
{"target": -13.758350734441724, "params": {"gamma": 864.6613100631095, "log10_alpha": -1.9634792565087853, "log10_colsample_bytree": -0.9759056289973081, "log10_eta": -2.6746967150477325, "log10_lambda": -2.334158782089558, "log10_min_child_weight": 1.4279278967732272, "log10_subsample": -0.49700496285543927, "max_depth": 7.0, "num_boost_round": 6.0}, "datetime": {"datetime": "2024-01-19 00:20:21", "elapsed": 541.759717, "delta": 0.000943}}
{"target": -13.758300084660933, "params": {"gamma": 864.6613100631095, "log10_alpha": -1.9634792565087853, "log10_colsample_bytree": -0.9759056289973081, "log10_eta": -2.6746967150477325, "log10_lambda": -2.334158782089558, "log10_min_child_weight": 1.4279278967732272, "log10_subsample": -0.49700496285543927, "max_depth": 7.0, "num_boost_round": 7.0}, "datetime": {"datetime": "2024-01-19 00:20:21", "elapsed": 541.760719, "delta": 0.001002}}
{"target": -13.758318509866257, "params": {"gamma": 864.6613100631095, "log10_alpha": -1.9634792565087853, "log10_colsample_bytree": -0.9759056289973081, "log10_eta": -2.6746967150477325, "log10_lambda": -2.334158782089558, "log10_min_child_weight": 1.4279278967732272, "log10_subsample": -0.49700496285543927, "max_depth": 7.0, "num_boost_round": 8.0}, "datetime": {"datetime": "2024-01-19 00:20:21", "elapsed": 541.761731, "delta": 0.001012}}
{"target": -13.758330540950997, "params": {"gamma": 864.6613100631095, "log10_alpha": -1.9634792565087853, "log10_colsample_bytree": -0.9759056289973081, "log10_eta": -2.6746967150477325, "log10_lambda": -2.334158782089558, "log10_min_child_weight": 1.4279278967732272, "log10_subsample": -0.49700496285543927, "max_depth": 7.0, "num_boost_round": 9.0}, "datetime": {"datetime": "2024-01-19 00:20:21", "elapsed": 541.762683, "delta": 0.000952}}
{"target": -13.7582983916708, "params": {"gamma": 864.6613100631095, "log10_alpha": -1.9634792565087853, "log10_colsample_bytree": -0.9759056289973081, "log10_eta": -2.6746967150477325, "log10_lambda": -2.334158782089558, "log10_min_child_weight": 1.4279278967732272, "log10_subsample": -0.49700496285543927, "max_depth": 7.0, "num_boost_round": 10.0}, "datetime": {"datetime": "2024-01-19 00:20:21", "elapsed": 541.763618, "delta": 0.000935}}
{"target": -13.758289144619237, "params": {"gamma": 864.6613100631095, "log10_alpha": -1.9634792565087853, "log10_colsample_bytree": -0.9759056289973081, "log10_eta": -2.6746967150477325, "log10_lambda": -2.334158782089558, "log10_min_child_weight": 1.4279278967732272, "log10_subsample": -0.49700496285543927, "max_depth": 7.0, "num_boost_round": 11.0}, "datetime": {"datetime": "2024-01-19 00:20:21", "elapsed": 541.764546, "delta": 0.000928}}
{"target": -13.758234552093054, "params": {"gamma": 864.6613100631095, "log10_alpha": -1.9634792565087853, "log10_colsample_bytree": -0.9759056289973081, "log10_eta": -2.6746967150477325, "log10_lambda": -2.334158782089558, "log10_min_child_weight": 1.4279278967732272, "log10_subsample": -0.49700496285543927, "max_depth": 7.0, "num_boost_round": 12.0}, "datetime": {"datetime": "2024-01-19 00:20:21", "elapsed": 541.765479, "delta": 0.000933}}
{"target": -13.75815823747089, "params": {"gamma": 864.6613100631095, "log10_alpha": -1.9634792565087853, "log10_colsample_bytree": -0.9759056289973081, "log10_eta": -2.6746967150477325, "log10_lambda": -2.334158782089558, "log10_min_child_weight": 1.4279278967732272, "log10_subsample": -0.49700496285543927, "max_depth": 7.0, "num_boost_round": 13.0}, "datetime": {"datetime": "2024-01-19 00:20:21", "elapsed": 541.766394, "delta": 0.000915}}
{"target": -13.758136595578058, "params": {"gamma": 864.6613100631095, "log10_alpha": -1.9634792565087853, "log10_colsample_bytree": -0.9759056289973081, "log10_eta": -2.6746967150477325, "log10_lambda": -2.334158782089558, "log10_min_child_weight": 1.4279278967732272, "log10_subsample": -0.49700496285543927, "max_depth": 7.0, "num_boost_round": 14.0}, "datetime": {"datetime": "2024-01-19 00:20:21", "elapsed": 541.7673, "delta": 0.000906}}
