{"target": -13.758515944035707, "params": {"gamma": 407.1096798073444, "log10_alpha": -5.0, "log10_colsample_bytree": -1.0, "log10_eta": -4.0, "log10_lambda": -5.0, "log10_min_child_weight": 0.0, "log10_subsample": 0.0, "max_depth": 10.0, "num_boost_round": 14.0}, "datetime": {"datetime": "2024-01-19 01:19:33", "elapsed": 4076.132909, "delta": 0.005126}}
{"target": -13.758510288160608, "params": {"gamma": 407.1096798073444, "log10_alpha": -5.0, "log10_colsample_bytree": -1.0, "log10_eta": -4.0, "log10_lambda": -5.0, "log10_min_child_weight": 0.0, "log10_subsample": 0.0, "max_depth": 10.0, "num_boost_round": 15.0}, "datetime": {"datetime": "2024-01-19 01:19:33", "elapsed": 4076.138093, "delta": 0.005184}}
{"target": -13.75850905110029, "params": {"gamma": 407.1096798073444, "log10_alpha": -5.0, "log10_colsample_bytree": -1.0, "log10_eta": -4.0, "log10_lambda": -5.0, "log10_min_child_weight": 0.0, "log10_subsample": 0.0, "max_depth": 10.0, "num_boost_round": 16.0}, "datetime": {"datetime": "2024-01-19 01:19:33", "elapsed": 4076.143267, "delta": 0.005174}}
{"target": -13.75850912876528, "params": {"gamma": 407.1096798073444, "log10_alpha": -5.0, "log10_colsample_bytree": -1.0, "log10_eta": -4.0, "log10_lambda": -5.0, "log10_min_child_weight": 0.0, "log10_subsample": 0.0, "max_depth": 10.0, "num_boost_round": 17.0}, "datetime": {"datetime": "2024-01-19 01:19:33", "elapsed": 4076.148531, "delta": 0.005264}}
{"target": -13.758508967133741, "params": {"gamma": 407.1096798073444, "log10_alpha": -5.0, "log10_colsample_bytree": -1.0, "log10_eta": -4.0, "log10_lambda": -5.0, "log10_min_child_weight": 0.0, "log10_subsample": 0.0, "max_depth": 10.0, "num_boost_round": 18.0}, "datetime": {"datetime": "2024-01-19 01:19:33", "elapsed": 4076.153713, "delta": 0.005182}}
{"target": -13.758502226897393, "params": {"gamma": 407.1096798073444, "log10_alpha": -5.0, "log10_colsample_bytree": -1.0, "log10_eta": -4.0, "log10_lambda": -5.0, "log10_min_child_weight": 0.0, "log10_subsample": 0.0, "max_depth": 10.0, "num_boost_round": 19.0}, "datetime": {"datetime": "2024-01-19 01:19:33", "elapsed": 4076.158922, "delta": 0.005209}}
{"target": -13.758500338025476, "params": {"gamma": 407.1096798073444, "log10_alpha": -5.0, "log10_colsample_bytree": -1.0, "log10_eta": -4.0, "log10_lambda": -5.0, "log10_min_child_weight": 0.0, "log10_subsample": 0.0, "max_depth": 10.0, "num_boost_round": 20.0}, "datetime": {"datetime": "2024-01-19 01:19:33", "elapsed": 4076.164105, "delta": 0.005183}}
{"target": -13.75849977847618, "params": {"gamma": 407.1096798073444, "log10_alpha": -5.0, "log10_colsample_bytree": -1.0, "log10_eta": -4.0, "log10_lambda": -5.0, "log10_min_child_weight": 0.0, "log10_subsample": 0.0, "max_depth": 10.0, "num_boost_round": 21.0}, "datetime": {"datetime": "2024-01-19 01:19:33", "elapsed": 4076.16927, "delta": 0.005165}}
{"target": -13.758494115255393, "params": {"gamma": 407.1096798073444, "log10_alpha": -5.0, "log10_colsample_bytree": -1.0, "log10_eta": -4.0, "log10_lambda": -5.0, "log10_min_child_weight": 0.0, "log10_subsample": 0.0, "max_depth": 10.0, "num_boost_round": 22.0}, "datetime": {"datetime": "2024-01-19 01:19:33", "elapsed": 4076.174885, "delta": 0.005615}}
{"target": -13.758492064178201, "params": {"gamma": 407.1096798073444, "log10_alpha": -5.0, "log10_colsample_bytree": -1.0, "log10_eta": -4.0, "log10_lambda": -5.0, "log10_min_child_weight": 0.0, "log10_subsample": 0.0, "max_depth": 10.0, "num_boost_round": 23.0}, "datetime": {"datetime": "2024-01-19 01:19:33", "elapsed": 4076.180253, "delta": 0.005368}}
{"target": -13.758492204113992, "params": {"gamma": 407.1096798073444, "log10_alpha": -5.0, "log10_colsample_bytree": -1.0, "log10_eta": -4.0, "log10_lambda": -5.0, "log10_min_child_weight": 0.0, "log10_subsample": 0.0, "max_depth": 10.0, "num_boost_round": 24.0}, "datetime": {"datetime": "2024-01-19 01:19:33", "elapsed": 4076.185515, "delta": 0.005262}}
{"target": -13.75849033010208, "params": {"gamma": 407.1096798073444, "log10_alpha": -5.0, "log10_colsample_bytree": -1.0, "log10_eta": -4.0, "log10_lambda": -5.0, "log10_min_child_weight": 0.0, "log10_subsample": 0.0, "max_depth": 10.0, "num_boost_round": 25.0}, "datetime": {"datetime": "2024-01-19 01:19:33", "elapsed": 4076.190747, "delta": 0.005232}}
{"target": -13.758487889081236, "params": {"gamma": 407.1096798073444, "log10_alpha": -5.0, "log10_colsample_bytree": -1.0, "log10_eta": -4.0, "log10_lambda": -5.0, "log10_min_child_weight": 0.0, "log10_subsample": 0.0, "max_depth": 10.0, "num_boost_round": 26.0}, "datetime": {"datetime": "2024-01-19 01:19:33", "elapsed": 4076.195874, "delta": 0.005127}}
{"target": -13.758484540020724, "params": {"gamma": 407.1096798073444, "log10_alpha": -5.0, "log10_colsample_bytree": -1.0, "log10_eta": -4.0, "log10_lambda": -5.0, "log10_min_child_weight": 0.0, "log10_subsample": 0.0, "max_depth": 10.0, "num_boost_round": 27.0}, "datetime": {"datetime": "2024-01-19 01:19:33", "elapsed": 4076.201059, "delta": 0.005185}}
{"target": -13.758480788815218, "params": {"gamma": 407.1096798073444, "log10_alpha": -5.0, "log10_colsample_bytree": -1.0, "log10_eta": -4.0, "log10_lambda": -5.0, "log10_min_child_weight": 0.0, "log10_subsample": 0.0, "max_depth": 10.0, "num_boost_round": 28.0}, "datetime": {"datetime": "2024-01-19 01:19:33", "elapsed": 4076.206222, "delta": 0.005163}}
{"target": -13.758473804941012, "params": {"gamma": 407.1096798073444, "log10_alpha": -5.0, "log10_colsample_bytree": -1.0, "log10_eta": -4.0, "log10_lambda": -5.0, "log10_min_child_weight": 0.0, "log10_subsample": 0.0, "max_depth": 10.0, "num_boost_round": 29.0}, "datetime": {"datetime": "2024-01-19 01:19:33", "elapsed": 4076.211536, "delta": 0.005314}}
{"target": -13.758473655859754, "params": {"gamma": 407.1096798073444, "log10_alpha": -5.0, "log10_colsample_bytree": -1.0, "log10_eta": -4.0, "log10_lambda": -5.0, "log10_min_child_weight": 0.0, "log10_subsample": 0.0, "max_depth": 10.0, "num_boost_round": 30.0}, "datetime": {"datetime": "2024-01-19 01:19:33", "elapsed": 4076.216705, "delta": 0.005169}}
{"target": -13.758465922395942, "params": {"gamma": 407.1096798073444, "log10_alpha": -5.0, "log10_colsample_bytree": -1.0, "log10_eta": -4.0, "log10_lambda": -5.0, "log10_min_child_weight": 0.0, "log10_subsample": 0.0, "max_depth": 10.0, "num_boost_round": 31.0}, "datetime": {"datetime": "2024-01-19 01:19:33", "elapsed": 4076.221897, "delta": 0.005192}}
{"target": -13.758462450522924, "params": {"gamma": 407.1096798073444, "log10_alpha": -5.0, "log10_colsample_bytree": -1.0, "log10_eta": -4.0, "log10_lambda": -5.0, "log10_min_child_weight": 0.0, "log10_subsample": 0.0, "max_depth": 10.0, "num_boost_round": 32.0}, "datetime": {"datetime": "2024-01-19 01:19:33", "elapsed": 4076.227055, "delta": 0.005158}}
{"target": -13.758453015310803, "params": {"gamma": 407.1096798073444, "log10_alpha": -5.0, "log10_colsample_bytree": -1.0, "log10_eta": -4.0, "log10_lambda": -5.0, "log10_min_child_weight": 0.0, "log10_subsample": 0.0, "max_depth": 10.0, "num_boost_round": 33.0}, "datetime": {"datetime": "2024-01-19 01:19:33", "elapsed": 4076.232201, "delta": 0.005146}}
{"target": -13.758449851901169, "params": {"gamma": 407.1096798073444, "log10_alpha": -5.0, "log10_colsample_bytree": -1.0, "log10_eta": -4.0, "log10_lambda": -5.0, "log10_min_child_weight": 0.0, "log10_subsample": 0.0, "max_depth": 10.0, "num_boost_round": 34.0}, "datetime": {"datetime": "2024-01-19 01:19:33", "elapsed": 4076.237409, "delta": 0.005208}}
{"target": -13.758445789850962, "params": {"gamma": 407.1096798073444, "log10_alpha": -5.0, "log10_colsample_bytree": -1.0, "log10_eta": -4.0, "log10_lambda": -5.0, "log10_min_child_weight": 0.0, "log10_subsample": 0.0, "max_depth": 10.0, "num_boost_round": 35.0}, "datetime": {"datetime": "2024-01-19 01:19:33", "elapsed": 4076.242738, "delta": 0.005329}}
{"target": -13.758446386746238, "params": {"gamma": 407.1096798073444, "log10_alpha": -5.0, "log10_colsample_bytree": -1.0, "log10_eta": -4.0, "log10_lambda": -5.0, "log10_min_child_weight": 0.0, "log10_subsample": 0.0, "max_depth": 10.0, "num_boost_round": 36.0}, "datetime": {"datetime": "2024-01-19 01:19:33", "elapsed": 4076.24788, "delta": 0.005142}}
{"target": -13.758443530906664, "params": {"gamma": 407.1096798073444, "log10_alpha": -5.0, "log10_colsample_bytree": -1.0, "log10_eta": -4.0, "log10_lambda": -5.0, "log10_min_child_weight": 0.0, "log10_subsample": 0.0, "max_depth": 10.0, "num_boost_round": 37.0}, "datetime": {"datetime": "2024-01-19 01:19:33", "elapsed": 4076.253507, "delta": 0.005627}}
{"target": -13.758442245500952, "params": {"gamma": 407.1096798073444, "log10_alpha": -5.0, "log10_colsample_bytree": -1.0, "log10_eta": -4.0, "log10_lambda": -5.0, "log10_min_child_weight": 0.0, "log10_subsample": 0.0, "max_depth": 10.0, "num_boost_round": 38.0}, "datetime": {"datetime": "2024-01-19 01:19:33", "elapsed": 4076.258789, "delta": 0.005282}}
{"target": -13.758441473323685, "params": {"gamma": 407.1096798073444, "log10_alpha": -5.0, "log10_colsample_bytree": -1.0, "log10_eta": -4.0, "log10_lambda": -5.0, "log10_min_child_weight": 0.0, "log10_subsample": 0.0, "max_depth": 10.0, "num_boost_round": 39.0}, "datetime": {"datetime": "2024-01-19 01:19:33", "elapsed": 4076.263951, "delta": 0.005162}}
{"target": -13.758437061927065, "params": {"gamma": 407.1096798073444, "log10_alpha": -5.0, "log10_colsample_bytree": -1.0, "log10_eta": -4.0, "log10_lambda": -5.0, "log10_min_child_weight": 0.0, "log10_subsample": 0.0, "max_depth": 10.0, "num_boost_round": 40.0}, "datetime": {"datetime": "2024-01-19 01:19:33", "elapsed": 4076.269166, "delta": 0.005215}}
{"target": -13.758437423826459, "params": {"gamma": 407.1096798073444, "log10_alpha": -5.0, "log10_colsample_bytree": -1.0, "log10_eta": -4.0, "log10_lambda": -5.0, "log10_min_child_weight": 0.0, "log10_subsample": 0.0, "max_depth": 10.0, "num_boost_round": 41.0}, "datetime": {"datetime": "2024-01-19 01:19:33", "elapsed": 4076.274516, "delta": 0.00535}}
{"target": -13.758439674559646, "params": {"gamma": 407.1096798073444, "log10_alpha": -5.0, "log10_colsample_bytree": -1.0, "log10_eta": -4.0, "log10_lambda": -5.0, "log10_min_child_weight": 0.0, "log10_subsample": 0.0, "max_depth": 10.0, "num_boost_round": 42.0}, "datetime": {"datetime": "2024-01-19 01:19:33", "elapsed": 4076.279682, "delta": 0.005166}}
{"target": -13.75843629856569, "params": {"gamma": 407.1096798073444, "log10_alpha": -5.0, "log10_colsample_bytree": -1.0, "log10_eta": -4.0, "log10_lambda": -5.0, "log10_min_child_weight": 0.0, "log10_subsample": 0.0, "max_depth": 10.0, "num_boost_round": 43.0}, "datetime": {"datetime": "2024-01-19 01:19:33", "elapsed": 4076.284859, "delta": 0.005177}}
{"target": -13.758436678750886, "params": {"gamma": 407.1096798073444, "log10_alpha": -5.0, "log10_colsample_bytree": -1.0, "log10_eta": -4.0, "log10_lambda": -5.0, "log10_min_child_weight": 0.0, "log10_subsample": 0.0, "max_depth": 10.0, "num_boost_round": 44.0}, "datetime": {"datetime": "2024-01-19 01:19:33", "elapsed": 4076.290092, "delta": 0.005233}}
{"target": -13.758434367992106, "params": {"gamma": 407.1096798073444, "log10_alpha": -5.0, "log10_colsample_bytree": -1.0, "log10_eta": -4.0, "log10_lambda": -5.0, "log10_min_child_weight": 0.0, "log10_subsample": 0.0, "max_depth": 10.0, "num_boost_round": 45.0}, "datetime": {"datetime": "2024-01-19 01:19:33", "elapsed": 4076.295349, "delta": 0.005257}}
{"target": -13.758437813145703, "params": {"gamma": 407.1096798073444, "log10_alpha": -5.0, "log10_colsample_bytree": -1.0, "log10_eta": -4.0, "log10_lambda": -5.0, "log10_min_child_weight": 0.0, "log10_subsample": 0.0, "max_depth": 10.0, "num_boost_round": 46.0}, "datetime": {"datetime": "2024-01-19 01:19:33", "elapsed": 4076.300581, "delta": 0.005232}}
{"target": -13.758437642197954, "params": {"gamma": 407.1096798073444, "log10_alpha": -5.0, "log10_colsample_bytree": -1.0, "log10_eta": -4.0, "log10_lambda": -5.0, "log10_min_child_weight": 0.0, "log10_subsample": 0.0, "max_depth": 10.0, "num_boost_round": 47.0}, "datetime": {"datetime": "2024-01-19 01:19:33", "elapsed": 4076.305905, "delta": 0.005324}}
{"target": -13.75843646150343, "params": {"gamma": 407.1096798073444, "log10_alpha": -5.0, "log10_colsample_bytree": -1.0, "log10_eta": -4.0, "log10_lambda": -5.0, "log10_min_child_weight": 0.0, "log10_subsample": 0.0, "max_depth": 10.0, "num_boost_round": 48.0}, "datetime": {"datetime": "2024-01-19 01:19:33", "elapsed": 4076.311106, "delta": 0.005201}}
{"target": -13.75843921100189, "params": {"gamma": 407.1096798073444, "log10_alpha": -5.0, "log10_colsample_bytree": -1.0, "log10_eta": -4.0, "log10_lambda": -5.0, "log10_min_child_weight": 0.0, "log10_subsample": 0.0, "max_depth": 10.0, "num_boost_round": 49.0}, "datetime": {"datetime": "2024-01-19 01:19:33", "elapsed": 4076.316288, "delta": 0.005182}}
{"target": -13.758441159104832, "params": {"gamma": 407.1096798073444, "log10_alpha": -5.0, "log10_colsample_bytree": -1.0, "log10_eta": -4.0, "log10_lambda": -5.0, "log10_min_child_weight": 0.0, "log10_subsample": 0.0, "max_depth": 10.0, "num_boost_round": 50.0}, "datetime": {"datetime": "2024-01-19 01:19:33", "elapsed": 4076.321483, "delta": 0.005195}}
{"target": -13.758446050582577, "params": {"gamma": 407.1096798073444, "log10_alpha": -5.0, "log10_colsample_bytree": -1.0, "log10_eta": -4.0, "log10_lambda": -5.0, "log10_min_child_weight": 0.0, "log10_subsample": 0.0, "max_depth": 10.0, "num_boost_round": 51.0}, "datetime": {"datetime": "2024-01-19 01:19:33", "elapsed": 4076.327055, "delta": 0.005572}}
{"target": -13.758444648076424, "params": {"gamma": 407.1096798073444, "log10_alpha": -5.0, "log10_colsample_bytree": -1.0, "log10_eta": -4.0, "log10_lambda": -5.0, "log10_min_child_weight": 0.0, "log10_subsample": 0.0, "max_depth": 10.0, "num_boost_round": 52.0}, "datetime": {"datetime": "2024-01-19 01:19:33", "elapsed": 4076.332358, "delta": 0.005303}}
{"target": -13.758443913010389, "params": {"gamma": 407.1096798073444, "log10_alpha": -5.0, "log10_colsample_bytree": -1.0, "log10_eta": -4.0, "log10_lambda": -5.0, "log10_min_child_weight": 0.0, "log10_subsample": 0.0, "max_depth": 10.0, "num_boost_round": 53.0}, "datetime": {"datetime": "2024-01-19 01:19:33", "elapsed": 4076.337856, "delta": 0.005498}}
{"target": -13.758392285766671, "params": {"gamma": 447.12034495495465, "log10_alpha": -4.08244008908283, "log10_colsample_bytree": -0.25881764598553325, "log10_eta": -1.457659201486925, "log10_lambda": -1.9532294027326058, "log10_min_child_weight": 4.632981454287239, "log10_subsample": -0.7105118466125755, "max_depth": 6.0, "num_boost_round": 0.0}, "datetime": {"datetime": "2024-01-19 01:21:00", "elapsed": 4163.877761, "delta": 87.539905}}
{"target": -13.75850278858433, "params": {"gamma": 447.12034495495465, "log10_alpha": -4.08244008908283, "log10_colsample_bytree": -0.25881764598553325, "log10_eta": -1.457659201486925, "log10_lambda": -1.9532294027326058, "log10_min_child_weight": 4.632981454287239, "log10_subsample": -0.7105118466125755, "max_depth": 6.0, "num_boost_round": 1.0}, "datetime": {"datetime": "2024-01-19 01:21:00", "elapsed": 4163.883308, "delta": 0.005547}}
{"target": -13.758504305605644, "params": {"gamma": 447.12034495495465, "log10_alpha": -4.08244008908283, "log10_colsample_bytree": -0.25881764598553325, "log10_eta": -1.457659201486925, "log10_lambda": -1.9532294027326058, "log10_min_child_weight": 4.632981454287239, "log10_subsample": -0.7105118466125755, "max_depth": 6.0, "num_boost_round": 2.0}, "datetime": {"datetime": "2024-01-19 01:21:00", "elapsed": 4163.888479, "delta": 0.005171}}
{"target": -13.758511754427303, "params": {"gamma": 447.12034495495465, "log10_alpha": -4.08244008908283, "log10_colsample_bytree": -0.25881764598553325, "log10_eta": -1.457659201486925, "log10_lambda": -1.9532294027326058, "log10_min_child_weight": 4.632981454287239, "log10_subsample": -0.7105118466125755, "max_depth": 6.0, "num_boost_round": 3.0}, "datetime": {"datetime": "2024-01-19 01:21:00", "elapsed": 4163.893799, "delta": 0.00532}}
{"target": -13.758483983306096, "params": {"gamma": 447.12034495495465, "log10_alpha": -4.08244008908283, "log10_colsample_bytree": -0.25881764598553325, "log10_eta": -1.457659201486925, "log10_lambda": -1.9532294027326058, "log10_min_child_weight": 4.632981454287239, "log10_subsample": -0.7105118466125755, "max_depth": 6.0, "num_boost_round": 4.0}, "datetime": {"datetime": "2024-01-19 01:21:00", "elapsed": 4163.899181, "delta": 0.005382}}
{"target": -13.758474648730882, "params": {"gamma": 447.12034495495465, "log10_alpha": -4.08244008908283, "log10_colsample_bytree": -0.25881764598553325, "log10_eta": -1.457659201486925, "log10_lambda": -1.9532294027326058, "log10_min_child_weight": 4.632981454287239, "log10_subsample": -0.7105118466125755, "max_depth": 6.0, "num_boost_round": 5.0}, "datetime": {"datetime": "2024-01-19 01:21:00", "elapsed": 4163.904569, "delta": 0.005388}}
{"target": -13.75845729893903, "params": {"gamma": 447.12034495495465, "log10_alpha": -4.08244008908283, "log10_colsample_bytree": -0.25881764598553325, "log10_eta": -1.457659201486925, "log10_lambda": -1.9532294027326058, "log10_min_child_weight": 4.632981454287239, "log10_subsample": -0.7105118466125755, "max_depth": 6.0, "num_boost_round": 6.0}, "datetime": {"datetime": "2024-01-19 01:21:00", "elapsed": 4163.909882, "delta": 0.005313}}
{"target": -13.75853799403113, "params": {"gamma": 447.12034495495465, "log10_alpha": -4.08244008908283, "log10_colsample_bytree": -0.25881764598553325, "log10_eta": -1.457659201486925, "log10_lambda": -1.9532294027326058, "log10_min_child_weight": 4.632981454287239, "log10_subsample": -0.7105118466125755, "max_depth": 6.0, "num_boost_round": 7.0}, "datetime": {"datetime": "2024-01-19 01:21:00", "elapsed": 4163.915571, "delta": 0.005689}}
{"target": -13.758595374618494, "params": {"gamma": 447.12034495495465, "log10_alpha": -4.08244008908283, "log10_colsample_bytree": -0.25881764598553325, "log10_eta": -1.457659201486925, "log10_lambda": -1.9532294027326058, "log10_min_child_weight": 4.632981454287239, "log10_subsample": -0.7105118466125755, "max_depth": 6.0, "num_boost_round": 8.0}, "datetime": {"datetime": "2024-01-19 01:21:00", "elapsed": 4163.920771, "delta": 0.0052}}
{"target": -13.75867630873819, "params": {"gamma": 447.12034495495465, "log10_alpha": -4.08244008908283, "log10_colsample_bytree": -0.25881764598553325, "log10_eta": -1.457659201486925, "log10_lambda": -1.9532294027326058, "log10_min_child_weight": 4.632981454287239, "log10_subsample": -0.7105118466125755, "max_depth": 6.0, "num_boost_round": 9.0}, "datetime": {"datetime": "2024-01-19 01:21:00", "elapsed": 4163.925909, "delta": 0.005138}}
{"target": -13.758804026683078, "params": {"gamma": 447.12034495495465, "log10_alpha": -4.08244008908283, "log10_colsample_bytree": -0.25881764598553325, "log10_eta": -1.457659201486925, "log10_lambda": -1.9532294027326058, "log10_min_child_weight": 4.632981454287239, "log10_subsample": -0.7105118466125755, "max_depth": 6.0, "num_boost_round": 10.0}, "datetime": {"datetime": "2024-01-19 01:21:00", "elapsed": 4163.931303, "delta": 0.005394}}
{"target": -13.75871103455163, "params": {"gamma": 447.12034495495465, "log10_alpha": -4.08244008908283, "log10_colsample_bytree": -0.25881764598553325, "log10_eta": -1.457659201486925, "log10_lambda": -1.9532294027326058, "log10_min_child_weight": 4.632981454287239, "log10_subsample": -0.7105118466125755, "max_depth": 6.0, "num_boost_round": 11.0}, "datetime": {"datetime": "2024-01-19 01:21:00", "elapsed": 4163.936494, "delta": 0.005191}}
{"target": -13.758860546850304, "params": {"gamma": 447.12034495495465, "log10_alpha": -4.08244008908283, "log10_colsample_bytree": -0.25881764598553325, "log10_eta": -1.457659201486925, "log10_lambda": -1.9532294027326058, "log10_min_child_weight": 4.632981454287239, "log10_subsample": -0.7105118466125755, "max_depth": 6.0, "num_boost_round": 12.0}, "datetime": {"datetime": "2024-01-19 01:21:00", "elapsed": 4163.941659, "delta": 0.005165}}
{"target": -13.759153081647096, "params": {"gamma": 447.12034495495465, "log10_alpha": -4.08244008908283, "log10_colsample_bytree": -0.25881764598553325, "log10_eta": -1.457659201486925, "log10_lambda": -1.9532294027326058, "log10_min_child_weight": 4.632981454287239, "log10_subsample": -0.7105118466125755, "max_depth": 6.0, "num_boost_round": 13.0}, "datetime": {"datetime": "2024-01-19 01:21:00", "elapsed": 4163.946944, "delta": 0.005285}}
{"target": -13.759337968286749, "params": {"gamma": 447.12034495495465, "log10_alpha": -4.08244008908283, "log10_colsample_bytree": -0.25881764598553325, "log10_eta": -1.457659201486925, "log10_lambda": -1.9532294027326058, "log10_min_child_weight": 4.632981454287239, "log10_subsample": -0.7105118466125755, "max_depth": 6.0, "num_boost_round": 14.0}, "datetime": {"datetime": "2024-01-19 01:21:00", "elapsed": 4163.952216, "delta": 0.005272}}
{"target": -13.759296205736637, "params": {"gamma": 447.12034495495465, "log10_alpha": -4.08244008908283, "log10_colsample_bytree": -0.25881764598553325, "log10_eta": -1.457659201486925, "log10_lambda": -1.9532294027326058, "log10_min_child_weight": 4.632981454287239, "log10_subsample": -0.7105118466125755, "max_depth": 6.0, "num_boost_round": 15.0}, "datetime": {"datetime": "2024-01-19 01:21:00", "elapsed": 4163.95736, "delta": 0.005144}}
{"target": -13.759365395832143, "params": {"gamma": 447.12034495495465, "log10_alpha": -4.08244008908283, "log10_colsample_bytree": -0.25881764598553325, "log10_eta": -1.457659201486925, "log10_lambda": -1.9532294027326058, "log10_min_child_weight": 4.632981454287239, "log10_subsample": -0.7105118466125755, "max_depth": 6.0, "num_boost_round": 16.0}, "datetime": {"datetime": "2024-01-19 01:21:00", "elapsed": 4163.962542, "delta": 0.005182}}
