{"target": -13.759371010015858, "params": {"gamma": 43.294995794346036, "log10_alpha": -0.7649393877488189, "log10_colsample_bytree": -0.7674960261188427, "log10_eta": -1.4508212607823383, "log10_lambda": -1.5450051518065093, "log10_min_child_weight": 4.3056060837910595, "log10_subsample": -0.7953139546444647, "max_depth": 9.0, "num_boost_round": 33.0}, "datetime": {"datetime": "2024-01-19 01:08:58", "elapsed": 3446.872276, "delta": 0.003377}}
{"target": -13.760227928386712, "params": {"gamma": 32.572150645226785, "log10_alpha": -3.4157835471734197, "log10_colsample_bytree": -0.8828705441139234, "log10_eta": -0.4391841735977362, "log10_lambda": -1.1841182577640699, "log10_min_child_weight": 3.2029769392089067, "log10_subsample": -0.6210755249627754, "max_depth": 3.0, "num_boost_round": 0.0}, "datetime": {"datetime": "2024-01-19 01:09:38", "elapsed": 3486.172745, "delta": 39.300469}}
{"target": -13.760522340269398, "params": {"gamma": 32.572150645226785, "log10_alpha": -3.4157835471734197, "log10_colsample_bytree": -0.8828705441139234, "log10_eta": -0.4391841735977362, "log10_lambda": -1.1841182577640699, "log10_min_child_weight": 3.2029769392089067, "log10_subsample": -0.6210755249627754, "max_depth": 3.0, "num_boost_round": 1.0}, "datetime": {"datetime": "2024-01-19 01:09:38", "elapsed": 3486.176406, "delta": 0.003661}}
{"target": -13.765593070445115, "params": {"gamma": 32.572150645226785, "log10_alpha": -3.4157835471734197, "log10_colsample_bytree": -0.8828705441139234, "log10_eta": -0.4391841735977362, "log10_lambda": -1.1841182577640699, "log10_min_child_weight": 3.2029769392089067, "log10_subsample": -0.6210755249627754, "max_depth": 3.0, "num_boost_round": 2.0}, "datetime": {"datetime": "2024-01-19 01:09:38", "elapsed": 3486.179862, "delta": 0.003456}}
{"target": -13.767123089191768, "params": {"gamma": 32.572150645226785, "log10_alpha": -3.4157835471734197, "log10_colsample_bytree": -0.8828705441139234, "log10_eta": -0.4391841735977362, "log10_lambda": -1.1841182577640699, "log10_min_child_weight": 3.2029769392089067, "log10_subsample": -0.6210755249627754, "max_depth": 3.0, "num_boost_round": 3.0}, "datetime": {"datetime": "2024-01-19 01:09:38", "elapsed": 3486.183203, "delta": 0.003341}}
{"target": -13.765828155544042, "params": {"gamma": 32.572150645226785, "log10_alpha": -3.4157835471734197, "log10_colsample_bytree": -0.8828705441139234, "log10_eta": -0.4391841735977362, "log10_lambda": -1.1841182577640699, "log10_min_child_weight": 3.2029769392089067, "log10_subsample": -0.6210755249627754, "max_depth": 3.0, "num_boost_round": 4.0}, "datetime": {"datetime": "2024-01-19 01:09:38", "elapsed": 3486.190489, "delta": 0.007286}}
{"target": -13.770906311703856, "params": {"gamma": 32.572150645226785, "log10_alpha": -3.4157835471734197, "log10_colsample_bytree": -0.8828705441139234, "log10_eta": -0.4391841735977362, "log10_lambda": -1.1841182577640699, "log10_min_child_weight": 3.2029769392089067, "log10_subsample": -0.6210755249627754, "max_depth": 3.0, "num_boost_round": 5.0}, "datetime": {"datetime": "2024-01-19 01:09:38", "elapsed": 3486.193785, "delta": 0.003296}}
{"target": -13.777857598964069, "params": {"gamma": 32.572150645226785, "log10_alpha": -3.4157835471734197, "log10_colsample_bytree": -0.8828705441139234, "log10_eta": -0.4391841735977362, "log10_lambda": -1.1841182577640699, "log10_min_child_weight": 3.2029769392089067, "log10_subsample": -0.6210755249627754, "max_depth": 3.0, "num_boost_round": 6.0}, "datetime": {"datetime": "2024-01-19 01:09:38", "elapsed": 3486.197174, "delta": 0.003389}}
{"target": -13.77777575242484, "params": {"gamma": 32.572150645226785, "log10_alpha": -3.4157835471734197, "log10_colsample_bytree": -0.8828705441139234, "log10_eta": -0.4391841735977362, "log10_lambda": -1.1841182577640699, "log10_min_child_weight": 3.2029769392089067, "log10_subsample": -0.6210755249627754, "max_depth": 3.0, "num_boost_round": 7.0}, "datetime": {"datetime": "2024-01-19 01:09:38", "elapsed": 3486.200535, "delta": 0.003361}}
{"target": -13.77981219601014, "params": {"gamma": 32.572150645226785, "log10_alpha": -3.4157835471734197, "log10_colsample_bytree": -0.8828705441139234, "log10_eta": -0.4391841735977362, "log10_lambda": -1.1841182577640699, "log10_min_child_weight": 3.2029769392089067, "log10_subsample": -0.6210755249627754, "max_depth": 3.0, "num_boost_round": 8.0}, "datetime": {"datetime": "2024-01-19 01:09:38", "elapsed": 3486.203854, "delta": 0.003319}}
{"target": -13.779787349096713, "params": {"gamma": 32.572150645226785, "log10_alpha": -3.4157835471734197, "log10_colsample_bytree": -0.8828705441139234, "log10_eta": -0.4391841735977362, "log10_lambda": -1.1841182577640699, "log10_min_child_weight": 3.2029769392089067, "log10_subsample": -0.6210755249627754, "max_depth": 3.0, "num_boost_round": 9.0}, "datetime": {"datetime": "2024-01-19 01:09:38", "elapsed": 3486.207198, "delta": 0.003344}}
{"target": -13.78332490988798, "params": {"gamma": 32.572150645226785, "log10_alpha": -3.4157835471734197, "log10_colsample_bytree": -0.8828705441139234, "log10_eta": -0.4391841735977362, "log10_lambda": -1.1841182577640699, "log10_min_child_weight": 3.2029769392089067, "log10_subsample": -0.6210755249627754, "max_depth": 3.0, "num_boost_round": 10.0}, "datetime": {"datetime": "2024-01-19 01:09:38", "elapsed": 3486.210646, "delta": 0.003448}}
{"target": -13.77911758085386, "params": {"gamma": 32.572150645226785, "log10_alpha": -3.4157835471734197, "log10_colsample_bytree": -0.8828705441139234, "log10_eta": -0.4391841735977362, "log10_lambda": -1.1841182577640699, "log10_min_child_weight": 3.2029769392089067, "log10_subsample": -0.6210755249627754, "max_depth": 3.0, "num_boost_round": 11.0}, "datetime": {"datetime": "2024-01-19 01:09:38", "elapsed": 3486.213938, "delta": 0.003292}}
{"target": -13.787446498939103, "params": {"gamma": 32.572150645226785, "log10_alpha": -3.4157835471734197, "log10_colsample_bytree": -0.8828705441139234, "log10_eta": -0.4391841735977362, "log10_lambda": -1.1841182577640699, "log10_min_child_weight": 3.2029769392089067, "log10_subsample": -0.6210755249627754, "max_depth": 3.0, "num_boost_round": 12.0}, "datetime": {"datetime": "2024-01-19 01:09:38", "elapsed": 3486.217339, "delta": 0.003401}}
{"target": -13.789591767898148, "params": {"gamma": 32.572150645226785, "log10_alpha": -3.4157835471734197, "log10_colsample_bytree": -0.8828705441139234, "log10_eta": -0.4391841735977362, "log10_lambda": -1.1841182577640699, "log10_min_child_weight": 3.2029769392089067, "log10_subsample": -0.6210755249627754, "max_depth": 3.0, "num_boost_round": 13.0}, "datetime": {"datetime": "2024-01-19 01:09:38", "elapsed": 3486.220709, "delta": 0.00337}}
{"target": -13.794615651974086, "params": {"gamma": 32.572150645226785, "log10_alpha": -3.4157835471734197, "log10_colsample_bytree": -0.8828705441139234, "log10_eta": -0.4391841735977362, "log10_lambda": -1.1841182577640699, "log10_min_child_weight": 3.2029769392089067, "log10_subsample": -0.6210755249627754, "max_depth": 3.0, "num_boost_round": 14.0}, "datetime": {"datetime": "2024-01-19 01:09:38", "elapsed": 3486.224044, "delta": 0.003335}}
{"target": -13.794963504883532, "params": {"gamma": 32.572150645226785, "log10_alpha": -3.4157835471734197, "log10_colsample_bytree": -0.8828705441139234, "log10_eta": -0.4391841735977362, "log10_lambda": -1.1841182577640699, "log10_min_child_weight": 3.2029769392089067, "log10_subsample": -0.6210755249627754, "max_depth": 3.0, "num_boost_round": 15.0}, "datetime": {"datetime": "2024-01-19 01:09:38", "elapsed": 3486.227365, "delta": 0.003321}}
{"target": -13.79843906865717, "params": {"gamma": 32.572150645226785, "log10_alpha": -3.4157835471734197, "log10_colsample_bytree": -0.8828705441139234, "log10_eta": -0.4391841735977362, "log10_lambda": -1.1841182577640699, "log10_min_child_weight": 3.2029769392089067, "log10_subsample": -0.6210755249627754, "max_depth": 3.0, "num_boost_round": 16.0}, "datetime": {"datetime": "2024-01-19 01:09:38", "elapsed": 3486.23085, "delta": 0.003485}}
{"target": -13.798982128113634, "params": {"gamma": 32.572150645226785, "log10_alpha": -3.4157835471734197, "log10_colsample_bytree": -0.8828705441139234, "log10_eta": -0.4391841735977362, "log10_lambda": -1.1841182577640699, "log10_min_child_weight": 3.2029769392089067, "log10_subsample": -0.6210755249627754, "max_depth": 3.0, "num_boost_round": 17.0}, "datetime": {"datetime": "2024-01-19 01:09:38", "elapsed": 3486.23418, "delta": 0.00333}}
{"target": -13.802474243381733, "params": {"gamma": 32.572150645226785, "log10_alpha": -3.4157835471734197, "log10_colsample_bytree": -0.8828705441139234, "log10_eta": -0.4391841735977362, "log10_lambda": -1.1841182577640699, "log10_min_child_weight": 3.2029769392089067, "log10_subsample": -0.6210755249627754, "max_depth": 3.0, "num_boost_round": 18.0}, "datetime": {"datetime": "2024-01-19 01:09:38", "elapsed": 3486.237571, "delta": 0.003391}}
{"target": -13.800591260286545, "params": {"gamma": 32.572150645226785, "log10_alpha": -3.4157835471734197, "log10_colsample_bytree": -0.8828705441139234, "log10_eta": -0.4391841735977362, "log10_lambda": -1.1841182577640699, "log10_min_child_weight": 3.2029769392089067, "log10_subsample": -0.6210755249627754, "max_depth": 3.0, "num_boost_round": 19.0}, "datetime": {"datetime": "2024-01-19 01:09:38", "elapsed": 3486.240932, "delta": 0.003361}}
{"target": -13.803896273234317, "params": {"gamma": 32.572150645226785, "log10_alpha": -3.4157835471734197, "log10_colsample_bytree": -0.8828705441139234, "log10_eta": -0.4391841735977362, "log10_lambda": -1.1841182577640699, "log10_min_child_weight": 3.2029769392089067, "log10_subsample": -0.6210755249627754, "max_depth": 3.0, "num_boost_round": 20.0}, "datetime": {"datetime": "2024-01-19 01:09:38", "elapsed": 3486.244294, "delta": 0.003362}}
{"target": -13.814122086403573, "params": {"gamma": 32.572150645226785, "log10_alpha": -3.4157835471734197, "log10_colsample_bytree": -0.8828705441139234, "log10_eta": -0.4391841735977362, "log10_lambda": -1.1841182577640699, "log10_min_child_weight": 3.2029769392089067, "log10_subsample": -0.6210755249627754, "max_depth": 3.0, "num_boost_round": 21.0}, "datetime": {"datetime": "2024-01-19 01:09:38", "elapsed": 3486.247642, "delta": 0.003348}}
{"target": -13.818141708160022, "params": {"gamma": 32.572150645226785, "log10_alpha": -3.4157835471734197, "log10_colsample_bytree": -0.8828705441139234, "log10_eta": -0.4391841735977362, "log10_lambda": -1.1841182577640699, "log10_min_child_weight": 3.2029769392089067, "log10_subsample": -0.6210755249627754, "max_depth": 3.0, "num_boost_round": 22.0}, "datetime": {"datetime": "2024-01-19 01:09:38", "elapsed": 3486.251096, "delta": 0.003454}}
{"target": -13.821512571099579, "params": {"gamma": 32.572150645226785, "log10_alpha": -3.4157835471734197, "log10_colsample_bytree": -0.8828705441139234, "log10_eta": -0.4391841735977362, "log10_lambda": -1.1841182577640699, "log10_min_child_weight": 3.2029769392089067, "log10_subsample": -0.6210755249627754, "max_depth": 3.0, "num_boost_round": 23.0}, "datetime": {"datetime": "2024-01-19 01:09:38", "elapsed": 3486.254477, "delta": 0.003381}}
{"target": -13.82883587345758, "params": {"gamma": 32.572150645226785, "log10_alpha": -3.4157835471734197, "log10_colsample_bytree": -0.8828705441139234, "log10_eta": -0.4391841735977362, "log10_lambda": -1.1841182577640699, "log10_min_child_weight": 3.2029769392089067, "log10_subsample": -0.6210755249627754, "max_depth": 3.0, "num_boost_round": 24.0}, "datetime": {"datetime": "2024-01-19 01:09:38", "elapsed": 3486.258199, "delta": 0.003722}}
{"target": -13.828811724053688, "params": {"gamma": 32.572150645226785, "log10_alpha": -3.4157835471734197, "log10_colsample_bytree": -0.8828705441139234, "log10_eta": -0.4391841735977362, "log10_lambda": -1.1841182577640699, "log10_min_child_weight": 3.2029769392089067, "log10_subsample": -0.6210755249627754, "max_depth": 3.0, "num_boost_round": 25.0}, "datetime": {"datetime": "2024-01-19 01:09:38", "elapsed": 3486.262226, "delta": 0.004027}}
{"target": -13.8341121422986, "params": {"gamma": 32.572150645226785, "log10_alpha": -3.4157835471734197, "log10_colsample_bytree": -0.8828705441139234, "log10_eta": -0.4391841735977362, "log10_lambda": -1.1841182577640699, "log10_min_child_weight": 3.2029769392089067, "log10_subsample": -0.6210755249627754, "max_depth": 3.0, "num_boost_round": 26.0}, "datetime": {"datetime": "2024-01-19 01:09:38", "elapsed": 3486.26559, "delta": 0.003364}}
{"target": -13.838562847664212, "params": {"gamma": 32.572150645226785, "log10_alpha": -3.4157835471734197, "log10_colsample_bytree": -0.8828705441139234, "log10_eta": -0.4391841735977362, "log10_lambda": -1.1841182577640699, "log10_min_child_weight": 3.2029769392089067, "log10_subsample": -0.6210755249627754, "max_depth": 3.0, "num_boost_round": 27.0}, "datetime": {"datetime": "2024-01-19 01:09:38", "elapsed": 3486.269073, "delta": 0.003483}}
{"target": -13.840919852442129, "params": {"gamma": 32.572150645226785, "log10_alpha": -3.4157835471734197, "log10_colsample_bytree": -0.8828705441139234, "log10_eta": -0.4391841735977362, "log10_lambda": -1.1841182577640699, "log10_min_child_weight": 3.2029769392089067, "log10_subsample": -0.6210755249627754, "max_depth": 3.0, "num_boost_round": 28.0}, "datetime": {"datetime": "2024-01-19 01:09:38", "elapsed": 3486.376487, "delta": 0.107414}}
{"target": -13.838274255367434, "params": {"gamma": 32.572150645226785, "log10_alpha": -3.4157835471734197, "log10_colsample_bytree": -0.8828705441139234, "log10_eta": -0.4391841735977362, "log10_lambda": -1.1841182577640699, "log10_min_child_weight": 3.2029769392089067, "log10_subsample": -0.6210755249627754, "max_depth": 3.0, "num_boost_round": 29.0}, "datetime": {"datetime": "2024-01-19 01:09:38", "elapsed": 3486.380453, "delta": 0.003966}}
{"target": -13.84183233998408, "params": {"gamma": 32.572150645226785, "log10_alpha": -3.4157835471734197, "log10_colsample_bytree": -0.8828705441139234, "log10_eta": -0.4391841735977362, "log10_lambda": -1.1841182577640699, "log10_min_child_weight": 3.2029769392089067, "log10_subsample": -0.6210755249627754, "max_depth": 3.0, "num_boost_round": 30.0}, "datetime": {"datetime": "2024-01-19 01:09:38", "elapsed": 3486.384097, "delta": 0.003644}}
{"target": -13.758526966717104, "params": {"gamma": 49.7296235089022, "log10_alpha": -2.345730986605925, "log10_colsample_bytree": -0.9414996518055144, "log10_eta": -2.9371885673934894, "log10_lambda": -3.634437336788674, "log10_min_child_weight": 3.7356860110481453, "log10_subsample": -0.12651806382147424, "max_depth": 7.0, "num_boost_round": 0.0}, "datetime": {"datetime": "2024-01-19 01:10:18", "elapsed": 3526.343284, "delta": 39.959187}}
{"target": -13.758520162674571, "params": {"gamma": 49.7296235089022, "log10_alpha": -2.345730986605925, "log10_colsample_bytree": -0.9414996518055144, "log10_eta": -2.9371885673934894, "log10_lambda": -3.634437336788674, "log10_min_child_weight": 3.7356860110481453, "log10_subsample": -0.12651806382147424, "max_depth": 7.0, "num_boost_round": 1.0}, "datetime": {"datetime": "2024-01-19 01:10:18", "elapsed": 3526.347654, "delta": 0.00437}}
{"target": -13.75850917120144, "params": {"gamma": 49.7296235089022, "log10_alpha": -2.345730986605925, "log10_colsample_bytree": -0.9414996518055144, "log10_eta": -2.9371885673934894, "log10_lambda": -3.634437336788674, "log10_min_child_weight": 3.7356860110481453, "log10_subsample": -0.12651806382147424, "max_depth": 7.0, "num_boost_round": 2.0}, "datetime": {"datetime": "2024-01-19 01:10:18", "elapsed": 3526.351353, "delta": 0.003699}}
{"target": -13.758511195432172, "params": {"gamma": 49.7296235089022, "log10_alpha": -2.345730986605925, "log10_colsample_bytree": -0.9414996518055144, "log10_eta": -2.9371885673934894, "log10_lambda": -3.634437336788674, "log10_min_child_weight": 3.7356860110481453, "log10_subsample": -0.12651806382147424, "max_depth": 7.0, "num_boost_round": 3.0}, "datetime": {"datetime": "2024-01-19 01:10:18", "elapsed": 3526.354848, "delta": 0.003495}}
{"target": -13.758495980274262, "params": {"gamma": 49.7296235089022, "log10_alpha": -2.345730986605925, "log10_colsample_bytree": -0.9414996518055144, "log10_eta": -2.9371885673934894, "log10_lambda": -3.634437336788674, "log10_min_child_weight": 3.7356860110481453, "log10_subsample": -0.12651806382147424, "max_depth": 7.0, "num_boost_round": 4.0}, "datetime": {"datetime": "2024-01-19 01:10:18", "elapsed": 3526.358302, "delta": 0.003454}}
{"target": -13.758486572258027, "params": {"gamma": 49.7296235089022, "log10_alpha": -2.345730986605925, "log10_colsample_bytree": -0.9414996518055144, "log10_eta": -2.9371885673934894, "log10_lambda": -3.634437336788674, "log10_min_child_weight": 3.7356860110481453, "log10_subsample": -0.12651806382147424, "max_depth": 7.0, "num_boost_round": 5.0}, "datetime": {"datetime": "2024-01-19 01:10:18", "elapsed": 3526.361755, "delta": 0.003453}}
{"target": -13.758501931717253, "params": {"gamma": 49.7296235089022, "log10_alpha": -2.345730986605925, "log10_colsample_bytree": -0.9414996518055144, "log10_eta": -2.9371885673934894, "log10_lambda": -3.634437336788674, "log10_min_child_weight": 3.7356860110481453, "log10_subsample": -0.12651806382147424, "max_depth": 7.0, "num_boost_round": 6.0}, "datetime": {"datetime": "2024-01-19 01:10:18", "elapsed": 3526.365145, "delta": 0.00339}}
{"target": -13.758469593037812, "params": {"gamma": 49.7296235089022, "log10_alpha": -2.345730986605925, "log10_colsample_bytree": -0.9414996518055144, "log10_eta": -2.9371885673934894, "log10_lambda": -3.634437336788674, "log10_min_child_weight": 3.7356860110481453, "log10_subsample": -0.12651806382147424, "max_depth": 7.0, "num_boost_round": 7.0}, "datetime": {"datetime": "2024-01-19 01:10:18", "elapsed": 3526.368706, "delta": 0.003561}}
{"target": -13.758445458737453, "params": {"gamma": 49.7296235089022, "log10_alpha": -2.345730986605925, "log10_colsample_bytree": -0.9414996518055144, "log10_eta": -2.9371885673934894, "log10_lambda": -3.634437336788674, "log10_min_child_weight": 3.7356860110481453, "log10_subsample": -0.12651806382147424, "max_depth": 7.0, "num_boost_round": 8.0}, "datetime": {"datetime": "2024-01-19 01:10:18", "elapsed": 3526.372175, "delta": 0.003469}}
{"target": -13.75843911331841, "params": {"gamma": 49.7296235089022, "log10_alpha": -2.345730986605925, "log10_colsample_bytree": -0.9414996518055144, "log10_eta": -2.9371885673934894, "log10_lambda": -3.634437336788674, "log10_min_child_weight": 3.7356860110481453, "log10_subsample": -0.12651806382147424, "max_depth": 7.0, "num_boost_round": 9.0}, "datetime": {"datetime": "2024-01-19 01:10:18", "elapsed": 3526.375825, "delta": 0.00365}}
{"target": -13.758435528115399, "params": {"gamma": 49.7296235089022, "log10_alpha": -2.345730986605925, "log10_colsample_bytree": -0.9414996518055144, "log10_eta": -2.9371885673934894, "log10_lambda": -3.634437336788674, "log10_min_child_weight": 3.7356860110481453, "log10_subsample": -0.12651806382147424, "max_depth": 7.0, "num_boost_round": 10.0}, "datetime": {"datetime": "2024-01-19 01:10:18", "elapsed": 3526.379255, "delta": 0.00343}}
{"target": -13.758434023439753, "params": {"gamma": 49.7296235089022, "log10_alpha": -2.345730986605925, "log10_colsample_bytree": -0.9414996518055144, "log10_eta": -2.9371885673934894, "log10_lambda": -3.634437336788674, "log10_min_child_weight": 3.7356860110481453, "log10_subsample": -0.12651806382147424, "max_depth": 7.0, "num_boost_round": 11.0}, "datetime": {"datetime": "2024-01-19 01:10:18", "elapsed": 3526.382756, "delta": 0.003501}}
{"target": -13.758417975413986, "params": {"gamma": 49.7296235089022, "log10_alpha": -2.345730986605925, "log10_colsample_bytree": -0.9414996518055144, "log10_eta": -2.9371885673934894, "log10_lambda": -3.634437336788674, "log10_min_child_weight": 3.7356860110481453, "log10_subsample": -0.12651806382147424, "max_depth": 7.0, "num_boost_round": 12.0}, "datetime": {"datetime": "2024-01-19 01:10:18", "elapsed": 3526.386161, "delta": 0.003405}}
{"target": -13.758402635021627, "params": {"gamma": 49.7296235089022, "log10_alpha": -2.345730986605925, "log10_colsample_bytree": -0.9414996518055144, "log10_eta": -2.9371885673934894, "log10_lambda": -3.634437336788674, "log10_min_child_weight": 3.7356860110481453, "log10_subsample": -0.12651806382147424, "max_depth": 7.0, "num_boost_round": 13.0}, "datetime": {"datetime": "2024-01-19 01:10:18", "elapsed": 3526.389718, "delta": 0.003557}}
{"target": -13.758393141997107, "params": {"gamma": 49.7296235089022, "log10_alpha": -2.345730986605925, "log10_colsample_bytree": -0.9414996518055144, "log10_eta": -2.9371885673934894, "log10_lambda": -3.634437336788674, "log10_min_child_weight": 3.7356860110481453, "log10_subsample": -0.12651806382147424, "max_depth": 7.0, "num_boost_round": 14.0}, "datetime": {"datetime": "2024-01-19 01:10:18", "elapsed": 3526.393467, "delta": 0.003749}}
{"target": -13.758374284439094, "params": {"gamma": 49.7296235089022, "log10_alpha": -2.345730986605925, "log10_colsample_bytree": -0.9414996518055144, "log10_eta": -2.9371885673934894, "log10_lambda": -3.634437336788674, "log10_min_child_weight": 3.7356860110481453, "log10_subsample": -0.12651806382147424, "max_depth": 7.0, "num_boost_round": 15.0}, "datetime": {"datetime": "2024-01-19 01:10:18", "elapsed": 3526.397175, "delta": 0.003708}}
{"target": -13.75835507387454, "params": {"gamma": 49.7296235089022, "log10_alpha": -2.345730986605925, "log10_colsample_bytree": -0.9414996518055144, "log10_eta": -2.9371885673934894, "log10_lambda": -3.634437336788674, "log10_min_child_weight": 3.7356860110481453, "log10_subsample": -0.12651806382147424, "max_depth": 7.0, "num_boost_round": 16.0}, "datetime": {"datetime": "2024-01-19 01:10:18", "elapsed": 3526.4007, "delta": 0.003525}}
