{"target": -17.674213574821156, "params": {"gamma": 855.3036941538829, "log10_alpha": -1.7214506803934873, "log10_colsample_bytree": -0.182545794675828, "log10_eta": -1.677583204328882, "log10_lambda": -1.5396668342533353, "log10_min_child_weight": 1.488731551904285, "log10_subsample": -0.2948342181686975, "max_depth": 2.0, "num_boost_round": 7.0}, "datetime": {"datetime": "2024-01-19 01:12:03", "elapsed": 3603.673671, "delta": 0.004148}}
{"target": -17.674006960865874, "params": {"gamma": 855.3036941538829, "log10_alpha": -1.7214506803934873, "log10_colsample_bytree": -0.182545794675828, "log10_eta": -1.677583204328882, "log10_lambda": -1.5396668342533353, "log10_min_child_weight": 1.488731551904285, "log10_subsample": -0.2948342181686975, "max_depth": 2.0, "num_boost_round": 8.0}, "datetime": {"datetime": "2024-01-19 01:12:03", "elapsed": 3603.677689, "delta": 0.004018}}
{"target": -17.673796364012894, "params": {"gamma": 855.3036941538829, "log10_alpha": -1.7214506803934873, "log10_colsample_bytree": -0.182545794675828, "log10_eta": -1.677583204328882, "log10_lambda": -1.5396668342533353, "log10_min_child_weight": 1.488731551904285, "log10_subsample": -0.2948342181686975, "max_depth": 2.0, "num_boost_round": 9.0}, "datetime": {"datetime": "2024-01-19 01:12:03", "elapsed": 3603.681711, "delta": 0.004022}}
{"target": -17.673721389542347, "params": {"gamma": 855.3036941538829, "log10_alpha": -1.7214506803934873, "log10_colsample_bytree": -0.182545794675828, "log10_eta": -1.677583204328882, "log10_lambda": -1.5396668342533353, "log10_min_child_weight": 1.488731551904285, "log10_subsample": -0.2948342181686975, "max_depth": 2.0, "num_boost_round": 10.0}, "datetime": {"datetime": "2024-01-19 01:12:03", "elapsed": 3603.68557, "delta": 0.003859}}
{"target": -17.673463091551714, "params": {"gamma": 855.3036941538829, "log10_alpha": -1.7214506803934873, "log10_colsample_bytree": -0.182545794675828, "log10_eta": -1.677583204328882, "log10_lambda": -1.5396668342533353, "log10_min_child_weight": 1.488731551904285, "log10_subsample": -0.2948342181686975, "max_depth": 2.0, "num_boost_round": 11.0}, "datetime": {"datetime": "2024-01-19 01:12:03", "elapsed": 3603.689584, "delta": 0.004014}}
{"target": -17.673454400448286, "params": {"gamma": 855.3036941538829, "log10_alpha": -1.7214506803934873, "log10_colsample_bytree": -0.182545794675828, "log10_eta": -1.677583204328882, "log10_lambda": -1.5396668342533353, "log10_min_child_weight": 1.488731551904285, "log10_subsample": -0.2948342181686975, "max_depth": 2.0, "num_boost_round": 12.0}, "datetime": {"datetime": "2024-01-19 01:12:03", "elapsed": 3603.693487, "delta": 0.003903}}
{"target": -17.673496826903182, "params": {"gamma": 855.3036941538829, "log10_alpha": -1.7214506803934873, "log10_colsample_bytree": -0.182545794675828, "log10_eta": -1.677583204328882, "log10_lambda": -1.5396668342533353, "log10_min_child_weight": 1.488731551904285, "log10_subsample": -0.2948342181686975, "max_depth": 2.0, "num_boost_round": 13.0}, "datetime": {"datetime": "2024-01-19 01:12:03", "elapsed": 3603.69736, "delta": 0.003873}}
{"target": -17.673589284395252, "params": {"gamma": 855.3036941538829, "log10_alpha": -1.7214506803934873, "log10_colsample_bytree": -0.182545794675828, "log10_eta": -1.677583204328882, "log10_lambda": -1.5396668342533353, "log10_min_child_weight": 1.488731551904285, "log10_subsample": -0.2948342181686975, "max_depth": 2.0, "num_boost_round": 14.0}, "datetime": {"datetime": "2024-01-19 01:12:03", "elapsed": 3603.701152, "delta": 0.003792}}
{"target": -17.673515477042095, "params": {"gamma": 855.3036941538829, "log10_alpha": -1.7214506803934873, "log10_colsample_bytree": -0.182545794675828, "log10_eta": -1.677583204328882, "log10_lambda": -1.5396668342533353, "log10_min_child_weight": 1.488731551904285, "log10_subsample": -0.2948342181686975, "max_depth": 2.0, "num_boost_round": 15.0}, "datetime": {"datetime": "2024-01-19 01:12:03", "elapsed": 3603.704889, "delta": 0.003737}}
{"target": -17.673297208810926, "params": {"gamma": 855.3036941538829, "log10_alpha": -1.7214506803934873, "log10_colsample_bytree": -0.182545794675828, "log10_eta": -1.677583204328882, "log10_lambda": -1.5396668342533353, "log10_min_child_weight": 1.488731551904285, "log10_subsample": -0.2948342181686975, "max_depth": 2.0, "num_boost_round": 16.0}, "datetime": {"datetime": "2024-01-19 01:12:03", "elapsed": 3603.708725, "delta": 0.003836}}
{"target": -17.67320952684951, "params": {"gamma": 855.3036941538829, "log10_alpha": -1.7214506803934873, "log10_colsample_bytree": -0.182545794675828, "log10_eta": -1.677583204328882, "log10_lambda": -1.5396668342533353, "log10_min_child_weight": 1.488731551904285, "log10_subsample": -0.2948342181686975, "max_depth": 2.0, "num_boost_round": 17.0}, "datetime": {"datetime": "2024-01-19 01:12:03", "elapsed": 3603.712498, "delta": 0.003773}}
{"target": -17.673067309413447, "params": {"gamma": 855.3036941538829, "log10_alpha": -1.7214506803934873, "log10_colsample_bytree": -0.182545794675828, "log10_eta": -1.677583204328882, "log10_lambda": -1.5396668342533353, "log10_min_child_weight": 1.488731551904285, "log10_subsample": -0.2948342181686975, "max_depth": 2.0, "num_boost_round": 18.0}, "datetime": {"datetime": "2024-01-19 01:12:03", "elapsed": 3603.71627, "delta": 0.003772}}
{"target": -17.673298231115222, "params": {"gamma": 855.3036941538829, "log10_alpha": -1.7214506803934873, "log10_colsample_bytree": -0.182545794675828, "log10_eta": -1.677583204328882, "log10_lambda": -1.5396668342533353, "log10_min_child_weight": 1.488731551904285, "log10_subsample": -0.2948342181686975, "max_depth": 2.0, "num_boost_round": 19.0}, "datetime": {"datetime": "2024-01-19 01:12:03", "elapsed": 3603.720206, "delta": 0.003936}}
{"target": -17.673360314272756, "params": {"gamma": 855.3036941538829, "log10_alpha": -1.7214506803934873, "log10_colsample_bytree": -0.182545794675828, "log10_eta": -1.677583204328882, "log10_lambda": -1.5396668342533353, "log10_min_child_weight": 1.488731551904285, "log10_subsample": -0.2948342181686975, "max_depth": 2.0, "num_boost_round": 20.0}, "datetime": {"datetime": "2024-01-19 01:12:03", "elapsed": 3603.724814, "delta": 0.004608}}
{"target": -17.67281956954567, "params": {"gamma": 855.3036941538829, "log10_alpha": -1.7214506803934873, "log10_colsample_bytree": -0.182545794675828, "log10_eta": -1.677583204328882, "log10_lambda": -1.5396668342533353, "log10_min_child_weight": 1.488731551904285, "log10_subsample": -0.2948342181686975, "max_depth": 2.0, "num_boost_round": 21.0}, "datetime": {"datetime": "2024-01-19 01:12:03", "elapsed": 3603.72916, "delta": 0.004346}}
{"target": -17.672646041387686, "params": {"gamma": 855.3036941538829, "log10_alpha": -1.7214506803934873, "log10_colsample_bytree": -0.182545794675828, "log10_eta": -1.677583204328882, "log10_lambda": -1.5396668342533353, "log10_min_child_weight": 1.488731551904285, "log10_subsample": -0.2948342181686975, "max_depth": 2.0, "num_boost_round": 22.0}, "datetime": {"datetime": "2024-01-19 01:12:03", "elapsed": 3603.733129, "delta": 0.003969}}
{"target": -17.67240401128684, "params": {"gamma": 855.3036941538829, "log10_alpha": -1.7214506803934873, "log10_colsample_bytree": -0.182545794675828, "log10_eta": -1.677583204328882, "log10_lambda": -1.5396668342533353, "log10_min_child_weight": 1.488731551904285, "log10_subsample": -0.2948342181686975, "max_depth": 2.0, "num_boost_round": 23.0}, "datetime": {"datetime": "2024-01-19 01:12:03", "elapsed": 3603.736976, "delta": 0.003847}}
{"target": -17.671855537944097, "params": {"gamma": 855.3036941538829, "log10_alpha": -1.7214506803934873, "log10_colsample_bytree": -0.182545794675828, "log10_eta": -1.677583204328882, "log10_lambda": -1.5396668342533353, "log10_min_child_weight": 1.488731551904285, "log10_subsample": -0.2948342181686975, "max_depth": 2.0, "num_boost_round": 24.0}, "datetime": {"datetime": "2024-01-19 01:12:03", "elapsed": 3603.740759, "delta": 0.003783}}
{"target": -17.67209028896167, "params": {"gamma": 855.3036941538829, "log10_alpha": -1.7214506803934873, "log10_colsample_bytree": -0.182545794675828, "log10_eta": -1.677583204328882, "log10_lambda": -1.5396668342533353, "log10_min_child_weight": 1.488731551904285, "log10_subsample": -0.2948342181686975, "max_depth": 2.0, "num_boost_round": 25.0}, "datetime": {"datetime": "2024-01-19 01:12:03", "elapsed": 3603.744552, "delta": 0.003793}}
{"target": -17.671916990907786, "params": {"gamma": 855.3036941538829, "log10_alpha": -1.7214506803934873, "log10_colsample_bytree": -0.182545794675828, "log10_eta": -1.677583204328882, "log10_lambda": -1.5396668342533353, "log10_min_child_weight": 1.488731551904285, "log10_subsample": -0.2948342181686975, "max_depth": 2.0, "num_boost_round": 26.0}, "datetime": {"datetime": "2024-01-19 01:12:03", "elapsed": 3603.748343, "delta": 0.003791}}
{"target": -17.677217367931142, "params": {"gamma": 867.5114491031745, "log10_alpha": 0.695848556130362, "log10_colsample_bytree": -0.8702287647106969, "log10_eta": -3.3535163416068494, "log10_lambda": 0.33412864551895005, "log10_min_child_weight": 1.8512658499563617, "log10_subsample": -0.12024804411897594, "max_depth": 6.0, "num_boost_round": 0.0}, "datetime": {"datetime": "2024-01-19 01:12:40", "elapsed": 3641.048071, "delta": 37.299728}}
{"target": -17.67721182087177, "params": {"gamma": 867.5114491031745, "log10_alpha": 0.695848556130362, "log10_colsample_bytree": -0.8702287647106969, "log10_eta": -3.3535163416068494, "log10_lambda": 0.33412864551895005, "log10_min_child_weight": 1.8512658499563617, "log10_subsample": -0.12024804411897594, "max_depth": 6.0, "num_boost_round": 1.0}, "datetime": {"datetime": "2024-01-19 01:12:40", "elapsed": 3641.05311, "delta": 0.005039}}
{"target": -17.67717278428964, "params": {"gamma": 867.5114491031745, "log10_alpha": 0.695848556130362, "log10_colsample_bytree": -0.8702287647106969, "log10_eta": -3.3535163416068494, "log10_lambda": 0.33412864551895005, "log10_min_child_weight": 1.8512658499563617, "log10_subsample": -0.12024804411897594, "max_depth": 6.0, "num_boost_round": 2.0}, "datetime": {"datetime": "2024-01-19 01:12:40", "elapsed": 3641.057149, "delta": 0.004039}}
{"target": -17.677163077394912, "params": {"gamma": 867.5114491031745, "log10_alpha": 0.695848556130362, "log10_colsample_bytree": -0.8702287647106969, "log10_eta": -3.3535163416068494, "log10_lambda": 0.33412864551895005, "log10_min_child_weight": 1.8512658499563617, "log10_subsample": -0.12024804411897594, "max_depth": 6.0, "num_boost_round": 3.0}, "datetime": {"datetime": "2024-01-19 01:12:40", "elapsed": 3641.06113, "delta": 0.003981}}
{"target": -17.677123732965654, "params": {"gamma": 867.5114491031745, "log10_alpha": 0.695848556130362, "log10_colsample_bytree": -0.8702287647106969, "log10_eta": -3.3535163416068494, "log10_lambda": 0.33412864551895005, "log10_min_child_weight": 1.8512658499563617, "log10_subsample": -0.12024804411897594, "max_depth": 6.0, "num_boost_round": 4.0}, "datetime": {"datetime": "2024-01-19 01:12:40", "elapsed": 3641.065074, "delta": 0.003944}}
{"target": -17.677104364079128, "params": {"gamma": 867.5114491031745, "log10_alpha": 0.695848556130362, "log10_colsample_bytree": -0.8702287647106969, "log10_eta": -3.3535163416068494, "log10_lambda": 0.33412864551895005, "log10_min_child_weight": 1.8512658499563617, "log10_subsample": -0.12024804411897594, "max_depth": 6.0, "num_boost_round": 5.0}, "datetime": {"datetime": "2024-01-19 01:12:40", "elapsed": 3641.068949, "delta": 0.003875}}
{"target": -17.67711203282497, "params": {"gamma": 867.5114491031745, "log10_alpha": 0.695848556130362, "log10_colsample_bytree": -0.8702287647106969, "log10_eta": -3.3535163416068494, "log10_lambda": 0.33412864551895005, "log10_min_child_weight": 1.8512658499563617, "log10_subsample": -0.12024804411897594, "max_depth": 6.0, "num_boost_round": 6.0}, "datetime": {"datetime": "2024-01-19 01:12:40", "elapsed": 3641.204371, "delta": 0.135422}}
{"target": -17.677077733084086, "params": {"gamma": 867.5114491031745, "log10_alpha": 0.695848556130362, "log10_colsample_bytree": -0.8702287647106969, "log10_eta": -3.3535163416068494, "log10_lambda": 0.33412864551895005, "log10_min_child_weight": 1.8512658499563617, "log10_subsample": -0.12024804411897594, "max_depth": 6.0, "num_boost_round": 7.0}, "datetime": {"datetime": "2024-01-19 01:12:40", "elapsed": 3641.209503, "delta": 0.005132}}
{"target": -17.677081109229086, "params": {"gamma": 867.5114491031745, "log10_alpha": 0.695848556130362, "log10_colsample_bytree": -0.8702287647106969, "log10_eta": -3.3535163416068494, "log10_lambda": 0.33412864551895005, "log10_min_child_weight": 1.8512658499563617, "log10_subsample": -0.12024804411897594, "max_depth": 6.0, "num_boost_round": 8.0}, "datetime": {"datetime": "2024-01-19 01:12:40", "elapsed": 3641.214315, "delta": 0.004812}}
{"target": -17.677079200170155, "params": {"gamma": 867.5114491031745, "log10_alpha": 0.695848556130362, "log10_colsample_bytree": -0.8702287647106969, "log10_eta": -3.3535163416068494, "log10_lambda": 0.33412864551895005, "log10_min_child_weight": 1.8512658499563617, "log10_subsample": -0.12024804411897594, "max_depth": 6.0, "num_boost_round": 9.0}, "datetime": {"datetime": "2024-01-19 01:12:40", "elapsed": 3641.218688, "delta": 0.004373}}
{"target": -17.6770418696365, "params": {"gamma": 867.5114491031745, "log10_alpha": 0.695848556130362, "log10_colsample_bytree": -0.8702287647106969, "log10_eta": -3.3535163416068494, "log10_lambda": 0.33412864551895005, "log10_min_child_weight": 1.8512658499563617, "log10_subsample": -0.12024804411897594, "max_depth": 6.0, "num_boost_round": 10.0}, "datetime": {"datetime": "2024-01-19 01:12:40", "elapsed": 3641.223202, "delta": 0.004514}}
{"target": -17.677227862505706, "params": {"gamma": 879.3303397638965, "log10_alpha": -2.004094876492988, "log10_colsample_bytree": -0.6913966171582152, "log10_eta": -4.0, "log10_lambda": -2.517699627914146, "log10_min_child_weight": 1.8052429736186821, "log10_subsample": -1.0, "max_depth": 5.0, "num_boost_round": 0.0}, "datetime": {"datetime": "2024-01-19 01:14:21", "elapsed": 3741.957387, "delta": 100.734185}}
{"target": -17.677222126963184, "params": {"gamma": 879.3303397638965, "log10_alpha": -2.004094876492988, "log10_colsample_bytree": -0.6913966171582152, "log10_eta": -4.0, "log10_lambda": -2.517699627914146, "log10_min_child_weight": 1.8052429736186821, "log10_subsample": -1.0, "max_depth": 5.0, "num_boost_round": 1.0}, "datetime": {"datetime": "2024-01-19 01:14:21", "elapsed": 3741.96144, "delta": 0.004053}}
{"target": -17.677220538134005, "params": {"gamma": 879.3303397638965, "log10_alpha": -2.004094876492988, "log10_colsample_bytree": -0.6913966171582152, "log10_eta": -4.0, "log10_lambda": -2.517699627914146, "log10_min_child_weight": 1.8052429736186821, "log10_subsample": -1.0, "max_depth": 5.0, "num_boost_round": 2.0}, "datetime": {"datetime": "2024-01-19 01:14:21", "elapsed": 3741.965358, "delta": 0.003918}}
{"target": -17.67721846769262, "params": {"gamma": 879.3303397638965, "log10_alpha": -2.004094876492988, "log10_colsample_bytree": -0.6913966171582152, "log10_eta": -4.0, "log10_lambda": -2.517699627914146, "log10_min_child_weight": 1.8052429736186821, "log10_subsample": -1.0, "max_depth": 5.0, "num_boost_round": 3.0}, "datetime": {"datetime": "2024-01-19 01:14:21", "elapsed": 3741.970215, "delta": 0.004857}}
{"target": -17.677213367941427, "params": {"gamma": 879.3303397638965, "log10_alpha": -2.004094876492988, "log10_colsample_bytree": -0.6913966171582152, "log10_eta": -4.0, "log10_lambda": -2.517699627914146, "log10_min_child_weight": 1.8052429736186821, "log10_subsample": -1.0, "max_depth": 5.0, "num_boost_round": 4.0}, "datetime": {"datetime": "2024-01-19 01:14:21", "elapsed": 3741.975036, "delta": 0.004821}}
{"target": -17.677208334232414, "params": {"gamma": 879.3303397638965, "log10_alpha": -2.004094876492988, "log10_colsample_bytree": -0.6913966171582152, "log10_eta": -4.0, "log10_lambda": -2.517699627914146, "log10_min_child_weight": 1.8052429736186821, "log10_subsample": -1.0, "max_depth": 5.0, "num_boost_round": 5.0}, "datetime": {"datetime": "2024-01-19 01:14:21", "elapsed": 3741.979333, "delta": 0.004297}}
{"target": -17.67720520898863, "params": {"gamma": 879.3303397638965, "log10_alpha": -2.004094876492988, "log10_colsample_bytree": -0.6913966171582152, "log10_eta": -4.0, "log10_lambda": -2.517699627914146, "log10_min_child_weight": 1.8052429736186821, "log10_subsample": -1.0, "max_depth": 5.0, "num_boost_round": 6.0}, "datetime": {"datetime": "2024-01-19 01:14:21", "elapsed": 3741.983211, "delta": 0.003878}}
{"target": -17.67719943841773, "params": {"gamma": 879.3303397638965, "log10_alpha": -2.004094876492988, "log10_colsample_bytree": -0.6913966171582152, "log10_eta": -4.0, "log10_lambda": -2.517699627914146, "log10_min_child_weight": 1.8052429736186821, "log10_subsample": -1.0, "max_depth": 5.0, "num_boost_round": 7.0}, "datetime": {"datetime": "2024-01-19 01:14:21", "elapsed": 3741.987128, "delta": 0.003917}}
{"target": -17.677195279170427, "params": {"gamma": 879.3303397638965, "log10_alpha": -2.004094876492988, "log10_colsample_bytree": -0.6913966171582152, "log10_eta": -4.0, "log10_lambda": -2.517699627914146, "log10_min_child_weight": 1.8052429736186821, "log10_subsample": -1.0, "max_depth": 5.0, "num_boost_round": 8.0}, "datetime": {"datetime": "2024-01-19 01:14:21", "elapsed": 3741.990961, "delta": 0.003833}}
{"target": -17.677195146944683, "params": {"gamma": 879.3303397638965, "log10_alpha": -2.004094876492988, "log10_colsample_bytree": -0.6913966171582152, "log10_eta": -4.0, "log10_lambda": -2.517699627914146, "log10_min_child_weight": 1.8052429736186821, "log10_subsample": -1.0, "max_depth": 5.0, "num_boost_round": 9.0}, "datetime": {"datetime": "2024-01-19 01:14:21", "elapsed": 3741.994856, "delta": 0.003895}}
{"target": -17.677189884466415, "params": {"gamma": 879.3303397638965, "log10_alpha": -2.004094876492988, "log10_colsample_bytree": -0.6913966171582152, "log10_eta": -4.0, "log10_lambda": -2.517699627914146, "log10_min_child_weight": 1.8052429736186821, "log10_subsample": -1.0, "max_depth": 5.0, "num_boost_round": 10.0}, "datetime": {"datetime": "2024-01-19 01:14:21", "elapsed": 3741.998898, "delta": 0.004042}}
{"target": -17.6771891255709, "params": {"gamma": 879.3303397638965, "log10_alpha": -2.004094876492988, "log10_colsample_bytree": -0.6913966171582152, "log10_eta": -4.0, "log10_lambda": -2.517699627914146, "log10_min_child_weight": 1.8052429736186821, "log10_subsample": -1.0, "max_depth": 5.0, "num_boost_round": 11.0}, "datetime": {"datetime": "2024-01-19 01:14:21", "elapsed": 3742.002717, "delta": 0.003819}}
{"target": -17.677185652646006, "params": {"gamma": 879.3303397638965, "log10_alpha": -2.004094876492988, "log10_colsample_bytree": -0.6913966171582152, "log10_eta": -4.0, "log10_lambda": -2.517699627914146, "log10_min_child_weight": 1.8052429736186821, "log10_subsample": -1.0, "max_depth": 5.0, "num_boost_round": 12.0}, "datetime": {"datetime": "2024-01-19 01:14:21", "elapsed": 3742.006435, "delta": 0.003718}}
{"target": -17.67718228641974, "params": {"gamma": 879.3303397638965, "log10_alpha": -2.004094876492988, "log10_colsample_bytree": -0.6913966171582152, "log10_eta": -4.0, "log10_lambda": -2.517699627914146, "log10_min_child_weight": 1.8052429736186821, "log10_subsample": -1.0, "max_depth": 5.0, "num_boost_round": 13.0}, "datetime": {"datetime": "2024-01-19 01:14:21", "elapsed": 3742.010273, "delta": 0.003838}}
{"target": -17.677182110314455, "params": {"gamma": 879.3303397638965, "log10_alpha": -2.004094876492988, "log10_colsample_bytree": -0.6913966171582152, "log10_eta": -4.0, "log10_lambda": -2.517699627914146, "log10_min_child_weight": 1.8052429736186821, "log10_subsample": -1.0, "max_depth": 5.0, "num_boost_round": 14.0}, "datetime": {"datetime": "2024-01-19 01:14:21", "elapsed": 3742.014143, "delta": 0.00387}}
{"target": -17.67717976034475, "params": {"gamma": 879.3303397638965, "log10_alpha": -2.004094876492988, "log10_colsample_bytree": -0.6913966171582152, "log10_eta": -4.0, "log10_lambda": -2.517699627914146, "log10_min_child_weight": 1.8052429736186821, "log10_subsample": -1.0, "max_depth": 5.0, "num_boost_round": 15.0}, "datetime": {"datetime": "2024-01-19 01:14:21", "elapsed": 3742.018056, "delta": 0.003913}}
{"target": -17.677170319942782, "params": {"gamma": 879.3303397638965, "log10_alpha": -2.004094876492988, "log10_colsample_bytree": -0.6913966171582152, "log10_eta": -4.0, "log10_lambda": -2.517699627914146, "log10_min_child_weight": 1.8052429736186821, "log10_subsample": -1.0, "max_depth": 5.0, "num_boost_round": 16.0}, "datetime": {"datetime": "2024-01-19 01:14:21", "elapsed": 3742.022068, "delta": 0.004012}}
{"target": -17.67716830817131, "params": {"gamma": 879.3303397638965, "log10_alpha": -2.004094876492988, "log10_colsample_bytree": -0.6913966171582152, "log10_eta": -4.0, "log10_lambda": -2.517699627914146, "log10_min_child_weight": 1.8052429736186821, "log10_subsample": -1.0, "max_depth": 5.0, "num_boost_round": 17.0}, "datetime": {"datetime": "2024-01-19 01:14:21", "elapsed": 3742.026044, "delta": 0.003976}}
{"target": -17.67716703954772, "params": {"gamma": 879.3303397638965, "log10_alpha": -2.004094876492988, "log10_colsample_bytree": -0.6913966171582152, "log10_eta": -4.0, "log10_lambda": -2.517699627914146, "log10_min_child_weight": 1.8052429736186821, "log10_subsample": -1.0, "max_depth": 5.0, "num_boost_round": 18.0}, "datetime": {"datetime": "2024-01-19 01:14:21", "elapsed": 3742.02997, "delta": 0.003926}}
