{"target": -17.677254618032897, "params": {"gamma": 424.1060089135893, "log10_alpha": -2.417460274431669, "log10_colsample_bytree": -0.43126384411472074, "log10_eta": -1.605010949265416, "log10_lambda": -0.6856969812413363, "log10_min_child_weight": 4.820472611402554, "log10_subsample": -0.45864804720892605, "max_depth": 2.0, "num_boost_round": 0.0}, "datetime": {"datetime": "2024-01-19 01:14:53", "elapsed": 3783.296885, "delta": 79.61592}}
{"target": -17.677169897077793, "params": {"gamma": 424.1060089135893, "log10_alpha": -2.417460274431669, "log10_colsample_bytree": -0.43126384411472074, "log10_eta": -1.605010949265416, "log10_lambda": -0.6856969812413363, "log10_min_child_weight": 4.820472611402554, "log10_subsample": -0.45864804720892605, "max_depth": 2.0, "num_boost_round": 1.0}, "datetime": {"datetime": "2024-01-19 01:14:53", "elapsed": 3783.302208, "delta": 0.005323}}
{"target": -17.67720530652842, "params": {"gamma": 424.1060089135893, "log10_alpha": -2.417460274431669, "log10_colsample_bytree": -0.43126384411472074, "log10_eta": -1.605010949265416, "log10_lambda": -0.6856969812413363, "log10_min_child_weight": 4.820472611402554, "log10_subsample": -0.45864804720892605, "max_depth": 2.0, "num_boost_round": 2.0}, "datetime": {"datetime": "2024-01-19 01:14:53", "elapsed": 3783.30657, "delta": 0.004362}}
{"target": -17.67730012926937, "params": {"gamma": 424.1060089135893, "log10_alpha": -2.417460274431669, "log10_colsample_bytree": -0.43126384411472074, "log10_eta": -1.605010949265416, "log10_lambda": -0.6856969812413363, "log10_min_child_weight": 4.820472611402554, "log10_subsample": -0.45864804720892605, "max_depth": 2.0, "num_boost_round": 3.0}, "datetime": {"datetime": "2024-01-19 01:14:53", "elapsed": 3783.310891, "delta": 0.004321}}
{"target": -17.677338088453936, "params": {"gamma": 424.1060089135893, "log10_alpha": -2.417460274431669, "log10_colsample_bytree": -0.43126384411472074, "log10_eta": -1.605010949265416, "log10_lambda": -0.6856969812413363, "log10_min_child_weight": 4.820472611402554, "log10_subsample": -0.45864804720892605, "max_depth": 2.0, "num_boost_round": 4.0}, "datetime": {"datetime": "2024-01-19 01:14:53", "elapsed": 3783.315168, "delta": 0.004277}}
{"target": -17.677448285810055, "params": {"gamma": 424.1060089135893, "log10_alpha": -2.417460274431669, "log10_colsample_bytree": -0.43126384411472074, "log10_eta": -1.605010949265416, "log10_lambda": -0.6856969812413363, "log10_min_child_weight": 4.820472611402554, "log10_subsample": -0.45864804720892605, "max_depth": 2.0, "num_boost_round": 5.0}, "datetime": {"datetime": "2024-01-19 01:14:53", "elapsed": 3783.319335, "delta": 0.004167}}
{"target": -17.677578171637737, "params": {"gamma": 424.1060089135893, "log10_alpha": -2.417460274431669, "log10_colsample_bytree": -0.43126384411472074, "log10_eta": -1.605010949265416, "log10_lambda": -0.6856969812413363, "log10_min_child_weight": 4.820472611402554, "log10_subsample": -0.45864804720892605, "max_depth": 2.0, "num_boost_round": 6.0}, "datetime": {"datetime": "2024-01-19 01:14:53", "elapsed": 3783.323797, "delta": 0.004462}}
{"target": -17.67770664500515, "params": {"gamma": 424.1060089135893, "log10_alpha": -2.417460274431669, "log10_colsample_bytree": -0.43126384411472074, "log10_eta": -1.605010949265416, "log10_lambda": -0.6856969812413363, "log10_min_child_weight": 4.820472611402554, "log10_subsample": -0.45864804720892605, "max_depth": 2.0, "num_boost_round": 7.0}, "datetime": {"datetime": "2024-01-19 01:14:53", "elapsed": 3783.327989, "delta": 0.004192}}
{"target": -17.67732899834404, "params": {"gamma": 424.1060089135893, "log10_alpha": -2.417460274431669, "log10_colsample_bytree": -0.43126384411472074, "log10_eta": -1.605010949265416, "log10_lambda": -0.6856969812413363, "log10_min_child_weight": 4.820472611402554, "log10_subsample": -0.45864804720892605, "max_depth": 2.0, "num_boost_round": 8.0}, "datetime": {"datetime": "2024-01-19 01:14:53", "elapsed": 3783.332593, "delta": 0.004604}}
{"target": -17.677105152521367, "params": {"gamma": 424.1060089135893, "log10_alpha": -2.417460274431669, "log10_colsample_bytree": -0.43126384411472074, "log10_eta": -1.605010949265416, "log10_lambda": -0.6856969812413363, "log10_min_child_weight": 4.820472611402554, "log10_subsample": -0.45864804720892605, "max_depth": 2.0, "num_boost_round": 9.0}, "datetime": {"datetime": "2024-01-19 01:14:53", "elapsed": 3783.337766, "delta": 0.005173}}
{"target": -17.67725806863997, "params": {"gamma": 424.1060089135893, "log10_alpha": -2.417460274431669, "log10_colsample_bytree": -0.43126384411472074, "log10_eta": -1.605010949265416, "log10_lambda": -0.6856969812413363, "log10_min_child_weight": 4.820472611402554, "log10_subsample": -0.45864804720892605, "max_depth": 2.0, "num_boost_round": 10.0}, "datetime": {"datetime": "2024-01-19 01:14:53", "elapsed": 3783.342303, "delta": 0.004537}}
{"target": -17.67709785897615, "params": {"gamma": 424.1060089135893, "log10_alpha": -2.417460274431669, "log10_colsample_bytree": -0.43126384411472074, "log10_eta": -1.605010949265416, "log10_lambda": -0.6856969812413363, "log10_min_child_weight": 4.820472611402554, "log10_subsample": -0.45864804720892605, "max_depth": 2.0, "num_boost_round": 11.0}, "datetime": {"datetime": "2024-01-19 01:14:53", "elapsed": 3783.346886, "delta": 0.004583}}
{"target": -17.677269474521527, "params": {"gamma": 424.1060089135893, "log10_alpha": -2.417460274431669, "log10_colsample_bytree": -0.43126384411472074, "log10_eta": -1.605010949265416, "log10_lambda": -0.6856969812413363, "log10_min_child_weight": 4.820472611402554, "log10_subsample": -0.45864804720892605, "max_depth": 2.0, "num_boost_round": 12.0}, "datetime": {"datetime": "2024-01-19 01:14:53", "elapsed": 3783.351592, "delta": 0.004706}}
{"target": -17.677200994626908, "params": {"gamma": 424.1060089135893, "log10_alpha": -2.417460274431669, "log10_colsample_bytree": -0.43126384411472074, "log10_eta": -1.605010949265416, "log10_lambda": -0.6856969812413363, "log10_min_child_weight": 4.820472611402554, "log10_subsample": -0.45864804720892605, "max_depth": 2.0, "num_boost_round": 13.0}, "datetime": {"datetime": "2024-01-19 01:14:53", "elapsed": 3783.478201, "delta": 0.126609}}
{"target": -17.67724182009517, "params": {"gamma": 424.1060089135893, "log10_alpha": -2.417460274431669, "log10_colsample_bytree": -0.43126384411472074, "log10_eta": -1.605010949265416, "log10_lambda": -0.6856969812413363, "log10_min_child_weight": 4.820472611402554, "log10_subsample": -0.45864804720892605, "max_depth": 2.0, "num_boost_round": 14.0}, "datetime": {"datetime": "2024-01-19 01:14:53", "elapsed": 3783.483355, "delta": 0.005154}}
{"target": -17.677034676618703, "params": {"gamma": 424.1060089135893, "log10_alpha": -2.417460274431669, "log10_colsample_bytree": -0.43126384411472074, "log10_eta": -1.605010949265416, "log10_lambda": -0.6856969812413363, "log10_min_child_weight": 4.820472611402554, "log10_subsample": -0.45864804720892605, "max_depth": 2.0, "num_boost_round": 15.0}, "datetime": {"datetime": "2024-01-19 01:14:53", "elapsed": 3783.487987, "delta": 0.004632}}
{"target": -17.677101471667488, "params": {"gamma": 424.1060089135893, "log10_alpha": -2.417460274431669, "log10_colsample_bytree": -0.43126384411472074, "log10_eta": -1.605010949265416, "log10_lambda": -0.6856969812413363, "log10_min_child_weight": 4.820472611402554, "log10_subsample": -0.45864804720892605, "max_depth": 2.0, "num_boost_round": 16.0}, "datetime": {"datetime": "2024-01-19 01:14:53", "elapsed": 3783.492446, "delta": 0.004459}}
{"target": -17.677294681777703, "params": {"gamma": 424.1060089135893, "log10_alpha": -2.417460274431669, "log10_colsample_bytree": -0.43126384411472074, "log10_eta": -1.605010949265416, "log10_lambda": -0.6856969812413363, "log10_min_child_weight": 4.820472611402554, "log10_subsample": -0.45864804720892605, "max_depth": 2.0, "num_boost_round": 17.0}, "datetime": {"datetime": "2024-01-19 01:14:53", "elapsed": 3783.496799, "delta": 0.004353}}
{"target": -17.677262978859044, "params": {"gamma": 424.1060089135893, "log10_alpha": -2.417460274431669, "log10_colsample_bytree": -0.43126384411472074, "log10_eta": -1.605010949265416, "log10_lambda": -0.6856969812413363, "log10_min_child_weight": 4.820472611402554, "log10_subsample": -0.45864804720892605, "max_depth": 2.0, "num_boost_round": 18.0}, "datetime": {"datetime": "2024-01-19 01:14:53", "elapsed": 3783.501301, "delta": 0.004502}}
{"target": -17.677014666195117, "params": {"gamma": 424.1060089135893, "log10_alpha": -2.417460274431669, "log10_colsample_bytree": -0.43126384411472074, "log10_eta": -1.605010949265416, "log10_lambda": -0.6856969812413363, "log10_min_child_weight": 4.820472611402554, "log10_subsample": -0.45864804720892605, "max_depth": 2.0, "num_boost_round": 19.0}, "datetime": {"datetime": "2024-01-19 01:14:53", "elapsed": 3783.50571, "delta": 0.004409}}
{"target": -17.676902997670545, "params": {"gamma": 424.1060089135893, "log10_alpha": -2.417460274431669, "log10_colsample_bytree": -0.43126384411472074, "log10_eta": -1.605010949265416, "log10_lambda": -0.6856969812413363, "log10_min_child_weight": 4.820472611402554, "log10_subsample": -0.45864804720892605, "max_depth": 2.0, "num_boost_round": 20.0}, "datetime": {"datetime": "2024-01-19 01:14:53", "elapsed": 3783.510082, "delta": 0.004372}}
{"target": -17.67680911637895, "params": {"gamma": 424.1060089135893, "log10_alpha": -2.417460274431669, "log10_colsample_bytree": -0.43126384411472074, "log10_eta": -1.605010949265416, "log10_lambda": -0.6856969812413363, "log10_min_child_weight": 4.820472611402554, "log10_subsample": -0.45864804720892605, "max_depth": 2.0, "num_boost_round": 21.0}, "datetime": {"datetime": "2024-01-19 01:14:53", "elapsed": 3783.514553, "delta": 0.004471}}
{"target": -17.677232364702622, "params": {"gamma": 419.8514721975747, "log10_alpha": -1.6931826567177373, "log10_colsample_bytree": -0.07455606443693197, "log10_eta": -2.8388041998009377, "log10_lambda": -3.647074002493693, "log10_min_child_weight": 4.453329963422296, "log10_subsample": -0.699270191389026, "max_depth": 4.0, "num_boost_round": 0.0}, "datetime": {"datetime": "2024-01-19 01:15:38", "elapsed": 3827.870232, "delta": 44.355679}}
{"target": -17.67722981787429, "params": {"gamma": 419.8514721975747, "log10_alpha": -1.6931826567177373, "log10_colsample_bytree": -0.07455606443693197, "log10_eta": -2.8388041998009377, "log10_lambda": -3.647074002493693, "log10_min_child_weight": 4.453329963422296, "log10_subsample": -0.699270191389026, "max_depth": 4.0, "num_boost_round": 1.0}, "datetime": {"datetime": "2024-01-19 01:15:38", "elapsed": 3827.875238, "delta": 0.005006}}
{"target": -17.67721672138881, "params": {"gamma": 419.8514721975747, "log10_alpha": -1.6931826567177373, "log10_colsample_bytree": -0.07455606443693197, "log10_eta": -2.8388041998009377, "log10_lambda": -3.647074002493693, "log10_min_child_weight": 4.453329963422296, "log10_subsample": -0.699270191389026, "max_depth": 4.0, "num_boost_round": 2.0}, "datetime": {"datetime": "2024-01-19 01:15:38", "elapsed": 3827.880059, "delta": 0.004821}}
{"target": -17.67721112444067, "params": {"gamma": 419.8514721975747, "log10_alpha": -1.6931826567177373, "log10_colsample_bytree": -0.07455606443693197, "log10_eta": -2.8388041998009377, "log10_lambda": -3.647074002493693, "log10_min_child_weight": 4.453329963422296, "log10_subsample": -0.699270191389026, "max_depth": 4.0, "num_boost_round": 3.0}, "datetime": {"datetime": "2024-01-19 01:15:38", "elapsed": 3827.884547, "delta": 0.004488}}
{"target": -17.67721247563356, "params": {"gamma": 419.8514721975747, "log10_alpha": -1.6931826567177373, "log10_colsample_bytree": -0.07455606443693197, "log10_eta": -2.8388041998009377, "log10_lambda": -3.647074002493693, "log10_min_child_weight": 4.453329963422296, "log10_subsample": -0.699270191389026, "max_depth": 4.0, "num_boost_round": 4.0}, "datetime": {"datetime": "2024-01-19 01:15:38", "elapsed": 3827.888875, "delta": 0.004328}}
{"target": -17.67719601088097, "params": {"gamma": 419.8514721975747, "log10_alpha": -1.6931826567177373, "log10_colsample_bytree": -0.07455606443693197, "log10_eta": -2.8388041998009377, "log10_lambda": -3.647074002493693, "log10_min_child_weight": 4.453329963422296, "log10_subsample": -0.699270191389026, "max_depth": 4.0, "num_boost_round": 5.0}, "datetime": {"datetime": "2024-01-19 01:15:38", "elapsed": 3827.893312, "delta": 0.004437}}
{"target": -17.677181397840435, "params": {"gamma": 419.8514721975747, "log10_alpha": -1.6931826567177373, "log10_colsample_bytree": -0.07455606443693197, "log10_eta": -2.8388041998009377, "log10_lambda": -3.647074002493693, "log10_min_child_weight": 4.453329963422296, "log10_subsample": -0.699270191389026, "max_depth": 4.0, "num_boost_round": 6.0}, "datetime": {"datetime": "2024-01-19 01:15:38", "elapsed": 3827.897713, "delta": 0.004401}}
{"target": -17.677174746889026, "params": {"gamma": 419.8514721975747, "log10_alpha": -1.6931826567177373, "log10_colsample_bytree": -0.07455606443693197, "log10_eta": -2.8388041998009377, "log10_lambda": -3.647074002493693, "log10_min_child_weight": 4.453329963422296, "log10_subsample": -0.699270191389026, "max_depth": 4.0, "num_boost_round": 7.0}, "datetime": {"datetime": "2024-01-19 01:15:38", "elapsed": 3827.902139, "delta": 0.004426}}
{"target": -17.677160054070953, "params": {"gamma": 419.8514721975747, "log10_alpha": -1.6931826567177373, "log10_colsample_bytree": -0.07455606443693197, "log10_eta": -2.8388041998009377, "log10_lambda": -3.647074002493693, "log10_min_child_weight": 4.453329963422296, "log10_subsample": -0.699270191389026, "max_depth": 4.0, "num_boost_round": 8.0}, "datetime": {"datetime": "2024-01-19 01:15:38", "elapsed": 3827.906478, "delta": 0.004339}}
{"target": -17.677147881501433, "params": {"gamma": 419.8514721975747, "log10_alpha": -1.6931826567177373, "log10_colsample_bytree": -0.07455606443693197, "log10_eta": -2.8388041998009377, "log10_lambda": -3.647074002493693, "log10_min_child_weight": 4.453329963422296, "log10_subsample": -0.699270191389026, "max_depth": 4.0, "num_boost_round": 9.0}, "datetime": {"datetime": "2024-01-19 01:15:38", "elapsed": 3827.910863, "delta": 0.004385}}
{"target": -17.677143465235986, "params": {"gamma": 419.8514721975747, "log10_alpha": -1.6931826567177373, "log10_colsample_bytree": -0.07455606443693197, "log10_eta": -2.8388041998009377, "log10_lambda": -3.647074002493693, "log10_min_child_weight": 4.453329963422296, "log10_subsample": -0.699270191389026, "max_depth": 4.0, "num_boost_round": 10.0}, "datetime": {"datetime": "2024-01-19 01:15:38", "elapsed": 3827.915239, "delta": 0.004376}}
{"target": -17.67713020130848, "params": {"gamma": 419.8514721975747, "log10_alpha": -1.6931826567177373, "log10_colsample_bytree": -0.07455606443693197, "log10_eta": -2.8388041998009377, "log10_lambda": -3.647074002493693, "log10_min_child_weight": 4.453329963422296, "log10_subsample": -0.699270191389026, "max_depth": 4.0, "num_boost_round": 11.0}, "datetime": {"datetime": "2024-01-19 01:15:38", "elapsed": 3827.919603, "delta": 0.004364}}
{"target": -17.67711820026423, "params": {"gamma": 419.8514721975747, "log10_alpha": -1.6931826567177373, "log10_colsample_bytree": -0.07455606443693197, "log10_eta": -2.8388041998009377, "log10_lambda": -3.647074002493693, "log10_min_child_weight": 4.453329963422296, "log10_subsample": -0.699270191389026, "max_depth": 4.0, "num_boost_round": 12.0}, "datetime": {"datetime": "2024-01-19 01:15:38", "elapsed": 3827.924094, "delta": 0.004491}}
{"target": -17.677108134962445, "params": {"gamma": 419.8514721975747, "log10_alpha": -1.6931826567177373, "log10_colsample_bytree": -0.07455606443693197, "log10_eta": -2.8388041998009377, "log10_lambda": -3.647074002493693, "log10_min_child_weight": 4.453329963422296, "log10_subsample": -0.699270191389026, "max_depth": 4.0, "num_boost_round": 13.0}, "datetime": {"datetime": "2024-01-19 01:15:38", "elapsed": 3827.928436, "delta": 0.004342}}
{"target": -17.677104833869677, "params": {"gamma": 419.8514721975747, "log10_alpha": -1.6931826567177373, "log10_colsample_bytree": -0.07455606443693197, "log10_eta": -2.8388041998009377, "log10_lambda": -3.647074002493693, "log10_min_child_weight": 4.453329963422296, "log10_subsample": -0.699270191389026, "max_depth": 4.0, "num_boost_round": 14.0}, "datetime": {"datetime": "2024-01-19 01:15:38", "elapsed": 3827.93288, "delta": 0.004444}}
{"target": -17.67708386385452, "params": {"gamma": 419.8514721975747, "log10_alpha": -1.6931826567177373, "log10_colsample_bytree": -0.07455606443693197, "log10_eta": -2.8388041998009377, "log10_lambda": -3.647074002493693, "log10_min_child_weight": 4.453329963422296, "log10_subsample": -0.699270191389026, "max_depth": 4.0, "num_boost_round": 15.0}, "datetime": {"datetime": "2024-01-19 01:15:38", "elapsed": 3827.937395, "delta": 0.004515}}
{"target": -17.677064357841463, "params": {"gamma": 419.8514721975747, "log10_alpha": -1.6931826567177373, "log10_colsample_bytree": -0.07455606443693197, "log10_eta": -2.8388041998009377, "log10_lambda": -3.647074002493693, "log10_min_child_weight": 4.453329963422296, "log10_subsample": -0.699270191389026, "max_depth": 4.0, "num_boost_round": 16.0}, "datetime": {"datetime": "2024-01-19 01:15:38", "elapsed": 3827.942033, "delta": 0.004638}}
{"target": -17.677050718431584, "params": {"gamma": 419.8514721975747, "log10_alpha": -1.6931826567177373, "log10_colsample_bytree": -0.07455606443693197, "log10_eta": -2.8388041998009377, "log10_lambda": -3.647074002493693, "log10_min_child_weight": 4.453329963422296, "log10_subsample": -0.699270191389026, "max_depth": 4.0, "num_boost_round": 17.0}, "datetime": {"datetime": "2024-01-19 01:15:38", "elapsed": 3827.94675, "delta": 0.004717}}
{"target": -17.67703904618553, "params": {"gamma": 419.8514721975747, "log10_alpha": -1.6931826567177373, "log10_colsample_bytree": -0.07455606443693197, "log10_eta": -2.8388041998009377, "log10_lambda": -3.647074002493693, "log10_min_child_weight": 4.453329963422296, "log10_subsample": -0.699270191389026, "max_depth": 4.0, "num_boost_round": 18.0}, "datetime": {"datetime": "2024-01-19 01:15:38", "elapsed": 3827.951336, "delta": 0.004586}}
{"target": -17.677023347221805, "params": {"gamma": 419.8514721975747, "log10_alpha": -1.6931826567177373, "log10_colsample_bytree": -0.07455606443693197, "log10_eta": -2.8388041998009377, "log10_lambda": -3.647074002493693, "log10_min_child_weight": 4.453329963422296, "log10_subsample": -0.699270191389026, "max_depth": 4.0, "num_boost_round": 19.0}, "datetime": {"datetime": "2024-01-19 01:15:38", "elapsed": 3827.955909, "delta": 0.004573}}
{"target": -17.677020062625598, "params": {"gamma": 419.8514721975747, "log10_alpha": -1.6931826567177373, "log10_colsample_bytree": -0.07455606443693197, "log10_eta": -2.8388041998009377, "log10_lambda": -3.647074002493693, "log10_min_child_weight": 4.453329963422296, "log10_subsample": -0.699270191389026, "max_depth": 4.0, "num_boost_round": 20.0}, "datetime": {"datetime": "2024-01-19 01:15:38", "elapsed": 3827.960297, "delta": 0.004388}}
{"target": -17.676216601281766, "params": {"gamma": 402.0424562701739, "log10_alpha": -4.845298327743746, "log10_colsample_bytree": -0.5118976702602116, "log10_eta": -1.8217920875704512, "log10_lambda": -2.0357900657517014, "log10_min_child_weight": 1.4489696963955312, "log10_subsample": -0.12087523948936696, "max_depth": 7.0, "num_boost_round": 0.0}, "datetime": {"datetime": "2024-01-19 01:17:16", "elapsed": 3926.082762, "delta": 98.122465}}
{"target": -17.67639583773464, "params": {"gamma": 402.0424562701739, "log10_alpha": -4.845298327743746, "log10_colsample_bytree": -0.5118976702602116, "log10_eta": -1.8217920875704512, "log10_lambda": -2.0357900657517014, "log10_min_child_weight": 1.4489696963955312, "log10_subsample": -0.12087523948936696, "max_depth": 7.0, "num_boost_round": 1.0}, "datetime": {"datetime": "2024-01-19 01:17:16", "elapsed": 3926.087928, "delta": 0.005166}}
{"target": -17.67590191438462, "params": {"gamma": 402.0424562701739, "log10_alpha": -4.845298327743746, "log10_colsample_bytree": -0.5118976702602116, "log10_eta": -1.8217920875704512, "log10_lambda": -2.0357900657517014, "log10_min_child_weight": 1.4489696963955312, "log10_subsample": -0.12087523948936696, "max_depth": 7.0, "num_boost_round": 2.0}, "datetime": {"datetime": "2024-01-19 01:17:16", "elapsed": 3926.092553, "delta": 0.004625}}
{"target": -17.676423000044128, "params": {"gamma": 402.0424562701739, "log10_alpha": -4.845298327743746, "log10_colsample_bytree": -0.5118976702602116, "log10_eta": -1.8217920875704512, "log10_lambda": -2.0357900657517014, "log10_min_child_weight": 1.4489696963955312, "log10_subsample": -0.12087523948936696, "max_depth": 7.0, "num_boost_round": 3.0}, "datetime": {"datetime": "2024-01-19 01:17:16", "elapsed": 3926.097947, "delta": 0.005394}}
{"target": -17.675896511905844, "params": {"gamma": 402.0424562701739, "log10_alpha": -4.845298327743746, "log10_colsample_bytree": -0.5118976702602116, "log10_eta": -1.8217920875704512, "log10_lambda": -2.0357900657517014, "log10_min_child_weight": 1.4489696963955312, "log10_subsample": -0.12087523948936696, "max_depth": 7.0, "num_boost_round": 4.0}, "datetime": {"datetime": "2024-01-19 01:17:16", "elapsed": 3926.10244, "delta": 0.004493}}
{"target": -17.675431537388942, "params": {"gamma": 402.0424562701739, "log10_alpha": -4.845298327743746, "log10_colsample_bytree": -0.5118976702602116, "log10_eta": -1.8217920875704512, "log10_lambda": -2.0357900657517014, "log10_min_child_weight": 1.4489696963955312, "log10_subsample": -0.12087523948936696, "max_depth": 7.0, "num_boost_round": 5.0}, "datetime": {"datetime": "2024-01-19 01:17:16", "elapsed": 3926.107024, "delta": 0.004584}}
