{"target": -13.757335146408325, "params": {"gamma": 558.3115974163685, "log10_alpha": 0.19779166886791888, "log10_colsample_bytree": -0.8224634619845851, "log10_eta": -2.2771064645970607, "log10_lambda": -4.465012551395948, "log10_min_child_weight": 2.4655527838451388, "log10_subsample": -0.29449360041609873, "max_depth": 9.0, "num_boost_round": 9.0}, "datetime": {"datetime": "2024-01-19 00:40:03", "elapsed": 1735.390807, "delta": 0.001932}}
{"target": -13.757093058393496, "params": {"gamma": 558.3115974163685, "log10_alpha": 0.19779166886791888, "log10_colsample_bytree": -0.8224634619845851, "log10_eta": -2.2771064645970607, "log10_lambda": -4.465012551395948, "log10_min_child_weight": 2.4655527838451388, "log10_subsample": -0.29449360041609873, "max_depth": 9.0, "num_boost_round": 10.0}, "datetime": {"datetime": "2024-01-19 00:40:03", "elapsed": 1735.392721, "delta": 0.001914}}
{"target": -13.757085261378055, "params": {"gamma": 558.3115974163685, "log10_alpha": 0.19779166886791888, "log10_colsample_bytree": -0.8224634619845851, "log10_eta": -2.2771064645970607, "log10_lambda": -4.465012551395948, "log10_min_child_weight": 2.4655527838451388, "log10_subsample": -0.29449360041609873, "max_depth": 9.0, "num_boost_round": 11.0}, "datetime": {"datetime": "2024-01-19 00:40:03", "elapsed": 1735.394634, "delta": 0.001913}}
{"target": -13.757068365236448, "params": {"gamma": 558.3115974163685, "log10_alpha": 0.19779166886791888, "log10_colsample_bytree": -0.8224634619845851, "log10_eta": -2.2771064645970607, "log10_lambda": -4.465012551395948, "log10_min_child_weight": 2.4655527838451388, "log10_subsample": -0.29449360041609873, "max_depth": 9.0, "num_boost_round": 12.0}, "datetime": {"datetime": "2024-01-19 00:40:03", "elapsed": 1735.39656, "delta": 0.001926}}
{"target": -13.75676707362109, "params": {"gamma": 558.3115974163685, "log10_alpha": 0.19779166886791888, "log10_colsample_bytree": -0.8224634619845851, "log10_eta": -2.2771064645970607, "log10_lambda": -4.465012551395948, "log10_min_child_weight": 2.4655527838451388, "log10_subsample": -0.29449360041609873, "max_depth": 9.0, "num_boost_round": 13.0}, "datetime": {"datetime": "2024-01-19 00:40:03", "elapsed": 1735.398482, "delta": 0.001922}}
{"target": -13.756707022142187, "params": {"gamma": 558.3115974163685, "log10_alpha": 0.19779166886791888, "log10_colsample_bytree": -0.8224634619845851, "log10_eta": -2.2771064645970607, "log10_lambda": -4.465012551395948, "log10_min_child_weight": 2.4655527838451388, "log10_subsample": -0.29449360041609873, "max_depth": 9.0, "num_boost_round": 14.0}, "datetime": {"datetime": "2024-01-19 00:40:03", "elapsed": 1735.400415, "delta": 0.001933}}
{"target": -13.7565407994659, "params": {"gamma": 558.3115974163685, "log10_alpha": 0.19779166886791888, "log10_colsample_bytree": -0.8224634619845851, "log10_eta": -2.2771064645970607, "log10_lambda": -4.465012551395948, "log10_min_child_weight": 2.4655527838451388, "log10_subsample": -0.29449360041609873, "max_depth": 9.0, "num_boost_round": 15.0}, "datetime": {"datetime": "2024-01-19 00:40:03", "elapsed": 1735.402327, "delta": 0.001912}}
{"target": -13.756508612213295, "params": {"gamma": 558.3115974163685, "log10_alpha": 0.19779166886791888, "log10_colsample_bytree": -0.8224634619845851, "log10_eta": -2.2771064645970607, "log10_lambda": -4.465012551395948, "log10_min_child_weight": 2.4655527838451388, "log10_subsample": -0.29449360041609873, "max_depth": 9.0, "num_boost_round": 16.0}, "datetime": {"datetime": "2024-01-19 00:40:03", "elapsed": 1735.510091, "delta": 0.107764}}
{"target": -13.756219579270544, "params": {"gamma": 558.3115974163685, "log10_alpha": 0.19779166886791888, "log10_colsample_bytree": -0.8224634619845851, "log10_eta": -2.2771064645970607, "log10_lambda": -4.465012551395948, "log10_min_child_weight": 2.4655527838451388, "log10_subsample": -0.29449360041609873, "max_depth": 9.0, "num_boost_round": 17.0}, "datetime": {"datetime": "2024-01-19 00:40:03", "elapsed": 1735.512496, "delta": 0.002405}}
{"target": -13.75607963788763, "params": {"gamma": 558.3115974163685, "log10_alpha": 0.19779166886791888, "log10_colsample_bytree": -0.8224634619845851, "log10_eta": -2.2771064645970607, "log10_lambda": -4.465012551395948, "log10_min_child_weight": 2.4655527838451388, "log10_subsample": -0.29449360041609873, "max_depth": 9.0, "num_boost_round": 18.0}, "datetime": {"datetime": "2024-01-19 00:40:03", "elapsed": 1735.514743, "delta": 0.002247}}
{"target": -13.75588635506595, "params": {"gamma": 558.3115974163685, "log10_alpha": 0.19779166886791888, "log10_colsample_bytree": -0.8224634619845851, "log10_eta": -2.2771064645970607, "log10_lambda": -4.465012551395948, "log10_min_child_weight": 2.4655527838451388, "log10_subsample": -0.29449360041609873, "max_depth": 9.0, "num_boost_round": 19.0}, "datetime": {"datetime": "2024-01-19 00:40:03", "elapsed": 1735.516757, "delta": 0.002014}}
{"target": -13.755660024797974, "params": {"gamma": 558.3115974163685, "log10_alpha": 0.19779166886791888, "log10_colsample_bytree": -0.8224634619845851, "log10_eta": -2.2771064645970607, "log10_lambda": -4.465012551395948, "log10_min_child_weight": 2.4655527838451388, "log10_subsample": -0.29449360041609873, "max_depth": 9.0, "num_boost_round": 20.0}, "datetime": {"datetime": "2024-01-19 00:40:03", "elapsed": 1735.51884, "delta": 0.002083}}
{"target": -13.755662194432993, "params": {"gamma": 558.3115974163685, "log10_alpha": 0.19779166886791888, "log10_colsample_bytree": -0.8224634619845851, "log10_eta": -2.2771064645970607, "log10_lambda": -4.465012551395948, "log10_min_child_weight": 2.4655527838451388, "log10_subsample": -0.29449360041609873, "max_depth": 9.0, "num_boost_round": 21.0}, "datetime": {"datetime": "2024-01-19 00:40:03", "elapsed": 1735.52085, "delta": 0.00201}}
{"target": -13.755534167939416, "params": {"gamma": 558.3115974163685, "log10_alpha": 0.19779166886791888, "log10_colsample_bytree": -0.8224634619845851, "log10_eta": -2.2771064645970607, "log10_lambda": -4.465012551395948, "log10_min_child_weight": 2.4655527838451388, "log10_subsample": -0.29449360041609873, "max_depth": 9.0, "num_boost_round": 22.0}, "datetime": {"datetime": "2024-01-19 00:40:03", "elapsed": 1735.522945, "delta": 0.002095}}
{"target": -13.755361553390776, "params": {"gamma": 558.3115974163685, "log10_alpha": 0.19779166886791888, "log10_colsample_bytree": -0.8224634619845851, "log10_eta": -2.2771064645970607, "log10_lambda": -4.465012551395948, "log10_min_child_weight": 2.4655527838451388, "log10_subsample": -0.29449360041609873, "max_depth": 9.0, "num_boost_round": 23.0}, "datetime": {"datetime": "2024-01-19 00:40:03", "elapsed": 1735.52498, "delta": 0.002035}}
{"target": -13.755232690516344, "params": {"gamma": 558.3115974163685, "log10_alpha": 0.19779166886791888, "log10_colsample_bytree": -0.8224634619845851, "log10_eta": -2.2771064645970607, "log10_lambda": -4.465012551395948, "log10_min_child_weight": 2.4655527838451388, "log10_subsample": -0.29449360041609873, "max_depth": 9.0, "num_boost_round": 24.0}, "datetime": {"datetime": "2024-01-19 00:40:03", "elapsed": 1735.52713, "delta": 0.00215}}
{"target": -13.755089107721185, "params": {"gamma": 558.3115974163685, "log10_alpha": 0.19779166886791888, "log10_colsample_bytree": -0.8224634619845851, "log10_eta": -2.2771064645970607, "log10_lambda": -4.465012551395948, "log10_min_child_weight": 2.4655527838451388, "log10_subsample": -0.29449360041609873, "max_depth": 9.0, "num_boost_round": 25.0}, "datetime": {"datetime": "2024-01-19 00:40:03", "elapsed": 1735.529157, "delta": 0.002027}}
{"target": -13.75507435433524, "params": {"gamma": 558.3115974163685, "log10_alpha": 0.19779166886791888, "log10_colsample_bytree": -0.8224634619845851, "log10_eta": -2.2771064645970607, "log10_lambda": -4.465012551395948, "log10_min_child_weight": 2.4655527838451388, "log10_subsample": -0.29449360041609873, "max_depth": 9.0, "num_boost_round": 26.0}, "datetime": {"datetime": "2024-01-19 00:40:03", "elapsed": 1735.531204, "delta": 0.002047}}
{"target": -13.754978402851494, "params": {"gamma": 558.3115974163685, "log10_alpha": 0.19779166886791888, "log10_colsample_bytree": -0.8224634619845851, "log10_eta": -2.2771064645970607, "log10_lambda": -4.465012551395948, "log10_min_child_weight": 2.4655527838451388, "log10_subsample": -0.29449360041609873, "max_depth": 9.0, "num_boost_round": 27.0}, "datetime": {"datetime": "2024-01-19 00:40:03", "elapsed": 1735.533234, "delta": 0.00203}}
{"target": -13.754838050565146, "params": {"gamma": 558.3115974163685, "log10_alpha": 0.19779166886791888, "log10_colsample_bytree": -0.8224634619845851, "log10_eta": -2.2771064645970607, "log10_lambda": -4.465012551395948, "log10_min_child_weight": 2.4655527838451388, "log10_subsample": -0.29449360041609873, "max_depth": 9.0, "num_boost_round": 28.0}, "datetime": {"datetime": "2024-01-19 00:40:03", "elapsed": 1735.535262, "delta": 0.002028}}
{"target": -13.754558440755227, "params": {"gamma": 558.3115974163685, "log10_alpha": 0.19779166886791888, "log10_colsample_bytree": -0.8224634619845851, "log10_eta": -2.2771064645970607, "log10_lambda": -4.465012551395948, "log10_min_child_weight": 2.4655527838451388, "log10_subsample": -0.29449360041609873, "max_depth": 9.0, "num_boost_round": 29.0}, "datetime": {"datetime": "2024-01-19 00:40:03", "elapsed": 1735.537294, "delta": 0.002032}}
{"target": -13.754557683697664, "params": {"gamma": 558.3115974163685, "log10_alpha": 0.19779166886791888, "log10_colsample_bytree": -0.8224634619845851, "log10_eta": -2.2771064645970607, "log10_lambda": -4.465012551395948, "log10_min_child_weight": 2.4655527838451388, "log10_subsample": -0.29449360041609873, "max_depth": 9.0, "num_boost_round": 30.0}, "datetime": {"datetime": "2024-01-19 00:40:03", "elapsed": 1735.539337, "delta": 0.002043}}
{"target": -13.754326954805078, "params": {"gamma": 558.3115974163685, "log10_alpha": 0.19779166886791888, "log10_colsample_bytree": -0.8224634619845851, "log10_eta": -2.2771064645970607, "log10_lambda": -4.465012551395948, "log10_min_child_weight": 2.4655527838451388, "log10_subsample": -0.29449360041609873, "max_depth": 9.0, "num_boost_round": 31.0}, "datetime": {"datetime": "2024-01-19 00:40:03", "elapsed": 1735.541377, "delta": 0.00204}}
{"target": -13.75426338786026, "params": {"gamma": 558.3115974163685, "log10_alpha": 0.19779166886791888, "log10_colsample_bytree": -0.8224634619845851, "log10_eta": -2.2771064645970607, "log10_lambda": -4.465012551395948, "log10_min_child_weight": 2.4655527838451388, "log10_subsample": -0.29449360041609873, "max_depth": 9.0, "num_boost_round": 32.0}, "datetime": {"datetime": "2024-01-19 00:40:03", "elapsed": 1735.543458, "delta": 0.002081}}
{"target": -13.75862738228622, "params": {"gamma": 561.7958567555561, "log10_alpha": -0.7219637338973168, "log10_colsample_bytree": -0.009209770722638178, "log10_eta": -2.279653951904905, "log10_lambda": -4.844671034146391, "log10_min_child_weight": 2.0815091265504817, "log10_subsample": -0.06908280232615871, "max_depth": 8.0, "num_boost_round": 0.0}, "datetime": {"datetime": "2024-01-19 00:40:43", "elapsed": 1775.011225, "delta": 39.467767}}
{"target": -13.758575430590483, "params": {"gamma": 561.7958567555561, "log10_alpha": -0.7219637338973168, "log10_colsample_bytree": -0.009209770722638178, "log10_eta": -2.279653951904905, "log10_lambda": -4.844671034146391, "log10_min_child_weight": 2.0815091265504817, "log10_subsample": -0.06908280232615871, "max_depth": 8.0, "num_boost_round": 1.0}, "datetime": {"datetime": "2024-01-19 00:40:43", "elapsed": 1775.013745, "delta": 0.00252}}
{"target": -13.758714197533212, "params": {"gamma": 561.7958567555561, "log10_alpha": -0.7219637338973168, "log10_colsample_bytree": -0.009209770722638178, "log10_eta": -2.279653951904905, "log10_lambda": -4.844671034146391, "log10_min_child_weight": 2.0815091265504817, "log10_subsample": -0.06908280232615871, "max_depth": 8.0, "num_boost_round": 2.0}, "datetime": {"datetime": "2024-01-19 00:40:43", "elapsed": 1775.01618, "delta": 0.002435}}
{"target": -13.758783502798345, "params": {"gamma": 561.7958567555561, "log10_alpha": -0.7219637338973168, "log10_colsample_bytree": -0.009209770722638178, "log10_eta": -2.279653951904905, "log10_lambda": -4.844671034146391, "log10_min_child_weight": 2.0815091265504817, "log10_subsample": -0.06908280232615871, "max_depth": 8.0, "num_boost_round": 3.0}, "datetime": {"datetime": "2024-01-19 00:40:43", "elapsed": 1775.018561, "delta": 0.002381}}
{"target": -13.7590231681361, "params": {"gamma": 561.7958567555561, "log10_alpha": -0.7219637338973168, "log10_colsample_bytree": -0.009209770722638178, "log10_eta": -2.279653951904905, "log10_lambda": -4.844671034146391, "log10_min_child_weight": 2.0815091265504817, "log10_subsample": -0.06908280232615871, "max_depth": 8.0, "num_boost_round": 4.0}, "datetime": {"datetime": "2024-01-19 00:40:43", "elapsed": 1775.02063, "delta": 0.002069}}
{"target": -13.759127080883617, "params": {"gamma": 561.7958567555561, "log10_alpha": -0.7219637338973168, "log10_colsample_bytree": -0.009209770722638178, "log10_eta": -2.279653951904905, "log10_lambda": -4.844671034146391, "log10_min_child_weight": 2.0815091265504817, "log10_subsample": -0.06908280232615871, "max_depth": 8.0, "num_boost_round": 5.0}, "datetime": {"datetime": "2024-01-19 00:40:43", "elapsed": 1775.022749, "delta": 0.002119}}
{"target": -13.759199141245801, "params": {"gamma": 561.7958567555561, "log10_alpha": -0.7219637338973168, "log10_colsample_bytree": -0.009209770722638178, "log10_eta": -2.279653951904905, "log10_lambda": -4.844671034146391, "log10_min_child_weight": 2.0815091265504817, "log10_subsample": -0.06908280232615871, "max_depth": 8.0, "num_boost_round": 6.0}, "datetime": {"datetime": "2024-01-19 00:40:43", "elapsed": 1775.024766, "delta": 0.002017}}
{"target": -13.75947128301761, "params": {"gamma": 561.7958567555561, "log10_alpha": -0.7219637338973168, "log10_colsample_bytree": -0.009209770722638178, "log10_eta": -2.279653951904905, "log10_lambda": -4.844671034146391, "log10_min_child_weight": 2.0815091265504817, "log10_subsample": -0.06908280232615871, "max_depth": 8.0, "num_boost_round": 7.0}, "datetime": {"datetime": "2024-01-19 00:40:43", "elapsed": 1775.026914, "delta": 0.002148}}
{"target": -13.759718223579753, "params": {"gamma": 561.7958567555561, "log10_alpha": -0.7219637338973168, "log10_colsample_bytree": -0.009209770722638178, "log10_eta": -2.279653951904905, "log10_lambda": -4.844671034146391, "log10_min_child_weight": 2.0815091265504817, "log10_subsample": -0.06908280232615871, "max_depth": 8.0, "num_boost_round": 8.0}, "datetime": {"datetime": "2024-01-19 00:40:43", "elapsed": 1775.028933, "delta": 0.002019}}
{"target": -13.759957728945457, "params": {"gamma": 561.7958567555561, "log10_alpha": -0.7219637338973168, "log10_colsample_bytree": -0.009209770722638178, "log10_eta": -2.279653951904905, "log10_lambda": -4.844671034146391, "log10_min_child_weight": 2.0815091265504817, "log10_subsample": -0.06908280232615871, "max_depth": 8.0, "num_boost_round": 9.0}, "datetime": {"datetime": "2024-01-19 00:40:43", "elapsed": 1775.030942, "delta": 0.002009}}
{"target": -13.760195081297837, "params": {"gamma": 561.7958567555561, "log10_alpha": -0.7219637338973168, "log10_colsample_bytree": -0.009209770722638178, "log10_eta": -2.279653951904905, "log10_lambda": -4.844671034146391, "log10_min_child_weight": 2.0815091265504817, "log10_subsample": -0.06908280232615871, "max_depth": 8.0, "num_boost_round": 10.0}, "datetime": {"datetime": "2024-01-19 00:40:43", "elapsed": 1775.032957, "delta": 0.002015}}
{"target": -13.760620238745235, "params": {"gamma": 561.7958567555561, "log10_alpha": -0.7219637338973168, "log10_colsample_bytree": -0.009209770722638178, "log10_eta": -2.279653951904905, "log10_lambda": -4.844671034146391, "log10_min_child_weight": 2.0815091265504817, "log10_subsample": -0.06908280232615871, "max_depth": 8.0, "num_boost_round": 11.0}, "datetime": {"datetime": "2024-01-19 00:40:43", "elapsed": 1775.035008, "delta": 0.002051}}
{"target": -13.761039941101801, "params": {"gamma": 561.7958567555561, "log10_alpha": -0.7219637338973168, "log10_colsample_bytree": -0.009209770722638178, "log10_eta": -2.279653951904905, "log10_lambda": -4.844671034146391, "log10_min_child_weight": 2.0815091265504817, "log10_subsample": -0.06908280232615871, "max_depth": 8.0, "num_boost_round": 12.0}, "datetime": {"datetime": "2024-01-19 00:40:43", "elapsed": 1775.037011, "delta": 0.002003}}
{"target": -13.761433814945516, "params": {"gamma": 561.7958567555561, "log10_alpha": -0.7219637338973168, "log10_colsample_bytree": -0.009209770722638178, "log10_eta": -2.279653951904905, "log10_lambda": -4.844671034146391, "log10_min_child_weight": 2.0815091265504817, "log10_subsample": -0.06908280232615871, "max_depth": 8.0, "num_boost_round": 13.0}, "datetime": {"datetime": "2024-01-19 00:40:43", "elapsed": 1775.039036, "delta": 0.002025}}
{"target": -13.76186824842589, "params": {"gamma": 561.7958567555561, "log10_alpha": -0.7219637338973168, "log10_colsample_bytree": -0.009209770722638178, "log10_eta": -2.279653951904905, "log10_lambda": -4.844671034146391, "log10_min_child_weight": 2.0815091265504817, "log10_subsample": -0.06908280232615871, "max_depth": 8.0, "num_boost_round": 14.0}, "datetime": {"datetime": "2024-01-19 00:40:43", "elapsed": 1775.041075, "delta": 0.002039}}
{"target": -13.762334012460387, "params": {"gamma": 561.7958567555561, "log10_alpha": -0.7219637338973168, "log10_colsample_bytree": -0.009209770722638178, "log10_eta": -2.279653951904905, "log10_lambda": -4.844671034146391, "log10_min_child_weight": 2.0815091265504817, "log10_subsample": -0.06908280232615871, "max_depth": 8.0, "num_boost_round": 15.0}, "datetime": {"datetime": "2024-01-19 00:40:43", "elapsed": 1775.043155, "delta": 0.00208}}
{"target": -13.762556521503951, "params": {"gamma": 561.7958567555561, "log10_alpha": -0.7219637338973168, "log10_colsample_bytree": -0.009209770722638178, "log10_eta": -2.279653951904905, "log10_lambda": -4.844671034146391, "log10_min_child_weight": 2.0815091265504817, "log10_subsample": -0.06908280232615871, "max_depth": 8.0, "num_boost_round": 16.0}, "datetime": {"datetime": "2024-01-19 00:40:43", "elapsed": 1775.045186, "delta": 0.002031}}
{"target": -13.762884406849507, "params": {"gamma": 561.7958567555561, "log10_alpha": -0.7219637338973168, "log10_colsample_bytree": -0.009209770722638178, "log10_eta": -2.279653951904905, "log10_lambda": -4.844671034146391, "log10_min_child_weight": 2.0815091265504817, "log10_subsample": -0.06908280232615871, "max_depth": 8.0, "num_boost_round": 17.0}, "datetime": {"datetime": "2024-01-19 00:40:43", "elapsed": 1775.047409, "delta": 0.002223}}
{"target": -13.763509091316678, "params": {"gamma": 561.7958567555561, "log10_alpha": -0.7219637338973168, "log10_colsample_bytree": -0.009209770722638178, "log10_eta": -2.279653951904905, "log10_lambda": -4.844671034146391, "log10_min_child_weight": 2.0815091265504817, "log10_subsample": -0.06908280232615871, "max_depth": 8.0, "num_boost_round": 18.0}, "datetime": {"datetime": "2024-01-19 00:40:43", "elapsed": 1775.049563, "delta": 0.002154}}
{"target": -13.763822528772975, "params": {"gamma": 561.7958567555561, "log10_alpha": -0.7219637338973168, "log10_colsample_bytree": -0.009209770722638178, "log10_eta": -2.279653951904905, "log10_lambda": -4.844671034146391, "log10_min_child_weight": 2.0815091265504817, "log10_subsample": -0.06908280232615871, "max_depth": 8.0, "num_boost_round": 19.0}, "datetime": {"datetime": "2024-01-19 00:40:43", "elapsed": 1775.05171, "delta": 0.002147}}
{"target": -13.764260508447515, "params": {"gamma": 561.7958567555561, "log10_alpha": -0.7219637338973168, "log10_colsample_bytree": -0.009209770722638178, "log10_eta": -2.279653951904905, "log10_lambda": -4.844671034146391, "log10_min_child_weight": 2.0815091265504817, "log10_subsample": -0.06908280232615871, "max_depth": 8.0, "num_boost_round": 20.0}, "datetime": {"datetime": "2024-01-19 00:40:43", "elapsed": 1775.053867, "delta": 0.002157}}
{"target": -13.764775630516949, "params": {"gamma": 561.7958567555561, "log10_alpha": -0.7219637338973168, "log10_colsample_bytree": -0.009209770722638178, "log10_eta": -2.279653951904905, "log10_lambda": -4.844671034146391, "log10_min_child_weight": 2.0815091265504817, "log10_subsample": -0.06908280232615871, "max_depth": 8.0, "num_boost_round": 21.0}, "datetime": {"datetime": "2024-01-19 00:40:43", "elapsed": 1775.055997, "delta": 0.00213}}
{"target": -13.765143280838965, "params": {"gamma": 561.7958567555561, "log10_alpha": -0.7219637338973168, "log10_colsample_bytree": -0.009209770722638178, "log10_eta": -2.279653951904905, "log10_lambda": -4.844671034146391, "log10_min_child_weight": 2.0815091265504817, "log10_subsample": -0.06908280232615871, "max_depth": 8.0, "num_boost_round": 22.0}, "datetime": {"datetime": "2024-01-19 00:40:43", "elapsed": 1775.058042, "delta": 0.002045}}
{"target": -13.765694476924581, "params": {"gamma": 561.7958567555561, "log10_alpha": -0.7219637338973168, "log10_colsample_bytree": -0.009209770722638178, "log10_eta": -2.279653951904905, "log10_lambda": -4.844671034146391, "log10_min_child_weight": 2.0815091265504817, "log10_subsample": -0.06908280232615871, "max_depth": 8.0, "num_boost_round": 23.0}, "datetime": {"datetime": "2024-01-19 00:40:43", "elapsed": 1775.06013, "delta": 0.002088}}
{"target": -13.765936883891415, "params": {"gamma": 561.7958567555561, "log10_alpha": -0.7219637338973168, "log10_colsample_bytree": -0.009209770722638178, "log10_eta": -2.279653951904905, "log10_lambda": -4.844671034146391, "log10_min_child_weight": 2.0815091265504817, "log10_subsample": -0.06908280232615871, "max_depth": 8.0, "num_boost_round": 24.0}, "datetime": {"datetime": "2024-01-19 00:40:43", "elapsed": 1775.062187, "delta": 0.002057}}
