{"target": -13.758536489303875, "params": {"gamma": 867.0969922552554, "log10_alpha": -0.7576095008998056, "log10_colsample_bytree": -0.8000688314352978, "log10_eta": -3.7101863584105317, "log10_lambda": -3.6697897693838213, "log10_min_child_weight": 4.484849388210969, "log10_subsample": -0.5302005068109625, "max_depth": 6.0, "num_boost_round": 6.0}, "datetime": {"datetime": "2024-01-19 01:20:55", "elapsed": 4159.499457, "delta": 0.004731}}
{"target": -13.758535779470973, "params": {"gamma": 867.0969922552554, "log10_alpha": -0.7576095008998056, "log10_colsample_bytree": -0.8000688314352978, "log10_eta": -3.7101863584105317, "log10_lambda": -3.6697897693838213, "log10_min_child_weight": 4.484849388210969, "log10_subsample": -0.5302005068109625, "max_depth": 6.0, "num_boost_round": 7.0}, "datetime": {"datetime": "2024-01-19 01:20:55", "elapsed": 4159.504229, "delta": 0.004772}}
{"target": -13.758535612028593, "params": {"gamma": 867.0969922552554, "log10_alpha": -0.7576095008998056, "log10_colsample_bytree": -0.8000688314352978, "log10_eta": -3.7101863584105317, "log10_lambda": -3.6697897693838213, "log10_min_child_weight": 4.484849388210969, "log10_subsample": -0.5302005068109625, "max_depth": 6.0, "num_boost_round": 8.0}, "datetime": {"datetime": "2024-01-19 01:20:55", "elapsed": 4159.50893, "delta": 0.004701}}
{"target": -13.75853514870645, "params": {"gamma": 867.0969922552554, "log10_alpha": -0.7576095008998056, "log10_colsample_bytree": -0.8000688314352978, "log10_eta": -3.7101863584105317, "log10_lambda": -3.6697897693838213, "log10_min_child_weight": 4.484849388210969, "log10_subsample": -0.5302005068109625, "max_depth": 6.0, "num_boost_round": 9.0}, "datetime": {"datetime": "2024-01-19 01:20:55", "elapsed": 4159.513816, "delta": 0.004886}}
{"target": -13.758532980308605, "params": {"gamma": 867.0969922552554, "log10_alpha": -0.7576095008998056, "log10_colsample_bytree": -0.8000688314352978, "log10_eta": -3.7101863584105317, "log10_lambda": -3.6697897693838213, "log10_min_child_weight": 4.484849388210969, "log10_subsample": -0.5302005068109625, "max_depth": 6.0, "num_boost_round": 10.0}, "datetime": {"datetime": "2024-01-19 01:20:55", "elapsed": 4159.518563, "delta": 0.004747}}
{"target": -13.758531305904977, "params": {"gamma": 867.0969922552554, "log10_alpha": -0.7576095008998056, "log10_colsample_bytree": -0.8000688314352978, "log10_eta": -3.7101863584105317, "log10_lambda": -3.6697897693838213, "log10_min_child_weight": 4.484849388210969, "log10_subsample": -0.5302005068109625, "max_depth": 6.0, "num_boost_round": 11.0}, "datetime": {"datetime": "2024-01-19 01:20:55", "elapsed": 4159.523404, "delta": 0.004841}}
{"target": -13.7585316747251, "params": {"gamma": 867.0969922552554, "log10_alpha": -0.7576095008998056, "log10_colsample_bytree": -0.8000688314352978, "log10_eta": -3.7101863584105317, "log10_lambda": -3.6697897693838213, "log10_min_child_weight": 4.484849388210969, "log10_subsample": -0.5302005068109625, "max_depth": 6.0, "num_boost_round": 12.0}, "datetime": {"datetime": "2024-01-19 01:20:55", "elapsed": 4159.528206, "delta": 0.004802}}
{"target": -13.758531396725363, "params": {"gamma": 867.0969922552554, "log10_alpha": -0.7576095008998056, "log10_colsample_bytree": -0.8000688314352978, "log10_eta": -3.7101863584105317, "log10_lambda": -3.6697897693838213, "log10_min_child_weight": 4.484849388210969, "log10_subsample": -0.5302005068109625, "max_depth": 6.0, "num_boost_round": 13.0}, "datetime": {"datetime": "2024-01-19 01:20:55", "elapsed": 4159.53317, "delta": 0.004964}}
{"target": -13.758530516498828, "params": {"gamma": 867.0969922552554, "log10_alpha": -0.7576095008998056, "log10_colsample_bytree": -0.8000688314352978, "log10_eta": -3.7101863584105317, "log10_lambda": -3.6697897693838213, "log10_min_child_weight": 4.484849388210969, "log10_subsample": -0.5302005068109625, "max_depth": 6.0, "num_boost_round": 14.0}, "datetime": {"datetime": "2024-01-19 01:20:55", "elapsed": 4159.538024, "delta": 0.004854}}
{"target": -13.758528148103025, "params": {"gamma": 867.0969922552554, "log10_alpha": -0.7576095008998056, "log10_colsample_bytree": -0.8000688314352978, "log10_eta": -3.7101863584105317, "log10_lambda": -3.6697897693838213, "log10_min_child_weight": 4.484849388210969, "log10_subsample": -0.5302005068109625, "max_depth": 6.0, "num_boost_round": 15.0}, "datetime": {"datetime": "2024-01-19 01:20:55", "elapsed": 4159.542968, "delta": 0.004944}}
{"target": -13.758526029357533, "params": {"gamma": 867.0969922552554, "log10_alpha": -0.7576095008998056, "log10_colsample_bytree": -0.8000688314352978, "log10_eta": -3.7101863584105317, "log10_lambda": -3.6697897693838213, "log10_min_child_weight": 4.484849388210969, "log10_subsample": -0.5302005068109625, "max_depth": 6.0, "num_boost_round": 16.0}, "datetime": {"datetime": "2024-01-19 01:20:55", "elapsed": 4159.547635, "delta": 0.004667}}
{"target": -13.758525844471373, "params": {"gamma": 867.0969922552554, "log10_alpha": -0.7576095008998056, "log10_colsample_bytree": -0.8000688314352978, "log10_eta": -3.7101863584105317, "log10_lambda": -3.6697897693838213, "log10_min_child_weight": 4.484849388210969, "log10_subsample": -0.5302005068109625, "max_depth": 6.0, "num_boost_round": 17.0}, "datetime": {"datetime": "2024-01-19 01:20:55", "elapsed": 4159.552902, "delta": 0.005267}}
{"target": -13.758525824256845, "params": {"gamma": 867.0969922552554, "log10_alpha": -0.7576095008998056, "log10_colsample_bytree": -0.8000688314352978, "log10_eta": -3.7101863584105317, "log10_lambda": -3.6697897693838213, "log10_min_child_weight": 4.484849388210969, "log10_subsample": -0.5302005068109625, "max_depth": 6.0, "num_boost_round": 18.0}, "datetime": {"datetime": "2024-01-19 01:20:55", "elapsed": 4159.557902, "delta": 0.005}}
{"target": -13.758524265747983, "params": {"gamma": 867.0969922552554, "log10_alpha": -0.7576095008998056, "log10_colsample_bytree": -0.8000688314352978, "log10_eta": -3.7101863584105317, "log10_lambda": -3.6697897693838213, "log10_min_child_weight": 4.484849388210969, "log10_subsample": -0.5302005068109625, "max_depth": 6.0, "num_boost_round": 19.0}, "datetime": {"datetime": "2024-01-19 01:20:55", "elapsed": 4159.562736, "delta": 0.004834}}
{"target": -13.758524816183773, "params": {"gamma": 867.0969922552554, "log10_alpha": -0.7576095008998056, "log10_colsample_bytree": -0.8000688314352978, "log10_eta": -3.7101863584105317, "log10_lambda": -3.6697897693838213, "log10_min_child_weight": 4.484849388210969, "log10_subsample": -0.5302005068109625, "max_depth": 6.0, "num_boost_round": 20.0}, "datetime": {"datetime": "2024-01-19 01:20:55", "elapsed": 4159.567537, "delta": 0.004801}}
{"target": -13.75852353715339, "params": {"gamma": 867.0969922552554, "log10_alpha": -0.7576095008998056, "log10_colsample_bytree": -0.8000688314352978, "log10_eta": -3.7101863584105317, "log10_lambda": -3.6697897693838213, "log10_min_child_weight": 4.484849388210969, "log10_subsample": -0.5302005068109625, "max_depth": 6.0, "num_boost_round": 21.0}, "datetime": {"datetime": "2024-01-19 01:20:55", "elapsed": 4159.57241, "delta": 0.004873}}
{"target": -13.758523173506369, "params": {"gamma": 867.0969922552554, "log10_alpha": -0.7576095008998056, "log10_colsample_bytree": -0.8000688314352978, "log10_eta": -3.7101863584105317, "log10_lambda": -3.6697897693838213, "log10_min_child_weight": 4.484849388210969, "log10_subsample": -0.5302005068109625, "max_depth": 6.0, "num_boost_round": 22.0}, "datetime": {"datetime": "2024-01-19 01:20:55", "elapsed": 4159.577172, "delta": 0.004762}}
{"target": -13.758522576748753, "params": {"gamma": 867.0969922552554, "log10_alpha": -0.7576095008998056, "log10_colsample_bytree": -0.8000688314352978, "log10_eta": -3.7101863584105317, "log10_lambda": -3.6697897693838213, "log10_min_child_weight": 4.484849388210969, "log10_subsample": -0.5302005068109625, "max_depth": 6.0, "num_boost_round": 23.0}, "datetime": {"datetime": "2024-01-19 01:20:55", "elapsed": 4159.69725, "delta": 0.120078}}
{"target": -13.758521608598752, "params": {"gamma": 867.0969922552554, "log10_alpha": -0.7576095008998056, "log10_colsample_bytree": -0.8000688314352978, "log10_eta": -3.7101863584105317, "log10_lambda": -3.6697897693838213, "log10_min_child_weight": 4.484849388210969, "log10_subsample": -0.5302005068109625, "max_depth": 6.0, "num_boost_round": 24.0}, "datetime": {"datetime": "2024-01-19 01:20:55", "elapsed": 4159.703088, "delta": 0.005838}}
{"target": -13.758521735103969, "params": {"gamma": 867.0969922552554, "log10_alpha": -0.7576095008998056, "log10_colsample_bytree": -0.8000688314352978, "log10_eta": -3.7101863584105317, "log10_lambda": -3.6697897693838213, "log10_min_child_weight": 4.484849388210969, "log10_subsample": -0.5302005068109625, "max_depth": 6.0, "num_boost_round": 25.0}, "datetime": {"datetime": "2024-01-19 01:20:55", "elapsed": 4159.708469, "delta": 0.005381}}
{"target": -13.758520463696078, "params": {"gamma": 867.0969922552554, "log10_alpha": -0.7576095008998056, "log10_colsample_bytree": -0.8000688314352978, "log10_eta": -3.7101863584105317, "log10_lambda": -3.6697897693838213, "log10_min_child_weight": 4.484849388210969, "log10_subsample": -0.5302005068109625, "max_depth": 6.0, "num_boost_round": 26.0}, "datetime": {"datetime": "2024-01-19 01:20:55", "elapsed": 4159.713606, "delta": 0.005137}}
{"target": -13.758518395834983, "params": {"gamma": 867.0969922552554, "log10_alpha": -0.7576095008998056, "log10_colsample_bytree": -0.8000688314352978, "log10_eta": -3.7101863584105317, "log10_lambda": -3.6697897693838213, "log10_min_child_weight": 4.484849388210969, "log10_subsample": -0.5302005068109625, "max_depth": 6.0, "num_boost_round": 27.0}, "datetime": {"datetime": "2024-01-19 01:20:55", "elapsed": 4159.718705, "delta": 0.005099}}
{"target": -13.758516929423052, "params": {"gamma": 867.0969922552554, "log10_alpha": -0.7576095008998056, "log10_colsample_bytree": -0.8000688314352978, "log10_eta": -3.7101863584105317, "log10_lambda": -3.6697897693838213, "log10_min_child_weight": 4.484849388210969, "log10_subsample": -0.5302005068109625, "max_depth": 6.0, "num_boost_round": 28.0}, "datetime": {"datetime": "2024-01-19 01:20:55", "elapsed": 4159.723664, "delta": 0.004959}}
{"target": -13.75851582094432, "params": {"gamma": 867.0969922552554, "log10_alpha": -0.7576095008998056, "log10_colsample_bytree": -0.8000688314352978, "log10_eta": -3.7101863584105317, "log10_lambda": -3.6697897693838213, "log10_min_child_weight": 4.484849388210969, "log10_subsample": -0.5302005068109625, "max_depth": 6.0, "num_boost_round": 29.0}, "datetime": {"datetime": "2024-01-19 01:20:55", "elapsed": 4159.728549, "delta": 0.004885}}
{"target": -13.758515346572551, "params": {"gamma": 867.0969922552554, "log10_alpha": -0.7576095008998056, "log10_colsample_bytree": -0.8000688314352978, "log10_eta": -3.7101863584105317, "log10_lambda": -3.6697897693838213, "log10_min_child_weight": 4.484849388210969, "log10_subsample": -0.5302005068109625, "max_depth": 6.0, "num_boost_round": 30.0}, "datetime": {"datetime": "2024-01-19 01:20:55", "elapsed": 4159.733724, "delta": 0.005175}}
{"target": -13.758515129275718, "params": {"gamma": 867.0969922552554, "log10_alpha": -0.7576095008998056, "log10_colsample_bytree": -0.8000688314352978, "log10_eta": -3.7101863584105317, "log10_lambda": -3.6697897693838213, "log10_min_child_weight": 4.484849388210969, "log10_subsample": -0.5302005068109625, "max_depth": 6.0, "num_boost_round": 31.0}, "datetime": {"datetime": "2024-01-19 01:20:55", "elapsed": 4159.738812, "delta": 0.005088}}
{"target": -13.758514022233662, "params": {"gamma": 867.0969922552554, "log10_alpha": -0.7576095008998056, "log10_colsample_bytree": -0.8000688314352978, "log10_eta": -3.7101863584105317, "log10_lambda": -3.6697897693838213, "log10_min_child_weight": 4.484849388210969, "log10_subsample": -0.5302005068109625, "max_depth": 6.0, "num_boost_round": 32.0}, "datetime": {"datetime": "2024-01-19 01:20:55", "elapsed": 4159.743805, "delta": 0.004993}}
{"target": -13.758513398964988, "params": {"gamma": 867.0969922552554, "log10_alpha": -0.7576095008998056, "log10_colsample_bytree": -0.8000688314352978, "log10_eta": -3.7101863584105317, "log10_lambda": -3.6697897693838213, "log10_min_child_weight": 4.484849388210969, "log10_subsample": -0.5302005068109625, "max_depth": 6.0, "num_boost_round": 33.0}, "datetime": {"datetime": "2024-01-19 01:20:55", "elapsed": 4159.748687, "delta": 0.004882}}
{"target": -13.75851344330152, "params": {"gamma": 867.0969922552554, "log10_alpha": -0.7576095008998056, "log10_colsample_bytree": -0.8000688314352978, "log10_eta": -3.7101863584105317, "log10_lambda": -3.6697897693838213, "log10_min_child_weight": 4.484849388210969, "log10_subsample": -0.5302005068109625, "max_depth": 6.0, "num_boost_round": 34.0}, "datetime": {"datetime": "2024-01-19 01:20:55", "elapsed": 4159.753736, "delta": 0.005049}}
{"target": -13.758512717346141, "params": {"gamma": 867.0969922552554, "log10_alpha": -0.7576095008998056, "log10_colsample_bytree": -0.8000688314352978, "log10_eta": -3.7101863584105317, "log10_lambda": -3.6697897693838213, "log10_min_child_weight": 4.484849388210969, "log10_subsample": -0.5302005068109625, "max_depth": 6.0, "num_boost_round": 35.0}, "datetime": {"datetime": "2024-01-19 01:20:55", "elapsed": 4159.758736, "delta": 0.005}}
{"target": -13.75851259818385, "params": {"gamma": 867.0969922552554, "log10_alpha": -0.7576095008998056, "log10_colsample_bytree": -0.8000688314352978, "log10_eta": -3.7101863584105317, "log10_lambda": -3.6697897693838213, "log10_min_child_weight": 4.484849388210969, "log10_subsample": -0.5302005068109625, "max_depth": 6.0, "num_boost_round": 36.0}, "datetime": {"datetime": "2024-01-19 01:20:55", "elapsed": 4159.763677, "delta": 0.004941}}
{"target": -13.758511114488572, "params": {"gamma": 867.0969922552554, "log10_alpha": -0.7576095008998056, "log10_colsample_bytree": -0.8000688314352978, "log10_eta": -3.7101863584105317, "log10_lambda": -3.6697897693838213, "log10_min_child_weight": 4.484849388210969, "log10_subsample": -0.5302005068109625, "max_depth": 6.0, "num_boost_round": 37.0}, "datetime": {"datetime": "2024-01-19 01:20:55", "elapsed": 4159.768574, "delta": 0.004897}}
{"target": -13.75850943775839, "params": {"gamma": 867.0969922552554, "log10_alpha": -0.7576095008998056, "log10_colsample_bytree": -0.8000688314352978, "log10_eta": -3.7101863584105317, "log10_lambda": -3.6697897693838213, "log10_min_child_weight": 4.484849388210969, "log10_subsample": -0.5302005068109625, "max_depth": 6.0, "num_boost_round": 38.0}, "datetime": {"datetime": "2024-01-19 01:20:55", "elapsed": 4159.773651, "delta": 0.005077}}
{"target": -13.758509420582943, "params": {"gamma": 867.0969922552554, "log10_alpha": -0.7576095008998056, "log10_colsample_bytree": -0.8000688314352978, "log10_eta": -3.7101863584105317, "log10_lambda": -3.6697897693838213, "log10_min_child_weight": 4.484849388210969, "log10_subsample": -0.5302005068109625, "max_depth": 6.0, "num_boost_round": 39.0}, "datetime": {"datetime": "2024-01-19 01:20:55", "elapsed": 4159.778673, "delta": 0.005022}}
{"target": -13.758508070092256, "params": {"gamma": 867.0969922552554, "log10_alpha": -0.7576095008998056, "log10_colsample_bytree": -0.8000688314352978, "log10_eta": -3.7101863584105317, "log10_lambda": -3.6697897693838213, "log10_min_child_weight": 4.484849388210969, "log10_subsample": -0.5302005068109625, "max_depth": 6.0, "num_boost_round": 40.0}, "datetime": {"datetime": "2024-01-19 01:20:55", "elapsed": 4159.783644, "delta": 0.004971}}
{"target": -13.758507363911232, "params": {"gamma": 867.0969922552554, "log10_alpha": -0.7576095008998056, "log10_colsample_bytree": -0.8000688314352978, "log10_eta": -3.7101863584105317, "log10_lambda": -3.6697897693838213, "log10_min_child_weight": 4.484849388210969, "log10_subsample": -0.5302005068109625, "max_depth": 6.0, "num_boost_round": 41.0}, "datetime": {"datetime": "2024-01-19 01:20:55", "elapsed": 4159.788657, "delta": 0.005013}}
{"target": -13.758506524283039, "params": {"gamma": 867.0969922552554, "log10_alpha": -0.7576095008998056, "log10_colsample_bytree": -0.8000688314352978, "log10_eta": -3.7101863584105317, "log10_lambda": -3.6697897693838213, "log10_min_child_weight": 4.484849388210969, "log10_subsample": -0.5302005068109625, "max_depth": 6.0, "num_boost_round": 42.0}, "datetime": {"datetime": "2024-01-19 01:20:55", "elapsed": 4159.793904, "delta": 0.005247}}
{"target": -13.758505399376956, "params": {"gamma": 867.0969922552554, "log10_alpha": -0.7576095008998056, "log10_colsample_bytree": -0.8000688314352978, "log10_eta": -3.7101863584105317, "log10_lambda": -3.6697897693838213, "log10_min_child_weight": 4.484849388210969, "log10_subsample": -0.5302005068109625, "max_depth": 6.0, "num_boost_round": 43.0}, "datetime": {"datetime": "2024-01-19 01:20:55", "elapsed": 4159.799034, "delta": 0.00513}}
{"target": -13.758504470736108, "params": {"gamma": 867.0969922552554, "log10_alpha": -0.7576095008998056, "log10_colsample_bytree": -0.8000688314352978, "log10_eta": -3.7101863584105317, "log10_lambda": -3.6697897693838213, "log10_min_child_weight": 4.484849388210969, "log10_subsample": -0.5302005068109625, "max_depth": 6.0, "num_boost_round": 44.0}, "datetime": {"datetime": "2024-01-19 01:20:55", "elapsed": 4159.803976, "delta": 0.004942}}
{"target": -13.758503268286404, "params": {"gamma": 867.0969922552554, "log10_alpha": -0.7576095008998056, "log10_colsample_bytree": -0.8000688314352978, "log10_eta": -3.7101863584105317, "log10_lambda": -3.6697897693838213, "log10_min_child_weight": 4.484849388210969, "log10_subsample": -0.5302005068109625, "max_depth": 6.0, "num_boost_round": 45.0}, "datetime": {"datetime": "2024-01-19 01:20:55", "elapsed": 4159.808985, "delta": 0.005009}}
{"target": -13.758501823423982, "params": {"gamma": 867.0969922552554, "log10_alpha": -0.7576095008998056, "log10_colsample_bytree": -0.8000688314352978, "log10_eta": -3.7101863584105317, "log10_lambda": -3.6697897693838213, "log10_min_child_weight": 4.484849388210969, "log10_subsample": -0.5302005068109625, "max_depth": 6.0, "num_boost_round": 46.0}, "datetime": {"datetime": "2024-01-19 01:20:55", "elapsed": 4159.814035, "delta": 0.00505}}
{"target": -13.758501781662131, "params": {"gamma": 867.0969922552554, "log10_alpha": -0.7576095008998056, "log10_colsample_bytree": -0.8000688314352978, "log10_eta": -3.7101863584105317, "log10_lambda": -3.6697897693838213, "log10_min_child_weight": 4.484849388210969, "log10_subsample": -0.5302005068109625, "max_depth": 6.0, "num_boost_round": 47.0}, "datetime": {"datetime": "2024-01-19 01:20:55", "elapsed": 4159.819029, "delta": 0.004994}}
{"target": -13.758500310865037, "params": {"gamma": 867.0969922552554, "log10_alpha": -0.7576095008998056, "log10_colsample_bytree": -0.8000688314352978, "log10_eta": -3.7101863584105317, "log10_lambda": -3.6697897693838213, "log10_min_child_weight": 4.484849388210969, "log10_subsample": -0.5302005068109625, "max_depth": 6.0, "num_boost_round": 48.0}, "datetime": {"datetime": "2024-01-19 01:20:55", "elapsed": 4159.823927, "delta": 0.004898}}
{"target": -13.758500537672523, "params": {"gamma": 867.0969922552554, "log10_alpha": -0.7576095008998056, "log10_colsample_bytree": -0.8000688314352978, "log10_eta": -3.7101863584105317, "log10_lambda": -3.6697897693838213, "log10_min_child_weight": 4.484849388210969, "log10_subsample": -0.5302005068109625, "max_depth": 6.0, "num_boost_round": 49.0}, "datetime": {"datetime": "2024-01-19 01:20:55", "elapsed": 4159.828824, "delta": 0.004897}}
{"target": -13.758499574242473, "params": {"gamma": 867.0969922552554, "log10_alpha": -0.7576095008998056, "log10_colsample_bytree": -0.8000688314352978, "log10_eta": -3.7101863584105317, "log10_lambda": -3.6697897693838213, "log10_min_child_weight": 4.484849388210969, "log10_subsample": -0.5302005068109625, "max_depth": 6.0, "num_boost_round": 50.0}, "datetime": {"datetime": "2024-01-19 01:20:55", "elapsed": 4159.833944, "delta": 0.00512}}
{"target": -13.758499634781957, "params": {"gamma": 867.0969922552554, "log10_alpha": -0.7576095008998056, "log10_colsample_bytree": -0.8000688314352978, "log10_eta": -3.7101863584105317, "log10_lambda": -3.6697897693838213, "log10_min_child_weight": 4.484849388210969, "log10_subsample": -0.5302005068109625, "max_depth": 6.0, "num_boost_round": 51.0}, "datetime": {"datetime": "2024-01-19 01:20:55", "elapsed": 4159.839141, "delta": 0.005197}}
{"target": -13.758499068022697, "params": {"gamma": 867.0969922552554, "log10_alpha": -0.7576095008998056, "log10_colsample_bytree": -0.8000688314352978, "log10_eta": -3.7101863584105317, "log10_lambda": -3.6697897693838213, "log10_min_child_weight": 4.484849388210969, "log10_subsample": -0.5302005068109625, "max_depth": 6.0, "num_boost_round": 52.0}, "datetime": {"datetime": "2024-01-19 01:20:55", "elapsed": 4159.844109, "delta": 0.004968}}
{"target": -13.758498974991479, "params": {"gamma": 867.0969922552554, "log10_alpha": -0.7576095008998056, "log10_colsample_bytree": -0.8000688314352978, "log10_eta": -3.7101863584105317, "log10_lambda": -3.6697897693838213, "log10_min_child_weight": 4.484849388210969, "log10_subsample": -0.5302005068109625, "max_depth": 6.0, "num_boost_round": 53.0}, "datetime": {"datetime": "2024-01-19 01:20:55", "elapsed": 4159.849137, "delta": 0.005028}}
{"target": -13.758498134921664, "params": {"gamma": 867.0969922552554, "log10_alpha": -0.7576095008998056, "log10_colsample_bytree": -0.8000688314352978, "log10_eta": -3.7101863584105317, "log10_lambda": -3.6697897693838213, "log10_min_child_weight": 4.484849388210969, "log10_subsample": -0.5302005068109625, "max_depth": 6.0, "num_boost_round": 54.0}, "datetime": {"datetime": "2024-01-19 01:20:55", "elapsed": 4159.854217, "delta": 0.00508}}
