{"target": -13.75853696125436, "params": {"gamma": 940.5586782045943, "log10_alpha": -3.1209866441892657, "log10_colsample_bytree": -1.0, "log10_eta": -4.0, "log10_lambda": 1.0, "log10_min_child_weight": 3.7728638314600023, "log10_subsample": -1.0, "max_depth": 8.0, "num_boost_round": 1.0}, "datetime": {"datetime": "2024-01-19 01:42:45", "elapsed": 5466.30707, "delta": 0.007158}}
{"target": -13.758536621633496, "params": {"gamma": 940.5586782045943, "log10_alpha": -3.1209866441892657, "log10_colsample_bytree": -1.0, "log10_eta": -4.0, "log10_lambda": 1.0, "log10_min_child_weight": 3.7728638314600023, "log10_subsample": -1.0, "max_depth": 8.0, "num_boost_round": 2.0}, "datetime": {"datetime": "2024-01-19 01:42:45", "elapsed": 5466.312864, "delta": 0.005794}}
{"target": -13.758536508957318, "params": {"gamma": 940.5586782045943, "log10_alpha": -3.1209866441892657, "log10_colsample_bytree": -1.0, "log10_eta": -4.0, "log10_lambda": 1.0, "log10_min_child_weight": 3.7728638314600023, "log10_subsample": -1.0, "max_depth": 8.0, "num_boost_round": 3.0}, "datetime": {"datetime": "2024-01-19 01:42:45", "elapsed": 5466.318611, "delta": 0.005747}}
{"target": -13.758537318388582, "params": {"gamma": 940.5586782045943, "log10_alpha": -3.1209866441892657, "log10_colsample_bytree": -1.0, "log10_eta": -4.0, "log10_lambda": 1.0, "log10_min_child_weight": 3.7728638314600023, "log10_subsample": -1.0, "max_depth": 8.0, "num_boost_round": 4.0}, "datetime": {"datetime": "2024-01-19 01:42:45", "elapsed": 5466.324427, "delta": 0.005816}}
{"target": -13.758537410431693, "params": {"gamma": 940.5586782045943, "log10_alpha": -3.1209866441892657, "log10_colsample_bytree": -1.0, "log10_eta": -4.0, "log10_lambda": 1.0, "log10_min_child_weight": 3.7728638314600023, "log10_subsample": -1.0, "max_depth": 8.0, "num_boost_round": 5.0}, "datetime": {"datetime": "2024-01-19 01:42:45", "elapsed": 5466.330219, "delta": 0.005792}}
{"target": -13.758536500179236, "params": {"gamma": 940.5586782045943, "log10_alpha": -3.1209866441892657, "log10_colsample_bytree": -1.0, "log10_eta": -4.0, "log10_lambda": 1.0, "log10_min_child_weight": 3.7728638314600023, "log10_subsample": -1.0, "max_depth": 8.0, "num_boost_round": 6.0}, "datetime": {"datetime": "2024-01-19 01:42:45", "elapsed": 5466.336106, "delta": 0.005887}}
{"target": -13.75853652483293, "params": {"gamma": 940.5586782045943, "log10_alpha": -3.1209866441892657, "log10_colsample_bytree": -1.0, "log10_eta": -4.0, "log10_lambda": 1.0, "log10_min_child_weight": 3.7728638314600023, "log10_subsample": -1.0, "max_depth": 8.0, "num_boost_round": 7.0}, "datetime": {"datetime": "2024-01-19 01:42:45", "elapsed": 5466.341667, "delta": 0.005561}}
{"target": -13.75853654833123, "params": {"gamma": 940.5586782045943, "log10_alpha": -3.1209866441892657, "log10_colsample_bytree": -1.0, "log10_eta": -4.0, "log10_lambda": 1.0, "log10_min_child_weight": 3.7728638314600023, "log10_subsample": -1.0, "max_depth": 8.0, "num_boost_round": 8.0}, "datetime": {"datetime": "2024-01-19 01:42:45", "elapsed": 5466.347273, "delta": 0.005606}}
{"target": -13.758536386552214, "params": {"gamma": 940.5586782045943, "log10_alpha": -3.1209866441892657, "log10_colsample_bytree": -1.0, "log10_eta": -4.0, "log10_lambda": 1.0, "log10_min_child_weight": 3.7728638314600023, "log10_subsample": -1.0, "max_depth": 8.0, "num_boost_round": 9.0}, "datetime": {"datetime": "2024-01-19 01:42:45", "elapsed": 5466.35283, "delta": 0.005557}}
{"target": -13.758535968449868, "params": {"gamma": 940.5586782045943, "log10_alpha": -3.1209866441892657, "log10_colsample_bytree": -1.0, "log10_eta": -4.0, "log10_lambda": 1.0, "log10_min_child_weight": 3.7728638314600023, "log10_subsample": -1.0, "max_depth": 8.0, "num_boost_round": 10.0}, "datetime": {"datetime": "2024-01-19 01:42:45", "elapsed": 5466.358404, "delta": 0.005574}}
{"target": -13.758536188083973, "params": {"gamma": 940.5586782045943, "log10_alpha": -3.1209866441892657, "log10_colsample_bytree": -1.0, "log10_eta": -4.0, "log10_lambda": 1.0, "log10_min_child_weight": 3.7728638314600023, "log10_subsample": -1.0, "max_depth": 8.0, "num_boost_round": 11.0}, "datetime": {"datetime": "2024-01-19 01:42:45", "elapsed": 5466.363949, "delta": 0.005545}}
{"target": -13.758536263110194, "params": {"gamma": 940.5586782045943, "log10_alpha": -3.1209866441892657, "log10_colsample_bytree": -1.0, "log10_eta": -4.0, "log10_lambda": 1.0, "log10_min_child_weight": 3.7728638314600023, "log10_subsample": -1.0, "max_depth": 8.0, "num_boost_round": 12.0}, "datetime": {"datetime": "2024-01-19 01:42:45", "elapsed": 5466.36951, "delta": 0.005561}}
{"target": -13.758534935297622, "params": {"gamma": 940.5586782045943, "log10_alpha": -3.1209866441892657, "log10_colsample_bytree": -1.0, "log10_eta": -4.0, "log10_lambda": 1.0, "log10_min_child_weight": 3.7728638314600023, "log10_subsample": -1.0, "max_depth": 8.0, "num_boost_round": 13.0}, "datetime": {"datetime": "2024-01-19 01:42:45", "elapsed": 5466.375151, "delta": 0.005641}}
{"target": -13.758534741001503, "params": {"gamma": 940.5586782045943, "log10_alpha": -3.1209866441892657, "log10_colsample_bytree": -1.0, "log10_eta": -4.0, "log10_lambda": 1.0, "log10_min_child_weight": 3.7728638314600023, "log10_subsample": -1.0, "max_depth": 8.0, "num_boost_round": 14.0}, "datetime": {"datetime": "2024-01-19 01:42:45", "elapsed": 5466.380774, "delta": 0.005623}}
{"target": -13.758533455419654, "params": {"gamma": 940.5586782045943, "log10_alpha": -3.1209866441892657, "log10_colsample_bytree": -1.0, "log10_eta": -4.0, "log10_lambda": 1.0, "log10_min_child_weight": 3.7728638314600023, "log10_subsample": -1.0, "max_depth": 8.0, "num_boost_round": 15.0}, "datetime": {"datetime": "2024-01-19 01:42:45", "elapsed": 5466.386467, "delta": 0.005693}}
{"target": -13.758533114876784, "params": {"gamma": 940.5586782045943, "log10_alpha": -3.1209866441892657, "log10_colsample_bytree": -1.0, "log10_eta": -4.0, "log10_lambda": 1.0, "log10_min_child_weight": 3.7728638314600023, "log10_subsample": -1.0, "max_depth": 8.0, "num_boost_round": 16.0}, "datetime": {"datetime": "2024-01-19 01:42:45", "elapsed": 5466.392196, "delta": 0.005729}}
{"target": -13.758533731068093, "params": {"gamma": 940.5586782045943, "log10_alpha": -3.1209866441892657, "log10_colsample_bytree": -1.0, "log10_eta": -4.0, "log10_lambda": 1.0, "log10_min_child_weight": 3.7728638314600023, "log10_subsample": -1.0, "max_depth": 8.0, "num_boost_round": 17.0}, "datetime": {"datetime": "2024-01-19 01:42:45", "elapsed": 5466.398062, "delta": 0.005866}}
{"target": -13.758532798620891, "params": {"gamma": 940.5586782045943, "log10_alpha": -3.1209866441892657, "log10_colsample_bytree": -1.0, "log10_eta": -4.0, "log10_lambda": 1.0, "log10_min_child_weight": 3.7728638314600023, "log10_subsample": -1.0, "max_depth": 8.0, "num_boost_round": 18.0}, "datetime": {"datetime": "2024-01-19 01:42:45", "elapsed": 5466.404017, "delta": 0.005955}}
{"target": -13.758532474868398, "params": {"gamma": 925.418440361382, "log10_alpha": -0.008580875188890502, "log10_colsample_bytree": -0.47318830466254636, "log10_eta": -3.73074068925658, "log10_lambda": -2.450367305543417, "log10_min_child_weight": 3.202926420494535, "log10_subsample": -0.2606541380614036, "max_depth": 7.0, "num_boost_round": 0.0}, "datetime": {"datetime": "2024-01-19 01:43:58", "elapsed": 5539.85872, "delta": 73.454703}}
{"target": -13.758529814168307, "params": {"gamma": 925.418440361382, "log10_alpha": -0.008580875188890502, "log10_colsample_bytree": -0.47318830466254636, "log10_eta": -3.73074068925658, "log10_lambda": -2.450367305543417, "log10_min_child_weight": 3.202926420494535, "log10_subsample": -0.2606541380614036, "max_depth": 7.0, "num_boost_round": 1.0}, "datetime": {"datetime": "2024-01-19 01:43:58", "elapsed": 5539.966673, "delta": 0.107953}}
{"target": -13.758530366501155, "params": {"gamma": 925.418440361382, "log10_alpha": -0.008580875188890502, "log10_colsample_bytree": -0.47318830466254636, "log10_eta": -3.73074068925658, "log10_lambda": -2.450367305543417, "log10_min_child_weight": 3.202926420494535, "log10_subsample": -0.2606541380614036, "max_depth": 7.0, "num_boost_round": 2.0}, "datetime": {"datetime": "2024-01-19 01:43:58", "elapsed": 5539.973386, "delta": 0.006713}}
{"target": -13.758530456334189, "params": {"gamma": 925.418440361382, "log10_alpha": -0.008580875188890502, "log10_colsample_bytree": -0.47318830466254636, "log10_eta": -3.73074068925658, "log10_lambda": -2.450367305543417, "log10_min_child_weight": 3.202926420494535, "log10_subsample": -0.2606541380614036, "max_depth": 7.0, "num_boost_round": 3.0}, "datetime": {"datetime": "2024-01-19 01:43:58", "elapsed": 5539.97947, "delta": 0.006084}}
{"target": -13.75852368785007, "params": {"gamma": 925.418440361382, "log10_alpha": -0.008580875188890502, "log10_colsample_bytree": -0.47318830466254636, "log10_eta": -3.73074068925658, "log10_lambda": -2.450367305543417, "log10_min_child_weight": 3.202926420494535, "log10_subsample": -0.2606541380614036, "max_depth": 7.0, "num_boost_round": 4.0}, "datetime": {"datetime": "2024-01-19 01:43:58", "elapsed": 5539.985118, "delta": 0.005648}}
{"target": -13.758525575806374, "params": {"gamma": 925.418440361382, "log10_alpha": -0.008580875188890502, "log10_colsample_bytree": -0.47318830466254636, "log10_eta": -3.73074068925658, "log10_lambda": -2.450367305543417, "log10_min_child_weight": 3.202926420494535, "log10_subsample": -0.2606541380614036, "max_depth": 7.0, "num_boost_round": 5.0}, "datetime": {"datetime": "2024-01-19 01:43:58", "elapsed": 5539.990774, "delta": 0.005656}}
{"target": -13.758522232763594, "params": {"gamma": 925.418440361382, "log10_alpha": -0.008580875188890502, "log10_colsample_bytree": -0.47318830466254636, "log10_eta": -3.73074068925658, "log10_lambda": -2.450367305543417, "log10_min_child_weight": 3.202926420494535, "log10_subsample": -0.2606541380614036, "max_depth": 7.0, "num_boost_round": 6.0}, "datetime": {"datetime": "2024-01-19 01:43:58", "elapsed": 5539.99643, "delta": 0.005656}}
{"target": -13.758520611156614, "params": {"gamma": 925.418440361382, "log10_alpha": -0.008580875188890502, "log10_colsample_bytree": -0.47318830466254636, "log10_eta": -3.73074068925658, "log10_lambda": -2.450367305543417, "log10_min_child_weight": 3.202926420494535, "log10_subsample": -0.2606541380614036, "max_depth": 7.0, "num_boost_round": 7.0}, "datetime": {"datetime": "2024-01-19 01:43:58", "elapsed": 5540.002106, "delta": 0.005676}}
{"target": -13.758518430284255, "params": {"gamma": 925.418440361382, "log10_alpha": -0.008580875188890502, "log10_colsample_bytree": -0.47318830466254636, "log10_eta": -3.73074068925658, "log10_lambda": -2.450367305543417, "log10_min_child_weight": 3.202926420494535, "log10_subsample": -0.2606541380614036, "max_depth": 7.0, "num_boost_round": 8.0}, "datetime": {"datetime": "2024-01-19 01:43:58", "elapsed": 5540.007777, "delta": 0.005671}}
{"target": -13.758517032708914, "params": {"gamma": 925.418440361382, "log10_alpha": -0.008580875188890502, "log10_colsample_bytree": -0.47318830466254636, "log10_eta": -3.73074068925658, "log10_lambda": -2.450367305543417, "log10_min_child_weight": 3.202926420494535, "log10_subsample": -0.2606541380614036, "max_depth": 7.0, "num_boost_round": 9.0}, "datetime": {"datetime": "2024-01-19 01:43:59", "elapsed": 5540.013437, "delta": 0.00566}}
{"target": -13.758516357024819, "params": {"gamma": 925.418440361382, "log10_alpha": -0.008580875188890502, "log10_colsample_bytree": -0.47318830466254636, "log10_eta": -3.73074068925658, "log10_lambda": -2.450367305543417, "log10_min_child_weight": 3.202926420494535, "log10_subsample": -0.2606541380614036, "max_depth": 7.0, "num_boost_round": 10.0}, "datetime": {"datetime": "2024-01-19 01:43:59", "elapsed": 5540.01917, "delta": 0.005733}}
{"target": -13.758517739391118, "params": {"gamma": 925.418440361382, "log10_alpha": -0.008580875188890502, "log10_colsample_bytree": -0.47318830466254636, "log10_eta": -3.73074068925658, "log10_lambda": -2.450367305543417, "log10_min_child_weight": 3.202926420494535, "log10_subsample": -0.2606541380614036, "max_depth": 7.0, "num_boost_round": 11.0}, "datetime": {"datetime": "2024-01-19 01:43:59", "elapsed": 5540.024948, "delta": 0.005778}}
{"target": -13.758516242191765, "params": {"gamma": 925.418440361382, "log10_alpha": -0.008580875188890502, "log10_colsample_bytree": -0.47318830466254636, "log10_eta": -3.73074068925658, "log10_lambda": -2.450367305543417, "log10_min_child_weight": 3.202926420494535, "log10_subsample": -0.2606541380614036, "max_depth": 7.0, "num_boost_round": 12.0}, "datetime": {"datetime": "2024-01-19 01:43:59", "elapsed": 5540.030846, "delta": 0.005898}}
{"target": -13.758514807299914, "params": {"gamma": 925.418440361382, "log10_alpha": -0.008580875188890502, "log10_colsample_bytree": -0.47318830466254636, "log10_eta": -3.73074068925658, "log10_lambda": -2.450367305543417, "log10_min_child_weight": 3.202926420494535, "log10_subsample": -0.2606541380614036, "max_depth": 7.0, "num_boost_round": 13.0}, "datetime": {"datetime": "2024-01-19 01:43:59", "elapsed": 5540.036739, "delta": 0.005893}}
{"target": -13.758509201524566, "params": {"gamma": 925.418440361382, "log10_alpha": -0.008580875188890502, "log10_colsample_bytree": -0.47318830466254636, "log10_eta": -3.73074068925658, "log10_lambda": -2.450367305543417, "log10_min_child_weight": 3.202926420494535, "log10_subsample": -0.2606541380614036, "max_depth": 7.0, "num_boost_round": 14.0}, "datetime": {"datetime": "2024-01-19 01:43:59", "elapsed": 5540.042706, "delta": 0.005967}}
{"target": -13.758504420385957, "params": {"gamma": 925.418440361382, "log10_alpha": -0.008580875188890502, "log10_colsample_bytree": -0.47318830466254636, "log10_eta": -3.73074068925658, "log10_lambda": -2.450367305543417, "log10_min_child_weight": 3.202926420494535, "log10_subsample": -0.2606541380614036, "max_depth": 7.0, "num_boost_round": 15.0}, "datetime": {"datetime": "2024-01-19 01:43:59", "elapsed": 5540.048795, "delta": 0.006089}}
{"target": -13.758503162521768, "params": {"gamma": 925.418440361382, "log10_alpha": -0.008580875188890502, "log10_colsample_bytree": -0.47318830466254636, "log10_eta": -3.73074068925658, "log10_lambda": -2.450367305543417, "log10_min_child_weight": 3.202926420494535, "log10_subsample": -0.2606541380614036, "max_depth": 7.0, "num_boost_round": 16.0}, "datetime": {"datetime": "2024-01-19 01:43:59", "elapsed": 5540.054456, "delta": 0.005661}}
{"target": -13.758505350185715, "params": {"gamma": 925.418440361382, "log10_alpha": -0.008580875188890502, "log10_colsample_bytree": -0.47318830466254636, "log10_eta": -3.73074068925658, "log10_lambda": -2.450367305543417, "log10_min_child_weight": 3.202926420494535, "log10_subsample": -0.2606541380614036, "max_depth": 7.0, "num_boost_round": 17.0}, "datetime": {"datetime": "2024-01-19 01:43:59", "elapsed": 5540.060124, "delta": 0.005668}}
{"target": -13.758503010420979, "params": {"gamma": 925.418440361382, "log10_alpha": -0.008580875188890502, "log10_colsample_bytree": -0.47318830466254636, "log10_eta": -3.73074068925658, "log10_lambda": -2.450367305543417, "log10_min_child_weight": 3.202926420494535, "log10_subsample": -0.2606541380614036, "max_depth": 7.0, "num_boost_round": 18.0}, "datetime": {"datetime": "2024-01-19 01:43:59", "elapsed": 5540.065807, "delta": 0.005683}}
{"target": -13.758496353514055, "params": {"gamma": 925.418440361382, "log10_alpha": -0.008580875188890502, "log10_colsample_bytree": -0.47318830466254636, "log10_eta": -3.73074068925658, "log10_lambda": -2.450367305543417, "log10_min_child_weight": 3.202926420494535, "log10_subsample": -0.2606541380614036, "max_depth": 7.0, "num_boost_round": 19.0}, "datetime": {"datetime": "2024-01-19 01:43:59", "elapsed": 5540.071507, "delta": 0.0057}}
{"target": -13.75849136519084, "params": {"gamma": 925.418440361382, "log10_alpha": -0.008580875188890502, "log10_colsample_bytree": -0.47318830466254636, "log10_eta": -3.73074068925658, "log10_lambda": -2.450367305543417, "log10_min_child_weight": 3.202926420494535, "log10_subsample": -0.2606541380614036, "max_depth": 7.0, "num_boost_round": 20.0}, "datetime": {"datetime": "2024-01-19 01:43:59", "elapsed": 5540.077193, "delta": 0.005686}}
{"target": -13.758490320731417, "params": {"gamma": 925.418440361382, "log10_alpha": -0.008580875188890502, "log10_colsample_bytree": -0.47318830466254636, "log10_eta": -3.73074068925658, "log10_lambda": -2.450367305543417, "log10_min_child_weight": 3.202926420494535, "log10_subsample": -0.2606541380614036, "max_depth": 7.0, "num_boost_round": 21.0}, "datetime": {"datetime": "2024-01-19 01:43:59", "elapsed": 5540.082886, "delta": 0.005693}}
{"target": -13.75848936518202, "params": {"gamma": 925.418440361382, "log10_alpha": -0.008580875188890502, "log10_colsample_bytree": -0.47318830466254636, "log10_eta": -3.73074068925658, "log10_lambda": -2.450367305543417, "log10_min_child_weight": 3.202926420494535, "log10_subsample": -0.2606541380614036, "max_depth": 7.0, "num_boost_round": 22.0}, "datetime": {"datetime": "2024-01-19 01:43:59", "elapsed": 5540.089384, "delta": 0.006498}}
{"target": -13.758486419622583, "params": {"gamma": 925.418440361382, "log10_alpha": -0.008580875188890502, "log10_colsample_bytree": -0.47318830466254636, "log10_eta": -3.73074068925658, "log10_lambda": -2.450367305543417, "log10_min_child_weight": 3.202926420494535, "log10_subsample": -0.2606541380614036, "max_depth": 7.0, "num_boost_round": 23.0}, "datetime": {"datetime": "2024-01-19 01:43:59", "elapsed": 5540.095287, "delta": 0.005903}}
{"target": -13.75848275228125, "params": {"gamma": 925.418440361382, "log10_alpha": -0.008580875188890502, "log10_colsample_bytree": -0.47318830466254636, "log10_eta": -3.73074068925658, "log10_lambda": -2.450367305543417, "log10_min_child_weight": 3.202926420494535, "log10_subsample": -0.2606541380614036, "max_depth": 7.0, "num_boost_round": 24.0}, "datetime": {"datetime": "2024-01-19 01:43:59", "elapsed": 5540.10116, "delta": 0.005873}}
{"target": -13.7585320965686, "params": {"gamma": 950.230407612671, "log10_alpha": -1.8645967695884922, "log10_colsample_bytree": -0.7190344523891695, "log10_eta": -3.5907131516888957, "log10_lambda": -4.630007921917124, "log10_min_child_weight": 0.6845834843202458, "log10_subsample": -0.05343781207615106, "max_depth": 3.0, "num_boost_round": 0.0}, "datetime": {"datetime": "2024-01-19 01:45:09", "elapsed": 5610.93353, "delta": 70.83237}}
{"target": -13.758527951533166, "params": {"gamma": 950.230407612671, "log10_alpha": -1.8645967695884922, "log10_colsample_bytree": -0.7190344523891695, "log10_eta": -3.5907131516888957, "log10_lambda": -4.630007921917124, "log10_min_child_weight": 0.6845834843202458, "log10_subsample": -0.05343781207615106, "max_depth": 3.0, "num_boost_round": 1.0}, "datetime": {"datetime": "2024-01-19 01:45:09", "elapsed": 5610.940339, "delta": 0.006809}}
{"target": -13.75852866559419, "params": {"gamma": 950.230407612671, "log10_alpha": -1.8645967695884922, "log10_colsample_bytree": -0.7190344523891695, "log10_eta": -3.5907131516888957, "log10_lambda": -4.630007921917124, "log10_min_child_weight": 0.6845834843202458, "log10_subsample": -0.05343781207615106, "max_depth": 3.0, "num_boost_round": 2.0}, "datetime": {"datetime": "2024-01-19 01:45:09", "elapsed": 5610.946209, "delta": 0.00587}}
{"target": -13.758523291888174, "params": {"gamma": 950.230407612671, "log10_alpha": -1.8645967695884922, "log10_colsample_bytree": -0.7190344523891695, "log10_eta": -3.5907131516888957, "log10_lambda": -4.630007921917124, "log10_min_child_weight": 0.6845834843202458, "log10_subsample": -0.05343781207615106, "max_depth": 3.0, "num_boost_round": 3.0}, "datetime": {"datetime": "2024-01-19 01:45:09", "elapsed": 5610.95189, "delta": 0.005681}}
{"target": -13.758520464050976, "params": {"gamma": 950.230407612671, "log10_alpha": -1.8645967695884922, "log10_colsample_bytree": -0.7190344523891695, "log10_eta": -3.5907131516888957, "log10_lambda": -4.630007921917124, "log10_min_child_weight": 0.6845834843202458, "log10_subsample": -0.05343781207615106, "max_depth": 3.0, "num_boost_round": 4.0}, "datetime": {"datetime": "2024-01-19 01:45:09", "elapsed": 5610.95752, "delta": 0.00563}}
{"target": -13.758515330204851, "params": {"gamma": 950.230407612671, "log10_alpha": -1.8645967695884922, "log10_colsample_bytree": -0.7190344523891695, "log10_eta": -3.5907131516888957, "log10_lambda": -4.630007921917124, "log10_min_child_weight": 0.6845834843202458, "log10_subsample": -0.05343781207615106, "max_depth": 3.0, "num_boost_round": 5.0}, "datetime": {"datetime": "2024-01-19 01:45:09", "elapsed": 5610.963334, "delta": 0.005814}}
{"target": -13.758510544095975, "params": {"gamma": 950.230407612671, "log10_alpha": -1.8645967695884922, "log10_colsample_bytree": -0.7190344523891695, "log10_eta": -3.5907131516888957, "log10_lambda": -4.630007921917124, "log10_min_child_weight": 0.6845834843202458, "log10_subsample": -0.05343781207615106, "max_depth": 3.0, "num_boost_round": 6.0}, "datetime": {"datetime": "2024-01-19 01:45:09", "elapsed": 5610.969141, "delta": 0.005807}}
{"target": -13.758506917850788, "params": {"gamma": 950.230407612671, "log10_alpha": -1.8645967695884922, "log10_colsample_bytree": -0.7190344523891695, "log10_eta": -3.5907131516888957, "log10_lambda": -4.630007921917124, "log10_min_child_weight": 0.6845834843202458, "log10_subsample": -0.05343781207615106, "max_depth": 3.0, "num_boost_round": 7.0}, "datetime": {"datetime": "2024-01-19 01:45:09", "elapsed": 5610.974769, "delta": 0.005628}}
