{"target": -17.677076181149246, "params": {"gamma": 420.11643461150453, "log10_alpha": -1.8164523460481965, "log10_colsample_bytree": -0.8305793209340404, "log10_eta": -4.0, "log10_lambda": -5.0, "log10_min_child_weight": 0.0, "log10_subsample": -0.22161625915960237, "max_depth": 4.0, "num_boost_round": 47.0}, "datetime": {"datetime": "2024-01-19 00:27:38", "elapsed": 948.690317, "delta": 0.002023}}
{"target": -17.677074411736136, "params": {"gamma": 420.11643461150453, "log10_alpha": -1.8164523460481965, "log10_colsample_bytree": -0.8305793209340404, "log10_eta": -4.0, "log10_lambda": -5.0, "log10_min_child_weight": 0.0, "log10_subsample": -0.22161625915960237, "max_depth": 4.0, "num_boost_round": 48.0}, "datetime": {"datetime": "2024-01-19 00:27:38", "elapsed": 948.692465, "delta": 0.002148}}
{"target": -17.67707399430106, "params": {"gamma": 420.11643461150453, "log10_alpha": -1.8164523460481965, "log10_colsample_bytree": -0.8305793209340404, "log10_eta": -4.0, "log10_lambda": -5.0, "log10_min_child_weight": 0.0, "log10_subsample": -0.22161625915960237, "max_depth": 4.0, "num_boost_round": 49.0}, "datetime": {"datetime": "2024-01-19 00:27:38", "elapsed": 948.694525, "delta": 0.00206}}
{"target": -17.67707465155305, "params": {"gamma": 420.11643461150453, "log10_alpha": -1.8164523460481965, "log10_colsample_bytree": -0.8305793209340404, "log10_eta": -4.0, "log10_lambda": -5.0, "log10_min_child_weight": 0.0, "log10_subsample": -0.22161625915960237, "max_depth": 4.0, "num_boost_round": 50.0}, "datetime": {"datetime": "2024-01-19 00:27:38", "elapsed": 948.696564, "delta": 0.002039}}
{"target": -17.67707030805035, "params": {"gamma": 420.11643461150453, "log10_alpha": -1.8164523460481965, "log10_colsample_bytree": -0.8305793209340404, "log10_eta": -4.0, "log10_lambda": -5.0, "log10_min_child_weight": 0.0, "log10_subsample": -0.22161625915960237, "max_depth": 4.0, "num_boost_round": 51.0}, "datetime": {"datetime": "2024-01-19 00:27:38", "elapsed": 948.698595, "delta": 0.002031}}
{"target": -17.67706592384544, "params": {"gamma": 420.11643461150453, "log10_alpha": -1.8164523460481965, "log10_colsample_bytree": -0.8305793209340404, "log10_eta": -4.0, "log10_lambda": -5.0, "log10_min_child_weight": 0.0, "log10_subsample": -0.22161625915960237, "max_depth": 4.0, "num_boost_round": 52.0}, "datetime": {"datetime": "2024-01-19 00:27:38", "elapsed": 948.700658, "delta": 0.002063}}
{"target": -17.677064269408618, "params": {"gamma": 420.11643461150453, "log10_alpha": -1.8164523460481965, "log10_colsample_bytree": -0.8305793209340404, "log10_eta": -4.0, "log10_lambda": -5.0, "log10_min_child_weight": 0.0, "log10_subsample": -0.22161625915960237, "max_depth": 4.0, "num_boost_round": 53.0}, "datetime": {"datetime": "2024-01-19 00:27:38", "elapsed": 948.702794, "delta": 0.002136}}
{"target": -17.677062692752344, "params": {"gamma": 420.11643461150453, "log10_alpha": -1.8164523460481965, "log10_colsample_bytree": -0.8305793209340404, "log10_eta": -4.0, "log10_lambda": -5.0, "log10_min_child_weight": 0.0, "log10_subsample": -0.22161625915960237, "max_depth": 4.0, "num_boost_round": 54.0}, "datetime": {"datetime": "2024-01-19 00:27:38", "elapsed": 948.704819, "delta": 0.002025}}
{"target": -17.677057368379696, "params": {"gamma": 420.11643461150453, "log10_alpha": -1.8164523460481965, "log10_colsample_bytree": -0.8305793209340404, "log10_eta": -4.0, "log10_lambda": -5.0, "log10_min_child_weight": 0.0, "log10_subsample": -0.22161625915960237, "max_depth": 4.0, "num_boost_round": 55.0}, "datetime": {"datetime": "2024-01-19 00:27:38", "elapsed": 948.706847, "delta": 0.002028}}
{"target": -17.677052235502302, "params": {"gamma": 420.11643461150453, "log10_alpha": -1.8164523460481965, "log10_colsample_bytree": -0.8305793209340404, "log10_eta": -4.0, "log10_lambda": -5.0, "log10_min_child_weight": 0.0, "log10_subsample": -0.22161625915960237, "max_depth": 4.0, "num_boost_round": 56.0}, "datetime": {"datetime": "2024-01-19 00:27:38", "elapsed": 948.708896, "delta": 0.002049}}
{"target": -17.677049728365535, "params": {"gamma": 420.11643461150453, "log10_alpha": -1.8164523460481965, "log10_colsample_bytree": -0.8305793209340404, "log10_eta": -4.0, "log10_lambda": -5.0, "log10_min_child_weight": 0.0, "log10_subsample": -0.22161625915960237, "max_depth": 4.0, "num_boost_round": 57.0}, "datetime": {"datetime": "2024-01-19 00:27:38", "elapsed": 948.710935, "delta": 0.002039}}
{"target": -17.677043875644554, "params": {"gamma": 420.11643461150453, "log10_alpha": -1.8164523460481965, "log10_colsample_bytree": -0.8305793209340404, "log10_eta": -4.0, "log10_lambda": -5.0, "log10_min_child_weight": 0.0, "log10_subsample": -0.22161625915960237, "max_depth": 4.0, "num_boost_round": 58.0}, "datetime": {"datetime": "2024-01-19 00:27:38", "elapsed": 948.713008, "delta": 0.002073}}
{"target": -17.67704035313878, "params": {"gamma": 420.11643461150453, "log10_alpha": -1.8164523460481965, "log10_colsample_bytree": -0.8305793209340404, "log10_eta": -4.0, "log10_lambda": -5.0, "log10_min_child_weight": 0.0, "log10_subsample": -0.22161625915960237, "max_depth": 4.0, "num_boost_round": 59.0}, "datetime": {"datetime": "2024-01-19 00:27:38", "elapsed": 948.715039, "delta": 0.002031}}
{"target": -17.677043944712757, "params": {"gamma": 420.11643461150453, "log10_alpha": -1.8164523460481965, "log10_colsample_bytree": -0.8305793209340404, "log10_eta": -4.0, "log10_lambda": -5.0, "log10_min_child_weight": 0.0, "log10_subsample": -0.22161625915960237, "max_depth": 4.0, "num_boost_round": 60.0}, "datetime": {"datetime": "2024-01-19 00:27:38", "elapsed": 948.717091, "delta": 0.002052}}
{"target": -17.67704248368837, "params": {"gamma": 420.11643461150453, "log10_alpha": -1.8164523460481965, "log10_colsample_bytree": -0.8305793209340404, "log10_eta": -4.0, "log10_lambda": -5.0, "log10_min_child_weight": 0.0, "log10_subsample": -0.22161625915960237, "max_depth": 4.0, "num_boost_round": 61.0}, "datetime": {"datetime": "2024-01-19 00:27:38", "elapsed": 948.719122, "delta": 0.002031}}
{"target": -17.67704046438395, "params": {"gamma": 420.11643461150453, "log10_alpha": -1.8164523460481965, "log10_colsample_bytree": -0.8305793209340404, "log10_eta": -4.0, "log10_lambda": -5.0, "log10_min_child_weight": 0.0, "log10_subsample": -0.22161625915960237, "max_depth": 4.0, "num_boost_round": 62.0}, "datetime": {"datetime": "2024-01-19 00:27:38", "elapsed": 948.721164, "delta": 0.002042}}
{"target": -17.67703394100533, "params": {"gamma": 420.11643461150453, "log10_alpha": -1.8164523460481965, "log10_colsample_bytree": -0.8305793209340404, "log10_eta": -4.0, "log10_lambda": -5.0, "log10_min_child_weight": 0.0, "log10_subsample": -0.22161625915960237, "max_depth": 4.0, "num_boost_round": 63.0}, "datetime": {"datetime": "2024-01-19 00:27:38", "elapsed": 948.723317, "delta": 0.002153}}
{"target": -17.677030606439317, "params": {"gamma": 420.11643461150453, "log10_alpha": -1.8164523460481965, "log10_colsample_bytree": -0.8305793209340404, "log10_eta": -4.0, "log10_lambda": -5.0, "log10_min_child_weight": 0.0, "log10_subsample": -0.22161625915960237, "max_depth": 4.0, "num_boost_round": 64.0}, "datetime": {"datetime": "2024-01-19 00:27:38", "elapsed": 948.725383, "delta": 0.002066}}
{"target": -17.677025879123587, "params": {"gamma": 420.11643461150453, "log10_alpha": -1.8164523460481965, "log10_colsample_bytree": -0.8305793209340404, "log10_eta": -4.0, "log10_lambda": -5.0, "log10_min_child_weight": 0.0, "log10_subsample": -0.22161625915960237, "max_depth": 4.0, "num_boost_round": 65.0}, "datetime": {"datetime": "2024-01-19 00:27:38", "elapsed": 948.727431, "delta": 0.002048}}
{"target": -17.677023151263597, "params": {"gamma": 420.11643461150453, "log10_alpha": -1.8164523460481965, "log10_colsample_bytree": -0.8305793209340404, "log10_eta": -4.0, "log10_lambda": -5.0, "log10_min_child_weight": 0.0, "log10_subsample": -0.22161625915960237, "max_depth": 4.0, "num_boost_round": 66.0}, "datetime": {"datetime": "2024-01-19 00:27:38", "elapsed": 948.729483, "delta": 0.002052}}
{"target": -17.677013277851717, "params": {"gamma": 420.11643461150453, "log10_alpha": -1.8164523460481965, "log10_colsample_bytree": -0.8305793209340404, "log10_eta": -4.0, "log10_lambda": -5.0, "log10_min_child_weight": 0.0, "log10_subsample": -0.22161625915960237, "max_depth": 4.0, "num_boost_round": 67.0}, "datetime": {"datetime": "2024-01-19 00:27:38", "elapsed": 948.731583, "delta": 0.0021}}
{"target": -17.677011632498232, "params": {"gamma": 420.11643461150453, "log10_alpha": -1.8164523460481965, "log10_colsample_bytree": -0.8305793209340404, "log10_eta": -4.0, "log10_lambda": -5.0, "log10_min_child_weight": 0.0, "log10_subsample": -0.22161625915960237, "max_depth": 4.0, "num_boost_round": 68.0}, "datetime": {"datetime": "2024-01-19 00:27:38", "elapsed": 948.733646, "delta": 0.002063}}
{"target": -17.677009336199465, "params": {"gamma": 420.11643461150453, "log10_alpha": -1.8164523460481965, "log10_colsample_bytree": -0.8305793209340404, "log10_eta": -4.0, "log10_lambda": -5.0, "log10_min_child_weight": 0.0, "log10_subsample": -0.22161625915960237, "max_depth": 4.0, "num_boost_round": 69.0}, "datetime": {"datetime": "2024-01-19 00:27:38", "elapsed": 948.735686, "delta": 0.00204}}
{"target": -17.677009527716496, "params": {"gamma": 420.11643461150453, "log10_alpha": -1.8164523460481965, "log10_colsample_bytree": -0.8305793209340404, "log10_eta": -4.0, "log10_lambda": -5.0, "log10_min_child_weight": 0.0, "log10_subsample": -0.22161625915960237, "max_depth": 4.0, "num_boost_round": 70.0}, "datetime": {"datetime": "2024-01-19 00:27:38", "elapsed": 948.737737, "delta": 0.002051}}
{"target": -17.67700613412566, "params": {"gamma": 420.11643461150453, "log10_alpha": -1.8164523460481965, "log10_colsample_bytree": -0.8305793209340404, "log10_eta": -4.0, "log10_lambda": -5.0, "log10_min_child_weight": 0.0, "log10_subsample": -0.22161625915960237, "max_depth": 4.0, "num_boost_round": 71.0}, "datetime": {"datetime": "2024-01-19 00:27:38", "elapsed": 948.739798, "delta": 0.002061}}
{"target": -17.67700137086966, "params": {"gamma": 420.11643461150453, "log10_alpha": -1.8164523460481965, "log10_colsample_bytree": -0.8305793209340404, "log10_eta": -4.0, "log10_lambda": -5.0, "log10_min_child_weight": 0.0, "log10_subsample": -0.22161625915960237, "max_depth": 4.0, "num_boost_round": 72.0}, "datetime": {"datetime": "2024-01-19 00:27:38", "elapsed": 948.742126, "delta": 0.002328}}
{"target": -17.67699724575185, "params": {"gamma": 420.11643461150453, "log10_alpha": -1.8164523460481965, "log10_colsample_bytree": -0.8305793209340404, "log10_eta": -4.0, "log10_lambda": -5.0, "log10_min_child_weight": 0.0, "log10_subsample": -0.22161625915960237, "max_depth": 4.0, "num_boost_round": 73.0}, "datetime": {"datetime": "2024-01-19 00:27:38", "elapsed": 948.744307, "delta": 0.002181}}
{"target": -17.6769952400539, "params": {"gamma": 420.11643461150453, "log10_alpha": -1.8164523460481965, "log10_colsample_bytree": -0.8305793209340404, "log10_eta": -4.0, "log10_lambda": -5.0, "log10_min_child_weight": 0.0, "log10_subsample": -0.22161625915960237, "max_depth": 4.0, "num_boost_round": 74.0}, "datetime": {"datetime": "2024-01-19 00:27:38", "elapsed": 948.746608, "delta": 0.002301}}
{"target": -17.676992556059727, "params": {"gamma": 420.11643461150453, "log10_alpha": -1.8164523460481965, "log10_colsample_bytree": -0.8305793209340404, "log10_eta": -4.0, "log10_lambda": -5.0, "log10_min_child_weight": 0.0, "log10_subsample": -0.22161625915960237, "max_depth": 4.0, "num_boost_round": 75.0}, "datetime": {"datetime": "2024-01-19 00:27:38", "elapsed": 948.748689, "delta": 0.002081}}
{"target": -17.676986436049315, "params": {"gamma": 420.11643461150453, "log10_alpha": -1.8164523460481965, "log10_colsample_bytree": -0.8305793209340404, "log10_eta": -4.0, "log10_lambda": -5.0, "log10_min_child_weight": 0.0, "log10_subsample": -0.22161625915960237, "max_depth": 4.0, "num_boost_round": 76.0}, "datetime": {"datetime": "2024-01-19 00:27:38", "elapsed": 948.750768, "delta": 0.002079}}
{"target": -17.676985221359143, "params": {"gamma": 420.11643461150453, "log10_alpha": -1.8164523460481965, "log10_colsample_bytree": -0.8305793209340404, "log10_eta": -4.0, "log10_lambda": -5.0, "log10_min_child_weight": 0.0, "log10_subsample": -0.22161625915960237, "max_depth": 4.0, "num_boost_round": 77.0}, "datetime": {"datetime": "2024-01-19 00:27:38", "elapsed": 948.75291, "delta": 0.002142}}
{"target": -17.67698510417923, "params": {"gamma": 420.11643461150453, "log10_alpha": -1.8164523460481965, "log10_colsample_bytree": -0.8305793209340404, "log10_eta": -4.0, "log10_lambda": -5.0, "log10_min_child_weight": 0.0, "log10_subsample": -0.22161625915960237, "max_depth": 4.0, "num_boost_round": 78.0}, "datetime": {"datetime": "2024-01-19 00:27:38", "elapsed": 948.754971, "delta": 0.002061}}
{"target": -17.676982570929063, "params": {"gamma": 420.11643461150453, "log10_alpha": -1.8164523460481965, "log10_colsample_bytree": -0.8305793209340404, "log10_eta": -4.0, "log10_lambda": -5.0, "log10_min_child_weight": 0.0, "log10_subsample": -0.22161625915960237, "max_depth": 4.0, "num_boost_round": 79.0}, "datetime": {"datetime": "2024-01-19 00:27:38", "elapsed": 948.757046, "delta": 0.002075}}
{"target": -17.677220003092458, "params": {"gamma": 424.0909319577453, "log10_alpha": -0.8953635626921272, "log10_colsample_bytree": -0.9544377599160845, "log10_eta": -3.2235218943356165, "log10_lambda": 0.5130055530489424, "log10_min_child_weight": 0.7704896388661847, "log10_subsample": -0.710756130709318, "max_depth": 9.0, "num_boost_round": 0.0}, "datetime": {"datetime": "2024-01-19 00:28:04", "elapsed": 974.270804, "delta": 25.513758}}
{"target": -17.67721849762107, "params": {"gamma": 424.0909319577453, "log10_alpha": -0.8953635626921272, "log10_colsample_bytree": -0.9544377599160845, "log10_eta": -3.2235218943356165, "log10_lambda": 0.5130055530489424, "log10_min_child_weight": 0.7704896388661847, "log10_subsample": -0.710756130709318, "max_depth": 9.0, "num_boost_round": 1.0}, "datetime": {"datetime": "2024-01-19 00:28:04", "elapsed": 974.273587, "delta": 0.002783}}
{"target": -17.677218175272003, "params": {"gamma": 424.0909319577453, "log10_alpha": -0.8953635626921272, "log10_colsample_bytree": -0.9544377599160845, "log10_eta": -3.2235218943356165, "log10_lambda": 0.5130055530489424, "log10_min_child_weight": 0.7704896388661847, "log10_subsample": -0.710756130709318, "max_depth": 9.0, "num_boost_round": 2.0}, "datetime": {"datetime": "2024-01-19 00:28:04", "elapsed": 974.27607, "delta": 0.002483}}
{"target": -17.6771984333301, "params": {"gamma": 424.0909319577453, "log10_alpha": -0.8953635626921272, "log10_colsample_bytree": -0.9544377599160845, "log10_eta": -3.2235218943356165, "log10_lambda": 0.5130055530489424, "log10_min_child_weight": 0.7704896388661847, "log10_subsample": -0.710756130709318, "max_depth": 9.0, "num_boost_round": 3.0}, "datetime": {"datetime": "2024-01-19 00:28:04", "elapsed": 974.278136, "delta": 0.002066}}
{"target": -17.677138606004778, "params": {"gamma": 424.0909319577453, "log10_alpha": -0.8953635626921272, "log10_colsample_bytree": -0.9544377599160845, "log10_eta": -3.2235218943356165, "log10_lambda": 0.5130055530489424, "log10_min_child_weight": 0.7704896388661847, "log10_subsample": -0.710756130709318, "max_depth": 9.0, "num_boost_round": 4.0}, "datetime": {"datetime": "2024-01-19 00:28:04", "elapsed": 974.280208, "delta": 0.002072}}
{"target": -17.677144920314802, "params": {"gamma": 424.0909319577453, "log10_alpha": -0.8953635626921272, "log10_colsample_bytree": -0.9544377599160845, "log10_eta": -3.2235218943356165, "log10_lambda": 0.5130055530489424, "log10_min_child_weight": 0.7704896388661847, "log10_subsample": -0.710756130709318, "max_depth": 9.0, "num_boost_round": 5.0}, "datetime": {"datetime": "2024-01-19 00:28:04", "elapsed": 974.282407, "delta": 0.002199}}
{"target": -17.677131424229458, "params": {"gamma": 424.0909319577453, "log10_alpha": -0.8953635626921272, "log10_colsample_bytree": -0.9544377599160845, "log10_eta": -3.2235218943356165, "log10_lambda": 0.5130055530489424, "log10_min_child_weight": 0.7704896388661847, "log10_subsample": -0.710756130709318, "max_depth": 9.0, "num_boost_round": 6.0}, "datetime": {"datetime": "2024-01-19 00:28:04", "elapsed": 974.284457, "delta": 0.00205}}
{"target": -17.677106187284956, "params": {"gamma": 424.0909319577453, "log10_alpha": -0.8953635626921272, "log10_colsample_bytree": -0.9544377599160845, "log10_eta": -3.2235218943356165, "log10_lambda": 0.5130055530489424, "log10_min_child_weight": 0.7704896388661847, "log10_subsample": -0.710756130709318, "max_depth": 9.0, "num_boost_round": 7.0}, "datetime": {"datetime": "2024-01-19 00:28:04", "elapsed": 974.286475, "delta": 0.002018}}
{"target": -17.67707427370954, "params": {"gamma": 424.0909319577453, "log10_alpha": -0.8953635626921272, "log10_colsample_bytree": -0.9544377599160845, "log10_eta": -3.2235218943356165, "log10_lambda": 0.5130055530489424, "log10_min_child_weight": 0.7704896388661847, "log10_subsample": -0.710756130709318, "max_depth": 9.0, "num_boost_round": 8.0}, "datetime": {"datetime": "2024-01-19 00:28:04", "elapsed": 974.288497, "delta": 0.002022}}
{"target": -17.677053402311568, "params": {"gamma": 424.0909319577453, "log10_alpha": -0.8953635626921272, "log10_colsample_bytree": -0.9544377599160845, "log10_eta": -3.2235218943356165, "log10_lambda": 0.5130055530489424, "log10_min_child_weight": 0.7704896388661847, "log10_subsample": -0.710756130709318, "max_depth": 9.0, "num_boost_round": 9.0}, "datetime": {"datetime": "2024-01-19 00:28:04", "elapsed": 974.290505, "delta": 0.002008}}
{"target": -17.67702609382849, "params": {"gamma": 424.0909319577453, "log10_alpha": -0.8953635626921272, "log10_colsample_bytree": -0.9544377599160845, "log10_eta": -3.2235218943356165, "log10_lambda": 0.5130055530489424, "log10_min_child_weight": 0.7704896388661847, "log10_subsample": -0.710756130709318, "max_depth": 9.0, "num_boost_round": 10.0}, "datetime": {"datetime": "2024-01-19 00:28:04", "elapsed": 974.292644, "delta": 0.002139}}
{"target": -17.67700454582347, "params": {"gamma": 424.0909319577453, "log10_alpha": -0.8953635626921272, "log10_colsample_bytree": -0.9544377599160845, "log10_eta": -3.2235218943356165, "log10_lambda": 0.5130055530489424, "log10_min_child_weight": 0.7704896388661847, "log10_subsample": -0.710756130709318, "max_depth": 9.0, "num_boost_round": 11.0}, "datetime": {"datetime": "2024-01-19 00:28:04", "elapsed": 974.294663, "delta": 0.002019}}
{"target": -17.677182231580417, "params": {"gamma": 422.86747903541743, "log10_alpha": 0.1412941273039383, "log10_colsample_bytree": -0.8304313971826426, "log10_eta": -1.0033738493289985, "log10_lambda": -3.9277655227245605, "log10_min_child_weight": 2.227047445651622, "log10_subsample": -0.7152576862333446, "max_depth": 5.0, "num_boost_round": 0.0}, "datetime": {"datetime": "2024-01-19 00:28:27", "elapsed": 997.16228, "delta": 22.867617}}
{"target": -17.676635602566883, "params": {"gamma": 422.86747903541743, "log10_alpha": 0.1412941273039383, "log10_colsample_bytree": -0.8304313971826426, "log10_eta": -1.0033738493289985, "log10_lambda": -3.9277655227245605, "log10_min_child_weight": 2.227047445651622, "log10_subsample": -0.7152576862333446, "max_depth": 5.0, "num_boost_round": 1.0}, "datetime": {"datetime": "2024-01-19 00:28:27", "elapsed": 997.164866, "delta": 0.002586}}
{"target": -17.675937102376434, "params": {"gamma": 422.86747903541743, "log10_alpha": 0.1412941273039383, "log10_colsample_bytree": -0.8304313971826426, "log10_eta": -1.0033738493289985, "log10_lambda": -3.9277655227245605, "log10_min_child_weight": 2.227047445651622, "log10_subsample": -0.7152576862333446, "max_depth": 5.0, "num_boost_round": 2.0}, "datetime": {"datetime": "2024-01-19 00:28:27", "elapsed": 997.167028, "delta": 0.002162}}
{"target": -17.68001569456738, "params": {"gamma": 422.86747903541743, "log10_alpha": 0.1412941273039383, "log10_colsample_bytree": -0.8304313971826426, "log10_eta": -1.0033738493289985, "log10_lambda": -3.9277655227245605, "log10_min_child_weight": 2.227047445651622, "log10_subsample": -0.7152576862333446, "max_depth": 5.0, "num_boost_round": 3.0}, "datetime": {"datetime": "2024-01-19 00:28:27", "elapsed": 997.169055, "delta": 0.002027}}
{"target": -17.67689651548733, "params": {"gamma": 422.86747903541743, "log10_alpha": 0.1412941273039383, "log10_colsample_bytree": -0.8304313971826426, "log10_eta": -1.0033738493289985, "log10_lambda": -3.9277655227245605, "log10_min_child_weight": 2.227047445651622, "log10_subsample": -0.7152576862333446, "max_depth": 5.0, "num_boost_round": 4.0}, "datetime": {"datetime": "2024-01-19 00:28:27", "elapsed": 997.171192, "delta": 0.002137}}
{"target": -17.675934202618656, "params": {"gamma": 422.86747903541743, "log10_alpha": 0.1412941273039383, "log10_colsample_bytree": -0.8304313971826426, "log10_eta": -1.0033738493289985, "log10_lambda": -3.9277655227245605, "log10_min_child_weight": 2.227047445651622, "log10_subsample": -0.7152576862333446, "max_depth": 5.0, "num_boost_round": 5.0}, "datetime": {"datetime": "2024-01-19 00:28:27", "elapsed": 997.173205, "delta": 0.002013}}
{"target": -17.679997684322313, "params": {"gamma": 422.86747903541743, "log10_alpha": 0.1412941273039383, "log10_colsample_bytree": -0.8304313971826426, "log10_eta": -1.0033738493289985, "log10_lambda": -3.9277655227245605, "log10_min_child_weight": 2.227047445651622, "log10_subsample": -0.7152576862333446, "max_depth": 5.0, "num_boost_round": 6.0}, "datetime": {"datetime": "2024-01-19 00:28:27", "elapsed": 997.175214, "delta": 0.002009}}
