{"target": -17.677198348660614, "params": {"gamma": 869.4171615670695, "log10_alpha": 0.7724904897009086, "log10_colsample_bytree": -0.7863368768586265, "log10_eta": -3.0765849388529776, "log10_lambda": -4.999530078837567, "log10_min_child_weight": 1.6665795106319514, "log10_subsample": -0.6212441015687593, "max_depth": 4.0, "num_boost_round": 0.0}, "datetime": {"datetime": "2024-01-19 00:17:46", "elapsed": 347.037664, "delta": 25.482697}}
{"target": -17.677141825514916, "params": {"gamma": 869.4171615670695, "log10_alpha": 0.7724904897009086, "log10_colsample_bytree": -0.7863368768586265, "log10_eta": -3.0765849388529776, "log10_lambda": -4.999530078837567, "log10_min_child_weight": 1.6665795106319514, "log10_subsample": -0.6212441015687593, "max_depth": 4.0, "num_boost_round": 1.0}, "datetime": {"datetime": "2024-01-19 00:17:46", "elapsed": 347.038428, "delta": 0.000764}}
{"target": -17.677093485899288, "params": {"gamma": 869.4171615670695, "log10_alpha": 0.7724904897009086, "log10_colsample_bytree": -0.7863368768586265, "log10_eta": -3.0765849388529776, "log10_lambda": -4.999530078837567, "log10_min_child_weight": 1.6665795106319514, "log10_subsample": -0.6212441015687593, "max_depth": 4.0, "num_boost_round": 2.0}, "datetime": {"datetime": "2024-01-19 00:17:46", "elapsed": 347.039058, "delta": 0.00063}}
{"target": -17.677088667116866, "params": {"gamma": 869.4171615670695, "log10_alpha": 0.7724904897009086, "log10_colsample_bytree": -0.7863368768586265, "log10_eta": -3.0765849388529776, "log10_lambda": -4.999530078837567, "log10_min_child_weight": 1.6665795106319514, "log10_subsample": -0.6212441015687593, "max_depth": 4.0, "num_boost_round": 3.0}, "datetime": {"datetime": "2024-01-19 00:17:46", "elapsed": 347.040298, "delta": 0.00124}}
{"target": -17.677053644838814, "params": {"gamma": 869.4171615670695, "log10_alpha": 0.7724904897009086, "log10_colsample_bytree": -0.7863368768586265, "log10_eta": -3.0765849388529776, "log10_lambda": -4.999530078837567, "log10_min_child_weight": 1.6665795106319514, "log10_subsample": -0.6212441015687593, "max_depth": 4.0, "num_boost_round": 4.0}, "datetime": {"datetime": "2024-01-19 00:17:46", "elapsed": 347.04095, "delta": 0.000652}}
{"target": -17.677015477269183, "params": {"gamma": 869.4171615670695, "log10_alpha": 0.7724904897009086, "log10_colsample_bytree": -0.7863368768586265, "log10_eta": -3.0765849388529776, "log10_lambda": -4.999530078837567, "log10_min_child_weight": 1.6665795106319514, "log10_subsample": -0.6212441015687593, "max_depth": 4.0, "num_boost_round": 5.0}, "datetime": {"datetime": "2024-01-19 00:17:46", "elapsed": 347.041582, "delta": 0.000632}}
{"target": -17.67698679464176, "params": {"gamma": 869.4171615670695, "log10_alpha": 0.7724904897009086, "log10_colsample_bytree": -0.7863368768586265, "log10_eta": -3.0765849388529776, "log10_lambda": -4.999530078837567, "log10_min_child_weight": 1.6665795106319514, "log10_subsample": -0.6212441015687593, "max_depth": 4.0, "num_boost_round": 6.0}, "datetime": {"datetime": "2024-01-19 00:17:46", "elapsed": 347.042206, "delta": 0.000624}}
{"target": -17.67693991733358, "params": {"gamma": 869.4171615670695, "log10_alpha": 0.7724904897009086, "log10_colsample_bytree": -0.7863368768586265, "log10_eta": -3.0765849388529776, "log10_lambda": -4.999530078837567, "log10_min_child_weight": 1.6665795106319514, "log10_subsample": -0.6212441015687593, "max_depth": 4.0, "num_boost_round": 7.0}, "datetime": {"datetime": "2024-01-19 00:17:46", "elapsed": 347.042971, "delta": 0.000765}}
{"target": -17.676941282204353, "params": {"gamma": 869.4171615670695, "log10_alpha": 0.7724904897009086, "log10_colsample_bytree": -0.7863368768586265, "log10_eta": -3.0765849388529776, "log10_lambda": -4.999530078837567, "log10_min_child_weight": 1.6665795106319514, "log10_subsample": -0.6212441015687593, "max_depth": 4.0, "num_boost_round": 8.0}, "datetime": {"datetime": "2024-01-19 00:17:46", "elapsed": 347.043599, "delta": 0.000628}}
{"target": -17.676908537700548, "params": {"gamma": 869.4171615670695, "log10_alpha": 0.7724904897009086, "log10_colsample_bytree": -0.7863368768586265, "log10_eta": -3.0765849388529776, "log10_lambda": -4.999530078837567, "log10_min_child_weight": 1.6665795106319514, "log10_subsample": -0.6212441015687593, "max_depth": 4.0, "num_boost_round": 9.0}, "datetime": {"datetime": "2024-01-19 00:17:46", "elapsed": 347.044223, "delta": 0.000624}}
{"target": -17.67686099558802, "params": {"gamma": 869.4171615670695, "log10_alpha": 0.7724904897009086, "log10_colsample_bytree": -0.7863368768586265, "log10_eta": -3.0765849388529776, "log10_lambda": -4.999530078837567, "log10_min_child_weight": 1.6665795106319514, "log10_subsample": -0.6212441015687593, "max_depth": 4.0, "num_boost_round": 10.0}, "datetime": {"datetime": "2024-01-19 00:17:46", "elapsed": 347.044857, "delta": 0.000634}}
{"target": -17.676839640056766, "params": {"gamma": 869.4171615670695, "log10_alpha": 0.7724904897009086, "log10_colsample_bytree": -0.7863368768586265, "log10_eta": -3.0765849388529776, "log10_lambda": -4.999530078837567, "log10_min_child_weight": 1.6665795106319514, "log10_subsample": -0.6212441015687593, "max_depth": 4.0, "num_boost_round": 11.0}, "datetime": {"datetime": "2024-01-19 00:17:46", "elapsed": 347.045482, "delta": 0.000625}}
{"target": -17.67679475652867, "params": {"gamma": 869.4171615670695, "log10_alpha": 0.7724904897009086, "log10_colsample_bytree": -0.7863368768586265, "log10_eta": -3.0765849388529776, "log10_lambda": -4.999530078837567, "log10_min_child_weight": 1.6665795106319514, "log10_subsample": -0.6212441015687593, "max_depth": 4.0, "num_boost_round": 12.0}, "datetime": {"datetime": "2024-01-19 00:17:46", "elapsed": 347.046119, "delta": 0.000637}}
{"target": -17.676763066506528, "params": {"gamma": 869.4171615670695, "log10_alpha": 0.7724904897009086, "log10_colsample_bytree": -0.7863368768586265, "log10_eta": -3.0765849388529776, "log10_lambda": -4.999530078837567, "log10_min_child_weight": 1.6665795106319514, "log10_subsample": -0.6212441015687593, "max_depth": 4.0, "num_boost_round": 13.0}, "datetime": {"datetime": "2024-01-19 00:17:46", "elapsed": 347.04675, "delta": 0.000631}}
{"target": -17.67674241537604, "params": {"gamma": 869.4171615670695, "log10_alpha": 0.7724904897009086, "log10_colsample_bytree": -0.7863368768586265, "log10_eta": -3.0765849388529776, "log10_lambda": -4.999530078837567, "log10_min_child_weight": 1.6665795106319514, "log10_subsample": -0.6212441015687593, "max_depth": 4.0, "num_boost_round": 14.0}, "datetime": {"datetime": "2024-01-19 00:17:46", "elapsed": 347.04737, "delta": 0.00062}}
{"target": -17.676745843879004, "params": {"gamma": 869.4171615670695, "log10_alpha": 0.7724904897009086, "log10_colsample_bytree": -0.7863368768586265, "log10_eta": -3.0765849388529776, "log10_lambda": -4.999530078837567, "log10_min_child_weight": 1.6665795106319514, "log10_subsample": -0.6212441015687593, "max_depth": 4.0, "num_boost_round": 15.0}, "datetime": {"datetime": "2024-01-19 00:17:46", "elapsed": 347.048018, "delta": 0.000648}}
{"target": -17.676714181216777, "params": {"gamma": 869.4171615670695, "log10_alpha": 0.7724904897009086, "log10_colsample_bytree": -0.7863368768586265, "log10_eta": -3.0765849388529776, "log10_lambda": -4.999530078837567, "log10_min_child_weight": 1.6665795106319514, "log10_subsample": -0.6212441015687593, "max_depth": 4.0, "num_boost_round": 16.0}, "datetime": {"datetime": "2024-01-19 00:17:46", "elapsed": 347.048666, "delta": 0.000648}}
{"target": -17.676702983508527, "params": {"gamma": 869.4171615670695, "log10_alpha": 0.7724904897009086, "log10_colsample_bytree": -0.7863368768586265, "log10_eta": -3.0765849388529776, "log10_lambda": -4.999530078837567, "log10_min_child_weight": 1.6665795106319514, "log10_subsample": -0.6212441015687593, "max_depth": 4.0, "num_boost_round": 17.0}, "datetime": {"datetime": "2024-01-19 00:17:46", "elapsed": 347.049309, "delta": 0.000643}}
{"target": -17.676697104715316, "params": {"gamma": 869.4171615670695, "log10_alpha": 0.7724904897009086, "log10_colsample_bytree": -0.7863368768586265, "log10_eta": -3.0765849388529776, "log10_lambda": -4.999530078837567, "log10_min_child_weight": 1.6665795106319514, "log10_subsample": -0.6212441015687593, "max_depth": 4.0, "num_boost_round": 18.0}, "datetime": {"datetime": "2024-01-19 00:17:46", "elapsed": 347.049953, "delta": 0.000644}}
{"target": -17.676694069561275, "params": {"gamma": 869.4171615670695, "log10_alpha": 0.7724904897009086, "log10_colsample_bytree": -0.7863368768586265, "log10_eta": -3.0765849388529776, "log10_lambda": -4.999530078837567, "log10_min_child_weight": 1.6665795106319514, "log10_subsample": -0.6212441015687593, "max_depth": 4.0, "num_boost_round": 19.0}, "datetime": {"datetime": "2024-01-19 00:17:46", "elapsed": 347.050595, "delta": 0.000642}}
{"target": -17.676663565494515, "params": {"gamma": 869.4171615670695, "log10_alpha": 0.7724904897009086, "log10_colsample_bytree": -0.7863368768586265, "log10_eta": -3.0765849388529776, "log10_lambda": -4.999530078837567, "log10_min_child_weight": 1.6665795106319514, "log10_subsample": -0.6212441015687593, "max_depth": 4.0, "num_boost_round": 20.0}, "datetime": {"datetime": "2024-01-19 00:17:46", "elapsed": 347.051235, "delta": 0.00064}}
{"target": -17.67661608703807, "params": {"gamma": 869.4171615670695, "log10_alpha": 0.7724904897009086, "log10_colsample_bytree": -0.7863368768586265, "log10_eta": -3.0765849388529776, "log10_lambda": -4.999530078837567, "log10_min_child_weight": 1.6665795106319514, "log10_subsample": -0.6212441015687593, "max_depth": 4.0, "num_boost_round": 21.0}, "datetime": {"datetime": "2024-01-19 00:17:46", "elapsed": 347.051978, "delta": 0.000743}}
{"target": -17.67657493995907, "params": {"gamma": 869.4171615670695, "log10_alpha": 0.7724904897009086, "log10_colsample_bytree": -0.7863368768586265, "log10_eta": -3.0765849388529776, "log10_lambda": -4.999530078837567, "log10_min_child_weight": 1.6665795106319514, "log10_subsample": -0.6212441015687593, "max_depth": 4.0, "num_boost_round": 22.0}, "datetime": {"datetime": "2024-01-19 00:17:46", "elapsed": 347.052638, "delta": 0.00066}}
{"target": -17.676528050783073, "params": {"gamma": 869.4171615670695, "log10_alpha": 0.7724904897009086, "log10_colsample_bytree": -0.7863368768586265, "log10_eta": -3.0765849388529776, "log10_lambda": -4.999530078837567, "log10_min_child_weight": 1.6665795106319514, "log10_subsample": -0.6212441015687593, "max_depth": 4.0, "num_boost_round": 23.0}, "datetime": {"datetime": "2024-01-19 00:17:46", "elapsed": 347.053277, "delta": 0.000639}}
{"target": -17.67650854230384, "params": {"gamma": 869.4171615670695, "log10_alpha": 0.7724904897009086, "log10_colsample_bytree": -0.7863368768586265, "log10_eta": -3.0765849388529776, "log10_lambda": -4.999530078837567, "log10_min_child_weight": 1.6665795106319514, "log10_subsample": -0.6212441015687593, "max_depth": 4.0, "num_boost_round": 24.0}, "datetime": {"datetime": "2024-01-19 00:17:46", "elapsed": 347.05392, "delta": 0.000643}}
{"target": -17.676464577186188, "params": {"gamma": 869.4171615670695, "log10_alpha": 0.7724904897009086, "log10_colsample_bytree": -0.7863368768586265, "log10_eta": -3.0765849388529776, "log10_lambda": -4.999530078837567, "log10_min_child_weight": 1.6665795106319514, "log10_subsample": -0.6212441015687593, "max_depth": 4.0, "num_boost_round": 25.0}, "datetime": {"datetime": "2024-01-19 00:17:46", "elapsed": 347.054894, "delta": 0.000974}}
{"target": -17.67644491967521, "params": {"gamma": 869.4171615670695, "log10_alpha": 0.7724904897009086, "log10_colsample_bytree": -0.7863368768586265, "log10_eta": -3.0765849388529776, "log10_lambda": -4.999530078837567, "log10_min_child_weight": 1.6665795106319514, "log10_subsample": -0.6212441015687593, "max_depth": 4.0, "num_boost_round": 26.0}, "datetime": {"datetime": "2024-01-19 00:17:46", "elapsed": 347.05558, "delta": 0.000686}}
{"target": -17.676421262684862, "params": {"gamma": 869.4171615670695, "log10_alpha": 0.7724904897009086, "log10_colsample_bytree": -0.7863368768586265, "log10_eta": -3.0765849388529776, "log10_lambda": -4.999530078837567, "log10_min_child_weight": 1.6665795106319514, "log10_subsample": -0.6212441015687593, "max_depth": 4.0, "num_boost_round": 27.0}, "datetime": {"datetime": "2024-01-19 00:17:46", "elapsed": 347.056308, "delta": 0.000728}}
{"target": -17.67638436061658, "params": {"gamma": 869.4171615670695, "log10_alpha": 0.7724904897009086, "log10_colsample_bytree": -0.7863368768586265, "log10_eta": -3.0765849388529776, "log10_lambda": -4.999530078837567, "log10_min_child_weight": 1.6665795106319514, "log10_subsample": -0.6212441015687593, "max_depth": 4.0, "num_boost_round": 28.0}, "datetime": {"datetime": "2024-01-19 00:17:46", "elapsed": 347.056982, "delta": 0.000674}}
{"target": -17.676318527029323, "params": {"gamma": 869.4171615670695, "log10_alpha": 0.7724904897009086, "log10_colsample_bytree": -0.7863368768586265, "log10_eta": -3.0765849388529776, "log10_lambda": -4.999530078837567, "log10_min_child_weight": 1.6665795106319514, "log10_subsample": -0.6212441015687593, "max_depth": 4.0, "num_boost_round": 29.0}, "datetime": {"datetime": "2024-01-19 00:17:46", "elapsed": 347.05759, "delta": 0.000608}}
{"target": -17.677232939938534, "params": {"gamma": 867.4532290092787, "log10_alpha": -2.793841995677491, "log10_colsample_bytree": -0.28057257423341175, "log10_eta": -3.31369852162152, "log10_lambda": -4.413843227573257, "log10_min_child_weight": 4.933425664054645, "log10_subsample": -0.5882856796960346, "max_depth": 7.0, "num_boost_round": 0.0}, "datetime": {"datetime": "2024-01-19 00:18:10", "elapsed": 370.821684, "delta": 23.764094}}
{"target": -17.677231481087755, "params": {"gamma": 867.4532290092787, "log10_alpha": -2.793841995677491, "log10_colsample_bytree": -0.28057257423341175, "log10_eta": -3.31369852162152, "log10_lambda": -4.413843227573257, "log10_min_child_weight": 4.933425664054645, "log10_subsample": -0.5882856796960346, "max_depth": 7.0, "num_boost_round": 1.0}, "datetime": {"datetime": "2024-01-19 00:18:10", "elapsed": 370.823447, "delta": 0.001763}}
{"target": -17.67722640295731, "params": {"gamma": 867.4532290092787, "log10_alpha": -2.793841995677491, "log10_colsample_bytree": -0.28057257423341175, "log10_eta": -3.31369852162152, "log10_lambda": -4.413843227573257, "log10_min_child_weight": 4.933425664054645, "log10_subsample": -0.5882856796960346, "max_depth": 7.0, "num_boost_round": 2.0}, "datetime": {"datetime": "2024-01-19 00:18:10", "elapsed": 370.824557, "delta": 0.00111}}
{"target": -17.67722262524265, "params": {"gamma": 867.4532290092787, "log10_alpha": -2.793841995677491, "log10_colsample_bytree": -0.28057257423341175, "log10_eta": -3.31369852162152, "log10_lambda": -4.413843227573257, "log10_min_child_weight": 4.933425664054645, "log10_subsample": -0.5882856796960346, "max_depth": 7.0, "num_boost_round": 3.0}, "datetime": {"datetime": "2024-01-19 00:18:10", "elapsed": 370.825361, "delta": 0.000804}}
{"target": -17.677223115843397, "params": {"gamma": 867.4532290092787, "log10_alpha": -2.793841995677491, "log10_colsample_bytree": -0.28057257423341175, "log10_eta": -3.31369852162152, "log10_lambda": -4.413843227573257, "log10_min_child_weight": 4.933425664054645, "log10_subsample": -0.5882856796960346, "max_depth": 7.0, "num_boost_round": 4.0}, "datetime": {"datetime": "2024-01-19 00:18:10", "elapsed": 370.826262, "delta": 0.000901}}
{"target": -17.677220323168598, "params": {"gamma": 867.4532290092787, "log10_alpha": -2.793841995677491, "log10_colsample_bytree": -0.28057257423341175, "log10_eta": -3.31369852162152, "log10_lambda": -4.413843227573257, "log10_min_child_weight": 4.933425664054645, "log10_subsample": -0.5882856796960346, "max_depth": 7.0, "num_boost_round": 5.0}, "datetime": {"datetime": "2024-01-19 00:18:10", "elapsed": 370.826877, "delta": 0.000615}}
{"target": -17.67722014104481, "params": {"gamma": 867.4532290092787, "log10_alpha": -2.793841995677491, "log10_colsample_bytree": -0.28057257423341175, "log10_eta": -3.31369852162152, "log10_lambda": -4.413843227573257, "log10_min_child_weight": 4.933425664054645, "log10_subsample": -0.5882856796960346, "max_depth": 7.0, "num_boost_round": 6.0}, "datetime": {"datetime": "2024-01-19 00:18:10", "elapsed": 370.827554, "delta": 0.000677}}
{"target": -17.67721922441283, "params": {"gamma": 867.4532290092787, "log10_alpha": -2.793841995677491, "log10_colsample_bytree": -0.28057257423341175, "log10_eta": -3.31369852162152, "log10_lambda": -4.413843227573257, "log10_min_child_weight": 4.933425664054645, "log10_subsample": -0.5882856796960346, "max_depth": 7.0, "num_boost_round": 7.0}, "datetime": {"datetime": "2024-01-19 00:18:10", "elapsed": 370.828167, "delta": 0.000613}}
{"target": -17.67721623334553, "params": {"gamma": 867.4532290092787, "log10_alpha": -2.793841995677491, "log10_colsample_bytree": -0.28057257423341175, "log10_eta": -3.31369852162152, "log10_lambda": -4.413843227573257, "log10_min_child_weight": 4.933425664054645, "log10_subsample": -0.5882856796960346, "max_depth": 7.0, "num_boost_round": 8.0}, "datetime": {"datetime": "2024-01-19 00:18:10", "elapsed": 370.828842, "delta": 0.000675}}
{"target": -17.677212158153505, "params": {"gamma": 867.4532290092787, "log10_alpha": -2.793841995677491, "log10_colsample_bytree": -0.28057257423341175, "log10_eta": -3.31369852162152, "log10_lambda": -4.413843227573257, "log10_min_child_weight": 4.933425664054645, "log10_subsample": -0.5882856796960346, "max_depth": 7.0, "num_boost_round": 9.0}, "datetime": {"datetime": "2024-01-19 00:18:10", "elapsed": 370.829439, "delta": 0.000597}}
{"target": -17.677208951108927, "params": {"gamma": 867.4532290092787, "log10_alpha": -2.793841995677491, "log10_colsample_bytree": -0.28057257423341175, "log10_eta": -3.31369852162152, "log10_lambda": -4.413843227573257, "log10_min_child_weight": 4.933425664054645, "log10_subsample": -0.5882856796960346, "max_depth": 7.0, "num_boost_round": 10.0}, "datetime": {"datetime": "2024-01-19 00:18:10", "elapsed": 370.83016, "delta": 0.000721}}
{"target": -17.67720501987244, "params": {"gamma": 867.4532290092787, "log10_alpha": -2.793841995677491, "log10_colsample_bytree": -0.28057257423341175, "log10_eta": -3.31369852162152, "log10_lambda": -4.413843227573257, "log10_min_child_weight": 4.933425664054645, "log10_subsample": -0.5882856796960346, "max_depth": 7.0, "num_boost_round": 11.0}, "datetime": {"datetime": "2024-01-19 00:18:10", "elapsed": 370.830974, "delta": 0.000814}}
{"target": -17.67720414409078, "params": {"gamma": 867.4532290092787, "log10_alpha": -2.793841995677491, "log10_colsample_bytree": -0.28057257423341175, "log10_eta": -3.31369852162152, "log10_lambda": -4.413843227573257, "log10_min_child_weight": 4.933425664054645, "log10_subsample": -0.5882856796960346, "max_depth": 7.0, "num_boost_round": 12.0}, "datetime": {"datetime": "2024-01-19 00:18:10", "elapsed": 370.831615, "delta": 0.000641}}
{"target": -17.677201081328523, "params": {"gamma": 867.4532290092787, "log10_alpha": -2.793841995677491, "log10_colsample_bytree": -0.28057257423341175, "log10_eta": -3.31369852162152, "log10_lambda": -4.413843227573257, "log10_min_child_weight": 4.933425664054645, "log10_subsample": -0.5882856796960346, "max_depth": 7.0, "num_boost_round": 13.0}, "datetime": {"datetime": "2024-01-19 00:18:10", "elapsed": 370.832346, "delta": 0.000731}}
{"target": -17.67720024769164, "params": {"gamma": 867.4532290092787, "log10_alpha": -2.793841995677491, "log10_colsample_bytree": -0.28057257423341175, "log10_eta": -3.31369852162152, "log10_lambda": -4.413843227573257, "log10_min_child_weight": 4.933425664054645, "log10_subsample": -0.5882856796960346, "max_depth": 7.0, "num_boost_round": 14.0}, "datetime": {"datetime": "2024-01-19 00:18:10", "elapsed": 370.83309, "delta": 0.000744}}
{"target": -17.6771958088371, "params": {"gamma": 867.4532290092787, "log10_alpha": -2.793841995677491, "log10_colsample_bytree": -0.28057257423341175, "log10_eta": -3.31369852162152, "log10_lambda": -4.413843227573257, "log10_min_child_weight": 4.933425664054645, "log10_subsample": -0.5882856796960346, "max_depth": 7.0, "num_boost_round": 15.0}, "datetime": {"datetime": "2024-01-19 00:18:10", "elapsed": 370.833811, "delta": 0.000721}}
{"target": -17.677192386126, "params": {"gamma": 867.4532290092787, "log10_alpha": -2.793841995677491, "log10_colsample_bytree": -0.28057257423341175, "log10_eta": -3.31369852162152, "log10_lambda": -4.413843227573257, "log10_min_child_weight": 4.933425664054645, "log10_subsample": -0.5882856796960346, "max_depth": 7.0, "num_boost_round": 16.0}, "datetime": {"datetime": "2024-01-19 00:18:10", "elapsed": 370.834538, "delta": 0.000727}}
{"target": -17.67719195926619, "params": {"gamma": 867.4532290092787, "log10_alpha": -2.793841995677491, "log10_colsample_bytree": -0.28057257423341175, "log10_eta": -3.31369852162152, "log10_lambda": -4.413843227573257, "log10_min_child_weight": 4.933425664054645, "log10_subsample": -0.5882856796960346, "max_depth": 7.0, "num_boost_round": 17.0}, "datetime": {"datetime": "2024-01-19 00:18:10", "elapsed": 370.835274, "delta": 0.000736}}
{"target": -17.677188660628623, "params": {"gamma": 867.4532290092787, "log10_alpha": -2.793841995677491, "log10_colsample_bytree": -0.28057257423341175, "log10_eta": -3.31369852162152, "log10_lambda": -4.413843227573257, "log10_min_child_weight": 4.933425664054645, "log10_subsample": -0.5882856796960346, "max_depth": 7.0, "num_boost_round": 18.0}, "datetime": {"datetime": "2024-01-19 00:18:10", "elapsed": 370.83609, "delta": 0.000816}}
