{"target": -13.758527839839738, "params": {"gamma": 721.957550530543, "log10_alpha": -3.8188167318340223, "log10_colsample_bytree": 0.0, "log10_eta": -3.281720755797783, "log10_lambda": 1.0, "log10_min_child_weight": 4.509091805106494, "log10_subsample": -1.0, "max_depth": 10.0, "num_boost_round": 12.0}, "datetime": {"datetime": "2024-01-19 01:30:51", "elapsed": 4751.0467, "delta": 0.005072}}
{"target": -13.758526049474392, "params": {"gamma": 721.957550530543, "log10_alpha": -3.8188167318340223, "log10_colsample_bytree": 0.0, "log10_eta": -3.281720755797783, "log10_lambda": 1.0, "log10_min_child_weight": 4.509091805106494, "log10_subsample": -1.0, "max_depth": 10.0, "num_boost_round": 13.0}, "datetime": {"datetime": "2024-01-19 01:30:51", "elapsed": 4751.051494, "delta": 0.004794}}
{"target": -13.758523609818004, "params": {"gamma": 721.957550530543, "log10_alpha": -3.8188167318340223, "log10_colsample_bytree": 0.0, "log10_eta": -3.281720755797783, "log10_lambda": 1.0, "log10_min_child_weight": 4.509091805106494, "log10_subsample": -1.0, "max_depth": 10.0, "num_boost_round": 14.0}, "datetime": {"datetime": "2024-01-19 01:30:51", "elapsed": 4751.056307, "delta": 0.004813}}
{"target": -13.758521136955437, "params": {"gamma": 721.957550530543, "log10_alpha": -3.8188167318340223, "log10_colsample_bytree": 0.0, "log10_eta": -3.281720755797783, "log10_lambda": 1.0, "log10_min_child_weight": 4.509091805106494, "log10_subsample": -1.0, "max_depth": 10.0, "num_boost_round": 15.0}, "datetime": {"datetime": "2024-01-19 01:30:51", "elapsed": 4751.061242, "delta": 0.004935}}
{"target": -13.758518882967186, "params": {"gamma": 721.957550530543, "log10_alpha": -3.8188167318340223, "log10_colsample_bytree": 0.0, "log10_eta": -3.281720755797783, "log10_lambda": 1.0, "log10_min_child_weight": 4.509091805106494, "log10_subsample": -1.0, "max_depth": 10.0, "num_boost_round": 16.0}, "datetime": {"datetime": "2024-01-19 01:30:51", "elapsed": 4751.066435, "delta": 0.005193}}
{"target": -13.758516238451346, "params": {"gamma": 721.957550530543, "log10_alpha": -3.8188167318340223, "log10_colsample_bytree": 0.0, "log10_eta": -3.281720755797783, "log10_lambda": 1.0, "log10_min_child_weight": 4.509091805106494, "log10_subsample": -1.0, "max_depth": 10.0, "num_boost_round": 17.0}, "datetime": {"datetime": "2024-01-19 01:30:51", "elapsed": 4751.071288, "delta": 0.004853}}
{"target": -13.758514935096962, "params": {"gamma": 721.957550530543, "log10_alpha": -3.8188167318340223, "log10_colsample_bytree": 0.0, "log10_eta": -3.281720755797783, "log10_lambda": 1.0, "log10_min_child_weight": 4.509091805106494, "log10_subsample": -1.0, "max_depth": 10.0, "num_boost_round": 18.0}, "datetime": {"datetime": "2024-01-19 01:30:51", "elapsed": 4751.076144, "delta": 0.004856}}
{"target": -13.758513773161042, "params": {"gamma": 721.957550530543, "log10_alpha": -3.8188167318340223, "log10_colsample_bytree": 0.0, "log10_eta": -3.281720755797783, "log10_lambda": 1.0, "log10_min_child_weight": 4.509091805106494, "log10_subsample": -1.0, "max_depth": 10.0, "num_boost_round": 19.0}, "datetime": {"datetime": "2024-01-19 01:30:51", "elapsed": 4751.081017, "delta": 0.004873}}
{"target": -13.758512360114924, "params": {"gamma": 721.957550530543, "log10_alpha": -3.8188167318340223, "log10_colsample_bytree": 0.0, "log10_eta": -3.281720755797783, "log10_lambda": 1.0, "log10_min_child_weight": 4.509091805106494, "log10_subsample": -1.0, "max_depth": 10.0, "num_boost_round": 20.0}, "datetime": {"datetime": "2024-01-19 01:30:52", "elapsed": 4751.087047, "delta": 0.00603}}
{"target": -13.758511864329558, "params": {"gamma": 721.957550530543, "log10_alpha": -3.8188167318340223, "log10_colsample_bytree": 0.0, "log10_eta": -3.281720755797783, "log10_lambda": 1.0, "log10_min_child_weight": 4.509091805106494, "log10_subsample": -1.0, "max_depth": 10.0, "num_boost_round": 21.0}, "datetime": {"datetime": "2024-01-19 01:30:52", "elapsed": 4751.092963, "delta": 0.005916}}
{"target": -13.758509400052938, "params": {"gamma": 721.957550530543, "log10_alpha": -3.8188167318340223, "log10_colsample_bytree": 0.0, "log10_eta": -3.281720755797783, "log10_lambda": 1.0, "log10_min_child_weight": 4.509091805106494, "log10_subsample": -1.0, "max_depth": 10.0, "num_boost_round": 22.0}, "datetime": {"datetime": "2024-01-19 01:30:52", "elapsed": 4751.100014, "delta": 0.007051}}
{"target": -13.758507302413886, "params": {"gamma": 721.957550530543, "log10_alpha": -3.8188167318340223, "log10_colsample_bytree": 0.0, "log10_eta": -3.281720755797783, "log10_lambda": 1.0, "log10_min_child_weight": 4.509091805106494, "log10_subsample": -1.0, "max_depth": 10.0, "num_boost_round": 23.0}, "datetime": {"datetime": "2024-01-19 01:30:52", "elapsed": 4751.105594, "delta": 0.00558}}
{"target": -13.758508021684419, "params": {"gamma": 721.957550530543, "log10_alpha": -3.8188167318340223, "log10_colsample_bytree": 0.0, "log10_eta": -3.281720755797783, "log10_lambda": 1.0, "log10_min_child_weight": 4.509091805106494, "log10_subsample": -1.0, "max_depth": 10.0, "num_boost_round": 24.0}, "datetime": {"datetime": "2024-01-19 01:30:52", "elapsed": 4751.110985, "delta": 0.005391}}
{"target": -13.758535257573046, "params": {"gamma": 715.462039640034, "log10_alpha": -4.178227533759114, "log10_colsample_bytree": -0.6192154299346885, "log10_eta": -3.764927092558017, "log10_lambda": 0.04881331648449638, "log10_min_child_weight": 3.641933094261657, "log10_subsample": -0.24208277603801043, "max_depth": 4.0, "num_boost_round": 0.0}, "datetime": {"datetime": "2024-01-19 01:31:58", "elapsed": 4817.222597, "delta": 66.111612}}
{"target": -13.758533341635458, "params": {"gamma": 715.462039640034, "log10_alpha": -4.178227533759114, "log10_colsample_bytree": -0.6192154299346885, "log10_eta": -3.764927092558017, "log10_lambda": 0.04881331648449638, "log10_min_child_weight": 3.641933094261657, "log10_subsample": -0.24208277603801043, "max_depth": 4.0, "num_boost_round": 1.0}, "datetime": {"datetime": "2024-01-19 01:31:58", "elapsed": 4817.228727, "delta": 0.00613}}
{"target": -13.758533286226342, "params": {"gamma": 715.462039640034, "log10_alpha": -4.178227533759114, "log10_colsample_bytree": -0.6192154299346885, "log10_eta": -3.764927092558017, "log10_lambda": 0.04881331648449638, "log10_min_child_weight": 3.641933094261657, "log10_subsample": -0.24208277603801043, "max_depth": 4.0, "num_boost_round": 2.0}, "datetime": {"datetime": "2024-01-19 01:31:58", "elapsed": 4817.234073, "delta": 0.005346}}
{"target": -13.758532377669622, "params": {"gamma": 715.462039640034, "log10_alpha": -4.178227533759114, "log10_colsample_bytree": -0.6192154299346885, "log10_eta": -3.764927092558017, "log10_lambda": 0.04881331648449638, "log10_min_child_weight": 3.641933094261657, "log10_subsample": -0.24208277603801043, "max_depth": 4.0, "num_boost_round": 3.0}, "datetime": {"datetime": "2024-01-19 01:31:58", "elapsed": 4817.239114, "delta": 0.005041}}
{"target": -13.758531513924018, "params": {"gamma": 715.462039640034, "log10_alpha": -4.178227533759114, "log10_colsample_bytree": -0.6192154299346885, "log10_eta": -3.764927092558017, "log10_lambda": 0.04881331648449638, "log10_min_child_weight": 3.641933094261657, "log10_subsample": -0.24208277603801043, "max_depth": 4.0, "num_boost_round": 4.0}, "datetime": {"datetime": "2024-01-19 01:31:58", "elapsed": 4817.244271, "delta": 0.005157}}
{"target": -13.75853216158811, "params": {"gamma": 715.462039640034, "log10_alpha": -4.178227533759114, "log10_colsample_bytree": -0.6192154299346885, "log10_eta": -3.764927092558017, "log10_lambda": 0.04881331648449638, "log10_min_child_weight": 3.641933094261657, "log10_subsample": -0.24208277603801043, "max_depth": 4.0, "num_boost_round": 5.0}, "datetime": {"datetime": "2024-01-19 01:31:58", "elapsed": 4817.249222, "delta": 0.004951}}
{"target": -13.758530595523746, "params": {"gamma": 715.462039640034, "log10_alpha": -4.178227533759114, "log10_colsample_bytree": -0.6192154299346885, "log10_eta": -3.764927092558017, "log10_lambda": 0.04881331648449638, "log10_min_child_weight": 3.641933094261657, "log10_subsample": -0.24208277603801043, "max_depth": 4.0, "num_boost_round": 6.0}, "datetime": {"datetime": "2024-01-19 01:31:58", "elapsed": 4817.254021, "delta": 0.004799}}
{"target": -13.758528019196849, "params": {"gamma": 715.462039640034, "log10_alpha": -4.178227533759114, "log10_colsample_bytree": -0.6192154299346885, "log10_eta": -3.764927092558017, "log10_lambda": 0.04881331648449638, "log10_min_child_weight": 3.641933094261657, "log10_subsample": -0.24208277603801043, "max_depth": 4.0, "num_boost_round": 7.0}, "datetime": {"datetime": "2024-01-19 01:31:58", "elapsed": 4817.258736, "delta": 0.004715}}
{"target": -13.758524632847838, "params": {"gamma": 715.462039640034, "log10_alpha": -4.178227533759114, "log10_colsample_bytree": -0.6192154299346885, "log10_eta": -3.764927092558017, "log10_lambda": 0.04881331648449638, "log10_min_child_weight": 3.641933094261657, "log10_subsample": -0.24208277603801043, "max_depth": 4.0, "num_boost_round": 8.0}, "datetime": {"datetime": "2024-01-19 01:31:58", "elapsed": 4817.263729, "delta": 0.004993}}
{"target": -13.758523608000042, "params": {"gamma": 715.462039640034, "log10_alpha": -4.178227533759114, "log10_colsample_bytree": -0.6192154299346885, "log10_eta": -3.764927092558017, "log10_lambda": 0.04881331648449638, "log10_min_child_weight": 3.641933094261657, "log10_subsample": -0.24208277603801043, "max_depth": 4.0, "num_boost_round": 9.0}, "datetime": {"datetime": "2024-01-19 01:31:58", "elapsed": 4817.268798, "delta": 0.005069}}
{"target": -13.758671406225176, "params": {"gamma": 700.724579416312, "log10_alpha": -2.8118295105619886, "log10_colsample_bytree": -0.3109722142182403, "log10_eta": -1.3908739553320393, "log10_lambda": -1.0325899561206238, "log10_min_child_weight": 2.5711106831663977, "log10_subsample": -0.2920965281293092, "max_depth": 9.0, "num_boost_round": 0.0}, "datetime": {"datetime": "2024-01-19 01:33:40", "elapsed": 4919.290932, "delta": 102.022134}}
{"target": -13.759010524001429, "params": {"gamma": 700.724579416312, "log10_alpha": -2.8118295105619886, "log10_colsample_bytree": -0.3109722142182403, "log10_eta": -1.3908739553320393, "log10_lambda": -1.0325899561206238, "log10_min_child_weight": 2.5711106831663977, "log10_subsample": -0.2920965281293092, "max_depth": 9.0, "num_boost_round": 1.0}, "datetime": {"datetime": "2024-01-19 01:33:40", "elapsed": 4919.296372, "delta": 0.00544}}
{"target": -13.759730783464068, "params": {"gamma": 700.724579416312, "log10_alpha": -2.8118295105619886, "log10_colsample_bytree": -0.3109722142182403, "log10_eta": -1.3908739553320393, "log10_lambda": -1.0325899561206238, "log10_min_child_weight": 2.5711106831663977, "log10_subsample": -0.2920965281293092, "max_depth": 9.0, "num_boost_round": 2.0}, "datetime": {"datetime": "2024-01-19 01:33:40", "elapsed": 4919.301564, "delta": 0.005192}}
{"target": -13.760744655628015, "params": {"gamma": 700.724579416312, "log10_alpha": -2.8118295105619886, "log10_colsample_bytree": -0.3109722142182403, "log10_eta": -1.3908739553320393, "log10_lambda": -1.0325899561206238, "log10_min_child_weight": 2.5711106831663977, "log10_subsample": -0.2920965281293092, "max_depth": 9.0, "num_boost_round": 3.0}, "datetime": {"datetime": "2024-01-19 01:33:40", "elapsed": 4919.306573, "delta": 0.005009}}
{"target": -13.760354165718303, "params": {"gamma": 700.724579416312, "log10_alpha": -2.8118295105619886, "log10_colsample_bytree": -0.3109722142182403, "log10_eta": -1.3908739553320393, "log10_lambda": -1.0325899561206238, "log10_min_child_weight": 2.5711106831663977, "log10_subsample": -0.2920965281293092, "max_depth": 9.0, "num_boost_round": 4.0}, "datetime": {"datetime": "2024-01-19 01:33:40", "elapsed": 4919.311874, "delta": 0.005301}}
{"target": -13.761766836168393, "params": {"gamma": 700.724579416312, "log10_alpha": -2.8118295105619886, "log10_colsample_bytree": -0.3109722142182403, "log10_eta": -1.3908739553320393, "log10_lambda": -1.0325899561206238, "log10_min_child_weight": 2.5711106831663977, "log10_subsample": -0.2920965281293092, "max_depth": 9.0, "num_boost_round": 5.0}, "datetime": {"datetime": "2024-01-19 01:33:40", "elapsed": 4919.316958, "delta": 0.005084}}
{"target": -13.761698441812094, "params": {"gamma": 700.724579416312, "log10_alpha": -2.8118295105619886, "log10_colsample_bytree": -0.3109722142182403, "log10_eta": -1.3908739553320393, "log10_lambda": -1.0325899561206238, "log10_min_child_weight": 2.5711106831663977, "log10_subsample": -0.2920965281293092, "max_depth": 9.0, "num_boost_round": 6.0}, "datetime": {"datetime": "2024-01-19 01:33:40", "elapsed": 4919.321928, "delta": 0.00497}}
{"target": -13.76561074506933, "params": {"gamma": 700.724579416312, "log10_alpha": -2.8118295105619886, "log10_colsample_bytree": -0.3109722142182403, "log10_eta": -1.3908739553320393, "log10_lambda": -1.0325899561206238, "log10_min_child_weight": 2.5711106831663977, "log10_subsample": -0.2920965281293092, "max_depth": 9.0, "num_boost_round": 7.0}, "datetime": {"datetime": "2024-01-19 01:33:40", "elapsed": 4919.326967, "delta": 0.005039}}
{"target": -13.767469948513485, "params": {"gamma": 700.724579416312, "log10_alpha": -2.8118295105619886, "log10_colsample_bytree": -0.3109722142182403, "log10_eta": -1.3908739553320393, "log10_lambda": -1.0325899561206238, "log10_min_child_weight": 2.5711106831663977, "log10_subsample": -0.2920965281293092, "max_depth": 9.0, "num_boost_round": 8.0}, "datetime": {"datetime": "2024-01-19 01:33:40", "elapsed": 4919.332051, "delta": 0.005084}}
{"target": -13.769302206668177, "params": {"gamma": 700.724579416312, "log10_alpha": -2.8118295105619886, "log10_colsample_bytree": -0.3109722142182403, "log10_eta": -1.3908739553320393, "log10_lambda": -1.0325899561206238, "log10_min_child_weight": 2.5711106831663977, "log10_subsample": -0.2920965281293092, "max_depth": 9.0, "num_boost_round": 9.0}, "datetime": {"datetime": "2024-01-19 01:33:40", "elapsed": 4919.3373, "delta": 0.005249}}
{"target": -13.758530119340675, "params": {"gamma": 719.7362077200652, "log10_alpha": -3.175687718177313, "log10_colsample_bytree": -0.5903422148780358, "log10_eta": -3.456531116626819, "log10_lambda": -4.502199548470452, "log10_min_child_weight": 1.8944631976012893, "log10_subsample": -0.16733349620131865, "max_depth": 2.0, "num_boost_round": 0.0}, "datetime": {"datetime": "2024-01-19 01:35:29", "elapsed": 5029.017785, "delta": 109.680485}}
{"target": -13.758525363331616, "params": {"gamma": 719.7362077200652, "log10_alpha": -3.175687718177313, "log10_colsample_bytree": -0.5903422148780358, "log10_eta": -3.456531116626819, "log10_lambda": -4.502199548470452, "log10_min_child_weight": 1.8944631976012893, "log10_subsample": -0.16733349620131865, "max_depth": 2.0, "num_boost_round": 1.0}, "datetime": {"datetime": "2024-01-19 01:35:29", "elapsed": 5029.023442, "delta": 0.005657}}
{"target": -13.758524508858759, "params": {"gamma": 719.7362077200652, "log10_alpha": -3.175687718177313, "log10_colsample_bytree": -0.5903422148780358, "log10_eta": -3.456531116626819, "log10_lambda": -4.502199548470452, "log10_min_child_weight": 1.8944631976012893, "log10_subsample": -0.16733349620131865, "max_depth": 2.0, "num_boost_round": 2.0}, "datetime": {"datetime": "2024-01-19 01:35:29", "elapsed": 5029.029025, "delta": 0.005583}}
{"target": -13.758523915519346, "params": {"gamma": 719.7362077200652, "log10_alpha": -3.175687718177313, "log10_colsample_bytree": -0.5903422148780358, "log10_eta": -3.456531116626819, "log10_lambda": -4.502199548470452, "log10_min_child_weight": 1.8944631976012893, "log10_subsample": -0.16733349620131865, "max_depth": 2.0, "num_boost_round": 3.0}, "datetime": {"datetime": "2024-01-19 01:35:29", "elapsed": 5029.034689, "delta": 0.005664}}
{"target": -13.758522121371529, "params": {"gamma": 719.7362077200652, "log10_alpha": -3.175687718177313, "log10_colsample_bytree": -0.5903422148780358, "log10_eta": -3.456531116626819, "log10_lambda": -4.502199548470452, "log10_min_child_weight": 1.8944631976012893, "log10_subsample": -0.16733349620131865, "max_depth": 2.0, "num_boost_round": 4.0}, "datetime": {"datetime": "2024-01-19 01:35:29", "elapsed": 5029.039925, "delta": 0.005236}}
{"target": -13.758520850028008, "params": {"gamma": 719.7362077200652, "log10_alpha": -3.175687718177313, "log10_colsample_bytree": -0.5903422148780358, "log10_eta": -3.456531116626819, "log10_lambda": -4.502199548470452, "log10_min_child_weight": 1.8944631976012893, "log10_subsample": -0.16733349620131865, "max_depth": 2.0, "num_boost_round": 5.0}, "datetime": {"datetime": "2024-01-19 01:35:29", "elapsed": 5029.045015, "delta": 0.00509}}
{"target": -13.758516858950435, "params": {"gamma": 719.7362077200652, "log10_alpha": -3.175687718177313, "log10_colsample_bytree": -0.5903422148780358, "log10_eta": -3.456531116626819, "log10_lambda": -4.502199548470452, "log10_min_child_weight": 1.8944631976012893, "log10_subsample": -0.16733349620131865, "max_depth": 2.0, "num_boost_round": 6.0}, "datetime": {"datetime": "2024-01-19 01:35:29", "elapsed": 5029.050469, "delta": 0.005454}}
{"target": -13.758513952570418, "params": {"gamma": 719.7362077200652, "log10_alpha": -3.175687718177313, "log10_colsample_bytree": -0.5903422148780358, "log10_eta": -3.456531116626819, "log10_lambda": -4.502199548470452, "log10_min_child_weight": 1.8944631976012893, "log10_subsample": -0.16733349620131865, "max_depth": 2.0, "num_boost_round": 7.0}, "datetime": {"datetime": "2024-01-19 01:35:29", "elapsed": 5029.055501, "delta": 0.005032}}
{"target": -13.758509065600014, "params": {"gamma": 719.7362077200652, "log10_alpha": -3.175687718177313, "log10_colsample_bytree": -0.5903422148780358, "log10_eta": -3.456531116626819, "log10_lambda": -4.502199548470452, "log10_min_child_weight": 1.8944631976012893, "log10_subsample": -0.16733349620131865, "max_depth": 2.0, "num_boost_round": 8.0}, "datetime": {"datetime": "2024-01-19 01:35:29", "elapsed": 5029.060302, "delta": 0.004801}}
{"target": -13.758504628123637, "params": {"gamma": 719.7362077200652, "log10_alpha": -3.175687718177313, "log10_colsample_bytree": -0.5903422148780358, "log10_eta": -3.456531116626819, "log10_lambda": -4.502199548470452, "log10_min_child_weight": 1.8944631976012893, "log10_subsample": -0.16733349620131865, "max_depth": 2.0, "num_boost_round": 9.0}, "datetime": {"datetime": "2024-01-19 01:35:29", "elapsed": 5029.0652, "delta": 0.004898}}
{"target": -13.7585025391634, "params": {"gamma": 719.7362077200652, "log10_alpha": -3.175687718177313, "log10_colsample_bytree": -0.5903422148780358, "log10_eta": -3.456531116626819, "log10_lambda": -4.502199548470452, "log10_min_child_weight": 1.8944631976012893, "log10_subsample": -0.16733349620131865, "max_depth": 2.0, "num_boost_round": 10.0}, "datetime": {"datetime": "2024-01-19 01:35:29", "elapsed": 5029.070303, "delta": 0.005103}}
{"target": -13.758498704720603, "params": {"gamma": 719.7362077200652, "log10_alpha": -3.175687718177313, "log10_colsample_bytree": -0.5903422148780358, "log10_eta": -3.456531116626819, "log10_lambda": -4.502199548470452, "log10_min_child_weight": 1.8944631976012893, "log10_subsample": -0.16733349620131865, "max_depth": 2.0, "num_boost_round": 11.0}, "datetime": {"datetime": "2024-01-19 01:35:29", "elapsed": 5029.075237, "delta": 0.004934}}
{"target": -13.758494375664458, "params": {"gamma": 719.7362077200652, "log10_alpha": -3.175687718177313, "log10_colsample_bytree": -0.5903422148780358, "log10_eta": -3.456531116626819, "log10_lambda": -4.502199548470452, "log10_min_child_weight": 1.8944631976012893, "log10_subsample": -0.16733349620131865, "max_depth": 2.0, "num_boost_round": 12.0}, "datetime": {"datetime": "2024-01-19 01:35:29", "elapsed": 5029.080169, "delta": 0.004932}}
{"target": -13.758490509596932, "params": {"gamma": 719.7362077200652, "log10_alpha": -3.175687718177313, "log10_colsample_bytree": -0.5903422148780358, "log10_eta": -3.456531116626819, "log10_lambda": -4.502199548470452, "log10_min_child_weight": 1.8944631976012893, "log10_subsample": -0.16733349620131865, "max_depth": 2.0, "num_boost_round": 13.0}, "datetime": {"datetime": "2024-01-19 01:35:30", "elapsed": 5029.085189, "delta": 0.00502}}
{"target": -13.75848946813947, "params": {"gamma": 719.7362077200652, "log10_alpha": -3.175687718177313, "log10_colsample_bytree": -0.5903422148780358, "log10_eta": -3.456531116626819, "log10_lambda": -4.502199548470452, "log10_min_child_weight": 1.8944631976012893, "log10_subsample": -0.16733349620131865, "max_depth": 2.0, "num_boost_round": 14.0}, "datetime": {"datetime": "2024-01-19 01:35:30", "elapsed": 5029.090401, "delta": 0.005212}}
{"target": -13.758482688917828, "params": {"gamma": 719.7362077200652, "log10_alpha": -3.175687718177313, "log10_colsample_bytree": -0.5903422148780358, "log10_eta": -3.456531116626819, "log10_lambda": -4.502199548470452, "log10_min_child_weight": 1.8944631976012893, "log10_subsample": -0.16733349620131865, "max_depth": 2.0, "num_boost_round": 15.0}, "datetime": {"datetime": "2024-01-19 01:35:30", "elapsed": 5029.095246, "delta": 0.004845}}
{"target": -13.758481228214222, "params": {"gamma": 719.7362077200652, "log10_alpha": -3.175687718177313, "log10_colsample_bytree": -0.5903422148780358, "log10_eta": -3.456531116626819, "log10_lambda": -4.502199548470452, "log10_min_child_weight": 1.8944631976012893, "log10_subsample": -0.16733349620131865, "max_depth": 2.0, "num_boost_round": 16.0}, "datetime": {"datetime": "2024-01-19 01:35:30", "elapsed": 5029.100372, "delta": 0.005126}}
