{"target": -13.824896961415647, "params": {"gamma": 554.1829662214664, "log10_alpha": -1.5963208774494815, "log10_colsample_bytree": -0.16923759747506228, "log10_eta": -1.3226492032040431, "log10_lambda": 0.60912719785712, "log10_min_child_weight": 2.2516453219929193, "log10_subsample": -0.02524203525555402, "max_depth": 9.0, "num_boost_round": 14.0}, "datetime": {"datetime": "2024-01-19 00:53:48", "elapsed": 2560.574627, "delta": 0.002856}}
{"target": -13.828207679019991, "params": {"gamma": 554.1829662214664, "log10_alpha": -1.5963208774494815, "log10_colsample_bytree": -0.16923759747506228, "log10_eta": -1.3226492032040431, "log10_lambda": 0.60912719785712, "log10_min_child_weight": 2.2516453219929193, "log10_subsample": -0.02524203525555402, "max_depth": 9.0, "num_boost_round": 15.0}, "datetime": {"datetime": "2024-01-19 00:53:48", "elapsed": 2560.5775, "delta": 0.002873}}
{"target": -13.830291795609792, "params": {"gamma": 554.1829662214664, "log10_alpha": -1.5963208774494815, "log10_colsample_bytree": -0.16923759747506228, "log10_eta": -1.3226492032040431, "log10_lambda": 0.60912719785712, "log10_min_child_weight": 2.2516453219929193, "log10_subsample": -0.02524203525555402, "max_depth": 9.0, "num_boost_round": 16.0}, "datetime": {"datetime": "2024-01-19 00:53:48", "elapsed": 2560.580405, "delta": 0.002905}}
{"target": -13.832122386376641, "params": {"gamma": 554.1829662214664, "log10_alpha": -1.5963208774494815, "log10_colsample_bytree": -0.16923759747506228, "log10_eta": -1.3226492032040431, "log10_lambda": 0.60912719785712, "log10_min_child_weight": 2.2516453219929193, "log10_subsample": -0.02524203525555402, "max_depth": 9.0, "num_boost_round": 17.0}, "datetime": {"datetime": "2024-01-19 00:53:48", "elapsed": 2560.583436, "delta": 0.003031}}
{"target": -13.835374265145797, "params": {"gamma": 554.1829662214664, "log10_alpha": -1.5963208774494815, "log10_colsample_bytree": -0.16923759747506228, "log10_eta": -1.3226492032040431, "log10_lambda": 0.60912719785712, "log10_min_child_weight": 2.2516453219929193, "log10_subsample": -0.02524203525555402, "max_depth": 9.0, "num_boost_round": 18.0}, "datetime": {"datetime": "2024-01-19 00:53:48", "elapsed": 2560.586517, "delta": 0.003081}}
{"target": -13.836721130794471, "params": {"gamma": 554.1829662214664, "log10_alpha": -1.5963208774494815, "log10_colsample_bytree": -0.16923759747506228, "log10_eta": -1.3226492032040431, "log10_lambda": 0.60912719785712, "log10_min_child_weight": 2.2516453219929193, "log10_subsample": -0.02524203525555402, "max_depth": 9.0, "num_boost_round": 19.0}, "datetime": {"datetime": "2024-01-19 00:53:48", "elapsed": 2560.589586, "delta": 0.003069}}
{"target": -13.840136882648514, "params": {"gamma": 554.1829662214664, "log10_alpha": -1.5963208774494815, "log10_colsample_bytree": -0.16923759747506228, "log10_eta": -1.3226492032040431, "log10_lambda": 0.60912719785712, "log10_min_child_weight": 2.2516453219929193, "log10_subsample": -0.02524203525555402, "max_depth": 9.0, "num_boost_round": 20.0}, "datetime": {"datetime": "2024-01-19 00:53:48", "elapsed": 2560.592496, "delta": 0.00291}}
{"target": -13.844416636947441, "params": {"gamma": 554.1829662214664, "log10_alpha": -1.5963208774494815, "log10_colsample_bytree": -0.16923759747506228, "log10_eta": -1.3226492032040431, "log10_lambda": 0.60912719785712, "log10_min_child_weight": 2.2516453219929193, "log10_subsample": -0.02524203525555402, "max_depth": 9.0, "num_boost_round": 21.0}, "datetime": {"datetime": "2024-01-19 00:53:48", "elapsed": 2560.595432, "delta": 0.002936}}
{"target": -13.849673585961623, "params": {"gamma": 554.1829662214664, "log10_alpha": -1.5963208774494815, "log10_colsample_bytree": -0.16923759747506228, "log10_eta": -1.3226492032040431, "log10_lambda": 0.60912719785712, "log10_min_child_weight": 2.2516453219929193, "log10_subsample": -0.02524203525555402, "max_depth": 9.0, "num_boost_round": 22.0}, "datetime": {"datetime": "2024-01-19 00:53:48", "elapsed": 2560.598338, "delta": 0.002906}}
{"target": -13.854731582718937, "params": {"gamma": 554.1829662214664, "log10_alpha": -1.5963208774494815, "log10_colsample_bytree": -0.16923759747506228, "log10_eta": -1.3226492032040431, "log10_lambda": 0.60912719785712, "log10_min_child_weight": 2.2516453219929193, "log10_subsample": -0.02524203525555402, "max_depth": 9.0, "num_boost_round": 23.0}, "datetime": {"datetime": "2024-01-19 00:53:48", "elapsed": 2560.601238, "delta": 0.0029}}
{"target": -13.856554932067127, "params": {"gamma": 554.1829662214664, "log10_alpha": -1.5963208774494815, "log10_colsample_bytree": -0.16923759747506228, "log10_eta": -1.3226492032040431, "log10_lambda": 0.60912719785712, "log10_min_child_weight": 2.2516453219929193, "log10_subsample": -0.02524203525555402, "max_depth": 9.0, "num_boost_round": 24.0}, "datetime": {"datetime": "2024-01-19 00:53:48", "elapsed": 2560.604194, "delta": 0.002956}}
{"target": -13.859806766688818, "params": {"gamma": 554.1829662214664, "log10_alpha": -1.5963208774494815, "log10_colsample_bytree": -0.16923759747506228, "log10_eta": -1.3226492032040431, "log10_lambda": 0.60912719785712, "log10_min_child_weight": 2.2516453219929193, "log10_subsample": -0.02524203525555402, "max_depth": 9.0, "num_boost_round": 25.0}, "datetime": {"datetime": "2024-01-19 00:53:48", "elapsed": 2560.607137, "delta": 0.002943}}
{"target": -13.864455432443007, "params": {"gamma": 554.1829662214664, "log10_alpha": -1.5963208774494815, "log10_colsample_bytree": -0.16923759747506228, "log10_eta": -1.3226492032040431, "log10_lambda": 0.60912719785712, "log10_min_child_weight": 2.2516453219929193, "log10_subsample": -0.02524203525555402, "max_depth": 9.0, "num_boost_round": 26.0}, "datetime": {"datetime": "2024-01-19 00:53:48", "elapsed": 2560.610087, "delta": 0.00295}}
{"target": -13.867490943195664, "params": {"gamma": 554.1829662214664, "log10_alpha": -1.5963208774494815, "log10_colsample_bytree": -0.16923759747506228, "log10_eta": -1.3226492032040431, "log10_lambda": 0.60912719785712, "log10_min_child_weight": 2.2516453219929193, "log10_subsample": -0.02524203525555402, "max_depth": 9.0, "num_boost_round": 27.0}, "datetime": {"datetime": "2024-01-19 00:53:48", "elapsed": 2560.61301, "delta": 0.002923}}
{"target": -13.873071325745576, "params": {"gamma": 554.1829662214664, "log10_alpha": -1.5963208774494815, "log10_colsample_bytree": -0.16923759747506228, "log10_eta": -1.3226492032040431, "log10_lambda": 0.60912719785712, "log10_min_child_weight": 2.2516453219929193, "log10_subsample": -0.02524203525555402, "max_depth": 9.0, "num_boost_round": 28.0}, "datetime": {"datetime": "2024-01-19 00:53:48", "elapsed": 2560.616058, "delta": 0.003048}}
{"target": -13.883552784866641, "params": {"gamma": 554.1829662214664, "log10_alpha": -1.5963208774494815, "log10_colsample_bytree": -0.16923759747506228, "log10_eta": -1.3226492032040431, "log10_lambda": 0.60912719785712, "log10_min_child_weight": 2.2516453219929193, "log10_subsample": -0.02524203525555402, "max_depth": 9.0, "num_boost_round": 29.0}, "datetime": {"datetime": "2024-01-19 00:53:48", "elapsed": 2560.619005, "delta": 0.002947}}
{"target": -13.89370231666278, "params": {"gamma": 554.1829662214664, "log10_alpha": -1.5963208774494815, "log10_colsample_bytree": -0.16923759747506228, "log10_eta": -1.3226492032040431, "log10_lambda": 0.60912719785712, "log10_min_child_weight": 2.2516453219929193, "log10_subsample": -0.02524203525555402, "max_depth": 9.0, "num_boost_round": 30.0}, "datetime": {"datetime": "2024-01-19 00:53:48", "elapsed": 2560.62201, "delta": 0.003005}}
{"target": -13.895501855339969, "params": {"gamma": 554.1829662214664, "log10_alpha": -1.5963208774494815, "log10_colsample_bytree": -0.16923759747506228, "log10_eta": -1.3226492032040431, "log10_lambda": 0.60912719785712, "log10_min_child_weight": 2.2516453219929193, "log10_subsample": -0.02524203525555402, "max_depth": 9.0, "num_boost_round": 31.0}, "datetime": {"datetime": "2024-01-19 00:53:48", "elapsed": 2560.62495, "delta": 0.00294}}
{"target": -13.90481767849572, "params": {"gamma": 554.1829662214664, "log10_alpha": -1.5963208774494815, "log10_colsample_bytree": -0.16923759747506228, "log10_eta": -1.3226492032040431, "log10_lambda": 0.60912719785712, "log10_min_child_weight": 2.2516453219929193, "log10_subsample": -0.02524203525555402, "max_depth": 9.0, "num_boost_round": 32.0}, "datetime": {"datetime": "2024-01-19 00:53:48", "elapsed": 2560.627893, "delta": 0.002943}}
{"target": -13.90777706023755, "params": {"gamma": 554.1829662214664, "log10_alpha": -1.5963208774494815, "log10_colsample_bytree": -0.16923759747506228, "log10_eta": -1.3226492032040431, "log10_lambda": 0.60912719785712, "log10_min_child_weight": 2.2516453219929193, "log10_subsample": -0.02524203525555402, "max_depth": 9.0, "num_boost_round": 33.0}, "datetime": {"datetime": "2024-01-19 00:53:48", "elapsed": 2560.630877, "delta": 0.002984}}
{"target": -13.912325724181144, "params": {"gamma": 554.1829662214664, "log10_alpha": -1.5963208774494815, "log10_colsample_bytree": -0.16923759747506228, "log10_eta": -1.3226492032040431, "log10_lambda": 0.60912719785712, "log10_min_child_weight": 2.2516453219929193, "log10_subsample": -0.02524203525555402, "max_depth": 9.0, "num_boost_round": 34.0}, "datetime": {"datetime": "2024-01-19 00:53:48", "elapsed": 2560.633857, "delta": 0.00298}}
{"target": -13.914070751656347, "params": {"gamma": 554.1829662214664, "log10_alpha": -1.5963208774494815, "log10_colsample_bytree": -0.16923759747506228, "log10_eta": -1.3226492032040431, "log10_lambda": 0.60912719785712, "log10_min_child_weight": 2.2516453219929193, "log10_subsample": -0.02524203525555402, "max_depth": 9.0, "num_boost_round": 35.0}, "datetime": {"datetime": "2024-01-19 00:53:48", "elapsed": 2560.636884, "delta": 0.003027}}
{"target": -13.758529432379413, "params": {"gamma": 546.2217132592239, "log10_alpha": -4.757708797246368, "log10_colsample_bytree": -0.46151934610260753, "log10_eta": -3.1687697514943505, "log10_lambda": 1.0, "log10_min_child_weight": 0.35788868296137955, "log10_subsample": 0.0, "max_depth": 4.0, "num_boost_round": 0.0}, "datetime": {"datetime": "2024-01-19 00:54:19", "elapsed": 2591.192889, "delta": 30.556005}}
{"target": -13.758517725157963, "params": {"gamma": 546.2217132592239, "log10_alpha": -4.757708797246368, "log10_colsample_bytree": -0.46151934610260753, "log10_eta": -3.1687697514943505, "log10_lambda": 1.0, "log10_min_child_weight": 0.35788868296137955, "log10_subsample": 0.0, "max_depth": 4.0, "num_boost_round": 1.0}, "datetime": {"datetime": "2024-01-19 00:54:19", "elapsed": 2591.196936, "delta": 0.004047}}
{"target": -13.758503252922376, "params": {"gamma": 546.2217132592239, "log10_alpha": -4.757708797246368, "log10_colsample_bytree": -0.46151934610260753, "log10_eta": -3.1687697514943505, "log10_lambda": 1.0, "log10_min_child_weight": 0.35788868296137955, "log10_subsample": 0.0, "max_depth": 4.0, "num_boost_round": 2.0}, "datetime": {"datetime": "2024-01-19 00:54:19", "elapsed": 2591.199876, "delta": 0.00294}}
{"target": -13.758505947502695, "params": {"gamma": 546.2217132592239, "log10_alpha": -4.757708797246368, "log10_colsample_bytree": -0.46151934610260753, "log10_eta": -3.1687697514943505, "log10_lambda": 1.0, "log10_min_child_weight": 0.35788868296137955, "log10_subsample": 0.0, "max_depth": 4.0, "num_boost_round": 3.0}, "datetime": {"datetime": "2024-01-19 00:54:19", "elapsed": 2591.202773, "delta": 0.002897}}
{"target": -13.758478810312825, "params": {"gamma": 546.2217132592239, "log10_alpha": -4.757708797246368, "log10_colsample_bytree": -0.46151934610260753, "log10_eta": -3.1687697514943505, "log10_lambda": 1.0, "log10_min_child_weight": 0.35788868296137955, "log10_subsample": 0.0, "max_depth": 4.0, "num_boost_round": 4.0}, "datetime": {"datetime": "2024-01-19 00:54:19", "elapsed": 2591.205788, "delta": 0.003015}}
{"target": -13.75846256387847, "params": {"gamma": 546.2217132592239, "log10_alpha": -4.757708797246368, "log10_colsample_bytree": -0.46151934610260753, "log10_eta": -3.1687697514943505, "log10_lambda": 1.0, "log10_min_child_weight": 0.35788868296137955, "log10_subsample": 0.0, "max_depth": 4.0, "num_boost_round": 5.0}, "datetime": {"datetime": "2024-01-19 00:54:19", "elapsed": 2591.208724, "delta": 0.002936}}
{"target": -13.758448886405754, "params": {"gamma": 546.2217132592239, "log10_alpha": -4.757708797246368, "log10_colsample_bytree": -0.46151934610260753, "log10_eta": -3.1687697514943505, "log10_lambda": 1.0, "log10_min_child_weight": 0.35788868296137955, "log10_subsample": 0.0, "max_depth": 4.0, "num_boost_round": 6.0}, "datetime": {"datetime": "2024-01-19 00:54:19", "elapsed": 2591.211583, "delta": 0.002859}}
{"target": -13.758431372262676, "params": {"gamma": 546.2217132592239, "log10_alpha": -4.757708797246368, "log10_colsample_bytree": -0.46151934610260753, "log10_eta": -3.1687697514943505, "log10_lambda": 1.0, "log10_min_child_weight": 0.35788868296137955, "log10_subsample": 0.0, "max_depth": 4.0, "num_boost_round": 7.0}, "datetime": {"datetime": "2024-01-19 00:54:19", "elapsed": 2591.21441, "delta": 0.002827}}
{"target": -13.758421302988213, "params": {"gamma": 546.2217132592239, "log10_alpha": -4.757708797246368, "log10_colsample_bytree": -0.46151934610260753, "log10_eta": -3.1687697514943505, "log10_lambda": 1.0, "log10_min_child_weight": 0.35788868296137955, "log10_subsample": 0.0, "max_depth": 4.0, "num_boost_round": 8.0}, "datetime": {"datetime": "2024-01-19 00:54:19", "elapsed": 2591.217256, "delta": 0.002846}}
{"target": -13.758411540425541, "params": {"gamma": 546.2217132592239, "log10_alpha": -4.757708797246368, "log10_colsample_bytree": -0.46151934610260753, "log10_eta": -3.1687697514943505, "log10_lambda": 1.0, "log10_min_child_weight": 0.35788868296137955, "log10_subsample": 0.0, "max_depth": 4.0, "num_boost_round": 9.0}, "datetime": {"datetime": "2024-01-19 00:54:19", "elapsed": 2591.220097, "delta": 0.002841}}
{"target": -13.758402269683263, "params": {"gamma": 546.2217132592239, "log10_alpha": -4.757708797246368, "log10_colsample_bytree": -0.46151934610260753, "log10_eta": -3.1687697514943505, "log10_lambda": 1.0, "log10_min_child_weight": 0.35788868296137955, "log10_subsample": 0.0, "max_depth": 4.0, "num_boost_round": 10.0}, "datetime": {"datetime": "2024-01-19 00:54:19", "elapsed": 2591.22303, "delta": 0.002933}}
{"target": -13.758385182476614, "params": {"gamma": 546.2217132592239, "log10_alpha": -4.757708797246368, "log10_colsample_bytree": -0.46151934610260753, "log10_eta": -3.1687697514943505, "log10_lambda": 1.0, "log10_min_child_weight": 0.35788868296137955, "log10_subsample": 0.0, "max_depth": 4.0, "num_boost_round": 11.0}, "datetime": {"datetime": "2024-01-19 00:54:19", "elapsed": 2591.225884, "delta": 0.002854}}
{"target": -13.758382804606553, "params": {"gamma": 546.2217132592239, "log10_alpha": -4.757708797246368, "log10_colsample_bytree": -0.46151934610260753, "log10_eta": -3.1687697514943505, "log10_lambda": 1.0, "log10_min_child_weight": 0.35788868296137955, "log10_subsample": 0.0, "max_depth": 4.0, "num_boost_round": 12.0}, "datetime": {"datetime": "2024-01-19 00:54:19", "elapsed": 2591.228868, "delta": 0.002984}}
{"target": -13.758375364167723, "params": {"gamma": 546.2217132592239, "log10_alpha": -4.757708797246368, "log10_colsample_bytree": -0.46151934610260753, "log10_eta": -3.1687697514943505, "log10_lambda": 1.0, "log10_min_child_weight": 0.35788868296137955, "log10_subsample": 0.0, "max_depth": 4.0, "num_boost_round": 13.0}, "datetime": {"datetime": "2024-01-19 00:54:19", "elapsed": 2591.231809, "delta": 0.002941}}
{"target": -13.758370967852484, "params": {"gamma": 546.2217132592239, "log10_alpha": -4.757708797246368, "log10_colsample_bytree": -0.46151934610260753, "log10_eta": -3.1687697514943505, "log10_lambda": 1.0, "log10_min_child_weight": 0.35788868296137955, "log10_subsample": 0.0, "max_depth": 4.0, "num_boost_round": 14.0}, "datetime": {"datetime": "2024-01-19 00:54:19", "elapsed": 2591.234659, "delta": 0.00285}}
{"target": -13.758361240593945, "params": {"gamma": 546.2217132592239, "log10_alpha": -4.757708797246368, "log10_colsample_bytree": -0.46151934610260753, "log10_eta": -3.1687697514943505, "log10_lambda": 1.0, "log10_min_child_weight": 0.35788868296137955, "log10_subsample": 0.0, "max_depth": 4.0, "num_boost_round": 15.0}, "datetime": {"datetime": "2024-01-19 00:54:19", "elapsed": 2591.237576, "delta": 0.002917}}
{"target": -13.758350354393924, "params": {"gamma": 546.2217132592239, "log10_alpha": -4.757708797246368, "log10_colsample_bytree": -0.46151934610260753, "log10_eta": -3.1687697514943505, "log10_lambda": 1.0, "log10_min_child_weight": 0.35788868296137955, "log10_subsample": 0.0, "max_depth": 4.0, "num_boost_round": 16.0}, "datetime": {"datetime": "2024-01-19 00:54:19", "elapsed": 2591.240442, "delta": 0.002866}}
{"target": -13.758344804952921, "params": {"gamma": 546.2217132592239, "log10_alpha": -4.757708797246368, "log10_colsample_bytree": -0.46151934610260753, "log10_eta": -3.1687697514943505, "log10_lambda": 1.0, "log10_min_child_weight": 0.35788868296137955, "log10_subsample": 0.0, "max_depth": 4.0, "num_boost_round": 17.0}, "datetime": {"datetime": "2024-01-19 00:54:19", "elapsed": 2591.243373, "delta": 0.002931}}
{"target": -13.758350918020874, "params": {"gamma": 546.2217132592239, "log10_alpha": -4.757708797246368, "log10_colsample_bytree": -0.46151934610260753, "log10_eta": -3.1687697514943505, "log10_lambda": 1.0, "log10_min_child_weight": 0.35788868296137955, "log10_subsample": 0.0, "max_depth": 4.0, "num_boost_round": 18.0}, "datetime": {"datetime": "2024-01-19 00:54:19", "elapsed": 2591.246245, "delta": 0.002872}}
{"target": -13.758354678646652, "params": {"gamma": 546.2217132592239, "log10_alpha": -4.757708797246368, "log10_colsample_bytree": -0.46151934610260753, "log10_eta": -3.1687697514943505, "log10_lambda": 1.0, "log10_min_child_weight": 0.35788868296137955, "log10_subsample": 0.0, "max_depth": 4.0, "num_boost_round": 19.0}, "datetime": {"datetime": "2024-01-19 00:54:19", "elapsed": 2591.249405, "delta": 0.00316}}
{"target": -13.758330813204058, "params": {"gamma": 546.2217132592239, "log10_alpha": -4.757708797246368, "log10_colsample_bytree": -0.46151934610260753, "log10_eta": -3.1687697514943505, "log10_lambda": 1.0, "log10_min_child_weight": 0.35788868296137955, "log10_subsample": 0.0, "max_depth": 4.0, "num_boost_round": 20.0}, "datetime": {"datetime": "2024-01-19 00:54:19", "elapsed": 2591.252463, "delta": 0.003058}}
{"target": -13.75831568178172, "params": {"gamma": 546.2217132592239, "log10_alpha": -4.757708797246368, "log10_colsample_bytree": -0.46151934610260753, "log10_eta": -3.1687697514943505, "log10_lambda": 1.0, "log10_min_child_weight": 0.35788868296137955, "log10_subsample": 0.0, "max_depth": 4.0, "num_boost_round": 21.0}, "datetime": {"datetime": "2024-01-19 00:54:19", "elapsed": 2591.255428, "delta": 0.002965}}
{"target": -13.758315797311425, "params": {"gamma": 546.2217132592239, "log10_alpha": -4.757708797246368, "log10_colsample_bytree": -0.46151934610260753, "log10_eta": -3.1687697514943505, "log10_lambda": 1.0, "log10_min_child_weight": 0.35788868296137955, "log10_subsample": 0.0, "max_depth": 4.0, "num_boost_round": 22.0}, "datetime": {"datetime": "2024-01-19 00:54:19", "elapsed": 2591.258324, "delta": 0.002896}}
{"target": -13.758302781105789, "params": {"gamma": 546.2217132592239, "log10_alpha": -4.757708797246368, "log10_colsample_bytree": -0.46151934610260753, "log10_eta": -3.1687697514943505, "log10_lambda": 1.0, "log10_min_child_weight": 0.35788868296137955, "log10_subsample": 0.0, "max_depth": 4.0, "num_boost_round": 23.0}, "datetime": {"datetime": "2024-01-19 00:54:19", "elapsed": 2591.26121, "delta": 0.002886}}
{"target": -13.758287961131883, "params": {"gamma": 546.2217132592239, "log10_alpha": -4.757708797246368, "log10_colsample_bytree": -0.46151934610260753, "log10_eta": -3.1687697514943505, "log10_lambda": 1.0, "log10_min_child_weight": 0.35788868296137955, "log10_subsample": 0.0, "max_depth": 4.0, "num_boost_round": 24.0}, "datetime": {"datetime": "2024-01-19 00:54:19", "elapsed": 2591.264217, "delta": 0.003007}}
{"target": -13.758534965477587, "params": {"gamma": 525.1107655038561, "log10_alpha": 0.0608227221532287, "log10_colsample_bytree": -0.28769703359144383, "log10_eta": -2.182323877758441, "log10_lambda": -1.1686209370388663, "log10_min_child_weight": 4.210512219117619, "log10_subsample": -0.8549995755685947, "max_depth": 4.0, "num_boost_round": 0.0}, "datetime": {"datetime": "2024-01-19 00:55:02", "elapsed": 2634.552106, "delta": 43.287889}}
{"target": -13.758550763602724, "params": {"gamma": 525.1107655038561, "log10_alpha": 0.0608227221532287, "log10_colsample_bytree": -0.28769703359144383, "log10_eta": -2.182323877758441, "log10_lambda": -1.1686209370388663, "log10_min_child_weight": 4.210512219117619, "log10_subsample": -0.8549995755685947, "max_depth": 4.0, "num_boost_round": 1.0}, "datetime": {"datetime": "2024-01-19 00:55:02", "elapsed": 2634.555573, "delta": 0.003467}}
{"target": -13.758562378469593, "params": {"gamma": 525.1107655038561, "log10_alpha": 0.0608227221532287, "log10_colsample_bytree": -0.28769703359144383, "log10_eta": -2.182323877758441, "log10_lambda": -1.1686209370388663, "log10_min_child_weight": 4.210512219117619, "log10_subsample": -0.8549995755685947, "max_depth": 4.0, "num_boost_round": 2.0}, "datetime": {"datetime": "2024-01-19 00:55:02", "elapsed": 2634.558471, "delta": 0.002898}}
{"target": -13.7585520653768, "params": {"gamma": 525.1107655038561, "log10_alpha": 0.0608227221532287, "log10_colsample_bytree": -0.28769703359144383, "log10_eta": -2.182323877758441, "log10_lambda": -1.1686209370388663, "log10_min_child_weight": 4.210512219117619, "log10_subsample": -0.8549995755685947, "max_depth": 4.0, "num_boost_round": 3.0}, "datetime": {"datetime": "2024-01-19 00:55:02", "elapsed": 2634.561413, "delta": 0.002942}}
