{"target": -13.757901961881908, "params": {"gamma": 442.8573236567812, "log10_alpha": -3.9486238156586557, "log10_colsample_bytree": -0.7126579171957953, "log10_eta": -2.4109405551879948, "log10_lambda": 0.44644386337991904, "log10_min_child_weight": 2.9698155963955672, "log10_subsample": -0.5672736102501432, "max_depth": 2.0, "num_boost_round": 20.0}, "datetime": {"datetime": "2024-01-19 01:17:57", "elapsed": 3980.217526, "delta": 0.005126}}
{"target": -13.757835740747039, "params": {"gamma": 442.8573236567812, "log10_alpha": -3.9486238156586557, "log10_colsample_bytree": -0.7126579171957953, "log10_eta": -2.4109405551879948, "log10_lambda": 0.44644386337991904, "log10_min_child_weight": 2.9698155963955672, "log10_subsample": -0.5672736102501432, "max_depth": 2.0, "num_boost_round": 21.0}, "datetime": {"datetime": "2024-01-19 01:17:57", "elapsed": 3980.222644, "delta": 0.005118}}
{"target": -13.757849212111614, "params": {"gamma": 442.8573236567812, "log10_alpha": -3.9486238156586557, "log10_colsample_bytree": -0.7126579171957953, "log10_eta": -2.4109405551879948, "log10_lambda": 0.44644386337991904, "log10_min_child_weight": 2.9698155963955672, "log10_subsample": -0.5672736102501432, "max_depth": 2.0, "num_boost_round": 22.0}, "datetime": {"datetime": "2024-01-19 01:17:57", "elapsed": 3980.22787, "delta": 0.005226}}
{"target": -13.757784289666843, "params": {"gamma": 442.8573236567812, "log10_alpha": -3.9486238156586557, "log10_colsample_bytree": -0.7126579171957953, "log10_eta": -2.4109405551879948, "log10_lambda": 0.44644386337991904, "log10_min_child_weight": 2.9698155963955672, "log10_subsample": -0.5672736102501432, "max_depth": 2.0, "num_boost_round": 23.0}, "datetime": {"datetime": "2024-01-19 01:17:57", "elapsed": 3980.233067, "delta": 0.005197}}
{"target": -13.757782581857235, "params": {"gamma": 442.8573236567812, "log10_alpha": -3.9486238156586557, "log10_colsample_bytree": -0.7126579171957953, "log10_eta": -2.4109405551879948, "log10_lambda": 0.44644386337991904, "log10_min_child_weight": 2.9698155963955672, "log10_subsample": -0.5672736102501432, "max_depth": 2.0, "num_boost_round": 24.0}, "datetime": {"datetime": "2024-01-19 01:17:57", "elapsed": 3980.238156, "delta": 0.005089}}
{"target": -13.757725428115789, "params": {"gamma": 442.8573236567812, "log10_alpha": -3.9486238156586557, "log10_colsample_bytree": -0.7126579171957953, "log10_eta": -2.4109405551879948, "log10_lambda": 0.44644386337991904, "log10_min_child_weight": 2.9698155963955672, "log10_subsample": -0.5672736102501432, "max_depth": 2.0, "num_boost_round": 25.0}, "datetime": {"datetime": "2024-01-19 01:17:57", "elapsed": 3980.243282, "delta": 0.005126}}
{"target": -13.75769733745331, "params": {"gamma": 442.8573236567812, "log10_alpha": -3.9486238156586557, "log10_colsample_bytree": -0.7126579171957953, "log10_eta": -2.4109405551879948, "log10_lambda": 0.44644386337991904, "log10_min_child_weight": 2.9698155963955672, "log10_subsample": -0.5672736102501432, "max_depth": 2.0, "num_boost_round": 26.0}, "datetime": {"datetime": "2024-01-19 01:17:57", "elapsed": 3980.248336, "delta": 0.005054}}
{"target": -13.75762584546132, "params": {"gamma": 442.8573236567812, "log10_alpha": -3.9486238156586557, "log10_colsample_bytree": -0.7126579171957953, "log10_eta": -2.4109405551879948, "log10_lambda": 0.44644386337991904, "log10_min_child_weight": 2.9698155963955672, "log10_subsample": -0.5672736102501432, "max_depth": 2.0, "num_boost_round": 27.0}, "datetime": {"datetime": "2024-01-19 01:17:57", "elapsed": 3980.253574, "delta": 0.005238}}
{"target": -13.757573918497426, "params": {"gamma": 442.8573236567812, "log10_alpha": -3.9486238156586557, "log10_colsample_bytree": -0.7126579171957953, "log10_eta": -2.4109405551879948, "log10_lambda": 0.44644386337991904, "log10_min_child_weight": 2.9698155963955672, "log10_subsample": -0.5672736102501432, "max_depth": 2.0, "num_boost_round": 28.0}, "datetime": {"datetime": "2024-01-19 01:17:57", "elapsed": 3980.2588, "delta": 0.005226}}
{"target": -13.75750903862421, "params": {"gamma": 442.8573236567812, "log10_alpha": -3.9486238156586557, "log10_colsample_bytree": -0.7126579171957953, "log10_eta": -2.4109405551879948, "log10_lambda": 0.44644386337991904, "log10_min_child_weight": 2.9698155963955672, "log10_subsample": -0.5672736102501432, "max_depth": 2.0, "num_boost_round": 29.0}, "datetime": {"datetime": "2024-01-19 01:17:57", "elapsed": 3980.263896, "delta": 0.005096}}
{"target": -13.757444947822883, "params": {"gamma": 442.8573236567812, "log10_alpha": -3.9486238156586557, "log10_colsample_bytree": -0.7126579171957953, "log10_eta": -2.4109405551879948, "log10_lambda": 0.44644386337991904, "log10_min_child_weight": 2.9698155963955672, "log10_subsample": -0.5672736102501432, "max_depth": 2.0, "num_boost_round": 30.0}, "datetime": {"datetime": "2024-01-19 01:17:57", "elapsed": 3980.269096, "delta": 0.0052}}
{"target": -13.757385923110698, "params": {"gamma": 442.8573236567812, "log10_alpha": -3.9486238156586557, "log10_colsample_bytree": -0.7126579171957953, "log10_eta": -2.4109405551879948, "log10_lambda": 0.44644386337991904, "log10_min_child_weight": 2.9698155963955672, "log10_subsample": -0.5672736102501432, "max_depth": 2.0, "num_boost_round": 31.0}, "datetime": {"datetime": "2024-01-19 01:17:57", "elapsed": 3980.274242, "delta": 0.005146}}
{"target": -13.757360787031718, "params": {"gamma": 442.8573236567812, "log10_alpha": -3.9486238156586557, "log10_colsample_bytree": -0.7126579171957953, "log10_eta": -2.4109405551879948, "log10_lambda": 0.44644386337991904, "log10_min_child_weight": 2.9698155963955672, "log10_subsample": -0.5672736102501432, "max_depth": 2.0, "num_boost_round": 32.0}, "datetime": {"datetime": "2024-01-19 01:17:57", "elapsed": 3980.279364, "delta": 0.005122}}
{"target": -13.7573867424896, "params": {"gamma": 442.8573236567812, "log10_alpha": -3.9486238156586557, "log10_colsample_bytree": -0.7126579171957953, "log10_eta": -2.4109405551879948, "log10_lambda": 0.44644386337991904, "log10_min_child_weight": 2.9698155963955672, "log10_subsample": -0.5672736102501432, "max_depth": 2.0, "num_boost_round": 33.0}, "datetime": {"datetime": "2024-01-19 01:17:57", "elapsed": 3980.284551, "delta": 0.005187}}
{"target": -13.757344211635003, "params": {"gamma": 442.8573236567812, "log10_alpha": -3.9486238156586557, "log10_colsample_bytree": -0.7126579171957953, "log10_eta": -2.4109405551879948, "log10_lambda": 0.44644386337991904, "log10_min_child_weight": 2.9698155963955672, "log10_subsample": -0.5672736102501432, "max_depth": 2.0, "num_boost_round": 34.0}, "datetime": {"datetime": "2024-01-19 01:17:57", "elapsed": 3980.290122, "delta": 0.005571}}
{"target": -13.757324312564636, "params": {"gamma": 442.8573236567812, "log10_alpha": -3.9486238156586557, "log10_colsample_bytree": -0.7126579171957953, "log10_eta": -2.4109405551879948, "log10_lambda": 0.44644386337991904, "log10_min_child_weight": 2.9698155963955672, "log10_subsample": -0.5672736102501432, "max_depth": 2.0, "num_boost_round": 35.0}, "datetime": {"datetime": "2024-01-19 01:17:57", "elapsed": 3980.295556, "delta": 0.005434}}
{"target": -13.757284935329187, "params": {"gamma": 442.8573236567812, "log10_alpha": -3.9486238156586557, "log10_colsample_bytree": -0.7126579171957953, "log10_eta": -2.4109405551879948, "log10_lambda": 0.44644386337991904, "log10_min_child_weight": 2.9698155963955672, "log10_subsample": -0.5672736102501432, "max_depth": 2.0, "num_boost_round": 36.0}, "datetime": {"datetime": "2024-01-19 01:17:57", "elapsed": 3980.300828, "delta": 0.005272}}
{"target": -13.757278595069556, "params": {"gamma": 442.8573236567812, "log10_alpha": -3.9486238156586557, "log10_colsample_bytree": -0.7126579171957953, "log10_eta": -2.4109405551879948, "log10_lambda": 0.44644386337991904, "log10_min_child_weight": 2.9698155963955672, "log10_subsample": -0.5672736102501432, "max_depth": 2.0, "num_boost_round": 37.0}, "datetime": {"datetime": "2024-01-19 01:17:57", "elapsed": 3980.306043, "delta": 0.005215}}
{"target": -13.757252365562556, "params": {"gamma": 442.8573236567812, "log10_alpha": -3.9486238156586557, "log10_colsample_bytree": -0.7126579171957953, "log10_eta": -2.4109405551879948, "log10_lambda": 0.44644386337991904, "log10_min_child_weight": 2.9698155963955672, "log10_subsample": -0.5672736102501432, "max_depth": 2.0, "num_boost_round": 38.0}, "datetime": {"datetime": "2024-01-19 01:17:57", "elapsed": 3980.311211, "delta": 0.005168}}
{"target": -13.757212165066699, "params": {"gamma": 442.8573236567812, "log10_alpha": -3.9486238156586557, "log10_colsample_bytree": -0.7126579171957953, "log10_eta": -2.4109405551879948, "log10_lambda": 0.44644386337991904, "log10_min_child_weight": 2.9698155963955672, "log10_subsample": -0.5672736102501432, "max_depth": 2.0, "num_boost_round": 39.0}, "datetime": {"datetime": "2024-01-19 01:17:57", "elapsed": 3980.316375, "delta": 0.005164}}
{"target": -13.757193574799704, "params": {"gamma": 442.8573236567812, "log10_alpha": -3.9486238156586557, "log10_colsample_bytree": -0.7126579171957953, "log10_eta": -2.4109405551879948, "log10_lambda": 0.44644386337991904, "log10_min_child_weight": 2.9698155963955672, "log10_subsample": -0.5672736102501432, "max_depth": 2.0, "num_boost_round": 40.0}, "datetime": {"datetime": "2024-01-19 01:17:57", "elapsed": 3980.321719, "delta": 0.005344}}
{"target": -13.757176905598556, "params": {"gamma": 442.8573236567812, "log10_alpha": -3.9486238156586557, "log10_colsample_bytree": -0.7126579171957953, "log10_eta": -2.4109405551879948, "log10_lambda": 0.44644386337991904, "log10_min_child_weight": 2.9698155963955672, "log10_subsample": -0.5672736102501432, "max_depth": 2.0, "num_boost_round": 41.0}, "datetime": {"datetime": "2024-01-19 01:17:57", "elapsed": 3980.326877, "delta": 0.005158}}
{"target": -13.757161860132074, "params": {"gamma": 442.8573236567812, "log10_alpha": -3.9486238156586557, "log10_colsample_bytree": -0.7126579171957953, "log10_eta": -2.4109405551879948, "log10_lambda": 0.44644386337991904, "log10_min_child_weight": 2.9698155963955672, "log10_subsample": -0.5672736102501432, "max_depth": 2.0, "num_boost_round": 42.0}, "datetime": {"datetime": "2024-01-19 01:17:57", "elapsed": 3980.332033, "delta": 0.005156}}
{"target": -13.757111188768452, "params": {"gamma": 442.8573236567812, "log10_alpha": -3.9486238156586557, "log10_colsample_bytree": -0.7126579171957953, "log10_eta": -2.4109405551879948, "log10_lambda": 0.44644386337991904, "log10_min_child_weight": 2.9698155963955672, "log10_subsample": -0.5672736102501432, "max_depth": 2.0, "num_boost_round": 43.0}, "datetime": {"datetime": "2024-01-19 01:17:57", "elapsed": 3980.337175, "delta": 0.005142}}
{"target": -13.757056730313128, "params": {"gamma": 442.8573236567812, "log10_alpha": -3.9486238156586557, "log10_colsample_bytree": -0.7126579171957953, "log10_eta": -2.4109405551879948, "log10_lambda": 0.44644386337991904, "log10_min_child_weight": 2.9698155963955672, "log10_subsample": -0.5672736102501432, "max_depth": 2.0, "num_boost_round": 44.0}, "datetime": {"datetime": "2024-01-19 01:17:57", "elapsed": 3980.342331, "delta": 0.005156}}
{"target": -13.757013749503946, "params": {"gamma": 442.8573236567812, "log10_alpha": -3.9486238156586557, "log10_colsample_bytree": -0.7126579171957953, "log10_eta": -2.4109405551879948, "log10_lambda": 0.44644386337991904, "log10_min_child_weight": 2.9698155963955672, "log10_subsample": -0.5672736102501432, "max_depth": 2.0, "num_boost_round": 45.0}, "datetime": {"datetime": "2024-01-19 01:17:57", "elapsed": 3980.347489, "delta": 0.005158}}
{"target": -13.756985990308522, "params": {"gamma": 442.8573236567812, "log10_alpha": -3.9486238156586557, "log10_colsample_bytree": -0.7126579171957953, "log10_eta": -2.4109405551879948, "log10_lambda": 0.44644386337991904, "log10_min_child_weight": 2.9698155963955672, "log10_subsample": -0.5672736102501432, "max_depth": 2.0, "num_boost_round": 46.0}, "datetime": {"datetime": "2024-01-19 01:17:57", "elapsed": 3980.35282, "delta": 0.005331}}
{"target": -13.756924836259193, "params": {"gamma": 442.8573236567812, "log10_alpha": -3.9486238156586557, "log10_colsample_bytree": -0.7126579171957953, "log10_eta": -2.4109405551879948, "log10_lambda": 0.44644386337991904, "log10_min_child_weight": 2.9698155963955672, "log10_subsample": -0.5672736102501432, "max_depth": 2.0, "num_boost_round": 47.0}, "datetime": {"datetime": "2024-01-19 01:17:57", "elapsed": 3980.357948, "delta": 0.005128}}
{"target": -13.756925999914511, "params": {"gamma": 442.8573236567812, "log10_alpha": -3.9486238156586557, "log10_colsample_bytree": -0.7126579171957953, "log10_eta": -2.4109405551879948, "log10_lambda": 0.44644386337991904, "log10_min_child_weight": 2.9698155963955672, "log10_subsample": -0.5672736102501432, "max_depth": 2.0, "num_boost_round": 48.0}, "datetime": {"datetime": "2024-01-19 01:17:57", "elapsed": 3980.363398, "delta": 0.00545}}
{"target": -13.756909787825178, "params": {"gamma": 442.8573236567812, "log10_alpha": -3.9486238156586557, "log10_colsample_bytree": -0.7126579171957953, "log10_eta": -2.4109405551879948, "log10_lambda": 0.44644386337991904, "log10_min_child_weight": 2.9698155963955672, "log10_subsample": -0.5672736102501432, "max_depth": 2.0, "num_boost_round": 49.0}, "datetime": {"datetime": "2024-01-19 01:17:57", "elapsed": 3980.36863, "delta": 0.005232}}
{"target": -13.756924580084952, "params": {"gamma": 442.8573236567812, "log10_alpha": -3.9486238156586557, "log10_colsample_bytree": -0.7126579171957953, "log10_eta": -2.4109405551879948, "log10_lambda": 0.44644386337991904, "log10_min_child_weight": 2.9698155963955672, "log10_subsample": -0.5672736102501432, "max_depth": 2.0, "num_boost_round": 50.0}, "datetime": {"datetime": "2024-01-19 01:17:57", "elapsed": 3980.374543, "delta": 0.005913}}
{"target": -13.756946348105826, "params": {"gamma": 442.8573236567812, "log10_alpha": -3.9486238156586557, "log10_colsample_bytree": -0.7126579171957953, "log10_eta": -2.4109405551879948, "log10_lambda": 0.44644386337991904, "log10_min_child_weight": 2.9698155963955672, "log10_subsample": -0.5672736102501432, "max_depth": 2.0, "num_boost_round": 51.0}, "datetime": {"datetime": "2024-01-19 01:17:57", "elapsed": 3980.380049, "delta": 0.005506}}
{"target": -13.756948674743189, "params": {"gamma": 442.8573236567812, "log10_alpha": -3.9486238156586557, "log10_colsample_bytree": -0.7126579171957953, "log10_eta": -2.4109405551879948, "log10_lambda": 0.44644386337991904, "log10_min_child_weight": 2.9698155963955672, "log10_subsample": -0.5672736102501432, "max_depth": 2.0, "num_boost_round": 52.0}, "datetime": {"datetime": "2024-01-19 01:17:57", "elapsed": 3980.475568, "delta": 0.095519}}
{"target": -13.756892369139345, "params": {"gamma": 442.8573236567812, "log10_alpha": -3.9486238156586557, "log10_colsample_bytree": -0.7126579171957953, "log10_eta": -2.4109405551879948, "log10_lambda": 0.44644386337991904, "log10_min_child_weight": 2.9698155963955672, "log10_subsample": -0.5672736102501432, "max_depth": 2.0, "num_boost_round": 53.0}, "datetime": {"datetime": "2024-01-19 01:17:57", "elapsed": 3980.481432, "delta": 0.005864}}
{"target": -13.756834959819663, "params": {"gamma": 442.8573236567812, "log10_alpha": -3.9486238156586557, "log10_colsample_bytree": -0.7126579171957953, "log10_eta": -2.4109405551879948, "log10_lambda": 0.44644386337991904, "log10_min_child_weight": 2.9698155963955672, "log10_subsample": -0.5672736102501432, "max_depth": 2.0, "num_boost_round": 54.0}, "datetime": {"datetime": "2024-01-19 01:17:57", "elapsed": 3980.486836, "delta": 0.005404}}
{"target": -13.756819930814975, "params": {"gamma": 442.8573236567812, "log10_alpha": -3.9486238156586557, "log10_colsample_bytree": -0.7126579171957953, "log10_eta": -2.4109405551879948, "log10_lambda": 0.44644386337991904, "log10_min_child_weight": 2.9698155963955672, "log10_subsample": -0.5672736102501432, "max_depth": 2.0, "num_boost_round": 55.0}, "datetime": {"datetime": "2024-01-19 01:17:57", "elapsed": 3980.492255, "delta": 0.005419}}
{"target": -13.756819732873183, "params": {"gamma": 442.8573236567812, "log10_alpha": -3.9486238156586557, "log10_colsample_bytree": -0.7126579171957953, "log10_eta": -2.4109405551879948, "log10_lambda": 0.44644386337991904, "log10_min_child_weight": 2.9698155963955672, "log10_subsample": -0.5672736102501432, "max_depth": 2.0, "num_boost_round": 56.0}, "datetime": {"datetime": "2024-01-19 01:17:57", "elapsed": 3980.497631, "delta": 0.005376}}
{"target": -13.756770483918368, "params": {"gamma": 442.8573236567812, "log10_alpha": -3.9486238156586557, "log10_colsample_bytree": -0.7126579171957953, "log10_eta": -2.4109405551879948, "log10_lambda": 0.44644386337991904, "log10_min_child_weight": 2.9698155963955672, "log10_subsample": -0.5672736102501432, "max_depth": 2.0, "num_boost_round": 57.0}, "datetime": {"datetime": "2024-01-19 01:17:57", "elapsed": 3980.503127, "delta": 0.005496}}
{"target": -13.75853255509497, "params": {"gamma": 407.1096798073444, "log10_alpha": -5.0, "log10_colsample_bytree": -1.0, "log10_eta": -4.0, "log10_lambda": -5.0, "log10_min_child_weight": 0.0, "log10_subsample": 0.0, "max_depth": 10.0, "num_boost_round": 0.0}, "datetime": {"datetime": "2024-01-19 01:19:32", "elapsed": 4076.057366, "delta": 95.554239}}
{"target": -13.758539749478423, "params": {"gamma": 407.1096798073444, "log10_alpha": -5.0, "log10_colsample_bytree": -1.0, "log10_eta": -4.0, "log10_lambda": -5.0, "log10_min_child_weight": 0.0, "log10_subsample": 0.0, "max_depth": 10.0, "num_boost_round": 1.0}, "datetime": {"datetime": "2024-01-19 01:19:32", "elapsed": 4076.063319, "delta": 0.005953}}
{"target": -13.75854226964055, "params": {"gamma": 407.1096798073444, "log10_alpha": -5.0, "log10_colsample_bytree": -1.0, "log10_eta": -4.0, "log10_lambda": -5.0, "log10_min_child_weight": 0.0, "log10_subsample": 0.0, "max_depth": 10.0, "num_boost_round": 2.0}, "datetime": {"datetime": "2024-01-19 01:19:32", "elapsed": 4076.068647, "delta": 0.005328}}
{"target": -13.758541706724923, "params": {"gamma": 407.1096798073444, "log10_alpha": -5.0, "log10_colsample_bytree": -1.0, "log10_eta": -4.0, "log10_lambda": -5.0, "log10_min_child_weight": 0.0, "log10_subsample": 0.0, "max_depth": 10.0, "num_boost_round": 3.0}, "datetime": {"datetime": "2024-01-19 01:19:32", "elapsed": 4076.07453, "delta": 0.005883}}
{"target": -13.758534458996365, "params": {"gamma": 407.1096798073444, "log10_alpha": -5.0, "log10_colsample_bytree": -1.0, "log10_eta": -4.0, "log10_lambda": -5.0, "log10_min_child_weight": 0.0, "log10_subsample": 0.0, "max_depth": 10.0, "num_boost_round": 4.0}, "datetime": {"datetime": "2024-01-19 01:19:32", "elapsed": 4076.080339, "delta": 0.005809}}
{"target": -13.758534715260222, "params": {"gamma": 407.1096798073444, "log10_alpha": -5.0, "log10_colsample_bytree": -1.0, "log10_eta": -4.0, "log10_lambda": -5.0, "log10_min_child_weight": 0.0, "log10_subsample": 0.0, "max_depth": 10.0, "num_boost_round": 5.0}, "datetime": {"datetime": "2024-01-19 01:19:32", "elapsed": 4076.085611, "delta": 0.005272}}
{"target": -13.75853439253453, "params": {"gamma": 407.1096798073444, "log10_alpha": -5.0, "log10_colsample_bytree": -1.0, "log10_eta": -4.0, "log10_lambda": -5.0, "log10_min_child_weight": 0.0, "log10_subsample": 0.0, "max_depth": 10.0, "num_boost_round": 6.0}, "datetime": {"datetime": "2024-01-19 01:19:32", "elapsed": 4076.091051, "delta": 0.00544}}
{"target": -13.75853316725121, "params": {"gamma": 407.1096798073444, "log10_alpha": -5.0, "log10_colsample_bytree": -1.0, "log10_eta": -4.0, "log10_lambda": -5.0, "log10_min_child_weight": 0.0, "log10_subsample": 0.0, "max_depth": 10.0, "num_boost_round": 7.0}, "datetime": {"datetime": "2024-01-19 01:19:32", "elapsed": 4076.096336, "delta": 0.005285}}
{"target": -13.758534466395039, "params": {"gamma": 407.1096798073444, "log10_alpha": -5.0, "log10_colsample_bytree": -1.0, "log10_eta": -4.0, "log10_lambda": -5.0, "log10_min_child_weight": 0.0, "log10_subsample": 0.0, "max_depth": 10.0, "num_boost_round": 8.0}, "datetime": {"datetime": "2024-01-19 01:19:33", "elapsed": 4076.101746, "delta": 0.00541}}
{"target": -13.758532524729521, "params": {"gamma": 407.1096798073444, "log10_alpha": -5.0, "log10_colsample_bytree": -1.0, "log10_eta": -4.0, "log10_lambda": -5.0, "log10_min_child_weight": 0.0, "log10_subsample": 0.0, "max_depth": 10.0, "num_boost_round": 9.0}, "datetime": {"datetime": "2024-01-19 01:19:33", "elapsed": 4076.106942, "delta": 0.005196}}
{"target": -13.758529932131712, "params": {"gamma": 407.1096798073444, "log10_alpha": -5.0, "log10_colsample_bytree": -1.0, "log10_eta": -4.0, "log10_lambda": -5.0, "log10_min_child_weight": 0.0, "log10_subsample": 0.0, "max_depth": 10.0, "num_boost_round": 10.0}, "datetime": {"datetime": "2024-01-19 01:19:33", "elapsed": 4076.112201, "delta": 0.005259}}
{"target": -13.758532143590031, "params": {"gamma": 407.1096798073444, "log10_alpha": -5.0, "log10_colsample_bytree": -1.0, "log10_eta": -4.0, "log10_lambda": -5.0, "log10_min_child_weight": 0.0, "log10_subsample": 0.0, "max_depth": 10.0, "num_boost_round": 11.0}, "datetime": {"datetime": "2024-01-19 01:19:33", "elapsed": 4076.117443, "delta": 0.005242}}
{"target": -13.75852717059631, "params": {"gamma": 407.1096798073444, "log10_alpha": -5.0, "log10_colsample_bytree": -1.0, "log10_eta": -4.0, "log10_lambda": -5.0, "log10_min_child_weight": 0.0, "log10_subsample": 0.0, "max_depth": 10.0, "num_boost_round": 12.0}, "datetime": {"datetime": "2024-01-19 01:19:33", "elapsed": 4076.1226, "delta": 0.005157}}
{"target": -13.758524113215035, "params": {"gamma": 407.1096798073444, "log10_alpha": -5.0, "log10_colsample_bytree": -1.0, "log10_eta": -4.0, "log10_lambda": -5.0, "log10_min_child_weight": 0.0, "log10_subsample": 0.0, "max_depth": 10.0, "num_boost_round": 13.0}, "datetime": {"datetime": "2024-01-19 01:19:33", "elapsed": 4076.127783, "delta": 0.005183}}
