{"target": -13.759657297561171, "params": {"gamma": 944.7422583582975, "log10_alpha": -4.870978755602616, "log10_colsample_bytree": -0.13015405470397978, "log10_eta": -2.113969165823494, "log10_lambda": -2.3056649495497803, "log10_min_child_weight": 0.08436855007477428, "log10_subsample": -0.03138870853455711, "max_depth": 3.0, "num_boost_round": 37.0}, "datetime": {"datetime": "2024-01-19 01:28:21", "elapsed": 4602.998709, "delta": 0.005133}}
{"target": -13.759824602571445, "params": {"gamma": 944.7422583582975, "log10_alpha": -4.870978755602616, "log10_colsample_bytree": -0.13015405470397978, "log10_eta": -2.113969165823494, "log10_lambda": -2.3056649495497803, "log10_min_child_weight": 0.08436855007477428, "log10_subsample": -0.03138870853455711, "max_depth": 3.0, "num_boost_round": 38.0}, "datetime": {"datetime": "2024-01-19 01:28:21", "elapsed": 4603.003896, "delta": 0.005187}}
{"target": -13.759991065222282, "params": {"gamma": 944.7422583582975, "log10_alpha": -4.870978755602616, "log10_colsample_bytree": -0.13015405470397978, "log10_eta": -2.113969165823494, "log10_lambda": -2.3056649495497803, "log10_min_child_weight": 0.08436855007477428, "log10_subsample": -0.03138870853455711, "max_depth": 3.0, "num_boost_round": 39.0}, "datetime": {"datetime": "2024-01-19 01:28:22", "elapsed": 4603.00909, "delta": 0.005194}}
{"target": -13.760180679618703, "params": {"gamma": 944.7422583582975, "log10_alpha": -4.870978755602616, "log10_colsample_bytree": -0.13015405470397978, "log10_eta": -2.113969165823494, "log10_lambda": -2.3056649495497803, "log10_min_child_weight": 0.08436855007477428, "log10_subsample": -0.03138870853455711, "max_depth": 3.0, "num_boost_round": 40.0}, "datetime": {"datetime": "2024-01-19 01:28:22", "elapsed": 4603.100615, "delta": 0.091525}}
{"target": -13.760321500892548, "params": {"gamma": 944.7422583582975, "log10_alpha": -4.870978755602616, "log10_colsample_bytree": -0.13015405470397978, "log10_eta": -2.113969165823494, "log10_lambda": -2.3056649495497803, "log10_min_child_weight": 0.08436855007477428, "log10_subsample": -0.03138870853455711, "max_depth": 3.0, "num_boost_round": 41.0}, "datetime": {"datetime": "2024-01-19 01:28:22", "elapsed": 4603.106307, "delta": 0.005692}}
{"target": -13.760425464950105, "params": {"gamma": 944.7422583582975, "log10_alpha": -4.870978755602616, "log10_colsample_bytree": -0.13015405470397978, "log10_eta": -2.113969165823494, "log10_lambda": -2.3056649495497803, "log10_min_child_weight": 0.08436855007477428, "log10_subsample": -0.03138870853455711, "max_depth": 3.0, "num_boost_round": 42.0}, "datetime": {"datetime": "2024-01-19 01:28:22", "elapsed": 4603.111614, "delta": 0.005307}}
{"target": -13.760358216955503, "params": {"gamma": 944.7422583582975, "log10_alpha": -4.870978755602616, "log10_colsample_bytree": -0.13015405470397978, "log10_eta": -2.113969165823494, "log10_lambda": -2.3056649495497803, "log10_min_child_weight": 0.08436855007477428, "log10_subsample": -0.03138870853455711, "max_depth": 3.0, "num_boost_round": 43.0}, "datetime": {"datetime": "2024-01-19 01:28:22", "elapsed": 4603.11683, "delta": 0.005216}}
{"target": -13.760423001998088, "params": {"gamma": 944.7422583582975, "log10_alpha": -4.870978755602616, "log10_colsample_bytree": -0.13015405470397978, "log10_eta": -2.113969165823494, "log10_lambda": -2.3056649495497803, "log10_min_child_weight": 0.08436855007477428, "log10_subsample": -0.03138870853455711, "max_depth": 3.0, "num_boost_round": 44.0}, "datetime": {"datetime": "2024-01-19 01:28:22", "elapsed": 4603.122005, "delta": 0.005175}}
{"target": -13.760458862155213, "params": {"gamma": 944.7422583582975, "log10_alpha": -4.870978755602616, "log10_colsample_bytree": -0.13015405470397978, "log10_eta": -2.113969165823494, "log10_lambda": -2.3056649495497803, "log10_min_child_weight": 0.08436855007477428, "log10_subsample": -0.03138870853455711, "max_depth": 3.0, "num_boost_round": 45.0}, "datetime": {"datetime": "2024-01-19 01:28:22", "elapsed": 4603.127209, "delta": 0.005204}}
{"target": -13.76065405700498, "params": {"gamma": 944.7422583582975, "log10_alpha": -4.870978755602616, "log10_colsample_bytree": -0.13015405470397978, "log10_eta": -2.113969165823494, "log10_lambda": -2.3056649495497803, "log10_min_child_weight": 0.08436855007477428, "log10_subsample": -0.03138870853455711, "max_depth": 3.0, "num_boost_round": 46.0}, "datetime": {"datetime": "2024-01-19 01:28:22", "elapsed": 4603.1326, "delta": 0.005391}}
{"target": -13.76072198693214, "params": {"gamma": 944.7422583582975, "log10_alpha": -4.870978755602616, "log10_colsample_bytree": -0.13015405470397978, "log10_eta": -2.113969165823494, "log10_lambda": -2.3056649495497803, "log10_min_child_weight": 0.08436855007477428, "log10_subsample": -0.03138870853455711, "max_depth": 3.0, "num_boost_round": 47.0}, "datetime": {"datetime": "2024-01-19 01:28:22", "elapsed": 4603.137798, "delta": 0.005198}}
{"target": -13.76069451560442, "params": {"gamma": 944.7422583582975, "log10_alpha": -4.870978755602616, "log10_colsample_bytree": -0.13015405470397978, "log10_eta": -2.113969165823494, "log10_lambda": -2.3056649495497803, "log10_min_child_weight": 0.08436855007477428, "log10_subsample": -0.03138870853455711, "max_depth": 3.0, "num_boost_round": 48.0}, "datetime": {"datetime": "2024-01-19 01:28:22", "elapsed": 4603.142963, "delta": 0.005165}}
{"target": -13.760951503815152, "params": {"gamma": 944.7422583582975, "log10_alpha": -4.870978755602616, "log10_colsample_bytree": -0.13015405470397978, "log10_eta": -2.113969165823494, "log10_lambda": -2.3056649495497803, "log10_min_child_weight": 0.08436855007477428, "log10_subsample": -0.03138870853455711, "max_depth": 3.0, "num_boost_round": 49.0}, "datetime": {"datetime": "2024-01-19 01:28:22", "elapsed": 4603.148132, "delta": 0.005169}}
{"target": -13.760965816850934, "params": {"gamma": 944.7422583582975, "log10_alpha": -4.870978755602616, "log10_colsample_bytree": -0.13015405470397978, "log10_eta": -2.113969165823494, "log10_lambda": -2.3056649495497803, "log10_min_child_weight": 0.08436855007477428, "log10_subsample": -0.03138870853455711, "max_depth": 3.0, "num_boost_round": 50.0}, "datetime": {"datetime": "2024-01-19 01:28:22", "elapsed": 4603.153354, "delta": 0.005222}}
{"target": -13.761072532972817, "params": {"gamma": 944.7422583582975, "log10_alpha": -4.870978755602616, "log10_colsample_bytree": -0.13015405470397978, "log10_eta": -2.113969165823494, "log10_lambda": -2.3056649495497803, "log10_min_child_weight": 0.08436855007477428, "log10_subsample": -0.03138870853455711, "max_depth": 3.0, "num_boost_round": 51.0}, "datetime": {"datetime": "2024-01-19 01:28:22", "elapsed": 4603.158659, "delta": 0.005305}}
{"target": -13.761181580507229, "params": {"gamma": 944.7422583582975, "log10_alpha": -4.870978755602616, "log10_colsample_bytree": -0.13015405470397978, "log10_eta": -2.113969165823494, "log10_lambda": -2.3056649495497803, "log10_min_child_weight": 0.08436855007477428, "log10_subsample": -0.03138870853455711, "max_depth": 3.0, "num_boost_round": 52.0}, "datetime": {"datetime": "2024-01-19 01:28:22", "elapsed": 4603.164033, "delta": 0.005374}}
{"target": -13.76123926795474, "params": {"gamma": 944.7422583582975, "log10_alpha": -4.870978755602616, "log10_colsample_bytree": -0.13015405470397978, "log10_eta": -2.113969165823494, "log10_lambda": -2.3056649495497803, "log10_min_child_weight": 0.08436855007477428, "log10_subsample": -0.03138870853455711, "max_depth": 3.0, "num_boost_round": 53.0}, "datetime": {"datetime": "2024-01-19 01:28:22", "elapsed": 4603.169223, "delta": 0.00519}}
{"target": -13.761186645900347, "params": {"gamma": 944.7422583582975, "log10_alpha": -4.870978755602616, "log10_colsample_bytree": -0.13015405470397978, "log10_eta": -2.113969165823494, "log10_lambda": -2.3056649495497803, "log10_min_child_weight": 0.08436855007477428, "log10_subsample": -0.03138870853455711, "max_depth": 3.0, "num_boost_round": 54.0}, "datetime": {"datetime": "2024-01-19 01:28:22", "elapsed": 4603.174441, "delta": 0.005218}}
{"target": -13.761209003455017, "params": {"gamma": 944.7422583582975, "log10_alpha": -4.870978755602616, "log10_colsample_bytree": -0.13015405470397978, "log10_eta": -2.113969165823494, "log10_lambda": -2.3056649495497803, "log10_min_child_weight": 0.08436855007477428, "log10_subsample": -0.03138870853455711, "max_depth": 3.0, "num_boost_round": 55.0}, "datetime": {"datetime": "2024-01-19 01:28:22", "elapsed": 4603.179629, "delta": 0.005188}}
{"target": -13.761360380740433, "params": {"gamma": 944.7422583582975, "log10_alpha": -4.870978755602616, "log10_colsample_bytree": -0.13015405470397978, "log10_eta": -2.113969165823494, "log10_lambda": -2.3056649495497803, "log10_min_child_weight": 0.08436855007477428, "log10_subsample": -0.03138870853455711, "max_depth": 3.0, "num_boost_round": 56.0}, "datetime": {"datetime": "2024-01-19 01:28:22", "elapsed": 4603.185542, "delta": 0.005913}}
{"target": -13.761412280869457, "params": {"gamma": 944.7422583582975, "log10_alpha": -4.870978755602616, "log10_colsample_bytree": -0.13015405470397978, "log10_eta": -2.113969165823494, "log10_lambda": -2.3056649495497803, "log10_min_child_weight": 0.08436855007477428, "log10_subsample": -0.03138870853455711, "max_depth": 3.0, "num_boost_round": 57.0}, "datetime": {"datetime": "2024-01-19 01:28:22", "elapsed": 4603.191031, "delta": 0.005489}}
{"target": -13.761502920785764, "params": {"gamma": 944.7422583582975, "log10_alpha": -4.870978755602616, "log10_colsample_bytree": -0.13015405470397978, "log10_eta": -2.113969165823494, "log10_lambda": -2.3056649495497803, "log10_min_child_weight": 0.08436855007477428, "log10_subsample": -0.03138870853455711, "max_depth": 3.0, "num_boost_round": 58.0}, "datetime": {"datetime": "2024-01-19 01:28:22", "elapsed": 4603.196497, "delta": 0.005466}}
{"target": -13.761365081283962, "params": {"gamma": 944.7422583582975, "log10_alpha": -4.870978755602616, "log10_colsample_bytree": -0.13015405470397978, "log10_eta": -2.113969165823494, "log10_lambda": -2.3056649495497803, "log10_min_child_weight": 0.08436855007477428, "log10_subsample": -0.03138870853455711, "max_depth": 3.0, "num_boost_round": 59.0}, "datetime": {"datetime": "2024-01-19 01:28:22", "elapsed": 4603.201687, "delta": 0.00519}}
{"target": -13.761306529927603, "params": {"gamma": 944.7422583582975, "log10_alpha": -4.870978755602616, "log10_colsample_bytree": -0.13015405470397978, "log10_eta": -2.113969165823494, "log10_lambda": -2.3056649495497803, "log10_min_child_weight": 0.08436855007477428, "log10_subsample": -0.03138870853455711, "max_depth": 3.0, "num_boost_round": 60.0}, "datetime": {"datetime": "2024-01-19 01:28:22", "elapsed": 4603.206888, "delta": 0.005201}}
{"target": -13.761323667208833, "params": {"gamma": 944.7422583582975, "log10_alpha": -4.870978755602616, "log10_colsample_bytree": -0.13015405470397978, "log10_eta": -2.113969165823494, "log10_lambda": -2.3056649495497803, "log10_min_child_weight": 0.08436855007477428, "log10_subsample": -0.03138870853455711, "max_depth": 3.0, "num_boost_round": 61.0}, "datetime": {"datetime": "2024-01-19 01:28:22", "elapsed": 4603.212129, "delta": 0.005241}}
{"target": -13.761494905807213, "params": {"gamma": 944.7422583582975, "log10_alpha": -4.870978755602616, "log10_colsample_bytree": -0.13015405470397978, "log10_eta": -2.113969165823494, "log10_lambda": -2.3056649495497803, "log10_min_child_weight": 0.08436855007477428, "log10_subsample": -0.03138870853455711, "max_depth": 3.0, "num_boost_round": 62.0}, "datetime": {"datetime": "2024-01-19 01:28:22", "elapsed": 4603.217422, "delta": 0.005293}}
{"target": -13.76178429256989, "params": {"gamma": 944.7422583582975, "log10_alpha": -4.870978755602616, "log10_colsample_bytree": -0.13015405470397978, "log10_eta": -2.113969165823494, "log10_lambda": -2.3056649495497803, "log10_min_child_weight": 0.08436855007477428, "log10_subsample": -0.03138870853455711, "max_depth": 3.0, "num_boost_round": 63.0}, "datetime": {"datetime": "2024-01-19 01:28:22", "elapsed": 4603.222766, "delta": 0.005344}}
{"target": -13.761828726888087, "params": {"gamma": 944.7422583582975, "log10_alpha": -4.870978755602616, "log10_colsample_bytree": -0.13015405470397978, "log10_eta": -2.113969165823494, "log10_lambda": -2.3056649495497803, "log10_min_child_weight": 0.08436855007477428, "log10_subsample": -0.03138870853455711, "max_depth": 3.0, "num_boost_round": 64.0}, "datetime": {"datetime": "2024-01-19 01:28:22", "elapsed": 4603.228216, "delta": 0.00545}}
{"target": -13.758535148469225, "params": {"gamma": 947.8377589936966, "log10_alpha": -2.4318985629432532, "log10_colsample_bytree": -0.02623228586918358, "log10_eta": -3.149996635796848, "log10_lambda": -1.5999817629679614, "log10_min_child_weight": 0.791861380361335, "log10_subsample": -0.3658763090157564, "max_depth": 3.0, "num_boost_round": 0.0}, "datetime": {"datetime": "2024-01-19 01:29:44", "elapsed": 4685.670271, "delta": 82.442055}}
{"target": -13.758531024690244, "params": {"gamma": 947.8377589936966, "log10_alpha": -2.4318985629432532, "log10_colsample_bytree": -0.02623228586918358, "log10_eta": -3.149996635796848, "log10_lambda": -1.5999817629679614, "log10_min_child_weight": 0.791861380361335, "log10_subsample": -0.3658763090157564, "max_depth": 3.0, "num_boost_round": 1.0}, "datetime": {"datetime": "2024-01-19 01:29:44", "elapsed": 4685.675707, "delta": 0.005436}}
{"target": -13.75852814600893, "params": {"gamma": 947.8377589936966, "log10_alpha": -2.4318985629432532, "log10_colsample_bytree": -0.02623228586918358, "log10_eta": -3.149996635796848, "log10_lambda": -1.5999817629679614, "log10_min_child_weight": 0.791861380361335, "log10_subsample": -0.3658763090157564, "max_depth": 3.0, "num_boost_round": 2.0}, "datetime": {"datetime": "2024-01-19 01:29:44", "elapsed": 4685.681052, "delta": 0.005345}}
{"target": -13.758523291788071, "params": {"gamma": 947.8377589936966, "log10_alpha": -2.4318985629432532, "log10_colsample_bytree": -0.02623228586918358, "log10_eta": -3.149996635796848, "log10_lambda": -1.5999817629679614, "log10_min_child_weight": 0.791861380361335, "log10_subsample": -0.3658763090157564, "max_depth": 3.0, "num_boost_round": 3.0}, "datetime": {"datetime": "2024-01-19 01:29:44", "elapsed": 4685.686326, "delta": 0.005274}}
{"target": -13.758515297108989, "params": {"gamma": 947.8377589936966, "log10_alpha": -2.4318985629432532, "log10_colsample_bytree": -0.02623228586918358, "log10_eta": -3.149996635796848, "log10_lambda": -1.5999817629679614, "log10_min_child_weight": 0.791861380361335, "log10_subsample": -0.3658763090157564, "max_depth": 3.0, "num_boost_round": 4.0}, "datetime": {"datetime": "2024-01-19 01:29:44", "elapsed": 4685.691794, "delta": 0.005468}}
{"target": -13.75850968847214, "params": {"gamma": 947.8377589936966, "log10_alpha": -2.4318985629432532, "log10_colsample_bytree": -0.02623228586918358, "log10_eta": -3.149996635796848, "log10_lambda": -1.5999817629679614, "log10_min_child_weight": 0.791861380361335, "log10_subsample": -0.3658763090157564, "max_depth": 3.0, "num_boost_round": 5.0}, "datetime": {"datetime": "2024-01-19 01:29:44", "elapsed": 4685.696979, "delta": 0.005185}}
{"target": -13.75850542318295, "params": {"gamma": 947.8377589936966, "log10_alpha": -2.4318985629432532, "log10_colsample_bytree": -0.02623228586918358, "log10_eta": -3.149996635796848, "log10_lambda": -1.5999817629679614, "log10_min_child_weight": 0.791861380361335, "log10_subsample": -0.3658763090157564, "max_depth": 3.0, "num_boost_round": 6.0}, "datetime": {"datetime": "2024-01-19 01:29:44", "elapsed": 4685.70224, "delta": 0.005261}}
{"target": -13.758502467773061, "params": {"gamma": 947.8377589936966, "log10_alpha": -2.4318985629432532, "log10_colsample_bytree": -0.02623228586918358, "log10_eta": -3.149996635796848, "log10_lambda": -1.5999817629679614, "log10_min_child_weight": 0.791861380361335, "log10_subsample": -0.3658763090157564, "max_depth": 3.0, "num_boost_round": 7.0}, "datetime": {"datetime": "2024-01-19 01:29:44", "elapsed": 4685.707532, "delta": 0.005292}}
{"target": -13.758500632794584, "params": {"gamma": 947.8377589936966, "log10_alpha": -2.4318985629432532, "log10_colsample_bytree": -0.02623228586918358, "log10_eta": -3.149996635796848, "log10_lambda": -1.5999817629679614, "log10_min_child_weight": 0.791861380361335, "log10_subsample": -0.3658763090157564, "max_depth": 3.0, "num_boost_round": 8.0}, "datetime": {"datetime": "2024-01-19 01:29:44", "elapsed": 4685.712827, "delta": 0.005295}}
{"target": -13.758495702884103, "params": {"gamma": 947.8377589936966, "log10_alpha": -2.4318985629432532, "log10_colsample_bytree": -0.02623228586918358, "log10_eta": -3.149996635796848, "log10_lambda": -1.5999817629679614, "log10_min_child_weight": 0.791861380361335, "log10_subsample": -0.3658763090157564, "max_depth": 3.0, "num_boost_round": 9.0}, "datetime": {"datetime": "2024-01-19 01:29:44", "elapsed": 4685.718134, "delta": 0.005307}}
{"target": -13.758490013151693, "params": {"gamma": 947.8377589936966, "log10_alpha": -2.4318985629432532, "log10_colsample_bytree": -0.02623228586918358, "log10_eta": -3.149996635796848, "log10_lambda": -1.5999817629679614, "log10_min_child_weight": 0.791861380361335, "log10_subsample": -0.3658763090157564, "max_depth": 3.0, "num_boost_round": 10.0}, "datetime": {"datetime": "2024-01-19 01:29:44", "elapsed": 4685.723443, "delta": 0.005309}}
{"target": -13.758487975770539, "params": {"gamma": 947.8377589936966, "log10_alpha": -2.4318985629432532, "log10_colsample_bytree": -0.02623228586918358, "log10_eta": -3.149996635796848, "log10_lambda": -1.5999817629679614, "log10_min_child_weight": 0.791861380361335, "log10_subsample": -0.3658763090157564, "max_depth": 3.0, "num_boost_round": 11.0}, "datetime": {"datetime": "2024-01-19 01:29:44", "elapsed": 4685.728687, "delta": 0.005244}}
{"target": -13.758483480350572, "params": {"gamma": 947.8377589936966, "log10_alpha": -2.4318985629432532, "log10_colsample_bytree": -0.02623228586918358, "log10_eta": -3.149996635796848, "log10_lambda": -1.5999817629679614, "log10_min_child_weight": 0.791861380361335, "log10_subsample": -0.3658763090157564, "max_depth": 3.0, "num_boost_round": 12.0}, "datetime": {"datetime": "2024-01-19 01:29:44", "elapsed": 4685.733815, "delta": 0.005128}}
{"target": -13.758481841550024, "params": {"gamma": 947.8377589936966, "log10_alpha": -2.4318985629432532, "log10_colsample_bytree": -0.02623228586918358, "log10_eta": -3.149996635796848, "log10_lambda": -1.5999817629679614, "log10_min_child_weight": 0.791861380361335, "log10_subsample": -0.3658763090157564, "max_depth": 3.0, "num_boost_round": 13.0}, "datetime": {"datetime": "2024-01-19 01:29:44", "elapsed": 4685.739052, "delta": 0.005237}}
{"target": -13.758533089842286, "params": {"gamma": 939.5689228898017, "log10_alpha": -3.510800912775083, "log10_colsample_bytree": -1.0, "log10_eta": -4.0, "log10_lambda": -5.0, "log10_min_child_weight": 0.0, "log10_subsample": -0.05469664436052128, "max_depth": 7.0, "num_boost_round": 0.0}, "datetime": {"datetime": "2024-01-19 01:31:05", "elapsed": 4766.45375, "delta": 80.714698}}
{"target": -13.758534962037492, "params": {"gamma": 939.5689228898017, "log10_alpha": -3.510800912775083, "log10_colsample_bytree": -1.0, "log10_eta": -4.0, "log10_lambda": -5.0, "log10_min_child_weight": 0.0, "log10_subsample": -0.05469664436052128, "max_depth": 7.0, "num_boost_round": 1.0}, "datetime": {"datetime": "2024-01-19 01:31:05", "elapsed": 4766.460046, "delta": 0.006296}}
{"target": -13.758536120607625, "params": {"gamma": 939.5689228898017, "log10_alpha": -3.510800912775083, "log10_colsample_bytree": -1.0, "log10_eta": -4.0, "log10_lambda": -5.0, "log10_min_child_weight": 0.0, "log10_subsample": -0.05469664436052128, "max_depth": 7.0, "num_boost_round": 2.0}, "datetime": {"datetime": "2024-01-19 01:31:05", "elapsed": 4766.465339, "delta": 0.005293}}
{"target": -13.758532792049968, "params": {"gamma": 939.5689228898017, "log10_alpha": -3.510800912775083, "log10_colsample_bytree": -1.0, "log10_eta": -4.0, "log10_lambda": -5.0, "log10_min_child_weight": 0.0, "log10_subsample": -0.05469664436052128, "max_depth": 7.0, "num_boost_round": 3.0}, "datetime": {"datetime": "2024-01-19 01:31:05", "elapsed": 4766.470589, "delta": 0.00525}}
{"target": -13.758530498198411, "params": {"gamma": 939.5689228898017, "log10_alpha": -3.510800912775083, "log10_colsample_bytree": -1.0, "log10_eta": -4.0, "log10_lambda": -5.0, "log10_min_child_weight": 0.0, "log10_subsample": -0.05469664436052128, "max_depth": 7.0, "num_boost_round": 4.0}, "datetime": {"datetime": "2024-01-19 01:31:05", "elapsed": 4766.475765, "delta": 0.005176}}
{"target": -13.758530384416526, "params": {"gamma": 939.5689228898017, "log10_alpha": -3.510800912775083, "log10_colsample_bytree": -1.0, "log10_eta": -4.0, "log10_lambda": -5.0, "log10_min_child_weight": 0.0, "log10_subsample": -0.05469664436052128, "max_depth": 7.0, "num_boost_round": 5.0}, "datetime": {"datetime": "2024-01-19 01:31:05", "elapsed": 4766.481201, "delta": 0.005436}}
{"target": -13.758532091991153, "params": {"gamma": 939.5689228898017, "log10_alpha": -3.510800912775083, "log10_colsample_bytree": -1.0, "log10_eta": -4.0, "log10_lambda": -5.0, "log10_min_child_weight": 0.0, "log10_subsample": -0.05469664436052128, "max_depth": 7.0, "num_boost_round": 6.0}, "datetime": {"datetime": "2024-01-19 01:31:05", "elapsed": 4766.486386, "delta": 0.005185}}
{"target": -13.758531877682215, "params": {"gamma": 939.5689228898017, "log10_alpha": -3.510800912775083, "log10_colsample_bytree": -1.0, "log10_eta": -4.0, "log10_lambda": -5.0, "log10_min_child_weight": 0.0, "log10_subsample": -0.05469664436052128, "max_depth": 7.0, "num_boost_round": 7.0}, "datetime": {"datetime": "2024-01-19 01:31:05", "elapsed": 4766.491556, "delta": 0.00517}}
