{"target": -13.758525833183459, "params": {"gamma": 438.5559225749898, "log10_alpha": -0.6036083471235418, "log10_colsample_bytree": -0.34161224523001366, "log10_eta": -3.9614563978604878, "log10_lambda": -3.4654175895630925, "log10_min_child_weight": 4.273336126536585, "log10_subsample": -0.7038211915275651, "max_depth": 4.0, "num_boost_round": 21.0}, "datetime": {"datetime": "2024-01-19 00:29:34", "elapsed": 1078.012797, "delta": 0.002252}}
{"target": -13.758525395948112, "params": {"gamma": 438.5559225749898, "log10_alpha": -0.6036083471235418, "log10_colsample_bytree": -0.34161224523001366, "log10_eta": -3.9614563978604878, "log10_lambda": -3.4654175895630925, "log10_min_child_weight": 4.273336126536585, "log10_subsample": -0.7038211915275651, "max_depth": 4.0, "num_boost_round": 22.0}, "datetime": {"datetime": "2024-01-19 00:29:34", "elapsed": 1078.015091, "delta": 0.002294}}
{"target": -13.758524855249439, "params": {"gamma": 438.5559225749898, "log10_alpha": -0.6036083471235418, "log10_colsample_bytree": -0.34161224523001366, "log10_eta": -3.9614563978604878, "log10_lambda": -3.4654175895630925, "log10_min_child_weight": 4.273336126536585, "log10_subsample": -0.7038211915275651, "max_depth": 4.0, "num_boost_round": 23.0}, "datetime": {"datetime": "2024-01-19 00:29:34", "elapsed": 1078.017358, "delta": 0.002267}}
{"target": -13.758524320541964, "params": {"gamma": 438.5559225749898, "log10_alpha": -0.6036083471235418, "log10_colsample_bytree": -0.34161224523001366, "log10_eta": -3.9614563978604878, "log10_lambda": -3.4654175895630925, "log10_min_child_weight": 4.273336126536585, "log10_subsample": -0.7038211915275651, "max_depth": 4.0, "num_boost_round": 24.0}, "datetime": {"datetime": "2024-01-19 00:29:34", "elapsed": 1078.019624, "delta": 0.002266}}
{"target": -13.758523429901837, "params": {"gamma": 438.5559225749898, "log10_alpha": -0.6036083471235418, "log10_colsample_bytree": -0.34161224523001366, "log10_eta": -3.9614563978604878, "log10_lambda": -3.4654175895630925, "log10_min_child_weight": 4.273336126536585, "log10_subsample": -0.7038211915275651, "max_depth": 4.0, "num_boost_round": 25.0}, "datetime": {"datetime": "2024-01-19 00:29:34", "elapsed": 1078.021937, "delta": 0.002313}}
{"target": -13.75852369237593, "params": {"gamma": 438.5559225749898, "log10_alpha": -0.6036083471235418, "log10_colsample_bytree": -0.34161224523001366, "log10_eta": -3.9614563978604878, "log10_lambda": -3.4654175895630925, "log10_min_child_weight": 4.273336126536585, "log10_subsample": -0.7038211915275651, "max_depth": 4.0, "num_boost_round": 26.0}, "datetime": {"datetime": "2024-01-19 00:29:34", "elapsed": 1078.024202, "delta": 0.002265}}
{"target": -13.75852324296945, "params": {"gamma": 438.5559225749898, "log10_alpha": -0.6036083471235418, "log10_colsample_bytree": -0.34161224523001366, "log10_eta": -3.9614563978604878, "log10_lambda": -3.4654175895630925, "log10_min_child_weight": 4.273336126536585, "log10_subsample": -0.7038211915275651, "max_depth": 4.0, "num_boost_round": 27.0}, "datetime": {"datetime": "2024-01-19 00:29:34", "elapsed": 1078.026486, "delta": 0.002284}}
{"target": -13.75852228018596, "params": {"gamma": 438.5559225749898, "log10_alpha": -0.6036083471235418, "log10_colsample_bytree": -0.34161224523001366, "log10_eta": -3.9614563978604878, "log10_lambda": -3.4654175895630925, "log10_min_child_weight": 4.273336126536585, "log10_subsample": -0.7038211915275651, "max_depth": 4.0, "num_boost_round": 28.0}, "datetime": {"datetime": "2024-01-19 00:29:34", "elapsed": 1078.028767, "delta": 0.002281}}
{"target": -13.758522403165971, "params": {"gamma": 438.5559225749898, "log10_alpha": -0.6036083471235418, "log10_colsample_bytree": -0.34161224523001366, "log10_eta": -3.9614563978604878, "log10_lambda": -3.4654175895630925, "log10_min_child_weight": 4.273336126536585, "log10_subsample": -0.7038211915275651, "max_depth": 4.0, "num_boost_round": 29.0}, "datetime": {"datetime": "2024-01-19 00:29:34", "elapsed": 1078.031035, "delta": 0.002268}}
{"target": -13.758522857732405, "params": {"gamma": 438.5559225749898, "log10_alpha": -0.6036083471235418, "log10_colsample_bytree": -0.34161224523001366, "log10_eta": -3.9614563978604878, "log10_lambda": -3.4654175895630925, "log10_min_child_weight": 4.273336126536585, "log10_subsample": -0.7038211915275651, "max_depth": 4.0, "num_boost_round": 30.0}, "datetime": {"datetime": "2024-01-19 00:29:34", "elapsed": 1078.033295, "delta": 0.00226}}
{"target": -13.758522523968065, "params": {"gamma": 438.5559225749898, "log10_alpha": -0.6036083471235418, "log10_colsample_bytree": -0.34161224523001366, "log10_eta": -3.9614563978604878, "log10_lambda": -3.4654175895630925, "log10_min_child_weight": 4.273336126536585, "log10_subsample": -0.7038211915275651, "max_depth": 4.0, "num_boost_round": 31.0}, "datetime": {"datetime": "2024-01-19 00:29:34", "elapsed": 1078.035585, "delta": 0.00229}}
{"target": -13.758522281506991, "params": {"gamma": 438.5559225749898, "log10_alpha": -0.6036083471235418, "log10_colsample_bytree": -0.34161224523001366, "log10_eta": -3.9614563978604878, "log10_lambda": -3.4654175895630925, "log10_min_child_weight": 4.273336126536585, "log10_subsample": -0.7038211915275651, "max_depth": 4.0, "num_boost_round": 32.0}, "datetime": {"datetime": "2024-01-19 00:29:34", "elapsed": 1078.037868, "delta": 0.002283}}
{"target": -13.75852219391994, "params": {"gamma": 438.5559225749898, "log10_alpha": -0.6036083471235418, "log10_colsample_bytree": -0.34161224523001366, "log10_eta": -3.9614563978604878, "log10_lambda": -3.4654175895630925, "log10_min_child_weight": 4.273336126536585, "log10_subsample": -0.7038211915275651, "max_depth": 4.0, "num_boost_round": 33.0}, "datetime": {"datetime": "2024-01-19 00:29:34", "elapsed": 1078.040152, "delta": 0.002284}}
{"target": -13.758522463439245, "params": {"gamma": 438.5559225749898, "log10_alpha": -0.6036083471235418, "log10_colsample_bytree": -0.34161224523001366, "log10_eta": -3.9614563978604878, "log10_lambda": -3.4654175895630925, "log10_min_child_weight": 4.273336126536585, "log10_subsample": -0.7038211915275651, "max_depth": 4.0, "num_boost_round": 34.0}, "datetime": {"datetime": "2024-01-19 00:29:34", "elapsed": 1078.04248, "delta": 0.002328}}
{"target": -13.758522939556698, "params": {"gamma": 438.5559225749898, "log10_alpha": -0.6036083471235418, "log10_colsample_bytree": -0.34161224523001366, "log10_eta": -3.9614563978604878, "log10_lambda": -3.4654175895630925, "log10_min_child_weight": 4.273336126536585, "log10_subsample": -0.7038211915275651, "max_depth": 4.0, "num_boost_round": 35.0}, "datetime": {"datetime": "2024-01-19 00:29:34", "elapsed": 1078.044764, "delta": 0.002284}}
{"target": -13.758523423466936, "params": {"gamma": 438.5559225749898, "log10_alpha": -0.6036083471235418, "log10_colsample_bytree": -0.34161224523001366, "log10_eta": -3.9614563978604878, "log10_lambda": -3.4654175895630925, "log10_min_child_weight": 4.273336126536585, "log10_subsample": -0.7038211915275651, "max_depth": 4.0, "num_boost_round": 36.0}, "datetime": {"datetime": "2024-01-19 00:29:34", "elapsed": 1078.047066, "delta": 0.002302}}
{"target": -13.758523142386228, "params": {"gamma": 438.5559225749898, "log10_alpha": -0.6036083471235418, "log10_colsample_bytree": -0.34161224523001366, "log10_eta": -3.9614563978604878, "log10_lambda": -3.4654175895630925, "log10_min_child_weight": 4.273336126536585, "log10_subsample": -0.7038211915275651, "max_depth": 4.0, "num_boost_round": 37.0}, "datetime": {"datetime": "2024-01-19 00:29:34", "elapsed": 1078.049875, "delta": 0.002809}}
{"target": -13.758522972970725, "params": {"gamma": 438.5559225749898, "log10_alpha": -0.6036083471235418, "log10_colsample_bytree": -0.34161224523001366, "log10_eta": -3.9614563978604878, "log10_lambda": -3.4654175895630925, "log10_min_child_weight": 4.273336126536585, "log10_subsample": -0.7038211915275651, "max_depth": 4.0, "num_boost_round": 38.0}, "datetime": {"datetime": "2024-01-19 00:29:34", "elapsed": 1078.052228, "delta": 0.002353}}
{"target": -13.75852269851341, "params": {"gamma": 438.5559225749898, "log10_alpha": -0.6036083471235418, "log10_colsample_bytree": -0.34161224523001366, "log10_eta": -3.9614563978604878, "log10_lambda": -3.4654175895630925, "log10_min_child_weight": 4.273336126536585, "log10_subsample": -0.7038211915275651, "max_depth": 4.0, "num_boost_round": 39.0}, "datetime": {"datetime": "2024-01-19 00:29:34", "elapsed": 1078.054566, "delta": 0.002338}}
{"target": -13.758523285289371, "params": {"gamma": 438.5559225749898, "log10_alpha": -0.6036083471235418, "log10_colsample_bytree": -0.34161224523001366, "log10_eta": -3.9614563978604878, "log10_lambda": -3.4654175895630925, "log10_min_child_weight": 4.273336126536585, "log10_subsample": -0.7038211915275651, "max_depth": 4.0, "num_boost_round": 40.0}, "datetime": {"datetime": "2024-01-19 00:29:34", "elapsed": 1078.056963, "delta": 0.002397}}
{"target": -13.758522884484162, "params": {"gamma": 438.5559225749898, "log10_alpha": -0.6036083471235418, "log10_colsample_bytree": -0.34161224523001366, "log10_eta": -3.9614563978604878, "log10_lambda": -3.4654175895630925, "log10_min_child_weight": 4.273336126536585, "log10_subsample": -0.7038211915275651, "max_depth": 4.0, "num_boost_round": 41.0}, "datetime": {"datetime": "2024-01-19 00:29:34", "elapsed": 1078.059232, "delta": 0.002269}}
{"target": -13.758522564298657, "params": {"gamma": 438.5559225749898, "log10_alpha": -0.6036083471235418, "log10_colsample_bytree": -0.34161224523001366, "log10_eta": -3.9614563978604878, "log10_lambda": -3.4654175895630925, "log10_min_child_weight": 4.273336126536585, "log10_subsample": -0.7038211915275651, "max_depth": 4.0, "num_boost_round": 42.0}, "datetime": {"datetime": "2024-01-19 00:29:34", "elapsed": 1078.061487, "delta": 0.002255}}
{"target": -13.758522961556771, "params": {"gamma": 438.5559225749898, "log10_alpha": -0.6036083471235418, "log10_colsample_bytree": -0.34161224523001366, "log10_eta": -3.9614563978604878, "log10_lambda": -3.4654175895630925, "log10_min_child_weight": 4.273336126536585, "log10_subsample": -0.7038211915275651, "max_depth": 4.0, "num_boost_round": 43.0}, "datetime": {"datetime": "2024-01-19 00:29:34", "elapsed": 1078.063776, "delta": 0.002289}}
{"target": -13.75852277850692, "params": {"gamma": 438.5559225749898, "log10_alpha": -0.6036083471235418, "log10_colsample_bytree": -0.34161224523001366, "log10_eta": -3.9614563978604878, "log10_lambda": -3.4654175895630925, "log10_min_child_weight": 4.273336126536585, "log10_subsample": -0.7038211915275651, "max_depth": 4.0, "num_boost_round": 44.0}, "datetime": {"datetime": "2024-01-19 00:29:34", "elapsed": 1078.066105, "delta": 0.002329}}
{"target": -13.758522392953822, "params": {"gamma": 438.5559225749898, "log10_alpha": -0.6036083471235418, "log10_colsample_bytree": -0.34161224523001366, "log10_eta": -3.9614563978604878, "log10_lambda": -3.4654175895630925, "log10_min_child_weight": 4.273336126536585, "log10_subsample": -0.7038211915275651, "max_depth": 4.0, "num_boost_round": 45.0}, "datetime": {"datetime": "2024-01-19 00:29:34", "elapsed": 1078.06844, "delta": 0.002335}}
{"target": -13.758521877044506, "params": {"gamma": 438.5559225749898, "log10_alpha": -0.6036083471235418, "log10_colsample_bytree": -0.34161224523001366, "log10_eta": -3.9614563978604878, "log10_lambda": -3.4654175895630925, "log10_min_child_weight": 4.273336126536585, "log10_subsample": -0.7038211915275651, "max_depth": 4.0, "num_boost_round": 46.0}, "datetime": {"datetime": "2024-01-19 00:29:34", "elapsed": 1078.070763, "delta": 0.002323}}
{"target": -13.758521758789593, "params": {"gamma": 438.5559225749898, "log10_alpha": -0.6036083471235418, "log10_colsample_bytree": -0.34161224523001366, "log10_eta": -3.9614563978604878, "log10_lambda": -3.4654175895630925, "log10_min_child_weight": 4.273336126536585, "log10_subsample": -0.7038211915275651, "max_depth": 4.0, "num_boost_round": 47.0}, "datetime": {"datetime": "2024-01-19 00:29:34", "elapsed": 1078.07306, "delta": 0.002297}}
{"target": -13.758520991454432, "params": {"gamma": 438.5559225749898, "log10_alpha": -0.6036083471235418, "log10_colsample_bytree": -0.34161224523001366, "log10_eta": -3.9614563978604878, "log10_lambda": -3.4654175895630925, "log10_min_child_weight": 4.273336126536585, "log10_subsample": -0.7038211915275651, "max_depth": 4.0, "num_boost_round": 48.0}, "datetime": {"datetime": "2024-01-19 00:29:34", "elapsed": 1078.075342, "delta": 0.002282}}
{"target": -13.758520610965062, "params": {"gamma": 438.5559225749898, "log10_alpha": -0.6036083471235418, "log10_colsample_bytree": -0.34161224523001366, "log10_eta": -3.9614563978604878, "log10_lambda": -3.4654175895630925, "log10_min_child_weight": 4.273336126536585, "log10_subsample": -0.7038211915275651, "max_depth": 4.0, "num_boost_round": 49.0}, "datetime": {"datetime": "2024-01-19 00:29:34", "elapsed": 1078.077692, "delta": 0.00235}}
{"target": -13.758520685968014, "params": {"gamma": 438.5559225749898, "log10_alpha": -0.6036083471235418, "log10_colsample_bytree": -0.34161224523001366, "log10_eta": -3.9614563978604878, "log10_lambda": -3.4654175895630925, "log10_min_child_weight": 4.273336126536585, "log10_subsample": -0.7038211915275651, "max_depth": 4.0, "num_boost_round": 50.0}, "datetime": {"datetime": "2024-01-19 00:29:34", "elapsed": 1078.080001, "delta": 0.002309}}
{"target": -13.758520786748903, "params": {"gamma": 438.5559225749898, "log10_alpha": -0.6036083471235418, "log10_colsample_bytree": -0.34161224523001366, "log10_eta": -3.9614563978604878, "log10_lambda": -3.4654175895630925, "log10_min_child_weight": 4.273336126536585, "log10_subsample": -0.7038211915275651, "max_depth": 4.0, "num_boost_round": 51.0}, "datetime": {"datetime": "2024-01-19 00:29:34", "elapsed": 1078.082305, "delta": 0.002304}}
{"target": -13.758521484041085, "params": {"gamma": 438.5559225749898, "log10_alpha": -0.6036083471235418, "log10_colsample_bytree": -0.34161224523001366, "log10_eta": -3.9614563978604878, "log10_lambda": -3.4654175895630925, "log10_min_child_weight": 4.273336126536585, "log10_subsample": -0.7038211915275651, "max_depth": 4.0, "num_boost_round": 52.0}, "datetime": {"datetime": "2024-01-19 00:29:34", "elapsed": 1078.084624, "delta": 0.002319}}
{"target": -13.758521248083087, "params": {"gamma": 438.5559225749898, "log10_alpha": -0.6036083471235418, "log10_colsample_bytree": -0.34161224523001366, "log10_eta": -3.9614563978604878, "log10_lambda": -3.4654175895630925, "log10_min_child_weight": 4.273336126536585, "log10_subsample": -0.7038211915275651, "max_depth": 4.0, "num_boost_round": 53.0}, "datetime": {"datetime": "2024-01-19 00:29:34", "elapsed": 1078.086928, "delta": 0.002304}}
{"target": -13.758520684033728, "params": {"gamma": 438.5559225749898, "log10_alpha": -0.6036083471235418, "log10_colsample_bytree": -0.34161224523001366, "log10_eta": -3.9614563978604878, "log10_lambda": -3.4654175895630925, "log10_min_child_weight": 4.273336126536585, "log10_subsample": -0.7038211915275651, "max_depth": 4.0, "num_boost_round": 54.0}, "datetime": {"datetime": "2024-01-19 00:29:34", "elapsed": 1078.089246, "delta": 0.002318}}
{"target": -13.758520339693087, "params": {"gamma": 438.5559225749898, "log10_alpha": -0.6036083471235418, "log10_colsample_bytree": -0.34161224523001366, "log10_eta": -3.9614563978604878, "log10_lambda": -3.4654175895630925, "log10_min_child_weight": 4.273336126536585, "log10_subsample": -0.7038211915275651, "max_depth": 4.0, "num_boost_round": 55.0}, "datetime": {"datetime": "2024-01-19 00:29:34", "elapsed": 1078.091576, "delta": 0.00233}}
{"target": -13.75852061681859, "params": {"gamma": 438.5559225749898, "log10_alpha": -0.6036083471235418, "log10_colsample_bytree": -0.34161224523001366, "log10_eta": -3.9614563978604878, "log10_lambda": -3.4654175895630925, "log10_min_child_weight": 4.273336126536585, "log10_subsample": -0.7038211915275651, "max_depth": 4.0, "num_boost_round": 56.0}, "datetime": {"datetime": "2024-01-19 00:29:34", "elapsed": 1078.093888, "delta": 0.002312}}
{"target": -13.758520198919303, "params": {"gamma": 438.5559225749898, "log10_alpha": -0.6036083471235418, "log10_colsample_bytree": -0.34161224523001366, "log10_eta": -3.9614563978604878, "log10_lambda": -3.4654175895630925, "log10_min_child_weight": 4.273336126536585, "log10_subsample": -0.7038211915275651, "max_depth": 4.0, "num_boost_round": 57.0}, "datetime": {"datetime": "2024-01-19 00:29:34", "elapsed": 1078.096204, "delta": 0.002316}}
{"target": -13.758519610999674, "params": {"gamma": 438.5559225749898, "log10_alpha": -0.6036083471235418, "log10_colsample_bytree": -0.34161224523001366, "log10_eta": -3.9614563978604878, "log10_lambda": -3.4654175895630925, "log10_min_child_weight": 4.273336126536585, "log10_subsample": -0.7038211915275651, "max_depth": 4.0, "num_boost_round": 58.0}, "datetime": {"datetime": "2024-01-19 00:29:34", "elapsed": 1078.098569, "delta": 0.002365}}
{"target": -13.75851970972694, "params": {"gamma": 438.5559225749898, "log10_alpha": -0.6036083471235418, "log10_colsample_bytree": -0.34161224523001366, "log10_eta": -3.9614563978604878, "log10_lambda": -3.4654175895630925, "log10_min_child_weight": 4.273336126536585, "log10_subsample": -0.7038211915275651, "max_depth": 4.0, "num_boost_round": 59.0}, "datetime": {"datetime": "2024-01-19 00:29:34", "elapsed": 1078.100875, "delta": 0.002306}}
{"target": -13.75852002571133, "params": {"gamma": 438.5559225749898, "log10_alpha": -0.6036083471235418, "log10_colsample_bytree": -0.34161224523001366, "log10_eta": -3.9614563978604878, "log10_lambda": -3.4654175895630925, "log10_min_child_weight": 4.273336126536585, "log10_subsample": -0.7038211915275651, "max_depth": 4.0, "num_boost_round": 60.0}, "datetime": {"datetime": "2024-01-19 00:29:34", "elapsed": 1078.103224, "delta": 0.002349}}
{"target": -13.758519538002211, "params": {"gamma": 438.5559225749898, "log10_alpha": -0.6036083471235418, "log10_colsample_bytree": -0.34161224523001366, "log10_eta": -3.9614563978604878, "log10_lambda": -3.4654175895630925, "log10_min_child_weight": 4.273336126536585, "log10_subsample": -0.7038211915275651, "max_depth": 4.0, "num_boost_round": 61.0}, "datetime": {"datetime": "2024-01-19 00:29:34", "elapsed": 1078.105568, "delta": 0.002344}}
{"target": -13.758519863974836, "params": {"gamma": 438.5559225749898, "log10_alpha": -0.6036083471235418, "log10_colsample_bytree": -0.34161224523001366, "log10_eta": -3.9614563978604878, "log10_lambda": -3.4654175895630925, "log10_min_child_weight": 4.273336126536585, "log10_subsample": -0.7038211915275651, "max_depth": 4.0, "num_boost_round": 62.0}, "datetime": {"datetime": "2024-01-19 00:29:34", "elapsed": 1078.107903, "delta": 0.002335}}
{"target": -13.758519480020034, "params": {"gamma": 438.5559225749898, "log10_alpha": -0.6036083471235418, "log10_colsample_bytree": -0.34161224523001366, "log10_eta": -3.9614563978604878, "log10_lambda": -3.4654175895630925, "log10_min_child_weight": 4.273336126536585, "log10_subsample": -0.7038211915275651, "max_depth": 4.0, "num_boost_round": 63.0}, "datetime": {"datetime": "2024-01-19 00:29:34", "elapsed": 1078.110216, "delta": 0.002313}}
{"target": -13.758518993779278, "params": {"gamma": 438.5559225749898, "log10_alpha": -0.6036083471235418, "log10_colsample_bytree": -0.34161224523001366, "log10_eta": -3.9614563978604878, "log10_lambda": -3.4654175895630925, "log10_min_child_weight": 4.273336126536585, "log10_subsample": -0.7038211915275651, "max_depth": 4.0, "num_boost_round": 64.0}, "datetime": {"datetime": "2024-01-19 00:29:34", "elapsed": 1078.112553, "delta": 0.002337}}
{"target": -13.758519390211754, "params": {"gamma": 438.5559225749898, "log10_alpha": -0.6036083471235418, "log10_colsample_bytree": -0.34161224523001366, "log10_eta": -3.9614563978604878, "log10_lambda": -3.4654175895630925, "log10_min_child_weight": 4.273336126536585, "log10_subsample": -0.7038211915275651, "max_depth": 4.0, "num_boost_round": 65.0}, "datetime": {"datetime": "2024-01-19 00:29:34", "elapsed": 1078.114867, "delta": 0.002314}}
{"target": -13.758519827705836, "params": {"gamma": 438.5559225749898, "log10_alpha": -0.6036083471235418, "log10_colsample_bytree": -0.34161224523001366, "log10_eta": -3.9614563978604878, "log10_lambda": -3.4654175895630925, "log10_min_child_weight": 4.273336126536585, "log10_subsample": -0.7038211915275651, "max_depth": 4.0, "num_boost_round": 66.0}, "datetime": {"datetime": "2024-01-19 00:29:34", "elapsed": 1078.117167, "delta": 0.0023}}
{"target": -13.758519301140405, "params": {"gamma": 438.5559225749898, "log10_alpha": -0.6036083471235418, "log10_colsample_bytree": -0.34161224523001366, "log10_eta": -3.9614563978604878, "log10_lambda": -3.4654175895630925, "log10_min_child_weight": 4.273336126536585, "log10_subsample": -0.7038211915275651, "max_depth": 4.0, "num_boost_round": 67.0}, "datetime": {"datetime": "2024-01-19 00:29:34", "elapsed": 1078.120102, "delta": 0.002935}}
{"target": -13.758538144607497, "params": {"gamma": 454.48378771180387, "log10_alpha": -0.9370232704909816, "log10_colsample_bytree": -0.887646519761307, "log10_eta": -3.7719293512824525, "log10_lambda": 0.4794890556623468, "log10_min_child_weight": 4.769458113467794, "log10_subsample": -0.2828257342819862, "max_depth": 6.0, "num_boost_round": 0.0}, "datetime": {"datetime": "2024-01-19 00:30:04", "elapsed": 1108.645241, "delta": 30.525139}}
{"target": -13.758537512580107, "params": {"gamma": 454.48378771180387, "log10_alpha": -0.9370232704909816, "log10_colsample_bytree": -0.887646519761307, "log10_eta": -3.7719293512824525, "log10_lambda": 0.4794890556623468, "log10_min_child_weight": 4.769458113467794, "log10_subsample": -0.2828257342819862, "max_depth": 6.0, "num_boost_round": 1.0}, "datetime": {"datetime": "2024-01-19 00:30:04", "elapsed": 1108.648341, "delta": 0.0031}}
