{"target": -17.677219179711727, "params": {"gamma": 13.22907722395572, "log10_alpha": -3.8909347324734247, "log10_colsample_bytree": -0.5277549348788613, "log10_eta": -3.3669011879294466, "log10_lambda": -0.061993707533473774, "log10_min_child_weight": 0.31689418065452724, "log10_subsample": -0.4793512980421556, "max_depth": 9.0, "num_boost_round": 0.0}, "datetime": {"datetime": "2024-01-19 00:37:23", "elapsed": 1596.982367, "delta": 49.01246}}
{"target": -17.677200059207472, "params": {"gamma": 13.22907722395572, "log10_alpha": -3.8909347324734247, "log10_colsample_bytree": -0.5277549348788613, "log10_eta": -3.3669011879294466, "log10_lambda": -0.061993707533473774, "log10_min_child_weight": 0.31689418065452724, "log10_subsample": -0.4793512980421556, "max_depth": 9.0, "num_boost_round": 1.0}, "datetime": {"datetime": "2024-01-19 00:37:23", "elapsed": 1596.984818, "delta": 0.002451}}
{"target": -17.677182463127874, "params": {"gamma": 13.22907722395572, "log10_alpha": -3.8909347324734247, "log10_colsample_bytree": -0.5277549348788613, "log10_eta": -3.3669011879294466, "log10_lambda": -0.061993707533473774, "log10_min_child_weight": 0.31689418065452724, "log10_subsample": -0.4793512980421556, "max_depth": 9.0, "num_boost_round": 2.0}, "datetime": {"datetime": "2024-01-19 00:37:23", "elapsed": 1596.986816, "delta": 0.001998}}
{"target": -17.677167053935943, "params": {"gamma": 13.22907722395572, "log10_alpha": -3.8909347324734247, "log10_colsample_bytree": -0.5277549348788613, "log10_eta": -3.3669011879294466, "log10_lambda": -0.061993707533473774, "log10_min_child_weight": 0.31689418065452724, "log10_subsample": -0.4793512980421556, "max_depth": 9.0, "num_boost_round": 3.0}, "datetime": {"datetime": "2024-01-19 00:37:23", "elapsed": 1596.988567, "delta": 0.001751}}
{"target": -17.677137821184477, "params": {"gamma": 13.22907722395572, "log10_alpha": -3.8909347324734247, "log10_colsample_bytree": -0.5277549348788613, "log10_eta": -3.3669011879294466, "log10_lambda": -0.061993707533473774, "log10_min_child_weight": 0.31689418065452724, "log10_subsample": -0.4793512980421556, "max_depth": 9.0, "num_boost_round": 4.0}, "datetime": {"datetime": "2024-01-19 00:37:23", "elapsed": 1596.99045, "delta": 0.001883}}
{"target": -17.677098338894044, "params": {"gamma": 13.22907722395572, "log10_alpha": -3.8909347324734247, "log10_colsample_bytree": -0.5277549348788613, "log10_eta": -3.3669011879294466, "log10_lambda": -0.061993707533473774, "log10_min_child_weight": 0.31689418065452724, "log10_subsample": -0.4793512980421556, "max_depth": 9.0, "num_boost_round": 5.0}, "datetime": {"datetime": "2024-01-19 00:37:23", "elapsed": 1596.99229, "delta": 0.00184}}
{"target": -17.677087136947236, "params": {"gamma": 13.22907722395572, "log10_alpha": -3.8909347324734247, "log10_colsample_bytree": -0.5277549348788613, "log10_eta": -3.3669011879294466, "log10_lambda": -0.061993707533473774, "log10_min_child_weight": 0.31689418065452724, "log10_subsample": -0.4793512980421556, "max_depth": 9.0, "num_boost_round": 6.0}, "datetime": {"datetime": "2024-01-19 00:37:23", "elapsed": 1596.994077, "delta": 0.001787}}
{"target": -17.677092211936326, "params": {"gamma": 13.22907722395572, "log10_alpha": -3.8909347324734247, "log10_colsample_bytree": -0.5277549348788613, "log10_eta": -3.3669011879294466, "log10_lambda": -0.061993707533473774, "log10_min_child_weight": 0.31689418065452724, "log10_subsample": -0.4793512980421556, "max_depth": 9.0, "num_boost_round": 7.0}, "datetime": {"datetime": "2024-01-19 00:37:23", "elapsed": 1596.995925, "delta": 0.001848}}
{"target": -17.677082199627904, "params": {"gamma": 13.22907722395572, "log10_alpha": -3.8909347324734247, "log10_colsample_bytree": -0.5277549348788613, "log10_eta": -3.3669011879294466, "log10_lambda": -0.061993707533473774, "log10_min_child_weight": 0.31689418065452724, "log10_subsample": -0.4793512980421556, "max_depth": 9.0, "num_boost_round": 8.0}, "datetime": {"datetime": "2024-01-19 00:37:23", "elapsed": 1596.997701, "delta": 0.001776}}
{"target": -17.67705875724452, "params": {"gamma": 13.22907722395572, "log10_alpha": -3.8909347324734247, "log10_colsample_bytree": -0.5277549348788613, "log10_eta": -3.3669011879294466, "log10_lambda": -0.061993707533473774, "log10_min_child_weight": 0.31689418065452724, "log10_subsample": -0.4793512980421556, "max_depth": 9.0, "num_boost_round": 9.0}, "datetime": {"datetime": "2024-01-19 00:37:23", "elapsed": 1596.999471, "delta": 0.00177}}
{"target": -17.67701620678576, "params": {"gamma": 13.22907722395572, "log10_alpha": -3.8909347324734247, "log10_colsample_bytree": -0.5277549348788613, "log10_eta": -3.3669011879294466, "log10_lambda": -0.061993707533473774, "log10_min_child_weight": 0.31689418065452724, "log10_subsample": -0.4793512980421556, "max_depth": 9.0, "num_boost_round": 10.0}, "datetime": {"datetime": "2024-01-19 00:37:23", "elapsed": 1597.001257, "delta": 0.001786}}
{"target": -17.67697322046283, "params": {"gamma": 13.22907722395572, "log10_alpha": -3.8909347324734247, "log10_colsample_bytree": -0.5277549348788613, "log10_eta": -3.3669011879294466, "log10_lambda": -0.061993707533473774, "log10_min_child_weight": 0.31689418065452724, "log10_subsample": -0.4793512980421556, "max_depth": 9.0, "num_boost_round": 11.0}, "datetime": {"datetime": "2024-01-19 00:37:23", "elapsed": 1597.003678, "delta": 0.002421}}
{"target": -17.67695174965469, "params": {"gamma": 13.22907722395572, "log10_alpha": -3.8909347324734247, "log10_colsample_bytree": -0.5277549348788613, "log10_eta": -3.3669011879294466, "log10_lambda": -0.061993707533473774, "log10_min_child_weight": 0.31689418065452724, "log10_subsample": -0.4793512980421556, "max_depth": 9.0, "num_boost_round": 12.0}, "datetime": {"datetime": "2024-01-19 00:37:23", "elapsed": 1597.005758, "delta": 0.00208}}
{"target": -17.676948280811434, "params": {"gamma": 13.22907722395572, "log10_alpha": -3.8909347324734247, "log10_colsample_bytree": -0.5277549348788613, "log10_eta": -3.3669011879294466, "log10_lambda": -0.061993707533473774, "log10_min_child_weight": 0.31689418065452724, "log10_subsample": -0.4793512980421556, "max_depth": 9.0, "num_boost_round": 13.0}, "datetime": {"datetime": "2024-01-19 00:37:23", "elapsed": 1597.007982, "delta": 0.002224}}
{"target": -17.676945905617686, "params": {"gamma": 13.22907722395572, "log10_alpha": -3.8909347324734247, "log10_colsample_bytree": -0.5277549348788613, "log10_eta": -3.3669011879294466, "log10_lambda": -0.061993707533473774, "log10_min_child_weight": 0.31689418065452724, "log10_subsample": -0.4793512980421556, "max_depth": 9.0, "num_boost_round": 14.0}, "datetime": {"datetime": "2024-01-19 00:37:23", "elapsed": 1597.009775, "delta": 0.001793}}
{"target": -17.67690272922759, "params": {"gamma": 13.22907722395572, "log10_alpha": -3.8909347324734247, "log10_colsample_bytree": -0.5277549348788613, "log10_eta": -3.3669011879294466, "log10_lambda": -0.061993707533473774, "log10_min_child_weight": 0.31689418065452724, "log10_subsample": -0.4793512980421556, "max_depth": 9.0, "num_boost_round": 15.0}, "datetime": {"datetime": "2024-01-19 00:37:23", "elapsed": 1597.011597, "delta": 0.001822}}
{"target": -17.67690646776744, "params": {"gamma": 13.22907722395572, "log10_alpha": -3.8909347324734247, "log10_colsample_bytree": -0.5277549348788613, "log10_eta": -3.3669011879294466, "log10_lambda": -0.061993707533473774, "log10_min_child_weight": 0.31689418065452724, "log10_subsample": -0.4793512980421556, "max_depth": 9.0, "num_boost_round": 16.0}, "datetime": {"datetime": "2024-01-19 00:37:23", "elapsed": 1597.013363, "delta": 0.001766}}
{"target": -17.67690541765386, "params": {"gamma": 13.22907722395572, "log10_alpha": -3.8909347324734247, "log10_colsample_bytree": -0.5277549348788613, "log10_eta": -3.3669011879294466, "log10_lambda": -0.061993707533473774, "log10_min_child_weight": 0.31689418065452724, "log10_subsample": -0.4793512980421556, "max_depth": 9.0, "num_boost_round": 17.0}, "datetime": {"datetime": "2024-01-19 00:37:23", "elapsed": 1597.015178, "delta": 0.001815}}
{"target": -17.676929299818394, "params": {"gamma": 13.22907722395572, "log10_alpha": -3.8909347324734247, "log10_colsample_bytree": -0.5277549348788613, "log10_eta": -3.3669011879294466, "log10_lambda": -0.061993707533473774, "log10_min_child_weight": 0.31689418065452724, "log10_subsample": -0.4793512980421556, "max_depth": 9.0, "num_boost_round": 18.0}, "datetime": {"datetime": "2024-01-19 00:37:23", "elapsed": 1597.017206, "delta": 0.002028}}
{"target": -17.67689105933997, "params": {"gamma": 13.22907722395572, "log10_alpha": -3.8909347324734247, "log10_colsample_bytree": -0.5277549348788613, "log10_eta": -3.3669011879294466, "log10_lambda": -0.061993707533473774, "log10_min_child_weight": 0.31689418065452724, "log10_subsample": -0.4793512980421556, "max_depth": 9.0, "num_boost_round": 19.0}, "datetime": {"datetime": "2024-01-19 00:37:23", "elapsed": 1597.019088, "delta": 0.001882}}
{"target": -17.67686066645078, "params": {"gamma": 13.22907722395572, "log10_alpha": -3.8909347324734247, "log10_colsample_bytree": -0.5277549348788613, "log10_eta": -3.3669011879294466, "log10_lambda": -0.061993707533473774, "log10_min_child_weight": 0.31689418065452724, "log10_subsample": -0.4793512980421556, "max_depth": 9.0, "num_boost_round": 20.0}, "datetime": {"datetime": "2024-01-19 00:37:23", "elapsed": 1597.021053, "delta": 0.001965}}
{"target": -17.676862479546116, "params": {"gamma": 13.22907722395572, "log10_alpha": -3.8909347324734247, "log10_colsample_bytree": -0.5277549348788613, "log10_eta": -3.3669011879294466, "log10_lambda": -0.061993707533473774, "log10_min_child_weight": 0.31689418065452724, "log10_subsample": -0.4793512980421556, "max_depth": 9.0, "num_boost_round": 21.0}, "datetime": {"datetime": "2024-01-19 00:37:23", "elapsed": 1597.022887, "delta": 0.001834}}
{"target": -17.67680092102212, "params": {"gamma": 13.22907722395572, "log10_alpha": -3.8909347324734247, "log10_colsample_bytree": -0.5277549348788613, "log10_eta": -3.3669011879294466, "log10_lambda": -0.061993707533473774, "log10_min_child_weight": 0.31689418065452724, "log10_subsample": -0.4793512980421556, "max_depth": 9.0, "num_boost_round": 22.0}, "datetime": {"datetime": "2024-01-19 00:37:23", "elapsed": 1597.024697, "delta": 0.00181}}
{"target": -17.67677009317683, "params": {"gamma": 13.22907722395572, "log10_alpha": -3.8909347324734247, "log10_colsample_bytree": -0.5277549348788613, "log10_eta": -3.3669011879294466, "log10_lambda": -0.061993707533473774, "log10_min_child_weight": 0.31689418065452724, "log10_subsample": -0.4793512980421556, "max_depth": 9.0, "num_boost_round": 23.0}, "datetime": {"datetime": "2024-01-19 00:37:23", "elapsed": 1597.026532, "delta": 0.001835}}
{"target": -17.67677328734602, "params": {"gamma": 13.22907722395572, "log10_alpha": -3.8909347324734247, "log10_colsample_bytree": -0.5277549348788613, "log10_eta": -3.3669011879294466, "log10_lambda": -0.061993707533473774, "log10_min_child_weight": 0.31689418065452724, "log10_subsample": -0.4793512980421556, "max_depth": 9.0, "num_boost_round": 24.0}, "datetime": {"datetime": "2024-01-19 00:37:23", "elapsed": 1597.028415, "delta": 0.001883}}
{"target": -17.676726059580663, "params": {"gamma": 13.22907722395572, "log10_alpha": -3.8909347324734247, "log10_colsample_bytree": -0.5277549348788613, "log10_eta": -3.3669011879294466, "log10_lambda": -0.061993707533473774, "log10_min_child_weight": 0.31689418065452724, "log10_subsample": -0.4793512980421556, "max_depth": 9.0, "num_boost_round": 25.0}, "datetime": {"datetime": "2024-01-19 00:37:23", "elapsed": 1597.030306, "delta": 0.001891}}
{"target": -17.676694020233157, "params": {"gamma": 13.22907722395572, "log10_alpha": -3.8909347324734247, "log10_colsample_bytree": -0.5277549348788613, "log10_eta": -3.3669011879294466, "log10_lambda": -0.061993707533473774, "log10_min_child_weight": 0.31689418065452724, "log10_subsample": -0.4793512980421556, "max_depth": 9.0, "num_boost_round": 26.0}, "datetime": {"datetime": "2024-01-19 00:37:23", "elapsed": 1597.032189, "delta": 0.001883}}
{"target": -17.67671325872129, "params": {"gamma": 13.22907722395572, "log10_alpha": -3.8909347324734247, "log10_colsample_bytree": -0.5277549348788613, "log10_eta": -3.3669011879294466, "log10_lambda": -0.061993707533473774, "log10_min_child_weight": 0.31689418065452724, "log10_subsample": -0.4793512980421556, "max_depth": 9.0, "num_boost_round": 27.0}, "datetime": {"datetime": "2024-01-19 00:37:23", "elapsed": 1597.034064, "delta": 0.001875}}
{"target": -17.676730689239434, "params": {"gamma": 13.22907722395572, "log10_alpha": -3.8909347324734247, "log10_colsample_bytree": -0.5277549348788613, "log10_eta": -3.3669011879294466, "log10_lambda": -0.061993707533473774, "log10_min_child_weight": 0.31689418065452724, "log10_subsample": -0.4793512980421556, "max_depth": 9.0, "num_boost_round": 28.0}, "datetime": {"datetime": "2024-01-19 00:37:23", "elapsed": 1597.035952, "delta": 0.001888}}
{"target": -17.67668560447939, "params": {"gamma": 13.22907722395572, "log10_alpha": -3.8909347324734247, "log10_colsample_bytree": -0.5277549348788613, "log10_eta": -3.3669011879294466, "log10_lambda": -0.061993707533473774, "log10_min_child_weight": 0.31689418065452724, "log10_subsample": -0.4793512980421556, "max_depth": 9.0, "num_boost_round": 29.0}, "datetime": {"datetime": "2024-01-19 00:37:23", "elapsed": 1597.037747, "delta": 0.001795}}
{"target": -17.676690727772915, "params": {"gamma": 13.22907722395572, "log10_alpha": -3.8909347324734247, "log10_colsample_bytree": -0.5277549348788613, "log10_eta": -3.3669011879294466, "log10_lambda": -0.061993707533473774, "log10_min_child_weight": 0.31689418065452724, "log10_subsample": -0.4793512980421556, "max_depth": 9.0, "num_boost_round": 30.0}, "datetime": {"datetime": "2024-01-19 00:37:23", "elapsed": 1597.039614, "delta": 0.001867}}
{"target": -17.677222058257264, "params": {"gamma": 20.377888877180062, "log10_alpha": -0.36277545205232276, "log10_colsample_bytree": -0.45358708463827313, "log10_eta": -3.770845506940943, "log10_lambda": 0.7184923513826877, "log10_min_child_weight": 0.28466289467501515, "log10_subsample": -0.7852708001915795, "max_depth": 3.0, "num_boost_round": 0.0}, "datetime": {"datetime": "2024-01-19 00:38:02", "elapsed": 1636.463098, "delta": 39.423484}}
{"target": -17.67721420753673, "params": {"gamma": 20.377888877180062, "log10_alpha": -0.36277545205232276, "log10_colsample_bytree": -0.45358708463827313, "log10_eta": -3.770845506940943, "log10_lambda": 0.7184923513826877, "log10_min_child_weight": 0.28466289467501515, "log10_subsample": -0.7852708001915795, "max_depth": 3.0, "num_boost_round": 1.0}, "datetime": {"datetime": "2024-01-19 00:38:02", "elapsed": 1636.4659, "delta": 0.002802}}
{"target": -17.67720766333023, "params": {"gamma": 20.377888877180062, "log10_alpha": -0.36277545205232276, "log10_colsample_bytree": -0.45358708463827313, "log10_eta": -3.770845506940943, "log10_lambda": 0.7184923513826877, "log10_min_child_weight": 0.28466289467501515, "log10_subsample": -0.7852708001915795, "max_depth": 3.0, "num_boost_round": 2.0}, "datetime": {"datetime": "2024-01-19 00:38:02", "elapsed": 1636.468206, "delta": 0.002306}}
{"target": -17.67720502919646, "params": {"gamma": 20.377888877180062, "log10_alpha": -0.36277545205232276, "log10_colsample_bytree": -0.45358708463827313, "log10_eta": -3.770845506940943, "log10_lambda": 0.7184923513826877, "log10_min_child_weight": 0.28466289467501515, "log10_subsample": -0.7852708001915795, "max_depth": 3.0, "num_boost_round": 3.0}, "datetime": {"datetime": "2024-01-19 00:38:02", "elapsed": 1636.470534, "delta": 0.002328}}
{"target": -17.6771984384413, "params": {"gamma": 20.377888877180062, "log10_alpha": -0.36277545205232276, "log10_colsample_bytree": -0.45358708463827313, "log10_eta": -3.770845506940943, "log10_lambda": 0.7184923513826877, "log10_min_child_weight": 0.28466289467501515, "log10_subsample": -0.7852708001915795, "max_depth": 3.0, "num_boost_round": 4.0}, "datetime": {"datetime": "2024-01-19 00:38:02", "elapsed": 1636.472586, "delta": 0.002052}}
{"target": -17.677190914720505, "params": {"gamma": 20.377888877180062, "log10_alpha": -0.36277545205232276, "log10_colsample_bytree": -0.45358708463827313, "log10_eta": -3.770845506940943, "log10_lambda": 0.7184923513826877, "log10_min_child_weight": 0.28466289467501515, "log10_subsample": -0.7852708001915795, "max_depth": 3.0, "num_boost_round": 5.0}, "datetime": {"datetime": "2024-01-19 00:38:02", "elapsed": 1636.474507, "delta": 0.001921}}
{"target": -17.677187242579045, "params": {"gamma": 20.377888877180062, "log10_alpha": -0.36277545205232276, "log10_colsample_bytree": -0.45358708463827313, "log10_eta": -3.770845506940943, "log10_lambda": 0.7184923513826877, "log10_min_child_weight": 0.28466289467501515, "log10_subsample": -0.7852708001915795, "max_depth": 3.0, "num_boost_round": 6.0}, "datetime": {"datetime": "2024-01-19 00:38:02", "elapsed": 1636.476522, "delta": 0.002015}}
{"target": -17.67718154675501, "params": {"gamma": 20.377888877180062, "log10_alpha": -0.36277545205232276, "log10_colsample_bytree": -0.45358708463827313, "log10_eta": -3.770845506940943, "log10_lambda": 0.7184923513826877, "log10_min_child_weight": 0.28466289467501515, "log10_subsample": -0.7852708001915795, "max_depth": 3.0, "num_boost_round": 7.0}, "datetime": {"datetime": "2024-01-19 00:38:02", "elapsed": 1636.47847, "delta": 0.001948}}
{"target": -17.677178659861475, "params": {"gamma": 20.377888877180062, "log10_alpha": -0.36277545205232276, "log10_colsample_bytree": -0.45358708463827313, "log10_eta": -3.770845506940943, "log10_lambda": 0.7184923513826877, "log10_min_child_weight": 0.28466289467501515, "log10_subsample": -0.7852708001915795, "max_depth": 3.0, "num_boost_round": 8.0}, "datetime": {"datetime": "2024-01-19 00:38:02", "elapsed": 1636.480377, "delta": 0.001907}}
{"target": -17.677172338175353, "params": {"gamma": 20.377888877180062, "log10_alpha": -0.36277545205232276, "log10_colsample_bytree": -0.45358708463827313, "log10_eta": -3.770845506940943, "log10_lambda": 0.7184923513826877, "log10_min_child_weight": 0.28466289467501515, "log10_subsample": -0.7852708001915795, "max_depth": 3.0, "num_boost_round": 9.0}, "datetime": {"datetime": "2024-01-19 00:38:02", "elapsed": 1636.482367, "delta": 0.00199}}
{"target": -17.67716764258269, "params": {"gamma": 20.377888877180062, "log10_alpha": -0.36277545205232276, "log10_colsample_bytree": -0.45358708463827313, "log10_eta": -3.770845506940943, "log10_lambda": 0.7184923513826877, "log10_min_child_weight": 0.28466289467501515, "log10_subsample": -0.7852708001915795, "max_depth": 3.0, "num_boost_round": 10.0}, "datetime": {"datetime": "2024-01-19 00:38:02", "elapsed": 1636.484294, "delta": 0.001927}}
{"target": -17.677162294268296, "params": {"gamma": 20.377888877180062, "log10_alpha": -0.36277545205232276, "log10_colsample_bytree": -0.45358708463827313, "log10_eta": -3.770845506940943, "log10_lambda": 0.7184923513826877, "log10_min_child_weight": 0.28466289467501515, "log10_subsample": -0.7852708001915795, "max_depth": 3.0, "num_boost_round": 11.0}, "datetime": {"datetime": "2024-01-19 00:38:02", "elapsed": 1636.48618, "delta": 0.001886}}
{"target": -17.677156446869013, "params": {"gamma": 20.377888877180062, "log10_alpha": -0.36277545205232276, "log10_colsample_bytree": -0.45358708463827313, "log10_eta": -3.770845506940943, "log10_lambda": 0.7184923513826877, "log10_min_child_weight": 0.28466289467501515, "log10_subsample": -0.7852708001915795, "max_depth": 3.0, "num_boost_round": 12.0}, "datetime": {"datetime": "2024-01-19 00:38:02", "elapsed": 1636.488283, "delta": 0.002103}}
{"target": -17.677151723398925, "params": {"gamma": 20.377888877180062, "log10_alpha": -0.36277545205232276, "log10_colsample_bytree": -0.45358708463827313, "log10_eta": -3.770845506940943, "log10_lambda": 0.7184923513826877, "log10_min_child_weight": 0.28466289467501515, "log10_subsample": -0.7852708001915795, "max_depth": 3.0, "num_boost_round": 13.0}, "datetime": {"datetime": "2024-01-19 00:38:02", "elapsed": 1636.490167, "delta": 0.001884}}
{"target": -17.677148989554542, "params": {"gamma": 20.377888877180062, "log10_alpha": -0.36277545205232276, "log10_colsample_bytree": -0.45358708463827313, "log10_eta": -3.770845506940943, "log10_lambda": 0.7184923513826877, "log10_min_child_weight": 0.28466289467501515, "log10_subsample": -0.7852708001915795, "max_depth": 3.0, "num_boost_round": 14.0}, "datetime": {"datetime": "2024-01-19 00:38:02", "elapsed": 1636.492205, "delta": 0.002038}}
{"target": -17.677146313583723, "params": {"gamma": 20.377888877180062, "log10_alpha": -0.36277545205232276, "log10_colsample_bytree": -0.45358708463827313, "log10_eta": -3.770845506940943, "log10_lambda": 0.7184923513826877, "log10_min_child_weight": 0.28466289467501515, "log10_subsample": -0.7852708001915795, "max_depth": 3.0, "num_boost_round": 15.0}, "datetime": {"datetime": "2024-01-19 00:38:02", "elapsed": 1636.494075, "delta": 0.00187}}
{"target": -17.67714169991694, "params": {"gamma": 20.377888877180062, "log10_alpha": -0.36277545205232276, "log10_colsample_bytree": -0.45358708463827313, "log10_eta": -3.770845506940943, "log10_lambda": 0.7184923513826877, "log10_min_child_weight": 0.28466289467501515, "log10_subsample": -0.7852708001915795, "max_depth": 3.0, "num_boost_round": 16.0}, "datetime": {"datetime": "2024-01-19 00:38:02", "elapsed": 1636.496069, "delta": 0.001994}}
{"target": -17.677134831449536, "params": {"gamma": 20.377888877180062, "log10_alpha": -0.36277545205232276, "log10_colsample_bytree": -0.45358708463827313, "log10_eta": -3.770845506940943, "log10_lambda": 0.7184923513826877, "log10_min_child_weight": 0.28466289467501515, "log10_subsample": -0.7852708001915795, "max_depth": 3.0, "num_boost_round": 17.0}, "datetime": {"datetime": "2024-01-19 00:38:02", "elapsed": 1636.497956, "delta": 0.001887}}
