{"target": -17.672310443216087, "params": {"gamma": 393.476798151339, "log10_alpha": -0.6099933654832883, "log10_colsample_bytree": -0.9976073409496787, "log10_eta": -2.1526825425612888, "log10_lambda": -3.0342043200487168, "log10_min_child_weight": 2.397894204763266, "log10_subsample": -0.9381054354173834, "max_depth": 8.0, "num_boost_round": 29.0}, "datetime": {"datetime": "2024-01-19 01:36:08", "elapsed": 5057.947559, "delta": 0.005646}}
{"target": -17.672199574132947, "params": {"gamma": 393.476798151339, "log10_alpha": -0.6099933654832883, "log10_colsample_bytree": -0.9976073409496787, "log10_eta": -2.1526825425612888, "log10_lambda": -3.0342043200487168, "log10_min_child_weight": 2.397894204763266, "log10_subsample": -0.9381054354173834, "max_depth": 8.0, "num_boost_round": 30.0}, "datetime": {"datetime": "2024-01-19 01:36:08", "elapsed": 5057.953025, "delta": 0.005466}}
{"target": -17.672205278303295, "params": {"gamma": 393.476798151339, "log10_alpha": -0.6099933654832883, "log10_colsample_bytree": -0.9976073409496787, "log10_eta": -2.1526825425612888, "log10_lambda": -3.0342043200487168, "log10_min_child_weight": 2.397894204763266, "log10_subsample": -0.9381054354173834, "max_depth": 8.0, "num_boost_round": 31.0}, "datetime": {"datetime": "2024-01-19 01:36:08", "elapsed": 5057.958527, "delta": 0.005502}}
{"target": -17.67714449556942, "params": {"gamma": 398.08411681837066, "log10_alpha": 0.9429386854989357, "log10_colsample_bytree": -0.6027031587345856, "log10_eta": -2.9996570332157324, "log10_lambda": -3.494032601894454, "log10_min_child_weight": 2.304236966588844, "log10_subsample": -0.3680421195518462, "max_depth": 9.0, "num_boost_round": 0.0}, "datetime": {"datetime": "2024-01-19 01:37:22", "elapsed": 5132.65228, "delta": 74.693753}}
{"target": -17.677092693435576, "params": {"gamma": 398.08411681837066, "log10_alpha": 0.9429386854989357, "log10_colsample_bytree": -0.6027031587345856, "log10_eta": -2.9996570332157324, "log10_lambda": -3.494032601894454, "log10_min_child_weight": 2.304236966588844, "log10_subsample": -0.3680421195518462, "max_depth": 9.0, "num_boost_round": 1.0}, "datetime": {"datetime": "2024-01-19 01:37:22", "elapsed": 5132.658007, "delta": 0.005727}}
{"target": -17.676989238701704, "params": {"gamma": 398.08411681837066, "log10_alpha": 0.9429386854989357, "log10_colsample_bytree": -0.6027031587345856, "log10_eta": -2.9996570332157324, "log10_lambda": -3.494032601894454, "log10_min_child_weight": 2.304236966588844, "log10_subsample": -0.3680421195518462, "max_depth": 9.0, "num_boost_round": 2.0}, "datetime": {"datetime": "2024-01-19 01:37:22", "elapsed": 5132.663445, "delta": 0.005438}}
{"target": -17.676987494698043, "params": {"gamma": 398.08411681837066, "log10_alpha": 0.9429386854989357, "log10_colsample_bytree": -0.6027031587345856, "log10_eta": -2.9996570332157324, "log10_lambda": -3.494032601894454, "log10_min_child_weight": 2.304236966588844, "log10_subsample": -0.3680421195518462, "max_depth": 9.0, "num_boost_round": 3.0}, "datetime": {"datetime": "2024-01-19 01:37:22", "elapsed": 5132.668945, "delta": 0.0055}}
{"target": -17.676931997145644, "params": {"gamma": 398.08411681837066, "log10_alpha": 0.9429386854989357, "log10_colsample_bytree": -0.6027031587345856, "log10_eta": -2.9996570332157324, "log10_lambda": -3.494032601894454, "log10_min_child_weight": 2.304236966588844, "log10_subsample": -0.3680421195518462, "max_depth": 9.0, "num_boost_round": 4.0}, "datetime": {"datetime": "2024-01-19 01:37:22", "elapsed": 5132.674407, "delta": 0.005462}}
{"target": -17.676813005969095, "params": {"gamma": 398.08411681837066, "log10_alpha": 0.9429386854989357, "log10_colsample_bytree": -0.6027031587345856, "log10_eta": -2.9996570332157324, "log10_lambda": -3.494032601894454, "log10_min_child_weight": 2.304236966588844, "log10_subsample": -0.3680421195518462, "max_depth": 9.0, "num_boost_round": 5.0}, "datetime": {"datetime": "2024-01-19 01:37:22", "elapsed": 5132.67976, "delta": 0.005353}}
{"target": -17.67680546456728, "params": {"gamma": 398.08411681837066, "log10_alpha": 0.9429386854989357, "log10_colsample_bytree": -0.6027031587345856, "log10_eta": -2.9996570332157324, "log10_lambda": -3.494032601894454, "log10_min_child_weight": 2.304236966588844, "log10_subsample": -0.3680421195518462, "max_depth": 9.0, "num_boost_round": 6.0}, "datetime": {"datetime": "2024-01-19 01:37:22", "elapsed": 5132.684976, "delta": 0.005216}}
{"target": -17.676733709652616, "params": {"gamma": 398.08411681837066, "log10_alpha": 0.9429386854989357, "log10_colsample_bytree": -0.6027031587345856, "log10_eta": -2.9996570332157324, "log10_lambda": -3.494032601894454, "log10_min_child_weight": 2.304236966588844, "log10_subsample": -0.3680421195518462, "max_depth": 9.0, "num_boost_round": 7.0}, "datetime": {"datetime": "2024-01-19 01:37:22", "elapsed": 5132.690079, "delta": 0.005103}}
{"target": -17.67671018333496, "params": {"gamma": 398.08411681837066, "log10_alpha": 0.9429386854989357, "log10_colsample_bytree": -0.6027031587345856, "log10_eta": -2.9996570332157324, "log10_lambda": -3.494032601894454, "log10_min_child_weight": 2.304236966588844, "log10_subsample": -0.3680421195518462, "max_depth": 9.0, "num_boost_round": 8.0}, "datetime": {"datetime": "2024-01-19 01:37:22", "elapsed": 5132.695499, "delta": 0.00542}}
{"target": -17.676674521392, "params": {"gamma": 398.08411681837066, "log10_alpha": 0.9429386854989357, "log10_colsample_bytree": -0.6027031587345856, "log10_eta": -2.9996570332157324, "log10_lambda": -3.494032601894454, "log10_min_child_weight": 2.304236966588844, "log10_subsample": -0.3680421195518462, "max_depth": 9.0, "num_boost_round": 9.0}, "datetime": {"datetime": "2024-01-19 01:37:22", "elapsed": 5132.700835, "delta": 0.005336}}
{"target": -17.67659290188269, "params": {"gamma": 398.08411681837066, "log10_alpha": 0.9429386854989357, "log10_colsample_bytree": -0.6027031587345856, "log10_eta": -2.9996570332157324, "log10_lambda": -3.494032601894454, "log10_min_child_weight": 2.304236966588844, "log10_subsample": -0.3680421195518462, "max_depth": 9.0, "num_boost_round": 10.0}, "datetime": {"datetime": "2024-01-19 01:37:22", "elapsed": 5132.70618, "delta": 0.005345}}
{"target": -17.67655148295615, "params": {"gamma": 398.08411681837066, "log10_alpha": 0.9429386854989357, "log10_colsample_bytree": -0.6027031587345856, "log10_eta": -2.9996570332157324, "log10_lambda": -3.494032601894454, "log10_min_child_weight": 2.304236966588844, "log10_subsample": -0.3680421195518462, "max_depth": 9.0, "num_boost_round": 11.0}, "datetime": {"datetime": "2024-01-19 01:37:22", "elapsed": 5132.711538, "delta": 0.005358}}
{"target": -17.676519854245928, "params": {"gamma": 398.08411681837066, "log10_alpha": 0.9429386854989357, "log10_colsample_bytree": -0.6027031587345856, "log10_eta": -2.9996570332157324, "log10_lambda": -3.494032601894454, "log10_min_child_weight": 2.304236966588844, "log10_subsample": -0.3680421195518462, "max_depth": 9.0, "num_boost_round": 12.0}, "datetime": {"datetime": "2024-01-19 01:37:22", "elapsed": 5132.716648, "delta": 0.00511}}
{"target": -17.676558108073916, "params": {"gamma": 398.08411681837066, "log10_alpha": 0.9429386854989357, "log10_colsample_bytree": -0.6027031587345856, "log10_eta": -2.9996570332157324, "log10_lambda": -3.494032601894454, "log10_min_child_weight": 2.304236966588844, "log10_subsample": -0.3680421195518462, "max_depth": 9.0, "num_boost_round": 13.0}, "datetime": {"datetime": "2024-01-19 01:37:22", "elapsed": 5132.721971, "delta": 0.005323}}
{"target": -17.676609584163703, "params": {"gamma": 398.08411681837066, "log10_alpha": 0.9429386854989357, "log10_colsample_bytree": -0.6027031587345856, "log10_eta": -2.9996570332157324, "log10_lambda": -3.494032601894454, "log10_min_child_weight": 2.304236966588844, "log10_subsample": -0.3680421195518462, "max_depth": 9.0, "num_boost_round": 14.0}, "datetime": {"datetime": "2024-01-19 01:37:22", "elapsed": 5132.727309, "delta": 0.005338}}
{"target": -17.676571068155386, "params": {"gamma": 398.08411681837066, "log10_alpha": 0.9429386854989357, "log10_colsample_bytree": -0.6027031587345856, "log10_eta": -2.9996570332157324, "log10_lambda": -3.494032601894454, "log10_min_child_weight": 2.304236966588844, "log10_subsample": -0.3680421195518462, "max_depth": 9.0, "num_boost_round": 15.0}, "datetime": {"datetime": "2024-01-19 01:37:22", "elapsed": 5132.732531, "delta": 0.005222}}
{"target": -17.676528601743485, "params": {"gamma": 398.08411681837066, "log10_alpha": 0.9429386854989357, "log10_colsample_bytree": -0.6027031587345856, "log10_eta": -2.9996570332157324, "log10_lambda": -3.494032601894454, "log10_min_child_weight": 2.304236966588844, "log10_subsample": -0.3680421195518462, "max_depth": 9.0, "num_boost_round": 16.0}, "datetime": {"datetime": "2024-01-19 01:37:22", "elapsed": 5132.737752, "delta": 0.005221}}
{"target": -17.67654725378704, "params": {"gamma": 398.08411681837066, "log10_alpha": 0.9429386854989357, "log10_colsample_bytree": -0.6027031587345856, "log10_eta": -2.9996570332157324, "log10_lambda": -3.494032601894454, "log10_min_child_weight": 2.304236966588844, "log10_subsample": -0.3680421195518462, "max_depth": 9.0, "num_boost_round": 17.0}, "datetime": {"datetime": "2024-01-19 01:37:22", "elapsed": 5132.743191, "delta": 0.005439}}
{"target": -17.676609316417014, "params": {"gamma": 398.08411681837066, "log10_alpha": 0.9429386854989357, "log10_colsample_bytree": -0.6027031587345856, "log10_eta": -2.9996570332157324, "log10_lambda": -3.494032601894454, "log10_min_child_weight": 2.304236966588844, "log10_subsample": -0.3680421195518462, "max_depth": 9.0, "num_boost_round": 18.0}, "datetime": {"datetime": "2024-01-19 01:37:22", "elapsed": 5132.748434, "delta": 0.005243}}
{"target": -17.67651888112448, "params": {"gamma": 398.08411681837066, "log10_alpha": 0.9429386854989357, "log10_colsample_bytree": -0.6027031587345856, "log10_eta": -2.9996570332157324, "log10_lambda": -3.494032601894454, "log10_min_child_weight": 2.304236966588844, "log10_subsample": -0.3680421195518462, "max_depth": 9.0, "num_boost_round": 19.0}, "datetime": {"datetime": "2024-01-19 01:37:22", "elapsed": 5132.754015, "delta": 0.005581}}
{"target": -17.67647142326965, "params": {"gamma": 398.08411681837066, "log10_alpha": 0.9429386854989357, "log10_colsample_bytree": -0.6027031587345856, "log10_eta": -2.9996570332157324, "log10_lambda": -3.494032601894454, "log10_min_child_weight": 2.304236966588844, "log10_subsample": -0.3680421195518462, "max_depth": 9.0, "num_boost_round": 20.0}, "datetime": {"datetime": "2024-01-19 01:37:22", "elapsed": 5132.759358, "delta": 0.005343}}
{"target": -17.6764546938133, "params": {"gamma": 398.08411681837066, "log10_alpha": 0.9429386854989357, "log10_colsample_bytree": -0.6027031587345856, "log10_eta": -2.9996570332157324, "log10_lambda": -3.494032601894454, "log10_min_child_weight": 2.304236966588844, "log10_subsample": -0.3680421195518462, "max_depth": 9.0, "num_boost_round": 21.0}, "datetime": {"datetime": "2024-01-19 01:37:22", "elapsed": 5132.764617, "delta": 0.005259}}
{"target": -17.67634592050264, "params": {"gamma": 398.08411681837066, "log10_alpha": 0.9429386854989357, "log10_colsample_bytree": -0.6027031587345856, "log10_eta": -2.9996570332157324, "log10_lambda": -3.494032601894454, "log10_min_child_weight": 2.304236966588844, "log10_subsample": -0.3680421195518462, "max_depth": 9.0, "num_boost_round": 22.0}, "datetime": {"datetime": "2024-01-19 01:37:22", "elapsed": 5132.769827, "delta": 0.00521}}
{"target": -17.67632951925717, "params": {"gamma": 398.08411681837066, "log10_alpha": 0.9429386854989357, "log10_colsample_bytree": -0.6027031587345856, "log10_eta": -2.9996570332157324, "log10_lambda": -3.494032601894454, "log10_min_child_weight": 2.304236966588844, "log10_subsample": -0.3680421195518462, "max_depth": 9.0, "num_boost_round": 23.0}, "datetime": {"datetime": "2024-01-19 01:37:22", "elapsed": 5132.77517, "delta": 0.005343}}
{"target": -17.677225706690162, "params": {"gamma": 399.47482799331544, "log10_alpha": -1.4833389916375257, "log10_colsample_bytree": -0.8237321478718773, "log10_eta": -3.9722858452770806, "log10_lambda": -2.4725005020171933, "log10_min_child_weight": 2.7207674606708165, "log10_subsample": -0.3921204927825397, "max_depth": 7.0, "num_boost_round": 0.0}, "datetime": {"datetime": "2024-01-19 01:38:17", "elapsed": 5187.178631, "delta": 54.403461}}
{"target": -17.677224543677227, "params": {"gamma": 399.47482799331544, "log10_alpha": -1.4833389916375257, "log10_colsample_bytree": -0.8237321478718773, "log10_eta": -3.9722858452770806, "log10_lambda": -2.4725005020171933, "log10_min_child_weight": 2.7207674606708165, "log10_subsample": -0.3921204927825397, "max_depth": 7.0, "num_boost_round": 1.0}, "datetime": {"datetime": "2024-01-19 01:38:17", "elapsed": 5187.184666, "delta": 0.006035}}
{"target": -17.677214239326165, "params": {"gamma": 399.47482799331544, "log10_alpha": -1.4833389916375257, "log10_colsample_bytree": -0.8237321478718773, "log10_eta": -3.9722858452770806, "log10_lambda": -2.4725005020171933, "log10_min_child_weight": 2.7207674606708165, "log10_subsample": -0.3921204927825397, "max_depth": 7.0, "num_boost_round": 2.0}, "datetime": {"datetime": "2024-01-19 01:38:17", "elapsed": 5187.190215, "delta": 0.005549}}
{"target": -17.677211987323282, "params": {"gamma": 399.47482799331544, "log10_alpha": -1.4833389916375257, "log10_colsample_bytree": -0.8237321478718773, "log10_eta": -3.9722858452770806, "log10_lambda": -2.4725005020171933, "log10_min_child_weight": 2.7207674606708165, "log10_subsample": -0.3921204927825397, "max_depth": 7.0, "num_boost_round": 3.0}, "datetime": {"datetime": "2024-01-19 01:38:17", "elapsed": 5187.195915, "delta": 0.0057}}
{"target": -17.67720882207027, "params": {"gamma": 399.47482799331544, "log10_alpha": -1.4833389916375257, "log10_colsample_bytree": -0.8237321478718773, "log10_eta": -3.9722858452770806, "log10_lambda": -2.4725005020171933, "log10_min_child_weight": 2.7207674606708165, "log10_subsample": -0.3921204927825397, "max_depth": 7.0, "num_boost_round": 4.0}, "datetime": {"datetime": "2024-01-19 01:38:17", "elapsed": 5187.2012, "delta": 0.005285}}
{"target": -17.67720526051674, "params": {"gamma": 399.47482799331544, "log10_alpha": -1.4833389916375257, "log10_colsample_bytree": -0.8237321478718773, "log10_eta": -3.9722858452770806, "log10_lambda": -2.4725005020171933, "log10_min_child_weight": 2.7207674606708165, "log10_subsample": -0.3921204927825397, "max_depth": 7.0, "num_boost_round": 5.0}, "datetime": {"datetime": "2024-01-19 01:38:17", "elapsed": 5187.20664, "delta": 0.00544}}
{"target": -17.67720857825418, "params": {"gamma": 399.47482799331544, "log10_alpha": -1.4833389916375257, "log10_colsample_bytree": -0.8237321478718773, "log10_eta": -3.9722858452770806, "log10_lambda": -2.4725005020171933, "log10_min_child_weight": 2.7207674606708165, "log10_subsample": -0.3921204927825397, "max_depth": 7.0, "num_boost_round": 6.0}, "datetime": {"datetime": "2024-01-19 01:38:17", "elapsed": 5187.211929, "delta": 0.005289}}
{"target": -17.677199097486664, "params": {"gamma": 399.47482799331544, "log10_alpha": -1.4833389916375257, "log10_colsample_bytree": -0.8237321478718773, "log10_eta": -3.9722858452770806, "log10_lambda": -2.4725005020171933, "log10_min_child_weight": 2.7207674606708165, "log10_subsample": -0.3921204927825397, "max_depth": 7.0, "num_boost_round": 7.0}, "datetime": {"datetime": "2024-01-19 01:38:17", "elapsed": 5187.217208, "delta": 0.005279}}
{"target": -17.677198474681408, "params": {"gamma": 399.47482799331544, "log10_alpha": -1.4833389916375257, "log10_colsample_bytree": -0.8237321478718773, "log10_eta": -3.9722858452770806, "log10_lambda": -2.4725005020171933, "log10_min_child_weight": 2.7207674606708165, "log10_subsample": -0.3921204927825397, "max_depth": 7.0, "num_boost_round": 8.0}, "datetime": {"datetime": "2024-01-19 01:38:17", "elapsed": 5187.222396, "delta": 0.005188}}
{"target": -17.677196015975884, "params": {"gamma": 399.47482799331544, "log10_alpha": -1.4833389916375257, "log10_colsample_bytree": -0.8237321478718773, "log10_eta": -3.9722858452770806, "log10_lambda": -2.4725005020171933, "log10_min_child_weight": 2.7207674606708165, "log10_subsample": -0.3921204927825397, "max_depth": 7.0, "num_boost_round": 9.0}, "datetime": {"datetime": "2024-01-19 01:38:17", "elapsed": 5187.227477, "delta": 0.005081}}
{"target": -17.677190988121556, "params": {"gamma": 399.47482799331544, "log10_alpha": -1.4833389916375257, "log10_colsample_bytree": -0.8237321478718773, "log10_eta": -3.9722858452770806, "log10_lambda": -2.4725005020171933, "log10_min_child_weight": 2.7207674606708165, "log10_subsample": -0.3921204927825397, "max_depth": 7.0, "num_boost_round": 10.0}, "datetime": {"datetime": "2024-01-19 01:38:17", "elapsed": 5187.232621, "delta": 0.005144}}
{"target": -17.67718522560898, "params": {"gamma": 399.47482799331544, "log10_alpha": -1.4833389916375257, "log10_colsample_bytree": -0.8237321478718773, "log10_eta": -3.9722858452770806, "log10_lambda": -2.4725005020171933, "log10_min_child_weight": 2.7207674606708165, "log10_subsample": -0.3921204927825397, "max_depth": 7.0, "num_boost_round": 11.0}, "datetime": {"datetime": "2024-01-19 01:38:17", "elapsed": 5187.237735, "delta": 0.005114}}
{"target": -17.677181746575794, "params": {"gamma": 399.47482799331544, "log10_alpha": -1.4833389916375257, "log10_colsample_bytree": -0.8237321478718773, "log10_eta": -3.9722858452770806, "log10_lambda": -2.4725005020171933, "log10_min_child_weight": 2.7207674606708165, "log10_subsample": -0.3921204927825397, "max_depth": 7.0, "num_boost_round": 12.0}, "datetime": {"datetime": "2024-01-19 01:38:17", "elapsed": 5187.243333, "delta": 0.005598}}
{"target": -17.677172466055424, "params": {"gamma": 399.47482799331544, "log10_alpha": -1.4833389916375257, "log10_colsample_bytree": -0.8237321478718773, "log10_eta": -3.9722858452770806, "log10_lambda": -2.4725005020171933, "log10_min_child_weight": 2.7207674606708165, "log10_subsample": -0.3921204927825397, "max_depth": 7.0, "num_boost_round": 13.0}, "datetime": {"datetime": "2024-01-19 01:38:17", "elapsed": 5187.249248, "delta": 0.005915}}
{"target": -17.67717055050107, "params": {"gamma": 399.47482799331544, "log10_alpha": -1.4833389916375257, "log10_colsample_bytree": -0.8237321478718773, "log10_eta": -3.9722858452770806, "log10_lambda": -2.4725005020171933, "log10_min_child_weight": 2.7207674606708165, "log10_subsample": -0.3921204927825397, "max_depth": 7.0, "num_boost_round": 14.0}, "datetime": {"datetime": "2024-01-19 01:38:17", "elapsed": 5187.254867, "delta": 0.005619}}
{"target": -17.677166685129137, "params": {"gamma": 399.47482799331544, "log10_alpha": -1.4833389916375257, "log10_colsample_bytree": -0.8237321478718773, "log10_eta": -3.9722858452770806, "log10_lambda": -2.4725005020171933, "log10_min_child_weight": 2.7207674606708165, "log10_subsample": -0.3921204927825397, "max_depth": 7.0, "num_boost_round": 15.0}, "datetime": {"datetime": "2024-01-19 01:38:17", "elapsed": 5187.26032, "delta": 0.005453}}
{"target": -17.67716550317559, "params": {"gamma": 399.47482799331544, "log10_alpha": -1.4833389916375257, "log10_colsample_bytree": -0.8237321478718773, "log10_eta": -3.9722858452770806, "log10_lambda": -2.4725005020171933, "log10_min_child_weight": 2.7207674606708165, "log10_subsample": -0.3921204927825397, "max_depth": 7.0, "num_boost_round": 16.0}, "datetime": {"datetime": "2024-01-19 01:38:17", "elapsed": 5187.265626, "delta": 0.005306}}
{"target": -17.677159348482054, "params": {"gamma": 399.47482799331544, "log10_alpha": -1.4833389916375257, "log10_colsample_bytree": -0.8237321478718773, "log10_eta": -3.9722858452770806, "log10_lambda": -2.4725005020171933, "log10_min_child_weight": 2.7207674606708165, "log10_subsample": -0.3921204927825397, "max_depth": 7.0, "num_boost_round": 17.0}, "datetime": {"datetime": "2024-01-19 01:38:17", "elapsed": 5187.271227, "delta": 0.005601}}
{"target": -17.677154326177636, "params": {"gamma": 399.47482799331544, "log10_alpha": -1.4833389916375257, "log10_colsample_bytree": -0.8237321478718773, "log10_eta": -3.9722858452770806, "log10_lambda": -2.4725005020171933, "log10_min_child_weight": 2.7207674606708165, "log10_subsample": -0.3921204927825397, "max_depth": 7.0, "num_boost_round": 18.0}, "datetime": {"datetime": "2024-01-19 01:38:17", "elapsed": 5187.276586, "delta": 0.005359}}
{"target": -17.677152452397614, "params": {"gamma": 399.47482799331544, "log10_alpha": -1.4833389916375257, "log10_colsample_bytree": -0.8237321478718773, "log10_eta": -3.9722858452770806, "log10_lambda": -2.4725005020171933, "log10_min_child_weight": 2.7207674606708165, "log10_subsample": -0.3921204927825397, "max_depth": 7.0, "num_boost_round": 19.0}, "datetime": {"datetime": "2024-01-19 01:38:17", "elapsed": 5187.282033, "delta": 0.005447}}
{"target": -17.677146174357777, "params": {"gamma": 399.47482799331544, "log10_alpha": -1.4833389916375257, "log10_colsample_bytree": -0.8237321478718773, "log10_eta": -3.9722858452770806, "log10_lambda": -2.4725005020171933, "log10_min_child_weight": 2.7207674606708165, "log10_subsample": -0.3921204927825397, "max_depth": 7.0, "num_boost_round": 20.0}, "datetime": {"datetime": "2024-01-19 01:38:17", "elapsed": 5187.287091, "delta": 0.005058}}
{"target": -17.677137052696427, "params": {"gamma": 399.47482799331544, "log10_alpha": -1.4833389916375257, "log10_colsample_bytree": -0.8237321478718773, "log10_eta": -3.9722858452770806, "log10_lambda": -2.4725005020171933, "log10_min_child_weight": 2.7207674606708165, "log10_subsample": -0.3921204927825397, "max_depth": 7.0, "num_boost_round": 21.0}, "datetime": {"datetime": "2024-01-19 01:38:17", "elapsed": 5187.292327, "delta": 0.005236}}
