{"target": -13.758344378592032, "params": {"gamma": 820.0788126190301, "log10_alpha": 0.4417785652162127, "log10_colsample_bytree": -0.3939907394199019, "log10_eta": -1.777496152271651, "log10_lambda": -3.3964157746921044, "log10_min_child_weight": 4.862156622131918, "log10_subsample": -0.8988792168366105, "max_depth": 4.0, "num_boost_round": 12.0}, "datetime": {"datetime": "2024-01-19 02:02:53", "elapsed": 6677.798369, "delta": 0.006663}}
{"target": -13.758369010060147, "params": {"gamma": 820.0788126190301, "log10_alpha": 0.4417785652162127, "log10_colsample_bytree": -0.3939907394199019, "log10_eta": -1.777496152271651, "log10_lambda": -3.3964157746921044, "log10_min_child_weight": 4.862156622131918, "log10_subsample": -0.8988792168366105, "max_depth": 4.0, "num_boost_round": 13.0}, "datetime": {"datetime": "2024-01-19 02:02:53", "elapsed": 6677.805039, "delta": 0.00667}}
{"target": -13.758391096398288, "params": {"gamma": 820.0788126190301, "log10_alpha": 0.4417785652162127, "log10_colsample_bytree": -0.3939907394199019, "log10_eta": -1.777496152271651, "log10_lambda": -3.3964157746921044, "log10_min_child_weight": 4.862156622131918, "log10_subsample": -0.8988792168366105, "max_depth": 4.0, "num_boost_round": 14.0}, "datetime": {"datetime": "2024-01-19 02:02:53", "elapsed": 6677.811981, "delta": 0.006942}}
{"target": -13.758328356344467, "params": {"gamma": 820.0788126190301, "log10_alpha": 0.4417785652162127, "log10_colsample_bytree": -0.3939907394199019, "log10_eta": -1.777496152271651, "log10_lambda": -3.3964157746921044, "log10_min_child_weight": 4.862156622131918, "log10_subsample": -0.8988792168366105, "max_depth": 4.0, "num_boost_round": 15.0}, "datetime": {"datetime": "2024-01-19 02:02:53", "elapsed": 6677.818541, "delta": 0.00656}}
{"target": -13.758351919587435, "params": {"gamma": 820.0788126190301, "log10_alpha": 0.4417785652162127, "log10_colsample_bytree": -0.3939907394199019, "log10_eta": -1.777496152271651, "log10_lambda": -3.3964157746921044, "log10_min_child_weight": 4.862156622131918, "log10_subsample": -0.8988792168366105, "max_depth": 4.0, "num_boost_round": 16.0}, "datetime": {"datetime": "2024-01-19 02:02:53", "elapsed": 6677.825173, "delta": 0.006632}}
{"target": -13.758387310635994, "params": {"gamma": 820.0788126190301, "log10_alpha": 0.4417785652162127, "log10_colsample_bytree": -0.3939907394199019, "log10_eta": -1.777496152271651, "log10_lambda": -3.3964157746921044, "log10_min_child_weight": 4.862156622131918, "log10_subsample": -0.8988792168366105, "max_depth": 4.0, "num_boost_round": 17.0}, "datetime": {"datetime": "2024-01-19 02:02:53", "elapsed": 6677.832056, "delta": 0.006883}}
{"target": -13.758427847424052, "params": {"gamma": 820.0788126190301, "log10_alpha": 0.4417785652162127, "log10_colsample_bytree": -0.3939907394199019, "log10_eta": -1.777496152271651, "log10_lambda": -3.3964157746921044, "log10_min_child_weight": 4.862156622131918, "log10_subsample": -0.8988792168366105, "max_depth": 4.0, "num_boost_round": 18.0}, "datetime": {"datetime": "2024-01-19 02:02:53", "elapsed": 6677.838822, "delta": 0.006766}}
{"target": -13.758365908825667, "params": {"gamma": 820.0788126190301, "log10_alpha": 0.4417785652162127, "log10_colsample_bytree": -0.3939907394199019, "log10_eta": -1.777496152271651, "log10_lambda": -3.3964157746921044, "log10_min_child_weight": 4.862156622131918, "log10_subsample": -0.8988792168366105, "max_depth": 4.0, "num_boost_round": 19.0}, "datetime": {"datetime": "2024-01-19 02:02:53", "elapsed": 6677.84544, "delta": 0.006618}}
{"target": -13.758317806003587, "params": {"gamma": 820.0788126190301, "log10_alpha": 0.4417785652162127, "log10_colsample_bytree": -0.3939907394199019, "log10_eta": -1.777496152271651, "log10_lambda": -3.3964157746921044, "log10_min_child_weight": 4.862156622131918, "log10_subsample": -0.8988792168366105, "max_depth": 4.0, "num_boost_round": 20.0}, "datetime": {"datetime": "2024-01-19 02:02:53", "elapsed": 6677.852227, "delta": 0.006787}}
{"target": -13.758265176006201, "params": {"gamma": 820.0788126190301, "log10_alpha": 0.4417785652162127, "log10_colsample_bytree": -0.3939907394199019, "log10_eta": -1.777496152271651, "log10_lambda": -3.3964157746921044, "log10_min_child_weight": 4.862156622131918, "log10_subsample": -0.8988792168366105, "max_depth": 4.0, "num_boost_round": 21.0}, "datetime": {"datetime": "2024-01-19 02:02:53", "elapsed": 6677.858765, "delta": 0.006538}}
{"target": -13.758273147037075, "params": {"gamma": 820.0788126190301, "log10_alpha": 0.4417785652162127, "log10_colsample_bytree": -0.3939907394199019, "log10_eta": -1.777496152271651, "log10_lambda": -3.3964157746921044, "log10_min_child_weight": 4.862156622131918, "log10_subsample": -0.8988792168366105, "max_depth": 4.0, "num_boost_round": 22.0}, "datetime": {"datetime": "2024-01-19 02:02:53", "elapsed": 6677.865324, "delta": 0.006559}}
{"target": -13.758278103558327, "params": {"gamma": 820.0788126190301, "log10_alpha": 0.4417785652162127, "log10_colsample_bytree": -0.3939907394199019, "log10_eta": -1.777496152271651, "log10_lambda": -3.3964157746921044, "log10_min_child_weight": 4.862156622131918, "log10_subsample": -0.8988792168366105, "max_depth": 4.0, "num_boost_round": 23.0}, "datetime": {"datetime": "2024-01-19 02:02:53", "elapsed": 6677.872288, "delta": 0.006964}}
{"target": -13.758322034468518, "params": {"gamma": 820.0788126190301, "log10_alpha": 0.4417785652162127, "log10_colsample_bytree": -0.3939907394199019, "log10_eta": -1.777496152271651, "log10_lambda": -3.3964157746921044, "log10_min_child_weight": 4.862156622131918, "log10_subsample": -0.8988792168366105, "max_depth": 4.0, "num_boost_round": 24.0}, "datetime": {"datetime": "2024-01-19 02:02:53", "elapsed": 6677.879032, "delta": 0.006744}}
{"target": -13.758278040026092, "params": {"gamma": 820.0788126190301, "log10_alpha": 0.4417785652162127, "log10_colsample_bytree": -0.3939907394199019, "log10_eta": -1.777496152271651, "log10_lambda": -3.3964157746921044, "log10_min_child_weight": 4.862156622131918, "log10_subsample": -0.8988792168366105, "max_depth": 4.0, "num_boost_round": 25.0}, "datetime": {"datetime": "2024-01-19 02:02:53", "elapsed": 6677.885678, "delta": 0.006646}}
{"target": -13.758321426050264, "params": {"gamma": 820.0788126190301, "log10_alpha": 0.4417785652162127, "log10_colsample_bytree": -0.3939907394199019, "log10_eta": -1.777496152271651, "log10_lambda": -3.3964157746921044, "log10_min_child_weight": 4.862156622131918, "log10_subsample": -0.8988792168366105, "max_depth": 4.0, "num_boost_round": 26.0}, "datetime": {"datetime": "2024-01-19 02:02:53", "elapsed": 6677.8924, "delta": 0.006722}}
{"target": -13.758340799116047, "params": {"gamma": 820.0788126190301, "log10_alpha": 0.4417785652162127, "log10_colsample_bytree": -0.3939907394199019, "log10_eta": -1.777496152271651, "log10_lambda": -3.3964157746921044, "log10_min_child_weight": 4.862156622131918, "log10_subsample": -0.8988792168366105, "max_depth": 4.0, "num_boost_round": 27.0}, "datetime": {"datetime": "2024-01-19 02:02:53", "elapsed": 6677.899012, "delta": 0.006612}}
{"target": -13.758307588746407, "params": {"gamma": 820.0788126190301, "log10_alpha": 0.4417785652162127, "log10_colsample_bytree": -0.3939907394199019, "log10_eta": -1.777496152271651, "log10_lambda": -3.3964157746921044, "log10_min_child_weight": 4.862156622131918, "log10_subsample": -0.8988792168366105, "max_depth": 4.0, "num_boost_round": 28.0}, "datetime": {"datetime": "2024-01-19 02:02:53", "elapsed": 6677.905747, "delta": 0.006735}}
{"target": -13.758354419532688, "params": {"gamma": 820.0788126190301, "log10_alpha": 0.4417785652162127, "log10_colsample_bytree": -0.3939907394199019, "log10_eta": -1.777496152271651, "log10_lambda": -3.3964157746921044, "log10_min_child_weight": 4.862156622131918, "log10_subsample": -0.8988792168366105, "max_depth": 4.0, "num_boost_round": 29.0}, "datetime": {"datetime": "2024-01-19 02:02:53", "elapsed": 6677.912535, "delta": 0.006788}}
{"target": -13.758367467275923, "params": {"gamma": 820.0788126190301, "log10_alpha": 0.4417785652162127, "log10_colsample_bytree": -0.3939907394199019, "log10_eta": -1.777496152271651, "log10_lambda": -3.3964157746921044, "log10_min_child_weight": 4.862156622131918, "log10_subsample": -0.8988792168366105, "max_depth": 4.0, "num_boost_round": 30.0}, "datetime": {"datetime": "2024-01-19 02:02:53", "elapsed": 6677.919171, "delta": 0.006636}}
{"target": -13.758440825395796, "params": {"gamma": 820.0788126190301, "log10_alpha": 0.4417785652162127, "log10_colsample_bytree": -0.3939907394199019, "log10_eta": -1.777496152271651, "log10_lambda": -3.3964157746921044, "log10_min_child_weight": 4.862156622131918, "log10_subsample": -0.8988792168366105, "max_depth": 4.0, "num_boost_round": 31.0}, "datetime": {"datetime": "2024-01-19 02:02:53", "elapsed": 6677.925764, "delta": 0.006593}}
{"target": -13.758401453252713, "params": {"gamma": 820.0788126190301, "log10_alpha": 0.4417785652162127, "log10_colsample_bytree": -0.3939907394199019, "log10_eta": -1.777496152271651, "log10_lambda": -3.3964157746921044, "log10_min_child_weight": 4.862156622131918, "log10_subsample": -0.8988792168366105, "max_depth": 4.0, "num_boost_round": 32.0}, "datetime": {"datetime": "2024-01-19 02:02:53", "elapsed": 6677.932882, "delta": 0.007118}}
{"target": -13.75836779418434, "params": {"gamma": 820.0788126190301, "log10_alpha": 0.4417785652162127, "log10_colsample_bytree": -0.3939907394199019, "log10_eta": -1.777496152271651, "log10_lambda": -3.3964157746921044, "log10_min_child_weight": 4.862156622131918, "log10_subsample": -0.8988792168366105, "max_depth": 4.0, "num_boost_round": 33.0}, "datetime": {"datetime": "2024-01-19 02:02:53", "elapsed": 6677.939812, "delta": 0.00693}}
{"target": -13.758379125622374, "params": {"gamma": 820.0788126190301, "log10_alpha": 0.4417785652162127, "log10_colsample_bytree": -0.3939907394199019, "log10_eta": -1.777496152271651, "log10_lambda": -3.3964157746921044, "log10_min_child_weight": 4.862156622131918, "log10_subsample": -0.8988792168366105, "max_depth": 4.0, "num_boost_round": 34.0}, "datetime": {"datetime": "2024-01-19 02:02:53", "elapsed": 6677.947443, "delta": 0.007631}}
{"target": -13.758442282283271, "params": {"gamma": 820.0788126190301, "log10_alpha": 0.4417785652162127, "log10_colsample_bytree": -0.3939907394199019, "log10_eta": -1.777496152271651, "log10_lambda": -3.3964157746921044, "log10_min_child_weight": 4.862156622131918, "log10_subsample": -0.8988792168366105, "max_depth": 4.0, "num_boost_round": 35.0}, "datetime": {"datetime": "2024-01-19 02:02:53", "elapsed": 6677.954903, "delta": 0.00746}}
{"target": -13.758498887951271, "params": {"gamma": 820.0788126190301, "log10_alpha": 0.4417785652162127, "log10_colsample_bytree": -0.3939907394199019, "log10_eta": -1.777496152271651, "log10_lambda": -3.3964157746921044, "log10_min_child_weight": 4.862156622131918, "log10_subsample": -0.8988792168366105, "max_depth": 4.0, "num_boost_round": 36.0}, "datetime": {"datetime": "2024-01-19 02:02:53", "elapsed": 6677.961709, "delta": 0.006806}}
{"target": -13.758557708268956, "params": {"gamma": 820.0788126190301, "log10_alpha": 0.4417785652162127, "log10_colsample_bytree": -0.3939907394199019, "log10_eta": -1.777496152271651, "log10_lambda": -3.3964157746921044, "log10_min_child_weight": 4.862156622131918, "log10_subsample": -0.8988792168366105, "max_depth": 4.0, "num_boost_round": 37.0}, "datetime": {"datetime": "2024-01-19 02:02:53", "elapsed": 6677.968314, "delta": 0.006605}}
{"target": -13.758598556673824, "params": {"gamma": 820.0788126190301, "log10_alpha": 0.4417785652162127, "log10_colsample_bytree": -0.3939907394199019, "log10_eta": -1.777496152271651, "log10_lambda": -3.3964157746921044, "log10_min_child_weight": 4.862156622131918, "log10_subsample": -0.8988792168366105, "max_depth": 4.0, "num_boost_round": 38.0}, "datetime": {"datetime": "2024-01-19 02:02:53", "elapsed": 6677.974901, "delta": 0.006587}}
{"target": -13.758615298959903, "params": {"gamma": 820.0788126190301, "log10_alpha": 0.4417785652162127, "log10_colsample_bytree": -0.3939907394199019, "log10_eta": -1.777496152271651, "log10_lambda": -3.3964157746921044, "log10_min_child_weight": 4.862156622131918, "log10_subsample": -0.8988792168366105, "max_depth": 4.0, "num_boost_round": 39.0}, "datetime": {"datetime": "2024-01-19 02:02:53", "elapsed": 6677.981447, "delta": 0.006546}}
{"target": -13.758638829072595, "params": {"gamma": 820.0788126190301, "log10_alpha": 0.4417785652162127, "log10_colsample_bytree": -0.3939907394199019, "log10_eta": -1.777496152271651, "log10_lambda": -3.3964157746921044, "log10_min_child_weight": 4.862156622131918, "log10_subsample": -0.8988792168366105, "max_depth": 4.0, "num_boost_round": 40.0}, "datetime": {"datetime": "2024-01-19 02:02:53", "elapsed": 6677.988115, "delta": 0.006668}}
{"target": -13.758657109764435, "params": {"gamma": 820.0788126190301, "log10_alpha": 0.4417785652162127, "log10_colsample_bytree": -0.3939907394199019, "log10_eta": -1.777496152271651, "log10_lambda": -3.3964157746921044, "log10_min_child_weight": 4.862156622131918, "log10_subsample": -0.8988792168366105, "max_depth": 4.0, "num_boost_round": 41.0}, "datetime": {"datetime": "2024-01-19 02:02:53", "elapsed": 6677.994787, "delta": 0.006672}}
{"target": -13.758670552195497, "params": {"gamma": 820.0788126190301, "log10_alpha": 0.4417785652162127, "log10_colsample_bytree": -0.3939907394199019, "log10_eta": -1.777496152271651, "log10_lambda": -3.3964157746921044, "log10_min_child_weight": 4.862156622131918, "log10_subsample": -0.8988792168366105, "max_depth": 4.0, "num_boost_round": 42.0}, "datetime": {"datetime": "2024-01-19 02:02:53", "elapsed": 6678.001445, "delta": 0.006658}}
{"target": -13.758737975959102, "params": {"gamma": 820.0788126190301, "log10_alpha": 0.4417785652162127, "log10_colsample_bytree": -0.3939907394199019, "log10_eta": -1.777496152271651, "log10_lambda": -3.3964157746921044, "log10_min_child_weight": 4.862156622131918, "log10_subsample": -0.8988792168366105, "max_depth": 4.0, "num_boost_round": 43.0}, "datetime": {"datetime": "2024-01-19 02:02:53", "elapsed": 6678.008838, "delta": 0.007393}}
{"target": -13.758776027569203, "params": {"gamma": 820.0788126190301, "log10_alpha": 0.4417785652162127, "log10_colsample_bytree": -0.3939907394199019, "log10_eta": -1.777496152271651, "log10_lambda": -3.3964157746921044, "log10_min_child_weight": 4.862156622131918, "log10_subsample": -0.8988792168366105, "max_depth": 4.0, "num_boost_round": 44.0}, "datetime": {"datetime": "2024-01-19 02:02:53", "elapsed": 6678.015612, "delta": 0.006774}}
{"target": -13.758757421825575, "params": {"gamma": 820.0788126190301, "log10_alpha": 0.4417785652162127, "log10_colsample_bytree": -0.3939907394199019, "log10_eta": -1.777496152271651, "log10_lambda": -3.3964157746921044, "log10_min_child_weight": 4.862156622131918, "log10_subsample": -0.8988792168366105, "max_depth": 4.0, "num_boost_round": 45.0}, "datetime": {"datetime": "2024-01-19 02:02:53", "elapsed": 6678.022381, "delta": 0.006769}}
{"target": -13.758788623451785, "params": {"gamma": 820.0788126190301, "log10_alpha": 0.4417785652162127, "log10_colsample_bytree": -0.3939907394199019, "log10_eta": -1.777496152271651, "log10_lambda": -3.3964157746921044, "log10_min_child_weight": 4.862156622131918, "log10_subsample": -0.8988792168366105, "max_depth": 4.0, "num_boost_round": 46.0}, "datetime": {"datetime": "2024-01-19 02:02:53", "elapsed": 6678.029088, "delta": 0.006707}}
{"target": -13.758818619820861, "params": {"gamma": 820.0788126190301, "log10_alpha": 0.4417785652162127, "log10_colsample_bytree": -0.3939907394199019, "log10_eta": -1.777496152271651, "log10_lambda": -3.3964157746921044, "log10_min_child_weight": 4.862156622131918, "log10_subsample": -0.8988792168366105, "max_depth": 4.0, "num_boost_round": 47.0}, "datetime": {"datetime": "2024-01-19 02:02:53", "elapsed": 6678.035654, "delta": 0.006566}}
{"target": -13.758877260301928, "params": {"gamma": 820.0788126190301, "log10_alpha": 0.4417785652162127, "log10_colsample_bytree": -0.3939907394199019, "log10_eta": -1.777496152271651, "log10_lambda": -3.3964157746921044, "log10_min_child_weight": 4.862156622131918, "log10_subsample": -0.8988792168366105, "max_depth": 4.0, "num_boost_round": 48.0}, "datetime": {"datetime": "2024-01-19 02:02:53", "elapsed": 6678.0422, "delta": 0.006546}}
{"target": -13.758928112798031, "params": {"gamma": 820.0788126190301, "log10_alpha": 0.4417785652162127, "log10_colsample_bytree": -0.3939907394199019, "log10_eta": -1.777496152271651, "log10_lambda": -3.3964157746921044, "log10_min_child_weight": 4.862156622131918, "log10_subsample": -0.8988792168366105, "max_depth": 4.0, "num_boost_round": 49.0}, "datetime": {"datetime": "2024-01-19 02:02:53", "elapsed": 6678.048803, "delta": 0.006603}}
{"target": -13.758987873003425, "params": {"gamma": 820.0788126190301, "log10_alpha": 0.4417785652162127, "log10_colsample_bytree": -0.3939907394199019, "log10_eta": -1.777496152271651, "log10_lambda": -3.3964157746921044, "log10_min_child_weight": 4.862156622131918, "log10_subsample": -0.8988792168366105, "max_depth": 4.0, "num_boost_round": 50.0}, "datetime": {"datetime": "2024-01-19 02:02:53", "elapsed": 6678.055389, "delta": 0.006586}}
{"target": -13.7590259156795, "params": {"gamma": 820.0788126190301, "log10_alpha": 0.4417785652162127, "log10_colsample_bytree": -0.3939907394199019, "log10_eta": -1.777496152271651, "log10_lambda": -3.3964157746921044, "log10_min_child_weight": 4.862156622131918, "log10_subsample": -0.8988792168366105, "max_depth": 4.0, "num_boost_round": 51.0}, "datetime": {"datetime": "2024-01-19 02:02:53", "elapsed": 6678.062792, "delta": 0.007403}}
{"target": -13.759068602220246, "params": {"gamma": 820.0788126190301, "log10_alpha": 0.4417785652162127, "log10_colsample_bytree": -0.3939907394199019, "log10_eta": -1.777496152271651, "log10_lambda": -3.3964157746921044, "log10_min_child_weight": 4.862156622131918, "log10_subsample": -0.8988792168366105, "max_depth": 4.0, "num_boost_round": 52.0}, "datetime": {"datetime": "2024-01-19 02:02:53", "elapsed": 6678.069648, "delta": 0.006856}}
{"target": -13.759090330515267, "params": {"gamma": 820.0788126190301, "log10_alpha": 0.4417785652162127, "log10_colsample_bytree": -0.3939907394199019, "log10_eta": -1.777496152271651, "log10_lambda": -3.3964157746921044, "log10_min_child_weight": 4.862156622131918, "log10_subsample": -0.8988792168366105, "max_depth": 4.0, "num_boost_round": 53.0}, "datetime": {"datetime": "2024-01-19 02:02:53", "elapsed": 6678.076329, "delta": 0.006681}}
{"target": -13.759075180513635, "params": {"gamma": 820.0788126190301, "log10_alpha": 0.4417785652162127, "log10_colsample_bytree": -0.3939907394199019, "log10_eta": -1.777496152271651, "log10_lambda": -3.3964157746921044, "log10_min_child_weight": 4.862156622131918, "log10_subsample": -0.8988792168366105, "max_depth": 4.0, "num_boost_round": 54.0}, "datetime": {"datetime": "2024-01-19 02:02:53", "elapsed": 6678.082943, "delta": 0.006614}}
{"target": -13.759065603726231, "params": {"gamma": 820.0788126190301, "log10_alpha": 0.4417785652162127, "log10_colsample_bytree": -0.3939907394199019, "log10_eta": -1.777496152271651, "log10_lambda": -3.3964157746921044, "log10_min_child_weight": 4.862156622131918, "log10_subsample": -0.8988792168366105, "max_depth": 4.0, "num_boost_round": 55.0}, "datetime": {"datetime": "2024-01-19 02:02:53", "elapsed": 6678.089576, "delta": 0.006633}}
{"target": -13.75908795716052, "params": {"gamma": 820.0788126190301, "log10_alpha": 0.4417785652162127, "log10_colsample_bytree": -0.3939907394199019, "log10_eta": -1.777496152271651, "log10_lambda": -3.3964157746921044, "log10_min_child_weight": 4.862156622131918, "log10_subsample": -0.8988792168366105, "max_depth": 4.0, "num_boost_round": 56.0}, "datetime": {"datetime": "2024-01-19 02:02:53", "elapsed": 6678.096296, "delta": 0.00672}}
{"target": -13.759139790785618, "params": {"gamma": 820.0788126190301, "log10_alpha": 0.4417785652162127, "log10_colsample_bytree": -0.3939907394199019, "log10_eta": -1.777496152271651, "log10_lambda": -3.3964157746921044, "log10_min_child_weight": 4.862156622131918, "log10_subsample": -0.8988792168366105, "max_depth": 4.0, "num_boost_round": 57.0}, "datetime": {"datetime": "2024-01-19 02:02:53", "elapsed": 6678.103156, "delta": 0.00686}}
{"target": -13.758537246929858, "params": {"gamma": 833.8123168234664, "log10_alpha": -4.721900000689475, "log10_colsample_bytree": -0.6120306611173689, "log10_eta": -3.789393384998295, "log10_lambda": -2.968238728774881, "log10_min_child_weight": 4.9515524132180175, "log10_subsample": -0.4714162110070982, "max_depth": 3.0, "num_boost_round": 0.0}, "datetime": {"datetime": "2024-01-19 02:06:39", "elapsed": 6903.647473, "delta": 225.544317}}
{"target": -13.758536780146889, "params": {"gamma": 833.8123168234664, "log10_alpha": -4.721900000689475, "log10_colsample_bytree": -0.6120306611173689, "log10_eta": -3.789393384998295, "log10_lambda": -2.968238728774881, "log10_min_child_weight": 4.9515524132180175, "log10_subsample": -0.4714162110070982, "max_depth": 3.0, "num_boost_round": 1.0}, "datetime": {"datetime": "2024-01-19 02:06:39", "elapsed": 6903.655155, "delta": 0.007682}}
{"target": -13.758536798952752, "params": {"gamma": 833.8123168234664, "log10_alpha": -4.721900000689475, "log10_colsample_bytree": -0.6120306611173689, "log10_eta": -3.789393384998295, "log10_lambda": -2.968238728774881, "log10_min_child_weight": 4.9515524132180175, "log10_subsample": -0.4714162110070982, "max_depth": 3.0, "num_boost_round": 2.0}, "datetime": {"datetime": "2024-01-19 02:06:39", "elapsed": 6903.662257, "delta": 0.007102}}
