{"target": -13.758536704974057, "params": {"gamma": 554.9720758153851, "log10_alpha": -3.6641039570067546, "log10_colsample_bytree": -0.1609959517794235, "log10_eta": -3.9395311477423034, "log10_lambda": 0.5011938842041213, "log10_min_child_weight": 3.4508126975424407, "log10_subsample": -0.8067636492196204, "max_depth": 2.0, "num_boost_round": 11.0}, "datetime": {"datetime": "2024-01-19 00:29:38", "elapsed": 1030.977217, "delta": 0.001633}}
{"target": -13.758536187413052, "params": {"gamma": 554.9720758153851, "log10_alpha": -3.6641039570067546, "log10_colsample_bytree": -0.1609959517794235, "log10_eta": -3.9395311477423034, "log10_lambda": 0.5011938842041213, "log10_min_child_weight": 3.4508126975424407, "log10_subsample": -0.8067636492196204, "max_depth": 2.0, "num_boost_round": 12.0}, "datetime": {"datetime": "2024-01-19 00:29:38", "elapsed": 1030.978876, "delta": 0.001659}}
{"target": -13.758536261917795, "params": {"gamma": 554.9720758153851, "log10_alpha": -3.6641039570067546, "log10_colsample_bytree": -0.1609959517794235, "log10_eta": -3.9395311477423034, "log10_lambda": 0.5011938842041213, "log10_min_child_weight": 3.4508126975424407, "log10_subsample": -0.8067636492196204, "max_depth": 2.0, "num_boost_round": 13.0}, "datetime": {"datetime": "2024-01-19 00:29:38", "elapsed": 1030.981259, "delta": 0.002383}}
{"target": -13.75853626887828, "params": {"gamma": 554.9720758153851, "log10_alpha": -3.6641039570067546, "log10_colsample_bytree": -0.1609959517794235, "log10_eta": -3.9395311477423034, "log10_lambda": 0.5011938842041213, "log10_min_child_weight": 3.4508126975424407, "log10_subsample": -0.8067636492196204, "max_depth": 2.0, "num_boost_round": 14.0}, "datetime": {"datetime": "2024-01-19 00:29:38", "elapsed": 1030.983587, "delta": 0.002328}}
{"target": -13.758536145540377, "params": {"gamma": 554.9720758153851, "log10_alpha": -3.6641039570067546, "log10_colsample_bytree": -0.1609959517794235, "log10_eta": -3.9395311477423034, "log10_lambda": 0.5011938842041213, "log10_min_child_weight": 3.4508126975424407, "log10_subsample": -0.8067636492196204, "max_depth": 2.0, "num_boost_round": 15.0}, "datetime": {"datetime": "2024-01-19 00:29:38", "elapsed": 1030.985236, "delta": 0.001649}}
{"target": -13.758534784211212, "params": {"gamma": 554.9720758153851, "log10_alpha": -3.6641039570067546, "log10_colsample_bytree": -0.1609959517794235, "log10_eta": -3.9395311477423034, "log10_lambda": 0.5011938842041213, "log10_min_child_weight": 3.4508126975424407, "log10_subsample": -0.8067636492196204, "max_depth": 2.0, "num_boost_round": 16.0}, "datetime": {"datetime": "2024-01-19 00:29:38", "elapsed": 1030.98687, "delta": 0.001634}}
{"target": -13.758534744045905, "params": {"gamma": 554.9720758153851, "log10_alpha": -3.6641039570067546, "log10_colsample_bytree": -0.1609959517794235, "log10_eta": -3.9395311477423034, "log10_lambda": 0.5011938842041213, "log10_min_child_weight": 3.4508126975424407, "log10_subsample": -0.8067636492196204, "max_depth": 2.0, "num_boost_round": 17.0}, "datetime": {"datetime": "2024-01-19 00:29:38", "elapsed": 1030.988509, "delta": 0.001639}}
{"target": -13.758534571801201, "params": {"gamma": 554.9720758153851, "log10_alpha": -3.6641039570067546, "log10_colsample_bytree": -0.1609959517794235, "log10_eta": -3.9395311477423034, "log10_lambda": 0.5011938842041213, "log10_min_child_weight": 3.4508126975424407, "log10_subsample": -0.8067636492196204, "max_depth": 2.0, "num_boost_round": 18.0}, "datetime": {"datetime": "2024-01-19 00:29:38", "elapsed": 1030.990134, "delta": 0.001625}}
{"target": -13.75853359991092, "params": {"gamma": 554.9720758153851, "log10_alpha": -3.6641039570067546, "log10_colsample_bytree": -0.1609959517794235, "log10_eta": -3.9395311477423034, "log10_lambda": 0.5011938842041213, "log10_min_child_weight": 3.4508126975424407, "log10_subsample": -0.8067636492196204, "max_depth": 2.0, "num_boost_round": 19.0}, "datetime": {"datetime": "2024-01-19 00:29:38", "elapsed": 1030.991767, "delta": 0.001633}}
{"target": -13.758532820940287, "params": {"gamma": 554.9720758153851, "log10_alpha": -3.6641039570067546, "log10_colsample_bytree": -0.1609959517794235, "log10_eta": -3.9395311477423034, "log10_lambda": 0.5011938842041213, "log10_min_child_weight": 3.4508126975424407, "log10_subsample": -0.8067636492196204, "max_depth": 2.0, "num_boost_round": 20.0}, "datetime": {"datetime": "2024-01-19 00:29:38", "elapsed": 1030.993413, "delta": 0.001646}}
{"target": -13.75853257020142, "params": {"gamma": 554.9720758153851, "log10_alpha": -3.6641039570067546, "log10_colsample_bytree": -0.1609959517794235, "log10_eta": -3.9395311477423034, "log10_lambda": 0.5011938842041213, "log10_min_child_weight": 3.4508126975424407, "log10_subsample": -0.8067636492196204, "max_depth": 2.0, "num_boost_round": 21.0}, "datetime": {"datetime": "2024-01-19 00:29:38", "elapsed": 1030.995395, "delta": 0.001982}}
{"target": -13.758532883952745, "params": {"gamma": 554.9720758153851, "log10_alpha": -3.6641039570067546, "log10_colsample_bytree": -0.1609959517794235, "log10_eta": -3.9395311477423034, "log10_lambda": 0.5011938842041213, "log10_min_child_weight": 3.4508126975424407, "log10_subsample": -0.8067636492196204, "max_depth": 2.0, "num_boost_round": 22.0}, "datetime": {"datetime": "2024-01-19 00:29:38", "elapsed": 1030.997233, "delta": 0.001838}}
{"target": -13.758532282097672, "params": {"gamma": 554.9720758153851, "log10_alpha": -3.6641039570067546, "log10_colsample_bytree": -0.1609959517794235, "log10_eta": -3.9395311477423034, "log10_lambda": 0.5011938842041213, "log10_min_child_weight": 3.4508126975424407, "log10_subsample": -0.8067636492196204, "max_depth": 2.0, "num_boost_round": 23.0}, "datetime": {"datetime": "2024-01-19 00:29:38", "elapsed": 1030.99905, "delta": 0.001817}}
{"target": -13.75853221930259, "params": {"gamma": 554.9720758153851, "log10_alpha": -3.6641039570067546, "log10_colsample_bytree": -0.1609959517794235, "log10_eta": -3.9395311477423034, "log10_lambda": 0.5011938842041213, "log10_min_child_weight": 3.4508126975424407, "log10_subsample": -0.8067636492196204, "max_depth": 2.0, "num_boost_round": 24.0}, "datetime": {"datetime": "2024-01-19 00:29:38", "elapsed": 1031.00088, "delta": 0.00183}}
{"target": -13.758533522823964, "params": {"gamma": 554.9720758153851, "log10_alpha": -3.6641039570067546, "log10_colsample_bytree": -0.1609959517794235, "log10_eta": -3.9395311477423034, "log10_lambda": 0.5011938842041213, "log10_min_child_weight": 3.4508126975424407, "log10_subsample": -0.8067636492196204, "max_depth": 2.0, "num_boost_round": 25.0}, "datetime": {"datetime": "2024-01-19 00:29:38", "elapsed": 1031.002678, "delta": 0.001798}}
{"target": -13.758533268901429, "params": {"gamma": 554.9720758153851, "log10_alpha": -3.6641039570067546, "log10_colsample_bytree": -0.1609959517794235, "log10_eta": -3.9395311477423034, "log10_lambda": 0.5011938842041213, "log10_min_child_weight": 3.4508126975424407, "log10_subsample": -0.8067636492196204, "max_depth": 2.0, "num_boost_round": 26.0}, "datetime": {"datetime": "2024-01-19 00:29:38", "elapsed": 1031.004357, "delta": 0.001679}}
{"target": -13.758532049984595, "params": {"gamma": 554.9720758153851, "log10_alpha": -3.6641039570067546, "log10_colsample_bytree": -0.1609959517794235, "log10_eta": -3.9395311477423034, "log10_lambda": 0.5011938842041213, "log10_min_child_weight": 3.4508126975424407, "log10_subsample": -0.8067636492196204, "max_depth": 2.0, "num_boost_round": 27.0}, "datetime": {"datetime": "2024-01-19 00:29:38", "elapsed": 1031.00603, "delta": 0.001673}}
{"target": -13.758531972585722, "params": {"gamma": 554.9720758153851, "log10_alpha": -3.6641039570067546, "log10_colsample_bytree": -0.1609959517794235, "log10_eta": -3.9395311477423034, "log10_lambda": 0.5011938842041213, "log10_min_child_weight": 3.4508126975424407, "log10_subsample": -0.8067636492196204, "max_depth": 2.0, "num_boost_round": 28.0}, "datetime": {"datetime": "2024-01-19 00:29:38", "elapsed": 1031.007673, "delta": 0.001643}}
{"target": -13.758533374346403, "params": {"gamma": 554.9720758153851, "log10_alpha": -3.6641039570067546, "log10_colsample_bytree": -0.1609959517794235, "log10_eta": -3.9395311477423034, "log10_lambda": 0.5011938842041213, "log10_min_child_weight": 3.4508126975424407, "log10_subsample": -0.8067636492196204, "max_depth": 2.0, "num_boost_round": 29.0}, "datetime": {"datetime": "2024-01-19 00:29:38", "elapsed": 1031.009386, "delta": 0.001713}}
{"target": -13.758533902337732, "params": {"gamma": 554.9720758153851, "log10_alpha": -3.6641039570067546, "log10_colsample_bytree": -0.1609959517794235, "log10_eta": -3.9395311477423034, "log10_lambda": 0.5011938842041213, "log10_min_child_weight": 3.4508126975424407, "log10_subsample": -0.8067636492196204, "max_depth": 2.0, "num_boost_round": 30.0}, "datetime": {"datetime": "2024-01-19 00:29:38", "elapsed": 1031.011053, "delta": 0.001667}}
{"target": -13.758986414335803, "params": {"gamma": 574.1335500161296, "log10_alpha": -0.8938868636977073, "log10_colsample_bytree": -0.20182189348674062, "log10_eta": -1.8583284770899478, "log10_lambda": -2.2244087016783283, "log10_min_child_weight": 2.909767166420723, "log10_subsample": -0.23420363639254171, "max_depth": 8.0, "num_boost_round": 0.0}, "datetime": {"datetime": "2024-01-19 00:30:01", "elapsed": 1053.823056, "delta": 22.812003}}
{"target": -13.759401700854912, "params": {"gamma": 574.1335500161296, "log10_alpha": -0.8938868636977073, "log10_colsample_bytree": -0.20182189348674062, "log10_eta": -1.8583284770899478, "log10_lambda": -2.2244087016783283, "log10_min_child_weight": 2.909767166420723, "log10_subsample": -0.23420363639254171, "max_depth": 8.0, "num_boost_round": 1.0}, "datetime": {"datetime": "2024-01-19 00:30:01", "elapsed": 1053.825236, "delta": 0.00218}}
{"target": -13.759279120131463, "params": {"gamma": 574.1335500161296, "log10_alpha": -0.8938868636977073, "log10_colsample_bytree": -0.20182189348674062, "log10_eta": -1.8583284770899478, "log10_lambda": -2.2244087016783283, "log10_min_child_weight": 2.909767166420723, "log10_subsample": -0.23420363639254171, "max_depth": 8.0, "num_boost_round": 2.0}, "datetime": {"datetime": "2024-01-19 00:30:01", "elapsed": 1053.827171, "delta": 0.001935}}
{"target": -13.758795095144379, "params": {"gamma": 574.1335500161296, "log10_alpha": -0.8938868636977073, "log10_colsample_bytree": -0.20182189348674062, "log10_eta": -1.8583284770899478, "log10_lambda": -2.2244087016783283, "log10_min_child_weight": 2.909767166420723, "log10_subsample": -0.23420363639254171, "max_depth": 8.0, "num_boost_round": 3.0}, "datetime": {"datetime": "2024-01-19 00:30:01", "elapsed": 1053.829176, "delta": 0.002005}}
{"target": -13.758268057660834, "params": {"gamma": 574.1335500161296, "log10_alpha": -0.8938868636977073, "log10_colsample_bytree": -0.20182189348674062, "log10_eta": -1.8583284770899478, "log10_lambda": -2.2244087016783283, "log10_min_child_weight": 2.909767166420723, "log10_subsample": -0.23420363639254171, "max_depth": 8.0, "num_boost_round": 4.0}, "datetime": {"datetime": "2024-01-19 00:30:01", "elapsed": 1053.83093, "delta": 0.001754}}
{"target": -13.75838629966164, "params": {"gamma": 574.1335500161296, "log10_alpha": -0.8938868636977073, "log10_colsample_bytree": -0.20182189348674062, "log10_eta": -1.8583284770899478, "log10_lambda": -2.2244087016783283, "log10_min_child_weight": 2.909767166420723, "log10_subsample": -0.23420363639254171, "max_depth": 8.0, "num_boost_round": 5.0}, "datetime": {"datetime": "2024-01-19 00:30:01", "elapsed": 1053.832652, "delta": 0.001722}}
{"target": -13.758897080306626, "params": {"gamma": 574.1335500161296, "log10_alpha": -0.8938868636977073, "log10_colsample_bytree": -0.20182189348674062, "log10_eta": -1.8583284770899478, "log10_lambda": -2.2244087016783283, "log10_min_child_weight": 2.909767166420723, "log10_subsample": -0.23420363639254171, "max_depth": 8.0, "num_boost_round": 6.0}, "datetime": {"datetime": "2024-01-19 00:30:01", "elapsed": 1053.834533, "delta": 0.001881}}
{"target": -13.758709031750897, "params": {"gamma": 574.1335500161296, "log10_alpha": -0.8938868636977073, "log10_colsample_bytree": -0.20182189348674062, "log10_eta": -1.8583284770899478, "log10_lambda": -2.2244087016783283, "log10_min_child_weight": 2.909767166420723, "log10_subsample": -0.23420363639254171, "max_depth": 8.0, "num_boost_round": 7.0}, "datetime": {"datetime": "2024-01-19 00:30:01", "elapsed": 1053.836292, "delta": 0.001759}}
{"target": -13.759273867473327, "params": {"gamma": 574.1335500161296, "log10_alpha": -0.8938868636977073, "log10_colsample_bytree": -0.20182189348674062, "log10_eta": -1.8583284770899478, "log10_lambda": -2.2244087016783283, "log10_min_child_weight": 2.909767166420723, "log10_subsample": -0.23420363639254171, "max_depth": 8.0, "num_boost_round": 8.0}, "datetime": {"datetime": "2024-01-19 00:30:01", "elapsed": 1053.837998, "delta": 0.001706}}
{"target": -13.759498475669005, "params": {"gamma": 574.1335500161296, "log10_alpha": -0.8938868636977073, "log10_colsample_bytree": -0.20182189348674062, "log10_eta": -1.8583284770899478, "log10_lambda": -2.2244087016783283, "log10_min_child_weight": 2.909767166420723, "log10_subsample": -0.23420363639254171, "max_depth": 8.0, "num_boost_round": 9.0}, "datetime": {"datetime": "2024-01-19 00:30:01", "elapsed": 1053.839712, "delta": 0.001714}}
{"target": -13.758526697921841, "params": {"gamma": 556.4284437606665, "log10_alpha": -0.8113148830920016, "log10_colsample_bytree": -0.8417716203343888, "log10_eta": -3.3280164708078406, "log10_lambda": -2.7484831015146867, "log10_min_child_weight": 2.3614511772134295, "log10_subsample": -0.5991611205237022, "max_depth": 7.0, "num_boost_round": 0.0}, "datetime": {"datetime": "2024-01-19 00:30:37", "elapsed": 1090.258498, "delta": 36.418786}}
{"target": -13.758521802684013, "params": {"gamma": 556.4284437606665, "log10_alpha": -0.8113148830920016, "log10_colsample_bytree": -0.8417716203343888, "log10_eta": -3.3280164708078406, "log10_lambda": -2.7484831015146867, "log10_min_child_weight": 2.3614511772134295, "log10_subsample": -0.5991611205237022, "max_depth": 7.0, "num_boost_round": 1.0}, "datetime": {"datetime": "2024-01-19 00:30:37", "elapsed": 1090.260663, "delta": 0.002165}}
{"target": -13.758501690757862, "params": {"gamma": 556.4284437606665, "log10_alpha": -0.8113148830920016, "log10_colsample_bytree": -0.8417716203343888, "log10_eta": -3.3280164708078406, "log10_lambda": -2.7484831015146867, "log10_min_child_weight": 2.3614511772134295, "log10_subsample": -0.5991611205237022, "max_depth": 7.0, "num_boost_round": 2.0}, "datetime": {"datetime": "2024-01-19 00:30:37", "elapsed": 1090.262939, "delta": 0.002276}}
{"target": -13.758501694918968, "params": {"gamma": 556.4284437606665, "log10_alpha": -0.8113148830920016, "log10_colsample_bytree": -0.8417716203343888, "log10_eta": -3.3280164708078406, "log10_lambda": -2.7484831015146867, "log10_min_child_weight": 2.3614511772134295, "log10_subsample": -0.5991611205237022, "max_depth": 7.0, "num_boost_round": 3.0}, "datetime": {"datetime": "2024-01-19 00:30:37", "elapsed": 1090.26467, "delta": 0.001731}}
{"target": -13.758487119103233, "params": {"gamma": 556.4284437606665, "log10_alpha": -0.8113148830920016, "log10_colsample_bytree": -0.8417716203343888, "log10_eta": -3.3280164708078406, "log10_lambda": -2.7484831015146867, "log10_min_child_weight": 2.3614511772134295, "log10_subsample": -0.5991611205237022, "max_depth": 7.0, "num_boost_round": 4.0}, "datetime": {"datetime": "2024-01-19 00:30:37", "elapsed": 1090.266427, "delta": 0.001757}}
{"target": -13.758469850652093, "params": {"gamma": 556.4284437606665, "log10_alpha": -0.8113148830920016, "log10_colsample_bytree": -0.8417716203343888, "log10_eta": -3.3280164708078406, "log10_lambda": -2.7484831015146867, "log10_min_child_weight": 2.3614511772134295, "log10_subsample": -0.5991611205237022, "max_depth": 7.0, "num_boost_round": 5.0}, "datetime": {"datetime": "2024-01-19 00:30:37", "elapsed": 1090.268182, "delta": 0.001755}}
{"target": -13.758476865273689, "params": {"gamma": 556.4284437606665, "log10_alpha": -0.8113148830920016, "log10_colsample_bytree": -0.8417716203343888, "log10_eta": -3.3280164708078406, "log10_lambda": -2.7484831015146867, "log10_min_child_weight": 2.3614511772134295, "log10_subsample": -0.5991611205237022, "max_depth": 7.0, "num_boost_round": 6.0}, "datetime": {"datetime": "2024-01-19 00:30:37", "elapsed": 1090.269889, "delta": 0.001707}}
{"target": -13.758452103169219, "params": {"gamma": 556.4284437606665, "log10_alpha": -0.8113148830920016, "log10_colsample_bytree": -0.8417716203343888, "log10_eta": -3.3280164708078406, "log10_lambda": -2.7484831015146867, "log10_min_child_weight": 2.3614511772134295, "log10_subsample": -0.5991611205237022, "max_depth": 7.0, "num_boost_round": 7.0}, "datetime": {"datetime": "2024-01-19 00:30:37", "elapsed": 1090.271576, "delta": 0.001687}}
{"target": -13.75844937522075, "params": {"gamma": 556.4284437606665, "log10_alpha": -0.8113148830920016, "log10_colsample_bytree": -0.8417716203343888, "log10_eta": -3.3280164708078406, "log10_lambda": -2.7484831015146867, "log10_min_child_weight": 2.3614511772134295, "log10_subsample": -0.5991611205237022, "max_depth": 7.0, "num_boost_round": 8.0}, "datetime": {"datetime": "2024-01-19 00:30:37", "elapsed": 1090.273505, "delta": 0.001929}}
{"target": -13.75845707008606, "params": {"gamma": 556.4284437606665, "log10_alpha": -0.8113148830920016, "log10_colsample_bytree": -0.8417716203343888, "log10_eta": -3.3280164708078406, "log10_lambda": -2.7484831015146867, "log10_min_child_weight": 2.3614511772134295, "log10_subsample": -0.5991611205237022, "max_depth": 7.0, "num_boost_round": 9.0}, "datetime": {"datetime": "2024-01-19 00:30:37", "elapsed": 1090.275207, "delta": 0.001702}}
{"target": -13.75844568713951, "params": {"gamma": 556.4284437606665, "log10_alpha": -0.8113148830920016, "log10_colsample_bytree": -0.8417716203343888, "log10_eta": -3.3280164708078406, "log10_lambda": -2.7484831015146867, "log10_min_child_weight": 2.3614511772134295, "log10_subsample": -0.5991611205237022, "max_depth": 7.0, "num_boost_round": 10.0}, "datetime": {"datetime": "2024-01-19 00:30:37", "elapsed": 1090.276911, "delta": 0.001704}}
{"target": -13.758437250654419, "params": {"gamma": 556.4284437606665, "log10_alpha": -0.8113148830920016, "log10_colsample_bytree": -0.8417716203343888, "log10_eta": -3.3280164708078406, "log10_lambda": -2.7484831015146867, "log10_min_child_weight": 2.3614511772134295, "log10_subsample": -0.5991611205237022, "max_depth": 7.0, "num_boost_round": 11.0}, "datetime": {"datetime": "2024-01-19 00:30:37", "elapsed": 1090.278629, "delta": 0.001718}}
{"target": -13.758443279715094, "params": {"gamma": 556.4284437606665, "log10_alpha": -0.8113148830920016, "log10_colsample_bytree": -0.8417716203343888, "log10_eta": -3.3280164708078406, "log10_lambda": -2.7484831015146867, "log10_min_child_weight": 2.3614511772134295, "log10_subsample": -0.5991611205237022, "max_depth": 7.0, "num_boost_round": 12.0}, "datetime": {"datetime": "2024-01-19 00:30:37", "elapsed": 1090.280339, "delta": 0.00171}}
{"target": -13.758421069554228, "params": {"gamma": 556.4284437606665, "log10_alpha": -0.8113148830920016, "log10_colsample_bytree": -0.8417716203343888, "log10_eta": -3.3280164708078406, "log10_lambda": -2.7484831015146867, "log10_min_child_weight": 2.3614511772134295, "log10_subsample": -0.5991611205237022, "max_depth": 7.0, "num_boost_round": 13.0}, "datetime": {"datetime": "2024-01-19 00:30:37", "elapsed": 1090.282056, "delta": 0.001717}}
{"target": -13.758416289961996, "params": {"gamma": 556.4284437606665, "log10_alpha": -0.8113148830920016, "log10_colsample_bytree": -0.8417716203343888, "log10_eta": -3.3280164708078406, "log10_lambda": -2.7484831015146867, "log10_min_child_weight": 2.3614511772134295, "log10_subsample": -0.5991611205237022, "max_depth": 7.0, "num_boost_round": 14.0}, "datetime": {"datetime": "2024-01-19 00:30:37", "elapsed": 1090.283766, "delta": 0.00171}}
{"target": -13.758394850246955, "params": {"gamma": 556.4284437606665, "log10_alpha": -0.8113148830920016, "log10_colsample_bytree": -0.8417716203343888, "log10_eta": -3.3280164708078406, "log10_lambda": -2.7484831015146867, "log10_min_child_weight": 2.3614511772134295, "log10_subsample": -0.5991611205237022, "max_depth": 7.0, "num_boost_round": 15.0}, "datetime": {"datetime": "2024-01-19 00:30:37", "elapsed": 1090.285495, "delta": 0.001729}}
{"target": -13.758389039995018, "params": {"gamma": 556.4284437606665, "log10_alpha": -0.8113148830920016, "log10_colsample_bytree": -0.8417716203343888, "log10_eta": -3.3280164708078406, "log10_lambda": -2.7484831015146867, "log10_min_child_weight": 2.3614511772134295, "log10_subsample": -0.5991611205237022, "max_depth": 7.0, "num_boost_round": 16.0}, "datetime": {"datetime": "2024-01-19 00:30:37", "elapsed": 1090.287219, "delta": 0.001724}}
{"target": -13.758377211974862, "params": {"gamma": 556.4284437606665, "log10_alpha": -0.8113148830920016, "log10_colsample_bytree": -0.8417716203343888, "log10_eta": -3.3280164708078406, "log10_lambda": -2.7484831015146867, "log10_min_child_weight": 2.3614511772134295, "log10_subsample": -0.5991611205237022, "max_depth": 7.0, "num_boost_round": 17.0}, "datetime": {"datetime": "2024-01-19 00:30:37", "elapsed": 1090.288936, "delta": 0.001717}}
{"target": -13.758373409278825, "params": {"gamma": 556.4284437606665, "log10_alpha": -0.8113148830920016, "log10_colsample_bytree": -0.8417716203343888, "log10_eta": -3.3280164708078406, "log10_lambda": -2.7484831015146867, "log10_min_child_weight": 2.3614511772134295, "log10_subsample": -0.5991611205237022, "max_depth": 7.0, "num_boost_round": 18.0}, "datetime": {"datetime": "2024-01-19 00:30:37", "elapsed": 1090.290653, "delta": 0.001717}}
