{"target": -17.677090320828196, "params": {"gamma": 876.1601055662155, "log10_alpha": 0.6903818856536823, "log10_colsample_bytree": -0.7069084498453276, "log10_eta": -3.8049488066449997, "log10_lambda": -2.2265730448568855, "log10_min_child_weight": 1.9056579275811925, "log10_subsample": -0.7195949742959104, "max_depth": 7.0, "num_boost_round": 17.0}, "datetime": {"datetime": "2024-01-19 01:32:30", "elapsed": 4831.09665, "delta": 0.005192}}
{"target": -17.677094191273095, "params": {"gamma": 876.1601055662155, "log10_alpha": 0.6903818856536823, "log10_colsample_bytree": -0.7069084498453276, "log10_eta": -3.8049488066449997, "log10_lambda": -2.2265730448568855, "log10_min_child_weight": 1.9056579275811925, "log10_subsample": -0.7195949742959104, "max_depth": 7.0, "num_boost_round": 18.0}, "datetime": {"datetime": "2024-01-19 01:32:30", "elapsed": 4831.101885, "delta": 0.005235}}
{"target": -17.6770787573568, "params": {"gamma": 876.1601055662155, "log10_alpha": 0.6903818856536823, "log10_colsample_bytree": -0.7069084498453276, "log10_eta": -3.8049488066449997, "log10_lambda": -2.2265730448568855, "log10_min_child_weight": 1.9056579275811925, "log10_subsample": -0.7195949742959104, "max_depth": 7.0, "num_boost_round": 19.0}, "datetime": {"datetime": "2024-01-19 01:32:30", "elapsed": 4831.107014, "delta": 0.005129}}
{"target": -17.67706704599732, "params": {"gamma": 876.1601055662155, "log10_alpha": 0.6903818856536823, "log10_colsample_bytree": -0.7069084498453276, "log10_eta": -3.8049488066449997, "log10_lambda": -2.2265730448568855, "log10_min_child_weight": 1.9056579275811925, "log10_subsample": -0.7195949742959104, "max_depth": 7.0, "num_boost_round": 20.0}, "datetime": {"datetime": "2024-01-19 01:32:30", "elapsed": 4831.112227, "delta": 0.005213}}
{"target": -17.67705642418403, "params": {"gamma": 876.1601055662155, "log10_alpha": 0.6903818856536823, "log10_colsample_bytree": -0.7069084498453276, "log10_eta": -3.8049488066449997, "log10_lambda": -2.2265730448568855, "log10_min_child_weight": 1.9056579275811925, "log10_subsample": -0.7195949742959104, "max_depth": 7.0, "num_boost_round": 21.0}, "datetime": {"datetime": "2024-01-19 01:32:30", "elapsed": 4831.117332, "delta": 0.005105}}
{"target": -17.677041936478705, "params": {"gamma": 876.1601055662155, "log10_alpha": 0.6903818856536823, "log10_colsample_bytree": -0.7069084498453276, "log10_eta": -3.8049488066449997, "log10_lambda": -2.2265730448568855, "log10_min_child_weight": 1.9056579275811925, "log10_subsample": -0.7195949742959104, "max_depth": 7.0, "num_boost_round": 22.0}, "datetime": {"datetime": "2024-01-19 01:32:30", "elapsed": 4831.122532, "delta": 0.0052}}
{"target": -17.677027558998134, "params": {"gamma": 876.1601055662155, "log10_alpha": 0.6903818856536823, "log10_colsample_bytree": -0.7069084498453276, "log10_eta": -3.8049488066449997, "log10_lambda": -2.2265730448568855, "log10_min_child_weight": 1.9056579275811925, "log10_subsample": -0.7195949742959104, "max_depth": 7.0, "num_boost_round": 23.0}, "datetime": {"datetime": "2024-01-19 01:32:30", "elapsed": 4831.12777, "delta": 0.005238}}
{"target": -17.67702429809402, "params": {"gamma": 876.1601055662155, "log10_alpha": 0.6903818856536823, "log10_colsample_bytree": -0.7069084498453276, "log10_eta": -3.8049488066449997, "log10_lambda": -2.2265730448568855, "log10_min_child_weight": 1.9056579275811925, "log10_subsample": -0.7195949742959104, "max_depth": 7.0, "num_boost_round": 24.0}, "datetime": {"datetime": "2024-01-19 01:32:30", "elapsed": 4831.133034, "delta": 0.005264}}
{"target": -17.677015848667835, "params": {"gamma": 876.1601055662155, "log10_alpha": 0.6903818856536823, "log10_colsample_bytree": -0.7069084498453276, "log10_eta": -3.8049488066449997, "log10_lambda": -2.2265730448568855, "log10_min_child_weight": 1.9056579275811925, "log10_subsample": -0.7195949742959104, "max_depth": 7.0, "num_boost_round": 25.0}, "datetime": {"datetime": "2024-01-19 01:32:30", "elapsed": 4831.138123, "delta": 0.005089}}
{"target": -17.677004806249702, "params": {"gamma": 876.1601055662155, "log10_alpha": 0.6903818856536823, "log10_colsample_bytree": -0.7069084498453276, "log10_eta": -3.8049488066449997, "log10_lambda": -2.2265730448568855, "log10_min_child_weight": 1.9056579275811925, "log10_subsample": -0.7195949742959104, "max_depth": 7.0, "num_boost_round": 26.0}, "datetime": {"datetime": "2024-01-19 01:32:30", "elapsed": 4831.143151, "delta": 0.005028}}
{"target": -17.676998139489854, "params": {"gamma": 876.1601055662155, "log10_alpha": 0.6903818856536823, "log10_colsample_bytree": -0.7069084498453276, "log10_eta": -3.8049488066449997, "log10_lambda": -2.2265730448568855, "log10_min_child_weight": 1.9056579275811925, "log10_subsample": -0.7195949742959104, "max_depth": 7.0, "num_boost_round": 27.0}, "datetime": {"datetime": "2024-01-19 01:32:30", "elapsed": 4831.14813, "delta": 0.004979}}
{"target": -17.67698628706812, "params": {"gamma": 876.1601055662155, "log10_alpha": 0.6903818856536823, "log10_colsample_bytree": -0.7069084498453276, "log10_eta": -3.8049488066449997, "log10_lambda": -2.2265730448568855, "log10_min_child_weight": 1.9056579275811925, "log10_subsample": -0.7195949742959104, "max_depth": 7.0, "num_boost_round": 28.0}, "datetime": {"datetime": "2024-01-19 01:32:30", "elapsed": 4831.153231, "delta": 0.005101}}
{"target": -17.676983203452593, "params": {"gamma": 876.1601055662155, "log10_alpha": 0.6903818856536823, "log10_colsample_bytree": -0.7069084498453276, "log10_eta": -3.8049488066449997, "log10_lambda": -2.2265730448568855, "log10_min_child_weight": 1.9056579275811925, "log10_subsample": -0.7195949742959104, "max_depth": 7.0, "num_boost_round": 29.0}, "datetime": {"datetime": "2024-01-19 01:32:30", "elapsed": 4831.158138, "delta": 0.004907}}
{"target": -17.676982983232175, "params": {"gamma": 876.1601055662155, "log10_alpha": 0.6903818856536823, "log10_colsample_bytree": -0.7069084498453276, "log10_eta": -3.8049488066449997, "log10_lambda": -2.2265730448568855, "log10_min_child_weight": 1.9056579275811925, "log10_subsample": -0.7195949742959104, "max_depth": 7.0, "num_boost_round": 30.0}, "datetime": {"datetime": "2024-01-19 01:32:30", "elapsed": 4831.163164, "delta": 0.005026}}
{"target": -17.676974029449383, "params": {"gamma": 876.1601055662155, "log10_alpha": 0.6903818856536823, "log10_colsample_bytree": -0.7069084498453276, "log10_eta": -3.8049488066449997, "log10_lambda": -2.2265730448568855, "log10_min_child_weight": 1.9056579275811925, "log10_subsample": -0.7195949742959104, "max_depth": 7.0, "num_boost_round": 31.0}, "datetime": {"datetime": "2024-01-19 01:32:30", "elapsed": 4831.16818, "delta": 0.005016}}
{"target": -17.67696478694466, "params": {"gamma": 876.1601055662155, "log10_alpha": 0.6903818856536823, "log10_colsample_bytree": -0.7069084498453276, "log10_eta": -3.8049488066449997, "log10_lambda": -2.2265730448568855, "log10_min_child_weight": 1.9056579275811925, "log10_subsample": -0.7195949742959104, "max_depth": 7.0, "num_boost_round": 32.0}, "datetime": {"datetime": "2024-01-19 01:32:30", "elapsed": 4831.173457, "delta": 0.005277}}
{"target": -17.676953899375018, "params": {"gamma": 876.1601055662155, "log10_alpha": 0.6903818856536823, "log10_colsample_bytree": -0.7069084498453276, "log10_eta": -3.8049488066449997, "log10_lambda": -2.2265730448568855, "log10_min_child_weight": 1.9056579275811925, "log10_subsample": -0.7195949742959104, "max_depth": 7.0, "num_boost_round": 33.0}, "datetime": {"datetime": "2024-01-19 01:32:30", "elapsed": 4831.178676, "delta": 0.005219}}
{"target": -17.676945671317522, "params": {"gamma": 876.1601055662155, "log10_alpha": 0.6903818856536823, "log10_colsample_bytree": -0.7069084498453276, "log10_eta": -3.8049488066449997, "log10_lambda": -2.2265730448568855, "log10_min_child_weight": 1.9056579275811925, "log10_subsample": -0.7195949742959104, "max_depth": 7.0, "num_boost_round": 34.0}, "datetime": {"datetime": "2024-01-19 01:32:30", "elapsed": 4831.183817, "delta": 0.005141}}
{"target": -17.67693419860313, "params": {"gamma": 876.1601055662155, "log10_alpha": 0.6903818856536823, "log10_colsample_bytree": -0.7069084498453276, "log10_eta": -3.8049488066449997, "log10_lambda": -2.2265730448568855, "log10_min_child_weight": 1.9056579275811925, "log10_subsample": -0.7195949742959104, "max_depth": 7.0, "num_boost_round": 35.0}, "datetime": {"datetime": "2024-01-19 01:32:30", "elapsed": 4831.188952, "delta": 0.005135}}
{"target": -17.67693809233489, "params": {"gamma": 876.1601055662155, "log10_alpha": 0.6903818856536823, "log10_colsample_bytree": -0.7069084498453276, "log10_eta": -3.8049488066449997, "log10_lambda": -2.2265730448568855, "log10_min_child_weight": 1.9056579275811925, "log10_subsample": -0.7195949742959104, "max_depth": 7.0, "num_boost_round": 36.0}, "datetime": {"datetime": "2024-01-19 01:32:30", "elapsed": 4831.194212, "delta": 0.00526}}
{"target": -17.67693042455987, "params": {"gamma": 876.1601055662155, "log10_alpha": 0.6903818856536823, "log10_colsample_bytree": -0.7069084498453276, "log10_eta": -3.8049488066449997, "log10_lambda": -2.2265730448568855, "log10_min_child_weight": 1.9056579275811925, "log10_subsample": -0.7195949742959104, "max_depth": 7.0, "num_boost_round": 37.0}, "datetime": {"datetime": "2024-01-19 01:32:30", "elapsed": 4831.199338, "delta": 0.005126}}
{"target": -17.6769293010717, "params": {"gamma": 876.1601055662155, "log10_alpha": 0.6903818856536823, "log10_colsample_bytree": -0.7069084498453276, "log10_eta": -3.8049488066449997, "log10_lambda": -2.2265730448568855, "log10_min_child_weight": 1.9056579275811925, "log10_subsample": -0.7195949742959104, "max_depth": 7.0, "num_boost_round": 38.0}, "datetime": {"datetime": "2024-01-19 01:32:30", "elapsed": 4831.204485, "delta": 0.005147}}
{"target": -17.676929821700316, "params": {"gamma": 876.1601055662155, "log10_alpha": 0.6903818856536823, "log10_colsample_bytree": -0.7069084498453276, "log10_eta": -3.8049488066449997, "log10_lambda": -2.2265730448568855, "log10_min_child_weight": 1.9056579275811925, "log10_subsample": -0.7195949742959104, "max_depth": 7.0, "num_boost_round": 39.0}, "datetime": {"datetime": "2024-01-19 01:32:30", "elapsed": 4831.209625, "delta": 0.00514}}
{"target": -17.676933520397174, "params": {"gamma": 876.1601055662155, "log10_alpha": 0.6903818856536823, "log10_colsample_bytree": -0.7069084498453276, "log10_eta": -3.8049488066449997, "log10_lambda": -2.2265730448568855, "log10_min_child_weight": 1.9056579275811925, "log10_subsample": -0.7195949742959104, "max_depth": 7.0, "num_boost_round": 40.0}, "datetime": {"datetime": "2024-01-19 01:32:30", "elapsed": 4831.21487, "delta": 0.005245}}
{"target": -17.6769318225518, "params": {"gamma": 876.1601055662155, "log10_alpha": 0.6903818856536823, "log10_colsample_bytree": -0.7069084498453276, "log10_eta": -3.8049488066449997, "log10_lambda": -2.2265730448568855, "log10_min_child_weight": 1.9056579275811925, "log10_subsample": -0.7195949742959104, "max_depth": 7.0, "num_boost_round": 41.0}, "datetime": {"datetime": "2024-01-19 01:32:30", "elapsed": 4831.219928, "delta": 0.005058}}
{"target": -17.676918078853085, "params": {"gamma": 876.1601055662155, "log10_alpha": 0.6903818856536823, "log10_colsample_bytree": -0.7069084498453276, "log10_eta": -3.8049488066449997, "log10_lambda": -2.2265730448568855, "log10_min_child_weight": 1.9056579275811925, "log10_subsample": -0.7195949742959104, "max_depth": 7.0, "num_boost_round": 42.0}, "datetime": {"datetime": "2024-01-19 01:32:30", "elapsed": 4831.225427, "delta": 0.005499}}
{"target": -17.677228714046862, "params": {"gamma": 859.9934015113602, "log10_alpha": -1.052216682139878, "log10_colsample_bytree": -0.4695623203442316, "log10_eta": -3.743024985413175, "log10_lambda": 0.20485101998687227, "log10_min_child_weight": 1.2588783673704362, "log10_subsample": -0.29038686185986184, "max_depth": 2.0, "num_boost_round": 0.0}, "datetime": {"datetime": "2024-01-19 01:33:27", "elapsed": 4888.610914, "delta": 57.385487}}
{"target": -17.677223863241444, "params": {"gamma": 859.9934015113602, "log10_alpha": -1.052216682139878, "log10_colsample_bytree": -0.4695623203442316, "log10_eta": -3.743024985413175, "log10_lambda": 0.20485101998687227, "log10_min_child_weight": 1.2588783673704362, "log10_subsample": -0.29038686185986184, "max_depth": 2.0, "num_boost_round": 1.0}, "datetime": {"datetime": "2024-01-19 01:33:27", "elapsed": 4888.616331, "delta": 0.005417}}
{"target": -17.677218893999342, "params": {"gamma": 859.9934015113602, "log10_alpha": -1.052216682139878, "log10_colsample_bytree": -0.4695623203442316, "log10_eta": -3.743024985413175, "log10_lambda": 0.20485101998687227, "log10_min_child_weight": 1.2588783673704362, "log10_subsample": -0.29038686185986184, "max_depth": 2.0, "num_boost_round": 2.0}, "datetime": {"datetime": "2024-01-19 01:33:27", "elapsed": 4888.62264, "delta": 0.006309}}
{"target": -17.677215362177385, "params": {"gamma": 859.9934015113602, "log10_alpha": -1.052216682139878, "log10_colsample_bytree": -0.4695623203442316, "log10_eta": -3.743024985413175, "log10_lambda": 0.20485101998687227, "log10_min_child_weight": 1.2588783673704362, "log10_subsample": -0.29038686185986184, "max_depth": 2.0, "num_boost_round": 3.0}, "datetime": {"datetime": "2024-01-19 01:33:27", "elapsed": 4888.628016, "delta": 0.005376}}
{"target": -17.67720971885281, "params": {"gamma": 859.9934015113602, "log10_alpha": -1.052216682139878, "log10_colsample_bytree": -0.4695623203442316, "log10_eta": -3.743024985413175, "log10_lambda": 0.20485101998687227, "log10_min_child_weight": 1.2588783673704362, "log10_subsample": -0.29038686185986184, "max_depth": 2.0, "num_boost_round": 4.0}, "datetime": {"datetime": "2024-01-19 01:33:28", "elapsed": 4888.764127, "delta": 0.136111}}
{"target": -17.677206166928983, "params": {"gamma": 859.9934015113602, "log10_alpha": -1.052216682139878, "log10_colsample_bytree": -0.4695623203442316, "log10_eta": -3.743024985413175, "log10_lambda": 0.20485101998687227, "log10_min_child_weight": 1.2588783673704362, "log10_subsample": -0.29038686185986184, "max_depth": 2.0, "num_boost_round": 5.0}, "datetime": {"datetime": "2024-01-19 01:33:28", "elapsed": 4888.770257, "delta": 0.00613}}
{"target": -17.677200149637212, "params": {"gamma": 859.9934015113602, "log10_alpha": -1.052216682139878, "log10_colsample_bytree": -0.4695623203442316, "log10_eta": -3.743024985413175, "log10_lambda": 0.20485101998687227, "log10_min_child_weight": 1.2588783673704362, "log10_subsample": -0.29038686185986184, "max_depth": 2.0, "num_boost_round": 6.0}, "datetime": {"datetime": "2024-01-19 01:33:28", "elapsed": 4888.776226, "delta": 0.005969}}
{"target": -17.677196864090185, "params": {"gamma": 859.9934015113602, "log10_alpha": -1.052216682139878, "log10_colsample_bytree": -0.4695623203442316, "log10_eta": -3.743024985413175, "log10_lambda": 0.20485101998687227, "log10_min_child_weight": 1.2588783673704362, "log10_subsample": -0.29038686185986184, "max_depth": 2.0, "num_boost_round": 7.0}, "datetime": {"datetime": "2024-01-19 01:33:28", "elapsed": 4888.781755, "delta": 0.005529}}
{"target": -17.677192640721824, "params": {"gamma": 859.9934015113602, "log10_alpha": -1.052216682139878, "log10_colsample_bytree": -0.4695623203442316, "log10_eta": -3.743024985413175, "log10_lambda": 0.20485101998687227, "log10_min_child_weight": 1.2588783673704362, "log10_subsample": -0.29038686185986184, "max_depth": 2.0, "num_boost_round": 8.0}, "datetime": {"datetime": "2024-01-19 01:33:28", "elapsed": 4888.7873, "delta": 0.005545}}
{"target": -17.677186127417553, "params": {"gamma": 859.9934015113602, "log10_alpha": -1.052216682139878, "log10_colsample_bytree": -0.4695623203442316, "log10_eta": -3.743024985413175, "log10_lambda": 0.20485101998687227, "log10_min_child_weight": 1.2588783673704362, "log10_subsample": -0.29038686185986184, "max_depth": 2.0, "num_boost_round": 9.0}, "datetime": {"datetime": "2024-01-19 01:33:28", "elapsed": 4888.792431, "delta": 0.005131}}
{"target": -17.67718140359814, "params": {"gamma": 859.9934015113602, "log10_alpha": -1.052216682139878, "log10_colsample_bytree": -0.4695623203442316, "log10_eta": -3.743024985413175, "log10_lambda": 0.20485101998687227, "log10_min_child_weight": 1.2588783673704362, "log10_subsample": -0.29038686185986184, "max_depth": 2.0, "num_boost_round": 10.0}, "datetime": {"datetime": "2024-01-19 01:33:28", "elapsed": 4888.797749, "delta": 0.005318}}
{"target": -17.677177242636645, "params": {"gamma": 859.9934015113602, "log10_alpha": -1.052216682139878, "log10_colsample_bytree": -0.4695623203442316, "log10_eta": -3.743024985413175, "log10_lambda": 0.20485101998687227, "log10_min_child_weight": 1.2588783673704362, "log10_subsample": -0.29038686185986184, "max_depth": 2.0, "num_boost_round": 11.0}, "datetime": {"datetime": "2024-01-19 01:33:28", "elapsed": 4888.803259, "delta": 0.00551}}
{"target": -17.677171216049995, "params": {"gamma": 859.9934015113602, "log10_alpha": -1.052216682139878, "log10_colsample_bytree": -0.4695623203442316, "log10_eta": -3.743024985413175, "log10_lambda": 0.20485101998687227, "log10_min_child_weight": 1.2588783673704362, "log10_subsample": -0.29038686185986184, "max_depth": 2.0, "num_boost_round": 12.0}, "datetime": {"datetime": "2024-01-19 01:33:28", "elapsed": 4888.808987, "delta": 0.005728}}
{"target": -17.67716537746668, "params": {"gamma": 859.9934015113602, "log10_alpha": -1.052216682139878, "log10_colsample_bytree": -0.4695623203442316, "log10_eta": -3.743024985413175, "log10_lambda": 0.20485101998687227, "log10_min_child_weight": 1.2588783673704362, "log10_subsample": -0.29038686185986184, "max_depth": 2.0, "num_boost_round": 13.0}, "datetime": {"datetime": "2024-01-19 01:33:28", "elapsed": 4888.814344, "delta": 0.005357}}
{"target": -17.67716407220133, "params": {"gamma": 859.9934015113602, "log10_alpha": -1.052216682139878, "log10_colsample_bytree": -0.4695623203442316, "log10_eta": -3.743024985413175, "log10_lambda": 0.20485101998687227, "log10_min_child_weight": 1.2588783673704362, "log10_subsample": -0.29038686185986184, "max_depth": 2.0, "num_boost_round": 14.0}, "datetime": {"datetime": "2024-01-19 01:33:28", "elapsed": 4888.819667, "delta": 0.005323}}
{"target": -17.677158510878705, "params": {"gamma": 859.9934015113602, "log10_alpha": -1.052216682139878, "log10_colsample_bytree": -0.4695623203442316, "log10_eta": -3.743024985413175, "log10_lambda": 0.20485101998687227, "log10_min_child_weight": 1.2588783673704362, "log10_subsample": -0.29038686185986184, "max_depth": 2.0, "num_boost_round": 15.0}, "datetime": {"datetime": "2024-01-19 01:33:28", "elapsed": 4888.824913, "delta": 0.005246}}
{"target": -17.677153825447586, "params": {"gamma": 859.9934015113602, "log10_alpha": -1.052216682139878, "log10_colsample_bytree": -0.4695623203442316, "log10_eta": -3.743024985413175, "log10_lambda": 0.20485101998687227, "log10_min_child_weight": 1.2588783673704362, "log10_subsample": -0.29038686185986184, "max_depth": 2.0, "num_boost_round": 16.0}, "datetime": {"datetime": "2024-01-19 01:33:28", "elapsed": 4888.830634, "delta": 0.005721}}
{"target": -17.677151306702758, "params": {"gamma": 859.9934015113602, "log10_alpha": -1.052216682139878, "log10_colsample_bytree": -0.4695623203442316, "log10_eta": -3.743024985413175, "log10_lambda": 0.20485101998687227, "log10_min_child_weight": 1.2588783673704362, "log10_subsample": -0.29038686185986184, "max_depth": 2.0, "num_boost_round": 17.0}, "datetime": {"datetime": "2024-01-19 01:33:28", "elapsed": 4888.836298, "delta": 0.005664}}
{"target": -17.67715062888331, "params": {"gamma": 859.9934015113602, "log10_alpha": -1.052216682139878, "log10_colsample_bytree": -0.4695623203442316, "log10_eta": -3.743024985413175, "log10_lambda": 0.20485101998687227, "log10_min_child_weight": 1.2588783673704362, "log10_subsample": -0.29038686185986184, "max_depth": 2.0, "num_boost_round": 18.0}, "datetime": {"datetime": "2024-01-19 01:33:28", "elapsed": 4888.841902, "delta": 0.005604}}
{"target": -17.67714643708231, "params": {"gamma": 859.9934015113602, "log10_alpha": -1.052216682139878, "log10_colsample_bytree": -0.4695623203442316, "log10_eta": -3.743024985413175, "log10_lambda": 0.20485101998687227, "log10_min_child_weight": 1.2588783673704362, "log10_subsample": -0.29038686185986184, "max_depth": 2.0, "num_boost_round": 19.0}, "datetime": {"datetime": "2024-01-19 01:33:28", "elapsed": 4888.847446, "delta": 0.005544}}
{"target": -17.67714160156539, "params": {"gamma": 859.9934015113602, "log10_alpha": -1.052216682139878, "log10_colsample_bytree": -0.4695623203442316, "log10_eta": -3.743024985413175, "log10_lambda": 0.20485101998687227, "log10_min_child_weight": 1.2588783673704362, "log10_subsample": -0.29038686185986184, "max_depth": 2.0, "num_boost_round": 20.0}, "datetime": {"datetime": "2024-01-19 01:33:28", "elapsed": 4888.854229, "delta": 0.006783}}
{"target": -17.677136391595056, "params": {"gamma": 859.9934015113602, "log10_alpha": -1.052216682139878, "log10_colsample_bytree": -0.4695623203442316, "log10_eta": -3.743024985413175, "log10_lambda": 0.20485101998687227, "log10_min_child_weight": 1.2588783673704362, "log10_subsample": -0.29038686185986184, "max_depth": 2.0, "num_boost_round": 21.0}, "datetime": {"datetime": "2024-01-19 01:33:28", "elapsed": 4888.859943, "delta": 0.005714}}
{"target": -17.677133230894935, "params": {"gamma": 859.9934015113602, "log10_alpha": -1.052216682139878, "log10_colsample_bytree": -0.4695623203442316, "log10_eta": -3.743024985413175, "log10_lambda": 0.20485101998687227, "log10_min_child_weight": 1.2588783673704362, "log10_subsample": -0.29038686185986184, "max_depth": 2.0, "num_boost_round": 22.0}, "datetime": {"datetime": "2024-01-19 01:33:28", "elapsed": 4888.865598, "delta": 0.005655}}
