{"target": -13.758723397118377, "params": {"gamma": 390.2420496271419, "log10_alpha": -3.5374108564234747, "log10_colsample_bytree": -0.6438937817291195, "log10_eta": -1.5209333112656056, "log10_lambda": -3.141754126585494, "log10_min_child_weight": 4.086605484275335, "log10_subsample": -0.5712336322608547, "max_depth": 5.0, "num_boost_round": 14.0}, "datetime": {"datetime": "2024-01-19 01:37:38", "elapsed": 5161.550828, "delta": 0.005753}}
{"target": -13.758302853404457, "params": {"gamma": 390.2420496271419, "log10_alpha": -3.5374108564234747, "log10_colsample_bytree": -0.6438937817291195, "log10_eta": -1.5209333112656056, "log10_lambda": -3.141754126585494, "log10_min_child_weight": 4.086605484275335, "log10_subsample": -0.5712336322608547, "max_depth": 5.0, "num_boost_round": 15.0}, "datetime": {"datetime": "2024-01-19 01:37:38", "elapsed": 5161.556513, "delta": 0.005685}}
{"target": -13.758414875899465, "params": {"gamma": 390.2420496271419, "log10_alpha": -3.5374108564234747, "log10_colsample_bytree": -0.6438937817291195, "log10_eta": -1.5209333112656056, "log10_lambda": -3.141754126585494, "log10_min_child_weight": 4.086605484275335, "log10_subsample": -0.5712336322608547, "max_depth": 5.0, "num_boost_round": 16.0}, "datetime": {"datetime": "2024-01-19 01:37:38", "elapsed": 5161.562191, "delta": 0.005678}}
{"target": -13.758439805141618, "params": {"gamma": 390.2420496271419, "log10_alpha": -3.5374108564234747, "log10_colsample_bytree": -0.6438937817291195, "log10_eta": -1.5209333112656056, "log10_lambda": -3.141754126585494, "log10_min_child_weight": 4.086605484275335, "log10_subsample": -0.5712336322608547, "max_depth": 5.0, "num_boost_round": 17.0}, "datetime": {"datetime": "2024-01-19 01:37:38", "elapsed": 5161.567863, "delta": 0.005672}}
{"target": -13.7585363422704, "params": {"gamma": 390.2420496271419, "log10_alpha": -3.5374108564234747, "log10_colsample_bytree": -0.6438937817291195, "log10_eta": -1.5209333112656056, "log10_lambda": -3.141754126585494, "log10_min_child_weight": 4.086605484275335, "log10_subsample": -0.5712336322608547, "max_depth": 5.0, "num_boost_round": 18.0}, "datetime": {"datetime": "2024-01-19 01:37:38", "elapsed": 5161.574051, "delta": 0.006188}}
{"target": -13.758467576083845, "params": {"gamma": 390.2420496271419, "log10_alpha": -3.5374108564234747, "log10_colsample_bytree": -0.6438937817291195, "log10_eta": -1.5209333112656056, "log10_lambda": -3.141754126585494, "log10_min_child_weight": 4.086605484275335, "log10_subsample": -0.5712336322608547, "max_depth": 5.0, "num_boost_round": 19.0}, "datetime": {"datetime": "2024-01-19 01:37:38", "elapsed": 5161.580605, "delta": 0.006554}}
{"target": -13.758769167422708, "params": {"gamma": 390.2420496271419, "log10_alpha": -3.5374108564234747, "log10_colsample_bytree": -0.6438937817291195, "log10_eta": -1.5209333112656056, "log10_lambda": -3.141754126585494, "log10_min_child_weight": 4.086605484275335, "log10_subsample": -0.5712336322608547, "max_depth": 5.0, "num_boost_round": 20.0}, "datetime": {"datetime": "2024-01-19 01:37:38", "elapsed": 5161.586275, "delta": 0.00567}}
{"target": -13.759182024921973, "params": {"gamma": 390.2420496271419, "log10_alpha": -3.5374108564234747, "log10_colsample_bytree": -0.6438937817291195, "log10_eta": -1.5209333112656056, "log10_lambda": -3.141754126585494, "log10_min_child_weight": 4.086605484275335, "log10_subsample": -0.5712336322608547, "max_depth": 5.0, "num_boost_round": 21.0}, "datetime": {"datetime": "2024-01-19 01:37:38", "elapsed": 5161.592341, "delta": 0.006066}}
{"target": -13.7595516055958, "params": {"gamma": 390.2420496271419, "log10_alpha": -3.5374108564234747, "log10_colsample_bytree": -0.6438937817291195, "log10_eta": -1.5209333112656056, "log10_lambda": -3.141754126585494, "log10_min_child_weight": 4.086605484275335, "log10_subsample": -0.5712336322608547, "max_depth": 5.0, "num_boost_round": 22.0}, "datetime": {"datetime": "2024-01-19 01:37:38", "elapsed": 5161.59865, "delta": 0.006309}}
{"target": -13.75853837268578, "params": {"gamma": 388.60867743824633, "log10_alpha": -2.350740282816294, "log10_colsample_bytree": -0.3693838832650084, "log10_eta": -2.1116804362046304, "log10_lambda": -4.302302855384683, "log10_min_child_weight": 4.971664802839208, "log10_subsample": -0.9735096804281249, "max_depth": 7.0, "num_boost_round": 0.0}, "datetime": {"datetime": "2024-01-19 01:38:59", "elapsed": 5242.149375, "delta": 80.550725}}
{"target": -13.758538391642093, "params": {"gamma": 388.60867743824633, "log10_alpha": -2.350740282816294, "log10_colsample_bytree": -0.3693838832650084, "log10_eta": -2.1116804362046304, "log10_lambda": -4.302302855384683, "log10_min_child_weight": 4.971664802839208, "log10_subsample": -0.9735096804281249, "max_depth": 7.0, "num_boost_round": 1.0}, "datetime": {"datetime": "2024-01-19 01:38:59", "elapsed": 5242.155825, "delta": 0.00645}}
{"target": -13.758538295272308, "params": {"gamma": 388.60867743824633, "log10_alpha": -2.350740282816294, "log10_colsample_bytree": -0.3693838832650084, "log10_eta": -2.1116804362046304, "log10_lambda": -4.302302855384683, "log10_min_child_weight": 4.971664802839208, "log10_subsample": -0.9735096804281249, "max_depth": 7.0, "num_boost_round": 2.0}, "datetime": {"datetime": "2024-01-19 01:38:59", "elapsed": 5242.161529, "delta": 0.005704}}
{"target": -13.758538348333692, "params": {"gamma": 388.60867743824633, "log10_alpha": -2.350740282816294, "log10_colsample_bytree": -0.3693838832650084, "log10_eta": -2.1116804362046304, "log10_lambda": -4.302302855384683, "log10_min_child_weight": 4.971664802839208, "log10_subsample": -0.9735096804281249, "max_depth": 7.0, "num_boost_round": 3.0}, "datetime": {"datetime": "2024-01-19 01:38:59", "elapsed": 5242.167245, "delta": 0.005716}}
{"target": -13.758538572164753, "params": {"gamma": 388.60867743824633, "log10_alpha": -2.350740282816294, "log10_colsample_bytree": -0.3693838832650084, "log10_eta": -2.1116804362046304, "log10_lambda": -4.302302855384683, "log10_min_child_weight": 4.971664802839208, "log10_subsample": -0.9735096804281249, "max_depth": 7.0, "num_boost_round": 4.0}, "datetime": {"datetime": "2024-01-19 01:38:59", "elapsed": 5242.173156, "delta": 0.005911}}
{"target": -13.75853876078671, "params": {"gamma": 388.60867743824633, "log10_alpha": -2.350740282816294, "log10_colsample_bytree": -0.3693838832650084, "log10_eta": -2.1116804362046304, "log10_lambda": -4.302302855384683, "log10_min_child_weight": 4.971664802839208, "log10_subsample": -0.9735096804281249, "max_depth": 7.0, "num_boost_round": 5.0}, "datetime": {"datetime": "2024-01-19 01:38:59", "elapsed": 5242.179078, "delta": 0.005922}}
{"target": -13.758538590834538, "params": {"gamma": 388.60867743824633, "log10_alpha": -2.350740282816294, "log10_colsample_bytree": -0.3693838832650084, "log10_eta": -2.1116804362046304, "log10_lambda": -4.302302855384683, "log10_min_child_weight": 4.971664802839208, "log10_subsample": -0.9735096804281249, "max_depth": 7.0, "num_boost_round": 6.0}, "datetime": {"datetime": "2024-01-19 01:38:59", "elapsed": 5242.18502, "delta": 0.005942}}
{"target": -13.758538165480482, "params": {"gamma": 388.60867743824633, "log10_alpha": -2.350740282816294, "log10_colsample_bytree": -0.3693838832650084, "log10_eta": -2.1116804362046304, "log10_lambda": -4.302302855384683, "log10_min_child_weight": 4.971664802839208, "log10_subsample": -0.9735096804281249, "max_depth": 7.0, "num_boost_round": 7.0}, "datetime": {"datetime": "2024-01-19 01:38:59", "elapsed": 5242.190876, "delta": 0.005856}}
{"target": -13.758538152395444, "params": {"gamma": 388.60867743824633, "log10_alpha": -2.350740282816294, "log10_colsample_bytree": -0.3693838832650084, "log10_eta": -2.1116804362046304, "log10_lambda": -4.302302855384683, "log10_min_child_weight": 4.971664802839208, "log10_subsample": -0.9735096804281249, "max_depth": 7.0, "num_boost_round": 8.0}, "datetime": {"datetime": "2024-01-19 01:38:59", "elapsed": 5242.196765, "delta": 0.005889}}
{"target": -13.758537960887747, "params": {"gamma": 388.60867743824633, "log10_alpha": -2.350740282816294, "log10_colsample_bytree": -0.3693838832650084, "log10_eta": -2.1116804362046304, "log10_lambda": -4.302302855384683, "log10_min_child_weight": 4.971664802839208, "log10_subsample": -0.9735096804281249, "max_depth": 7.0, "num_boost_round": 9.0}, "datetime": {"datetime": "2024-01-19 01:38:59", "elapsed": 5242.202412, "delta": 0.005647}}
{"target": -13.758537908533622, "params": {"gamma": 388.60867743824633, "log10_alpha": -2.350740282816294, "log10_colsample_bytree": -0.3693838832650084, "log10_eta": -2.1116804362046304, "log10_lambda": -4.302302855384683, "log10_min_child_weight": 4.971664802839208, "log10_subsample": -0.9735096804281249, "max_depth": 7.0, "num_boost_round": 10.0}, "datetime": {"datetime": "2024-01-19 01:38:59", "elapsed": 5242.208172, "delta": 0.00576}}
{"target": -13.758537868483034, "params": {"gamma": 388.60867743824633, "log10_alpha": -2.350740282816294, "log10_colsample_bytree": -0.3693838832650084, "log10_eta": -2.1116804362046304, "log10_lambda": -4.302302855384683, "log10_min_child_weight": 4.971664802839208, "log10_subsample": -0.9735096804281249, "max_depth": 7.0, "num_boost_round": 11.0}, "datetime": {"datetime": "2024-01-19 01:38:59", "elapsed": 5242.213912, "delta": 0.00574}}
{"target": -13.758538031850591, "params": {"gamma": 388.60867743824633, "log10_alpha": -2.350740282816294, "log10_colsample_bytree": -0.3693838832650084, "log10_eta": -2.1116804362046304, "log10_lambda": -4.302302855384683, "log10_min_child_weight": 4.971664802839208, "log10_subsample": -0.9735096804281249, "max_depth": 7.0, "num_boost_round": 12.0}, "datetime": {"datetime": "2024-01-19 01:38:59", "elapsed": 5242.219577, "delta": 0.005665}}
{"target": -13.758538212870135, "params": {"gamma": 388.60867743824633, "log10_alpha": -2.350740282816294, "log10_colsample_bytree": -0.3693838832650084, "log10_eta": -2.1116804362046304, "log10_lambda": -4.302302855384683, "log10_min_child_weight": 4.971664802839208, "log10_subsample": -0.9735096804281249, "max_depth": 7.0, "num_boost_round": 13.0}, "datetime": {"datetime": "2024-01-19 01:38:59", "elapsed": 5242.22523, "delta": 0.005653}}
{"target": -13.758538360002719, "params": {"gamma": 388.60867743824633, "log10_alpha": -2.350740282816294, "log10_colsample_bytree": -0.3693838832650084, "log10_eta": -2.1116804362046304, "log10_lambda": -4.302302855384683, "log10_min_child_weight": 4.971664802839208, "log10_subsample": -0.9735096804281249, "max_depth": 7.0, "num_boost_round": 14.0}, "datetime": {"datetime": "2024-01-19 01:38:59", "elapsed": 5242.230976, "delta": 0.005746}}
{"target": -13.75853836988309, "params": {"gamma": 388.60867743824633, "log10_alpha": -2.350740282816294, "log10_colsample_bytree": -0.3693838832650084, "log10_eta": -2.1116804362046304, "log10_lambda": -4.302302855384683, "log10_min_child_weight": 4.971664802839208, "log10_subsample": -0.9735096804281249, "max_depth": 7.0, "num_boost_round": 15.0}, "datetime": {"datetime": "2024-01-19 01:38:59", "elapsed": 5242.236692, "delta": 0.005716}}
{"target": -13.758538368739263, "params": {"gamma": 388.60867743824633, "log10_alpha": -2.350740282816294, "log10_colsample_bytree": -0.3693838832650084, "log10_eta": -2.1116804362046304, "log10_lambda": -4.302302855384683, "log10_min_child_weight": 4.971664802839208, "log10_subsample": -0.9735096804281249, "max_depth": 7.0, "num_boost_round": 16.0}, "datetime": {"datetime": "2024-01-19 01:38:59", "elapsed": 5242.242448, "delta": 0.005756}}
{"target": -13.758538384501577, "params": {"gamma": 388.60867743824633, "log10_alpha": -2.350740282816294, "log10_colsample_bytree": -0.3693838832650084, "log10_eta": -2.1116804362046304, "log10_lambda": -4.302302855384683, "log10_min_child_weight": 4.971664802839208, "log10_subsample": -0.9735096804281249, "max_depth": 7.0, "num_boost_round": 17.0}, "datetime": {"datetime": "2024-01-19 01:38:59", "elapsed": 5242.248332, "delta": 0.005884}}
{"target": -13.758538647438531, "params": {"gamma": 388.60867743824633, "log10_alpha": -2.350740282816294, "log10_colsample_bytree": -0.3693838832650084, "log10_eta": -2.1116804362046304, "log10_lambda": -4.302302855384683, "log10_min_child_weight": 4.971664802839208, "log10_subsample": -0.9735096804281249, "max_depth": 7.0, "num_boost_round": 18.0}, "datetime": {"datetime": "2024-01-19 01:38:59", "elapsed": 5242.254283, "delta": 0.005951}}
{"target": -13.758538825284981, "params": {"gamma": 388.60867743824633, "log10_alpha": -2.350740282816294, "log10_colsample_bytree": -0.3693838832650084, "log10_eta": -2.1116804362046304, "log10_lambda": -4.302302855384683, "log10_min_child_weight": 4.971664802839208, "log10_subsample": -0.9735096804281249, "max_depth": 7.0, "num_boost_round": 19.0}, "datetime": {"datetime": "2024-01-19 01:38:59", "elapsed": 5242.351795, "delta": 0.097512}}
{"target": -13.758538765523248, "params": {"gamma": 388.60867743824633, "log10_alpha": -2.350740282816294, "log10_colsample_bytree": -0.3693838832650084, "log10_eta": -2.1116804362046304, "log10_lambda": -4.302302855384683, "log10_min_child_weight": 4.971664802839208, "log10_subsample": -0.9735096804281249, "max_depth": 7.0, "num_boost_round": 20.0}, "datetime": {"datetime": "2024-01-19 01:38:59", "elapsed": 5242.358122, "delta": 0.006327}}
{"target": -13.758538644318651, "params": {"gamma": 388.60867743824633, "log10_alpha": -2.350740282816294, "log10_colsample_bytree": -0.3693838832650084, "log10_eta": -2.1116804362046304, "log10_lambda": -4.302302855384683, "log10_min_child_weight": 4.971664802839208, "log10_subsample": -0.9735096804281249, "max_depth": 7.0, "num_boost_round": 21.0}, "datetime": {"datetime": "2024-01-19 01:38:59", "elapsed": 5242.36412, "delta": 0.005998}}
{"target": -13.758538563440046, "params": {"gamma": 388.60867743824633, "log10_alpha": -2.350740282816294, "log10_colsample_bytree": -0.3693838832650084, "log10_eta": -2.1116804362046304, "log10_lambda": -4.302302855384683, "log10_min_child_weight": 4.971664802839208, "log10_subsample": -0.9735096804281249, "max_depth": 7.0, "num_boost_round": 22.0}, "datetime": {"datetime": "2024-01-19 01:38:59", "elapsed": 5242.369927, "delta": 0.005807}}
{"target": -13.758538700749371, "params": {"gamma": 388.60867743824633, "log10_alpha": -2.350740282816294, "log10_colsample_bytree": -0.3693838832650084, "log10_eta": -2.1116804362046304, "log10_lambda": -4.302302855384683, "log10_min_child_weight": 4.971664802839208, "log10_subsample": -0.9735096804281249, "max_depth": 7.0, "num_boost_round": 23.0}, "datetime": {"datetime": "2024-01-19 01:38:59", "elapsed": 5242.375795, "delta": 0.005868}}
{"target": -13.75853862526271, "params": {"gamma": 388.60867743824633, "log10_alpha": -2.350740282816294, "log10_colsample_bytree": -0.3693838832650084, "log10_eta": -2.1116804362046304, "log10_lambda": -4.302302855384683, "log10_min_child_weight": 4.971664802839208, "log10_subsample": -0.9735096804281249, "max_depth": 7.0, "num_boost_round": 24.0}, "datetime": {"datetime": "2024-01-19 01:38:59", "elapsed": 5242.381675, "delta": 0.00588}}
{"target": -13.75852199934572, "params": {"gamma": 409.0838490386204, "log10_alpha": -1.151121770099813, "log10_colsample_bytree": -0.4312568486805378, "log10_eta": -3.192831575976621, "log10_lambda": -3.7938798467327, "log10_min_child_weight": 3.9344543610226546, "log10_subsample": -0.05237444798312296, "max_depth": 8.0, "num_boost_round": 0.0}, "datetime": {"datetime": "2024-01-19 01:40:41", "elapsed": 5345.08666, "delta": 102.704985}}
{"target": -13.758502941567567, "params": {"gamma": 409.0838490386204, "log10_alpha": -1.151121770099813, "log10_colsample_bytree": -0.4312568486805378, "log10_eta": -3.192831575976621, "log10_lambda": -3.7938798467327, "log10_min_child_weight": 3.9344543610226546, "log10_subsample": -0.05237444798312296, "max_depth": 8.0, "num_boost_round": 1.0}, "datetime": {"datetime": "2024-01-19 01:40:41", "elapsed": 5345.092972, "delta": 0.006312}}
{"target": -13.758491581034574, "params": {"gamma": 409.0838490386204, "log10_alpha": -1.151121770099813, "log10_colsample_bytree": -0.4312568486805378, "log10_eta": -3.192831575976621, "log10_lambda": -3.7938798467327, "log10_min_child_weight": 3.9344543610226546, "log10_subsample": -0.05237444798312296, "max_depth": 8.0, "num_boost_round": 2.0}, "datetime": {"datetime": "2024-01-19 01:40:42", "elapsed": 5345.099287, "delta": 0.006315}}
{"target": -13.758488269026813, "params": {"gamma": 409.0838490386204, "log10_alpha": -1.151121770099813, "log10_colsample_bytree": -0.4312568486805378, "log10_eta": -3.192831575976621, "log10_lambda": -3.7938798467327, "log10_min_child_weight": 3.9344543610226546, "log10_subsample": -0.05237444798312296, "max_depth": 8.0, "num_boost_round": 3.0}, "datetime": {"datetime": "2024-01-19 01:40:42", "elapsed": 5345.1052, "delta": 0.005913}}
{"target": -13.758491270383734, "params": {"gamma": 409.0838490386204, "log10_alpha": -1.151121770099813, "log10_colsample_bytree": -0.4312568486805378, "log10_eta": -3.192831575976621, "log10_lambda": -3.7938798467327, "log10_min_child_weight": 3.9344543610226546, "log10_subsample": -0.05237444798312296, "max_depth": 8.0, "num_boost_round": 4.0}, "datetime": {"datetime": "2024-01-19 01:40:42", "elapsed": 5345.111087, "delta": 0.005887}}
{"target": -13.758504899522611, "params": {"gamma": 409.0838490386204, "log10_alpha": -1.151121770099813, "log10_colsample_bytree": -0.4312568486805378, "log10_eta": -3.192831575976621, "log10_lambda": -3.7938798467327, "log10_min_child_weight": 3.9344543610226546, "log10_subsample": -0.05237444798312296, "max_depth": 8.0, "num_boost_round": 5.0}, "datetime": {"datetime": "2024-01-19 01:40:42", "elapsed": 5345.117075, "delta": 0.005988}}
{"target": -13.758500427333992, "params": {"gamma": 409.0838490386204, "log10_alpha": -1.151121770099813, "log10_colsample_bytree": -0.4312568486805378, "log10_eta": -3.192831575976621, "log10_lambda": -3.7938798467327, "log10_min_child_weight": 3.9344543610226546, "log10_subsample": -0.05237444798312296, "max_depth": 8.0, "num_boost_round": 6.0}, "datetime": {"datetime": "2024-01-19 01:40:42", "elapsed": 5345.122818, "delta": 0.005743}}
{"target": -13.758483968654723, "params": {"gamma": 409.0838490386204, "log10_alpha": -1.151121770099813, "log10_colsample_bytree": -0.4312568486805378, "log10_eta": -3.192831575976621, "log10_lambda": -3.7938798467327, "log10_min_child_weight": 3.9344543610226546, "log10_subsample": -0.05237444798312296, "max_depth": 8.0, "num_boost_round": 7.0}, "datetime": {"datetime": "2024-01-19 01:40:42", "elapsed": 5345.128541, "delta": 0.005723}}
{"target": -13.758469311986126, "params": {"gamma": 409.0838490386204, "log10_alpha": -1.151121770099813, "log10_colsample_bytree": -0.4312568486805378, "log10_eta": -3.192831575976621, "log10_lambda": -3.7938798467327, "log10_min_child_weight": 3.9344543610226546, "log10_subsample": -0.05237444798312296, "max_depth": 8.0, "num_boost_round": 8.0}, "datetime": {"datetime": "2024-01-19 01:40:42", "elapsed": 5345.134297, "delta": 0.005756}}
{"target": -13.758473976244241, "params": {"gamma": 409.0838490386204, "log10_alpha": -1.151121770099813, "log10_colsample_bytree": -0.4312568486805378, "log10_eta": -3.192831575976621, "log10_lambda": -3.7938798467327, "log10_min_child_weight": 3.9344543610226546, "log10_subsample": -0.05237444798312296, "max_depth": 8.0, "num_boost_round": 9.0}, "datetime": {"datetime": "2024-01-19 01:40:42", "elapsed": 5345.140043, "delta": 0.005746}}
{"target": -13.758537465487542, "params": {"gamma": 405.52391890204575, "log10_alpha": -4.642235984536937, "log10_colsample_bytree": -0.9993200956284741, "log10_eta": -3.7226638904164906, "log10_lambda": -2.5525573294298285, "log10_min_child_weight": 3.3755471304907783, "log10_subsample": -0.40966644187611134, "max_depth": 8.0, "num_boost_round": 0.0}, "datetime": {"datetime": "2024-01-19 01:42:05", "elapsed": 5428.273684, "delta": 83.133641}}
{"target": -13.75853867737087, "params": {"gamma": 405.52391890204575, "log10_alpha": -4.642235984536937, "log10_colsample_bytree": -0.9993200956284741, "log10_eta": -3.7226638904164906, "log10_lambda": -2.5525573294298285, "log10_min_child_weight": 3.3755471304907783, "log10_subsample": -0.40966644187611134, "max_depth": 8.0, "num_boost_round": 1.0}, "datetime": {"datetime": "2024-01-19 01:42:05", "elapsed": 5428.280236, "delta": 0.006552}}
{"target": -13.75853731994965, "params": {"gamma": 405.52391890204575, "log10_alpha": -4.642235984536937, "log10_colsample_bytree": -0.9993200956284741, "log10_eta": -3.7226638904164906, "log10_lambda": -2.5525573294298285, "log10_min_child_weight": 3.3755471304907783, "log10_subsample": -0.40966644187611134, "max_depth": 8.0, "num_boost_round": 2.0}, "datetime": {"datetime": "2024-01-19 01:42:05", "elapsed": 5428.285966, "delta": 0.00573}}
{"target": -13.758536781089745, "params": {"gamma": 405.52391890204575, "log10_alpha": -4.642235984536937, "log10_colsample_bytree": -0.9993200956284741, "log10_eta": -3.7226638904164906, "log10_lambda": -2.5525573294298285, "log10_min_child_weight": 3.3755471304907783, "log10_subsample": -0.40966644187611134, "max_depth": 8.0, "num_boost_round": 3.0}, "datetime": {"datetime": "2024-01-19 01:42:05", "elapsed": 5428.291902, "delta": 0.005936}}
{"target": -13.758533648333856, "params": {"gamma": 405.52391890204575, "log10_alpha": -4.642235984536937, "log10_colsample_bytree": -0.9993200956284741, "log10_eta": -3.7226638904164906, "log10_lambda": -2.5525573294298285, "log10_min_child_weight": 3.3755471304907783, "log10_subsample": -0.40966644187611134, "max_depth": 8.0, "num_boost_round": 4.0}, "datetime": {"datetime": "2024-01-19 01:42:05", "elapsed": 5428.297823, "delta": 0.005921}}
