{"target": -13.758708291718577, "params": {"gamma": 33.00795430058934, "log10_alpha": -1.4801809956891896, "log10_colsample_bytree": -0.8606536863324974, "log10_eta": -1.5615694579651276, "log10_lambda": -4.629391720669565, "log10_min_child_weight": 3.8183658580914273, "log10_subsample": -0.8689833477460402, "max_depth": 9.0, "num_boost_round": 5.0}, "datetime": {"datetime": "2024-01-19 00:29:25", "elapsed": 1073.392508, "delta": 0.001544}}
{"target": -13.758539430688586, "params": {"gamma": 33.00795430058934, "log10_alpha": -1.4801809956891896, "log10_colsample_bytree": -0.8606536863324974, "log10_eta": -1.5615694579651276, "log10_lambda": -4.629391720669565, "log10_min_child_weight": 3.8183658580914273, "log10_subsample": -0.8689833477460402, "max_depth": 9.0, "num_boost_round": 6.0}, "datetime": {"datetime": "2024-01-19 00:29:25", "elapsed": 1073.393961, "delta": 0.001453}}
{"target": -13.75844587546048, "params": {"gamma": 33.00795430058934, "log10_alpha": -1.4801809956891896, "log10_colsample_bytree": -0.8606536863324974, "log10_eta": -1.5615694579651276, "log10_lambda": -4.629391720669565, "log10_min_child_weight": 3.8183658580914273, "log10_subsample": -0.8689833477460402, "max_depth": 9.0, "num_boost_round": 7.0}, "datetime": {"datetime": "2024-01-19 00:29:25", "elapsed": 1073.395323, "delta": 0.001362}}
{"target": -13.758560778955907, "params": {"gamma": 33.00795430058934, "log10_alpha": -1.4801809956891896, "log10_colsample_bytree": -0.8606536863324974, "log10_eta": -1.5615694579651276, "log10_lambda": -4.629391720669565, "log10_min_child_weight": 3.8183658580914273, "log10_subsample": -0.8689833477460402, "max_depth": 9.0, "num_boost_round": 8.0}, "datetime": {"datetime": "2024-01-19 00:29:25", "elapsed": 1073.396628, "delta": 0.001305}}
{"target": -13.758652989606674, "params": {"gamma": 33.00795430058934, "log10_alpha": -1.4801809956891896, "log10_colsample_bytree": -0.8606536863324974, "log10_eta": -1.5615694579651276, "log10_lambda": -4.629391720669565, "log10_min_child_weight": 3.8183658580914273, "log10_subsample": -0.8689833477460402, "max_depth": 9.0, "num_boost_round": 9.0}, "datetime": {"datetime": "2024-01-19 00:29:25", "elapsed": 1073.397957, "delta": 0.001329}}
{"target": -13.758441591897835, "params": {"gamma": 33.00795430058934, "log10_alpha": -1.4801809956891896, "log10_colsample_bytree": -0.8606536863324974, "log10_eta": -1.5615694579651276, "log10_lambda": -4.629391720669565, "log10_min_child_weight": 3.8183658580914273, "log10_subsample": -0.8689833477460402, "max_depth": 9.0, "num_boost_round": 10.0}, "datetime": {"datetime": "2024-01-19 00:29:25", "elapsed": 1073.399274, "delta": 0.001317}}
{"target": -13.758665331856397, "params": {"gamma": 33.00795430058934, "log10_alpha": -1.4801809956891896, "log10_colsample_bytree": -0.8606536863324974, "log10_eta": -1.5615694579651276, "log10_lambda": -4.629391720669565, "log10_min_child_weight": 3.8183658580914273, "log10_subsample": -0.8689833477460402, "max_depth": 9.0, "num_boost_round": 11.0}, "datetime": {"datetime": "2024-01-19 00:29:25", "elapsed": 1073.400578, "delta": 0.001304}}
{"target": -13.75890202298655, "params": {"gamma": 33.00795430058934, "log10_alpha": -1.4801809956891896, "log10_colsample_bytree": -0.8606536863324974, "log10_eta": -1.5615694579651276, "log10_lambda": -4.629391720669565, "log10_min_child_weight": 3.8183658580914273, "log10_subsample": -0.8689833477460402, "max_depth": 9.0, "num_boost_round": 12.0}, "datetime": {"datetime": "2024-01-19 00:29:25", "elapsed": 1073.401895, "delta": 0.001317}}
{"target": -13.758433022314017, "params": {"gamma": 8.729080846638704, "log10_alpha": -1.4828531788797843, "log10_colsample_bytree": -0.9024911952345113, "log10_eta": -2.4747358211880464, "log10_lambda": -1.533554562573943, "log10_min_child_weight": 2.39215238631584, "log10_subsample": -0.7096697028826172, "max_depth": 3.0, "num_boost_round": 0.0}, "datetime": {"datetime": "2024-01-19 00:29:44", "elapsed": 1092.620005, "delta": 19.21811}}
{"target": -13.758407707758437, "params": {"gamma": 8.729080846638704, "log10_alpha": -1.4828531788797843, "log10_colsample_bytree": -0.9024911952345113, "log10_eta": -2.4747358211880464, "log10_lambda": -1.533554562573943, "log10_min_child_weight": 2.39215238631584, "log10_subsample": -0.7096697028826172, "max_depth": 3.0, "num_boost_round": 1.0}, "datetime": {"datetime": "2024-01-19 00:29:44", "elapsed": 1092.621491, "delta": 0.001486}}
{"target": -13.75839408738301, "params": {"gamma": 8.729080846638704, "log10_alpha": -1.4828531788797843, "log10_colsample_bytree": -0.9024911952345113, "log10_eta": -2.4747358211880464, "log10_lambda": -1.533554562573943, "log10_min_child_weight": 2.39215238631584, "log10_subsample": -0.7096697028826172, "max_depth": 3.0, "num_boost_round": 2.0}, "datetime": {"datetime": "2024-01-19 00:29:44", "elapsed": 1092.623255, "delta": 0.001764}}
{"target": -13.758426179345541, "params": {"gamma": 8.729080846638704, "log10_alpha": -1.4828531788797843, "log10_colsample_bytree": -0.9024911952345113, "log10_eta": -2.4747358211880464, "log10_lambda": -1.533554562573943, "log10_min_child_weight": 2.39215238631584, "log10_subsample": -0.7096697028826172, "max_depth": 3.0, "num_boost_round": 3.0}, "datetime": {"datetime": "2024-01-19 00:29:44", "elapsed": 1092.624813, "delta": 0.001558}}
{"target": -13.758421197783159, "params": {"gamma": 8.729080846638704, "log10_alpha": -1.4828531788797843, "log10_colsample_bytree": -0.9024911952345113, "log10_eta": -2.4747358211880464, "log10_lambda": -1.533554562573943, "log10_min_child_weight": 2.39215238631584, "log10_subsample": -0.7096697028826172, "max_depth": 3.0, "num_boost_round": 4.0}, "datetime": {"datetime": "2024-01-19 00:29:44", "elapsed": 1092.626157, "delta": 0.001344}}
{"target": -13.758391650433305, "params": {"gamma": 8.729080846638704, "log10_alpha": -1.4828531788797843, "log10_colsample_bytree": -0.9024911952345113, "log10_eta": -2.4747358211880464, "log10_lambda": -1.533554562573943, "log10_min_child_weight": 2.39215238631584, "log10_subsample": -0.7096697028826172, "max_depth": 3.0, "num_boost_round": 5.0}, "datetime": {"datetime": "2024-01-19 00:29:44", "elapsed": 1092.627518, "delta": 0.001361}}
{"target": -13.758430550720997, "params": {"gamma": 8.729080846638704, "log10_alpha": -1.4828531788797843, "log10_colsample_bytree": -0.9024911952345113, "log10_eta": -2.4747358211880464, "log10_lambda": -1.533554562573943, "log10_min_child_weight": 2.39215238631584, "log10_subsample": -0.7096697028826172, "max_depth": 3.0, "num_boost_round": 6.0}, "datetime": {"datetime": "2024-01-19 00:29:44", "elapsed": 1092.629024, "delta": 0.001506}}
{"target": -13.75837014222768, "params": {"gamma": 8.729080846638704, "log10_alpha": -1.4828531788797843, "log10_colsample_bytree": -0.9024911952345113, "log10_eta": -2.4747358211880464, "log10_lambda": -1.533554562573943, "log10_min_child_weight": 2.39215238631584, "log10_subsample": -0.7096697028826172, "max_depth": 3.0, "num_boost_round": 7.0}, "datetime": {"datetime": "2024-01-19 00:29:44", "elapsed": 1092.630389, "delta": 0.001365}}
{"target": -13.758409160416376, "params": {"gamma": 8.729080846638704, "log10_alpha": -1.4828531788797843, "log10_colsample_bytree": -0.9024911952345113, "log10_eta": -2.4747358211880464, "log10_lambda": -1.533554562573943, "log10_min_child_weight": 2.39215238631584, "log10_subsample": -0.7096697028826172, "max_depth": 3.0, "num_boost_round": 8.0}, "datetime": {"datetime": "2024-01-19 00:29:44", "elapsed": 1092.631738, "delta": 0.001349}}
{"target": -13.758358046132502, "params": {"gamma": 8.729080846638704, "log10_alpha": -1.4828531788797843, "log10_colsample_bytree": -0.9024911952345113, "log10_eta": -2.4747358211880464, "log10_lambda": -1.533554562573943, "log10_min_child_weight": 2.39215238631584, "log10_subsample": -0.7096697028826172, "max_depth": 3.0, "num_boost_round": 9.0}, "datetime": {"datetime": "2024-01-19 00:29:44", "elapsed": 1092.633095, "delta": 0.001357}}
{"target": -13.758323193344838, "params": {"gamma": 8.729080846638704, "log10_alpha": -1.4828531788797843, "log10_colsample_bytree": -0.9024911952345113, "log10_eta": -2.4747358211880464, "log10_lambda": -1.533554562573943, "log10_min_child_weight": 2.39215238631584, "log10_subsample": -0.7096697028826172, "max_depth": 3.0, "num_boost_round": 10.0}, "datetime": {"datetime": "2024-01-19 00:29:44", "elapsed": 1092.634443, "delta": 0.001348}}
{"target": -13.758264290464433, "params": {"gamma": 8.729080846638704, "log10_alpha": -1.4828531788797843, "log10_colsample_bytree": -0.9024911952345113, "log10_eta": -2.4747358211880464, "log10_lambda": -1.533554562573943, "log10_min_child_weight": 2.39215238631584, "log10_subsample": -0.7096697028826172, "max_depth": 3.0, "num_boost_round": 11.0}, "datetime": {"datetime": "2024-01-19 00:29:44", "elapsed": 1092.635831, "delta": 0.001388}}
{"target": -13.758204267330617, "params": {"gamma": 8.729080846638704, "log10_alpha": -1.4828531788797843, "log10_colsample_bytree": -0.9024911952345113, "log10_eta": -2.4747358211880464, "log10_lambda": -1.533554562573943, "log10_min_child_weight": 2.39215238631584, "log10_subsample": -0.7096697028826172, "max_depth": 3.0, "num_boost_round": 12.0}, "datetime": {"datetime": "2024-01-19 00:29:44", "elapsed": 1092.637166, "delta": 0.001335}}
{"target": -13.75853649004196, "params": {"gamma": 5.325522174112418, "log10_alpha": 0.2277214186622345, "log10_colsample_bytree": -0.5016291224410471, "log10_eta": -3.5864774700756237, "log10_lambda": -4.996490650169846, "log10_min_child_weight": 4.65455515708456, "log10_subsample": -0.536899386961984, "max_depth": 3.0, "num_boost_round": 0.0}, "datetime": {"datetime": "2024-01-19 00:30:04", "elapsed": 1112.125894, "delta": 19.488728}}
{"target": -13.758535744507666, "params": {"gamma": 5.325522174112418, "log10_alpha": 0.2277214186622345, "log10_colsample_bytree": -0.5016291224410471, "log10_eta": -3.5864774700756237, "log10_lambda": -4.996490650169846, "log10_min_child_weight": 4.65455515708456, "log10_subsample": -0.536899386961984, "max_depth": 3.0, "num_boost_round": 1.0}, "datetime": {"datetime": "2024-01-19 00:30:04", "elapsed": 1112.127624, "delta": 0.00173}}
{"target": -13.758535033036328, "params": {"gamma": 5.325522174112418, "log10_alpha": 0.2277214186622345, "log10_colsample_bytree": -0.5016291224410471, "log10_eta": -3.5864774700756237, "log10_lambda": -4.996490650169846, "log10_min_child_weight": 4.65455515708456, "log10_subsample": -0.536899386961984, "max_depth": 3.0, "num_boost_round": 2.0}, "datetime": {"datetime": "2024-01-19 00:30:04", "elapsed": 1112.129209, "delta": 0.001585}}
{"target": -13.758534413718142, "params": {"gamma": 5.325522174112418, "log10_alpha": 0.2277214186622345, "log10_colsample_bytree": -0.5016291224410471, "log10_eta": -3.5864774700756237, "log10_lambda": -4.996490650169846, "log10_min_child_weight": 4.65455515708456, "log10_subsample": -0.536899386961984, "max_depth": 3.0, "num_boost_round": 3.0}, "datetime": {"datetime": "2024-01-19 00:30:04", "elapsed": 1112.130564, "delta": 0.001355}}
{"target": -13.758533208041024, "params": {"gamma": 5.325522174112418, "log10_alpha": 0.2277214186622345, "log10_colsample_bytree": -0.5016291224410471, "log10_eta": -3.5864774700756237, "log10_lambda": -4.996490650169846, "log10_min_child_weight": 4.65455515708456, "log10_subsample": -0.536899386961984, "max_depth": 3.0, "num_boost_round": 4.0}, "datetime": {"datetime": "2024-01-19 00:30:04", "elapsed": 1112.132182, "delta": 0.001618}}
{"target": -13.758532349758413, "params": {"gamma": 5.325522174112418, "log10_alpha": 0.2277214186622345, "log10_colsample_bytree": -0.5016291224410471, "log10_eta": -3.5864774700756237, "log10_lambda": -4.996490650169846, "log10_min_child_weight": 4.65455515708456, "log10_subsample": -0.536899386961984, "max_depth": 3.0, "num_boost_round": 5.0}, "datetime": {"datetime": "2024-01-19 00:30:04", "elapsed": 1112.133605, "delta": 0.001423}}
{"target": -13.75853268936462, "params": {"gamma": 5.325522174112418, "log10_alpha": 0.2277214186622345, "log10_colsample_bytree": -0.5016291224410471, "log10_eta": -3.5864774700756237, "log10_lambda": -4.996490650169846, "log10_min_child_weight": 4.65455515708456, "log10_subsample": -0.536899386961984, "max_depth": 3.0, "num_boost_round": 6.0}, "datetime": {"datetime": "2024-01-19 00:30:04", "elapsed": 1112.13496, "delta": 0.001355}}
{"target": -13.758532808678497, "params": {"gamma": 5.325522174112418, "log10_alpha": 0.2277214186622345, "log10_colsample_bytree": -0.5016291224410471, "log10_eta": -3.5864774700756237, "log10_lambda": -4.996490650169846, "log10_min_child_weight": 4.65455515708456, "log10_subsample": -0.536899386961984, "max_depth": 3.0, "num_boost_round": 7.0}, "datetime": {"datetime": "2024-01-19 00:30:04", "elapsed": 1112.136357, "delta": 0.001397}}
{"target": -13.758532754207428, "params": {"gamma": 5.325522174112418, "log10_alpha": 0.2277214186622345, "log10_colsample_bytree": -0.5016291224410471, "log10_eta": -3.5864774700756237, "log10_lambda": -4.996490650169846, "log10_min_child_weight": 4.65455515708456, "log10_subsample": -0.536899386961984, "max_depth": 3.0, "num_boost_round": 8.0}, "datetime": {"datetime": "2024-01-19 00:30:04", "elapsed": 1112.137721, "delta": 0.001364}}
{"target": -13.758532032328887, "params": {"gamma": 5.325522174112418, "log10_alpha": 0.2277214186622345, "log10_colsample_bytree": -0.5016291224410471, "log10_eta": -3.5864774700756237, "log10_lambda": -4.996490650169846, "log10_min_child_weight": 4.65455515708456, "log10_subsample": -0.536899386961984, "max_depth": 3.0, "num_boost_round": 9.0}, "datetime": {"datetime": "2024-01-19 00:30:04", "elapsed": 1112.139087, "delta": 0.001366}}
{"target": -13.75853027464201, "params": {"gamma": 5.325522174112418, "log10_alpha": 0.2277214186622345, "log10_colsample_bytree": -0.5016291224410471, "log10_eta": -3.5864774700756237, "log10_lambda": -4.996490650169846, "log10_min_child_weight": 4.65455515708456, "log10_subsample": -0.536899386961984, "max_depth": 3.0, "num_boost_round": 10.0}, "datetime": {"datetime": "2024-01-19 00:30:04", "elapsed": 1112.14045, "delta": 0.001363}}
{"target": -13.758529330249832, "params": {"gamma": 5.325522174112418, "log10_alpha": 0.2277214186622345, "log10_colsample_bytree": -0.5016291224410471, "log10_eta": -3.5864774700756237, "log10_lambda": -4.996490650169846, "log10_min_child_weight": 4.65455515708456, "log10_subsample": -0.536899386961984, "max_depth": 3.0, "num_boost_round": 11.0}, "datetime": {"datetime": "2024-01-19 00:30:04", "elapsed": 1112.141803, "delta": 0.001353}}
{"target": -13.758537797020862, "params": {"gamma": 8.323724378474395, "log10_alpha": -2.0005879682371486, "log10_colsample_bytree": -0.8906946472810969, "log10_eta": -3.833127533548118, "log10_lambda": -0.3304751379294313, "log10_min_child_weight": 3.2228548763827467, "log10_subsample": -0.6335125978907744, "max_depth": 3.0, "num_boost_round": 0.0}, "datetime": {"datetime": "2024-01-19 00:30:25", "elapsed": 1133.249261, "delta": 21.107458}}
{"target": -13.758537823009231, "params": {"gamma": 8.323724378474395, "log10_alpha": -2.0005879682371486, "log10_colsample_bytree": -0.8906946472810969, "log10_eta": -3.833127533548118, "log10_lambda": -0.3304751379294313, "log10_min_child_weight": 3.2228548763827467, "log10_subsample": -0.6335125978907744, "max_depth": 3.0, "num_boost_round": 1.0}, "datetime": {"datetime": "2024-01-19 00:30:25", "elapsed": 1133.25106, "delta": 0.001799}}
{"target": -13.758536946626446, "params": {"gamma": 8.323724378474395, "log10_alpha": -2.0005879682371486, "log10_colsample_bytree": -0.8906946472810969, "log10_eta": -3.833127533548118, "log10_lambda": -0.3304751379294313, "log10_min_child_weight": 3.2228548763827467, "log10_subsample": -0.6335125978907744, "max_depth": 3.0, "num_boost_round": 2.0}, "datetime": {"datetime": "2024-01-19 00:30:25", "elapsed": 1133.252836, "delta": 0.001776}}
{"target": -13.758537274532808, "params": {"gamma": 8.323724378474395, "log10_alpha": -2.0005879682371486, "log10_colsample_bytree": -0.8906946472810969, "log10_eta": -3.833127533548118, "log10_lambda": -0.3304751379294313, "log10_min_child_weight": 3.2228548763827467, "log10_subsample": -0.6335125978907744, "max_depth": 3.0, "num_boost_round": 3.0}, "datetime": {"datetime": "2024-01-19 00:30:25", "elapsed": 1133.254236, "delta": 0.0014}}
{"target": -13.758536768202232, "params": {"gamma": 8.323724378474395, "log10_alpha": -2.0005879682371486, "log10_colsample_bytree": -0.8906946472810969, "log10_eta": -3.833127533548118, "log10_lambda": -0.3304751379294313, "log10_min_child_weight": 3.2228548763827467, "log10_subsample": -0.6335125978907744, "max_depth": 3.0, "num_boost_round": 4.0}, "datetime": {"datetime": "2024-01-19 00:30:25", "elapsed": 1133.255832, "delta": 0.001596}}
{"target": -13.758536240077706, "params": {"gamma": 8.323724378474395, "log10_alpha": -2.0005879682371486, "log10_colsample_bytree": -0.8906946472810969, "log10_eta": -3.833127533548118, "log10_lambda": -0.3304751379294313, "log10_min_child_weight": 3.2228548763827467, "log10_subsample": -0.6335125978907744, "max_depth": 3.0, "num_boost_round": 5.0}, "datetime": {"datetime": "2024-01-19 00:30:25", "elapsed": 1133.257482, "delta": 0.00165}}
{"target": -13.758537718572823, "params": {"gamma": 8.323724378474395, "log10_alpha": -2.0005879682371486, "log10_colsample_bytree": -0.8906946472810969, "log10_eta": -3.833127533548118, "log10_lambda": -0.3304751379294313, "log10_min_child_weight": 3.2228548763827467, "log10_subsample": -0.6335125978907744, "max_depth": 3.0, "num_boost_round": 6.0}, "datetime": {"datetime": "2024-01-19 00:30:25", "elapsed": 1133.258879, "delta": 0.001397}}
{"target": -13.758536571799903, "params": {"gamma": 8.323724378474395, "log10_alpha": -2.0005879682371486, "log10_colsample_bytree": -0.8906946472810969, "log10_eta": -3.833127533548118, "log10_lambda": -0.3304751379294313, "log10_min_child_weight": 3.2228548763827467, "log10_subsample": -0.6335125978907744, "max_depth": 3.0, "num_boost_round": 7.0}, "datetime": {"datetime": "2024-01-19 00:30:25", "elapsed": 1133.260351, "delta": 0.001472}}
{"target": -13.758534854610291, "params": {"gamma": 8.323724378474395, "log10_alpha": -2.0005879682371486, "log10_colsample_bytree": -0.8906946472810969, "log10_eta": -3.833127533548118, "log10_lambda": -0.3304751379294313, "log10_min_child_weight": 3.2228548763827467, "log10_subsample": -0.6335125978907744, "max_depth": 3.0, "num_boost_round": 8.0}, "datetime": {"datetime": "2024-01-19 00:30:25", "elapsed": 1133.261753, "delta": 0.001402}}
{"target": -13.758533571175262, "params": {"gamma": 8.323724378474395, "log10_alpha": -2.0005879682371486, "log10_colsample_bytree": -0.8906946472810969, "log10_eta": -3.833127533548118, "log10_lambda": -0.3304751379294313, "log10_min_child_weight": 3.2228548763827467, "log10_subsample": -0.6335125978907744, "max_depth": 3.0, "num_boost_round": 9.0}, "datetime": {"datetime": "2024-01-19 00:30:25", "elapsed": 1133.263134, "delta": 0.001381}}
{"target": -13.758530824603511, "params": {"gamma": 8.323724378474395, "log10_alpha": -2.0005879682371486, "log10_colsample_bytree": -0.8906946472810969, "log10_eta": -3.833127533548118, "log10_lambda": -0.3304751379294313, "log10_min_child_weight": 3.2228548763827467, "log10_subsample": -0.6335125978907744, "max_depth": 3.0, "num_boost_round": 10.0}, "datetime": {"datetime": "2024-01-19 00:30:25", "elapsed": 1133.264519, "delta": 0.001385}}
{"target": -13.758530642283352, "params": {"gamma": 8.323724378474395, "log10_alpha": -2.0005879682371486, "log10_colsample_bytree": -0.8906946472810969, "log10_eta": -3.833127533548118, "log10_lambda": -0.3304751379294313, "log10_min_child_weight": 3.2228548763827467, "log10_subsample": -0.6335125978907744, "max_depth": 3.0, "num_boost_round": 11.0}, "datetime": {"datetime": "2024-01-19 00:30:25", "elapsed": 1133.265885, "delta": 0.001366}}
{"target": -13.758530061120199, "params": {"gamma": 8.323724378474395, "log10_alpha": -2.0005879682371486, "log10_colsample_bytree": -0.8906946472810969, "log10_eta": -3.833127533548118, "log10_lambda": -0.3304751379294313, "log10_min_child_weight": 3.2228548763827467, "log10_subsample": -0.6335125978907744, "max_depth": 3.0, "num_boost_round": 12.0}, "datetime": {"datetime": "2024-01-19 00:30:25", "elapsed": 1133.267266, "delta": 0.001381}}
{"target": -13.758528390205855, "params": {"gamma": 8.323724378474395, "log10_alpha": -2.0005879682371486, "log10_colsample_bytree": -0.8906946472810969, "log10_eta": -3.833127533548118, "log10_lambda": -0.3304751379294313, "log10_min_child_weight": 3.2228548763827467, "log10_subsample": -0.6335125978907744, "max_depth": 3.0, "num_boost_round": 13.0}, "datetime": {"datetime": "2024-01-19 00:30:25", "elapsed": 1133.268769, "delta": 0.001503}}
{"target": -13.758527262981211, "params": {"gamma": 8.323724378474395, "log10_alpha": -2.0005879682371486, "log10_colsample_bytree": -0.8906946472810969, "log10_eta": -3.833127533548118, "log10_lambda": -0.3304751379294313, "log10_min_child_weight": 3.2228548763827467, "log10_subsample": -0.6335125978907744, "max_depth": 3.0, "num_boost_round": 14.0}, "datetime": {"datetime": "2024-01-19 00:30:25", "elapsed": 1133.270141, "delta": 0.001372}}
{"target": -13.75852453789919, "params": {"gamma": 8.323724378474395, "log10_alpha": -2.0005879682371486, "log10_colsample_bytree": -0.8906946472810969, "log10_eta": -3.833127533548118, "log10_lambda": -0.3304751379294313, "log10_min_child_weight": 3.2228548763827467, "log10_subsample": -0.6335125978907744, "max_depth": 3.0, "num_boost_round": 15.0}, "datetime": {"datetime": "2024-01-19 00:30:25", "elapsed": 1133.271513, "delta": 0.001372}}
