{"target": -17.676859250443798, "params": {"gamma": 405.95332407188897, "log10_alpha": -4.18294502110702, "log10_colsample_bytree": -0.4918093328402756, "log10_eta": -3.463231410176272, "log10_lambda": 0.22829278378220064, "log10_min_child_weight": 2.428561447783773, "log10_subsample": -0.7800969190159659, "max_depth": 5.0, "num_boost_round": 23.0}, "datetime": {"datetime": "2024-01-19 01:32:23", "elapsed": 4836.379294, "delta": 0.004544}}
{"target": -17.676832717244892, "params": {"gamma": 405.95332407188897, "log10_alpha": -4.18294502110702, "log10_colsample_bytree": -0.4918093328402756, "log10_eta": -3.463231410176272, "log10_lambda": 0.22829278378220064, "log10_min_child_weight": 2.428561447783773, "log10_subsample": -0.7800969190159659, "max_depth": 5.0, "num_boost_round": 24.0}, "datetime": {"datetime": "2024-01-19 01:32:23", "elapsed": 4836.383935, "delta": 0.004641}}
{"target": -17.67682068549618, "params": {"gamma": 405.95332407188897, "log10_alpha": -4.18294502110702, "log10_colsample_bytree": -0.4918093328402756, "log10_eta": -3.463231410176272, "log10_lambda": 0.22829278378220064, "log10_min_child_weight": 2.428561447783773, "log10_subsample": -0.7800969190159659, "max_depth": 5.0, "num_boost_round": 25.0}, "datetime": {"datetime": "2024-01-19 01:32:23", "elapsed": 4836.388582, "delta": 0.004647}}
{"target": -17.67681292854611, "params": {"gamma": 405.95332407188897, "log10_alpha": -4.18294502110702, "log10_colsample_bytree": -0.4918093328402756, "log10_eta": -3.463231410176272, "log10_lambda": 0.22829278378220064, "log10_min_child_weight": 2.428561447783773, "log10_subsample": -0.7800969190159659, "max_depth": 5.0, "num_boost_round": 26.0}, "datetime": {"datetime": "2024-01-19 01:32:23", "elapsed": 4836.393413, "delta": 0.004831}}
{"target": -17.676801145915288, "params": {"gamma": 405.95332407188897, "log10_alpha": -4.18294502110702, "log10_colsample_bytree": -0.4918093328402756, "log10_eta": -3.463231410176272, "log10_lambda": 0.22829278378220064, "log10_min_child_weight": 2.428561447783773, "log10_subsample": -0.7800969190159659, "max_depth": 5.0, "num_boost_round": 27.0}, "datetime": {"datetime": "2024-01-19 01:32:23", "elapsed": 4836.397995, "delta": 0.004582}}
{"target": -17.67678697654918, "params": {"gamma": 405.95332407188897, "log10_alpha": -4.18294502110702, "log10_colsample_bytree": -0.4918093328402756, "log10_eta": -3.463231410176272, "log10_lambda": 0.22829278378220064, "log10_min_child_weight": 2.428561447783773, "log10_subsample": -0.7800969190159659, "max_depth": 5.0, "num_boost_round": 28.0}, "datetime": {"datetime": "2024-01-19 01:32:23", "elapsed": 4836.402703, "delta": 0.004708}}
{"target": -17.67713879661313, "params": {"gamma": 407.45658936482863, "log10_alpha": 0.9750309454692392, "log10_colsample_bytree": -0.7940558177818718, "log10_eta": -2.7258816921612814, "log10_lambda": 0.2639854896933569, "log10_min_child_weight": 3.2824566903254233, "log10_subsample": -0.3052443918004385, "max_depth": 8.0, "num_boost_round": 0.0}, "datetime": {"datetime": "2024-01-19 01:33:34", "elapsed": 4906.934004, "delta": 70.531301}}
{"target": -17.677030053650913, "params": {"gamma": 407.45658936482863, "log10_alpha": 0.9750309454692392, "log10_colsample_bytree": -0.7940558177818718, "log10_eta": -2.7258816921612814, "log10_lambda": 0.2639854896933569, "log10_min_child_weight": 3.2824566903254233, "log10_subsample": -0.3052443918004385, "max_depth": 8.0, "num_boost_round": 1.0}, "datetime": {"datetime": "2024-01-19 01:33:34", "elapsed": 4906.938954, "delta": 0.00495}}
{"target": -17.67694338007747, "params": {"gamma": 407.45658936482863, "log10_alpha": 0.9750309454692392, "log10_colsample_bytree": -0.7940558177818718, "log10_eta": -2.7258816921612814, "log10_lambda": 0.2639854896933569, "log10_min_child_weight": 3.2824566903254233, "log10_subsample": -0.3052443918004385, "max_depth": 8.0, "num_boost_round": 2.0}, "datetime": {"datetime": "2024-01-19 01:33:34", "elapsed": 4906.94362, "delta": 0.004666}}
{"target": -17.67697069761059, "params": {"gamma": 407.45658936482863, "log10_alpha": 0.9750309454692392, "log10_colsample_bytree": -0.7940558177818718, "log10_eta": -2.7258816921612814, "log10_lambda": 0.2639854896933569, "log10_min_child_weight": 3.2824566903254233, "log10_subsample": -0.3052443918004385, "max_depth": 8.0, "num_boost_round": 3.0}, "datetime": {"datetime": "2024-01-19 01:33:34", "elapsed": 4906.948396, "delta": 0.004776}}
{"target": -17.676871071339928, "params": {"gamma": 407.45658936482863, "log10_alpha": 0.9750309454692392, "log10_colsample_bytree": -0.7940558177818718, "log10_eta": -2.7258816921612814, "log10_lambda": 0.2639854896933569, "log10_min_child_weight": 3.2824566903254233, "log10_subsample": -0.3052443918004385, "max_depth": 8.0, "num_boost_round": 4.0}, "datetime": {"datetime": "2024-01-19 01:33:34", "elapsed": 4906.953063, "delta": 0.004667}}
{"target": -17.676808327358692, "params": {"gamma": 407.45658936482863, "log10_alpha": 0.9750309454692392, "log10_colsample_bytree": -0.7940558177818718, "log10_eta": -2.7258816921612814, "log10_lambda": 0.2639854896933569, "log10_min_child_weight": 3.2824566903254233, "log10_subsample": -0.3052443918004385, "max_depth": 8.0, "num_boost_round": 5.0}, "datetime": {"datetime": "2024-01-19 01:33:34", "elapsed": 4906.957751, "delta": 0.004688}}
{"target": -17.676822464426323, "params": {"gamma": 407.45658936482863, "log10_alpha": 0.9750309454692392, "log10_colsample_bytree": -0.7940558177818718, "log10_eta": -2.7258816921612814, "log10_lambda": 0.2639854896933569, "log10_min_child_weight": 3.2824566903254233, "log10_subsample": -0.3052443918004385, "max_depth": 8.0, "num_boost_round": 6.0}, "datetime": {"datetime": "2024-01-19 01:33:34", "elapsed": 4906.962381, "delta": 0.00463}}
{"target": -17.67666301955818, "params": {"gamma": 407.45658936482863, "log10_alpha": 0.9750309454692392, "log10_colsample_bytree": -0.7940558177818718, "log10_eta": -2.7258816921612814, "log10_lambda": 0.2639854896933569, "log10_min_child_weight": 3.2824566903254233, "log10_subsample": -0.3052443918004385, "max_depth": 8.0, "num_boost_round": 7.0}, "datetime": {"datetime": "2024-01-19 01:33:34", "elapsed": 4906.967079, "delta": 0.004698}}
{"target": -17.67664963995206, "params": {"gamma": 407.45658936482863, "log10_alpha": 0.9750309454692392, "log10_colsample_bytree": -0.7940558177818718, "log10_eta": -2.7258816921612814, "log10_lambda": 0.2639854896933569, "log10_min_child_weight": 3.2824566903254233, "log10_subsample": -0.3052443918004385, "max_depth": 8.0, "num_boost_round": 8.0}, "datetime": {"datetime": "2024-01-19 01:33:34", "elapsed": 4906.971747, "delta": 0.004668}}
{"target": -17.676624998025126, "params": {"gamma": 407.45658936482863, "log10_alpha": 0.9750309454692392, "log10_colsample_bytree": -0.7940558177818718, "log10_eta": -2.7258816921612814, "log10_lambda": 0.2639854896933569, "log10_min_child_weight": 3.2824566903254233, "log10_subsample": -0.3052443918004385, "max_depth": 8.0, "num_boost_round": 9.0}, "datetime": {"datetime": "2024-01-19 01:33:34", "elapsed": 4906.976368, "delta": 0.004621}}
{"target": -17.67652865041421, "params": {"gamma": 407.45658936482863, "log10_alpha": 0.9750309454692392, "log10_colsample_bytree": -0.7940558177818718, "log10_eta": -2.7258816921612814, "log10_lambda": 0.2639854896933569, "log10_min_child_weight": 3.2824566903254233, "log10_subsample": -0.3052443918004385, "max_depth": 8.0, "num_boost_round": 10.0}, "datetime": {"datetime": "2024-01-19 01:33:34", "elapsed": 4906.980927, "delta": 0.004559}}
{"target": -17.676458599450946, "params": {"gamma": 407.45658936482863, "log10_alpha": 0.9750309454692392, "log10_colsample_bytree": -0.7940558177818718, "log10_eta": -2.7258816921612814, "log10_lambda": 0.2639854896933569, "log10_min_child_weight": 3.2824566903254233, "log10_subsample": -0.3052443918004385, "max_depth": 8.0, "num_boost_round": 11.0}, "datetime": {"datetime": "2024-01-19 01:33:34", "elapsed": 4906.985717, "delta": 0.00479}}
{"target": -17.67637168447642, "params": {"gamma": 407.45658936482863, "log10_alpha": 0.9750309454692392, "log10_colsample_bytree": -0.7940558177818718, "log10_eta": -2.7258816921612814, "log10_lambda": 0.2639854896933569, "log10_min_child_weight": 3.2824566903254233, "log10_subsample": -0.3052443918004385, "max_depth": 8.0, "num_boost_round": 12.0}, "datetime": {"datetime": "2024-01-19 01:33:34", "elapsed": 4906.990381, "delta": 0.004664}}
{"target": -17.67624572292106, "params": {"gamma": 407.45658936482863, "log10_alpha": 0.9750309454692392, "log10_colsample_bytree": -0.7940558177818718, "log10_eta": -2.7258816921612814, "log10_lambda": 0.2639854896933569, "log10_min_child_weight": 3.2824566903254233, "log10_subsample": -0.3052443918004385, "max_depth": 8.0, "num_boost_round": 13.0}, "datetime": {"datetime": "2024-01-19 01:33:34", "elapsed": 4906.994859, "delta": 0.004478}}
{"target": -17.67622073054327, "params": {"gamma": 407.45658936482863, "log10_alpha": 0.9750309454692392, "log10_colsample_bytree": -0.7940558177818718, "log10_eta": -2.7258816921612814, "log10_lambda": 0.2639854896933569, "log10_min_child_weight": 3.2824566903254233, "log10_subsample": -0.3052443918004385, "max_depth": 8.0, "num_boost_round": 14.0}, "datetime": {"datetime": "2024-01-19 01:33:34", "elapsed": 4906.999396, "delta": 0.004537}}
{"target": -17.67617475621724, "params": {"gamma": 407.45658936482863, "log10_alpha": 0.9750309454692392, "log10_colsample_bytree": -0.7940558177818718, "log10_eta": -2.7258816921612814, "log10_lambda": 0.2639854896933569, "log10_min_child_weight": 3.2824566903254233, "log10_subsample": -0.3052443918004385, "max_depth": 8.0, "num_boost_round": 15.0}, "datetime": {"datetime": "2024-01-19 01:33:34", "elapsed": 4907.00422, "delta": 0.004824}}
{"target": -17.676178198114407, "params": {"gamma": 407.45658936482863, "log10_alpha": 0.9750309454692392, "log10_colsample_bytree": -0.7940558177818718, "log10_eta": -2.7258816921612814, "log10_lambda": 0.2639854896933569, "log10_min_child_weight": 3.2824566903254233, "log10_subsample": -0.3052443918004385, "max_depth": 8.0, "num_boost_round": 16.0}, "datetime": {"datetime": "2024-01-19 01:33:34", "elapsed": 4907.008973, "delta": 0.004753}}
{"target": -17.676194035067105, "params": {"gamma": 407.45658936482863, "log10_alpha": 0.9750309454692392, "log10_colsample_bytree": -0.7940558177818718, "log10_eta": -2.7258816921612814, "log10_lambda": 0.2639854896933569, "log10_min_child_weight": 3.2824566903254233, "log10_subsample": -0.3052443918004385, "max_depth": 8.0, "num_boost_round": 17.0}, "datetime": {"datetime": "2024-01-19 01:33:34", "elapsed": 4907.0136, "delta": 0.004627}}
{"target": -17.676158165106298, "params": {"gamma": 407.45658936482863, "log10_alpha": 0.9750309454692392, "log10_colsample_bytree": -0.7940558177818718, "log10_eta": -2.7258816921612814, "log10_lambda": 0.2639854896933569, "log10_min_child_weight": 3.2824566903254233, "log10_subsample": -0.3052443918004385, "max_depth": 8.0, "num_boost_round": 18.0}, "datetime": {"datetime": "2024-01-19 01:33:34", "elapsed": 4907.018254, "delta": 0.004654}}
{"target": -17.676058625213134, "params": {"gamma": 407.45658936482863, "log10_alpha": 0.9750309454692392, "log10_colsample_bytree": -0.7940558177818718, "log10_eta": -2.7258816921612814, "log10_lambda": 0.2639854896933569, "log10_min_child_weight": 3.2824566903254233, "log10_subsample": -0.3052443918004385, "max_depth": 8.0, "num_boost_round": 19.0}, "datetime": {"datetime": "2024-01-19 01:33:34", "elapsed": 4907.023062, "delta": 0.004808}}
{"target": -17.675999093830335, "params": {"gamma": 407.45658936482863, "log10_alpha": 0.9750309454692392, "log10_colsample_bytree": -0.7940558177818718, "log10_eta": -2.7258816921612814, "log10_lambda": 0.2639854896933569, "log10_min_child_weight": 3.2824566903254233, "log10_subsample": -0.3052443918004385, "max_depth": 8.0, "num_boost_round": 20.0}, "datetime": {"datetime": "2024-01-19 01:33:34", "elapsed": 4907.15183, "delta": 0.128768}}
{"target": -17.67584317909894, "params": {"gamma": 407.45658936482863, "log10_alpha": 0.9750309454692392, "log10_colsample_bytree": -0.7940558177818718, "log10_eta": -2.7258816921612814, "log10_lambda": 0.2639854896933569, "log10_min_child_weight": 3.2824566903254233, "log10_subsample": -0.3052443918004385, "max_depth": 8.0, "num_boost_round": 21.0}, "datetime": {"datetime": "2024-01-19 01:33:34", "elapsed": 4907.157399, "delta": 0.005569}}
{"target": -17.67573180789858, "params": {"gamma": 407.45658936482863, "log10_alpha": 0.9750309454692392, "log10_colsample_bytree": -0.7940558177818718, "log10_eta": -2.7258816921612814, "log10_lambda": 0.2639854896933569, "log10_min_child_weight": 3.2824566903254233, "log10_subsample": -0.3052443918004385, "max_depth": 8.0, "num_boost_round": 22.0}, "datetime": {"datetime": "2024-01-19 01:33:34", "elapsed": 4907.162359, "delta": 0.00496}}
{"target": -17.6755756891818, "params": {"gamma": 407.45658936482863, "log10_alpha": 0.9750309454692392, "log10_colsample_bytree": -0.7940558177818718, "log10_eta": -2.7258816921612814, "log10_lambda": 0.2639854896933569, "log10_min_child_weight": 3.2824566903254233, "log10_subsample": -0.3052443918004385, "max_depth": 8.0, "num_boost_round": 23.0}, "datetime": {"datetime": "2024-01-19 01:33:34", "elapsed": 4907.167035, "delta": 0.004676}}
{"target": -17.675545570492343, "params": {"gamma": 407.45658936482863, "log10_alpha": 0.9750309454692392, "log10_colsample_bytree": -0.7940558177818718, "log10_eta": -2.7258816921612814, "log10_lambda": 0.2639854896933569, "log10_min_child_weight": 3.2824566903254233, "log10_subsample": -0.3052443918004385, "max_depth": 8.0, "num_boost_round": 24.0}, "datetime": {"datetime": "2024-01-19 01:33:34", "elapsed": 4907.17174, "delta": 0.004705}}
{"target": -17.67540864147473, "params": {"gamma": 407.45658936482863, "log10_alpha": 0.9750309454692392, "log10_colsample_bytree": -0.7940558177818718, "log10_eta": -2.7258816921612814, "log10_lambda": 0.2639854896933569, "log10_min_child_weight": 3.2824566903254233, "log10_subsample": -0.3052443918004385, "max_depth": 8.0, "num_boost_round": 25.0}, "datetime": {"datetime": "2024-01-19 01:33:34", "elapsed": 4907.176432, "delta": 0.004692}}
{"target": -17.6753960925196, "params": {"gamma": 407.45658936482863, "log10_alpha": 0.9750309454692392, "log10_colsample_bytree": -0.7940558177818718, "log10_eta": -2.7258816921612814, "log10_lambda": 0.2639854896933569, "log10_min_child_weight": 3.2824566903254233, "log10_subsample": -0.3052443918004385, "max_depth": 8.0, "num_boost_round": 26.0}, "datetime": {"datetime": "2024-01-19 01:33:34", "elapsed": 4907.181258, "delta": 0.004826}}
{"target": -17.6753474390935, "params": {"gamma": 407.45658936482863, "log10_alpha": 0.9750309454692392, "log10_colsample_bytree": -0.7940558177818718, "log10_eta": -2.7258816921612814, "log10_lambda": 0.2639854896933569, "log10_min_child_weight": 3.2824566903254233, "log10_subsample": -0.3052443918004385, "max_depth": 8.0, "num_boost_round": 27.0}, "datetime": {"datetime": "2024-01-19 01:33:34", "elapsed": 4907.185979, "delta": 0.004721}}
{"target": -17.675304212141516, "params": {"gamma": 407.45658936482863, "log10_alpha": 0.9750309454692392, "log10_colsample_bytree": -0.7940558177818718, "log10_eta": -2.7258816921612814, "log10_lambda": 0.2639854896933569, "log10_min_child_weight": 3.2824566903254233, "log10_subsample": -0.3052443918004385, "max_depth": 8.0, "num_boost_round": 28.0}, "datetime": {"datetime": "2024-01-19 01:33:34", "elapsed": 4907.190692, "delta": 0.004713}}
{"target": -17.675160851680825, "params": {"gamma": 407.45658936482863, "log10_alpha": 0.9750309454692392, "log10_colsample_bytree": -0.7940558177818718, "log10_eta": -2.7258816921612814, "log10_lambda": 0.2639854896933569, "log10_min_child_weight": 3.2824566903254233, "log10_subsample": -0.3052443918004385, "max_depth": 8.0, "num_boost_round": 29.0}, "datetime": {"datetime": "2024-01-19 01:33:34", "elapsed": 4907.195441, "delta": 0.004749}}
{"target": -17.675094453065906, "params": {"gamma": 407.45658936482863, "log10_alpha": 0.9750309454692392, "log10_colsample_bytree": -0.7940558177818718, "log10_eta": -2.7258816921612814, "log10_lambda": 0.2639854896933569, "log10_min_child_weight": 3.2824566903254233, "log10_subsample": -0.3052443918004385, "max_depth": 8.0, "num_boost_round": 30.0}, "datetime": {"datetime": "2024-01-19 01:33:34", "elapsed": 4907.200352, "delta": 0.004911}}
{"target": -17.67499787927812, "params": {"gamma": 407.45658936482863, "log10_alpha": 0.9750309454692392, "log10_colsample_bytree": -0.7940558177818718, "log10_eta": -2.7258816921612814, "log10_lambda": 0.2639854896933569, "log10_min_child_weight": 3.2824566903254233, "log10_subsample": -0.3052443918004385, "max_depth": 8.0, "num_boost_round": 31.0}, "datetime": {"datetime": "2024-01-19 01:33:34", "elapsed": 4907.205096, "delta": 0.004744}}
{"target": -17.674984899985954, "params": {"gamma": 407.45658936482863, "log10_alpha": 0.9750309454692392, "log10_colsample_bytree": -0.7940558177818718, "log10_eta": -2.7258816921612814, "log10_lambda": 0.2639854896933569, "log10_min_child_weight": 3.2824566903254233, "log10_subsample": -0.3052443918004385, "max_depth": 8.0, "num_boost_round": 32.0}, "datetime": {"datetime": "2024-01-19 01:33:34", "elapsed": 4907.209826, "delta": 0.00473}}
{"target": -17.674869415653653, "params": {"gamma": 407.45658936482863, "log10_alpha": 0.9750309454692392, "log10_colsample_bytree": -0.7940558177818718, "log10_eta": -2.7258816921612814, "log10_lambda": 0.2639854896933569, "log10_min_child_weight": 3.2824566903254233, "log10_subsample": -0.3052443918004385, "max_depth": 8.0, "num_boost_round": 33.0}, "datetime": {"datetime": "2024-01-19 01:33:34", "elapsed": 4907.214539, "delta": 0.004713}}
{"target": -17.677129836336217, "params": {"gamma": 425.71142450856325, "log10_alpha": -4.782538904993656, "log10_colsample_bytree": -0.21262918870036918, "log10_eta": -2.2632682642278223, "log10_lambda": -3.925906579437602, "log10_min_child_weight": 3.5078450502383824, "log10_subsample": -0.5847361429553036, "max_depth": 8.0, "num_boost_round": 0.0}, "datetime": {"datetime": "2024-01-19 01:35:16", "elapsed": 5009.443668, "delta": 102.229129}}
{"target": -17.676919311047502, "params": {"gamma": 425.71142450856325, "log10_alpha": -4.782538904993656, "log10_colsample_bytree": -0.21262918870036918, "log10_eta": -2.2632682642278223, "log10_lambda": -3.925906579437602, "log10_min_child_weight": 3.5078450502383824, "log10_subsample": -0.5847361429553036, "max_depth": 8.0, "num_boost_round": 1.0}, "datetime": {"datetime": "2024-01-19 01:35:16", "elapsed": 5009.449765, "delta": 0.006097}}
{"target": -17.676674387941603, "params": {"gamma": 425.71142450856325, "log10_alpha": -4.782538904993656, "log10_colsample_bytree": -0.21262918870036918, "log10_eta": -2.2632682642278223, "log10_lambda": -3.925906579437602, "log10_min_child_weight": 3.5078450502383824, "log10_subsample": -0.5847361429553036, "max_depth": 8.0, "num_boost_round": 2.0}, "datetime": {"datetime": "2024-01-19 01:35:16", "elapsed": 5009.454682, "delta": 0.004917}}
{"target": -17.67673973050558, "params": {"gamma": 425.71142450856325, "log10_alpha": -4.782538904993656, "log10_colsample_bytree": -0.21262918870036918, "log10_eta": -2.2632682642278223, "log10_lambda": -3.925906579437602, "log10_min_child_weight": 3.5078450502383824, "log10_subsample": -0.5847361429553036, "max_depth": 8.0, "num_boost_round": 3.0}, "datetime": {"datetime": "2024-01-19 01:35:16", "elapsed": 5009.459523, "delta": 0.004841}}
{"target": -17.67663773415827, "params": {"gamma": 425.71142450856325, "log10_alpha": -4.782538904993656, "log10_colsample_bytree": -0.21262918870036918, "log10_eta": -2.2632682642278223, "log10_lambda": -3.925906579437602, "log10_min_child_weight": 3.5078450502383824, "log10_subsample": -0.5847361429553036, "max_depth": 8.0, "num_boost_round": 4.0}, "datetime": {"datetime": "2024-01-19 01:35:16", "elapsed": 5009.465374, "delta": 0.005851}}
{"target": -17.676638621208824, "params": {"gamma": 425.71142450856325, "log10_alpha": -4.782538904993656, "log10_colsample_bytree": -0.21262918870036918, "log10_eta": -2.2632682642278223, "log10_lambda": -3.925906579437602, "log10_min_child_weight": 3.5078450502383824, "log10_subsample": -0.5847361429553036, "max_depth": 8.0, "num_boost_round": 5.0}, "datetime": {"datetime": "2024-01-19 01:35:16", "elapsed": 5009.470639, "delta": 0.005265}}
{"target": -17.676570839666383, "params": {"gamma": 425.71142450856325, "log10_alpha": -4.782538904993656, "log10_colsample_bytree": -0.21262918870036918, "log10_eta": -2.2632682642278223, "log10_lambda": -3.925906579437602, "log10_min_child_weight": 3.5078450502383824, "log10_subsample": -0.5847361429553036, "max_depth": 8.0, "num_boost_round": 6.0}, "datetime": {"datetime": "2024-01-19 01:35:16", "elapsed": 5009.475395, "delta": 0.004756}}
{"target": -17.67630796955863, "params": {"gamma": 425.71142450856325, "log10_alpha": -4.782538904993656, "log10_colsample_bytree": -0.21262918870036918, "log10_eta": -2.2632682642278223, "log10_lambda": -3.925906579437602, "log10_min_child_weight": 3.5078450502383824, "log10_subsample": -0.5847361429553036, "max_depth": 8.0, "num_boost_round": 7.0}, "datetime": {"datetime": "2024-01-19 01:35:16", "elapsed": 5009.48009, "delta": 0.004695}}
{"target": -17.676074060849974, "params": {"gamma": 425.71142450856325, "log10_alpha": -4.782538904993656, "log10_colsample_bytree": -0.21262918870036918, "log10_eta": -2.2632682642278223, "log10_lambda": -3.925906579437602, "log10_min_child_weight": 3.5078450502383824, "log10_subsample": -0.5847361429553036, "max_depth": 8.0, "num_boost_round": 8.0}, "datetime": {"datetime": "2024-01-19 01:35:16", "elapsed": 5009.484964, "delta": 0.004874}}
