{"target": -13.758513385102809, "params": {"gamma": 82.61730649552534, "log10_alpha": 0.8895557561851177, "log10_colsample_bytree": -0.9226064793010227, "log10_eta": -3.3131273765408435, "log10_lambda": -1.9890441508368193, "log10_min_child_weight": 3.239406242451681, "log10_subsample": -0.7864127945528191, "max_depth": 5.0, "num_boost_round": 4.0}, "datetime": {"datetime": "2024-01-19 02:16:21", "elapsed": 7501.660364, "delta": 0.005689}}
{"target": -13.75851415890928, "params": {"gamma": 82.61730649552534, "log10_alpha": 0.8895557561851177, "log10_colsample_bytree": -0.9226064793010227, "log10_eta": -3.3131273765408435, "log10_lambda": -1.9890441508368193, "log10_min_child_weight": 3.239406242451681, "log10_subsample": -0.7864127945528191, "max_depth": 5.0, "num_boost_round": 5.0}, "datetime": {"datetime": "2024-01-19 02:16:21", "elapsed": 7501.665613, "delta": 0.005249}}
{"target": -13.758521667360348, "params": {"gamma": 82.61730649552534, "log10_alpha": 0.8895557561851177, "log10_colsample_bytree": -0.9226064793010227, "log10_eta": -3.3131273765408435, "log10_lambda": -1.9890441508368193, "log10_min_child_weight": 3.239406242451681, "log10_subsample": -0.7864127945528191, "max_depth": 5.0, "num_boost_round": 6.0}, "datetime": {"datetime": "2024-01-19 02:16:21", "elapsed": 7501.670796, "delta": 0.005183}}
{"target": -13.758515509186818, "params": {"gamma": 82.61730649552534, "log10_alpha": 0.8895557561851177, "log10_colsample_bytree": -0.9226064793010227, "log10_eta": -3.3131273765408435, "log10_lambda": -1.9890441508368193, "log10_min_child_weight": 3.239406242451681, "log10_subsample": -0.7864127945528191, "max_depth": 5.0, "num_boost_round": 7.0}, "datetime": {"datetime": "2024-01-19 02:16:21", "elapsed": 7501.676258, "delta": 0.005462}}
{"target": -13.75850188727221, "params": {"gamma": 82.61730649552534, "log10_alpha": 0.8895557561851177, "log10_colsample_bytree": -0.9226064793010227, "log10_eta": -3.3131273765408435, "log10_lambda": -1.9890441508368193, "log10_min_child_weight": 3.239406242451681, "log10_subsample": -0.7864127945528191, "max_depth": 5.0, "num_boost_round": 8.0}, "datetime": {"datetime": "2024-01-19 02:16:21", "elapsed": 7501.681711, "delta": 0.005453}}
{"target": -13.75850397452666, "params": {"gamma": 82.61730649552534, "log10_alpha": 0.8895557561851177, "log10_colsample_bytree": -0.9226064793010227, "log10_eta": -3.3131273765408435, "log10_lambda": -1.9890441508368193, "log10_min_child_weight": 3.239406242451681, "log10_subsample": -0.7864127945528191, "max_depth": 5.0, "num_boost_round": 9.0}, "datetime": {"datetime": "2024-01-19 02:16:21", "elapsed": 7501.686955, "delta": 0.005244}}
{"target": -13.75849839936908, "params": {"gamma": 82.61730649552534, "log10_alpha": 0.8895557561851177, "log10_colsample_bytree": -0.9226064793010227, "log10_eta": -3.3131273765408435, "log10_lambda": -1.9890441508368193, "log10_min_child_weight": 3.239406242451681, "log10_subsample": -0.7864127945528191, "max_depth": 5.0, "num_boost_round": 10.0}, "datetime": {"datetime": "2024-01-19 02:16:21", "elapsed": 7501.692357, "delta": 0.005402}}
{"target": -13.75849654348103, "params": {"gamma": 82.61730649552534, "log10_alpha": 0.8895557561851177, "log10_colsample_bytree": -0.9226064793010227, "log10_eta": -3.3131273765408435, "log10_lambda": -1.9890441508368193, "log10_min_child_weight": 3.239406242451681, "log10_subsample": -0.7864127945528191, "max_depth": 5.0, "num_boost_round": 11.0}, "datetime": {"datetime": "2024-01-19 02:16:21", "elapsed": 7501.697827, "delta": 0.00547}}
{"target": -13.758487195161342, "params": {"gamma": 82.61730649552534, "log10_alpha": 0.8895557561851177, "log10_colsample_bytree": -0.9226064793010227, "log10_eta": -3.3131273765408435, "log10_lambda": -1.9890441508368193, "log10_min_child_weight": 3.239406242451681, "log10_subsample": -0.7864127945528191, "max_depth": 5.0, "num_boost_round": 12.0}, "datetime": {"datetime": "2024-01-19 02:16:21", "elapsed": 7501.703843, "delta": 0.006016}}
{"target": -13.758481968011283, "params": {"gamma": 82.61730649552534, "log10_alpha": 0.8895557561851177, "log10_colsample_bytree": -0.9226064793010227, "log10_eta": -3.3131273765408435, "log10_lambda": -1.9890441508368193, "log10_min_child_weight": 3.239406242451681, "log10_subsample": -0.7864127945528191, "max_depth": 5.0, "num_boost_round": 13.0}, "datetime": {"datetime": "2024-01-19 02:16:21", "elapsed": 7501.70915, "delta": 0.005307}}
{"target": -13.758478943677924, "params": {"gamma": 82.61730649552534, "log10_alpha": 0.8895557561851177, "log10_colsample_bytree": -0.9226064793010227, "log10_eta": -3.3131273765408435, "log10_lambda": -1.9890441508368193, "log10_min_child_weight": 3.239406242451681, "log10_subsample": -0.7864127945528191, "max_depth": 5.0, "num_boost_round": 14.0}, "datetime": {"datetime": "2024-01-19 02:16:21", "elapsed": 7501.714713, "delta": 0.005563}}
{"target": -13.758473969373743, "params": {"gamma": 82.61730649552534, "log10_alpha": 0.8895557561851177, "log10_colsample_bytree": -0.9226064793010227, "log10_eta": -3.3131273765408435, "log10_lambda": -1.9890441508368193, "log10_min_child_weight": 3.239406242451681, "log10_subsample": -0.7864127945528191, "max_depth": 5.0, "num_boost_round": 15.0}, "datetime": {"datetime": "2024-01-19 02:16:21", "elapsed": 7501.720445, "delta": 0.005732}}
{"target": -13.758469737892037, "params": {"gamma": 82.61730649552534, "log10_alpha": 0.8895557561851177, "log10_colsample_bytree": -0.9226064793010227, "log10_eta": -3.3131273765408435, "log10_lambda": -1.9890441508368193, "log10_min_child_weight": 3.239406242451681, "log10_subsample": -0.7864127945528191, "max_depth": 5.0, "num_boost_round": 16.0}, "datetime": {"datetime": "2024-01-19 02:16:21", "elapsed": 7501.726131, "delta": 0.005686}}
{"target": -13.758461255871877, "params": {"gamma": 82.61730649552534, "log10_alpha": 0.8895557561851177, "log10_colsample_bytree": -0.9226064793010227, "log10_eta": -3.3131273765408435, "log10_lambda": -1.9890441508368193, "log10_min_child_weight": 3.239406242451681, "log10_subsample": -0.7864127945528191, "max_depth": 5.0, "num_boost_round": 17.0}, "datetime": {"datetime": "2024-01-19 02:16:21", "elapsed": 7501.731544, "delta": 0.005413}}
{"target": -13.758460556722788, "params": {"gamma": 82.61730649552534, "log10_alpha": 0.8895557561851177, "log10_colsample_bytree": -0.9226064793010227, "log10_eta": -3.3131273765408435, "log10_lambda": -1.9890441508368193, "log10_min_child_weight": 3.239406242451681, "log10_subsample": -0.7864127945528191, "max_depth": 5.0, "num_boost_round": 18.0}, "datetime": {"datetime": "2024-01-19 02:16:21", "elapsed": 7501.736827, "delta": 0.005283}}
{"target": -13.758455297956806, "params": {"gamma": 82.61730649552534, "log10_alpha": 0.8895557561851177, "log10_colsample_bytree": -0.9226064793010227, "log10_eta": -3.3131273765408435, "log10_lambda": -1.9890441508368193, "log10_min_child_weight": 3.239406242451681, "log10_subsample": -0.7864127945528191, "max_depth": 5.0, "num_boost_round": 19.0}, "datetime": {"datetime": "2024-01-19 02:16:21", "elapsed": 7501.742204, "delta": 0.005377}}
{"target": -13.758454260302292, "params": {"gamma": 82.61730649552534, "log10_alpha": 0.8895557561851177, "log10_colsample_bytree": -0.9226064793010227, "log10_eta": -3.3131273765408435, "log10_lambda": -1.9890441508368193, "log10_min_child_weight": 3.239406242451681, "log10_subsample": -0.7864127945528191, "max_depth": 5.0, "num_boost_round": 20.0}, "datetime": {"datetime": "2024-01-19 02:16:21", "elapsed": 7501.747455, "delta": 0.005251}}
{"target": -13.758445351313481, "params": {"gamma": 82.61730649552534, "log10_alpha": 0.8895557561851177, "log10_colsample_bytree": -0.9226064793010227, "log10_eta": -3.3131273765408435, "log10_lambda": -1.9890441508368193, "log10_min_child_weight": 3.239406242451681, "log10_subsample": -0.7864127945528191, "max_depth": 5.0, "num_boost_round": 21.0}, "datetime": {"datetime": "2024-01-19 02:16:21", "elapsed": 7501.752851, "delta": 0.005396}}
{"target": -13.758435209720725, "params": {"gamma": 82.61730649552534, "log10_alpha": 0.8895557561851177, "log10_colsample_bytree": -0.9226064793010227, "log10_eta": -3.3131273765408435, "log10_lambda": -1.9890441508368193, "log10_min_child_weight": 3.239406242451681, "log10_subsample": -0.7864127945528191, "max_depth": 5.0, "num_boost_round": 22.0}, "datetime": {"datetime": "2024-01-19 02:16:21", "elapsed": 7501.758266, "delta": 0.005415}}
{"target": -13.758426597776168, "params": {"gamma": 82.61730649552534, "log10_alpha": 0.8895557561851177, "log10_colsample_bytree": -0.9226064793010227, "log10_eta": -3.3131273765408435, "log10_lambda": -1.9890441508368193, "log10_min_child_weight": 3.239406242451681, "log10_subsample": -0.7864127945528191, "max_depth": 5.0, "num_boost_round": 23.0}, "datetime": {"datetime": "2024-01-19 02:16:21", "elapsed": 7501.763658, "delta": 0.005392}}
{"target": -13.758424165060742, "params": {"gamma": 82.61730649552534, "log10_alpha": 0.8895557561851177, "log10_colsample_bytree": -0.9226064793010227, "log10_eta": -3.3131273765408435, "log10_lambda": -1.9890441508368193, "log10_min_child_weight": 3.239406242451681, "log10_subsample": -0.7864127945528191, "max_depth": 5.0, "num_boost_round": 24.0}, "datetime": {"datetime": "2024-01-19 02:16:21", "elapsed": 7501.768929, "delta": 0.005271}}
{"target": -13.758425955876609, "params": {"gamma": 82.61730649552534, "log10_alpha": 0.8895557561851177, "log10_colsample_bytree": -0.9226064793010227, "log10_eta": -3.3131273765408435, "log10_lambda": -1.9890441508368193, "log10_min_child_weight": 3.239406242451681, "log10_subsample": -0.7864127945528191, "max_depth": 5.0, "num_boost_round": 25.0}, "datetime": {"datetime": "2024-01-19 02:16:21", "elapsed": 7501.774574, "delta": 0.005645}}
{"target": -13.758424062259342, "params": {"gamma": 82.61730649552534, "log10_alpha": 0.8895557561851177, "log10_colsample_bytree": -0.9226064793010227, "log10_eta": -3.3131273765408435, "log10_lambda": -1.9890441508368193, "log10_min_child_weight": 3.239406242451681, "log10_subsample": -0.7864127945528191, "max_depth": 5.0, "num_boost_round": 26.0}, "datetime": {"datetime": "2024-01-19 02:16:21", "elapsed": 7501.780129, "delta": 0.005555}}
{"target": -13.758421099657248, "params": {"gamma": 82.61730649552534, "log10_alpha": 0.8895557561851177, "log10_colsample_bytree": -0.9226064793010227, "log10_eta": -3.3131273765408435, "log10_lambda": -1.9890441508368193, "log10_min_child_weight": 3.239406242451681, "log10_subsample": -0.7864127945528191, "max_depth": 5.0, "num_boost_round": 27.0}, "datetime": {"datetime": "2024-01-19 02:16:21", "elapsed": 7501.785846, "delta": 0.005717}}
{"target": -13.758416934635287, "params": {"gamma": 82.61730649552534, "log10_alpha": 0.8895557561851177, "log10_colsample_bytree": -0.9226064793010227, "log10_eta": -3.3131273765408435, "log10_lambda": -1.9890441508368193, "log10_min_child_weight": 3.239406242451681, "log10_subsample": -0.7864127945528191, "max_depth": 5.0, "num_boost_round": 28.0}, "datetime": {"datetime": "2024-01-19 02:16:21", "elapsed": 7501.791636, "delta": 0.00579}}
{"target": -13.75841008927065, "params": {"gamma": 82.61730649552534, "log10_alpha": 0.8895557561851177, "log10_colsample_bytree": -0.9226064793010227, "log10_eta": -3.3131273765408435, "log10_lambda": -1.9890441508368193, "log10_min_child_weight": 3.239406242451681, "log10_subsample": -0.7864127945528191, "max_depth": 5.0, "num_boost_round": 29.0}, "datetime": {"datetime": "2024-01-19 02:16:21", "elapsed": 7501.796999, "delta": 0.005363}}
{"target": -13.758403710236738, "params": {"gamma": 82.61730649552534, "log10_alpha": 0.8895557561851177, "log10_colsample_bytree": -0.9226064793010227, "log10_eta": -3.3131273765408435, "log10_lambda": -1.9890441508368193, "log10_min_child_weight": 3.239406242451681, "log10_subsample": -0.7864127945528191, "max_depth": 5.0, "num_boost_round": 30.0}, "datetime": {"datetime": "2024-01-19 02:16:21", "elapsed": 7501.80228, "delta": 0.005281}}
{"target": -13.75839113055183, "params": {"gamma": 82.61730649552534, "log10_alpha": 0.8895557561851177, "log10_colsample_bytree": -0.9226064793010227, "log10_eta": -3.3131273765408435, "log10_lambda": -1.9890441508368193, "log10_min_child_weight": 3.239406242451681, "log10_subsample": -0.7864127945528191, "max_depth": 5.0, "num_boost_round": 31.0}, "datetime": {"datetime": "2024-01-19 02:16:21", "elapsed": 7501.807497, "delta": 0.005217}}
{"target": -13.758384248188074, "params": {"gamma": 82.61730649552534, "log10_alpha": 0.8895557561851177, "log10_colsample_bytree": -0.9226064793010227, "log10_eta": -3.3131273765408435, "log10_lambda": -1.9890441508368193, "log10_min_child_weight": 3.239406242451681, "log10_subsample": -0.7864127945528191, "max_depth": 5.0, "num_boost_round": 32.0}, "datetime": {"datetime": "2024-01-19 02:16:21", "elapsed": 7501.812836, "delta": 0.005339}}
{"target": -13.75837788856538, "params": {"gamma": 82.61730649552534, "log10_alpha": 0.8895557561851177, "log10_colsample_bytree": -0.9226064793010227, "log10_eta": -3.3131273765408435, "log10_lambda": -1.9890441508368193, "log10_min_child_weight": 3.239406242451681, "log10_subsample": -0.7864127945528191, "max_depth": 5.0, "num_boost_round": 33.0}, "datetime": {"datetime": "2024-01-19 02:16:21", "elapsed": 7501.81816, "delta": 0.005324}}
{"target": -13.758367839900204, "params": {"gamma": 82.61730649552534, "log10_alpha": 0.8895557561851177, "log10_colsample_bytree": -0.9226064793010227, "log10_eta": -3.3131273765408435, "log10_lambda": -1.9890441508368193, "log10_min_child_weight": 3.239406242451681, "log10_subsample": -0.7864127945528191, "max_depth": 5.0, "num_boost_round": 34.0}, "datetime": {"datetime": "2024-01-19 02:16:21", "elapsed": 7501.823689, "delta": 0.005529}}
{"target": -13.758369025638613, "params": {"gamma": 82.61730649552534, "log10_alpha": 0.8895557561851177, "log10_colsample_bytree": -0.9226064793010227, "log10_eta": -3.3131273765408435, "log10_lambda": -1.9890441508368193, "log10_min_child_weight": 3.239406242451681, "log10_subsample": -0.7864127945528191, "max_depth": 5.0, "num_boost_round": 35.0}, "datetime": {"datetime": "2024-01-19 02:16:21", "elapsed": 7501.829584, "delta": 0.005895}}
{"target": -13.758369967760196, "params": {"gamma": 82.61730649552534, "log10_alpha": 0.8895557561851177, "log10_colsample_bytree": -0.9226064793010227, "log10_eta": -3.3131273765408435, "log10_lambda": -1.9890441508368193, "log10_min_child_weight": 3.239406242451681, "log10_subsample": -0.7864127945528191, "max_depth": 5.0, "num_boost_round": 36.0}, "datetime": {"datetime": "2024-01-19 02:16:21", "elapsed": 7501.835678, "delta": 0.006094}}
{"target": -13.758365040662557, "params": {"gamma": 82.61730649552534, "log10_alpha": 0.8895557561851177, "log10_colsample_bytree": -0.9226064793010227, "log10_eta": -3.3131273765408435, "log10_lambda": -1.9890441508368193, "log10_min_child_weight": 3.239406242451681, "log10_subsample": -0.7864127945528191, "max_depth": 5.0, "num_boost_round": 37.0}, "datetime": {"datetime": "2024-01-19 02:16:21", "elapsed": 7501.841165, "delta": 0.005487}}
{"target": -13.758364141318538, "params": {"gamma": 82.61730649552534, "log10_alpha": 0.8895557561851177, "log10_colsample_bytree": -0.9226064793010227, "log10_eta": -3.3131273765408435, "log10_lambda": -1.9890441508368193, "log10_min_child_weight": 3.239406242451681, "log10_subsample": -0.7864127945528191, "max_depth": 5.0, "num_boost_round": 38.0}, "datetime": {"datetime": "2024-01-19 02:16:21", "elapsed": 7501.846734, "delta": 0.005569}}
{"target": -13.758363914667067, "params": {"gamma": 82.61730649552534, "log10_alpha": 0.8895557561851177, "log10_colsample_bytree": -0.9226064793010227, "log10_eta": -3.3131273765408435, "log10_lambda": -1.9890441508368193, "log10_min_child_weight": 3.239406242451681, "log10_subsample": -0.7864127945528191, "max_depth": 5.0, "num_boost_round": 39.0}, "datetime": {"datetime": "2024-01-19 02:16:21", "elapsed": 7501.852272, "delta": 0.005538}}
{"target": -13.758357659212455, "params": {"gamma": 82.61730649552534, "log10_alpha": 0.8895557561851177, "log10_colsample_bytree": -0.9226064793010227, "log10_eta": -3.3131273765408435, "log10_lambda": -1.9890441508368193, "log10_min_child_weight": 3.239406242451681, "log10_subsample": -0.7864127945528191, "max_depth": 5.0, "num_boost_round": 40.0}, "datetime": {"datetime": "2024-01-19 02:16:21", "elapsed": 7501.857957, "delta": 0.005685}}
{"target": -13.758359380125428, "params": {"gamma": 82.61730649552534, "log10_alpha": 0.8895557561851177, "log10_colsample_bytree": -0.9226064793010227, "log10_eta": -3.3131273765408435, "log10_lambda": -1.9890441508368193, "log10_min_child_weight": 3.239406242451681, "log10_subsample": -0.7864127945528191, "max_depth": 5.0, "num_boost_round": 41.0}, "datetime": {"datetime": "2024-01-19 02:16:21", "elapsed": 7501.863392, "delta": 0.005435}}
{"target": -13.758351725463289, "params": {"gamma": 82.61730649552534, "log10_alpha": 0.8895557561851177, "log10_colsample_bytree": -0.9226064793010227, "log10_eta": -3.3131273765408435, "log10_lambda": -1.9890441508368193, "log10_min_child_weight": 3.239406242451681, "log10_subsample": -0.7864127945528191, "max_depth": 5.0, "num_boost_round": 42.0}, "datetime": {"datetime": "2024-01-19 02:16:21", "elapsed": 7501.868751, "delta": 0.005359}}
{"target": -13.758346620658056, "params": {"gamma": 82.61730649552534, "log10_alpha": 0.8895557561851177, "log10_colsample_bytree": -0.9226064793010227, "log10_eta": -3.3131273765408435, "log10_lambda": -1.9890441508368193, "log10_min_child_weight": 3.239406242451681, "log10_subsample": -0.7864127945528191, "max_depth": 5.0, "num_boost_round": 43.0}, "datetime": {"datetime": "2024-01-19 02:16:21", "elapsed": 7501.874155, "delta": 0.005404}}
{"target": -13.758340902554746, "params": {"gamma": 82.61730649552534, "log10_alpha": 0.8895557561851177, "log10_colsample_bytree": -0.9226064793010227, "log10_eta": -3.3131273765408435, "log10_lambda": -1.9890441508368193, "log10_min_child_weight": 3.239406242451681, "log10_subsample": -0.7864127945528191, "max_depth": 5.0, "num_boost_round": 44.0}, "datetime": {"datetime": "2024-01-19 02:16:21", "elapsed": 7501.879532, "delta": 0.005377}}
{"target": -13.758542879437565, "params": {"gamma": 80.38558489189352, "log10_alpha": -2.4543180489684806, "log10_colsample_bytree": -0.7317132602698186, "log10_eta": -2.3646786897338097, "log10_lambda": 0.6371178735275489, "log10_min_child_weight": 4.942472016032389, "log10_subsample": -0.7677769238185036, "max_depth": 4.0, "num_boost_round": 0.0}, "datetime": {"datetime": "2024-01-19 02:18:20", "elapsed": 7620.898508, "delta": 119.018976}}
{"target": -13.758534090315198, "params": {"gamma": 80.38558489189352, "log10_alpha": -2.4543180489684806, "log10_colsample_bytree": -0.7317132602698186, "log10_eta": -2.3646786897338097, "log10_lambda": 0.6371178735275489, "log10_min_child_weight": 4.942472016032389, "log10_subsample": -0.7677769238185036, "max_depth": 4.0, "num_boost_round": 1.0}, "datetime": {"datetime": "2024-01-19 02:18:20", "elapsed": 7620.904704, "delta": 0.006196}}
{"target": -13.75854305702334, "params": {"gamma": 80.38558489189352, "log10_alpha": -2.4543180489684806, "log10_colsample_bytree": -0.7317132602698186, "log10_eta": -2.3646786897338097, "log10_lambda": 0.6371178735275489, "log10_min_child_weight": 4.942472016032389, "log10_subsample": -0.7677769238185036, "max_depth": 4.0, "num_boost_round": 2.0}, "datetime": {"datetime": "2024-01-19 02:18:20", "elapsed": 7620.910087, "delta": 0.005383}}
{"target": -13.758526614070353, "params": {"gamma": 80.38558489189352, "log10_alpha": -2.4543180489684806, "log10_colsample_bytree": -0.7317132602698186, "log10_eta": -2.3646786897338097, "log10_lambda": 0.6371178735275489, "log10_min_child_weight": 4.942472016032389, "log10_subsample": -0.7677769238185036, "max_depth": 4.0, "num_boost_round": 3.0}, "datetime": {"datetime": "2024-01-19 02:18:20", "elapsed": 7620.915574, "delta": 0.005487}}
{"target": -13.758531199806924, "params": {"gamma": 80.38558489189352, "log10_alpha": -2.4543180489684806, "log10_colsample_bytree": -0.7317132602698186, "log10_eta": -2.3646786897338097, "log10_lambda": 0.6371178735275489, "log10_min_child_weight": 4.942472016032389, "log10_subsample": -0.7677769238185036, "max_depth": 4.0, "num_boost_round": 4.0}, "datetime": {"datetime": "2024-01-19 02:18:20", "elapsed": 7620.92118, "delta": 0.005606}}
{"target": -13.758514279872552, "params": {"gamma": 80.38558489189352, "log10_alpha": -2.4543180489684806, "log10_colsample_bytree": -0.7317132602698186, "log10_eta": -2.3646786897338097, "log10_lambda": 0.6371178735275489, "log10_min_child_weight": 4.942472016032389, "log10_subsample": -0.7677769238185036, "max_depth": 4.0, "num_boost_round": 5.0}, "datetime": {"datetime": "2024-01-19 02:18:20", "elapsed": 7620.926632, "delta": 0.005452}}
{"target": -13.758513989491131, "params": {"gamma": 80.38558489189352, "log10_alpha": -2.4543180489684806, "log10_colsample_bytree": -0.7317132602698186, "log10_eta": -2.3646786897338097, "log10_lambda": 0.6371178735275489, "log10_min_child_weight": 4.942472016032389, "log10_subsample": -0.7677769238185036, "max_depth": 4.0, "num_boost_round": 6.0}, "datetime": {"datetime": "2024-01-19 02:18:20", "elapsed": 7620.932115, "delta": 0.005483}}
{"target": -13.758499962488575, "params": {"gamma": 80.38558489189352, "log10_alpha": -2.4543180489684806, "log10_colsample_bytree": -0.7317132602698186, "log10_eta": -2.3646786897338097, "log10_lambda": 0.6371178735275489, "log10_min_child_weight": 4.942472016032389, "log10_subsample": -0.7677769238185036, "max_depth": 4.0, "num_boost_round": 7.0}, "datetime": {"datetime": "2024-01-19 02:18:20", "elapsed": 7620.93747, "delta": 0.005355}}
