{"target": -17.773717717733764, "params": {"gamma": 458.79825548027253, "log10_alpha": 0.7440647424629976, "log10_colsample_bytree": -0.6936125630572103, "log10_eta": -0.15389357744009757, "log10_lambda": -4.62418558272844, "log10_min_child_weight": 4.024569581929393, "log10_subsample": -0.9997889843034614, "max_depth": 4.0, "num_boost_round": 20.0}, "datetime": {"datetime": "2024-01-19 03:21:05", "elapsed": 11369.831175, "delta": 0.005601}}
{"target": -17.78069189741092, "params": {"gamma": 458.79825548027253, "log10_alpha": 0.7440647424629976, "log10_colsample_bytree": -0.6936125630572103, "log10_eta": -0.15389357744009757, "log10_lambda": -4.62418558272844, "log10_min_child_weight": 4.024569581929393, "log10_subsample": -0.9997889843034614, "max_depth": 4.0, "num_boost_round": 21.0}, "datetime": {"datetime": "2024-01-19 03:21:05", "elapsed": 11369.836748, "delta": 0.005573}}
{"target": -17.78241047458243, "params": {"gamma": 458.79825548027253, "log10_alpha": 0.7440647424629976, "log10_colsample_bytree": -0.6936125630572103, "log10_eta": -0.15389357744009757, "log10_lambda": -4.62418558272844, "log10_min_child_weight": 4.024569581929393, "log10_subsample": -0.9997889843034614, "max_depth": 4.0, "num_boost_round": 22.0}, "datetime": {"datetime": "2024-01-19 03:21:05", "elapsed": 11369.842377, "delta": 0.005629}}
{"target": -17.79188401990846, "params": {"gamma": 458.79825548027253, "log10_alpha": 0.7440647424629976, "log10_colsample_bytree": -0.6936125630572103, "log10_eta": -0.15389357744009757, "log10_lambda": -4.62418558272844, "log10_min_child_weight": 4.024569581929393, "log10_subsample": -0.9997889843034614, "max_depth": 4.0, "num_boost_round": 23.0}, "datetime": {"datetime": "2024-01-19 03:21:05", "elapsed": 11369.848035, "delta": 0.005658}}
{"target": -17.798363489745974, "params": {"gamma": 458.79825548027253, "log10_alpha": 0.7440647424629976, "log10_colsample_bytree": -0.6936125630572103, "log10_eta": -0.15389357744009757, "log10_lambda": -4.62418558272844, "log10_min_child_weight": 4.024569581929393, "log10_subsample": -0.9997889843034614, "max_depth": 4.0, "num_boost_round": 24.0}, "datetime": {"datetime": "2024-01-19 03:21:05", "elapsed": 11369.853676, "delta": 0.005641}}
{"target": -17.801178254935614, "params": {"gamma": 458.79825548027253, "log10_alpha": 0.7440647424629976, "log10_colsample_bytree": -0.6936125630572103, "log10_eta": -0.15389357744009757, "log10_lambda": -4.62418558272844, "log10_min_child_weight": 4.024569581929393, "log10_subsample": -0.9997889843034614, "max_depth": 4.0, "num_boost_round": 25.0}, "datetime": {"datetime": "2024-01-19 03:21:05", "elapsed": 11369.859321, "delta": 0.005645}}
{"target": -17.798345524672975, "params": {"gamma": 458.79825548027253, "log10_alpha": 0.7440647424629976, "log10_colsample_bytree": -0.6936125630572103, "log10_eta": -0.15389357744009757, "log10_lambda": -4.62418558272844, "log10_min_child_weight": 4.024569581929393, "log10_subsample": -0.9997889843034614, "max_depth": 4.0, "num_boost_round": 26.0}, "datetime": {"datetime": "2024-01-19 03:21:05", "elapsed": 11369.864922, "delta": 0.005601}}
{"target": -17.79973287102694, "params": {"gamma": 458.79825548027253, "log10_alpha": 0.7440647424629976, "log10_colsample_bytree": -0.6936125630572103, "log10_eta": -0.15389357744009757, "log10_lambda": -4.62418558272844, "log10_min_child_weight": 4.024569581929393, "log10_subsample": -0.9997889843034614, "max_depth": 4.0, "num_boost_round": 27.0}, "datetime": {"datetime": "2024-01-19 03:21:05", "elapsed": 11369.870529, "delta": 0.005607}}
{"target": -17.798825300222827, "params": {"gamma": 458.79825548027253, "log10_alpha": 0.7440647424629976, "log10_colsample_bytree": -0.6936125630572103, "log10_eta": -0.15389357744009757, "log10_lambda": -4.62418558272844, "log10_min_child_weight": 4.024569581929393, "log10_subsample": -0.9997889843034614, "max_depth": 4.0, "num_boost_round": 28.0}, "datetime": {"datetime": "2024-01-19 03:21:05", "elapsed": 11369.876948, "delta": 0.006419}}
{"target": -17.80181955989276, "params": {"gamma": 458.79825548027253, "log10_alpha": 0.7440647424629976, "log10_colsample_bytree": -0.6936125630572103, "log10_eta": -0.15389357744009757, "log10_lambda": -4.62418558272844, "log10_min_child_weight": 4.024569581929393, "log10_subsample": -0.9997889843034614, "max_depth": 4.0, "num_boost_round": 29.0}, "datetime": {"datetime": "2024-01-19 03:21:05", "elapsed": 11369.883263, "delta": 0.006315}}
{"target": -17.803740858860344, "params": {"gamma": 458.79825548027253, "log10_alpha": 0.7440647424629976, "log10_colsample_bytree": -0.6936125630572103, "log10_eta": -0.15389357744009757, "log10_lambda": -4.62418558272844, "log10_min_child_weight": 4.024569581929393, "log10_subsample": -0.9997889843034614, "max_depth": 4.0, "num_boost_round": 30.0}, "datetime": {"datetime": "2024-01-19 03:21:05", "elapsed": 11369.889283, "delta": 0.00602}}
{"target": -17.800200274860988, "params": {"gamma": 458.79825548027253, "log10_alpha": 0.7440647424629976, "log10_colsample_bytree": -0.6936125630572103, "log10_eta": -0.15389357744009757, "log10_lambda": -4.62418558272844, "log10_min_child_weight": 4.024569581929393, "log10_subsample": -0.9997889843034614, "max_depth": 4.0, "num_boost_round": 31.0}, "datetime": {"datetime": "2024-01-19 03:21:05", "elapsed": 11369.895632, "delta": 0.006349}}
{"target": -17.81785298451889, "params": {"gamma": 458.79825548027253, "log10_alpha": 0.7440647424629976, "log10_colsample_bytree": -0.6936125630572103, "log10_eta": -0.15389357744009757, "log10_lambda": -4.62418558272844, "log10_min_child_weight": 4.024569581929393, "log10_subsample": -0.9997889843034614, "max_depth": 4.0, "num_boost_round": 32.0}, "datetime": {"datetime": "2024-01-19 03:21:05", "elapsed": 11369.90169, "delta": 0.006058}}
{"target": -17.824736881152816, "params": {"gamma": 458.79825548027253, "log10_alpha": 0.7440647424629976, "log10_colsample_bytree": -0.6936125630572103, "log10_eta": -0.15389357744009757, "log10_lambda": -4.62418558272844, "log10_min_child_weight": 4.024569581929393, "log10_subsample": -0.9997889843034614, "max_depth": 4.0, "num_boost_round": 33.0}, "datetime": {"datetime": "2024-01-19 03:21:05", "elapsed": 11369.907408, "delta": 0.005718}}
{"target": -17.83024325017793, "params": {"gamma": 458.79825548027253, "log10_alpha": 0.7440647424629976, "log10_colsample_bytree": -0.6936125630572103, "log10_eta": -0.15389357744009757, "log10_lambda": -4.62418558272844, "log10_min_child_weight": 4.024569581929393, "log10_subsample": -0.9997889843034614, "max_depth": 4.0, "num_boost_round": 34.0}, "datetime": {"datetime": "2024-01-19 03:21:05", "elapsed": 11369.913012, "delta": 0.005604}}
{"target": -17.833644017878132, "params": {"gamma": 458.79825548027253, "log10_alpha": 0.7440647424629976, "log10_colsample_bytree": -0.6936125630572103, "log10_eta": -0.15389357744009757, "log10_lambda": -4.62418558272844, "log10_min_child_weight": 4.024569581929393, "log10_subsample": -0.9997889843034614, "max_depth": 4.0, "num_boost_round": 35.0}, "datetime": {"datetime": "2024-01-19 03:21:05", "elapsed": 11369.918641, "delta": 0.005629}}
{"target": -17.830400364196226, "params": {"gamma": 458.79825548027253, "log10_alpha": 0.7440647424629976, "log10_colsample_bytree": -0.6936125630572103, "log10_eta": -0.15389357744009757, "log10_lambda": -4.62418558272844, "log10_min_child_weight": 4.024569581929393, "log10_subsample": -0.9997889843034614, "max_depth": 4.0, "num_boost_round": 36.0}, "datetime": {"datetime": "2024-01-19 03:21:05", "elapsed": 11369.924251, "delta": 0.00561}}
{"target": -17.836110715081187, "params": {"gamma": 458.79825548027253, "log10_alpha": 0.7440647424629976, "log10_colsample_bytree": -0.6936125630572103, "log10_eta": -0.15389357744009757, "log10_lambda": -4.62418558272844, "log10_min_child_weight": 4.024569581929393, "log10_subsample": -0.9997889843034614, "max_depth": 4.0, "num_boost_round": 37.0}, "datetime": {"datetime": "2024-01-19 03:21:05", "elapsed": 11369.929929, "delta": 0.005678}}
{"target": -17.83423980492749, "params": {"gamma": 458.79825548027253, "log10_alpha": 0.7440647424629976, "log10_colsample_bytree": -0.6936125630572103, "log10_eta": -0.15389357744009757, "log10_lambda": -4.62418558272844, "log10_min_child_weight": 4.024569581929393, "log10_subsample": -0.9997889843034614, "max_depth": 4.0, "num_boost_round": 38.0}, "datetime": {"datetime": "2024-01-19 03:21:05", "elapsed": 11369.9356, "delta": 0.005671}}
{"target": -17.83586333717466, "params": {"gamma": 458.79825548027253, "log10_alpha": 0.7440647424629976, "log10_colsample_bytree": -0.6936125630572103, "log10_eta": -0.15389357744009757, "log10_lambda": -4.62418558272844, "log10_min_child_weight": 4.024569581929393, "log10_subsample": -0.9997889843034614, "max_depth": 4.0, "num_boost_round": 39.0}, "datetime": {"datetime": "2024-01-19 03:21:05", "elapsed": 11369.941183, "delta": 0.005583}}
{"target": -17.841113404741037, "params": {"gamma": 458.79825548027253, "log10_alpha": 0.7440647424629976, "log10_colsample_bytree": -0.6936125630572103, "log10_eta": -0.15389357744009757, "log10_lambda": -4.62418558272844, "log10_min_child_weight": 4.024569581929393, "log10_subsample": -0.9997889843034614, "max_depth": 4.0, "num_boost_round": 40.0}, "datetime": {"datetime": "2024-01-19 03:21:05", "elapsed": 11369.946761, "delta": 0.005578}}
{"target": -17.83745345425465, "params": {"gamma": 458.79825548027253, "log10_alpha": 0.7440647424629976, "log10_colsample_bytree": -0.6936125630572103, "log10_eta": -0.15389357744009757, "log10_lambda": -4.62418558272844, "log10_min_child_weight": 4.024569581929393, "log10_subsample": -0.9997889843034614, "max_depth": 4.0, "num_boost_round": 41.0}, "datetime": {"datetime": "2024-01-19 03:21:05", "elapsed": 11369.952547, "delta": 0.005786}}
{"target": -17.83816155492664, "params": {"gamma": 458.79825548027253, "log10_alpha": 0.7440647424629976, "log10_colsample_bytree": -0.6936125630572103, "log10_eta": -0.15389357744009757, "log10_lambda": -4.62418558272844, "log10_min_child_weight": 4.024569581929393, "log10_subsample": -0.9997889843034614, "max_depth": 4.0, "num_boost_round": 42.0}, "datetime": {"datetime": "2024-01-19 03:21:05", "elapsed": 11369.959026, "delta": 0.006479}}
{"target": -17.837715733952457, "params": {"gamma": 458.79825548027253, "log10_alpha": 0.7440647424629976, "log10_colsample_bytree": -0.6936125630572103, "log10_eta": -0.15389357744009757, "log10_lambda": -4.62418558272844, "log10_min_child_weight": 4.024569581929393, "log10_subsample": -0.9997889843034614, "max_depth": 4.0, "num_boost_round": 43.0}, "datetime": {"datetime": "2024-01-19 03:21:05", "elapsed": 11369.965317, "delta": 0.006291}}
{"target": -17.84019702364162, "params": {"gamma": 458.79825548027253, "log10_alpha": 0.7440647424629976, "log10_colsample_bytree": -0.6936125630572103, "log10_eta": -0.15389357744009757, "log10_lambda": -4.62418558272844, "log10_min_child_weight": 4.024569581929393, "log10_subsample": -0.9997889843034614, "max_depth": 4.0, "num_boost_round": 44.0}, "datetime": {"datetime": "2024-01-19 03:21:05", "elapsed": 11370.080061, "delta": 0.114744}}
{"target": -17.840283852057002, "params": {"gamma": 458.79825548027253, "log10_alpha": 0.7440647424629976, "log10_colsample_bytree": -0.6936125630572103, "log10_eta": -0.15389357744009757, "log10_lambda": -4.62418558272844, "log10_min_child_weight": 4.024569581929393, "log10_subsample": -0.9997889843034614, "max_depth": 4.0, "num_boost_round": 45.0}, "datetime": {"datetime": "2024-01-19 03:21:05", "elapsed": 11370.087255, "delta": 0.007194}}
{"target": -17.84042787006388, "params": {"gamma": 458.79825548027253, "log10_alpha": 0.7440647424629976, "log10_colsample_bytree": -0.6936125630572103, "log10_eta": -0.15389357744009757, "log10_lambda": -4.62418558272844, "log10_min_child_weight": 4.024569581929393, "log10_subsample": -0.9997889843034614, "max_depth": 4.0, "num_boost_round": 46.0}, "datetime": {"datetime": "2024-01-19 03:21:05", "elapsed": 11370.092932, "delta": 0.005677}}
{"target": -17.84602111213089, "params": {"gamma": 458.79825548027253, "log10_alpha": 0.7440647424629976, "log10_colsample_bytree": -0.6936125630572103, "log10_eta": -0.15389357744009757, "log10_lambda": -4.62418558272844, "log10_min_child_weight": 4.024569581929393, "log10_subsample": -0.9997889843034614, "max_depth": 4.0, "num_boost_round": 47.0}, "datetime": {"datetime": "2024-01-19 03:21:05", "elapsed": 11370.09859, "delta": 0.005658}}
{"target": -17.847009795573314, "params": {"gamma": 458.79825548027253, "log10_alpha": 0.7440647424629976, "log10_colsample_bytree": -0.6936125630572103, "log10_eta": -0.15389357744009757, "log10_lambda": -4.62418558272844, "log10_min_child_weight": 4.024569581929393, "log10_subsample": -0.9997889843034614, "max_depth": 4.0, "num_boost_round": 48.0}, "datetime": {"datetime": "2024-01-19 03:21:05", "elapsed": 11370.104191, "delta": 0.005601}}
{"target": -17.85050879500888, "params": {"gamma": 458.79825548027253, "log10_alpha": 0.7440647424629976, "log10_colsample_bytree": -0.6936125630572103, "log10_eta": -0.15389357744009757, "log10_lambda": -4.62418558272844, "log10_min_child_weight": 4.024569581929393, "log10_subsample": -0.9997889843034614, "max_depth": 4.0, "num_boost_round": 49.0}, "datetime": {"datetime": "2024-01-19 03:21:05", "elapsed": 11370.109824, "delta": 0.005633}}
{"target": -17.851604966941576, "params": {"gamma": 458.79825548027253, "log10_alpha": 0.7440647424629976, "log10_colsample_bytree": -0.6936125630572103, "log10_eta": -0.15389357744009757, "log10_lambda": -4.62418558272844, "log10_min_child_weight": 4.024569581929393, "log10_subsample": -0.9997889843034614, "max_depth": 4.0, "num_boost_round": 50.0}, "datetime": {"datetime": "2024-01-19 03:21:05", "elapsed": 11370.115469, "delta": 0.005645}}
{"target": -17.85471013357644, "params": {"gamma": 458.79825548027253, "log10_alpha": 0.7440647424629976, "log10_colsample_bytree": -0.6936125630572103, "log10_eta": -0.15389357744009757, "log10_lambda": -4.62418558272844, "log10_min_child_weight": 4.024569581929393, "log10_subsample": -0.9997889843034614, "max_depth": 4.0, "num_boost_round": 51.0}, "datetime": {"datetime": "2024-01-19 03:21:05", "elapsed": 11370.121203, "delta": 0.005734}}
{"target": -18.092230794586243, "params": {"gamma": 405.23725672006947, "log10_alpha": -0.23679838789905716, "log10_colsample_bytree": -0.1701461873449035, "log10_eta": -0.012611684819381352, "log10_lambda": 0.9060242796867666, "log10_min_child_weight": 0.3304870041292324, "log10_subsample": -0.5143641898978509, "max_depth": 9.0, "num_boost_round": 0.0}, "datetime": {"datetime": "2024-01-19 03:22:58", "elapsed": 11483.339783, "delta": 113.21858}}
{"target": -18.48377862229082, "params": {"gamma": 405.23725672006947, "log10_alpha": -0.23679838789905716, "log10_colsample_bytree": -0.1701461873449035, "log10_eta": -0.012611684819381352, "log10_lambda": 0.9060242796867666, "log10_min_child_weight": 0.3304870041292324, "log10_subsample": -0.5143641898978509, "max_depth": 9.0, "num_boost_round": 1.0}, "datetime": {"datetime": "2024-01-19 03:22:58", "elapsed": 11483.345896, "delta": 0.006113}}
{"target": -19.754251975225905, "params": {"gamma": 405.23725672006947, "log10_alpha": -0.23679838789905716, "log10_colsample_bytree": -0.1701461873449035, "log10_eta": -0.012611684819381352, "log10_lambda": 0.9060242796867666, "log10_min_child_weight": 0.3304870041292324, "log10_subsample": -0.5143641898978509, "max_depth": 9.0, "num_boost_round": 2.0}, "datetime": {"datetime": "2024-01-19 03:22:58", "elapsed": 11483.351699, "delta": 0.005803}}
{"target": -20.049659022691667, "params": {"gamma": 405.23725672006947, "log10_alpha": -0.23679838789905716, "log10_colsample_bytree": -0.1701461873449035, "log10_eta": -0.012611684819381352, "log10_lambda": 0.9060242796867666, "log10_min_child_weight": 0.3304870041292324, "log10_subsample": -0.5143641898978509, "max_depth": 9.0, "num_boost_round": 3.0}, "datetime": {"datetime": "2024-01-19 03:22:58", "elapsed": 11483.357376, "delta": 0.005677}}
{"target": -20.272700723391626, "params": {"gamma": 405.23725672006947, "log10_alpha": -0.23679838789905716, "log10_colsample_bytree": -0.1701461873449035, "log10_eta": -0.012611684819381352, "log10_lambda": 0.9060242796867666, "log10_min_child_weight": 0.3304870041292324, "log10_subsample": -0.5143641898978509, "max_depth": 9.0, "num_boost_round": 4.0}, "datetime": {"datetime": "2024-01-19 03:22:58", "elapsed": 11483.363075, "delta": 0.005699}}
{"target": -20.433467146350498, "params": {"gamma": 405.23725672006947, "log10_alpha": -0.23679838789905716, "log10_colsample_bytree": -0.1701461873449035, "log10_eta": -0.012611684819381352, "log10_lambda": 0.9060242796867666, "log10_min_child_weight": 0.3304870041292324, "log10_subsample": -0.5143641898978509, "max_depth": 9.0, "num_boost_round": 5.0}, "datetime": {"datetime": "2024-01-19 03:22:58", "elapsed": 11483.368914, "delta": 0.005839}}
{"target": -20.58803189160915, "params": {"gamma": 405.23725672006947, "log10_alpha": -0.23679838789905716, "log10_colsample_bytree": -0.1701461873449035, "log10_eta": -0.012611684819381352, "log10_lambda": 0.9060242796867666, "log10_min_child_weight": 0.3304870041292324, "log10_subsample": -0.5143641898978509, "max_depth": 9.0, "num_boost_round": 6.0}, "datetime": {"datetime": "2024-01-19 03:22:58", "elapsed": 11483.375077, "delta": 0.006163}}
{"target": -20.732625071373892, "params": {"gamma": 405.23725672006947, "log10_alpha": -0.23679838789905716, "log10_colsample_bytree": -0.1701461873449035, "log10_eta": -0.012611684819381352, "log10_lambda": 0.9060242796867666, "log10_min_child_weight": 0.3304870041292324, "log10_subsample": -0.5143641898978509, "max_depth": 9.0, "num_boost_round": 7.0}, "datetime": {"datetime": "2024-01-19 03:22:58", "elapsed": 11483.381188, "delta": 0.006111}}
{"target": -20.95055751538532, "params": {"gamma": 405.23725672006947, "log10_alpha": -0.23679838789905716, "log10_colsample_bytree": -0.1701461873449035, "log10_eta": -0.012611684819381352, "log10_lambda": 0.9060242796867666, "log10_min_child_weight": 0.3304870041292324, "log10_subsample": -0.5143641898978509, "max_depth": 9.0, "num_boost_round": 8.0}, "datetime": {"datetime": "2024-01-19 03:22:58", "elapsed": 11483.387219, "delta": 0.006031}}
{"target": -21.05827061682617, "params": {"gamma": 405.23725672006947, "log10_alpha": -0.23679838789905716, "log10_colsample_bytree": -0.1701461873449035, "log10_eta": -0.012611684819381352, "log10_lambda": 0.9060242796867666, "log10_min_child_weight": 0.3304870041292324, "log10_subsample": -0.5143641898978509, "max_depth": 9.0, "num_boost_round": 9.0}, "datetime": {"datetime": "2024-01-19 03:22:58", "elapsed": 11483.392939, "delta": 0.00572}}
{"target": -21.185610496344893, "params": {"gamma": 405.23725672006947, "log10_alpha": -0.23679838789905716, "log10_colsample_bytree": -0.1701461873449035, "log10_eta": -0.012611684819381352, "log10_lambda": 0.9060242796867666, "log10_min_child_weight": 0.3304870041292324, "log10_subsample": -0.5143641898978509, "max_depth": 9.0, "num_boost_round": 10.0}, "datetime": {"datetime": "2024-01-19 03:22:58", "elapsed": 11483.39858, "delta": 0.005641}}
{"target": -17.677226900138628, "params": {"gamma": 453.6799153080272, "log10_alpha": -3.498843694383844, "log10_colsample_bytree": -0.47063553119584167, "log10_eta": -4.0, "log10_lambda": -5.0, "log10_min_child_weight": 1.1329770916360593, "log10_subsample": -0.9215038248017162, "max_depth": 4.0, "num_boost_round": 0.0}, "datetime": {"datetime": "2024-01-19 03:25:30", "elapsed": 11635.16418, "delta": 151.7656}}
{"target": -17.677222782254535, "params": {"gamma": 453.6799153080272, "log10_alpha": -3.498843694383844, "log10_colsample_bytree": -0.47063553119584167, "log10_eta": -4.0, "log10_lambda": -5.0, "log10_min_child_weight": 1.1329770916360593, "log10_subsample": -0.9215038248017162, "max_depth": 4.0, "num_boost_round": 1.0}, "datetime": {"datetime": "2024-01-19 03:25:30", "elapsed": 11635.170182, "delta": 0.006002}}
{"target": -17.677217783621668, "params": {"gamma": 453.6799153080272, "log10_alpha": -3.498843694383844, "log10_colsample_bytree": -0.47063553119584167, "log10_eta": -4.0, "log10_lambda": -5.0, "log10_min_child_weight": 1.1329770916360593, "log10_subsample": -0.9215038248017162, "max_depth": 4.0, "num_boost_round": 2.0}, "datetime": {"datetime": "2024-01-19 03:25:30", "elapsed": 11635.17628, "delta": 0.006098}}
{"target": -17.677216508441173, "params": {"gamma": 453.6799153080272, "log10_alpha": -3.498843694383844, "log10_colsample_bytree": -0.47063553119584167, "log10_eta": -4.0, "log10_lambda": -5.0, "log10_min_child_weight": 1.1329770916360593, "log10_subsample": -0.9215038248017162, "max_depth": 4.0, "num_boost_round": 3.0}, "datetime": {"datetime": "2024-01-19 03:25:30", "elapsed": 11635.182278, "delta": 0.005998}}
{"target": -17.677210674805234, "params": {"gamma": 453.6799153080272, "log10_alpha": -3.498843694383844, "log10_colsample_bytree": -0.47063553119584167, "log10_eta": -4.0, "log10_lambda": -5.0, "log10_min_child_weight": 1.1329770916360593, "log10_subsample": -0.9215038248017162, "max_depth": 4.0, "num_boost_round": 4.0}, "datetime": {"datetime": "2024-01-19 03:25:30", "elapsed": 11635.18814, "delta": 0.005862}}
{"target": -17.677207389309235, "params": {"gamma": 453.6799153080272, "log10_alpha": -3.498843694383844, "log10_colsample_bytree": -0.47063553119584167, "log10_eta": -4.0, "log10_lambda": -5.0, "log10_min_child_weight": 1.1329770916360593, "log10_subsample": -0.9215038248017162, "max_depth": 4.0, "num_boost_round": 5.0}, "datetime": {"datetime": "2024-01-19 03:25:30", "elapsed": 11635.194047, "delta": 0.005907}}
