{"target": -17.67648231570437, "params": {"gamma": 868.0250906293471, "log10_alpha": -2.5462237027019157, "log10_colsample_bytree": -0.3487552624188385, "log10_eta": -2.1984409089035677, "log10_lambda": 0.6389468408022045, "log10_min_child_weight": 2.2775247472431475, "log10_subsample": -0.7401820241789324, "max_depth": 8.0, "num_boost_round": 4.0}, "datetime": {"datetime": "2024-01-19 01:18:04", "elapsed": 3965.204808, "delta": 0.00429}}
{"target": -17.676126028840823, "params": {"gamma": 868.0250906293471, "log10_alpha": -2.5462237027019157, "log10_colsample_bytree": -0.3487552624188385, "log10_eta": -2.1984409089035677, "log10_lambda": 0.6389468408022045, "log10_min_child_weight": 2.2775247472431475, "log10_subsample": -0.7401820241789324, "max_depth": 8.0, "num_boost_round": 5.0}, "datetime": {"datetime": "2024-01-19 01:18:04", "elapsed": 3965.208928, "delta": 0.00412}}
{"target": -17.676195983370402, "params": {"gamma": 868.0250906293471, "log10_alpha": -2.5462237027019157, "log10_colsample_bytree": -0.3487552624188385, "log10_eta": -2.1984409089035677, "log10_lambda": 0.6389468408022045, "log10_min_child_weight": 2.2775247472431475, "log10_subsample": -0.7401820241789324, "max_depth": 8.0, "num_boost_round": 6.0}, "datetime": {"datetime": "2024-01-19 01:18:04", "elapsed": 3965.213205, "delta": 0.004277}}
{"target": -17.675879137578708, "params": {"gamma": 868.0250906293471, "log10_alpha": -2.5462237027019157, "log10_colsample_bytree": -0.3487552624188385, "log10_eta": -2.1984409089035677, "log10_lambda": 0.6389468408022045, "log10_min_child_weight": 2.2775247472431475, "log10_subsample": -0.7401820241789324, "max_depth": 8.0, "num_boost_round": 7.0}, "datetime": {"datetime": "2024-01-19 01:18:04", "elapsed": 3965.217488, "delta": 0.004283}}
{"target": -17.67559700425859, "params": {"gamma": 868.0250906293471, "log10_alpha": -2.5462237027019157, "log10_colsample_bytree": -0.3487552624188385, "log10_eta": -2.1984409089035677, "log10_lambda": 0.6389468408022045, "log10_min_child_weight": 2.2775247472431475, "log10_subsample": -0.7401820241789324, "max_depth": 8.0, "num_boost_round": 8.0}, "datetime": {"datetime": "2024-01-19 01:18:04", "elapsed": 3965.222149, "delta": 0.004661}}
{"target": -17.675574436097566, "params": {"gamma": 868.0250906293471, "log10_alpha": -2.5462237027019157, "log10_colsample_bytree": -0.3487552624188385, "log10_eta": -2.1984409089035677, "log10_lambda": 0.6389468408022045, "log10_min_child_weight": 2.2775247472431475, "log10_subsample": -0.7401820241789324, "max_depth": 8.0, "num_boost_round": 9.0}, "datetime": {"datetime": "2024-01-19 01:18:04", "elapsed": 3965.227368, "delta": 0.005219}}
{"target": -17.675515713941284, "params": {"gamma": 868.0250906293471, "log10_alpha": -2.5462237027019157, "log10_colsample_bytree": -0.3487552624188385, "log10_eta": -2.1984409089035677, "log10_lambda": 0.6389468408022045, "log10_min_child_weight": 2.2775247472431475, "log10_subsample": -0.7401820241789324, "max_depth": 8.0, "num_boost_round": 10.0}, "datetime": {"datetime": "2024-01-19 01:18:04", "elapsed": 3965.232406, "delta": 0.005038}}
{"target": -17.67513427193364, "params": {"gamma": 868.0250906293471, "log10_alpha": -2.5462237027019157, "log10_colsample_bytree": -0.3487552624188385, "log10_eta": -2.1984409089035677, "log10_lambda": 0.6389468408022045, "log10_min_child_weight": 2.2775247472431475, "log10_subsample": -0.7401820241789324, "max_depth": 8.0, "num_boost_round": 11.0}, "datetime": {"datetime": "2024-01-19 01:18:04", "elapsed": 3965.236626, "delta": 0.00422}}
{"target": -17.675124678161747, "params": {"gamma": 868.0250906293471, "log10_alpha": -2.5462237027019157, "log10_colsample_bytree": -0.3487552624188385, "log10_eta": -2.1984409089035677, "log10_lambda": 0.6389468408022045, "log10_min_child_weight": 2.2775247472431475, "log10_subsample": -0.7401820241789324, "max_depth": 8.0, "num_boost_round": 12.0}, "datetime": {"datetime": "2024-01-19 01:18:04", "elapsed": 3965.240853, "delta": 0.004227}}
{"target": -17.675412454401172, "params": {"gamma": 868.0250906293471, "log10_alpha": -2.5462237027019157, "log10_colsample_bytree": -0.3487552624188385, "log10_eta": -2.1984409089035677, "log10_lambda": 0.6389468408022045, "log10_min_child_weight": 2.2775247472431475, "log10_subsample": -0.7401820241789324, "max_depth": 8.0, "num_boost_round": 13.0}, "datetime": {"datetime": "2024-01-19 01:18:04", "elapsed": 3965.245053, "delta": 0.0042}}
{"target": -17.675299862175383, "params": {"gamma": 868.0250906293471, "log10_alpha": -2.5462237027019157, "log10_colsample_bytree": -0.3487552624188385, "log10_eta": -2.1984409089035677, "log10_lambda": 0.6389468408022045, "log10_min_child_weight": 2.2775247472431475, "log10_subsample": -0.7401820241789324, "max_depth": 8.0, "num_boost_round": 14.0}, "datetime": {"datetime": "2024-01-19 01:18:04", "elapsed": 3965.249152, "delta": 0.004099}}
{"target": -17.675127703082598, "params": {"gamma": 868.0250906293471, "log10_alpha": -2.5462237027019157, "log10_colsample_bytree": -0.3487552624188385, "log10_eta": -2.1984409089035677, "log10_lambda": 0.6389468408022045, "log10_min_child_weight": 2.2775247472431475, "log10_subsample": -0.7401820241789324, "max_depth": 8.0, "num_boost_round": 15.0}, "datetime": {"datetime": "2024-01-19 01:18:04", "elapsed": 3965.253218, "delta": 0.004066}}
{"target": -17.675143846107627, "params": {"gamma": 868.0250906293471, "log10_alpha": -2.5462237027019157, "log10_colsample_bytree": -0.3487552624188385, "log10_eta": -2.1984409089035677, "log10_lambda": 0.6389468408022045, "log10_min_child_weight": 2.2775247472431475, "log10_subsample": -0.7401820241789324, "max_depth": 8.0, "num_boost_round": 16.0}, "datetime": {"datetime": "2024-01-19 01:18:04", "elapsed": 3965.257493, "delta": 0.004275}}
{"target": -17.674929109583623, "params": {"gamma": 868.0250906293471, "log10_alpha": -2.5462237027019157, "log10_colsample_bytree": -0.3487552624188385, "log10_eta": -2.1984409089035677, "log10_lambda": 0.6389468408022045, "log10_min_child_weight": 2.2775247472431475, "log10_subsample": -0.7401820241789324, "max_depth": 8.0, "num_boost_round": 17.0}, "datetime": {"datetime": "2024-01-19 01:18:04", "elapsed": 3965.261588, "delta": 0.004095}}
{"target": -17.67490567000127, "params": {"gamma": 868.0250906293471, "log10_alpha": -2.5462237027019157, "log10_colsample_bytree": -0.3487552624188385, "log10_eta": -2.1984409089035677, "log10_lambda": 0.6389468408022045, "log10_min_child_weight": 2.2775247472431475, "log10_subsample": -0.7401820241789324, "max_depth": 8.0, "num_boost_round": 18.0}, "datetime": {"datetime": "2024-01-19 01:18:04", "elapsed": 3965.265661, "delta": 0.004073}}
{"target": -17.6745593616585, "params": {"gamma": 868.0250906293471, "log10_alpha": -2.5462237027019157, "log10_colsample_bytree": -0.3487552624188385, "log10_eta": -2.1984409089035677, "log10_lambda": 0.6389468408022045, "log10_min_child_weight": 2.2775247472431475, "log10_subsample": -0.7401820241789324, "max_depth": 8.0, "num_boost_round": 19.0}, "datetime": {"datetime": "2024-01-19 01:18:04", "elapsed": 3965.26998, "delta": 0.004319}}
{"target": -17.674458051242976, "params": {"gamma": 868.0250906293471, "log10_alpha": -2.5462237027019157, "log10_colsample_bytree": -0.3487552624188385, "log10_eta": -2.1984409089035677, "log10_lambda": 0.6389468408022045, "log10_min_child_weight": 2.2775247472431475, "log10_subsample": -0.7401820241789324, "max_depth": 8.0, "num_boost_round": 20.0}, "datetime": {"datetime": "2024-01-19 01:18:04", "elapsed": 3965.274098, "delta": 0.004118}}
{"target": -17.67454845990577, "params": {"gamma": 868.0250906293471, "log10_alpha": -2.5462237027019157, "log10_colsample_bytree": -0.3487552624188385, "log10_eta": -2.1984409089035677, "log10_lambda": 0.6389468408022045, "log10_min_child_weight": 2.2775247472431475, "log10_subsample": -0.7401820241789324, "max_depth": 8.0, "num_boost_round": 21.0}, "datetime": {"datetime": "2024-01-19 01:18:04", "elapsed": 3965.278189, "delta": 0.004091}}
{"target": -17.67429512292831, "params": {"gamma": 868.0250906293471, "log10_alpha": -2.5462237027019157, "log10_colsample_bytree": -0.3487552624188385, "log10_eta": -2.1984409089035677, "log10_lambda": 0.6389468408022045, "log10_min_child_weight": 2.2775247472431475, "log10_subsample": -0.7401820241789324, "max_depth": 8.0, "num_boost_round": 22.0}, "datetime": {"datetime": "2024-01-19 01:18:04", "elapsed": 3965.282435, "delta": 0.004246}}
{"target": -17.67393552981585, "params": {"gamma": 868.0250906293471, "log10_alpha": -2.5462237027019157, "log10_colsample_bytree": -0.3487552624188385, "log10_eta": -2.1984409089035677, "log10_lambda": 0.6389468408022045, "log10_min_child_weight": 2.2775247472431475, "log10_subsample": -0.7401820241789324, "max_depth": 8.0, "num_boost_round": 23.0}, "datetime": {"datetime": "2024-01-19 01:18:04", "elapsed": 3965.286503, "delta": 0.004068}}
{"target": -17.673768633921004, "params": {"gamma": 868.0250906293471, "log10_alpha": -2.5462237027019157, "log10_colsample_bytree": -0.3487552624188385, "log10_eta": -2.1984409089035677, "log10_lambda": 0.6389468408022045, "log10_min_child_weight": 2.2775247472431475, "log10_subsample": -0.7401820241789324, "max_depth": 8.0, "num_boost_round": 24.0}, "datetime": {"datetime": "2024-01-19 01:18:04", "elapsed": 3965.290623, "delta": 0.00412}}
{"target": -17.673699509563562, "params": {"gamma": 868.0250906293471, "log10_alpha": -2.5462237027019157, "log10_colsample_bytree": -0.3487552624188385, "log10_eta": -2.1984409089035677, "log10_lambda": 0.6389468408022045, "log10_min_child_weight": 2.2775247472431475, "log10_subsample": -0.7401820241789324, "max_depth": 8.0, "num_boost_round": 25.0}, "datetime": {"datetime": "2024-01-19 01:18:04", "elapsed": 3965.294873, "delta": 0.00425}}
{"target": -17.67388102348007, "params": {"gamma": 868.0250906293471, "log10_alpha": -2.5462237027019157, "log10_colsample_bytree": -0.3487552624188385, "log10_eta": -2.1984409089035677, "log10_lambda": 0.6389468408022045, "log10_min_child_weight": 2.2775247472431475, "log10_subsample": -0.7401820241789324, "max_depth": 8.0, "num_boost_round": 26.0}, "datetime": {"datetime": "2024-01-19 01:18:04", "elapsed": 3965.298968, "delta": 0.004095}}
{"target": -17.673621936370157, "params": {"gamma": 868.0250906293471, "log10_alpha": -2.5462237027019157, "log10_colsample_bytree": -0.3487552624188385, "log10_eta": -2.1984409089035677, "log10_lambda": 0.6389468408022045, "log10_min_child_weight": 2.2775247472431475, "log10_subsample": -0.7401820241789324, "max_depth": 8.0, "num_boost_round": 27.0}, "datetime": {"datetime": "2024-01-19 01:18:04", "elapsed": 3965.303145, "delta": 0.004177}}
{"target": -17.673447574273485, "params": {"gamma": 868.0250906293471, "log10_alpha": -2.5462237027019157, "log10_colsample_bytree": -0.3487552624188385, "log10_eta": -2.1984409089035677, "log10_lambda": 0.6389468408022045, "log10_min_child_weight": 2.2775247472431475, "log10_subsample": -0.7401820241789324, "max_depth": 8.0, "num_boost_round": 28.0}, "datetime": {"datetime": "2024-01-19 01:18:04", "elapsed": 3965.307402, "delta": 0.004257}}
{"target": -17.673249775481843, "params": {"gamma": 868.0250906293471, "log10_alpha": -2.5462237027019157, "log10_colsample_bytree": -0.3487552624188385, "log10_eta": -2.1984409089035677, "log10_lambda": 0.6389468408022045, "log10_min_child_weight": 2.2775247472431475, "log10_subsample": -0.7401820241789324, "max_depth": 8.0, "num_boost_round": 29.0}, "datetime": {"datetime": "2024-01-19 01:18:04", "elapsed": 3965.311584, "delta": 0.004182}}
{"target": -17.673307780178682, "params": {"gamma": 868.0250906293471, "log10_alpha": -2.5462237027019157, "log10_colsample_bytree": -0.3487552624188385, "log10_eta": -2.1984409089035677, "log10_lambda": 0.6389468408022045, "log10_min_child_weight": 2.2775247472431475, "log10_subsample": -0.7401820241789324, "max_depth": 8.0, "num_boost_round": 30.0}, "datetime": {"datetime": "2024-01-19 01:18:04", "elapsed": 3965.315689, "delta": 0.004105}}
{"target": -17.673132416426487, "params": {"gamma": 868.0250906293471, "log10_alpha": -2.5462237027019157, "log10_colsample_bytree": -0.3487552624188385, "log10_eta": -2.1984409089035677, "log10_lambda": 0.6389468408022045, "log10_min_child_weight": 2.2775247472431475, "log10_subsample": -0.7401820241789324, "max_depth": 8.0, "num_boost_round": 31.0}, "datetime": {"datetime": "2024-01-19 01:18:04", "elapsed": 3965.319928, "delta": 0.004239}}
{"target": -17.673702077560137, "params": {"gamma": 868.0250906293471, "log10_alpha": -2.5462237027019157, "log10_colsample_bytree": -0.3487552624188385, "log10_eta": -2.1984409089035677, "log10_lambda": 0.6389468408022045, "log10_min_child_weight": 2.2775247472431475, "log10_subsample": -0.7401820241789324, "max_depth": 8.0, "num_boost_round": 32.0}, "datetime": {"datetime": "2024-01-19 01:18:04", "elapsed": 3965.324037, "delta": 0.004109}}
{"target": -17.673846958500633, "params": {"gamma": 868.0250906293471, "log10_alpha": -2.5462237027019157, "log10_colsample_bytree": -0.3487552624188385, "log10_eta": -2.1984409089035677, "log10_lambda": 0.6389468408022045, "log10_min_child_weight": 2.2775247472431475, "log10_subsample": -0.7401820241789324, "max_depth": 8.0, "num_boost_round": 33.0}, "datetime": {"datetime": "2024-01-19 01:18:04", "elapsed": 3965.328958, "delta": 0.004921}}
{"target": -17.673792941552172, "params": {"gamma": 868.0250906293471, "log10_alpha": -2.5462237027019157, "log10_colsample_bytree": -0.3487552624188385, "log10_eta": -2.1984409089035677, "log10_lambda": 0.6389468408022045, "log10_min_child_weight": 2.2775247472431475, "log10_subsample": -0.7401820241789324, "max_depth": 8.0, "num_boost_round": 34.0}, "datetime": {"datetime": "2024-01-19 01:18:04", "elapsed": 3965.333454, "delta": 0.004496}}
{"target": -17.674126051901567, "params": {"gamma": 868.0250906293471, "log10_alpha": -2.5462237027019157, "log10_colsample_bytree": -0.3487552624188385, "log10_eta": -2.1984409089035677, "log10_lambda": 0.6389468408022045, "log10_min_child_weight": 2.2775247472431475, "log10_subsample": -0.7401820241789324, "max_depth": 8.0, "num_boost_round": 35.0}, "datetime": {"datetime": "2024-01-19 01:18:04", "elapsed": 3965.337617, "delta": 0.004163}}
{"target": -17.674459506299975, "params": {"gamma": 868.0250906293471, "log10_alpha": -2.5462237027019157, "log10_colsample_bytree": -0.3487552624188385, "log10_eta": -2.1984409089035677, "log10_lambda": 0.6389468408022045, "log10_min_child_weight": 2.2775247472431475, "log10_subsample": -0.7401820241789324, "max_depth": 8.0, "num_boost_round": 36.0}, "datetime": {"datetime": "2024-01-19 01:18:04", "elapsed": 3965.341755, "delta": 0.004138}}
{"target": -17.674842180048845, "params": {"gamma": 868.0250906293471, "log10_alpha": -2.5462237027019157, "log10_colsample_bytree": -0.3487552624188385, "log10_eta": -2.1984409089035677, "log10_lambda": 0.6389468408022045, "log10_min_child_weight": 2.2775247472431475, "log10_subsample": -0.7401820241789324, "max_depth": 8.0, "num_boost_round": 37.0}, "datetime": {"datetime": "2024-01-19 01:18:04", "elapsed": 3965.346036, "delta": 0.004281}}
{"target": -17.675125608253364, "params": {"gamma": 868.0250906293471, "log10_alpha": -2.5462237027019157, "log10_colsample_bytree": -0.3487552624188385, "log10_eta": -2.1984409089035677, "log10_lambda": 0.6389468408022045, "log10_min_child_weight": 2.2775247472431475, "log10_subsample": -0.7401820241789324, "max_depth": 8.0, "num_boost_round": 38.0}, "datetime": {"datetime": "2024-01-19 01:18:04", "elapsed": 3965.350115, "delta": 0.004079}}
{"target": -17.675154811729445, "params": {"gamma": 868.0250906293471, "log10_alpha": -2.5462237027019157, "log10_colsample_bytree": -0.3487552624188385, "log10_eta": -2.1984409089035677, "log10_lambda": 0.6389468408022045, "log10_min_child_weight": 2.2775247472431475, "log10_subsample": -0.7401820241789324, "max_depth": 8.0, "num_boost_round": 39.0}, "datetime": {"datetime": "2024-01-19 01:18:04", "elapsed": 3965.354207, "delta": 0.004092}}
{"target": -17.675430977357852, "params": {"gamma": 868.0250906293471, "log10_alpha": -2.5462237027019157, "log10_colsample_bytree": -0.3487552624188385, "log10_eta": -2.1984409089035677, "log10_lambda": 0.6389468408022045, "log10_min_child_weight": 2.2775247472431475, "log10_subsample": -0.7401820241789324, "max_depth": 8.0, "num_boost_round": 40.0}, "datetime": {"datetime": "2024-01-19 01:18:04", "elapsed": 3965.358484, "delta": 0.004277}}
{"target": -17.67555622189141, "params": {"gamma": 868.0250906293471, "log10_alpha": -2.5462237027019157, "log10_colsample_bytree": -0.3487552624188385, "log10_eta": -2.1984409089035677, "log10_lambda": 0.6389468408022045, "log10_min_child_weight": 2.2775247472431475, "log10_subsample": -0.7401820241789324, "max_depth": 8.0, "num_boost_round": 41.0}, "datetime": {"datetime": "2024-01-19 01:18:04", "elapsed": 3965.362574, "delta": 0.00409}}
{"target": -17.6755681260389, "params": {"gamma": 868.0250906293471, "log10_alpha": -2.5462237027019157, "log10_colsample_bytree": -0.3487552624188385, "log10_eta": -2.1984409089035677, "log10_lambda": 0.6389468408022045, "log10_min_child_weight": 2.2775247472431475, "log10_subsample": -0.7401820241789324, "max_depth": 8.0, "num_boost_round": 42.0}, "datetime": {"datetime": "2024-01-19 01:18:04", "elapsed": 3965.366782, "delta": 0.004208}}
{"target": -17.67587544603605, "params": {"gamma": 868.0250906293471, "log10_alpha": -2.5462237027019157, "log10_colsample_bytree": -0.3487552624188385, "log10_eta": -2.1984409089035677, "log10_lambda": 0.6389468408022045, "log10_min_child_weight": 2.2775247472431475, "log10_subsample": -0.7401820241789324, "max_depth": 8.0, "num_boost_round": 43.0}, "datetime": {"datetime": "2024-01-19 01:18:04", "elapsed": 3965.371075, "delta": 0.004293}}
{"target": -17.675803199146003, "params": {"gamma": 868.0250906293471, "log10_alpha": -2.5462237027019157, "log10_colsample_bytree": -0.3487552624188385, "log10_eta": -2.1984409089035677, "log10_lambda": 0.6389468408022045, "log10_min_child_weight": 2.2775247472431475, "log10_subsample": -0.7401820241789324, "max_depth": 8.0, "num_boost_round": 44.0}, "datetime": {"datetime": "2024-01-19 01:18:04", "elapsed": 3965.375193, "delta": 0.004118}}
{"target": -17.675802269609058, "params": {"gamma": 868.0250906293471, "log10_alpha": -2.5462237027019157, "log10_colsample_bytree": -0.3487552624188385, "log10_eta": -2.1984409089035677, "log10_lambda": 0.6389468408022045, "log10_min_child_weight": 2.2775247472431475, "log10_subsample": -0.7401820241789324, "max_depth": 8.0, "num_boost_round": 45.0}, "datetime": {"datetime": "2024-01-19 01:18:04", "elapsed": 3965.379367, "delta": 0.004174}}
{"target": -17.67721499668924, "params": {"gamma": 857.5754927126576, "log10_alpha": -1.5960844868912047, "log10_colsample_bytree": -0.013303880603034206, "log10_eta": -3.209616687085575, "log10_lambda": -1.0959707351851533, "log10_min_child_weight": 0.0, "log10_subsample": 0.0, "max_depth": 2.0, "num_boost_round": 0.0}, "datetime": {"datetime": "2024-01-19 01:18:55", "elapsed": 4016.039745, "delta": 50.660378}}
{"target": -17.677197082439143, "params": {"gamma": 857.5754927126576, "log10_alpha": -1.5960844868912047, "log10_colsample_bytree": -0.013303880603034206, "log10_eta": -3.209616687085575, "log10_lambda": -1.0959707351851533, "log10_min_child_weight": 0.0, "log10_subsample": 0.0, "max_depth": 2.0, "num_boost_round": 1.0}, "datetime": {"datetime": "2024-01-19 01:18:55", "elapsed": 4016.044565, "delta": 0.00482}}
{"target": -17.67717930616279, "params": {"gamma": 857.5754927126576, "log10_alpha": -1.5960844868912047, "log10_colsample_bytree": -0.013303880603034206, "log10_eta": -3.209616687085575, "log10_lambda": -1.0959707351851533, "log10_min_child_weight": 0.0, "log10_subsample": 0.0, "max_depth": 2.0, "num_boost_round": 2.0}, "datetime": {"datetime": "2024-01-19 01:18:55", "elapsed": 4016.048677, "delta": 0.004112}}
{"target": -17.677161531203144, "params": {"gamma": 857.5754927126576, "log10_alpha": -1.5960844868912047, "log10_colsample_bytree": -0.013303880603034206, "log10_eta": -3.209616687085575, "log10_lambda": -1.0959707351851533, "log10_min_child_weight": 0.0, "log10_subsample": 0.0, "max_depth": 2.0, "num_boost_round": 3.0}, "datetime": {"datetime": "2024-01-19 01:18:55", "elapsed": 4016.05292, "delta": 0.004243}}
{"target": -17.677143878368756, "params": {"gamma": 857.5754927126576, "log10_alpha": -1.5960844868912047, "log10_colsample_bytree": -0.013303880603034206, "log10_eta": -3.209616687085575, "log10_lambda": -1.0959707351851533, "log10_min_child_weight": 0.0, "log10_subsample": 0.0, "max_depth": 2.0, "num_boost_round": 4.0}, "datetime": {"datetime": "2024-01-19 01:18:55", "elapsed": 4016.057187, "delta": 0.004267}}
{"target": -17.67712628620295, "params": {"gamma": 857.5754927126576, "log10_alpha": -1.5960844868912047, "log10_colsample_bytree": -0.013303880603034206, "log10_eta": -3.209616687085575, "log10_lambda": -1.0959707351851533, "log10_min_child_weight": 0.0, "log10_subsample": 0.0, "max_depth": 2.0, "num_boost_round": 5.0}, "datetime": {"datetime": "2024-01-19 01:18:55", "elapsed": 4016.061369, "delta": 0.004182}}
{"target": -17.677108767026564, "params": {"gamma": 857.5754927126576, "log10_alpha": -1.5960844868912047, "log10_colsample_bytree": -0.013303880603034206, "log10_eta": -3.209616687085575, "log10_lambda": -1.0959707351851533, "log10_min_child_weight": 0.0, "log10_subsample": 0.0, "max_depth": 2.0, "num_boost_round": 6.0}, "datetime": {"datetime": "2024-01-19 01:18:55", "elapsed": 4016.065496, "delta": 0.004127}}
