{"target": -17.677212712631814, "params": {"gamma": 453.71225773257294, "log10_alpha": -0.16900363788622386, "log10_colsample_bytree": -0.9035800888279154, "log10_eta": -3.780567414383357, "log10_lambda": 0.9236326508160158, "log10_min_child_weight": 0.9300519778248312, "log10_subsample": -0.5049537539622813, "max_depth": 9.0, "num_boost_round": 5.0}, "datetime": {"datetime": "2024-01-19 02:13:10", "elapsed": 7295.298572, "delta": 0.004438}}
{"target": -17.677220882070625, "params": {"gamma": 453.71225773257294, "log10_alpha": -0.16900363788622386, "log10_colsample_bytree": -0.9035800888279154, "log10_eta": -3.780567414383357, "log10_lambda": 0.9236326508160158, "log10_min_child_weight": 0.9300519778248312, "log10_subsample": -0.5049537539622813, "max_depth": 9.0, "num_boost_round": 6.0}, "datetime": {"datetime": "2024-01-19 02:13:10", "elapsed": 7295.302932, "delta": 0.00436}}
{"target": -17.677209264766308, "params": {"gamma": 453.71225773257294, "log10_alpha": -0.16900363788622386, "log10_colsample_bytree": -0.9035800888279154, "log10_eta": -3.780567414383357, "log10_lambda": 0.9236326508160158, "log10_min_child_weight": 0.9300519778248312, "log10_subsample": -0.5049537539622813, "max_depth": 9.0, "num_boost_round": 7.0}, "datetime": {"datetime": "2024-01-19 02:13:10", "elapsed": 7295.307446, "delta": 0.004514}}
{"target": -17.677205730165436, "params": {"gamma": 453.71225773257294, "log10_alpha": -0.16900363788622386, "log10_colsample_bytree": -0.9035800888279154, "log10_eta": -3.780567414383357, "log10_lambda": 0.9236326508160158, "log10_min_child_weight": 0.9300519778248312, "log10_subsample": -0.5049537539622813, "max_depth": 9.0, "num_boost_round": 8.0}, "datetime": {"datetime": "2024-01-19 02:13:10", "elapsed": 7295.311923, "delta": 0.004477}}
{"target": -17.677199244462436, "params": {"gamma": 453.71225773257294, "log10_alpha": -0.16900363788622386, "log10_colsample_bytree": -0.9035800888279154, "log10_eta": -3.780567414383357, "log10_lambda": 0.9236326508160158, "log10_min_child_weight": 0.9300519778248312, "log10_subsample": -0.5049537539622813, "max_depth": 9.0, "num_boost_round": 9.0}, "datetime": {"datetime": "2024-01-19 02:13:10", "elapsed": 7295.316392, "delta": 0.004469}}
{"target": -17.677192542829125, "params": {"gamma": 453.71225773257294, "log10_alpha": -0.16900363788622386, "log10_colsample_bytree": -0.9035800888279154, "log10_eta": -3.780567414383357, "log10_lambda": 0.9236326508160158, "log10_min_child_weight": 0.9300519778248312, "log10_subsample": -0.5049537539622813, "max_depth": 9.0, "num_boost_round": 10.0}, "datetime": {"datetime": "2024-01-19 02:13:10", "elapsed": 7295.320766, "delta": 0.004374}}
{"target": -17.67718420604583, "params": {"gamma": 453.71225773257294, "log10_alpha": -0.16900363788622386, "log10_colsample_bytree": -0.9035800888279154, "log10_eta": -3.780567414383357, "log10_lambda": 0.9236326508160158, "log10_min_child_weight": 0.9300519778248312, "log10_subsample": -0.5049537539622813, "max_depth": 9.0, "num_boost_round": 11.0}, "datetime": {"datetime": "2024-01-19 02:13:10", "elapsed": 7295.325278, "delta": 0.004512}}
{"target": -17.677165487980446, "params": {"gamma": 453.71225773257294, "log10_alpha": -0.16900363788622386, "log10_colsample_bytree": -0.9035800888279154, "log10_eta": -3.780567414383357, "log10_lambda": 0.9236326508160158, "log10_min_child_weight": 0.9300519778248312, "log10_subsample": -0.5049537539622813, "max_depth": 9.0, "num_boost_round": 12.0}, "datetime": {"datetime": "2024-01-19 02:13:10", "elapsed": 7295.329674, "delta": 0.004396}}
{"target": -17.677161761296944, "params": {"gamma": 453.71225773257294, "log10_alpha": -0.16900363788622386, "log10_colsample_bytree": -0.9035800888279154, "log10_eta": -3.780567414383357, "log10_lambda": 0.9236326508160158, "log10_min_child_weight": 0.9300519778248312, "log10_subsample": -0.5049537539622813, "max_depth": 9.0, "num_boost_round": 13.0}, "datetime": {"datetime": "2024-01-19 02:13:10", "elapsed": 7295.334154, "delta": 0.00448}}
{"target": -17.677161744226073, "params": {"gamma": 453.71225773257294, "log10_alpha": -0.16900363788622386, "log10_colsample_bytree": -0.9035800888279154, "log10_eta": -3.780567414383357, "log10_lambda": 0.9236326508160158, "log10_min_child_weight": 0.9300519778248312, "log10_subsample": -0.5049537539622813, "max_depth": 9.0, "num_boost_round": 14.0}, "datetime": {"datetime": "2024-01-19 02:13:10", "elapsed": 7295.338518, "delta": 0.004364}}
{"target": -17.67715886395468, "params": {"gamma": 453.71225773257294, "log10_alpha": -0.16900363788622386, "log10_colsample_bytree": -0.9035800888279154, "log10_eta": -3.780567414383357, "log10_lambda": 0.9236326508160158, "log10_min_child_weight": 0.9300519778248312, "log10_subsample": -0.5049537539622813, "max_depth": 9.0, "num_boost_round": 15.0}, "datetime": {"datetime": "2024-01-19 02:13:10", "elapsed": 7295.343062, "delta": 0.004544}}
{"target": -17.677157234214626, "params": {"gamma": 453.71225773257294, "log10_alpha": -0.16900363788622386, "log10_colsample_bytree": -0.9035800888279154, "log10_eta": -3.780567414383357, "log10_lambda": 0.9236326508160158, "log10_min_child_weight": 0.9300519778248312, "log10_subsample": -0.5049537539622813, "max_depth": 9.0, "num_boost_round": 16.0}, "datetime": {"datetime": "2024-01-19 02:13:10", "elapsed": 7295.35131, "delta": 0.008248}}
{"target": -17.677154468521575, "params": {"gamma": 453.71225773257294, "log10_alpha": -0.16900363788622386, "log10_colsample_bytree": -0.9035800888279154, "log10_eta": -3.780567414383357, "log10_lambda": 0.9236326508160158, "log10_min_child_weight": 0.9300519778248312, "log10_subsample": -0.5049537539622813, "max_depth": 9.0, "num_boost_round": 17.0}, "datetime": {"datetime": "2024-01-19 02:13:10", "elapsed": 7295.355805, "delta": 0.004495}}
{"target": -17.677149847723765, "params": {"gamma": 453.71225773257294, "log10_alpha": -0.16900363788622386, "log10_colsample_bytree": -0.9035800888279154, "log10_eta": -3.780567414383357, "log10_lambda": 0.9236326508160158, "log10_min_child_weight": 0.9300519778248312, "log10_subsample": -0.5049537539622813, "max_depth": 9.0, "num_boost_round": 18.0}, "datetime": {"datetime": "2024-01-19 02:13:10", "elapsed": 7295.360177, "delta": 0.004372}}
{"target": -17.67714039300746, "params": {"gamma": 453.71225773257294, "log10_alpha": -0.16900363788622386, "log10_colsample_bytree": -0.9035800888279154, "log10_eta": -3.780567414383357, "log10_lambda": 0.9236326508160158, "log10_min_child_weight": 0.9300519778248312, "log10_subsample": -0.5049537539622813, "max_depth": 9.0, "num_boost_round": 19.0}, "datetime": {"datetime": "2024-01-19 02:13:10", "elapsed": 7295.364688, "delta": 0.004511}}
{"target": -17.677133230569165, "params": {"gamma": 453.71225773257294, "log10_alpha": -0.16900363788622386, "log10_colsample_bytree": -0.9035800888279154, "log10_eta": -3.780567414383357, "log10_lambda": 0.9236326508160158, "log10_min_child_weight": 0.9300519778248312, "log10_subsample": -0.5049537539622813, "max_depth": 9.0, "num_boost_round": 20.0}, "datetime": {"datetime": "2024-01-19 02:13:10", "elapsed": 7295.36908, "delta": 0.004392}}
{"target": -17.67713127518867, "params": {"gamma": 453.71225773257294, "log10_alpha": -0.16900363788622386, "log10_colsample_bytree": -0.9035800888279154, "log10_eta": -3.780567414383357, "log10_lambda": 0.9236326508160158, "log10_min_child_weight": 0.9300519778248312, "log10_subsample": -0.5049537539622813, "max_depth": 9.0, "num_boost_round": 21.0}, "datetime": {"datetime": "2024-01-19 02:13:10", "elapsed": 7295.373607, "delta": 0.004527}}
{"target": -17.677122880346854, "params": {"gamma": 453.71225773257294, "log10_alpha": -0.16900363788622386, "log10_colsample_bytree": -0.9035800888279154, "log10_eta": -3.780567414383357, "log10_lambda": 0.9236326508160158, "log10_min_child_weight": 0.9300519778248312, "log10_subsample": -0.5049537539622813, "max_depth": 9.0, "num_boost_round": 22.0}, "datetime": {"datetime": "2024-01-19 02:13:10", "elapsed": 7295.378219, "delta": 0.004612}}
{"target": -17.67710502260215, "params": {"gamma": 453.71225773257294, "log10_alpha": -0.16900363788622386, "log10_colsample_bytree": -0.9035800888279154, "log10_eta": -3.780567414383357, "log10_lambda": 0.9236326508160158, "log10_min_child_weight": 0.9300519778248312, "log10_subsample": -0.5049537539622813, "max_depth": 9.0, "num_boost_round": 23.0}, "datetime": {"datetime": "2024-01-19 02:13:10", "elapsed": 7295.382891, "delta": 0.004672}}
{"target": -17.67710566866744, "params": {"gamma": 453.71225773257294, "log10_alpha": -0.16900363788622386, "log10_colsample_bytree": -0.9035800888279154, "log10_eta": -3.780567414383357, "log10_lambda": 0.9236326508160158, "log10_min_child_weight": 0.9300519778248312, "log10_subsample": -0.5049537539622813, "max_depth": 9.0, "num_boost_round": 24.0}, "datetime": {"datetime": "2024-01-19 02:13:10", "elapsed": 7295.38724, "delta": 0.004349}}
{"target": -17.677095233724753, "params": {"gamma": 453.71225773257294, "log10_alpha": -0.16900363788622386, "log10_colsample_bytree": -0.9035800888279154, "log10_eta": -3.780567414383357, "log10_lambda": 0.9236326508160158, "log10_min_child_weight": 0.9300519778248312, "log10_subsample": -0.5049537539622813, "max_depth": 9.0, "num_boost_round": 25.0}, "datetime": {"datetime": "2024-01-19 02:13:10", "elapsed": 7295.391682, "delta": 0.004442}}
{"target": -17.677096634753124, "params": {"gamma": 453.71225773257294, "log10_alpha": -0.16900363788622386, "log10_colsample_bytree": -0.9035800888279154, "log10_eta": -3.780567414383357, "log10_lambda": 0.9236326508160158, "log10_min_child_weight": 0.9300519778248312, "log10_subsample": -0.5049537539622813, "max_depth": 9.0, "num_boost_round": 26.0}, "datetime": {"datetime": "2024-01-19 02:13:10", "elapsed": 7295.39617, "delta": 0.004488}}
{"target": -17.67709769804136, "params": {"gamma": 453.71225773257294, "log10_alpha": -0.16900363788622386, "log10_colsample_bytree": -0.9035800888279154, "log10_eta": -3.780567414383357, "log10_lambda": 0.9236326508160158, "log10_min_child_weight": 0.9300519778248312, "log10_subsample": -0.5049537539622813, "max_depth": 9.0, "num_boost_round": 27.0}, "datetime": {"datetime": "2024-01-19 02:13:10", "elapsed": 7295.400715, "delta": 0.004545}}
{"target": -17.67709401344321, "params": {"gamma": 453.71225773257294, "log10_alpha": -0.16900363788622386, "log10_colsample_bytree": -0.9035800888279154, "log10_eta": -3.780567414383357, "log10_lambda": 0.9236326508160158, "log10_min_child_weight": 0.9300519778248312, "log10_subsample": -0.5049537539622813, "max_depth": 9.0, "num_boost_round": 28.0}, "datetime": {"datetime": "2024-01-19 02:13:10", "elapsed": 7295.405087, "delta": 0.004372}}
{"target": -17.677085224659805, "params": {"gamma": 453.71225773257294, "log10_alpha": -0.16900363788622386, "log10_colsample_bytree": -0.9035800888279154, "log10_eta": -3.780567414383357, "log10_lambda": 0.9236326508160158, "log10_min_child_weight": 0.9300519778248312, "log10_subsample": -0.5049537539622813, "max_depth": 9.0, "num_boost_round": 29.0}, "datetime": {"datetime": "2024-01-19 02:13:10", "elapsed": 7295.409467, "delta": 0.00438}}
{"target": -17.67707473738208, "params": {"gamma": 453.71225773257294, "log10_alpha": -0.16900363788622386, "log10_colsample_bytree": -0.9035800888279154, "log10_eta": -3.780567414383357, "log10_lambda": 0.9236326508160158, "log10_min_child_weight": 0.9300519778248312, "log10_subsample": -0.5049537539622813, "max_depth": 9.0, "num_boost_round": 30.0}, "datetime": {"datetime": "2024-01-19 02:13:10", "elapsed": 7295.414029, "delta": 0.004562}}
{"target": -17.677071687571637, "params": {"gamma": 453.71225773257294, "log10_alpha": -0.16900363788622386, "log10_colsample_bytree": -0.9035800888279154, "log10_eta": -3.780567414383357, "log10_lambda": 0.9236326508160158, "log10_min_child_weight": 0.9300519778248312, "log10_subsample": -0.5049537539622813, "max_depth": 9.0, "num_boost_round": 31.0}, "datetime": {"datetime": "2024-01-19 02:13:10", "elapsed": 7295.418537, "delta": 0.004508}}
{"target": -17.67722417332792, "params": {"gamma": 431.30263240246023, "log10_alpha": 0.8129729138116577, "log10_colsample_bytree": -0.3067819768458828, "log10_eta": -3.423591575646699, "log10_lambda": -2.3738582106643036, "log10_min_child_weight": 2.692095580559447, "log10_subsample": -0.32377520373696433, "max_depth": 2.0, "num_boost_round": 0.0}, "datetime": {"datetime": "2024-01-19 02:14:56", "elapsed": 7401.448236, "delta": 106.029699}}
{"target": -17.677214312730957, "params": {"gamma": 431.30263240246023, "log10_alpha": 0.8129729138116577, "log10_colsample_bytree": -0.3067819768458828, "log10_eta": -3.423591575646699, "log10_lambda": -2.3738582106643036, "log10_min_child_weight": 2.692095580559447, "log10_subsample": -0.32377520373696433, "max_depth": 2.0, "num_boost_round": 1.0}, "datetime": {"datetime": "2024-01-19 02:14:56", "elapsed": 7401.453741, "delta": 0.005505}}
{"target": -17.677203522460783, "params": {"gamma": 431.30263240246023, "log10_alpha": 0.8129729138116577, "log10_colsample_bytree": -0.3067819768458828, "log10_eta": -3.423591575646699, "log10_lambda": -2.3738582106643036, "log10_min_child_weight": 2.692095580559447, "log10_subsample": -0.32377520373696433, "max_depth": 2.0, "num_boost_round": 2.0}, "datetime": {"datetime": "2024-01-19 02:14:56", "elapsed": 7401.459025, "delta": 0.005284}}
{"target": -17.677201592215482, "params": {"gamma": 431.30263240246023, "log10_alpha": 0.8129729138116577, "log10_colsample_bytree": -0.3067819768458828, "log10_eta": -3.423591575646699, "log10_lambda": -2.3738582106643036, "log10_min_child_weight": 2.692095580559447, "log10_subsample": -0.32377520373696433, "max_depth": 2.0, "num_boost_round": 3.0}, "datetime": {"datetime": "2024-01-19 02:14:56", "elapsed": 7401.463509, "delta": 0.004484}}
{"target": -17.67719336283664, "params": {"gamma": 431.30263240246023, "log10_alpha": 0.8129729138116577, "log10_colsample_bytree": -0.3067819768458828, "log10_eta": -3.423591575646699, "log10_lambda": -2.3738582106643036, "log10_min_child_weight": 2.692095580559447, "log10_subsample": -0.32377520373696433, "max_depth": 2.0, "num_boost_round": 4.0}, "datetime": {"datetime": "2024-01-19 02:14:56", "elapsed": 7401.46801, "delta": 0.004501}}
{"target": -17.67718729088324, "params": {"gamma": 431.30263240246023, "log10_alpha": 0.8129729138116577, "log10_colsample_bytree": -0.3067819768458828, "log10_eta": -3.423591575646699, "log10_lambda": -2.3738582106643036, "log10_min_child_weight": 2.692095580559447, "log10_subsample": -0.32377520373696433, "max_depth": 2.0, "num_boost_round": 5.0}, "datetime": {"datetime": "2024-01-19 02:14:56", "elapsed": 7401.472781, "delta": 0.004771}}
{"target": -17.67717323901332, "params": {"gamma": 431.30263240246023, "log10_alpha": 0.8129729138116577, "log10_colsample_bytree": -0.3067819768458828, "log10_eta": -3.423591575646699, "log10_lambda": -2.3738582106643036, "log10_min_child_weight": 2.692095580559447, "log10_subsample": -0.32377520373696433, "max_depth": 2.0, "num_boost_round": 6.0}, "datetime": {"datetime": "2024-01-19 02:14:57", "elapsed": 7401.585026, "delta": 0.112245}}
{"target": -17.677161111444235, "params": {"gamma": 431.30263240246023, "log10_alpha": 0.8129729138116577, "log10_colsample_bytree": -0.3067819768458828, "log10_eta": -3.423591575646699, "log10_lambda": -2.3738582106643036, "log10_min_child_weight": 2.692095580559447, "log10_subsample": -0.32377520373696433, "max_depth": 2.0, "num_boost_round": 7.0}, "datetime": {"datetime": "2024-01-19 02:14:57", "elapsed": 7401.59039, "delta": 0.005364}}
{"target": -17.677155288029514, "params": {"gamma": 431.30263240246023, "log10_alpha": 0.8129729138116577, "log10_colsample_bytree": -0.3067819768458828, "log10_eta": -3.423591575646699, "log10_lambda": -2.3738582106643036, "log10_min_child_weight": 2.692095580559447, "log10_subsample": -0.32377520373696433, "max_depth": 2.0, "num_boost_round": 8.0}, "datetime": {"datetime": "2024-01-19 02:14:57", "elapsed": 7401.595088, "delta": 0.004698}}
{"target": -17.677148131946616, "params": {"gamma": 431.30263240246023, "log10_alpha": 0.8129729138116577, "log10_colsample_bytree": -0.3067819768458828, "log10_eta": -3.423591575646699, "log10_lambda": -2.3738582106643036, "log10_min_child_weight": 2.692095580559447, "log10_subsample": -0.32377520373696433, "max_depth": 2.0, "num_boost_round": 9.0}, "datetime": {"datetime": "2024-01-19 02:14:57", "elapsed": 7401.599609, "delta": 0.004521}}
{"target": -17.677137186121744, "params": {"gamma": 431.30263240246023, "log10_alpha": 0.8129729138116577, "log10_colsample_bytree": -0.3067819768458828, "log10_eta": -3.423591575646699, "log10_lambda": -2.3738582106643036, "log10_min_child_weight": 2.692095580559447, "log10_subsample": -0.32377520373696433, "max_depth": 2.0, "num_boost_round": 10.0}, "datetime": {"datetime": "2024-01-19 02:14:57", "elapsed": 7401.604067, "delta": 0.004458}}
{"target": -17.677135597926767, "params": {"gamma": 431.30263240246023, "log10_alpha": 0.8129729138116577, "log10_colsample_bytree": -0.3067819768458828, "log10_eta": -3.423591575646699, "log10_lambda": -2.3738582106643036, "log10_min_child_weight": 2.692095580559447, "log10_subsample": -0.32377520373696433, "max_depth": 2.0, "num_boost_round": 11.0}, "datetime": {"datetime": "2024-01-19 02:14:57", "elapsed": 7401.608558, "delta": 0.004491}}
{"target": -17.677124701892133, "params": {"gamma": 431.30263240246023, "log10_alpha": 0.8129729138116577, "log10_colsample_bytree": -0.3067819768458828, "log10_eta": -3.423591575646699, "log10_lambda": -2.3738582106643036, "log10_min_child_weight": 2.692095580559447, "log10_subsample": -0.32377520373696433, "max_depth": 2.0, "num_boost_round": 12.0}, "datetime": {"datetime": "2024-01-19 02:14:57", "elapsed": 7401.61311, "delta": 0.004552}}
{"target": -17.6771141451549, "params": {"gamma": 431.30263240246023, "log10_alpha": 0.8129729138116577, "log10_colsample_bytree": -0.3067819768458828, "log10_eta": -3.423591575646699, "log10_lambda": -2.3738582106643036, "log10_min_child_weight": 2.692095580559447, "log10_subsample": -0.32377520373696433, "max_depth": 2.0, "num_boost_round": 13.0}, "datetime": {"datetime": "2024-01-19 02:14:57", "elapsed": 7401.617669, "delta": 0.004559}}
{"target": -17.67710597800546, "params": {"gamma": 431.30263240246023, "log10_alpha": 0.8129729138116577, "log10_colsample_bytree": -0.3067819768458828, "log10_eta": -3.423591575646699, "log10_lambda": -2.3738582106643036, "log10_min_child_weight": 2.692095580559447, "log10_subsample": -0.32377520373696433, "max_depth": 2.0, "num_boost_round": 14.0}, "datetime": {"datetime": "2024-01-19 02:14:57", "elapsed": 7401.622199, "delta": 0.00453}}
{"target": -17.677099499665044, "params": {"gamma": 431.30263240246023, "log10_alpha": 0.8129729138116577, "log10_colsample_bytree": -0.3067819768458828, "log10_eta": -3.423591575646699, "log10_lambda": -2.3738582106643036, "log10_min_child_weight": 2.692095580559447, "log10_subsample": -0.32377520373696433, "max_depth": 2.0, "num_boost_round": 15.0}, "datetime": {"datetime": "2024-01-19 02:14:57", "elapsed": 7401.62674, "delta": 0.004541}}
{"target": -17.67709236177825, "params": {"gamma": 431.30263240246023, "log10_alpha": 0.8129729138116577, "log10_colsample_bytree": -0.3067819768458828, "log10_eta": -3.423591575646699, "log10_lambda": -2.3738582106643036, "log10_min_child_weight": 2.692095580559447, "log10_subsample": -0.32377520373696433, "max_depth": 2.0, "num_boost_round": 16.0}, "datetime": {"datetime": "2024-01-19 02:14:57", "elapsed": 7401.631341, "delta": 0.004601}}
{"target": -17.677081747638425, "params": {"gamma": 431.30263240246023, "log10_alpha": 0.8129729138116577, "log10_colsample_bytree": -0.3067819768458828, "log10_eta": -3.423591575646699, "log10_lambda": -2.3738582106643036, "log10_min_child_weight": 2.692095580559447, "log10_subsample": -0.32377520373696433, "max_depth": 2.0, "num_boost_round": 17.0}, "datetime": {"datetime": "2024-01-19 02:14:57", "elapsed": 7401.635878, "delta": 0.004537}}
{"target": -17.67707226829419, "params": {"gamma": 431.30263240246023, "log10_alpha": 0.8129729138116577, "log10_colsample_bytree": -0.3067819768458828, "log10_eta": -3.423591575646699, "log10_lambda": -2.3738582106643036, "log10_min_child_weight": 2.692095580559447, "log10_subsample": -0.32377520373696433, "max_depth": 2.0, "num_boost_round": 18.0}, "datetime": {"datetime": "2024-01-19 02:14:57", "elapsed": 7401.640396, "delta": 0.004518}}
{"target": -17.677063830424142, "params": {"gamma": 431.30263240246023, "log10_alpha": 0.8129729138116577, "log10_colsample_bytree": -0.3067819768458828, "log10_eta": -3.423591575646699, "log10_lambda": -2.3738582106643036, "log10_min_child_weight": 2.692095580559447, "log10_subsample": -0.32377520373696433, "max_depth": 2.0, "num_boost_round": 19.0}, "datetime": {"datetime": "2024-01-19 02:14:57", "elapsed": 7401.644923, "delta": 0.004527}}
{"target": -17.677052184867964, "params": {"gamma": 431.30263240246023, "log10_alpha": 0.8129729138116577, "log10_colsample_bytree": -0.3067819768458828, "log10_eta": -3.423591575646699, "log10_lambda": -2.3738582106643036, "log10_min_child_weight": 2.692095580559447, "log10_subsample": -0.32377520373696433, "max_depth": 2.0, "num_boost_round": 20.0}, "datetime": {"datetime": "2024-01-19 02:14:57", "elapsed": 7401.649527, "delta": 0.004604}}
{"target": -17.67704109915252, "params": {"gamma": 431.30263240246023, "log10_alpha": 0.8129729138116577, "log10_colsample_bytree": -0.3067819768458828, "log10_eta": -3.423591575646699, "log10_lambda": -2.3738582106643036, "log10_min_child_weight": 2.692095580559447, "log10_subsample": -0.32377520373696433, "max_depth": 2.0, "num_boost_round": 21.0}, "datetime": {"datetime": "2024-01-19 02:14:57", "elapsed": 7401.654047, "delta": 0.00452}}
