{"target": -17.738919112480694, "params": {"gamma": 965.793873531495, "log10_alpha": -0.20068822987279855, "log10_colsample_bytree": -0.7015735574844931, "log10_eta": -0.7936603925026908, "log10_lambda": -1.808017072841814, "log10_min_child_weight": 1.4328159416459185, "log10_subsample": -0.19679685623226995, "max_depth": 5.0, "num_boost_round": 14.0}, "datetime": {"datetime": "2024-01-19 00:15:06", "elapsed": 200.166105, "delta": 0.000437}}
{"target": -17.748881981053145, "params": {"gamma": 965.793873531495, "log10_alpha": -0.20068822987279855, "log10_colsample_bytree": -0.7015735574844931, "log10_eta": -0.7936603925026908, "log10_lambda": -1.808017072841814, "log10_min_child_weight": 1.4328159416459185, "log10_subsample": -0.19679685623226995, "max_depth": 5.0, "num_boost_round": 15.0}, "datetime": {"datetime": "2024-01-19 00:15:06", "elapsed": 200.166585, "delta": 0.00048}}
{"target": -17.851791298462526, "params": {"gamma": 966.1698525414587, "log10_alpha": -3.0077388239509304, "log10_colsample_bytree": -0.1378692920459036, "log10_eta": -0.07824743584951488, "log10_lambda": -3.6279085968325218, "log10_min_child_weight": 0.962805033738196, "log10_subsample": -0.8336611846958525, "max_depth": 5.0, "num_boost_round": 0.0}, "datetime": {"datetime": "2024-01-19 00:15:29", "elapsed": 223.28035, "delta": 23.113765}}
{"target": -17.968741878687403, "params": {"gamma": 966.1698525414587, "log10_alpha": -3.0077388239509304, "log10_colsample_bytree": -0.1378692920459036, "log10_eta": -0.07824743584951488, "log10_lambda": -3.6279085968325218, "log10_min_child_weight": 0.962805033738196, "log10_subsample": -0.8336611846958525, "max_depth": 5.0, "num_boost_round": 1.0}, "datetime": {"datetime": "2024-01-19 00:15:29", "elapsed": 223.280999, "delta": 0.000649}}
{"target": -18.249794377339683, "params": {"gamma": 966.1698525414587, "log10_alpha": -3.0077388239509304, "log10_colsample_bytree": -0.1378692920459036, "log10_eta": -0.07824743584951488, "log10_lambda": -3.6279085968325218, "log10_min_child_weight": 0.962805033738196, "log10_subsample": -0.8336611846958525, "max_depth": 5.0, "num_boost_round": 2.0}, "datetime": {"datetime": "2024-01-19 00:15:29", "elapsed": 223.281475, "delta": 0.000476}}
{"target": -18.3080178287791, "params": {"gamma": 966.1698525414587, "log10_alpha": -3.0077388239509304, "log10_colsample_bytree": -0.1378692920459036, "log10_eta": -0.07824743584951488, "log10_lambda": -3.6279085968325218, "log10_min_child_weight": 0.962805033738196, "log10_subsample": -0.8336611846958525, "max_depth": 5.0, "num_boost_round": 3.0}, "datetime": {"datetime": "2024-01-19 00:15:29", "elapsed": 223.281942, "delta": 0.000467}}
{"target": -18.468807963096783, "params": {"gamma": 966.1698525414587, "log10_alpha": -3.0077388239509304, "log10_colsample_bytree": -0.1378692920459036, "log10_eta": -0.07824743584951488, "log10_lambda": -3.6279085968325218, "log10_min_child_weight": 0.962805033738196, "log10_subsample": -0.8336611846958525, "max_depth": 5.0, "num_boost_round": 4.0}, "datetime": {"datetime": "2024-01-19 00:15:29", "elapsed": 223.282804, "delta": 0.000862}}
{"target": -18.51502239064912, "params": {"gamma": 966.1698525414587, "log10_alpha": -3.0077388239509304, "log10_colsample_bytree": -0.1378692920459036, "log10_eta": -0.07824743584951488, "log10_lambda": -3.6279085968325218, "log10_min_child_weight": 0.962805033738196, "log10_subsample": -0.8336611846958525, "max_depth": 5.0, "num_boost_round": 5.0}, "datetime": {"datetime": "2024-01-19 00:15:29", "elapsed": 223.283372, "delta": 0.000568}}
{"target": -18.66518848194002, "params": {"gamma": 966.1698525414587, "log10_alpha": -3.0077388239509304, "log10_colsample_bytree": -0.1378692920459036, "log10_eta": -0.07824743584951488, "log10_lambda": -3.6279085968325218, "log10_min_child_weight": 0.962805033738196, "log10_subsample": -0.8336611846958525, "max_depth": 5.0, "num_boost_round": 6.0}, "datetime": {"datetime": "2024-01-19 00:15:29", "elapsed": 223.28393, "delta": 0.000558}}
{"target": -19.15759721000144, "params": {"gamma": 966.1698525414587, "log10_alpha": -3.0077388239509304, "log10_colsample_bytree": -0.1378692920459036, "log10_eta": -0.07824743584951488, "log10_lambda": -3.6279085968325218, "log10_min_child_weight": 0.962805033738196, "log10_subsample": -0.8336611846958525, "max_depth": 5.0, "num_boost_round": 7.0}, "datetime": {"datetime": "2024-01-19 00:15:29", "elapsed": 223.284374, "delta": 0.000444}}
{"target": -19.17970158300954, "params": {"gamma": 966.1698525414587, "log10_alpha": -3.0077388239509304, "log10_colsample_bytree": -0.1378692920459036, "log10_eta": -0.07824743584951488, "log10_lambda": -3.6279085968325218, "log10_min_child_weight": 0.962805033738196, "log10_subsample": -0.8336611846958525, "max_depth": 5.0, "num_boost_round": 8.0}, "datetime": {"datetime": "2024-01-19 00:15:29", "elapsed": 223.28483, "delta": 0.000456}}
{"target": -19.21535034747949, "params": {"gamma": 966.1698525414587, "log10_alpha": -3.0077388239509304, "log10_colsample_bytree": -0.1378692920459036, "log10_eta": -0.07824743584951488, "log10_lambda": -3.6279085968325218, "log10_min_child_weight": 0.962805033738196, "log10_subsample": -0.8336611846958525, "max_depth": 5.0, "num_boost_round": 9.0}, "datetime": {"datetime": "2024-01-19 00:15:29", "elapsed": 223.285397, "delta": 0.000567}}
{"target": -19.312769162798677, "params": {"gamma": 966.1698525414587, "log10_alpha": -3.0077388239509304, "log10_colsample_bytree": -0.1378692920459036, "log10_eta": -0.07824743584951488, "log10_lambda": -3.6279085968325218, "log10_min_child_weight": 0.962805033738196, "log10_subsample": -0.8336611846958525, "max_depth": 5.0, "num_boost_round": 10.0}, "datetime": {"datetime": "2024-01-19 00:15:29", "elapsed": 223.285844, "delta": 0.000447}}
{"target": -19.366867900933762, "params": {"gamma": 966.1698525414587, "log10_alpha": -3.0077388239509304, "log10_colsample_bytree": -0.1378692920459036, "log10_eta": -0.07824743584951488, "log10_lambda": -3.6279085968325218, "log10_min_child_weight": 0.962805033738196, "log10_subsample": -0.8336611846958525, "max_depth": 5.0, "num_boost_round": 11.0}, "datetime": {"datetime": "2024-01-19 00:15:29", "elapsed": 223.286291, "delta": 0.000447}}
{"target": -19.413879754306578, "params": {"gamma": 966.1698525414587, "log10_alpha": -3.0077388239509304, "log10_colsample_bytree": -0.1378692920459036, "log10_eta": -0.07824743584951488, "log10_lambda": -3.6279085968325218, "log10_min_child_weight": 0.962805033738196, "log10_subsample": -0.8336611846958525, "max_depth": 5.0, "num_boost_round": 12.0}, "datetime": {"datetime": "2024-01-19 00:15:29", "elapsed": 223.28674, "delta": 0.000449}}
{"target": -19.470189873686557, "params": {"gamma": 966.1698525414587, "log10_alpha": -3.0077388239509304, "log10_colsample_bytree": -0.1378692920459036, "log10_eta": -0.07824743584951488, "log10_lambda": -3.6279085968325218, "log10_min_child_weight": 0.962805033738196, "log10_subsample": -0.8336611846958525, "max_depth": 5.0, "num_boost_round": 13.0}, "datetime": {"datetime": "2024-01-19 00:15:29", "elapsed": 223.28718, "delta": 0.00044}}
{"target": -19.4938299999431, "params": {"gamma": 966.1698525414587, "log10_alpha": -3.0077388239509304, "log10_colsample_bytree": -0.1378692920459036, "log10_eta": -0.07824743584951488, "log10_lambda": -3.6279085968325218, "log10_min_child_weight": 0.962805033738196, "log10_subsample": -0.8336611846958525, "max_depth": 5.0, "num_boost_round": 14.0}, "datetime": {"datetime": "2024-01-19 00:15:29", "elapsed": 223.287632, "delta": 0.000452}}
{"target": -19.552766808954697, "params": {"gamma": 966.1698525414587, "log10_alpha": -3.0077388239509304, "log10_colsample_bytree": -0.1378692920459036, "log10_eta": -0.07824743584951488, "log10_lambda": -3.6279085968325218, "log10_min_child_weight": 0.962805033738196, "log10_subsample": -0.8336611846958525, "max_depth": 5.0, "num_boost_round": 15.0}, "datetime": {"datetime": "2024-01-19 00:15:29", "elapsed": 223.288077, "delta": 0.000445}}
{"target": -19.6417492419893, "params": {"gamma": 966.1698525414587, "log10_alpha": -3.0077388239509304, "log10_colsample_bytree": -0.1378692920459036, "log10_eta": -0.07824743584951488, "log10_lambda": -3.6279085968325218, "log10_min_child_weight": 0.962805033738196, "log10_subsample": -0.8336611846958525, "max_depth": 5.0, "num_boost_round": 16.0}, "datetime": {"datetime": "2024-01-19 00:15:29", "elapsed": 223.288526, "delta": 0.000449}}
{"target": -19.6945141751637, "params": {"gamma": 966.1698525414587, "log10_alpha": -3.0077388239509304, "log10_colsample_bytree": -0.1378692920459036, "log10_eta": -0.07824743584951488, "log10_lambda": -3.6279085968325218, "log10_min_child_weight": 0.962805033738196, "log10_subsample": -0.8336611846958525, "max_depth": 5.0, "num_boost_round": 17.0}, "datetime": {"datetime": "2024-01-19 00:15:29", "elapsed": 223.288975, "delta": 0.000449}}
{"target": -19.717625616731947, "params": {"gamma": 966.1698525414587, "log10_alpha": -3.0077388239509304, "log10_colsample_bytree": -0.1378692920459036, "log10_eta": -0.07824743584951488, "log10_lambda": -3.6279085968325218, "log10_min_child_weight": 0.962805033738196, "log10_subsample": -0.8336611846958525, "max_depth": 5.0, "num_boost_round": 18.0}, "datetime": {"datetime": "2024-01-19 00:15:29", "elapsed": 223.289493, "delta": 0.000518}}
{"target": -19.787143388882324, "params": {"gamma": 966.1698525414587, "log10_alpha": -3.0077388239509304, "log10_colsample_bytree": -0.1378692920459036, "log10_eta": -0.07824743584951488, "log10_lambda": -3.6279085968325218, "log10_min_child_weight": 0.962805033738196, "log10_subsample": -0.8336611846958525, "max_depth": 5.0, "num_boost_round": 19.0}, "datetime": {"datetime": "2024-01-19 00:15:29", "elapsed": 223.289946, "delta": 0.000453}}
{"target": -19.814588404392907, "params": {"gamma": 966.1698525414587, "log10_alpha": -3.0077388239509304, "log10_colsample_bytree": -0.1378692920459036, "log10_eta": -0.07824743584951488, "log10_lambda": -3.6279085968325218, "log10_min_child_weight": 0.962805033738196, "log10_subsample": -0.8336611846958525, "max_depth": 5.0, "num_boost_round": 20.0}, "datetime": {"datetime": "2024-01-19 00:15:29", "elapsed": 223.290405, "delta": 0.000459}}
{"target": -19.84844324588894, "params": {"gamma": 966.1698525414587, "log10_alpha": -3.0077388239509304, "log10_colsample_bytree": -0.1378692920459036, "log10_eta": -0.07824743584951488, "log10_lambda": -3.6279085968325218, "log10_min_child_weight": 0.962805033738196, "log10_subsample": -0.8336611846958525, "max_depth": 5.0, "num_boost_round": 21.0}, "datetime": {"datetime": "2024-01-19 00:15:29", "elapsed": 223.291011, "delta": 0.000606}}
{"target": -19.905060099783682, "params": {"gamma": 966.1698525414587, "log10_alpha": -3.0077388239509304, "log10_colsample_bytree": -0.1378692920459036, "log10_eta": -0.07824743584951488, "log10_lambda": -3.6279085968325218, "log10_min_child_weight": 0.962805033738196, "log10_subsample": -0.8336611846958525, "max_depth": 5.0, "num_boost_round": 22.0}, "datetime": {"datetime": "2024-01-19 00:15:29", "elapsed": 223.291477, "delta": 0.000466}}
{"target": -19.9449914358072, "params": {"gamma": 966.1698525414587, "log10_alpha": -3.0077388239509304, "log10_colsample_bytree": -0.1378692920459036, "log10_eta": -0.07824743584951488, "log10_lambda": -3.6279085968325218, "log10_min_child_weight": 0.962805033738196, "log10_subsample": -0.8336611846958525, "max_depth": 5.0, "num_boost_round": 23.0}, "datetime": {"datetime": "2024-01-19 00:15:29", "elapsed": 223.291937, "delta": 0.00046}}
{"target": -19.95732876159836, "params": {"gamma": 966.1698525414587, "log10_alpha": -3.0077388239509304, "log10_colsample_bytree": -0.1378692920459036, "log10_eta": -0.07824743584951488, "log10_lambda": -3.6279085968325218, "log10_min_child_weight": 0.962805033738196, "log10_subsample": -0.8336611846958525, "max_depth": 5.0, "num_boost_round": 24.0}, "datetime": {"datetime": "2024-01-19 00:15:29", "elapsed": 223.292412, "delta": 0.000475}}
{"target": -17.67721351876691, "params": {"gamma": 976.6599458124113, "log10_alpha": 0.2567062636657065, "log10_colsample_bytree": -0.7409663823666146, "log10_eta": -3.2567917345815722, "log10_lambda": -2.2059932464949794, "log10_min_child_weight": 3.7337613467894872, "log10_subsample": -0.3319893290187995, "max_depth": 7.0, "num_boost_round": 0.0}, "datetime": {"datetime": "2024-01-19 00:15:48", "elapsed": 242.47069, "delta": 19.178278}}
{"target": -17.677208489351024, "params": {"gamma": 976.6599458124113, "log10_alpha": 0.2567062636657065, "log10_colsample_bytree": -0.7409663823666146, "log10_eta": -3.2567917345815722, "log10_lambda": -2.2059932464949794, "log10_min_child_weight": 3.7337613467894872, "log10_subsample": -0.3319893290187995, "max_depth": 7.0, "num_boost_round": 1.0}, "datetime": {"datetime": "2024-01-19 00:15:48", "elapsed": 242.471298, "delta": 0.000608}}
{"target": -17.677197889817297, "params": {"gamma": 976.6599458124113, "log10_alpha": 0.2567062636657065, "log10_colsample_bytree": -0.7409663823666146, "log10_eta": -3.2567917345815722, "log10_lambda": -2.2059932464949794, "log10_min_child_weight": 3.7337613467894872, "log10_subsample": -0.3319893290187995, "max_depth": 7.0, "num_boost_round": 2.0}, "datetime": {"datetime": "2024-01-19 00:15:48", "elapsed": 242.471802, "delta": 0.000504}}
{"target": -17.67719714654105, "params": {"gamma": 976.6599458124113, "log10_alpha": 0.2567062636657065, "log10_colsample_bytree": -0.7409663823666146, "log10_eta": -3.2567917345815722, "log10_lambda": -2.2059932464949794, "log10_min_child_weight": 3.7337613467894872, "log10_subsample": -0.3319893290187995, "max_depth": 7.0, "num_boost_round": 3.0}, "datetime": {"datetime": "2024-01-19 00:15:48", "elapsed": 242.472286, "delta": 0.000484}}
{"target": -17.67717922406566, "params": {"gamma": 976.6599458124113, "log10_alpha": 0.2567062636657065, "log10_colsample_bytree": -0.7409663823666146, "log10_eta": -3.2567917345815722, "log10_lambda": -2.2059932464949794, "log10_min_child_weight": 3.7337613467894872, "log10_subsample": -0.3319893290187995, "max_depth": 7.0, "num_boost_round": 4.0}, "datetime": {"datetime": "2024-01-19 00:15:48", "elapsed": 242.47278, "delta": 0.000494}}
{"target": -17.677167652771253, "params": {"gamma": 976.6599458124113, "log10_alpha": 0.2567062636657065, "log10_colsample_bytree": -0.7409663823666146, "log10_eta": -3.2567917345815722, "log10_lambda": -2.2059932464949794, "log10_min_child_weight": 3.7337613467894872, "log10_subsample": -0.3319893290187995, "max_depth": 7.0, "num_boost_round": 5.0}, "datetime": {"datetime": "2024-01-19 00:15:48", "elapsed": 242.473256, "delta": 0.000476}}
{"target": -17.677166009001816, "params": {"gamma": 976.6599458124113, "log10_alpha": 0.2567062636657065, "log10_colsample_bytree": -0.7409663823666146, "log10_eta": -3.2567917345815722, "log10_lambda": -2.2059932464949794, "log10_min_child_weight": 3.7337613467894872, "log10_subsample": -0.3319893290187995, "max_depth": 7.0, "num_boost_round": 6.0}, "datetime": {"datetime": "2024-01-19 00:15:48", "elapsed": 242.473738, "delta": 0.000482}}
{"target": -17.67715350543682, "params": {"gamma": 976.6599458124113, "log10_alpha": 0.2567062636657065, "log10_colsample_bytree": -0.7409663823666146, "log10_eta": -3.2567917345815722, "log10_lambda": -2.2059932464949794, "log10_min_child_weight": 3.7337613467894872, "log10_subsample": -0.3319893290187995, "max_depth": 7.0, "num_boost_round": 7.0}, "datetime": {"datetime": "2024-01-19 00:15:48", "elapsed": 242.474209, "delta": 0.000471}}
{"target": -17.677129594130474, "params": {"gamma": 976.6599458124113, "log10_alpha": 0.2567062636657065, "log10_colsample_bytree": -0.7409663823666146, "log10_eta": -3.2567917345815722, "log10_lambda": -2.2059932464949794, "log10_min_child_weight": 3.7337613467894872, "log10_subsample": -0.3319893290187995, "max_depth": 7.0, "num_boost_round": 8.0}, "datetime": {"datetime": "2024-01-19 00:15:48", "elapsed": 242.474686, "delta": 0.000477}}
{"target": -17.67713084267671, "params": {"gamma": 976.6599458124113, "log10_alpha": 0.2567062636657065, "log10_colsample_bytree": -0.7409663823666146, "log10_eta": -3.2567917345815722, "log10_lambda": -2.2059932464949794, "log10_min_child_weight": 3.7337613467894872, "log10_subsample": -0.3319893290187995, "max_depth": 7.0, "num_boost_round": 9.0}, "datetime": {"datetime": "2024-01-19 00:15:48", "elapsed": 242.475156, "delta": 0.00047}}
{"target": -17.677119974279215, "params": {"gamma": 976.6599458124113, "log10_alpha": 0.2567062636657065, "log10_colsample_bytree": -0.7409663823666146, "log10_eta": -3.2567917345815722, "log10_lambda": -2.2059932464949794, "log10_min_child_weight": 3.7337613467894872, "log10_subsample": -0.3319893290187995, "max_depth": 7.0, "num_boost_round": 10.0}, "datetime": {"datetime": "2024-01-19 00:15:48", "elapsed": 242.475638, "delta": 0.000482}}
{"target": -17.675664826780455, "params": {"gamma": 972.4209304663334, "log10_alpha": -0.081717939161285, "log10_colsample_bytree": -0.8961202208752564, "log10_eta": -1.306504807283206, "log10_lambda": 0.7767072661123677, "log10_min_child_weight": 2.374824567780449, "log10_subsample": -0.8178259993879264, "max_depth": 4.0, "num_boost_round": 0.0}, "datetime": {"datetime": "2024-01-19 00:16:06", "elapsed": 260.434051, "delta": 17.958413}}
{"target": -17.674414559836563, "params": {"gamma": 972.4209304663334, "log10_alpha": -0.081717939161285, "log10_colsample_bytree": -0.8961202208752564, "log10_eta": -1.306504807283206, "log10_lambda": 0.7767072661123677, "log10_min_child_weight": 2.374824567780449, "log10_subsample": -0.8178259993879264, "max_depth": 4.0, "num_boost_round": 1.0}, "datetime": {"datetime": "2024-01-19 00:16:06", "elapsed": 260.43473, "delta": 0.000679}}
{"target": -17.674799506319268, "params": {"gamma": 972.4209304663334, "log10_alpha": -0.081717939161285, "log10_colsample_bytree": -0.8961202208752564, "log10_eta": -1.306504807283206, "log10_lambda": 0.7767072661123677, "log10_min_child_weight": 2.374824567780449, "log10_subsample": -0.8178259993879264, "max_depth": 4.0, "num_boost_round": 2.0}, "datetime": {"datetime": "2024-01-19 00:16:06", "elapsed": 260.435599, "delta": 0.000869}}
{"target": -17.674214400656208, "params": {"gamma": 972.4209304663334, "log10_alpha": -0.081717939161285, "log10_colsample_bytree": -0.8961202208752564, "log10_eta": -1.306504807283206, "log10_lambda": 0.7767072661123677, "log10_min_child_weight": 2.374824567780449, "log10_subsample": -0.8178259993879264, "max_depth": 4.0, "num_boost_round": 3.0}, "datetime": {"datetime": "2024-01-19 00:16:06", "elapsed": 260.436102, "delta": 0.000503}}
{"target": -17.672994248662025, "params": {"gamma": 972.4209304663334, "log10_alpha": -0.081717939161285, "log10_colsample_bytree": -0.8961202208752564, "log10_eta": -1.306504807283206, "log10_lambda": 0.7767072661123677, "log10_min_child_weight": 2.374824567780449, "log10_subsample": -0.8178259993879264, "max_depth": 4.0, "num_boost_round": 4.0}, "datetime": {"datetime": "2024-01-19 00:16:06", "elapsed": 260.436598, "delta": 0.000496}}
{"target": -17.67306154839735, "params": {"gamma": 972.4209304663334, "log10_alpha": -0.081717939161285, "log10_colsample_bytree": -0.8961202208752564, "log10_eta": -1.306504807283206, "log10_lambda": 0.7767072661123677, "log10_min_child_weight": 2.374824567780449, "log10_subsample": -0.8178259993879264, "max_depth": 4.0, "num_boost_round": 5.0}, "datetime": {"datetime": "2024-01-19 00:16:06", "elapsed": 260.437081, "delta": 0.000483}}
{"target": -17.673426589952257, "params": {"gamma": 972.4209304663334, "log10_alpha": -0.081717939161285, "log10_colsample_bytree": -0.8961202208752564, "log10_eta": -1.306504807283206, "log10_lambda": 0.7767072661123677, "log10_min_child_weight": 2.374824567780449, "log10_subsample": -0.8178259993879264, "max_depth": 4.0, "num_boost_round": 6.0}, "datetime": {"datetime": "2024-01-19 00:16:06", "elapsed": 260.437583, "delta": 0.000502}}
{"target": -17.672855086235973, "params": {"gamma": 972.4209304663334, "log10_alpha": -0.081717939161285, "log10_colsample_bytree": -0.8961202208752564, "log10_eta": -1.306504807283206, "log10_lambda": 0.7767072661123677, "log10_min_child_weight": 2.374824567780449, "log10_subsample": -0.8178259993879264, "max_depth": 4.0, "num_boost_round": 7.0}, "datetime": {"datetime": "2024-01-19 00:16:06", "elapsed": 260.438071, "delta": 0.000488}}
{"target": -17.671188037796732, "params": {"gamma": 972.4209304663334, "log10_alpha": -0.081717939161285, "log10_colsample_bytree": -0.8961202208752564, "log10_eta": -1.306504807283206, "log10_lambda": 0.7767072661123677, "log10_min_child_weight": 2.374824567780449, "log10_subsample": -0.8178259993879264, "max_depth": 4.0, "num_boost_round": 8.0}, "datetime": {"datetime": "2024-01-19 00:16:06", "elapsed": 260.438675, "delta": 0.000604}}
{"target": -17.67025168830716, "params": {"gamma": 972.4209304663334, "log10_alpha": -0.081717939161285, "log10_colsample_bytree": -0.8961202208752564, "log10_eta": -1.306504807283206, "log10_lambda": 0.7767072661123677, "log10_min_child_weight": 2.374824567780449, "log10_subsample": -0.8178259993879264, "max_depth": 4.0, "num_boost_round": 9.0}, "datetime": {"datetime": "2024-01-19 00:16:06", "elapsed": 260.439168, "delta": 0.000493}}
{"target": -17.668802328855588, "params": {"gamma": 972.4209304663334, "log10_alpha": -0.081717939161285, "log10_colsample_bytree": -0.8961202208752564, "log10_eta": -1.306504807283206, "log10_lambda": 0.7767072661123677, "log10_min_child_weight": 2.374824567780449, "log10_subsample": -0.8178259993879264, "max_depth": 4.0, "num_boost_round": 10.0}, "datetime": {"datetime": "2024-01-19 00:16:06", "elapsed": 260.439677, "delta": 0.000509}}
