{"target": -13.758384830006401, "params": {"gamma": 715.0309225628326, "log10_alpha": -3.340788589914224, "log10_colsample_bytree": -0.7498226708740009, "log10_eta": -3.617620659346777, "log10_lambda": -4.471754177306934, "log10_min_child_weight": 0.6346529214742436, "log10_subsample": -0.6988345987376708, "max_depth": 9.0, "num_boost_round": 24.0}, "datetime": {"datetime": "2024-01-19 01:40:41", "elapsed": 5340.976964, "delta": 0.005894}}
{"target": -13.75837511084688, "params": {"gamma": 715.0309225628326, "log10_alpha": -3.340788589914224, "log10_colsample_bytree": -0.7498226708740009, "log10_eta": -3.617620659346777, "log10_lambda": -4.471754177306934, "log10_min_child_weight": 0.6346529214742436, "log10_subsample": -0.6988345987376708, "max_depth": 9.0, "num_boost_round": 25.0}, "datetime": {"datetime": "2024-01-19 01:40:41", "elapsed": 5340.982598, "delta": 0.005634}}
{"target": -13.75837091068976, "params": {"gamma": 715.0309225628326, "log10_alpha": -3.340788589914224, "log10_colsample_bytree": -0.7498226708740009, "log10_eta": -3.617620659346777, "log10_lambda": -4.471754177306934, "log10_min_child_weight": 0.6346529214742436, "log10_subsample": -0.6988345987376708, "max_depth": 9.0, "num_boost_round": 26.0}, "datetime": {"datetime": "2024-01-19 01:40:41", "elapsed": 5340.988409, "delta": 0.005811}}
{"target": -13.75835349260685, "params": {"gamma": 715.0309225628326, "log10_alpha": -3.340788589914224, "log10_colsample_bytree": -0.7498226708740009, "log10_eta": -3.617620659346777, "log10_lambda": -4.471754177306934, "log10_min_child_weight": 0.6346529214742436, "log10_subsample": -0.6988345987376708, "max_depth": 9.0, "num_boost_round": 27.0}, "datetime": {"datetime": "2024-01-19 01:40:41", "elapsed": 5340.993623, "delta": 0.005214}}
{"target": -13.758331474059672, "params": {"gamma": 715.0309225628326, "log10_alpha": -3.340788589914224, "log10_colsample_bytree": -0.7498226708740009, "log10_eta": -3.617620659346777, "log10_lambda": -4.471754177306934, "log10_min_child_weight": 0.6346529214742436, "log10_subsample": -0.6988345987376708, "max_depth": 9.0, "num_boost_round": 28.0}, "datetime": {"datetime": "2024-01-19 01:40:41", "elapsed": 5340.998688, "delta": 0.005065}}
{"target": -13.75832598343096, "params": {"gamma": 715.0309225628326, "log10_alpha": -3.340788589914224, "log10_colsample_bytree": -0.7498226708740009, "log10_eta": -3.617620659346777, "log10_lambda": -4.471754177306934, "log10_min_child_weight": 0.6346529214742436, "log10_subsample": -0.6988345987376708, "max_depth": 9.0, "num_boost_round": 29.0}, "datetime": {"datetime": "2024-01-19 01:40:41", "elapsed": 5341.003781, "delta": 0.005093}}
{"target": -13.758322064556234, "params": {"gamma": 715.0309225628326, "log10_alpha": -3.340788589914224, "log10_colsample_bytree": -0.7498226708740009, "log10_eta": -3.617620659346777, "log10_lambda": -4.471754177306934, "log10_min_child_weight": 0.6346529214742436, "log10_subsample": -0.6988345987376708, "max_depth": 9.0, "num_boost_round": 30.0}, "datetime": {"datetime": "2024-01-19 01:40:41", "elapsed": 5341.009014, "delta": 0.005233}}
{"target": -13.758319496376979, "params": {"gamma": 715.0309225628326, "log10_alpha": -3.340788589914224, "log10_colsample_bytree": -0.7498226708740009, "log10_eta": -3.617620659346777, "log10_lambda": -4.471754177306934, "log10_min_child_weight": 0.6346529214742436, "log10_subsample": -0.6988345987376708, "max_depth": 9.0, "num_boost_round": 31.0}, "datetime": {"datetime": "2024-01-19 01:40:41", "elapsed": 5341.014265, "delta": 0.005251}}
{"target": -13.758304100401402, "params": {"gamma": 715.0309225628326, "log10_alpha": -3.340788589914224, "log10_colsample_bytree": -0.7498226708740009, "log10_eta": -3.617620659346777, "log10_lambda": -4.471754177306934, "log10_min_child_weight": 0.6346529214742436, "log10_subsample": -0.6988345987376708, "max_depth": 9.0, "num_boost_round": 32.0}, "datetime": {"datetime": "2024-01-19 01:40:41", "elapsed": 5341.019468, "delta": 0.005203}}
{"target": -13.758297745241526, "params": {"gamma": 715.0309225628326, "log10_alpha": -3.340788589914224, "log10_colsample_bytree": -0.7498226708740009, "log10_eta": -3.617620659346777, "log10_lambda": -4.471754177306934, "log10_min_child_weight": 0.6346529214742436, "log10_subsample": -0.6988345987376708, "max_depth": 9.0, "num_boost_round": 33.0}, "datetime": {"datetime": "2024-01-19 01:40:41", "elapsed": 5341.024759, "delta": 0.005291}}
{"target": -13.75829243315768, "params": {"gamma": 715.0309225628326, "log10_alpha": -3.340788589914224, "log10_colsample_bytree": -0.7498226708740009, "log10_eta": -3.617620659346777, "log10_lambda": -4.471754177306934, "log10_min_child_weight": 0.6346529214742436, "log10_subsample": -0.6988345987376708, "max_depth": 9.0, "num_boost_round": 34.0}, "datetime": {"datetime": "2024-01-19 01:40:41", "elapsed": 5341.030479, "delta": 0.00572}}
{"target": -13.758275980219521, "params": {"gamma": 715.0309225628326, "log10_alpha": -3.340788589914224, "log10_colsample_bytree": -0.7498226708740009, "log10_eta": -3.617620659346777, "log10_lambda": -4.471754177306934, "log10_min_child_weight": 0.6346529214742436, "log10_subsample": -0.6988345987376708, "max_depth": 9.0, "num_boost_round": 35.0}, "datetime": {"datetime": "2024-01-19 01:40:41", "elapsed": 5341.035886, "delta": 0.005407}}
{"target": -13.758281321048905, "params": {"gamma": 715.0309225628326, "log10_alpha": -3.340788589914224, "log10_colsample_bytree": -0.7498226708740009, "log10_eta": -3.617620659346777, "log10_lambda": -4.471754177306934, "log10_min_child_weight": 0.6346529214742436, "log10_subsample": -0.6988345987376708, "max_depth": 9.0, "num_boost_round": 36.0}, "datetime": {"datetime": "2024-01-19 01:40:41", "elapsed": 5341.041076, "delta": 0.00519}}
{"target": -13.75827387018814, "params": {"gamma": 715.0309225628326, "log10_alpha": -3.340788589914224, "log10_colsample_bytree": -0.7498226708740009, "log10_eta": -3.617620659346777, "log10_lambda": -4.471754177306934, "log10_min_child_weight": 0.6346529214742436, "log10_subsample": -0.6988345987376708, "max_depth": 9.0, "num_boost_round": 37.0}, "datetime": {"datetime": "2024-01-19 01:40:41", "elapsed": 5341.046273, "delta": 0.005197}}
{"target": -13.758272545969731, "params": {"gamma": 715.0309225628326, "log10_alpha": -3.340788589914224, "log10_colsample_bytree": -0.7498226708740009, "log10_eta": -3.617620659346777, "log10_lambda": -4.471754177306934, "log10_min_child_weight": 0.6346529214742436, "log10_subsample": -0.6988345987376708, "max_depth": 9.0, "num_boost_round": 38.0}, "datetime": {"datetime": "2024-01-19 01:40:41", "elapsed": 5341.051689, "delta": 0.005416}}
{"target": -13.758278951760254, "params": {"gamma": 715.0309225628326, "log10_alpha": -3.340788589914224, "log10_colsample_bytree": -0.7498226708740009, "log10_eta": -3.617620659346777, "log10_lambda": -4.471754177306934, "log10_min_child_weight": 0.6346529214742436, "log10_subsample": -0.6988345987376708, "max_depth": 9.0, "num_boost_round": 39.0}, "datetime": {"datetime": "2024-01-19 01:40:41", "elapsed": 5341.057075, "delta": 0.005386}}
{"target": -13.758267755267324, "params": {"gamma": 715.0309225628326, "log10_alpha": -3.340788589914224, "log10_colsample_bytree": -0.7498226708740009, "log10_eta": -3.617620659346777, "log10_lambda": -4.471754177306934, "log10_min_child_weight": 0.6346529214742436, "log10_subsample": -0.6988345987376708, "max_depth": 9.0, "num_boost_round": 40.0}, "datetime": {"datetime": "2024-01-19 01:40:41", "elapsed": 5341.062361, "delta": 0.005286}}
{"target": -13.758266422641602, "params": {"gamma": 715.0309225628326, "log10_alpha": -3.340788589914224, "log10_colsample_bytree": -0.7498226708740009, "log10_eta": -3.617620659346777, "log10_lambda": -4.471754177306934, "log10_min_child_weight": 0.6346529214742436, "log10_subsample": -0.6988345987376708, "max_depth": 9.0, "num_boost_round": 41.0}, "datetime": {"datetime": "2024-01-19 01:40:41", "elapsed": 5341.067504, "delta": 0.005143}}
{"target": -13.758248934632238, "params": {"gamma": 715.0309225628326, "log10_alpha": -3.340788589914224, "log10_colsample_bytree": -0.7498226708740009, "log10_eta": -3.617620659346777, "log10_lambda": -4.471754177306934, "log10_min_child_weight": 0.6346529214742436, "log10_subsample": -0.6988345987376708, "max_depth": 9.0, "num_boost_round": 42.0}, "datetime": {"datetime": "2024-01-19 01:40:41", "elapsed": 5341.072763, "delta": 0.005259}}
{"target": -13.75825225596821, "params": {"gamma": 715.0309225628326, "log10_alpha": -3.340788589914224, "log10_colsample_bytree": -0.7498226708740009, "log10_eta": -3.617620659346777, "log10_lambda": -4.471754177306934, "log10_min_child_weight": 0.6346529214742436, "log10_subsample": -0.6988345987376708, "max_depth": 9.0, "num_boost_round": 43.0}, "datetime": {"datetime": "2024-01-19 01:40:41", "elapsed": 5341.077809, "delta": 0.005046}}
{"target": -13.758254033509678, "params": {"gamma": 715.0309225628326, "log10_alpha": -3.340788589914224, "log10_colsample_bytree": -0.7498226708740009, "log10_eta": -3.617620659346777, "log10_lambda": -4.471754177306934, "log10_min_child_weight": 0.6346529214742436, "log10_subsample": -0.6988345987376708, "max_depth": 9.0, "num_boost_round": 44.0}, "datetime": {"datetime": "2024-01-19 01:40:41", "elapsed": 5341.084431, "delta": 0.006622}}
{"target": -13.758240959433774, "params": {"gamma": 715.0309225628326, "log10_alpha": -3.340788589914224, "log10_colsample_bytree": -0.7498226708740009, "log10_eta": -3.617620659346777, "log10_lambda": -4.471754177306934, "log10_min_child_weight": 0.6346529214742436, "log10_subsample": -0.6988345987376708, "max_depth": 9.0, "num_boost_round": 45.0}, "datetime": {"datetime": "2024-01-19 01:40:42", "elapsed": 5341.090993, "delta": 0.006562}}
{"target": -13.758237633341638, "params": {"gamma": 715.0309225628326, "log10_alpha": -3.340788589914224, "log10_colsample_bytree": -0.7498226708740009, "log10_eta": -3.617620659346777, "log10_lambda": -4.471754177306934, "log10_min_child_weight": 0.6346529214742436, "log10_subsample": -0.6988345987376708, "max_depth": 9.0, "num_boost_round": 46.0}, "datetime": {"datetime": "2024-01-19 01:40:42", "elapsed": 5341.096449, "delta": 0.005456}}
{"target": -13.75823655435755, "params": {"gamma": 715.0309225628326, "log10_alpha": -3.340788589914224, "log10_colsample_bytree": -0.7498226708740009, "log10_eta": -3.617620659346777, "log10_lambda": -4.471754177306934, "log10_min_child_weight": 0.6346529214742436, "log10_subsample": -0.6988345987376708, "max_depth": 9.0, "num_boost_round": 47.0}, "datetime": {"datetime": "2024-01-19 01:40:42", "elapsed": 5341.102105, "delta": 0.005656}}
{"target": -13.758222180965955, "params": {"gamma": 715.0309225628326, "log10_alpha": -3.340788589914224, "log10_colsample_bytree": -0.7498226708740009, "log10_eta": -3.617620659346777, "log10_lambda": -4.471754177306934, "log10_min_child_weight": 0.6346529214742436, "log10_subsample": -0.6988345987376708, "max_depth": 9.0, "num_boost_round": 48.0}, "datetime": {"datetime": "2024-01-19 01:40:42", "elapsed": 5341.233816, "delta": 0.131711}}
{"target": -13.758230112791034, "params": {"gamma": 715.0309225628326, "log10_alpha": -3.340788589914224, "log10_colsample_bytree": -0.7498226708740009, "log10_eta": -3.617620659346777, "log10_lambda": -4.471754177306934, "log10_min_child_weight": 0.6346529214742436, "log10_subsample": -0.6988345987376708, "max_depth": 9.0, "num_boost_round": 49.0}, "datetime": {"datetime": "2024-01-19 01:40:42", "elapsed": 5341.239794, "delta": 0.005978}}
{"target": -13.758204773574983, "params": {"gamma": 715.0309225628326, "log10_alpha": -3.340788589914224, "log10_colsample_bytree": -0.7498226708740009, "log10_eta": -3.617620659346777, "log10_lambda": -4.471754177306934, "log10_min_child_weight": 0.6346529214742436, "log10_subsample": -0.6988345987376708, "max_depth": 9.0, "num_boost_round": 50.0}, "datetime": {"datetime": "2024-01-19 01:40:42", "elapsed": 5341.245039, "delta": 0.005245}}
{"target": -13.758191551848054, "params": {"gamma": 715.0309225628326, "log10_alpha": -3.340788589914224, "log10_colsample_bytree": -0.7498226708740009, "log10_eta": -3.617620659346777, "log10_lambda": -4.471754177306934, "log10_min_child_weight": 0.6346529214742436, "log10_subsample": -0.6988345987376708, "max_depth": 9.0, "num_boost_round": 51.0}, "datetime": {"datetime": "2024-01-19 01:40:42", "elapsed": 5341.250658, "delta": 0.005619}}
{"target": -13.758175419164276, "params": {"gamma": 715.0309225628326, "log10_alpha": -3.340788589914224, "log10_colsample_bytree": -0.7498226708740009, "log10_eta": -3.617620659346777, "log10_lambda": -4.471754177306934, "log10_min_child_weight": 0.6346529214742436, "log10_subsample": -0.6988345987376708, "max_depth": 9.0, "num_boost_round": 52.0}, "datetime": {"datetime": "2024-01-19 01:40:42", "elapsed": 5341.25607, "delta": 0.005412}}
{"target": -13.758159739825556, "params": {"gamma": 715.0309225628326, "log10_alpha": -3.340788589914224, "log10_colsample_bytree": -0.7498226708740009, "log10_eta": -3.617620659346777, "log10_lambda": -4.471754177306934, "log10_min_child_weight": 0.6346529214742436, "log10_subsample": -0.6988345987376708, "max_depth": 9.0, "num_boost_round": 53.0}, "datetime": {"datetime": "2024-01-19 01:40:42", "elapsed": 5341.261634, "delta": 0.005564}}
{"target": -13.75815925051407, "params": {"gamma": 715.0309225628326, "log10_alpha": -3.340788589914224, "log10_colsample_bytree": -0.7498226708740009, "log10_eta": -3.617620659346777, "log10_lambda": -4.471754177306934, "log10_min_child_weight": 0.6346529214742436, "log10_subsample": -0.6988345987376708, "max_depth": 9.0, "num_boost_round": 54.0}, "datetime": {"datetime": "2024-01-19 01:40:42", "elapsed": 5341.267102, "delta": 0.005468}}
{"target": -13.758150438217548, "params": {"gamma": 715.0309225628326, "log10_alpha": -3.340788589914224, "log10_colsample_bytree": -0.7498226708740009, "log10_eta": -3.617620659346777, "log10_lambda": -4.471754177306934, "log10_min_child_weight": 0.6346529214742436, "log10_subsample": -0.6988345987376708, "max_depth": 9.0, "num_boost_round": 55.0}, "datetime": {"datetime": "2024-01-19 01:40:42", "elapsed": 5341.272357, "delta": 0.005255}}
{"target": -13.758154323060339, "params": {"gamma": 715.0309225628326, "log10_alpha": -3.340788589914224, "log10_colsample_bytree": -0.7498226708740009, "log10_eta": -3.617620659346777, "log10_lambda": -4.471754177306934, "log10_min_child_weight": 0.6346529214742436, "log10_subsample": -0.6988345987376708, "max_depth": 9.0, "num_boost_round": 56.0}, "datetime": {"datetime": "2024-01-19 01:40:42", "elapsed": 5341.277899, "delta": 0.005542}}
{"target": -13.758137191143053, "params": {"gamma": 715.0309225628326, "log10_alpha": -3.340788589914224, "log10_colsample_bytree": -0.7498226708740009, "log10_eta": -3.617620659346777, "log10_lambda": -4.471754177306934, "log10_min_child_weight": 0.6346529214742436, "log10_subsample": -0.6988345987376708, "max_depth": 9.0, "num_boost_round": 57.0}, "datetime": {"datetime": "2024-01-19 01:40:42", "elapsed": 5341.283559, "delta": 0.00566}}
{"target": -13.758115250096456, "params": {"gamma": 715.0309225628326, "log10_alpha": -3.340788589914224, "log10_colsample_bytree": -0.7498226708740009, "log10_eta": -3.617620659346777, "log10_lambda": -4.471754177306934, "log10_min_child_weight": 0.6346529214742436, "log10_subsample": -0.6988345987376708, "max_depth": 9.0, "num_boost_round": 58.0}, "datetime": {"datetime": "2024-01-19 01:40:42", "elapsed": 5341.288919, "delta": 0.00536}}
{"target": -13.758115031595727, "params": {"gamma": 715.0309225628326, "log10_alpha": -3.340788589914224, "log10_colsample_bytree": -0.7498226708740009, "log10_eta": -3.617620659346777, "log10_lambda": -4.471754177306934, "log10_min_child_weight": 0.6346529214742436, "log10_subsample": -0.6988345987376708, "max_depth": 9.0, "num_boost_round": 59.0}, "datetime": {"datetime": "2024-01-19 01:40:42", "elapsed": 5341.2943, "delta": 0.005381}}
{"target": -13.758112075363323, "params": {"gamma": 715.0309225628326, "log10_alpha": -3.340788589914224, "log10_colsample_bytree": -0.7498226708740009, "log10_eta": -3.617620659346777, "log10_lambda": -4.471754177306934, "log10_min_child_weight": 0.6346529214742436, "log10_subsample": -0.6988345987376708, "max_depth": 9.0, "num_boost_round": 60.0}, "datetime": {"datetime": "2024-01-19 01:40:42", "elapsed": 5341.299395, "delta": 0.005095}}
{"target": -13.758091739693484, "params": {"gamma": 715.0309225628326, "log10_alpha": -3.340788589914224, "log10_colsample_bytree": -0.7498226708740009, "log10_eta": -3.617620659346777, "log10_lambda": -4.471754177306934, "log10_min_child_weight": 0.6346529214742436, "log10_subsample": -0.6988345987376708, "max_depth": 9.0, "num_boost_round": 61.0}, "datetime": {"datetime": "2024-01-19 01:40:42", "elapsed": 5341.304674, "delta": 0.005279}}
{"target": -13.758093295817288, "params": {"gamma": 715.0309225628326, "log10_alpha": -3.340788589914224, "log10_colsample_bytree": -0.7498226708740009, "log10_eta": -3.617620659346777, "log10_lambda": -4.471754177306934, "log10_min_child_weight": 0.6346529214742436, "log10_subsample": -0.6988345987376708, "max_depth": 9.0, "num_boost_round": 62.0}, "datetime": {"datetime": "2024-01-19 01:40:42", "elapsed": 5341.31012, "delta": 0.005446}}
{"target": -13.758090940306555, "params": {"gamma": 715.0309225628326, "log10_alpha": -3.340788589914224, "log10_colsample_bytree": -0.7498226708740009, "log10_eta": -3.617620659346777, "log10_lambda": -4.471754177306934, "log10_min_child_weight": 0.6346529214742436, "log10_subsample": -0.6988345987376708, "max_depth": 9.0, "num_boost_round": 63.0}, "datetime": {"datetime": "2024-01-19 01:40:42", "elapsed": 5341.316653, "delta": 0.006533}}
{"target": -13.758083560015104, "params": {"gamma": 715.0309225628326, "log10_alpha": -3.340788589914224, "log10_colsample_bytree": -0.7498226708740009, "log10_eta": -3.617620659346777, "log10_lambda": -4.471754177306934, "log10_min_child_weight": 0.6346529214742436, "log10_subsample": -0.6988345987376708, "max_depth": 9.0, "num_boost_round": 64.0}, "datetime": {"datetime": "2024-01-19 01:40:42", "elapsed": 5341.322479, "delta": 0.005826}}
{"target": -13.758089059898102, "params": {"gamma": 715.0309225628326, "log10_alpha": -3.340788589914224, "log10_colsample_bytree": -0.7498226708740009, "log10_eta": -3.617620659346777, "log10_lambda": -4.471754177306934, "log10_min_child_weight": 0.6346529214742436, "log10_subsample": -0.6988345987376708, "max_depth": 9.0, "num_boost_round": 65.0}, "datetime": {"datetime": "2024-01-19 01:40:42", "elapsed": 5341.327742, "delta": 0.005263}}
{"target": -13.758074193761821, "params": {"gamma": 715.0309225628326, "log10_alpha": -3.340788589914224, "log10_colsample_bytree": -0.7498226708740009, "log10_eta": -3.617620659346777, "log10_lambda": -4.471754177306934, "log10_min_child_weight": 0.6346529214742436, "log10_subsample": -0.6988345987376708, "max_depth": 9.0, "num_boost_round": 66.0}, "datetime": {"datetime": "2024-01-19 01:40:42", "elapsed": 5341.332887, "delta": 0.005145}}
{"target": -13.758065553233804, "params": {"gamma": 715.0309225628326, "log10_alpha": -3.340788589914224, "log10_colsample_bytree": -0.7498226708740009, "log10_eta": -3.617620659346777, "log10_lambda": -4.471754177306934, "log10_min_child_weight": 0.6346529214742436, "log10_subsample": -0.6988345987376708, "max_depth": 9.0, "num_boost_round": 67.0}, "datetime": {"datetime": "2024-01-19 01:40:42", "elapsed": 5341.338162, "delta": 0.005275}}
{"target": -13.758057779474843, "params": {"gamma": 715.0309225628326, "log10_alpha": -3.340788589914224, "log10_colsample_bytree": -0.7498226708740009, "log10_eta": -3.617620659346777, "log10_lambda": -4.471754177306934, "log10_min_child_weight": 0.6346529214742436, "log10_subsample": -0.6988345987376708, "max_depth": 9.0, "num_boost_round": 68.0}, "datetime": {"datetime": "2024-01-19 01:40:42", "elapsed": 5341.343685, "delta": 0.005523}}
{"target": -13.758052568909312, "params": {"gamma": 715.0309225628326, "log10_alpha": -3.340788589914224, "log10_colsample_bytree": -0.7498226708740009, "log10_eta": -3.617620659346777, "log10_lambda": -4.471754177306934, "log10_min_child_weight": 0.6346529214742436, "log10_subsample": -0.6988345987376708, "max_depth": 9.0, "num_boost_round": 69.0}, "datetime": {"datetime": "2024-01-19 01:40:42", "elapsed": 5341.349443, "delta": 0.005758}}
{"target": -13.758054870180912, "params": {"gamma": 715.0309225628326, "log10_alpha": -3.340788589914224, "log10_colsample_bytree": -0.7498226708740009, "log10_eta": -3.617620659346777, "log10_lambda": -4.471754177306934, "log10_min_child_weight": 0.6346529214742436, "log10_subsample": -0.6988345987376708, "max_depth": 9.0, "num_boost_round": 70.0}, "datetime": {"datetime": "2024-01-19 01:40:42", "elapsed": 5341.354697, "delta": 0.005254}}
{"target": -13.758533279364194, "params": {"gamma": 718.5475819630601, "log10_alpha": 0.8764769243640584, "log10_colsample_bytree": -0.06893280413114888, "log10_eta": -2.9409726336873723, "log10_lambda": -3.311989700794861, "log10_min_child_weight": 1.131065072919772, "log10_subsample": -0.8277049493650925, "max_depth": 3.0, "num_boost_round": 0.0}, "datetime": {"datetime": "2024-01-19 01:42:07", "elapsed": 5426.526939, "delta": 85.172242}}
{"target": -13.75853324467956, "params": {"gamma": 718.5475819630601, "log10_alpha": 0.8764769243640584, "log10_colsample_bytree": -0.06893280413114888, "log10_eta": -2.9409726336873723, "log10_lambda": -3.311989700794861, "log10_min_child_weight": 1.131065072919772, "log10_subsample": -0.8277049493650925, "max_depth": 3.0, "num_boost_round": 1.0}, "datetime": {"datetime": "2024-01-19 01:42:07", "elapsed": 5426.533201, "delta": 0.006262}}
