{"target": -17.677225891341898, "params": {"gamma": 411.638125545733, "log10_alpha": -4.69824759476545, "log10_colsample_bytree": -0.8142098517174207, "log10_eta": -3.923828196463865, "log10_lambda": -4.2355255637559415, "log10_min_child_weight": 3.898771938181542, "log10_subsample": -0.4760755436748063, "max_depth": 7.0, "num_boost_round": 10.0}, "datetime": {"datetime": "2024-01-19 01:06:07", "elapsed": 3257.431624, "delta": 0.003892}}
{"target": -17.677225800728145, "params": {"gamma": 411.638125545733, "log10_alpha": -4.69824759476545, "log10_colsample_bytree": -0.8142098517174207, "log10_eta": -3.923828196463865, "log10_lambda": -4.2355255637559415, "log10_min_child_weight": 3.898771938181542, "log10_subsample": -0.4760755436748063, "max_depth": 7.0, "num_boost_round": 11.0}, "datetime": {"datetime": "2024-01-19 01:06:07", "elapsed": 3257.435891, "delta": 0.004267}}
{"target": -17.677226389466366, "params": {"gamma": 411.638125545733, "log10_alpha": -4.69824759476545, "log10_colsample_bytree": -0.8142098517174207, "log10_eta": -3.923828196463865, "log10_lambda": -4.2355255637559415, "log10_min_child_weight": 3.898771938181542, "log10_subsample": -0.4760755436748063, "max_depth": 7.0, "num_boost_round": 12.0}, "datetime": {"datetime": "2024-01-19 01:06:07", "elapsed": 3257.439946, "delta": 0.004055}}
{"target": -17.677227008192553, "params": {"gamma": 411.638125545733, "log10_alpha": -4.69824759476545, "log10_colsample_bytree": -0.8142098517174207, "log10_eta": -3.923828196463865, "log10_lambda": -4.2355255637559415, "log10_min_child_weight": 3.898771938181542, "log10_subsample": -0.4760755436748063, "max_depth": 7.0, "num_boost_round": 13.0}, "datetime": {"datetime": "2024-01-19 01:06:07", "elapsed": 3257.443979, "delta": 0.004033}}
{"target": -17.677225649247426, "params": {"gamma": 411.638125545733, "log10_alpha": -4.69824759476545, "log10_colsample_bytree": -0.8142098517174207, "log10_eta": -3.923828196463865, "log10_lambda": -4.2355255637559415, "log10_min_child_weight": 3.898771938181542, "log10_subsample": -0.4760755436748063, "max_depth": 7.0, "num_boost_round": 14.0}, "datetime": {"datetime": "2024-01-19 01:06:07", "elapsed": 3257.448032, "delta": 0.004053}}
{"target": -17.677223347060917, "params": {"gamma": 411.638125545733, "log10_alpha": -4.69824759476545, "log10_colsample_bytree": -0.8142098517174207, "log10_eta": -3.923828196463865, "log10_lambda": -4.2355255637559415, "log10_min_child_weight": 3.898771938181542, "log10_subsample": -0.4760755436748063, "max_depth": 7.0, "num_boost_round": 15.0}, "datetime": {"datetime": "2024-01-19 01:06:07", "elapsed": 3257.452063, "delta": 0.004031}}
{"target": -17.677220901808976, "params": {"gamma": 411.638125545733, "log10_alpha": -4.69824759476545, "log10_colsample_bytree": -0.8142098517174207, "log10_eta": -3.923828196463865, "log10_lambda": -4.2355255637559415, "log10_min_child_weight": 3.898771938181542, "log10_subsample": -0.4760755436748063, "max_depth": 7.0, "num_boost_round": 16.0}, "datetime": {"datetime": "2024-01-19 01:06:07", "elapsed": 3257.455945, "delta": 0.003882}}
{"target": -17.677221531491703, "params": {"gamma": 411.638125545733, "log10_alpha": -4.69824759476545, "log10_colsample_bytree": -0.8142098517174207, "log10_eta": -3.923828196463865, "log10_lambda": -4.2355255637559415, "log10_min_child_weight": 3.898771938181542, "log10_subsample": -0.4760755436748063, "max_depth": 7.0, "num_boost_round": 17.0}, "datetime": {"datetime": "2024-01-19 01:06:07", "elapsed": 3257.459885, "delta": 0.00394}}
{"target": -17.67722003601399, "params": {"gamma": 411.638125545733, "log10_alpha": -4.69824759476545, "log10_colsample_bytree": -0.8142098517174207, "log10_eta": -3.923828196463865, "log10_lambda": -4.2355255637559415, "log10_min_child_weight": 3.898771938181542, "log10_subsample": -0.4760755436748063, "max_depth": 7.0, "num_boost_round": 18.0}, "datetime": {"datetime": "2024-01-19 01:06:07", "elapsed": 3257.463861, "delta": 0.003976}}
{"target": -17.677217411361386, "params": {"gamma": 411.638125545733, "log10_alpha": -4.69824759476545, "log10_colsample_bytree": -0.8142098517174207, "log10_eta": -3.923828196463865, "log10_lambda": -4.2355255637559415, "log10_min_child_weight": 3.898771938181542, "log10_subsample": -0.4760755436748063, "max_depth": 7.0, "num_boost_round": 19.0}, "datetime": {"datetime": "2024-01-19 01:06:07", "elapsed": 3257.467726, "delta": 0.003865}}
{"target": -17.677217231365717, "params": {"gamma": 411.638125545733, "log10_alpha": -4.69824759476545, "log10_colsample_bytree": -0.8142098517174207, "log10_eta": -3.923828196463865, "log10_lambda": -4.2355255637559415, "log10_min_child_weight": 3.898771938181542, "log10_subsample": -0.4760755436748063, "max_depth": 7.0, "num_boost_round": 20.0}, "datetime": {"datetime": "2024-01-19 01:06:07", "elapsed": 3257.471618, "delta": 0.003892}}
{"target": -17.677215670540747, "params": {"gamma": 411.638125545733, "log10_alpha": -4.69824759476545, "log10_colsample_bytree": -0.8142098517174207, "log10_eta": -3.923828196463865, "log10_lambda": -4.2355255637559415, "log10_min_child_weight": 3.898771938181542, "log10_subsample": -0.4760755436748063, "max_depth": 7.0, "num_boost_round": 21.0}, "datetime": {"datetime": "2024-01-19 01:06:07", "elapsed": 3257.475492, "delta": 0.003874}}
{"target": -17.67721492361153, "params": {"gamma": 411.638125545733, "log10_alpha": -4.69824759476545, "log10_colsample_bytree": -0.8142098517174207, "log10_eta": -3.923828196463865, "log10_lambda": -4.2355255637559415, "log10_min_child_weight": 3.898771938181542, "log10_subsample": -0.4760755436748063, "max_depth": 7.0, "num_boost_round": 22.0}, "datetime": {"datetime": "2024-01-19 01:06:07", "elapsed": 3257.479359, "delta": 0.003867}}
{"target": -17.677213749832834, "params": {"gamma": 411.638125545733, "log10_alpha": -4.69824759476545, "log10_colsample_bytree": -0.8142098517174207, "log10_eta": -3.923828196463865, "log10_lambda": -4.2355255637559415, "log10_min_child_weight": 3.898771938181542, "log10_subsample": -0.4760755436748063, "max_depth": 7.0, "num_boost_round": 23.0}, "datetime": {"datetime": "2024-01-19 01:06:07", "elapsed": 3257.483452, "delta": 0.004093}}
{"target": -17.677211077694217, "params": {"gamma": 411.638125545733, "log10_alpha": -4.69824759476545, "log10_colsample_bytree": -0.8142098517174207, "log10_eta": -3.923828196463865, "log10_lambda": -4.2355255637559415, "log10_min_child_weight": 3.898771938181542, "log10_subsample": -0.4760755436748063, "max_depth": 7.0, "num_boost_round": 24.0}, "datetime": {"datetime": "2024-01-19 01:06:07", "elapsed": 3257.612789, "delta": 0.129337}}
{"target": -17.67721069602966, "params": {"gamma": 411.638125545733, "log10_alpha": -4.69824759476545, "log10_colsample_bytree": -0.8142098517174207, "log10_eta": -3.923828196463865, "log10_lambda": -4.2355255637559415, "log10_min_child_weight": 3.898771938181542, "log10_subsample": -0.4760755436748063, "max_depth": 7.0, "num_boost_round": 25.0}, "datetime": {"datetime": "2024-01-19 01:06:07", "elapsed": 3257.617692, "delta": 0.004903}}
{"target": -17.677213592884396, "params": {"gamma": 411.638125545733, "log10_alpha": -4.69824759476545, "log10_colsample_bytree": -0.8142098517174207, "log10_eta": -3.923828196463865, "log10_lambda": -4.2355255637559415, "log10_min_child_weight": 3.898771938181542, "log10_subsample": -0.4760755436748063, "max_depth": 7.0, "num_boost_round": 26.0}, "datetime": {"datetime": "2024-01-19 01:06:07", "elapsed": 3257.622333, "delta": 0.004641}}
{"target": -17.677210573105814, "params": {"gamma": 411.638125545733, "log10_alpha": -4.69824759476545, "log10_colsample_bytree": -0.8142098517174207, "log10_eta": -3.923828196463865, "log10_lambda": -4.2355255637559415, "log10_min_child_weight": 3.898771938181542, "log10_subsample": -0.4760755436748063, "max_depth": 7.0, "num_boost_round": 27.0}, "datetime": {"datetime": "2024-01-19 01:06:07", "elapsed": 3257.626595, "delta": 0.004262}}
{"target": -17.677208532854582, "params": {"gamma": 411.638125545733, "log10_alpha": -4.69824759476545, "log10_colsample_bytree": -0.8142098517174207, "log10_eta": -3.923828196463865, "log10_lambda": -4.2355255637559415, "log10_min_child_weight": 3.898771938181542, "log10_subsample": -0.4760755436748063, "max_depth": 7.0, "num_boost_round": 28.0}, "datetime": {"datetime": "2024-01-19 01:06:07", "elapsed": 3257.630851, "delta": 0.004256}}
{"target": -17.677146968329588, "params": {"gamma": 414.56560048683167, "log10_alpha": -3.2810346376197908, "log10_colsample_bytree": -0.20013034795987494, "log10_eta": -2.4755358403486363, "log10_lambda": -2.157283037727124, "log10_min_child_weight": 3.6957928010173386, "log10_subsample": -0.230044366302954, "max_depth": 2.0, "num_boost_round": 0.0}, "datetime": {"datetime": "2024-01-19 01:06:41", "elapsed": 3291.318697, "delta": 33.687846}}
{"target": -17.677062142784465, "params": {"gamma": 414.56560048683167, "log10_alpha": -3.2810346376197908, "log10_colsample_bytree": -0.20013034795987494, "log10_eta": -2.4755358403486363, "log10_lambda": -2.157283037727124, "log10_min_child_weight": 3.6957928010173386, "log10_subsample": -0.230044366302954, "max_depth": 2.0, "num_boost_round": 1.0}, "datetime": {"datetime": "2024-01-19 01:06:41", "elapsed": 3291.323414, "delta": 0.004717}}
{"target": -17.67697556315773, "params": {"gamma": 414.56560048683167, "log10_alpha": -3.2810346376197908, "log10_colsample_bytree": -0.20013034795987494, "log10_eta": -2.4755358403486363, "log10_lambda": -2.157283037727124, "log10_min_child_weight": 3.6957928010173386, "log10_subsample": -0.230044366302954, "max_depth": 2.0, "num_boost_round": 2.0}, "datetime": {"datetime": "2024-01-19 01:06:41", "elapsed": 3291.327321, "delta": 0.003907}}
{"target": -17.676919287872007, "params": {"gamma": 414.56560048683167, "log10_alpha": -3.2810346376197908, "log10_colsample_bytree": -0.20013034795987494, "log10_eta": -2.4755358403486363, "log10_lambda": -2.157283037727124, "log10_min_child_weight": 3.6957928010173386, "log10_subsample": -0.230044366302954, "max_depth": 2.0, "num_boost_round": 3.0}, "datetime": {"datetime": "2024-01-19 01:06:41", "elapsed": 3291.331199, "delta": 0.003878}}
{"target": -17.676856718066905, "params": {"gamma": 414.56560048683167, "log10_alpha": -3.2810346376197908, "log10_colsample_bytree": -0.20013034795987494, "log10_eta": -2.4755358403486363, "log10_lambda": -2.157283037727124, "log10_min_child_weight": 3.6957928010173386, "log10_subsample": -0.230044366302954, "max_depth": 2.0, "num_boost_round": 4.0}, "datetime": {"datetime": "2024-01-19 01:06:41", "elapsed": 3291.335871, "delta": 0.004672}}
{"target": -17.67680360020378, "params": {"gamma": 414.56560048683167, "log10_alpha": -3.2810346376197908, "log10_colsample_bytree": -0.20013034795987494, "log10_eta": -2.4755358403486363, "log10_lambda": -2.157283037727124, "log10_min_child_weight": 3.6957928010173386, "log10_subsample": -0.230044366302954, "max_depth": 2.0, "num_boost_round": 5.0}, "datetime": {"datetime": "2024-01-19 01:06:41", "elapsed": 3291.340224, "delta": 0.004353}}
{"target": -17.676754786707278, "params": {"gamma": 414.56560048683167, "log10_alpha": -3.2810346376197908, "log10_colsample_bytree": -0.20013034795987494, "log10_eta": -2.4755358403486363, "log10_lambda": -2.157283037727124, "log10_min_child_weight": 3.6957928010173386, "log10_subsample": -0.230044366302954, "max_depth": 2.0, "num_boost_round": 6.0}, "datetime": {"datetime": "2024-01-19 01:06:41", "elapsed": 3291.344329, "delta": 0.004105}}
{"target": -17.67667640700302, "params": {"gamma": 414.56560048683167, "log10_alpha": -3.2810346376197908, "log10_colsample_bytree": -0.20013034795987494, "log10_eta": -2.4755358403486363, "log10_lambda": -2.157283037727124, "log10_min_child_weight": 3.6957928010173386, "log10_subsample": -0.230044366302954, "max_depth": 2.0, "num_boost_round": 7.0}, "datetime": {"datetime": "2024-01-19 01:06:41", "elapsed": 3291.348376, "delta": 0.004047}}
{"target": -17.6766101330531, "params": {"gamma": 414.56560048683167, "log10_alpha": -3.2810346376197908, "log10_colsample_bytree": -0.20013034795987494, "log10_eta": -2.4755358403486363, "log10_lambda": -2.157283037727124, "log10_min_child_weight": 3.6957928010173386, "log10_subsample": -0.230044366302954, "max_depth": 2.0, "num_boost_round": 8.0}, "datetime": {"datetime": "2024-01-19 01:06:41", "elapsed": 3291.352316, "delta": 0.00394}}
{"target": -17.67653930369714, "params": {"gamma": 414.56560048683167, "log10_alpha": -3.2810346376197908, "log10_colsample_bytree": -0.20013034795987494, "log10_eta": -2.4755358403486363, "log10_lambda": -2.157283037727124, "log10_min_child_weight": 3.6957928010173386, "log10_subsample": -0.230044366302954, "max_depth": 2.0, "num_boost_round": 9.0}, "datetime": {"datetime": "2024-01-19 01:06:41", "elapsed": 3291.356601, "delta": 0.004285}}
{"target": -17.6764661886763, "params": {"gamma": 414.56560048683167, "log10_alpha": -3.2810346376197908, "log10_colsample_bytree": -0.20013034795987494, "log10_eta": -2.4755358403486363, "log10_lambda": -2.157283037727124, "log10_min_child_weight": 3.6957928010173386, "log10_subsample": -0.230044366302954, "max_depth": 2.0, "num_boost_round": 10.0}, "datetime": {"datetime": "2024-01-19 01:06:41", "elapsed": 3291.360613, "delta": 0.004012}}
{"target": -17.676425187446277, "params": {"gamma": 414.56560048683167, "log10_alpha": -3.2810346376197908, "log10_colsample_bytree": -0.20013034795987494, "log10_eta": -2.4755358403486363, "log10_lambda": -2.157283037727124, "log10_min_child_weight": 3.6957928010173386, "log10_subsample": -0.230044366302954, "max_depth": 2.0, "num_boost_round": 11.0}, "datetime": {"datetime": "2024-01-19 01:06:41", "elapsed": 3291.364522, "delta": 0.003909}}
{"target": -17.676352714124963, "params": {"gamma": 414.56560048683167, "log10_alpha": -3.2810346376197908, "log10_colsample_bytree": -0.20013034795987494, "log10_eta": -2.4755358403486363, "log10_lambda": -2.157283037727124, "log10_min_child_weight": 3.6957928010173386, "log10_subsample": -0.230044366302954, "max_depth": 2.0, "num_boost_round": 12.0}, "datetime": {"datetime": "2024-01-19 01:06:41", "elapsed": 3291.368398, "delta": 0.003876}}
{"target": -17.67723217612898, "params": {"gamma": 408.3313181587311, "log10_alpha": -0.4323140500565294, "log10_colsample_bytree": -1.0, "log10_eta": -4.0, "log10_lambda": -5.0, "log10_min_child_weight": 0.0, "log10_subsample": -1.0, "max_depth": 10.0, "num_boost_round": 0.0}, "datetime": {"datetime": "2024-01-19 01:08:26", "elapsed": 3396.079309, "delta": 104.710911}}
{"target": -17.67723598554834, "params": {"gamma": 408.3313181587311, "log10_alpha": -0.4323140500565294, "log10_colsample_bytree": -1.0, "log10_eta": -4.0, "log10_lambda": -5.0, "log10_min_child_weight": 0.0, "log10_subsample": -1.0, "max_depth": 10.0, "num_boost_round": 1.0}, "datetime": {"datetime": "2024-01-19 01:08:26", "elapsed": 3396.08397, "delta": 0.004661}}
{"target": -17.677234199766428, "params": {"gamma": 408.3313181587311, "log10_alpha": -0.4323140500565294, "log10_colsample_bytree": -1.0, "log10_eta": -4.0, "log10_lambda": -5.0, "log10_min_child_weight": 0.0, "log10_subsample": -1.0, "max_depth": 10.0, "num_boost_round": 2.0}, "datetime": {"datetime": "2024-01-19 01:08:26", "elapsed": 3396.088055, "delta": 0.004085}}
{"target": -17.67723686993085, "params": {"gamma": 408.3313181587311, "log10_alpha": -0.4323140500565294, "log10_colsample_bytree": -1.0, "log10_eta": -4.0, "log10_lambda": -5.0, "log10_min_child_weight": 0.0, "log10_subsample": -1.0, "max_depth": 10.0, "num_boost_round": 3.0}, "datetime": {"datetime": "2024-01-19 01:08:26", "elapsed": 3396.092155, "delta": 0.0041}}
{"target": -17.677231343936526, "params": {"gamma": 408.3313181587311, "log10_alpha": -0.4323140500565294, "log10_colsample_bytree": -1.0, "log10_eta": -4.0, "log10_lambda": -5.0, "log10_min_child_weight": 0.0, "log10_subsample": -1.0, "max_depth": 10.0, "num_boost_round": 4.0}, "datetime": {"datetime": "2024-01-19 01:08:26", "elapsed": 3396.096161, "delta": 0.004006}}
{"target": -17.67723104825146, "params": {"gamma": 408.3313181587311, "log10_alpha": -0.4323140500565294, "log10_colsample_bytree": -1.0, "log10_eta": -4.0, "log10_lambda": -5.0, "log10_min_child_weight": 0.0, "log10_subsample": -1.0, "max_depth": 10.0, "num_boost_round": 5.0}, "datetime": {"datetime": "2024-01-19 01:08:26", "elapsed": 3396.100129, "delta": 0.003968}}
{"target": -17.677224870049972, "params": {"gamma": 408.3313181587311, "log10_alpha": -0.4323140500565294, "log10_colsample_bytree": -1.0, "log10_eta": -4.0, "log10_lambda": -5.0, "log10_min_child_weight": 0.0, "log10_subsample": -1.0, "max_depth": 10.0, "num_boost_round": 6.0}, "datetime": {"datetime": "2024-01-19 01:08:26", "elapsed": 3396.104205, "delta": 0.004076}}
{"target": -17.677220786360504, "params": {"gamma": 408.3313181587311, "log10_alpha": -0.4323140500565294, "log10_colsample_bytree": -1.0, "log10_eta": -4.0, "log10_lambda": -5.0, "log10_min_child_weight": 0.0, "log10_subsample": -1.0, "max_depth": 10.0, "num_boost_round": 7.0}, "datetime": {"datetime": "2024-01-19 01:08:26", "elapsed": 3396.108188, "delta": 0.003983}}
{"target": -17.677222852250086, "params": {"gamma": 408.3313181587311, "log10_alpha": -0.4323140500565294, "log10_colsample_bytree": -1.0, "log10_eta": -4.0, "log10_lambda": -5.0, "log10_min_child_weight": 0.0, "log10_subsample": -1.0, "max_depth": 10.0, "num_boost_round": 8.0}, "datetime": {"datetime": "2024-01-19 01:08:26", "elapsed": 3396.112196, "delta": 0.004008}}
{"target": -17.677225562333557, "params": {"gamma": 408.3313181587311, "log10_alpha": -0.4323140500565294, "log10_colsample_bytree": -1.0, "log10_eta": -4.0, "log10_lambda": -5.0, "log10_min_child_weight": 0.0, "log10_subsample": -1.0, "max_depth": 10.0, "num_boost_round": 9.0}, "datetime": {"datetime": "2024-01-19 01:08:26", "elapsed": 3396.116202, "delta": 0.004006}}
{"target": -17.677217088728423, "params": {"gamma": 408.3313181587311, "log10_alpha": -0.4323140500565294, "log10_colsample_bytree": -1.0, "log10_eta": -4.0, "log10_lambda": -5.0, "log10_min_child_weight": 0.0, "log10_subsample": -1.0, "max_depth": 10.0, "num_boost_round": 10.0}, "datetime": {"datetime": "2024-01-19 01:08:26", "elapsed": 3396.120184, "delta": 0.003982}}
{"target": -17.677219848446246, "params": {"gamma": 408.3313181587311, "log10_alpha": -0.4323140500565294, "log10_colsample_bytree": -1.0, "log10_eta": -4.0, "log10_lambda": -5.0, "log10_min_child_weight": 0.0, "log10_subsample": -1.0, "max_depth": 10.0, "num_boost_round": 11.0}, "datetime": {"datetime": "2024-01-19 01:08:26", "elapsed": 3396.124227, "delta": 0.004043}}
{"target": -17.677212601211682, "params": {"gamma": 408.3313181587311, "log10_alpha": -0.4323140500565294, "log10_colsample_bytree": -1.0, "log10_eta": -4.0, "log10_lambda": -5.0, "log10_min_child_weight": 0.0, "log10_subsample": -1.0, "max_depth": 10.0, "num_boost_round": 12.0}, "datetime": {"datetime": "2024-01-19 01:08:26", "elapsed": 3396.128255, "delta": 0.004028}}
{"target": -17.677215329580992, "params": {"gamma": 408.3313181587311, "log10_alpha": -0.4323140500565294, "log10_colsample_bytree": -1.0, "log10_eta": -4.0, "log10_lambda": -5.0, "log10_min_child_weight": 0.0, "log10_subsample": -1.0, "max_depth": 10.0, "num_boost_round": 13.0}, "datetime": {"datetime": "2024-01-19 01:08:26", "elapsed": 3396.132265, "delta": 0.00401}}
{"target": -17.67721023086799, "params": {"gamma": 408.3313181587311, "log10_alpha": -0.4323140500565294, "log10_colsample_bytree": -1.0, "log10_eta": -4.0, "log10_lambda": -5.0, "log10_min_child_weight": 0.0, "log10_subsample": -1.0, "max_depth": 10.0, "num_boost_round": 14.0}, "datetime": {"datetime": "2024-01-19 01:08:26", "elapsed": 3396.136233, "delta": 0.003968}}
{"target": -17.6772051481809, "params": {"gamma": 408.3313181587311, "log10_alpha": -0.4323140500565294, "log10_colsample_bytree": -1.0, "log10_eta": -4.0, "log10_lambda": -5.0, "log10_min_child_weight": 0.0, "log10_subsample": -1.0, "max_depth": 10.0, "num_boost_round": 15.0}, "datetime": {"datetime": "2024-01-19 01:08:26", "elapsed": 3396.140192, "delta": 0.003959}}
{"target": -17.67719860453596, "params": {"gamma": 408.3313181587311, "log10_alpha": -0.4323140500565294, "log10_colsample_bytree": -1.0, "log10_eta": -4.0, "log10_lambda": -5.0, "log10_min_child_weight": 0.0, "log10_subsample": -1.0, "max_depth": 10.0, "num_boost_round": 16.0}, "datetime": {"datetime": "2024-01-19 01:08:26", "elapsed": 3396.144452, "delta": 0.00426}}
{"target": -17.677193677773765, "params": {"gamma": 408.3313181587311, "log10_alpha": -0.4323140500565294, "log10_colsample_bytree": -1.0, "log10_eta": -4.0, "log10_lambda": -5.0, "log10_min_child_weight": 0.0, "log10_subsample": -1.0, "max_depth": 10.0, "num_boost_round": 17.0}, "datetime": {"datetime": "2024-01-19 01:08:26", "elapsed": 3396.148641, "delta": 0.004189}}
{"target": -17.6771903132876, "params": {"gamma": 408.3313181587311, "log10_alpha": -0.4323140500565294, "log10_colsample_bytree": -1.0, "log10_eta": -4.0, "log10_lambda": -5.0, "log10_min_child_weight": 0.0, "log10_subsample": -1.0, "max_depth": 10.0, "num_boost_round": 18.0}, "datetime": {"datetime": "2024-01-19 01:08:26", "elapsed": 3396.152843, "delta": 0.004202}}
{"target": -17.67718666074986, "params": {"gamma": 408.3313181587311, "log10_alpha": -0.4323140500565294, "log10_colsample_bytree": -1.0, "log10_eta": -4.0, "log10_lambda": -5.0, "log10_min_child_weight": 0.0, "log10_subsample": -1.0, "max_depth": 10.0, "num_boost_round": 19.0}, "datetime": {"datetime": "2024-01-19 01:08:26", "elapsed": 3396.156891, "delta": 0.004048}}
{"target": -17.67718572114451, "params": {"gamma": 408.3313181587311, "log10_alpha": -0.4323140500565294, "log10_colsample_bytree": -1.0, "log10_eta": -4.0, "log10_lambda": -5.0, "log10_min_child_weight": 0.0, "log10_subsample": -1.0, "max_depth": 10.0, "num_boost_round": 20.0}, "datetime": {"datetime": "2024-01-19 01:08:26", "elapsed": 3396.160889, "delta": 0.003998}}
