{"target": -13.757916036461504, "params": {"gamma": 937.7468713128598, "log10_alpha": -2.7316035312614653, "log10_colsample_bytree": -0.2665920766050244, "log10_eta": -1.9233125465884875, "log10_lambda": -1.3453419879860729, "log10_min_child_weight": 2.0123668271402573, "log10_subsample": -0.5005197213389345, "max_depth": 2.0, "num_boost_round": 14.0}, "datetime": {"datetime": "2024-01-19 01:15:31", "elapsed": 3832.547339, "delta": 0.004674}}
{"target": -13.75777140353929, "params": {"gamma": 937.7468713128598, "log10_alpha": -2.7316035312614653, "log10_colsample_bytree": -0.2665920766050244, "log10_eta": -1.9233125465884875, "log10_lambda": -1.3453419879860729, "log10_min_child_weight": 2.0123668271402573, "log10_subsample": -0.5005197213389345, "max_depth": 2.0, "num_boost_round": 15.0}, "datetime": {"datetime": "2024-01-19 01:15:31", "elapsed": 3832.55194, "delta": 0.004601}}
{"target": -13.75762268023278, "params": {"gamma": 937.7468713128598, "log10_alpha": -2.7316035312614653, "log10_colsample_bytree": -0.2665920766050244, "log10_eta": -1.9233125465884875, "log10_lambda": -1.3453419879860729, "log10_min_child_weight": 2.0123668271402573, "log10_subsample": -0.5005197213389345, "max_depth": 2.0, "num_boost_round": 16.0}, "datetime": {"datetime": "2024-01-19 01:15:31", "elapsed": 3832.556669, "delta": 0.004729}}
{"target": -13.757675845903206, "params": {"gamma": 937.7468713128598, "log10_alpha": -2.7316035312614653, "log10_colsample_bytree": -0.2665920766050244, "log10_eta": -1.9233125465884875, "log10_lambda": -1.3453419879860729, "log10_min_child_weight": 2.0123668271402573, "log10_subsample": -0.5005197213389345, "max_depth": 2.0, "num_boost_round": 17.0}, "datetime": {"datetime": "2024-01-19 01:15:31", "elapsed": 3832.561451, "delta": 0.004782}}
{"target": -13.757581861763283, "params": {"gamma": 937.7468713128598, "log10_alpha": -2.7316035312614653, "log10_colsample_bytree": -0.2665920766050244, "log10_eta": -1.9233125465884875, "log10_lambda": -1.3453419879860729, "log10_min_child_weight": 2.0123668271402573, "log10_subsample": -0.5005197213389345, "max_depth": 2.0, "num_boost_round": 18.0}, "datetime": {"datetime": "2024-01-19 01:15:31", "elapsed": 3832.566136, "delta": 0.004685}}
{"target": -13.757497889526416, "params": {"gamma": 937.7468713128598, "log10_alpha": -2.7316035312614653, "log10_colsample_bytree": -0.2665920766050244, "log10_eta": -1.9233125465884875, "log10_lambda": -1.3453419879860729, "log10_min_child_weight": 2.0123668271402573, "log10_subsample": -0.5005197213389345, "max_depth": 2.0, "num_boost_round": 19.0}, "datetime": {"datetime": "2024-01-19 01:15:31", "elapsed": 3832.570828, "delta": 0.004692}}
{"target": -13.757386063524471, "params": {"gamma": 937.7468713128598, "log10_alpha": -2.7316035312614653, "log10_colsample_bytree": -0.2665920766050244, "log10_eta": -1.9233125465884875, "log10_lambda": -1.3453419879860729, "log10_min_child_weight": 2.0123668271402573, "log10_subsample": -0.5005197213389345, "max_depth": 2.0, "num_boost_round": 20.0}, "datetime": {"datetime": "2024-01-19 01:15:31", "elapsed": 3832.575603, "delta": 0.004775}}
{"target": -13.75746108532841, "params": {"gamma": 937.7468713128598, "log10_alpha": -2.7316035312614653, "log10_colsample_bytree": -0.2665920766050244, "log10_eta": -1.9233125465884875, "log10_lambda": -1.3453419879860729, "log10_min_child_weight": 2.0123668271402573, "log10_subsample": -0.5005197213389345, "max_depth": 2.0, "num_boost_round": 21.0}, "datetime": {"datetime": "2024-01-19 01:15:31", "elapsed": 3832.584091, "delta": 0.008488}}
{"target": -13.75747816547518, "params": {"gamma": 937.7468713128598, "log10_alpha": -2.7316035312614653, "log10_colsample_bytree": -0.2665920766050244, "log10_eta": -1.9233125465884875, "log10_lambda": -1.3453419879860729, "log10_min_child_weight": 2.0123668271402573, "log10_subsample": -0.5005197213389345, "max_depth": 2.0, "num_boost_round": 22.0}, "datetime": {"datetime": "2024-01-19 01:15:31", "elapsed": 3832.58881, "delta": 0.004719}}
{"target": -13.757382222931342, "params": {"gamma": 937.7468713128598, "log10_alpha": -2.7316035312614653, "log10_colsample_bytree": -0.2665920766050244, "log10_eta": -1.9233125465884875, "log10_lambda": -1.3453419879860729, "log10_min_child_weight": 2.0123668271402573, "log10_subsample": -0.5005197213389345, "max_depth": 2.0, "num_boost_round": 23.0}, "datetime": {"datetime": "2024-01-19 01:15:31", "elapsed": 3832.593427, "delta": 0.004617}}
{"target": -13.757503683089107, "params": {"gamma": 937.7468713128598, "log10_alpha": -2.7316035312614653, "log10_colsample_bytree": -0.2665920766050244, "log10_eta": -1.9233125465884875, "log10_lambda": -1.3453419879860729, "log10_min_child_weight": 2.0123668271402573, "log10_subsample": -0.5005197213389345, "max_depth": 2.0, "num_boost_round": 24.0}, "datetime": {"datetime": "2024-01-19 01:15:31", "elapsed": 3832.598151, "delta": 0.004724}}
{"target": -13.757525288450141, "params": {"gamma": 937.7468713128598, "log10_alpha": -2.7316035312614653, "log10_colsample_bytree": -0.2665920766050244, "log10_eta": -1.9233125465884875, "log10_lambda": -1.3453419879860729, "log10_min_child_weight": 2.0123668271402573, "log10_subsample": -0.5005197213389345, "max_depth": 2.0, "num_boost_round": 25.0}, "datetime": {"datetime": "2024-01-19 01:15:31", "elapsed": 3832.60282, "delta": 0.004669}}
{"target": -13.757501722342056, "params": {"gamma": 937.7468713128598, "log10_alpha": -2.7316035312614653, "log10_colsample_bytree": -0.2665920766050244, "log10_eta": -1.9233125465884875, "log10_lambda": -1.3453419879860729, "log10_min_child_weight": 2.0123668271402573, "log10_subsample": -0.5005197213389345, "max_depth": 2.0, "num_boost_round": 26.0}, "datetime": {"datetime": "2024-01-19 01:15:31", "elapsed": 3832.607568, "delta": 0.004748}}
{"target": -13.757547469378576, "params": {"gamma": 937.7468713128598, "log10_alpha": -2.7316035312614653, "log10_colsample_bytree": -0.2665920766050244, "log10_eta": -1.9233125465884875, "log10_lambda": -1.3453419879860729, "log10_min_child_weight": 2.0123668271402573, "log10_subsample": -0.5005197213389345, "max_depth": 2.0, "num_boost_round": 27.0}, "datetime": {"datetime": "2024-01-19 01:15:31", "elapsed": 3832.612251, "delta": 0.004683}}
{"target": -13.757685367646042, "params": {"gamma": 937.7468713128598, "log10_alpha": -2.7316035312614653, "log10_colsample_bytree": -0.2665920766050244, "log10_eta": -1.9233125465884875, "log10_lambda": -1.3453419879860729, "log10_min_child_weight": 2.0123668271402573, "log10_subsample": -0.5005197213389345, "max_depth": 2.0, "num_boost_round": 28.0}, "datetime": {"datetime": "2024-01-19 01:15:31", "elapsed": 3832.616999, "delta": 0.004748}}
{"target": -13.757797014017285, "params": {"gamma": 937.7468713128598, "log10_alpha": -2.7316035312614653, "log10_colsample_bytree": -0.2665920766050244, "log10_eta": -1.9233125465884875, "log10_lambda": -1.3453419879860729, "log10_min_child_weight": 2.0123668271402573, "log10_subsample": -0.5005197213389345, "max_depth": 2.0, "num_boost_round": 29.0}, "datetime": {"datetime": "2024-01-19 01:15:31", "elapsed": 3832.621689, "delta": 0.00469}}
{"target": -13.757870834046889, "params": {"gamma": 937.7468713128598, "log10_alpha": -2.7316035312614653, "log10_colsample_bytree": -0.2665920766050244, "log10_eta": -1.9233125465884875, "log10_lambda": -1.3453419879860729, "log10_min_child_weight": 2.0123668271402573, "log10_subsample": -0.5005197213389345, "max_depth": 2.0, "num_boost_round": 30.0}, "datetime": {"datetime": "2024-01-19 01:15:31", "elapsed": 3832.6263, "delta": 0.004611}}
{"target": -13.758052167806893, "params": {"gamma": 937.7468713128598, "log10_alpha": -2.7316035312614653, "log10_colsample_bytree": -0.2665920766050244, "log10_eta": -1.9233125465884875, "log10_lambda": -1.3453419879860729, "log10_min_child_weight": 2.0123668271402573, "log10_subsample": -0.5005197213389345, "max_depth": 2.0, "num_boost_round": 31.0}, "datetime": {"datetime": "2024-01-19 01:15:31", "elapsed": 3832.630984, "delta": 0.004684}}
{"target": -13.758145914641574, "params": {"gamma": 937.7468713128598, "log10_alpha": -2.7316035312614653, "log10_colsample_bytree": -0.2665920766050244, "log10_eta": -1.9233125465884875, "log10_lambda": -1.3453419879860729, "log10_min_child_weight": 2.0123668271402573, "log10_subsample": -0.5005197213389345, "max_depth": 2.0, "num_boost_round": 32.0}, "datetime": {"datetime": "2024-01-19 01:15:31", "elapsed": 3832.635735, "delta": 0.004751}}
{"target": -13.75832650365593, "params": {"gamma": 937.7468713128598, "log10_alpha": -2.7316035312614653, "log10_colsample_bytree": -0.2665920766050244, "log10_eta": -1.9233125465884875, "log10_lambda": -1.3453419879860729, "log10_min_child_weight": 2.0123668271402573, "log10_subsample": -0.5005197213389345, "max_depth": 2.0, "num_boost_round": 33.0}, "datetime": {"datetime": "2024-01-19 01:15:31", "elapsed": 3832.745962, "delta": 0.110227}}
{"target": -13.758274859459874, "params": {"gamma": 937.7468713128598, "log10_alpha": -2.7316035312614653, "log10_colsample_bytree": -0.2665920766050244, "log10_eta": -1.9233125465884875, "log10_lambda": -1.3453419879860729, "log10_min_child_weight": 2.0123668271402573, "log10_subsample": -0.5005197213389345, "max_depth": 2.0, "num_boost_round": 34.0}, "datetime": {"datetime": "2024-01-19 01:15:31", "elapsed": 3832.75139, "delta": 0.005428}}
{"target": -13.758478299510937, "params": {"gamma": 937.7468713128598, "log10_alpha": -2.7316035312614653, "log10_colsample_bytree": -0.2665920766050244, "log10_eta": -1.9233125465884875, "log10_lambda": -1.3453419879860729, "log10_min_child_weight": 2.0123668271402573, "log10_subsample": -0.5005197213389345, "max_depth": 2.0, "num_boost_round": 35.0}, "datetime": {"datetime": "2024-01-19 01:15:31", "elapsed": 3832.756278, "delta": 0.004888}}
{"target": -13.758545081036106, "params": {"gamma": 937.7468713128598, "log10_alpha": -2.7316035312614653, "log10_colsample_bytree": -0.2665920766050244, "log10_eta": -1.9233125465884875, "log10_lambda": -1.3453419879860729, "log10_min_child_weight": 2.0123668271402573, "log10_subsample": -0.5005197213389345, "max_depth": 2.0, "num_boost_round": 36.0}, "datetime": {"datetime": "2024-01-19 01:15:31", "elapsed": 3832.761009, "delta": 0.004731}}
{"target": -13.758499511704121, "params": {"gamma": 937.7468713128598, "log10_alpha": -2.7316035312614653, "log10_colsample_bytree": -0.2665920766050244, "log10_eta": -1.9233125465884875, "log10_lambda": -1.3453419879860729, "log10_min_child_weight": 2.0123668271402573, "log10_subsample": -0.5005197213389345, "max_depth": 2.0, "num_boost_round": 37.0}, "datetime": {"datetime": "2024-01-19 01:15:31", "elapsed": 3832.765744, "delta": 0.004735}}
{"target": -13.75872185224662, "params": {"gamma": 937.7468713128598, "log10_alpha": -2.7316035312614653, "log10_colsample_bytree": -0.2665920766050244, "log10_eta": -1.9233125465884875, "log10_lambda": -1.3453419879860729, "log10_min_child_weight": 2.0123668271402573, "log10_subsample": -0.5005197213389345, "max_depth": 2.0, "num_boost_round": 38.0}, "datetime": {"datetime": "2024-01-19 01:15:31", "elapsed": 3832.770532, "delta": 0.004788}}
{"target": -13.758742183597157, "params": {"gamma": 937.7468713128598, "log10_alpha": -2.7316035312614653, "log10_colsample_bytree": -0.2665920766050244, "log10_eta": -1.9233125465884875, "log10_lambda": -1.3453419879860729, "log10_min_child_weight": 2.0123668271402573, "log10_subsample": -0.5005197213389345, "max_depth": 2.0, "num_boost_round": 39.0}, "datetime": {"datetime": "2024-01-19 01:15:31", "elapsed": 3832.775369, "delta": 0.004837}}
{"target": -13.758779403026665, "params": {"gamma": 937.7468713128598, "log10_alpha": -2.7316035312614653, "log10_colsample_bytree": -0.2665920766050244, "log10_eta": -1.9233125465884875, "log10_lambda": -1.3453419879860729, "log10_min_child_weight": 2.0123668271402573, "log10_subsample": -0.5005197213389345, "max_depth": 2.0, "num_boost_round": 40.0}, "datetime": {"datetime": "2024-01-19 01:15:31", "elapsed": 3832.780125, "delta": 0.004756}}
{"target": -13.758867983127834, "params": {"gamma": 937.7468713128598, "log10_alpha": -2.7316035312614653, "log10_colsample_bytree": -0.2665920766050244, "log10_eta": -1.9233125465884875, "log10_lambda": -1.3453419879860729, "log10_min_child_weight": 2.0123668271402573, "log10_subsample": -0.5005197213389345, "max_depth": 2.0, "num_boost_round": 41.0}, "datetime": {"datetime": "2024-01-19 01:15:31", "elapsed": 3832.784844, "delta": 0.004719}}
{"target": -13.75889052548353, "params": {"gamma": 937.7468713128598, "log10_alpha": -2.7316035312614653, "log10_colsample_bytree": -0.2665920766050244, "log10_eta": -1.9233125465884875, "log10_lambda": -1.3453419879860729, "log10_min_child_weight": 2.0123668271402573, "log10_subsample": -0.5005197213389345, "max_depth": 2.0, "num_boost_round": 42.0}, "datetime": {"datetime": "2024-01-19 01:15:31", "elapsed": 3832.789608, "delta": 0.004764}}
{"target": -13.758892789957672, "params": {"gamma": 937.7468713128598, "log10_alpha": -2.7316035312614653, "log10_colsample_bytree": -0.2665920766050244, "log10_eta": -1.9233125465884875, "log10_lambda": -1.3453419879860729, "log10_min_child_weight": 2.0123668271402573, "log10_subsample": -0.5005197213389345, "max_depth": 2.0, "num_boost_round": 43.0}, "datetime": {"datetime": "2024-01-19 01:15:31", "elapsed": 3832.794433, "delta": 0.004825}}
{"target": -13.75914460241503, "params": {"gamma": 937.7468713128598, "log10_alpha": -2.7316035312614653, "log10_colsample_bytree": -0.2665920766050244, "log10_eta": -1.9233125465884875, "log10_lambda": -1.3453419879860729, "log10_min_child_weight": 2.0123668271402573, "log10_subsample": -0.5005197213389345, "max_depth": 2.0, "num_boost_round": 44.0}, "datetime": {"datetime": "2024-01-19 01:15:31", "elapsed": 3832.79926, "delta": 0.004827}}
{"target": -13.759214387430617, "params": {"gamma": 937.7468713128598, "log10_alpha": -2.7316035312614653, "log10_colsample_bytree": -0.2665920766050244, "log10_eta": -1.9233125465884875, "log10_lambda": -1.3453419879860729, "log10_min_child_weight": 2.0123668271402573, "log10_subsample": -0.5005197213389345, "max_depth": 2.0, "num_boost_round": 45.0}, "datetime": {"datetime": "2024-01-19 01:15:31", "elapsed": 3832.803935, "delta": 0.004675}}
{"target": -13.759306194674965, "params": {"gamma": 937.7468713128598, "log10_alpha": -2.7316035312614653, "log10_colsample_bytree": -0.2665920766050244, "log10_eta": -1.9233125465884875, "log10_lambda": -1.3453419879860729, "log10_min_child_weight": 2.0123668271402573, "log10_subsample": -0.5005197213389345, "max_depth": 2.0, "num_boost_round": 46.0}, "datetime": {"datetime": "2024-01-19 01:15:31", "elapsed": 3832.808634, "delta": 0.004699}}
{"target": -13.759259859633271, "params": {"gamma": 937.7468713128598, "log10_alpha": -2.7316035312614653, "log10_colsample_bytree": -0.2665920766050244, "log10_eta": -1.9233125465884875, "log10_lambda": -1.3453419879860729, "log10_min_child_weight": 2.0123668271402573, "log10_subsample": -0.5005197213389345, "max_depth": 2.0, "num_boost_round": 47.0}, "datetime": {"datetime": "2024-01-19 01:15:31", "elapsed": 3832.813418, "delta": 0.004784}}
{"target": -13.75921755108665, "params": {"gamma": 937.7468713128598, "log10_alpha": -2.7316035312614653, "log10_colsample_bytree": -0.2665920766050244, "log10_eta": -1.9233125465884875, "log10_lambda": -1.3453419879860729, "log10_min_child_weight": 2.0123668271402573, "log10_subsample": -0.5005197213389345, "max_depth": 2.0, "num_boost_round": 48.0}, "datetime": {"datetime": "2024-01-19 01:15:31", "elapsed": 3832.818124, "delta": 0.004706}}
{"target": -13.759396337973183, "params": {"gamma": 937.7468713128598, "log10_alpha": -2.7316035312614653, "log10_colsample_bytree": -0.2665920766050244, "log10_eta": -1.9233125465884875, "log10_lambda": -1.3453419879860729, "log10_min_child_weight": 2.0123668271402573, "log10_subsample": -0.5005197213389345, "max_depth": 2.0, "num_boost_round": 49.0}, "datetime": {"datetime": "2024-01-19 01:15:31", "elapsed": 3832.822843, "delta": 0.004719}}
{"target": -13.759560626246296, "params": {"gamma": 937.7468713128598, "log10_alpha": -2.7316035312614653, "log10_colsample_bytree": -0.2665920766050244, "log10_eta": -1.9233125465884875, "log10_lambda": -1.3453419879860729, "log10_min_child_weight": 2.0123668271402573, "log10_subsample": -0.5005197213389345, "max_depth": 2.0, "num_boost_round": 50.0}, "datetime": {"datetime": "2024-01-19 01:15:31", "elapsed": 3832.827568, "delta": 0.004725}}
{"target": -13.75952901884229, "params": {"gamma": 937.7468713128598, "log10_alpha": -2.7316035312614653, "log10_colsample_bytree": -0.2665920766050244, "log10_eta": -1.9233125465884875, "log10_lambda": -1.3453419879860729, "log10_min_child_weight": 2.0123668271402573, "log10_subsample": -0.5005197213389345, "max_depth": 2.0, "num_boost_round": 51.0}, "datetime": {"datetime": "2024-01-19 01:15:31", "elapsed": 3832.832383, "delta": 0.004815}}
{"target": -13.759611298198193, "params": {"gamma": 937.7468713128598, "log10_alpha": -2.7316035312614653, "log10_colsample_bytree": -0.2665920766050244, "log10_eta": -1.9233125465884875, "log10_lambda": -1.3453419879860729, "log10_min_child_weight": 2.0123668271402573, "log10_subsample": -0.5005197213389345, "max_depth": 2.0, "num_boost_round": 52.0}, "datetime": {"datetime": "2024-01-19 01:15:31", "elapsed": 3832.837125, "delta": 0.004742}}
{"target": -13.759828579420748, "params": {"gamma": 937.7468713128598, "log10_alpha": -2.7316035312614653, "log10_colsample_bytree": -0.2665920766050244, "log10_eta": -1.9233125465884875, "log10_lambda": -1.3453419879860729, "log10_min_child_weight": 2.0123668271402573, "log10_subsample": -0.5005197213389345, "max_depth": 2.0, "num_boost_round": 53.0}, "datetime": {"datetime": "2024-01-19 01:15:31", "elapsed": 3832.841828, "delta": 0.004703}}
{"target": -13.759702175250546, "params": {"gamma": 937.7468713128598, "log10_alpha": -2.7316035312614653, "log10_colsample_bytree": -0.2665920766050244, "log10_eta": -1.9233125465884875, "log10_lambda": -1.3453419879860729, "log10_min_child_weight": 2.0123668271402573, "log10_subsample": -0.5005197213389345, "max_depth": 2.0, "num_boost_round": 54.0}, "datetime": {"datetime": "2024-01-19 01:15:31", "elapsed": 3832.846554, "delta": 0.004726}}
{"target": -13.759850270809288, "params": {"gamma": 937.7468713128598, "log10_alpha": -2.7316035312614653, "log10_colsample_bytree": -0.2665920766050244, "log10_eta": -1.9233125465884875, "log10_lambda": -1.3453419879860729, "log10_min_child_weight": 2.0123668271402573, "log10_subsample": -0.5005197213389345, "max_depth": 2.0, "num_boost_round": 55.0}, "datetime": {"datetime": "2024-01-19 01:15:31", "elapsed": 3832.85134, "delta": 0.004786}}
{"target": -13.759909847319449, "params": {"gamma": 937.7468713128598, "log10_alpha": -2.7316035312614653, "log10_colsample_bytree": -0.2665920766050244, "log10_eta": -1.9233125465884875, "log10_lambda": -1.3453419879860729, "log10_min_child_weight": 2.0123668271402573, "log10_subsample": -0.5005197213389345, "max_depth": 2.0, "num_boost_round": 56.0}, "datetime": {"datetime": "2024-01-19 01:15:31", "elapsed": 3832.85607, "delta": 0.00473}}
{"target": -13.760093605640865, "params": {"gamma": 937.7468713128598, "log10_alpha": -2.7316035312614653, "log10_colsample_bytree": -0.2665920766050244, "log10_eta": -1.9233125465884875, "log10_lambda": -1.3453419879860729, "log10_min_child_weight": 2.0123668271402573, "log10_subsample": -0.5005197213389345, "max_depth": 2.0, "num_boost_round": 57.0}, "datetime": {"datetime": "2024-01-19 01:15:31", "elapsed": 3832.860798, "delta": 0.004728}}
{"target": -13.760163288925513, "params": {"gamma": 937.7468713128598, "log10_alpha": -2.7316035312614653, "log10_colsample_bytree": -0.2665920766050244, "log10_eta": -1.9233125465884875, "log10_lambda": -1.3453419879860729, "log10_min_child_weight": 2.0123668271402573, "log10_subsample": -0.5005197213389345, "max_depth": 2.0, "num_boost_round": 58.0}, "datetime": {"datetime": "2024-01-19 01:15:31", "elapsed": 3832.865577, "delta": 0.004779}}
{"target": -13.760160271264073, "params": {"gamma": 937.7468713128598, "log10_alpha": -2.7316035312614653, "log10_colsample_bytree": -0.2665920766050244, "log10_eta": -1.9233125465884875, "log10_lambda": -1.3453419879860729, "log10_min_child_weight": 2.0123668271402573, "log10_subsample": -0.5005197213389345, "max_depth": 2.0, "num_boost_round": 59.0}, "datetime": {"datetime": "2024-01-19 01:15:31", "elapsed": 3832.871118, "delta": 0.005541}}
{"target": -13.760237790214145, "params": {"gamma": 937.7468713128598, "log10_alpha": -2.7316035312614653, "log10_colsample_bytree": -0.2665920766050244, "log10_eta": -1.9233125465884875, "log10_lambda": -1.3453419879860729, "log10_min_child_weight": 2.0123668271402573, "log10_subsample": -0.5005197213389345, "max_depth": 2.0, "num_boost_round": 60.0}, "datetime": {"datetime": "2024-01-19 01:15:31", "elapsed": 3832.876017, "delta": 0.004899}}
{"target": -13.760338365201006, "params": {"gamma": 937.7468713128598, "log10_alpha": -2.7316035312614653, "log10_colsample_bytree": -0.2665920766050244, "log10_eta": -1.9233125465884875, "log10_lambda": -1.3453419879860729, "log10_min_child_weight": 2.0123668271402573, "log10_subsample": -0.5005197213389345, "max_depth": 2.0, "num_boost_round": 61.0}, "datetime": {"datetime": "2024-01-19 01:15:31", "elapsed": 3832.880882, "delta": 0.004865}}
{"target": -13.760258016763993, "params": {"gamma": 937.7468713128598, "log10_alpha": -2.7316035312614653, "log10_colsample_bytree": -0.2665920766050244, "log10_eta": -1.9233125465884875, "log10_lambda": -1.3453419879860729, "log10_min_child_weight": 2.0123668271402573, "log10_subsample": -0.5005197213389345, "max_depth": 2.0, "num_boost_round": 62.0}, "datetime": {"datetime": "2024-01-19 01:15:31", "elapsed": 3832.886288, "delta": 0.005406}}
