{"target": -13.758532135059832, "params": {"gamma": 887.3788028443142, "log10_alpha": -4.853145168176982, "log10_colsample_bytree": -0.21237857731442344, "log10_eta": -3.678715289018924, "log10_lambda": -1.8718767005897465, "log10_min_child_weight": 4.86332380232424, "log10_subsample": -0.7244796307901239, "max_depth": 7.0, "num_boost_round": 8.0}, "datetime": {"datetime": "2024-01-19 01:29:20", "elapsed": 4680.604515, "delta": 0.003772}}
{"target": -13.758532023005127, "params": {"gamma": 887.3788028443142, "log10_alpha": -4.853145168176982, "log10_colsample_bytree": -0.21237857731442344, "log10_eta": -3.678715289018924, "log10_lambda": -1.8718767005897465, "log10_min_child_weight": 4.86332380232424, "log10_subsample": -0.7244796307901239, "max_depth": 7.0, "num_boost_round": 9.0}, "datetime": {"datetime": "2024-01-19 01:29:20", "elapsed": 4680.608415, "delta": 0.0039}}
{"target": -13.758531537815243, "params": {"gamma": 887.3788028443142, "log10_alpha": -4.853145168176982, "log10_colsample_bytree": -0.21237857731442344, "log10_eta": -3.678715289018924, "log10_lambda": -1.8718767005897465, "log10_min_child_weight": 4.86332380232424, "log10_subsample": -0.7244796307901239, "max_depth": 7.0, "num_boost_round": 10.0}, "datetime": {"datetime": "2024-01-19 01:29:20", "elapsed": 4680.612247, "delta": 0.003832}}
{"target": -13.758530879476616, "params": {"gamma": 887.3788028443142, "log10_alpha": -4.853145168176982, "log10_colsample_bytree": -0.21237857731442344, "log10_eta": -3.678715289018924, "log10_lambda": -1.8718767005897465, "log10_min_child_weight": 4.86332380232424, "log10_subsample": -0.7244796307901239, "max_depth": 7.0, "num_boost_round": 11.0}, "datetime": {"datetime": "2024-01-19 01:29:20", "elapsed": 4680.616074, "delta": 0.003827}}
{"target": -13.758529997030807, "params": {"gamma": 887.3788028443142, "log10_alpha": -4.853145168176982, "log10_colsample_bytree": -0.21237857731442344, "log10_eta": -3.678715289018924, "log10_lambda": -1.8718767005897465, "log10_min_child_weight": 4.86332380232424, "log10_subsample": -0.7244796307901239, "max_depth": 7.0, "num_boost_round": 12.0}, "datetime": {"datetime": "2024-01-19 01:29:20", "elapsed": 4680.619878, "delta": 0.003804}}
{"target": -13.758047294703546, "params": {"gamma": 899.4165412920428, "log10_alpha": -4.517993550309068, "log10_colsample_bytree": -0.9281253282763136, "log10_eta": -1.264203309529118, "log10_lambda": -4.295974676673793, "log10_min_child_weight": 1.5402891361525228, "log10_subsample": -0.9805720413214132, "max_depth": 6.0, "num_boost_round": 0.0}, "datetime": {"datetime": "2024-01-19 01:30:12", "elapsed": 4732.49253, "delta": 51.872652}}
{"target": -13.756610486801339, "params": {"gamma": 899.4165412920428, "log10_alpha": -4.517993550309068, "log10_colsample_bytree": -0.9281253282763136, "log10_eta": -1.264203309529118, "log10_lambda": -4.295974676673793, "log10_min_child_weight": 1.5402891361525228, "log10_subsample": -0.9805720413214132, "max_depth": 6.0, "num_boost_round": 1.0}, "datetime": {"datetime": "2024-01-19 01:30:12", "elapsed": 4732.497603, "delta": 0.005073}}
{"target": -13.756088331974274, "params": {"gamma": 899.4165412920428, "log10_alpha": -4.517993550309068, "log10_colsample_bytree": -0.9281253282763136, "log10_eta": -1.264203309529118, "log10_lambda": -4.295974676673793, "log10_min_child_weight": 1.5402891361525228, "log10_subsample": -0.9805720413214132, "max_depth": 6.0, "num_boost_round": 2.0}, "datetime": {"datetime": "2024-01-19 01:30:12", "elapsed": 4732.501522, "delta": 0.003919}}
{"target": -13.756048833295013, "params": {"gamma": 899.4165412920428, "log10_alpha": -4.517993550309068, "log10_colsample_bytree": -0.9281253282763136, "log10_eta": -1.264203309529118, "log10_lambda": -4.295974676673793, "log10_min_child_weight": 1.5402891361525228, "log10_subsample": -0.9805720413214132, "max_depth": 6.0, "num_boost_round": 3.0}, "datetime": {"datetime": "2024-01-19 01:30:12", "elapsed": 4732.50541, "delta": 0.003888}}
{"target": -13.756372801056823, "params": {"gamma": 899.4165412920428, "log10_alpha": -4.517993550309068, "log10_colsample_bytree": -0.9281253282763136, "log10_eta": -1.264203309529118, "log10_lambda": -4.295974676673793, "log10_min_child_weight": 1.5402891361525228, "log10_subsample": -0.9805720413214132, "max_depth": 6.0, "num_boost_round": 4.0}, "datetime": {"datetime": "2024-01-19 01:30:12", "elapsed": 4732.509253, "delta": 0.003843}}
{"target": -13.755954287875376, "params": {"gamma": 899.4165412920428, "log10_alpha": -4.517993550309068, "log10_colsample_bytree": -0.9281253282763136, "log10_eta": -1.264203309529118, "log10_lambda": -4.295974676673793, "log10_min_child_weight": 1.5402891361525228, "log10_subsample": -0.9805720413214132, "max_depth": 6.0, "num_boost_round": 5.0}, "datetime": {"datetime": "2024-01-19 01:30:12", "elapsed": 4732.513226, "delta": 0.003973}}
{"target": -13.75765834071703, "params": {"gamma": 899.4165412920428, "log10_alpha": -4.517993550309068, "log10_colsample_bytree": -0.9281253282763136, "log10_eta": -1.264203309529118, "log10_lambda": -4.295974676673793, "log10_min_child_weight": 1.5402891361525228, "log10_subsample": -0.9805720413214132, "max_depth": 6.0, "num_boost_round": 6.0}, "datetime": {"datetime": "2024-01-19 01:30:12", "elapsed": 4732.517072, "delta": 0.003846}}
{"target": -13.757663530987397, "params": {"gamma": 899.4165412920428, "log10_alpha": -4.517993550309068, "log10_colsample_bytree": -0.9281253282763136, "log10_eta": -1.264203309529118, "log10_lambda": -4.295974676673793, "log10_min_child_weight": 1.5402891361525228, "log10_subsample": -0.9805720413214132, "max_depth": 6.0, "num_boost_round": 7.0}, "datetime": {"datetime": "2024-01-19 01:30:12", "elapsed": 4732.521064, "delta": 0.003992}}
{"target": -13.759170583511281, "params": {"gamma": 899.4165412920428, "log10_alpha": -4.517993550309068, "log10_colsample_bytree": -0.9281253282763136, "log10_eta": -1.264203309529118, "log10_lambda": -4.295974676673793, "log10_min_child_weight": 1.5402891361525228, "log10_subsample": -0.9805720413214132, "max_depth": 6.0, "num_boost_round": 8.0}, "datetime": {"datetime": "2024-01-19 01:30:12", "elapsed": 4732.524932, "delta": 0.003868}}
{"target": -13.759334936173216, "params": {"gamma": 899.4165412920428, "log10_alpha": -4.517993550309068, "log10_colsample_bytree": -0.9281253282763136, "log10_eta": -1.264203309529118, "log10_lambda": -4.295974676673793, "log10_min_child_weight": 1.5402891361525228, "log10_subsample": -0.9805720413214132, "max_depth": 6.0, "num_boost_round": 9.0}, "datetime": {"datetime": "2024-01-19 01:30:12", "elapsed": 4732.528928, "delta": 0.003996}}
{"target": -13.758869562447263, "params": {"gamma": 899.4165412920428, "log10_alpha": -4.517993550309068, "log10_colsample_bytree": -0.9281253282763136, "log10_eta": -1.264203309529118, "log10_lambda": -4.295974676673793, "log10_min_child_weight": 1.5402891361525228, "log10_subsample": -0.9805720413214132, "max_depth": 6.0, "num_boost_round": 10.0}, "datetime": {"datetime": "2024-01-19 01:30:12", "elapsed": 4732.532853, "delta": 0.003925}}
{"target": -13.758717434061179, "params": {"gamma": 899.4165412920428, "log10_alpha": -4.517993550309068, "log10_colsample_bytree": -0.9281253282763136, "log10_eta": -1.264203309529118, "log10_lambda": -4.295974676673793, "log10_min_child_weight": 1.5402891361525228, "log10_subsample": -0.9805720413214132, "max_depth": 6.0, "num_boost_round": 11.0}, "datetime": {"datetime": "2024-01-19 01:30:12", "elapsed": 4732.53669, "delta": 0.003837}}
{"target": -13.7589975750902, "params": {"gamma": 899.4165412920428, "log10_alpha": -4.517993550309068, "log10_colsample_bytree": -0.9281253282763136, "log10_eta": -1.264203309529118, "log10_lambda": -4.295974676673793, "log10_min_child_weight": 1.5402891361525228, "log10_subsample": -0.9805720413214132, "max_depth": 6.0, "num_boost_round": 12.0}, "datetime": {"datetime": "2024-01-19 01:30:12", "elapsed": 4732.54061, "delta": 0.00392}}
{"target": -13.757078261762972, "params": {"gamma": 899.4165412920428, "log10_alpha": -4.517993550309068, "log10_colsample_bytree": -0.9281253282763136, "log10_eta": -1.264203309529118, "log10_lambda": -4.295974676673793, "log10_min_child_weight": 1.5402891361525228, "log10_subsample": -0.9805720413214132, "max_depth": 6.0, "num_boost_round": 13.0}, "datetime": {"datetime": "2024-01-19 01:30:12", "elapsed": 4732.544407, "delta": 0.003797}}
{"target": -13.75755614200954, "params": {"gamma": 899.4165412920428, "log10_alpha": -4.517993550309068, "log10_colsample_bytree": -0.9281253282763136, "log10_eta": -1.264203309529118, "log10_lambda": -4.295974676673793, "log10_min_child_weight": 1.5402891361525228, "log10_subsample": -0.9805720413214132, "max_depth": 6.0, "num_boost_round": 14.0}, "datetime": {"datetime": "2024-01-19 01:30:12", "elapsed": 4732.548189, "delta": 0.003782}}
{"target": -13.758775867064513, "params": {"gamma": 899.4165412920428, "log10_alpha": -4.517993550309068, "log10_colsample_bytree": -0.9281253282763136, "log10_eta": -1.264203309529118, "log10_lambda": -4.295974676673793, "log10_min_child_weight": 1.5402891361525228, "log10_subsample": -0.9805720413214132, "max_depth": 6.0, "num_boost_round": 15.0}, "datetime": {"datetime": "2024-01-19 01:30:12", "elapsed": 4732.552109, "delta": 0.00392}}
{"target": -13.759135189849978, "params": {"gamma": 899.4165412920428, "log10_alpha": -4.517993550309068, "log10_colsample_bytree": -0.9281253282763136, "log10_eta": -1.264203309529118, "log10_lambda": -4.295974676673793, "log10_min_child_weight": 1.5402891361525228, "log10_subsample": -0.9805720413214132, "max_depth": 6.0, "num_boost_round": 16.0}, "datetime": {"datetime": "2024-01-19 01:30:12", "elapsed": 4732.556019, "delta": 0.00391}}
{"target": -13.759327632605178, "params": {"gamma": 899.4165412920428, "log10_alpha": -4.517993550309068, "log10_colsample_bytree": -0.9281253282763136, "log10_eta": -1.264203309529118, "log10_lambda": -4.295974676673793, "log10_min_child_weight": 1.5402891361525228, "log10_subsample": -0.9805720413214132, "max_depth": 6.0, "num_boost_round": 17.0}, "datetime": {"datetime": "2024-01-19 01:30:12", "elapsed": 4732.559992, "delta": 0.003973}}
{"target": -13.759473395432792, "params": {"gamma": 899.4165412920428, "log10_alpha": -4.517993550309068, "log10_colsample_bytree": -0.9281253282763136, "log10_eta": -1.264203309529118, "log10_lambda": -4.295974676673793, "log10_min_child_weight": 1.5402891361525228, "log10_subsample": -0.9805720413214132, "max_depth": 6.0, "num_boost_round": 18.0}, "datetime": {"datetime": "2024-01-19 01:30:12", "elapsed": 4732.563848, "delta": 0.003856}}
{"target": -13.758091035044545, "params": {"gamma": 899.4165412920428, "log10_alpha": -4.517993550309068, "log10_colsample_bytree": -0.9281253282763136, "log10_eta": -1.264203309529118, "log10_lambda": -4.295974676673793, "log10_min_child_weight": 1.5402891361525228, "log10_subsample": -0.9805720413214132, "max_depth": 6.0, "num_boost_round": 19.0}, "datetime": {"datetime": "2024-01-19 01:30:12", "elapsed": 4732.567641, "delta": 0.003793}}
{"target": -13.759538203547791, "params": {"gamma": 899.4165412920428, "log10_alpha": -4.517993550309068, "log10_colsample_bytree": -0.9281253282763136, "log10_eta": -1.264203309529118, "log10_lambda": -4.295974676673793, "log10_min_child_weight": 1.5402891361525228, "log10_subsample": -0.9805720413214132, "max_depth": 6.0, "num_boost_round": 20.0}, "datetime": {"datetime": "2024-01-19 01:30:12", "elapsed": 4732.57144, "delta": 0.003799}}
{"target": -13.758535242430534, "params": {"gamma": 897.1828490816567, "log10_alpha": -0.983465929050519, "log10_colsample_bytree": -0.9820600911449203, "log10_eta": -3.041293255768653, "log10_lambda": -3.2916531478408304, "log10_min_child_weight": 4.353037971499742, "log10_subsample": -0.9539648375664835, "max_depth": 9.0, "num_boost_round": 0.0}, "datetime": {"datetime": "2024-01-19 01:31:03", "elapsed": 4783.126908, "delta": 50.555468}}
{"target": -13.75852597253588, "params": {"gamma": 897.1828490816567, "log10_alpha": -0.983465929050519, "log10_colsample_bytree": -0.9820600911449203, "log10_eta": -3.041293255768653, "log10_lambda": -3.2916531478408304, "log10_min_child_weight": 4.353037971499742, "log10_subsample": -0.9539648375664835, "max_depth": 9.0, "num_boost_round": 1.0}, "datetime": {"datetime": "2024-01-19 01:31:03", "elapsed": 4783.131522, "delta": 0.004614}}
{"target": -13.758526765732563, "params": {"gamma": 897.1828490816567, "log10_alpha": -0.983465929050519, "log10_colsample_bytree": -0.9820600911449203, "log10_eta": -3.041293255768653, "log10_lambda": -3.2916531478408304, "log10_min_child_weight": 4.353037971499742, "log10_subsample": -0.9539648375664835, "max_depth": 9.0, "num_boost_round": 2.0}, "datetime": {"datetime": "2024-01-19 01:31:03", "elapsed": 4783.135585, "delta": 0.004063}}
{"target": -13.758524333600862, "params": {"gamma": 897.1828490816567, "log10_alpha": -0.983465929050519, "log10_colsample_bytree": -0.9820600911449203, "log10_eta": -3.041293255768653, "log10_lambda": -3.2916531478408304, "log10_min_child_weight": 4.353037971499742, "log10_subsample": -0.9539648375664835, "max_depth": 9.0, "num_boost_round": 3.0}, "datetime": {"datetime": "2024-01-19 01:31:03", "elapsed": 4783.139527, "delta": 0.003942}}
{"target": -13.758527590100888, "params": {"gamma": 897.1828490816567, "log10_alpha": -0.983465929050519, "log10_colsample_bytree": -0.9820600911449203, "log10_eta": -3.041293255768653, "log10_lambda": -3.2916531478408304, "log10_min_child_weight": 4.353037971499742, "log10_subsample": -0.9539648375664835, "max_depth": 9.0, "num_boost_round": 4.0}, "datetime": {"datetime": "2024-01-19 01:31:03", "elapsed": 4783.143488, "delta": 0.003961}}
{"target": -13.758524386452747, "params": {"gamma": 897.1828490816567, "log10_alpha": -0.983465929050519, "log10_colsample_bytree": -0.9820600911449203, "log10_eta": -3.041293255768653, "log10_lambda": -3.2916531478408304, "log10_min_child_weight": 4.353037971499742, "log10_subsample": -0.9539648375664835, "max_depth": 9.0, "num_boost_round": 5.0}, "datetime": {"datetime": "2024-01-19 01:31:03", "elapsed": 4783.147317, "delta": 0.003829}}
{"target": -13.758525123469397, "params": {"gamma": 897.1828490816567, "log10_alpha": -0.983465929050519, "log10_colsample_bytree": -0.9820600911449203, "log10_eta": -3.041293255768653, "log10_lambda": -3.2916531478408304, "log10_min_child_weight": 4.353037971499742, "log10_subsample": -0.9539648375664835, "max_depth": 9.0, "num_boost_round": 6.0}, "datetime": {"datetime": "2024-01-19 01:31:03", "elapsed": 4783.151186, "delta": 0.003869}}
{"target": -13.758522575144184, "params": {"gamma": 897.1828490816567, "log10_alpha": -0.983465929050519, "log10_colsample_bytree": -0.9820600911449203, "log10_eta": -3.041293255768653, "log10_lambda": -3.2916531478408304, "log10_min_child_weight": 4.353037971499742, "log10_subsample": -0.9539648375664835, "max_depth": 9.0, "num_boost_round": 7.0}, "datetime": {"datetime": "2024-01-19 01:31:03", "elapsed": 4783.155176, "delta": 0.00399}}
{"target": -13.758518100155959, "params": {"gamma": 897.1828490816567, "log10_alpha": -0.983465929050519, "log10_colsample_bytree": -0.9820600911449203, "log10_eta": -3.041293255768653, "log10_lambda": -3.2916531478408304, "log10_min_child_weight": 4.353037971499742, "log10_subsample": -0.9539648375664835, "max_depth": 9.0, "num_boost_round": 8.0}, "datetime": {"datetime": "2024-01-19 01:31:03", "elapsed": 4783.159024, "delta": 0.003848}}
{"target": -13.758515574767998, "params": {"gamma": 897.1828490816567, "log10_alpha": -0.983465929050519, "log10_colsample_bytree": -0.9820600911449203, "log10_eta": -3.041293255768653, "log10_lambda": -3.2916531478408304, "log10_min_child_weight": 4.353037971499742, "log10_subsample": -0.9539648375664835, "max_depth": 9.0, "num_boost_round": 9.0}, "datetime": {"datetime": "2024-01-19 01:31:03", "elapsed": 4783.16295, "delta": 0.003926}}
{"target": -13.758518639667844, "params": {"gamma": 897.1828490816567, "log10_alpha": -0.983465929050519, "log10_colsample_bytree": -0.9820600911449203, "log10_eta": -3.041293255768653, "log10_lambda": -3.2916531478408304, "log10_min_child_weight": 4.353037971499742, "log10_subsample": -0.9539648375664835, "max_depth": 9.0, "num_boost_round": 10.0}, "datetime": {"datetime": "2024-01-19 01:31:03", "elapsed": 4783.166878, "delta": 0.003928}}
{"target": -13.758513043419308, "params": {"gamma": 897.1828490816567, "log10_alpha": -0.983465929050519, "log10_colsample_bytree": -0.9820600911449203, "log10_eta": -3.041293255768653, "log10_lambda": -3.2916531478408304, "log10_min_child_weight": 4.353037971499742, "log10_subsample": -0.9539648375664835, "max_depth": 9.0, "num_boost_round": 11.0}, "datetime": {"datetime": "2024-01-19 01:31:03", "elapsed": 4783.170689, "delta": 0.003811}}
{"target": -13.758512066044004, "params": {"gamma": 897.1828490816567, "log10_alpha": -0.983465929050519, "log10_colsample_bytree": -0.9820600911449203, "log10_eta": -3.041293255768653, "log10_lambda": -3.2916531478408304, "log10_min_child_weight": 4.353037971499742, "log10_subsample": -0.9539648375664835, "max_depth": 9.0, "num_boost_round": 12.0}, "datetime": {"datetime": "2024-01-19 01:31:03", "elapsed": 4783.174701, "delta": 0.004012}}
{"target": -13.758506202281414, "params": {"gamma": 897.1828490816567, "log10_alpha": -0.983465929050519, "log10_colsample_bytree": -0.9820600911449203, "log10_eta": -3.041293255768653, "log10_lambda": -3.2916531478408304, "log10_min_child_weight": 4.353037971499742, "log10_subsample": -0.9539648375664835, "max_depth": 9.0, "num_boost_round": 13.0}, "datetime": {"datetime": "2024-01-19 01:31:03", "elapsed": 4783.178925, "delta": 0.004224}}
{"target": -13.758504735462784, "params": {"gamma": 897.1828490816567, "log10_alpha": -0.983465929050519, "log10_colsample_bytree": -0.9820600911449203, "log10_eta": -3.041293255768653, "log10_lambda": -3.2916531478408304, "log10_min_child_weight": 4.353037971499742, "log10_subsample": -0.9539648375664835, "max_depth": 9.0, "num_boost_round": 14.0}, "datetime": {"datetime": "2024-01-19 01:31:03", "elapsed": 4783.182876, "delta": 0.003951}}
{"target": -13.758499101110614, "params": {"gamma": 897.1828490816567, "log10_alpha": -0.983465929050519, "log10_colsample_bytree": -0.9820600911449203, "log10_eta": -3.041293255768653, "log10_lambda": -3.2916531478408304, "log10_min_child_weight": 4.353037971499742, "log10_subsample": -0.9539648375664835, "max_depth": 9.0, "num_boost_round": 15.0}, "datetime": {"datetime": "2024-01-19 01:31:03", "elapsed": 4783.186705, "delta": 0.003829}}
{"target": -13.758497984320291, "params": {"gamma": 897.1828490816567, "log10_alpha": -0.983465929050519, "log10_colsample_bytree": -0.9820600911449203, "log10_eta": -3.041293255768653, "log10_lambda": -3.2916531478408304, "log10_min_child_weight": 4.353037971499742, "log10_subsample": -0.9539648375664835, "max_depth": 9.0, "num_boost_round": 16.0}, "datetime": {"datetime": "2024-01-19 01:31:03", "elapsed": 4783.190701, "delta": 0.003996}}
{"target": -13.758500495404325, "params": {"gamma": 897.1828490816567, "log10_alpha": -0.983465929050519, "log10_colsample_bytree": -0.9820600911449203, "log10_eta": -3.041293255768653, "log10_lambda": -3.2916531478408304, "log10_min_child_weight": 4.353037971499742, "log10_subsample": -0.9539648375664835, "max_depth": 9.0, "num_boost_round": 17.0}, "datetime": {"datetime": "2024-01-19 01:31:03", "elapsed": 4783.194646, "delta": 0.003945}}
{"target": -13.758546540255537, "params": {"gamma": 899.9821827467313, "log10_alpha": -0.08249766037056716, "log10_colsample_bytree": -0.05147696861622808, "log10_eta": -3.434160692030062, "log10_lambda": -0.22784585885616426, "log10_min_child_weight": 1.05040551442164, "log10_subsample": -0.4478602498616404, "max_depth": 8.0, "num_boost_round": 0.0}, "datetime": {"datetime": "2024-01-19 01:31:53", "elapsed": 4833.94579, "delta": 50.751144}}
{"target": -13.758558219122675, "params": {"gamma": 899.9821827467313, "log10_alpha": -0.08249766037056716, "log10_colsample_bytree": -0.05147696861622808, "log10_eta": -3.434160692030062, "log10_lambda": -0.22784585885616426, "log10_min_child_weight": 1.05040551442164, "log10_subsample": -0.4478602498616404, "max_depth": 8.0, "num_boost_round": 1.0}, "datetime": {"datetime": "2024-01-19 01:31:53", "elapsed": 4833.949927, "delta": 0.004137}}
{"target": -13.758568443685109, "params": {"gamma": 899.9821827467313, "log10_alpha": -0.08249766037056716, "log10_colsample_bytree": -0.05147696861622808, "log10_eta": -3.434160692030062, "log10_lambda": -0.22784585885616426, "log10_min_child_weight": 1.05040551442164, "log10_subsample": -0.4478602498616404, "max_depth": 8.0, "num_boost_round": 2.0}, "datetime": {"datetime": "2024-01-19 01:31:53", "elapsed": 4833.953969, "delta": 0.004042}}
{"target": -13.758544605410023, "params": {"gamma": 899.9821827467313, "log10_alpha": -0.08249766037056716, "log10_colsample_bytree": -0.05147696861622808, "log10_eta": -3.434160692030062, "log10_lambda": -0.22784585885616426, "log10_min_child_weight": 1.05040551442164, "log10_subsample": -0.4478602498616404, "max_depth": 8.0, "num_boost_round": 3.0}, "datetime": {"datetime": "2024-01-19 01:31:53", "elapsed": 4833.957836, "delta": 0.003867}}
{"target": -13.758526607554954, "params": {"gamma": 899.9821827467313, "log10_alpha": -0.08249766037056716, "log10_colsample_bytree": -0.05147696861622808, "log10_eta": -3.434160692030062, "log10_lambda": -0.22784585885616426, "log10_min_child_weight": 1.05040551442164, "log10_subsample": -0.4478602498616404, "max_depth": 8.0, "num_boost_round": 4.0}, "datetime": {"datetime": "2024-01-19 01:31:53", "elapsed": 4833.961781, "delta": 0.003945}}
