{"target": -13.758525938981567, "params": {"gamma": 984.8050030780078, "log10_alpha": -4.881954896533036, "log10_colsample_bytree": -0.1299313930152498, "log10_eta": -3.901399575220097, "log10_lambda": -2.866830783566562, "log10_min_child_weight": 4.710893024909359, "log10_subsample": -0.3273629671795625, "max_depth": 3.0, "num_boost_round": 35.0}, "datetime": {"datetime": "2024-01-19 01:23:29", "elapsed": 4310.943601, "delta": 0.005509}}
{"target": -13.758525370763758, "params": {"gamma": 984.8050030780078, "log10_alpha": -4.881954896533036, "log10_colsample_bytree": -0.1299313930152498, "log10_eta": -3.901399575220097, "log10_lambda": -2.866830783566562, "log10_min_child_weight": 4.710893024909359, "log10_subsample": -0.3273629671795625, "max_depth": 3.0, "num_boost_round": 36.0}, "datetime": {"datetime": "2024-01-19 01:23:29", "elapsed": 4310.948835, "delta": 0.005234}}
{"target": -13.758524890176236, "params": {"gamma": 984.8050030780078, "log10_alpha": -4.881954896533036, "log10_colsample_bytree": -0.1299313930152498, "log10_eta": -3.901399575220097, "log10_lambda": -2.866830783566562, "log10_min_child_weight": 4.710893024909359, "log10_subsample": -0.3273629671795625, "max_depth": 3.0, "num_boost_round": 37.0}, "datetime": {"datetime": "2024-01-19 01:23:29", "elapsed": 4310.954951, "delta": 0.006116}}
{"target": -13.758524402853505, "params": {"gamma": 984.8050030780078, "log10_alpha": -4.881954896533036, "log10_colsample_bytree": -0.1299313930152498, "log10_eta": -3.901399575220097, "log10_lambda": -2.866830783566562, "log10_min_child_weight": 4.710893024909359, "log10_subsample": -0.3273629671795625, "max_depth": 3.0, "num_boost_round": 38.0}, "datetime": {"datetime": "2024-01-19 01:23:29", "elapsed": 4310.960075, "delta": 0.005124}}
{"target": -13.758523952640074, "params": {"gamma": 984.8050030780078, "log10_alpha": -4.881954896533036, "log10_colsample_bytree": -0.1299313930152498, "log10_eta": -3.901399575220097, "log10_lambda": -2.866830783566562, "log10_min_child_weight": 4.710893024909359, "log10_subsample": -0.3273629671795625, "max_depth": 3.0, "num_boost_round": 39.0}, "datetime": {"datetime": "2024-01-19 01:23:29", "elapsed": 4310.964992, "delta": 0.004917}}
{"target": -13.758564709922565, "params": {"gamma": 939.5121007562979, "log10_alpha": -3.382398391300786, "log10_colsample_bytree": -0.8521297213826478, "log10_eta": -1.6230469011668198, "log10_lambda": -0.7672219249665373, "log10_min_child_weight": 3.473501767919465, "log10_subsample": -0.381518824911356, "max_depth": 2.0, "num_boost_round": 0.0}, "datetime": {"datetime": "2024-01-19 01:24:30", "elapsed": 4371.932142, "delta": 60.96715}}
{"target": -13.758467517938355, "params": {"gamma": 939.5121007562979, "log10_alpha": -3.382398391300786, "log10_colsample_bytree": -0.8521297213826478, "log10_eta": -1.6230469011668198, "log10_lambda": -0.7672219249665373, "log10_min_child_weight": 3.473501767919465, "log10_subsample": -0.381518824911356, "max_depth": 2.0, "num_boost_round": 1.0}, "datetime": {"datetime": "2024-01-19 01:24:30", "elapsed": 4371.937955, "delta": 0.005813}}
{"target": -13.758376846197574, "params": {"gamma": 939.5121007562979, "log10_alpha": -3.382398391300786, "log10_colsample_bytree": -0.8521297213826478, "log10_eta": -1.6230469011668198, "log10_lambda": -0.7672219249665373, "log10_min_child_weight": 3.473501767919465, "log10_subsample": -0.381518824911356, "max_depth": 2.0, "num_boost_round": 2.0}, "datetime": {"datetime": "2024-01-19 01:24:30", "elapsed": 4371.94305, "delta": 0.005095}}
{"target": -13.75826310118316, "params": {"gamma": 939.5121007562979, "log10_alpha": -3.382398391300786, "log10_colsample_bytree": -0.8521297213826478, "log10_eta": -1.6230469011668198, "log10_lambda": -0.7672219249665373, "log10_min_child_weight": 3.473501767919465, "log10_subsample": -0.381518824911356, "max_depth": 2.0, "num_boost_round": 3.0}, "datetime": {"datetime": "2024-01-19 01:24:30", "elapsed": 4371.948072, "delta": 0.005022}}
{"target": -13.758194449826037, "params": {"gamma": 939.5121007562979, "log10_alpha": -3.382398391300786, "log10_colsample_bytree": -0.8521297213826478, "log10_eta": -1.6230469011668198, "log10_lambda": -0.7672219249665373, "log10_min_child_weight": 3.473501767919465, "log10_subsample": -0.381518824911356, "max_depth": 2.0, "num_boost_round": 4.0}, "datetime": {"datetime": "2024-01-19 01:24:30", "elapsed": 4371.952901, "delta": 0.004829}}
{"target": -13.75814474975063, "params": {"gamma": 939.5121007562979, "log10_alpha": -3.382398391300786, "log10_colsample_bytree": -0.8521297213826478, "log10_eta": -1.6230469011668198, "log10_lambda": -0.7672219249665373, "log10_min_child_weight": 3.473501767919465, "log10_subsample": -0.381518824911356, "max_depth": 2.0, "num_boost_round": 5.0}, "datetime": {"datetime": "2024-01-19 01:24:30", "elapsed": 4371.957787, "delta": 0.004886}}
{"target": -13.758253820447182, "params": {"gamma": 939.5121007562979, "log10_alpha": -3.382398391300786, "log10_colsample_bytree": -0.8521297213826478, "log10_eta": -1.6230469011668198, "log10_lambda": -0.7672219249665373, "log10_min_child_weight": 3.473501767919465, "log10_subsample": -0.381518824911356, "max_depth": 2.0, "num_boost_round": 6.0}, "datetime": {"datetime": "2024-01-19 01:24:30", "elapsed": 4371.962933, "delta": 0.005146}}
{"target": -13.758130080764861, "params": {"gamma": 939.5121007562979, "log10_alpha": -3.382398391300786, "log10_colsample_bytree": -0.8521297213826478, "log10_eta": -1.6230469011668198, "log10_lambda": -0.7672219249665373, "log10_min_child_weight": 3.473501767919465, "log10_subsample": -0.381518824911356, "max_depth": 2.0, "num_boost_round": 7.0}, "datetime": {"datetime": "2024-01-19 01:24:30", "elapsed": 4371.967975, "delta": 0.005042}}
{"target": -13.758225915769962, "params": {"gamma": 939.5121007562979, "log10_alpha": -3.382398391300786, "log10_colsample_bytree": -0.8521297213826478, "log10_eta": -1.6230469011668198, "log10_lambda": -0.7672219249665373, "log10_min_child_weight": 3.473501767919465, "log10_subsample": -0.381518824911356, "max_depth": 2.0, "num_boost_round": 8.0}, "datetime": {"datetime": "2024-01-19 01:24:30", "elapsed": 4371.972816, "delta": 0.004841}}
{"target": -13.758020370762877, "params": {"gamma": 939.5121007562979, "log10_alpha": -3.382398391300786, "log10_colsample_bytree": -0.8521297213826478, "log10_eta": -1.6230469011668198, "log10_lambda": -0.7672219249665373, "log10_min_child_weight": 3.473501767919465, "log10_subsample": -0.381518824911356, "max_depth": 2.0, "num_boost_round": 9.0}, "datetime": {"datetime": "2024-01-19 01:24:30", "elapsed": 4371.977662, "delta": 0.004846}}
{"target": -13.757737200045456, "params": {"gamma": 939.5121007562979, "log10_alpha": -3.382398391300786, "log10_colsample_bytree": -0.8521297213826478, "log10_eta": -1.6230469011668198, "log10_lambda": -0.7672219249665373, "log10_min_child_weight": 3.473501767919465, "log10_subsample": -0.381518824911356, "max_depth": 2.0, "num_boost_round": 10.0}, "datetime": {"datetime": "2024-01-19 01:24:30", "elapsed": 4371.982689, "delta": 0.005027}}
{"target": -13.757825534818789, "params": {"gamma": 939.5121007562979, "log10_alpha": -3.382398391300786, "log10_colsample_bytree": -0.8521297213826478, "log10_eta": -1.6230469011668198, "log10_lambda": -0.7672219249665373, "log10_min_child_weight": 3.473501767919465, "log10_subsample": -0.381518824911356, "max_depth": 2.0, "num_boost_round": 11.0}, "datetime": {"datetime": "2024-01-19 01:24:30", "elapsed": 4371.987589, "delta": 0.0049}}
{"target": -13.757783445073711, "params": {"gamma": 939.5121007562979, "log10_alpha": -3.382398391300786, "log10_colsample_bytree": -0.8521297213826478, "log10_eta": -1.6230469011668198, "log10_lambda": -0.7672219249665373, "log10_min_child_weight": 3.473501767919465, "log10_subsample": -0.381518824911356, "max_depth": 2.0, "num_boost_round": 12.0}, "datetime": {"datetime": "2024-01-19 01:24:30", "elapsed": 4371.992465, "delta": 0.004876}}
{"target": -13.757679991832338, "params": {"gamma": 939.5121007562979, "log10_alpha": -3.382398391300786, "log10_colsample_bytree": -0.8521297213826478, "log10_eta": -1.6230469011668198, "log10_lambda": -0.7672219249665373, "log10_min_child_weight": 3.473501767919465, "log10_subsample": -0.381518824911356, "max_depth": 2.0, "num_boost_round": 13.0}, "datetime": {"datetime": "2024-01-19 01:24:30", "elapsed": 4371.997308, "delta": 0.004843}}
{"target": -13.757582135995028, "params": {"gamma": 939.5121007562979, "log10_alpha": -3.382398391300786, "log10_colsample_bytree": -0.8521297213826478, "log10_eta": -1.6230469011668198, "log10_lambda": -0.7672219249665373, "log10_min_child_weight": 3.473501767919465, "log10_subsample": -0.381518824911356, "max_depth": 2.0, "num_boost_round": 14.0}, "datetime": {"datetime": "2024-01-19 01:24:30", "elapsed": 4372.002354, "delta": 0.005046}}
{"target": -13.75741648319639, "params": {"gamma": 939.5121007562979, "log10_alpha": -3.382398391300786, "log10_colsample_bytree": -0.8521297213826478, "log10_eta": -1.6230469011668198, "log10_lambda": -0.7672219249665373, "log10_min_child_weight": 3.473501767919465, "log10_subsample": -0.381518824911356, "max_depth": 2.0, "num_boost_round": 15.0}, "datetime": {"datetime": "2024-01-19 01:24:30", "elapsed": 4372.007361, "delta": 0.005007}}
{"target": -13.757296702305267, "params": {"gamma": 939.5121007562979, "log10_alpha": -3.382398391300786, "log10_colsample_bytree": -0.8521297213826478, "log10_eta": -1.6230469011668198, "log10_lambda": -0.7672219249665373, "log10_min_child_weight": 3.473501767919465, "log10_subsample": -0.381518824911356, "max_depth": 2.0, "num_boost_round": 16.0}, "datetime": {"datetime": "2024-01-19 01:24:31", "elapsed": 4372.012447, "delta": 0.005086}}
{"target": -13.757162114141979, "params": {"gamma": 939.5121007562979, "log10_alpha": -3.382398391300786, "log10_colsample_bytree": -0.8521297213826478, "log10_eta": -1.6230469011668198, "log10_lambda": -0.7672219249665373, "log10_min_child_weight": 3.473501767919465, "log10_subsample": -0.381518824911356, "max_depth": 2.0, "num_boost_round": 17.0}, "datetime": {"datetime": "2024-01-19 01:24:31", "elapsed": 4372.017316, "delta": 0.004869}}
{"target": -13.757050862053497, "params": {"gamma": 939.5121007562979, "log10_alpha": -3.382398391300786, "log10_colsample_bytree": -0.8521297213826478, "log10_eta": -1.6230469011668198, "log10_lambda": -0.7672219249665373, "log10_min_child_weight": 3.473501767919465, "log10_subsample": -0.381518824911356, "max_depth": 2.0, "num_boost_round": 18.0}, "datetime": {"datetime": "2024-01-19 01:24:31", "elapsed": 4372.022314, "delta": 0.004998}}
{"target": -13.75700248775816, "params": {"gamma": 939.5121007562979, "log10_alpha": -3.382398391300786, "log10_colsample_bytree": -0.8521297213826478, "log10_eta": -1.6230469011668198, "log10_lambda": -0.7672219249665373, "log10_min_child_weight": 3.473501767919465, "log10_subsample": -0.381518824911356, "max_depth": 2.0, "num_boost_round": 19.0}, "datetime": {"datetime": "2024-01-19 01:24:31", "elapsed": 4372.127333, "delta": 0.105019}}
{"target": -13.756866177549233, "params": {"gamma": 939.5121007562979, "log10_alpha": -3.382398391300786, "log10_colsample_bytree": -0.8521297213826478, "log10_eta": -1.6230469011668198, "log10_lambda": -0.7672219249665373, "log10_min_child_weight": 3.473501767919465, "log10_subsample": -0.381518824911356, "max_depth": 2.0, "num_boost_round": 20.0}, "datetime": {"datetime": "2024-01-19 01:24:31", "elapsed": 4372.132816, "delta": 0.005483}}
{"target": -13.757089210485056, "params": {"gamma": 939.5121007562979, "log10_alpha": -3.382398391300786, "log10_colsample_bytree": -0.8521297213826478, "log10_eta": -1.6230469011668198, "log10_lambda": -0.7672219249665373, "log10_min_child_weight": 3.473501767919465, "log10_subsample": -0.381518824911356, "max_depth": 2.0, "num_boost_round": 21.0}, "datetime": {"datetime": "2024-01-19 01:24:31", "elapsed": 4372.138082, "delta": 0.005266}}
{"target": -13.757075146573905, "params": {"gamma": 939.5121007562979, "log10_alpha": -3.382398391300786, "log10_colsample_bytree": -0.8521297213826478, "log10_eta": -1.6230469011668198, "log10_lambda": -0.7672219249665373, "log10_min_child_weight": 3.473501767919465, "log10_subsample": -0.381518824911356, "max_depth": 2.0, "num_boost_round": 22.0}, "datetime": {"datetime": "2024-01-19 01:24:31", "elapsed": 4372.143039, "delta": 0.004957}}
{"target": -13.756996017086125, "params": {"gamma": 939.5121007562979, "log10_alpha": -3.382398391300786, "log10_colsample_bytree": -0.8521297213826478, "log10_eta": -1.6230469011668198, "log10_lambda": -0.7672219249665373, "log10_min_child_weight": 3.473501767919465, "log10_subsample": -0.381518824911356, "max_depth": 2.0, "num_boost_round": 23.0}, "datetime": {"datetime": "2024-01-19 01:24:31", "elapsed": 4372.148114, "delta": 0.005075}}
{"target": -13.757064073436032, "params": {"gamma": 939.5121007562979, "log10_alpha": -3.382398391300786, "log10_colsample_bytree": -0.8521297213826478, "log10_eta": -1.6230469011668198, "log10_lambda": -0.7672219249665373, "log10_min_child_weight": 3.473501767919465, "log10_subsample": -0.381518824911356, "max_depth": 2.0, "num_boost_round": 24.0}, "datetime": {"datetime": "2024-01-19 01:24:31", "elapsed": 4372.153336, "delta": 0.005222}}
{"target": -13.757001238862305, "params": {"gamma": 939.5121007562979, "log10_alpha": -3.382398391300786, "log10_colsample_bytree": -0.8521297213826478, "log10_eta": -1.6230469011668198, "log10_lambda": -0.7672219249665373, "log10_min_child_weight": 3.473501767919465, "log10_subsample": -0.381518824911356, "max_depth": 2.0, "num_boost_round": 25.0}, "datetime": {"datetime": "2024-01-19 01:24:31", "elapsed": 4372.158608, "delta": 0.005272}}
{"target": -13.757112595545246, "params": {"gamma": 939.5121007562979, "log10_alpha": -3.382398391300786, "log10_colsample_bytree": -0.8521297213826478, "log10_eta": -1.6230469011668198, "log10_lambda": -0.7672219249665373, "log10_min_child_weight": 3.473501767919465, "log10_subsample": -0.381518824911356, "max_depth": 2.0, "num_boost_round": 26.0}, "datetime": {"datetime": "2024-01-19 01:24:31", "elapsed": 4372.163563, "delta": 0.004955}}
{"target": -13.75681531678694, "params": {"gamma": 939.5121007562979, "log10_alpha": -3.382398391300786, "log10_colsample_bytree": -0.8521297213826478, "log10_eta": -1.6230469011668198, "log10_lambda": -0.7672219249665373, "log10_min_child_weight": 3.473501767919465, "log10_subsample": -0.381518824911356, "max_depth": 2.0, "num_boost_round": 27.0}, "datetime": {"datetime": "2024-01-19 01:24:31", "elapsed": 4372.168515, "delta": 0.004952}}
{"target": -13.756703309270934, "params": {"gamma": 939.5121007562979, "log10_alpha": -3.382398391300786, "log10_colsample_bytree": -0.8521297213826478, "log10_eta": -1.6230469011668198, "log10_lambda": -0.7672219249665373, "log10_min_child_weight": 3.473501767919465, "log10_subsample": -0.381518824911356, "max_depth": 2.0, "num_boost_round": 28.0}, "datetime": {"datetime": "2024-01-19 01:24:31", "elapsed": 4372.173495, "delta": 0.00498}}
{"target": -13.756650796504552, "params": {"gamma": 939.5121007562979, "log10_alpha": -3.382398391300786, "log10_colsample_bytree": -0.8521297213826478, "log10_eta": -1.6230469011668198, "log10_lambda": -0.7672219249665373, "log10_min_child_weight": 3.473501767919465, "log10_subsample": -0.381518824911356, "max_depth": 2.0, "num_boost_round": 29.0}, "datetime": {"datetime": "2024-01-19 01:24:31", "elapsed": 4372.178512, "delta": 0.005017}}
{"target": -13.756418916071533, "params": {"gamma": 939.5121007562979, "log10_alpha": -3.382398391300786, "log10_colsample_bytree": -0.8521297213826478, "log10_eta": -1.6230469011668198, "log10_lambda": -0.7672219249665373, "log10_min_child_weight": 3.473501767919465, "log10_subsample": -0.381518824911356, "max_depth": 2.0, "num_boost_round": 30.0}, "datetime": {"datetime": "2024-01-19 01:24:31", "elapsed": 4372.183637, "delta": 0.005125}}
{"target": -13.756380184392476, "params": {"gamma": 939.5121007562979, "log10_alpha": -3.382398391300786, "log10_colsample_bytree": -0.8521297213826478, "log10_eta": -1.6230469011668198, "log10_lambda": -0.7672219249665373, "log10_min_child_weight": 3.473501767919465, "log10_subsample": -0.381518824911356, "max_depth": 2.0, "num_boost_round": 31.0}, "datetime": {"datetime": "2024-01-19 01:24:31", "elapsed": 4372.188898, "delta": 0.005261}}
{"target": -13.758531465134174, "params": {"gamma": 940.4959360735077, "log10_alpha": -4.987351182104888, "log10_colsample_bytree": -0.6530791326361864, "log10_eta": -3.0861815644478914, "log10_lambda": 0.9509353002570702, "log10_min_child_weight": 1.133851391028609, "log10_subsample": -0.675864866111377, "max_depth": 4.0, "num_boost_round": 0.0}, "datetime": {"datetime": "2024-01-19 01:26:11", "elapsed": 4472.484176, "delta": 100.295278}}
{"target": -13.758485167587718, "params": {"gamma": 940.4959360735077, "log10_alpha": -4.987351182104888, "log10_colsample_bytree": -0.6530791326361864, "log10_eta": -3.0861815644478914, "log10_lambda": 0.9509353002570702, "log10_min_child_weight": 1.133851391028609, "log10_subsample": -0.675864866111377, "max_depth": 4.0, "num_boost_round": 1.0}, "datetime": {"datetime": "2024-01-19 01:26:11", "elapsed": 4472.489615, "delta": 0.005439}}
{"target": -13.758472247479201, "params": {"gamma": 940.4959360735077, "log10_alpha": -4.987351182104888, "log10_colsample_bytree": -0.6530791326361864, "log10_eta": -3.0861815644478914, "log10_lambda": 0.9509353002570702, "log10_min_child_weight": 1.133851391028609, "log10_subsample": -0.675864866111377, "max_depth": 4.0, "num_boost_round": 2.0}, "datetime": {"datetime": "2024-01-19 01:26:11", "elapsed": 4472.494672, "delta": 0.005057}}
{"target": -13.75846380585125, "params": {"gamma": 940.4959360735077, "log10_alpha": -4.987351182104888, "log10_colsample_bytree": -0.6530791326361864, "log10_eta": -3.0861815644478914, "log10_lambda": 0.9509353002570702, "log10_min_child_weight": 1.133851391028609, "log10_subsample": -0.675864866111377, "max_depth": 4.0, "num_boost_round": 3.0}, "datetime": {"datetime": "2024-01-19 01:26:11", "elapsed": 4472.499809, "delta": 0.005137}}
{"target": -13.75844710332206, "params": {"gamma": 940.4959360735077, "log10_alpha": -4.987351182104888, "log10_colsample_bytree": -0.6530791326361864, "log10_eta": -3.0861815644478914, "log10_lambda": 0.9509353002570702, "log10_min_child_weight": 1.133851391028609, "log10_subsample": -0.675864866111377, "max_depth": 4.0, "num_boost_round": 4.0}, "datetime": {"datetime": "2024-01-19 01:26:11", "elapsed": 4472.504991, "delta": 0.005182}}
{"target": -13.758433837690749, "params": {"gamma": 940.4959360735077, "log10_alpha": -4.987351182104888, "log10_colsample_bytree": -0.6530791326361864, "log10_eta": -3.0861815644478914, "log10_lambda": 0.9509353002570702, "log10_min_child_weight": 1.133851391028609, "log10_subsample": -0.675864866111377, "max_depth": 4.0, "num_boost_round": 5.0}, "datetime": {"datetime": "2024-01-19 01:26:11", "elapsed": 4472.510105, "delta": 0.005114}}
{"target": -13.758412800823725, "params": {"gamma": 940.4959360735077, "log10_alpha": -4.987351182104888, "log10_colsample_bytree": -0.6530791326361864, "log10_eta": -3.0861815644478914, "log10_lambda": 0.9509353002570702, "log10_min_child_weight": 1.133851391028609, "log10_subsample": -0.675864866111377, "max_depth": 4.0, "num_boost_round": 6.0}, "datetime": {"datetime": "2024-01-19 01:26:11", "elapsed": 4472.51523, "delta": 0.005125}}
{"target": -13.758394360407683, "params": {"gamma": 940.4959360735077, "log10_alpha": -4.987351182104888, "log10_colsample_bytree": -0.6530791326361864, "log10_eta": -3.0861815644478914, "log10_lambda": 0.9509353002570702, "log10_min_child_weight": 1.133851391028609, "log10_subsample": -0.675864866111377, "max_depth": 4.0, "num_boost_round": 7.0}, "datetime": {"datetime": "2024-01-19 01:26:11", "elapsed": 4472.520312, "delta": 0.005082}}
{"target": -13.75838567449761, "params": {"gamma": 940.4959360735077, "log10_alpha": -4.987351182104888, "log10_colsample_bytree": -0.6530791326361864, "log10_eta": -3.0861815644478914, "log10_lambda": 0.9509353002570702, "log10_min_child_weight": 1.133851391028609, "log10_subsample": -0.675864866111377, "max_depth": 4.0, "num_boost_round": 8.0}, "datetime": {"datetime": "2024-01-19 01:26:11", "elapsed": 4472.525339, "delta": 0.005027}}
{"target": -13.75836468601456, "params": {"gamma": 940.4959360735077, "log10_alpha": -4.987351182104888, "log10_colsample_bytree": -0.6530791326361864, "log10_eta": -3.0861815644478914, "log10_lambda": 0.9509353002570702, "log10_min_child_weight": 1.133851391028609, "log10_subsample": -0.675864866111377, "max_depth": 4.0, "num_boost_round": 9.0}, "datetime": {"datetime": "2024-01-19 01:26:11", "elapsed": 4472.530499, "delta": 0.00516}}
{"target": -13.758343902685885, "params": {"gamma": 940.4959360735077, "log10_alpha": -4.987351182104888, "log10_colsample_bytree": -0.6530791326361864, "log10_eta": -3.0861815644478914, "log10_lambda": 0.9509353002570702, "log10_min_child_weight": 1.133851391028609, "log10_subsample": -0.675864866111377, "max_depth": 4.0, "num_boost_round": 10.0}, "datetime": {"datetime": "2024-01-19 01:26:11", "elapsed": 4472.535686, "delta": 0.005187}}
{"target": -13.758330285437113, "params": {"gamma": 940.4959360735077, "log10_alpha": -4.987351182104888, "log10_colsample_bytree": -0.6530791326361864, "log10_eta": -3.0861815644478914, "log10_lambda": 0.9509353002570702, "log10_min_child_weight": 1.133851391028609, "log10_subsample": -0.675864866111377, "max_depth": 4.0, "num_boost_round": 11.0}, "datetime": {"datetime": "2024-01-19 01:26:11", "elapsed": 4472.54078, "delta": 0.005094}}
