{"target": -17.677145139477478, "params": {"gamma": 869.0931924396722, "log10_alpha": 0.8339535073383493, "log10_colsample_bytree": -0.05220449557862139, "log10_eta": -3.658843443405162, "log10_lambda": -2.414142453145662, "log10_min_child_weight": 2.3807805578838996, "log10_subsample": -0.10385784761874217, "max_depth": 4.0, "num_boost_round": 11.0}, "datetime": {"datetime": "2024-01-19 01:50:45", "elapsed": 5925.705072, "delta": 0.005553}}
{"target": -17.677137302987152, "params": {"gamma": 869.0931924396722, "log10_alpha": 0.8339535073383493, "log10_colsample_bytree": -0.05220449557862139, "log10_eta": -3.658843443405162, "log10_lambda": -2.414142453145662, "log10_min_child_weight": 2.3807805578838996, "log10_subsample": -0.10385784761874217, "max_depth": 4.0, "num_boost_round": 12.0}, "datetime": {"datetime": "2024-01-19 01:50:45", "elapsed": 5925.710592, "delta": 0.00552}}
{"target": -17.677130614894622, "params": {"gamma": 869.0931924396722, "log10_alpha": 0.8339535073383493, "log10_colsample_bytree": -0.05220449557862139, "log10_eta": -3.658843443405162, "log10_lambda": -2.414142453145662, "log10_min_child_weight": 2.3807805578838996, "log10_subsample": -0.10385784761874217, "max_depth": 4.0, "num_boost_round": 13.0}, "datetime": {"datetime": "2024-01-19 01:50:45", "elapsed": 5925.716298, "delta": 0.005706}}
{"target": -17.677117532970758, "params": {"gamma": 869.0931924396722, "log10_alpha": 0.8339535073383493, "log10_colsample_bytree": -0.05220449557862139, "log10_eta": -3.658843443405162, "log10_lambda": -2.414142453145662, "log10_min_child_weight": 2.3807805578838996, "log10_subsample": -0.10385784761874217, "max_depth": 4.0, "num_boost_round": 14.0}, "datetime": {"datetime": "2024-01-19 01:50:45", "elapsed": 5925.722232, "delta": 0.005934}}
{"target": -17.677115347530012, "params": {"gamma": 869.0931924396722, "log10_alpha": 0.8339535073383493, "log10_colsample_bytree": -0.05220449557862139, "log10_eta": -3.658843443405162, "log10_lambda": -2.414142453145662, "log10_min_child_weight": 2.3807805578838996, "log10_subsample": -0.10385784761874217, "max_depth": 4.0, "num_boost_round": 15.0}, "datetime": {"datetime": "2024-01-19 01:50:45", "elapsed": 5925.728669, "delta": 0.006437}}
{"target": -17.677094662727757, "params": {"gamma": 867.1274286153755, "log10_alpha": -3.0449271046363178, "log10_colsample_bytree": -0.1379112356166335, "log10_eta": -2.713120011782177, "log10_lambda": 1.0, "log10_min_child_weight": 2.637286420805142, "log10_subsample": -1.0, "max_depth": 8.0, "num_boost_round": 0.0}, "datetime": {"datetime": "2024-01-19 01:52:37", "elapsed": 6038.254343, "delta": 112.525674}}
{"target": -17.677036720236163, "params": {"gamma": 867.1274286153755, "log10_alpha": -3.0449271046363178, "log10_colsample_bytree": -0.1379112356166335, "log10_eta": -2.713120011782177, "log10_lambda": 1.0, "log10_min_child_weight": 2.637286420805142, "log10_subsample": -1.0, "max_depth": 8.0, "num_boost_round": 1.0}, "datetime": {"datetime": "2024-01-19 01:52:37", "elapsed": 6038.260908, "delta": 0.006565}}
{"target": -17.676991126233425, "params": {"gamma": 867.1274286153755, "log10_alpha": -3.0449271046363178, "log10_colsample_bytree": -0.1379112356166335, "log10_eta": -2.713120011782177, "log10_lambda": 1.0, "log10_min_child_weight": 2.637286420805142, "log10_subsample": -1.0, "max_depth": 8.0, "num_boost_round": 2.0}, "datetime": {"datetime": "2024-01-19 01:52:37", "elapsed": 6038.394075, "delta": 0.133167}}
{"target": -17.676905306387305, "params": {"gamma": 867.1274286153755, "log10_alpha": -3.0449271046363178, "log10_colsample_bytree": -0.1379112356166335, "log10_eta": -2.713120011782177, "log10_lambda": 1.0, "log10_min_child_weight": 2.637286420805142, "log10_subsample": -1.0, "max_depth": 8.0, "num_boost_round": 3.0}, "datetime": {"datetime": "2024-01-19 01:52:37", "elapsed": 6038.400557, "delta": 0.006482}}
{"target": -17.67689195867128, "params": {"gamma": 867.1274286153755, "log10_alpha": -3.0449271046363178, "log10_colsample_bytree": -0.1379112356166335, "log10_eta": -2.713120011782177, "log10_lambda": 1.0, "log10_min_child_weight": 2.637286420805142, "log10_subsample": -1.0, "max_depth": 8.0, "num_boost_round": 4.0}, "datetime": {"datetime": "2024-01-19 01:52:37", "elapsed": 6038.406352, "delta": 0.005795}}
{"target": -17.676854480377774, "params": {"gamma": 867.1274286153755, "log10_alpha": -3.0449271046363178, "log10_colsample_bytree": -0.1379112356166335, "log10_eta": -2.713120011782177, "log10_lambda": 1.0, "log10_min_child_weight": 2.637286420805142, "log10_subsample": -1.0, "max_depth": 8.0, "num_boost_round": 5.0}, "datetime": {"datetime": "2024-01-19 01:52:37", "elapsed": 6038.412053, "delta": 0.005701}}
{"target": -17.676790613542757, "params": {"gamma": 867.1274286153755, "log10_alpha": -3.0449271046363178, "log10_colsample_bytree": -0.1379112356166335, "log10_eta": -2.713120011782177, "log10_lambda": 1.0, "log10_min_child_weight": 2.637286420805142, "log10_subsample": -1.0, "max_depth": 8.0, "num_boost_round": 6.0}, "datetime": {"datetime": "2024-01-19 01:52:37", "elapsed": 6038.417869, "delta": 0.005816}}
{"target": -17.676698517280226, "params": {"gamma": 867.1274286153755, "log10_alpha": -3.0449271046363178, "log10_colsample_bytree": -0.1379112356166335, "log10_eta": -2.713120011782177, "log10_lambda": 1.0, "log10_min_child_weight": 2.637286420805142, "log10_subsample": -1.0, "max_depth": 8.0, "num_boost_round": 7.0}, "datetime": {"datetime": "2024-01-19 01:52:37", "elapsed": 6038.423633, "delta": 0.005764}}
{"target": -17.67665794696241, "params": {"gamma": 867.1274286153755, "log10_alpha": -3.0449271046363178, "log10_colsample_bytree": -0.1379112356166335, "log10_eta": -2.713120011782177, "log10_lambda": 1.0, "log10_min_child_weight": 2.637286420805142, "log10_subsample": -1.0, "max_depth": 8.0, "num_boost_round": 8.0}, "datetime": {"datetime": "2024-01-19 01:52:37", "elapsed": 6038.429433, "delta": 0.0058}}
{"target": -17.676535260768294, "params": {"gamma": 867.1274286153755, "log10_alpha": -3.0449271046363178, "log10_colsample_bytree": -0.1379112356166335, "log10_eta": -2.713120011782177, "log10_lambda": 1.0, "log10_min_child_weight": 2.637286420805142, "log10_subsample": -1.0, "max_depth": 8.0, "num_boost_round": 9.0}, "datetime": {"datetime": "2024-01-19 01:52:37", "elapsed": 6038.43504, "delta": 0.005607}}
{"target": -17.676446008539422, "params": {"gamma": 867.1274286153755, "log10_alpha": -3.0449271046363178, "log10_colsample_bytree": -0.1379112356166335, "log10_eta": -2.713120011782177, "log10_lambda": 1.0, "log10_min_child_weight": 2.637286420805142, "log10_subsample": -1.0, "max_depth": 8.0, "num_boost_round": 10.0}, "datetime": {"datetime": "2024-01-19 01:52:37", "elapsed": 6038.44073, "delta": 0.00569}}
{"target": -17.67642429469199, "params": {"gamma": 867.1274286153755, "log10_alpha": -3.0449271046363178, "log10_colsample_bytree": -0.1379112356166335, "log10_eta": -2.713120011782177, "log10_lambda": 1.0, "log10_min_child_weight": 2.637286420805142, "log10_subsample": -1.0, "max_depth": 8.0, "num_boost_round": 11.0}, "datetime": {"datetime": "2024-01-19 01:52:37", "elapsed": 6038.446493, "delta": 0.005763}}
{"target": -17.676376721282022, "params": {"gamma": 867.1274286153755, "log10_alpha": -3.0449271046363178, "log10_colsample_bytree": -0.1379112356166335, "log10_eta": -2.713120011782177, "log10_lambda": 1.0, "log10_min_child_weight": 2.637286420805142, "log10_subsample": -1.0, "max_depth": 8.0, "num_boost_round": 12.0}, "datetime": {"datetime": "2024-01-19 01:52:37", "elapsed": 6038.452366, "delta": 0.005873}}
{"target": -17.676363575206675, "params": {"gamma": 867.1274286153755, "log10_alpha": -3.0449271046363178, "log10_colsample_bytree": -0.1379112356166335, "log10_eta": -2.713120011782177, "log10_lambda": 1.0, "log10_min_child_weight": 2.637286420805142, "log10_subsample": -1.0, "max_depth": 8.0, "num_boost_round": 13.0}, "datetime": {"datetime": "2024-01-19 01:52:37", "elapsed": 6038.458035, "delta": 0.005669}}
{"target": -17.67636589198716, "params": {"gamma": 867.1274286153755, "log10_alpha": -3.0449271046363178, "log10_colsample_bytree": -0.1379112356166335, "log10_eta": -2.713120011782177, "log10_lambda": 1.0, "log10_min_child_weight": 2.637286420805142, "log10_subsample": -1.0, "max_depth": 8.0, "num_boost_round": 14.0}, "datetime": {"datetime": "2024-01-19 01:52:37", "elapsed": 6038.463609, "delta": 0.005574}}
{"target": -17.676324735034136, "params": {"gamma": 867.1274286153755, "log10_alpha": -3.0449271046363178, "log10_colsample_bytree": -0.1379112356166335, "log10_eta": -2.713120011782177, "log10_lambda": 1.0, "log10_min_child_weight": 2.637286420805142, "log10_subsample": -1.0, "max_depth": 8.0, "num_boost_round": 15.0}, "datetime": {"datetime": "2024-01-19 01:52:37", "elapsed": 6038.469287, "delta": 0.005678}}
{"target": -17.676191037963402, "params": {"gamma": 867.1274286153755, "log10_alpha": -3.0449271046363178, "log10_colsample_bytree": -0.1379112356166335, "log10_eta": -2.713120011782177, "log10_lambda": 1.0, "log10_min_child_weight": 2.637286420805142, "log10_subsample": -1.0, "max_depth": 8.0, "num_boost_round": 16.0}, "datetime": {"datetime": "2024-01-19 01:52:37", "elapsed": 6038.474977, "delta": 0.00569}}
{"target": -17.676163528495824, "params": {"gamma": 867.1274286153755, "log10_alpha": -3.0449271046363178, "log10_colsample_bytree": -0.1379112356166335, "log10_eta": -2.713120011782177, "log10_lambda": 1.0, "log10_min_child_weight": 2.637286420805142, "log10_subsample": -1.0, "max_depth": 8.0, "num_boost_round": 17.0}, "datetime": {"datetime": "2024-01-19 01:52:37", "elapsed": 6038.481438, "delta": 0.006461}}
{"target": -17.67628536347021, "params": {"gamma": 867.1274286153755, "log10_alpha": -3.0449271046363178, "log10_colsample_bytree": -0.1379112356166335, "log10_eta": -2.713120011782177, "log10_lambda": 1.0, "log10_min_child_weight": 2.637286420805142, "log10_subsample": -1.0, "max_depth": 8.0, "num_boost_round": 18.0}, "datetime": {"datetime": "2024-01-19 01:52:37", "elapsed": 6038.487406, "delta": 0.005968}}
{"target": -17.676210396242638, "params": {"gamma": 867.1274286153755, "log10_alpha": -3.0449271046363178, "log10_colsample_bytree": -0.1379112356166335, "log10_eta": -2.713120011782177, "log10_lambda": 1.0, "log10_min_child_weight": 2.637286420805142, "log10_subsample": -1.0, "max_depth": 8.0, "num_boost_round": 19.0}, "datetime": {"datetime": "2024-01-19 01:52:37", "elapsed": 6038.493047, "delta": 0.005641}}
{"target": -17.676195604725567, "params": {"gamma": 867.1274286153755, "log10_alpha": -3.0449271046363178, "log10_colsample_bytree": -0.1379112356166335, "log10_eta": -2.713120011782177, "log10_lambda": 1.0, "log10_min_child_weight": 2.637286420805142, "log10_subsample": -1.0, "max_depth": 8.0, "num_boost_round": 20.0}, "datetime": {"datetime": "2024-01-19 01:52:37", "elapsed": 6038.498647, "delta": 0.0056}}
{"target": -17.676143824342624, "params": {"gamma": 867.1274286153755, "log10_alpha": -3.0449271046363178, "log10_colsample_bytree": -0.1379112356166335, "log10_eta": -2.713120011782177, "log10_lambda": 1.0, "log10_min_child_weight": 2.637286420805142, "log10_subsample": -1.0, "max_depth": 8.0, "num_boost_round": 21.0}, "datetime": {"datetime": "2024-01-19 01:52:37", "elapsed": 6038.504178, "delta": 0.005531}}
{"target": -17.67605230361085, "params": {"gamma": 867.1274286153755, "log10_alpha": -3.0449271046363178, "log10_colsample_bytree": -0.1379112356166335, "log10_eta": -2.713120011782177, "log10_lambda": 1.0, "log10_min_child_weight": 2.637286420805142, "log10_subsample": -1.0, "max_depth": 8.0, "num_boost_round": 22.0}, "datetime": {"datetime": "2024-01-19 01:52:37", "elapsed": 6038.509814, "delta": 0.005636}}
{"target": -17.675959723395056, "params": {"gamma": 867.1274286153755, "log10_alpha": -3.0449271046363178, "log10_colsample_bytree": -0.1379112356166335, "log10_eta": -2.713120011782177, "log10_lambda": 1.0, "log10_min_child_weight": 2.637286420805142, "log10_subsample": -1.0, "max_depth": 8.0, "num_boost_round": 23.0}, "datetime": {"datetime": "2024-01-19 01:52:37", "elapsed": 6038.51577, "delta": 0.005956}}
{"target": -17.675974978594176, "params": {"gamma": 867.1274286153755, "log10_alpha": -3.0449271046363178, "log10_colsample_bytree": -0.1379112356166335, "log10_eta": -2.713120011782177, "log10_lambda": 1.0, "log10_min_child_weight": 2.637286420805142, "log10_subsample": -1.0, "max_depth": 8.0, "num_boost_round": 24.0}, "datetime": {"datetime": "2024-01-19 01:52:37", "elapsed": 6038.521397, "delta": 0.005627}}
{"target": -17.675909283292338, "params": {"gamma": 867.1274286153755, "log10_alpha": -3.0449271046363178, "log10_colsample_bytree": -0.1379112356166335, "log10_eta": -2.713120011782177, "log10_lambda": 1.0, "log10_min_child_weight": 2.637286420805142, "log10_subsample": -1.0, "max_depth": 8.0, "num_boost_round": 25.0}, "datetime": {"datetime": "2024-01-19 01:52:37", "elapsed": 6038.527044, "delta": 0.005647}}
{"target": -17.675842812811673, "params": {"gamma": 867.1274286153755, "log10_alpha": -3.0449271046363178, "log10_colsample_bytree": -0.1379112356166335, "log10_eta": -2.713120011782177, "log10_lambda": 1.0, "log10_min_child_weight": 2.637286420805142, "log10_subsample": -1.0, "max_depth": 8.0, "num_boost_round": 26.0}, "datetime": {"datetime": "2024-01-19 01:52:37", "elapsed": 6038.532711, "delta": 0.005667}}
{"target": -17.67582513825351, "params": {"gamma": 867.1274286153755, "log10_alpha": -3.0449271046363178, "log10_colsample_bytree": -0.1379112356166335, "log10_eta": -2.713120011782177, "log10_lambda": 1.0, "log10_min_child_weight": 2.637286420805142, "log10_subsample": -1.0, "max_depth": 8.0, "num_boost_round": 27.0}, "datetime": {"datetime": "2024-01-19 01:52:37", "elapsed": 6038.538392, "delta": 0.005681}}
{"target": -17.675871279765744, "params": {"gamma": 867.1274286153755, "log10_alpha": -3.0449271046363178, "log10_colsample_bytree": -0.1379112356166335, "log10_eta": -2.713120011782177, "log10_lambda": 1.0, "log10_min_child_weight": 2.637286420805142, "log10_subsample": -1.0, "max_depth": 8.0, "num_boost_round": 28.0}, "datetime": {"datetime": "2024-01-19 01:52:37", "elapsed": 6038.544111, "delta": 0.005719}}
{"target": -17.675848456688417, "params": {"gamma": 867.1274286153755, "log10_alpha": -3.0449271046363178, "log10_colsample_bytree": -0.1379112356166335, "log10_eta": -2.713120011782177, "log10_lambda": 1.0, "log10_min_child_weight": 2.637286420805142, "log10_subsample": -1.0, "max_depth": 8.0, "num_boost_round": 29.0}, "datetime": {"datetime": "2024-01-19 01:52:37", "elapsed": 6038.549804, "delta": 0.005693}}
{"target": -17.675820138241114, "params": {"gamma": 867.1274286153755, "log10_alpha": -3.0449271046363178, "log10_colsample_bytree": -0.1379112356166335, "log10_eta": -2.713120011782177, "log10_lambda": 1.0, "log10_min_child_weight": 2.637286420805142, "log10_subsample": -1.0, "max_depth": 8.0, "num_boost_round": 30.0}, "datetime": {"datetime": "2024-01-19 01:52:37", "elapsed": 6038.555589, "delta": 0.005785}}
{"target": -17.67720723636053, "params": {"gamma": 872.3889486225248, "log10_alpha": -4.009695507099299, "log10_colsample_bytree": -0.718819171845686, "log10_eta": -3.332572076963105, "log10_lambda": 0.502332988539739, "log10_min_child_weight": 0.889776646575029, "log10_subsample": -0.025081957723322, "max_depth": 8.0, "num_boost_round": 0.0}, "datetime": {"datetime": "2024-01-19 01:53:49", "elapsed": 6110.174992, "delta": 71.619403}}
{"target": -17.677185716147292, "params": {"gamma": 872.3889486225248, "log10_alpha": -4.009695507099299, "log10_colsample_bytree": -0.718819171845686, "log10_eta": -3.332572076963105, "log10_lambda": 0.502332988539739, "log10_min_child_weight": 0.889776646575029, "log10_subsample": -0.025081957723322, "max_depth": 8.0, "num_boost_round": 1.0}, "datetime": {"datetime": "2024-01-19 01:53:49", "elapsed": 6110.181733, "delta": 0.006741}}
{"target": -17.67713627557231, "params": {"gamma": 872.3889486225248, "log10_alpha": -4.009695507099299, "log10_colsample_bytree": -0.718819171845686, "log10_eta": -3.332572076963105, "log10_lambda": 0.502332988539739, "log10_min_child_weight": 0.889776646575029, "log10_subsample": -0.025081957723322, "max_depth": 8.0, "num_boost_round": 2.0}, "datetime": {"datetime": "2024-01-19 01:53:49", "elapsed": 6110.187533, "delta": 0.0058}}
{"target": -17.677123325184265, "params": {"gamma": 872.3889486225248, "log10_alpha": -4.009695507099299, "log10_colsample_bytree": -0.718819171845686, "log10_eta": -3.332572076963105, "log10_lambda": 0.502332988539739, "log10_min_child_weight": 0.889776646575029, "log10_subsample": -0.025081957723322, "max_depth": 8.0, "num_boost_round": 3.0}, "datetime": {"datetime": "2024-01-19 01:53:49", "elapsed": 6110.193257, "delta": 0.005724}}
{"target": -17.677067384837443, "params": {"gamma": 872.3889486225248, "log10_alpha": -4.009695507099299, "log10_colsample_bytree": -0.718819171845686, "log10_eta": -3.332572076963105, "log10_lambda": 0.502332988539739, "log10_min_child_weight": 0.889776646575029, "log10_subsample": -0.025081957723322, "max_depth": 8.0, "num_boost_round": 4.0}, "datetime": {"datetime": "2024-01-19 01:53:49", "elapsed": 6110.199458, "delta": 0.006201}}
{"target": -17.677027745559293, "params": {"gamma": 872.3889486225248, "log10_alpha": -4.009695507099299, "log10_colsample_bytree": -0.718819171845686, "log10_eta": -3.332572076963105, "log10_lambda": 0.502332988539739, "log10_min_child_weight": 0.889776646575029, "log10_subsample": -0.025081957723322, "max_depth": 8.0, "num_boost_round": 5.0}, "datetime": {"datetime": "2024-01-19 01:53:49", "elapsed": 6110.205079, "delta": 0.005621}}
{"target": -17.67702606537055, "params": {"gamma": 872.3889486225248, "log10_alpha": -4.009695507099299, "log10_colsample_bytree": -0.718819171845686, "log10_eta": -3.332572076963105, "log10_lambda": 0.502332988539739, "log10_min_child_weight": 0.889776646575029, "log10_subsample": -0.025081957723322, "max_depth": 8.0, "num_boost_round": 6.0}, "datetime": {"datetime": "2024-01-19 01:53:49", "elapsed": 6110.210668, "delta": 0.005589}}
{"target": -17.67700386511011, "params": {"gamma": 872.3889486225248, "log10_alpha": -4.009695507099299, "log10_colsample_bytree": -0.718819171845686, "log10_eta": -3.332572076963105, "log10_lambda": 0.502332988539739, "log10_min_child_weight": 0.889776646575029, "log10_subsample": -0.025081957723322, "max_depth": 8.0, "num_boost_round": 7.0}, "datetime": {"datetime": "2024-01-19 01:53:49", "elapsed": 6110.216375, "delta": 0.005707}}
{"target": -17.676987595881624, "params": {"gamma": 872.3889486225248, "log10_alpha": -4.009695507099299, "log10_colsample_bytree": -0.718819171845686, "log10_eta": -3.332572076963105, "log10_lambda": 0.502332988539739, "log10_min_child_weight": 0.889776646575029, "log10_subsample": -0.025081957723322, "max_depth": 8.0, "num_boost_round": 8.0}, "datetime": {"datetime": "2024-01-19 01:53:49", "elapsed": 6110.222291, "delta": 0.005916}}
{"target": -17.676982311696996, "params": {"gamma": 872.3889486225248, "log10_alpha": -4.009695507099299, "log10_colsample_bytree": -0.718819171845686, "log10_eta": -3.332572076963105, "log10_lambda": 0.502332988539739, "log10_min_child_weight": 0.889776646575029, "log10_subsample": -0.025081957723322, "max_depth": 8.0, "num_boost_round": 9.0}, "datetime": {"datetime": "2024-01-19 01:53:49", "elapsed": 6110.229893, "delta": 0.007602}}
{"target": -17.67694129454292, "params": {"gamma": 872.3889486225248, "log10_alpha": -4.009695507099299, "log10_colsample_bytree": -0.718819171845686, "log10_eta": -3.332572076963105, "log10_lambda": 0.502332988539739, "log10_min_child_weight": 0.889776646575029, "log10_subsample": -0.025081957723322, "max_depth": 8.0, "num_boost_round": 10.0}, "datetime": {"datetime": "2024-01-19 01:53:49", "elapsed": 6110.236108, "delta": 0.006215}}
{"target": -17.676962763188065, "params": {"gamma": 872.3889486225248, "log10_alpha": -4.009695507099299, "log10_colsample_bytree": -0.718819171845686, "log10_eta": -3.332572076963105, "log10_lambda": 0.502332988539739, "log10_min_child_weight": 0.889776646575029, "log10_subsample": -0.025081957723322, "max_depth": 8.0, "num_boost_round": 11.0}, "datetime": {"datetime": "2024-01-19 01:53:49", "elapsed": 6110.241695, "delta": 0.005587}}
{"target": -17.676926037230952, "params": {"gamma": 872.3889486225248, "log10_alpha": -4.009695507099299, "log10_colsample_bytree": -0.718819171845686, "log10_eta": -3.332572076963105, "log10_lambda": 0.502332988539739, "log10_min_child_weight": 0.889776646575029, "log10_subsample": -0.025081957723322, "max_depth": 8.0, "num_boost_round": 12.0}, "datetime": {"datetime": "2024-01-19 01:53:49", "elapsed": 6110.247601, "delta": 0.005906}}
{"target": -17.676885946733165, "params": {"gamma": 872.3889486225248, "log10_alpha": -4.009695507099299, "log10_colsample_bytree": -0.718819171845686, "log10_eta": -3.332572076963105, "log10_lambda": 0.502332988539739, "log10_min_child_weight": 0.889776646575029, "log10_subsample": -0.025081957723322, "max_depth": 8.0, "num_boost_round": 13.0}, "datetime": {"datetime": "2024-01-19 01:53:49", "elapsed": 6110.253261, "delta": 0.00566}}
{"target": -17.676907434027004, "params": {"gamma": 872.3889486225248, "log10_alpha": -4.009695507099299, "log10_colsample_bytree": -0.718819171845686, "log10_eta": -3.332572076963105, "log10_lambda": 0.502332988539739, "log10_min_child_weight": 0.889776646575029, "log10_subsample": -0.025081957723322, "max_depth": 8.0, "num_boost_round": 14.0}, "datetime": {"datetime": "2024-01-19 01:53:49", "elapsed": 6110.258935, "delta": 0.005674}}
