{"target": -13.7584898913662, "params": {"gamma": 434.56900336433057, "log10_alpha": -4.026535702663754, "log10_colsample_bytree": -0.8417000536136756, "log10_eta": -3.0427262265142243, "log10_lambda": -0.8238140580001794, "log10_min_child_weight": 1.6913162018345833, "log10_subsample": -0.5708781311226848, "max_depth": 3.0, "num_boost_round": 6.0}, "datetime": {"datetime": "2024-01-19 00:20:29", "elapsed": 533.739826, "delta": 0.001192}}
{"target": -13.758471847839994, "params": {"gamma": 434.56900336433057, "log10_alpha": -4.026535702663754, "log10_colsample_bytree": -0.8417000536136756, "log10_eta": -3.0427262265142243, "log10_lambda": -0.8238140580001794, "log10_min_child_weight": 1.6913162018345833, "log10_subsample": -0.5708781311226848, "max_depth": 3.0, "num_boost_round": 7.0}, "datetime": {"datetime": "2024-01-19 00:20:29", "elapsed": 533.74102, "delta": 0.001194}}
{"target": -13.758473015188704, "params": {"gamma": 434.56900336433057, "log10_alpha": -4.026535702663754, "log10_colsample_bytree": -0.8417000536136756, "log10_eta": -3.0427262265142243, "log10_lambda": -0.8238140580001794, "log10_min_child_weight": 1.6913162018345833, "log10_subsample": -0.5708781311226848, "max_depth": 3.0, "num_boost_round": 8.0}, "datetime": {"datetime": "2024-01-19 00:20:29", "elapsed": 533.742219, "delta": 0.001199}}
{"target": -13.75847856617585, "params": {"gamma": 434.56900336433057, "log10_alpha": -4.026535702663754, "log10_colsample_bytree": -0.8417000536136756, "log10_eta": -3.0427262265142243, "log10_lambda": -0.8238140580001794, "log10_min_child_weight": 1.6913162018345833, "log10_subsample": -0.5708781311226848, "max_depth": 3.0, "num_boost_round": 9.0}, "datetime": {"datetime": "2024-01-19 00:20:29", "elapsed": 533.74366, "delta": 0.001441}}
{"target": -13.758475166761993, "params": {"gamma": 434.56900336433057, "log10_alpha": -4.026535702663754, "log10_colsample_bytree": -0.8417000536136756, "log10_eta": -3.0427262265142243, "log10_lambda": -0.8238140580001794, "log10_min_child_weight": 1.6913162018345833, "log10_subsample": -0.5708781311226848, "max_depth": 3.0, "num_boost_round": 10.0}, "datetime": {"datetime": "2024-01-19 00:20:29", "elapsed": 533.745653, "delta": 0.001993}}
{"target": -13.758458973625693, "params": {"gamma": 434.56900336433057, "log10_alpha": -4.026535702663754, "log10_colsample_bytree": -0.8417000536136756, "log10_eta": -3.0427262265142243, "log10_lambda": -0.8238140580001794, "log10_min_child_weight": 1.6913162018345833, "log10_subsample": -0.5708781311226848, "max_depth": 3.0, "num_boost_round": 11.0}, "datetime": {"datetime": "2024-01-19 00:20:29", "elapsed": 533.746859, "delta": 0.001206}}
{"target": -13.758449393783435, "params": {"gamma": 434.56900336433057, "log10_alpha": -4.026535702663754, "log10_colsample_bytree": -0.8417000536136756, "log10_eta": -3.0427262265142243, "log10_lambda": -0.8238140580001794, "log10_min_child_weight": 1.6913162018345833, "log10_subsample": -0.5708781311226848, "max_depth": 3.0, "num_boost_round": 12.0}, "datetime": {"datetime": "2024-01-19 00:20:29", "elapsed": 533.748062, "delta": 0.001203}}
{"target": -13.758432630610889, "params": {"gamma": 434.56900336433057, "log10_alpha": -4.026535702663754, "log10_colsample_bytree": -0.8417000536136756, "log10_eta": -3.0427262265142243, "log10_lambda": -0.8238140580001794, "log10_min_child_weight": 1.6913162018345833, "log10_subsample": -0.5708781311226848, "max_depth": 3.0, "num_boost_round": 13.0}, "datetime": {"datetime": "2024-01-19 00:20:29", "elapsed": 533.74926, "delta": 0.001198}}
{"target": -13.758433549491716, "params": {"gamma": 434.56900336433057, "log10_alpha": -4.026535702663754, "log10_colsample_bytree": -0.8417000536136756, "log10_eta": -3.0427262265142243, "log10_lambda": -0.8238140580001794, "log10_min_child_weight": 1.6913162018345833, "log10_subsample": -0.5708781311226848, "max_depth": 3.0, "num_boost_round": 14.0}, "datetime": {"datetime": "2024-01-19 00:20:29", "elapsed": 533.750539, "delta": 0.001279}}
{"target": -13.758416038443418, "params": {"gamma": 434.56900336433057, "log10_alpha": -4.026535702663754, "log10_colsample_bytree": -0.8417000536136756, "log10_eta": -3.0427262265142243, "log10_lambda": -0.8238140580001794, "log10_min_child_weight": 1.6913162018345833, "log10_subsample": -0.5708781311226848, "max_depth": 3.0, "num_boost_round": 15.0}, "datetime": {"datetime": "2024-01-19 00:20:29", "elapsed": 533.751756, "delta": 0.001217}}
{"target": -13.758409333954305, "params": {"gamma": 434.56900336433057, "log10_alpha": -4.026535702663754, "log10_colsample_bytree": -0.8417000536136756, "log10_eta": -3.0427262265142243, "log10_lambda": -0.8238140580001794, "log10_min_child_weight": 1.6913162018345833, "log10_subsample": -0.5708781311226848, "max_depth": 3.0, "num_boost_round": 16.0}, "datetime": {"datetime": "2024-01-19 00:20:29", "elapsed": 533.752958, "delta": 0.001202}}
{"target": -13.758404594053781, "params": {"gamma": 434.56900336433057, "log10_alpha": -4.026535702663754, "log10_colsample_bytree": -0.8417000536136756, "log10_eta": -3.0427262265142243, "log10_lambda": -0.8238140580001794, "log10_min_child_weight": 1.6913162018345833, "log10_subsample": -0.5708781311226848, "max_depth": 3.0, "num_boost_round": 17.0}, "datetime": {"datetime": "2024-01-19 00:20:29", "elapsed": 533.754259, "delta": 0.001301}}
{"target": -13.758403739519665, "params": {"gamma": 434.56900336433057, "log10_alpha": -4.026535702663754, "log10_colsample_bytree": -0.8417000536136756, "log10_eta": -3.0427262265142243, "log10_lambda": -0.8238140580001794, "log10_min_child_weight": 1.6913162018345833, "log10_subsample": -0.5708781311226848, "max_depth": 3.0, "num_boost_round": 18.0}, "datetime": {"datetime": "2024-01-19 00:20:29", "elapsed": 533.755461, "delta": 0.001202}}
{"target": -13.758390732997404, "params": {"gamma": 434.56900336433057, "log10_alpha": -4.026535702663754, "log10_colsample_bytree": -0.8417000536136756, "log10_eta": -3.0427262265142243, "log10_lambda": -0.8238140580001794, "log10_min_child_weight": 1.6913162018345833, "log10_subsample": -0.5708781311226848, "max_depth": 3.0, "num_boost_round": 19.0}, "datetime": {"datetime": "2024-01-19 00:20:29", "elapsed": 533.756665, "delta": 0.001204}}
{"target": -13.758385214626074, "params": {"gamma": 434.56900336433057, "log10_alpha": -4.026535702663754, "log10_colsample_bytree": -0.8417000536136756, "log10_eta": -3.0427262265142243, "log10_lambda": -0.8238140580001794, "log10_min_child_weight": 1.6913162018345833, "log10_subsample": -0.5708781311226848, "max_depth": 3.0, "num_boost_round": 20.0}, "datetime": {"datetime": "2024-01-19 00:20:29", "elapsed": 533.757862, "delta": 0.001197}}
{"target": -13.758368655175106, "params": {"gamma": 434.56900336433057, "log10_alpha": -4.026535702663754, "log10_colsample_bytree": -0.8417000536136756, "log10_eta": -3.0427262265142243, "log10_lambda": -0.8238140580001794, "log10_min_child_weight": 1.6913162018345833, "log10_subsample": -0.5708781311226848, "max_depth": 3.0, "num_boost_round": 21.0}, "datetime": {"datetime": "2024-01-19 00:20:29", "elapsed": 533.759063, "delta": 0.001201}}
{"target": -13.758362952419622, "params": {"gamma": 434.56900336433057, "log10_alpha": -4.026535702663754, "log10_colsample_bytree": -0.8417000536136756, "log10_eta": -3.0427262265142243, "log10_lambda": -0.8238140580001794, "log10_min_child_weight": 1.6913162018345833, "log10_subsample": -0.5708781311226848, "max_depth": 3.0, "num_boost_round": 22.0}, "datetime": {"datetime": "2024-01-19 00:20:29", "elapsed": 533.760301, "delta": 0.001238}}
{"target": -13.758338673614528, "params": {"gamma": 434.56900336433057, "log10_alpha": -4.026535702663754, "log10_colsample_bytree": -0.8417000536136756, "log10_eta": -3.0427262265142243, "log10_lambda": -0.8238140580001794, "log10_min_child_weight": 1.6913162018345833, "log10_subsample": -0.5708781311226848, "max_depth": 3.0, "num_boost_round": 23.0}, "datetime": {"datetime": "2024-01-19 00:20:29", "elapsed": 533.761507, "delta": 0.001206}}
{"target": -13.758337507621643, "params": {"gamma": 434.56900336433057, "log10_alpha": -4.026535702663754, "log10_colsample_bytree": -0.8417000536136756, "log10_eta": -3.0427262265142243, "log10_lambda": -0.8238140580001794, "log10_min_child_weight": 1.6913162018345833, "log10_subsample": -0.5708781311226848, "max_depth": 3.0, "num_boost_round": 24.0}, "datetime": {"datetime": "2024-01-19 00:20:29", "elapsed": 533.762727, "delta": 0.00122}}
{"target": -13.758319350730432, "params": {"gamma": 434.56900336433057, "log10_alpha": -4.026535702663754, "log10_colsample_bytree": -0.8417000536136756, "log10_eta": -3.0427262265142243, "log10_lambda": -0.8238140580001794, "log10_min_child_weight": 1.6913162018345833, "log10_subsample": -0.5708781311226848, "max_depth": 3.0, "num_boost_round": 25.0}, "datetime": {"datetime": "2024-01-19 00:20:29", "elapsed": 533.763938, "delta": 0.001211}}
{"target": -13.758317513294232, "params": {"gamma": 434.56900336433057, "log10_alpha": -4.026535702663754, "log10_colsample_bytree": -0.8417000536136756, "log10_eta": -3.0427262265142243, "log10_lambda": -0.8238140580001794, "log10_min_child_weight": 1.6913162018345833, "log10_subsample": -0.5708781311226848, "max_depth": 3.0, "num_boost_round": 26.0}, "datetime": {"datetime": "2024-01-19 00:20:29", "elapsed": 533.765222, "delta": 0.001284}}
{"target": -13.75829161294045, "params": {"gamma": 434.56900336433057, "log10_alpha": -4.026535702663754, "log10_colsample_bytree": -0.8417000536136756, "log10_eta": -3.0427262265142243, "log10_lambda": -0.8238140580001794, "log10_min_child_weight": 1.6913162018345833, "log10_subsample": -0.5708781311226848, "max_depth": 3.0, "num_boost_round": 27.0}, "datetime": {"datetime": "2024-01-19 00:20:29", "elapsed": 533.766441, "delta": 0.001219}}
{"target": -13.75827937035215, "params": {"gamma": 434.56900336433057, "log10_alpha": -4.026535702663754, "log10_colsample_bytree": -0.8417000536136756, "log10_eta": -3.0427262265142243, "log10_lambda": -0.8238140580001794, "log10_min_child_weight": 1.6913162018345833, "log10_subsample": -0.5708781311226848, "max_depth": 3.0, "num_boost_round": 28.0}, "datetime": {"datetime": "2024-01-19 00:20:29", "elapsed": 533.767656, "delta": 0.001215}}
{"target": -13.758256669539096, "params": {"gamma": 434.56900336433057, "log10_alpha": -4.026535702663754, "log10_colsample_bytree": -0.8417000536136756, "log10_eta": -3.0427262265142243, "log10_lambda": -0.8238140580001794, "log10_min_child_weight": 1.6913162018345833, "log10_subsample": -0.5708781311226848, "max_depth": 3.0, "num_boost_round": 29.0}, "datetime": {"datetime": "2024-01-19 00:20:29", "elapsed": 533.768869, "delta": 0.001213}}
{"target": -13.758242440022611, "params": {"gamma": 434.56900336433057, "log10_alpha": -4.026535702663754, "log10_colsample_bytree": -0.8417000536136756, "log10_eta": -3.0427262265142243, "log10_lambda": -0.8238140580001794, "log10_min_child_weight": 1.6913162018345833, "log10_subsample": -0.5708781311226848, "max_depth": 3.0, "num_boost_round": 30.0}, "datetime": {"datetime": "2024-01-19 00:20:29", "elapsed": 533.770133, "delta": 0.001264}}
{"target": -13.758218434877852, "params": {"gamma": 434.56900336433057, "log10_alpha": -4.026535702663754, "log10_colsample_bytree": -0.8417000536136756, "log10_eta": -3.0427262265142243, "log10_lambda": -0.8238140580001794, "log10_min_child_weight": 1.6913162018345833, "log10_subsample": -0.5708781311226848, "max_depth": 3.0, "num_boost_round": 31.0}, "datetime": {"datetime": "2024-01-19 00:20:29", "elapsed": 533.77136, "delta": 0.001227}}
{"target": -13.7582197658456, "params": {"gamma": 434.56900336433057, "log10_alpha": -4.026535702663754, "log10_colsample_bytree": -0.8417000536136756, "log10_eta": -3.0427262265142243, "log10_lambda": -0.8238140580001794, "log10_min_child_weight": 1.6913162018345833, "log10_subsample": -0.5708781311226848, "max_depth": 3.0, "num_boost_round": 32.0}, "datetime": {"datetime": "2024-01-19 00:20:29", "elapsed": 533.77258, "delta": 0.00122}}
{"target": -13.758210853210223, "params": {"gamma": 434.56900336433057, "log10_alpha": -4.026535702663754, "log10_colsample_bytree": -0.8417000536136756, "log10_eta": -3.0427262265142243, "log10_lambda": -0.8238140580001794, "log10_min_child_weight": 1.6913162018345833, "log10_subsample": -0.5708781311226848, "max_depth": 3.0, "num_boost_round": 33.0}, "datetime": {"datetime": "2024-01-19 00:20:29", "elapsed": 533.773804, "delta": 0.001224}}
{"target": -13.758194879223321, "params": {"gamma": 434.56900336433057, "log10_alpha": -4.026535702663754, "log10_colsample_bytree": -0.8417000536136756, "log10_eta": -3.0427262265142243, "log10_lambda": -0.8238140580001794, "log10_min_child_weight": 1.6913162018345833, "log10_subsample": -0.5708781311226848, "max_depth": 3.0, "num_boost_round": 34.0}, "datetime": {"datetime": "2024-01-19 00:20:29", "elapsed": 533.77521, "delta": 0.001406}}
{"target": -13.758187497938069, "params": {"gamma": 434.56900336433057, "log10_alpha": -4.026535702663754, "log10_colsample_bytree": -0.8417000536136756, "log10_eta": -3.0427262265142243, "log10_lambda": -0.8238140580001794, "log10_min_child_weight": 1.6913162018345833, "log10_subsample": -0.5708781311226848, "max_depth": 3.0, "num_boost_round": 35.0}, "datetime": {"datetime": "2024-01-19 00:20:29", "elapsed": 533.776615, "delta": 0.001405}}
{"target": -13.758178007821352, "params": {"gamma": 434.56900336433057, "log10_alpha": -4.026535702663754, "log10_colsample_bytree": -0.8417000536136756, "log10_eta": -3.0427262265142243, "log10_lambda": -0.8238140580001794, "log10_min_child_weight": 1.6913162018345833, "log10_subsample": -0.5708781311226848, "max_depth": 3.0, "num_boost_round": 36.0}, "datetime": {"datetime": "2024-01-19 00:20:29", "elapsed": 533.777925, "delta": 0.00131}}
{"target": -13.758168332914085, "params": {"gamma": 434.56900336433057, "log10_alpha": -4.026535702663754, "log10_colsample_bytree": -0.8417000536136756, "log10_eta": -3.0427262265142243, "log10_lambda": -0.8238140580001794, "log10_min_child_weight": 1.6913162018345833, "log10_subsample": -0.5708781311226848, "max_depth": 3.0, "num_boost_round": 37.0}, "datetime": {"datetime": "2024-01-19 00:20:29", "elapsed": 533.779158, "delta": 0.001233}}
{"target": -13.758152374140185, "params": {"gamma": 434.56900336433057, "log10_alpha": -4.026535702663754, "log10_colsample_bytree": -0.8417000536136756, "log10_eta": -3.0427262265142243, "log10_lambda": -0.8238140580001794, "log10_min_child_weight": 1.6913162018345833, "log10_subsample": -0.5708781311226848, "max_depth": 3.0, "num_boost_round": 38.0}, "datetime": {"datetime": "2024-01-19 00:20:29", "elapsed": 533.780406, "delta": 0.001248}}
{"target": -13.758154555410455, "params": {"gamma": 434.56900336433057, "log10_alpha": -4.026535702663754, "log10_colsample_bytree": -0.8417000536136756, "log10_eta": -3.0427262265142243, "log10_lambda": -0.8238140580001794, "log10_min_child_weight": 1.6913162018345833, "log10_subsample": -0.5708781311226848, "max_depth": 3.0, "num_boost_round": 39.0}, "datetime": {"datetime": "2024-01-19 00:20:29", "elapsed": 533.781636, "delta": 0.00123}}
{"target": -13.75815456747372, "params": {"gamma": 434.56900336433057, "log10_alpha": -4.026535702663754, "log10_colsample_bytree": -0.8417000536136756, "log10_eta": -3.0427262265142243, "log10_lambda": -0.8238140580001794, "log10_min_child_weight": 1.6913162018345833, "log10_subsample": -0.5708781311226848, "max_depth": 3.0, "num_boost_round": 40.0}, "datetime": {"datetime": "2024-01-19 00:20:29", "elapsed": 533.782864, "delta": 0.001228}}
{"target": -13.758151647947692, "params": {"gamma": 434.56900336433057, "log10_alpha": -4.026535702663754, "log10_colsample_bytree": -0.8417000536136756, "log10_eta": -3.0427262265142243, "log10_lambda": -0.8238140580001794, "log10_min_child_weight": 1.6913162018345833, "log10_subsample": -0.5708781311226848, "max_depth": 3.0, "num_boost_round": 41.0}, "datetime": {"datetime": "2024-01-19 00:20:29", "elapsed": 533.784158, "delta": 0.001294}}
{"target": -13.758126019743502, "params": {"gamma": 434.56900336433057, "log10_alpha": -4.026535702663754, "log10_colsample_bytree": -0.8417000536136756, "log10_eta": -3.0427262265142243, "log10_lambda": -0.8238140580001794, "log10_min_child_weight": 1.6913162018345833, "log10_subsample": -0.5708781311226848, "max_depth": 3.0, "num_boost_round": 42.0}, "datetime": {"datetime": "2024-01-19 00:20:29", "elapsed": 533.785409, "delta": 0.001251}}
{"target": -13.758117810633488, "params": {"gamma": 434.56900336433057, "log10_alpha": -4.026535702663754, "log10_colsample_bytree": -0.8417000536136756, "log10_eta": -3.0427262265142243, "log10_lambda": -0.8238140580001794, "log10_min_child_weight": 1.6913162018345833, "log10_subsample": -0.5708781311226848, "max_depth": 3.0, "num_boost_round": 43.0}, "datetime": {"datetime": "2024-01-19 00:20:29", "elapsed": 533.786632, "delta": 0.001223}}
{"target": -13.758083764078567, "params": {"gamma": 434.56900336433057, "log10_alpha": -4.026535702663754, "log10_colsample_bytree": -0.8417000536136756, "log10_eta": -3.0427262265142243, "log10_lambda": -0.8238140580001794, "log10_min_child_weight": 1.6913162018345833, "log10_subsample": -0.5708781311226848, "max_depth": 3.0, "num_boost_round": 44.0}, "datetime": {"datetime": "2024-01-19 00:20:29", "elapsed": 533.787876, "delta": 0.001244}}
{"target": -13.758076267903606, "params": {"gamma": 434.56900336433057, "log10_alpha": -4.026535702663754, "log10_colsample_bytree": -0.8417000536136756, "log10_eta": -3.0427262265142243, "log10_lambda": -0.8238140580001794, "log10_min_child_weight": 1.6913162018345833, "log10_subsample": -0.5708781311226848, "max_depth": 3.0, "num_boost_round": 45.0}, "datetime": {"datetime": "2024-01-19 00:20:29", "elapsed": 533.789154, "delta": 0.001278}}
{"target": -13.758078962736825, "params": {"gamma": 434.56900336433057, "log10_alpha": -4.026535702663754, "log10_colsample_bytree": -0.8417000536136756, "log10_eta": -3.0427262265142243, "log10_lambda": -0.8238140580001794, "log10_min_child_weight": 1.6913162018345833, "log10_subsample": -0.5708781311226848, "max_depth": 3.0, "num_boost_round": 46.0}, "datetime": {"datetime": "2024-01-19 00:20:29", "elapsed": 533.790402, "delta": 0.001248}}
{"target": -13.75853831170208, "params": {"gamma": 443.74843715881855, "log10_alpha": 0.40771530989121685, "log10_colsample_bytree": -1.0, "log10_eta": -4.0, "log10_lambda": -0.687055288782763, "log10_min_child_weight": 5.0, "log10_subsample": -1.0, "max_depth": 9.0, "num_boost_round": 0.0}, "datetime": {"datetime": "2024-01-19 00:21:00", "elapsed": 564.192172, "delta": 30.40177}}
{"target": -13.758538340111379, "params": {"gamma": 443.74843715881855, "log10_alpha": 0.40771530989121685, "log10_colsample_bytree": -1.0, "log10_eta": -4.0, "log10_lambda": -0.687055288782763, "log10_min_child_weight": 5.0, "log10_subsample": -1.0, "max_depth": 9.0, "num_boost_round": 1.0}, "datetime": {"datetime": "2024-01-19 00:21:00", "elapsed": 564.194266, "delta": 0.002094}}
{"target": -13.758538337949107, "params": {"gamma": 443.74843715881855, "log10_alpha": 0.40771530989121685, "log10_colsample_bytree": -1.0, "log10_eta": -4.0, "log10_lambda": -0.687055288782763, "log10_min_child_weight": 5.0, "log10_subsample": -1.0, "max_depth": 9.0, "num_boost_round": 2.0}, "datetime": {"datetime": "2024-01-19 00:21:00", "elapsed": 564.195826, "delta": 0.00156}}
{"target": -13.758538311576778, "params": {"gamma": 443.74843715881855, "log10_alpha": 0.40771530989121685, "log10_colsample_bytree": -1.0, "log10_eta": -4.0, "log10_lambda": -0.687055288782763, "log10_min_child_weight": 5.0, "log10_subsample": -1.0, "max_depth": 9.0, "num_boost_round": 3.0}, "datetime": {"datetime": "2024-01-19 00:21:00", "elapsed": 564.197205, "delta": 0.001379}}
{"target": -13.758538313335114, "params": {"gamma": 443.74843715881855, "log10_alpha": 0.40771530989121685, "log10_colsample_bytree": -1.0, "log10_eta": -4.0, "log10_lambda": -0.687055288782763, "log10_min_child_weight": 5.0, "log10_subsample": -1.0, "max_depth": 9.0, "num_boost_round": 4.0}, "datetime": {"datetime": "2024-01-19 00:21:00", "elapsed": 564.198457, "delta": 0.001252}}
{"target": -13.758538309500178, "params": {"gamma": 443.74843715881855, "log10_alpha": 0.40771530989121685, "log10_colsample_bytree": -1.0, "log10_eta": -4.0, "log10_lambda": -0.687055288782763, "log10_min_child_weight": 5.0, "log10_subsample": -1.0, "max_depth": 9.0, "num_boost_round": 5.0}, "datetime": {"datetime": "2024-01-19 00:21:00", "elapsed": 564.199695, "delta": 0.001238}}
{"target": -13.758538345228228, "params": {"gamma": 443.74843715881855, "log10_alpha": 0.40771530989121685, "log10_colsample_bytree": -1.0, "log10_eta": -4.0, "log10_lambda": -0.687055288782763, "log10_min_child_weight": 5.0, "log10_subsample": -1.0, "max_depth": 9.0, "num_boost_round": 6.0}, "datetime": {"datetime": "2024-01-19 00:21:00", "elapsed": 564.200931, "delta": 0.001236}}
{"target": -13.758538320549057, "params": {"gamma": 443.74843715881855, "log10_alpha": 0.40771530989121685, "log10_colsample_bytree": -1.0, "log10_eta": -4.0, "log10_lambda": -0.687055288782763, "log10_min_child_weight": 5.0, "log10_subsample": -1.0, "max_depth": 9.0, "num_boost_round": 7.0}, "datetime": {"datetime": "2024-01-19 00:21:00", "elapsed": 564.202226, "delta": 0.001295}}
{"target": -13.758538318185785, "params": {"gamma": 443.74843715881855, "log10_alpha": 0.40771530989121685, "log10_colsample_bytree": -1.0, "log10_eta": -4.0, "log10_lambda": -0.687055288782763, "log10_min_child_weight": 5.0, "log10_subsample": -1.0, "max_depth": 9.0, "num_boost_round": 8.0}, "datetime": {"datetime": "2024-01-19 00:21:00", "elapsed": 564.20394, "delta": 0.001714}}
