{"target": -13.780552693873624, "params": {"gamma": 548.8135039273247, "log10_alpha": -0.7088638017654834, "log10_colsample_bytree": -0.3972366239283561, "log10_eta": -1.8204672680124125, "log10_lambda": -2.458071203966572, "log10_min_child_weight": 3.2294705653332807, "log10_subsample": -0.5624127887373075, "max_depth": 9.0, "num_boost_round": 98.0}, "datetime": {"datetime": "2024-01-19 00:12:27", "elapsed": 0.040996, "delta": 0.000267}}
{"target": -13.780764541525775, "params": {"gamma": 548.8135039273247, "log10_alpha": -0.7088638017654834, "log10_colsample_bytree": -0.3972366239283561, "log10_eta": -1.8204672680124125, "log10_lambda": -2.458071203966572, "log10_min_child_weight": 3.2294705653332807, "log10_subsample": -0.5624127887373075, "max_depth": 9.0, "num_boost_round": 99.0}, "datetime": {"datetime": "2024-01-19 00:12:27", "elapsed": 0.041269, "delta": 0.000273}}
{"target": -13.781055479451561, "params": {"gamma": 548.8135039273247, "log10_alpha": -0.7088638017654834, "log10_colsample_bytree": -0.3972366239283561, "log10_eta": -1.8204672680124125, "log10_lambda": -2.458071203966572, "log10_min_child_weight": 3.2294705653332807, "log10_subsample": -0.5624127887373075, "max_depth": 9.0, "num_boost_round": 100.0}, "datetime": {"datetime": "2024-01-19 00:12:27", "elapsed": 0.041564, "delta": 0.000295}}
{"target": -13.781510359254165, "params": {"gamma": 548.8135039273247, "log10_alpha": -0.7088638017654834, "log10_colsample_bytree": -0.3972366239283561, "log10_eta": -1.8204672680124125, "log10_lambda": -2.458071203966572, "log10_min_child_weight": 3.2294705653332807, "log10_subsample": -0.5624127887373075, "max_depth": 9.0, "num_boost_round": 101.0}, "datetime": {"datetime": "2024-01-19 00:12:27", "elapsed": 0.04184, "delta": 0.000276}}
{"target": -13.782120751558423, "params": {"gamma": 548.8135039273247, "log10_alpha": -0.7088638017654834, "log10_colsample_bytree": -0.3972366239283561, "log10_eta": -1.8204672680124125, "log10_lambda": -2.458071203966572, "log10_min_child_weight": 3.2294705653332807, "log10_subsample": -0.5624127887373075, "max_depth": 9.0, "num_boost_round": 102.0}, "datetime": {"datetime": "2024-01-19 00:12:27", "elapsed": 0.042121, "delta": 0.000281}}
{"target": -13.78232890081755, "params": {"gamma": 548.8135039273247, "log10_alpha": -0.7088638017654834, "log10_colsample_bytree": -0.3972366239283561, "log10_eta": -1.8204672680124125, "log10_lambda": -2.458071203966572, "log10_min_child_weight": 3.2294705653332807, "log10_subsample": -0.5624127887373075, "max_depth": 9.0, "num_boost_round": 103.0}, "datetime": {"datetime": "2024-01-19 00:12:27", "elapsed": 0.042409, "delta": 0.000288}}
{"target": -13.782947610773636, "params": {"gamma": 548.8135039273247, "log10_alpha": -0.7088638017654834, "log10_colsample_bytree": -0.3972366239283561, "log10_eta": -1.8204672680124125, "log10_lambda": -2.458071203966572, "log10_min_child_weight": 3.2294705653332807, "log10_subsample": -0.5624127887373075, "max_depth": 9.0, "num_boost_round": 104.0}, "datetime": {"datetime": "2024-01-19 00:12:27", "elapsed": 0.042694, "delta": 0.000285}}
{"target": -13.783662001699025, "params": {"gamma": 548.8135039273247, "log10_alpha": -0.7088638017654834, "log10_colsample_bytree": -0.3972366239283561, "log10_eta": -1.8204672680124125, "log10_lambda": -2.458071203966572, "log10_min_child_weight": 3.2294705653332807, "log10_subsample": -0.5624127887373075, "max_depth": 9.0, "num_boost_round": 105.0}, "datetime": {"datetime": "2024-01-19 00:12:27", "elapsed": 0.042975, "delta": 0.000281}}
{"target": -13.783817037413007, "params": {"gamma": 548.8135039273247, "log10_alpha": -0.7088638017654834, "log10_colsample_bytree": -0.3972366239283561, "log10_eta": -1.8204672680124125, "log10_lambda": -2.458071203966572, "log10_min_child_weight": 3.2294705653332807, "log10_subsample": -0.5624127887373075, "max_depth": 9.0, "num_boost_round": 106.0}, "datetime": {"datetime": "2024-01-19 00:12:27", "elapsed": 0.043257, "delta": 0.000282}}
{"target": -13.784243842972373, "params": {"gamma": 548.8135039273247, "log10_alpha": -0.7088638017654834, "log10_colsample_bytree": -0.3972366239283561, "log10_eta": -1.8204672680124125, "log10_lambda": -2.458071203966572, "log10_min_child_weight": 3.2294705653332807, "log10_subsample": -0.5624127887373075, "max_depth": 9.0, "num_boost_round": 107.0}, "datetime": {"datetime": "2024-01-19 00:12:27", "elapsed": 0.043546, "delta": 0.000289}}
{"target": -13.784699575007346, "params": {"gamma": 548.8135039273247, "log10_alpha": -0.7088638017654834, "log10_colsample_bytree": -0.3972366239283561, "log10_eta": -1.8204672680124125, "log10_lambda": -2.458071203966572, "log10_min_child_weight": 3.2294705653332807, "log10_subsample": -0.5624127887373075, "max_depth": 9.0, "num_boost_round": 108.0}, "datetime": {"datetime": "2024-01-19 00:12:27", "elapsed": 0.043837, "delta": 0.000291}}
{"target": -13.785218836326647, "params": {"gamma": 548.8135039273247, "log10_alpha": -0.7088638017654834, "log10_colsample_bytree": -0.3972366239283561, "log10_eta": -1.8204672680124125, "log10_lambda": -2.458071203966572, "log10_min_child_weight": 3.2294705653332807, "log10_subsample": -0.5624127887373075, "max_depth": 9.0, "num_boost_round": 109.0}, "datetime": {"datetime": "2024-01-19 00:12:27", "elapsed": 0.044131, "delta": 0.000294}}
{"target": -13.78563269616482, "params": {"gamma": 548.8135039273247, "log10_alpha": -0.7088638017654834, "log10_colsample_bytree": -0.3972366239283561, "log10_eta": -1.8204672680124125, "log10_lambda": -2.458071203966572, "log10_min_child_weight": 3.2294705653332807, "log10_subsample": -0.5624127887373075, "max_depth": 9.0, "num_boost_round": 110.0}, "datetime": {"datetime": "2024-01-19 00:12:27", "elapsed": 0.044431, "delta": 0.0003}}
{"target": -13.786103737076346, "params": {"gamma": 548.8135039273247, "log10_alpha": -0.7088638017654834, "log10_colsample_bytree": -0.3972366239283561, "log10_eta": -1.8204672680124125, "log10_lambda": -2.458071203966572, "log10_min_child_weight": 3.2294705653332807, "log10_subsample": -0.5624127887373075, "max_depth": 9.0, "num_boost_round": 111.0}, "datetime": {"datetime": "2024-01-19 00:12:27", "elapsed": 0.044726, "delta": 0.000295}}
{"target": -13.786648808870936, "params": {"gamma": 548.8135039273247, "log10_alpha": -0.7088638017654834, "log10_colsample_bytree": -0.3972366239283561, "log10_eta": -1.8204672680124125, "log10_lambda": -2.458071203966572, "log10_min_child_weight": 3.2294705653332807, "log10_subsample": -0.5624127887373075, "max_depth": 9.0, "num_boost_round": 112.0}, "datetime": {"datetime": "2024-01-19 00:12:27", "elapsed": 0.045019, "delta": 0.000293}}
{"target": -13.787685431969344, "params": {"gamma": 548.8135039273247, "log10_alpha": -0.7088638017654834, "log10_colsample_bytree": -0.3972366239283561, "log10_eta": -1.8204672680124125, "log10_lambda": -2.458071203966572, "log10_min_child_weight": 3.2294705653332807, "log10_subsample": -0.5624127887373075, "max_depth": 9.0, "num_boost_round": 113.0}, "datetime": {"datetime": "2024-01-19 00:12:27", "elapsed": 0.045322, "delta": 0.000303}}
{"target": -13.788186960865152, "params": {"gamma": 548.8135039273247, "log10_alpha": -0.7088638017654834, "log10_colsample_bytree": -0.3972366239283561, "log10_eta": -1.8204672680124125, "log10_lambda": -2.458071203966572, "log10_min_child_weight": 3.2294705653332807, "log10_subsample": -0.5624127887373075, "max_depth": 9.0, "num_boost_round": 114.0}, "datetime": {"datetime": "2024-01-19 00:12:27", "elapsed": 0.04562, "delta": 0.000298}}
{"target": -13.788538520564872, "params": {"gamma": 548.8135039273247, "log10_alpha": -0.7088638017654834, "log10_colsample_bytree": -0.3972366239283561, "log10_eta": -1.8204672680124125, "log10_lambda": -2.458071203966572, "log10_min_child_weight": 3.2294705653332807, "log10_subsample": -0.5624127887373075, "max_depth": 9.0, "num_boost_round": 115.0}, "datetime": {"datetime": "2024-01-19 00:12:27", "elapsed": 0.045917, "delta": 0.000297}}
{"target": -13.788623707431585, "params": {"gamma": 548.8135039273247, "log10_alpha": -0.7088638017654834, "log10_colsample_bytree": -0.3972366239283561, "log10_eta": -1.8204672680124125, "log10_lambda": -2.458071203966572, "log10_min_child_weight": 3.2294705653332807, "log10_subsample": -0.5624127887373075, "max_depth": 9.0, "num_boost_round": 116.0}, "datetime": {"datetime": "2024-01-19 00:12:27", "elapsed": 0.046217, "delta": 0.0003}}
{"target": -13.788914001110507, "params": {"gamma": 548.8135039273247, "log10_alpha": -0.7088638017654834, "log10_colsample_bytree": -0.3972366239283561, "log10_eta": -1.8204672680124125, "log10_lambda": -2.458071203966572, "log10_min_child_weight": 3.2294705653332807, "log10_subsample": -0.5624127887373075, "max_depth": 9.0, "num_boost_round": 117.0}, "datetime": {"datetime": "2024-01-19 00:12:27", "elapsed": 0.046526, "delta": 0.000309}}
{"target": -13.789182001752554, "params": {"gamma": 548.8135039273247, "log10_alpha": -0.7088638017654834, "log10_colsample_bytree": -0.3972366239283561, "log10_eta": -1.8204672680124125, "log10_lambda": -2.458071203966572, "log10_min_child_weight": 3.2294705653332807, "log10_subsample": -0.5624127887373075, "max_depth": 9.0, "num_boost_round": 118.0}, "datetime": {"datetime": "2024-01-19 00:12:27", "elapsed": 0.046826, "delta": 0.0003}}
{"target": -13.789459995389825, "params": {"gamma": 548.8135039273247, "log10_alpha": -0.7088638017654834, "log10_colsample_bytree": -0.3972366239283561, "log10_eta": -1.8204672680124125, "log10_lambda": -2.458071203966572, "log10_min_child_weight": 3.2294705653332807, "log10_subsample": -0.5624127887373075, "max_depth": 9.0, "num_boost_round": 119.0}, "datetime": {"datetime": "2024-01-19 00:12:27", "elapsed": 0.047121, "delta": 0.000295}}
{"target": -13.790460578015955, "params": {"gamma": 548.8135039273247, "log10_alpha": -0.7088638017654834, "log10_colsample_bytree": -0.3972366239283561, "log10_eta": -1.8204672680124125, "log10_lambda": -2.458071203966572, "log10_min_child_weight": 3.2294705653332807, "log10_subsample": -0.5624127887373075, "max_depth": 9.0, "num_boost_round": 120.0}, "datetime": {"datetime": "2024-01-19 00:12:27", "elapsed": 0.047439, "delta": 0.000318}}
{"target": -13.790816262349567, "params": {"gamma": 548.8135039273247, "log10_alpha": -0.7088638017654834, "log10_colsample_bytree": -0.3972366239283561, "log10_eta": -1.8204672680124125, "log10_lambda": -2.458071203966572, "log10_min_child_weight": 3.2294705653332807, "log10_subsample": -0.5624127887373075, "max_depth": 9.0, "num_boost_round": 121.0}, "datetime": {"datetime": "2024-01-19 00:12:27", "elapsed": 0.047744, "delta": 0.000305}}
{"target": -13.790503163590472, "params": {"gamma": 548.8135039273247, "log10_alpha": -0.7088638017654834, "log10_colsample_bytree": -0.3972366239283561, "log10_eta": -1.8204672680124125, "log10_lambda": -2.458071203966572, "log10_min_child_weight": 3.2294705653332807, "log10_subsample": -0.5624127887373075, "max_depth": 9.0, "num_boost_round": 122.0}, "datetime": {"datetime": "2024-01-19 00:12:27", "elapsed": 0.048047, "delta": 0.000303}}
{"target": -13.790474111842677, "params": {"gamma": 548.8135039273247, "log10_alpha": -0.7088638017654834, "log10_colsample_bytree": -0.3972366239283561, "log10_eta": -1.8204672680124125, "log10_lambda": -2.458071203966572, "log10_min_child_weight": 3.2294705653332807, "log10_subsample": -0.5624127887373075, "max_depth": 9.0, "num_boost_round": 123.0}, "datetime": {"datetime": "2024-01-19 00:12:27", "elapsed": 0.048356, "delta": 0.000309}}
{"target": -13.7912857598602, "params": {"gamma": 548.8135039273247, "log10_alpha": -0.7088638017654834, "log10_colsample_bytree": -0.3972366239283561, "log10_eta": -1.8204672680124125, "log10_lambda": -2.458071203966572, "log10_min_child_weight": 3.2294705653332807, "log10_subsample": -0.5624127887373075, "max_depth": 9.0, "num_boost_round": 124.0}, "datetime": {"datetime": "2024-01-19 00:12:27", "elapsed": 0.048664, "delta": 0.000308}}
{"target": -13.791690904895532, "params": {"gamma": 548.8135039273247, "log10_alpha": -0.7088638017654834, "log10_colsample_bytree": -0.3972366239283561, "log10_eta": -1.8204672680124125, "log10_lambda": -2.458071203966572, "log10_min_child_weight": 3.2294705653332807, "log10_subsample": -0.5624127887373075, "max_depth": 9.0, "num_boost_round": 125.0}, "datetime": {"datetime": "2024-01-19 00:12:27", "elapsed": 0.048969, "delta": 0.000305}}
{"target": -13.792251651225524, "params": {"gamma": 548.8135039273247, "log10_alpha": -0.7088638017654834, "log10_colsample_bytree": -0.3972366239283561, "log10_eta": -1.8204672680124125, "log10_lambda": -2.458071203966572, "log10_min_child_weight": 3.2294705653332807, "log10_subsample": -0.5624127887373075, "max_depth": 9.0, "num_boost_round": 126.0}, "datetime": {"datetime": "2024-01-19 00:12:27", "elapsed": 0.049292, "delta": 0.000323}}
{"target": -13.792869905573884, "params": {"gamma": 548.8135039273247, "log10_alpha": -0.7088638017654834, "log10_colsample_bytree": -0.3972366239283561, "log10_eta": -1.8204672680124125, "log10_lambda": -2.458071203966572, "log10_min_child_weight": 3.2294705653332807, "log10_subsample": -0.5624127887373075, "max_depth": 9.0, "num_boost_round": 127.0}, "datetime": {"datetime": "2024-01-19 00:12:27", "elapsed": 0.04961, "delta": 0.000318}}
{"target": -13.793632753701969, "params": {"gamma": 548.8135039273247, "log10_alpha": -0.7088638017654834, "log10_colsample_bytree": -0.3972366239283561, "log10_eta": -1.8204672680124125, "log10_lambda": -2.458071203966572, "log10_min_child_weight": 3.2294705653332807, "log10_subsample": -0.5624127887373075, "max_depth": 9.0, "num_boost_round": 128.0}, "datetime": {"datetime": "2024-01-19 00:12:27", "elapsed": 0.049926, "delta": 0.000316}}
{"target": -13.794123237214965, "params": {"gamma": 548.8135039273247, "log10_alpha": -0.7088638017654834, "log10_colsample_bytree": -0.3972366239283561, "log10_eta": -1.8204672680124125, "log10_lambda": -2.458071203966572, "log10_min_child_weight": 3.2294705653332807, "log10_subsample": -0.5624127887373075, "max_depth": 9.0, "num_boost_round": 129.0}, "datetime": {"datetime": "2024-01-19 00:12:27", "elapsed": 0.050243, "delta": 0.000317}}
{"target": -13.794581208647848, "params": {"gamma": 548.8135039273247, "log10_alpha": -0.7088638017654834, "log10_colsample_bytree": -0.3972366239283561, "log10_eta": -1.8204672680124125, "log10_lambda": -2.458071203966572, "log10_min_child_weight": 3.2294705653332807, "log10_subsample": -0.5624127887373075, "max_depth": 9.0, "num_boost_round": 130.0}, "datetime": {"datetime": "2024-01-19 00:12:27", "elapsed": 0.050567, "delta": 0.000324}}
{"target": -13.79499064472135, "params": {"gamma": 548.8135039273247, "log10_alpha": -0.7088638017654834, "log10_colsample_bytree": -0.3972366239283561, "log10_eta": -1.8204672680124125, "log10_lambda": -2.458071203966572, "log10_min_child_weight": 3.2294705653332807, "log10_subsample": -0.5624127887373075, "max_depth": 9.0, "num_boost_round": 131.0}, "datetime": {"datetime": "2024-01-19 00:12:27", "elapsed": 0.050883, "delta": 0.000316}}
{"target": -13.795356719613673, "params": {"gamma": 548.8135039273247, "log10_alpha": -0.7088638017654834, "log10_colsample_bytree": -0.3972366239283561, "log10_eta": -1.8204672680124125, "log10_lambda": -2.458071203966572, "log10_min_child_weight": 3.2294705653332807, "log10_subsample": -0.5624127887373075, "max_depth": 9.0, "num_boost_round": 132.0}, "datetime": {"datetime": "2024-01-19 00:12:27", "elapsed": 0.051199, "delta": 0.000316}}
{"target": -13.795437543773522, "params": {"gamma": 548.8135039273247, "log10_alpha": -0.7088638017654834, "log10_colsample_bytree": -0.3972366239283561, "log10_eta": -1.8204672680124125, "log10_lambda": -2.458071203966572, "log10_min_child_weight": 3.2294705653332807, "log10_subsample": -0.5624127887373075, "max_depth": 9.0, "num_boost_round": 133.0}, "datetime": {"datetime": "2024-01-19 00:12:27", "elapsed": 0.051526, "delta": 0.000327}}
{"target": -13.795675460259496, "params": {"gamma": 548.8135039273247, "log10_alpha": -0.7088638017654834, "log10_colsample_bytree": -0.3972366239283561, "log10_eta": -1.8204672680124125, "log10_lambda": -2.458071203966572, "log10_min_child_weight": 3.2294705653332807, "log10_subsample": -0.5624127887373075, "max_depth": 9.0, "num_boost_round": 134.0}, "datetime": {"datetime": "2024-01-19 00:12:27", "elapsed": 0.051848, "delta": 0.000322}}
{"target": -13.79627294855808, "params": {"gamma": 548.8135039273247, "log10_alpha": -0.7088638017654834, "log10_colsample_bytree": -0.3972366239283561, "log10_eta": -1.8204672680124125, "log10_lambda": -2.458071203966572, "log10_min_child_weight": 3.2294705653332807, "log10_subsample": -0.5624127887373075, "max_depth": 9.0, "num_boost_round": 135.0}, "datetime": {"datetime": "2024-01-19 00:12:27", "elapsed": 0.052171, "delta": 0.000323}}
{"target": -13.796702700412446, "params": {"gamma": 548.8135039273247, "log10_alpha": -0.7088638017654834, "log10_colsample_bytree": -0.3972366239283561, "log10_eta": -1.8204672680124125, "log10_lambda": -2.458071203966572, "log10_min_child_weight": 3.2294705653332807, "log10_subsample": -0.5624127887373075, "max_depth": 9.0, "num_boost_round": 136.0}, "datetime": {"datetime": "2024-01-19 00:12:27", "elapsed": 0.052635, "delta": 0.000464}}
{"target": -13.79684396899521, "params": {"gamma": 548.8135039273247, "log10_alpha": -0.7088638017654834, "log10_colsample_bytree": -0.3972366239283561, "log10_eta": -1.8204672680124125, "log10_lambda": -2.458071203966572, "log10_min_child_weight": 3.2294705653332807, "log10_subsample": -0.5624127887373075, "max_depth": 9.0, "num_boost_round": 137.0}, "datetime": {"datetime": "2024-01-19 00:12:27", "elapsed": 0.052971, "delta": 0.000336}}
{"target": -13.797525770628077, "params": {"gamma": 548.8135039273247, "log10_alpha": -0.7088638017654834, "log10_colsample_bytree": -0.3972366239283561, "log10_eta": -1.8204672680124125, "log10_lambda": -2.458071203966572, "log10_min_child_weight": 3.2294705653332807, "log10_subsample": -0.5624127887373075, "max_depth": 9.0, "num_boost_round": 138.0}, "datetime": {"datetime": "2024-01-19 00:12:27", "elapsed": 0.053311, "delta": 0.00034}}
{"target": -13.797450855612867, "params": {"gamma": 548.8135039273247, "log10_alpha": -0.7088638017654834, "log10_colsample_bytree": -0.3972366239283561, "log10_eta": -1.8204672680124125, "log10_lambda": -2.458071203966572, "log10_min_child_weight": 3.2294705653332807, "log10_subsample": -0.5624127887373075, "max_depth": 9.0, "num_boost_round": 139.0}, "datetime": {"datetime": "2024-01-19 00:12:27", "elapsed": 0.053644, "delta": 0.000333}}
{"target": -13.797581400516881, "params": {"gamma": 548.8135039273247, "log10_alpha": -0.7088638017654834, "log10_colsample_bytree": -0.3972366239283561, "log10_eta": -1.8204672680124125, "log10_lambda": -2.458071203966572, "log10_min_child_weight": 3.2294705653332807, "log10_subsample": -0.5624127887373075, "max_depth": 9.0, "num_boost_round": 140.0}, "datetime": {"datetime": "2024-01-19 00:12:27", "elapsed": 0.053976, "delta": 0.000332}}
{"target": -13.797871930180039, "params": {"gamma": 548.8135039273247, "log10_alpha": -0.7088638017654834, "log10_colsample_bytree": -0.3972366239283561, "log10_eta": -1.8204672680124125, "log10_lambda": -2.458071203966572, "log10_min_child_weight": 3.2294705653332807, "log10_subsample": -0.5624127887373075, "max_depth": 9.0, "num_boost_round": 141.0}, "datetime": {"datetime": "2024-01-19 00:12:27", "elapsed": 0.054312, "delta": 0.000336}}
{"target": -13.797963249851012, "params": {"gamma": 548.8135039273247, "log10_alpha": -0.7088638017654834, "log10_colsample_bytree": -0.3972366239283561, "log10_eta": -1.8204672680124125, "log10_lambda": -2.458071203966572, "log10_min_child_weight": 3.2294705653332807, "log10_subsample": -0.5624127887373075, "max_depth": 9.0, "num_boost_round": 142.0}, "datetime": {"datetime": "2024-01-19 00:12:27", "elapsed": 0.054647, "delta": 0.000335}}
{"target": -13.797775835147531, "params": {"gamma": 548.8135039273247, "log10_alpha": -0.7088638017654834, "log10_colsample_bytree": -0.3972366239283561, "log10_eta": -1.8204672680124125, "log10_lambda": -2.458071203966572, "log10_min_child_weight": 3.2294705653332807, "log10_subsample": -0.5624127887373075, "max_depth": 9.0, "num_boost_round": 143.0}, "datetime": {"datetime": "2024-01-19 00:12:27", "elapsed": 0.054982, "delta": 0.000335}}
{"target": -13.797843132053048, "params": {"gamma": 548.8135039273247, "log10_alpha": -0.7088638017654834, "log10_colsample_bytree": -0.3972366239283561, "log10_eta": -1.8204672680124125, "log10_lambda": -2.458071203966572, "log10_min_child_weight": 3.2294705653332807, "log10_subsample": -0.5624127887373075, "max_depth": 9.0, "num_boost_round": 144.0}, "datetime": {"datetime": "2024-01-19 00:12:27", "elapsed": 0.055332, "delta": 0.00035}}
{"target": -13.79818828419424, "params": {"gamma": 548.8135039273247, "log10_alpha": -0.7088638017654834, "log10_colsample_bytree": -0.3972366239283561, "log10_eta": -1.8204672680124125, "log10_lambda": -2.458071203966572, "log10_min_child_weight": 3.2294705653332807, "log10_subsample": -0.5624127887373075, "max_depth": 9.0, "num_boost_round": 145.0}, "datetime": {"datetime": "2024-01-19 00:12:27", "elapsed": 0.055675, "delta": 0.000343}}
{"target": -13.798648501317661, "params": {"gamma": 548.8135039273247, "log10_alpha": -0.7088638017654834, "log10_colsample_bytree": -0.3972366239283561, "log10_eta": -1.8204672680124125, "log10_lambda": -2.458071203966572, "log10_min_child_weight": 3.2294705653332807, "log10_subsample": -0.5624127887373075, "max_depth": 9.0, "num_boost_round": 146.0}, "datetime": {"datetime": "2024-01-19 00:12:27", "elapsed": 0.056015, "delta": 0.00034}}
