{"target": -13.75850701779504, "params": {"gamma": 950.230407612671, "log10_alpha": -1.8645967695884922, "log10_colsample_bytree": -0.7190344523891695, "log10_eta": -3.5907131516888957, "log10_lambda": -4.630007921917124, "log10_min_child_weight": 0.6845834843202458, "log10_subsample": -0.05343781207615106, "max_depth": 3.0, "num_boost_round": 8.0}, "datetime": {"datetime": "2024-01-19 01:45:09", "elapsed": 5610.980451, "delta": 0.005682}}
{"target": -13.758502271706707, "params": {"gamma": 950.230407612671, "log10_alpha": -1.8645967695884922, "log10_colsample_bytree": -0.7190344523891695, "log10_eta": -3.5907131516888957, "log10_lambda": -4.630007921917124, "log10_min_child_weight": 0.6845834843202458, "log10_subsample": -0.05343781207615106, "max_depth": 3.0, "num_boost_round": 9.0}, "datetime": {"datetime": "2024-01-19 01:45:09", "elapsed": 5610.986181, "delta": 0.00573}}
{"target": -13.758499544634498, "params": {"gamma": 950.230407612671, "log10_alpha": -1.8645967695884922, "log10_colsample_bytree": -0.7190344523891695, "log10_eta": -3.5907131516888957, "log10_lambda": -4.630007921917124, "log10_min_child_weight": 0.6845834843202458, "log10_subsample": -0.05343781207615106, "max_depth": 3.0, "num_boost_round": 10.0}, "datetime": {"datetime": "2024-01-19 01:45:09", "elapsed": 5610.991881, "delta": 0.0057}}
{"target": -13.758496234335114, "params": {"gamma": 950.230407612671, "log10_alpha": -1.8645967695884922, "log10_colsample_bytree": -0.7190344523891695, "log10_eta": -3.5907131516888957, "log10_lambda": -4.630007921917124, "log10_min_child_weight": 0.6845834843202458, "log10_subsample": -0.05343781207615106, "max_depth": 3.0, "num_boost_round": 11.0}, "datetime": {"datetime": "2024-01-19 01:45:09", "elapsed": 5610.997723, "delta": 0.005842}}
{"target": -13.758491518742142, "params": {"gamma": 950.230407612671, "log10_alpha": -1.8645967695884922, "log10_colsample_bytree": -0.7190344523891695, "log10_eta": -3.5907131516888957, "log10_lambda": -4.630007921917124, "log10_min_child_weight": 0.6845834843202458, "log10_subsample": -0.05343781207615106, "max_depth": 3.0, "num_boost_round": 12.0}, "datetime": {"datetime": "2024-01-19 01:45:09", "elapsed": 5611.003619, "delta": 0.005896}}
{"target": -13.758489808523311, "params": {"gamma": 950.230407612671, "log10_alpha": -1.8645967695884922, "log10_colsample_bytree": -0.7190344523891695, "log10_eta": -3.5907131516888957, "log10_lambda": -4.630007921917124, "log10_min_child_weight": 0.6845834843202458, "log10_subsample": -0.05343781207615106, "max_depth": 3.0, "num_boost_round": 13.0}, "datetime": {"datetime": "2024-01-19 01:45:10", "elapsed": 5611.009822, "delta": 0.006203}}
{"target": -13.758487916931262, "params": {"gamma": 950.230407612671, "log10_alpha": -1.8645967695884922, "log10_colsample_bytree": -0.7190344523891695, "log10_eta": -3.5907131516888957, "log10_lambda": -4.630007921917124, "log10_min_child_weight": 0.6845834843202458, "log10_subsample": -0.05343781207615106, "max_depth": 3.0, "num_boost_round": 14.0}, "datetime": {"datetime": "2024-01-19 01:45:10", "elapsed": 5611.015444, "delta": 0.005622}}
{"target": -13.758481223215254, "params": {"gamma": 950.230407612671, "log10_alpha": -1.8645967695884922, "log10_colsample_bytree": -0.7190344523891695, "log10_eta": -3.5907131516888957, "log10_lambda": -4.630007921917124, "log10_min_child_weight": 0.6845834843202458, "log10_subsample": -0.05343781207615106, "max_depth": 3.0, "num_boost_round": 15.0}, "datetime": {"datetime": "2024-01-19 01:45:10", "elapsed": 5611.021126, "delta": 0.005682}}
{"target": -13.758480521633151, "params": {"gamma": 950.230407612671, "log10_alpha": -1.8645967695884922, "log10_colsample_bytree": -0.7190344523891695, "log10_eta": -3.5907131516888957, "log10_lambda": -4.630007921917124, "log10_min_child_weight": 0.6845834843202458, "log10_subsample": -0.05343781207615106, "max_depth": 3.0, "num_boost_round": 16.0}, "datetime": {"datetime": "2024-01-19 01:45:10", "elapsed": 5611.02684, "delta": 0.005714}}
{"target": -13.758480382481808, "params": {"gamma": 950.230407612671, "log10_alpha": -1.8645967695884922, "log10_colsample_bytree": -0.7190344523891695, "log10_eta": -3.5907131516888957, "log10_lambda": -4.630007921917124, "log10_min_child_weight": 0.6845834843202458, "log10_subsample": -0.05343781207615106, "max_depth": 3.0, "num_boost_round": 17.0}, "datetime": {"datetime": "2024-01-19 01:45:10", "elapsed": 5611.032548, "delta": 0.005708}}
{"target": -13.75852717382118, "params": {"gamma": 938.3616242693784, "log10_alpha": -4.912819706708236, "log10_colsample_bytree": -0.8368759030121352, "log10_eta": -2.98782415687901, "log10_lambda": -1.5398133149743298, "log10_min_child_weight": 0.7555474856241001, "log10_subsample": -0.8786153320990583, "max_depth": 2.0, "num_boost_round": 0.0}, "datetime": {"datetime": "2024-01-19 01:46:36", "elapsed": 5697.778842, "delta": 86.746294}}
{"target": -13.758522883737376, "params": {"gamma": 938.3616242693784, "log10_alpha": -4.912819706708236, "log10_colsample_bytree": -0.8368759030121352, "log10_eta": -2.98782415687901, "log10_lambda": -1.5398133149743298, "log10_min_child_weight": 0.7555474856241001, "log10_subsample": -0.8786153320990583, "max_depth": 2.0, "num_boost_round": 1.0}, "datetime": {"datetime": "2024-01-19 01:46:36", "elapsed": 5697.785304, "delta": 0.006462}}
{"target": -13.758513924935079, "params": {"gamma": 938.3616242693784, "log10_alpha": -4.912819706708236, "log10_colsample_bytree": -0.8368759030121352, "log10_eta": -2.98782415687901, "log10_lambda": -1.5398133149743298, "log10_min_child_weight": 0.7555474856241001, "log10_subsample": -0.8786153320990583, "max_depth": 2.0, "num_boost_round": 2.0}, "datetime": {"datetime": "2024-01-19 01:46:36", "elapsed": 5697.79101, "delta": 0.005706}}
{"target": -13.758503417335707, "params": {"gamma": 938.3616242693784, "log10_alpha": -4.912819706708236, "log10_colsample_bytree": -0.8368759030121352, "log10_eta": -2.98782415687901, "log10_lambda": -1.5398133149743298, "log10_min_child_weight": 0.7555474856241001, "log10_subsample": -0.8786153320990583, "max_depth": 2.0, "num_boost_round": 3.0}, "datetime": {"datetime": "2024-01-19 01:46:36", "elapsed": 5697.796636, "delta": 0.005626}}
{"target": -13.758497971342143, "params": {"gamma": 938.3616242693784, "log10_alpha": -4.912819706708236, "log10_colsample_bytree": -0.8368759030121352, "log10_eta": -2.98782415687901, "log10_lambda": -1.5398133149743298, "log10_min_child_weight": 0.7555474856241001, "log10_subsample": -0.8786153320990583, "max_depth": 2.0, "num_boost_round": 4.0}, "datetime": {"datetime": "2024-01-19 01:46:36", "elapsed": 5697.802332, "delta": 0.005696}}
{"target": -13.758495002119691, "params": {"gamma": 938.3616242693784, "log10_alpha": -4.912819706708236, "log10_colsample_bytree": -0.8368759030121352, "log10_eta": -2.98782415687901, "log10_lambda": -1.5398133149743298, "log10_min_child_weight": 0.7555474856241001, "log10_subsample": -0.8786153320990583, "max_depth": 2.0, "num_boost_round": 5.0}, "datetime": {"datetime": "2024-01-19 01:46:36", "elapsed": 5697.808193, "delta": 0.005861}}
{"target": -13.758485284659798, "params": {"gamma": 938.3616242693784, "log10_alpha": -4.912819706708236, "log10_colsample_bytree": -0.8368759030121352, "log10_eta": -2.98782415687901, "log10_lambda": -1.5398133149743298, "log10_min_child_weight": 0.7555474856241001, "log10_subsample": -0.8786153320990583, "max_depth": 2.0, "num_boost_round": 6.0}, "datetime": {"datetime": "2024-01-19 01:46:36", "elapsed": 5697.814341, "delta": 0.006148}}
{"target": -13.758477394439039, "params": {"gamma": 938.3616242693784, "log10_alpha": -4.912819706708236, "log10_colsample_bytree": -0.8368759030121352, "log10_eta": -2.98782415687901, "log10_lambda": -1.5398133149743298, "log10_min_child_weight": 0.7555474856241001, "log10_subsample": -0.8786153320990583, "max_depth": 2.0, "num_boost_round": 7.0}, "datetime": {"datetime": "2024-01-19 01:46:36", "elapsed": 5697.820103, "delta": 0.005762}}
{"target": -13.758486646144451, "params": {"gamma": 938.3616242693784, "log10_alpha": -4.912819706708236, "log10_colsample_bytree": -0.8368759030121352, "log10_eta": -2.98782415687901, "log10_lambda": -1.5398133149743298, "log10_min_child_weight": 0.7555474856241001, "log10_subsample": -0.8786153320990583, "max_depth": 2.0, "num_boost_round": 8.0}, "datetime": {"datetime": "2024-01-19 01:46:36", "elapsed": 5697.825841, "delta": 0.005738}}
{"target": -13.75847923145596, "params": {"gamma": 938.3616242693784, "log10_alpha": -4.912819706708236, "log10_colsample_bytree": -0.8368759030121352, "log10_eta": -2.98782415687901, "log10_lambda": -1.5398133149743298, "log10_min_child_weight": 0.7555474856241001, "log10_subsample": -0.8786153320990583, "max_depth": 2.0, "num_boost_round": 9.0}, "datetime": {"datetime": "2024-01-19 01:46:36", "elapsed": 5697.831544, "delta": 0.005703}}
{"target": -13.758467317575564, "params": {"gamma": 938.3616242693784, "log10_alpha": -4.912819706708236, "log10_colsample_bytree": -0.8368759030121352, "log10_eta": -2.98782415687901, "log10_lambda": -1.5398133149743298, "log10_min_child_weight": 0.7555474856241001, "log10_subsample": -0.8786153320990583, "max_depth": 2.0, "num_boost_round": 10.0}, "datetime": {"datetime": "2024-01-19 01:46:36", "elapsed": 5697.837329, "delta": 0.005785}}
{"target": -13.758464829341902, "params": {"gamma": 938.3616242693784, "log10_alpha": -4.912819706708236, "log10_colsample_bytree": -0.8368759030121352, "log10_eta": -2.98782415687901, "log10_lambda": -1.5398133149743298, "log10_min_child_weight": 0.7555474856241001, "log10_subsample": -0.8786153320990583, "max_depth": 2.0, "num_boost_round": 11.0}, "datetime": {"datetime": "2024-01-19 01:46:36", "elapsed": 5697.94936, "delta": 0.112031}}
{"target": -13.758454431106658, "params": {"gamma": 938.3616242693784, "log10_alpha": -4.912819706708236, "log10_colsample_bytree": -0.8368759030121352, "log10_eta": -2.98782415687901, "log10_lambda": -1.5398133149743298, "log10_min_child_weight": 0.7555474856241001, "log10_subsample": -0.8786153320990583, "max_depth": 2.0, "num_boost_round": 12.0}, "datetime": {"datetime": "2024-01-19 01:46:36", "elapsed": 5697.95656, "delta": 0.0072}}
{"target": -13.758433063521014, "params": {"gamma": 938.3616242693784, "log10_alpha": -4.912819706708236, "log10_colsample_bytree": -0.8368759030121352, "log10_eta": -2.98782415687901, "log10_lambda": -1.5398133149743298, "log10_min_child_weight": 0.7555474856241001, "log10_subsample": -0.8786153320990583, "max_depth": 2.0, "num_boost_round": 13.0}, "datetime": {"datetime": "2024-01-19 01:46:36", "elapsed": 5697.96247, "delta": 0.00591}}
{"target": -13.758425651075626, "params": {"gamma": 938.3616242693784, "log10_alpha": -4.912819706708236, "log10_colsample_bytree": -0.8368759030121352, "log10_eta": -2.98782415687901, "log10_lambda": -1.5398133149743298, "log10_min_child_weight": 0.7555474856241001, "log10_subsample": -0.8786153320990583, "max_depth": 2.0, "num_boost_round": 14.0}, "datetime": {"datetime": "2024-01-19 01:46:36", "elapsed": 5697.968276, "delta": 0.005806}}
{"target": -13.758412013369737, "params": {"gamma": 938.3616242693784, "log10_alpha": -4.912819706708236, "log10_colsample_bytree": -0.8368759030121352, "log10_eta": -2.98782415687901, "log10_lambda": -1.5398133149743298, "log10_min_child_weight": 0.7555474856241001, "log10_subsample": -0.8786153320990583, "max_depth": 2.0, "num_boost_round": 15.0}, "datetime": {"datetime": "2024-01-19 01:46:36", "elapsed": 5697.974108, "delta": 0.005832}}
{"target": -13.758404569391933, "params": {"gamma": 938.3616242693784, "log10_alpha": -4.912819706708236, "log10_colsample_bytree": -0.8368759030121352, "log10_eta": -2.98782415687901, "log10_lambda": -1.5398133149743298, "log10_min_child_weight": 0.7555474856241001, "log10_subsample": -0.8786153320990583, "max_depth": 2.0, "num_boost_round": 16.0}, "datetime": {"datetime": "2024-01-19 01:46:36", "elapsed": 5697.979976, "delta": 0.005868}}
{"target": -13.758387542457289, "params": {"gamma": 938.3616242693784, "log10_alpha": -4.912819706708236, "log10_colsample_bytree": -0.8368759030121352, "log10_eta": -2.98782415687901, "log10_lambda": -1.5398133149743298, "log10_min_child_weight": 0.7555474856241001, "log10_subsample": -0.8786153320990583, "max_depth": 2.0, "num_boost_round": 17.0}, "datetime": {"datetime": "2024-01-19 01:46:36", "elapsed": 5697.985916, "delta": 0.00594}}
{"target": -13.758375403411913, "params": {"gamma": 938.3616242693784, "log10_alpha": -4.912819706708236, "log10_colsample_bytree": -0.8368759030121352, "log10_eta": -2.98782415687901, "log10_lambda": -1.5398133149743298, "log10_min_child_weight": 0.7555474856241001, "log10_subsample": -0.8786153320990583, "max_depth": 2.0, "num_boost_round": 18.0}, "datetime": {"datetime": "2024-01-19 01:46:36", "elapsed": 5697.991776, "delta": 0.00586}}
{"target": -13.758365275550997, "params": {"gamma": 938.3616242693784, "log10_alpha": -4.912819706708236, "log10_colsample_bytree": -0.8368759030121352, "log10_eta": -2.98782415687901, "log10_lambda": -1.5398133149743298, "log10_min_child_weight": 0.7555474856241001, "log10_subsample": -0.8786153320990583, "max_depth": 2.0, "num_boost_round": 19.0}, "datetime": {"datetime": "2024-01-19 01:46:36", "elapsed": 5697.997547, "delta": 0.005771}}
{"target": -13.758361989205026, "params": {"gamma": 938.3616242693784, "log10_alpha": -4.912819706708236, "log10_colsample_bytree": -0.8368759030121352, "log10_eta": -2.98782415687901, "log10_lambda": -1.5398133149743298, "log10_min_child_weight": 0.7555474856241001, "log10_subsample": -0.8786153320990583, "max_depth": 2.0, "num_boost_round": 20.0}, "datetime": {"datetime": "2024-01-19 01:46:36", "elapsed": 5698.003418, "delta": 0.005871}}
{"target": -13.758348653604617, "params": {"gamma": 938.3616242693784, "log10_alpha": -4.912819706708236, "log10_colsample_bytree": -0.8368759030121352, "log10_eta": -2.98782415687901, "log10_lambda": -1.5398133149743298, "log10_min_child_weight": 0.7555474856241001, "log10_subsample": -0.8786153320990583, "max_depth": 2.0, "num_boost_round": 21.0}, "datetime": {"datetime": "2024-01-19 01:46:37", "elapsed": 5698.009291, "delta": 0.005873}}
{"target": -13.758308180872644, "params": {"gamma": 938.3616242693784, "log10_alpha": -4.912819706708236, "log10_colsample_bytree": -0.8368759030121352, "log10_eta": -2.98782415687901, "log10_lambda": -1.5398133149743298, "log10_min_child_weight": 0.7555474856241001, "log10_subsample": -0.8786153320990583, "max_depth": 2.0, "num_boost_round": 22.0}, "datetime": {"datetime": "2024-01-19 01:46:37", "elapsed": 5698.01514, "delta": 0.005849}}
{"target": -13.758287353448122, "params": {"gamma": 938.3616242693784, "log10_alpha": -4.912819706708236, "log10_colsample_bytree": -0.8368759030121352, "log10_eta": -2.98782415687901, "log10_lambda": -1.5398133149743298, "log10_min_child_weight": 0.7555474856241001, "log10_subsample": -0.8786153320990583, "max_depth": 2.0, "num_boost_round": 23.0}, "datetime": {"datetime": "2024-01-19 01:46:37", "elapsed": 5698.02117, "delta": 0.00603}}
{"target": -13.758285809935039, "params": {"gamma": 938.3616242693784, "log10_alpha": -4.912819706708236, "log10_colsample_bytree": -0.8368759030121352, "log10_eta": -2.98782415687901, "log10_lambda": -1.5398133149743298, "log10_min_child_weight": 0.7555474856241001, "log10_subsample": -0.8786153320990583, "max_depth": 2.0, "num_boost_round": 24.0}, "datetime": {"datetime": "2024-01-19 01:46:37", "elapsed": 5698.027294, "delta": 0.006124}}
{"target": -13.758270443264575, "params": {"gamma": 938.3616242693784, "log10_alpha": -4.912819706708236, "log10_colsample_bytree": -0.8368759030121352, "log10_eta": -2.98782415687901, "log10_lambda": -1.5398133149743298, "log10_min_child_weight": 0.7555474856241001, "log10_subsample": -0.8786153320990583, "max_depth": 2.0, "num_boost_round": 25.0}, "datetime": {"datetime": "2024-01-19 01:46:37", "elapsed": 5698.033809, "delta": 0.006515}}
{"target": -13.758266039536942, "params": {"gamma": 938.3616242693784, "log10_alpha": -4.912819706708236, "log10_colsample_bytree": -0.8368759030121352, "log10_eta": -2.98782415687901, "log10_lambda": -1.5398133149743298, "log10_min_child_weight": 0.7555474856241001, "log10_subsample": -0.8786153320990583, "max_depth": 2.0, "num_boost_round": 26.0}, "datetime": {"datetime": "2024-01-19 01:46:37", "elapsed": 5698.04028, "delta": 0.006471}}
{"target": -13.75826056175532, "params": {"gamma": 938.3616242693784, "log10_alpha": -4.912819706708236, "log10_colsample_bytree": -0.8368759030121352, "log10_eta": -2.98782415687901, "log10_lambda": -1.5398133149743298, "log10_min_child_weight": 0.7555474856241001, "log10_subsample": -0.8786153320990583, "max_depth": 2.0, "num_boost_round": 27.0}, "datetime": {"datetime": "2024-01-19 01:46:37", "elapsed": 5698.046583, "delta": 0.006303}}
{"target": -13.758244188575384, "params": {"gamma": 938.3616242693784, "log10_alpha": -4.912819706708236, "log10_colsample_bytree": -0.8368759030121352, "log10_eta": -2.98782415687901, "log10_lambda": -1.5398133149743298, "log10_min_child_weight": 0.7555474856241001, "log10_subsample": -0.8786153320990583, "max_depth": 2.0, "num_boost_round": 28.0}, "datetime": {"datetime": "2024-01-19 01:46:37", "elapsed": 5698.052449, "delta": 0.005866}}
{"target": -13.758229856248686, "params": {"gamma": 938.3616242693784, "log10_alpha": -4.912819706708236, "log10_colsample_bytree": -0.8368759030121352, "log10_eta": -2.98782415687901, "log10_lambda": -1.5398133149743298, "log10_min_child_weight": 0.7555474856241001, "log10_subsample": -0.8786153320990583, "max_depth": 2.0, "num_boost_round": 29.0}, "datetime": {"datetime": "2024-01-19 01:46:37", "elapsed": 5698.058236, "delta": 0.005787}}
{"target": -13.758212248406892, "params": {"gamma": 938.3616242693784, "log10_alpha": -4.912819706708236, "log10_colsample_bytree": -0.8368759030121352, "log10_eta": -2.98782415687901, "log10_lambda": -1.5398133149743298, "log10_min_child_weight": 0.7555474856241001, "log10_subsample": -0.8786153320990583, "max_depth": 2.0, "num_boost_round": 30.0}, "datetime": {"datetime": "2024-01-19 01:46:37", "elapsed": 5698.064038, "delta": 0.005802}}
{"target": -13.75819987665968, "params": {"gamma": 938.3616242693784, "log10_alpha": -4.912819706708236, "log10_colsample_bytree": -0.8368759030121352, "log10_eta": -2.98782415687901, "log10_lambda": -1.5398133149743298, "log10_min_child_weight": 0.7555474856241001, "log10_subsample": -0.8786153320990583, "max_depth": 2.0, "num_boost_round": 31.0}, "datetime": {"datetime": "2024-01-19 01:46:37", "elapsed": 5698.069743, "delta": 0.005705}}
{"target": -13.758190345063424, "params": {"gamma": 938.3616242693784, "log10_alpha": -4.912819706708236, "log10_colsample_bytree": -0.8368759030121352, "log10_eta": -2.98782415687901, "log10_lambda": -1.5398133149743298, "log10_min_child_weight": 0.7555474856241001, "log10_subsample": -0.8786153320990583, "max_depth": 2.0, "num_boost_round": 32.0}, "datetime": {"datetime": "2024-01-19 01:46:37", "elapsed": 5698.075471, "delta": 0.005728}}
{"target": -13.758183221105533, "params": {"gamma": 938.3616242693784, "log10_alpha": -4.912819706708236, "log10_colsample_bytree": -0.8368759030121352, "log10_eta": -2.98782415687901, "log10_lambda": -1.5398133149743298, "log10_min_child_weight": 0.7555474856241001, "log10_subsample": -0.8786153320990583, "max_depth": 2.0, "num_boost_round": 33.0}, "datetime": {"datetime": "2024-01-19 01:46:37", "elapsed": 5698.081263, "delta": 0.005792}}
{"target": -13.758169198435356, "params": {"gamma": 938.3616242693784, "log10_alpha": -4.912819706708236, "log10_colsample_bytree": -0.8368759030121352, "log10_eta": -2.98782415687901, "log10_lambda": -1.5398133149743298, "log10_min_child_weight": 0.7555474856241001, "log10_subsample": -0.8786153320990583, "max_depth": 2.0, "num_boost_round": 34.0}, "datetime": {"datetime": "2024-01-19 01:46:37", "elapsed": 5698.087164, "delta": 0.005901}}
{"target": -13.7585360644876, "params": {"gamma": 927.5635198625887, "log10_alpha": -2.992557740147065, "log10_colsample_bytree": -0.27882529630531405, "log10_eta": -3.5163414572585174, "log10_lambda": -4.243640707642431, "log10_min_child_weight": 4.297060061252109, "log10_subsample": -0.3973933740293807, "max_depth": 7.0, "num_boost_round": 0.0}, "datetime": {"datetime": "2024-01-19 01:47:37", "elapsed": 5758.558738, "delta": 60.471574}}
{"target": -13.758535013619028, "params": {"gamma": 927.5635198625887, "log10_alpha": -2.992557740147065, "log10_colsample_bytree": -0.27882529630531405, "log10_eta": -3.5163414572585174, "log10_lambda": -4.243640707642431, "log10_min_child_weight": 4.297060061252109, "log10_subsample": -0.3973933740293807, "max_depth": 7.0, "num_boost_round": 1.0}, "datetime": {"datetime": "2024-01-19 01:47:37", "elapsed": 5758.565386, "delta": 0.006648}}
{"target": -13.758538124191503, "params": {"gamma": 927.5635198625887, "log10_alpha": -2.992557740147065, "log10_colsample_bytree": -0.27882529630531405, "log10_eta": -3.5163414572585174, "log10_lambda": -4.243640707642431, "log10_min_child_weight": 4.297060061252109, "log10_subsample": -0.3973933740293807, "max_depth": 7.0, "num_boost_round": 2.0}, "datetime": {"datetime": "2024-01-19 01:47:37", "elapsed": 5758.571316, "delta": 0.00593}}
{"target": -13.758536913931444, "params": {"gamma": 927.5635198625887, "log10_alpha": -2.992557740147065, "log10_colsample_bytree": -0.27882529630531405, "log10_eta": -3.5163414572585174, "log10_lambda": -4.243640707642431, "log10_min_child_weight": 4.297060061252109, "log10_subsample": -0.3973933740293807, "max_depth": 7.0, "num_boost_round": 3.0}, "datetime": {"datetime": "2024-01-19 01:47:37", "elapsed": 5758.57707, "delta": 0.005754}}
