{"target": -13.753560203229828, "params": {"gamma": 710.3180921335666, "log10_alpha": -3.629888461926165, "log10_colsample_bytree": -0.59694611558642, "log10_eta": -2.188257004169539, "log10_lambda": -4.937532426150876, "log10_min_child_weight": 0.4838359423649208, "log10_subsample": -0.9922737236862789, "max_depth": 9.0, "num_boost_round": 55.0}, "datetime": {"datetime": "2024-01-19 00:59:00", "elapsed": 2839.526104, "delta": 0.003072}}
{"target": -13.75358059678989, "params": {"gamma": 710.3180921335666, "log10_alpha": -3.629888461926165, "log10_colsample_bytree": -0.59694611558642, "log10_eta": -2.188257004169539, "log10_lambda": -4.937532426150876, "log10_min_child_weight": 0.4838359423649208, "log10_subsample": -0.9922737236862789, "max_depth": 9.0, "num_boost_round": 56.0}, "datetime": {"datetime": "2024-01-19 00:59:00", "elapsed": 2839.529204, "delta": 0.0031}}
{"target": -13.753626627709373, "params": {"gamma": 710.3180921335666, "log10_alpha": -3.629888461926165, "log10_colsample_bytree": -0.59694611558642, "log10_eta": -2.188257004169539, "log10_lambda": -4.937532426150876, "log10_min_child_weight": 0.4838359423649208, "log10_subsample": -0.9922737236862789, "max_depth": 9.0, "num_boost_round": 57.0}, "datetime": {"datetime": "2024-01-19 00:59:00", "elapsed": 2839.532321, "delta": 0.003117}}
{"target": -13.75347001720175, "params": {"gamma": 710.3180921335666, "log10_alpha": -3.629888461926165, "log10_colsample_bytree": -0.59694611558642, "log10_eta": -2.188257004169539, "log10_lambda": -4.937532426150876, "log10_min_child_weight": 0.4838359423649208, "log10_subsample": -0.9922737236862789, "max_depth": 9.0, "num_boost_round": 58.0}, "datetime": {"datetime": "2024-01-19 00:59:00", "elapsed": 2839.535355, "delta": 0.003034}}
{"target": -13.753866571331889, "params": {"gamma": 710.3180921335666, "log10_alpha": -3.629888461926165, "log10_colsample_bytree": -0.59694611558642, "log10_eta": -2.188257004169539, "log10_lambda": -4.937532426150876, "log10_min_child_weight": 0.4838359423649208, "log10_subsample": -0.9922737236862789, "max_depth": 9.0, "num_boost_round": 59.0}, "datetime": {"datetime": "2024-01-19 00:59:00", "elapsed": 2839.538438, "delta": 0.003083}}
{"target": -13.754146378793509, "params": {"gamma": 710.3180921335666, "log10_alpha": -3.629888461926165, "log10_colsample_bytree": -0.59694611558642, "log10_eta": -2.188257004169539, "log10_lambda": -4.937532426150876, "log10_min_child_weight": 0.4838359423649208, "log10_subsample": -0.9922737236862789, "max_depth": 9.0, "num_boost_round": 60.0}, "datetime": {"datetime": "2024-01-19 00:59:00", "elapsed": 2839.541514, "delta": 0.003076}}
{"target": -13.754130708036127, "params": {"gamma": 710.3180921335666, "log10_alpha": -3.629888461926165, "log10_colsample_bytree": -0.59694611558642, "log10_eta": -2.188257004169539, "log10_lambda": -4.937532426150876, "log10_min_child_weight": 0.4838359423649208, "log10_subsample": -0.9922737236862789, "max_depth": 9.0, "num_boost_round": 61.0}, "datetime": {"datetime": "2024-01-19 00:59:00", "elapsed": 2839.54455, "delta": 0.003036}}
{"target": -13.754859991159375, "params": {"gamma": 710.3180921335666, "log10_alpha": -3.629888461926165, "log10_colsample_bytree": -0.59694611558642, "log10_eta": -2.188257004169539, "log10_lambda": -4.937532426150876, "log10_min_child_weight": 0.4838359423649208, "log10_subsample": -0.9922737236862789, "max_depth": 9.0, "num_boost_round": 62.0}, "datetime": {"datetime": "2024-01-19 00:59:00", "elapsed": 2839.547565, "delta": 0.003015}}
{"target": -13.75493381881168, "params": {"gamma": 710.3180921335666, "log10_alpha": -3.629888461926165, "log10_colsample_bytree": -0.59694611558642, "log10_eta": -2.188257004169539, "log10_lambda": -4.937532426150876, "log10_min_child_weight": 0.4838359423649208, "log10_subsample": -0.9922737236862789, "max_depth": 9.0, "num_boost_round": 63.0}, "datetime": {"datetime": "2024-01-19 00:59:00", "elapsed": 2839.55069, "delta": 0.003125}}
{"target": -13.754587496260967, "params": {"gamma": 710.3180921335666, "log10_alpha": -3.629888461926165, "log10_colsample_bytree": -0.59694611558642, "log10_eta": -2.188257004169539, "log10_lambda": -4.937532426150876, "log10_min_child_weight": 0.4838359423649208, "log10_subsample": -0.9922737236862789, "max_depth": 9.0, "num_boost_round": 64.0}, "datetime": {"datetime": "2024-01-19 00:59:00", "elapsed": 2839.553763, "delta": 0.003073}}
{"target": -13.754295385120026, "params": {"gamma": 710.3180921335666, "log10_alpha": -3.629888461926165, "log10_colsample_bytree": -0.59694611558642, "log10_eta": -2.188257004169539, "log10_lambda": -4.937532426150876, "log10_min_child_weight": 0.4838359423649208, "log10_subsample": -0.9922737236862789, "max_depth": 9.0, "num_boost_round": 65.0}, "datetime": {"datetime": "2024-01-19 00:59:00", "elapsed": 2839.556792, "delta": 0.003029}}
{"target": -13.754345278854435, "params": {"gamma": 710.3180921335666, "log10_alpha": -3.629888461926165, "log10_colsample_bytree": -0.59694611558642, "log10_eta": -2.188257004169539, "log10_lambda": -4.937532426150876, "log10_min_child_weight": 0.4838359423649208, "log10_subsample": -0.9922737236862789, "max_depth": 9.0, "num_boost_round": 66.0}, "datetime": {"datetime": "2024-01-19 00:59:00", "elapsed": 2839.559879, "delta": 0.003087}}
{"target": -13.758538444428567, "params": {"gamma": 84.70052352545875, "log10_alpha": -5.0, "log10_colsample_bytree": -1.0, "log10_eta": -4.0, "log10_lambda": -0.738007934037165, "log10_min_child_weight": 5.0, "log10_subsample": 0.0, "max_depth": 10.0, "num_boost_round": 0.0}, "datetime": {"datetime": "2024-01-19 00:59:44", "elapsed": 2883.403381, "delta": 43.843502}}
{"target": -13.758537742151967, "params": {"gamma": 84.70052352545875, "log10_alpha": -5.0, "log10_colsample_bytree": -1.0, "log10_eta": -4.0, "log10_lambda": -0.738007934037165, "log10_min_child_weight": 5.0, "log10_subsample": 0.0, "max_depth": 10.0, "num_boost_round": 1.0}, "datetime": {"datetime": "2024-01-19 00:59:44", "elapsed": 2883.407363, "delta": 0.003982}}
{"target": -13.758537378288842, "params": {"gamma": 84.70052352545875, "log10_alpha": -5.0, "log10_colsample_bytree": -1.0, "log10_eta": -4.0, "log10_lambda": -0.738007934037165, "log10_min_child_weight": 5.0, "log10_subsample": 0.0, "max_depth": 10.0, "num_boost_round": 2.0}, "datetime": {"datetime": "2024-01-19 00:59:44", "elapsed": 2883.410641, "delta": 0.003278}}
{"target": -13.758537587448414, "params": {"gamma": 84.70052352545875, "log10_alpha": -5.0, "log10_colsample_bytree": -1.0, "log10_eta": -4.0, "log10_lambda": -0.738007934037165, "log10_min_child_weight": 5.0, "log10_subsample": 0.0, "max_depth": 10.0, "num_boost_round": 3.0}, "datetime": {"datetime": "2024-01-19 00:59:44", "elapsed": 2883.413953, "delta": 0.003312}}
{"target": -13.758537455301381, "params": {"gamma": 84.70052352545875, "log10_alpha": -5.0, "log10_colsample_bytree": -1.0, "log10_eta": -4.0, "log10_lambda": -0.738007934037165, "log10_min_child_weight": 5.0, "log10_subsample": 0.0, "max_depth": 10.0, "num_boost_round": 4.0}, "datetime": {"datetime": "2024-01-19 00:59:44", "elapsed": 2883.417005, "delta": 0.003052}}
{"target": -13.75853737482406, "params": {"gamma": 84.70052352545875, "log10_alpha": -5.0, "log10_colsample_bytree": -1.0, "log10_eta": -4.0, "log10_lambda": -0.738007934037165, "log10_min_child_weight": 5.0, "log10_subsample": 0.0, "max_depth": 10.0, "num_boost_round": 5.0}, "datetime": {"datetime": "2024-01-19 00:59:44", "elapsed": 2883.420134, "delta": 0.003129}}
{"target": -13.758536984710977, "params": {"gamma": 84.70052352545875, "log10_alpha": -5.0, "log10_colsample_bytree": -1.0, "log10_eta": -4.0, "log10_lambda": -0.738007934037165, "log10_min_child_weight": 5.0, "log10_subsample": 0.0, "max_depth": 10.0, "num_boost_round": 6.0}, "datetime": {"datetime": "2024-01-19 00:59:44", "elapsed": 2883.423259, "delta": 0.003125}}
{"target": -13.758536111907635, "params": {"gamma": 84.70052352545875, "log10_alpha": -5.0, "log10_colsample_bytree": -1.0, "log10_eta": -4.0, "log10_lambda": -0.738007934037165, "log10_min_child_weight": 5.0, "log10_subsample": 0.0, "max_depth": 10.0, "num_boost_round": 7.0}, "datetime": {"datetime": "2024-01-19 00:59:44", "elapsed": 2883.426435, "delta": 0.003176}}
{"target": -13.758536153434667, "params": {"gamma": 84.70052352545875, "log10_alpha": -5.0, "log10_colsample_bytree": -1.0, "log10_eta": -4.0, "log10_lambda": -0.738007934037165, "log10_min_child_weight": 5.0, "log10_subsample": 0.0, "max_depth": 10.0, "num_boost_round": 8.0}, "datetime": {"datetime": "2024-01-19 00:59:44", "elapsed": 2883.429577, "delta": 0.003142}}
{"target": -13.758535989227227, "params": {"gamma": 84.70052352545875, "log10_alpha": -5.0, "log10_colsample_bytree": -1.0, "log10_eta": -4.0, "log10_lambda": -0.738007934037165, "log10_min_child_weight": 5.0, "log10_subsample": 0.0, "max_depth": 10.0, "num_boost_round": 9.0}, "datetime": {"datetime": "2024-01-19 00:59:44", "elapsed": 2883.432959, "delta": 0.003382}}
{"target": -13.75853603535498, "params": {"gamma": 84.70052352545875, "log10_alpha": -5.0, "log10_colsample_bytree": -1.0, "log10_eta": -4.0, "log10_lambda": -0.738007934037165, "log10_min_child_weight": 5.0, "log10_subsample": 0.0, "max_depth": 10.0, "num_boost_round": 10.0}, "datetime": {"datetime": "2024-01-19 00:59:44", "elapsed": 2883.436308, "delta": 0.003349}}
{"target": -13.758535852219007, "params": {"gamma": 84.70052352545875, "log10_alpha": -5.0, "log10_colsample_bytree": -1.0, "log10_eta": -4.0, "log10_lambda": -0.738007934037165, "log10_min_child_weight": 5.0, "log10_subsample": 0.0, "max_depth": 10.0, "num_boost_round": 11.0}, "datetime": {"datetime": "2024-01-19 00:59:44", "elapsed": 2883.439458, "delta": 0.00315}}
{"target": -13.758535192063045, "params": {"gamma": 84.70052352545875, "log10_alpha": -5.0, "log10_colsample_bytree": -1.0, "log10_eta": -4.0, "log10_lambda": -0.738007934037165, "log10_min_child_weight": 5.0, "log10_subsample": 0.0, "max_depth": 10.0, "num_boost_round": 12.0}, "datetime": {"datetime": "2024-01-19 00:59:44", "elapsed": 2883.442553, "delta": 0.003095}}
{"target": -13.758534268775223, "params": {"gamma": 84.70052352545875, "log10_alpha": -5.0, "log10_colsample_bytree": -1.0, "log10_eta": -4.0, "log10_lambda": -0.738007934037165, "log10_min_child_weight": 5.0, "log10_subsample": 0.0, "max_depth": 10.0, "num_boost_round": 13.0}, "datetime": {"datetime": "2024-01-19 00:59:44", "elapsed": 2883.445736, "delta": 0.003183}}
{"target": -13.758533974145683, "params": {"gamma": 84.70052352545875, "log10_alpha": -5.0, "log10_colsample_bytree": -1.0, "log10_eta": -4.0, "log10_lambda": -0.738007934037165, "log10_min_child_weight": 5.0, "log10_subsample": 0.0, "max_depth": 10.0, "num_boost_round": 14.0}, "datetime": {"datetime": "2024-01-19 00:59:44", "elapsed": 2883.448895, "delta": 0.003159}}
{"target": -13.758532785596543, "params": {"gamma": 84.70052352545875, "log10_alpha": -5.0, "log10_colsample_bytree": -1.0, "log10_eta": -4.0, "log10_lambda": -0.738007934037165, "log10_min_child_weight": 5.0, "log10_subsample": 0.0, "max_depth": 10.0, "num_boost_round": 15.0}, "datetime": {"datetime": "2024-01-19 00:59:44", "elapsed": 2883.452013, "delta": 0.003118}}
{"target": -13.75853178739721, "params": {"gamma": 84.70052352545875, "log10_alpha": -5.0, "log10_colsample_bytree": -1.0, "log10_eta": -4.0, "log10_lambda": -0.738007934037165, "log10_min_child_weight": 5.0, "log10_subsample": 0.0, "max_depth": 10.0, "num_boost_round": 16.0}, "datetime": {"datetime": "2024-01-19 00:59:44", "elapsed": 2883.455196, "delta": 0.003183}}
{"target": -13.75853196889476, "params": {"gamma": 84.70052352545875, "log10_alpha": -5.0, "log10_colsample_bytree": -1.0, "log10_eta": -4.0, "log10_lambda": -0.738007934037165, "log10_min_child_weight": 5.0, "log10_subsample": 0.0, "max_depth": 10.0, "num_boost_round": 17.0}, "datetime": {"datetime": "2024-01-19 00:59:44", "elapsed": 2883.458327, "delta": 0.003131}}
{"target": -13.758531466730464, "params": {"gamma": 84.70052352545875, "log10_alpha": -5.0, "log10_colsample_bytree": -1.0, "log10_eta": -4.0, "log10_lambda": -0.738007934037165, "log10_min_child_weight": 5.0, "log10_subsample": 0.0, "max_depth": 10.0, "num_boost_round": 18.0}, "datetime": {"datetime": "2024-01-19 00:59:44", "elapsed": 2883.46137, "delta": 0.003043}}
{"target": -13.758530962544315, "params": {"gamma": 84.70052352545875, "log10_alpha": -5.0, "log10_colsample_bytree": -1.0, "log10_eta": -4.0, "log10_lambda": -0.738007934037165, "log10_min_child_weight": 5.0, "log10_subsample": 0.0, "max_depth": 10.0, "num_boost_round": 19.0}, "datetime": {"datetime": "2024-01-19 00:59:44", "elapsed": 2883.46458, "delta": 0.00321}}
{"target": -13.758531012655382, "params": {"gamma": 84.70052352545875, "log10_alpha": -5.0, "log10_colsample_bytree": -1.0, "log10_eta": -4.0, "log10_lambda": -0.738007934037165, "log10_min_child_weight": 5.0, "log10_subsample": 0.0, "max_depth": 10.0, "num_boost_round": 20.0}, "datetime": {"datetime": "2024-01-19 00:59:44", "elapsed": 2883.467689, "delta": 0.003109}}
{"target": -13.758530460397417, "params": {"gamma": 84.70052352545875, "log10_alpha": -5.0, "log10_colsample_bytree": -1.0, "log10_eta": -4.0, "log10_lambda": -0.738007934037165, "log10_min_child_weight": 5.0, "log10_subsample": 0.0, "max_depth": 10.0, "num_boost_round": 21.0}, "datetime": {"datetime": "2024-01-19 00:59:44", "elapsed": 2883.470842, "delta": 0.003153}}
{"target": -13.75853070205911, "params": {"gamma": 84.70052352545875, "log10_alpha": -5.0, "log10_colsample_bytree": -1.0, "log10_eta": -4.0, "log10_lambda": -0.738007934037165, "log10_min_child_weight": 5.0, "log10_subsample": 0.0, "max_depth": 10.0, "num_boost_round": 22.0}, "datetime": {"datetime": "2024-01-19 00:59:44", "elapsed": 2883.474511, "delta": 0.003669}}
{"target": -13.75853037065537, "params": {"gamma": 84.70052352545875, "log10_alpha": -5.0, "log10_colsample_bytree": -1.0, "log10_eta": -4.0, "log10_lambda": -0.738007934037165, "log10_min_child_weight": 5.0, "log10_subsample": 0.0, "max_depth": 10.0, "num_boost_round": 23.0}, "datetime": {"datetime": "2024-01-19 00:59:44", "elapsed": 2883.477608, "delta": 0.003097}}
{"target": -13.758530759341403, "params": {"gamma": 84.70052352545875, "log10_alpha": -5.0, "log10_colsample_bytree": -1.0, "log10_eta": -4.0, "log10_lambda": -0.738007934037165, "log10_min_child_weight": 5.0, "log10_subsample": 0.0, "max_depth": 10.0, "num_boost_round": 24.0}, "datetime": {"datetime": "2024-01-19 00:59:44", "elapsed": 2883.480699, "delta": 0.003091}}
{"target": -13.75853064480393, "params": {"gamma": 84.70052352545875, "log10_alpha": -5.0, "log10_colsample_bytree": -1.0, "log10_eta": -4.0, "log10_lambda": -0.738007934037165, "log10_min_child_weight": 5.0, "log10_subsample": 0.0, "max_depth": 10.0, "num_boost_round": 25.0}, "datetime": {"datetime": "2024-01-19 00:59:44", "elapsed": 2883.483998, "delta": 0.003299}}
{"target": -13.758531392310125, "params": {"gamma": 84.70052352545875, "log10_alpha": -5.0, "log10_colsample_bytree": -1.0, "log10_eta": -4.0, "log10_lambda": -0.738007934037165, "log10_min_child_weight": 5.0, "log10_subsample": 0.0, "max_depth": 10.0, "num_boost_round": 26.0}, "datetime": {"datetime": "2024-01-19 00:59:44", "elapsed": 2883.487296, "delta": 0.003298}}
{"target": -13.758530729959087, "params": {"gamma": 84.70052352545875, "log10_alpha": -5.0, "log10_colsample_bytree": -1.0, "log10_eta": -4.0, "log10_lambda": -0.738007934037165, "log10_min_child_weight": 5.0, "log10_subsample": 0.0, "max_depth": 10.0, "num_boost_round": 27.0}, "datetime": {"datetime": "2024-01-19 00:59:44", "elapsed": 2883.490556, "delta": 0.00326}}
{"target": -13.758529671973971, "params": {"gamma": 84.70052352545875, "log10_alpha": -5.0, "log10_colsample_bytree": -1.0, "log10_eta": -4.0, "log10_lambda": -0.738007934037165, "log10_min_child_weight": 5.0, "log10_subsample": 0.0, "max_depth": 10.0, "num_boost_round": 28.0}, "datetime": {"datetime": "2024-01-19 00:59:44", "elapsed": 2883.493679, "delta": 0.003123}}
{"target": -13.758528660782654, "params": {"gamma": 84.70052352545875, "log10_alpha": -5.0, "log10_colsample_bytree": -1.0, "log10_eta": -4.0, "log10_lambda": -0.738007934037165, "log10_min_child_weight": 5.0, "log10_subsample": 0.0, "max_depth": 10.0, "num_boost_round": 29.0}, "datetime": {"datetime": "2024-01-19 00:59:44", "elapsed": 2883.496816, "delta": 0.003137}}
{"target": -13.75852831242201, "params": {"gamma": 84.70052352545875, "log10_alpha": -5.0, "log10_colsample_bytree": -1.0, "log10_eta": -4.0, "log10_lambda": -0.738007934037165, "log10_min_child_weight": 5.0, "log10_subsample": 0.0, "max_depth": 10.0, "num_boost_round": 30.0}, "datetime": {"datetime": "2024-01-19 00:59:44", "elapsed": 2883.49995, "delta": 0.003134}}
{"target": -13.758528548866716, "params": {"gamma": 84.70052352545875, "log10_alpha": -5.0, "log10_colsample_bytree": -1.0, "log10_eta": -4.0, "log10_lambda": -0.738007934037165, "log10_min_child_weight": 5.0, "log10_subsample": 0.0, "max_depth": 10.0, "num_boost_round": 31.0}, "datetime": {"datetime": "2024-01-19 00:59:44", "elapsed": 2883.503082, "delta": 0.003132}}
{"target": -13.758655777305872, "params": {"gamma": 705.4019137810927, "log10_alpha": -2.6742922304762384, "log10_colsample_bytree": -0.23806117697329388, "log10_eta": -2.7726381340291506, "log10_lambda": -4.787682581414787, "log10_min_child_weight": 0.013617564739164534, "log10_subsample": -0.8246457629171399, "max_depth": 9.0, "num_boost_round": 0.0}, "datetime": {"datetime": "2024-01-19 01:00:49", "elapsed": 2949.060998, "delta": 65.557916}}
{"target": -13.758700072544922, "params": {"gamma": 705.4019137810927, "log10_alpha": -2.6742922304762384, "log10_colsample_bytree": -0.23806117697329388, "log10_eta": -2.7726381340291506, "log10_lambda": -4.787682581414787, "log10_min_child_weight": 0.013617564739164534, "log10_subsample": -0.8246457629171399, "max_depth": 9.0, "num_boost_round": 1.0}, "datetime": {"datetime": "2024-01-19 01:00:49", "elapsed": 2949.06513, "delta": 0.004132}}
{"target": -13.75862514216437, "params": {"gamma": 705.4019137810927, "log10_alpha": -2.6742922304762384, "log10_colsample_bytree": -0.23806117697329388, "log10_eta": -2.7726381340291506, "log10_lambda": -4.787682581414787, "log10_min_child_weight": 0.013617564739164534, "log10_subsample": -0.8246457629171399, "max_depth": 9.0, "num_boost_round": 2.0}, "datetime": {"datetime": "2024-01-19 01:00:49", "elapsed": 2949.068518, "delta": 0.003388}}
{"target": -13.758535907371709, "params": {"gamma": 705.4019137810927, "log10_alpha": -2.6742922304762384, "log10_colsample_bytree": -0.23806117697329388, "log10_eta": -2.7726381340291506, "log10_lambda": -4.787682581414787, "log10_min_child_weight": 0.013617564739164534, "log10_subsample": -0.8246457629171399, "max_depth": 9.0, "num_boost_round": 3.0}, "datetime": {"datetime": "2024-01-19 01:00:49", "elapsed": 2949.071685, "delta": 0.003167}}
{"target": -13.758507558664679, "params": {"gamma": 705.4019137810927, "log10_alpha": -2.6742922304762384, "log10_colsample_bytree": -0.23806117697329388, "log10_eta": -2.7726381340291506, "log10_lambda": -4.787682581414787, "log10_min_child_weight": 0.013617564739164534, "log10_subsample": -0.8246457629171399, "max_depth": 9.0, "num_boost_round": 4.0}, "datetime": {"datetime": "2024-01-19 01:00:49", "elapsed": 2949.074905, "delta": 0.00322}}
{"target": -13.758354369113823, "params": {"gamma": 705.4019137810927, "log10_alpha": -2.6742922304762384, "log10_colsample_bytree": -0.23806117697329388, "log10_eta": -2.7726381340291506, "log10_lambda": -4.787682581414787, "log10_min_child_weight": 0.013617564739164534, "log10_subsample": -0.8246457629171399, "max_depth": 9.0, "num_boost_round": 5.0}, "datetime": {"datetime": "2024-01-19 01:00:49", "elapsed": 2949.077971, "delta": 0.003066}}
{"target": -13.758247365019107, "params": {"gamma": 705.4019137810927, "log10_alpha": -2.6742922304762384, "log10_colsample_bytree": -0.23806117697329388, "log10_eta": -2.7726381340291506, "log10_lambda": -4.787682581414787, "log10_min_child_weight": 0.013617564739164534, "log10_subsample": -0.8246457629171399, "max_depth": 9.0, "num_boost_round": 6.0}, "datetime": {"datetime": "2024-01-19 01:00:49", "elapsed": 2949.081038, "delta": 0.003067}}
{"target": -13.758306243232356, "params": {"gamma": 705.4019137810927, "log10_alpha": -2.6742922304762384, "log10_colsample_bytree": -0.23806117697329388, "log10_eta": -2.7726381340291506, "log10_lambda": -4.787682581414787, "log10_min_child_weight": 0.013617564739164534, "log10_subsample": -0.8246457629171399, "max_depth": 9.0, "num_boost_round": 7.0}, "datetime": {"datetime": "2024-01-19 01:00:49", "elapsed": 2949.084343, "delta": 0.003305}}
{"target": -13.758288131636286, "params": {"gamma": 705.4019137810927, "log10_alpha": -2.6742922304762384, "log10_colsample_bytree": -0.23806117697329388, "log10_eta": -2.7726381340291506, "log10_lambda": -4.787682581414787, "log10_min_child_weight": 0.013617564739164534, "log10_subsample": -0.8246457629171399, "max_depth": 9.0, "num_boost_round": 8.0}, "datetime": {"datetime": "2024-01-19 01:00:50", "elapsed": 2949.087555, "delta": 0.003212}}
{"target": -13.758307246100749, "params": {"gamma": 705.4019137810927, "log10_alpha": -2.6742922304762384, "log10_colsample_bytree": -0.23806117697329388, "log10_eta": -2.7726381340291506, "log10_lambda": -4.787682581414787, "log10_min_child_weight": 0.013617564739164534, "log10_subsample": -0.8246457629171399, "max_depth": 9.0, "num_boost_round": 9.0}, "datetime": {"datetime": "2024-01-19 01:00:50", "elapsed": 2949.090658, "delta": 0.003103}}
