{"target": -13.75794115356219, "params": {"gamma": 429.070877114629, "log10_alpha": 0.834091232496422, "log10_colsample_bytree": -0.34927899914618465, "log10_eta": -2.5280362834854446, "log10_lambda": -1.1850603061241403, "log10_min_child_weight": 0.9054188992900669, "log10_subsample": -0.716565997763952, "max_depth": 2.0, "num_boost_round": 29.0}, "datetime": {"datetime": "2024-01-19 00:41:48", "elapsed": 1812.010573, "delta": 0.003064}}
{"target": -13.757902085421483, "params": {"gamma": 429.070877114629, "log10_alpha": 0.834091232496422, "log10_colsample_bytree": -0.34927899914618465, "log10_eta": -2.5280362834854446, "log10_lambda": -1.1850603061241403, "log10_min_child_weight": 0.9054188992900669, "log10_subsample": -0.716565997763952, "max_depth": 2.0, "num_boost_round": 30.0}, "datetime": {"datetime": "2024-01-19 00:41:48", "elapsed": 1812.013506, "delta": 0.002933}}
{"target": -13.757899808171821, "params": {"gamma": 429.070877114629, "log10_alpha": 0.834091232496422, "log10_colsample_bytree": -0.34927899914618465, "log10_eta": -2.5280362834854446, "log10_lambda": -1.1850603061241403, "log10_min_child_weight": 0.9054188992900669, "log10_subsample": -0.716565997763952, "max_depth": 2.0, "num_boost_round": 31.0}, "datetime": {"datetime": "2024-01-19 00:41:48", "elapsed": 1812.016438, "delta": 0.002932}}
{"target": -13.757894983722036, "params": {"gamma": 429.070877114629, "log10_alpha": 0.834091232496422, "log10_colsample_bytree": -0.34927899914618465, "log10_eta": -2.5280362834854446, "log10_lambda": -1.1850603061241403, "log10_min_child_weight": 0.9054188992900669, "log10_subsample": -0.716565997763952, "max_depth": 2.0, "num_boost_round": 32.0}, "datetime": {"datetime": "2024-01-19 00:41:48", "elapsed": 1812.019373, "delta": 0.002935}}
{"target": -13.757894909952505, "params": {"gamma": 429.070877114629, "log10_alpha": 0.834091232496422, "log10_colsample_bytree": -0.34927899914618465, "log10_eta": -2.5280362834854446, "log10_lambda": -1.1850603061241403, "log10_min_child_weight": 0.9054188992900669, "log10_subsample": -0.716565997763952, "max_depth": 2.0, "num_boost_round": 33.0}, "datetime": {"datetime": "2024-01-19 00:41:48", "elapsed": 1812.022303, "delta": 0.00293}}
{"target": -13.757865155722195, "params": {"gamma": 429.070877114629, "log10_alpha": 0.834091232496422, "log10_colsample_bytree": -0.34927899914618465, "log10_eta": -2.5280362834854446, "log10_lambda": -1.1850603061241403, "log10_min_child_weight": 0.9054188992900669, "log10_subsample": -0.716565997763952, "max_depth": 2.0, "num_boost_round": 34.0}, "datetime": {"datetime": "2024-01-19 00:41:48", "elapsed": 1812.025223, "delta": 0.00292}}
{"target": -13.757882671288334, "params": {"gamma": 429.070877114629, "log10_alpha": 0.834091232496422, "log10_colsample_bytree": -0.34927899914618465, "log10_eta": -2.5280362834854446, "log10_lambda": -1.1850603061241403, "log10_min_child_weight": 0.9054188992900669, "log10_subsample": -0.716565997763952, "max_depth": 2.0, "num_boost_round": 35.0}, "datetime": {"datetime": "2024-01-19 00:41:48", "elapsed": 1812.028183, "delta": 0.00296}}
{"target": -13.757872204722503, "params": {"gamma": 429.070877114629, "log10_alpha": 0.834091232496422, "log10_colsample_bytree": -0.34927899914618465, "log10_eta": -2.5280362834854446, "log10_lambda": -1.1850603061241403, "log10_min_child_weight": 0.9054188992900669, "log10_subsample": -0.716565997763952, "max_depth": 2.0, "num_boost_round": 36.0}, "datetime": {"datetime": "2024-01-19 00:41:48", "elapsed": 1812.031221, "delta": 0.003038}}
{"target": -13.757879351228524, "params": {"gamma": 429.070877114629, "log10_alpha": 0.834091232496422, "log10_colsample_bytree": -0.34927899914618465, "log10_eta": -2.5280362834854446, "log10_lambda": -1.1850603061241403, "log10_min_child_weight": 0.9054188992900669, "log10_subsample": -0.716565997763952, "max_depth": 2.0, "num_boost_round": 37.0}, "datetime": {"datetime": "2024-01-19 00:41:48", "elapsed": 1812.034144, "delta": 0.002923}}
{"target": -13.757875453755748, "params": {"gamma": 429.070877114629, "log10_alpha": 0.834091232496422, "log10_colsample_bytree": -0.34927899914618465, "log10_eta": -2.5280362834854446, "log10_lambda": -1.1850603061241403, "log10_min_child_weight": 0.9054188992900669, "log10_subsample": -0.716565997763952, "max_depth": 2.0, "num_boost_round": 38.0}, "datetime": {"datetime": "2024-01-19 00:41:48", "elapsed": 1812.037074, "delta": 0.00293}}
{"target": -13.75787291899117, "params": {"gamma": 429.070877114629, "log10_alpha": 0.834091232496422, "log10_colsample_bytree": -0.34927899914618465, "log10_eta": -2.5280362834854446, "log10_lambda": -1.1850603061241403, "log10_min_child_weight": 0.9054188992900669, "log10_subsample": -0.716565997763952, "max_depth": 2.0, "num_boost_round": 39.0}, "datetime": {"datetime": "2024-01-19 00:41:48", "elapsed": 1812.040004, "delta": 0.00293}}
{"target": -13.757877952682984, "params": {"gamma": 429.070877114629, "log10_alpha": 0.834091232496422, "log10_colsample_bytree": -0.34927899914618465, "log10_eta": -2.5280362834854446, "log10_lambda": -1.1850603061241403, "log10_min_child_weight": 0.9054188992900669, "log10_subsample": -0.716565997763952, "max_depth": 2.0, "num_boost_round": 40.0}, "datetime": {"datetime": "2024-01-19 00:41:48", "elapsed": 1812.043011, "delta": 0.003007}}
{"target": -13.758532667100761, "params": {"gamma": 431.3263688244411, "log10_alpha": -2.9407123130505646, "log10_colsample_bytree": -0.25541251819876, "log10_eta": -3.7416809557633948, "log10_lambda": -0.07025956054731086, "log10_min_child_weight": 0.048705198754725454, "log10_subsample": -0.6924838661393108, "max_depth": 5.0, "num_boost_round": 0.0}, "datetime": {"datetime": "2024-01-19 00:42:27", "elapsed": 1850.884837, "delta": 38.841826}}
{"target": -13.758527853704205, "params": {"gamma": 431.3263688244411, "log10_alpha": -2.9407123130505646, "log10_colsample_bytree": -0.25541251819876, "log10_eta": -3.7416809557633948, "log10_lambda": -0.07025956054731086, "log10_min_child_weight": 0.048705198754725454, "log10_subsample": -0.6924838661393108, "max_depth": 5.0, "num_boost_round": 1.0}, "datetime": {"datetime": "2024-01-19 00:42:27", "elapsed": 1850.888995, "delta": 0.004158}}
{"target": -13.758522719676513, "params": {"gamma": 431.3263688244411, "log10_alpha": -2.9407123130505646, "log10_colsample_bytree": -0.25541251819876, "log10_eta": -3.7416809557633948, "log10_lambda": -0.07025956054731086, "log10_min_child_weight": 0.048705198754725454, "log10_subsample": -0.6924838661393108, "max_depth": 5.0, "num_boost_round": 2.0}, "datetime": {"datetime": "2024-01-19 00:42:27", "elapsed": 1850.892207, "delta": 0.003212}}
{"target": -13.75852152371448, "params": {"gamma": 431.3263688244411, "log10_alpha": -2.9407123130505646, "log10_colsample_bytree": -0.25541251819876, "log10_eta": -3.7416809557633948, "log10_lambda": -0.07025956054731086, "log10_min_child_weight": 0.048705198754725454, "log10_subsample": -0.6924838661393108, "max_depth": 5.0, "num_boost_round": 3.0}, "datetime": {"datetime": "2024-01-19 00:42:27", "elapsed": 1850.895176, "delta": 0.002969}}
{"target": -13.758509383376847, "params": {"gamma": 431.3263688244411, "log10_alpha": -2.9407123130505646, "log10_colsample_bytree": -0.25541251819876, "log10_eta": -3.7416809557633948, "log10_lambda": -0.07025956054731086, "log10_min_child_weight": 0.048705198754725454, "log10_subsample": -0.6924838661393108, "max_depth": 5.0, "num_boost_round": 4.0}, "datetime": {"datetime": "2024-01-19 00:42:27", "elapsed": 1850.898122, "delta": 0.002946}}
{"target": -13.758495664107832, "params": {"gamma": 431.3263688244411, "log10_alpha": -2.9407123130505646, "log10_colsample_bytree": -0.25541251819876, "log10_eta": -3.7416809557633948, "log10_lambda": -0.07025956054731086, "log10_min_child_weight": 0.048705198754725454, "log10_subsample": -0.6924838661393108, "max_depth": 5.0, "num_boost_round": 5.0}, "datetime": {"datetime": "2024-01-19 00:42:27", "elapsed": 1850.901082, "delta": 0.00296}}
{"target": -13.758496507501109, "params": {"gamma": 431.3263688244411, "log10_alpha": -2.9407123130505646, "log10_colsample_bytree": -0.25541251819876, "log10_eta": -3.7416809557633948, "log10_lambda": -0.07025956054731086, "log10_min_child_weight": 0.048705198754725454, "log10_subsample": -0.6924838661393108, "max_depth": 5.0, "num_boost_round": 6.0}, "datetime": {"datetime": "2024-01-19 00:42:27", "elapsed": 1850.904026, "delta": 0.002944}}
{"target": -13.75849424781916, "params": {"gamma": 431.3263688244411, "log10_alpha": -2.9407123130505646, "log10_colsample_bytree": -0.25541251819876, "log10_eta": -3.7416809557633948, "log10_lambda": -0.07025956054731086, "log10_min_child_weight": 0.048705198754725454, "log10_subsample": -0.6924838661393108, "max_depth": 5.0, "num_boost_round": 7.0}, "datetime": {"datetime": "2024-01-19 00:42:27", "elapsed": 1850.90698, "delta": 0.002954}}
{"target": -13.75849373741661, "params": {"gamma": 431.3263688244411, "log10_alpha": -2.9407123130505646, "log10_colsample_bytree": -0.25541251819876, "log10_eta": -3.7416809557633948, "log10_lambda": -0.07025956054731086, "log10_min_child_weight": 0.048705198754725454, "log10_subsample": -0.6924838661393108, "max_depth": 5.0, "num_boost_round": 8.0}, "datetime": {"datetime": "2024-01-19 00:42:27", "elapsed": 1850.910069, "delta": 0.003089}}
{"target": -13.758492299483175, "params": {"gamma": 431.3263688244411, "log10_alpha": -2.9407123130505646, "log10_colsample_bytree": -0.25541251819876, "log10_eta": -3.7416809557633948, "log10_lambda": -0.07025956054731086, "log10_min_child_weight": 0.048705198754725454, "log10_subsample": -0.6924838661393108, "max_depth": 5.0, "num_boost_round": 9.0}, "datetime": {"datetime": "2024-01-19 00:42:27", "elapsed": 1850.913023, "delta": 0.002954}}
{"target": -13.758484294224194, "params": {"gamma": 431.3263688244411, "log10_alpha": -2.9407123130505646, "log10_colsample_bytree": -0.25541251819876, "log10_eta": -3.7416809557633948, "log10_lambda": -0.07025956054731086, "log10_min_child_weight": 0.048705198754725454, "log10_subsample": -0.6924838661393108, "max_depth": 5.0, "num_boost_round": 10.0}, "datetime": {"datetime": "2024-01-19 00:42:27", "elapsed": 1850.915973, "delta": 0.00295}}
{"target": -13.758481382612855, "params": {"gamma": 431.3263688244411, "log10_alpha": -2.9407123130505646, "log10_colsample_bytree": -0.25541251819876, "log10_eta": -3.7416809557633948, "log10_lambda": -0.07025956054731086, "log10_min_child_weight": 0.048705198754725454, "log10_subsample": -0.6924838661393108, "max_depth": 5.0, "num_boost_round": 11.0}, "datetime": {"datetime": "2024-01-19 00:42:27", "elapsed": 1850.91894, "delta": 0.002967}}
{"target": -13.75847793366884, "params": {"gamma": 431.3263688244411, "log10_alpha": -2.9407123130505646, "log10_colsample_bytree": -0.25541251819876, "log10_eta": -3.7416809557633948, "log10_lambda": -0.07025956054731086, "log10_min_child_weight": 0.048705198754725454, "log10_subsample": -0.6924838661393108, "max_depth": 5.0, "num_boost_round": 12.0}, "datetime": {"datetime": "2024-01-19 00:42:27", "elapsed": 1850.921908, "delta": 0.002968}}
{"target": -13.75848367812048, "params": {"gamma": 431.3263688244411, "log10_alpha": -2.9407123130505646, "log10_colsample_bytree": -0.25541251819876, "log10_eta": -3.7416809557633948, "log10_lambda": -0.07025956054731086, "log10_min_child_weight": 0.048705198754725454, "log10_subsample": -0.6924838661393108, "max_depth": 5.0, "num_boost_round": 13.0}, "datetime": {"datetime": "2024-01-19 00:42:27", "elapsed": 1850.924929, "delta": 0.003021}}
{"target": -13.758480485524423, "params": {"gamma": 431.3263688244411, "log10_alpha": -2.9407123130505646, "log10_colsample_bytree": -0.25541251819876, "log10_eta": -3.7416809557633948, "log10_lambda": -0.07025956054731086, "log10_min_child_weight": 0.048705198754725454, "log10_subsample": -0.6924838661393108, "max_depth": 5.0, "num_boost_round": 14.0}, "datetime": {"datetime": "2024-01-19 00:42:27", "elapsed": 1850.927889, "delta": 0.00296}}
{"target": -13.758475065560374, "params": {"gamma": 431.3263688244411, "log10_alpha": -2.9407123130505646, "log10_colsample_bytree": -0.25541251819876, "log10_eta": -3.7416809557633948, "log10_lambda": -0.07025956054731086, "log10_min_child_weight": 0.048705198754725454, "log10_subsample": -0.6924838661393108, "max_depth": 5.0, "num_boost_round": 15.0}, "datetime": {"datetime": "2024-01-19 00:42:27", "elapsed": 1850.931393, "delta": 0.003504}}
{"target": -13.758468853334099, "params": {"gamma": 431.3263688244411, "log10_alpha": -2.9407123130505646, "log10_colsample_bytree": -0.25541251819876, "log10_eta": -3.7416809557633948, "log10_lambda": -0.07025956054731086, "log10_min_child_weight": 0.048705198754725454, "log10_subsample": -0.6924838661393108, "max_depth": 5.0, "num_boost_round": 16.0}, "datetime": {"datetime": "2024-01-19 00:42:27", "elapsed": 1850.934352, "delta": 0.002959}}
{"target": -13.758469745617862, "params": {"gamma": 431.3263688244411, "log10_alpha": -2.9407123130505646, "log10_colsample_bytree": -0.25541251819876, "log10_eta": -3.7416809557633948, "log10_lambda": -0.07025956054731086, "log10_min_child_weight": 0.048705198754725454, "log10_subsample": -0.6924838661393108, "max_depth": 5.0, "num_boost_round": 17.0}, "datetime": {"datetime": "2024-01-19 00:42:27", "elapsed": 1850.937304, "delta": 0.002952}}
{"target": -13.758472600762277, "params": {"gamma": 431.3263688244411, "log10_alpha": -2.9407123130505646, "log10_colsample_bytree": -0.25541251819876, "log10_eta": -3.7416809557633948, "log10_lambda": -0.07025956054731086, "log10_min_child_weight": 0.048705198754725454, "log10_subsample": -0.6924838661393108, "max_depth": 5.0, "num_boost_round": 18.0}, "datetime": {"datetime": "2024-01-19 00:42:27", "elapsed": 1850.940276, "delta": 0.002972}}
{"target": -13.758465793682745, "params": {"gamma": 431.3263688244411, "log10_alpha": -2.9407123130505646, "log10_colsample_bytree": -0.25541251819876, "log10_eta": -3.7416809557633948, "log10_lambda": -0.07025956054731086, "log10_min_child_weight": 0.048705198754725454, "log10_subsample": -0.6924838661393108, "max_depth": 5.0, "num_boost_round": 19.0}, "datetime": {"datetime": "2024-01-19 00:42:27", "elapsed": 1850.943238, "delta": 0.002962}}
{"target": -13.758458396506512, "params": {"gamma": 431.3263688244411, "log10_alpha": -2.9407123130505646, "log10_colsample_bytree": -0.25541251819876, "log10_eta": -3.7416809557633948, "log10_lambda": -0.07025956054731086, "log10_min_child_weight": 0.048705198754725454, "log10_subsample": -0.6924838661393108, "max_depth": 5.0, "num_boost_round": 20.0}, "datetime": {"datetime": "2024-01-19 00:42:27", "elapsed": 1850.946194, "delta": 0.002956}}
{"target": -13.758457291426552, "params": {"gamma": 431.3263688244411, "log10_alpha": -2.9407123130505646, "log10_colsample_bytree": -0.25541251819876, "log10_eta": -3.7416809557633948, "log10_lambda": -0.07025956054731086, "log10_min_child_weight": 0.048705198754725454, "log10_subsample": -0.6924838661393108, "max_depth": 5.0, "num_boost_round": 21.0}, "datetime": {"datetime": "2024-01-19 00:42:27", "elapsed": 1850.94931, "delta": 0.003116}}
{"target": -13.758454758530455, "params": {"gamma": 431.3263688244411, "log10_alpha": -2.9407123130505646, "log10_colsample_bytree": -0.25541251819876, "log10_eta": -3.7416809557633948, "log10_lambda": -0.07025956054731086, "log10_min_child_weight": 0.048705198754725454, "log10_subsample": -0.6924838661393108, "max_depth": 5.0, "num_boost_round": 22.0}, "datetime": {"datetime": "2024-01-19 00:42:27", "elapsed": 1850.952297, "delta": 0.002987}}
{"target": -13.758453936625958, "params": {"gamma": 431.3263688244411, "log10_alpha": -2.9407123130505646, "log10_colsample_bytree": -0.25541251819876, "log10_eta": -3.7416809557633948, "log10_lambda": -0.07025956054731086, "log10_min_child_weight": 0.048705198754725454, "log10_subsample": -0.6924838661393108, "max_depth": 5.0, "num_boost_round": 23.0}, "datetime": {"datetime": "2024-01-19 00:42:27", "elapsed": 1850.955286, "delta": 0.002989}}
{"target": -13.75845612249064, "params": {"gamma": 431.3263688244411, "log10_alpha": -2.9407123130505646, "log10_colsample_bytree": -0.25541251819876, "log10_eta": -3.7416809557633948, "log10_lambda": -0.07025956054731086, "log10_min_child_weight": 0.048705198754725454, "log10_subsample": -0.6924838661393108, "max_depth": 5.0, "num_boost_round": 24.0}, "datetime": {"datetime": "2024-01-19 00:42:27", "elapsed": 1850.958253, "delta": 0.002967}}
{"target": -13.758455110372092, "params": {"gamma": 431.3263688244411, "log10_alpha": -2.9407123130505646, "log10_colsample_bytree": -0.25541251819876, "log10_eta": -3.7416809557633948, "log10_lambda": -0.07025956054731086, "log10_min_child_weight": 0.048705198754725454, "log10_subsample": -0.6924838661393108, "max_depth": 5.0, "num_boost_round": 25.0}, "datetime": {"datetime": "2024-01-19 00:42:27", "elapsed": 1850.961227, "delta": 0.002974}}
{"target": -13.758443622087016, "params": {"gamma": 431.3263688244411, "log10_alpha": -2.9407123130505646, "log10_colsample_bytree": -0.25541251819876, "log10_eta": -3.7416809557633948, "log10_lambda": -0.07025956054731086, "log10_min_child_weight": 0.048705198754725454, "log10_subsample": -0.6924838661393108, "max_depth": 5.0, "num_boost_round": 26.0}, "datetime": {"datetime": "2024-01-19 00:42:27", "elapsed": 1850.964199, "delta": 0.002972}}
{"target": -13.7584389437488, "params": {"gamma": 431.3263688244411, "log10_alpha": -2.9407123130505646, "log10_colsample_bytree": -0.25541251819876, "log10_eta": -3.7416809557633948, "log10_lambda": -0.07025956054731086, "log10_min_child_weight": 0.048705198754725454, "log10_subsample": -0.6924838661393108, "max_depth": 5.0, "num_boost_round": 27.0}, "datetime": {"datetime": "2024-01-19 00:42:27", "elapsed": 1850.967181, "delta": 0.002982}}
{"target": -13.758431538553559, "params": {"gamma": 431.3263688244411, "log10_alpha": -2.9407123130505646, "log10_colsample_bytree": -0.25541251819876, "log10_eta": -3.7416809557633948, "log10_lambda": -0.07025956054731086, "log10_min_child_weight": 0.048705198754725454, "log10_subsample": -0.6924838661393108, "max_depth": 5.0, "num_boost_round": 28.0}, "datetime": {"datetime": "2024-01-19 00:42:27", "elapsed": 1850.970282, "delta": 0.003101}}
{"target": -13.758427251627458, "params": {"gamma": 431.3263688244411, "log10_alpha": -2.9407123130505646, "log10_colsample_bytree": -0.25541251819876, "log10_eta": -3.7416809557633948, "log10_lambda": -0.07025956054731086, "log10_min_child_weight": 0.048705198754725454, "log10_subsample": -0.6924838661393108, "max_depth": 5.0, "num_boost_round": 29.0}, "datetime": {"datetime": "2024-01-19 00:42:27", "elapsed": 1850.973265, "delta": 0.002983}}
{"target": -13.758422048565707, "params": {"gamma": 431.3263688244411, "log10_alpha": -2.9407123130505646, "log10_colsample_bytree": -0.25541251819876, "log10_eta": -3.7416809557633948, "log10_lambda": -0.07025956054731086, "log10_min_child_weight": 0.048705198754725454, "log10_subsample": -0.6924838661393108, "max_depth": 5.0, "num_boost_round": 30.0}, "datetime": {"datetime": "2024-01-19 00:42:27", "elapsed": 1850.976278, "delta": 0.003013}}
{"target": -13.758417246287465, "params": {"gamma": 431.3263688244411, "log10_alpha": -2.9407123130505646, "log10_colsample_bytree": -0.25541251819876, "log10_eta": -3.7416809557633948, "log10_lambda": -0.07025956054731086, "log10_min_child_weight": 0.048705198754725454, "log10_subsample": -0.6924838661393108, "max_depth": 5.0, "num_boost_round": 31.0}, "datetime": {"datetime": "2024-01-19 00:42:27", "elapsed": 1850.97925, "delta": 0.002972}}
{"target": -13.758416808711795, "params": {"gamma": 431.3263688244411, "log10_alpha": -2.9407123130505646, "log10_colsample_bytree": -0.25541251819876, "log10_eta": -3.7416809557633948, "log10_lambda": -0.07025956054731086, "log10_min_child_weight": 0.048705198754725454, "log10_subsample": -0.6924838661393108, "max_depth": 5.0, "num_boost_round": 32.0}, "datetime": {"datetime": "2024-01-19 00:42:27", "elapsed": 1850.98223, "delta": 0.00298}}
{"target": -13.758415659540157, "params": {"gamma": 431.3263688244411, "log10_alpha": -2.9407123130505646, "log10_colsample_bytree": -0.25541251819876, "log10_eta": -3.7416809557633948, "log10_lambda": -0.07025956054731086, "log10_min_child_weight": 0.048705198754725454, "log10_subsample": -0.6924838661393108, "max_depth": 5.0, "num_boost_round": 33.0}, "datetime": {"datetime": "2024-01-19 00:42:27", "elapsed": 1850.985211, "delta": 0.002981}}
{"target": -13.758409025131966, "params": {"gamma": 431.3263688244411, "log10_alpha": -2.9407123130505646, "log10_colsample_bytree": -0.25541251819876, "log10_eta": -3.7416809557633948, "log10_lambda": -0.07025956054731086, "log10_min_child_weight": 0.048705198754725454, "log10_subsample": -0.6924838661393108, "max_depth": 5.0, "num_boost_round": 34.0}, "datetime": {"datetime": "2024-01-19 00:42:27", "elapsed": 1850.988181, "delta": 0.00297}}
{"target": -13.758528749657035, "params": {"gamma": 402.7782218427919, "log10_alpha": -2.721635437301234, "log10_colsample_bytree": -0.3431144586771119, "log10_eta": -3.0885591543110804, "log10_lambda": -1.7249375907848288, "log10_min_child_weight": 3.438109026963541, "log10_subsample": -0.2307069632001605, "max_depth": 9.0, "num_boost_round": 0.0}, "datetime": {"datetime": "2024-01-19 00:43:24", "elapsed": 1907.113683, "delta": 56.125502}}
{"target": -13.758523820189966, "params": {"gamma": 402.7782218427919, "log10_alpha": -2.721635437301234, "log10_colsample_bytree": -0.3431144586771119, "log10_eta": -3.0885591543110804, "log10_lambda": -1.7249375907848288, "log10_min_child_weight": 3.438109026963541, "log10_subsample": -0.2307069632001605, "max_depth": 9.0, "num_boost_round": 1.0}, "datetime": {"datetime": "2024-01-19 00:43:24", "elapsed": 1907.117278, "delta": 0.003595}}
