{"target": -13.758515874833215, "params": {"gamma": 425.5536198107378, "log10_alpha": 0.48864947322397967, "log10_colsample_bytree": -0.15861777869505056, "log10_eta": -3.950476790554163, "log10_lambda": -0.04641013538636063, "log10_min_child_weight": 2.3750040322383232, "log10_subsample": -0.24826792406418285, "max_depth": 8.0, "num_boost_round": 22.0}, "datetime": {"datetime": "2024-01-19 00:18:27", "elapsed": 410.403967, "delta": 0.00116}}
{"target": -13.758534493024062, "params": {"gamma": 419.5071235926932, "log10_alpha": -4.38521729461645, "log10_colsample_bytree": -0.39684819164969376, "log10_eta": -3.5595374078124142, "log10_lambda": -3.272650120252877, "log10_min_child_weight": 0.2735648205027086, "log10_subsample": -0.9789659204553387, "max_depth": 2.0, "num_boost_round": 0.0}, "datetime": {"datetime": "2024-01-19 00:18:50", "elapsed": 433.69723, "delta": 23.293263}}
{"target": -13.758531415101434, "params": {"gamma": 419.5071235926932, "log10_alpha": -4.38521729461645, "log10_colsample_bytree": -0.39684819164969376, "log10_eta": -3.5595374078124142, "log10_lambda": -3.272650120252877, "log10_min_child_weight": 0.2735648205027086, "log10_subsample": -0.9789659204553387, "max_depth": 2.0, "num_boost_round": 1.0}, "datetime": {"datetime": "2024-01-19 00:18:50", "elapsed": 433.698934, "delta": 0.001704}}
{"target": -13.758533065452298, "params": {"gamma": 419.5071235926932, "log10_alpha": -4.38521729461645, "log10_colsample_bytree": -0.39684819164969376, "log10_eta": -3.5595374078124142, "log10_lambda": -3.272650120252877, "log10_min_child_weight": 0.2735648205027086, "log10_subsample": -0.9789659204553387, "max_depth": 2.0, "num_boost_round": 2.0}, "datetime": {"datetime": "2024-01-19 00:18:50", "elapsed": 433.700214, "delta": 0.00128}}
{"target": -13.758532600157297, "params": {"gamma": 419.5071235926932, "log10_alpha": -4.38521729461645, "log10_colsample_bytree": -0.39684819164969376, "log10_eta": -3.5595374078124142, "log10_lambda": -3.272650120252877, "log10_min_child_weight": 0.2735648205027086, "log10_subsample": -0.9789659204553387, "max_depth": 2.0, "num_boost_round": 3.0}, "datetime": {"datetime": "2024-01-19 00:18:50", "elapsed": 433.701637, "delta": 0.001423}}
{"target": -13.758526667851207, "params": {"gamma": 419.5071235926932, "log10_alpha": -4.38521729461645, "log10_colsample_bytree": -0.39684819164969376, "log10_eta": -3.5595374078124142, "log10_lambda": -3.272650120252877, "log10_min_child_weight": 0.2735648205027086, "log10_subsample": -0.9789659204553387, "max_depth": 2.0, "num_boost_round": 4.0}, "datetime": {"datetime": "2024-01-19 00:18:50", "elapsed": 433.702786, "delta": 0.001149}}
{"target": -13.758524186138828, "params": {"gamma": 419.5071235926932, "log10_alpha": -4.38521729461645, "log10_colsample_bytree": -0.39684819164969376, "log10_eta": -3.5595374078124142, "log10_lambda": -3.272650120252877, "log10_min_child_weight": 0.2735648205027086, "log10_subsample": -0.9789659204553387, "max_depth": 2.0, "num_boost_round": 5.0}, "datetime": {"datetime": "2024-01-19 00:18:50", "elapsed": 433.703927, "delta": 0.001141}}
{"target": -13.758521750649793, "params": {"gamma": 419.5071235926932, "log10_alpha": -4.38521729461645, "log10_colsample_bytree": -0.39684819164969376, "log10_eta": -3.5595374078124142, "log10_lambda": -3.272650120252877, "log10_min_child_weight": 0.2735648205027086, "log10_subsample": -0.9789659204553387, "max_depth": 2.0, "num_boost_round": 6.0}, "datetime": {"datetime": "2024-01-19 00:18:50", "elapsed": 433.705113, "delta": 0.001186}}
{"target": -13.758521105409564, "params": {"gamma": 419.5071235926932, "log10_alpha": -4.38521729461645, "log10_colsample_bytree": -0.39684819164969376, "log10_eta": -3.5595374078124142, "log10_lambda": -3.272650120252877, "log10_min_child_weight": 0.2735648205027086, "log10_subsample": -0.9789659204553387, "max_depth": 2.0, "num_boost_round": 7.0}, "datetime": {"datetime": "2024-01-19 00:18:50", "elapsed": 433.706263, "delta": 0.00115}}
{"target": -13.758517259140639, "params": {"gamma": 419.5071235926932, "log10_alpha": -4.38521729461645, "log10_colsample_bytree": -0.39684819164969376, "log10_eta": -3.5595374078124142, "log10_lambda": -3.272650120252877, "log10_min_child_weight": 0.2735648205027086, "log10_subsample": -0.9789659204553387, "max_depth": 2.0, "num_boost_round": 8.0}, "datetime": {"datetime": "2024-01-19 00:18:50", "elapsed": 433.707414, "delta": 0.001151}}
{"target": -13.758509440852231, "params": {"gamma": 419.5071235926932, "log10_alpha": -4.38521729461645, "log10_colsample_bytree": -0.39684819164969376, "log10_eta": -3.5595374078124142, "log10_lambda": -3.272650120252877, "log10_min_child_weight": 0.2735648205027086, "log10_subsample": -0.9789659204553387, "max_depth": 2.0, "num_boost_round": 9.0}, "datetime": {"datetime": "2024-01-19 00:18:50", "elapsed": 433.70869, "delta": 0.001276}}
{"target": -13.75850609706661, "params": {"gamma": 419.5071235926932, "log10_alpha": -4.38521729461645, "log10_colsample_bytree": -0.39684819164969376, "log10_eta": -3.5595374078124142, "log10_lambda": -3.272650120252877, "log10_min_child_weight": 0.2735648205027086, "log10_subsample": -0.9789659204553387, "max_depth": 2.0, "num_boost_round": 10.0}, "datetime": {"datetime": "2024-01-19 00:18:50", "elapsed": 433.70983, "delta": 0.00114}}
{"target": -13.75850288766184, "params": {"gamma": 419.5071235926932, "log10_alpha": -4.38521729461645, "log10_colsample_bytree": -0.39684819164969376, "log10_eta": -3.5595374078124142, "log10_lambda": -3.272650120252877, "log10_min_child_weight": 0.2735648205027086, "log10_subsample": -0.9789659204553387, "max_depth": 2.0, "num_boost_round": 11.0}, "datetime": {"datetime": "2024-01-19 00:18:50", "elapsed": 433.710974, "delta": 0.001144}}
{"target": -13.758501324094635, "params": {"gamma": 419.5071235926932, "log10_alpha": -4.38521729461645, "log10_colsample_bytree": -0.39684819164969376, "log10_eta": -3.5595374078124142, "log10_lambda": -3.272650120252877, "log10_min_child_weight": 0.2735648205027086, "log10_subsample": -0.9789659204553387, "max_depth": 2.0, "num_boost_round": 12.0}, "datetime": {"datetime": "2024-01-19 00:18:50", "elapsed": 433.712108, "delta": 0.001134}}
{"target": -13.758501402734147, "params": {"gamma": 419.5071235926932, "log10_alpha": -4.38521729461645, "log10_colsample_bytree": -0.39684819164969376, "log10_eta": -3.5595374078124142, "log10_lambda": -3.272650120252877, "log10_min_child_weight": 0.2735648205027086, "log10_subsample": -0.9789659204553387, "max_depth": 2.0, "num_boost_round": 13.0}, "datetime": {"datetime": "2024-01-19 00:18:50", "elapsed": 433.713252, "delta": 0.001144}}
{"target": -13.758499225352315, "params": {"gamma": 419.5071235926932, "log10_alpha": -4.38521729461645, "log10_colsample_bytree": -0.39684819164969376, "log10_eta": -3.5595374078124142, "log10_lambda": -3.272650120252877, "log10_min_child_weight": 0.2735648205027086, "log10_subsample": -0.9789659204553387, "max_depth": 2.0, "num_boost_round": 14.0}, "datetime": {"datetime": "2024-01-19 00:18:50", "elapsed": 433.714389, "delta": 0.001137}}
{"target": -13.758496979018798, "params": {"gamma": 419.5071235926932, "log10_alpha": -4.38521729461645, "log10_colsample_bytree": -0.39684819164969376, "log10_eta": -3.5595374078124142, "log10_lambda": -3.272650120252877, "log10_min_child_weight": 0.2735648205027086, "log10_subsample": -0.9789659204553387, "max_depth": 2.0, "num_boost_round": 15.0}, "datetime": {"datetime": "2024-01-19 00:18:50", "elapsed": 433.715547, "delta": 0.001158}}
{"target": -13.758491807523177, "params": {"gamma": 419.5071235926932, "log10_alpha": -4.38521729461645, "log10_colsample_bytree": -0.39684819164969376, "log10_eta": -3.5595374078124142, "log10_lambda": -3.272650120252877, "log10_min_child_weight": 0.2735648205027086, "log10_subsample": -0.9789659204553387, "max_depth": 2.0, "num_boost_round": 16.0}, "datetime": {"datetime": "2024-01-19 00:18:50", "elapsed": 433.71669, "delta": 0.001143}}
{"target": -13.758491576860695, "params": {"gamma": 419.5071235926932, "log10_alpha": -4.38521729461645, "log10_colsample_bytree": -0.39684819164969376, "log10_eta": -3.5595374078124142, "log10_lambda": -3.272650120252877, "log10_min_child_weight": 0.2735648205027086, "log10_subsample": -0.9789659204553387, "max_depth": 2.0, "num_boost_round": 17.0}, "datetime": {"datetime": "2024-01-19 00:18:50", "elapsed": 433.717848, "delta": 0.001158}}
{"target": -13.758489747727518, "params": {"gamma": 419.5071235926932, "log10_alpha": -4.38521729461645, "log10_colsample_bytree": -0.39684819164969376, "log10_eta": -3.5595374078124142, "log10_lambda": -3.272650120252877, "log10_min_child_weight": 0.2735648205027086, "log10_subsample": -0.9789659204553387, "max_depth": 2.0, "num_boost_round": 18.0}, "datetime": {"datetime": "2024-01-19 00:18:50", "elapsed": 433.71902, "delta": 0.001172}}
{"target": -13.758486331059846, "params": {"gamma": 419.5071235926932, "log10_alpha": -4.38521729461645, "log10_colsample_bytree": -0.39684819164969376, "log10_eta": -3.5595374078124142, "log10_lambda": -3.272650120252877, "log10_min_child_weight": 0.2735648205027086, "log10_subsample": -0.9789659204553387, "max_depth": 2.0, "num_boost_round": 19.0}, "datetime": {"datetime": "2024-01-19 00:18:50", "elapsed": 433.720171, "delta": 0.001151}}
{"target": -13.758484614195336, "params": {"gamma": 419.5071235926932, "log10_alpha": -4.38521729461645, "log10_colsample_bytree": -0.39684819164969376, "log10_eta": -3.5595374078124142, "log10_lambda": -3.272650120252877, "log10_min_child_weight": 0.2735648205027086, "log10_subsample": -0.9789659204553387, "max_depth": 2.0, "num_boost_round": 20.0}, "datetime": {"datetime": "2024-01-19 00:18:50", "elapsed": 433.721318, "delta": 0.001147}}
{"target": -13.758513288725375, "params": {"gamma": 424.096351623, "log10_alpha": 0.8386084632362572, "log10_colsample_bytree": -0.7789939991738084, "log10_eta": -3.103358503914642, "log10_lambda": -0.5284570674720275, "log10_min_child_weight": 2.3613042369761095, "log10_subsample": -0.9913858274361838, "max_depth": 6.0, "num_boost_round": 0.0}, "datetime": {"datetime": "2024-01-19 00:19:24", "elapsed": 467.201506, "delta": 33.480188}}
{"target": -13.7584845726905, "params": {"gamma": 424.096351623, "log10_alpha": 0.8386084632362572, "log10_colsample_bytree": -0.7789939991738084, "log10_eta": -3.103358503914642, "log10_lambda": -0.5284570674720275, "log10_min_child_weight": 2.3613042369761095, "log10_subsample": -0.9913858274361838, "max_depth": 6.0, "num_boost_round": 1.0}, "datetime": {"datetime": "2024-01-19 00:19:24", "elapsed": 467.203062, "delta": 0.001556}}
{"target": -13.758476814138284, "params": {"gamma": 424.096351623, "log10_alpha": 0.8386084632362572, "log10_colsample_bytree": -0.7789939991738084, "log10_eta": -3.103358503914642, "log10_lambda": -0.5284570674720275, "log10_min_child_weight": 2.3613042369761095, "log10_subsample": -0.9913858274361838, "max_depth": 6.0, "num_boost_round": 2.0}, "datetime": {"datetime": "2024-01-19 00:19:24", "elapsed": 467.204708, "delta": 0.001646}}
{"target": -13.758465046976365, "params": {"gamma": 424.096351623, "log10_alpha": 0.8386084632362572, "log10_colsample_bytree": -0.7789939991738084, "log10_eta": -3.103358503914642, "log10_lambda": -0.5284570674720275, "log10_min_child_weight": 2.3613042369761095, "log10_subsample": -0.9913858274361838, "max_depth": 6.0, "num_boost_round": 3.0}, "datetime": {"datetime": "2024-01-19 00:19:24", "elapsed": 467.205997, "delta": 0.001289}}
{"target": -13.758454952376379, "params": {"gamma": 424.096351623, "log10_alpha": 0.8386084632362572, "log10_colsample_bytree": -0.7789939991738084, "log10_eta": -3.103358503914642, "log10_lambda": -0.5284570674720275, "log10_min_child_weight": 2.3613042369761095, "log10_subsample": -0.9913858274361838, "max_depth": 6.0, "num_boost_round": 4.0}, "datetime": {"datetime": "2024-01-19 00:19:24", "elapsed": 467.207168, "delta": 0.001171}}
{"target": -13.758449650740921, "params": {"gamma": 424.096351623, "log10_alpha": 0.8386084632362572, "log10_colsample_bytree": -0.7789939991738084, "log10_eta": -3.103358503914642, "log10_lambda": -0.5284570674720275, "log10_min_child_weight": 2.3613042369761095, "log10_subsample": -0.9913858274361838, "max_depth": 6.0, "num_boost_round": 5.0}, "datetime": {"datetime": "2024-01-19 00:19:24", "elapsed": 467.208486, "delta": 0.001318}}
{"target": -13.758446927862304, "params": {"gamma": 424.096351623, "log10_alpha": 0.8386084632362572, "log10_colsample_bytree": -0.7789939991738084, "log10_eta": -3.103358503914642, "log10_lambda": -0.5284570674720275, "log10_min_child_weight": 2.3613042369761095, "log10_subsample": -0.9913858274361838, "max_depth": 6.0, "num_boost_round": 6.0}, "datetime": {"datetime": "2024-01-19 00:19:24", "elapsed": 467.209649, "delta": 0.001163}}
{"target": -13.758428436067126, "params": {"gamma": 424.096351623, "log10_alpha": 0.8386084632362572, "log10_colsample_bytree": -0.7789939991738084, "log10_eta": -3.103358503914642, "log10_lambda": -0.5284570674720275, "log10_min_child_weight": 2.3613042369761095, "log10_subsample": -0.9913858274361838, "max_depth": 6.0, "num_boost_round": 7.0}, "datetime": {"datetime": "2024-01-19 00:19:24", "elapsed": 467.210841, "delta": 0.001192}}
{"target": -13.758415074763159, "params": {"gamma": 424.096351623, "log10_alpha": 0.8386084632362572, "log10_colsample_bytree": -0.7789939991738084, "log10_eta": -3.103358503914642, "log10_lambda": -0.5284570674720275, "log10_min_child_weight": 2.3613042369761095, "log10_subsample": -0.9913858274361838, "max_depth": 6.0, "num_boost_round": 8.0}, "datetime": {"datetime": "2024-01-19 00:19:24", "elapsed": 467.21201, "delta": 0.001169}}
{"target": -13.758391221080444, "params": {"gamma": 424.096351623, "log10_alpha": 0.8386084632362572, "log10_colsample_bytree": -0.7789939991738084, "log10_eta": -3.103358503914642, "log10_lambda": -0.5284570674720275, "log10_min_child_weight": 2.3613042369761095, "log10_subsample": -0.9913858274361838, "max_depth": 6.0, "num_boost_round": 9.0}, "datetime": {"datetime": "2024-01-19 00:19:24", "elapsed": 467.213174, "delta": 0.001164}}
{"target": -13.758370920123003, "params": {"gamma": 424.096351623, "log10_alpha": 0.8386084632362572, "log10_colsample_bytree": -0.7789939991738084, "log10_eta": -3.103358503914642, "log10_lambda": -0.5284570674720275, "log10_min_child_weight": 2.3613042369761095, "log10_subsample": -0.9913858274361838, "max_depth": 6.0, "num_boost_round": 10.0}, "datetime": {"datetime": "2024-01-19 00:19:24", "elapsed": 467.214332, "delta": 0.001158}}
{"target": -13.758381508347513, "params": {"gamma": 424.096351623, "log10_alpha": 0.8386084632362572, "log10_colsample_bytree": -0.7789939991738084, "log10_eta": -3.103358503914642, "log10_lambda": -0.5284570674720275, "log10_min_child_weight": 2.3613042369761095, "log10_subsample": -0.9913858274361838, "max_depth": 6.0, "num_boost_round": 11.0}, "datetime": {"datetime": "2024-01-19 00:19:24", "elapsed": 467.215502, "delta": 0.00117}}
{"target": -13.758369983098314, "params": {"gamma": 424.096351623, "log10_alpha": 0.8386084632362572, "log10_colsample_bytree": -0.7789939991738084, "log10_eta": -3.103358503914642, "log10_lambda": -0.5284570674720275, "log10_min_child_weight": 2.3613042369761095, "log10_subsample": -0.9913858274361838, "max_depth": 6.0, "num_boost_round": 12.0}, "datetime": {"datetime": "2024-01-19 00:19:24", "elapsed": 467.216669, "delta": 0.001167}}
{"target": -13.758343230914535, "params": {"gamma": 424.096351623, "log10_alpha": 0.8386084632362572, "log10_colsample_bytree": -0.7789939991738084, "log10_eta": -3.103358503914642, "log10_lambda": -0.5284570674720275, "log10_min_child_weight": 2.3613042369761095, "log10_subsample": -0.9913858274361838, "max_depth": 6.0, "num_boost_round": 13.0}, "datetime": {"datetime": "2024-01-19 00:19:24", "elapsed": 467.21787, "delta": 0.001201}}
{"target": -13.758320223465612, "params": {"gamma": 424.096351623, "log10_alpha": 0.8386084632362572, "log10_colsample_bytree": -0.7789939991738084, "log10_eta": -3.103358503914642, "log10_lambda": -0.5284570674720275, "log10_min_child_weight": 2.3613042369761095, "log10_subsample": -0.9913858274361838, "max_depth": 6.0, "num_boost_round": 14.0}, "datetime": {"datetime": "2024-01-19 00:19:24", "elapsed": 467.219046, "delta": 0.001176}}
{"target": -13.75828999768066, "params": {"gamma": 424.096351623, "log10_alpha": 0.8386084632362572, "log10_colsample_bytree": -0.7789939991738084, "log10_eta": -3.103358503914642, "log10_lambda": -0.5284570674720275, "log10_min_child_weight": 2.3613042369761095, "log10_subsample": -0.9913858274361838, "max_depth": 6.0, "num_boost_round": 15.0}, "datetime": {"datetime": "2024-01-19 00:19:24", "elapsed": 467.220219, "delta": 0.001173}}
{"target": -13.758271948146232, "params": {"gamma": 424.096351623, "log10_alpha": 0.8386084632362572, "log10_colsample_bytree": -0.7789939991738084, "log10_eta": -3.103358503914642, "log10_lambda": -0.5284570674720275, "log10_min_child_weight": 2.3613042369761095, "log10_subsample": -0.9913858274361838, "max_depth": 6.0, "num_boost_round": 16.0}, "datetime": {"datetime": "2024-01-19 00:19:24", "elapsed": 467.221385, "delta": 0.001166}}
{"target": -13.758280904219484, "params": {"gamma": 424.096351623, "log10_alpha": 0.8386084632362572, "log10_colsample_bytree": -0.7789939991738084, "log10_eta": -3.103358503914642, "log10_lambda": -0.5284570674720275, "log10_min_child_weight": 2.3613042369761095, "log10_subsample": -0.9913858274361838, "max_depth": 6.0, "num_boost_round": 17.0}, "datetime": {"datetime": "2024-01-19 00:19:24", "elapsed": 467.222581, "delta": 0.001196}}
{"target": -13.758272833802879, "params": {"gamma": 424.096351623, "log10_alpha": 0.8386084632362572, "log10_colsample_bytree": -0.7789939991738084, "log10_eta": -3.103358503914642, "log10_lambda": -0.5284570674720275, "log10_min_child_weight": 2.3613042369761095, "log10_subsample": -0.9913858274361838, "max_depth": 6.0, "num_boost_round": 18.0}, "datetime": {"datetime": "2024-01-19 00:19:24", "elapsed": 467.223752, "delta": 0.001171}}
{"target": -13.758242349356196, "params": {"gamma": 424.096351623, "log10_alpha": 0.8386084632362572, "log10_colsample_bytree": -0.7789939991738084, "log10_eta": -3.103358503914642, "log10_lambda": -0.5284570674720275, "log10_min_child_weight": 2.3613042369761095, "log10_subsample": -0.9913858274361838, "max_depth": 6.0, "num_boost_round": 19.0}, "datetime": {"datetime": "2024-01-19 00:19:24", "elapsed": 467.224918, "delta": 0.001166}}
{"target": -13.758221588104606, "params": {"gamma": 424.096351623, "log10_alpha": 0.8386084632362572, "log10_colsample_bytree": -0.7789939991738084, "log10_eta": -3.103358503914642, "log10_lambda": -0.5284570674720275, "log10_min_child_weight": 2.3613042369761095, "log10_subsample": -0.9913858274361838, "max_depth": 6.0, "num_boost_round": 20.0}, "datetime": {"datetime": "2024-01-19 00:19:24", "elapsed": 467.226091, "delta": 0.001173}}
{"target": -13.758211851011335, "params": {"gamma": 424.096351623, "log10_alpha": 0.8386084632362572, "log10_colsample_bytree": -0.7789939991738084, "log10_eta": -3.103358503914642, "log10_lambda": -0.5284570674720275, "log10_min_child_weight": 2.3613042369761095, "log10_subsample": -0.9913858274361838, "max_depth": 6.0, "num_boost_round": 21.0}, "datetime": {"datetime": "2024-01-19 00:19:24", "elapsed": 467.227271, "delta": 0.00118}}
{"target": -13.758199174227908, "params": {"gamma": 424.096351623, "log10_alpha": 0.8386084632362572, "log10_colsample_bytree": -0.7789939991738084, "log10_eta": -3.103358503914642, "log10_lambda": -0.5284570674720275, "log10_min_child_weight": 2.3613042369761095, "log10_subsample": -0.9913858274361838, "max_depth": 6.0, "num_boost_round": 22.0}, "datetime": {"datetime": "2024-01-19 00:19:24", "elapsed": 467.228583, "delta": 0.001312}}
{"target": -13.758173331294808, "params": {"gamma": 424.096351623, "log10_alpha": 0.8386084632362572, "log10_colsample_bytree": -0.7789939991738084, "log10_eta": -3.103358503914642, "log10_lambda": -0.5284570674720275, "log10_min_child_weight": 2.3613042369761095, "log10_subsample": -0.9913858274361838, "max_depth": 6.0, "num_boost_round": 23.0}, "datetime": {"datetime": "2024-01-19 00:19:24", "elapsed": 467.229763, "delta": 0.00118}}
{"target": -13.758151019421067, "params": {"gamma": 424.096351623, "log10_alpha": 0.8386084632362572, "log10_colsample_bytree": -0.7789939991738084, "log10_eta": -3.103358503914642, "log10_lambda": -0.5284570674720275, "log10_min_child_weight": 2.3613042369761095, "log10_subsample": -0.9913858274361838, "max_depth": 6.0, "num_boost_round": 24.0}, "datetime": {"datetime": "2024-01-19 00:19:24", "elapsed": 467.230934, "delta": 0.001171}}
{"target": -13.758110412720534, "params": {"gamma": 424.096351623, "log10_alpha": 0.8386084632362572, "log10_colsample_bytree": -0.7789939991738084, "log10_eta": -3.103358503914642, "log10_lambda": -0.5284570674720275, "log10_min_child_weight": 2.3613042369761095, "log10_subsample": -0.9913858274361838, "max_depth": 6.0, "num_boost_round": 25.0}, "datetime": {"datetime": "2024-01-19 00:19:24", "elapsed": 467.232113, "delta": 0.001179}}
{"target": -13.758096303743123, "params": {"gamma": 424.096351623, "log10_alpha": 0.8386084632362572, "log10_colsample_bytree": -0.7789939991738084, "log10_eta": -3.103358503914642, "log10_lambda": -0.5284570674720275, "log10_min_child_weight": 2.3613042369761095, "log10_subsample": -0.9913858274361838, "max_depth": 6.0, "num_boost_round": 26.0}, "datetime": {"datetime": "2024-01-19 00:19:24", "elapsed": 467.233339, "delta": 0.001226}}
