{"target": -13.758525513097032, "params": {"gamma": 18.1711112222358, "log10_alpha": -2.379461291119429, "log10_colsample_bytree": -0.9941174937489806, "log10_eta": -3.971385730935865, "log10_lambda": -2.596916513161478, "log10_min_child_weight": 0.8365015923394326, "log10_subsample": -0.4970926223179114, "max_depth": 8.0, "num_boost_round": 10.0}, "datetime": {"datetime": "2024-01-19 02:31:47", "elapsed": 8416.089166, "delta": 0.006637}}
{"target": -13.758526453950568, "params": {"gamma": 18.1711112222358, "log10_alpha": -2.379461291119429, "log10_colsample_bytree": -0.9941174937489806, "log10_eta": -3.971385730935865, "log10_lambda": -2.596916513161478, "log10_min_child_weight": 0.8365015923394326, "log10_subsample": -0.4970926223179114, "max_depth": 8.0, "num_boost_round": 11.0}, "datetime": {"datetime": "2024-01-19 02:31:47", "elapsed": 8416.095601, "delta": 0.006435}}
{"target": -13.758524483190556, "params": {"gamma": 18.1711112222358, "log10_alpha": -2.379461291119429, "log10_colsample_bytree": -0.9941174937489806, "log10_eta": -3.971385730935865, "log10_lambda": -2.596916513161478, "log10_min_child_weight": 0.8365015923394326, "log10_subsample": -0.4970926223179114, "max_depth": 8.0, "num_boost_round": 12.0}, "datetime": {"datetime": "2024-01-19 02:31:47", "elapsed": 8416.10189, "delta": 0.006289}}
{"target": -13.758522571315266, "params": {"gamma": 18.1711112222358, "log10_alpha": -2.379461291119429, "log10_colsample_bytree": -0.9941174937489806, "log10_eta": -3.971385730935865, "log10_lambda": -2.596916513161478, "log10_min_child_weight": 0.8365015923394326, "log10_subsample": -0.4970926223179114, "max_depth": 8.0, "num_boost_round": 13.0}, "datetime": {"datetime": "2024-01-19 02:31:47", "elapsed": 8416.108276, "delta": 0.006386}}
{"target": -13.758523635567027, "params": {"gamma": 18.1711112222358, "log10_alpha": -2.379461291119429, "log10_colsample_bytree": -0.9941174937489806, "log10_eta": -3.971385730935865, "log10_lambda": -2.596916513161478, "log10_min_child_weight": 0.8365015923394326, "log10_subsample": -0.4970926223179114, "max_depth": 8.0, "num_boost_round": 14.0}, "datetime": {"datetime": "2024-01-19 02:31:47", "elapsed": 8416.114586, "delta": 0.00631}}
{"target": -13.75852334076532, "params": {"gamma": 18.1711112222358, "log10_alpha": -2.379461291119429, "log10_colsample_bytree": -0.9941174937489806, "log10_eta": -3.971385730935865, "log10_lambda": -2.596916513161478, "log10_min_child_weight": 0.8365015923394326, "log10_subsample": -0.4970926223179114, "max_depth": 8.0, "num_boost_round": 15.0}, "datetime": {"datetime": "2024-01-19 02:31:47", "elapsed": 8416.12096, "delta": 0.006374}}
{"target": -13.758522603867199, "params": {"gamma": 18.1711112222358, "log10_alpha": -2.379461291119429, "log10_colsample_bytree": -0.9941174937489806, "log10_eta": -3.971385730935865, "log10_lambda": -2.596916513161478, "log10_min_child_weight": 0.8365015923394326, "log10_subsample": -0.4970926223179114, "max_depth": 8.0, "num_boost_round": 16.0}, "datetime": {"datetime": "2024-01-19 02:31:48", "elapsed": 8416.127247, "delta": 0.006287}}
{"target": -13.758519465095864, "params": {"gamma": 18.1711112222358, "log10_alpha": -2.379461291119429, "log10_colsample_bytree": -0.9941174937489806, "log10_eta": -3.971385730935865, "log10_lambda": -2.596916513161478, "log10_min_child_weight": 0.8365015923394326, "log10_subsample": -0.4970926223179114, "max_depth": 8.0, "num_boost_round": 17.0}, "datetime": {"datetime": "2024-01-19 02:31:48", "elapsed": 8416.133614, "delta": 0.006367}}
{"target": -13.75851731899605, "params": {"gamma": 18.1711112222358, "log10_alpha": -2.379461291119429, "log10_colsample_bytree": -0.9941174937489806, "log10_eta": -3.971385730935865, "log10_lambda": -2.596916513161478, "log10_min_child_weight": 0.8365015923394326, "log10_subsample": -0.4970926223179114, "max_depth": 8.0, "num_boost_round": 18.0}, "datetime": {"datetime": "2024-01-19 02:31:48", "elapsed": 8416.139961, "delta": 0.006347}}
{"target": -13.758515007380554, "params": {"gamma": 18.1711112222358, "log10_alpha": -2.379461291119429, "log10_colsample_bytree": -0.9941174937489806, "log10_eta": -3.971385730935865, "log10_lambda": -2.596916513161478, "log10_min_child_weight": 0.8365015923394326, "log10_subsample": -0.4970926223179114, "max_depth": 8.0, "num_boost_round": 19.0}, "datetime": {"datetime": "2024-01-19 02:31:48", "elapsed": 8416.14633, "delta": 0.006369}}
{"target": -13.75851422160573, "params": {"gamma": 18.1711112222358, "log10_alpha": -2.379461291119429, "log10_colsample_bytree": -0.9941174937489806, "log10_eta": -3.971385730935865, "log10_lambda": -2.596916513161478, "log10_min_child_weight": 0.8365015923394326, "log10_subsample": -0.4970926223179114, "max_depth": 8.0, "num_boost_round": 20.0}, "datetime": {"datetime": "2024-01-19 02:31:48", "elapsed": 8416.152796, "delta": 0.006466}}
{"target": -13.75851158268385, "params": {"gamma": 18.1711112222358, "log10_alpha": -2.379461291119429, "log10_colsample_bytree": -0.9941174937489806, "log10_eta": -3.971385730935865, "log10_lambda": -2.596916513161478, "log10_min_child_weight": 0.8365015923394326, "log10_subsample": -0.4970926223179114, "max_depth": 8.0, "num_boost_round": 21.0}, "datetime": {"datetime": "2024-01-19 02:31:48", "elapsed": 8416.159119, "delta": 0.006323}}
{"target": -13.758506137143113, "params": {"gamma": 18.1711112222358, "log10_alpha": -2.379461291119429, "log10_colsample_bytree": -0.9941174937489806, "log10_eta": -3.971385730935865, "log10_lambda": -2.596916513161478, "log10_min_child_weight": 0.8365015923394326, "log10_subsample": -0.4970926223179114, "max_depth": 8.0, "num_boost_round": 22.0}, "datetime": {"datetime": "2024-01-19 02:31:48", "elapsed": 8416.165449, "delta": 0.00633}}
{"target": -13.758535203852805, "params": {"gamma": 19.496333125710088, "log10_alpha": -0.6730127306937277, "log10_colsample_bytree": -0.2893362648044423, "log10_eta": -3.8187572775475958, "log10_lambda": 0.5607192560588157, "log10_min_child_weight": 2.101646084578946, "log10_subsample": -0.8545948275629713, "max_depth": 9.0, "num_boost_round": 0.0}, "datetime": {"datetime": "2024-01-19 02:33:18", "elapsed": 8506.932392, "delta": 90.766943}}
{"target": -13.758530421199007, "params": {"gamma": 19.496333125710088, "log10_alpha": -0.6730127306937277, "log10_colsample_bytree": -0.2893362648044423, "log10_eta": -3.8187572775475958, "log10_lambda": 0.5607192560588157, "log10_min_child_weight": 2.101646084578946, "log10_subsample": -0.8545948275629713, "max_depth": 9.0, "num_boost_round": 1.0}, "datetime": {"datetime": "2024-01-19 02:33:18", "elapsed": 8506.939196, "delta": 0.006804}}
{"target": -13.758522599426684, "params": {"gamma": 19.496333125710088, "log10_alpha": -0.6730127306937277, "log10_colsample_bytree": -0.2893362648044423, "log10_eta": -3.8187572775475958, "log10_lambda": 0.5607192560588157, "log10_min_child_weight": 2.101646084578946, "log10_subsample": -0.8545948275629713, "max_depth": 9.0, "num_boost_round": 2.0}, "datetime": {"datetime": "2024-01-19 02:33:18", "elapsed": 8506.945576, "delta": 0.00638}}
{"target": -13.758515379637833, "params": {"gamma": 19.496333125710088, "log10_alpha": -0.6730127306937277, "log10_colsample_bytree": -0.2893362648044423, "log10_eta": -3.8187572775475958, "log10_lambda": 0.5607192560588157, "log10_min_child_weight": 2.101646084578946, "log10_subsample": -0.8545948275629713, "max_depth": 9.0, "num_boost_round": 3.0}, "datetime": {"datetime": "2024-01-19 02:33:18", "elapsed": 8506.951774, "delta": 0.006198}}
{"target": -13.758507527746023, "params": {"gamma": 19.496333125710088, "log10_alpha": -0.6730127306937277, "log10_colsample_bytree": -0.2893362648044423, "log10_eta": -3.8187572775475958, "log10_lambda": 0.5607192560588157, "log10_min_child_weight": 2.101646084578946, "log10_subsample": -0.8545948275629713, "max_depth": 9.0, "num_boost_round": 4.0}, "datetime": {"datetime": "2024-01-19 02:33:18", "elapsed": 8506.957861, "delta": 0.006087}}
{"target": -13.758504964108097, "params": {"gamma": 19.496333125710088, "log10_alpha": -0.6730127306937277, "log10_colsample_bytree": -0.2893362648044423, "log10_eta": -3.8187572775475958, "log10_lambda": 0.5607192560588157, "log10_min_child_weight": 2.101646084578946, "log10_subsample": -0.8545948275629713, "max_depth": 9.0, "num_boost_round": 5.0}, "datetime": {"datetime": "2024-01-19 02:33:18", "elapsed": 8506.963996, "delta": 0.006135}}
{"target": -13.758511308663437, "params": {"gamma": 19.496333125710088, "log10_alpha": -0.6730127306937277, "log10_colsample_bytree": -0.2893362648044423, "log10_eta": -3.8187572775475958, "log10_lambda": 0.5607192560588157, "log10_min_child_weight": 2.101646084578946, "log10_subsample": -0.8545948275629713, "max_depth": 9.0, "num_boost_round": 6.0}, "datetime": {"datetime": "2024-01-19 02:33:18", "elapsed": 8506.970092, "delta": 0.006096}}
{"target": -13.758509748557524, "params": {"gamma": 19.496333125710088, "log10_alpha": -0.6730127306937277, "log10_colsample_bytree": -0.2893362648044423, "log10_eta": -3.8187572775475958, "log10_lambda": 0.5607192560588157, "log10_min_child_weight": 2.101646084578946, "log10_subsample": -0.8545948275629713, "max_depth": 9.0, "num_boost_round": 7.0}, "datetime": {"datetime": "2024-01-19 02:33:18", "elapsed": 8506.976246, "delta": 0.006154}}
{"target": -13.758505741313286, "params": {"gamma": 19.496333125710088, "log10_alpha": -0.6730127306937277, "log10_colsample_bytree": -0.2893362648044423, "log10_eta": -3.8187572775475958, "log10_lambda": 0.5607192560588157, "log10_min_child_weight": 2.101646084578946, "log10_subsample": -0.8545948275629713, "max_depth": 9.0, "num_boost_round": 8.0}, "datetime": {"datetime": "2024-01-19 02:33:18", "elapsed": 8506.982287, "delta": 0.006041}}
{"target": -13.7585036151878, "params": {"gamma": 19.496333125710088, "log10_alpha": -0.6730127306937277, "log10_colsample_bytree": -0.2893362648044423, "log10_eta": -3.8187572775475958, "log10_lambda": 0.5607192560588157, "log10_min_child_weight": 2.101646084578946, "log10_subsample": -0.8545948275629713, "max_depth": 9.0, "num_boost_round": 9.0}, "datetime": {"datetime": "2024-01-19 02:33:18", "elapsed": 8506.98873, "delta": 0.006443}}
{"target": -13.758501500354713, "params": {"gamma": 19.496333125710088, "log10_alpha": -0.6730127306937277, "log10_colsample_bytree": -0.2893362648044423, "log10_eta": -3.8187572775475958, "log10_lambda": 0.5607192560588157, "log10_min_child_weight": 2.101646084578946, "log10_subsample": -0.8545948275629713, "max_depth": 9.0, "num_boost_round": 10.0}, "datetime": {"datetime": "2024-01-19 02:33:18", "elapsed": 8506.994976, "delta": 0.006246}}
{"target": -13.758496573470161, "params": {"gamma": 19.496333125710088, "log10_alpha": -0.6730127306937277, "log10_colsample_bytree": -0.2893362648044423, "log10_eta": -3.8187572775475958, "log10_lambda": 0.5607192560588157, "log10_min_child_weight": 2.101646084578946, "log10_subsample": -0.8545948275629713, "max_depth": 9.0, "num_boost_round": 11.0}, "datetime": {"datetime": "2024-01-19 02:33:18", "elapsed": 8507.001108, "delta": 0.006132}}
{"target": -13.758491009791221, "params": {"gamma": 19.496333125710088, "log10_alpha": -0.6730127306937277, "log10_colsample_bytree": -0.2893362648044423, "log10_eta": -3.8187572775475958, "log10_lambda": 0.5607192560588157, "log10_min_child_weight": 2.101646084578946, "log10_subsample": -0.8545948275629713, "max_depth": 9.0, "num_boost_round": 12.0}, "datetime": {"datetime": "2024-01-19 02:33:18", "elapsed": 8507.007335, "delta": 0.006227}}
{"target": -13.75848543494788, "params": {"gamma": 19.496333125710088, "log10_alpha": -0.6730127306937277, "log10_colsample_bytree": -0.2893362648044423, "log10_eta": -3.8187572775475958, "log10_lambda": 0.5607192560588157, "log10_min_child_weight": 2.101646084578946, "log10_subsample": -0.8545948275629713, "max_depth": 9.0, "num_boost_round": 13.0}, "datetime": {"datetime": "2024-01-19 02:33:18", "elapsed": 8507.013502, "delta": 0.006167}}
{"target": -13.758479785984202, "params": {"gamma": 19.496333125710088, "log10_alpha": -0.6730127306937277, "log10_colsample_bytree": -0.2893362648044423, "log10_eta": -3.8187572775475958, "log10_lambda": 0.5607192560588157, "log10_min_child_weight": 2.101646084578946, "log10_subsample": -0.8545948275629713, "max_depth": 9.0, "num_boost_round": 14.0}, "datetime": {"datetime": "2024-01-19 02:33:18", "elapsed": 8507.019543, "delta": 0.006041}}
{"target": -13.758473147920382, "params": {"gamma": 19.496333125710088, "log10_alpha": -0.6730127306937277, "log10_colsample_bytree": -0.2893362648044423, "log10_eta": -3.8187572775475958, "log10_lambda": 0.5607192560588157, "log10_min_child_weight": 2.101646084578946, "log10_subsample": -0.8545948275629713, "max_depth": 9.0, "num_boost_round": 15.0}, "datetime": {"datetime": "2024-01-19 02:33:18", "elapsed": 8507.025653, "delta": 0.00611}}
{"target": -13.758467448336848, "params": {"gamma": 19.496333125710088, "log10_alpha": -0.6730127306937277, "log10_colsample_bytree": -0.2893362648044423, "log10_eta": -3.8187572775475958, "log10_lambda": 0.5607192560588157, "log10_min_child_weight": 2.101646084578946, "log10_subsample": -0.8545948275629713, "max_depth": 9.0, "num_boost_round": 16.0}, "datetime": {"datetime": "2024-01-19 02:33:18", "elapsed": 8507.031764, "delta": 0.006111}}
{"target": -13.758533739803825, "params": {"gamma": 35.58530687507, "log10_alpha": -4.206777753109736, "log10_colsample_bytree": -0.3315109792220191, "log10_eta": -3.7809326811606385, "log10_lambda": -4.037003663151819, "log10_min_child_weight": 2.6327840907653117, "log10_subsample": -0.00413110952012552, "max_depth": 4.0, "num_boost_round": 0.0}, "datetime": {"datetime": "2024-01-19 02:34:25", "elapsed": 8573.624227, "delta": 66.592463}}
{"target": -13.75853057650806, "params": {"gamma": 35.58530687507, "log10_alpha": -4.206777753109736, "log10_colsample_bytree": -0.3315109792220191, "log10_eta": -3.7809326811606385, "log10_lambda": -4.037003663151819, "log10_min_child_weight": 2.6327840907653117, "log10_subsample": -0.00413110952012552, "max_depth": 4.0, "num_boost_round": 1.0}, "datetime": {"datetime": "2024-01-19 02:34:25", "elapsed": 8573.631011, "delta": 0.006784}}
{"target": -13.758529664130425, "params": {"gamma": 35.58530687507, "log10_alpha": -4.206777753109736, "log10_colsample_bytree": -0.3315109792220191, "log10_eta": -3.7809326811606385, "log10_lambda": -4.037003663151819, "log10_min_child_weight": 2.6327840907653117, "log10_subsample": -0.00413110952012552, "max_depth": 4.0, "num_boost_round": 2.0}, "datetime": {"datetime": "2024-01-19 02:34:25", "elapsed": 8573.637276, "delta": 0.006265}}
{"target": -13.758530353306764, "params": {"gamma": 35.58530687507, "log10_alpha": -4.206777753109736, "log10_colsample_bytree": -0.3315109792220191, "log10_eta": -3.7809326811606385, "log10_lambda": -4.037003663151819, "log10_min_child_weight": 2.6327840907653117, "log10_subsample": -0.00413110952012552, "max_depth": 4.0, "num_boost_round": 3.0}, "datetime": {"datetime": "2024-01-19 02:34:25", "elapsed": 8573.643493, "delta": 0.006217}}
{"target": -13.758526267642809, "params": {"gamma": 35.58530687507, "log10_alpha": -4.206777753109736, "log10_colsample_bytree": -0.3315109792220191, "log10_eta": -3.7809326811606385, "log10_lambda": -4.037003663151819, "log10_min_child_weight": 2.6327840907653117, "log10_subsample": -0.00413110952012552, "max_depth": 4.0, "num_boost_round": 4.0}, "datetime": {"datetime": "2024-01-19 02:34:25", "elapsed": 8573.649688, "delta": 0.006195}}
{"target": -13.758526339664806, "params": {"gamma": 35.58530687507, "log10_alpha": -4.206777753109736, "log10_colsample_bytree": -0.3315109792220191, "log10_eta": -3.7809326811606385, "log10_lambda": -4.037003663151819, "log10_min_child_weight": 2.6327840907653117, "log10_subsample": -0.00413110952012552, "max_depth": 4.0, "num_boost_round": 5.0}, "datetime": {"datetime": "2024-01-19 02:34:25", "elapsed": 8573.655855, "delta": 0.006167}}
{"target": -13.758522198895948, "params": {"gamma": 35.58530687507, "log10_alpha": -4.206777753109736, "log10_colsample_bytree": -0.3315109792220191, "log10_eta": -3.7809326811606385, "log10_lambda": -4.037003663151819, "log10_min_child_weight": 2.6327840907653117, "log10_subsample": -0.00413110952012552, "max_depth": 4.0, "num_boost_round": 6.0}, "datetime": {"datetime": "2024-01-19 02:34:25", "elapsed": 8573.662007, "delta": 0.006152}}
{"target": -13.7585198773831, "params": {"gamma": 35.58530687507, "log10_alpha": -4.206777753109736, "log10_colsample_bytree": -0.3315109792220191, "log10_eta": -3.7809326811606385, "log10_lambda": -4.037003663151819, "log10_min_child_weight": 2.6327840907653117, "log10_subsample": -0.00413110952012552, "max_depth": 4.0, "num_boost_round": 7.0}, "datetime": {"datetime": "2024-01-19 02:34:25", "elapsed": 8573.66821, "delta": 0.006203}}
{"target": -13.758522815147058, "params": {"gamma": 35.58530687507, "log10_alpha": -4.206777753109736, "log10_colsample_bytree": -0.3315109792220191, "log10_eta": -3.7809326811606385, "log10_lambda": -4.037003663151819, "log10_min_child_weight": 2.6327840907653117, "log10_subsample": -0.00413110952012552, "max_depth": 4.0, "num_boost_round": 8.0}, "datetime": {"datetime": "2024-01-19 02:34:25", "elapsed": 8573.674494, "delta": 0.006284}}
{"target": -13.758519415644702, "params": {"gamma": 35.58530687507, "log10_alpha": -4.206777753109736, "log10_colsample_bytree": -0.3315109792220191, "log10_eta": -3.7809326811606385, "log10_lambda": -4.037003663151819, "log10_min_child_weight": 2.6327840907653117, "log10_subsample": -0.00413110952012552, "max_depth": 4.0, "num_boost_round": 9.0}, "datetime": {"datetime": "2024-01-19 02:34:25", "elapsed": 8573.680659, "delta": 0.006165}}
{"target": -13.758514434928474, "params": {"gamma": 35.58530687507, "log10_alpha": -4.206777753109736, "log10_colsample_bytree": -0.3315109792220191, "log10_eta": -3.7809326811606385, "log10_lambda": -4.037003663151819, "log10_min_child_weight": 2.6327840907653117, "log10_subsample": -0.00413110952012552, "max_depth": 4.0, "num_boost_round": 10.0}, "datetime": {"datetime": "2024-01-19 02:34:25", "elapsed": 8573.686819, "delta": 0.00616}}
{"target": -13.758509037913733, "params": {"gamma": 35.58530687507, "log10_alpha": -4.206777753109736, "log10_colsample_bytree": -0.3315109792220191, "log10_eta": -3.7809326811606385, "log10_lambda": -4.037003663151819, "log10_min_child_weight": 2.6327840907653117, "log10_subsample": -0.00413110952012552, "max_depth": 4.0, "num_boost_round": 11.0}, "datetime": {"datetime": "2024-01-19 02:34:25", "elapsed": 8573.693169, "delta": 0.00635}}
{"target": -13.75850795876726, "params": {"gamma": 35.58530687507, "log10_alpha": -4.206777753109736, "log10_colsample_bytree": -0.3315109792220191, "log10_eta": -3.7809326811606385, "log10_lambda": -4.037003663151819, "log10_min_child_weight": 2.6327840907653117, "log10_subsample": -0.00413110952012552, "max_depth": 4.0, "num_boost_round": 12.0}, "datetime": {"datetime": "2024-01-19 02:34:25", "elapsed": 8573.699483, "delta": 0.006314}}
{"target": -13.758505846788035, "params": {"gamma": 35.58530687507, "log10_alpha": -4.206777753109736, "log10_colsample_bytree": -0.3315109792220191, "log10_eta": -3.7809326811606385, "log10_lambda": -4.037003663151819, "log10_min_child_weight": 2.6327840907653117, "log10_subsample": -0.00413110952012552, "max_depth": 4.0, "num_boost_round": 13.0}, "datetime": {"datetime": "2024-01-19 02:34:25", "elapsed": 8573.705825, "delta": 0.006342}}
{"target": -13.758538062461467, "params": {"gamma": 39.255258831437104, "log10_alpha": -0.07283050994375628, "log10_colsample_bytree": -0.9571524362379997, "log10_eta": -3.990359125367068, "log10_lambda": 0.7023263743884032, "log10_min_child_weight": 4.980607183668483, "log10_subsample": -0.2031822691738251, "max_depth": 8.0, "num_boost_round": 0.0}, "datetime": {"datetime": "2024-01-19 02:36:22", "elapsed": 8690.296574, "delta": 116.590749}}
{"target": -13.758537010503796, "params": {"gamma": 39.255258831437104, "log10_alpha": -0.07283050994375628, "log10_colsample_bytree": -0.9571524362379997, "log10_eta": -3.990359125367068, "log10_lambda": 0.7023263743884032, "log10_min_child_weight": 4.980607183668483, "log10_subsample": -0.2031822691738251, "max_depth": 8.0, "num_boost_round": 1.0}, "datetime": {"datetime": "2024-01-19 02:36:22", "elapsed": 8690.303581, "delta": 0.007007}}
{"target": -13.758537111878564, "params": {"gamma": 39.255258831437104, "log10_alpha": -0.07283050994375628, "log10_colsample_bytree": -0.9571524362379997, "log10_eta": -3.990359125367068, "log10_lambda": 0.7023263743884032, "log10_min_child_weight": 4.980607183668483, "log10_subsample": -0.2031822691738251, "max_depth": 8.0, "num_boost_round": 2.0}, "datetime": {"datetime": "2024-01-19 02:36:22", "elapsed": 8690.309858, "delta": 0.006277}}
{"target": -13.75853704293382, "params": {"gamma": 39.255258831437104, "log10_alpha": -0.07283050994375628, "log10_colsample_bytree": -0.9571524362379997, "log10_eta": -3.990359125367068, "log10_lambda": 0.7023263743884032, "log10_min_child_weight": 4.980607183668483, "log10_subsample": -0.2031822691738251, "max_depth": 8.0, "num_boost_round": 3.0}, "datetime": {"datetime": "2024-01-19 02:36:22", "elapsed": 8690.315921, "delta": 0.006063}}
{"target": -13.758536569137451, "params": {"gamma": 39.255258831437104, "log10_alpha": -0.07283050994375628, "log10_colsample_bytree": -0.9571524362379997, "log10_eta": -3.990359125367068, "log10_lambda": 0.7023263743884032, "log10_min_child_weight": 4.980607183668483, "log10_subsample": -0.2031822691738251, "max_depth": 8.0, "num_boost_round": 4.0}, "datetime": {"datetime": "2024-01-19 02:36:22", "elapsed": 8690.322013, "delta": 0.006092}}
