{"target": -13.758537838852158, "params": {"gamma": 523.1727607086747, "log10_alpha": -0.4123381030340578, "log10_colsample_bytree": -0.03971273451877311, "log10_eta": -3.5363860680496937, "log10_lambda": 0.5681415008653481, "log10_min_child_weight": 4.300751024550713, "log10_subsample": -0.23325815307828557, "max_depth": 2.0, "num_boost_round": 0.0}, "datetime": {"datetime": "2024-01-19 00:31:37", "elapsed": 1229.685227, "delta": 21.001437}}
{"target": -13.758537724217444, "params": {"gamma": 523.1727607086747, "log10_alpha": -0.4123381030340578, "log10_colsample_bytree": -0.03971273451877311, "log10_eta": -3.5363860680496937, "log10_lambda": 0.5681415008653481, "log10_min_child_weight": 4.300751024550713, "log10_subsample": -0.23325815307828557, "max_depth": 2.0, "num_boost_round": 1.0}, "datetime": {"datetime": "2024-01-19 00:31:37", "elapsed": 1229.687441, "delta": 0.002214}}
{"target": -13.758538273624568, "params": {"gamma": 523.1727607086747, "log10_alpha": -0.4123381030340578, "log10_colsample_bytree": -0.03971273451877311, "log10_eta": -3.5363860680496937, "log10_lambda": 0.5681415008653481, "log10_min_child_weight": 4.300751024550713, "log10_subsample": -0.23325815307828557, "max_depth": 2.0, "num_boost_round": 2.0}, "datetime": {"datetime": "2024-01-19 00:31:37", "elapsed": 1229.689043, "delta": 0.001602}}
{"target": -13.758538428553724, "params": {"gamma": 523.1727607086747, "log10_alpha": -0.4123381030340578, "log10_colsample_bytree": -0.03971273451877311, "log10_eta": -3.5363860680496937, "log10_lambda": 0.5681415008653481, "log10_min_child_weight": 4.300751024550713, "log10_subsample": -0.23325815307828557, "max_depth": 2.0, "num_boost_round": 3.0}, "datetime": {"datetime": "2024-01-19 00:31:37", "elapsed": 1229.690722, "delta": 0.001679}}
{"target": -13.75853969606054, "params": {"gamma": 523.1727607086747, "log10_alpha": -0.4123381030340578, "log10_colsample_bytree": -0.03971273451877311, "log10_eta": -3.5363860680496937, "log10_lambda": 0.5681415008653481, "log10_min_child_weight": 4.300751024550713, "log10_subsample": -0.23325815307828557, "max_depth": 2.0, "num_boost_round": 4.0}, "datetime": {"datetime": "2024-01-19 00:31:37", "elapsed": 1229.692272, "delta": 0.00155}}
{"target": -13.758539521672391, "params": {"gamma": 523.1727607086747, "log10_alpha": -0.4123381030340578, "log10_colsample_bytree": -0.03971273451877311, "log10_eta": -3.5363860680496937, "log10_lambda": 0.5681415008653481, "log10_min_child_weight": 4.300751024550713, "log10_subsample": -0.23325815307828557, "max_depth": 2.0, "num_boost_round": 5.0}, "datetime": {"datetime": "2024-01-19 00:31:37", "elapsed": 1229.693789, "delta": 0.001517}}
{"target": -13.758540027774563, "params": {"gamma": 523.1727607086747, "log10_alpha": -0.4123381030340578, "log10_colsample_bytree": -0.03971273451877311, "log10_eta": -3.5363860680496937, "log10_lambda": 0.5681415008653481, "log10_min_child_weight": 4.300751024550713, "log10_subsample": -0.23325815307828557, "max_depth": 2.0, "num_boost_round": 6.0}, "datetime": {"datetime": "2024-01-19 00:31:37", "elapsed": 1229.695429, "delta": 0.00164}}
{"target": -13.758540031060368, "params": {"gamma": 523.1727607086747, "log10_alpha": -0.4123381030340578, "log10_colsample_bytree": -0.03971273451877311, "log10_eta": -3.5363860680496937, "log10_lambda": 0.5681415008653481, "log10_min_child_weight": 4.300751024550713, "log10_subsample": -0.23325815307828557, "max_depth": 2.0, "num_boost_round": 7.0}, "datetime": {"datetime": "2024-01-19 00:31:37", "elapsed": 1229.696949, "delta": 0.00152}}
{"target": -13.758539770850042, "params": {"gamma": 523.1727607086747, "log10_alpha": -0.4123381030340578, "log10_colsample_bytree": -0.03971273451877311, "log10_eta": -3.5363860680496937, "log10_lambda": 0.5681415008653481, "log10_min_child_weight": 4.300751024550713, "log10_subsample": -0.23325815307828557, "max_depth": 2.0, "num_boost_round": 8.0}, "datetime": {"datetime": "2024-01-19 00:31:37", "elapsed": 1229.698571, "delta": 0.001622}}
{"target": -13.758539812608937, "params": {"gamma": 523.1727607086747, "log10_alpha": -0.4123381030340578, "log10_colsample_bytree": -0.03971273451877311, "log10_eta": -3.5363860680496937, "log10_lambda": 0.5681415008653481, "log10_min_child_weight": 4.300751024550713, "log10_subsample": -0.23325815307828557, "max_depth": 2.0, "num_boost_round": 9.0}, "datetime": {"datetime": "2024-01-19 00:31:37", "elapsed": 1229.700139, "delta": 0.001568}}
{"target": -13.758539841836711, "params": {"gamma": 523.1727607086747, "log10_alpha": -0.4123381030340578, "log10_colsample_bytree": -0.03971273451877311, "log10_eta": -3.5363860680496937, "log10_lambda": 0.5681415008653481, "log10_min_child_weight": 4.300751024550713, "log10_subsample": -0.23325815307828557, "max_depth": 2.0, "num_boost_round": 10.0}, "datetime": {"datetime": "2024-01-19 00:31:37", "elapsed": 1229.701699, "delta": 0.00156}}
{"target": -13.758538997011438, "params": {"gamma": 523.1727607086747, "log10_alpha": -0.4123381030340578, "log10_colsample_bytree": -0.03971273451877311, "log10_eta": -3.5363860680496937, "log10_lambda": 0.5681415008653481, "log10_min_child_weight": 4.300751024550713, "log10_subsample": -0.23325815307828557, "max_depth": 2.0, "num_boost_round": 11.0}, "datetime": {"datetime": "2024-01-19 00:31:37", "elapsed": 1229.703265, "delta": 0.001566}}
{"target": -13.758539280613082, "params": {"gamma": 523.1727607086747, "log10_alpha": -0.4123381030340578, "log10_colsample_bytree": -0.03971273451877311, "log10_eta": -3.5363860680496937, "log10_lambda": 0.5681415008653481, "log10_min_child_weight": 4.300751024550713, "log10_subsample": -0.23325815307828557, "max_depth": 2.0, "num_boost_round": 12.0}, "datetime": {"datetime": "2024-01-19 00:31:37", "elapsed": 1229.704841, "delta": 0.001576}}
{"target": -13.758538609282962, "params": {"gamma": 523.1727607086747, "log10_alpha": -0.4123381030340578, "log10_colsample_bytree": -0.03971273451877311, "log10_eta": -3.5363860680496937, "log10_lambda": 0.5681415008653481, "log10_min_child_weight": 4.300751024550713, "log10_subsample": -0.23325815307828557, "max_depth": 2.0, "num_boost_round": 13.0}, "datetime": {"datetime": "2024-01-19 00:31:37", "elapsed": 1229.706424, "delta": 0.001583}}
{"target": -13.758551113236932, "params": {"gamma": 521.7607076569321, "log10_alpha": -2.7716301950348954, "log10_colsample_bytree": -0.23154576786908554, "log10_eta": -3.0944492395247343, "log10_lambda": 0.6843897504937129, "log10_min_child_weight": 2.9040844213564516, "log10_subsample": -0.37503536909953894, "max_depth": 5.0, "num_boost_round": 0.0}, "datetime": {"datetime": "2024-01-19 00:31:58", "elapsed": 1250.223441, "delta": 20.517017}}
{"target": -13.758542609660692, "params": {"gamma": 521.7607076569321, "log10_alpha": -2.7716301950348954, "log10_colsample_bytree": -0.23154576786908554, "log10_eta": -3.0944492395247343, "log10_lambda": 0.6843897504937129, "log10_min_child_weight": 2.9040844213564516, "log10_subsample": -0.37503536909953894, "max_depth": 5.0, "num_boost_round": 1.0}, "datetime": {"datetime": "2024-01-19 00:31:58", "elapsed": 1250.225626, "delta": 0.002185}}
{"target": -13.758527457484313, "params": {"gamma": 521.7607076569321, "log10_alpha": -2.7716301950348954, "log10_colsample_bytree": -0.23154576786908554, "log10_eta": -3.0944492395247343, "log10_lambda": 0.6843897504937129, "log10_min_child_weight": 2.9040844213564516, "log10_subsample": -0.37503536909953894, "max_depth": 5.0, "num_boost_round": 2.0}, "datetime": {"datetime": "2024-01-19 00:31:58", "elapsed": 1250.227222, "delta": 0.001596}}
{"target": -13.75850359773194, "params": {"gamma": 521.7607076569321, "log10_alpha": -2.7716301950348954, "log10_colsample_bytree": -0.23154576786908554, "log10_eta": -3.0944492395247343, "log10_lambda": 0.6843897504937129, "log10_min_child_weight": 2.9040844213564516, "log10_subsample": -0.37503536909953894, "max_depth": 5.0, "num_boost_round": 3.0}, "datetime": {"datetime": "2024-01-19 00:31:58", "elapsed": 1250.228738, "delta": 0.001516}}
{"target": -13.758501715803428, "params": {"gamma": 521.7607076569321, "log10_alpha": -2.7716301950348954, "log10_colsample_bytree": -0.23154576786908554, "log10_eta": -3.0944492395247343, "log10_lambda": 0.6843897504937129, "log10_min_child_weight": 2.9040844213564516, "log10_subsample": -0.37503536909953894, "max_depth": 5.0, "num_boost_round": 4.0}, "datetime": {"datetime": "2024-01-19 00:31:58", "elapsed": 1250.230289, "delta": 0.001551}}
{"target": -13.758498657709112, "params": {"gamma": 521.7607076569321, "log10_alpha": -2.7716301950348954, "log10_colsample_bytree": -0.23154576786908554, "log10_eta": -3.0944492395247343, "log10_lambda": 0.6843897504937129, "log10_min_child_weight": 2.9040844213564516, "log10_subsample": -0.37503536909953894, "max_depth": 5.0, "num_boost_round": 5.0}, "datetime": {"datetime": "2024-01-19 00:31:58", "elapsed": 1250.2318, "delta": 0.001511}}
{"target": -13.758470084716551, "params": {"gamma": 521.7607076569321, "log10_alpha": -2.7716301950348954, "log10_colsample_bytree": -0.23154576786908554, "log10_eta": -3.0944492395247343, "log10_lambda": 0.6843897504937129, "log10_min_child_weight": 2.9040844213564516, "log10_subsample": -0.37503536909953894, "max_depth": 5.0, "num_boost_round": 6.0}, "datetime": {"datetime": "2024-01-19 00:31:58", "elapsed": 1250.233333, "delta": 0.001533}}
{"target": -13.75847280384929, "params": {"gamma": 521.7607076569321, "log10_alpha": -2.7716301950348954, "log10_colsample_bytree": -0.23154576786908554, "log10_eta": -3.0944492395247343, "log10_lambda": 0.6843897504937129, "log10_min_child_weight": 2.9040844213564516, "log10_subsample": -0.37503536909953894, "max_depth": 5.0, "num_boost_round": 7.0}, "datetime": {"datetime": "2024-01-19 00:31:58", "elapsed": 1250.23485, "delta": 0.001517}}
{"target": -13.758474718545948, "params": {"gamma": 521.7607076569321, "log10_alpha": -2.7716301950348954, "log10_colsample_bytree": -0.23154576786908554, "log10_eta": -3.0944492395247343, "log10_lambda": 0.6843897504937129, "log10_min_child_weight": 2.9040844213564516, "log10_subsample": -0.37503536909953894, "max_depth": 5.0, "num_boost_round": 8.0}, "datetime": {"datetime": "2024-01-19 00:31:58", "elapsed": 1250.236369, "delta": 0.001519}}
{"target": -13.75846066249861, "params": {"gamma": 521.7607076569321, "log10_alpha": -2.7716301950348954, "log10_colsample_bytree": -0.23154576786908554, "log10_eta": -3.0944492395247343, "log10_lambda": 0.6843897504937129, "log10_min_child_weight": 2.9040844213564516, "log10_subsample": -0.37503536909953894, "max_depth": 5.0, "num_boost_round": 9.0}, "datetime": {"datetime": "2024-01-19 00:31:58", "elapsed": 1250.237875, "delta": 0.001506}}
{"target": -13.758459012675495, "params": {"gamma": 521.7607076569321, "log10_alpha": -2.7716301950348954, "log10_colsample_bytree": -0.23154576786908554, "log10_eta": -3.0944492395247343, "log10_lambda": 0.6843897504937129, "log10_min_child_weight": 2.9040844213564516, "log10_subsample": -0.37503536909953894, "max_depth": 5.0, "num_boost_round": 10.0}, "datetime": {"datetime": "2024-01-19 00:31:58", "elapsed": 1250.239375, "delta": 0.0015}}
{"target": -13.759076656201325, "params": {"gamma": 556.8400831505035, "log10_alpha": -0.2802514011464874, "log10_colsample_bytree": -0.2373831003511181, "log10_eta": -1.1797789626207011, "log10_lambda": -2.95481087701435, "log10_min_child_weight": 3.860563178044302, "log10_subsample": -0.5784347061680055, "max_depth": 9.0, "num_boost_round": 0.0}, "datetime": {"datetime": "2024-01-19 00:32:26", "elapsed": 1278.042803, "delta": 27.803428}}
{"target": -13.759560572714173, "params": {"gamma": 556.8400831505035, "log10_alpha": -0.2802514011464874, "log10_colsample_bytree": -0.2373831003511181, "log10_eta": -1.1797789626207011, "log10_lambda": -2.95481087701435, "log10_min_child_weight": 3.860563178044302, "log10_subsample": -0.5784347061680055, "max_depth": 9.0, "num_boost_round": 1.0}, "datetime": {"datetime": "2024-01-19 00:32:26", "elapsed": 1278.04447, "delta": 0.001667}}
{"target": -13.760877284107627, "params": {"gamma": 556.8400831505035, "log10_alpha": -0.2802514011464874, "log10_colsample_bytree": -0.2373831003511181, "log10_eta": -1.1797789626207011, "log10_lambda": -2.95481087701435, "log10_min_child_weight": 3.860563178044302, "log10_subsample": -0.5784347061680055, "max_depth": 9.0, "num_boost_round": 2.0}, "datetime": {"datetime": "2024-01-19 00:32:26", "elapsed": 1278.046329, "delta": 0.001859}}
{"target": -13.761399838148222, "params": {"gamma": 556.8400831505035, "log10_alpha": -0.2802514011464874, "log10_colsample_bytree": -0.2373831003511181, "log10_eta": -1.1797789626207011, "log10_lambda": -2.95481087701435, "log10_min_child_weight": 3.860563178044302, "log10_subsample": -0.5784347061680055, "max_depth": 9.0, "num_boost_round": 3.0}, "datetime": {"datetime": "2024-01-19 00:32:26", "elapsed": 1278.048002, "delta": 0.001673}}
{"target": -13.762564704395144, "params": {"gamma": 556.8400831505035, "log10_alpha": -0.2802514011464874, "log10_colsample_bytree": -0.2373831003511181, "log10_eta": -1.1797789626207011, "log10_lambda": -2.95481087701435, "log10_min_child_weight": 3.860563178044302, "log10_subsample": -0.5784347061680055, "max_depth": 9.0, "num_boost_round": 4.0}, "datetime": {"datetime": "2024-01-19 00:32:26", "elapsed": 1278.049757, "delta": 0.001755}}
{"target": -13.763457309936406, "params": {"gamma": 556.8400831505035, "log10_alpha": -0.2802514011464874, "log10_colsample_bytree": -0.2373831003511181, "log10_eta": -1.1797789626207011, "log10_lambda": -2.95481087701435, "log10_min_child_weight": 3.860563178044302, "log10_subsample": -0.5784347061680055, "max_depth": 9.0, "num_boost_round": 5.0}, "datetime": {"datetime": "2024-01-19 00:32:26", "elapsed": 1278.051803, "delta": 0.002046}}
{"target": -13.765258028356277, "params": {"gamma": 556.8400831505035, "log10_alpha": -0.2802514011464874, "log10_colsample_bytree": -0.2373831003511181, "log10_eta": -1.1797789626207011, "log10_lambda": -2.95481087701435, "log10_min_child_weight": 3.860563178044302, "log10_subsample": -0.5784347061680055, "max_depth": 9.0, "num_boost_round": 6.0}, "datetime": {"datetime": "2024-01-19 00:32:26", "elapsed": 1278.05332, "delta": 0.001517}}
{"target": -13.764928916054314, "params": {"gamma": 556.8400831505035, "log10_alpha": -0.2802514011464874, "log10_colsample_bytree": -0.2373831003511181, "log10_eta": -1.1797789626207011, "log10_lambda": -2.95481087701435, "log10_min_child_weight": 3.860563178044302, "log10_subsample": -0.5784347061680055, "max_depth": 9.0, "num_boost_round": 7.0}, "datetime": {"datetime": "2024-01-19 00:32:26", "elapsed": 1278.054818, "delta": 0.001498}}
{"target": -13.76461177371921, "params": {"gamma": 556.8400831505035, "log10_alpha": -0.2802514011464874, "log10_colsample_bytree": -0.2373831003511181, "log10_eta": -1.1797789626207011, "log10_lambda": -2.95481087701435, "log10_min_child_weight": 3.860563178044302, "log10_subsample": -0.5784347061680055, "max_depth": 9.0, "num_boost_round": 8.0}, "datetime": {"datetime": "2024-01-19 00:32:26", "elapsed": 1278.0563, "delta": 0.001482}}
{"target": -13.765034095308902, "params": {"gamma": 556.8400831505035, "log10_alpha": -0.2802514011464874, "log10_colsample_bytree": -0.2373831003511181, "log10_eta": -1.1797789626207011, "log10_lambda": -2.95481087701435, "log10_min_child_weight": 3.860563178044302, "log10_subsample": -0.5784347061680055, "max_depth": 9.0, "num_boost_round": 9.0}, "datetime": {"datetime": "2024-01-19 00:32:26", "elapsed": 1278.0578, "delta": 0.0015}}
{"target": -13.766254260556455, "params": {"gamma": 556.8400831505035, "log10_alpha": -0.2802514011464874, "log10_colsample_bytree": -0.2373831003511181, "log10_eta": -1.1797789626207011, "log10_lambda": -2.95481087701435, "log10_min_child_weight": 3.860563178044302, "log10_subsample": -0.5784347061680055, "max_depth": 9.0, "num_boost_round": 10.0}, "datetime": {"datetime": "2024-01-19 00:32:26", "elapsed": 1278.059316, "delta": 0.001516}}
{"target": -13.765655537120521, "params": {"gamma": 556.8400831505035, "log10_alpha": -0.2802514011464874, "log10_colsample_bytree": -0.2373831003511181, "log10_eta": -1.1797789626207011, "log10_lambda": -2.95481087701435, "log10_min_child_weight": 3.860563178044302, "log10_subsample": -0.5784347061680055, "max_depth": 9.0, "num_boost_round": 11.0}, "datetime": {"datetime": "2024-01-19 00:32:26", "elapsed": 1278.060812, "delta": 0.001496}}
{"target": -13.766187071723142, "params": {"gamma": 556.8400831505035, "log10_alpha": -0.2802514011464874, "log10_colsample_bytree": -0.2373831003511181, "log10_eta": -1.1797789626207011, "log10_lambda": -2.95481087701435, "log10_min_child_weight": 3.860563178044302, "log10_subsample": -0.5784347061680055, "max_depth": 9.0, "num_boost_round": 12.0}, "datetime": {"datetime": "2024-01-19 00:32:26", "elapsed": 1278.0623, "delta": 0.001488}}
{"target": -13.768198678378877, "params": {"gamma": 556.8400831505035, "log10_alpha": -0.2802514011464874, "log10_colsample_bytree": -0.2373831003511181, "log10_eta": -1.1797789626207011, "log10_lambda": -2.95481087701435, "log10_min_child_weight": 3.860563178044302, "log10_subsample": -0.5784347061680055, "max_depth": 9.0, "num_boost_round": 13.0}, "datetime": {"datetime": "2024-01-19 00:32:26", "elapsed": 1278.06386, "delta": 0.00156}}
{"target": -13.770047336893498, "params": {"gamma": 556.8400831505035, "log10_alpha": -0.2802514011464874, "log10_colsample_bytree": -0.2373831003511181, "log10_eta": -1.1797789626207011, "log10_lambda": -2.95481087701435, "log10_min_child_weight": 3.860563178044302, "log10_subsample": -0.5784347061680055, "max_depth": 9.0, "num_boost_round": 14.0}, "datetime": {"datetime": "2024-01-19 00:32:26", "elapsed": 1278.065347, "delta": 0.001487}}
{"target": -13.769859879082912, "params": {"gamma": 556.8400831505035, "log10_alpha": -0.2802514011464874, "log10_colsample_bytree": -0.2373831003511181, "log10_eta": -1.1797789626207011, "log10_lambda": -2.95481087701435, "log10_min_child_weight": 3.860563178044302, "log10_subsample": -0.5784347061680055, "max_depth": 9.0, "num_boost_round": 15.0}, "datetime": {"datetime": "2024-01-19 00:32:26", "elapsed": 1278.066943, "delta": 0.001596}}
{"target": -13.770481083754875, "params": {"gamma": 556.8400831505035, "log10_alpha": -0.2802514011464874, "log10_colsample_bytree": -0.2373831003511181, "log10_eta": -1.1797789626207011, "log10_lambda": -2.95481087701435, "log10_min_child_weight": 3.860563178044302, "log10_subsample": -0.5784347061680055, "max_depth": 9.0, "num_boost_round": 16.0}, "datetime": {"datetime": "2024-01-19 00:32:26", "elapsed": 1278.068455, "delta": 0.001512}}
{"target": -13.770487145525106, "params": {"gamma": 556.8400831505035, "log10_alpha": -0.2802514011464874, "log10_colsample_bytree": -0.2373831003511181, "log10_eta": -1.1797789626207011, "log10_lambda": -2.95481087701435, "log10_min_child_weight": 3.860563178044302, "log10_subsample": -0.5784347061680055, "max_depth": 9.0, "num_boost_round": 17.0}, "datetime": {"datetime": "2024-01-19 00:32:26", "elapsed": 1278.06995, "delta": 0.001495}}
{"target": -13.773228436038846, "params": {"gamma": 556.8400831505035, "log10_alpha": -0.2802514011464874, "log10_colsample_bytree": -0.2373831003511181, "log10_eta": -1.1797789626207011, "log10_lambda": -2.95481087701435, "log10_min_child_weight": 3.860563178044302, "log10_subsample": -0.5784347061680055, "max_depth": 9.0, "num_boost_round": 18.0}, "datetime": {"datetime": "2024-01-19 00:32:26", "elapsed": 1278.071449, "delta": 0.001499}}
{"target": -13.773439897237719, "params": {"gamma": 556.8400831505035, "log10_alpha": -0.2802514011464874, "log10_colsample_bytree": -0.2373831003511181, "log10_eta": -1.1797789626207011, "log10_lambda": -2.95481087701435, "log10_min_child_weight": 3.860563178044302, "log10_subsample": -0.5784347061680055, "max_depth": 9.0, "num_boost_round": 19.0}, "datetime": {"datetime": "2024-01-19 00:32:26", "elapsed": 1278.072932, "delta": 0.001483}}
{"target": -13.758538483102116, "params": {"gamma": 518.2704486114989, "log10_alpha": -4.755641897539691, "log10_colsample_bytree": -0.7819405055045752, "log10_eta": -4.0, "log10_lambda": 0.9872851935781094, "log10_min_child_weight": 5.0, "log10_subsample": -0.2608172785338322, "max_depth": 2.0, "num_boost_round": 0.0}, "datetime": {"datetime": "2024-01-19 00:32:46", "elapsed": 1298.764316, "delta": 20.691384}}
{"target": -13.758537953573382, "params": {"gamma": 518.2704486114989, "log10_alpha": -4.755641897539691, "log10_colsample_bytree": -0.7819405055045752, "log10_eta": -4.0, "log10_lambda": 0.9872851935781094, "log10_min_child_weight": 5.0, "log10_subsample": -0.2608172785338322, "max_depth": 2.0, "num_boost_round": 1.0}, "datetime": {"datetime": "2024-01-19 00:32:46", "elapsed": 1298.766589, "delta": 0.002273}}
{"target": -13.758537573577392, "params": {"gamma": 518.2704486114989, "log10_alpha": -4.755641897539691, "log10_colsample_bytree": -0.7819405055045752, "log10_eta": -4.0, "log10_lambda": 0.9872851935781094, "log10_min_child_weight": 5.0, "log10_subsample": -0.2608172785338322, "max_depth": 2.0, "num_boost_round": 2.0}, "datetime": {"datetime": "2024-01-19 00:32:46", "elapsed": 1298.768125, "delta": 0.001536}}
{"target": -13.758537081979041, "params": {"gamma": 518.2704486114989, "log10_alpha": -4.755641897539691, "log10_colsample_bytree": -0.7819405055045752, "log10_eta": -4.0, "log10_lambda": 0.9872851935781094, "log10_min_child_weight": 5.0, "log10_subsample": -0.2608172785338322, "max_depth": 2.0, "num_boost_round": 3.0}, "datetime": {"datetime": "2024-01-19 00:32:46", "elapsed": 1298.769753, "delta": 0.001628}}
