{"target": -17.677204541795568, "params": {"gamma": 428.0447899004786, "log10_alpha": 0.9952033573989656, "log10_colsample_bytree": -0.9339135015483726, "log10_eta": -3.5936820644948475, "log10_lambda": 0.4869618923980319, "log10_min_child_weight": 3.2159136660738104, "log10_subsample": -0.8028112999275727, "max_depth": 4.0, "num_boost_round": 8.0}, "datetime": {"datetime": "2024-01-19 02:55:10", "elapsed": 9814.524662, "delta": 0.005558}}
{"target": -17.67720218065926, "params": {"gamma": 428.0447899004786, "log10_alpha": 0.9952033573989656, "log10_colsample_bytree": -0.9339135015483726, "log10_eta": -3.5936820644948475, "log10_lambda": 0.4869618923980319, "log10_min_child_weight": 3.2159136660738104, "log10_subsample": -0.8028112999275727, "max_depth": 4.0, "num_boost_round": 9.0}, "datetime": {"datetime": "2024-01-19 02:55:10", "elapsed": 9814.529882, "delta": 0.00522}}
{"target": -17.67720497423775, "params": {"gamma": 428.0447899004786, "log10_alpha": 0.9952033573989656, "log10_colsample_bytree": -0.9339135015483726, "log10_eta": -3.5936820644948475, "log10_lambda": 0.4869618923980319, "log10_min_child_weight": 3.2159136660738104, "log10_subsample": -0.8028112999275727, "max_depth": 4.0, "num_boost_round": 10.0}, "datetime": {"datetime": "2024-01-19 02:55:10", "elapsed": 9814.535079, "delta": 0.005197}}
{"target": -17.677204580701748, "params": {"gamma": 428.0447899004786, "log10_alpha": 0.9952033573989656, "log10_colsample_bytree": -0.9339135015483726, "log10_eta": -3.5936820644948475, "log10_lambda": 0.4869618923980319, "log10_min_child_weight": 3.2159136660738104, "log10_subsample": -0.8028112999275727, "max_depth": 4.0, "num_boost_round": 11.0}, "datetime": {"datetime": "2024-01-19 02:55:10", "elapsed": 9814.540318, "delta": 0.005239}}
{"target": -17.67719464403547, "params": {"gamma": 428.0447899004786, "log10_alpha": 0.9952033573989656, "log10_colsample_bytree": -0.9339135015483726, "log10_eta": -3.5936820644948475, "log10_lambda": 0.4869618923980319, "log10_min_child_weight": 3.2159136660738104, "log10_subsample": -0.8028112999275727, "max_depth": 4.0, "num_boost_round": 12.0}, "datetime": {"datetime": "2024-01-19 02:55:10", "elapsed": 9814.545533, "delta": 0.005215}}
{"target": -17.677193484457355, "params": {"gamma": 428.0447899004786, "log10_alpha": 0.9952033573989656, "log10_colsample_bytree": -0.9339135015483726, "log10_eta": -3.5936820644948475, "log10_lambda": 0.4869618923980319, "log10_min_child_weight": 3.2159136660738104, "log10_subsample": -0.8028112999275727, "max_depth": 4.0, "num_boost_round": 13.0}, "datetime": {"datetime": "2024-01-19 02:55:10", "elapsed": 9814.550782, "delta": 0.005249}}
{"target": -17.677191199233384, "params": {"gamma": 428.0447899004786, "log10_alpha": 0.9952033573989656, "log10_colsample_bytree": -0.9339135015483726, "log10_eta": -3.5936820644948475, "log10_lambda": 0.4869618923980319, "log10_min_child_weight": 3.2159136660738104, "log10_subsample": -0.8028112999275727, "max_depth": 4.0, "num_boost_round": 14.0}, "datetime": {"datetime": "2024-01-19 02:55:10", "elapsed": 9814.55602, "delta": 0.005238}}
{"target": -17.677185468892024, "params": {"gamma": 428.0447899004786, "log10_alpha": 0.9952033573989656, "log10_colsample_bytree": -0.9339135015483726, "log10_eta": -3.5936820644948475, "log10_lambda": 0.4869618923980319, "log10_min_child_weight": 3.2159136660738104, "log10_subsample": -0.8028112999275727, "max_depth": 4.0, "num_boost_round": 15.0}, "datetime": {"datetime": "2024-01-19 02:55:10", "elapsed": 9814.561254, "delta": 0.005234}}
{"target": -17.677184835507493, "params": {"gamma": 428.0447899004786, "log10_alpha": 0.9952033573989656, "log10_colsample_bytree": -0.9339135015483726, "log10_eta": -3.5936820644948475, "log10_lambda": 0.4869618923980319, "log10_min_child_weight": 3.2159136660738104, "log10_subsample": -0.8028112999275727, "max_depth": 4.0, "num_boost_round": 16.0}, "datetime": {"datetime": "2024-01-19 02:55:10", "elapsed": 9814.56653, "delta": 0.005276}}
{"target": -17.677178828536064, "params": {"gamma": 428.0447899004786, "log10_alpha": 0.9952033573989656, "log10_colsample_bytree": -0.9339135015483726, "log10_eta": -3.5936820644948475, "log10_lambda": 0.4869618923980319, "log10_min_child_weight": 3.2159136660738104, "log10_subsample": -0.8028112999275727, "max_depth": 4.0, "num_boost_round": 17.0}, "datetime": {"datetime": "2024-01-19 02:55:10", "elapsed": 9814.571901, "delta": 0.005371}}
{"target": -17.67717876785812, "params": {"gamma": 428.0447899004786, "log10_alpha": 0.9952033573989656, "log10_colsample_bytree": -0.9339135015483726, "log10_eta": -3.5936820644948475, "log10_lambda": 0.4869618923980319, "log10_min_child_weight": 3.2159136660738104, "log10_subsample": -0.8028112999275727, "max_depth": 4.0, "num_boost_round": 18.0}, "datetime": {"datetime": "2024-01-19 02:55:10", "elapsed": 9814.577298, "delta": 0.005397}}
{"target": -17.677233180761547, "params": {"gamma": 428.4178973489806, "log10_alpha": -1.2417646058516874, "log10_colsample_bytree": -0.5395008545476823, "log10_eta": -3.407405299833748, "log10_lambda": -1.774533929938693, "log10_min_child_weight": 3.713924340293527, "log10_subsample": -0.9407447802260236, "max_depth": 3.0, "num_boost_round": 0.0}, "datetime": {"datetime": "2024-01-19 02:57:37", "elapsed": 9961.613655, "delta": 147.036357}}
{"target": -17.677234945069213, "params": {"gamma": 428.4178973489806, "log10_alpha": -1.2417646058516874, "log10_colsample_bytree": -0.5395008545476823, "log10_eta": -3.407405299833748, "log10_lambda": -1.774533929938693, "log10_min_child_weight": 3.713924340293527, "log10_subsample": -0.9407447802260236, "max_depth": 3.0, "num_boost_round": 1.0}, "datetime": {"datetime": "2024-01-19 02:57:37", "elapsed": 9961.619849, "delta": 0.006194}}
{"target": -17.67723789065232, "params": {"gamma": 428.4178973489806, "log10_alpha": -1.2417646058516874, "log10_colsample_bytree": -0.5395008545476823, "log10_eta": -3.407405299833748, "log10_lambda": -1.774533929938693, "log10_min_child_weight": 3.713924340293527, "log10_subsample": -0.9407447802260236, "max_depth": 3.0, "num_boost_round": 2.0}, "datetime": {"datetime": "2024-01-19 02:57:37", "elapsed": 9961.62507, "delta": 0.005221}}
{"target": -17.677235242764354, "params": {"gamma": 428.4178973489806, "log10_alpha": -1.2417646058516874, "log10_colsample_bytree": -0.5395008545476823, "log10_eta": -3.407405299833748, "log10_lambda": -1.774533929938693, "log10_min_child_weight": 3.713924340293527, "log10_subsample": -0.9407447802260236, "max_depth": 3.0, "num_boost_round": 3.0}, "datetime": {"datetime": "2024-01-19 02:57:37", "elapsed": 9961.63031, "delta": 0.00524}}
{"target": -17.6772333585207, "params": {"gamma": 428.4178973489806, "log10_alpha": -1.2417646058516874, "log10_colsample_bytree": -0.5395008545476823, "log10_eta": -3.407405299833748, "log10_lambda": -1.774533929938693, "log10_min_child_weight": 3.713924340293527, "log10_subsample": -0.9407447802260236, "max_depth": 3.0, "num_boost_round": 4.0}, "datetime": {"datetime": "2024-01-19 02:57:37", "elapsed": 9961.635809, "delta": 0.005499}}
{"target": -17.677230946131036, "params": {"gamma": 428.4178973489806, "log10_alpha": -1.2417646058516874, "log10_colsample_bytree": -0.5395008545476823, "log10_eta": -3.407405299833748, "log10_lambda": -1.774533929938693, "log10_min_child_weight": 3.713924340293527, "log10_subsample": -0.9407447802260236, "max_depth": 3.0, "num_boost_round": 5.0}, "datetime": {"datetime": "2024-01-19 02:57:37", "elapsed": 9961.641132, "delta": 0.005323}}
{"target": -17.677233362301404, "params": {"gamma": 428.4178973489806, "log10_alpha": -1.2417646058516874, "log10_colsample_bytree": -0.5395008545476823, "log10_eta": -3.407405299833748, "log10_lambda": -1.774533929938693, "log10_min_child_weight": 3.713924340293527, "log10_subsample": -0.9407447802260236, "max_depth": 3.0, "num_boost_round": 6.0}, "datetime": {"datetime": "2024-01-19 02:57:37", "elapsed": 9961.646495, "delta": 0.005363}}
{"target": -17.67722797934756, "params": {"gamma": 428.4178973489806, "log10_alpha": -1.2417646058516874, "log10_colsample_bytree": -0.5395008545476823, "log10_eta": -3.407405299833748, "log10_lambda": -1.774533929938693, "log10_min_child_weight": 3.713924340293527, "log10_subsample": -0.9407447802260236, "max_depth": 3.0, "num_boost_round": 7.0}, "datetime": {"datetime": "2024-01-19 02:57:37", "elapsed": 9961.652051, "delta": 0.005556}}
{"target": -17.677228194171676, "params": {"gamma": 428.4178973489806, "log10_alpha": -1.2417646058516874, "log10_colsample_bytree": -0.5395008545476823, "log10_eta": -3.407405299833748, "log10_lambda": -1.774533929938693, "log10_min_child_weight": 3.713924340293527, "log10_subsample": -0.9407447802260236, "max_depth": 3.0, "num_boost_round": 8.0}, "datetime": {"datetime": "2024-01-19 02:57:37", "elapsed": 9961.657582, "delta": 0.005531}}
{"target": -17.677223660036848, "params": {"gamma": 428.4178973489806, "log10_alpha": -1.2417646058516874, "log10_colsample_bytree": -0.5395008545476823, "log10_eta": -3.407405299833748, "log10_lambda": -1.774533929938693, "log10_min_child_weight": 3.713924340293527, "log10_subsample": -0.9407447802260236, "max_depth": 3.0, "num_boost_round": 9.0}, "datetime": {"datetime": "2024-01-19 02:57:37", "elapsed": 9961.662777, "delta": 0.005195}}
{"target": -17.677221672538376, "params": {"gamma": 428.4178973489806, "log10_alpha": -1.2417646058516874, "log10_colsample_bytree": -0.5395008545476823, "log10_eta": -3.407405299833748, "log10_lambda": -1.774533929938693, "log10_min_child_weight": 3.713924340293527, "log10_subsample": -0.9407447802260236, "max_depth": 3.0, "num_boost_round": 10.0}, "datetime": {"datetime": "2024-01-19 02:57:37", "elapsed": 9961.668029, "delta": 0.005252}}
{"target": -17.677217583940806, "params": {"gamma": 428.4178973489806, "log10_alpha": -1.2417646058516874, "log10_colsample_bytree": -0.5395008545476823, "log10_eta": -3.407405299833748, "log10_lambda": -1.774533929938693, "log10_min_child_weight": 3.713924340293527, "log10_subsample": -0.9407447802260236, "max_depth": 3.0, "num_boost_round": 11.0}, "datetime": {"datetime": "2024-01-19 02:57:37", "elapsed": 9961.673487, "delta": 0.005458}}
{"target": -17.677224400296677, "params": {"gamma": 428.4178973489806, "log10_alpha": -1.2417646058516874, "log10_colsample_bytree": -0.5395008545476823, "log10_eta": -3.407405299833748, "log10_lambda": -1.774533929938693, "log10_min_child_weight": 3.713924340293527, "log10_subsample": -0.9407447802260236, "max_depth": 3.0, "num_boost_round": 12.0}, "datetime": {"datetime": "2024-01-19 02:57:37", "elapsed": 9961.678965, "delta": 0.005478}}
{"target": -17.677217246780373, "params": {"gamma": 428.4178973489806, "log10_alpha": -1.2417646058516874, "log10_colsample_bytree": -0.5395008545476823, "log10_eta": -3.407405299833748, "log10_lambda": -1.774533929938693, "log10_min_child_weight": 3.713924340293527, "log10_subsample": -0.9407447802260236, "max_depth": 3.0, "num_boost_round": 13.0}, "datetime": {"datetime": "2024-01-19 02:57:37", "elapsed": 9961.68422, "delta": 0.005255}}
{"target": -17.677215896137678, "params": {"gamma": 428.4178973489806, "log10_alpha": -1.2417646058516874, "log10_colsample_bytree": -0.5395008545476823, "log10_eta": -3.407405299833748, "log10_lambda": -1.774533929938693, "log10_min_child_weight": 3.713924340293527, "log10_subsample": -0.9407447802260236, "max_depth": 3.0, "num_boost_round": 14.0}, "datetime": {"datetime": "2024-01-19 02:57:37", "elapsed": 9961.689424, "delta": 0.005204}}
{"target": -17.677212079547527, "params": {"gamma": 428.4178973489806, "log10_alpha": -1.2417646058516874, "log10_colsample_bytree": -0.5395008545476823, "log10_eta": -3.407405299833748, "log10_lambda": -1.774533929938693, "log10_min_child_weight": 3.713924340293527, "log10_subsample": -0.9407447802260236, "max_depth": 3.0, "num_boost_round": 15.0}, "datetime": {"datetime": "2024-01-19 02:57:37", "elapsed": 9961.694741, "delta": 0.005317}}
{"target": -17.677210269684885, "params": {"gamma": 428.4178973489806, "log10_alpha": -1.2417646058516874, "log10_colsample_bytree": -0.5395008545476823, "log10_eta": -3.407405299833748, "log10_lambda": -1.774533929938693, "log10_min_child_weight": 3.713924340293527, "log10_subsample": -0.9407447802260236, "max_depth": 3.0, "num_boost_round": 16.0}, "datetime": {"datetime": "2024-01-19 02:57:37", "elapsed": 9961.699985, "delta": 0.005244}}
{"target": -17.677208066677732, "params": {"gamma": 428.4178973489806, "log10_alpha": -1.2417646058516874, "log10_colsample_bytree": -0.5395008545476823, "log10_eta": -3.407405299833748, "log10_lambda": -1.774533929938693, "log10_min_child_weight": 3.713924340293527, "log10_subsample": -0.9407447802260236, "max_depth": 3.0, "num_boost_round": 17.0}, "datetime": {"datetime": "2024-01-19 02:57:37", "elapsed": 9961.705262, "delta": 0.005277}}
{"target": -17.677203776282468, "params": {"gamma": 428.4178973489806, "log10_alpha": -1.2417646058516874, "log10_colsample_bytree": -0.5395008545476823, "log10_eta": -3.407405299833748, "log10_lambda": -1.774533929938693, "log10_min_child_weight": 3.713924340293527, "log10_subsample": -0.9407447802260236, "max_depth": 3.0, "num_boost_round": 18.0}, "datetime": {"datetime": "2024-01-19 02:57:37", "elapsed": 9961.710777, "delta": 0.005515}}
{"target": -17.677199077154302, "params": {"gamma": 428.4178973489806, "log10_alpha": -1.2417646058516874, "log10_colsample_bytree": -0.5395008545476823, "log10_eta": -3.407405299833748, "log10_lambda": -1.774533929938693, "log10_min_child_weight": 3.713924340293527, "log10_subsample": -0.9407447802260236, "max_depth": 3.0, "num_boost_round": 19.0}, "datetime": {"datetime": "2024-01-19 02:57:37", "elapsed": 9961.716649, "delta": 0.005872}}
{"target": -17.6771960560055, "params": {"gamma": 428.4178973489806, "log10_alpha": -1.2417646058516874, "log10_colsample_bytree": -0.5395008545476823, "log10_eta": -3.407405299833748, "log10_lambda": -1.774533929938693, "log10_min_child_weight": 3.713924340293527, "log10_subsample": -0.9407447802260236, "max_depth": 3.0, "num_boost_round": 20.0}, "datetime": {"datetime": "2024-01-19 02:57:37", "elapsed": 9961.722346, "delta": 0.005697}}
{"target": -17.67719601220482, "params": {"gamma": 428.4178973489806, "log10_alpha": -1.2417646058516874, "log10_colsample_bytree": -0.5395008545476823, "log10_eta": -3.407405299833748, "log10_lambda": -1.774533929938693, "log10_min_child_weight": 3.713924340293527, "log10_subsample": -0.9407447802260236, "max_depth": 3.0, "num_boost_round": 21.0}, "datetime": {"datetime": "2024-01-19 02:57:37", "elapsed": 9961.833063, "delta": 0.110717}}
{"target": -17.6771969687335, "params": {"gamma": 428.4178973489806, "log10_alpha": -1.2417646058516874, "log10_colsample_bytree": -0.5395008545476823, "log10_eta": -3.407405299833748, "log10_lambda": -1.774533929938693, "log10_min_child_weight": 3.713924340293527, "log10_subsample": -0.9407447802260236, "max_depth": 3.0, "num_boost_round": 22.0}, "datetime": {"datetime": "2024-01-19 02:57:37", "elapsed": 9961.838847, "delta": 0.005784}}
{"target": -17.677191260135427, "params": {"gamma": 428.4178973489806, "log10_alpha": -1.2417646058516874, "log10_colsample_bytree": -0.5395008545476823, "log10_eta": -3.407405299833748, "log10_lambda": -1.774533929938693, "log10_min_child_weight": 3.713924340293527, "log10_subsample": -0.9407447802260236, "max_depth": 3.0, "num_boost_round": 23.0}, "datetime": {"datetime": "2024-01-19 02:57:37", "elapsed": 9961.84421, "delta": 0.005363}}
{"target": -17.67718627041814, "params": {"gamma": 428.4178973489806, "log10_alpha": -1.2417646058516874, "log10_colsample_bytree": -0.5395008545476823, "log10_eta": -3.407405299833748, "log10_lambda": -1.774533929938693, "log10_min_child_weight": 3.713924340293527, "log10_subsample": -0.9407447802260236, "max_depth": 3.0, "num_boost_round": 24.0}, "datetime": {"datetime": "2024-01-19 02:57:37", "elapsed": 9961.849498, "delta": 0.005288}}
{"target": -17.677184898729944, "params": {"gamma": 428.4178973489806, "log10_alpha": -1.2417646058516874, "log10_colsample_bytree": -0.5395008545476823, "log10_eta": -3.407405299833748, "log10_lambda": -1.774533929938693, "log10_min_child_weight": 3.713924340293527, "log10_subsample": -0.9407447802260236, "max_depth": 3.0, "num_boost_round": 25.0}, "datetime": {"datetime": "2024-01-19 02:57:37", "elapsed": 9961.854854, "delta": 0.005356}}
{"target": -17.677190070311084, "params": {"gamma": 428.4178973489806, "log10_alpha": -1.2417646058516874, "log10_colsample_bytree": -0.5395008545476823, "log10_eta": -3.407405299833748, "log10_lambda": -1.774533929938693, "log10_min_child_weight": 3.713924340293527, "log10_subsample": -0.9407447802260236, "max_depth": 3.0, "num_boost_round": 26.0}, "datetime": {"datetime": "2024-01-19 02:57:37", "elapsed": 9961.860125, "delta": 0.005271}}
{"target": -17.677232176603056, "params": {"gamma": 428.671544259529, "log10_alpha": -1.5525360348908341, "log10_colsample_bytree": -0.6130854678560814, "log10_eta": -3.631803404817602, "log10_lambda": -4.916795898519384, "log10_min_child_weight": 4.894521947701506, "log10_subsample": -0.8366421709303715, "max_depth": 7.0, "num_boost_round": 0.0}, "datetime": {"datetime": "2024-01-19 03:00:26", "elapsed": 10131.31804, "delta": 169.457915}}
{"target": -17.67723246681802, "params": {"gamma": 428.671544259529, "log10_alpha": -1.5525360348908341, "log10_colsample_bytree": -0.6130854678560814, "log10_eta": -3.631803404817602, "log10_lambda": -4.916795898519384, "log10_min_child_weight": 4.894521947701506, "log10_subsample": -0.8366421709303715, "max_depth": 7.0, "num_boost_round": 1.0}, "datetime": {"datetime": "2024-01-19 03:00:26", "elapsed": 10131.324137, "delta": 0.006097}}
{"target": -17.677232839221986, "params": {"gamma": 428.671544259529, "log10_alpha": -1.5525360348908341, "log10_colsample_bytree": -0.6130854678560814, "log10_eta": -3.631803404817602, "log10_lambda": -4.916795898519384, "log10_min_child_weight": 4.894521947701506, "log10_subsample": -0.8366421709303715, "max_depth": 7.0, "num_boost_round": 2.0}, "datetime": {"datetime": "2024-01-19 03:00:26", "elapsed": 10131.329473, "delta": 0.005336}}
{"target": -17.677232826503452, "params": {"gamma": 428.671544259529, "log10_alpha": -1.5525360348908341, "log10_colsample_bytree": -0.6130854678560814, "log10_eta": -3.631803404817602, "log10_lambda": -4.916795898519384, "log10_min_child_weight": 4.894521947701506, "log10_subsample": -0.8366421709303715, "max_depth": 7.0, "num_boost_round": 3.0}, "datetime": {"datetime": "2024-01-19 03:00:26", "elapsed": 10131.334855, "delta": 0.005382}}
{"target": -17.677233149219326, "params": {"gamma": 428.671544259529, "log10_alpha": -1.5525360348908341, "log10_colsample_bytree": -0.6130854678560814, "log10_eta": -3.631803404817602, "log10_lambda": -4.916795898519384, "log10_min_child_weight": 4.894521947701506, "log10_subsample": -0.8366421709303715, "max_depth": 7.0, "num_boost_round": 4.0}, "datetime": {"datetime": "2024-01-19 03:00:26", "elapsed": 10131.3402, "delta": 0.005345}}
{"target": -17.67723249387307, "params": {"gamma": 428.671544259529, "log10_alpha": -1.5525360348908341, "log10_colsample_bytree": -0.6130854678560814, "log10_eta": -3.631803404817602, "log10_lambda": -4.916795898519384, "log10_min_child_weight": 4.894521947701506, "log10_subsample": -0.8366421709303715, "max_depth": 7.0, "num_boost_round": 5.0}, "datetime": {"datetime": "2024-01-19 03:00:26", "elapsed": 10131.34558, "delta": 0.00538}}
{"target": -17.67723179184089, "params": {"gamma": 428.671544259529, "log10_alpha": -1.5525360348908341, "log10_colsample_bytree": -0.6130854678560814, "log10_eta": -3.631803404817602, "log10_lambda": -4.916795898519384, "log10_min_child_weight": 4.894521947701506, "log10_subsample": -0.8366421709303715, "max_depth": 7.0, "num_boost_round": 6.0}, "datetime": {"datetime": "2024-01-19 03:00:26", "elapsed": 10131.351136, "delta": 0.005556}}
{"target": -17.677230149081183, "params": {"gamma": 428.671544259529, "log10_alpha": -1.5525360348908341, "log10_colsample_bytree": -0.6130854678560814, "log10_eta": -3.631803404817602, "log10_lambda": -4.916795898519384, "log10_min_child_weight": 4.894521947701506, "log10_subsample": -0.8366421709303715, "max_depth": 7.0, "num_boost_round": 7.0}, "datetime": {"datetime": "2024-01-19 03:00:26", "elapsed": 10131.356828, "delta": 0.005692}}
{"target": -17.6772303304598, "params": {"gamma": 428.671544259529, "log10_alpha": -1.5525360348908341, "log10_colsample_bytree": -0.6130854678560814, "log10_eta": -3.631803404817602, "log10_lambda": -4.916795898519384, "log10_min_child_weight": 4.894521947701506, "log10_subsample": -0.8366421709303715, "max_depth": 7.0, "num_boost_round": 8.0}, "datetime": {"datetime": "2024-01-19 03:00:26", "elapsed": 10131.362105, "delta": 0.005277}}
{"target": -17.677230565311955, "params": {"gamma": 428.671544259529, "log10_alpha": -1.5525360348908341, "log10_colsample_bytree": -0.6130854678560814, "log10_eta": -3.631803404817602, "log10_lambda": -4.916795898519384, "log10_min_child_weight": 4.894521947701506, "log10_subsample": -0.8366421709303715, "max_depth": 7.0, "num_boost_round": 9.0}, "datetime": {"datetime": "2024-01-19 03:00:26", "elapsed": 10131.367506, "delta": 0.005401}}
{"target": -17.677229208731116, "params": {"gamma": 428.671544259529, "log10_alpha": -1.5525360348908341, "log10_colsample_bytree": -0.6130854678560814, "log10_eta": -3.631803404817602, "log10_lambda": -4.916795898519384, "log10_min_child_weight": 4.894521947701506, "log10_subsample": -0.8366421709303715, "max_depth": 7.0, "num_boost_round": 10.0}, "datetime": {"datetime": "2024-01-19 03:00:26", "elapsed": 10131.373065, "delta": 0.005559}}
