{"target": -13.757060033854732, "params": {"gamma": 531.8602673356443, "log10_alpha": -4.2827445172317, "log10_colsample_bytree": -0.4310446018694296, "log10_eta": -1.8957142954691681, "log10_lambda": -2.6105016055047505, "log10_min_child_weight": 2.8654683022022676, "log10_subsample": -0.9057894859294057, "max_depth": 4.0, "num_boost_round": 15.0}, "datetime": {"datetime": "2024-01-19 00:46:40", "elapsed": 2131.846511, "delta": 0.003313}}
{"target": -13.757100044940836, "params": {"gamma": 531.8602673356443, "log10_alpha": -4.2827445172317, "log10_colsample_bytree": -0.4310446018694296, "log10_eta": -1.8957142954691681, "log10_lambda": -2.6105016055047505, "log10_min_child_weight": 2.8654683022022676, "log10_subsample": -0.9057894859294057, "max_depth": 4.0, "num_boost_round": 16.0}, "datetime": {"datetime": "2024-01-19 00:46:40", "elapsed": 2131.849126, "delta": 0.002615}}
{"target": -13.757035235896566, "params": {"gamma": 531.8602673356443, "log10_alpha": -4.2827445172317, "log10_colsample_bytree": -0.4310446018694296, "log10_eta": -1.8957142954691681, "log10_lambda": -2.6105016055047505, "log10_min_child_weight": 2.8654683022022676, "log10_subsample": -0.9057894859294057, "max_depth": 4.0, "num_boost_round": 17.0}, "datetime": {"datetime": "2024-01-19 00:46:40", "elapsed": 2131.851644, "delta": 0.002518}}
{"target": -13.757124920759974, "params": {"gamma": 531.8602673356443, "log10_alpha": -4.2827445172317, "log10_colsample_bytree": -0.4310446018694296, "log10_eta": -1.8957142954691681, "log10_lambda": -2.6105016055047505, "log10_min_child_weight": 2.8654683022022676, "log10_subsample": -0.9057894859294057, "max_depth": 4.0, "num_boost_round": 18.0}, "datetime": {"datetime": "2024-01-19 00:46:40", "elapsed": 2131.854315, "delta": 0.002671}}
{"target": -13.757075519597407, "params": {"gamma": 531.8602673356443, "log10_alpha": -4.2827445172317, "log10_colsample_bytree": -0.4310446018694296, "log10_eta": -1.8957142954691681, "log10_lambda": -2.6105016055047505, "log10_min_child_weight": 2.8654683022022676, "log10_subsample": -0.9057894859294057, "max_depth": 4.0, "num_boost_round": 19.0}, "datetime": {"datetime": "2024-01-19 00:46:40", "elapsed": 2131.856803, "delta": 0.002488}}
{"target": -13.75687310809036, "params": {"gamma": 531.8602673356443, "log10_alpha": -4.2827445172317, "log10_colsample_bytree": -0.4310446018694296, "log10_eta": -1.8957142954691681, "log10_lambda": -2.6105016055047505, "log10_min_child_weight": 2.8654683022022676, "log10_subsample": -0.9057894859294057, "max_depth": 4.0, "num_boost_round": 20.0}, "datetime": {"datetime": "2024-01-19 00:46:40", "elapsed": 2131.859226, "delta": 0.002423}}
{"target": -13.75692302025454, "params": {"gamma": 531.8602673356443, "log10_alpha": -4.2827445172317, "log10_colsample_bytree": -0.4310446018694296, "log10_eta": -1.8957142954691681, "log10_lambda": -2.6105016055047505, "log10_min_child_weight": 2.8654683022022676, "log10_subsample": -0.9057894859294057, "max_depth": 4.0, "num_boost_round": 21.0}, "datetime": {"datetime": "2024-01-19 00:46:40", "elapsed": 2131.861632, "delta": 0.002406}}
{"target": -13.756802455099209, "params": {"gamma": 531.8602673356443, "log10_alpha": -4.2827445172317, "log10_colsample_bytree": -0.4310446018694296, "log10_eta": -1.8957142954691681, "log10_lambda": -2.6105016055047505, "log10_min_child_weight": 2.8654683022022676, "log10_subsample": -0.9057894859294057, "max_depth": 4.0, "num_boost_round": 22.0}, "datetime": {"datetime": "2024-01-19 00:46:40", "elapsed": 2131.864088, "delta": 0.002456}}
{"target": -13.758538326973234, "params": {"gamma": 551.7665631982888, "log10_alpha": 1.0, "log10_colsample_bytree": -0.6759516880786137, "log10_eta": -3.1537335088171448, "log10_lambda": -4.4792945835895415, "log10_min_child_weight": 5.0, "log10_subsample": -1.0, "max_depth": 2.0, "num_boost_round": 0.0}, "datetime": {"datetime": "2024-01-19 00:47:19", "elapsed": 2171.019213, "delta": 39.155125}}
{"target": -13.758538358893972, "params": {"gamma": 551.7665631982888, "log10_alpha": 1.0, "log10_colsample_bytree": -0.6759516880786137, "log10_eta": -3.1537335088171448, "log10_lambda": -4.4792945835895415, "log10_min_child_weight": 5.0, "log10_subsample": -1.0, "max_depth": 2.0, "num_boost_round": 1.0}, "datetime": {"datetime": "2024-01-19 00:47:19", "elapsed": 2171.022094, "delta": 0.002881}}
{"target": -13.758538351841974, "params": {"gamma": 551.7665631982888, "log10_alpha": 1.0, "log10_colsample_bytree": -0.6759516880786137, "log10_eta": -3.1537335088171448, "log10_lambda": -4.4792945835895415, "log10_min_child_weight": 5.0, "log10_subsample": -1.0, "max_depth": 2.0, "num_boost_round": 2.0}, "datetime": {"datetime": "2024-01-19 00:47:19", "elapsed": 2171.02499, "delta": 0.002896}}
{"target": -13.758538339576939, "params": {"gamma": 551.7665631982888, "log10_alpha": 1.0, "log10_colsample_bytree": -0.6759516880786137, "log10_eta": -3.1537335088171448, "log10_lambda": -4.4792945835895415, "log10_min_child_weight": 5.0, "log10_subsample": -1.0, "max_depth": 2.0, "num_boost_round": 3.0}, "datetime": {"datetime": "2024-01-19 00:47:19", "elapsed": 2171.027638, "delta": 0.002648}}
{"target": -13.758538383894498, "params": {"gamma": 551.7665631982888, "log10_alpha": 1.0, "log10_colsample_bytree": -0.6759516880786137, "log10_eta": -3.1537335088171448, "log10_lambda": -4.4792945835895415, "log10_min_child_weight": 5.0, "log10_subsample": -1.0, "max_depth": 2.0, "num_boost_round": 4.0}, "datetime": {"datetime": "2024-01-19 00:47:19", "elapsed": 2171.030046, "delta": 0.002408}}
{"target": -13.758538348339325, "params": {"gamma": 551.7665631982888, "log10_alpha": 1.0, "log10_colsample_bytree": -0.6759516880786137, "log10_eta": -3.1537335088171448, "log10_lambda": -4.4792945835895415, "log10_min_child_weight": 5.0, "log10_subsample": -1.0, "max_depth": 2.0, "num_boost_round": 5.0}, "datetime": {"datetime": "2024-01-19 00:47:19", "elapsed": 2171.03247, "delta": 0.002424}}
{"target": -13.758538380083742, "params": {"gamma": 551.7665631982888, "log10_alpha": 1.0, "log10_colsample_bytree": -0.6759516880786137, "log10_eta": -3.1537335088171448, "log10_lambda": -4.4792945835895415, "log10_min_child_weight": 5.0, "log10_subsample": -1.0, "max_depth": 2.0, "num_boost_round": 6.0}, "datetime": {"datetime": "2024-01-19 00:47:19", "elapsed": 2171.034869, "delta": 0.002399}}
{"target": -13.758538365829642, "params": {"gamma": 551.7665631982888, "log10_alpha": 1.0, "log10_colsample_bytree": -0.6759516880786137, "log10_eta": -3.1537335088171448, "log10_lambda": -4.4792945835895415, "log10_min_child_weight": 5.0, "log10_subsample": -1.0, "max_depth": 2.0, "num_boost_round": 7.0}, "datetime": {"datetime": "2024-01-19 00:47:19", "elapsed": 2171.037282, "delta": 0.002413}}
{"target": -13.758538335464847, "params": {"gamma": 551.7665631982888, "log10_alpha": 1.0, "log10_colsample_bytree": -0.6759516880786137, "log10_eta": -3.1537335088171448, "log10_lambda": -4.4792945835895415, "log10_min_child_weight": 5.0, "log10_subsample": -1.0, "max_depth": 2.0, "num_boost_round": 8.0}, "datetime": {"datetime": "2024-01-19 00:47:19", "elapsed": 2171.039713, "delta": 0.002431}}
{"target": -13.758538295348218, "params": {"gamma": 551.7665631982888, "log10_alpha": 1.0, "log10_colsample_bytree": -0.6759516880786137, "log10_eta": -3.1537335088171448, "log10_lambda": -4.4792945835895415, "log10_min_child_weight": 5.0, "log10_subsample": -1.0, "max_depth": 2.0, "num_boost_round": 9.0}, "datetime": {"datetime": "2024-01-19 00:47:19", "elapsed": 2171.042147, "delta": 0.002434}}
{"target": -13.758538304780567, "params": {"gamma": 551.7665631982888, "log10_alpha": 1.0, "log10_colsample_bytree": -0.6759516880786137, "log10_eta": -3.1537335088171448, "log10_lambda": -4.4792945835895415, "log10_min_child_weight": 5.0, "log10_subsample": -1.0, "max_depth": 2.0, "num_boost_round": 10.0}, "datetime": {"datetime": "2024-01-19 00:47:19", "elapsed": 2171.044659, "delta": 0.002512}}
{"target": -13.758538308567822, "params": {"gamma": 551.7665631982888, "log10_alpha": 1.0, "log10_colsample_bytree": -0.6759516880786137, "log10_eta": -3.1537335088171448, "log10_lambda": -4.4792945835895415, "log10_min_child_weight": 5.0, "log10_subsample": -1.0, "max_depth": 2.0, "num_boost_round": 11.0}, "datetime": {"datetime": "2024-01-19 00:47:19", "elapsed": 2171.047283, "delta": 0.002624}}
{"target": -13.758538331577595, "params": {"gamma": 551.7665631982888, "log10_alpha": 1.0, "log10_colsample_bytree": -0.6759516880786137, "log10_eta": -3.1537335088171448, "log10_lambda": -4.4792945835895415, "log10_min_child_weight": 5.0, "log10_subsample": -1.0, "max_depth": 2.0, "num_boost_round": 12.0}, "datetime": {"datetime": "2024-01-19 00:47:19", "elapsed": 2171.049931, "delta": 0.002648}}
{"target": -13.758538348264588, "params": {"gamma": 551.7665631982888, "log10_alpha": 1.0, "log10_colsample_bytree": -0.6759516880786137, "log10_eta": -3.1537335088171448, "log10_lambda": -4.4792945835895415, "log10_min_child_weight": 5.0, "log10_subsample": -1.0, "max_depth": 2.0, "num_boost_round": 13.0}, "datetime": {"datetime": "2024-01-19 00:47:19", "elapsed": 2171.052482, "delta": 0.002551}}
{"target": -13.75853833238626, "params": {"gamma": 551.7665631982888, "log10_alpha": 1.0, "log10_colsample_bytree": -0.6759516880786137, "log10_eta": -3.1537335088171448, "log10_lambda": -4.4792945835895415, "log10_min_child_weight": 5.0, "log10_subsample": -1.0, "max_depth": 2.0, "num_boost_round": 14.0}, "datetime": {"datetime": "2024-01-19 00:47:19", "elapsed": 2171.054973, "delta": 0.002491}}
{"target": -13.758538333315782, "params": {"gamma": 551.7665631982888, "log10_alpha": 1.0, "log10_colsample_bytree": -0.6759516880786137, "log10_eta": -3.1537335088171448, "log10_lambda": -4.4792945835895415, "log10_min_child_weight": 5.0, "log10_subsample": -1.0, "max_depth": 2.0, "num_boost_round": 15.0}, "datetime": {"datetime": "2024-01-19 00:47:19", "elapsed": 2171.057408, "delta": 0.002435}}
{"target": -13.758538344100941, "params": {"gamma": 551.7665631982888, "log10_alpha": 1.0, "log10_colsample_bytree": -0.6759516880786137, "log10_eta": -3.1537335088171448, "log10_lambda": -4.4792945835895415, "log10_min_child_weight": 5.0, "log10_subsample": -1.0, "max_depth": 2.0, "num_boost_round": 16.0}, "datetime": {"datetime": "2024-01-19 00:47:19", "elapsed": 2171.059851, "delta": 0.002443}}
{"target": -13.758538356149762, "params": {"gamma": 551.7665631982888, "log10_alpha": 1.0, "log10_colsample_bytree": -0.6759516880786137, "log10_eta": -3.1537335088171448, "log10_lambda": -4.4792945835895415, "log10_min_child_weight": 5.0, "log10_subsample": -1.0, "max_depth": 2.0, "num_boost_round": 17.0}, "datetime": {"datetime": "2024-01-19 00:47:19", "elapsed": 2171.062303, "delta": 0.002452}}
{"target": -13.758538329402679, "params": {"gamma": 551.7665631982888, "log10_alpha": 1.0, "log10_colsample_bytree": -0.6759516880786137, "log10_eta": -3.1537335088171448, "log10_lambda": -4.4792945835895415, "log10_min_child_weight": 5.0, "log10_subsample": -1.0, "max_depth": 2.0, "num_boost_round": 18.0}, "datetime": {"datetime": "2024-01-19 00:47:19", "elapsed": 2171.064877, "delta": 0.002574}}
{"target": -13.758538374723845, "params": {"gamma": 551.7665631982888, "log10_alpha": 1.0, "log10_colsample_bytree": -0.6759516880786137, "log10_eta": -3.1537335088171448, "log10_lambda": -4.4792945835895415, "log10_min_child_weight": 5.0, "log10_subsample": -1.0, "max_depth": 2.0, "num_boost_round": 19.0}, "datetime": {"datetime": "2024-01-19 00:47:19", "elapsed": 2171.067441, "delta": 0.002564}}
{"target": -13.758538394503459, "params": {"gamma": 551.7665631982888, "log10_alpha": 1.0, "log10_colsample_bytree": -0.6759516880786137, "log10_eta": -3.1537335088171448, "log10_lambda": -4.4792945835895415, "log10_min_child_weight": 5.0, "log10_subsample": -1.0, "max_depth": 2.0, "num_boost_round": 20.0}, "datetime": {"datetime": "2024-01-19 00:47:19", "elapsed": 2171.069934, "delta": 0.002493}}
{"target": -13.758538373086067, "params": {"gamma": 551.7665631982888, "log10_alpha": 1.0, "log10_colsample_bytree": -0.6759516880786137, "log10_eta": -3.1537335088171448, "log10_lambda": -4.4792945835895415, "log10_min_child_weight": 5.0, "log10_subsample": -1.0, "max_depth": 2.0, "num_boost_round": 21.0}, "datetime": {"datetime": "2024-01-19 00:47:19", "elapsed": 2171.072394, "delta": 0.00246}}
{"target": -13.758538378564845, "params": {"gamma": 551.7665631982888, "log10_alpha": 1.0, "log10_colsample_bytree": -0.6759516880786137, "log10_eta": -3.1537335088171448, "log10_lambda": -4.4792945835895415, "log10_min_child_weight": 5.0, "log10_subsample": -1.0, "max_depth": 2.0, "num_boost_round": 22.0}, "datetime": {"datetime": "2024-01-19 00:47:19", "elapsed": 2171.074845, "delta": 0.002451}}
{"target": -13.758538361633873, "params": {"gamma": 551.7665631982888, "log10_alpha": 1.0, "log10_colsample_bytree": -0.6759516880786137, "log10_eta": -3.1537335088171448, "log10_lambda": -4.4792945835895415, "log10_min_child_weight": 5.0, "log10_subsample": -1.0, "max_depth": 2.0, "num_boost_round": 23.0}, "datetime": {"datetime": "2024-01-19 00:47:19", "elapsed": 2171.07733, "delta": 0.002485}}
{"target": -13.758538340219147, "params": {"gamma": 551.7665631982888, "log10_alpha": 1.0, "log10_colsample_bytree": -0.6759516880786137, "log10_eta": -3.1537335088171448, "log10_lambda": -4.4792945835895415, "log10_min_child_weight": 5.0, "log10_subsample": -1.0, "max_depth": 2.0, "num_boost_round": 24.0}, "datetime": {"datetime": "2024-01-19 00:47:19", "elapsed": 2171.079779, "delta": 0.002449}}
{"target": -13.758538355104053, "params": {"gamma": 551.7665631982888, "log10_alpha": 1.0, "log10_colsample_bytree": -0.6759516880786137, "log10_eta": -3.1537335088171448, "log10_lambda": -4.4792945835895415, "log10_min_child_weight": 5.0, "log10_subsample": -1.0, "max_depth": 2.0, "num_boost_round": 25.0}, "datetime": {"datetime": "2024-01-19 00:47:19", "elapsed": 2171.082254, "delta": 0.002475}}
{"target": -13.758538392795243, "params": {"gamma": 551.7665631982888, "log10_alpha": 1.0, "log10_colsample_bytree": -0.6759516880786137, "log10_eta": -3.1537335088171448, "log10_lambda": -4.4792945835895415, "log10_min_child_weight": 5.0, "log10_subsample": -1.0, "max_depth": 2.0, "num_boost_round": 26.0}, "datetime": {"datetime": "2024-01-19 00:47:19", "elapsed": 2171.085015, "delta": 0.002761}}
{"target": -13.758538371943954, "params": {"gamma": 551.7665631982888, "log10_alpha": 1.0, "log10_colsample_bytree": -0.6759516880786137, "log10_eta": -3.1537335088171448, "log10_lambda": -4.4792945835895415, "log10_min_child_weight": 5.0, "log10_subsample": -1.0, "max_depth": 2.0, "num_boost_round": 27.0}, "datetime": {"datetime": "2024-01-19 00:47:19", "elapsed": 2171.087592, "delta": 0.002577}}
{"target": -13.758538409069615, "params": {"gamma": 551.7665631982888, "log10_alpha": 1.0, "log10_colsample_bytree": -0.6759516880786137, "log10_eta": -3.1537335088171448, "log10_lambda": -4.4792945835895415, "log10_min_child_weight": 5.0, "log10_subsample": -1.0, "max_depth": 2.0, "num_boost_round": 28.0}, "datetime": {"datetime": "2024-01-19 00:47:19", "elapsed": 2171.090111, "delta": 0.002519}}
{"target": -13.758538413069166, "params": {"gamma": 551.7665631982888, "log10_alpha": 1.0, "log10_colsample_bytree": -0.6759516880786137, "log10_eta": -3.1537335088171448, "log10_lambda": -4.4792945835895415, "log10_min_child_weight": 5.0, "log10_subsample": -1.0, "max_depth": 2.0, "num_boost_round": 29.0}, "datetime": {"datetime": "2024-01-19 00:47:19", "elapsed": 2171.092588, "delta": 0.002477}}
{"target": -13.758538384644057, "params": {"gamma": 551.7665631982888, "log10_alpha": 1.0, "log10_colsample_bytree": -0.6759516880786137, "log10_eta": -3.1537335088171448, "log10_lambda": -4.4792945835895415, "log10_min_child_weight": 5.0, "log10_subsample": -1.0, "max_depth": 2.0, "num_boost_round": 30.0}, "datetime": {"datetime": "2024-01-19 00:47:19", "elapsed": 2171.095036, "delta": 0.002448}}
{"target": -13.7585383760264, "params": {"gamma": 551.7665631982888, "log10_alpha": 1.0, "log10_colsample_bytree": -0.6759516880786137, "log10_eta": -3.1537335088171448, "log10_lambda": -4.4792945835895415, "log10_min_child_weight": 5.0, "log10_subsample": -1.0, "max_depth": 2.0, "num_boost_round": 31.0}, "datetime": {"datetime": "2024-01-19 00:47:19", "elapsed": 2171.097524, "delta": 0.002488}}
{"target": -13.758538386650377, "params": {"gamma": 551.7665631982888, "log10_alpha": 1.0, "log10_colsample_bytree": -0.6759516880786137, "log10_eta": -3.1537335088171448, "log10_lambda": -4.4792945835895415, "log10_min_child_weight": 5.0, "log10_subsample": -1.0, "max_depth": 2.0, "num_boost_round": 32.0}, "datetime": {"datetime": "2024-01-19 00:47:19", "elapsed": 2171.099986, "delta": 0.002462}}
{"target": -13.758538384502438, "params": {"gamma": 551.7665631982888, "log10_alpha": 1.0, "log10_colsample_bytree": -0.6759516880786137, "log10_eta": -3.1537335088171448, "log10_lambda": -4.4792945835895415, "log10_min_child_weight": 5.0, "log10_subsample": -1.0, "max_depth": 2.0, "num_boost_round": 33.0}, "datetime": {"datetime": "2024-01-19 00:47:19", "elapsed": 2171.102501, "delta": 0.002515}}
{"target": -13.758538372176401, "params": {"gamma": 551.7665631982888, "log10_alpha": 1.0, "log10_colsample_bytree": -0.6759516880786137, "log10_eta": -3.1537335088171448, "log10_lambda": -4.4792945835895415, "log10_min_child_weight": 5.0, "log10_subsample": -1.0, "max_depth": 2.0, "num_boost_round": 34.0}, "datetime": {"datetime": "2024-01-19 00:47:19", "elapsed": 2171.104976, "delta": 0.002475}}
{"target": -13.758538387450816, "params": {"gamma": 551.7665631982888, "log10_alpha": 1.0, "log10_colsample_bytree": -0.6759516880786137, "log10_eta": -3.1537335088171448, "log10_lambda": -4.4792945835895415, "log10_min_child_weight": 5.0, "log10_subsample": -1.0, "max_depth": 2.0, "num_boost_round": 35.0}, "datetime": {"datetime": "2024-01-19 00:47:19", "elapsed": 2171.107481, "delta": 0.002505}}
{"target": -13.758538380071379, "params": {"gamma": 551.7665631982888, "log10_alpha": 1.0, "log10_colsample_bytree": -0.6759516880786137, "log10_eta": -3.1537335088171448, "log10_lambda": -4.4792945835895415, "log10_min_child_weight": 5.0, "log10_subsample": -1.0, "max_depth": 2.0, "num_boost_round": 36.0}, "datetime": {"datetime": "2024-01-19 00:47:19", "elapsed": 2171.109982, "delta": 0.002501}}
{"target": -13.758538383713761, "params": {"gamma": 551.7665631982888, "log10_alpha": 1.0, "log10_colsample_bytree": -0.6759516880786137, "log10_eta": -3.1537335088171448, "log10_lambda": -4.4792945835895415, "log10_min_child_weight": 5.0, "log10_subsample": -1.0, "max_depth": 2.0, "num_boost_round": 37.0}, "datetime": {"datetime": "2024-01-19 00:47:19", "elapsed": 2171.112483, "delta": 0.002501}}
{"target": -13.758538355174396, "params": {"gamma": 551.7665631982888, "log10_alpha": 1.0, "log10_colsample_bytree": -0.6759516880786137, "log10_eta": -3.1537335088171448, "log10_lambda": -4.4792945835895415, "log10_min_child_weight": 5.0, "log10_subsample": -1.0, "max_depth": 2.0, "num_boost_round": 38.0}, "datetime": {"datetime": "2024-01-19 00:47:19", "elapsed": 2171.11503, "delta": 0.002547}}
{"target": -13.758538357869933, "params": {"gamma": 551.7665631982888, "log10_alpha": 1.0, "log10_colsample_bytree": -0.6759516880786137, "log10_eta": -3.1537335088171448, "log10_lambda": -4.4792945835895415, "log10_min_child_weight": 5.0, "log10_subsample": -1.0, "max_depth": 2.0, "num_boost_round": 39.0}, "datetime": {"datetime": "2024-01-19 00:47:19", "elapsed": 2171.117523, "delta": 0.002493}}
{"target": -13.758451143534124, "params": {"gamma": 533.399071092752, "log10_alpha": -0.14896857566567157, "log10_colsample_bytree": -0.10644371571412126, "log10_eta": -2.3726730022473745, "log10_lambda": -4.554253386060717, "log10_min_child_weight": 2.2826051621876884, "log10_subsample": -0.5269154537511049, "max_depth": 5.0, "num_boost_round": 0.0}, "datetime": {"datetime": "2024-01-19 00:47:48", "elapsed": 2200.50115, "delta": 29.383627}}
{"target": -13.758356079170683, "params": {"gamma": 533.399071092752, "log10_alpha": -0.14896857566567157, "log10_colsample_bytree": -0.10644371571412126, "log10_eta": -2.3726730022473745, "log10_lambda": -4.554253386060717, "log10_min_child_weight": 2.2826051621876884, "log10_subsample": -0.5269154537511049, "max_depth": 5.0, "num_boost_round": 1.0}, "datetime": {"datetime": "2024-01-19 00:47:48", "elapsed": 2200.504708, "delta": 0.003558}}
{"target": -13.758231304389254, "params": {"gamma": 533.399071092752, "log10_alpha": -0.14896857566567157, "log10_colsample_bytree": -0.10644371571412126, "log10_eta": -2.3726730022473745, "log10_lambda": -4.554253386060717, "log10_min_child_weight": 2.2826051621876884, "log10_subsample": -0.5269154537511049, "max_depth": 5.0, "num_boost_round": 2.0}, "datetime": {"datetime": "2024-01-19 00:47:48", "elapsed": 2200.507525, "delta": 0.002817}}
{"target": -13.758190359097059, "params": {"gamma": 533.399071092752, "log10_alpha": -0.14896857566567157, "log10_colsample_bytree": -0.10644371571412126, "log10_eta": -2.3726730022473745, "log10_lambda": -4.554253386060717, "log10_min_child_weight": 2.2826051621876884, "log10_subsample": -0.5269154537511049, "max_depth": 5.0, "num_boost_round": 3.0}, "datetime": {"datetime": "2024-01-19 00:47:48", "elapsed": 2200.510069, "delta": 0.002544}}
{"target": -13.758119490981, "params": {"gamma": 533.399071092752, "log10_alpha": -0.14896857566567157, "log10_colsample_bytree": -0.10644371571412126, "log10_eta": -2.3726730022473745, "log10_lambda": -4.554253386060717, "log10_min_child_weight": 2.2826051621876884, "log10_subsample": -0.5269154537511049, "max_depth": 5.0, "num_boost_round": 4.0}, "datetime": {"datetime": "2024-01-19 00:47:48", "elapsed": 2200.512587, "delta": 0.002518}}
