{"target": -17.676331569539613, "params": {"gamma": 449.1969910508414, "log10_alpha": -4.502794892223028, "log10_colsample_bytree": -0.9327798395312766, "log10_eta": -2.2991448549672446, "log10_lambda": -0.4127480040137801, "log10_min_child_weight": 0.25345988560791566, "log10_subsample": -0.7314301277641606, "max_depth": 7.0, "num_boost_round": 4.0}, "datetime": {"datetime": "2024-01-19 00:23:02", "elapsed": 687.437316, "delta": 0.001106}}
{"target": -17.67629559881453, "params": {"gamma": 449.1969910508414, "log10_alpha": -4.502794892223028, "log10_colsample_bytree": -0.9327798395312766, "log10_eta": -2.2991448549672446, "log10_lambda": -0.4127480040137801, "log10_min_child_weight": 0.25345988560791566, "log10_subsample": -0.7314301277641606, "max_depth": 7.0, "num_boost_round": 5.0}, "datetime": {"datetime": "2024-01-19 00:23:02", "elapsed": 687.439144, "delta": 0.001828}}
{"target": -17.67651097323783, "params": {"gamma": 449.1969910508414, "log10_alpha": -4.502794892223028, "log10_colsample_bytree": -0.9327798395312766, "log10_eta": -2.2991448549672446, "log10_lambda": -0.4127480040137801, "log10_min_child_weight": 0.25345988560791566, "log10_subsample": -0.7314301277641606, "max_depth": 7.0, "num_boost_round": 6.0}, "datetime": {"datetime": "2024-01-19 00:23:02", "elapsed": 687.440072, "delta": 0.000928}}
{"target": -17.676388708727522, "params": {"gamma": 449.1969910508414, "log10_alpha": -4.502794892223028, "log10_colsample_bytree": -0.9327798395312766, "log10_eta": -2.2991448549672446, "log10_lambda": -0.4127480040137801, "log10_min_child_weight": 0.25345988560791566, "log10_subsample": -0.7314301277641606, "max_depth": 7.0, "num_boost_round": 7.0}, "datetime": {"datetime": "2024-01-19 00:23:02", "elapsed": 687.440988, "delta": 0.000916}}
{"target": -17.676359247481816, "params": {"gamma": 449.1969910508414, "log10_alpha": -4.502794892223028, "log10_colsample_bytree": -0.9327798395312766, "log10_eta": -2.2991448549672446, "log10_lambda": -0.4127480040137801, "log10_min_child_weight": 0.25345988560791566, "log10_subsample": -0.7314301277641606, "max_depth": 7.0, "num_boost_round": 8.0}, "datetime": {"datetime": "2024-01-19 00:23:02", "elapsed": 687.441902, "delta": 0.000914}}
{"target": -17.676426395209127, "params": {"gamma": 449.1969910508414, "log10_alpha": -4.502794892223028, "log10_colsample_bytree": -0.9327798395312766, "log10_eta": -2.2991448549672446, "log10_lambda": -0.4127480040137801, "log10_min_child_weight": 0.25345988560791566, "log10_subsample": -0.7314301277641606, "max_depth": 7.0, "num_boost_round": 9.0}, "datetime": {"datetime": "2024-01-19 00:23:02", "elapsed": 687.442814, "delta": 0.000912}}
{"target": -17.676374304338207, "params": {"gamma": 449.1969910508414, "log10_alpha": -4.502794892223028, "log10_colsample_bytree": -0.9327798395312766, "log10_eta": -2.2991448549672446, "log10_lambda": -0.4127480040137801, "log10_min_child_weight": 0.25345988560791566, "log10_subsample": -0.7314301277641606, "max_depth": 7.0, "num_boost_round": 10.0}, "datetime": {"datetime": "2024-01-19 00:23:02", "elapsed": 687.443771, "delta": 0.000957}}
{"target": -17.67621222941257, "params": {"gamma": 449.1969910508414, "log10_alpha": -4.502794892223028, "log10_colsample_bytree": -0.9327798395312766, "log10_eta": -2.2991448549672446, "log10_lambda": -0.4127480040137801, "log10_min_child_weight": 0.25345988560791566, "log10_subsample": -0.7314301277641606, "max_depth": 7.0, "num_boost_round": 11.0}, "datetime": {"datetime": "2024-01-19 00:23:02", "elapsed": 687.444691, "delta": 0.00092}}
{"target": -17.6761217021662, "params": {"gamma": 449.1969910508414, "log10_alpha": -4.502794892223028, "log10_colsample_bytree": -0.9327798395312766, "log10_eta": -2.2991448549672446, "log10_lambda": -0.4127480040137801, "log10_min_child_weight": 0.25345988560791566, "log10_subsample": -0.7314301277641606, "max_depth": 7.0, "num_boost_round": 12.0}, "datetime": {"datetime": "2024-01-19 00:23:02", "elapsed": 687.445611, "delta": 0.00092}}
{"target": -17.676627929618707, "params": {"gamma": 444.55219385349386, "log10_alpha": -4.83061494311178, "log10_colsample_bytree": -0.9010172967598822, "log10_eta": -1.1171976826295014, "log10_lambda": -2.4072400893070727, "log10_min_child_weight": 4.238239884922513, "log10_subsample": -0.7609120022428779, "max_depth": 3.0, "num_boost_round": 0.0}, "datetime": {"datetime": "2024-01-19 00:23:23", "elapsed": 708.233808, "delta": 20.788197}}
{"target": -17.676362908625745, "params": {"gamma": 444.55219385349386, "log10_alpha": -4.83061494311178, "log10_colsample_bytree": -0.9010172967598822, "log10_eta": -1.1171976826295014, "log10_lambda": -2.4072400893070727, "log10_min_child_weight": 4.238239884922513, "log10_subsample": -0.7609120022428779, "max_depth": 3.0, "num_boost_round": 1.0}, "datetime": {"datetime": "2024-01-19 00:23:23", "elapsed": 708.23516, "delta": 0.001352}}
{"target": -17.677053545947135, "params": {"gamma": 444.55219385349386, "log10_alpha": -4.83061494311178, "log10_colsample_bytree": -0.9010172967598822, "log10_eta": -1.1171976826295014, "log10_lambda": -2.4072400893070727, "log10_min_child_weight": 4.238239884922513, "log10_subsample": -0.7609120022428779, "max_depth": 3.0, "num_boost_round": 2.0}, "datetime": {"datetime": "2024-01-19 00:23:23", "elapsed": 708.236139, "delta": 0.000979}}
{"target": -17.677109845501217, "params": {"gamma": 444.55219385349386, "log10_alpha": -4.83061494311178, "log10_colsample_bytree": -0.9010172967598822, "log10_eta": -1.1171976826295014, "log10_lambda": -2.4072400893070727, "log10_min_child_weight": 4.238239884922513, "log10_subsample": -0.7609120022428779, "max_depth": 3.0, "num_boost_round": 3.0}, "datetime": {"datetime": "2024-01-19 00:23:23", "elapsed": 708.237075, "delta": 0.000936}}
{"target": -17.67693021797057, "params": {"gamma": 444.55219385349386, "log10_alpha": -4.83061494311178, "log10_colsample_bytree": -0.9010172967598822, "log10_eta": -1.1171976826295014, "log10_lambda": -2.4072400893070727, "log10_min_child_weight": 4.238239884922513, "log10_subsample": -0.7609120022428779, "max_depth": 3.0, "num_boost_round": 4.0}, "datetime": {"datetime": "2024-01-19 00:23:23", "elapsed": 708.238, "delta": 0.000925}}
{"target": -17.67681581831024, "params": {"gamma": 444.55219385349386, "log10_alpha": -4.83061494311178, "log10_colsample_bytree": -0.9010172967598822, "log10_eta": -1.1171976826295014, "log10_lambda": -2.4072400893070727, "log10_min_child_weight": 4.238239884922513, "log10_subsample": -0.7609120022428779, "max_depth": 3.0, "num_boost_round": 5.0}, "datetime": {"datetime": "2024-01-19 00:23:23", "elapsed": 708.238928, "delta": 0.000928}}
{"target": -17.676629288705204, "params": {"gamma": 444.55219385349386, "log10_alpha": -4.83061494311178, "log10_colsample_bytree": -0.9010172967598822, "log10_eta": -1.1171976826295014, "log10_lambda": -2.4072400893070727, "log10_min_child_weight": 4.238239884922513, "log10_subsample": -0.7609120022428779, "max_depth": 3.0, "num_boost_round": 6.0}, "datetime": {"datetime": "2024-01-19 00:23:23", "elapsed": 708.23985, "delta": 0.000922}}
{"target": -17.676500904261015, "params": {"gamma": 444.55219385349386, "log10_alpha": -4.83061494311178, "log10_colsample_bytree": -0.9010172967598822, "log10_eta": -1.1171976826295014, "log10_lambda": -2.4072400893070727, "log10_min_child_weight": 4.238239884922513, "log10_subsample": -0.7609120022428779, "max_depth": 3.0, "num_boost_round": 7.0}, "datetime": {"datetime": "2024-01-19 00:23:23", "elapsed": 708.240774, "delta": 0.000924}}
{"target": -17.676985235212264, "params": {"gamma": 444.55219385349386, "log10_alpha": -4.83061494311178, "log10_colsample_bytree": -0.9010172967598822, "log10_eta": -1.1171976826295014, "log10_lambda": -2.4072400893070727, "log10_min_child_weight": 4.238239884922513, "log10_subsample": -0.7609120022428779, "max_depth": 3.0, "num_boost_round": 8.0}, "datetime": {"datetime": "2024-01-19 00:23:23", "elapsed": 708.241698, "delta": 0.000924}}
{"target": -17.677683441942953, "params": {"gamma": 444.55219385349386, "log10_alpha": -4.83061494311178, "log10_colsample_bytree": -0.9010172967598822, "log10_eta": -1.1171976826295014, "log10_lambda": -2.4072400893070727, "log10_min_child_weight": 4.238239884922513, "log10_subsample": -0.7609120022428779, "max_depth": 3.0, "num_boost_round": 9.0}, "datetime": {"datetime": "2024-01-19 00:23:23", "elapsed": 708.243942, "delta": 0.002244}}
{"target": -17.677327265231717, "params": {"gamma": 444.55219385349386, "log10_alpha": -4.83061494311178, "log10_colsample_bytree": -0.9010172967598822, "log10_eta": -1.1171976826295014, "log10_lambda": -2.4072400893070727, "log10_min_child_weight": 4.238239884922513, "log10_subsample": -0.7609120022428779, "max_depth": 3.0, "num_boost_round": 10.0}, "datetime": {"datetime": "2024-01-19 00:23:23", "elapsed": 708.244914, "delta": 0.000972}}
{"target": -17.683016634617772, "params": {"gamma": 449.94388323960123, "log10_alpha": 0.13323427475777017, "log10_colsample_bytree": -0.6371642790164966, "log10_eta": -0.16585494463752015, "log10_lambda": -4.335567756773179, "log10_min_child_weight": 3.6777409697047303, "log10_subsample": -0.6662537896980929, "max_depth": 7.0, "num_boost_round": 0.0}, "datetime": {"datetime": "2024-01-19 00:23:45", "elapsed": 730.444268, "delta": 22.199354}}
{"target": -17.709658262524595, "params": {"gamma": 449.94388323960123, "log10_alpha": 0.13323427475777017, "log10_colsample_bytree": -0.6371642790164966, "log10_eta": -0.16585494463752015, "log10_lambda": -4.335567756773179, "log10_min_child_weight": 3.6777409697047303, "log10_subsample": -0.6662537896980929, "max_depth": 7.0, "num_boost_round": 1.0}, "datetime": {"datetime": "2024-01-19 00:23:45", "elapsed": 730.445397, "delta": 0.001129}}
{"target": -17.732574528136173, "params": {"gamma": 449.94388323960123, "log10_alpha": 0.13323427475777017, "log10_colsample_bytree": -0.6371642790164966, "log10_eta": -0.16585494463752015, "log10_lambda": -4.335567756773179, "log10_min_child_weight": 3.6777409697047303, "log10_subsample": -0.6662537896980929, "max_depth": 7.0, "num_boost_round": 2.0}, "datetime": {"datetime": "2024-01-19 00:23:45", "elapsed": 730.446854, "delta": 0.001457}}
{"target": -17.76003613620588, "params": {"gamma": 449.94388323960123, "log10_alpha": 0.13323427475777017, "log10_colsample_bytree": -0.6371642790164966, "log10_eta": -0.16585494463752015, "log10_lambda": -4.335567756773179, "log10_min_child_weight": 3.6777409697047303, "log10_subsample": -0.6662537896980929, "max_depth": 7.0, "num_boost_round": 3.0}, "datetime": {"datetime": "2024-01-19 00:23:45", "elapsed": 730.447927, "delta": 0.001073}}
{"target": -17.77397510791505, "params": {"gamma": 449.94388323960123, "log10_alpha": 0.13323427475777017, "log10_colsample_bytree": -0.6371642790164966, "log10_eta": -0.16585494463752015, "log10_lambda": -4.335567756773179, "log10_min_child_weight": 3.6777409697047303, "log10_subsample": -0.6662537896980929, "max_depth": 7.0, "num_boost_round": 4.0}, "datetime": {"datetime": "2024-01-19 00:23:45", "elapsed": 730.448993, "delta": 0.001066}}
{"target": -17.803444165431674, "params": {"gamma": 449.94388323960123, "log10_alpha": 0.13323427475777017, "log10_colsample_bytree": -0.6371642790164966, "log10_eta": -0.16585494463752015, "log10_lambda": -4.335567756773179, "log10_min_child_weight": 3.6777409697047303, "log10_subsample": -0.6662537896980929, "max_depth": 7.0, "num_boost_round": 5.0}, "datetime": {"datetime": "2024-01-19 00:23:45", "elapsed": 730.449943, "delta": 0.00095}}
{"target": -17.81653151992945, "params": {"gamma": 449.94388323960123, "log10_alpha": 0.13323427475777017, "log10_colsample_bytree": -0.6371642790164966, "log10_eta": -0.16585494463752015, "log10_lambda": -4.335567756773179, "log10_min_child_weight": 3.6777409697047303, "log10_subsample": -0.6662537896980929, "max_depth": 7.0, "num_boost_round": 6.0}, "datetime": {"datetime": "2024-01-19 00:23:45", "elapsed": 730.451762, "delta": 0.001819}}
{"target": -17.835999404582356, "params": {"gamma": 449.94388323960123, "log10_alpha": 0.13323427475777017, "log10_colsample_bytree": -0.6371642790164966, "log10_eta": -0.16585494463752015, "log10_lambda": -4.335567756773179, "log10_min_child_weight": 3.6777409697047303, "log10_subsample": -0.6662537896980929, "max_depth": 7.0, "num_boost_round": 7.0}, "datetime": {"datetime": "2024-01-19 00:23:45", "elapsed": 730.453021, "delta": 0.001259}}
{"target": -17.82791230721154, "params": {"gamma": 449.94388323960123, "log10_alpha": 0.13323427475777017, "log10_colsample_bytree": -0.6371642790164966, "log10_eta": -0.16585494463752015, "log10_lambda": -4.335567756773179, "log10_min_child_weight": 3.6777409697047303, "log10_subsample": -0.6662537896980929, "max_depth": 7.0, "num_boost_round": 8.0}, "datetime": {"datetime": "2024-01-19 00:23:45", "elapsed": 730.453968, "delta": 0.000947}}
{"target": -17.830109507140943, "params": {"gamma": 449.94388323960123, "log10_alpha": 0.13323427475777017, "log10_colsample_bytree": -0.6371642790164966, "log10_eta": -0.16585494463752015, "log10_lambda": -4.335567756773179, "log10_min_child_weight": 3.6777409697047303, "log10_subsample": -0.6662537896980929, "max_depth": 7.0, "num_boost_round": 9.0}, "datetime": {"datetime": "2024-01-19 00:23:45", "elapsed": 730.455071, "delta": 0.001103}}
{"target": -17.84407522742878, "params": {"gamma": 449.94388323960123, "log10_alpha": 0.13323427475777017, "log10_colsample_bytree": -0.6371642790164966, "log10_eta": -0.16585494463752015, "log10_lambda": -4.335567756773179, "log10_min_child_weight": 3.6777409697047303, "log10_subsample": -0.6662537896980929, "max_depth": 7.0, "num_boost_round": 10.0}, "datetime": {"datetime": "2024-01-19 00:23:45", "elapsed": 730.45606, "delta": 0.000989}}
{"target": -17.8599848290866, "params": {"gamma": 449.94388323960123, "log10_alpha": 0.13323427475777017, "log10_colsample_bytree": -0.6371642790164966, "log10_eta": -0.16585494463752015, "log10_lambda": -4.335567756773179, "log10_min_child_weight": 3.6777409697047303, "log10_subsample": -0.6662537896980929, "max_depth": 7.0, "num_boost_round": 11.0}, "datetime": {"datetime": "2024-01-19 00:23:45", "elapsed": 730.457221, "delta": 0.001161}}
{"target": -17.87164744964336, "params": {"gamma": 449.94388323960123, "log10_alpha": 0.13323427475777017, "log10_colsample_bytree": -0.6371642790164966, "log10_eta": -0.16585494463752015, "log10_lambda": -4.335567756773179, "log10_min_child_weight": 3.6777409697047303, "log10_subsample": -0.6662537896980929, "max_depth": 7.0, "num_boost_round": 12.0}, "datetime": {"datetime": "2024-01-19 00:23:45", "elapsed": 730.458178, "delta": 0.000957}}
{"target": -17.677231169608685, "params": {"gamma": 743.3209137673547, "log10_alpha": -3.125069076157809, "log10_colsample_bytree": -0.766877322838266, "log10_eta": -3.967283907255807, "log10_lambda": 0.6666696912120722, "log10_min_child_weight": 0.25028190228127634, "log10_subsample": -0.2723885543803335, "max_depth": 6.0, "num_boost_round": 0.0}, "datetime": {"datetime": "2024-01-19 00:24:08", "elapsed": 753.30094, "delta": 22.842762}}
{"target": -17.677228668039756, "params": {"gamma": 743.3209137673547, "log10_alpha": -3.125069076157809, "log10_colsample_bytree": -0.766877322838266, "log10_eta": -3.967283907255807, "log10_lambda": 0.6666696912120722, "log10_min_child_weight": 0.25028190228127634, "log10_subsample": -0.2723885543803335, "max_depth": 6.0, "num_boost_round": 1.0}, "datetime": {"datetime": "2024-01-19 00:24:08", "elapsed": 753.302692, "delta": 0.001752}}
{"target": -17.677219957265404, "params": {"gamma": 743.3209137673547, "log10_alpha": -3.125069076157809, "log10_colsample_bytree": -0.766877322838266, "log10_eta": -3.967283907255807, "log10_lambda": 0.6666696912120722, "log10_min_child_weight": 0.25028190228127634, "log10_subsample": -0.2723885543803335, "max_depth": 6.0, "num_boost_round": 2.0}, "datetime": {"datetime": "2024-01-19 00:24:08", "elapsed": 753.303778, "delta": 0.001086}}
{"target": -17.67721838073553, "params": {"gamma": 743.3209137673547, "log10_alpha": -3.125069076157809, "log10_colsample_bytree": -0.766877322838266, "log10_eta": -3.967283907255807, "log10_lambda": 0.6666696912120722, "log10_min_child_weight": 0.25028190228127634, "log10_subsample": -0.2723885543803335, "max_depth": 6.0, "num_boost_round": 3.0}, "datetime": {"datetime": "2024-01-19 00:24:08", "elapsed": 753.304733, "delta": 0.000955}}
{"target": -17.677215773572705, "params": {"gamma": 743.3209137673547, "log10_alpha": -3.125069076157809, "log10_colsample_bytree": -0.766877322838266, "log10_eta": -3.967283907255807, "log10_lambda": 0.6666696912120722, "log10_min_child_weight": 0.25028190228127634, "log10_subsample": -0.2723885543803335, "max_depth": 6.0, "num_boost_round": 4.0}, "datetime": {"datetime": "2024-01-19 00:24:08", "elapsed": 753.305705, "delta": 0.000972}}
{"target": -17.67720938440174, "params": {"gamma": 743.3209137673547, "log10_alpha": -3.125069076157809, "log10_colsample_bytree": -0.766877322838266, "log10_eta": -3.967283907255807, "log10_lambda": 0.6666696912120722, "log10_min_child_weight": 0.25028190228127634, "log10_subsample": -0.2723885543803335, "max_depth": 6.0, "num_boost_round": 5.0}, "datetime": {"datetime": "2024-01-19 00:24:08", "elapsed": 753.306659, "delta": 0.000954}}
{"target": -17.677207347854313, "params": {"gamma": 743.3209137673547, "log10_alpha": -3.125069076157809, "log10_colsample_bytree": -0.766877322838266, "log10_eta": -3.967283907255807, "log10_lambda": 0.6666696912120722, "log10_min_child_weight": 0.25028190228127634, "log10_subsample": -0.2723885543803335, "max_depth": 6.0, "num_boost_round": 6.0}, "datetime": {"datetime": "2024-01-19 00:24:08", "elapsed": 753.307606, "delta": 0.000947}}
{"target": -17.677202998639277, "params": {"gamma": 743.3209137673547, "log10_alpha": -3.125069076157809, "log10_colsample_bytree": -0.766877322838266, "log10_eta": -3.967283907255807, "log10_lambda": 0.6666696912120722, "log10_min_child_weight": 0.25028190228127634, "log10_subsample": -0.2723885543803335, "max_depth": 6.0, "num_boost_round": 7.0}, "datetime": {"datetime": "2024-01-19 00:24:08", "elapsed": 753.3089, "delta": 0.001294}}
{"target": -17.677202070621703, "params": {"gamma": 743.3209137673547, "log10_alpha": -3.125069076157809, "log10_colsample_bytree": -0.766877322838266, "log10_eta": -3.967283907255807, "log10_lambda": 0.6666696912120722, "log10_min_child_weight": 0.25028190228127634, "log10_subsample": -0.2723885543803335, "max_depth": 6.0, "num_boost_round": 8.0}, "datetime": {"datetime": "2024-01-19 00:24:08", "elapsed": 753.30987, "delta": 0.00097}}
{"target": -17.677199029173625, "params": {"gamma": 743.3209137673547, "log10_alpha": -3.125069076157809, "log10_colsample_bytree": -0.766877322838266, "log10_eta": -3.967283907255807, "log10_lambda": 0.6666696912120722, "log10_min_child_weight": 0.25028190228127634, "log10_subsample": -0.2723885543803335, "max_depth": 6.0, "num_boost_round": 9.0}, "datetime": {"datetime": "2024-01-19 00:24:08", "elapsed": 753.310933, "delta": 0.001063}}
{"target": -17.677191239654825, "params": {"gamma": 743.3209137673547, "log10_alpha": -3.125069076157809, "log10_colsample_bytree": -0.766877322838266, "log10_eta": -3.967283907255807, "log10_lambda": 0.6666696912120722, "log10_min_child_weight": 0.25028190228127634, "log10_subsample": -0.2723885543803335, "max_depth": 6.0, "num_boost_round": 10.0}, "datetime": {"datetime": "2024-01-19 00:24:08", "elapsed": 753.311903, "delta": 0.00097}}
{"target": -17.677189273049258, "params": {"gamma": 743.3209137673547, "log10_alpha": -3.125069076157809, "log10_colsample_bytree": -0.766877322838266, "log10_eta": -3.967283907255807, "log10_lambda": 0.6666696912120722, "log10_min_child_weight": 0.25028190228127634, "log10_subsample": -0.2723885543803335, "max_depth": 6.0, "num_boost_round": 11.0}, "datetime": {"datetime": "2024-01-19 00:24:08", "elapsed": 753.312859, "delta": 0.000956}}
{"target": -17.67718440060242, "params": {"gamma": 743.3209137673547, "log10_alpha": -3.125069076157809, "log10_colsample_bytree": -0.766877322838266, "log10_eta": -3.967283907255807, "log10_lambda": 0.6666696912120722, "log10_min_child_weight": 0.25028190228127634, "log10_subsample": -0.2723885543803335, "max_depth": 6.0, "num_boost_round": 12.0}, "datetime": {"datetime": "2024-01-19 00:24:08", "elapsed": 753.313822, "delta": 0.000963}}
{"target": -17.6771781136457, "params": {"gamma": 743.3209137673547, "log10_alpha": -3.125069076157809, "log10_colsample_bytree": -0.766877322838266, "log10_eta": -3.967283907255807, "log10_lambda": 0.6666696912120722, "log10_min_child_weight": 0.25028190228127634, "log10_subsample": -0.2723885543803335, "max_depth": 6.0, "num_boost_round": 13.0}, "datetime": {"datetime": "2024-01-19 00:24:08", "elapsed": 753.314885, "delta": 0.001063}}
{"target": -17.677180007310067, "params": {"gamma": 743.3209137673547, "log10_alpha": -3.125069076157809, "log10_colsample_bytree": -0.766877322838266, "log10_eta": -3.967283907255807, "log10_lambda": 0.6666696912120722, "log10_min_child_weight": 0.25028190228127634, "log10_subsample": -0.2723885543803335, "max_depth": 6.0, "num_boost_round": 14.0}, "datetime": {"datetime": "2024-01-19 00:24:08", "elapsed": 753.315851, "delta": 0.000966}}
{"target": -17.677316248450605, "params": {"gamma": 442.34304270279637, "log10_alpha": -4.6093650887697954, "log10_colsample_bytree": -0.9136976985483334, "log10_eta": -1.0696012237885406, "log10_lambda": -2.3280831663607966, "log10_min_child_weight": 0.28345827775221544, "log10_subsample": -0.7652123905041118, "max_depth": 4.0, "num_boost_round": 0.0}, "datetime": {"datetime": "2024-01-19 00:24:32", "elapsed": 777.236189, "delta": 23.920338}}
