{"target": -17.67667309282435, "params": {"gamma": 716.0241826011297, "log10_alpha": 0.6073703796804582, "log10_colsample_bytree": -0.1878783119027171, "log10_eta": -3.4730468999370587, "log10_lambda": -4.311336729744556, "log10_min_child_weight": 0.8102595425517228, "log10_subsample": -0.08346931168730554, "max_depth": 3.0, "num_boost_round": 60.0}, "datetime": {"datetime": "2024-01-19 00:48:16", "elapsed": 2203.843476, "delta": 0.002858}}
{"target": -17.67666337869582, "params": {"gamma": 716.0241826011297, "log10_alpha": 0.6073703796804582, "log10_colsample_bytree": -0.1878783119027171, "log10_eta": -3.4730468999370587, "log10_lambda": -4.311336729744556, "log10_min_child_weight": 0.8102595425517228, "log10_subsample": -0.08346931168730554, "max_depth": 3.0, "num_boost_round": 61.0}, "datetime": {"datetime": "2024-01-19 00:48:16", "elapsed": 2203.846329, "delta": 0.002853}}
{"target": -17.676653561070857, "params": {"gamma": 716.0241826011297, "log10_alpha": 0.6073703796804582, "log10_colsample_bytree": -0.1878783119027171, "log10_eta": -3.4730468999370587, "log10_lambda": -4.311336729744556, "log10_min_child_weight": 0.8102595425517228, "log10_subsample": -0.08346931168730554, "max_depth": 3.0, "num_boost_round": 62.0}, "datetime": {"datetime": "2024-01-19 00:48:16", "elapsed": 2203.849308, "delta": 0.002979}}
{"target": -17.676649881903757, "params": {"gamma": 716.0241826011297, "log10_alpha": 0.6073703796804582, "log10_colsample_bytree": -0.1878783119027171, "log10_eta": -3.4730468999370587, "log10_lambda": -4.311336729744556, "log10_min_child_weight": 0.8102595425517228, "log10_subsample": -0.08346931168730554, "max_depth": 3.0, "num_boost_round": 63.0}, "datetime": {"datetime": "2024-01-19 00:48:16", "elapsed": 2203.852225, "delta": 0.002917}}
{"target": -17.676638792934686, "params": {"gamma": 716.0241826011297, "log10_alpha": 0.6073703796804582, "log10_colsample_bytree": -0.1878783119027171, "log10_eta": -3.4730468999370587, "log10_lambda": -4.311336729744556, "log10_min_child_weight": 0.8102595425517228, "log10_subsample": -0.08346931168730554, "max_depth": 3.0, "num_boost_round": 64.0}, "datetime": {"datetime": "2024-01-19 00:48:16", "elapsed": 2203.855088, "delta": 0.002863}}
{"target": -17.67723119772122, "params": {"gamma": 736.5662564130237, "log10_alpha": -3.20629791960483, "log10_colsample_bytree": -0.20713185424394331, "log10_eta": -3.856726980000746, "log10_lambda": -1.3392396881930413, "log10_min_child_weight": 4.225745313215984, "log10_subsample": -0.5457790251930571, "max_depth": 3.0, "num_boost_round": 0.0}, "datetime": {"datetime": "2024-01-19 00:49:07", "elapsed": 2254.939899, "delta": 51.084811}}
{"target": -17.677230992115522, "params": {"gamma": 736.5662564130237, "log10_alpha": -3.20629791960483, "log10_colsample_bytree": -0.20713185424394331, "log10_eta": -3.856726980000746, "log10_lambda": -1.3392396881930413, "log10_min_child_weight": 4.225745313215984, "log10_subsample": -0.5457790251930571, "max_depth": 3.0, "num_boost_round": 1.0}, "datetime": {"datetime": "2024-01-19 00:49:07", "elapsed": 2255.062615, "delta": 0.122716}}
{"target": -17.677231904182086, "params": {"gamma": 736.5662564130237, "log10_alpha": -3.20629791960483, "log10_colsample_bytree": -0.20713185424394331, "log10_eta": -3.856726980000746, "log10_lambda": -1.3392396881930413, "log10_min_child_weight": 4.225745313215984, "log10_subsample": -0.5457790251930571, "max_depth": 3.0, "num_boost_round": 2.0}, "datetime": {"datetime": "2024-01-19 00:49:07", "elapsed": 2255.066298, "delta": 0.003683}}
{"target": -17.677231049823572, "params": {"gamma": 736.5662564130237, "log10_alpha": -3.20629791960483, "log10_colsample_bytree": -0.20713185424394331, "log10_eta": -3.856726980000746, "log10_lambda": -1.3392396881930413, "log10_min_child_weight": 4.225745313215984, "log10_subsample": -0.5457790251930571, "max_depth": 3.0, "num_boost_round": 3.0}, "datetime": {"datetime": "2024-01-19 00:49:07", "elapsed": 2255.070066, "delta": 0.003768}}
{"target": -17.67723227159276, "params": {"gamma": 736.5662564130237, "log10_alpha": -3.20629791960483, "log10_colsample_bytree": -0.20713185424394331, "log10_eta": -3.856726980000746, "log10_lambda": -1.3392396881930413, "log10_min_child_weight": 4.225745313215984, "log10_subsample": -0.5457790251930571, "max_depth": 3.0, "num_boost_round": 4.0}, "datetime": {"datetime": "2024-01-19 00:49:07", "elapsed": 2255.073324, "delta": 0.003258}}
{"target": -17.67723194207606, "params": {"gamma": 736.5662564130237, "log10_alpha": -3.20629791960483, "log10_colsample_bytree": -0.20713185424394331, "log10_eta": -3.856726980000746, "log10_lambda": -1.3392396881930413, "log10_min_child_weight": 4.225745313215984, "log10_subsample": -0.5457790251930571, "max_depth": 3.0, "num_boost_round": 5.0}, "datetime": {"datetime": "2024-01-19 00:49:07", "elapsed": 2255.076602, "delta": 0.003278}}
{"target": -17.677232852268602, "params": {"gamma": 736.5662564130237, "log10_alpha": -3.20629791960483, "log10_colsample_bytree": -0.20713185424394331, "log10_eta": -3.856726980000746, "log10_lambda": -1.3392396881930413, "log10_min_child_weight": 4.225745313215984, "log10_subsample": -0.5457790251930571, "max_depth": 3.0, "num_boost_round": 6.0}, "datetime": {"datetime": "2024-01-19 00:49:07", "elapsed": 2255.079786, "delta": 0.003184}}
{"target": -17.677232306073535, "params": {"gamma": 736.5662564130237, "log10_alpha": -3.20629791960483, "log10_colsample_bytree": -0.20713185424394331, "log10_eta": -3.856726980000746, "log10_lambda": -1.3392396881930413, "log10_min_child_weight": 4.225745313215984, "log10_subsample": -0.5457790251930571, "max_depth": 3.0, "num_boost_round": 7.0}, "datetime": {"datetime": "2024-01-19 00:49:07", "elapsed": 2255.083028, "delta": 0.003242}}
{"target": -17.677231774501365, "params": {"gamma": 736.5662564130237, "log10_alpha": -3.20629791960483, "log10_colsample_bytree": -0.20713185424394331, "log10_eta": -3.856726980000746, "log10_lambda": -1.3392396881930413, "log10_min_child_weight": 4.225745313215984, "log10_subsample": -0.5457790251930571, "max_depth": 3.0, "num_boost_round": 8.0}, "datetime": {"datetime": "2024-01-19 00:49:07", "elapsed": 2255.0862, "delta": 0.003172}}
{"target": -17.67723090407567, "params": {"gamma": 736.5662564130237, "log10_alpha": -3.20629791960483, "log10_colsample_bytree": -0.20713185424394331, "log10_eta": -3.856726980000746, "log10_lambda": -1.3392396881930413, "log10_min_child_weight": 4.225745313215984, "log10_subsample": -0.5457790251930571, "max_depth": 3.0, "num_boost_round": 9.0}, "datetime": {"datetime": "2024-01-19 00:49:07", "elapsed": 2255.089479, "delta": 0.003279}}
{"target": -17.677231945978157, "params": {"gamma": 736.5662564130237, "log10_alpha": -3.20629791960483, "log10_colsample_bytree": -0.20713185424394331, "log10_eta": -3.856726980000746, "log10_lambda": -1.3392396881930413, "log10_min_child_weight": 4.225745313215984, "log10_subsample": -0.5457790251930571, "max_depth": 3.0, "num_boost_round": 10.0}, "datetime": {"datetime": "2024-01-19 00:49:07", "elapsed": 2255.092692, "delta": 0.003213}}
{"target": -17.677230500895263, "params": {"gamma": 736.5662564130237, "log10_alpha": -3.20629791960483, "log10_colsample_bytree": -0.20713185424394331, "log10_eta": -3.856726980000746, "log10_lambda": -1.3392396881930413, "log10_min_child_weight": 4.225745313215984, "log10_subsample": -0.5457790251930571, "max_depth": 3.0, "num_boost_round": 11.0}, "datetime": {"datetime": "2024-01-19 00:49:07", "elapsed": 2255.095927, "delta": 0.003235}}
{"target": -17.677231465869415, "params": {"gamma": 736.5662564130237, "log10_alpha": -3.20629791960483, "log10_colsample_bytree": -0.20713185424394331, "log10_eta": -3.856726980000746, "log10_lambda": -1.3392396881930413, "log10_min_child_weight": 4.225745313215984, "log10_subsample": -0.5457790251930571, "max_depth": 3.0, "num_boost_round": 12.0}, "datetime": {"datetime": "2024-01-19 00:49:07", "elapsed": 2255.099165, "delta": 0.003238}}
{"target": -17.677230674927042, "params": {"gamma": 736.5662564130237, "log10_alpha": -3.20629791960483, "log10_colsample_bytree": -0.20713185424394331, "log10_eta": -3.856726980000746, "log10_lambda": -1.3392396881930413, "log10_min_child_weight": 4.225745313215984, "log10_subsample": -0.5457790251930571, "max_depth": 3.0, "num_boost_round": 13.0}, "datetime": {"datetime": "2024-01-19 00:49:07", "elapsed": 2255.102403, "delta": 0.003238}}
{"target": -17.677229775314796, "params": {"gamma": 736.5662564130237, "log10_alpha": -3.20629791960483, "log10_colsample_bytree": -0.20713185424394331, "log10_eta": -3.856726980000746, "log10_lambda": -1.3392396881930413, "log10_min_child_weight": 4.225745313215984, "log10_subsample": -0.5457790251930571, "max_depth": 3.0, "num_boost_round": 14.0}, "datetime": {"datetime": "2024-01-19 00:49:07", "elapsed": 2255.105662, "delta": 0.003259}}
{"target": -17.677227692541887, "params": {"gamma": 736.5662564130237, "log10_alpha": -3.20629791960483, "log10_colsample_bytree": -0.20713185424394331, "log10_eta": -3.856726980000746, "log10_lambda": -1.3392396881930413, "log10_min_child_weight": 4.225745313215984, "log10_subsample": -0.5457790251930571, "max_depth": 3.0, "num_boost_round": 15.0}, "datetime": {"datetime": "2024-01-19 00:49:07", "elapsed": 2255.108951, "delta": 0.003289}}
{"target": -17.677226074377796, "params": {"gamma": 736.5662564130237, "log10_alpha": -3.20629791960483, "log10_colsample_bytree": -0.20713185424394331, "log10_eta": -3.856726980000746, "log10_lambda": -1.3392396881930413, "log10_min_child_weight": 4.225745313215984, "log10_subsample": -0.5457790251930571, "max_depth": 3.0, "num_boost_round": 16.0}, "datetime": {"datetime": "2024-01-19 00:49:07", "elapsed": 2255.11225, "delta": 0.003299}}
{"target": -17.677225362344185, "params": {"gamma": 736.5662564130237, "log10_alpha": -3.20629791960483, "log10_colsample_bytree": -0.20713185424394331, "log10_eta": -3.856726980000746, "log10_lambda": -1.3392396881930413, "log10_min_child_weight": 4.225745313215984, "log10_subsample": -0.5457790251930571, "max_depth": 3.0, "num_boost_round": 17.0}, "datetime": {"datetime": "2024-01-19 00:49:07", "elapsed": 2255.115517, "delta": 0.003267}}
{"target": -17.67722490189395, "params": {"gamma": 736.5662564130237, "log10_alpha": -3.20629791960483, "log10_colsample_bytree": -0.20713185424394331, "log10_eta": -3.856726980000746, "log10_lambda": -1.3392396881930413, "log10_min_child_weight": 4.225745313215984, "log10_subsample": -0.5457790251930571, "max_depth": 3.0, "num_boost_round": 18.0}, "datetime": {"datetime": "2024-01-19 00:49:07", "elapsed": 2255.118827, "delta": 0.00331}}
{"target": -17.677225028628342, "params": {"gamma": 736.5662564130237, "log10_alpha": -3.20629791960483, "log10_colsample_bytree": -0.20713185424394331, "log10_eta": -3.856726980000746, "log10_lambda": -1.3392396881930413, "log10_min_child_weight": 4.225745313215984, "log10_subsample": -0.5457790251930571, "max_depth": 3.0, "num_boost_round": 19.0}, "datetime": {"datetime": "2024-01-19 00:49:07", "elapsed": 2255.122246, "delta": 0.003419}}
{"target": -17.677227388061024, "params": {"gamma": 736.5662564130237, "log10_alpha": -3.20629791960483, "log10_colsample_bytree": -0.20713185424394331, "log10_eta": -3.856726980000746, "log10_lambda": -1.3392396881930413, "log10_min_child_weight": 4.225745313215984, "log10_subsample": -0.5457790251930571, "max_depth": 3.0, "num_boost_round": 20.0}, "datetime": {"datetime": "2024-01-19 00:49:07", "elapsed": 2255.125537, "delta": 0.003291}}
{"target": -17.677228099542166, "params": {"gamma": 736.5662564130237, "log10_alpha": -3.20629791960483, "log10_colsample_bytree": -0.20713185424394331, "log10_eta": -3.856726980000746, "log10_lambda": -1.3392396881930413, "log10_min_child_weight": 4.225745313215984, "log10_subsample": -0.5457790251930571, "max_depth": 3.0, "num_boost_round": 21.0}, "datetime": {"datetime": "2024-01-19 00:49:07", "elapsed": 2255.128801, "delta": 0.003264}}
{"target": -17.677228366164876, "params": {"gamma": 736.5662564130237, "log10_alpha": -3.20629791960483, "log10_colsample_bytree": -0.20713185424394331, "log10_eta": -3.856726980000746, "log10_lambda": -1.3392396881930413, "log10_min_child_weight": 4.225745313215984, "log10_subsample": -0.5457790251930571, "max_depth": 3.0, "num_boost_round": 22.0}, "datetime": {"datetime": "2024-01-19 00:49:07", "elapsed": 2255.132094, "delta": 0.003293}}
{"target": -17.677228415327235, "params": {"gamma": 736.5662564130237, "log10_alpha": -3.20629791960483, "log10_colsample_bytree": -0.20713185424394331, "log10_eta": -3.856726980000746, "log10_lambda": -1.3392396881930413, "log10_min_child_weight": 4.225745313215984, "log10_subsample": -0.5457790251930571, "max_depth": 3.0, "num_boost_round": 23.0}, "datetime": {"datetime": "2024-01-19 00:49:07", "elapsed": 2255.135324, "delta": 0.00323}}
{"target": -17.677227587518086, "params": {"gamma": 736.5662564130237, "log10_alpha": -3.20629791960483, "log10_colsample_bytree": -0.20713185424394331, "log10_eta": -3.856726980000746, "log10_lambda": -1.3392396881930413, "log10_min_child_weight": 4.225745313215984, "log10_subsample": -0.5457790251930571, "max_depth": 3.0, "num_boost_round": 24.0}, "datetime": {"datetime": "2024-01-19 00:49:07", "elapsed": 2255.138589, "delta": 0.003265}}
{"target": -17.677228342622563, "params": {"gamma": 736.5662564130237, "log10_alpha": -3.20629791960483, "log10_colsample_bytree": -0.20713185424394331, "log10_eta": -3.856726980000746, "log10_lambda": -1.3392396881930413, "log10_min_child_weight": 4.225745313215984, "log10_subsample": -0.5457790251930571, "max_depth": 3.0, "num_boost_round": 25.0}, "datetime": {"datetime": "2024-01-19 00:49:07", "elapsed": 2255.142671, "delta": 0.004082}}
{"target": -17.6772274131798, "params": {"gamma": 736.5662564130237, "log10_alpha": -3.20629791960483, "log10_colsample_bytree": -0.20713185424394331, "log10_eta": -3.856726980000746, "log10_lambda": -1.3392396881930413, "log10_min_child_weight": 4.225745313215984, "log10_subsample": -0.5457790251930571, "max_depth": 3.0, "num_boost_round": 26.0}, "datetime": {"datetime": "2024-01-19 00:49:07", "elapsed": 2255.146087, "delta": 0.003416}}
{"target": -17.67722673162837, "params": {"gamma": 736.5662564130237, "log10_alpha": -3.20629791960483, "log10_colsample_bytree": -0.20713185424394331, "log10_eta": -3.856726980000746, "log10_lambda": -1.3392396881930413, "log10_min_child_weight": 4.225745313215984, "log10_subsample": -0.5457790251930571, "max_depth": 3.0, "num_boost_round": 27.0}, "datetime": {"datetime": "2024-01-19 00:49:07", "elapsed": 2255.149285, "delta": 0.003198}}
{"target": -17.677227157392664, "params": {"gamma": 736.5662564130237, "log10_alpha": -3.20629791960483, "log10_colsample_bytree": -0.20713185424394331, "log10_eta": -3.856726980000746, "log10_lambda": -1.3392396881930413, "log10_min_child_weight": 4.225745313215984, "log10_subsample": -0.5457790251930571, "max_depth": 3.0, "num_boost_round": 28.0}, "datetime": {"datetime": "2024-01-19 00:49:07", "elapsed": 2255.152499, "delta": 0.003214}}
{"target": -17.67722711571102, "params": {"gamma": 736.5662564130237, "log10_alpha": -3.20629791960483, "log10_colsample_bytree": -0.20713185424394331, "log10_eta": -3.856726980000746, "log10_lambda": -1.3392396881930413, "log10_min_child_weight": 4.225745313215984, "log10_subsample": -0.5457790251930571, "max_depth": 3.0, "num_boost_round": 29.0}, "datetime": {"datetime": "2024-01-19 00:49:07", "elapsed": 2255.15566, "delta": 0.003161}}
{"target": -17.677227219797505, "params": {"gamma": 736.5662564130237, "log10_alpha": -3.20629791960483, "log10_colsample_bytree": -0.20713185424394331, "log10_eta": -3.856726980000746, "log10_lambda": -1.3392396881930413, "log10_min_child_weight": 4.225745313215984, "log10_subsample": -0.5457790251930571, "max_depth": 3.0, "num_boost_round": 30.0}, "datetime": {"datetime": "2024-01-19 00:49:07", "elapsed": 2255.15888, "delta": 0.00322}}
{"target": -17.67722723162117, "params": {"gamma": 736.5662564130237, "log10_alpha": -3.20629791960483, "log10_colsample_bytree": -0.20713185424394331, "log10_eta": -3.856726980000746, "log10_lambda": -1.3392396881930413, "log10_min_child_weight": 4.225745313215984, "log10_subsample": -0.5457790251930571, "max_depth": 3.0, "num_boost_round": 31.0}, "datetime": {"datetime": "2024-01-19 00:49:07", "elapsed": 2255.162054, "delta": 0.003174}}
{"target": -17.67722709352591, "params": {"gamma": 736.5662564130237, "log10_alpha": -3.20629791960483, "log10_colsample_bytree": -0.20713185424394331, "log10_eta": -3.856726980000746, "log10_lambda": -1.3392396881930413, "log10_min_child_weight": 4.225745313215984, "log10_subsample": -0.5457790251930571, "max_depth": 3.0, "num_boost_round": 32.0}, "datetime": {"datetime": "2024-01-19 00:49:07", "elapsed": 2255.165381, "delta": 0.003327}}
{"target": -17.677226812962907, "params": {"gamma": 736.5662564130237, "log10_alpha": -3.20629791960483, "log10_colsample_bytree": -0.20713185424394331, "log10_eta": -3.856726980000746, "log10_lambda": -1.3392396881930413, "log10_min_child_weight": 4.225745313215984, "log10_subsample": -0.5457790251930571, "max_depth": 3.0, "num_boost_round": 33.0}, "datetime": {"datetime": "2024-01-19 00:49:07", "elapsed": 2255.168568, "delta": 0.003187}}
{"target": -17.67722690522262, "params": {"gamma": 736.5662564130237, "log10_alpha": -3.20629791960483, "log10_colsample_bytree": -0.20713185424394331, "log10_eta": -3.856726980000746, "log10_lambda": -1.3392396881930413, "log10_min_child_weight": 4.225745313215984, "log10_subsample": -0.5457790251930571, "max_depth": 3.0, "num_boost_round": 34.0}, "datetime": {"datetime": "2024-01-19 00:49:07", "elapsed": 2255.171829, "delta": 0.003261}}
{"target": -17.67722796333713, "params": {"gamma": 736.5662564130237, "log10_alpha": -3.20629791960483, "log10_colsample_bytree": -0.20713185424394331, "log10_eta": -3.856726980000746, "log10_lambda": -1.3392396881930413, "log10_min_child_weight": 4.225745313215984, "log10_subsample": -0.5457790251930571, "max_depth": 3.0, "num_boost_round": 35.0}, "datetime": {"datetime": "2024-01-19 00:49:07", "elapsed": 2255.175039, "delta": 0.00321}}
{"target": -17.677230155966658, "params": {"gamma": 736.5662564130237, "log10_alpha": -3.20629791960483, "log10_colsample_bytree": -0.20713185424394331, "log10_eta": -3.856726980000746, "log10_lambda": -1.3392396881930413, "log10_min_child_weight": 4.225745313215984, "log10_subsample": -0.5457790251930571, "max_depth": 3.0, "num_boost_round": 36.0}, "datetime": {"datetime": "2024-01-19 00:49:07", "elapsed": 2255.178284, "delta": 0.003245}}
{"target": -17.677229335738016, "params": {"gamma": 736.5662564130237, "log10_alpha": -3.20629791960483, "log10_colsample_bytree": -0.20713185424394331, "log10_eta": -3.856726980000746, "log10_lambda": -1.3392396881930413, "log10_min_child_weight": 4.225745313215984, "log10_subsample": -0.5457790251930571, "max_depth": 3.0, "num_boost_round": 37.0}, "datetime": {"datetime": "2024-01-19 00:49:07", "elapsed": 2255.181473, "delta": 0.003189}}
{"target": -17.677230343708107, "params": {"gamma": 736.5662564130237, "log10_alpha": -3.20629791960483, "log10_colsample_bytree": -0.20713185424394331, "log10_eta": -3.856726980000746, "log10_lambda": -1.3392396881930413, "log10_min_child_weight": 4.225745313215984, "log10_subsample": -0.5457790251930571, "max_depth": 3.0, "num_boost_round": 38.0}, "datetime": {"datetime": "2024-01-19 00:49:07", "elapsed": 2255.184727, "delta": 0.003254}}
{"target": -17.677229377357, "params": {"gamma": 736.5662564130237, "log10_alpha": -3.20629791960483, "log10_colsample_bytree": -0.20713185424394331, "log10_eta": -3.856726980000746, "log10_lambda": -1.3392396881930413, "log10_min_child_weight": 4.225745313215984, "log10_subsample": -0.5457790251930571, "max_depth": 3.0, "num_boost_round": 39.0}, "datetime": {"datetime": "2024-01-19 00:49:07", "elapsed": 2255.187952, "delta": 0.003225}}
{"target": -17.677230312863752, "params": {"gamma": 736.5662564130237, "log10_alpha": -3.20629791960483, "log10_colsample_bytree": -0.20713185424394331, "log10_eta": -3.856726980000746, "log10_lambda": -1.3392396881930413, "log10_min_child_weight": 4.225745313215984, "log10_subsample": -0.5457790251930571, "max_depth": 3.0, "num_boost_round": 40.0}, "datetime": {"datetime": "2024-01-19 00:49:07", "elapsed": 2255.191231, "delta": 0.003279}}
{"target": -17.677230356515352, "params": {"gamma": 736.5662564130237, "log10_alpha": -3.20629791960483, "log10_colsample_bytree": -0.20713185424394331, "log10_eta": -3.856726980000746, "log10_lambda": -1.3392396881930413, "log10_min_child_weight": 4.225745313215984, "log10_subsample": -0.5457790251930571, "max_depth": 3.0, "num_boost_round": 41.0}, "datetime": {"datetime": "2024-01-19 00:49:07", "elapsed": 2255.194451, "delta": 0.00322}}
{"target": -17.677231328911997, "params": {"gamma": 736.5662564130237, "log10_alpha": -3.20629791960483, "log10_colsample_bytree": -0.20713185424394331, "log10_eta": -3.856726980000746, "log10_lambda": -1.3392396881930413, "log10_min_child_weight": 4.225745313215984, "log10_subsample": -0.5457790251930571, "max_depth": 3.0, "num_boost_round": 42.0}, "datetime": {"datetime": "2024-01-19 00:49:07", "elapsed": 2255.197793, "delta": 0.003342}}
{"target": -17.677231162002208, "params": {"gamma": 736.5662564130237, "log10_alpha": -3.20629791960483, "log10_colsample_bytree": -0.20713185424394331, "log10_eta": -3.856726980000746, "log10_lambda": -1.3392396881930413, "log10_min_child_weight": 4.225745313215984, "log10_subsample": -0.5457790251930571, "max_depth": 3.0, "num_boost_round": 43.0}, "datetime": {"datetime": "2024-01-19 00:49:07", "elapsed": 2255.201081, "delta": 0.003288}}
