{"target": -17.67644315686549, "params": {"gamma": 418.01062139031797, "log10_alpha": -4.3040186180041085, "log10_colsample_bytree": -0.4485595872184861, "log10_eta": -3.5071692568532966, "log10_lambda": -2.69278192414378, "log10_min_child_weight": 0.8644361429982972, "log10_subsample": -0.13103506334942994, "max_depth": 4.0, "num_boost_round": 63.0}, "datetime": {"datetime": "2024-01-19 00:12:30", "elapsed": 40.2147, "delta": 0.000361}}
{"target": -17.676436437067938, "params": {"gamma": 418.01062139031797, "log10_alpha": -4.3040186180041085, "log10_colsample_bytree": -0.4485595872184861, "log10_eta": -3.5071692568532966, "log10_lambda": -2.69278192414378, "log10_min_child_weight": 0.8644361429982972, "log10_subsample": -0.13103506334942994, "max_depth": 4.0, "num_boost_round": 64.0}, "datetime": {"datetime": "2024-01-19 00:12:30", "elapsed": 40.215052, "delta": 0.000352}}
{"target": -17.67642135937231, "params": {"gamma": 418.01062139031797, "log10_alpha": -4.3040186180041085, "log10_colsample_bytree": -0.4485595872184861, "log10_eta": -3.5071692568532966, "log10_lambda": -2.69278192414378, "log10_min_child_weight": 0.8644361429982972, "log10_subsample": -0.13103506334942994, "max_depth": 4.0, "num_boost_round": 65.0}, "datetime": {"datetime": "2024-01-19 00:12:30", "elapsed": 40.215412, "delta": 0.00036}}
{"target": -17.67641069056418, "params": {"gamma": 418.01062139031797, "log10_alpha": -4.3040186180041085, "log10_colsample_bytree": -0.4485595872184861, "log10_eta": -3.5071692568532966, "log10_lambda": -2.69278192414378, "log10_min_child_weight": 0.8644361429982972, "log10_subsample": -0.13103506334942994, "max_depth": 4.0, "num_boost_round": 66.0}, "datetime": {"datetime": "2024-01-19 00:12:30", "elapsed": 40.21577, "delta": 0.000358}}
{"target": -17.676381379235437, "params": {"gamma": 418.01062139031797, "log10_alpha": -4.3040186180041085, "log10_colsample_bytree": -0.4485595872184861, "log10_eta": -3.5071692568532966, "log10_lambda": -2.69278192414378, "log10_min_child_weight": 0.8644361429982972, "log10_subsample": -0.13103506334942994, "max_depth": 4.0, "num_boost_round": 67.0}, "datetime": {"datetime": "2024-01-19 00:12:30", "elapsed": 40.216124, "delta": 0.000354}}
{"target": -17.676375688786013, "params": {"gamma": 418.01062139031797, "log10_alpha": -4.3040186180041085, "log10_colsample_bytree": -0.4485595872184861, "log10_eta": -3.5071692568532966, "log10_lambda": -2.69278192414378, "log10_min_child_weight": 0.8644361429982972, "log10_subsample": -0.13103506334942994, "max_depth": 4.0, "num_boost_round": 68.0}, "datetime": {"datetime": "2024-01-19 00:12:30", "elapsed": 40.216484, "delta": 0.00036}}
{"target": -17.676362111824382, "params": {"gamma": 418.01062139031797, "log10_alpha": -4.3040186180041085, "log10_colsample_bytree": -0.4485595872184861, "log10_eta": -3.5071692568532966, "log10_lambda": -2.69278192414378, "log10_min_child_weight": 0.8644361429982972, "log10_subsample": -0.13103506334942994, "max_depth": 4.0, "num_boost_round": 69.0}, "datetime": {"datetime": "2024-01-19 00:12:30", "elapsed": 40.216842, "delta": 0.000358}}
{"target": -17.676358967566635, "params": {"gamma": 418.01062139031797, "log10_alpha": -4.3040186180041085, "log10_colsample_bytree": -0.4485595872184861, "log10_eta": -3.5071692568532966, "log10_lambda": -2.69278192414378, "log10_min_child_weight": 0.8644361429982972, "log10_subsample": -0.13103506334942994, "max_depth": 4.0, "num_boost_round": 70.0}, "datetime": {"datetime": "2024-01-19 00:12:30", "elapsed": 40.217197, "delta": 0.000355}}
{"target": -17.676342879755367, "params": {"gamma": 418.01062139031797, "log10_alpha": -4.3040186180041085, "log10_colsample_bytree": -0.4485595872184861, "log10_eta": -3.5071692568532966, "log10_lambda": -2.69278192414378, "log10_min_child_weight": 0.8644361429982972, "log10_subsample": -0.13103506334942994, "max_depth": 4.0, "num_boost_round": 71.0}, "datetime": {"datetime": "2024-01-19 00:12:30", "elapsed": 40.217562, "delta": 0.000365}}
{"target": -17.67633235164238, "params": {"gamma": 418.01062139031797, "log10_alpha": -4.3040186180041085, "log10_colsample_bytree": -0.4485595872184861, "log10_eta": -3.5071692568532966, "log10_lambda": -2.69278192414378, "log10_min_child_weight": 0.8644361429982972, "log10_subsample": -0.13103506334942994, "max_depth": 4.0, "num_boost_round": 72.0}, "datetime": {"datetime": "2024-01-19 00:12:30", "elapsed": 40.217924, "delta": 0.000362}}
{"target": -17.676308065223527, "params": {"gamma": 418.01062139031797, "log10_alpha": -4.3040186180041085, "log10_colsample_bytree": -0.4485595872184861, "log10_eta": -3.5071692568532966, "log10_lambda": -2.69278192414378, "log10_min_child_weight": 0.8644361429982972, "log10_subsample": -0.13103506334942994, "max_depth": 4.0, "num_boost_round": 73.0}, "datetime": {"datetime": "2024-01-19 00:12:30", "elapsed": 40.218287, "delta": 0.000363}}
{"target": -17.67629963445287, "params": {"gamma": 418.01062139031797, "log10_alpha": -4.3040186180041085, "log10_colsample_bytree": -0.4485595872184861, "log10_eta": -3.5071692568532966, "log10_lambda": -2.69278192414378, "log10_min_child_weight": 0.8644361429982972, "log10_subsample": -0.13103506334942994, "max_depth": 4.0, "num_boost_round": 74.0}, "datetime": {"datetime": "2024-01-19 00:12:30", "elapsed": 40.218655, "delta": 0.000368}}
{"target": -17.676289268274378, "params": {"gamma": 418.01062139031797, "log10_alpha": -4.3040186180041085, "log10_colsample_bytree": -0.4485595872184861, "log10_eta": -3.5071692568532966, "log10_lambda": -2.69278192414378, "log10_min_child_weight": 0.8644361429982972, "log10_subsample": -0.13103506334942994, "max_depth": 4.0, "num_boost_round": 75.0}, "datetime": {"datetime": "2024-01-19 00:12:30", "elapsed": 40.219019, "delta": 0.000364}}
{"target": -17.67626518287273, "params": {"gamma": 418.01062139031797, "log10_alpha": -4.3040186180041085, "log10_colsample_bytree": -0.4485595872184861, "log10_eta": -3.5071692568532966, "log10_lambda": -2.69278192414378, "log10_min_child_weight": 0.8644361429982972, "log10_subsample": -0.13103506334942994, "max_depth": 4.0, "num_boost_round": 76.0}, "datetime": {"datetime": "2024-01-19 00:12:30", "elapsed": 40.219389, "delta": 0.00037}}
{"target": -17.676257736507004, "params": {"gamma": 418.01062139031797, "log10_alpha": -4.3040186180041085, "log10_colsample_bytree": -0.4485595872184861, "log10_eta": -3.5071692568532966, "log10_lambda": -2.69278192414378, "log10_min_child_weight": 0.8644361429982972, "log10_subsample": -0.13103506334942994, "max_depth": 4.0, "num_boost_round": 77.0}, "datetime": {"datetime": "2024-01-19 00:12:30", "elapsed": 40.219756, "delta": 0.000367}}
{"target": -17.676237133913784, "params": {"gamma": 418.01062139031797, "log10_alpha": -4.3040186180041085, "log10_colsample_bytree": -0.4485595872184861, "log10_eta": -3.5071692568532966, "log10_lambda": -2.69278192414378, "log10_min_child_weight": 0.8644361429982972, "log10_subsample": -0.13103506334942994, "max_depth": 4.0, "num_boost_round": 78.0}, "datetime": {"datetime": "2024-01-19 00:12:30", "elapsed": 40.220123, "delta": 0.000367}}
{"target": -17.6762290508443, "params": {"gamma": 418.01062139031797, "log10_alpha": -4.3040186180041085, "log10_colsample_bytree": -0.4485595872184861, "log10_eta": -3.5071692568532966, "log10_lambda": -2.69278192414378, "log10_min_child_weight": 0.8644361429982972, "log10_subsample": -0.13103506334942994, "max_depth": 4.0, "num_boost_round": 79.0}, "datetime": {"datetime": "2024-01-19 00:12:30", "elapsed": 40.220498, "delta": 0.000375}}
{"target": -17.676213820567586, "params": {"gamma": 418.01062139031797, "log10_alpha": -4.3040186180041085, "log10_colsample_bytree": -0.4485595872184861, "log10_eta": -3.5071692568532966, "log10_lambda": -2.69278192414378, "log10_min_child_weight": 0.8644361429982972, "log10_subsample": -0.13103506334942994, "max_depth": 4.0, "num_boost_round": 80.0}, "datetime": {"datetime": "2024-01-19 00:12:30", "elapsed": 40.22087, "delta": 0.000372}}
{"target": -17.676196164882988, "params": {"gamma": 418.01062139031797, "log10_alpha": -4.3040186180041085, "log10_colsample_bytree": -0.4485595872184861, "log10_eta": -3.5071692568532966, "log10_lambda": -2.69278192414378, "log10_min_child_weight": 0.8644361429982972, "log10_subsample": -0.13103506334942994, "max_depth": 4.0, "num_boost_round": 81.0}, "datetime": {"datetime": "2024-01-19 00:12:30", "elapsed": 40.221242, "delta": 0.000372}}
{"target": -17.67617276052847, "params": {"gamma": 418.01062139031797, "log10_alpha": -4.3040186180041085, "log10_colsample_bytree": -0.4485595872184861, "log10_eta": -3.5071692568532966, "log10_lambda": -2.69278192414378, "log10_min_child_weight": 0.8644361429982972, "log10_subsample": -0.13103506334942994, "max_depth": 4.0, "num_boost_round": 82.0}, "datetime": {"datetime": "2024-01-19 00:12:30", "elapsed": 40.221736, "delta": 0.000494}}
{"target": -17.67615369895898, "params": {"gamma": 418.01062139031797, "log10_alpha": -4.3040186180041085, "log10_colsample_bytree": -0.4485595872184861, "log10_eta": -3.5071692568532966, "log10_lambda": -2.69278192414378, "log10_min_child_weight": 0.8644361429982972, "log10_subsample": -0.13103506334942994, "max_depth": 4.0, "num_boost_round": 83.0}, "datetime": {"datetime": "2024-01-19 00:12:30", "elapsed": 40.222119, "delta": 0.000383}}
{"target": -17.676144639866884, "params": {"gamma": 418.01062139031797, "log10_alpha": -4.3040186180041085, "log10_colsample_bytree": -0.4485595872184861, "log10_eta": -3.5071692568532966, "log10_lambda": -2.69278192414378, "log10_min_child_weight": 0.8644361429982972, "log10_subsample": -0.13103506334942994, "max_depth": 4.0, "num_boost_round": 84.0}, "datetime": {"datetime": "2024-01-19 00:12:30", "elapsed": 40.22251, "delta": 0.000391}}
{"target": -17.676132413457513, "params": {"gamma": 418.01062139031797, "log10_alpha": -4.3040186180041085, "log10_colsample_bytree": -0.4485595872184861, "log10_eta": -3.5071692568532966, "log10_lambda": -2.69278192414378, "log10_min_child_weight": 0.8644361429982972, "log10_subsample": -0.13103506334942994, "max_depth": 4.0, "num_boost_round": 85.0}, "datetime": {"datetime": "2024-01-19 00:12:30", "elapsed": 40.222896, "delta": 0.000386}}
{"target": -17.675296912779753, "params": {"gamma": 415.0096068709237, "log10_alpha": -0.893812306341883, "log10_colsample_bytree": -0.8824146675758633, "log10_eta": -0.6058806962068357, "log10_lambda": -2.405898268677657, "log10_min_child_weight": 3.9245327989313066, "log10_subsample": -0.20318787940511907, "max_depth": 4.0, "num_boost_round": 0.0}, "datetime": {"datetime": "2024-01-19 00:13:09", "elapsed": 79.454814, "delta": 39.231918}}
{"target": -17.681743266389905, "params": {"gamma": 415.0096068709237, "log10_alpha": -0.893812306341883, "log10_colsample_bytree": -0.8824146675758633, "log10_eta": -0.6058806962068357, "log10_lambda": -2.405898268677657, "log10_min_child_weight": 3.9245327989313066, "log10_subsample": -0.20318787940511907, "max_depth": 4.0, "num_boost_round": 1.0}, "datetime": {"datetime": "2024-01-19 00:13:09", "elapsed": 79.457785, "delta": 0.002971}}
{"target": -17.683518504676446, "params": {"gamma": 415.0096068709237, "log10_alpha": -0.893812306341883, "log10_colsample_bytree": -0.8824146675758633, "log10_eta": -0.6058806962068357, "log10_lambda": -2.405898268677657, "log10_min_child_weight": 3.9245327989313066, "log10_subsample": -0.20318787940511907, "max_depth": 4.0, "num_boost_round": 2.0}, "datetime": {"datetime": "2024-01-19 00:13:09", "elapsed": 79.458434, "delta": 0.000649}}
{"target": -17.685898308420995, "params": {"gamma": 415.0096068709237, "log10_alpha": -0.893812306341883, "log10_colsample_bytree": -0.8824146675758633, "log10_eta": -0.6058806962068357, "log10_lambda": -2.405898268677657, "log10_min_child_weight": 3.9245327989313066, "log10_subsample": -0.20318787940511907, "max_depth": 4.0, "num_boost_round": 3.0}, "datetime": {"datetime": "2024-01-19 00:13:09", "elapsed": 79.458862, "delta": 0.000428}}
{"target": -17.686090464898083, "params": {"gamma": 415.0096068709237, "log10_alpha": -0.893812306341883, "log10_colsample_bytree": -0.8824146675758633, "log10_eta": -0.6058806962068357, "log10_lambda": -2.405898268677657, "log10_min_child_weight": 3.9245327989313066, "log10_subsample": -0.20318787940511907, "max_depth": 4.0, "num_boost_round": 4.0}, "datetime": {"datetime": "2024-01-19 00:13:09", "elapsed": 79.459277, "delta": 0.000415}}
{"target": -17.687407021901706, "params": {"gamma": 415.0096068709237, "log10_alpha": -0.893812306341883, "log10_colsample_bytree": -0.8824146675758633, "log10_eta": -0.6058806962068357, "log10_lambda": -2.405898268677657, "log10_min_child_weight": 3.9245327989313066, "log10_subsample": -0.20318787940511907, "max_depth": 4.0, "num_boost_round": 5.0}, "datetime": {"datetime": "2024-01-19 00:13:09", "elapsed": 79.459817, "delta": 0.00054}}
{"target": -17.693920594381073, "params": {"gamma": 415.0096068709237, "log10_alpha": -0.893812306341883, "log10_colsample_bytree": -0.8824146675758633, "log10_eta": -0.6058806962068357, "log10_lambda": -2.405898268677657, "log10_min_child_weight": 3.9245327989313066, "log10_subsample": -0.20318787940511907, "max_depth": 4.0, "num_boost_round": 6.0}, "datetime": {"datetime": "2024-01-19 00:13:09", "elapsed": 79.460219, "delta": 0.000402}}
{"target": -17.696208494197755, "params": {"gamma": 415.0096068709237, "log10_alpha": -0.893812306341883, "log10_colsample_bytree": -0.8824146675758633, "log10_eta": -0.6058806962068357, "log10_lambda": -2.405898268677657, "log10_min_child_weight": 3.9245327989313066, "log10_subsample": -0.20318787940511907, "max_depth": 4.0, "num_boost_round": 7.0}, "datetime": {"datetime": "2024-01-19 00:13:09", "elapsed": 79.460627, "delta": 0.000408}}
{"target": -17.69857265147601, "params": {"gamma": 415.0096068709237, "log10_alpha": -0.893812306341883, "log10_colsample_bytree": -0.8824146675758633, "log10_eta": -0.6058806962068357, "log10_lambda": -2.405898268677657, "log10_min_child_weight": 3.9245327989313066, "log10_subsample": -0.20318787940511907, "max_depth": 4.0, "num_boost_round": 8.0}, "datetime": {"datetime": "2024-01-19 00:13:09", "elapsed": 79.461151, "delta": 0.000524}}
{"target": -17.700519198082358, "params": {"gamma": 415.0096068709237, "log10_alpha": -0.893812306341883, "log10_colsample_bytree": -0.8824146675758633, "log10_eta": -0.6058806962068357, "log10_lambda": -2.405898268677657, "log10_min_child_weight": 3.9245327989313066, "log10_subsample": -0.20318787940511907, "max_depth": 4.0, "num_boost_round": 9.0}, "datetime": {"datetime": "2024-01-19 00:13:09", "elapsed": 79.461559, "delta": 0.000408}}
{"target": -17.700902969420937, "params": {"gamma": 415.0096068709237, "log10_alpha": -0.893812306341883, "log10_colsample_bytree": -0.8824146675758633, "log10_eta": -0.6058806962068357, "log10_lambda": -2.405898268677657, "log10_min_child_weight": 3.9245327989313066, "log10_subsample": -0.20318787940511907, "max_depth": 4.0, "num_boost_round": 10.0}, "datetime": {"datetime": "2024-01-19 00:13:09", "elapsed": 79.461961, "delta": 0.000402}}
{"target": -17.701310658717215, "params": {"gamma": 415.0096068709237, "log10_alpha": -0.893812306341883, "log10_colsample_bytree": -0.8824146675758633, "log10_eta": -0.6058806962068357, "log10_lambda": -2.405898268677657, "log10_min_child_weight": 3.9245327989313066, "log10_subsample": -0.20318787940511907, "max_depth": 4.0, "num_boost_round": 11.0}, "datetime": {"datetime": "2024-01-19 00:13:09", "elapsed": 79.462417, "delta": 0.000456}}
{"target": -17.70523299116079, "params": {"gamma": 415.0096068709237, "log10_alpha": -0.893812306341883, "log10_colsample_bytree": -0.8824146675758633, "log10_eta": -0.6058806962068357, "log10_lambda": -2.405898268677657, "log10_min_child_weight": 3.9245327989313066, "log10_subsample": -0.20318787940511907, "max_depth": 4.0, "num_boost_round": 12.0}, "datetime": {"datetime": "2024-01-19 00:13:09", "elapsed": 79.462822, "delta": 0.000405}}
{"target": -17.708088461568362, "params": {"gamma": 415.0096068709237, "log10_alpha": -0.893812306341883, "log10_colsample_bytree": -0.8824146675758633, "log10_eta": -0.6058806962068357, "log10_lambda": -2.405898268677657, "log10_min_child_weight": 3.9245327989313066, "log10_subsample": -0.20318787940511907, "max_depth": 4.0, "num_boost_round": 13.0}, "datetime": {"datetime": "2024-01-19 00:13:09", "elapsed": 79.463225, "delta": 0.000403}}
{"target": -17.71481880308091, "params": {"gamma": 415.0096068709237, "log10_alpha": -0.893812306341883, "log10_colsample_bytree": -0.8824146675758633, "log10_eta": -0.6058806962068357, "log10_lambda": -2.405898268677657, "log10_min_child_weight": 3.9245327989313066, "log10_subsample": -0.20318787940511907, "max_depth": 4.0, "num_boost_round": 14.0}, "datetime": {"datetime": "2024-01-19 00:13:09", "elapsed": 79.46368, "delta": 0.000455}}
{"target": -17.715752997903426, "params": {"gamma": 415.0096068709237, "log10_alpha": -0.893812306341883, "log10_colsample_bytree": -0.8824146675758633, "log10_eta": -0.6058806962068357, "log10_lambda": -2.405898268677657, "log10_min_child_weight": 3.9245327989313066, "log10_subsample": -0.20318787940511907, "max_depth": 4.0, "num_boost_round": 15.0}, "datetime": {"datetime": "2024-01-19 00:13:09", "elapsed": 79.464089, "delta": 0.000409}}
{"target": -17.71757438714, "params": {"gamma": 415.0096068709237, "log10_alpha": -0.893812306341883, "log10_colsample_bytree": -0.8824146675758633, "log10_eta": -0.6058806962068357, "log10_lambda": -2.405898268677657, "log10_min_child_weight": 3.9245327989313066, "log10_subsample": -0.20318787940511907, "max_depth": 4.0, "num_boost_round": 16.0}, "datetime": {"datetime": "2024-01-19 00:13:09", "elapsed": 79.464504, "delta": 0.000415}}
{"target": -17.722823832658566, "params": {"gamma": 415.0096068709237, "log10_alpha": -0.893812306341883, "log10_colsample_bytree": -0.8824146675758633, "log10_eta": -0.6058806962068357, "log10_lambda": -2.405898268677657, "log10_min_child_weight": 3.9245327989313066, "log10_subsample": -0.20318787940511907, "max_depth": 4.0, "num_boost_round": 17.0}, "datetime": {"datetime": "2024-01-19 00:13:09", "elapsed": 79.464917, "delta": 0.000413}}
{"target": -17.72355045330194, "params": {"gamma": 415.0096068709237, "log10_alpha": -0.893812306341883, "log10_colsample_bytree": -0.8824146675758633, "log10_eta": -0.6058806962068357, "log10_lambda": -2.405898268677657, "log10_min_child_weight": 3.9245327989313066, "log10_subsample": -0.20318787940511907, "max_depth": 4.0, "num_boost_round": 18.0}, "datetime": {"datetime": "2024-01-19 00:13:09", "elapsed": 79.465328, "delta": 0.000411}}
{"target": -17.72632343745562, "params": {"gamma": 415.0096068709237, "log10_alpha": -0.893812306341883, "log10_colsample_bytree": -0.8824146675758633, "log10_eta": -0.6058806962068357, "log10_lambda": -2.405898268677657, "log10_min_child_weight": 3.9245327989313066, "log10_subsample": -0.20318787940511907, "max_depth": 4.0, "num_boost_round": 19.0}, "datetime": {"datetime": "2024-01-19 00:13:09", "elapsed": 79.465763, "delta": 0.000435}}
{"target": -17.732501871003542, "params": {"gamma": 415.0096068709237, "log10_alpha": -0.893812306341883, "log10_colsample_bytree": -0.8824146675758633, "log10_eta": -0.6058806962068357, "log10_lambda": -2.405898268677657, "log10_min_child_weight": 3.9245327989313066, "log10_subsample": -0.20318787940511907, "max_depth": 4.0, "num_boost_round": 20.0}, "datetime": {"datetime": "2024-01-19 00:13:09", "elapsed": 79.466177, "delta": 0.000414}}
{"target": -17.73626359050877, "params": {"gamma": 415.0096068709237, "log10_alpha": -0.893812306341883, "log10_colsample_bytree": -0.8824146675758633, "log10_eta": -0.6058806962068357, "log10_lambda": -2.405898268677657, "log10_min_child_weight": 3.9245327989313066, "log10_subsample": -0.20318787940511907, "max_depth": 4.0, "num_boost_round": 21.0}, "datetime": {"datetime": "2024-01-19 00:13:09", "elapsed": 79.466595, "delta": 0.000418}}
{"target": -17.74307340518525, "params": {"gamma": 415.0096068709237, "log10_alpha": -0.893812306341883, "log10_colsample_bytree": -0.8824146675758633, "log10_eta": -0.6058806962068357, "log10_lambda": -2.405898268677657, "log10_min_child_weight": 3.9245327989313066, "log10_subsample": -0.20318787940511907, "max_depth": 4.0, "num_boost_round": 22.0}, "datetime": {"datetime": "2024-01-19 00:13:09", "elapsed": 79.467015, "delta": 0.00042}}
{"target": -17.74683830386672, "params": {"gamma": 415.0096068709237, "log10_alpha": -0.893812306341883, "log10_colsample_bytree": -0.8824146675758633, "log10_eta": -0.6058806962068357, "log10_lambda": -2.405898268677657, "log10_min_child_weight": 3.9245327989313066, "log10_subsample": -0.20318787940511907, "max_depth": 4.0, "num_boost_round": 23.0}, "datetime": {"datetime": "2024-01-19 00:13:09", "elapsed": 79.46744, "delta": 0.000425}}
{"target": -17.74849392032747, "params": {"gamma": 415.0096068709237, "log10_alpha": -0.893812306341883, "log10_colsample_bytree": -0.8824146675758633, "log10_eta": -0.6058806962068357, "log10_lambda": -2.405898268677657, "log10_min_child_weight": 3.9245327989313066, "log10_subsample": -0.20318787940511907, "max_depth": 4.0, "num_boost_round": 24.0}, "datetime": {"datetime": "2024-01-19 00:13:09", "elapsed": 79.467861, "delta": 0.000421}}
{"target": -17.75087593173961, "params": {"gamma": 415.0096068709237, "log10_alpha": -0.893812306341883, "log10_colsample_bytree": -0.8824146675758633, "log10_eta": -0.6058806962068357, "log10_lambda": -2.405898268677657, "log10_min_child_weight": 3.9245327989313066, "log10_subsample": -0.20318787940511907, "max_depth": 4.0, "num_boost_round": 25.0}, "datetime": {"datetime": "2024-01-19 00:13:09", "elapsed": 79.46828, "delta": 0.000419}}
