{"target": -13.757790693817123, "params": {"gamma": 567.0637166983119, "log10_alpha": -1.2836226290585424, "log10_colsample_bytree": -0.9495840674086578, "log10_eta": -2.157391851866999, "log10_lambda": -2.7511159094802857, "log10_min_child_weight": 4.57195745473593, "log10_subsample": -0.36580964510969083, "max_depth": 6.0, "num_boost_round": 45.0}, "datetime": {"datetime": "2024-01-19 01:41:23", "elapsed": 5415.748899, "delta": 0.00571}}
{"target": -13.757779028263622, "params": {"gamma": 567.0637166983119, "log10_alpha": -1.2836226290585424, "log10_colsample_bytree": -0.9495840674086578, "log10_eta": -2.157391851866999, "log10_lambda": -2.7511159094802857, "log10_min_child_weight": 4.57195745473593, "log10_subsample": -0.36580964510969083, "max_depth": 6.0, "num_boost_round": 46.0}, "datetime": {"datetime": "2024-01-19 01:41:23", "elapsed": 5415.754334, "delta": 0.005435}}
{"target": -13.757793160180604, "params": {"gamma": 567.0637166983119, "log10_alpha": -1.2836226290585424, "log10_colsample_bytree": -0.9495840674086578, "log10_eta": -2.157391851866999, "log10_lambda": -2.7511159094802857, "log10_min_child_weight": 4.57195745473593, "log10_subsample": -0.36580964510969083, "max_depth": 6.0, "num_boost_round": 47.0}, "datetime": {"datetime": "2024-01-19 01:41:23", "elapsed": 5415.760041, "delta": 0.005707}}
{"target": -13.757772429851766, "params": {"gamma": 567.0637166983119, "log10_alpha": -1.2836226290585424, "log10_colsample_bytree": -0.9495840674086578, "log10_eta": -2.157391851866999, "log10_lambda": -2.7511159094802857, "log10_min_child_weight": 4.57195745473593, "log10_subsample": -0.36580964510969083, "max_depth": 6.0, "num_boost_round": 48.0}, "datetime": {"datetime": "2024-01-19 01:41:23", "elapsed": 5415.765582, "delta": 0.005541}}
{"target": -13.757796202954754, "params": {"gamma": 567.0637166983119, "log10_alpha": -1.2836226290585424, "log10_colsample_bytree": -0.9495840674086578, "log10_eta": -2.157391851866999, "log10_lambda": -2.7511159094802857, "log10_min_child_weight": 4.57195745473593, "log10_subsample": -0.36580964510969083, "max_depth": 6.0, "num_boost_round": 49.0}, "datetime": {"datetime": "2024-01-19 01:41:23", "elapsed": 5415.771054, "delta": 0.005472}}
{"target": -13.757808709202584, "params": {"gamma": 567.0637166983119, "log10_alpha": -1.2836226290585424, "log10_colsample_bytree": -0.9495840674086578, "log10_eta": -2.157391851866999, "log10_lambda": -2.7511159094802857, "log10_min_child_weight": 4.57195745473593, "log10_subsample": -0.36580964510969083, "max_depth": 6.0, "num_boost_round": 50.0}, "datetime": {"datetime": "2024-01-19 01:41:23", "elapsed": 5415.776679, "delta": 0.005625}}
{"target": -13.75853677948917, "params": {"gamma": 571.1758858416594, "log10_alpha": 0.3601436744100246, "log10_colsample_bytree": -0.7913593571633648, "log10_eta": -3.778296869323172, "log10_lambda": -1.4825755531126066, "log10_min_child_weight": 4.229095451024232, "log10_subsample": -0.017650338335196802, "max_depth": 7.0, "num_boost_round": 0.0}, "datetime": {"datetime": "2024-01-19 01:42:54", "elapsed": 5505.922982, "delta": 90.146303}}
{"target": -13.758535129498354, "params": {"gamma": 571.1758858416594, "log10_alpha": 0.3601436744100246, "log10_colsample_bytree": -0.7913593571633648, "log10_eta": -3.778296869323172, "log10_lambda": -1.4825755531126066, "log10_min_child_weight": 4.229095451024232, "log10_subsample": -0.017650338335196802, "max_depth": 7.0, "num_boost_round": 1.0}, "datetime": {"datetime": "2024-01-19 01:42:54", "elapsed": 5505.928854, "delta": 0.005872}}
{"target": -13.758534587506782, "params": {"gamma": 571.1758858416594, "log10_alpha": 0.3601436744100246, "log10_colsample_bytree": -0.7913593571633648, "log10_eta": -3.778296869323172, "log10_lambda": -1.4825755531126066, "log10_min_child_weight": 4.229095451024232, "log10_subsample": -0.017650338335196802, "max_depth": 7.0, "num_boost_round": 2.0}, "datetime": {"datetime": "2024-01-19 01:42:54", "elapsed": 5505.934458, "delta": 0.005604}}
{"target": -13.758533839662274, "params": {"gamma": 571.1758858416594, "log10_alpha": 0.3601436744100246, "log10_colsample_bytree": -0.7913593571633648, "log10_eta": -3.778296869323172, "log10_lambda": -1.4825755531126066, "log10_min_child_weight": 4.229095451024232, "log10_subsample": -0.017650338335196802, "max_depth": 7.0, "num_boost_round": 3.0}, "datetime": {"datetime": "2024-01-19 01:42:54", "elapsed": 5505.940137, "delta": 0.005679}}
{"target": -13.758532807450598, "params": {"gamma": 571.1758858416594, "log10_alpha": 0.3601436744100246, "log10_colsample_bytree": -0.7913593571633648, "log10_eta": -3.778296869323172, "log10_lambda": -1.4825755531126066, "log10_min_child_weight": 4.229095451024232, "log10_subsample": -0.017650338335196802, "max_depth": 7.0, "num_boost_round": 4.0}, "datetime": {"datetime": "2024-01-19 01:42:54", "elapsed": 5505.946089, "delta": 0.005952}}
{"target": -13.758531348033516, "params": {"gamma": 571.1758858416594, "log10_alpha": 0.3601436744100246, "log10_colsample_bytree": -0.7913593571633648, "log10_eta": -3.778296869323172, "log10_lambda": -1.4825755531126066, "log10_min_child_weight": 4.229095451024232, "log10_subsample": -0.017650338335196802, "max_depth": 7.0, "num_boost_round": 5.0}, "datetime": {"datetime": "2024-01-19 01:42:54", "elapsed": 5505.95201, "delta": 0.005921}}
{"target": -13.758533930118018, "params": {"gamma": 571.1758858416594, "log10_alpha": 0.3601436744100246, "log10_colsample_bytree": -0.7913593571633648, "log10_eta": -3.778296869323172, "log10_lambda": -1.4825755531126066, "log10_min_child_weight": 4.229095451024232, "log10_subsample": -0.017650338335196802, "max_depth": 7.0, "num_boost_round": 6.0}, "datetime": {"datetime": "2024-01-19 01:42:54", "elapsed": 5505.95773, "delta": 0.00572}}
{"target": -13.758530177937029, "params": {"gamma": 571.1758858416594, "log10_alpha": 0.3601436744100246, "log10_colsample_bytree": -0.7913593571633648, "log10_eta": -3.778296869323172, "log10_lambda": -1.4825755531126066, "log10_min_child_weight": 4.229095451024232, "log10_subsample": -0.017650338335196802, "max_depth": 7.0, "num_boost_round": 7.0}, "datetime": {"datetime": "2024-01-19 01:42:54", "elapsed": 5505.963333, "delta": 0.005603}}
{"target": -13.758528633373903, "params": {"gamma": 571.1758858416594, "log10_alpha": 0.3601436744100246, "log10_colsample_bytree": -0.7913593571633648, "log10_eta": -3.778296869323172, "log10_lambda": -1.4825755531126066, "log10_min_child_weight": 4.229095451024232, "log10_subsample": -0.017650338335196802, "max_depth": 7.0, "num_boost_round": 8.0}, "datetime": {"datetime": "2024-01-19 01:42:54", "elapsed": 5505.969001, "delta": 0.005668}}
{"target": -13.758527873554701, "params": {"gamma": 571.1758858416594, "log10_alpha": 0.3601436744100246, "log10_colsample_bytree": -0.7913593571633648, "log10_eta": -3.778296869323172, "log10_lambda": -1.4825755531126066, "log10_min_child_weight": 4.229095451024232, "log10_subsample": -0.017650338335196802, "max_depth": 7.0, "num_boost_round": 9.0}, "datetime": {"datetime": "2024-01-19 01:42:54", "elapsed": 5505.974513, "delta": 0.005512}}
{"target": -13.75852580327993, "params": {"gamma": 571.1758858416594, "log10_alpha": 0.3601436744100246, "log10_colsample_bytree": -0.7913593571633648, "log10_eta": -3.778296869323172, "log10_lambda": -1.4825755531126066, "log10_min_child_weight": 4.229095451024232, "log10_subsample": -0.017650338335196802, "max_depth": 7.0, "num_boost_round": 10.0}, "datetime": {"datetime": "2024-01-19 01:42:54", "elapsed": 5505.980056, "delta": 0.005543}}
{"target": -13.758525591515115, "params": {"gamma": 571.1758858416594, "log10_alpha": 0.3601436744100246, "log10_colsample_bytree": -0.7913593571633648, "log10_eta": -3.778296869323172, "log10_lambda": -1.4825755531126066, "log10_min_child_weight": 4.229095451024232, "log10_subsample": -0.017650338335196802, "max_depth": 7.0, "num_boost_round": 11.0}, "datetime": {"datetime": "2024-01-19 01:42:54", "elapsed": 5505.985817, "delta": 0.005761}}
{"target": -13.758523350395292, "params": {"gamma": 571.1758858416594, "log10_alpha": 0.3601436744100246, "log10_colsample_bytree": -0.7913593571633648, "log10_eta": -3.778296869323172, "log10_lambda": -1.4825755531126066, "log10_min_child_weight": 4.229095451024232, "log10_subsample": -0.017650338335196802, "max_depth": 7.0, "num_boost_round": 12.0}, "datetime": {"datetime": "2024-01-19 01:42:54", "elapsed": 5505.991658, "delta": 0.005841}}
{"target": -13.758522254305783, "params": {"gamma": 571.1758858416594, "log10_alpha": 0.3601436744100246, "log10_colsample_bytree": -0.7913593571633648, "log10_eta": -3.778296869323172, "log10_lambda": -1.4825755531126066, "log10_min_child_weight": 4.229095451024232, "log10_subsample": -0.017650338335196802, "max_depth": 7.0, "num_boost_round": 13.0}, "datetime": {"datetime": "2024-01-19 01:42:54", "elapsed": 5505.997109, "delta": 0.005451}}
{"target": -13.758519089374174, "params": {"gamma": 571.1758858416594, "log10_alpha": 0.3601436744100246, "log10_colsample_bytree": -0.7913593571633648, "log10_eta": -3.778296869323172, "log10_lambda": -1.4825755531126066, "log10_min_child_weight": 4.229095451024232, "log10_subsample": -0.017650338335196802, "max_depth": 7.0, "num_boost_round": 14.0}, "datetime": {"datetime": "2024-01-19 01:42:54", "elapsed": 5506.002553, "delta": 0.005444}}
{"target": -13.758514169208194, "params": {"gamma": 571.1758858416594, "log10_alpha": 0.3601436744100246, "log10_colsample_bytree": -0.7913593571633648, "log10_eta": -3.778296869323172, "log10_lambda": -1.4825755531126066, "log10_min_child_weight": 4.229095451024232, "log10_subsample": -0.017650338335196802, "max_depth": 7.0, "num_boost_round": 15.0}, "datetime": {"datetime": "2024-01-19 01:42:54", "elapsed": 5506.008123, "delta": 0.00557}}
{"target": -13.758513029878745, "params": {"gamma": 571.1758858416594, "log10_alpha": 0.3601436744100246, "log10_colsample_bytree": -0.7913593571633648, "log10_eta": -3.778296869323172, "log10_lambda": -1.4825755531126066, "log10_min_child_weight": 4.229095451024232, "log10_subsample": -0.017650338335196802, "max_depth": 7.0, "num_boost_round": 16.0}, "datetime": {"datetime": "2024-01-19 01:42:54", "elapsed": 5506.013621, "delta": 0.005498}}
{"target": -13.758510602456884, "params": {"gamma": 571.1758858416594, "log10_alpha": 0.3601436744100246, "log10_colsample_bytree": -0.7913593571633648, "log10_eta": -3.778296869323172, "log10_lambda": -1.4825755531126066, "log10_min_child_weight": 4.229095451024232, "log10_subsample": -0.017650338335196802, "max_depth": 7.0, "num_boost_round": 17.0}, "datetime": {"datetime": "2024-01-19 01:42:54", "elapsed": 5506.019441, "delta": 0.00582}}
{"target": -13.758510352605109, "params": {"gamma": 571.1758858416594, "log10_alpha": 0.3601436744100246, "log10_colsample_bytree": -0.7913593571633648, "log10_eta": -3.778296869323172, "log10_lambda": -1.4825755531126066, "log10_min_child_weight": 4.229095451024232, "log10_subsample": -0.017650338335196802, "max_depth": 7.0, "num_boost_round": 18.0}, "datetime": {"datetime": "2024-01-19 01:42:54", "elapsed": 5506.025381, "delta": 0.00594}}
{"target": -13.758508330482783, "params": {"gamma": 571.1758858416594, "log10_alpha": 0.3601436744100246, "log10_colsample_bytree": -0.7913593571633648, "log10_eta": -3.778296869323172, "log10_lambda": -1.4825755531126066, "log10_min_child_weight": 4.229095451024232, "log10_subsample": -0.017650338335196802, "max_depth": 7.0, "num_boost_round": 19.0}, "datetime": {"datetime": "2024-01-19 01:42:54", "elapsed": 5506.030923, "delta": 0.005542}}
{"target": -13.758508270028141, "params": {"gamma": 571.1758858416594, "log10_alpha": 0.3601436744100246, "log10_colsample_bytree": -0.7913593571633648, "log10_eta": -3.778296869323172, "log10_lambda": -1.4825755531126066, "log10_min_child_weight": 4.229095451024232, "log10_subsample": -0.017650338335196802, "max_depth": 7.0, "num_boost_round": 20.0}, "datetime": {"datetime": "2024-01-19 01:42:54", "elapsed": 5506.036362, "delta": 0.005439}}
{"target": -13.758506816305182, "params": {"gamma": 571.1758858416594, "log10_alpha": 0.3601436744100246, "log10_colsample_bytree": -0.7913593571633648, "log10_eta": -3.778296869323172, "log10_lambda": -1.4825755531126066, "log10_min_child_weight": 4.229095451024232, "log10_subsample": -0.017650338335196802, "max_depth": 7.0, "num_boost_round": 21.0}, "datetime": {"datetime": "2024-01-19 01:42:54", "elapsed": 5506.041836, "delta": 0.005474}}
{"target": -13.758504489127956, "params": {"gamma": 571.1758858416594, "log10_alpha": 0.3601436744100246, "log10_colsample_bytree": -0.7913593571633648, "log10_eta": -3.778296869323172, "log10_lambda": -1.4825755531126066, "log10_min_child_weight": 4.229095451024232, "log10_subsample": -0.017650338335196802, "max_depth": 7.0, "num_boost_round": 22.0}, "datetime": {"datetime": "2024-01-19 01:42:54", "elapsed": 5506.047678, "delta": 0.005842}}
{"target": -13.758503044511981, "params": {"gamma": 571.1758858416594, "log10_alpha": 0.3601436744100246, "log10_colsample_bytree": -0.7913593571633648, "log10_eta": -3.778296869323172, "log10_lambda": -1.4825755531126066, "log10_min_child_weight": 4.229095451024232, "log10_subsample": -0.017650338335196802, "max_depth": 7.0, "num_boost_round": 23.0}, "datetime": {"datetime": "2024-01-19 01:42:54", "elapsed": 5506.053439, "delta": 0.005761}}
{"target": -13.75850101235521, "params": {"gamma": 571.1758858416594, "log10_alpha": 0.3601436744100246, "log10_colsample_bytree": -0.7913593571633648, "log10_eta": -3.778296869323172, "log10_lambda": -1.4825755531126066, "log10_min_child_weight": 4.229095451024232, "log10_subsample": -0.017650338335196802, "max_depth": 7.0, "num_boost_round": 24.0}, "datetime": {"datetime": "2024-01-19 01:42:54", "elapsed": 5506.059167, "delta": 0.005728}}
{"target": -13.758500552231899, "params": {"gamma": 571.1758858416594, "log10_alpha": 0.3601436744100246, "log10_colsample_bytree": -0.7913593571633648, "log10_eta": -3.778296869323172, "log10_lambda": -1.4825755531126066, "log10_min_child_weight": 4.229095451024232, "log10_subsample": -0.017650338335196802, "max_depth": 7.0, "num_boost_round": 25.0}, "datetime": {"datetime": "2024-01-19 01:42:54", "elapsed": 5506.064744, "delta": 0.005577}}
{"target": -13.758500294081072, "params": {"gamma": 571.1758858416594, "log10_alpha": 0.3601436744100246, "log10_colsample_bytree": -0.7913593571633648, "log10_eta": -3.778296869323172, "log10_lambda": -1.4825755531126066, "log10_min_child_weight": 4.229095451024232, "log10_subsample": -0.017650338335196802, "max_depth": 7.0, "num_boost_round": 26.0}, "datetime": {"datetime": "2024-01-19 01:42:54", "elapsed": 5506.070348, "delta": 0.005604}}
{"target": -13.758497306119473, "params": {"gamma": 571.1758858416594, "log10_alpha": 0.3601436744100246, "log10_colsample_bytree": -0.7913593571633648, "log10_eta": -3.778296869323172, "log10_lambda": -1.4825755531126066, "log10_min_child_weight": 4.229095451024232, "log10_subsample": -0.017650338335196802, "max_depth": 7.0, "num_boost_round": 27.0}, "datetime": {"datetime": "2024-01-19 01:42:54", "elapsed": 5506.075803, "delta": 0.005455}}
{"target": -13.758496956338469, "params": {"gamma": 571.1758858416594, "log10_alpha": 0.3601436744100246, "log10_colsample_bytree": -0.7913593571633648, "log10_eta": -3.778296869323172, "log10_lambda": -1.4825755531126066, "log10_min_child_weight": 4.229095451024232, "log10_subsample": -0.017650338335196802, "max_depth": 7.0, "num_boost_round": 28.0}, "datetime": {"datetime": "2024-01-19 01:42:54", "elapsed": 5506.081232, "delta": 0.005429}}
{"target": -13.75849533139443, "params": {"gamma": 571.1758858416594, "log10_alpha": 0.3601436744100246, "log10_colsample_bytree": -0.7913593571633648, "log10_eta": -3.778296869323172, "log10_lambda": -1.4825755531126066, "log10_min_child_weight": 4.229095451024232, "log10_subsample": -0.017650338335196802, "max_depth": 7.0, "num_boost_round": 29.0}, "datetime": {"datetime": "2024-01-19 01:42:54", "elapsed": 5506.086952, "delta": 0.00572}}
{"target": -13.758493024470411, "params": {"gamma": 571.1758858416594, "log10_alpha": 0.3601436744100246, "log10_colsample_bytree": -0.7913593571633648, "log10_eta": -3.778296869323172, "log10_lambda": -1.4825755531126066, "log10_min_child_weight": 4.229095451024232, "log10_subsample": -0.017650338335196802, "max_depth": 7.0, "num_boost_round": 30.0}, "datetime": {"datetime": "2024-01-19 01:42:54", "elapsed": 5506.092973, "delta": 0.006021}}
{"target": -13.758489414421554, "params": {"gamma": 571.1758858416594, "log10_alpha": 0.3601436744100246, "log10_colsample_bytree": -0.7913593571633648, "log10_eta": -3.778296869323172, "log10_lambda": -1.4825755531126066, "log10_min_child_weight": 4.229095451024232, "log10_subsample": -0.017650338335196802, "max_depth": 7.0, "num_boost_round": 31.0}, "datetime": {"datetime": "2024-01-19 01:42:54", "elapsed": 5506.098767, "delta": 0.005794}}
{"target": -13.758489919552009, "params": {"gamma": 571.1758858416594, "log10_alpha": 0.3601436744100246, "log10_colsample_bytree": -0.7913593571633648, "log10_eta": -3.778296869323172, "log10_lambda": -1.4825755531126066, "log10_min_child_weight": 4.229095451024232, "log10_subsample": -0.017650338335196802, "max_depth": 7.0, "num_boost_round": 32.0}, "datetime": {"datetime": "2024-01-19 01:42:54", "elapsed": 5506.104445, "delta": 0.005678}}
{"target": -13.758486390277449, "params": {"gamma": 571.1758858416594, "log10_alpha": 0.3601436744100246, "log10_colsample_bytree": -0.7913593571633648, "log10_eta": -3.778296869323172, "log10_lambda": -1.4825755531126066, "log10_min_child_weight": 4.229095451024232, "log10_subsample": -0.017650338335196802, "max_depth": 7.0, "num_boost_round": 33.0}, "datetime": {"datetime": "2024-01-19 01:42:54", "elapsed": 5506.109963, "delta": 0.005518}}
{"target": -13.758484445738013, "params": {"gamma": 571.1758858416594, "log10_alpha": 0.3601436744100246, "log10_colsample_bytree": -0.7913593571633648, "log10_eta": -3.778296869323172, "log10_lambda": -1.4825755531126066, "log10_min_child_weight": 4.229095451024232, "log10_subsample": -0.017650338335196802, "max_depth": 7.0, "num_boost_round": 34.0}, "datetime": {"datetime": "2024-01-19 01:42:54", "elapsed": 5506.115395, "delta": 0.005432}}
{"target": -13.758483175034138, "params": {"gamma": 571.1758858416594, "log10_alpha": 0.3601436744100246, "log10_colsample_bytree": -0.7913593571633648, "log10_eta": -3.778296869323172, "log10_lambda": -1.4825755531126066, "log10_min_child_weight": 4.229095451024232, "log10_subsample": -0.017650338335196802, "max_depth": 7.0, "num_boost_round": 35.0}, "datetime": {"datetime": "2024-01-19 01:42:54", "elapsed": 5506.120925, "delta": 0.00553}}
{"target": -13.758480970774894, "params": {"gamma": 571.1758858416594, "log10_alpha": 0.3601436744100246, "log10_colsample_bytree": -0.7913593571633648, "log10_eta": -3.778296869323172, "log10_lambda": -1.4825755531126066, "log10_min_child_weight": 4.229095451024232, "log10_subsample": -0.017650338335196802, "max_depth": 7.0, "num_boost_round": 36.0}, "datetime": {"datetime": "2024-01-19 01:42:54", "elapsed": 5506.126667, "delta": 0.005742}}
{"target": -13.758478571188075, "params": {"gamma": 571.1758858416594, "log10_alpha": 0.3601436744100246, "log10_colsample_bytree": -0.7913593571633648, "log10_eta": -3.778296869323172, "log10_lambda": -1.4825755531126066, "log10_min_child_weight": 4.229095451024232, "log10_subsample": -0.017650338335196802, "max_depth": 7.0, "num_boost_round": 37.0}, "datetime": {"datetime": "2024-01-19 01:42:54", "elapsed": 5506.132246, "delta": 0.005579}}
{"target": -13.758478210854316, "params": {"gamma": 571.1758858416594, "log10_alpha": 0.3601436744100246, "log10_colsample_bytree": -0.7913593571633648, "log10_eta": -3.778296869323172, "log10_lambda": -1.4825755531126066, "log10_min_child_weight": 4.229095451024232, "log10_subsample": -0.017650338335196802, "max_depth": 7.0, "num_boost_round": 38.0}, "datetime": {"datetime": "2024-01-19 01:42:54", "elapsed": 5506.137888, "delta": 0.005642}}
{"target": -13.758479041468796, "params": {"gamma": 571.1758858416594, "log10_alpha": 0.3601436744100246, "log10_colsample_bytree": -0.7913593571633648, "log10_eta": -3.778296869323172, "log10_lambda": -1.4825755531126066, "log10_min_child_weight": 4.229095451024232, "log10_subsample": -0.017650338335196802, "max_depth": 7.0, "num_boost_round": 39.0}, "datetime": {"datetime": "2024-01-19 01:42:54", "elapsed": 5506.143558, "delta": 0.00567}}
{"target": -13.75848051640789, "params": {"gamma": 571.1758858416594, "log10_alpha": 0.3601436744100246, "log10_colsample_bytree": -0.7913593571633648, "log10_eta": -3.778296869323172, "log10_lambda": -1.4825755531126066, "log10_min_child_weight": 4.229095451024232, "log10_subsample": -0.017650338335196802, "max_depth": 7.0, "num_boost_round": 40.0}, "datetime": {"datetime": "2024-01-19 01:42:54", "elapsed": 5506.149085, "delta": 0.005527}}
{"target": -13.758482519696186, "params": {"gamma": 571.1758858416594, "log10_alpha": 0.3601436744100246, "log10_colsample_bytree": -0.7913593571633648, "log10_eta": -3.778296869323172, "log10_lambda": -1.4825755531126066, "log10_min_child_weight": 4.229095451024232, "log10_subsample": -0.017650338335196802, "max_depth": 7.0, "num_boost_round": 41.0}, "datetime": {"datetime": "2024-01-19 01:42:54", "elapsed": 5506.154887, "delta": 0.005802}}
{"target": -13.758482026669096, "params": {"gamma": 571.1758858416594, "log10_alpha": 0.3601436744100246, "log10_colsample_bytree": -0.7913593571633648, "log10_eta": -3.778296869323172, "log10_lambda": -1.4825755531126066, "log10_min_child_weight": 4.229095451024232, "log10_subsample": -0.017650338335196802, "max_depth": 7.0, "num_boost_round": 42.0}, "datetime": {"datetime": "2024-01-19 01:42:54", "elapsed": 5506.160551, "delta": 0.005664}}
