{"target": -17.67416357286151, "params": {"gamma": 453.5911774816804, "log10_alpha": 0.7351192667935864, "log10_colsample_bytree": -0.8146438077609908, "log10_eta": -2.1231228682258436, "log10_lambda": 0.656791045770678, "log10_min_child_weight": 1.9087858718230133, "log10_subsample": -0.47019893569055515, "max_depth": 5.0, "num_boost_round": 16.0}, "datetime": {"datetime": "2024-01-19 03:38:12", "elapsed": 12396.871822, "delta": 0.006034}}
{"target": -17.67390514388724, "params": {"gamma": 453.5911774816804, "log10_alpha": 0.7351192667935864, "log10_colsample_bytree": -0.8146438077609908, "log10_eta": -2.1231228682258436, "log10_lambda": 0.656791045770678, "log10_min_child_weight": 1.9087858718230133, "log10_subsample": -0.47019893569055515, "max_depth": 5.0, "num_boost_round": 17.0}, "datetime": {"datetime": "2024-01-19 03:38:12", "elapsed": 12396.877841, "delta": 0.006019}}
{"target": -17.6738574652491, "params": {"gamma": 453.5911774816804, "log10_alpha": 0.7351192667935864, "log10_colsample_bytree": -0.8146438077609908, "log10_eta": -2.1231228682258436, "log10_lambda": 0.656791045770678, "log10_min_child_weight": 1.9087858718230133, "log10_subsample": -0.47019893569055515, "max_depth": 5.0, "num_boost_round": 18.0}, "datetime": {"datetime": "2024-01-19 03:38:12", "elapsed": 12396.883859, "delta": 0.006018}}
{"target": -17.67404609094623, "params": {"gamma": 453.5911774816804, "log10_alpha": 0.7351192667935864, "log10_colsample_bytree": -0.8146438077609908, "log10_eta": -2.1231228682258436, "log10_lambda": 0.656791045770678, "log10_min_child_weight": 1.9087858718230133, "log10_subsample": -0.47019893569055515, "max_depth": 5.0, "num_boost_round": 19.0}, "datetime": {"datetime": "2024-01-19 03:38:12", "elapsed": 12396.889885, "delta": 0.006026}}
{"target": -17.67383695503659, "params": {"gamma": 453.5911774816804, "log10_alpha": 0.7351192667935864, "log10_colsample_bytree": -0.8146438077609908, "log10_eta": -2.1231228682258436, "log10_lambda": 0.656791045770678, "log10_min_child_weight": 1.9087858718230133, "log10_subsample": -0.47019893569055515, "max_depth": 5.0, "num_boost_round": 20.0}, "datetime": {"datetime": "2024-01-19 03:38:12", "elapsed": 12396.895887, "delta": 0.006002}}
{"target": -17.673584024817785, "params": {"gamma": 453.5911774816804, "log10_alpha": 0.7351192667935864, "log10_colsample_bytree": -0.8146438077609908, "log10_eta": -2.1231228682258436, "log10_lambda": 0.656791045770678, "log10_min_child_weight": 1.9087858718230133, "log10_subsample": -0.47019893569055515, "max_depth": 5.0, "num_boost_round": 21.0}, "datetime": {"datetime": "2024-01-19 03:38:12", "elapsed": 12396.901946, "delta": 0.006059}}
{"target": -17.67339116181886, "params": {"gamma": 453.5911774816804, "log10_alpha": 0.7351192667935864, "log10_colsample_bytree": -0.8146438077609908, "log10_eta": -2.1231228682258436, "log10_lambda": 0.656791045770678, "log10_min_child_weight": 1.9087858718230133, "log10_subsample": -0.47019893569055515, "max_depth": 5.0, "num_boost_round": 22.0}, "datetime": {"datetime": "2024-01-19 03:38:12", "elapsed": 12396.907977, "delta": 0.006031}}
{"target": -17.67294203947892, "params": {"gamma": 453.5911774816804, "log10_alpha": 0.7351192667935864, "log10_colsample_bytree": -0.8146438077609908, "log10_eta": -2.1231228682258436, "log10_lambda": 0.656791045770678, "log10_min_child_weight": 1.9087858718230133, "log10_subsample": -0.47019893569055515, "max_depth": 5.0, "num_boost_round": 23.0}, "datetime": {"datetime": "2024-01-19 03:38:12", "elapsed": 12396.914012, "delta": 0.006035}}
{"target": -17.67287966876412, "params": {"gamma": 453.5911774816804, "log10_alpha": 0.7351192667935864, "log10_colsample_bytree": -0.8146438077609908, "log10_eta": -2.1231228682258436, "log10_lambda": 0.656791045770678, "log10_min_child_weight": 1.9087858718230133, "log10_subsample": -0.47019893569055515, "max_depth": 5.0, "num_boost_round": 24.0}, "datetime": {"datetime": "2024-01-19 03:38:12", "elapsed": 12396.920015, "delta": 0.006003}}
{"target": -17.672637251956253, "params": {"gamma": 453.5911774816804, "log10_alpha": 0.7351192667935864, "log10_colsample_bytree": -0.8146438077609908, "log10_eta": -2.1231228682258436, "log10_lambda": 0.656791045770678, "log10_min_child_weight": 1.9087858718230133, "log10_subsample": -0.47019893569055515, "max_depth": 5.0, "num_boost_round": 25.0}, "datetime": {"datetime": "2024-01-19 03:38:12", "elapsed": 12396.9267, "delta": 0.006685}}
{"target": -17.67265800898206, "params": {"gamma": 453.5911774816804, "log10_alpha": 0.7351192667935864, "log10_colsample_bytree": -0.8146438077609908, "log10_eta": -2.1231228682258436, "log10_lambda": 0.656791045770678, "log10_min_child_weight": 1.9087858718230133, "log10_subsample": -0.47019893569055515, "max_depth": 5.0, "num_boost_round": 26.0}, "datetime": {"datetime": "2024-01-19 03:38:12", "elapsed": 12396.933202, "delta": 0.006502}}
{"target": -17.67231700388151, "params": {"gamma": 453.5911774816804, "log10_alpha": 0.7351192667935864, "log10_colsample_bytree": -0.8146438077609908, "log10_eta": -2.1231228682258436, "log10_lambda": 0.656791045770678, "log10_min_child_weight": 1.9087858718230133, "log10_subsample": -0.47019893569055515, "max_depth": 5.0, "num_boost_round": 27.0}, "datetime": {"datetime": "2024-01-19 03:38:12", "elapsed": 12396.93945, "delta": 0.006248}}
{"target": -17.67199142513083, "params": {"gamma": 453.5911774816804, "log10_alpha": 0.7351192667935864, "log10_colsample_bytree": -0.8146438077609908, "log10_eta": -2.1231228682258436, "log10_lambda": 0.656791045770678, "log10_min_child_weight": 1.9087858718230133, "log10_subsample": -0.47019893569055515, "max_depth": 5.0, "num_boost_round": 28.0}, "datetime": {"datetime": "2024-01-19 03:38:12", "elapsed": 12396.945525, "delta": 0.006075}}
{"target": -17.671492752274336, "params": {"gamma": 453.5911774816804, "log10_alpha": 0.7351192667935864, "log10_colsample_bytree": -0.8146438077609908, "log10_eta": -2.1231228682258436, "log10_lambda": 0.656791045770678, "log10_min_child_weight": 1.9087858718230133, "log10_subsample": -0.47019893569055515, "max_depth": 5.0, "num_boost_round": 29.0}, "datetime": {"datetime": "2024-01-19 03:38:12", "elapsed": 12396.951614, "delta": 0.006089}}
{"target": -17.67136815365502, "params": {"gamma": 453.5911774816804, "log10_alpha": 0.7351192667935864, "log10_colsample_bytree": -0.8146438077609908, "log10_eta": -2.1231228682258436, "log10_lambda": 0.656791045770678, "log10_min_child_weight": 1.9087858718230133, "log10_subsample": -0.47019893569055515, "max_depth": 5.0, "num_boost_round": 30.0}, "datetime": {"datetime": "2024-01-19 03:38:12", "elapsed": 12396.961017, "delta": 0.009403}}
{"target": -17.671255593268945, "params": {"gamma": 453.5911774816804, "log10_alpha": 0.7351192667935864, "log10_colsample_bytree": -0.8146438077609908, "log10_eta": -2.1231228682258436, "log10_lambda": 0.656791045770678, "log10_min_child_weight": 1.9087858718230133, "log10_subsample": -0.47019893569055515, "max_depth": 5.0, "num_boost_round": 31.0}, "datetime": {"datetime": "2024-01-19 03:38:12", "elapsed": 12396.967252, "delta": 0.006235}}
{"target": -17.67121432746005, "params": {"gamma": 453.5911774816804, "log10_alpha": 0.7351192667935864, "log10_colsample_bytree": -0.8146438077609908, "log10_eta": -2.1231228682258436, "log10_lambda": 0.656791045770678, "log10_min_child_weight": 1.9087858718230133, "log10_subsample": -0.47019893569055515, "max_depth": 5.0, "num_boost_round": 32.0}, "datetime": {"datetime": "2024-01-19 03:38:12", "elapsed": 12396.973475, "delta": 0.006223}}
{"target": -17.671005846714934, "params": {"gamma": 453.5911774816804, "log10_alpha": 0.7351192667935864, "log10_colsample_bytree": -0.8146438077609908, "log10_eta": -2.1231228682258436, "log10_lambda": 0.656791045770678, "log10_min_child_weight": 1.9087858718230133, "log10_subsample": -0.47019893569055515, "max_depth": 5.0, "num_boost_round": 33.0}, "datetime": {"datetime": "2024-01-19 03:38:12", "elapsed": 12396.979789, "delta": 0.006314}}
{"target": -17.670642828342206, "params": {"gamma": 453.5911774816804, "log10_alpha": 0.7351192667935864, "log10_colsample_bytree": -0.8146438077609908, "log10_eta": -2.1231228682258436, "log10_lambda": 0.656791045770678, "log10_min_child_weight": 1.9087858718230133, "log10_subsample": -0.47019893569055515, "max_depth": 5.0, "num_boost_round": 34.0}, "datetime": {"datetime": "2024-01-19 03:38:12", "elapsed": 12396.985893, "delta": 0.006104}}
{"target": -17.670755009263228, "params": {"gamma": 453.5911774816804, "log10_alpha": 0.7351192667935864, "log10_colsample_bytree": -0.8146438077609908, "log10_eta": -2.1231228682258436, "log10_lambda": 0.656791045770678, "log10_min_child_weight": 1.9087858718230133, "log10_subsample": -0.47019893569055515, "max_depth": 5.0, "num_boost_round": 35.0}, "datetime": {"datetime": "2024-01-19 03:38:12", "elapsed": 12396.991884, "delta": 0.005991}}
{"target": -17.670640714790878, "params": {"gamma": 453.5911774816804, "log10_alpha": 0.7351192667935864, "log10_colsample_bytree": -0.8146438077609908, "log10_eta": -2.1231228682258436, "log10_lambda": 0.656791045770678, "log10_min_child_weight": 1.9087858718230133, "log10_subsample": -0.47019893569055515, "max_depth": 5.0, "num_boost_round": 36.0}, "datetime": {"datetime": "2024-01-19 03:38:12", "elapsed": 12396.997917, "delta": 0.006033}}
{"target": -17.670685974888762, "params": {"gamma": 453.5911774816804, "log10_alpha": 0.7351192667935864, "log10_colsample_bytree": -0.8146438077609908, "log10_eta": -2.1231228682258436, "log10_lambda": 0.656791045770678, "log10_min_child_weight": 1.9087858718230133, "log10_subsample": -0.47019893569055515, "max_depth": 5.0, "num_boost_round": 37.0}, "datetime": {"datetime": "2024-01-19 03:38:12", "elapsed": 12397.003922, "delta": 0.006005}}
{"target": -17.67044587428074, "params": {"gamma": 453.5911774816804, "log10_alpha": 0.7351192667935864, "log10_colsample_bytree": -0.8146438077609908, "log10_eta": -2.1231228682258436, "log10_lambda": 0.656791045770678, "log10_min_child_weight": 1.9087858718230133, "log10_subsample": -0.47019893569055515, "max_depth": 5.0, "num_boost_round": 38.0}, "datetime": {"datetime": "2024-01-19 03:38:12", "elapsed": 12397.01002, "delta": 0.006098}}
{"target": -17.670526131434777, "params": {"gamma": 453.5911774816804, "log10_alpha": 0.7351192667935864, "log10_colsample_bytree": -0.8146438077609908, "log10_eta": -2.1231228682258436, "log10_lambda": 0.656791045770678, "log10_min_child_weight": 1.9087858718230133, "log10_subsample": -0.47019893569055515, "max_depth": 5.0, "num_boost_round": 39.0}, "datetime": {"datetime": "2024-01-19 03:38:12", "elapsed": 12397.01607, "delta": 0.00605}}
{"target": -17.670686151165373, "params": {"gamma": 453.5911774816804, "log10_alpha": 0.7351192667935864, "log10_colsample_bytree": -0.8146438077609908, "log10_eta": -2.1231228682258436, "log10_lambda": 0.656791045770678, "log10_min_child_weight": 1.9087858718230133, "log10_subsample": -0.47019893569055515, "max_depth": 5.0, "num_boost_round": 40.0}, "datetime": {"datetime": "2024-01-19 03:38:12", "elapsed": 12397.022086, "delta": 0.006016}}
{"target": -17.670786969431482, "params": {"gamma": 453.5911774816804, "log10_alpha": 0.7351192667935864, "log10_colsample_bytree": -0.8146438077609908, "log10_eta": -2.1231228682258436, "log10_lambda": 0.656791045770678, "log10_min_child_weight": 1.9087858718230133, "log10_subsample": -0.47019893569055515, "max_depth": 5.0, "num_boost_round": 41.0}, "datetime": {"datetime": "2024-01-19 03:38:12", "elapsed": 12397.028087, "delta": 0.006001}}
{"target": -17.670392892271444, "params": {"gamma": 453.5911774816804, "log10_alpha": 0.7351192667935864, "log10_colsample_bytree": -0.8146438077609908, "log10_eta": -2.1231228682258436, "log10_lambda": 0.656791045770678, "log10_min_child_weight": 1.9087858718230133, "log10_subsample": -0.47019893569055515, "max_depth": 5.0, "num_boost_round": 42.0}, "datetime": {"datetime": "2024-01-19 03:38:12", "elapsed": 12397.0341, "delta": 0.006013}}
{"target": -17.670366207956263, "params": {"gamma": 453.5911774816804, "log10_alpha": 0.7351192667935864, "log10_colsample_bytree": -0.8146438077609908, "log10_eta": -2.1231228682258436, "log10_lambda": 0.656791045770678, "log10_min_child_weight": 1.9087858718230133, "log10_subsample": -0.47019893569055515, "max_depth": 5.0, "num_boost_round": 43.0}, "datetime": {"datetime": "2024-01-19 03:38:12", "elapsed": 12397.040094, "delta": 0.005994}}
{"target": -17.670269445171925, "params": {"gamma": 453.5911774816804, "log10_alpha": 0.7351192667935864, "log10_colsample_bytree": -0.8146438077609908, "log10_eta": -2.1231228682258436, "log10_lambda": 0.656791045770678, "log10_min_child_weight": 1.9087858718230133, "log10_subsample": -0.47019893569055515, "max_depth": 5.0, "num_boost_round": 44.0}, "datetime": {"datetime": "2024-01-19 03:38:12", "elapsed": 12397.046128, "delta": 0.006034}}
{"target": -17.6702034019096, "params": {"gamma": 453.5911774816804, "log10_alpha": 0.7351192667935864, "log10_colsample_bytree": -0.8146438077609908, "log10_eta": -2.1231228682258436, "log10_lambda": 0.656791045770678, "log10_min_child_weight": 1.9087858718230133, "log10_subsample": -0.47019893569055515, "max_depth": 5.0, "num_boost_round": 45.0}, "datetime": {"datetime": "2024-01-19 03:38:12", "elapsed": 12397.052158, "delta": 0.00603}}
{"target": -17.670290893207923, "params": {"gamma": 453.5911774816804, "log10_alpha": 0.7351192667935864, "log10_colsample_bytree": -0.8146438077609908, "log10_eta": -2.1231228682258436, "log10_lambda": 0.656791045770678, "log10_min_child_weight": 1.9087858718230133, "log10_subsample": -0.47019893569055515, "max_depth": 5.0, "num_boost_round": 46.0}, "datetime": {"datetime": "2024-01-19 03:38:12", "elapsed": 12397.058163, "delta": 0.006005}}
{"target": -17.669891564443148, "params": {"gamma": 453.5911774816804, "log10_alpha": 0.7351192667935864, "log10_colsample_bytree": -0.8146438077609908, "log10_eta": -2.1231228682258436, "log10_lambda": 0.656791045770678, "log10_min_child_weight": 1.9087858718230133, "log10_subsample": -0.47019893569055515, "max_depth": 5.0, "num_boost_round": 47.0}, "datetime": {"datetime": "2024-01-19 03:38:12", "elapsed": 12397.064165, "delta": 0.006002}}
{"target": -17.669822343759332, "params": {"gamma": 453.5911774816804, "log10_alpha": 0.7351192667935864, "log10_colsample_bytree": -0.8146438077609908, "log10_eta": -2.1231228682258436, "log10_lambda": 0.656791045770678, "log10_min_child_weight": 1.9087858718230133, "log10_subsample": -0.47019893569055515, "max_depth": 5.0, "num_boost_round": 48.0}, "datetime": {"datetime": "2024-01-19 03:38:12", "elapsed": 12397.070205, "delta": 0.00604}}
{"target": -17.67000340301954, "params": {"gamma": 453.5911774816804, "log10_alpha": 0.7351192667935864, "log10_colsample_bytree": -0.8146438077609908, "log10_eta": -2.1231228682258436, "log10_lambda": 0.656791045770678, "log10_min_child_weight": 1.9087858718230133, "log10_subsample": -0.47019893569055515, "max_depth": 5.0, "num_boost_round": 49.0}, "datetime": {"datetime": "2024-01-19 03:38:12", "elapsed": 12397.07627, "delta": 0.006065}}
{"target": -17.670184056366377, "params": {"gamma": 453.5911774816804, "log10_alpha": 0.7351192667935864, "log10_colsample_bytree": -0.8146438077609908, "log10_eta": -2.1231228682258436, "log10_lambda": 0.656791045770678, "log10_min_child_weight": 1.9087858718230133, "log10_subsample": -0.47019893569055515, "max_depth": 5.0, "num_boost_round": 50.0}, "datetime": {"datetime": "2024-01-19 03:38:12", "elapsed": 12397.082306, "delta": 0.006036}}
{"target": -17.670171153851832, "params": {"gamma": 453.5911774816804, "log10_alpha": 0.7351192667935864, "log10_colsample_bytree": -0.8146438077609908, "log10_eta": -2.1231228682258436, "log10_lambda": 0.656791045770678, "log10_min_child_weight": 1.9087858718230133, "log10_subsample": -0.47019893569055515, "max_depth": 5.0, "num_boost_round": 51.0}, "datetime": {"datetime": "2024-01-19 03:38:12", "elapsed": 12397.088356, "delta": 0.00605}}
{"target": -17.670244315995998, "params": {"gamma": 453.5911774816804, "log10_alpha": 0.7351192667935864, "log10_colsample_bytree": -0.8146438077609908, "log10_eta": -2.1231228682258436, "log10_lambda": 0.656791045770678, "log10_min_child_weight": 1.9087858718230133, "log10_subsample": -0.47019893569055515, "max_depth": 5.0, "num_boost_round": 52.0}, "datetime": {"datetime": "2024-01-19 03:38:12", "elapsed": 12397.094405, "delta": 0.006049}}
{"target": -17.669880660295973, "params": {"gamma": 453.5911774816804, "log10_alpha": 0.7351192667935864, "log10_colsample_bytree": -0.8146438077609908, "log10_eta": -2.1231228682258436, "log10_lambda": 0.656791045770678, "log10_min_child_weight": 1.9087858718230133, "log10_subsample": -0.47019893569055515, "max_depth": 5.0, "num_boost_round": 53.0}, "datetime": {"datetime": "2024-01-19 03:38:12", "elapsed": 12397.100433, "delta": 0.006028}}
{"target": -17.67014179710891, "params": {"gamma": 453.5911774816804, "log10_alpha": 0.7351192667935864, "log10_colsample_bytree": -0.8146438077609908, "log10_eta": -2.1231228682258436, "log10_lambda": 0.656791045770678, "log10_min_child_weight": 1.9087858718230133, "log10_subsample": -0.47019893569055515, "max_depth": 5.0, "num_boost_round": 54.0}, "datetime": {"datetime": "2024-01-19 03:38:12", "elapsed": 12397.106455, "delta": 0.006022}}
{"target": -17.670304019044163, "params": {"gamma": 453.5911774816804, "log10_alpha": 0.7351192667935864, "log10_colsample_bytree": -0.8146438077609908, "log10_eta": -2.1231228682258436, "log10_lambda": 0.656791045770678, "log10_min_child_weight": 1.9087858718230133, "log10_subsample": -0.47019893569055515, "max_depth": 5.0, "num_boost_round": 55.0}, "datetime": {"datetime": "2024-01-19 03:38:12", "elapsed": 12397.113429, "delta": 0.006974}}
{"target": -17.67041226107074, "params": {"gamma": 453.5911774816804, "log10_alpha": 0.7351192667935864, "log10_colsample_bytree": -0.8146438077609908, "log10_eta": -2.1231228682258436, "log10_lambda": 0.656791045770678, "log10_min_child_weight": 1.9087858718230133, "log10_subsample": -0.47019893569055515, "max_depth": 5.0, "num_boost_round": 56.0}, "datetime": {"datetime": "2024-01-19 03:38:12", "elapsed": 12397.119577, "delta": 0.006148}}
{"target": -17.670423272521035, "params": {"gamma": 453.5911774816804, "log10_alpha": 0.7351192667935864, "log10_colsample_bytree": -0.8146438077609908, "log10_eta": -2.1231228682258436, "log10_lambda": 0.656791045770678, "log10_min_child_weight": 1.9087858718230133, "log10_subsample": -0.47019893569055515, "max_depth": 5.0, "num_boost_round": 57.0}, "datetime": {"datetime": "2024-01-19 03:38:12", "elapsed": 12397.125754, "delta": 0.006177}}
{"target": -17.670293182073646, "params": {"gamma": 453.5911774816804, "log10_alpha": 0.7351192667935864, "log10_colsample_bytree": -0.8146438077609908, "log10_eta": -2.1231228682258436, "log10_lambda": 0.656791045770678, "log10_min_child_weight": 1.9087858718230133, "log10_subsample": -0.47019893569055515, "max_depth": 5.0, "num_boost_round": 58.0}, "datetime": {"datetime": "2024-01-19 03:38:12", "elapsed": 12397.131802, "delta": 0.006048}}
{"target": -17.670057516750607, "params": {"gamma": 453.5911774816804, "log10_alpha": 0.7351192667935864, "log10_colsample_bytree": -0.8146438077609908, "log10_eta": -2.1231228682258436, "log10_lambda": 0.656791045770678, "log10_min_child_weight": 1.9087858718230133, "log10_subsample": -0.47019893569055515, "max_depth": 5.0, "num_boost_round": 59.0}, "datetime": {"datetime": "2024-01-19 03:38:12", "elapsed": 12397.137832, "delta": 0.00603}}
{"target": -17.67023324810726, "params": {"gamma": 453.5911774816804, "log10_alpha": 0.7351192667935864, "log10_colsample_bytree": -0.8146438077609908, "log10_eta": -2.1231228682258436, "log10_lambda": 0.656791045770678, "log10_min_child_weight": 1.9087858718230133, "log10_subsample": -0.47019893569055515, "max_depth": 5.0, "num_boost_round": 60.0}, "datetime": {"datetime": "2024-01-19 03:38:12", "elapsed": 12397.143875, "delta": 0.006043}}
{"target": -17.670355708934736, "params": {"gamma": 453.5911774816804, "log10_alpha": 0.7351192667935864, "log10_colsample_bytree": -0.8146438077609908, "log10_eta": -2.1231228682258436, "log10_lambda": 0.656791045770678, "log10_min_child_weight": 1.9087858718230133, "log10_subsample": -0.47019893569055515, "max_depth": 5.0, "num_boost_round": 61.0}, "datetime": {"datetime": "2024-01-19 03:38:12", "elapsed": 12397.150002, "delta": 0.006127}}
{"target": -17.670245091859524, "params": {"gamma": 453.5911774816804, "log10_alpha": 0.7351192667935864, "log10_colsample_bytree": -0.8146438077609908, "log10_eta": -2.1231228682258436, "log10_lambda": 0.656791045770678, "log10_min_child_weight": 1.9087858718230133, "log10_subsample": -0.47019893569055515, "max_depth": 5.0, "num_boost_round": 62.0}, "datetime": {"datetime": "2024-01-19 03:38:12", "elapsed": 12397.156045, "delta": 0.006043}}
{"target": -17.669931516248894, "params": {"gamma": 453.5911774816804, "log10_alpha": 0.7351192667935864, "log10_colsample_bytree": -0.8146438077609908, "log10_eta": -2.1231228682258436, "log10_lambda": 0.656791045770678, "log10_min_child_weight": 1.9087858718230133, "log10_subsample": -0.47019893569055515, "max_depth": 5.0, "num_boost_round": 63.0}, "datetime": {"datetime": "2024-01-19 03:38:12", "elapsed": 12397.162094, "delta": 0.006049}}
{"target": -17.669754335348372, "params": {"gamma": 453.5911774816804, "log10_alpha": 0.7351192667935864, "log10_colsample_bytree": -0.8146438077609908, "log10_eta": -2.1231228682258436, "log10_lambda": 0.656791045770678, "log10_min_child_weight": 1.9087858718230133, "log10_subsample": -0.47019893569055515, "max_depth": 5.0, "num_boost_round": 64.0}, "datetime": {"datetime": "2024-01-19 03:38:12", "elapsed": 12397.16815, "delta": 0.006056}}
