{"target": -13.758512760658983, "params": {"gamma": 559.8458069573975, "log10_alpha": -3.917521017086293, "log10_colsample_bytree": -0.40854829895396827, "log10_eta": -3.745149191768889, "log10_lambda": -4.923295685087415, "log10_min_child_weight": 1.6358333181107687, "log10_subsample": -0.8880282053227208, "max_depth": 4.0, "num_boost_round": 5.0}, "datetime": {"datetime": "2024-01-19 00:16:36", "elapsed": 328.512518, "delta": 0.000954}}
{"target": -13.758505266432119, "params": {"gamma": 559.8458069573975, "log10_alpha": -3.917521017086293, "log10_colsample_bytree": -0.40854829895396827, "log10_eta": -3.745149191768889, "log10_lambda": -4.923295685087415, "log10_min_child_weight": 1.6358333181107687, "log10_subsample": -0.8880282053227208, "max_depth": 4.0, "num_boost_round": 6.0}, "datetime": {"datetime": "2024-01-19 00:16:36", "elapsed": 328.513036, "delta": 0.000518}}
{"target": -13.758504706083789, "params": {"gamma": 559.8458069573975, "log10_alpha": -3.917521017086293, "log10_colsample_bytree": -0.40854829895396827, "log10_eta": -3.745149191768889, "log10_lambda": -4.923295685087415, "log10_min_child_weight": 1.6358333181107687, "log10_subsample": -0.8880282053227208, "max_depth": 4.0, "num_boost_round": 7.0}, "datetime": {"datetime": "2024-01-19 00:16:36", "elapsed": 328.513539, "delta": 0.000503}}
{"target": -13.758498861043712, "params": {"gamma": 559.8458069573975, "log10_alpha": -3.917521017086293, "log10_colsample_bytree": -0.40854829895396827, "log10_eta": -3.745149191768889, "log10_lambda": -4.923295685087415, "log10_min_child_weight": 1.6358333181107687, "log10_subsample": -0.8880282053227208, "max_depth": 4.0, "num_boost_round": 8.0}, "datetime": {"datetime": "2024-01-19 00:16:36", "elapsed": 328.514039, "delta": 0.0005}}
{"target": -13.758494658922451, "params": {"gamma": 559.8458069573975, "log10_alpha": -3.917521017086293, "log10_colsample_bytree": -0.40854829895396827, "log10_eta": -3.745149191768889, "log10_lambda": -4.923295685087415, "log10_min_child_weight": 1.6358333181107687, "log10_subsample": -0.8880282053227208, "max_depth": 4.0, "num_boost_round": 9.0}, "datetime": {"datetime": "2024-01-19 00:16:36", "elapsed": 328.514656, "delta": 0.000617}}
{"target": -13.758481085023012, "params": {"gamma": 559.8458069573975, "log10_alpha": -3.917521017086293, "log10_colsample_bytree": -0.40854829895396827, "log10_eta": -3.745149191768889, "log10_lambda": -4.923295685087415, "log10_min_child_weight": 1.6358333181107687, "log10_subsample": -0.8880282053227208, "max_depth": 4.0, "num_boost_round": 10.0}, "datetime": {"datetime": "2024-01-19 00:16:36", "elapsed": 328.515165, "delta": 0.000509}}
{"target": -13.758478340940991, "params": {"gamma": 559.8458069573975, "log10_alpha": -3.917521017086293, "log10_colsample_bytree": -0.40854829895396827, "log10_eta": -3.745149191768889, "log10_lambda": -4.923295685087415, "log10_min_child_weight": 1.6358333181107687, "log10_subsample": -0.8880282053227208, "max_depth": 4.0, "num_boost_round": 11.0}, "datetime": {"datetime": "2024-01-19 00:16:36", "elapsed": 328.515669, "delta": 0.000504}}
{"target": -13.758476115730499, "params": {"gamma": 559.8458069573975, "log10_alpha": -3.917521017086293, "log10_colsample_bytree": -0.40854829895396827, "log10_eta": -3.745149191768889, "log10_lambda": -4.923295685087415, "log10_min_child_weight": 1.6358333181107687, "log10_subsample": -0.8880282053227208, "max_depth": 4.0, "num_boost_round": 12.0}, "datetime": {"datetime": "2024-01-19 00:16:36", "elapsed": 328.516179, "delta": 0.00051}}
{"target": -13.758471915754162, "params": {"gamma": 559.8458069573975, "log10_alpha": -3.917521017086293, "log10_colsample_bytree": -0.40854829895396827, "log10_eta": -3.745149191768889, "log10_lambda": -4.923295685087415, "log10_min_child_weight": 1.6358333181107687, "log10_subsample": -0.8880282053227208, "max_depth": 4.0, "num_boost_round": 13.0}, "datetime": {"datetime": "2024-01-19 00:16:36", "elapsed": 328.516681, "delta": 0.000502}}
{"target": -13.758469577355891, "params": {"gamma": 559.8458069573975, "log10_alpha": -3.917521017086293, "log10_colsample_bytree": -0.40854829895396827, "log10_eta": -3.745149191768889, "log10_lambda": -4.923295685087415, "log10_min_child_weight": 1.6358333181107687, "log10_subsample": -0.8880282053227208, "max_depth": 4.0, "num_boost_round": 14.0}, "datetime": {"datetime": "2024-01-19 00:16:36", "elapsed": 328.517201, "delta": 0.00052}}
{"target": -13.758464946311417, "params": {"gamma": 559.8458069573975, "log10_alpha": -3.917521017086293, "log10_colsample_bytree": -0.40854829895396827, "log10_eta": -3.745149191768889, "log10_lambda": -4.923295685087415, "log10_min_child_weight": 1.6358333181107687, "log10_subsample": -0.8880282053227208, "max_depth": 4.0, "num_boost_round": 15.0}, "datetime": {"datetime": "2024-01-19 00:16:36", "elapsed": 328.517709, "delta": 0.000508}}
{"target": -13.758457649750058, "params": {"gamma": 559.8458069573975, "log10_alpha": -3.917521017086293, "log10_colsample_bytree": -0.40854829895396827, "log10_eta": -3.745149191768889, "log10_lambda": -4.923295685087415, "log10_min_child_weight": 1.6358333181107687, "log10_subsample": -0.8880282053227208, "max_depth": 4.0, "num_boost_round": 16.0}, "datetime": {"datetime": "2024-01-19 00:16:36", "elapsed": 328.518222, "delta": 0.000513}}
{"target": -13.758453106518646, "params": {"gamma": 559.8458069573975, "log10_alpha": -3.917521017086293, "log10_colsample_bytree": -0.40854829895396827, "log10_eta": -3.745149191768889, "log10_lambda": -4.923295685087415, "log10_min_child_weight": 1.6358333181107687, "log10_subsample": -0.8880282053227208, "max_depth": 4.0, "num_boost_round": 17.0}, "datetime": {"datetime": "2024-01-19 00:16:36", "elapsed": 328.518794, "delta": 0.000572}}
{"target": -13.7585378573365, "params": {"gamma": 567.3479963158996, "log10_alpha": -3.959299148211711, "log10_colsample_bytree": -0.8566343817800273, "log10_eta": -3.9099825943146764, "log10_lambda": -4.007501724527242, "log10_min_child_weight": 4.976323632525914, "log10_subsample": -0.6999388582421837, "max_depth": 4.0, "num_boost_round": 0.0}, "datetime": {"datetime": "2024-01-19 00:16:59", "elapsed": 351.145962, "delta": 22.627168}}
{"target": -13.758537843559294, "params": {"gamma": 567.3479963158996, "log10_alpha": -3.959299148211711, "log10_colsample_bytree": -0.8566343817800273, "log10_eta": -3.9099825943146764, "log10_lambda": -4.007501724527242, "log10_min_child_weight": 4.976323632525914, "log10_subsample": -0.6999388582421837, "max_depth": 4.0, "num_boost_round": 1.0}, "datetime": {"datetime": "2024-01-19 00:16:59", "elapsed": 351.146712, "delta": 0.00075}}
{"target": -13.758537906209066, "params": {"gamma": 567.3479963158996, "log10_alpha": -3.959299148211711, "log10_colsample_bytree": -0.8566343817800273, "log10_eta": -3.9099825943146764, "log10_lambda": -4.007501724527242, "log10_min_child_weight": 4.976323632525914, "log10_subsample": -0.6999388582421837, "max_depth": 4.0, "num_boost_round": 2.0}, "datetime": {"datetime": "2024-01-19 00:16:59", "elapsed": 351.147258, "delta": 0.000546}}
{"target": -13.75853738511595, "params": {"gamma": 567.3479963158996, "log10_alpha": -3.959299148211711, "log10_colsample_bytree": -0.8566343817800273, "log10_eta": -3.9099825943146764, "log10_lambda": -4.007501724527242, "log10_min_child_weight": 4.976323632525914, "log10_subsample": -0.6999388582421837, "max_depth": 4.0, "num_boost_round": 3.0}, "datetime": {"datetime": "2024-01-19 00:16:59", "elapsed": 351.147978, "delta": 0.00072}}
{"target": -13.758537503537216, "params": {"gamma": 567.3479963158996, "log10_alpha": -3.959299148211711, "log10_colsample_bytree": -0.8566343817800273, "log10_eta": -3.9099825943146764, "log10_lambda": -4.007501724527242, "log10_min_child_weight": 4.976323632525914, "log10_subsample": -0.6999388582421837, "max_depth": 4.0, "num_boost_round": 4.0}, "datetime": {"datetime": "2024-01-19 00:16:59", "elapsed": 351.148562, "delta": 0.000584}}
{"target": -13.758537730490664, "params": {"gamma": 567.3479963158996, "log10_alpha": -3.959299148211711, "log10_colsample_bytree": -0.8566343817800273, "log10_eta": -3.9099825943146764, "log10_lambda": -4.007501724527242, "log10_min_child_weight": 4.976323632525914, "log10_subsample": -0.6999388582421837, "max_depth": 4.0, "num_boost_round": 5.0}, "datetime": {"datetime": "2024-01-19 00:16:59", "elapsed": 351.14935, "delta": 0.000788}}
{"target": -13.75853771368356, "params": {"gamma": 567.3479963158996, "log10_alpha": -3.959299148211711, "log10_colsample_bytree": -0.8566343817800273, "log10_eta": -3.9099825943146764, "log10_lambda": -4.007501724527242, "log10_min_child_weight": 4.976323632525914, "log10_subsample": -0.6999388582421837, "max_depth": 4.0, "num_boost_round": 6.0}, "datetime": {"datetime": "2024-01-19 00:16:59", "elapsed": 351.1504, "delta": 0.00105}}
{"target": -13.758537253800963, "params": {"gamma": 567.3479963158996, "log10_alpha": -3.959299148211711, "log10_colsample_bytree": -0.8566343817800273, "log10_eta": -3.9099825943146764, "log10_lambda": -4.007501724527242, "log10_min_child_weight": 4.976323632525914, "log10_subsample": -0.6999388582421837, "max_depth": 4.0, "num_boost_round": 7.0}, "datetime": {"datetime": "2024-01-19 00:16:59", "elapsed": 351.151016, "delta": 0.000616}}
{"target": -13.758537157133842, "params": {"gamma": 567.3479963158996, "log10_alpha": -3.959299148211711, "log10_colsample_bytree": -0.8566343817800273, "log10_eta": -3.9099825943146764, "log10_lambda": -4.007501724527242, "log10_min_child_weight": 4.976323632525914, "log10_subsample": -0.6999388582421837, "max_depth": 4.0, "num_boost_round": 8.0}, "datetime": {"datetime": "2024-01-19 00:16:59", "elapsed": 351.151784, "delta": 0.000768}}
{"target": -13.758536944177244, "params": {"gamma": 567.3479963158996, "log10_alpha": -3.959299148211711, "log10_colsample_bytree": -0.8566343817800273, "log10_eta": -3.9099825943146764, "log10_lambda": -4.007501724527242, "log10_min_child_weight": 4.976323632525914, "log10_subsample": -0.6999388582421837, "max_depth": 4.0, "num_boost_round": 9.0}, "datetime": {"datetime": "2024-01-19 00:16:59", "elapsed": 351.152332, "delta": 0.000548}}
{"target": -13.758536887183405, "params": {"gamma": 567.3479963158996, "log10_alpha": -3.959299148211711, "log10_colsample_bytree": -0.8566343817800273, "log10_eta": -3.9099825943146764, "log10_lambda": -4.007501724527242, "log10_min_child_weight": 4.976323632525914, "log10_subsample": -0.6999388582421837, "max_depth": 4.0, "num_boost_round": 10.0}, "datetime": {"datetime": "2024-01-19 00:16:59", "elapsed": 351.152874, "delta": 0.000542}}
{"target": -13.758536560099937, "params": {"gamma": 567.3479963158996, "log10_alpha": -3.959299148211711, "log10_colsample_bytree": -0.8566343817800273, "log10_eta": -3.9099825943146764, "log10_lambda": -4.007501724527242, "log10_min_child_weight": 4.976323632525914, "log10_subsample": -0.6999388582421837, "max_depth": 4.0, "num_boost_round": 11.0}, "datetime": {"datetime": "2024-01-19 00:16:59", "elapsed": 351.153411, "delta": 0.000537}}
{"target": -13.758536677337066, "params": {"gamma": 567.3479963158996, "log10_alpha": -3.959299148211711, "log10_colsample_bytree": -0.8566343817800273, "log10_eta": -3.9099825943146764, "log10_lambda": -4.007501724527242, "log10_min_child_weight": 4.976323632525914, "log10_subsample": -0.6999388582421837, "max_depth": 4.0, "num_boost_round": 12.0}, "datetime": {"datetime": "2024-01-19 00:16:59", "elapsed": 351.153939, "delta": 0.000528}}
{"target": -13.758536337116508, "params": {"gamma": 567.3479963158996, "log10_alpha": -3.959299148211711, "log10_colsample_bytree": -0.8566343817800273, "log10_eta": -3.9099825943146764, "log10_lambda": -4.007501724527242, "log10_min_child_weight": 4.976323632525914, "log10_subsample": -0.6999388582421837, "max_depth": 4.0, "num_boost_round": 13.0}, "datetime": {"datetime": "2024-01-19 00:16:59", "elapsed": 351.154468, "delta": 0.000529}}
{"target": -13.758535832073315, "params": {"gamma": 567.3479963158996, "log10_alpha": -3.959299148211711, "log10_colsample_bytree": -0.8566343817800273, "log10_eta": -3.9099825943146764, "log10_lambda": -4.007501724527242, "log10_min_child_weight": 4.976323632525914, "log10_subsample": -0.6999388582421837, "max_depth": 4.0, "num_boost_round": 14.0}, "datetime": {"datetime": "2024-01-19 00:16:59", "elapsed": 351.155039, "delta": 0.000571}}
{"target": -13.758535071417395, "params": {"gamma": 567.3479963158996, "log10_alpha": -3.959299148211711, "log10_colsample_bytree": -0.8566343817800273, "log10_eta": -3.9099825943146764, "log10_lambda": -4.007501724527242, "log10_min_child_weight": 4.976323632525914, "log10_subsample": -0.6999388582421837, "max_depth": 4.0, "num_boost_round": 15.0}, "datetime": {"datetime": "2024-01-19 00:16:59", "elapsed": 351.155579, "delta": 0.00054}}
{"target": -13.75853501748848, "params": {"gamma": 567.3479963158996, "log10_alpha": -3.959299148211711, "log10_colsample_bytree": -0.8566343817800273, "log10_eta": -3.9099825943146764, "log10_lambda": -4.007501724527242, "log10_min_child_weight": 4.976323632525914, "log10_subsample": -0.6999388582421837, "max_depth": 4.0, "num_boost_round": 16.0}, "datetime": {"datetime": "2024-01-19 00:16:59", "elapsed": 351.156123, "delta": 0.000544}}
{"target": -13.758534500464997, "params": {"gamma": 567.3479963158996, "log10_alpha": -3.959299148211711, "log10_colsample_bytree": -0.8566343817800273, "log10_eta": -3.9099825943146764, "log10_lambda": -4.007501724527242, "log10_min_child_weight": 4.976323632525914, "log10_subsample": -0.6999388582421837, "max_depth": 4.0, "num_boost_round": 17.0}, "datetime": {"datetime": "2024-01-19 00:16:59", "elapsed": 351.156649, "delta": 0.000526}}
{"target": -13.75853442730607, "params": {"gamma": 567.3479963158996, "log10_alpha": -3.959299148211711, "log10_colsample_bytree": -0.8566343817800273, "log10_eta": -3.9099825943146764, "log10_lambda": -4.007501724527242, "log10_min_child_weight": 4.976323632525914, "log10_subsample": -0.6999388582421837, "max_depth": 4.0, "num_boost_round": 18.0}, "datetime": {"datetime": "2024-01-19 00:16:59", "elapsed": 351.157184, "delta": 0.000535}}
{"target": -13.758533825475613, "params": {"gamma": 567.3479963158996, "log10_alpha": -3.959299148211711, "log10_colsample_bytree": -0.8566343817800273, "log10_eta": -3.9099825943146764, "log10_lambda": -4.007501724527242, "log10_min_child_weight": 4.976323632525914, "log10_subsample": -0.6999388582421837, "max_depth": 4.0, "num_boost_round": 19.0}, "datetime": {"datetime": "2024-01-19 00:16:59", "elapsed": 351.157712, "delta": 0.000528}}
{"target": -13.75853394541845, "params": {"gamma": 567.3479963158996, "log10_alpha": -3.959299148211711, "log10_colsample_bytree": -0.8566343817800273, "log10_eta": -3.9099825943146764, "log10_lambda": -4.007501724527242, "log10_min_child_weight": 4.976323632525914, "log10_subsample": -0.6999388582421837, "max_depth": 4.0, "num_boost_round": 20.0}, "datetime": {"datetime": "2024-01-19 00:16:59", "elapsed": 351.158257, "delta": 0.000545}}
{"target": -13.75853362093516, "params": {"gamma": 567.3479963158996, "log10_alpha": -3.959299148211711, "log10_colsample_bytree": -0.8566343817800273, "log10_eta": -3.9099825943146764, "log10_lambda": -4.007501724527242, "log10_min_child_weight": 4.976323632525914, "log10_subsample": -0.6999388582421837, "max_depth": 4.0, "num_boost_round": 21.0}, "datetime": {"datetime": "2024-01-19 00:16:59", "elapsed": 351.158788, "delta": 0.000531}}
{"target": -13.758533562057078, "params": {"gamma": 567.3479963158996, "log10_alpha": -3.959299148211711, "log10_colsample_bytree": -0.8566343817800273, "log10_eta": -3.9099825943146764, "log10_lambda": -4.007501724527242, "log10_min_child_weight": 4.976323632525914, "log10_subsample": -0.6999388582421837, "max_depth": 4.0, "num_boost_round": 22.0}, "datetime": {"datetime": "2024-01-19 00:16:59", "elapsed": 351.159324, "delta": 0.000536}}
{"target": -13.819582609241385, "params": {"gamma": 568.2532638497934, "log10_alpha": -2.6495335595115836, "log10_colsample_bytree": -0.7494340622624429, "log10_eta": -0.35090795312493706, "log10_lambda": -2.5500488708009303, "log10_min_child_weight": 1.2587462681067396, "log10_subsample": -0.6951549741601131, "max_depth": 9.0, "num_boost_round": 0.0}, "datetime": {"datetime": "2024-01-19 00:17:26", "elapsed": 378.057174, "delta": 26.89785}}
{"target": -13.874139211741708, "params": {"gamma": 568.2532638497934, "log10_alpha": -2.6495335595115836, "log10_colsample_bytree": -0.7494340622624429, "log10_eta": -0.35090795312493706, "log10_lambda": -2.5500488708009303, "log10_min_child_weight": 1.2587462681067396, "log10_subsample": -0.6951549741601131, "max_depth": 9.0, "num_boost_round": 1.0}, "datetime": {"datetime": "2024-01-19 00:17:26", "elapsed": 378.058572, "delta": 0.001398}}
{"target": -13.96751220871029, "params": {"gamma": 568.2532638497934, "log10_alpha": -2.6495335595115836, "log10_colsample_bytree": -0.7494340622624429, "log10_eta": -0.35090795312493706, "log10_lambda": -2.5500488708009303, "log10_min_child_weight": 1.2587462681067396, "log10_subsample": -0.6951549741601131, "max_depth": 9.0, "num_boost_round": 2.0}, "datetime": {"datetime": "2024-01-19 00:17:26", "elapsed": 378.059156, "delta": 0.000584}}
{"target": -14.052893781302668, "params": {"gamma": 568.2532638497934, "log10_alpha": -2.6495335595115836, "log10_colsample_bytree": -0.7494340622624429, "log10_eta": -0.35090795312493706, "log10_lambda": -2.5500488708009303, "log10_min_child_weight": 1.2587462681067396, "log10_subsample": -0.6951549741601131, "max_depth": 9.0, "num_boost_round": 3.0}, "datetime": {"datetime": "2024-01-19 00:17:26", "elapsed": 378.059719, "delta": 0.000563}}
{"target": -14.090925111703209, "params": {"gamma": 568.2532638497934, "log10_alpha": -2.6495335595115836, "log10_colsample_bytree": -0.7494340622624429, "log10_eta": -0.35090795312493706, "log10_lambda": -2.5500488708009303, "log10_min_child_weight": 1.2587462681067396, "log10_subsample": -0.6951549741601131, "max_depth": 9.0, "num_boost_round": 4.0}, "datetime": {"datetime": "2024-01-19 00:17:26", "elapsed": 378.060284, "delta": 0.000565}}
{"target": -14.153591665244793, "params": {"gamma": 568.2532638497934, "log10_alpha": -2.6495335595115836, "log10_colsample_bytree": -0.7494340622624429, "log10_eta": -0.35090795312493706, "log10_lambda": -2.5500488708009303, "log10_min_child_weight": 1.2587462681067396, "log10_subsample": -0.6951549741601131, "max_depth": 9.0, "num_boost_round": 5.0}, "datetime": {"datetime": "2024-01-19 00:17:26", "elapsed": 378.060837, "delta": 0.000553}}
{"target": -14.213239561641538, "params": {"gamma": 568.2532638497934, "log10_alpha": -2.6495335595115836, "log10_colsample_bytree": -0.7494340622624429, "log10_eta": -0.35090795312493706, "log10_lambda": -2.5500488708009303, "log10_min_child_weight": 1.2587462681067396, "log10_subsample": -0.6951549741601131, "max_depth": 9.0, "num_boost_round": 6.0}, "datetime": {"datetime": "2024-01-19 00:17:26", "elapsed": 378.061394, "delta": 0.000557}}
{"target": -14.388196802056028, "params": {"gamma": 568.2532638497934, "log10_alpha": -2.6495335595115836, "log10_colsample_bytree": -0.7494340622624429, "log10_eta": -0.35090795312493706, "log10_lambda": -2.5500488708009303, "log10_min_child_weight": 1.2587462681067396, "log10_subsample": -0.6951549741601131, "max_depth": 9.0, "num_boost_round": 7.0}, "datetime": {"datetime": "2024-01-19 00:17:26", "elapsed": 378.061957, "delta": 0.000563}}
{"target": -14.410910606265785, "params": {"gamma": 568.2532638497934, "log10_alpha": -2.6495335595115836, "log10_colsample_bytree": -0.7494340622624429, "log10_eta": -0.35090795312493706, "log10_lambda": -2.5500488708009303, "log10_min_child_weight": 1.2587462681067396, "log10_subsample": -0.6951549741601131, "max_depth": 9.0, "num_boost_round": 8.0}, "datetime": {"datetime": "2024-01-19 00:17:26", "elapsed": 378.062534, "delta": 0.000577}}
{"target": -14.468903227345233, "params": {"gamma": 568.2532638497934, "log10_alpha": -2.6495335595115836, "log10_colsample_bytree": -0.7494340622624429, "log10_eta": -0.35090795312493706, "log10_lambda": -2.5500488708009303, "log10_min_child_weight": 1.2587462681067396, "log10_subsample": -0.6951549741601131, "max_depth": 9.0, "num_boost_round": 9.0}, "datetime": {"datetime": "2024-01-19 00:17:26", "elapsed": 378.063107, "delta": 0.000573}}
{"target": -14.527600126927814, "params": {"gamma": 568.2532638497934, "log10_alpha": -2.6495335595115836, "log10_colsample_bytree": -0.7494340622624429, "log10_eta": -0.35090795312493706, "log10_lambda": -2.5500488708009303, "log10_min_child_weight": 1.2587462681067396, "log10_subsample": -0.6951549741601131, "max_depth": 9.0, "num_boost_round": 10.0}, "datetime": {"datetime": "2024-01-19 00:17:26", "elapsed": 378.063662, "delta": 0.000555}}
{"target": -14.590224382253696, "params": {"gamma": 568.2532638497934, "log10_alpha": -2.6495335595115836, "log10_colsample_bytree": -0.7494340622624429, "log10_eta": -0.35090795312493706, "log10_lambda": -2.5500488708009303, "log10_min_child_weight": 1.2587462681067396, "log10_subsample": -0.6951549741601131, "max_depth": 9.0, "num_boost_round": 11.0}, "datetime": {"datetime": "2024-01-19 00:17:26", "elapsed": 378.064227, "delta": 0.000565}}
{"target": -14.626416526631832, "params": {"gamma": 568.2532638497934, "log10_alpha": -2.6495335595115836, "log10_colsample_bytree": -0.7494340622624429, "log10_eta": -0.35090795312493706, "log10_lambda": -2.5500488708009303, "log10_min_child_weight": 1.2587462681067396, "log10_subsample": -0.6951549741601131, "max_depth": 9.0, "num_boost_round": 12.0}, "datetime": {"datetime": "2024-01-19 00:17:26", "elapsed": 378.064794, "delta": 0.000567}}
