{"target": -17.6752887588173, "params": {"gamma": 881.4549079269916, "log10_alpha": -3.5233055717875876, "log10_colsample_bytree": -0.9400521965485438, "log10_eta": -2.792645347842125, "log10_lambda": -2.730403699337322, "log10_min_child_weight": 2.8527166593839453, "log10_subsample": -0.6845242808181637, "max_depth": 9.0, "num_boost_round": 31.0}, "datetime": {"datetime": "2024-01-19 00:39:07", "elapsed": 1628.454779, "delta": 0.002019}}
{"target": -17.675238033366846, "params": {"gamma": 881.4549079269916, "log10_alpha": -3.5233055717875876, "log10_colsample_bytree": -0.9400521965485438, "log10_eta": -2.792645347842125, "log10_lambda": -2.730403699337322, "log10_min_child_weight": 2.8527166593839453, "log10_subsample": -0.6845242808181637, "max_depth": 9.0, "num_boost_round": 32.0}, "datetime": {"datetime": "2024-01-19 00:39:07", "elapsed": 1628.456784, "delta": 0.002005}}
{"target": -17.67512859114309, "params": {"gamma": 881.4549079269916, "log10_alpha": -3.5233055717875876, "log10_colsample_bytree": -0.9400521965485438, "log10_eta": -2.792645347842125, "log10_lambda": -2.730403699337322, "log10_min_child_weight": 2.8527166593839453, "log10_subsample": -0.6845242808181637, "max_depth": 9.0, "num_boost_round": 33.0}, "datetime": {"datetime": "2024-01-19 00:39:07", "elapsed": 1628.458796, "delta": 0.002012}}
{"target": -17.67505999137553, "params": {"gamma": 881.4549079269916, "log10_alpha": -3.5233055717875876, "log10_colsample_bytree": -0.9400521965485438, "log10_eta": -2.792645347842125, "log10_lambda": -2.730403699337322, "log10_min_child_weight": 2.8527166593839453, "log10_subsample": -0.6845242808181637, "max_depth": 9.0, "num_boost_round": 34.0}, "datetime": {"datetime": "2024-01-19 00:39:07", "elapsed": 1628.460796, "delta": 0.002}}
{"target": -17.675061824119528, "params": {"gamma": 881.4549079269916, "log10_alpha": -3.5233055717875876, "log10_colsample_bytree": -0.9400521965485438, "log10_eta": -2.792645347842125, "log10_lambda": -2.730403699337322, "log10_min_child_weight": 2.8527166593839453, "log10_subsample": -0.6845242808181637, "max_depth": 9.0, "num_boost_round": 35.0}, "datetime": {"datetime": "2024-01-19 00:39:07", "elapsed": 1628.462809, "delta": 0.002013}}
{"target": -17.67503417395489, "params": {"gamma": 881.4549079269916, "log10_alpha": -3.5233055717875876, "log10_colsample_bytree": -0.9400521965485438, "log10_eta": -2.792645347842125, "log10_lambda": -2.730403699337322, "log10_min_child_weight": 2.8527166593839453, "log10_subsample": -0.6845242808181637, "max_depth": 9.0, "num_boost_round": 36.0}, "datetime": {"datetime": "2024-01-19 00:39:07", "elapsed": 1628.465475, "delta": 0.002666}}
{"target": -17.675004677752913, "params": {"gamma": 881.4549079269916, "log10_alpha": -3.5233055717875876, "log10_colsample_bytree": -0.9400521965485438, "log10_eta": -2.792645347842125, "log10_lambda": -2.730403699337322, "log10_min_child_weight": 2.8527166593839453, "log10_subsample": -0.6845242808181637, "max_depth": 9.0, "num_boost_round": 37.0}, "datetime": {"datetime": "2024-01-19 00:39:07", "elapsed": 1628.467478, "delta": 0.002003}}
{"target": -17.674934476546767, "params": {"gamma": 881.4549079269916, "log10_alpha": -3.5233055717875876, "log10_colsample_bytree": -0.9400521965485438, "log10_eta": -2.792645347842125, "log10_lambda": -2.730403699337322, "log10_min_child_weight": 2.8527166593839453, "log10_subsample": -0.6845242808181637, "max_depth": 9.0, "num_boost_round": 38.0}, "datetime": {"datetime": "2024-01-19 00:39:07", "elapsed": 1628.469888, "delta": 0.00241}}
{"target": -17.677212036415884, "params": {"gamma": 875.607427195499, "log10_alpha": 0.8180737868100447, "log10_colsample_bytree": -0.7348725672910689, "log10_eta": -3.492848841717473, "log10_lambda": -4.034200837555947, "log10_min_child_weight": 1.9438457140740568, "log10_subsample": -0.9174244113038982, "max_depth": 8.0, "num_boost_round": 0.0}, "datetime": {"datetime": "2024-01-19 00:39:46", "elapsed": 1667.491947, "delta": 39.022059}}
{"target": -17.67718277969036, "params": {"gamma": 875.607427195499, "log10_alpha": 0.8180737868100447, "log10_colsample_bytree": -0.7348725672910689, "log10_eta": -3.492848841717473, "log10_lambda": -4.034200837555947, "log10_min_child_weight": 1.9438457140740568, "log10_subsample": -0.9174244113038982, "max_depth": 8.0, "num_boost_round": 1.0}, "datetime": {"datetime": "2024-01-19 00:39:46", "elapsed": 1667.494538, "delta": 0.002591}}
{"target": -17.677165976325043, "params": {"gamma": 875.607427195499, "log10_alpha": 0.8180737868100447, "log10_colsample_bytree": -0.7348725672910689, "log10_eta": -3.492848841717473, "log10_lambda": -4.034200837555947, "log10_min_child_weight": 1.9438457140740568, "log10_subsample": -0.9174244113038982, "max_depth": 8.0, "num_boost_round": 2.0}, "datetime": {"datetime": "2024-01-19 00:39:46", "elapsed": 1667.497083, "delta": 0.002545}}
{"target": -17.677156425279627, "params": {"gamma": 875.607427195499, "log10_alpha": 0.8180737868100447, "log10_colsample_bytree": -0.7348725672910689, "log10_eta": -3.492848841717473, "log10_lambda": -4.034200837555947, "log10_min_child_weight": 1.9438457140740568, "log10_subsample": -0.9174244113038982, "max_depth": 8.0, "num_boost_round": 3.0}, "datetime": {"datetime": "2024-01-19 00:39:46", "elapsed": 1667.499113, "delta": 0.00203}}
{"target": -17.677149767797395, "params": {"gamma": 875.607427195499, "log10_alpha": 0.8180737868100447, "log10_colsample_bytree": -0.7348725672910689, "log10_eta": -3.492848841717473, "log10_lambda": -4.034200837555947, "log10_min_child_weight": 1.9438457140740568, "log10_subsample": -0.9174244113038982, "max_depth": 8.0, "num_boost_round": 4.0}, "datetime": {"datetime": "2024-01-19 00:39:46", "elapsed": 1667.501254, "delta": 0.002141}}
{"target": -17.67714134378425, "params": {"gamma": 875.607427195499, "log10_alpha": 0.8180737868100447, "log10_colsample_bytree": -0.7348725672910689, "log10_eta": -3.492848841717473, "log10_lambda": -4.034200837555947, "log10_min_child_weight": 1.9438457140740568, "log10_subsample": -0.9174244113038982, "max_depth": 8.0, "num_boost_round": 5.0}, "datetime": {"datetime": "2024-01-19 00:39:46", "elapsed": 1667.50327, "delta": 0.002016}}
{"target": -17.677143418070404, "params": {"gamma": 875.607427195499, "log10_alpha": 0.8180737868100447, "log10_colsample_bytree": -0.7348725672910689, "log10_eta": -3.492848841717473, "log10_lambda": -4.034200837555947, "log10_min_child_weight": 1.9438457140740568, "log10_subsample": -0.9174244113038982, "max_depth": 8.0, "num_boost_round": 6.0}, "datetime": {"datetime": "2024-01-19 00:39:46", "elapsed": 1667.50527, "delta": 0.002}}
{"target": -17.67710992993619, "params": {"gamma": 875.607427195499, "log10_alpha": 0.8180737868100447, "log10_colsample_bytree": -0.7348725672910689, "log10_eta": -3.492848841717473, "log10_lambda": -4.034200837555947, "log10_min_child_weight": 1.9438457140740568, "log10_subsample": -0.9174244113038982, "max_depth": 8.0, "num_boost_round": 7.0}, "datetime": {"datetime": "2024-01-19 00:39:46", "elapsed": 1667.507284, "delta": 0.002014}}
{"target": -17.6771062116257, "params": {"gamma": 875.607427195499, "log10_alpha": 0.8180737868100447, "log10_colsample_bytree": -0.7348725672910689, "log10_eta": -3.492848841717473, "log10_lambda": -4.034200837555947, "log10_min_child_weight": 1.9438457140740568, "log10_subsample": -0.9174244113038982, "max_depth": 8.0, "num_boost_round": 8.0}, "datetime": {"datetime": "2024-01-19 00:39:46", "elapsed": 1667.509277, "delta": 0.001993}}
{"target": -17.67709828514875, "params": {"gamma": 875.607427195499, "log10_alpha": 0.8180737868100447, "log10_colsample_bytree": -0.7348725672910689, "log10_eta": -3.492848841717473, "log10_lambda": -4.034200837555947, "log10_min_child_weight": 1.9438457140740568, "log10_subsample": -0.9174244113038982, "max_depth": 8.0, "num_boost_round": 9.0}, "datetime": {"datetime": "2024-01-19 00:39:46", "elapsed": 1667.511359, "delta": 0.002082}}
{"target": -17.677066362012603, "params": {"gamma": 875.607427195499, "log10_alpha": 0.8180737868100447, "log10_colsample_bytree": -0.7348725672910689, "log10_eta": -3.492848841717473, "log10_lambda": -4.034200837555947, "log10_min_child_weight": 1.9438457140740568, "log10_subsample": -0.9174244113038982, "max_depth": 8.0, "num_boost_round": 10.0}, "datetime": {"datetime": "2024-01-19 00:39:46", "elapsed": 1667.513365, "delta": 0.002006}}
{"target": -17.677072637956808, "params": {"gamma": 875.607427195499, "log10_alpha": 0.8180737868100447, "log10_colsample_bytree": -0.7348725672910689, "log10_eta": -3.492848841717473, "log10_lambda": -4.034200837555947, "log10_min_child_weight": 1.9438457140740568, "log10_subsample": -0.9174244113038982, "max_depth": 8.0, "num_boost_round": 11.0}, "datetime": {"datetime": "2024-01-19 00:39:46", "elapsed": 1667.515397, "delta": 0.002032}}
{"target": -17.677059879419932, "params": {"gamma": 875.607427195499, "log10_alpha": 0.8180737868100447, "log10_colsample_bytree": -0.7348725672910689, "log10_eta": -3.492848841717473, "log10_lambda": -4.034200837555947, "log10_min_child_weight": 1.9438457140740568, "log10_subsample": -0.9174244113038982, "max_depth": 8.0, "num_boost_round": 12.0}, "datetime": {"datetime": "2024-01-19 00:39:46", "elapsed": 1667.517614, "delta": 0.002217}}
{"target": -17.677044163123632, "params": {"gamma": 875.607427195499, "log10_alpha": 0.8180737868100447, "log10_colsample_bytree": -0.7348725672910689, "log10_eta": -3.492848841717473, "log10_lambda": -4.034200837555947, "log10_min_child_weight": 1.9438457140740568, "log10_subsample": -0.9174244113038982, "max_depth": 8.0, "num_boost_round": 13.0}, "datetime": {"datetime": "2024-01-19 00:39:46", "elapsed": 1667.519651, "delta": 0.002037}}
{"target": -17.677062292199153, "params": {"gamma": 875.607427195499, "log10_alpha": 0.8180737868100447, "log10_colsample_bytree": -0.7348725672910689, "log10_eta": -3.492848841717473, "log10_lambda": -4.034200837555947, "log10_min_child_weight": 1.9438457140740568, "log10_subsample": -0.9174244113038982, "max_depth": 8.0, "num_boost_round": 14.0}, "datetime": {"datetime": "2024-01-19 00:39:46", "elapsed": 1667.521835, "delta": 0.002184}}
{"target": -17.677048458239884, "params": {"gamma": 875.607427195499, "log10_alpha": 0.8180737868100447, "log10_colsample_bytree": -0.7348725672910689, "log10_eta": -3.492848841717473, "log10_lambda": -4.034200837555947, "log10_min_child_weight": 1.9438457140740568, "log10_subsample": -0.9174244113038982, "max_depth": 8.0, "num_boost_round": 15.0}, "datetime": {"datetime": "2024-01-19 00:39:46", "elapsed": 1667.524013, "delta": 0.002178}}
{"target": -17.67702699686926, "params": {"gamma": 875.607427195499, "log10_alpha": 0.8180737868100447, "log10_colsample_bytree": -0.7348725672910689, "log10_eta": -3.492848841717473, "log10_lambda": -4.034200837555947, "log10_min_child_weight": 1.9438457140740568, "log10_subsample": -0.9174244113038982, "max_depth": 8.0, "num_boost_round": 16.0}, "datetime": {"datetime": "2024-01-19 00:39:46", "elapsed": 1667.526019, "delta": 0.002006}}
{"target": -17.6770086718655, "params": {"gamma": 875.607427195499, "log10_alpha": 0.8180737868100447, "log10_colsample_bytree": -0.7348725672910689, "log10_eta": -3.492848841717473, "log10_lambda": -4.034200837555947, "log10_min_child_weight": 1.9438457140740568, "log10_subsample": -0.9174244113038982, "max_depth": 8.0, "num_boost_round": 17.0}, "datetime": {"datetime": "2024-01-19 00:39:46", "elapsed": 1667.528042, "delta": 0.002023}}
{"target": -17.677019813939168, "params": {"gamma": 875.607427195499, "log10_alpha": 0.8180737868100447, "log10_colsample_bytree": -0.7348725672910689, "log10_eta": -3.492848841717473, "log10_lambda": -4.034200837555947, "log10_min_child_weight": 1.9438457140740568, "log10_subsample": -0.9174244113038982, "max_depth": 8.0, "num_boost_round": 18.0}, "datetime": {"datetime": "2024-01-19 00:39:46", "elapsed": 1667.530055, "delta": 0.002013}}
{"target": -17.676993050193584, "params": {"gamma": 875.607427195499, "log10_alpha": 0.8180737868100447, "log10_colsample_bytree": -0.7348725672910689, "log10_eta": -3.492848841717473, "log10_lambda": -4.034200837555947, "log10_min_child_weight": 1.9438457140740568, "log10_subsample": -0.9174244113038982, "max_depth": 8.0, "num_boost_round": 19.0}, "datetime": {"datetime": "2024-01-19 00:39:46", "elapsed": 1667.532175, "delta": 0.00212}}
{"target": -17.67697786149905, "params": {"gamma": 875.607427195499, "log10_alpha": 0.8180737868100447, "log10_colsample_bytree": -0.7348725672910689, "log10_eta": -3.492848841717473, "log10_lambda": -4.034200837555947, "log10_min_child_weight": 1.9438457140740568, "log10_subsample": -0.9174244113038982, "max_depth": 8.0, "num_boost_round": 20.0}, "datetime": {"datetime": "2024-01-19 00:39:46", "elapsed": 1667.534202, "delta": 0.002027}}
{"target": -17.6769493534022, "params": {"gamma": 875.607427195499, "log10_alpha": 0.8180737868100447, "log10_colsample_bytree": -0.7348725672910689, "log10_eta": -3.492848841717473, "log10_lambda": -4.034200837555947, "log10_min_child_weight": 1.9438457140740568, "log10_subsample": -0.9174244113038982, "max_depth": 8.0, "num_boost_round": 21.0}, "datetime": {"datetime": "2024-01-19 00:39:46", "elapsed": 1667.536275, "delta": 0.002073}}
{"target": -17.67692012203223, "params": {"gamma": 875.607427195499, "log10_alpha": 0.8180737868100447, "log10_colsample_bytree": -0.7348725672910689, "log10_eta": -3.492848841717473, "log10_lambda": -4.034200837555947, "log10_min_child_weight": 1.9438457140740568, "log10_subsample": -0.9174244113038982, "max_depth": 8.0, "num_boost_round": 22.0}, "datetime": {"datetime": "2024-01-19 00:39:46", "elapsed": 1667.538293, "delta": 0.002018}}
{"target": -17.676914262710827, "params": {"gamma": 875.607427195499, "log10_alpha": 0.8180737868100447, "log10_colsample_bytree": -0.7348725672910689, "log10_eta": -3.492848841717473, "log10_lambda": -4.034200837555947, "log10_min_child_weight": 1.9438457140740568, "log10_subsample": -0.9174244113038982, "max_depth": 8.0, "num_boost_round": 23.0}, "datetime": {"datetime": "2024-01-19 00:39:46", "elapsed": 1667.540384, "delta": 0.002091}}
{"target": -17.67691305261904, "params": {"gamma": 875.607427195499, "log10_alpha": 0.8180737868100447, "log10_colsample_bytree": -0.7348725672910689, "log10_eta": -3.492848841717473, "log10_lambda": -4.034200837555947, "log10_min_child_weight": 1.9438457140740568, "log10_subsample": -0.9174244113038982, "max_depth": 8.0, "num_boost_round": 24.0}, "datetime": {"datetime": "2024-01-19 00:39:46", "elapsed": 1667.542402, "delta": 0.002018}}
{"target": -17.676887251423906, "params": {"gamma": 875.607427195499, "log10_alpha": 0.8180737868100447, "log10_colsample_bytree": -0.7348725672910689, "log10_eta": -3.492848841717473, "log10_lambda": -4.034200837555947, "log10_min_child_weight": 1.9438457140740568, "log10_subsample": -0.9174244113038982, "max_depth": 8.0, "num_boost_round": 25.0}, "datetime": {"datetime": "2024-01-19 00:39:46", "elapsed": 1667.544409, "delta": 0.002007}}
{"target": -17.676869945981935, "params": {"gamma": 875.607427195499, "log10_alpha": 0.8180737868100447, "log10_colsample_bytree": -0.7348725672910689, "log10_eta": -3.492848841717473, "log10_lambda": -4.034200837555947, "log10_min_child_weight": 1.9438457140740568, "log10_subsample": -0.9174244113038982, "max_depth": 8.0, "num_boost_round": 26.0}, "datetime": {"datetime": "2024-01-19 00:39:46", "elapsed": 1667.546418, "delta": 0.002009}}
{"target": -17.676848794414525, "params": {"gamma": 875.607427195499, "log10_alpha": 0.8180737868100447, "log10_colsample_bytree": -0.7348725672910689, "log10_eta": -3.492848841717473, "log10_lambda": -4.034200837555947, "log10_min_child_weight": 1.9438457140740568, "log10_subsample": -0.9174244113038982, "max_depth": 8.0, "num_boost_round": 27.0}, "datetime": {"datetime": "2024-01-19 00:39:46", "elapsed": 1667.548444, "delta": 0.002026}}
{"target": -17.67683824179886, "params": {"gamma": 875.607427195499, "log10_alpha": 0.8180737868100447, "log10_colsample_bytree": -0.7348725672910689, "log10_eta": -3.492848841717473, "log10_lambda": -4.034200837555947, "log10_min_child_weight": 1.9438457140740568, "log10_subsample": -0.9174244113038982, "max_depth": 8.0, "num_boost_round": 28.0}, "datetime": {"datetime": "2024-01-19 00:39:46", "elapsed": 1667.550473, "delta": 0.002029}}
{"target": -17.67680830172735, "params": {"gamma": 875.607427195499, "log10_alpha": 0.8180737868100447, "log10_colsample_bytree": -0.7348725672910689, "log10_eta": -3.492848841717473, "log10_lambda": -4.034200837555947, "log10_min_child_weight": 1.9438457140740568, "log10_subsample": -0.9174244113038982, "max_depth": 8.0, "num_boost_round": 29.0}, "datetime": {"datetime": "2024-01-19 00:39:46", "elapsed": 1667.552573, "delta": 0.0021}}
{"target": -17.676806099520846, "params": {"gamma": 875.607427195499, "log10_alpha": 0.8180737868100447, "log10_colsample_bytree": -0.7348725672910689, "log10_eta": -3.492848841717473, "log10_lambda": -4.034200837555947, "log10_min_child_weight": 1.9438457140740568, "log10_subsample": -0.9174244113038982, "max_depth": 8.0, "num_boost_round": 30.0}, "datetime": {"datetime": "2024-01-19 00:39:46", "elapsed": 1667.554605, "delta": 0.002032}}
{"target": -17.676773319487246, "params": {"gamma": 875.607427195499, "log10_alpha": 0.8180737868100447, "log10_colsample_bytree": -0.7348725672910689, "log10_eta": -3.492848841717473, "log10_lambda": -4.034200837555947, "log10_min_child_weight": 1.9438457140740568, "log10_subsample": -0.9174244113038982, "max_depth": 8.0, "num_boost_round": 31.0}, "datetime": {"datetime": "2024-01-19 00:39:46", "elapsed": 1667.556675, "delta": 0.00207}}
{"target": -17.676754056717176, "params": {"gamma": 875.607427195499, "log10_alpha": 0.8180737868100447, "log10_colsample_bytree": -0.7348725672910689, "log10_eta": -3.492848841717473, "log10_lambda": -4.034200837555947, "log10_min_child_weight": 1.9438457140740568, "log10_subsample": -0.9174244113038982, "max_depth": 8.0, "num_boost_round": 32.0}, "datetime": {"datetime": "2024-01-19 00:39:46", "elapsed": 1667.558702, "delta": 0.002027}}
{"target": -17.67673653717709, "params": {"gamma": 875.607427195499, "log10_alpha": 0.8180737868100447, "log10_colsample_bytree": -0.7348725672910689, "log10_eta": -3.492848841717473, "log10_lambda": -4.034200837555947, "log10_min_child_weight": 1.9438457140740568, "log10_subsample": -0.9174244113038982, "max_depth": 8.0, "num_boost_round": 33.0}, "datetime": {"datetime": "2024-01-19 00:39:46", "elapsed": 1667.560805, "delta": 0.002103}}
{"target": -17.676717040629548, "params": {"gamma": 875.607427195499, "log10_alpha": 0.8180737868100447, "log10_colsample_bytree": -0.7348725672910689, "log10_eta": -3.492848841717473, "log10_lambda": -4.034200837555947, "log10_min_child_weight": 1.9438457140740568, "log10_subsample": -0.9174244113038982, "max_depth": 8.0, "num_boost_round": 34.0}, "datetime": {"datetime": "2024-01-19 00:39:46", "elapsed": 1667.56284, "delta": 0.002035}}
{"target": -17.67670979753393, "params": {"gamma": 875.607427195499, "log10_alpha": 0.8180737868100447, "log10_colsample_bytree": -0.7348725672910689, "log10_eta": -3.492848841717473, "log10_lambda": -4.034200837555947, "log10_min_child_weight": 1.9438457140740568, "log10_subsample": -0.9174244113038982, "max_depth": 8.0, "num_boost_round": 35.0}, "datetime": {"datetime": "2024-01-19 00:39:46", "elapsed": 1667.564871, "delta": 0.002031}}
{"target": -17.67723306172254, "params": {"gamma": 881.0024790555634, "log10_alpha": -4.8428872910453995, "log10_colsample_bytree": -0.305568189007727, "log10_eta": -3.514661025274863, "log10_lambda": -2.932536389065204, "log10_min_child_weight": 3.912039599622106, "log10_subsample": -0.4701420182965931, "max_depth": 4.0, "num_boost_round": 0.0}, "datetime": {"datetime": "2024-01-19 00:40:16", "elapsed": 1696.962767, "delta": 29.397896}}
{"target": -17.677230270912784, "params": {"gamma": 881.0024790555634, "log10_alpha": -4.8428872910453995, "log10_colsample_bytree": -0.305568189007727, "log10_eta": -3.514661025274863, "log10_lambda": -2.932536389065204, "log10_min_child_weight": 3.912039599622106, "log10_subsample": -0.4701420182965931, "max_depth": 4.0, "num_boost_round": 1.0}, "datetime": {"datetime": "2024-01-19 00:40:16", "elapsed": 1696.965711, "delta": 0.002944}}
{"target": -17.677238477157093, "params": {"gamma": 881.0024790555634, "log10_alpha": -4.8428872910453995, "log10_colsample_bytree": -0.305568189007727, "log10_eta": -3.514661025274863, "log10_lambda": -2.932536389065204, "log10_min_child_weight": 3.912039599622106, "log10_subsample": -0.4701420182965931, "max_depth": 4.0, "num_boost_round": 2.0}, "datetime": {"datetime": "2024-01-19 00:40:16", "elapsed": 1696.9681, "delta": 0.002389}}
{"target": -17.677237179695332, "params": {"gamma": 881.0024790555634, "log10_alpha": -4.8428872910453995, "log10_colsample_bytree": -0.305568189007727, "log10_eta": -3.514661025274863, "log10_lambda": -2.932536389065204, "log10_min_child_weight": 3.912039599622106, "log10_subsample": -0.4701420182965931, "max_depth": 4.0, "num_boost_round": 3.0}, "datetime": {"datetime": "2024-01-19 00:40:16", "elapsed": 1696.970216, "delta": 0.002116}}
{"target": -17.677236384641688, "params": {"gamma": 881.0024790555634, "log10_alpha": -4.8428872910453995, "log10_colsample_bytree": -0.305568189007727, "log10_eta": -3.514661025274863, "log10_lambda": -2.932536389065204, "log10_min_child_weight": 3.912039599622106, "log10_subsample": -0.4701420182965931, "max_depth": 4.0, "num_boost_round": 4.0}, "datetime": {"datetime": "2024-01-19 00:40:16", "elapsed": 1696.97247, "delta": 0.002254}}
