{"target": -13.758533070131428, "params": {"gamma": 718.2534785569871, "log10_alpha": 0.6290524033449127, "log10_colsample_bytree": -0.16137708741925894, "log10_eta": -3.9716350575833554, "log10_lambda": -0.8685515290690073, "log10_min_child_weight": 3.675105198103969, "log10_subsample": -0.6241795325400825, "max_depth": 9.0, "num_boost_round": 1.0}, "datetime": {"datetime": "2024-01-19 01:23:15", "elapsed": 4294.111112, "delta": 0.005846}}
{"target": -13.75853406454864, "params": {"gamma": 718.2534785569871, "log10_alpha": 0.6290524033449127, "log10_colsample_bytree": -0.16137708741925894, "log10_eta": -3.9716350575833554, "log10_lambda": -0.8685515290690073, "log10_min_child_weight": 3.675105198103969, "log10_subsample": -0.6241795325400825, "max_depth": 9.0, "num_boost_round": 2.0}, "datetime": {"datetime": "2024-01-19 01:23:15", "elapsed": 4294.115998, "delta": 0.004886}}
{"target": -13.758533850921715, "params": {"gamma": 718.2534785569871, "log10_alpha": 0.6290524033449127, "log10_colsample_bytree": -0.16137708741925894, "log10_eta": -3.9716350575833554, "log10_lambda": -0.8685515290690073, "log10_min_child_weight": 3.675105198103969, "log10_subsample": -0.6241795325400825, "max_depth": 9.0, "num_boost_round": 3.0}, "datetime": {"datetime": "2024-01-19 01:23:15", "elapsed": 4294.120525, "delta": 0.004527}}
{"target": -13.758532702776238, "params": {"gamma": 718.2534785569871, "log10_alpha": 0.6290524033449127, "log10_colsample_bytree": -0.16137708741925894, "log10_eta": -3.9716350575833554, "log10_lambda": -0.8685515290690073, "log10_min_child_weight": 3.675105198103969, "log10_subsample": -0.6241795325400825, "max_depth": 9.0, "num_boost_round": 4.0}, "datetime": {"datetime": "2024-01-19 01:23:15", "elapsed": 4294.124982, "delta": 0.004457}}
{"target": -13.758530603562113, "params": {"gamma": 718.2534785569871, "log10_alpha": 0.6290524033449127, "log10_colsample_bytree": -0.16137708741925894, "log10_eta": -3.9716350575833554, "log10_lambda": -0.8685515290690073, "log10_min_child_weight": 3.675105198103969, "log10_subsample": -0.6241795325400825, "max_depth": 9.0, "num_boost_round": 5.0}, "datetime": {"datetime": "2024-01-19 01:23:15", "elapsed": 4294.129669, "delta": 0.004687}}
{"target": -13.758530238452964, "params": {"gamma": 718.2534785569871, "log10_alpha": 0.6290524033449127, "log10_colsample_bytree": -0.16137708741925894, "log10_eta": -3.9716350575833554, "log10_lambda": -0.8685515290690073, "log10_min_child_weight": 3.675105198103969, "log10_subsample": -0.6241795325400825, "max_depth": 9.0, "num_boost_round": 6.0}, "datetime": {"datetime": "2024-01-19 01:23:15", "elapsed": 4294.134538, "delta": 0.004869}}
{"target": -13.758528555096794, "params": {"gamma": 718.2534785569871, "log10_alpha": 0.6290524033449127, "log10_colsample_bytree": -0.16137708741925894, "log10_eta": -3.9716350575833554, "log10_lambda": -0.8685515290690073, "log10_min_child_weight": 3.675105198103969, "log10_subsample": -0.6241795325400825, "max_depth": 9.0, "num_boost_round": 7.0}, "datetime": {"datetime": "2024-01-19 01:23:15", "elapsed": 4294.139503, "delta": 0.004965}}
{"target": -13.758527572555506, "params": {"gamma": 718.2534785569871, "log10_alpha": 0.6290524033449127, "log10_colsample_bytree": -0.16137708741925894, "log10_eta": -3.9716350575833554, "log10_lambda": -0.8685515290690073, "log10_min_child_weight": 3.675105198103969, "log10_subsample": -0.6241795325400825, "max_depth": 9.0, "num_boost_round": 8.0}, "datetime": {"datetime": "2024-01-19 01:23:15", "elapsed": 4294.144579, "delta": 0.005076}}
{"target": -13.758527432373668, "params": {"gamma": 718.2534785569871, "log10_alpha": 0.6290524033449127, "log10_colsample_bytree": -0.16137708741925894, "log10_eta": -3.9716350575833554, "log10_lambda": -0.8685515290690073, "log10_min_child_weight": 3.675105198103969, "log10_subsample": -0.6241795325400825, "max_depth": 9.0, "num_boost_round": 9.0}, "datetime": {"datetime": "2024-01-19 01:23:15", "elapsed": 4294.149113, "delta": 0.004534}}
{"target": -13.758527879736182, "params": {"gamma": 718.2534785569871, "log10_alpha": 0.6290524033449127, "log10_colsample_bytree": -0.16137708741925894, "log10_eta": -3.9716350575833554, "log10_lambda": -0.8685515290690073, "log10_min_child_weight": 3.675105198103969, "log10_subsample": -0.6241795325400825, "max_depth": 9.0, "num_boost_round": 10.0}, "datetime": {"datetime": "2024-01-19 01:23:15", "elapsed": 4294.153797, "delta": 0.004684}}
{"target": -13.758524068394786, "params": {"gamma": 718.2534785569871, "log10_alpha": 0.6290524033449127, "log10_colsample_bytree": -0.16137708741925894, "log10_eta": -3.9716350575833554, "log10_lambda": -0.8685515290690073, "log10_min_child_weight": 3.675105198103969, "log10_subsample": -0.6241795325400825, "max_depth": 9.0, "num_boost_round": 11.0}, "datetime": {"datetime": "2024-01-19 01:23:15", "elapsed": 4294.158288, "delta": 0.004491}}
{"target": -13.758523889311093, "params": {"gamma": 718.2534785569871, "log10_alpha": 0.6290524033449127, "log10_colsample_bytree": -0.16137708741925894, "log10_eta": -3.9716350575833554, "log10_lambda": -0.8685515290690073, "log10_min_child_weight": 3.675105198103969, "log10_subsample": -0.6241795325400825, "max_depth": 9.0, "num_boost_round": 12.0}, "datetime": {"datetime": "2024-01-19 01:23:15", "elapsed": 4294.162814, "delta": 0.004526}}
{"target": -13.758524225203294, "params": {"gamma": 718.2534785569871, "log10_alpha": 0.6290524033449127, "log10_colsample_bytree": -0.16137708741925894, "log10_eta": -3.9716350575833554, "log10_lambda": -0.8685515290690073, "log10_min_child_weight": 3.675105198103969, "log10_subsample": -0.6241795325400825, "max_depth": 9.0, "num_boost_round": 13.0}, "datetime": {"datetime": "2024-01-19 01:23:15", "elapsed": 4294.167565, "delta": 0.004751}}
{"target": -13.758524378136112, "params": {"gamma": 718.2534785569871, "log10_alpha": 0.6290524033449127, "log10_colsample_bytree": -0.16137708741925894, "log10_eta": -3.9716350575833554, "log10_lambda": -0.8685515290690073, "log10_min_child_weight": 3.675105198103969, "log10_subsample": -0.6241795325400825, "max_depth": 9.0, "num_boost_round": 14.0}, "datetime": {"datetime": "2024-01-19 01:23:15", "elapsed": 4294.17213, "delta": 0.004565}}
{"target": -13.75852368202085, "params": {"gamma": 718.2534785569871, "log10_alpha": 0.6290524033449127, "log10_colsample_bytree": -0.16137708741925894, "log10_eta": -3.9716350575833554, "log10_lambda": -0.8685515290690073, "log10_min_child_weight": 3.675105198103969, "log10_subsample": -0.6241795325400825, "max_depth": 9.0, "num_boost_round": 15.0}, "datetime": {"datetime": "2024-01-19 01:23:15", "elapsed": 4294.176697, "delta": 0.004567}}
{"target": -13.758521157092648, "params": {"gamma": 718.2534785569871, "log10_alpha": 0.6290524033449127, "log10_colsample_bytree": -0.16137708741925894, "log10_eta": -3.9716350575833554, "log10_lambda": -0.8685515290690073, "log10_min_child_weight": 3.675105198103969, "log10_subsample": -0.6241795325400825, "max_depth": 9.0, "num_boost_round": 16.0}, "datetime": {"datetime": "2024-01-19 01:23:15", "elapsed": 4294.18116, "delta": 0.004463}}
{"target": -13.758308318520983, "params": {"gamma": 709.8046306934382, "log10_alpha": -3.834374292391061, "log10_colsample_bytree": -0.24569095778292482, "log10_eta": -1.9476650753104439, "log10_lambda": 0.622958767718508, "log10_min_child_weight": 0.2800318183826267, "log10_subsample": -0.4757808313988512, "max_depth": 7.0, "num_boost_round": 0.0}, "datetime": {"datetime": "2024-01-19 01:25:24", "elapsed": 4423.286608, "delta": 129.105448}}
{"target": -13.758615192011815, "params": {"gamma": 709.8046306934382, "log10_alpha": -3.834374292391061, "log10_colsample_bytree": -0.24569095778292482, "log10_eta": -1.9476650753104439, "log10_lambda": 0.622958767718508, "log10_min_child_weight": 0.2800318183826267, "log10_subsample": -0.4757808313988512, "max_depth": 7.0, "num_boost_round": 1.0}, "datetime": {"datetime": "2024-01-19 01:25:24", "elapsed": 4423.291572, "delta": 0.004964}}
{"target": -13.758272116065022, "params": {"gamma": 709.8046306934382, "log10_alpha": -3.834374292391061, "log10_colsample_bytree": -0.24569095778292482, "log10_eta": -1.9476650753104439, "log10_lambda": 0.622958767718508, "log10_min_child_weight": 0.2800318183826267, "log10_subsample": -0.4757808313988512, "max_depth": 7.0, "num_boost_round": 2.0}, "datetime": {"datetime": "2024-01-19 01:25:24", "elapsed": 4423.296369, "delta": 0.004797}}
{"target": -13.757975062994804, "params": {"gamma": 709.8046306934382, "log10_alpha": -3.834374292391061, "log10_colsample_bytree": -0.24569095778292482, "log10_eta": -1.9476650753104439, "log10_lambda": 0.622958767718508, "log10_min_child_weight": 0.2800318183826267, "log10_subsample": -0.4757808313988512, "max_depth": 7.0, "num_boost_round": 3.0}, "datetime": {"datetime": "2024-01-19 01:25:24", "elapsed": 4423.300972, "delta": 0.004603}}
{"target": -13.757349263475087, "params": {"gamma": 709.8046306934382, "log10_alpha": -3.834374292391061, "log10_colsample_bytree": -0.24569095778292482, "log10_eta": -1.9476650753104439, "log10_lambda": 0.622958767718508, "log10_min_child_weight": 0.2800318183826267, "log10_subsample": -0.4757808313988512, "max_depth": 7.0, "num_boost_round": 4.0}, "datetime": {"datetime": "2024-01-19 01:25:24", "elapsed": 4423.305558, "delta": 0.004586}}
{"target": -13.757516989871599, "params": {"gamma": 709.8046306934382, "log10_alpha": -3.834374292391061, "log10_colsample_bytree": -0.24569095778292482, "log10_eta": -1.9476650753104439, "log10_lambda": 0.622958767718508, "log10_min_child_weight": 0.2800318183826267, "log10_subsample": -0.4757808313988512, "max_depth": 7.0, "num_boost_round": 5.0}, "datetime": {"datetime": "2024-01-19 01:25:24", "elapsed": 4423.310309, "delta": 0.004751}}
{"target": -13.757111465260733, "params": {"gamma": 709.8046306934382, "log10_alpha": -3.834374292391061, "log10_colsample_bytree": -0.24569095778292482, "log10_eta": -1.9476650753104439, "log10_lambda": 0.622958767718508, "log10_min_child_weight": 0.2800318183826267, "log10_subsample": -0.4757808313988512, "max_depth": 7.0, "num_boost_round": 6.0}, "datetime": {"datetime": "2024-01-19 01:25:24", "elapsed": 4423.314837, "delta": 0.004528}}
{"target": -13.757318516483775, "params": {"gamma": 709.8046306934382, "log10_alpha": -3.834374292391061, "log10_colsample_bytree": -0.24569095778292482, "log10_eta": -1.9476650753104439, "log10_lambda": 0.622958767718508, "log10_min_child_weight": 0.2800318183826267, "log10_subsample": -0.4757808313988512, "max_depth": 7.0, "num_boost_round": 7.0}, "datetime": {"datetime": "2024-01-19 01:25:24", "elapsed": 4423.319391, "delta": 0.004554}}
{"target": -13.75758443255527, "params": {"gamma": 709.8046306934382, "log10_alpha": -3.834374292391061, "log10_colsample_bytree": -0.24569095778292482, "log10_eta": -1.9476650753104439, "log10_lambda": 0.622958767718508, "log10_min_child_weight": 0.2800318183826267, "log10_subsample": -0.4757808313988512, "max_depth": 7.0, "num_boost_round": 8.0}, "datetime": {"datetime": "2024-01-19 01:25:24", "elapsed": 4423.324236, "delta": 0.004845}}
{"target": -13.757634039465954, "params": {"gamma": 709.8046306934382, "log10_alpha": -3.834374292391061, "log10_colsample_bytree": -0.24569095778292482, "log10_eta": -1.9476650753104439, "log10_lambda": 0.622958767718508, "log10_min_child_weight": 0.2800318183826267, "log10_subsample": -0.4757808313988512, "max_depth": 7.0, "num_boost_round": 9.0}, "datetime": {"datetime": "2024-01-19 01:25:24", "elapsed": 4423.328911, "delta": 0.004675}}
{"target": -13.75813067728959, "params": {"gamma": 709.8046306934382, "log10_alpha": -3.834374292391061, "log10_colsample_bytree": -0.24569095778292482, "log10_eta": -1.9476650753104439, "log10_lambda": 0.622958767718508, "log10_min_child_weight": 0.2800318183826267, "log10_subsample": -0.4757808313988512, "max_depth": 7.0, "num_boost_round": 10.0}, "datetime": {"datetime": "2024-01-19 01:25:24", "elapsed": 4423.333682, "delta": 0.004771}}
{"target": -13.757856248979799, "params": {"gamma": 709.8046306934382, "log10_alpha": -3.834374292391061, "log10_colsample_bytree": -0.24569095778292482, "log10_eta": -1.9476650753104439, "log10_lambda": 0.622958767718508, "log10_min_child_weight": 0.2800318183826267, "log10_subsample": -0.4757808313988512, "max_depth": 7.0, "num_boost_round": 11.0}, "datetime": {"datetime": "2024-01-19 01:25:24", "elapsed": 4423.338493, "delta": 0.004811}}
{"target": -13.758398817111937, "params": {"gamma": 709.8046306934382, "log10_alpha": -3.834374292391061, "log10_colsample_bytree": -0.24569095778292482, "log10_eta": -1.9476650753104439, "log10_lambda": 0.622958767718508, "log10_min_child_weight": 0.2800318183826267, "log10_subsample": -0.4757808313988512, "max_depth": 7.0, "num_boost_round": 12.0}, "datetime": {"datetime": "2024-01-19 01:25:24", "elapsed": 4423.343156, "delta": 0.004663}}
{"target": -13.758845970692734, "params": {"gamma": 709.8046306934382, "log10_alpha": -3.834374292391061, "log10_colsample_bytree": -0.24569095778292482, "log10_eta": -1.9476650753104439, "log10_lambda": 0.622958767718508, "log10_min_child_weight": 0.2800318183826267, "log10_subsample": -0.4757808313988512, "max_depth": 7.0, "num_boost_round": 13.0}, "datetime": {"datetime": "2024-01-19 01:25:24", "elapsed": 4423.347683, "delta": 0.004527}}
{"target": -13.75919994009593, "params": {"gamma": 709.8046306934382, "log10_alpha": -3.834374292391061, "log10_colsample_bytree": -0.24569095778292482, "log10_eta": -1.9476650753104439, "log10_lambda": 0.622958767718508, "log10_min_child_weight": 0.2800318183826267, "log10_subsample": -0.4757808313988512, "max_depth": 7.0, "num_boost_round": 14.0}, "datetime": {"datetime": "2024-01-19 01:25:24", "elapsed": 4423.352216, "delta": 0.004533}}
{"target": -13.758881448659812, "params": {"gamma": 709.8046306934382, "log10_alpha": -3.834374292391061, "log10_colsample_bytree": -0.24569095778292482, "log10_eta": -1.9476650753104439, "log10_lambda": 0.622958767718508, "log10_min_child_weight": 0.2800318183826267, "log10_subsample": -0.4757808313988512, "max_depth": 7.0, "num_boost_round": 15.0}, "datetime": {"datetime": "2024-01-19 01:25:24", "elapsed": 4423.357044, "delta": 0.004828}}
{"target": -13.758772466907722, "params": {"gamma": 709.8046306934382, "log10_alpha": -3.834374292391061, "log10_colsample_bytree": -0.24569095778292482, "log10_eta": -1.9476650753104439, "log10_lambda": 0.622958767718508, "log10_min_child_weight": 0.2800318183826267, "log10_subsample": -0.4757808313988512, "max_depth": 7.0, "num_boost_round": 16.0}, "datetime": {"datetime": "2024-01-19 01:25:24", "elapsed": 4423.361621, "delta": 0.004577}}
{"target": -13.758827838028905, "params": {"gamma": 709.8046306934382, "log10_alpha": -3.834374292391061, "log10_colsample_bytree": -0.24569095778292482, "log10_eta": -1.9476650753104439, "log10_lambda": 0.622958767718508, "log10_min_child_weight": 0.2800318183826267, "log10_subsample": -0.4757808313988512, "max_depth": 7.0, "num_boost_round": 17.0}, "datetime": {"datetime": "2024-01-19 01:25:24", "elapsed": 4423.366275, "delta": 0.004654}}
{"target": -13.75945634222143, "params": {"gamma": 709.8046306934382, "log10_alpha": -3.834374292391061, "log10_colsample_bytree": -0.24569095778292482, "log10_eta": -1.9476650753104439, "log10_lambda": 0.622958767718508, "log10_min_child_weight": 0.2800318183826267, "log10_subsample": -0.4757808313988512, "max_depth": 7.0, "num_boost_round": 18.0}, "datetime": {"datetime": "2024-01-19 01:25:24", "elapsed": 4423.370922, "delta": 0.004647}}
{"target": -13.759372087610087, "params": {"gamma": 709.8046306934382, "log10_alpha": -3.834374292391061, "log10_colsample_bytree": -0.24569095778292482, "log10_eta": -1.9476650753104439, "log10_lambda": 0.622958767718508, "log10_min_child_weight": 0.2800318183826267, "log10_subsample": -0.4757808313988512, "max_depth": 7.0, "num_boost_round": 19.0}, "datetime": {"datetime": "2024-01-19 01:25:24", "elapsed": 4423.37574, "delta": 0.004818}}
{"target": -13.759664523705531, "params": {"gamma": 709.8046306934382, "log10_alpha": -3.834374292391061, "log10_colsample_bytree": -0.24569095778292482, "log10_eta": -1.9476650753104439, "log10_lambda": 0.622958767718508, "log10_min_child_weight": 0.2800318183826267, "log10_subsample": -0.4757808313988512, "max_depth": 7.0, "num_boost_round": 20.0}, "datetime": {"datetime": "2024-01-19 01:25:24", "elapsed": 4423.380299, "delta": 0.004559}}
{"target": -13.759691704943812, "params": {"gamma": 709.8046306934382, "log10_alpha": -3.834374292391061, "log10_colsample_bytree": -0.24569095778292482, "log10_eta": -1.9476650753104439, "log10_lambda": 0.622958767718508, "log10_min_child_weight": 0.2800318183826267, "log10_subsample": -0.4757808313988512, "max_depth": 7.0, "num_boost_round": 21.0}, "datetime": {"datetime": "2024-01-19 01:25:24", "elapsed": 4423.385077, "delta": 0.004778}}
{"target": -13.759532137051991, "params": {"gamma": 709.8046306934382, "log10_alpha": -3.834374292391061, "log10_colsample_bytree": -0.24569095778292482, "log10_eta": -1.9476650753104439, "log10_lambda": 0.622958767718508, "log10_min_child_weight": 0.2800318183826267, "log10_subsample": -0.4757808313988512, "max_depth": 7.0, "num_boost_round": 22.0}, "datetime": {"datetime": "2024-01-19 01:25:24", "elapsed": 4423.389795, "delta": 0.004718}}
{"target": -13.759931114011486, "params": {"gamma": 709.8046306934382, "log10_alpha": -3.834374292391061, "log10_colsample_bytree": -0.24569095778292482, "log10_eta": -1.9476650753104439, "log10_lambda": 0.622958767718508, "log10_min_child_weight": 0.2800318183826267, "log10_subsample": -0.4757808313988512, "max_depth": 7.0, "num_boost_round": 23.0}, "datetime": {"datetime": "2024-01-19 01:25:24", "elapsed": 4423.516718, "delta": 0.126923}}
{"target": -13.760358529689693, "params": {"gamma": 709.8046306934382, "log10_alpha": -3.834374292391061, "log10_colsample_bytree": -0.24569095778292482, "log10_eta": -1.9476650753104439, "log10_lambda": 0.622958767718508, "log10_min_child_weight": 0.2800318183826267, "log10_subsample": -0.4757808313988512, "max_depth": 7.0, "num_boost_round": 24.0}, "datetime": {"datetime": "2024-01-19 01:25:24", "elapsed": 4423.522268, "delta": 0.00555}}
{"target": -13.760639847363754, "params": {"gamma": 709.8046306934382, "log10_alpha": -3.834374292391061, "log10_colsample_bytree": -0.24569095778292482, "log10_eta": -1.9476650753104439, "log10_lambda": 0.622958767718508, "log10_min_child_weight": 0.2800318183826267, "log10_subsample": -0.4757808313988512, "max_depth": 7.0, "num_boost_round": 25.0}, "datetime": {"datetime": "2024-01-19 01:25:24", "elapsed": 4423.527711, "delta": 0.005443}}
{"target": -13.761056727733994, "params": {"gamma": 709.8046306934382, "log10_alpha": -3.834374292391061, "log10_colsample_bytree": -0.24569095778292482, "log10_eta": -1.9476650753104439, "log10_lambda": 0.622958767718508, "log10_min_child_weight": 0.2800318183826267, "log10_subsample": -0.4757808313988512, "max_depth": 7.0, "num_boost_round": 26.0}, "datetime": {"datetime": "2024-01-19 01:25:24", "elapsed": 4423.532758, "delta": 0.005047}}
{"target": -13.761202911816254, "params": {"gamma": 709.8046306934382, "log10_alpha": -3.834374292391061, "log10_colsample_bytree": -0.24569095778292482, "log10_eta": -1.9476650753104439, "log10_lambda": 0.622958767718508, "log10_min_child_weight": 0.2800318183826267, "log10_subsample": -0.4757808313988512, "max_depth": 7.0, "num_boost_round": 27.0}, "datetime": {"datetime": "2024-01-19 01:25:24", "elapsed": 4423.537648, "delta": 0.00489}}
{"target": -13.761277064009047, "params": {"gamma": 709.8046306934382, "log10_alpha": -3.834374292391061, "log10_colsample_bytree": -0.24569095778292482, "log10_eta": -1.9476650753104439, "log10_lambda": 0.622958767718508, "log10_min_child_weight": 0.2800318183826267, "log10_subsample": -0.4757808313988512, "max_depth": 7.0, "num_boost_round": 28.0}, "datetime": {"datetime": "2024-01-19 01:25:24", "elapsed": 4423.542303, "delta": 0.004655}}
{"target": -13.76170067282402, "params": {"gamma": 709.8046306934382, "log10_alpha": -3.834374292391061, "log10_colsample_bytree": -0.24569095778292482, "log10_eta": -1.9476650753104439, "log10_lambda": 0.622958767718508, "log10_min_child_weight": 0.2800318183826267, "log10_subsample": -0.4757808313988512, "max_depth": 7.0, "num_boost_round": 29.0}, "datetime": {"datetime": "2024-01-19 01:25:24", "elapsed": 4423.546995, "delta": 0.004692}}
{"target": -13.762410885323963, "params": {"gamma": 709.8046306934382, "log10_alpha": -3.834374292391061, "log10_colsample_bytree": -0.24569095778292482, "log10_eta": -1.9476650753104439, "log10_lambda": 0.622958767718508, "log10_min_child_weight": 0.2800318183826267, "log10_subsample": -0.4757808313988512, "max_depth": 7.0, "num_boost_round": 30.0}, "datetime": {"datetime": "2024-01-19 01:25:24", "elapsed": 4423.551746, "delta": 0.004751}}
{"target": -13.762772596270326, "params": {"gamma": 709.8046306934382, "log10_alpha": -3.834374292391061, "log10_colsample_bytree": -0.24569095778292482, "log10_eta": -1.9476650753104439, "log10_lambda": 0.622958767718508, "log10_min_child_weight": 0.2800318183826267, "log10_subsample": -0.4757808313988512, "max_depth": 7.0, "num_boost_round": 31.0}, "datetime": {"datetime": "2024-01-19 01:25:24", "elapsed": 4423.556599, "delta": 0.004853}}
{"target": -13.763506925931084, "params": {"gamma": 709.8046306934382, "log10_alpha": -3.834374292391061, "log10_colsample_bytree": -0.24569095778292482, "log10_eta": -1.9476650753104439, "log10_lambda": 0.622958767718508, "log10_min_child_weight": 0.2800318183826267, "log10_subsample": -0.4757808313988512, "max_depth": 7.0, "num_boost_round": 32.0}, "datetime": {"datetime": "2024-01-19 01:25:24", "elapsed": 4423.561318, "delta": 0.004719}}
