{"target": -17.671506123010975, "params": {"gamma": 419.04023886544815, "log10_alpha": -1.2875096571209843, "log10_colsample_bytree": -0.5937840799284885, "log10_eta": -1.9783640342849793, "log10_lambda": -4.888880392619903, "log10_min_child_weight": 0.27193194034198787, "log10_subsample": -0.8392798250773772, "max_depth": 2.0, "num_boost_round": 29.0}, "datetime": {"datetime": "2024-01-19 00:20:36", "elapsed": 526.124947, "delta": 0.001439}}
{"target": -17.67141465350136, "params": {"gamma": 419.04023886544815, "log10_alpha": -1.2875096571209843, "log10_colsample_bytree": -0.5937840799284885, "log10_eta": -1.9783640342849793, "log10_lambda": -4.888880392619903, "log10_min_child_weight": 0.27193194034198787, "log10_subsample": -0.8392798250773772, "max_depth": 2.0, "num_boost_round": 30.0}, "datetime": {"datetime": "2024-01-19 00:20:36", "elapsed": 526.126387, "delta": 0.00144}}
{"target": -17.671272739592816, "params": {"gamma": 419.04023886544815, "log10_alpha": -1.2875096571209843, "log10_colsample_bytree": -0.5937840799284885, "log10_eta": -1.9783640342849793, "log10_lambda": -4.888880392619903, "log10_min_child_weight": 0.27193194034198787, "log10_subsample": -0.8392798250773772, "max_depth": 2.0, "num_boost_round": 31.0}, "datetime": {"datetime": "2024-01-19 00:20:36", "elapsed": 526.127821, "delta": 0.001434}}
{"target": -17.671178432915532, "params": {"gamma": 419.04023886544815, "log10_alpha": -1.2875096571209843, "log10_colsample_bytree": -0.5937840799284885, "log10_eta": -1.9783640342849793, "log10_lambda": -4.888880392619903, "log10_min_child_weight": 0.27193194034198787, "log10_subsample": -0.8392798250773772, "max_depth": 2.0, "num_boost_round": 32.0}, "datetime": {"datetime": "2024-01-19 00:20:36", "elapsed": 526.129272, "delta": 0.001451}}
{"target": -17.6710322413071, "params": {"gamma": 419.04023886544815, "log10_alpha": -1.2875096571209843, "log10_colsample_bytree": -0.5937840799284885, "log10_eta": -1.9783640342849793, "log10_lambda": -4.888880392619903, "log10_min_child_weight": 0.27193194034198787, "log10_subsample": -0.8392798250773772, "max_depth": 2.0, "num_boost_round": 33.0}, "datetime": {"datetime": "2024-01-19 00:20:36", "elapsed": 526.130717, "delta": 0.001445}}
{"target": -17.670927908214214, "params": {"gamma": 419.04023886544815, "log10_alpha": -1.2875096571209843, "log10_colsample_bytree": -0.5937840799284885, "log10_eta": -1.9783640342849793, "log10_lambda": -4.888880392619903, "log10_min_child_weight": 0.27193194034198787, "log10_subsample": -0.8392798250773772, "max_depth": 2.0, "num_boost_round": 34.0}, "datetime": {"datetime": "2024-01-19 00:20:36", "elapsed": 526.13223, "delta": 0.001513}}
{"target": -17.67083832484236, "params": {"gamma": 419.04023886544815, "log10_alpha": -1.2875096571209843, "log10_colsample_bytree": -0.5937840799284885, "log10_eta": -1.9783640342849793, "log10_lambda": -4.888880392619903, "log10_min_child_weight": 0.27193194034198787, "log10_subsample": -0.8392798250773772, "max_depth": 2.0, "num_boost_round": 35.0}, "datetime": {"datetime": "2024-01-19 00:20:36", "elapsed": 526.133674, "delta": 0.001444}}
{"target": -17.67083273625591, "params": {"gamma": 419.04023886544815, "log10_alpha": -1.2875096571209843, "log10_colsample_bytree": -0.5937840799284885, "log10_eta": -1.9783640342849793, "log10_lambda": -4.888880392619903, "log10_min_child_weight": 0.27193194034198787, "log10_subsample": -0.8392798250773772, "max_depth": 2.0, "num_boost_round": 36.0}, "datetime": {"datetime": "2024-01-19 00:20:36", "elapsed": 526.135114, "delta": 0.00144}}
{"target": -17.670866605260507, "params": {"gamma": 419.04023886544815, "log10_alpha": -1.2875096571209843, "log10_colsample_bytree": -0.5937840799284885, "log10_eta": -1.9783640342849793, "log10_lambda": -4.888880392619903, "log10_min_child_weight": 0.27193194034198787, "log10_subsample": -0.8392798250773772, "max_depth": 2.0, "num_boost_round": 37.0}, "datetime": {"datetime": "2024-01-19 00:20:36", "elapsed": 526.136569, "delta": 0.001455}}
{"target": -17.670677395305866, "params": {"gamma": 419.04023886544815, "log10_alpha": -1.2875096571209843, "log10_colsample_bytree": -0.5937840799284885, "log10_eta": -1.9783640342849793, "log10_lambda": -4.888880392619903, "log10_min_child_weight": 0.27193194034198787, "log10_subsample": -0.8392798250773772, "max_depth": 2.0, "num_boost_round": 38.0}, "datetime": {"datetime": "2024-01-19 00:20:36", "elapsed": 526.138011, "delta": 0.001442}}
{"target": -17.670368105045213, "params": {"gamma": 419.04023886544815, "log10_alpha": -1.2875096571209843, "log10_colsample_bytree": -0.5937840799284885, "log10_eta": -1.9783640342849793, "log10_lambda": -4.888880392619903, "log10_min_child_weight": 0.27193194034198787, "log10_subsample": -0.8392798250773772, "max_depth": 2.0, "num_boost_round": 39.0}, "datetime": {"datetime": "2024-01-19 00:20:36", "elapsed": 526.139453, "delta": 0.001442}}
{"target": -17.670301945057812, "params": {"gamma": 419.04023886544815, "log10_alpha": -1.2875096571209843, "log10_colsample_bytree": -0.5937840799284885, "log10_eta": -1.9783640342849793, "log10_lambda": -4.888880392619903, "log10_min_child_weight": 0.27193194034198787, "log10_subsample": -0.8392798250773772, "max_depth": 2.0, "num_boost_round": 40.0}, "datetime": {"datetime": "2024-01-19 00:20:36", "elapsed": 526.140906, "delta": 0.001453}}
{"target": -17.670318036599728, "params": {"gamma": 419.04023886544815, "log10_alpha": -1.2875096571209843, "log10_colsample_bytree": -0.5937840799284885, "log10_eta": -1.9783640342849793, "log10_lambda": -4.888880392619903, "log10_min_child_weight": 0.27193194034198787, "log10_subsample": -0.8392798250773772, "max_depth": 2.0, "num_boost_round": 41.0}, "datetime": {"datetime": "2024-01-19 00:20:36", "elapsed": 526.142553, "delta": 0.001647}}
{"target": -17.670185541274307, "params": {"gamma": 419.04023886544815, "log10_alpha": -1.2875096571209843, "log10_colsample_bytree": -0.5937840799284885, "log10_eta": -1.9783640342849793, "log10_lambda": -4.888880392619903, "log10_min_child_weight": 0.27193194034198787, "log10_subsample": -0.8392798250773772, "max_depth": 2.0, "num_boost_round": 42.0}, "datetime": {"datetime": "2024-01-19 00:20:36", "elapsed": 526.144146, "delta": 0.001593}}
{"target": -17.670157551705824, "params": {"gamma": 419.04023886544815, "log10_alpha": -1.2875096571209843, "log10_colsample_bytree": -0.5937840799284885, "log10_eta": -1.9783640342849793, "log10_lambda": -4.888880392619903, "log10_min_child_weight": 0.27193194034198787, "log10_subsample": -0.8392798250773772, "max_depth": 2.0, "num_boost_round": 43.0}, "datetime": {"datetime": "2024-01-19 00:20:36", "elapsed": 526.145736, "delta": 0.00159}}
{"target": -17.670095378477445, "params": {"gamma": 419.04023886544815, "log10_alpha": -1.2875096571209843, "log10_colsample_bytree": -0.5937840799284885, "log10_eta": -1.9783640342849793, "log10_lambda": -4.888880392619903, "log10_min_child_weight": 0.27193194034198787, "log10_subsample": -0.8392798250773772, "max_depth": 2.0, "num_boost_round": 44.0}, "datetime": {"datetime": "2024-01-19 00:20:36", "elapsed": 526.147253, "delta": 0.001517}}
{"target": -17.670084589756527, "params": {"gamma": 419.04023886544815, "log10_alpha": -1.2875096571209843, "log10_colsample_bytree": -0.5937840799284885, "log10_eta": -1.9783640342849793, "log10_lambda": -4.888880392619903, "log10_min_child_weight": 0.27193194034198787, "log10_subsample": -0.8392798250773772, "max_depth": 2.0, "num_boost_round": 45.0}, "datetime": {"datetime": "2024-01-19 00:20:36", "elapsed": 526.148718, "delta": 0.001465}}
{"target": -17.67000190729284, "params": {"gamma": 419.04023886544815, "log10_alpha": -1.2875096571209843, "log10_colsample_bytree": -0.5937840799284885, "log10_eta": -1.9783640342849793, "log10_lambda": -4.888880392619903, "log10_min_child_weight": 0.27193194034198787, "log10_subsample": -0.8392798250773772, "max_depth": 2.0, "num_boost_round": 46.0}, "datetime": {"datetime": "2024-01-19 00:20:36", "elapsed": 526.150182, "delta": 0.001464}}
{"target": -17.669660566187115, "params": {"gamma": 419.04023886544815, "log10_alpha": -1.2875096571209843, "log10_colsample_bytree": -0.5937840799284885, "log10_eta": -1.9783640342849793, "log10_lambda": -4.888880392619903, "log10_min_child_weight": 0.27193194034198787, "log10_subsample": -0.8392798250773772, "max_depth": 2.0, "num_boost_round": 47.0}, "datetime": {"datetime": "2024-01-19 00:20:36", "elapsed": 526.151711, "delta": 0.001529}}
{"target": -17.669452587252618, "params": {"gamma": 419.04023886544815, "log10_alpha": -1.2875096571209843, "log10_colsample_bytree": -0.5937840799284885, "log10_eta": -1.9783640342849793, "log10_lambda": -4.888880392619903, "log10_min_child_weight": 0.27193194034198787, "log10_subsample": -0.8392798250773772, "max_depth": 2.0, "num_boost_round": 48.0}, "datetime": {"datetime": "2024-01-19 00:20:36", "elapsed": 526.153184, "delta": 0.001473}}
{"target": -17.669350510705645, "params": {"gamma": 419.04023886544815, "log10_alpha": -1.2875096571209843, "log10_colsample_bytree": -0.5937840799284885, "log10_eta": -1.9783640342849793, "log10_lambda": -4.888880392619903, "log10_min_child_weight": 0.27193194034198787, "log10_subsample": -0.8392798250773772, "max_depth": 2.0, "num_boost_round": 49.0}, "datetime": {"datetime": "2024-01-19 00:20:36", "elapsed": 526.154659, "delta": 0.001475}}
{"target": -17.66941728917134, "params": {"gamma": 419.04023886544815, "log10_alpha": -1.2875096571209843, "log10_colsample_bytree": -0.5937840799284885, "log10_eta": -1.9783640342849793, "log10_lambda": -4.888880392619903, "log10_min_child_weight": 0.27193194034198787, "log10_subsample": -0.8392798250773772, "max_depth": 2.0, "num_boost_round": 50.0}, "datetime": {"datetime": "2024-01-19 00:20:36", "elapsed": 526.156127, "delta": 0.001468}}
{"target": -17.66950344699991, "params": {"gamma": 419.04023886544815, "log10_alpha": -1.2875096571209843, "log10_colsample_bytree": -0.5937840799284885, "log10_eta": -1.9783640342849793, "log10_lambda": -4.888880392619903, "log10_min_child_weight": 0.27193194034198787, "log10_subsample": -0.8392798250773772, "max_depth": 2.0, "num_boost_round": 51.0}, "datetime": {"datetime": "2024-01-19 00:20:36", "elapsed": 526.157591, "delta": 0.001464}}
{"target": -17.66957182360708, "params": {"gamma": 419.04023886544815, "log10_alpha": -1.2875096571209843, "log10_colsample_bytree": -0.5937840799284885, "log10_eta": -1.9783640342849793, "log10_lambda": -4.888880392619903, "log10_min_child_weight": 0.27193194034198787, "log10_subsample": -0.8392798250773772, "max_depth": 2.0, "num_boost_round": 52.0}, "datetime": {"datetime": "2024-01-19 00:20:36", "elapsed": 526.159064, "delta": 0.001473}}
{"target": -17.669429236000443, "params": {"gamma": 419.04023886544815, "log10_alpha": -1.2875096571209843, "log10_colsample_bytree": -0.5937840799284885, "log10_eta": -1.9783640342849793, "log10_lambda": -4.888880392619903, "log10_min_child_weight": 0.27193194034198787, "log10_subsample": -0.8392798250773772, "max_depth": 2.0, "num_boost_round": 53.0}, "datetime": {"datetime": "2024-01-19 00:20:36", "elapsed": 526.160544, "delta": 0.00148}}
{"target": -17.668913269827488, "params": {"gamma": 419.04023886544815, "log10_alpha": -1.2875096571209843, "log10_colsample_bytree": -0.5937840799284885, "log10_eta": -1.9783640342849793, "log10_lambda": -4.888880392619903, "log10_min_child_weight": 0.27193194034198787, "log10_subsample": -0.8392798250773772, "max_depth": 2.0, "num_boost_round": 54.0}, "datetime": {"datetime": "2024-01-19 00:20:36", "elapsed": 526.162113, "delta": 0.001569}}
{"target": -17.66893436171587, "params": {"gamma": 419.04023886544815, "log10_alpha": -1.2875096571209843, "log10_colsample_bytree": -0.5937840799284885, "log10_eta": -1.9783640342849793, "log10_lambda": -4.888880392619903, "log10_min_child_weight": 0.27193194034198787, "log10_subsample": -0.8392798250773772, "max_depth": 2.0, "num_boost_round": 55.0}, "datetime": {"datetime": "2024-01-19 00:20:36", "elapsed": 526.163604, "delta": 0.001491}}
{"target": -17.668942672602594, "params": {"gamma": 419.04023886544815, "log10_alpha": -1.2875096571209843, "log10_colsample_bytree": -0.5937840799284885, "log10_eta": -1.9783640342849793, "log10_lambda": -4.888880392619903, "log10_min_child_weight": 0.27193194034198787, "log10_subsample": -0.8392798250773772, "max_depth": 2.0, "num_boost_round": 56.0}, "datetime": {"datetime": "2024-01-19 00:20:36", "elapsed": 526.16509, "delta": 0.001486}}
{"target": -17.669082928587347, "params": {"gamma": 419.04023886544815, "log10_alpha": -1.2875096571209843, "log10_colsample_bytree": -0.5937840799284885, "log10_eta": -1.9783640342849793, "log10_lambda": -4.888880392619903, "log10_min_child_weight": 0.27193194034198787, "log10_subsample": -0.8392798250773772, "max_depth": 2.0, "num_boost_round": 57.0}, "datetime": {"datetime": "2024-01-19 00:20:36", "elapsed": 526.166566, "delta": 0.001476}}
{"target": -17.669084336298468, "params": {"gamma": 419.04023886544815, "log10_alpha": -1.2875096571209843, "log10_colsample_bytree": -0.5937840799284885, "log10_eta": -1.9783640342849793, "log10_lambda": -4.888880392619903, "log10_min_child_weight": 0.27193194034198787, "log10_subsample": -0.8392798250773772, "max_depth": 2.0, "num_boost_round": 58.0}, "datetime": {"datetime": "2024-01-19 00:20:36", "elapsed": 526.168053, "delta": 0.001487}}
{"target": -17.668737216291102, "params": {"gamma": 419.04023886544815, "log10_alpha": -1.2875096571209843, "log10_colsample_bytree": -0.5937840799284885, "log10_eta": -1.9783640342849793, "log10_lambda": -4.888880392619903, "log10_min_child_weight": 0.27193194034198787, "log10_subsample": -0.8392798250773772, "max_depth": 2.0, "num_boost_round": 59.0}, "datetime": {"datetime": "2024-01-19 00:20:36", "elapsed": 526.169544, "delta": 0.001491}}
{"target": -17.66861022047791, "params": {"gamma": 419.04023886544815, "log10_alpha": -1.2875096571209843, "log10_colsample_bytree": -0.5937840799284885, "log10_eta": -1.9783640342849793, "log10_lambda": -4.888880392619903, "log10_min_child_weight": 0.27193194034198787, "log10_subsample": -0.8392798250773772, "max_depth": 2.0, "num_boost_round": 60.0}, "datetime": {"datetime": "2024-01-19 00:20:36", "elapsed": 526.17102, "delta": 0.001476}}
{"target": -17.668625224257966, "params": {"gamma": 419.04023886544815, "log10_alpha": -1.2875096571209843, "log10_colsample_bytree": -0.5937840799284885, "log10_eta": -1.9783640342849793, "log10_lambda": -4.888880392619903, "log10_min_child_weight": 0.27193194034198787, "log10_subsample": -0.8392798250773772, "max_depth": 2.0, "num_boost_round": 61.0}, "datetime": {"datetime": "2024-01-19 00:20:36", "elapsed": 526.172559, "delta": 0.001539}}
{"target": -17.668635141384616, "params": {"gamma": 419.04023886544815, "log10_alpha": -1.2875096571209843, "log10_colsample_bytree": -0.5937840799284885, "log10_eta": -1.9783640342849793, "log10_lambda": -4.888880392619903, "log10_min_child_weight": 0.27193194034198787, "log10_subsample": -0.8392798250773772, "max_depth": 2.0, "num_boost_round": 62.0}, "datetime": {"datetime": "2024-01-19 00:20:36", "elapsed": 526.174056, "delta": 0.001497}}
{"target": -17.66878183925017, "params": {"gamma": 419.04023886544815, "log10_alpha": -1.2875096571209843, "log10_colsample_bytree": -0.5937840799284885, "log10_eta": -1.9783640342849793, "log10_lambda": -4.888880392619903, "log10_min_child_weight": 0.27193194034198787, "log10_subsample": -0.8392798250773772, "max_depth": 2.0, "num_boost_round": 63.0}, "datetime": {"datetime": "2024-01-19 00:20:36", "elapsed": 526.175547, "delta": 0.001491}}
{"target": -17.66855930009376, "params": {"gamma": 419.04023886544815, "log10_alpha": -1.2875096571209843, "log10_colsample_bytree": -0.5937840799284885, "log10_eta": -1.9783640342849793, "log10_lambda": -4.888880392619903, "log10_min_child_weight": 0.27193194034198787, "log10_subsample": -0.8392798250773772, "max_depth": 2.0, "num_boost_round": 64.0}, "datetime": {"datetime": "2024-01-19 00:20:36", "elapsed": 526.177035, "delta": 0.001488}}
{"target": -17.668841756436098, "params": {"gamma": 419.04023886544815, "log10_alpha": -1.2875096571209843, "log10_colsample_bytree": -0.5937840799284885, "log10_eta": -1.9783640342849793, "log10_lambda": -4.888880392619903, "log10_min_child_weight": 0.27193194034198787, "log10_subsample": -0.8392798250773772, "max_depth": 2.0, "num_boost_round": 65.0}, "datetime": {"datetime": "2024-01-19 00:20:36", "elapsed": 526.178519, "delta": 0.001484}}
{"target": -17.668573665274838, "params": {"gamma": 419.04023886544815, "log10_alpha": -1.2875096571209843, "log10_colsample_bytree": -0.5937840799284885, "log10_eta": -1.9783640342849793, "log10_lambda": -4.888880392619903, "log10_min_child_weight": 0.27193194034198787, "log10_subsample": -0.8392798250773772, "max_depth": 2.0, "num_boost_round": 66.0}, "datetime": {"datetime": "2024-01-19 00:20:36", "elapsed": 526.180032, "delta": 0.001513}}
{"target": -17.66858324446523, "params": {"gamma": 419.04023886544815, "log10_alpha": -1.2875096571209843, "log10_colsample_bytree": -0.5937840799284885, "log10_eta": -1.9783640342849793, "log10_lambda": -4.888880392619903, "log10_min_child_weight": 0.27193194034198787, "log10_subsample": -0.8392798250773772, "max_depth": 2.0, "num_boost_round": 67.0}, "datetime": {"datetime": "2024-01-19 00:20:36", "elapsed": 526.181522, "delta": 0.00149}}
{"target": -17.668420489391487, "params": {"gamma": 419.04023886544815, "log10_alpha": -1.2875096571209843, "log10_colsample_bytree": -0.5937840799284885, "log10_eta": -1.9783640342849793, "log10_lambda": -4.888880392619903, "log10_min_child_weight": 0.27193194034198787, "log10_subsample": -0.8392798250773772, "max_depth": 2.0, "num_boost_round": 68.0}, "datetime": {"datetime": "2024-01-19 00:20:36", "elapsed": 526.183129, "delta": 0.001607}}
{"target": -17.66844372497353, "params": {"gamma": 419.04023886544815, "log10_alpha": -1.2875096571209843, "log10_colsample_bytree": -0.5937840799284885, "log10_eta": -1.9783640342849793, "log10_lambda": -4.888880392619903, "log10_min_child_weight": 0.27193194034198787, "log10_subsample": -0.8392798250773772, "max_depth": 2.0, "num_boost_round": 69.0}, "datetime": {"datetime": "2024-01-19 00:20:36", "elapsed": 526.184632, "delta": 0.001503}}
{"target": -17.668413453736072, "params": {"gamma": 419.04023886544815, "log10_alpha": -1.2875096571209843, "log10_colsample_bytree": -0.5937840799284885, "log10_eta": -1.9783640342849793, "log10_lambda": -4.888880392619903, "log10_min_child_weight": 0.27193194034198787, "log10_subsample": -0.8392798250773772, "max_depth": 2.0, "num_boost_round": 70.0}, "datetime": {"datetime": "2024-01-19 00:20:36", "elapsed": 526.186124, "delta": 0.001492}}
{"target": -17.668514066748465, "params": {"gamma": 419.04023886544815, "log10_alpha": -1.2875096571209843, "log10_colsample_bytree": -0.5937840799284885, "log10_eta": -1.9783640342849793, "log10_lambda": -4.888880392619903, "log10_min_child_weight": 0.27193194034198787, "log10_subsample": -0.8392798250773772, "max_depth": 2.0, "num_boost_round": 71.0}, "datetime": {"datetime": "2024-01-19 00:20:36", "elapsed": 526.187628, "delta": 0.001504}}
{"target": -17.668435484717072, "params": {"gamma": 419.04023886544815, "log10_alpha": -1.2875096571209843, "log10_colsample_bytree": -0.5937840799284885, "log10_eta": -1.9783640342849793, "log10_lambda": -4.888880392619903, "log10_min_child_weight": 0.27193194034198787, "log10_subsample": -0.8392798250773772, "max_depth": 2.0, "num_boost_round": 72.0}, "datetime": {"datetime": "2024-01-19 00:20:36", "elapsed": 526.189121, "delta": 0.001493}}
{"target": -17.66846771919068, "params": {"gamma": 419.04023886544815, "log10_alpha": -1.2875096571209843, "log10_colsample_bytree": -0.5937840799284885, "log10_eta": -1.9783640342849793, "log10_lambda": -4.888880392619903, "log10_min_child_weight": 0.27193194034198787, "log10_subsample": -0.8392798250773772, "max_depth": 2.0, "num_boost_round": 73.0}, "datetime": {"datetime": "2024-01-19 00:20:36", "elapsed": 526.19062, "delta": 0.001499}}
{"target": -17.668371565340422, "params": {"gamma": 419.04023886544815, "log10_alpha": -1.2875096571209843, "log10_colsample_bytree": -0.5937840799284885, "log10_eta": -1.9783640342849793, "log10_lambda": -4.888880392619903, "log10_min_child_weight": 0.27193194034198787, "log10_subsample": -0.8392798250773772, "max_depth": 2.0, "num_boost_round": 74.0}, "datetime": {"datetime": "2024-01-19 00:20:36", "elapsed": 526.192193, "delta": 0.001573}}
{"target": -17.668538983473358, "params": {"gamma": 419.04023886544815, "log10_alpha": -1.2875096571209843, "log10_colsample_bytree": -0.5937840799284885, "log10_eta": -1.9783640342849793, "log10_lambda": -4.888880392619903, "log10_min_child_weight": 0.27193194034198787, "log10_subsample": -0.8392798250773772, "max_depth": 2.0, "num_boost_round": 75.0}, "datetime": {"datetime": "2024-01-19 00:20:36", "elapsed": 526.193686, "delta": 0.001493}}
{"target": -17.668441651538473, "params": {"gamma": 419.04023886544815, "log10_alpha": -1.2875096571209843, "log10_colsample_bytree": -0.5937840799284885, "log10_eta": -1.9783640342849793, "log10_lambda": -4.888880392619903, "log10_min_child_weight": 0.27193194034198787, "log10_subsample": -0.8392798250773772, "max_depth": 2.0, "num_boost_round": 76.0}, "datetime": {"datetime": "2024-01-19 00:20:36", "elapsed": 526.195192, "delta": 0.001506}}
{"target": -17.66846482427573, "params": {"gamma": 419.04023886544815, "log10_alpha": -1.2875096571209843, "log10_colsample_bytree": -0.5937840799284885, "log10_eta": -1.9783640342849793, "log10_lambda": -4.888880392619903, "log10_min_child_weight": 0.27193194034198787, "log10_subsample": -0.8392798250773772, "max_depth": 2.0, "num_boost_round": 77.0}, "datetime": {"datetime": "2024-01-19 00:20:36", "elapsed": 526.196704, "delta": 0.001512}}
