{"target": -17.677085954676404, "params": {"gamma": 444.89752204426225, "log10_alpha": -4.686236004258852, "log10_colsample_bytree": -0.9827929282507659, "log10_eta": -1.074050590965999, "log10_lambda": -1.8416368364044389, "log10_min_child_weight": 4.558242894930063, "log10_subsample": -0.5027856037971654, "max_depth": 6.0, "num_boost_round": 17.0}, "datetime": {"datetime": "2024-01-19 00:19:32", "elapsed": 465.606094, "delta": 0.001094}}
{"target": -17.67658299107174, "params": {"gamma": 444.89752204426225, "log10_alpha": -4.686236004258852, "log10_colsample_bytree": -0.9827929282507659, "log10_eta": -1.074050590965999, "log10_lambda": -1.8416368364044389, "log10_min_child_weight": 4.558242894930063, "log10_subsample": -0.5027856037971654, "max_depth": 6.0, "num_boost_round": 18.0}, "datetime": {"datetime": "2024-01-19 00:19:32", "elapsed": 465.607171, "delta": 0.001077}}
{"target": -17.676301680099986, "params": {"gamma": 444.89752204426225, "log10_alpha": -4.686236004258852, "log10_colsample_bytree": -0.9827929282507659, "log10_eta": -1.074050590965999, "log10_lambda": -1.8416368364044389, "log10_min_child_weight": 4.558242894930063, "log10_subsample": -0.5027856037971654, "max_depth": 6.0, "num_boost_round": 19.0}, "datetime": {"datetime": "2024-01-19 00:19:32", "elapsed": 465.608258, "delta": 0.001087}}
{"target": -17.676398327964193, "params": {"gamma": 444.89752204426225, "log10_alpha": -4.686236004258852, "log10_colsample_bytree": -0.9827929282507659, "log10_eta": -1.074050590965999, "log10_lambda": -1.8416368364044389, "log10_min_child_weight": 4.558242894930063, "log10_subsample": -0.5027856037971654, "max_depth": 6.0, "num_boost_round": 20.0}, "datetime": {"datetime": "2024-01-19 00:19:32", "elapsed": 465.609356, "delta": 0.001098}}
{"target": -17.676315438939472, "params": {"gamma": 444.89752204426225, "log10_alpha": -4.686236004258852, "log10_colsample_bytree": -0.9827929282507659, "log10_eta": -1.074050590965999, "log10_lambda": -1.8416368364044389, "log10_min_child_weight": 4.558242894930063, "log10_subsample": -0.5027856037971654, "max_depth": 6.0, "num_boost_round": 21.0}, "datetime": {"datetime": "2024-01-19 00:19:32", "elapsed": 465.610502, "delta": 0.001146}}
{"target": -17.677465245313147, "params": {"gamma": 444.89752204426225, "log10_alpha": -4.686236004258852, "log10_colsample_bytree": -0.9827929282507659, "log10_eta": -1.074050590965999, "log10_lambda": -1.8416368364044389, "log10_min_child_weight": 4.558242894930063, "log10_subsample": -0.5027856037971654, "max_depth": 6.0, "num_boost_round": 22.0}, "datetime": {"datetime": "2024-01-19 00:19:32", "elapsed": 465.611654, "delta": 0.001152}}
{"target": -17.677586151123364, "params": {"gamma": 444.89752204426225, "log10_alpha": -4.686236004258852, "log10_colsample_bytree": -0.9827929282507659, "log10_eta": -1.074050590965999, "log10_lambda": -1.8416368364044389, "log10_min_child_weight": 4.558242894930063, "log10_subsample": -0.5027856037971654, "max_depth": 6.0, "num_boost_round": 23.0}, "datetime": {"datetime": "2024-01-19 00:19:32", "elapsed": 465.612834, "delta": 0.00118}}
{"target": -17.678110627788392, "params": {"gamma": 444.89752204426225, "log10_alpha": -4.686236004258852, "log10_colsample_bytree": -0.9827929282507659, "log10_eta": -1.074050590965999, "log10_lambda": -1.8416368364044389, "log10_min_child_weight": 4.558242894930063, "log10_subsample": -0.5027856037971654, "max_depth": 6.0, "num_boost_round": 24.0}, "datetime": {"datetime": "2024-01-19 00:19:32", "elapsed": 465.613999, "delta": 0.001165}}
{"target": -17.67791351875672, "params": {"gamma": 444.89752204426225, "log10_alpha": -4.686236004258852, "log10_colsample_bytree": -0.9827929282507659, "log10_eta": -1.074050590965999, "log10_lambda": -1.8416368364044389, "log10_min_child_weight": 4.558242894930063, "log10_subsample": -0.5027856037971654, "max_depth": 6.0, "num_boost_round": 25.0}, "datetime": {"datetime": "2024-01-19 00:19:32", "elapsed": 465.615165, "delta": 0.001166}}
{"target": -17.679236285096277, "params": {"gamma": 444.89752204426225, "log10_alpha": -4.686236004258852, "log10_colsample_bytree": -0.9827929282507659, "log10_eta": -1.074050590965999, "log10_lambda": -1.8416368364044389, "log10_min_child_weight": 4.558242894930063, "log10_subsample": -0.5027856037971654, "max_depth": 6.0, "num_boost_round": 26.0}, "datetime": {"datetime": "2024-01-19 00:19:32", "elapsed": 465.616307, "delta": 0.001142}}
{"target": -17.6792967416689, "params": {"gamma": 444.89752204426225, "log10_alpha": -4.686236004258852, "log10_colsample_bytree": -0.9827929282507659, "log10_eta": -1.074050590965999, "log10_lambda": -1.8416368364044389, "log10_min_child_weight": 4.558242894930063, "log10_subsample": -0.5027856037971654, "max_depth": 6.0, "num_boost_round": 27.0}, "datetime": {"datetime": "2024-01-19 00:19:32", "elapsed": 465.617449, "delta": 0.001142}}
{"target": -17.679298240986956, "params": {"gamma": 444.89752204426225, "log10_alpha": -4.686236004258852, "log10_colsample_bytree": -0.9827929282507659, "log10_eta": -1.074050590965999, "log10_lambda": -1.8416368364044389, "log10_min_child_weight": 4.558242894930063, "log10_subsample": -0.5027856037971654, "max_depth": 6.0, "num_boost_round": 28.0}, "datetime": {"datetime": "2024-01-19 00:19:32", "elapsed": 465.618571, "delta": 0.001122}}
{"target": -17.679608123451825, "params": {"gamma": 444.89752204426225, "log10_alpha": -4.686236004258852, "log10_colsample_bytree": -0.9827929282507659, "log10_eta": -1.074050590965999, "log10_lambda": -1.8416368364044389, "log10_min_child_weight": 4.558242894930063, "log10_subsample": -0.5027856037971654, "max_depth": 6.0, "num_boost_round": 29.0}, "datetime": {"datetime": "2024-01-19 00:19:32", "elapsed": 465.619718, "delta": 0.001147}}
{"target": -17.67990800543485, "params": {"gamma": 444.89752204426225, "log10_alpha": -4.686236004258852, "log10_colsample_bytree": -0.9827929282507659, "log10_eta": -1.074050590965999, "log10_lambda": -1.8416368364044389, "log10_min_child_weight": 4.558242894930063, "log10_subsample": -0.5027856037971654, "max_depth": 6.0, "num_boost_round": 30.0}, "datetime": {"datetime": "2024-01-19 00:19:32", "elapsed": 465.620851, "delta": 0.001133}}
{"target": -17.680537771901815, "params": {"gamma": 444.89752204426225, "log10_alpha": -4.686236004258852, "log10_colsample_bytree": -0.9827929282507659, "log10_eta": -1.074050590965999, "log10_lambda": -1.8416368364044389, "log10_min_child_weight": 4.558242894930063, "log10_subsample": -0.5027856037971654, "max_depth": 6.0, "num_boost_round": 31.0}, "datetime": {"datetime": "2024-01-19 00:19:32", "elapsed": 465.621985, "delta": 0.001134}}
{"target": -17.682066320293032, "params": {"gamma": 444.89752204426225, "log10_alpha": -4.686236004258852, "log10_colsample_bytree": -0.9827929282507659, "log10_eta": -1.074050590965999, "log10_lambda": -1.8416368364044389, "log10_min_child_weight": 4.558242894930063, "log10_subsample": -0.5027856037971654, "max_depth": 6.0, "num_boost_round": 32.0}, "datetime": {"datetime": "2024-01-19 00:19:32", "elapsed": 465.623129, "delta": 0.001144}}
{"target": -17.682996097124313, "params": {"gamma": 444.89752204426225, "log10_alpha": -4.686236004258852, "log10_colsample_bytree": -0.9827929282507659, "log10_eta": -1.074050590965999, "log10_lambda": -1.8416368364044389, "log10_min_child_weight": 4.558242894930063, "log10_subsample": -0.5027856037971654, "max_depth": 6.0, "num_boost_round": 33.0}, "datetime": {"datetime": "2024-01-19 00:19:32", "elapsed": 465.624273, "delta": 0.001144}}
{"target": -17.682439679039007, "params": {"gamma": 444.89752204426225, "log10_alpha": -4.686236004258852, "log10_colsample_bytree": -0.9827929282507659, "log10_eta": -1.074050590965999, "log10_lambda": -1.8416368364044389, "log10_min_child_weight": 4.558242894930063, "log10_subsample": -0.5027856037971654, "max_depth": 6.0, "num_boost_round": 34.0}, "datetime": {"datetime": "2024-01-19 00:19:32", "elapsed": 465.62542, "delta": 0.001147}}
{"target": -17.68343508486731, "params": {"gamma": 444.89752204426225, "log10_alpha": -4.686236004258852, "log10_colsample_bytree": -0.9827929282507659, "log10_eta": -1.074050590965999, "log10_lambda": -1.8416368364044389, "log10_min_child_weight": 4.558242894930063, "log10_subsample": -0.5027856037971654, "max_depth": 6.0, "num_boost_round": 35.0}, "datetime": {"datetime": "2024-01-19 00:19:32", "elapsed": 465.626563, "delta": 0.001143}}
{"target": -17.684163612423283, "params": {"gamma": 444.89752204426225, "log10_alpha": -4.686236004258852, "log10_colsample_bytree": -0.9827929282507659, "log10_eta": -1.074050590965999, "log10_lambda": -1.8416368364044389, "log10_min_child_weight": 4.558242894930063, "log10_subsample": -0.5027856037971654, "max_depth": 6.0, "num_boost_round": 36.0}, "datetime": {"datetime": "2024-01-19 00:19:32", "elapsed": 465.627711, "delta": 0.001148}}
{"target": -17.68529787263707, "params": {"gamma": 444.89752204426225, "log10_alpha": -4.686236004258852, "log10_colsample_bytree": -0.9827929282507659, "log10_eta": -1.074050590965999, "log10_lambda": -1.8416368364044389, "log10_min_child_weight": 4.558242894930063, "log10_subsample": -0.5027856037971654, "max_depth": 6.0, "num_boost_round": 37.0}, "datetime": {"datetime": "2024-01-19 00:19:32", "elapsed": 465.628858, "delta": 0.001147}}
{"target": -17.685261691594715, "params": {"gamma": 444.89752204426225, "log10_alpha": -4.686236004258852, "log10_colsample_bytree": -0.9827929282507659, "log10_eta": -1.074050590965999, "log10_lambda": -1.8416368364044389, "log10_min_child_weight": 4.558242894930063, "log10_subsample": -0.5027856037971654, "max_depth": 6.0, "num_boost_round": 38.0}, "datetime": {"datetime": "2024-01-19 00:19:32", "elapsed": 465.630017, "delta": 0.001159}}
{"target": -17.685956542837626, "params": {"gamma": 444.89752204426225, "log10_alpha": -4.686236004258852, "log10_colsample_bytree": -0.9827929282507659, "log10_eta": -1.074050590965999, "log10_lambda": -1.8416368364044389, "log10_min_child_weight": 4.558242894930063, "log10_subsample": -0.5027856037971654, "max_depth": 6.0, "num_boost_round": 39.0}, "datetime": {"datetime": "2024-01-19 00:19:32", "elapsed": 465.631143, "delta": 0.001126}}
{"target": -17.686479547760843, "params": {"gamma": 444.89752204426225, "log10_alpha": -4.686236004258852, "log10_colsample_bytree": -0.9827929282507659, "log10_eta": -1.074050590965999, "log10_lambda": -1.8416368364044389, "log10_min_child_weight": 4.558242894930063, "log10_subsample": -0.5027856037971654, "max_depth": 6.0, "num_boost_round": 40.0}, "datetime": {"datetime": "2024-01-19 00:19:32", "elapsed": 465.632281, "delta": 0.001138}}
{"target": -17.685574449408982, "params": {"gamma": 444.89752204426225, "log10_alpha": -4.686236004258852, "log10_colsample_bytree": -0.9827929282507659, "log10_eta": -1.074050590965999, "log10_lambda": -1.8416368364044389, "log10_min_child_weight": 4.558242894930063, "log10_subsample": -0.5027856037971654, "max_depth": 6.0, "num_boost_round": 41.0}, "datetime": {"datetime": "2024-01-19 00:19:32", "elapsed": 465.633426, "delta": 0.001145}}
{"target": -17.68616602734887, "params": {"gamma": 444.89752204426225, "log10_alpha": -4.686236004258852, "log10_colsample_bytree": -0.9827929282507659, "log10_eta": -1.074050590965999, "log10_lambda": -1.8416368364044389, "log10_min_child_weight": 4.558242894930063, "log10_subsample": -0.5027856037971654, "max_depth": 6.0, "num_boost_round": 42.0}, "datetime": {"datetime": "2024-01-19 00:19:32", "elapsed": 465.634586, "delta": 0.00116}}
{"target": -17.68600388391304, "params": {"gamma": 444.89752204426225, "log10_alpha": -4.686236004258852, "log10_colsample_bytree": -0.9827929282507659, "log10_eta": -1.074050590965999, "log10_lambda": -1.8416368364044389, "log10_min_child_weight": 4.558242894930063, "log10_subsample": -0.5027856037971654, "max_depth": 6.0, "num_boost_round": 43.0}, "datetime": {"datetime": "2024-01-19 00:19:32", "elapsed": 465.635728, "delta": 0.001142}}
{"target": -17.686083821890417, "params": {"gamma": 444.89752204426225, "log10_alpha": -4.686236004258852, "log10_colsample_bytree": -0.9827929282507659, "log10_eta": -1.074050590965999, "log10_lambda": -1.8416368364044389, "log10_min_child_weight": 4.558242894930063, "log10_subsample": -0.5027856037971654, "max_depth": 6.0, "num_boost_round": 44.0}, "datetime": {"datetime": "2024-01-19 00:19:32", "elapsed": 465.636873, "delta": 0.001145}}
{"target": -17.686086304706095, "params": {"gamma": 444.89752204426225, "log10_alpha": -4.686236004258852, "log10_colsample_bytree": -0.9827929282507659, "log10_eta": -1.074050590965999, "log10_lambda": -1.8416368364044389, "log10_min_child_weight": 4.558242894930063, "log10_subsample": -0.5027856037971654, "max_depth": 6.0, "num_boost_round": 45.0}, "datetime": {"datetime": "2024-01-19 00:19:32", "elapsed": 465.638017, "delta": 0.001144}}
{"target": -17.685914345234963, "params": {"gamma": 444.89752204426225, "log10_alpha": -4.686236004258852, "log10_colsample_bytree": -0.9827929282507659, "log10_eta": -1.074050590965999, "log10_lambda": -1.8416368364044389, "log10_min_child_weight": 4.558242894930063, "log10_subsample": -0.5027856037971654, "max_depth": 6.0, "num_boost_round": 46.0}, "datetime": {"datetime": "2024-01-19 00:19:32", "elapsed": 465.639158, "delta": 0.001141}}
{"target": -17.686374043947833, "params": {"gamma": 444.89752204426225, "log10_alpha": -4.686236004258852, "log10_colsample_bytree": -0.9827929282507659, "log10_eta": -1.074050590965999, "log10_lambda": -1.8416368364044389, "log10_min_child_weight": 4.558242894930063, "log10_subsample": -0.5027856037971654, "max_depth": 6.0, "num_boost_round": 47.0}, "datetime": {"datetime": "2024-01-19 00:19:32", "elapsed": 465.640322, "delta": 0.001164}}
{"target": -17.687271752679912, "params": {"gamma": 444.89752204426225, "log10_alpha": -4.686236004258852, "log10_colsample_bytree": -0.9827929282507659, "log10_eta": -1.074050590965999, "log10_lambda": -1.8416368364044389, "log10_min_child_weight": 4.558242894930063, "log10_subsample": -0.5027856037971654, "max_depth": 6.0, "num_boost_round": 48.0}, "datetime": {"datetime": "2024-01-19 00:19:32", "elapsed": 465.642101, "delta": 0.001779}}
{"target": -17.687532634222116, "params": {"gamma": 444.89752204426225, "log10_alpha": -4.686236004258852, "log10_colsample_bytree": -0.9827929282507659, "log10_eta": -1.074050590965999, "log10_lambda": -1.8416368364044389, "log10_min_child_weight": 4.558242894930063, "log10_subsample": -0.5027856037971654, "max_depth": 6.0, "num_boost_round": 49.0}, "datetime": {"datetime": "2024-01-19 00:19:32", "elapsed": 465.643467, "delta": 0.001366}}
{"target": -17.68789269173277, "params": {"gamma": 444.89752204426225, "log10_alpha": -4.686236004258852, "log10_colsample_bytree": -0.9827929282507659, "log10_eta": -1.074050590965999, "log10_lambda": -1.8416368364044389, "log10_min_child_weight": 4.558242894930063, "log10_subsample": -0.5027856037971654, "max_depth": 6.0, "num_boost_round": 50.0}, "datetime": {"datetime": "2024-01-19 00:19:32", "elapsed": 465.644684, "delta": 0.001217}}
{"target": -17.687406732664105, "params": {"gamma": 444.89752204426225, "log10_alpha": -4.686236004258852, "log10_colsample_bytree": -0.9827929282507659, "log10_eta": -1.074050590965999, "log10_lambda": -1.8416368364044389, "log10_min_child_weight": 4.558242894930063, "log10_subsample": -0.5027856037971654, "max_depth": 6.0, "num_boost_round": 51.0}, "datetime": {"datetime": "2024-01-19 00:19:32", "elapsed": 465.645803, "delta": 0.001119}}
{"target": -17.687859468141824, "params": {"gamma": 444.89752204426225, "log10_alpha": -4.686236004258852, "log10_colsample_bytree": -0.9827929282507659, "log10_eta": -1.074050590965999, "log10_lambda": -1.8416368364044389, "log10_min_child_weight": 4.558242894930063, "log10_subsample": -0.5027856037971654, "max_depth": 6.0, "num_boost_round": 52.0}, "datetime": {"datetime": "2024-01-19 00:19:32", "elapsed": 465.646938, "delta": 0.001135}}
{"target": -17.6878088688147, "params": {"gamma": 444.89752204426225, "log10_alpha": -4.686236004258852, "log10_colsample_bytree": -0.9827929282507659, "log10_eta": -1.074050590965999, "log10_lambda": -1.8416368364044389, "log10_min_child_weight": 4.558242894930063, "log10_subsample": -0.5027856037971654, "max_depth": 6.0, "num_boost_round": 53.0}, "datetime": {"datetime": "2024-01-19 00:19:32", "elapsed": 465.648059, "delta": 0.001121}}
{"target": -17.688541085914398, "params": {"gamma": 444.89752204426225, "log10_alpha": -4.686236004258852, "log10_colsample_bytree": -0.9827929282507659, "log10_eta": -1.074050590965999, "log10_lambda": -1.8416368364044389, "log10_min_child_weight": 4.558242894930063, "log10_subsample": -0.5027856037971654, "max_depth": 6.0, "num_boost_round": 54.0}, "datetime": {"datetime": "2024-01-19 00:19:32", "elapsed": 465.64925, "delta": 0.001191}}
{"target": -17.688924027244393, "params": {"gamma": 444.89752204426225, "log10_alpha": -4.686236004258852, "log10_colsample_bytree": -0.9827929282507659, "log10_eta": -1.074050590965999, "log10_lambda": -1.8416368364044389, "log10_min_child_weight": 4.558242894930063, "log10_subsample": -0.5027856037971654, "max_depth": 6.0, "num_boost_round": 55.0}, "datetime": {"datetime": "2024-01-19 00:19:33", "elapsed": 465.650425, "delta": 0.001175}}
{"target": -17.68917739075833, "params": {"gamma": 444.89752204426225, "log10_alpha": -4.686236004258852, "log10_colsample_bytree": -0.9827929282507659, "log10_eta": -1.074050590965999, "log10_lambda": -1.8416368364044389, "log10_min_child_weight": 4.558242894930063, "log10_subsample": -0.5027856037971654, "max_depth": 6.0, "num_boost_round": 56.0}, "datetime": {"datetime": "2024-01-19 00:19:33", "elapsed": 465.651593, "delta": 0.001168}}
{"target": -17.689757708046603, "params": {"gamma": 444.89752204426225, "log10_alpha": -4.686236004258852, "log10_colsample_bytree": -0.9827929282507659, "log10_eta": -1.074050590965999, "log10_lambda": -1.8416368364044389, "log10_min_child_weight": 4.558242894930063, "log10_subsample": -0.5027856037971654, "max_depth": 6.0, "num_boost_round": 57.0}, "datetime": {"datetime": "2024-01-19 00:19:33", "elapsed": 465.652786, "delta": 0.001193}}
{"target": -17.690479769300868, "params": {"gamma": 444.89752204426225, "log10_alpha": -4.686236004258852, "log10_colsample_bytree": -0.9827929282507659, "log10_eta": -1.074050590965999, "log10_lambda": -1.8416368364044389, "log10_min_child_weight": 4.558242894930063, "log10_subsample": -0.5027856037971654, "max_depth": 6.0, "num_boost_round": 58.0}, "datetime": {"datetime": "2024-01-19 00:19:33", "elapsed": 465.653953, "delta": 0.001167}}
{"target": -17.69094333037986, "params": {"gamma": 444.89752204426225, "log10_alpha": -4.686236004258852, "log10_colsample_bytree": -0.9827929282507659, "log10_eta": -1.074050590965999, "log10_lambda": -1.8416368364044389, "log10_min_child_weight": 4.558242894930063, "log10_subsample": -0.5027856037971654, "max_depth": 6.0, "num_boost_round": 59.0}, "datetime": {"datetime": "2024-01-19 00:19:33", "elapsed": 465.65513, "delta": 0.001177}}
{"target": -17.690521558288957, "params": {"gamma": 444.89752204426225, "log10_alpha": -4.686236004258852, "log10_colsample_bytree": -0.9827929282507659, "log10_eta": -1.074050590965999, "log10_lambda": -1.8416368364044389, "log10_min_child_weight": 4.558242894930063, "log10_subsample": -0.5027856037971654, "max_depth": 6.0, "num_boost_round": 60.0}, "datetime": {"datetime": "2024-01-19 00:19:33", "elapsed": 465.65635, "delta": 0.00122}}
{"target": -17.69106201701822, "params": {"gamma": 444.89752204426225, "log10_alpha": -4.686236004258852, "log10_colsample_bytree": -0.9827929282507659, "log10_eta": -1.074050590965999, "log10_lambda": -1.8416368364044389, "log10_min_child_weight": 4.558242894930063, "log10_subsample": -0.5027856037971654, "max_depth": 6.0, "num_boost_round": 61.0}, "datetime": {"datetime": "2024-01-19 00:19:33", "elapsed": 465.657534, "delta": 0.001184}}
{"target": -17.691331455306944, "params": {"gamma": 444.89752204426225, "log10_alpha": -4.686236004258852, "log10_colsample_bytree": -0.9827929282507659, "log10_eta": -1.074050590965999, "log10_lambda": -1.8416368364044389, "log10_min_child_weight": 4.558242894930063, "log10_subsample": -0.5027856037971654, "max_depth": 6.0, "num_boost_round": 62.0}, "datetime": {"datetime": "2024-01-19 00:19:33", "elapsed": 465.658715, "delta": 0.001181}}
{"target": -17.691577905208064, "params": {"gamma": 444.89752204426225, "log10_alpha": -4.686236004258852, "log10_colsample_bytree": -0.9827929282507659, "log10_eta": -1.074050590965999, "log10_lambda": -1.8416368364044389, "log10_min_child_weight": 4.558242894930063, "log10_subsample": -0.5027856037971654, "max_depth": 6.0, "num_boost_round": 63.0}, "datetime": {"datetime": "2024-01-19 00:19:33", "elapsed": 465.659887, "delta": 0.001172}}
{"target": -17.677221639410572, "params": {"gamma": 452.94085453637865, "log10_alpha": -2.8809597568476883, "log10_colsample_bytree": -0.4183157881877232, "log10_eta": -3.138337184932502, "log10_lambda": -0.2056334444682566, "log10_min_child_weight": 0.0397409921699432, "log10_subsample": -0.3385885350445127, "max_depth": 8.0, "num_boost_round": 0.0}, "datetime": {"datetime": "2024-01-19 00:19:57", "elapsed": 490.191592, "delta": 24.531705}}
{"target": -17.677135645545956, "params": {"gamma": 452.94085453637865, "log10_alpha": -2.8809597568476883, "log10_colsample_bytree": -0.4183157881877232, "log10_eta": -3.138337184932502, "log10_lambda": -0.2056334444682566, "log10_min_child_weight": 0.0397409921699432, "log10_subsample": -0.3385885350445127, "max_depth": 8.0, "num_boost_round": 1.0}, "datetime": {"datetime": "2024-01-19 00:19:57", "elapsed": 490.19291, "delta": 0.001318}}
