{"target": -13.758763606763958, "params": {"gamma": 546.267225008717, "log10_alpha": -4.947706788898004, "log10_colsample_bytree": -0.001317334639430956, "log10_eta": -2.363751927452948, "log10_lambda": -2.9136475413726304, "log10_min_child_weight": 3.0634795937908317, "log10_subsample": -0.2590547394083528, "max_depth": 8.0, "num_boost_round": 7.0}, "datetime": {"datetime": "2024-01-19 00:18:36", "elapsed": 368.703929, "delta": 0.000876}}
{"target": -13.758733496669645, "params": {"gamma": 546.267225008717, "log10_alpha": -4.947706788898004, "log10_colsample_bytree": -0.001317334639430956, "log10_eta": -2.363751927452948, "log10_lambda": -2.9136475413726304, "log10_min_child_weight": 3.0634795937908317, "log10_subsample": -0.2590547394083528, "max_depth": 8.0, "num_boost_round": 8.0}, "datetime": {"datetime": "2024-01-19 00:18:36", "elapsed": 368.704796, "delta": 0.000867}}
{"target": -13.758712932841668, "params": {"gamma": 546.267225008717, "log10_alpha": -4.947706788898004, "log10_colsample_bytree": -0.001317334639430956, "log10_eta": -2.363751927452948, "log10_lambda": -2.9136475413726304, "log10_min_child_weight": 3.0634795937908317, "log10_subsample": -0.2590547394083528, "max_depth": 8.0, "num_boost_round": 9.0}, "datetime": {"datetime": "2024-01-19 00:18:36", "elapsed": 368.705665, "delta": 0.000869}}
{"target": -13.75866624906708, "params": {"gamma": 546.267225008717, "log10_alpha": -4.947706788898004, "log10_colsample_bytree": -0.001317334639430956, "log10_eta": -2.363751927452948, "log10_lambda": -2.9136475413726304, "log10_min_child_weight": 3.0634795937908317, "log10_subsample": -0.2590547394083528, "max_depth": 8.0, "num_boost_round": 10.0}, "datetime": {"datetime": "2024-01-19 00:18:36", "elapsed": 368.706705, "delta": 0.00104}}
{"target": -13.758695057758866, "params": {"gamma": 546.267225008717, "log10_alpha": -4.947706788898004, "log10_colsample_bytree": -0.001317334639430956, "log10_eta": -2.363751927452948, "log10_lambda": -2.9136475413726304, "log10_min_child_weight": 3.0634795937908317, "log10_subsample": -0.2590547394083528, "max_depth": 8.0, "num_boost_round": 11.0}, "datetime": {"datetime": "2024-01-19 00:18:36", "elapsed": 368.707599, "delta": 0.000894}}
{"target": -13.758838613016813, "params": {"gamma": 546.267225008717, "log10_alpha": -4.947706788898004, "log10_colsample_bytree": -0.001317334639430956, "log10_eta": -2.363751927452948, "log10_lambda": -2.9136475413726304, "log10_min_child_weight": 3.0634795937908317, "log10_subsample": -0.2590547394083528, "max_depth": 8.0, "num_boost_round": 12.0}, "datetime": {"datetime": "2024-01-19 00:18:36", "elapsed": 368.708479, "delta": 0.00088}}
{"target": -13.75891083134444, "params": {"gamma": 546.267225008717, "log10_alpha": -4.947706788898004, "log10_colsample_bytree": -0.001317334639430956, "log10_eta": -2.363751927452948, "log10_lambda": -2.9136475413726304, "log10_min_child_weight": 3.0634795937908317, "log10_subsample": -0.2590547394083528, "max_depth": 8.0, "num_boost_round": 13.0}, "datetime": {"datetime": "2024-01-19 00:18:36", "elapsed": 368.709355, "delta": 0.000876}}
{"target": -13.758956636288408, "params": {"gamma": 546.267225008717, "log10_alpha": -4.947706788898004, "log10_colsample_bytree": -0.001317334639430956, "log10_eta": -2.363751927452948, "log10_lambda": -2.9136475413726304, "log10_min_child_weight": 3.0634795937908317, "log10_subsample": -0.2590547394083528, "max_depth": 8.0, "num_boost_round": 14.0}, "datetime": {"datetime": "2024-01-19 00:18:36", "elapsed": 368.710226, "delta": 0.000871}}
{"target": -13.758910287896574, "params": {"gamma": 546.267225008717, "log10_alpha": -4.947706788898004, "log10_colsample_bytree": -0.001317334639430956, "log10_eta": -2.363751927452948, "log10_lambda": -2.9136475413726304, "log10_min_child_weight": 3.0634795937908317, "log10_subsample": -0.2590547394083528, "max_depth": 8.0, "num_boost_round": 15.0}, "datetime": {"datetime": "2024-01-19 00:18:36", "elapsed": 368.711106, "delta": 0.00088}}
{"target": -13.759027545237721, "params": {"gamma": 546.267225008717, "log10_alpha": -4.947706788898004, "log10_colsample_bytree": -0.001317334639430956, "log10_eta": -2.363751927452948, "log10_lambda": -2.9136475413726304, "log10_min_child_weight": 3.0634795937908317, "log10_subsample": -0.2590547394083528, "max_depth": 8.0, "num_boost_round": 16.0}, "datetime": {"datetime": "2024-01-19 00:18:36", "elapsed": 368.71199, "delta": 0.000884}}
{"target": -13.759144854153963, "params": {"gamma": 546.267225008717, "log10_alpha": -4.947706788898004, "log10_colsample_bytree": -0.001317334639430956, "log10_eta": -2.363751927452948, "log10_lambda": -2.9136475413726304, "log10_min_child_weight": 3.0634795937908317, "log10_subsample": -0.2590547394083528, "max_depth": 8.0, "num_boost_round": 17.0}, "datetime": {"datetime": "2024-01-19 00:18:36", "elapsed": 368.713026, "delta": 0.001036}}
{"target": -13.759097284283532, "params": {"gamma": 546.267225008717, "log10_alpha": -4.947706788898004, "log10_colsample_bytree": -0.001317334639430956, "log10_eta": -2.363751927452948, "log10_lambda": -2.9136475413726304, "log10_min_child_weight": 3.0634795937908317, "log10_subsample": -0.2590547394083528, "max_depth": 8.0, "num_boost_round": 18.0}, "datetime": {"datetime": "2024-01-19 00:18:36", "elapsed": 368.713914, "delta": 0.000888}}
{"target": -13.75919184142772, "params": {"gamma": 546.267225008717, "log10_alpha": -4.947706788898004, "log10_colsample_bytree": -0.001317334639430956, "log10_eta": -2.363751927452948, "log10_lambda": -2.9136475413726304, "log10_min_child_weight": 3.0634795937908317, "log10_subsample": -0.2590547394083528, "max_depth": 8.0, "num_boost_round": 19.0}, "datetime": {"datetime": "2024-01-19 00:18:36", "elapsed": 368.714795, "delta": 0.000881}}
{"target": -13.759187858582669, "params": {"gamma": 546.267225008717, "log10_alpha": -4.947706788898004, "log10_colsample_bytree": -0.001317334639430956, "log10_eta": -2.363751927452948, "log10_lambda": -2.9136475413726304, "log10_min_child_weight": 3.0634795937908317, "log10_subsample": -0.2590547394083528, "max_depth": 8.0, "num_boost_round": 20.0}, "datetime": {"datetime": "2024-01-19 00:18:36", "elapsed": 368.715687, "delta": 0.000892}}
{"target": -13.75913593599304, "params": {"gamma": 546.267225008717, "log10_alpha": -4.947706788898004, "log10_colsample_bytree": -0.001317334639430956, "log10_eta": -2.363751927452948, "log10_lambda": -2.9136475413726304, "log10_min_child_weight": 3.0634795937908317, "log10_subsample": -0.2590547394083528, "max_depth": 8.0, "num_boost_round": 21.0}, "datetime": {"datetime": "2024-01-19 00:18:36", "elapsed": 368.716566, "delta": 0.000879}}
{"target": -13.759111893635316, "params": {"gamma": 546.267225008717, "log10_alpha": -4.947706788898004, "log10_colsample_bytree": -0.001317334639430956, "log10_eta": -2.363751927452948, "log10_lambda": -2.9136475413726304, "log10_min_child_weight": 3.0634795937908317, "log10_subsample": -0.2590547394083528, "max_depth": 8.0, "num_boost_round": 22.0}, "datetime": {"datetime": "2024-01-19 00:18:36", "elapsed": 368.717455, "delta": 0.000889}}
{"target": -13.759234131394013, "params": {"gamma": 546.267225008717, "log10_alpha": -4.947706788898004, "log10_colsample_bytree": -0.001317334639430956, "log10_eta": -2.363751927452948, "log10_lambda": -2.9136475413726304, "log10_min_child_weight": 3.0634795937908317, "log10_subsample": -0.2590547394083528, "max_depth": 8.0, "num_boost_round": 23.0}, "datetime": {"datetime": "2024-01-19 00:18:36", "elapsed": 368.718343, "delta": 0.000888}}
{"target": -13.759370452510495, "params": {"gamma": 546.267225008717, "log10_alpha": -4.947706788898004, "log10_colsample_bytree": -0.001317334639430956, "log10_eta": -2.363751927452948, "log10_lambda": -2.9136475413726304, "log10_min_child_weight": 3.0634795937908317, "log10_subsample": -0.2590547394083528, "max_depth": 8.0, "num_boost_round": 24.0}, "datetime": {"datetime": "2024-01-19 00:18:36", "elapsed": 368.719228, "delta": 0.000885}}
{"target": -13.75938432316609, "params": {"gamma": 546.267225008717, "log10_alpha": -4.947706788898004, "log10_colsample_bytree": -0.001317334639430956, "log10_eta": -2.363751927452948, "log10_lambda": -2.9136475413726304, "log10_min_child_weight": 3.0634795937908317, "log10_subsample": -0.2590547394083528, "max_depth": 8.0, "num_boost_round": 25.0}, "datetime": {"datetime": "2024-01-19 00:18:36", "elapsed": 368.720113, "delta": 0.000885}}
{"target": -13.759702375258424, "params": {"gamma": 546.267225008717, "log10_alpha": -4.947706788898004, "log10_colsample_bytree": -0.001317334639430956, "log10_eta": -2.363751927452948, "log10_lambda": -2.9136475413726304, "log10_min_child_weight": 3.0634795937908317, "log10_subsample": -0.2590547394083528, "max_depth": 8.0, "num_boost_round": 26.0}, "datetime": {"datetime": "2024-01-19 00:18:36", "elapsed": 368.721011, "delta": 0.000898}}
{"target": -13.757961847054117, "params": {"gamma": 562.1033789513156, "log10_alpha": 0.9756716902424989, "log10_colsample_bytree": -0.9750862695761622, "log10_eta": -1.233740524281171, "log10_lambda": -1.0709423969767027, "log10_min_child_weight": 3.552232908219413, "log10_subsample": -0.40767967022336526, "max_depth": 4.0, "num_boost_round": 0.0}, "datetime": {"datetime": "2024-01-19 00:18:57", "elapsed": 389.851862, "delta": 21.130851}}
{"target": -13.757680233860809, "params": {"gamma": 562.1033789513156, "log10_alpha": 0.9756716902424989, "log10_colsample_bytree": -0.9750862695761622, "log10_eta": -1.233740524281171, "log10_lambda": -1.0709423969767027, "log10_min_child_weight": 3.552232908219413, "log10_subsample": -0.40767967022336526, "max_depth": 4.0, "num_boost_round": 1.0}, "datetime": {"datetime": "2024-01-19 00:18:57", "elapsed": 389.8529, "delta": 0.001038}}
{"target": -13.757713322697105, "params": {"gamma": 562.1033789513156, "log10_alpha": 0.9756716902424989, "log10_colsample_bytree": -0.9750862695761622, "log10_eta": -1.233740524281171, "log10_lambda": -1.0709423969767027, "log10_min_child_weight": 3.552232908219413, "log10_subsample": -0.40767967022336526, "max_depth": 4.0, "num_boost_round": 2.0}, "datetime": {"datetime": "2024-01-19 00:18:57", "elapsed": 389.854055, "delta": 0.001155}}
{"target": -13.757796618569454, "params": {"gamma": 562.1033789513156, "log10_alpha": 0.9756716902424989, "log10_colsample_bytree": -0.9750862695761622, "log10_eta": -1.233740524281171, "log10_lambda": -1.0709423969767027, "log10_min_child_weight": 3.552232908219413, "log10_subsample": -0.40767967022336526, "max_depth": 4.0, "num_boost_round": 3.0}, "datetime": {"datetime": "2024-01-19 00:18:57", "elapsed": 389.854986, "delta": 0.000931}}
{"target": -13.75766963542234, "params": {"gamma": 562.1033789513156, "log10_alpha": 0.9756716902424989, "log10_colsample_bytree": -0.9750862695761622, "log10_eta": -1.233740524281171, "log10_lambda": -1.0709423969767027, "log10_min_child_weight": 3.552232908219413, "log10_subsample": -0.40767967022336526, "max_depth": 4.0, "num_boost_round": 4.0}, "datetime": {"datetime": "2024-01-19 00:18:57", "elapsed": 389.855899, "delta": 0.000913}}
{"target": -13.757667093650827, "params": {"gamma": 562.1033789513156, "log10_alpha": 0.9756716902424989, "log10_colsample_bytree": -0.9750862695761622, "log10_eta": -1.233740524281171, "log10_lambda": -1.0709423969767027, "log10_min_child_weight": 3.552232908219413, "log10_subsample": -0.40767967022336526, "max_depth": 4.0, "num_boost_round": 5.0}, "datetime": {"datetime": "2024-01-19 00:18:57", "elapsed": 389.856811, "delta": 0.000912}}
{"target": -13.758198864512833, "params": {"gamma": 562.1033789513156, "log10_alpha": 0.9756716902424989, "log10_colsample_bytree": -0.9750862695761622, "log10_eta": -1.233740524281171, "log10_lambda": -1.0709423969767027, "log10_min_child_weight": 3.552232908219413, "log10_subsample": -0.40767967022336526, "max_depth": 4.0, "num_boost_round": 6.0}, "datetime": {"datetime": "2024-01-19 00:18:57", "elapsed": 389.857726, "delta": 0.000915}}
{"target": -13.757435106528877, "params": {"gamma": 562.1033789513156, "log10_alpha": 0.9756716902424989, "log10_colsample_bytree": -0.9750862695761622, "log10_eta": -1.233740524281171, "log10_lambda": -1.0709423969767027, "log10_min_child_weight": 3.552232908219413, "log10_subsample": -0.40767967022336526, "max_depth": 4.0, "num_boost_round": 7.0}, "datetime": {"datetime": "2024-01-19 00:18:57", "elapsed": 389.858621, "delta": 0.000895}}
{"target": -13.75646431161262, "params": {"gamma": 562.1033789513156, "log10_alpha": 0.9756716902424989, "log10_colsample_bytree": -0.9750862695761622, "log10_eta": -1.233740524281171, "log10_lambda": -1.0709423969767027, "log10_min_child_weight": 3.552232908219413, "log10_subsample": -0.40767967022336526, "max_depth": 4.0, "num_boost_round": 8.0}, "datetime": {"datetime": "2024-01-19 00:18:57", "elapsed": 389.860191, "delta": 0.00157}}
{"target": -13.756560201152336, "params": {"gamma": 562.1033789513156, "log10_alpha": 0.9756716902424989, "log10_colsample_bytree": -0.9750862695761622, "log10_eta": -1.233740524281171, "log10_lambda": -1.0709423969767027, "log10_min_child_weight": 3.552232908219413, "log10_subsample": -0.40767967022336526, "max_depth": 4.0, "num_boost_round": 9.0}, "datetime": {"datetime": "2024-01-19 00:18:57", "elapsed": 389.861168, "delta": 0.000977}}
{"target": -13.756269857961492, "params": {"gamma": 562.1033789513156, "log10_alpha": 0.9756716902424989, "log10_colsample_bytree": -0.9750862695761622, "log10_eta": -1.233740524281171, "log10_lambda": -1.0709423969767027, "log10_min_child_weight": 3.552232908219413, "log10_subsample": -0.40767967022336526, "max_depth": 4.0, "num_boost_round": 10.0}, "datetime": {"datetime": "2024-01-19 00:18:57", "elapsed": 389.862086, "delta": 0.000918}}
{"target": -13.756584467027892, "params": {"gamma": 562.1033789513156, "log10_alpha": 0.9756716902424989, "log10_colsample_bytree": -0.9750862695761622, "log10_eta": -1.233740524281171, "log10_lambda": -1.0709423969767027, "log10_min_child_weight": 3.552232908219413, "log10_subsample": -0.40767967022336526, "max_depth": 4.0, "num_boost_round": 11.0}, "datetime": {"datetime": "2024-01-19 00:18:57", "elapsed": 389.863009, "delta": 0.000923}}
{"target": -13.755919599296783, "params": {"gamma": 562.1033789513156, "log10_alpha": 0.9756716902424989, "log10_colsample_bytree": -0.9750862695761622, "log10_eta": -1.233740524281171, "log10_lambda": -1.0709423969767027, "log10_min_child_weight": 3.552232908219413, "log10_subsample": -0.40767967022336526, "max_depth": 4.0, "num_boost_round": 12.0}, "datetime": {"datetime": "2024-01-19 00:18:57", "elapsed": 389.863931, "delta": 0.000922}}
{"target": -13.755356635348372, "params": {"gamma": 562.1033789513156, "log10_alpha": 0.9756716902424989, "log10_colsample_bytree": -0.9750862695761622, "log10_eta": -1.233740524281171, "log10_lambda": -1.0709423969767027, "log10_min_child_weight": 3.552232908219413, "log10_subsample": -0.40767967022336526, "max_depth": 4.0, "num_boost_round": 13.0}, "datetime": {"datetime": "2024-01-19 00:18:57", "elapsed": 389.864845, "delta": 0.000914}}
{"target": -13.755984512700389, "params": {"gamma": 562.1033789513156, "log10_alpha": 0.9756716902424989, "log10_colsample_bytree": -0.9750862695761622, "log10_eta": -1.233740524281171, "log10_lambda": -1.0709423969767027, "log10_min_child_weight": 3.552232908219413, "log10_subsample": -0.40767967022336526, "max_depth": 4.0, "num_boost_round": 14.0}, "datetime": {"datetime": "2024-01-19 00:18:57", "elapsed": 389.865795, "delta": 0.00095}}
{"target": -13.755794232358564, "params": {"gamma": 562.1033789513156, "log10_alpha": 0.9756716902424989, "log10_colsample_bytree": -0.9750862695761622, "log10_eta": -1.233740524281171, "log10_lambda": -1.0709423969767027, "log10_min_child_weight": 3.552232908219413, "log10_subsample": -0.40767967022336526, "max_depth": 4.0, "num_boost_round": 15.0}, "datetime": {"datetime": "2024-01-19 00:18:57", "elapsed": 389.866716, "delta": 0.000921}}
{"target": -13.758537822123749, "params": {"gamma": 557.5074889067185, "log10_alpha": 0.7481688054885334, "log10_colsample_bytree": -0.1897999580843115, "log10_eta": -3.8700646820766837, "log10_lambda": 0.07766317622318031, "log10_min_child_weight": 4.816505572908357, "log10_subsample": -0.8158149883813732, "max_depth": 5.0, "num_boost_round": 0.0}, "datetime": {"datetime": "2024-01-19 00:19:20", "elapsed": 412.71868, "delta": 22.851964}}
{"target": -13.758537372527218, "params": {"gamma": 557.5074889067185, "log10_alpha": 0.7481688054885334, "log10_colsample_bytree": -0.1897999580843115, "log10_eta": -3.8700646820766837, "log10_lambda": 0.07766317622318031, "log10_min_child_weight": 4.816505572908357, "log10_subsample": -0.8158149883813732, "max_depth": 5.0, "num_boost_round": 1.0}, "datetime": {"datetime": "2024-01-19 00:19:20", "elapsed": 412.72017, "delta": 0.00149}}
{"target": -13.758537213191465, "params": {"gamma": 557.5074889067185, "log10_alpha": 0.7481688054885334, "log10_colsample_bytree": -0.1897999580843115, "log10_eta": -3.8700646820766837, "log10_lambda": 0.07766317622318031, "log10_min_child_weight": 4.816505572908357, "log10_subsample": -0.8158149883813732, "max_depth": 5.0, "num_boost_round": 2.0}, "datetime": {"datetime": "2024-01-19 00:19:20", "elapsed": 412.721454, "delta": 0.001284}}
{"target": -13.758536692985626, "params": {"gamma": 557.5074889067185, "log10_alpha": 0.7481688054885334, "log10_colsample_bytree": -0.1897999580843115, "log10_eta": -3.8700646820766837, "log10_lambda": 0.07766317622318031, "log10_min_child_weight": 4.816505572908357, "log10_subsample": -0.8158149883813732, "max_depth": 5.0, "num_boost_round": 3.0}, "datetime": {"datetime": "2024-01-19 00:19:20", "elapsed": 412.722543, "delta": 0.001089}}
{"target": -13.758536333180675, "params": {"gamma": 557.5074889067185, "log10_alpha": 0.7481688054885334, "log10_colsample_bytree": -0.1897999580843115, "log10_eta": -3.8700646820766837, "log10_lambda": 0.07766317622318031, "log10_min_child_weight": 4.816505572908357, "log10_subsample": -0.8158149883813732, "max_depth": 5.0, "num_boost_round": 4.0}, "datetime": {"datetime": "2024-01-19 00:19:20", "elapsed": 412.723617, "delta": 0.001074}}
{"target": -13.75853591002102, "params": {"gamma": 557.5074889067185, "log10_alpha": 0.7481688054885334, "log10_colsample_bytree": -0.1897999580843115, "log10_eta": -3.8700646820766837, "log10_lambda": 0.07766317622318031, "log10_min_child_weight": 4.816505572908357, "log10_subsample": -0.8158149883813732, "max_depth": 5.0, "num_boost_round": 5.0}, "datetime": {"datetime": "2024-01-19 00:19:20", "elapsed": 412.724563, "delta": 0.000946}}
{"target": -13.75853558567166, "params": {"gamma": 557.5074889067185, "log10_alpha": 0.7481688054885334, "log10_colsample_bytree": -0.1897999580843115, "log10_eta": -3.8700646820766837, "log10_lambda": 0.07766317622318031, "log10_min_child_weight": 4.816505572908357, "log10_subsample": -0.8158149883813732, "max_depth": 5.0, "num_boost_round": 6.0}, "datetime": {"datetime": "2024-01-19 00:19:20", "elapsed": 412.725495, "delta": 0.000932}}
{"target": -13.758535128600304, "params": {"gamma": 557.5074889067185, "log10_alpha": 0.7481688054885334, "log10_colsample_bytree": -0.1897999580843115, "log10_eta": -3.8700646820766837, "log10_lambda": 0.07766317622318031, "log10_min_child_weight": 4.816505572908357, "log10_subsample": -0.8158149883813732, "max_depth": 5.0, "num_boost_round": 7.0}, "datetime": {"datetime": "2024-01-19 00:19:20", "elapsed": 412.726728, "delta": 0.001233}}
{"target": -13.758535037337985, "params": {"gamma": 557.5074889067185, "log10_alpha": 0.7481688054885334, "log10_colsample_bytree": -0.1897999580843115, "log10_eta": -3.8700646820766837, "log10_lambda": 0.07766317622318031, "log10_min_child_weight": 4.816505572908357, "log10_subsample": -0.8158149883813732, "max_depth": 5.0, "num_boost_round": 8.0}, "datetime": {"datetime": "2024-01-19 00:19:20", "elapsed": 412.727696, "delta": 0.000968}}
{"target": -13.758534348449068, "params": {"gamma": 557.5074889067185, "log10_alpha": 0.7481688054885334, "log10_colsample_bytree": -0.1897999580843115, "log10_eta": -3.8700646820766837, "log10_lambda": 0.07766317622318031, "log10_min_child_weight": 4.816505572908357, "log10_subsample": -0.8158149883813732, "max_depth": 5.0, "num_boost_round": 9.0}, "datetime": {"datetime": "2024-01-19 00:19:20", "elapsed": 412.728675, "delta": 0.000979}}
{"target": -13.75853427582445, "params": {"gamma": 557.5074889067185, "log10_alpha": 0.7481688054885334, "log10_colsample_bytree": -0.1897999580843115, "log10_eta": -3.8700646820766837, "log10_lambda": 0.07766317622318031, "log10_min_child_weight": 4.816505572908357, "log10_subsample": -0.8158149883813732, "max_depth": 5.0, "num_boost_round": 10.0}, "datetime": {"datetime": "2024-01-19 00:19:20", "elapsed": 412.729618, "delta": 0.000943}}
{"target": -13.758534008974024, "params": {"gamma": 557.5074889067185, "log10_alpha": 0.7481688054885334, "log10_colsample_bytree": -0.1897999580843115, "log10_eta": -3.8700646820766837, "log10_lambda": 0.07766317622318031, "log10_min_child_weight": 4.816505572908357, "log10_subsample": -0.8158149883813732, "max_depth": 5.0, "num_boost_round": 11.0}, "datetime": {"datetime": "2024-01-19 00:19:20", "elapsed": 412.730559, "delta": 0.000941}}
{"target": -13.75853356593936, "params": {"gamma": 557.5074889067185, "log10_alpha": 0.7481688054885334, "log10_colsample_bytree": -0.1897999580843115, "log10_eta": -3.8700646820766837, "log10_lambda": 0.07766317622318031, "log10_min_child_weight": 4.816505572908357, "log10_subsample": -0.8158149883813732, "max_depth": 5.0, "num_boost_round": 12.0}, "datetime": {"datetime": "2024-01-19 00:19:20", "elapsed": 412.7315, "delta": 0.000941}}
