{"target": -17.674325670279067, "params": {"gamma": 453.23417806970747, "log10_alpha": -3.9031188021635783, "log10_colsample_bytree": -0.32854335348076125, "log10_eta": -1.926235098889344, "log10_lambda": -3.415330559166426, "log10_min_child_weight": 2.63797445827967, "log10_subsample": -0.9490180789527866, "max_depth": 8.0, "num_boost_round": 29.0}, "datetime": {"datetime": "2024-01-19 01:47:53", "elapsed": 5765.964284, "delta": 0.00562}}
{"target": -17.6744242877446, "params": {"gamma": 453.23417806970747, "log10_alpha": -3.9031188021635783, "log10_colsample_bytree": -0.32854335348076125, "log10_eta": -1.926235098889344, "log10_lambda": -3.415330559166426, "log10_min_child_weight": 2.63797445827967, "log10_subsample": -0.9490180789527866, "max_depth": 8.0, "num_boost_round": 30.0}, "datetime": {"datetime": "2024-01-19 01:47:53", "elapsed": 5765.969987, "delta": 0.005703}}
{"target": -17.67451829513871, "params": {"gamma": 453.23417806970747, "log10_alpha": -3.9031188021635783, "log10_colsample_bytree": -0.32854335348076125, "log10_eta": -1.926235098889344, "log10_lambda": -3.415330559166426, "log10_min_child_weight": 2.63797445827967, "log10_subsample": -0.9490180789527866, "max_depth": 8.0, "num_boost_round": 31.0}, "datetime": {"datetime": "2024-01-19 01:47:53", "elapsed": 5765.975518, "delta": 0.005531}}
{"target": -17.675112350852082, "params": {"gamma": 453.23417806970747, "log10_alpha": -3.9031188021635783, "log10_colsample_bytree": -0.32854335348076125, "log10_eta": -1.926235098889344, "log10_lambda": -3.415330559166426, "log10_min_child_weight": 2.63797445827967, "log10_subsample": -0.9490180789527866, "max_depth": 8.0, "num_boost_round": 32.0}, "datetime": {"datetime": "2024-01-19 01:47:53", "elapsed": 5765.981022, "delta": 0.005504}}
{"target": -17.675439762871253, "params": {"gamma": 453.23417806970747, "log10_alpha": -3.9031188021635783, "log10_colsample_bytree": -0.32854335348076125, "log10_eta": -1.926235098889344, "log10_lambda": -3.415330559166426, "log10_min_child_weight": 2.63797445827967, "log10_subsample": -0.9490180789527866, "max_depth": 8.0, "num_boost_round": 33.0}, "datetime": {"datetime": "2024-01-19 01:47:53", "elapsed": 5765.98673, "delta": 0.005708}}
{"target": -17.675597784055434, "params": {"gamma": 453.23417806970747, "log10_alpha": -3.9031188021635783, "log10_colsample_bytree": -0.32854335348076125, "log10_eta": -1.926235098889344, "log10_lambda": -3.415330559166426, "log10_min_child_weight": 2.63797445827967, "log10_subsample": -0.9490180789527866, "max_depth": 8.0, "num_boost_round": 34.0}, "datetime": {"datetime": "2024-01-19 01:47:53", "elapsed": 5765.992372, "delta": 0.005642}}
{"target": -17.6763275752794, "params": {"gamma": 453.23417806970747, "log10_alpha": -3.9031188021635783, "log10_colsample_bytree": -0.32854335348076125, "log10_eta": -1.926235098889344, "log10_lambda": -3.415330559166426, "log10_min_child_weight": 2.63797445827967, "log10_subsample": -0.9490180789527866, "max_depth": 8.0, "num_boost_round": 35.0}, "datetime": {"datetime": "2024-01-19 01:47:53", "elapsed": 5765.997978, "delta": 0.005606}}
{"target": -17.676859276788207, "params": {"gamma": 453.23417806970747, "log10_alpha": -3.9031188021635783, "log10_colsample_bytree": -0.32854335348076125, "log10_eta": -1.926235098889344, "log10_lambda": -3.415330559166426, "log10_min_child_weight": 2.63797445827967, "log10_subsample": -0.9490180789527866, "max_depth": 8.0, "num_boost_round": 36.0}, "datetime": {"datetime": "2024-01-19 01:47:53", "elapsed": 5766.003664, "delta": 0.005686}}
{"target": -17.677302183798403, "params": {"gamma": 453.23417806970747, "log10_alpha": -3.9031188021635783, "log10_colsample_bytree": -0.32854335348076125, "log10_eta": -1.926235098889344, "log10_lambda": -3.415330559166426, "log10_min_child_weight": 2.63797445827967, "log10_subsample": -0.9490180789527866, "max_depth": 8.0, "num_boost_round": 37.0}, "datetime": {"datetime": "2024-01-19 01:47:53", "elapsed": 5766.009518, "delta": 0.005854}}
{"target": -17.67774206348305, "params": {"gamma": 453.23417806970747, "log10_alpha": -3.9031188021635783, "log10_colsample_bytree": -0.32854335348076125, "log10_eta": -1.926235098889344, "log10_lambda": -3.415330559166426, "log10_min_child_weight": 2.63797445827967, "log10_subsample": -0.9490180789527866, "max_depth": 8.0, "num_boost_round": 38.0}, "datetime": {"datetime": "2024-01-19 01:47:53", "elapsed": 5766.015136, "delta": 0.005618}}
{"target": -17.678363980333547, "params": {"gamma": 453.23417806970747, "log10_alpha": -3.9031188021635783, "log10_colsample_bytree": -0.32854335348076125, "log10_eta": -1.926235098889344, "log10_lambda": -3.415330559166426, "log10_min_child_weight": 2.63797445827967, "log10_subsample": -0.9490180789527866, "max_depth": 8.0, "num_boost_round": 39.0}, "datetime": {"datetime": "2024-01-19 01:47:53", "elapsed": 5766.020562, "delta": 0.005426}}
{"target": -17.679533555468367, "params": {"gamma": 453.23417806970747, "log10_alpha": -3.9031188021635783, "log10_colsample_bytree": -0.32854335348076125, "log10_eta": -1.926235098889344, "log10_lambda": -3.415330559166426, "log10_min_child_weight": 2.63797445827967, "log10_subsample": -0.9490180789527866, "max_depth": 8.0, "num_boost_round": 40.0}, "datetime": {"datetime": "2024-01-19 01:47:53", "elapsed": 5766.026022, "delta": 0.00546}}
{"target": -17.68016438768155, "params": {"gamma": 453.23417806970747, "log10_alpha": -3.9031188021635783, "log10_colsample_bytree": -0.32854335348076125, "log10_eta": -1.926235098889344, "log10_lambda": -3.415330559166426, "log10_min_child_weight": 2.63797445827967, "log10_subsample": -0.9490180789527866, "max_depth": 8.0, "num_boost_round": 41.0}, "datetime": {"datetime": "2024-01-19 01:47:53", "elapsed": 5766.031416, "delta": 0.005394}}
{"target": -17.677228959211416, "params": {"gamma": 421.46757542117916, "log10_alpha": -3.525132674372209, "log10_colsample_bytree": -0.9249153094203199, "log10_eta": -3.9214451269953874, "log10_lambda": -0.04697283127574181, "log10_min_child_weight": 0.5231951953273939, "log10_subsample": -0.45084370258529116, "max_depth": 4.0, "num_boost_round": 0.0}, "datetime": {"datetime": "2024-01-19 01:49:20", "elapsed": 5853.252435, "delta": 87.221019}}
{"target": -17.677223593419228, "params": {"gamma": 421.46757542117916, "log10_alpha": -3.525132674372209, "log10_colsample_bytree": -0.9249153094203199, "log10_eta": -3.9214451269953874, "log10_lambda": -0.04697283127574181, "log10_min_child_weight": 0.5231951953273939, "log10_subsample": -0.45084370258529116, "max_depth": 4.0, "num_boost_round": 1.0}, "datetime": {"datetime": "2024-01-19 01:49:20", "elapsed": 5853.258723, "delta": 0.006288}}
{"target": -17.677222476794846, "params": {"gamma": 421.46757542117916, "log10_alpha": -3.525132674372209, "log10_colsample_bytree": -0.9249153094203199, "log10_eta": -3.9214451269953874, "log10_lambda": -0.04697283127574181, "log10_min_child_weight": 0.5231951953273939, "log10_subsample": -0.45084370258529116, "max_depth": 4.0, "num_boost_round": 2.0}, "datetime": {"datetime": "2024-01-19 01:49:20", "elapsed": 5853.26405, "delta": 0.005327}}
{"target": -17.677220268482607, "params": {"gamma": 421.46757542117916, "log10_alpha": -3.525132674372209, "log10_colsample_bytree": -0.9249153094203199, "log10_eta": -3.9214451269953874, "log10_lambda": -0.04697283127574181, "log10_min_child_weight": 0.5231951953273939, "log10_subsample": -0.45084370258529116, "max_depth": 4.0, "num_boost_round": 3.0}, "datetime": {"datetime": "2024-01-19 01:49:20", "elapsed": 5853.269308, "delta": 0.005258}}
{"target": -17.67721504327397, "params": {"gamma": 421.46757542117916, "log10_alpha": -3.525132674372209, "log10_colsample_bytree": -0.9249153094203199, "log10_eta": -3.9214451269953874, "log10_lambda": -0.04697283127574181, "log10_min_child_weight": 0.5231951953273939, "log10_subsample": -0.45084370258529116, "max_depth": 4.0, "num_boost_round": 4.0}, "datetime": {"datetime": "2024-01-19 01:49:20", "elapsed": 5853.274408, "delta": 0.0051}}
{"target": -17.67721142568357, "params": {"gamma": 421.46757542117916, "log10_alpha": -3.525132674372209, "log10_colsample_bytree": -0.9249153094203199, "log10_eta": -3.9214451269953874, "log10_lambda": -0.04697283127574181, "log10_min_child_weight": 0.5231951953273939, "log10_subsample": -0.45084370258529116, "max_depth": 4.0, "num_boost_round": 5.0}, "datetime": {"datetime": "2024-01-19 01:49:20", "elapsed": 5853.279603, "delta": 0.005195}}
{"target": -17.677208980040273, "params": {"gamma": 421.46757542117916, "log10_alpha": -3.525132674372209, "log10_colsample_bytree": -0.9249153094203199, "log10_eta": -3.9214451269953874, "log10_lambda": -0.04697283127574181, "log10_min_child_weight": 0.5231951953273939, "log10_subsample": -0.45084370258529116, "max_depth": 4.0, "num_boost_round": 6.0}, "datetime": {"datetime": "2024-01-19 01:49:20", "elapsed": 5853.284774, "delta": 0.005171}}
{"target": -17.677204898017784, "params": {"gamma": 421.46757542117916, "log10_alpha": -3.525132674372209, "log10_colsample_bytree": -0.9249153094203199, "log10_eta": -3.9214451269953874, "log10_lambda": -0.04697283127574181, "log10_min_child_weight": 0.5231951953273939, "log10_subsample": -0.45084370258529116, "max_depth": 4.0, "num_boost_round": 7.0}, "datetime": {"datetime": "2024-01-19 01:49:20", "elapsed": 5853.289809, "delta": 0.005035}}
{"target": -17.677202967017312, "params": {"gamma": 421.46757542117916, "log10_alpha": -3.525132674372209, "log10_colsample_bytree": -0.9249153094203199, "log10_eta": -3.9214451269953874, "log10_lambda": -0.04697283127574181, "log10_min_child_weight": 0.5231951953273939, "log10_subsample": -0.45084370258529116, "max_depth": 4.0, "num_boost_round": 8.0}, "datetime": {"datetime": "2024-01-19 01:49:20", "elapsed": 5853.294857, "delta": 0.005048}}
{"target": -17.677199778585113, "params": {"gamma": 421.46757542117916, "log10_alpha": -3.525132674372209, "log10_colsample_bytree": -0.9249153094203199, "log10_eta": -3.9214451269953874, "log10_lambda": -0.04697283127574181, "log10_min_child_weight": 0.5231951953273939, "log10_subsample": -0.45084370258529116, "max_depth": 4.0, "num_boost_round": 9.0}, "datetime": {"datetime": "2024-01-19 01:49:20", "elapsed": 5853.300068, "delta": 0.005211}}
{"target": -17.677196367220997, "params": {"gamma": 421.46757542117916, "log10_alpha": -3.525132674372209, "log10_colsample_bytree": -0.9249153094203199, "log10_eta": -3.9214451269953874, "log10_lambda": -0.04697283127574181, "log10_min_child_weight": 0.5231951953273939, "log10_subsample": -0.45084370258529116, "max_depth": 4.0, "num_boost_round": 10.0}, "datetime": {"datetime": "2024-01-19 01:49:20", "elapsed": 5853.305347, "delta": 0.005279}}
{"target": -17.67719096987682, "params": {"gamma": 421.46757542117916, "log10_alpha": -3.525132674372209, "log10_colsample_bytree": -0.9249153094203199, "log10_eta": -3.9214451269953874, "log10_lambda": -0.04697283127574181, "log10_min_child_weight": 0.5231951953273939, "log10_subsample": -0.45084370258529116, "max_depth": 4.0, "num_boost_round": 11.0}, "datetime": {"datetime": "2024-01-19 01:49:20", "elapsed": 5853.310511, "delta": 0.005164}}
{"target": -17.677183838497417, "params": {"gamma": 421.46757542117916, "log10_alpha": -3.525132674372209, "log10_colsample_bytree": -0.9249153094203199, "log10_eta": -3.9214451269953874, "log10_lambda": -0.04697283127574181, "log10_min_child_weight": 0.5231951953273939, "log10_subsample": -0.45084370258529116, "max_depth": 4.0, "num_boost_round": 12.0}, "datetime": {"datetime": "2024-01-19 01:49:20", "elapsed": 5853.315732, "delta": 0.005221}}
{"target": -17.677181082659633, "params": {"gamma": 421.46757542117916, "log10_alpha": -3.525132674372209, "log10_colsample_bytree": -0.9249153094203199, "log10_eta": -3.9214451269953874, "log10_lambda": -0.04697283127574181, "log10_min_child_weight": 0.5231951953273939, "log10_subsample": -0.45084370258529116, "max_depth": 4.0, "num_boost_round": 13.0}, "datetime": {"datetime": "2024-01-19 01:49:20", "elapsed": 5853.321199, "delta": 0.005467}}
{"target": -17.677180464894445, "params": {"gamma": 421.46757542117916, "log10_alpha": -3.525132674372209, "log10_colsample_bytree": -0.9249153094203199, "log10_eta": -3.9214451269953874, "log10_lambda": -0.04697283127574181, "log10_min_child_weight": 0.5231951953273939, "log10_subsample": -0.45084370258529116, "max_depth": 4.0, "num_boost_round": 14.0}, "datetime": {"datetime": "2024-01-19 01:49:20", "elapsed": 5853.326647, "delta": 0.005448}}
{"target": -17.67717765886958, "params": {"gamma": 421.46757542117916, "log10_alpha": -3.525132674372209, "log10_colsample_bytree": -0.9249153094203199, "log10_eta": -3.9214451269953874, "log10_lambda": -0.04697283127574181, "log10_min_child_weight": 0.5231951953273939, "log10_subsample": -0.45084370258529116, "max_depth": 4.0, "num_boost_round": 15.0}, "datetime": {"datetime": "2024-01-19 01:49:20", "elapsed": 5853.332408, "delta": 0.005761}}
{"target": -17.677178086891026, "params": {"gamma": 421.46757542117916, "log10_alpha": -3.525132674372209, "log10_colsample_bytree": -0.9249153094203199, "log10_eta": -3.9214451269953874, "log10_lambda": -0.04697283127574181, "log10_min_child_weight": 0.5231951953273939, "log10_subsample": -0.45084370258529116, "max_depth": 4.0, "num_boost_round": 16.0}, "datetime": {"datetime": "2024-01-19 01:49:20", "elapsed": 5853.337988, "delta": 0.00558}}
{"target": -17.677172353884153, "params": {"gamma": 421.46757542117916, "log10_alpha": -3.525132674372209, "log10_colsample_bytree": -0.9249153094203199, "log10_eta": -3.9214451269953874, "log10_lambda": -0.04697283127574181, "log10_min_child_weight": 0.5231951953273939, "log10_subsample": -0.45084370258529116, "max_depth": 4.0, "num_boost_round": 17.0}, "datetime": {"datetime": "2024-01-19 01:49:20", "elapsed": 5853.343422, "delta": 0.005434}}
{"target": -17.677167334774524, "params": {"gamma": 421.46757542117916, "log10_alpha": -3.525132674372209, "log10_colsample_bytree": -0.9249153094203199, "log10_eta": -3.9214451269953874, "log10_lambda": -0.04697283127574181, "log10_min_child_weight": 0.5231951953273939, "log10_subsample": -0.45084370258529116, "max_depth": 4.0, "num_boost_round": 18.0}, "datetime": {"datetime": "2024-01-19 01:49:20", "elapsed": 5853.348602, "delta": 0.00518}}
{"target": -17.677161234475676, "params": {"gamma": 421.46757542117916, "log10_alpha": -3.525132674372209, "log10_colsample_bytree": -0.9249153094203199, "log10_eta": -3.9214451269953874, "log10_lambda": -0.04697283127574181, "log10_min_child_weight": 0.5231951953273939, "log10_subsample": -0.45084370258529116, "max_depth": 4.0, "num_boost_round": 19.0}, "datetime": {"datetime": "2024-01-19 01:49:20", "elapsed": 5853.353766, "delta": 0.005164}}
{"target": -17.67715708578754, "params": {"gamma": 421.46757542117916, "log10_alpha": -3.525132674372209, "log10_colsample_bytree": -0.9249153094203199, "log10_eta": -3.9214451269953874, "log10_lambda": -0.04697283127574181, "log10_min_child_weight": 0.5231951953273939, "log10_subsample": -0.45084370258529116, "max_depth": 4.0, "num_boost_round": 20.0}, "datetime": {"datetime": "2024-01-19 01:49:20", "elapsed": 5853.358878, "delta": 0.005112}}
{"target": -17.677149669244866, "params": {"gamma": 421.46757542117916, "log10_alpha": -3.525132674372209, "log10_colsample_bytree": -0.9249153094203199, "log10_eta": -3.9214451269953874, "log10_lambda": -0.04697283127574181, "log10_min_child_weight": 0.5231951953273939, "log10_subsample": -0.45084370258529116, "max_depth": 4.0, "num_boost_round": 21.0}, "datetime": {"datetime": "2024-01-19 01:49:20", "elapsed": 5853.363963, "delta": 0.005085}}
{"target": -17.677142619440072, "params": {"gamma": 421.46757542117916, "log10_alpha": -3.525132674372209, "log10_colsample_bytree": -0.9249153094203199, "log10_eta": -3.9214451269953874, "log10_lambda": -0.04697283127574181, "log10_min_child_weight": 0.5231951953273939, "log10_subsample": -0.45084370258529116, "max_depth": 4.0, "num_boost_round": 22.0}, "datetime": {"datetime": "2024-01-19 01:49:20", "elapsed": 5853.368984, "delta": 0.005021}}
{"target": -17.67713326281376, "params": {"gamma": 421.46757542117916, "log10_alpha": -3.525132674372209, "log10_colsample_bytree": -0.9249153094203199, "log10_eta": -3.9214451269953874, "log10_lambda": -0.04697283127574181, "log10_min_child_weight": 0.5231951953273939, "log10_subsample": -0.45084370258529116, "max_depth": 4.0, "num_boost_round": 23.0}, "datetime": {"datetime": "2024-01-19 01:49:20", "elapsed": 5853.373923, "delta": 0.004939}}
{"target": -17.677131939203413, "params": {"gamma": 421.46757542117916, "log10_alpha": -3.525132674372209, "log10_colsample_bytree": -0.9249153094203199, "log10_eta": -3.9214451269953874, "log10_lambda": -0.04697283127574181, "log10_min_child_weight": 0.5231951953273939, "log10_subsample": -0.45084370258529116, "max_depth": 4.0, "num_boost_round": 24.0}, "datetime": {"datetime": "2024-01-19 01:49:20", "elapsed": 5853.378897, "delta": 0.004974}}
{"target": -17.677123204492787, "params": {"gamma": 421.46757542117916, "log10_alpha": -3.525132674372209, "log10_colsample_bytree": -0.9249153094203199, "log10_eta": -3.9214451269953874, "log10_lambda": -0.04697283127574181, "log10_min_child_weight": 0.5231951953273939, "log10_subsample": -0.45084370258529116, "max_depth": 4.0, "num_boost_round": 25.0}, "datetime": {"datetime": "2024-01-19 01:49:20", "elapsed": 5853.384004, "delta": 0.005107}}
{"target": -17.677120416174912, "params": {"gamma": 421.46757542117916, "log10_alpha": -3.525132674372209, "log10_colsample_bytree": -0.9249153094203199, "log10_eta": -3.9214451269953874, "log10_lambda": -0.04697283127574181, "log10_min_child_weight": 0.5231951953273939, "log10_subsample": -0.45084370258529116, "max_depth": 4.0, "num_boost_round": 26.0}, "datetime": {"datetime": "2024-01-19 01:49:20", "elapsed": 5853.38906, "delta": 0.005056}}
{"target": -17.677115715931826, "params": {"gamma": 421.46757542117916, "log10_alpha": -3.525132674372209, "log10_colsample_bytree": -0.9249153094203199, "log10_eta": -3.9214451269953874, "log10_lambda": -0.04697283127574181, "log10_min_child_weight": 0.5231951953273939, "log10_subsample": -0.45084370258529116, "max_depth": 4.0, "num_boost_round": 27.0}, "datetime": {"datetime": "2024-01-19 01:49:20", "elapsed": 5853.394012, "delta": 0.004952}}
{"target": -17.677113615097287, "params": {"gamma": 421.46757542117916, "log10_alpha": -3.525132674372209, "log10_colsample_bytree": -0.9249153094203199, "log10_eta": -3.9214451269953874, "log10_lambda": -0.04697283127574181, "log10_min_child_weight": 0.5231951953273939, "log10_subsample": -0.45084370258529116, "max_depth": 4.0, "num_boost_round": 28.0}, "datetime": {"datetime": "2024-01-19 01:49:20", "elapsed": 5853.398986, "delta": 0.004974}}
{"target": -17.67710665732947, "params": {"gamma": 421.46757542117916, "log10_alpha": -3.525132674372209, "log10_colsample_bytree": -0.9249153094203199, "log10_eta": -3.9214451269953874, "log10_lambda": -0.04697283127574181, "log10_min_child_weight": 0.5231951953273939, "log10_subsample": -0.45084370258529116, "max_depth": 4.0, "num_boost_round": 29.0}, "datetime": {"datetime": "2024-01-19 01:49:20", "elapsed": 5853.404137, "delta": 0.005151}}
{"target": -17.677102939521163, "params": {"gamma": 421.46757542117916, "log10_alpha": -3.525132674372209, "log10_colsample_bytree": -0.9249153094203199, "log10_eta": -3.9214451269953874, "log10_lambda": -0.04697283127574181, "log10_min_child_weight": 0.5231951953273939, "log10_subsample": -0.45084370258529116, "max_depth": 4.0, "num_boost_round": 30.0}, "datetime": {"datetime": "2024-01-19 01:49:20", "elapsed": 5853.409482, "delta": 0.005345}}
{"target": -17.677099749308553, "params": {"gamma": 421.46757542117916, "log10_alpha": -3.525132674372209, "log10_colsample_bytree": -0.9249153094203199, "log10_eta": -3.9214451269953874, "log10_lambda": -0.04697283127574181, "log10_min_child_weight": 0.5231951953273939, "log10_subsample": -0.45084370258529116, "max_depth": 4.0, "num_boost_round": 31.0}, "datetime": {"datetime": "2024-01-19 01:49:20", "elapsed": 5853.414429, "delta": 0.004947}}
{"target": -17.677095264561146, "params": {"gamma": 421.46757542117916, "log10_alpha": -3.525132674372209, "log10_colsample_bytree": -0.9249153094203199, "log10_eta": -3.9214451269953874, "log10_lambda": -0.04697283127574181, "log10_min_child_weight": 0.5231951953273939, "log10_subsample": -0.45084370258529116, "max_depth": 4.0, "num_boost_round": 32.0}, "datetime": {"datetime": "2024-01-19 01:49:20", "elapsed": 5853.419407, "delta": 0.004978}}
{"target": -17.677090519811212, "params": {"gamma": 421.46757542117916, "log10_alpha": -3.525132674372209, "log10_colsample_bytree": -0.9249153094203199, "log10_eta": -3.9214451269953874, "log10_lambda": -0.04697283127574181, "log10_min_child_weight": 0.5231951953273939, "log10_subsample": -0.45084370258529116, "max_depth": 4.0, "num_boost_round": 33.0}, "datetime": {"datetime": "2024-01-19 01:49:20", "elapsed": 5853.424428, "delta": 0.005021}}
{"target": -17.677084104175496, "params": {"gamma": 421.46757542117916, "log10_alpha": -3.525132674372209, "log10_colsample_bytree": -0.9249153094203199, "log10_eta": -3.9214451269953874, "log10_lambda": -0.04697283127574181, "log10_min_child_weight": 0.5231951953273939, "log10_subsample": -0.45084370258529116, "max_depth": 4.0, "num_boost_round": 34.0}, "datetime": {"datetime": "2024-01-19 01:49:20", "elapsed": 5853.429692, "delta": 0.005264}}
{"target": -17.677231676487203, "params": {"gamma": 452.9406172303503, "log10_alpha": -1.987461146143465, "log10_colsample_bytree": -0.4897557893444048, "log10_eta": -3.984210057290941, "log10_lambda": 0.5743635145687946, "log10_min_child_weight": 4.653571725454164, "log10_subsample": -0.24982791998587983, "max_depth": 9.0, "num_boost_round": 0.0}, "datetime": {"datetime": "2024-01-19 01:50:14", "elapsed": 5907.1178, "delta": 53.688108}}
