{"target": -13.845182990530487, "params": {"gamma": 937.0297303344727, "log10_alpha": -1.6216513563324497, "log10_colsample_bytree": -0.2999902482166221, "log10_eta": -0.05694109973280259, "log10_lambda": -1.8462511149536036, "log10_min_child_weight": 0.5096852069873459, "log10_subsample": -0.7271244769320167, "max_depth": 2.0, "num_boost_round": 3.0}, "datetime": {"datetime": "2024-01-19 00:59:47", "elapsed": 2888.747518, "delta": 0.00375}}
{"target": -13.84984912028438, "params": {"gamma": 937.0297303344727, "log10_alpha": -1.6216513563324497, "log10_colsample_bytree": -0.2999902482166221, "log10_eta": -0.05694109973280259, "log10_lambda": -1.8462511149536036, "log10_min_child_weight": 0.5096852069873459, "log10_subsample": -0.7271244769320167, "max_depth": 2.0, "num_boost_round": 4.0}, "datetime": {"datetime": "2024-01-19 00:59:47", "elapsed": 2888.751141, "delta": 0.003623}}
{"target": -14.041156987548394, "params": {"gamma": 937.0297303344727, "log10_alpha": -1.6216513563324497, "log10_colsample_bytree": -0.2999902482166221, "log10_eta": -0.05694109973280259, "log10_lambda": -1.8462511149536036, "log10_min_child_weight": 0.5096852069873459, "log10_subsample": -0.7271244769320167, "max_depth": 2.0, "num_boost_round": 5.0}, "datetime": {"datetime": "2024-01-19 00:59:47", "elapsed": 2888.754716, "delta": 0.003575}}
{"target": -14.044668183815462, "params": {"gamma": 937.0297303344727, "log10_alpha": -1.6216513563324497, "log10_colsample_bytree": -0.2999902482166221, "log10_eta": -0.05694109973280259, "log10_lambda": -1.8462511149536036, "log10_min_child_weight": 0.5096852069873459, "log10_subsample": -0.7271244769320167, "max_depth": 2.0, "num_boost_round": 6.0}, "datetime": {"datetime": "2024-01-19 00:59:47", "elapsed": 2888.758503, "delta": 0.003787}}
{"target": -14.068623887200836, "params": {"gamma": 937.0297303344727, "log10_alpha": -1.6216513563324497, "log10_colsample_bytree": -0.2999902482166221, "log10_eta": -0.05694109973280259, "log10_lambda": -1.8462511149536036, "log10_min_child_weight": 0.5096852069873459, "log10_subsample": -0.7271244769320167, "max_depth": 2.0, "num_boost_round": 7.0}, "datetime": {"datetime": "2024-01-19 00:59:47", "elapsed": 2888.762212, "delta": 0.003709}}
{"target": -14.064216184911634, "params": {"gamma": 937.0297303344727, "log10_alpha": -1.6216513563324497, "log10_colsample_bytree": -0.2999902482166221, "log10_eta": -0.05694109973280259, "log10_lambda": -1.8462511149536036, "log10_min_child_weight": 0.5096852069873459, "log10_subsample": -0.7271244769320167, "max_depth": 2.0, "num_boost_round": 8.0}, "datetime": {"datetime": "2024-01-19 00:59:47", "elapsed": 2888.765846, "delta": 0.003634}}
{"target": -14.055076522996726, "params": {"gamma": 937.0297303344727, "log10_alpha": -1.6216513563324497, "log10_colsample_bytree": -0.2999902482166221, "log10_eta": -0.05694109973280259, "log10_lambda": -1.8462511149536036, "log10_min_child_weight": 0.5096852069873459, "log10_subsample": -0.7271244769320167, "max_depth": 2.0, "num_boost_round": 9.0}, "datetime": {"datetime": "2024-01-19 00:59:47", "elapsed": 2888.769518, "delta": 0.003672}}
{"target": -14.074641986822053, "params": {"gamma": 937.0297303344727, "log10_alpha": -1.6216513563324497, "log10_colsample_bytree": -0.2999902482166221, "log10_eta": -0.05694109973280259, "log10_lambda": -1.8462511149536036, "log10_min_child_weight": 0.5096852069873459, "log10_subsample": -0.7271244769320167, "max_depth": 2.0, "num_boost_round": 10.0}, "datetime": {"datetime": "2024-01-19 00:59:47", "elapsed": 2888.773102, "delta": 0.003584}}
{"target": -14.081100614010921, "params": {"gamma": 937.0297303344727, "log10_alpha": -1.6216513563324497, "log10_colsample_bytree": -0.2999902482166221, "log10_eta": -0.05694109973280259, "log10_lambda": -1.8462511149536036, "log10_min_child_weight": 0.5096852069873459, "log10_subsample": -0.7271244769320167, "max_depth": 2.0, "num_boost_round": 11.0}, "datetime": {"datetime": "2024-01-19 00:59:47", "elapsed": 2888.776712, "delta": 0.00361}}
{"target": -14.08198455785403, "params": {"gamma": 937.0297303344727, "log10_alpha": -1.6216513563324497, "log10_colsample_bytree": -0.2999902482166221, "log10_eta": -0.05694109973280259, "log10_lambda": -1.8462511149536036, "log10_min_child_weight": 0.5096852069873459, "log10_subsample": -0.7271244769320167, "max_depth": 2.0, "num_boost_round": 12.0}, "datetime": {"datetime": "2024-01-19 00:59:47", "elapsed": 2888.780433, "delta": 0.003721}}
{"target": -14.278268117500517, "params": {"gamma": 937.0297303344727, "log10_alpha": -1.6216513563324497, "log10_colsample_bytree": -0.2999902482166221, "log10_eta": -0.05694109973280259, "log10_lambda": -1.8462511149536036, "log10_min_child_weight": 0.5096852069873459, "log10_subsample": -0.7271244769320167, "max_depth": 2.0, "num_boost_round": 13.0}, "datetime": {"datetime": "2024-01-19 00:59:47", "elapsed": 2888.784022, "delta": 0.003589}}
{"target": -14.336936486015347, "params": {"gamma": 937.0297303344727, "log10_alpha": -1.6216513563324497, "log10_colsample_bytree": -0.2999902482166221, "log10_eta": -0.05694109973280259, "log10_lambda": -1.8462511149536036, "log10_min_child_weight": 0.5096852069873459, "log10_subsample": -0.7271244769320167, "max_depth": 2.0, "num_boost_round": 14.0}, "datetime": {"datetime": "2024-01-19 00:59:47", "elapsed": 2888.787761, "delta": 0.003739}}
{"target": -14.353720438503062, "params": {"gamma": 937.0297303344727, "log10_alpha": -1.6216513563324497, "log10_colsample_bytree": -0.2999902482166221, "log10_eta": -0.05694109973280259, "log10_lambda": -1.8462511149536036, "log10_min_child_weight": 0.5096852069873459, "log10_subsample": -0.7271244769320167, "max_depth": 2.0, "num_boost_round": 15.0}, "datetime": {"datetime": "2024-01-19 00:59:47", "elapsed": 2888.791347, "delta": 0.003586}}
{"target": -14.35156033950105, "params": {"gamma": 937.0297303344727, "log10_alpha": -1.6216513563324497, "log10_colsample_bytree": -0.2999902482166221, "log10_eta": -0.05694109973280259, "log10_lambda": -1.8462511149536036, "log10_min_child_weight": 0.5096852069873459, "log10_subsample": -0.7271244769320167, "max_depth": 2.0, "num_boost_round": 16.0}, "datetime": {"datetime": "2024-01-19 00:59:47", "elapsed": 2888.794949, "delta": 0.003602}}
{"target": -14.369675903397189, "params": {"gamma": 937.0297303344727, "log10_alpha": -1.6216513563324497, "log10_colsample_bytree": -0.2999902482166221, "log10_eta": -0.05694109973280259, "log10_lambda": -1.8462511149536036, "log10_min_child_weight": 0.5096852069873459, "log10_subsample": -0.7271244769320167, "max_depth": 2.0, "num_boost_round": 17.0}, "datetime": {"datetime": "2024-01-19 00:59:47", "elapsed": 2888.798588, "delta": 0.003639}}
{"target": -14.376591810013718, "params": {"gamma": 937.0297303344727, "log10_alpha": -1.6216513563324497, "log10_colsample_bytree": -0.2999902482166221, "log10_eta": -0.05694109973280259, "log10_lambda": -1.8462511149536036, "log10_min_child_weight": 0.5096852069873459, "log10_subsample": -0.7271244769320167, "max_depth": 2.0, "num_boost_round": 18.0}, "datetime": {"datetime": "2024-01-19 00:59:47", "elapsed": 2888.802214, "delta": 0.003626}}
{"target": -14.37880240910925, "params": {"gamma": 937.0297303344727, "log10_alpha": -1.6216513563324497, "log10_colsample_bytree": -0.2999902482166221, "log10_eta": -0.05694109973280259, "log10_lambda": -1.8462511149536036, "log10_min_child_weight": 0.5096852069873459, "log10_subsample": -0.7271244769320167, "max_depth": 2.0, "num_boost_round": 19.0}, "datetime": {"datetime": "2024-01-19 00:59:47", "elapsed": 2888.806264, "delta": 0.00405}}
{"target": -14.380580333160847, "params": {"gamma": 937.0297303344727, "log10_alpha": -1.6216513563324497, "log10_colsample_bytree": -0.2999902482166221, "log10_eta": -0.05694109973280259, "log10_lambda": -1.8462511149536036, "log10_min_child_weight": 0.5096852069873459, "log10_subsample": -0.7271244769320167, "max_depth": 2.0, "num_boost_round": 20.0}, "datetime": {"datetime": "2024-01-19 00:59:47", "elapsed": 2888.810117, "delta": 0.003853}}
{"target": -14.37789116868881, "params": {"gamma": 937.0297303344727, "log10_alpha": -1.6216513563324497, "log10_colsample_bytree": -0.2999902482166221, "log10_eta": -0.05694109973280259, "log10_lambda": -1.8462511149536036, "log10_min_child_weight": 0.5096852069873459, "log10_subsample": -0.7271244769320167, "max_depth": 2.0, "num_boost_round": 21.0}, "datetime": {"datetime": "2024-01-19 00:59:47", "elapsed": 2888.813821, "delta": 0.003704}}
{"target": -14.379867780195845, "params": {"gamma": 937.0297303344727, "log10_alpha": -1.6216513563324497, "log10_colsample_bytree": -0.2999902482166221, "log10_eta": -0.05694109973280259, "log10_lambda": -1.8462511149536036, "log10_min_child_weight": 0.5096852069873459, "log10_subsample": -0.7271244769320167, "max_depth": 2.0, "num_boost_round": 22.0}, "datetime": {"datetime": "2024-01-19 00:59:47", "elapsed": 2888.81758, "delta": 0.003759}}
{"target": -14.374250680057632, "params": {"gamma": 937.0297303344727, "log10_alpha": -1.6216513563324497, "log10_colsample_bytree": -0.2999902482166221, "log10_eta": -0.05694109973280259, "log10_lambda": -1.8462511149536036, "log10_min_child_weight": 0.5096852069873459, "log10_subsample": -0.7271244769320167, "max_depth": 2.0, "num_boost_round": 23.0}, "datetime": {"datetime": "2024-01-19 00:59:47", "elapsed": 2888.821258, "delta": 0.003678}}
{"target": -14.387256279939422, "params": {"gamma": 937.0297303344727, "log10_alpha": -1.6216513563324497, "log10_colsample_bytree": -0.2999902482166221, "log10_eta": -0.05694109973280259, "log10_lambda": -1.8462511149536036, "log10_min_child_weight": 0.5096852069873459, "log10_subsample": -0.7271244769320167, "max_depth": 2.0, "num_boost_round": 24.0}, "datetime": {"datetime": "2024-01-19 00:59:47", "elapsed": 2888.824958, "delta": 0.0037}}
{"target": -14.389085187231377, "params": {"gamma": 937.0297303344727, "log10_alpha": -1.6216513563324497, "log10_colsample_bytree": -0.2999902482166221, "log10_eta": -0.05694109973280259, "log10_lambda": -1.8462511149536036, "log10_min_child_weight": 0.5096852069873459, "log10_subsample": -0.7271244769320167, "max_depth": 2.0, "num_boost_round": 25.0}, "datetime": {"datetime": "2024-01-19 00:59:47", "elapsed": 2888.927784, "delta": 0.102826}}
{"target": -14.395278213400204, "params": {"gamma": 937.0297303344727, "log10_alpha": -1.6216513563324497, "log10_colsample_bytree": -0.2999902482166221, "log10_eta": -0.05694109973280259, "log10_lambda": -1.8462511149536036, "log10_min_child_weight": 0.5096852069873459, "log10_subsample": -0.7271244769320167, "max_depth": 2.0, "num_boost_round": 26.0}, "datetime": {"datetime": "2024-01-19 00:59:47", "elapsed": 2888.932046, "delta": 0.004262}}
{"target": -14.390070934801383, "params": {"gamma": 937.0297303344727, "log10_alpha": -1.6216513563324497, "log10_colsample_bytree": -0.2999902482166221, "log10_eta": -0.05694109973280259, "log10_lambda": -1.8462511149536036, "log10_min_child_weight": 0.5096852069873459, "log10_subsample": -0.7271244769320167, "max_depth": 2.0, "num_boost_round": 27.0}, "datetime": {"datetime": "2024-01-19 00:59:47", "elapsed": 2888.935843, "delta": 0.003797}}
{"target": -14.398955462504924, "params": {"gamma": 937.0297303344727, "log10_alpha": -1.6216513563324497, "log10_colsample_bytree": -0.2999902482166221, "log10_eta": -0.05694109973280259, "log10_lambda": -1.8462511149536036, "log10_min_child_weight": 0.5096852069873459, "log10_subsample": -0.7271244769320167, "max_depth": 2.0, "num_boost_round": 28.0}, "datetime": {"datetime": "2024-01-19 00:59:47", "elapsed": 2888.939636, "delta": 0.003793}}
{"target": -14.399991739947616, "params": {"gamma": 937.0297303344727, "log10_alpha": -1.6216513563324497, "log10_colsample_bytree": -0.2999902482166221, "log10_eta": -0.05694109973280259, "log10_lambda": -1.8462511149536036, "log10_min_child_weight": 0.5096852069873459, "log10_subsample": -0.7271244769320167, "max_depth": 2.0, "num_boost_round": 29.0}, "datetime": {"datetime": "2024-01-19 00:59:47", "elapsed": 2888.943406, "delta": 0.00377}}
{"target": -14.415822602439228, "params": {"gamma": 937.0297303344727, "log10_alpha": -1.6216513563324497, "log10_colsample_bytree": -0.2999902482166221, "log10_eta": -0.05694109973280259, "log10_lambda": -1.8462511149536036, "log10_min_child_weight": 0.5096852069873459, "log10_subsample": -0.7271244769320167, "max_depth": 2.0, "num_boost_round": 30.0}, "datetime": {"datetime": "2024-01-19 00:59:47", "elapsed": 2888.947195, "delta": 0.003789}}
{"target": -14.417251029053133, "params": {"gamma": 937.0297303344727, "log10_alpha": -1.6216513563324497, "log10_colsample_bytree": -0.2999902482166221, "log10_eta": -0.05694109973280259, "log10_lambda": -1.8462511149536036, "log10_min_child_weight": 0.5096852069873459, "log10_subsample": -0.7271244769320167, "max_depth": 2.0, "num_boost_round": 31.0}, "datetime": {"datetime": "2024-01-19 00:59:47", "elapsed": 2888.951076, "delta": 0.003881}}
{"target": -14.41347591762021, "params": {"gamma": 937.0297303344727, "log10_alpha": -1.6216513563324497, "log10_colsample_bytree": -0.2999902482166221, "log10_eta": -0.05694109973280259, "log10_lambda": -1.8462511149536036, "log10_min_child_weight": 0.5096852069873459, "log10_subsample": -0.7271244769320167, "max_depth": 2.0, "num_boost_round": 32.0}, "datetime": {"datetime": "2024-01-19 00:59:47", "elapsed": 2888.954801, "delta": 0.003725}}
{"target": -14.433925460688718, "params": {"gamma": 937.0297303344727, "log10_alpha": -1.6216513563324497, "log10_colsample_bytree": -0.2999902482166221, "log10_eta": -0.05694109973280259, "log10_lambda": -1.8462511149536036, "log10_min_child_weight": 0.5096852069873459, "log10_subsample": -0.7271244769320167, "max_depth": 2.0, "num_boost_round": 33.0}, "datetime": {"datetime": "2024-01-19 00:59:47", "elapsed": 2888.958567, "delta": 0.003766}}
{"target": -14.438053587128895, "params": {"gamma": 937.0297303344727, "log10_alpha": -1.6216513563324497, "log10_colsample_bytree": -0.2999902482166221, "log10_eta": -0.05694109973280259, "log10_lambda": -1.8462511149536036, "log10_min_child_weight": 0.5096852069873459, "log10_subsample": -0.7271244769320167, "max_depth": 2.0, "num_boost_round": 34.0}, "datetime": {"datetime": "2024-01-19 00:59:47", "elapsed": 2888.962316, "delta": 0.003749}}
{"target": -14.44033518124048, "params": {"gamma": 937.0297303344727, "log10_alpha": -1.6216513563324497, "log10_colsample_bytree": -0.2999902482166221, "log10_eta": -0.05694109973280259, "log10_lambda": -1.8462511149536036, "log10_min_child_weight": 0.5096852069873459, "log10_subsample": -0.7271244769320167, "max_depth": 2.0, "num_boost_round": 35.0}, "datetime": {"datetime": "2024-01-19 00:59:47", "elapsed": 2888.966125, "delta": 0.003809}}
{"target": -14.441650957574556, "params": {"gamma": 937.0297303344727, "log10_alpha": -1.6216513563324497, "log10_colsample_bytree": -0.2999902482166221, "log10_eta": -0.05694109973280259, "log10_lambda": -1.8462511149536036, "log10_min_child_weight": 0.5096852069873459, "log10_subsample": -0.7271244769320167, "max_depth": 2.0, "num_boost_round": 36.0}, "datetime": {"datetime": "2024-01-19 00:59:47", "elapsed": 2888.969875, "delta": 0.00375}}
{"target": -14.442701371900666, "params": {"gamma": 937.0297303344727, "log10_alpha": -1.6216513563324497, "log10_colsample_bytree": -0.2999902482166221, "log10_eta": -0.05694109973280259, "log10_lambda": -1.8462511149536036, "log10_min_child_weight": 0.5096852069873459, "log10_subsample": -0.7271244769320167, "max_depth": 2.0, "num_boost_round": 37.0}, "datetime": {"datetime": "2024-01-19 00:59:47", "elapsed": 2888.973621, "delta": 0.003746}}
{"target": -14.465663180841185, "params": {"gamma": 937.0297303344727, "log10_alpha": -1.6216513563324497, "log10_colsample_bytree": -0.2999902482166221, "log10_eta": -0.05694109973280259, "log10_lambda": -1.8462511149536036, "log10_min_child_weight": 0.5096852069873459, "log10_subsample": -0.7271244769320167, "max_depth": 2.0, "num_boost_round": 38.0}, "datetime": {"datetime": "2024-01-19 00:59:47", "elapsed": 2888.977408, "delta": 0.003787}}
{"target": -14.46233657793698, "params": {"gamma": 937.0297303344727, "log10_alpha": -1.6216513563324497, "log10_colsample_bytree": -0.2999902482166221, "log10_eta": -0.05694109973280259, "log10_lambda": -1.8462511149536036, "log10_min_child_weight": 0.5096852069873459, "log10_subsample": -0.7271244769320167, "max_depth": 2.0, "num_boost_round": 39.0}, "datetime": {"datetime": "2024-01-19 00:59:47", "elapsed": 2888.98118, "delta": 0.003772}}
{"target": -14.438126176489007, "params": {"gamma": 937.0297303344727, "log10_alpha": -1.6216513563324497, "log10_colsample_bytree": -0.2999902482166221, "log10_eta": -0.05694109973280259, "log10_lambda": -1.8462511149536036, "log10_min_child_weight": 0.5096852069873459, "log10_subsample": -0.7271244769320167, "max_depth": 2.0, "num_boost_round": 40.0}, "datetime": {"datetime": "2024-01-19 00:59:47", "elapsed": 2888.984956, "delta": 0.003776}}
{"target": -13.758531566761082, "params": {"gamma": 942.1571851026184, "log10_alpha": 0.6568868360009361, "log10_colsample_bytree": -0.9883883376819201, "log10_eta": -3.7520106485724503, "log10_lambda": -1.4409494877424516, "log10_min_child_weight": 3.108138467725876, "log10_subsample": -0.1259689950406615, "max_depth": 9.0, "num_boost_round": 0.0}, "datetime": {"datetime": "2024-01-19 01:00:27", "elapsed": 2928.538896, "delta": 39.55394}}
{"target": -13.758532636006215, "params": {"gamma": 942.1571851026184, "log10_alpha": 0.6568868360009361, "log10_colsample_bytree": -0.9883883376819201, "log10_eta": -3.7520106485724503, "log10_lambda": -1.4409494877424516, "log10_min_child_weight": 3.108138467725876, "log10_subsample": -0.1259689950406615, "max_depth": 9.0, "num_boost_round": 1.0}, "datetime": {"datetime": "2024-01-19 01:00:27", "elapsed": 2928.543407, "delta": 0.004511}}
{"target": -13.758530969885847, "params": {"gamma": 942.1571851026184, "log10_alpha": 0.6568868360009361, "log10_colsample_bytree": -0.9883883376819201, "log10_eta": -3.7520106485724503, "log10_lambda": -1.4409494877424516, "log10_min_child_weight": 3.108138467725876, "log10_subsample": -0.1259689950406615, "max_depth": 9.0, "num_boost_round": 2.0}, "datetime": {"datetime": "2024-01-19 01:00:27", "elapsed": 2928.547313, "delta": 0.003906}}
{"target": -13.758527450513172, "params": {"gamma": 942.1571851026184, "log10_alpha": 0.6568868360009361, "log10_colsample_bytree": -0.9883883376819201, "log10_eta": -3.7520106485724503, "log10_lambda": -1.4409494877424516, "log10_min_child_weight": 3.108138467725876, "log10_subsample": -0.1259689950406615, "max_depth": 9.0, "num_boost_round": 3.0}, "datetime": {"datetime": "2024-01-19 01:00:27", "elapsed": 2928.551173, "delta": 0.00386}}
{"target": -13.758520423080947, "params": {"gamma": 942.1571851026184, "log10_alpha": 0.6568868360009361, "log10_colsample_bytree": -0.9883883376819201, "log10_eta": -3.7520106485724503, "log10_lambda": -1.4409494877424516, "log10_min_child_weight": 3.108138467725876, "log10_subsample": -0.1259689950406615, "max_depth": 9.0, "num_boost_round": 4.0}, "datetime": {"datetime": "2024-01-19 01:00:27", "elapsed": 2928.554869, "delta": 0.003696}}
{"target": -13.758520613848114, "params": {"gamma": 942.1571851026184, "log10_alpha": 0.6568868360009361, "log10_colsample_bytree": -0.9883883376819201, "log10_eta": -3.7520106485724503, "log10_lambda": -1.4409494877424516, "log10_min_child_weight": 3.108138467725876, "log10_subsample": -0.1259689950406615, "max_depth": 9.0, "num_boost_round": 5.0}, "datetime": {"datetime": "2024-01-19 01:00:27", "elapsed": 2928.558745, "delta": 0.003876}}
{"target": -13.758521003696485, "params": {"gamma": 942.1571851026184, "log10_alpha": 0.6568868360009361, "log10_colsample_bytree": -0.9883883376819201, "log10_eta": -3.7520106485724503, "log10_lambda": -1.4409494877424516, "log10_min_child_weight": 3.108138467725876, "log10_subsample": -0.1259689950406615, "max_depth": 9.0, "num_boost_round": 6.0}, "datetime": {"datetime": "2024-01-19 01:00:27", "elapsed": 2928.562666, "delta": 0.003921}}
{"target": -13.758515900081315, "params": {"gamma": 942.1571851026184, "log10_alpha": 0.6568868360009361, "log10_colsample_bytree": -0.9883883376819201, "log10_eta": -3.7520106485724503, "log10_lambda": -1.4409494877424516, "log10_min_child_weight": 3.108138467725876, "log10_subsample": -0.1259689950406615, "max_depth": 9.0, "num_boost_round": 7.0}, "datetime": {"datetime": "2024-01-19 01:00:27", "elapsed": 2928.566375, "delta": 0.003709}}
{"target": -13.758513323441418, "params": {"gamma": 942.1571851026184, "log10_alpha": 0.6568868360009361, "log10_colsample_bytree": -0.9883883376819201, "log10_eta": -3.7520106485724503, "log10_lambda": -1.4409494877424516, "log10_min_child_weight": 3.108138467725876, "log10_subsample": -0.1259689950406615, "max_depth": 9.0, "num_boost_round": 8.0}, "datetime": {"datetime": "2024-01-19 01:00:27", "elapsed": 2928.570156, "delta": 0.003781}}
{"target": -13.758511334115948, "params": {"gamma": 942.1571851026184, "log10_alpha": 0.6568868360009361, "log10_colsample_bytree": -0.9883883376819201, "log10_eta": -3.7520106485724503, "log10_lambda": -1.4409494877424516, "log10_min_child_weight": 3.108138467725876, "log10_subsample": -0.1259689950406615, "max_depth": 9.0, "num_boost_round": 9.0}, "datetime": {"datetime": "2024-01-19 01:00:27", "elapsed": 2928.573868, "delta": 0.003712}}
{"target": -13.758510007423057, "params": {"gamma": 942.1571851026184, "log10_alpha": 0.6568868360009361, "log10_colsample_bytree": -0.9883883376819201, "log10_eta": -3.7520106485724503, "log10_lambda": -1.4409494877424516, "log10_min_child_weight": 3.108138467725876, "log10_subsample": -0.1259689950406615, "max_depth": 9.0, "num_boost_round": 10.0}, "datetime": {"datetime": "2024-01-19 01:00:27", "elapsed": 2928.577583, "delta": 0.003715}}
