{"target": -13.757146865992611, "params": {"gamma": 598.3753806143012, "log10_alpha": 0.2966525745491211, "log10_colsample_bytree": -0.744462325381708, "log10_eta": -1.3382681314159006, "log10_lambda": -4.581683451950247, "log10_min_child_weight": 0.09168430238386982, "log10_subsample": -0.1916426700089675, "max_depth": 4.0, "num_boost_round": 2.0}, "datetime": {"datetime": "2024-01-19 00:41:15", "elapsed": 1727.871806, "delta": 0.003361}}
{"target": -13.756131987969907, "params": {"gamma": 598.3753806143012, "log10_alpha": 0.2966525745491211, "log10_colsample_bytree": -0.744462325381708, "log10_eta": -1.3382681314159006, "log10_lambda": -4.581683451950247, "log10_min_child_weight": 0.09168430238386982, "log10_subsample": -0.1916426700089675, "max_depth": 4.0, "num_boost_round": 3.0}, "datetime": {"datetime": "2024-01-19 00:41:15", "elapsed": 1727.874765, "delta": 0.002959}}
{"target": -13.756532026956128, "params": {"gamma": 598.3753806143012, "log10_alpha": 0.2966525745491211, "log10_colsample_bytree": -0.744462325381708, "log10_eta": -1.3382681314159006, "log10_lambda": -4.581683451950247, "log10_min_child_weight": 0.09168430238386982, "log10_subsample": -0.1916426700089675, "max_depth": 4.0, "num_boost_round": 4.0}, "datetime": {"datetime": "2024-01-19 00:41:15", "elapsed": 1727.877438, "delta": 0.002673}}
{"target": -13.756060562063128, "params": {"gamma": 598.3753806143012, "log10_alpha": 0.2966525745491211, "log10_colsample_bytree": -0.744462325381708, "log10_eta": -1.3382681314159006, "log10_lambda": -4.581683451950247, "log10_min_child_weight": 0.09168430238386982, "log10_subsample": -0.1916426700089675, "max_depth": 4.0, "num_boost_round": 5.0}, "datetime": {"datetime": "2024-01-19 00:41:15", "elapsed": 1727.879966, "delta": 0.002528}}
{"target": -13.755613002730575, "params": {"gamma": 598.3753806143012, "log10_alpha": 0.2966525745491211, "log10_colsample_bytree": -0.744462325381708, "log10_eta": -1.3382681314159006, "log10_lambda": -4.581683451950247, "log10_min_child_weight": 0.09168430238386982, "log10_subsample": -0.1916426700089675, "max_depth": 4.0, "num_boost_round": 6.0}, "datetime": {"datetime": "2024-01-19 00:41:15", "elapsed": 1727.882443, "delta": 0.002477}}
{"target": -13.755541177516848, "params": {"gamma": 598.3753806143012, "log10_alpha": 0.2966525745491211, "log10_colsample_bytree": -0.744462325381708, "log10_eta": -1.3382681314159006, "log10_lambda": -4.581683451950247, "log10_min_child_weight": 0.09168430238386982, "log10_subsample": -0.1916426700089675, "max_depth": 4.0, "num_boost_round": 7.0}, "datetime": {"datetime": "2024-01-19 00:41:15", "elapsed": 1727.884886, "delta": 0.002443}}
{"target": -13.756289377808727, "params": {"gamma": 598.3753806143012, "log10_alpha": 0.2966525745491211, "log10_colsample_bytree": -0.744462325381708, "log10_eta": -1.3382681314159006, "log10_lambda": -4.581683451950247, "log10_min_child_weight": 0.09168430238386982, "log10_subsample": -0.1916426700089675, "max_depth": 4.0, "num_boost_round": 8.0}, "datetime": {"datetime": "2024-01-19 00:41:15", "elapsed": 1727.887315, "delta": 0.002429}}
{"target": -13.756327897120702, "params": {"gamma": 598.3753806143012, "log10_alpha": 0.2966525745491211, "log10_colsample_bytree": -0.744462325381708, "log10_eta": -1.3382681314159006, "log10_lambda": -4.581683451950247, "log10_min_child_weight": 0.09168430238386982, "log10_subsample": -0.1916426700089675, "max_depth": 4.0, "num_boost_round": 9.0}, "datetime": {"datetime": "2024-01-19 00:41:15", "elapsed": 1727.889732, "delta": 0.002417}}
{"target": -13.756725000890876, "params": {"gamma": 598.3753806143012, "log10_alpha": 0.2966525745491211, "log10_colsample_bytree": -0.744462325381708, "log10_eta": -1.3382681314159006, "log10_lambda": -4.581683451950247, "log10_min_child_weight": 0.09168430238386982, "log10_subsample": -0.1916426700089675, "max_depth": 4.0, "num_boost_round": 10.0}, "datetime": {"datetime": "2024-01-19 00:41:15", "elapsed": 1727.892171, "delta": 0.002439}}
{"target": -13.756520821872739, "params": {"gamma": 598.3753806143012, "log10_alpha": 0.2966525745491211, "log10_colsample_bytree": -0.744462325381708, "log10_eta": -1.3382681314159006, "log10_lambda": -4.581683451950247, "log10_min_child_weight": 0.09168430238386982, "log10_subsample": -0.1916426700089675, "max_depth": 4.0, "num_boost_round": 11.0}, "datetime": {"datetime": "2024-01-19 00:41:15", "elapsed": 1727.894893, "delta": 0.002722}}
{"target": -13.758536490815619, "params": {"gamma": 546.6468275030776, "log10_alpha": -4.774358158901579, "log10_colsample_bytree": -0.6546788518573974, "log10_eta": -3.7401660177706018, "log10_lambda": -0.03156654726654029, "log10_min_child_weight": 3.8169675810511756, "log10_subsample": -0.7851320782064208, "max_depth": 7.0, "num_boost_round": 0.0}, "datetime": {"datetime": "2024-01-19 00:41:50", "elapsed": 1763.330719, "delta": 35.435826}}
{"target": -13.758535788363204, "params": {"gamma": 546.6468275030776, "log10_alpha": -4.774358158901579, "log10_colsample_bytree": -0.6546788518573974, "log10_eta": -3.7401660177706018, "log10_lambda": -0.03156654726654029, "log10_min_child_weight": 3.8169675810511756, "log10_subsample": -0.7851320782064208, "max_depth": 7.0, "num_boost_round": 1.0}, "datetime": {"datetime": "2024-01-19 00:41:50", "elapsed": 1763.334159, "delta": 0.00344}}
{"target": -13.758536353917428, "params": {"gamma": 546.6468275030776, "log10_alpha": -4.774358158901579, "log10_colsample_bytree": -0.6546788518573974, "log10_eta": -3.7401660177706018, "log10_lambda": -0.03156654726654029, "log10_min_child_weight": 3.8169675810511756, "log10_subsample": -0.7851320782064208, "max_depth": 7.0, "num_boost_round": 2.0}, "datetime": {"datetime": "2024-01-19 00:41:50", "elapsed": 1763.336813, "delta": 0.002654}}
{"target": -13.758535338717042, "params": {"gamma": 546.6468275030776, "log10_alpha": -4.774358158901579, "log10_colsample_bytree": -0.6546788518573974, "log10_eta": -3.7401660177706018, "log10_lambda": -0.03156654726654029, "log10_min_child_weight": 3.8169675810511756, "log10_subsample": -0.7851320782064208, "max_depth": 7.0, "num_boost_round": 3.0}, "datetime": {"datetime": "2024-01-19 00:41:50", "elapsed": 1763.339283, "delta": 0.00247}}
{"target": -13.758532215196306, "params": {"gamma": 546.6468275030776, "log10_alpha": -4.774358158901579, "log10_colsample_bytree": -0.6546788518573974, "log10_eta": -3.7401660177706018, "log10_lambda": -0.03156654726654029, "log10_min_child_weight": 3.8169675810511756, "log10_subsample": -0.7851320782064208, "max_depth": 7.0, "num_boost_round": 4.0}, "datetime": {"datetime": "2024-01-19 00:41:50", "elapsed": 1763.341659, "delta": 0.002376}}
{"target": -13.75852946082188, "params": {"gamma": 546.6468275030776, "log10_alpha": -4.774358158901579, "log10_colsample_bytree": -0.6546788518573974, "log10_eta": -3.7401660177706018, "log10_lambda": -0.03156654726654029, "log10_min_child_weight": 3.8169675810511756, "log10_subsample": -0.7851320782064208, "max_depth": 7.0, "num_boost_round": 5.0}, "datetime": {"datetime": "2024-01-19 00:41:50", "elapsed": 1763.344022, "delta": 0.002363}}
{"target": -13.75853034727203, "params": {"gamma": 546.6468275030776, "log10_alpha": -4.774358158901579, "log10_colsample_bytree": -0.6546788518573974, "log10_eta": -3.7401660177706018, "log10_lambda": -0.03156654726654029, "log10_min_child_weight": 3.8169675810511756, "log10_subsample": -0.7851320782064208, "max_depth": 7.0, "num_boost_round": 6.0}, "datetime": {"datetime": "2024-01-19 00:41:50", "elapsed": 1763.346418, "delta": 0.002396}}
{"target": -13.75852740772402, "params": {"gamma": 546.6468275030776, "log10_alpha": -4.774358158901579, "log10_colsample_bytree": -0.6546788518573974, "log10_eta": -3.7401660177706018, "log10_lambda": -0.03156654726654029, "log10_min_child_weight": 3.8169675810511756, "log10_subsample": -0.7851320782064208, "max_depth": 7.0, "num_boost_round": 7.0}, "datetime": {"datetime": "2024-01-19 00:41:50", "elapsed": 1763.348816, "delta": 0.002398}}
{"target": -13.75852663072294, "params": {"gamma": 546.6468275030776, "log10_alpha": -4.774358158901579, "log10_colsample_bytree": -0.6546788518573974, "log10_eta": -3.7401660177706018, "log10_lambda": -0.03156654726654029, "log10_min_child_weight": 3.8169675810511756, "log10_subsample": -0.7851320782064208, "max_depth": 7.0, "num_boost_round": 8.0}, "datetime": {"datetime": "2024-01-19 00:41:50", "elapsed": 1763.351189, "delta": 0.002373}}
{"target": -13.75852678891013, "params": {"gamma": 546.6468275030776, "log10_alpha": -4.774358158901579, "log10_colsample_bytree": -0.6546788518573974, "log10_eta": -3.7401660177706018, "log10_lambda": -0.03156654726654029, "log10_min_child_weight": 3.8169675810511756, "log10_subsample": -0.7851320782064208, "max_depth": 7.0, "num_boost_round": 9.0}, "datetime": {"datetime": "2024-01-19 00:41:50", "elapsed": 1763.353782, "delta": 0.002593}}
{"target": -13.758524476856731, "params": {"gamma": 546.6468275030776, "log10_alpha": -4.774358158901579, "log10_colsample_bytree": -0.6546788518573974, "log10_eta": -3.7401660177706018, "log10_lambda": -0.03156654726654029, "log10_min_child_weight": 3.8169675810511756, "log10_subsample": -0.7851320782064208, "max_depth": 7.0, "num_boost_round": 10.0}, "datetime": {"datetime": "2024-01-19 00:41:50", "elapsed": 1763.356172, "delta": 0.00239}}
{"target": -13.758523762904, "params": {"gamma": 546.6468275030776, "log10_alpha": -4.774358158901579, "log10_colsample_bytree": -0.6546788518573974, "log10_eta": -3.7401660177706018, "log10_lambda": -0.03156654726654029, "log10_min_child_weight": 3.8169675810511756, "log10_subsample": -0.7851320782064208, "max_depth": 7.0, "num_boost_round": 11.0}, "datetime": {"datetime": "2024-01-19 00:41:50", "elapsed": 1763.358572, "delta": 0.0024}}
{"target": -13.758525360778888, "params": {"gamma": 546.6468275030776, "log10_alpha": -4.774358158901579, "log10_colsample_bytree": -0.6546788518573974, "log10_eta": -3.7401660177706018, "log10_lambda": -0.03156654726654029, "log10_min_child_weight": 3.8169675810511756, "log10_subsample": -0.7851320782064208, "max_depth": 7.0, "num_boost_round": 12.0}, "datetime": {"datetime": "2024-01-19 00:41:50", "elapsed": 1763.360956, "delta": 0.002384}}
{"target": -13.758524353974936, "params": {"gamma": 546.6468275030776, "log10_alpha": -4.774358158901579, "log10_colsample_bytree": -0.6546788518573974, "log10_eta": -3.7401660177706018, "log10_lambda": -0.03156654726654029, "log10_min_child_weight": 3.8169675810511756, "log10_subsample": -0.7851320782064208, "max_depth": 7.0, "num_boost_round": 13.0}, "datetime": {"datetime": "2024-01-19 00:41:50", "elapsed": 1763.363363, "delta": 0.002407}}
{"target": -13.758523843646092, "params": {"gamma": 546.6468275030776, "log10_alpha": -4.774358158901579, "log10_colsample_bytree": -0.6546788518573974, "log10_eta": -3.7401660177706018, "log10_lambda": -0.03156654726654029, "log10_min_child_weight": 3.8169675810511756, "log10_subsample": -0.7851320782064208, "max_depth": 7.0, "num_boost_round": 14.0}, "datetime": {"datetime": "2024-01-19 00:41:50", "elapsed": 1763.365734, "delta": 0.002371}}
{"target": -13.758520244991772, "params": {"gamma": 546.6468275030776, "log10_alpha": -4.774358158901579, "log10_colsample_bytree": -0.6546788518573974, "log10_eta": -3.7401660177706018, "log10_lambda": -0.03156654726654029, "log10_min_child_weight": 3.8169675810511756, "log10_subsample": -0.7851320782064208, "max_depth": 7.0, "num_boost_round": 15.0}, "datetime": {"datetime": "2024-01-19 00:41:50", "elapsed": 1763.368116, "delta": 0.002382}}
{"target": -13.758516929653855, "params": {"gamma": 546.6468275030776, "log10_alpha": -4.774358158901579, "log10_colsample_bytree": -0.6546788518573974, "log10_eta": -3.7401660177706018, "log10_lambda": -0.03156654726654029, "log10_min_child_weight": 3.8169675810511756, "log10_subsample": -0.7851320782064208, "max_depth": 7.0, "num_boost_round": 16.0}, "datetime": {"datetime": "2024-01-19 00:41:50", "elapsed": 1763.370499, "delta": 0.002383}}
{"target": -13.758512843562439, "params": {"gamma": 546.6468275030776, "log10_alpha": -4.774358158901579, "log10_colsample_bytree": -0.6546788518573974, "log10_eta": -3.7401660177706018, "log10_lambda": -0.03156654726654029, "log10_min_child_weight": 3.8169675810511756, "log10_subsample": -0.7851320782064208, "max_depth": 7.0, "num_boost_round": 17.0}, "datetime": {"datetime": "2024-01-19 00:41:50", "elapsed": 1763.373113, "delta": 0.002614}}
{"target": -13.758512856103291, "params": {"gamma": 546.6468275030776, "log10_alpha": -4.774358158901579, "log10_colsample_bytree": -0.6546788518573974, "log10_eta": -3.7401660177706018, "log10_lambda": -0.03156654726654029, "log10_min_child_weight": 3.8169675810511756, "log10_subsample": -0.7851320782064208, "max_depth": 7.0, "num_boost_round": 18.0}, "datetime": {"datetime": "2024-01-19 00:41:50", "elapsed": 1763.375496, "delta": 0.002383}}
{"target": -13.758511345551891, "params": {"gamma": 546.6468275030776, "log10_alpha": -4.774358158901579, "log10_colsample_bytree": -0.6546788518573974, "log10_eta": -3.7401660177706018, "log10_lambda": -0.03156654726654029, "log10_min_child_weight": 3.8169675810511756, "log10_subsample": -0.7851320782064208, "max_depth": 7.0, "num_boost_round": 19.0}, "datetime": {"datetime": "2024-01-19 00:41:50", "elapsed": 1763.377868, "delta": 0.002372}}
{"target": -13.75851119680639, "params": {"gamma": 546.6468275030776, "log10_alpha": -4.774358158901579, "log10_colsample_bytree": -0.6546788518573974, "log10_eta": -3.7401660177706018, "log10_lambda": -0.03156654726654029, "log10_min_child_weight": 3.8169675810511756, "log10_subsample": -0.7851320782064208, "max_depth": 7.0, "num_boost_round": 20.0}, "datetime": {"datetime": "2024-01-19 00:41:50", "elapsed": 1763.380238, "delta": 0.00237}}
{"target": -13.758512485198992, "params": {"gamma": 546.6468275030776, "log10_alpha": -4.774358158901579, "log10_colsample_bytree": -0.6546788518573974, "log10_eta": -3.7401660177706018, "log10_lambda": -0.03156654726654029, "log10_min_child_weight": 3.8169675810511756, "log10_subsample": -0.7851320782064208, "max_depth": 7.0, "num_boost_round": 21.0}, "datetime": {"datetime": "2024-01-19 00:41:50", "elapsed": 1763.382617, "delta": 0.002379}}
{"target": -13.758510925270649, "params": {"gamma": 546.6468275030776, "log10_alpha": -4.774358158901579, "log10_colsample_bytree": -0.6546788518573974, "log10_eta": -3.7401660177706018, "log10_lambda": -0.03156654726654029, "log10_min_child_weight": 3.8169675810511756, "log10_subsample": -0.7851320782064208, "max_depth": 7.0, "num_boost_round": 22.0}, "datetime": {"datetime": "2024-01-19 00:41:50", "elapsed": 1763.384995, "delta": 0.002378}}
{"target": -13.75850940063131, "params": {"gamma": 546.6468275030776, "log10_alpha": -4.774358158901579, "log10_colsample_bytree": -0.6546788518573974, "log10_eta": -3.7401660177706018, "log10_lambda": -0.03156654726654029, "log10_min_child_weight": 3.8169675810511756, "log10_subsample": -0.7851320782064208, "max_depth": 7.0, "num_boost_round": 23.0}, "datetime": {"datetime": "2024-01-19 00:41:50", "elapsed": 1763.38737, "delta": 0.002375}}
{"target": -13.758529285545627, "params": {"gamma": 557.2278869805186, "log10_alpha": 0.4639813600809459, "log10_colsample_bytree": -0.03669324804728946, "log10_eta": -3.1506374684973024, "log10_lambda": -0.5727772176097883, "log10_min_child_weight": 4.215636551767913, "log10_subsample": -0.1484448612621403, "max_depth": 7.0, "num_boost_round": 0.0}, "datetime": {"datetime": "2024-01-19 00:42:19", "elapsed": 1792.206073, "delta": 28.818703}}
{"target": -13.758528319982071, "params": {"gamma": 557.2278869805186, "log10_alpha": 0.4639813600809459, "log10_colsample_bytree": -0.03669324804728946, "log10_eta": -3.1506374684973024, "log10_lambda": -0.5727772176097883, "log10_min_child_weight": 4.215636551767913, "log10_subsample": -0.1484448612621403, "max_depth": 7.0, "num_boost_round": 1.0}, "datetime": {"datetime": "2024-01-19 00:42:19", "elapsed": 1792.209743, "delta": 0.00367}}
{"target": -13.758523095606625, "params": {"gamma": 557.2278869805186, "log10_alpha": 0.4639813600809459, "log10_colsample_bytree": -0.03669324804728946, "log10_eta": -3.1506374684973024, "log10_lambda": -0.5727772176097883, "log10_min_child_weight": 4.215636551767913, "log10_subsample": -0.1484448612621403, "max_depth": 7.0, "num_boost_round": 2.0}, "datetime": {"datetime": "2024-01-19 00:42:19", "elapsed": 1792.212378, "delta": 0.002635}}
{"target": -13.758532748182242, "params": {"gamma": 557.2278869805186, "log10_alpha": 0.4639813600809459, "log10_colsample_bytree": -0.03669324804728946, "log10_eta": -3.1506374684973024, "log10_lambda": -0.5727772176097883, "log10_min_child_weight": 4.215636551767913, "log10_subsample": -0.1484448612621403, "max_depth": 7.0, "num_boost_round": 3.0}, "datetime": {"datetime": "2024-01-19 00:42:19", "elapsed": 1792.214995, "delta": 0.002617}}
{"target": -13.758527029024721, "params": {"gamma": 557.2278869805186, "log10_alpha": 0.4639813600809459, "log10_colsample_bytree": -0.03669324804728946, "log10_eta": -3.1506374684973024, "log10_lambda": -0.5727772176097883, "log10_min_child_weight": 4.215636551767913, "log10_subsample": -0.1484448612621403, "max_depth": 7.0, "num_boost_round": 4.0}, "datetime": {"datetime": "2024-01-19 00:42:19", "elapsed": 1792.217484, "delta": 0.002489}}
{"target": -13.758528741032636, "params": {"gamma": 557.2278869805186, "log10_alpha": 0.4639813600809459, "log10_colsample_bytree": -0.03669324804728946, "log10_eta": -3.1506374684973024, "log10_lambda": -0.5727772176097883, "log10_min_child_weight": 4.215636551767913, "log10_subsample": -0.1484448612621403, "max_depth": 7.0, "num_boost_round": 5.0}, "datetime": {"datetime": "2024-01-19 00:42:19", "elapsed": 1792.219983, "delta": 0.002499}}
{"target": -13.758526859770988, "params": {"gamma": 557.2278869805186, "log10_alpha": 0.4639813600809459, "log10_colsample_bytree": -0.03669324804728946, "log10_eta": -3.1506374684973024, "log10_lambda": -0.5727772176097883, "log10_min_child_weight": 4.215636551767913, "log10_subsample": -0.1484448612621403, "max_depth": 7.0, "num_boost_round": 6.0}, "datetime": {"datetime": "2024-01-19 00:42:19", "elapsed": 1792.222552, "delta": 0.002569}}
{"target": -13.75852629002845, "params": {"gamma": 557.2278869805186, "log10_alpha": 0.4639813600809459, "log10_colsample_bytree": -0.03669324804728946, "log10_eta": -3.1506374684973024, "log10_lambda": -0.5727772176097883, "log10_min_child_weight": 4.215636551767913, "log10_subsample": -0.1484448612621403, "max_depth": 7.0, "num_boost_round": 7.0}, "datetime": {"datetime": "2024-01-19 00:42:19", "elapsed": 1792.225173, "delta": 0.002621}}
{"target": -13.758518401001288, "params": {"gamma": 557.2278869805186, "log10_alpha": 0.4639813600809459, "log10_colsample_bytree": -0.03669324804728946, "log10_eta": -3.1506374684973024, "log10_lambda": -0.5727772176097883, "log10_min_child_weight": 4.215636551767913, "log10_subsample": -0.1484448612621403, "max_depth": 7.0, "num_boost_round": 8.0}, "datetime": {"datetime": "2024-01-19 00:42:19", "elapsed": 1792.227828, "delta": 0.002655}}
{"target": -13.758514489070356, "params": {"gamma": 557.2278869805186, "log10_alpha": 0.4639813600809459, "log10_colsample_bytree": -0.03669324804728946, "log10_eta": -3.1506374684973024, "log10_lambda": -0.5727772176097883, "log10_min_child_weight": 4.215636551767913, "log10_subsample": -0.1484448612621403, "max_depth": 7.0, "num_boost_round": 9.0}, "datetime": {"datetime": "2024-01-19 00:42:19", "elapsed": 1792.230428, "delta": 0.0026}}
{"target": -13.758506473661116, "params": {"gamma": 557.2278869805186, "log10_alpha": 0.4639813600809459, "log10_colsample_bytree": -0.03669324804728946, "log10_eta": -3.1506374684973024, "log10_lambda": -0.5727772176097883, "log10_min_child_weight": 4.215636551767913, "log10_subsample": -0.1484448612621403, "max_depth": 7.0, "num_boost_round": 10.0}, "datetime": {"datetime": "2024-01-19 00:42:19", "elapsed": 1792.232995, "delta": 0.002567}}
{"target": -13.75850064515433, "params": {"gamma": 557.2278869805186, "log10_alpha": 0.4639813600809459, "log10_colsample_bytree": -0.03669324804728946, "log10_eta": -3.1506374684973024, "log10_lambda": -0.5727772176097883, "log10_min_child_weight": 4.215636551767913, "log10_subsample": -0.1484448612621403, "max_depth": 7.0, "num_boost_round": 11.0}, "datetime": {"datetime": "2024-01-19 00:42:19", "elapsed": 1792.235676, "delta": 0.002681}}
{"target": -13.758493956533624, "params": {"gamma": 557.2278869805186, "log10_alpha": 0.4639813600809459, "log10_colsample_bytree": -0.03669324804728946, "log10_eta": -3.1506374684973024, "log10_lambda": -0.5727772176097883, "log10_min_child_weight": 4.215636551767913, "log10_subsample": -0.1484448612621403, "max_depth": 7.0, "num_boost_round": 12.0}, "datetime": {"datetime": "2024-01-19 00:42:19", "elapsed": 1792.238151, "delta": 0.002475}}
{"target": -13.758488542402148, "params": {"gamma": 557.2278869805186, "log10_alpha": 0.4639813600809459, "log10_colsample_bytree": -0.03669324804728946, "log10_eta": -3.1506374684973024, "log10_lambda": -0.5727772176097883, "log10_min_child_weight": 4.215636551767913, "log10_subsample": -0.1484448612621403, "max_depth": 7.0, "num_boost_round": 13.0}, "datetime": {"datetime": "2024-01-19 00:42:19", "elapsed": 1792.240664, "delta": 0.002513}}
{"target": -13.758486920186211, "params": {"gamma": 557.2278869805186, "log10_alpha": 0.4639813600809459, "log10_colsample_bytree": -0.03669324804728946, "log10_eta": -3.1506374684973024, "log10_lambda": -0.5727772176097883, "log10_min_child_weight": 4.215636551767913, "log10_subsample": -0.1484448612621403, "max_depth": 7.0, "num_boost_round": 14.0}, "datetime": {"datetime": "2024-01-19 00:42:19", "elapsed": 1792.243162, "delta": 0.002498}}
