{"target": -13.758526702150988, "params": {"gamma": 863.7040855971215, "log10_alpha": -1.41346516130284, "log10_colsample_bytree": -0.034605828831572705, "log10_eta": -3.835583077264315, "log10_lambda": -2.774916754431791, "log10_min_child_weight": 3.838405869200068, "log10_subsample": -0.22218483573961634, "max_depth": 7.0, "num_boost_round": 5.0}, "datetime": {"datetime": "2024-01-19 00:18:28", "elapsed": 428.303961, "delta": 0.000845}}
{"target": -13.758524655224642, "params": {"gamma": 863.7040855971215, "log10_alpha": -1.41346516130284, "log10_colsample_bytree": -0.034605828831572705, "log10_eta": -3.835583077264315, "log10_lambda": -2.774916754431791, "log10_min_child_weight": 3.838405869200068, "log10_subsample": -0.22218483573961634, "max_depth": 7.0, "num_boost_round": 6.0}, "datetime": {"datetime": "2024-01-19 00:18:28", "elapsed": 428.304784, "delta": 0.000823}}
{"target": -13.758522833045642, "params": {"gamma": 863.7040855971215, "log10_alpha": -1.41346516130284, "log10_colsample_bytree": -0.034605828831572705, "log10_eta": -3.835583077264315, "log10_lambda": -2.774916754431791, "log10_min_child_weight": 3.838405869200068, "log10_subsample": -0.22218483573961634, "max_depth": 7.0, "num_boost_round": 7.0}, "datetime": {"datetime": "2024-01-19 00:18:28", "elapsed": 428.305607, "delta": 0.000823}}
{"target": -13.758521302400089, "params": {"gamma": 863.7040855971215, "log10_alpha": -1.41346516130284, "log10_colsample_bytree": -0.034605828831572705, "log10_eta": -3.835583077264315, "log10_lambda": -2.774916754431791, "log10_min_child_weight": 3.838405869200068, "log10_subsample": -0.22218483573961634, "max_depth": 7.0, "num_boost_round": 8.0}, "datetime": {"datetime": "2024-01-19 00:18:28", "elapsed": 428.306473, "delta": 0.000866}}
{"target": -13.758519496329361, "params": {"gamma": 863.7040855971215, "log10_alpha": -1.41346516130284, "log10_colsample_bytree": -0.034605828831572705, "log10_eta": -3.835583077264315, "log10_lambda": -2.774916754431791, "log10_min_child_weight": 3.838405869200068, "log10_subsample": -0.22218483573961634, "max_depth": 7.0, "num_boost_round": 9.0}, "datetime": {"datetime": "2024-01-19 00:18:28", "elapsed": 428.307327, "delta": 0.000854}}
{"target": -13.758516206648133, "params": {"gamma": 863.7040855971215, "log10_alpha": -1.41346516130284, "log10_colsample_bytree": -0.034605828831572705, "log10_eta": -3.835583077264315, "log10_lambda": -2.774916754431791, "log10_min_child_weight": 3.838405869200068, "log10_subsample": -0.22218483573961634, "max_depth": 7.0, "num_boost_round": 10.0}, "datetime": {"datetime": "2024-01-19 00:18:28", "elapsed": 428.308418, "delta": 0.001091}}
{"target": -13.758514580290827, "params": {"gamma": 863.7040855971215, "log10_alpha": -1.41346516130284, "log10_colsample_bytree": -0.034605828831572705, "log10_eta": -3.835583077264315, "log10_lambda": -2.774916754431791, "log10_min_child_weight": 3.838405869200068, "log10_subsample": -0.22218483573961634, "max_depth": 7.0, "num_boost_round": 11.0}, "datetime": {"datetime": "2024-01-19 00:18:28", "elapsed": 428.309263, "delta": 0.000845}}
{"target": -13.758512303791058, "params": {"gamma": 863.7040855971215, "log10_alpha": -1.41346516130284, "log10_colsample_bytree": -0.034605828831572705, "log10_eta": -3.835583077264315, "log10_lambda": -2.774916754431791, "log10_min_child_weight": 3.838405869200068, "log10_subsample": -0.22218483573961634, "max_depth": 7.0, "num_boost_round": 12.0}, "datetime": {"datetime": "2024-01-19 00:18:28", "elapsed": 428.310112, "delta": 0.000849}}
{"target": -13.758509101292265, "params": {"gamma": 863.7040855971215, "log10_alpha": -1.41346516130284, "log10_colsample_bytree": -0.034605828831572705, "log10_eta": -3.835583077264315, "log10_lambda": -2.774916754431791, "log10_min_child_weight": 3.838405869200068, "log10_subsample": -0.22218483573961634, "max_depth": 7.0, "num_boost_round": 13.0}, "datetime": {"datetime": "2024-01-19 00:18:28", "elapsed": 428.310948, "delta": 0.000836}}
{"target": -13.758505741285296, "params": {"gamma": 863.7040855971215, "log10_alpha": -1.41346516130284, "log10_colsample_bytree": -0.034605828831572705, "log10_eta": -3.835583077264315, "log10_lambda": -2.774916754431791, "log10_min_child_weight": 3.838405869200068, "log10_subsample": -0.22218483573961634, "max_depth": 7.0, "num_boost_round": 14.0}, "datetime": {"datetime": "2024-01-19 00:18:28", "elapsed": 428.311796, "delta": 0.000848}}
{"target": -13.75853217260005, "params": {"gamma": 868.140579179894, "log10_alpha": -4.966577959815315, "log10_colsample_bytree": -0.48937700234653936, "log10_eta": -3.817659301418548, "log10_lambda": -1.9582682031778917, "log10_min_child_weight": 3.064480578855975, "log10_subsample": -0.09625291850610218, "max_depth": 9.0, "num_boost_round": 0.0}, "datetime": {"datetime": "2024-01-19 00:18:51", "elapsed": 451.372158, "delta": 23.060362}}
{"target": -13.758523620392463, "params": {"gamma": 868.140579179894, "log10_alpha": -4.966577959815315, "log10_colsample_bytree": -0.48937700234653936, "log10_eta": -3.817659301418548, "log10_lambda": -1.9582682031778917, "log10_min_child_weight": 3.064480578855975, "log10_subsample": -0.09625291850610218, "max_depth": 9.0, "num_boost_round": 1.0}, "datetime": {"datetime": "2024-01-19 00:18:51", "elapsed": 451.373341, "delta": 0.001183}}
{"target": -13.758521020765793, "params": {"gamma": 868.140579179894, "log10_alpha": -4.966577959815315, "log10_colsample_bytree": -0.48937700234653936, "log10_eta": -3.817659301418548, "log10_lambda": -1.9582682031778917, "log10_min_child_weight": 3.064480578855975, "log10_subsample": -0.09625291850610218, "max_depth": 9.0, "num_boost_round": 2.0}, "datetime": {"datetime": "2024-01-19 00:18:51", "elapsed": 451.374421, "delta": 0.00108}}
{"target": -13.758515982410794, "params": {"gamma": 868.140579179894, "log10_alpha": -4.966577959815315, "log10_colsample_bytree": -0.48937700234653936, "log10_eta": -3.817659301418548, "log10_lambda": -1.9582682031778917, "log10_min_child_weight": 3.064480578855975, "log10_subsample": -0.09625291850610218, "max_depth": 9.0, "num_boost_round": 3.0}, "datetime": {"datetime": "2024-01-19 00:18:51", "elapsed": 451.37532, "delta": 0.000899}}
{"target": -13.758511458849547, "params": {"gamma": 868.140579179894, "log10_alpha": -4.966577959815315, "log10_colsample_bytree": -0.48937700234653936, "log10_eta": -3.817659301418548, "log10_lambda": -1.9582682031778917, "log10_min_child_weight": 3.064480578855975, "log10_subsample": -0.09625291850610218, "max_depth": 9.0, "num_boost_round": 4.0}, "datetime": {"datetime": "2024-01-19 00:18:51", "elapsed": 451.376484, "delta": 0.001164}}
{"target": -13.758508163201506, "params": {"gamma": 868.140579179894, "log10_alpha": -4.966577959815315, "log10_colsample_bytree": -0.48937700234653936, "log10_eta": -3.817659301418548, "log10_lambda": -1.9582682031778917, "log10_min_child_weight": 3.064480578855975, "log10_subsample": -0.09625291850610218, "max_depth": 9.0, "num_boost_round": 5.0}, "datetime": {"datetime": "2024-01-19 00:18:51", "elapsed": 451.377321, "delta": 0.000837}}
{"target": -13.758506763080193, "params": {"gamma": 868.140579179894, "log10_alpha": -4.966577959815315, "log10_colsample_bytree": -0.48937700234653936, "log10_eta": -3.817659301418548, "log10_lambda": -1.9582682031778917, "log10_min_child_weight": 3.064480578855975, "log10_subsample": -0.09625291850610218, "max_depth": 9.0, "num_boost_round": 6.0}, "datetime": {"datetime": "2024-01-19 00:18:51", "elapsed": 451.378138, "delta": 0.000817}}
{"target": -13.758501762474674, "params": {"gamma": 868.140579179894, "log10_alpha": -4.966577959815315, "log10_colsample_bytree": -0.48937700234653936, "log10_eta": -3.817659301418548, "log10_lambda": -1.9582682031778917, "log10_min_child_weight": 3.064480578855975, "log10_subsample": -0.09625291850610218, "max_depth": 9.0, "num_boost_round": 7.0}, "datetime": {"datetime": "2024-01-19 00:18:51", "elapsed": 451.37895, "delta": 0.000812}}
{"target": -13.758496968968311, "params": {"gamma": 868.140579179894, "log10_alpha": -4.966577959815315, "log10_colsample_bytree": -0.48937700234653936, "log10_eta": -3.817659301418548, "log10_lambda": -1.9582682031778917, "log10_min_child_weight": 3.064480578855975, "log10_subsample": -0.09625291850610218, "max_depth": 9.0, "num_boost_round": 8.0}, "datetime": {"datetime": "2024-01-19 00:18:51", "elapsed": 451.379769, "delta": 0.000819}}
{"target": -13.758498439955991, "params": {"gamma": 868.140579179894, "log10_alpha": -4.966577959815315, "log10_colsample_bytree": -0.48937700234653936, "log10_eta": -3.817659301418548, "log10_lambda": -1.9582682031778917, "log10_min_child_weight": 3.064480578855975, "log10_subsample": -0.09625291850610218, "max_depth": 9.0, "num_boost_round": 9.0}, "datetime": {"datetime": "2024-01-19 00:18:51", "elapsed": 451.380691, "delta": 0.000922}}
{"target": -13.75850045295506, "params": {"gamma": 868.140579179894, "log10_alpha": -4.966577959815315, "log10_colsample_bytree": -0.48937700234653936, "log10_eta": -3.817659301418548, "log10_lambda": -1.9582682031778917, "log10_min_child_weight": 3.064480578855975, "log10_subsample": -0.09625291850610218, "max_depth": 9.0, "num_boost_round": 10.0}, "datetime": {"datetime": "2024-01-19 00:18:51", "elapsed": 451.381587, "delta": 0.000896}}
{"target": -13.758498723190025, "params": {"gamma": 868.140579179894, "log10_alpha": -4.966577959815315, "log10_colsample_bytree": -0.48937700234653936, "log10_eta": -3.817659301418548, "log10_lambda": -1.9582682031778917, "log10_min_child_weight": 3.064480578855975, "log10_subsample": -0.09625291850610218, "max_depth": 9.0, "num_boost_round": 11.0}, "datetime": {"datetime": "2024-01-19 00:18:51", "elapsed": 451.382453, "delta": 0.000866}}
{"target": -13.758501069005398, "params": {"gamma": 868.140579179894, "log10_alpha": -4.966577959815315, "log10_colsample_bytree": -0.48937700234653936, "log10_eta": -3.817659301418548, "log10_lambda": -1.9582682031778917, "log10_min_child_weight": 3.064480578855975, "log10_subsample": -0.09625291850610218, "max_depth": 9.0, "num_boost_round": 12.0}, "datetime": {"datetime": "2024-01-19 00:18:51", "elapsed": 451.383319, "delta": 0.000866}}
{"target": -13.758505781951193, "params": {"gamma": 868.140579179894, "log10_alpha": -4.966577959815315, "log10_colsample_bytree": -0.48937700234653936, "log10_eta": -3.817659301418548, "log10_lambda": -1.9582682031778917, "log10_min_child_weight": 3.064480578855975, "log10_subsample": -0.09625291850610218, "max_depth": 9.0, "num_boost_round": 13.0}, "datetime": {"datetime": "2024-01-19 00:18:51", "elapsed": 451.384181, "delta": 0.000862}}
{"target": -13.758499982909768, "params": {"gamma": 868.140579179894, "log10_alpha": -4.966577959815315, "log10_colsample_bytree": -0.48937700234653936, "log10_eta": -3.817659301418548, "log10_lambda": -1.9582682031778917, "log10_min_child_weight": 3.064480578855975, "log10_subsample": -0.09625291850610218, "max_depth": 9.0, "num_boost_round": 14.0}, "datetime": {"datetime": "2024-01-19 00:18:51", "elapsed": 451.385052, "delta": 0.000871}}
{"target": -13.758494631211544, "params": {"gamma": 868.140579179894, "log10_alpha": -4.966577959815315, "log10_colsample_bytree": -0.48937700234653936, "log10_eta": -3.817659301418548, "log10_lambda": -1.9582682031778917, "log10_min_child_weight": 3.064480578855975, "log10_subsample": -0.09625291850610218, "max_depth": 9.0, "num_boost_round": 15.0}, "datetime": {"datetime": "2024-01-19 00:18:51", "elapsed": 451.385955, "delta": 0.000903}}
{"target": -13.758495818356097, "params": {"gamma": 868.140579179894, "log10_alpha": -4.966577959815315, "log10_colsample_bytree": -0.48937700234653936, "log10_eta": -3.817659301418548, "log10_lambda": -1.9582682031778917, "log10_min_child_weight": 3.064480578855975, "log10_subsample": -0.09625291850610218, "max_depth": 9.0, "num_boost_round": 16.0}, "datetime": {"datetime": "2024-01-19 00:18:51", "elapsed": 451.386861, "delta": 0.000906}}
{"target": -13.75849501662222, "params": {"gamma": 868.140579179894, "log10_alpha": -4.966577959815315, "log10_colsample_bytree": -0.48937700234653936, "log10_eta": -3.817659301418548, "log10_lambda": -1.9582682031778917, "log10_min_child_weight": 3.064480578855975, "log10_subsample": -0.09625291850610218, "max_depth": 9.0, "num_boost_round": 17.0}, "datetime": {"datetime": "2024-01-19 00:18:51", "elapsed": 451.387722, "delta": 0.000861}}
{"target": -13.758532150857915, "params": {"gamma": 867.3502088854572, "log10_alpha": -4.503143504608414, "log10_colsample_bytree": -0.5625836360881085, "log10_eta": -2.9000272302997394, "log10_lambda": -1.9290262684741633, "log10_min_child_weight": 4.7444201857707, "log10_subsample": -0.9466028810139829, "max_depth": 5.0, "num_boost_round": 0.0}, "datetime": {"datetime": "2024-01-19 00:19:13", "elapsed": 473.847721, "delta": 22.459999}}
{"target": -13.758529142995101, "params": {"gamma": 867.3502088854572, "log10_alpha": -4.503143504608414, "log10_colsample_bytree": -0.5625836360881085, "log10_eta": -2.9000272302997394, "log10_lambda": -1.9290262684741633, "log10_min_child_weight": 4.7444201857707, "log10_subsample": -0.9466028810139829, "max_depth": 5.0, "num_boost_round": 1.0}, "datetime": {"datetime": "2024-01-19 00:19:13", "elapsed": 473.848733, "delta": 0.001012}}
{"target": -13.758525977601563, "params": {"gamma": 867.3502088854572, "log10_alpha": -4.503143504608414, "log10_colsample_bytree": -0.5625836360881085, "log10_eta": -2.9000272302997394, "log10_lambda": -1.9290262684741633, "log10_min_child_weight": 4.7444201857707, "log10_subsample": -0.9466028810139829, "max_depth": 5.0, "num_boost_round": 2.0}, "datetime": {"datetime": "2024-01-19 00:19:13", "elapsed": 473.849655, "delta": 0.000922}}
{"target": -13.758520703768706, "params": {"gamma": 867.3502088854572, "log10_alpha": -4.503143504608414, "log10_colsample_bytree": -0.5625836360881085, "log10_eta": -2.9000272302997394, "log10_lambda": -1.9290262684741633, "log10_min_child_weight": 4.7444201857707, "log10_subsample": -0.9466028810139829, "max_depth": 5.0, "num_boost_round": 3.0}, "datetime": {"datetime": "2024-01-19 00:19:13", "elapsed": 473.850911, "delta": 0.001256}}
{"target": -13.758517470546954, "params": {"gamma": 867.3502088854572, "log10_alpha": -4.503143504608414, "log10_colsample_bytree": -0.5625836360881085, "log10_eta": -2.9000272302997394, "log10_lambda": -1.9290262684741633, "log10_min_child_weight": 4.7444201857707, "log10_subsample": -0.9466028810139829, "max_depth": 5.0, "num_boost_round": 4.0}, "datetime": {"datetime": "2024-01-19 00:19:13", "elapsed": 473.851802, "delta": 0.000891}}
{"target": -13.758512136398792, "params": {"gamma": 867.3502088854572, "log10_alpha": -4.503143504608414, "log10_colsample_bytree": -0.5625836360881085, "log10_eta": -2.9000272302997394, "log10_lambda": -1.9290262684741633, "log10_min_child_weight": 4.7444201857707, "log10_subsample": -0.9466028810139829, "max_depth": 5.0, "num_boost_round": 5.0}, "datetime": {"datetime": "2024-01-19 00:19:13", "elapsed": 473.852858, "delta": 0.001056}}
{"target": -13.75851227905828, "params": {"gamma": 867.3502088854572, "log10_alpha": -4.503143504608414, "log10_colsample_bytree": -0.5625836360881085, "log10_eta": -2.9000272302997394, "log10_lambda": -1.9290262684741633, "log10_min_child_weight": 4.7444201857707, "log10_subsample": -0.9466028810139829, "max_depth": 5.0, "num_boost_round": 6.0}, "datetime": {"datetime": "2024-01-19 00:19:13", "elapsed": 473.853726, "delta": 0.000868}}
{"target": -13.75850815964403, "params": {"gamma": 867.3502088854572, "log10_alpha": -4.503143504608414, "log10_colsample_bytree": -0.5625836360881085, "log10_eta": -2.9000272302997394, "log10_lambda": -1.9290262684741633, "log10_min_child_weight": 4.7444201857707, "log10_subsample": -0.9466028810139829, "max_depth": 5.0, "num_boost_round": 7.0}, "datetime": {"datetime": "2024-01-19 00:19:13", "elapsed": 473.854886, "delta": 0.00116}}
{"target": -13.758507435348287, "params": {"gamma": 867.3502088854572, "log10_alpha": -4.503143504608414, "log10_colsample_bytree": -0.5625836360881085, "log10_eta": -2.9000272302997394, "log10_lambda": -1.9290262684741633, "log10_min_child_weight": 4.7444201857707, "log10_subsample": -0.9466028810139829, "max_depth": 5.0, "num_boost_round": 8.0}, "datetime": {"datetime": "2024-01-19 00:19:13", "elapsed": 473.855772, "delta": 0.000886}}
{"target": -13.758504106690038, "params": {"gamma": 867.3502088854572, "log10_alpha": -4.503143504608414, "log10_colsample_bytree": -0.5625836360881085, "log10_eta": -2.9000272302997394, "log10_lambda": -1.9290262684741633, "log10_min_child_weight": 4.7444201857707, "log10_subsample": -0.9466028810139829, "max_depth": 5.0, "num_boost_round": 9.0}, "datetime": {"datetime": "2024-01-19 00:19:13", "elapsed": 473.85664, "delta": 0.000868}}
{"target": -13.758502538154472, "params": {"gamma": 867.3502088854572, "log10_alpha": -4.503143504608414, "log10_colsample_bytree": -0.5625836360881085, "log10_eta": -2.9000272302997394, "log10_lambda": -1.9290262684741633, "log10_min_child_weight": 4.7444201857707, "log10_subsample": -0.9466028810139829, "max_depth": 5.0, "num_boost_round": 10.0}, "datetime": {"datetime": "2024-01-19 00:19:13", "elapsed": 473.857544, "delta": 0.000904}}
{"target": -13.758499210615843, "params": {"gamma": 867.3502088854572, "log10_alpha": -4.503143504608414, "log10_colsample_bytree": -0.5625836360881085, "log10_eta": -2.9000272302997394, "log10_lambda": -1.9290262684741633, "log10_min_child_weight": 4.7444201857707, "log10_subsample": -0.9466028810139829, "max_depth": 5.0, "num_boost_round": 11.0}, "datetime": {"datetime": "2024-01-19 00:19:13", "elapsed": 473.858404, "delta": 0.00086}}
{"target": -13.758494394542462, "params": {"gamma": 867.3502088854572, "log10_alpha": -4.503143504608414, "log10_colsample_bytree": -0.5625836360881085, "log10_eta": -2.9000272302997394, "log10_lambda": -1.9290262684741633, "log10_min_child_weight": 4.7444201857707, "log10_subsample": -0.9466028810139829, "max_depth": 5.0, "num_boost_round": 12.0}, "datetime": {"datetime": "2024-01-19 00:19:13", "elapsed": 473.85931, "delta": 0.000906}}
{"target": -13.758493904237548, "params": {"gamma": 867.3502088854572, "log10_alpha": -4.503143504608414, "log10_colsample_bytree": -0.5625836360881085, "log10_eta": -2.9000272302997394, "log10_lambda": -1.9290262684741633, "log10_min_child_weight": 4.7444201857707, "log10_subsample": -0.9466028810139829, "max_depth": 5.0, "num_boost_round": 13.0}, "datetime": {"datetime": "2024-01-19 00:19:13", "elapsed": 473.860178, "delta": 0.000868}}
{"target": -13.758493348768178, "params": {"gamma": 867.3502088854572, "log10_alpha": -4.503143504608414, "log10_colsample_bytree": -0.5625836360881085, "log10_eta": -2.9000272302997394, "log10_lambda": -1.9290262684741633, "log10_min_child_weight": 4.7444201857707, "log10_subsample": -0.9466028810139829, "max_depth": 5.0, "num_boost_round": 14.0}, "datetime": {"datetime": "2024-01-19 00:19:13", "elapsed": 473.86104, "delta": 0.000862}}
{"target": -13.758487077676623, "params": {"gamma": 867.3502088854572, "log10_alpha": -4.503143504608414, "log10_colsample_bytree": -0.5625836360881085, "log10_eta": -2.9000272302997394, "log10_lambda": -1.9290262684741633, "log10_min_child_weight": 4.7444201857707, "log10_subsample": -0.9466028810139829, "max_depth": 5.0, "num_boost_round": 15.0}, "datetime": {"datetime": "2024-01-19 00:19:13", "elapsed": 473.861986, "delta": 0.000946}}
{"target": -13.758484700439258, "params": {"gamma": 867.3502088854572, "log10_alpha": -4.503143504608414, "log10_colsample_bytree": -0.5625836360881085, "log10_eta": -2.9000272302997394, "log10_lambda": -1.9290262684741633, "log10_min_child_weight": 4.7444201857707, "log10_subsample": -0.9466028810139829, "max_depth": 5.0, "num_boost_round": 16.0}, "datetime": {"datetime": "2024-01-19 00:19:13", "elapsed": 473.862862, "delta": 0.000876}}
{"target": -13.758479714847885, "params": {"gamma": 867.3502088854572, "log10_alpha": -4.503143504608414, "log10_colsample_bytree": -0.5625836360881085, "log10_eta": -2.9000272302997394, "log10_lambda": -1.9290262684741633, "log10_min_child_weight": 4.7444201857707, "log10_subsample": -0.9466028810139829, "max_depth": 5.0, "num_boost_round": 17.0}, "datetime": {"datetime": "2024-01-19 00:19:13", "elapsed": 473.863712, "delta": 0.00085}}
{"target": -13.75847887700249, "params": {"gamma": 867.3502088854572, "log10_alpha": -4.503143504608414, "log10_colsample_bytree": -0.5625836360881085, "log10_eta": -2.9000272302997394, "log10_lambda": -1.9290262684741633, "log10_min_child_weight": 4.7444201857707, "log10_subsample": -0.9466028810139829, "max_depth": 5.0, "num_boost_round": 18.0}, "datetime": {"datetime": "2024-01-19 00:19:13", "elapsed": 473.864548, "delta": 0.000836}}
{"target": -13.758477200101787, "params": {"gamma": 867.3502088854572, "log10_alpha": -4.503143504608414, "log10_colsample_bytree": -0.5625836360881085, "log10_eta": -2.9000272302997394, "log10_lambda": -1.9290262684741633, "log10_min_child_weight": 4.7444201857707, "log10_subsample": -0.9466028810139829, "max_depth": 5.0, "num_boost_round": 19.0}, "datetime": {"datetime": "2024-01-19 00:19:13", "elapsed": 473.86539, "delta": 0.000842}}
{"target": -13.75847123389335, "params": {"gamma": 867.3502088854572, "log10_alpha": -4.503143504608414, "log10_colsample_bytree": -0.5625836360881085, "log10_eta": -2.9000272302997394, "log10_lambda": -1.9290262684741633, "log10_min_child_weight": 4.7444201857707, "log10_subsample": -0.9466028810139829, "max_depth": 5.0, "num_boost_round": 20.0}, "datetime": {"datetime": "2024-01-19 00:19:13", "elapsed": 473.866223, "delta": 0.000833}}
