{"target": -17.675884642130463, "params": {"gamma": 827.4674004542082, "log10_alpha": -2.3148336305326866, "log10_colsample_bytree": -0.46323980666986075, "log10_eta": -2.9931053271624357, "log10_lambda": -0.7559939869233956, "log10_min_child_weight": 1.6995783827785993, "log10_subsample": -0.8865536062559376, "max_depth": 9.0, "num_boost_round": 33.0}, "datetime": {"datetime": "2024-01-19 01:02:44", "elapsed": 3049.469302, "delta": 0.00468}}
{"target": -17.675820033639575, "params": {"gamma": 827.4674004542082, "log10_alpha": -2.3148336305326866, "log10_colsample_bytree": -0.46323980666986075, "log10_eta": -2.9931053271624357, "log10_lambda": -0.7559939869233956, "log10_min_child_weight": 1.6995783827785993, "log10_subsample": -0.8865536062559376, "max_depth": 9.0, "num_boost_round": 34.0}, "datetime": {"datetime": "2024-01-19 01:02:44", "elapsed": 3049.473948, "delta": 0.004646}}
{"target": -17.675742972909664, "params": {"gamma": 827.4674004542082, "log10_alpha": -2.3148336305326866, "log10_colsample_bytree": -0.46323980666986075, "log10_eta": -2.9931053271624357, "log10_lambda": -0.7559939869233956, "log10_min_child_weight": 1.6995783827785993, "log10_subsample": -0.8865536062559376, "max_depth": 9.0, "num_boost_round": 35.0}, "datetime": {"datetime": "2024-01-19 01:02:44", "elapsed": 3049.478455, "delta": 0.004507}}
{"target": -17.675767165423483, "params": {"gamma": 827.4674004542082, "log10_alpha": -2.3148336305326866, "log10_colsample_bytree": -0.46323980666986075, "log10_eta": -2.9931053271624357, "log10_lambda": -0.7559939869233956, "log10_min_child_weight": 1.6995783827785993, "log10_subsample": -0.8865536062559376, "max_depth": 9.0, "num_boost_round": 36.0}, "datetime": {"datetime": "2024-01-19 01:02:44", "elapsed": 3049.483277, "delta": 0.004822}}
{"target": -17.675725856634052, "params": {"gamma": 827.4674004542082, "log10_alpha": -2.3148336305326866, "log10_colsample_bytree": -0.46323980666986075, "log10_eta": -2.9931053271624357, "log10_lambda": -0.7559939869233956, "log10_min_child_weight": 1.6995783827785993, "log10_subsample": -0.8865536062559376, "max_depth": 9.0, "num_boost_round": 37.0}, "datetime": {"datetime": "2024-01-19 01:02:44", "elapsed": 3049.487745, "delta": 0.004468}}
{"target": -17.67572079697027, "params": {"gamma": 827.4674004542082, "log10_alpha": -2.3148336305326866, "log10_colsample_bytree": -0.46323980666986075, "log10_eta": -2.9931053271624357, "log10_lambda": -0.7559939869233956, "log10_min_child_weight": 1.6995783827785993, "log10_subsample": -0.8865536062559376, "max_depth": 9.0, "num_boost_round": 38.0}, "datetime": {"datetime": "2024-01-19 01:02:44", "elapsed": 3049.492213, "delta": 0.004468}}
{"target": -17.677206991671873, "params": {"gamma": 198.60482198746902, "log10_alpha": -1.7472090359185977, "log10_colsample_bytree": -1.0, "log10_eta": -2.644483825158671, "log10_lambda": -5.0, "log10_min_child_weight": 5.0, "log10_subsample": 0.0, "max_depth": 7.0, "num_boost_round": 0.0}, "datetime": {"datetime": "2024-01-19 01:03:50", "elapsed": 3115.298462, "delta": 65.806249}}
{"target": -17.677183957248324, "params": {"gamma": 198.60482198746902, "log10_alpha": -1.7472090359185977, "log10_colsample_bytree": -1.0, "log10_eta": -2.644483825158671, "log10_lambda": -5.0, "log10_min_child_weight": 5.0, "log10_subsample": 0.0, "max_depth": 7.0, "num_boost_round": 1.0}, "datetime": {"datetime": "2024-01-19 01:03:50", "elapsed": 3115.302975, "delta": 0.004513}}
{"target": -17.677164438213573, "params": {"gamma": 198.60482198746902, "log10_alpha": -1.7472090359185977, "log10_colsample_bytree": -1.0, "log10_eta": -2.644483825158671, "log10_lambda": -5.0, "log10_min_child_weight": 5.0, "log10_subsample": 0.0, "max_depth": 7.0, "num_boost_round": 2.0}, "datetime": {"datetime": "2024-01-19 01:03:50", "elapsed": 3115.307318, "delta": 0.004343}}
{"target": -17.67715854859431, "params": {"gamma": 198.60482198746902, "log10_alpha": -1.7472090359185977, "log10_colsample_bytree": -1.0, "log10_eta": -2.644483825158671, "log10_lambda": -5.0, "log10_min_child_weight": 5.0, "log10_subsample": 0.0, "max_depth": 7.0, "num_boost_round": 3.0}, "datetime": {"datetime": "2024-01-19 01:03:50", "elapsed": 3115.311439, "delta": 0.004121}}
{"target": -17.67713727404596, "params": {"gamma": 198.60482198746902, "log10_alpha": -1.7472090359185977, "log10_colsample_bytree": -1.0, "log10_eta": -2.644483825158671, "log10_lambda": -5.0, "log10_min_child_weight": 5.0, "log10_subsample": 0.0, "max_depth": 7.0, "num_boost_round": 4.0}, "datetime": {"datetime": "2024-01-19 01:03:50", "elapsed": 3115.31544, "delta": 0.004001}}
{"target": -17.677122538003058, "params": {"gamma": 198.60482198746902, "log10_alpha": -1.7472090359185977, "log10_colsample_bytree": -1.0, "log10_eta": -2.644483825158671, "log10_lambda": -5.0, "log10_min_child_weight": 5.0, "log10_subsample": 0.0, "max_depth": 7.0, "num_boost_round": 5.0}, "datetime": {"datetime": "2024-01-19 01:03:50", "elapsed": 3115.319343, "delta": 0.003903}}
{"target": -17.67710888765632, "params": {"gamma": 198.60482198746902, "log10_alpha": -1.7472090359185977, "log10_colsample_bytree": -1.0, "log10_eta": -2.644483825158671, "log10_lambda": -5.0, "log10_min_child_weight": 5.0, "log10_subsample": 0.0, "max_depth": 7.0, "num_boost_round": 6.0}, "datetime": {"datetime": "2024-01-19 01:03:50", "elapsed": 3115.324199, "delta": 0.004856}}
{"target": -17.677087691834892, "params": {"gamma": 198.60482198746902, "log10_alpha": -1.7472090359185977, "log10_colsample_bytree": -1.0, "log10_eta": -2.644483825158671, "log10_lambda": -5.0, "log10_min_child_weight": 5.0, "log10_subsample": 0.0, "max_depth": 7.0, "num_boost_round": 7.0}, "datetime": {"datetime": "2024-01-19 01:03:50", "elapsed": 3115.328401, "delta": 0.004202}}
{"target": -17.677080028875622, "params": {"gamma": 198.60482198746902, "log10_alpha": -1.7472090359185977, "log10_colsample_bytree": -1.0, "log10_eta": -2.644483825158671, "log10_lambda": -5.0, "log10_min_child_weight": 5.0, "log10_subsample": 0.0, "max_depth": 7.0, "num_boost_round": 8.0}, "datetime": {"datetime": "2024-01-19 01:03:50", "elapsed": 3115.33252, "delta": 0.004119}}
{"target": -17.67707984877378, "params": {"gamma": 198.60482198746902, "log10_alpha": -1.7472090359185977, "log10_colsample_bytree": -1.0, "log10_eta": -2.644483825158671, "log10_lambda": -5.0, "log10_min_child_weight": 5.0, "log10_subsample": 0.0, "max_depth": 7.0, "num_boost_round": 9.0}, "datetime": {"datetime": "2024-01-19 01:03:50", "elapsed": 3115.336536, "delta": 0.004016}}
{"target": -17.677080987745814, "params": {"gamma": 198.60482198746902, "log10_alpha": -1.7472090359185977, "log10_colsample_bytree": -1.0, "log10_eta": -2.644483825158671, "log10_lambda": -5.0, "log10_min_child_weight": 5.0, "log10_subsample": 0.0, "max_depth": 7.0, "num_boost_round": 10.0}, "datetime": {"datetime": "2024-01-19 01:03:50", "elapsed": 3115.340516, "delta": 0.00398}}
{"target": -17.67705791236566, "params": {"gamma": 198.60482198746902, "log10_alpha": -1.7472090359185977, "log10_colsample_bytree": -1.0, "log10_eta": -2.644483825158671, "log10_lambda": -5.0, "log10_min_child_weight": 5.0, "log10_subsample": 0.0, "max_depth": 7.0, "num_boost_round": 11.0}, "datetime": {"datetime": "2024-01-19 01:03:50", "elapsed": 3115.344463, "delta": 0.003947}}
{"target": -17.677019715970374, "params": {"gamma": 198.60482198746902, "log10_alpha": -1.7472090359185977, "log10_colsample_bytree": -1.0, "log10_eta": -2.644483825158671, "log10_lambda": -5.0, "log10_min_child_weight": 5.0, "log10_subsample": 0.0, "max_depth": 7.0, "num_boost_round": 12.0}, "datetime": {"datetime": "2024-01-19 01:03:50", "elapsed": 3115.348465, "delta": 0.004002}}
{"target": -17.676980885518333, "params": {"gamma": 198.60482198746902, "log10_alpha": -1.7472090359185977, "log10_colsample_bytree": -1.0, "log10_eta": -2.644483825158671, "log10_lambda": -5.0, "log10_min_child_weight": 5.0, "log10_subsample": 0.0, "max_depth": 7.0, "num_boost_round": 13.0}, "datetime": {"datetime": "2024-01-19 01:03:50", "elapsed": 3115.352462, "delta": 0.003997}}
{"target": -17.676962652432067, "params": {"gamma": 198.60482198746902, "log10_alpha": -1.7472090359185977, "log10_colsample_bytree": -1.0, "log10_eta": -2.644483825158671, "log10_lambda": -5.0, "log10_min_child_weight": 5.0, "log10_subsample": 0.0, "max_depth": 7.0, "num_boost_round": 14.0}, "datetime": {"datetime": "2024-01-19 01:03:50", "elapsed": 3115.356509, "delta": 0.004047}}
{"target": -17.676932459919644, "params": {"gamma": 198.60482198746902, "log10_alpha": -1.7472090359185977, "log10_colsample_bytree": -1.0, "log10_eta": -2.644483825158671, "log10_lambda": -5.0, "log10_min_child_weight": 5.0, "log10_subsample": 0.0, "max_depth": 7.0, "num_boost_round": 15.0}, "datetime": {"datetime": "2024-01-19 01:03:50", "elapsed": 3115.360397, "delta": 0.003888}}
{"target": -17.67692011741293, "params": {"gamma": 198.60482198746902, "log10_alpha": -1.7472090359185977, "log10_colsample_bytree": -1.0, "log10_eta": -2.644483825158671, "log10_lambda": -5.0, "log10_min_child_weight": 5.0, "log10_subsample": 0.0, "max_depth": 7.0, "num_boost_round": 16.0}, "datetime": {"datetime": "2024-01-19 01:03:50", "elapsed": 3115.364307, "delta": 0.00391}}
{"target": -17.676920532007212, "params": {"gamma": 198.60482198746902, "log10_alpha": -1.7472090359185977, "log10_colsample_bytree": -1.0, "log10_eta": -2.644483825158671, "log10_lambda": -5.0, "log10_min_child_weight": 5.0, "log10_subsample": 0.0, "max_depth": 7.0, "num_boost_round": 17.0}, "datetime": {"datetime": "2024-01-19 01:03:50", "elapsed": 3115.368371, "delta": 0.004064}}
{"target": -17.676891889651614, "params": {"gamma": 198.60482198746902, "log10_alpha": -1.7472090359185977, "log10_colsample_bytree": -1.0, "log10_eta": -2.644483825158671, "log10_lambda": -5.0, "log10_min_child_weight": 5.0, "log10_subsample": 0.0, "max_depth": 7.0, "num_boost_round": 18.0}, "datetime": {"datetime": "2024-01-19 01:03:50", "elapsed": 3115.372371, "delta": 0.004}}
{"target": -17.6751175731751, "params": {"gamma": 839.2965253368495, "log10_alpha": -0.9935684446512081, "log10_colsample_bytree": -0.8926417498507723, "log10_eta": -0.8087749847741774, "log10_lambda": -2.187102054098021, "log10_min_child_weight": 0.8051726604992243, "log10_subsample": -0.4399224001417965, "max_depth": 3.0, "num_boost_round": 0.0}, "datetime": {"datetime": "2024-01-19 01:05:01", "elapsed": 3186.484569, "delta": 71.112198}}
{"target": -17.674840887283864, "params": {"gamma": 839.2965253368495, "log10_alpha": -0.9935684446512081, "log10_colsample_bytree": -0.8926417498507723, "log10_eta": -0.8087749847741774, "log10_lambda": -2.187102054098021, "log10_min_child_weight": 0.8051726604992243, "log10_subsample": -0.4399224001417965, "max_depth": 3.0, "num_boost_round": 1.0}, "datetime": {"datetime": "2024-01-19 01:05:01", "elapsed": 3186.489176, "delta": 0.004607}}
{"target": -17.67629142915807, "params": {"gamma": 839.2965253368495, "log10_alpha": -0.9935684446512081, "log10_colsample_bytree": -0.8926417498507723, "log10_eta": -0.8087749847741774, "log10_lambda": -2.187102054098021, "log10_min_child_weight": 0.8051726604992243, "log10_subsample": -0.4399224001417965, "max_depth": 3.0, "num_boost_round": 2.0}, "datetime": {"datetime": "2024-01-19 01:05:01", "elapsed": 3186.493996, "delta": 0.00482}}
{"target": -17.67884147174304, "params": {"gamma": 839.2965253368495, "log10_alpha": -0.9935684446512081, "log10_colsample_bytree": -0.8926417498507723, "log10_eta": -0.8087749847741774, "log10_lambda": -2.187102054098021, "log10_min_child_weight": 0.8051726604992243, "log10_subsample": -0.4399224001417965, "max_depth": 3.0, "num_boost_round": 3.0}, "datetime": {"datetime": "2024-01-19 01:05:01", "elapsed": 3186.498727, "delta": 0.004731}}
{"target": -17.6764585018071, "params": {"gamma": 839.2965253368495, "log10_alpha": -0.9935684446512081, "log10_colsample_bytree": -0.8926417498507723, "log10_eta": -0.8087749847741774, "log10_lambda": -2.187102054098021, "log10_min_child_weight": 0.8051726604992243, "log10_subsample": -0.4399224001417965, "max_depth": 3.0, "num_boost_round": 4.0}, "datetime": {"datetime": "2024-01-19 01:05:01", "elapsed": 3186.503321, "delta": 0.004594}}
{"target": -17.67591212834821, "params": {"gamma": 839.2965253368495, "log10_alpha": -0.9935684446512081, "log10_colsample_bytree": -0.8926417498507723, "log10_eta": -0.8087749847741774, "log10_lambda": -2.187102054098021, "log10_min_child_weight": 0.8051726604992243, "log10_subsample": -0.4399224001417965, "max_depth": 3.0, "num_boost_round": 5.0}, "datetime": {"datetime": "2024-01-19 01:05:01", "elapsed": 3186.507603, "delta": 0.004282}}
{"target": -17.68146705231137, "params": {"gamma": 839.2965253368495, "log10_alpha": -0.9935684446512081, "log10_colsample_bytree": -0.8926417498507723, "log10_eta": -0.8087749847741774, "log10_lambda": -2.187102054098021, "log10_min_child_weight": 0.8051726604992243, "log10_subsample": -0.4399224001417965, "max_depth": 3.0, "num_boost_round": 6.0}, "datetime": {"datetime": "2024-01-19 01:05:01", "elapsed": 3186.51179, "delta": 0.004187}}
{"target": -17.6793226071843, "params": {"gamma": 839.2965253368495, "log10_alpha": -0.9935684446512081, "log10_colsample_bytree": -0.8926417498507723, "log10_eta": -0.8087749847741774, "log10_lambda": -2.187102054098021, "log10_min_child_weight": 0.8051726604992243, "log10_subsample": -0.4399224001417965, "max_depth": 3.0, "num_boost_round": 7.0}, "datetime": {"datetime": "2024-01-19 01:05:01", "elapsed": 3186.516053, "delta": 0.004263}}
{"target": -17.68396802596817, "params": {"gamma": 839.2965253368495, "log10_alpha": -0.9935684446512081, "log10_colsample_bytree": -0.8926417498507723, "log10_eta": -0.8087749847741774, "log10_lambda": -2.187102054098021, "log10_min_child_weight": 0.8051726604992243, "log10_subsample": -0.4399224001417965, "max_depth": 3.0, "num_boost_round": 8.0}, "datetime": {"datetime": "2024-01-19 01:05:01", "elapsed": 3186.520399, "delta": 0.004346}}
{"target": -17.685045065964964, "params": {"gamma": 839.2965253368495, "log10_alpha": -0.9935684446512081, "log10_colsample_bytree": -0.8926417498507723, "log10_eta": -0.8087749847741774, "log10_lambda": -2.187102054098021, "log10_min_child_weight": 0.8051726604992243, "log10_subsample": -0.4399224001417965, "max_depth": 3.0, "num_boost_round": 9.0}, "datetime": {"datetime": "2024-01-19 01:05:01", "elapsed": 3186.524665, "delta": 0.004266}}
{"target": -17.687555493236705, "params": {"gamma": 839.2965253368495, "log10_alpha": -0.9935684446512081, "log10_colsample_bytree": -0.8926417498507723, "log10_eta": -0.8087749847741774, "log10_lambda": -2.187102054098021, "log10_min_child_weight": 0.8051726604992243, "log10_subsample": -0.4399224001417965, "max_depth": 3.0, "num_boost_round": 10.0}, "datetime": {"datetime": "2024-01-19 01:05:02", "elapsed": 3186.528856, "delta": 0.004191}}
{"target": -17.685905921039264, "params": {"gamma": 839.2965253368495, "log10_alpha": -0.9935684446512081, "log10_colsample_bytree": -0.8926417498507723, "log10_eta": -0.8087749847741774, "log10_lambda": -2.187102054098021, "log10_min_child_weight": 0.8051726604992243, "log10_subsample": -0.4399224001417965, "max_depth": 3.0, "num_boost_round": 11.0}, "datetime": {"datetime": "2024-01-19 01:05:02", "elapsed": 3186.533058, "delta": 0.004202}}
{"target": -17.684863658530695, "params": {"gamma": 839.2965253368495, "log10_alpha": -0.9935684446512081, "log10_colsample_bytree": -0.8926417498507723, "log10_eta": -0.8087749847741774, "log10_lambda": -2.187102054098021, "log10_min_child_weight": 0.8051726604992243, "log10_subsample": -0.4399224001417965, "max_depth": 3.0, "num_boost_round": 12.0}, "datetime": {"datetime": "2024-01-19 01:05:02", "elapsed": 3186.537207, "delta": 0.004149}}
{"target": -17.684957927166828, "params": {"gamma": 839.2965253368495, "log10_alpha": -0.9935684446512081, "log10_colsample_bytree": -0.8926417498507723, "log10_eta": -0.8087749847741774, "log10_lambda": -2.187102054098021, "log10_min_child_weight": 0.8051726604992243, "log10_subsample": -0.4399224001417965, "max_depth": 3.0, "num_boost_round": 13.0}, "datetime": {"datetime": "2024-01-19 01:05:02", "elapsed": 3186.541685, "delta": 0.004478}}
{"target": -17.687647216320798, "params": {"gamma": 839.2965253368495, "log10_alpha": -0.9935684446512081, "log10_colsample_bytree": -0.8926417498507723, "log10_eta": -0.8087749847741774, "log10_lambda": -2.187102054098021, "log10_min_child_weight": 0.8051726604992243, "log10_subsample": -0.4399224001417965, "max_depth": 3.0, "num_boost_round": 14.0}, "datetime": {"datetime": "2024-01-19 01:05:02", "elapsed": 3186.545975, "delta": 0.00429}}
{"target": -17.689485554539377, "params": {"gamma": 839.2965253368495, "log10_alpha": -0.9935684446512081, "log10_colsample_bytree": -0.8926417498507723, "log10_eta": -0.8087749847741774, "log10_lambda": -2.187102054098021, "log10_min_child_weight": 0.8051726604992243, "log10_subsample": -0.4399224001417965, "max_depth": 3.0, "num_boost_round": 15.0}, "datetime": {"datetime": "2024-01-19 01:05:02", "elapsed": 3186.550386, "delta": 0.004411}}
{"target": -17.692180402705073, "params": {"gamma": 839.2965253368495, "log10_alpha": -0.9935684446512081, "log10_colsample_bytree": -0.8926417498507723, "log10_eta": -0.8087749847741774, "log10_lambda": -2.187102054098021, "log10_min_child_weight": 0.8051726604992243, "log10_subsample": -0.4399224001417965, "max_depth": 3.0, "num_boost_round": 16.0}, "datetime": {"datetime": "2024-01-19 01:05:02", "elapsed": 3186.554681, "delta": 0.004295}}
{"target": -17.69136612547656, "params": {"gamma": 839.2965253368495, "log10_alpha": -0.9935684446512081, "log10_colsample_bytree": -0.8926417498507723, "log10_eta": -0.8087749847741774, "log10_lambda": -2.187102054098021, "log10_min_child_weight": 0.8051726604992243, "log10_subsample": -0.4399224001417965, "max_depth": 3.0, "num_boost_round": 17.0}, "datetime": {"datetime": "2024-01-19 01:05:02", "elapsed": 3186.558987, "delta": 0.004306}}
{"target": -17.68921603602433, "params": {"gamma": 839.2965253368495, "log10_alpha": -0.9935684446512081, "log10_colsample_bytree": -0.8926417498507723, "log10_eta": -0.8087749847741774, "log10_lambda": -2.187102054098021, "log10_min_child_weight": 0.8051726604992243, "log10_subsample": -0.4399224001417965, "max_depth": 3.0, "num_boost_round": 18.0}, "datetime": {"datetime": "2024-01-19 01:05:02", "elapsed": 3186.563214, "delta": 0.004227}}
{"target": -17.689380268612602, "params": {"gamma": 839.2965253368495, "log10_alpha": -0.9935684446512081, "log10_colsample_bytree": -0.8926417498507723, "log10_eta": -0.8087749847741774, "log10_lambda": -2.187102054098021, "log10_min_child_weight": 0.8051726604992243, "log10_subsample": -0.4399224001417965, "max_depth": 3.0, "num_boost_round": 19.0}, "datetime": {"datetime": "2024-01-19 01:05:02", "elapsed": 3186.56741, "delta": 0.004196}}
{"target": -17.692041263960032, "params": {"gamma": 839.2965253368495, "log10_alpha": -0.9935684446512081, "log10_colsample_bytree": -0.8926417498507723, "log10_eta": -0.8087749847741774, "log10_lambda": -2.187102054098021, "log10_min_child_weight": 0.8051726604992243, "log10_subsample": -0.4399224001417965, "max_depth": 3.0, "num_boost_round": 20.0}, "datetime": {"datetime": "2024-01-19 01:05:02", "elapsed": 3186.571662, "delta": 0.004252}}
{"target": -17.691530642213415, "params": {"gamma": 839.2965253368495, "log10_alpha": -0.9935684446512081, "log10_colsample_bytree": -0.8926417498507723, "log10_eta": -0.8087749847741774, "log10_lambda": -2.187102054098021, "log10_min_child_weight": 0.8051726604992243, "log10_subsample": -0.4399224001417965, "max_depth": 3.0, "num_boost_round": 21.0}, "datetime": {"datetime": "2024-01-19 01:05:02", "elapsed": 3186.575902, "delta": 0.00424}}
{"target": -17.6939262221561, "params": {"gamma": 839.2965253368495, "log10_alpha": -0.9935684446512081, "log10_colsample_bytree": -0.8926417498507723, "log10_eta": -0.8087749847741774, "log10_lambda": -2.187102054098021, "log10_min_child_weight": 0.8051726604992243, "log10_subsample": -0.4399224001417965, "max_depth": 3.0, "num_boost_round": 22.0}, "datetime": {"datetime": "2024-01-19 01:05:02", "elapsed": 3186.580133, "delta": 0.004231}}
{"target": -17.711400312134217, "params": {"gamma": 839.2965253368495, "log10_alpha": -0.9935684446512081, "log10_colsample_bytree": -0.8926417498507723, "log10_eta": -0.8087749847741774, "log10_lambda": -2.187102054098021, "log10_min_child_weight": 0.8051726604992243, "log10_subsample": -0.4399224001417965, "max_depth": 3.0, "num_boost_round": 23.0}, "datetime": {"datetime": "2024-01-19 01:05:02", "elapsed": 3186.584308, "delta": 0.004175}}
{"target": -17.71566000643708, "params": {"gamma": 839.2965253368495, "log10_alpha": -0.9935684446512081, "log10_colsample_bytree": -0.8926417498507723, "log10_eta": -0.8087749847741774, "log10_lambda": -2.187102054098021, "log10_min_child_weight": 0.8051726604992243, "log10_subsample": -0.4399224001417965, "max_depth": 3.0, "num_boost_round": 24.0}, "datetime": {"datetime": "2024-01-19 01:05:02", "elapsed": 3186.588866, "delta": 0.004558}}
{"target": -17.74937655954928, "params": {"gamma": 839.2965253368495, "log10_alpha": -0.9935684446512081, "log10_colsample_bytree": -0.8926417498507723, "log10_eta": -0.8087749847741774, "log10_lambda": -2.187102054098021, "log10_min_child_weight": 0.8051726604992243, "log10_subsample": -0.4399224001417965, "max_depth": 3.0, "num_boost_round": 25.0}, "datetime": {"datetime": "2024-01-19 01:05:02", "elapsed": 3186.593205, "delta": 0.004339}}
