{"target": -13.75849083437548, "params": {"gamma": 722.4056175556103, "log10_alpha": 0.2910418136107005, "log10_colsample_bytree": -0.10921700248685329, "log10_eta": -3.7741118019645783, "log10_lambda": -0.24859547512039537, "log10_min_child_weight": 0.8358026054769574, "log10_subsample": -0.34522468493830605, "max_depth": 8.0, "num_boost_round": 14.0}, "datetime": {"datetime": "2024-01-19 00:48:35", "elapsed": 2215.069998, "delta": 0.002563}}
{"target": -13.758493495553184, "params": {"gamma": 722.4056175556103, "log10_alpha": 0.2910418136107005, "log10_colsample_bytree": -0.10921700248685329, "log10_eta": -3.7741118019645783, "log10_lambda": -0.24859547512039537, "log10_min_child_weight": 0.8358026054769574, "log10_subsample": -0.34522468493830605, "max_depth": 8.0, "num_boost_round": 15.0}, "datetime": {"datetime": "2024-01-19 00:48:35", "elapsed": 2215.07253, "delta": 0.002532}}
{"target": -13.758488054037851, "params": {"gamma": 722.4056175556103, "log10_alpha": 0.2910418136107005, "log10_colsample_bytree": -0.10921700248685329, "log10_eta": -3.7741118019645783, "log10_lambda": -0.24859547512039537, "log10_min_child_weight": 0.8358026054769574, "log10_subsample": -0.34522468493830605, "max_depth": 8.0, "num_boost_round": 16.0}, "datetime": {"datetime": "2024-01-19 00:48:35", "elapsed": 2215.075097, "delta": 0.002567}}
{"target": -13.75849146440743, "params": {"gamma": 722.4056175556103, "log10_alpha": 0.2910418136107005, "log10_colsample_bytree": -0.10921700248685329, "log10_eta": -3.7741118019645783, "log10_lambda": -0.24859547512039537, "log10_min_child_weight": 0.8358026054769574, "log10_subsample": -0.34522468493830605, "max_depth": 8.0, "num_boost_round": 17.0}, "datetime": {"datetime": "2024-01-19 00:48:35", "elapsed": 2215.077668, "delta": 0.002571}}
{"target": -13.758534321653414, "params": {"gamma": 717.5367316931886, "log10_alpha": -2.3146635245248586, "log10_colsample_bytree": -0.15879114880442113, "log10_eta": -3.166768775485653, "log10_lambda": -3.3322995609545045, "log10_min_child_weight": 1.101988415742573, "log10_subsample": -0.07782779854507071, "max_depth": 3.0, "num_boost_round": 0.0}, "datetime": {"datetime": "2024-01-19 00:49:08", "elapsed": 2247.160041, "delta": 32.082373}}
{"target": -13.758529336855943, "params": {"gamma": 717.5367316931886, "log10_alpha": -2.3146635245248586, "log10_colsample_bytree": -0.15879114880442113, "log10_eta": -3.166768775485653, "log10_lambda": -3.3322995609545045, "log10_min_child_weight": 1.101988415742573, "log10_subsample": -0.07782779854507071, "max_depth": 3.0, "num_boost_round": 1.0}, "datetime": {"datetime": "2024-01-19 00:49:08", "elapsed": 2247.163363, "delta": 0.003322}}
{"target": -13.758529559810514, "params": {"gamma": 717.5367316931886, "log10_alpha": -2.3146635245248586, "log10_colsample_bytree": -0.15879114880442113, "log10_eta": -3.166768775485653, "log10_lambda": -3.3322995609545045, "log10_min_child_weight": 1.101988415742573, "log10_subsample": -0.07782779854507071, "max_depth": 3.0, "num_boost_round": 2.0}, "datetime": {"datetime": "2024-01-19 00:49:08", "elapsed": 2247.165896, "delta": 0.002533}}
{"target": -13.75852624643677, "params": {"gamma": 717.5367316931886, "log10_alpha": -2.3146635245248586, "log10_colsample_bytree": -0.15879114880442113, "log10_eta": -3.166768775485653, "log10_lambda": -3.3322995609545045, "log10_min_child_weight": 1.101988415742573, "log10_subsample": -0.07782779854507071, "max_depth": 3.0, "num_boost_round": 3.0}, "datetime": {"datetime": "2024-01-19 00:49:08", "elapsed": 2247.168529, "delta": 0.002633}}
{"target": -13.758524655383892, "params": {"gamma": 717.5367316931886, "log10_alpha": -2.3146635245248586, "log10_colsample_bytree": -0.15879114880442113, "log10_eta": -3.166768775485653, "log10_lambda": -3.3322995609545045, "log10_min_child_weight": 1.101988415742573, "log10_subsample": -0.07782779854507071, "max_depth": 3.0, "num_boost_round": 4.0}, "datetime": {"datetime": "2024-01-19 00:49:08", "elapsed": 2247.171038, "delta": 0.002509}}
{"target": -13.758519603217833, "params": {"gamma": 717.5367316931886, "log10_alpha": -2.3146635245248586, "log10_colsample_bytree": -0.15879114880442113, "log10_eta": -3.166768775485653, "log10_lambda": -3.3322995609545045, "log10_min_child_weight": 1.101988415742573, "log10_subsample": -0.07782779854507071, "max_depth": 3.0, "num_boost_round": 5.0}, "datetime": {"datetime": "2024-01-19 00:49:08", "elapsed": 2247.17361, "delta": 0.002572}}
{"target": -13.758510592541056, "params": {"gamma": 717.5367316931886, "log10_alpha": -2.3146635245248586, "log10_colsample_bytree": -0.15879114880442113, "log10_eta": -3.166768775485653, "log10_lambda": -3.3322995609545045, "log10_min_child_weight": 1.101988415742573, "log10_subsample": -0.07782779854507071, "max_depth": 3.0, "num_boost_round": 6.0}, "datetime": {"datetime": "2024-01-19 00:49:08", "elapsed": 2247.176111, "delta": 0.002501}}
{"target": -13.7585073979325, "params": {"gamma": 717.5367316931886, "log10_alpha": -2.3146635245248586, "log10_colsample_bytree": -0.15879114880442113, "log10_eta": -3.166768775485653, "log10_lambda": -3.3322995609545045, "log10_min_child_weight": 1.101988415742573, "log10_subsample": -0.07782779854507071, "max_depth": 3.0, "num_boost_round": 7.0}, "datetime": {"datetime": "2024-01-19 00:49:08", "elapsed": 2247.178598, "delta": 0.002487}}
{"target": -13.758504263913885, "params": {"gamma": 717.5367316931886, "log10_alpha": -2.3146635245248586, "log10_colsample_bytree": -0.15879114880442113, "log10_eta": -3.166768775485653, "log10_lambda": -3.3322995609545045, "log10_min_child_weight": 1.101988415742573, "log10_subsample": -0.07782779854507071, "max_depth": 3.0, "num_boost_round": 8.0}, "datetime": {"datetime": "2024-01-19 00:49:08", "elapsed": 2247.181069, "delta": 0.002471}}
{"target": -13.758500282371553, "params": {"gamma": 717.5367316931886, "log10_alpha": -2.3146635245248586, "log10_colsample_bytree": -0.15879114880442113, "log10_eta": -3.166768775485653, "log10_lambda": -3.3322995609545045, "log10_min_child_weight": 1.101988415742573, "log10_subsample": -0.07782779854507071, "max_depth": 3.0, "num_boost_round": 9.0}, "datetime": {"datetime": "2024-01-19 00:49:08", "elapsed": 2247.183656, "delta": 0.002587}}
{"target": -13.758497127706017, "params": {"gamma": 717.5367316931886, "log10_alpha": -2.3146635245248586, "log10_colsample_bytree": -0.15879114880442113, "log10_eta": -3.166768775485653, "log10_lambda": -3.3322995609545045, "log10_min_child_weight": 1.101988415742573, "log10_subsample": -0.07782779854507071, "max_depth": 3.0, "num_boost_round": 10.0}, "datetime": {"datetime": "2024-01-19 00:49:08", "elapsed": 2247.186258, "delta": 0.002602}}
{"target": -13.758477931727665, "params": {"gamma": 717.5367316931886, "log10_alpha": -2.3146635245248586, "log10_colsample_bytree": -0.15879114880442113, "log10_eta": -3.166768775485653, "log10_lambda": -3.3322995609545045, "log10_min_child_weight": 1.101988415742573, "log10_subsample": -0.07782779854507071, "max_depth": 3.0, "num_boost_round": 11.0}, "datetime": {"datetime": "2024-01-19 00:49:08", "elapsed": 2247.188854, "delta": 0.002596}}
{"target": -13.758472964535722, "params": {"gamma": 717.5367316931886, "log10_alpha": -2.3146635245248586, "log10_colsample_bytree": -0.15879114880442113, "log10_eta": -3.166768775485653, "log10_lambda": -3.3322995609545045, "log10_min_child_weight": 1.101988415742573, "log10_subsample": -0.07782779854507071, "max_depth": 3.0, "num_boost_round": 12.0}, "datetime": {"datetime": "2024-01-19 00:49:08", "elapsed": 2247.19132, "delta": 0.002466}}
{"target": -13.758469810973187, "params": {"gamma": 717.5367316931886, "log10_alpha": -2.3146635245248586, "log10_colsample_bytree": -0.15879114880442113, "log10_eta": -3.166768775485653, "log10_lambda": -3.3322995609545045, "log10_min_child_weight": 1.101988415742573, "log10_subsample": -0.07782779854507071, "max_depth": 3.0, "num_boost_round": 13.0}, "datetime": {"datetime": "2024-01-19 00:49:08", "elapsed": 2247.193904, "delta": 0.002584}}
{"target": -13.758465688840918, "params": {"gamma": 717.5367316931886, "log10_alpha": -2.3146635245248586, "log10_colsample_bytree": -0.15879114880442113, "log10_eta": -3.166768775485653, "log10_lambda": -3.3322995609545045, "log10_min_child_weight": 1.101988415742573, "log10_subsample": -0.07782779854507071, "max_depth": 3.0, "num_boost_round": 14.0}, "datetime": {"datetime": "2024-01-19 00:49:08", "elapsed": 2247.196371, "delta": 0.002467}}
{"target": -13.758457799257592, "params": {"gamma": 717.5367316931886, "log10_alpha": -2.3146635245248586, "log10_colsample_bytree": -0.15879114880442113, "log10_eta": -3.166768775485653, "log10_lambda": -3.3322995609545045, "log10_min_child_weight": 1.101988415742573, "log10_subsample": -0.07782779854507071, "max_depth": 3.0, "num_boost_round": 15.0}, "datetime": {"datetime": "2024-01-19 00:49:08", "elapsed": 2247.198782, "delta": 0.002411}}
{"target": -13.758439836038173, "params": {"gamma": 717.5367316931886, "log10_alpha": -2.3146635245248586, "log10_colsample_bytree": -0.15879114880442113, "log10_eta": -3.166768775485653, "log10_lambda": -3.3322995609545045, "log10_min_child_weight": 1.101988415742573, "log10_subsample": -0.07782779854507071, "max_depth": 3.0, "num_boost_round": 16.0}, "datetime": {"datetime": "2024-01-19 00:49:08", "elapsed": 2247.201188, "delta": 0.002406}}
{"target": -13.758524583117913, "params": {"gamma": 715.7090944610043, "log10_alpha": -4.624638335341457, "log10_colsample_bytree": -0.05869021908312533, "log10_eta": -3.0879728713045758, "log10_lambda": -2.7755040560651567, "log10_min_child_weight": 0.688169651622747, "log10_subsample": -0.8129986345466333, "max_depth": 3.0, "num_boost_round": 0.0}, "datetime": {"datetime": "2024-01-19 00:49:40", "elapsed": 2279.603728, "delta": 32.40254}}
{"target": -13.758524470136118, "params": {"gamma": 715.7090944610043, "log10_alpha": -4.624638335341457, "log10_colsample_bytree": -0.05869021908312533, "log10_eta": -3.0879728713045758, "log10_lambda": -2.7755040560651567, "log10_min_child_weight": 0.688169651622747, "log10_subsample": -0.8129986345466333, "max_depth": 3.0, "num_boost_round": 1.0}, "datetime": {"datetime": "2024-01-19 00:49:40", "elapsed": 2279.606886, "delta": 0.003158}}
{"target": -13.758509352974942, "params": {"gamma": 715.7090944610043, "log10_alpha": -4.624638335341457, "log10_colsample_bytree": -0.05869021908312533, "log10_eta": -3.0879728713045758, "log10_lambda": -2.7755040560651567, "log10_min_child_weight": 0.688169651622747, "log10_subsample": -0.8129986345466333, "max_depth": 3.0, "num_boost_round": 2.0}, "datetime": {"datetime": "2024-01-19 00:49:40", "elapsed": 2279.60969, "delta": 0.002804}}
{"target": -13.758501256553133, "params": {"gamma": 715.7090944610043, "log10_alpha": -4.624638335341457, "log10_colsample_bytree": -0.05869021908312533, "log10_eta": -3.0879728713045758, "log10_lambda": -2.7755040560651567, "log10_min_child_weight": 0.688169651622747, "log10_subsample": -0.8129986345466333, "max_depth": 3.0, "num_boost_round": 3.0}, "datetime": {"datetime": "2024-01-19 00:49:40", "elapsed": 2279.612297, "delta": 0.002607}}
{"target": -13.758500835613445, "params": {"gamma": 715.7090944610043, "log10_alpha": -4.624638335341457, "log10_colsample_bytree": -0.05869021908312533, "log10_eta": -3.0879728713045758, "log10_lambda": -2.7755040560651567, "log10_min_child_weight": 0.688169651622747, "log10_subsample": -0.8129986345466333, "max_depth": 3.0, "num_boost_round": 4.0}, "datetime": {"datetime": "2024-01-19 00:49:40", "elapsed": 2279.615033, "delta": 0.002736}}
{"target": -13.758494350166039, "params": {"gamma": 715.7090944610043, "log10_alpha": -4.624638335341457, "log10_colsample_bytree": -0.05869021908312533, "log10_eta": -3.0879728713045758, "log10_lambda": -2.7755040560651567, "log10_min_child_weight": 0.688169651622747, "log10_subsample": -0.8129986345466333, "max_depth": 3.0, "num_boost_round": 5.0}, "datetime": {"datetime": "2024-01-19 00:49:40", "elapsed": 2279.617505, "delta": 0.002472}}
{"target": -13.75848900534872, "params": {"gamma": 715.7090944610043, "log10_alpha": -4.624638335341457, "log10_colsample_bytree": -0.05869021908312533, "log10_eta": -3.0879728713045758, "log10_lambda": -2.7755040560651567, "log10_min_child_weight": 0.688169651622747, "log10_subsample": -0.8129986345466333, "max_depth": 3.0, "num_boost_round": 6.0}, "datetime": {"datetime": "2024-01-19 00:49:40", "elapsed": 2279.620042, "delta": 0.002537}}
{"target": -13.758479047152829, "params": {"gamma": 715.7090944610043, "log10_alpha": -4.624638335341457, "log10_colsample_bytree": -0.05869021908312533, "log10_eta": -3.0879728713045758, "log10_lambda": -2.7755040560651567, "log10_min_child_weight": 0.688169651622747, "log10_subsample": -0.8129986345466333, "max_depth": 3.0, "num_boost_round": 7.0}, "datetime": {"datetime": "2024-01-19 00:49:40", "elapsed": 2279.622559, "delta": 0.002517}}
{"target": -13.75847538479915, "params": {"gamma": 715.7090944610043, "log10_alpha": -4.624638335341457, "log10_colsample_bytree": -0.05869021908312533, "log10_eta": -3.0879728713045758, "log10_lambda": -2.7755040560651567, "log10_min_child_weight": 0.688169651622747, "log10_subsample": -0.8129986345466333, "max_depth": 3.0, "num_boost_round": 8.0}, "datetime": {"datetime": "2024-01-19 00:49:40", "elapsed": 2279.625042, "delta": 0.002483}}
{"target": -13.758468119146082, "params": {"gamma": 715.7090944610043, "log10_alpha": -4.624638335341457, "log10_colsample_bytree": -0.05869021908312533, "log10_eta": -3.0879728713045758, "log10_lambda": -2.7755040560651567, "log10_min_child_weight": 0.688169651622747, "log10_subsample": -0.8129986345466333, "max_depth": 3.0, "num_boost_round": 9.0}, "datetime": {"datetime": "2024-01-19 00:49:40", "elapsed": 2279.627589, "delta": 0.002547}}
{"target": -13.758453362265687, "params": {"gamma": 715.7090944610043, "log10_alpha": -4.624638335341457, "log10_colsample_bytree": -0.05869021908312533, "log10_eta": -3.0879728713045758, "log10_lambda": -2.7755040560651567, "log10_min_child_weight": 0.688169651622747, "log10_subsample": -0.8129986345466333, "max_depth": 3.0, "num_boost_round": 10.0}, "datetime": {"datetime": "2024-01-19 00:49:40", "elapsed": 2279.630057, "delta": 0.002468}}
{"target": -13.758449895350026, "params": {"gamma": 715.7090944610043, "log10_alpha": -4.624638335341457, "log10_colsample_bytree": -0.05869021908312533, "log10_eta": -3.0879728713045758, "log10_lambda": -2.7755040560651567, "log10_min_child_weight": 0.688169651622747, "log10_subsample": -0.8129986345466333, "max_depth": 3.0, "num_boost_round": 11.0}, "datetime": {"datetime": "2024-01-19 00:49:40", "elapsed": 2279.632686, "delta": 0.002629}}
{"target": -13.758434155296259, "params": {"gamma": 715.7090944610043, "log10_alpha": -4.624638335341457, "log10_colsample_bytree": -0.05869021908312533, "log10_eta": -3.0879728713045758, "log10_lambda": -2.7755040560651567, "log10_min_child_weight": 0.688169651622747, "log10_subsample": -0.8129986345466333, "max_depth": 3.0, "num_boost_round": 12.0}, "datetime": {"datetime": "2024-01-19 00:49:40", "elapsed": 2279.635344, "delta": 0.002658}}
{"target": -13.758431307923406, "params": {"gamma": 715.7090944610043, "log10_alpha": -4.624638335341457, "log10_colsample_bytree": -0.05869021908312533, "log10_eta": -3.0879728713045758, "log10_lambda": -2.7755040560651567, "log10_min_child_weight": 0.688169651622747, "log10_subsample": -0.8129986345466333, "max_depth": 3.0, "num_boost_round": 13.0}, "datetime": {"datetime": "2024-01-19 00:49:40", "elapsed": 2279.637998, "delta": 0.002654}}
{"target": -13.758426796876694, "params": {"gamma": 715.7090944610043, "log10_alpha": -4.624638335341457, "log10_colsample_bytree": -0.05869021908312533, "log10_eta": -3.0879728713045758, "log10_lambda": -2.7755040560651567, "log10_min_child_weight": 0.688169651622747, "log10_subsample": -0.8129986345466333, "max_depth": 3.0, "num_boost_round": 14.0}, "datetime": {"datetime": "2024-01-19 00:49:40", "elapsed": 2279.640447, "delta": 0.002449}}
{"target": -13.758426890447947, "params": {"gamma": 715.7090944610043, "log10_alpha": -4.624638335341457, "log10_colsample_bytree": -0.05869021908312533, "log10_eta": -3.0879728713045758, "log10_lambda": -2.7755040560651567, "log10_min_child_weight": 0.688169651622747, "log10_subsample": -0.8129986345466333, "max_depth": 3.0, "num_boost_round": 15.0}, "datetime": {"datetime": "2024-01-19 00:49:40", "elapsed": 2279.642982, "delta": 0.002535}}
{"target": -13.758410273220857, "params": {"gamma": 715.7090944610043, "log10_alpha": -4.624638335341457, "log10_colsample_bytree": -0.05869021908312533, "log10_eta": -3.0879728713045758, "log10_lambda": -2.7755040560651567, "log10_min_child_weight": 0.688169651622747, "log10_subsample": -0.8129986345466333, "max_depth": 3.0, "num_boost_round": 16.0}, "datetime": {"datetime": "2024-01-19 00:49:40", "elapsed": 2279.645456, "delta": 0.002474}}
{"target": -13.758406147765422, "params": {"gamma": 715.7090944610043, "log10_alpha": -4.624638335341457, "log10_colsample_bytree": -0.05869021908312533, "log10_eta": -3.0879728713045758, "log10_lambda": -2.7755040560651567, "log10_min_child_weight": 0.688169651622747, "log10_subsample": -0.8129986345466333, "max_depth": 3.0, "num_boost_round": 17.0}, "datetime": {"datetime": "2024-01-19 00:49:40", "elapsed": 2279.648012, "delta": 0.002556}}
{"target": -13.758405968659595, "params": {"gamma": 715.7090944610043, "log10_alpha": -4.624638335341457, "log10_colsample_bytree": -0.05869021908312533, "log10_eta": -3.0879728713045758, "log10_lambda": -2.7755040560651567, "log10_min_child_weight": 0.688169651622747, "log10_subsample": -0.8129986345466333, "max_depth": 3.0, "num_boost_round": 18.0}, "datetime": {"datetime": "2024-01-19 00:49:40", "elapsed": 2279.650514, "delta": 0.002502}}
{"target": -13.758534924774995, "params": {"gamma": 704.5232236537134, "log10_alpha": -3.2977196672743134, "log10_colsample_bytree": -0.6902032566434609, "log10_eta": -3.6851745406723677, "log10_lambda": -3.0993357345245904, "log10_min_child_weight": 3.595080718271317, "log10_subsample": -0.35178553119783873, "max_depth": 9.0, "num_boost_round": 0.0}, "datetime": {"datetime": "2024-01-19 00:50:24", "elapsed": 2323.658572, "delta": 44.008058}}
{"target": -13.758529597675453, "params": {"gamma": 704.5232236537134, "log10_alpha": -3.2977196672743134, "log10_colsample_bytree": -0.6902032566434609, "log10_eta": -3.6851745406723677, "log10_lambda": -3.0993357345245904, "log10_min_child_weight": 3.595080718271317, "log10_subsample": -0.35178553119783873, "max_depth": 9.0, "num_boost_round": 1.0}, "datetime": {"datetime": "2024-01-19 00:50:24", "elapsed": 2323.662055, "delta": 0.003483}}
{"target": -13.758528882623432, "params": {"gamma": 704.5232236537134, "log10_alpha": -3.2977196672743134, "log10_colsample_bytree": -0.6902032566434609, "log10_eta": -3.6851745406723677, "log10_lambda": -3.0993357345245904, "log10_min_child_weight": 3.595080718271317, "log10_subsample": -0.35178553119783873, "max_depth": 9.0, "num_boost_round": 2.0}, "datetime": {"datetime": "2024-01-19 00:50:24", "elapsed": 2323.664666, "delta": 0.002611}}
{"target": -13.758526782696517, "params": {"gamma": 704.5232236537134, "log10_alpha": -3.2977196672743134, "log10_colsample_bytree": -0.6902032566434609, "log10_eta": -3.6851745406723677, "log10_lambda": -3.0993357345245904, "log10_min_child_weight": 3.595080718271317, "log10_subsample": -0.35178553119783873, "max_depth": 9.0, "num_boost_round": 3.0}, "datetime": {"datetime": "2024-01-19 00:50:24", "elapsed": 2323.667323, "delta": 0.002657}}
{"target": -13.758522242902018, "params": {"gamma": 704.5232236537134, "log10_alpha": -3.2977196672743134, "log10_colsample_bytree": -0.6902032566434609, "log10_eta": -3.6851745406723677, "log10_lambda": -3.0993357345245904, "log10_min_child_weight": 3.595080718271317, "log10_subsample": -0.35178553119783873, "max_depth": 9.0, "num_boost_round": 4.0}, "datetime": {"datetime": "2024-01-19 00:50:24", "elapsed": 2323.669858, "delta": 0.002535}}
{"target": -13.758519217969216, "params": {"gamma": 704.5232236537134, "log10_alpha": -3.2977196672743134, "log10_colsample_bytree": -0.6902032566434609, "log10_eta": -3.6851745406723677, "log10_lambda": -3.0993357345245904, "log10_min_child_weight": 3.595080718271317, "log10_subsample": -0.35178553119783873, "max_depth": 9.0, "num_boost_round": 5.0}, "datetime": {"datetime": "2024-01-19 00:50:24", "elapsed": 2323.67244, "delta": 0.002582}}
{"target": -13.758519794335761, "params": {"gamma": 704.5232236537134, "log10_alpha": -3.2977196672743134, "log10_colsample_bytree": -0.6902032566434609, "log10_eta": -3.6851745406723677, "log10_lambda": -3.0993357345245904, "log10_min_child_weight": 3.595080718271317, "log10_subsample": -0.35178553119783873, "max_depth": 9.0, "num_boost_round": 6.0}, "datetime": {"datetime": "2024-01-19 00:50:24", "elapsed": 2323.674924, "delta": 0.002484}}
{"target": -13.758515451394782, "params": {"gamma": 704.5232236537134, "log10_alpha": -3.2977196672743134, "log10_colsample_bytree": -0.6902032566434609, "log10_eta": -3.6851745406723677, "log10_lambda": -3.0993357345245904, "log10_min_child_weight": 3.595080718271317, "log10_subsample": -0.35178553119783873, "max_depth": 9.0, "num_boost_round": 7.0}, "datetime": {"datetime": "2024-01-19 00:50:24", "elapsed": 2323.67745, "delta": 0.002526}}
{"target": -13.75850659882154, "params": {"gamma": 704.5232236537134, "log10_alpha": -3.2977196672743134, "log10_colsample_bytree": -0.6902032566434609, "log10_eta": -3.6851745406723677, "log10_lambda": -3.0993357345245904, "log10_min_child_weight": 3.595080718271317, "log10_subsample": -0.35178553119783873, "max_depth": 9.0, "num_boost_round": 8.0}, "datetime": {"datetime": "2024-01-19 00:50:24", "elapsed": 2323.679973, "delta": 0.002523}}
