{"target": -13.7558815900506, "params": {"gamma": 214.05853355159255, "log10_alpha": -3.068808594743877, "log10_colsample_bytree": -0.6126783510312834, "log10_eta": -1.9186930382352196, "log10_lambda": -4.732886067619079, "log10_min_child_weight": 0.19120602433829015, "log10_subsample": -0.46266080813898514, "max_depth": 7.0, "num_boost_round": 7.0}, "datetime": {"datetime": "2024-01-19 00:14:45", "elapsed": 193.032471, "delta": 0.000429}}
{"target": -13.755416847481209, "params": {"gamma": 214.05853355159255, "log10_alpha": -3.068808594743877, "log10_colsample_bytree": -0.6126783510312834, "log10_eta": -1.9186930382352196, "log10_lambda": -4.732886067619079, "log10_min_child_weight": 0.19120602433829015, "log10_subsample": -0.46266080813898514, "max_depth": 7.0, "num_boost_round": 8.0}, "datetime": {"datetime": "2024-01-19 00:14:45", "elapsed": 193.032901, "delta": 0.00043}}
{"target": -13.75559898532423, "params": {"gamma": 214.05853355159255, "log10_alpha": -3.068808594743877, "log10_colsample_bytree": -0.6126783510312834, "log10_eta": -1.9186930382352196, "log10_lambda": -4.732886067619079, "log10_min_child_weight": 0.19120602433829015, "log10_subsample": -0.46266080813898514, "max_depth": 7.0, "num_boost_round": 9.0}, "datetime": {"datetime": "2024-01-19 00:14:45", "elapsed": 193.033327, "delta": 0.000426}}
{"target": -13.758451793254054, "params": {"gamma": 195.50523566861355, "log10_alpha": -1.3836163742521848, "log10_colsample_bytree": -0.2522179880309635, "log10_eta": -2.819644503221163, "log10_lambda": -1.1926231525950395, "log10_min_child_weight": 1.1898606324038647, "log10_subsample": -0.27917781853915546, "max_depth": 6.0, "num_boost_round": 0.0}, "datetime": {"datetime": "2024-01-19 00:15:04", "elapsed": 211.804776, "delta": 18.771449}}
{"target": -13.758399418885343, "params": {"gamma": 195.50523566861355, "log10_alpha": -1.3836163742521848, "log10_colsample_bytree": -0.2522179880309635, "log10_eta": -2.819644503221163, "log10_lambda": -1.1926231525950395, "log10_min_child_weight": 1.1898606324038647, "log10_subsample": -0.27917781853915546, "max_depth": 6.0, "num_boost_round": 1.0}, "datetime": {"datetime": "2024-01-19 00:15:04", "elapsed": 211.805384, "delta": 0.000608}}
{"target": -13.758355142113436, "params": {"gamma": 195.50523566861355, "log10_alpha": -1.3836163742521848, "log10_colsample_bytree": -0.2522179880309635, "log10_eta": -2.819644503221163, "log10_lambda": -1.1926231525950395, "log10_min_child_weight": 1.1898606324038647, "log10_subsample": -0.27917781853915546, "max_depth": 6.0, "num_boost_round": 2.0}, "datetime": {"datetime": "2024-01-19 00:15:04", "elapsed": 211.805854, "delta": 0.00047}}
{"target": -13.758318292554437, "params": {"gamma": 195.50523566861355, "log10_alpha": -1.3836163742521848, "log10_colsample_bytree": -0.2522179880309635, "log10_eta": -2.819644503221163, "log10_lambda": -1.1926231525950395, "log10_min_child_weight": 1.1898606324038647, "log10_subsample": -0.27917781853915546, "max_depth": 6.0, "num_boost_round": 3.0}, "datetime": {"datetime": "2024-01-19 00:15:04", "elapsed": 211.806297, "delta": 0.000443}}
{"target": -13.758256434361588, "params": {"gamma": 195.50523566861355, "log10_alpha": -1.3836163742521848, "log10_colsample_bytree": -0.2522179880309635, "log10_eta": -2.819644503221163, "log10_lambda": -1.1926231525950395, "log10_min_child_weight": 1.1898606324038647, "log10_subsample": -0.27917781853915546, "max_depth": 6.0, "num_boost_round": 4.0}, "datetime": {"datetime": "2024-01-19 00:15:04", "elapsed": 211.806741, "delta": 0.000444}}
{"target": -13.758273564593116, "params": {"gamma": 195.50523566861355, "log10_alpha": -1.3836163742521848, "log10_colsample_bytree": -0.2522179880309635, "log10_eta": -2.819644503221163, "log10_lambda": -1.1926231525950395, "log10_min_child_weight": 1.1898606324038647, "log10_subsample": -0.27917781853915546, "max_depth": 6.0, "num_boost_round": 5.0}, "datetime": {"datetime": "2024-01-19 00:15:04", "elapsed": 211.807176, "delta": 0.000435}}
{"target": -13.758230263042453, "params": {"gamma": 195.50523566861355, "log10_alpha": -1.3836163742521848, "log10_colsample_bytree": -0.2522179880309635, "log10_eta": -2.819644503221163, "log10_lambda": -1.1926231525950395, "log10_min_child_weight": 1.1898606324038647, "log10_subsample": -0.27917781853915546, "max_depth": 6.0, "num_boost_round": 6.0}, "datetime": {"datetime": "2024-01-19 00:15:04", "elapsed": 211.807611, "delta": 0.000435}}
{"target": -13.758214420240474, "params": {"gamma": 195.50523566861355, "log10_alpha": -1.3836163742521848, "log10_colsample_bytree": -0.2522179880309635, "log10_eta": -2.819644503221163, "log10_lambda": -1.1926231525950395, "log10_min_child_weight": 1.1898606324038647, "log10_subsample": -0.27917781853915546, "max_depth": 6.0, "num_boost_round": 7.0}, "datetime": {"datetime": "2024-01-19 00:15:04", "elapsed": 211.808052, "delta": 0.000441}}
{"target": -13.758203032716322, "params": {"gamma": 195.50523566861355, "log10_alpha": -1.3836163742521848, "log10_colsample_bytree": -0.2522179880309635, "log10_eta": -2.819644503221163, "log10_lambda": -1.1926231525950395, "log10_min_child_weight": 1.1898606324038647, "log10_subsample": -0.27917781853915546, "max_depth": 6.0, "num_boost_round": 8.0}, "datetime": {"datetime": "2024-01-19 00:15:04", "elapsed": 211.808494, "delta": 0.000442}}
{"target": -13.758165324936417, "params": {"gamma": 195.50523566861355, "log10_alpha": -1.3836163742521848, "log10_colsample_bytree": -0.2522179880309635, "log10_eta": -2.819644503221163, "log10_lambda": -1.1926231525950395, "log10_min_child_weight": 1.1898606324038647, "log10_subsample": -0.27917781853915546, "max_depth": 6.0, "num_boost_round": 9.0}, "datetime": {"datetime": "2024-01-19 00:15:04", "elapsed": 211.808955, "delta": 0.000461}}
{"target": -13.75810163699951, "params": {"gamma": 195.50523566861355, "log10_alpha": -1.3836163742521848, "log10_colsample_bytree": -0.2522179880309635, "log10_eta": -2.819644503221163, "log10_lambda": -1.1926231525950395, "log10_min_child_weight": 1.1898606324038647, "log10_subsample": -0.27917781853915546, "max_depth": 6.0, "num_boost_round": 10.0}, "datetime": {"datetime": "2024-01-19 00:15:04", "elapsed": 211.809409, "delta": 0.000454}}
{"target": -13.758215893070139, "params": {"gamma": 199.9709580750827, "log10_alpha": -1.7201709219495793, "log10_colsample_bytree": -0.405539570299157, "log10_eta": -1.2504845836499574, "log10_lambda": -2.6164787777828806, "log10_min_child_weight": 4.8347302812688016, "log10_subsample": -0.013773490552376089, "max_depth": 3.0, "num_boost_round": 0.0}, "datetime": {"datetime": "2024-01-19 00:15:23", "elapsed": 230.704307, "delta": 18.894898}}
{"target": -13.758203249988178, "params": {"gamma": 199.9709580750827, "log10_alpha": -1.7201709219495793, "log10_colsample_bytree": -0.405539570299157, "log10_eta": -1.2504845836499574, "log10_lambda": -2.6164787777828806, "log10_min_child_weight": 4.8347302812688016, "log10_subsample": -0.013773490552376089, "max_depth": 3.0, "num_boost_round": 1.0}, "datetime": {"datetime": "2024-01-19 00:15:23", "elapsed": 230.70495, "delta": 0.000643}}
{"target": -13.758916872292021, "params": {"gamma": 199.9709580750827, "log10_alpha": -1.7201709219495793, "log10_colsample_bytree": -0.405539570299157, "log10_eta": -1.2504845836499574, "log10_lambda": -2.6164787777828806, "log10_min_child_weight": 4.8347302812688016, "log10_subsample": -0.013773490552376089, "max_depth": 3.0, "num_boost_round": 2.0}, "datetime": {"datetime": "2024-01-19 00:15:23", "elapsed": 230.705436, "delta": 0.000486}}
{"target": -13.75906088893774, "params": {"gamma": 199.9709580750827, "log10_alpha": -1.7201709219495793, "log10_colsample_bytree": -0.405539570299157, "log10_eta": -1.2504845836499574, "log10_lambda": -2.6164787777828806, "log10_min_child_weight": 4.8347302812688016, "log10_subsample": -0.013773490552376089, "max_depth": 3.0, "num_boost_round": 3.0}, "datetime": {"datetime": "2024-01-19 00:15:23", "elapsed": 230.705913, "delta": 0.000477}}
{"target": -13.759486400602382, "params": {"gamma": 199.9709580750827, "log10_alpha": -1.7201709219495793, "log10_colsample_bytree": -0.405539570299157, "log10_eta": -1.2504845836499574, "log10_lambda": -2.6164787777828806, "log10_min_child_weight": 4.8347302812688016, "log10_subsample": -0.013773490552376089, "max_depth": 3.0, "num_boost_round": 4.0}, "datetime": {"datetime": "2024-01-19 00:15:23", "elapsed": 230.706375, "delta": 0.000462}}
{"target": -13.759768856040248, "params": {"gamma": 199.9709580750827, "log10_alpha": -1.7201709219495793, "log10_colsample_bytree": -0.405539570299157, "log10_eta": -1.2504845836499574, "log10_lambda": -2.6164787777828806, "log10_min_child_weight": 4.8347302812688016, "log10_subsample": -0.013773490552376089, "max_depth": 3.0, "num_boost_round": 5.0}, "datetime": {"datetime": "2024-01-19 00:15:23", "elapsed": 230.707221, "delta": 0.000846}}
{"target": -13.760289198638517, "params": {"gamma": 199.9709580750827, "log10_alpha": -1.7201709219495793, "log10_colsample_bytree": -0.405539570299157, "log10_eta": -1.2504845836499574, "log10_lambda": -2.6164787777828806, "log10_min_child_weight": 4.8347302812688016, "log10_subsample": -0.013773490552376089, "max_depth": 3.0, "num_boost_round": 6.0}, "datetime": {"datetime": "2024-01-19 00:15:23", "elapsed": 230.707825, "delta": 0.000604}}
{"target": -13.760670991840152, "params": {"gamma": 199.9709580750827, "log10_alpha": -1.7201709219495793, "log10_colsample_bytree": -0.405539570299157, "log10_eta": -1.2504845836499574, "log10_lambda": -2.6164787777828806, "log10_min_child_weight": 4.8347302812688016, "log10_subsample": -0.013773490552376089, "max_depth": 3.0, "num_boost_round": 7.0}, "datetime": {"datetime": "2024-01-19 00:15:23", "elapsed": 230.708307, "delta": 0.000482}}
{"target": -13.761264834527495, "params": {"gamma": 199.9709580750827, "log10_alpha": -1.7201709219495793, "log10_colsample_bytree": -0.405539570299157, "log10_eta": -1.2504845836499574, "log10_lambda": -2.6164787777828806, "log10_min_child_weight": 4.8347302812688016, "log10_subsample": -0.013773490552376089, "max_depth": 3.0, "num_boost_round": 8.0}, "datetime": {"datetime": "2024-01-19 00:15:23", "elapsed": 230.709016, "delta": 0.000709}}
{"target": -13.76101082392364, "params": {"gamma": 199.9709580750827, "log10_alpha": -1.7201709219495793, "log10_colsample_bytree": -0.405539570299157, "log10_eta": -1.2504845836499574, "log10_lambda": -2.6164787777828806, "log10_min_child_weight": 4.8347302812688016, "log10_subsample": -0.013773490552376089, "max_depth": 3.0, "num_boost_round": 9.0}, "datetime": {"datetime": "2024-01-19 00:15:23", "elapsed": 230.709479, "delta": 0.000463}}
{"target": -13.760958365904923, "params": {"gamma": 199.9709580750827, "log10_alpha": -1.7201709219495793, "log10_colsample_bytree": -0.405539570299157, "log10_eta": -1.2504845836499574, "log10_lambda": -2.6164787777828806, "log10_min_child_weight": 4.8347302812688016, "log10_subsample": -0.013773490552376089, "max_depth": 3.0, "num_boost_round": 10.0}, "datetime": {"datetime": "2024-01-19 00:15:23", "elapsed": 230.709955, "delta": 0.000476}}
{"target": -13.758058220903626, "params": {"gamma": 215.55026174752757, "log10_alpha": -4.583227954994826, "log10_colsample_bytree": -0.6740670776437458, "log10_eta": -1.6699602612598792, "log10_lambda": 0.9458934536895693, "log10_min_child_weight": 0.3432902278769595, "log10_subsample": -0.15187049538092556, "max_depth": 2.0, "num_boost_round": 0.0}, "datetime": {"datetime": "2024-01-19 00:15:43", "elapsed": 251.433866, "delta": 20.723911}}
{"target": -13.757532568474527, "params": {"gamma": 215.55026174752757, "log10_alpha": -4.583227954994826, "log10_colsample_bytree": -0.6740670776437458, "log10_eta": -1.6699602612598792, "log10_lambda": 0.9458934536895693, "log10_min_child_weight": 0.3432902278769595, "log10_subsample": -0.15187049538092556, "max_depth": 2.0, "num_boost_round": 1.0}, "datetime": {"datetime": "2024-01-19 00:15:43", "elapsed": 251.434747, "delta": 0.000881}}
{"target": -13.757381894316335, "params": {"gamma": 215.55026174752757, "log10_alpha": -4.583227954994826, "log10_colsample_bytree": -0.6740670776437458, "log10_eta": -1.6699602612598792, "log10_lambda": 0.9458934536895693, "log10_min_child_weight": 0.3432902278769595, "log10_subsample": -0.15187049538092556, "max_depth": 2.0, "num_boost_round": 2.0}, "datetime": {"datetime": "2024-01-19 00:15:43", "elapsed": 251.435508, "delta": 0.000761}}
{"target": -13.757355090620381, "params": {"gamma": 215.55026174752757, "log10_alpha": -4.583227954994826, "log10_colsample_bytree": -0.6740670776437458, "log10_eta": -1.6699602612598792, "log10_lambda": 0.9458934536895693, "log10_min_child_weight": 0.3432902278769595, "log10_subsample": -0.15187049538092556, "max_depth": 2.0, "num_boost_round": 3.0}, "datetime": {"datetime": "2024-01-19 00:15:43", "elapsed": 251.436026, "delta": 0.000518}}
{"target": -13.757148594830356, "params": {"gamma": 215.55026174752757, "log10_alpha": -4.583227954994826, "log10_colsample_bytree": -0.6740670776437458, "log10_eta": -1.6699602612598792, "log10_lambda": 0.9458934536895693, "log10_min_child_weight": 0.3432902278769595, "log10_subsample": -0.15187049538092556, "max_depth": 2.0, "num_boost_round": 4.0}, "datetime": {"datetime": "2024-01-19 00:15:43", "elapsed": 251.436795, "delta": 0.000769}}
{"target": -13.757062353220755, "params": {"gamma": 215.55026174752757, "log10_alpha": -4.583227954994826, "log10_colsample_bytree": -0.6740670776437458, "log10_eta": -1.6699602612598792, "log10_lambda": 0.9458934536895693, "log10_min_child_weight": 0.3432902278769595, "log10_subsample": -0.15187049538092556, "max_depth": 2.0, "num_boost_round": 5.0}, "datetime": {"datetime": "2024-01-19 00:15:43", "elapsed": 251.437303, "delta": 0.000508}}
{"target": -13.757079326519225, "params": {"gamma": 215.55026174752757, "log10_alpha": -4.583227954994826, "log10_colsample_bytree": -0.6740670776437458, "log10_eta": -1.6699602612598792, "log10_lambda": 0.9458934536895693, "log10_min_child_weight": 0.3432902278769595, "log10_subsample": -0.15187049538092556, "max_depth": 2.0, "num_boost_round": 6.0}, "datetime": {"datetime": "2024-01-19 00:15:43", "elapsed": 251.437786, "delta": 0.000483}}
{"target": -13.756749144088985, "params": {"gamma": 215.55026174752757, "log10_alpha": -4.583227954994826, "log10_colsample_bytree": -0.6740670776437458, "log10_eta": -1.6699602612598792, "log10_lambda": 0.9458934536895693, "log10_min_child_weight": 0.3432902278769595, "log10_subsample": -0.15187049538092556, "max_depth": 2.0, "num_boost_round": 7.0}, "datetime": {"datetime": "2024-01-19 00:15:43", "elapsed": 251.438258, "delta": 0.000472}}
{"target": -13.756591943970706, "params": {"gamma": 215.55026174752757, "log10_alpha": -4.583227954994826, "log10_colsample_bytree": -0.6740670776437458, "log10_eta": -1.6699602612598792, "log10_lambda": 0.9458934536895693, "log10_min_child_weight": 0.3432902278769595, "log10_subsample": -0.15187049538092556, "max_depth": 2.0, "num_boost_round": 8.0}, "datetime": {"datetime": "2024-01-19 00:15:43", "elapsed": 251.438864, "delta": 0.000606}}
{"target": -13.75633924527151, "params": {"gamma": 215.55026174752757, "log10_alpha": -4.583227954994826, "log10_colsample_bytree": -0.6740670776437458, "log10_eta": -1.6699602612598792, "log10_lambda": 0.9458934536895693, "log10_min_child_weight": 0.3432902278769595, "log10_subsample": -0.15187049538092556, "max_depth": 2.0, "num_boost_round": 9.0}, "datetime": {"datetime": "2024-01-19 00:15:43", "elapsed": 251.439339, "delta": 0.000475}}
{"target": -13.75603755238513, "params": {"gamma": 215.55026174752757, "log10_alpha": -4.583227954994826, "log10_colsample_bytree": -0.6740670776437458, "log10_eta": -1.6699602612598792, "log10_lambda": 0.9458934536895693, "log10_min_child_weight": 0.3432902278769595, "log10_subsample": -0.15187049538092556, "max_depth": 2.0, "num_boost_round": 10.0}, "datetime": {"datetime": "2024-01-19 00:15:43", "elapsed": 251.439847, "delta": 0.000508}}
{"target": -13.755842437764503, "params": {"gamma": 215.55026174752757, "log10_alpha": -4.583227954994826, "log10_colsample_bytree": -0.6740670776437458, "log10_eta": -1.6699602612598792, "log10_lambda": 0.9458934536895693, "log10_min_child_weight": 0.3432902278769595, "log10_subsample": -0.15187049538092556, "max_depth": 2.0, "num_boost_round": 11.0}, "datetime": {"datetime": "2024-01-19 00:15:43", "elapsed": 251.440481, "delta": 0.000634}}
{"target": -13.755795386216043, "params": {"gamma": 215.55026174752757, "log10_alpha": -4.583227954994826, "log10_colsample_bytree": -0.6740670776437458, "log10_eta": -1.6699602612598792, "log10_lambda": 0.9458934536895693, "log10_min_child_weight": 0.3432902278769595, "log10_subsample": -0.15187049538092556, "max_depth": 2.0, "num_boost_round": 12.0}, "datetime": {"datetime": "2024-01-19 00:15:43", "elapsed": 251.441089, "delta": 0.000608}}
{"target": -13.755810594401398, "params": {"gamma": 215.55026174752757, "log10_alpha": -4.583227954994826, "log10_colsample_bytree": -0.6740670776437458, "log10_eta": -1.6699602612598792, "log10_lambda": 0.9458934536895693, "log10_min_child_weight": 0.3432902278769595, "log10_subsample": -0.15187049538092556, "max_depth": 2.0, "num_boost_round": 13.0}, "datetime": {"datetime": "2024-01-19 00:15:43", "elapsed": 251.441733, "delta": 0.000644}}
{"target": -13.755802536952663, "params": {"gamma": 215.55026174752757, "log10_alpha": -4.583227954994826, "log10_colsample_bytree": -0.6740670776437458, "log10_eta": -1.6699602612598792, "log10_lambda": 0.9458934536895693, "log10_min_child_weight": 0.3432902278769595, "log10_subsample": -0.15187049538092556, "max_depth": 2.0, "num_boost_round": 14.0}, "datetime": {"datetime": "2024-01-19 00:15:43", "elapsed": 251.442214, "delta": 0.000481}}
{"target": -13.755509542830374, "params": {"gamma": 215.55026174752757, "log10_alpha": -4.583227954994826, "log10_colsample_bytree": -0.6740670776437458, "log10_eta": -1.6699602612598792, "log10_lambda": 0.9458934536895693, "log10_min_child_weight": 0.3432902278769595, "log10_subsample": -0.15187049538092556, "max_depth": 2.0, "num_boost_round": 15.0}, "datetime": {"datetime": "2024-01-19 00:15:43", "elapsed": 251.442694, "delta": 0.00048}}
{"target": -13.755643066098298, "params": {"gamma": 215.55026174752757, "log10_alpha": -4.583227954994826, "log10_colsample_bytree": -0.6740670776437458, "log10_eta": -1.6699602612598792, "log10_lambda": 0.9458934536895693, "log10_min_child_weight": 0.3432902278769595, "log10_subsample": -0.15187049538092556, "max_depth": 2.0, "num_boost_round": 16.0}, "datetime": {"datetime": "2024-01-19 00:15:43", "elapsed": 251.443225, "delta": 0.000531}}
{"target": -13.755460339736018, "params": {"gamma": 215.55026174752757, "log10_alpha": -4.583227954994826, "log10_colsample_bytree": -0.6740670776437458, "log10_eta": -1.6699602612598792, "log10_lambda": 0.9458934536895693, "log10_min_child_weight": 0.3432902278769595, "log10_subsample": -0.15187049538092556, "max_depth": 2.0, "num_boost_round": 17.0}, "datetime": {"datetime": "2024-01-19 00:15:43", "elapsed": 251.443711, "delta": 0.000486}}
{"target": -13.755584655377021, "params": {"gamma": 215.55026174752757, "log10_alpha": -4.583227954994826, "log10_colsample_bytree": -0.6740670776437458, "log10_eta": -1.6699602612598792, "log10_lambda": 0.9458934536895693, "log10_min_child_weight": 0.3432902278769595, "log10_subsample": -0.15187049538092556, "max_depth": 2.0, "num_boost_round": 18.0}, "datetime": {"datetime": "2024-01-19 00:15:43", "elapsed": 251.444193, "delta": 0.000482}}
{"target": -13.755587821574432, "params": {"gamma": 215.55026174752757, "log10_alpha": -4.583227954994826, "log10_colsample_bytree": -0.6740670776437458, "log10_eta": -1.6699602612598792, "log10_lambda": 0.9458934536895693, "log10_min_child_weight": 0.3432902278769595, "log10_subsample": -0.15187049538092556, "max_depth": 2.0, "num_boost_round": 19.0}, "datetime": {"datetime": "2024-01-19 00:15:43", "elapsed": 251.444683, "delta": 0.00049}}
{"target": -13.758455790193718, "params": {"gamma": 198.19200375964286, "log10_alpha": -0.42721853364340934, "log10_colsample_bytree": -0.4907716375360992, "log10_eta": -2.416288937219434, "log10_lambda": -4.444620896164931, "log10_min_child_weight": 0.022587236955977086, "log10_subsample": -0.7523437687832757, "max_depth": 6.0, "num_boost_round": 0.0}, "datetime": {"datetime": "2024-01-19 00:16:03", "elapsed": 270.572148, "delta": 19.127465}}
{"target": -13.758247620771131, "params": {"gamma": 198.19200375964286, "log10_alpha": -0.42721853364340934, "log10_colsample_bytree": -0.4907716375360992, "log10_eta": -2.416288937219434, "log10_lambda": -4.444620896164931, "log10_min_child_weight": 0.022587236955977086, "log10_subsample": -0.7523437687832757, "max_depth": 6.0, "num_boost_round": 1.0}, "datetime": {"datetime": "2024-01-19 00:16:03", "elapsed": 270.57287, "delta": 0.000722}}
{"target": -13.758009428392619, "params": {"gamma": 198.19200375964286, "log10_alpha": -0.42721853364340934, "log10_colsample_bytree": -0.4907716375360992, "log10_eta": -2.416288937219434, "log10_lambda": -4.444620896164931, "log10_min_child_weight": 0.022587236955977086, "log10_subsample": -0.7523437687832757, "max_depth": 6.0, "num_boost_round": 2.0}, "datetime": {"datetime": "2024-01-19 00:16:03", "elapsed": 270.573429, "delta": 0.000559}}
{"target": -13.757912852729383, "params": {"gamma": 198.19200375964286, "log10_alpha": -0.42721853364340934, "log10_colsample_bytree": -0.4907716375360992, "log10_eta": -2.416288937219434, "log10_lambda": -4.444620896164931, "log10_min_child_weight": 0.022587236955977086, "log10_subsample": -0.7523437687832757, "max_depth": 6.0, "num_boost_round": 3.0}, "datetime": {"datetime": "2024-01-19 00:16:03", "elapsed": 270.574348, "delta": 0.000919}}
