{"target": -17.677087888659113, "params": {"gamma": 973.5228003576666, "log10_alpha": -1.2062922011492567, "log10_colsample_bytree": -0.06214609692668638, "log10_eta": -2.9993766245942086, "log10_lambda": 0.610772245885145, "log10_min_child_weight": 4.959197529643445, "log10_subsample": -0.07615027633271243, "max_depth": 3.0, "num_boost_round": 20.0}, "datetime": {"datetime": "2024-01-19 01:14:25", "elapsed": 3759.560003, "delta": 0.003939}}
{"target": -17.677080211222982, "params": {"gamma": 973.5228003576666, "log10_alpha": -1.2062922011492567, "log10_colsample_bytree": -0.06214609692668638, "log10_eta": -2.9993766245942086, "log10_lambda": 0.610772245885145, "log10_min_child_weight": 4.959197529643445, "log10_subsample": -0.07615027633271243, "max_depth": 3.0, "num_boost_round": 21.0}, "datetime": {"datetime": "2024-01-19 01:14:25", "elapsed": 3759.564178, "delta": 0.004175}}
{"target": -17.677068483728913, "params": {"gamma": 973.5228003576666, "log10_alpha": -1.2062922011492567, "log10_colsample_bytree": -0.06214609692668638, "log10_eta": -2.9993766245942086, "log10_lambda": 0.610772245885145, "log10_min_child_weight": 4.959197529643445, "log10_subsample": -0.07615027633271243, "max_depth": 3.0, "num_boost_round": 22.0}, "datetime": {"datetime": "2024-01-19 01:14:25", "elapsed": 3759.56817, "delta": 0.003992}}
{"target": -17.67705937531201, "params": {"gamma": 973.5228003576666, "log10_alpha": -1.2062922011492567, "log10_colsample_bytree": -0.06214609692668638, "log10_eta": -2.9993766245942086, "log10_lambda": 0.610772245885145, "log10_min_child_weight": 4.959197529643445, "log10_subsample": -0.07615027633271243, "max_depth": 3.0, "num_boost_round": 23.0}, "datetime": {"datetime": "2024-01-19 01:14:25", "elapsed": 3759.57224, "delta": 0.00407}}
{"target": -17.677051699836817, "params": {"gamma": 973.5228003576666, "log10_alpha": -1.2062922011492567, "log10_colsample_bytree": -0.06214609692668638, "log10_eta": -2.9993766245942086, "log10_lambda": 0.610772245885145, "log10_min_child_weight": 4.959197529643445, "log10_subsample": -0.07615027633271243, "max_depth": 3.0, "num_boost_round": 24.0}, "datetime": {"datetime": "2024-01-19 01:14:25", "elapsed": 3759.576213, "delta": 0.003973}}
{"target": -17.67705530604937, "params": {"gamma": 973.5228003576666, "log10_alpha": -1.2062922011492567, "log10_colsample_bytree": -0.06214609692668638, "log10_eta": -2.9993766245942086, "log10_lambda": 0.610772245885145, "log10_min_child_weight": 4.959197529643445, "log10_subsample": -0.07615027633271243, "max_depth": 3.0, "num_boost_round": 25.0}, "datetime": {"datetime": "2024-01-19 01:14:25", "elapsed": 3759.580195, "delta": 0.003982}}
{"target": -17.677048647436926, "params": {"gamma": 973.5228003576666, "log10_alpha": -1.2062922011492567, "log10_colsample_bytree": -0.06214609692668638, "log10_eta": -2.9993766245942086, "log10_lambda": 0.610772245885145, "log10_min_child_weight": 4.959197529643445, "log10_subsample": -0.07615027633271243, "max_depth": 3.0, "num_boost_round": 26.0}, "datetime": {"datetime": "2024-01-19 01:14:25", "elapsed": 3759.584316, "delta": 0.004121}}
{"target": -17.677038381472872, "params": {"gamma": 973.5228003576666, "log10_alpha": -1.2062922011492567, "log10_colsample_bytree": -0.06214609692668638, "log10_eta": -2.9993766245942086, "log10_lambda": 0.610772245885145, "log10_min_child_weight": 4.959197529643445, "log10_subsample": -0.07615027633271243, "max_depth": 3.0, "num_boost_round": 27.0}, "datetime": {"datetime": "2024-01-19 01:14:25", "elapsed": 3759.588339, "delta": 0.004023}}
{"target": -17.677028128689653, "params": {"gamma": 973.5228003576666, "log10_alpha": -1.2062922011492567, "log10_colsample_bytree": -0.06214609692668638, "log10_eta": -2.9993766245942086, "log10_lambda": 0.610772245885145, "log10_min_child_weight": 4.959197529643445, "log10_subsample": -0.07615027633271243, "max_depth": 3.0, "num_boost_round": 28.0}, "datetime": {"datetime": "2024-01-19 01:14:25", "elapsed": 3759.592474, "delta": 0.004135}}
{"target": -17.677015015238386, "params": {"gamma": 973.5228003576666, "log10_alpha": -1.2062922011492567, "log10_colsample_bytree": -0.06214609692668638, "log10_eta": -2.9993766245942086, "log10_lambda": 0.610772245885145, "log10_min_child_weight": 4.959197529643445, "log10_subsample": -0.07615027633271243, "max_depth": 3.0, "num_boost_round": 29.0}, "datetime": {"datetime": "2024-01-19 01:14:25", "elapsed": 3759.596458, "delta": 0.003984}}
{"target": -17.67700544354527, "params": {"gamma": 973.5228003576666, "log10_alpha": -1.2062922011492567, "log10_colsample_bytree": -0.06214609692668638, "log10_eta": -2.9993766245942086, "log10_lambda": 0.610772245885145, "log10_min_child_weight": 4.959197529643445, "log10_subsample": -0.07615027633271243, "max_depth": 3.0, "num_boost_round": 30.0}, "datetime": {"datetime": "2024-01-19 01:14:25", "elapsed": 3759.60046, "delta": 0.004002}}
{"target": -17.677005604006766, "params": {"gamma": 973.5228003576666, "log10_alpha": -1.2062922011492567, "log10_colsample_bytree": -0.06214609692668638, "log10_eta": -2.9993766245942086, "log10_lambda": 0.610772245885145, "log10_min_child_weight": 4.959197529643445, "log10_subsample": -0.07615027633271243, "max_depth": 3.0, "num_boost_round": 31.0}, "datetime": {"datetime": "2024-01-19 01:14:25", "elapsed": 3759.604454, "delta": 0.003994}}
{"target": -17.677007581285924, "params": {"gamma": 973.5228003576666, "log10_alpha": -1.2062922011492567, "log10_colsample_bytree": -0.06214609692668638, "log10_eta": -2.9993766245942086, "log10_lambda": 0.610772245885145, "log10_min_child_weight": 4.959197529643445, "log10_subsample": -0.07615027633271243, "max_depth": 3.0, "num_boost_round": 32.0}, "datetime": {"datetime": "2024-01-19 01:14:25", "elapsed": 3759.608401, "delta": 0.003947}}
{"target": -17.677001200339763, "params": {"gamma": 973.5228003576666, "log10_alpha": -1.2062922011492567, "log10_colsample_bytree": -0.06214609692668638, "log10_eta": -2.9993766245942086, "log10_lambda": 0.610772245885145, "log10_min_child_weight": 4.959197529643445, "log10_subsample": -0.07615027633271243, "max_depth": 3.0, "num_boost_round": 33.0}, "datetime": {"datetime": "2024-01-19 01:14:25", "elapsed": 3759.612607, "delta": 0.004206}}
{"target": -17.676989260295493, "params": {"gamma": 973.5228003576666, "log10_alpha": -1.2062922011492567, "log10_colsample_bytree": -0.06214609692668638, "log10_eta": -2.9993766245942086, "log10_lambda": 0.610772245885145, "log10_min_child_weight": 4.959197529643445, "log10_subsample": -0.07615027633271243, "max_depth": 3.0, "num_boost_round": 34.0}, "datetime": {"datetime": "2024-01-19 01:14:25", "elapsed": 3759.616722, "delta": 0.004115}}
{"target": -17.67698889471846, "params": {"gamma": 973.5228003576666, "log10_alpha": -1.2062922011492567, "log10_colsample_bytree": -0.06214609692668638, "log10_eta": -2.9993766245942086, "log10_lambda": 0.610772245885145, "log10_min_child_weight": 4.959197529643445, "log10_subsample": -0.07615027633271243, "max_depth": 3.0, "num_boost_round": 35.0}, "datetime": {"datetime": "2024-01-19 01:14:25", "elapsed": 3759.621542, "delta": 0.00482}}
{"target": -17.67698107228112, "params": {"gamma": 973.5228003576666, "log10_alpha": -1.2062922011492567, "log10_colsample_bytree": -0.06214609692668638, "log10_eta": -2.9993766245942086, "log10_lambda": 0.610772245885145, "log10_min_child_weight": 4.959197529643445, "log10_subsample": -0.07615027633271243, "max_depth": 3.0, "num_boost_round": 36.0}, "datetime": {"datetime": "2024-01-19 01:14:25", "elapsed": 3759.626144, "delta": 0.004602}}
{"target": -17.67697187563055, "params": {"gamma": 973.5228003576666, "log10_alpha": -1.2062922011492567, "log10_colsample_bytree": -0.06214609692668638, "log10_eta": -2.9993766245942086, "log10_lambda": 0.610772245885145, "log10_min_child_weight": 4.959197529643445, "log10_subsample": -0.07615027633271243, "max_depth": 3.0, "num_boost_round": 37.0}, "datetime": {"datetime": "2024-01-19 01:14:25", "elapsed": 3759.630183, "delta": 0.004039}}
{"target": -17.67696552027456, "params": {"gamma": 973.5228003576666, "log10_alpha": -1.2062922011492567, "log10_colsample_bytree": -0.06214609692668638, "log10_eta": -2.9993766245942086, "log10_lambda": 0.610772245885145, "log10_min_child_weight": 4.959197529643445, "log10_subsample": -0.07615027633271243, "max_depth": 3.0, "num_boost_round": 38.0}, "datetime": {"datetime": "2024-01-19 01:14:25", "elapsed": 3759.634282, "delta": 0.004099}}
{"target": -17.67695970888888, "params": {"gamma": 973.5228003576666, "log10_alpha": -1.2062922011492567, "log10_colsample_bytree": -0.06214609692668638, "log10_eta": -2.9993766245942086, "log10_lambda": 0.610772245885145, "log10_min_child_weight": 4.959197529643445, "log10_subsample": -0.07615027633271243, "max_depth": 3.0, "num_boost_round": 39.0}, "datetime": {"datetime": "2024-01-19 01:14:25", "elapsed": 3759.638275, "delta": 0.003993}}
{"target": -17.676959749921647, "params": {"gamma": 973.5228003576666, "log10_alpha": -1.2062922011492567, "log10_colsample_bytree": -0.06214609692668638, "log10_eta": -2.9993766245942086, "log10_lambda": 0.610772245885145, "log10_min_child_weight": 4.959197529643445, "log10_subsample": -0.07615027633271243, "max_depth": 3.0, "num_boost_round": 40.0}, "datetime": {"datetime": "2024-01-19 01:14:25", "elapsed": 3759.642216, "delta": 0.003941}}
{"target": -17.676953442063404, "params": {"gamma": 973.5228003576666, "log10_alpha": -1.2062922011492567, "log10_colsample_bytree": -0.06214609692668638, "log10_eta": -2.9993766245942086, "log10_lambda": 0.610772245885145, "log10_min_child_weight": 4.959197529643445, "log10_subsample": -0.07615027633271243, "max_depth": 3.0, "num_boost_round": 41.0}, "datetime": {"datetime": "2024-01-19 01:14:25", "elapsed": 3759.646186, "delta": 0.00397}}
{"target": -17.676953229077608, "params": {"gamma": 973.5228003576666, "log10_alpha": -1.2062922011492567, "log10_colsample_bytree": -0.06214609692668638, "log10_eta": -2.9993766245942086, "log10_lambda": 0.610772245885145, "log10_min_child_weight": 4.959197529643445, "log10_subsample": -0.07615027633271243, "max_depth": 3.0, "num_boost_round": 42.0}, "datetime": {"datetime": "2024-01-19 01:14:25", "elapsed": 3759.650242, "delta": 0.004056}}
{"target": -17.676943757686438, "params": {"gamma": 973.5228003576666, "log10_alpha": -1.2062922011492567, "log10_colsample_bytree": -0.06214609692668638, "log10_eta": -2.9993766245942086, "log10_lambda": 0.610772245885145, "log10_min_child_weight": 4.959197529643445, "log10_subsample": -0.07615027633271243, "max_depth": 3.0, "num_boost_round": 43.0}, "datetime": {"datetime": "2024-01-19 01:14:25", "elapsed": 3759.654218, "delta": 0.003976}}
{"target": -17.676934211570124, "params": {"gamma": 973.5228003576666, "log10_alpha": -1.2062922011492567, "log10_colsample_bytree": -0.06214609692668638, "log10_eta": -2.9993766245942086, "log10_lambda": 0.610772245885145, "log10_min_child_weight": 4.959197529643445, "log10_subsample": -0.07615027633271243, "max_depth": 3.0, "num_boost_round": 44.0}, "datetime": {"datetime": "2024-01-19 01:14:25", "elapsed": 3759.658211, "delta": 0.003993}}
{"target": -17.676928336447418, "params": {"gamma": 973.5228003576666, "log10_alpha": -1.2062922011492567, "log10_colsample_bytree": -0.06214609692668638, "log10_eta": -2.9993766245942086, "log10_lambda": 0.610772245885145, "log10_min_child_weight": 4.959197529643445, "log10_subsample": -0.07615027633271243, "max_depth": 3.0, "num_boost_round": 45.0}, "datetime": {"datetime": "2024-01-19 01:14:25", "elapsed": 3759.662239, "delta": 0.004028}}
{"target": -17.676922249993353, "params": {"gamma": 973.5228003576666, "log10_alpha": -1.2062922011492567, "log10_colsample_bytree": -0.06214609692668638, "log10_eta": -2.9993766245942086, "log10_lambda": 0.610772245885145, "log10_min_child_weight": 4.959197529643445, "log10_subsample": -0.07615027633271243, "max_depth": 3.0, "num_boost_round": 46.0}, "datetime": {"datetime": "2024-01-19 01:14:25", "elapsed": 3759.666233, "delta": 0.003994}}
{"target": -17.67691277613312, "params": {"gamma": 973.5228003576666, "log10_alpha": -1.2062922011492567, "log10_colsample_bytree": -0.06214609692668638, "log10_eta": -2.9993766245942086, "log10_lambda": 0.610772245885145, "log10_min_child_weight": 4.959197529643445, "log10_subsample": -0.07615027633271243, "max_depth": 3.0, "num_boost_round": 47.0}, "datetime": {"datetime": "2024-01-19 01:14:25", "elapsed": 3759.670226, "delta": 0.003993}}
{"target": -17.676915437757387, "params": {"gamma": 973.5228003576666, "log10_alpha": -1.2062922011492567, "log10_colsample_bytree": -0.06214609692668638, "log10_eta": -2.9993766245942086, "log10_lambda": 0.610772245885145, "log10_min_child_weight": 4.959197529643445, "log10_subsample": -0.07615027633271243, "max_depth": 3.0, "num_boost_round": 48.0}, "datetime": {"datetime": "2024-01-19 01:14:25", "elapsed": 3759.674273, "delta": 0.004047}}
{"target": -17.676913113218372, "params": {"gamma": 973.5228003576666, "log10_alpha": -1.2062922011492567, "log10_colsample_bytree": -0.06214609692668638, "log10_eta": -2.9993766245942086, "log10_lambda": 0.610772245885145, "log10_min_child_weight": 4.959197529643445, "log10_subsample": -0.07615027633271243, "max_depth": 3.0, "num_boost_round": 49.0}, "datetime": {"datetime": "2024-01-19 01:14:25", "elapsed": 3759.678296, "delta": 0.004023}}
{"target": -17.676904778140877, "params": {"gamma": 973.5228003576666, "log10_alpha": -1.2062922011492567, "log10_colsample_bytree": -0.06214609692668638, "log10_eta": -2.9993766245942086, "log10_lambda": 0.610772245885145, "log10_min_child_weight": 4.959197529643445, "log10_subsample": -0.07615027633271243, "max_depth": 3.0, "num_boost_round": 50.0}, "datetime": {"datetime": "2024-01-19 01:14:25", "elapsed": 3759.682322, "delta": 0.004026}}
{"target": -17.67723386797959, "params": {"gamma": 968.4148749570519, "log10_alpha": -2.6860631180548564, "log10_colsample_bytree": -0.05564370790301887, "log10_eta": -3.885540064065667, "log10_lambda": -0.2511844550675493, "log10_min_child_weight": 3.586989555959286, "log10_subsample": -0.9633188420545303, "max_depth": 6.0, "num_boost_round": 0.0}, "datetime": {"datetime": "2024-01-19 01:15:27", "elapsed": 3821.215901, "delta": 61.533579}}
{"target": -17.67723215335967, "params": {"gamma": 968.4148749570519, "log10_alpha": -2.6860631180548564, "log10_colsample_bytree": -0.05564370790301887, "log10_eta": -3.885540064065667, "log10_lambda": -0.2511844550675493, "log10_min_child_weight": 3.586989555959286, "log10_subsample": -0.9633188420545303, "max_depth": 6.0, "num_boost_round": 1.0}, "datetime": {"datetime": "2024-01-19 01:15:27", "elapsed": 3821.221633, "delta": 0.005732}}
{"target": -17.677228995532868, "params": {"gamma": 968.4148749570519, "log10_alpha": -2.6860631180548564, "log10_colsample_bytree": -0.05564370790301887, "log10_eta": -3.885540064065667, "log10_lambda": -0.2511844550675493, "log10_min_child_weight": 3.586989555959286, "log10_subsample": -0.9633188420545303, "max_depth": 6.0, "num_boost_round": 2.0}, "datetime": {"datetime": "2024-01-19 01:15:27", "elapsed": 3821.226088, "delta": 0.004455}}
{"target": -17.67723357471755, "params": {"gamma": 968.4148749570519, "log10_alpha": -2.6860631180548564, "log10_colsample_bytree": -0.05564370790301887, "log10_eta": -3.885540064065667, "log10_lambda": -0.2511844550675493, "log10_min_child_weight": 3.586989555959286, "log10_subsample": -0.9633188420545303, "max_depth": 6.0, "num_boost_round": 3.0}, "datetime": {"datetime": "2024-01-19 01:15:27", "elapsed": 3821.230252, "delta": 0.004164}}
{"target": -17.677234977469173, "params": {"gamma": 968.4148749570519, "log10_alpha": -2.6860631180548564, "log10_colsample_bytree": -0.05564370790301887, "log10_eta": -3.885540064065667, "log10_lambda": -0.2511844550675493, "log10_min_child_weight": 3.586989555959286, "log10_subsample": -0.9633188420545303, "max_depth": 6.0, "num_boost_round": 4.0}, "datetime": {"datetime": "2024-01-19 01:15:27", "elapsed": 3821.234669, "delta": 0.004417}}
{"target": -17.677240108741145, "params": {"gamma": 968.4148749570519, "log10_alpha": -2.6860631180548564, "log10_colsample_bytree": -0.05564370790301887, "log10_eta": -3.885540064065667, "log10_lambda": -0.2511844550675493, "log10_min_child_weight": 3.586989555959286, "log10_subsample": -0.9633188420545303, "max_depth": 6.0, "num_boost_round": 5.0}, "datetime": {"datetime": "2024-01-19 01:15:27", "elapsed": 3821.238928, "delta": 0.004259}}
{"target": -17.677234701061646, "params": {"gamma": 968.4148749570519, "log10_alpha": -2.6860631180548564, "log10_colsample_bytree": -0.05564370790301887, "log10_eta": -3.885540064065667, "log10_lambda": -0.2511844550675493, "log10_min_child_weight": 3.586989555959286, "log10_subsample": -0.9633188420545303, "max_depth": 6.0, "num_boost_round": 6.0}, "datetime": {"datetime": "2024-01-19 01:15:27", "elapsed": 3821.243071, "delta": 0.004143}}
{"target": -17.677233323592336, "params": {"gamma": 968.4148749570519, "log10_alpha": -2.6860631180548564, "log10_colsample_bytree": -0.05564370790301887, "log10_eta": -3.885540064065667, "log10_lambda": -0.2511844550675493, "log10_min_child_weight": 3.586989555959286, "log10_subsample": -0.9633188420545303, "max_depth": 6.0, "num_boost_round": 7.0}, "datetime": {"datetime": "2024-01-19 01:15:27", "elapsed": 3821.247162, "delta": 0.004091}}
{"target": -17.677233112073917, "params": {"gamma": 968.4148749570519, "log10_alpha": -2.6860631180548564, "log10_colsample_bytree": -0.05564370790301887, "log10_eta": -3.885540064065667, "log10_lambda": -0.2511844550675493, "log10_min_child_weight": 3.586989555959286, "log10_subsample": -0.9633188420545303, "max_depth": 6.0, "num_boost_round": 8.0}, "datetime": {"datetime": "2024-01-19 01:15:27", "elapsed": 3821.251421, "delta": 0.004259}}
{"target": -17.677232186641067, "params": {"gamma": 968.4148749570519, "log10_alpha": -2.6860631180548564, "log10_colsample_bytree": -0.05564370790301887, "log10_eta": -3.885540064065667, "log10_lambda": -0.2511844550675493, "log10_min_child_weight": 3.586989555959286, "log10_subsample": -0.9633188420545303, "max_depth": 6.0, "num_boost_round": 9.0}, "datetime": {"datetime": "2024-01-19 01:15:27", "elapsed": 3821.255482, "delta": 0.004061}}
{"target": -17.6772304912411, "params": {"gamma": 968.4148749570519, "log10_alpha": -2.6860631180548564, "log10_colsample_bytree": -0.05564370790301887, "log10_eta": -3.885540064065667, "log10_lambda": -0.2511844550675493, "log10_min_child_weight": 3.586989555959286, "log10_subsample": -0.9633188420545303, "max_depth": 6.0, "num_boost_round": 10.0}, "datetime": {"datetime": "2024-01-19 01:15:27", "elapsed": 3821.259555, "delta": 0.004073}}
{"target": -17.677229916342576, "params": {"gamma": 968.4148749570519, "log10_alpha": -2.6860631180548564, "log10_colsample_bytree": -0.05564370790301887, "log10_eta": -3.885540064065667, "log10_lambda": -0.2511844550675493, "log10_min_child_weight": 3.586989555959286, "log10_subsample": -0.9633188420545303, "max_depth": 6.0, "num_boost_round": 11.0}, "datetime": {"datetime": "2024-01-19 01:15:27", "elapsed": 3821.263733, "delta": 0.004178}}
{"target": -17.677226823949844, "params": {"gamma": 968.4148749570519, "log10_alpha": -2.6860631180548564, "log10_colsample_bytree": -0.05564370790301887, "log10_eta": -3.885540064065667, "log10_lambda": -0.2511844550675493, "log10_min_child_weight": 3.586989555959286, "log10_subsample": -0.9633188420545303, "max_depth": 6.0, "num_boost_round": 12.0}, "datetime": {"datetime": "2024-01-19 01:15:27", "elapsed": 3821.267818, "delta": 0.004085}}
{"target": -17.67722608755498, "params": {"gamma": 968.4148749570519, "log10_alpha": -2.6860631180548564, "log10_colsample_bytree": -0.05564370790301887, "log10_eta": -3.885540064065667, "log10_lambda": -0.2511844550675493, "log10_min_child_weight": 3.586989555959286, "log10_subsample": -0.9633188420545303, "max_depth": 6.0, "num_boost_round": 13.0}, "datetime": {"datetime": "2024-01-19 01:15:27", "elapsed": 3821.27194, "delta": 0.004122}}
{"target": -17.677229550734783, "params": {"gamma": 968.4148749570519, "log10_alpha": -2.6860631180548564, "log10_colsample_bytree": -0.05564370790301887, "log10_eta": -3.885540064065667, "log10_lambda": -0.2511844550675493, "log10_min_child_weight": 3.586989555959286, "log10_subsample": -0.9633188420545303, "max_depth": 6.0, "num_boost_round": 14.0}, "datetime": {"datetime": "2024-01-19 01:15:27", "elapsed": 3821.275997, "delta": 0.004057}}
{"target": -17.677228975662263, "params": {"gamma": 968.4148749570519, "log10_alpha": -2.6860631180548564, "log10_colsample_bytree": -0.05564370790301887, "log10_eta": -3.885540064065667, "log10_lambda": -0.2511844550675493, "log10_min_child_weight": 3.586989555959286, "log10_subsample": -0.9633188420545303, "max_depth": 6.0, "num_boost_round": 15.0}, "datetime": {"datetime": "2024-01-19 01:15:27", "elapsed": 3821.279989, "delta": 0.003992}}
{"target": -17.67722976572917, "params": {"gamma": 968.4148749570519, "log10_alpha": -2.6860631180548564, "log10_colsample_bytree": -0.05564370790301887, "log10_eta": -3.885540064065667, "log10_lambda": -0.2511844550675493, "log10_min_child_weight": 3.586989555959286, "log10_subsample": -0.9633188420545303, "max_depth": 6.0, "num_boost_round": 16.0}, "datetime": {"datetime": "2024-01-19 01:15:27", "elapsed": 3821.283993, "delta": 0.004004}}
{"target": -17.67723345383865, "params": {"gamma": 968.4148749570519, "log10_alpha": -2.6860631180548564, "log10_colsample_bytree": -0.05564370790301887, "log10_eta": -3.885540064065667, "log10_lambda": -0.2511844550675493, "log10_min_child_weight": 3.586989555959286, "log10_subsample": -0.9633188420545303, "max_depth": 6.0, "num_boost_round": 17.0}, "datetime": {"datetime": "2024-01-19 01:15:27", "elapsed": 3821.288018, "delta": 0.004025}}
