{"target": -17.677207676598346, "params": {"gamma": 629.0131330198, "log10_alpha": -1.6548791003231842, "log10_colsample_bytree": -0.2585276247613316, "log10_eta": -3.416392874682638, "log10_lambda": -3.2112083588523843, "log10_min_child_weight": 4.766925226434652, "log10_subsample": -0.8445424536846626, "max_depth": 9.0, "num_boost_round": 13.0}, "datetime": {"datetime": "2024-01-19 01:08:29", "elapsed": 3407.212749, "delta": 0.003536}}
{"target": -17.6772064733444, "params": {"gamma": 629.0131330198, "log10_alpha": -1.6548791003231842, "log10_colsample_bytree": -0.2585276247613316, "log10_eta": -3.416392874682638, "log10_lambda": -3.2112083588523843, "log10_min_child_weight": 4.766925226434652, "log10_subsample": -0.8445424536846626, "max_depth": 9.0, "num_boost_round": 14.0}, "datetime": {"datetime": "2024-01-19 01:08:29", "elapsed": 3407.21625, "delta": 0.003501}}
{"target": -17.677204400964595, "params": {"gamma": 629.0131330198, "log10_alpha": -1.6548791003231842, "log10_colsample_bytree": -0.2585276247613316, "log10_eta": -3.416392874682638, "log10_lambda": -3.2112083588523843, "log10_min_child_weight": 4.766925226434652, "log10_subsample": -0.8445424536846626, "max_depth": 9.0, "num_boost_round": 15.0}, "datetime": {"datetime": "2024-01-19 01:08:29", "elapsed": 3407.219778, "delta": 0.003528}}
{"target": -17.6772053434819, "params": {"gamma": 629.0131330198, "log10_alpha": -1.6548791003231842, "log10_colsample_bytree": -0.2585276247613316, "log10_eta": -3.416392874682638, "log10_lambda": -3.2112083588523843, "log10_min_child_weight": 4.766925226434652, "log10_subsample": -0.8445424536846626, "max_depth": 9.0, "num_boost_round": 16.0}, "datetime": {"datetime": "2024-01-19 01:08:29", "elapsed": 3407.223251, "delta": 0.003473}}
{"target": -17.677204019636978, "params": {"gamma": 629.0131330198, "log10_alpha": -1.6548791003231842, "log10_colsample_bytree": -0.2585276247613316, "log10_eta": -3.416392874682638, "log10_lambda": -3.2112083588523843, "log10_min_child_weight": 4.766925226434652, "log10_subsample": -0.8445424536846626, "max_depth": 9.0, "num_boost_round": 17.0}, "datetime": {"datetime": "2024-01-19 01:08:29", "elapsed": 3407.226713, "delta": 0.003462}}
{"target": -17.67720412028894, "params": {"gamma": 629.0131330198, "log10_alpha": -1.6548791003231842, "log10_colsample_bytree": -0.2585276247613316, "log10_eta": -3.416392874682638, "log10_lambda": -3.2112083588523843, "log10_min_child_weight": 4.766925226434652, "log10_subsample": -0.8445424536846626, "max_depth": 9.0, "num_boost_round": 18.0}, "datetime": {"datetime": "2024-01-19 01:08:29", "elapsed": 3407.230357, "delta": 0.003644}}
{"target": -17.677202082737097, "params": {"gamma": 629.0131330198, "log10_alpha": -1.6548791003231842, "log10_colsample_bytree": -0.2585276247613316, "log10_eta": -3.416392874682638, "log10_lambda": -3.2112083588523843, "log10_min_child_weight": 4.766925226434652, "log10_subsample": -0.8445424536846626, "max_depth": 9.0, "num_boost_round": 19.0}, "datetime": {"datetime": "2024-01-19 01:08:29", "elapsed": 3407.234016, "delta": 0.003659}}
{"target": -17.677199322693095, "params": {"gamma": 629.0131330198, "log10_alpha": -1.6548791003231842, "log10_colsample_bytree": -0.2585276247613316, "log10_eta": -3.416392874682638, "log10_lambda": -3.2112083588523843, "log10_min_child_weight": 4.766925226434652, "log10_subsample": -0.8445424536846626, "max_depth": 9.0, "num_boost_round": 20.0}, "datetime": {"datetime": "2024-01-19 01:08:29", "elapsed": 3407.23761, "delta": 0.003594}}
{"target": -17.67719922043122, "params": {"gamma": 629.0131330198, "log10_alpha": -1.6548791003231842, "log10_colsample_bytree": -0.2585276247613316, "log10_eta": -3.416392874682638, "log10_lambda": -3.2112083588523843, "log10_min_child_weight": 4.766925226434652, "log10_subsample": -0.8445424536846626, "max_depth": 9.0, "num_boost_round": 21.0}, "datetime": {"datetime": "2024-01-19 01:08:29", "elapsed": 3407.241161, "delta": 0.003551}}
{"target": -17.67719536530958, "params": {"gamma": 629.0131330198, "log10_alpha": -1.6548791003231842, "log10_colsample_bytree": -0.2585276247613316, "log10_eta": -3.416392874682638, "log10_lambda": -3.2112083588523843, "log10_min_child_weight": 4.766925226434652, "log10_subsample": -0.8445424536846626, "max_depth": 9.0, "num_boost_round": 22.0}, "datetime": {"datetime": "2024-01-19 01:08:29", "elapsed": 3407.244693, "delta": 0.003532}}
{"target": -17.677192511373498, "params": {"gamma": 629.0131330198, "log10_alpha": -1.6548791003231842, "log10_colsample_bytree": -0.2585276247613316, "log10_eta": -3.416392874682638, "log10_lambda": -3.2112083588523843, "log10_min_child_weight": 4.766925226434652, "log10_subsample": -0.8445424536846626, "max_depth": 9.0, "num_boost_round": 23.0}, "datetime": {"datetime": "2024-01-19 01:08:29", "elapsed": 3407.248218, "delta": 0.003525}}
{"target": -17.677192515867958, "params": {"gamma": 629.0131330198, "log10_alpha": -1.6548791003231842, "log10_colsample_bytree": -0.2585276247613316, "log10_eta": -3.416392874682638, "log10_lambda": -3.2112083588523843, "log10_min_child_weight": 4.766925226434652, "log10_subsample": -0.8445424536846626, "max_depth": 9.0, "num_boost_round": 24.0}, "datetime": {"datetime": "2024-01-19 01:08:29", "elapsed": 3407.251868, "delta": 0.00365}}
{"target": -17.67719024507273, "params": {"gamma": 629.0131330198, "log10_alpha": -1.6548791003231842, "log10_colsample_bytree": -0.2585276247613316, "log10_eta": -3.416392874682638, "log10_lambda": -3.2112083588523843, "log10_min_child_weight": 4.766925226434652, "log10_subsample": -0.8445424536846626, "max_depth": 9.0, "num_boost_round": 25.0}, "datetime": {"datetime": "2024-01-19 01:08:29", "elapsed": 3407.255427, "delta": 0.003559}}
{"target": -17.67718740167536, "params": {"gamma": 629.0131330198, "log10_alpha": -1.6548791003231842, "log10_colsample_bytree": -0.2585276247613316, "log10_eta": -3.416392874682638, "log10_lambda": -3.2112083588523843, "log10_min_child_weight": 4.766925226434652, "log10_subsample": -0.8445424536846626, "max_depth": 9.0, "num_boost_round": 26.0}, "datetime": {"datetime": "2024-01-19 01:08:29", "elapsed": 3407.258936, "delta": 0.003509}}
{"target": -17.67718395384217, "params": {"gamma": 629.0131330198, "log10_alpha": -1.6548791003231842, "log10_colsample_bytree": -0.2585276247613316, "log10_eta": -3.416392874682638, "log10_lambda": -3.2112083588523843, "log10_min_child_weight": 4.766925226434652, "log10_subsample": -0.8445424536846626, "max_depth": 9.0, "num_boost_round": 27.0}, "datetime": {"datetime": "2024-01-19 01:08:29", "elapsed": 3407.262492, "delta": 0.003556}}
{"target": -17.677180705763917, "params": {"gamma": 629.0131330198, "log10_alpha": -1.6548791003231842, "log10_colsample_bytree": -0.2585276247613316, "log10_eta": -3.416392874682638, "log10_lambda": -3.2112083588523843, "log10_min_child_weight": 4.766925226434652, "log10_subsample": -0.8445424536846626, "max_depth": 9.0, "num_boost_round": 28.0}, "datetime": {"datetime": "2024-01-19 01:08:29", "elapsed": 3407.266024, "delta": 0.003532}}
{"target": -17.67717948703956, "params": {"gamma": 629.0131330198, "log10_alpha": -1.6548791003231842, "log10_colsample_bytree": -0.2585276247613316, "log10_eta": -3.416392874682638, "log10_lambda": -3.2112083588523843, "log10_min_child_weight": 4.766925226434652, "log10_subsample": -0.8445424536846626, "max_depth": 9.0, "num_boost_round": 29.0}, "datetime": {"datetime": "2024-01-19 01:08:29", "elapsed": 3407.269763, "delta": 0.003739}}
{"target": -17.67717755851405, "params": {"gamma": 629.0131330198, "log10_alpha": -1.6548791003231842, "log10_colsample_bytree": -0.2585276247613316, "log10_eta": -3.416392874682638, "log10_lambda": -3.2112083588523843, "log10_min_child_weight": 4.766925226434652, "log10_subsample": -0.8445424536846626, "max_depth": 9.0, "num_boost_round": 30.0}, "datetime": {"datetime": "2024-01-19 01:08:29", "elapsed": 3407.273371, "delta": 0.003608}}
{"target": -17.67722995804261, "params": {"gamma": 601.2285891422392, "log10_alpha": -0.43723494340674396, "log10_colsample_bytree": -0.1636814103694233, "log10_eta": -3.99225397835565, "log10_lambda": -2.258470910471649, "log10_min_child_weight": 1.6801139792269981, "log10_subsample": -0.5832642025937231, "max_depth": 2.0, "num_boost_round": 0.0}, "datetime": {"datetime": "2024-01-19 01:09:15", "elapsed": 3453.17403, "delta": 45.900659}}
{"target": -17.67722700265479, "params": {"gamma": 601.2285891422392, "log10_alpha": -0.43723494340674396, "log10_colsample_bytree": -0.1636814103694233, "log10_eta": -3.99225397835565, "log10_lambda": -2.258470910471649, "log10_min_child_weight": 1.6801139792269981, "log10_subsample": -0.5832642025937231, "max_depth": 2.0, "num_boost_round": 1.0}, "datetime": {"datetime": "2024-01-19 01:09:15", "elapsed": 3453.178456, "delta": 0.004426}}
{"target": -17.677223914018874, "params": {"gamma": 601.2285891422392, "log10_alpha": -0.43723494340674396, "log10_colsample_bytree": -0.1636814103694233, "log10_eta": -3.99225397835565, "log10_lambda": -2.258470910471649, "log10_min_child_weight": 1.6801139792269981, "log10_subsample": -0.5832642025937231, "max_depth": 2.0, "num_boost_round": 2.0}, "datetime": {"datetime": "2024-01-19 01:09:15", "elapsed": 3453.182095, "delta": 0.003639}}
{"target": -17.677221860172512, "params": {"gamma": 601.2285891422392, "log10_alpha": -0.43723494340674396, "log10_colsample_bytree": -0.1636814103694233, "log10_eta": -3.99225397835565, "log10_lambda": -2.258470910471649, "log10_min_child_weight": 1.6801139792269981, "log10_subsample": -0.5832642025937231, "max_depth": 2.0, "num_boost_round": 3.0}, "datetime": {"datetime": "2024-01-19 01:09:15", "elapsed": 3453.185634, "delta": 0.003539}}
{"target": -17.677219881753135, "params": {"gamma": 601.2285891422392, "log10_alpha": -0.43723494340674396, "log10_colsample_bytree": -0.1636814103694233, "log10_eta": -3.99225397835565, "log10_lambda": -2.258470910471649, "log10_min_child_weight": 1.6801139792269981, "log10_subsample": -0.5832642025937231, "max_depth": 2.0, "num_boost_round": 4.0}, "datetime": {"datetime": "2024-01-19 01:09:15", "elapsed": 3453.189184, "delta": 0.00355}}
{"target": -17.677216856718452, "params": {"gamma": 601.2285891422392, "log10_alpha": -0.43723494340674396, "log10_colsample_bytree": -0.1636814103694233, "log10_eta": -3.99225397835565, "log10_lambda": -2.258470910471649, "log10_min_child_weight": 1.6801139792269981, "log10_subsample": -0.5832642025937231, "max_depth": 2.0, "num_boost_round": 5.0}, "datetime": {"datetime": "2024-01-19 01:09:15", "elapsed": 3453.192686, "delta": 0.003502}}
{"target": -17.677212879921647, "params": {"gamma": 601.2285891422392, "log10_alpha": -0.43723494340674396, "log10_colsample_bytree": -0.1636814103694233, "log10_eta": -3.99225397835565, "log10_lambda": -2.258470910471649, "log10_min_child_weight": 1.6801139792269981, "log10_subsample": -0.5832642025937231, "max_depth": 2.0, "num_boost_round": 6.0}, "datetime": {"datetime": "2024-01-19 01:09:15", "elapsed": 3453.196253, "delta": 0.003567}}
{"target": -17.677209778755763, "params": {"gamma": 601.2285891422392, "log10_alpha": -0.43723494340674396, "log10_colsample_bytree": -0.1636814103694233, "log10_eta": -3.99225397835565, "log10_lambda": -2.258470910471649, "log10_min_child_weight": 1.6801139792269981, "log10_subsample": -0.5832642025937231, "max_depth": 2.0, "num_boost_round": 7.0}, "datetime": {"datetime": "2024-01-19 01:09:15", "elapsed": 3453.199927, "delta": 0.003674}}
{"target": -17.677206753870617, "params": {"gamma": 601.2285891422392, "log10_alpha": -0.43723494340674396, "log10_colsample_bytree": -0.1636814103694233, "log10_eta": -3.99225397835565, "log10_lambda": -2.258470910471649, "log10_min_child_weight": 1.6801139792269981, "log10_subsample": -0.5832642025937231, "max_depth": 2.0, "num_boost_round": 8.0}, "datetime": {"datetime": "2024-01-19 01:09:15", "elapsed": 3453.203432, "delta": 0.003505}}
{"target": -17.677205074995506, "params": {"gamma": 601.2285891422392, "log10_alpha": -0.43723494340674396, "log10_colsample_bytree": -0.1636814103694233, "log10_eta": -3.99225397835565, "log10_lambda": -2.258470910471649, "log10_min_child_weight": 1.6801139792269981, "log10_subsample": -0.5832642025937231, "max_depth": 2.0, "num_boost_round": 9.0}, "datetime": {"datetime": "2024-01-19 01:09:15", "elapsed": 3453.206912, "delta": 0.00348}}
{"target": -17.676152631218056, "params": {"gamma": 615.8372764545488, "log10_alpha": -3.791330481341851, "log10_colsample_bytree": -0.39780660442725235, "log10_eta": -1.1075249637750662, "log10_lambda": -0.596992847122233, "log10_min_child_weight": 4.72917986992736, "log10_subsample": -0.2220491015134679, "max_depth": 6.0, "num_boost_round": 0.0}, "datetime": {"datetime": "2024-01-19 01:09:56", "elapsed": 3493.543103, "delta": 40.336191}}
{"target": -17.67591214619585, "params": {"gamma": 615.8372764545488, "log10_alpha": -3.791330481341851, "log10_colsample_bytree": -0.39780660442725235, "log10_eta": -1.1075249637750662, "log10_lambda": -0.596992847122233, "log10_min_child_weight": 4.72917986992736, "log10_subsample": -0.2220491015134679, "max_depth": 6.0, "num_boost_round": 1.0}, "datetime": {"datetime": "2024-01-19 01:09:56", "elapsed": 3493.547249, "delta": 0.004146}}
{"target": -17.676435447354063, "params": {"gamma": 615.8372764545488, "log10_alpha": -3.791330481341851, "log10_colsample_bytree": -0.39780660442725235, "log10_eta": -1.1075249637750662, "log10_lambda": -0.596992847122233, "log10_min_child_weight": 4.72917986992736, "log10_subsample": -0.2220491015134679, "max_depth": 6.0, "num_boost_round": 2.0}, "datetime": {"datetime": "2024-01-19 01:09:56", "elapsed": 3493.550859, "delta": 0.00361}}
{"target": -17.676390921683733, "params": {"gamma": 615.8372764545488, "log10_alpha": -3.791330481341851, "log10_colsample_bytree": -0.39780660442725235, "log10_eta": -1.1075249637750662, "log10_lambda": -0.596992847122233, "log10_min_child_weight": 4.72917986992736, "log10_subsample": -0.2220491015134679, "max_depth": 6.0, "num_boost_round": 3.0}, "datetime": {"datetime": "2024-01-19 01:09:56", "elapsed": 3493.554347, "delta": 0.003488}}
{"target": -17.67676604138668, "params": {"gamma": 615.8372764545488, "log10_alpha": -3.791330481341851, "log10_colsample_bytree": -0.39780660442725235, "log10_eta": -1.1075249637750662, "log10_lambda": -0.596992847122233, "log10_min_child_weight": 4.72917986992736, "log10_subsample": -0.2220491015134679, "max_depth": 6.0, "num_boost_round": 4.0}, "datetime": {"datetime": "2024-01-19 01:09:56", "elapsed": 3493.557851, "delta": 0.003504}}
{"target": -17.67742275962044, "params": {"gamma": 615.8372764545488, "log10_alpha": -3.791330481341851, "log10_colsample_bytree": -0.39780660442725235, "log10_eta": -1.1075249637750662, "log10_lambda": -0.596992847122233, "log10_min_child_weight": 4.72917986992736, "log10_subsample": -0.2220491015134679, "max_depth": 6.0, "num_boost_round": 5.0}, "datetime": {"datetime": "2024-01-19 01:09:56", "elapsed": 3493.561352, "delta": 0.003501}}
{"target": -17.67805036910014, "params": {"gamma": 615.8372764545488, "log10_alpha": -3.791330481341851, "log10_colsample_bytree": -0.39780660442725235, "log10_eta": -1.1075249637750662, "log10_lambda": -0.596992847122233, "log10_min_child_weight": 4.72917986992736, "log10_subsample": -0.2220491015134679, "max_depth": 6.0, "num_boost_round": 6.0}, "datetime": {"datetime": "2024-01-19 01:09:56", "elapsed": 3493.564825, "delta": 0.003473}}
{"target": -17.67885296414079, "params": {"gamma": 615.8372764545488, "log10_alpha": -3.791330481341851, "log10_colsample_bytree": -0.39780660442725235, "log10_eta": -1.1075249637750662, "log10_lambda": -0.596992847122233, "log10_min_child_weight": 4.72917986992736, "log10_subsample": -0.2220491015134679, "max_depth": 6.0, "num_boost_round": 7.0}, "datetime": {"datetime": "2024-01-19 01:09:56", "elapsed": 3493.568334, "delta": 0.003509}}
{"target": -17.679774306638233, "params": {"gamma": 615.8372764545488, "log10_alpha": -3.791330481341851, "log10_colsample_bytree": -0.39780660442725235, "log10_eta": -1.1075249637750662, "log10_lambda": -0.596992847122233, "log10_min_child_weight": 4.72917986992736, "log10_subsample": -0.2220491015134679, "max_depth": 6.0, "num_boost_round": 8.0}, "datetime": {"datetime": "2024-01-19 01:09:56", "elapsed": 3493.572219, "delta": 0.003885}}
{"target": -17.67965113720833, "params": {"gamma": 615.8372764545488, "log10_alpha": -3.791330481341851, "log10_colsample_bytree": -0.39780660442725235, "log10_eta": -1.1075249637750662, "log10_lambda": -0.596992847122233, "log10_min_child_weight": 4.72917986992736, "log10_subsample": -0.2220491015134679, "max_depth": 6.0, "num_boost_round": 9.0}, "datetime": {"datetime": "2024-01-19 01:09:56", "elapsed": 3493.575651, "delta": 0.003432}}
{"target": -17.679683763841457, "params": {"gamma": 615.8372764545488, "log10_alpha": -3.791330481341851, "log10_colsample_bytree": -0.39780660442725235, "log10_eta": -1.1075249637750662, "log10_lambda": -0.596992847122233, "log10_min_child_weight": 4.72917986992736, "log10_subsample": -0.2220491015134679, "max_depth": 6.0, "num_boost_round": 10.0}, "datetime": {"datetime": "2024-01-19 01:09:56", "elapsed": 3493.579375, "delta": 0.003724}}
{"target": -17.67995919829349, "params": {"gamma": 615.8372764545488, "log10_alpha": -3.791330481341851, "log10_colsample_bytree": -0.39780660442725235, "log10_eta": -1.1075249637750662, "log10_lambda": -0.596992847122233, "log10_min_child_weight": 4.72917986992736, "log10_subsample": -0.2220491015134679, "max_depth": 6.0, "num_boost_round": 11.0}, "datetime": {"datetime": "2024-01-19 01:09:56", "elapsed": 3493.582862, "delta": 0.003487}}
{"target": -17.68065648040926, "params": {"gamma": 615.8372764545488, "log10_alpha": -3.791330481341851, "log10_colsample_bytree": -0.39780660442725235, "log10_eta": -1.1075249637750662, "log10_lambda": -0.596992847122233, "log10_min_child_weight": 4.72917986992736, "log10_subsample": -0.2220491015134679, "max_depth": 6.0, "num_boost_round": 12.0}, "datetime": {"datetime": "2024-01-19 01:09:56", "elapsed": 3493.586281, "delta": 0.003419}}
{"target": -17.681834569943017, "params": {"gamma": 615.8372764545488, "log10_alpha": -3.791330481341851, "log10_colsample_bytree": -0.39780660442725235, "log10_eta": -1.1075249637750662, "log10_lambda": -0.596992847122233, "log10_min_child_weight": 4.72917986992736, "log10_subsample": -0.2220491015134679, "max_depth": 6.0, "num_boost_round": 13.0}, "datetime": {"datetime": "2024-01-19 01:09:56", "elapsed": 3493.58978, "delta": 0.003499}}
{"target": -17.681403671933598, "params": {"gamma": 615.8372764545488, "log10_alpha": -3.791330481341851, "log10_colsample_bytree": -0.39780660442725235, "log10_eta": -1.1075249637750662, "log10_lambda": -0.596992847122233, "log10_min_child_weight": 4.72917986992736, "log10_subsample": -0.2220491015134679, "max_depth": 6.0, "num_boost_round": 14.0}, "datetime": {"datetime": "2024-01-19 01:09:56", "elapsed": 3493.593276, "delta": 0.003496}}
{"target": -17.681907502274424, "params": {"gamma": 615.8372764545488, "log10_alpha": -3.791330481341851, "log10_colsample_bytree": -0.39780660442725235, "log10_eta": -1.1075249637750662, "log10_lambda": -0.596992847122233, "log10_min_child_weight": 4.72917986992736, "log10_subsample": -0.2220491015134679, "max_depth": 6.0, "num_boost_round": 15.0}, "datetime": {"datetime": "2024-01-19 01:09:56", "elapsed": 3493.596688, "delta": 0.003412}}
{"target": -17.68188969310874, "params": {"gamma": 615.8372764545488, "log10_alpha": -3.791330481341851, "log10_colsample_bytree": -0.39780660442725235, "log10_eta": -1.1075249637750662, "log10_lambda": -0.596992847122233, "log10_min_child_weight": 4.72917986992736, "log10_subsample": -0.2220491015134679, "max_depth": 6.0, "num_boost_round": 16.0}, "datetime": {"datetime": "2024-01-19 01:09:56", "elapsed": 3493.600158, "delta": 0.00347}}
{"target": -17.682497963995463, "params": {"gamma": 615.8372764545488, "log10_alpha": -3.791330481341851, "log10_colsample_bytree": -0.39780660442725235, "log10_eta": -1.1075249637750662, "log10_lambda": -0.596992847122233, "log10_min_child_weight": 4.72917986992736, "log10_subsample": -0.2220491015134679, "max_depth": 6.0, "num_boost_round": 17.0}, "datetime": {"datetime": "2024-01-19 01:09:56", "elapsed": 3493.603566, "delta": 0.003408}}
{"target": -17.683195094256778, "params": {"gamma": 615.8372764545488, "log10_alpha": -3.791330481341851, "log10_colsample_bytree": -0.39780660442725235, "log10_eta": -1.1075249637750662, "log10_lambda": -0.596992847122233, "log10_min_child_weight": 4.72917986992736, "log10_subsample": -0.2220491015134679, "max_depth": 6.0, "num_boost_round": 18.0}, "datetime": {"datetime": "2024-01-19 01:09:56", "elapsed": 3493.607002, "delta": 0.003436}}
{"target": -17.682892181033218, "params": {"gamma": 615.8372764545488, "log10_alpha": -3.791330481341851, "log10_colsample_bytree": -0.39780660442725235, "log10_eta": -1.1075249637750662, "log10_lambda": -0.596992847122233, "log10_min_child_weight": 4.72917986992736, "log10_subsample": -0.2220491015134679, "max_depth": 6.0, "num_boost_round": 19.0}, "datetime": {"datetime": "2024-01-19 01:09:56", "elapsed": 3493.610481, "delta": 0.003479}}
{"target": -17.68374052943273, "params": {"gamma": 615.8372764545488, "log10_alpha": -3.791330481341851, "log10_colsample_bytree": -0.39780660442725235, "log10_eta": -1.1075249637750662, "log10_lambda": -0.596992847122233, "log10_min_child_weight": 4.72917986992736, "log10_subsample": -0.2220491015134679, "max_depth": 6.0, "num_boost_round": 20.0}, "datetime": {"datetime": "2024-01-19 01:09:56", "elapsed": 3493.61396, "delta": 0.003479}}
