{"target": -17.676970622349994, "params": {"gamma": 66.56907178884141, "log10_alpha": -0.015586974944874044, "log10_colsample_bytree": -0.5768833678165611, "log10_eta": -3.095292352555933, "log10_lambda": -3.4375509085763687, "log10_min_child_weight": 1.3833943056467235, "log10_subsample": -0.5963093192367422, "max_depth": 4.0, "num_boost_round": 10.0}, "datetime": {"datetime": "2024-01-19 00:24:13", "elapsed": 760.912515, "delta": 0.001118}}
{"target": -17.676951169364926, "params": {"gamma": 66.56907178884141, "log10_alpha": -0.015586974944874044, "log10_colsample_bytree": -0.5768833678165611, "log10_eta": -3.095292352555933, "log10_lambda": -3.4375509085763687, "log10_min_child_weight": 1.3833943056467235, "log10_subsample": -0.5963093192367422, "max_depth": 4.0, "num_boost_round": 11.0}, "datetime": {"datetime": "2024-01-19 00:24:13", "elapsed": 760.913621, "delta": 0.001106}}
{"target": -17.676924513799932, "params": {"gamma": 66.56907178884141, "log10_alpha": -0.015586974944874044, "log10_colsample_bytree": -0.5768833678165611, "log10_eta": -3.095292352555933, "log10_lambda": -3.4375509085763687, "log10_min_child_weight": 1.3833943056467235, "log10_subsample": -0.5963093192367422, "max_depth": 4.0, "num_boost_round": 12.0}, "datetime": {"datetime": "2024-01-19 00:24:13", "elapsed": 760.914715, "delta": 0.001094}}
{"target": -17.67688112230736, "params": {"gamma": 66.56907178884141, "log10_alpha": -0.015586974944874044, "log10_colsample_bytree": -0.5768833678165611, "log10_eta": -3.095292352555933, "log10_lambda": -3.4375509085763687, "log10_min_child_weight": 1.3833943056467235, "log10_subsample": -0.5963093192367422, "max_depth": 4.0, "num_boost_round": 13.0}, "datetime": {"datetime": "2024-01-19 00:24:13", "elapsed": 760.915817, "delta": 0.001102}}
{"target": -17.6772131210568, "params": {"gamma": 71.94625319969428, "log10_alpha": 0.8871243780004736, "log10_colsample_bytree": -0.5531832791979238, "log10_eta": -3.556566213004043, "log10_lambda": -0.7832780087790736, "log10_min_child_weight": 2.1312248247475534, "log10_subsample": -0.8854932492358201, "max_depth": 8.0, "num_boost_round": 0.0}, "datetime": {"datetime": "2024-01-19 00:24:38", "elapsed": 785.962899, "delta": 25.047082}}
{"target": -17.67719630048397, "params": {"gamma": 71.94625319969428, "log10_alpha": 0.8871243780004736, "log10_colsample_bytree": -0.5531832791979238, "log10_eta": -3.556566213004043, "log10_lambda": -0.7832780087790736, "log10_min_child_weight": 2.1312248247475534, "log10_subsample": -0.8854932492358201, "max_depth": 8.0, "num_boost_round": 1.0}, "datetime": {"datetime": "2024-01-19 00:24:38", "elapsed": 785.964701, "delta": 0.001802}}
{"target": -17.677199061038323, "params": {"gamma": 71.94625319969428, "log10_alpha": 0.8871243780004736, "log10_colsample_bytree": -0.5531832791979238, "log10_eta": -3.556566213004043, "log10_lambda": -0.7832780087790736, "log10_min_child_weight": 2.1312248247475534, "log10_subsample": -0.8854932492358201, "max_depth": 8.0, "num_boost_round": 2.0}, "datetime": {"datetime": "2024-01-19 00:24:38", "elapsed": 785.965864, "delta": 0.001163}}
{"target": -17.677202331462567, "params": {"gamma": 71.94625319969428, "log10_alpha": 0.8871243780004736, "log10_colsample_bytree": -0.5531832791979238, "log10_eta": -3.556566213004043, "log10_lambda": -0.7832780087790736, "log10_min_child_weight": 2.1312248247475534, "log10_subsample": -0.8854932492358201, "max_depth": 8.0, "num_boost_round": 3.0}, "datetime": {"datetime": "2024-01-19 00:24:38", "elapsed": 785.967187, "delta": 0.001323}}
{"target": -17.677192748362057, "params": {"gamma": 71.94625319969428, "log10_alpha": 0.8871243780004736, "log10_colsample_bytree": -0.5531832791979238, "log10_eta": -3.556566213004043, "log10_lambda": -0.7832780087790736, "log10_min_child_weight": 2.1312248247475534, "log10_subsample": -0.8854932492358201, "max_depth": 8.0, "num_boost_round": 4.0}, "datetime": {"datetime": "2024-01-19 00:24:38", "elapsed": 785.968365, "delta": 0.001178}}
{"target": -17.677165229930395, "params": {"gamma": 71.94625319969428, "log10_alpha": 0.8871243780004736, "log10_colsample_bytree": -0.5531832791979238, "log10_eta": -3.556566213004043, "log10_lambda": -0.7832780087790736, "log10_min_child_weight": 2.1312248247475534, "log10_subsample": -0.8854932492358201, "max_depth": 8.0, "num_boost_round": 5.0}, "datetime": {"datetime": "2024-01-19 00:24:38", "elapsed": 785.96949, "delta": 0.001125}}
{"target": -17.677158908789373, "params": {"gamma": 71.94625319969428, "log10_alpha": 0.8871243780004736, "log10_colsample_bytree": -0.5531832791979238, "log10_eta": -3.556566213004043, "log10_lambda": -0.7832780087790736, "log10_min_child_weight": 2.1312248247475534, "log10_subsample": -0.8854932492358201, "max_depth": 8.0, "num_boost_round": 6.0}, "datetime": {"datetime": "2024-01-19 00:24:38", "elapsed": 785.970588, "delta": 0.001098}}
{"target": -17.677152438281166, "params": {"gamma": 71.94625319969428, "log10_alpha": 0.8871243780004736, "log10_colsample_bytree": -0.5531832791979238, "log10_eta": -3.556566213004043, "log10_lambda": -0.7832780087790736, "log10_min_child_weight": 2.1312248247475534, "log10_subsample": -0.8854932492358201, "max_depth": 8.0, "num_boost_round": 7.0}, "datetime": {"datetime": "2024-01-19 00:24:38", "elapsed": 785.971751, "delta": 0.001163}}
{"target": -17.677145105720676, "params": {"gamma": 71.94625319969428, "log10_alpha": 0.8871243780004736, "log10_colsample_bytree": -0.5531832791979238, "log10_eta": -3.556566213004043, "log10_lambda": -0.7832780087790736, "log10_min_child_weight": 2.1312248247475534, "log10_subsample": -0.8854932492358201, "max_depth": 8.0, "num_boost_round": 8.0}, "datetime": {"datetime": "2024-01-19 00:24:38", "elapsed": 785.972863, "delta": 0.001112}}
{"target": -17.677132066841388, "params": {"gamma": 71.94625319969428, "log10_alpha": 0.8871243780004736, "log10_colsample_bytree": -0.5531832791979238, "log10_eta": -3.556566213004043, "log10_lambda": -0.7832780087790736, "log10_min_child_weight": 2.1312248247475534, "log10_subsample": -0.8854932492358201, "max_depth": 8.0, "num_boost_round": 9.0}, "datetime": {"datetime": "2024-01-19 00:24:38", "elapsed": 785.974711, "delta": 0.001848}}
{"target": -17.677127781342488, "params": {"gamma": 71.94625319969428, "log10_alpha": 0.8871243780004736, "log10_colsample_bytree": -0.5531832791979238, "log10_eta": -3.556566213004043, "log10_lambda": -0.7832780087790736, "log10_min_child_weight": 2.1312248247475534, "log10_subsample": -0.8854932492358201, "max_depth": 8.0, "num_boost_round": 10.0}, "datetime": {"datetime": "2024-01-19 00:24:38", "elapsed": 785.976406, "delta": 0.001695}}
{"target": -17.677109845149594, "params": {"gamma": 71.94625319969428, "log10_alpha": 0.8871243780004736, "log10_colsample_bytree": -0.5531832791979238, "log10_eta": -3.556566213004043, "log10_lambda": -0.7832780087790736, "log10_min_child_weight": 2.1312248247475534, "log10_subsample": -0.8854932492358201, "max_depth": 8.0, "num_boost_round": 11.0}, "datetime": {"datetime": "2024-01-19 00:24:38", "elapsed": 785.977661, "delta": 0.001255}}
{"target": -17.677109454871818, "params": {"gamma": 71.94625319969428, "log10_alpha": 0.8871243780004736, "log10_colsample_bytree": -0.5531832791979238, "log10_eta": -3.556566213004043, "log10_lambda": -0.7832780087790736, "log10_min_child_weight": 2.1312248247475534, "log10_subsample": -0.8854932492358201, "max_depth": 8.0, "num_boost_round": 12.0}, "datetime": {"datetime": "2024-01-19 00:24:38", "elapsed": 785.979582, "delta": 0.001921}}
{"target": -17.67710287227354, "params": {"gamma": 71.94625319969428, "log10_alpha": 0.8871243780004736, "log10_colsample_bytree": -0.5531832791979238, "log10_eta": -3.556566213004043, "log10_lambda": -0.7832780087790736, "log10_min_child_weight": 2.1312248247475534, "log10_subsample": -0.8854932492358201, "max_depth": 8.0, "num_boost_round": 13.0}, "datetime": {"datetime": "2024-01-19 00:24:38", "elapsed": 785.980828, "delta": 0.001246}}
{"target": -17.677097877133132, "params": {"gamma": 71.94625319969428, "log10_alpha": 0.8871243780004736, "log10_colsample_bytree": -0.5531832791979238, "log10_eta": -3.556566213004043, "log10_lambda": -0.7832780087790736, "log10_min_child_weight": 2.1312248247475534, "log10_subsample": -0.8854932492358201, "max_depth": 8.0, "num_boost_round": 14.0}, "datetime": {"datetime": "2024-01-19 00:24:38", "elapsed": 785.982075, "delta": 0.001247}}
{"target": -17.677098567174596, "params": {"gamma": 71.94625319969428, "log10_alpha": 0.8871243780004736, "log10_colsample_bytree": -0.5531832791979238, "log10_eta": -3.556566213004043, "log10_lambda": -0.7832780087790736, "log10_min_child_weight": 2.1312248247475534, "log10_subsample": -0.8854932492358201, "max_depth": 8.0, "num_boost_round": 15.0}, "datetime": {"datetime": "2024-01-19 00:24:38", "elapsed": 785.983215, "delta": 0.00114}}
{"target": -17.6770857411104, "params": {"gamma": 71.94625319969428, "log10_alpha": 0.8871243780004736, "log10_colsample_bytree": -0.5531832791979238, "log10_eta": -3.556566213004043, "log10_lambda": -0.7832780087790736, "log10_min_child_weight": 2.1312248247475534, "log10_subsample": -0.8854932492358201, "max_depth": 8.0, "num_boost_round": 16.0}, "datetime": {"datetime": "2024-01-19 00:24:38", "elapsed": 785.98436, "delta": 0.001145}}
{"target": -17.676843728213903, "params": {"gamma": 69.89329613259909, "log10_alpha": 0.09389022548066261, "log10_colsample_bytree": -0.6083829986184135, "log10_eta": -1.977371316764268, "log10_lambda": -1.4871223969321967, "log10_min_child_weight": 0.7758264940154597, "log10_subsample": -0.6330132729357499, "max_depth": 6.0, "num_boost_round": 0.0}, "datetime": {"datetime": "2024-01-19 00:25:04", "elapsed": 812.193212, "delta": 26.208852}}
{"target": -17.67680004315482, "params": {"gamma": 69.89329613259909, "log10_alpha": 0.09389022548066261, "log10_colsample_bytree": -0.6083829986184135, "log10_eta": -1.977371316764268, "log10_lambda": -1.4871223969321967, "log10_min_child_weight": 0.7758264940154597, "log10_subsample": -0.6330132729357499, "max_depth": 6.0, "num_boost_round": 1.0}, "datetime": {"datetime": "2024-01-19 00:25:04", "elapsed": 812.19569, "delta": 0.002478}}
{"target": -17.676781560753152, "params": {"gamma": 69.89329613259909, "log10_alpha": 0.09389022548066261, "log10_colsample_bytree": -0.6083829986184135, "log10_eta": -1.977371316764268, "log10_lambda": -1.4871223969321967, "log10_min_child_weight": 0.7758264940154597, "log10_subsample": -0.6330132729357499, "max_depth": 6.0, "num_boost_round": 2.0}, "datetime": {"datetime": "2024-01-19 00:25:04", "elapsed": 812.197339, "delta": 0.001649}}
{"target": -17.676709707460276, "params": {"gamma": 69.89329613259909, "log10_alpha": 0.09389022548066261, "log10_colsample_bytree": -0.6083829986184135, "log10_eta": -1.977371316764268, "log10_lambda": -1.4871223969321967, "log10_min_child_weight": 0.7758264940154597, "log10_subsample": -0.6330132729357499, "max_depth": 6.0, "num_boost_round": 3.0}, "datetime": {"datetime": "2024-01-19 00:25:04", "elapsed": 812.198628, "delta": 0.001289}}
{"target": -17.67670670208593, "params": {"gamma": 69.89329613259909, "log10_alpha": 0.09389022548066261, "log10_colsample_bytree": -0.6083829986184135, "log10_eta": -1.977371316764268, "log10_lambda": -1.4871223969321967, "log10_min_child_weight": 0.7758264940154597, "log10_subsample": -0.6330132729357499, "max_depth": 6.0, "num_boost_round": 4.0}, "datetime": {"datetime": "2024-01-19 00:25:04", "elapsed": 812.199778, "delta": 0.00115}}
{"target": -17.67645369427991, "params": {"gamma": 69.89329613259909, "log10_alpha": 0.09389022548066261, "log10_colsample_bytree": -0.6083829986184135, "log10_eta": -1.977371316764268, "log10_lambda": -1.4871223969321967, "log10_min_child_weight": 0.7758264940154597, "log10_subsample": -0.6330132729357499, "max_depth": 6.0, "num_boost_round": 5.0}, "datetime": {"datetime": "2024-01-19 00:25:04", "elapsed": 812.200906, "delta": 0.001128}}
{"target": -17.67616284064908, "params": {"gamma": 69.89329613259909, "log10_alpha": 0.09389022548066261, "log10_colsample_bytree": -0.6083829986184135, "log10_eta": -1.977371316764268, "log10_lambda": -1.4871223969321967, "log10_min_child_weight": 0.7758264940154597, "log10_subsample": -0.6330132729357499, "max_depth": 6.0, "num_boost_round": 6.0}, "datetime": {"datetime": "2024-01-19 00:25:04", "elapsed": 812.202027, "delta": 0.001121}}
{"target": -17.676121777824036, "params": {"gamma": 69.89329613259909, "log10_alpha": 0.09389022548066261, "log10_colsample_bytree": -0.6083829986184135, "log10_eta": -1.977371316764268, "log10_lambda": -1.4871223969321967, "log10_min_child_weight": 0.7758264940154597, "log10_subsample": -0.6330132729357499, "max_depth": 6.0, "num_boost_round": 7.0}, "datetime": {"datetime": "2024-01-19 00:25:04", "elapsed": 812.20321, "delta": 0.001183}}
{"target": -17.675957259938343, "params": {"gamma": 69.89329613259909, "log10_alpha": 0.09389022548066261, "log10_colsample_bytree": -0.6083829986184135, "log10_eta": -1.977371316764268, "log10_lambda": -1.4871223969321967, "log10_min_child_weight": 0.7758264940154597, "log10_subsample": -0.6330132729357499, "max_depth": 6.0, "num_boost_round": 8.0}, "datetime": {"datetime": "2024-01-19 00:25:04", "elapsed": 812.204344, "delta": 0.001134}}
{"target": -17.67533043401571, "params": {"gamma": 69.89329613259909, "log10_alpha": 0.09389022548066261, "log10_colsample_bytree": -0.6083829986184135, "log10_eta": -1.977371316764268, "log10_lambda": -1.4871223969321967, "log10_min_child_weight": 0.7758264940154597, "log10_subsample": -0.6330132729357499, "max_depth": 6.0, "num_boost_round": 9.0}, "datetime": {"datetime": "2024-01-19 00:25:04", "elapsed": 812.205466, "delta": 0.001122}}
{"target": -17.674780919755158, "params": {"gamma": 69.89329613259909, "log10_alpha": 0.09389022548066261, "log10_colsample_bytree": -0.6083829986184135, "log10_eta": -1.977371316764268, "log10_lambda": -1.4871223969321967, "log10_min_child_weight": 0.7758264940154597, "log10_subsample": -0.6330132729357499, "max_depth": 6.0, "num_boost_round": 10.0}, "datetime": {"datetime": "2024-01-19 00:25:04", "elapsed": 812.206584, "delta": 0.001118}}
{"target": -17.674508624271887, "params": {"gamma": 69.89329613259909, "log10_alpha": 0.09389022548066261, "log10_colsample_bytree": -0.6083829986184135, "log10_eta": -1.977371316764268, "log10_lambda": -1.4871223969321967, "log10_min_child_weight": 0.7758264940154597, "log10_subsample": -0.6330132729357499, "max_depth": 6.0, "num_boost_round": 11.0}, "datetime": {"datetime": "2024-01-19 00:25:04", "elapsed": 812.207825, "delta": 0.001241}}
{"target": -17.67440407588497, "params": {"gamma": 69.89329613259909, "log10_alpha": 0.09389022548066261, "log10_colsample_bytree": -0.6083829986184135, "log10_eta": -1.977371316764268, "log10_lambda": -1.4871223969321967, "log10_min_child_weight": 0.7758264940154597, "log10_subsample": -0.6330132729357499, "max_depth": 6.0, "num_boost_round": 12.0}, "datetime": {"datetime": "2024-01-19 00:25:04", "elapsed": 812.208964, "delta": 0.001139}}
{"target": -17.674695310151613, "params": {"gamma": 69.89329613259909, "log10_alpha": 0.09389022548066261, "log10_colsample_bytree": -0.6083829986184135, "log10_eta": -1.977371316764268, "log10_lambda": -1.4871223969321967, "log10_min_child_weight": 0.7758264940154597, "log10_subsample": -0.6330132729357499, "max_depth": 6.0, "num_boost_round": 13.0}, "datetime": {"datetime": "2024-01-19 00:25:04", "elapsed": 812.210141, "delta": 0.001177}}
{"target": -17.674593209378152, "params": {"gamma": 69.89329613259909, "log10_alpha": 0.09389022548066261, "log10_colsample_bytree": -0.6083829986184135, "log10_eta": -1.977371316764268, "log10_lambda": -1.4871223969321967, "log10_min_child_weight": 0.7758264940154597, "log10_subsample": -0.6330132729357499, "max_depth": 6.0, "num_boost_round": 14.0}, "datetime": {"datetime": "2024-01-19 00:25:04", "elapsed": 812.211281, "delta": 0.00114}}
{"target": -17.674210369270337, "params": {"gamma": 69.89329613259909, "log10_alpha": 0.09389022548066261, "log10_colsample_bytree": -0.6083829986184135, "log10_eta": -1.977371316764268, "log10_lambda": -1.4871223969321967, "log10_min_child_weight": 0.7758264940154597, "log10_subsample": -0.6330132729357499, "max_depth": 6.0, "num_boost_round": 15.0}, "datetime": {"datetime": "2024-01-19 00:25:04", "elapsed": 812.21241, "delta": 0.001129}}
{"target": -17.67389129940764, "params": {"gamma": 69.89329613259909, "log10_alpha": 0.09389022548066261, "log10_colsample_bytree": -0.6083829986184135, "log10_eta": -1.977371316764268, "log10_lambda": -1.4871223969321967, "log10_min_child_weight": 0.7758264940154597, "log10_subsample": -0.6330132729357499, "max_depth": 6.0, "num_boost_round": 16.0}, "datetime": {"datetime": "2024-01-19 00:25:04", "elapsed": 812.213542, "delta": 0.001132}}
{"target": -17.673879559521072, "params": {"gamma": 69.89329613259909, "log10_alpha": 0.09389022548066261, "log10_colsample_bytree": -0.6083829986184135, "log10_eta": -1.977371316764268, "log10_lambda": -1.4871223969321967, "log10_min_child_weight": 0.7758264940154597, "log10_subsample": -0.6330132729357499, "max_depth": 6.0, "num_boost_round": 17.0}, "datetime": {"datetime": "2024-01-19 00:25:04", "elapsed": 812.214671, "delta": 0.001129}}
{"target": -17.673816934640698, "params": {"gamma": 69.89329613259909, "log10_alpha": 0.09389022548066261, "log10_colsample_bytree": -0.6083829986184135, "log10_eta": -1.977371316764268, "log10_lambda": -1.4871223969321967, "log10_min_child_weight": 0.7758264940154597, "log10_subsample": -0.6330132729357499, "max_depth": 6.0, "num_boost_round": 18.0}, "datetime": {"datetime": "2024-01-19 00:25:04", "elapsed": 812.215885, "delta": 0.001214}}
{"target": -17.673273252895957, "params": {"gamma": 69.89329613259909, "log10_alpha": 0.09389022548066261, "log10_colsample_bytree": -0.6083829986184135, "log10_eta": -1.977371316764268, "log10_lambda": -1.4871223969321967, "log10_min_child_weight": 0.7758264940154597, "log10_subsample": -0.6330132729357499, "max_depth": 6.0, "num_boost_round": 19.0}, "datetime": {"datetime": "2024-01-19 00:25:04", "elapsed": 812.217049, "delta": 0.001164}}
{"target": -17.673165822873777, "params": {"gamma": 69.89329613259909, "log10_alpha": 0.09389022548066261, "log10_colsample_bytree": -0.6083829986184135, "log10_eta": -1.977371316764268, "log10_lambda": -1.4871223969321967, "log10_min_child_weight": 0.7758264940154597, "log10_subsample": -0.6330132729357499, "max_depth": 6.0, "num_boost_round": 20.0}, "datetime": {"datetime": "2024-01-19 00:25:04", "elapsed": 812.218203, "delta": 0.001154}}
{"target": -17.673056834349556, "params": {"gamma": 69.89329613259909, "log10_alpha": 0.09389022548066261, "log10_colsample_bytree": -0.6083829986184135, "log10_eta": -1.977371316764268, "log10_lambda": -1.4871223969321967, "log10_min_child_weight": 0.7758264940154597, "log10_subsample": -0.6330132729357499, "max_depth": 6.0, "num_boost_round": 21.0}, "datetime": {"datetime": "2024-01-19 00:25:04", "elapsed": 812.219345, "delta": 0.001142}}
{"target": -17.67204815113131, "params": {"gamma": 69.89329613259909, "log10_alpha": 0.09389022548066261, "log10_colsample_bytree": -0.6083829986184135, "log10_eta": -1.977371316764268, "log10_lambda": -1.4871223969321967, "log10_min_child_weight": 0.7758264940154597, "log10_subsample": -0.6330132729357499, "max_depth": 6.0, "num_boost_round": 22.0}, "datetime": {"datetime": "2024-01-19 00:25:04", "elapsed": 812.220482, "delta": 0.001137}}
{"target": -17.671889282431845, "params": {"gamma": 69.89329613259909, "log10_alpha": 0.09389022548066261, "log10_colsample_bytree": -0.6083829986184135, "log10_eta": -1.977371316764268, "log10_lambda": -1.4871223969321967, "log10_min_child_weight": 0.7758264940154597, "log10_subsample": -0.6330132729357499, "max_depth": 6.0, "num_boost_round": 23.0}, "datetime": {"datetime": "2024-01-19 00:25:04", "elapsed": 812.221627, "delta": 0.001145}}
{"target": -17.671761096086094, "params": {"gamma": 69.89329613259909, "log10_alpha": 0.09389022548066261, "log10_colsample_bytree": -0.6083829986184135, "log10_eta": -1.977371316764268, "log10_lambda": -1.4871223969321967, "log10_min_child_weight": 0.7758264940154597, "log10_subsample": -0.6330132729357499, "max_depth": 6.0, "num_boost_round": 24.0}, "datetime": {"datetime": "2024-01-19 00:25:04", "elapsed": 812.222819, "delta": 0.001192}}
{"target": -17.67203058057542, "params": {"gamma": 69.89329613259909, "log10_alpha": 0.09389022548066261, "log10_colsample_bytree": -0.6083829986184135, "log10_eta": -1.977371316764268, "log10_lambda": -1.4871223969321967, "log10_min_child_weight": 0.7758264940154597, "log10_subsample": -0.6330132729357499, "max_depth": 6.0, "num_boost_round": 25.0}, "datetime": {"datetime": "2024-01-19 00:25:04", "elapsed": 812.223976, "delta": 0.001157}}
{"target": -17.6766278284843, "params": {"gamma": 71.1127571625244, "log10_alpha": 0.3333212199442457, "log10_colsample_bytree": -0.15458319068995297, "log10_eta": -1.554014621650044, "log10_lambda": -3.8057971899808827, "log10_min_child_weight": 0.41492468321386256, "log10_subsample": -0.23216485954544375, "max_depth": 3.0, "num_boost_round": 0.0}, "datetime": {"datetime": "2024-01-19 00:25:31", "elapsed": 838.919735, "delta": 26.695759}}
{"target": -17.675872984461332, "params": {"gamma": 71.1127571625244, "log10_alpha": 0.3333212199442457, "log10_colsample_bytree": -0.15458319068995297, "log10_eta": -1.554014621650044, "log10_lambda": -3.8057971899808827, "log10_min_child_weight": 0.41492468321386256, "log10_subsample": -0.23216485954544375, "max_depth": 3.0, "num_boost_round": 1.0}, "datetime": {"datetime": "2024-01-19 00:25:31", "elapsed": 838.921468, "delta": 0.001733}}
