{"target": -17.677087648374037, "params": {"gamma": 418.01062139031797, "log10_alpha": -4.3040186180041085, "log10_colsample_bytree": -0.4485595872184861, "log10_eta": -3.5071692568532966, "log10_lambda": -2.69278192414378, "log10_min_child_weight": 0.8644361429982972, "log10_subsample": -0.13103506334942994, "max_depth": 4.0, "num_boost_round": 14.0}, "datetime": {"datetime": "2024-01-19 00:12:30", "elapsed": 40.198816, "delta": 0.000285}}
{"target": -17.677081072667814, "params": {"gamma": 418.01062139031797, "log10_alpha": -4.3040186180041085, "log10_colsample_bytree": -0.4485595872184861, "log10_eta": -3.5071692568532966, "log10_lambda": -2.69278192414378, "log10_min_child_weight": 0.8644361429982972, "log10_subsample": -0.13103506334942994, "max_depth": 4.0, "num_boost_round": 15.0}, "datetime": {"datetime": "2024-01-19 00:12:30", "elapsed": 40.199099, "delta": 0.000283}}
{"target": -17.677062713446926, "params": {"gamma": 418.01062139031797, "log10_alpha": -4.3040186180041085, "log10_colsample_bytree": -0.4485595872184861, "log10_eta": -3.5071692568532966, "log10_lambda": -2.69278192414378, "log10_min_child_weight": 0.8644361429982972, "log10_subsample": -0.13103506334942994, "max_depth": 4.0, "num_boost_round": 16.0}, "datetime": {"datetime": "2024-01-19 00:12:30", "elapsed": 40.199386, "delta": 0.000287}}
{"target": -17.677058230521535, "params": {"gamma": 418.01062139031797, "log10_alpha": -4.3040186180041085, "log10_colsample_bytree": -0.4485595872184861, "log10_eta": -3.5071692568532966, "log10_lambda": -2.69278192414378, "log10_min_child_weight": 0.8644361429982972, "log10_subsample": -0.13103506334942994, "max_depth": 4.0, "num_boost_round": 17.0}, "datetime": {"datetime": "2024-01-19 00:12:30", "elapsed": 40.199678, "delta": 0.000292}}
{"target": -17.677052917365103, "params": {"gamma": 418.01062139031797, "log10_alpha": -4.3040186180041085, "log10_colsample_bytree": -0.4485595872184861, "log10_eta": -3.5071692568532966, "log10_lambda": -2.69278192414378, "log10_min_child_weight": 0.8644361429982972, "log10_subsample": -0.13103506334942994, "max_depth": 4.0, "num_boost_round": 18.0}, "datetime": {"datetime": "2024-01-19 00:12:30", "elapsed": 40.199967, "delta": 0.000289}}
{"target": -17.67705030486723, "params": {"gamma": 418.01062139031797, "log10_alpha": -4.3040186180041085, "log10_colsample_bytree": -0.4485595872184861, "log10_eta": -3.5071692568532966, "log10_lambda": -2.69278192414378, "log10_min_child_weight": 0.8644361429982972, "log10_subsample": -0.13103506334942994, "max_depth": 4.0, "num_boost_round": 19.0}, "datetime": {"datetime": "2024-01-19 00:12:30", "elapsed": 40.200251, "delta": 0.000284}}
{"target": -17.677035705032825, "params": {"gamma": 418.01062139031797, "log10_alpha": -4.3040186180041085, "log10_colsample_bytree": -0.4485595872184861, "log10_eta": -3.5071692568532966, "log10_lambda": -2.69278192414378, "log10_min_child_weight": 0.8644361429982972, "log10_subsample": -0.13103506334942994, "max_depth": 4.0, "num_boost_round": 20.0}, "datetime": {"datetime": "2024-01-19 00:12:30", "elapsed": 40.200541, "delta": 0.00029}}
{"target": -17.677008405121395, "params": {"gamma": 418.01062139031797, "log10_alpha": -4.3040186180041085, "log10_colsample_bytree": -0.4485595872184861, "log10_eta": -3.5071692568532966, "log10_lambda": -2.69278192414378, "log10_min_child_weight": 0.8644361429982972, "log10_subsample": -0.13103506334942994, "max_depth": 4.0, "num_boost_round": 21.0}, "datetime": {"datetime": "2024-01-19 00:12:30", "elapsed": 40.200969, "delta": 0.000428}}
{"target": -17.676990071691897, "params": {"gamma": 418.01062139031797, "log10_alpha": -4.3040186180041085, "log10_colsample_bytree": -0.4485595872184861, "log10_eta": -3.5071692568532966, "log10_lambda": -2.69278192414378, "log10_min_child_weight": 0.8644361429982972, "log10_subsample": -0.13103506334942994, "max_depth": 4.0, "num_boost_round": 22.0}, "datetime": {"datetime": "2024-01-19 00:12:30", "elapsed": 40.201264, "delta": 0.000295}}
{"target": -17.676964243993442, "params": {"gamma": 418.01062139031797, "log10_alpha": -4.3040186180041085, "log10_colsample_bytree": -0.4485595872184861, "log10_eta": -3.5071692568532966, "log10_lambda": -2.69278192414378, "log10_min_child_weight": 0.8644361429982972, "log10_subsample": -0.13103506334942994, "max_depth": 4.0, "num_boost_round": 23.0}, "datetime": {"datetime": "2024-01-19 00:12:30", "elapsed": 40.201573, "delta": 0.000309}}
{"target": -17.67695300618659, "params": {"gamma": 418.01062139031797, "log10_alpha": -4.3040186180041085, "log10_colsample_bytree": -0.4485595872184861, "log10_eta": -3.5071692568532966, "log10_lambda": -2.69278192414378, "log10_min_child_weight": 0.8644361429982972, "log10_subsample": -0.13103506334942994, "max_depth": 4.0, "num_boost_round": 24.0}, "datetime": {"datetime": "2024-01-19 00:12:30", "elapsed": 40.201868, "delta": 0.000295}}
{"target": -17.67694216366237, "params": {"gamma": 418.01062139031797, "log10_alpha": -4.3040186180041085, "log10_colsample_bytree": -0.4485595872184861, "log10_eta": -3.5071692568532966, "log10_lambda": -2.69278192414378, "log10_min_child_weight": 0.8644361429982972, "log10_subsample": -0.13103506334942994, "max_depth": 4.0, "num_boost_round": 25.0}, "datetime": {"datetime": "2024-01-19 00:12:30", "elapsed": 40.202249, "delta": 0.000381}}
{"target": -17.676935307813018, "params": {"gamma": 418.01062139031797, "log10_alpha": -4.3040186180041085, "log10_colsample_bytree": -0.4485595872184861, "log10_eta": -3.5071692568532966, "log10_lambda": -2.69278192414378, "log10_min_child_weight": 0.8644361429982972, "log10_subsample": -0.13103506334942994, "max_depth": 4.0, "num_boost_round": 26.0}, "datetime": {"datetime": "2024-01-19 00:12:30", "elapsed": 40.202556, "delta": 0.000307}}
{"target": -17.67692318140683, "params": {"gamma": 418.01062139031797, "log10_alpha": -4.3040186180041085, "log10_colsample_bytree": -0.4485595872184861, "log10_eta": -3.5071692568532966, "log10_lambda": -2.69278192414378, "log10_min_child_weight": 0.8644361429982972, "log10_subsample": -0.13103506334942994, "max_depth": 4.0, "num_boost_round": 27.0}, "datetime": {"datetime": "2024-01-19 00:12:30", "elapsed": 40.202856, "delta": 0.0003}}
{"target": -17.676905531550894, "params": {"gamma": 418.01062139031797, "log10_alpha": -4.3040186180041085, "log10_colsample_bytree": -0.4485595872184861, "log10_eta": -3.5071692568532966, "log10_lambda": -2.69278192414378, "log10_min_child_weight": 0.8644361429982972, "log10_subsample": -0.13103506334942994, "max_depth": 4.0, "num_boost_round": 28.0}, "datetime": {"datetime": "2024-01-19 00:12:30", "elapsed": 40.203155, "delta": 0.000299}}
{"target": -17.676884735023986, "params": {"gamma": 418.01062139031797, "log10_alpha": -4.3040186180041085, "log10_colsample_bytree": -0.4485595872184861, "log10_eta": -3.5071692568532966, "log10_lambda": -2.69278192414378, "log10_min_child_weight": 0.8644361429982972, "log10_subsample": -0.13103506334942994, "max_depth": 4.0, "num_boost_round": 29.0}, "datetime": {"datetime": "2024-01-19 00:12:30", "elapsed": 40.203463, "delta": 0.000308}}
{"target": -17.67688019968164, "params": {"gamma": 418.01062139031797, "log10_alpha": -4.3040186180041085, "log10_colsample_bytree": -0.4485595872184861, "log10_eta": -3.5071692568532966, "log10_lambda": -2.69278192414378, "log10_min_child_weight": 0.8644361429982972, "log10_subsample": -0.13103506334942994, "max_depth": 4.0, "num_boost_round": 30.0}, "datetime": {"datetime": "2024-01-19 00:12:30", "elapsed": 40.203774, "delta": 0.000311}}
{"target": -17.676861308193455, "params": {"gamma": 418.01062139031797, "log10_alpha": -4.3040186180041085, "log10_colsample_bytree": -0.4485595872184861, "log10_eta": -3.5071692568532966, "log10_lambda": -2.69278192414378, "log10_min_child_weight": 0.8644361429982972, "log10_subsample": -0.13103506334942994, "max_depth": 4.0, "num_boost_round": 31.0}, "datetime": {"datetime": "2024-01-19 00:12:30", "elapsed": 40.204075, "delta": 0.000301}}
{"target": -17.676852918105553, "params": {"gamma": 418.01062139031797, "log10_alpha": -4.3040186180041085, "log10_colsample_bytree": -0.4485595872184861, "log10_eta": -3.5071692568532966, "log10_lambda": -2.69278192414378, "log10_min_child_weight": 0.8644361429982972, "log10_subsample": -0.13103506334942994, "max_depth": 4.0, "num_boost_round": 32.0}, "datetime": {"datetime": "2024-01-19 00:12:30", "elapsed": 40.204383, "delta": 0.000308}}
{"target": -17.6768439278647, "params": {"gamma": 418.01062139031797, "log10_alpha": -4.3040186180041085, "log10_colsample_bytree": -0.4485595872184861, "log10_eta": -3.5071692568532966, "log10_lambda": -2.69278192414378, "log10_min_child_weight": 0.8644361429982972, "log10_subsample": -0.13103506334942994, "max_depth": 4.0, "num_boost_round": 33.0}, "datetime": {"datetime": "2024-01-19 00:12:30", "elapsed": 40.204687, "delta": 0.000304}}
{"target": -17.67683129907244, "params": {"gamma": 418.01062139031797, "log10_alpha": -4.3040186180041085, "log10_colsample_bytree": -0.4485595872184861, "log10_eta": -3.5071692568532966, "log10_lambda": -2.69278192414378, "log10_min_child_weight": 0.8644361429982972, "log10_subsample": -0.13103506334942994, "max_depth": 4.0, "num_boost_round": 34.0}, "datetime": {"datetime": "2024-01-19 00:12:30", "elapsed": 40.204995, "delta": 0.000308}}
{"target": -17.676813800440648, "params": {"gamma": 418.01062139031797, "log10_alpha": -4.3040186180041085, "log10_colsample_bytree": -0.4485595872184861, "log10_eta": -3.5071692568532966, "log10_lambda": -2.69278192414378, "log10_min_child_weight": 0.8644361429982972, "log10_subsample": -0.13103506334942994, "max_depth": 4.0, "num_boost_round": 35.0}, "datetime": {"datetime": "2024-01-19 00:12:30", "elapsed": 40.205303, "delta": 0.000308}}
{"target": -17.676811115000824, "params": {"gamma": 418.01062139031797, "log10_alpha": -4.3040186180041085, "log10_colsample_bytree": -0.4485595872184861, "log10_eta": -3.5071692568532966, "log10_lambda": -2.69278192414378, "log10_min_child_weight": 0.8644361429982972, "log10_subsample": -0.13103506334942994, "max_depth": 4.0, "num_boost_round": 36.0}, "datetime": {"datetime": "2024-01-19 00:12:30", "elapsed": 40.205624, "delta": 0.000321}}
{"target": -17.67680037515516, "params": {"gamma": 418.01062139031797, "log10_alpha": -4.3040186180041085, "log10_colsample_bytree": -0.4485595872184861, "log10_eta": -3.5071692568532966, "log10_lambda": -2.69278192414378, "log10_min_child_weight": 0.8644361429982972, "log10_subsample": -0.13103506334942994, "max_depth": 4.0, "num_boost_round": 37.0}, "datetime": {"datetime": "2024-01-19 00:12:30", "elapsed": 40.205936, "delta": 0.000312}}
{"target": -17.676792117251637, "params": {"gamma": 418.01062139031797, "log10_alpha": -4.3040186180041085, "log10_colsample_bytree": -0.4485595872184861, "log10_eta": -3.5071692568532966, "log10_lambda": -2.69278192414378, "log10_min_child_weight": 0.8644361429982972, "log10_subsample": -0.13103506334942994, "max_depth": 4.0, "num_boost_round": 38.0}, "datetime": {"datetime": "2024-01-19 00:12:30", "elapsed": 40.206253, "delta": 0.000317}}
{"target": -17.676778516831483, "params": {"gamma": 418.01062139031797, "log10_alpha": -4.3040186180041085, "log10_colsample_bytree": -0.4485595872184861, "log10_eta": -3.5071692568532966, "log10_lambda": -2.69278192414378, "log10_min_child_weight": 0.8644361429982972, "log10_subsample": -0.13103506334942994, "max_depth": 4.0, "num_boost_round": 39.0}, "datetime": {"datetime": "2024-01-19 00:12:30", "elapsed": 40.206576, "delta": 0.000323}}
{"target": -17.676762623826786, "params": {"gamma": 418.01062139031797, "log10_alpha": -4.3040186180041085, "log10_colsample_bytree": -0.4485595872184861, "log10_eta": -3.5071692568532966, "log10_lambda": -2.69278192414378, "log10_min_child_weight": 0.8644361429982972, "log10_subsample": -0.13103506334942994, "max_depth": 4.0, "num_boost_round": 40.0}, "datetime": {"datetime": "2024-01-19 00:12:30", "elapsed": 40.206891, "delta": 0.000315}}
{"target": -17.67675117326046, "params": {"gamma": 418.01062139031797, "log10_alpha": -4.3040186180041085, "log10_colsample_bytree": -0.4485595872184861, "log10_eta": -3.5071692568532966, "log10_lambda": -2.69278192414378, "log10_min_child_weight": 0.8644361429982972, "log10_subsample": -0.13103506334942994, "max_depth": 4.0, "num_boost_round": 41.0}, "datetime": {"datetime": "2024-01-19 00:12:30", "elapsed": 40.207206, "delta": 0.000315}}
{"target": -17.676723728071128, "params": {"gamma": 418.01062139031797, "log10_alpha": -4.3040186180041085, "log10_colsample_bytree": -0.4485595872184861, "log10_eta": -3.5071692568532966, "log10_lambda": -2.69278192414378, "log10_min_child_weight": 0.8644361429982972, "log10_subsample": -0.13103506334942994, "max_depth": 4.0, "num_boost_round": 42.0}, "datetime": {"datetime": "2024-01-19 00:12:30", "elapsed": 40.207538, "delta": 0.000332}}
{"target": -17.676710782191655, "params": {"gamma": 418.01062139031797, "log10_alpha": -4.3040186180041085, "log10_colsample_bytree": -0.4485595872184861, "log10_eta": -3.5071692568532966, "log10_lambda": -2.69278192414378, "log10_min_child_weight": 0.8644361429982972, "log10_subsample": -0.13103506334942994, "max_depth": 4.0, "num_boost_round": 43.0}, "datetime": {"datetime": "2024-01-19 00:12:30", "elapsed": 40.207862, "delta": 0.000324}}
{"target": -17.6766924403912, "params": {"gamma": 418.01062139031797, "log10_alpha": -4.3040186180041085, "log10_colsample_bytree": -0.4485595872184861, "log10_eta": -3.5071692568532966, "log10_lambda": -2.69278192414378, "log10_min_child_weight": 0.8644361429982972, "log10_subsample": -0.13103506334942994, "max_depth": 4.0, "num_boost_round": 44.0}, "datetime": {"datetime": "2024-01-19 00:12:30", "elapsed": 40.208184, "delta": 0.000322}}
{"target": -17.676676664470705, "params": {"gamma": 418.01062139031797, "log10_alpha": -4.3040186180041085, "log10_colsample_bytree": -0.4485595872184861, "log10_eta": -3.5071692568532966, "log10_lambda": -2.69278192414378, "log10_min_child_weight": 0.8644361429982972, "log10_subsample": -0.13103506334942994, "max_depth": 4.0, "num_boost_round": 45.0}, "datetime": {"datetime": "2024-01-19 00:12:30", "elapsed": 40.208516, "delta": 0.000332}}
{"target": -17.6766684940696, "params": {"gamma": 418.01062139031797, "log10_alpha": -4.3040186180041085, "log10_colsample_bytree": -0.4485595872184861, "log10_eta": -3.5071692568532966, "log10_lambda": -2.69278192414378, "log10_min_child_weight": 0.8644361429982972, "log10_subsample": -0.13103506334942994, "max_depth": 4.0, "num_boost_round": 46.0}, "datetime": {"datetime": "2024-01-19 00:12:30", "elapsed": 40.208842, "delta": 0.000326}}
{"target": -17.6766558037813, "params": {"gamma": 418.01062139031797, "log10_alpha": -4.3040186180041085, "log10_colsample_bytree": -0.4485595872184861, "log10_eta": -3.5071692568532966, "log10_lambda": -2.69278192414378, "log10_min_child_weight": 0.8644361429982972, "log10_subsample": -0.13103506334942994, "max_depth": 4.0, "num_boost_round": 47.0}, "datetime": {"datetime": "2024-01-19 00:12:30", "elapsed": 40.20917, "delta": 0.000328}}
{"target": -17.67664790689076, "params": {"gamma": 418.01062139031797, "log10_alpha": -4.3040186180041085, "log10_colsample_bytree": -0.4485595872184861, "log10_eta": -3.5071692568532966, "log10_lambda": -2.69278192414378, "log10_min_child_weight": 0.8644361429982972, "log10_subsample": -0.13103506334942994, "max_depth": 4.0, "num_boost_round": 48.0}, "datetime": {"datetime": "2024-01-19 00:12:30", "elapsed": 40.209512, "delta": 0.000342}}
{"target": -17.676633704094023, "params": {"gamma": 418.01062139031797, "log10_alpha": -4.3040186180041085, "log10_colsample_bytree": -0.4485595872184861, "log10_eta": -3.5071692568532966, "log10_lambda": -2.69278192414378, "log10_min_child_weight": 0.8644361429982972, "log10_subsample": -0.13103506334942994, "max_depth": 4.0, "num_boost_round": 49.0}, "datetime": {"datetime": "2024-01-19 00:12:30", "elapsed": 40.209843, "delta": 0.000331}}
{"target": -17.676620970292916, "params": {"gamma": 418.01062139031797, "log10_alpha": -4.3040186180041085, "log10_colsample_bytree": -0.4485595872184861, "log10_eta": -3.5071692568532966, "log10_lambda": -2.69278192414378, "log10_min_child_weight": 0.8644361429982972, "log10_subsample": -0.13103506334942994, "max_depth": 4.0, "num_boost_round": 50.0}, "datetime": {"datetime": "2024-01-19 00:12:30", "elapsed": 40.210171, "delta": 0.000328}}
{"target": -17.676613843508136, "params": {"gamma": 418.01062139031797, "log10_alpha": -4.3040186180041085, "log10_colsample_bytree": -0.4485595872184861, "log10_eta": -3.5071692568532966, "log10_lambda": -2.69278192414378, "log10_min_child_weight": 0.8644361429982972, "log10_subsample": -0.13103506334942994, "max_depth": 4.0, "num_boost_round": 51.0}, "datetime": {"datetime": "2024-01-19 00:12:30", "elapsed": 40.210574, "delta": 0.000403}}
{"target": -17.676590820280282, "params": {"gamma": 418.01062139031797, "log10_alpha": -4.3040186180041085, "log10_colsample_bytree": -0.4485595872184861, "log10_eta": -3.5071692568532966, "log10_lambda": -2.69278192414378, "log10_min_child_weight": 0.8644361429982972, "log10_subsample": -0.13103506334942994, "max_depth": 4.0, "num_boost_round": 52.0}, "datetime": {"datetime": "2024-01-19 00:12:30", "elapsed": 40.210914, "delta": 0.00034}}
{"target": -17.676583678976023, "params": {"gamma": 418.01062139031797, "log10_alpha": -4.3040186180041085, "log10_colsample_bytree": -0.4485595872184861, "log10_eta": -3.5071692568532966, "log10_lambda": -2.69278192414378, "log10_min_child_weight": 0.8644361429982972, "log10_subsample": -0.13103506334942994, "max_depth": 4.0, "num_boost_round": 53.0}, "datetime": {"datetime": "2024-01-19 00:12:30", "elapsed": 40.211248, "delta": 0.000334}}
{"target": -17.67656934983095, "params": {"gamma": 418.01062139031797, "log10_alpha": -4.3040186180041085, "log10_colsample_bytree": -0.4485595872184861, "log10_eta": -3.5071692568532966, "log10_lambda": -2.69278192414378, "log10_min_child_weight": 0.8644361429982972, "log10_subsample": -0.13103506334942994, "max_depth": 4.0, "num_boost_round": 54.0}, "datetime": {"datetime": "2024-01-19 00:12:30", "elapsed": 40.211587, "delta": 0.000339}}
{"target": -17.67655924875212, "params": {"gamma": 418.01062139031797, "log10_alpha": -4.3040186180041085, "log10_colsample_bytree": -0.4485595872184861, "log10_eta": -3.5071692568532966, "log10_lambda": -2.69278192414378, "log10_min_child_weight": 0.8644361429982972, "log10_subsample": -0.13103506334942994, "max_depth": 4.0, "num_boost_round": 55.0}, "datetime": {"datetime": "2024-01-19 00:12:30", "elapsed": 40.211922, "delta": 0.000335}}
{"target": -17.676550985199878, "params": {"gamma": 418.01062139031797, "log10_alpha": -4.3040186180041085, "log10_colsample_bytree": -0.4485595872184861, "log10_eta": -3.5071692568532966, "log10_lambda": -2.69278192414378, "log10_min_child_weight": 0.8644361429982972, "log10_subsample": -0.13103506334942994, "max_depth": 4.0, "num_boost_round": 56.0}, "datetime": {"datetime": "2024-01-19 00:12:30", "elapsed": 40.212254, "delta": 0.000332}}
{"target": -17.67653642677576, "params": {"gamma": 418.01062139031797, "log10_alpha": -4.3040186180041085, "log10_colsample_bytree": -0.4485595872184861, "log10_eta": -3.5071692568532966, "log10_lambda": -2.69278192414378, "log10_min_child_weight": 0.8644361429982972, "log10_subsample": -0.13103506334942994, "max_depth": 4.0, "num_boost_round": 57.0}, "datetime": {"datetime": "2024-01-19 00:12:30", "elapsed": 40.212597, "delta": 0.000343}}
{"target": -17.67651882909682, "params": {"gamma": 418.01062139031797, "log10_alpha": -4.3040186180041085, "log10_colsample_bytree": -0.4485595872184861, "log10_eta": -3.5071692568532966, "log10_lambda": -2.69278192414378, "log10_min_child_weight": 0.8644361429982972, "log10_subsample": -0.13103506334942994, "max_depth": 4.0, "num_boost_round": 58.0}, "datetime": {"datetime": "2024-01-19 00:12:30", "elapsed": 40.21294, "delta": 0.000343}}
{"target": -17.676510234422032, "params": {"gamma": 418.01062139031797, "log10_alpha": -4.3040186180041085, "log10_colsample_bytree": -0.4485595872184861, "log10_eta": -3.5071692568532966, "log10_lambda": -2.69278192414378, "log10_min_child_weight": 0.8644361429982972, "log10_subsample": -0.13103506334942994, "max_depth": 4.0, "num_boost_round": 59.0}, "datetime": {"datetime": "2024-01-19 00:12:30", "elapsed": 40.213279, "delta": 0.000339}}
{"target": -17.67648679170169, "params": {"gamma": 418.01062139031797, "log10_alpha": -4.3040186180041085, "log10_colsample_bytree": -0.4485595872184861, "log10_eta": -3.5071692568532966, "log10_lambda": -2.69278192414378, "log10_min_child_weight": 0.8644361429982972, "log10_subsample": -0.13103506334942994, "max_depth": 4.0, "num_boost_round": 60.0}, "datetime": {"datetime": "2024-01-19 00:12:30", "elapsed": 40.213635, "delta": 0.000356}}
{"target": -17.676476304235404, "params": {"gamma": 418.01062139031797, "log10_alpha": -4.3040186180041085, "log10_colsample_bytree": -0.4485595872184861, "log10_eta": -3.5071692568532966, "log10_lambda": -2.69278192414378, "log10_min_child_weight": 0.8644361429982972, "log10_subsample": -0.13103506334942994, "max_depth": 4.0, "num_boost_round": 61.0}, "datetime": {"datetime": "2024-01-19 00:12:30", "elapsed": 40.213991, "delta": 0.000356}}
{"target": -17.676461502803868, "params": {"gamma": 418.01062139031797, "log10_alpha": -4.3040186180041085, "log10_colsample_bytree": -0.4485595872184861, "log10_eta": -3.5071692568532966, "log10_lambda": -2.69278192414378, "log10_min_child_weight": 0.8644361429982972, "log10_subsample": -0.13103506334942994, "max_depth": 4.0, "num_boost_round": 62.0}, "datetime": {"datetime": "2024-01-19 00:12:30", "elapsed": 40.214339, "delta": 0.000348}}
