{"target": -13.758515013060133, "params": {"gamma": 406.408593062856, "log10_alpha": -0.36195268133182257, "log10_colsample_bytree": -0.6621729022587532, "log10_eta": -3.406525461155512, "log10_lambda": -4.828287191963931, "log10_min_child_weight": 3.765864822080588, "log10_subsample": -0.7945895805719095, "max_depth": 2.0, "num_boost_round": 48.0}, "datetime": {"datetime": "2024-01-19 00:46:48", "elapsed": 2111.161083, "delta": 0.003237}}
{"target": -13.75851498979995, "params": {"gamma": 406.408593062856, "log10_alpha": -0.36195268133182257, "log10_colsample_bytree": -0.6621729022587532, "log10_eta": -3.406525461155512, "log10_lambda": -4.828287191963931, "log10_min_child_weight": 3.765864822080588, "log10_subsample": -0.7945895805719095, "max_depth": 2.0, "num_boost_round": 49.0}, "datetime": {"datetime": "2024-01-19 00:46:48", "elapsed": 2111.164331, "delta": 0.003248}}
{"target": -13.758516011048833, "params": {"gamma": 406.408593062856, "log10_alpha": -0.36195268133182257, "log10_colsample_bytree": -0.6621729022587532, "log10_eta": -3.406525461155512, "log10_lambda": -4.828287191963931, "log10_min_child_weight": 3.765864822080588, "log10_subsample": -0.7945895805719095, "max_depth": 2.0, "num_boost_round": 50.0}, "datetime": {"datetime": "2024-01-19 00:46:48", "elapsed": 2111.167588, "delta": 0.003257}}
{"target": -13.758514841459643, "params": {"gamma": 406.408593062856, "log10_alpha": -0.36195268133182257, "log10_colsample_bytree": -0.6621729022587532, "log10_eta": -3.406525461155512, "log10_lambda": -4.828287191963931, "log10_min_child_weight": 3.765864822080588, "log10_subsample": -0.7945895805719095, "max_depth": 2.0, "num_boost_round": 51.0}, "datetime": {"datetime": "2024-01-19 00:46:48", "elapsed": 2111.170828, "delta": 0.00324}}
{"target": -13.758512793767345, "params": {"gamma": 406.408593062856, "log10_alpha": -0.36195268133182257, "log10_colsample_bytree": -0.6621729022587532, "log10_eta": -3.406525461155512, "log10_lambda": -4.828287191963931, "log10_min_child_weight": 3.765864822080588, "log10_subsample": -0.7945895805719095, "max_depth": 2.0, "num_boost_round": 52.0}, "datetime": {"datetime": "2024-01-19 00:46:48", "elapsed": 2111.174061, "delta": 0.003233}}
{"target": -13.758511747107727, "params": {"gamma": 406.408593062856, "log10_alpha": -0.36195268133182257, "log10_colsample_bytree": -0.6621729022587532, "log10_eta": -3.406525461155512, "log10_lambda": -4.828287191963931, "log10_min_child_weight": 3.765864822080588, "log10_subsample": -0.7945895805719095, "max_depth": 2.0, "num_boost_round": 53.0}, "datetime": {"datetime": "2024-01-19 00:46:48", "elapsed": 2111.177279, "delta": 0.003218}}
{"target": -13.758509439293773, "params": {"gamma": 406.408593062856, "log10_alpha": -0.36195268133182257, "log10_colsample_bytree": -0.6621729022587532, "log10_eta": -3.406525461155512, "log10_lambda": -4.828287191963931, "log10_min_child_weight": 3.765864822080588, "log10_subsample": -0.7945895805719095, "max_depth": 2.0, "num_boost_round": 54.0}, "datetime": {"datetime": "2024-01-19 00:46:48", "elapsed": 2111.184259, "delta": 0.00698}}
{"target": -13.758511401032745, "params": {"gamma": 406.408593062856, "log10_alpha": -0.36195268133182257, "log10_colsample_bytree": -0.6621729022587532, "log10_eta": -3.406525461155512, "log10_lambda": -4.828287191963931, "log10_min_child_weight": 3.765864822080588, "log10_subsample": -0.7945895805719095, "max_depth": 2.0, "num_boost_round": 55.0}, "datetime": {"datetime": "2024-01-19 00:46:48", "elapsed": 2111.187503, "delta": 0.003244}}
{"target": -13.758512103643557, "params": {"gamma": 406.408593062856, "log10_alpha": -0.36195268133182257, "log10_colsample_bytree": -0.6621729022587532, "log10_eta": -3.406525461155512, "log10_lambda": -4.828287191963931, "log10_min_child_weight": 3.765864822080588, "log10_subsample": -0.7945895805719095, "max_depth": 2.0, "num_boost_round": 56.0}, "datetime": {"datetime": "2024-01-19 00:46:48", "elapsed": 2111.191005, "delta": 0.003502}}
{"target": -13.758516010129753, "params": {"gamma": 406.408593062856, "log10_alpha": -0.36195268133182257, "log10_colsample_bytree": -0.6621729022587532, "log10_eta": -3.406525461155512, "log10_lambda": -4.828287191963931, "log10_min_child_weight": 3.765864822080588, "log10_subsample": -0.7945895805719095, "max_depth": 2.0, "num_boost_round": 57.0}, "datetime": {"datetime": "2024-01-19 00:46:48", "elapsed": 2111.194415, "delta": 0.00341}}
{"target": -13.758514315497315, "params": {"gamma": 406.408593062856, "log10_alpha": -0.36195268133182257, "log10_colsample_bytree": -0.6621729022587532, "log10_eta": -3.406525461155512, "log10_lambda": -4.828287191963931, "log10_min_child_weight": 3.765864822080588, "log10_subsample": -0.7945895805719095, "max_depth": 2.0, "num_boost_round": 58.0}, "datetime": {"datetime": "2024-01-19 00:46:48", "elapsed": 2111.197789, "delta": 0.003374}}
{"target": -13.758511858228351, "params": {"gamma": 406.408593062856, "log10_alpha": -0.36195268133182257, "log10_colsample_bytree": -0.6621729022587532, "log10_eta": -3.406525461155512, "log10_lambda": -4.828287191963931, "log10_min_child_weight": 3.765864822080588, "log10_subsample": -0.7945895805719095, "max_depth": 2.0, "num_boost_round": 59.0}, "datetime": {"datetime": "2024-01-19 00:46:48", "elapsed": 2111.201028, "delta": 0.003239}}
{"target": -13.758513756046089, "params": {"gamma": 406.408593062856, "log10_alpha": -0.36195268133182257, "log10_colsample_bytree": -0.6621729022587532, "log10_eta": -3.406525461155512, "log10_lambda": -4.828287191963931, "log10_min_child_weight": 3.765864822080588, "log10_subsample": -0.7945895805719095, "max_depth": 2.0, "num_boost_round": 60.0}, "datetime": {"datetime": "2024-01-19 00:46:48", "elapsed": 2111.204304, "delta": 0.003276}}
{"target": -13.758511826153113, "params": {"gamma": 406.408593062856, "log10_alpha": -0.36195268133182257, "log10_colsample_bytree": -0.6621729022587532, "log10_eta": -3.406525461155512, "log10_lambda": -4.828287191963931, "log10_min_child_weight": 3.765864822080588, "log10_subsample": -0.7945895805719095, "max_depth": 2.0, "num_boost_round": 61.0}, "datetime": {"datetime": "2024-01-19 00:46:48", "elapsed": 2111.207561, "delta": 0.003257}}
{"target": -13.75851678261274, "params": {"gamma": 406.408593062856, "log10_alpha": -0.36195268133182257, "log10_colsample_bytree": -0.6621729022587532, "log10_eta": -3.406525461155512, "log10_lambda": -4.828287191963931, "log10_min_child_weight": 3.765864822080588, "log10_subsample": -0.7945895805719095, "max_depth": 2.0, "num_boost_round": 62.0}, "datetime": {"datetime": "2024-01-19 00:46:48", "elapsed": 2111.210982, "delta": 0.003421}}
{"target": -13.758513429922129, "params": {"gamma": 406.408593062856, "log10_alpha": -0.36195268133182257, "log10_colsample_bytree": -0.6621729022587532, "log10_eta": -3.406525461155512, "log10_lambda": -4.828287191963931, "log10_min_child_weight": 3.765864822080588, "log10_subsample": -0.7945895805719095, "max_depth": 2.0, "num_boost_round": 63.0}, "datetime": {"datetime": "2024-01-19 00:46:48", "elapsed": 2111.214235, "delta": 0.003253}}
{"target": -13.75851195407029, "params": {"gamma": 406.408593062856, "log10_alpha": -0.36195268133182257, "log10_colsample_bytree": -0.6621729022587532, "log10_eta": -3.406525461155512, "log10_lambda": -4.828287191963931, "log10_min_child_weight": 3.765864822080588, "log10_subsample": -0.7945895805719095, "max_depth": 2.0, "num_boost_round": 64.0}, "datetime": {"datetime": "2024-01-19 00:46:48", "elapsed": 2111.2175, "delta": 0.003265}}
{"target": -13.75851418958568, "params": {"gamma": 406.408593062856, "log10_alpha": -0.36195268133182257, "log10_colsample_bytree": -0.6621729022587532, "log10_eta": -3.406525461155512, "log10_lambda": -4.828287191963931, "log10_min_child_weight": 3.765864822080588, "log10_subsample": -0.7945895805719095, "max_depth": 2.0, "num_boost_round": 65.0}, "datetime": {"datetime": "2024-01-19 00:46:48", "elapsed": 2111.220756, "delta": 0.003256}}
{"target": -13.758511711855448, "params": {"gamma": 406.408593062856, "log10_alpha": -0.36195268133182257, "log10_colsample_bytree": -0.6621729022587532, "log10_eta": -3.406525461155512, "log10_lambda": -4.828287191963931, "log10_min_child_weight": 3.765864822080588, "log10_subsample": -0.7945895805719095, "max_depth": 2.0, "num_boost_round": 66.0}, "datetime": {"datetime": "2024-01-19 00:46:48", "elapsed": 2111.224017, "delta": 0.003261}}
{"target": -13.758513965708103, "params": {"gamma": 406.408593062856, "log10_alpha": -0.36195268133182257, "log10_colsample_bytree": -0.6621729022587532, "log10_eta": -3.406525461155512, "log10_lambda": -4.828287191963931, "log10_min_child_weight": 3.765864822080588, "log10_subsample": -0.7945895805719095, "max_depth": 2.0, "num_boost_round": 67.0}, "datetime": {"datetime": "2024-01-19 00:46:48", "elapsed": 2111.227294, "delta": 0.003277}}
{"target": -13.758514121220617, "params": {"gamma": 406.408593062856, "log10_alpha": -0.36195268133182257, "log10_colsample_bytree": -0.6621729022587532, "log10_eta": -3.406525461155512, "log10_lambda": -4.828287191963931, "log10_min_child_weight": 3.765864822080588, "log10_subsample": -0.7945895805719095, "max_depth": 2.0, "num_boost_round": 68.0}, "datetime": {"datetime": "2024-01-19 00:46:48", "elapsed": 2111.230677, "delta": 0.003383}}
{"target": -13.758520914070235, "params": {"gamma": 406.408593062856, "log10_alpha": -0.36195268133182257, "log10_colsample_bytree": -0.6621729022587532, "log10_eta": -3.406525461155512, "log10_lambda": -4.828287191963931, "log10_min_child_weight": 3.765864822080588, "log10_subsample": -0.7945895805719095, "max_depth": 2.0, "num_boost_round": 69.0}, "datetime": {"datetime": "2024-01-19 00:46:48", "elapsed": 2111.233938, "delta": 0.003261}}
{"target": -13.758518090132585, "params": {"gamma": 406.408593062856, "log10_alpha": -0.36195268133182257, "log10_colsample_bytree": -0.6621729022587532, "log10_eta": -3.406525461155512, "log10_lambda": -4.828287191963931, "log10_min_child_weight": 3.765864822080588, "log10_subsample": -0.7945895805719095, "max_depth": 2.0, "num_boost_round": 70.0}, "datetime": {"datetime": "2024-01-19 00:46:48", "elapsed": 2111.237232, "delta": 0.003294}}
{"target": -13.758515911208747, "params": {"gamma": 406.408593062856, "log10_alpha": -0.36195268133182257, "log10_colsample_bytree": -0.6621729022587532, "log10_eta": -3.406525461155512, "log10_lambda": -4.828287191963931, "log10_min_child_weight": 3.765864822080588, "log10_subsample": -0.7945895805719095, "max_depth": 2.0, "num_boost_round": 71.0}, "datetime": {"datetime": "2024-01-19 00:46:48", "elapsed": 2111.240495, "delta": 0.003263}}
{"target": -13.758513991031183, "params": {"gamma": 406.408593062856, "log10_alpha": -0.36195268133182257, "log10_colsample_bytree": -0.6621729022587532, "log10_eta": -3.406525461155512, "log10_lambda": -4.828287191963931, "log10_min_child_weight": 3.765864822080588, "log10_subsample": -0.7945895805719095, "max_depth": 2.0, "num_boost_round": 72.0}, "datetime": {"datetime": "2024-01-19 00:46:48", "elapsed": 2111.24383, "delta": 0.003335}}
{"target": -13.758511116523293, "params": {"gamma": 406.408593062856, "log10_alpha": -0.36195268133182257, "log10_colsample_bytree": -0.6621729022587532, "log10_eta": -3.406525461155512, "log10_lambda": -4.828287191963931, "log10_min_child_weight": 3.765864822080588, "log10_subsample": -0.7945895805719095, "max_depth": 2.0, "num_boost_round": 73.0}, "datetime": {"datetime": "2024-01-19 00:46:48", "elapsed": 2111.24711, "delta": 0.00328}}
{"target": -13.758509950520587, "params": {"gamma": 406.408593062856, "log10_alpha": -0.36195268133182257, "log10_colsample_bytree": -0.6621729022587532, "log10_eta": -3.406525461155512, "log10_lambda": -4.828287191963931, "log10_min_child_weight": 3.765864822080588, "log10_subsample": -0.7945895805719095, "max_depth": 2.0, "num_boost_round": 74.0}, "datetime": {"datetime": "2024-01-19 00:46:48", "elapsed": 2111.250485, "delta": 0.003375}}
{"target": -13.758508911682304, "params": {"gamma": 406.408593062856, "log10_alpha": -0.36195268133182257, "log10_colsample_bytree": -0.6621729022587532, "log10_eta": -3.406525461155512, "log10_lambda": -4.828287191963931, "log10_min_child_weight": 3.765864822080588, "log10_subsample": -0.7945895805719095, "max_depth": 2.0, "num_boost_round": 75.0}, "datetime": {"datetime": "2024-01-19 00:46:48", "elapsed": 2111.25374, "delta": 0.003255}}
{"target": -13.758510668016243, "params": {"gamma": 406.408593062856, "log10_alpha": -0.36195268133182257, "log10_colsample_bytree": -0.6621729022587532, "log10_eta": -3.406525461155512, "log10_lambda": -4.828287191963931, "log10_min_child_weight": 3.765864822080588, "log10_subsample": -0.7945895805719095, "max_depth": 2.0, "num_boost_round": 76.0}, "datetime": {"datetime": "2024-01-19 00:46:48", "elapsed": 2111.257005, "delta": 0.003265}}
{"target": -13.75696154322425, "params": {"gamma": 411.0335068086739, "log10_alpha": -1.61912173683241, "log10_colsample_bytree": -0.7504293539615307, "log10_eta": -0.4781891548612065, "log10_lambda": 0.8619789756405147, "log10_min_child_weight": 3.8828736750868624, "log10_subsample": -0.9096535461902021, "max_depth": 5.0, "num_boost_round": 0.0}, "datetime": {"datetime": "2024-01-19 00:47:52", "elapsed": 2175.77275, "delta": 64.515745}}
{"target": -13.758404174900097, "params": {"gamma": 411.0335068086739, "log10_alpha": -1.61912173683241, "log10_colsample_bytree": -0.7504293539615307, "log10_eta": -0.4781891548612065, "log10_lambda": 0.8619789756405147, "log10_min_child_weight": 3.8828736750868624, "log10_subsample": -0.9096535461902021, "max_depth": 5.0, "num_boost_round": 1.0}, "datetime": {"datetime": "2024-01-19 00:47:52", "elapsed": 2175.776777, "delta": 0.004027}}
{"target": -13.76109014312975, "params": {"gamma": 411.0335068086739, "log10_alpha": -1.61912173683241, "log10_colsample_bytree": -0.7504293539615307, "log10_eta": -0.4781891548612065, "log10_lambda": 0.8619789756405147, "log10_min_child_weight": 3.8828736750868624, "log10_subsample": -0.9096535461902021, "max_depth": 5.0, "num_boost_round": 2.0}, "datetime": {"datetime": "2024-01-19 00:47:52", "elapsed": 2175.780162, "delta": 0.003385}}
{"target": -13.762219192331033, "params": {"gamma": 411.0335068086739, "log10_alpha": -1.61912173683241, "log10_colsample_bytree": -0.7504293539615307, "log10_eta": -0.4781891548612065, "log10_lambda": 0.8619789756405147, "log10_min_child_weight": 3.8828736750868624, "log10_subsample": -0.9096535461902021, "max_depth": 5.0, "num_boost_round": 3.0}, "datetime": {"datetime": "2024-01-19 00:47:52", "elapsed": 2175.783515, "delta": 0.003353}}
{"target": -13.766057093900006, "params": {"gamma": 411.0335068086739, "log10_alpha": -1.61912173683241, "log10_colsample_bytree": -0.7504293539615307, "log10_eta": -0.4781891548612065, "log10_lambda": 0.8619789756405147, "log10_min_child_weight": 3.8828736750868624, "log10_subsample": -0.9096535461902021, "max_depth": 5.0, "num_boost_round": 4.0}, "datetime": {"datetime": "2024-01-19 00:47:52", "elapsed": 2175.786859, "delta": 0.003344}}
{"target": -13.773568249136801, "params": {"gamma": 411.0335068086739, "log10_alpha": -1.61912173683241, "log10_colsample_bytree": -0.7504293539615307, "log10_eta": -0.4781891548612065, "log10_lambda": 0.8619789756405147, "log10_min_child_weight": 3.8828736750868624, "log10_subsample": -0.9096535461902021, "max_depth": 5.0, "num_boost_round": 5.0}, "datetime": {"datetime": "2024-01-19 00:47:52", "elapsed": 2175.790339, "delta": 0.00348}}
{"target": -13.780616359493036, "params": {"gamma": 411.0335068086739, "log10_alpha": -1.61912173683241, "log10_colsample_bytree": -0.7504293539615307, "log10_eta": -0.4781891548612065, "log10_lambda": 0.8619789756405147, "log10_min_child_weight": 3.8828736750868624, "log10_subsample": -0.9096535461902021, "max_depth": 5.0, "num_boost_round": 6.0}, "datetime": {"datetime": "2024-01-19 00:47:52", "elapsed": 2175.793817, "delta": 0.003478}}
{"target": -13.781736162071502, "params": {"gamma": 411.0335068086739, "log10_alpha": -1.61912173683241, "log10_colsample_bytree": -0.7504293539615307, "log10_eta": -0.4781891548612065, "log10_lambda": 0.8619789756405147, "log10_min_child_weight": 3.8828736750868624, "log10_subsample": -0.9096535461902021, "max_depth": 5.0, "num_boost_round": 7.0}, "datetime": {"datetime": "2024-01-19 00:47:52", "elapsed": 2175.797398, "delta": 0.003581}}
{"target": -13.783560524629042, "params": {"gamma": 411.0335068086739, "log10_alpha": -1.61912173683241, "log10_colsample_bytree": -0.7504293539615307, "log10_eta": -0.4781891548612065, "log10_lambda": 0.8619789756405147, "log10_min_child_weight": 3.8828736750868624, "log10_subsample": -0.9096535461902021, "max_depth": 5.0, "num_boost_round": 8.0}, "datetime": {"datetime": "2024-01-19 00:47:52", "elapsed": 2175.800832, "delta": 0.003434}}
{"target": -13.784069136859157, "params": {"gamma": 411.0335068086739, "log10_alpha": -1.61912173683241, "log10_colsample_bytree": -0.7504293539615307, "log10_eta": -0.4781891548612065, "log10_lambda": 0.8619789756405147, "log10_min_child_weight": 3.8828736750868624, "log10_subsample": -0.9096535461902021, "max_depth": 5.0, "num_boost_round": 9.0}, "datetime": {"datetime": "2024-01-19 00:47:52", "elapsed": 2175.804252, "delta": 0.00342}}
{"target": -13.78689820919067, "params": {"gamma": 411.0335068086739, "log10_alpha": -1.61912173683241, "log10_colsample_bytree": -0.7504293539615307, "log10_eta": -0.4781891548612065, "log10_lambda": 0.8619789756405147, "log10_min_child_weight": 3.8828736750868624, "log10_subsample": -0.9096535461902021, "max_depth": 5.0, "num_boost_round": 10.0}, "datetime": {"datetime": "2024-01-19 00:47:52", "elapsed": 2175.807593, "delta": 0.003341}}
{"target": -13.789014638343946, "params": {"gamma": 411.0335068086739, "log10_alpha": -1.61912173683241, "log10_colsample_bytree": -0.7504293539615307, "log10_eta": -0.4781891548612065, "log10_lambda": 0.8619789756405147, "log10_min_child_weight": 3.8828736750868624, "log10_subsample": -0.9096535461902021, "max_depth": 5.0, "num_boost_round": 11.0}, "datetime": {"datetime": "2024-01-19 00:47:52", "elapsed": 2175.810958, "delta": 0.003365}}
{"target": -13.791457166168497, "params": {"gamma": 411.0335068086739, "log10_alpha": -1.61912173683241, "log10_colsample_bytree": -0.7504293539615307, "log10_eta": -0.4781891548612065, "log10_lambda": 0.8619789756405147, "log10_min_child_weight": 3.8828736750868624, "log10_subsample": -0.9096535461902021, "max_depth": 5.0, "num_boost_round": 12.0}, "datetime": {"datetime": "2024-01-19 00:47:52", "elapsed": 2175.81437, "delta": 0.003412}}
{"target": -13.79121467854474, "params": {"gamma": 411.0335068086739, "log10_alpha": -1.61912173683241, "log10_colsample_bytree": -0.7504293539615307, "log10_eta": -0.4781891548612065, "log10_lambda": 0.8619789756405147, "log10_min_child_weight": 3.8828736750868624, "log10_subsample": -0.9096535461902021, "max_depth": 5.0, "num_boost_round": 13.0}, "datetime": {"datetime": "2024-01-19 00:47:52", "elapsed": 2175.817738, "delta": 0.003368}}
{"target": -13.792281312076431, "params": {"gamma": 411.0335068086739, "log10_alpha": -1.61912173683241, "log10_colsample_bytree": -0.7504293539615307, "log10_eta": -0.4781891548612065, "log10_lambda": 0.8619789756405147, "log10_min_child_weight": 3.8828736750868624, "log10_subsample": -0.9096535461902021, "max_depth": 5.0, "num_boost_round": 14.0}, "datetime": {"datetime": "2024-01-19 00:47:52", "elapsed": 2175.821113, "delta": 0.003375}}
{"target": -13.796598950276659, "params": {"gamma": 411.0335068086739, "log10_alpha": -1.61912173683241, "log10_colsample_bytree": -0.7504293539615307, "log10_eta": -0.4781891548612065, "log10_lambda": 0.8619789756405147, "log10_min_child_weight": 3.8828736750868624, "log10_subsample": -0.9096535461902021, "max_depth": 5.0, "num_boost_round": 15.0}, "datetime": {"datetime": "2024-01-19 00:47:52", "elapsed": 2175.824442, "delta": 0.003329}}
{"target": -13.795659686523267, "params": {"gamma": 411.0335068086739, "log10_alpha": -1.61912173683241, "log10_colsample_bytree": -0.7504293539615307, "log10_eta": -0.4781891548612065, "log10_lambda": 0.8619789756405147, "log10_min_child_weight": 3.8828736750868624, "log10_subsample": -0.9096535461902021, "max_depth": 5.0, "num_boost_round": 16.0}, "datetime": {"datetime": "2024-01-19 00:47:52", "elapsed": 2175.827787, "delta": 0.003345}}
{"target": -13.79544904768902, "params": {"gamma": 411.0335068086739, "log10_alpha": -1.61912173683241, "log10_colsample_bytree": -0.7504293539615307, "log10_eta": -0.4781891548612065, "log10_lambda": 0.8619789756405147, "log10_min_child_weight": 3.8828736750868624, "log10_subsample": -0.9096535461902021, "max_depth": 5.0, "num_boost_round": 17.0}, "datetime": {"datetime": "2024-01-19 00:47:52", "elapsed": 2175.83113, "delta": 0.003343}}
{"target": -13.796728279213678, "params": {"gamma": 411.0335068086739, "log10_alpha": -1.61912173683241, "log10_colsample_bytree": -0.7504293539615307, "log10_eta": -0.4781891548612065, "log10_lambda": 0.8619789756405147, "log10_min_child_weight": 3.8828736750868624, "log10_subsample": -0.9096535461902021, "max_depth": 5.0, "num_boost_round": 18.0}, "datetime": {"datetime": "2024-01-19 00:47:52", "elapsed": 2175.834498, "delta": 0.003368}}
{"target": -13.798303733321136, "params": {"gamma": 411.0335068086739, "log10_alpha": -1.61912173683241, "log10_colsample_bytree": -0.7504293539615307, "log10_eta": -0.4781891548612065, "log10_lambda": 0.8619789756405147, "log10_min_child_weight": 3.8828736750868624, "log10_subsample": -0.9096535461902021, "max_depth": 5.0, "num_boost_round": 19.0}, "datetime": {"datetime": "2024-01-19 00:47:52", "elapsed": 2175.837848, "delta": 0.00335}}
