{"target": -17.677142663132003, "params": {"gamma": 109.5394103069256, "log10_alpha": -0.9561730620115965, "log10_colsample_bytree": -0.3573631204043827, "log10_eta": -3.4886550023956544, "log10_lambda": -2.0469282584387516, "log10_min_child_weight": 3.3605848903163515, "log10_subsample": -0.8022621582505073, "max_depth": 9.0, "num_boost_round": 7.0}, "datetime": {"datetime": "2024-01-19 02:08:26", "elapsed": 7013.482412, "delta": 0.009277}}
{"target": -17.67712524957648, "params": {"gamma": 109.5394103069256, "log10_alpha": -0.9561730620115965, "log10_colsample_bytree": -0.3573631204043827, "log10_eta": -3.4886550023956544, "log10_lambda": -2.0469282584387516, "log10_min_child_weight": 3.3605848903163515, "log10_subsample": -0.8022621582505073, "max_depth": 9.0, "num_boost_round": 8.0}, "datetime": {"datetime": "2024-01-19 02:08:26", "elapsed": 7013.491572, "delta": 0.00916}}
{"target": -17.677126959182882, "params": {"gamma": 109.5394103069256, "log10_alpha": -0.9561730620115965, "log10_colsample_bytree": -0.3573631204043827, "log10_eta": -3.4886550023956544, "log10_lambda": -2.0469282584387516, "log10_min_child_weight": 3.3605848903163515, "log10_subsample": -0.8022621582505073, "max_depth": 9.0, "num_boost_round": 9.0}, "datetime": {"datetime": "2024-01-19 02:08:26", "elapsed": 7013.500405, "delta": 0.008833}}
{"target": -17.67712056817107, "params": {"gamma": 109.5394103069256, "log10_alpha": -0.9561730620115965, "log10_colsample_bytree": -0.3573631204043827, "log10_eta": -3.4886550023956544, "log10_lambda": -2.0469282584387516, "log10_min_child_weight": 3.3605848903163515, "log10_subsample": -0.8022621582505073, "max_depth": 9.0, "num_boost_round": 10.0}, "datetime": {"datetime": "2024-01-19 02:08:26", "elapsed": 7013.509023, "delta": 0.008618}}
{"target": -17.677099468211303, "params": {"gamma": 109.5394103069256, "log10_alpha": -0.9561730620115965, "log10_colsample_bytree": -0.3573631204043827, "log10_eta": -3.4886550023956544, "log10_lambda": -2.0469282584387516, "log10_min_child_weight": 3.3605848903163515, "log10_subsample": -0.8022621582505073, "max_depth": 9.0, "num_boost_round": 11.0}, "datetime": {"datetime": "2024-01-19 02:08:26", "elapsed": 7013.517399, "delta": 0.008376}}
{"target": -17.67708464562796, "params": {"gamma": 109.5394103069256, "log10_alpha": -0.9561730620115965, "log10_colsample_bytree": -0.3573631204043827, "log10_eta": -3.4886550023956544, "log10_lambda": -2.0469282584387516, "log10_min_child_weight": 3.3605848903163515, "log10_subsample": -0.8022621582505073, "max_depth": 9.0, "num_boost_round": 12.0}, "datetime": {"datetime": "2024-01-19 02:08:26", "elapsed": 7013.52567, "delta": 0.008271}}
{"target": -17.677072608929, "params": {"gamma": 109.5394103069256, "log10_alpha": -0.9561730620115965, "log10_colsample_bytree": -0.3573631204043827, "log10_eta": -3.4886550023956544, "log10_lambda": -2.0469282584387516, "log10_min_child_weight": 3.3605848903163515, "log10_subsample": -0.8022621582505073, "max_depth": 9.0, "num_boost_round": 13.0}, "datetime": {"datetime": "2024-01-19 02:08:26", "elapsed": 7013.53367, "delta": 0.008}}
{"target": -17.677070585840614, "params": {"gamma": 109.5394103069256, "log10_alpha": -0.9561730620115965, "log10_colsample_bytree": -0.3573631204043827, "log10_eta": -3.4886550023956544, "log10_lambda": -2.0469282584387516, "log10_min_child_weight": 3.3605848903163515, "log10_subsample": -0.8022621582505073, "max_depth": 9.0, "num_boost_round": 14.0}, "datetime": {"datetime": "2024-01-19 02:08:26", "elapsed": 7013.541963, "delta": 0.008293}}
{"target": -17.67706102838943, "params": {"gamma": 109.5394103069256, "log10_alpha": -0.9561730620115965, "log10_colsample_bytree": -0.3573631204043827, "log10_eta": -3.4886550023956544, "log10_lambda": -2.0469282584387516, "log10_min_child_weight": 3.3605848903163515, "log10_subsample": -0.8022621582505073, "max_depth": 9.0, "num_boost_round": 15.0}, "datetime": {"datetime": "2024-01-19 02:08:26", "elapsed": 7013.550243, "delta": 0.00828}}
{"target": -17.677230655456803, "params": {"gamma": 712.8232594770877, "log10_alpha": -3.2926342758250087, "log10_colsample_bytree": -0.9920934817117345, "log10_eta": -3.9833745555647955, "log10_lambda": 0.23729039218506998, "log10_min_child_weight": 1.0256424841304923, "log10_subsample": -0.9070915996412177, "max_depth": 3.0, "num_boost_round": 0.0}, "datetime": {"datetime": "2024-01-19 02:10:55", "elapsed": 7162.725349, "delta": 149.175106}}
{"target": -17.677227666159, "params": {"gamma": 712.8232594770877, "log10_alpha": -3.2926342758250087, "log10_colsample_bytree": -0.9920934817117345, "log10_eta": -3.9833745555647955, "log10_lambda": 0.23729039218506998, "log10_min_child_weight": 1.0256424841304923, "log10_subsample": -0.9070915996412177, "max_depth": 3.0, "num_boost_round": 1.0}, "datetime": {"datetime": "2024-01-19 02:10:55", "elapsed": 7162.734343, "delta": 0.008994}}
{"target": -17.67722683194212, "params": {"gamma": 712.8232594770877, "log10_alpha": -3.2926342758250087, "log10_colsample_bytree": -0.9920934817117345, "log10_eta": -3.9833745555647955, "log10_lambda": 0.23729039218506998, "log10_min_child_weight": 1.0256424841304923, "log10_subsample": -0.9070915996412177, "max_depth": 3.0, "num_boost_round": 2.0}, "datetime": {"datetime": "2024-01-19 02:10:55", "elapsed": 7162.742427, "delta": 0.008084}}
{"target": -17.677227532041915, "params": {"gamma": 712.8232594770877, "log10_alpha": -3.2926342758250087, "log10_colsample_bytree": -0.9920934817117345, "log10_eta": -3.9833745555647955, "log10_lambda": 0.23729039218506998, "log10_min_child_weight": 1.0256424841304923, "log10_subsample": -0.9070915996412177, "max_depth": 3.0, "num_boost_round": 3.0}, "datetime": {"datetime": "2024-01-19 02:10:55", "elapsed": 7162.7499, "delta": 0.007473}}
{"target": -17.67722617794351, "params": {"gamma": 712.8232594770877, "log10_alpha": -3.2926342758250087, "log10_colsample_bytree": -0.9920934817117345, "log10_eta": -3.9833745555647955, "log10_lambda": 0.23729039218506998, "log10_min_child_weight": 1.0256424841304923, "log10_subsample": -0.9070915996412177, "max_depth": 3.0, "num_boost_round": 4.0}, "datetime": {"datetime": "2024-01-19 02:10:55", "elapsed": 7162.757785, "delta": 0.007885}}
{"target": -17.67722298700374, "params": {"gamma": 712.8232594770877, "log10_alpha": -3.2926342758250087, "log10_colsample_bytree": -0.9920934817117345, "log10_eta": -3.9833745555647955, "log10_lambda": 0.23729039218506998, "log10_min_child_weight": 1.0256424841304923, "log10_subsample": -0.9070915996412177, "max_depth": 3.0, "num_boost_round": 5.0}, "datetime": {"datetime": "2024-01-19 02:10:55", "elapsed": 7162.765747, "delta": 0.007962}}
{"target": -17.677224619110863, "params": {"gamma": 712.8232594770877, "log10_alpha": -3.2926342758250087, "log10_colsample_bytree": -0.9920934817117345, "log10_eta": -3.9833745555647955, "log10_lambda": 0.23729039218506998, "log10_min_child_weight": 1.0256424841304923, "log10_subsample": -0.9070915996412177, "max_depth": 3.0, "num_boost_round": 6.0}, "datetime": {"datetime": "2024-01-19 02:10:55", "elapsed": 7162.773526, "delta": 0.007779}}
{"target": -17.67722163888643, "params": {"gamma": 712.8232594770877, "log10_alpha": -3.2926342758250087, "log10_colsample_bytree": -0.9920934817117345, "log10_eta": -3.9833745555647955, "log10_lambda": 0.23729039218506998, "log10_min_child_weight": 1.0256424841304923, "log10_subsample": -0.9070915996412177, "max_depth": 3.0, "num_boost_round": 7.0}, "datetime": {"datetime": "2024-01-19 02:10:55", "elapsed": 7162.781452, "delta": 0.007926}}
{"target": -17.677219418864915, "params": {"gamma": 712.8232594770877, "log10_alpha": -3.2926342758250087, "log10_colsample_bytree": -0.9920934817117345, "log10_eta": -3.9833745555647955, "log10_lambda": 0.23729039218506998, "log10_min_child_weight": 1.0256424841304923, "log10_subsample": -0.9070915996412177, "max_depth": 3.0, "num_boost_round": 8.0}, "datetime": {"datetime": "2024-01-19 02:10:55", "elapsed": 7162.789321, "delta": 0.007869}}
{"target": -17.67721826845188, "params": {"gamma": 712.8232594770877, "log10_alpha": -3.2926342758250087, "log10_colsample_bytree": -0.9920934817117345, "log10_eta": -3.9833745555647955, "log10_lambda": 0.23729039218506998, "log10_min_child_weight": 1.0256424841304923, "log10_subsample": -0.9070915996412177, "max_depth": 3.0, "num_boost_round": 9.0}, "datetime": {"datetime": "2024-01-19 02:10:55", "elapsed": 7162.797312, "delta": 0.007991}}
{"target": -17.677215266988053, "params": {"gamma": 712.8232594770877, "log10_alpha": -3.2926342758250087, "log10_colsample_bytree": -0.9920934817117345, "log10_eta": -3.9833745555647955, "log10_lambda": 0.23729039218506998, "log10_min_child_weight": 1.0256424841304923, "log10_subsample": -0.9070915996412177, "max_depth": 3.0, "num_boost_round": 10.0}, "datetime": {"datetime": "2024-01-19 02:10:55", "elapsed": 7162.805195, "delta": 0.007883}}
{"target": -17.677214153808354, "params": {"gamma": 712.8232594770877, "log10_alpha": -3.2926342758250087, "log10_colsample_bytree": -0.9920934817117345, "log10_eta": -3.9833745555647955, "log10_lambda": 0.23729039218506998, "log10_min_child_weight": 1.0256424841304923, "log10_subsample": -0.9070915996412177, "max_depth": 3.0, "num_boost_round": 11.0}, "datetime": {"datetime": "2024-01-19 02:10:55", "elapsed": 7162.813346, "delta": 0.008151}}
{"target": -17.67721209198735, "params": {"gamma": 712.8232594770877, "log10_alpha": -3.2926342758250087, "log10_colsample_bytree": -0.9920934817117345, "log10_eta": -3.9833745555647955, "log10_lambda": 0.23729039218506998, "log10_min_child_weight": 1.0256424841304923, "log10_subsample": -0.9070915996412177, "max_depth": 3.0, "num_boost_round": 12.0}, "datetime": {"datetime": "2024-01-19 02:10:55", "elapsed": 7162.821327, "delta": 0.007981}}
{"target": -17.677210727356865, "params": {"gamma": 712.8232594770877, "log10_alpha": -3.2926342758250087, "log10_colsample_bytree": -0.9920934817117345, "log10_eta": -3.9833745555647955, "log10_lambda": 0.23729039218506998, "log10_min_child_weight": 1.0256424841304923, "log10_subsample": -0.9070915996412177, "max_depth": 3.0, "num_boost_round": 13.0}, "datetime": {"datetime": "2024-01-19 02:10:55", "elapsed": 7162.829803, "delta": 0.008476}}
{"target": -17.677208680402394, "params": {"gamma": 712.8232594770877, "log10_alpha": -3.2926342758250087, "log10_colsample_bytree": -0.9920934817117345, "log10_eta": -3.9833745555647955, "log10_lambda": 0.23729039218506998, "log10_min_child_weight": 1.0256424841304923, "log10_subsample": -0.9070915996412177, "max_depth": 3.0, "num_boost_round": 14.0}, "datetime": {"datetime": "2024-01-19 02:10:55", "elapsed": 7162.838004, "delta": 0.008201}}
{"target": -17.677206952723125, "params": {"gamma": 712.8232594770877, "log10_alpha": -3.2926342758250087, "log10_colsample_bytree": -0.9920934817117345, "log10_eta": -3.9833745555647955, "log10_lambda": 0.23729039218506998, "log10_min_child_weight": 1.0256424841304923, "log10_subsample": -0.9070915996412177, "max_depth": 3.0, "num_boost_round": 15.0}, "datetime": {"datetime": "2024-01-19 02:10:55", "elapsed": 7162.846439, "delta": 0.008435}}
{"target": -17.677202650160563, "params": {"gamma": 712.8232594770877, "log10_alpha": -3.2926342758250087, "log10_colsample_bytree": -0.9920934817117345, "log10_eta": -3.9833745555647955, "log10_lambda": 0.23729039218506998, "log10_min_child_weight": 1.0256424841304923, "log10_subsample": -0.9070915996412177, "max_depth": 3.0, "num_boost_round": 16.0}, "datetime": {"datetime": "2024-01-19 02:10:55", "elapsed": 7162.85448, "delta": 0.008041}}
{"target": -17.677199823441384, "params": {"gamma": 712.8232594770877, "log10_alpha": -3.2926342758250087, "log10_colsample_bytree": -0.9920934817117345, "log10_eta": -3.9833745555647955, "log10_lambda": 0.23729039218506998, "log10_min_child_weight": 1.0256424841304923, "log10_subsample": -0.9070915996412177, "max_depth": 3.0, "num_boost_round": 17.0}, "datetime": {"datetime": "2024-01-19 02:10:55", "elapsed": 7162.862517, "delta": 0.008037}}
{"target": -17.677197290200922, "params": {"gamma": 712.8232594770877, "log10_alpha": -3.2926342758250087, "log10_colsample_bytree": -0.9920934817117345, "log10_eta": -3.9833745555647955, "log10_lambda": 0.23729039218506998, "log10_min_child_weight": 1.0256424841304923, "log10_subsample": -0.9070915996412177, "max_depth": 3.0, "num_boost_round": 18.0}, "datetime": {"datetime": "2024-01-19 02:10:55", "elapsed": 7162.870659, "delta": 0.008142}}
{"target": -17.6771963280363, "params": {"gamma": 712.8232594770877, "log10_alpha": -3.2926342758250087, "log10_colsample_bytree": -0.9920934817117345, "log10_eta": -3.9833745555647955, "log10_lambda": 0.23729039218506998, "log10_min_child_weight": 1.0256424841304923, "log10_subsample": -0.9070915996412177, "max_depth": 3.0, "num_boost_round": 19.0}, "datetime": {"datetime": "2024-01-19 02:10:55", "elapsed": 7162.878922, "delta": 0.008263}}
{"target": -17.677195917664864, "params": {"gamma": 712.8232594770877, "log10_alpha": -3.2926342758250087, "log10_colsample_bytree": -0.9920934817117345, "log10_eta": -3.9833745555647955, "log10_lambda": 0.23729039218506998, "log10_min_child_weight": 1.0256424841304923, "log10_subsample": -0.9070915996412177, "max_depth": 3.0, "num_boost_round": 20.0}, "datetime": {"datetime": "2024-01-19 02:10:55", "elapsed": 7162.887046, "delta": 0.008124}}
{"target": -17.67719182726768, "params": {"gamma": 712.8232594770877, "log10_alpha": -3.2926342758250087, "log10_colsample_bytree": -0.9920934817117345, "log10_eta": -3.9833745555647955, "log10_lambda": 0.23729039218506998, "log10_min_child_weight": 1.0256424841304923, "log10_subsample": -0.9070915996412177, "max_depth": 3.0, "num_boost_round": 21.0}, "datetime": {"datetime": "2024-01-19 02:10:55", "elapsed": 7162.895386, "delta": 0.00834}}
{"target": -17.677188235310133, "params": {"gamma": 712.8232594770877, "log10_alpha": -3.2926342758250087, "log10_colsample_bytree": -0.9920934817117345, "log10_eta": -3.9833745555647955, "log10_lambda": 0.23729039218506998, "log10_min_child_weight": 1.0256424841304923, "log10_subsample": -0.9070915996412177, "max_depth": 3.0, "num_boost_round": 22.0}, "datetime": {"datetime": "2024-01-19 02:10:55", "elapsed": 7162.903506, "delta": 0.00812}}
{"target": -17.6771829498477, "params": {"gamma": 712.8232594770877, "log10_alpha": -3.2926342758250087, "log10_colsample_bytree": -0.9920934817117345, "log10_eta": -3.9833745555647955, "log10_lambda": 0.23729039218506998, "log10_min_child_weight": 1.0256424841304923, "log10_subsample": -0.9070915996412177, "max_depth": 3.0, "num_boost_round": 23.0}, "datetime": {"datetime": "2024-01-19 02:10:55", "elapsed": 7162.911729, "delta": 0.008223}}
{"target": -17.67718175601418, "params": {"gamma": 712.8232594770877, "log10_alpha": -3.2926342758250087, "log10_colsample_bytree": -0.9920934817117345, "log10_eta": -3.9833745555647955, "log10_lambda": 0.23729039218506998, "log10_min_child_weight": 1.0256424841304923, "log10_subsample": -0.9070915996412177, "max_depth": 3.0, "num_boost_round": 24.0}, "datetime": {"datetime": "2024-01-19 02:10:55", "elapsed": 7162.919925, "delta": 0.008196}}
{"target": -17.677176803405324, "params": {"gamma": 712.8232594770877, "log10_alpha": -3.2926342758250087, "log10_colsample_bytree": -0.9920934817117345, "log10_eta": -3.9833745555647955, "log10_lambda": 0.23729039218506998, "log10_min_child_weight": 1.0256424841304923, "log10_subsample": -0.9070915996412177, "max_depth": 3.0, "num_boost_round": 25.0}, "datetime": {"datetime": "2024-01-19 02:10:55", "elapsed": 7162.928473, "delta": 0.008548}}
{"target": -17.67717503252305, "params": {"gamma": 712.8232594770877, "log10_alpha": -3.2926342758250087, "log10_colsample_bytree": -0.9920934817117345, "log10_eta": -3.9833745555647955, "log10_lambda": 0.23729039218506998, "log10_min_child_weight": 1.0256424841304923, "log10_subsample": -0.9070915996412177, "max_depth": 3.0, "num_boost_round": 26.0}, "datetime": {"datetime": "2024-01-19 02:10:55", "elapsed": 7162.936924, "delta": 0.008451}}
{"target": -17.677171571075817, "params": {"gamma": 712.8232594770877, "log10_alpha": -3.2926342758250087, "log10_colsample_bytree": -0.9920934817117345, "log10_eta": -3.9833745555647955, "log10_lambda": 0.23729039218506998, "log10_min_child_weight": 1.0256424841304923, "log10_subsample": -0.9070915996412177, "max_depth": 3.0, "num_boost_round": 27.0}, "datetime": {"datetime": "2024-01-19 02:10:55", "elapsed": 7162.945266, "delta": 0.008342}}
{"target": -17.67717261525043, "params": {"gamma": 712.8232594770877, "log10_alpha": -3.2926342758250087, "log10_colsample_bytree": -0.9920934817117345, "log10_eta": -3.9833745555647955, "log10_lambda": 0.23729039218506998, "log10_min_child_weight": 1.0256424841304923, "log10_subsample": -0.9070915996412177, "max_depth": 3.0, "num_boost_round": 28.0}, "datetime": {"datetime": "2024-01-19 02:10:55", "elapsed": 7162.953352, "delta": 0.008086}}
{"target": -17.67716928587282, "params": {"gamma": 712.8232594770877, "log10_alpha": -3.2926342758250087, "log10_colsample_bytree": -0.9920934817117345, "log10_eta": -3.9833745555647955, "log10_lambda": 0.23729039218506998, "log10_min_child_weight": 1.0256424841304923, "log10_subsample": -0.9070915996412177, "max_depth": 3.0, "num_boost_round": 29.0}, "datetime": {"datetime": "2024-01-19 02:10:55", "elapsed": 7162.961841, "delta": 0.008489}}
{"target": -17.677163685016666, "params": {"gamma": 712.8232594770877, "log10_alpha": -3.2926342758250087, "log10_colsample_bytree": -0.9920934817117345, "log10_eta": -3.9833745555647955, "log10_lambda": 0.23729039218506998, "log10_min_child_weight": 1.0256424841304923, "log10_subsample": -0.9070915996412177, "max_depth": 3.0, "num_boost_round": 30.0}, "datetime": {"datetime": "2024-01-19 02:10:55", "elapsed": 7162.970095, "delta": 0.008254}}
{"target": -17.67716033963782, "params": {"gamma": 712.8232594770877, "log10_alpha": -3.2926342758250087, "log10_colsample_bytree": -0.9920934817117345, "log10_eta": -3.9833745555647955, "log10_lambda": 0.23729039218506998, "log10_min_child_weight": 1.0256424841304923, "log10_subsample": -0.9070915996412177, "max_depth": 3.0, "num_boost_round": 31.0}, "datetime": {"datetime": "2024-01-19 02:10:55", "elapsed": 7162.978451, "delta": 0.008356}}
{"target": -17.67715771998143, "params": {"gamma": 712.8232594770877, "log10_alpha": -3.2926342758250087, "log10_colsample_bytree": -0.9920934817117345, "log10_eta": -3.9833745555647955, "log10_lambda": 0.23729039218506998, "log10_min_child_weight": 1.0256424841304923, "log10_subsample": -0.9070915996412177, "max_depth": 3.0, "num_boost_round": 32.0}, "datetime": {"datetime": "2024-01-19 02:10:55", "elapsed": 7162.987236, "delta": 0.008785}}
{"target": -17.67715199628221, "params": {"gamma": 712.8232594770877, "log10_alpha": -3.2926342758250087, "log10_colsample_bytree": -0.9920934817117345, "log10_eta": -3.9833745555647955, "log10_lambda": 0.23729039218506998, "log10_min_child_weight": 1.0256424841304923, "log10_subsample": -0.9070915996412177, "max_depth": 3.0, "num_boost_round": 33.0}, "datetime": {"datetime": "2024-01-19 02:10:55", "elapsed": 7162.99585, "delta": 0.008614}}
{"target": -17.677148967813075, "params": {"gamma": 712.8232594770877, "log10_alpha": -3.2926342758250087, "log10_colsample_bytree": -0.9920934817117345, "log10_eta": -3.9833745555647955, "log10_lambda": 0.23729039218506998, "log10_min_child_weight": 1.0256424841304923, "log10_subsample": -0.9070915996412177, "max_depth": 3.0, "num_boost_round": 34.0}, "datetime": {"datetime": "2024-01-19 02:10:55", "elapsed": 7163.00413, "delta": 0.00828}}
{"target": -17.67714630004107, "params": {"gamma": 712.8232594770877, "log10_alpha": -3.2926342758250087, "log10_colsample_bytree": -0.9920934817117345, "log10_eta": -3.9833745555647955, "log10_lambda": 0.23729039218506998, "log10_min_child_weight": 1.0256424841304923, "log10_subsample": -0.9070915996412177, "max_depth": 3.0, "num_boost_round": 35.0}, "datetime": {"datetime": "2024-01-19 02:10:55", "elapsed": 7163.01217, "delta": 0.00804}}
{"target": -17.677142838905702, "params": {"gamma": 712.8232594770877, "log10_alpha": -3.2926342758250087, "log10_colsample_bytree": -0.9920934817117345, "log10_eta": -3.9833745555647955, "log10_lambda": 0.23729039218506998, "log10_min_child_weight": 1.0256424841304923, "log10_subsample": -0.9070915996412177, "max_depth": 3.0, "num_boost_round": 36.0}, "datetime": {"datetime": "2024-01-19 02:10:55", "elapsed": 7163.020227, "delta": 0.008057}}
{"target": -17.677141247947773, "params": {"gamma": 712.8232594770877, "log10_alpha": -3.2926342758250087, "log10_colsample_bytree": -0.9920934817117345, "log10_eta": -3.9833745555647955, "log10_lambda": 0.23729039218506998, "log10_min_child_weight": 1.0256424841304923, "log10_subsample": -0.9070915996412177, "max_depth": 3.0, "num_boost_round": 37.0}, "datetime": {"datetime": "2024-01-19 02:10:55", "elapsed": 7163.02837, "delta": 0.008143}}
{"target": -17.677140970132573, "params": {"gamma": 712.8232594770877, "log10_alpha": -3.2926342758250087, "log10_colsample_bytree": -0.9920934817117345, "log10_eta": -3.9833745555647955, "log10_lambda": 0.23729039218506998, "log10_min_child_weight": 1.0256424841304923, "log10_subsample": -0.9070915996412177, "max_depth": 3.0, "num_boost_round": 38.0}, "datetime": {"datetime": "2024-01-19 02:10:55", "elapsed": 7163.036706, "delta": 0.008336}}
{"target": -17.677138515134473, "params": {"gamma": 712.8232594770877, "log10_alpha": -3.2926342758250087, "log10_colsample_bytree": -0.9920934817117345, "log10_eta": -3.9833745555647955, "log10_lambda": 0.23729039218506998, "log10_min_child_weight": 1.0256424841304923, "log10_subsample": -0.9070915996412177, "max_depth": 3.0, "num_boost_round": 39.0}, "datetime": {"datetime": "2024-01-19 02:10:55", "elapsed": 7163.044835, "delta": 0.008129}}
