{"target": -17.676709339845203, "params": {"gamma": 412.58503150678985, "log10_alpha": -2.9968658721349977, "log10_colsample_bytree": -0.4972571815862217, "log10_eta": -3.4616166658690632, "log10_lambda": -4.341723811455883, "log10_min_child_weight": 2.1945066445698815, "log10_subsample": -0.14470432304112857, "max_depth": 9.0, "num_boost_round": 36.0}, "datetime": {"datetime": "2024-01-19 00:58:45", "elapsed": 2815.366472, "delta": 0.003649}}
{"target": -17.67669536725367, "params": {"gamma": 412.58503150678985, "log10_alpha": -2.9968658721349977, "log10_colsample_bytree": -0.4972571815862217, "log10_eta": -3.4616166658690632, "log10_lambda": -4.341723811455883, "log10_min_child_weight": 2.1945066445698815, "log10_subsample": -0.14470432304112857, "max_depth": 9.0, "num_boost_round": 37.0}, "datetime": {"datetime": "2024-01-19 00:58:45", "elapsed": 2815.370151, "delta": 0.003679}}
{"target": -17.676682906581437, "params": {"gamma": 412.58503150678985, "log10_alpha": -2.9968658721349977, "log10_colsample_bytree": -0.4972571815862217, "log10_eta": -3.4616166658690632, "log10_lambda": -4.341723811455883, "log10_min_child_weight": 2.1945066445698815, "log10_subsample": -0.14470432304112857, "max_depth": 9.0, "num_boost_round": 38.0}, "datetime": {"datetime": "2024-01-19 00:58:45", "elapsed": 2815.373819, "delta": 0.003668}}
{"target": -17.676671348571023, "params": {"gamma": 412.58503150678985, "log10_alpha": -2.9968658721349977, "log10_colsample_bytree": -0.4972571815862217, "log10_eta": -3.4616166658690632, "log10_lambda": -4.341723811455883, "log10_min_child_weight": 2.1945066445698815, "log10_subsample": -0.14470432304112857, "max_depth": 9.0, "num_boost_round": 39.0}, "datetime": {"datetime": "2024-01-19 00:58:45", "elapsed": 2815.377469, "delta": 0.00365}}
{"target": -17.67665660625331, "params": {"gamma": 412.58503150678985, "log10_alpha": -2.9968658721349977, "log10_colsample_bytree": -0.4972571815862217, "log10_eta": -3.4616166658690632, "log10_lambda": -4.341723811455883, "log10_min_child_weight": 2.1945066445698815, "log10_subsample": -0.14470432304112857, "max_depth": 9.0, "num_boost_round": 40.0}, "datetime": {"datetime": "2024-01-19 00:58:45", "elapsed": 2815.381145, "delta": 0.003676}}
{"target": -17.676641556575206, "params": {"gamma": 412.58503150678985, "log10_alpha": -2.9968658721349977, "log10_colsample_bytree": -0.4972571815862217, "log10_eta": -3.4616166658690632, "log10_lambda": -4.341723811455883, "log10_min_child_weight": 2.1945066445698815, "log10_subsample": -0.14470432304112857, "max_depth": 9.0, "num_boost_round": 41.0}, "datetime": {"datetime": "2024-01-19 00:58:45", "elapsed": 2815.384882, "delta": 0.003737}}
{"target": -17.67659842222742, "params": {"gamma": 412.58503150678985, "log10_alpha": -2.9968658721349977, "log10_colsample_bytree": -0.4972571815862217, "log10_eta": -3.4616166658690632, "log10_lambda": -4.341723811455883, "log10_min_child_weight": 2.1945066445698815, "log10_subsample": -0.14470432304112857, "max_depth": 9.0, "num_boost_round": 42.0}, "datetime": {"datetime": "2024-01-19 00:58:45", "elapsed": 2815.388584, "delta": 0.003702}}
{"target": -17.676596586054274, "params": {"gamma": 412.58503150678985, "log10_alpha": -2.9968658721349977, "log10_colsample_bytree": -0.4972571815862217, "log10_eta": -3.4616166658690632, "log10_lambda": -4.341723811455883, "log10_min_child_weight": 2.1945066445698815, "log10_subsample": -0.14470432304112857, "max_depth": 9.0, "num_boost_round": 43.0}, "datetime": {"datetime": "2024-01-19 00:58:45", "elapsed": 2815.392237, "delta": 0.003653}}
{"target": -17.677228233665065, "params": {"gamma": 407.6794838964037, "log10_alpha": -0.22104755478753102, "log10_colsample_bytree": -0.42240657407813664, "log10_eta": -3.320283696429404, "log10_lambda": -4.263421162788408, "log10_min_child_weight": 4.6246531193907945, "log10_subsample": -0.5272420539449394, "max_depth": 2.0, "num_boost_round": 0.0}, "datetime": {"datetime": "2024-01-19 00:59:28", "elapsed": 2857.898089, "delta": 42.505852}}
{"target": -17.677220583973, "params": {"gamma": 407.6794838964037, "log10_alpha": -0.22104755478753102, "log10_colsample_bytree": -0.42240657407813664, "log10_eta": -3.320283696429404, "log10_lambda": -4.263421162788408, "log10_min_child_weight": 4.6246531193907945, "log10_subsample": -0.5272420539449394, "max_depth": 2.0, "num_boost_round": 1.0}, "datetime": {"datetime": "2024-01-19 00:59:28", "elapsed": 2857.902898, "delta": 0.004809}}
{"target": -17.677221867654037, "params": {"gamma": 407.6794838964037, "log10_alpha": -0.22104755478753102, "log10_colsample_bytree": -0.42240657407813664, "log10_eta": -3.320283696429404, "log10_lambda": -4.263421162788408, "log10_min_child_weight": 4.6246531193907945, "log10_subsample": -0.5272420539449394, "max_depth": 2.0, "num_boost_round": 2.0}, "datetime": {"datetime": "2024-01-19 00:59:28", "elapsed": 2857.906756, "delta": 0.003858}}
{"target": -17.677221274466646, "params": {"gamma": 407.6794838964037, "log10_alpha": -0.22104755478753102, "log10_colsample_bytree": -0.42240657407813664, "log10_eta": -3.320283696429404, "log10_lambda": -4.263421162788408, "log10_min_child_weight": 4.6246531193907945, "log10_subsample": -0.5272420539449394, "max_depth": 2.0, "num_boost_round": 3.0}, "datetime": {"datetime": "2024-01-19 00:59:28", "elapsed": 2857.910398, "delta": 0.003642}}
{"target": -17.677219784891516, "params": {"gamma": 407.6794838964037, "log10_alpha": -0.22104755478753102, "log10_colsample_bytree": -0.42240657407813664, "log10_eta": -3.320283696429404, "log10_lambda": -4.263421162788408, "log10_min_child_weight": 4.6246531193907945, "log10_subsample": -0.5272420539449394, "max_depth": 2.0, "num_boost_round": 4.0}, "datetime": {"datetime": "2024-01-19 00:59:28", "elapsed": 2857.914044, "delta": 0.003646}}
{"target": -17.677219716692218, "params": {"gamma": 407.6794838964037, "log10_alpha": -0.22104755478753102, "log10_colsample_bytree": -0.42240657407813664, "log10_eta": -3.320283696429404, "log10_lambda": -4.263421162788408, "log10_min_child_weight": 4.6246531193907945, "log10_subsample": -0.5272420539449394, "max_depth": 2.0, "num_boost_round": 5.0}, "datetime": {"datetime": "2024-01-19 00:59:28", "elapsed": 2857.917673, "delta": 0.003629}}
{"target": -17.67722068156383, "params": {"gamma": 407.6794838964037, "log10_alpha": -0.22104755478753102, "log10_colsample_bytree": -0.42240657407813664, "log10_eta": -3.320283696429404, "log10_lambda": -4.263421162788408, "log10_min_child_weight": 4.6246531193907945, "log10_subsample": -0.5272420539449394, "max_depth": 2.0, "num_boost_round": 6.0}, "datetime": {"datetime": "2024-01-19 00:59:28", "elapsed": 2857.921338, "delta": 0.003665}}
{"target": -17.677222051806567, "params": {"gamma": 407.6794838964037, "log10_alpha": -0.22104755478753102, "log10_colsample_bytree": -0.42240657407813664, "log10_eta": -3.320283696429404, "log10_lambda": -4.263421162788408, "log10_min_child_weight": 4.6246531193907945, "log10_subsample": -0.5272420539449394, "max_depth": 2.0, "num_boost_round": 7.0}, "datetime": {"datetime": "2024-01-19 00:59:28", "elapsed": 2857.925191, "delta": 0.003853}}
{"target": -17.677216338264888, "params": {"gamma": 407.6794838964037, "log10_alpha": -0.22104755478753102, "log10_colsample_bytree": -0.42240657407813664, "log10_eta": -3.320283696429404, "log10_lambda": -4.263421162788408, "log10_min_child_weight": 4.6246531193907945, "log10_subsample": -0.5272420539449394, "max_depth": 2.0, "num_boost_round": 8.0}, "datetime": {"datetime": "2024-01-19 00:59:28", "elapsed": 2857.928856, "delta": 0.003665}}
{"target": -17.677210339081643, "params": {"gamma": 407.6794838964037, "log10_alpha": -0.22104755478753102, "log10_colsample_bytree": -0.42240657407813664, "log10_eta": -3.320283696429404, "log10_lambda": -4.263421162788408, "log10_min_child_weight": 4.6246531193907945, "log10_subsample": -0.5272420539449394, "max_depth": 2.0, "num_boost_round": 9.0}, "datetime": {"datetime": "2024-01-19 00:59:28", "elapsed": 2857.93248, "delta": 0.003624}}
{"target": -17.677212067972732, "params": {"gamma": 407.6794838964037, "log10_alpha": -0.22104755478753102, "log10_colsample_bytree": -0.42240657407813664, "log10_eta": -3.320283696429404, "log10_lambda": -4.263421162788408, "log10_min_child_weight": 4.6246531193907945, "log10_subsample": -0.5272420539449394, "max_depth": 2.0, "num_boost_round": 10.0}, "datetime": {"datetime": "2024-01-19 00:59:28", "elapsed": 2857.936063, "delta": 0.003583}}
{"target": -17.677207254187696, "params": {"gamma": 407.6794838964037, "log10_alpha": -0.22104755478753102, "log10_colsample_bytree": -0.42240657407813664, "log10_eta": -3.320283696429404, "log10_lambda": -4.263421162788408, "log10_min_child_weight": 4.6246531193907945, "log10_subsample": -0.5272420539449394, "max_depth": 2.0, "num_boost_round": 11.0}, "datetime": {"datetime": "2024-01-19 00:59:28", "elapsed": 2857.939625, "delta": 0.003562}}
{"target": -17.67720782336519, "params": {"gamma": 407.6794838964037, "log10_alpha": -0.22104755478753102, "log10_colsample_bytree": -0.42240657407813664, "log10_eta": -3.320283696429404, "log10_lambda": -4.263421162788408, "log10_min_child_weight": 4.6246531193907945, "log10_subsample": -0.5272420539449394, "max_depth": 2.0, "num_boost_round": 12.0}, "datetime": {"datetime": "2024-01-19 00:59:28", "elapsed": 2857.943431, "delta": 0.003806}}
{"target": -17.677204135042746, "params": {"gamma": 407.6794838964037, "log10_alpha": -0.22104755478753102, "log10_colsample_bytree": -0.42240657407813664, "log10_eta": -3.320283696429404, "log10_lambda": -4.263421162788408, "log10_min_child_weight": 4.6246531193907945, "log10_subsample": -0.5272420539449394, "max_depth": 2.0, "num_boost_round": 13.0}, "datetime": {"datetime": "2024-01-19 00:59:28", "elapsed": 2857.947235, "delta": 0.003804}}
{"target": -17.677205237393874, "params": {"gamma": 407.6794838964037, "log10_alpha": -0.22104755478753102, "log10_colsample_bytree": -0.42240657407813664, "log10_eta": -3.320283696429404, "log10_lambda": -4.263421162788408, "log10_min_child_weight": 4.6246531193907945, "log10_subsample": -0.5272420539449394, "max_depth": 2.0, "num_boost_round": 14.0}, "datetime": {"datetime": "2024-01-19 00:59:28", "elapsed": 2857.951033, "delta": 0.003798}}
{"target": -17.67719841231075, "params": {"gamma": 407.6794838964037, "log10_alpha": -0.22104755478753102, "log10_colsample_bytree": -0.42240657407813664, "log10_eta": -3.320283696429404, "log10_lambda": -4.263421162788408, "log10_min_child_weight": 4.6246531193907945, "log10_subsample": -0.5272420539449394, "max_depth": 2.0, "num_boost_round": 15.0}, "datetime": {"datetime": "2024-01-19 00:59:28", "elapsed": 2857.954608, "delta": 0.003575}}
{"target": -17.677198537233135, "params": {"gamma": 407.6794838964037, "log10_alpha": -0.22104755478753102, "log10_colsample_bytree": -0.42240657407813664, "log10_eta": -3.320283696429404, "log10_lambda": -4.263421162788408, "log10_min_child_weight": 4.6246531193907945, "log10_subsample": -0.5272420539449394, "max_depth": 2.0, "num_boost_round": 16.0}, "datetime": {"datetime": "2024-01-19 00:59:28", "elapsed": 2857.958185, "delta": 0.003577}}
{"target": -17.677198482560367, "params": {"gamma": 407.6794838964037, "log10_alpha": -0.22104755478753102, "log10_colsample_bytree": -0.42240657407813664, "log10_eta": -3.320283696429404, "log10_lambda": -4.263421162788408, "log10_min_child_weight": 4.6246531193907945, "log10_subsample": -0.5272420539449394, "max_depth": 2.0, "num_boost_round": 17.0}, "datetime": {"datetime": "2024-01-19 00:59:28", "elapsed": 2857.961792, "delta": 0.003607}}
{"target": -17.677193561692345, "params": {"gamma": 407.6794838964037, "log10_alpha": -0.22104755478753102, "log10_colsample_bytree": -0.42240657407813664, "log10_eta": -3.320283696429404, "log10_lambda": -4.263421162788408, "log10_min_child_weight": 4.6246531193907945, "log10_subsample": -0.5272420539449394, "max_depth": 2.0, "num_boost_round": 18.0}, "datetime": {"datetime": "2024-01-19 00:59:28", "elapsed": 2857.96554, "delta": 0.003748}}
{"target": -17.677189075638807, "params": {"gamma": 407.6794838964037, "log10_alpha": -0.22104755478753102, "log10_colsample_bytree": -0.42240657407813664, "log10_eta": -3.320283696429404, "log10_lambda": -4.263421162788408, "log10_min_child_weight": 4.6246531193907945, "log10_subsample": -0.5272420539449394, "max_depth": 2.0, "num_boost_round": 19.0}, "datetime": {"datetime": "2024-01-19 00:59:28", "elapsed": 2857.969196, "delta": 0.003656}}
{"target": -17.67718624513961, "params": {"gamma": 407.6794838964037, "log10_alpha": -0.22104755478753102, "log10_colsample_bytree": -0.42240657407813664, "log10_eta": -3.320283696429404, "log10_lambda": -4.263421162788408, "log10_min_child_weight": 4.6246531193907945, "log10_subsample": -0.5272420539449394, "max_depth": 2.0, "num_boost_round": 20.0}, "datetime": {"datetime": "2024-01-19 00:59:28", "elapsed": 2857.972951, "delta": 0.003755}}
{"target": -17.677182900734074, "params": {"gamma": 407.6794838964037, "log10_alpha": -0.22104755478753102, "log10_colsample_bytree": -0.42240657407813664, "log10_eta": -3.320283696429404, "log10_lambda": -4.263421162788408, "log10_min_child_weight": 4.6246531193907945, "log10_subsample": -0.5272420539449394, "max_depth": 2.0, "num_boost_round": 21.0}, "datetime": {"datetime": "2024-01-19 00:59:28", "elapsed": 2857.976637, "delta": 0.003686}}
{"target": -17.67717965287443, "params": {"gamma": 407.6794838964037, "log10_alpha": -0.22104755478753102, "log10_colsample_bytree": -0.42240657407813664, "log10_eta": -3.320283696429404, "log10_lambda": -4.263421162788408, "log10_min_child_weight": 4.6246531193907945, "log10_subsample": -0.5272420539449394, "max_depth": 2.0, "num_boost_round": 22.0}, "datetime": {"datetime": "2024-01-19 00:59:28", "elapsed": 2857.980291, "delta": 0.003654}}
{"target": -17.67717379775941, "params": {"gamma": 407.6794838964037, "log10_alpha": -0.22104755478753102, "log10_colsample_bytree": -0.42240657407813664, "log10_eta": -3.320283696429404, "log10_lambda": -4.263421162788408, "log10_min_child_weight": 4.6246531193907945, "log10_subsample": -0.5272420539449394, "max_depth": 2.0, "num_boost_round": 23.0}, "datetime": {"datetime": "2024-01-19 00:59:28", "elapsed": 2857.983988, "delta": 0.003697}}
{"target": -17.677174032005137, "params": {"gamma": 407.6794838964037, "log10_alpha": -0.22104755478753102, "log10_colsample_bytree": -0.42240657407813664, "log10_eta": -3.320283696429404, "log10_lambda": -4.263421162788408, "log10_min_child_weight": 4.6246531193907945, "log10_subsample": -0.5272420539449394, "max_depth": 2.0, "num_boost_round": 24.0}, "datetime": {"datetime": "2024-01-19 00:59:28", "elapsed": 2857.987593, "delta": 0.003605}}
{"target": -17.67716808003368, "params": {"gamma": 407.6794838964037, "log10_alpha": -0.22104755478753102, "log10_colsample_bytree": -0.42240657407813664, "log10_eta": -3.320283696429404, "log10_lambda": -4.263421162788408, "log10_min_child_weight": 4.6246531193907945, "log10_subsample": -0.5272420539449394, "max_depth": 2.0, "num_boost_round": 25.0}, "datetime": {"datetime": "2024-01-19 00:59:28", "elapsed": 2857.991974, "delta": 0.004381}}
{"target": -17.677169038592204, "params": {"gamma": 407.6794838964037, "log10_alpha": -0.22104755478753102, "log10_colsample_bytree": -0.42240657407813664, "log10_eta": -3.320283696429404, "log10_lambda": -4.263421162788408, "log10_min_child_weight": 4.6246531193907945, "log10_subsample": -0.5272420539449394, "max_depth": 2.0, "num_boost_round": 26.0}, "datetime": {"datetime": "2024-01-19 00:59:28", "elapsed": 2857.996297, "delta": 0.004323}}
{"target": -17.677170961890273, "params": {"gamma": 407.6794838964037, "log10_alpha": -0.22104755478753102, "log10_colsample_bytree": -0.42240657407813664, "log10_eta": -3.320283696429404, "log10_lambda": -4.263421162788408, "log10_min_child_weight": 4.6246531193907945, "log10_subsample": -0.5272420539449394, "max_depth": 2.0, "num_boost_round": 27.0}, "datetime": {"datetime": "2024-01-19 00:59:28", "elapsed": 2858.000156, "delta": 0.003859}}
{"target": -17.677163506761183, "params": {"gamma": 407.6794838964037, "log10_alpha": -0.22104755478753102, "log10_colsample_bytree": -0.42240657407813664, "log10_eta": -3.320283696429404, "log10_lambda": -4.263421162788408, "log10_min_child_weight": 4.6246531193907945, "log10_subsample": -0.5272420539449394, "max_depth": 2.0, "num_boost_round": 28.0}, "datetime": {"datetime": "2024-01-19 00:59:28", "elapsed": 2858.003844, "delta": 0.003688}}
{"target": -17.677159411332756, "params": {"gamma": 407.6794838964037, "log10_alpha": -0.22104755478753102, "log10_colsample_bytree": -0.42240657407813664, "log10_eta": -3.320283696429404, "log10_lambda": -4.263421162788408, "log10_min_child_weight": 4.6246531193907945, "log10_subsample": -0.5272420539449394, "max_depth": 2.0, "num_boost_round": 29.0}, "datetime": {"datetime": "2024-01-19 00:59:28", "elapsed": 2858.007636, "delta": 0.003792}}
{"target": -17.677160790638244, "params": {"gamma": 407.6794838964037, "log10_alpha": -0.22104755478753102, "log10_colsample_bytree": -0.42240657407813664, "log10_eta": -3.320283696429404, "log10_lambda": -4.263421162788408, "log10_min_child_weight": 4.6246531193907945, "log10_subsample": -0.5272420539449394, "max_depth": 2.0, "num_boost_round": 30.0}, "datetime": {"datetime": "2024-01-19 00:59:28", "elapsed": 2858.011545, "delta": 0.003909}}
{"target": -17.67716141343386, "params": {"gamma": 407.6794838964037, "log10_alpha": -0.22104755478753102, "log10_colsample_bytree": -0.42240657407813664, "log10_eta": -3.320283696429404, "log10_lambda": -4.263421162788408, "log10_min_child_weight": 4.6246531193907945, "log10_subsample": -0.5272420539449394, "max_depth": 2.0, "num_boost_round": 31.0}, "datetime": {"datetime": "2024-01-19 00:59:28", "elapsed": 2858.015298, "delta": 0.003753}}
{"target": -17.677160789400624, "params": {"gamma": 407.6794838964037, "log10_alpha": -0.22104755478753102, "log10_colsample_bytree": -0.42240657407813664, "log10_eta": -3.320283696429404, "log10_lambda": -4.263421162788408, "log10_min_child_weight": 4.6246531193907945, "log10_subsample": -0.5272420539449394, "max_depth": 2.0, "num_boost_round": 32.0}, "datetime": {"datetime": "2024-01-19 00:59:28", "elapsed": 2858.018982, "delta": 0.003684}}
{"target": -17.67715610969092, "params": {"gamma": 407.6794838964037, "log10_alpha": -0.22104755478753102, "log10_colsample_bytree": -0.42240657407813664, "log10_eta": -3.320283696429404, "log10_lambda": -4.263421162788408, "log10_min_child_weight": 4.6246531193907945, "log10_subsample": -0.5272420539449394, "max_depth": 2.0, "num_boost_round": 33.0}, "datetime": {"datetime": "2024-01-19 00:59:28", "elapsed": 2858.022644, "delta": 0.003662}}
{"target": -17.677158001200652, "params": {"gamma": 407.6794838964037, "log10_alpha": -0.22104755478753102, "log10_colsample_bytree": -0.42240657407813664, "log10_eta": -3.320283696429404, "log10_lambda": -4.263421162788408, "log10_min_child_weight": 4.6246531193907945, "log10_subsample": -0.5272420539449394, "max_depth": 2.0, "num_boost_round": 34.0}, "datetime": {"datetime": "2024-01-19 00:59:28", "elapsed": 2858.026297, "delta": 0.003653}}
{"target": -17.677158246408567, "params": {"gamma": 407.6794838964037, "log10_alpha": -0.22104755478753102, "log10_colsample_bytree": -0.42240657407813664, "log10_eta": -3.320283696429404, "log10_lambda": -4.263421162788408, "log10_min_child_weight": 4.6246531193907945, "log10_subsample": -0.5272420539449394, "max_depth": 2.0, "num_boost_round": 35.0}, "datetime": {"datetime": "2024-01-19 00:59:28", "elapsed": 2858.029908, "delta": 0.003611}}
{"target": -17.67715908450844, "params": {"gamma": 407.6794838964037, "log10_alpha": -0.22104755478753102, "log10_colsample_bytree": -0.42240657407813664, "log10_eta": -3.320283696429404, "log10_lambda": -4.263421162788408, "log10_min_child_weight": 4.6246531193907945, "log10_subsample": -0.5272420539449394, "max_depth": 2.0, "num_boost_round": 36.0}, "datetime": {"datetime": "2024-01-19 00:59:28", "elapsed": 2858.033509, "delta": 0.003601}}
{"target": -17.677159649471573, "params": {"gamma": 407.6794838964037, "log10_alpha": -0.22104755478753102, "log10_colsample_bytree": -0.42240657407813664, "log10_eta": -3.320283696429404, "log10_lambda": -4.263421162788408, "log10_min_child_weight": 4.6246531193907945, "log10_subsample": -0.5272420539449394, "max_depth": 2.0, "num_boost_round": 37.0}, "datetime": {"datetime": "2024-01-19 00:59:28", "elapsed": 2858.037186, "delta": 0.003677}}
{"target": -17.677157299594732, "params": {"gamma": 407.6794838964037, "log10_alpha": -0.22104755478753102, "log10_colsample_bytree": -0.42240657407813664, "log10_eta": -3.320283696429404, "log10_lambda": -4.263421162788408, "log10_min_child_weight": 4.6246531193907945, "log10_subsample": -0.5272420539449394, "max_depth": 2.0, "num_boost_round": 38.0}, "datetime": {"datetime": "2024-01-19 00:59:28", "elapsed": 2858.04081, "delta": 0.003624}}
{"target": -17.677154753717115, "params": {"gamma": 407.6794838964037, "log10_alpha": -0.22104755478753102, "log10_colsample_bytree": -0.42240657407813664, "log10_eta": -3.320283696429404, "log10_lambda": -4.263421162788408, "log10_min_child_weight": 4.6246531193907945, "log10_subsample": -0.5272420539449394, "max_depth": 2.0, "num_boost_round": 39.0}, "datetime": {"datetime": "2024-01-19 00:59:28", "elapsed": 2858.044434, "delta": 0.003624}}
{"target": -17.677154629676664, "params": {"gamma": 407.6794838964037, "log10_alpha": -0.22104755478753102, "log10_colsample_bytree": -0.42240657407813664, "log10_eta": -3.320283696429404, "log10_lambda": -4.263421162788408, "log10_min_child_weight": 4.6246531193907945, "log10_subsample": -0.5272420539449394, "max_depth": 2.0, "num_boost_round": 40.0}, "datetime": {"datetime": "2024-01-19 00:59:28", "elapsed": 2858.048047, "delta": 0.003613}}
