{"target": -17.88331859791344, "params": {"gamma": 708.0665960224557, "log10_alpha": -2.2568600097390417, "log10_colsample_bytree": -0.04642485605692526, "log10_eta": -0.07445031934935908, "log10_lambda": -3.7214112797300904, "log10_min_child_weight": 2.779076923429095, "log10_subsample": -0.687126684336933, "max_depth": 7.0, "num_boost_round": 0.0}, "datetime": {"datetime": "2024-01-19 00:39:27", "elapsed": 1674.509609, "delta": 27.95569}}
{"target": -17.96135294620067, "params": {"gamma": 708.0665960224557, "log10_alpha": -2.2568600097390417, "log10_colsample_bytree": -0.04642485605692526, "log10_eta": -0.07445031934935908, "log10_lambda": -3.7214112797300904, "log10_min_child_weight": 2.779076923429095, "log10_subsample": -0.687126684336933, "max_depth": 7.0, "num_boost_round": 1.0}, "datetime": {"datetime": "2024-01-19 00:39:27", "elapsed": 1674.512828, "delta": 0.003219}}
{"target": -18.02847405021919, "params": {"gamma": 708.0665960224557, "log10_alpha": -2.2568600097390417, "log10_colsample_bytree": -0.04642485605692526, "log10_eta": -0.07445031934935908, "log10_lambda": -3.7214112797300904, "log10_min_child_weight": 2.779076923429095, "log10_subsample": -0.687126684336933, "max_depth": 7.0, "num_boost_round": 2.0}, "datetime": {"datetime": "2024-01-19 00:39:27", "elapsed": 1674.515301, "delta": 0.002473}}
{"target": -18.1176261455037, "params": {"gamma": 708.0665960224557, "log10_alpha": -2.2568600097390417, "log10_colsample_bytree": -0.04642485605692526, "log10_eta": -0.07445031934935908, "log10_lambda": -3.7214112797300904, "log10_min_child_weight": 2.779076923429095, "log10_subsample": -0.687126684336933, "max_depth": 7.0, "num_boost_round": 3.0}, "datetime": {"datetime": "2024-01-19 00:39:27", "elapsed": 1674.517678, "delta": 0.002377}}
{"target": -18.26428890163807, "params": {"gamma": 708.0665960224557, "log10_alpha": -2.2568600097390417, "log10_colsample_bytree": -0.04642485605692526, "log10_eta": -0.07445031934935908, "log10_lambda": -3.7214112797300904, "log10_min_child_weight": 2.779076923429095, "log10_subsample": -0.687126684336933, "max_depth": 7.0, "num_boost_round": 4.0}, "datetime": {"datetime": "2024-01-19 00:39:27", "elapsed": 1674.519992, "delta": 0.002314}}
{"target": -18.419433031065896, "params": {"gamma": 708.0665960224557, "log10_alpha": -2.2568600097390417, "log10_colsample_bytree": -0.04642485605692526, "log10_eta": -0.07445031934935908, "log10_lambda": -3.7214112797300904, "log10_min_child_weight": 2.779076923429095, "log10_subsample": -0.687126684336933, "max_depth": 7.0, "num_boost_round": 5.0}, "datetime": {"datetime": "2024-01-19 00:39:27", "elapsed": 1674.522233, "delta": 0.002241}}
{"target": -18.563246248059, "params": {"gamma": 708.0665960224557, "log10_alpha": -2.2568600097390417, "log10_colsample_bytree": -0.04642485605692526, "log10_eta": -0.07445031934935908, "log10_lambda": -3.7214112797300904, "log10_min_child_weight": 2.779076923429095, "log10_subsample": -0.687126684336933, "max_depth": 7.0, "num_boost_round": 6.0}, "datetime": {"datetime": "2024-01-19 00:39:27", "elapsed": 1674.524471, "delta": 0.002238}}
{"target": -18.65704874326861, "params": {"gamma": 708.0665960224557, "log10_alpha": -2.2568600097390417, "log10_colsample_bytree": -0.04642485605692526, "log10_eta": -0.07445031934935908, "log10_lambda": -3.7214112797300904, "log10_min_child_weight": 2.779076923429095, "log10_subsample": -0.687126684336933, "max_depth": 7.0, "num_boost_round": 7.0}, "datetime": {"datetime": "2024-01-19 00:39:27", "elapsed": 1674.526712, "delta": 0.002241}}
{"target": -18.7098430415307, "params": {"gamma": 708.0665960224557, "log10_alpha": -2.2568600097390417, "log10_colsample_bytree": -0.04642485605692526, "log10_eta": -0.07445031934935908, "log10_lambda": -3.7214112797300904, "log10_min_child_weight": 2.779076923429095, "log10_subsample": -0.687126684336933, "max_depth": 7.0, "num_boost_round": 8.0}, "datetime": {"datetime": "2024-01-19 00:39:27", "elapsed": 1674.529103, "delta": 0.002391}}
{"target": -18.73352778857247, "params": {"gamma": 708.0665960224557, "log10_alpha": -2.2568600097390417, "log10_colsample_bytree": -0.04642485605692526, "log10_eta": -0.07445031934935908, "log10_lambda": -3.7214112797300904, "log10_min_child_weight": 2.779076923429095, "log10_subsample": -0.687126684336933, "max_depth": 7.0, "num_boost_round": 9.0}, "datetime": {"datetime": "2024-01-19 00:39:27", "elapsed": 1674.531564, "delta": 0.002461}}
{"target": -18.836831224918164, "params": {"gamma": 708.0665960224557, "log10_alpha": -2.2568600097390417, "log10_colsample_bytree": -0.04642485605692526, "log10_eta": -0.07445031934935908, "log10_lambda": -3.7214112797300904, "log10_min_child_weight": 2.779076923429095, "log10_subsample": -0.687126684336933, "max_depth": 7.0, "num_boost_round": 10.0}, "datetime": {"datetime": "2024-01-19 00:39:27", "elapsed": 1674.533947, "delta": 0.002383}}
{"target": -18.886072353876703, "params": {"gamma": 708.0665960224557, "log10_alpha": -2.2568600097390417, "log10_colsample_bytree": -0.04642485605692526, "log10_eta": -0.07445031934935908, "log10_lambda": -3.7214112797300904, "log10_min_child_weight": 2.779076923429095, "log10_subsample": -0.687126684336933, "max_depth": 7.0, "num_boost_round": 11.0}, "datetime": {"datetime": "2024-01-19 00:39:27", "elapsed": 1674.536324, "delta": 0.002377}}
{"target": -18.92649211426781, "params": {"gamma": 708.0665960224557, "log10_alpha": -2.2568600097390417, "log10_colsample_bytree": -0.04642485605692526, "log10_eta": -0.07445031934935908, "log10_lambda": -3.7214112797300904, "log10_min_child_weight": 2.779076923429095, "log10_subsample": -0.687126684336933, "max_depth": 7.0, "num_boost_round": 12.0}, "datetime": {"datetime": "2024-01-19 00:39:27", "elapsed": 1674.538582, "delta": 0.002258}}
{"target": -18.96615306073803, "params": {"gamma": 708.0665960224557, "log10_alpha": -2.2568600097390417, "log10_colsample_bytree": -0.04642485605692526, "log10_eta": -0.07445031934935908, "log10_lambda": -3.7214112797300904, "log10_min_child_weight": 2.779076923429095, "log10_subsample": -0.687126684336933, "max_depth": 7.0, "num_boost_round": 13.0}, "datetime": {"datetime": "2024-01-19 00:39:27", "elapsed": 1674.540855, "delta": 0.002273}}
{"target": -19.0316281507018, "params": {"gamma": 708.0665960224557, "log10_alpha": -2.2568600097390417, "log10_colsample_bytree": -0.04642485605692526, "log10_eta": -0.07445031934935908, "log10_lambda": -3.7214112797300904, "log10_min_child_weight": 2.779076923429095, "log10_subsample": -0.687126684336933, "max_depth": 7.0, "num_boost_round": 14.0}, "datetime": {"datetime": "2024-01-19 00:39:27", "elapsed": 1674.543141, "delta": 0.002286}}
{"target": -19.042766904058706, "params": {"gamma": 708.0665960224557, "log10_alpha": -2.2568600097390417, "log10_colsample_bytree": -0.04642485605692526, "log10_eta": -0.07445031934935908, "log10_lambda": -3.7214112797300904, "log10_min_child_weight": 2.779076923429095, "log10_subsample": -0.687126684336933, "max_depth": 7.0, "num_boost_round": 15.0}, "datetime": {"datetime": "2024-01-19 00:39:27", "elapsed": 1674.545405, "delta": 0.002264}}
{"target": -19.058530438302384, "params": {"gamma": 708.0665960224557, "log10_alpha": -2.2568600097390417, "log10_colsample_bytree": -0.04642485605692526, "log10_eta": -0.07445031934935908, "log10_lambda": -3.7214112797300904, "log10_min_child_weight": 2.779076923429095, "log10_subsample": -0.687126684336933, "max_depth": 7.0, "num_boost_round": 16.0}, "datetime": {"datetime": "2024-01-19 00:39:27", "elapsed": 1674.547724, "delta": 0.002319}}
{"target": -19.121532764069162, "params": {"gamma": 708.0665960224557, "log10_alpha": -2.2568600097390417, "log10_colsample_bytree": -0.04642485605692526, "log10_eta": -0.07445031934935908, "log10_lambda": -3.7214112797300904, "log10_min_child_weight": 2.779076923429095, "log10_subsample": -0.687126684336933, "max_depth": 7.0, "num_boost_round": 17.0}, "datetime": {"datetime": "2024-01-19 00:39:27", "elapsed": 1674.550053, "delta": 0.002329}}
{"target": -19.146696827980037, "params": {"gamma": 708.0665960224557, "log10_alpha": -2.2568600097390417, "log10_colsample_bytree": -0.04642485605692526, "log10_eta": -0.07445031934935908, "log10_lambda": -3.7214112797300904, "log10_min_child_weight": 2.779076923429095, "log10_subsample": -0.687126684336933, "max_depth": 7.0, "num_boost_round": 18.0}, "datetime": {"datetime": "2024-01-19 00:39:27", "elapsed": 1674.552315, "delta": 0.002262}}
{"target": -17.677230104127986, "params": {"gamma": 712.4686599647314, "log10_alpha": -2.7575428042330756, "log10_colsample_bytree": -0.09356304663923028, "log10_eta": -4.0, "log10_lambda": -3.1080348275396554, "log10_min_child_weight": 0.0, "log10_subsample": -0.4342907920377573, "max_depth": 2.0, "num_boost_round": 0.0}, "datetime": {"datetime": "2024-01-19 00:40:04", "elapsed": 1711.62624, "delta": 37.073925}}
{"target": -17.677227275931948, "params": {"gamma": 712.4686599647314, "log10_alpha": -2.7575428042330756, "log10_colsample_bytree": -0.09356304663923028, "log10_eta": -4.0, "log10_lambda": -3.1080348275396554, "log10_min_child_weight": 0.0, "log10_subsample": -0.4342907920377573, "max_depth": 2.0, "num_boost_round": 1.0}, "datetime": {"datetime": "2024-01-19 00:40:04", "elapsed": 1711.62941, "delta": 0.00317}}
{"target": -17.677224886175924, "params": {"gamma": 712.4686599647314, "log10_alpha": -2.7575428042330756, "log10_colsample_bytree": -0.09356304663923028, "log10_eta": -4.0, "log10_lambda": -3.1080348275396554, "log10_min_child_weight": 0.0, "log10_subsample": -0.4342907920377573, "max_depth": 2.0, "num_boost_round": 2.0}, "datetime": {"datetime": "2024-01-19 00:40:04", "elapsed": 1711.632337, "delta": 0.002927}}
{"target": -17.67722322185833, "params": {"gamma": 712.4686599647314, "log10_alpha": -2.7575428042330756, "log10_colsample_bytree": -0.09356304663923028, "log10_eta": -4.0, "log10_lambda": -3.1080348275396554, "log10_min_child_weight": 0.0, "log10_subsample": -0.4342907920377573, "max_depth": 2.0, "num_boost_round": 3.0}, "datetime": {"datetime": "2024-01-19 00:40:04", "elapsed": 1711.634608, "delta": 0.002271}}
{"target": -17.677221505355558, "params": {"gamma": 712.4686599647314, "log10_alpha": -2.7575428042330756, "log10_colsample_bytree": -0.09356304663923028, "log10_eta": -4.0, "log10_lambda": -3.1080348275396554, "log10_min_child_weight": 0.0, "log10_subsample": -0.4342907920377573, "max_depth": 2.0, "num_boost_round": 4.0}, "datetime": {"datetime": "2024-01-19 00:40:04", "elapsed": 1711.636997, "delta": 0.002389}}
{"target": -17.677218705989258, "params": {"gamma": 712.4686599647314, "log10_alpha": -2.7575428042330756, "log10_colsample_bytree": -0.09356304663923028, "log10_eta": -4.0, "log10_lambda": -3.1080348275396554, "log10_min_child_weight": 0.0, "log10_subsample": -0.4342907920377573, "max_depth": 2.0, "num_boost_round": 5.0}, "datetime": {"datetime": "2024-01-19 00:40:04", "elapsed": 1711.639268, "delta": 0.002271}}
{"target": -17.677215011899033, "params": {"gamma": 712.4686599647314, "log10_alpha": -2.7575428042330756, "log10_colsample_bytree": -0.09356304663923028, "log10_eta": -4.0, "log10_lambda": -3.1080348275396554, "log10_min_child_weight": 0.0, "log10_subsample": -0.4342907920377573, "max_depth": 2.0, "num_boost_round": 6.0}, "datetime": {"datetime": "2024-01-19 00:40:04", "elapsed": 1711.641504, "delta": 0.002236}}
{"target": -17.677212150861564, "params": {"gamma": 712.4686599647314, "log10_alpha": -2.7575428042330756, "log10_colsample_bytree": -0.09356304663923028, "log10_eta": -4.0, "log10_lambda": -3.1080348275396554, "log10_min_child_weight": 0.0, "log10_subsample": -0.4342907920377573, "max_depth": 2.0, "num_boost_round": 7.0}, "datetime": {"datetime": "2024-01-19 00:40:04", "elapsed": 1711.643759, "delta": 0.002255}}
{"target": -17.677209404595025, "params": {"gamma": 712.4686599647314, "log10_alpha": -2.7575428042330756, "log10_colsample_bytree": -0.09356304663923028, "log10_eta": -4.0, "log10_lambda": -3.1080348275396554, "log10_min_child_weight": 0.0, "log10_subsample": -0.4342907920377573, "max_depth": 2.0, "num_boost_round": 8.0}, "datetime": {"datetime": "2024-01-19 00:40:04", "elapsed": 1711.645994, "delta": 0.002235}}
{"target": -17.677206583879602, "params": {"gamma": 712.4686599647314, "log10_alpha": -2.7575428042330756, "log10_colsample_bytree": -0.09356304663923028, "log10_eta": -4.0, "log10_lambda": -3.1080348275396554, "log10_min_child_weight": 0.0, "log10_subsample": -0.4342907920377573, "max_depth": 2.0, "num_boost_round": 9.0}, "datetime": {"datetime": "2024-01-19 00:40:04", "elapsed": 1711.648351, "delta": 0.002357}}
{"target": -17.67720370392717, "params": {"gamma": 712.4686599647314, "log10_alpha": -2.7575428042330756, "log10_colsample_bytree": -0.09356304663923028, "log10_eta": -4.0, "log10_lambda": -3.1080348275396554, "log10_min_child_weight": 0.0, "log10_subsample": -0.4342907920377573, "max_depth": 2.0, "num_boost_round": 10.0}, "datetime": {"datetime": "2024-01-19 00:40:04", "elapsed": 1711.650593, "delta": 0.002242}}
{"target": -17.677200867418428, "params": {"gamma": 712.4686599647314, "log10_alpha": -2.7575428042330756, "log10_colsample_bytree": -0.09356304663923028, "log10_eta": -4.0, "log10_lambda": -3.1080348275396554, "log10_min_child_weight": 0.0, "log10_subsample": -0.4342907920377573, "max_depth": 2.0, "num_boost_round": 11.0}, "datetime": {"datetime": "2024-01-19 00:40:04", "elapsed": 1711.652841, "delta": 0.002248}}
{"target": -17.677198187943556, "params": {"gamma": 712.4686599647314, "log10_alpha": -2.7575428042330756, "log10_colsample_bytree": -0.09356304663923028, "log10_eta": -4.0, "log10_lambda": -3.1080348275396554, "log10_min_child_weight": 0.0, "log10_subsample": -0.4342907920377573, "max_depth": 2.0, "num_boost_round": 12.0}, "datetime": {"datetime": "2024-01-19 00:40:04", "elapsed": 1711.655098, "delta": 0.002257}}
{"target": -17.677195308438918, "params": {"gamma": 712.4686599647314, "log10_alpha": -2.7575428042330756, "log10_colsample_bytree": -0.09356304663923028, "log10_eta": -4.0, "log10_lambda": -3.1080348275396554, "log10_min_child_weight": 0.0, "log10_subsample": -0.4342907920377573, "max_depth": 2.0, "num_boost_round": 13.0}, "datetime": {"datetime": "2024-01-19 00:40:04", "elapsed": 1711.65742, "delta": 0.002322}}
{"target": -17.67719260524868, "params": {"gamma": 712.4686599647314, "log10_alpha": -2.7575428042330756, "log10_colsample_bytree": -0.09356304663923028, "log10_eta": -4.0, "log10_lambda": -3.1080348275396554, "log10_min_child_weight": 0.0, "log10_subsample": -0.4342907920377573, "max_depth": 2.0, "num_boost_round": 14.0}, "datetime": {"datetime": "2024-01-19 00:40:04", "elapsed": 1711.659683, "delta": 0.002263}}
{"target": -17.677189560260757, "params": {"gamma": 712.4686599647314, "log10_alpha": -2.7575428042330756, "log10_colsample_bytree": -0.09356304663923028, "log10_eta": -4.0, "log10_lambda": -3.1080348275396554, "log10_min_child_weight": 0.0, "log10_subsample": -0.4342907920377573, "max_depth": 2.0, "num_boost_round": 15.0}, "datetime": {"datetime": "2024-01-19 00:40:04", "elapsed": 1711.661898, "delta": 0.002215}}
{"target": -17.677229597925546, "params": {"gamma": 719.2050861568855, "log10_alpha": -1.2631638680144563, "log10_colsample_bytree": -0.9083473951938875, "log10_eta": -3.936391185989307, "log10_lambda": 0.8842883076294674, "log10_min_child_weight": 2.9785186092902576, "log10_subsample": -0.33942440038551835, "max_depth": 3.0, "num_boost_round": 0.0}, "datetime": {"datetime": "2024-01-19 00:40:35", "elapsed": 1742.672616, "delta": 31.010718}}
{"target": -17.677228828396423, "params": {"gamma": 719.2050861568855, "log10_alpha": -1.2631638680144563, "log10_colsample_bytree": -0.9083473951938875, "log10_eta": -3.936391185989307, "log10_lambda": 0.8842883076294674, "log10_min_child_weight": 2.9785186092902576, "log10_subsample": -0.33942440038551835, "max_depth": 3.0, "num_boost_round": 1.0}, "datetime": {"datetime": "2024-01-19 00:40:35", "elapsed": 1742.675859, "delta": 0.003243}}
{"target": -17.677227883802793, "params": {"gamma": 719.2050861568855, "log10_alpha": -1.2631638680144563, "log10_colsample_bytree": -0.9083473951938875, "log10_eta": -3.936391185989307, "log10_lambda": 0.8842883076294674, "log10_min_child_weight": 2.9785186092902576, "log10_subsample": -0.33942440038551835, "max_depth": 3.0, "num_boost_round": 2.0}, "datetime": {"datetime": "2024-01-19 00:40:35", "elapsed": 1742.678595, "delta": 0.002736}}
{"target": -17.677225569583545, "params": {"gamma": 719.2050861568855, "log10_alpha": -1.2631638680144563, "log10_colsample_bytree": -0.9083473951938875, "log10_eta": -3.936391185989307, "log10_lambda": 0.8842883076294674, "log10_min_child_weight": 2.9785186092902576, "log10_subsample": -0.33942440038551835, "max_depth": 3.0, "num_boost_round": 3.0}, "datetime": {"datetime": "2024-01-19 00:40:35", "elapsed": 1742.681012, "delta": 0.002417}}
{"target": -17.67722249983448, "params": {"gamma": 719.2050861568855, "log10_alpha": -1.2631638680144563, "log10_colsample_bytree": -0.9083473951938875, "log10_eta": -3.936391185989307, "log10_lambda": 0.8842883076294674, "log10_min_child_weight": 2.9785186092902576, "log10_subsample": -0.33942440038551835, "max_depth": 3.0, "num_boost_round": 4.0}, "datetime": {"datetime": "2024-01-19 00:40:35", "elapsed": 1742.683276, "delta": 0.002264}}
{"target": -17.677219977729337, "params": {"gamma": 719.2050861568855, "log10_alpha": -1.2631638680144563, "log10_colsample_bytree": -0.9083473951938875, "log10_eta": -3.936391185989307, "log10_lambda": 0.8842883076294674, "log10_min_child_weight": 2.9785186092902576, "log10_subsample": -0.33942440038551835, "max_depth": 3.0, "num_boost_round": 5.0}, "datetime": {"datetime": "2024-01-19 00:40:35", "elapsed": 1742.685536, "delta": 0.00226}}
{"target": -17.677219552184006, "params": {"gamma": 719.2050861568855, "log10_alpha": -1.2631638680144563, "log10_colsample_bytree": -0.9083473951938875, "log10_eta": -3.936391185989307, "log10_lambda": 0.8842883076294674, "log10_min_child_weight": 2.9785186092902576, "log10_subsample": -0.33942440038551835, "max_depth": 3.0, "num_boost_round": 6.0}, "datetime": {"datetime": "2024-01-19 00:40:35", "elapsed": 1742.687968, "delta": 0.002432}}
{"target": -17.67721319718531, "params": {"gamma": 719.2050861568855, "log10_alpha": -1.2631638680144563, "log10_colsample_bytree": -0.9083473951938875, "log10_eta": -3.936391185989307, "log10_lambda": 0.8842883076294674, "log10_min_child_weight": 2.9785186092902576, "log10_subsample": -0.33942440038551835, "max_depth": 3.0, "num_boost_round": 7.0}, "datetime": {"datetime": "2024-01-19 00:40:35", "elapsed": 1742.690256, "delta": 0.002288}}
{"target": -17.677212286515935, "params": {"gamma": 719.2050861568855, "log10_alpha": -1.2631638680144563, "log10_colsample_bytree": -0.9083473951938875, "log10_eta": -3.936391185989307, "log10_lambda": 0.8842883076294674, "log10_min_child_weight": 2.9785186092902576, "log10_subsample": -0.33942440038551835, "max_depth": 3.0, "num_boost_round": 8.0}, "datetime": {"datetime": "2024-01-19 00:40:35", "elapsed": 1742.692504, "delta": 0.002248}}
{"target": -17.677210928517766, "params": {"gamma": 719.2050861568855, "log10_alpha": -1.2631638680144563, "log10_colsample_bytree": -0.9083473951938875, "log10_eta": -3.936391185989307, "log10_lambda": 0.8842883076294674, "log10_min_child_weight": 2.9785186092902576, "log10_subsample": -0.33942440038551835, "max_depth": 3.0, "num_boost_round": 9.0}, "datetime": {"datetime": "2024-01-19 00:40:35", "elapsed": 1742.694788, "delta": 0.002284}}
{"target": -17.67720765824793, "params": {"gamma": 719.2050861568855, "log10_alpha": -1.2631638680144563, "log10_colsample_bytree": -0.9083473951938875, "log10_eta": -3.936391185989307, "log10_lambda": 0.8842883076294674, "log10_min_child_weight": 2.9785186092902576, "log10_subsample": -0.33942440038551835, "max_depth": 3.0, "num_boost_round": 10.0}, "datetime": {"datetime": "2024-01-19 00:40:35", "elapsed": 1742.697141, "delta": 0.002353}}
{"target": -17.67720308490688, "params": {"gamma": 719.2050861568855, "log10_alpha": -1.2631638680144563, "log10_colsample_bytree": -0.9083473951938875, "log10_eta": -3.936391185989307, "log10_lambda": 0.8842883076294674, "log10_min_child_weight": 2.9785186092902576, "log10_subsample": -0.33942440038551835, "max_depth": 3.0, "num_boost_round": 11.0}, "datetime": {"datetime": "2024-01-19 00:40:35", "elapsed": 1742.699408, "delta": 0.002267}}
{"target": -17.67719899752938, "params": {"gamma": 719.2050861568855, "log10_alpha": -1.2631638680144563, "log10_colsample_bytree": -0.9083473951938875, "log10_eta": -3.936391185989307, "log10_lambda": 0.8842883076294674, "log10_min_child_weight": 2.9785186092902576, "log10_subsample": -0.33942440038551835, "max_depth": 3.0, "num_boost_round": 12.0}, "datetime": {"datetime": "2024-01-19 00:40:35", "elapsed": 1742.701691, "delta": 0.002283}}
{"target": -17.677196169110506, "params": {"gamma": 719.2050861568855, "log10_alpha": -1.2631638680144563, "log10_colsample_bytree": -0.9083473951938875, "log10_eta": -3.936391185989307, "log10_lambda": 0.8842883076294674, "log10_min_child_weight": 2.9785186092902576, "log10_subsample": -0.33942440038551835, "max_depth": 3.0, "num_boost_round": 13.0}, "datetime": {"datetime": "2024-01-19 00:40:35", "elapsed": 1742.703947, "delta": 0.002256}}
{"target": -17.67722914533808, "params": {"gamma": 711.3085549503809, "log10_alpha": -3.2668153993030318, "log10_colsample_bytree": -0.5973859789131332, "log10_eta": -4.0, "log10_lambda": -3.224839040070605, "log10_min_child_weight": 0.0, "log10_subsample": -0.41678404550944487, "max_depth": 3.0, "num_boost_round": 0.0}, "datetime": {"datetime": "2024-01-19 00:41:08", "elapsed": 1775.49189, "delta": 32.787943}}
