{"target": -17.6772271224259, "params": {"gamma": 957.005739259333, "log10_alpha": -4.781569414821808, "log10_colsample_bytree": -0.5677843238883379, "log10_eta": -3.5707898368046216, "log10_lambda": -1.091751940596001, "log10_min_child_weight": 4.521830301379453, "log10_subsample": -0.8067504378340672, "max_depth": 6.0, "num_boost_round": 3.0}, "datetime": {"datetime": "2024-01-19 00:47:23", "elapsed": 2137.241716, "delta": 0.002493}}
{"target": -17.67722804937991, "params": {"gamma": 957.005739259333, "log10_alpha": -4.781569414821808, "log10_colsample_bytree": -0.5677843238883379, "log10_eta": -3.5707898368046216, "log10_lambda": -1.091751940596001, "log10_min_child_weight": 4.521830301379453, "log10_subsample": -0.8067504378340672, "max_depth": 6.0, "num_boost_round": 4.0}, "datetime": {"datetime": "2024-01-19 00:47:23", "elapsed": 2137.24427, "delta": 0.002554}}
{"target": -17.677229479007643, "params": {"gamma": 957.005739259333, "log10_alpha": -4.781569414821808, "log10_colsample_bytree": -0.5677843238883379, "log10_eta": -3.5707898368046216, "log10_lambda": -1.091751940596001, "log10_min_child_weight": 4.521830301379453, "log10_subsample": -0.8067504378340672, "max_depth": 6.0, "num_boost_round": 5.0}, "datetime": {"datetime": "2024-01-19 00:47:23", "elapsed": 2137.246752, "delta": 0.002482}}
{"target": -17.6772290501151, "params": {"gamma": 957.005739259333, "log10_alpha": -4.781569414821808, "log10_colsample_bytree": -0.5677843238883379, "log10_eta": -3.5707898368046216, "log10_lambda": -1.091751940596001, "log10_min_child_weight": 4.521830301379453, "log10_subsample": -0.8067504378340672, "max_depth": 6.0, "num_boost_round": 6.0}, "datetime": {"datetime": "2024-01-19 00:47:23", "elapsed": 2137.249243, "delta": 0.002491}}
{"target": -17.677229403830175, "params": {"gamma": 957.005739259333, "log10_alpha": -4.781569414821808, "log10_colsample_bytree": -0.5677843238883379, "log10_eta": -3.5707898368046216, "log10_lambda": -1.091751940596001, "log10_min_child_weight": 4.521830301379453, "log10_subsample": -0.8067504378340672, "max_depth": 6.0, "num_boost_round": 7.0}, "datetime": {"datetime": "2024-01-19 00:47:23", "elapsed": 2137.251832, "delta": 0.002589}}
{"target": -17.677224414838374, "params": {"gamma": 957.005739259333, "log10_alpha": -4.781569414821808, "log10_colsample_bytree": -0.5677843238883379, "log10_eta": -3.5707898368046216, "log10_lambda": -1.091751940596001, "log10_min_child_weight": 4.521830301379453, "log10_subsample": -0.8067504378340672, "max_depth": 6.0, "num_boost_round": 8.0}, "datetime": {"datetime": "2024-01-19 00:47:23", "elapsed": 2137.254311, "delta": 0.002479}}
{"target": -17.67722196899466, "params": {"gamma": 957.005739259333, "log10_alpha": -4.781569414821808, "log10_colsample_bytree": -0.5677843238883379, "log10_eta": -3.5707898368046216, "log10_lambda": -1.091751940596001, "log10_min_child_weight": 4.521830301379453, "log10_subsample": -0.8067504378340672, "max_depth": 6.0, "num_boost_round": 9.0}, "datetime": {"datetime": "2024-01-19 00:47:23", "elapsed": 2137.256779, "delta": 0.002468}}
{"target": -17.677218358717774, "params": {"gamma": 957.005739259333, "log10_alpha": -4.781569414821808, "log10_colsample_bytree": -0.5677843238883379, "log10_eta": -3.5707898368046216, "log10_lambda": -1.091751940596001, "log10_min_child_weight": 4.521830301379453, "log10_subsample": -0.8067504378340672, "max_depth": 6.0, "num_boost_round": 10.0}, "datetime": {"datetime": "2024-01-19 00:47:23", "elapsed": 2137.25928, "delta": 0.002501}}
{"target": -17.6772155387533, "params": {"gamma": 957.005739259333, "log10_alpha": -4.781569414821808, "log10_colsample_bytree": -0.5677843238883379, "log10_eta": -3.5707898368046216, "log10_lambda": -1.091751940596001, "log10_min_child_weight": 4.521830301379453, "log10_subsample": -0.8067504378340672, "max_depth": 6.0, "num_boost_round": 11.0}, "datetime": {"datetime": "2024-01-19 00:47:23", "elapsed": 2137.261749, "delta": 0.002469}}
{"target": -17.677211653560303, "params": {"gamma": 957.005739259333, "log10_alpha": -4.781569414821808, "log10_colsample_bytree": -0.5677843238883379, "log10_eta": -3.5707898368046216, "log10_lambda": -1.091751940596001, "log10_min_child_weight": 4.521830301379453, "log10_subsample": -0.8067504378340672, "max_depth": 6.0, "num_boost_round": 12.0}, "datetime": {"datetime": "2024-01-19 00:47:23", "elapsed": 2137.264349, "delta": 0.0026}}
{"target": -17.677211901762085, "params": {"gamma": 957.005739259333, "log10_alpha": -4.781569414821808, "log10_colsample_bytree": -0.5677843238883379, "log10_eta": -3.5707898368046216, "log10_lambda": -1.091751940596001, "log10_min_child_weight": 4.521830301379453, "log10_subsample": -0.8067504378340672, "max_depth": 6.0, "num_boost_round": 13.0}, "datetime": {"datetime": "2024-01-19 00:47:23", "elapsed": 2137.266858, "delta": 0.002509}}
{"target": -17.67721181814224, "params": {"gamma": 957.005739259333, "log10_alpha": -4.781569414821808, "log10_colsample_bytree": -0.5677843238883379, "log10_eta": -3.5707898368046216, "log10_lambda": -1.091751940596001, "log10_min_child_weight": 4.521830301379453, "log10_subsample": -0.8067504378340672, "max_depth": 6.0, "num_boost_round": 14.0}, "datetime": {"datetime": "2024-01-19 00:47:23", "elapsed": 2137.269315, "delta": 0.002457}}
{"target": -17.677208883614792, "params": {"gamma": 957.005739259333, "log10_alpha": -4.781569414821808, "log10_colsample_bytree": -0.5677843238883379, "log10_eta": -3.5707898368046216, "log10_lambda": -1.091751940596001, "log10_min_child_weight": 4.521830301379453, "log10_subsample": -0.8067504378340672, "max_depth": 6.0, "num_boost_round": 15.0}, "datetime": {"datetime": "2024-01-19 00:47:23", "elapsed": 2137.271888, "delta": 0.002573}}
{"target": -17.677205535311177, "params": {"gamma": 957.005739259333, "log10_alpha": -4.781569414821808, "log10_colsample_bytree": -0.5677843238883379, "log10_eta": -3.5707898368046216, "log10_lambda": -1.091751940596001, "log10_min_child_weight": 4.521830301379453, "log10_subsample": -0.8067504378340672, "max_depth": 6.0, "num_boost_round": 16.0}, "datetime": {"datetime": "2024-01-19 00:47:23", "elapsed": 2137.274381, "delta": 0.002493}}
{"target": -17.677205041260276, "params": {"gamma": 957.005739259333, "log10_alpha": -4.781569414821808, "log10_colsample_bytree": -0.5677843238883379, "log10_eta": -3.5707898368046216, "log10_lambda": -1.091751940596001, "log10_min_child_weight": 4.521830301379453, "log10_subsample": -0.8067504378340672, "max_depth": 6.0, "num_boost_round": 17.0}, "datetime": {"datetime": "2024-01-19 00:47:23", "elapsed": 2137.276875, "delta": 0.002494}}
{"target": -17.67720298913057, "params": {"gamma": 957.005739259333, "log10_alpha": -4.781569414821808, "log10_colsample_bytree": -0.5677843238883379, "log10_eta": -3.5707898368046216, "log10_lambda": -1.091751940596001, "log10_min_child_weight": 4.521830301379453, "log10_subsample": -0.8067504378340672, "max_depth": 6.0, "num_boost_round": 18.0}, "datetime": {"datetime": "2024-01-19 00:47:23", "elapsed": 2137.27933, "delta": 0.002455}}
{"target": -17.67667525396214, "params": {"gamma": 973.7760052316238, "log10_alpha": -4.850029506482209, "log10_colsample_bytree": -0.9004608012764341, "log10_eta": -1.9963563649539635, "log10_lambda": -0.9351617554864093, "log10_min_child_weight": 1.6788431816294958, "log10_subsample": -0.9978335088472001, "max_depth": 9.0, "num_boost_round": 0.0}, "datetime": {"datetime": "2024-01-19 00:48:06", "elapsed": 2179.995617, "delta": 42.716287}}
{"target": -17.676886663640623, "params": {"gamma": 973.7760052316238, "log10_alpha": -4.850029506482209, "log10_colsample_bytree": -0.9004608012764341, "log10_eta": -1.9963563649539635, "log10_lambda": -0.9351617554864093, "log10_min_child_weight": 1.6788431816294958, "log10_subsample": -0.9978335088472001, "max_depth": 9.0, "num_boost_round": 1.0}, "datetime": {"datetime": "2024-01-19 00:48:06", "elapsed": 2179.999011, "delta": 0.003394}}
{"target": -17.67666119646764, "params": {"gamma": 973.7760052316238, "log10_alpha": -4.850029506482209, "log10_colsample_bytree": -0.9004608012764341, "log10_eta": -1.9963563649539635, "log10_lambda": -0.9351617554864093, "log10_min_child_weight": 1.6788431816294958, "log10_subsample": -0.9978335088472001, "max_depth": 9.0, "num_boost_round": 2.0}, "datetime": {"datetime": "2024-01-19 00:48:06", "elapsed": 2180.001722, "delta": 0.002711}}
{"target": -17.67648918439379, "params": {"gamma": 973.7760052316238, "log10_alpha": -4.850029506482209, "log10_colsample_bytree": -0.9004608012764341, "log10_eta": -1.9963563649539635, "log10_lambda": -0.9351617554864093, "log10_min_child_weight": 1.6788431816294958, "log10_subsample": -0.9978335088472001, "max_depth": 9.0, "num_boost_round": 3.0}, "datetime": {"datetime": "2024-01-19 00:48:06", "elapsed": 2180.00424, "delta": 0.002518}}
{"target": -17.67601154369294, "params": {"gamma": 973.7760052316238, "log10_alpha": -4.850029506482209, "log10_colsample_bytree": -0.9004608012764341, "log10_eta": -1.9963563649539635, "log10_lambda": -0.9351617554864093, "log10_min_child_weight": 1.6788431816294958, "log10_subsample": -0.9978335088472001, "max_depth": 9.0, "num_boost_round": 4.0}, "datetime": {"datetime": "2024-01-19 00:48:06", "elapsed": 2180.00671, "delta": 0.00247}}
{"target": -17.676119196491015, "params": {"gamma": 973.7760052316238, "log10_alpha": -4.850029506482209, "log10_colsample_bytree": -0.9004608012764341, "log10_eta": -1.9963563649539635, "log10_lambda": -0.9351617554864093, "log10_min_child_weight": 1.6788431816294958, "log10_subsample": -0.9978335088472001, "max_depth": 9.0, "num_boost_round": 5.0}, "datetime": {"datetime": "2024-01-19 00:48:06", "elapsed": 2180.00914, "delta": 0.00243}}
{"target": -17.67605960646634, "params": {"gamma": 973.7760052316238, "log10_alpha": -4.850029506482209, "log10_colsample_bytree": -0.9004608012764341, "log10_eta": -1.9963563649539635, "log10_lambda": -0.9351617554864093, "log10_min_child_weight": 1.6788431816294958, "log10_subsample": -0.9978335088472001, "max_depth": 9.0, "num_boost_round": 6.0}, "datetime": {"datetime": "2024-01-19 00:48:06", "elapsed": 2180.011824, "delta": 0.002684}}
{"target": -17.67518603488715, "params": {"gamma": 973.7760052316238, "log10_alpha": -4.850029506482209, "log10_colsample_bytree": -0.9004608012764341, "log10_eta": -1.9963563649539635, "log10_lambda": -0.9351617554864093, "log10_min_child_weight": 1.6788431816294958, "log10_subsample": -0.9978335088472001, "max_depth": 9.0, "num_boost_round": 7.0}, "datetime": {"datetime": "2024-01-19 00:48:06", "elapsed": 2180.01437, "delta": 0.002546}}
{"target": -17.67513212298065, "params": {"gamma": 973.7760052316238, "log10_alpha": -4.850029506482209, "log10_colsample_bytree": -0.9004608012764341, "log10_eta": -1.9963563649539635, "log10_lambda": -0.9351617554864093, "log10_min_child_weight": 1.6788431816294958, "log10_subsample": -0.9978335088472001, "max_depth": 9.0, "num_boost_round": 8.0}, "datetime": {"datetime": "2024-01-19 00:48:06", "elapsed": 2180.016879, "delta": 0.002509}}
{"target": -17.674762294256475, "params": {"gamma": 973.7760052316238, "log10_alpha": -4.850029506482209, "log10_colsample_bytree": -0.9004608012764341, "log10_eta": -1.9963563649539635, "log10_lambda": -0.9351617554864093, "log10_min_child_weight": 1.6788431816294958, "log10_subsample": -0.9978335088472001, "max_depth": 9.0, "num_boost_round": 9.0}, "datetime": {"datetime": "2024-01-19 00:48:06", "elapsed": 2180.019297, "delta": 0.002418}}
{"target": -17.67450126756603, "params": {"gamma": 973.7760052316238, "log10_alpha": -4.850029506482209, "log10_colsample_bytree": -0.9004608012764341, "log10_eta": -1.9963563649539635, "log10_lambda": -0.9351617554864093, "log10_min_child_weight": 1.6788431816294958, "log10_subsample": -0.9978335088472001, "max_depth": 9.0, "num_boost_round": 10.0}, "datetime": {"datetime": "2024-01-19 00:48:06", "elapsed": 2180.021746, "delta": 0.002449}}
{"target": -17.674216879027746, "params": {"gamma": 973.7760052316238, "log10_alpha": -4.850029506482209, "log10_colsample_bytree": -0.9004608012764341, "log10_eta": -1.9963563649539635, "log10_lambda": -0.9351617554864093, "log10_min_child_weight": 1.6788431816294958, "log10_subsample": -0.9978335088472001, "max_depth": 9.0, "num_boost_round": 11.0}, "datetime": {"datetime": "2024-01-19 00:48:06", "elapsed": 2180.024211, "delta": 0.002465}}
{"target": -17.674641209617008, "params": {"gamma": 973.7760052316238, "log10_alpha": -4.850029506482209, "log10_colsample_bytree": -0.9004608012764341, "log10_eta": -1.9963563649539635, "log10_lambda": -0.9351617554864093, "log10_min_child_weight": 1.6788431816294958, "log10_subsample": -0.9978335088472001, "max_depth": 9.0, "num_boost_round": 12.0}, "datetime": {"datetime": "2024-01-19 00:48:06", "elapsed": 2180.026641, "delta": 0.00243}}
{"target": -17.673761250667273, "params": {"gamma": 973.7760052316238, "log10_alpha": -4.850029506482209, "log10_colsample_bytree": -0.9004608012764341, "log10_eta": -1.9963563649539635, "log10_lambda": -0.9351617554864093, "log10_min_child_weight": 1.6788431816294958, "log10_subsample": -0.9978335088472001, "max_depth": 9.0, "num_boost_round": 13.0}, "datetime": {"datetime": "2024-01-19 00:48:06", "elapsed": 2180.029101, "delta": 0.00246}}
{"target": -17.67316791864187, "params": {"gamma": 973.7760052316238, "log10_alpha": -4.850029506482209, "log10_colsample_bytree": -0.9004608012764341, "log10_eta": -1.9963563649539635, "log10_lambda": -0.9351617554864093, "log10_min_child_weight": 1.6788431816294958, "log10_subsample": -0.9978335088472001, "max_depth": 9.0, "num_boost_round": 14.0}, "datetime": {"datetime": "2024-01-19 00:48:06", "elapsed": 2180.031704, "delta": 0.002603}}
{"target": -17.67266295365478, "params": {"gamma": 973.7760052316238, "log10_alpha": -4.850029506482209, "log10_colsample_bytree": -0.9004608012764341, "log10_eta": -1.9963563649539635, "log10_lambda": -0.9351617554864093, "log10_min_child_weight": 1.6788431816294958, "log10_subsample": -0.9978335088472001, "max_depth": 9.0, "num_boost_round": 15.0}, "datetime": {"datetime": "2024-01-19 00:48:06", "elapsed": 2180.034133, "delta": 0.002429}}
{"target": -17.672689921916753, "params": {"gamma": 973.7760052316238, "log10_alpha": -4.850029506482209, "log10_colsample_bytree": -0.9004608012764341, "log10_eta": -1.9963563649539635, "log10_lambda": -0.9351617554864093, "log10_min_child_weight": 1.6788431816294958, "log10_subsample": -0.9978335088472001, "max_depth": 9.0, "num_boost_round": 16.0}, "datetime": {"datetime": "2024-01-19 00:48:06", "elapsed": 2180.0366, "delta": 0.002467}}
{"target": -17.672186494196097, "params": {"gamma": 973.7760052316238, "log10_alpha": -4.850029506482209, "log10_colsample_bytree": -0.9004608012764341, "log10_eta": -1.9963563649539635, "log10_lambda": -0.9351617554864093, "log10_min_child_weight": 1.6788431816294958, "log10_subsample": -0.9978335088472001, "max_depth": 9.0, "num_boost_round": 17.0}, "datetime": {"datetime": "2024-01-19 00:48:06", "elapsed": 2180.03902, "delta": 0.00242}}
{"target": -17.67240989449947, "params": {"gamma": 973.7760052316238, "log10_alpha": -4.850029506482209, "log10_colsample_bytree": -0.9004608012764341, "log10_eta": -1.9963563649539635, "log10_lambda": -0.9351617554864093, "log10_min_child_weight": 1.6788431816294958, "log10_subsample": -0.9978335088472001, "max_depth": 9.0, "num_boost_round": 18.0}, "datetime": {"datetime": "2024-01-19 00:48:06", "elapsed": 2180.0415, "delta": 0.00248}}
{"target": -17.67166877787653, "params": {"gamma": 973.7760052316238, "log10_alpha": -4.850029506482209, "log10_colsample_bytree": -0.9004608012764341, "log10_eta": -1.9963563649539635, "log10_lambda": -0.9351617554864093, "log10_min_child_weight": 1.6788431816294958, "log10_subsample": -0.9978335088472001, "max_depth": 9.0, "num_boost_round": 19.0}, "datetime": {"datetime": "2024-01-19 00:48:06", "elapsed": 2180.043973, "delta": 0.002473}}
{"target": -17.67153059515342, "params": {"gamma": 973.7760052316238, "log10_alpha": -4.850029506482209, "log10_colsample_bytree": -0.9004608012764341, "log10_eta": -1.9963563649539635, "log10_lambda": -0.9351617554864093, "log10_min_child_weight": 1.6788431816294958, "log10_subsample": -0.9978335088472001, "max_depth": 9.0, "num_boost_round": 20.0}, "datetime": {"datetime": "2024-01-19 00:48:06", "elapsed": 2180.04641, "delta": 0.002437}}
{"target": -17.671608416516797, "params": {"gamma": 973.7760052316238, "log10_alpha": -4.850029506482209, "log10_colsample_bytree": -0.9004608012764341, "log10_eta": -1.9963563649539635, "log10_lambda": -0.9351617554864093, "log10_min_child_weight": 1.6788431816294958, "log10_subsample": -0.9978335088472001, "max_depth": 9.0, "num_boost_round": 21.0}, "datetime": {"datetime": "2024-01-19 00:48:06", "elapsed": 2180.048832, "delta": 0.002422}}
{"target": -17.671662296317763, "params": {"gamma": 973.7760052316238, "log10_alpha": -4.850029506482209, "log10_colsample_bytree": -0.9004608012764341, "log10_eta": -1.9963563649539635, "log10_lambda": -0.9351617554864093, "log10_min_child_weight": 1.6788431816294958, "log10_subsample": -0.9978335088472001, "max_depth": 9.0, "num_boost_round": 22.0}, "datetime": {"datetime": "2024-01-19 00:48:06", "elapsed": 2180.051384, "delta": 0.002552}}
{"target": -17.67151545132188, "params": {"gamma": 973.7760052316238, "log10_alpha": -4.850029506482209, "log10_colsample_bytree": -0.9004608012764341, "log10_eta": -1.9963563649539635, "log10_lambda": -0.9351617554864093, "log10_min_child_weight": 1.6788431816294958, "log10_subsample": -0.9978335088472001, "max_depth": 9.0, "num_boost_round": 23.0}, "datetime": {"datetime": "2024-01-19 00:48:06", "elapsed": 2180.053844, "delta": 0.00246}}
{"target": -17.671866113415646, "params": {"gamma": 973.7760052316238, "log10_alpha": -4.850029506482209, "log10_colsample_bytree": -0.9004608012764341, "log10_eta": -1.9963563649539635, "log10_lambda": -0.9351617554864093, "log10_min_child_weight": 1.6788431816294958, "log10_subsample": -0.9978335088472001, "max_depth": 9.0, "num_boost_round": 24.0}, "datetime": {"datetime": "2024-01-19 00:48:06", "elapsed": 2180.05638, "delta": 0.002536}}
{"target": -17.671748640008875, "params": {"gamma": 973.7760052316238, "log10_alpha": -4.850029506482209, "log10_colsample_bytree": -0.9004608012764341, "log10_eta": -1.9963563649539635, "log10_lambda": -0.9351617554864093, "log10_min_child_weight": 1.6788431816294958, "log10_subsample": -0.9978335088472001, "max_depth": 9.0, "num_boost_round": 25.0}, "datetime": {"datetime": "2024-01-19 00:48:06", "elapsed": 2180.058866, "delta": 0.002486}}
{"target": -17.67157394685041, "params": {"gamma": 973.7760052316238, "log10_alpha": -4.850029506482209, "log10_colsample_bytree": -0.9004608012764341, "log10_eta": -1.9963563649539635, "log10_lambda": -0.9351617554864093, "log10_min_child_weight": 1.6788431816294958, "log10_subsample": -0.9978335088472001, "max_depth": 9.0, "num_boost_round": 26.0}, "datetime": {"datetime": "2024-01-19 00:48:06", "elapsed": 2180.06132, "delta": 0.002454}}
{"target": -17.671558879186207, "params": {"gamma": 973.7760052316238, "log10_alpha": -4.850029506482209, "log10_colsample_bytree": -0.9004608012764341, "log10_eta": -1.9963563649539635, "log10_lambda": -0.9351617554864093, "log10_min_child_weight": 1.6788431816294958, "log10_subsample": -0.9978335088472001, "max_depth": 9.0, "num_boost_round": 27.0}, "datetime": {"datetime": "2024-01-19 00:48:06", "elapsed": 2180.063925, "delta": 0.002605}}
{"target": -17.671339512594074, "params": {"gamma": 973.7760052316238, "log10_alpha": -4.850029506482209, "log10_colsample_bytree": -0.9004608012764341, "log10_eta": -1.9963563649539635, "log10_lambda": -0.9351617554864093, "log10_min_child_weight": 1.6788431816294958, "log10_subsample": -0.9978335088472001, "max_depth": 9.0, "num_boost_round": 28.0}, "datetime": {"datetime": "2024-01-19 00:48:06", "elapsed": 2180.066361, "delta": 0.002436}}
{"target": -17.67092744968665, "params": {"gamma": 973.7760052316238, "log10_alpha": -4.850029506482209, "log10_colsample_bytree": -0.9004608012764341, "log10_eta": -1.9963563649539635, "log10_lambda": -0.9351617554864093, "log10_min_child_weight": 1.6788431816294958, "log10_subsample": -0.9978335088472001, "max_depth": 9.0, "num_boost_round": 29.0}, "datetime": {"datetime": "2024-01-19 00:48:06", "elapsed": 2180.068837, "delta": 0.002476}}
{"target": -17.67031377421837, "params": {"gamma": 973.7760052316238, "log10_alpha": -4.850029506482209, "log10_colsample_bytree": -0.9004608012764341, "log10_eta": -1.9963563649539635, "log10_lambda": -0.9351617554864093, "log10_min_child_weight": 1.6788431816294958, "log10_subsample": -0.9978335088472001, "max_depth": 9.0, "num_boost_round": 30.0}, "datetime": {"datetime": "2024-01-19 00:48:06", "elapsed": 2180.071386, "delta": 0.002549}}
{"target": -17.67034244584348, "params": {"gamma": 973.7760052316238, "log10_alpha": -4.850029506482209, "log10_colsample_bytree": -0.9004608012764341, "log10_eta": -1.9963563649539635, "log10_lambda": -0.9351617554864093, "log10_min_child_weight": 1.6788431816294958, "log10_subsample": -0.9978335088472001, "max_depth": 9.0, "num_boost_round": 31.0}, "datetime": {"datetime": "2024-01-19 00:48:06", "elapsed": 2180.073853, "delta": 0.002467}}
{"target": -17.670179470066643, "params": {"gamma": 973.7760052316238, "log10_alpha": -4.850029506482209, "log10_colsample_bytree": -0.9004608012764341, "log10_eta": -1.9963563649539635, "log10_lambda": -0.9351617554864093, "log10_min_child_weight": 1.6788431816294958, "log10_subsample": -0.9978335088472001, "max_depth": 9.0, "num_boost_round": 32.0}, "datetime": {"datetime": "2024-01-19 00:48:06", "elapsed": 2180.076333, "delta": 0.00248}}
