{"target": -13.758050348265428, "params": {"gamma": 453.73469490066395, "log10_alpha": 0.560252171902099, "log10_colsample_bytree": -0.9875624180146856, "log10_eta": -1.8032300640722632, "log10_lambda": -1.0590485088111539, "log10_min_child_weight": 4.516278939303191, "log10_subsample": -0.0058768202318449925, "max_depth": 2.0, "num_boost_round": 30.0}, "datetime": {"datetime": "2024-01-19 00:30:37", "elapsed": 1141.316221, "delta": 0.002399}}
{"target": -13.75802191932678, "params": {"gamma": 453.73469490066395, "log10_alpha": 0.560252171902099, "log10_colsample_bytree": -0.9875624180146856, "log10_eta": -1.8032300640722632, "log10_lambda": -1.0590485088111539, "log10_min_child_weight": 4.516278939303191, "log10_subsample": -0.0058768202318449925, "max_depth": 2.0, "num_boost_round": 31.0}, "datetime": {"datetime": "2024-01-19 00:30:37", "elapsed": 1141.318548, "delta": 0.002327}}
{"target": -13.758143669600354, "params": {"gamma": 453.73469490066395, "log10_alpha": 0.560252171902099, "log10_colsample_bytree": -0.9875624180146856, "log10_eta": -1.8032300640722632, "log10_lambda": -1.0590485088111539, "log10_min_child_weight": 4.516278939303191, "log10_subsample": -0.0058768202318449925, "max_depth": 2.0, "num_boost_round": 32.0}, "datetime": {"datetime": "2024-01-19 00:30:37", "elapsed": 1141.320864, "delta": 0.002316}}
{"target": -13.75827187882955, "params": {"gamma": 453.73469490066395, "log10_alpha": 0.560252171902099, "log10_colsample_bytree": -0.9875624180146856, "log10_eta": -1.8032300640722632, "log10_lambda": -1.0590485088111539, "log10_min_child_weight": 4.516278939303191, "log10_subsample": -0.0058768202318449925, "max_depth": 2.0, "num_boost_round": 33.0}, "datetime": {"datetime": "2024-01-19 00:30:37", "elapsed": 1141.323258, "delta": 0.002394}}
{"target": -13.758537539673169, "params": {"gamma": 448.08925259285445, "log10_alpha": -2.202551715124244, "log10_colsample_bytree": -0.5397526363916493, "log10_eta": -4.0, "log10_lambda": 1.0, "log10_min_child_weight": 0.0, "log10_subsample": 0.0, "max_depth": 2.0, "num_boost_round": 0.0}, "datetime": {"datetime": "2024-01-19 00:31:18", "elapsed": 1182.300684, "delta": 40.977426}}
{"target": -13.75853618524696, "params": {"gamma": 448.08925259285445, "log10_alpha": -2.202551715124244, "log10_colsample_bytree": -0.5397526363916493, "log10_eta": -4.0, "log10_lambda": 1.0, "log10_min_child_weight": 0.0, "log10_subsample": 0.0, "max_depth": 2.0, "num_boost_round": 1.0}, "datetime": {"datetime": "2024-01-19 00:31:18", "elapsed": 1182.303409, "delta": 0.002725}}
{"target": -13.758535914200685, "params": {"gamma": 448.08925259285445, "log10_alpha": -2.202551715124244, "log10_colsample_bytree": -0.5397526363916493, "log10_eta": -4.0, "log10_lambda": 1.0, "log10_min_child_weight": 0.0, "log10_subsample": 0.0, "max_depth": 2.0, "num_boost_round": 2.0}, "datetime": {"datetime": "2024-01-19 00:31:18", "elapsed": 1182.305741, "delta": 0.002332}}
{"target": -13.758535718382378, "params": {"gamma": 448.08925259285445, "log10_alpha": -2.202551715124244, "log10_colsample_bytree": -0.5397526363916493, "log10_eta": -4.0, "log10_lambda": 1.0, "log10_min_child_weight": 0.0, "log10_subsample": 0.0, "max_depth": 2.0, "num_boost_round": 3.0}, "datetime": {"datetime": "2024-01-19 00:31:18", "elapsed": 1182.308118, "delta": 0.002377}}
{"target": -13.758534707784884, "params": {"gamma": 448.08925259285445, "log10_alpha": -2.202551715124244, "log10_colsample_bytree": -0.5397526363916493, "log10_eta": -4.0, "log10_lambda": 1.0, "log10_min_child_weight": 0.0, "log10_subsample": 0.0, "max_depth": 2.0, "num_boost_round": 4.0}, "datetime": {"datetime": "2024-01-19 00:31:18", "elapsed": 1182.310526, "delta": 0.002408}}
{"target": -13.758534296020269, "params": {"gamma": 448.08925259285445, "log10_alpha": -2.202551715124244, "log10_colsample_bytree": -0.5397526363916493, "log10_eta": -4.0, "log10_lambda": 1.0, "log10_min_child_weight": 0.0, "log10_subsample": 0.0, "max_depth": 2.0, "num_boost_round": 5.0}, "datetime": {"datetime": "2024-01-19 00:31:18", "elapsed": 1182.312839, "delta": 0.002313}}
{"target": -13.758533103141454, "params": {"gamma": 448.08925259285445, "log10_alpha": -2.202551715124244, "log10_colsample_bytree": -0.5397526363916493, "log10_eta": -4.0, "log10_lambda": 1.0, "log10_min_child_weight": 0.0, "log10_subsample": 0.0, "max_depth": 2.0, "num_boost_round": 6.0}, "datetime": {"datetime": "2024-01-19 00:31:18", "elapsed": 1182.315252, "delta": 0.002413}}
{"target": -13.75853254304633, "params": {"gamma": 448.08925259285445, "log10_alpha": -2.202551715124244, "log10_colsample_bytree": -0.5397526363916493, "log10_eta": -4.0, "log10_lambda": 1.0, "log10_min_child_weight": 0.0, "log10_subsample": 0.0, "max_depth": 2.0, "num_boost_round": 7.0}, "datetime": {"datetime": "2024-01-19 00:31:18", "elapsed": 1182.317551, "delta": 0.002299}}
{"target": -13.758531146850428, "params": {"gamma": 448.08925259285445, "log10_alpha": -2.202551715124244, "log10_colsample_bytree": -0.5397526363916493, "log10_eta": -4.0, "log10_lambda": 1.0, "log10_min_child_weight": 0.0, "log10_subsample": 0.0, "max_depth": 2.0, "num_boost_round": 8.0}, "datetime": {"datetime": "2024-01-19 00:31:18", "elapsed": 1182.31988, "delta": 0.002329}}
{"target": -13.758529927906663, "params": {"gamma": 448.08925259285445, "log10_alpha": -2.202551715124244, "log10_colsample_bytree": -0.5397526363916493, "log10_eta": -4.0, "log10_lambda": 1.0, "log10_min_child_weight": 0.0, "log10_subsample": 0.0, "max_depth": 2.0, "num_boost_round": 9.0}, "datetime": {"datetime": "2024-01-19 00:31:18", "elapsed": 1182.322221, "delta": 0.002341}}
{"target": -13.758529008943434, "params": {"gamma": 448.08925259285445, "log10_alpha": -2.202551715124244, "log10_colsample_bytree": -0.5397526363916493, "log10_eta": -4.0, "log10_lambda": 1.0, "log10_min_child_weight": 0.0, "log10_subsample": 0.0, "max_depth": 2.0, "num_boost_round": 10.0}, "datetime": {"datetime": "2024-01-19 00:31:18", "elapsed": 1182.324678, "delta": 0.002457}}
{"target": -13.758527596123063, "params": {"gamma": 448.08925259285445, "log10_alpha": -2.202551715124244, "log10_colsample_bytree": -0.5397526363916493, "log10_eta": -4.0, "log10_lambda": 1.0, "log10_min_child_weight": 0.0, "log10_subsample": 0.0, "max_depth": 2.0, "num_boost_round": 11.0}, "datetime": {"datetime": "2024-01-19 00:31:18", "elapsed": 1182.327061, "delta": 0.002383}}
{"target": -13.758526201181455, "params": {"gamma": 448.08925259285445, "log10_alpha": -2.202551715124244, "log10_colsample_bytree": -0.5397526363916493, "log10_eta": -4.0, "log10_lambda": 1.0, "log10_min_child_weight": 0.0, "log10_subsample": 0.0, "max_depth": 2.0, "num_boost_round": 12.0}, "datetime": {"datetime": "2024-01-19 00:31:18", "elapsed": 1182.329395, "delta": 0.002334}}
{"target": -13.758525088743767, "params": {"gamma": 448.08925259285445, "log10_alpha": -2.202551715124244, "log10_colsample_bytree": -0.5397526363916493, "log10_eta": -4.0, "log10_lambda": 1.0, "log10_min_child_weight": 0.0, "log10_subsample": 0.0, "max_depth": 2.0, "num_boost_round": 13.0}, "datetime": {"datetime": "2024-01-19 00:31:18", "elapsed": 1182.331762, "delta": 0.002367}}
{"target": -13.758524809545484, "params": {"gamma": 448.08925259285445, "log10_alpha": -2.202551715124244, "log10_colsample_bytree": -0.5397526363916493, "log10_eta": -4.0, "log10_lambda": 1.0, "log10_min_child_weight": 0.0, "log10_subsample": 0.0, "max_depth": 2.0, "num_boost_round": 14.0}, "datetime": {"datetime": "2024-01-19 00:31:18", "elapsed": 1182.334082, "delta": 0.00232}}
{"target": -13.758522792493983, "params": {"gamma": 448.08925259285445, "log10_alpha": -2.202551715124244, "log10_colsample_bytree": -0.5397526363916493, "log10_eta": -4.0, "log10_lambda": 1.0, "log10_min_child_weight": 0.0, "log10_subsample": 0.0, "max_depth": 2.0, "num_boost_round": 15.0}, "datetime": {"datetime": "2024-01-19 00:31:18", "elapsed": 1182.336513, "delta": 0.002431}}
{"target": -13.758522974530315, "params": {"gamma": 448.08925259285445, "log10_alpha": -2.202551715124244, "log10_colsample_bytree": -0.5397526363916493, "log10_eta": -4.0, "log10_lambda": 1.0, "log10_min_child_weight": 0.0, "log10_subsample": 0.0, "max_depth": 2.0, "num_boost_round": 16.0}, "datetime": {"datetime": "2024-01-19 00:31:18", "elapsed": 1182.338842, "delta": 0.002329}}
{"target": -13.758522948018033, "params": {"gamma": 448.08925259285445, "log10_alpha": -2.202551715124244, "log10_colsample_bytree": -0.5397526363916493, "log10_eta": -4.0, "log10_lambda": 1.0, "log10_min_child_weight": 0.0, "log10_subsample": 0.0, "max_depth": 2.0, "num_boost_round": 17.0}, "datetime": {"datetime": "2024-01-19 00:31:18", "elapsed": 1182.341181, "delta": 0.002339}}
{"target": -13.758522808407117, "params": {"gamma": 448.08925259285445, "log10_alpha": -2.202551715124244, "log10_colsample_bytree": -0.5397526363916493, "log10_eta": -4.0, "log10_lambda": 1.0, "log10_min_child_weight": 0.0, "log10_subsample": 0.0, "max_depth": 2.0, "num_boost_round": 18.0}, "datetime": {"datetime": "2024-01-19 00:31:18", "elapsed": 1182.343563, "delta": 0.002382}}
{"target": -13.758522006680435, "params": {"gamma": 448.08925259285445, "log10_alpha": -2.202551715124244, "log10_colsample_bytree": -0.5397526363916493, "log10_eta": -4.0, "log10_lambda": 1.0, "log10_min_child_weight": 0.0, "log10_subsample": 0.0, "max_depth": 2.0, "num_boost_round": 19.0}, "datetime": {"datetime": "2024-01-19 00:31:18", "elapsed": 1182.345877, "delta": 0.002314}}
{"target": -13.758520835702145, "params": {"gamma": 448.08925259285445, "log10_alpha": -2.202551715124244, "log10_colsample_bytree": -0.5397526363916493, "log10_eta": -4.0, "log10_lambda": 1.0, "log10_min_child_weight": 0.0, "log10_subsample": 0.0, "max_depth": 2.0, "num_boost_round": 20.0}, "datetime": {"datetime": "2024-01-19 00:31:18", "elapsed": 1182.348213, "delta": 0.002336}}
{"target": -13.758520448581926, "params": {"gamma": 448.08925259285445, "log10_alpha": -2.202551715124244, "log10_colsample_bytree": -0.5397526363916493, "log10_eta": -4.0, "log10_lambda": 1.0, "log10_min_child_weight": 0.0, "log10_subsample": 0.0, "max_depth": 2.0, "num_boost_round": 21.0}, "datetime": {"datetime": "2024-01-19 00:31:18", "elapsed": 1182.35059, "delta": 0.002377}}
{"target": -13.758519908141094, "params": {"gamma": 448.08925259285445, "log10_alpha": -2.202551715124244, "log10_colsample_bytree": -0.5397526363916493, "log10_eta": -4.0, "log10_lambda": 1.0, "log10_min_child_weight": 0.0, "log10_subsample": 0.0, "max_depth": 2.0, "num_boost_round": 22.0}, "datetime": {"datetime": "2024-01-19 00:31:18", "elapsed": 1182.352907, "delta": 0.002317}}
{"target": -13.758518860937846, "params": {"gamma": 448.08925259285445, "log10_alpha": -2.202551715124244, "log10_colsample_bytree": -0.5397526363916493, "log10_eta": -4.0, "log10_lambda": 1.0, "log10_min_child_weight": 0.0, "log10_subsample": 0.0, "max_depth": 2.0, "num_boost_round": 23.0}, "datetime": {"datetime": "2024-01-19 00:31:18", "elapsed": 1182.355326, "delta": 0.002419}}
{"target": -13.758518799337907, "params": {"gamma": 448.08925259285445, "log10_alpha": -2.202551715124244, "log10_colsample_bytree": -0.5397526363916493, "log10_eta": -4.0, "log10_lambda": 1.0, "log10_min_child_weight": 0.0, "log10_subsample": 0.0, "max_depth": 2.0, "num_boost_round": 24.0}, "datetime": {"datetime": "2024-01-19 00:31:18", "elapsed": 1182.35766, "delta": 0.002334}}
{"target": -13.758517211076681, "params": {"gamma": 448.08925259285445, "log10_alpha": -2.202551715124244, "log10_colsample_bytree": -0.5397526363916493, "log10_eta": -4.0, "log10_lambda": 1.0, "log10_min_child_weight": 0.0, "log10_subsample": 0.0, "max_depth": 2.0, "num_boost_round": 25.0}, "datetime": {"datetime": "2024-01-19 00:31:18", "elapsed": 1182.359987, "delta": 0.002327}}
{"target": -13.758516792668043, "params": {"gamma": 448.08925259285445, "log10_alpha": -2.202551715124244, "log10_colsample_bytree": -0.5397526363916493, "log10_eta": -4.0, "log10_lambda": 1.0, "log10_min_child_weight": 0.0, "log10_subsample": 0.0, "max_depth": 2.0, "num_boost_round": 26.0}, "datetime": {"datetime": "2024-01-19 00:31:18", "elapsed": 1182.362317, "delta": 0.00233}}
{"target": -13.758515019277555, "params": {"gamma": 448.08925259285445, "log10_alpha": -2.202551715124244, "log10_colsample_bytree": -0.5397526363916493, "log10_eta": -4.0, "log10_lambda": 1.0, "log10_min_child_weight": 0.0, "log10_subsample": 0.0, "max_depth": 2.0, "num_boost_round": 27.0}, "datetime": {"datetime": "2024-01-19 00:31:18", "elapsed": 1182.364714, "delta": 0.002397}}
{"target": -13.75851451122468, "params": {"gamma": 448.08925259285445, "log10_alpha": -2.202551715124244, "log10_colsample_bytree": -0.5397526363916493, "log10_eta": -4.0, "log10_lambda": 1.0, "log10_min_child_weight": 0.0, "log10_subsample": 0.0, "max_depth": 2.0, "num_boost_round": 28.0}, "datetime": {"datetime": "2024-01-19 00:31:18", "elapsed": 1182.367048, "delta": 0.002334}}
{"target": -13.758513559150874, "params": {"gamma": 448.08925259285445, "log10_alpha": -2.202551715124244, "log10_colsample_bytree": -0.5397526363916493, "log10_eta": -4.0, "log10_lambda": 1.0, "log10_min_child_weight": 0.0, "log10_subsample": 0.0, "max_depth": 2.0, "num_boost_round": 29.0}, "datetime": {"datetime": "2024-01-19 00:31:18", "elapsed": 1182.36939, "delta": 0.002342}}
{"target": -13.758511762508327, "params": {"gamma": 448.08925259285445, "log10_alpha": -2.202551715124244, "log10_colsample_bytree": -0.5397526363916493, "log10_eta": -4.0, "log10_lambda": 1.0, "log10_min_child_weight": 0.0, "log10_subsample": 0.0, "max_depth": 2.0, "num_boost_round": 30.0}, "datetime": {"datetime": "2024-01-19 00:31:18", "elapsed": 1182.371797, "delta": 0.002407}}
{"target": -13.758509897787599, "params": {"gamma": 448.08925259285445, "log10_alpha": -2.202551715124244, "log10_colsample_bytree": -0.5397526363916493, "log10_eta": -4.0, "log10_lambda": 1.0, "log10_min_child_weight": 0.0, "log10_subsample": 0.0, "max_depth": 2.0, "num_boost_round": 31.0}, "datetime": {"datetime": "2024-01-19 00:31:18", "elapsed": 1182.374135, "delta": 0.002338}}
{"target": -13.758508705450259, "params": {"gamma": 448.08925259285445, "log10_alpha": -2.202551715124244, "log10_colsample_bytree": -0.5397526363916493, "log10_eta": -4.0, "log10_lambda": 1.0, "log10_min_child_weight": 0.0, "log10_subsample": 0.0, "max_depth": 2.0, "num_boost_round": 32.0}, "datetime": {"datetime": "2024-01-19 00:31:18", "elapsed": 1182.376611, "delta": 0.002476}}
{"target": -13.758508140822707, "params": {"gamma": 448.08925259285445, "log10_alpha": -2.202551715124244, "log10_colsample_bytree": -0.5397526363916493, "log10_eta": -4.0, "log10_lambda": 1.0, "log10_min_child_weight": 0.0, "log10_subsample": 0.0, "max_depth": 2.0, "num_boost_round": 33.0}, "datetime": {"datetime": "2024-01-19 00:31:18", "elapsed": 1182.379109, "delta": 0.002498}}
{"target": -13.758507556584181, "params": {"gamma": 448.08925259285445, "log10_alpha": -2.202551715124244, "log10_colsample_bytree": -0.5397526363916493, "log10_eta": -4.0, "log10_lambda": 1.0, "log10_min_child_weight": 0.0, "log10_subsample": 0.0, "max_depth": 2.0, "num_boost_round": 34.0}, "datetime": {"datetime": "2024-01-19 00:31:18", "elapsed": 1182.381688, "delta": 0.002579}}
{"target": -13.758507169626075, "params": {"gamma": 448.08925259285445, "log10_alpha": -2.202551715124244, "log10_colsample_bytree": -0.5397526363916493, "log10_eta": -4.0, "log10_lambda": 1.0, "log10_min_child_weight": 0.0, "log10_subsample": 0.0, "max_depth": 2.0, "num_boost_round": 35.0}, "datetime": {"datetime": "2024-01-19 00:31:18", "elapsed": 1182.384127, "delta": 0.002439}}
{"target": -13.758506755771288, "params": {"gamma": 448.08925259285445, "log10_alpha": -2.202551715124244, "log10_colsample_bytree": -0.5397526363916493, "log10_eta": -4.0, "log10_lambda": 1.0, "log10_min_child_weight": 0.0, "log10_subsample": 0.0, "max_depth": 2.0, "num_boost_round": 36.0}, "datetime": {"datetime": "2024-01-19 00:31:18", "elapsed": 1182.386513, "delta": 0.002386}}
{"target": -13.758506340944596, "params": {"gamma": 448.08925259285445, "log10_alpha": -2.202551715124244, "log10_colsample_bytree": -0.5397526363916493, "log10_eta": -4.0, "log10_lambda": 1.0, "log10_min_child_weight": 0.0, "log10_subsample": 0.0, "max_depth": 2.0, "num_boost_round": 37.0}, "datetime": {"datetime": "2024-01-19 00:31:18", "elapsed": 1182.388882, "delta": 0.002369}}
{"target": -13.75850514918758, "params": {"gamma": 448.08925259285445, "log10_alpha": -2.202551715124244, "log10_colsample_bytree": -0.5397526363916493, "log10_eta": -4.0, "log10_lambda": 1.0, "log10_min_child_weight": 0.0, "log10_subsample": 0.0, "max_depth": 2.0, "num_boost_round": 38.0}, "datetime": {"datetime": "2024-01-19 00:31:18", "elapsed": 1182.391264, "delta": 0.002382}}
{"target": -13.758503190431444, "params": {"gamma": 448.08925259285445, "log10_alpha": -2.202551715124244, "log10_colsample_bytree": -0.5397526363916493, "log10_eta": -4.0, "log10_lambda": 1.0, "log10_min_child_weight": 0.0, "log10_subsample": 0.0, "max_depth": 2.0, "num_boost_round": 39.0}, "datetime": {"datetime": "2024-01-19 00:31:18", "elapsed": 1182.393608, "delta": 0.002344}}
{"target": -13.758502087834511, "params": {"gamma": 448.08925259285445, "log10_alpha": -2.202551715124244, "log10_colsample_bytree": -0.5397526363916493, "log10_eta": -4.0, "log10_lambda": 1.0, "log10_min_child_weight": 0.0, "log10_subsample": 0.0, "max_depth": 2.0, "num_boost_round": 40.0}, "datetime": {"datetime": "2024-01-19 00:31:18", "elapsed": 1182.396029, "delta": 0.002421}}
{"target": -13.758501215024273, "params": {"gamma": 448.08925259285445, "log10_alpha": -2.202551715124244, "log10_colsample_bytree": -0.5397526363916493, "log10_eta": -4.0, "log10_lambda": 1.0, "log10_min_child_weight": 0.0, "log10_subsample": 0.0, "max_depth": 2.0, "num_boost_round": 41.0}, "datetime": {"datetime": "2024-01-19 00:31:18", "elapsed": 1182.398389, "delta": 0.00236}}
{"target": -13.758499909613827, "params": {"gamma": 448.08925259285445, "log10_alpha": -2.202551715124244, "log10_colsample_bytree": -0.5397526363916493, "log10_eta": -4.0, "log10_lambda": 1.0, "log10_min_child_weight": 0.0, "log10_subsample": 0.0, "max_depth": 2.0, "num_boost_round": 42.0}, "datetime": {"datetime": "2024-01-19 00:31:18", "elapsed": 1182.400759, "delta": 0.00237}}
{"target": -13.758499038711943, "params": {"gamma": 448.08925259285445, "log10_alpha": -2.202551715124244, "log10_colsample_bytree": -0.5397526363916493, "log10_eta": -4.0, "log10_lambda": 1.0, "log10_min_child_weight": 0.0, "log10_subsample": 0.0, "max_depth": 2.0, "num_boost_round": 43.0}, "datetime": {"datetime": "2024-01-19 00:31:18", "elapsed": 1182.403121, "delta": 0.002362}}
{"target": -13.75849757454851, "params": {"gamma": 448.08925259285445, "log10_alpha": -2.202551715124244, "log10_colsample_bytree": -0.5397526363916493, "log10_eta": -4.0, "log10_lambda": 1.0, "log10_min_child_weight": 0.0, "log10_subsample": 0.0, "max_depth": 2.0, "num_boost_round": 44.0}, "datetime": {"datetime": "2024-01-19 00:31:18", "elapsed": 1182.405508, "delta": 0.002387}}
{"target": -13.758497042024748, "params": {"gamma": 448.08925259285445, "log10_alpha": -2.202551715124244, "log10_colsample_bytree": -0.5397526363916493, "log10_eta": -4.0, "log10_lambda": 1.0, "log10_min_child_weight": 0.0, "log10_subsample": 0.0, "max_depth": 2.0, "num_boost_round": 45.0}, "datetime": {"datetime": "2024-01-19 00:31:18", "elapsed": 1182.407893, "delta": 0.002385}}
{"target": -13.758495200557432, "params": {"gamma": 448.08925259285445, "log10_alpha": -2.202551715124244, "log10_colsample_bytree": -0.5397526363916493, "log10_eta": -4.0, "log10_lambda": 1.0, "log10_min_child_weight": 0.0, "log10_subsample": 0.0, "max_depth": 2.0, "num_boost_round": 46.0}, "datetime": {"datetime": "2024-01-19 00:31:18", "elapsed": 1182.410321, "delta": 0.002428}}
{"target": -13.758494252733296, "params": {"gamma": 448.08925259285445, "log10_alpha": -2.202551715124244, "log10_colsample_bytree": -0.5397526363916493, "log10_eta": -4.0, "log10_lambda": 1.0, "log10_min_child_weight": 0.0, "log10_subsample": 0.0, "max_depth": 2.0, "num_boost_round": 47.0}, "datetime": {"datetime": "2024-01-19 00:31:18", "elapsed": 1182.41268, "delta": 0.002359}}
{"target": -13.758493974317943, "params": {"gamma": 448.08925259285445, "log10_alpha": -2.202551715124244, "log10_colsample_bytree": -0.5397526363916493, "log10_eta": -4.0, "log10_lambda": 1.0, "log10_min_child_weight": 0.0, "log10_subsample": 0.0, "max_depth": 2.0, "num_boost_round": 48.0}, "datetime": {"datetime": "2024-01-19 00:31:18", "elapsed": 1182.415122, "delta": 0.002442}}
{"target": -13.758493820457312, "params": {"gamma": 448.08925259285445, "log10_alpha": -2.202551715124244, "log10_colsample_bytree": -0.5397526363916493, "log10_eta": -4.0, "log10_lambda": 1.0, "log10_min_child_weight": 0.0, "log10_subsample": 0.0, "max_depth": 2.0, "num_boost_round": 49.0}, "datetime": {"datetime": "2024-01-19 00:31:18", "elapsed": 1182.417955, "delta": 0.002833}}
{"target": -13.758493676857332, "params": {"gamma": 448.08925259285445, "log10_alpha": -2.202551715124244, "log10_colsample_bytree": -0.5397526363916493, "log10_eta": -4.0, "log10_lambda": 1.0, "log10_min_child_weight": 0.0, "log10_subsample": 0.0, "max_depth": 2.0, "num_boost_round": 50.0}, "datetime": {"datetime": "2024-01-19 00:31:18", "elapsed": 1182.42033, "delta": 0.002375}}
{"target": -13.758493542345873, "params": {"gamma": 448.08925259285445, "log10_alpha": -2.202551715124244, "log10_colsample_bytree": -0.5397526363916493, "log10_eta": -4.0, "log10_lambda": 1.0, "log10_min_child_weight": 0.0, "log10_subsample": 0.0, "max_depth": 2.0, "num_boost_round": 51.0}, "datetime": {"datetime": "2024-01-19 00:31:18", "elapsed": 1182.422714, "delta": 0.002384}}
