{"target": -13.758493519603245, "params": {"gamma": 836.4544990590219, "log10_alpha": -4.5895738316817845, "log10_colsample_bytree": -0.7895916440061584, "log10_eta": -3.752149065887006, "log10_lambda": -4.566171941494085, "log10_min_child_weight": 2.6604598448373378, "log10_subsample": -0.6806248516524588, "max_depth": 8.0, "num_boost_round": 8.0}, "datetime": {"datetime": "2024-01-19 01:16:31", "elapsed": 3911.145674, "delta": 0.003453}}
{"target": -13.758493675075854, "params": {"gamma": 836.4544990590219, "log10_alpha": -4.5895738316817845, "log10_colsample_bytree": -0.7895916440061584, "log10_eta": -3.752149065887006, "log10_lambda": -4.566171941494085, "log10_min_child_weight": 2.6604598448373378, "log10_subsample": -0.6806248516524588, "max_depth": 8.0, "num_boost_round": 9.0}, "datetime": {"datetime": "2024-01-19 01:16:31", "elapsed": 3911.149128, "delta": 0.003454}}
{"target": -13.75848814654153, "params": {"gamma": 836.4544990590219, "log10_alpha": -4.5895738316817845, "log10_colsample_bytree": -0.7895916440061584, "log10_eta": -3.752149065887006, "log10_lambda": -4.566171941494085, "log10_min_child_weight": 2.6604598448373378, "log10_subsample": -0.6806248516524588, "max_depth": 8.0, "num_boost_round": 10.0}, "datetime": {"datetime": "2024-01-19 01:16:31", "elapsed": 3911.152754, "delta": 0.003626}}
{"target": -13.758484807808154, "params": {"gamma": 836.4544990590219, "log10_alpha": -4.5895738316817845, "log10_colsample_bytree": -0.7895916440061584, "log10_eta": -3.752149065887006, "log10_lambda": -4.566171941494085, "log10_min_child_weight": 2.6604598448373378, "log10_subsample": -0.6806248516524588, "max_depth": 8.0, "num_boost_round": 11.0}, "datetime": {"datetime": "2024-01-19 01:16:31", "elapsed": 3911.156187, "delta": 0.003433}}
{"target": -13.758485146897508, "params": {"gamma": 836.4544990590219, "log10_alpha": -4.5895738316817845, "log10_colsample_bytree": -0.7895916440061584, "log10_eta": -3.752149065887006, "log10_lambda": -4.566171941494085, "log10_min_child_weight": 2.6604598448373378, "log10_subsample": -0.6806248516524588, "max_depth": 8.0, "num_boost_round": 12.0}, "datetime": {"datetime": "2024-01-19 01:16:31", "elapsed": 3911.159805, "delta": 0.003618}}
{"target": -13.758478596708995, "params": {"gamma": 836.4544990590219, "log10_alpha": -4.5895738316817845, "log10_colsample_bytree": -0.7895916440061584, "log10_eta": -3.752149065887006, "log10_lambda": -4.566171941494085, "log10_min_child_weight": 2.6604598448373378, "log10_subsample": -0.6806248516524588, "max_depth": 8.0, "num_boost_round": 13.0}, "datetime": {"datetime": "2024-01-19 01:16:31", "elapsed": 3911.163411, "delta": 0.003606}}
{"target": -13.758476007171247, "params": {"gamma": 836.4544990590219, "log10_alpha": -4.5895738316817845, "log10_colsample_bytree": -0.7895916440061584, "log10_eta": -3.752149065887006, "log10_lambda": -4.566171941494085, "log10_min_child_weight": 2.6604598448373378, "log10_subsample": -0.6806248516524588, "max_depth": 8.0, "num_boost_round": 14.0}, "datetime": {"datetime": "2024-01-19 01:16:31", "elapsed": 3911.166948, "delta": 0.003537}}
{"target": -13.758471944406063, "params": {"gamma": 836.4544990590219, "log10_alpha": -4.5895738316817845, "log10_colsample_bytree": -0.7895916440061584, "log10_eta": -3.752149065887006, "log10_lambda": -4.566171941494085, "log10_min_child_weight": 2.6604598448373378, "log10_subsample": -0.6806248516524588, "max_depth": 8.0, "num_boost_round": 15.0}, "datetime": {"datetime": "2024-01-19 01:16:31", "elapsed": 3911.17039, "delta": 0.003442}}
{"target": -13.758469778021768, "params": {"gamma": 836.4544990590219, "log10_alpha": -4.5895738316817845, "log10_colsample_bytree": -0.7895916440061584, "log10_eta": -3.752149065887006, "log10_lambda": -4.566171941494085, "log10_min_child_weight": 2.6604598448373378, "log10_subsample": -0.6806248516524588, "max_depth": 8.0, "num_boost_round": 16.0}, "datetime": {"datetime": "2024-01-19 01:16:31", "elapsed": 3911.174022, "delta": 0.003632}}
{"target": -13.758468071543307, "params": {"gamma": 836.4544990590219, "log10_alpha": -4.5895738316817845, "log10_colsample_bytree": -0.7895916440061584, "log10_eta": -3.752149065887006, "log10_lambda": -4.566171941494085, "log10_min_child_weight": 2.6604598448373378, "log10_subsample": -0.6806248516524588, "max_depth": 8.0, "num_boost_round": 17.0}, "datetime": {"datetime": "2024-01-19 01:16:31", "elapsed": 3911.177587, "delta": 0.003565}}
{"target": -13.758467101255244, "params": {"gamma": 836.4544990590219, "log10_alpha": -4.5895738316817845, "log10_colsample_bytree": -0.7895916440061584, "log10_eta": -3.752149065887006, "log10_lambda": -4.566171941494085, "log10_min_child_weight": 2.6604598448373378, "log10_subsample": -0.6806248516524588, "max_depth": 8.0, "num_boost_round": 18.0}, "datetime": {"datetime": "2024-01-19 01:16:31", "elapsed": 3911.181229, "delta": 0.003642}}
{"target": -13.758537898242546, "params": {"gamma": 858.2705462745412, "log10_alpha": 0.6505830671460506, "log10_colsample_bytree": -0.46734612121243213, "log10_eta": -3.9504497913450307, "log10_lambda": 0.6729689320408045, "log10_min_child_weight": 4.284635769441211, "log10_subsample": -0.2621333103536777, "max_depth": 5.0, "num_boost_round": 0.0}, "datetime": {"datetime": "2024-01-19 01:17:18", "elapsed": 3958.780177, "delta": 47.598948}}
{"target": -13.75853801642458, "params": {"gamma": 858.2705462745412, "log10_alpha": 0.6505830671460506, "log10_colsample_bytree": -0.46734612121243213, "log10_eta": -3.9504497913450307, "log10_lambda": 0.6729689320408045, "log10_min_child_weight": 4.284635769441211, "log10_subsample": -0.2621333103536777, "max_depth": 5.0, "num_boost_round": 1.0}, "datetime": {"datetime": "2024-01-19 01:17:18", "elapsed": 3958.785384, "delta": 0.005207}}
{"target": -13.758538742106202, "params": {"gamma": 858.2705462745412, "log10_alpha": 0.6505830671460506, "log10_colsample_bytree": -0.46734612121243213, "log10_eta": -3.9504497913450307, "log10_lambda": 0.6729689320408045, "log10_min_child_weight": 4.284635769441211, "log10_subsample": -0.2621333103536777, "max_depth": 5.0, "num_boost_round": 2.0}, "datetime": {"datetime": "2024-01-19 01:17:18", "elapsed": 3958.789323, "delta": 0.003939}}
{"target": -13.758538189030368, "params": {"gamma": 858.2705462745412, "log10_alpha": 0.6505830671460506, "log10_colsample_bytree": -0.46734612121243213, "log10_eta": -3.9504497913450307, "log10_lambda": 0.6729689320408045, "log10_min_child_weight": 4.284635769441211, "log10_subsample": -0.2621333103536777, "max_depth": 5.0, "num_boost_round": 3.0}, "datetime": {"datetime": "2024-01-19 01:17:18", "elapsed": 3958.793055, "delta": 0.003732}}
{"target": -13.758539231591579, "params": {"gamma": 858.2705462745412, "log10_alpha": 0.6505830671460506, "log10_colsample_bytree": -0.46734612121243213, "log10_eta": -3.9504497913450307, "log10_lambda": 0.6729689320408045, "log10_min_child_weight": 4.284635769441211, "log10_subsample": -0.2621333103536777, "max_depth": 5.0, "num_boost_round": 4.0}, "datetime": {"datetime": "2024-01-19 01:17:18", "elapsed": 3958.796606, "delta": 0.003551}}
{"target": -13.758539655263874, "params": {"gamma": 858.2705462745412, "log10_alpha": 0.6505830671460506, "log10_colsample_bytree": -0.46734612121243213, "log10_eta": -3.9504497913450307, "log10_lambda": 0.6729689320408045, "log10_min_child_weight": 4.284635769441211, "log10_subsample": -0.2621333103536777, "max_depth": 5.0, "num_boost_round": 5.0}, "datetime": {"datetime": "2024-01-19 01:17:18", "elapsed": 3958.800283, "delta": 0.003677}}
{"target": -13.758539732805465, "params": {"gamma": 858.2705462745412, "log10_alpha": 0.6505830671460506, "log10_colsample_bytree": -0.46734612121243213, "log10_eta": -3.9504497913450307, "log10_lambda": 0.6729689320408045, "log10_min_child_weight": 4.284635769441211, "log10_subsample": -0.2621333103536777, "max_depth": 5.0, "num_boost_round": 6.0}, "datetime": {"datetime": "2024-01-19 01:17:18", "elapsed": 3958.803775, "delta": 0.003492}}
{"target": -13.758540006861336, "params": {"gamma": 858.2705462745412, "log10_alpha": 0.6505830671460506, "log10_colsample_bytree": -0.46734612121243213, "log10_eta": -3.9504497913450307, "log10_lambda": 0.6729689320408045, "log10_min_child_weight": 4.284635769441211, "log10_subsample": -0.2621333103536777, "max_depth": 5.0, "num_boost_round": 7.0}, "datetime": {"datetime": "2024-01-19 01:17:18", "elapsed": 3958.807281, "delta": 0.003506}}
{"target": -13.758539934754115, "params": {"gamma": 858.2705462745412, "log10_alpha": 0.6505830671460506, "log10_colsample_bytree": -0.46734612121243213, "log10_eta": -3.9504497913450307, "log10_lambda": 0.6729689320408045, "log10_min_child_weight": 4.284635769441211, "log10_subsample": -0.2621333103536777, "max_depth": 5.0, "num_boost_round": 8.0}, "datetime": {"datetime": "2024-01-19 01:17:18", "elapsed": 3958.810799, "delta": 0.003518}}
{"target": -13.758539174748545, "params": {"gamma": 858.2705462745412, "log10_alpha": 0.6505830671460506, "log10_colsample_bytree": -0.46734612121243213, "log10_eta": -3.9504497913450307, "log10_lambda": 0.6729689320408045, "log10_min_child_weight": 4.284635769441211, "log10_subsample": -0.2621333103536777, "max_depth": 5.0, "num_boost_round": 9.0}, "datetime": {"datetime": "2024-01-19 01:17:18", "elapsed": 3958.814532, "delta": 0.003733}}
{"target": -13.758538893331604, "params": {"gamma": 858.2705462745412, "log10_alpha": 0.6505830671460506, "log10_colsample_bytree": -0.46734612121243213, "log10_eta": -3.9504497913450307, "log10_lambda": 0.6729689320408045, "log10_min_child_weight": 4.284635769441211, "log10_subsample": -0.2621333103536777, "max_depth": 5.0, "num_boost_round": 10.0}, "datetime": {"datetime": "2024-01-19 01:17:18", "elapsed": 3958.818253, "delta": 0.003721}}
{"target": -13.75853850247981, "params": {"gamma": 858.2705462745412, "log10_alpha": 0.6505830671460506, "log10_colsample_bytree": -0.46734612121243213, "log10_eta": -3.9504497913450307, "log10_lambda": 0.6729689320408045, "log10_min_child_weight": 4.284635769441211, "log10_subsample": -0.2621333103536777, "max_depth": 5.0, "num_boost_round": 11.0}, "datetime": {"datetime": "2024-01-19 01:17:18", "elapsed": 3958.82197, "delta": 0.003717}}
{"target": -13.758538162816935, "params": {"gamma": 858.2705462745412, "log10_alpha": 0.6505830671460506, "log10_colsample_bytree": -0.46734612121243213, "log10_eta": -3.9504497913450307, "log10_lambda": 0.6729689320408045, "log10_min_child_weight": 4.284635769441211, "log10_subsample": -0.2621333103536777, "max_depth": 5.0, "num_boost_round": 12.0}, "datetime": {"datetime": "2024-01-19 01:17:18", "elapsed": 3958.825695, "delta": 0.003725}}
{"target": -13.758537043991748, "params": {"gamma": 858.2705462745412, "log10_alpha": 0.6505830671460506, "log10_colsample_bytree": -0.46734612121243213, "log10_eta": -3.9504497913450307, "log10_lambda": 0.6729689320408045, "log10_min_child_weight": 4.284635769441211, "log10_subsample": -0.2621333103536777, "max_depth": 5.0, "num_boost_round": 13.0}, "datetime": {"datetime": "2024-01-19 01:17:18", "elapsed": 3958.829427, "delta": 0.003732}}
{"target": -13.75853578719216, "params": {"gamma": 858.2705462745412, "log10_alpha": 0.6505830671460506, "log10_colsample_bytree": -0.46734612121243213, "log10_eta": -3.9504497913450307, "log10_lambda": 0.6729689320408045, "log10_min_child_weight": 4.284635769441211, "log10_subsample": -0.2621333103536777, "max_depth": 5.0, "num_boost_round": 14.0}, "datetime": {"datetime": "2024-01-19 01:17:18", "elapsed": 3958.83372, "delta": 0.004293}}
{"target": -13.75853464805892, "params": {"gamma": 858.2705462745412, "log10_alpha": 0.6505830671460506, "log10_colsample_bytree": -0.46734612121243213, "log10_eta": -3.9504497913450307, "log10_lambda": 0.6729689320408045, "log10_min_child_weight": 4.284635769441211, "log10_subsample": -0.2621333103536777, "max_depth": 5.0, "num_boost_round": 15.0}, "datetime": {"datetime": "2024-01-19 01:17:18", "elapsed": 3958.837903, "delta": 0.004183}}
{"target": -13.758534204374747, "params": {"gamma": 880.9640779093043, "log10_alpha": -1.0055309916042887, "log10_colsample_bytree": -0.4385879079186106, "log10_eta": -3.2620242692050074, "log10_lambda": -4.88885367937378, "log10_min_child_weight": 0.023772195178468625, "log10_subsample": -0.6830849899446171, "max_depth": 2.0, "num_boost_round": 0.0}, "datetime": {"datetime": "2024-01-19 01:17:48", "elapsed": 3988.552728, "delta": 29.714825}}
{"target": -13.758526283561517, "params": {"gamma": 880.9640779093043, "log10_alpha": -1.0055309916042887, "log10_colsample_bytree": -0.4385879079186106, "log10_eta": -3.2620242692050074, "log10_lambda": -4.88885367937378, "log10_min_child_weight": 0.023772195178468625, "log10_subsample": -0.6830849899446171, "max_depth": 2.0, "num_boost_round": 1.0}, "datetime": {"datetime": "2024-01-19 01:17:48", "elapsed": 3988.557376, "delta": 0.004648}}
{"target": -13.75852342708185, "params": {"gamma": 880.9640779093043, "log10_alpha": -1.0055309916042887, "log10_colsample_bytree": -0.4385879079186106, "log10_eta": -3.2620242692050074, "log10_lambda": -4.88885367937378, "log10_min_child_weight": 0.023772195178468625, "log10_subsample": -0.6830849899446171, "max_depth": 2.0, "num_boost_round": 2.0}, "datetime": {"datetime": "2024-01-19 01:17:48", "elapsed": 3988.561079, "delta": 0.003703}}
{"target": -13.75851880146291, "params": {"gamma": 880.9640779093043, "log10_alpha": -1.0055309916042887, "log10_colsample_bytree": -0.4385879079186106, "log10_eta": -3.2620242692050074, "log10_lambda": -4.88885367937378, "log10_min_child_weight": 0.023772195178468625, "log10_subsample": -0.6830849899446171, "max_depth": 2.0, "num_boost_round": 3.0}, "datetime": {"datetime": "2024-01-19 01:17:48", "elapsed": 3988.56458, "delta": 0.003501}}
{"target": -13.758513174717539, "params": {"gamma": 880.9640779093043, "log10_alpha": -1.0055309916042887, "log10_colsample_bytree": -0.4385879079186106, "log10_eta": -3.2620242692050074, "log10_lambda": -4.88885367937378, "log10_min_child_weight": 0.023772195178468625, "log10_subsample": -0.6830849899446171, "max_depth": 2.0, "num_boost_round": 4.0}, "datetime": {"datetime": "2024-01-19 01:17:48", "elapsed": 3988.568253, "delta": 0.003673}}
{"target": -13.758511374189295, "params": {"gamma": 880.9640779093043, "log10_alpha": -1.0055309916042887, "log10_colsample_bytree": -0.4385879079186106, "log10_eta": -3.2620242692050074, "log10_lambda": -4.88885367937378, "log10_min_child_weight": 0.023772195178468625, "log10_subsample": -0.6830849899446171, "max_depth": 2.0, "num_boost_round": 5.0}, "datetime": {"datetime": "2024-01-19 01:17:48", "elapsed": 3988.571984, "delta": 0.003731}}
{"target": -13.758511632773613, "params": {"gamma": 880.9640779093043, "log10_alpha": -1.0055309916042887, "log10_colsample_bytree": -0.4385879079186106, "log10_eta": -3.2620242692050074, "log10_lambda": -4.88885367937378, "log10_min_child_weight": 0.023772195178468625, "log10_subsample": -0.6830849899446171, "max_depth": 2.0, "num_boost_round": 6.0}, "datetime": {"datetime": "2024-01-19 01:17:48", "elapsed": 3988.575579, "delta": 0.003595}}
{"target": -13.758511298349294, "params": {"gamma": 880.9640779093043, "log10_alpha": -1.0055309916042887, "log10_colsample_bytree": -0.4385879079186106, "log10_eta": -3.2620242692050074, "log10_lambda": -4.88885367937378, "log10_min_child_weight": 0.023772195178468625, "log10_subsample": -0.6830849899446171, "max_depth": 2.0, "num_boost_round": 7.0}, "datetime": {"datetime": "2024-01-19 01:17:48", "elapsed": 3988.579193, "delta": 0.003614}}
{"target": -13.75850399945054, "params": {"gamma": 880.9640779093043, "log10_alpha": -1.0055309916042887, "log10_colsample_bytree": -0.4385879079186106, "log10_eta": -3.2620242692050074, "log10_lambda": -4.88885367937378, "log10_min_child_weight": 0.023772195178468625, "log10_subsample": -0.6830849899446171, "max_depth": 2.0, "num_boost_round": 8.0}, "datetime": {"datetime": "2024-01-19 01:17:48", "elapsed": 3988.583155, "delta": 0.003962}}
{"target": -13.758499417475582, "params": {"gamma": 880.9640779093043, "log10_alpha": -1.0055309916042887, "log10_colsample_bytree": -0.4385879079186106, "log10_eta": -3.2620242692050074, "log10_lambda": -4.88885367937378, "log10_min_child_weight": 0.023772195178468625, "log10_subsample": -0.6830849899446171, "max_depth": 2.0, "num_boost_round": 9.0}, "datetime": {"datetime": "2024-01-19 01:17:48", "elapsed": 3988.58698, "delta": 0.003825}}
{"target": -13.758534402469508, "params": {"gamma": 857.2294667811817, "log10_alpha": -3.0172190677383535, "log10_colsample_bytree": -0.3689995221314911, "log10_eta": -3.9756531266913937, "log10_lambda": 0.8135001451979438, "log10_min_child_weight": 2.333855947138214, "log10_subsample": -0.3262616439287914, "max_depth": 4.0, "num_boost_round": 0.0}, "datetime": {"datetime": "2024-01-19 01:18:33", "elapsed": 4033.476725, "delta": 44.889745}}
{"target": -13.75853464042874, "params": {"gamma": 857.2294667811817, "log10_alpha": -3.0172190677383535, "log10_colsample_bytree": -0.3689995221314911, "log10_eta": -3.9756531266913937, "log10_lambda": 0.8135001451979438, "log10_min_child_weight": 2.333855947138214, "log10_subsample": -0.3262616439287914, "max_depth": 4.0, "num_boost_round": 1.0}, "datetime": {"datetime": "2024-01-19 01:18:33", "elapsed": 4033.481529, "delta": 0.004804}}
{"target": -13.758535232215003, "params": {"gamma": 857.2294667811817, "log10_alpha": -3.0172190677383535, "log10_colsample_bytree": -0.3689995221314911, "log10_eta": -3.9756531266913937, "log10_lambda": 0.8135001451979438, "log10_min_child_weight": 2.333855947138214, "log10_subsample": -0.3262616439287914, "max_depth": 4.0, "num_boost_round": 2.0}, "datetime": {"datetime": "2024-01-19 01:18:33", "elapsed": 4033.485229, "delta": 0.0037}}
{"target": -13.758534477189375, "params": {"gamma": 857.2294667811817, "log10_alpha": -3.0172190677383535, "log10_colsample_bytree": -0.3689995221314911, "log10_eta": -3.9756531266913937, "log10_lambda": 0.8135001451979438, "log10_min_child_weight": 2.333855947138214, "log10_subsample": -0.3262616439287914, "max_depth": 4.0, "num_boost_round": 3.0}, "datetime": {"datetime": "2024-01-19 01:18:33", "elapsed": 4033.488727, "delta": 0.003498}}
{"target": -13.758532655698138, "params": {"gamma": 857.2294667811817, "log10_alpha": -3.0172190677383535, "log10_colsample_bytree": -0.3689995221314911, "log10_eta": -3.9756531266913937, "log10_lambda": 0.8135001451979438, "log10_min_child_weight": 2.333855947138214, "log10_subsample": -0.3262616439287914, "max_depth": 4.0, "num_boost_round": 4.0}, "datetime": {"datetime": "2024-01-19 01:18:33", "elapsed": 4033.492311, "delta": 0.003584}}
{"target": -13.758534976345224, "params": {"gamma": 857.2294667811817, "log10_alpha": -3.0172190677383535, "log10_colsample_bytree": -0.3689995221314911, "log10_eta": -3.9756531266913937, "log10_lambda": 0.8135001451979438, "log10_min_child_weight": 2.333855947138214, "log10_subsample": -0.3262616439287914, "max_depth": 4.0, "num_boost_round": 5.0}, "datetime": {"datetime": "2024-01-19 01:18:33", "elapsed": 4033.495782, "delta": 0.003471}}
{"target": -13.758533677506655, "params": {"gamma": 857.2294667811817, "log10_alpha": -3.0172190677383535, "log10_colsample_bytree": -0.3689995221314911, "log10_eta": -3.9756531266913937, "log10_lambda": 0.8135001451979438, "log10_min_child_weight": 2.333855947138214, "log10_subsample": -0.3262616439287914, "max_depth": 4.0, "num_boost_round": 6.0}, "datetime": {"datetime": "2024-01-19 01:18:33", "elapsed": 4033.499317, "delta": 0.003535}}
{"target": -13.758531320468167, "params": {"gamma": 857.2294667811817, "log10_alpha": -3.0172190677383535, "log10_colsample_bytree": -0.3689995221314911, "log10_eta": -3.9756531266913937, "log10_lambda": 0.8135001451979438, "log10_min_child_weight": 2.333855947138214, "log10_subsample": -0.3262616439287914, "max_depth": 4.0, "num_boost_round": 7.0}, "datetime": {"datetime": "2024-01-19 01:18:33", "elapsed": 4033.502939, "delta": 0.003622}}
{"target": -13.75853037602308, "params": {"gamma": 857.2294667811817, "log10_alpha": -3.0172190677383535, "log10_colsample_bytree": -0.3689995221314911, "log10_eta": -3.9756531266913937, "log10_lambda": 0.8135001451979438, "log10_min_child_weight": 2.333855947138214, "log10_subsample": -0.3262616439287914, "max_depth": 4.0, "num_boost_round": 8.0}, "datetime": {"datetime": "2024-01-19 01:18:33", "elapsed": 4033.506431, "delta": 0.003492}}
{"target": -13.758530612582716, "params": {"gamma": 857.2294667811817, "log10_alpha": -3.0172190677383535, "log10_colsample_bytree": -0.3689995221314911, "log10_eta": -3.9756531266913937, "log10_lambda": 0.8135001451979438, "log10_min_child_weight": 2.333855947138214, "log10_subsample": -0.3262616439287914, "max_depth": 4.0, "num_boost_round": 9.0}, "datetime": {"datetime": "2024-01-19 01:18:33", "elapsed": 4033.510048, "delta": 0.003617}}
{"target": -13.758527508292895, "params": {"gamma": 857.2294667811817, "log10_alpha": -3.0172190677383535, "log10_colsample_bytree": -0.3689995221314911, "log10_eta": -3.9756531266913937, "log10_lambda": 0.8135001451979438, "log10_min_child_weight": 2.333855947138214, "log10_subsample": -0.3262616439287914, "max_depth": 4.0, "num_boost_round": 10.0}, "datetime": {"datetime": "2024-01-19 01:18:33", "elapsed": 4033.513641, "delta": 0.003593}}
{"target": -13.758523898034799, "params": {"gamma": 857.2294667811817, "log10_alpha": -3.0172190677383535, "log10_colsample_bytree": -0.3689995221314911, "log10_eta": -3.9756531266913937, "log10_lambda": 0.8135001451979438, "log10_min_child_weight": 2.333855947138214, "log10_subsample": -0.3262616439287914, "max_depth": 4.0, "num_boost_round": 11.0}, "datetime": {"datetime": "2024-01-19 01:18:33", "elapsed": 4033.517194, "delta": 0.003553}}
