{"target": -13.758828414201924, "params": {"gamma": 492.8006025204822, "log10_alpha": -4.514648582997972, "log10_colsample_bytree": -0.15469127349544842, "log10_eta": -2.408727103365678, "log10_lambda": -4.289261988196547, "log10_min_child_weight": 0.233056953848223, "log10_subsample": -0.4324513501089984, "max_depth": 9.0, "num_boost_round": 2.0}, "datetime": {"datetime": "2024-01-19 00:50:41", "elapsed": 2345.071466, "delta": 0.003558}}
{"target": -13.75868616642849, "params": {"gamma": 492.8006025204822, "log10_alpha": -4.514648582997972, "log10_colsample_bytree": -0.15469127349544842, "log10_eta": -2.408727103365678, "log10_lambda": -4.289261988196547, "log10_min_child_weight": 0.233056953848223, "log10_subsample": -0.4324513501089984, "max_depth": 9.0, "num_boost_round": 3.0}, "datetime": {"datetime": "2024-01-19 00:50:41", "elapsed": 2345.075083, "delta": 0.003617}}
{"target": -13.758646184760602, "params": {"gamma": 492.8006025204822, "log10_alpha": -4.514648582997972, "log10_colsample_bytree": -0.15469127349544842, "log10_eta": -2.408727103365678, "log10_lambda": -4.289261988196547, "log10_min_child_weight": 0.233056953848223, "log10_subsample": -0.4324513501089984, "max_depth": 9.0, "num_boost_round": 4.0}, "datetime": {"datetime": "2024-01-19 00:50:41", "elapsed": 2345.078653, "delta": 0.00357}}
{"target": -13.758543295754166, "params": {"gamma": 492.8006025204822, "log10_alpha": -4.514648582997972, "log10_colsample_bytree": -0.15469127349544842, "log10_eta": -2.408727103365678, "log10_lambda": -4.289261988196547, "log10_min_child_weight": 0.233056953848223, "log10_subsample": -0.4324513501089984, "max_depth": 9.0, "num_boost_round": 5.0}, "datetime": {"datetime": "2024-01-19 00:50:41", "elapsed": 2345.171763, "delta": 0.09311}}
{"target": -13.758536850073815, "params": {"gamma": 492.8006025204822, "log10_alpha": -4.514648582997972, "log10_colsample_bytree": -0.15469127349544842, "log10_eta": -2.408727103365678, "log10_lambda": -4.289261988196547, "log10_min_child_weight": 0.233056953848223, "log10_subsample": -0.4324513501089984, "max_depth": 9.0, "num_boost_round": 6.0}, "datetime": {"datetime": "2024-01-19 00:50:41", "elapsed": 2345.175842, "delta": 0.004079}}
{"target": -13.758362979370974, "params": {"gamma": 492.8006025204822, "log10_alpha": -4.514648582997972, "log10_colsample_bytree": -0.15469127349544842, "log10_eta": -2.408727103365678, "log10_lambda": -4.289261988196547, "log10_min_child_weight": 0.233056953848223, "log10_subsample": -0.4324513501089984, "max_depth": 9.0, "num_boost_round": 7.0}, "datetime": {"datetime": "2024-01-19 00:50:41", "elapsed": 2345.179564, "delta": 0.003722}}
{"target": -13.758423213279539, "params": {"gamma": 492.8006025204822, "log10_alpha": -4.514648582997972, "log10_colsample_bytree": -0.15469127349544842, "log10_eta": -2.408727103365678, "log10_lambda": -4.289261988196547, "log10_min_child_weight": 0.233056953848223, "log10_subsample": -0.4324513501089984, "max_depth": 9.0, "num_boost_round": 8.0}, "datetime": {"datetime": "2024-01-19 00:50:41", "elapsed": 2345.183047, "delta": 0.003483}}
{"target": -13.758459921373428, "params": {"gamma": 492.8006025204822, "log10_alpha": -4.514648582997972, "log10_colsample_bytree": -0.15469127349544842, "log10_eta": -2.408727103365678, "log10_lambda": -4.289261988196547, "log10_min_child_weight": 0.233056953848223, "log10_subsample": -0.4324513501089984, "max_depth": 9.0, "num_boost_round": 9.0}, "datetime": {"datetime": "2024-01-19 00:50:41", "elapsed": 2345.186605, "delta": 0.003558}}
{"target": -13.758443608562617, "params": {"gamma": 492.8006025204822, "log10_alpha": -4.514648582997972, "log10_colsample_bytree": -0.15469127349544842, "log10_eta": -2.408727103365678, "log10_lambda": -4.289261988196547, "log10_min_child_weight": 0.233056953848223, "log10_subsample": -0.4324513501089984, "max_depth": 9.0, "num_boost_round": 10.0}, "datetime": {"datetime": "2024-01-19 00:50:41", "elapsed": 2345.190269, "delta": 0.003664}}
{"target": -13.758261364437505, "params": {"gamma": 492.8006025204822, "log10_alpha": -4.514648582997972, "log10_colsample_bytree": -0.15469127349544842, "log10_eta": -2.408727103365678, "log10_lambda": -4.289261988196547, "log10_min_child_weight": 0.233056953848223, "log10_subsample": -0.4324513501089984, "max_depth": 9.0, "num_boost_round": 11.0}, "datetime": {"datetime": "2024-01-19 00:50:41", "elapsed": 2345.193856, "delta": 0.003587}}
{"target": -13.758272694407827, "params": {"gamma": 492.8006025204822, "log10_alpha": -4.514648582997972, "log10_colsample_bytree": -0.15469127349544842, "log10_eta": -2.408727103365678, "log10_lambda": -4.289261988196547, "log10_min_child_weight": 0.233056953848223, "log10_subsample": -0.4324513501089984, "max_depth": 9.0, "num_boost_round": 12.0}, "datetime": {"datetime": "2024-01-19 00:50:41", "elapsed": 2345.197469, "delta": 0.003613}}
{"target": -13.758045158014573, "params": {"gamma": 492.8006025204822, "log10_alpha": -4.514648582997972, "log10_colsample_bytree": -0.15469127349544842, "log10_eta": -2.408727103365678, "log10_lambda": -4.289261988196547, "log10_min_child_weight": 0.233056953848223, "log10_subsample": -0.4324513501089984, "max_depth": 9.0, "num_boost_round": 13.0}, "datetime": {"datetime": "2024-01-19 00:50:41", "elapsed": 2345.200962, "delta": 0.003493}}
{"target": -13.758257339392207, "params": {"gamma": 492.8006025204822, "log10_alpha": -4.514648582997972, "log10_colsample_bytree": -0.15469127349544842, "log10_eta": -2.408727103365678, "log10_lambda": -4.289261988196547, "log10_min_child_weight": 0.233056953848223, "log10_subsample": -0.4324513501089984, "max_depth": 9.0, "num_boost_round": 14.0}, "datetime": {"datetime": "2024-01-19 00:50:41", "elapsed": 2345.204531, "delta": 0.003569}}
{"target": -13.758188174892718, "params": {"gamma": 492.8006025204822, "log10_alpha": -4.514648582997972, "log10_colsample_bytree": -0.15469127349544842, "log10_eta": -2.408727103365678, "log10_lambda": -4.289261988196547, "log10_min_child_weight": 0.233056953848223, "log10_subsample": -0.4324513501089984, "max_depth": 9.0, "num_boost_round": 15.0}, "datetime": {"datetime": "2024-01-19 00:50:41", "elapsed": 2345.208039, "delta": 0.003508}}
{"target": -13.758173206676798, "params": {"gamma": 492.8006025204822, "log10_alpha": -4.514648582997972, "log10_colsample_bytree": -0.15469127349544842, "log10_eta": -2.408727103365678, "log10_lambda": -4.289261988196547, "log10_min_child_weight": 0.233056953848223, "log10_subsample": -0.4324513501089984, "max_depth": 9.0, "num_boost_round": 16.0}, "datetime": {"datetime": "2024-01-19 00:50:41", "elapsed": 2345.211688, "delta": 0.003649}}
{"target": -13.758272532651015, "params": {"gamma": 492.8006025204822, "log10_alpha": -4.514648582997972, "log10_colsample_bytree": -0.15469127349544842, "log10_eta": -2.408727103365678, "log10_lambda": -4.289261988196547, "log10_min_child_weight": 0.233056953848223, "log10_subsample": -0.4324513501089984, "max_depth": 9.0, "num_boost_round": 17.0}, "datetime": {"datetime": "2024-01-19 00:50:41", "elapsed": 2345.215533, "delta": 0.003845}}
{"target": -13.758411129221018, "params": {"gamma": 492.8006025204822, "log10_alpha": -4.514648582997972, "log10_colsample_bytree": -0.15469127349544842, "log10_eta": -2.408727103365678, "log10_lambda": -4.289261988196547, "log10_min_child_weight": 0.233056953848223, "log10_subsample": -0.4324513501089984, "max_depth": 9.0, "num_boost_round": 18.0}, "datetime": {"datetime": "2024-01-19 00:50:41", "elapsed": 2345.219181, "delta": 0.003648}}
{"target": -13.758506444739659, "params": {"gamma": 492.8006025204822, "log10_alpha": -4.514648582997972, "log10_colsample_bytree": -0.15469127349544842, "log10_eta": -2.408727103365678, "log10_lambda": -4.289261988196547, "log10_min_child_weight": 0.233056953848223, "log10_subsample": -0.4324513501089984, "max_depth": 9.0, "num_boost_round": 19.0}, "datetime": {"datetime": "2024-01-19 00:50:41", "elapsed": 2345.222727, "delta": 0.003546}}
{"target": -13.75845273679119, "params": {"gamma": 492.8006025204822, "log10_alpha": -4.514648582997972, "log10_colsample_bytree": -0.15469127349544842, "log10_eta": -2.408727103365678, "log10_lambda": -4.289261988196547, "log10_min_child_weight": 0.233056953848223, "log10_subsample": -0.4324513501089984, "max_depth": 9.0, "num_boost_round": 20.0}, "datetime": {"datetime": "2024-01-19 00:50:41", "elapsed": 2345.22628, "delta": 0.003553}}
{"target": -13.758630379049011, "params": {"gamma": 492.8006025204822, "log10_alpha": -4.514648582997972, "log10_colsample_bytree": -0.15469127349544842, "log10_eta": -2.408727103365678, "log10_lambda": -4.289261988196547, "log10_min_child_weight": 0.233056953848223, "log10_subsample": -0.4324513501089984, "max_depth": 9.0, "num_boost_round": 21.0}, "datetime": {"datetime": "2024-01-19 00:50:41", "elapsed": 2345.229855, "delta": 0.003575}}
{"target": -13.758542458134743, "params": {"gamma": 492.8006025204822, "log10_alpha": -4.514648582997972, "log10_colsample_bytree": -0.15469127349544842, "log10_eta": -2.408727103365678, "log10_lambda": -4.289261988196547, "log10_min_child_weight": 0.233056953848223, "log10_subsample": -0.4324513501089984, "max_depth": 9.0, "num_boost_round": 22.0}, "datetime": {"datetime": "2024-01-19 00:50:41", "elapsed": 2345.233515, "delta": 0.00366}}
{"target": -13.758632755712968, "params": {"gamma": 492.8006025204822, "log10_alpha": -4.514648582997972, "log10_colsample_bytree": -0.15469127349544842, "log10_eta": -2.408727103365678, "log10_lambda": -4.289261988196547, "log10_min_child_weight": 0.233056953848223, "log10_subsample": -0.4324513501089984, "max_depth": 9.0, "num_boost_round": 23.0}, "datetime": {"datetime": "2024-01-19 00:50:41", "elapsed": 2345.237115, "delta": 0.0036}}
{"target": -13.758866883125298, "params": {"gamma": 492.8006025204822, "log10_alpha": -4.514648582997972, "log10_colsample_bytree": -0.15469127349544842, "log10_eta": -2.408727103365678, "log10_lambda": -4.289261988196547, "log10_min_child_weight": 0.233056953848223, "log10_subsample": -0.4324513501089984, "max_depth": 9.0, "num_boost_round": 24.0}, "datetime": {"datetime": "2024-01-19 00:50:41", "elapsed": 2345.240746, "delta": 0.003631}}
{"target": -13.759015640050443, "params": {"gamma": 492.8006025204822, "log10_alpha": -4.514648582997972, "log10_colsample_bytree": -0.15469127349544842, "log10_eta": -2.408727103365678, "log10_lambda": -4.289261988196547, "log10_min_child_weight": 0.233056953848223, "log10_subsample": -0.4324513501089984, "max_depth": 9.0, "num_boost_round": 25.0}, "datetime": {"datetime": "2024-01-19 00:50:41", "elapsed": 2345.244362, "delta": 0.003616}}
{"target": -13.758883848353955, "params": {"gamma": 492.8006025204822, "log10_alpha": -4.514648582997972, "log10_colsample_bytree": -0.15469127349544842, "log10_eta": -2.408727103365678, "log10_lambda": -4.289261988196547, "log10_min_child_weight": 0.233056953848223, "log10_subsample": -0.4324513501089984, "max_depth": 9.0, "num_boost_round": 26.0}, "datetime": {"datetime": "2024-01-19 00:50:41", "elapsed": 2345.247897, "delta": 0.003535}}
{"target": -13.758827834244949, "params": {"gamma": 492.8006025204822, "log10_alpha": -4.514648582997972, "log10_colsample_bytree": -0.15469127349544842, "log10_eta": -2.408727103365678, "log10_lambda": -4.289261988196547, "log10_min_child_weight": 0.233056953848223, "log10_subsample": -0.4324513501089984, "max_depth": 9.0, "num_boost_round": 27.0}, "datetime": {"datetime": "2024-01-19 00:50:41", "elapsed": 2345.251472, "delta": 0.003575}}
{"target": -13.758787665611303, "params": {"gamma": 492.8006025204822, "log10_alpha": -4.514648582997972, "log10_colsample_bytree": -0.15469127349544842, "log10_eta": -2.408727103365678, "log10_lambda": -4.289261988196547, "log10_min_child_weight": 0.233056953848223, "log10_subsample": -0.4324513501089984, "max_depth": 9.0, "num_boost_round": 28.0}, "datetime": {"datetime": "2024-01-19 00:50:41", "elapsed": 2345.255014, "delta": 0.003542}}
{"target": -13.758924499065031, "params": {"gamma": 492.8006025204822, "log10_alpha": -4.514648582997972, "log10_colsample_bytree": -0.15469127349544842, "log10_eta": -2.408727103365678, "log10_lambda": -4.289261988196547, "log10_min_child_weight": 0.233056953848223, "log10_subsample": -0.4324513501089984, "max_depth": 9.0, "num_boost_round": 29.0}, "datetime": {"datetime": "2024-01-19 00:50:41", "elapsed": 2345.258652, "delta": 0.003638}}
{"target": -13.758650857994006, "params": {"gamma": 492.8006025204822, "log10_alpha": -4.514648582997972, "log10_colsample_bytree": -0.15469127349544842, "log10_eta": -2.408727103365678, "log10_lambda": -4.289261988196547, "log10_min_child_weight": 0.233056953848223, "log10_subsample": -0.4324513501089984, "max_depth": 9.0, "num_boost_round": 30.0}, "datetime": {"datetime": "2024-01-19 00:50:41", "elapsed": 2345.262208, "delta": 0.003556}}
{"target": -13.758852516165572, "params": {"gamma": 492.8006025204822, "log10_alpha": -4.514648582997972, "log10_colsample_bytree": -0.15469127349544842, "log10_eta": -2.408727103365678, "log10_lambda": -4.289261988196547, "log10_min_child_weight": 0.233056953848223, "log10_subsample": -0.4324513501089984, "max_depth": 9.0, "num_boost_round": 31.0}, "datetime": {"datetime": "2024-01-19 00:50:41", "elapsed": 2345.265794, "delta": 0.003586}}
{"target": -13.758981132091538, "params": {"gamma": 492.8006025204822, "log10_alpha": -4.514648582997972, "log10_colsample_bytree": -0.15469127349544842, "log10_eta": -2.408727103365678, "log10_lambda": -4.289261988196547, "log10_min_child_weight": 0.233056953848223, "log10_subsample": -0.4324513501089984, "max_depth": 9.0, "num_boost_round": 32.0}, "datetime": {"datetime": "2024-01-19 00:50:41", "elapsed": 2345.269368, "delta": 0.003574}}
{"target": -13.758828618509677, "params": {"gamma": 492.8006025204822, "log10_alpha": -4.514648582997972, "log10_colsample_bytree": -0.15469127349544842, "log10_eta": -2.408727103365678, "log10_lambda": -4.289261988196547, "log10_min_child_weight": 0.233056953848223, "log10_subsample": -0.4324513501089984, "max_depth": 9.0, "num_boost_round": 33.0}, "datetime": {"datetime": "2024-01-19 00:50:41", "elapsed": 2345.27291, "delta": 0.003542}}
{"target": -13.758705748198102, "params": {"gamma": 492.8006025204822, "log10_alpha": -4.514648582997972, "log10_colsample_bytree": -0.15469127349544842, "log10_eta": -2.408727103365678, "log10_lambda": -4.289261988196547, "log10_min_child_weight": 0.233056953848223, "log10_subsample": -0.4324513501089984, "max_depth": 9.0, "num_boost_round": 34.0}, "datetime": {"datetime": "2024-01-19 00:50:41", "elapsed": 2345.276593, "delta": 0.003683}}
{"target": -13.758532849692385, "params": {"gamma": 492.8006025204822, "log10_alpha": -4.514648582997972, "log10_colsample_bytree": -0.15469127349544842, "log10_eta": -2.408727103365678, "log10_lambda": -4.289261988196547, "log10_min_child_weight": 0.233056953848223, "log10_subsample": -0.4324513501089984, "max_depth": 9.0, "num_boost_round": 35.0}, "datetime": {"datetime": "2024-01-19 00:50:41", "elapsed": 2345.28017, "delta": 0.003577}}
{"target": -13.75861717189985, "params": {"gamma": 492.8006025204822, "log10_alpha": -4.514648582997972, "log10_colsample_bytree": -0.15469127349544842, "log10_eta": -2.408727103365678, "log10_lambda": -4.289261988196547, "log10_min_child_weight": 0.233056953848223, "log10_subsample": -0.4324513501089984, "max_depth": 9.0, "num_boost_round": 36.0}, "datetime": {"datetime": "2024-01-19 00:50:41", "elapsed": 2345.283742, "delta": 0.003572}}
{"target": -13.758685884800856, "params": {"gamma": 492.8006025204822, "log10_alpha": -4.514648582997972, "log10_colsample_bytree": -0.15469127349544842, "log10_eta": -2.408727103365678, "log10_lambda": -4.289261988196547, "log10_min_child_weight": 0.233056953848223, "log10_subsample": -0.4324513501089984, "max_depth": 9.0, "num_boost_round": 37.0}, "datetime": {"datetime": "2024-01-19 00:50:41", "elapsed": 2345.28732, "delta": 0.003578}}
{"target": -13.758595218893754, "params": {"gamma": 492.8006025204822, "log10_alpha": -4.514648582997972, "log10_colsample_bytree": -0.15469127349544842, "log10_eta": -2.408727103365678, "log10_lambda": -4.289261988196547, "log10_min_child_weight": 0.233056953848223, "log10_subsample": -0.4324513501089984, "max_depth": 9.0, "num_boost_round": 38.0}, "datetime": {"datetime": "2024-01-19 00:50:41", "elapsed": 2345.290857, "delta": 0.003537}}
{"target": -13.758600705380124, "params": {"gamma": 492.8006025204822, "log10_alpha": -4.514648582997972, "log10_colsample_bytree": -0.15469127349544842, "log10_eta": -2.408727103365678, "log10_lambda": -4.289261988196547, "log10_min_child_weight": 0.233056953848223, "log10_subsample": -0.4324513501089984, "max_depth": 9.0, "num_boost_round": 39.0}, "datetime": {"datetime": "2024-01-19 00:50:41", "elapsed": 2345.294475, "delta": 0.003618}}
{"target": -13.758886525360447, "params": {"gamma": 492.8006025204822, "log10_alpha": -4.514648582997972, "log10_colsample_bytree": -0.15469127349544842, "log10_eta": -2.408727103365678, "log10_lambda": -4.289261988196547, "log10_min_child_weight": 0.233056953848223, "log10_subsample": -0.4324513501089984, "max_depth": 9.0, "num_boost_round": 40.0}, "datetime": {"datetime": "2024-01-19 00:50:41", "elapsed": 2345.298061, "delta": 0.003586}}
{"target": -13.75882231048798, "params": {"gamma": 492.8006025204822, "log10_alpha": -4.514648582997972, "log10_colsample_bytree": -0.15469127349544842, "log10_eta": -2.408727103365678, "log10_lambda": -4.289261988196547, "log10_min_child_weight": 0.233056953848223, "log10_subsample": -0.4324513501089984, "max_depth": 9.0, "num_boost_round": 41.0}, "datetime": {"datetime": "2024-01-19 00:50:41", "elapsed": 2345.30172, "delta": 0.003659}}
{"target": -13.758987060748012, "params": {"gamma": 492.8006025204822, "log10_alpha": -4.514648582997972, "log10_colsample_bytree": -0.15469127349544842, "log10_eta": -2.408727103365678, "log10_lambda": -4.289261988196547, "log10_min_child_weight": 0.233056953848223, "log10_subsample": -0.4324513501089984, "max_depth": 9.0, "num_boost_round": 42.0}, "datetime": {"datetime": "2024-01-19 00:50:41", "elapsed": 2345.305341, "delta": 0.003621}}
{"target": -13.758963447578125, "params": {"gamma": 492.8006025204822, "log10_alpha": -4.514648582997972, "log10_colsample_bytree": -0.15469127349544842, "log10_eta": -2.408727103365678, "log10_lambda": -4.289261988196547, "log10_min_child_weight": 0.233056953848223, "log10_subsample": -0.4324513501089984, "max_depth": 9.0, "num_boost_round": 43.0}, "datetime": {"datetime": "2024-01-19 00:50:41", "elapsed": 2345.308915, "delta": 0.003574}}
{"target": -13.758979649361748, "params": {"gamma": 492.8006025204822, "log10_alpha": -4.514648582997972, "log10_colsample_bytree": -0.15469127349544842, "log10_eta": -2.408727103365678, "log10_lambda": -4.289261988196547, "log10_min_child_weight": 0.233056953848223, "log10_subsample": -0.4324513501089984, "max_depth": 9.0, "num_boost_round": 44.0}, "datetime": {"datetime": "2024-01-19 00:50:41", "elapsed": 2345.312484, "delta": 0.003569}}
{"target": -13.75918744538518, "params": {"gamma": 492.8006025204822, "log10_alpha": -4.514648582997972, "log10_colsample_bytree": -0.15469127349544842, "log10_eta": -2.408727103365678, "log10_lambda": -4.289261988196547, "log10_min_child_weight": 0.233056953848223, "log10_subsample": -0.4324513501089984, "max_depth": 9.0, "num_boost_round": 45.0}, "datetime": {"datetime": "2024-01-19 00:50:41", "elapsed": 2345.316075, "delta": 0.003591}}
{"target": -13.759319325486263, "params": {"gamma": 492.8006025204822, "log10_alpha": -4.514648582997972, "log10_colsample_bytree": -0.15469127349544842, "log10_eta": -2.408727103365678, "log10_lambda": -4.289261988196547, "log10_min_child_weight": 0.233056953848223, "log10_subsample": -0.4324513501089984, "max_depth": 9.0, "num_boost_round": 46.0}, "datetime": {"datetime": "2024-01-19 00:50:41", "elapsed": 2345.319753, "delta": 0.003678}}
{"target": -13.75974999275598, "params": {"gamma": 492.8006025204822, "log10_alpha": -4.514648582997972, "log10_colsample_bytree": -0.15469127349544842, "log10_eta": -2.408727103365678, "log10_lambda": -4.289261988196547, "log10_min_child_weight": 0.233056953848223, "log10_subsample": -0.4324513501089984, "max_depth": 9.0, "num_boost_round": 47.0}, "datetime": {"datetime": "2024-01-19 00:50:41", "elapsed": 2345.323342, "delta": 0.003589}}
{"target": -13.758754425134384, "params": {"gamma": 484.17240785676285, "log10_alpha": -0.18486742339910656, "log10_colsample_bytree": -0.19496375155077572, "log10_eta": -1.407264469796183, "log10_lambda": -0.6517892091979807, "log10_min_child_weight": 4.790242237678154, "log10_subsample": -0.05268733478039633, "max_depth": 7.0, "num_boost_round": 0.0}, "datetime": {"datetime": "2024-01-19 00:51:41", "elapsed": 2405.127824, "delta": 59.804482}}
{"target": -13.75880061873687, "params": {"gamma": 484.17240785676285, "log10_alpha": -0.18486742339910656, "log10_colsample_bytree": -0.19496375155077572, "log10_eta": -1.407264469796183, "log10_lambda": -0.6517892091979807, "log10_min_child_weight": 4.790242237678154, "log10_subsample": -0.05268733478039633, "max_depth": 7.0, "num_boost_round": 1.0}, "datetime": {"datetime": "2024-01-19 00:51:41", "elapsed": 2405.13158, "delta": 0.003756}}
{"target": -13.759406094808915, "params": {"gamma": 484.17240785676285, "log10_alpha": -0.18486742339910656, "log10_colsample_bytree": -0.19496375155077572, "log10_eta": -1.407264469796183, "log10_lambda": -0.6517892091979807, "log10_min_child_weight": 4.790242237678154, "log10_subsample": -0.05268733478039633, "max_depth": 7.0, "num_boost_round": 2.0}, "datetime": {"datetime": "2024-01-19 00:51:41", "elapsed": 2405.135198, "delta": 0.003618}}
