{"target": -13.758470254131886, "params": {"gamma": 720.4692773884342, "log10_alpha": -3.912633296160357, "log10_colsample_bytree": -0.11735952560941343, "log10_eta": -2.971663130686892, "log10_lambda": -3.464548903526474, "log10_min_child_weight": 0.20674906159604545, "log10_subsample": -0.7500441161377216, "max_depth": 2.0, "num_boost_round": 7.0}, "datetime": {"datetime": "2024-01-19 00:46:19", "elapsed": 2078.986684, "delta": 0.002515}}
{"target": -13.758460742855847, "params": {"gamma": 720.4692773884342, "log10_alpha": -3.912633296160357, "log10_colsample_bytree": -0.11735952560941343, "log10_eta": -2.971663130686892, "log10_lambda": -3.464548903526474, "log10_min_child_weight": 0.20674906159604545, "log10_subsample": -0.7500441161377216, "max_depth": 2.0, "num_boost_round": 8.0}, "datetime": {"datetime": "2024-01-19 00:46:19", "elapsed": 2078.989111, "delta": 0.002427}}
{"target": -13.758449962380897, "params": {"gamma": 720.4692773884342, "log10_alpha": -3.912633296160357, "log10_colsample_bytree": -0.11735952560941343, "log10_eta": -2.971663130686892, "log10_lambda": -3.464548903526474, "log10_min_child_weight": 0.20674906159604545, "log10_subsample": -0.7500441161377216, "max_depth": 2.0, "num_boost_round": 9.0}, "datetime": {"datetime": "2024-01-19 00:46:19", "elapsed": 2078.991537, "delta": 0.002426}}
{"target": -13.758440767162213, "params": {"gamma": 720.4692773884342, "log10_alpha": -3.912633296160357, "log10_colsample_bytree": -0.11735952560941343, "log10_eta": -2.971663130686892, "log10_lambda": -3.464548903526474, "log10_min_child_weight": 0.20674906159604545, "log10_subsample": -0.7500441161377216, "max_depth": 2.0, "num_boost_round": 10.0}, "datetime": {"datetime": "2024-01-19 00:46:19", "elapsed": 2078.993848, "delta": 0.002311}}
{"target": -13.75842157376348, "params": {"gamma": 720.4692773884342, "log10_alpha": -3.912633296160357, "log10_colsample_bytree": -0.11735952560941343, "log10_eta": -2.971663130686892, "log10_lambda": -3.464548903526474, "log10_min_child_weight": 0.20674906159604545, "log10_subsample": -0.7500441161377216, "max_depth": 2.0, "num_boost_round": 11.0}, "datetime": {"datetime": "2024-01-19 00:46:19", "elapsed": 2078.996182, "delta": 0.002334}}
{"target": -13.758413186930275, "params": {"gamma": 720.4692773884342, "log10_alpha": -3.912633296160357, "log10_colsample_bytree": -0.11735952560941343, "log10_eta": -2.971663130686892, "log10_lambda": -3.464548903526474, "log10_min_child_weight": 0.20674906159604545, "log10_subsample": -0.7500441161377216, "max_depth": 2.0, "num_boost_round": 12.0}, "datetime": {"datetime": "2024-01-19 00:46:19", "elapsed": 2078.998531, "delta": 0.002349}}
{"target": -13.75840319412739, "params": {"gamma": 720.4692773884342, "log10_alpha": -3.912633296160357, "log10_colsample_bytree": -0.11735952560941343, "log10_eta": -2.971663130686892, "log10_lambda": -3.464548903526474, "log10_min_child_weight": 0.20674906159604545, "log10_subsample": -0.7500441161377216, "max_depth": 2.0, "num_boost_round": 13.0}, "datetime": {"datetime": "2024-01-19 00:46:19", "elapsed": 2079.000861, "delta": 0.00233}}
{"target": -13.758392498755459, "params": {"gamma": 720.4692773884342, "log10_alpha": -3.912633296160357, "log10_colsample_bytree": -0.11735952560941343, "log10_eta": -2.971663130686892, "log10_lambda": -3.464548903526474, "log10_min_child_weight": 0.20674906159604545, "log10_subsample": -0.7500441161377216, "max_depth": 2.0, "num_boost_round": 14.0}, "datetime": {"datetime": "2024-01-19 00:46:19", "elapsed": 2079.003267, "delta": 0.002406}}
{"target": -13.758390512883116, "params": {"gamma": 720.4692773884342, "log10_alpha": -3.912633296160357, "log10_colsample_bytree": -0.11735952560941343, "log10_eta": -2.971663130686892, "log10_lambda": -3.464548903526474, "log10_min_child_weight": 0.20674906159604545, "log10_subsample": -0.7500441161377216, "max_depth": 2.0, "num_boost_round": 15.0}, "datetime": {"datetime": "2024-01-19 00:46:19", "elapsed": 2079.005608, "delta": 0.002341}}
{"target": -13.758382728634054, "params": {"gamma": 720.4692773884342, "log10_alpha": -3.912633296160357, "log10_colsample_bytree": -0.11735952560941343, "log10_eta": -2.971663130686892, "log10_lambda": -3.464548903526474, "log10_min_child_weight": 0.20674906159604545, "log10_subsample": -0.7500441161377216, "max_depth": 2.0, "num_boost_round": 16.0}, "datetime": {"datetime": "2024-01-19 00:46:19", "elapsed": 2079.007953, "delta": 0.002345}}
{"target": -13.758524189931261, "params": {"gamma": 718.0264220909575, "log10_alpha": -4.913518724968085, "log10_colsample_bytree": -0.41933480649121857, "log10_eta": -3.5939900909827758, "log10_lambda": -1.7832479152941811, "log10_min_child_weight": 2.2190761481839365, "log10_subsample": -0.04581598140179943, "max_depth": 8.0, "num_boost_round": 0.0}, "datetime": {"datetime": "2024-01-19 00:46:56", "elapsed": 2115.117006, "delta": 36.109053}}
{"target": -13.758522543419504, "params": {"gamma": 718.0264220909575, "log10_alpha": -4.913518724968085, "log10_colsample_bytree": -0.41933480649121857, "log10_eta": -3.5939900909827758, "log10_lambda": -1.7832479152941811, "log10_min_child_weight": 2.2190761481839365, "log10_subsample": -0.04581598140179943, "max_depth": 8.0, "num_boost_round": 1.0}, "datetime": {"datetime": "2024-01-19 00:46:56", "elapsed": 2115.119742, "delta": 0.002736}}
{"target": -13.758507435109717, "params": {"gamma": 718.0264220909575, "log10_alpha": -4.913518724968085, "log10_colsample_bytree": -0.41933480649121857, "log10_eta": -3.5939900909827758, "log10_lambda": -1.7832479152941811, "log10_min_child_weight": 2.2190761481839365, "log10_subsample": -0.04581598140179943, "max_depth": 8.0, "num_boost_round": 2.0}, "datetime": {"datetime": "2024-01-19 00:46:56", "elapsed": 2115.12244, "delta": 0.002698}}
{"target": -13.758495905666773, "params": {"gamma": 718.0264220909575, "log10_alpha": -4.913518724968085, "log10_colsample_bytree": -0.41933480649121857, "log10_eta": -3.5939900909827758, "log10_lambda": -1.7832479152941811, "log10_min_child_weight": 2.2190761481839365, "log10_subsample": -0.04581598140179943, "max_depth": 8.0, "num_boost_round": 3.0}, "datetime": {"datetime": "2024-01-19 00:46:56", "elapsed": 2115.124929, "delta": 0.002489}}
{"target": -13.758488178947111, "params": {"gamma": 718.0264220909575, "log10_alpha": -4.913518724968085, "log10_colsample_bytree": -0.41933480649121857, "log10_eta": -3.5939900909827758, "log10_lambda": -1.7832479152941811, "log10_min_child_weight": 2.2190761481839365, "log10_subsample": -0.04581598140179943, "max_depth": 8.0, "num_boost_round": 4.0}, "datetime": {"datetime": "2024-01-19 00:46:56", "elapsed": 2115.127331, "delta": 0.002402}}
{"target": -13.758478244604355, "params": {"gamma": 718.0264220909575, "log10_alpha": -4.913518724968085, "log10_colsample_bytree": -0.41933480649121857, "log10_eta": -3.5939900909827758, "log10_lambda": -1.7832479152941811, "log10_min_child_weight": 2.2190761481839365, "log10_subsample": -0.04581598140179943, "max_depth": 8.0, "num_boost_round": 5.0}, "datetime": {"datetime": "2024-01-19 00:46:56", "elapsed": 2115.129697, "delta": 0.002366}}
{"target": -13.758477381679738, "params": {"gamma": 718.0264220909575, "log10_alpha": -4.913518724968085, "log10_colsample_bytree": -0.41933480649121857, "log10_eta": -3.5939900909827758, "log10_lambda": -1.7832479152941811, "log10_min_child_weight": 2.2190761481839365, "log10_subsample": -0.04581598140179943, "max_depth": 8.0, "num_boost_round": 6.0}, "datetime": {"datetime": "2024-01-19 00:46:56", "elapsed": 2115.132043, "delta": 0.002346}}
{"target": -13.758476037808101, "params": {"gamma": 718.0264220909575, "log10_alpha": -4.913518724968085, "log10_colsample_bytree": -0.41933480649121857, "log10_eta": -3.5939900909827758, "log10_lambda": -1.7832479152941811, "log10_min_child_weight": 2.2190761481839365, "log10_subsample": -0.04581598140179943, "max_depth": 8.0, "num_boost_round": 7.0}, "datetime": {"datetime": "2024-01-19 00:46:56", "elapsed": 2115.134577, "delta": 0.002534}}
{"target": -13.75846503203248, "params": {"gamma": 718.0264220909575, "log10_alpha": -4.913518724968085, "log10_colsample_bytree": -0.41933480649121857, "log10_eta": -3.5939900909827758, "log10_lambda": -1.7832479152941811, "log10_min_child_weight": 2.2190761481839365, "log10_subsample": -0.04581598140179943, "max_depth": 8.0, "num_boost_round": 8.0}, "datetime": {"datetime": "2024-01-19 00:46:56", "elapsed": 2115.137114, "delta": 0.002537}}
{"target": -13.758463345511712, "params": {"gamma": 718.0264220909575, "log10_alpha": -4.913518724968085, "log10_colsample_bytree": -0.41933480649121857, "log10_eta": -3.5939900909827758, "log10_lambda": -1.7832479152941811, "log10_min_child_weight": 2.2190761481839365, "log10_subsample": -0.04581598140179943, "max_depth": 8.0, "num_boost_round": 9.0}, "datetime": {"datetime": "2024-01-19 00:46:56", "elapsed": 2115.139543, "delta": 0.002429}}
{"target": -13.75844795388364, "params": {"gamma": 718.0264220909575, "log10_alpha": -4.913518724968085, "log10_colsample_bytree": -0.41933480649121857, "log10_eta": -3.5939900909827758, "log10_lambda": -1.7832479152941811, "log10_min_child_weight": 2.2190761481839365, "log10_subsample": -0.04581598140179943, "max_depth": 8.0, "num_boost_round": 10.0}, "datetime": {"datetime": "2024-01-19 00:46:56", "elapsed": 2115.141902, "delta": 0.002359}}
{"target": -13.758443577425009, "params": {"gamma": 718.0264220909575, "log10_alpha": -4.913518724968085, "log10_colsample_bytree": -0.41933480649121857, "log10_eta": -3.5939900909827758, "log10_lambda": -1.7832479152941811, "log10_min_child_weight": 2.2190761481839365, "log10_subsample": -0.04581598140179943, "max_depth": 8.0, "num_boost_round": 11.0}, "datetime": {"datetime": "2024-01-19 00:46:56", "elapsed": 2115.144358, "delta": 0.002456}}
{"target": -13.758448207432401, "params": {"gamma": 718.0264220909575, "log10_alpha": -4.913518724968085, "log10_colsample_bytree": -0.41933480649121857, "log10_eta": -3.5939900909827758, "log10_lambda": -1.7832479152941811, "log10_min_child_weight": 2.2190761481839365, "log10_subsample": -0.04581598140179943, "max_depth": 8.0, "num_boost_round": 12.0}, "datetime": {"datetime": "2024-01-19 00:46:56", "elapsed": 2115.146695, "delta": 0.002337}}
{"target": -13.758432207058691, "params": {"gamma": 718.0264220909575, "log10_alpha": -4.913518724968085, "log10_colsample_bytree": -0.41933480649121857, "log10_eta": -3.5939900909827758, "log10_lambda": -1.7832479152941811, "log10_min_child_weight": 2.2190761481839365, "log10_subsample": -0.04581598140179943, "max_depth": 8.0, "num_boost_round": 13.0}, "datetime": {"datetime": "2024-01-19 00:46:56", "elapsed": 2115.14912, "delta": 0.002425}}
{"target": -13.75843931045805, "params": {"gamma": 718.0264220909575, "log10_alpha": -4.913518724968085, "log10_colsample_bytree": -0.41933480649121857, "log10_eta": -3.5939900909827758, "log10_lambda": -1.7832479152941811, "log10_min_child_weight": 2.2190761481839365, "log10_subsample": -0.04581598140179943, "max_depth": 8.0, "num_boost_round": 14.0}, "datetime": {"datetime": "2024-01-19 00:46:56", "elapsed": 2115.151504, "delta": 0.002384}}
{"target": -13.758433343724333, "params": {"gamma": 718.0264220909575, "log10_alpha": -4.913518724968085, "log10_colsample_bytree": -0.41933480649121857, "log10_eta": -3.5939900909827758, "log10_lambda": -1.7832479152941811, "log10_min_child_weight": 2.2190761481839365, "log10_subsample": -0.04581598140179943, "max_depth": 8.0, "num_boost_round": 15.0}, "datetime": {"datetime": "2024-01-19 00:46:56", "elapsed": 2115.153911, "delta": 0.002407}}
{"target": -13.758537436743442, "params": {"gamma": 87.26069243621015, "log10_alpha": -3.7908703723302075, "log10_colsample_bytree": -0.9301275723231901, "log10_eta": -3.948390798067146, "log10_lambda": 0.13787143817095426, "log10_min_child_weight": 3.464133467339843, "log10_subsample": -0.4765423283062662, "max_depth": 7.0, "num_boost_round": 0.0}, "datetime": {"datetime": "2024-01-19 00:47:23", "elapsed": 2143.05708, "delta": 27.903169}}
{"target": -13.758535600601125, "params": {"gamma": 87.26069243621015, "log10_alpha": -3.7908703723302075, "log10_colsample_bytree": -0.9301275723231901, "log10_eta": -3.948390798067146, "log10_lambda": 0.13787143817095426, "log10_min_child_weight": 3.464133467339843, "log10_subsample": -0.4765423283062662, "max_depth": 7.0, "num_boost_round": 1.0}, "datetime": {"datetime": "2024-01-19 00:47:23", "elapsed": 2143.059819, "delta": 0.002739}}
{"target": -13.758534427847167, "params": {"gamma": 87.26069243621015, "log10_alpha": -3.7908703723302075, "log10_colsample_bytree": -0.9301275723231901, "log10_eta": -3.948390798067146, "log10_lambda": 0.13787143817095426, "log10_min_child_weight": 3.464133467339843, "log10_subsample": -0.4765423283062662, "max_depth": 7.0, "num_boost_round": 2.0}, "datetime": {"datetime": "2024-01-19 00:47:23", "elapsed": 2143.062384, "delta": 0.002565}}
{"target": -13.75853434555188, "params": {"gamma": 87.26069243621015, "log10_alpha": -3.7908703723302075, "log10_colsample_bytree": -0.9301275723231901, "log10_eta": -3.948390798067146, "log10_lambda": 0.13787143817095426, "log10_min_child_weight": 3.464133467339843, "log10_subsample": -0.4765423283062662, "max_depth": 7.0, "num_boost_round": 3.0}, "datetime": {"datetime": "2024-01-19 00:47:23", "elapsed": 2143.064827, "delta": 0.002443}}
{"target": -13.758534695645716, "params": {"gamma": 87.26069243621015, "log10_alpha": -3.7908703723302075, "log10_colsample_bytree": -0.9301275723231901, "log10_eta": -3.948390798067146, "log10_lambda": 0.13787143817095426, "log10_min_child_weight": 3.464133467339843, "log10_subsample": -0.4765423283062662, "max_depth": 7.0, "num_boost_round": 4.0}, "datetime": {"datetime": "2024-01-19 00:47:23", "elapsed": 2143.067285, "delta": 0.002458}}
{"target": -13.758533810966016, "params": {"gamma": 87.26069243621015, "log10_alpha": -3.7908703723302075, "log10_colsample_bytree": -0.9301275723231901, "log10_eta": -3.948390798067146, "log10_lambda": 0.13787143817095426, "log10_min_child_weight": 3.464133467339843, "log10_subsample": -0.4765423283062662, "max_depth": 7.0, "num_boost_round": 5.0}, "datetime": {"datetime": "2024-01-19 00:47:23", "elapsed": 2143.069631, "delta": 0.002346}}
{"target": -13.75853522349298, "params": {"gamma": 87.26069243621015, "log10_alpha": -3.7908703723302075, "log10_colsample_bytree": -0.9301275723231901, "log10_eta": -3.948390798067146, "log10_lambda": 0.13787143817095426, "log10_min_child_weight": 3.464133467339843, "log10_subsample": -0.4765423283062662, "max_depth": 7.0, "num_boost_round": 6.0}, "datetime": {"datetime": "2024-01-19 00:47:23", "elapsed": 2143.072044, "delta": 0.002413}}
{"target": -13.75853337578392, "params": {"gamma": 87.26069243621015, "log10_alpha": -3.7908703723302075, "log10_colsample_bytree": -0.9301275723231901, "log10_eta": -3.948390798067146, "log10_lambda": 0.13787143817095426, "log10_min_child_weight": 3.464133467339843, "log10_subsample": -0.4765423283062662, "max_depth": 7.0, "num_boost_round": 7.0}, "datetime": {"datetime": "2024-01-19 00:47:23", "elapsed": 2143.074512, "delta": 0.002468}}
{"target": -13.758530594131841, "params": {"gamma": 87.26069243621015, "log10_alpha": -3.7908703723302075, "log10_colsample_bytree": -0.9301275723231901, "log10_eta": -3.948390798067146, "log10_lambda": 0.13787143817095426, "log10_min_child_weight": 3.464133467339843, "log10_subsample": -0.4765423283062662, "max_depth": 7.0, "num_boost_round": 8.0}, "datetime": {"datetime": "2024-01-19 00:47:23", "elapsed": 2143.076937, "delta": 0.002425}}
{"target": -13.758530604126, "params": {"gamma": 87.26069243621015, "log10_alpha": -3.7908703723302075, "log10_colsample_bytree": -0.9301275723231901, "log10_eta": -3.948390798067146, "log10_lambda": 0.13787143817095426, "log10_min_child_weight": 3.464133467339843, "log10_subsample": -0.4765423283062662, "max_depth": 7.0, "num_boost_round": 9.0}, "datetime": {"datetime": "2024-01-19 00:47:23", "elapsed": 2143.079334, "delta": 0.002397}}
{"target": -13.759681065952845, "params": {"gamma": 709.3734255772694, "log10_alpha": -1.6068007431678386, "log10_colsample_bytree": -0.03237570344802043, "log10_eta": -0.9672141366455569, "log10_lambda": 0.030803691152867962, "log10_min_child_weight": 2.7085476376868582, "log10_subsample": -0.4519780804697011, "max_depth": 3.0, "num_boost_round": 0.0}, "datetime": {"datetime": "2024-01-19 00:48:01", "elapsed": 2181.064572, "delta": 37.985238}}
{"target": -13.762564721133003, "params": {"gamma": 709.3734255772694, "log10_alpha": -1.6068007431678386, "log10_colsample_bytree": -0.03237570344802043, "log10_eta": -0.9672141366455569, "log10_lambda": 0.030803691152867962, "log10_min_child_weight": 2.7085476376868582, "log10_subsample": -0.4519780804697011, "max_depth": 3.0, "num_boost_round": 1.0}, "datetime": {"datetime": "2024-01-19 00:48:01", "elapsed": 2181.067808, "delta": 0.003236}}
{"target": -13.766376379147623, "params": {"gamma": 709.3734255772694, "log10_alpha": -1.6068007431678386, "log10_colsample_bytree": -0.03237570344802043, "log10_eta": -0.9672141366455569, "log10_lambda": 0.030803691152867962, "log10_min_child_weight": 2.7085476376868582, "log10_subsample": -0.4519780804697011, "max_depth": 3.0, "num_boost_round": 2.0}, "datetime": {"datetime": "2024-01-19 00:48:01", "elapsed": 2181.070243, "delta": 0.002435}}
{"target": -13.767503190494072, "params": {"gamma": 709.3734255772694, "log10_alpha": -1.6068007431678386, "log10_colsample_bytree": -0.03237570344802043, "log10_eta": -0.9672141366455569, "log10_lambda": 0.030803691152867962, "log10_min_child_weight": 2.7085476376868582, "log10_subsample": -0.4519780804697011, "max_depth": 3.0, "num_boost_round": 3.0}, "datetime": {"datetime": "2024-01-19 00:48:01", "elapsed": 2181.072809, "delta": 0.002566}}
{"target": -13.768875279253821, "params": {"gamma": 709.3734255772694, "log10_alpha": -1.6068007431678386, "log10_colsample_bytree": -0.03237570344802043, "log10_eta": -0.9672141366455569, "log10_lambda": 0.030803691152867962, "log10_min_child_weight": 2.7085476376868582, "log10_subsample": -0.4519780804697011, "max_depth": 3.0, "num_boost_round": 4.0}, "datetime": {"datetime": "2024-01-19 00:48:01", "elapsed": 2181.075175, "delta": 0.002366}}
{"target": -13.769433535812071, "params": {"gamma": 709.3734255772694, "log10_alpha": -1.6068007431678386, "log10_colsample_bytree": -0.03237570344802043, "log10_eta": -0.9672141366455569, "log10_lambda": 0.030803691152867962, "log10_min_child_weight": 2.7085476376868582, "log10_subsample": -0.4519780804697011, "max_depth": 3.0, "num_boost_round": 5.0}, "datetime": {"datetime": "2024-01-19 00:48:01", "elapsed": 2181.077573, "delta": 0.002398}}
{"target": -13.768375530166889, "params": {"gamma": 709.3734255772694, "log10_alpha": -1.6068007431678386, "log10_colsample_bytree": -0.03237570344802043, "log10_eta": -0.9672141366455569, "log10_lambda": 0.030803691152867962, "log10_min_child_weight": 2.7085476376868582, "log10_subsample": -0.4519780804697011, "max_depth": 3.0, "num_boost_round": 6.0}, "datetime": {"datetime": "2024-01-19 00:48:01", "elapsed": 2181.079947, "delta": 0.002374}}
{"target": -13.769438695017948, "params": {"gamma": 709.3734255772694, "log10_alpha": -1.6068007431678386, "log10_colsample_bytree": -0.03237570344802043, "log10_eta": -0.9672141366455569, "log10_lambda": 0.030803691152867962, "log10_min_child_weight": 2.7085476376868582, "log10_subsample": -0.4519780804697011, "max_depth": 3.0, "num_boost_round": 7.0}, "datetime": {"datetime": "2024-01-19 00:48:01", "elapsed": 2181.082313, "delta": 0.002366}}
{"target": -13.769118815064417, "params": {"gamma": 709.3734255772694, "log10_alpha": -1.6068007431678386, "log10_colsample_bytree": -0.03237570344802043, "log10_eta": -0.9672141366455569, "log10_lambda": 0.030803691152867962, "log10_min_child_weight": 2.7085476376868582, "log10_subsample": -0.4519780804697011, "max_depth": 3.0, "num_boost_round": 8.0}, "datetime": {"datetime": "2024-01-19 00:48:02", "elapsed": 2181.084846, "delta": 0.002533}}
{"target": -13.770328808627292, "params": {"gamma": 709.3734255772694, "log10_alpha": -1.6068007431678386, "log10_colsample_bytree": -0.03237570344802043, "log10_eta": -0.9672141366455569, "log10_lambda": 0.030803691152867962, "log10_min_child_weight": 2.7085476376868582, "log10_subsample": -0.4519780804697011, "max_depth": 3.0, "num_boost_round": 9.0}, "datetime": {"datetime": "2024-01-19 00:48:02", "elapsed": 2181.087371, "delta": 0.002525}}
{"target": -13.773044896783393, "params": {"gamma": 709.3734255772694, "log10_alpha": -1.6068007431678386, "log10_colsample_bytree": -0.03237570344802043, "log10_eta": -0.9672141366455569, "log10_lambda": 0.030803691152867962, "log10_min_child_weight": 2.7085476376868582, "log10_subsample": -0.4519780804697011, "max_depth": 3.0, "num_boost_round": 10.0}, "datetime": {"datetime": "2024-01-19 00:48:02", "elapsed": 2181.089788, "delta": 0.002417}}
{"target": -13.773837592091926, "params": {"gamma": 709.3734255772694, "log10_alpha": -1.6068007431678386, "log10_colsample_bytree": -0.03237570344802043, "log10_eta": -0.9672141366455569, "log10_lambda": 0.030803691152867962, "log10_min_child_weight": 2.7085476376868582, "log10_subsample": -0.4519780804697011, "max_depth": 3.0, "num_boost_round": 11.0}, "datetime": {"datetime": "2024-01-19 00:48:02", "elapsed": 2181.092191, "delta": 0.002403}}
{"target": -13.775658285075258, "params": {"gamma": 709.3734255772694, "log10_alpha": -1.6068007431678386, "log10_colsample_bytree": -0.03237570344802043, "log10_eta": -0.9672141366455569, "log10_lambda": 0.030803691152867962, "log10_min_child_weight": 2.7085476376868582, "log10_subsample": -0.4519780804697011, "max_depth": 3.0, "num_boost_round": 12.0}, "datetime": {"datetime": "2024-01-19 00:48:02", "elapsed": 2181.094678, "delta": 0.002487}}
