{"target": -17.67721183152459, "params": {"gamma": 834.7349689785189, "log10_alpha": -2.1872064880929862, "log10_colsample_bytree": -0.9517209976528417, "log10_eta": -3.7059302838732537, "log10_lambda": -2.8569277313032684, "log10_min_child_weight": 0.9377475303430016, "log10_subsample": -0.9774803953815057, "max_depth": 9.0, "num_boost_round": 2.0}, "datetime": {"datetime": "2024-01-19 01:00:10", "elapsed": 2894.639852, "delta": 0.004271}}
{"target": -17.677201407135275, "params": {"gamma": 834.7349689785189, "log10_alpha": -2.1872064880929862, "log10_colsample_bytree": -0.9517209976528417, "log10_eta": -3.7059302838732537, "log10_lambda": -2.8569277313032684, "log10_min_child_weight": 0.9377475303430016, "log10_subsample": -0.9774803953815057, "max_depth": 9.0, "num_boost_round": 3.0}, "datetime": {"datetime": "2024-01-19 01:00:10", "elapsed": 2894.643843, "delta": 0.003991}}
{"target": -17.677194280475216, "params": {"gamma": 834.7349689785189, "log10_alpha": -2.1872064880929862, "log10_colsample_bytree": -0.9517209976528417, "log10_eta": -3.7059302838732537, "log10_lambda": -2.8569277313032684, "log10_min_child_weight": 0.9377475303430016, "log10_subsample": -0.9774803953815057, "max_depth": 9.0, "num_boost_round": 4.0}, "datetime": {"datetime": "2024-01-19 01:00:10", "elapsed": 2894.647876, "delta": 0.004033}}
{"target": -17.67719382946125, "params": {"gamma": 834.7349689785189, "log10_alpha": -2.1872064880929862, "log10_colsample_bytree": -0.9517209976528417, "log10_eta": -3.7059302838732537, "log10_lambda": -2.8569277313032684, "log10_min_child_weight": 0.9377475303430016, "log10_subsample": -0.9774803953815057, "max_depth": 9.0, "num_boost_round": 5.0}, "datetime": {"datetime": "2024-01-19 01:00:10", "elapsed": 2894.654096, "delta": 0.00622}}
{"target": -17.677185365303604, "params": {"gamma": 834.7349689785189, "log10_alpha": -2.1872064880929862, "log10_colsample_bytree": -0.9517209976528417, "log10_eta": -3.7059302838732537, "log10_lambda": -2.8569277313032684, "log10_min_child_weight": 0.9377475303430016, "log10_subsample": -0.9774803953815057, "max_depth": 9.0, "num_boost_round": 6.0}, "datetime": {"datetime": "2024-01-19 01:00:10", "elapsed": 2894.65835, "delta": 0.004254}}
{"target": -17.67716775762936, "params": {"gamma": 834.7349689785189, "log10_alpha": -2.1872064880929862, "log10_colsample_bytree": -0.9517209976528417, "log10_eta": -3.7059302838732537, "log10_lambda": -2.8569277313032684, "log10_min_child_weight": 0.9377475303430016, "log10_subsample": -0.9774803953815057, "max_depth": 9.0, "num_boost_round": 7.0}, "datetime": {"datetime": "2024-01-19 01:00:10", "elapsed": 2894.662604, "delta": 0.004254}}
{"target": -17.677154258415726, "params": {"gamma": 834.7349689785189, "log10_alpha": -2.1872064880929862, "log10_colsample_bytree": -0.9517209976528417, "log10_eta": -3.7059302838732537, "log10_lambda": -2.8569277313032684, "log10_min_child_weight": 0.9377475303430016, "log10_subsample": -0.9774803953815057, "max_depth": 9.0, "num_boost_round": 8.0}, "datetime": {"datetime": "2024-01-19 01:00:10", "elapsed": 2894.666544, "delta": 0.00394}}
{"target": -17.677148528477954, "params": {"gamma": 834.7349689785189, "log10_alpha": -2.1872064880929862, "log10_colsample_bytree": -0.9517209976528417, "log10_eta": -3.7059302838732537, "log10_lambda": -2.8569277313032684, "log10_min_child_weight": 0.9377475303430016, "log10_subsample": -0.9774803953815057, "max_depth": 9.0, "num_boost_round": 9.0}, "datetime": {"datetime": "2024-01-19 01:00:10", "elapsed": 2894.67054, "delta": 0.003996}}
{"target": -17.677136875367992, "params": {"gamma": 834.7349689785189, "log10_alpha": -2.1872064880929862, "log10_colsample_bytree": -0.9517209976528417, "log10_eta": -3.7059302838732537, "log10_lambda": -2.8569277313032684, "log10_min_child_weight": 0.9377475303430016, "log10_subsample": -0.9774803953815057, "max_depth": 9.0, "num_boost_round": 10.0}, "datetime": {"datetime": "2024-01-19 01:00:10", "elapsed": 2894.674381, "delta": 0.003841}}
{"target": -17.677126292673048, "params": {"gamma": 834.7349689785189, "log10_alpha": -2.1872064880929862, "log10_colsample_bytree": -0.9517209976528417, "log10_eta": -3.7059302838732537, "log10_lambda": -2.8569277313032684, "log10_min_child_weight": 0.9377475303430016, "log10_subsample": -0.9774803953815057, "max_depth": 9.0, "num_boost_round": 11.0}, "datetime": {"datetime": "2024-01-19 01:00:10", "elapsed": 2894.678278, "delta": 0.003897}}
{"target": -17.67711644975204, "params": {"gamma": 834.7349689785189, "log10_alpha": -2.1872064880929862, "log10_colsample_bytree": -0.9517209976528417, "log10_eta": -3.7059302838732537, "log10_lambda": -2.8569277313032684, "log10_min_child_weight": 0.9377475303430016, "log10_subsample": -0.9774803953815057, "max_depth": 9.0, "num_boost_round": 12.0}, "datetime": {"datetime": "2024-01-19 01:00:10", "elapsed": 2894.682208, "delta": 0.00393}}
{"target": -17.677096542330577, "params": {"gamma": 834.7349689785189, "log10_alpha": -2.1872064880929862, "log10_colsample_bytree": -0.9517209976528417, "log10_eta": -3.7059302838732537, "log10_lambda": -2.8569277313032684, "log10_min_child_weight": 0.9377475303430016, "log10_subsample": -0.9774803953815057, "max_depth": 9.0, "num_boost_round": 13.0}, "datetime": {"datetime": "2024-01-19 01:00:10", "elapsed": 2894.6862, "delta": 0.003992}}
{"target": -17.677097163794826, "params": {"gamma": 834.7349689785189, "log10_alpha": -2.1872064880929862, "log10_colsample_bytree": -0.9517209976528417, "log10_eta": -3.7059302838732537, "log10_lambda": -2.8569277313032684, "log10_min_child_weight": 0.9377475303430016, "log10_subsample": -0.9774803953815057, "max_depth": 9.0, "num_boost_round": 14.0}, "datetime": {"datetime": "2024-01-19 01:00:10", "elapsed": 2894.690591, "delta": 0.004391}}
{"target": -17.67708722805158, "params": {"gamma": 834.7349689785189, "log10_alpha": -2.1872064880929862, "log10_colsample_bytree": -0.9517209976528417, "log10_eta": -3.7059302838732537, "log10_lambda": -2.8569277313032684, "log10_min_child_weight": 0.9377475303430016, "log10_subsample": -0.9774803953815057, "max_depth": 9.0, "num_boost_round": 15.0}, "datetime": {"datetime": "2024-01-19 01:00:10", "elapsed": 2894.694755, "delta": 0.004164}}
{"target": -17.677088719003294, "params": {"gamma": 834.7349689785189, "log10_alpha": -2.1872064880929862, "log10_colsample_bytree": -0.9517209976528417, "log10_eta": -3.7059302838732537, "log10_lambda": -2.8569277313032684, "log10_min_child_weight": 0.9377475303430016, "log10_subsample": -0.9774803953815057, "max_depth": 9.0, "num_boost_round": 16.0}, "datetime": {"datetime": "2024-01-19 01:00:10", "elapsed": 2894.700151, "delta": 0.005396}}
{"target": -17.677074093599778, "params": {"gamma": 834.7349689785189, "log10_alpha": -2.1872064880929862, "log10_colsample_bytree": -0.9517209976528417, "log10_eta": -3.7059302838732537, "log10_lambda": -2.8569277313032684, "log10_min_child_weight": 0.9377475303430016, "log10_subsample": -0.9774803953815057, "max_depth": 9.0, "num_boost_round": 17.0}, "datetime": {"datetime": "2024-01-19 01:00:10", "elapsed": 2894.704293, "delta": 0.004142}}
{"target": -17.67706519075516, "params": {"gamma": 834.7349689785189, "log10_alpha": -2.1872064880929862, "log10_colsample_bytree": -0.9517209976528417, "log10_eta": -3.7059302838732537, "log10_lambda": -2.8569277313032684, "log10_min_child_weight": 0.9377475303430016, "log10_subsample": -0.9774803953815057, "max_depth": 9.0, "num_boost_round": 18.0}, "datetime": {"datetime": "2024-01-19 01:00:10", "elapsed": 2894.708239, "delta": 0.003946}}
{"target": -17.677054302565057, "params": {"gamma": 834.7349689785189, "log10_alpha": -2.1872064880929862, "log10_colsample_bytree": -0.9517209976528417, "log10_eta": -3.7059302838732537, "log10_lambda": -2.8569277313032684, "log10_min_child_weight": 0.9377475303430016, "log10_subsample": -0.9774803953815057, "max_depth": 9.0, "num_boost_round": 19.0}, "datetime": {"datetime": "2024-01-19 01:00:10", "elapsed": 2894.712167, "delta": 0.003928}}
{"target": -17.677040462152597, "params": {"gamma": 834.7349689785189, "log10_alpha": -2.1872064880929862, "log10_colsample_bytree": -0.9517209976528417, "log10_eta": -3.7059302838732537, "log10_lambda": -2.8569277313032684, "log10_min_child_weight": 0.9377475303430016, "log10_subsample": -0.9774803953815057, "max_depth": 9.0, "num_boost_round": 20.0}, "datetime": {"datetime": "2024-01-19 01:00:10", "elapsed": 2894.716025, "delta": 0.003858}}
{"target": -17.677020068903676, "params": {"gamma": 834.7349689785189, "log10_alpha": -2.1872064880929862, "log10_colsample_bytree": -0.9517209976528417, "log10_eta": -3.7059302838732537, "log10_lambda": -2.8569277313032684, "log10_min_child_weight": 0.9377475303430016, "log10_subsample": -0.9774803953815057, "max_depth": 9.0, "num_boost_round": 21.0}, "datetime": {"datetime": "2024-01-19 01:00:10", "elapsed": 2894.719897, "delta": 0.003872}}
{"target": -17.677008944638263, "params": {"gamma": 834.7349689785189, "log10_alpha": -2.1872064880929862, "log10_colsample_bytree": -0.9517209976528417, "log10_eta": -3.7059302838732537, "log10_lambda": -2.8569277313032684, "log10_min_child_weight": 0.9377475303430016, "log10_subsample": -0.9774803953815057, "max_depth": 9.0, "num_boost_round": 22.0}, "datetime": {"datetime": "2024-01-19 01:00:10", "elapsed": 2894.723911, "delta": 0.004014}}
{"target": -17.676999748036003, "params": {"gamma": 834.7349689785189, "log10_alpha": -2.1872064880929862, "log10_colsample_bytree": -0.9517209976528417, "log10_eta": -3.7059302838732537, "log10_lambda": -2.8569277313032684, "log10_min_child_weight": 0.9377475303430016, "log10_subsample": -0.9774803953815057, "max_depth": 9.0, "num_boost_round": 23.0}, "datetime": {"datetime": "2024-01-19 01:00:10", "elapsed": 2894.727905, "delta": 0.003994}}
{"target": -17.677001092214557, "params": {"gamma": 834.7349689785189, "log10_alpha": -2.1872064880929862, "log10_colsample_bytree": -0.9517209976528417, "log10_eta": -3.7059302838732537, "log10_lambda": -2.8569277313032684, "log10_min_child_weight": 0.9377475303430016, "log10_subsample": -0.9774803953815057, "max_depth": 9.0, "num_boost_round": 24.0}, "datetime": {"datetime": "2024-01-19 01:00:10", "elapsed": 2894.731837, "delta": 0.003932}}
{"target": -17.676984252394313, "params": {"gamma": 834.7349689785189, "log10_alpha": -2.1872064880929862, "log10_colsample_bytree": -0.9517209976528417, "log10_eta": -3.7059302838732537, "log10_lambda": -2.8569277313032684, "log10_min_child_weight": 0.9377475303430016, "log10_subsample": -0.9774803953815057, "max_depth": 9.0, "num_boost_round": 25.0}, "datetime": {"datetime": "2024-01-19 01:00:10", "elapsed": 2894.735716, "delta": 0.003879}}
{"target": -17.676981357387866, "params": {"gamma": 834.7349689785189, "log10_alpha": -2.1872064880929862, "log10_colsample_bytree": -0.9517209976528417, "log10_eta": -3.7059302838732537, "log10_lambda": -2.8569277313032684, "log10_min_child_weight": 0.9377475303430016, "log10_subsample": -0.9774803953815057, "max_depth": 9.0, "num_boost_round": 26.0}, "datetime": {"datetime": "2024-01-19 01:00:10", "elapsed": 2894.739602, "delta": 0.003886}}
{"target": -17.67697803991588, "params": {"gamma": 834.7349689785189, "log10_alpha": -2.1872064880929862, "log10_colsample_bytree": -0.9517209976528417, "log10_eta": -3.7059302838732537, "log10_lambda": -2.8569277313032684, "log10_min_child_weight": 0.9377475303430016, "log10_subsample": -0.9774803953815057, "max_depth": 9.0, "num_boost_round": 27.0}, "datetime": {"datetime": "2024-01-19 01:00:10", "elapsed": 2894.743487, "delta": 0.003885}}
{"target": -17.676972027295626, "params": {"gamma": 834.7349689785189, "log10_alpha": -2.1872064880929862, "log10_colsample_bytree": -0.9517209976528417, "log10_eta": -3.7059302838732537, "log10_lambda": -2.8569277313032684, "log10_min_child_weight": 0.9377475303430016, "log10_subsample": -0.9774803953815057, "max_depth": 9.0, "num_boost_round": 28.0}, "datetime": {"datetime": "2024-01-19 01:00:10", "elapsed": 2894.747433, "delta": 0.003946}}
{"target": -17.67696506685843, "params": {"gamma": 834.7349689785189, "log10_alpha": -2.1872064880929862, "log10_colsample_bytree": -0.9517209976528417, "log10_eta": -3.7059302838732537, "log10_lambda": -2.8569277313032684, "log10_min_child_weight": 0.9377475303430016, "log10_subsample": -0.9774803953815057, "max_depth": 9.0, "num_boost_round": 29.0}, "datetime": {"datetime": "2024-01-19 01:00:10", "elapsed": 2894.751216, "delta": 0.003783}}
{"target": -17.67695933114408, "params": {"gamma": 834.7349689785189, "log10_alpha": -2.1872064880929862, "log10_colsample_bytree": -0.9517209976528417, "log10_eta": -3.7059302838732537, "log10_lambda": -2.8569277313032684, "log10_min_child_weight": 0.9377475303430016, "log10_subsample": -0.9774803953815057, "max_depth": 9.0, "num_boost_round": 30.0}, "datetime": {"datetime": "2024-01-19 01:00:10", "elapsed": 2894.755155, "delta": 0.003939}}
{"target": -17.676964160375856, "params": {"gamma": 834.7349689785189, "log10_alpha": -2.1872064880929862, "log10_colsample_bytree": -0.9517209976528417, "log10_eta": -3.7059302838732537, "log10_lambda": -2.8569277313032684, "log10_min_child_weight": 0.9377475303430016, "log10_subsample": -0.9774803953815057, "max_depth": 9.0, "num_boost_round": 31.0}, "datetime": {"datetime": "2024-01-19 01:00:10", "elapsed": 2894.759068, "delta": 0.003913}}
{"target": -17.676966591352464, "params": {"gamma": 834.7349689785189, "log10_alpha": -2.1872064880929862, "log10_colsample_bytree": -0.9517209976528417, "log10_eta": -3.7059302838732537, "log10_lambda": -2.8569277313032684, "log10_min_child_weight": 0.9377475303430016, "log10_subsample": -0.9774803953815057, "max_depth": 9.0, "num_boost_round": 32.0}, "datetime": {"datetime": "2024-01-19 01:00:10", "elapsed": 2894.763053, "delta": 0.003985}}
{"target": -17.676943585931, "params": {"gamma": 834.7349689785189, "log10_alpha": -2.1872064880929862, "log10_colsample_bytree": -0.9517209976528417, "log10_eta": -3.7059302838732537, "log10_lambda": -2.8569277313032684, "log10_min_child_weight": 0.9377475303430016, "log10_subsample": -0.9774803953815057, "max_depth": 9.0, "num_boost_round": 33.0}, "datetime": {"datetime": "2024-01-19 01:00:10", "elapsed": 2894.768005, "delta": 0.004952}}
{"target": -17.676920042631316, "params": {"gamma": 834.7349689785189, "log10_alpha": -2.1872064880929862, "log10_colsample_bytree": -0.9517209976528417, "log10_eta": -3.7059302838732537, "log10_lambda": -2.8569277313032684, "log10_min_child_weight": 0.9377475303430016, "log10_subsample": -0.9774803953815057, "max_depth": 9.0, "num_boost_round": 34.0}, "datetime": {"datetime": "2024-01-19 01:00:10", "elapsed": 2894.772936, "delta": 0.004931}}
{"target": -17.67691289371711, "params": {"gamma": 834.7349689785189, "log10_alpha": -2.1872064880929862, "log10_colsample_bytree": -0.9517209976528417, "log10_eta": -3.7059302838732537, "log10_lambda": -2.8569277313032684, "log10_min_child_weight": 0.9377475303430016, "log10_subsample": -0.9774803953815057, "max_depth": 9.0, "num_boost_round": 35.0}, "datetime": {"datetime": "2024-01-19 01:00:10", "elapsed": 2894.777003, "delta": 0.004067}}
{"target": -17.67691692792778, "params": {"gamma": 834.7349689785189, "log10_alpha": -2.1872064880929862, "log10_colsample_bytree": -0.9517209976528417, "log10_eta": -3.7059302838732537, "log10_lambda": -2.8569277313032684, "log10_min_child_weight": 0.9377475303430016, "log10_subsample": -0.9774803953815057, "max_depth": 9.0, "num_boost_round": 36.0}, "datetime": {"datetime": "2024-01-19 01:00:10", "elapsed": 2894.780913, "delta": 0.00391}}
{"target": -17.676903882638324, "params": {"gamma": 834.7349689785189, "log10_alpha": -2.1872064880929862, "log10_colsample_bytree": -0.9517209976528417, "log10_eta": -3.7059302838732537, "log10_lambda": -2.8569277313032684, "log10_min_child_weight": 0.9377475303430016, "log10_subsample": -0.9774803953815057, "max_depth": 9.0, "num_boost_round": 37.0}, "datetime": {"datetime": "2024-01-19 01:00:10", "elapsed": 2894.784823, "delta": 0.00391}}
{"target": -17.676902218214096, "params": {"gamma": 834.7349689785189, "log10_alpha": -2.1872064880929862, "log10_colsample_bytree": -0.9517209976528417, "log10_eta": -3.7059302838732537, "log10_lambda": -2.8569277313032684, "log10_min_child_weight": 0.9377475303430016, "log10_subsample": -0.9774803953815057, "max_depth": 9.0, "num_boost_round": 38.0}, "datetime": {"datetime": "2024-01-19 01:00:10", "elapsed": 2894.78873, "delta": 0.003907}}
{"target": -17.676897232978646, "params": {"gamma": 834.7349689785189, "log10_alpha": -2.1872064880929862, "log10_colsample_bytree": -0.9517209976528417, "log10_eta": -3.7059302838732537, "log10_lambda": -2.8569277313032684, "log10_min_child_weight": 0.9377475303430016, "log10_subsample": -0.9774803953815057, "max_depth": 9.0, "num_boost_round": 39.0}, "datetime": {"datetime": "2024-01-19 01:00:10", "elapsed": 2894.792568, "delta": 0.003838}}
{"target": -17.676889763974206, "params": {"gamma": 834.7349689785189, "log10_alpha": -2.1872064880929862, "log10_colsample_bytree": -0.9517209976528417, "log10_eta": -3.7059302838732537, "log10_lambda": -2.8569277313032684, "log10_min_child_weight": 0.9377475303430016, "log10_subsample": -0.9774803953815057, "max_depth": 9.0, "num_boost_round": 40.0}, "datetime": {"datetime": "2024-01-19 01:00:10", "elapsed": 2894.796446, "delta": 0.003878}}
{"target": -17.676890691235855, "params": {"gamma": 834.7349689785189, "log10_alpha": -2.1872064880929862, "log10_colsample_bytree": -0.9517209976528417, "log10_eta": -3.7059302838732537, "log10_lambda": -2.8569277313032684, "log10_min_child_weight": 0.9377475303430016, "log10_subsample": -0.9774803953815057, "max_depth": 9.0, "num_boost_round": 41.0}, "datetime": {"datetime": "2024-01-19 01:00:10", "elapsed": 2894.927428, "delta": 0.130982}}
{"target": -17.676883847104303, "params": {"gamma": 834.7349689785189, "log10_alpha": -2.1872064880929862, "log10_colsample_bytree": -0.9517209976528417, "log10_eta": -3.7059302838732537, "log10_lambda": -2.8569277313032684, "log10_min_child_weight": 0.9377475303430016, "log10_subsample": -0.9774803953815057, "max_depth": 9.0, "num_boost_round": 42.0}, "datetime": {"datetime": "2024-01-19 01:00:10", "elapsed": 2894.932116, "delta": 0.004688}}
{"target": -17.676879272571533, "params": {"gamma": 834.7349689785189, "log10_alpha": -2.1872064880929862, "log10_colsample_bytree": -0.9517209976528417, "log10_eta": -3.7059302838732537, "log10_lambda": -2.8569277313032684, "log10_min_child_weight": 0.9377475303430016, "log10_subsample": -0.9774803953815057, "max_depth": 9.0, "num_boost_round": 43.0}, "datetime": {"datetime": "2024-01-19 01:00:10", "elapsed": 2894.936762, "delta": 0.004646}}
{"target": -17.67687516575654, "params": {"gamma": 834.7349689785189, "log10_alpha": -2.1872064880929862, "log10_colsample_bytree": -0.9517209976528417, "log10_eta": -3.7059302838732537, "log10_lambda": -2.8569277313032684, "log10_min_child_weight": 0.9377475303430016, "log10_subsample": -0.9774803953815057, "max_depth": 9.0, "num_boost_round": 44.0}, "datetime": {"datetime": "2024-01-19 01:00:10", "elapsed": 2894.941153, "delta": 0.004391}}
{"target": -17.67686569692665, "params": {"gamma": 834.7349689785189, "log10_alpha": -2.1872064880929862, "log10_colsample_bytree": -0.9517209976528417, "log10_eta": -3.7059302838732537, "log10_lambda": -2.8569277313032684, "log10_min_child_weight": 0.9377475303430016, "log10_subsample": -0.9774803953815057, "max_depth": 9.0, "num_boost_round": 45.0}, "datetime": {"datetime": "2024-01-19 01:00:10", "elapsed": 2894.945352, "delta": 0.004199}}
{"target": -17.676868004847176, "params": {"gamma": 834.7349689785189, "log10_alpha": -2.1872064880929862, "log10_colsample_bytree": -0.9517209976528417, "log10_eta": -3.7059302838732537, "log10_lambda": -2.8569277313032684, "log10_min_child_weight": 0.9377475303430016, "log10_subsample": -0.9774803953815057, "max_depth": 9.0, "num_boost_round": 46.0}, "datetime": {"datetime": "2024-01-19 01:00:10", "elapsed": 2894.949739, "delta": 0.004387}}
{"target": -17.67685138957926, "params": {"gamma": 834.7349689785189, "log10_alpha": -2.1872064880929862, "log10_colsample_bytree": -0.9517209976528417, "log10_eta": -3.7059302838732537, "log10_lambda": -2.8569277313032684, "log10_min_child_weight": 0.9377475303430016, "log10_subsample": -0.9774803953815057, "max_depth": 9.0, "num_boost_round": 47.0}, "datetime": {"datetime": "2024-01-19 01:00:10", "elapsed": 2894.954062, "delta": 0.004323}}
{"target": -17.676845372695908, "params": {"gamma": 834.7349689785189, "log10_alpha": -2.1872064880929862, "log10_colsample_bytree": -0.9517209976528417, "log10_eta": -3.7059302838732537, "log10_lambda": -2.8569277313032684, "log10_min_child_weight": 0.9377475303430016, "log10_subsample": -0.9774803953815057, "max_depth": 9.0, "num_boost_round": 48.0}, "datetime": {"datetime": "2024-01-19 01:00:10", "elapsed": 2894.958442, "delta": 0.00438}}
{"target": -17.6768504913055, "params": {"gamma": 834.7349689785189, "log10_alpha": -2.1872064880929862, "log10_colsample_bytree": -0.9517209976528417, "log10_eta": -3.7059302838732537, "log10_lambda": -2.8569277313032684, "log10_min_child_weight": 0.9377475303430016, "log10_subsample": -0.9774803953815057, "max_depth": 9.0, "num_boost_round": 49.0}, "datetime": {"datetime": "2024-01-19 01:00:10", "elapsed": 2894.962735, "delta": 0.004293}}
{"target": -17.676842489350935, "params": {"gamma": 834.7349689785189, "log10_alpha": -2.1872064880929862, "log10_colsample_bytree": -0.9517209976528417, "log10_eta": -3.7059302838732537, "log10_lambda": -2.8569277313032684, "log10_min_child_weight": 0.9377475303430016, "log10_subsample": -0.9774803953815057, "max_depth": 9.0, "num_boost_round": 50.0}, "datetime": {"datetime": "2024-01-19 01:00:10", "elapsed": 2894.96785, "delta": 0.005115}}
