{"target": -13.758506084629829, "params": {"gamma": 416.8221724705402, "log10_alpha": 0.665644967469107, "log10_colsample_bytree": -0.8515593566295803, "log10_eta": -3.7191382572867027, "log10_lambda": -4.840464808736616, "log10_min_child_weight": 0.6337502635595132, "log10_subsample": -0.5815796626988942, "max_depth": 4.0, "num_boost_round": 16.0}, "datetime": {"datetime": "2024-01-19 00:23:25", "elapsed": 708.410359, "delta": 0.001561}}
{"target": -13.758504196703768, "params": {"gamma": 416.8221724705402, "log10_alpha": 0.665644967469107, "log10_colsample_bytree": -0.8515593566295803, "log10_eta": -3.7191382572867027, "log10_lambda": -4.840464808736616, "log10_min_child_weight": 0.6337502635595132, "log10_subsample": -0.5815796626988942, "max_depth": 4.0, "num_boost_round": 17.0}, "datetime": {"datetime": "2024-01-19 00:23:25", "elapsed": 708.411911, "delta": 0.001552}}
{"target": -13.758503204604837, "params": {"gamma": 416.8221724705402, "log10_alpha": 0.665644967469107, "log10_colsample_bytree": -0.8515593566295803, "log10_eta": -3.7191382572867027, "log10_lambda": -4.840464808736616, "log10_min_child_weight": 0.6337502635595132, "log10_subsample": -0.5815796626988942, "max_depth": 4.0, "num_boost_round": 18.0}, "datetime": {"datetime": "2024-01-19 00:23:25", "elapsed": 708.413466, "delta": 0.001555}}
{"target": -13.758495226457969, "params": {"gamma": 416.8221724705402, "log10_alpha": 0.665644967469107, "log10_colsample_bytree": -0.8515593566295803, "log10_eta": -3.7191382572867027, "log10_lambda": -4.840464808736616, "log10_min_child_weight": 0.6337502635595132, "log10_subsample": -0.5815796626988942, "max_depth": 4.0, "num_boost_round": 19.0}, "datetime": {"datetime": "2024-01-19 00:23:25", "elapsed": 708.415052, "delta": 0.001586}}
{"target": -13.758485179942493, "params": {"gamma": 416.8221724705402, "log10_alpha": 0.665644967469107, "log10_colsample_bytree": -0.8515593566295803, "log10_eta": -3.7191382572867027, "log10_lambda": -4.840464808736616, "log10_min_child_weight": 0.6337502635595132, "log10_subsample": -0.5815796626988942, "max_depth": 4.0, "num_boost_round": 20.0}, "datetime": {"datetime": "2024-01-19 00:23:25", "elapsed": 708.41664, "delta": 0.001588}}
{"target": -13.758474137590643, "params": {"gamma": 416.8221724705402, "log10_alpha": 0.665644967469107, "log10_colsample_bytree": -0.8515593566295803, "log10_eta": -3.7191382572867027, "log10_lambda": -4.840464808736616, "log10_min_child_weight": 0.6337502635595132, "log10_subsample": -0.5815796626988942, "max_depth": 4.0, "num_boost_round": 21.0}, "datetime": {"datetime": "2024-01-19 00:23:25", "elapsed": 708.418209, "delta": 0.001569}}
{"target": -13.758474028944136, "params": {"gamma": 416.8221724705402, "log10_alpha": 0.665644967469107, "log10_colsample_bytree": -0.8515593566295803, "log10_eta": -3.7191382572867027, "log10_lambda": -4.840464808736616, "log10_min_child_weight": 0.6337502635595132, "log10_subsample": -0.5815796626988942, "max_depth": 4.0, "num_boost_round": 22.0}, "datetime": {"datetime": "2024-01-19 00:23:25", "elapsed": 708.419776, "delta": 0.001567}}
{"target": -13.758468927486597, "params": {"gamma": 416.8221724705402, "log10_alpha": 0.665644967469107, "log10_colsample_bytree": -0.8515593566295803, "log10_eta": -3.7191382572867027, "log10_lambda": -4.840464808736616, "log10_min_child_weight": 0.6337502635595132, "log10_subsample": -0.5815796626988942, "max_depth": 4.0, "num_boost_round": 23.0}, "datetime": {"datetime": "2024-01-19 00:23:25", "elapsed": 708.421356, "delta": 0.00158}}
{"target": -13.75846815929958, "params": {"gamma": 416.8221724705402, "log10_alpha": 0.665644967469107, "log10_colsample_bytree": -0.8515593566295803, "log10_eta": -3.7191382572867027, "log10_lambda": -4.840464808736616, "log10_min_child_weight": 0.6337502635595132, "log10_subsample": -0.5815796626988942, "max_depth": 4.0, "num_boost_round": 24.0}, "datetime": {"datetime": "2024-01-19 00:23:25", "elapsed": 708.422928, "delta": 0.001572}}
{"target": -13.758461334757728, "params": {"gamma": 416.8221724705402, "log10_alpha": 0.665644967469107, "log10_colsample_bytree": -0.8515593566295803, "log10_eta": -3.7191382572867027, "log10_lambda": -4.840464808736616, "log10_min_child_weight": 0.6337502635595132, "log10_subsample": -0.5815796626988942, "max_depth": 4.0, "num_boost_round": 25.0}, "datetime": {"datetime": "2024-01-19 00:23:25", "elapsed": 708.424503, "delta": 0.001575}}
{"target": -13.758461385401885, "params": {"gamma": 416.8221724705402, "log10_alpha": 0.665644967469107, "log10_colsample_bytree": -0.8515593566295803, "log10_eta": -3.7191382572867027, "log10_lambda": -4.840464808736616, "log10_min_child_weight": 0.6337502635595132, "log10_subsample": -0.5815796626988942, "max_depth": 4.0, "num_boost_round": 26.0}, "datetime": {"datetime": "2024-01-19 00:23:25", "elapsed": 708.426084, "delta": 0.001581}}
{"target": -13.758455901469663, "params": {"gamma": 416.8221724705402, "log10_alpha": 0.665644967469107, "log10_colsample_bytree": -0.8515593566295803, "log10_eta": -3.7191382572867027, "log10_lambda": -4.840464808736616, "log10_min_child_weight": 0.6337502635595132, "log10_subsample": -0.5815796626988942, "max_depth": 4.0, "num_boost_round": 27.0}, "datetime": {"datetime": "2024-01-19 00:23:25", "elapsed": 708.427663, "delta": 0.001579}}
{"target": -13.758450846450902, "params": {"gamma": 416.8221724705402, "log10_alpha": 0.665644967469107, "log10_colsample_bytree": -0.8515593566295803, "log10_eta": -3.7191382572867027, "log10_lambda": -4.840464808736616, "log10_min_child_weight": 0.6337502635595132, "log10_subsample": -0.5815796626988942, "max_depth": 4.0, "num_boost_round": 28.0}, "datetime": {"datetime": "2024-01-19 00:23:25", "elapsed": 708.429354, "delta": 0.001691}}
{"target": -13.758434594943282, "params": {"gamma": 416.8221724705402, "log10_alpha": 0.665644967469107, "log10_colsample_bytree": -0.8515593566295803, "log10_eta": -3.7191382572867027, "log10_lambda": -4.840464808736616, "log10_min_child_weight": 0.6337502635595132, "log10_subsample": -0.5815796626988942, "max_depth": 4.0, "num_boost_round": 29.0}, "datetime": {"datetime": "2024-01-19 00:23:25", "elapsed": 708.430919, "delta": 0.001565}}
{"target": -13.758430233706303, "params": {"gamma": 416.8221724705402, "log10_alpha": 0.665644967469107, "log10_colsample_bytree": -0.8515593566295803, "log10_eta": -3.7191382572867027, "log10_lambda": -4.840464808736616, "log10_min_child_weight": 0.6337502635595132, "log10_subsample": -0.5815796626988942, "max_depth": 4.0, "num_boost_round": 30.0}, "datetime": {"datetime": "2024-01-19 00:23:25", "elapsed": 708.43248, "delta": 0.001561}}
{"target": -13.758423519124456, "params": {"gamma": 416.8221724705402, "log10_alpha": 0.665644967469107, "log10_colsample_bytree": -0.8515593566295803, "log10_eta": -3.7191382572867027, "log10_lambda": -4.840464808736616, "log10_min_child_weight": 0.6337502635595132, "log10_subsample": -0.5815796626988942, "max_depth": 4.0, "num_boost_round": 31.0}, "datetime": {"datetime": "2024-01-19 00:23:25", "elapsed": 708.434043, "delta": 0.001563}}
{"target": -13.758419874382692, "params": {"gamma": 416.8221724705402, "log10_alpha": 0.665644967469107, "log10_colsample_bytree": -0.8515593566295803, "log10_eta": -3.7191382572867027, "log10_lambda": -4.840464808736616, "log10_min_child_weight": 0.6337502635595132, "log10_subsample": -0.5815796626988942, "max_depth": 4.0, "num_boost_round": 32.0}, "datetime": {"datetime": "2024-01-19 00:23:25", "elapsed": 708.43563, "delta": 0.001587}}
{"target": -13.758416232952618, "params": {"gamma": 416.8221724705402, "log10_alpha": 0.665644967469107, "log10_colsample_bytree": -0.8515593566295803, "log10_eta": -3.7191382572867027, "log10_lambda": -4.840464808736616, "log10_min_child_weight": 0.6337502635595132, "log10_subsample": -0.5815796626988942, "max_depth": 4.0, "num_boost_round": 33.0}, "datetime": {"datetime": "2024-01-19 00:23:25", "elapsed": 708.437191, "delta": 0.001561}}
{"target": -13.758411866818635, "params": {"gamma": 416.8221724705402, "log10_alpha": 0.665644967469107, "log10_colsample_bytree": -0.8515593566295803, "log10_eta": -3.7191382572867027, "log10_lambda": -4.840464808736616, "log10_min_child_weight": 0.6337502635595132, "log10_subsample": -0.5815796626988942, "max_depth": 4.0, "num_boost_round": 34.0}, "datetime": {"datetime": "2024-01-19 00:23:25", "elapsed": 708.438761, "delta": 0.00157}}
{"target": -13.758408154886894, "params": {"gamma": 416.8221724705402, "log10_alpha": 0.665644967469107, "log10_colsample_bytree": -0.8515593566295803, "log10_eta": -3.7191382572867027, "log10_lambda": -4.840464808736616, "log10_min_child_weight": 0.6337502635595132, "log10_subsample": -0.5815796626988942, "max_depth": 4.0, "num_boost_round": 35.0}, "datetime": {"datetime": "2024-01-19 00:23:25", "elapsed": 708.440329, "delta": 0.001568}}
{"target": -13.758404887836996, "params": {"gamma": 416.8221724705402, "log10_alpha": 0.665644967469107, "log10_colsample_bytree": -0.8515593566295803, "log10_eta": -3.7191382572867027, "log10_lambda": -4.840464808736616, "log10_min_child_weight": 0.6337502635595132, "log10_subsample": -0.5815796626988942, "max_depth": 4.0, "num_boost_round": 36.0}, "datetime": {"datetime": "2024-01-19 00:23:25", "elapsed": 708.441899, "delta": 0.00157}}
{"target": -13.758402605104674, "params": {"gamma": 416.8221724705402, "log10_alpha": 0.665644967469107, "log10_colsample_bytree": -0.8515593566295803, "log10_eta": -3.7191382572867027, "log10_lambda": -4.840464808736616, "log10_min_child_weight": 0.6337502635595132, "log10_subsample": -0.5815796626988942, "max_depth": 4.0, "num_boost_round": 37.0}, "datetime": {"datetime": "2024-01-19 00:23:25", "elapsed": 708.443461, "delta": 0.001562}}
{"target": -13.758402001974746, "params": {"gamma": 416.8221724705402, "log10_alpha": 0.665644967469107, "log10_colsample_bytree": -0.8515593566295803, "log10_eta": -3.7191382572867027, "log10_lambda": -4.840464808736616, "log10_min_child_weight": 0.6337502635595132, "log10_subsample": -0.5815796626988942, "max_depth": 4.0, "num_boost_round": 38.0}, "datetime": {"datetime": "2024-01-19 00:23:25", "elapsed": 708.445043, "delta": 0.001582}}
{"target": -13.758402138220427, "params": {"gamma": 416.8221724705402, "log10_alpha": 0.665644967469107, "log10_colsample_bytree": -0.8515593566295803, "log10_eta": -3.7191382572867027, "log10_lambda": -4.840464808736616, "log10_min_child_weight": 0.6337502635595132, "log10_subsample": -0.5815796626988942, "max_depth": 4.0, "num_boost_round": 39.0}, "datetime": {"datetime": "2024-01-19 00:23:25", "elapsed": 708.446619, "delta": 0.001576}}
{"target": -13.758394085472244, "params": {"gamma": 416.8221724705402, "log10_alpha": 0.665644967469107, "log10_colsample_bytree": -0.8515593566295803, "log10_eta": -3.7191382572867027, "log10_lambda": -4.840464808736616, "log10_min_child_weight": 0.6337502635595132, "log10_subsample": -0.5815796626988942, "max_depth": 4.0, "num_boost_round": 40.0}, "datetime": {"datetime": "2024-01-19 00:23:25", "elapsed": 708.448189, "delta": 0.00157}}
{"target": -13.758395780118393, "params": {"gamma": 416.8221724705402, "log10_alpha": 0.665644967469107, "log10_colsample_bytree": -0.8515593566295803, "log10_eta": -3.7191382572867027, "log10_lambda": -4.840464808736616, "log10_min_child_weight": 0.6337502635595132, "log10_subsample": -0.5815796626988942, "max_depth": 4.0, "num_boost_round": 41.0}, "datetime": {"datetime": "2024-01-19 00:23:25", "elapsed": 708.449898, "delta": 0.001709}}
{"target": -13.758388406900885, "params": {"gamma": 416.8221724705402, "log10_alpha": 0.665644967469107, "log10_colsample_bytree": -0.8515593566295803, "log10_eta": -3.7191382572867027, "log10_lambda": -4.840464808736616, "log10_min_child_weight": 0.6337502635595132, "log10_subsample": -0.5815796626988942, "max_depth": 4.0, "num_boost_round": 42.0}, "datetime": {"datetime": "2024-01-19 00:23:25", "elapsed": 708.451488, "delta": 0.00159}}
{"target": -13.758385933590032, "params": {"gamma": 416.8221724705402, "log10_alpha": 0.665644967469107, "log10_colsample_bytree": -0.8515593566295803, "log10_eta": -3.7191382572867027, "log10_lambda": -4.840464808736616, "log10_min_child_weight": 0.6337502635595132, "log10_subsample": -0.5815796626988942, "max_depth": 4.0, "num_boost_round": 43.0}, "datetime": {"datetime": "2024-01-19 00:23:25", "elapsed": 708.453064, "delta": 0.001576}}
{"target": -13.758378930571773, "params": {"gamma": 416.8221724705402, "log10_alpha": 0.665644967469107, "log10_colsample_bytree": -0.8515593566295803, "log10_eta": -3.7191382572867027, "log10_lambda": -4.840464808736616, "log10_min_child_weight": 0.6337502635595132, "log10_subsample": -0.5815796626988942, "max_depth": 4.0, "num_boost_round": 44.0}, "datetime": {"datetime": "2024-01-19 00:23:25", "elapsed": 708.454657, "delta": 0.001593}}
{"target": -13.758375691395768, "params": {"gamma": 416.8221724705402, "log10_alpha": 0.665644967469107, "log10_colsample_bytree": -0.8515593566295803, "log10_eta": -3.7191382572867027, "log10_lambda": -4.840464808736616, "log10_min_child_weight": 0.6337502635595132, "log10_subsample": -0.5815796626988942, "max_depth": 4.0, "num_boost_round": 45.0}, "datetime": {"datetime": "2024-01-19 00:23:25", "elapsed": 708.456241, "delta": 0.001584}}
{"target": -13.758375033522837, "params": {"gamma": 416.8221724705402, "log10_alpha": 0.665644967469107, "log10_colsample_bytree": -0.8515593566295803, "log10_eta": -3.7191382572867027, "log10_lambda": -4.840464808736616, "log10_min_child_weight": 0.6337502635595132, "log10_subsample": -0.5815796626988942, "max_depth": 4.0, "num_boost_round": 46.0}, "datetime": {"datetime": "2024-01-19 00:23:25", "elapsed": 708.457823, "delta": 0.001582}}
{"target": -13.758368564650818, "params": {"gamma": 416.8221724705402, "log10_alpha": 0.665644967469107, "log10_colsample_bytree": -0.8515593566295803, "log10_eta": -3.7191382572867027, "log10_lambda": -4.840464808736616, "log10_min_child_weight": 0.6337502635595132, "log10_subsample": -0.5815796626988942, "max_depth": 4.0, "num_boost_round": 47.0}, "datetime": {"datetime": "2024-01-19 00:23:25", "elapsed": 708.45941, "delta": 0.001587}}
{"target": -13.758367829288371, "params": {"gamma": 416.8221724705402, "log10_alpha": 0.665644967469107, "log10_colsample_bytree": -0.8515593566295803, "log10_eta": -3.7191382572867027, "log10_lambda": -4.840464808736616, "log10_min_child_weight": 0.6337502635595132, "log10_subsample": -0.5815796626988942, "max_depth": 4.0, "num_boost_round": 48.0}, "datetime": {"datetime": "2024-01-19 00:23:25", "elapsed": 708.461019, "delta": 0.001609}}
{"target": -13.758366253483986, "params": {"gamma": 416.8221724705402, "log10_alpha": 0.665644967469107, "log10_colsample_bytree": -0.8515593566295803, "log10_eta": -3.7191382572867027, "log10_lambda": -4.840464808736616, "log10_min_child_weight": 0.6337502635595132, "log10_subsample": -0.5815796626988942, "max_depth": 4.0, "num_boost_round": 49.0}, "datetime": {"datetime": "2024-01-19 00:23:25", "elapsed": 708.462608, "delta": 0.001589}}
{"target": -13.758367272391396, "params": {"gamma": 416.8221724705402, "log10_alpha": 0.665644967469107, "log10_colsample_bytree": -0.8515593566295803, "log10_eta": -3.7191382572867027, "log10_lambda": -4.840464808736616, "log10_min_child_weight": 0.6337502635595132, "log10_subsample": -0.5815796626988942, "max_depth": 4.0, "num_boost_round": 50.0}, "datetime": {"datetime": "2024-01-19 00:23:25", "elapsed": 708.464198, "delta": 0.00159}}
{"target": -13.758365516357863, "params": {"gamma": 416.8221724705402, "log10_alpha": 0.665644967469107, "log10_colsample_bytree": -0.8515593566295803, "log10_eta": -3.7191382572867027, "log10_lambda": -4.840464808736616, "log10_min_child_weight": 0.6337502635595132, "log10_subsample": -0.5815796626988942, "max_depth": 4.0, "num_boost_round": 51.0}, "datetime": {"datetime": "2024-01-19 00:23:25", "elapsed": 708.465802, "delta": 0.001604}}
{"target": -13.758360755937217, "params": {"gamma": 416.8221724705402, "log10_alpha": 0.665644967469107, "log10_colsample_bytree": -0.8515593566295803, "log10_eta": -3.7191382572867027, "log10_lambda": -4.840464808736616, "log10_min_child_weight": 0.6337502635595132, "log10_subsample": -0.5815796626988942, "max_depth": 4.0, "num_boost_round": 52.0}, "datetime": {"datetime": "2024-01-19 00:23:25", "elapsed": 708.467394, "delta": 0.001592}}
{"target": -13.759469978189344, "params": {"gamma": 429.84417523536644, "log10_alpha": -1.6174102179296623, "log10_colsample_bytree": -0.05900848933628866, "log10_eta": -0.6814090630598435, "log10_lambda": -3.9206189469156882, "log10_min_child_weight": 0.6130911416166995, "log10_subsample": -0.8398756489909208, "max_depth": 2.0, "num_boost_round": 0.0}, "datetime": {"datetime": "2024-01-19 00:23:50", "elapsed": 733.839974, "delta": 25.37258}}
{"target": -13.75723742024667, "params": {"gamma": 429.84417523536644, "log10_alpha": -1.6174102179296623, "log10_colsample_bytree": -0.05900848933628866, "log10_eta": -0.6814090630598435, "log10_lambda": -3.9206189469156882, "log10_min_child_weight": 0.6130911416166995, "log10_subsample": -0.8398756489909208, "max_depth": 2.0, "num_boost_round": 1.0}, "datetime": {"datetime": "2024-01-19 00:23:50", "elapsed": 733.842002, "delta": 0.002028}}
{"target": -13.753668316783449, "params": {"gamma": 429.84417523536644, "log10_alpha": -1.6174102179296623, "log10_colsample_bytree": -0.05900848933628866, "log10_eta": -0.6814090630598435, "log10_lambda": -3.9206189469156882, "log10_min_child_weight": 0.6130911416166995, "log10_subsample": -0.8398756489909208, "max_depth": 2.0, "num_boost_round": 2.0}, "datetime": {"datetime": "2024-01-19 00:23:50", "elapsed": 733.917428, "delta": 0.075426}}
{"target": -13.758027565099317, "params": {"gamma": 429.84417523536644, "log10_alpha": -1.6174102179296623, "log10_colsample_bytree": -0.05900848933628866, "log10_eta": -0.6814090630598435, "log10_lambda": -3.9206189469156882, "log10_min_child_weight": 0.6130911416166995, "log10_subsample": -0.8398756489909208, "max_depth": 2.0, "num_boost_round": 3.0}, "datetime": {"datetime": "2024-01-19 00:23:50", "elapsed": 733.919412, "delta": 0.001984}}
{"target": -13.75898706766251, "params": {"gamma": 429.84417523536644, "log10_alpha": -1.6174102179296623, "log10_colsample_bytree": -0.05900848933628866, "log10_eta": -0.6814090630598435, "log10_lambda": -3.9206189469156882, "log10_min_child_weight": 0.6130911416166995, "log10_subsample": -0.8398756489909208, "max_depth": 2.0, "num_boost_round": 4.0}, "datetime": {"datetime": "2024-01-19 00:23:50", "elapsed": 733.921181, "delta": 0.001769}}
{"target": -13.761999709410512, "params": {"gamma": 429.84417523536644, "log10_alpha": -1.6174102179296623, "log10_colsample_bytree": -0.05900848933628866, "log10_eta": -0.6814090630598435, "log10_lambda": -3.9206189469156882, "log10_min_child_weight": 0.6130911416166995, "log10_subsample": -0.8398756489909208, "max_depth": 2.0, "num_boost_round": 5.0}, "datetime": {"datetime": "2024-01-19 00:23:50", "elapsed": 733.923218, "delta": 0.002037}}
{"target": -13.762112741293347, "params": {"gamma": 429.84417523536644, "log10_alpha": -1.6174102179296623, "log10_colsample_bytree": -0.05900848933628866, "log10_eta": -0.6814090630598435, "log10_lambda": -3.9206189469156882, "log10_min_child_weight": 0.6130911416166995, "log10_subsample": -0.8398756489909208, "max_depth": 2.0, "num_boost_round": 6.0}, "datetime": {"datetime": "2024-01-19 00:23:50", "elapsed": 733.924865, "delta": 0.001647}}
{"target": -13.76612363652532, "params": {"gamma": 429.84417523536644, "log10_alpha": -1.6174102179296623, "log10_colsample_bytree": -0.05900848933628866, "log10_eta": -0.6814090630598435, "log10_lambda": -3.9206189469156882, "log10_min_child_weight": 0.6130911416166995, "log10_subsample": -0.8398756489909208, "max_depth": 2.0, "num_boost_round": 7.0}, "datetime": {"datetime": "2024-01-19 00:23:50", "elapsed": 733.926528, "delta": 0.001663}}
{"target": -13.776685480203822, "params": {"gamma": 429.84417523536644, "log10_alpha": -1.6174102179296623, "log10_colsample_bytree": -0.05900848933628866, "log10_eta": -0.6814090630598435, "log10_lambda": -3.9206189469156882, "log10_min_child_weight": 0.6130911416166995, "log10_subsample": -0.8398756489909208, "max_depth": 2.0, "num_boost_round": 8.0}, "datetime": {"datetime": "2024-01-19 00:23:50", "elapsed": 733.928236, "delta": 0.001708}}
{"target": -13.774149908898012, "params": {"gamma": 429.84417523536644, "log10_alpha": -1.6174102179296623, "log10_colsample_bytree": -0.05900848933628866, "log10_eta": -0.6814090630598435, "log10_lambda": -3.9206189469156882, "log10_min_child_weight": 0.6130911416166995, "log10_subsample": -0.8398756489909208, "max_depth": 2.0, "num_boost_round": 9.0}, "datetime": {"datetime": "2024-01-19 00:23:50", "elapsed": 733.93003, "delta": 0.001794}}
{"target": -13.774255730850443, "params": {"gamma": 429.84417523536644, "log10_alpha": -1.6174102179296623, "log10_colsample_bytree": -0.05900848933628866, "log10_eta": -0.6814090630598435, "log10_lambda": -3.9206189469156882, "log10_min_child_weight": 0.6130911416166995, "log10_subsample": -0.8398756489909208, "max_depth": 2.0, "num_boost_round": 10.0}, "datetime": {"datetime": "2024-01-19 00:23:50", "elapsed": 733.931686, "delta": 0.001656}}
{"target": -13.774642431089665, "params": {"gamma": 429.84417523536644, "log10_alpha": -1.6174102179296623, "log10_colsample_bytree": -0.05900848933628866, "log10_eta": -0.6814090630598435, "log10_lambda": -3.9206189469156882, "log10_min_child_weight": 0.6130911416166995, "log10_subsample": -0.8398756489909208, "max_depth": 2.0, "num_boost_round": 11.0}, "datetime": {"datetime": "2024-01-19 00:23:50", "elapsed": 733.933332, "delta": 0.001646}}
