{"target": -17.675961742974078, "params": {"gamma": 425.71142450856325, "log10_alpha": -4.782538904993656, "log10_colsample_bytree": -0.21262918870036918, "log10_eta": -2.2632682642278223, "log10_lambda": -3.925906579437602, "log10_min_child_weight": 3.5078450502383824, "log10_subsample": -0.5847361429553036, "max_depth": 8.0, "num_boost_round": 9.0}, "datetime": {"datetime": "2024-01-19 01:35:16", "elapsed": 5009.489794, "delta": 0.00483}}
{"target": -17.675920900212077, "params": {"gamma": 425.71142450856325, "log10_alpha": -4.782538904993656, "log10_colsample_bytree": -0.21262918870036918, "log10_eta": -2.2632682642278223, "log10_lambda": -3.925906579437602, "log10_min_child_weight": 3.5078450502383824, "log10_subsample": -0.5847361429553036, "max_depth": 8.0, "num_boost_round": 10.0}, "datetime": {"datetime": "2024-01-19 01:35:16", "elapsed": 5009.494455, "delta": 0.004661}}
{"target": -17.67566246138387, "params": {"gamma": 425.71142450856325, "log10_alpha": -4.782538904993656, "log10_colsample_bytree": -0.21262918870036918, "log10_eta": -2.2632682642278223, "log10_lambda": -3.925906579437602, "log10_min_child_weight": 3.5078450502383824, "log10_subsample": -0.5847361429553036, "max_depth": 8.0, "num_boost_round": 11.0}, "datetime": {"datetime": "2024-01-19 01:35:16", "elapsed": 5009.499095, "delta": 0.00464}}
{"target": -17.67555496116167, "params": {"gamma": 425.71142450856325, "log10_alpha": -4.782538904993656, "log10_colsample_bytree": -0.21262918870036918, "log10_eta": -2.2632682642278223, "log10_lambda": -3.925906579437602, "log10_min_child_weight": 3.5078450502383824, "log10_subsample": -0.5847361429553036, "max_depth": 8.0, "num_boost_round": 12.0}, "datetime": {"datetime": "2024-01-19 01:35:16", "elapsed": 5009.503946, "delta": 0.004851}}
{"target": -17.675374604863258, "params": {"gamma": 425.71142450856325, "log10_alpha": -4.782538904993656, "log10_colsample_bytree": -0.21262918870036918, "log10_eta": -2.2632682642278223, "log10_lambda": -3.925906579437602, "log10_min_child_weight": 3.5078450502383824, "log10_subsample": -0.5847361429553036, "max_depth": 8.0, "num_boost_round": 13.0}, "datetime": {"datetime": "2024-01-19 01:35:16", "elapsed": 5009.50879, "delta": 0.004844}}
{"target": -17.67518569453031, "params": {"gamma": 425.71142450856325, "log10_alpha": -4.782538904993656, "log10_colsample_bytree": -0.21262918870036918, "log10_eta": -2.2632682642278223, "log10_lambda": -3.925906579437602, "log10_min_child_weight": 3.5078450502383824, "log10_subsample": -0.5847361429553036, "max_depth": 8.0, "num_boost_round": 14.0}, "datetime": {"datetime": "2024-01-19 01:35:16", "elapsed": 5009.513532, "delta": 0.004742}}
{"target": -17.67494162506226, "params": {"gamma": 425.71142450856325, "log10_alpha": -4.782538904993656, "log10_colsample_bytree": -0.21262918870036918, "log10_eta": -2.2632682642278223, "log10_lambda": -3.925906579437602, "log10_min_child_weight": 3.5078450502383824, "log10_subsample": -0.5847361429553036, "max_depth": 8.0, "num_boost_round": 15.0}, "datetime": {"datetime": "2024-01-19 01:35:16", "elapsed": 5009.518215, "delta": 0.004683}}
{"target": -17.674887742007986, "params": {"gamma": 425.71142450856325, "log10_alpha": -4.782538904993656, "log10_colsample_bytree": -0.21262918870036918, "log10_eta": -2.2632682642278223, "log10_lambda": -3.925906579437602, "log10_min_child_weight": 3.5078450502383824, "log10_subsample": -0.5847361429553036, "max_depth": 8.0, "num_boost_round": 16.0}, "datetime": {"datetime": "2024-01-19 01:35:16", "elapsed": 5009.52306, "delta": 0.004845}}
{"target": -17.675072368584313, "params": {"gamma": 425.71142450856325, "log10_alpha": -4.782538904993656, "log10_colsample_bytree": -0.21262918870036918, "log10_eta": -2.2632682642278223, "log10_lambda": -3.925906579437602, "log10_min_child_weight": 3.5078450502383824, "log10_subsample": -0.5847361429553036, "max_depth": 8.0, "num_boost_round": 17.0}, "datetime": {"datetime": "2024-01-19 01:35:16", "elapsed": 5009.527828, "delta": 0.004768}}
{"target": -17.675114254311783, "params": {"gamma": 425.71142450856325, "log10_alpha": -4.782538904993656, "log10_colsample_bytree": -0.21262918870036918, "log10_eta": -2.2632682642278223, "log10_lambda": -3.925906579437602, "log10_min_child_weight": 3.5078450502383824, "log10_subsample": -0.5847361429553036, "max_depth": 8.0, "num_boost_round": 18.0}, "datetime": {"datetime": "2024-01-19 01:35:16", "elapsed": 5009.532627, "delta": 0.004799}}
{"target": -17.674982957756754, "params": {"gamma": 425.71142450856325, "log10_alpha": -4.782538904993656, "log10_colsample_bytree": -0.21262918870036918, "log10_eta": -2.2632682642278223, "log10_lambda": -3.925906579437602, "log10_min_child_weight": 3.5078450502383824, "log10_subsample": -0.5847361429553036, "max_depth": 8.0, "num_boost_round": 19.0}, "datetime": {"datetime": "2024-01-19 01:35:16", "elapsed": 5009.537311, "delta": 0.004684}}
{"target": -17.674962551543565, "params": {"gamma": 425.71142450856325, "log10_alpha": -4.782538904993656, "log10_colsample_bytree": -0.21262918870036918, "log10_eta": -2.2632682642278223, "log10_lambda": -3.925906579437602, "log10_min_child_weight": 3.5078450502383824, "log10_subsample": -0.5847361429553036, "max_depth": 8.0, "num_boost_round": 20.0}, "datetime": {"datetime": "2024-01-19 01:35:16", "elapsed": 5009.545797, "delta": 0.008486}}
{"target": -17.674761809866716, "params": {"gamma": 425.71142450856325, "log10_alpha": -4.782538904993656, "log10_colsample_bytree": -0.21262918870036918, "log10_eta": -2.2632682642278223, "log10_lambda": -3.925906579437602, "log10_min_child_weight": 3.5078450502383824, "log10_subsample": -0.5847361429553036, "max_depth": 8.0, "num_boost_round": 21.0}, "datetime": {"datetime": "2024-01-19 01:35:16", "elapsed": 5009.550626, "delta": 0.004829}}
{"target": -17.67449155863667, "params": {"gamma": 425.71142450856325, "log10_alpha": -4.782538904993656, "log10_colsample_bytree": -0.21262918870036918, "log10_eta": -2.2632682642278223, "log10_lambda": -3.925906579437602, "log10_min_child_weight": 3.5078450502383824, "log10_subsample": -0.5847361429553036, "max_depth": 8.0, "num_boost_round": 22.0}, "datetime": {"datetime": "2024-01-19 01:35:16", "elapsed": 5009.555428, "delta": 0.004802}}
{"target": -17.674446205549014, "params": {"gamma": 425.71142450856325, "log10_alpha": -4.782538904993656, "log10_colsample_bytree": -0.21262918870036918, "log10_eta": -2.2632682642278223, "log10_lambda": -3.925906579437602, "log10_min_child_weight": 3.5078450502383824, "log10_subsample": -0.5847361429553036, "max_depth": 8.0, "num_boost_round": 23.0}, "datetime": {"datetime": "2024-01-19 01:35:16", "elapsed": 5009.560973, "delta": 0.005545}}
{"target": -17.674500069807625, "params": {"gamma": 425.71142450856325, "log10_alpha": -4.782538904993656, "log10_colsample_bytree": -0.21262918870036918, "log10_eta": -2.2632682642278223, "log10_lambda": -3.925906579437602, "log10_min_child_weight": 3.5078450502383824, "log10_subsample": -0.5847361429553036, "max_depth": 8.0, "num_boost_round": 24.0}, "datetime": {"datetime": "2024-01-19 01:35:16", "elapsed": 5009.566299, "delta": 0.005326}}
{"target": -17.674262663319144, "params": {"gamma": 425.71142450856325, "log10_alpha": -4.782538904993656, "log10_colsample_bytree": -0.21262918870036918, "log10_eta": -2.2632682642278223, "log10_lambda": -3.925906579437602, "log10_min_child_weight": 3.5078450502383824, "log10_subsample": -0.5847361429553036, "max_depth": 8.0, "num_boost_round": 25.0}, "datetime": {"datetime": "2024-01-19 01:35:16", "elapsed": 5009.571078, "delta": 0.004779}}
{"target": -17.674302103152055, "params": {"gamma": 425.71142450856325, "log10_alpha": -4.782538904993656, "log10_colsample_bytree": -0.21262918870036918, "log10_eta": -2.2632682642278223, "log10_lambda": -3.925906579437602, "log10_min_child_weight": 3.5078450502383824, "log10_subsample": -0.5847361429553036, "max_depth": 8.0, "num_boost_round": 26.0}, "datetime": {"datetime": "2024-01-19 01:35:16", "elapsed": 5009.575754, "delta": 0.004676}}
{"target": -17.677231871409933, "params": {"gamma": 449.2889812357658, "log10_alpha": 0.23582837633834847, "log10_colsample_bytree": -1.0, "log10_eta": -4.0, "log10_lambda": 1.0, "log10_min_child_weight": 5.0, "log10_subsample": 0.0, "max_depth": 2.0, "num_boost_round": 0.0}, "datetime": {"datetime": "2024-01-19 01:36:36", "elapsed": 5089.363946, "delta": 79.788192}}
{"target": -17.67723166643955, "params": {"gamma": 449.2889812357658, "log10_alpha": 0.23582837633834847, "log10_colsample_bytree": -1.0, "log10_eta": -4.0, "log10_lambda": 1.0, "log10_min_child_weight": 5.0, "log10_subsample": 0.0, "max_depth": 2.0, "num_boost_round": 1.0}, "datetime": {"datetime": "2024-01-19 01:36:36", "elapsed": 5089.370298, "delta": 0.006352}}
{"target": -17.67723111158433, "params": {"gamma": 449.2889812357658, "log10_alpha": 0.23582837633834847, "log10_colsample_bytree": -1.0, "log10_eta": -4.0, "log10_lambda": 1.0, "log10_min_child_weight": 5.0, "log10_subsample": 0.0, "max_depth": 2.0, "num_boost_round": 2.0}, "datetime": {"datetime": "2024-01-19 01:36:36", "elapsed": 5089.375274, "delta": 0.004976}}
{"target": -17.677231201431866, "params": {"gamma": 449.2889812357658, "log10_alpha": 0.23582837633834847, "log10_colsample_bytree": -1.0, "log10_eta": -4.0, "log10_lambda": 1.0, "log10_min_child_weight": 5.0, "log10_subsample": 0.0, "max_depth": 2.0, "num_boost_round": 3.0}, "datetime": {"datetime": "2024-01-19 01:36:36", "elapsed": 5089.380103, "delta": 0.004829}}
{"target": -17.677230123805668, "params": {"gamma": 449.2889812357658, "log10_alpha": 0.23582837633834847, "log10_colsample_bytree": -1.0, "log10_eta": -4.0, "log10_lambda": 1.0, "log10_min_child_weight": 5.0, "log10_subsample": 0.0, "max_depth": 2.0, "num_boost_round": 4.0}, "datetime": {"datetime": "2024-01-19 01:36:36", "elapsed": 5089.384764, "delta": 0.004661}}
{"target": -17.67722946987002, "params": {"gamma": 449.2889812357658, "log10_alpha": 0.23582837633834847, "log10_colsample_bytree": -1.0, "log10_eta": -4.0, "log10_lambda": 1.0, "log10_min_child_weight": 5.0, "log10_subsample": 0.0, "max_depth": 2.0, "num_boost_round": 5.0}, "datetime": {"datetime": "2024-01-19 01:36:36", "elapsed": 5089.389572, "delta": 0.004808}}
{"target": -17.677229216861484, "params": {"gamma": 449.2889812357658, "log10_alpha": 0.23582837633834847, "log10_colsample_bytree": -1.0, "log10_eta": -4.0, "log10_lambda": 1.0, "log10_min_child_weight": 5.0, "log10_subsample": 0.0, "max_depth": 2.0, "num_boost_round": 6.0}, "datetime": {"datetime": "2024-01-19 01:36:36", "elapsed": 5089.394318, "delta": 0.004746}}
{"target": -17.677228141083322, "params": {"gamma": 449.2889812357658, "log10_alpha": 0.23582837633834847, "log10_colsample_bytree": -1.0, "log10_eta": -4.0, "log10_lambda": 1.0, "log10_min_child_weight": 5.0, "log10_subsample": 0.0, "max_depth": 2.0, "num_boost_round": 7.0}, "datetime": {"datetime": "2024-01-19 01:36:36", "elapsed": 5089.399128, "delta": 0.00481}}
{"target": -17.677228655201702, "params": {"gamma": 449.2889812357658, "log10_alpha": 0.23582837633834847, "log10_colsample_bytree": -1.0, "log10_eta": -4.0, "log10_lambda": 1.0, "log10_min_child_weight": 5.0, "log10_subsample": 0.0, "max_depth": 2.0, "num_boost_round": 8.0}, "datetime": {"datetime": "2024-01-19 01:36:36", "elapsed": 5089.403931, "delta": 0.004803}}
{"target": -17.677228572178443, "params": {"gamma": 449.2889812357658, "log10_alpha": 0.23582837633834847, "log10_colsample_bytree": -1.0, "log10_eta": -4.0, "log10_lambda": 1.0, "log10_min_child_weight": 5.0, "log10_subsample": 0.0, "max_depth": 2.0, "num_boost_round": 9.0}, "datetime": {"datetime": "2024-01-19 01:36:36", "elapsed": 5089.40896, "delta": 0.005029}}
{"target": -17.67722635252857, "params": {"gamma": 400.7346990611813, "log10_alpha": -3.2623303444277525, "log10_colsample_bytree": -0.17413759153687258, "log10_eta": -3.2755157062228526, "log10_lambda": 0.4366033486395384, "log10_min_child_weight": 4.373551689134262, "log10_subsample": -0.00401086177915988, "max_depth": 8.0, "num_boost_round": 0.0}, "datetime": {"datetime": "2024-01-19 01:38:24", "elapsed": 5196.674813, "delta": 107.265853}}
{"target": -17.67721662096089, "params": {"gamma": 400.7346990611813, "log10_alpha": -3.2623303444277525, "log10_colsample_bytree": -0.17413759153687258, "log10_eta": -3.2755157062228526, "log10_lambda": 0.4366033486395384, "log10_min_child_weight": 4.373551689134262, "log10_subsample": -0.00401086177915988, "max_depth": 8.0, "num_boost_round": 1.0}, "datetime": {"datetime": "2024-01-19 01:38:24", "elapsed": 5196.680073, "delta": 0.00526}}
{"target": -17.67720512753006, "params": {"gamma": 400.7346990611813, "log10_alpha": -3.2623303444277525, "log10_colsample_bytree": -0.17413759153687258, "log10_eta": -3.2755157062228526, "log10_lambda": 0.4366033486395384, "log10_min_child_weight": 4.373551689134262, "log10_subsample": -0.00401086177915988, "max_depth": 8.0, "num_boost_round": 2.0}, "datetime": {"datetime": "2024-01-19 01:38:24", "elapsed": 5196.684989, "delta": 0.004916}}
{"target": -17.677210359345253, "params": {"gamma": 400.7346990611813, "log10_alpha": -3.2623303444277525, "log10_colsample_bytree": -0.17413759153687258, "log10_eta": -3.2755157062228526, "log10_lambda": 0.4366033486395384, "log10_min_child_weight": 4.373551689134262, "log10_subsample": -0.00401086177915988, "max_depth": 8.0, "num_boost_round": 3.0}, "datetime": {"datetime": "2024-01-19 01:38:24", "elapsed": 5196.68999, "delta": 0.005001}}
{"target": -17.677203977133765, "params": {"gamma": 400.7346990611813, "log10_alpha": -3.2623303444277525, "log10_colsample_bytree": -0.17413759153687258, "log10_eta": -3.2755157062228526, "log10_lambda": 0.4366033486395384, "log10_min_child_weight": 4.373551689134262, "log10_subsample": -0.00401086177915988, "max_depth": 8.0, "num_boost_round": 4.0}, "datetime": {"datetime": "2024-01-19 01:38:24", "elapsed": 5196.694709, "delta": 0.004719}}
{"target": -17.677205187370035, "params": {"gamma": 400.7346990611813, "log10_alpha": -3.2623303444277525, "log10_colsample_bytree": -0.17413759153687258, "log10_eta": -3.2755157062228526, "log10_lambda": 0.4366033486395384, "log10_min_child_weight": 4.373551689134262, "log10_subsample": -0.00401086177915988, "max_depth": 8.0, "num_boost_round": 5.0}, "datetime": {"datetime": "2024-01-19 01:38:24", "elapsed": 5196.699419, "delta": 0.00471}}
{"target": -17.677209400901532, "params": {"gamma": 400.7346990611813, "log10_alpha": -3.2623303444277525, "log10_colsample_bytree": -0.17413759153687258, "log10_eta": -3.2755157062228526, "log10_lambda": 0.4366033486395384, "log10_min_child_weight": 4.373551689134262, "log10_subsample": -0.00401086177915988, "max_depth": 8.0, "num_boost_round": 6.0}, "datetime": {"datetime": "2024-01-19 01:38:24", "elapsed": 5196.704249, "delta": 0.00483}}
{"target": -17.677202740413833, "params": {"gamma": 400.7346990611813, "log10_alpha": -3.2623303444277525, "log10_colsample_bytree": -0.17413759153687258, "log10_eta": -3.2755157062228526, "log10_lambda": 0.4366033486395384, "log10_min_child_weight": 4.373551689134262, "log10_subsample": -0.00401086177915988, "max_depth": 8.0, "num_boost_round": 7.0}, "datetime": {"datetime": "2024-01-19 01:38:24", "elapsed": 5196.709378, "delta": 0.005129}}
{"target": -17.677202214910913, "params": {"gamma": 400.7346990611813, "log10_alpha": -3.2623303444277525, "log10_colsample_bytree": -0.17413759153687258, "log10_eta": -3.2755157062228526, "log10_lambda": 0.4366033486395384, "log10_min_child_weight": 4.373551689134262, "log10_subsample": -0.00401086177915988, "max_depth": 8.0, "num_boost_round": 8.0}, "datetime": {"datetime": "2024-01-19 01:38:24", "elapsed": 5196.714112, "delta": 0.004734}}
{"target": -17.67720843459676, "params": {"gamma": 400.7346990611813, "log10_alpha": -3.2623303444277525, "log10_colsample_bytree": -0.17413759153687258, "log10_eta": -3.2755157062228526, "log10_lambda": 0.4366033486395384, "log10_min_child_weight": 4.373551689134262, "log10_subsample": -0.00401086177915988, "max_depth": 8.0, "num_boost_round": 9.0}, "datetime": {"datetime": "2024-01-19 01:38:24", "elapsed": 5196.718863, "delta": 0.004751}}
{"target": -17.677213199466248, "params": {"gamma": 400.7346990611813, "log10_alpha": -3.2623303444277525, "log10_colsample_bytree": -0.17413759153687258, "log10_eta": -3.2755157062228526, "log10_lambda": 0.4366033486395384, "log10_min_child_weight": 4.373551689134262, "log10_subsample": -0.00401086177915988, "max_depth": 8.0, "num_boost_round": 10.0}, "datetime": {"datetime": "2024-01-19 01:38:24", "elapsed": 5196.723676, "delta": 0.004813}}
{"target": -17.677192802652005, "params": {"gamma": 400.7346990611813, "log10_alpha": -3.2623303444277525, "log10_colsample_bytree": -0.17413759153687258, "log10_eta": -3.2755157062228526, "log10_lambda": 0.4366033486395384, "log10_min_child_weight": 4.373551689134262, "log10_subsample": -0.00401086177915988, "max_depth": 8.0, "num_boost_round": 11.0}, "datetime": {"datetime": "2024-01-19 01:38:24", "elapsed": 5196.728626, "delta": 0.00495}}
{"target": -17.677185169822838, "params": {"gamma": 400.7346990611813, "log10_alpha": -3.2623303444277525, "log10_colsample_bytree": -0.17413759153687258, "log10_eta": -3.2755157062228526, "log10_lambda": 0.4366033486395384, "log10_min_child_weight": 4.373551689134262, "log10_subsample": -0.00401086177915988, "max_depth": 8.0, "num_boost_round": 12.0}, "datetime": {"datetime": "2024-01-19 01:38:24", "elapsed": 5196.733483, "delta": 0.004857}}
{"target": -17.677171598822515, "params": {"gamma": 400.7346990611813, "log10_alpha": -3.2623303444277525, "log10_colsample_bytree": -0.17413759153687258, "log10_eta": -3.2755157062228526, "log10_lambda": 0.4366033486395384, "log10_min_child_weight": 4.373551689134262, "log10_subsample": -0.00401086177915988, "max_depth": 8.0, "num_boost_round": 13.0}, "datetime": {"datetime": "2024-01-19 01:38:24", "elapsed": 5196.738271, "delta": 0.004788}}
{"target": -17.677173399666184, "params": {"gamma": 400.7346990611813, "log10_alpha": -3.2623303444277525, "log10_colsample_bytree": -0.17413759153687258, "log10_eta": -3.2755157062228526, "log10_lambda": 0.4366033486395384, "log10_min_child_weight": 4.373551689134262, "log10_subsample": -0.00401086177915988, "max_depth": 8.0, "num_boost_round": 14.0}, "datetime": {"datetime": "2024-01-19 01:38:24", "elapsed": 5196.742946, "delta": 0.004675}}
{"target": -17.677155032385915, "params": {"gamma": 400.7346990611813, "log10_alpha": -3.2623303444277525, "log10_colsample_bytree": -0.17413759153687258, "log10_eta": -3.2755157062228526, "log10_lambda": 0.4366033486395384, "log10_min_child_weight": 4.373551689134262, "log10_subsample": -0.00401086177915988, "max_depth": 8.0, "num_boost_round": 15.0}, "datetime": {"datetime": "2024-01-19 01:38:24", "elapsed": 5196.747746, "delta": 0.0048}}
{"target": -17.67713742473386, "params": {"gamma": 400.7346990611813, "log10_alpha": -3.2623303444277525, "log10_colsample_bytree": -0.17413759153687258, "log10_eta": -3.2755157062228526, "log10_lambda": 0.4366033486395384, "log10_min_child_weight": 4.373551689134262, "log10_subsample": -0.00401086177915988, "max_depth": 8.0, "num_boost_round": 16.0}, "datetime": {"datetime": "2024-01-19 01:38:24", "elapsed": 5196.752386, "delta": 0.00464}}
{"target": -17.677126134843814, "params": {"gamma": 400.7346990611813, "log10_alpha": -3.2623303444277525, "log10_colsample_bytree": -0.17413759153687258, "log10_eta": -3.2755157062228526, "log10_lambda": 0.4366033486395384, "log10_min_child_weight": 4.373551689134262, "log10_subsample": -0.00401086177915988, "max_depth": 8.0, "num_boost_round": 17.0}, "datetime": {"datetime": "2024-01-19 01:38:24", "elapsed": 5196.757071, "delta": 0.004685}}
{"target": -17.677224201567164, "params": {"gamma": 401.5231751464258, "log10_alpha": -4.035889507810694, "log10_colsample_bytree": -0.7877428948374304, "log10_eta": -3.612361365107144, "log10_lambda": 0.45390963968027975, "log10_min_child_weight": 2.228949222734602, "log10_subsample": -0.707178387854456, "max_depth": 9.0, "num_boost_round": 0.0}, "datetime": {"datetime": "2024-01-19 01:39:55", "elapsed": 5288.245137, "delta": 91.488066}}
{"target": -17.67721506506669, "params": {"gamma": 401.5231751464258, "log10_alpha": -4.035889507810694, "log10_colsample_bytree": -0.7877428948374304, "log10_eta": -3.612361365107144, "log10_lambda": 0.45390963968027975, "log10_min_child_weight": 2.228949222734602, "log10_subsample": -0.707178387854456, "max_depth": 9.0, "num_boost_round": 1.0}, "datetime": {"datetime": "2024-01-19 01:39:55", "elapsed": 5288.250439, "delta": 0.005302}}
{"target": -17.6771911718019, "params": {"gamma": 401.5231751464258, "log10_alpha": -4.035889507810694, "log10_colsample_bytree": -0.7877428948374304, "log10_eta": -3.612361365107144, "log10_lambda": 0.45390963968027975, "log10_min_child_weight": 2.228949222734602, "log10_subsample": -0.707178387854456, "max_depth": 9.0, "num_boost_round": 2.0}, "datetime": {"datetime": "2024-01-19 01:39:55", "elapsed": 5288.255433, "delta": 0.004994}}
{"target": -17.677193404262844, "params": {"gamma": 401.5231751464258, "log10_alpha": -4.035889507810694, "log10_colsample_bytree": -0.7877428948374304, "log10_eta": -3.612361365107144, "log10_lambda": 0.45390963968027975, "log10_min_child_weight": 2.228949222734602, "log10_subsample": -0.707178387854456, "max_depth": 9.0, "num_boost_round": 3.0}, "datetime": {"datetime": "2024-01-19 01:39:55", "elapsed": 5288.260269, "delta": 0.004836}}
{"target": -17.67718237938324, "params": {"gamma": 401.5231751464258, "log10_alpha": -4.035889507810694, "log10_colsample_bytree": -0.7877428948374304, "log10_eta": -3.612361365107144, "log10_lambda": 0.45390963968027975, "log10_min_child_weight": 2.228949222734602, "log10_subsample": -0.707178387854456, "max_depth": 9.0, "num_boost_round": 4.0}, "datetime": {"datetime": "2024-01-19 01:39:55", "elapsed": 5288.265046, "delta": 0.004777}}
