{"target": -13.758513371055017, "params": {"gamma": 973.6344744735324, "log10_alpha": 0.43296039644408424, "log10_colsample_bytree": -0.4894554014987329, "log10_eta": -3.5172375649096623, "log10_lambda": -2.740373449217765, "log10_min_child_weight": 3.120335111463828, "log10_subsample": -0.9402672049941896, "max_depth": 9.0, "num_boost_round": 5.0}, "datetime": {"datetime": "2024-01-19 00:15:15", "elapsed": 216.270699, "delta": 0.000431}}
{"target": -13.758512444720163, "params": {"gamma": 973.6344744735324, "log10_alpha": 0.43296039644408424, "log10_colsample_bytree": -0.4894554014987329, "log10_eta": -3.5172375649096623, "log10_lambda": -2.740373449217765, "log10_min_child_weight": 3.120335111463828, "log10_subsample": -0.9402672049941896, "max_depth": 9.0, "num_boost_round": 6.0}, "datetime": {"datetime": "2024-01-19 00:15:15", "elapsed": 216.271133, "delta": 0.000434}}
{"target": -13.758506751528827, "params": {"gamma": 973.6344744735324, "log10_alpha": 0.43296039644408424, "log10_colsample_bytree": -0.4894554014987329, "log10_eta": -3.5172375649096623, "log10_lambda": -2.740373449217765, "log10_min_child_weight": 3.120335111463828, "log10_subsample": -0.9402672049941896, "max_depth": 9.0, "num_boost_round": 7.0}, "datetime": {"datetime": "2024-01-19 00:15:15", "elapsed": 216.271557, "delta": 0.000424}}
{"target": -13.758495002990838, "params": {"gamma": 973.6344744735324, "log10_alpha": 0.43296039644408424, "log10_colsample_bytree": -0.4894554014987329, "log10_eta": -3.5172375649096623, "log10_lambda": -2.740373449217765, "log10_min_child_weight": 3.120335111463828, "log10_subsample": -0.9402672049941896, "max_depth": 9.0, "num_boost_round": 8.0}, "datetime": {"datetime": "2024-01-19 00:15:15", "elapsed": 216.271987, "delta": 0.00043}}
{"target": -13.758486715662054, "params": {"gamma": 973.6344744735324, "log10_alpha": 0.43296039644408424, "log10_colsample_bytree": -0.4894554014987329, "log10_eta": -3.5172375649096623, "log10_lambda": -2.740373449217765, "log10_min_child_weight": 3.120335111463828, "log10_subsample": -0.9402672049941896, "max_depth": 9.0, "num_boost_round": 9.0}, "datetime": {"datetime": "2024-01-19 00:15:15", "elapsed": 216.272413, "delta": 0.000426}}
{"target": -13.758477033140865, "params": {"gamma": 973.6344744735324, "log10_alpha": 0.43296039644408424, "log10_colsample_bytree": -0.4894554014987329, "log10_eta": -3.5172375649096623, "log10_lambda": -2.740373449217765, "log10_min_child_weight": 3.120335111463828, "log10_subsample": -0.9402672049941896, "max_depth": 9.0, "num_boost_round": 10.0}, "datetime": {"datetime": "2024-01-19 00:15:15", "elapsed": 216.272836, "delta": 0.000423}}
{"target": -13.758477889018167, "params": {"gamma": 973.6344744735324, "log10_alpha": 0.43296039644408424, "log10_colsample_bytree": -0.4894554014987329, "log10_eta": -3.5172375649096623, "log10_lambda": -2.740373449217765, "log10_min_child_weight": 3.120335111463828, "log10_subsample": -0.9402672049941896, "max_depth": 9.0, "num_boost_round": 11.0}, "datetime": {"datetime": "2024-01-19 00:15:15", "elapsed": 216.273274, "delta": 0.000438}}
{"target": -13.758474467674562, "params": {"gamma": 973.6344744735324, "log10_alpha": 0.43296039644408424, "log10_colsample_bytree": -0.4894554014987329, "log10_eta": -3.5172375649096623, "log10_lambda": -2.740373449217765, "log10_min_child_weight": 3.120335111463828, "log10_subsample": -0.9402672049941896, "max_depth": 9.0, "num_boost_round": 12.0}, "datetime": {"datetime": "2024-01-19 00:15:15", "elapsed": 216.273706, "delta": 0.000432}}
{"target": -13.75846615013446, "params": {"gamma": 973.6344744735324, "log10_alpha": 0.43296039644408424, "log10_colsample_bytree": -0.4894554014987329, "log10_eta": -3.5172375649096623, "log10_lambda": -2.740373449217765, "log10_min_child_weight": 3.120335111463828, "log10_subsample": -0.9402672049941896, "max_depth": 9.0, "num_boost_round": 13.0}, "datetime": {"datetime": "2024-01-19 00:15:15", "elapsed": 216.274138, "delta": 0.000432}}
{"target": -13.788528399784056, "params": {"gamma": 973.9182895463749, "log10_alpha": -3.459392653211684, "log10_colsample_bytree": -0.8011941419068821, "log10_eta": -0.18429903444126206, "log10_lambda": -4.2275472886662016, "log10_min_child_weight": 3.0870258444973104, "log10_subsample": -0.12257539428137743, "max_depth": 8.0, "num_boost_round": 0.0}, "datetime": {"datetime": "2024-01-19 00:15:35", "elapsed": 236.013801, "delta": 19.739663}}
{"target": -13.854769279395693, "params": {"gamma": 973.9182895463749, "log10_alpha": -3.459392653211684, "log10_colsample_bytree": -0.8011941419068821, "log10_eta": -0.18429903444126206, "log10_lambda": -4.2275472886662016, "log10_min_child_weight": 3.0870258444973104, "log10_subsample": -0.12257539428137743, "max_depth": 8.0, "num_boost_round": 1.0}, "datetime": {"datetime": "2024-01-19 00:15:35", "elapsed": 236.014424, "delta": 0.000623}}
{"target": -13.91854152857728, "params": {"gamma": 973.9182895463749, "log10_alpha": -3.459392653211684, "log10_colsample_bytree": -0.8011941419068821, "log10_eta": -0.18429903444126206, "log10_lambda": -4.2275472886662016, "log10_min_child_weight": 3.0870258444973104, "log10_subsample": -0.12257539428137743, "max_depth": 8.0, "num_boost_round": 2.0}, "datetime": {"datetime": "2024-01-19 00:15:35", "elapsed": 236.014915, "delta": 0.000491}}
{"target": -13.94509121166187, "params": {"gamma": 973.9182895463749, "log10_alpha": -3.459392653211684, "log10_colsample_bytree": -0.8011941419068821, "log10_eta": -0.18429903444126206, "log10_lambda": -4.2275472886662016, "log10_min_child_weight": 3.0870258444973104, "log10_subsample": -0.12257539428137743, "max_depth": 8.0, "num_boost_round": 3.0}, "datetime": {"datetime": "2024-01-19 00:15:35", "elapsed": 236.015386, "delta": 0.000471}}
{"target": -13.96579082735899, "params": {"gamma": 973.9182895463749, "log10_alpha": -3.459392653211684, "log10_colsample_bytree": -0.8011941419068821, "log10_eta": -0.18429903444126206, "log10_lambda": -4.2275472886662016, "log10_min_child_weight": 3.0870258444973104, "log10_subsample": -0.12257539428137743, "max_depth": 8.0, "num_boost_round": 4.0}, "datetime": {"datetime": "2024-01-19 00:15:35", "elapsed": 236.016339, "delta": 0.000953}}
{"target": -14.017651583913196, "params": {"gamma": 973.9182895463749, "log10_alpha": -3.459392653211684, "log10_colsample_bytree": -0.8011941419068821, "log10_eta": -0.18429903444126206, "log10_lambda": -4.2275472886662016, "log10_min_child_weight": 3.0870258444973104, "log10_subsample": -0.12257539428137743, "max_depth": 8.0, "num_boost_round": 5.0}, "datetime": {"datetime": "2024-01-19 00:15:35", "elapsed": 236.016791, "delta": 0.000452}}
{"target": -14.059902905675605, "params": {"gamma": 973.9182895463749, "log10_alpha": -3.459392653211684, "log10_colsample_bytree": -0.8011941419068821, "log10_eta": -0.18429903444126206, "log10_lambda": -4.2275472886662016, "log10_min_child_weight": 3.0870258444973104, "log10_subsample": -0.12257539428137743, "max_depth": 8.0, "num_boost_round": 6.0}, "datetime": {"datetime": "2024-01-19 00:15:35", "elapsed": 236.017248, "delta": 0.000457}}
{"target": -14.141918705736112, "params": {"gamma": 973.9182895463749, "log10_alpha": -3.459392653211684, "log10_colsample_bytree": -0.8011941419068821, "log10_eta": -0.18429903444126206, "log10_lambda": -4.2275472886662016, "log10_min_child_weight": 3.0870258444973104, "log10_subsample": -0.12257539428137743, "max_depth": 8.0, "num_boost_round": 7.0}, "datetime": {"datetime": "2024-01-19 00:15:35", "elapsed": 236.017788, "delta": 0.00054}}
{"target": -14.152682331109279, "params": {"gamma": 973.9182895463749, "log10_alpha": -3.459392653211684, "log10_colsample_bytree": -0.8011941419068821, "log10_eta": -0.18429903444126206, "log10_lambda": -4.2275472886662016, "log10_min_child_weight": 3.0870258444973104, "log10_subsample": -0.12257539428137743, "max_depth": 8.0, "num_boost_round": 8.0}, "datetime": {"datetime": "2024-01-19 00:15:35", "elapsed": 236.018255, "delta": 0.000467}}
{"target": -14.191960271289492, "params": {"gamma": 973.9182895463749, "log10_alpha": -3.459392653211684, "log10_colsample_bytree": -0.8011941419068821, "log10_eta": -0.18429903444126206, "log10_lambda": -4.2275472886662016, "log10_min_child_weight": 3.0870258444973104, "log10_subsample": -0.12257539428137743, "max_depth": 8.0, "num_boost_round": 9.0}, "datetime": {"datetime": "2024-01-19 00:15:35", "elapsed": 236.018706, "delta": 0.000451}}
{"target": -14.211593905401655, "params": {"gamma": 973.9182895463749, "log10_alpha": -3.459392653211684, "log10_colsample_bytree": -0.8011941419068821, "log10_eta": -0.18429903444126206, "log10_lambda": -4.2275472886662016, "log10_min_child_weight": 3.0870258444973104, "log10_subsample": -0.12257539428137743, "max_depth": 8.0, "num_boost_round": 10.0}, "datetime": {"datetime": "2024-01-19 00:15:35", "elapsed": 236.019258, "delta": 0.000552}}
{"target": -14.23499878887807, "params": {"gamma": 973.9182895463749, "log10_alpha": -3.459392653211684, "log10_colsample_bytree": -0.8011941419068821, "log10_eta": -0.18429903444126206, "log10_lambda": -4.2275472886662016, "log10_min_child_weight": 3.0870258444973104, "log10_subsample": -0.12257539428137743, "max_depth": 8.0, "num_boost_round": 11.0}, "datetime": {"datetime": "2024-01-19 00:15:35", "elapsed": 236.019715, "delta": 0.000457}}
{"target": -13.758535320585285, "params": {"gamma": 973.4551098865358, "log10_alpha": -4.4702488874723105, "log10_colsample_bytree": -0.5312104899649105, "log10_eta": -3.5975161537953197, "log10_lambda": -0.6934474290250936, "log10_min_child_weight": 1.1306688350604914, "log10_subsample": -0.4704171825657887, "max_depth": 2.0, "num_boost_round": 0.0}, "datetime": {"datetime": "2024-01-19 00:15:58", "elapsed": 259.328537, "delta": 23.308822}}
{"target": -13.758531479812698, "params": {"gamma": 973.4551098865358, "log10_alpha": -4.4702488874723105, "log10_colsample_bytree": -0.5312104899649105, "log10_eta": -3.5975161537953197, "log10_lambda": -0.6934474290250936, "log10_min_child_weight": 1.1306688350604914, "log10_subsample": -0.4704171825657887, "max_depth": 2.0, "num_boost_round": 1.0}, "datetime": {"datetime": "2024-01-19 00:15:58", "elapsed": 259.329143, "delta": 0.000606}}
{"target": -13.758532973811638, "params": {"gamma": 973.4551098865358, "log10_alpha": -4.4702488874723105, "log10_colsample_bytree": -0.5312104899649105, "log10_eta": -3.5975161537953197, "log10_lambda": -0.6934474290250936, "log10_min_child_weight": 1.1306688350604914, "log10_subsample": -0.4704171825657887, "max_depth": 2.0, "num_boost_round": 2.0}, "datetime": {"datetime": "2024-01-19 00:15:58", "elapsed": 259.329632, "delta": 0.000489}}
{"target": -13.758532262495109, "params": {"gamma": 973.4551098865358, "log10_alpha": -4.4702488874723105, "log10_colsample_bytree": -0.5312104899649105, "log10_eta": -3.5975161537953197, "log10_lambda": -0.6934474290250936, "log10_min_child_weight": 1.1306688350604914, "log10_subsample": -0.4704171825657887, "max_depth": 2.0, "num_boost_round": 3.0}, "datetime": {"datetime": "2024-01-19 00:15:58", "elapsed": 259.330114, "delta": 0.000482}}
{"target": -13.758529171909997, "params": {"gamma": 973.4551098865358, "log10_alpha": -4.4702488874723105, "log10_colsample_bytree": -0.5312104899649105, "log10_eta": -3.5975161537953197, "log10_lambda": -0.6934474290250936, "log10_min_child_weight": 1.1306688350604914, "log10_subsample": -0.4704171825657887, "max_depth": 2.0, "num_boost_round": 4.0}, "datetime": {"datetime": "2024-01-19 00:15:58", "elapsed": 259.330589, "delta": 0.000475}}
{"target": -13.758527169867495, "params": {"gamma": 973.4551098865358, "log10_alpha": -4.4702488874723105, "log10_colsample_bytree": -0.5312104899649105, "log10_eta": -3.5975161537953197, "log10_lambda": -0.6934474290250936, "log10_min_child_weight": 1.1306688350604914, "log10_subsample": -0.4704171825657887, "max_depth": 2.0, "num_boost_round": 5.0}, "datetime": {"datetime": "2024-01-19 00:15:58", "elapsed": 259.331555, "delta": 0.000966}}
{"target": -13.758524324857735, "params": {"gamma": 973.4551098865358, "log10_alpha": -4.4702488874723105, "log10_colsample_bytree": -0.5312104899649105, "log10_eta": -3.5975161537953197, "log10_lambda": -0.6934474290250936, "log10_min_child_weight": 1.1306688350604914, "log10_subsample": -0.4704171825657887, "max_depth": 2.0, "num_boost_round": 6.0}, "datetime": {"datetime": "2024-01-19 00:15:58", "elapsed": 259.332031, "delta": 0.000476}}
{"target": -13.758523678749064, "params": {"gamma": 973.4551098865358, "log10_alpha": -4.4702488874723105, "log10_colsample_bytree": -0.5312104899649105, "log10_eta": -3.5975161537953197, "log10_lambda": -0.6934474290250936, "log10_min_child_weight": 1.1306688350604914, "log10_subsample": -0.4704171825657887, "max_depth": 2.0, "num_boost_round": 7.0}, "datetime": {"datetime": "2024-01-19 00:15:58", "elapsed": 259.332499, "delta": 0.000468}}
{"target": -13.758520033796689, "params": {"gamma": 973.4551098865358, "log10_alpha": -4.4702488874723105, "log10_colsample_bytree": -0.5312104899649105, "log10_eta": -3.5975161537953197, "log10_lambda": -0.6934474290250936, "log10_min_child_weight": 1.1306688350604914, "log10_subsample": -0.4704171825657887, "max_depth": 2.0, "num_boost_round": 8.0}, "datetime": {"datetime": "2024-01-19 00:15:58", "elapsed": 259.332982, "delta": 0.000483}}
{"target": -13.758517035071032, "params": {"gamma": 973.4551098865358, "log10_alpha": -4.4702488874723105, "log10_colsample_bytree": -0.5312104899649105, "log10_eta": -3.5975161537953197, "log10_lambda": -0.6934474290250936, "log10_min_child_weight": 1.1306688350604914, "log10_subsample": -0.4704171825657887, "max_depth": 2.0, "num_boost_round": 9.0}, "datetime": {"datetime": "2024-01-19 00:15:58", "elapsed": 259.333455, "delta": 0.000473}}
{"target": -13.758511532799547, "params": {"gamma": 973.4551098865358, "log10_alpha": -4.4702488874723105, "log10_colsample_bytree": -0.5312104899649105, "log10_eta": -3.5975161537953197, "log10_lambda": -0.6934474290250936, "log10_min_child_weight": 1.1306688350604914, "log10_subsample": -0.4704171825657887, "max_depth": 2.0, "num_boost_round": 10.0}, "datetime": {"datetime": "2024-01-19 00:15:58", "elapsed": 259.334038, "delta": 0.000583}}
{"target": -13.75850785154054, "params": {"gamma": 973.4551098865358, "log10_alpha": -4.4702488874723105, "log10_colsample_bytree": -0.5312104899649105, "log10_eta": -3.5975161537953197, "log10_lambda": -0.6934474290250936, "log10_min_child_weight": 1.1306688350604914, "log10_subsample": -0.4704171825657887, "max_depth": 2.0, "num_boost_round": 11.0}, "datetime": {"datetime": "2024-01-19 00:15:58", "elapsed": 259.334513, "delta": 0.000475}}
{"target": -13.758503671341472, "params": {"gamma": 973.4551098865358, "log10_alpha": -4.4702488874723105, "log10_colsample_bytree": -0.5312104899649105, "log10_eta": -3.5975161537953197, "log10_lambda": -0.6934474290250936, "log10_min_child_weight": 1.1306688350604914, "log10_subsample": -0.4704171825657887, "max_depth": 2.0, "num_boost_round": 12.0}, "datetime": {"datetime": "2024-01-19 00:15:58", "elapsed": 259.334996, "delta": 0.000483}}
{"target": -13.758501223118495, "params": {"gamma": 973.4551098865358, "log10_alpha": -4.4702488874723105, "log10_colsample_bytree": -0.5312104899649105, "log10_eta": -3.5975161537953197, "log10_lambda": -0.6934474290250936, "log10_min_child_weight": 1.1306688350604914, "log10_subsample": -0.4704171825657887, "max_depth": 2.0, "num_boost_round": 13.0}, "datetime": {"datetime": "2024-01-19 00:15:58", "elapsed": 259.335474, "delta": 0.000478}}
{"target": -13.758500204008437, "params": {"gamma": 973.4551098865358, "log10_alpha": -4.4702488874723105, "log10_colsample_bytree": -0.5312104899649105, "log10_eta": -3.5975161537953197, "log10_lambda": -0.6934474290250936, "log10_min_child_weight": 1.1306688350604914, "log10_subsample": -0.4704171825657887, "max_depth": 2.0, "num_boost_round": 14.0}, "datetime": {"datetime": "2024-01-19 00:15:58", "elapsed": 259.33596, "delta": 0.000486}}
{"target": -13.758495797959911, "params": {"gamma": 973.4551098865358, "log10_alpha": -4.4702488874723105, "log10_colsample_bytree": -0.5312104899649105, "log10_eta": -3.5975161537953197, "log10_lambda": -0.6934474290250936, "log10_min_child_weight": 1.1306688350604914, "log10_subsample": -0.4704171825657887, "max_depth": 2.0, "num_boost_round": 15.0}, "datetime": {"datetime": "2024-01-19 00:15:58", "elapsed": 259.336444, "delta": 0.000484}}
{"target": -13.75849616338156, "params": {"gamma": 973.4551098865358, "log10_alpha": -4.4702488874723105, "log10_colsample_bytree": -0.5312104899649105, "log10_eta": -3.5975161537953197, "log10_lambda": -0.6934474290250936, "log10_min_child_weight": 1.1306688350604914, "log10_subsample": -0.4704171825657887, "max_depth": 2.0, "num_boost_round": 16.0}, "datetime": {"datetime": "2024-01-19 00:15:58", "elapsed": 259.336921, "delta": 0.000477}}
{"target": -13.758494863036075, "params": {"gamma": 973.4551098865358, "log10_alpha": -4.4702488874723105, "log10_colsample_bytree": -0.5312104899649105, "log10_eta": -3.5975161537953197, "log10_lambda": -0.6934474290250936, "log10_min_child_weight": 1.1306688350604914, "log10_subsample": -0.4704171825657887, "max_depth": 2.0, "num_boost_round": 17.0}, "datetime": {"datetime": "2024-01-19 00:15:58", "elapsed": 259.337528, "delta": 0.000607}}
{"target": -13.75849436645021, "params": {"gamma": 973.4551098865358, "log10_alpha": -4.4702488874723105, "log10_colsample_bytree": -0.5312104899649105, "log10_eta": -3.5975161537953197, "log10_lambda": -0.6934474290250936, "log10_min_child_weight": 1.1306688350604914, "log10_subsample": -0.4704171825657887, "max_depth": 2.0, "num_boost_round": 18.0}, "datetime": {"datetime": "2024-01-19 00:15:58", "elapsed": 259.338027, "delta": 0.000499}}
{"target": -13.758491316053357, "params": {"gamma": 973.4551098865358, "log10_alpha": -4.4702488874723105, "log10_colsample_bytree": -0.5312104899649105, "log10_eta": -3.5975161537953197, "log10_lambda": -0.6934474290250936, "log10_min_child_weight": 1.1306688350604914, "log10_subsample": -0.4704171825657887, "max_depth": 2.0, "num_boost_round": 19.0}, "datetime": {"datetime": "2024-01-19 00:15:58", "elapsed": 259.338513, "delta": 0.000486}}
{"target": -13.758486708526195, "params": {"gamma": 973.4551098865358, "log10_alpha": -4.4702488874723105, "log10_colsample_bytree": -0.5312104899649105, "log10_eta": -3.5975161537953197, "log10_lambda": -0.6934474290250936, "log10_min_child_weight": 1.1306688350604914, "log10_subsample": -0.4704171825657887, "max_depth": 2.0, "num_boost_round": 20.0}, "datetime": {"datetime": "2024-01-19 00:15:58", "elapsed": 259.339002, "delta": 0.000489}}
{"target": -13.7584862960486, "params": {"gamma": 973.4551098865358, "log10_alpha": -4.4702488874723105, "log10_colsample_bytree": -0.5312104899649105, "log10_eta": -3.5975161537953197, "log10_lambda": -0.6934474290250936, "log10_min_child_weight": 1.1306688350604914, "log10_subsample": -0.4704171825657887, "max_depth": 2.0, "num_boost_round": 21.0}, "datetime": {"datetime": "2024-01-19 00:15:58", "elapsed": 259.339486, "delta": 0.000484}}
{"target": -13.758485217669298, "params": {"gamma": 973.4551098865358, "log10_alpha": -4.4702488874723105, "log10_colsample_bytree": -0.5312104899649105, "log10_eta": -3.5975161537953197, "log10_lambda": -0.6934474290250936, "log10_min_child_weight": 1.1306688350604914, "log10_subsample": -0.4704171825657887, "max_depth": 2.0, "num_boost_round": 22.0}, "datetime": {"datetime": "2024-01-19 00:15:58", "elapsed": 259.339974, "delta": 0.000488}}
{"target": -13.758482477797207, "params": {"gamma": 973.4551098865358, "log10_alpha": -4.4702488874723105, "log10_colsample_bytree": -0.5312104899649105, "log10_eta": -3.5975161537953197, "log10_lambda": -0.6934474290250936, "log10_min_child_weight": 1.1306688350604914, "log10_subsample": -0.4704171825657887, "max_depth": 2.0, "num_boost_round": 23.0}, "datetime": {"datetime": "2024-01-19 00:15:58", "elapsed": 259.34047, "delta": 0.000496}}
{"target": -13.758484441284722, "params": {"gamma": 973.4551098865358, "log10_alpha": -4.4702488874723105, "log10_colsample_bytree": -0.5312104899649105, "log10_eta": -3.5975161537953197, "log10_lambda": -0.6934474290250936, "log10_min_child_weight": 1.1306688350604914, "log10_subsample": -0.4704171825657887, "max_depth": 2.0, "num_boost_round": 24.0}, "datetime": {"datetime": "2024-01-19 00:15:58", "elapsed": 259.340963, "delta": 0.000493}}
{"target": -13.75848005154444, "params": {"gamma": 973.4551098865358, "log10_alpha": -4.4702488874723105, "log10_colsample_bytree": -0.5312104899649105, "log10_eta": -3.5975161537953197, "log10_lambda": -0.6934474290250936, "log10_min_child_weight": 1.1306688350604914, "log10_subsample": -0.4704171825657887, "max_depth": 2.0, "num_boost_round": 25.0}, "datetime": {"datetime": "2024-01-19 00:15:58", "elapsed": 259.341452, "delta": 0.000489}}
{"target": -13.758478892016655, "params": {"gamma": 973.4551098865358, "log10_alpha": -4.4702488874723105, "log10_colsample_bytree": -0.5312104899649105, "log10_eta": -3.5975161537953197, "log10_lambda": -0.6934474290250936, "log10_min_child_weight": 1.1306688350604914, "log10_subsample": -0.4704171825657887, "max_depth": 2.0, "num_boost_round": 26.0}, "datetime": {"datetime": "2024-01-19 00:15:58", "elapsed": 259.341947, "delta": 0.000495}}
{"target": -13.758475396853283, "params": {"gamma": 973.4551098865358, "log10_alpha": -4.4702488874723105, "log10_colsample_bytree": -0.5312104899649105, "log10_eta": -3.5975161537953197, "log10_lambda": -0.6934474290250936, "log10_min_child_weight": 1.1306688350604914, "log10_subsample": -0.4704171825657887, "max_depth": 2.0, "num_boost_round": 27.0}, "datetime": {"datetime": "2024-01-19 00:15:58", "elapsed": 259.342437, "delta": 0.00049}}
