{"target": -17.67510058609616, "params": {"gamma": 842.7276343561844, "log10_alpha": -2.0905031017623665, "log10_colsample_bytree": -0.48685945482586246, "log10_eta": -2.481975923753897, "log10_lambda": -2.576857246199884, "log10_min_child_weight": 1.3008142245241316, "log10_subsample": -0.4558543944828173, "max_depth": 3.0, "num_boost_round": 22.0}, "datetime": {"datetime": "2024-01-19 01:18:40", "elapsed": 4005.388573, "delta": 0.005564}}
{"target": -17.675016654701032, "params": {"gamma": 842.7276343561844, "log10_alpha": -2.0905031017623665, "log10_colsample_bytree": -0.48685945482586246, "log10_eta": -2.481975923753897, "log10_lambda": -2.576857246199884, "log10_min_child_weight": 1.3008142245241316, "log10_subsample": -0.4558543944828173, "max_depth": 3.0, "num_boost_round": 23.0}, "datetime": {"datetime": "2024-01-19 01:18:40", "elapsed": 4005.394127, "delta": 0.005554}}
{"target": -17.677211145330386, "params": {"gamma": 832.4648006490671, "log10_alpha": -1.407478797179306, "log10_colsample_bytree": -0.04524901563213224, "log10_eta": -3.153589191764842, "log10_lambda": 0.5800732073685761, "log10_min_child_weight": 3.2104175771980357, "log10_subsample": -0.5959960559323406, "max_depth": 8.0, "num_boost_round": 0.0}, "datetime": {"datetime": "2024-01-19 01:20:00", "elapsed": 4085.299396, "delta": 79.905269}}
{"target": -17.677210924311012, "params": {"gamma": 832.4648006490671, "log10_alpha": -1.407478797179306, "log10_colsample_bytree": -0.04524901563213224, "log10_eta": -3.153589191764842, "log10_lambda": 0.5800732073685761, "log10_min_child_weight": 3.2104175771980357, "log10_subsample": -0.5959960559323406, "max_depth": 8.0, "num_boost_round": 1.0}, "datetime": {"datetime": "2024-01-19 01:20:00", "elapsed": 4085.305698, "delta": 0.006302}}
{"target": -17.677206125710338, "params": {"gamma": 832.4648006490671, "log10_alpha": -1.407478797179306, "log10_colsample_bytree": -0.04524901563213224, "log10_eta": -3.153589191764842, "log10_lambda": 0.5800732073685761, "log10_min_child_weight": 3.2104175771980357, "log10_subsample": -0.5959960559323406, "max_depth": 8.0, "num_boost_round": 2.0}, "datetime": {"datetime": "2024-01-19 01:20:00", "elapsed": 4085.310974, "delta": 0.005276}}
{"target": -17.677207153228352, "params": {"gamma": 832.4648006490671, "log10_alpha": -1.407478797179306, "log10_colsample_bytree": -0.04524901563213224, "log10_eta": -3.153589191764842, "log10_lambda": 0.5800732073685761, "log10_min_child_weight": 3.2104175771980357, "log10_subsample": -0.5959960559323406, "max_depth": 8.0, "num_boost_round": 3.0}, "datetime": {"datetime": "2024-01-19 01:20:00", "elapsed": 4085.315969, "delta": 0.004995}}
{"target": -17.67719480596262, "params": {"gamma": 832.4648006490671, "log10_alpha": -1.407478797179306, "log10_colsample_bytree": -0.04524901563213224, "log10_eta": -3.153589191764842, "log10_lambda": 0.5800732073685761, "log10_min_child_weight": 3.2104175771980357, "log10_subsample": -0.5959960559323406, "max_depth": 8.0, "num_boost_round": 4.0}, "datetime": {"datetime": "2024-01-19 01:20:00", "elapsed": 4085.321075, "delta": 0.005106}}
{"target": -17.6771892441036, "params": {"gamma": 832.4648006490671, "log10_alpha": -1.407478797179306, "log10_colsample_bytree": -0.04524901563213224, "log10_eta": -3.153589191764842, "log10_lambda": 0.5800732073685761, "log10_min_child_weight": 3.2104175771980357, "log10_subsample": -0.5959960559323406, "max_depth": 8.0, "num_boost_round": 5.0}, "datetime": {"datetime": "2024-01-19 01:20:00", "elapsed": 4085.326114, "delta": 0.005039}}
{"target": -17.677163699055544, "params": {"gamma": 832.4648006490671, "log10_alpha": -1.407478797179306, "log10_colsample_bytree": -0.04524901563213224, "log10_eta": -3.153589191764842, "log10_lambda": 0.5800732073685761, "log10_min_child_weight": 3.2104175771980357, "log10_subsample": -0.5959960559323406, "max_depth": 8.0, "num_boost_round": 6.0}, "datetime": {"datetime": "2024-01-19 01:20:00", "elapsed": 4085.331255, "delta": 0.005141}}
{"target": -17.677145795079422, "params": {"gamma": 832.4648006490671, "log10_alpha": -1.407478797179306, "log10_colsample_bytree": -0.04524901563213224, "log10_eta": -3.153589191764842, "log10_lambda": 0.5800732073685761, "log10_min_child_weight": 3.2104175771980357, "log10_subsample": -0.5959960559323406, "max_depth": 8.0, "num_boost_round": 7.0}, "datetime": {"datetime": "2024-01-19 01:20:00", "elapsed": 4085.33638, "delta": 0.005125}}
{"target": -17.67712930041988, "params": {"gamma": 832.4648006490671, "log10_alpha": -1.407478797179306, "log10_colsample_bytree": -0.04524901563213224, "log10_eta": -3.153589191764842, "log10_lambda": 0.5800732073685761, "log10_min_child_weight": 3.2104175771980357, "log10_subsample": -0.5959960559323406, "max_depth": 8.0, "num_boost_round": 8.0}, "datetime": {"datetime": "2024-01-19 01:20:00", "elapsed": 4085.34158, "delta": 0.0052}}
{"target": -17.677099746432575, "params": {"gamma": 832.4648006490671, "log10_alpha": -1.407478797179306, "log10_colsample_bytree": -0.04524901563213224, "log10_eta": -3.153589191764842, "log10_lambda": 0.5800732073685761, "log10_min_child_weight": 3.2104175771980357, "log10_subsample": -0.5959960559323406, "max_depth": 8.0, "num_boost_round": 9.0}, "datetime": {"datetime": "2024-01-19 01:20:00", "elapsed": 4085.346697, "delta": 0.005117}}
{"target": -17.67710024526814, "params": {"gamma": 832.4648006490671, "log10_alpha": -1.407478797179306, "log10_colsample_bytree": -0.04524901563213224, "log10_eta": -3.153589191764842, "log10_lambda": 0.5800732073685761, "log10_min_child_weight": 3.2104175771980357, "log10_subsample": -0.5959960559323406, "max_depth": 8.0, "num_boost_round": 10.0}, "datetime": {"datetime": "2024-01-19 01:20:00", "elapsed": 4085.351756, "delta": 0.005059}}
{"target": -17.67710346767914, "params": {"gamma": 832.4648006490671, "log10_alpha": -1.407478797179306, "log10_colsample_bytree": -0.04524901563213224, "log10_eta": -3.153589191764842, "log10_lambda": 0.5800732073685761, "log10_min_child_weight": 3.2104175771980357, "log10_subsample": -0.5959960559323406, "max_depth": 8.0, "num_boost_round": 11.0}, "datetime": {"datetime": "2024-01-19 01:20:00", "elapsed": 4085.356809, "delta": 0.005053}}
{"target": -17.677102211420262, "params": {"gamma": 832.4648006490671, "log10_alpha": -1.407478797179306, "log10_colsample_bytree": -0.04524901563213224, "log10_eta": -3.153589191764842, "log10_lambda": 0.5800732073685761, "log10_min_child_weight": 3.2104175771980357, "log10_subsample": -0.5959960559323406, "max_depth": 8.0, "num_boost_round": 12.0}, "datetime": {"datetime": "2024-01-19 01:20:00", "elapsed": 4085.362143, "delta": 0.005334}}
{"target": -17.67705558469759, "params": {"gamma": 832.4648006490671, "log10_alpha": -1.407478797179306, "log10_colsample_bytree": -0.04524901563213224, "log10_eta": -3.153589191764842, "log10_lambda": 0.5800732073685761, "log10_min_child_weight": 3.2104175771980357, "log10_subsample": -0.5959960559323406, "max_depth": 8.0, "num_boost_round": 13.0}, "datetime": {"datetime": "2024-01-19 01:20:00", "elapsed": 4085.368639, "delta": 0.006496}}
{"target": -17.677045181236515, "params": {"gamma": 832.4648006490671, "log10_alpha": -1.407478797179306, "log10_colsample_bytree": -0.04524901563213224, "log10_eta": -3.153589191764842, "log10_lambda": 0.5800732073685761, "log10_min_child_weight": 3.2104175771980357, "log10_subsample": -0.5959960559323406, "max_depth": 8.0, "num_boost_round": 14.0}, "datetime": {"datetime": "2024-01-19 01:20:00", "elapsed": 4085.373915, "delta": 0.005276}}
{"target": -17.677031704158765, "params": {"gamma": 832.4648006490671, "log10_alpha": -1.407478797179306, "log10_colsample_bytree": -0.04524901563213224, "log10_eta": -3.153589191764842, "log10_lambda": 0.5800732073685761, "log10_min_child_weight": 3.2104175771980357, "log10_subsample": -0.5959960559323406, "max_depth": 8.0, "num_boost_round": 15.0}, "datetime": {"datetime": "2024-01-19 01:20:00", "elapsed": 4085.37909, "delta": 0.005175}}
{"target": -17.67701589577603, "params": {"gamma": 832.4648006490671, "log10_alpha": -1.407478797179306, "log10_colsample_bytree": -0.04524901563213224, "log10_eta": -3.153589191764842, "log10_lambda": 0.5800732073685761, "log10_min_child_weight": 3.2104175771980357, "log10_subsample": -0.5959960559323406, "max_depth": 8.0, "num_boost_round": 16.0}, "datetime": {"datetime": "2024-01-19 01:20:00", "elapsed": 4085.384201, "delta": 0.005111}}
{"target": -17.67723224955184, "params": {"gamma": 835.5248684515938, "log10_alpha": -4.331713569699386, "log10_colsample_bytree": -0.046164206969042, "log10_eta": -3.5779472930294913, "log10_lambda": -0.6352557927114875, "log10_min_child_weight": 4.613579263173674, "log10_subsample": -0.11863374662352255, "max_depth": 9.0, "num_boost_round": 0.0}, "datetime": {"datetime": "2024-01-19 01:21:24", "elapsed": 4168.685587, "delta": 83.301386}}
{"target": -17.677233688065723, "params": {"gamma": 835.5248684515938, "log10_alpha": -4.331713569699386, "log10_colsample_bytree": -0.046164206969042, "log10_eta": -3.5779472930294913, "log10_lambda": -0.6352557927114875, "log10_min_child_weight": 4.613579263173674, "log10_subsample": -0.11863374662352255, "max_depth": 9.0, "num_boost_round": 1.0}, "datetime": {"datetime": "2024-01-19 01:21:24", "elapsed": 4168.692129, "delta": 0.006542}}
{"target": -17.67723118189235, "params": {"gamma": 835.5248684515938, "log10_alpha": -4.331713569699386, "log10_colsample_bytree": -0.046164206969042, "log10_eta": -3.5779472930294913, "log10_lambda": -0.6352557927114875, "log10_min_child_weight": 4.613579263173674, "log10_subsample": -0.11863374662352255, "max_depth": 9.0, "num_boost_round": 2.0}, "datetime": {"datetime": "2024-01-19 01:21:24", "elapsed": 4168.69839, "delta": 0.006261}}
{"target": -17.67723077795981, "params": {"gamma": 835.5248684515938, "log10_alpha": -4.331713569699386, "log10_colsample_bytree": -0.046164206969042, "log10_eta": -3.5779472930294913, "log10_lambda": -0.6352557927114875, "log10_min_child_weight": 4.613579263173674, "log10_subsample": -0.11863374662352255, "max_depth": 9.0, "num_boost_round": 3.0}, "datetime": {"datetime": "2024-01-19 01:21:24", "elapsed": 4168.705022, "delta": 0.006632}}
{"target": -17.67722955023493, "params": {"gamma": 835.5248684515938, "log10_alpha": -4.331713569699386, "log10_colsample_bytree": -0.046164206969042, "log10_eta": -3.5779472930294913, "log10_lambda": -0.6352557927114875, "log10_min_child_weight": 4.613579263173674, "log10_subsample": -0.11863374662352255, "max_depth": 9.0, "num_boost_round": 4.0}, "datetime": {"datetime": "2024-01-19 01:21:24", "elapsed": 4168.711402, "delta": 0.00638}}
{"target": -17.677229658002155, "params": {"gamma": 835.5248684515938, "log10_alpha": -4.331713569699386, "log10_colsample_bytree": -0.046164206969042, "log10_eta": -3.5779472930294913, "log10_lambda": -0.6352557927114875, "log10_min_child_weight": 4.613579263173674, "log10_subsample": -0.11863374662352255, "max_depth": 9.0, "num_boost_round": 5.0}, "datetime": {"datetime": "2024-01-19 01:21:24", "elapsed": 4168.717227, "delta": 0.005825}}
{"target": -17.677226856695768, "params": {"gamma": 835.5248684515938, "log10_alpha": -4.331713569699386, "log10_colsample_bytree": -0.046164206969042, "log10_eta": -3.5779472930294913, "log10_lambda": -0.6352557927114875, "log10_min_child_weight": 4.613579263173674, "log10_subsample": -0.11863374662352255, "max_depth": 9.0, "num_boost_round": 6.0}, "datetime": {"datetime": "2024-01-19 01:21:24", "elapsed": 4168.722811, "delta": 0.005584}}
{"target": -17.677227317014456, "params": {"gamma": 835.5248684515938, "log10_alpha": -4.331713569699386, "log10_colsample_bytree": -0.046164206969042, "log10_eta": -3.5779472930294913, "log10_lambda": -0.6352557927114875, "log10_min_child_weight": 4.613579263173674, "log10_subsample": -0.11863374662352255, "max_depth": 9.0, "num_boost_round": 7.0}, "datetime": {"datetime": "2024-01-19 01:21:24", "elapsed": 4168.728525, "delta": 0.005714}}
{"target": -17.67722694886544, "params": {"gamma": 835.5248684515938, "log10_alpha": -4.331713569699386, "log10_colsample_bytree": -0.046164206969042, "log10_eta": -3.5779472930294913, "log10_lambda": -0.6352557927114875, "log10_min_child_weight": 4.613579263173674, "log10_subsample": -0.11863374662352255, "max_depth": 9.0, "num_boost_round": 8.0}, "datetime": {"datetime": "2024-01-19 01:21:24", "elapsed": 4168.734139, "delta": 0.005614}}
{"target": -17.677225576394427, "params": {"gamma": 835.5248684515938, "log10_alpha": -4.331713569699386, "log10_colsample_bytree": -0.046164206969042, "log10_eta": -3.5779472930294913, "log10_lambda": -0.6352557927114875, "log10_min_child_weight": 4.613579263173674, "log10_subsample": -0.11863374662352255, "max_depth": 9.0, "num_boost_round": 9.0}, "datetime": {"datetime": "2024-01-19 01:21:24", "elapsed": 4168.739613, "delta": 0.005474}}
{"target": -17.677222210599588, "params": {"gamma": 835.5248684515938, "log10_alpha": -4.331713569699386, "log10_colsample_bytree": -0.046164206969042, "log10_eta": -3.5779472930294913, "log10_lambda": -0.6352557927114875, "log10_min_child_weight": 4.613579263173674, "log10_subsample": -0.11863374662352255, "max_depth": 9.0, "num_boost_round": 10.0}, "datetime": {"datetime": "2024-01-19 01:21:24", "elapsed": 4168.745252, "delta": 0.005639}}
{"target": -17.677219322199416, "params": {"gamma": 835.5248684515938, "log10_alpha": -4.331713569699386, "log10_colsample_bytree": -0.046164206969042, "log10_eta": -3.5779472930294913, "log10_lambda": -0.6352557927114875, "log10_min_child_weight": 4.613579263173674, "log10_subsample": -0.11863374662352255, "max_depth": 9.0, "num_boost_round": 11.0}, "datetime": {"datetime": "2024-01-19 01:21:24", "elapsed": 4168.751108, "delta": 0.005856}}
{"target": -17.67721625732153, "params": {"gamma": 835.5248684515938, "log10_alpha": -4.331713569699386, "log10_colsample_bytree": -0.046164206969042, "log10_eta": -3.5779472930294913, "log10_lambda": -0.6352557927114875, "log10_min_child_weight": 4.613579263173674, "log10_subsample": -0.11863374662352255, "max_depth": 9.0, "num_boost_round": 12.0}, "datetime": {"datetime": "2024-01-19 01:21:24", "elapsed": 4168.885655, "delta": 0.134547}}
{"target": -17.677211573061747, "params": {"gamma": 835.5248684515938, "log10_alpha": -4.331713569699386, "log10_colsample_bytree": -0.046164206969042, "log10_eta": -3.5779472930294913, "log10_lambda": -0.6352557927114875, "log10_min_child_weight": 4.613579263173674, "log10_subsample": -0.11863374662352255, "max_depth": 9.0, "num_boost_round": 13.0}, "datetime": {"datetime": "2024-01-19 01:21:24", "elapsed": 4168.892219, "delta": 0.006564}}
{"target": -17.67721300038577, "params": {"gamma": 835.5248684515938, "log10_alpha": -4.331713569699386, "log10_colsample_bytree": -0.046164206969042, "log10_eta": -3.5779472930294913, "log10_lambda": -0.6352557927114875, "log10_min_child_weight": 4.613579263173674, "log10_subsample": -0.11863374662352255, "max_depth": 9.0, "num_boost_round": 14.0}, "datetime": {"datetime": "2024-01-19 01:21:24", "elapsed": 4168.898298, "delta": 0.006079}}
{"target": -17.677214386312667, "params": {"gamma": 835.5248684515938, "log10_alpha": -4.331713569699386, "log10_colsample_bytree": -0.046164206969042, "log10_eta": -3.5779472930294913, "log10_lambda": -0.6352557927114875, "log10_min_child_weight": 4.613579263173674, "log10_subsample": -0.11863374662352255, "max_depth": 9.0, "num_boost_round": 15.0}, "datetime": {"datetime": "2024-01-19 01:21:24", "elapsed": 4168.905175, "delta": 0.006877}}
{"target": -17.67721264731216, "params": {"gamma": 835.5248684515938, "log10_alpha": -4.331713569699386, "log10_colsample_bytree": -0.046164206969042, "log10_eta": -3.5779472930294913, "log10_lambda": -0.6352557927114875, "log10_min_child_weight": 4.613579263173674, "log10_subsample": -0.11863374662352255, "max_depth": 9.0, "num_boost_round": 16.0}, "datetime": {"datetime": "2024-01-19 01:21:24", "elapsed": 4168.911474, "delta": 0.006299}}
{"target": -17.67721071359484, "params": {"gamma": 835.5248684515938, "log10_alpha": -4.331713569699386, "log10_colsample_bytree": -0.046164206969042, "log10_eta": -3.5779472930294913, "log10_lambda": -0.6352557927114875, "log10_min_child_weight": 4.613579263173674, "log10_subsample": -0.11863374662352255, "max_depth": 9.0, "num_boost_round": 17.0}, "datetime": {"datetime": "2024-01-19 01:21:24", "elapsed": 4168.917592, "delta": 0.006118}}
{"target": -17.67720832539279, "params": {"gamma": 835.5248684515938, "log10_alpha": -4.331713569699386, "log10_colsample_bytree": -0.046164206969042, "log10_eta": -3.5779472930294913, "log10_lambda": -0.6352557927114875, "log10_min_child_weight": 4.613579263173674, "log10_subsample": -0.11863374662352255, "max_depth": 9.0, "num_boost_round": 18.0}, "datetime": {"datetime": "2024-01-19 01:21:24", "elapsed": 4168.923583, "delta": 0.005991}}
{"target": -17.67720470413749, "params": {"gamma": 835.5248684515938, "log10_alpha": -4.331713569699386, "log10_colsample_bytree": -0.046164206969042, "log10_eta": -3.5779472930294913, "log10_lambda": -0.6352557927114875, "log10_min_child_weight": 4.613579263173674, "log10_subsample": -0.11863374662352255, "max_depth": 9.0, "num_boost_round": 19.0}, "datetime": {"datetime": "2024-01-19 01:21:24", "elapsed": 4168.929579, "delta": 0.005996}}
{"target": -17.67720267164198, "params": {"gamma": 835.5248684515938, "log10_alpha": -4.331713569699386, "log10_colsample_bytree": -0.046164206969042, "log10_eta": -3.5779472930294913, "log10_lambda": -0.6352557927114875, "log10_min_child_weight": 4.613579263173674, "log10_subsample": -0.11863374662352255, "max_depth": 9.0, "num_boost_round": 20.0}, "datetime": {"datetime": "2024-01-19 01:21:24", "elapsed": 4168.935711, "delta": 0.006132}}
{"target": -17.67720130736148, "params": {"gamma": 835.5248684515938, "log10_alpha": -4.331713569699386, "log10_colsample_bytree": -0.046164206969042, "log10_eta": -3.5779472930294913, "log10_lambda": -0.6352557927114875, "log10_min_child_weight": 4.613579263173674, "log10_subsample": -0.11863374662352255, "max_depth": 9.0, "num_boost_round": 21.0}, "datetime": {"datetime": "2024-01-19 01:21:24", "elapsed": 4168.941838, "delta": 0.006127}}
{"target": -17.677195430324765, "params": {"gamma": 835.5248684515938, "log10_alpha": -4.331713569699386, "log10_colsample_bytree": -0.046164206969042, "log10_eta": -3.5779472930294913, "log10_lambda": -0.6352557927114875, "log10_min_child_weight": 4.613579263173674, "log10_subsample": -0.11863374662352255, "max_depth": 9.0, "num_boost_round": 22.0}, "datetime": {"datetime": "2024-01-19 01:21:24", "elapsed": 4168.947963, "delta": 0.006125}}
{"target": -17.677192380343644, "params": {"gamma": 835.5248684515938, "log10_alpha": -4.331713569699386, "log10_colsample_bytree": -0.046164206969042, "log10_eta": -3.5779472930294913, "log10_lambda": -0.6352557927114875, "log10_min_child_weight": 4.613579263173674, "log10_subsample": -0.11863374662352255, "max_depth": 9.0, "num_boost_round": 23.0}, "datetime": {"datetime": "2024-01-19 01:21:24", "elapsed": 4168.953856, "delta": 0.005893}}
{"target": -17.677190114284933, "params": {"gamma": 835.5248684515938, "log10_alpha": -4.331713569699386, "log10_colsample_bytree": -0.046164206969042, "log10_eta": -3.5779472930294913, "log10_lambda": -0.6352557927114875, "log10_min_child_weight": 4.613579263173674, "log10_subsample": -0.11863374662352255, "max_depth": 9.0, "num_boost_round": 24.0}, "datetime": {"datetime": "2024-01-19 01:21:24", "elapsed": 4168.960038, "delta": 0.006182}}
{"target": -17.677191094840772, "params": {"gamma": 835.5248684515938, "log10_alpha": -4.331713569699386, "log10_colsample_bytree": -0.046164206969042, "log10_eta": -3.5779472930294913, "log10_lambda": -0.6352557927114875, "log10_min_child_weight": 4.613579263173674, "log10_subsample": -0.11863374662352255, "max_depth": 9.0, "num_boost_round": 25.0}, "datetime": {"datetime": "2024-01-19 01:21:24", "elapsed": 4168.966237, "delta": 0.006199}}
{"target": -17.67719078566955, "params": {"gamma": 835.5248684515938, "log10_alpha": -4.331713569699386, "log10_colsample_bytree": -0.046164206969042, "log10_eta": -3.5779472930294913, "log10_lambda": -0.6352557927114875, "log10_min_child_weight": 4.613579263173674, "log10_subsample": -0.11863374662352255, "max_depth": 9.0, "num_boost_round": 26.0}, "datetime": {"datetime": "2024-01-19 01:21:24", "elapsed": 4168.972463, "delta": 0.006226}}
{"target": -17.677192304253943, "params": {"gamma": 835.5248684515938, "log10_alpha": -4.331713569699386, "log10_colsample_bytree": -0.046164206969042, "log10_eta": -3.5779472930294913, "log10_lambda": -0.6352557927114875, "log10_min_child_weight": 4.613579263173674, "log10_subsample": -0.11863374662352255, "max_depth": 9.0, "num_boost_round": 27.0}, "datetime": {"datetime": "2024-01-19 01:21:24", "elapsed": 4168.979436, "delta": 0.006973}}
{"target": -17.677227490355566, "params": {"gamma": 842.6321177749637, "log10_alpha": -3.2461170797239784, "log10_colsample_bytree": -0.5419546820766797, "log10_eta": -3.9429301798107064, "log10_lambda": -4.507792470018752, "log10_min_child_weight": 1.3905629918475126, "log10_subsample": -0.5331916736141915, "max_depth": 4.0, "num_boost_round": 0.0}, "datetime": {"datetime": "2024-01-19 01:22:16", "elapsed": 4221.216417, "delta": 52.236981}}
{"target": -17.677221038008316, "params": {"gamma": 842.6321177749637, "log10_alpha": -3.2461170797239784, "log10_colsample_bytree": -0.5419546820766797, "log10_eta": -3.9429301798107064, "log10_lambda": -4.507792470018752, "log10_min_child_weight": 1.3905629918475126, "log10_subsample": -0.5331916736141915, "max_depth": 4.0, "num_boost_round": 1.0}, "datetime": {"datetime": "2024-01-19 01:22:16", "elapsed": 4221.223218, "delta": 0.006801}}
