{"target": -13.75851122626702, "params": {"gamma": 424.20394006814956, "log10_alpha": -1.0502998629540037, "log10_colsample_bytree": -1.0, "log10_eta": -4.0, "log10_lambda": -5.0, "log10_min_child_weight": 0.0, "log10_subsample": 0.0, "max_depth": 2.0, "num_boost_round": 38.0}, "datetime": {"datetime": "2024-01-19 00:54:36", "elapsed": 2579.588015, "delta": 0.003813}}
{"target": -13.758510783205326, "params": {"gamma": 424.20394006814956, "log10_alpha": -1.0502998629540037, "log10_colsample_bytree": -1.0, "log10_eta": -4.0, "log10_lambda": -5.0, "log10_min_child_weight": 0.0, "log10_subsample": 0.0, "max_depth": 2.0, "num_boost_round": 39.0}, "datetime": {"datetime": "2024-01-19 00:54:36", "elapsed": 2579.592227, "delta": 0.004212}}
{"target": -13.758509359051244, "params": {"gamma": 424.20394006814956, "log10_alpha": -1.0502998629540037, "log10_colsample_bytree": -1.0, "log10_eta": -4.0, "log10_lambda": -5.0, "log10_min_child_weight": 0.0, "log10_subsample": 0.0, "max_depth": 2.0, "num_boost_round": 40.0}, "datetime": {"datetime": "2024-01-19 00:54:36", "elapsed": 2579.596158, "delta": 0.003931}}
{"target": -13.75850852223174, "params": {"gamma": 424.20394006814956, "log10_alpha": -1.0502998629540037, "log10_colsample_bytree": -1.0, "log10_eta": -4.0, "log10_lambda": -5.0, "log10_min_child_weight": 0.0, "log10_subsample": 0.0, "max_depth": 2.0, "num_boost_round": 41.0}, "datetime": {"datetime": "2024-01-19 00:54:36", "elapsed": 2579.600105, "delta": 0.003947}}
{"target": -13.758508053888283, "params": {"gamma": 424.20394006814956, "log10_alpha": -1.0502998629540037, "log10_colsample_bytree": -1.0, "log10_eta": -4.0, "log10_lambda": -5.0, "log10_min_child_weight": 0.0, "log10_subsample": 0.0, "max_depth": 2.0, "num_boost_round": 42.0}, "datetime": {"datetime": "2024-01-19 00:54:36", "elapsed": 2579.603957, "delta": 0.003852}}
{"target": -13.758506737117791, "params": {"gamma": 424.20394006814956, "log10_alpha": -1.0502998629540037, "log10_colsample_bytree": -1.0, "log10_eta": -4.0, "log10_lambda": -5.0, "log10_min_child_weight": 0.0, "log10_subsample": 0.0, "max_depth": 2.0, "num_boost_round": 43.0}, "datetime": {"datetime": "2024-01-19 00:54:36", "elapsed": 2579.607829, "delta": 0.003872}}
{"target": -13.758506050247025, "params": {"gamma": 424.20394006814956, "log10_alpha": -1.0502998629540037, "log10_colsample_bytree": -1.0, "log10_eta": -4.0, "log10_lambda": -5.0, "log10_min_child_weight": 0.0, "log10_subsample": 0.0, "max_depth": 2.0, "num_boost_round": 44.0}, "datetime": {"datetime": "2024-01-19 00:54:36", "elapsed": 2579.611768, "delta": 0.003939}}
{"target": -13.758504915254159, "params": {"gamma": 424.20394006814956, "log10_alpha": -1.0502998629540037, "log10_colsample_bytree": -1.0, "log10_eta": -4.0, "log10_lambda": -5.0, "log10_min_child_weight": 0.0, "log10_subsample": 0.0, "max_depth": 2.0, "num_boost_round": 45.0}, "datetime": {"datetime": "2024-01-19 00:54:36", "elapsed": 2579.615584, "delta": 0.003816}}
{"target": -13.75850417930539, "params": {"gamma": 424.20394006814956, "log10_alpha": -1.0502998629540037, "log10_colsample_bytree": -1.0, "log10_eta": -4.0, "log10_lambda": -5.0, "log10_min_child_weight": 0.0, "log10_subsample": 0.0, "max_depth": 2.0, "num_boost_round": 46.0}, "datetime": {"datetime": "2024-01-19 00:54:36", "elapsed": 2579.619486, "delta": 0.003902}}
{"target": -13.758503409883732, "params": {"gamma": 424.20394006814956, "log10_alpha": -1.0502998629540037, "log10_colsample_bytree": -1.0, "log10_eta": -4.0, "log10_lambda": -5.0, "log10_min_child_weight": 0.0, "log10_subsample": 0.0, "max_depth": 2.0, "num_boost_round": 47.0}, "datetime": {"datetime": "2024-01-19 00:54:36", "elapsed": 2579.623367, "delta": 0.003881}}
{"target": -13.758503179660961, "params": {"gamma": 424.20394006814956, "log10_alpha": -1.0502998629540037, "log10_colsample_bytree": -1.0, "log10_eta": -4.0, "log10_lambda": -5.0, "log10_min_child_weight": 0.0, "log10_subsample": 0.0, "max_depth": 2.0, "num_boost_round": 48.0}, "datetime": {"datetime": "2024-01-19 00:54:36", "elapsed": 2579.627247, "delta": 0.00388}}
{"target": -13.758502657304522, "params": {"gamma": 424.20394006814956, "log10_alpha": -1.0502998629540037, "log10_colsample_bytree": -1.0, "log10_eta": -4.0, "log10_lambda": -5.0, "log10_min_child_weight": 0.0, "log10_subsample": 0.0, "max_depth": 2.0, "num_boost_round": 49.0}, "datetime": {"datetime": "2024-01-19 00:54:36", "elapsed": 2579.63111, "delta": 0.003863}}
{"target": -13.758502971181, "params": {"gamma": 424.20394006814956, "log10_alpha": -1.0502998629540037, "log10_colsample_bytree": -1.0, "log10_eta": -4.0, "log10_lambda": -5.0, "log10_min_child_weight": 0.0, "log10_subsample": 0.0, "max_depth": 2.0, "num_boost_round": 50.0}, "datetime": {"datetime": "2024-01-19 00:54:36", "elapsed": 2579.634989, "delta": 0.003879}}
{"target": -13.75850291443213, "params": {"gamma": 424.20394006814956, "log10_alpha": -1.0502998629540037, "log10_colsample_bytree": -1.0, "log10_eta": -4.0, "log10_lambda": -5.0, "log10_min_child_weight": 0.0, "log10_subsample": 0.0, "max_depth": 2.0, "num_boost_round": 51.0}, "datetime": {"datetime": "2024-01-19 00:54:36", "elapsed": 2579.638957, "delta": 0.003968}}
{"target": -13.758501216168543, "params": {"gamma": 424.20394006814956, "log10_alpha": -1.0502998629540037, "log10_colsample_bytree": -1.0, "log10_eta": -4.0, "log10_lambda": -5.0, "log10_min_child_weight": 0.0, "log10_subsample": 0.0, "max_depth": 2.0, "num_boost_round": 52.0}, "datetime": {"datetime": "2024-01-19 00:54:36", "elapsed": 2579.642841, "delta": 0.003884}}
{"target": -13.758500177083176, "params": {"gamma": 424.20394006814956, "log10_alpha": -1.0502998629540037, "log10_colsample_bytree": -1.0, "log10_eta": -4.0, "log10_lambda": -5.0, "log10_min_child_weight": 0.0, "log10_subsample": 0.0, "max_depth": 2.0, "num_boost_round": 53.0}, "datetime": {"datetime": "2024-01-19 00:54:36", "elapsed": 2579.646722, "delta": 0.003881}}
{"target": -13.758498673210044, "params": {"gamma": 424.20394006814956, "log10_alpha": -1.0502998629540037, "log10_colsample_bytree": -1.0, "log10_eta": -4.0, "log10_lambda": -5.0, "log10_min_child_weight": 0.0, "log10_subsample": 0.0, "max_depth": 2.0, "num_boost_round": 54.0}, "datetime": {"datetime": "2024-01-19 00:54:36", "elapsed": 2579.650897, "delta": 0.004175}}
{"target": -13.758497808348293, "params": {"gamma": 424.20394006814956, "log10_alpha": -1.0502998629540037, "log10_colsample_bytree": -1.0, "log10_eta": -4.0, "log10_lambda": -5.0, "log10_min_child_weight": 0.0, "log10_subsample": 0.0, "max_depth": 2.0, "num_boost_round": 55.0}, "datetime": {"datetime": "2024-01-19 00:54:36", "elapsed": 2579.654798, "delta": 0.003901}}
{"target": -13.758497729732428, "params": {"gamma": 424.20394006814956, "log10_alpha": -1.0502998629540037, "log10_colsample_bytree": -1.0, "log10_eta": -4.0, "log10_lambda": -5.0, "log10_min_child_weight": 0.0, "log10_subsample": 0.0, "max_depth": 2.0, "num_boost_round": 56.0}, "datetime": {"datetime": "2024-01-19 00:54:36", "elapsed": 2579.658683, "delta": 0.003885}}
{"target": -13.758495945303537, "params": {"gamma": 424.20394006814956, "log10_alpha": -1.0502998629540037, "log10_colsample_bytree": -1.0, "log10_eta": -4.0, "log10_lambda": -5.0, "log10_min_child_weight": 0.0, "log10_subsample": 0.0, "max_depth": 2.0, "num_boost_round": 57.0}, "datetime": {"datetime": "2024-01-19 00:54:36", "elapsed": 2579.662577, "delta": 0.003894}}
{"target": -13.758496308575594, "params": {"gamma": 424.20394006814956, "log10_alpha": -1.0502998629540037, "log10_colsample_bytree": -1.0, "log10_eta": -4.0, "log10_lambda": -5.0, "log10_min_child_weight": 0.0, "log10_subsample": 0.0, "max_depth": 2.0, "num_boost_round": 58.0}, "datetime": {"datetime": "2024-01-19 00:54:36", "elapsed": 2579.666823, "delta": 0.004246}}
{"target": -13.758495056270569, "params": {"gamma": 424.20394006814956, "log10_alpha": -1.0502998629540037, "log10_colsample_bytree": -1.0, "log10_eta": -4.0, "log10_lambda": -5.0, "log10_min_child_weight": 0.0, "log10_subsample": 0.0, "max_depth": 2.0, "num_boost_round": 59.0}, "datetime": {"datetime": "2024-01-19 00:54:36", "elapsed": 2579.670788, "delta": 0.003965}}
{"target": -13.758494784479781, "params": {"gamma": 424.20394006814956, "log10_alpha": -1.0502998629540037, "log10_colsample_bytree": -1.0, "log10_eta": -4.0, "log10_lambda": -5.0, "log10_min_child_weight": 0.0, "log10_subsample": 0.0, "max_depth": 2.0, "num_boost_round": 60.0}, "datetime": {"datetime": "2024-01-19 00:54:36", "elapsed": 2579.674788, "delta": 0.004}}
{"target": -13.75849327914039, "params": {"gamma": 424.20394006814956, "log10_alpha": -1.0502998629540037, "log10_colsample_bytree": -1.0, "log10_eta": -4.0, "log10_lambda": -5.0, "log10_min_child_weight": 0.0, "log10_subsample": 0.0, "max_depth": 2.0, "num_boost_round": 61.0}, "datetime": {"datetime": "2024-01-19 00:54:36", "elapsed": 2579.67874, "delta": 0.003952}}
{"target": -13.758492792259432, "params": {"gamma": 424.20394006814956, "log10_alpha": -1.0502998629540037, "log10_colsample_bytree": -1.0, "log10_eta": -4.0, "log10_lambda": -5.0, "log10_min_child_weight": 0.0, "log10_subsample": 0.0, "max_depth": 2.0, "num_boost_round": 62.0}, "datetime": {"datetime": "2024-01-19 00:54:36", "elapsed": 2579.682616, "delta": 0.003876}}
{"target": -13.758492771502791, "params": {"gamma": 424.20394006814956, "log10_alpha": -1.0502998629540037, "log10_colsample_bytree": -1.0, "log10_eta": -4.0, "log10_lambda": -5.0, "log10_min_child_weight": 0.0, "log10_subsample": 0.0, "max_depth": 2.0, "num_boost_round": 63.0}, "datetime": {"datetime": "2024-01-19 00:54:36", "elapsed": 2579.686571, "delta": 0.003955}}
{"target": -13.75849183834427, "params": {"gamma": 424.20394006814956, "log10_alpha": -1.0502998629540037, "log10_colsample_bytree": -1.0, "log10_eta": -4.0, "log10_lambda": -5.0, "log10_min_child_weight": 0.0, "log10_subsample": 0.0, "max_depth": 2.0, "num_boost_round": 64.0}, "datetime": {"datetime": "2024-01-19 00:54:36", "elapsed": 2579.690504, "delta": 0.003933}}
{"target": -13.758491198975488, "params": {"gamma": 424.20394006814956, "log10_alpha": -1.0502998629540037, "log10_colsample_bytree": -1.0, "log10_eta": -4.0, "log10_lambda": -5.0, "log10_min_child_weight": 0.0, "log10_subsample": 0.0, "max_depth": 2.0, "num_boost_round": 65.0}, "datetime": {"datetime": "2024-01-19 00:54:36", "elapsed": 2579.694487, "delta": 0.003983}}
{"target": -13.758491365283772, "params": {"gamma": 424.20394006814956, "log10_alpha": -1.0502998629540037, "log10_colsample_bytree": -1.0, "log10_eta": -4.0, "log10_lambda": -5.0, "log10_min_child_weight": 0.0, "log10_subsample": 0.0, "max_depth": 2.0, "num_boost_round": 66.0}, "datetime": {"datetime": "2024-01-19 00:54:36", "elapsed": 2579.698462, "delta": 0.003975}}
{"target": -13.758489254386484, "params": {"gamma": 424.20394006814956, "log10_alpha": -1.0502998629540037, "log10_colsample_bytree": -1.0, "log10_eta": -4.0, "log10_lambda": -5.0, "log10_min_child_weight": 0.0, "log10_subsample": 0.0, "max_depth": 2.0, "num_boost_round": 67.0}, "datetime": {"datetime": "2024-01-19 00:54:36", "elapsed": 2579.702346, "delta": 0.003884}}
{"target": -13.758489204342421, "params": {"gamma": 424.20394006814956, "log10_alpha": -1.0502998629540037, "log10_colsample_bytree": -1.0, "log10_eta": -4.0, "log10_lambda": -5.0, "log10_min_child_weight": 0.0, "log10_subsample": 0.0, "max_depth": 2.0, "num_boost_round": 68.0}, "datetime": {"datetime": "2024-01-19 00:54:36", "elapsed": 2579.706243, "delta": 0.003897}}
{"target": -13.758488479776092, "params": {"gamma": 424.20394006814956, "log10_alpha": -1.0502998629540037, "log10_colsample_bytree": -1.0, "log10_eta": -4.0, "log10_lambda": -5.0, "log10_min_child_weight": 0.0, "log10_subsample": 0.0, "max_depth": 2.0, "num_boost_round": 69.0}, "datetime": {"datetime": "2024-01-19 00:54:36", "elapsed": 2579.710213, "delta": 0.00397}}
{"target": -13.758488175868898, "params": {"gamma": 424.20394006814956, "log10_alpha": -1.0502998629540037, "log10_colsample_bytree": -1.0, "log10_eta": -4.0, "log10_lambda": -5.0, "log10_min_child_weight": 0.0, "log10_subsample": 0.0, "max_depth": 2.0, "num_boost_round": 70.0}, "datetime": {"datetime": "2024-01-19 00:54:36", "elapsed": 2579.714109, "delta": 0.003896}}
{"target": -13.758488072868795, "params": {"gamma": 424.20394006814956, "log10_alpha": -1.0502998629540037, "log10_colsample_bytree": -1.0, "log10_eta": -4.0, "log10_lambda": -5.0, "log10_min_child_weight": 0.0, "log10_subsample": 0.0, "max_depth": 2.0, "num_boost_round": 71.0}, "datetime": {"datetime": "2024-01-19 00:54:36", "elapsed": 2579.718005, "delta": 0.003896}}
{"target": -13.758486711740899, "params": {"gamma": 424.20394006814956, "log10_alpha": -1.0502998629540037, "log10_colsample_bytree": -1.0, "log10_eta": -4.0, "log10_lambda": -5.0, "log10_min_child_weight": 0.0, "log10_subsample": 0.0, "max_depth": 2.0, "num_boost_round": 72.0}, "datetime": {"datetime": "2024-01-19 00:54:36", "elapsed": 2579.721979, "delta": 0.003974}}
{"target": -13.758486228935332, "params": {"gamma": 424.20394006814956, "log10_alpha": -1.0502998629540037, "log10_colsample_bytree": -1.0, "log10_eta": -4.0, "log10_lambda": -5.0, "log10_min_child_weight": 0.0, "log10_subsample": 0.0, "max_depth": 2.0, "num_boost_round": 73.0}, "datetime": {"datetime": "2024-01-19 00:54:36", "elapsed": 2579.725885, "delta": 0.003906}}
{"target": -13.75848631541532, "params": {"gamma": 424.20394006814956, "log10_alpha": -1.0502998629540037, "log10_colsample_bytree": -1.0, "log10_eta": -4.0, "log10_lambda": -5.0, "log10_min_child_weight": 0.0, "log10_subsample": 0.0, "max_depth": 2.0, "num_boost_round": 74.0}, "datetime": {"datetime": "2024-01-19 00:54:36", "elapsed": 2579.729809, "delta": 0.003924}}
{"target": -13.758486472591049, "params": {"gamma": 424.20394006814956, "log10_alpha": -1.0502998629540037, "log10_colsample_bytree": -1.0, "log10_eta": -4.0, "log10_lambda": -5.0, "log10_min_child_weight": 0.0, "log10_subsample": 0.0, "max_depth": 2.0, "num_boost_round": 75.0}, "datetime": {"datetime": "2024-01-19 00:54:36", "elapsed": 2579.734085, "delta": 0.004276}}
{"target": -13.758485623932955, "params": {"gamma": 424.20394006814956, "log10_alpha": -1.0502998629540037, "log10_colsample_bytree": -1.0, "log10_eta": -4.0, "log10_lambda": -5.0, "log10_min_child_weight": 0.0, "log10_subsample": 0.0, "max_depth": 2.0, "num_boost_round": 76.0}, "datetime": {"datetime": "2024-01-19 00:54:36", "elapsed": 2579.738122, "delta": 0.004037}}
{"target": -13.758485426829978, "params": {"gamma": 424.20394006814956, "log10_alpha": -1.0502998629540037, "log10_colsample_bytree": -1.0, "log10_eta": -4.0, "log10_lambda": -5.0, "log10_min_child_weight": 0.0, "log10_subsample": 0.0, "max_depth": 2.0, "num_boost_round": 77.0}, "datetime": {"datetime": "2024-01-19 00:54:36", "elapsed": 2579.742095, "delta": 0.003973}}
{"target": -13.758485125869969, "params": {"gamma": 424.20394006814956, "log10_alpha": -1.0502998629540037, "log10_colsample_bytree": -1.0, "log10_eta": -4.0, "log10_lambda": -5.0, "log10_min_child_weight": 0.0, "log10_subsample": 0.0, "max_depth": 2.0, "num_boost_round": 78.0}, "datetime": {"datetime": "2024-01-19 00:54:36", "elapsed": 2579.826597, "delta": 0.084502}}
{"target": -13.758484684453363, "params": {"gamma": 424.20394006814956, "log10_alpha": -1.0502998629540037, "log10_colsample_bytree": -1.0, "log10_eta": -4.0, "log10_lambda": -5.0, "log10_min_child_weight": 0.0, "log10_subsample": 0.0, "max_depth": 2.0, "num_boost_round": 79.0}, "datetime": {"datetime": "2024-01-19 00:54:36", "elapsed": 2579.830937, "delta": 0.00434}}
{"target": -13.758485061330928, "params": {"gamma": 424.20394006814956, "log10_alpha": -1.0502998629540037, "log10_colsample_bytree": -1.0, "log10_eta": -4.0, "log10_lambda": -5.0, "log10_min_child_weight": 0.0, "log10_subsample": 0.0, "max_depth": 2.0, "num_boost_round": 80.0}, "datetime": {"datetime": "2024-01-19 00:54:36", "elapsed": 2579.835017, "delta": 0.00408}}
{"target": -13.758483467343504, "params": {"gamma": 424.20394006814956, "log10_alpha": -1.0502998629540037, "log10_colsample_bytree": -1.0, "log10_eta": -4.0, "log10_lambda": -5.0, "log10_min_child_weight": 0.0, "log10_subsample": 0.0, "max_depth": 2.0, "num_boost_round": 81.0}, "datetime": {"datetime": "2024-01-19 00:54:36", "elapsed": 2579.839108, "delta": 0.004091}}
{"target": -13.7584820305279, "params": {"gamma": 424.20394006814956, "log10_alpha": -1.0502998629540037, "log10_colsample_bytree": -1.0, "log10_eta": -4.0, "log10_lambda": -5.0, "log10_min_child_weight": 0.0, "log10_subsample": 0.0, "max_depth": 2.0, "num_boost_round": 82.0}, "datetime": {"datetime": "2024-01-19 00:54:36", "elapsed": 2579.843095, "delta": 0.003987}}
{"target": -13.75853255509497, "params": {"gamma": 418.6061616439972, "log10_alpha": -5.0, "log10_colsample_bytree": -1.0, "log10_eta": -4.0, "log10_lambda": -5.0, "log10_min_child_weight": 0.0, "log10_subsample": 0.0, "max_depth": 10.0, "num_boost_round": 0.0}, "datetime": {"datetime": "2024-01-19 00:56:28", "elapsed": 2691.596828, "delta": 111.753733}}
{"target": -13.758539749478423, "params": {"gamma": 418.6061616439972, "log10_alpha": -5.0, "log10_colsample_bytree": -1.0, "log10_eta": -4.0, "log10_lambda": -5.0, "log10_min_child_weight": 0.0, "log10_subsample": 0.0, "max_depth": 10.0, "num_boost_round": 1.0}, "datetime": {"datetime": "2024-01-19 00:56:28", "elapsed": 2691.600991, "delta": 0.004163}}
{"target": -13.758542269214166, "params": {"gamma": 418.6061616439972, "log10_alpha": -5.0, "log10_colsample_bytree": -1.0, "log10_eta": -4.0, "log10_lambda": -5.0, "log10_min_child_weight": 0.0, "log10_subsample": 0.0, "max_depth": 10.0, "num_boost_round": 2.0}, "datetime": {"datetime": "2024-01-19 00:56:28", "elapsed": 2691.604999, "delta": 0.004008}}
{"target": -13.758541712170054, "params": {"gamma": 418.6061616439972, "log10_alpha": -5.0, "log10_colsample_bytree": -1.0, "log10_eta": -4.0, "log10_lambda": -5.0, "log10_min_child_weight": 0.0, "log10_subsample": 0.0, "max_depth": 10.0, "num_boost_round": 3.0}, "datetime": {"datetime": "2024-01-19 00:56:28", "elapsed": 2691.608984, "delta": 0.003985}}
{"target": -13.75853446444142, "params": {"gamma": 418.6061616439972, "log10_alpha": -5.0, "log10_colsample_bytree": -1.0, "log10_eta": -4.0, "log10_lambda": -5.0, "log10_min_child_weight": 0.0, "log10_subsample": 0.0, "max_depth": 10.0, "num_boost_round": 4.0}, "datetime": {"datetime": "2024-01-19 00:56:28", "elapsed": 2691.61294, "delta": 0.003956}}
{"target": -13.758534719685686, "params": {"gamma": 418.6061616439972, "log10_alpha": -5.0, "log10_colsample_bytree": -1.0, "log10_eta": -4.0, "log10_lambda": -5.0, "log10_min_child_weight": 0.0, "log10_subsample": 0.0, "max_depth": 10.0, "num_boost_round": 5.0}, "datetime": {"datetime": "2024-01-19 00:56:28", "elapsed": 2691.616878, "delta": 0.003938}}
{"target": -13.758534389905583, "params": {"gamma": 418.6061616439972, "log10_alpha": -5.0, "log10_colsample_bytree": -1.0, "log10_eta": -4.0, "log10_lambda": -5.0, "log10_min_child_weight": 0.0, "log10_subsample": 0.0, "max_depth": 10.0, "num_boost_round": 6.0}, "datetime": {"datetime": "2024-01-19 00:56:28", "elapsed": 2691.620849, "delta": 0.003971}}
{"target": -13.758533169643202, "params": {"gamma": 418.6061616439972, "log10_alpha": -5.0, "log10_colsample_bytree": -1.0, "log10_eta": -4.0, "log10_lambda": -5.0, "log10_min_child_weight": 0.0, "log10_subsample": 0.0, "max_depth": 10.0, "num_boost_round": 7.0}, "datetime": {"datetime": "2024-01-19 00:56:28", "elapsed": 2691.624797, "delta": 0.003948}}
{"target": -13.758534468849032, "params": {"gamma": 418.6061616439972, "log10_alpha": -5.0, "log10_colsample_bytree": -1.0, "log10_eta": -4.0, "log10_lambda": -5.0, "log10_min_child_weight": 0.0, "log10_subsample": 0.0, "max_depth": 10.0, "num_boost_round": 8.0}, "datetime": {"datetime": "2024-01-19 00:56:28", "elapsed": 2691.628756, "delta": 0.003959}}
{"target": -13.758532518847748, "params": {"gamma": 418.6061616439972, "log10_alpha": -5.0, "log10_colsample_bytree": -1.0, "log10_eta": -4.0, "log10_lambda": -5.0, "log10_min_child_weight": 0.0, "log10_subsample": 0.0, "max_depth": 10.0, "num_boost_round": 9.0}, "datetime": {"datetime": "2024-01-19 00:56:28", "elapsed": 2691.632765, "delta": 0.004009}}
{"target": -13.758529926278088, "params": {"gamma": 418.6061616439972, "log10_alpha": -5.0, "log10_colsample_bytree": -1.0, "log10_eta": -4.0, "log10_lambda": -5.0, "log10_min_child_weight": 0.0, "log10_subsample": 0.0, "max_depth": 10.0, "num_boost_round": 10.0}, "datetime": {"datetime": "2024-01-19 00:56:28", "elapsed": 2691.63701, "delta": 0.004245}}
{"target": -13.758532137763229, "params": {"gamma": 418.6061616439972, "log10_alpha": -5.0, "log10_colsample_bytree": -1.0, "log10_eta": -4.0, "log10_lambda": -5.0, "log10_min_child_weight": 0.0, "log10_subsample": 0.0, "max_depth": 10.0, "num_boost_round": 11.0}, "datetime": {"datetime": "2024-01-19 00:56:28", "elapsed": 2691.641049, "delta": 0.004039}}
{"target": -13.758527216182104, "params": {"gamma": 418.6061616439972, "log10_alpha": -5.0, "log10_colsample_bytree": -1.0, "log10_eta": -4.0, "log10_lambda": -5.0, "log10_min_child_weight": 0.0, "log10_subsample": 0.0, "max_depth": 10.0, "num_boost_round": 12.0}, "datetime": {"datetime": "2024-01-19 00:56:28", "elapsed": 2691.645098, "delta": 0.004049}}
{"target": -13.758524143532199, "params": {"gamma": 418.6061616439972, "log10_alpha": -5.0, "log10_colsample_bytree": -1.0, "log10_eta": -4.0, "log10_lambda": -5.0, "log10_min_child_weight": 0.0, "log10_subsample": 0.0, "max_depth": 10.0, "num_boost_round": 13.0}, "datetime": {"datetime": "2024-01-19 00:56:28", "elapsed": 2691.649116, "delta": 0.004018}}
