{"target": -17.677127939533197, "params": {"gamma": 868.5599766575522, "log10_alpha": -0.47853841632411154, "log10_colsample_bytree": -0.9148326974419049, "log10_eta": -2.8329787604742447, "log10_lambda": 0.2656370600373208, "log10_min_child_weight": 4.189877459796372, "log10_subsample": -0.05506815352366434, "max_depth": 9.0, "num_boost_round": 4.0}, "datetime": {"datetime": "2024-01-19 01:27:27", "elapsed": 4528.542381, "delta": 0.005378}}
{"target": -17.67712712565442, "params": {"gamma": 868.5599766575522, "log10_alpha": -0.47853841632411154, "log10_colsample_bytree": -0.9148326974419049, "log10_eta": -2.8329787604742447, "log10_lambda": 0.2656370600373208, "log10_min_child_weight": 4.189877459796372, "log10_subsample": -0.05506815352366434, "max_depth": 9.0, "num_boost_round": 5.0}, "datetime": {"datetime": "2024-01-19 01:27:27", "elapsed": 4528.547385, "delta": 0.005004}}
{"target": -17.67713412936441, "params": {"gamma": 868.5599766575522, "log10_alpha": -0.47853841632411154, "log10_colsample_bytree": -0.9148326974419049, "log10_eta": -2.8329787604742447, "log10_lambda": 0.2656370600373208, "log10_min_child_weight": 4.189877459796372, "log10_subsample": -0.05506815352366434, "max_depth": 9.0, "num_boost_round": 6.0}, "datetime": {"datetime": "2024-01-19 01:27:27", "elapsed": 4528.552227, "delta": 0.004842}}
{"target": -17.677099055432514, "params": {"gamma": 868.5599766575522, "log10_alpha": -0.47853841632411154, "log10_colsample_bytree": -0.9148326974419049, "log10_eta": -2.8329787604742447, "log10_lambda": 0.2656370600373208, "log10_min_child_weight": 4.189877459796372, "log10_subsample": -0.05506815352366434, "max_depth": 9.0, "num_boost_round": 7.0}, "datetime": {"datetime": "2024-01-19 01:27:27", "elapsed": 4528.557035, "delta": 0.004808}}
{"target": -17.677095393310967, "params": {"gamma": 868.5599766575522, "log10_alpha": -0.47853841632411154, "log10_colsample_bytree": -0.9148326974419049, "log10_eta": -2.8329787604742447, "log10_lambda": 0.2656370600373208, "log10_min_child_weight": 4.189877459796372, "log10_subsample": -0.05506815352366434, "max_depth": 9.0, "num_boost_round": 8.0}, "datetime": {"datetime": "2024-01-19 01:27:27", "elapsed": 4528.561818, "delta": 0.004783}}
{"target": -17.677100552659393, "params": {"gamma": 868.5599766575522, "log10_alpha": -0.47853841632411154, "log10_colsample_bytree": -0.9148326974419049, "log10_eta": -2.8329787604742447, "log10_lambda": 0.2656370600373208, "log10_min_child_weight": 4.189877459796372, "log10_subsample": -0.05506815352366434, "max_depth": 9.0, "num_boost_round": 9.0}, "datetime": {"datetime": "2024-01-19 01:27:27", "elapsed": 4528.566637, "delta": 0.004819}}
{"target": -17.67712756317173, "params": {"gamma": 868.5599766575522, "log10_alpha": -0.47853841632411154, "log10_colsample_bytree": -0.9148326974419049, "log10_eta": -2.8329787604742447, "log10_lambda": 0.2656370600373208, "log10_min_child_weight": 4.189877459796372, "log10_subsample": -0.05506815352366434, "max_depth": 9.0, "num_boost_round": 10.0}, "datetime": {"datetime": "2024-01-19 01:27:27", "elapsed": 4528.571426, "delta": 0.004789}}
{"target": -17.677133797028354, "params": {"gamma": 868.5599766575522, "log10_alpha": -0.47853841632411154, "log10_colsample_bytree": -0.9148326974419049, "log10_eta": -2.8329787604742447, "log10_lambda": 0.2656370600373208, "log10_min_child_weight": 4.189877459796372, "log10_subsample": -0.05506815352366434, "max_depth": 9.0, "num_boost_round": 11.0}, "datetime": {"datetime": "2024-01-19 01:27:27", "elapsed": 4528.576205, "delta": 0.004779}}
{"target": -17.677097914773313, "params": {"gamma": 868.5599766575522, "log10_alpha": -0.47853841632411154, "log10_colsample_bytree": -0.9148326974419049, "log10_eta": -2.8329787604742447, "log10_lambda": 0.2656370600373208, "log10_min_child_weight": 4.189877459796372, "log10_subsample": -0.05506815352366434, "max_depth": 9.0, "num_boost_round": 12.0}, "datetime": {"datetime": "2024-01-19 01:27:27", "elapsed": 4528.581093, "delta": 0.004888}}
{"target": -17.677072111102003, "params": {"gamma": 868.5599766575522, "log10_alpha": -0.47853841632411154, "log10_colsample_bytree": -0.9148326974419049, "log10_eta": -2.8329787604742447, "log10_lambda": 0.2656370600373208, "log10_min_child_weight": 4.189877459796372, "log10_subsample": -0.05506815352366434, "max_depth": 9.0, "num_boost_round": 13.0}, "datetime": {"datetime": "2024-01-19 01:27:27", "elapsed": 4528.585928, "delta": 0.004835}}
{"target": -17.677044993098885, "params": {"gamma": 868.5599766575522, "log10_alpha": -0.47853841632411154, "log10_colsample_bytree": -0.9148326974419049, "log10_eta": -2.8329787604742447, "log10_lambda": 0.2656370600373208, "log10_min_child_weight": 4.189877459796372, "log10_subsample": -0.05506815352366434, "max_depth": 9.0, "num_boost_round": 14.0}, "datetime": {"datetime": "2024-01-19 01:27:27", "elapsed": 4528.590578, "delta": 0.00465}}
{"target": -17.677013795265296, "params": {"gamma": 868.5599766575522, "log10_alpha": -0.47853841632411154, "log10_colsample_bytree": -0.9148326974419049, "log10_eta": -2.8329787604742447, "log10_lambda": 0.2656370600373208, "log10_min_child_weight": 4.189877459796372, "log10_subsample": -0.05506815352366434, "max_depth": 9.0, "num_boost_round": 15.0}, "datetime": {"datetime": "2024-01-19 01:27:27", "elapsed": 4528.595261, "delta": 0.004683}}
{"target": -17.67702801307263, "params": {"gamma": 868.5599766575522, "log10_alpha": -0.47853841632411154, "log10_colsample_bytree": -0.9148326974419049, "log10_eta": -2.8329787604742447, "log10_lambda": 0.2656370600373208, "log10_min_child_weight": 4.189877459796372, "log10_subsample": -0.05506815352366434, "max_depth": 9.0, "num_boost_round": 16.0}, "datetime": {"datetime": "2024-01-19 01:27:27", "elapsed": 4528.600305, "delta": 0.005044}}
{"target": -17.677005271666058, "params": {"gamma": 868.5599766575522, "log10_alpha": -0.47853841632411154, "log10_colsample_bytree": -0.9148326974419049, "log10_eta": -2.8329787604742447, "log10_lambda": 0.2656370600373208, "log10_min_child_weight": 4.189877459796372, "log10_subsample": -0.05506815352366434, "max_depth": 9.0, "num_boost_round": 17.0}, "datetime": {"datetime": "2024-01-19 01:27:27", "elapsed": 4528.605139, "delta": 0.004834}}
{"target": -17.676971926947857, "params": {"gamma": 868.5599766575522, "log10_alpha": -0.47853841632411154, "log10_colsample_bytree": -0.9148326974419049, "log10_eta": -2.8329787604742447, "log10_lambda": 0.2656370600373208, "log10_min_child_weight": 4.189877459796372, "log10_subsample": -0.05506815352366434, "max_depth": 9.0, "num_boost_round": 18.0}, "datetime": {"datetime": "2024-01-19 01:27:27", "elapsed": 4528.609752, "delta": 0.004613}}
{"target": -17.676930649455898, "params": {"gamma": 868.5599766575522, "log10_alpha": -0.47853841632411154, "log10_colsample_bytree": -0.9148326974419049, "log10_eta": -2.8329787604742447, "log10_lambda": 0.2656370600373208, "log10_min_child_weight": 4.189877459796372, "log10_subsample": -0.05506815352366434, "max_depth": 9.0, "num_boost_round": 19.0}, "datetime": {"datetime": "2024-01-19 01:27:27", "elapsed": 4528.614608, "delta": 0.004856}}
{"target": -17.676891293945737, "params": {"gamma": 868.5599766575522, "log10_alpha": -0.47853841632411154, "log10_colsample_bytree": -0.9148326974419049, "log10_eta": -2.8329787604742447, "log10_lambda": 0.2656370600373208, "log10_min_child_weight": 4.189877459796372, "log10_subsample": -0.05506815352366434, "max_depth": 9.0, "num_boost_round": 20.0}, "datetime": {"datetime": "2024-01-19 01:27:27", "elapsed": 4528.619435, "delta": 0.004827}}
{"target": -17.67687320067421, "params": {"gamma": 868.5599766575522, "log10_alpha": -0.47853841632411154, "log10_colsample_bytree": -0.9148326974419049, "log10_eta": -2.8329787604742447, "log10_lambda": 0.2656370600373208, "log10_min_child_weight": 4.189877459796372, "log10_subsample": -0.05506815352366434, "max_depth": 9.0, "num_boost_round": 21.0}, "datetime": {"datetime": "2024-01-19 01:27:27", "elapsed": 4528.624357, "delta": 0.004922}}
{"target": -17.676288053142372, "params": {"gamma": 863.5935593652061, "log10_alpha": -2.4823489597329687, "log10_colsample_bytree": -0.27239318121976885, "log10_eta": -1.425572035849647, "log10_lambda": -3.792339596687068, "log10_min_child_weight": 2.283372074816729, "log10_subsample": -0.876772275136583, "max_depth": 7.0, "num_boost_round": 0.0}, "datetime": {"datetime": "2024-01-19 01:28:26", "elapsed": 4586.975059, "delta": 58.350702}}
{"target": -17.6742856937828, "params": {"gamma": 863.5935593652061, "log10_alpha": -2.4823489597329687, "log10_colsample_bytree": -0.27239318121976885, "log10_eta": -1.425572035849647, "log10_lambda": -3.792339596687068, "log10_min_child_weight": 2.283372074816729, "log10_subsample": -0.876772275136583, "max_depth": 7.0, "num_boost_round": 1.0}, "datetime": {"datetime": "2024-01-19 01:28:26", "elapsed": 4586.980618, "delta": 0.005559}}
{"target": -17.674503535730604, "params": {"gamma": 863.5935593652061, "log10_alpha": -2.4823489597329687, "log10_colsample_bytree": -0.27239318121976885, "log10_eta": -1.425572035849647, "log10_lambda": -3.792339596687068, "log10_min_child_weight": 2.283372074816729, "log10_subsample": -0.876772275136583, "max_depth": 7.0, "num_boost_round": 2.0}, "datetime": {"datetime": "2024-01-19 01:28:26", "elapsed": 4586.98532, "delta": 0.004702}}
{"target": -17.675813222620175, "params": {"gamma": 863.5935593652061, "log10_alpha": -2.4823489597329687, "log10_colsample_bytree": -0.27239318121976885, "log10_eta": -1.425572035849647, "log10_lambda": -3.792339596687068, "log10_min_child_weight": 2.283372074816729, "log10_subsample": -0.876772275136583, "max_depth": 7.0, "num_boost_round": 3.0}, "datetime": {"datetime": "2024-01-19 01:28:26", "elapsed": 4586.990056, "delta": 0.004736}}
{"target": -17.67479347730383, "params": {"gamma": 863.5935593652061, "log10_alpha": -2.4823489597329687, "log10_colsample_bytree": -0.27239318121976885, "log10_eta": -1.425572035849647, "log10_lambda": -3.792339596687068, "log10_min_child_weight": 2.283372074816729, "log10_subsample": -0.876772275136583, "max_depth": 7.0, "num_boost_round": 4.0}, "datetime": {"datetime": "2024-01-19 01:28:26", "elapsed": 4586.994903, "delta": 0.004847}}
{"target": -17.67422841885567, "params": {"gamma": 863.5935593652061, "log10_alpha": -2.4823489597329687, "log10_colsample_bytree": -0.27239318121976885, "log10_eta": -1.425572035849647, "log10_lambda": -3.792339596687068, "log10_min_child_weight": 2.283372074816729, "log10_subsample": -0.876772275136583, "max_depth": 7.0, "num_boost_round": 5.0}, "datetime": {"datetime": "2024-01-19 01:28:26", "elapsed": 4586.999684, "delta": 0.004781}}
{"target": -17.674287445439983, "params": {"gamma": 863.5935593652061, "log10_alpha": -2.4823489597329687, "log10_colsample_bytree": -0.27239318121976885, "log10_eta": -1.425572035849647, "log10_lambda": -3.792339596687068, "log10_min_child_weight": 2.283372074816729, "log10_subsample": -0.876772275136583, "max_depth": 7.0, "num_boost_round": 6.0}, "datetime": {"datetime": "2024-01-19 01:28:26", "elapsed": 4587.004431, "delta": 0.004747}}
{"target": -17.675324983674297, "params": {"gamma": 863.5935593652061, "log10_alpha": -2.4823489597329687, "log10_colsample_bytree": -0.27239318121976885, "log10_eta": -1.425572035849647, "log10_lambda": -3.792339596687068, "log10_min_child_weight": 2.283372074816729, "log10_subsample": -0.876772275136583, "max_depth": 7.0, "num_boost_round": 7.0}, "datetime": {"datetime": "2024-01-19 01:28:26", "elapsed": 4587.009129, "delta": 0.004698}}
{"target": -17.67574877563242, "params": {"gamma": 863.5935593652061, "log10_alpha": -2.4823489597329687, "log10_colsample_bytree": -0.27239318121976885, "log10_eta": -1.425572035849647, "log10_lambda": -3.792339596687068, "log10_min_child_weight": 2.283372074816729, "log10_subsample": -0.876772275136583, "max_depth": 7.0, "num_boost_round": 8.0}, "datetime": {"datetime": "2024-01-19 01:28:26", "elapsed": 4587.013849, "delta": 0.00472}}
{"target": -17.67739698910142, "params": {"gamma": 863.5935593652061, "log10_alpha": -2.4823489597329687, "log10_colsample_bytree": -0.27239318121976885, "log10_eta": -1.425572035849647, "log10_lambda": -3.792339596687068, "log10_min_child_weight": 2.283372074816729, "log10_subsample": -0.876772275136583, "max_depth": 7.0, "num_boost_round": 9.0}, "datetime": {"datetime": "2024-01-19 01:28:26", "elapsed": 4587.018641, "delta": 0.004792}}
{"target": -17.679399336851535, "params": {"gamma": 863.5935593652061, "log10_alpha": -2.4823489597329687, "log10_colsample_bytree": -0.27239318121976885, "log10_eta": -1.425572035849647, "log10_lambda": -3.792339596687068, "log10_min_child_weight": 2.283372074816729, "log10_subsample": -0.876772275136583, "max_depth": 7.0, "num_boost_round": 10.0}, "datetime": {"datetime": "2024-01-19 01:28:26", "elapsed": 4587.023519, "delta": 0.004878}}
{"target": -17.678567182815343, "params": {"gamma": 863.5935593652061, "log10_alpha": -2.4823489597329687, "log10_colsample_bytree": -0.27239318121976885, "log10_eta": -1.425572035849647, "log10_lambda": -3.792339596687068, "log10_min_child_weight": 2.283372074816729, "log10_subsample": -0.876772275136583, "max_depth": 7.0, "num_boost_round": 11.0}, "datetime": {"datetime": "2024-01-19 01:28:26", "elapsed": 4587.028086, "delta": 0.004567}}
{"target": -17.67978935252875, "params": {"gamma": 863.5935593652061, "log10_alpha": -2.4823489597329687, "log10_colsample_bytree": -0.27239318121976885, "log10_eta": -1.425572035849647, "log10_lambda": -3.792339596687068, "log10_min_child_weight": 2.283372074816729, "log10_subsample": -0.876772275136583, "max_depth": 7.0, "num_boost_round": 12.0}, "datetime": {"datetime": "2024-01-19 01:28:26", "elapsed": 4587.032898, "delta": 0.004812}}
{"target": -17.680238059079038, "params": {"gamma": 863.5935593652061, "log10_alpha": -2.4823489597329687, "log10_colsample_bytree": -0.27239318121976885, "log10_eta": -1.425572035849647, "log10_lambda": -3.792339596687068, "log10_min_child_weight": 2.283372074816729, "log10_subsample": -0.876772275136583, "max_depth": 7.0, "num_boost_round": 13.0}, "datetime": {"datetime": "2024-01-19 01:28:26", "elapsed": 4587.037675, "delta": 0.004777}}
{"target": -17.679621160896186, "params": {"gamma": 863.5935593652061, "log10_alpha": -2.4823489597329687, "log10_colsample_bytree": -0.27239318121976885, "log10_eta": -1.425572035849647, "log10_lambda": -3.792339596687068, "log10_min_child_weight": 2.283372074816729, "log10_subsample": -0.876772275136583, "max_depth": 7.0, "num_boost_round": 14.0}, "datetime": {"datetime": "2024-01-19 01:28:26", "elapsed": 4587.04225, "delta": 0.004575}}
{"target": -17.680987442028346, "params": {"gamma": 863.5935593652061, "log10_alpha": -2.4823489597329687, "log10_colsample_bytree": -0.27239318121976885, "log10_eta": -1.425572035849647, "log10_lambda": -3.792339596687068, "log10_min_child_weight": 2.283372074816729, "log10_subsample": -0.876772275136583, "max_depth": 7.0, "num_boost_round": 15.0}, "datetime": {"datetime": "2024-01-19 01:28:26", "elapsed": 4587.046933, "delta": 0.004683}}
{"target": -17.681845816124188, "params": {"gamma": 863.5935593652061, "log10_alpha": -2.4823489597329687, "log10_colsample_bytree": -0.27239318121976885, "log10_eta": -1.425572035849647, "log10_lambda": -3.792339596687068, "log10_min_child_weight": 2.283372074816729, "log10_subsample": -0.876772275136583, "max_depth": 7.0, "num_boost_round": 16.0}, "datetime": {"datetime": "2024-01-19 01:28:26", "elapsed": 4587.051556, "delta": 0.004623}}
{"target": -17.68359320762976, "params": {"gamma": 863.5935593652061, "log10_alpha": -2.4823489597329687, "log10_colsample_bytree": -0.27239318121976885, "log10_eta": -1.425572035849647, "log10_lambda": -3.792339596687068, "log10_min_child_weight": 2.283372074816729, "log10_subsample": -0.876772275136583, "max_depth": 7.0, "num_boost_round": 17.0}, "datetime": {"datetime": "2024-01-19 01:28:26", "elapsed": 4587.056321, "delta": 0.004765}}
{"target": -17.684882322145246, "params": {"gamma": 863.5935593652061, "log10_alpha": -2.4823489597329687, "log10_colsample_bytree": -0.27239318121976885, "log10_eta": -1.425572035849647, "log10_lambda": -3.792339596687068, "log10_min_child_weight": 2.283372074816729, "log10_subsample": -0.876772275136583, "max_depth": 7.0, "num_boost_round": 18.0}, "datetime": {"datetime": "2024-01-19 01:28:26", "elapsed": 4587.061014, "delta": 0.004693}}
{"target": -17.684142314490362, "params": {"gamma": 863.5935593652061, "log10_alpha": -2.4823489597329687, "log10_colsample_bytree": -0.27239318121976885, "log10_eta": -1.425572035849647, "log10_lambda": -3.792339596687068, "log10_min_child_weight": 2.283372074816729, "log10_subsample": -0.876772275136583, "max_depth": 7.0, "num_boost_round": 19.0}, "datetime": {"datetime": "2024-01-19 01:28:26", "elapsed": 4587.065691, "delta": 0.004677}}
{"target": -17.684281658905178, "params": {"gamma": 863.5935593652061, "log10_alpha": -2.4823489597329687, "log10_colsample_bytree": -0.27239318121976885, "log10_eta": -1.425572035849647, "log10_lambda": -3.792339596687068, "log10_min_child_weight": 2.283372074816729, "log10_subsample": -0.876772275136583, "max_depth": 7.0, "num_boost_round": 20.0}, "datetime": {"datetime": "2024-01-19 01:28:26", "elapsed": 4587.070277, "delta": 0.004586}}
{"target": -17.687173431605718, "params": {"gamma": 863.5935593652061, "log10_alpha": -2.4823489597329687, "log10_colsample_bytree": -0.27239318121976885, "log10_eta": -1.425572035849647, "log10_lambda": -3.792339596687068, "log10_min_child_weight": 2.283372074816729, "log10_subsample": -0.876772275136583, "max_depth": 7.0, "num_boost_round": 21.0}, "datetime": {"datetime": "2024-01-19 01:28:26", "elapsed": 4587.075208, "delta": 0.004931}}
{"target": -17.687256978619462, "params": {"gamma": 863.5935593652061, "log10_alpha": -2.4823489597329687, "log10_colsample_bytree": -0.27239318121976885, "log10_eta": -1.425572035849647, "log10_lambda": -3.792339596687068, "log10_min_child_weight": 2.283372074816729, "log10_subsample": -0.876772275136583, "max_depth": 7.0, "num_boost_round": 22.0}, "datetime": {"datetime": "2024-01-19 01:28:26", "elapsed": 4587.080062, "delta": 0.004854}}
{"target": -17.687789634718996, "params": {"gamma": 863.5935593652061, "log10_alpha": -2.4823489597329687, "log10_colsample_bytree": -0.27239318121976885, "log10_eta": -1.425572035849647, "log10_lambda": -3.792339596687068, "log10_min_child_weight": 2.283372074816729, "log10_subsample": -0.876772275136583, "max_depth": 7.0, "num_boost_round": 23.0}, "datetime": {"datetime": "2024-01-19 01:28:26", "elapsed": 4587.084734, "delta": 0.004672}}
{"target": -17.691557953458002, "params": {"gamma": 863.5935593652061, "log10_alpha": -2.4823489597329687, "log10_colsample_bytree": -0.27239318121976885, "log10_eta": -1.425572035849647, "log10_lambda": -3.792339596687068, "log10_min_child_weight": 2.283372074816729, "log10_subsample": -0.876772275136583, "max_depth": 7.0, "num_boost_round": 24.0}, "datetime": {"datetime": "2024-01-19 01:28:26", "elapsed": 4587.089335, "delta": 0.004601}}
{"target": -17.69208334286169, "params": {"gamma": 863.5935593652061, "log10_alpha": -2.4823489597329687, "log10_colsample_bytree": -0.27239318121976885, "log10_eta": -1.425572035849647, "log10_lambda": -3.792339596687068, "log10_min_child_weight": 2.283372074816729, "log10_subsample": -0.876772275136583, "max_depth": 7.0, "num_boost_round": 25.0}, "datetime": {"datetime": "2024-01-19 01:28:26", "elapsed": 4587.094249, "delta": 0.004914}}
{"target": -17.69203085218763, "params": {"gamma": 863.5935593652061, "log10_alpha": -2.4823489597329687, "log10_colsample_bytree": -0.27239318121976885, "log10_eta": -1.425572035849647, "log10_lambda": -3.792339596687068, "log10_min_child_weight": 2.283372074816729, "log10_subsample": -0.876772275136583, "max_depth": 7.0, "num_boost_round": 26.0}, "datetime": {"datetime": "2024-01-19 01:28:26", "elapsed": 4587.099002, "delta": 0.004753}}
{"target": -17.692369185263352, "params": {"gamma": 863.5935593652061, "log10_alpha": -2.4823489597329687, "log10_colsample_bytree": -0.27239318121976885, "log10_eta": -1.425572035849647, "log10_lambda": -3.792339596687068, "log10_min_child_weight": 2.283372074816729, "log10_subsample": -0.876772275136583, "max_depth": 7.0, "num_boost_round": 27.0}, "datetime": {"datetime": "2024-01-19 01:28:26", "elapsed": 4587.103677, "delta": 0.004675}}
{"target": -17.69532763657767, "params": {"gamma": 863.5935593652061, "log10_alpha": -2.4823489597329687, "log10_colsample_bytree": -0.27239318121976885, "log10_eta": -1.425572035849647, "log10_lambda": -3.792339596687068, "log10_min_child_weight": 2.283372074816729, "log10_subsample": -0.876772275136583, "max_depth": 7.0, "num_boost_round": 28.0}, "datetime": {"datetime": "2024-01-19 01:28:26", "elapsed": 4587.108431, "delta": 0.004754}}
{"target": -17.701226319736687, "params": {"gamma": 863.5935593652061, "log10_alpha": -2.4823489597329687, "log10_colsample_bytree": -0.27239318121976885, "log10_eta": -1.425572035849647, "log10_lambda": -3.792339596687068, "log10_min_child_weight": 2.283372074816729, "log10_subsample": -0.876772275136583, "max_depth": 7.0, "num_boost_round": 29.0}, "datetime": {"datetime": "2024-01-19 01:28:26", "elapsed": 4587.113213, "delta": 0.004782}}
{"target": -17.70373385474028, "params": {"gamma": 863.5935593652061, "log10_alpha": -2.4823489597329687, "log10_colsample_bytree": -0.27239318121976885, "log10_eta": -1.425572035849647, "log10_lambda": -3.792339596687068, "log10_min_child_weight": 2.283372074816729, "log10_subsample": -0.876772275136583, "max_depth": 7.0, "num_boost_round": 30.0}, "datetime": {"datetime": "2024-01-19 01:28:26", "elapsed": 4587.117833, "delta": 0.00462}}
