{"target": -17.67719104202183, "params": {"gamma": 54.29743744342319, "log10_alpha": 0.1566767617477236, "log10_colsample_bytree": -0.6942467828188059, "log10_eta": -3.7316190547802144, "log10_lambda": -1.9029482653989493, "log10_min_child_weight": 2.142699684066419, "log10_subsample": -0.4228401842959534, "max_depth": 6.0, "num_boost_round": 2.0}, "datetime": {"datetime": "2024-01-19 01:05:43", "elapsed": 3297.253574, "delta": 0.003273}}
{"target": -17.6771948949598, "params": {"gamma": 54.29743744342319, "log10_alpha": 0.1566767617477236, "log10_colsample_bytree": -0.6942467828188059, "log10_eta": -3.7316190547802144, "log10_lambda": -1.9029482653989493, "log10_min_child_weight": 2.142699684066419, "log10_subsample": -0.4228401842959534, "max_depth": 6.0, "num_boost_round": 3.0}, "datetime": {"datetime": "2024-01-19 01:05:43", "elapsed": 3297.256717, "delta": 0.003143}}
{"target": -17.677181319295467, "params": {"gamma": 54.29743744342319, "log10_alpha": 0.1566767617477236, "log10_colsample_bytree": -0.6942467828188059, "log10_eta": -3.7316190547802144, "log10_lambda": -1.9029482653989493, "log10_min_child_weight": 2.142699684066419, "log10_subsample": -0.4228401842959534, "max_depth": 6.0, "num_boost_round": 4.0}, "datetime": {"datetime": "2024-01-19 01:05:43", "elapsed": 3297.259759, "delta": 0.003042}}
{"target": -17.677172364446946, "params": {"gamma": 54.29743744342319, "log10_alpha": 0.1566767617477236, "log10_colsample_bytree": -0.6942467828188059, "log10_eta": -3.7316190547802144, "log10_lambda": -1.9029482653989493, "log10_min_child_weight": 2.142699684066419, "log10_subsample": -0.4228401842959534, "max_depth": 6.0, "num_boost_round": 5.0}, "datetime": {"datetime": "2024-01-19 01:05:43", "elapsed": 3297.262783, "delta": 0.003024}}
{"target": -17.677175206632857, "params": {"gamma": 54.29743744342319, "log10_alpha": 0.1566767617477236, "log10_colsample_bytree": -0.6942467828188059, "log10_eta": -3.7316190547802144, "log10_lambda": -1.9029482653989493, "log10_min_child_weight": 2.142699684066419, "log10_subsample": -0.4228401842959534, "max_depth": 6.0, "num_boost_round": 6.0}, "datetime": {"datetime": "2024-01-19 01:05:43", "elapsed": 3297.265905, "delta": 0.003122}}
{"target": -17.677157834294892, "params": {"gamma": 54.29743744342319, "log10_alpha": 0.1566767617477236, "log10_colsample_bytree": -0.6942467828188059, "log10_eta": -3.7316190547802144, "log10_lambda": -1.9029482653989493, "log10_min_child_weight": 2.142699684066419, "log10_subsample": -0.4228401842959534, "max_depth": 6.0, "num_boost_round": 7.0}, "datetime": {"datetime": "2024-01-19 01:05:43", "elapsed": 3297.269145, "delta": 0.00324}}
{"target": -17.67714788701043, "params": {"gamma": 54.29743744342319, "log10_alpha": 0.1566767617477236, "log10_colsample_bytree": -0.6942467828188059, "log10_eta": -3.7316190547802144, "log10_lambda": -1.9029482653989493, "log10_min_child_weight": 2.142699684066419, "log10_subsample": -0.4228401842959534, "max_depth": 6.0, "num_boost_round": 8.0}, "datetime": {"datetime": "2024-01-19 01:05:43", "elapsed": 3297.27643, "delta": 0.007285}}
{"target": -17.677145953963567, "params": {"gamma": 54.29743744342319, "log10_alpha": 0.1566767617477236, "log10_colsample_bytree": -0.6942467828188059, "log10_eta": -3.7316190547802144, "log10_lambda": -1.9029482653989493, "log10_min_child_weight": 2.142699684066419, "log10_subsample": -0.4228401842959534, "max_depth": 6.0, "num_boost_round": 9.0}, "datetime": {"datetime": "2024-01-19 01:05:43", "elapsed": 3297.27948, "delta": 0.00305}}
{"target": -17.677130012330466, "params": {"gamma": 54.29743744342319, "log10_alpha": 0.1566767617477236, "log10_colsample_bytree": -0.6942467828188059, "log10_eta": -3.7316190547802144, "log10_lambda": -1.9029482653989493, "log10_min_child_weight": 2.142699684066419, "log10_subsample": -0.4228401842959534, "max_depth": 6.0, "num_boost_round": 10.0}, "datetime": {"datetime": "2024-01-19 01:05:43", "elapsed": 3297.282585, "delta": 0.003105}}
{"target": -17.677124885976863, "params": {"gamma": 54.29743744342319, "log10_alpha": 0.1566767617477236, "log10_colsample_bytree": -0.6942467828188059, "log10_eta": -3.7316190547802144, "log10_lambda": -1.9029482653989493, "log10_min_child_weight": 2.142699684066419, "log10_subsample": -0.4228401842959534, "max_depth": 6.0, "num_boost_round": 11.0}, "datetime": {"datetime": "2024-01-19 01:05:43", "elapsed": 3297.285705, "delta": 0.00312}}
{"target": -17.677107114453925, "params": {"gamma": 54.29743744342319, "log10_alpha": 0.1566767617477236, "log10_colsample_bytree": -0.6942467828188059, "log10_eta": -3.7316190547802144, "log10_lambda": -1.9029482653989493, "log10_min_child_weight": 2.142699684066419, "log10_subsample": -0.4228401842959534, "max_depth": 6.0, "num_boost_round": 12.0}, "datetime": {"datetime": "2024-01-19 01:05:43", "elapsed": 3297.28877, "delta": 0.003065}}
{"target": -17.67709831176926, "params": {"gamma": 54.29743744342319, "log10_alpha": 0.1566767617477236, "log10_colsample_bytree": -0.6942467828188059, "log10_eta": -3.7316190547802144, "log10_lambda": -1.9029482653989493, "log10_min_child_weight": 2.142699684066419, "log10_subsample": -0.4228401842959534, "max_depth": 6.0, "num_boost_round": 13.0}, "datetime": {"datetime": "2024-01-19 01:05:43", "elapsed": 3297.291912, "delta": 0.003142}}
{"target": -17.67710098910252, "params": {"gamma": 54.29743744342319, "log10_alpha": 0.1566767617477236, "log10_colsample_bytree": -0.6942467828188059, "log10_eta": -3.7316190547802144, "log10_lambda": -1.9029482653989493, "log10_min_child_weight": 2.142699684066419, "log10_subsample": -0.4228401842959534, "max_depth": 6.0, "num_boost_round": 14.0}, "datetime": {"datetime": "2024-01-19 01:05:43", "elapsed": 3297.295006, "delta": 0.003094}}
{"target": -17.677088862005608, "params": {"gamma": 54.29743744342319, "log10_alpha": 0.1566767617477236, "log10_colsample_bytree": -0.6942467828188059, "log10_eta": -3.7316190547802144, "log10_lambda": -1.9029482653989493, "log10_min_child_weight": 2.142699684066419, "log10_subsample": -0.4228401842959534, "max_depth": 6.0, "num_boost_round": 15.0}, "datetime": {"datetime": "2024-01-19 01:05:43", "elapsed": 3297.297893, "delta": 0.002887}}
{"target": -17.67708927689612, "params": {"gamma": 54.29743744342319, "log10_alpha": 0.1566767617477236, "log10_colsample_bytree": -0.6942467828188059, "log10_eta": -3.7316190547802144, "log10_lambda": -1.9029482653989493, "log10_min_child_weight": 2.142699684066419, "log10_subsample": -0.4228401842959534, "max_depth": 6.0, "num_boost_round": 16.0}, "datetime": {"datetime": "2024-01-19 01:05:43", "elapsed": 3297.300799, "delta": 0.002906}}
{"target": -17.67708061130775, "params": {"gamma": 54.29743744342319, "log10_alpha": 0.1566767617477236, "log10_colsample_bytree": -0.6942467828188059, "log10_eta": -3.7316190547802144, "log10_lambda": -1.9029482653989493, "log10_min_child_weight": 2.142699684066419, "log10_subsample": -0.4228401842959534, "max_depth": 6.0, "num_boost_round": 17.0}, "datetime": {"datetime": "2024-01-19 01:05:43", "elapsed": 3297.303856, "delta": 0.003057}}
{"target": -17.677079331769832, "params": {"gamma": 54.29743744342319, "log10_alpha": 0.1566767617477236, "log10_colsample_bytree": -0.6942467828188059, "log10_eta": -3.7316190547802144, "log10_lambda": -1.9029482653989493, "log10_min_child_weight": 2.142699684066419, "log10_subsample": -0.4228401842959534, "max_depth": 6.0, "num_boost_round": 18.0}, "datetime": {"datetime": "2024-01-19 01:05:43", "elapsed": 3297.307082, "delta": 0.003226}}
{"target": -17.677069171238745, "params": {"gamma": 54.29743744342319, "log10_alpha": 0.1566767617477236, "log10_colsample_bytree": -0.6942467828188059, "log10_eta": -3.7316190547802144, "log10_lambda": -1.9029482653989493, "log10_min_child_weight": 2.142699684066419, "log10_subsample": -0.4228401842959534, "max_depth": 6.0, "num_boost_round": 19.0}, "datetime": {"datetime": "2024-01-19 01:05:43", "elapsed": 3297.31021, "delta": 0.003128}}
{"target": -17.677057467975516, "params": {"gamma": 54.29743744342319, "log10_alpha": 0.1566767617477236, "log10_colsample_bytree": -0.6942467828188059, "log10_eta": -3.7316190547802144, "log10_lambda": -1.9029482653989493, "log10_min_child_weight": 2.142699684066419, "log10_subsample": -0.4228401842959534, "max_depth": 6.0, "num_boost_round": 20.0}, "datetime": {"datetime": "2024-01-19 01:05:43", "elapsed": 3297.313438, "delta": 0.003228}}
{"target": -17.677044089370547, "params": {"gamma": 54.29743744342319, "log10_alpha": 0.1566767617477236, "log10_colsample_bytree": -0.6942467828188059, "log10_eta": -3.7316190547802144, "log10_lambda": -1.9029482653989493, "log10_min_child_weight": 2.142699684066419, "log10_subsample": -0.4228401842959534, "max_depth": 6.0, "num_boost_round": 21.0}, "datetime": {"datetime": "2024-01-19 01:05:43", "elapsed": 3297.316509, "delta": 0.003071}}
{"target": -17.67703664553111, "params": {"gamma": 54.29743744342319, "log10_alpha": 0.1566767617477236, "log10_colsample_bytree": -0.6942467828188059, "log10_eta": -3.7316190547802144, "log10_lambda": -1.9029482653989493, "log10_min_child_weight": 2.142699684066419, "log10_subsample": -0.4228401842959534, "max_depth": 6.0, "num_boost_round": 22.0}, "datetime": {"datetime": "2024-01-19 01:05:43", "elapsed": 3297.319607, "delta": 0.003098}}
{"target": -17.677022203759137, "params": {"gamma": 54.29743744342319, "log10_alpha": 0.1566767617477236, "log10_colsample_bytree": -0.6942467828188059, "log10_eta": -3.7316190547802144, "log10_lambda": -1.9029482653989493, "log10_min_child_weight": 2.142699684066419, "log10_subsample": -0.4228401842959534, "max_depth": 6.0, "num_boost_round": 23.0}, "datetime": {"datetime": "2024-01-19 01:05:43", "elapsed": 3297.322663, "delta": 0.003056}}
{"target": -17.677015111068282, "params": {"gamma": 54.29743744342319, "log10_alpha": 0.1566767617477236, "log10_colsample_bytree": -0.6942467828188059, "log10_eta": -3.7316190547802144, "log10_lambda": -1.9029482653989493, "log10_min_child_weight": 2.142699684066419, "log10_subsample": -0.4228401842959534, "max_depth": 6.0, "num_boost_round": 24.0}, "datetime": {"datetime": "2024-01-19 01:05:43", "elapsed": 3297.325692, "delta": 0.003029}}
{"target": -17.67700019334526, "params": {"gamma": 54.29743744342319, "log10_alpha": 0.1566767617477236, "log10_colsample_bytree": -0.6942467828188059, "log10_eta": -3.7316190547802144, "log10_lambda": -1.9029482653989493, "log10_min_child_weight": 2.142699684066419, "log10_subsample": -0.4228401842959534, "max_depth": 6.0, "num_boost_round": 25.0}, "datetime": {"datetime": "2024-01-19 01:05:43", "elapsed": 3297.328779, "delta": 0.003087}}
{"target": -17.67697763639195, "params": {"gamma": 54.29743744342319, "log10_alpha": 0.1566767617477236, "log10_colsample_bytree": -0.6942467828188059, "log10_eta": -3.7316190547802144, "log10_lambda": -1.9029482653989493, "log10_min_child_weight": 2.142699684066419, "log10_subsample": -0.4228401842959534, "max_depth": 6.0, "num_boost_round": 26.0}, "datetime": {"datetime": "2024-01-19 01:05:43", "elapsed": 3297.331783, "delta": 0.003004}}
{"target": -17.6769671435793, "params": {"gamma": 54.29743744342319, "log10_alpha": 0.1566767617477236, "log10_colsample_bytree": -0.6942467828188059, "log10_eta": -3.7316190547802144, "log10_lambda": -1.9029482653989493, "log10_min_child_weight": 2.142699684066419, "log10_subsample": -0.4228401842959534, "max_depth": 6.0, "num_boost_round": 27.0}, "datetime": {"datetime": "2024-01-19 01:05:43", "elapsed": 3297.334881, "delta": 0.003098}}
{"target": -17.676960790555082, "params": {"gamma": 54.29743744342319, "log10_alpha": 0.1566767617477236, "log10_colsample_bytree": -0.6942467828188059, "log10_eta": -3.7316190547802144, "log10_lambda": -1.9029482653989493, "log10_min_child_weight": 2.142699684066419, "log10_subsample": -0.4228401842959534, "max_depth": 6.0, "num_boost_round": 28.0}, "datetime": {"datetime": "2024-01-19 01:05:43", "elapsed": 3297.337929, "delta": 0.003048}}
{"target": -17.676947885422038, "params": {"gamma": 54.29743744342319, "log10_alpha": 0.1566767617477236, "log10_colsample_bytree": -0.6942467828188059, "log10_eta": -3.7316190547802144, "log10_lambda": -1.9029482653989493, "log10_min_child_weight": 2.142699684066419, "log10_subsample": -0.4228401842959534, "max_depth": 6.0, "num_boost_round": 29.0}, "datetime": {"datetime": "2024-01-19 01:05:43", "elapsed": 3297.341037, "delta": 0.003108}}
{"target": -17.676947886005966, "params": {"gamma": 54.29743744342319, "log10_alpha": 0.1566767617477236, "log10_colsample_bytree": -0.6942467828188059, "log10_eta": -3.7316190547802144, "log10_lambda": -1.9029482653989493, "log10_min_child_weight": 2.142699684066419, "log10_subsample": -0.4228401842959534, "max_depth": 6.0, "num_boost_round": 30.0}, "datetime": {"datetime": "2024-01-19 01:05:43", "elapsed": 3297.344121, "delta": 0.003084}}
{"target": -17.67693262144203, "params": {"gamma": 54.29743744342319, "log10_alpha": 0.1566767617477236, "log10_colsample_bytree": -0.6942467828188059, "log10_eta": -3.7316190547802144, "log10_lambda": -1.9029482653989493, "log10_min_child_weight": 2.142699684066419, "log10_subsample": -0.4228401842959534, "max_depth": 6.0, "num_boost_round": 31.0}, "datetime": {"datetime": "2024-01-19 01:05:43", "elapsed": 3297.347244, "delta": 0.003123}}
{"target": -17.67692489719111, "params": {"gamma": 54.29743744342319, "log10_alpha": 0.1566767617477236, "log10_colsample_bytree": -0.6942467828188059, "log10_eta": -3.7316190547802144, "log10_lambda": -1.9029482653989493, "log10_min_child_weight": 2.142699684066419, "log10_subsample": -0.4228401842959534, "max_depth": 6.0, "num_boost_round": 32.0}, "datetime": {"datetime": "2024-01-19 01:05:43", "elapsed": 3297.350266, "delta": 0.003022}}
{"target": -17.677223393891055, "params": {"gamma": 60.453372678169856, "log10_alpha": -1.947752666177598, "log10_colsample_bytree": -0.3739432037741035, "log10_eta": -3.76341302418758, "log10_lambda": -1.5193264030570095, "log10_min_child_weight": 1.224034291000779, "log10_subsample": -0.47073236658326345, "max_depth": 7.0, "num_boost_round": 0.0}, "datetime": {"datetime": "2024-01-19 01:06:46", "elapsed": 3360.411114, "delta": 63.060848}}
{"target": -17.677206260875305, "params": {"gamma": 60.453372678169856, "log10_alpha": -1.947752666177598, "log10_colsample_bytree": -0.3739432037741035, "log10_eta": -3.76341302418758, "log10_lambda": -1.5193264030570095, "log10_min_child_weight": 1.224034291000779, "log10_subsample": -0.47073236658326345, "max_depth": 7.0, "num_boost_round": 1.0}, "datetime": {"datetime": "2024-01-19 01:06:46", "elapsed": 3360.415646, "delta": 0.004532}}
{"target": -17.677203520818207, "params": {"gamma": 60.453372678169856, "log10_alpha": -1.947752666177598, "log10_colsample_bytree": -0.3739432037741035, "log10_eta": -3.76341302418758, "log10_lambda": -1.5193264030570095, "log10_min_child_weight": 1.224034291000779, "log10_subsample": -0.47073236658326345, "max_depth": 7.0, "num_boost_round": 2.0}, "datetime": {"datetime": "2024-01-19 01:06:46", "elapsed": 3360.418821, "delta": 0.003175}}
{"target": -17.67719885048295, "params": {"gamma": 60.453372678169856, "log10_alpha": -1.947752666177598, "log10_colsample_bytree": -0.3739432037741035, "log10_eta": -3.76341302418758, "log10_lambda": -1.5193264030570095, "log10_min_child_weight": 1.224034291000779, "log10_subsample": -0.47073236658326345, "max_depth": 7.0, "num_boost_round": 3.0}, "datetime": {"datetime": "2024-01-19 01:06:46", "elapsed": 3360.422029, "delta": 0.003208}}
{"target": -17.677198918041206, "params": {"gamma": 60.453372678169856, "log10_alpha": -1.947752666177598, "log10_colsample_bytree": -0.3739432037741035, "log10_eta": -3.76341302418758, "log10_lambda": -1.5193264030570095, "log10_min_child_weight": 1.224034291000779, "log10_subsample": -0.47073236658326345, "max_depth": 7.0, "num_boost_round": 4.0}, "datetime": {"datetime": "2024-01-19 01:06:46", "elapsed": 3360.425158, "delta": 0.003129}}
{"target": -17.677186167767413, "params": {"gamma": 60.453372678169856, "log10_alpha": -1.947752666177598, "log10_colsample_bytree": -0.3739432037741035, "log10_eta": -3.76341302418758, "log10_lambda": -1.5193264030570095, "log10_min_child_weight": 1.224034291000779, "log10_subsample": -0.47073236658326345, "max_depth": 7.0, "num_boost_round": 5.0}, "datetime": {"datetime": "2024-01-19 01:06:46", "elapsed": 3360.428399, "delta": 0.003241}}
{"target": -17.677190144255658, "params": {"gamma": 60.453372678169856, "log10_alpha": -1.947752666177598, "log10_colsample_bytree": -0.3739432037741035, "log10_eta": -3.76341302418758, "log10_lambda": -1.5193264030570095, "log10_min_child_weight": 1.224034291000779, "log10_subsample": -0.47073236658326345, "max_depth": 7.0, "num_boost_round": 6.0}, "datetime": {"datetime": "2024-01-19 01:06:46", "elapsed": 3360.431562, "delta": 0.003163}}
{"target": -17.677168992765793, "params": {"gamma": 60.453372678169856, "log10_alpha": -1.947752666177598, "log10_colsample_bytree": -0.3739432037741035, "log10_eta": -3.76341302418758, "log10_lambda": -1.5193264030570095, "log10_min_child_weight": 1.224034291000779, "log10_subsample": -0.47073236658326345, "max_depth": 7.0, "num_boost_round": 7.0}, "datetime": {"datetime": "2024-01-19 01:06:46", "elapsed": 3360.434754, "delta": 0.003192}}
{"target": -17.677150932948265, "params": {"gamma": 60.453372678169856, "log10_alpha": -1.947752666177598, "log10_colsample_bytree": -0.3739432037741035, "log10_eta": -3.76341302418758, "log10_lambda": -1.5193264030570095, "log10_min_child_weight": 1.224034291000779, "log10_subsample": -0.47073236658326345, "max_depth": 7.0, "num_boost_round": 8.0}, "datetime": {"datetime": "2024-01-19 01:06:46", "elapsed": 3360.437805, "delta": 0.003051}}
{"target": -17.6771409245091, "params": {"gamma": 60.453372678169856, "log10_alpha": -1.947752666177598, "log10_colsample_bytree": -0.3739432037741035, "log10_eta": -3.76341302418758, "log10_lambda": -1.5193264030570095, "log10_min_child_weight": 1.224034291000779, "log10_subsample": -0.47073236658326345, "max_depth": 7.0, "num_boost_round": 9.0}, "datetime": {"datetime": "2024-01-19 01:06:46", "elapsed": 3360.440822, "delta": 0.003017}}
{"target": -17.677117181586734, "params": {"gamma": 60.453372678169856, "log10_alpha": -1.947752666177598, "log10_colsample_bytree": -0.3739432037741035, "log10_eta": -3.76341302418758, "log10_lambda": -1.5193264030570095, "log10_min_child_weight": 1.224034291000779, "log10_subsample": -0.47073236658326345, "max_depth": 7.0, "num_boost_round": 10.0}, "datetime": {"datetime": "2024-01-19 01:06:46", "elapsed": 3360.443847, "delta": 0.003025}}
{"target": -17.677106063664418, "params": {"gamma": 60.453372678169856, "log10_alpha": -1.947752666177598, "log10_colsample_bytree": -0.3739432037741035, "log10_eta": -3.76341302418758, "log10_lambda": -1.5193264030570095, "log10_min_child_weight": 1.224034291000779, "log10_subsample": -0.47073236658326345, "max_depth": 7.0, "num_boost_round": 11.0}, "datetime": {"datetime": "2024-01-19 01:06:46", "elapsed": 3360.447029, "delta": 0.003182}}
{"target": -17.67708850384441, "params": {"gamma": 60.453372678169856, "log10_alpha": -1.947752666177598, "log10_colsample_bytree": -0.3739432037741035, "log10_eta": -3.76341302418758, "log10_lambda": -1.5193264030570095, "log10_min_child_weight": 1.224034291000779, "log10_subsample": -0.47073236658326345, "max_depth": 7.0, "num_boost_round": 12.0}, "datetime": {"datetime": "2024-01-19 01:06:46", "elapsed": 3360.450126, "delta": 0.003097}}
{"target": -17.677079241152235, "params": {"gamma": 60.453372678169856, "log10_alpha": -1.947752666177598, "log10_colsample_bytree": -0.3739432037741035, "log10_eta": -3.76341302418758, "log10_lambda": -1.5193264030570095, "log10_min_child_weight": 1.224034291000779, "log10_subsample": -0.47073236658326345, "max_depth": 7.0, "num_boost_round": 13.0}, "datetime": {"datetime": "2024-01-19 01:06:46", "elapsed": 3360.453346, "delta": 0.00322}}
{"target": -17.67708051205339, "params": {"gamma": 60.453372678169856, "log10_alpha": -1.947752666177598, "log10_colsample_bytree": -0.3739432037741035, "log10_eta": -3.76341302418758, "log10_lambda": -1.5193264030570095, "log10_min_child_weight": 1.224034291000779, "log10_subsample": -0.47073236658326345, "max_depth": 7.0, "num_boost_round": 14.0}, "datetime": {"datetime": "2024-01-19 01:06:46", "elapsed": 3360.456562, "delta": 0.003216}}
{"target": -17.677086520605865, "params": {"gamma": 60.453372678169856, "log10_alpha": -1.947752666177598, "log10_colsample_bytree": -0.3739432037741035, "log10_eta": -3.76341302418758, "log10_lambda": -1.5193264030570095, "log10_min_child_weight": 1.224034291000779, "log10_subsample": -0.47073236658326345, "max_depth": 7.0, "num_boost_round": 15.0}, "datetime": {"datetime": "2024-01-19 01:06:46", "elapsed": 3360.459605, "delta": 0.003043}}
{"target": -17.677074880278077, "params": {"gamma": 60.453372678169856, "log10_alpha": -1.947752666177598, "log10_colsample_bytree": -0.3739432037741035, "log10_eta": -3.76341302418758, "log10_lambda": -1.5193264030570095, "log10_min_child_weight": 1.224034291000779, "log10_subsample": -0.47073236658326345, "max_depth": 7.0, "num_boost_round": 16.0}, "datetime": {"datetime": "2024-01-19 01:06:46", "elapsed": 3360.462717, "delta": 0.003112}}
{"target": -17.6770782922131, "params": {"gamma": 60.453372678169856, "log10_alpha": -1.947752666177598, "log10_colsample_bytree": -0.3739432037741035, "log10_eta": -3.76341302418758, "log10_lambda": -1.5193264030570095, "log10_min_child_weight": 1.224034291000779, "log10_subsample": -0.47073236658326345, "max_depth": 7.0, "num_boost_round": 17.0}, "datetime": {"datetime": "2024-01-19 01:06:46", "elapsed": 3360.465773, "delta": 0.003056}}
