{"target": -18.224982347854176, "params": {"gamma": 604.2692412045648, "log10_alpha": -3.3330581226037297, "log10_colsample_bytree": -0.7232076724916027, "log10_eta": -0.29117453068685384, "log10_lambda": -1.5620155777908291, "log10_min_child_weight": 2.9135278720273567, "log10_subsample": -0.877057768215938, "max_depth": 5.0, "num_boost_round": 35.0}, "datetime": {"datetime": "2024-01-19 02:19:39", "elapsed": 7677.055686, "delta": 0.006888}}
{"target": -18.227527414909158, "params": {"gamma": 604.2692412045648, "log10_alpha": -3.3330581226037297, "log10_colsample_bytree": -0.7232076724916027, "log10_eta": -0.29117453068685384, "log10_lambda": -1.5620155777908291, "log10_min_child_weight": 2.9135278720273567, "log10_subsample": -0.877057768215938, "max_depth": 5.0, "num_boost_round": 36.0}, "datetime": {"datetime": "2024-01-19 02:19:39", "elapsed": 7677.06224, "delta": 0.006554}}
{"target": -18.24093027002549, "params": {"gamma": 604.2692412045648, "log10_alpha": -3.3330581226037297, "log10_colsample_bytree": -0.7232076724916027, "log10_eta": -0.29117453068685384, "log10_lambda": -1.5620155777908291, "log10_min_child_weight": 2.9135278720273567, "log10_subsample": -0.877057768215938, "max_depth": 5.0, "num_boost_round": 37.0}, "datetime": {"datetime": "2024-01-19 02:19:39", "elapsed": 7677.068622, "delta": 0.006382}}
{"target": -18.252135222863938, "params": {"gamma": 604.2692412045648, "log10_alpha": -3.3330581226037297, "log10_colsample_bytree": -0.7232076724916027, "log10_eta": -0.29117453068685384, "log10_lambda": -1.5620155777908291, "log10_min_child_weight": 2.9135278720273567, "log10_subsample": -0.877057768215938, "max_depth": 5.0, "num_boost_round": 38.0}, "datetime": {"datetime": "2024-01-19 02:19:39", "elapsed": 7677.075603, "delta": 0.006981}}
{"target": -18.25304116249367, "params": {"gamma": 604.2692412045648, "log10_alpha": -3.3330581226037297, "log10_colsample_bytree": -0.7232076724916027, "log10_eta": -0.29117453068685384, "log10_lambda": -1.5620155777908291, "log10_min_child_weight": 2.9135278720273567, "log10_subsample": -0.877057768215938, "max_depth": 5.0, "num_boost_round": 39.0}, "datetime": {"datetime": "2024-01-19 02:19:39", "elapsed": 7677.082194, "delta": 0.006591}}
{"target": -18.269243560949448, "params": {"gamma": 604.2692412045648, "log10_alpha": -3.3330581226037297, "log10_colsample_bytree": -0.7232076724916027, "log10_eta": -0.29117453068685384, "log10_lambda": -1.5620155777908291, "log10_min_child_weight": 2.9135278720273567, "log10_subsample": -0.877057768215938, "max_depth": 5.0, "num_boost_round": 40.0}, "datetime": {"datetime": "2024-01-19 02:19:39", "elapsed": 7677.088611, "delta": 0.006417}}
{"target": -18.266970462651198, "params": {"gamma": 604.2692412045648, "log10_alpha": -3.3330581226037297, "log10_colsample_bytree": -0.7232076724916027, "log10_eta": -0.29117453068685384, "log10_lambda": -1.5620155777908291, "log10_min_child_weight": 2.9135278720273567, "log10_subsample": -0.877057768215938, "max_depth": 5.0, "num_boost_round": 41.0}, "datetime": {"datetime": "2024-01-19 02:19:39", "elapsed": 7677.094899, "delta": 0.006288}}
{"target": -18.263014384690884, "params": {"gamma": 604.2692412045648, "log10_alpha": -3.3330581226037297, "log10_colsample_bytree": -0.7232076724916027, "log10_eta": -0.29117453068685384, "log10_lambda": -1.5620155777908291, "log10_min_child_weight": 2.9135278720273567, "log10_subsample": -0.877057768215938, "max_depth": 5.0, "num_boost_round": 42.0}, "datetime": {"datetime": "2024-01-19 02:19:39", "elapsed": 7677.101235, "delta": 0.006336}}
{"target": -18.2615101116487, "params": {"gamma": 604.2692412045648, "log10_alpha": -3.3330581226037297, "log10_colsample_bytree": -0.7232076724916027, "log10_eta": -0.29117453068685384, "log10_lambda": -1.5620155777908291, "log10_min_child_weight": 2.9135278720273567, "log10_subsample": -0.877057768215938, "max_depth": 5.0, "num_boost_round": 43.0}, "datetime": {"datetime": "2024-01-19 02:19:39", "elapsed": 7677.107678, "delta": 0.006443}}
{"target": -18.261971562732953, "params": {"gamma": 604.2692412045648, "log10_alpha": -3.3330581226037297, "log10_colsample_bytree": -0.7232076724916027, "log10_eta": -0.29117453068685384, "log10_lambda": -1.5620155777908291, "log10_min_child_weight": 2.9135278720273567, "log10_subsample": -0.877057768215938, "max_depth": 5.0, "num_boost_round": 44.0}, "datetime": {"datetime": "2024-01-19 02:19:39", "elapsed": 7677.114103, "delta": 0.006425}}
{"target": -18.254602658342083, "params": {"gamma": 604.2692412045648, "log10_alpha": -3.3330581226037297, "log10_colsample_bytree": -0.7232076724916027, "log10_eta": -0.29117453068685384, "log10_lambda": -1.5620155777908291, "log10_min_child_weight": 2.9135278720273567, "log10_subsample": -0.877057768215938, "max_depth": 5.0, "num_boost_round": 45.0}, "datetime": {"datetime": "2024-01-19 02:19:39", "elapsed": 7677.120489, "delta": 0.006386}}
{"target": -18.26037030568985, "params": {"gamma": 604.2692412045648, "log10_alpha": -3.3330581226037297, "log10_colsample_bytree": -0.7232076724916027, "log10_eta": -0.29117453068685384, "log10_lambda": -1.5620155777908291, "log10_min_child_weight": 2.9135278720273567, "log10_subsample": -0.877057768215938, "max_depth": 5.0, "num_boost_round": 46.0}, "datetime": {"datetime": "2024-01-19 02:19:39", "elapsed": 7677.126844, "delta": 0.006355}}
{"target": -18.280011671322104, "params": {"gamma": 604.2692412045648, "log10_alpha": -3.3330581226037297, "log10_colsample_bytree": -0.7232076724916027, "log10_eta": -0.29117453068685384, "log10_lambda": -1.5620155777908291, "log10_min_child_weight": 2.9135278720273567, "log10_subsample": -0.877057768215938, "max_depth": 5.0, "num_boost_round": 47.0}, "datetime": {"datetime": "2024-01-19 02:19:39", "elapsed": 7677.133213, "delta": 0.006369}}
{"target": -18.289244019453026, "params": {"gamma": 604.2692412045648, "log10_alpha": -3.3330581226037297, "log10_colsample_bytree": -0.7232076724916027, "log10_eta": -0.29117453068685384, "log10_lambda": -1.5620155777908291, "log10_min_child_weight": 2.9135278720273567, "log10_subsample": -0.877057768215938, "max_depth": 5.0, "num_boost_round": 48.0}, "datetime": {"datetime": "2024-01-19 02:19:39", "elapsed": 7677.139584, "delta": 0.006371}}
{"target": -18.292993983164013, "params": {"gamma": 604.2692412045648, "log10_alpha": -3.3330581226037297, "log10_colsample_bytree": -0.7232076724916027, "log10_eta": -0.29117453068685384, "log10_lambda": -1.5620155777908291, "log10_min_child_weight": 2.9135278720273567, "log10_subsample": -0.877057768215938, "max_depth": 5.0, "num_boost_round": 49.0}, "datetime": {"datetime": "2024-01-19 02:19:39", "elapsed": 7677.145941, "delta": 0.006357}}
{"target": -18.30001556650843, "params": {"gamma": 604.2692412045648, "log10_alpha": -3.3330581226037297, "log10_colsample_bytree": -0.7232076724916027, "log10_eta": -0.29117453068685384, "log10_lambda": -1.5620155777908291, "log10_min_child_weight": 2.9135278720273567, "log10_subsample": -0.877057768215938, "max_depth": 5.0, "num_boost_round": 50.0}, "datetime": {"datetime": "2024-01-19 02:19:39", "elapsed": 7677.152863, "delta": 0.006922}}
{"target": -18.295410088019143, "params": {"gamma": 604.2692412045648, "log10_alpha": -3.3330581226037297, "log10_colsample_bytree": -0.7232076724916027, "log10_eta": -0.29117453068685384, "log10_lambda": -1.5620155777908291, "log10_min_child_weight": 2.9135278720273567, "log10_subsample": -0.877057768215938, "max_depth": 5.0, "num_boost_round": 51.0}, "datetime": {"datetime": "2024-01-19 02:19:39", "elapsed": 7677.159385, "delta": 0.006522}}
{"target": -18.318322535431793, "params": {"gamma": 604.2692412045648, "log10_alpha": -3.3330581226037297, "log10_colsample_bytree": -0.7232076724916027, "log10_eta": -0.29117453068685384, "log10_lambda": -1.5620155777908291, "log10_min_child_weight": 2.9135278720273567, "log10_subsample": -0.877057768215938, "max_depth": 5.0, "num_boost_round": 52.0}, "datetime": {"datetime": "2024-01-19 02:19:39", "elapsed": 7677.165772, "delta": 0.006387}}
{"target": -18.323487301065022, "params": {"gamma": 604.2692412045648, "log10_alpha": -3.3330581226037297, "log10_colsample_bytree": -0.7232076724916027, "log10_eta": -0.29117453068685384, "log10_lambda": -1.5620155777908291, "log10_min_child_weight": 2.9135278720273567, "log10_subsample": -0.877057768215938, "max_depth": 5.0, "num_boost_round": 53.0}, "datetime": {"datetime": "2024-01-19 02:19:39", "elapsed": 7677.172143, "delta": 0.006371}}
{"target": -18.334541045246528, "params": {"gamma": 604.2692412045648, "log10_alpha": -3.3330581226037297, "log10_colsample_bytree": -0.7232076724916027, "log10_eta": -0.29117453068685384, "log10_lambda": -1.5620155777908291, "log10_min_child_weight": 2.9135278720273567, "log10_subsample": -0.877057768215938, "max_depth": 5.0, "num_boost_round": 54.0}, "datetime": {"datetime": "2024-01-19 02:19:39", "elapsed": 7677.268343, "delta": 0.0962}}
{"target": -18.34300798184536, "params": {"gamma": 604.2692412045648, "log10_alpha": -3.3330581226037297, "log10_colsample_bytree": -0.7232076724916027, "log10_eta": -0.29117453068685384, "log10_lambda": -1.5620155777908291, "log10_min_child_weight": 2.9135278720273567, "log10_subsample": -0.877057768215938, "max_depth": 5.0, "num_boost_round": 55.0}, "datetime": {"datetime": "2024-01-19 02:19:39", "elapsed": 7677.275667, "delta": 0.007324}}
{"target": -18.348347008402, "params": {"gamma": 604.2692412045648, "log10_alpha": -3.3330581226037297, "log10_colsample_bytree": -0.7232076724916027, "log10_eta": -0.29117453068685384, "log10_lambda": -1.5620155777908291, "log10_min_child_weight": 2.9135278720273567, "log10_subsample": -0.877057768215938, "max_depth": 5.0, "num_boost_round": 56.0}, "datetime": {"datetime": "2024-01-19 02:19:39", "elapsed": 7677.282938, "delta": 0.007271}}
{"target": -18.349981739836235, "params": {"gamma": 604.2692412045648, "log10_alpha": -3.3330581226037297, "log10_colsample_bytree": -0.7232076724916027, "log10_eta": -0.29117453068685384, "log10_lambda": -1.5620155777908291, "log10_min_child_weight": 2.9135278720273567, "log10_subsample": -0.877057768215938, "max_depth": 5.0, "num_boost_round": 57.0}, "datetime": {"datetime": "2024-01-19 02:19:39", "elapsed": 7677.289976, "delta": 0.007038}}
{"target": -18.358299026852492, "params": {"gamma": 604.2692412045648, "log10_alpha": -3.3330581226037297, "log10_colsample_bytree": -0.7232076724916027, "log10_eta": -0.29117453068685384, "log10_lambda": -1.5620155777908291, "log10_min_child_weight": 2.9135278720273567, "log10_subsample": -0.877057768215938, "max_depth": 5.0, "num_boost_round": 58.0}, "datetime": {"datetime": "2024-01-19 02:19:39", "elapsed": 7677.296515, "delta": 0.006539}}
{"target": -18.36812839634431, "params": {"gamma": 604.2692412045648, "log10_alpha": -3.3330581226037297, "log10_colsample_bytree": -0.7232076724916027, "log10_eta": -0.29117453068685384, "log10_lambda": -1.5620155777908291, "log10_min_child_weight": 2.9135278720273567, "log10_subsample": -0.877057768215938, "max_depth": 5.0, "num_boost_round": 59.0}, "datetime": {"datetime": "2024-01-19 02:19:39", "elapsed": 7677.302969, "delta": 0.006454}}
{"target": -18.373393437176865, "params": {"gamma": 604.2692412045648, "log10_alpha": -3.3330581226037297, "log10_colsample_bytree": -0.7232076724916027, "log10_eta": -0.29117453068685384, "log10_lambda": -1.5620155777908291, "log10_min_child_weight": 2.9135278720273567, "log10_subsample": -0.877057768215938, "max_depth": 5.0, "num_boost_round": 60.0}, "datetime": {"datetime": "2024-01-19 02:19:39", "elapsed": 7677.309487, "delta": 0.006518}}
{"target": -18.385145579365396, "params": {"gamma": 604.2692412045648, "log10_alpha": -3.3330581226037297, "log10_colsample_bytree": -0.7232076724916027, "log10_eta": -0.29117453068685384, "log10_lambda": -1.5620155777908291, "log10_min_child_weight": 2.9135278720273567, "log10_subsample": -0.877057768215938, "max_depth": 5.0, "num_boost_round": 61.0}, "datetime": {"datetime": "2024-01-19 02:19:39", "elapsed": 7677.315934, "delta": 0.006447}}
{"target": -18.386742332577967, "params": {"gamma": 604.2692412045648, "log10_alpha": -3.3330581226037297, "log10_colsample_bytree": -0.7232076724916027, "log10_eta": -0.29117453068685384, "log10_lambda": -1.5620155777908291, "log10_min_child_weight": 2.9135278720273567, "log10_subsample": -0.877057768215938, "max_depth": 5.0, "num_boost_round": 62.0}, "datetime": {"datetime": "2024-01-19 02:19:39", "elapsed": 7677.322381, "delta": 0.006447}}
{"target": -18.39025431196228, "params": {"gamma": 604.2692412045648, "log10_alpha": -3.3330581226037297, "log10_colsample_bytree": -0.7232076724916027, "log10_eta": -0.29117453068685384, "log10_lambda": -1.5620155777908291, "log10_min_child_weight": 2.9135278720273567, "log10_subsample": -0.877057768215938, "max_depth": 5.0, "num_boost_round": 63.0}, "datetime": {"datetime": "2024-01-19 02:19:39", "elapsed": 7677.328862, "delta": 0.006481}}
{"target": -18.398510940218713, "params": {"gamma": 604.2692412045648, "log10_alpha": -3.3330581226037297, "log10_colsample_bytree": -0.7232076724916027, "log10_eta": -0.29117453068685384, "log10_lambda": -1.5620155777908291, "log10_min_child_weight": 2.9135278720273567, "log10_subsample": -0.877057768215938, "max_depth": 5.0, "num_boost_round": 64.0}, "datetime": {"datetime": "2024-01-19 02:19:39", "elapsed": 7677.33532, "delta": 0.006458}}
{"target": -18.418688861919943, "params": {"gamma": 604.2692412045648, "log10_alpha": -3.3330581226037297, "log10_colsample_bytree": -0.7232076724916027, "log10_eta": -0.29117453068685384, "log10_lambda": -1.5620155777908291, "log10_min_child_weight": 2.9135278720273567, "log10_subsample": -0.877057768215938, "max_depth": 5.0, "num_boost_round": 65.0}, "datetime": {"datetime": "2024-01-19 02:19:39", "elapsed": 7677.341778, "delta": 0.006458}}
{"target": -18.41893404366749, "params": {"gamma": 604.2692412045648, "log10_alpha": -3.3330581226037297, "log10_colsample_bytree": -0.7232076724916027, "log10_eta": -0.29117453068685384, "log10_lambda": -1.5620155777908291, "log10_min_child_weight": 2.9135278720273567, "log10_subsample": -0.877057768215938, "max_depth": 5.0, "num_boost_round": 66.0}, "datetime": {"datetime": "2024-01-19 02:19:40", "elapsed": 7677.348265, "delta": 0.006487}}
{"target": -18.418100040195554, "params": {"gamma": 604.2692412045648, "log10_alpha": -3.3330581226037297, "log10_colsample_bytree": -0.7232076724916027, "log10_eta": -0.29117453068685384, "log10_lambda": -1.5620155777908291, "log10_min_child_weight": 2.9135278720273567, "log10_subsample": -0.877057768215938, "max_depth": 5.0, "num_boost_round": 67.0}, "datetime": {"datetime": "2024-01-19 02:19:40", "elapsed": 7677.354733, "delta": 0.006468}}
{"target": -18.41941026150592, "params": {"gamma": 604.2692412045648, "log10_alpha": -3.3330581226037297, "log10_colsample_bytree": -0.7232076724916027, "log10_eta": -0.29117453068685384, "log10_lambda": -1.5620155777908291, "log10_min_child_weight": 2.9135278720273567, "log10_subsample": -0.877057768215938, "max_depth": 5.0, "num_boost_round": 68.0}, "datetime": {"datetime": "2024-01-19 02:19:40", "elapsed": 7677.361216, "delta": 0.006483}}
{"target": -17.67723131201271, "params": {"gamma": 608.484108186589, "log10_alpha": -4.673322874924784, "log10_colsample_bytree": -0.9080288241901693, "log10_eta": -3.9939157746324963, "log10_lambda": -1.1522081736268763, "log10_min_child_weight": 0.2527265411556179, "log10_subsample": -0.03593688566162734, "max_depth": 6.0, "num_boost_round": 0.0}, "datetime": {"datetime": "2024-01-19 02:21:01", "elapsed": 7758.813055, "delta": 81.451839}}
{"target": -17.677227780265365, "params": {"gamma": 608.484108186589, "log10_alpha": -4.673322874924784, "log10_colsample_bytree": -0.9080288241901693, "log10_eta": -3.9939157746324963, "log10_lambda": -1.1522081736268763, "log10_min_child_weight": 0.2527265411556179, "log10_subsample": -0.03593688566162734, "max_depth": 6.0, "num_boost_round": 1.0}, "datetime": {"datetime": "2024-01-19 02:21:01", "elapsed": 7758.819931, "delta": 0.006876}}
{"target": -17.677227482946677, "params": {"gamma": 608.484108186589, "log10_alpha": -4.673322874924784, "log10_colsample_bytree": -0.9080288241901693, "log10_eta": -3.9939157746324963, "log10_lambda": -1.1522081736268763, "log10_min_child_weight": 0.2527265411556179, "log10_subsample": -0.03593688566162734, "max_depth": 6.0, "num_boost_round": 2.0}, "datetime": {"datetime": "2024-01-19 02:21:01", "elapsed": 7758.826591, "delta": 0.00666}}
{"target": -17.67722314869509, "params": {"gamma": 608.484108186589, "log10_alpha": -4.673322874924784, "log10_colsample_bytree": -0.9080288241901693, "log10_eta": -3.9939157746324963, "log10_lambda": -1.1522081736268763, "log10_min_child_weight": 0.2527265411556179, "log10_subsample": -0.03593688566162734, "max_depth": 6.0, "num_boost_round": 3.0}, "datetime": {"datetime": "2024-01-19 02:21:01", "elapsed": 7758.94165, "delta": 0.115059}}
{"target": -17.677220743229974, "params": {"gamma": 608.484108186589, "log10_alpha": -4.673322874924784, "log10_colsample_bytree": -0.9080288241901693, "log10_eta": -3.9939157746324963, "log10_lambda": -1.1522081736268763, "log10_min_child_weight": 0.2527265411556179, "log10_subsample": -0.03593688566162734, "max_depth": 6.0, "num_boost_round": 4.0}, "datetime": {"datetime": "2024-01-19 02:21:01", "elapsed": 7758.949761, "delta": 0.008111}}
{"target": -17.677216314572973, "params": {"gamma": 608.484108186589, "log10_alpha": -4.673322874924784, "log10_colsample_bytree": -0.9080288241901693, "log10_eta": -3.9939157746324963, "log10_lambda": -1.1522081736268763, "log10_min_child_weight": 0.2527265411556179, "log10_subsample": -0.03593688566162734, "max_depth": 6.0, "num_boost_round": 5.0}, "datetime": {"datetime": "2024-01-19 02:21:01", "elapsed": 7758.956151, "delta": 0.00639}}
{"target": -17.677219870481874, "params": {"gamma": 608.484108186589, "log10_alpha": -4.673322874924784, "log10_colsample_bytree": -0.9080288241901693, "log10_eta": -3.9939157746324963, "log10_lambda": -1.1522081736268763, "log10_min_child_weight": 0.2527265411556179, "log10_subsample": -0.03593688566162734, "max_depth": 6.0, "num_boost_round": 6.0}, "datetime": {"datetime": "2024-01-19 02:21:01", "elapsed": 7758.962312, "delta": 0.006161}}
{"target": -17.677214885880375, "params": {"gamma": 608.484108186589, "log10_alpha": -4.673322874924784, "log10_colsample_bytree": -0.9080288241901693, "log10_eta": -3.9939157746324963, "log10_lambda": -1.1522081736268763, "log10_min_child_weight": 0.2527265411556179, "log10_subsample": -0.03593688566162734, "max_depth": 6.0, "num_boost_round": 7.0}, "datetime": {"datetime": "2024-01-19 02:21:01", "elapsed": 7758.968448, "delta": 0.006136}}
{"target": -17.677215620773403, "params": {"gamma": 608.484108186589, "log10_alpha": -4.673322874924784, "log10_colsample_bytree": -0.9080288241901693, "log10_eta": -3.9939157746324963, "log10_lambda": -1.1522081736268763, "log10_min_child_weight": 0.2527265411556179, "log10_subsample": -0.03593688566162734, "max_depth": 6.0, "num_boost_round": 8.0}, "datetime": {"datetime": "2024-01-19 02:21:01", "elapsed": 7758.974515, "delta": 0.006067}}
{"target": -17.677209495637594, "params": {"gamma": 608.484108186589, "log10_alpha": -4.673322874924784, "log10_colsample_bytree": -0.9080288241901693, "log10_eta": -3.9939157746324963, "log10_lambda": -1.1522081736268763, "log10_min_child_weight": 0.2527265411556179, "log10_subsample": -0.03593688566162734, "max_depth": 6.0, "num_boost_round": 9.0}, "datetime": {"datetime": "2024-01-19 02:21:01", "elapsed": 7758.980616, "delta": 0.006101}}
{"target": -17.677206566167815, "params": {"gamma": 608.484108186589, "log10_alpha": -4.673322874924784, "log10_colsample_bytree": -0.9080288241901693, "log10_eta": -3.9939157746324963, "log10_lambda": -1.1522081736268763, "log10_min_child_weight": 0.2527265411556179, "log10_subsample": -0.03593688566162734, "max_depth": 6.0, "num_boost_round": 10.0}, "datetime": {"datetime": "2024-01-19 02:21:01", "elapsed": 7758.986797, "delta": 0.006181}}
{"target": -17.67720363440398, "params": {"gamma": 608.484108186589, "log10_alpha": -4.673322874924784, "log10_colsample_bytree": -0.9080288241901693, "log10_eta": -3.9939157746324963, "log10_lambda": -1.1522081736268763, "log10_min_child_weight": 0.2527265411556179, "log10_subsample": -0.03593688566162734, "max_depth": 6.0, "num_boost_round": 11.0}, "datetime": {"datetime": "2024-01-19 02:21:01", "elapsed": 7758.992961, "delta": 0.006164}}
{"target": -17.677194923045246, "params": {"gamma": 608.484108186589, "log10_alpha": -4.673322874924784, "log10_colsample_bytree": -0.9080288241901693, "log10_eta": -3.9939157746324963, "log10_lambda": -1.1522081736268763, "log10_min_child_weight": 0.2527265411556179, "log10_subsample": -0.03593688566162734, "max_depth": 6.0, "num_boost_round": 12.0}, "datetime": {"datetime": "2024-01-19 02:21:01", "elapsed": 7758.99916, "delta": 0.006199}}
{"target": -17.677192615515622, "params": {"gamma": 608.484108186589, "log10_alpha": -4.673322874924784, "log10_colsample_bytree": -0.9080288241901693, "log10_eta": -3.9939157746324963, "log10_lambda": -1.1522081736268763, "log10_min_child_weight": 0.2527265411556179, "log10_subsample": -0.03593688566162734, "max_depth": 6.0, "num_boost_round": 13.0}, "datetime": {"datetime": "2024-01-19 02:21:01", "elapsed": 7759.00567, "delta": 0.00651}}
{"target": -17.67719123036634, "params": {"gamma": 608.484108186589, "log10_alpha": -4.673322874924784, "log10_colsample_bytree": -0.9080288241901693, "log10_eta": -3.9939157746324963, "log10_lambda": -1.1522081736268763, "log10_min_child_weight": 0.2527265411556179, "log10_subsample": -0.03593688566162734, "max_depth": 6.0, "num_boost_round": 14.0}, "datetime": {"datetime": "2024-01-19 02:21:01", "elapsed": 7759.011891, "delta": 0.006221}}
