{"target": -17.6772288509145, "params": {"gamma": 19.02564366426613, "log10_alpha": 1.0, "log10_colsample_bytree": 0.0, "log10_eta": -4.0, "log10_lambda": -2.1553996599825456, "log10_min_child_weight": 4.064528699644332, "log10_subsample": -1.0, "max_depth": 2.0, "num_boost_round": 25.0}, "datetime": {"datetime": "2024-01-19 01:37:52", "elapsed": 5226.061601, "delta": 0.004212}}
{"target": -17.677229264664177, "params": {"gamma": 19.02564366426613, "log10_alpha": 1.0, "log10_colsample_bytree": 0.0, "log10_eta": -4.0, "log10_lambda": -2.1553996599825456, "log10_min_child_weight": 4.064528699644332, "log10_subsample": -1.0, "max_depth": 2.0, "num_boost_round": 26.0}, "datetime": {"datetime": "2024-01-19 01:37:52", "elapsed": 5226.065674, "delta": 0.004073}}
{"target": -17.677228372821887, "params": {"gamma": 19.02564366426613, "log10_alpha": 1.0, "log10_colsample_bytree": 0.0, "log10_eta": -4.0, "log10_lambda": -2.1553996599825456, "log10_min_child_weight": 4.064528699644332, "log10_subsample": -1.0, "max_depth": 2.0, "num_boost_round": 27.0}, "datetime": {"datetime": "2024-01-19 01:37:52", "elapsed": 5226.069728, "delta": 0.004054}}
{"target": -17.67722255333312, "params": {"gamma": 48.36342618819291, "log10_alpha": -1.8520554245859808, "log10_colsample_bytree": 0.0, "log10_eta": -4.0, "log10_lambda": -1.9573581098159754, "log10_min_child_weight": 2.1849859374107883, "log10_subsample": -0.9824808032137415, "max_depth": 6.0, "num_boost_round": 0.0}, "datetime": {"datetime": "2024-01-19 01:38:42", "elapsed": 5276.631117, "delta": 50.561389}}
{"target": -17.677218977107085, "params": {"gamma": 48.36342618819291, "log10_alpha": -1.8520554245859808, "log10_colsample_bytree": 0.0, "log10_eta": -4.0, "log10_lambda": -1.9573581098159754, "log10_min_child_weight": 2.1849859374107883, "log10_subsample": -0.9824808032137415, "max_depth": 6.0, "num_boost_round": 1.0}, "datetime": {"datetime": "2024-01-19 01:38:42", "elapsed": 5276.636225, "delta": 0.005108}}
{"target": -17.677215684701718, "params": {"gamma": 48.36342618819291, "log10_alpha": -1.8520554245859808, "log10_colsample_bytree": 0.0, "log10_eta": -4.0, "log10_lambda": -1.9573581098159754, "log10_min_child_weight": 2.1849859374107883, "log10_subsample": -0.9824808032137415, "max_depth": 6.0, "num_boost_round": 2.0}, "datetime": {"datetime": "2024-01-19 01:38:42", "elapsed": 5276.640506, "delta": 0.004281}}
{"target": -17.67720983224975, "params": {"gamma": 48.36342618819291, "log10_alpha": -1.8520554245859808, "log10_colsample_bytree": 0.0, "log10_eta": -4.0, "log10_lambda": -1.9573581098159754, "log10_min_child_weight": 2.1849859374107883, "log10_subsample": -0.9824808032137415, "max_depth": 6.0, "num_boost_round": 3.0}, "datetime": {"datetime": "2024-01-19 01:38:42", "elapsed": 5276.644717, "delta": 0.004211}}
{"target": -17.677205388408876, "params": {"gamma": 48.36342618819291, "log10_alpha": -1.8520554245859808, "log10_colsample_bytree": 0.0, "log10_eta": -4.0, "log10_lambda": -1.9573581098159754, "log10_min_child_weight": 2.1849859374107883, "log10_subsample": -0.9824808032137415, "max_depth": 6.0, "num_boost_round": 4.0}, "datetime": {"datetime": "2024-01-19 01:38:42", "elapsed": 5276.648901, "delta": 0.004184}}
{"target": -17.677204316973043, "params": {"gamma": 48.36342618819291, "log10_alpha": -1.8520554245859808, "log10_colsample_bytree": 0.0, "log10_eta": -4.0, "log10_lambda": -1.9573581098159754, "log10_min_child_weight": 2.1849859374107883, "log10_subsample": -0.9824808032137415, "max_depth": 6.0, "num_boost_round": 5.0}, "datetime": {"datetime": "2024-01-19 01:38:42", "elapsed": 5276.653175, "delta": 0.004274}}
{"target": -17.677200136207805, "params": {"gamma": 48.36342618819291, "log10_alpha": -1.8520554245859808, "log10_colsample_bytree": 0.0, "log10_eta": -4.0, "log10_lambda": -1.9573581098159754, "log10_min_child_weight": 2.1849859374107883, "log10_subsample": -0.9824808032137415, "max_depth": 6.0, "num_boost_round": 6.0}, "datetime": {"datetime": "2024-01-19 01:38:42", "elapsed": 5276.657363, "delta": 0.004188}}
{"target": -17.67719321529808, "params": {"gamma": 48.36342618819291, "log10_alpha": -1.8520554245859808, "log10_colsample_bytree": 0.0, "log10_eta": -4.0, "log10_lambda": -1.9573581098159754, "log10_min_child_weight": 2.1849859374107883, "log10_subsample": -0.9824808032137415, "max_depth": 6.0, "num_boost_round": 7.0}, "datetime": {"datetime": "2024-01-19 01:38:42", "elapsed": 5276.661389, "delta": 0.004026}}
{"target": -17.67719168790978, "params": {"gamma": 48.36342618819291, "log10_alpha": -1.8520554245859808, "log10_colsample_bytree": 0.0, "log10_eta": -4.0, "log10_lambda": -1.9573581098159754, "log10_min_child_weight": 2.1849859374107883, "log10_subsample": -0.9824808032137415, "max_depth": 6.0, "num_boost_round": 8.0}, "datetime": {"datetime": "2024-01-19 01:38:42", "elapsed": 5276.665575, "delta": 0.004186}}
{"target": -17.677187841623798, "params": {"gamma": 48.36342618819291, "log10_alpha": -1.8520554245859808, "log10_colsample_bytree": 0.0, "log10_eta": -4.0, "log10_lambda": -1.9573581098159754, "log10_min_child_weight": 2.1849859374107883, "log10_subsample": -0.9824808032137415, "max_depth": 6.0, "num_boost_round": 9.0}, "datetime": {"datetime": "2024-01-19 01:38:42", "elapsed": 5276.669745, "delta": 0.00417}}
{"target": -17.677187851275256, "params": {"gamma": 48.36342618819291, "log10_alpha": -1.8520554245859808, "log10_colsample_bytree": 0.0, "log10_eta": -4.0, "log10_lambda": -1.9573581098159754, "log10_min_child_weight": 2.1849859374107883, "log10_subsample": -0.9824808032137415, "max_depth": 6.0, "num_boost_round": 10.0}, "datetime": {"datetime": "2024-01-19 01:38:42", "elapsed": 5276.673786, "delta": 0.004041}}
{"target": -17.677185590797453, "params": {"gamma": 48.36342618819291, "log10_alpha": -1.8520554245859808, "log10_colsample_bytree": 0.0, "log10_eta": -4.0, "log10_lambda": -1.9573581098159754, "log10_min_child_weight": 2.1849859374107883, "log10_subsample": -0.9824808032137415, "max_depth": 6.0, "num_boost_round": 11.0}, "datetime": {"datetime": "2024-01-19 01:38:43", "elapsed": 5276.782485, "delta": 0.108699}}
{"target": -17.677182538740666, "params": {"gamma": 48.36342618819291, "log10_alpha": -1.8520554245859808, "log10_colsample_bytree": 0.0, "log10_eta": -4.0, "log10_lambda": -1.9573581098159754, "log10_min_child_weight": 2.1849859374107883, "log10_subsample": -0.9824808032137415, "max_depth": 6.0, "num_boost_round": 12.0}, "datetime": {"datetime": "2024-01-19 01:38:43", "elapsed": 5276.78731, "delta": 0.004825}}
{"target": -17.67718094049465, "params": {"gamma": 48.36342618819291, "log10_alpha": -1.8520554245859808, "log10_colsample_bytree": 0.0, "log10_eta": -4.0, "log10_lambda": -1.9573581098159754, "log10_min_child_weight": 2.1849859374107883, "log10_subsample": -0.9824808032137415, "max_depth": 6.0, "num_boost_round": 13.0}, "datetime": {"datetime": "2024-01-19 01:38:43", "elapsed": 5276.791678, "delta": 0.004368}}
{"target": -17.67721889326647, "params": {"gamma": 50.332007831775606, "log10_alpha": -0.3607362594230539, "log10_colsample_bytree": -0.8396400697226798, "log10_eta": -2.8483590693943843, "log10_lambda": -3.4958122131088976, "log10_min_child_weight": 4.165565342761475, "log10_subsample": -0.8740220467253098, "max_depth": 4.0, "num_boost_round": 0.0}, "datetime": {"datetime": "2024-01-19 01:40:17", "elapsed": 5371.509085, "delta": 94.717407}}
{"target": -17.677203288399454, "params": {"gamma": 50.332007831775606, "log10_alpha": -0.3607362594230539, "log10_colsample_bytree": -0.8396400697226798, "log10_eta": -2.8483590693943843, "log10_lambda": -3.4958122131088976, "log10_min_child_weight": 4.165565342761475, "log10_subsample": -0.8740220467253098, "max_depth": 4.0, "num_boost_round": 1.0}, "datetime": {"datetime": "2024-01-19 01:40:17", "elapsed": 5371.51405, "delta": 0.004965}}
{"target": -17.677215476945943, "params": {"gamma": 50.332007831775606, "log10_alpha": -0.3607362594230539, "log10_colsample_bytree": -0.8396400697226798, "log10_eta": -2.8483590693943843, "log10_lambda": -3.4958122131088976, "log10_min_child_weight": 4.165565342761475, "log10_subsample": -0.8740220467253098, "max_depth": 4.0, "num_boost_round": 2.0}, "datetime": {"datetime": "2024-01-19 01:40:17", "elapsed": 5371.518747, "delta": 0.004697}}
{"target": -17.67719518459056, "params": {"gamma": 50.332007831775606, "log10_alpha": -0.3607362594230539, "log10_colsample_bytree": -0.8396400697226798, "log10_eta": -2.8483590693943843, "log10_lambda": -3.4958122131088976, "log10_min_child_weight": 4.165565342761475, "log10_subsample": -0.8740220467253098, "max_depth": 4.0, "num_boost_round": 3.0}, "datetime": {"datetime": "2024-01-19 01:40:17", "elapsed": 5371.523918, "delta": 0.005171}}
{"target": -17.67717910477855, "params": {"gamma": 50.332007831775606, "log10_alpha": -0.3607362594230539, "log10_colsample_bytree": -0.8396400697226798, "log10_eta": -2.8483590693943843, "log10_lambda": -3.4958122131088976, "log10_min_child_weight": 4.165565342761475, "log10_subsample": -0.8740220467253098, "max_depth": 4.0, "num_boost_round": 4.0}, "datetime": {"datetime": "2024-01-19 01:40:17", "elapsed": 5371.528246, "delta": 0.004328}}
{"target": -17.67717473666735, "params": {"gamma": 50.332007831775606, "log10_alpha": -0.3607362594230539, "log10_colsample_bytree": -0.8396400697226798, "log10_eta": -2.8483590693943843, "log10_lambda": -3.4958122131088976, "log10_min_child_weight": 4.165565342761475, "log10_subsample": -0.8740220467253098, "max_depth": 4.0, "num_boost_round": 5.0}, "datetime": {"datetime": "2024-01-19 01:40:17", "elapsed": 5371.532751, "delta": 0.004505}}
{"target": -17.677170301657533, "params": {"gamma": 50.332007831775606, "log10_alpha": -0.3607362594230539, "log10_colsample_bytree": -0.8396400697226798, "log10_eta": -2.8483590693943843, "log10_lambda": -3.4958122131088976, "log10_min_child_weight": 4.165565342761475, "log10_subsample": -0.8740220467253098, "max_depth": 4.0, "num_boost_round": 6.0}, "datetime": {"datetime": "2024-01-19 01:40:17", "elapsed": 5371.536941, "delta": 0.00419}}
{"target": -17.677158900350683, "params": {"gamma": 50.332007831775606, "log10_alpha": -0.3607362594230539, "log10_colsample_bytree": -0.8396400697226798, "log10_eta": -2.8483590693943843, "log10_lambda": -3.4958122131088976, "log10_min_child_weight": 4.165565342761475, "log10_subsample": -0.8740220467253098, "max_depth": 4.0, "num_boost_round": 7.0}, "datetime": {"datetime": "2024-01-19 01:40:17", "elapsed": 5371.541225, "delta": 0.004284}}
{"target": -17.677153594414886, "params": {"gamma": 50.332007831775606, "log10_alpha": -0.3607362594230539, "log10_colsample_bytree": -0.8396400697226798, "log10_eta": -2.8483590693943843, "log10_lambda": -3.4958122131088976, "log10_min_child_weight": 4.165565342761475, "log10_subsample": -0.8740220467253098, "max_depth": 4.0, "num_boost_round": 8.0}, "datetime": {"datetime": "2024-01-19 01:40:17", "elapsed": 5371.545318, "delta": 0.004093}}
{"target": -17.677136834318755, "params": {"gamma": 50.332007831775606, "log10_alpha": -0.3607362594230539, "log10_colsample_bytree": -0.8396400697226798, "log10_eta": -2.8483590693943843, "log10_lambda": -3.4958122131088976, "log10_min_child_weight": 4.165565342761475, "log10_subsample": -0.8740220467253098, "max_depth": 4.0, "num_boost_round": 9.0}, "datetime": {"datetime": "2024-01-19 01:40:17", "elapsed": 5371.549837, "delta": 0.004519}}
{"target": -17.677142298960387, "params": {"gamma": 50.332007831775606, "log10_alpha": -0.3607362594230539, "log10_colsample_bytree": -0.8396400697226798, "log10_eta": -2.8483590693943843, "log10_lambda": -3.4958122131088976, "log10_min_child_weight": 4.165565342761475, "log10_subsample": -0.8740220467253098, "max_depth": 4.0, "num_boost_round": 10.0}, "datetime": {"datetime": "2024-01-19 01:40:17", "elapsed": 5371.554037, "delta": 0.0042}}
{"target": -17.677125562370925, "params": {"gamma": 50.332007831775606, "log10_alpha": -0.3607362594230539, "log10_colsample_bytree": -0.8396400697226798, "log10_eta": -2.8483590693943843, "log10_lambda": -3.4958122131088976, "log10_min_child_weight": 4.165565342761475, "log10_subsample": -0.8740220467253098, "max_depth": 4.0, "num_boost_round": 11.0}, "datetime": {"datetime": "2024-01-19 01:40:17", "elapsed": 5371.558285, "delta": 0.004248}}
{"target": -17.67711074424873, "params": {"gamma": 50.332007831775606, "log10_alpha": -0.3607362594230539, "log10_colsample_bytree": -0.8396400697226798, "log10_eta": -2.8483590693943843, "log10_lambda": -3.4958122131088976, "log10_min_child_weight": 4.165565342761475, "log10_subsample": -0.8740220467253098, "max_depth": 4.0, "num_boost_round": 12.0}, "datetime": {"datetime": "2024-01-19 01:40:17", "elapsed": 5371.562646, "delta": 0.004361}}
{"target": -17.677116081225336, "params": {"gamma": 50.332007831775606, "log10_alpha": -0.3607362594230539, "log10_colsample_bytree": -0.8396400697226798, "log10_eta": -2.8483590693943843, "log10_lambda": -3.4958122131088976, "log10_min_child_weight": 4.165565342761475, "log10_subsample": -0.8740220467253098, "max_depth": 4.0, "num_boost_round": 13.0}, "datetime": {"datetime": "2024-01-19 01:40:17", "elapsed": 5371.56701, "delta": 0.004364}}
{"target": -17.677118268644577, "params": {"gamma": 50.332007831775606, "log10_alpha": -0.3607362594230539, "log10_colsample_bytree": -0.8396400697226798, "log10_eta": -2.8483590693943843, "log10_lambda": -3.4958122131088976, "log10_min_child_weight": 4.165565342761475, "log10_subsample": -0.8740220467253098, "max_depth": 4.0, "num_boost_round": 14.0}, "datetime": {"datetime": "2024-01-19 01:40:17", "elapsed": 5371.571234, "delta": 0.004224}}
{"target": -17.677097507420363, "params": {"gamma": 50.332007831775606, "log10_alpha": -0.3607362594230539, "log10_colsample_bytree": -0.8396400697226798, "log10_eta": -2.8483590693943843, "log10_lambda": -3.4958122131088976, "log10_min_child_weight": 4.165565342761475, "log10_subsample": -0.8740220467253098, "max_depth": 4.0, "num_boost_round": 15.0}, "datetime": {"datetime": "2024-01-19 01:40:17", "elapsed": 5371.575447, "delta": 0.004213}}
{"target": -17.677078362403133, "params": {"gamma": 50.332007831775606, "log10_alpha": -0.3607362594230539, "log10_colsample_bytree": -0.8396400697226798, "log10_eta": -2.8483590693943843, "log10_lambda": -3.4958122131088976, "log10_min_child_weight": 4.165565342761475, "log10_subsample": -0.8740220467253098, "max_depth": 4.0, "num_boost_round": 16.0}, "datetime": {"datetime": "2024-01-19 01:40:17", "elapsed": 5371.579612, "delta": 0.004165}}
{"target": -17.677073922222608, "params": {"gamma": 50.332007831775606, "log10_alpha": -0.3607362594230539, "log10_colsample_bytree": -0.8396400697226798, "log10_eta": -2.8483590693943843, "log10_lambda": -3.4958122131088976, "log10_min_child_weight": 4.165565342761475, "log10_subsample": -0.8740220467253098, "max_depth": 4.0, "num_boost_round": 17.0}, "datetime": {"datetime": "2024-01-19 01:40:17", "elapsed": 5371.584059, "delta": 0.004447}}
{"target": -17.677060644423587, "params": {"gamma": 50.332007831775606, "log10_alpha": -0.3607362594230539, "log10_colsample_bytree": -0.8396400697226798, "log10_eta": -2.8483590693943843, "log10_lambda": -3.4958122131088976, "log10_min_child_weight": 4.165565342761475, "log10_subsample": -0.8740220467253098, "max_depth": 4.0, "num_boost_round": 18.0}, "datetime": {"datetime": "2024-01-19 01:40:17", "elapsed": 5371.588236, "delta": 0.004177}}
{"target": -17.677034498634086, "params": {"gamma": 50.332007831775606, "log10_alpha": -0.3607362594230539, "log10_colsample_bytree": -0.8396400697226798, "log10_eta": -2.8483590693943843, "log10_lambda": -3.4958122131088976, "log10_min_child_weight": 4.165565342761475, "log10_subsample": -0.8740220467253098, "max_depth": 4.0, "num_boost_round": 19.0}, "datetime": {"datetime": "2024-01-19 01:40:17", "elapsed": 5371.592609, "delta": 0.004373}}
{"target": -17.67704993816479, "params": {"gamma": 50.332007831775606, "log10_alpha": -0.3607362594230539, "log10_colsample_bytree": -0.8396400697226798, "log10_eta": -2.8483590693943843, "log10_lambda": -3.4958122131088976, "log10_min_child_weight": 4.165565342761475, "log10_subsample": -0.8740220467253098, "max_depth": 4.0, "num_boost_round": 20.0}, "datetime": {"datetime": "2024-01-19 01:40:17", "elapsed": 5371.596908, "delta": 0.004299}}
{"target": -17.67703893481562, "params": {"gamma": 50.332007831775606, "log10_alpha": -0.3607362594230539, "log10_colsample_bytree": -0.8396400697226798, "log10_eta": -2.8483590693943843, "log10_lambda": -3.4958122131088976, "log10_min_child_weight": 4.165565342761475, "log10_subsample": -0.8740220467253098, "max_depth": 4.0, "num_boost_round": 21.0}, "datetime": {"datetime": "2024-01-19 01:40:17", "elapsed": 5371.601395, "delta": 0.004487}}
{"target": -17.67702977434083, "params": {"gamma": 50.332007831775606, "log10_alpha": -0.3607362594230539, "log10_colsample_bytree": -0.8396400697226798, "log10_eta": -2.8483590693943843, "log10_lambda": -3.4958122131088976, "log10_min_child_weight": 4.165565342761475, "log10_subsample": -0.8740220467253098, "max_depth": 4.0, "num_boost_round": 22.0}, "datetime": {"datetime": "2024-01-19 01:40:17", "elapsed": 5371.605629, "delta": 0.004234}}
{"target": -17.6770141111627, "params": {"gamma": 50.332007831775606, "log10_alpha": -0.3607362594230539, "log10_colsample_bytree": -0.8396400697226798, "log10_eta": -2.8483590693943843, "log10_lambda": -3.4958122131088976, "log10_min_child_weight": 4.165565342761475, "log10_subsample": -0.8740220467253098, "max_depth": 4.0, "num_boost_round": 23.0}, "datetime": {"datetime": "2024-01-19 01:40:17", "elapsed": 5371.609825, "delta": 0.004196}}
{"target": -17.677010709244033, "params": {"gamma": 50.332007831775606, "log10_alpha": -0.3607362594230539, "log10_colsample_bytree": -0.8396400697226798, "log10_eta": -2.8483590693943843, "log10_lambda": -3.4958122131088976, "log10_min_child_weight": 4.165565342761475, "log10_subsample": -0.8740220467253098, "max_depth": 4.0, "num_boost_round": 24.0}, "datetime": {"datetime": "2024-01-19 01:40:17", "elapsed": 5371.614123, "delta": 0.004298}}
{"target": -17.677001481278108, "params": {"gamma": 50.332007831775606, "log10_alpha": -0.3607362594230539, "log10_colsample_bytree": -0.8396400697226798, "log10_eta": -2.8483590693943843, "log10_lambda": -3.4958122131088976, "log10_min_child_weight": 4.165565342761475, "log10_subsample": -0.8740220467253098, "max_depth": 4.0, "num_boost_round": 25.0}, "datetime": {"datetime": "2024-01-19 01:40:17", "elapsed": 5371.618647, "delta": 0.004524}}
{"target": -17.677003473452174, "params": {"gamma": 50.332007831775606, "log10_alpha": -0.3607362594230539, "log10_colsample_bytree": -0.8396400697226798, "log10_eta": -2.8483590693943843, "log10_lambda": -3.4958122131088976, "log10_min_child_weight": 4.165565342761475, "log10_subsample": -0.8740220467253098, "max_depth": 4.0, "num_boost_round": 26.0}, "datetime": {"datetime": "2024-01-19 01:40:17", "elapsed": 5371.622936, "delta": 0.004289}}
{"target": -17.676989348775262, "params": {"gamma": 50.332007831775606, "log10_alpha": -0.3607362594230539, "log10_colsample_bytree": -0.8396400697226798, "log10_eta": -2.8483590693943843, "log10_lambda": -3.4958122131088976, "log10_min_child_weight": 4.165565342761475, "log10_subsample": -0.8740220467253098, "max_depth": 4.0, "num_boost_round": 27.0}, "datetime": {"datetime": "2024-01-19 01:40:17", "elapsed": 5371.627341, "delta": 0.004405}}
{"target": -17.67696859281873, "params": {"gamma": 50.332007831775606, "log10_alpha": -0.3607362594230539, "log10_colsample_bytree": -0.8396400697226798, "log10_eta": -2.8483590693943843, "log10_lambda": -3.4958122131088976, "log10_min_child_weight": 4.165565342761475, "log10_subsample": -0.8740220467253098, "max_depth": 4.0, "num_boost_round": 28.0}, "datetime": {"datetime": "2024-01-19 01:40:17", "elapsed": 5371.631581, "delta": 0.00424}}
{"target": -17.676959433035435, "params": {"gamma": 50.332007831775606, "log10_alpha": -0.3607362594230539, "log10_colsample_bytree": -0.8396400697226798, "log10_eta": -2.8483590693943843, "log10_lambda": -3.4958122131088976, "log10_min_child_weight": 4.165565342761475, "log10_subsample": -0.8740220467253098, "max_depth": 4.0, "num_boost_round": 29.0}, "datetime": {"datetime": "2024-01-19 01:40:17", "elapsed": 5371.636975, "delta": 0.005394}}
{"target": -17.676956310520815, "params": {"gamma": 50.332007831775606, "log10_alpha": -0.3607362594230539, "log10_colsample_bytree": -0.8396400697226798, "log10_eta": -2.8483590693943843, "log10_lambda": -3.4958122131088976, "log10_min_child_weight": 4.165565342761475, "log10_subsample": -0.8740220467253098, "max_depth": 4.0, "num_boost_round": 30.0}, "datetime": {"datetime": "2024-01-19 01:40:17", "elapsed": 5371.641405, "delta": 0.00443}}
{"target": -17.676942776267527, "params": {"gamma": 50.332007831775606, "log10_alpha": -0.3607362594230539, "log10_colsample_bytree": -0.8396400697226798, "log10_eta": -2.8483590693943843, "log10_lambda": -3.4958122131088976, "log10_min_child_weight": 4.165565342761475, "log10_subsample": -0.8740220467253098, "max_depth": 4.0, "num_boost_round": 31.0}, "datetime": {"datetime": "2024-01-19 01:40:17", "elapsed": 5371.645719, "delta": 0.004314}}
{"target": -17.67692754797476, "params": {"gamma": 50.332007831775606, "log10_alpha": -0.3607362594230539, "log10_colsample_bytree": -0.8396400697226798, "log10_eta": -2.8483590693943843, "log10_lambda": -3.4958122131088976, "log10_min_child_weight": 4.165565342761475, "log10_subsample": -0.8740220467253098, "max_depth": 4.0, "num_boost_round": 32.0}, "datetime": {"datetime": "2024-01-19 01:40:17", "elapsed": 5371.650026, "delta": 0.004307}}
