{"target": -17.677158314044892, "params": {"gamma": 974.7826680039745, "log10_alpha": -2.980213035492005, "log10_colsample_bytree": -0.4636570415957617, "log10_eta": -3.9101365846542886, "log10_lambda": -1.6216735295061295, "log10_min_child_weight": 2.367825056011594, "log10_subsample": -0.6640670068501335, "max_depth": 8.0, "num_boost_round": 15.0}, "datetime": {"datetime": "2024-01-19 01:40:46", "elapsed": 5340.151534, "delta": 0.005091}}
{"target": -17.677153788221215, "params": {"gamma": 974.7826680039745, "log10_alpha": -2.980213035492005, "log10_colsample_bytree": -0.4636570415957617, "log10_eta": -3.9101365846542886, "log10_lambda": -1.6216735295061295, "log10_min_child_weight": 2.367825056011594, "log10_subsample": -0.6640670068501335, "max_depth": 8.0, "num_boost_round": 16.0}, "datetime": {"datetime": "2024-01-19 01:40:46", "elapsed": 5340.156786, "delta": 0.005252}}
{"target": -17.67714711894771, "params": {"gamma": 974.7826680039745, "log10_alpha": -2.980213035492005, "log10_colsample_bytree": -0.4636570415957617, "log10_eta": -3.9101365846542886, "log10_lambda": -1.6216735295061295, "log10_min_child_weight": 2.367825056011594, "log10_subsample": -0.6640670068501335, "max_depth": 8.0, "num_boost_round": 17.0}, "datetime": {"datetime": "2024-01-19 01:40:46", "elapsed": 5340.161873, "delta": 0.005087}}
{"target": -17.6771473273759, "params": {"gamma": 974.7826680039745, "log10_alpha": -2.980213035492005, "log10_colsample_bytree": -0.4636570415957617, "log10_eta": -3.9101365846542886, "log10_lambda": -1.6216735295061295, "log10_min_child_weight": 2.367825056011594, "log10_subsample": -0.6640670068501335, "max_depth": 8.0, "num_boost_round": 18.0}, "datetime": {"datetime": "2024-01-19 01:40:46", "elapsed": 5340.166922, "delta": 0.005049}}
{"target": -17.677140727780504, "params": {"gamma": 974.7826680039745, "log10_alpha": -2.980213035492005, "log10_colsample_bytree": -0.4636570415957617, "log10_eta": -3.9101365846542886, "log10_lambda": -1.6216735295061295, "log10_min_child_weight": 2.367825056011594, "log10_subsample": -0.6640670068501335, "max_depth": 8.0, "num_boost_round": 19.0}, "datetime": {"datetime": "2024-01-19 01:40:46", "elapsed": 5340.17202, "delta": 0.005098}}
{"target": -17.67713644237431, "params": {"gamma": 974.7826680039745, "log10_alpha": -2.980213035492005, "log10_colsample_bytree": -0.4636570415957617, "log10_eta": -3.9101365846542886, "log10_lambda": -1.6216735295061295, "log10_min_child_weight": 2.367825056011594, "log10_subsample": -0.6640670068501335, "max_depth": 8.0, "num_boost_round": 20.0}, "datetime": {"datetime": "2024-01-19 01:40:46", "elapsed": 5340.177088, "delta": 0.005068}}
{"target": -17.677131863589363, "params": {"gamma": 974.7826680039745, "log10_alpha": -2.980213035492005, "log10_colsample_bytree": -0.4636570415957617, "log10_eta": -3.9101365846542886, "log10_lambda": -1.6216735295061295, "log10_min_child_weight": 2.367825056011594, "log10_subsample": -0.6640670068501335, "max_depth": 8.0, "num_boost_round": 21.0}, "datetime": {"datetime": "2024-01-19 01:40:46", "elapsed": 5340.182233, "delta": 0.005145}}
{"target": -17.677123077612105, "params": {"gamma": 974.7826680039745, "log10_alpha": -2.980213035492005, "log10_colsample_bytree": -0.4636570415957617, "log10_eta": -3.9101365846542886, "log10_lambda": -1.6216735295061295, "log10_min_child_weight": 2.367825056011594, "log10_subsample": -0.6640670068501335, "max_depth": 8.0, "num_boost_round": 22.0}, "datetime": {"datetime": "2024-01-19 01:40:46", "elapsed": 5340.187494, "delta": 0.005261}}
{"target": -17.677111199702757, "params": {"gamma": 974.7826680039745, "log10_alpha": -2.980213035492005, "log10_colsample_bytree": -0.4636570415957617, "log10_eta": -3.9101365846542886, "log10_lambda": -1.6216735295061295, "log10_min_child_weight": 2.367825056011594, "log10_subsample": -0.6640670068501335, "max_depth": 8.0, "num_boost_round": 23.0}, "datetime": {"datetime": "2024-01-19 01:40:46", "elapsed": 5340.192566, "delta": 0.005072}}
{"target": -17.677108019448337, "params": {"gamma": 974.7826680039745, "log10_alpha": -2.980213035492005, "log10_colsample_bytree": -0.4636570415957617, "log10_eta": -3.9101365846542886, "log10_lambda": -1.6216735295061295, "log10_min_child_weight": 2.367825056011594, "log10_subsample": -0.6640670068501335, "max_depth": 8.0, "num_boost_round": 24.0}, "datetime": {"datetime": "2024-01-19 01:40:46", "elapsed": 5340.197682, "delta": 0.005116}}
{"target": -17.677099166655154, "params": {"gamma": 974.7826680039745, "log10_alpha": -2.980213035492005, "log10_colsample_bytree": -0.4636570415957617, "log10_eta": -3.9101365846542886, "log10_lambda": -1.6216735295061295, "log10_min_child_weight": 2.367825056011594, "log10_subsample": -0.6640670068501335, "max_depth": 8.0, "num_boost_round": 25.0}, "datetime": {"datetime": "2024-01-19 01:40:46", "elapsed": 5340.202817, "delta": 0.005135}}
{"target": -17.677103353760657, "params": {"gamma": 974.7826680039745, "log10_alpha": -2.980213035492005, "log10_colsample_bytree": -0.4636570415957617, "log10_eta": -3.9101365846542886, "log10_lambda": -1.6216735295061295, "log10_min_child_weight": 2.367825056011594, "log10_subsample": -0.6640670068501335, "max_depth": 8.0, "num_boost_round": 26.0}, "datetime": {"datetime": "2024-01-19 01:40:46", "elapsed": 5340.207915, "delta": 0.005098}}
{"target": -17.67710612306068, "params": {"gamma": 974.7826680039745, "log10_alpha": -2.980213035492005, "log10_colsample_bytree": -0.4636570415957617, "log10_eta": -3.9101365846542886, "log10_lambda": -1.6216735295061295, "log10_min_child_weight": 2.367825056011594, "log10_subsample": -0.6640670068501335, "max_depth": 8.0, "num_boost_round": 27.0}, "datetime": {"datetime": "2024-01-19 01:40:46", "elapsed": 5340.318541, "delta": 0.110626}}
{"target": -17.677098838902854, "params": {"gamma": 974.7826680039745, "log10_alpha": -2.980213035492005, "log10_colsample_bytree": -0.4636570415957617, "log10_eta": -3.9101365846542886, "log10_lambda": -1.6216735295061295, "log10_min_child_weight": 2.367825056011594, "log10_subsample": -0.6640670068501335, "max_depth": 8.0, "num_boost_round": 28.0}, "datetime": {"datetime": "2024-01-19 01:40:46", "elapsed": 5340.325332, "delta": 0.006791}}
{"target": -17.677091579048128, "params": {"gamma": 974.7826680039745, "log10_alpha": -2.980213035492005, "log10_colsample_bytree": -0.4636570415957617, "log10_eta": -3.9101365846542886, "log10_lambda": -1.6216735295061295, "log10_min_child_weight": 2.367825056011594, "log10_subsample": -0.6640670068501335, "max_depth": 8.0, "num_boost_round": 29.0}, "datetime": {"datetime": "2024-01-19 01:40:46", "elapsed": 5340.330929, "delta": 0.005597}}
{"target": -17.677091477101104, "params": {"gamma": 974.7826680039745, "log10_alpha": -2.980213035492005, "log10_colsample_bytree": -0.4636570415957617, "log10_eta": -3.9101365846542886, "log10_lambda": -1.6216735295061295, "log10_min_child_weight": 2.367825056011594, "log10_subsample": -0.6640670068501335, "max_depth": 8.0, "num_boost_round": 30.0}, "datetime": {"datetime": "2024-01-19 01:40:46", "elapsed": 5340.336344, "delta": 0.005415}}
{"target": -17.6770873713752, "params": {"gamma": 974.7826680039745, "log10_alpha": -2.980213035492005, "log10_colsample_bytree": -0.4636570415957617, "log10_eta": -3.9101365846542886, "log10_lambda": -1.6216735295061295, "log10_min_child_weight": 2.367825056011594, "log10_subsample": -0.6640670068501335, "max_depth": 8.0, "num_boost_round": 31.0}, "datetime": {"datetime": "2024-01-19 01:40:46", "elapsed": 5340.342638, "delta": 0.006294}}
{"target": -17.67708186425194, "params": {"gamma": 974.7826680039745, "log10_alpha": -2.980213035492005, "log10_colsample_bytree": -0.4636570415957617, "log10_eta": -3.9101365846542886, "log10_lambda": -1.6216735295061295, "log10_min_child_weight": 2.367825056011594, "log10_subsample": -0.6640670068501335, "max_depth": 8.0, "num_boost_round": 32.0}, "datetime": {"datetime": "2024-01-19 01:40:46", "elapsed": 5340.348464, "delta": 0.005826}}
{"target": -17.677075026848062, "params": {"gamma": 974.7826680039745, "log10_alpha": -2.980213035492005, "log10_colsample_bytree": -0.4636570415957617, "log10_eta": -3.9101365846542886, "log10_lambda": -1.6216735295061295, "log10_min_child_weight": 2.367825056011594, "log10_subsample": -0.6640670068501335, "max_depth": 8.0, "num_boost_round": 33.0}, "datetime": {"datetime": "2024-01-19 01:40:46", "elapsed": 5340.354071, "delta": 0.005607}}
{"target": -17.677071310879107, "params": {"gamma": 974.7826680039745, "log10_alpha": -2.980213035492005, "log10_colsample_bytree": -0.4636570415957617, "log10_eta": -3.9101365846542886, "log10_lambda": -1.6216735295061295, "log10_min_child_weight": 2.367825056011594, "log10_subsample": -0.6640670068501335, "max_depth": 8.0, "num_boost_round": 34.0}, "datetime": {"datetime": "2024-01-19 01:40:46", "elapsed": 5340.35979, "delta": 0.005719}}
{"target": -17.677068475734043, "params": {"gamma": 974.7826680039745, "log10_alpha": -2.980213035492005, "log10_colsample_bytree": -0.4636570415957617, "log10_eta": -3.9101365846542886, "log10_lambda": -1.6216735295061295, "log10_min_child_weight": 2.367825056011594, "log10_subsample": -0.6640670068501335, "max_depth": 8.0, "num_boost_round": 35.0}, "datetime": {"datetime": "2024-01-19 01:40:46", "elapsed": 5340.365242, "delta": 0.005452}}
{"target": -17.677068151289774, "params": {"gamma": 974.7826680039745, "log10_alpha": -2.980213035492005, "log10_colsample_bytree": -0.4636570415957617, "log10_eta": -3.9101365846542886, "log10_lambda": -1.6216735295061295, "log10_min_child_weight": 2.367825056011594, "log10_subsample": -0.6640670068501335, "max_depth": 8.0, "num_boost_round": 36.0}, "datetime": {"datetime": "2024-01-19 01:40:46", "elapsed": 5340.370629, "delta": 0.005387}}
{"target": -17.677068731824892, "params": {"gamma": 974.7826680039745, "log10_alpha": -2.980213035492005, "log10_colsample_bytree": -0.4636570415957617, "log10_eta": -3.9101365846542886, "log10_lambda": -1.6216735295061295, "log10_min_child_weight": 2.367825056011594, "log10_subsample": -0.6640670068501335, "max_depth": 8.0, "num_boost_round": 37.0}, "datetime": {"datetime": "2024-01-19 01:40:46", "elapsed": 5340.376018, "delta": 0.005389}}
{"target": -17.677230470564645, "params": {"gamma": 972.8648005425518, "log10_alpha": -4.85713062806853, "log10_colsample_bytree": 0.0, "log10_eta": -4.0, "log10_lambda": -5.0, "log10_min_child_weight": 3.4355711702683007, "log10_subsample": -0.8355429160050298, "max_depth": 8.0, "num_boost_round": 0.0}, "datetime": {"datetime": "2024-01-19 01:41:54", "elapsed": 5408.284858, "delta": 67.90884}}
{"target": -17.677229217755517, "params": {"gamma": 972.8648005425518, "log10_alpha": -4.85713062806853, "log10_colsample_bytree": 0.0, "log10_eta": -4.0, "log10_lambda": -5.0, "log10_min_child_weight": 3.4355711702683007, "log10_subsample": -0.8355429160050298, "max_depth": 8.0, "num_boost_round": 1.0}, "datetime": {"datetime": "2024-01-19 01:41:54", "elapsed": 5408.290669, "delta": 0.005811}}
{"target": -17.677226995675916, "params": {"gamma": 972.8648005425518, "log10_alpha": -4.85713062806853, "log10_colsample_bytree": 0.0, "log10_eta": -4.0, "log10_lambda": -5.0, "log10_min_child_weight": 3.4355711702683007, "log10_subsample": -0.8355429160050298, "max_depth": 8.0, "num_boost_round": 2.0}, "datetime": {"datetime": "2024-01-19 01:41:54", "elapsed": 5408.295919, "delta": 0.00525}}
{"target": -17.677225903255348, "params": {"gamma": 972.8648005425518, "log10_alpha": -4.85713062806853, "log10_colsample_bytree": 0.0, "log10_eta": -4.0, "log10_lambda": -5.0, "log10_min_child_weight": 3.4355711702683007, "log10_subsample": -0.8355429160050298, "max_depth": 8.0, "num_boost_round": 3.0}, "datetime": {"datetime": "2024-01-19 01:41:54", "elapsed": 5408.301078, "delta": 0.005159}}
{"target": -17.67722543382913, "params": {"gamma": 972.8648005425518, "log10_alpha": -4.85713062806853, "log10_colsample_bytree": 0.0, "log10_eta": -4.0, "log10_lambda": -5.0, "log10_min_child_weight": 3.4355711702683007, "log10_subsample": -0.8355429160050298, "max_depth": 8.0, "num_boost_round": 4.0}, "datetime": {"datetime": "2024-01-19 01:41:54", "elapsed": 5408.306216, "delta": 0.005138}}
{"target": -17.677223390295463, "params": {"gamma": 972.8648005425518, "log10_alpha": -4.85713062806853, "log10_colsample_bytree": 0.0, "log10_eta": -4.0, "log10_lambda": -5.0, "log10_min_child_weight": 3.4355711702683007, "log10_subsample": -0.8355429160050298, "max_depth": 8.0, "num_boost_round": 5.0}, "datetime": {"datetime": "2024-01-19 01:41:54", "elapsed": 5408.311498, "delta": 0.005282}}
{"target": -17.677219356079714, "params": {"gamma": 972.8648005425518, "log10_alpha": -4.85713062806853, "log10_colsample_bytree": 0.0, "log10_eta": -4.0, "log10_lambda": -5.0, "log10_min_child_weight": 3.4355711702683007, "log10_subsample": -0.8355429160050298, "max_depth": 8.0, "num_boost_round": 6.0}, "datetime": {"datetime": "2024-01-19 01:41:54", "elapsed": 5408.316944, "delta": 0.005446}}
{"target": -17.677218408479245, "params": {"gamma": 972.8648005425518, "log10_alpha": -4.85713062806853, "log10_colsample_bytree": 0.0, "log10_eta": -4.0, "log10_lambda": -5.0, "log10_min_child_weight": 3.4355711702683007, "log10_subsample": -0.8355429160050298, "max_depth": 8.0, "num_boost_round": 7.0}, "datetime": {"datetime": "2024-01-19 01:41:54", "elapsed": 5408.3226, "delta": 0.005656}}
{"target": -17.677215751742015, "params": {"gamma": 972.8648005425518, "log10_alpha": -4.85713062806853, "log10_colsample_bytree": 0.0, "log10_eta": -4.0, "log10_lambda": -5.0, "log10_min_child_weight": 3.4355711702683007, "log10_subsample": -0.8355429160050298, "max_depth": 8.0, "num_boost_round": 8.0}, "datetime": {"datetime": "2024-01-19 01:41:54", "elapsed": 5408.327835, "delta": 0.005235}}
{"target": -17.677211054003564, "params": {"gamma": 972.8648005425518, "log10_alpha": -4.85713062806853, "log10_colsample_bytree": 0.0, "log10_eta": -4.0, "log10_lambda": -5.0, "log10_min_child_weight": 3.4355711702683007, "log10_subsample": -0.8355429160050298, "max_depth": 8.0, "num_boost_round": 9.0}, "datetime": {"datetime": "2024-01-19 01:41:54", "elapsed": 5408.333464, "delta": 0.005629}}
{"target": -17.677205551189434, "params": {"gamma": 972.8648005425518, "log10_alpha": -4.85713062806853, "log10_colsample_bytree": 0.0, "log10_eta": -4.0, "log10_lambda": -5.0, "log10_min_child_weight": 3.4355711702683007, "log10_subsample": -0.8355429160050298, "max_depth": 8.0, "num_boost_round": 10.0}, "datetime": {"datetime": "2024-01-19 01:41:54", "elapsed": 5408.339018, "delta": 0.005554}}
{"target": -17.677203402652665, "params": {"gamma": 972.8648005425518, "log10_alpha": -4.85713062806853, "log10_colsample_bytree": 0.0, "log10_eta": -4.0, "log10_lambda": -5.0, "log10_min_child_weight": 3.4355711702683007, "log10_subsample": -0.8355429160050298, "max_depth": 8.0, "num_boost_round": 11.0}, "datetime": {"datetime": "2024-01-19 01:41:54", "elapsed": 5408.344425, "delta": 0.005407}}
{"target": -17.67719944986276, "params": {"gamma": 972.8648005425518, "log10_alpha": -4.85713062806853, "log10_colsample_bytree": 0.0, "log10_eta": -4.0, "log10_lambda": -5.0, "log10_min_child_weight": 3.4355711702683007, "log10_subsample": -0.8355429160050298, "max_depth": 8.0, "num_boost_round": 12.0}, "datetime": {"datetime": "2024-01-19 01:41:54", "elapsed": 5408.349888, "delta": 0.005463}}
{"target": -17.677195075542564, "params": {"gamma": 972.8648005425518, "log10_alpha": -4.85713062806853, "log10_colsample_bytree": 0.0, "log10_eta": -4.0, "log10_lambda": -5.0, "log10_min_child_weight": 3.4355711702683007, "log10_subsample": -0.8355429160050298, "max_depth": 8.0, "num_boost_round": 13.0}, "datetime": {"datetime": "2024-01-19 01:41:54", "elapsed": 5408.355645, "delta": 0.005757}}
{"target": -17.677193145150845, "params": {"gamma": 972.8648005425518, "log10_alpha": -4.85713062806853, "log10_colsample_bytree": 0.0, "log10_eta": -4.0, "log10_lambda": -5.0, "log10_min_child_weight": 3.4355711702683007, "log10_subsample": -0.8355429160050298, "max_depth": 8.0, "num_boost_round": 14.0}, "datetime": {"datetime": "2024-01-19 01:41:54", "elapsed": 5408.360962, "delta": 0.005317}}
{"target": -17.67719429769977, "params": {"gamma": 972.8648005425518, "log10_alpha": -4.85713062806853, "log10_colsample_bytree": 0.0, "log10_eta": -4.0, "log10_lambda": -5.0, "log10_min_child_weight": 3.4355711702683007, "log10_subsample": -0.8355429160050298, "max_depth": 8.0, "num_boost_round": 15.0}, "datetime": {"datetime": "2024-01-19 01:41:54", "elapsed": 5408.366333, "delta": 0.005371}}
{"target": -17.67719284842857, "params": {"gamma": 972.8648005425518, "log10_alpha": -4.85713062806853, "log10_colsample_bytree": 0.0, "log10_eta": -4.0, "log10_lambda": -5.0, "log10_min_child_weight": 3.4355711702683007, "log10_subsample": -0.8355429160050298, "max_depth": 8.0, "num_boost_round": 16.0}, "datetime": {"datetime": "2024-01-19 01:41:54", "elapsed": 5408.371835, "delta": 0.005502}}
{"target": -17.677191350042687, "params": {"gamma": 972.8648005425518, "log10_alpha": -4.85713062806853, "log10_colsample_bytree": 0.0, "log10_eta": -4.0, "log10_lambda": -5.0, "log10_min_child_weight": 3.4355711702683007, "log10_subsample": -0.8355429160050298, "max_depth": 8.0, "num_boost_round": 17.0}, "datetime": {"datetime": "2024-01-19 01:41:54", "elapsed": 5408.377497, "delta": 0.005662}}
{"target": -17.67718824065133, "params": {"gamma": 972.8648005425518, "log10_alpha": -4.85713062806853, "log10_colsample_bytree": 0.0, "log10_eta": -4.0, "log10_lambda": -5.0, "log10_min_child_weight": 3.4355711702683007, "log10_subsample": -0.8355429160050298, "max_depth": 8.0, "num_boost_round": 18.0}, "datetime": {"datetime": "2024-01-19 01:41:54", "elapsed": 5408.38303, "delta": 0.005533}}
{"target": -17.6771870907184, "params": {"gamma": 972.8648005425518, "log10_alpha": -4.85713062806853, "log10_colsample_bytree": 0.0, "log10_eta": -4.0, "log10_lambda": -5.0, "log10_min_child_weight": 3.4355711702683007, "log10_subsample": -0.8355429160050298, "max_depth": 8.0, "num_boost_round": 19.0}, "datetime": {"datetime": "2024-01-19 01:41:54", "elapsed": 5408.388607, "delta": 0.005577}}
{"target": -17.67718506495619, "params": {"gamma": 972.8648005425518, "log10_alpha": -4.85713062806853, "log10_colsample_bytree": 0.0, "log10_eta": -4.0, "log10_lambda": -5.0, "log10_min_child_weight": 3.4355711702683007, "log10_subsample": -0.8355429160050298, "max_depth": 8.0, "num_boost_round": 20.0}, "datetime": {"datetime": "2024-01-19 01:41:54", "elapsed": 5408.394023, "delta": 0.005416}}
{"target": -17.67718005334919, "params": {"gamma": 972.8648005425518, "log10_alpha": -4.85713062806853, "log10_colsample_bytree": 0.0, "log10_eta": -4.0, "log10_lambda": -5.0, "log10_min_child_weight": 3.4355711702683007, "log10_subsample": -0.8355429160050298, "max_depth": 8.0, "num_boost_round": 21.0}, "datetime": {"datetime": "2024-01-19 01:41:54", "elapsed": 5408.399358, "delta": 0.005335}}
{"target": -17.677179463464373, "params": {"gamma": 972.8648005425518, "log10_alpha": -4.85713062806853, "log10_colsample_bytree": 0.0, "log10_eta": -4.0, "log10_lambda": -5.0, "log10_min_child_weight": 3.4355711702683007, "log10_subsample": -0.8355429160050298, "max_depth": 8.0, "num_boost_round": 22.0}, "datetime": {"datetime": "2024-01-19 01:41:54", "elapsed": 5408.404568, "delta": 0.00521}}
{"target": -17.677178522743855, "params": {"gamma": 972.8648005425518, "log10_alpha": -4.85713062806853, "log10_colsample_bytree": 0.0, "log10_eta": -4.0, "log10_lambda": -5.0, "log10_min_child_weight": 3.4355711702683007, "log10_subsample": -0.8355429160050298, "max_depth": 8.0, "num_boost_round": 23.0}, "datetime": {"datetime": "2024-01-19 01:41:54", "elapsed": 5408.409775, "delta": 0.005207}}
{"target": -17.677178068997463, "params": {"gamma": 972.8648005425518, "log10_alpha": -4.85713062806853, "log10_colsample_bytree": 0.0, "log10_eta": -4.0, "log10_lambda": -5.0, "log10_min_child_weight": 3.4355711702683007, "log10_subsample": -0.8355429160050298, "max_depth": 8.0, "num_boost_round": 24.0}, "datetime": {"datetime": "2024-01-19 01:41:54", "elapsed": 5408.415107, "delta": 0.005332}}
{"target": -17.67717609014375, "params": {"gamma": 972.8648005425518, "log10_alpha": -4.85713062806853, "log10_colsample_bytree": 0.0, "log10_eta": -4.0, "log10_lambda": -5.0, "log10_min_child_weight": 3.4355711702683007, "log10_subsample": -0.8355429160050298, "max_depth": 8.0, "num_boost_round": 25.0}, "datetime": {"datetime": "2024-01-19 01:41:54", "elapsed": 5408.420595, "delta": 0.005488}}
{"target": -17.67717300851698, "params": {"gamma": 972.8648005425518, "log10_alpha": -4.85713062806853, "log10_colsample_bytree": 0.0, "log10_eta": -4.0, "log10_lambda": -5.0, "log10_min_child_weight": 3.4355711702683007, "log10_subsample": -0.8355429160050298, "max_depth": 8.0, "num_boost_round": 26.0}, "datetime": {"datetime": "2024-01-19 01:41:54", "elapsed": 5408.425746, "delta": 0.005151}}
{"target": -17.677171189444387, "params": {"gamma": 972.8648005425518, "log10_alpha": -4.85713062806853, "log10_colsample_bytree": 0.0, "log10_eta": -4.0, "log10_lambda": -5.0, "log10_min_child_weight": 3.4355711702683007, "log10_subsample": -0.8355429160050298, "max_depth": 8.0, "num_boost_round": 27.0}, "datetime": {"datetime": "2024-01-19 01:41:54", "elapsed": 5408.431082, "delta": 0.005336}}
{"target": -17.67716900531895, "params": {"gamma": 972.8648005425518, "log10_alpha": -4.85713062806853, "log10_colsample_bytree": 0.0, "log10_eta": -4.0, "log10_lambda": -5.0, "log10_min_child_weight": 3.4355711702683007, "log10_subsample": -0.8355429160050298, "max_depth": 8.0, "num_boost_round": 28.0}, "datetime": {"datetime": "2024-01-19 01:41:54", "elapsed": 5408.436335, "delta": 0.005253}}
