{"target": -13.758506507240996, "params": {"gamma": 79.80282966654273, "log10_alpha": -4.236476550558088, "log10_colsample_bytree": -0.6244083020669088, "log10_eta": -2.407741979224327, "log10_lambda": -0.19695523332301335, "log10_min_child_weight": 4.791965365318197, "log10_subsample": -0.38337106438464996, "max_depth": 4.0, "num_boost_round": 0.0}, "datetime": {"datetime": "2024-01-19 02:45:11", "elapsed": 9231.193498, "delta": 109.349293}}
{"target": -13.758502730996556, "params": {"gamma": 79.80282966654273, "log10_alpha": -4.236476550558088, "log10_colsample_bytree": -0.6244083020669088, "log10_eta": -2.407741979224327, "log10_lambda": -0.19695523332301335, "log10_min_child_weight": 4.791965365318197, "log10_subsample": -0.38337106438464996, "max_depth": 4.0, "num_boost_round": 1.0}, "datetime": {"datetime": "2024-01-19 02:45:11", "elapsed": 9231.200686, "delta": 0.007188}}
{"target": -13.758497401736108, "params": {"gamma": 79.80282966654273, "log10_alpha": -4.236476550558088, "log10_colsample_bytree": -0.6244083020669088, "log10_eta": -2.407741979224327, "log10_lambda": -0.19695523332301335, "log10_min_child_weight": 4.791965365318197, "log10_subsample": -0.38337106438464996, "max_depth": 4.0, "num_boost_round": 2.0}, "datetime": {"datetime": "2024-01-19 02:45:11", "elapsed": 9231.206992, "delta": 0.006306}}
{"target": -13.75848735858279, "params": {"gamma": 79.80282966654273, "log10_alpha": -4.236476550558088, "log10_colsample_bytree": -0.6244083020669088, "log10_eta": -2.407741979224327, "log10_lambda": -0.19695523332301335, "log10_min_child_weight": 4.791965365318197, "log10_subsample": -0.38337106438464996, "max_depth": 4.0, "num_boost_round": 3.0}, "datetime": {"datetime": "2024-01-19 02:45:11", "elapsed": 9231.213438, "delta": 0.006446}}
{"target": -13.758480238527925, "params": {"gamma": 79.80282966654273, "log10_alpha": -4.236476550558088, "log10_colsample_bytree": -0.6244083020669088, "log10_eta": -2.407741979224327, "log10_lambda": -0.19695523332301335, "log10_min_child_weight": 4.791965365318197, "log10_subsample": -0.38337106438464996, "max_depth": 4.0, "num_boost_round": 4.0}, "datetime": {"datetime": "2024-01-19 02:45:11", "elapsed": 9231.220029, "delta": 0.006591}}
{"target": -13.758469280871175, "params": {"gamma": 79.80282966654273, "log10_alpha": -4.236476550558088, "log10_colsample_bytree": -0.6244083020669088, "log10_eta": -2.407741979224327, "log10_lambda": -0.19695523332301335, "log10_min_child_weight": 4.791965365318197, "log10_subsample": -0.38337106438464996, "max_depth": 4.0, "num_boost_round": 5.0}, "datetime": {"datetime": "2024-01-19 02:45:11", "elapsed": 9231.226329, "delta": 0.0063}}
{"target": -13.75845423369875, "params": {"gamma": 79.80282966654273, "log10_alpha": -4.236476550558088, "log10_colsample_bytree": -0.6244083020669088, "log10_eta": -2.407741979224327, "log10_lambda": -0.19695523332301335, "log10_min_child_weight": 4.791965365318197, "log10_subsample": -0.38337106438464996, "max_depth": 4.0, "num_boost_round": 6.0}, "datetime": {"datetime": "2024-01-19 02:45:11", "elapsed": 9231.23263, "delta": 0.006301}}
{"target": -13.758419289092599, "params": {"gamma": 79.80282966654273, "log10_alpha": -4.236476550558088, "log10_colsample_bytree": -0.6244083020669088, "log10_eta": -2.407741979224327, "log10_lambda": -0.19695523332301335, "log10_min_child_weight": 4.791965365318197, "log10_subsample": -0.38337106438464996, "max_depth": 4.0, "num_boost_round": 7.0}, "datetime": {"datetime": "2024-01-19 02:45:11", "elapsed": 9231.239047, "delta": 0.006417}}
{"target": -13.75843713035715, "params": {"gamma": 79.80282966654273, "log10_alpha": -4.236476550558088, "log10_colsample_bytree": -0.6244083020669088, "log10_eta": -2.407741979224327, "log10_lambda": -0.19695523332301335, "log10_min_child_weight": 4.791965365318197, "log10_subsample": -0.38337106438464996, "max_depth": 4.0, "num_boost_round": 8.0}, "datetime": {"datetime": "2024-01-19 02:45:11", "elapsed": 9231.245374, "delta": 0.006327}}
{"target": -13.758438961189842, "params": {"gamma": 79.80282966654273, "log10_alpha": -4.236476550558088, "log10_colsample_bytree": -0.6244083020669088, "log10_eta": -2.407741979224327, "log10_lambda": -0.19695523332301335, "log10_min_child_weight": 4.791965365318197, "log10_subsample": -0.38337106438464996, "max_depth": 4.0, "num_boost_round": 9.0}, "datetime": {"datetime": "2024-01-19 02:45:11", "elapsed": 9231.2517, "delta": 0.006326}}
{"target": -13.758403213017568, "params": {"gamma": 79.80282966654273, "log10_alpha": -4.236476550558088, "log10_colsample_bytree": -0.6244083020669088, "log10_eta": -2.407741979224327, "log10_lambda": -0.19695523332301335, "log10_min_child_weight": 4.791965365318197, "log10_subsample": -0.38337106438464996, "max_depth": 4.0, "num_boost_round": 10.0}, "datetime": {"datetime": "2024-01-19 02:45:11", "elapsed": 9231.258411, "delta": 0.006711}}
{"target": -13.758390047602628, "params": {"gamma": 79.80282966654273, "log10_alpha": -4.236476550558088, "log10_colsample_bytree": -0.6244083020669088, "log10_eta": -2.407741979224327, "log10_lambda": -0.19695523332301335, "log10_min_child_weight": 4.791965365318197, "log10_subsample": -0.38337106438464996, "max_depth": 4.0, "num_boost_round": 11.0}, "datetime": {"datetime": "2024-01-19 02:45:11", "elapsed": 9231.264688, "delta": 0.006277}}
{"target": -13.758405451589445, "params": {"gamma": 79.80282966654273, "log10_alpha": -4.236476550558088, "log10_colsample_bytree": -0.6244083020669088, "log10_eta": -2.407741979224327, "log10_lambda": -0.19695523332301335, "log10_min_child_weight": 4.791965365318197, "log10_subsample": -0.38337106438464996, "max_depth": 4.0, "num_boost_round": 12.0}, "datetime": {"datetime": "2024-01-19 02:45:11", "elapsed": 9231.271112, "delta": 0.006424}}
{"target": -13.758409527848263, "params": {"gamma": 79.80282966654273, "log10_alpha": -4.236476550558088, "log10_colsample_bytree": -0.6244083020669088, "log10_eta": -2.407741979224327, "log10_lambda": -0.19695523332301335, "log10_min_child_weight": 4.791965365318197, "log10_subsample": -0.38337106438464996, "max_depth": 4.0, "num_boost_round": 13.0}, "datetime": {"datetime": "2024-01-19 02:45:11", "elapsed": 9231.277757, "delta": 0.006645}}
{"target": -13.758407849741852, "params": {"gamma": 79.80282966654273, "log10_alpha": -4.236476550558088, "log10_colsample_bytree": -0.6244083020669088, "log10_eta": -2.407741979224327, "log10_lambda": -0.19695523332301335, "log10_min_child_weight": 4.791965365318197, "log10_subsample": -0.38337106438464996, "max_depth": 4.0, "num_boost_round": 14.0}, "datetime": {"datetime": "2024-01-19 02:45:11", "elapsed": 9231.284251, "delta": 0.006494}}
{"target": -13.758373869728333, "params": {"gamma": 79.80282966654273, "log10_alpha": -4.236476550558088, "log10_colsample_bytree": -0.6244083020669088, "log10_eta": -2.407741979224327, "log10_lambda": -0.19695523332301335, "log10_min_child_weight": 4.791965365318197, "log10_subsample": -0.38337106438464996, "max_depth": 4.0, "num_boost_round": 15.0}, "datetime": {"datetime": "2024-01-19 02:45:11", "elapsed": 9231.290634, "delta": 0.006383}}
{"target": -13.758359588979614, "params": {"gamma": 79.80282966654273, "log10_alpha": -4.236476550558088, "log10_colsample_bytree": -0.6244083020669088, "log10_eta": -2.407741979224327, "log10_lambda": -0.19695523332301335, "log10_min_child_weight": 4.791965365318197, "log10_subsample": -0.38337106438464996, "max_depth": 4.0, "num_boost_round": 16.0}, "datetime": {"datetime": "2024-01-19 02:45:11", "elapsed": 9231.29694, "delta": 0.006306}}
{"target": -13.758355425935132, "params": {"gamma": 79.80282966654273, "log10_alpha": -4.236476550558088, "log10_colsample_bytree": -0.6244083020669088, "log10_eta": -2.407741979224327, "log10_lambda": -0.19695523332301335, "log10_min_child_weight": 4.791965365318197, "log10_subsample": -0.38337106438464996, "max_depth": 4.0, "num_boost_round": 17.0}, "datetime": {"datetime": "2024-01-19 02:45:11", "elapsed": 9231.303476, "delta": 0.006536}}
{"target": -13.75833226736928, "params": {"gamma": 79.80282966654273, "log10_alpha": -4.236476550558088, "log10_colsample_bytree": -0.6244083020669088, "log10_eta": -2.407741979224327, "log10_lambda": -0.19695523332301335, "log10_min_child_weight": 4.791965365318197, "log10_subsample": -0.38337106438464996, "max_depth": 4.0, "num_boost_round": 18.0}, "datetime": {"datetime": "2024-01-19 02:45:11", "elapsed": 9231.310019, "delta": 0.006543}}
{"target": -13.75832513411599, "params": {"gamma": 79.80282966654273, "log10_alpha": -4.236476550558088, "log10_colsample_bytree": -0.6244083020669088, "log10_eta": -2.407741979224327, "log10_lambda": -0.19695523332301335, "log10_min_child_weight": 4.791965365318197, "log10_subsample": -0.38337106438464996, "max_depth": 4.0, "num_boost_round": 19.0}, "datetime": {"datetime": "2024-01-19 02:45:11", "elapsed": 9231.316369, "delta": 0.00635}}
{"target": -13.758335745744178, "params": {"gamma": 79.80282966654273, "log10_alpha": -4.236476550558088, "log10_colsample_bytree": -0.6244083020669088, "log10_eta": -2.407741979224327, "log10_lambda": -0.19695523332301335, "log10_min_child_weight": 4.791965365318197, "log10_subsample": -0.38337106438464996, "max_depth": 4.0, "num_boost_round": 20.0}, "datetime": {"datetime": "2024-01-19 02:45:11", "elapsed": 9231.323105, "delta": 0.006736}}
{"target": -13.758346408079847, "params": {"gamma": 79.80282966654273, "log10_alpha": -4.236476550558088, "log10_colsample_bytree": -0.6244083020669088, "log10_eta": -2.407741979224327, "log10_lambda": -0.19695523332301335, "log10_min_child_weight": 4.791965365318197, "log10_subsample": -0.38337106438464996, "max_depth": 4.0, "num_boost_round": 21.0}, "datetime": {"datetime": "2024-01-19 02:45:11", "elapsed": 9231.33064, "delta": 0.007535}}
{"target": -13.758316410557775, "params": {"gamma": 79.80282966654273, "log10_alpha": -4.236476550558088, "log10_colsample_bytree": -0.6244083020669088, "log10_eta": -2.407741979224327, "log10_lambda": -0.19695523332301335, "log10_min_child_weight": 4.791965365318197, "log10_subsample": -0.38337106438464996, "max_depth": 4.0, "num_boost_round": 22.0}, "datetime": {"datetime": "2024-01-19 02:45:11", "elapsed": 9231.337378, "delta": 0.006738}}
{"target": -13.758289812365014, "params": {"gamma": 79.80282966654273, "log10_alpha": -4.236476550558088, "log10_colsample_bytree": -0.6244083020669088, "log10_eta": -2.407741979224327, "log10_lambda": -0.19695523332301335, "log10_min_child_weight": 4.791965365318197, "log10_subsample": -0.38337106438464996, "max_depth": 4.0, "num_boost_round": 23.0}, "datetime": {"datetime": "2024-01-19 02:45:11", "elapsed": 9231.343956, "delta": 0.006578}}
{"target": -13.758278898411833, "params": {"gamma": 79.80282966654273, "log10_alpha": -4.236476550558088, "log10_colsample_bytree": -0.6244083020669088, "log10_eta": -2.407741979224327, "log10_lambda": -0.19695523332301335, "log10_min_child_weight": 4.791965365318197, "log10_subsample": -0.38337106438464996, "max_depth": 4.0, "num_boost_round": 24.0}, "datetime": {"datetime": "2024-01-19 02:45:11", "elapsed": 9231.350359, "delta": 0.006403}}
{"target": -13.758273490916867, "params": {"gamma": 79.80282966654273, "log10_alpha": -4.236476550558088, "log10_colsample_bytree": -0.6244083020669088, "log10_eta": -2.407741979224327, "log10_lambda": -0.19695523332301335, "log10_min_child_weight": 4.791965365318197, "log10_subsample": -0.38337106438464996, "max_depth": 4.0, "num_boost_round": 25.0}, "datetime": {"datetime": "2024-01-19 02:45:11", "elapsed": 9231.482551, "delta": 0.132192}}
{"target": -13.758278740834688, "params": {"gamma": 79.80282966654273, "log10_alpha": -4.236476550558088, "log10_colsample_bytree": -0.6244083020669088, "log10_eta": -2.407741979224327, "log10_lambda": -0.19695523332301335, "log10_min_child_weight": 4.791965365318197, "log10_subsample": -0.38337106438464996, "max_depth": 4.0, "num_boost_round": 26.0}, "datetime": {"datetime": "2024-01-19 02:45:11", "elapsed": 9231.490179, "delta": 0.007628}}
{"target": -13.758244317227904, "params": {"gamma": 79.80282966654273, "log10_alpha": -4.236476550558088, "log10_colsample_bytree": -0.6244083020669088, "log10_eta": -2.407741979224327, "log10_lambda": -0.19695523332301335, "log10_min_child_weight": 4.791965365318197, "log10_subsample": -0.38337106438464996, "max_depth": 4.0, "num_boost_round": 27.0}, "datetime": {"datetime": "2024-01-19 02:45:11", "elapsed": 9231.496909, "delta": 0.00673}}
{"target": -13.758205730545802, "params": {"gamma": 79.80282966654273, "log10_alpha": -4.236476550558088, "log10_colsample_bytree": -0.6244083020669088, "log10_eta": -2.407741979224327, "log10_lambda": -0.19695523332301335, "log10_min_child_weight": 4.791965365318197, "log10_subsample": -0.38337106438464996, "max_depth": 4.0, "num_boost_round": 28.0}, "datetime": {"datetime": "2024-01-19 02:45:11", "elapsed": 9231.503434, "delta": 0.006525}}
{"target": -13.758209113115432, "params": {"gamma": 79.80282966654273, "log10_alpha": -4.236476550558088, "log10_colsample_bytree": -0.6244083020669088, "log10_eta": -2.407741979224327, "log10_lambda": -0.19695523332301335, "log10_min_child_weight": 4.791965365318197, "log10_subsample": -0.38337106438464996, "max_depth": 4.0, "num_boost_round": 29.0}, "datetime": {"datetime": "2024-01-19 02:45:11", "elapsed": 9231.509956, "delta": 0.006522}}
{"target": -13.758192446718853, "params": {"gamma": 79.80282966654273, "log10_alpha": -4.236476550558088, "log10_colsample_bytree": -0.6244083020669088, "log10_eta": -2.407741979224327, "log10_lambda": -0.19695523332301335, "log10_min_child_weight": 4.791965365318197, "log10_subsample": -0.38337106438464996, "max_depth": 4.0, "num_boost_round": 30.0}, "datetime": {"datetime": "2024-01-19 02:45:11", "elapsed": 9231.516481, "delta": 0.006525}}
{"target": -13.758177187620939, "params": {"gamma": 79.80282966654273, "log10_alpha": -4.236476550558088, "log10_colsample_bytree": -0.6244083020669088, "log10_eta": -2.407741979224327, "log10_lambda": -0.19695523332301335, "log10_min_child_weight": 4.791965365318197, "log10_subsample": -0.38337106438464996, "max_depth": 4.0, "num_boost_round": 31.0}, "datetime": {"datetime": "2024-01-19 02:45:11", "elapsed": 9231.523173, "delta": 0.006692}}
{"target": -13.758157319872796, "params": {"gamma": 79.80282966654273, "log10_alpha": -4.236476550558088, "log10_colsample_bytree": -0.6244083020669088, "log10_eta": -2.407741979224327, "log10_lambda": -0.19695523332301335, "log10_min_child_weight": 4.791965365318197, "log10_subsample": -0.38337106438464996, "max_depth": 4.0, "num_boost_round": 32.0}, "datetime": {"datetime": "2024-01-19 02:45:11", "elapsed": 9231.529795, "delta": 0.006622}}
{"target": -13.758127351930877, "params": {"gamma": 79.80282966654273, "log10_alpha": -4.236476550558088, "log10_colsample_bytree": -0.6244083020669088, "log10_eta": -2.407741979224327, "log10_lambda": -0.19695523332301335, "log10_min_child_weight": 4.791965365318197, "log10_subsample": -0.38337106438464996, "max_depth": 4.0, "num_boost_round": 33.0}, "datetime": {"datetime": "2024-01-19 02:45:11", "elapsed": 9231.53642, "delta": 0.006625}}
{"target": -13.758130046263998, "params": {"gamma": 79.80282966654273, "log10_alpha": -4.236476550558088, "log10_colsample_bytree": -0.6244083020669088, "log10_eta": -2.407741979224327, "log10_lambda": -0.19695523332301335, "log10_min_child_weight": 4.791965365318197, "log10_subsample": -0.38337106438464996, "max_depth": 4.0, "num_boost_round": 34.0}, "datetime": {"datetime": "2024-01-19 02:45:11", "elapsed": 9231.542944, "delta": 0.006524}}
{"target": -13.758137911820732, "params": {"gamma": 79.80282966654273, "log10_alpha": -4.236476550558088, "log10_colsample_bytree": -0.6244083020669088, "log10_eta": -2.407741979224327, "log10_lambda": -0.19695523332301335, "log10_min_child_weight": 4.791965365318197, "log10_subsample": -0.38337106438464996, "max_depth": 4.0, "num_boost_round": 35.0}, "datetime": {"datetime": "2024-01-19 02:45:11", "elapsed": 9231.550347, "delta": 0.007403}}
{"target": -13.758126272296876, "params": {"gamma": 79.80282966654273, "log10_alpha": -4.236476550558088, "log10_colsample_bytree": -0.6244083020669088, "log10_eta": -2.407741979224327, "log10_lambda": -0.19695523332301335, "log10_min_child_weight": 4.791965365318197, "log10_subsample": -0.38337106438464996, "max_depth": 4.0, "num_boost_round": 36.0}, "datetime": {"datetime": "2024-01-19 02:45:11", "elapsed": 9231.557152, "delta": 0.006805}}
{"target": -13.758124147438219, "params": {"gamma": 79.80282966654273, "log10_alpha": -4.236476550558088, "log10_colsample_bytree": -0.6244083020669088, "log10_eta": -2.407741979224327, "log10_lambda": -0.19695523332301335, "log10_min_child_weight": 4.791965365318197, "log10_subsample": -0.38337106438464996, "max_depth": 4.0, "num_boost_round": 37.0}, "datetime": {"datetime": "2024-01-19 02:45:11", "elapsed": 9231.563739, "delta": 0.006587}}
{"target": -13.758097288006025, "params": {"gamma": 79.80282966654273, "log10_alpha": -4.236476550558088, "log10_colsample_bytree": -0.6244083020669088, "log10_eta": -2.407741979224327, "log10_lambda": -0.19695523332301335, "log10_min_child_weight": 4.791965365318197, "log10_subsample": -0.38337106438464996, "max_depth": 4.0, "num_boost_round": 38.0}, "datetime": {"datetime": "2024-01-19 02:45:11", "elapsed": 9231.570135, "delta": 0.006396}}
{"target": -13.758068028799219, "params": {"gamma": 79.80282966654273, "log10_alpha": -4.236476550558088, "log10_colsample_bytree": -0.6244083020669088, "log10_eta": -2.407741979224327, "log10_lambda": -0.19695523332301335, "log10_min_child_weight": 4.791965365318197, "log10_subsample": -0.38337106438464996, "max_depth": 4.0, "num_boost_round": 39.0}, "datetime": {"datetime": "2024-01-19 02:45:11", "elapsed": 9231.576681, "delta": 0.006546}}
{"target": -13.75853802363259, "params": {"gamma": 81.60740003013667, "log10_alpha": -0.9184275237560522, "log10_colsample_bytree": -0.03903851522771917, "log10_eta": -3.814436180531332, "log10_lambda": -3.386815773472984, "log10_min_child_weight": 4.238187086689672, "log10_subsample": -0.46219477875429127, "max_depth": 2.0, "num_boost_round": 0.0}, "datetime": {"datetime": "2024-01-19 02:47:26", "elapsed": 9366.838999, "delta": 135.262318}}
