{"target": -13.758502615864838, "params": {"gamma": 875.5081453256298, "log10_alpha": -4.453645404055827, "log10_colsample_bytree": -0.14335503467493893, "log10_eta": -3.2562322461984343, "log10_lambda": -0.33378588672778786, "log10_min_child_weight": 4.384334811042501, "log10_subsample": -0.6495024813909543, "max_depth": 6.0, "num_boost_round": 18.0}, "datetime": {"datetime": "2024-01-19 00:55:10", "elapsed": 2615.282885, "delta": 0.003607}}
{"target": -13.75850058702321, "params": {"gamma": 875.5081453256298, "log10_alpha": -4.453645404055827, "log10_colsample_bytree": -0.14335503467493893, "log10_eta": -3.2562322461984343, "log10_lambda": -0.33378588672778786, "log10_min_child_weight": 4.384334811042501, "log10_subsample": -0.6495024813909543, "max_depth": 6.0, "num_boost_round": 19.0}, "datetime": {"datetime": "2024-01-19 00:55:10", "elapsed": 2615.286394, "delta": 0.003509}}
{"target": -13.758495071382807, "params": {"gamma": 875.5081453256298, "log10_alpha": -4.453645404055827, "log10_colsample_bytree": -0.14335503467493893, "log10_eta": -3.2562322461984343, "log10_lambda": -0.33378588672778786, "log10_min_child_weight": 4.384334811042501, "log10_subsample": -0.6495024813909543, "max_depth": 6.0, "num_boost_round": 20.0}, "datetime": {"datetime": "2024-01-19 00:55:10", "elapsed": 2615.289954, "delta": 0.00356}}
{"target": -13.758493827596268, "params": {"gamma": 875.5081453256298, "log10_alpha": -4.453645404055827, "log10_colsample_bytree": -0.14335503467493893, "log10_eta": -3.2562322461984343, "log10_lambda": -0.33378588672778786, "log10_min_child_weight": 4.384334811042501, "log10_subsample": -0.6495024813909543, "max_depth": 6.0, "num_boost_round": 21.0}, "datetime": {"datetime": "2024-01-19 00:55:10", "elapsed": 2615.293584, "delta": 0.00363}}
{"target": -13.758491335631438, "params": {"gamma": 875.5081453256298, "log10_alpha": -4.453645404055827, "log10_colsample_bytree": -0.14335503467493893, "log10_eta": -3.2562322461984343, "log10_lambda": -0.33378588672778786, "log10_min_child_weight": 4.384334811042501, "log10_subsample": -0.6495024813909543, "max_depth": 6.0, "num_boost_round": 22.0}, "datetime": {"datetime": "2024-01-19 00:55:10", "elapsed": 2615.297192, "delta": 0.003608}}
{"target": -13.758490021597416, "params": {"gamma": 875.5081453256298, "log10_alpha": -4.453645404055827, "log10_colsample_bytree": -0.14335503467493893, "log10_eta": -3.2562322461984343, "log10_lambda": -0.33378588672778786, "log10_min_child_weight": 4.384334811042501, "log10_subsample": -0.6495024813909543, "max_depth": 6.0, "num_boost_round": 23.0}, "datetime": {"datetime": "2024-01-19 00:55:11", "elapsed": 2615.300686, "delta": 0.003494}}
{"target": -13.758485119815191, "params": {"gamma": 875.5081453256298, "log10_alpha": -4.453645404055827, "log10_colsample_bytree": -0.14335503467493893, "log10_eta": -3.2562322461984343, "log10_lambda": -0.33378588672778786, "log10_min_child_weight": 4.384334811042501, "log10_subsample": -0.6495024813909543, "max_depth": 6.0, "num_boost_round": 24.0}, "datetime": {"datetime": "2024-01-19 00:55:11", "elapsed": 2615.304256, "delta": 0.00357}}
{"target": -13.758484797349064, "params": {"gamma": 875.5081453256298, "log10_alpha": -4.453645404055827, "log10_colsample_bytree": -0.14335503467493893, "log10_eta": -3.2562322461984343, "log10_lambda": -0.33378588672778786, "log10_min_child_weight": 4.384334811042501, "log10_subsample": -0.6495024813909543, "max_depth": 6.0, "num_boost_round": 25.0}, "datetime": {"datetime": "2024-01-19 00:55:11", "elapsed": 2615.311935, "delta": 0.007679}}
{"target": -13.758482043143912, "params": {"gamma": 875.5081453256298, "log10_alpha": -4.453645404055827, "log10_colsample_bytree": -0.14335503467493893, "log10_eta": -3.2562322461984343, "log10_lambda": -0.33378588672778786, "log10_min_child_weight": 4.384334811042501, "log10_subsample": -0.6495024813909543, "max_depth": 6.0, "num_boost_round": 26.0}, "datetime": {"datetime": "2024-01-19 00:55:11", "elapsed": 2615.315731, "delta": 0.003796}}
{"target": -13.7584807234381, "params": {"gamma": 875.5081453256298, "log10_alpha": -4.453645404055827, "log10_colsample_bytree": -0.14335503467493893, "log10_eta": -3.2562322461984343, "log10_lambda": -0.33378588672778786, "log10_min_child_weight": 4.384334811042501, "log10_subsample": -0.6495024813909543, "max_depth": 6.0, "num_boost_round": 27.0}, "datetime": {"datetime": "2024-01-19 00:55:11", "elapsed": 2615.319266, "delta": 0.003535}}
{"target": -13.758477123145203, "params": {"gamma": 875.5081453256298, "log10_alpha": -4.453645404055827, "log10_colsample_bytree": -0.14335503467493893, "log10_eta": -3.2562322461984343, "log10_lambda": -0.33378588672778786, "log10_min_child_weight": 4.384334811042501, "log10_subsample": -0.6495024813909543, "max_depth": 6.0, "num_boost_round": 28.0}, "datetime": {"datetime": "2024-01-19 00:55:11", "elapsed": 2615.322911, "delta": 0.003645}}
{"target": -13.758473134808, "params": {"gamma": 875.5081453256298, "log10_alpha": -4.453645404055827, "log10_colsample_bytree": -0.14335503467493893, "log10_eta": -3.2562322461984343, "log10_lambda": -0.33378588672778786, "log10_min_child_weight": 4.384334811042501, "log10_subsample": -0.6495024813909543, "max_depth": 6.0, "num_boost_round": 29.0}, "datetime": {"datetime": "2024-01-19 00:55:11", "elapsed": 2615.326432, "delta": 0.003521}}
{"target": -13.758472075810324, "params": {"gamma": 875.5081453256298, "log10_alpha": -4.453645404055827, "log10_colsample_bytree": -0.14335503467493893, "log10_eta": -3.2562322461984343, "log10_lambda": -0.33378588672778786, "log10_min_child_weight": 4.384334811042501, "log10_subsample": -0.6495024813909543, "max_depth": 6.0, "num_boost_round": 30.0}, "datetime": {"datetime": "2024-01-19 00:55:11", "elapsed": 2615.330034, "delta": 0.003602}}
{"target": -13.758470229240546, "params": {"gamma": 875.5081453256298, "log10_alpha": -4.453645404055827, "log10_colsample_bytree": -0.14335503467493893, "log10_eta": -3.2562322461984343, "log10_lambda": -0.33378588672778786, "log10_min_child_weight": 4.384334811042501, "log10_subsample": -0.6495024813909543, "max_depth": 6.0, "num_boost_round": 31.0}, "datetime": {"datetime": "2024-01-19 00:55:11", "elapsed": 2615.333887, "delta": 0.003853}}
{"target": -13.758468520857338, "params": {"gamma": 875.5081453256298, "log10_alpha": -4.453645404055827, "log10_colsample_bytree": -0.14335503467493893, "log10_eta": -3.2562322461984343, "log10_lambda": -0.33378588672778786, "log10_min_child_weight": 4.384334811042501, "log10_subsample": -0.6495024813909543, "max_depth": 6.0, "num_boost_round": 32.0}, "datetime": {"datetime": "2024-01-19 00:55:11", "elapsed": 2615.337613, "delta": 0.003726}}
{"target": -13.758466073743238, "params": {"gamma": 875.5081453256298, "log10_alpha": -4.453645404055827, "log10_colsample_bytree": -0.14335503467493893, "log10_eta": -3.2562322461984343, "log10_lambda": -0.33378588672778786, "log10_min_child_weight": 4.384334811042501, "log10_subsample": -0.6495024813909543, "max_depth": 6.0, "num_boost_round": 33.0}, "datetime": {"datetime": "2024-01-19 00:55:11", "elapsed": 2615.34123, "delta": 0.003617}}
{"target": -13.758463098298456, "params": {"gamma": 875.5081453256298, "log10_alpha": -4.453645404055827, "log10_colsample_bytree": -0.14335503467493893, "log10_eta": -3.2562322461984343, "log10_lambda": -0.33378588672778786, "log10_min_child_weight": 4.384334811042501, "log10_subsample": -0.6495024813909543, "max_depth": 6.0, "num_boost_round": 34.0}, "datetime": {"datetime": "2024-01-19 00:55:11", "elapsed": 2615.344905, "delta": 0.003675}}
{"target": -13.758461424260863, "params": {"gamma": 875.5081453256298, "log10_alpha": -4.453645404055827, "log10_colsample_bytree": -0.14335503467493893, "log10_eta": -3.2562322461984343, "log10_lambda": -0.33378588672778786, "log10_min_child_weight": 4.384334811042501, "log10_subsample": -0.6495024813909543, "max_depth": 6.0, "num_boost_round": 35.0}, "datetime": {"datetime": "2024-01-19 00:55:11", "elapsed": 2615.348378, "delta": 0.003473}}
{"target": -13.758453935519011, "params": {"gamma": 875.5081453256298, "log10_alpha": -4.453645404055827, "log10_colsample_bytree": -0.14335503467493893, "log10_eta": -3.2562322461984343, "log10_lambda": -0.33378588672778786, "log10_min_child_weight": 4.384334811042501, "log10_subsample": -0.6495024813909543, "max_depth": 6.0, "num_boost_round": 36.0}, "datetime": {"datetime": "2024-01-19 00:55:11", "elapsed": 2615.352124, "delta": 0.003746}}
{"target": -13.758448707235294, "params": {"gamma": 875.5081453256298, "log10_alpha": -4.453645404055827, "log10_colsample_bytree": -0.14335503467493893, "log10_eta": -3.2562322461984343, "log10_lambda": -0.33378588672778786, "log10_min_child_weight": 4.384334811042501, "log10_subsample": -0.6495024813909543, "max_depth": 6.0, "num_boost_round": 37.0}, "datetime": {"datetime": "2024-01-19 00:55:11", "elapsed": 2615.356001, "delta": 0.003877}}
{"target": -13.758447435192902, "params": {"gamma": 875.5081453256298, "log10_alpha": -4.453645404055827, "log10_colsample_bytree": -0.14335503467493893, "log10_eta": -3.2562322461984343, "log10_lambda": -0.33378588672778786, "log10_min_child_weight": 4.384334811042501, "log10_subsample": -0.6495024813909543, "max_depth": 6.0, "num_boost_round": 38.0}, "datetime": {"datetime": "2024-01-19 00:55:11", "elapsed": 2615.359901, "delta": 0.0039}}
{"target": -13.75853756351109, "params": {"gamma": 869.1570105114081, "log10_alpha": -2.882798822531158, "log10_colsample_bytree": -0.6372616464543075, "log10_eta": -3.9447531295410165, "log10_lambda": -0.9420570178758609, "log10_min_child_weight": 4.116673627740183, "log10_subsample": -0.028005392913232452, "max_depth": 6.0, "num_boost_round": 0.0}, "datetime": {"datetime": "2024-01-19 00:55:53", "elapsed": 2658.07986, "delta": 42.719959}}
{"target": -13.758535358236097, "params": {"gamma": 869.1570105114081, "log10_alpha": -2.882798822531158, "log10_colsample_bytree": -0.6372616464543075, "log10_eta": -3.9447531295410165, "log10_lambda": -0.9420570178758609, "log10_min_child_weight": 4.116673627740183, "log10_subsample": -0.028005392913232452, "max_depth": 6.0, "num_boost_round": 1.0}, "datetime": {"datetime": "2024-01-19 00:55:53", "elapsed": 2658.083939, "delta": 0.004079}}
{"target": -13.758534685018816, "params": {"gamma": 869.1570105114081, "log10_alpha": -2.882798822531158, "log10_colsample_bytree": -0.6372616464543075, "log10_eta": -3.9447531295410165, "log10_lambda": -0.9420570178758609, "log10_min_child_weight": 4.116673627740183, "log10_subsample": -0.028005392913232452, "max_depth": 6.0, "num_boost_round": 2.0}, "datetime": {"datetime": "2024-01-19 00:55:53", "elapsed": 2658.087644, "delta": 0.003705}}
{"target": -13.758533683745043, "params": {"gamma": 869.1570105114081, "log10_alpha": -2.882798822531158, "log10_colsample_bytree": -0.6372616464543075, "log10_eta": -3.9447531295410165, "log10_lambda": -0.9420570178758609, "log10_min_child_weight": 4.116673627740183, "log10_subsample": -0.028005392913232452, "max_depth": 6.0, "num_boost_round": 3.0}, "datetime": {"datetime": "2024-01-19 00:55:53", "elapsed": 2658.091136, "delta": 0.003492}}
{"target": -13.758531859057618, "params": {"gamma": 869.1570105114081, "log10_alpha": -2.882798822531158, "log10_colsample_bytree": -0.6372616464543075, "log10_eta": -3.9447531295410165, "log10_lambda": -0.9420570178758609, "log10_min_child_weight": 4.116673627740183, "log10_subsample": -0.028005392913232452, "max_depth": 6.0, "num_boost_round": 4.0}, "datetime": {"datetime": "2024-01-19 00:55:53", "elapsed": 2658.094669, "delta": 0.003533}}
{"target": -13.758531110184817, "params": {"gamma": 869.1570105114081, "log10_alpha": -2.882798822531158, "log10_colsample_bytree": -0.6372616464543075, "log10_eta": -3.9447531295410165, "log10_lambda": -0.9420570178758609, "log10_min_child_weight": 4.116673627740183, "log10_subsample": -0.028005392913232452, "max_depth": 6.0, "num_boost_round": 5.0}, "datetime": {"datetime": "2024-01-19 00:55:53", "elapsed": 2658.098056, "delta": 0.003387}}
{"target": -13.758531527945497, "params": {"gamma": 869.1570105114081, "log10_alpha": -2.882798822531158, "log10_colsample_bytree": -0.6372616464543075, "log10_eta": -3.9447531295410165, "log10_lambda": -0.9420570178758609, "log10_min_child_weight": 4.116673627740183, "log10_subsample": -0.028005392913232452, "max_depth": 6.0, "num_boost_round": 6.0}, "datetime": {"datetime": "2024-01-19 00:55:53", "elapsed": 2658.101483, "delta": 0.003427}}
{"target": -13.758529546941517, "params": {"gamma": 869.1570105114081, "log10_alpha": -2.882798822531158, "log10_colsample_bytree": -0.6372616464543075, "log10_eta": -3.9447531295410165, "log10_lambda": -0.9420570178758609, "log10_min_child_weight": 4.116673627740183, "log10_subsample": -0.028005392913232452, "max_depth": 6.0, "num_boost_round": 7.0}, "datetime": {"datetime": "2024-01-19 00:55:53", "elapsed": 2658.104911, "delta": 0.003428}}
{"target": -13.758525631226453, "params": {"gamma": 869.1570105114081, "log10_alpha": -2.882798822531158, "log10_colsample_bytree": -0.6372616464543075, "log10_eta": -3.9447531295410165, "log10_lambda": -0.9420570178758609, "log10_min_child_weight": 4.116673627740183, "log10_subsample": -0.028005392913232452, "max_depth": 6.0, "num_boost_round": 8.0}, "datetime": {"datetime": "2024-01-19 00:55:53", "elapsed": 2658.108316, "delta": 0.003405}}
{"target": -13.75852488061413, "params": {"gamma": 869.1570105114081, "log10_alpha": -2.882798822531158, "log10_colsample_bytree": -0.6372616464543075, "log10_eta": -3.9447531295410165, "log10_lambda": -0.9420570178758609, "log10_min_child_weight": 4.116673627740183, "log10_subsample": -0.028005392913232452, "max_depth": 6.0, "num_boost_round": 9.0}, "datetime": {"datetime": "2024-01-19 00:55:53", "elapsed": 2658.111823, "delta": 0.003507}}
{"target": -13.758522029283581, "params": {"gamma": 869.1570105114081, "log10_alpha": -2.882798822531158, "log10_colsample_bytree": -0.6372616464543075, "log10_eta": -3.9447531295410165, "log10_lambda": -0.9420570178758609, "log10_min_child_weight": 4.116673627740183, "log10_subsample": -0.028005392913232452, "max_depth": 6.0, "num_boost_round": 10.0}, "datetime": {"datetime": "2024-01-19 00:55:53", "elapsed": 2658.115313, "delta": 0.00349}}
{"target": -13.758523099683854, "params": {"gamma": 869.1570105114081, "log10_alpha": -2.882798822531158, "log10_colsample_bytree": -0.6372616464543075, "log10_eta": -3.9447531295410165, "log10_lambda": -0.9420570178758609, "log10_min_child_weight": 4.116673627740183, "log10_subsample": -0.028005392913232452, "max_depth": 6.0, "num_boost_round": 11.0}, "datetime": {"datetime": "2024-01-19 00:55:53", "elapsed": 2658.11874, "delta": 0.003427}}
{"target": -13.758520654013227, "params": {"gamma": 869.1570105114081, "log10_alpha": -2.882798822531158, "log10_colsample_bytree": -0.6372616464543075, "log10_eta": -3.9447531295410165, "log10_lambda": -0.9420570178758609, "log10_min_child_weight": 4.116673627740183, "log10_subsample": -0.028005392913232452, "max_depth": 6.0, "num_boost_round": 12.0}, "datetime": {"datetime": "2024-01-19 00:55:53", "elapsed": 2658.122158, "delta": 0.003418}}
{"target": -13.758519774489967, "params": {"gamma": 869.1570105114081, "log10_alpha": -2.882798822531158, "log10_colsample_bytree": -0.6372616464543075, "log10_eta": -3.9447531295410165, "log10_lambda": -0.9420570178758609, "log10_min_child_weight": 4.116673627740183, "log10_subsample": -0.028005392913232452, "max_depth": 6.0, "num_boost_round": 13.0}, "datetime": {"datetime": "2024-01-19 00:55:53", "elapsed": 2658.125567, "delta": 0.003409}}
{"target": -13.75851895176748, "params": {"gamma": 869.1570105114081, "log10_alpha": -2.882798822531158, "log10_colsample_bytree": -0.6372616464543075, "log10_eta": -3.9447531295410165, "log10_lambda": -0.9420570178758609, "log10_min_child_weight": 4.116673627740183, "log10_subsample": -0.028005392913232452, "max_depth": 6.0, "num_boost_round": 14.0}, "datetime": {"datetime": "2024-01-19 00:55:53", "elapsed": 2658.128999, "delta": 0.003432}}
{"target": -13.758515652216591, "params": {"gamma": 869.1570105114081, "log10_alpha": -2.882798822531158, "log10_colsample_bytree": -0.6372616464543075, "log10_eta": -3.9447531295410165, "log10_lambda": -0.9420570178758609, "log10_min_child_weight": 4.116673627740183, "log10_subsample": -0.028005392913232452, "max_depth": 6.0, "num_boost_round": 15.0}, "datetime": {"datetime": "2024-01-19 00:55:53", "elapsed": 2658.132636, "delta": 0.003637}}
{"target": -13.75851569941372, "params": {"gamma": 869.1570105114081, "log10_alpha": -2.882798822531158, "log10_colsample_bytree": -0.6372616464543075, "log10_eta": -3.9447531295410165, "log10_lambda": -0.9420570178758609, "log10_min_child_weight": 4.116673627740183, "log10_subsample": -0.028005392913232452, "max_depth": 6.0, "num_boost_round": 16.0}, "datetime": {"datetime": "2024-01-19 00:55:53", "elapsed": 2658.136204, "delta": 0.003568}}
{"target": -13.758515060075865, "params": {"gamma": 869.1570105114081, "log10_alpha": -2.882798822531158, "log10_colsample_bytree": -0.6372616464543075, "log10_eta": -3.9447531295410165, "log10_lambda": -0.9420570178758609, "log10_min_child_weight": 4.116673627740183, "log10_subsample": -0.028005392913232452, "max_depth": 6.0, "num_boost_round": 17.0}, "datetime": {"datetime": "2024-01-19 00:55:53", "elapsed": 2658.139771, "delta": 0.003567}}
{"target": -13.758516649910607, "params": {"gamma": 869.1570105114081, "log10_alpha": -2.882798822531158, "log10_colsample_bytree": -0.6372616464543075, "log10_eta": -3.9447531295410165, "log10_lambda": -0.9420570178758609, "log10_min_child_weight": 4.116673627740183, "log10_subsample": -0.028005392913232452, "max_depth": 6.0, "num_boost_round": 18.0}, "datetime": {"datetime": "2024-01-19 00:55:53", "elapsed": 2658.143412, "delta": 0.003641}}
{"target": -13.758515554193306, "params": {"gamma": 869.1570105114081, "log10_alpha": -2.882798822531158, "log10_colsample_bytree": -0.6372616464543075, "log10_eta": -3.9447531295410165, "log10_lambda": -0.9420570178758609, "log10_min_child_weight": 4.116673627740183, "log10_subsample": -0.028005392913232452, "max_depth": 6.0, "num_boost_round": 19.0}, "datetime": {"datetime": "2024-01-19 00:55:53", "elapsed": 2658.146861, "delta": 0.003449}}
{"target": -13.758513570950104, "params": {"gamma": 869.1570105114081, "log10_alpha": -2.882798822531158, "log10_colsample_bytree": -0.6372616464543075, "log10_eta": -3.9447531295410165, "log10_lambda": -0.9420570178758609, "log10_min_child_weight": 4.116673627740183, "log10_subsample": -0.028005392913232452, "max_depth": 6.0, "num_boost_round": 20.0}, "datetime": {"datetime": "2024-01-19 00:55:53", "elapsed": 2658.15036, "delta": 0.003499}}
{"target": -13.75851243924765, "params": {"gamma": 869.1570105114081, "log10_alpha": -2.882798822531158, "log10_colsample_bytree": -0.6372616464543075, "log10_eta": -3.9447531295410165, "log10_lambda": -0.9420570178758609, "log10_min_child_weight": 4.116673627740183, "log10_subsample": -0.028005392913232452, "max_depth": 6.0, "num_boost_round": 21.0}, "datetime": {"datetime": "2024-01-19 00:55:53", "elapsed": 2658.1539, "delta": 0.00354}}
{"target": -13.75851002946785, "params": {"gamma": 869.1570105114081, "log10_alpha": -2.882798822531158, "log10_colsample_bytree": -0.6372616464543075, "log10_eta": -3.9447531295410165, "log10_lambda": -0.9420570178758609, "log10_min_child_weight": 4.116673627740183, "log10_subsample": -0.028005392913232452, "max_depth": 6.0, "num_boost_round": 22.0}, "datetime": {"datetime": "2024-01-19 00:55:53", "elapsed": 2658.157338, "delta": 0.003438}}
{"target": -13.758510298374807, "params": {"gamma": 869.1570105114081, "log10_alpha": -2.882798822531158, "log10_colsample_bytree": -0.6372616464543075, "log10_eta": -3.9447531295410165, "log10_lambda": -0.9420570178758609, "log10_min_child_weight": 4.116673627740183, "log10_subsample": -0.028005392913232452, "max_depth": 6.0, "num_boost_round": 23.0}, "datetime": {"datetime": "2024-01-19 00:55:53", "elapsed": 2658.160739, "delta": 0.003401}}
{"target": -13.758510382328996, "params": {"gamma": 869.1570105114081, "log10_alpha": -2.882798822531158, "log10_colsample_bytree": -0.6372616464543075, "log10_eta": -3.9447531295410165, "log10_lambda": -0.9420570178758609, "log10_min_child_weight": 4.116673627740183, "log10_subsample": -0.028005392913232452, "max_depth": 6.0, "num_boost_round": 24.0}, "datetime": {"datetime": "2024-01-19 00:55:53", "elapsed": 2658.164215, "delta": 0.003476}}
{"target": -13.758510267962563, "params": {"gamma": 873.2045597886207, "log10_alpha": -3.5286983198529684, "log10_colsample_bytree": -0.3034278340992699, "log10_eta": -2.4473973751082982, "log10_lambda": -4.382707518911131, "log10_min_child_weight": 2.3917162929161484, "log10_subsample": -0.1686839954747611, "max_depth": 9.0, "num_boost_round": 0.0}, "datetime": {"datetime": "2024-01-19 00:56:32", "elapsed": 2697.175376, "delta": 39.011161}}
{"target": -13.75853988267104, "params": {"gamma": 873.2045597886207, "log10_alpha": -3.5286983198529684, "log10_colsample_bytree": -0.3034278340992699, "log10_eta": -2.4473973751082982, "log10_lambda": -4.382707518911131, "log10_min_child_weight": 2.3917162929161484, "log10_subsample": -0.1686839954747611, "max_depth": 9.0, "num_boost_round": 1.0}, "datetime": {"datetime": "2024-01-19 00:56:32", "elapsed": 2697.179789, "delta": 0.004413}}
{"target": -13.758404824961591, "params": {"gamma": 873.2045597886207, "log10_alpha": -3.5286983198529684, "log10_colsample_bytree": -0.3034278340992699, "log10_eta": -2.4473973751082982, "log10_lambda": -4.382707518911131, "log10_min_child_weight": 2.3917162929161484, "log10_subsample": -0.1686839954747611, "max_depth": 9.0, "num_boost_round": 2.0}, "datetime": {"datetime": "2024-01-19 00:56:32", "elapsed": 2697.183397, "delta": 0.003608}}
