{"target": -17.675399997529606, "params": {"gamma": 48.654444763330915, "log10_alpha": -4.582661290522219, "log10_colsample_bytree": -0.31084339572961206, "log10_eta": -2.36080774798384, "log10_lambda": -4.046038945154749, "log10_min_child_weight": 2.805805926432109, "log10_subsample": -0.6860592081883793, "max_depth": 3.0, "num_boost_round": 17.0}, "datetime": {"datetime": "2024-01-19 01:04:09", "elapsed": 3203.532592, "delta": 0.003099}}
{"target": -17.675364233632575, "params": {"gamma": 48.654444763330915, "log10_alpha": -4.582661290522219, "log10_colsample_bytree": -0.31084339572961206, "log10_eta": -2.36080774798384, "log10_lambda": -4.046038945154749, "log10_min_child_weight": 2.805805926432109, "log10_subsample": -0.6860592081883793, "max_depth": 3.0, "num_boost_round": 18.0}, "datetime": {"datetime": "2024-01-19 01:04:09", "elapsed": 3203.535933, "delta": 0.003341}}
{"target": -17.675371093686817, "params": {"gamma": 48.654444763330915, "log10_alpha": -4.582661290522219, "log10_colsample_bytree": -0.31084339572961206, "log10_eta": -2.36080774798384, "log10_lambda": -4.046038945154749, "log10_min_child_weight": 2.805805926432109, "log10_subsample": -0.6860592081883793, "max_depth": 3.0, "num_boost_round": 19.0}, "datetime": {"datetime": "2024-01-19 01:04:09", "elapsed": 3203.538901, "delta": 0.002968}}
{"target": -17.67531890930796, "params": {"gamma": 48.654444763330915, "log10_alpha": -4.582661290522219, "log10_colsample_bytree": -0.31084339572961206, "log10_eta": -2.36080774798384, "log10_lambda": -4.046038945154749, "log10_min_child_weight": 2.805805926432109, "log10_subsample": -0.6860592081883793, "max_depth": 3.0, "num_boost_round": 20.0}, "datetime": {"datetime": "2024-01-19 01:04:09", "elapsed": 3203.541847, "delta": 0.002946}}
{"target": -17.675215177469656, "params": {"gamma": 48.654444763330915, "log10_alpha": -4.582661290522219, "log10_colsample_bytree": -0.31084339572961206, "log10_eta": -2.36080774798384, "log10_lambda": -4.046038945154749, "log10_min_child_weight": 2.805805926432109, "log10_subsample": -0.6860592081883793, "max_depth": 3.0, "num_boost_round": 21.0}, "datetime": {"datetime": "2024-01-19 01:04:09", "elapsed": 3203.54486, "delta": 0.003013}}
{"target": -17.6750991413246, "params": {"gamma": 48.654444763330915, "log10_alpha": -4.582661290522219, "log10_colsample_bytree": -0.31084339572961206, "log10_eta": -2.36080774798384, "log10_lambda": -4.046038945154749, "log10_min_child_weight": 2.805805926432109, "log10_subsample": -0.6860592081883793, "max_depth": 3.0, "num_boost_round": 22.0}, "datetime": {"datetime": "2024-01-19 01:04:09", "elapsed": 3203.547834, "delta": 0.002974}}
{"target": -17.674838966051418, "params": {"gamma": 48.654444763330915, "log10_alpha": -4.582661290522219, "log10_colsample_bytree": -0.31084339572961206, "log10_eta": -2.36080774798384, "log10_lambda": -4.046038945154749, "log10_min_child_weight": 2.805805926432109, "log10_subsample": -0.6860592081883793, "max_depth": 3.0, "num_boost_round": 23.0}, "datetime": {"datetime": "2024-01-19 01:04:09", "elapsed": 3203.55084, "delta": 0.003006}}
{"target": -17.67476374992734, "params": {"gamma": 48.654444763330915, "log10_alpha": -4.582661290522219, "log10_colsample_bytree": -0.31084339572961206, "log10_eta": -2.36080774798384, "log10_lambda": -4.046038945154749, "log10_min_child_weight": 2.805805926432109, "log10_subsample": -0.6860592081883793, "max_depth": 3.0, "num_boost_round": 24.0}, "datetime": {"datetime": "2024-01-19 01:04:09", "elapsed": 3203.553834, "delta": 0.002994}}
{"target": -17.674710487919096, "params": {"gamma": 48.654444763330915, "log10_alpha": -4.582661290522219, "log10_colsample_bytree": -0.31084339572961206, "log10_eta": -2.36080774798384, "log10_lambda": -4.046038945154749, "log10_min_child_weight": 2.805805926432109, "log10_subsample": -0.6860592081883793, "max_depth": 3.0, "num_boost_round": 25.0}, "datetime": {"datetime": "2024-01-19 01:04:09", "elapsed": 3203.556848, "delta": 0.003014}}
{"target": -17.674585286877953, "params": {"gamma": 48.654444763330915, "log10_alpha": -4.582661290522219, "log10_colsample_bytree": -0.31084339572961206, "log10_eta": -2.36080774798384, "log10_lambda": -4.046038945154749, "log10_min_child_weight": 2.805805926432109, "log10_subsample": -0.6860592081883793, "max_depth": 3.0, "num_boost_round": 26.0}, "datetime": {"datetime": "2024-01-19 01:04:09", "elapsed": 3203.559932, "delta": 0.003084}}
{"target": -17.674640270182532, "params": {"gamma": 48.654444763330915, "log10_alpha": -4.582661290522219, "log10_colsample_bytree": -0.31084339572961206, "log10_eta": -2.36080774798384, "log10_lambda": -4.046038945154749, "log10_min_child_weight": 2.805805926432109, "log10_subsample": -0.6860592081883793, "max_depth": 3.0, "num_boost_round": 27.0}, "datetime": {"datetime": "2024-01-19 01:04:09", "elapsed": 3203.562993, "delta": 0.003061}}
{"target": -17.674646757328798, "params": {"gamma": 48.654444763330915, "log10_alpha": -4.582661290522219, "log10_colsample_bytree": -0.31084339572961206, "log10_eta": -2.36080774798384, "log10_lambda": -4.046038945154749, "log10_min_child_weight": 2.805805926432109, "log10_subsample": -0.6860592081883793, "max_depth": 3.0, "num_boost_round": 28.0}, "datetime": {"datetime": "2024-01-19 01:04:09", "elapsed": 3203.565945, "delta": 0.002952}}
{"target": -17.674537000626465, "params": {"gamma": 48.654444763330915, "log10_alpha": -4.582661290522219, "log10_colsample_bytree": -0.31084339572961206, "log10_eta": -2.36080774798384, "log10_lambda": -4.046038945154749, "log10_min_child_weight": 2.805805926432109, "log10_subsample": -0.6860592081883793, "max_depth": 3.0, "num_boost_round": 29.0}, "datetime": {"datetime": "2024-01-19 01:04:09", "elapsed": 3203.569054, "delta": 0.003109}}
{"target": -17.67452448652779, "params": {"gamma": 48.654444763330915, "log10_alpha": -4.582661290522219, "log10_colsample_bytree": -0.31084339572961206, "log10_eta": -2.36080774798384, "log10_lambda": -4.046038945154749, "log10_min_child_weight": 2.805805926432109, "log10_subsample": -0.6860592081883793, "max_depth": 3.0, "num_boost_round": 30.0}, "datetime": {"datetime": "2024-01-19 01:04:09", "elapsed": 3203.572054, "delta": 0.003}}
{"target": -17.674473644750805, "params": {"gamma": 48.654444763330915, "log10_alpha": -4.582661290522219, "log10_colsample_bytree": -0.31084339572961206, "log10_eta": -2.36080774798384, "log10_lambda": -4.046038945154749, "log10_min_child_weight": 2.805805926432109, "log10_subsample": -0.6860592081883793, "max_depth": 3.0, "num_boost_round": 31.0}, "datetime": {"datetime": "2024-01-19 01:04:09", "elapsed": 3203.575102, "delta": 0.003048}}
{"target": -17.67452874284052, "params": {"gamma": 48.654444763330915, "log10_alpha": -4.582661290522219, "log10_colsample_bytree": -0.31084339572961206, "log10_eta": -2.36080774798384, "log10_lambda": -4.046038945154749, "log10_min_child_weight": 2.805805926432109, "log10_subsample": -0.6860592081883793, "max_depth": 3.0, "num_boost_round": 32.0}, "datetime": {"datetime": "2024-01-19 01:04:09", "elapsed": 3203.578004, "delta": 0.002902}}
{"target": -17.67450245867715, "params": {"gamma": 48.654444763330915, "log10_alpha": -4.582661290522219, "log10_colsample_bytree": -0.31084339572961206, "log10_eta": -2.36080774798384, "log10_lambda": -4.046038945154749, "log10_min_child_weight": 2.805805926432109, "log10_subsample": -0.6860592081883793, "max_depth": 3.0, "num_boost_round": 33.0}, "datetime": {"datetime": "2024-01-19 01:04:09", "elapsed": 3203.581003, "delta": 0.002999}}
{"target": -17.674426479444715, "params": {"gamma": 48.654444763330915, "log10_alpha": -4.582661290522219, "log10_colsample_bytree": -0.31084339572961206, "log10_eta": -2.36080774798384, "log10_lambda": -4.046038945154749, "log10_min_child_weight": 2.805805926432109, "log10_subsample": -0.6860592081883793, "max_depth": 3.0, "num_boost_round": 34.0}, "datetime": {"datetime": "2024-01-19 01:04:10", "elapsed": 3203.688157, "delta": 0.107154}}
{"target": -17.67439251477361, "params": {"gamma": 48.654444763330915, "log10_alpha": -4.582661290522219, "log10_colsample_bytree": -0.31084339572961206, "log10_eta": -2.36080774798384, "log10_lambda": -4.046038945154749, "log10_min_child_weight": 2.805805926432109, "log10_subsample": -0.6860592081883793, "max_depth": 3.0, "num_boost_round": 35.0}, "datetime": {"datetime": "2024-01-19 01:04:10", "elapsed": 3203.691586, "delta": 0.003429}}
{"target": -17.674509792015865, "params": {"gamma": 48.654444763330915, "log10_alpha": -4.582661290522219, "log10_colsample_bytree": -0.31084339572961206, "log10_eta": -2.36080774798384, "log10_lambda": -4.046038945154749, "log10_min_child_weight": 2.805805926432109, "log10_subsample": -0.6860592081883793, "max_depth": 3.0, "num_boost_round": 36.0}, "datetime": {"datetime": "2024-01-19 01:04:10", "elapsed": 3203.69481, "delta": 0.003224}}
{"target": -17.67449321250344, "params": {"gamma": 48.654444763330915, "log10_alpha": -4.582661290522219, "log10_colsample_bytree": -0.31084339572961206, "log10_eta": -2.36080774798384, "log10_lambda": -4.046038945154749, "log10_min_child_weight": 2.805805926432109, "log10_subsample": -0.6860592081883793, "max_depth": 3.0, "num_boost_round": 37.0}, "datetime": {"datetime": "2024-01-19 01:04:10", "elapsed": 3203.697891, "delta": 0.003081}}
{"target": -17.67441023864034, "params": {"gamma": 48.654444763330915, "log10_alpha": -4.582661290522219, "log10_colsample_bytree": -0.31084339572961206, "log10_eta": -2.36080774798384, "log10_lambda": -4.046038945154749, "log10_min_child_weight": 2.805805926432109, "log10_subsample": -0.6860592081883793, "max_depth": 3.0, "num_boost_round": 38.0}, "datetime": {"datetime": "2024-01-19 01:04:10", "elapsed": 3203.701088, "delta": 0.003197}}
{"target": -17.67434014682128, "params": {"gamma": 48.654444763330915, "log10_alpha": -4.582661290522219, "log10_colsample_bytree": -0.31084339572961206, "log10_eta": -2.36080774798384, "log10_lambda": -4.046038945154749, "log10_min_child_weight": 2.805805926432109, "log10_subsample": -0.6860592081883793, "max_depth": 3.0, "num_boost_round": 39.0}, "datetime": {"datetime": "2024-01-19 01:04:10", "elapsed": 3203.704149, "delta": 0.003061}}
{"target": -17.677213409894424, "params": {"gamma": 49.408106462122234, "log10_alpha": -4.592940141084004, "log10_colsample_bytree": -0.5786969260131666, "log10_eta": -3.528258265234275, "log10_lambda": -3.770603931625618, "log10_min_child_weight": 2.5702642824213977, "log10_subsample": -0.6635037672006703, "max_depth": 8.0, "num_boost_round": 0.0}, "datetime": {"datetime": "2024-01-19 01:04:55", "elapsed": 3249.192303, "delta": 45.488154}}
{"target": -17.677200134086345, "params": {"gamma": 49.408106462122234, "log10_alpha": -4.592940141084004, "log10_colsample_bytree": -0.5786969260131666, "log10_eta": -3.528258265234275, "log10_lambda": -3.770603931625618, "log10_min_child_weight": 2.5702642824213977, "log10_subsample": -0.6635037672006703, "max_depth": 8.0, "num_boost_round": 1.0}, "datetime": {"datetime": "2024-01-19 01:04:55", "elapsed": 3249.196039, "delta": 0.003736}}
{"target": -17.67717127453687, "params": {"gamma": 49.408106462122234, "log10_alpha": -4.592940141084004, "log10_colsample_bytree": -0.5786969260131666, "log10_eta": -3.528258265234275, "log10_lambda": -3.770603931625618, "log10_min_child_weight": 2.5702642824213977, "log10_subsample": -0.6635037672006703, "max_depth": 8.0, "num_boost_round": 2.0}, "datetime": {"datetime": "2024-01-19 01:04:55", "elapsed": 3249.199264, "delta": 0.003225}}
{"target": -17.677173146556168, "params": {"gamma": 49.408106462122234, "log10_alpha": -4.592940141084004, "log10_colsample_bytree": -0.5786969260131666, "log10_eta": -3.528258265234275, "log10_lambda": -3.770603931625618, "log10_min_child_weight": 2.5702642824213977, "log10_subsample": -0.6635037672006703, "max_depth": 8.0, "num_boost_round": 3.0}, "datetime": {"datetime": "2024-01-19 01:04:55", "elapsed": 3249.202378, "delta": 0.003114}}
{"target": -17.677165041398865, "params": {"gamma": 49.408106462122234, "log10_alpha": -4.592940141084004, "log10_colsample_bytree": -0.5786969260131666, "log10_eta": -3.528258265234275, "log10_lambda": -3.770603931625618, "log10_min_child_weight": 2.5702642824213977, "log10_subsample": -0.6635037672006703, "max_depth": 8.0, "num_boost_round": 4.0}, "datetime": {"datetime": "2024-01-19 01:04:55", "elapsed": 3249.205522, "delta": 0.003144}}
{"target": -17.677146641906052, "params": {"gamma": 49.408106462122234, "log10_alpha": -4.592940141084004, "log10_colsample_bytree": -0.5786969260131666, "log10_eta": -3.528258265234275, "log10_lambda": -3.770603931625618, "log10_min_child_weight": 2.5702642824213977, "log10_subsample": -0.6635037672006703, "max_depth": 8.0, "num_boost_round": 5.0}, "datetime": {"datetime": "2024-01-19 01:04:55", "elapsed": 3249.208554, "delta": 0.003032}}
{"target": -17.67714147960763, "params": {"gamma": 49.408106462122234, "log10_alpha": -4.592940141084004, "log10_colsample_bytree": -0.5786969260131666, "log10_eta": -3.528258265234275, "log10_lambda": -3.770603931625618, "log10_min_child_weight": 2.5702642824213977, "log10_subsample": -0.6635037672006703, "max_depth": 8.0, "num_boost_round": 6.0}, "datetime": {"datetime": "2024-01-19 01:04:55", "elapsed": 3249.21187, "delta": 0.003316}}
{"target": -17.677135932065365, "params": {"gamma": 49.408106462122234, "log10_alpha": -4.592940141084004, "log10_colsample_bytree": -0.5786969260131666, "log10_eta": -3.528258265234275, "log10_lambda": -3.770603931625618, "log10_min_child_weight": 2.5702642824213977, "log10_subsample": -0.6635037672006703, "max_depth": 8.0, "num_boost_round": 7.0}, "datetime": {"datetime": "2024-01-19 01:04:55", "elapsed": 3249.215639, "delta": 0.003769}}
{"target": -17.67712297770238, "params": {"gamma": 49.408106462122234, "log10_alpha": -4.592940141084004, "log10_colsample_bytree": -0.5786969260131666, "log10_eta": -3.528258265234275, "log10_lambda": -3.770603931625618, "log10_min_child_weight": 2.5702642824213977, "log10_subsample": -0.6635037672006703, "max_depth": 8.0, "num_boost_round": 8.0}, "datetime": {"datetime": "2024-01-19 01:04:55", "elapsed": 3249.218762, "delta": 0.003123}}
{"target": -17.67710327190182, "params": {"gamma": 49.408106462122234, "log10_alpha": -4.592940141084004, "log10_colsample_bytree": -0.5786969260131666, "log10_eta": -3.528258265234275, "log10_lambda": -3.770603931625618, "log10_min_child_weight": 2.5702642824213977, "log10_subsample": -0.6635037672006703, "max_depth": 8.0, "num_boost_round": 9.0}, "datetime": {"datetime": "2024-01-19 01:04:55", "elapsed": 3249.221857, "delta": 0.003095}}
{"target": -17.677081288668635, "params": {"gamma": 49.408106462122234, "log10_alpha": -4.592940141084004, "log10_colsample_bytree": -0.5786969260131666, "log10_eta": -3.528258265234275, "log10_lambda": -3.770603931625618, "log10_min_child_weight": 2.5702642824213977, "log10_subsample": -0.6635037672006703, "max_depth": 8.0, "num_boost_round": 10.0}, "datetime": {"datetime": "2024-01-19 01:04:55", "elapsed": 3249.224941, "delta": 0.003084}}
{"target": -17.677066603290935, "params": {"gamma": 49.408106462122234, "log10_alpha": -4.592940141084004, "log10_colsample_bytree": -0.5786969260131666, "log10_eta": -3.528258265234275, "log10_lambda": -3.770603931625618, "log10_min_child_weight": 2.5702642824213977, "log10_subsample": -0.6635037672006703, "max_depth": 8.0, "num_boost_round": 11.0}, "datetime": {"datetime": "2024-01-19 01:04:55", "elapsed": 3249.228075, "delta": 0.003134}}
{"target": -17.67705684857812, "params": {"gamma": 49.408106462122234, "log10_alpha": -4.592940141084004, "log10_colsample_bytree": -0.5786969260131666, "log10_eta": -3.528258265234275, "log10_lambda": -3.770603931625618, "log10_min_child_weight": 2.5702642824213977, "log10_subsample": -0.6635037672006703, "max_depth": 8.0, "num_boost_round": 12.0}, "datetime": {"datetime": "2024-01-19 01:04:55", "elapsed": 3249.231287, "delta": 0.003212}}
{"target": -17.677029541006423, "params": {"gamma": 49.408106462122234, "log10_alpha": -4.592940141084004, "log10_colsample_bytree": -0.5786969260131666, "log10_eta": -3.528258265234275, "log10_lambda": -3.770603931625618, "log10_min_child_weight": 2.5702642824213977, "log10_subsample": -0.6635037672006703, "max_depth": 8.0, "num_boost_round": 13.0}, "datetime": {"datetime": "2024-01-19 01:04:55", "elapsed": 3249.234441, "delta": 0.003154}}
{"target": -17.677034837941793, "params": {"gamma": 49.408106462122234, "log10_alpha": -4.592940141084004, "log10_colsample_bytree": -0.5786969260131666, "log10_eta": -3.528258265234275, "log10_lambda": -3.770603931625618, "log10_min_child_weight": 2.5702642824213977, "log10_subsample": -0.6635037672006703, "max_depth": 8.0, "num_boost_round": 14.0}, "datetime": {"datetime": "2024-01-19 01:04:55", "elapsed": 3249.237612, "delta": 0.003171}}
{"target": -17.6770264068573, "params": {"gamma": 49.408106462122234, "log10_alpha": -4.592940141084004, "log10_colsample_bytree": -0.5786969260131666, "log10_eta": -3.528258265234275, "log10_lambda": -3.770603931625618, "log10_min_child_weight": 2.5702642824213977, "log10_subsample": -0.6635037672006703, "max_depth": 8.0, "num_boost_round": 15.0}, "datetime": {"datetime": "2024-01-19 01:04:55", "elapsed": 3249.24063, "delta": 0.003018}}
{"target": -17.67701811401938, "params": {"gamma": 49.408106462122234, "log10_alpha": -4.592940141084004, "log10_colsample_bytree": -0.5786969260131666, "log10_eta": -3.528258265234275, "log10_lambda": -3.770603931625618, "log10_min_child_weight": 2.5702642824213977, "log10_subsample": -0.6635037672006703, "max_depth": 8.0, "num_boost_round": 16.0}, "datetime": {"datetime": "2024-01-19 01:04:55", "elapsed": 3249.243711, "delta": 0.003081}}
{"target": -17.67701297399132, "params": {"gamma": 49.408106462122234, "log10_alpha": -4.592940141084004, "log10_colsample_bytree": -0.5786969260131666, "log10_eta": -3.528258265234275, "log10_lambda": -3.770603931625618, "log10_min_child_weight": 2.5702642824213977, "log10_subsample": -0.6635037672006703, "max_depth": 8.0, "num_boost_round": 17.0}, "datetime": {"datetime": "2024-01-19 01:04:55", "elapsed": 3249.24685, "delta": 0.003139}}
{"target": -17.677017895420697, "params": {"gamma": 49.408106462122234, "log10_alpha": -4.592940141084004, "log10_colsample_bytree": -0.5786969260131666, "log10_eta": -3.528258265234275, "log10_lambda": -3.770603931625618, "log10_min_child_weight": 2.5702642824213977, "log10_subsample": -0.6635037672006703, "max_depth": 8.0, "num_boost_round": 18.0}, "datetime": {"datetime": "2024-01-19 01:04:55", "elapsed": 3249.249882, "delta": 0.003032}}
{"target": -17.677009552563092, "params": {"gamma": 49.408106462122234, "log10_alpha": -4.592940141084004, "log10_colsample_bytree": -0.5786969260131666, "log10_eta": -3.528258265234275, "log10_lambda": -3.770603931625618, "log10_min_child_weight": 2.5702642824213977, "log10_subsample": -0.6635037672006703, "max_depth": 8.0, "num_boost_round": 19.0}, "datetime": {"datetime": "2024-01-19 01:04:55", "elapsed": 3249.253025, "delta": 0.003143}}
{"target": -17.677011327208877, "params": {"gamma": 49.408106462122234, "log10_alpha": -4.592940141084004, "log10_colsample_bytree": -0.5786969260131666, "log10_eta": -3.528258265234275, "log10_lambda": -3.770603931625618, "log10_min_child_weight": 2.5702642824213977, "log10_subsample": -0.6635037672006703, "max_depth": 8.0, "num_boost_round": 20.0}, "datetime": {"datetime": "2024-01-19 01:04:55", "elapsed": 3249.25614, "delta": 0.003115}}
{"target": -17.67700157149772, "params": {"gamma": 49.408106462122234, "log10_alpha": -4.592940141084004, "log10_colsample_bytree": -0.5786969260131666, "log10_eta": -3.528258265234275, "log10_lambda": -3.770603931625618, "log10_min_child_weight": 2.5702642824213977, "log10_subsample": -0.6635037672006703, "max_depth": 8.0, "num_boost_round": 21.0}, "datetime": {"datetime": "2024-01-19 01:04:55", "elapsed": 3249.259182, "delta": 0.003042}}
{"target": -17.676968770321515, "params": {"gamma": 49.408106462122234, "log10_alpha": -4.592940141084004, "log10_colsample_bytree": -0.5786969260131666, "log10_eta": -3.528258265234275, "log10_lambda": -3.770603931625618, "log10_min_child_weight": 2.5702642824213977, "log10_subsample": -0.6635037672006703, "max_depth": 8.0, "num_boost_round": 22.0}, "datetime": {"datetime": "2024-01-19 01:04:55", "elapsed": 3249.262174, "delta": 0.002992}}
{"target": -17.6769497316203, "params": {"gamma": 49.408106462122234, "log10_alpha": -4.592940141084004, "log10_colsample_bytree": -0.5786969260131666, "log10_eta": -3.528258265234275, "log10_lambda": -3.770603931625618, "log10_min_child_weight": 2.5702642824213977, "log10_subsample": -0.6635037672006703, "max_depth": 8.0, "num_boost_round": 23.0}, "datetime": {"datetime": "2024-01-19 01:04:55", "elapsed": 3249.265264, "delta": 0.00309}}
{"target": -17.677221158413417, "params": {"gamma": 54.29743744342319, "log10_alpha": 0.1566767617477236, "log10_colsample_bytree": -0.6942467828188059, "log10_eta": -3.7316190547802144, "log10_lambda": -1.9029482653989493, "log10_min_child_weight": 2.142699684066419, "log10_subsample": -0.4228401842959534, "max_depth": 6.0, "num_boost_round": 0.0}, "datetime": {"datetime": "2024-01-19 01:05:43", "elapsed": 3297.246115, "delta": 47.980851}}
{"target": -17.67720583488273, "params": {"gamma": 54.29743744342319, "log10_alpha": 0.1566767617477236, "log10_colsample_bytree": -0.6942467828188059, "log10_eta": -3.7316190547802144, "log10_lambda": -1.9029482653989493, "log10_min_child_weight": 2.142699684066419, "log10_subsample": -0.4228401842959534, "max_depth": 6.0, "num_boost_round": 1.0}, "datetime": {"datetime": "2024-01-19 01:05:43", "elapsed": 3297.250301, "delta": 0.004186}}
