{"target": -17.677229915519423, "params": {"gamma": 447.00638131486016, "log10_alpha": 0.3020502241824746, "log10_colsample_bytree": 0.0, "log10_eta": -4.0, "log10_lambda": -2.932015731869611, "log10_min_child_weight": 5.0, "log10_subsample": 0.0, "max_depth": 4.0, "num_boost_round": 2.0}, "datetime": {"datetime": "2024-01-19 01:25:59", "elapsed": 4464.44896, "delta": 0.003463}}
{"target": -17.67722890119613, "params": {"gamma": 447.00638131486016, "log10_alpha": 0.3020502241824746, "log10_colsample_bytree": 0.0, "log10_eta": -4.0, "log10_lambda": -2.932015731869611, "log10_min_child_weight": 5.0, "log10_subsample": 0.0, "max_depth": 4.0, "num_boost_round": 3.0}, "datetime": {"datetime": "2024-01-19 01:25:59", "elapsed": 4464.452658, "delta": 0.003698}}
{"target": -17.6772278663762, "params": {"gamma": 447.00638131486016, "log10_alpha": 0.3020502241824746, "log10_colsample_bytree": 0.0, "log10_eta": -4.0, "log10_lambda": -2.932015731869611, "log10_min_child_weight": 5.0, "log10_subsample": 0.0, "max_depth": 4.0, "num_boost_round": 4.0}, "datetime": {"datetime": "2024-01-19 01:25:59", "elapsed": 4464.45689, "delta": 0.004232}}
{"target": -17.677226852071723, "params": {"gamma": 447.00638131486016, "log10_alpha": 0.3020502241824746, "log10_colsample_bytree": 0.0, "log10_eta": -4.0, "log10_lambda": -2.932015731869611, "log10_min_child_weight": 5.0, "log10_subsample": 0.0, "max_depth": 4.0, "num_boost_round": 5.0}, "datetime": {"datetime": "2024-01-19 01:25:59", "elapsed": 4464.460183, "delta": 0.003293}}
{"target": -17.677225842803704, "params": {"gamma": 447.00638131486016, "log10_alpha": 0.3020502241824746, "log10_colsample_bytree": 0.0, "log10_eta": -4.0, "log10_lambda": -2.932015731869611, "log10_min_child_weight": 5.0, "log10_subsample": 0.0, "max_depth": 4.0, "num_boost_round": 6.0}, "datetime": {"datetime": "2024-01-19 01:25:59", "elapsed": 4464.463543, "delta": 0.00336}}
{"target": -17.67722534921089, "params": {"gamma": 447.00638131486016, "log10_alpha": 0.3020502241824746, "log10_colsample_bytree": 0.0, "log10_eta": -4.0, "log10_lambda": -2.932015731869611, "log10_min_child_weight": 5.0, "log10_subsample": 0.0, "max_depth": 4.0, "num_boost_round": 7.0}, "datetime": {"datetime": "2024-01-19 01:25:59", "elapsed": 4464.46688, "delta": 0.003337}}
{"target": -17.67722434004642, "params": {"gamma": 447.00638131486016, "log10_alpha": 0.3020502241824746, "log10_colsample_bytree": 0.0, "log10_eta": -4.0, "log10_lambda": -2.932015731869611, "log10_min_child_weight": 5.0, "log10_subsample": 0.0, "max_depth": 4.0, "num_boost_round": 8.0}, "datetime": {"datetime": "2024-01-19 01:25:59", "elapsed": 4464.470278, "delta": 0.003398}}
{"target": -17.677223828531684, "params": {"gamma": 447.00638131486016, "log10_alpha": 0.3020502241824746, "log10_colsample_bytree": 0.0, "log10_eta": -4.0, "log10_lambda": -2.932015731869611, "log10_min_child_weight": 5.0, "log10_subsample": 0.0, "max_depth": 4.0, "num_boost_round": 9.0}, "datetime": {"datetime": "2024-01-19 01:25:59", "elapsed": 4464.473722, "delta": 0.003444}}
{"target": -17.67722285087714, "params": {"gamma": 447.00638131486016, "log10_alpha": 0.3020502241824746, "log10_colsample_bytree": 0.0, "log10_eta": -4.0, "log10_lambda": -2.932015731869611, "log10_min_child_weight": 5.0, "log10_subsample": 0.0, "max_depth": 4.0, "num_boost_round": 10.0}, "datetime": {"datetime": "2024-01-19 01:25:59", "elapsed": 4464.477253, "delta": 0.003531}}
{"target": -17.677221819729176, "params": {"gamma": 447.00638131486016, "log10_alpha": 0.3020502241824746, "log10_colsample_bytree": 0.0, "log10_eta": -4.0, "log10_lambda": -2.932015731869611, "log10_min_child_weight": 5.0, "log10_subsample": 0.0, "max_depth": 4.0, "num_boost_round": 11.0}, "datetime": {"datetime": "2024-01-19 01:25:59", "elapsed": 4464.484835, "delta": 0.007582}}
{"target": -17.677221334953877, "params": {"gamma": 447.00638131486016, "log10_alpha": 0.3020502241824746, "log10_colsample_bytree": 0.0, "log10_eta": -4.0, "log10_lambda": -2.932015731869611, "log10_min_child_weight": 5.0, "log10_subsample": 0.0, "max_depth": 4.0, "num_boost_round": 12.0}, "datetime": {"datetime": "2024-01-19 01:25:59", "elapsed": 4464.488267, "delta": 0.003432}}
{"target": -17.677220296445398, "params": {"gamma": 447.00638131486016, "log10_alpha": 0.3020502241824746, "log10_colsample_bytree": 0.0, "log10_eta": -4.0, "log10_lambda": -2.932015731869611, "log10_min_child_weight": 5.0, "log10_subsample": 0.0, "max_depth": 4.0, "num_boost_round": 13.0}, "datetime": {"datetime": "2024-01-19 01:25:59", "elapsed": 4464.491583, "delta": 0.003316}}
{"target": -17.67721930442243, "params": {"gamma": 447.00638131486016, "log10_alpha": 0.3020502241824746, "log10_colsample_bytree": 0.0, "log10_eta": -4.0, "log10_lambda": -2.932015731869611, "log10_min_child_weight": 5.0, "log10_subsample": 0.0, "max_depth": 4.0, "num_boost_round": 14.0}, "datetime": {"datetime": "2024-01-19 01:25:59", "elapsed": 4464.494957, "delta": 0.003374}}
{"target": -17.677218819722867, "params": {"gamma": 447.00638131486016, "log10_alpha": 0.3020502241824746, "log10_colsample_bytree": 0.0, "log10_eta": -4.0, "log10_lambda": -2.932015731869611, "log10_min_child_weight": 5.0, "log10_subsample": 0.0, "max_depth": 4.0, "num_boost_round": 15.0}, "datetime": {"datetime": "2024-01-19 01:25:59", "elapsed": 4464.498265, "delta": 0.003308}}
{"target": -17.677217809093865, "params": {"gamma": 447.00638131486016, "log10_alpha": 0.3020502241824746, "log10_colsample_bytree": 0.0, "log10_eta": -4.0, "log10_lambda": -2.932015731869611, "log10_min_child_weight": 5.0, "log10_subsample": 0.0, "max_depth": 4.0, "num_boost_round": 16.0}, "datetime": {"datetime": "2024-01-19 01:25:59", "elapsed": 4464.501659, "delta": 0.003394}}
{"target": -17.67721732593607, "params": {"gamma": 447.00638131486016, "log10_alpha": 0.3020502241824746, "log10_colsample_bytree": 0.0, "log10_eta": -4.0, "log10_lambda": -2.932015731869611, "log10_min_child_weight": 5.0, "log10_subsample": 0.0, "max_depth": 4.0, "num_boost_round": 17.0}, "datetime": {"datetime": "2024-01-19 01:25:59", "elapsed": 4464.504972, "delta": 0.003313}}
{"target": -17.67721630388593, "params": {"gamma": 447.00638131486016, "log10_alpha": 0.3020502241824746, "log10_colsample_bytree": 0.0, "log10_eta": -4.0, "log10_lambda": -2.932015731869611, "log10_min_child_weight": 5.0, "log10_subsample": 0.0, "max_depth": 4.0, "num_boost_round": 18.0}, "datetime": {"datetime": "2024-01-19 01:25:59", "elapsed": 4464.50839, "delta": 0.003418}}
{"target": -17.67721529636826, "params": {"gamma": 447.00638131486016, "log10_alpha": 0.3020502241824746, "log10_colsample_bytree": 0.0, "log10_eta": -4.0, "log10_lambda": -2.932015731869611, "log10_min_child_weight": 5.0, "log10_subsample": 0.0, "max_depth": 4.0, "num_boost_round": 19.0}, "datetime": {"datetime": "2024-01-19 01:26:00", "elapsed": 4464.613526, "delta": 0.105136}}
{"target": -17.677214810120546, "params": {"gamma": 447.00638131486016, "log10_alpha": 0.3020502241824746, "log10_colsample_bytree": 0.0, "log10_eta": -4.0, "log10_lambda": -2.932015731869611, "log10_min_child_weight": 5.0, "log10_subsample": 0.0, "max_depth": 4.0, "num_boost_round": 20.0}, "datetime": {"datetime": "2024-01-19 01:26:00", "elapsed": 4464.617149, "delta": 0.003623}}
{"target": -17.67721382286143, "params": {"gamma": 447.00638131486016, "log10_alpha": 0.3020502241824746, "log10_colsample_bytree": 0.0, "log10_eta": -4.0, "log10_lambda": -2.932015731869611, "log10_min_child_weight": 5.0, "log10_subsample": 0.0, "max_depth": 4.0, "num_boost_round": 21.0}, "datetime": {"datetime": "2024-01-19 01:26:00", "elapsed": 4464.620589, "delta": 0.00344}}
{"target": -17.677212802379238, "params": {"gamma": 447.00638131486016, "log10_alpha": 0.3020502241824746, "log10_colsample_bytree": 0.0, "log10_eta": -4.0, "log10_lambda": -2.932015731869611, "log10_min_child_weight": 5.0, "log10_subsample": 0.0, "max_depth": 4.0, "num_boost_round": 22.0}, "datetime": {"datetime": "2024-01-19 01:26:00", "elapsed": 4464.623929, "delta": 0.00334}}
{"target": -17.677211894875246, "params": {"gamma": 447.00638131486016, "log10_alpha": 0.3020502241824746, "log10_colsample_bytree": 0.0, "log10_eta": -4.0, "log10_lambda": -2.932015731869611, "log10_min_child_weight": 5.0, "log10_subsample": 0.0, "max_depth": 4.0, "num_boost_round": 23.0}, "datetime": {"datetime": "2024-01-19 01:26:00", "elapsed": 4464.627283, "delta": 0.003354}}
{"target": -17.677210892820476, "params": {"gamma": 447.00638131486016, "log10_alpha": 0.3020502241824746, "log10_colsample_bytree": 0.0, "log10_eta": -4.0, "log10_lambda": -2.932015731869611, "log10_min_child_weight": 5.0, "log10_subsample": 0.0, "max_depth": 4.0, "num_boost_round": 24.0}, "datetime": {"datetime": "2024-01-19 01:26:00", "elapsed": 4464.630655, "delta": 0.003372}}
{"target": -17.677227545380564, "params": {"gamma": 423.2928600729835, "log10_alpha": -4.191894464047297, "log10_colsample_bytree": -0.768992933234157, "log10_eta": -3.4223949440434622, "log10_lambda": -0.8540856794482137, "log10_min_child_weight": 2.763296884137097, "log10_subsample": -0.6108971274510714, "max_depth": 4.0, "num_boost_round": 0.0}, "datetime": {"datetime": "2024-01-19 01:27:00", "elapsed": 4525.363251, "delta": 60.732596}}
{"target": -17.67721779228046, "params": {"gamma": 423.2928600729835, "log10_alpha": -4.191894464047297, "log10_colsample_bytree": -0.768992933234157, "log10_eta": -3.4223949440434622, "log10_lambda": -0.8540856794482137, "log10_min_child_weight": 2.763296884137097, "log10_subsample": -0.6108971274510714, "max_depth": 4.0, "num_boost_round": 1.0}, "datetime": {"datetime": "2024-01-19 01:27:00", "elapsed": 4525.367256, "delta": 0.004005}}
{"target": -17.677211880725565, "params": {"gamma": 423.2928600729835, "log10_alpha": -4.191894464047297, "log10_colsample_bytree": -0.768992933234157, "log10_eta": -3.4223949440434622, "log10_lambda": -0.8540856794482137, "log10_min_child_weight": 2.763296884137097, "log10_subsample": -0.6108971274510714, "max_depth": 4.0, "num_boost_round": 2.0}, "datetime": {"datetime": "2024-01-19 01:27:00", "elapsed": 4525.370739, "delta": 0.003483}}
{"target": -17.677209395430015, "params": {"gamma": 423.2928600729835, "log10_alpha": -4.191894464047297, "log10_colsample_bytree": -0.768992933234157, "log10_eta": -3.4223949440434622, "log10_lambda": -0.8540856794482137, "log10_min_child_weight": 2.763296884137097, "log10_subsample": -0.6108971274510714, "max_depth": 4.0, "num_boost_round": 3.0}, "datetime": {"datetime": "2024-01-19 01:27:00", "elapsed": 4525.374222, "delta": 0.003483}}
{"target": -17.677201150469624, "params": {"gamma": 423.2928600729835, "log10_alpha": -4.191894464047297, "log10_colsample_bytree": -0.768992933234157, "log10_eta": -3.4223949440434622, "log10_lambda": -0.8540856794482137, "log10_min_child_weight": 2.763296884137097, "log10_subsample": -0.6108971274510714, "max_depth": 4.0, "num_boost_round": 4.0}, "datetime": {"datetime": "2024-01-19 01:27:00", "elapsed": 4525.377663, "delta": 0.003441}}
{"target": -17.677199234598838, "params": {"gamma": 423.2928600729835, "log10_alpha": -4.191894464047297, "log10_colsample_bytree": -0.768992933234157, "log10_eta": -3.4223949440434622, "log10_lambda": -0.8540856794482137, "log10_min_child_weight": 2.763296884137097, "log10_subsample": -0.6108971274510714, "max_depth": 4.0, "num_boost_round": 5.0}, "datetime": {"datetime": "2024-01-19 01:27:00", "elapsed": 4525.381136, "delta": 0.003473}}
{"target": -17.67719001162366, "params": {"gamma": 423.2928600729835, "log10_alpha": -4.191894464047297, "log10_colsample_bytree": -0.768992933234157, "log10_eta": -3.4223949440434622, "log10_lambda": -0.8540856794482137, "log10_min_child_weight": 2.763296884137097, "log10_subsample": -0.6108971274510714, "max_depth": 4.0, "num_boost_round": 6.0}, "datetime": {"datetime": "2024-01-19 01:27:00", "elapsed": 4525.384402, "delta": 0.003266}}
{"target": -17.677167779893793, "params": {"gamma": 423.2928600729835, "log10_alpha": -4.191894464047297, "log10_colsample_bytree": -0.768992933234157, "log10_eta": -3.4223949440434622, "log10_lambda": -0.8540856794482137, "log10_min_child_weight": 2.763296884137097, "log10_subsample": -0.6108971274510714, "max_depth": 4.0, "num_boost_round": 7.0}, "datetime": {"datetime": "2024-01-19 01:27:00", "elapsed": 4525.38768, "delta": 0.003278}}
{"target": -17.67715841121141, "params": {"gamma": 423.2928600729835, "log10_alpha": -4.191894464047297, "log10_colsample_bytree": -0.768992933234157, "log10_eta": -3.4223949440434622, "log10_lambda": -0.8540856794482137, "log10_min_child_weight": 2.763296884137097, "log10_subsample": -0.6108971274510714, "max_depth": 4.0, "num_boost_round": 8.0}, "datetime": {"datetime": "2024-01-19 01:27:00", "elapsed": 4525.390982, "delta": 0.003302}}
{"target": -17.67714563171963, "params": {"gamma": 423.2928600729835, "log10_alpha": -4.191894464047297, "log10_colsample_bytree": -0.768992933234157, "log10_eta": -3.4223949440434622, "log10_lambda": -0.8540856794482137, "log10_min_child_weight": 2.763296884137097, "log10_subsample": -0.6108971274510714, "max_depth": 4.0, "num_boost_round": 9.0}, "datetime": {"datetime": "2024-01-19 01:27:00", "elapsed": 4525.394414, "delta": 0.003432}}
{"target": -17.6771445010006, "params": {"gamma": 423.2928600729835, "log10_alpha": -4.191894464047297, "log10_colsample_bytree": -0.768992933234157, "log10_eta": -3.4223949440434622, "log10_lambda": -0.8540856794482137, "log10_min_child_weight": 2.763296884137097, "log10_subsample": -0.6108971274510714, "max_depth": 4.0, "num_boost_round": 10.0}, "datetime": {"datetime": "2024-01-19 01:27:00", "elapsed": 4525.397715, "delta": 0.003301}}
{"target": -17.67713146608696, "params": {"gamma": 423.2928600729835, "log10_alpha": -4.191894464047297, "log10_colsample_bytree": -0.768992933234157, "log10_eta": -3.4223949440434622, "log10_lambda": -0.8540856794482137, "log10_min_child_weight": 2.763296884137097, "log10_subsample": -0.6108971274510714, "max_depth": 4.0, "num_boost_round": 11.0}, "datetime": {"datetime": "2024-01-19 01:27:00", "elapsed": 4525.400995, "delta": 0.00328}}
{"target": -17.677119047567935, "params": {"gamma": 423.2928600729835, "log10_alpha": -4.191894464047297, "log10_colsample_bytree": -0.768992933234157, "log10_eta": -3.4223949440434622, "log10_lambda": -0.8540856794482137, "log10_min_child_weight": 2.763296884137097, "log10_subsample": -0.6108971274510714, "max_depth": 4.0, "num_boost_round": 12.0}, "datetime": {"datetime": "2024-01-19 01:27:00", "elapsed": 4525.404311, "delta": 0.003316}}
{"target": -17.677195912794073, "params": {"gamma": 447.356622549513, "log10_alpha": -2.652038185054553, "log10_colsample_bytree": -0.590046510452265, "log10_eta": -3.2368756518389077, "log10_lambda": -0.7778688811562358, "log10_min_child_weight": 3.049417965805303, "log10_subsample": -0.2882065574871322, "max_depth": 9.0, "num_boost_round": 0.0}, "datetime": {"datetime": "2024-01-19 01:28:17", "elapsed": 4601.818688, "delta": 76.414377}}
{"target": -17.6771836272741, "params": {"gamma": 447.356622549513, "log10_alpha": -2.652038185054553, "log10_colsample_bytree": -0.590046510452265, "log10_eta": -3.2368756518389077, "log10_lambda": -0.7778688811562358, "log10_min_child_weight": 3.049417965805303, "log10_subsample": -0.2882065574871322, "max_depth": 9.0, "num_boost_round": 1.0}, "datetime": {"datetime": "2024-01-19 01:28:17", "elapsed": 4601.822238, "delta": 0.00355}}
{"target": -17.677136959241697, "params": {"gamma": 447.356622549513, "log10_alpha": -2.652038185054553, "log10_colsample_bytree": -0.590046510452265, "log10_eta": -3.2368756518389077, "log10_lambda": -0.7778688811562358, "log10_min_child_weight": 3.049417965805303, "log10_subsample": -0.2882065574871322, "max_depth": 9.0, "num_boost_round": 2.0}, "datetime": {"datetime": "2024-01-19 01:28:17", "elapsed": 4601.825618, "delta": 0.00338}}
{"target": -17.677152474825117, "params": {"gamma": 447.356622549513, "log10_alpha": -2.652038185054553, "log10_colsample_bytree": -0.590046510452265, "log10_eta": -3.2368756518389077, "log10_lambda": -0.7778688811562358, "log10_min_child_weight": 3.049417965805303, "log10_subsample": -0.2882065574871322, "max_depth": 9.0, "num_boost_round": 3.0}, "datetime": {"datetime": "2024-01-19 01:28:17", "elapsed": 4601.828908, "delta": 0.00329}}
{"target": -17.67712228535909, "params": {"gamma": 447.356622549513, "log10_alpha": -2.652038185054553, "log10_colsample_bytree": -0.590046510452265, "log10_eta": -3.2368756518389077, "log10_lambda": -0.7778688811562358, "log10_min_child_weight": 3.049417965805303, "log10_subsample": -0.2882065574871322, "max_depth": 9.0, "num_boost_round": 4.0}, "datetime": {"datetime": "2024-01-19 01:28:17", "elapsed": 4601.832255, "delta": 0.003347}}
{"target": -17.67709519693004, "params": {"gamma": 447.356622549513, "log10_alpha": -2.652038185054553, "log10_colsample_bytree": -0.590046510452265, "log10_eta": -3.2368756518389077, "log10_lambda": -0.7778688811562358, "log10_min_child_weight": 3.049417965805303, "log10_subsample": -0.2882065574871322, "max_depth": 9.0, "num_boost_round": 5.0}, "datetime": {"datetime": "2024-01-19 01:28:17", "elapsed": 4601.835642, "delta": 0.003387}}
{"target": -17.67711814740728, "params": {"gamma": 447.356622549513, "log10_alpha": -2.652038185054553, "log10_colsample_bytree": -0.590046510452265, "log10_eta": -3.2368756518389077, "log10_lambda": -0.7778688811562358, "log10_min_child_weight": 3.049417965805303, "log10_subsample": -0.2882065574871322, "max_depth": 9.0, "num_boost_round": 6.0}, "datetime": {"datetime": "2024-01-19 01:28:17", "elapsed": 4601.838944, "delta": 0.003302}}
{"target": -17.677058795015775, "params": {"gamma": 447.356622549513, "log10_alpha": -2.652038185054553, "log10_colsample_bytree": -0.590046510452265, "log10_eta": -3.2368756518389077, "log10_lambda": -0.7778688811562358, "log10_min_child_weight": 3.049417965805303, "log10_subsample": -0.2882065574871322, "max_depth": 9.0, "num_boost_round": 7.0}, "datetime": {"datetime": "2024-01-19 01:28:17", "elapsed": 4601.842238, "delta": 0.003294}}
{"target": -17.677036326530267, "params": {"gamma": 447.356622549513, "log10_alpha": -2.652038185054553, "log10_colsample_bytree": -0.590046510452265, "log10_eta": -3.2368756518389077, "log10_lambda": -0.7778688811562358, "log10_min_child_weight": 3.049417965805303, "log10_subsample": -0.2882065574871322, "max_depth": 9.0, "num_boost_round": 8.0}, "datetime": {"datetime": "2024-01-19 01:28:17", "elapsed": 4601.84555, "delta": 0.003312}}
{"target": -17.677015352733072, "params": {"gamma": 447.356622549513, "log10_alpha": -2.652038185054553, "log10_colsample_bytree": -0.590046510452265, "log10_eta": -3.2368756518389077, "log10_lambda": -0.7778688811562358, "log10_min_child_weight": 3.049417965805303, "log10_subsample": -0.2882065574871322, "max_depth": 9.0, "num_boost_round": 9.0}, "datetime": {"datetime": "2024-01-19 01:28:17", "elapsed": 4601.848856, "delta": 0.003306}}
{"target": -17.677011107238663, "params": {"gamma": 447.356622549513, "log10_alpha": -2.652038185054553, "log10_colsample_bytree": -0.590046510452265, "log10_eta": -3.2368756518389077, "log10_lambda": -0.7778688811562358, "log10_min_child_weight": 3.049417965805303, "log10_subsample": -0.2882065574871322, "max_depth": 9.0, "num_boost_round": 10.0}, "datetime": {"datetime": "2024-01-19 01:28:17", "elapsed": 4601.852176, "delta": 0.00332}}
{"target": -17.67697825253284, "params": {"gamma": 447.356622549513, "log10_alpha": -2.652038185054553, "log10_colsample_bytree": -0.590046510452265, "log10_eta": -3.2368756518389077, "log10_lambda": -0.7778688811562358, "log10_min_child_weight": 3.049417965805303, "log10_subsample": -0.2882065574871322, "max_depth": 9.0, "num_boost_round": 11.0}, "datetime": {"datetime": "2024-01-19 01:28:17", "elapsed": 4601.855551, "delta": 0.003375}}
{"target": -17.676950545063622, "params": {"gamma": 447.356622549513, "log10_alpha": -2.652038185054553, "log10_colsample_bytree": -0.590046510452265, "log10_eta": -3.2368756518389077, "log10_lambda": -0.7778688811562358, "log10_min_child_weight": 3.049417965805303, "log10_subsample": -0.2882065574871322, "max_depth": 9.0, "num_boost_round": 12.0}, "datetime": {"datetime": "2024-01-19 01:28:17", "elapsed": 4601.858841, "delta": 0.00329}}
{"target": -17.676914252526775, "params": {"gamma": 447.356622549513, "log10_alpha": -2.652038185054553, "log10_colsample_bytree": -0.590046510452265, "log10_eta": -3.2368756518389077, "log10_lambda": -0.7778688811562358, "log10_min_child_weight": 3.049417965805303, "log10_subsample": -0.2882065574871322, "max_depth": 9.0, "num_boost_round": 13.0}, "datetime": {"datetime": "2024-01-19 01:28:17", "elapsed": 4601.862185, "delta": 0.003344}}
{"target": -17.676895364249848, "params": {"gamma": 447.356622549513, "log10_alpha": -2.652038185054553, "log10_colsample_bytree": -0.590046510452265, "log10_eta": -3.2368756518389077, "log10_lambda": -0.7778688811562358, "log10_min_child_weight": 3.049417965805303, "log10_subsample": -0.2882065574871322, "max_depth": 9.0, "num_boost_round": 14.0}, "datetime": {"datetime": "2024-01-19 01:28:17", "elapsed": 4601.865469, "delta": 0.003284}}
{"target": -17.676874555598157, "params": {"gamma": 447.356622549513, "log10_alpha": -2.652038185054553, "log10_colsample_bytree": -0.590046510452265, "log10_eta": -3.2368756518389077, "log10_lambda": -0.7778688811562358, "log10_min_child_weight": 3.049417965805303, "log10_subsample": -0.2882065574871322, "max_depth": 9.0, "num_boost_round": 15.0}, "datetime": {"datetime": "2024-01-19 01:28:17", "elapsed": 4601.86879, "delta": 0.003321}}
