{"target": -13.758501781727505, "params": {"gamma": 643.3738021998951, "log10_alpha": -4.012232135429144, "log10_colsample_bytree": -0.6107377688447522, "log10_eta": -3.7384991333388724, "log10_lambda": 0.4284764951386162, "log10_min_child_weight": 3.3170041740780816, "log10_subsample": -0.37152271495122013, "max_depth": 6.0, "num_boost_round": 18.0}, "datetime": {"datetime": "2024-01-19 01:28:33", "elapsed": 4566.332384, "delta": 0.004703}}
{"target": -13.758500125650219, "params": {"gamma": 643.3738021998951, "log10_alpha": -4.012232135429144, "log10_colsample_bytree": -0.6107377688447522, "log10_eta": -3.7384991333388724, "log10_lambda": 0.4284764951386162, "log10_min_child_weight": 3.3170041740780816, "log10_subsample": -0.37152271495122013, "max_depth": 6.0, "num_boost_round": 19.0}, "datetime": {"datetime": "2024-01-19 01:28:33", "elapsed": 4566.337222, "delta": 0.004838}}
{"target": -13.75849607378223, "params": {"gamma": 643.3738021998951, "log10_alpha": -4.012232135429144, "log10_colsample_bytree": -0.6107377688447522, "log10_eta": -3.7384991333388724, "log10_lambda": 0.4284764951386162, "log10_min_child_weight": 3.3170041740780816, "log10_subsample": -0.37152271495122013, "max_depth": 6.0, "num_boost_round": 20.0}, "datetime": {"datetime": "2024-01-19 01:28:33", "elapsed": 4566.341674, "delta": 0.004452}}
{"target": -13.75849323847263, "params": {"gamma": 643.3738021998951, "log10_alpha": -4.012232135429144, "log10_colsample_bytree": -0.6107377688447522, "log10_eta": -3.7384991333388724, "log10_lambda": 0.4284764951386162, "log10_min_child_weight": 3.3170041740780816, "log10_subsample": -0.37152271495122013, "max_depth": 6.0, "num_boost_round": 21.0}, "datetime": {"datetime": "2024-01-19 01:28:33", "elapsed": 4566.346092, "delta": 0.004418}}
{"target": -13.758490198646042, "params": {"gamma": 643.3738021998951, "log10_alpha": -4.012232135429144, "log10_colsample_bytree": -0.6107377688447522, "log10_eta": -3.7384991333388724, "log10_lambda": 0.4284764951386162, "log10_min_child_weight": 3.3170041740780816, "log10_subsample": -0.37152271495122013, "max_depth": 6.0, "num_boost_round": 22.0}, "datetime": {"datetime": "2024-01-19 01:28:33", "elapsed": 4566.350825, "delta": 0.004733}}
{"target": -13.758485487547643, "params": {"gamma": 643.3738021998951, "log10_alpha": -4.012232135429144, "log10_colsample_bytree": -0.6107377688447522, "log10_eta": -3.7384991333388724, "log10_lambda": 0.4284764951386162, "log10_min_child_weight": 3.3170041740780816, "log10_subsample": -0.37152271495122013, "max_depth": 6.0, "num_boost_round": 23.0}, "datetime": {"datetime": "2024-01-19 01:28:33", "elapsed": 4566.355618, "delta": 0.004793}}
{"target": -13.758486413673959, "params": {"gamma": 643.3738021998951, "log10_alpha": -4.012232135429144, "log10_colsample_bytree": -0.6107377688447522, "log10_eta": -3.7384991333388724, "log10_lambda": 0.4284764951386162, "log10_min_child_weight": 3.3170041740780816, "log10_subsample": -0.37152271495122013, "max_depth": 6.0, "num_boost_round": 24.0}, "datetime": {"datetime": "2024-01-19 01:28:33", "elapsed": 4566.360121, "delta": 0.004503}}
{"target": -13.758481215749732, "params": {"gamma": 643.3738021998951, "log10_alpha": -4.012232135429144, "log10_colsample_bytree": -0.6107377688447522, "log10_eta": -3.7384991333388724, "log10_lambda": 0.4284764951386162, "log10_min_child_weight": 3.3170041740780816, "log10_subsample": -0.37152271495122013, "max_depth": 6.0, "num_boost_round": 25.0}, "datetime": {"datetime": "2024-01-19 01:28:33", "elapsed": 4566.364659, "delta": 0.004538}}
{"target": -13.758477314429175, "params": {"gamma": 643.3738021998951, "log10_alpha": -4.012232135429144, "log10_colsample_bytree": -0.6107377688447522, "log10_eta": -3.7384991333388724, "log10_lambda": 0.4284764951386162, "log10_min_child_weight": 3.3170041740780816, "log10_subsample": -0.37152271495122013, "max_depth": 6.0, "num_boost_round": 26.0}, "datetime": {"datetime": "2024-01-19 01:28:33", "elapsed": 4566.369231, "delta": 0.004572}}
{"target": -13.758475211125768, "params": {"gamma": 643.3738021998951, "log10_alpha": -4.012232135429144, "log10_colsample_bytree": -0.6107377688447522, "log10_eta": -3.7384991333388724, "log10_lambda": 0.4284764951386162, "log10_min_child_weight": 3.3170041740780816, "log10_subsample": -0.37152271495122013, "max_depth": 6.0, "num_boost_round": 27.0}, "datetime": {"datetime": "2024-01-19 01:28:33", "elapsed": 4566.37389, "delta": 0.004659}}
{"target": -13.758472355281437, "params": {"gamma": 643.3738021998951, "log10_alpha": -4.012232135429144, "log10_colsample_bytree": -0.6107377688447522, "log10_eta": -3.7384991333388724, "log10_lambda": 0.4284764951386162, "log10_min_child_weight": 3.3170041740780816, "log10_subsample": -0.37152271495122013, "max_depth": 6.0, "num_boost_round": 28.0}, "datetime": {"datetime": "2024-01-19 01:28:33", "elapsed": 4566.378562, "delta": 0.004672}}
{"target": -13.75846506117467, "params": {"gamma": 643.3738021998951, "log10_alpha": -4.012232135429144, "log10_colsample_bytree": -0.6107377688447522, "log10_eta": -3.7384991333388724, "log10_lambda": 0.4284764951386162, "log10_min_child_weight": 3.3170041740780816, "log10_subsample": -0.37152271495122013, "max_depth": 6.0, "num_boost_round": 29.0}, "datetime": {"datetime": "2024-01-19 01:28:33", "elapsed": 4566.383064, "delta": 0.004502}}
{"target": -13.75846140713246, "params": {"gamma": 643.3738021998951, "log10_alpha": -4.012232135429144, "log10_colsample_bytree": -0.6107377688447522, "log10_eta": -3.7384991333388724, "log10_lambda": 0.4284764951386162, "log10_min_child_weight": 3.3170041740780816, "log10_subsample": -0.37152271495122013, "max_depth": 6.0, "num_boost_round": 30.0}, "datetime": {"datetime": "2024-01-19 01:28:33", "elapsed": 4566.387513, "delta": 0.004449}}
{"target": -13.758453123688572, "params": {"gamma": 643.3738021998951, "log10_alpha": -4.012232135429144, "log10_colsample_bytree": -0.6107377688447522, "log10_eta": -3.7384991333388724, "log10_lambda": 0.4284764951386162, "log10_min_child_weight": 3.3170041740780816, "log10_subsample": -0.37152271495122013, "max_depth": 6.0, "num_boost_round": 31.0}, "datetime": {"datetime": "2024-01-19 01:28:33", "elapsed": 4566.392035, "delta": 0.004522}}
{"target": -13.758451232935435, "params": {"gamma": 643.3738021998951, "log10_alpha": -4.012232135429144, "log10_colsample_bytree": -0.6107377688447522, "log10_eta": -3.7384991333388724, "log10_lambda": 0.4284764951386162, "log10_min_child_weight": 3.3170041740780816, "log10_subsample": -0.37152271495122013, "max_depth": 6.0, "num_boost_round": 32.0}, "datetime": {"datetime": "2024-01-19 01:28:33", "elapsed": 4566.396738, "delta": 0.004703}}
{"target": -13.758538691603345, "params": {"gamma": 552.519298366834, "log10_alpha": -0.23257607079160003, "log10_colsample_bytree": -0.8157989078263, "log10_eta": -3.8071825820717247, "log10_lambda": -4.730291601774979, "log10_min_child_weight": 4.3177758520911835, "log10_subsample": -0.39804917742108736, "max_depth": 6.0, "num_boost_round": 0.0}, "datetime": {"datetime": "2024-01-19 01:29:38", "elapsed": 4631.422078, "delta": 65.02534}}
{"target": -13.75853798390328, "params": {"gamma": 552.519298366834, "log10_alpha": -0.23257607079160003, "log10_colsample_bytree": -0.8157989078263, "log10_eta": -3.8071825820717247, "log10_lambda": -4.730291601774979, "log10_min_child_weight": 4.3177758520911835, "log10_subsample": -0.39804917742108736, "max_depth": 6.0, "num_boost_round": 1.0}, "datetime": {"datetime": "2024-01-19 01:29:38", "elapsed": 4631.427509, "delta": 0.005431}}
{"target": -13.758537762018326, "params": {"gamma": 552.519298366834, "log10_alpha": -0.23257607079160003, "log10_colsample_bytree": -0.8157989078263, "log10_eta": -3.8071825820717247, "log10_lambda": -4.730291601774979, "log10_min_child_weight": 4.3177758520911835, "log10_subsample": -0.39804917742108736, "max_depth": 6.0, "num_boost_round": 2.0}, "datetime": {"datetime": "2024-01-19 01:29:38", "elapsed": 4631.432807, "delta": 0.005298}}
{"target": -13.758536418767413, "params": {"gamma": 552.519298366834, "log10_alpha": -0.23257607079160003, "log10_colsample_bytree": -0.8157989078263, "log10_eta": -3.8071825820717247, "log10_lambda": -4.730291601774979, "log10_min_child_weight": 4.3177758520911835, "log10_subsample": -0.39804917742108736, "max_depth": 6.0, "num_boost_round": 3.0}, "datetime": {"datetime": "2024-01-19 01:29:38", "elapsed": 4631.43773, "delta": 0.004923}}
{"target": -13.758536155538298, "params": {"gamma": 552.519298366834, "log10_alpha": -0.23257607079160003, "log10_colsample_bytree": -0.8157989078263, "log10_eta": -3.8071825820717247, "log10_lambda": -4.730291601774979, "log10_min_child_weight": 4.3177758520911835, "log10_subsample": -0.39804917742108736, "max_depth": 6.0, "num_boost_round": 4.0}, "datetime": {"datetime": "2024-01-19 01:29:38", "elapsed": 4631.442285, "delta": 0.004555}}
{"target": -13.758535746382398, "params": {"gamma": 552.519298366834, "log10_alpha": -0.23257607079160003, "log10_colsample_bytree": -0.8157989078263, "log10_eta": -3.8071825820717247, "log10_lambda": -4.730291601774979, "log10_min_child_weight": 4.3177758520911835, "log10_subsample": -0.39804917742108736, "max_depth": 6.0, "num_boost_round": 5.0}, "datetime": {"datetime": "2024-01-19 01:29:38", "elapsed": 4631.446745, "delta": 0.00446}}
{"target": -13.75853750443486, "params": {"gamma": 552.519298366834, "log10_alpha": -0.23257607079160003, "log10_colsample_bytree": -0.8157989078263, "log10_eta": -3.8071825820717247, "log10_lambda": -4.730291601774979, "log10_min_child_weight": 4.3177758520911835, "log10_subsample": -0.39804917742108736, "max_depth": 6.0, "num_boost_round": 6.0}, "datetime": {"datetime": "2024-01-19 01:29:38", "elapsed": 4631.451453, "delta": 0.004708}}
{"target": -13.758535560715693, "params": {"gamma": 552.519298366834, "log10_alpha": -0.23257607079160003, "log10_colsample_bytree": -0.8157989078263, "log10_eta": -3.8071825820717247, "log10_lambda": -4.730291601774979, "log10_min_child_weight": 4.3177758520911835, "log10_subsample": -0.39804917742108736, "max_depth": 6.0, "num_boost_round": 7.0}, "datetime": {"datetime": "2024-01-19 01:29:38", "elapsed": 4631.456367, "delta": 0.004914}}
{"target": -13.758535331645998, "params": {"gamma": 552.519298366834, "log10_alpha": -0.23257607079160003, "log10_colsample_bytree": -0.8157989078263, "log10_eta": -3.8071825820717247, "log10_lambda": -4.730291601774979, "log10_min_child_weight": 4.3177758520911835, "log10_subsample": -0.39804917742108736, "max_depth": 6.0, "num_boost_round": 8.0}, "datetime": {"datetime": "2024-01-19 01:29:38", "elapsed": 4631.461211, "delta": 0.004844}}
{"target": -13.758535969687602, "params": {"gamma": 552.519298366834, "log10_alpha": -0.23257607079160003, "log10_colsample_bytree": -0.8157989078263, "log10_eta": -3.8071825820717247, "log10_lambda": -4.730291601774979, "log10_min_child_weight": 4.3177758520911835, "log10_subsample": -0.39804917742108736, "max_depth": 6.0, "num_boost_round": 9.0}, "datetime": {"datetime": "2024-01-19 01:29:38", "elapsed": 4631.466194, "delta": 0.004983}}
{"target": -13.758534555266491, "params": {"gamma": 552.519298366834, "log10_alpha": -0.23257607079160003, "log10_colsample_bytree": -0.8157989078263, "log10_eta": -3.8071825820717247, "log10_lambda": -4.730291601774979, "log10_min_child_weight": 4.3177758520911835, "log10_subsample": -0.39804917742108736, "max_depth": 6.0, "num_boost_round": 10.0}, "datetime": {"datetime": "2024-01-19 01:29:38", "elapsed": 4631.470733, "delta": 0.004539}}
{"target": -13.75853557318972, "params": {"gamma": 552.519298366834, "log10_alpha": -0.23257607079160003, "log10_colsample_bytree": -0.8157989078263, "log10_eta": -3.8071825820717247, "log10_lambda": -4.730291601774979, "log10_min_child_weight": 4.3177758520911835, "log10_subsample": -0.39804917742108736, "max_depth": 6.0, "num_boost_round": 11.0}, "datetime": {"datetime": "2024-01-19 01:29:38", "elapsed": 4631.475394, "delta": 0.004661}}
{"target": -13.758536781054545, "params": {"gamma": 552.519298366834, "log10_alpha": -0.23257607079160003, "log10_colsample_bytree": -0.8157989078263, "log10_eta": -3.8071825820717247, "log10_lambda": -4.730291601774979, "log10_min_child_weight": 4.3177758520911835, "log10_subsample": -0.39804917742108736, "max_depth": 6.0, "num_boost_round": 12.0}, "datetime": {"datetime": "2024-01-19 01:29:38", "elapsed": 4631.480328, "delta": 0.004934}}
{"target": -13.758536283448148, "params": {"gamma": 552.519298366834, "log10_alpha": -0.23257607079160003, "log10_colsample_bytree": -0.8157989078263, "log10_eta": -3.8071825820717247, "log10_lambda": -4.730291601774979, "log10_min_child_weight": 4.3177758520911835, "log10_subsample": -0.39804917742108736, "max_depth": 6.0, "num_boost_round": 13.0}, "datetime": {"datetime": "2024-01-19 01:29:38", "elapsed": 4631.485897, "delta": 0.005569}}
{"target": -13.75853615476686, "params": {"gamma": 552.519298366834, "log10_alpha": -0.23257607079160003, "log10_colsample_bytree": -0.8157989078263, "log10_eta": -3.8071825820717247, "log10_lambda": -4.730291601774979, "log10_min_child_weight": 4.3177758520911835, "log10_subsample": -0.39804917742108736, "max_depth": 6.0, "num_boost_round": 14.0}, "datetime": {"datetime": "2024-01-19 01:29:38", "elapsed": 4631.491709, "delta": 0.005812}}
{"target": -13.758534721321714, "params": {"gamma": 552.519298366834, "log10_alpha": -0.23257607079160003, "log10_colsample_bytree": -0.8157989078263, "log10_eta": -3.8071825820717247, "log10_lambda": -4.730291601774979, "log10_min_child_weight": 4.3177758520911835, "log10_subsample": -0.39804917742108736, "max_depth": 6.0, "num_boost_round": 15.0}, "datetime": {"datetime": "2024-01-19 01:29:38", "elapsed": 4631.496829, "delta": 0.00512}}
{"target": -13.75853361740006, "params": {"gamma": 552.519298366834, "log10_alpha": -0.23257607079160003, "log10_colsample_bytree": -0.8157989078263, "log10_eta": -3.8071825820717247, "log10_lambda": -4.730291601774979, "log10_min_child_weight": 4.3177758520911835, "log10_subsample": -0.39804917742108736, "max_depth": 6.0, "num_boost_round": 16.0}, "datetime": {"datetime": "2024-01-19 01:29:38", "elapsed": 4631.501369, "delta": 0.00454}}
{"target": -13.758531675224589, "params": {"gamma": 552.519298366834, "log10_alpha": -0.23257607079160003, "log10_colsample_bytree": -0.8157989078263, "log10_eta": -3.8071825820717247, "log10_lambda": -4.730291601774979, "log10_min_child_weight": 4.3177758520911835, "log10_subsample": -0.39804917742108736, "max_depth": 6.0, "num_boost_round": 17.0}, "datetime": {"datetime": "2024-01-19 01:29:38", "elapsed": 4631.506363, "delta": 0.004994}}
{"target": -13.75853126075401, "params": {"gamma": 552.519298366834, "log10_alpha": -0.23257607079160003, "log10_colsample_bytree": -0.8157989078263, "log10_eta": -3.8071825820717247, "log10_lambda": -4.730291601774979, "log10_min_child_weight": 4.3177758520911835, "log10_subsample": -0.39804917742108736, "max_depth": 6.0, "num_boost_round": 18.0}, "datetime": {"datetime": "2024-01-19 01:29:38", "elapsed": 4631.511288, "delta": 0.004925}}
{"target": -13.758530200835704, "params": {"gamma": 552.519298366834, "log10_alpha": -0.23257607079160003, "log10_colsample_bytree": -0.8157989078263, "log10_eta": -3.8071825820717247, "log10_lambda": -4.730291601774979, "log10_min_child_weight": 4.3177758520911835, "log10_subsample": -0.39804917742108736, "max_depth": 6.0, "num_boost_round": 19.0}, "datetime": {"datetime": "2024-01-19 01:29:38", "elapsed": 4631.516053, "delta": 0.004765}}
{"target": -13.758530602088832, "params": {"gamma": 552.519298366834, "log10_alpha": -0.23257607079160003, "log10_colsample_bytree": -0.8157989078263, "log10_eta": -3.8071825820717247, "log10_lambda": -4.730291601774979, "log10_min_child_weight": 4.3177758520911835, "log10_subsample": -0.39804917742108736, "max_depth": 6.0, "num_boost_round": 20.0}, "datetime": {"datetime": "2024-01-19 01:29:38", "elapsed": 4631.520634, "delta": 0.004581}}
{"target": -13.758529847203448, "params": {"gamma": 552.519298366834, "log10_alpha": -0.23257607079160003, "log10_colsample_bytree": -0.8157989078263, "log10_eta": -3.8071825820717247, "log10_lambda": -4.730291601774979, "log10_min_child_weight": 4.3177758520911835, "log10_subsample": -0.39804917742108736, "max_depth": 6.0, "num_boost_round": 21.0}, "datetime": {"datetime": "2024-01-19 01:29:38", "elapsed": 4631.525156, "delta": 0.004522}}
{"target": -13.758530882394915, "params": {"gamma": 552.519298366834, "log10_alpha": -0.23257607079160003, "log10_colsample_bytree": -0.8157989078263, "log10_eta": -3.8071825820717247, "log10_lambda": -4.730291601774979, "log10_min_child_weight": 4.3177758520911835, "log10_subsample": -0.39804917742108736, "max_depth": 6.0, "num_boost_round": 22.0}, "datetime": {"datetime": "2024-01-19 01:29:38", "elapsed": 4631.529754, "delta": 0.004598}}
{"target": -13.758530646299251, "params": {"gamma": 552.519298366834, "log10_alpha": -0.23257607079160003, "log10_colsample_bytree": -0.8157989078263, "log10_eta": -3.8071825820717247, "log10_lambda": -4.730291601774979, "log10_min_child_weight": 4.3177758520911835, "log10_subsample": -0.39804917742108736, "max_depth": 6.0, "num_boost_round": 23.0}, "datetime": {"datetime": "2024-01-19 01:29:38", "elapsed": 4631.534529, "delta": 0.004775}}
{"target": -13.758530042754805, "params": {"gamma": 552.519298366834, "log10_alpha": -0.23257607079160003, "log10_colsample_bytree": -0.8157989078263, "log10_eta": -3.8071825820717247, "log10_lambda": -4.730291601774979, "log10_min_child_weight": 4.3177758520911835, "log10_subsample": -0.39804917742108736, "max_depth": 6.0, "num_boost_round": 24.0}, "datetime": {"datetime": "2024-01-19 01:29:38", "elapsed": 4631.539402, "delta": 0.004873}}
{"target": -13.758530477651064, "params": {"gamma": 552.519298366834, "log10_alpha": -0.23257607079160003, "log10_colsample_bytree": -0.8157989078263, "log10_eta": -3.8071825820717247, "log10_lambda": -4.730291601774979, "log10_min_child_weight": 4.3177758520911835, "log10_subsample": -0.39804917742108736, "max_depth": 6.0, "num_boost_round": 25.0}, "datetime": {"datetime": "2024-01-19 01:29:38", "elapsed": 4631.544232, "delta": 0.00483}}
{"target": -13.758529985717468, "params": {"gamma": 552.519298366834, "log10_alpha": -0.23257607079160003, "log10_colsample_bytree": -0.8157989078263, "log10_eta": -3.8071825820717247, "log10_lambda": -4.730291601774979, "log10_min_child_weight": 4.3177758520911835, "log10_subsample": -0.39804917742108736, "max_depth": 6.0, "num_boost_round": 26.0}, "datetime": {"datetime": "2024-01-19 01:29:38", "elapsed": 4631.548771, "delta": 0.004539}}
{"target": -13.758527403918972, "params": {"gamma": 552.519298366834, "log10_alpha": -0.23257607079160003, "log10_colsample_bytree": -0.8157989078263, "log10_eta": -3.8071825820717247, "log10_lambda": -4.730291601774979, "log10_min_child_weight": 4.3177758520911835, "log10_subsample": -0.39804917742108736, "max_depth": 6.0, "num_boost_round": 27.0}, "datetime": {"datetime": "2024-01-19 01:29:38", "elapsed": 4631.553315, "delta": 0.004544}}
{"target": -13.758526892773551, "params": {"gamma": 552.519298366834, "log10_alpha": -0.23257607079160003, "log10_colsample_bytree": -0.8157989078263, "log10_eta": -3.8071825820717247, "log10_lambda": -4.730291601774979, "log10_min_child_weight": 4.3177758520911835, "log10_subsample": -0.39804917742108736, "max_depth": 6.0, "num_boost_round": 28.0}, "datetime": {"datetime": "2024-01-19 01:29:38", "elapsed": 4631.558038, "delta": 0.004723}}
{"target": -13.758525383300208, "params": {"gamma": 552.519298366834, "log10_alpha": -0.23257607079160003, "log10_colsample_bytree": -0.8157989078263, "log10_eta": -3.8071825820717247, "log10_lambda": -4.730291601774979, "log10_min_child_weight": 4.3177758520911835, "log10_subsample": -0.39804917742108736, "max_depth": 6.0, "num_boost_round": 29.0}, "datetime": {"datetime": "2024-01-19 01:29:38", "elapsed": 4631.562691, "delta": 0.004653}}
{"target": -13.758524373711658, "params": {"gamma": 552.519298366834, "log10_alpha": -0.23257607079160003, "log10_colsample_bytree": -0.8157989078263, "log10_eta": -3.8071825820717247, "log10_lambda": -4.730291601774979, "log10_min_child_weight": 4.3177758520911835, "log10_subsample": -0.39804917742108736, "max_depth": 6.0, "num_boost_round": 30.0}, "datetime": {"datetime": "2024-01-19 01:29:38", "elapsed": 4631.567245, "delta": 0.004554}}
{"target": -13.758533776352389, "params": {"gamma": 636.5289082343436, "log10_alpha": -4.513991008340584, "log10_colsample_bytree": -0.16820274964887183, "log10_eta": -3.6452898359050163, "log10_lambda": -3.3237552434219406, "log10_min_child_weight": 0.3700163861372563, "log10_subsample": -0.8047633866290353, "max_depth": 3.0, "num_boost_round": 0.0}, "datetime": {"datetime": "2024-01-19 01:30:38", "elapsed": 4690.688008, "delta": 59.120763}}
{"target": -13.75852974431256, "params": {"gamma": 636.5289082343436, "log10_alpha": -4.513991008340584, "log10_colsample_bytree": -0.16820274964887183, "log10_eta": -3.6452898359050163, "log10_lambda": -3.3237552434219406, "log10_min_child_weight": 0.3700163861372563, "log10_subsample": -0.8047633866290353, "max_depth": 3.0, "num_boost_round": 1.0}, "datetime": {"datetime": "2024-01-19 01:30:38", "elapsed": 4690.69351, "delta": 0.005502}}
{"target": -13.758527488918181, "params": {"gamma": 636.5289082343436, "log10_alpha": -4.513991008340584, "log10_colsample_bytree": -0.16820274964887183, "log10_eta": -3.6452898359050163, "log10_lambda": -3.3237552434219406, "log10_min_child_weight": 0.3700163861372563, "log10_subsample": -0.8047633866290353, "max_depth": 3.0, "num_boost_round": 2.0}, "datetime": {"datetime": "2024-01-19 01:30:38", "elapsed": 4690.698442, "delta": 0.004932}}
