{"target": -13.75853789530152, "params": {"gamma": 35.15862747626974, "log10_alpha": -1.8021099053827965, "log10_colsample_bytree": -0.719152675707696, "log10_eta": -3.968132046619502, "log10_lambda": -4.575336616309039, "log10_min_child_weight": 4.540260820637837, "log10_subsample": -0.2530370497439235, "max_depth": 2.0, "num_boost_round": 5.0}, "datetime": {"datetime": "2024-01-19 00:40:49", "elapsed": 1757.889528, "delta": 0.002062}}
{"target": -13.758538569739025, "params": {"gamma": 35.15862747626974, "log10_alpha": -1.8021099053827965, "log10_colsample_bytree": -0.719152675707696, "log10_eta": -3.968132046619502, "log10_lambda": -4.575336616309039, "log10_min_child_weight": 4.540260820637837, "log10_subsample": -0.2530370497439235, "max_depth": 2.0, "num_boost_round": 6.0}, "datetime": {"datetime": "2024-01-19 00:40:49", "elapsed": 1757.891523, "delta": 0.001995}}
{"target": -13.758537725919496, "params": {"gamma": 35.15862747626974, "log10_alpha": -1.8021099053827965, "log10_colsample_bytree": -0.719152675707696, "log10_eta": -3.968132046619502, "log10_lambda": -4.575336616309039, "log10_min_child_weight": 4.540260820637837, "log10_subsample": -0.2530370497439235, "max_depth": 2.0, "num_boost_round": 7.0}, "datetime": {"datetime": "2024-01-19 00:40:49", "elapsed": 1757.893466, "delta": 0.001943}}
{"target": -13.758538283737868, "params": {"gamma": 35.15862747626974, "log10_alpha": -1.8021099053827965, "log10_colsample_bytree": -0.719152675707696, "log10_eta": -3.968132046619502, "log10_lambda": -4.575336616309039, "log10_min_child_weight": 4.540260820637837, "log10_subsample": -0.2530370497439235, "max_depth": 2.0, "num_boost_round": 8.0}, "datetime": {"datetime": "2024-01-19 00:40:49", "elapsed": 1757.895514, "delta": 0.002048}}
{"target": -13.758537518594787, "params": {"gamma": 35.15862747626974, "log10_alpha": -1.8021099053827965, "log10_colsample_bytree": -0.719152675707696, "log10_eta": -3.968132046619502, "log10_lambda": -4.575336616309039, "log10_min_child_weight": 4.540260820637837, "log10_subsample": -0.2530370497439235, "max_depth": 2.0, "num_boost_round": 9.0}, "datetime": {"datetime": "2024-01-19 00:40:49", "elapsed": 1757.897391, "delta": 0.001877}}
{"target": -13.758537196335276, "params": {"gamma": 35.15862747626974, "log10_alpha": -1.8021099053827965, "log10_colsample_bytree": -0.719152675707696, "log10_eta": -3.968132046619502, "log10_lambda": -4.575336616309039, "log10_min_child_weight": 4.540260820637837, "log10_subsample": -0.2530370497439235, "max_depth": 2.0, "num_boost_round": 10.0}, "datetime": {"datetime": "2024-01-19 00:40:49", "elapsed": 1757.899277, "delta": 0.001886}}
{"target": -13.75853636774381, "params": {"gamma": 35.15862747626974, "log10_alpha": -1.8021099053827965, "log10_colsample_bytree": -0.719152675707696, "log10_eta": -3.968132046619502, "log10_lambda": -4.575336616309039, "log10_min_child_weight": 4.540260820637837, "log10_subsample": -0.2530370497439235, "max_depth": 2.0, "num_boost_round": 11.0}, "datetime": {"datetime": "2024-01-19 00:40:49", "elapsed": 1757.901164, "delta": 0.001887}}
{"target": -13.758537111375356, "params": {"gamma": 35.15862747626974, "log10_alpha": -1.8021099053827965, "log10_colsample_bytree": -0.719152675707696, "log10_eta": -3.968132046619502, "log10_lambda": -4.575336616309039, "log10_min_child_weight": 4.540260820637837, "log10_subsample": -0.2530370497439235, "max_depth": 2.0, "num_boost_round": 12.0}, "datetime": {"datetime": "2024-01-19 00:40:49", "elapsed": 1757.903082, "delta": 0.001918}}
{"target": -13.758536587077042, "params": {"gamma": 35.15862747626974, "log10_alpha": -1.8021099053827965, "log10_colsample_bytree": -0.719152675707696, "log10_eta": -3.968132046619502, "log10_lambda": -4.575336616309039, "log10_min_child_weight": 4.540260820637837, "log10_subsample": -0.2530370497439235, "max_depth": 2.0, "num_boost_round": 13.0}, "datetime": {"datetime": "2024-01-19 00:40:49", "elapsed": 1757.904959, "delta": 0.001877}}
{"target": -13.758536145866767, "params": {"gamma": 35.15862747626974, "log10_alpha": -1.8021099053827965, "log10_colsample_bytree": -0.719152675707696, "log10_eta": -3.968132046619502, "log10_lambda": -4.575336616309039, "log10_min_child_weight": 4.540260820637837, "log10_subsample": -0.2530370497439235, "max_depth": 2.0, "num_boost_round": 14.0}, "datetime": {"datetime": "2024-01-19 00:40:49", "elapsed": 1757.906859, "delta": 0.0019}}
{"target": -13.758535430502821, "params": {"gamma": 35.15862747626974, "log10_alpha": -1.8021099053827965, "log10_colsample_bytree": -0.719152675707696, "log10_eta": -3.968132046619502, "log10_lambda": -4.575336616309039, "log10_min_child_weight": 4.540260820637837, "log10_subsample": -0.2530370497439235, "max_depth": 2.0, "num_boost_round": 15.0}, "datetime": {"datetime": "2024-01-19 00:40:49", "elapsed": 1757.908742, "delta": 0.001883}}
{"target": -13.758534884243144, "params": {"gamma": 35.15862747626974, "log10_alpha": -1.8021099053827965, "log10_colsample_bytree": -0.719152675707696, "log10_eta": -3.968132046619502, "log10_lambda": -4.575336616309039, "log10_min_child_weight": 4.540260820637837, "log10_subsample": -0.2530370497439235, "max_depth": 2.0, "num_boost_round": 16.0}, "datetime": {"datetime": "2024-01-19 00:40:49", "elapsed": 1757.910749, "delta": 0.002007}}
{"target": -13.758535335062897, "params": {"gamma": 35.15862747626974, "log10_alpha": -1.8021099053827965, "log10_colsample_bytree": -0.719152675707696, "log10_eta": -3.968132046619502, "log10_lambda": -4.575336616309039, "log10_min_child_weight": 4.540260820637837, "log10_subsample": -0.2530370497439235, "max_depth": 2.0, "num_boost_round": 17.0}, "datetime": {"datetime": "2024-01-19 00:40:49", "elapsed": 1757.912643, "delta": 0.001894}}
{"target": -13.75853602543313, "params": {"gamma": 35.15862747626974, "log10_alpha": -1.8021099053827965, "log10_colsample_bytree": -0.719152675707696, "log10_eta": -3.968132046619502, "log10_lambda": -4.575336616309039, "log10_min_child_weight": 4.540260820637837, "log10_subsample": -0.2530370497439235, "max_depth": 2.0, "num_boost_round": 18.0}, "datetime": {"datetime": "2024-01-19 00:40:49", "elapsed": 1757.914533, "delta": 0.00189}}
{"target": -13.7585380442072, "params": {"gamma": 23.384654760627676, "log10_alpha": -4.361290843612623, "log10_colsample_bytree": -0.3499492348149249, "log10_eta": -3.985111256802152, "log10_lambda": -2.9769532570783217, "log10_min_child_weight": 4.3442958659492215, "log10_subsample": -0.7672406323723484, "max_depth": 4.0, "num_boost_round": 0.0}, "datetime": {"datetime": "2024-01-19 00:41:12", "elapsed": 1781.12197, "delta": 23.207437}}
{"target": -13.758538088724, "params": {"gamma": 23.384654760627676, "log10_alpha": -4.361290843612623, "log10_colsample_bytree": -0.3499492348149249, "log10_eta": -3.985111256802152, "log10_lambda": -2.9769532570783217, "log10_min_child_weight": 4.3442958659492215, "log10_subsample": -0.7672406323723484, "max_depth": 4.0, "num_boost_round": 1.0}, "datetime": {"datetime": "2024-01-19 00:41:13", "elapsed": 1781.215418, "delta": 0.093448}}
{"target": -13.758538118322525, "params": {"gamma": 23.384654760627676, "log10_alpha": -4.361290843612623, "log10_colsample_bytree": -0.3499492348149249, "log10_eta": -3.985111256802152, "log10_lambda": -2.9769532570783217, "log10_min_child_weight": 4.3442958659492215, "log10_subsample": -0.7672406323723484, "max_depth": 4.0, "num_boost_round": 2.0}, "datetime": {"datetime": "2024-01-19 00:41:13", "elapsed": 1781.217877, "delta": 0.002459}}
{"target": -13.75853771289216, "params": {"gamma": 23.384654760627676, "log10_alpha": -4.361290843612623, "log10_colsample_bytree": -0.3499492348149249, "log10_eta": -3.985111256802152, "log10_lambda": -2.9769532570783217, "log10_min_child_weight": 4.3442958659492215, "log10_subsample": -0.7672406323723484, "max_depth": 4.0, "num_boost_round": 3.0}, "datetime": {"datetime": "2024-01-19 00:41:13", "elapsed": 1781.219885, "delta": 0.002008}}
{"target": -13.758537708359531, "params": {"gamma": 23.384654760627676, "log10_alpha": -4.361290843612623, "log10_colsample_bytree": -0.3499492348149249, "log10_eta": -3.985111256802152, "log10_lambda": -2.9769532570783217, "log10_min_child_weight": 4.3442958659492215, "log10_subsample": -0.7672406323723484, "max_depth": 4.0, "num_boost_round": 4.0}, "datetime": {"datetime": "2024-01-19 00:41:13", "elapsed": 1781.221893, "delta": 0.002008}}
{"target": -13.758537366466866, "params": {"gamma": 23.384654760627676, "log10_alpha": -4.361290843612623, "log10_colsample_bytree": -0.3499492348149249, "log10_eta": -3.985111256802152, "log10_lambda": -2.9769532570783217, "log10_min_child_weight": 4.3442958659492215, "log10_subsample": -0.7672406323723484, "max_depth": 4.0, "num_boost_round": 5.0}, "datetime": {"datetime": "2024-01-19 00:41:13", "elapsed": 1781.223958, "delta": 0.002065}}
{"target": -13.758536790542479, "params": {"gamma": 23.384654760627676, "log10_alpha": -4.361290843612623, "log10_colsample_bytree": -0.3499492348149249, "log10_eta": -3.985111256802152, "log10_lambda": -2.9769532570783217, "log10_min_child_weight": 4.3442958659492215, "log10_subsample": -0.7672406323723484, "max_depth": 4.0, "num_boost_round": 6.0}, "datetime": {"datetime": "2024-01-19 00:41:13", "elapsed": 1781.225959, "delta": 0.002001}}
{"target": -13.758536963048744, "params": {"gamma": 23.384654760627676, "log10_alpha": -4.361290843612623, "log10_colsample_bytree": -0.3499492348149249, "log10_eta": -3.985111256802152, "log10_lambda": -2.9769532570783217, "log10_min_child_weight": 4.3442958659492215, "log10_subsample": -0.7672406323723484, "max_depth": 4.0, "num_boost_round": 7.0}, "datetime": {"datetime": "2024-01-19 00:41:13", "elapsed": 1781.227962, "delta": 0.002003}}
{"target": -13.75853702979581, "params": {"gamma": 23.384654760627676, "log10_alpha": -4.361290843612623, "log10_colsample_bytree": -0.3499492348149249, "log10_eta": -3.985111256802152, "log10_lambda": -2.9769532570783217, "log10_min_child_weight": 4.3442958659492215, "log10_subsample": -0.7672406323723484, "max_depth": 4.0, "num_boost_round": 8.0}, "datetime": {"datetime": "2024-01-19 00:41:13", "elapsed": 1781.230068, "delta": 0.002106}}
{"target": -13.758536339911192, "params": {"gamma": 23.384654760627676, "log10_alpha": -4.361290843612623, "log10_colsample_bytree": -0.3499492348149249, "log10_eta": -3.985111256802152, "log10_lambda": -2.9769532570783217, "log10_min_child_weight": 4.3442958659492215, "log10_subsample": -0.7672406323723484, "max_depth": 4.0, "num_boost_round": 9.0}, "datetime": {"datetime": "2024-01-19 00:41:13", "elapsed": 1781.232081, "delta": 0.002013}}
{"target": -13.758536161795403, "params": {"gamma": 23.384654760627676, "log10_alpha": -4.361290843612623, "log10_colsample_bytree": -0.3499492348149249, "log10_eta": -3.985111256802152, "log10_lambda": -2.9769532570783217, "log10_min_child_weight": 4.3442958659492215, "log10_subsample": -0.7672406323723484, "max_depth": 4.0, "num_boost_round": 10.0}, "datetime": {"datetime": "2024-01-19 00:41:13", "elapsed": 1781.234088, "delta": 0.002007}}
{"target": -13.758535918448581, "params": {"gamma": 23.384654760627676, "log10_alpha": -4.361290843612623, "log10_colsample_bytree": -0.3499492348149249, "log10_eta": -3.985111256802152, "log10_lambda": -2.9769532570783217, "log10_min_child_weight": 4.3442958659492215, "log10_subsample": -0.7672406323723484, "max_depth": 4.0, "num_boost_round": 11.0}, "datetime": {"datetime": "2024-01-19 00:41:13", "elapsed": 1781.236143, "delta": 0.002055}}
{"target": -13.758536203001402, "params": {"gamma": 23.384654760627676, "log10_alpha": -4.361290843612623, "log10_colsample_bytree": -0.3499492348149249, "log10_eta": -3.985111256802152, "log10_lambda": -2.9769532570783217, "log10_min_child_weight": 4.3442958659492215, "log10_subsample": -0.7672406323723484, "max_depth": 4.0, "num_boost_round": 12.0}, "datetime": {"datetime": "2024-01-19 00:41:13", "elapsed": 1781.23815, "delta": 0.002007}}
{"target": -13.758535925560926, "params": {"gamma": 23.384654760627676, "log10_alpha": -4.361290843612623, "log10_colsample_bytree": -0.3499492348149249, "log10_eta": -3.985111256802152, "log10_lambda": -2.9769532570783217, "log10_min_child_weight": 4.3442958659492215, "log10_subsample": -0.7672406323723484, "max_depth": 4.0, "num_boost_round": 13.0}, "datetime": {"datetime": "2024-01-19 00:41:13", "elapsed": 1781.240155, "delta": 0.002005}}
{"target": -13.75852046865707, "params": {"gamma": 31.011337079062784, "log10_alpha": -4.696978874600468, "log10_colsample_bytree": -0.680772013974195, "log10_eta": -3.0899809678688657, "log10_lambda": 0.20715465736775407, "log10_min_child_weight": 1.95855615982977, "log10_subsample": -0.533316867384763, "max_depth": 5.0, "num_boost_round": 0.0}, "datetime": {"datetime": "2024-01-19 00:41:35", "elapsed": 1803.473967, "delta": 22.233812}}
{"target": -13.758477750575732, "params": {"gamma": 31.011337079062784, "log10_alpha": -4.696978874600468, "log10_colsample_bytree": -0.680772013974195, "log10_eta": -3.0899809678688657, "log10_lambda": 0.20715465736775407, "log10_min_child_weight": 1.95855615982977, "log10_subsample": -0.533316867384763, "max_depth": 5.0, "num_boost_round": 1.0}, "datetime": {"datetime": "2024-01-19 00:41:35", "elapsed": 1803.476697, "delta": 0.00273}}
{"target": -13.758457124731951, "params": {"gamma": 31.011337079062784, "log10_alpha": -4.696978874600468, "log10_colsample_bytree": -0.680772013974195, "log10_eta": -3.0899809678688657, "log10_lambda": 0.20715465736775407, "log10_min_child_weight": 1.95855615982977, "log10_subsample": -0.533316867384763, "max_depth": 5.0, "num_boost_round": 2.0}, "datetime": {"datetime": "2024-01-19 00:41:35", "elapsed": 1803.4787, "delta": 0.002003}}
{"target": -13.758426597189636, "params": {"gamma": 31.011337079062784, "log10_alpha": -4.696978874600468, "log10_colsample_bytree": -0.680772013974195, "log10_eta": -3.0899809678688657, "log10_lambda": 0.20715465736775407, "log10_min_child_weight": 1.95855615982977, "log10_subsample": -0.533316867384763, "max_depth": 5.0, "num_boost_round": 3.0}, "datetime": {"datetime": "2024-01-19 00:41:35", "elapsed": 1803.480728, "delta": 0.002028}}
{"target": -13.758425566775822, "params": {"gamma": 31.011337079062784, "log10_alpha": -4.696978874600468, "log10_colsample_bytree": -0.680772013974195, "log10_eta": -3.0899809678688657, "log10_lambda": 0.20715465736775407, "log10_min_child_weight": 1.95855615982977, "log10_subsample": -0.533316867384763, "max_depth": 5.0, "num_boost_round": 4.0}, "datetime": {"datetime": "2024-01-19 00:41:35", "elapsed": 1803.482737, "delta": 0.002009}}
{"target": -13.758414969773813, "params": {"gamma": 31.011337079062784, "log10_alpha": -4.696978874600468, "log10_colsample_bytree": -0.680772013974195, "log10_eta": -3.0899809678688657, "log10_lambda": 0.20715465736775407, "log10_min_child_weight": 1.95855615982977, "log10_subsample": -0.533316867384763, "max_depth": 5.0, "num_boost_round": 5.0}, "datetime": {"datetime": "2024-01-19 00:41:35", "elapsed": 1803.484712, "delta": 0.001975}}
{"target": -13.75840841893983, "params": {"gamma": 31.011337079062784, "log10_alpha": -4.696978874600468, "log10_colsample_bytree": -0.680772013974195, "log10_eta": -3.0899809678688657, "log10_lambda": 0.20715465736775407, "log10_min_child_weight": 1.95855615982977, "log10_subsample": -0.533316867384763, "max_depth": 5.0, "num_boost_round": 6.0}, "datetime": {"datetime": "2024-01-19 00:41:35", "elapsed": 1803.486669, "delta": 0.001957}}
{"target": -13.75839522311166, "params": {"gamma": 31.011337079062784, "log10_alpha": -4.696978874600468, "log10_colsample_bytree": -0.680772013974195, "log10_eta": -3.0899809678688657, "log10_lambda": 0.20715465736775407, "log10_min_child_weight": 1.95855615982977, "log10_subsample": -0.533316867384763, "max_depth": 5.0, "num_boost_round": 7.0}, "datetime": {"datetime": "2024-01-19 00:41:35", "elapsed": 1803.488649, "delta": 0.00198}}
{"target": -13.758389551623145, "params": {"gamma": 31.011337079062784, "log10_alpha": -4.696978874600468, "log10_colsample_bytree": -0.680772013974195, "log10_eta": -3.0899809678688657, "log10_lambda": 0.20715465736775407, "log10_min_child_weight": 1.95855615982977, "log10_subsample": -0.533316867384763, "max_depth": 5.0, "num_boost_round": 8.0}, "datetime": {"datetime": "2024-01-19 00:41:35", "elapsed": 1803.490826, "delta": 0.002177}}
{"target": -13.758374672067982, "params": {"gamma": 31.011337079062784, "log10_alpha": -4.696978874600468, "log10_colsample_bytree": -0.680772013974195, "log10_eta": -3.0899809678688657, "log10_lambda": 0.20715465736775407, "log10_min_child_weight": 1.95855615982977, "log10_subsample": -0.533316867384763, "max_depth": 5.0, "num_boost_round": 9.0}, "datetime": {"datetime": "2024-01-19 00:41:35", "elapsed": 1803.49298, "delta": 0.002154}}
{"target": -13.758354401971141, "params": {"gamma": 31.011337079062784, "log10_alpha": -4.696978874600468, "log10_colsample_bytree": -0.680772013974195, "log10_eta": -3.0899809678688657, "log10_lambda": 0.20715465736775407, "log10_min_child_weight": 1.95855615982977, "log10_subsample": -0.533316867384763, "max_depth": 5.0, "num_boost_round": 10.0}, "datetime": {"datetime": "2024-01-19 00:41:35", "elapsed": 1803.495157, "delta": 0.002177}}
{"target": -13.75853764342004, "params": {"gamma": 36.08379892926394, "log10_alpha": -1.7899465648887927, "log10_colsample_bytree": -0.9916800632114913, "log10_eta": -3.5150744952181894, "log10_lambda": -1.6497769875692194, "log10_min_child_weight": 4.620596007333969, "log10_subsample": -0.5510862435155415, "max_depth": 9.0, "num_boost_round": 0.0}, "datetime": {"datetime": "2024-01-19 00:41:56", "elapsed": 1824.962477, "delta": 21.46732}}
{"target": -13.758534461647073, "params": {"gamma": 36.08379892926394, "log10_alpha": -1.7899465648887927, "log10_colsample_bytree": -0.9916800632114913, "log10_eta": -3.5150744952181894, "log10_lambda": -1.6497769875692194, "log10_min_child_weight": 4.620596007333969, "log10_subsample": -0.5510862435155415, "max_depth": 9.0, "num_boost_round": 1.0}, "datetime": {"datetime": "2024-01-19 00:41:56", "elapsed": 1824.965033, "delta": 0.002556}}
{"target": -13.758534455821975, "params": {"gamma": 36.08379892926394, "log10_alpha": -1.7899465648887927, "log10_colsample_bytree": -0.9916800632114913, "log10_eta": -3.5150744952181894, "log10_lambda": -1.6497769875692194, "log10_min_child_weight": 4.620596007333969, "log10_subsample": -0.5510862435155415, "max_depth": 9.0, "num_boost_round": 2.0}, "datetime": {"datetime": "2024-01-19 00:41:56", "elapsed": 1824.967045, "delta": 0.002012}}
{"target": -13.758533991880077, "params": {"gamma": 36.08379892926394, "log10_alpha": -1.7899465648887927, "log10_colsample_bytree": -0.9916800632114913, "log10_eta": -3.5150744952181894, "log10_lambda": -1.6497769875692194, "log10_min_child_weight": 4.620596007333969, "log10_subsample": -0.5510862435155415, "max_depth": 9.0, "num_boost_round": 3.0}, "datetime": {"datetime": "2024-01-19 00:41:56", "elapsed": 1824.969189, "delta": 0.002144}}
{"target": -13.75853430386091, "params": {"gamma": 36.08379892926394, "log10_alpha": -1.7899465648887927, "log10_colsample_bytree": -0.9916800632114913, "log10_eta": -3.5150744952181894, "log10_lambda": -1.6497769875692194, "log10_min_child_weight": 4.620596007333969, "log10_subsample": -0.5510862435155415, "max_depth": 9.0, "num_boost_round": 4.0}, "datetime": {"datetime": "2024-01-19 00:41:56", "elapsed": 1824.971118, "delta": 0.001929}}
{"target": -13.75853306377668, "params": {"gamma": 36.08379892926394, "log10_alpha": -1.7899465648887927, "log10_colsample_bytree": -0.9916800632114913, "log10_eta": -3.5150744952181894, "log10_lambda": -1.6497769875692194, "log10_min_child_weight": 4.620596007333969, "log10_subsample": -0.5510862435155415, "max_depth": 9.0, "num_boost_round": 5.0}, "datetime": {"datetime": "2024-01-19 00:41:56", "elapsed": 1824.973034, "delta": 0.001916}}
{"target": -13.758532772893322, "params": {"gamma": 36.08379892926394, "log10_alpha": -1.7899465648887927, "log10_colsample_bytree": -0.9916800632114913, "log10_eta": -3.5150744952181894, "log10_lambda": -1.6497769875692194, "log10_min_child_weight": 4.620596007333969, "log10_subsample": -0.5510862435155415, "max_depth": 9.0, "num_boost_round": 6.0}, "datetime": {"datetime": "2024-01-19 00:41:56", "elapsed": 1824.974974, "delta": 0.00194}}
{"target": -13.758531129171443, "params": {"gamma": 36.08379892926394, "log10_alpha": -1.7899465648887927, "log10_colsample_bytree": -0.9916800632114913, "log10_eta": -3.5150744952181894, "log10_lambda": -1.6497769875692194, "log10_min_child_weight": 4.620596007333969, "log10_subsample": -0.5510862435155415, "max_depth": 9.0, "num_boost_round": 7.0}, "datetime": {"datetime": "2024-01-19 00:41:56", "elapsed": 1824.977007, "delta": 0.002033}}
{"target": -13.758531340293521, "params": {"gamma": 36.08379892926394, "log10_alpha": -1.7899465648887927, "log10_colsample_bytree": -0.9916800632114913, "log10_eta": -3.5150744952181894, "log10_lambda": -1.6497769875692194, "log10_min_child_weight": 4.620596007333969, "log10_subsample": -0.5510862435155415, "max_depth": 9.0, "num_boost_round": 8.0}, "datetime": {"datetime": "2024-01-19 00:41:56", "elapsed": 1824.978957, "delta": 0.00195}}
{"target": -13.758530967908857, "params": {"gamma": 36.08379892926394, "log10_alpha": -1.7899465648887927, "log10_colsample_bytree": -0.9916800632114913, "log10_eta": -3.5150744952181894, "log10_lambda": -1.6497769875692194, "log10_min_child_weight": 4.620596007333969, "log10_subsample": -0.5510862435155415, "max_depth": 9.0, "num_boost_round": 9.0}, "datetime": {"datetime": "2024-01-19 00:41:56", "elapsed": 1824.980923, "delta": 0.001966}}
