{"target": -13.758483159129971, "params": {"gamma": 488.119896754592, "log10_alpha": -2.2167825218510826, "log10_colsample_bytree": -0.3645900169288354, "log10_eta": -3.6793336234270955, "log10_lambda": -4.221723227442401, "log10_min_child_weight": 0.793553817326848, "log10_subsample": -0.10625169565675885, "max_depth": 5.0, "num_boost_round": 10.0}, "datetime": {"datetime": "2024-01-19 01:23:32", "elapsed": 4316.213329, "delta": 0.005153}}
{"target": -13.75847480721164, "params": {"gamma": 488.119896754592, "log10_alpha": -2.2167825218510826, "log10_colsample_bytree": -0.3645900169288354, "log10_eta": -3.6793336234270955, "log10_lambda": -4.221723227442401, "log10_min_child_weight": 0.793553817326848, "log10_subsample": -0.10625169565675885, "max_depth": 5.0, "num_boost_round": 11.0}, "datetime": {"datetime": "2024-01-19 01:23:32", "elapsed": 4316.218683, "delta": 0.005354}}
{"target": -13.758475575251307, "params": {"gamma": 488.119896754592, "log10_alpha": -2.2167825218510826, "log10_colsample_bytree": -0.3645900169288354, "log10_eta": -3.6793336234270955, "log10_lambda": -4.221723227442401, "log10_min_child_weight": 0.793553817326848, "log10_subsample": -0.10625169565675885, "max_depth": 5.0, "num_boost_round": 12.0}, "datetime": {"datetime": "2024-01-19 01:23:32", "elapsed": 4316.223722, "delta": 0.005039}}
{"target": -13.758477070116287, "params": {"gamma": 488.119896754592, "log10_alpha": -2.2167825218510826, "log10_colsample_bytree": -0.3645900169288354, "log10_eta": -3.6793336234270955, "log10_lambda": -4.221723227442401, "log10_min_child_weight": 0.793553817326848, "log10_subsample": -0.10625169565675885, "max_depth": 5.0, "num_boost_round": 13.0}, "datetime": {"datetime": "2024-01-19 01:23:32", "elapsed": 4316.22879, "delta": 0.005068}}
{"target": -13.758480216964731, "params": {"gamma": 488.119896754592, "log10_alpha": -2.2167825218510826, "log10_colsample_bytree": -0.3645900169288354, "log10_eta": -3.6793336234270955, "log10_lambda": -4.221723227442401, "log10_min_child_weight": 0.793553817326848, "log10_subsample": -0.10625169565675885, "max_depth": 5.0, "num_boost_round": 14.0}, "datetime": {"datetime": "2024-01-19 01:23:32", "elapsed": 4316.233728, "delta": 0.004938}}
{"target": -13.758475465256254, "params": {"gamma": 488.119896754592, "log10_alpha": -2.2167825218510826, "log10_colsample_bytree": -0.3645900169288354, "log10_eta": -3.6793336234270955, "log10_lambda": -4.221723227442401, "log10_min_child_weight": 0.793553817326848, "log10_subsample": -0.10625169565675885, "max_depth": 5.0, "num_boost_round": 15.0}, "datetime": {"datetime": "2024-01-19 01:23:32", "elapsed": 4316.23866, "delta": 0.004932}}
{"target": -13.758472600531164, "params": {"gamma": 488.119896754592, "log10_alpha": -2.2167825218510826, "log10_colsample_bytree": -0.3645900169288354, "log10_eta": -3.6793336234270955, "log10_lambda": -4.221723227442401, "log10_min_child_weight": 0.793553817326848, "log10_subsample": -0.10625169565675885, "max_depth": 5.0, "num_boost_round": 16.0}, "datetime": {"datetime": "2024-01-19 01:23:32", "elapsed": 4316.243739, "delta": 0.005079}}
{"target": -13.75847653446191, "params": {"gamma": 488.119896754592, "log10_alpha": -2.2167825218510826, "log10_colsample_bytree": -0.3645900169288354, "log10_eta": -3.6793336234270955, "log10_lambda": -4.221723227442401, "log10_min_child_weight": 0.793553817326848, "log10_subsample": -0.10625169565675885, "max_depth": 5.0, "num_boost_round": 17.0}, "datetime": {"datetime": "2024-01-19 01:23:32", "elapsed": 4316.248891, "delta": 0.005152}}
{"target": -13.758475650610013, "params": {"gamma": 488.119896754592, "log10_alpha": -2.2167825218510826, "log10_colsample_bytree": -0.3645900169288354, "log10_eta": -3.6793336234270955, "log10_lambda": -4.221723227442401, "log10_min_child_weight": 0.793553817326848, "log10_subsample": -0.10625169565675885, "max_depth": 5.0, "num_boost_round": 18.0}, "datetime": {"datetime": "2024-01-19 01:23:32", "elapsed": 4316.253967, "delta": 0.005076}}
{"target": -13.75847074711201, "params": {"gamma": 488.119896754592, "log10_alpha": -2.2167825218510826, "log10_colsample_bytree": -0.3645900169288354, "log10_eta": -3.6793336234270955, "log10_lambda": -4.221723227442401, "log10_min_child_weight": 0.793553817326848, "log10_subsample": -0.10625169565675885, "max_depth": 5.0, "num_boost_round": 19.0}, "datetime": {"datetime": "2024-01-19 01:23:32", "elapsed": 4316.258948, "delta": 0.004981}}
{"target": -13.758462012189222, "params": {"gamma": 488.119896754592, "log10_alpha": -2.2167825218510826, "log10_colsample_bytree": -0.3645900169288354, "log10_eta": -3.6793336234270955, "log10_lambda": -4.221723227442401, "log10_min_child_weight": 0.793553817326848, "log10_subsample": -0.10625169565675885, "max_depth": 5.0, "num_boost_round": 20.0}, "datetime": {"datetime": "2024-01-19 01:23:32", "elapsed": 4316.264024, "delta": 0.005076}}
{"target": -13.758464056662731, "params": {"gamma": 488.119896754592, "log10_alpha": -2.2167825218510826, "log10_colsample_bytree": -0.3645900169288354, "log10_eta": -3.6793336234270955, "log10_lambda": -4.221723227442401, "log10_min_child_weight": 0.793553817326848, "log10_subsample": -0.10625169565675885, "max_depth": 5.0, "num_boost_round": 21.0}, "datetime": {"datetime": "2024-01-19 01:23:32", "elapsed": 4316.269052, "delta": 0.005028}}
{"target": -13.758456166632696, "params": {"gamma": 488.119896754592, "log10_alpha": -2.2167825218510826, "log10_colsample_bytree": -0.3645900169288354, "log10_eta": -3.6793336234270955, "log10_lambda": -4.221723227442401, "log10_min_child_weight": 0.793553817326848, "log10_subsample": -0.10625169565675885, "max_depth": 5.0, "num_boost_round": 22.0}, "datetime": {"datetime": "2024-01-19 01:23:32", "elapsed": 4316.274094, "delta": 0.005042}}
{"target": -13.758454456425648, "params": {"gamma": 488.119896754592, "log10_alpha": -2.2167825218510826, "log10_colsample_bytree": -0.3645900169288354, "log10_eta": -3.6793336234270955, "log10_lambda": -4.221723227442401, "log10_min_child_weight": 0.793553817326848, "log10_subsample": -0.10625169565675885, "max_depth": 5.0, "num_boost_round": 23.0}, "datetime": {"datetime": "2024-01-19 01:23:32", "elapsed": 4316.279228, "delta": 0.005134}}
{"target": -13.758453337456197, "params": {"gamma": 488.119896754592, "log10_alpha": -2.2167825218510826, "log10_colsample_bytree": -0.3645900169288354, "log10_eta": -3.6793336234270955, "log10_lambda": -4.221723227442401, "log10_min_child_weight": 0.793553817326848, "log10_subsample": -0.10625169565675885, "max_depth": 5.0, "num_boost_round": 24.0}, "datetime": {"datetime": "2024-01-19 01:23:32", "elapsed": 4316.284266, "delta": 0.005038}}
{"target": -13.758448217661341, "params": {"gamma": 488.119896754592, "log10_alpha": -2.2167825218510826, "log10_colsample_bytree": -0.3645900169288354, "log10_eta": -3.6793336234270955, "log10_lambda": -4.221723227442401, "log10_min_child_weight": 0.793553817326848, "log10_subsample": -0.10625169565675885, "max_depth": 5.0, "num_boost_round": 25.0}, "datetime": {"datetime": "2024-01-19 01:23:32", "elapsed": 4316.289348, "delta": 0.005082}}
{"target": -13.758439470267302, "params": {"gamma": 488.119896754592, "log10_alpha": -2.2167825218510826, "log10_colsample_bytree": -0.3645900169288354, "log10_eta": -3.6793336234270955, "log10_lambda": -4.221723227442401, "log10_min_child_weight": 0.793553817326848, "log10_subsample": -0.10625169565675885, "max_depth": 5.0, "num_boost_round": 26.0}, "datetime": {"datetime": "2024-01-19 01:23:32", "elapsed": 4316.294356, "delta": 0.005008}}
{"target": -13.758439486670047, "params": {"gamma": 488.119896754592, "log10_alpha": -2.2167825218510826, "log10_colsample_bytree": -0.3645900169288354, "log10_eta": -3.6793336234270955, "log10_lambda": -4.221723227442401, "log10_min_child_weight": 0.793553817326848, "log10_subsample": -0.10625169565675885, "max_depth": 5.0, "num_boost_round": 27.0}, "datetime": {"datetime": "2024-01-19 01:23:32", "elapsed": 4316.29933, "delta": 0.004974}}
{"target": -13.758434031495556, "params": {"gamma": 488.119896754592, "log10_alpha": -2.2167825218510826, "log10_colsample_bytree": -0.3645900169288354, "log10_eta": -3.6793336234270955, "log10_lambda": -4.221723227442401, "log10_min_child_weight": 0.793553817326848, "log10_subsample": -0.10625169565675885, "max_depth": 5.0, "num_boost_round": 28.0}, "datetime": {"datetime": "2024-01-19 01:23:32", "elapsed": 4316.304371, "delta": 0.005041}}
{"target": -13.758433868454887, "params": {"gamma": 488.119896754592, "log10_alpha": -2.2167825218510826, "log10_colsample_bytree": -0.3645900169288354, "log10_eta": -3.6793336234270955, "log10_lambda": -4.221723227442401, "log10_min_child_weight": 0.793553817326848, "log10_subsample": -0.10625169565675885, "max_depth": 5.0, "num_boost_round": 29.0}, "datetime": {"datetime": "2024-01-19 01:23:32", "elapsed": 4316.309581, "delta": 0.00521}}
{"target": -13.758434727606929, "params": {"gamma": 488.119896754592, "log10_alpha": -2.2167825218510826, "log10_colsample_bytree": -0.3645900169288354, "log10_eta": -3.6793336234270955, "log10_lambda": -4.221723227442401, "log10_min_child_weight": 0.793553817326848, "log10_subsample": -0.10625169565675885, "max_depth": 5.0, "num_boost_round": 30.0}, "datetime": {"datetime": "2024-01-19 01:23:32", "elapsed": 4316.314573, "delta": 0.004992}}
{"target": -13.758430275349365, "params": {"gamma": 488.119896754592, "log10_alpha": -2.2167825218510826, "log10_colsample_bytree": -0.3645900169288354, "log10_eta": -3.6793336234270955, "log10_lambda": -4.221723227442401, "log10_min_child_weight": 0.793553817326848, "log10_subsample": -0.10625169565675885, "max_depth": 5.0, "num_boost_round": 31.0}, "datetime": {"datetime": "2024-01-19 01:23:32", "elapsed": 4316.319597, "delta": 0.005024}}
{"target": -13.758428318755614, "params": {"gamma": 488.119896754592, "log10_alpha": -2.2167825218510826, "log10_colsample_bytree": -0.3645900169288354, "log10_eta": -3.6793336234270955, "log10_lambda": -4.221723227442401, "log10_min_child_weight": 0.793553817326848, "log10_subsample": -0.10625169565675885, "max_depth": 5.0, "num_boost_round": 32.0}, "datetime": {"datetime": "2024-01-19 01:23:32", "elapsed": 4316.324613, "delta": 0.005016}}
{"target": -13.758423149679713, "params": {"gamma": 488.119896754592, "log10_alpha": -2.2167825218510826, "log10_colsample_bytree": -0.3645900169288354, "log10_eta": -3.6793336234270955, "log10_lambda": -4.221723227442401, "log10_min_child_weight": 0.793553817326848, "log10_subsample": -0.10625169565675885, "max_depth": 5.0, "num_boost_round": 33.0}, "datetime": {"datetime": "2024-01-19 01:23:32", "elapsed": 4316.329625, "delta": 0.005012}}
{"target": -13.758419216380277, "params": {"gamma": 488.119896754592, "log10_alpha": -2.2167825218510826, "log10_colsample_bytree": -0.3645900169288354, "log10_eta": -3.6793336234270955, "log10_lambda": -4.221723227442401, "log10_min_child_weight": 0.793553817326848, "log10_subsample": -0.10625169565675885, "max_depth": 5.0, "num_boost_round": 34.0}, "datetime": {"datetime": "2024-01-19 01:23:32", "elapsed": 4316.3347, "delta": 0.005075}}
{"target": -13.75841395119151, "params": {"gamma": 488.119896754592, "log10_alpha": -2.2167825218510826, "log10_colsample_bytree": -0.3645900169288354, "log10_eta": -3.6793336234270955, "log10_lambda": -4.221723227442401, "log10_min_child_weight": 0.793553817326848, "log10_subsample": -0.10625169565675885, "max_depth": 5.0, "num_boost_round": 35.0}, "datetime": {"datetime": "2024-01-19 01:23:32", "elapsed": 4316.436021, "delta": 0.101321}}
{"target": -13.758413306144504, "params": {"gamma": 488.119896754592, "log10_alpha": -2.2167825218510826, "log10_colsample_bytree": -0.3645900169288354, "log10_eta": -3.6793336234270955, "log10_lambda": -4.221723227442401, "log10_min_child_weight": 0.793553817326848, "log10_subsample": -0.10625169565675885, "max_depth": 5.0, "num_boost_round": 36.0}, "datetime": {"datetime": "2024-01-19 01:23:32", "elapsed": 4316.443195, "delta": 0.007174}}
{"target": -13.75841149082708, "params": {"gamma": 488.119896754592, "log10_alpha": -2.2167825218510826, "log10_colsample_bytree": -0.3645900169288354, "log10_eta": -3.6793336234270955, "log10_lambda": -4.221723227442401, "log10_min_child_weight": 0.793553817326848, "log10_subsample": -0.10625169565675885, "max_depth": 5.0, "num_boost_round": 37.0}, "datetime": {"datetime": "2024-01-19 01:23:32", "elapsed": 4316.448522, "delta": 0.005327}}
{"target": -13.758411540061381, "params": {"gamma": 488.119896754592, "log10_alpha": -2.2167825218510826, "log10_colsample_bytree": -0.3645900169288354, "log10_eta": -3.6793336234270955, "log10_lambda": -4.221723227442401, "log10_min_child_weight": 0.793553817326848, "log10_subsample": -0.10625169565675885, "max_depth": 5.0, "num_boost_round": 38.0}, "datetime": {"datetime": "2024-01-19 01:23:32", "elapsed": 4316.453709, "delta": 0.005187}}
{"target": -13.758408104023607, "params": {"gamma": 488.119896754592, "log10_alpha": -2.2167825218510826, "log10_colsample_bytree": -0.3645900169288354, "log10_eta": -3.6793336234270955, "log10_lambda": -4.221723227442401, "log10_min_child_weight": 0.793553817326848, "log10_subsample": -0.10625169565675885, "max_depth": 5.0, "num_boost_round": 39.0}, "datetime": {"datetime": "2024-01-19 01:23:32", "elapsed": 4316.458818, "delta": 0.005109}}
{"target": -13.758406650335482, "params": {"gamma": 488.119896754592, "log10_alpha": -2.2167825218510826, "log10_colsample_bytree": -0.3645900169288354, "log10_eta": -3.6793336234270955, "log10_lambda": -4.221723227442401, "log10_min_child_weight": 0.793553817326848, "log10_subsample": -0.10625169565675885, "max_depth": 5.0, "num_boost_round": 40.0}, "datetime": {"datetime": "2024-01-19 01:23:32", "elapsed": 4316.464102, "delta": 0.005284}}
{"target": -13.758395000922523, "params": {"gamma": 488.119896754592, "log10_alpha": -2.2167825218510826, "log10_colsample_bytree": -0.3645900169288354, "log10_eta": -3.6793336234270955, "log10_lambda": -4.221723227442401, "log10_min_child_weight": 0.793553817326848, "log10_subsample": -0.10625169565675885, "max_depth": 5.0, "num_boost_round": 41.0}, "datetime": {"datetime": "2024-01-19 01:23:32", "elapsed": 4316.469337, "delta": 0.005235}}
{"target": -13.758383495431051, "params": {"gamma": 488.119896754592, "log10_alpha": -2.2167825218510826, "log10_colsample_bytree": -0.3645900169288354, "log10_eta": -3.6793336234270955, "log10_lambda": -4.221723227442401, "log10_min_child_weight": 0.793553817326848, "log10_subsample": -0.10625169565675885, "max_depth": 5.0, "num_boost_round": 42.0}, "datetime": {"datetime": "2024-01-19 01:23:32", "elapsed": 4316.474337, "delta": 0.005}}
{"target": -13.758382901659095, "params": {"gamma": 488.119896754592, "log10_alpha": -2.2167825218510826, "log10_colsample_bytree": -0.3645900169288354, "log10_eta": -3.6793336234270955, "log10_lambda": -4.221723227442401, "log10_min_child_weight": 0.793553817326848, "log10_subsample": -0.10625169565675885, "max_depth": 5.0, "num_boost_round": 43.0}, "datetime": {"datetime": "2024-01-19 01:23:32", "elapsed": 4316.479423, "delta": 0.005086}}
{"target": -13.758378089782981, "params": {"gamma": 488.119896754592, "log10_alpha": -2.2167825218510826, "log10_colsample_bytree": -0.3645900169288354, "log10_eta": -3.6793336234270955, "log10_lambda": -4.221723227442401, "log10_min_child_weight": 0.793553817326848, "log10_subsample": -0.10625169565675885, "max_depth": 5.0, "num_boost_round": 44.0}, "datetime": {"datetime": "2024-01-19 01:23:32", "elapsed": 4316.484484, "delta": 0.005061}}
{"target": -13.758375141916833, "params": {"gamma": 488.119896754592, "log10_alpha": -2.2167825218510826, "log10_colsample_bytree": -0.3645900169288354, "log10_eta": -3.6793336234270955, "log10_lambda": -4.221723227442401, "log10_min_child_weight": 0.793553817326848, "log10_subsample": -0.10625169565675885, "max_depth": 5.0, "num_boost_round": 45.0}, "datetime": {"datetime": "2024-01-19 01:23:32", "elapsed": 4316.489547, "delta": 0.005063}}
{"target": -13.758370400511469, "params": {"gamma": 488.119896754592, "log10_alpha": -2.2167825218510826, "log10_colsample_bytree": -0.3645900169288354, "log10_eta": -3.6793336234270955, "log10_lambda": -4.221723227442401, "log10_min_child_weight": 0.793553817326848, "log10_subsample": -0.10625169565675885, "max_depth": 5.0, "num_boost_round": 46.0}, "datetime": {"datetime": "2024-01-19 01:23:32", "elapsed": 4316.494671, "delta": 0.005124}}
{"target": -13.758367528718473, "params": {"gamma": 488.119896754592, "log10_alpha": -2.2167825218510826, "log10_colsample_bytree": -0.3645900169288354, "log10_eta": -3.6793336234270955, "log10_lambda": -4.221723227442401, "log10_min_child_weight": 0.793553817326848, "log10_subsample": -0.10625169565675885, "max_depth": 5.0, "num_boost_round": 47.0}, "datetime": {"datetime": "2024-01-19 01:23:32", "elapsed": 4316.500073, "delta": 0.005402}}
{"target": -13.758128999858068, "params": {"gamma": 477.483911327436, "log10_alpha": 0.9881688919428981, "log10_colsample_bytree": -0.5418498533798818, "log10_eta": -1.9627243649200552, "log10_lambda": -3.369036791704676, "log10_min_child_weight": 1.7351925671825468, "log10_subsample": -0.055325427240645375, "max_depth": 4.0, "num_boost_round": 0.0}, "datetime": {"datetime": "2024-01-19 01:25:02", "elapsed": 4406.713602, "delta": 90.213529}}
{"target": -13.757802073956016, "params": {"gamma": 477.483911327436, "log10_alpha": 0.9881688919428981, "log10_colsample_bytree": -0.5418498533798818, "log10_eta": -1.9627243649200552, "log10_lambda": -3.369036791704676, "log10_min_child_weight": 1.7351925671825468, "log10_subsample": -0.055325427240645375, "max_depth": 4.0, "num_boost_round": 1.0}, "datetime": {"datetime": "2024-01-19 01:25:02", "elapsed": 4406.719299, "delta": 0.005697}}
{"target": -13.75776430889551, "params": {"gamma": 477.483911327436, "log10_alpha": 0.9881688919428981, "log10_colsample_bytree": -0.5418498533798818, "log10_eta": -1.9627243649200552, "log10_lambda": -3.369036791704676, "log10_min_child_weight": 1.7351925671825468, "log10_subsample": -0.055325427240645375, "max_depth": 4.0, "num_boost_round": 2.0}, "datetime": {"datetime": "2024-01-19 01:25:02", "elapsed": 4406.724365, "delta": 0.005066}}
{"target": -13.757485485580217, "params": {"gamma": 477.483911327436, "log10_alpha": 0.9881688919428981, "log10_colsample_bytree": -0.5418498533798818, "log10_eta": -1.9627243649200552, "log10_lambda": -3.369036791704676, "log10_min_child_weight": 1.7351925671825468, "log10_subsample": -0.055325427240645375, "max_depth": 4.0, "num_boost_round": 3.0}, "datetime": {"datetime": "2024-01-19 01:25:02", "elapsed": 4406.729288, "delta": 0.004923}}
{"target": -13.757427214796815, "params": {"gamma": 477.483911327436, "log10_alpha": 0.9881688919428981, "log10_colsample_bytree": -0.5418498533798818, "log10_eta": -1.9627243649200552, "log10_lambda": -3.369036791704676, "log10_min_child_weight": 1.7351925671825468, "log10_subsample": -0.055325427240645375, "max_depth": 4.0, "num_boost_round": 4.0}, "datetime": {"datetime": "2024-01-19 01:25:02", "elapsed": 4406.734302, "delta": 0.005014}}
{"target": -13.757246207703263, "params": {"gamma": 477.483911327436, "log10_alpha": 0.9881688919428981, "log10_colsample_bytree": -0.5418498533798818, "log10_eta": -1.9627243649200552, "log10_lambda": -3.369036791704676, "log10_min_child_weight": 1.7351925671825468, "log10_subsample": -0.055325427240645375, "max_depth": 4.0, "num_boost_round": 5.0}, "datetime": {"datetime": "2024-01-19 01:25:02", "elapsed": 4406.739368, "delta": 0.005066}}
{"target": -13.75699671493233, "params": {"gamma": 477.483911327436, "log10_alpha": 0.9881688919428981, "log10_colsample_bytree": -0.5418498533798818, "log10_eta": -1.9627243649200552, "log10_lambda": -3.369036791704676, "log10_min_child_weight": 1.7351925671825468, "log10_subsample": -0.055325427240645375, "max_depth": 4.0, "num_boost_round": 6.0}, "datetime": {"datetime": "2024-01-19 01:25:02", "elapsed": 4406.7444, "delta": 0.005032}}
{"target": -13.756802304078237, "params": {"gamma": 477.483911327436, "log10_alpha": 0.9881688919428981, "log10_colsample_bytree": -0.5418498533798818, "log10_eta": -1.9627243649200552, "log10_lambda": -3.369036791704676, "log10_min_child_weight": 1.7351925671825468, "log10_subsample": -0.055325427240645375, "max_depth": 4.0, "num_boost_round": 7.0}, "datetime": {"datetime": "2024-01-19 01:25:02", "elapsed": 4406.749452, "delta": 0.005052}}
{"target": -13.75676454596995, "params": {"gamma": 477.483911327436, "log10_alpha": 0.9881688919428981, "log10_colsample_bytree": -0.5418498533798818, "log10_eta": -1.9627243649200552, "log10_lambda": -3.369036791704676, "log10_min_child_weight": 1.7351925671825468, "log10_subsample": -0.055325427240645375, "max_depth": 4.0, "num_boost_round": 8.0}, "datetime": {"datetime": "2024-01-19 01:25:02", "elapsed": 4406.754492, "delta": 0.00504}}
{"target": -13.75664709899252, "params": {"gamma": 477.483911327436, "log10_alpha": 0.9881688919428981, "log10_colsample_bytree": -0.5418498533798818, "log10_eta": -1.9627243649200552, "log10_lambda": -3.369036791704676, "log10_min_child_weight": 1.7351925671825468, "log10_subsample": -0.055325427240645375, "max_depth": 4.0, "num_boost_round": 9.0}, "datetime": {"datetime": "2024-01-19 01:25:02", "elapsed": 4406.759566, "delta": 0.005074}}
{"target": -13.756648214615078, "params": {"gamma": 477.483911327436, "log10_alpha": 0.9881688919428981, "log10_colsample_bytree": -0.5418498533798818, "log10_eta": -1.9627243649200552, "log10_lambda": -3.369036791704676, "log10_min_child_weight": 1.7351925671825468, "log10_subsample": -0.055325427240645375, "max_depth": 4.0, "num_boost_round": 10.0}, "datetime": {"datetime": "2024-01-19 01:25:02", "elapsed": 4406.764686, "delta": 0.00512}}
