{"target": -17.67597348555511, "params": {"gamma": 978.5910764158463, "log10_alpha": -2.211524876811769, "log10_colsample_bytree": -0.8158532980593052, "log10_eta": -2.8603675321919857, "log10_lambda": 0.44953081825980323, "log10_min_child_weight": 2.933071350087758, "log10_subsample": -0.302059520133217, "max_depth": 8.0, "num_boost_round": 21.0}, "datetime": {"datetime": "2024-01-19 00:59:24", "elapsed": 2857.978409, "delta": 0.003089}}
{"target": -17.675847464456815, "params": {"gamma": 978.5910764158463, "log10_alpha": -2.211524876811769, "log10_colsample_bytree": -0.8158532980593052, "log10_eta": -2.8603675321919857, "log10_lambda": 0.44953081825980323, "log10_min_child_weight": 2.933071350087758, "log10_subsample": -0.302059520133217, "max_depth": 8.0, "num_boost_round": 22.0}, "datetime": {"datetime": "2024-01-19 00:59:24", "elapsed": 2857.981519, "delta": 0.00311}}
{"target": -17.675735279304487, "params": {"gamma": 978.5910764158463, "log10_alpha": -2.211524876811769, "log10_colsample_bytree": -0.8158532980593052, "log10_eta": -2.8603675321919857, "log10_lambda": 0.44953081825980323, "log10_min_child_weight": 2.933071350087758, "log10_subsample": -0.302059520133217, "max_depth": 8.0, "num_boost_round": 23.0}, "datetime": {"datetime": "2024-01-19 00:59:24", "elapsed": 2857.984711, "delta": 0.003192}}
{"target": -17.675707655173987, "params": {"gamma": 978.5910764158463, "log10_alpha": -2.211524876811769, "log10_colsample_bytree": -0.8158532980593052, "log10_eta": -2.8603675321919857, "log10_lambda": 0.44953081825980323, "log10_min_child_weight": 2.933071350087758, "log10_subsample": -0.302059520133217, "max_depth": 8.0, "num_boost_round": 24.0}, "datetime": {"datetime": "2024-01-19 00:59:24", "elapsed": 2857.987847, "delta": 0.003136}}
{"target": -17.675623514658437, "params": {"gamma": 978.5910764158463, "log10_alpha": -2.211524876811769, "log10_colsample_bytree": -0.8158532980593052, "log10_eta": -2.8603675321919857, "log10_lambda": 0.44953081825980323, "log10_min_child_weight": 2.933071350087758, "log10_subsample": -0.302059520133217, "max_depth": 8.0, "num_boost_round": 25.0}, "datetime": {"datetime": "2024-01-19 00:59:24", "elapsed": 2857.99107, "delta": 0.003223}}
{"target": -17.675604775875268, "params": {"gamma": 978.5910764158463, "log10_alpha": -2.211524876811769, "log10_colsample_bytree": -0.8158532980593052, "log10_eta": -2.8603675321919857, "log10_lambda": 0.44953081825980323, "log10_min_child_weight": 2.933071350087758, "log10_subsample": -0.302059520133217, "max_depth": 8.0, "num_boost_round": 26.0}, "datetime": {"datetime": "2024-01-19 00:59:24", "elapsed": 2857.994242, "delta": 0.003172}}
{"target": -17.67561820748263, "params": {"gamma": 978.5910764158463, "log10_alpha": -2.211524876811769, "log10_colsample_bytree": -0.8158532980593052, "log10_eta": -2.8603675321919857, "log10_lambda": 0.44953081825980323, "log10_min_child_weight": 2.933071350087758, "log10_subsample": -0.302059520133217, "max_depth": 8.0, "num_boost_round": 27.0}, "datetime": {"datetime": "2024-01-19 00:59:24", "elapsed": 2857.997366, "delta": 0.003124}}
{"target": -17.675554246711457, "params": {"gamma": 978.5910764158463, "log10_alpha": -2.211524876811769, "log10_colsample_bytree": -0.8158532980593052, "log10_eta": -2.8603675321919857, "log10_lambda": 0.44953081825980323, "log10_min_child_weight": 2.933071350087758, "log10_subsample": -0.302059520133217, "max_depth": 8.0, "num_boost_round": 28.0}, "datetime": {"datetime": "2024-01-19 00:59:24", "elapsed": 2858.000531, "delta": 0.003165}}
{"target": -17.67548082752178, "params": {"gamma": 978.5910764158463, "log10_alpha": -2.211524876811769, "log10_colsample_bytree": -0.8158532980593052, "log10_eta": -2.8603675321919857, "log10_lambda": 0.44953081825980323, "log10_min_child_weight": 2.933071350087758, "log10_subsample": -0.302059520133217, "max_depth": 8.0, "num_boost_round": 29.0}, "datetime": {"datetime": "2024-01-19 00:59:24", "elapsed": 2858.003687, "delta": 0.003156}}
{"target": -17.675428306086385, "params": {"gamma": 978.5910764158463, "log10_alpha": -2.211524876811769, "log10_colsample_bytree": -0.8158532980593052, "log10_eta": -2.8603675321919857, "log10_lambda": 0.44953081825980323, "log10_min_child_weight": 2.933071350087758, "log10_subsample": -0.302059520133217, "max_depth": 8.0, "num_boost_round": 30.0}, "datetime": {"datetime": "2024-01-19 00:59:24", "elapsed": 2858.006826, "delta": 0.003139}}
{"target": -17.675312073375704, "params": {"gamma": 978.5910764158463, "log10_alpha": -2.211524876811769, "log10_colsample_bytree": -0.8158532980593052, "log10_eta": -2.8603675321919857, "log10_lambda": 0.44953081825980323, "log10_min_child_weight": 2.933071350087758, "log10_subsample": -0.302059520133217, "max_depth": 8.0, "num_boost_round": 31.0}, "datetime": {"datetime": "2024-01-19 00:59:24", "elapsed": 2858.009936, "delta": 0.00311}}
{"target": -17.675272061922406, "params": {"gamma": 978.5910764158463, "log10_alpha": -2.211524876811769, "log10_colsample_bytree": -0.8158532980593052, "log10_eta": -2.8603675321919857, "log10_lambda": 0.44953081825980323, "log10_min_child_weight": 2.933071350087758, "log10_subsample": -0.302059520133217, "max_depth": 8.0, "num_boost_round": 32.0}, "datetime": {"datetime": "2024-01-19 00:59:24", "elapsed": 2858.013412, "delta": 0.003476}}
{"target": -17.67518259834581, "params": {"gamma": 978.5910764158463, "log10_alpha": -2.211524876811769, "log10_colsample_bytree": -0.8158532980593052, "log10_eta": -2.8603675321919857, "log10_lambda": 0.44953081825980323, "log10_min_child_weight": 2.933071350087758, "log10_subsample": -0.302059520133217, "max_depth": 8.0, "num_boost_round": 33.0}, "datetime": {"datetime": "2024-01-19 00:59:24", "elapsed": 2858.016726, "delta": 0.003314}}
{"target": -17.675126943795494, "params": {"gamma": 978.5910764158463, "log10_alpha": -2.211524876811769, "log10_colsample_bytree": -0.8158532980593052, "log10_eta": -2.8603675321919857, "log10_lambda": 0.44953081825980323, "log10_min_child_weight": 2.933071350087758, "log10_subsample": -0.302059520133217, "max_depth": 8.0, "num_boost_round": 34.0}, "datetime": {"datetime": "2024-01-19 00:59:24", "elapsed": 2858.019924, "delta": 0.003198}}
{"target": -17.675065554155097, "params": {"gamma": 978.5910764158463, "log10_alpha": -2.211524876811769, "log10_colsample_bytree": -0.8158532980593052, "log10_eta": -2.8603675321919857, "log10_lambda": 0.44953081825980323, "log10_min_child_weight": 2.933071350087758, "log10_subsample": -0.302059520133217, "max_depth": 8.0, "num_boost_round": 35.0}, "datetime": {"datetime": "2024-01-19 00:59:24", "elapsed": 2858.023137, "delta": 0.003213}}
{"target": -17.677233689772695, "params": {"gamma": 948.4635470434687, "log10_alpha": -2.498361607170395, "log10_colsample_bytree": -0.25546035562138214, "log10_eta": -3.7298296053441065, "log10_lambda": -1.5066055368958575, "log10_min_child_weight": 4.30279043087721, "log10_subsample": -0.45521255640817215, "max_depth": 2.0, "num_boost_round": 0.0}, "datetime": {"datetime": "2024-01-19 00:59:52", "elapsed": 2885.830673, "delta": 27.807536}}
{"target": -17.677233982515546, "params": {"gamma": 948.4635470434687, "log10_alpha": -2.498361607170395, "log10_colsample_bytree": -0.25546035562138214, "log10_eta": -3.7298296053441065, "log10_lambda": -1.5066055368958575, "log10_min_child_weight": 4.30279043087721, "log10_subsample": -0.45521255640817215, "max_depth": 2.0, "num_boost_round": 1.0}, "datetime": {"datetime": "2024-01-19 00:59:52", "elapsed": 2885.835029, "delta": 0.004356}}
{"target": -17.67723494251971, "params": {"gamma": 948.4635470434687, "log10_alpha": -2.498361607170395, "log10_colsample_bytree": -0.25546035562138214, "log10_eta": -3.7298296053441065, "log10_lambda": -1.5066055368958575, "log10_min_child_weight": 4.30279043087721, "log10_subsample": -0.45521255640817215, "max_depth": 2.0, "num_boost_round": 2.0}, "datetime": {"datetime": "2024-01-19 00:59:52", "elapsed": 2885.838569, "delta": 0.00354}}
{"target": -17.67723449910581, "params": {"gamma": 948.4635470434687, "log10_alpha": -2.498361607170395, "log10_colsample_bytree": -0.25546035562138214, "log10_eta": -3.7298296053441065, "log10_lambda": -1.5066055368958575, "log10_min_child_weight": 4.30279043087721, "log10_subsample": -0.45521255640817215, "max_depth": 2.0, "num_boost_round": 3.0}, "datetime": {"datetime": "2024-01-19 00:59:52", "elapsed": 2885.842258, "delta": 0.003689}}
{"target": -17.677236652903375, "params": {"gamma": 948.4635470434687, "log10_alpha": -2.498361607170395, "log10_colsample_bytree": -0.25546035562138214, "log10_eta": -3.7298296053441065, "log10_lambda": -1.5066055368958575, "log10_min_child_weight": 4.30279043087721, "log10_subsample": -0.45521255640817215, "max_depth": 2.0, "num_boost_round": 4.0}, "datetime": {"datetime": "2024-01-19 00:59:52", "elapsed": 2885.845727, "delta": 0.003469}}
{"target": -17.677239122052146, "params": {"gamma": 948.4635470434687, "log10_alpha": -2.498361607170395, "log10_colsample_bytree": -0.25546035562138214, "log10_eta": -3.7298296053441065, "log10_lambda": -1.5066055368958575, "log10_min_child_weight": 4.30279043087721, "log10_subsample": -0.45521255640817215, "max_depth": 2.0, "num_boost_round": 5.0}, "datetime": {"datetime": "2024-01-19 00:59:52", "elapsed": 2885.849009, "delta": 0.003282}}
{"target": -17.677239582117977, "params": {"gamma": 948.4635470434687, "log10_alpha": -2.498361607170395, "log10_colsample_bytree": -0.25546035562138214, "log10_eta": -3.7298296053441065, "log10_lambda": -1.5066055368958575, "log10_min_child_weight": 4.30279043087721, "log10_subsample": -0.45521255640817215, "max_depth": 2.0, "num_boost_round": 6.0}, "datetime": {"datetime": "2024-01-19 00:59:52", "elapsed": 2885.852305, "delta": 0.003296}}
{"target": -17.677240641868835, "params": {"gamma": 948.4635470434687, "log10_alpha": -2.498361607170395, "log10_colsample_bytree": -0.25546035562138214, "log10_eta": -3.7298296053441065, "log10_lambda": -1.5066055368958575, "log10_min_child_weight": 4.30279043087721, "log10_subsample": -0.45521255640817215, "max_depth": 2.0, "num_boost_round": 7.0}, "datetime": {"datetime": "2024-01-19 00:59:52", "elapsed": 2885.855608, "delta": 0.003303}}
{"target": -17.67723908810038, "params": {"gamma": 948.4635470434687, "log10_alpha": -2.498361607170395, "log10_colsample_bytree": -0.25546035562138214, "log10_eta": -3.7298296053441065, "log10_lambda": -1.5066055368958575, "log10_min_child_weight": 4.30279043087721, "log10_subsample": -0.45521255640817215, "max_depth": 2.0, "num_boost_round": 8.0}, "datetime": {"datetime": "2024-01-19 00:59:52", "elapsed": 2885.858953, "delta": 0.003345}}
{"target": -17.677236645585946, "params": {"gamma": 948.4635470434687, "log10_alpha": -2.498361607170395, "log10_colsample_bytree": -0.25546035562138214, "log10_eta": -3.7298296053441065, "log10_lambda": -1.5066055368958575, "log10_min_child_weight": 4.30279043087721, "log10_subsample": -0.45521255640817215, "max_depth": 2.0, "num_boost_round": 9.0}, "datetime": {"datetime": "2024-01-19 00:59:52", "elapsed": 2885.862287, "delta": 0.003334}}
{"target": -17.67723535151626, "params": {"gamma": 948.4635470434687, "log10_alpha": -2.498361607170395, "log10_colsample_bytree": -0.25546035562138214, "log10_eta": -3.7298296053441065, "log10_lambda": -1.5066055368958575, "log10_min_child_weight": 4.30279043087721, "log10_subsample": -0.45521255640817215, "max_depth": 2.0, "num_boost_round": 10.0}, "datetime": {"datetime": "2024-01-19 00:59:52", "elapsed": 2885.865637, "delta": 0.00335}}
{"target": -17.677233646027723, "params": {"gamma": 948.4635470434687, "log10_alpha": -2.498361607170395, "log10_colsample_bytree": -0.25546035562138214, "log10_eta": -3.7298296053441065, "log10_lambda": -1.5066055368958575, "log10_min_child_weight": 4.30279043087721, "log10_subsample": -0.45521255640817215, "max_depth": 2.0, "num_boost_round": 11.0}, "datetime": {"datetime": "2024-01-19 00:59:52", "elapsed": 2885.869021, "delta": 0.003384}}
{"target": -17.677226386457317, "params": {"gamma": 945.6299275868554, "log10_alpha": -1.3693359471078512, "log10_colsample_bytree": -0.4542484370700618, "log10_eta": -3.423729473092625, "log10_lambda": -4.7048912298929135, "log10_min_child_weight": 1.828228018822603, "log10_subsample": -0.6343404878487869, "max_depth": 2.0, "num_boost_round": 0.0}, "datetime": {"datetime": "2024-01-19 01:00:20", "elapsed": 2914.624642, "delta": 28.755621}}
{"target": -17.677215795299713, "params": {"gamma": 945.6299275868554, "log10_alpha": -1.3693359471078512, "log10_colsample_bytree": -0.4542484370700618, "log10_eta": -3.423729473092625, "log10_lambda": -4.7048912298929135, "log10_min_child_weight": 1.828228018822603, "log10_subsample": -0.6343404878487869, "max_depth": 2.0, "num_boost_round": 1.0}, "datetime": {"datetime": "2024-01-19 01:00:20", "elapsed": 2914.628802, "delta": 0.00416}}
{"target": -17.67720484574984, "params": {"gamma": 945.6299275868554, "log10_alpha": -1.3693359471078512, "log10_colsample_bytree": -0.4542484370700618, "log10_eta": -3.423729473092625, "log10_lambda": -4.7048912298929135, "log10_min_child_weight": 1.828228018822603, "log10_subsample": -0.6343404878487869, "max_depth": 2.0, "num_boost_round": 2.0}, "datetime": {"datetime": "2024-01-19 01:00:20", "elapsed": 2914.632789, "delta": 0.003987}}
{"target": -17.67719751990703, "params": {"gamma": 945.6299275868554, "log10_alpha": -1.3693359471078512, "log10_colsample_bytree": -0.4542484370700618, "log10_eta": -3.423729473092625, "log10_lambda": -4.7048912298929135, "log10_min_child_weight": 1.828228018822603, "log10_subsample": -0.6343404878487869, "max_depth": 2.0, "num_boost_round": 3.0}, "datetime": {"datetime": "2024-01-19 01:00:20", "elapsed": 2914.636137, "delta": 0.003348}}
{"target": -17.677192515839398, "params": {"gamma": 945.6299275868554, "log10_alpha": -1.3693359471078512, "log10_colsample_bytree": -0.4542484370700618, "log10_eta": -3.423729473092625, "log10_lambda": -4.7048912298929135, "log10_min_child_weight": 1.828228018822603, "log10_subsample": -0.6343404878487869, "max_depth": 2.0, "num_boost_round": 4.0}, "datetime": {"datetime": "2024-01-19 01:00:20", "elapsed": 2914.63934, "delta": 0.003203}}
{"target": -17.677185064223565, "params": {"gamma": 945.6299275868554, "log10_alpha": -1.3693359471078512, "log10_colsample_bytree": -0.4542484370700618, "log10_eta": -3.423729473092625, "log10_lambda": -4.7048912298929135, "log10_min_child_weight": 1.828228018822603, "log10_subsample": -0.6343404878487869, "max_depth": 2.0, "num_boost_round": 5.0}, "datetime": {"datetime": "2024-01-19 01:00:20", "elapsed": 2914.642587, "delta": 0.003247}}
{"target": -17.677180481530687, "params": {"gamma": 945.6299275868554, "log10_alpha": -1.3693359471078512, "log10_colsample_bytree": -0.4542484370700618, "log10_eta": -3.423729473092625, "log10_lambda": -4.7048912298929135, "log10_min_child_weight": 1.828228018822603, "log10_subsample": -0.6343404878487869, "max_depth": 2.0, "num_boost_round": 6.0}, "datetime": {"datetime": "2024-01-19 01:00:20", "elapsed": 2914.645754, "delta": 0.003167}}
{"target": -17.677169251506328, "params": {"gamma": 945.6299275868554, "log10_alpha": -1.3693359471078512, "log10_colsample_bytree": -0.4542484370700618, "log10_eta": -3.423729473092625, "log10_lambda": -4.7048912298929135, "log10_min_child_weight": 1.828228018822603, "log10_subsample": -0.6343404878487869, "max_depth": 2.0, "num_boost_round": 7.0}, "datetime": {"datetime": "2024-01-19 01:00:20", "elapsed": 2914.649441, "delta": 0.003687}}
{"target": -17.677160665137034, "params": {"gamma": 945.6299275868554, "log10_alpha": -1.3693359471078512, "log10_colsample_bytree": -0.4542484370700618, "log10_eta": -3.423729473092625, "log10_lambda": -4.7048912298929135, "log10_min_child_weight": 1.828228018822603, "log10_subsample": -0.6343404878487869, "max_depth": 2.0, "num_boost_round": 8.0}, "datetime": {"datetime": "2024-01-19 01:00:20", "elapsed": 2914.652748, "delta": 0.003307}}
{"target": -17.677145602660055, "params": {"gamma": 945.6299275868554, "log10_alpha": -1.3693359471078512, "log10_colsample_bytree": -0.4542484370700618, "log10_eta": -3.423729473092625, "log10_lambda": -4.7048912298929135, "log10_min_child_weight": 1.828228018822603, "log10_subsample": -0.6343404878487869, "max_depth": 2.0, "num_boost_round": 9.0}, "datetime": {"datetime": "2024-01-19 01:00:20", "elapsed": 2914.655962, "delta": 0.003214}}
{"target": -17.677134694176, "params": {"gamma": 945.6299275868554, "log10_alpha": -1.3693359471078512, "log10_colsample_bytree": -0.4542484370700618, "log10_eta": -3.423729473092625, "log10_lambda": -4.7048912298929135, "log10_min_child_weight": 1.828228018822603, "log10_subsample": -0.6343404878487869, "max_depth": 2.0, "num_boost_round": 10.0}, "datetime": {"datetime": "2024-01-19 01:00:20", "elapsed": 2914.659139, "delta": 0.003177}}
{"target": -17.67712814701695, "params": {"gamma": 945.6299275868554, "log10_alpha": -1.3693359471078512, "log10_colsample_bytree": -0.4542484370700618, "log10_eta": -3.423729473092625, "log10_lambda": -4.7048912298929135, "log10_min_child_weight": 1.828228018822603, "log10_subsample": -0.6343404878487869, "max_depth": 2.0, "num_boost_round": 11.0}, "datetime": {"datetime": "2024-01-19 01:00:20", "elapsed": 2914.662334, "delta": 0.003195}}
{"target": -17.677116253199408, "params": {"gamma": 945.6299275868554, "log10_alpha": -1.3693359471078512, "log10_colsample_bytree": -0.4542484370700618, "log10_eta": -3.423729473092625, "log10_lambda": -4.7048912298929135, "log10_min_child_weight": 1.828228018822603, "log10_subsample": -0.6343404878487869, "max_depth": 2.0, "num_boost_round": 12.0}, "datetime": {"datetime": "2024-01-19 01:00:20", "elapsed": 2914.665647, "delta": 0.003313}}
{"target": -17.67708633871916, "params": {"gamma": 982.4438824071399, "log10_alpha": -3.7309929504268293, "log10_colsample_bytree": -0.5798767059622669, "log10_eta": -1.3555895058621386, "log10_lambda": -0.41467167100896596, "log10_min_child_weight": 0.6353450800256766, "log10_subsample": -0.7194248778309283, "max_depth": 4.0, "num_boost_round": 0.0}, "datetime": {"datetime": "2024-01-19 01:00:51", "elapsed": 2945.331639, "delta": 30.665992}}
{"target": -17.67438739710346, "params": {"gamma": 982.4438824071399, "log10_alpha": -3.7309929504268293, "log10_colsample_bytree": -0.5798767059622669, "log10_eta": -1.3555895058621386, "log10_lambda": -0.41467167100896596, "log10_min_child_weight": 0.6353450800256766, "log10_subsample": -0.7194248778309283, "max_depth": 4.0, "num_boost_round": 1.0}, "datetime": {"datetime": "2024-01-19 01:00:51", "elapsed": 2945.335719, "delta": 0.00408}}
{"target": -17.674091941052712, "params": {"gamma": 982.4438824071399, "log10_alpha": -3.7309929504268293, "log10_colsample_bytree": -0.5798767059622669, "log10_eta": -1.3555895058621386, "log10_lambda": -0.41467167100896596, "log10_min_child_weight": 0.6353450800256766, "log10_subsample": -0.7194248778309283, "max_depth": 4.0, "num_boost_round": 2.0}, "datetime": {"datetime": "2024-01-19 01:00:51", "elapsed": 2945.339017, "delta": 0.003298}}
{"target": -17.676196338921738, "params": {"gamma": 982.4438824071399, "log10_alpha": -3.7309929504268293, "log10_colsample_bytree": -0.5798767059622669, "log10_eta": -1.3555895058621386, "log10_lambda": -0.41467167100896596, "log10_min_child_weight": 0.6353450800256766, "log10_subsample": -0.7194248778309283, "max_depth": 4.0, "num_boost_round": 3.0}, "datetime": {"datetime": "2024-01-19 01:00:51", "elapsed": 2945.342193, "delta": 0.003176}}
{"target": -17.676957263490884, "params": {"gamma": 982.4438824071399, "log10_alpha": -3.7309929504268293, "log10_colsample_bytree": -0.5798767059622669, "log10_eta": -1.3555895058621386, "log10_lambda": -0.41467167100896596, "log10_min_child_weight": 0.6353450800256766, "log10_subsample": -0.7194248778309283, "max_depth": 4.0, "num_boost_round": 4.0}, "datetime": {"datetime": "2024-01-19 01:00:51", "elapsed": 2945.345419, "delta": 0.003226}}
{"target": -17.67698691772523, "params": {"gamma": 982.4438824071399, "log10_alpha": -3.7309929504268293, "log10_colsample_bytree": -0.5798767059622669, "log10_eta": -1.3555895058621386, "log10_lambda": -0.41467167100896596, "log10_min_child_weight": 0.6353450800256766, "log10_subsample": -0.7194248778309283, "max_depth": 4.0, "num_boost_round": 5.0}, "datetime": {"datetime": "2024-01-19 01:00:51", "elapsed": 2945.348617, "delta": 0.003198}}
{"target": -17.678115420295004, "params": {"gamma": 982.4438824071399, "log10_alpha": -3.7309929504268293, "log10_colsample_bytree": -0.5798767059622669, "log10_eta": -1.3555895058621386, "log10_lambda": -0.41467167100896596, "log10_min_child_weight": 0.6353450800256766, "log10_subsample": -0.7194248778309283, "max_depth": 4.0, "num_boost_round": 6.0}, "datetime": {"datetime": "2024-01-19 01:00:51", "elapsed": 2945.35187, "delta": 0.003253}}
{"target": -17.67877263991798, "params": {"gamma": 982.4438824071399, "log10_alpha": -3.7309929504268293, "log10_colsample_bytree": -0.5798767059622669, "log10_eta": -1.3555895058621386, "log10_lambda": -0.41467167100896596, "log10_min_child_weight": 0.6353450800256766, "log10_subsample": -0.7194248778309283, "max_depth": 4.0, "num_boost_round": 7.0}, "datetime": {"datetime": "2024-01-19 01:00:51", "elapsed": 2945.355197, "delta": 0.003327}}
{"target": -17.679177767079825, "params": {"gamma": 982.4438824071399, "log10_alpha": -3.7309929504268293, "log10_colsample_bytree": -0.5798767059622669, "log10_eta": -1.3555895058621386, "log10_lambda": -0.41467167100896596, "log10_min_child_weight": 0.6353450800256766, "log10_subsample": -0.7194248778309283, "max_depth": 4.0, "num_boost_round": 8.0}, "datetime": {"datetime": "2024-01-19 01:00:51", "elapsed": 2945.358474, "delta": 0.003277}}
