{"target": -17.67710475858047, "params": {"gamma": 429.32012497960824, "log10_alpha": -1.444691457209415, "log10_colsample_bytree": -0.09648016195745823, "log10_eta": -2.570178041577513, "log10_lambda": -1.2254485056046507, "log10_min_child_weight": 4.692171833354963, "log10_subsample": -0.597149225240923, "max_depth": 8.0, "num_boost_round": 10.0}, "datetime": {"datetime": "2024-01-19 00:38:03", "elapsed": 1587.525247, "delta": 0.001531}}
{"target": -17.67708111194721, "params": {"gamma": 429.32012497960824, "log10_alpha": -1.444691457209415, "log10_colsample_bytree": -0.09648016195745823, "log10_eta": -2.570178041577513, "log10_lambda": -1.2254485056046507, "log10_min_child_weight": 4.692171833354963, "log10_subsample": -0.597149225240923, "max_depth": 8.0, "num_boost_round": 11.0}, "datetime": {"datetime": "2024-01-19 00:38:03", "elapsed": 1587.526829, "delta": 0.001582}}
{"target": -17.677075468623435, "params": {"gamma": 429.32012497960824, "log10_alpha": -1.444691457209415, "log10_colsample_bytree": -0.09648016195745823, "log10_eta": -2.570178041577513, "log10_lambda": -1.2254485056046507, "log10_min_child_weight": 4.692171833354963, "log10_subsample": -0.597149225240923, "max_depth": 8.0, "num_boost_round": 12.0}, "datetime": {"datetime": "2024-01-19 00:38:03", "elapsed": 1587.528382, "delta": 0.001553}}
{"target": -17.677066475179533, "params": {"gamma": 429.32012497960824, "log10_alpha": -1.444691457209415, "log10_colsample_bytree": -0.09648016195745823, "log10_eta": -2.570178041577513, "log10_lambda": -1.2254485056046507, "log10_min_child_weight": 4.692171833354963, "log10_subsample": -0.597149225240923, "max_depth": 8.0, "num_boost_round": 13.0}, "datetime": {"datetime": "2024-01-19 00:38:03", "elapsed": 1587.52993, "delta": 0.001548}}
{"target": -17.677063635742023, "params": {"gamma": 429.32012497960824, "log10_alpha": -1.444691457209415, "log10_colsample_bytree": -0.09648016195745823, "log10_eta": -2.570178041577513, "log10_lambda": -1.2254485056046507, "log10_min_child_weight": 4.692171833354963, "log10_subsample": -0.597149225240923, "max_depth": 8.0, "num_boost_round": 14.0}, "datetime": {"datetime": "2024-01-19 00:38:03", "elapsed": 1587.531546, "delta": 0.001616}}
{"target": -17.677228598843286, "params": {"gamma": 435.3815616634693, "log10_alpha": -2.1535232007602234, "log10_colsample_bytree": -0.7115792824235837, "log10_eta": -3.584989972653623, "log10_lambda": -0.15008259538631918, "log10_min_child_weight": 3.7922282332248187, "log10_subsample": -0.8263050419485636, "max_depth": 5.0, "num_boost_round": 0.0}, "datetime": {"datetime": "2024-01-19 00:38:26", "elapsed": 1611.387859, "delta": 23.856313}}
{"target": -17.677225443365064, "params": {"gamma": 435.3815616634693, "log10_alpha": -2.1535232007602234, "log10_colsample_bytree": -0.7115792824235837, "log10_eta": -3.584989972653623, "log10_lambda": -0.15008259538631918, "log10_min_child_weight": 3.7922282332248187, "log10_subsample": -0.8263050419485636, "max_depth": 5.0, "num_boost_round": 1.0}, "datetime": {"datetime": "2024-01-19 00:38:26", "elapsed": 1611.390228, "delta": 0.002369}}
{"target": -17.677227521867287, "params": {"gamma": 435.3815616634693, "log10_alpha": -2.1535232007602234, "log10_colsample_bytree": -0.7115792824235837, "log10_eta": -3.584989972653623, "log10_lambda": -0.15008259538631918, "log10_min_child_weight": 3.7922282332248187, "log10_subsample": -0.8263050419485636, "max_depth": 5.0, "num_boost_round": 2.0}, "datetime": {"datetime": "2024-01-19 00:38:26", "elapsed": 1611.391959, "delta": 0.001731}}
{"target": -17.6772251126053, "params": {"gamma": 435.3815616634693, "log10_alpha": -2.1535232007602234, "log10_colsample_bytree": -0.7115792824235837, "log10_eta": -3.584989972653623, "log10_lambda": -0.15008259538631918, "log10_min_child_weight": 3.7922282332248187, "log10_subsample": -0.8263050419485636, "max_depth": 5.0, "num_boost_round": 3.0}, "datetime": {"datetime": "2024-01-19 00:38:26", "elapsed": 1611.393808, "delta": 0.001849}}
{"target": -17.677220522873533, "params": {"gamma": 435.3815616634693, "log10_alpha": -2.1535232007602234, "log10_colsample_bytree": -0.7115792824235837, "log10_eta": -3.584989972653623, "log10_lambda": -0.15008259538631918, "log10_min_child_weight": 3.7922282332248187, "log10_subsample": -0.8263050419485636, "max_depth": 5.0, "num_boost_round": 4.0}, "datetime": {"datetime": "2024-01-19 00:38:26", "elapsed": 1611.395387, "delta": 0.001579}}
{"target": -17.67721931773021, "params": {"gamma": 435.3815616634693, "log10_alpha": -2.1535232007602234, "log10_colsample_bytree": -0.7115792824235837, "log10_eta": -3.584989972653623, "log10_lambda": -0.15008259538631918, "log10_min_child_weight": 3.7922282332248187, "log10_subsample": -0.8263050419485636, "max_depth": 5.0, "num_boost_round": 5.0}, "datetime": {"datetime": "2024-01-19 00:38:26", "elapsed": 1611.39701, "delta": 0.001623}}
{"target": -17.67722315543792, "params": {"gamma": 435.3815616634693, "log10_alpha": -2.1535232007602234, "log10_colsample_bytree": -0.7115792824235837, "log10_eta": -3.584989972653623, "log10_lambda": -0.15008259538631918, "log10_min_child_weight": 3.7922282332248187, "log10_subsample": -0.8263050419485636, "max_depth": 5.0, "num_boost_round": 6.0}, "datetime": {"datetime": "2024-01-19 00:38:26", "elapsed": 1611.398594, "delta": 0.001584}}
{"target": -17.677218357294123, "params": {"gamma": 435.3815616634693, "log10_alpha": -2.1535232007602234, "log10_colsample_bytree": -0.7115792824235837, "log10_eta": -3.584989972653623, "log10_lambda": -0.15008259538631918, "log10_min_child_weight": 3.7922282332248187, "log10_subsample": -0.8263050419485636, "max_depth": 5.0, "num_boost_round": 7.0}, "datetime": {"datetime": "2024-01-19 00:38:26", "elapsed": 1611.400154, "delta": 0.00156}}
{"target": -17.67722213567098, "params": {"gamma": 435.3815616634693, "log10_alpha": -2.1535232007602234, "log10_colsample_bytree": -0.7115792824235837, "log10_eta": -3.584989972653623, "log10_lambda": -0.15008259538631918, "log10_min_child_weight": 3.7922282332248187, "log10_subsample": -0.8263050419485636, "max_depth": 5.0, "num_boost_round": 8.0}, "datetime": {"datetime": "2024-01-19 00:38:26", "elapsed": 1611.401724, "delta": 0.00157}}
{"target": -17.677220534065178, "params": {"gamma": 435.3815616634693, "log10_alpha": -2.1535232007602234, "log10_colsample_bytree": -0.7115792824235837, "log10_eta": -3.584989972653623, "log10_lambda": -0.15008259538631918, "log10_min_child_weight": 3.7922282332248187, "log10_subsample": -0.8263050419485636, "max_depth": 5.0, "num_boost_round": 9.0}, "datetime": {"datetime": "2024-01-19 00:38:26", "elapsed": 1611.403291, "delta": 0.001567}}
{"target": -17.677221336438215, "params": {"gamma": 435.3815616634693, "log10_alpha": -2.1535232007602234, "log10_colsample_bytree": -0.7115792824235837, "log10_eta": -3.584989972653623, "log10_lambda": -0.15008259538631918, "log10_min_child_weight": 3.7922282332248187, "log10_subsample": -0.8263050419485636, "max_depth": 5.0, "num_boost_round": 10.0}, "datetime": {"datetime": "2024-01-19 00:38:26", "elapsed": 1611.404864, "delta": 0.001573}}
{"target": -17.6771769281442, "params": {"gamma": 429.3944523667805, "log10_alpha": -4.530919162021745, "log10_colsample_bytree": -0.580223098575264, "log10_eta": -1.7976517824281482, "log10_lambda": -2.8392309785170498, "log10_min_child_weight": 2.0547236577935672, "log10_subsample": -0.5213787425511804, "max_depth": 9.0, "num_boost_round": 0.0}, "datetime": {"datetime": "2024-01-19 00:38:53", "elapsed": 1637.894473, "delta": 26.489609}}
{"target": -17.67617468342909, "params": {"gamma": 429.3944523667805, "log10_alpha": -4.530919162021745, "log10_colsample_bytree": -0.580223098575264, "log10_eta": -1.7976517824281482, "log10_lambda": -2.8392309785170498, "log10_min_child_weight": 2.0547236577935672, "log10_subsample": -0.5213787425511804, "max_depth": 9.0, "num_boost_round": 1.0}, "datetime": {"datetime": "2024-01-19 00:38:53", "elapsed": 1637.896904, "delta": 0.002431}}
{"target": -17.674565055083164, "params": {"gamma": 429.3944523667805, "log10_alpha": -4.530919162021745, "log10_colsample_bytree": -0.580223098575264, "log10_eta": -1.7976517824281482, "log10_lambda": -2.8392309785170498, "log10_min_child_weight": 2.0547236577935672, "log10_subsample": -0.5213787425511804, "max_depth": 9.0, "num_boost_round": 2.0}, "datetime": {"datetime": "2024-01-19 00:38:53", "elapsed": 1637.898872, "delta": 0.001968}}
{"target": -17.67381832913423, "params": {"gamma": 429.3944523667805, "log10_alpha": -4.530919162021745, "log10_colsample_bytree": -0.580223098575264, "log10_eta": -1.7976517824281482, "log10_lambda": -2.8392309785170498, "log10_min_child_weight": 2.0547236577935672, "log10_subsample": -0.5213787425511804, "max_depth": 9.0, "num_boost_round": 3.0}, "datetime": {"datetime": "2024-01-19 00:38:53", "elapsed": 1637.900474, "delta": 0.001602}}
{"target": -17.673289898376566, "params": {"gamma": 429.3944523667805, "log10_alpha": -4.530919162021745, "log10_colsample_bytree": -0.580223098575264, "log10_eta": -1.7976517824281482, "log10_lambda": -2.8392309785170498, "log10_min_child_weight": 2.0547236577935672, "log10_subsample": -0.5213787425511804, "max_depth": 9.0, "num_boost_round": 4.0}, "datetime": {"datetime": "2024-01-19 00:38:53", "elapsed": 1637.902178, "delta": 0.001704}}
{"target": -17.672434279863975, "params": {"gamma": 429.3944523667805, "log10_alpha": -4.530919162021745, "log10_colsample_bytree": -0.580223098575264, "log10_eta": -1.7976517824281482, "log10_lambda": -2.8392309785170498, "log10_min_child_weight": 2.0547236577935672, "log10_subsample": -0.5213787425511804, "max_depth": 9.0, "num_boost_round": 5.0}, "datetime": {"datetime": "2024-01-19 00:38:53", "elapsed": 1637.903823, "delta": 0.001645}}
{"target": -17.67231965637101, "params": {"gamma": 429.3944523667805, "log10_alpha": -4.530919162021745, "log10_colsample_bytree": -0.580223098575264, "log10_eta": -1.7976517824281482, "log10_lambda": -2.8392309785170498, "log10_min_child_weight": 2.0547236577935672, "log10_subsample": -0.5213787425511804, "max_depth": 9.0, "num_boost_round": 6.0}, "datetime": {"datetime": "2024-01-19 00:38:53", "elapsed": 1637.905418, "delta": 0.001595}}
{"target": -17.67140243794914, "params": {"gamma": 429.3944523667805, "log10_alpha": -4.530919162021745, "log10_colsample_bytree": -0.580223098575264, "log10_eta": -1.7976517824281482, "log10_lambda": -2.8392309785170498, "log10_min_child_weight": 2.0547236577935672, "log10_subsample": -0.5213787425511804, "max_depth": 9.0, "num_boost_round": 7.0}, "datetime": {"datetime": "2024-01-19 00:38:53", "elapsed": 1637.907013, "delta": 0.001595}}
{"target": -17.671332900921623, "params": {"gamma": 429.3944523667805, "log10_alpha": -4.530919162021745, "log10_colsample_bytree": -0.580223098575264, "log10_eta": -1.7976517824281482, "log10_lambda": -2.8392309785170498, "log10_min_child_weight": 2.0547236577935672, "log10_subsample": -0.5213787425511804, "max_depth": 9.0, "num_boost_round": 8.0}, "datetime": {"datetime": "2024-01-19 00:38:53", "elapsed": 1637.908608, "delta": 0.001595}}
{"target": -17.67316230119548, "params": {"gamma": 429.3944523667805, "log10_alpha": -4.530919162021745, "log10_colsample_bytree": -0.580223098575264, "log10_eta": -1.7976517824281482, "log10_lambda": -2.8392309785170498, "log10_min_child_weight": 2.0547236577935672, "log10_subsample": -0.5213787425511804, "max_depth": 9.0, "num_boost_round": 9.0}, "datetime": {"datetime": "2024-01-19 00:38:53", "elapsed": 1637.91029, "delta": 0.001682}}
{"target": -17.673009258705672, "params": {"gamma": 429.3944523667805, "log10_alpha": -4.530919162021745, "log10_colsample_bytree": -0.580223098575264, "log10_eta": -1.7976517824281482, "log10_lambda": -2.8392309785170498, "log10_min_child_weight": 2.0547236577935672, "log10_subsample": -0.5213787425511804, "max_depth": 9.0, "num_boost_round": 10.0}, "datetime": {"datetime": "2024-01-19 00:38:53", "elapsed": 1637.911879, "delta": 0.001589}}
{"target": -17.673642246159186, "params": {"gamma": 429.3944523667805, "log10_alpha": -4.530919162021745, "log10_colsample_bytree": -0.580223098575264, "log10_eta": -1.7976517824281482, "log10_lambda": -2.8392309785170498, "log10_min_child_weight": 2.0547236577935672, "log10_subsample": -0.5213787425511804, "max_depth": 9.0, "num_boost_round": 11.0}, "datetime": {"datetime": "2024-01-19 00:38:53", "elapsed": 1637.913578, "delta": 0.001699}}
{"target": -17.673344196748108, "params": {"gamma": 429.3944523667805, "log10_alpha": -4.530919162021745, "log10_colsample_bytree": -0.580223098575264, "log10_eta": -1.7976517824281482, "log10_lambda": -2.8392309785170498, "log10_min_child_weight": 2.0547236577935672, "log10_subsample": -0.5213787425511804, "max_depth": 9.0, "num_boost_round": 12.0}, "datetime": {"datetime": "2024-01-19 00:38:53", "elapsed": 1637.9152, "delta": 0.001622}}
{"target": -17.674434253246478, "params": {"gamma": 429.3944523667805, "log10_alpha": -4.530919162021745, "log10_colsample_bytree": -0.580223098575264, "log10_eta": -1.7976517824281482, "log10_lambda": -2.8392309785170498, "log10_min_child_weight": 2.0547236577935672, "log10_subsample": -0.5213787425511804, "max_depth": 9.0, "num_boost_round": 13.0}, "datetime": {"datetime": "2024-01-19 00:38:53", "elapsed": 1637.916802, "delta": 0.001602}}
{"target": -17.675191987496483, "params": {"gamma": 429.3944523667805, "log10_alpha": -4.530919162021745, "log10_colsample_bytree": -0.580223098575264, "log10_eta": -1.7976517824281482, "log10_lambda": -2.8392309785170498, "log10_min_child_weight": 2.0547236577935672, "log10_subsample": -0.5213787425511804, "max_depth": 9.0, "num_boost_round": 14.0}, "datetime": {"datetime": "2024-01-19 00:38:53", "elapsed": 1637.918411, "delta": 0.001609}}
{"target": -17.677149086481926, "params": {"gamma": 431.1545128422123, "log10_alpha": -2.820723230168033, "log10_colsample_bytree": -0.6637435793563898, "log10_eta": -2.25658183196517, "log10_lambda": -0.4601724946728858, "log10_min_child_weight": 4.967528334927137, "log10_subsample": -0.09905096980640038, "max_depth": 7.0, "num_boost_round": 0.0}, "datetime": {"datetime": "2024-01-19 00:39:22", "elapsed": 1666.794657, "delta": 28.876246}}
{"target": -17.67708149735574, "params": {"gamma": 431.1545128422123, "log10_alpha": -2.820723230168033, "log10_colsample_bytree": -0.6637435793563898, "log10_eta": -2.25658183196517, "log10_lambda": -0.4601724946728858, "log10_min_child_weight": 4.967528334927137, "log10_subsample": -0.09905096980640038, "max_depth": 7.0, "num_boost_round": 1.0}, "datetime": {"datetime": "2024-01-19 00:39:22", "elapsed": 1666.796944, "delta": 0.002287}}
{"target": -17.677077502138097, "params": {"gamma": 431.1545128422123, "log10_alpha": -2.820723230168033, "log10_colsample_bytree": -0.6637435793563898, "log10_eta": -2.25658183196517, "log10_lambda": -0.4601724946728858, "log10_min_child_weight": 4.967528334927137, "log10_subsample": -0.09905096980640038, "max_depth": 7.0, "num_boost_round": 2.0}, "datetime": {"datetime": "2024-01-19 00:39:22", "elapsed": 1666.799115, "delta": 0.002171}}
{"target": -17.677012398783347, "params": {"gamma": 431.1545128422123, "log10_alpha": -2.820723230168033, "log10_colsample_bytree": -0.6637435793563898, "log10_eta": -2.25658183196517, "log10_lambda": -0.4601724946728858, "log10_min_child_weight": 4.967528334927137, "log10_subsample": -0.09905096980640038, "max_depth": 7.0, "num_boost_round": 3.0}, "datetime": {"datetime": "2024-01-19 00:39:22", "elapsed": 1666.800734, "delta": 0.001619}}
{"target": -17.67696789834765, "params": {"gamma": 431.1545128422123, "log10_alpha": -2.820723230168033, "log10_colsample_bytree": -0.6637435793563898, "log10_eta": -2.25658183196517, "log10_lambda": -0.4601724946728858, "log10_min_child_weight": 4.967528334927137, "log10_subsample": -0.09905096980640038, "max_depth": 7.0, "num_boost_round": 4.0}, "datetime": {"datetime": "2024-01-19 00:39:22", "elapsed": 1666.802399, "delta": 0.001665}}
{"target": -17.676950482545884, "params": {"gamma": 431.1545128422123, "log10_alpha": -2.820723230168033, "log10_colsample_bytree": -0.6637435793563898, "log10_eta": -2.25658183196517, "log10_lambda": -0.4601724946728858, "log10_min_child_weight": 4.967528334927137, "log10_subsample": -0.09905096980640038, "max_depth": 7.0, "num_boost_round": 5.0}, "datetime": {"datetime": "2024-01-19 00:39:22", "elapsed": 1666.80402, "delta": 0.001621}}
{"target": -17.67698636811946, "params": {"gamma": 431.1545128422123, "log10_alpha": -2.820723230168033, "log10_colsample_bytree": -0.6637435793563898, "log10_eta": -2.25658183196517, "log10_lambda": -0.4601724946728858, "log10_min_child_weight": 4.967528334927137, "log10_subsample": -0.09905096980640038, "max_depth": 7.0, "num_boost_round": 6.0}, "datetime": {"datetime": "2024-01-19 00:39:22", "elapsed": 1666.805624, "delta": 0.001604}}
{"target": -17.67691661888446, "params": {"gamma": 431.1545128422123, "log10_alpha": -2.820723230168033, "log10_colsample_bytree": -0.6637435793563898, "log10_eta": -2.25658183196517, "log10_lambda": -0.4601724946728858, "log10_min_child_weight": 4.967528334927137, "log10_subsample": -0.09905096980640038, "max_depth": 7.0, "num_boost_round": 7.0}, "datetime": {"datetime": "2024-01-19 00:39:22", "elapsed": 1666.807219, "delta": 0.001595}}
{"target": -17.676878783026112, "params": {"gamma": 431.1545128422123, "log10_alpha": -2.820723230168033, "log10_colsample_bytree": -0.6637435793563898, "log10_eta": -2.25658183196517, "log10_lambda": -0.4601724946728858, "log10_min_child_weight": 4.967528334927137, "log10_subsample": -0.09905096980640038, "max_depth": 7.0, "num_boost_round": 8.0}, "datetime": {"datetime": "2024-01-19 00:39:22", "elapsed": 1666.808814, "delta": 0.001595}}
{"target": -17.676845008919834, "params": {"gamma": 431.1545128422123, "log10_alpha": -2.820723230168033, "log10_colsample_bytree": -0.6637435793563898, "log10_eta": -2.25658183196517, "log10_lambda": -0.4601724946728858, "log10_min_child_weight": 4.967528334927137, "log10_subsample": -0.09905096980640038, "max_depth": 7.0, "num_boost_round": 9.0}, "datetime": {"datetime": "2024-01-19 00:39:22", "elapsed": 1666.810509, "delta": 0.001695}}
{"target": -17.676843198527234, "params": {"gamma": 431.1545128422123, "log10_alpha": -2.820723230168033, "log10_colsample_bytree": -0.6637435793563898, "log10_eta": -2.25658183196517, "log10_lambda": -0.4601724946728858, "log10_min_child_weight": 4.967528334927137, "log10_subsample": -0.09905096980640038, "max_depth": 7.0, "num_boost_round": 10.0}, "datetime": {"datetime": "2024-01-19 00:39:22", "elapsed": 1666.812096, "delta": 0.001587}}
{"target": -17.67679043245407, "params": {"gamma": 431.1545128422123, "log10_alpha": -2.820723230168033, "log10_colsample_bytree": -0.6637435793563898, "log10_eta": -2.25658183196517, "log10_lambda": -0.4601724946728858, "log10_min_child_weight": 4.967528334927137, "log10_subsample": -0.09905096980640038, "max_depth": 7.0, "num_boost_round": 11.0}, "datetime": {"datetime": "2024-01-19 00:39:22", "elapsed": 1666.813807, "delta": 0.001711}}
{"target": -17.676762816473385, "params": {"gamma": 431.1545128422123, "log10_alpha": -2.820723230168033, "log10_colsample_bytree": -0.6637435793563898, "log10_eta": -2.25658183196517, "log10_lambda": -0.4601724946728858, "log10_min_child_weight": 4.967528334927137, "log10_subsample": -0.09905096980640038, "max_depth": 7.0, "num_boost_round": 12.0}, "datetime": {"datetime": "2024-01-19 00:39:22", "elapsed": 1666.815423, "delta": 0.001616}}
{"target": -17.67674176918579, "params": {"gamma": 431.1545128422123, "log10_alpha": -2.820723230168033, "log10_colsample_bytree": -0.6637435793563898, "log10_eta": -2.25658183196517, "log10_lambda": -0.4601724946728858, "log10_min_child_weight": 4.967528334927137, "log10_subsample": -0.09905096980640038, "max_depth": 7.0, "num_boost_round": 13.0}, "datetime": {"datetime": "2024-01-19 00:39:22", "elapsed": 1666.817036, "delta": 0.001613}}
{"target": -17.67672868763554, "params": {"gamma": 431.1545128422123, "log10_alpha": -2.820723230168033, "log10_colsample_bytree": -0.6637435793563898, "log10_eta": -2.25658183196517, "log10_lambda": -0.4601724946728858, "log10_min_child_weight": 4.967528334927137, "log10_subsample": -0.09905096980640038, "max_depth": 7.0, "num_boost_round": 14.0}, "datetime": {"datetime": "2024-01-19 00:39:22", "elapsed": 1666.818657, "delta": 0.001621}}
{"target": -17.676675428943387, "params": {"gamma": 431.1545128422123, "log10_alpha": -2.820723230168033, "log10_colsample_bytree": -0.6637435793563898, "log10_eta": -2.25658183196517, "log10_lambda": -0.4601724946728858, "log10_min_child_weight": 4.967528334927137, "log10_subsample": -0.09905096980640038, "max_depth": 7.0, "num_boost_round": 15.0}, "datetime": {"datetime": "2024-01-19 00:39:22", "elapsed": 1666.820266, "delta": 0.001609}}
{"target": -17.67662733441382, "params": {"gamma": 431.1545128422123, "log10_alpha": -2.820723230168033, "log10_colsample_bytree": -0.6637435793563898, "log10_eta": -2.25658183196517, "log10_lambda": -0.4601724946728858, "log10_min_child_weight": 4.967528334927137, "log10_subsample": -0.09905096980640038, "max_depth": 7.0, "num_boost_round": 16.0}, "datetime": {"datetime": "2024-01-19 00:39:22", "elapsed": 1666.821876, "delta": 0.00161}}
{"target": -17.67656527817798, "params": {"gamma": 431.1545128422123, "log10_alpha": -2.820723230168033, "log10_colsample_bytree": -0.6637435793563898, "log10_eta": -2.25658183196517, "log10_lambda": -0.4601724946728858, "log10_min_child_weight": 4.967528334927137, "log10_subsample": -0.09905096980640038, "max_depth": 7.0, "num_boost_round": 17.0}, "datetime": {"datetime": "2024-01-19 00:39:22", "elapsed": 1666.823494, "delta": 0.001618}}
