{"target": -17.67720511766592, "params": {"gamma": 393.99185108251277, "log10_alpha": -0.5176779912599994, "log10_colsample_bytree": -0.6486350721350731, "log10_eta": -3.5072902574861287, "log10_lambda": -2.866217405805969, "log10_min_child_weight": 3.2874289378172286, "log10_subsample": -0.2867915331287384, "max_depth": 2.0, "num_boost_round": 3.0}, "datetime": {"datetime": "2024-01-19 01:09:01", "elapsed": 3431.613295, "delta": 0.003925}}
{"target": -17.67720089893145, "params": {"gamma": 393.99185108251277, "log10_alpha": -0.5176779912599994, "log10_colsample_bytree": -0.6486350721350731, "log10_eta": -3.5072902574861287, "log10_lambda": -2.866217405805969, "log10_min_child_weight": 3.2874289378172286, "log10_subsample": -0.2867915331287384, "max_depth": 2.0, "num_boost_round": 4.0}, "datetime": {"datetime": "2024-01-19 01:09:01", "elapsed": 3431.617195, "delta": 0.0039}}
{"target": -17.67719532834931, "params": {"gamma": 393.99185108251277, "log10_alpha": -0.5176779912599994, "log10_colsample_bytree": -0.6486350721350731, "log10_eta": -3.5072902574861287, "log10_lambda": -2.866217405805969, "log10_min_child_weight": 3.2874289378172286, "log10_subsample": -0.2867915331287384, "max_depth": 2.0, "num_boost_round": 5.0}, "datetime": {"datetime": "2024-01-19 01:09:01", "elapsed": 3431.621111, "delta": 0.003916}}
{"target": -17.677185004996318, "params": {"gamma": 393.99185108251277, "log10_alpha": -0.5176779912599994, "log10_colsample_bytree": -0.6486350721350731, "log10_eta": -3.5072902574861287, "log10_lambda": -2.866217405805969, "log10_min_child_weight": 3.2874289378172286, "log10_subsample": -0.2867915331287384, "max_depth": 2.0, "num_boost_round": 6.0}, "datetime": {"datetime": "2024-01-19 01:09:01", "elapsed": 3431.62578, "delta": 0.004669}}
{"target": -17.67717763920612, "params": {"gamma": 393.99185108251277, "log10_alpha": -0.5176779912599994, "log10_colsample_bytree": -0.6486350721350731, "log10_eta": -3.5072902574861287, "log10_lambda": -2.866217405805969, "log10_min_child_weight": 3.2874289378172286, "log10_subsample": -0.2867915331287384, "max_depth": 2.0, "num_boost_round": 7.0}, "datetime": {"datetime": "2024-01-19 01:09:01", "elapsed": 3431.629679, "delta": 0.003899}}
{"target": -17.677176173294818, "params": {"gamma": 393.99185108251277, "log10_alpha": -0.5176779912599994, "log10_colsample_bytree": -0.6486350721350731, "log10_eta": -3.5072902574861287, "log10_lambda": -2.866217405805969, "log10_min_child_weight": 3.2874289378172286, "log10_subsample": -0.2867915331287384, "max_depth": 2.0, "num_boost_round": 8.0}, "datetime": {"datetime": "2024-01-19 01:09:01", "elapsed": 3431.63367, "delta": 0.003991}}
{"target": -17.677162657292016, "params": {"gamma": 393.99185108251277, "log10_alpha": -0.5176779912599994, "log10_colsample_bytree": -0.6486350721350731, "log10_eta": -3.5072902574861287, "log10_lambda": -2.866217405805969, "log10_min_child_weight": 3.2874289378172286, "log10_subsample": -0.2867915331287384, "max_depth": 2.0, "num_boost_round": 9.0}, "datetime": {"datetime": "2024-01-19 01:09:01", "elapsed": 3431.637565, "delta": 0.003895}}
{"target": -17.677156204666915, "params": {"gamma": 393.99185108251277, "log10_alpha": -0.5176779912599994, "log10_colsample_bytree": -0.6486350721350731, "log10_eta": -3.5072902574861287, "log10_lambda": -2.866217405805969, "log10_min_child_weight": 3.2874289378172286, "log10_subsample": -0.2867915331287384, "max_depth": 2.0, "num_boost_round": 10.0}, "datetime": {"datetime": "2024-01-19 01:09:01", "elapsed": 3431.641517, "delta": 0.003952}}
{"target": -17.677148219866396, "params": {"gamma": 393.99185108251277, "log10_alpha": -0.5176779912599994, "log10_colsample_bytree": -0.6486350721350731, "log10_eta": -3.5072902574861287, "log10_lambda": -2.866217405805969, "log10_min_child_weight": 3.2874289378172286, "log10_subsample": -0.2867915331287384, "max_depth": 2.0, "num_boost_round": 11.0}, "datetime": {"datetime": "2024-01-19 01:09:01", "elapsed": 3431.6457, "delta": 0.004183}}
{"target": -17.67714122309963, "params": {"gamma": 393.99185108251277, "log10_alpha": -0.5176779912599994, "log10_colsample_bytree": -0.6486350721350731, "log10_eta": -3.5072902574861287, "log10_lambda": -2.866217405805969, "log10_min_child_weight": 3.2874289378172286, "log10_subsample": -0.2867915331287384, "max_depth": 2.0, "num_boost_round": 12.0}, "datetime": {"datetime": "2024-01-19 01:09:01", "elapsed": 3431.649721, "delta": 0.004021}}
{"target": -17.677133618690604, "params": {"gamma": 393.99185108251277, "log10_alpha": -0.5176779912599994, "log10_colsample_bytree": -0.6486350721350731, "log10_eta": -3.5072902574861287, "log10_lambda": -2.866217405805969, "log10_min_child_weight": 3.2874289378172286, "log10_subsample": -0.2867915331287384, "max_depth": 2.0, "num_boost_round": 13.0}, "datetime": {"datetime": "2024-01-19 01:09:01", "elapsed": 3431.653854, "delta": 0.004133}}
{"target": -17.67713170280152, "params": {"gamma": 393.99185108251277, "log10_alpha": -0.5176779912599994, "log10_colsample_bytree": -0.6486350721350731, "log10_eta": -3.5072902574861287, "log10_lambda": -2.866217405805969, "log10_min_child_weight": 3.2874289378172286, "log10_subsample": -0.2867915331287384, "max_depth": 2.0, "num_boost_round": 14.0}, "datetime": {"datetime": "2024-01-19 01:09:01", "elapsed": 3431.658196, "delta": 0.004342}}
{"target": -17.67712845136173, "params": {"gamma": 393.99185108251277, "log10_alpha": -0.5176779912599994, "log10_colsample_bytree": -0.6486350721350731, "log10_eta": -3.5072902574861287, "log10_lambda": -2.866217405805969, "log10_min_child_weight": 3.2874289378172286, "log10_subsample": -0.2867915331287384, "max_depth": 2.0, "num_boost_round": 15.0}, "datetime": {"datetime": "2024-01-19 01:09:01", "elapsed": 3431.662498, "delta": 0.004302}}
{"target": -17.677119530941788, "params": {"gamma": 393.99185108251277, "log10_alpha": -0.5176779912599994, "log10_colsample_bytree": -0.6486350721350731, "log10_eta": -3.5072902574861287, "log10_lambda": -2.866217405805969, "log10_min_child_weight": 3.2874289378172286, "log10_subsample": -0.2867915331287384, "max_depth": 2.0, "num_boost_round": 16.0}, "datetime": {"datetime": "2024-01-19 01:09:01", "elapsed": 3431.666661, "delta": 0.004163}}
{"target": -17.677115211839503, "params": {"gamma": 393.99185108251277, "log10_alpha": -0.5176779912599994, "log10_colsample_bytree": -0.6486350721350731, "log10_eta": -3.5072902574861287, "log10_lambda": -2.866217405805969, "log10_min_child_weight": 3.2874289378172286, "log10_subsample": -0.2867915331287384, "max_depth": 2.0, "num_boost_round": 17.0}, "datetime": {"datetime": "2024-01-19 01:09:01", "elapsed": 3431.788978, "delta": 0.122317}}
{"target": -17.677110392288366, "params": {"gamma": 393.99185108251277, "log10_alpha": -0.5176779912599994, "log10_colsample_bytree": -0.6486350721350731, "log10_eta": -3.5072902574861287, "log10_lambda": -2.866217405805969, "log10_min_child_weight": 3.2874289378172286, "log10_subsample": -0.2867915331287384, "max_depth": 2.0, "num_boost_round": 18.0}, "datetime": {"datetime": "2024-01-19 01:09:01", "elapsed": 3431.794118, "delta": 0.00514}}
{"target": -17.67710742294413, "params": {"gamma": 393.99185108251277, "log10_alpha": -0.5176779912599994, "log10_colsample_bytree": -0.6486350721350731, "log10_eta": -3.5072902574861287, "log10_lambda": -2.866217405805969, "log10_min_child_weight": 3.2874289378172286, "log10_subsample": -0.2867915331287384, "max_depth": 2.0, "num_boost_round": 19.0}, "datetime": {"datetime": "2024-01-19 01:09:01", "elapsed": 3431.799704, "delta": 0.005586}}
{"target": -17.67723580712912, "params": {"gamma": 408.8365549746772, "log10_alpha": -1.338494912255289, "log10_colsample_bytree": -0.2387202898317562, "log10_eta": -3.592843537434923, "log10_lambda": -4.941979027739681, "log10_min_child_weight": 3.7106248836865263, "log10_subsample": -0.04814386539777504, "max_depth": 9.0, "num_boost_round": 0.0}, "datetime": {"datetime": "2024-01-19 01:09:54", "elapsed": 3484.59373, "delta": 52.794026}}
{"target": -17.677227163888677, "params": {"gamma": 408.8365549746772, "log10_alpha": -1.338494912255289, "log10_colsample_bytree": -0.2387202898317562, "log10_eta": -3.592843537434923, "log10_lambda": -4.941979027739681, "log10_min_child_weight": 3.7106248836865263, "log10_subsample": -0.04814386539777504, "max_depth": 9.0, "num_boost_round": 1.0}, "datetime": {"datetime": "2024-01-19 01:09:54", "elapsed": 3484.598393, "delta": 0.004663}}
{"target": -17.677222990736404, "params": {"gamma": 408.8365549746772, "log10_alpha": -1.338494912255289, "log10_colsample_bytree": -0.2387202898317562, "log10_eta": -3.592843537434923, "log10_lambda": -4.941979027739681, "log10_min_child_weight": 3.7106248836865263, "log10_subsample": -0.04814386539777504, "max_depth": 9.0, "num_boost_round": 2.0}, "datetime": {"datetime": "2024-01-19 01:09:54", "elapsed": 3484.602805, "delta": 0.004412}}
{"target": -17.677223282188514, "params": {"gamma": 408.8365549746772, "log10_alpha": -1.338494912255289, "log10_colsample_bytree": -0.2387202898317562, "log10_eta": -3.592843537434923, "log10_lambda": -4.941979027739681, "log10_min_child_weight": 3.7106248836865263, "log10_subsample": -0.04814386539777504, "max_depth": 9.0, "num_boost_round": 3.0}, "datetime": {"datetime": "2024-01-19 01:09:54", "elapsed": 3484.606904, "delta": 0.004099}}
{"target": -17.677224487641425, "params": {"gamma": 408.8365549746772, "log10_alpha": -1.338494912255289, "log10_colsample_bytree": -0.2387202898317562, "log10_eta": -3.592843537434923, "log10_lambda": -4.941979027739681, "log10_min_child_weight": 3.7106248836865263, "log10_subsample": -0.04814386539777504, "max_depth": 9.0, "num_boost_round": 4.0}, "datetime": {"datetime": "2024-01-19 01:09:54", "elapsed": 3484.610949, "delta": 0.004045}}
{"target": -17.67722090017188, "params": {"gamma": 408.8365549746772, "log10_alpha": -1.338494912255289, "log10_colsample_bytree": -0.2387202898317562, "log10_eta": -3.592843537434923, "log10_lambda": -4.941979027739681, "log10_min_child_weight": 3.7106248836865263, "log10_subsample": -0.04814386539777504, "max_depth": 9.0, "num_boost_round": 5.0}, "datetime": {"datetime": "2024-01-19 01:09:54", "elapsed": 3484.615163, "delta": 0.004214}}
{"target": -17.677221026937946, "params": {"gamma": 408.8365549746772, "log10_alpha": -1.338494912255289, "log10_colsample_bytree": -0.2387202898317562, "log10_eta": -3.592843537434923, "log10_lambda": -4.941979027739681, "log10_min_child_weight": 3.7106248836865263, "log10_subsample": -0.04814386539777504, "max_depth": 9.0, "num_boost_round": 6.0}, "datetime": {"datetime": "2024-01-19 01:09:54", "elapsed": 3484.619209, "delta": 0.004046}}
{"target": -17.677211617604716, "params": {"gamma": 408.8365549746772, "log10_alpha": -1.338494912255289, "log10_colsample_bytree": -0.2387202898317562, "log10_eta": -3.592843537434923, "log10_lambda": -4.941979027739681, "log10_min_child_weight": 3.7106248836865263, "log10_subsample": -0.04814386539777504, "max_depth": 9.0, "num_boost_round": 7.0}, "datetime": {"datetime": "2024-01-19 01:09:54", "elapsed": 3484.623287, "delta": 0.004078}}
{"target": -17.677213658576623, "params": {"gamma": 408.8365549746772, "log10_alpha": -1.338494912255289, "log10_colsample_bytree": -0.2387202898317562, "log10_eta": -3.592843537434923, "log10_lambda": -4.941979027739681, "log10_min_child_weight": 3.7106248836865263, "log10_subsample": -0.04814386539777504, "max_depth": 9.0, "num_boost_round": 8.0}, "datetime": {"datetime": "2024-01-19 01:09:54", "elapsed": 3484.627415, "delta": 0.004128}}
{"target": -17.677207510379386, "params": {"gamma": 408.8365549746772, "log10_alpha": -1.338494912255289, "log10_colsample_bytree": -0.2387202898317562, "log10_eta": -3.592843537434923, "log10_lambda": -4.941979027739681, "log10_min_child_weight": 3.7106248836865263, "log10_subsample": -0.04814386539777504, "max_depth": 9.0, "num_boost_round": 9.0}, "datetime": {"datetime": "2024-01-19 01:09:54", "elapsed": 3484.631495, "delta": 0.00408}}
{"target": -17.67720702820399, "params": {"gamma": 408.8365549746772, "log10_alpha": -1.338494912255289, "log10_colsample_bytree": -0.2387202898317562, "log10_eta": -3.592843537434923, "log10_lambda": -4.941979027739681, "log10_min_child_weight": 3.7106248836865263, "log10_subsample": -0.04814386539777504, "max_depth": 9.0, "num_boost_round": 10.0}, "datetime": {"datetime": "2024-01-19 01:09:54", "elapsed": 3484.635526, "delta": 0.004031}}
{"target": -17.677197269685855, "params": {"gamma": 408.8365549746772, "log10_alpha": -1.338494912255289, "log10_colsample_bytree": -0.2387202898317562, "log10_eta": -3.592843537434923, "log10_lambda": -4.941979027739681, "log10_min_child_weight": 3.7106248836865263, "log10_subsample": -0.04814386539777504, "max_depth": 9.0, "num_boost_round": 11.0}, "datetime": {"datetime": "2024-01-19 01:09:54", "elapsed": 3484.639638, "delta": 0.004112}}
{"target": -17.677195251104408, "params": {"gamma": 408.8365549746772, "log10_alpha": -1.338494912255289, "log10_colsample_bytree": -0.2387202898317562, "log10_eta": -3.592843537434923, "log10_lambda": -4.941979027739681, "log10_min_child_weight": 3.7106248836865263, "log10_subsample": -0.04814386539777504, "max_depth": 9.0, "num_boost_round": 12.0}, "datetime": {"datetime": "2024-01-19 01:09:54", "elapsed": 3484.643836, "delta": 0.004198}}
{"target": -17.677187941259675, "params": {"gamma": 408.8365549746772, "log10_alpha": -1.338494912255289, "log10_colsample_bytree": -0.2387202898317562, "log10_eta": -3.592843537434923, "log10_lambda": -4.941979027739681, "log10_min_child_weight": 3.7106248836865263, "log10_subsample": -0.04814386539777504, "max_depth": 9.0, "num_boost_round": 13.0}, "datetime": {"datetime": "2024-01-19 01:09:54", "elapsed": 3484.648037, "delta": 0.004201}}
{"target": -17.677191091893935, "params": {"gamma": 408.8365549746772, "log10_alpha": -1.338494912255289, "log10_colsample_bytree": -0.2387202898317562, "log10_eta": -3.592843537434923, "log10_lambda": -4.941979027739681, "log10_min_child_weight": 3.7106248836865263, "log10_subsample": -0.04814386539777504, "max_depth": 9.0, "num_boost_round": 14.0}, "datetime": {"datetime": "2024-01-19 01:09:54", "elapsed": 3484.652253, "delta": 0.004216}}
{"target": -17.677181692052987, "params": {"gamma": 408.8365549746772, "log10_alpha": -1.338494912255289, "log10_colsample_bytree": -0.2387202898317562, "log10_eta": -3.592843537434923, "log10_lambda": -4.941979027739681, "log10_min_child_weight": 3.7106248836865263, "log10_subsample": -0.04814386539777504, "max_depth": 9.0, "num_boost_round": 15.0}, "datetime": {"datetime": "2024-01-19 01:09:54", "elapsed": 3484.65638, "delta": 0.004127}}
{"target": -17.677177495132042, "params": {"gamma": 408.8365549746772, "log10_alpha": -1.338494912255289, "log10_colsample_bytree": -0.2387202898317562, "log10_eta": -3.592843537434923, "log10_lambda": -4.941979027739681, "log10_min_child_weight": 3.7106248836865263, "log10_subsample": -0.04814386539777504, "max_depth": 9.0, "num_boost_round": 16.0}, "datetime": {"datetime": "2024-01-19 01:09:54", "elapsed": 3484.660371, "delta": 0.003991}}
{"target": -17.677181633994202, "params": {"gamma": 408.8365549746772, "log10_alpha": -1.338494912255289, "log10_colsample_bytree": -0.2387202898317562, "log10_eta": -3.592843537434923, "log10_lambda": -4.941979027739681, "log10_min_child_weight": 3.7106248836865263, "log10_subsample": -0.04814386539777504, "max_depth": 9.0, "num_boost_round": 17.0}, "datetime": {"datetime": "2024-01-19 01:09:54", "elapsed": 3484.664652, "delta": 0.004281}}
{"target": -17.67717621825563, "params": {"gamma": 408.8365549746772, "log10_alpha": -1.338494912255289, "log10_colsample_bytree": -0.2387202898317562, "log10_eta": -3.592843537434923, "log10_lambda": -4.941979027739681, "log10_min_child_weight": 3.7106248836865263, "log10_subsample": -0.04814386539777504, "max_depth": 9.0, "num_boost_round": 18.0}, "datetime": {"datetime": "2024-01-19 01:09:54", "elapsed": 3484.668799, "delta": 0.004147}}
{"target": -17.677164915366905, "params": {"gamma": 408.8365549746772, "log10_alpha": -1.338494912255289, "log10_colsample_bytree": -0.2387202898317562, "log10_eta": -3.592843537434923, "log10_lambda": -4.941979027739681, "log10_min_child_weight": 3.7106248836865263, "log10_subsample": -0.04814386539777504, "max_depth": 9.0, "num_boost_round": 19.0}, "datetime": {"datetime": "2024-01-19 01:09:54", "elapsed": 3484.67288, "delta": 0.004081}}
{"target": -17.677156574802908, "params": {"gamma": 408.8365549746772, "log10_alpha": -1.338494912255289, "log10_colsample_bytree": -0.2387202898317562, "log10_eta": -3.592843537434923, "log10_lambda": -4.941979027739681, "log10_min_child_weight": 3.7106248836865263, "log10_subsample": -0.04814386539777504, "max_depth": 9.0, "num_boost_round": 20.0}, "datetime": {"datetime": "2024-01-19 01:09:54", "elapsed": 3484.677025, "delta": 0.004145}}
{"target": -17.677163146243963, "params": {"gamma": 408.8365549746772, "log10_alpha": -1.338494912255289, "log10_colsample_bytree": -0.2387202898317562, "log10_eta": -3.592843537434923, "log10_lambda": -4.941979027739681, "log10_min_child_weight": 3.7106248836865263, "log10_subsample": -0.04814386539777504, "max_depth": 9.0, "num_boost_round": 21.0}, "datetime": {"datetime": "2024-01-19 01:09:54", "elapsed": 3484.681031, "delta": 0.004006}}
{"target": -17.677146014250248, "params": {"gamma": 408.8365549746772, "log10_alpha": -1.338494912255289, "log10_colsample_bytree": -0.2387202898317562, "log10_eta": -3.592843537434923, "log10_lambda": -4.941979027739681, "log10_min_child_weight": 3.7106248836865263, "log10_subsample": -0.04814386539777504, "max_depth": 9.0, "num_boost_round": 22.0}, "datetime": {"datetime": "2024-01-19 01:09:54", "elapsed": 3484.685169, "delta": 0.004138}}
{"target": -17.677138007997925, "params": {"gamma": 408.8365549746772, "log10_alpha": -1.338494912255289, "log10_colsample_bytree": -0.2387202898317562, "log10_eta": -3.592843537434923, "log10_lambda": -4.941979027739681, "log10_min_child_weight": 3.7106248836865263, "log10_subsample": -0.04814386539777504, "max_depth": 9.0, "num_boost_round": 23.0}, "datetime": {"datetime": "2024-01-19 01:09:54", "elapsed": 3484.689302, "delta": 0.004133}}
{"target": -17.677138487611316, "params": {"gamma": 408.8365549746772, "log10_alpha": -1.338494912255289, "log10_colsample_bytree": -0.2387202898317562, "log10_eta": -3.592843537434923, "log10_lambda": -4.941979027739681, "log10_min_child_weight": 3.7106248836865263, "log10_subsample": -0.04814386539777504, "max_depth": 9.0, "num_boost_round": 24.0}, "datetime": {"datetime": "2024-01-19 01:09:54", "elapsed": 3484.693442, "delta": 0.00414}}
{"target": -17.677132813128296, "params": {"gamma": 408.8365549746772, "log10_alpha": -1.338494912255289, "log10_colsample_bytree": -0.2387202898317562, "log10_eta": -3.592843537434923, "log10_lambda": -4.941979027739681, "log10_min_child_weight": 3.7106248836865263, "log10_subsample": -0.04814386539777504, "max_depth": 9.0, "num_boost_round": 25.0}, "datetime": {"datetime": "2024-01-19 01:09:54", "elapsed": 3484.697489, "delta": 0.004047}}
{"target": -17.67714178945619, "params": {"gamma": 408.8365549746772, "log10_alpha": -1.338494912255289, "log10_colsample_bytree": -0.2387202898317562, "log10_eta": -3.592843537434923, "log10_lambda": -4.941979027739681, "log10_min_child_weight": 3.7106248836865263, "log10_subsample": -0.04814386539777504, "max_depth": 9.0, "num_boost_round": 26.0}, "datetime": {"datetime": "2024-01-19 01:09:54", "elapsed": 3484.701688, "delta": 0.004199}}
{"target": -17.677141119505677, "params": {"gamma": 408.8365549746772, "log10_alpha": -1.338494912255289, "log10_colsample_bytree": -0.2387202898317562, "log10_eta": -3.592843537434923, "log10_lambda": -4.941979027739681, "log10_min_child_weight": 3.7106248836865263, "log10_subsample": -0.04814386539777504, "max_depth": 9.0, "num_boost_round": 27.0}, "datetime": {"datetime": "2024-01-19 01:09:54", "elapsed": 3484.705756, "delta": 0.004068}}
{"target": -17.67713388950778, "params": {"gamma": 408.8365549746772, "log10_alpha": -1.338494912255289, "log10_colsample_bytree": -0.2387202898317562, "log10_eta": -3.592843537434923, "log10_lambda": -4.941979027739681, "log10_min_child_weight": 3.7106248836865263, "log10_subsample": -0.04814386539777504, "max_depth": 9.0, "num_boost_round": 28.0}, "datetime": {"datetime": "2024-01-19 01:09:54", "elapsed": 3484.709771, "delta": 0.004015}}
{"target": -17.67711882085958, "params": {"gamma": 408.8365549746772, "log10_alpha": -1.338494912255289, "log10_colsample_bytree": -0.2387202898317562, "log10_eta": -3.592843537434923, "log10_lambda": -4.941979027739681, "log10_min_child_weight": 3.7106248836865263, "log10_subsample": -0.04814386539777504, "max_depth": 9.0, "num_boost_round": 29.0}, "datetime": {"datetime": "2024-01-19 01:09:54", "elapsed": 3484.713966, "delta": 0.004195}}
{"target": -17.677115863813466, "params": {"gamma": 408.8365549746772, "log10_alpha": -1.338494912255289, "log10_colsample_bytree": -0.2387202898317562, "log10_eta": -3.592843537434923, "log10_lambda": -4.941979027739681, "log10_min_child_weight": 3.7106248836865263, "log10_subsample": -0.04814386539777504, "max_depth": 9.0, "num_boost_round": 30.0}, "datetime": {"datetime": "2024-01-19 01:09:54", "elapsed": 3484.717998, "delta": 0.004032}}
{"target": -17.677105502705746, "params": {"gamma": 408.8365549746772, "log10_alpha": -1.338494912255289, "log10_colsample_bytree": -0.2387202898317562, "log10_eta": -3.592843537434923, "log10_lambda": -4.941979027739681, "log10_min_child_weight": 3.7106248836865263, "log10_subsample": -0.04814386539777504, "max_depth": 9.0, "num_boost_round": 31.0}, "datetime": {"datetime": "2024-01-19 01:09:54", "elapsed": 3484.72213, "delta": 0.004132}}
