{"target": -13.75793729965158, "params": {"gamma": 594.7764381237313, "log10_alpha": -3.299312253194483, "log10_colsample_bytree": -0.8608016431741905, "log10_eta": -1.5541351471096236, "log10_lambda": -3.542104980176914, "log10_min_child_weight": 1.415173060393427, "log10_subsample": -0.759879372502335, "max_depth": 2.0, "num_boost_round": 0.0}, "datetime": {"datetime": "2024-01-19 01:12:14", "elapsed": 3666.712847, "delta": 36.958521}}
{"target": -13.757499147710158, "params": {"gamma": 594.7764381237313, "log10_alpha": -3.299312253194483, "log10_colsample_bytree": -0.8608016431741905, "log10_eta": -1.5541351471096236, "log10_lambda": -3.542104980176914, "log10_min_child_weight": 1.415173060393427, "log10_subsample": -0.759879372502335, "max_depth": 2.0, "num_boost_round": 1.0}, "datetime": {"datetime": "2024-01-19 01:12:14", "elapsed": 3666.717435, "delta": 0.004588}}
{"target": -13.756540840316577, "params": {"gamma": 594.7764381237313, "log10_alpha": -3.299312253194483, "log10_colsample_bytree": -0.8608016431741905, "log10_eta": -1.5541351471096236, "log10_lambda": -3.542104980176914, "log10_min_child_weight": 1.415173060393427, "log10_subsample": -0.759879372502335, "max_depth": 2.0, "num_boost_round": 2.0}, "datetime": {"datetime": "2024-01-19 01:12:14", "elapsed": 3666.721257, "delta": 0.003822}}
{"target": -13.75671805412635, "params": {"gamma": 594.7764381237313, "log10_alpha": -3.299312253194483, "log10_colsample_bytree": -0.8608016431741905, "log10_eta": -1.5541351471096236, "log10_lambda": -3.542104980176914, "log10_min_child_weight": 1.415173060393427, "log10_subsample": -0.759879372502335, "max_depth": 2.0, "num_boost_round": 3.0}, "datetime": {"datetime": "2024-01-19 01:12:14", "elapsed": 3666.725094, "delta": 0.003837}}
{"target": -13.756526085913665, "params": {"gamma": 594.7764381237313, "log10_alpha": -3.299312253194483, "log10_colsample_bytree": -0.8608016431741905, "log10_eta": -1.5541351471096236, "log10_lambda": -3.542104980176914, "log10_min_child_weight": 1.415173060393427, "log10_subsample": -0.759879372502335, "max_depth": 2.0, "num_boost_round": 4.0}, "datetime": {"datetime": "2024-01-19 01:12:14", "elapsed": 3666.728987, "delta": 0.003893}}
{"target": -13.756486060681947, "params": {"gamma": 594.7764381237313, "log10_alpha": -3.299312253194483, "log10_colsample_bytree": -0.8608016431741905, "log10_eta": -1.5541351471096236, "log10_lambda": -3.542104980176914, "log10_min_child_weight": 1.415173060393427, "log10_subsample": -0.759879372502335, "max_depth": 2.0, "num_boost_round": 5.0}, "datetime": {"datetime": "2024-01-19 01:12:14", "elapsed": 3666.732782, "delta": 0.003795}}
{"target": -13.75650007409783, "params": {"gamma": 594.7764381237313, "log10_alpha": -3.299312253194483, "log10_colsample_bytree": -0.8608016431741905, "log10_eta": -1.5541351471096236, "log10_lambda": -3.542104980176914, "log10_min_child_weight": 1.415173060393427, "log10_subsample": -0.759879372502335, "max_depth": 2.0, "num_boost_round": 6.0}, "datetime": {"datetime": "2024-01-19 01:12:14", "elapsed": 3666.736548, "delta": 0.003766}}
{"target": -13.75627151938592, "params": {"gamma": 594.7764381237313, "log10_alpha": -3.299312253194483, "log10_colsample_bytree": -0.8608016431741905, "log10_eta": -1.5541351471096236, "log10_lambda": -3.542104980176914, "log10_min_child_weight": 1.415173060393427, "log10_subsample": -0.759879372502335, "max_depth": 2.0, "num_boost_round": 7.0}, "datetime": {"datetime": "2024-01-19 01:12:14", "elapsed": 3666.740454, "delta": 0.003906}}
{"target": -13.756385649176508, "params": {"gamma": 594.7764381237313, "log10_alpha": -3.299312253194483, "log10_colsample_bytree": -0.8608016431741905, "log10_eta": -1.5541351471096236, "log10_lambda": -3.542104980176914, "log10_min_child_weight": 1.415173060393427, "log10_subsample": -0.759879372502335, "max_depth": 2.0, "num_boost_round": 8.0}, "datetime": {"datetime": "2024-01-19 01:12:14", "elapsed": 3666.744396, "delta": 0.003942}}
{"target": -13.756284178449965, "params": {"gamma": 594.7764381237313, "log10_alpha": -3.299312253194483, "log10_colsample_bytree": -0.8608016431741905, "log10_eta": -1.5541351471096236, "log10_lambda": -3.542104980176914, "log10_min_child_weight": 1.415173060393427, "log10_subsample": -0.759879372502335, "max_depth": 2.0, "num_boost_round": 9.0}, "datetime": {"datetime": "2024-01-19 01:12:14", "elapsed": 3666.748341, "delta": 0.003945}}
{"target": -13.755944388440277, "params": {"gamma": 594.7764381237313, "log10_alpha": -3.299312253194483, "log10_colsample_bytree": -0.8608016431741905, "log10_eta": -1.5541351471096236, "log10_lambda": -3.542104980176914, "log10_min_child_weight": 1.415173060393427, "log10_subsample": -0.759879372502335, "max_depth": 2.0, "num_boost_round": 10.0}, "datetime": {"datetime": "2024-01-19 01:12:14", "elapsed": 3666.75221, "delta": 0.003869}}
{"target": -13.755703108859775, "params": {"gamma": 594.7764381237313, "log10_alpha": -3.299312253194483, "log10_colsample_bytree": -0.8608016431741905, "log10_eta": -1.5541351471096236, "log10_lambda": -3.542104980176914, "log10_min_child_weight": 1.415173060393427, "log10_subsample": -0.759879372502335, "max_depth": 2.0, "num_boost_round": 11.0}, "datetime": {"datetime": "2024-01-19 01:12:14", "elapsed": 3666.75616, "delta": 0.00395}}
{"target": -13.755458095353276, "params": {"gamma": 594.7764381237313, "log10_alpha": -3.299312253194483, "log10_colsample_bytree": -0.8608016431741905, "log10_eta": -1.5541351471096236, "log10_lambda": -3.542104980176914, "log10_min_child_weight": 1.415173060393427, "log10_subsample": -0.759879372502335, "max_depth": 2.0, "num_boost_round": 12.0}, "datetime": {"datetime": "2024-01-19 01:12:14", "elapsed": 3666.760032, "delta": 0.003872}}
{"target": -13.75537533872088, "params": {"gamma": 594.7764381237313, "log10_alpha": -3.299312253194483, "log10_colsample_bytree": -0.8608016431741905, "log10_eta": -1.5541351471096236, "log10_lambda": -3.542104980176914, "log10_min_child_weight": 1.415173060393427, "log10_subsample": -0.759879372502335, "max_depth": 2.0, "num_boost_round": 13.0}, "datetime": {"datetime": "2024-01-19 01:12:14", "elapsed": 3666.763914, "delta": 0.003882}}
{"target": -13.755257300812344, "params": {"gamma": 594.7764381237313, "log10_alpha": -3.299312253194483, "log10_colsample_bytree": -0.8608016431741905, "log10_eta": -1.5541351471096236, "log10_lambda": -3.542104980176914, "log10_min_child_weight": 1.415173060393427, "log10_subsample": -0.759879372502335, "max_depth": 2.0, "num_boost_round": 14.0}, "datetime": {"datetime": "2024-01-19 01:12:14", "elapsed": 3666.767741, "delta": 0.003827}}
{"target": -13.75476770831498, "params": {"gamma": 594.7764381237313, "log10_alpha": -3.299312253194483, "log10_colsample_bytree": -0.8608016431741905, "log10_eta": -1.5541351471096236, "log10_lambda": -3.542104980176914, "log10_min_child_weight": 1.415173060393427, "log10_subsample": -0.759879372502335, "max_depth": 2.0, "num_boost_round": 15.0}, "datetime": {"datetime": "2024-01-19 01:12:14", "elapsed": 3666.771504, "delta": 0.003763}}
{"target": -13.75465485718656, "params": {"gamma": 594.7764381237313, "log10_alpha": -3.299312253194483, "log10_colsample_bytree": -0.8608016431741905, "log10_eta": -1.5541351471096236, "log10_lambda": -3.542104980176914, "log10_min_child_weight": 1.415173060393427, "log10_subsample": -0.759879372502335, "max_depth": 2.0, "num_boost_round": 16.0}, "datetime": {"datetime": "2024-01-19 01:12:14", "elapsed": 3666.775343, "delta": 0.003839}}
{"target": -13.754387615205395, "params": {"gamma": 594.7764381237313, "log10_alpha": -3.299312253194483, "log10_colsample_bytree": -0.8608016431741905, "log10_eta": -1.5541351471096236, "log10_lambda": -3.542104980176914, "log10_min_child_weight": 1.415173060393427, "log10_subsample": -0.759879372502335, "max_depth": 2.0, "num_boost_round": 17.0}, "datetime": {"datetime": "2024-01-19 01:12:14", "elapsed": 3666.779087, "delta": 0.003744}}
{"target": -13.754501736304984, "params": {"gamma": 594.7764381237313, "log10_alpha": -3.299312253194483, "log10_colsample_bytree": -0.8608016431741905, "log10_eta": -1.5541351471096236, "log10_lambda": -3.542104980176914, "log10_min_child_weight": 1.415173060393427, "log10_subsample": -0.759879372502335, "max_depth": 2.0, "num_boost_round": 18.0}, "datetime": {"datetime": "2024-01-19 01:12:14", "elapsed": 3666.782914, "delta": 0.003827}}
{"target": -13.754398008361933, "params": {"gamma": 594.7764381237313, "log10_alpha": -3.299312253194483, "log10_colsample_bytree": -0.8608016431741905, "log10_eta": -1.5541351471096236, "log10_lambda": -3.542104980176914, "log10_min_child_weight": 1.415173060393427, "log10_subsample": -0.759879372502335, "max_depth": 2.0, "num_boost_round": 19.0}, "datetime": {"datetime": "2024-01-19 01:12:14", "elapsed": 3666.786794, "delta": 0.00388}}
{"target": -13.754514912392338, "params": {"gamma": 594.7764381237313, "log10_alpha": -3.299312253194483, "log10_colsample_bytree": -0.8608016431741905, "log10_eta": -1.5541351471096236, "log10_lambda": -3.542104980176914, "log10_min_child_weight": 1.415173060393427, "log10_subsample": -0.759879372502335, "max_depth": 2.0, "num_boost_round": 20.0}, "datetime": {"datetime": "2024-01-19 01:12:14", "elapsed": 3666.790626, "delta": 0.003832}}
{"target": -13.759227117608418, "params": {"gamma": 583.9986648698188, "log10_alpha": -4.643095026183742, "log10_colsample_bytree": -0.03741030462554251, "log10_eta": -1.0459949697577429, "log10_lambda": -3.733212452226332, "log10_min_child_weight": 3.2950161595288447, "log10_subsample": -0.8959941906719009, "max_depth": 6.0, "num_boost_round": 0.0}, "datetime": {"datetime": "2024-01-19 01:13:02", "elapsed": 3714.799184, "delta": 48.008558}}
{"target": -13.759097405065686, "params": {"gamma": 583.9986648698188, "log10_alpha": -4.643095026183742, "log10_colsample_bytree": -0.03741030462554251, "log10_eta": -1.0459949697577429, "log10_lambda": -3.733212452226332, "log10_min_child_weight": 3.2950161595288447, "log10_subsample": -0.8959941906719009, "max_depth": 6.0, "num_boost_round": 1.0}, "datetime": {"datetime": "2024-01-19 01:13:02", "elapsed": 3714.803679, "delta": 0.004495}}
{"target": -13.76000833107074, "params": {"gamma": 583.9986648698188, "log10_alpha": -4.643095026183742, "log10_colsample_bytree": -0.03741030462554251, "log10_eta": -1.0459949697577429, "log10_lambda": -3.733212452226332, "log10_min_child_weight": 3.2950161595288447, "log10_subsample": -0.8959941906719009, "max_depth": 6.0, "num_boost_round": 2.0}, "datetime": {"datetime": "2024-01-19 01:13:03", "elapsed": 3714.807951, "delta": 0.004272}}
{"target": -13.760252529013325, "params": {"gamma": 583.9986648698188, "log10_alpha": -4.643095026183742, "log10_colsample_bytree": -0.03741030462554251, "log10_eta": -1.0459949697577429, "log10_lambda": -3.733212452226332, "log10_min_child_weight": 3.2950161595288447, "log10_subsample": -0.8959941906719009, "max_depth": 6.0, "num_boost_round": 3.0}, "datetime": {"datetime": "2024-01-19 01:13:03", "elapsed": 3714.811786, "delta": 0.003835}}
{"target": -13.761181087966955, "params": {"gamma": 583.9986648698188, "log10_alpha": -4.643095026183742, "log10_colsample_bytree": -0.03741030462554251, "log10_eta": -1.0459949697577429, "log10_lambda": -3.733212452226332, "log10_min_child_weight": 3.2950161595288447, "log10_subsample": -0.8959941906719009, "max_depth": 6.0, "num_boost_round": 4.0}, "datetime": {"datetime": "2024-01-19 01:13:03", "elapsed": 3714.8156, "delta": 0.003814}}
{"target": -13.76233254432605, "params": {"gamma": 583.9986648698188, "log10_alpha": -4.643095026183742, "log10_colsample_bytree": -0.03741030462554251, "log10_eta": -1.0459949697577429, "log10_lambda": -3.733212452226332, "log10_min_child_weight": 3.2950161595288447, "log10_subsample": -0.8959941906719009, "max_depth": 6.0, "num_boost_round": 5.0}, "datetime": {"datetime": "2024-01-19 01:13:03", "elapsed": 3714.819426, "delta": 0.003826}}
{"target": -13.764248504621142, "params": {"gamma": 583.9986648698188, "log10_alpha": -4.643095026183742, "log10_colsample_bytree": -0.03741030462554251, "log10_eta": -1.0459949697577429, "log10_lambda": -3.733212452226332, "log10_min_child_weight": 3.2950161595288447, "log10_subsample": -0.8959941906719009, "max_depth": 6.0, "num_boost_round": 6.0}, "datetime": {"datetime": "2024-01-19 01:13:03", "elapsed": 3714.823373, "delta": 0.003947}}
{"target": -13.764649802616203, "params": {"gamma": 583.9986648698188, "log10_alpha": -4.643095026183742, "log10_colsample_bytree": -0.03741030462554251, "log10_eta": -1.0459949697577429, "log10_lambda": -3.733212452226332, "log10_min_child_weight": 3.2950161595288447, "log10_subsample": -0.8959941906719009, "max_depth": 6.0, "num_boost_round": 7.0}, "datetime": {"datetime": "2024-01-19 01:13:03", "elapsed": 3714.827323, "delta": 0.00395}}
{"target": -13.76486762580321, "params": {"gamma": 583.9986648698188, "log10_alpha": -4.643095026183742, "log10_colsample_bytree": -0.03741030462554251, "log10_eta": -1.0459949697577429, "log10_lambda": -3.733212452226332, "log10_min_child_weight": 3.2950161595288447, "log10_subsample": -0.8959941906719009, "max_depth": 6.0, "num_boost_round": 8.0}, "datetime": {"datetime": "2024-01-19 01:13:03", "elapsed": 3714.831104, "delta": 0.003781}}
{"target": -13.767370473170574, "params": {"gamma": 583.9986648698188, "log10_alpha": -4.643095026183742, "log10_colsample_bytree": -0.03741030462554251, "log10_eta": -1.0459949697577429, "log10_lambda": -3.733212452226332, "log10_min_child_weight": 3.2950161595288447, "log10_subsample": -0.8959941906719009, "max_depth": 6.0, "num_boost_round": 9.0}, "datetime": {"datetime": "2024-01-19 01:13:03", "elapsed": 3714.834876, "delta": 0.003772}}
{"target": -13.768018396530213, "params": {"gamma": 583.9986648698188, "log10_alpha": -4.643095026183742, "log10_colsample_bytree": -0.03741030462554251, "log10_eta": -1.0459949697577429, "log10_lambda": -3.733212452226332, "log10_min_child_weight": 3.2950161595288447, "log10_subsample": -0.8959941906719009, "max_depth": 6.0, "num_boost_round": 10.0}, "datetime": {"datetime": "2024-01-19 01:13:03", "elapsed": 3714.838784, "delta": 0.003908}}
{"target": -13.769174220722526, "params": {"gamma": 583.9986648698188, "log10_alpha": -4.643095026183742, "log10_colsample_bytree": -0.03741030462554251, "log10_eta": -1.0459949697577429, "log10_lambda": -3.733212452226332, "log10_min_child_weight": 3.2950161595288447, "log10_subsample": -0.8959941906719009, "max_depth": 6.0, "num_boost_round": 11.0}, "datetime": {"datetime": "2024-01-19 01:13:03", "elapsed": 3714.843435, "delta": 0.004651}}
{"target": -13.769183866900065, "params": {"gamma": 583.9986648698188, "log10_alpha": -4.643095026183742, "log10_colsample_bytree": -0.03741030462554251, "log10_eta": -1.0459949697577429, "log10_lambda": -3.733212452226332, "log10_min_child_weight": 3.2950161595288447, "log10_subsample": -0.8959941906719009, "max_depth": 6.0, "num_boost_round": 12.0}, "datetime": {"datetime": "2024-01-19 01:13:03", "elapsed": 3714.848334, "delta": 0.004899}}
{"target": -13.771667092144943, "params": {"gamma": 583.9986648698188, "log10_alpha": -4.643095026183742, "log10_colsample_bytree": -0.03741030462554251, "log10_eta": -1.0459949697577429, "log10_lambda": -3.733212452226332, "log10_min_child_weight": 3.2950161595288447, "log10_subsample": -0.8959941906719009, "max_depth": 6.0, "num_boost_round": 13.0}, "datetime": {"datetime": "2024-01-19 01:13:03", "elapsed": 3714.852312, "delta": 0.003978}}
{"target": -13.775191557732306, "params": {"gamma": 583.9986648698188, "log10_alpha": -4.643095026183742, "log10_colsample_bytree": -0.03741030462554251, "log10_eta": -1.0459949697577429, "log10_lambda": -3.733212452226332, "log10_min_child_weight": 3.2950161595288447, "log10_subsample": -0.8959941906719009, "max_depth": 6.0, "num_boost_round": 14.0}, "datetime": {"datetime": "2024-01-19 01:13:03", "elapsed": 3714.856257, "delta": 0.003945}}
{"target": -13.776245395117037, "params": {"gamma": 583.9986648698188, "log10_alpha": -4.643095026183742, "log10_colsample_bytree": -0.03741030462554251, "log10_eta": -1.0459949697577429, "log10_lambda": -3.733212452226332, "log10_min_child_weight": 3.2950161595288447, "log10_subsample": -0.8959941906719009, "max_depth": 6.0, "num_boost_round": 15.0}, "datetime": {"datetime": "2024-01-19 01:13:03", "elapsed": 3714.860287, "delta": 0.00403}}
{"target": -13.776762357620965, "params": {"gamma": 583.9986648698188, "log10_alpha": -4.643095026183742, "log10_colsample_bytree": -0.03741030462554251, "log10_eta": -1.0459949697577429, "log10_lambda": -3.733212452226332, "log10_min_child_weight": 3.2950161595288447, "log10_subsample": -0.8959941906719009, "max_depth": 6.0, "num_boost_round": 16.0}, "datetime": {"datetime": "2024-01-19 01:13:03", "elapsed": 3714.864249, "delta": 0.003962}}
{"target": -13.77898441383811, "params": {"gamma": 583.9986648698188, "log10_alpha": -4.643095026183742, "log10_colsample_bytree": -0.03741030462554251, "log10_eta": -1.0459949697577429, "log10_lambda": -3.733212452226332, "log10_min_child_weight": 3.2950161595288447, "log10_subsample": -0.8959941906719009, "max_depth": 6.0, "num_boost_round": 17.0}, "datetime": {"datetime": "2024-01-19 01:13:03", "elapsed": 3714.868279, "delta": 0.00403}}
{"target": -13.779070730952448, "params": {"gamma": 583.9986648698188, "log10_alpha": -4.643095026183742, "log10_colsample_bytree": -0.03741030462554251, "log10_eta": -1.0459949697577429, "log10_lambda": -3.733212452226332, "log10_min_child_weight": 3.2950161595288447, "log10_subsample": -0.8959941906719009, "max_depth": 6.0, "num_boost_round": 18.0}, "datetime": {"datetime": "2024-01-19 01:13:03", "elapsed": 3714.872077, "delta": 0.003798}}
{"target": -13.78084151390094, "params": {"gamma": 583.9986648698188, "log10_alpha": -4.643095026183742, "log10_colsample_bytree": -0.03741030462554251, "log10_eta": -1.0459949697577429, "log10_lambda": -3.733212452226332, "log10_min_child_weight": 3.2950161595288447, "log10_subsample": -0.8959941906719009, "max_depth": 6.0, "num_boost_round": 19.0}, "datetime": {"datetime": "2024-01-19 01:13:03", "elapsed": 3714.875883, "delta": 0.003806}}
{"target": -13.782834560213894, "params": {"gamma": 583.9986648698188, "log10_alpha": -4.643095026183742, "log10_colsample_bytree": -0.03741030462554251, "log10_eta": -1.0459949697577429, "log10_lambda": -3.733212452226332, "log10_min_child_weight": 3.2950161595288447, "log10_subsample": -0.8959941906719009, "max_depth": 6.0, "num_boost_round": 20.0}, "datetime": {"datetime": "2024-01-19 01:13:03", "elapsed": 3714.879665, "delta": 0.003782}}
{"target": -13.783333939324923, "params": {"gamma": 583.9986648698188, "log10_alpha": -4.643095026183742, "log10_colsample_bytree": -0.03741030462554251, "log10_eta": -1.0459949697577429, "log10_lambda": -3.733212452226332, "log10_min_child_weight": 3.2950161595288447, "log10_subsample": -0.8959941906719009, "max_depth": 6.0, "num_boost_round": 21.0}, "datetime": {"datetime": "2024-01-19 01:13:03", "elapsed": 3714.883455, "delta": 0.00379}}
{"target": -13.783649340878538, "params": {"gamma": 583.9986648698188, "log10_alpha": -4.643095026183742, "log10_colsample_bytree": -0.03741030462554251, "log10_eta": -1.0459949697577429, "log10_lambda": -3.733212452226332, "log10_min_child_weight": 3.2950161595288447, "log10_subsample": -0.8959941906719009, "max_depth": 6.0, "num_boost_round": 22.0}, "datetime": {"datetime": "2024-01-19 01:13:03", "elapsed": 3714.887317, "delta": 0.003862}}
{"target": -13.785582298843163, "params": {"gamma": 583.9986648698188, "log10_alpha": -4.643095026183742, "log10_colsample_bytree": -0.03741030462554251, "log10_eta": -1.0459949697577429, "log10_lambda": -3.733212452226332, "log10_min_child_weight": 3.2950161595288447, "log10_subsample": -0.8959941906719009, "max_depth": 6.0, "num_boost_round": 23.0}, "datetime": {"datetime": "2024-01-19 01:13:03", "elapsed": 3714.89116, "delta": 0.003843}}
{"target": -13.785898078345568, "params": {"gamma": 583.9986648698188, "log10_alpha": -4.643095026183742, "log10_colsample_bytree": -0.03741030462554251, "log10_eta": -1.0459949697577429, "log10_lambda": -3.733212452226332, "log10_min_child_weight": 3.2950161595288447, "log10_subsample": -0.8959941906719009, "max_depth": 6.0, "num_boost_round": 24.0}, "datetime": {"datetime": "2024-01-19 01:13:03", "elapsed": 3714.895048, "delta": 0.003888}}
{"target": -13.788596313442826, "params": {"gamma": 583.9986648698188, "log10_alpha": -4.643095026183742, "log10_colsample_bytree": -0.03741030462554251, "log10_eta": -1.0459949697577429, "log10_lambda": -3.733212452226332, "log10_min_child_weight": 3.2950161595288447, "log10_subsample": -0.8959941906719009, "max_depth": 6.0, "num_boost_round": 25.0}, "datetime": {"datetime": "2024-01-19 01:13:03", "elapsed": 3714.898906, "delta": 0.003858}}
{"target": -13.78865331559234, "params": {"gamma": 583.9986648698188, "log10_alpha": -4.643095026183742, "log10_colsample_bytree": -0.03741030462554251, "log10_eta": -1.0459949697577429, "log10_lambda": -3.733212452226332, "log10_min_child_weight": 3.2950161595288447, "log10_subsample": -0.8959941906719009, "max_depth": 6.0, "num_boost_round": 26.0}, "datetime": {"datetime": "2024-01-19 01:13:03", "elapsed": 3714.902769, "delta": 0.003863}}
{"target": -13.790884652485081, "params": {"gamma": 583.9986648698188, "log10_alpha": -4.643095026183742, "log10_colsample_bytree": -0.03741030462554251, "log10_eta": -1.0459949697577429, "log10_lambda": -3.733212452226332, "log10_min_child_weight": 3.2950161595288447, "log10_subsample": -0.8959941906719009, "max_depth": 6.0, "num_boost_round": 27.0}, "datetime": {"datetime": "2024-01-19 01:13:03", "elapsed": 3714.906616, "delta": 0.003847}}
