{"target": -13.758524689069851, "params": {"gamma": 552.8575196237153, "log10_alpha": -1.9429281438350001, "log10_colsample_bytree": -0.912567174066, "log10_eta": -3.258781419466333, "log10_lambda": -1.900518981065657, "log10_min_child_weight": 4.208551801007788, "log10_subsample": -0.7220050862771177, "max_depth": 5.0, "num_boost_round": 13.0}, "datetime": {"datetime": "2024-01-19 01:08:06", "elapsed": 3339.082523, "delta": 0.003718}}
{"target": -13.758524475572392, "params": {"gamma": 552.8575196237153, "log10_alpha": -1.9429281438350001, "log10_colsample_bytree": -0.912567174066, "log10_eta": -3.258781419466333, "log10_lambda": -1.900518981065657, "log10_min_child_weight": 4.208551801007788, "log10_subsample": -0.7220050862771177, "max_depth": 5.0, "num_boost_round": 14.0}, "datetime": {"datetime": "2024-01-19 01:08:06", "elapsed": 3339.086247, "delta": 0.003724}}
{"target": -13.758518301530527, "params": {"gamma": 552.8575196237153, "log10_alpha": -1.9429281438350001, "log10_colsample_bytree": -0.912567174066, "log10_eta": -3.258781419466333, "log10_lambda": -1.900518981065657, "log10_min_child_weight": 4.208551801007788, "log10_subsample": -0.7220050862771177, "max_depth": 5.0, "num_boost_round": 15.0}, "datetime": {"datetime": "2024-01-19 01:08:06", "elapsed": 3339.089894, "delta": 0.003647}}
{"target": -13.758516071402806, "params": {"gamma": 552.8575196237153, "log10_alpha": -1.9429281438350001, "log10_colsample_bytree": -0.912567174066, "log10_eta": -3.258781419466333, "log10_lambda": -1.900518981065657, "log10_min_child_weight": 4.208551801007788, "log10_subsample": -0.7220050862771177, "max_depth": 5.0, "num_boost_round": 16.0}, "datetime": {"datetime": "2024-01-19 01:08:06", "elapsed": 3339.093737, "delta": 0.003843}}
{"target": -13.758516046558363, "params": {"gamma": 552.8575196237153, "log10_alpha": -1.9429281438350001, "log10_colsample_bytree": -0.912567174066, "log10_eta": -3.258781419466333, "log10_lambda": -1.900518981065657, "log10_min_child_weight": 4.208551801007788, "log10_subsample": -0.7220050862771177, "max_depth": 5.0, "num_boost_round": 17.0}, "datetime": {"datetime": "2024-01-19 01:08:06", "elapsed": 3339.097532, "delta": 0.003795}}
{"target": -13.758511214486404, "params": {"gamma": 552.8575196237153, "log10_alpha": -1.9429281438350001, "log10_colsample_bytree": -0.912567174066, "log10_eta": -3.258781419466333, "log10_lambda": -1.900518981065657, "log10_min_child_weight": 4.208551801007788, "log10_subsample": -0.7220050862771177, "max_depth": 5.0, "num_boost_round": 18.0}, "datetime": {"datetime": "2024-01-19 01:08:06", "elapsed": 3339.101173, "delta": 0.003641}}
{"target": -13.758511443456554, "params": {"gamma": 552.8575196237153, "log10_alpha": -1.9429281438350001, "log10_colsample_bytree": -0.912567174066, "log10_eta": -3.258781419466333, "log10_lambda": -1.900518981065657, "log10_min_child_weight": 4.208551801007788, "log10_subsample": -0.7220050862771177, "max_depth": 5.0, "num_boost_round": 19.0}, "datetime": {"datetime": "2024-01-19 01:08:06", "elapsed": 3339.104858, "delta": 0.003685}}
{"target": -13.758510390265949, "params": {"gamma": 552.8575196237153, "log10_alpha": -1.9429281438350001, "log10_colsample_bytree": -0.912567174066, "log10_eta": -3.258781419466333, "log10_lambda": -1.900518981065657, "log10_min_child_weight": 4.208551801007788, "log10_subsample": -0.7220050862771177, "max_depth": 5.0, "num_boost_round": 20.0}, "datetime": {"datetime": "2024-01-19 01:08:06", "elapsed": 3339.10844, "delta": 0.003582}}
{"target": -13.758508672952264, "params": {"gamma": 552.8575196237153, "log10_alpha": -1.9429281438350001, "log10_colsample_bytree": -0.912567174066, "log10_eta": -3.258781419466333, "log10_lambda": -1.900518981065657, "log10_min_child_weight": 4.208551801007788, "log10_subsample": -0.7220050862771177, "max_depth": 5.0, "num_boost_round": 21.0}, "datetime": {"datetime": "2024-01-19 01:08:06", "elapsed": 3339.112147, "delta": 0.003707}}
{"target": -13.75850971330352, "params": {"gamma": 552.8575196237153, "log10_alpha": -1.9429281438350001, "log10_colsample_bytree": -0.912567174066, "log10_eta": -3.258781419466333, "log10_lambda": -1.900518981065657, "log10_min_child_weight": 4.208551801007788, "log10_subsample": -0.7220050862771177, "max_depth": 5.0, "num_boost_round": 22.0}, "datetime": {"datetime": "2024-01-19 01:08:06", "elapsed": 3339.115928, "delta": 0.003781}}
{"target": -13.758504894931136, "params": {"gamma": 552.8575196237153, "log10_alpha": -1.9429281438350001, "log10_colsample_bytree": -0.912567174066, "log10_eta": -3.258781419466333, "log10_lambda": -1.900518981065657, "log10_min_child_weight": 4.208551801007788, "log10_subsample": -0.7220050862771177, "max_depth": 5.0, "num_boost_round": 23.0}, "datetime": {"datetime": "2024-01-19 01:08:06", "elapsed": 3339.231347, "delta": 0.115419}}
{"target": -13.758508179821222, "params": {"gamma": 552.8575196237153, "log10_alpha": -1.9429281438350001, "log10_colsample_bytree": -0.912567174066, "log10_eta": -3.258781419466333, "log10_lambda": -1.900518981065657, "log10_min_child_weight": 4.208551801007788, "log10_subsample": -0.7220050862771177, "max_depth": 5.0, "num_boost_round": 24.0}, "datetime": {"datetime": "2024-01-19 01:08:06", "elapsed": 3339.235722, "delta": 0.004375}}
{"target": -13.758508095828509, "params": {"gamma": 552.8575196237153, "log10_alpha": -1.9429281438350001, "log10_colsample_bytree": -0.912567174066, "log10_eta": -3.258781419466333, "log10_lambda": -1.900518981065657, "log10_min_child_weight": 4.208551801007788, "log10_subsample": -0.7220050862771177, "max_depth": 5.0, "num_boost_round": 25.0}, "datetime": {"datetime": "2024-01-19 01:08:06", "elapsed": 3339.239506, "delta": 0.003784}}
{"target": -13.758485797481177, "params": {"gamma": 637.2441164959578, "log10_alpha": -2.234489925095759, "log10_colsample_bytree": -0.43208397870612725, "log10_eta": -2.431048509513357, "log10_lambda": -0.031509270957283064, "log10_min_child_weight": 1.3083620692644589, "log10_subsample": -0.7154996408482177, "max_depth": 3.0, "num_boost_round": 0.0}, "datetime": {"datetime": "2024-01-19 01:08:48", "elapsed": 3380.897605, "delta": 41.658099}}
{"target": -13.758433273171603, "params": {"gamma": 637.2441164959578, "log10_alpha": -2.234489925095759, "log10_colsample_bytree": -0.43208397870612725, "log10_eta": -2.431048509513357, "log10_lambda": -0.031509270957283064, "log10_min_child_weight": 1.3083620692644589, "log10_subsample": -0.7154996408482177, "max_depth": 3.0, "num_boost_round": 1.0}, "datetime": {"datetime": "2024-01-19 01:08:48", "elapsed": 3380.902748, "delta": 0.005143}}
{"target": -13.758391893907739, "params": {"gamma": 637.2441164959578, "log10_alpha": -2.234489925095759, "log10_colsample_bytree": -0.43208397870612725, "log10_eta": -2.431048509513357, "log10_lambda": -0.031509270957283064, "log10_min_child_weight": 1.3083620692644589, "log10_subsample": -0.7154996408482177, "max_depth": 3.0, "num_boost_round": 2.0}, "datetime": {"datetime": "2024-01-19 01:08:48", "elapsed": 3380.906732, "delta": 0.003984}}
{"target": -13.758377109749224, "params": {"gamma": 637.2441164959578, "log10_alpha": -2.234489925095759, "log10_colsample_bytree": -0.43208397870612725, "log10_eta": -2.431048509513357, "log10_lambda": -0.031509270957283064, "log10_min_child_weight": 1.3083620692644589, "log10_subsample": -0.7154996408482177, "max_depth": 3.0, "num_boost_round": 3.0}, "datetime": {"datetime": "2024-01-19 01:08:48", "elapsed": 3380.910539, "delta": 0.003807}}
{"target": -13.758274504348389, "params": {"gamma": 637.2441164959578, "log10_alpha": -2.234489925095759, "log10_colsample_bytree": -0.43208397870612725, "log10_eta": -2.431048509513357, "log10_lambda": -0.031509270957283064, "log10_min_child_weight": 1.3083620692644589, "log10_subsample": -0.7154996408482177, "max_depth": 3.0, "num_boost_round": 4.0}, "datetime": {"datetime": "2024-01-19 01:08:48", "elapsed": 3380.914472, "delta": 0.003933}}
{"target": -13.758236810534614, "params": {"gamma": 637.2441164959578, "log10_alpha": -2.234489925095759, "log10_colsample_bytree": -0.43208397870612725, "log10_eta": -2.431048509513357, "log10_lambda": -0.031509270957283064, "log10_min_child_weight": 1.3083620692644589, "log10_subsample": -0.7154996408482177, "max_depth": 3.0, "num_boost_round": 5.0}, "datetime": {"datetime": "2024-01-19 01:08:48", "elapsed": 3380.91821, "delta": 0.003738}}
{"target": -13.758282216902884, "params": {"gamma": 637.2441164959578, "log10_alpha": -2.234489925095759, "log10_colsample_bytree": -0.43208397870612725, "log10_eta": -2.431048509513357, "log10_lambda": -0.031509270957283064, "log10_min_child_weight": 1.3083620692644589, "log10_subsample": -0.7154996408482177, "max_depth": 3.0, "num_boost_round": 6.0}, "datetime": {"datetime": "2024-01-19 01:08:48", "elapsed": 3380.921908, "delta": 0.003698}}
{"target": -13.758234657046254, "params": {"gamma": 637.2441164959578, "log10_alpha": -2.234489925095759, "log10_colsample_bytree": -0.43208397870612725, "log10_eta": -2.431048509513357, "log10_lambda": -0.031509270957283064, "log10_min_child_weight": 1.3083620692644589, "log10_subsample": -0.7154996408482177, "max_depth": 3.0, "num_boost_round": 7.0}, "datetime": {"datetime": "2024-01-19 01:08:48", "elapsed": 3380.925977, "delta": 0.004069}}
{"target": -13.758155348606357, "params": {"gamma": 637.2441164959578, "log10_alpha": -2.234489925095759, "log10_colsample_bytree": -0.43208397870612725, "log10_eta": -2.431048509513357, "log10_lambda": -0.031509270957283064, "log10_min_child_weight": 1.3083620692644589, "log10_subsample": -0.7154996408482177, "max_depth": 3.0, "num_boost_round": 8.0}, "datetime": {"datetime": "2024-01-19 01:08:48", "elapsed": 3380.929744, "delta": 0.003767}}
{"target": -13.758085631858526, "params": {"gamma": 637.2441164959578, "log10_alpha": -2.234489925095759, "log10_colsample_bytree": -0.43208397870612725, "log10_eta": -2.431048509513357, "log10_lambda": -0.031509270957283064, "log10_min_child_weight": 1.3083620692644589, "log10_subsample": -0.7154996408482177, "max_depth": 3.0, "num_boost_round": 9.0}, "datetime": {"datetime": "2024-01-19 01:08:48", "elapsed": 3380.933611, "delta": 0.003867}}
{"target": -13.757995507603969, "params": {"gamma": 637.2441164959578, "log10_alpha": -2.234489925095759, "log10_colsample_bytree": -0.43208397870612725, "log10_eta": -2.431048509513357, "log10_lambda": -0.031509270957283064, "log10_min_child_weight": 1.3083620692644589, "log10_subsample": -0.7154996408482177, "max_depth": 3.0, "num_boost_round": 10.0}, "datetime": {"datetime": "2024-01-19 01:08:48", "elapsed": 3380.937315, "delta": 0.003704}}
{"target": -13.75646215479433, "params": {"gamma": 633.0205619117693, "log10_alpha": -1.39342791979196, "log10_colsample_bytree": -0.5176659709214425, "log10_eta": -1.231655077199295, "log10_lambda": -4.870884665127379, "log10_min_child_weight": 2.5812790989547323, "log10_subsample": -0.09562662656327992, "max_depth": 8.0, "num_boost_round": 0.0}, "datetime": {"datetime": "2024-01-19 01:09:33", "elapsed": 3426.058296, "delta": 45.120981}}
{"target": -13.756371276491121, "params": {"gamma": 633.0205619117693, "log10_alpha": -1.39342791979196, "log10_colsample_bytree": -0.5176659709214425, "log10_eta": -1.231655077199295, "log10_lambda": -4.870884665127379, "log10_min_child_weight": 2.5812790989547323, "log10_subsample": -0.09562662656327992, "max_depth": 8.0, "num_boost_round": 1.0}, "datetime": {"datetime": "2024-01-19 01:09:33", "elapsed": 3426.063101, "delta": 0.004805}}
{"target": -13.756649013352334, "params": {"gamma": 633.0205619117693, "log10_alpha": -1.39342791979196, "log10_colsample_bytree": -0.5176659709214425, "log10_eta": -1.231655077199295, "log10_lambda": -4.870884665127379, "log10_min_child_weight": 2.5812790989547323, "log10_subsample": -0.09562662656327992, "max_depth": 8.0, "num_boost_round": 2.0}, "datetime": {"datetime": "2024-01-19 01:09:33", "elapsed": 3426.067027, "delta": 0.003926}}
{"target": -13.75779008334971, "params": {"gamma": 633.0205619117693, "log10_alpha": -1.39342791979196, "log10_colsample_bytree": -0.5176659709214425, "log10_eta": -1.231655077199295, "log10_lambda": -4.870884665127379, "log10_min_child_weight": 2.5812790989547323, "log10_subsample": -0.09562662656327992, "max_depth": 8.0, "num_boost_round": 3.0}, "datetime": {"datetime": "2024-01-19 01:09:33", "elapsed": 3426.070763, "delta": 0.003736}}
{"target": -13.755375356147187, "params": {"gamma": 633.0205619117693, "log10_alpha": -1.39342791979196, "log10_colsample_bytree": -0.5176659709214425, "log10_eta": -1.231655077199295, "log10_lambda": -4.870884665127379, "log10_min_child_weight": 2.5812790989547323, "log10_subsample": -0.09562662656327992, "max_depth": 8.0, "num_boost_round": 4.0}, "datetime": {"datetime": "2024-01-19 01:09:33", "elapsed": 3426.074718, "delta": 0.003955}}
{"target": -13.75508597475579, "params": {"gamma": 633.0205619117693, "log10_alpha": -1.39342791979196, "log10_colsample_bytree": -0.5176659709214425, "log10_eta": -1.231655077199295, "log10_lambda": -4.870884665127379, "log10_min_child_weight": 2.5812790989547323, "log10_subsample": -0.09562662656327992, "max_depth": 8.0, "num_boost_round": 5.0}, "datetime": {"datetime": "2024-01-19 01:09:33", "elapsed": 3426.078873, "delta": 0.004155}}
{"target": -13.75689002521158, "params": {"gamma": 633.0205619117693, "log10_alpha": -1.39342791979196, "log10_colsample_bytree": -0.5176659709214425, "log10_eta": -1.231655077199295, "log10_lambda": -4.870884665127379, "log10_min_child_weight": 2.5812790989547323, "log10_subsample": -0.09562662656327992, "max_depth": 8.0, "num_boost_round": 6.0}, "datetime": {"datetime": "2024-01-19 01:09:33", "elapsed": 3426.082636, "delta": 0.003763}}
{"target": -13.757108741411766, "params": {"gamma": 633.0205619117693, "log10_alpha": -1.39342791979196, "log10_colsample_bytree": -0.5176659709214425, "log10_eta": -1.231655077199295, "log10_lambda": -4.870884665127379, "log10_min_child_weight": 2.5812790989547323, "log10_subsample": -0.09562662656327992, "max_depth": 8.0, "num_boost_round": 7.0}, "datetime": {"datetime": "2024-01-19 01:09:33", "elapsed": 3426.086323, "delta": 0.003687}}
{"target": -13.758046021471523, "params": {"gamma": 633.0205619117693, "log10_alpha": -1.39342791979196, "log10_colsample_bytree": -0.5176659709214425, "log10_eta": -1.231655077199295, "log10_lambda": -4.870884665127379, "log10_min_child_weight": 2.5812790989547323, "log10_subsample": -0.09562662656327992, "max_depth": 8.0, "num_boost_round": 8.0}, "datetime": {"datetime": "2024-01-19 01:09:33", "elapsed": 3426.089998, "delta": 0.003675}}
{"target": -13.759641008911322, "params": {"gamma": 633.0205619117693, "log10_alpha": -1.39342791979196, "log10_colsample_bytree": -0.5176659709214425, "log10_eta": -1.231655077199295, "log10_lambda": -4.870884665127379, "log10_min_child_weight": 2.5812790989547323, "log10_subsample": -0.09562662656327992, "max_depth": 8.0, "num_boost_round": 9.0}, "datetime": {"datetime": "2024-01-19 01:09:33", "elapsed": 3426.093999, "delta": 0.004001}}
{"target": -13.763358789877383, "params": {"gamma": 633.0205619117693, "log10_alpha": -1.39342791979196, "log10_colsample_bytree": -0.5176659709214425, "log10_eta": -1.231655077199295, "log10_lambda": -4.870884665127379, "log10_min_child_weight": 2.5812790989547323, "log10_subsample": -0.09562662656327992, "max_depth": 8.0, "num_boost_round": 10.0}, "datetime": {"datetime": "2024-01-19 01:09:33", "elapsed": 3426.097848, "delta": 0.003849}}
{"target": -13.767317435851837, "params": {"gamma": 633.0205619117693, "log10_alpha": -1.39342791979196, "log10_colsample_bytree": -0.5176659709214425, "log10_eta": -1.231655077199295, "log10_lambda": -4.870884665127379, "log10_min_child_weight": 2.5812790989547323, "log10_subsample": -0.09562662656327992, "max_depth": 8.0, "num_boost_round": 11.0}, "datetime": {"datetime": "2024-01-19 01:09:33", "elapsed": 3426.101658, "delta": 0.00381}}
{"target": -13.77185209845438, "params": {"gamma": 633.0205619117693, "log10_alpha": -1.39342791979196, "log10_colsample_bytree": -0.5176659709214425, "log10_eta": -1.231655077199295, "log10_lambda": -4.870884665127379, "log10_min_child_weight": 2.5812790989547323, "log10_subsample": -0.09562662656327992, "max_depth": 8.0, "num_boost_round": 12.0}, "datetime": {"datetime": "2024-01-19 01:09:33", "elapsed": 3426.105513, "delta": 0.003855}}
{"target": -13.758537249025935, "params": {"gamma": 565.5372506929547, "log10_alpha": 1.0, "log10_colsample_bytree": 0.0, "log10_eta": -4.0, "log10_lambda": 1.0, "log10_min_child_weight": 0.0, "log10_subsample": 0.0, "max_depth": 2.0, "num_boost_round": 0.0}, "datetime": {"datetime": "2024-01-19 01:10:47", "elapsed": 3499.623058, "delta": 73.517545}}
{"target": -13.758536127361353, "params": {"gamma": 565.5372506929547, "log10_alpha": 1.0, "log10_colsample_bytree": 0.0, "log10_eta": -4.0, "log10_lambda": 1.0, "log10_min_child_weight": 0.0, "log10_subsample": 0.0, "max_depth": 2.0, "num_boost_round": 1.0}, "datetime": {"datetime": "2024-01-19 01:10:47", "elapsed": 3499.638195, "delta": 0.015137}}
{"target": -13.758535053434674, "params": {"gamma": 565.5372506929547, "log10_alpha": 1.0, "log10_colsample_bytree": 0.0, "log10_eta": -4.0, "log10_lambda": 1.0, "log10_min_child_weight": 0.0, "log10_subsample": 0.0, "max_depth": 2.0, "num_boost_round": 2.0}, "datetime": {"datetime": "2024-01-19 01:10:47", "elapsed": 3499.642006, "delta": 0.003811}}
{"target": -13.758533935065248, "params": {"gamma": 565.5372506929547, "log10_alpha": 1.0, "log10_colsample_bytree": 0.0, "log10_eta": -4.0, "log10_lambda": 1.0, "log10_min_child_weight": 0.0, "log10_subsample": 0.0, "max_depth": 2.0, "num_boost_round": 3.0}, "datetime": {"datetime": "2024-01-19 01:10:47", "elapsed": 3499.645673, "delta": 0.003667}}
{"target": -13.758532886816374, "params": {"gamma": 565.5372506929547, "log10_alpha": 1.0, "log10_colsample_bytree": 0.0, "log10_eta": -4.0, "log10_lambda": 1.0, "log10_min_child_weight": 0.0, "log10_subsample": 0.0, "max_depth": 2.0, "num_boost_round": 4.0}, "datetime": {"datetime": "2024-01-19 01:10:47", "elapsed": 3499.649386, "delta": 0.003713}}
{"target": -13.758531770670992, "params": {"gamma": 565.5372506929547, "log10_alpha": 1.0, "log10_colsample_bytree": 0.0, "log10_eta": -4.0, "log10_lambda": 1.0, "log10_min_child_weight": 0.0, "log10_subsample": 0.0, "max_depth": 2.0, "num_boost_round": 5.0}, "datetime": {"datetime": "2024-01-19 01:10:47", "elapsed": 3499.653185, "delta": 0.003799}}
{"target": -13.758530668054258, "params": {"gamma": 565.5372506929547, "log10_alpha": 1.0, "log10_colsample_bytree": 0.0, "log10_eta": -4.0, "log10_lambda": 1.0, "log10_min_child_weight": 0.0, "log10_subsample": 0.0, "max_depth": 2.0, "num_boost_round": 6.0}, "datetime": {"datetime": "2024-01-19 01:10:47", "elapsed": 3499.656898, "delta": 0.003713}}
{"target": -13.758529616822432, "params": {"gamma": 565.5372506929547, "log10_alpha": 1.0, "log10_colsample_bytree": 0.0, "log10_eta": -4.0, "log10_lambda": 1.0, "log10_min_child_weight": 0.0, "log10_subsample": 0.0, "max_depth": 2.0, "num_boost_round": 7.0}, "datetime": {"datetime": "2024-01-19 01:10:47", "elapsed": 3499.660709, "delta": 0.003811}}
{"target": -13.758528505113066, "params": {"gamma": 565.5372506929547, "log10_alpha": 1.0, "log10_colsample_bytree": 0.0, "log10_eta": -4.0, "log10_lambda": 1.0, "log10_min_child_weight": 0.0, "log10_subsample": 0.0, "max_depth": 2.0, "num_boost_round": 8.0}, "datetime": {"datetime": "2024-01-19 01:10:47", "elapsed": 3499.664461, "delta": 0.003752}}
{"target": -13.758527441398437, "params": {"gamma": 565.5372506929547, "log10_alpha": 1.0, "log10_colsample_bytree": 0.0, "log10_eta": -4.0, "log10_lambda": 1.0, "log10_min_child_weight": 0.0, "log10_subsample": 0.0, "max_depth": 2.0, "num_boost_round": 9.0}, "datetime": {"datetime": "2024-01-19 01:10:47", "elapsed": 3499.668221, "delta": 0.00376}}
{"target": -13.758526332415, "params": {"gamma": 565.5372506929547, "log10_alpha": 1.0, "log10_colsample_bytree": 0.0, "log10_eta": -4.0, "log10_lambda": 1.0, "log10_min_child_weight": 0.0, "log10_subsample": 0.0, "max_depth": 2.0, "num_boost_round": 10.0}, "datetime": {"datetime": "2024-01-19 01:10:47", "elapsed": 3499.67204, "delta": 0.003819}}
{"target": -13.758525292049905, "params": {"gamma": 565.5372506929547, "log10_alpha": 1.0, "log10_colsample_bytree": 0.0, "log10_eta": -4.0, "log10_lambda": 1.0, "log10_min_child_weight": 0.0, "log10_subsample": 0.0, "max_depth": 2.0, "num_boost_round": 11.0}, "datetime": {"datetime": "2024-01-19 01:10:47", "elapsed": 3499.676022, "delta": 0.003982}}
{"target": -13.758524192124252, "params": {"gamma": 565.5372506929547, "log10_alpha": 1.0, "log10_colsample_bytree": 0.0, "log10_eta": -4.0, "log10_lambda": 1.0, "log10_min_child_weight": 0.0, "log10_subsample": 0.0, "max_depth": 2.0, "num_boost_round": 12.0}, "datetime": {"datetime": "2024-01-19 01:10:47", "elapsed": 3499.680033, "delta": 0.004011}}
{"target": -13.758523125347258, "params": {"gamma": 565.5372506929547, "log10_alpha": 1.0, "log10_colsample_bytree": 0.0, "log10_eta": -4.0, "log10_lambda": 1.0, "log10_min_child_weight": 0.0, "log10_subsample": 0.0, "max_depth": 2.0, "num_boost_round": 13.0}, "datetime": {"datetime": "2024-01-19 01:10:47", "elapsed": 3499.704868, "delta": 0.024835}}
{"target": -13.7585220619826, "params": {"gamma": 565.5372506929547, "log10_alpha": 1.0, "log10_colsample_bytree": 0.0, "log10_eta": -4.0, "log10_lambda": 1.0, "log10_min_child_weight": 0.0, "log10_subsample": 0.0, "max_depth": 2.0, "num_boost_round": 14.0}, "datetime": {"datetime": "2024-01-19 01:10:47", "elapsed": 3499.708863, "delta": 0.003995}}
