{"target": -17.673223124664617, "params": {"gamma": 429.8585038622575, "log10_alpha": -2.8474460628296665, "log10_colsample_bytree": -0.6251725955691452, "log10_eta": -2.025230256070596, "log10_lambda": -1.3862754001528925, "log10_min_child_weight": 0.570363196395689, "log10_subsample": -0.8882540347522436, "max_depth": 8.0, "num_boost_round": 13.0}, "datetime": {"datetime": "2024-01-19 00:43:18", "elapsed": 1903.188324, "delta": 0.001779}}
{"target": -17.67356513216139, "params": {"gamma": 429.8585038622575, "log10_alpha": -2.8474460628296665, "log10_colsample_bytree": -0.6251725955691452, "log10_eta": -2.025230256070596, "log10_lambda": -1.3862754001528925, "log10_min_child_weight": 0.570363196395689, "log10_subsample": -0.8882540347522436, "max_depth": 8.0, "num_boost_round": 14.0}, "datetime": {"datetime": "2024-01-19 00:43:18", "elapsed": 1903.190106, "delta": 0.001782}}
{"target": -17.67344853697297, "params": {"gamma": 429.8585038622575, "log10_alpha": -2.8474460628296665, "log10_colsample_bytree": -0.6251725955691452, "log10_eta": -2.025230256070596, "log10_lambda": -1.3862754001528925, "log10_min_child_weight": 0.570363196395689, "log10_subsample": -0.8882540347522436, "max_depth": 8.0, "num_boost_round": 15.0}, "datetime": {"datetime": "2024-01-19 00:43:18", "elapsed": 1903.191954, "delta": 0.001848}}
{"target": -17.673615710964754, "params": {"gamma": 429.8585038622575, "log10_alpha": -2.8474460628296665, "log10_colsample_bytree": -0.6251725955691452, "log10_eta": -2.025230256070596, "log10_lambda": -1.3862754001528925, "log10_min_child_weight": 0.570363196395689, "log10_subsample": -0.8882540347522436, "max_depth": 8.0, "num_boost_round": 16.0}, "datetime": {"datetime": "2024-01-19 00:43:18", "elapsed": 1903.193737, "delta": 0.001783}}
{"target": -17.673986842884332, "params": {"gamma": 429.8585038622575, "log10_alpha": -2.8474460628296665, "log10_colsample_bytree": -0.6251725955691452, "log10_eta": -2.025230256070596, "log10_lambda": -1.3862754001528925, "log10_min_child_weight": 0.570363196395689, "log10_subsample": -0.8882540347522436, "max_depth": 8.0, "num_boost_round": 17.0}, "datetime": {"datetime": "2024-01-19 00:43:18", "elapsed": 1903.195625, "delta": 0.001888}}
{"target": -17.67354490528397, "params": {"gamma": 429.8585038622575, "log10_alpha": -2.8474460628296665, "log10_colsample_bytree": -0.6251725955691452, "log10_eta": -2.025230256070596, "log10_lambda": -1.3862754001528925, "log10_min_child_weight": 0.570363196395689, "log10_subsample": -0.8882540347522436, "max_depth": 8.0, "num_boost_round": 18.0}, "datetime": {"datetime": "2024-01-19 00:43:18", "elapsed": 1903.197413, "delta": 0.001788}}
{"target": -17.677155303236745, "params": {"gamma": 445.204940283539, "log10_alpha": -2.3403951060190824, "log10_colsample_bytree": -0.38487177602225364, "log10_eta": -2.9480608846245007, "log10_lambda": -0.645747282996747, "log10_min_child_weight": 2.5960418949604547, "log10_subsample": -0.9952597386074785, "max_depth": 8.0, "num_boost_round": 0.0}, "datetime": {"datetime": "2024-01-19 00:43:48", "elapsed": 1933.220344, "delta": 30.022931}}
{"target": -17.677118019602272, "params": {"gamma": 445.204940283539, "log10_alpha": -2.3403951060190824, "log10_colsample_bytree": -0.38487177602225364, "log10_eta": -2.9480608846245007, "log10_lambda": -0.645747282996747, "log10_min_child_weight": 2.5960418949604547, "log10_subsample": -0.9952597386074785, "max_depth": 8.0, "num_boost_round": 1.0}, "datetime": {"datetime": "2024-01-19 00:43:48", "elapsed": 1933.222813, "delta": 0.002469}}
{"target": -17.677083787612514, "params": {"gamma": 445.204940283539, "log10_alpha": -2.3403951060190824, "log10_colsample_bytree": -0.38487177602225364, "log10_eta": -2.9480608846245007, "log10_lambda": -0.645747282996747, "log10_min_child_weight": 2.5960418949604547, "log10_subsample": -0.9952597386074785, "max_depth": 8.0, "num_boost_round": 2.0}, "datetime": {"datetime": "2024-01-19 00:43:48", "elapsed": 1933.225073, "delta": 0.00226}}
{"target": -17.677062192842993, "params": {"gamma": 445.204940283539, "log10_alpha": -2.3403951060190824, "log10_colsample_bytree": -0.38487177602225364, "log10_eta": -2.9480608846245007, "log10_lambda": -0.645747282996747, "log10_min_child_weight": 2.5960418949604547, "log10_subsample": -0.9952597386074785, "max_depth": 8.0, "num_boost_round": 3.0}, "datetime": {"datetime": "2024-01-19 00:43:48", "elapsed": 1933.226895, "delta": 0.001822}}
{"target": -17.676975464782966, "params": {"gamma": 445.204940283539, "log10_alpha": -2.3403951060190824, "log10_colsample_bytree": -0.38487177602225364, "log10_eta": -2.9480608846245007, "log10_lambda": -0.645747282996747, "log10_min_child_weight": 2.5960418949604547, "log10_subsample": -0.9952597386074785, "max_depth": 8.0, "num_boost_round": 4.0}, "datetime": {"datetime": "2024-01-19 00:43:48", "elapsed": 1933.228691, "delta": 0.001796}}
{"target": -17.67698578205322, "params": {"gamma": 445.204940283539, "log10_alpha": -2.3403951060190824, "log10_colsample_bytree": -0.38487177602225364, "log10_eta": -2.9480608846245007, "log10_lambda": -0.645747282996747, "log10_min_child_weight": 2.5960418949604547, "log10_subsample": -0.9952597386074785, "max_depth": 8.0, "num_boost_round": 5.0}, "datetime": {"datetime": "2024-01-19 00:43:48", "elapsed": 1933.230581, "delta": 0.00189}}
{"target": -17.676993944293226, "params": {"gamma": 445.204940283539, "log10_alpha": -2.3403951060190824, "log10_colsample_bytree": -0.38487177602225364, "log10_eta": -2.9480608846245007, "log10_lambda": -0.645747282996747, "log10_min_child_weight": 2.5960418949604547, "log10_subsample": -0.9952597386074785, "max_depth": 8.0, "num_boost_round": 6.0}, "datetime": {"datetime": "2024-01-19 00:43:48", "elapsed": 1933.232387, "delta": 0.001806}}
{"target": -17.676983505381518, "params": {"gamma": 445.204940283539, "log10_alpha": -2.3403951060190824, "log10_colsample_bytree": -0.38487177602225364, "log10_eta": -2.9480608846245007, "log10_lambda": -0.645747282996747, "log10_min_child_weight": 2.5960418949604547, "log10_subsample": -0.9952597386074785, "max_depth": 8.0, "num_boost_round": 7.0}, "datetime": {"datetime": "2024-01-19 00:43:48", "elapsed": 1933.234293, "delta": 0.001906}}
{"target": -17.676978158088477, "params": {"gamma": 445.204940283539, "log10_alpha": -2.3403951060190824, "log10_colsample_bytree": -0.38487177602225364, "log10_eta": -2.9480608846245007, "log10_lambda": -0.645747282996747, "log10_min_child_weight": 2.5960418949604547, "log10_subsample": -0.9952597386074785, "max_depth": 8.0, "num_boost_round": 8.0}, "datetime": {"datetime": "2024-01-19 00:43:48", "elapsed": 1933.236093, "delta": 0.0018}}
{"target": -17.676959211807315, "params": {"gamma": 445.204940283539, "log10_alpha": -2.3403951060190824, "log10_colsample_bytree": -0.38487177602225364, "log10_eta": -2.9480608846245007, "log10_lambda": -0.645747282996747, "log10_min_child_weight": 2.5960418949604547, "log10_subsample": -0.9952597386074785, "max_depth": 8.0, "num_boost_round": 9.0}, "datetime": {"datetime": "2024-01-19 00:43:48", "elapsed": 1933.237898, "delta": 0.001805}}
{"target": -17.67696495967594, "params": {"gamma": 445.204940283539, "log10_alpha": -2.3403951060190824, "log10_colsample_bytree": -0.38487177602225364, "log10_eta": -2.9480608846245007, "log10_lambda": -0.645747282996747, "log10_min_child_weight": 2.5960418949604547, "log10_subsample": -0.9952597386074785, "max_depth": 8.0, "num_boost_round": 10.0}, "datetime": {"datetime": "2024-01-19 00:43:48", "elapsed": 1933.239708, "delta": 0.00181}}
{"target": -17.676912385458035, "params": {"gamma": 445.204940283539, "log10_alpha": -2.3403951060190824, "log10_colsample_bytree": -0.38487177602225364, "log10_eta": -2.9480608846245007, "log10_lambda": -0.645747282996747, "log10_min_child_weight": 2.5960418949604547, "log10_subsample": -0.9952597386074785, "max_depth": 8.0, "num_boost_round": 11.0}, "datetime": {"datetime": "2024-01-19 00:43:48", "elapsed": 1933.2415, "delta": 0.001792}}
{"target": -17.676912665141153, "params": {"gamma": 445.204940283539, "log10_alpha": -2.3403951060190824, "log10_colsample_bytree": -0.38487177602225364, "log10_eta": -2.9480608846245007, "log10_lambda": -0.645747282996747, "log10_min_child_weight": 2.5960418949604547, "log10_subsample": -0.9952597386074785, "max_depth": 8.0, "num_boost_round": 12.0}, "datetime": {"datetime": "2024-01-19 00:43:48", "elapsed": 1933.243299, "delta": 0.001799}}
{"target": -17.67691334733435, "params": {"gamma": 445.204940283539, "log10_alpha": -2.3403951060190824, "log10_colsample_bytree": -0.38487177602225364, "log10_eta": -2.9480608846245007, "log10_lambda": -0.645747282996747, "log10_min_child_weight": 2.5960418949604547, "log10_subsample": -0.9952597386074785, "max_depth": 8.0, "num_boost_round": 13.0}, "datetime": {"datetime": "2024-01-19 00:43:48", "elapsed": 1933.245099, "delta": 0.0018}}
{"target": -17.676824757514698, "params": {"gamma": 445.204940283539, "log10_alpha": -2.3403951060190824, "log10_colsample_bytree": -0.38487177602225364, "log10_eta": -2.9480608846245007, "log10_lambda": -0.645747282996747, "log10_min_child_weight": 2.5960418949604547, "log10_subsample": -0.9952597386074785, "max_depth": 8.0, "num_boost_round": 14.0}, "datetime": {"datetime": "2024-01-19 00:43:48", "elapsed": 1933.246894, "delta": 0.001795}}
{"target": -17.676738292380886, "params": {"gamma": 445.204940283539, "log10_alpha": -2.3403951060190824, "log10_colsample_bytree": -0.38487177602225364, "log10_eta": -2.9480608846245007, "log10_lambda": -0.645747282996747, "log10_min_child_weight": 2.5960418949604547, "log10_subsample": -0.9952597386074785, "max_depth": 8.0, "num_boost_round": 15.0}, "datetime": {"datetime": "2024-01-19 00:43:48", "elapsed": 1933.248702, "delta": 0.001808}}
{"target": -17.67670294381971, "params": {"gamma": 445.204940283539, "log10_alpha": -2.3403951060190824, "log10_colsample_bytree": -0.38487177602225364, "log10_eta": -2.9480608846245007, "log10_lambda": -0.645747282996747, "log10_min_child_weight": 2.5960418949604547, "log10_subsample": -0.9952597386074785, "max_depth": 8.0, "num_boost_round": 16.0}, "datetime": {"datetime": "2024-01-19 00:43:48", "elapsed": 1933.250552, "delta": 0.00185}}
{"target": -17.67668307748438, "params": {"gamma": 445.204940283539, "log10_alpha": -2.3403951060190824, "log10_colsample_bytree": -0.38487177602225364, "log10_eta": -2.9480608846245007, "log10_lambda": -0.645747282996747, "log10_min_child_weight": 2.5960418949604547, "log10_subsample": -0.9952597386074785, "max_depth": 8.0, "num_boost_round": 17.0}, "datetime": {"datetime": "2024-01-19 00:43:48", "elapsed": 1933.252353, "delta": 0.001801}}
{"target": -17.676893325405324, "params": {"gamma": 430.1296510078125, "log10_alpha": -4.6082783086456685, "log10_colsample_bytree": -0.28840175385231703, "log10_eta": -2.297613919256651, "log10_lambda": 0.27418888769590843, "log10_min_child_weight": 2.9696177493651215, "log10_subsample": -0.15135113896021368, "max_depth": 7.0, "num_boost_round": 0.0}, "datetime": {"datetime": "2024-01-19 00:44:20", "elapsed": 1965.400747, "delta": 32.148394}}
{"target": -17.6766408835503, "params": {"gamma": 430.1296510078125, "log10_alpha": -4.6082783086456685, "log10_colsample_bytree": -0.28840175385231703, "log10_eta": -2.297613919256651, "log10_lambda": 0.27418888769590843, "log10_min_child_weight": 2.9696177493651215, "log10_subsample": -0.15135113896021368, "max_depth": 7.0, "num_boost_round": 1.0}, "datetime": {"datetime": "2024-01-19 00:44:20", "elapsed": 1965.403171, "delta": 0.002424}}
{"target": -17.676536928931718, "params": {"gamma": 430.1296510078125, "log10_alpha": -4.6082783086456685, "log10_colsample_bytree": -0.28840175385231703, "log10_eta": -2.297613919256651, "log10_lambda": 0.27418888769590843, "log10_min_child_weight": 2.9696177493651215, "log10_subsample": -0.15135113896021368, "max_depth": 7.0, "num_boost_round": 2.0}, "datetime": {"datetime": "2024-01-19 00:44:20", "elapsed": 1965.405457, "delta": 0.002286}}
{"target": -17.67665138083358, "params": {"gamma": 430.1296510078125, "log10_alpha": -4.6082783086456685, "log10_colsample_bytree": -0.28840175385231703, "log10_eta": -2.297613919256651, "log10_lambda": 0.27418888769590843, "log10_min_child_weight": 2.9696177493651215, "log10_subsample": -0.15135113896021368, "max_depth": 7.0, "num_boost_round": 3.0}, "datetime": {"datetime": "2024-01-19 00:44:20", "elapsed": 1965.407316, "delta": 0.001859}}
{"target": -17.676643052622822, "params": {"gamma": 430.1296510078125, "log10_alpha": -4.6082783086456685, "log10_colsample_bytree": -0.28840175385231703, "log10_eta": -2.297613919256651, "log10_lambda": 0.27418888769590843, "log10_min_child_weight": 2.9696177493651215, "log10_subsample": -0.15135113896021368, "max_depth": 7.0, "num_boost_round": 4.0}, "datetime": {"datetime": "2024-01-19 00:44:20", "elapsed": 1965.409159, "delta": 0.001843}}
{"target": -17.67662065151804, "params": {"gamma": 430.1296510078125, "log10_alpha": -4.6082783086456685, "log10_colsample_bytree": -0.28840175385231703, "log10_eta": -2.297613919256651, "log10_lambda": 0.27418888769590843, "log10_min_child_weight": 2.9696177493651215, "log10_subsample": -0.15135113896021368, "max_depth": 7.0, "num_boost_round": 5.0}, "datetime": {"datetime": "2024-01-19 00:44:20", "elapsed": 1965.411109, "delta": 0.00195}}
{"target": -17.676545217870874, "params": {"gamma": 430.1296510078125, "log10_alpha": -4.6082783086456685, "log10_colsample_bytree": -0.28840175385231703, "log10_eta": -2.297613919256651, "log10_lambda": 0.27418888769590843, "log10_min_child_weight": 2.9696177493651215, "log10_subsample": -0.15135113896021368, "max_depth": 7.0, "num_boost_round": 6.0}, "datetime": {"datetime": "2024-01-19 00:44:20", "elapsed": 1965.412969, "delta": 0.00186}}
{"target": -17.676268004028653, "params": {"gamma": 430.1296510078125, "log10_alpha": -4.6082783086456685, "log10_colsample_bytree": -0.28840175385231703, "log10_eta": -2.297613919256651, "log10_lambda": 0.27418888769590843, "log10_min_child_weight": 2.9696177493651215, "log10_subsample": -0.15135113896021368, "max_depth": 7.0, "num_boost_round": 7.0}, "datetime": {"datetime": "2024-01-19 00:44:20", "elapsed": 1965.414911, "delta": 0.001942}}
{"target": -17.676356487397243, "params": {"gamma": 430.1296510078125, "log10_alpha": -4.6082783086456685, "log10_colsample_bytree": -0.28840175385231703, "log10_eta": -2.297613919256651, "log10_lambda": 0.27418888769590843, "log10_min_child_weight": 2.9696177493651215, "log10_subsample": -0.15135113896021368, "max_depth": 7.0, "num_boost_round": 8.0}, "datetime": {"datetime": "2024-01-19 00:44:20", "elapsed": 1965.416745, "delta": 0.001834}}
{"target": -17.676252782767637, "params": {"gamma": 430.1296510078125, "log10_alpha": -4.6082783086456685, "log10_colsample_bytree": -0.28840175385231703, "log10_eta": -2.297613919256651, "log10_lambda": 0.27418888769590843, "log10_min_child_weight": 2.9696177493651215, "log10_subsample": -0.15135113896021368, "max_depth": 7.0, "num_boost_round": 9.0}, "datetime": {"datetime": "2024-01-19 00:44:20", "elapsed": 1965.418598, "delta": 0.001853}}
{"target": -17.676216043846257, "params": {"gamma": 430.1296510078125, "log10_alpha": -4.6082783086456685, "log10_colsample_bytree": -0.28840175385231703, "log10_eta": -2.297613919256651, "log10_lambda": 0.27418888769590843, "log10_min_child_weight": 2.9696177493651215, "log10_subsample": -0.15135113896021368, "max_depth": 7.0, "num_boost_round": 10.0}, "datetime": {"datetime": "2024-01-19 00:44:20", "elapsed": 1965.420444, "delta": 0.001846}}
{"target": -17.67598859402502, "params": {"gamma": 430.1296510078125, "log10_alpha": -4.6082783086456685, "log10_colsample_bytree": -0.28840175385231703, "log10_eta": -2.297613919256651, "log10_lambda": 0.27418888769590843, "log10_min_child_weight": 2.9696177493651215, "log10_subsample": -0.15135113896021368, "max_depth": 7.0, "num_boost_round": 11.0}, "datetime": {"datetime": "2024-01-19 00:44:20", "elapsed": 1965.422289, "delta": 0.001845}}
{"target": -17.67599083054075, "params": {"gamma": 430.1296510078125, "log10_alpha": -4.6082783086456685, "log10_colsample_bytree": -0.28840175385231703, "log10_eta": -2.297613919256651, "log10_lambda": 0.27418888769590843, "log10_min_child_weight": 2.9696177493651215, "log10_subsample": -0.15135113896021368, "max_depth": 7.0, "num_boost_round": 12.0}, "datetime": {"datetime": "2024-01-19 00:44:20", "elapsed": 1965.424139, "delta": 0.00185}}
{"target": -17.675806904396307, "params": {"gamma": 430.1296510078125, "log10_alpha": -4.6082783086456685, "log10_colsample_bytree": -0.28840175385231703, "log10_eta": -2.297613919256651, "log10_lambda": 0.27418888769590843, "log10_min_child_weight": 2.9696177493651215, "log10_subsample": -0.15135113896021368, "max_depth": 7.0, "num_boost_round": 13.0}, "datetime": {"datetime": "2024-01-19 00:44:20", "elapsed": 1965.425977, "delta": 0.001838}}
{"target": -17.67575121209771, "params": {"gamma": 430.1296510078125, "log10_alpha": -4.6082783086456685, "log10_colsample_bytree": -0.28840175385231703, "log10_eta": -2.297613919256651, "log10_lambda": 0.27418888769590843, "log10_min_child_weight": 2.9696177493651215, "log10_subsample": -0.15135113896021368, "max_depth": 7.0, "num_boost_round": 14.0}, "datetime": {"datetime": "2024-01-19 00:44:20", "elapsed": 1965.427824, "delta": 0.001847}}
{"target": -17.675631002471132, "params": {"gamma": 430.1296510078125, "log10_alpha": -4.6082783086456685, "log10_colsample_bytree": -0.28840175385231703, "log10_eta": -2.297613919256651, "log10_lambda": 0.27418888769590843, "log10_min_child_weight": 2.9696177493651215, "log10_subsample": -0.15135113896021368, "max_depth": 7.0, "num_boost_round": 15.0}, "datetime": {"datetime": "2024-01-19 00:44:20", "elapsed": 1965.429657, "delta": 0.001833}}
{"target": -17.675503906793733, "params": {"gamma": 430.1296510078125, "log10_alpha": -4.6082783086456685, "log10_colsample_bytree": -0.28840175385231703, "log10_eta": -2.297613919256651, "log10_lambda": 0.27418888769590843, "log10_min_child_weight": 2.9696177493651215, "log10_subsample": -0.15135113896021368, "max_depth": 7.0, "num_boost_round": 16.0}, "datetime": {"datetime": "2024-01-19 00:44:20", "elapsed": 1965.431535, "delta": 0.001878}}
{"target": -17.675311206231317, "params": {"gamma": 430.1296510078125, "log10_alpha": -4.6082783086456685, "log10_colsample_bytree": -0.28840175385231703, "log10_eta": -2.297613919256651, "log10_lambda": 0.27418888769590843, "log10_min_child_weight": 2.9696177493651215, "log10_subsample": -0.15135113896021368, "max_depth": 7.0, "num_boost_round": 17.0}, "datetime": {"datetime": "2024-01-19 00:44:20", "elapsed": 1965.433368, "delta": 0.001833}}
{"target": -17.67531723553229, "params": {"gamma": 430.1296510078125, "log10_alpha": -4.6082783086456685, "log10_colsample_bytree": -0.28840175385231703, "log10_eta": -2.297613919256651, "log10_lambda": 0.27418888769590843, "log10_min_child_weight": 2.9696177493651215, "log10_subsample": -0.15135113896021368, "max_depth": 7.0, "num_boost_round": 18.0}, "datetime": {"datetime": "2024-01-19 00:44:20", "elapsed": 1965.435335, "delta": 0.001967}}
{"target": -17.675175795749073, "params": {"gamma": 430.1296510078125, "log10_alpha": -4.6082783086456685, "log10_colsample_bytree": -0.28840175385231703, "log10_eta": -2.297613919256651, "log10_lambda": 0.27418888769590843, "log10_min_child_weight": 2.9696177493651215, "log10_subsample": -0.15135113896021368, "max_depth": 7.0, "num_boost_round": 19.0}, "datetime": {"datetime": "2024-01-19 00:44:20", "elapsed": 1965.437198, "delta": 0.001863}}
{"target": -17.675174528527904, "params": {"gamma": 430.1296510078125, "log10_alpha": -4.6082783086456685, "log10_colsample_bytree": -0.28840175385231703, "log10_eta": -2.297613919256651, "log10_lambda": 0.27418888769590843, "log10_min_child_weight": 2.9696177493651215, "log10_subsample": -0.15135113896021368, "max_depth": 7.0, "num_boost_round": 20.0}, "datetime": {"datetime": "2024-01-19 00:44:20", "elapsed": 1965.439055, "delta": 0.001857}}
{"target": -17.67539956030122, "params": {"gamma": 430.1296510078125, "log10_alpha": -4.6082783086456685, "log10_colsample_bytree": -0.28840175385231703, "log10_eta": -2.297613919256651, "log10_lambda": 0.27418888769590843, "log10_min_child_weight": 2.9696177493651215, "log10_subsample": -0.15135113896021368, "max_depth": 7.0, "num_boost_round": 21.0}, "datetime": {"datetime": "2024-01-19 00:44:20", "elapsed": 1965.440912, "delta": 0.001857}}
{"target": -17.6754177996947, "params": {"gamma": 430.1296510078125, "log10_alpha": -4.6082783086456685, "log10_colsample_bytree": -0.28840175385231703, "log10_eta": -2.297613919256651, "log10_lambda": 0.27418888769590843, "log10_min_child_weight": 2.9696177493651215, "log10_subsample": -0.15135113896021368, "max_depth": 7.0, "num_boost_round": 22.0}, "datetime": {"datetime": "2024-01-19 00:44:20", "elapsed": 1965.442773, "delta": 0.001861}}
{"target": -17.674857598937567, "params": {"gamma": 430.1296510078125, "log10_alpha": -4.6082783086456685, "log10_colsample_bytree": -0.28840175385231703, "log10_eta": -2.297613919256651, "log10_lambda": 0.27418888769590843, "log10_min_child_weight": 2.9696177493651215, "log10_subsample": -0.15135113896021368, "max_depth": 7.0, "num_boost_round": 23.0}, "datetime": {"datetime": "2024-01-19 00:44:20", "elapsed": 1965.44464, "delta": 0.001867}}
{"target": -17.67499659241755, "params": {"gamma": 430.1296510078125, "log10_alpha": -4.6082783086456685, "log10_colsample_bytree": -0.28840175385231703, "log10_eta": -2.297613919256651, "log10_lambda": 0.27418888769590843, "log10_min_child_weight": 2.9696177493651215, "log10_subsample": -0.15135113896021368, "max_depth": 7.0, "num_boost_round": 24.0}, "datetime": {"datetime": "2024-01-19 00:44:20", "elapsed": 1965.446496, "delta": 0.001856}}
