{"target": -13.758507186121916, "params": {"gamma": 878.4253144876059, "log10_alpha": 0.7612386391407844, "log10_colsample_bytree": -0.1704868624546071, "log10_eta": -3.8628579279491673, "log10_lambda": -2.871874266328752, "log10_min_child_weight": 3.5771571053952336, "log10_subsample": -0.33129092340990407, "max_depth": 3.0, "num_boost_round": 15.0}, "datetime": {"datetime": "2024-01-19 00:34:29", "elapsed": 1373.500729, "delta": 0.002178}}
{"target": -13.758504605646797, "params": {"gamma": 878.4253144876059, "log10_alpha": 0.7612386391407844, "log10_colsample_bytree": -0.1704868624546071, "log10_eta": -3.8628579279491673, "log10_lambda": -2.871874266328752, "log10_min_child_weight": 3.5771571053952336, "log10_subsample": -0.33129092340990407, "max_depth": 3.0, "num_boost_round": 16.0}, "datetime": {"datetime": "2024-01-19 00:34:29", "elapsed": 1373.502921, "delta": 0.002192}}
{"target": -13.758504010337697, "params": {"gamma": 878.4253144876059, "log10_alpha": 0.7612386391407844, "log10_colsample_bytree": -0.1704868624546071, "log10_eta": -3.8628579279491673, "log10_lambda": -2.871874266328752, "log10_min_child_weight": 3.5771571053952336, "log10_subsample": -0.33129092340990407, "max_depth": 3.0, "num_boost_round": 17.0}, "datetime": {"datetime": "2024-01-19 00:34:29", "elapsed": 1373.505087, "delta": 0.002166}}
{"target": -13.75850303224884, "params": {"gamma": 878.4253144876059, "log10_alpha": 0.7612386391407844, "log10_colsample_bytree": -0.1704868624546071, "log10_eta": -3.8628579279491673, "log10_lambda": -2.871874266328752, "log10_min_child_weight": 3.5771571053952336, "log10_subsample": -0.33129092340990407, "max_depth": 3.0, "num_boost_round": 18.0}, "datetime": {"datetime": "2024-01-19 00:34:29", "elapsed": 1373.507287, "delta": 0.0022}}
{"target": -13.75850112434618, "params": {"gamma": 878.4253144876059, "log10_alpha": 0.7612386391407844, "log10_colsample_bytree": -0.1704868624546071, "log10_eta": -3.8628579279491673, "log10_lambda": -2.871874266328752, "log10_min_child_weight": 3.5771571053952336, "log10_subsample": -0.33129092340990407, "max_depth": 3.0, "num_boost_round": 19.0}, "datetime": {"datetime": "2024-01-19 00:34:29", "elapsed": 1373.50947, "delta": 0.002183}}
{"target": -13.758500071824525, "params": {"gamma": 878.4253144876059, "log10_alpha": 0.7612386391407844, "log10_colsample_bytree": -0.1704868624546071, "log10_eta": -3.8628579279491673, "log10_lambda": -2.871874266328752, "log10_min_child_weight": 3.5771571053952336, "log10_subsample": -0.33129092340990407, "max_depth": 3.0, "num_boost_round": 20.0}, "datetime": {"datetime": "2024-01-19 00:34:29", "elapsed": 1373.511718, "delta": 0.002248}}
{"target": -13.758531699603653, "params": {"gamma": 882.7313740661494, "log10_alpha": -0.5522621791629643, "log10_colsample_bytree": -0.5227572498111464, "log10_eta": -3.5258749293986424, "log10_lambda": -0.3001363194660023, "log10_min_child_weight": 3.522732907503541, "log10_subsample": -0.3355899607574886, "max_depth": 6.0, "num_boost_round": 0.0}, "datetime": {"datetime": "2024-01-19 00:34:58", "elapsed": 1402.649911, "delta": 29.138193}}
{"target": -13.758526019545663, "params": {"gamma": 882.7313740661494, "log10_alpha": -0.5522621791629643, "log10_colsample_bytree": -0.5227572498111464, "log10_eta": -3.5258749293986424, "log10_lambda": -0.3001363194660023, "log10_min_child_weight": 3.522732907503541, "log10_subsample": -0.3355899607574886, "max_depth": 6.0, "num_boost_round": 1.0}, "datetime": {"datetime": "2024-01-19 00:34:58", "elapsed": 1402.653177, "delta": 0.003266}}
{"target": -13.75852296264947, "params": {"gamma": 882.7313740661494, "log10_alpha": -0.5522621791629643, "log10_colsample_bytree": -0.5227572498111464, "log10_eta": -3.5258749293986424, "log10_lambda": -0.3001363194660023, "log10_min_child_weight": 3.522732907503541, "log10_subsample": -0.3355899607574886, "max_depth": 6.0, "num_boost_round": 2.0}, "datetime": {"datetime": "2024-01-19 00:34:58", "elapsed": 1402.655551, "delta": 0.002374}}
{"target": -13.758521183905003, "params": {"gamma": 882.7313740661494, "log10_alpha": -0.5522621791629643, "log10_colsample_bytree": -0.5227572498111464, "log10_eta": -3.5258749293986424, "log10_lambda": -0.3001363194660023, "log10_min_child_weight": 3.522732907503541, "log10_subsample": -0.3355899607574886, "max_depth": 6.0, "num_boost_round": 3.0}, "datetime": {"datetime": "2024-01-19 00:34:58", "elapsed": 1402.657749, "delta": 0.002198}}
{"target": -13.758519231854885, "params": {"gamma": 882.7313740661494, "log10_alpha": -0.5522621791629643, "log10_colsample_bytree": -0.5227572498111464, "log10_eta": -3.5258749293986424, "log10_lambda": -0.3001363194660023, "log10_min_child_weight": 3.522732907503541, "log10_subsample": -0.3355899607574886, "max_depth": 6.0, "num_boost_round": 4.0}, "datetime": {"datetime": "2024-01-19 00:34:58", "elapsed": 1402.660024, "delta": 0.002275}}
{"target": -13.758520519694175, "params": {"gamma": 882.7313740661494, "log10_alpha": -0.5522621791629643, "log10_colsample_bytree": -0.5227572498111464, "log10_eta": -3.5258749293986424, "log10_lambda": -0.3001363194660023, "log10_min_child_weight": 3.522732907503541, "log10_subsample": -0.3355899607574886, "max_depth": 6.0, "num_boost_round": 5.0}, "datetime": {"datetime": "2024-01-19 00:34:58", "elapsed": 1402.758955, "delta": 0.098931}}
{"target": -13.758520503158424, "params": {"gamma": 882.7313740661494, "log10_alpha": -0.5522621791629643, "log10_colsample_bytree": -0.5227572498111464, "log10_eta": -3.5258749293986424, "log10_lambda": -0.3001363194660023, "log10_min_child_weight": 3.522732907503541, "log10_subsample": -0.3355899607574886, "max_depth": 6.0, "num_boost_round": 6.0}, "datetime": {"datetime": "2024-01-19 00:34:58", "elapsed": 1402.76158, "delta": 0.002625}}
{"target": -13.758520124547678, "params": {"gamma": 882.7313740661494, "log10_alpha": -0.5522621791629643, "log10_colsample_bytree": -0.5227572498111464, "log10_eta": -3.5258749293986424, "log10_lambda": -0.3001363194660023, "log10_min_child_weight": 3.522732907503541, "log10_subsample": -0.3355899607574886, "max_depth": 6.0, "num_boost_round": 7.0}, "datetime": {"datetime": "2024-01-19 00:34:58", "elapsed": 1402.763975, "delta": 0.002395}}
{"target": -13.758511835182084, "params": {"gamma": 882.7313740661494, "log10_alpha": -0.5522621791629643, "log10_colsample_bytree": -0.5227572498111464, "log10_eta": -3.5258749293986424, "log10_lambda": -0.3001363194660023, "log10_min_child_weight": 3.522732907503541, "log10_subsample": -0.3355899607574886, "max_depth": 6.0, "num_boost_round": 8.0}, "datetime": {"datetime": "2024-01-19 00:34:58", "elapsed": 1402.76653, "delta": 0.002555}}
{"target": -13.758511220311432, "params": {"gamma": 882.7313740661494, "log10_alpha": -0.5522621791629643, "log10_colsample_bytree": -0.5227572498111464, "log10_eta": -3.5258749293986424, "log10_lambda": -0.3001363194660023, "log10_min_child_weight": 3.522732907503541, "log10_subsample": -0.3355899607574886, "max_depth": 6.0, "num_boost_round": 9.0}, "datetime": {"datetime": "2024-01-19 00:34:58", "elapsed": 1402.768867, "delta": 0.002337}}
{"target": -13.758503140590893, "params": {"gamma": 882.7313740661494, "log10_alpha": -0.5522621791629643, "log10_colsample_bytree": -0.5227572498111464, "log10_eta": -3.5258749293986424, "log10_lambda": -0.3001363194660023, "log10_min_child_weight": 3.522732907503541, "log10_subsample": -0.3355899607574886, "max_depth": 6.0, "num_boost_round": 10.0}, "datetime": {"datetime": "2024-01-19 00:34:58", "elapsed": 1402.771249, "delta": 0.002382}}
{"target": -13.758500727495361, "params": {"gamma": 882.7313740661494, "log10_alpha": -0.5522621791629643, "log10_colsample_bytree": -0.5227572498111464, "log10_eta": -3.5258749293986424, "log10_lambda": -0.3001363194660023, "log10_min_child_weight": 3.522732907503541, "log10_subsample": -0.3355899607574886, "max_depth": 6.0, "num_boost_round": 11.0}, "datetime": {"datetime": "2024-01-19 00:34:58", "elapsed": 1402.773697, "delta": 0.002448}}
{"target": -13.758501671011397, "params": {"gamma": 882.7313740661494, "log10_alpha": -0.5522621791629643, "log10_colsample_bytree": -0.5227572498111464, "log10_eta": -3.5258749293986424, "log10_lambda": -0.3001363194660023, "log10_min_child_weight": 3.522732907503541, "log10_subsample": -0.3355899607574886, "max_depth": 6.0, "num_boost_round": 12.0}, "datetime": {"datetime": "2024-01-19 00:34:58", "elapsed": 1402.776022, "delta": 0.002325}}
{"target": -13.758496711605162, "params": {"gamma": 882.7313740661494, "log10_alpha": -0.5522621791629643, "log10_colsample_bytree": -0.5227572498111464, "log10_eta": -3.5258749293986424, "log10_lambda": -0.3001363194660023, "log10_min_child_weight": 3.522732907503541, "log10_subsample": -0.3355899607574886, "max_depth": 6.0, "num_boost_round": 13.0}, "datetime": {"datetime": "2024-01-19 00:34:58", "elapsed": 1402.778324, "delta": 0.002302}}
{"target": -13.758496899354927, "params": {"gamma": 882.7313740661494, "log10_alpha": -0.5522621791629643, "log10_colsample_bytree": -0.5227572498111464, "log10_eta": -3.5258749293986424, "log10_lambda": -0.3001363194660023, "log10_min_child_weight": 3.522732907503541, "log10_subsample": -0.3355899607574886, "max_depth": 6.0, "num_boost_round": 14.0}, "datetime": {"datetime": "2024-01-19 00:34:58", "elapsed": 1402.780672, "delta": 0.002348}}
{"target": -13.758489554612115, "params": {"gamma": 882.7313740661494, "log10_alpha": -0.5522621791629643, "log10_colsample_bytree": -0.5227572498111464, "log10_eta": -3.5258749293986424, "log10_lambda": -0.3001363194660023, "log10_min_child_weight": 3.522732907503541, "log10_subsample": -0.3355899607574886, "max_depth": 6.0, "num_boost_round": 15.0}, "datetime": {"datetime": "2024-01-19 00:34:58", "elapsed": 1402.783034, "delta": 0.002362}}
{"target": -13.758490808771517, "params": {"gamma": 882.7313740661494, "log10_alpha": -0.5522621791629643, "log10_colsample_bytree": -0.5227572498111464, "log10_eta": -3.5258749293986424, "log10_lambda": -0.3001363194660023, "log10_min_child_weight": 3.522732907503541, "log10_subsample": -0.3355899607574886, "max_depth": 6.0, "num_boost_round": 16.0}, "datetime": {"datetime": "2024-01-19 00:34:58", "elapsed": 1402.785353, "delta": 0.002319}}
{"target": -13.758493772482945, "params": {"gamma": 882.7313740661494, "log10_alpha": -0.5522621791629643, "log10_colsample_bytree": -0.5227572498111464, "log10_eta": -3.5258749293986424, "log10_lambda": -0.3001363194660023, "log10_min_child_weight": 3.522732907503541, "log10_subsample": -0.3355899607574886, "max_depth": 6.0, "num_boost_round": 17.0}, "datetime": {"datetime": "2024-01-19 00:34:58", "elapsed": 1402.787697, "delta": 0.002344}}
{"target": -13.758491220186844, "params": {"gamma": 882.7313740661494, "log10_alpha": -0.5522621791629643, "log10_colsample_bytree": -0.5227572498111464, "log10_eta": -3.5258749293986424, "log10_lambda": -0.3001363194660023, "log10_min_child_weight": 3.522732907503541, "log10_subsample": -0.3355899607574886, "max_depth": 6.0, "num_boost_round": 18.0}, "datetime": {"datetime": "2024-01-19 00:34:58", "elapsed": 1402.790028, "delta": 0.002331}}
{"target": -13.758485776943473, "params": {"gamma": 882.7313740661494, "log10_alpha": -0.5522621791629643, "log10_colsample_bytree": -0.5227572498111464, "log10_eta": -3.5258749293986424, "log10_lambda": -0.3001363194660023, "log10_min_child_weight": 3.522732907503541, "log10_subsample": -0.3355899607574886, "max_depth": 6.0, "num_boost_round": 19.0}, "datetime": {"datetime": "2024-01-19 00:34:58", "elapsed": 1402.792479, "delta": 0.002451}}
{"target": -13.758477100774165, "params": {"gamma": 882.7313740661494, "log10_alpha": -0.5522621791629643, "log10_colsample_bytree": -0.5227572498111464, "log10_eta": -3.5258749293986424, "log10_lambda": -0.3001363194660023, "log10_min_child_weight": 3.522732907503541, "log10_subsample": -0.3355899607574886, "max_depth": 6.0, "num_boost_round": 20.0}, "datetime": {"datetime": "2024-01-19 00:34:58", "elapsed": 1402.794805, "delta": 0.002326}}
{"target": -13.75847245590759, "params": {"gamma": 882.7313740661494, "log10_alpha": -0.5522621791629643, "log10_colsample_bytree": -0.5227572498111464, "log10_eta": -3.5258749293986424, "log10_lambda": -0.3001363194660023, "log10_min_child_weight": 3.522732907503541, "log10_subsample": -0.3355899607574886, "max_depth": 6.0, "num_boost_round": 21.0}, "datetime": {"datetime": "2024-01-19 00:34:58", "elapsed": 1402.797129, "delta": 0.002324}}
{"target": -13.758469651790135, "params": {"gamma": 882.7313740661494, "log10_alpha": -0.5522621791629643, "log10_colsample_bytree": -0.5227572498111464, "log10_eta": -3.5258749293986424, "log10_lambda": -0.3001363194660023, "log10_min_child_weight": 3.522732907503541, "log10_subsample": -0.3355899607574886, "max_depth": 6.0, "num_boost_round": 22.0}, "datetime": {"datetime": "2024-01-19 00:34:58", "elapsed": 1402.799461, "delta": 0.002332}}
{"target": -13.758469072394421, "params": {"gamma": 882.7313740661494, "log10_alpha": -0.5522621791629643, "log10_colsample_bytree": -0.5227572498111464, "log10_eta": -3.5258749293986424, "log10_lambda": -0.3001363194660023, "log10_min_child_weight": 3.522732907503541, "log10_subsample": -0.3355899607574886, "max_depth": 6.0, "num_boost_round": 23.0}, "datetime": {"datetime": "2024-01-19 00:34:58", "elapsed": 1402.801813, "delta": 0.002352}}
{"target": -13.758468919191916, "params": {"gamma": 882.7313740661494, "log10_alpha": -0.5522621791629643, "log10_colsample_bytree": -0.5227572498111464, "log10_eta": -3.5258749293986424, "log10_lambda": -0.3001363194660023, "log10_min_child_weight": 3.522732907503541, "log10_subsample": -0.3355899607574886, "max_depth": 6.0, "num_boost_round": 24.0}, "datetime": {"datetime": "2024-01-19 00:34:58", "elapsed": 1402.80414, "delta": 0.002327}}
{"target": -13.7585354046936, "params": {"gamma": 881.5954442751415, "log10_alpha": 0.7684131359184132, "log10_colsample_bytree": -0.2326694021397625, "log10_eta": -3.1856173748223253, "log10_lambda": 0.786333411358342, "log10_min_child_weight": 0.47149983428367015, "log10_subsample": -0.9607409898970414, "max_depth": 7.0, "num_boost_round": 0.0}, "datetime": {"datetime": "2024-01-19 00:35:39", "elapsed": 1443.514733, "delta": 40.710593}}
{"target": -13.758489555277354, "params": {"gamma": 881.5954442751415, "log10_alpha": 0.7684131359184132, "log10_colsample_bytree": -0.2326694021397625, "log10_eta": -3.1856173748223253, "log10_lambda": 0.786333411358342, "log10_min_child_weight": 0.47149983428367015, "log10_subsample": -0.9607409898970414, "max_depth": 7.0, "num_boost_round": 1.0}, "datetime": {"datetime": "2024-01-19 00:35:39", "elapsed": 1443.517752, "delta": 0.003019}}
{"target": -13.758457208297914, "params": {"gamma": 881.5954442751415, "log10_alpha": 0.7684131359184132, "log10_colsample_bytree": -0.2326694021397625, "log10_eta": -3.1856173748223253, "log10_lambda": 0.786333411358342, "log10_min_child_weight": 0.47149983428367015, "log10_subsample": -0.9607409898970414, "max_depth": 7.0, "num_boost_round": 2.0}, "datetime": {"datetime": "2024-01-19 00:35:39", "elapsed": 1443.520159, "delta": 0.002407}}
{"target": -13.758435364834618, "params": {"gamma": 881.5954442751415, "log10_alpha": 0.7684131359184132, "log10_colsample_bytree": -0.2326694021397625, "log10_eta": -3.1856173748223253, "log10_lambda": 0.786333411358342, "log10_min_child_weight": 0.47149983428367015, "log10_subsample": -0.9607409898970414, "max_depth": 7.0, "num_boost_round": 3.0}, "datetime": {"datetime": "2024-01-19 00:35:39", "elapsed": 1443.522416, "delta": 0.002257}}
{"target": -13.758416903937894, "params": {"gamma": 881.5954442751415, "log10_alpha": 0.7684131359184132, "log10_colsample_bytree": -0.2326694021397625, "log10_eta": -3.1856173748223253, "log10_lambda": 0.786333411358342, "log10_min_child_weight": 0.47149983428367015, "log10_subsample": -0.9607409898970414, "max_depth": 7.0, "num_boost_round": 4.0}, "datetime": {"datetime": "2024-01-19 00:35:39", "elapsed": 1443.524737, "delta": 0.002321}}
{"target": -13.75842250776566, "params": {"gamma": 881.5954442751415, "log10_alpha": 0.7684131359184132, "log10_colsample_bytree": -0.2326694021397625, "log10_eta": -3.1856173748223253, "log10_lambda": 0.786333411358342, "log10_min_child_weight": 0.47149983428367015, "log10_subsample": -0.9607409898970414, "max_depth": 7.0, "num_boost_round": 5.0}, "datetime": {"datetime": "2024-01-19 00:35:39", "elapsed": 1443.526989, "delta": 0.002252}}
{"target": -13.75838223559267, "params": {"gamma": 881.5954442751415, "log10_alpha": 0.7684131359184132, "log10_colsample_bytree": -0.2326694021397625, "log10_eta": -3.1856173748223253, "log10_lambda": 0.786333411358342, "log10_min_child_weight": 0.47149983428367015, "log10_subsample": -0.9607409898970414, "max_depth": 7.0, "num_boost_round": 6.0}, "datetime": {"datetime": "2024-01-19 00:35:39", "elapsed": 1443.529223, "delta": 0.002234}}
{"target": -13.758379129064847, "params": {"gamma": 881.5954442751415, "log10_alpha": 0.7684131359184132, "log10_colsample_bytree": -0.2326694021397625, "log10_eta": -3.1856173748223253, "log10_lambda": 0.786333411358342, "log10_min_child_weight": 0.47149983428367015, "log10_subsample": -0.9607409898970414, "max_depth": 7.0, "num_boost_round": 7.0}, "datetime": {"datetime": "2024-01-19 00:35:39", "elapsed": 1443.531663, "delta": 0.00244}}
{"target": -13.75835152819568, "params": {"gamma": 881.5954442751415, "log10_alpha": 0.7684131359184132, "log10_colsample_bytree": -0.2326694021397625, "log10_eta": -3.1856173748223253, "log10_lambda": 0.786333411358342, "log10_min_child_weight": 0.47149983428367015, "log10_subsample": -0.9607409898970414, "max_depth": 7.0, "num_boost_round": 8.0}, "datetime": {"datetime": "2024-01-19 00:35:39", "elapsed": 1443.534118, "delta": 0.002455}}
{"target": -13.758345920585706, "params": {"gamma": 881.5954442751415, "log10_alpha": 0.7684131359184132, "log10_colsample_bytree": -0.2326694021397625, "log10_eta": -3.1856173748223253, "log10_lambda": 0.786333411358342, "log10_min_child_weight": 0.47149983428367015, "log10_subsample": -0.9607409898970414, "max_depth": 7.0, "num_boost_round": 9.0}, "datetime": {"datetime": "2024-01-19 00:35:39", "elapsed": 1443.53652, "delta": 0.002402}}
{"target": -13.75833060490546, "params": {"gamma": 881.5954442751415, "log10_alpha": 0.7684131359184132, "log10_colsample_bytree": -0.2326694021397625, "log10_eta": -3.1856173748223253, "log10_lambda": 0.786333411358342, "log10_min_child_weight": 0.47149983428367015, "log10_subsample": -0.9607409898970414, "max_depth": 7.0, "num_boost_round": 10.0}, "datetime": {"datetime": "2024-01-19 00:35:39", "elapsed": 1443.538862, "delta": 0.002342}}
{"target": -13.758311225217742, "params": {"gamma": 881.5954442751415, "log10_alpha": 0.7684131359184132, "log10_colsample_bytree": -0.2326694021397625, "log10_eta": -3.1856173748223253, "log10_lambda": 0.786333411358342, "log10_min_child_weight": 0.47149983428367015, "log10_subsample": -0.9607409898970414, "max_depth": 7.0, "num_boost_round": 11.0}, "datetime": {"datetime": "2024-01-19 00:35:39", "elapsed": 1443.541088, "delta": 0.002226}}
{"target": -13.758303907532785, "params": {"gamma": 881.5954442751415, "log10_alpha": 0.7684131359184132, "log10_colsample_bytree": -0.2326694021397625, "log10_eta": -3.1856173748223253, "log10_lambda": 0.786333411358342, "log10_min_child_weight": 0.47149983428367015, "log10_subsample": -0.9607409898970414, "max_depth": 7.0, "num_boost_round": 12.0}, "datetime": {"datetime": "2024-01-19 00:35:39", "elapsed": 1443.543346, "delta": 0.002258}}
{"target": -13.758296392231008, "params": {"gamma": 881.5954442751415, "log10_alpha": 0.7684131359184132, "log10_colsample_bytree": -0.2326694021397625, "log10_eta": -3.1856173748223253, "log10_lambda": 0.786333411358342, "log10_min_child_weight": 0.47149983428367015, "log10_subsample": -0.9607409898970414, "max_depth": 7.0, "num_boost_round": 13.0}, "datetime": {"datetime": "2024-01-19 00:35:39", "elapsed": 1443.545582, "delta": 0.002236}}
{"target": -13.758296228752506, "params": {"gamma": 881.5954442751415, "log10_alpha": 0.7684131359184132, "log10_colsample_bytree": -0.2326694021397625, "log10_eta": -3.1856173748223253, "log10_lambda": 0.786333411358342, "log10_min_child_weight": 0.47149983428367015, "log10_subsample": -0.9607409898970414, "max_depth": 7.0, "num_boost_round": 14.0}, "datetime": {"datetime": "2024-01-19 00:35:39", "elapsed": 1443.547816, "delta": 0.002234}}
{"target": -13.758247209057176, "params": {"gamma": 881.5954442751415, "log10_alpha": 0.7684131359184132, "log10_colsample_bytree": -0.2326694021397625, "log10_eta": -3.1856173748223253, "log10_lambda": 0.786333411358342, "log10_min_child_weight": 0.47149983428367015, "log10_subsample": -0.9607409898970414, "max_depth": 7.0, "num_boost_round": 15.0}, "datetime": {"datetime": "2024-01-19 00:35:39", "elapsed": 1443.550053, "delta": 0.002237}}
{"target": -13.758230824130814, "params": {"gamma": 881.5954442751415, "log10_alpha": 0.7684131359184132, "log10_colsample_bytree": -0.2326694021397625, "log10_eta": -3.1856173748223253, "log10_lambda": 0.786333411358342, "log10_min_child_weight": 0.47149983428367015, "log10_subsample": -0.9607409898970414, "max_depth": 7.0, "num_boost_round": 16.0}, "datetime": {"datetime": "2024-01-19 00:35:39", "elapsed": 1443.552516, "delta": 0.002463}}
{"target": -13.758228430858093, "params": {"gamma": 881.5954442751415, "log10_alpha": 0.7684131359184132, "log10_colsample_bytree": -0.2326694021397625, "log10_eta": -3.1856173748223253, "log10_lambda": 0.786333411358342, "log10_min_child_weight": 0.47149983428367015, "log10_subsample": -0.9607409898970414, "max_depth": 7.0, "num_boost_round": 17.0}, "datetime": {"datetime": "2024-01-19 00:35:39", "elapsed": 1443.554745, "delta": 0.002229}}
