{"target": -13.757818314807894, "params": {"gamma": 198.19200375964286, "log10_alpha": -0.42721853364340934, "log10_colsample_bytree": -0.4907716375360992, "log10_eta": -2.416288937219434, "log10_lambda": -4.444620896164931, "log10_min_child_weight": 0.022587236955977086, "log10_subsample": -0.7523437687832757, "max_depth": 6.0, "num_boost_round": 4.0}, "datetime": {"datetime": "2024-01-19 00:16:03", "elapsed": 270.574951, "delta": 0.000603}}
{"target": -13.757781396313238, "params": {"gamma": 198.19200375964286, "log10_alpha": -0.42721853364340934, "log10_colsample_bytree": -0.4907716375360992, "log10_eta": -2.416288937219434, "log10_lambda": -4.444620896164931, "log10_min_child_weight": 0.022587236955977086, "log10_subsample": -0.7523437687832757, "max_depth": 6.0, "num_boost_round": 5.0}, "datetime": {"datetime": "2024-01-19 00:16:03", "elapsed": 270.575578, "delta": 0.000627}}
{"target": -13.757850702350598, "params": {"gamma": 198.19200375964286, "log10_alpha": -0.42721853364340934, "log10_colsample_bytree": -0.4907716375360992, "log10_eta": -2.416288937219434, "log10_lambda": -4.444620896164931, "log10_min_child_weight": 0.022587236955977086, "log10_subsample": -0.7523437687832757, "max_depth": 6.0, "num_boost_round": 6.0}, "datetime": {"datetime": "2024-01-19 00:16:03", "elapsed": 270.576129, "delta": 0.000551}}
{"target": -13.757739785965102, "params": {"gamma": 198.19200375964286, "log10_alpha": -0.42721853364340934, "log10_colsample_bytree": -0.4907716375360992, "log10_eta": -2.416288937219434, "log10_lambda": -4.444620896164931, "log10_min_child_weight": 0.022587236955977086, "log10_subsample": -0.7523437687832757, "max_depth": 6.0, "num_boost_round": 7.0}, "datetime": {"datetime": "2024-01-19 00:16:03", "elapsed": 270.576879, "delta": 0.00075}}
{"target": -13.757589578330018, "params": {"gamma": 198.19200375964286, "log10_alpha": -0.42721853364340934, "log10_colsample_bytree": -0.4907716375360992, "log10_eta": -2.416288937219434, "log10_lambda": -4.444620896164931, "log10_min_child_weight": 0.022587236955977086, "log10_subsample": -0.7523437687832757, "max_depth": 6.0, "num_boost_round": 8.0}, "datetime": {"datetime": "2024-01-19 00:16:03", "elapsed": 270.577405, "delta": 0.000526}}
{"target": -13.75759332896607, "params": {"gamma": 198.19200375964286, "log10_alpha": -0.42721853364340934, "log10_colsample_bytree": -0.4907716375360992, "log10_eta": -2.416288937219434, "log10_lambda": -4.444620896164931, "log10_min_child_weight": 0.022587236955977086, "log10_subsample": -0.7523437687832757, "max_depth": 6.0, "num_boost_round": 9.0}, "datetime": {"datetime": "2024-01-19 00:16:03", "elapsed": 270.577924, "delta": 0.000519}}
{"target": -13.757535099369129, "params": {"gamma": 198.19200375964286, "log10_alpha": -0.42721853364340934, "log10_colsample_bytree": -0.4907716375360992, "log10_eta": -2.416288937219434, "log10_lambda": -4.444620896164931, "log10_min_child_weight": 0.022587236955977086, "log10_subsample": -0.7523437687832757, "max_depth": 6.0, "num_boost_round": 10.0}, "datetime": {"datetime": "2024-01-19 00:16:03", "elapsed": 270.578438, "delta": 0.000514}}
{"target": -13.758526551466801, "params": {"gamma": 200.21252427247228, "log10_alpha": -0.9904101961609832, "log10_colsample_bytree": -0.4857732583878941, "log10_eta": -2.700408289090515, "log10_lambda": -0.15153184639701145, "log10_min_child_weight": 0.22472060191200738, "log10_subsample": -0.5921921426564322, "max_depth": 5.0, "num_boost_round": 0.0}, "datetime": {"datetime": "2024-01-19 00:16:24", "elapsed": 292.035669, "delta": 21.457231}}
{"target": -13.758458300931864, "params": {"gamma": 200.21252427247228, "log10_alpha": -0.9904101961609832, "log10_colsample_bytree": -0.4857732583878941, "log10_eta": -2.700408289090515, "log10_lambda": -0.15153184639701145, "log10_min_child_weight": 0.22472060191200738, "log10_subsample": -0.5921921426564322, "max_depth": 5.0, "num_boost_round": 1.0}, "datetime": {"datetime": "2024-01-19 00:16:24", "elapsed": 292.037299, "delta": 0.00163}}
{"target": -13.758379901140756, "params": {"gamma": 200.21252427247228, "log10_alpha": -0.9904101961609832, "log10_colsample_bytree": -0.4857732583878941, "log10_eta": -2.700408289090515, "log10_lambda": -0.15153184639701145, "log10_min_child_weight": 0.22472060191200738, "log10_subsample": -0.5921921426564322, "max_depth": 5.0, "num_boost_round": 2.0}, "datetime": {"datetime": "2024-01-19 00:16:24", "elapsed": 292.037985, "delta": 0.000686}}
{"target": -13.758372079378717, "params": {"gamma": 200.21252427247228, "log10_alpha": -0.9904101961609832, "log10_colsample_bytree": -0.4857732583878941, "log10_eta": -2.700408289090515, "log10_lambda": -0.15153184639701145, "log10_min_child_weight": 0.22472060191200738, "log10_subsample": -0.5921921426564322, "max_depth": 5.0, "num_boost_round": 3.0}, "datetime": {"datetime": "2024-01-19 00:16:24", "elapsed": 292.038602, "delta": 0.000617}}
{"target": -13.75836065055786, "params": {"gamma": 200.21252427247228, "log10_alpha": -0.9904101961609832, "log10_colsample_bytree": -0.4857732583878941, "log10_eta": -2.700408289090515, "log10_lambda": -0.15153184639701145, "log10_min_child_weight": 0.22472060191200738, "log10_subsample": -0.5921921426564322, "max_depth": 5.0, "num_boost_round": 4.0}, "datetime": {"datetime": "2024-01-19 00:16:24", "elapsed": 292.03913, "delta": 0.000528}}
{"target": -13.758338178352675, "params": {"gamma": 200.21252427247228, "log10_alpha": -0.9904101961609832, "log10_colsample_bytree": -0.4857732583878941, "log10_eta": -2.700408289090515, "log10_lambda": -0.15153184639701145, "log10_min_child_weight": 0.22472060191200738, "log10_subsample": -0.5921921426564322, "max_depth": 5.0, "num_boost_round": 5.0}, "datetime": {"datetime": "2024-01-19 00:16:24", "elapsed": 292.0398, "delta": 0.00067}}
{"target": -13.75831374257961, "params": {"gamma": 200.21252427247228, "log10_alpha": -0.9904101961609832, "log10_colsample_bytree": -0.4857732583878941, "log10_eta": -2.700408289090515, "log10_lambda": -0.15153184639701145, "log10_min_child_weight": 0.22472060191200738, "log10_subsample": -0.5921921426564322, "max_depth": 5.0, "num_boost_round": 6.0}, "datetime": {"datetime": "2024-01-19 00:16:24", "elapsed": 292.040426, "delta": 0.000626}}
{"target": -13.75825891639008, "params": {"gamma": 200.21252427247228, "log10_alpha": -0.9904101961609832, "log10_colsample_bytree": -0.4857732583878941, "log10_eta": -2.700408289090515, "log10_lambda": -0.15153184639701145, "log10_min_child_weight": 0.22472060191200738, "log10_subsample": -0.5921921426564322, "max_depth": 5.0, "num_boost_round": 7.0}, "datetime": {"datetime": "2024-01-19 00:16:24", "elapsed": 292.041041, "delta": 0.000615}}
{"target": -13.758185838769677, "params": {"gamma": 200.21252427247228, "log10_alpha": -0.9904101961609832, "log10_colsample_bytree": -0.4857732583878941, "log10_eta": -2.700408289090515, "log10_lambda": -0.15153184639701145, "log10_min_child_weight": 0.22472060191200738, "log10_subsample": -0.5921921426564322, "max_depth": 5.0, "num_boost_round": 8.0}, "datetime": {"datetime": "2024-01-19 00:16:24", "elapsed": 292.041687, "delta": 0.000646}}
{"target": -13.758162705641505, "params": {"gamma": 200.21252427247228, "log10_alpha": -0.9904101961609832, "log10_colsample_bytree": -0.4857732583878941, "log10_eta": -2.700408289090515, "log10_lambda": -0.15153184639701145, "log10_min_child_weight": 0.22472060191200738, "log10_subsample": -0.5921921426564322, "max_depth": 5.0, "num_boost_round": 9.0}, "datetime": {"datetime": "2024-01-19 00:16:24", "elapsed": 292.042359, "delta": 0.000672}}
{"target": -13.758073604643602, "params": {"gamma": 200.21252427247228, "log10_alpha": -0.9904101961609832, "log10_colsample_bytree": -0.4857732583878941, "log10_eta": -2.700408289090515, "log10_lambda": -0.15153184639701145, "log10_min_child_weight": 0.22472060191200738, "log10_subsample": -0.5921921426564322, "max_depth": 5.0, "num_boost_round": 10.0}, "datetime": {"datetime": "2024-01-19 00:16:24", "elapsed": 292.0429, "delta": 0.000541}}
{"target": -13.75800205992399, "params": {"gamma": 200.21252427247228, "log10_alpha": -0.9904101961609832, "log10_colsample_bytree": -0.4857732583878941, "log10_eta": -2.700408289090515, "log10_lambda": -0.15153184639701145, "log10_min_child_weight": 0.22472060191200738, "log10_subsample": -0.5921921426564322, "max_depth": 5.0, "num_boost_round": 11.0}, "datetime": {"datetime": "2024-01-19 00:16:24", "elapsed": 292.043418, "delta": 0.000518}}
{"target": -13.75796916681622, "params": {"gamma": 200.21252427247228, "log10_alpha": -0.9904101961609832, "log10_colsample_bytree": -0.4857732583878941, "log10_eta": -2.700408289090515, "log10_lambda": -0.15153184639701145, "log10_min_child_weight": 0.22472060191200738, "log10_subsample": -0.5921921426564322, "max_depth": 5.0, "num_boost_round": 12.0}, "datetime": {"datetime": "2024-01-19 00:16:24", "elapsed": 292.043943, "delta": 0.000525}}
{"target": -13.758031378625946, "params": {"gamma": 200.21252427247228, "log10_alpha": -0.9904101961609832, "log10_colsample_bytree": -0.4857732583878941, "log10_eta": -2.700408289090515, "log10_lambda": -0.15153184639701145, "log10_min_child_weight": 0.22472060191200738, "log10_subsample": -0.5921921426564322, "max_depth": 5.0, "num_boost_round": 13.0}, "datetime": {"datetime": "2024-01-19 00:16:24", "elapsed": 292.044461, "delta": 0.000518}}
{"target": -13.75803354909175, "params": {"gamma": 200.21252427247228, "log10_alpha": -0.9904101961609832, "log10_colsample_bytree": -0.4857732583878941, "log10_eta": -2.700408289090515, "log10_lambda": -0.15153184639701145, "log10_min_child_weight": 0.22472060191200738, "log10_subsample": -0.5921921426564322, "max_depth": 5.0, "num_boost_round": 14.0}, "datetime": {"datetime": "2024-01-19 00:16:24", "elapsed": 292.044991, "delta": 0.00053}}
{"target": -13.757950700115293, "params": {"gamma": 200.21252427247228, "log10_alpha": -0.9904101961609832, "log10_colsample_bytree": -0.4857732583878941, "log10_eta": -2.700408289090515, "log10_lambda": -0.15153184639701145, "log10_min_child_weight": 0.22472060191200738, "log10_subsample": -0.5921921426564322, "max_depth": 5.0, "num_boost_round": 15.0}, "datetime": {"datetime": "2024-01-19 00:16:24", "elapsed": 292.045566, "delta": 0.000575}}
{"target": -13.757908333910496, "params": {"gamma": 200.21252427247228, "log10_alpha": -0.9904101961609832, "log10_colsample_bytree": -0.4857732583878941, "log10_eta": -2.700408289090515, "log10_lambda": -0.15153184639701145, "log10_min_child_weight": 0.22472060191200738, "log10_subsample": -0.5921921426564322, "max_depth": 5.0, "num_boost_round": 16.0}, "datetime": {"datetime": "2024-01-19 00:16:24", "elapsed": 292.0461, "delta": 0.000534}}
{"target": -13.757913273108278, "params": {"gamma": 200.21252427247228, "log10_alpha": -0.9904101961609832, "log10_colsample_bytree": -0.4857732583878941, "log10_eta": -2.700408289090515, "log10_lambda": -0.15153184639701145, "log10_min_child_weight": 0.22472060191200738, "log10_subsample": -0.5921921426564322, "max_depth": 5.0, "num_boost_round": 17.0}, "datetime": {"datetime": "2024-01-19 00:16:24", "elapsed": 292.046639, "delta": 0.000539}}
{"target": -13.758315406899545, "params": {"gamma": 190.92708306689266, "log10_alpha": -0.8860478552899007, "log10_colsample_bytree": -0.6457218094678743, "log10_eta": -1.9252189800251793, "log10_lambda": -0.6487026762819887, "log10_min_child_weight": 0.42182475694916177, "log10_subsample": -0.8673092366359709, "max_depth": 5.0, "num_boost_round": 0.0}, "datetime": {"datetime": "2024-01-19 00:16:46", "elapsed": 313.961212, "delta": 21.914573}}
{"target": -13.7576360480891, "params": {"gamma": 190.92708306689266, "log10_alpha": -0.8860478552899007, "log10_colsample_bytree": -0.6457218094678743, "log10_eta": -1.9252189800251793, "log10_lambda": -0.6487026762819887, "log10_min_child_weight": 0.42182475694916177, "log10_subsample": -0.8673092366359709, "max_depth": 5.0, "num_boost_round": 1.0}, "datetime": {"datetime": "2024-01-19 00:16:46", "elapsed": 313.962083, "delta": 0.000871}}
{"target": -13.75735153590953, "params": {"gamma": 190.92708306689266, "log10_alpha": -0.8860478552899007, "log10_colsample_bytree": -0.6457218094678743, "log10_eta": -1.9252189800251793, "log10_lambda": -0.6487026762819887, "log10_min_child_weight": 0.42182475694916177, "log10_subsample": -0.8673092366359709, "max_depth": 5.0, "num_boost_round": 2.0}, "datetime": {"datetime": "2024-01-19 00:16:46", "elapsed": 313.962637, "delta": 0.000554}}
{"target": -13.757163615680412, "params": {"gamma": 190.92708306689266, "log10_alpha": -0.8860478552899007, "log10_colsample_bytree": -0.6457218094678743, "log10_eta": -1.9252189800251793, "log10_lambda": -0.6487026762819887, "log10_min_child_weight": 0.42182475694916177, "log10_subsample": -0.8673092366359709, "max_depth": 5.0, "num_boost_round": 3.0}, "datetime": {"datetime": "2024-01-19 00:16:46", "elapsed": 313.963172, "delta": 0.000535}}
{"target": -13.756661483327724, "params": {"gamma": 190.92708306689266, "log10_alpha": -0.8860478552899007, "log10_colsample_bytree": -0.6457218094678743, "log10_eta": -1.9252189800251793, "log10_lambda": -0.6487026762819887, "log10_min_child_weight": 0.42182475694916177, "log10_subsample": -0.8673092366359709, "max_depth": 5.0, "num_boost_round": 4.0}, "datetime": {"datetime": "2024-01-19 00:16:46", "elapsed": 313.963707, "delta": 0.000535}}
{"target": -13.756155524738855, "params": {"gamma": 190.92708306689266, "log10_alpha": -0.8860478552899007, "log10_colsample_bytree": -0.6457218094678743, "log10_eta": -1.9252189800251793, "log10_lambda": -0.6487026762819887, "log10_min_child_weight": 0.42182475694916177, "log10_subsample": -0.8673092366359709, "max_depth": 5.0, "num_boost_round": 5.0}, "datetime": {"datetime": "2024-01-19 00:16:46", "elapsed": 313.964335, "delta": 0.000628}}
{"target": -13.755855031435935, "params": {"gamma": 190.92708306689266, "log10_alpha": -0.8860478552899007, "log10_colsample_bytree": -0.6457218094678743, "log10_eta": -1.9252189800251793, "log10_lambda": -0.6487026762819887, "log10_min_child_weight": 0.42182475694916177, "log10_subsample": -0.8673092366359709, "max_depth": 5.0, "num_boost_round": 6.0}, "datetime": {"datetime": "2024-01-19 00:16:46", "elapsed": 313.964872, "delta": 0.000537}}
{"target": -13.755675165113804, "params": {"gamma": 190.92708306689266, "log10_alpha": -0.8860478552899007, "log10_colsample_bytree": -0.6457218094678743, "log10_eta": -1.9252189800251793, "log10_lambda": -0.6487026762819887, "log10_min_child_weight": 0.42182475694916177, "log10_subsample": -0.8673092366359709, "max_depth": 5.0, "num_boost_round": 7.0}, "datetime": {"datetime": "2024-01-19 00:16:46", "elapsed": 313.965405, "delta": 0.000533}}
{"target": -13.755498114718241, "params": {"gamma": 190.92708306689266, "log10_alpha": -0.8860478552899007, "log10_colsample_bytree": -0.6457218094678743, "log10_eta": -1.9252189800251793, "log10_lambda": -0.6487026762819887, "log10_min_child_weight": 0.42182475694916177, "log10_subsample": -0.8673092366359709, "max_depth": 5.0, "num_boost_round": 8.0}, "datetime": {"datetime": "2024-01-19 00:16:46", "elapsed": 313.965946, "delta": 0.000541}}
{"target": -13.755698440326462, "params": {"gamma": 190.92708306689266, "log10_alpha": -0.8860478552899007, "log10_colsample_bytree": -0.6457218094678743, "log10_eta": -1.9252189800251793, "log10_lambda": -0.6487026762819887, "log10_min_child_weight": 0.42182475694916177, "log10_subsample": -0.8673092366359709, "max_depth": 5.0, "num_boost_round": 9.0}, "datetime": {"datetime": "2024-01-19 00:16:46", "elapsed": 313.966483, "delta": 0.000537}}
{"target": -13.755580000770701, "params": {"gamma": 190.92708306689266, "log10_alpha": -0.8860478552899007, "log10_colsample_bytree": -0.6457218094678743, "log10_eta": -1.9252189800251793, "log10_lambda": -0.6487026762819887, "log10_min_child_weight": 0.42182475694916177, "log10_subsample": -0.8673092366359709, "max_depth": 5.0, "num_boost_round": 10.0}, "datetime": {"datetime": "2024-01-19 00:16:46", "elapsed": 313.967023, "delta": 0.00054}}
{"target": -13.755548211381901, "params": {"gamma": 190.92708306689266, "log10_alpha": -0.8860478552899007, "log10_colsample_bytree": -0.6457218094678743, "log10_eta": -1.9252189800251793, "log10_lambda": -0.6487026762819887, "log10_min_child_weight": 0.42182475694916177, "log10_subsample": -0.8673092366359709, "max_depth": 5.0, "num_boost_round": 11.0}, "datetime": {"datetime": "2024-01-19 00:16:46", "elapsed": 313.967566, "delta": 0.000543}}
{"target": -13.755578783140999, "params": {"gamma": 190.92708306689266, "log10_alpha": -0.8860478552899007, "log10_colsample_bytree": -0.6457218094678743, "log10_eta": -1.9252189800251793, "log10_lambda": -0.6487026762819887, "log10_min_child_weight": 0.42182475694916177, "log10_subsample": -0.8673092366359709, "max_depth": 5.0, "num_boost_round": 12.0}, "datetime": {"datetime": "2024-01-19 00:16:46", "elapsed": 313.968127, "delta": 0.000561}}
{"target": -13.755758436368694, "params": {"gamma": 190.92708306689266, "log10_alpha": -0.8860478552899007, "log10_colsample_bytree": -0.6457218094678743, "log10_eta": -1.9252189800251793, "log10_lambda": -0.6487026762819887, "log10_min_child_weight": 0.42182475694916177, "log10_subsample": -0.8673092366359709, "max_depth": 5.0, "num_boost_round": 13.0}, "datetime": {"datetime": "2024-01-19 00:16:46", "elapsed": 313.968729, "delta": 0.000602}}
{"target": -13.755775368155582, "params": {"gamma": 190.92708306689266, "log10_alpha": -0.8860478552899007, "log10_colsample_bytree": -0.6457218094678743, "log10_eta": -1.9252189800251793, "log10_lambda": -0.6487026762819887, "log10_min_child_weight": 0.42182475694916177, "log10_subsample": -0.8673092366359709, "max_depth": 5.0, "num_boost_round": 14.0}, "datetime": {"datetime": "2024-01-19 00:16:46", "elapsed": 313.969283, "delta": 0.000554}}
{"target": -13.755706928864193, "params": {"gamma": 190.92708306689266, "log10_alpha": -0.8860478552899007, "log10_colsample_bytree": -0.6457218094678743, "log10_eta": -1.9252189800251793, "log10_lambda": -0.6487026762819887, "log10_min_child_weight": 0.42182475694916177, "log10_subsample": -0.8673092366359709, "max_depth": 5.0, "num_boost_round": 15.0}, "datetime": {"datetime": "2024-01-19 00:16:46", "elapsed": 313.969848, "delta": 0.000565}}
{"target": -13.755677494905004, "params": {"gamma": 190.92708306689266, "log10_alpha": -0.8860478552899007, "log10_colsample_bytree": -0.6457218094678743, "log10_eta": -1.9252189800251793, "log10_lambda": -0.6487026762819887, "log10_min_child_weight": 0.42182475694916177, "log10_subsample": -0.8673092366359709, "max_depth": 5.0, "num_boost_round": 16.0}, "datetime": {"datetime": "2024-01-19 00:16:46", "elapsed": 313.970415, "delta": 0.000567}}
{"target": -13.755873319147986, "params": {"gamma": 190.92708306689266, "log10_alpha": -0.8860478552899007, "log10_colsample_bytree": -0.6457218094678743, "log10_eta": -1.9252189800251793, "log10_lambda": -0.6487026762819887, "log10_min_child_weight": 0.42182475694916177, "log10_subsample": -0.8673092366359709, "max_depth": 5.0, "num_boost_round": 17.0}, "datetime": {"datetime": "2024-01-19 00:16:46", "elapsed": 313.971088, "delta": 0.000673}}
{"target": -13.755891908069882, "params": {"gamma": 190.92708306689266, "log10_alpha": -0.8860478552899007, "log10_colsample_bytree": -0.6457218094678743, "log10_eta": -1.9252189800251793, "log10_lambda": -0.6487026762819887, "log10_min_child_weight": 0.42182475694916177, "log10_subsample": -0.8673092366359709, "max_depth": 5.0, "num_boost_round": 18.0}, "datetime": {"datetime": "2024-01-19 00:16:46", "elapsed": 313.971661, "delta": 0.000573}}
{"target": -14.178619214584636, "params": {"gamma": 185.49422695065797, "log10_alpha": -1.8910904416644838, "log10_colsample_bytree": -0.13271478552035665, "log10_eta": -0.06314930013687237, "log10_lambda": -4.443405388661448, "log10_min_child_weight": 2.046368350344035, "log10_subsample": -0.3707303301802629, "max_depth": 9.0, "num_boost_round": 0.0}, "datetime": {"datetime": "2024-01-19 00:17:07", "elapsed": 335.099791, "delta": 21.12813}}
{"target": -14.75432569998001, "params": {"gamma": 185.49422695065797, "log10_alpha": -1.8910904416644838, "log10_colsample_bytree": -0.13271478552035665, "log10_eta": -0.06314930013687237, "log10_lambda": -4.443405388661448, "log10_min_child_weight": 2.046368350344035, "log10_subsample": -0.3707303301802629, "max_depth": 9.0, "num_boost_round": 1.0}, "datetime": {"datetime": "2024-01-19 00:17:07", "elapsed": 335.101143, "delta": 0.001352}}
{"target": -14.9061497477816, "params": {"gamma": 185.49422695065797, "log10_alpha": -1.8910904416644838, "log10_colsample_bytree": -0.13271478552035665, "log10_eta": -0.06314930013687237, "log10_lambda": -4.443405388661448, "log10_min_child_weight": 2.046368350344035, "log10_subsample": -0.3707303301802629, "max_depth": 9.0, "num_boost_round": 2.0}, "datetime": {"datetime": "2024-01-19 00:17:07", "elapsed": 335.101708, "delta": 0.000565}}
{"target": -15.150085602765609, "params": {"gamma": 185.49422695065797, "log10_alpha": -1.8910904416644838, "log10_colsample_bytree": -0.13271478552035665, "log10_eta": -0.06314930013687237, "log10_lambda": -4.443405388661448, "log10_min_child_weight": 2.046368350344035, "log10_subsample": -0.3707303301802629, "max_depth": 9.0, "num_boost_round": 3.0}, "datetime": {"datetime": "2024-01-19 00:17:07", "elapsed": 335.102288, "delta": 0.00058}}
{"target": -15.324340454241051, "params": {"gamma": 185.49422695065797, "log10_alpha": -1.8910904416644838, "log10_colsample_bytree": -0.13271478552035665, "log10_eta": -0.06314930013687237, "log10_lambda": -4.443405388661448, "log10_min_child_weight": 2.046368350344035, "log10_subsample": -0.3707303301802629, "max_depth": 9.0, "num_boost_round": 4.0}, "datetime": {"datetime": "2024-01-19 00:17:07", "elapsed": 335.102872, "delta": 0.000584}}
