{"target": -13.758536593895494, "params": {"gamma": 951.4145958516591, "log10_alpha": -3.406958326557841, "log10_colsample_bytree": -0.7935254411989565, "log10_eta": -3.5156479419383673, "log10_lambda": -0.7999020178292557, "log10_min_child_weight": 4.730446496452887, "log10_subsample": -0.37502959829148375, "max_depth": 3.0, "num_boost_round": 8.0}, "datetime": {"datetime": "2024-01-19 00:36:43", "elapsed": 1504.784278, "delta": 0.00224}}
{"target": -13.75853569458617, "params": {"gamma": 951.4145958516591, "log10_alpha": -3.406958326557841, "log10_colsample_bytree": -0.7935254411989565, "log10_eta": -3.5156479419383673, "log10_lambda": -0.7999020178292557, "log10_min_child_weight": 4.730446496452887, "log10_subsample": -0.37502959829148375, "max_depth": 3.0, "num_boost_round": 9.0}, "datetime": {"datetime": "2024-01-19 00:36:43", "elapsed": 1504.786525, "delta": 0.002247}}
{"target": -13.758534991464284, "params": {"gamma": 951.4145958516591, "log10_alpha": -3.406958326557841, "log10_colsample_bytree": -0.7935254411989565, "log10_eta": -3.5156479419383673, "log10_lambda": -0.7999020178292557, "log10_min_child_weight": 4.730446496452887, "log10_subsample": -0.37502959829148375, "max_depth": 3.0, "num_boost_round": 10.0}, "datetime": {"datetime": "2024-01-19 00:36:43", "elapsed": 1504.788865, "delta": 0.00234}}
{"target": -13.758533957102346, "params": {"gamma": 951.4145958516591, "log10_alpha": -3.406958326557841, "log10_colsample_bytree": -0.7935254411989565, "log10_eta": -3.5156479419383673, "log10_lambda": -0.7999020178292557, "log10_min_child_weight": 4.730446496452887, "log10_subsample": -0.37502959829148375, "max_depth": 3.0, "num_boost_round": 11.0}, "datetime": {"datetime": "2024-01-19 00:36:43", "elapsed": 1504.791123, "delta": 0.002258}}
{"target": -13.758535060278692, "params": {"gamma": 951.4145958516591, "log10_alpha": -3.406958326557841, "log10_colsample_bytree": -0.7935254411989565, "log10_eta": -3.5156479419383673, "log10_lambda": -0.7999020178292557, "log10_min_child_weight": 4.730446496452887, "log10_subsample": -0.37502959829148375, "max_depth": 3.0, "num_boost_round": 12.0}, "datetime": {"datetime": "2024-01-19 00:36:43", "elapsed": 1504.793386, "delta": 0.002263}}
{"target": -13.75853428471349, "params": {"gamma": 951.4145958516591, "log10_alpha": -3.406958326557841, "log10_colsample_bytree": -0.7935254411989565, "log10_eta": -3.5156479419383673, "log10_lambda": -0.7999020178292557, "log10_min_child_weight": 4.730446496452887, "log10_subsample": -0.37502959829148375, "max_depth": 3.0, "num_boost_round": 13.0}, "datetime": {"datetime": "2024-01-19 00:36:43", "elapsed": 1504.795643, "delta": 0.002257}}
{"target": -13.758534036404214, "params": {"gamma": 951.4145958516591, "log10_alpha": -3.406958326557841, "log10_colsample_bytree": -0.7935254411989565, "log10_eta": -3.5156479419383673, "log10_lambda": -0.7999020178292557, "log10_min_child_weight": 4.730446496452887, "log10_subsample": -0.37502959829148375, "max_depth": 3.0, "num_boost_round": 14.0}, "datetime": {"datetime": "2024-01-19 00:36:43", "elapsed": 1504.797904, "delta": 0.002261}}
{"target": -13.758531032982921, "params": {"gamma": 951.4145958516591, "log10_alpha": -3.406958326557841, "log10_colsample_bytree": -0.7935254411989565, "log10_eta": -3.5156479419383673, "log10_lambda": -0.7999020178292557, "log10_min_child_weight": 4.730446496452887, "log10_subsample": -0.37502959829148375, "max_depth": 3.0, "num_boost_round": 15.0}, "datetime": {"datetime": "2024-01-19 00:36:43", "elapsed": 1504.800265, "delta": 0.002361}}
{"target": -13.758529727783655, "params": {"gamma": 951.4145958516591, "log10_alpha": -3.406958326557841, "log10_colsample_bytree": -0.7935254411989565, "log10_eta": -3.5156479419383673, "log10_lambda": -0.7999020178292557, "log10_min_child_weight": 4.730446496452887, "log10_subsample": -0.37502959829148375, "max_depth": 3.0, "num_boost_round": 16.0}, "datetime": {"datetime": "2024-01-19 00:36:43", "elapsed": 1504.802943, "delta": 0.002678}}
{"target": -13.758529275341257, "params": {"gamma": 951.4145958516591, "log10_alpha": -3.406958326557841, "log10_colsample_bytree": -0.7935254411989565, "log10_eta": -3.5156479419383673, "log10_lambda": -0.7999020178292557, "log10_min_child_weight": 4.730446496452887, "log10_subsample": -0.37502959829148375, "max_depth": 3.0, "num_boost_round": 17.0}, "datetime": {"datetime": "2024-01-19 00:36:43", "elapsed": 1504.805219, "delta": 0.002276}}
{"target": -13.758530906262285, "params": {"gamma": 951.4145958516591, "log10_alpha": -3.406958326557841, "log10_colsample_bytree": -0.7935254411989565, "log10_eta": -3.5156479419383673, "log10_lambda": -0.7999020178292557, "log10_min_child_weight": 4.730446496452887, "log10_subsample": -0.37502959829148375, "max_depth": 3.0, "num_boost_round": 18.0}, "datetime": {"datetime": "2024-01-19 00:36:43", "elapsed": 1504.807629, "delta": 0.00241}}
{"target": -13.75852996802179, "params": {"gamma": 951.4145958516591, "log10_alpha": -3.406958326557841, "log10_colsample_bytree": -0.7935254411989565, "log10_eta": -3.5156479419383673, "log10_lambda": -0.7999020178292557, "log10_min_child_weight": 4.730446496452887, "log10_subsample": -0.37502959829148375, "max_depth": 3.0, "num_boost_round": 19.0}, "datetime": {"datetime": "2024-01-19 00:36:43", "elapsed": 1504.810159, "delta": 0.00253}}
{"target": -13.758530509570383, "params": {"gamma": 951.4145958516591, "log10_alpha": -3.406958326557841, "log10_colsample_bytree": -0.7935254411989565, "log10_eta": -3.5156479419383673, "log10_lambda": -0.7999020178292557, "log10_min_child_weight": 4.730446496452887, "log10_subsample": -0.37502959829148375, "max_depth": 3.0, "num_boost_round": 20.0}, "datetime": {"datetime": "2024-01-19 00:36:43", "elapsed": 1504.812531, "delta": 0.002372}}
{"target": -13.758529736442846, "params": {"gamma": 951.4145958516591, "log10_alpha": -3.406958326557841, "log10_colsample_bytree": -0.7935254411989565, "log10_eta": -3.5156479419383673, "log10_lambda": -0.7999020178292557, "log10_min_child_weight": 4.730446496452887, "log10_subsample": -0.37502959829148375, "max_depth": 3.0, "num_boost_round": 21.0}, "datetime": {"datetime": "2024-01-19 00:36:43", "elapsed": 1504.814916, "delta": 0.002385}}
{"target": -13.75852872040933, "params": {"gamma": 951.4145958516591, "log10_alpha": -3.406958326557841, "log10_colsample_bytree": -0.7935254411989565, "log10_eta": -3.5156479419383673, "log10_lambda": -0.7999020178292557, "log10_min_child_weight": 4.730446496452887, "log10_subsample": -0.37502959829148375, "max_depth": 3.0, "num_boost_round": 22.0}, "datetime": {"datetime": "2024-01-19 00:36:43", "elapsed": 1504.817229, "delta": 0.002313}}
{"target": -13.75852846936477, "params": {"gamma": 951.4145958516591, "log10_alpha": -3.406958326557841, "log10_colsample_bytree": -0.7935254411989565, "log10_eta": -3.5156479419383673, "log10_lambda": -0.7999020178292557, "log10_min_child_weight": 4.730446496452887, "log10_subsample": -0.37502959829148375, "max_depth": 3.0, "num_boost_round": 23.0}, "datetime": {"datetime": "2024-01-19 00:36:43", "elapsed": 1504.819519, "delta": 0.00229}}
{"target": -13.758527521857394, "params": {"gamma": 951.4145958516591, "log10_alpha": -3.406958326557841, "log10_colsample_bytree": -0.7935254411989565, "log10_eta": -3.5156479419383673, "log10_lambda": -0.7999020178292557, "log10_min_child_weight": 4.730446496452887, "log10_subsample": -0.37502959829148375, "max_depth": 3.0, "num_boost_round": 24.0}, "datetime": {"datetime": "2024-01-19 00:36:43", "elapsed": 1504.821851, "delta": 0.002332}}
{"target": -13.75852719924399, "params": {"gamma": 951.4145958516591, "log10_alpha": -3.406958326557841, "log10_colsample_bytree": -0.7935254411989565, "log10_eta": -3.5156479419383673, "log10_lambda": -0.7999020178292557, "log10_min_child_weight": 4.730446496452887, "log10_subsample": -0.37502959829148375, "max_depth": 3.0, "num_boost_round": 25.0}, "datetime": {"datetime": "2024-01-19 00:36:43", "elapsed": 1504.82417, "delta": 0.002319}}
{"target": -13.758525978787347, "params": {"gamma": 951.4145958516591, "log10_alpha": -3.406958326557841, "log10_colsample_bytree": -0.7935254411989565, "log10_eta": -3.5156479419383673, "log10_lambda": -0.7999020178292557, "log10_min_child_weight": 4.730446496452887, "log10_subsample": -0.37502959829148375, "max_depth": 3.0, "num_boost_round": 26.0}, "datetime": {"datetime": "2024-01-19 00:36:43", "elapsed": 1504.8265, "delta": 0.00233}}
{"target": -13.758523388911499, "params": {"gamma": 951.4145958516591, "log10_alpha": -3.406958326557841, "log10_colsample_bytree": -0.7935254411989565, "log10_eta": -3.5156479419383673, "log10_lambda": -0.7999020178292557, "log10_min_child_weight": 4.730446496452887, "log10_subsample": -0.37502959829148375, "max_depth": 3.0, "num_boost_round": 27.0}, "datetime": {"datetime": "2024-01-19 00:36:43", "elapsed": 1504.828823, "delta": 0.002323}}
{"target": -13.75852009913396, "params": {"gamma": 951.4145958516591, "log10_alpha": -3.406958326557841, "log10_colsample_bytree": -0.7935254411989565, "log10_eta": -3.5156479419383673, "log10_lambda": -0.7999020178292557, "log10_min_child_weight": 4.730446496452887, "log10_subsample": -0.37502959829148375, "max_depth": 3.0, "num_boost_round": 28.0}, "datetime": {"datetime": "2024-01-19 00:36:43", "elapsed": 1504.831168, "delta": 0.002345}}
{"target": -13.758519205229637, "params": {"gamma": 951.4145958516591, "log10_alpha": -3.406958326557841, "log10_colsample_bytree": -0.7935254411989565, "log10_eta": -3.5156479419383673, "log10_lambda": -0.7999020178292557, "log10_min_child_weight": 4.730446496452887, "log10_subsample": -0.37502959829148375, "max_depth": 3.0, "num_boost_round": 29.0}, "datetime": {"datetime": "2024-01-19 00:36:43", "elapsed": 1504.833501, "delta": 0.002333}}
{"target": -13.758536366565826, "params": {"gamma": 978.4339436922374, "log10_alpha": -0.1459952161009425, "log10_colsample_bytree": -1.0, "log10_eta": -4.0, "log10_lambda": -5.0, "log10_min_child_weight": 3.535747461980687, "log10_subsample": 0.0, "max_depth": 4.0, "num_boost_round": 0.0}, "datetime": {"datetime": "2024-01-19 00:37:18", "elapsed": 1539.407605, "delta": 34.574104}}
{"target": -13.758535558466047, "params": {"gamma": 978.4339436922374, "log10_alpha": -0.1459952161009425, "log10_colsample_bytree": -1.0, "log10_eta": -4.0, "log10_lambda": -5.0, "log10_min_child_weight": 3.535747461980687, "log10_subsample": 0.0, "max_depth": 4.0, "num_boost_round": 1.0}, "datetime": {"datetime": "2024-01-19 00:37:18", "elapsed": 1539.410541, "delta": 0.002936}}
{"target": -13.758535174692504, "params": {"gamma": 978.4339436922374, "log10_alpha": -0.1459952161009425, "log10_colsample_bytree": -1.0, "log10_eta": -4.0, "log10_lambda": -5.0, "log10_min_child_weight": 3.535747461980687, "log10_subsample": 0.0, "max_depth": 4.0, "num_boost_round": 2.0}, "datetime": {"datetime": "2024-01-19 00:37:18", "elapsed": 1539.413004, "delta": 0.002463}}
{"target": -13.758534856448973, "params": {"gamma": 978.4339436922374, "log10_alpha": -0.1459952161009425, "log10_colsample_bytree": -1.0, "log10_eta": -4.0, "log10_lambda": -5.0, "log10_min_child_weight": 3.535747461980687, "log10_subsample": 0.0, "max_depth": 4.0, "num_boost_round": 3.0}, "datetime": {"datetime": "2024-01-19 00:37:18", "elapsed": 1539.415399, "delta": 0.002395}}
{"target": -13.758533115815888, "params": {"gamma": 978.4339436922374, "log10_alpha": -0.1459952161009425, "log10_colsample_bytree": -1.0, "log10_eta": -4.0, "log10_lambda": -5.0, "log10_min_child_weight": 3.535747461980687, "log10_subsample": 0.0, "max_depth": 4.0, "num_boost_round": 4.0}, "datetime": {"datetime": "2024-01-19 00:37:18", "elapsed": 1539.417762, "delta": 0.002363}}
{"target": -13.75853272182002, "params": {"gamma": 978.4339436922374, "log10_alpha": -0.1459952161009425, "log10_colsample_bytree": -1.0, "log10_eta": -4.0, "log10_lambda": -5.0, "log10_min_child_weight": 3.535747461980687, "log10_subsample": 0.0, "max_depth": 4.0, "num_boost_round": 5.0}, "datetime": {"datetime": "2024-01-19 00:37:18", "elapsed": 1539.420038, "delta": 0.002276}}
{"target": -13.7585322051539, "params": {"gamma": 978.4339436922374, "log10_alpha": -0.1459952161009425, "log10_colsample_bytree": -1.0, "log10_eta": -4.0, "log10_lambda": -5.0, "log10_min_child_weight": 3.535747461980687, "log10_subsample": 0.0, "max_depth": 4.0, "num_boost_round": 6.0}, "datetime": {"datetime": "2024-01-19 00:37:18", "elapsed": 1539.42231, "delta": 0.002272}}
{"target": -13.758530725854794, "params": {"gamma": 978.4339436922374, "log10_alpha": -0.1459952161009425, "log10_colsample_bytree": -1.0, "log10_eta": -4.0, "log10_lambda": -5.0, "log10_min_child_weight": 3.535747461980687, "log10_subsample": 0.0, "max_depth": 4.0, "num_boost_round": 7.0}, "datetime": {"datetime": "2024-01-19 00:37:18", "elapsed": 1539.424587, "delta": 0.002277}}
{"target": -13.758530618942475, "params": {"gamma": 978.4339436922374, "log10_alpha": -0.1459952161009425, "log10_colsample_bytree": -1.0, "log10_eta": -4.0, "log10_lambda": -5.0, "log10_min_child_weight": 3.535747461980687, "log10_subsample": 0.0, "max_depth": 4.0, "num_boost_round": 8.0}, "datetime": {"datetime": "2024-01-19 00:37:18", "elapsed": 1539.426936, "delta": 0.002349}}
{"target": -13.758530363997732, "params": {"gamma": 978.4339436922374, "log10_alpha": -0.1459952161009425, "log10_colsample_bytree": -1.0, "log10_eta": -4.0, "log10_lambda": -5.0, "log10_min_child_weight": 3.535747461980687, "log10_subsample": 0.0, "max_depth": 4.0, "num_boost_round": 9.0}, "datetime": {"datetime": "2024-01-19 00:37:18", "elapsed": 1539.429262, "delta": 0.002326}}
{"target": -13.758528806205085, "params": {"gamma": 978.4339436922374, "log10_alpha": -0.1459952161009425, "log10_colsample_bytree": -1.0, "log10_eta": -4.0, "log10_lambda": -5.0, "log10_min_child_weight": 3.535747461980687, "log10_subsample": 0.0, "max_depth": 4.0, "num_boost_round": 10.0}, "datetime": {"datetime": "2024-01-19 00:37:18", "elapsed": 1539.431569, "delta": 0.002307}}
{"target": -13.758528275992035, "params": {"gamma": 978.4339436922374, "log10_alpha": -0.1459952161009425, "log10_colsample_bytree": -1.0, "log10_eta": -4.0, "log10_lambda": -5.0, "log10_min_child_weight": 3.535747461980687, "log10_subsample": 0.0, "max_depth": 4.0, "num_boost_round": 11.0}, "datetime": {"datetime": "2024-01-19 00:37:18", "elapsed": 1539.433898, "delta": 0.002329}}
{"target": -13.758526619557186, "params": {"gamma": 978.4339436922374, "log10_alpha": -0.1459952161009425, "log10_colsample_bytree": -1.0, "log10_eta": -4.0, "log10_lambda": -5.0, "log10_min_child_weight": 3.535747461980687, "log10_subsample": 0.0, "max_depth": 4.0, "num_boost_round": 12.0}, "datetime": {"datetime": "2024-01-19 00:37:18", "elapsed": 1539.436223, "delta": 0.002325}}
{"target": -13.758525762251816, "params": {"gamma": 978.4339436922374, "log10_alpha": -0.1459952161009425, "log10_colsample_bytree": -1.0, "log10_eta": -4.0, "log10_lambda": -5.0, "log10_min_child_weight": 3.535747461980687, "log10_subsample": 0.0, "max_depth": 4.0, "num_boost_round": 13.0}, "datetime": {"datetime": "2024-01-19 00:37:18", "elapsed": 1539.43858, "delta": 0.002357}}
{"target": -13.758523034383034, "params": {"gamma": 978.4339436922374, "log10_alpha": -0.1459952161009425, "log10_colsample_bytree": -1.0, "log10_eta": -4.0, "log10_lambda": -5.0, "log10_min_child_weight": 3.535747461980687, "log10_subsample": 0.0, "max_depth": 4.0, "num_boost_round": 14.0}, "datetime": {"datetime": "2024-01-19 00:37:18", "elapsed": 1539.440902, "delta": 0.002322}}
{"target": -13.758521225506685, "params": {"gamma": 978.4339436922374, "log10_alpha": -0.1459952161009425, "log10_colsample_bytree": -1.0, "log10_eta": -4.0, "log10_lambda": -5.0, "log10_min_child_weight": 3.535747461980687, "log10_subsample": 0.0, "max_depth": 4.0, "num_boost_round": 15.0}, "datetime": {"datetime": "2024-01-19 00:37:18", "elapsed": 1539.443233, "delta": 0.002331}}
{"target": -13.758520849282002, "params": {"gamma": 978.4339436922374, "log10_alpha": -0.1459952161009425, "log10_colsample_bytree": -1.0, "log10_eta": -4.0, "log10_lambda": -5.0, "log10_min_child_weight": 3.535747461980687, "log10_subsample": 0.0, "max_depth": 4.0, "num_boost_round": 16.0}, "datetime": {"datetime": "2024-01-19 00:37:18", "elapsed": 1539.445578, "delta": 0.002345}}
{"target": -13.758520417419836, "params": {"gamma": 978.4339436922374, "log10_alpha": -0.1459952161009425, "log10_colsample_bytree": -1.0, "log10_eta": -4.0, "log10_lambda": -5.0, "log10_min_child_weight": 3.535747461980687, "log10_subsample": 0.0, "max_depth": 4.0, "num_boost_round": 17.0}, "datetime": {"datetime": "2024-01-19 00:37:18", "elapsed": 1539.447869, "delta": 0.002291}}
{"target": -13.758519186606293, "params": {"gamma": 978.4339436922374, "log10_alpha": -0.1459952161009425, "log10_colsample_bytree": -1.0, "log10_eta": -4.0, "log10_lambda": -5.0, "log10_min_child_weight": 3.535747461980687, "log10_subsample": 0.0, "max_depth": 4.0, "num_boost_round": 18.0}, "datetime": {"datetime": "2024-01-19 00:37:18", "elapsed": 1539.450191, "delta": 0.002322}}
{"target": -13.758517146151547, "params": {"gamma": 978.4339436922374, "log10_alpha": -0.1459952161009425, "log10_colsample_bytree": -1.0, "log10_eta": -4.0, "log10_lambda": -5.0, "log10_min_child_weight": 3.535747461980687, "log10_subsample": 0.0, "max_depth": 4.0, "num_boost_round": 19.0}, "datetime": {"datetime": "2024-01-19 00:37:18", "elapsed": 1539.452536, "delta": 0.002345}}
{"target": -13.758517002636951, "params": {"gamma": 978.4339436922374, "log10_alpha": -0.1459952161009425, "log10_colsample_bytree": -1.0, "log10_eta": -4.0, "log10_lambda": -5.0, "log10_min_child_weight": 3.535747461980687, "log10_subsample": 0.0, "max_depth": 4.0, "num_boost_round": 20.0}, "datetime": {"datetime": "2024-01-19 00:37:18", "elapsed": 1539.454844, "delta": 0.002308}}
{"target": -13.758515115872502, "params": {"gamma": 978.4339436922374, "log10_alpha": -0.1459952161009425, "log10_colsample_bytree": -1.0, "log10_eta": -4.0, "log10_lambda": -5.0, "log10_min_child_weight": 3.535747461980687, "log10_subsample": 0.0, "max_depth": 4.0, "num_boost_round": 21.0}, "datetime": {"datetime": "2024-01-19 00:37:18", "elapsed": 1539.457173, "delta": 0.002329}}
{"target": -13.758514677402136, "params": {"gamma": 978.4339436922374, "log10_alpha": -0.1459952161009425, "log10_colsample_bytree": -1.0, "log10_eta": -4.0, "log10_lambda": -5.0, "log10_min_child_weight": 3.535747461980687, "log10_subsample": 0.0, "max_depth": 4.0, "num_boost_round": 22.0}, "datetime": {"datetime": "2024-01-19 00:37:18", "elapsed": 1539.45948, "delta": 0.002307}}
{"target": -13.758511323560649, "params": {"gamma": 978.4339436922374, "log10_alpha": -0.1459952161009425, "log10_colsample_bytree": -1.0, "log10_eta": -4.0, "log10_lambda": -5.0, "log10_min_child_weight": 3.535747461980687, "log10_subsample": 0.0, "max_depth": 4.0, "num_boost_round": 23.0}, "datetime": {"datetime": "2024-01-19 00:37:18", "elapsed": 1539.461809, "delta": 0.002329}}
{"target": -13.758511753197652, "params": {"gamma": 978.4339436922374, "log10_alpha": -0.1459952161009425, "log10_colsample_bytree": -1.0, "log10_eta": -4.0, "log10_lambda": -5.0, "log10_min_child_weight": 3.535747461980687, "log10_subsample": 0.0, "max_depth": 4.0, "num_boost_round": 24.0}, "datetime": {"datetime": "2024-01-19 00:37:18", "elapsed": 1539.464128, "delta": 0.002319}}
{"target": -13.758509344382249, "params": {"gamma": 978.4339436922374, "log10_alpha": -0.1459952161009425, "log10_colsample_bytree": -1.0, "log10_eta": -4.0, "log10_lambda": -5.0, "log10_min_child_weight": 3.535747461980687, "log10_subsample": 0.0, "max_depth": 4.0, "num_boost_round": 25.0}, "datetime": {"datetime": "2024-01-19 00:37:18", "elapsed": 1539.466449, "delta": 0.002321}}
{"target": -13.75850933084193, "params": {"gamma": 978.4339436922374, "log10_alpha": -0.1459952161009425, "log10_colsample_bytree": -1.0, "log10_eta": -4.0, "log10_lambda": -5.0, "log10_min_child_weight": 3.535747461980687, "log10_subsample": 0.0, "max_depth": 4.0, "num_boost_round": 26.0}, "datetime": {"datetime": "2024-01-19 00:37:18", "elapsed": 1539.468783, "delta": 0.002334}}
{"target": -13.75850695791558, "params": {"gamma": 978.4339436922374, "log10_alpha": -0.1459952161009425, "log10_colsample_bytree": -1.0, "log10_eta": -4.0, "log10_lambda": -5.0, "log10_min_child_weight": 3.535747461980687, "log10_subsample": 0.0, "max_depth": 4.0, "num_boost_round": 27.0}, "datetime": {"datetime": "2024-01-19 00:37:18", "elapsed": 1539.471105, "delta": 0.002322}}
{"target": -13.758505055409259, "params": {"gamma": 978.4339436922374, "log10_alpha": -0.1459952161009425, "log10_colsample_bytree": -1.0, "log10_eta": -4.0, "log10_lambda": -5.0, "log10_min_child_weight": 3.535747461980687, "log10_subsample": 0.0, "max_depth": 4.0, "num_boost_round": 28.0}, "datetime": {"datetime": "2024-01-19 00:37:18", "elapsed": 1539.473433, "delta": 0.002328}}
{"target": -13.758505656033401, "params": {"gamma": 978.4339436922374, "log10_alpha": -0.1459952161009425, "log10_colsample_bytree": -1.0, "log10_eta": -4.0, "log10_lambda": -5.0, "log10_min_child_weight": 3.535747461980687, "log10_subsample": 0.0, "max_depth": 4.0, "num_boost_round": 29.0}, "datetime": {"datetime": "2024-01-19 00:37:18", "elapsed": 1539.475758, "delta": 0.002325}}
{"target": -13.758502909293485, "params": {"gamma": 978.4339436922374, "log10_alpha": -0.1459952161009425, "log10_colsample_bytree": -1.0, "log10_eta": -4.0, "log10_lambda": -5.0, "log10_min_child_weight": 3.535747461980687, "log10_subsample": 0.0, "max_depth": 4.0, "num_boost_round": 30.0}, "datetime": {"datetime": "2024-01-19 00:37:18", "elapsed": 1539.478092, "delta": 0.002334}}
