{"target": -13.757657337857358, "params": {"gamma": 22.832618466846142, "log10_alpha": -3.889931801904555, "log10_colsample_bytree": -0.4165360152951868, "log10_eta": -2.466708235310813, "log10_lambda": 0.6498824182334193, "log10_min_child_weight": 1.6884659256142514, "log10_subsample": -0.43086613100135507, "max_depth": 9.0, "num_boost_round": 5.0}, "datetime": {"datetime": "2024-01-19 00:43:40", "elapsed": 1928.348461, "delta": 0.002124}}
{"target": -13.757772582749935, "params": {"gamma": 22.832618466846142, "log10_alpha": -3.889931801904555, "log10_colsample_bytree": -0.4165360152951868, "log10_eta": -2.466708235310813, "log10_lambda": 0.6498824182334193, "log10_min_child_weight": 1.6884659256142514, "log10_subsample": -0.43086613100135507, "max_depth": 9.0, "num_boost_round": 6.0}, "datetime": {"datetime": "2024-01-19 00:43:40", "elapsed": 1928.350465, "delta": 0.002004}}
{"target": -13.757966416340029, "params": {"gamma": 22.832618466846142, "log10_alpha": -3.889931801904555, "log10_colsample_bytree": -0.4165360152951868, "log10_eta": -2.466708235310813, "log10_lambda": 0.6498824182334193, "log10_min_child_weight": 1.6884659256142514, "log10_subsample": -0.43086613100135507, "max_depth": 9.0, "num_boost_round": 7.0}, "datetime": {"datetime": "2024-01-19 00:43:40", "elapsed": 1928.352461, "delta": 0.001996}}
{"target": -13.757955898969819, "params": {"gamma": 22.832618466846142, "log10_alpha": -3.889931801904555, "log10_colsample_bytree": -0.4165360152951868, "log10_eta": -2.466708235310813, "log10_lambda": 0.6498824182334193, "log10_min_child_weight": 1.6884659256142514, "log10_subsample": -0.43086613100135507, "max_depth": 9.0, "num_boost_round": 8.0}, "datetime": {"datetime": "2024-01-19 00:43:40", "elapsed": 1928.354469, "delta": 0.002008}}
{"target": -13.757958069840026, "params": {"gamma": 22.832618466846142, "log10_alpha": -3.889931801904555, "log10_colsample_bytree": -0.4165360152951868, "log10_eta": -2.466708235310813, "log10_lambda": 0.6498824182334193, "log10_min_child_weight": 1.6884659256142514, "log10_subsample": -0.43086613100135507, "max_depth": 9.0, "num_boost_round": 9.0}, "datetime": {"datetime": "2024-01-19 00:43:40", "elapsed": 1928.356519, "delta": 0.00205}}
{"target": -13.757805866128665, "params": {"gamma": 22.832618466846142, "log10_alpha": -3.889931801904555, "log10_colsample_bytree": -0.4165360152951868, "log10_eta": -2.466708235310813, "log10_lambda": 0.6498824182334193, "log10_min_child_weight": 1.6884659256142514, "log10_subsample": -0.43086613100135507, "max_depth": 9.0, "num_boost_round": 10.0}, "datetime": {"datetime": "2024-01-19 00:43:40", "elapsed": 1928.358533, "delta": 0.002014}}
{"target": -13.757804938780962, "params": {"gamma": 22.832618466846142, "log10_alpha": -3.889931801904555, "log10_colsample_bytree": -0.4165360152951868, "log10_eta": -2.466708235310813, "log10_lambda": 0.6498824182334193, "log10_min_child_weight": 1.6884659256142514, "log10_subsample": -0.43086613100135507, "max_depth": 9.0, "num_boost_round": 11.0}, "datetime": {"datetime": "2024-01-19 00:43:40", "elapsed": 1928.360525, "delta": 0.001992}}
{"target": -13.757913394351977, "params": {"gamma": 22.832618466846142, "log10_alpha": -3.889931801904555, "log10_colsample_bytree": -0.4165360152951868, "log10_eta": -2.466708235310813, "log10_lambda": 0.6498824182334193, "log10_min_child_weight": 1.6884659256142514, "log10_subsample": -0.43086613100135507, "max_depth": 9.0, "num_boost_round": 12.0}, "datetime": {"datetime": "2024-01-19 00:43:40", "elapsed": 1928.362539, "delta": 0.002014}}
{"target": -13.757891944406794, "params": {"gamma": 22.832618466846142, "log10_alpha": -3.889931801904555, "log10_colsample_bytree": -0.4165360152951868, "log10_eta": -2.466708235310813, "log10_lambda": 0.6498824182334193, "log10_min_child_weight": 1.6884659256142514, "log10_subsample": -0.43086613100135507, "max_depth": 9.0, "num_boost_round": 13.0}, "datetime": {"datetime": "2024-01-19 00:43:40", "elapsed": 1928.364543, "delta": 0.002004}}
{"target": -13.757917453077022, "params": {"gamma": 22.832618466846142, "log10_alpha": -3.889931801904555, "log10_colsample_bytree": -0.4165360152951868, "log10_eta": -2.466708235310813, "log10_lambda": 0.6498824182334193, "log10_min_child_weight": 1.6884659256142514, "log10_subsample": -0.43086613100135507, "max_depth": 9.0, "num_boost_round": 14.0}, "datetime": {"datetime": "2024-01-19 00:43:40", "elapsed": 1928.366571, "delta": 0.002028}}
{"target": -13.757865752267168, "params": {"gamma": 22.832618466846142, "log10_alpha": -3.889931801904555, "log10_colsample_bytree": -0.4165360152951868, "log10_eta": -2.466708235310813, "log10_lambda": 0.6498824182334193, "log10_min_child_weight": 1.6884659256142514, "log10_subsample": -0.43086613100135507, "max_depth": 9.0, "num_boost_round": 15.0}, "datetime": {"datetime": "2024-01-19 00:43:40", "elapsed": 1928.368706, "delta": 0.002135}}
{"target": -13.757897166599678, "params": {"gamma": 22.832618466846142, "log10_alpha": -3.889931801904555, "log10_colsample_bytree": -0.4165360152951868, "log10_eta": -2.466708235310813, "log10_lambda": 0.6498824182334193, "log10_min_child_weight": 1.6884659256142514, "log10_subsample": -0.43086613100135507, "max_depth": 9.0, "num_boost_round": 16.0}, "datetime": {"datetime": "2024-01-19 00:43:40", "elapsed": 1928.370707, "delta": 0.002001}}
{"target": -13.758535490046567, "params": {"gamma": 27.41967602782891, "log10_alpha": -1.625088668202992, "log10_colsample_bytree": -0.8480985433727706, "log10_eta": -3.5053045692072233, "log10_lambda": 0.8835545676195569, "log10_min_child_weight": 3.1378715746225745, "log10_subsample": -0.8697977434116279, "max_depth": 8.0, "num_boost_round": 0.0}, "datetime": {"datetime": "2024-01-19 00:44:09", "elapsed": 1957.320947, "delta": 28.95024}}
{"target": -13.758533290456555, "params": {"gamma": 27.41967602782891, "log10_alpha": -1.625088668202992, "log10_colsample_bytree": -0.8480985433727706, "log10_eta": -3.5053045692072233, "log10_lambda": 0.8835545676195569, "log10_min_child_weight": 3.1378715746225745, "log10_subsample": -0.8697977434116279, "max_depth": 8.0, "num_boost_round": 1.0}, "datetime": {"datetime": "2024-01-19 00:44:09", "elapsed": 1957.323353, "delta": 0.002406}}
{"target": -13.758530836468495, "params": {"gamma": 27.41967602782891, "log10_alpha": -1.625088668202992, "log10_colsample_bytree": -0.8480985433727706, "log10_eta": -3.5053045692072233, "log10_lambda": 0.8835545676195569, "log10_min_child_weight": 3.1378715746225745, "log10_subsample": -0.8697977434116279, "max_depth": 8.0, "num_boost_round": 2.0}, "datetime": {"datetime": "2024-01-19 00:44:09", "elapsed": 1957.325803, "delta": 0.00245}}
{"target": -13.758527491135064, "params": {"gamma": 27.41967602782891, "log10_alpha": -1.625088668202992, "log10_colsample_bytree": -0.8480985433727706, "log10_eta": -3.5053045692072233, "log10_lambda": 0.8835545676195569, "log10_min_child_weight": 3.1378715746225745, "log10_subsample": -0.8697977434116279, "max_depth": 8.0, "num_boost_round": 3.0}, "datetime": {"datetime": "2024-01-19 00:44:09", "elapsed": 1957.327985, "delta": 0.002182}}
{"target": -13.758524791362648, "params": {"gamma": 27.41967602782891, "log10_alpha": -1.625088668202992, "log10_colsample_bytree": -0.8480985433727706, "log10_eta": -3.5053045692072233, "log10_lambda": 0.8835545676195569, "log10_min_child_weight": 3.1378715746225745, "log10_subsample": -0.8697977434116279, "max_depth": 8.0, "num_boost_round": 4.0}, "datetime": {"datetime": "2024-01-19 00:44:09", "elapsed": 1957.330126, "delta": 0.002141}}
{"target": -13.758521186455614, "params": {"gamma": 27.41967602782891, "log10_alpha": -1.625088668202992, "log10_colsample_bytree": -0.8480985433727706, "log10_eta": -3.5053045692072233, "log10_lambda": 0.8835545676195569, "log10_min_child_weight": 3.1378715746225745, "log10_subsample": -0.8697977434116279, "max_depth": 8.0, "num_boost_round": 5.0}, "datetime": {"datetime": "2024-01-19 00:44:09", "elapsed": 1957.332135, "delta": 0.002009}}
{"target": -13.758525520695004, "params": {"gamma": 27.41967602782891, "log10_alpha": -1.625088668202992, "log10_colsample_bytree": -0.8480985433727706, "log10_eta": -3.5053045692072233, "log10_lambda": 0.8835545676195569, "log10_min_child_weight": 3.1378715746225745, "log10_subsample": -0.8697977434116279, "max_depth": 8.0, "num_boost_round": 6.0}, "datetime": {"datetime": "2024-01-19 00:44:09", "elapsed": 1957.334166, "delta": 0.002031}}
{"target": -13.758522684258976, "params": {"gamma": 27.41967602782891, "log10_alpha": -1.625088668202992, "log10_colsample_bytree": -0.8480985433727706, "log10_eta": -3.5053045692072233, "log10_lambda": 0.8835545676195569, "log10_min_child_weight": 3.1378715746225745, "log10_subsample": -0.8697977434116279, "max_depth": 8.0, "num_boost_round": 7.0}, "datetime": {"datetime": "2024-01-19 00:44:09", "elapsed": 1957.336279, "delta": 0.002113}}
{"target": -13.758514925741448, "params": {"gamma": 27.41967602782891, "log10_alpha": -1.625088668202992, "log10_colsample_bytree": -0.8480985433727706, "log10_eta": -3.5053045692072233, "log10_lambda": 0.8835545676195569, "log10_min_child_weight": 3.1378715746225745, "log10_subsample": -0.8697977434116279, "max_depth": 8.0, "num_boost_round": 8.0}, "datetime": {"datetime": "2024-01-19 00:44:09", "elapsed": 1957.338315, "delta": 0.002036}}
{"target": -13.758519621808455, "params": {"gamma": 27.41967602782891, "log10_alpha": -1.625088668202992, "log10_colsample_bytree": -0.8480985433727706, "log10_eta": -3.5053045692072233, "log10_lambda": 0.8835545676195569, "log10_min_child_weight": 3.1378715746225745, "log10_subsample": -0.8697977434116279, "max_depth": 8.0, "num_boost_round": 9.0}, "datetime": {"datetime": "2024-01-19 00:44:09", "elapsed": 1957.340342, "delta": 0.002027}}
{"target": -13.758511303375137, "params": {"gamma": 27.41967602782891, "log10_alpha": -1.625088668202992, "log10_colsample_bytree": -0.8480985433727706, "log10_eta": -3.5053045692072233, "log10_lambda": 0.8835545676195569, "log10_min_child_weight": 3.1378715746225745, "log10_subsample": -0.8697977434116279, "max_depth": 8.0, "num_boost_round": 10.0}, "datetime": {"datetime": "2024-01-19 00:44:09", "elapsed": 1957.342365, "delta": 0.002023}}
{"target": -13.758511105765939, "params": {"gamma": 27.41967602782891, "log10_alpha": -1.625088668202992, "log10_colsample_bytree": -0.8480985433727706, "log10_eta": -3.5053045692072233, "log10_lambda": 0.8835545676195569, "log10_min_child_weight": 3.1378715746225745, "log10_subsample": -0.8697977434116279, "max_depth": 8.0, "num_boost_round": 11.0}, "datetime": {"datetime": "2024-01-19 00:44:09", "elapsed": 1957.344381, "delta": 0.002016}}
{"target": -13.758500850535912, "params": {"gamma": 27.41967602782891, "log10_alpha": -1.625088668202992, "log10_colsample_bytree": -0.8480985433727706, "log10_eta": -3.5053045692072233, "log10_lambda": 0.8835545676195569, "log10_min_child_weight": 3.1378715746225745, "log10_subsample": -0.8697977434116279, "max_depth": 8.0, "num_boost_round": 12.0}, "datetime": {"datetime": "2024-01-19 00:44:09", "elapsed": 1957.346434, "delta": 0.002053}}
{"target": -13.758497090663163, "params": {"gamma": 27.41967602782891, "log10_alpha": -1.625088668202992, "log10_colsample_bytree": -0.8480985433727706, "log10_eta": -3.5053045692072233, "log10_lambda": 0.8835545676195569, "log10_min_child_weight": 3.1378715746225745, "log10_subsample": -0.8697977434116279, "max_depth": 8.0, "num_boost_round": 13.0}, "datetime": {"datetime": "2024-01-19 00:44:09", "elapsed": 1957.348559, "delta": 0.002125}}
{"target": -13.75849705564172, "params": {"gamma": 27.41967602782891, "log10_alpha": -1.625088668202992, "log10_colsample_bytree": -0.8480985433727706, "log10_eta": -3.5053045692072233, "log10_lambda": 0.8835545676195569, "log10_min_child_weight": 3.1378715746225745, "log10_subsample": -0.8697977434116279, "max_depth": 8.0, "num_boost_round": 14.0}, "datetime": {"datetime": "2024-01-19 00:44:09", "elapsed": 1957.350588, "delta": 0.002029}}
{"target": -13.758486220883935, "params": {"gamma": 27.41967602782891, "log10_alpha": -1.625088668202992, "log10_colsample_bytree": -0.8480985433727706, "log10_eta": -3.5053045692072233, "log10_lambda": 0.8835545676195569, "log10_min_child_weight": 3.1378715746225745, "log10_subsample": -0.8697977434116279, "max_depth": 8.0, "num_boost_round": 15.0}, "datetime": {"datetime": "2024-01-19 00:44:09", "elapsed": 1957.352616, "delta": 0.002028}}
{"target": -13.758482154605568, "params": {"gamma": 27.41967602782891, "log10_alpha": -1.625088668202992, "log10_colsample_bytree": -0.8480985433727706, "log10_eta": -3.5053045692072233, "log10_lambda": 0.8835545676195569, "log10_min_child_weight": 3.1378715746225745, "log10_subsample": -0.8697977434116279, "max_depth": 8.0, "num_boost_round": 16.0}, "datetime": {"datetime": "2024-01-19 00:44:09", "elapsed": 1957.354698, "delta": 0.002082}}
{"target": -13.758474397288586, "params": {"gamma": 27.41967602782891, "log10_alpha": -1.625088668202992, "log10_colsample_bytree": -0.8480985433727706, "log10_eta": -3.5053045692072233, "log10_lambda": 0.8835545676195569, "log10_min_child_weight": 3.1378715746225745, "log10_subsample": -0.8697977434116279, "max_depth": 8.0, "num_boost_round": 17.0}, "datetime": {"datetime": "2024-01-19 00:44:09", "elapsed": 1957.356749, "delta": 0.002051}}
{"target": -13.7584722843562, "params": {"gamma": 27.41967602782891, "log10_alpha": -1.625088668202992, "log10_colsample_bytree": -0.8480985433727706, "log10_eta": -3.5053045692072233, "log10_lambda": 0.8835545676195569, "log10_min_child_weight": 3.1378715746225745, "log10_subsample": -0.8697977434116279, "max_depth": 8.0, "num_boost_round": 18.0}, "datetime": {"datetime": "2024-01-19 00:44:09", "elapsed": 1957.358793, "delta": 0.002044}}
{"target": -13.758464084875584, "params": {"gamma": 27.41967602782891, "log10_alpha": -1.625088668202992, "log10_colsample_bytree": -0.8480985433727706, "log10_eta": -3.5053045692072233, "log10_lambda": 0.8835545676195569, "log10_min_child_weight": 3.1378715746225745, "log10_subsample": -0.8697977434116279, "max_depth": 8.0, "num_boost_round": 19.0}, "datetime": {"datetime": "2024-01-19 00:44:09", "elapsed": 1957.360835, "delta": 0.002042}}
{"target": -13.758458391793999, "params": {"gamma": 27.41967602782891, "log10_alpha": -1.625088668202992, "log10_colsample_bytree": -0.8480985433727706, "log10_eta": -3.5053045692072233, "log10_lambda": 0.8835545676195569, "log10_min_child_weight": 3.1378715746225745, "log10_subsample": -0.8697977434116279, "max_depth": 8.0, "num_boost_round": 20.0}, "datetime": {"datetime": "2024-01-19 00:44:09", "elapsed": 1957.362873, "delta": 0.002038}}
{"target": -13.758461201883915, "params": {"gamma": 27.41967602782891, "log10_alpha": -1.625088668202992, "log10_colsample_bytree": -0.8480985433727706, "log10_eta": -3.5053045692072233, "log10_lambda": 0.8835545676195569, "log10_min_child_weight": 3.1378715746225745, "log10_subsample": -0.8697977434116279, "max_depth": 8.0, "num_boost_round": 21.0}, "datetime": {"datetime": "2024-01-19 00:44:09", "elapsed": 1957.364922, "delta": 0.002049}}
{"target": -13.758455100687302, "params": {"gamma": 27.41967602782891, "log10_alpha": -1.625088668202992, "log10_colsample_bytree": -0.8480985433727706, "log10_eta": -3.5053045692072233, "log10_lambda": 0.8835545676195569, "log10_min_child_weight": 3.1378715746225745, "log10_subsample": -0.8697977434116279, "max_depth": 8.0, "num_boost_round": 22.0}, "datetime": {"datetime": "2024-01-19 00:44:09", "elapsed": 1957.367008, "delta": 0.002086}}
{"target": -13.758447658039083, "params": {"gamma": 27.41967602782891, "log10_alpha": -1.625088668202992, "log10_colsample_bytree": -0.8480985433727706, "log10_eta": -3.5053045692072233, "log10_lambda": 0.8835545676195569, "log10_min_child_weight": 3.1378715746225745, "log10_subsample": -0.8697977434116279, "max_depth": 8.0, "num_boost_round": 23.0}, "datetime": {"datetime": "2024-01-19 00:44:09", "elapsed": 1957.369157, "delta": 0.002149}}
{"target": -13.758644357895152, "params": {"gamma": 26.07667210015474, "log10_alpha": 0.6021736550727983, "log10_colsample_bytree": -0.023187610685112436, "log10_eta": -2.7614454142507894, "log10_lambda": -1.9088489365708847, "log10_min_child_weight": 0.8261918902617171, "log10_subsample": -0.9143339784741512, "max_depth": 8.0, "num_boost_round": 0.0}, "datetime": {"datetime": "2024-01-19 00:44:32", "elapsed": 1980.425587, "delta": 23.05643}}
{"target": -13.758516464800358, "params": {"gamma": 26.07667210015474, "log10_alpha": 0.6021736550727983, "log10_colsample_bytree": -0.023187610685112436, "log10_eta": -2.7614454142507894, "log10_lambda": -1.9088489365708847, "log10_min_child_weight": 0.8261918902617171, "log10_subsample": -0.9143339784741512, "max_depth": 8.0, "num_boost_round": 1.0}, "datetime": {"datetime": "2024-01-19 00:44:32", "elapsed": 1980.42877, "delta": 0.003183}}
{"target": -13.758313880585183, "params": {"gamma": 26.07667210015474, "log10_alpha": 0.6021736550727983, "log10_colsample_bytree": -0.023187610685112436, "log10_eta": -2.7614454142507894, "log10_lambda": -1.9088489365708847, "log10_min_child_weight": 0.8261918902617171, "log10_subsample": -0.9143339784741512, "max_depth": 8.0, "num_boost_round": 2.0}, "datetime": {"datetime": "2024-01-19 00:44:32", "elapsed": 1980.430897, "delta": 0.002127}}
{"target": -13.758331101927451, "params": {"gamma": 26.07667210015474, "log10_alpha": 0.6021736550727983, "log10_colsample_bytree": -0.023187610685112436, "log10_eta": -2.7614454142507894, "log10_lambda": -1.9088489365708847, "log10_min_child_weight": 0.8261918902617171, "log10_subsample": -0.9143339784741512, "max_depth": 8.0, "num_boost_round": 3.0}, "datetime": {"datetime": "2024-01-19 00:44:32", "elapsed": 1980.432975, "delta": 0.002078}}
{"target": -13.75831374395785, "params": {"gamma": 26.07667210015474, "log10_alpha": 0.6021736550727983, "log10_colsample_bytree": -0.023187610685112436, "log10_eta": -2.7614454142507894, "log10_lambda": -1.9088489365708847, "log10_min_child_weight": 0.8261918902617171, "log10_subsample": -0.9143339784741512, "max_depth": 8.0, "num_boost_round": 4.0}, "datetime": {"datetime": "2024-01-19 00:44:32", "elapsed": 1980.435081, "delta": 0.002106}}
{"target": -13.758306006710557, "params": {"gamma": 26.07667210015474, "log10_alpha": 0.6021736550727983, "log10_colsample_bytree": -0.023187610685112436, "log10_eta": -2.7614454142507894, "log10_lambda": -1.9088489365708847, "log10_min_child_weight": 0.8261918902617171, "log10_subsample": -0.9143339784741512, "max_depth": 8.0, "num_boost_round": 5.0}, "datetime": {"datetime": "2024-01-19 00:44:32", "elapsed": 1980.437161, "delta": 0.00208}}
{"target": -13.758149225112561, "params": {"gamma": 26.07667210015474, "log10_alpha": 0.6021736550727983, "log10_colsample_bytree": -0.023187610685112436, "log10_eta": -2.7614454142507894, "log10_lambda": -1.9088489365708847, "log10_min_child_weight": 0.8261918902617171, "log10_subsample": -0.9143339784741512, "max_depth": 8.0, "num_boost_round": 6.0}, "datetime": {"datetime": "2024-01-19 00:44:32", "elapsed": 1980.439214, "delta": 0.002053}}
{"target": -13.758109043143481, "params": {"gamma": 26.07667210015474, "log10_alpha": 0.6021736550727983, "log10_colsample_bytree": -0.023187610685112436, "log10_eta": -2.7614454142507894, "log10_lambda": -1.9088489365708847, "log10_min_child_weight": 0.8261918902617171, "log10_subsample": -0.9143339784741512, "max_depth": 8.0, "num_boost_round": 7.0}, "datetime": {"datetime": "2024-01-19 00:44:32", "elapsed": 1980.441243, "delta": 0.002029}}
{"target": -13.758129610842364, "params": {"gamma": 26.07667210015474, "log10_alpha": 0.6021736550727983, "log10_colsample_bytree": -0.023187610685112436, "log10_eta": -2.7614454142507894, "log10_lambda": -1.9088489365708847, "log10_min_child_weight": 0.8261918902617171, "log10_subsample": -0.9143339784741512, "max_depth": 8.0, "num_boost_round": 8.0}, "datetime": {"datetime": "2024-01-19 00:44:32", "elapsed": 1980.443306, "delta": 0.002063}}
{"target": -13.758053261747444, "params": {"gamma": 26.07667210015474, "log10_alpha": 0.6021736550727983, "log10_colsample_bytree": -0.023187610685112436, "log10_eta": -2.7614454142507894, "log10_lambda": -1.9088489365708847, "log10_min_child_weight": 0.8261918902617171, "log10_subsample": -0.9143339784741512, "max_depth": 8.0, "num_boost_round": 9.0}, "datetime": {"datetime": "2024-01-19 00:44:32", "elapsed": 1980.445342, "delta": 0.002036}}
{"target": -13.758117647536269, "params": {"gamma": 26.07667210015474, "log10_alpha": 0.6021736550727983, "log10_colsample_bytree": -0.023187610685112436, "log10_eta": -2.7614454142507894, "log10_lambda": -1.9088489365708847, "log10_min_child_weight": 0.8261918902617171, "log10_subsample": -0.9143339784741512, "max_depth": 8.0, "num_boost_round": 10.0}, "datetime": {"datetime": "2024-01-19 00:44:32", "elapsed": 1980.447386, "delta": 0.002044}}
{"target": -13.758506559287238, "params": {"gamma": 37.2603666345458, "log10_alpha": -0.22478937955985323, "log10_colsample_bytree": -0.9388301372360226, "log10_eta": -2.38186603280193, "log10_lambda": -0.5806053761286902, "log10_min_child_weight": 4.260349626729073, "log10_subsample": -0.07300823442617532, "max_depth": 7.0, "num_boost_round": 0.0}, "datetime": {"datetime": "2024-01-19 00:44:58", "elapsed": 2006.724445, "delta": 26.277059}}
{"target": -13.75847625004653, "params": {"gamma": 37.2603666345458, "log10_alpha": -0.22478937955985323, "log10_colsample_bytree": -0.9388301372360226, "log10_eta": -2.38186603280193, "log10_lambda": -0.5806053761286902, "log10_min_child_weight": 4.260349626729073, "log10_subsample": -0.07300823442617532, "max_depth": 7.0, "num_boost_round": 1.0}, "datetime": {"datetime": "2024-01-19 00:44:58", "elapsed": 2006.727122, "delta": 0.002677}}
