{"target": -13.758535965791713, "params": {"gamma": 861.595248675265, "log10_alpha": -3.7494885066550654, "log10_colsample_bytree": -0.07474053374777245, "log10_eta": -3.663861977668631, "log10_lambda": 0.49590834687790597, "log10_min_child_weight": 0.8324682839712738, "log10_subsample": -0.4279081542729454, "max_depth": 7.0, "num_boost_round": 5.0}, "datetime": {"datetime": "2024-01-19 01:00:01", "elapsed": 2921.549863, "delta": 0.002963}}
{"target": -13.7585320072568, "params": {"gamma": 861.595248675265, "log10_alpha": -3.7494885066550654, "log10_colsample_bytree": -0.07474053374777245, "log10_eta": -3.663861977668631, "log10_lambda": 0.49590834687790597, "log10_min_child_weight": 0.8324682839712738, "log10_subsample": -0.4279081542729454, "max_depth": 7.0, "num_boost_round": 6.0}, "datetime": {"datetime": "2024-01-19 01:00:01", "elapsed": 2921.552791, "delta": 0.002928}}
{"target": -13.7585286034789, "params": {"gamma": 861.595248675265, "log10_alpha": -3.7494885066550654, "log10_colsample_bytree": -0.07474053374777245, "log10_eta": -3.663861977668631, "log10_lambda": 0.49590834687790597, "log10_min_child_weight": 0.8324682839712738, "log10_subsample": -0.4279081542729454, "max_depth": 7.0, "num_boost_round": 7.0}, "datetime": {"datetime": "2024-01-19 01:00:01", "elapsed": 2921.555743, "delta": 0.002952}}
{"target": -13.758525738622373, "params": {"gamma": 861.595248675265, "log10_alpha": -3.7494885066550654, "log10_colsample_bytree": -0.07474053374777245, "log10_eta": -3.663861977668631, "log10_lambda": 0.49590834687790597, "log10_min_child_weight": 0.8324682839712738, "log10_subsample": -0.4279081542729454, "max_depth": 7.0, "num_boost_round": 8.0}, "datetime": {"datetime": "2024-01-19 01:00:01", "elapsed": 2921.558709, "delta": 0.002966}}
{"target": -13.758518782276575, "params": {"gamma": 861.595248675265, "log10_alpha": -3.7494885066550654, "log10_colsample_bytree": -0.07474053374777245, "log10_eta": -3.663861977668631, "log10_lambda": 0.49590834687790597, "log10_min_child_weight": 0.8324682839712738, "log10_subsample": -0.4279081542729454, "max_depth": 7.0, "num_boost_round": 9.0}, "datetime": {"datetime": "2024-01-19 01:00:01", "elapsed": 2921.561787, "delta": 0.003078}}
{"target": -13.758515487214941, "params": {"gamma": 861.595248675265, "log10_alpha": -3.7494885066550654, "log10_colsample_bytree": -0.07474053374777245, "log10_eta": -3.663861977668631, "log10_lambda": 0.49590834687790597, "log10_min_child_weight": 0.8324682839712738, "log10_subsample": -0.4279081542729454, "max_depth": 7.0, "num_boost_round": 10.0}, "datetime": {"datetime": "2024-01-19 01:00:01", "elapsed": 2921.564641, "delta": 0.002854}}
{"target": -13.758509070606044, "params": {"gamma": 861.595248675265, "log10_alpha": -3.7494885066550654, "log10_colsample_bytree": -0.07474053374777245, "log10_eta": -3.663861977668631, "log10_lambda": 0.49590834687790597, "log10_min_child_weight": 0.8324682839712738, "log10_subsample": -0.4279081542729454, "max_depth": 7.0, "num_boost_round": 11.0}, "datetime": {"datetime": "2024-01-19 01:00:01", "elapsed": 2921.567471, "delta": 0.00283}}
{"target": -13.758498859994381, "params": {"gamma": 861.595248675265, "log10_alpha": -3.7494885066550654, "log10_colsample_bytree": -0.07474053374777245, "log10_eta": -3.663861977668631, "log10_lambda": 0.49590834687790597, "log10_min_child_weight": 0.8324682839712738, "log10_subsample": -0.4279081542729454, "max_depth": 7.0, "num_boost_round": 12.0}, "datetime": {"datetime": "2024-01-19 01:00:01", "elapsed": 2921.570405, "delta": 0.002934}}
{"target": -13.758535637243307, "params": {"gamma": 842.3602698513097, "log10_alpha": -2.6278169197348618, "log10_colsample_bytree": -0.6697227999289322, "log10_eta": -3.246097227945666, "log10_lambda": -1.556792577886553, "log10_min_child_weight": 3.394256406860472, "log10_subsample": -0.7599650620969677, "max_depth": 7.0, "num_boost_round": 0.0}, "datetime": {"datetime": "2024-01-19 01:00:31", "elapsed": 2951.760382, "delta": 30.189977}}
{"target": -13.7585233319112, "params": {"gamma": 842.3602698513097, "log10_alpha": -2.6278169197348618, "log10_colsample_bytree": -0.6697227999289322, "log10_eta": -3.246097227945666, "log10_lambda": -1.556792577886553, "log10_min_child_weight": 3.394256406860472, "log10_subsample": -0.7599650620969677, "max_depth": 7.0, "num_boost_round": 1.0}, "datetime": {"datetime": "2024-01-19 01:00:31", "elapsed": 2951.763743, "delta": 0.003361}}
{"target": -13.758517109314981, "params": {"gamma": 842.3602698513097, "log10_alpha": -2.6278169197348618, "log10_colsample_bytree": -0.6697227999289322, "log10_eta": -3.246097227945666, "log10_lambda": -1.556792577886553, "log10_min_child_weight": 3.394256406860472, "log10_subsample": -0.7599650620969677, "max_depth": 7.0, "num_boost_round": 2.0}, "datetime": {"datetime": "2024-01-19 01:00:31", "elapsed": 2951.76688, "delta": 0.003137}}
{"target": -13.758514037727183, "params": {"gamma": 842.3602698513097, "log10_alpha": -2.6278169197348618, "log10_colsample_bytree": -0.6697227999289322, "log10_eta": -3.246097227945666, "log10_lambda": -1.556792577886553, "log10_min_child_weight": 3.394256406860472, "log10_subsample": -0.7599650620969677, "max_depth": 7.0, "num_boost_round": 3.0}, "datetime": {"datetime": "2024-01-19 01:00:31", "elapsed": 2951.769777, "delta": 0.002897}}
{"target": -13.75850155927249, "params": {"gamma": 842.3602698513097, "log10_alpha": -2.6278169197348618, "log10_colsample_bytree": -0.6697227999289322, "log10_eta": -3.246097227945666, "log10_lambda": -1.556792577886553, "log10_min_child_weight": 3.394256406860472, "log10_subsample": -0.7599650620969677, "max_depth": 7.0, "num_boost_round": 4.0}, "datetime": {"datetime": "2024-01-19 01:00:31", "elapsed": 2951.772583, "delta": 0.002806}}
{"target": -13.75849287359752, "params": {"gamma": 842.3602698513097, "log10_alpha": -2.6278169197348618, "log10_colsample_bytree": -0.6697227999289322, "log10_eta": -3.246097227945666, "log10_lambda": -1.556792577886553, "log10_min_child_weight": 3.394256406860472, "log10_subsample": -0.7599650620969677, "max_depth": 7.0, "num_boost_round": 5.0}, "datetime": {"datetime": "2024-01-19 01:00:31", "elapsed": 2951.775629, "delta": 0.003046}}
{"target": -13.758492627041614, "params": {"gamma": 842.3602698513097, "log10_alpha": -2.6278169197348618, "log10_colsample_bytree": -0.6697227999289322, "log10_eta": -3.246097227945666, "log10_lambda": -1.556792577886553, "log10_min_child_weight": 3.394256406860472, "log10_subsample": -0.7599650620969677, "max_depth": 7.0, "num_boost_round": 6.0}, "datetime": {"datetime": "2024-01-19 01:00:31", "elapsed": 2951.778534, "delta": 0.002905}}
{"target": -13.758478600875717, "params": {"gamma": 842.3602698513097, "log10_alpha": -2.6278169197348618, "log10_colsample_bytree": -0.6697227999289322, "log10_eta": -3.246097227945666, "log10_lambda": -1.556792577886553, "log10_min_child_weight": 3.394256406860472, "log10_subsample": -0.7599650620969677, "max_depth": 7.0, "num_boost_round": 7.0}, "datetime": {"datetime": "2024-01-19 01:00:31", "elapsed": 2951.781687, "delta": 0.003153}}
{"target": -13.758464425403506, "params": {"gamma": 842.3602698513097, "log10_alpha": -2.6278169197348618, "log10_colsample_bytree": -0.6697227999289322, "log10_eta": -3.246097227945666, "log10_lambda": -1.556792577886553, "log10_min_child_weight": 3.394256406860472, "log10_subsample": -0.7599650620969677, "max_depth": 7.0, "num_boost_round": 8.0}, "datetime": {"datetime": "2024-01-19 01:00:31", "elapsed": 2951.784774, "delta": 0.003087}}
{"target": -13.758469822410243, "params": {"gamma": 842.3602698513097, "log10_alpha": -2.6278169197348618, "log10_colsample_bytree": -0.6697227999289322, "log10_eta": -3.246097227945666, "log10_lambda": -1.556792577886553, "log10_min_child_weight": 3.394256406860472, "log10_subsample": -0.7599650620969677, "max_depth": 7.0, "num_boost_round": 9.0}, "datetime": {"datetime": "2024-01-19 01:00:31", "elapsed": 2951.787571, "delta": 0.002797}}
{"target": -13.758453061405264, "params": {"gamma": 842.3602698513097, "log10_alpha": -2.6278169197348618, "log10_colsample_bytree": -0.6697227999289322, "log10_eta": -3.246097227945666, "log10_lambda": -1.556792577886553, "log10_min_child_weight": 3.394256406860472, "log10_subsample": -0.7599650620969677, "max_depth": 7.0, "num_boost_round": 10.0}, "datetime": {"datetime": "2024-01-19 01:00:31", "elapsed": 2951.790415, "delta": 0.002844}}
{"target": -13.75844959768045, "params": {"gamma": 842.3602698513097, "log10_alpha": -2.6278169197348618, "log10_colsample_bytree": -0.6697227999289322, "log10_eta": -3.246097227945666, "log10_lambda": -1.556792577886553, "log10_min_child_weight": 3.394256406860472, "log10_subsample": -0.7599650620969677, "max_depth": 7.0, "num_boost_round": 11.0}, "datetime": {"datetime": "2024-01-19 01:00:31", "elapsed": 2951.79328, "delta": 0.002865}}
{"target": -13.758440487121467, "params": {"gamma": 842.3602698513097, "log10_alpha": -2.6278169197348618, "log10_colsample_bytree": -0.6697227999289322, "log10_eta": -3.246097227945666, "log10_lambda": -1.556792577886553, "log10_min_child_weight": 3.394256406860472, "log10_subsample": -0.7599650620969677, "max_depth": 7.0, "num_boost_round": 12.0}, "datetime": {"datetime": "2024-01-19 01:00:31", "elapsed": 2951.796078, "delta": 0.002798}}
{"target": -13.758432807834383, "params": {"gamma": 842.3602698513097, "log10_alpha": -2.6278169197348618, "log10_colsample_bytree": -0.6697227999289322, "log10_eta": -3.246097227945666, "log10_lambda": -1.556792577886553, "log10_min_child_weight": 3.394256406860472, "log10_subsample": -0.7599650620969677, "max_depth": 7.0, "num_boost_round": 13.0}, "datetime": {"datetime": "2024-01-19 01:00:31", "elapsed": 2951.798994, "delta": 0.002916}}
{"target": -13.758426495015248, "params": {"gamma": 842.3602698513097, "log10_alpha": -2.6278169197348618, "log10_colsample_bytree": -0.6697227999289322, "log10_eta": -3.246097227945666, "log10_lambda": -1.556792577886553, "log10_min_child_weight": 3.394256406860472, "log10_subsample": -0.7599650620969677, "max_depth": 7.0, "num_boost_round": 14.0}, "datetime": {"datetime": "2024-01-19 01:00:31", "elapsed": 2951.801828, "delta": 0.002834}}
{"target": -13.758417263599696, "params": {"gamma": 842.3602698513097, "log10_alpha": -2.6278169197348618, "log10_colsample_bytree": -0.6697227999289322, "log10_eta": -3.246097227945666, "log10_lambda": -1.556792577886553, "log10_min_child_weight": 3.394256406860472, "log10_subsample": -0.7599650620969677, "max_depth": 7.0, "num_boost_round": 15.0}, "datetime": {"datetime": "2024-01-19 01:00:31", "elapsed": 2951.804607, "delta": 0.002779}}
{"target": -13.758411591407906, "params": {"gamma": 842.3602698513097, "log10_alpha": -2.6278169197348618, "log10_colsample_bytree": -0.6697227999289322, "log10_eta": -3.246097227945666, "log10_lambda": -1.556792577886553, "log10_min_child_weight": 3.394256406860472, "log10_subsample": -0.7599650620969677, "max_depth": 7.0, "num_boost_round": 16.0}, "datetime": {"datetime": "2024-01-19 01:00:31", "elapsed": 2951.807387, "delta": 0.00278}}
{"target": -13.758406935991964, "params": {"gamma": 842.3602698513097, "log10_alpha": -2.6278169197348618, "log10_colsample_bytree": -0.6697227999289322, "log10_eta": -3.246097227945666, "log10_lambda": -1.556792577886553, "log10_min_child_weight": 3.394256406860472, "log10_subsample": -0.7599650620969677, "max_depth": 7.0, "num_boost_round": 17.0}, "datetime": {"datetime": "2024-01-19 01:00:31", "elapsed": 2951.810167, "delta": 0.00278}}
{"target": -13.7584129921855, "params": {"gamma": 842.3602698513097, "log10_alpha": -2.6278169197348618, "log10_colsample_bytree": -0.6697227999289322, "log10_eta": -3.246097227945666, "log10_lambda": -1.556792577886553, "log10_min_child_weight": 3.394256406860472, "log10_subsample": -0.7599650620969677, "max_depth": 7.0, "num_boost_round": 18.0}, "datetime": {"datetime": "2024-01-19 01:00:31", "elapsed": 2951.813091, "delta": 0.002924}}
{"target": -13.758540719029376, "params": {"gamma": 829.3283439856956, "log10_alpha": -4.24133800166011, "log10_colsample_bytree": -0.08156730612723495, "log10_eta": -3.681649798417511, "log10_lambda": -2.607033745094272, "log10_min_child_weight": 3.461345220763566, "log10_subsample": -0.5185251028481248, "max_depth": 9.0, "num_boost_round": 0.0}, "datetime": {"datetime": "2024-01-19 01:01:25", "elapsed": 3005.809161, "delta": 53.99607}}
{"target": -13.758538523347667, "params": {"gamma": 829.3283439856956, "log10_alpha": -4.24133800166011, "log10_colsample_bytree": -0.08156730612723495, "log10_eta": -3.681649798417511, "log10_lambda": -2.607033745094272, "log10_min_child_weight": 3.461345220763566, "log10_subsample": -0.5185251028481248, "max_depth": 9.0, "num_boost_round": 1.0}, "datetime": {"datetime": "2024-01-19 01:01:25", "elapsed": 3005.81292, "delta": 0.003759}}
{"target": -13.758534814611023, "params": {"gamma": 829.3283439856956, "log10_alpha": -4.24133800166011, "log10_colsample_bytree": -0.08156730612723495, "log10_eta": -3.681649798417511, "log10_lambda": -2.607033745094272, "log10_min_child_weight": 3.461345220763566, "log10_subsample": -0.5185251028481248, "max_depth": 9.0, "num_boost_round": 2.0}, "datetime": {"datetime": "2024-01-19 01:01:25", "elapsed": 3005.816069, "delta": 0.003149}}
{"target": -13.758536916929064, "params": {"gamma": 829.3283439856956, "log10_alpha": -4.24133800166011, "log10_colsample_bytree": -0.08156730612723495, "log10_eta": -3.681649798417511, "log10_lambda": -2.607033745094272, "log10_min_child_weight": 3.461345220763566, "log10_subsample": -0.5185251028481248, "max_depth": 9.0, "num_boost_round": 3.0}, "datetime": {"datetime": "2024-01-19 01:01:25", "elapsed": 3005.819076, "delta": 0.003007}}
{"target": -13.758534436897518, "params": {"gamma": 829.3283439856956, "log10_alpha": -4.24133800166011, "log10_colsample_bytree": -0.08156730612723495, "log10_eta": -3.681649798417511, "log10_lambda": -2.607033745094272, "log10_min_child_weight": 3.461345220763566, "log10_subsample": -0.5185251028481248, "max_depth": 9.0, "num_boost_round": 4.0}, "datetime": {"datetime": "2024-01-19 01:01:25", "elapsed": 3005.822157, "delta": 0.003081}}
{"target": -13.758528652655261, "params": {"gamma": 829.3283439856956, "log10_alpha": -4.24133800166011, "log10_colsample_bytree": -0.08156730612723495, "log10_eta": -3.681649798417511, "log10_lambda": -2.607033745094272, "log10_min_child_weight": 3.461345220763566, "log10_subsample": -0.5185251028481248, "max_depth": 9.0, "num_boost_round": 5.0}, "datetime": {"datetime": "2024-01-19 01:01:25", "elapsed": 3005.82525, "delta": 0.003093}}
{"target": -13.758528182427366, "params": {"gamma": 829.3283439856956, "log10_alpha": -4.24133800166011, "log10_colsample_bytree": -0.08156730612723495, "log10_eta": -3.681649798417511, "log10_lambda": -2.607033745094272, "log10_min_child_weight": 3.461345220763566, "log10_subsample": -0.5185251028481248, "max_depth": 9.0, "num_boost_round": 6.0}, "datetime": {"datetime": "2024-01-19 01:01:25", "elapsed": 3005.828804, "delta": 0.003554}}
{"target": -13.758527673919899, "params": {"gamma": 829.3283439856956, "log10_alpha": -4.24133800166011, "log10_colsample_bytree": -0.08156730612723495, "log10_eta": -3.681649798417511, "log10_lambda": -2.607033745094272, "log10_min_child_weight": 3.461345220763566, "log10_subsample": -0.5185251028481248, "max_depth": 9.0, "num_boost_round": 7.0}, "datetime": {"datetime": "2024-01-19 01:01:25", "elapsed": 3005.832183, "delta": 0.003379}}
{"target": -13.75852959054817, "params": {"gamma": 829.3283439856956, "log10_alpha": -4.24133800166011, "log10_colsample_bytree": -0.08156730612723495, "log10_eta": -3.681649798417511, "log10_lambda": -2.607033745094272, "log10_min_child_weight": 3.461345220763566, "log10_subsample": -0.5185251028481248, "max_depth": 9.0, "num_boost_round": 8.0}, "datetime": {"datetime": "2024-01-19 01:01:25", "elapsed": 3005.835474, "delta": 0.003291}}
{"target": -13.758526871245204, "params": {"gamma": 829.3283439856956, "log10_alpha": -4.24133800166011, "log10_colsample_bytree": -0.08156730612723495, "log10_eta": -3.681649798417511, "log10_lambda": -2.607033745094272, "log10_min_child_weight": 3.461345220763566, "log10_subsample": -0.5185251028481248, "max_depth": 9.0, "num_boost_round": 9.0}, "datetime": {"datetime": "2024-01-19 01:01:25", "elapsed": 3005.838484, "delta": 0.00301}}
{"target": -13.758525130027863, "params": {"gamma": 829.3283439856956, "log10_alpha": -4.24133800166011, "log10_colsample_bytree": -0.08156730612723495, "log10_eta": -3.681649798417511, "log10_lambda": -2.607033745094272, "log10_min_child_weight": 3.461345220763566, "log10_subsample": -0.5185251028481248, "max_depth": 9.0, "num_boost_round": 10.0}, "datetime": {"datetime": "2024-01-19 01:01:25", "elapsed": 3005.841508, "delta": 0.003024}}
{"target": -13.758522593546255, "params": {"gamma": 829.3283439856956, "log10_alpha": -4.24133800166011, "log10_colsample_bytree": -0.08156730612723495, "log10_eta": -3.681649798417511, "log10_lambda": -2.607033745094272, "log10_min_child_weight": 3.461345220763566, "log10_subsample": -0.5185251028481248, "max_depth": 9.0, "num_boost_round": 11.0}, "datetime": {"datetime": "2024-01-19 01:01:25", "elapsed": 3005.84444, "delta": 0.002932}}
{"target": -13.758514871366325, "params": {"gamma": 829.3283439856956, "log10_alpha": -4.24133800166011, "log10_colsample_bytree": -0.08156730612723495, "log10_eta": -3.681649798417511, "log10_lambda": -2.607033745094272, "log10_min_child_weight": 3.461345220763566, "log10_subsample": -0.5185251028481248, "max_depth": 9.0, "num_boost_round": 12.0}, "datetime": {"datetime": "2024-01-19 01:01:25", "elapsed": 3005.847353, "delta": 0.002913}}
{"target": -13.758512496209333, "params": {"gamma": 829.3283439856956, "log10_alpha": -4.24133800166011, "log10_colsample_bytree": -0.08156730612723495, "log10_eta": -3.681649798417511, "log10_lambda": -2.607033745094272, "log10_min_child_weight": 3.461345220763566, "log10_subsample": -0.5185251028481248, "max_depth": 9.0, "num_boost_round": 13.0}, "datetime": {"datetime": "2024-01-19 01:01:25", "elapsed": 3005.850253, "delta": 0.0029}}
{"target": -13.758507844919297, "params": {"gamma": 829.3283439856956, "log10_alpha": -4.24133800166011, "log10_colsample_bytree": -0.08156730612723495, "log10_eta": -3.681649798417511, "log10_lambda": -2.607033745094272, "log10_min_child_weight": 3.461345220763566, "log10_subsample": -0.5185251028481248, "max_depth": 9.0, "num_boost_round": 14.0}, "datetime": {"datetime": "2024-01-19 01:01:25", "elapsed": 3005.853165, "delta": 0.002912}}
{"target": -13.758506457654056, "params": {"gamma": 829.3283439856956, "log10_alpha": -4.24133800166011, "log10_colsample_bytree": -0.08156730612723495, "log10_eta": -3.681649798417511, "log10_lambda": -2.607033745094272, "log10_min_child_weight": 3.461345220763566, "log10_subsample": -0.5185251028481248, "max_depth": 9.0, "num_boost_round": 15.0}, "datetime": {"datetime": "2024-01-19 01:01:25", "elapsed": 3005.856037, "delta": 0.002872}}
{"target": -13.758501184586475, "params": {"gamma": 829.3283439856956, "log10_alpha": -4.24133800166011, "log10_colsample_bytree": -0.08156730612723495, "log10_eta": -3.681649798417511, "log10_lambda": -2.607033745094272, "log10_min_child_weight": 3.461345220763566, "log10_subsample": -0.5185251028481248, "max_depth": 9.0, "num_boost_round": 16.0}, "datetime": {"datetime": "2024-01-19 01:01:25", "elapsed": 3005.859042, "delta": 0.003005}}
{"target": -13.7585358491676, "params": {"gamma": 831.085930213612, "log10_alpha": -4.8494926567702805, "log10_colsample_bytree": -0.23849961603452274, "log10_eta": -3.175002757524324, "log10_lambda": 0.12606754328474779, "log10_min_child_weight": 2.7744408484463694, "log10_subsample": -0.33459085043751224, "max_depth": 9.0, "num_boost_round": 0.0}, "datetime": {"datetime": "2024-01-19 01:01:59", "elapsed": 3039.385377, "delta": 33.526335}}
{"target": -13.758530948336059, "params": {"gamma": 831.085930213612, "log10_alpha": -4.8494926567702805, "log10_colsample_bytree": -0.23849961603452274, "log10_eta": -3.175002757524324, "log10_lambda": 0.12606754328474779, "log10_min_child_weight": 2.7744408484463694, "log10_subsample": -0.33459085043751224, "max_depth": 9.0, "num_boost_round": 1.0}, "datetime": {"datetime": "2024-01-19 01:01:59", "elapsed": 3039.389525, "delta": 0.004148}}
{"target": -13.758517292679466, "params": {"gamma": 831.085930213612, "log10_alpha": -4.8494926567702805, "log10_colsample_bytree": -0.23849961603452274, "log10_eta": -3.175002757524324, "log10_lambda": 0.12606754328474779, "log10_min_child_weight": 2.7744408484463694, "log10_subsample": -0.33459085043751224, "max_depth": 9.0, "num_boost_round": 2.0}, "datetime": {"datetime": "2024-01-19 01:01:59", "elapsed": 3039.392859, "delta": 0.003334}}
{"target": -13.758488304582636, "params": {"gamma": 831.085930213612, "log10_alpha": -4.8494926567702805, "log10_colsample_bytree": -0.23849961603452274, "log10_eta": -3.175002757524324, "log10_lambda": 0.12606754328474779, "log10_min_child_weight": 2.7744408484463694, "log10_subsample": -0.33459085043751224, "max_depth": 9.0, "num_boost_round": 3.0}, "datetime": {"datetime": "2024-01-19 01:01:59", "elapsed": 3039.396335, "delta": 0.003476}}
{"target": -13.758466026613268, "params": {"gamma": 831.085930213612, "log10_alpha": -4.8494926567702805, "log10_colsample_bytree": -0.23849961603452274, "log10_eta": -3.175002757524324, "log10_lambda": 0.12606754328474779, "log10_min_child_weight": 2.7744408484463694, "log10_subsample": -0.33459085043751224, "max_depth": 9.0, "num_boost_round": 4.0}, "datetime": {"datetime": "2024-01-19 01:01:59", "elapsed": 3039.399462, "delta": 0.003127}}
