{"target": -17.677063165818907, "params": {"gamma": 886.322296389984, "log10_alpha": 0.6090300576827401, "log10_colsample_bytree": -0.841430857039482, "log10_eta": -3.315663409038188, "log10_lambda": -1.7136099685015393, "log10_min_child_weight": 1.3960821237363596, "log10_subsample": -0.06848128474097726, "max_depth": 3.0, "num_boost_round": 16.0}, "datetime": {"datetime": "2024-01-19 00:58:52", "elapsed": 2812.948116, "delta": 0.003204}}
{"target": -17.677066447802776, "params": {"gamma": 886.322296389984, "log10_alpha": 0.6090300576827401, "log10_colsample_bytree": -0.841430857039482, "log10_eta": -3.315663409038188, "log10_lambda": -1.7136099685015393, "log10_min_child_weight": 1.3960821237363596, "log10_subsample": -0.06848128474097726, "max_depth": 3.0, "num_boost_round": 17.0}, "datetime": {"datetime": "2024-01-19 00:58:52", "elapsed": 2812.951292, "delta": 0.003176}}
{"target": -17.677047581768893, "params": {"gamma": 886.322296389984, "log10_alpha": 0.6090300576827401, "log10_colsample_bytree": -0.841430857039482, "log10_eta": -3.315663409038188, "log10_lambda": -1.7136099685015393, "log10_min_child_weight": 1.3960821237363596, "log10_subsample": -0.06848128474097726, "max_depth": 3.0, "num_boost_round": 18.0}, "datetime": {"datetime": "2024-01-19 00:58:52", "elapsed": 2812.954549, "delta": 0.003257}}
{"target": -17.677042195960013, "params": {"gamma": 886.322296389984, "log10_alpha": 0.6090300576827401, "log10_colsample_bytree": -0.841430857039482, "log10_eta": -3.315663409038188, "log10_lambda": -1.7136099685015393, "log10_min_child_weight": 1.3960821237363596, "log10_subsample": -0.06848128474097726, "max_depth": 3.0, "num_boost_round": 19.0}, "datetime": {"datetime": "2024-01-19 00:58:52", "elapsed": 2812.957718, "delta": 0.003169}}
{"target": -17.677024249281303, "params": {"gamma": 886.322296389984, "log10_alpha": 0.6090300576827401, "log10_colsample_bytree": -0.841430857039482, "log10_eta": -3.315663409038188, "log10_lambda": -1.7136099685015393, "log10_min_child_weight": 1.3960821237363596, "log10_subsample": -0.06848128474097726, "max_depth": 3.0, "num_boost_round": 20.0}, "datetime": {"datetime": "2024-01-19 00:58:52", "elapsed": 2812.960931, "delta": 0.003213}}
{"target": -17.677003280132368, "params": {"gamma": 886.322296389984, "log10_alpha": 0.6090300576827401, "log10_colsample_bytree": -0.841430857039482, "log10_eta": -3.315663409038188, "log10_lambda": -1.7136099685015393, "log10_min_child_weight": 1.3960821237363596, "log10_subsample": -0.06848128474097726, "max_depth": 3.0, "num_boost_round": 21.0}, "datetime": {"datetime": "2024-01-19 00:58:52", "elapsed": 2812.964115, "delta": 0.003184}}
{"target": -17.67699040405805, "params": {"gamma": 886.322296389984, "log10_alpha": 0.6090300576827401, "log10_colsample_bytree": -0.841430857039482, "log10_eta": -3.315663409038188, "log10_lambda": -1.7136099685015393, "log10_min_child_weight": 1.3960821237363596, "log10_subsample": -0.06848128474097726, "max_depth": 3.0, "num_boost_round": 22.0}, "datetime": {"datetime": "2024-01-19 00:58:52", "elapsed": 2812.96735, "delta": 0.003235}}
{"target": -17.676975743975078, "params": {"gamma": 886.322296389984, "log10_alpha": 0.6090300576827401, "log10_colsample_bytree": -0.841430857039482, "log10_eta": -3.315663409038188, "log10_lambda": -1.7136099685015393, "log10_min_child_weight": 1.3960821237363596, "log10_subsample": -0.06848128474097726, "max_depth": 3.0, "num_boost_round": 23.0}, "datetime": {"datetime": "2024-01-19 00:58:52", "elapsed": 2812.970552, "delta": 0.003202}}
{"target": -17.67696494266374, "params": {"gamma": 886.322296389984, "log10_alpha": 0.6090300576827401, "log10_colsample_bytree": -0.841430857039482, "log10_eta": -3.315663409038188, "log10_lambda": -1.7136099685015393, "log10_min_child_weight": 1.3960821237363596, "log10_subsample": -0.06848128474097726, "max_depth": 3.0, "num_boost_round": 24.0}, "datetime": {"datetime": "2024-01-19 00:58:52", "elapsed": 2812.973773, "delta": 0.003221}}
{"target": -17.6769464519238, "params": {"gamma": 886.322296389984, "log10_alpha": 0.6090300576827401, "log10_colsample_bytree": -0.841430857039482, "log10_eta": -3.315663409038188, "log10_lambda": -1.7136099685015393, "log10_min_child_weight": 1.3960821237363596, "log10_subsample": -0.06848128474097726, "max_depth": 3.0, "num_boost_round": 25.0}, "datetime": {"datetime": "2024-01-19 00:58:52", "elapsed": 2812.976975, "delta": 0.003202}}
{"target": -17.676935236499308, "params": {"gamma": 886.322296389984, "log10_alpha": 0.6090300576827401, "log10_colsample_bytree": -0.841430857039482, "log10_eta": -3.315663409038188, "log10_lambda": -1.7136099685015393, "log10_min_child_weight": 1.3960821237363596, "log10_subsample": -0.06848128474097726, "max_depth": 3.0, "num_boost_round": 26.0}, "datetime": {"datetime": "2024-01-19 00:58:52", "elapsed": 2812.980221, "delta": 0.003246}}
{"target": -17.676931004420442, "params": {"gamma": 886.322296389984, "log10_alpha": 0.6090300576827401, "log10_colsample_bytree": -0.841430857039482, "log10_eta": -3.315663409038188, "log10_lambda": -1.7136099685015393, "log10_min_child_weight": 1.3960821237363596, "log10_subsample": -0.06848128474097726, "max_depth": 3.0, "num_boost_round": 27.0}, "datetime": {"datetime": "2024-01-19 00:58:52", "elapsed": 2812.983434, "delta": 0.003213}}
{"target": -17.67691186210848, "params": {"gamma": 886.322296389984, "log10_alpha": 0.6090300576827401, "log10_colsample_bytree": -0.841430857039482, "log10_eta": -3.315663409038188, "log10_lambda": -1.7136099685015393, "log10_min_child_weight": 1.3960821237363596, "log10_subsample": -0.06848128474097726, "max_depth": 3.0, "num_boost_round": 28.0}, "datetime": {"datetime": "2024-01-19 00:58:52", "elapsed": 2812.986714, "delta": 0.00328}}
{"target": -17.67688925804063, "params": {"gamma": 886.322296389984, "log10_alpha": 0.6090300576827401, "log10_colsample_bytree": -0.841430857039482, "log10_eta": -3.315663409038188, "log10_lambda": -1.7136099685015393, "log10_min_child_weight": 1.3960821237363596, "log10_subsample": -0.06848128474097726, "max_depth": 3.0, "num_boost_round": 29.0}, "datetime": {"datetime": "2024-01-19 00:58:52", "elapsed": 2812.990646, "delta": 0.003932}}
{"target": -17.67687477656361, "params": {"gamma": 886.322296389984, "log10_alpha": 0.6090300576827401, "log10_colsample_bytree": -0.841430857039482, "log10_eta": -3.315663409038188, "log10_lambda": -1.7136099685015393, "log10_min_child_weight": 1.3960821237363596, "log10_subsample": -0.06848128474097726, "max_depth": 3.0, "num_boost_round": 30.0}, "datetime": {"datetime": "2024-01-19 00:58:52", "elapsed": 2812.994897, "delta": 0.004251}}
{"target": -17.676862660210595, "params": {"gamma": 886.322296389984, "log10_alpha": 0.6090300576827401, "log10_colsample_bytree": -0.841430857039482, "log10_eta": -3.315663409038188, "log10_lambda": -1.7136099685015393, "log10_min_child_weight": 1.3960821237363596, "log10_subsample": -0.06848128474097726, "max_depth": 3.0, "num_boost_round": 31.0}, "datetime": {"datetime": "2024-01-19 00:58:52", "elapsed": 2812.998244, "delta": 0.003347}}
{"target": -17.676854092171588, "params": {"gamma": 886.322296389984, "log10_alpha": 0.6090300576827401, "log10_colsample_bytree": -0.841430857039482, "log10_eta": -3.315663409038188, "log10_lambda": -1.7136099685015393, "log10_min_child_weight": 1.3960821237363596, "log10_subsample": -0.06848128474097726, "max_depth": 3.0, "num_boost_round": 32.0}, "datetime": {"datetime": "2024-01-19 00:58:52", "elapsed": 2813.001501, "delta": 0.003257}}
{"target": -17.676837179749786, "params": {"gamma": 886.322296389984, "log10_alpha": 0.6090300576827401, "log10_colsample_bytree": -0.841430857039482, "log10_eta": -3.315663409038188, "log10_lambda": -1.7136099685015393, "log10_min_child_weight": 1.3960821237363596, "log10_subsample": -0.06848128474097726, "max_depth": 3.0, "num_boost_round": 33.0}, "datetime": {"datetime": "2024-01-19 00:58:52", "elapsed": 2813.004965, "delta": 0.003464}}
{"target": -17.676816964921034, "params": {"gamma": 886.322296389984, "log10_alpha": 0.6090300576827401, "log10_colsample_bytree": -0.841430857039482, "log10_eta": -3.315663409038188, "log10_lambda": -1.7136099685015393, "log10_min_child_weight": 1.3960821237363596, "log10_subsample": -0.06848128474097726, "max_depth": 3.0, "num_boost_round": 34.0}, "datetime": {"datetime": "2024-01-19 00:58:52", "elapsed": 2813.008183, "delta": 0.003218}}
{"target": -17.676452258288762, "params": {"gamma": 890.2817713785395, "log10_alpha": -4.607642174088756, "log10_colsample_bytree": -0.4393541849517868, "log10_eta": -1.568574872053583, "log10_lambda": -0.6288797070137973, "log10_min_child_weight": 2.7230966631605624, "log10_subsample": -0.6877953409125089, "max_depth": 2.0, "num_boost_round": 0.0}, "datetime": {"datetime": "2024-01-19 00:59:30", "elapsed": 2850.995012, "delta": 37.986829}}
{"target": -17.67569181399608, "params": {"gamma": 890.2817713785395, "log10_alpha": -4.607642174088756, "log10_colsample_bytree": -0.4393541849517868, "log10_eta": -1.568574872053583, "log10_lambda": -0.6288797070137973, "log10_min_child_weight": 2.7230966631605624, "log10_subsample": -0.6877953409125089, "max_depth": 2.0, "num_boost_round": 1.0}, "datetime": {"datetime": "2024-01-19 00:59:30", "elapsed": 2850.998811, "delta": 0.003799}}
{"target": -17.674953691558613, "params": {"gamma": 890.2817713785395, "log10_alpha": -4.607642174088756, "log10_colsample_bytree": -0.4393541849517868, "log10_eta": -1.568574872053583, "log10_lambda": -0.6288797070137973, "log10_min_child_weight": 2.7230966631605624, "log10_subsample": -0.6877953409125089, "max_depth": 2.0, "num_boost_round": 2.0}, "datetime": {"datetime": "2024-01-19 00:59:30", "elapsed": 2851.00207, "delta": 0.003259}}
{"target": -17.674530708520216, "params": {"gamma": 890.2817713785395, "log10_alpha": -4.607642174088756, "log10_colsample_bytree": -0.4393541849517868, "log10_eta": -1.568574872053583, "log10_lambda": -0.6288797070137973, "log10_min_child_weight": 2.7230966631605624, "log10_subsample": -0.6877953409125089, "max_depth": 2.0, "num_boost_round": 3.0}, "datetime": {"datetime": "2024-01-19 00:59:30", "elapsed": 2851.005235, "delta": 0.003165}}
{"target": -17.674473695507157, "params": {"gamma": 890.2817713785395, "log10_alpha": -4.607642174088756, "log10_colsample_bytree": -0.4393541849517868, "log10_eta": -1.568574872053583, "log10_lambda": -0.6288797070137973, "log10_min_child_weight": 2.7230966631605624, "log10_subsample": -0.6877953409125089, "max_depth": 2.0, "num_boost_round": 4.0}, "datetime": {"datetime": "2024-01-19 00:59:30", "elapsed": 2851.008414, "delta": 0.003179}}
{"target": -17.67435918275838, "params": {"gamma": 890.2817713785395, "log10_alpha": -4.607642174088756, "log10_colsample_bytree": -0.4393541849517868, "log10_eta": -1.568574872053583, "log10_lambda": -0.6288797070137973, "log10_min_child_weight": 2.7230966631605624, "log10_subsample": -0.6877953409125089, "max_depth": 2.0, "num_boost_round": 5.0}, "datetime": {"datetime": "2024-01-19 00:59:30", "elapsed": 2851.011604, "delta": 0.00319}}
{"target": -17.67401478373947, "params": {"gamma": 890.2817713785395, "log10_alpha": -4.607642174088756, "log10_colsample_bytree": -0.4393541849517868, "log10_eta": -1.568574872053583, "log10_lambda": -0.6288797070137973, "log10_min_child_weight": 2.7230966631605624, "log10_subsample": -0.6877953409125089, "max_depth": 2.0, "num_boost_round": 6.0}, "datetime": {"datetime": "2024-01-19 00:59:30", "elapsed": 2851.014725, "delta": 0.003121}}
{"target": -17.674084994502294, "params": {"gamma": 890.2817713785395, "log10_alpha": -4.607642174088756, "log10_colsample_bytree": -0.4393541849517868, "log10_eta": -1.568574872053583, "log10_lambda": -0.6288797070137973, "log10_min_child_weight": 2.7230966631605624, "log10_subsample": -0.6877953409125089, "max_depth": 2.0, "num_boost_round": 7.0}, "datetime": {"datetime": "2024-01-19 00:59:30", "elapsed": 2851.017919, "delta": 0.003194}}
{"target": -17.674333050273724, "params": {"gamma": 890.2817713785395, "log10_alpha": -4.607642174088756, "log10_colsample_bytree": -0.4393541849517868, "log10_eta": -1.568574872053583, "log10_lambda": -0.6288797070137973, "log10_min_child_weight": 2.7230966631605624, "log10_subsample": -0.6877953409125089, "max_depth": 2.0, "num_boost_round": 8.0}, "datetime": {"datetime": "2024-01-19 00:59:30", "elapsed": 2851.021216, "delta": 0.003297}}
{"target": -17.6736111037318, "params": {"gamma": 890.2817713785395, "log10_alpha": -4.607642174088756, "log10_colsample_bytree": -0.4393541849517868, "log10_eta": -1.568574872053583, "log10_lambda": -0.6288797070137973, "log10_min_child_weight": 2.7230966631605624, "log10_subsample": -0.6877953409125089, "max_depth": 2.0, "num_boost_round": 9.0}, "datetime": {"datetime": "2024-01-19 00:59:30", "elapsed": 2851.024477, "delta": 0.003261}}
{"target": -17.673773642482104, "params": {"gamma": 890.2817713785395, "log10_alpha": -4.607642174088756, "log10_colsample_bytree": -0.4393541849517868, "log10_eta": -1.568574872053583, "log10_lambda": -0.6288797070137973, "log10_min_child_weight": 2.7230966631605624, "log10_subsample": -0.6877953409125089, "max_depth": 2.0, "num_boost_round": 10.0}, "datetime": {"datetime": "2024-01-19 00:59:30", "elapsed": 2851.027705, "delta": 0.003228}}
{"target": -17.67342971909795, "params": {"gamma": 890.2817713785395, "log10_alpha": -4.607642174088756, "log10_colsample_bytree": -0.4393541849517868, "log10_eta": -1.568574872053583, "log10_lambda": -0.6288797070137973, "log10_min_child_weight": 2.7230966631605624, "log10_subsample": -0.6877953409125089, "max_depth": 2.0, "num_boost_round": 11.0}, "datetime": {"datetime": "2024-01-19 00:59:30", "elapsed": 2851.030886, "delta": 0.003181}}
{"target": -17.67346389540588, "params": {"gamma": 890.2817713785395, "log10_alpha": -4.607642174088756, "log10_colsample_bytree": -0.4393541849517868, "log10_eta": -1.568574872053583, "log10_lambda": -0.6288797070137973, "log10_min_child_weight": 2.7230966631605624, "log10_subsample": -0.6877953409125089, "max_depth": 2.0, "num_boost_round": 12.0}, "datetime": {"datetime": "2024-01-19 00:59:30", "elapsed": 2851.034074, "delta": 0.003188}}
{"target": -17.673580658264843, "params": {"gamma": 890.2817713785395, "log10_alpha": -4.607642174088756, "log10_colsample_bytree": -0.4393541849517868, "log10_eta": -1.568574872053583, "log10_lambda": -0.6288797070137973, "log10_min_child_weight": 2.7230966631605624, "log10_subsample": -0.6877953409125089, "max_depth": 2.0, "num_boost_round": 13.0}, "datetime": {"datetime": "2024-01-19 00:59:30", "elapsed": 2851.037219, "delta": 0.003145}}
{"target": -17.673511386256376, "params": {"gamma": 890.2817713785395, "log10_alpha": -4.607642174088756, "log10_colsample_bytree": -0.4393541849517868, "log10_eta": -1.568574872053583, "log10_lambda": -0.6288797070137973, "log10_min_child_weight": 2.7230966631605624, "log10_subsample": -0.6877953409125089, "max_depth": 2.0, "num_boost_round": 14.0}, "datetime": {"datetime": "2024-01-19 00:59:30", "elapsed": 2851.040403, "delta": 0.003184}}
{"target": -17.672846527215125, "params": {"gamma": 890.2817713785395, "log10_alpha": -4.607642174088756, "log10_colsample_bytree": -0.4393541849517868, "log10_eta": -1.568574872053583, "log10_lambda": -0.6288797070137973, "log10_min_child_weight": 2.7230966631605624, "log10_subsample": -0.6877953409125089, "max_depth": 2.0, "num_boost_round": 15.0}, "datetime": {"datetime": "2024-01-19 00:59:30", "elapsed": 2851.043536, "delta": 0.003133}}
{"target": -17.67262401221287, "params": {"gamma": 890.2817713785395, "log10_alpha": -4.607642174088756, "log10_colsample_bytree": -0.4393541849517868, "log10_eta": -1.568574872053583, "log10_lambda": -0.6288797070137973, "log10_min_child_weight": 2.7230966631605624, "log10_subsample": -0.6877953409125089, "max_depth": 2.0, "num_boost_round": 16.0}, "datetime": {"datetime": "2024-01-19 00:59:30", "elapsed": 2851.046636, "delta": 0.0031}}
{"target": -17.67286291137771, "params": {"gamma": 890.2817713785395, "log10_alpha": -4.607642174088756, "log10_colsample_bytree": -0.4393541849517868, "log10_eta": -1.568574872053583, "log10_lambda": -0.6288797070137973, "log10_min_child_weight": 2.7230966631605624, "log10_subsample": -0.6877953409125089, "max_depth": 2.0, "num_boost_round": 17.0}, "datetime": {"datetime": "2024-01-19 00:59:30", "elapsed": 2851.049748, "delta": 0.003112}}
{"target": -17.672843052212734, "params": {"gamma": 890.2817713785395, "log10_alpha": -4.607642174088756, "log10_colsample_bytree": -0.4393541849517868, "log10_eta": -1.568574872053583, "log10_lambda": -0.6288797070137973, "log10_min_child_weight": 2.7230966631605624, "log10_subsample": -0.6877953409125089, "max_depth": 2.0, "num_boost_round": 18.0}, "datetime": {"datetime": "2024-01-19 00:59:30", "elapsed": 2851.052988, "delta": 0.00324}}
{"target": -17.67276126697595, "params": {"gamma": 890.2817713785395, "log10_alpha": -4.607642174088756, "log10_colsample_bytree": -0.4393541849517868, "log10_eta": -1.568574872053583, "log10_lambda": -0.6288797070137973, "log10_min_child_weight": 2.7230966631605624, "log10_subsample": -0.6877953409125089, "max_depth": 2.0, "num_boost_round": 19.0}, "datetime": {"datetime": "2024-01-19 00:59:30", "elapsed": 2851.056157, "delta": 0.003169}}
{"target": -17.672660573657417, "params": {"gamma": 890.2817713785395, "log10_alpha": -4.607642174088756, "log10_colsample_bytree": -0.4393541849517868, "log10_eta": -1.568574872053583, "log10_lambda": -0.6288797070137973, "log10_min_child_weight": 2.7230966631605624, "log10_subsample": -0.6877953409125089, "max_depth": 2.0, "num_boost_round": 20.0}, "datetime": {"datetime": "2024-01-19 00:59:30", "elapsed": 2851.059328, "delta": 0.003171}}
{"target": -17.672485970002334, "params": {"gamma": 890.2817713785395, "log10_alpha": -4.607642174088756, "log10_colsample_bytree": -0.4393541849517868, "log10_eta": -1.568574872053583, "log10_lambda": -0.6288797070137973, "log10_min_child_weight": 2.7230966631605624, "log10_subsample": -0.6877953409125089, "max_depth": 2.0, "num_boost_round": 21.0}, "datetime": {"datetime": "2024-01-19 00:59:30", "elapsed": 2851.062475, "delta": 0.003147}}
{"target": -17.67279264737317, "params": {"gamma": 890.2817713785395, "log10_alpha": -4.607642174088756, "log10_colsample_bytree": -0.4393541849517868, "log10_eta": -1.568574872053583, "log10_lambda": -0.6288797070137973, "log10_min_child_weight": 2.7230966631605624, "log10_subsample": -0.6877953409125089, "max_depth": 2.0, "num_boost_round": 22.0}, "datetime": {"datetime": "2024-01-19 00:59:30", "elapsed": 2851.065586, "delta": 0.003111}}
{"target": -17.672454263902985, "params": {"gamma": 890.2817713785395, "log10_alpha": -4.607642174088756, "log10_colsample_bytree": -0.4393541849517868, "log10_eta": -1.568574872053583, "log10_lambda": -0.6288797070137973, "log10_min_child_weight": 2.7230966631605624, "log10_subsample": -0.6877953409125089, "max_depth": 2.0, "num_boost_round": 23.0}, "datetime": {"datetime": "2024-01-19 00:59:30", "elapsed": 2851.068682, "delta": 0.003096}}
{"target": -17.672355061840953, "params": {"gamma": 890.2817713785395, "log10_alpha": -4.607642174088756, "log10_colsample_bytree": -0.4393541849517868, "log10_eta": -1.568574872053583, "log10_lambda": -0.6288797070137973, "log10_min_child_weight": 2.7230966631605624, "log10_subsample": -0.6877953409125089, "max_depth": 2.0, "num_boost_round": 24.0}, "datetime": {"datetime": "2024-01-19 00:59:30", "elapsed": 2851.071794, "delta": 0.003112}}
{"target": -17.672230354386745, "params": {"gamma": 890.2817713785395, "log10_alpha": -4.607642174088756, "log10_colsample_bytree": -0.4393541849517868, "log10_eta": -1.568574872053583, "log10_lambda": -0.6288797070137973, "log10_min_child_weight": 2.7230966631605624, "log10_subsample": -0.6877953409125089, "max_depth": 2.0, "num_boost_round": 25.0}, "datetime": {"datetime": "2024-01-19 00:59:30", "elapsed": 2851.075053, "delta": 0.003259}}
{"target": -17.672431294702807, "params": {"gamma": 890.2817713785395, "log10_alpha": -4.607642174088756, "log10_colsample_bytree": -0.4393541849517868, "log10_eta": -1.568574872053583, "log10_lambda": -0.6288797070137973, "log10_min_child_weight": 2.7230966631605624, "log10_subsample": -0.6877953409125089, "max_depth": 2.0, "num_boost_round": 26.0}, "datetime": {"datetime": "2024-01-19 00:59:30", "elapsed": 2851.078349, "delta": 0.003296}}
{"target": -17.673053982336146, "params": {"gamma": 890.2817713785395, "log10_alpha": -4.607642174088756, "log10_colsample_bytree": -0.4393541849517868, "log10_eta": -1.568574872053583, "log10_lambda": -0.6288797070137973, "log10_min_child_weight": 2.7230966631605624, "log10_subsample": -0.6877953409125089, "max_depth": 2.0, "num_boost_round": 27.0}, "datetime": {"datetime": "2024-01-19 00:59:30", "elapsed": 2851.081628, "delta": 0.003279}}
{"target": -17.673241236346414, "params": {"gamma": 890.2817713785395, "log10_alpha": -4.607642174088756, "log10_colsample_bytree": -0.4393541849517868, "log10_eta": -1.568574872053583, "log10_lambda": -0.6288797070137973, "log10_min_child_weight": 2.7230966631605624, "log10_subsample": -0.6877953409125089, "max_depth": 2.0, "num_boost_round": 28.0}, "datetime": {"datetime": "2024-01-19 00:59:30", "elapsed": 2851.084768, "delta": 0.00314}}
{"target": -17.673454062373445, "params": {"gamma": 890.2817713785395, "log10_alpha": -4.607642174088756, "log10_colsample_bytree": -0.4393541849517868, "log10_eta": -1.568574872053583, "log10_lambda": -0.6288797070137973, "log10_min_child_weight": 2.7230966631605624, "log10_subsample": -0.6877953409125089, "max_depth": 2.0, "num_boost_round": 29.0}, "datetime": {"datetime": "2024-01-19 00:59:30", "elapsed": 2851.087892, "delta": 0.003124}}
