{"target": -18.81262130019792, "params": {"gamma": 733.0675293791188, "log10_alpha": 1.0, "log10_colsample_bytree": 0.0, "log10_eta": 0.0, "log10_lambda": 1.0, "log10_min_child_weight": 0.0, "log10_subsample": -1.0, "max_depth": 2.0, "num_boost_round": 16.0}, "datetime": {"datetime": "2024-01-19 00:57:30", "elapsed": 2757.766888, "delta": 0.003445}}
{"target": -18.824371375610124, "params": {"gamma": 733.0675293791188, "log10_alpha": 1.0, "log10_colsample_bytree": 0.0, "log10_eta": 0.0, "log10_lambda": 1.0, "log10_min_child_weight": 0.0, "log10_subsample": -1.0, "max_depth": 2.0, "num_boost_round": 17.0}, "datetime": {"datetime": "2024-01-19 00:57:30", "elapsed": 2757.770525, "delta": 0.003637}}
{"target": -18.851081667259184, "params": {"gamma": 733.0675293791188, "log10_alpha": 1.0, "log10_colsample_bytree": 0.0, "log10_eta": 0.0, "log10_lambda": 1.0, "log10_min_child_weight": 0.0, "log10_subsample": -1.0, "max_depth": 2.0, "num_boost_round": 18.0}, "datetime": {"datetime": "2024-01-19 00:57:30", "elapsed": 2757.891783, "delta": 0.121258}}
{"target": -18.833512328062294, "params": {"gamma": 733.0675293791188, "log10_alpha": 1.0, "log10_colsample_bytree": 0.0, "log10_eta": 0.0, "log10_lambda": 1.0, "log10_min_child_weight": 0.0, "log10_subsample": -1.0, "max_depth": 2.0, "num_boost_round": 19.0}, "datetime": {"datetime": "2024-01-19 00:57:30", "elapsed": 2757.896344, "delta": 0.004561}}
{"target": -18.8587006429796, "params": {"gamma": 733.0675293791188, "log10_alpha": 1.0, "log10_colsample_bytree": 0.0, "log10_eta": 0.0, "log10_lambda": 1.0, "log10_min_child_weight": 0.0, "log10_subsample": -1.0, "max_depth": 2.0, "num_boost_round": 20.0}, "datetime": {"datetime": "2024-01-19 00:57:30", "elapsed": 2757.900359, "delta": 0.004015}}
{"target": -18.924332876870917, "params": {"gamma": 733.0675293791188, "log10_alpha": 1.0, "log10_colsample_bytree": 0.0, "log10_eta": 0.0, "log10_lambda": 1.0, "log10_min_child_weight": 0.0, "log10_subsample": -1.0, "max_depth": 2.0, "num_boost_round": 21.0}, "datetime": {"datetime": "2024-01-19 00:57:30", "elapsed": 2757.904111, "delta": 0.003752}}
{"target": -18.932071018400414, "params": {"gamma": 733.0675293791188, "log10_alpha": 1.0, "log10_colsample_bytree": 0.0, "log10_eta": 0.0, "log10_lambda": 1.0, "log10_min_child_weight": 0.0, "log10_subsample": -1.0, "max_depth": 2.0, "num_boost_round": 22.0}, "datetime": {"datetime": "2024-01-19 00:57:30", "elapsed": 2757.907878, "delta": 0.003767}}
{"target": -18.8998965386196, "params": {"gamma": 733.0675293791188, "log10_alpha": 1.0, "log10_colsample_bytree": 0.0, "log10_eta": 0.0, "log10_lambda": 1.0, "log10_min_child_weight": 0.0, "log10_subsample": -1.0, "max_depth": 2.0, "num_boost_round": 23.0}, "datetime": {"datetime": "2024-01-19 00:57:30", "elapsed": 2757.911725, "delta": 0.003847}}
{"target": -18.910281371609234, "params": {"gamma": 733.0675293791188, "log10_alpha": 1.0, "log10_colsample_bytree": 0.0, "log10_eta": 0.0, "log10_lambda": 1.0, "log10_min_child_weight": 0.0, "log10_subsample": -1.0, "max_depth": 2.0, "num_boost_round": 24.0}, "datetime": {"datetime": "2024-01-19 00:57:30", "elapsed": 2757.91558, "delta": 0.003855}}
{"target": -18.906276271166593, "params": {"gamma": 733.0675293791188, "log10_alpha": 1.0, "log10_colsample_bytree": 0.0, "log10_eta": 0.0, "log10_lambda": 1.0, "log10_min_child_weight": 0.0, "log10_subsample": -1.0, "max_depth": 2.0, "num_boost_round": 25.0}, "datetime": {"datetime": "2024-01-19 00:57:30", "elapsed": 2757.919297, "delta": 0.003717}}
{"target": -18.92484526491597, "params": {"gamma": 733.0675293791188, "log10_alpha": 1.0, "log10_colsample_bytree": 0.0, "log10_eta": 0.0, "log10_lambda": 1.0, "log10_min_child_weight": 0.0, "log10_subsample": -1.0, "max_depth": 2.0, "num_boost_round": 26.0}, "datetime": {"datetime": "2024-01-19 00:57:30", "elapsed": 2757.92309, "delta": 0.003793}}
{"target": -18.983997954347345, "params": {"gamma": 733.0675293791188, "log10_alpha": 1.0, "log10_colsample_bytree": 0.0, "log10_eta": 0.0, "log10_lambda": 1.0, "log10_min_child_weight": 0.0, "log10_subsample": -1.0, "max_depth": 2.0, "num_boost_round": 27.0}, "datetime": {"datetime": "2024-01-19 00:57:30", "elapsed": 2757.92676, "delta": 0.00367}}
{"target": -18.98489373985343, "params": {"gamma": 733.0675293791188, "log10_alpha": 1.0, "log10_colsample_bytree": 0.0, "log10_eta": 0.0, "log10_lambda": 1.0, "log10_min_child_weight": 0.0, "log10_subsample": -1.0, "max_depth": 2.0, "num_boost_round": 28.0}, "datetime": {"datetime": "2024-01-19 00:57:30", "elapsed": 2757.930698, "delta": 0.003938}}
{"target": -19.01218238003576, "params": {"gamma": 733.0675293791188, "log10_alpha": 1.0, "log10_colsample_bytree": 0.0, "log10_eta": 0.0, "log10_lambda": 1.0, "log10_min_child_weight": 0.0, "log10_subsample": -1.0, "max_depth": 2.0, "num_boost_round": 29.0}, "datetime": {"datetime": "2024-01-19 00:57:30", "elapsed": 2757.9345, "delta": 0.003802}}
{"target": -19.018237173907913, "params": {"gamma": 733.0675293791188, "log10_alpha": 1.0, "log10_colsample_bytree": 0.0, "log10_eta": 0.0, "log10_lambda": 1.0, "log10_min_child_weight": 0.0, "log10_subsample": -1.0, "max_depth": 2.0, "num_boost_round": 30.0}, "datetime": {"datetime": "2024-01-19 00:57:30", "elapsed": 2757.938266, "delta": 0.003766}}
{"target": -19.04560516345063, "params": {"gamma": 733.0675293791188, "log10_alpha": 1.0, "log10_colsample_bytree": 0.0, "log10_eta": 0.0, "log10_lambda": 1.0, "log10_min_child_weight": 0.0, "log10_subsample": -1.0, "max_depth": 2.0, "num_boost_round": 31.0}, "datetime": {"datetime": "2024-01-19 00:57:30", "elapsed": 2757.942047, "delta": 0.003781}}
{"target": -19.057106883366107, "params": {"gamma": 733.0675293791188, "log10_alpha": 1.0, "log10_colsample_bytree": 0.0, "log10_eta": 0.0, "log10_lambda": 1.0, "log10_min_child_weight": 0.0, "log10_subsample": -1.0, "max_depth": 2.0, "num_boost_round": 32.0}, "datetime": {"datetime": "2024-01-19 00:57:30", "elapsed": 2757.945707, "delta": 0.00366}}
{"target": -19.065379355284556, "params": {"gamma": 733.0675293791188, "log10_alpha": 1.0, "log10_colsample_bytree": 0.0, "log10_eta": 0.0, "log10_lambda": 1.0, "log10_min_child_weight": 0.0, "log10_subsample": -1.0, "max_depth": 2.0, "num_boost_round": 33.0}, "datetime": {"datetime": "2024-01-19 00:57:30", "elapsed": 2757.949595, "delta": 0.003888}}
{"target": -19.0853499390289, "params": {"gamma": 733.0675293791188, "log10_alpha": 1.0, "log10_colsample_bytree": 0.0, "log10_eta": 0.0, "log10_lambda": 1.0, "log10_min_child_weight": 0.0, "log10_subsample": -1.0, "max_depth": 2.0, "num_boost_round": 34.0}, "datetime": {"datetime": "2024-01-19 00:57:30", "elapsed": 2757.953289, "delta": 0.003694}}
{"target": -19.098589649109098, "params": {"gamma": 733.0675293791188, "log10_alpha": 1.0, "log10_colsample_bytree": 0.0, "log10_eta": 0.0, "log10_lambda": 1.0, "log10_min_child_weight": 0.0, "log10_subsample": -1.0, "max_depth": 2.0, "num_boost_round": 35.0}, "datetime": {"datetime": "2024-01-19 00:57:30", "elapsed": 2757.957123, "delta": 0.003834}}
{"target": -19.107673448631044, "params": {"gamma": 733.0675293791188, "log10_alpha": 1.0, "log10_colsample_bytree": 0.0, "log10_eta": 0.0, "log10_lambda": 1.0, "log10_min_child_weight": 0.0, "log10_subsample": -1.0, "max_depth": 2.0, "num_boost_round": 36.0}, "datetime": {"datetime": "2024-01-19 00:57:30", "elapsed": 2757.960937, "delta": 0.003814}}
{"target": -19.119603255475806, "params": {"gamma": 733.0675293791188, "log10_alpha": 1.0, "log10_colsample_bytree": 0.0, "log10_eta": 0.0, "log10_lambda": 1.0, "log10_min_child_weight": 0.0, "log10_subsample": -1.0, "max_depth": 2.0, "num_boost_round": 37.0}, "datetime": {"datetime": "2024-01-19 00:57:30", "elapsed": 2757.964627, "delta": 0.00369}}
{"target": -19.129485612942343, "params": {"gamma": 733.0675293791188, "log10_alpha": 1.0, "log10_colsample_bytree": 0.0, "log10_eta": 0.0, "log10_lambda": 1.0, "log10_min_child_weight": 0.0, "log10_subsample": -1.0, "max_depth": 2.0, "num_boost_round": 38.0}, "datetime": {"datetime": "2024-01-19 00:57:30", "elapsed": 2757.968431, "delta": 0.003804}}
{"target": -19.135991751601605, "params": {"gamma": 733.0675293791188, "log10_alpha": 1.0, "log10_colsample_bytree": 0.0, "log10_eta": 0.0, "log10_lambda": 1.0, "log10_min_child_weight": 0.0, "log10_subsample": -1.0, "max_depth": 2.0, "num_boost_round": 39.0}, "datetime": {"datetime": "2024-01-19 00:57:30", "elapsed": 2757.972167, "delta": 0.003736}}
{"target": -19.13598983588057, "params": {"gamma": 733.0675293791188, "log10_alpha": 1.0, "log10_colsample_bytree": 0.0, "log10_eta": 0.0, "log10_lambda": 1.0, "log10_min_child_weight": 0.0, "log10_subsample": -1.0, "max_depth": 2.0, "num_boost_round": 40.0}, "datetime": {"datetime": "2024-01-19 00:57:30", "elapsed": 2757.976002, "delta": 0.003835}}
{"target": -19.13096618109997, "params": {"gamma": 733.0675293791188, "log10_alpha": 1.0, "log10_colsample_bytree": 0.0, "log10_eta": 0.0, "log10_lambda": 1.0, "log10_min_child_weight": 0.0, "log10_subsample": -1.0, "max_depth": 2.0, "num_boost_round": 41.0}, "datetime": {"datetime": "2024-01-19 00:57:30", "elapsed": 2757.980118, "delta": 0.004116}}
{"target": -19.145020807186572, "params": {"gamma": 733.0675293791188, "log10_alpha": 1.0, "log10_colsample_bytree": 0.0, "log10_eta": 0.0, "log10_lambda": 1.0, "log10_min_child_weight": 0.0, "log10_subsample": -1.0, "max_depth": 2.0, "num_boost_round": 42.0}, "datetime": {"datetime": "2024-01-19 00:57:30", "elapsed": 2757.984094, "delta": 0.003976}}
{"target": -19.20000698378169, "params": {"gamma": 733.0675293791188, "log10_alpha": 1.0, "log10_colsample_bytree": 0.0, "log10_eta": 0.0, "log10_lambda": 1.0, "log10_min_child_weight": 0.0, "log10_subsample": -1.0, "max_depth": 2.0, "num_boost_round": 43.0}, "datetime": {"datetime": "2024-01-19 00:57:30", "elapsed": 2757.988097, "delta": 0.004003}}
{"target": -19.211924785578603, "params": {"gamma": 733.0675293791188, "log10_alpha": 1.0, "log10_colsample_bytree": 0.0, "log10_eta": 0.0, "log10_lambda": 1.0, "log10_min_child_weight": 0.0, "log10_subsample": -1.0, "max_depth": 2.0, "num_boost_round": 44.0}, "datetime": {"datetime": "2024-01-19 00:57:30", "elapsed": 2757.99184, "delta": 0.003743}}
{"target": -19.216431043782162, "params": {"gamma": 733.0675293791188, "log10_alpha": 1.0, "log10_colsample_bytree": 0.0, "log10_eta": 0.0, "log10_lambda": 1.0, "log10_min_child_weight": 0.0, "log10_subsample": -1.0, "max_depth": 2.0, "num_boost_round": 45.0}, "datetime": {"datetime": "2024-01-19 00:57:30", "elapsed": 2757.995648, "delta": 0.003808}}
{"target": -19.223575013346785, "params": {"gamma": 733.0675293791188, "log10_alpha": 1.0, "log10_colsample_bytree": 0.0, "log10_eta": 0.0, "log10_lambda": 1.0, "log10_min_child_weight": 0.0, "log10_subsample": -1.0, "max_depth": 2.0, "num_boost_round": 46.0}, "datetime": {"datetime": "2024-01-19 00:57:30", "elapsed": 2757.999374, "delta": 0.003726}}
{"target": -19.21913474777237, "params": {"gamma": 733.0675293791188, "log10_alpha": 1.0, "log10_colsample_bytree": 0.0, "log10_eta": 0.0, "log10_lambda": 1.0, "log10_min_child_weight": 0.0, "log10_subsample": -1.0, "max_depth": 2.0, "num_boost_round": 47.0}, "datetime": {"datetime": "2024-01-19 00:57:30", "elapsed": 2758.003098, "delta": 0.003724}}
{"target": -19.24464606820892, "params": {"gamma": 733.0675293791188, "log10_alpha": 1.0, "log10_colsample_bytree": 0.0, "log10_eta": 0.0, "log10_lambda": 1.0, "log10_min_child_weight": 0.0, "log10_subsample": -1.0, "max_depth": 2.0, "num_boost_round": 48.0}, "datetime": {"datetime": "2024-01-19 00:57:30", "elapsed": 2758.007004, "delta": 0.003906}}
{"target": -19.245063998900054, "params": {"gamma": 733.0675293791188, "log10_alpha": 1.0, "log10_colsample_bytree": 0.0, "log10_eta": 0.0, "log10_lambda": 1.0, "log10_min_child_weight": 0.0, "log10_subsample": -1.0, "max_depth": 2.0, "num_boost_round": 49.0}, "datetime": {"datetime": "2024-01-19 00:57:30", "elapsed": 2758.010724, "delta": 0.00372}}
{"target": -19.22877452188262, "params": {"gamma": 733.0675293791188, "log10_alpha": 1.0, "log10_colsample_bytree": 0.0, "log10_eta": 0.0, "log10_lambda": 1.0, "log10_min_child_weight": 0.0, "log10_subsample": -1.0, "max_depth": 2.0, "num_boost_round": 50.0}, "datetime": {"datetime": "2024-01-19 00:57:30", "elapsed": 2758.014382, "delta": 0.003658}}
{"target": -19.239749676405037, "params": {"gamma": 733.0675293791188, "log10_alpha": 1.0, "log10_colsample_bytree": 0.0, "log10_eta": 0.0, "log10_lambda": 1.0, "log10_min_child_weight": 0.0, "log10_subsample": -1.0, "max_depth": 2.0, "num_boost_round": 51.0}, "datetime": {"datetime": "2024-01-19 00:57:30", "elapsed": 2758.018008, "delta": 0.003626}}
{"target": -19.24828998252665, "params": {"gamma": 733.0675293791188, "log10_alpha": 1.0, "log10_colsample_bytree": 0.0, "log10_eta": 0.0, "log10_lambda": 1.0, "log10_min_child_weight": 0.0, "log10_subsample": -1.0, "max_depth": 2.0, "num_boost_round": 52.0}, "datetime": {"datetime": "2024-01-19 00:57:30", "elapsed": 2758.021721, "delta": 0.003713}}
{"target": -19.256981306333287, "params": {"gamma": 733.0675293791188, "log10_alpha": 1.0, "log10_colsample_bytree": 0.0, "log10_eta": 0.0, "log10_lambda": 1.0, "log10_min_child_weight": 0.0, "log10_subsample": -1.0, "max_depth": 2.0, "num_boost_round": 53.0}, "datetime": {"datetime": "2024-01-19 00:57:30", "elapsed": 2758.025452, "delta": 0.003731}}
{"target": -19.283548818407947, "params": {"gamma": 733.0675293791188, "log10_alpha": 1.0, "log10_colsample_bytree": 0.0, "log10_eta": 0.0, "log10_lambda": 1.0, "log10_min_child_weight": 0.0, "log10_subsample": -1.0, "max_depth": 2.0, "num_boost_round": 54.0}, "datetime": {"datetime": "2024-01-19 00:57:30", "elapsed": 2758.0292, "delta": 0.003748}}
{"target": -19.29467125427723, "params": {"gamma": 733.0675293791188, "log10_alpha": 1.0, "log10_colsample_bytree": 0.0, "log10_eta": 0.0, "log10_lambda": 1.0, "log10_min_child_weight": 0.0, "log10_subsample": -1.0, "max_depth": 2.0, "num_boost_round": 55.0}, "datetime": {"datetime": "2024-01-19 00:57:30", "elapsed": 2758.03304, "delta": 0.00384}}
{"target": -19.311665079288513, "params": {"gamma": 733.0675293791188, "log10_alpha": 1.0, "log10_colsample_bytree": 0.0, "log10_eta": 0.0, "log10_lambda": 1.0, "log10_min_child_weight": 0.0, "log10_subsample": -1.0, "max_depth": 2.0, "num_boost_round": 56.0}, "datetime": {"datetime": "2024-01-19 00:57:30", "elapsed": 2758.036773, "delta": 0.003733}}
{"target": -19.320020296623902, "params": {"gamma": 733.0675293791188, "log10_alpha": 1.0, "log10_colsample_bytree": 0.0, "log10_eta": 0.0, "log10_lambda": 1.0, "log10_min_child_weight": 0.0, "log10_subsample": -1.0, "max_depth": 2.0, "num_boost_round": 57.0}, "datetime": {"datetime": "2024-01-19 00:57:30", "elapsed": 2758.04051, "delta": 0.003737}}
{"target": -19.3368469635679, "params": {"gamma": 733.0675293791188, "log10_alpha": 1.0, "log10_colsample_bytree": 0.0, "log10_eta": 0.0, "log10_lambda": 1.0, "log10_min_child_weight": 0.0, "log10_subsample": -1.0, "max_depth": 2.0, "num_boost_round": 58.0}, "datetime": {"datetime": "2024-01-19 00:57:30", "elapsed": 2758.044231, "delta": 0.003721}}
{"target": -19.35406178314437, "params": {"gamma": 733.0675293791188, "log10_alpha": 1.0, "log10_colsample_bytree": 0.0, "log10_eta": 0.0, "log10_lambda": 1.0, "log10_min_child_weight": 0.0, "log10_subsample": -1.0, "max_depth": 2.0, "num_boost_round": 59.0}, "datetime": {"datetime": "2024-01-19 00:57:30", "elapsed": 2758.048066, "delta": 0.003835}}
{"target": -19.34585452323375, "params": {"gamma": 733.0675293791188, "log10_alpha": 1.0, "log10_colsample_bytree": 0.0, "log10_eta": 0.0, "log10_lambda": 1.0, "log10_min_child_weight": 0.0, "log10_subsample": -1.0, "max_depth": 2.0, "num_boost_round": 60.0}, "datetime": {"datetime": "2024-01-19 00:57:30", "elapsed": 2758.051889, "delta": 0.003823}}
{"target": -19.34868495054301, "params": {"gamma": 733.0675293791188, "log10_alpha": 1.0, "log10_colsample_bytree": 0.0, "log10_eta": 0.0, "log10_lambda": 1.0, "log10_min_child_weight": 0.0, "log10_subsample": -1.0, "max_depth": 2.0, "num_boost_round": 61.0}, "datetime": {"datetime": "2024-01-19 00:57:30", "elapsed": 2758.055727, "delta": 0.003838}}
{"target": -19.364852314176478, "params": {"gamma": 733.0675293791188, "log10_alpha": 1.0, "log10_colsample_bytree": 0.0, "log10_eta": 0.0, "log10_lambda": 1.0, "log10_min_child_weight": 0.0, "log10_subsample": -1.0, "max_depth": 2.0, "num_boost_round": 62.0}, "datetime": {"datetime": "2024-01-19 00:57:30", "elapsed": 2758.059512, "delta": 0.003785}}
{"target": -17.677189110934556, "params": {"gamma": 745.3953315316517, "log10_alpha": -2.3612443023730076, "log10_colsample_bytree": -0.2713105130465815, "log10_eta": -2.726750864993745, "log10_lambda": -2.867703288342536, "log10_min_child_weight": 3.1233539931367726, "log10_subsample": -0.3918354170435505, "max_depth": 3.0, "num_boost_round": 0.0}, "datetime": {"datetime": "2024-01-19 00:58:18", "elapsed": 2805.445576, "delta": 47.386064}}
{"target": -17.67710041499178, "params": {"gamma": 745.3953315316517, "log10_alpha": -2.3612443023730076, "log10_colsample_bytree": -0.2713105130465815, "log10_eta": -2.726750864993745, "log10_lambda": -2.867703288342536, "log10_min_child_weight": 3.1233539931367726, "log10_subsample": -0.3918354170435505, "max_depth": 3.0, "num_boost_round": 1.0}, "datetime": {"datetime": "2024-01-19 00:58:18", "elapsed": 2805.450449, "delta": 0.004873}}
{"target": -17.677027182616136, "params": {"gamma": 745.3953315316517, "log10_alpha": -2.3612443023730076, "log10_colsample_bytree": -0.2713105130465815, "log10_eta": -2.726750864993745, "log10_lambda": -2.867703288342536, "log10_min_child_weight": 3.1233539931367726, "log10_subsample": -0.3918354170435505, "max_depth": 3.0, "num_boost_round": 2.0}, "datetime": {"datetime": "2024-01-19 00:58:18", "elapsed": 2805.454158, "delta": 0.003709}}
{"target": -17.67701823064334, "params": {"gamma": 745.3953315316517, "log10_alpha": -2.3612443023730076, "log10_colsample_bytree": -0.2713105130465815, "log10_eta": -2.726750864993745, "log10_lambda": -2.867703288342536, "log10_min_child_weight": 3.1233539931367726, "log10_subsample": -0.3918354170435505, "max_depth": 3.0, "num_boost_round": 3.0}, "datetime": {"datetime": "2024-01-19 00:58:18", "elapsed": 2805.457784, "delta": 0.003626}}
{"target": -17.676979549306953, "params": {"gamma": 745.3953315316517, "log10_alpha": -2.3612443023730076, "log10_colsample_bytree": -0.2713105130465815, "log10_eta": -2.726750864993745, "log10_lambda": -2.867703288342536, "log10_min_child_weight": 3.1233539931367726, "log10_subsample": -0.3918354170435505, "max_depth": 3.0, "num_boost_round": 4.0}, "datetime": {"datetime": "2024-01-19 00:58:18", "elapsed": 2805.461435, "delta": 0.003651}}
{"target": -17.676943844337444, "params": {"gamma": 745.3953315316517, "log10_alpha": -2.3612443023730076, "log10_colsample_bytree": -0.2713105130465815, "log10_eta": -2.726750864993745, "log10_lambda": -2.867703288342536, "log10_min_child_weight": 3.1233539931367726, "log10_subsample": -0.3918354170435505, "max_depth": 3.0, "num_boost_round": 5.0}, "datetime": {"datetime": "2024-01-19 00:58:18", "elapsed": 2805.465535, "delta": 0.0041}}
{"target": -17.676897840377876, "params": {"gamma": 745.3953315316517, "log10_alpha": -2.3612443023730076, "log10_colsample_bytree": -0.2713105130465815, "log10_eta": -2.726750864993745, "log10_lambda": -2.867703288342536, "log10_min_child_weight": 3.1233539931367726, "log10_subsample": -0.3918354170435505, "max_depth": 3.0, "num_boost_round": 6.0}, "datetime": {"datetime": "2024-01-19 00:58:18", "elapsed": 2805.469213, "delta": 0.003678}}
{"target": -17.676842933844163, "params": {"gamma": 745.3953315316517, "log10_alpha": -2.3612443023730076, "log10_colsample_bytree": -0.2713105130465815, "log10_eta": -2.726750864993745, "log10_lambda": -2.867703288342536, "log10_min_child_weight": 3.1233539931367726, "log10_subsample": -0.3918354170435505, "max_depth": 3.0, "num_boost_round": 7.0}, "datetime": {"datetime": "2024-01-19 00:58:18", "elapsed": 2805.472744, "delta": 0.003531}}
{"target": -17.67682248412247, "params": {"gamma": 745.3953315316517, "log10_alpha": -2.3612443023730076, "log10_colsample_bytree": -0.2713105130465815, "log10_eta": -2.726750864993745, "log10_lambda": -2.867703288342536, "log10_min_child_weight": 3.1233539931367726, "log10_subsample": -0.3918354170435505, "max_depth": 3.0, "num_boost_round": 8.0}, "datetime": {"datetime": "2024-01-19 00:58:18", "elapsed": 2805.476439, "delta": 0.003695}}
{"target": -17.676808878956642, "params": {"gamma": 745.3953315316517, "log10_alpha": -2.3612443023730076, "log10_colsample_bytree": -0.2713105130465815, "log10_eta": -2.726750864993745, "log10_lambda": -2.867703288342536, "log10_min_child_weight": 3.1233539931367726, "log10_subsample": -0.3918354170435505, "max_depth": 3.0, "num_boost_round": 9.0}, "datetime": {"datetime": "2024-01-19 00:58:18", "elapsed": 2805.480191, "delta": 0.003752}}
{"target": -17.676769401586487, "params": {"gamma": 745.3953315316517, "log10_alpha": -2.3612443023730076, "log10_colsample_bytree": -0.2713105130465815, "log10_eta": -2.726750864993745, "log10_lambda": -2.867703288342536, "log10_min_child_weight": 3.1233539931367726, "log10_subsample": -0.3918354170435505, "max_depth": 3.0, "num_boost_round": 10.0}, "datetime": {"datetime": "2024-01-19 00:58:18", "elapsed": 2805.484504, "delta": 0.004313}}
{"target": -17.676738640539387, "params": {"gamma": 745.3953315316517, "log10_alpha": -2.3612443023730076, "log10_colsample_bytree": -0.2713105130465815, "log10_eta": -2.726750864993745, "log10_lambda": -2.867703288342536, "log10_min_child_weight": 3.1233539931367726, "log10_subsample": -0.3918354170435505, "max_depth": 3.0, "num_boost_round": 11.0}, "datetime": {"datetime": "2024-01-19 00:58:18", "elapsed": 2805.488568, "delta": 0.004064}}
