{"target": -17.676872763757657, "params": {"gamma": 429.85156102126297, "log10_alpha": -0.28497497045561815, "log10_colsample_bytree": -0.3042629690507086, "log10_eta": -2.700101748646199, "log10_lambda": -3.564570055830689, "log10_min_child_weight": 4.232945632482824, "log10_subsample": -0.3517572247922288, "max_depth": 8.0, "num_boost_round": 21.0}, "datetime": {"datetime": "2024-01-19 00:46:00", "elapsed": 2065.471051, "delta": 0.001931}}
{"target": -17.67722438009912, "params": {"gamma": 447.6030997071697, "log10_alpha": -4.001611188828403, "log10_colsample_bytree": -0.27084074649725853, "log10_eta": -3.7281740654823805, "log10_lambda": 0.9381097603436555, "log10_min_child_weight": 1.5085055923697244, "log10_subsample": -0.5653996583388597, "max_depth": 3.0, "num_boost_round": 0.0}, "datetime": {"datetime": "2024-01-19 00:46:28", "elapsed": 2093.188463, "delta": 27.717412}}
{"target": -17.67721413281225, "params": {"gamma": 447.6030997071697, "log10_alpha": -4.001611188828403, "log10_colsample_bytree": -0.27084074649725853, "log10_eta": -3.7281740654823805, "log10_lambda": 0.9381097603436555, "log10_min_child_weight": 1.5085055923697244, "log10_subsample": -0.5653996583388597, "max_depth": 3.0, "num_boost_round": 1.0}, "datetime": {"datetime": "2024-01-19 00:46:28", "elapsed": 2093.190555, "delta": 0.002092}}
{"target": -17.67720707218463, "params": {"gamma": 447.6030997071697, "log10_alpha": -4.001611188828403, "log10_colsample_bytree": -0.27084074649725853, "log10_eta": -3.7281740654823805, "log10_lambda": 0.9381097603436555, "log10_min_child_weight": 1.5085055923697244, "log10_subsample": -0.5653996583388597, "max_depth": 3.0, "num_boost_round": 2.0}, "datetime": {"datetime": "2024-01-19 00:46:28", "elapsed": 2093.192475, "delta": 0.00192}}
{"target": -17.677200224691397, "params": {"gamma": 447.6030997071697, "log10_alpha": -4.001611188828403, "log10_colsample_bytree": -0.27084074649725853, "log10_eta": -3.7281740654823805, "log10_lambda": 0.9381097603436555, "log10_min_child_weight": 1.5085055923697244, "log10_subsample": -0.5653996583388597, "max_depth": 3.0, "num_boost_round": 3.0}, "datetime": {"datetime": "2024-01-19 00:46:28", "elapsed": 2093.194538, "delta": 0.002063}}
{"target": -17.677198433666952, "params": {"gamma": 447.6030997071697, "log10_alpha": -4.001611188828403, "log10_colsample_bytree": -0.27084074649725853, "log10_eta": -3.7281740654823805, "log10_lambda": 0.9381097603436555, "log10_min_child_weight": 1.5085055923697244, "log10_subsample": -0.5653996583388597, "max_depth": 3.0, "num_boost_round": 4.0}, "datetime": {"datetime": "2024-01-19 00:46:28", "elapsed": 2093.196449, "delta": 0.001911}}
{"target": -17.67719337873019, "params": {"gamma": 447.6030997071697, "log10_alpha": -4.001611188828403, "log10_colsample_bytree": -0.27084074649725853, "log10_eta": -3.7281740654823805, "log10_lambda": 0.9381097603436555, "log10_min_child_weight": 1.5085055923697244, "log10_subsample": -0.5653996583388597, "max_depth": 3.0, "num_boost_round": 5.0}, "datetime": {"datetime": "2024-01-19 00:46:28", "elapsed": 2093.198359, "delta": 0.00191}}
{"target": -17.67718520440378, "params": {"gamma": 447.6030997071697, "log10_alpha": -4.001611188828403, "log10_colsample_bytree": -0.27084074649725853, "log10_eta": -3.7281740654823805, "log10_lambda": 0.9381097603436555, "log10_min_child_weight": 1.5085055923697244, "log10_subsample": -0.5653996583388597, "max_depth": 3.0, "num_boost_round": 6.0}, "datetime": {"datetime": "2024-01-19 00:46:28", "elapsed": 2093.200279, "delta": 0.00192}}
{"target": -17.677176710527423, "params": {"gamma": 447.6030997071697, "log10_alpha": -4.001611188828403, "log10_colsample_bytree": -0.27084074649725853, "log10_eta": -3.7281740654823805, "log10_lambda": 0.9381097603436555, "log10_min_child_weight": 1.5085055923697244, "log10_subsample": -0.5653996583388597, "max_depth": 3.0, "num_boost_round": 7.0}, "datetime": {"datetime": "2024-01-19 00:46:28", "elapsed": 2093.202926, "delta": 0.002647}}
{"target": -17.677168500305612, "params": {"gamma": 447.6030997071697, "log10_alpha": -4.001611188828403, "log10_colsample_bytree": -0.27084074649725853, "log10_eta": -3.7281740654823805, "log10_lambda": 0.9381097603436555, "log10_min_child_weight": 1.5085055923697244, "log10_subsample": -0.5653996583388597, "max_depth": 3.0, "num_boost_round": 8.0}, "datetime": {"datetime": "2024-01-19 00:46:28", "elapsed": 2093.204842, "delta": 0.001916}}
{"target": -17.67716635438254, "params": {"gamma": 447.6030997071697, "log10_alpha": -4.001611188828403, "log10_colsample_bytree": -0.27084074649725853, "log10_eta": -3.7281740654823805, "log10_lambda": 0.9381097603436555, "log10_min_child_weight": 1.5085055923697244, "log10_subsample": -0.5653996583388597, "max_depth": 3.0, "num_boost_round": 9.0}, "datetime": {"datetime": "2024-01-19 00:46:28", "elapsed": 2093.206752, "delta": 0.00191}}
{"target": -17.677161139672734, "params": {"gamma": 447.6030997071697, "log10_alpha": -4.001611188828403, "log10_colsample_bytree": -0.27084074649725853, "log10_eta": -3.7281740654823805, "log10_lambda": 0.9381097603436555, "log10_min_child_weight": 1.5085055923697244, "log10_subsample": -0.5653996583388597, "max_depth": 3.0, "num_boost_round": 10.0}, "datetime": {"datetime": "2024-01-19 00:46:28", "elapsed": 2093.208656, "delta": 0.001904}}
{"target": -17.67715158697223, "params": {"gamma": 447.6030997071697, "log10_alpha": -4.001611188828403, "log10_colsample_bytree": -0.27084074649725853, "log10_eta": -3.7281740654823805, "log10_lambda": 0.9381097603436555, "log10_min_child_weight": 1.5085055923697244, "log10_subsample": -0.5653996583388597, "max_depth": 3.0, "num_boost_round": 11.0}, "datetime": {"datetime": "2024-01-19 00:46:28", "elapsed": 2093.210671, "delta": 0.002015}}
{"target": -17.6771458728817, "params": {"gamma": 447.6030997071697, "log10_alpha": -4.001611188828403, "log10_colsample_bytree": -0.27084074649725853, "log10_eta": -3.7281740654823805, "log10_lambda": 0.9381097603436555, "log10_min_child_weight": 1.5085055923697244, "log10_subsample": -0.5653996583388597, "max_depth": 3.0, "num_boost_round": 12.0}, "datetime": {"datetime": "2024-01-19 00:46:28", "elapsed": 2093.212752, "delta": 0.002081}}
{"target": -17.67714091057464, "params": {"gamma": 447.6030997071697, "log10_alpha": -4.001611188828403, "log10_colsample_bytree": -0.27084074649725853, "log10_eta": -3.7281740654823805, "log10_lambda": 0.9381097603436555, "log10_min_child_weight": 1.5085055923697244, "log10_subsample": -0.5653996583388597, "max_depth": 3.0, "num_boost_round": 13.0}, "datetime": {"datetime": "2024-01-19 00:46:28", "elapsed": 2093.214773, "delta": 0.002021}}
{"target": -17.677136970665778, "params": {"gamma": 447.6030997071697, "log10_alpha": -4.001611188828403, "log10_colsample_bytree": -0.27084074649725853, "log10_eta": -3.7281740654823805, "log10_lambda": 0.9381097603436555, "log10_min_child_weight": 1.5085055923697244, "log10_subsample": -0.5653996583388597, "max_depth": 3.0, "num_boost_round": 14.0}, "datetime": {"datetime": "2024-01-19 00:46:28", "elapsed": 2093.216764, "delta": 0.001991}}
{"target": -17.676561900992578, "params": {"gamma": 443.6127301870535, "log10_alpha": -1.304638799786967, "log10_colsample_bytree": -0.9866338436006009, "log10_eta": -1.8109591985562332, "log10_lambda": -0.04542780547321357, "log10_min_child_weight": 0.7599115470979428, "log10_subsample": -0.0032817926240060746, "max_depth": 5.0, "num_boost_round": 0.0}, "datetime": {"datetime": "2024-01-19 00:47:00", "elapsed": 2125.093623, "delta": 31.876859}}
{"target": -17.676369602653452, "params": {"gamma": 443.6127301870535, "log10_alpha": -1.304638799786967, "log10_colsample_bytree": -0.9866338436006009, "log10_eta": -1.8109591985562332, "log10_lambda": -0.04542780547321357, "log10_min_child_weight": 0.7599115470979428, "log10_subsample": -0.0032817926240060746, "max_depth": 5.0, "num_boost_round": 1.0}, "datetime": {"datetime": "2024-01-19 00:47:00", "elapsed": 2125.096366, "delta": 0.002743}}
{"target": -17.6760472962137, "params": {"gamma": 443.6127301870535, "log10_alpha": -1.304638799786967, "log10_colsample_bytree": -0.9866338436006009, "log10_eta": -1.8109591985562332, "log10_lambda": -0.04542780547321357, "log10_min_child_weight": 0.7599115470979428, "log10_subsample": -0.0032817926240060746, "max_depth": 5.0, "num_boost_round": 2.0}, "datetime": {"datetime": "2024-01-19 00:47:00", "elapsed": 2125.098434, "delta": 0.002068}}
{"target": -17.67564393229865, "params": {"gamma": 443.6127301870535, "log10_alpha": -1.304638799786967, "log10_colsample_bytree": -0.9866338436006009, "log10_eta": -1.8109591985562332, "log10_lambda": -0.04542780547321357, "log10_min_child_weight": 0.7599115470979428, "log10_subsample": -0.0032817926240060746, "max_depth": 5.0, "num_boost_round": 3.0}, "datetime": {"datetime": "2024-01-19 00:47:00", "elapsed": 2125.100482, "delta": 0.002048}}
{"target": -17.67516260167085, "params": {"gamma": 443.6127301870535, "log10_alpha": -1.304638799786967, "log10_colsample_bytree": -0.9866338436006009, "log10_eta": -1.8109591985562332, "log10_lambda": -0.04542780547321357, "log10_min_child_weight": 0.7599115470979428, "log10_subsample": -0.0032817926240060746, "max_depth": 5.0, "num_boost_round": 4.0}, "datetime": {"datetime": "2024-01-19 00:47:00", "elapsed": 2125.102454, "delta": 0.001972}}
{"target": -17.675215465723454, "params": {"gamma": 443.6127301870535, "log10_alpha": -1.304638799786967, "log10_colsample_bytree": -0.9866338436006009, "log10_eta": -1.8109591985562332, "log10_lambda": -0.04542780547321357, "log10_min_child_weight": 0.7599115470979428, "log10_subsample": -0.0032817926240060746, "max_depth": 5.0, "num_boost_round": 5.0}, "datetime": {"datetime": "2024-01-19 00:47:00", "elapsed": 2125.104378, "delta": 0.001924}}
{"target": -17.67571977724817, "params": {"gamma": 443.6127301870535, "log10_alpha": -1.304638799786967, "log10_colsample_bytree": -0.9866338436006009, "log10_eta": -1.8109591985562332, "log10_lambda": -0.04542780547321357, "log10_min_child_weight": 0.7599115470979428, "log10_subsample": -0.0032817926240060746, "max_depth": 5.0, "num_boost_round": 6.0}, "datetime": {"datetime": "2024-01-19 00:47:00", "elapsed": 2125.106304, "delta": 0.001926}}
{"target": -17.67542070435193, "params": {"gamma": 443.6127301870535, "log10_alpha": -1.304638799786967, "log10_colsample_bytree": -0.9866338436006009, "log10_eta": -1.8109591985562332, "log10_lambda": -0.04542780547321357, "log10_min_child_weight": 0.7599115470979428, "log10_subsample": -0.0032817926240060746, "max_depth": 5.0, "num_boost_round": 7.0}, "datetime": {"datetime": "2024-01-19 00:47:00", "elapsed": 2125.108241, "delta": 0.001937}}
{"target": -17.675300108863734, "params": {"gamma": 443.6127301870535, "log10_alpha": -1.304638799786967, "log10_colsample_bytree": -0.9866338436006009, "log10_eta": -1.8109591985562332, "log10_lambda": -0.04542780547321357, "log10_min_child_weight": 0.7599115470979428, "log10_subsample": -0.0032817926240060746, "max_depth": 5.0, "num_boost_round": 8.0}, "datetime": {"datetime": "2024-01-19 00:47:00", "elapsed": 2125.110257, "delta": 0.002016}}
{"target": -17.674833385561502, "params": {"gamma": 443.6127301870535, "log10_alpha": -1.304638799786967, "log10_colsample_bytree": -0.9866338436006009, "log10_eta": -1.8109591985562332, "log10_lambda": -0.04542780547321357, "log10_min_child_weight": 0.7599115470979428, "log10_subsample": -0.0032817926240060746, "max_depth": 5.0, "num_boost_round": 9.0}, "datetime": {"datetime": "2024-01-19 00:47:00", "elapsed": 2125.112179, "delta": 0.001922}}
{"target": -17.674534922679065, "params": {"gamma": 443.6127301870535, "log10_alpha": -1.304638799786967, "log10_colsample_bytree": -0.9866338436006009, "log10_eta": -1.8109591985562332, "log10_lambda": -0.04542780547321357, "log10_min_child_weight": 0.7599115470979428, "log10_subsample": -0.0032817926240060746, "max_depth": 5.0, "num_boost_round": 10.0}, "datetime": {"datetime": "2024-01-19 00:47:00", "elapsed": 2125.114193, "delta": 0.002014}}
{"target": -17.67469180238607, "params": {"gamma": 443.6127301870535, "log10_alpha": -1.304638799786967, "log10_colsample_bytree": -0.9866338436006009, "log10_eta": -1.8109591985562332, "log10_lambda": -0.04542780547321357, "log10_min_child_weight": 0.7599115470979428, "log10_subsample": -0.0032817926240060746, "max_depth": 5.0, "num_boost_round": 11.0}, "datetime": {"datetime": "2024-01-19 00:47:00", "elapsed": 2125.116133, "delta": 0.00194}}
{"target": -17.674030945609235, "params": {"gamma": 443.6127301870535, "log10_alpha": -1.304638799786967, "log10_colsample_bytree": -0.9866338436006009, "log10_eta": -1.8109591985562332, "log10_lambda": -0.04542780547321357, "log10_min_child_weight": 0.7599115470979428, "log10_subsample": -0.0032817926240060746, "max_depth": 5.0, "num_boost_round": 12.0}, "datetime": {"datetime": "2024-01-19 00:47:00", "elapsed": 2125.118055, "delta": 0.001922}}
{"target": -17.677233206443724, "params": {"gamma": 774.2786841990035, "log10_alpha": 1.0, "log10_colsample_bytree": -1.0, "log10_eta": -3.3521452974485655, "log10_lambda": -3.405848478721471, "log10_min_child_weight": 4.921776771781397, "log10_subsample": -0.8261940081605221, "max_depth": 5.0, "num_boost_round": 0.0}, "datetime": {"datetime": "2024-01-19 00:47:37", "elapsed": 2161.8082, "delta": 36.690145}}
{"target": -17.677228885687693, "params": {"gamma": 774.2786841990035, "log10_alpha": 1.0, "log10_colsample_bytree": -1.0, "log10_eta": -3.3521452974485655, "log10_lambda": -3.405848478721471, "log10_min_child_weight": 4.921776771781397, "log10_subsample": -0.8261940081605221, "max_depth": 5.0, "num_boost_round": 1.0}, "datetime": {"datetime": "2024-01-19 00:47:37", "elapsed": 2161.810663, "delta": 0.002463}}
{"target": -17.677228228523813, "params": {"gamma": 774.2786841990035, "log10_alpha": 1.0, "log10_colsample_bytree": -1.0, "log10_eta": -3.3521452974485655, "log10_lambda": -3.405848478721471, "log10_min_child_weight": 4.921776771781397, "log10_subsample": -0.8261940081605221, "max_depth": 5.0, "num_boost_round": 2.0}, "datetime": {"datetime": "2024-01-19 00:47:37", "elapsed": 2161.812655, "delta": 0.001992}}
{"target": -17.677225950115318, "params": {"gamma": 774.2786841990035, "log10_alpha": 1.0, "log10_colsample_bytree": -1.0, "log10_eta": -3.3521452974485655, "log10_lambda": -3.405848478721471, "log10_min_child_weight": 4.921776771781397, "log10_subsample": -0.8261940081605221, "max_depth": 5.0, "num_boost_round": 3.0}, "datetime": {"datetime": "2024-01-19 00:47:37", "elapsed": 2161.814618, "delta": 0.001963}}
{"target": -17.677226308941243, "params": {"gamma": 774.2786841990035, "log10_alpha": 1.0, "log10_colsample_bytree": -1.0, "log10_eta": -3.3521452974485655, "log10_lambda": -3.405848478721471, "log10_min_child_weight": 4.921776771781397, "log10_subsample": -0.8261940081605221, "max_depth": 5.0, "num_boost_round": 4.0}, "datetime": {"datetime": "2024-01-19 00:47:37", "elapsed": 2161.8172, "delta": 0.002582}}
{"target": -17.677225710810287, "params": {"gamma": 774.2786841990035, "log10_alpha": 1.0, "log10_colsample_bytree": -1.0, "log10_eta": -3.3521452974485655, "log10_lambda": -3.405848478721471, "log10_min_child_weight": 4.921776771781397, "log10_subsample": -0.8261940081605221, "max_depth": 5.0, "num_boost_round": 5.0}, "datetime": {"datetime": "2024-01-19 00:47:37", "elapsed": 2161.819182, "delta": 0.001982}}
{"target": -17.677222820205408, "params": {"gamma": 774.2786841990035, "log10_alpha": 1.0, "log10_colsample_bytree": -1.0, "log10_eta": -3.3521452974485655, "log10_lambda": -3.405848478721471, "log10_min_child_weight": 4.921776771781397, "log10_subsample": -0.8261940081605221, "max_depth": 5.0, "num_boost_round": 6.0}, "datetime": {"datetime": "2024-01-19 00:47:37", "elapsed": 2161.821118, "delta": 0.001936}}
{"target": -17.677219718023707, "params": {"gamma": 774.2786841990035, "log10_alpha": 1.0, "log10_colsample_bytree": -1.0, "log10_eta": -3.3521452974485655, "log10_lambda": -3.405848478721471, "log10_min_child_weight": 4.921776771781397, "log10_subsample": -0.8261940081605221, "max_depth": 5.0, "num_boost_round": 7.0}, "datetime": {"datetime": "2024-01-19 00:47:37", "elapsed": 2161.823059, "delta": 0.001941}}
{"target": -17.677218036056523, "params": {"gamma": 774.2786841990035, "log10_alpha": 1.0, "log10_colsample_bytree": -1.0, "log10_eta": -3.3521452974485655, "log10_lambda": -3.405848478721471, "log10_min_child_weight": 4.921776771781397, "log10_subsample": -0.8261940081605221, "max_depth": 5.0, "num_boost_round": 8.0}, "datetime": {"datetime": "2024-01-19 00:47:37", "elapsed": 2161.825005, "delta": 0.001946}}
{"target": -17.677218871775697, "params": {"gamma": 774.2786841990035, "log10_alpha": 1.0, "log10_colsample_bytree": -1.0, "log10_eta": -3.3521452974485655, "log10_lambda": -3.405848478721471, "log10_min_child_weight": 4.921776771781397, "log10_subsample": -0.8261940081605221, "max_depth": 5.0, "num_boost_round": 9.0}, "datetime": {"datetime": "2024-01-19 00:47:37", "elapsed": 2161.826944, "delta": 0.001939}}
{"target": -17.67672582602441, "params": {"gamma": 427.5724998975574, "log10_alpha": 0.5428884563719834, "log10_colsample_bytree": -0.4089491943429088, "log10_eta": -1.5110091867787738, "log10_lambda": 0.5683554921702463, "log10_min_child_weight": 0.13395470359568784, "log10_subsample": -0.2462464976215002, "max_depth": 7.0, "num_boost_round": 0.0}, "datetime": {"datetime": "2024-01-19 00:48:11", "elapsed": 2196.271739, "delta": 34.444795}}
{"target": -17.675880731577834, "params": {"gamma": 427.5724998975574, "log10_alpha": 0.5428884563719834, "log10_colsample_bytree": -0.4089491943429088, "log10_eta": -1.5110091867787738, "log10_lambda": 0.5683554921702463, "log10_min_child_weight": 0.13395470359568784, "log10_subsample": -0.2462464976215002, "max_depth": 7.0, "num_boost_round": 1.0}, "datetime": {"datetime": "2024-01-19 00:48:11", "elapsed": 2196.27433, "delta": 0.002591}}
{"target": -17.676202612332517, "params": {"gamma": 427.5724998975574, "log10_alpha": 0.5428884563719834, "log10_colsample_bytree": -0.4089491943429088, "log10_eta": -1.5110091867787738, "log10_lambda": 0.5683554921702463, "log10_min_child_weight": 0.13395470359568784, "log10_subsample": -0.2462464976215002, "max_depth": 7.0, "num_boost_round": 2.0}, "datetime": {"datetime": "2024-01-19 00:48:11", "elapsed": 2196.276805, "delta": 0.002475}}
{"target": -17.675912178095068, "params": {"gamma": 427.5724998975574, "log10_alpha": 0.5428884563719834, "log10_colsample_bytree": -0.4089491943429088, "log10_eta": -1.5110091867787738, "log10_lambda": 0.5683554921702463, "log10_min_child_weight": 0.13395470359568784, "log10_subsample": -0.2462464976215002, "max_depth": 7.0, "num_boost_round": 3.0}, "datetime": {"datetime": "2024-01-19 00:48:11", "elapsed": 2196.279336, "delta": 0.002531}}
{"target": -17.676978297035696, "params": {"gamma": 427.5724998975574, "log10_alpha": 0.5428884563719834, "log10_colsample_bytree": -0.4089491943429088, "log10_eta": -1.5110091867787738, "log10_lambda": 0.5683554921702463, "log10_min_child_weight": 0.13395470359568784, "log10_subsample": -0.2462464976215002, "max_depth": 7.0, "num_boost_round": 4.0}, "datetime": {"datetime": "2024-01-19 00:48:11", "elapsed": 2196.281352, "delta": 0.002016}}
{"target": -17.67591508844887, "params": {"gamma": 427.5724998975574, "log10_alpha": 0.5428884563719834, "log10_colsample_bytree": -0.4089491943429088, "log10_eta": -1.5110091867787738, "log10_lambda": 0.5683554921702463, "log10_min_child_weight": 0.13395470359568784, "log10_subsample": -0.2462464976215002, "max_depth": 7.0, "num_boost_round": 5.0}, "datetime": {"datetime": "2024-01-19 00:48:11", "elapsed": 2196.283335, "delta": 0.001983}}
{"target": -17.677413086100707, "params": {"gamma": 427.5724998975574, "log10_alpha": 0.5428884563719834, "log10_colsample_bytree": -0.4089491943429088, "log10_eta": -1.5110091867787738, "log10_lambda": 0.5683554921702463, "log10_min_child_weight": 0.13395470359568784, "log10_subsample": -0.2462464976215002, "max_depth": 7.0, "num_boost_round": 6.0}, "datetime": {"datetime": "2024-01-19 00:48:11", "elapsed": 2196.285355, "delta": 0.00202}}
{"target": -17.677998198665534, "params": {"gamma": 427.5724998975574, "log10_alpha": 0.5428884563719834, "log10_colsample_bytree": -0.4089491943429088, "log10_eta": -1.5110091867787738, "log10_lambda": 0.5683554921702463, "log10_min_child_weight": 0.13395470359568784, "log10_subsample": -0.2462464976215002, "max_depth": 7.0, "num_boost_round": 7.0}, "datetime": {"datetime": "2024-01-19 00:48:11", "elapsed": 2196.28733, "delta": 0.001975}}
{"target": -17.678880277130883, "params": {"gamma": 427.5724998975574, "log10_alpha": 0.5428884563719834, "log10_colsample_bytree": -0.4089491943429088, "log10_eta": -1.5110091867787738, "log10_lambda": 0.5683554921702463, "log10_min_child_weight": 0.13395470359568784, "log10_subsample": -0.2462464976215002, "max_depth": 7.0, "num_boost_round": 8.0}, "datetime": {"datetime": "2024-01-19 00:48:11", "elapsed": 2196.28932, "delta": 0.00199}}
{"target": -17.678617414202623, "params": {"gamma": 427.5724998975574, "log10_alpha": 0.5428884563719834, "log10_colsample_bytree": -0.4089491943429088, "log10_eta": -1.5110091867787738, "log10_lambda": 0.5683554921702463, "log10_min_child_weight": 0.13395470359568784, "log10_subsample": -0.2462464976215002, "max_depth": 7.0, "num_boost_round": 9.0}, "datetime": {"datetime": "2024-01-19 00:48:11", "elapsed": 2196.291347, "delta": 0.002027}}
{"target": -17.679335194589655, "params": {"gamma": 427.5724998975574, "log10_alpha": 0.5428884563719834, "log10_colsample_bytree": -0.4089491943429088, "log10_eta": -1.5110091867787738, "log10_lambda": 0.5683554921702463, "log10_min_child_weight": 0.13395470359568784, "log10_subsample": -0.2462464976215002, "max_depth": 7.0, "num_boost_round": 10.0}, "datetime": {"datetime": "2024-01-19 00:48:11", "elapsed": 2196.29332, "delta": 0.001973}}
