{"target": -17.66854626337616, "params": {"gamma": 419.04023886544815, "log10_alpha": -1.2875096571209843, "log10_colsample_bytree": -0.5937840799284885, "log10_eta": -1.9783640342849793, "log10_lambda": -4.888880392619903, "log10_min_child_weight": 0.27193194034198787, "log10_subsample": -0.8392798250773772, "max_depth": 2.0, "num_boost_round": 78.0}, "datetime": {"datetime": "2024-01-19 00:20:36", "elapsed": 526.19821, "delta": 0.001506}}
{"target": -17.668299616199903, "params": {"gamma": 419.04023886544815, "log10_alpha": -1.2875096571209843, "log10_colsample_bytree": -0.5937840799284885, "log10_eta": -1.9783640342849793, "log10_lambda": -4.888880392619903, "log10_min_child_weight": 0.27193194034198787, "log10_subsample": -0.8392798250773772, "max_depth": 2.0, "num_boost_round": 79.0}, "datetime": {"datetime": "2024-01-19 00:20:36", "elapsed": 526.199715, "delta": 0.001505}}
{"target": -17.668347944552817, "params": {"gamma": 419.04023886544815, "log10_alpha": -1.2875096571209843, "log10_colsample_bytree": -0.5937840799284885, "log10_eta": -1.9783640342849793, "log10_lambda": -4.888880392619903, "log10_min_child_weight": 0.27193194034198787, "log10_subsample": -0.8392798250773772, "max_depth": 2.0, "num_boost_round": 80.0}, "datetime": {"datetime": "2024-01-19 00:20:36", "elapsed": 526.201223, "delta": 0.001508}}
{"target": -17.66826894694159, "params": {"gamma": 419.04023886544815, "log10_alpha": -1.2875096571209843, "log10_colsample_bytree": -0.5937840799284885, "log10_eta": -1.9783640342849793, "log10_lambda": -4.888880392619903, "log10_min_child_weight": 0.27193194034198787, "log10_subsample": -0.8392798250773772, "max_depth": 2.0, "num_boost_round": 81.0}, "datetime": {"datetime": "2024-01-19 00:20:36", "elapsed": 526.202842, "delta": 0.001619}}
{"target": -17.66818053488048, "params": {"gamma": 419.04023886544815, "log10_alpha": -1.2875096571209843, "log10_colsample_bytree": -0.5937840799284885, "log10_eta": -1.9783640342849793, "log10_lambda": -4.888880392619903, "log10_min_child_weight": 0.27193194034198787, "log10_subsample": -0.8392798250773772, "max_depth": 2.0, "num_boost_round": 82.0}, "datetime": {"datetime": "2024-01-19 00:20:36", "elapsed": 526.204361, "delta": 0.001519}}
{"target": -17.677198331096406, "params": {"gamma": 416.10508249176803, "log10_alpha": -4.0035719166628425, "log10_colsample_bytree": -0.28353474297795356, "log10_eta": -3.461134287001934, "log10_lambda": -4.829917990353168, "log10_min_child_weight": 0.029112059904756182, "log10_subsample": -0.9420493479588942, "max_depth": 5.0, "num_boost_round": 0.0}, "datetime": {"datetime": "2024-01-19 00:21:21", "elapsed": 571.15965, "delta": 44.955289}}
{"target": -17.677180449169065, "params": {"gamma": 416.10508249176803, "log10_alpha": -4.0035719166628425, "log10_colsample_bytree": -0.28353474297795356, "log10_eta": -3.461134287001934, "log10_lambda": -4.829917990353168, "log10_min_child_weight": 0.029112059904756182, "log10_subsample": -0.9420493479588942, "max_depth": 5.0, "num_boost_round": 1.0}, "datetime": {"datetime": "2024-01-19 00:21:21", "elapsed": 571.16159, "delta": 0.00194}}
{"target": -17.677156101276125, "params": {"gamma": 416.10508249176803, "log10_alpha": -4.0035719166628425, "log10_colsample_bytree": -0.28353474297795356, "log10_eta": -3.461134287001934, "log10_lambda": -4.829917990353168, "log10_min_child_weight": 0.029112059904756182, "log10_subsample": -0.9420493479588942, "max_depth": 5.0, "num_boost_round": 2.0}, "datetime": {"datetime": "2024-01-19 00:21:21", "elapsed": 571.163213, "delta": 0.001623}}
{"target": -17.67715316773585, "params": {"gamma": 416.10508249176803, "log10_alpha": -4.0035719166628425, "log10_colsample_bytree": -0.28353474297795356, "log10_eta": -3.461134287001934, "log10_lambda": -4.829917990353168, "log10_min_child_weight": 0.029112059904756182, "log10_subsample": -0.9420493479588942, "max_depth": 5.0, "num_boost_round": 3.0}, "datetime": {"datetime": "2024-01-19 00:21:21", "elapsed": 571.164742, "delta": 0.001529}}
{"target": -17.677123393444884, "params": {"gamma": 416.10508249176803, "log10_alpha": -4.0035719166628425, "log10_colsample_bytree": -0.28353474297795356, "log10_eta": -3.461134287001934, "log10_lambda": -4.829917990353168, "log10_min_child_weight": 0.029112059904756182, "log10_subsample": -0.9420493479588942, "max_depth": 5.0, "num_boost_round": 4.0}, "datetime": {"datetime": "2024-01-19 00:21:21", "elapsed": 571.166293, "delta": 0.001551}}
{"target": -17.677109012018807, "params": {"gamma": 416.10508249176803, "log10_alpha": -4.0035719166628425, "log10_colsample_bytree": -0.28353474297795356, "log10_eta": -3.461134287001934, "log10_lambda": -4.829917990353168, "log10_min_child_weight": 0.029112059904756182, "log10_subsample": -0.9420493479588942, "max_depth": 5.0, "num_boost_round": 5.0}, "datetime": {"datetime": "2024-01-19 00:21:21", "elapsed": 571.167817, "delta": 0.001524}}
{"target": -17.6771033099672, "params": {"gamma": 416.10508249176803, "log10_alpha": -4.0035719166628425, "log10_colsample_bytree": -0.28353474297795356, "log10_eta": -3.461134287001934, "log10_lambda": -4.829917990353168, "log10_min_child_weight": 0.029112059904756182, "log10_subsample": -0.9420493479588942, "max_depth": 5.0, "num_boost_round": 6.0}, "datetime": {"datetime": "2024-01-19 00:21:21", "elapsed": 571.169384, "delta": 0.001567}}
{"target": -17.677093846632598, "params": {"gamma": 416.10508249176803, "log10_alpha": -4.0035719166628425, "log10_colsample_bytree": -0.28353474297795356, "log10_eta": -3.461134287001934, "log10_lambda": -4.829917990353168, "log10_min_child_weight": 0.029112059904756182, "log10_subsample": -0.9420493479588942, "max_depth": 5.0, "num_boost_round": 7.0}, "datetime": {"datetime": "2024-01-19 00:21:21", "elapsed": 571.170907, "delta": 0.001523}}
{"target": -17.677066014603692, "params": {"gamma": 416.10508249176803, "log10_alpha": -4.0035719166628425, "log10_colsample_bytree": -0.28353474297795356, "log10_eta": -3.461134287001934, "log10_lambda": -4.829917990353168, "log10_min_child_weight": 0.029112059904756182, "log10_subsample": -0.9420493479588942, "max_depth": 5.0, "num_boost_round": 8.0}, "datetime": {"datetime": "2024-01-19 00:21:21", "elapsed": 571.172486, "delta": 0.001579}}
{"target": -17.677048310196504, "params": {"gamma": 416.10508249176803, "log10_alpha": -4.0035719166628425, "log10_colsample_bytree": -0.28353474297795356, "log10_eta": -3.461134287001934, "log10_lambda": -4.829917990353168, "log10_min_child_weight": 0.029112059904756182, "log10_subsample": -0.9420493479588942, "max_depth": 5.0, "num_boost_round": 9.0}, "datetime": {"datetime": "2024-01-19 00:21:21", "elapsed": 571.174017, "delta": 0.001531}}
{"target": -17.67703607066841, "params": {"gamma": 416.10508249176803, "log10_alpha": -4.0035719166628425, "log10_colsample_bytree": -0.28353474297795356, "log10_eta": -3.461134287001934, "log10_lambda": -4.829917990353168, "log10_min_child_weight": 0.029112059904756182, "log10_subsample": -0.9420493479588942, "max_depth": 5.0, "num_boost_round": 10.0}, "datetime": {"datetime": "2024-01-19 00:21:21", "elapsed": 571.175545, "delta": 0.001528}}
{"target": -17.67701560629145, "params": {"gamma": 416.10508249176803, "log10_alpha": -4.0035719166628425, "log10_colsample_bytree": -0.28353474297795356, "log10_eta": -3.461134287001934, "log10_lambda": -4.829917990353168, "log10_min_child_weight": 0.029112059904756182, "log10_subsample": -0.9420493479588942, "max_depth": 5.0, "num_boost_round": 11.0}, "datetime": {"datetime": "2024-01-19 00:21:21", "elapsed": 571.177071, "delta": 0.001526}}
{"target": -17.677005939932247, "params": {"gamma": 416.10508249176803, "log10_alpha": -4.0035719166628425, "log10_colsample_bytree": -0.28353474297795356, "log10_eta": -3.461134287001934, "log10_lambda": -4.829917990353168, "log10_min_child_weight": 0.029112059904756182, "log10_subsample": -0.9420493479588942, "max_depth": 5.0, "num_boost_round": 12.0}, "datetime": {"datetime": "2024-01-19 00:21:21", "elapsed": 571.178611, "delta": 0.00154}}
{"target": -17.676993139009546, "params": {"gamma": 416.10508249176803, "log10_alpha": -4.0035719166628425, "log10_colsample_bytree": -0.28353474297795356, "log10_eta": -3.461134287001934, "log10_lambda": -4.829917990353168, "log10_min_child_weight": 0.029112059904756182, "log10_subsample": -0.9420493479588942, "max_depth": 5.0, "num_boost_round": 13.0}, "datetime": {"datetime": "2024-01-19 00:21:21", "elapsed": 571.180138, "delta": 0.001527}}
{"target": -17.676991514942912, "params": {"gamma": 416.10508249176803, "log10_alpha": -4.0035719166628425, "log10_colsample_bytree": -0.28353474297795356, "log10_eta": -3.461134287001934, "log10_lambda": -4.829917990353168, "log10_min_child_weight": 0.029112059904756182, "log10_subsample": -0.9420493479588942, "max_depth": 5.0, "num_boost_round": 14.0}, "datetime": {"datetime": "2024-01-19 00:21:21", "elapsed": 571.181672, "delta": 0.001534}}
{"target": -17.676977333165794, "params": {"gamma": 416.10508249176803, "log10_alpha": -4.0035719166628425, "log10_colsample_bytree": -0.28353474297795356, "log10_eta": -3.461134287001934, "log10_lambda": -4.829917990353168, "log10_min_child_weight": 0.029112059904756182, "log10_subsample": -0.9420493479588942, "max_depth": 5.0, "num_boost_round": 15.0}, "datetime": {"datetime": "2024-01-19 00:21:21", "elapsed": 571.183289, "delta": 0.001617}}
{"target": -17.676952901474376, "params": {"gamma": 416.10508249176803, "log10_alpha": -4.0035719166628425, "log10_colsample_bytree": -0.28353474297795356, "log10_eta": -3.461134287001934, "log10_lambda": -4.829917990353168, "log10_min_child_weight": 0.029112059904756182, "log10_subsample": -0.9420493479588942, "max_depth": 5.0, "num_boost_round": 16.0}, "datetime": {"datetime": "2024-01-19 00:21:21", "elapsed": 571.18482, "delta": 0.001531}}
{"target": -17.67695515433097, "params": {"gamma": 416.10508249176803, "log10_alpha": -4.0035719166628425, "log10_colsample_bytree": -0.28353474297795356, "log10_eta": -3.461134287001934, "log10_lambda": -4.829917990353168, "log10_min_child_weight": 0.029112059904756182, "log10_subsample": -0.9420493479588942, "max_depth": 5.0, "num_boost_round": 17.0}, "datetime": {"datetime": "2024-01-19 00:21:21", "elapsed": 571.186348, "delta": 0.001528}}
{"target": -17.67695653307863, "params": {"gamma": 416.10508249176803, "log10_alpha": -4.0035719166628425, "log10_colsample_bytree": -0.28353474297795356, "log10_eta": -3.461134287001934, "log10_lambda": -4.829917990353168, "log10_min_child_weight": 0.029112059904756182, "log10_subsample": -0.9420493479588942, "max_depth": 5.0, "num_boost_round": 18.0}, "datetime": {"datetime": "2024-01-19 00:21:21", "elapsed": 571.187882, "delta": 0.001534}}
{"target": -17.676960181740206, "params": {"gamma": 416.10508249176803, "log10_alpha": -4.0035719166628425, "log10_colsample_bytree": -0.28353474297795356, "log10_eta": -3.461134287001934, "log10_lambda": -4.829917990353168, "log10_min_child_weight": 0.029112059904756182, "log10_subsample": -0.9420493479588942, "max_depth": 5.0, "num_boost_round": 19.0}, "datetime": {"datetime": "2024-01-19 00:21:21", "elapsed": 571.189402, "delta": 0.00152}}
{"target": -17.676945904922217, "params": {"gamma": 416.10508249176803, "log10_alpha": -4.0035719166628425, "log10_colsample_bytree": -0.28353474297795356, "log10_eta": -3.461134287001934, "log10_lambda": -4.829917990353168, "log10_min_child_weight": 0.029112059904756182, "log10_subsample": -0.9420493479588942, "max_depth": 5.0, "num_boost_round": 20.0}, "datetime": {"datetime": "2024-01-19 00:21:21", "elapsed": 571.190932, "delta": 0.00153}}
{"target": -17.6769146230923, "params": {"gamma": 416.10508249176803, "log10_alpha": -4.0035719166628425, "log10_colsample_bytree": -0.28353474297795356, "log10_eta": -3.461134287001934, "log10_lambda": -4.829917990353168, "log10_min_child_weight": 0.029112059904756182, "log10_subsample": -0.9420493479588942, "max_depth": 5.0, "num_boost_round": 21.0}, "datetime": {"datetime": "2024-01-19 00:21:21", "elapsed": 571.192548, "delta": 0.001616}}
{"target": -17.67689835946478, "params": {"gamma": 416.10508249176803, "log10_alpha": -4.0035719166628425, "log10_colsample_bytree": -0.28353474297795356, "log10_eta": -3.461134287001934, "log10_lambda": -4.829917990353168, "log10_min_child_weight": 0.029112059904756182, "log10_subsample": -0.9420493479588942, "max_depth": 5.0, "num_boost_round": 22.0}, "datetime": {"datetime": "2024-01-19 00:21:21", "elapsed": 571.194084, "delta": 0.001536}}
{"target": -17.676891554804854, "params": {"gamma": 416.10508249176803, "log10_alpha": -4.0035719166628425, "log10_colsample_bytree": -0.28353474297795356, "log10_eta": -3.461134287001934, "log10_lambda": -4.829917990353168, "log10_min_child_weight": 0.029112059904756182, "log10_subsample": -0.9420493479588942, "max_depth": 5.0, "num_boost_round": 23.0}, "datetime": {"datetime": "2024-01-19 00:21:21", "elapsed": 571.195625, "delta": 0.001541}}
{"target": -17.676887181558314, "params": {"gamma": 416.10508249176803, "log10_alpha": -4.0035719166628425, "log10_colsample_bytree": -0.28353474297795356, "log10_eta": -3.461134287001934, "log10_lambda": -4.829917990353168, "log10_min_child_weight": 0.029112059904756182, "log10_subsample": -0.9420493479588942, "max_depth": 5.0, "num_boost_round": 24.0}, "datetime": {"datetime": "2024-01-19 00:21:21", "elapsed": 571.197179, "delta": 0.001554}}
{"target": -17.67687189999055, "params": {"gamma": 416.10508249176803, "log10_alpha": -4.0035719166628425, "log10_colsample_bytree": -0.28353474297795356, "log10_eta": -3.461134287001934, "log10_lambda": -4.829917990353168, "log10_min_child_weight": 0.029112059904756182, "log10_subsample": -0.9420493479588942, "max_depth": 5.0, "num_boost_round": 25.0}, "datetime": {"datetime": "2024-01-19 00:21:21", "elapsed": 571.198726, "delta": 0.001547}}
{"target": -17.676850704844632, "params": {"gamma": 416.10508249176803, "log10_alpha": -4.0035719166628425, "log10_colsample_bytree": -0.28353474297795356, "log10_eta": -3.461134287001934, "log10_lambda": -4.829917990353168, "log10_min_child_weight": 0.029112059904756182, "log10_subsample": -0.9420493479588942, "max_depth": 5.0, "num_boost_round": 26.0}, "datetime": {"datetime": "2024-01-19 00:21:21", "elapsed": 571.200252, "delta": 0.001526}}
{"target": -17.676834407086165, "params": {"gamma": 416.10508249176803, "log10_alpha": -4.0035719166628425, "log10_colsample_bytree": -0.28353474297795356, "log10_eta": -3.461134287001934, "log10_lambda": -4.829917990353168, "log10_min_child_weight": 0.029112059904756182, "log10_subsample": -0.9420493479588942, "max_depth": 5.0, "num_boost_round": 27.0}, "datetime": {"datetime": "2024-01-19 00:21:21", "elapsed": 571.201805, "delta": 0.001553}}
{"target": -17.676790991445788, "params": {"gamma": 416.10508249176803, "log10_alpha": -4.0035719166628425, "log10_colsample_bytree": -0.28353474297795356, "log10_eta": -3.461134287001934, "log10_lambda": -4.829917990353168, "log10_min_child_weight": 0.029112059904756182, "log10_subsample": -0.9420493479588942, "max_depth": 5.0, "num_boost_round": 28.0}, "datetime": {"datetime": "2024-01-19 00:21:21", "elapsed": 571.203458, "delta": 0.001653}}
{"target": -17.6767797016381, "params": {"gamma": 416.10508249176803, "log10_alpha": -4.0035719166628425, "log10_colsample_bytree": -0.28353474297795356, "log10_eta": -3.461134287001934, "log10_lambda": -4.829917990353168, "log10_min_child_weight": 0.029112059904756182, "log10_subsample": -0.9420493479588942, "max_depth": 5.0, "num_boost_round": 29.0}, "datetime": {"datetime": "2024-01-19 00:21:21", "elapsed": 571.204994, "delta": 0.001536}}
{"target": -17.676759845948887, "params": {"gamma": 416.10508249176803, "log10_alpha": -4.0035719166628425, "log10_colsample_bytree": -0.28353474297795356, "log10_eta": -3.461134287001934, "log10_lambda": -4.829917990353168, "log10_min_child_weight": 0.029112059904756182, "log10_subsample": -0.9420493479588942, "max_depth": 5.0, "num_boost_round": 30.0}, "datetime": {"datetime": "2024-01-19 00:21:21", "elapsed": 571.206545, "delta": 0.001551}}
{"target": -17.676747629830057, "params": {"gamma": 416.10508249176803, "log10_alpha": -4.0035719166628425, "log10_colsample_bytree": -0.28353474297795356, "log10_eta": -3.461134287001934, "log10_lambda": -4.829917990353168, "log10_min_child_weight": 0.029112059904756182, "log10_subsample": -0.9420493479588942, "max_depth": 5.0, "num_boost_round": 31.0}, "datetime": {"datetime": "2024-01-19 00:21:21", "elapsed": 571.208073, "delta": 0.001528}}
{"target": -17.67672573996233, "params": {"gamma": 416.10508249176803, "log10_alpha": -4.0035719166628425, "log10_colsample_bytree": -0.28353474297795356, "log10_eta": -3.461134287001934, "log10_lambda": -4.829917990353168, "log10_min_child_weight": 0.029112059904756182, "log10_subsample": -0.9420493479588942, "max_depth": 5.0, "num_boost_round": 32.0}, "datetime": {"datetime": "2024-01-19 00:21:21", "elapsed": 571.20961, "delta": 0.001537}}
{"target": -17.67671926840452, "params": {"gamma": 416.10508249176803, "log10_alpha": -4.0035719166628425, "log10_colsample_bytree": -0.28353474297795356, "log10_eta": -3.461134287001934, "log10_lambda": -4.829917990353168, "log10_min_child_weight": 0.029112059904756182, "log10_subsample": -0.9420493479588942, "max_depth": 5.0, "num_boost_round": 33.0}, "datetime": {"datetime": "2024-01-19 00:21:21", "elapsed": 571.211147, "delta": 0.001537}}
{"target": -17.6767055137677, "params": {"gamma": 416.10508249176803, "log10_alpha": -4.0035719166628425, "log10_colsample_bytree": -0.28353474297795356, "log10_eta": -3.461134287001934, "log10_lambda": -4.829917990353168, "log10_min_child_weight": 0.029112059904756182, "log10_subsample": -0.9420493479588942, "max_depth": 5.0, "num_boost_round": 34.0}, "datetime": {"datetime": "2024-01-19 00:21:21", "elapsed": 571.212741, "delta": 0.001594}}
{"target": -17.676676359909802, "params": {"gamma": 416.10508249176803, "log10_alpha": -4.0035719166628425, "log10_colsample_bytree": -0.28353474297795356, "log10_eta": -3.461134287001934, "log10_lambda": -4.829917990353168, "log10_min_child_weight": 0.029112059904756182, "log10_subsample": -0.9420493479588942, "max_depth": 5.0, "num_boost_round": 35.0}, "datetime": {"datetime": "2024-01-19 00:21:21", "elapsed": 571.214282, "delta": 0.001541}}
{"target": -17.676669562015302, "params": {"gamma": 416.10508249176803, "log10_alpha": -4.0035719166628425, "log10_colsample_bytree": -0.28353474297795356, "log10_eta": -3.461134287001934, "log10_lambda": -4.829917990353168, "log10_min_child_weight": 0.029112059904756182, "log10_subsample": -0.9420493479588942, "max_depth": 5.0, "num_boost_round": 36.0}, "datetime": {"datetime": "2024-01-19 00:21:21", "elapsed": 571.215828, "delta": 0.001546}}
{"target": -17.67666605783929, "params": {"gamma": 416.10508249176803, "log10_alpha": -4.0035719166628425, "log10_colsample_bytree": -0.28353474297795356, "log10_eta": -3.461134287001934, "log10_lambda": -4.829917990353168, "log10_min_child_weight": 0.029112059904756182, "log10_subsample": -0.9420493479588942, "max_depth": 5.0, "num_boost_round": 37.0}, "datetime": {"datetime": "2024-01-19 00:21:21", "elapsed": 571.217375, "delta": 0.001547}}
{"target": -17.676657020465733, "params": {"gamma": 416.10508249176803, "log10_alpha": -4.0035719166628425, "log10_colsample_bytree": -0.28353474297795356, "log10_eta": -3.461134287001934, "log10_lambda": -4.829917990353168, "log10_min_child_weight": 0.029112059904756182, "log10_subsample": -0.9420493479588942, "max_depth": 5.0, "num_boost_round": 38.0}, "datetime": {"datetime": "2024-01-19 00:21:21", "elapsed": 571.218916, "delta": 0.001541}}
{"target": -17.676642693035696, "params": {"gamma": 416.10508249176803, "log10_alpha": -4.0035719166628425, "log10_colsample_bytree": -0.28353474297795356, "log10_eta": -3.461134287001934, "log10_lambda": -4.829917990353168, "log10_min_child_weight": 0.029112059904756182, "log10_subsample": -0.9420493479588942, "max_depth": 5.0, "num_boost_round": 39.0}, "datetime": {"datetime": "2024-01-19 00:21:21", "elapsed": 571.220468, "delta": 0.001552}}
{"target": -17.676624705253275, "params": {"gamma": 416.10508249176803, "log10_alpha": -4.0035719166628425, "log10_colsample_bytree": -0.28353474297795356, "log10_eta": -3.461134287001934, "log10_lambda": -4.829917990353168, "log10_min_child_weight": 0.029112059904756182, "log10_subsample": -0.9420493479588942, "max_depth": 5.0, "num_boost_round": 40.0}, "datetime": {"datetime": "2024-01-19 00:21:21", "elapsed": 571.222026, "delta": 0.001558}}
{"target": -17.676597997370315, "params": {"gamma": 416.10508249176803, "log10_alpha": -4.0035719166628425, "log10_colsample_bytree": -0.28353474297795356, "log10_eta": -3.461134287001934, "log10_lambda": -4.829917990353168, "log10_min_child_weight": 0.029112059904756182, "log10_subsample": -0.9420493479588942, "max_depth": 5.0, "num_boost_round": 41.0}, "datetime": {"datetime": "2024-01-19 00:21:21", "elapsed": 571.223697, "delta": 0.001671}}
{"target": -17.67657687035447, "params": {"gamma": 416.10508249176803, "log10_alpha": -4.0035719166628425, "log10_colsample_bytree": -0.28353474297795356, "log10_eta": -3.461134287001934, "log10_lambda": -4.829917990353168, "log10_min_child_weight": 0.029112059904756182, "log10_subsample": -0.9420493479588942, "max_depth": 5.0, "num_boost_round": 42.0}, "datetime": {"datetime": "2024-01-19 00:21:21", "elapsed": 571.225252, "delta": 0.001555}}
{"target": -17.67656573127111, "params": {"gamma": 416.10508249176803, "log10_alpha": -4.0035719166628425, "log10_colsample_bytree": -0.28353474297795356, "log10_eta": -3.461134287001934, "log10_lambda": -4.829917990353168, "log10_min_child_weight": 0.029112059904756182, "log10_subsample": -0.9420493479588942, "max_depth": 5.0, "num_boost_round": 43.0}, "datetime": {"datetime": "2024-01-19 00:21:21", "elapsed": 571.226809, "delta": 0.001557}}
