{"target": -13.754886171494839, "params": {"gamma": 43.550504164915125, "log10_alpha": -0.32671666737206984, "log10_colsample_bytree": -0.9769796164845767, "log10_eta": -1.8840632670403008, "log10_lambda": -4.905764647215015, "log10_min_child_weight": 2.3171430711177816, "log10_subsample": -0.06694469876732168, "max_depth": 5.0, "num_boost_round": 21.0}, "datetime": {"datetime": "2024-01-19 01:43:15", "elapsed": 5503.947201, "delta": 0.004789}}
{"target": -13.754842780040821, "params": {"gamma": 43.550504164915125, "log10_alpha": -0.32671666737206984, "log10_colsample_bytree": -0.9769796164845767, "log10_eta": -1.8840632670403008, "log10_lambda": -4.905764647215015, "log10_min_child_weight": 2.3171430711177816, "log10_subsample": -0.06694469876732168, "max_depth": 5.0, "num_boost_round": 22.0}, "datetime": {"datetime": "2024-01-19 01:43:15", "elapsed": 5503.952069, "delta": 0.004868}}
{"target": -13.754681233920495, "params": {"gamma": 43.550504164915125, "log10_alpha": -0.32671666737206984, "log10_colsample_bytree": -0.9769796164845767, "log10_eta": -1.8840632670403008, "log10_lambda": -4.905764647215015, "log10_min_child_weight": 2.3171430711177816, "log10_subsample": -0.06694469876732168, "max_depth": 5.0, "num_boost_round": 23.0}, "datetime": {"datetime": "2024-01-19 01:43:15", "elapsed": 5503.956864, "delta": 0.004795}}
{"target": -13.75482894734132, "params": {"gamma": 43.550504164915125, "log10_alpha": -0.32671666737206984, "log10_colsample_bytree": -0.9769796164845767, "log10_eta": -1.8840632670403008, "log10_lambda": -4.905764647215015, "log10_min_child_weight": 2.3171430711177816, "log10_subsample": -0.06694469876732168, "max_depth": 5.0, "num_boost_round": 24.0}, "datetime": {"datetime": "2024-01-19 01:43:15", "elapsed": 5503.961729, "delta": 0.004865}}
{"target": -13.754488737505975, "params": {"gamma": 43.550504164915125, "log10_alpha": -0.32671666737206984, "log10_colsample_bytree": -0.9769796164845767, "log10_eta": -1.8840632670403008, "log10_lambda": -4.905764647215015, "log10_min_child_weight": 2.3171430711177816, "log10_subsample": -0.06694469876732168, "max_depth": 5.0, "num_boost_round": 25.0}, "datetime": {"datetime": "2024-01-19 01:43:15", "elapsed": 5503.966467, "delta": 0.004738}}
{"target": -13.754408669515396, "params": {"gamma": 43.550504164915125, "log10_alpha": -0.32671666737206984, "log10_colsample_bytree": -0.9769796164845767, "log10_eta": -1.8840632670403008, "log10_lambda": -4.905764647215015, "log10_min_child_weight": 2.3171430711177816, "log10_subsample": -0.06694469876732168, "max_depth": 5.0, "num_boost_round": 26.0}, "datetime": {"datetime": "2024-01-19 01:43:15", "elapsed": 5503.97305, "delta": 0.006583}}
{"target": -13.754275411113667, "params": {"gamma": 43.550504164915125, "log10_alpha": -0.32671666737206984, "log10_colsample_bytree": -0.9769796164845767, "log10_eta": -1.8840632670403008, "log10_lambda": -4.905764647215015, "log10_min_child_weight": 2.3171430711177816, "log10_subsample": -0.06694469876732168, "max_depth": 5.0, "num_boost_round": 27.0}, "datetime": {"datetime": "2024-01-19 01:43:15", "elapsed": 5503.977952, "delta": 0.004902}}
{"target": -13.754001044827449, "params": {"gamma": 43.550504164915125, "log10_alpha": -0.32671666737206984, "log10_colsample_bytree": -0.9769796164845767, "log10_eta": -1.8840632670403008, "log10_lambda": -4.905764647215015, "log10_min_child_weight": 2.3171430711177816, "log10_subsample": -0.06694469876732168, "max_depth": 5.0, "num_boost_round": 28.0}, "datetime": {"datetime": "2024-01-19 01:43:15", "elapsed": 5503.982845, "delta": 0.004893}}
{"target": -13.753957646448065, "params": {"gamma": 43.550504164915125, "log10_alpha": -0.32671666737206984, "log10_colsample_bytree": -0.9769796164845767, "log10_eta": -1.8840632670403008, "log10_lambda": -4.905764647215015, "log10_min_child_weight": 2.3171430711177816, "log10_subsample": -0.06694469876732168, "max_depth": 5.0, "num_boost_round": 29.0}, "datetime": {"datetime": "2024-01-19 01:43:15", "elapsed": 5503.987568, "delta": 0.004723}}
{"target": -13.753784205193844, "params": {"gamma": 43.550504164915125, "log10_alpha": -0.32671666737206984, "log10_colsample_bytree": -0.9769796164845767, "log10_eta": -1.8840632670403008, "log10_lambda": -4.905764647215015, "log10_min_child_weight": 2.3171430711177816, "log10_subsample": -0.06694469876732168, "max_depth": 5.0, "num_boost_round": 30.0}, "datetime": {"datetime": "2024-01-19 01:43:15", "elapsed": 5503.992436, "delta": 0.004868}}
{"target": -13.753630089163838, "params": {"gamma": 43.550504164915125, "log10_alpha": -0.32671666737206984, "log10_colsample_bytree": -0.9769796164845767, "log10_eta": -1.8840632670403008, "log10_lambda": -4.905764647215015, "log10_min_child_weight": 2.3171430711177816, "log10_subsample": -0.06694469876732168, "max_depth": 5.0, "num_boost_round": 31.0}, "datetime": {"datetime": "2024-01-19 01:43:15", "elapsed": 5503.997322, "delta": 0.004886}}
{"target": -13.753277734996663, "params": {"gamma": 43.550504164915125, "log10_alpha": -0.32671666737206984, "log10_colsample_bytree": -0.9769796164845767, "log10_eta": -1.8840632670403008, "log10_lambda": -4.905764647215015, "log10_min_child_weight": 2.3171430711177816, "log10_subsample": -0.06694469876732168, "max_depth": 5.0, "num_boost_round": 32.0}, "datetime": {"datetime": "2024-01-19 01:43:15", "elapsed": 5504.002354, "delta": 0.005032}}
{"target": -13.753344938955586, "params": {"gamma": 43.550504164915125, "log10_alpha": -0.32671666737206984, "log10_colsample_bytree": -0.9769796164845767, "log10_eta": -1.8840632670403008, "log10_lambda": -4.905764647215015, "log10_min_child_weight": 2.3171430711177816, "log10_subsample": -0.06694469876732168, "max_depth": 5.0, "num_boost_round": 33.0}, "datetime": {"datetime": "2024-01-19 01:43:15", "elapsed": 5504.007121, "delta": 0.004767}}
{"target": -13.75295279371597, "params": {"gamma": 43.550504164915125, "log10_alpha": -0.32671666737206984, "log10_colsample_bytree": -0.9769796164845767, "log10_eta": -1.8840632670403008, "log10_lambda": -4.905764647215015, "log10_min_child_weight": 2.3171430711177816, "log10_subsample": -0.06694469876732168, "max_depth": 5.0, "num_boost_round": 34.0}, "datetime": {"datetime": "2024-01-19 01:43:15", "elapsed": 5504.011992, "delta": 0.004871}}
{"target": -13.75290090683288, "params": {"gamma": 43.550504164915125, "log10_alpha": -0.32671666737206984, "log10_colsample_bytree": -0.9769796164845767, "log10_eta": -1.8840632670403008, "log10_lambda": -4.905764647215015, "log10_min_child_weight": 2.3171430711177816, "log10_subsample": -0.06694469876732168, "max_depth": 5.0, "num_boost_round": 35.0}, "datetime": {"datetime": "2024-01-19 01:43:15", "elapsed": 5504.016888, "delta": 0.004896}}
{"target": -13.752969559217734, "params": {"gamma": 43.550504164915125, "log10_alpha": -0.32671666737206984, "log10_colsample_bytree": -0.9769796164845767, "log10_eta": -1.8840632670403008, "log10_lambda": -4.905764647215015, "log10_min_child_weight": 2.3171430711177816, "log10_subsample": -0.06694469876732168, "max_depth": 5.0, "num_boost_round": 36.0}, "datetime": {"datetime": "2024-01-19 01:43:15", "elapsed": 5504.02175, "delta": 0.004862}}
{"target": -13.752541694077358, "params": {"gamma": 43.550504164915125, "log10_alpha": -0.32671666737206984, "log10_colsample_bytree": -0.9769796164845767, "log10_eta": -1.8840632670403008, "log10_lambda": -4.905764647215015, "log10_min_child_weight": 2.3171430711177816, "log10_subsample": -0.06694469876732168, "max_depth": 5.0, "num_boost_round": 37.0}, "datetime": {"datetime": "2024-01-19 01:43:15", "elapsed": 5504.026522, "delta": 0.004772}}
{"target": -13.758342463116913, "params": {"gamma": 23.215985770470017, "log10_alpha": -0.7217305668332221, "log10_colsample_bytree": -0.8105918069505946, "log10_eta": -2.402680544920259, "log10_lambda": 0.6487527687205557, "log10_min_child_weight": 1.7277019893150452, "log10_subsample": -0.3535900942036656, "max_depth": 9.0, "num_boost_round": 0.0}, "datetime": {"datetime": "2024-01-19 01:44:44", "elapsed": 5592.969377, "delta": 88.942855}}
{"target": -13.758279080618836, "params": {"gamma": 23.215985770470017, "log10_alpha": -0.7217305668332221, "log10_colsample_bytree": -0.8105918069505946, "log10_eta": -2.402680544920259, "log10_lambda": 0.6487527687205557, "log10_min_child_weight": 1.7277019893150452, "log10_subsample": -0.3535900942036656, "max_depth": 9.0, "num_boost_round": 1.0}, "datetime": {"datetime": "2024-01-19 01:44:44", "elapsed": 5592.975108, "delta": 0.005731}}
{"target": -13.758129800670634, "params": {"gamma": 23.215985770470017, "log10_alpha": -0.7217305668332221, "log10_colsample_bytree": -0.8105918069505946, "log10_eta": -2.402680544920259, "log10_lambda": 0.6487527687205557, "log10_min_child_weight": 1.7277019893150452, "log10_subsample": -0.3535900942036656, "max_depth": 9.0, "num_boost_round": 2.0}, "datetime": {"datetime": "2024-01-19 01:44:44", "elapsed": 5592.979993, "delta": 0.004885}}
{"target": -13.75806128308636, "params": {"gamma": 23.215985770470017, "log10_alpha": -0.7217305668332221, "log10_colsample_bytree": -0.8105918069505946, "log10_eta": -2.402680544920259, "log10_lambda": 0.6487527687205557, "log10_min_child_weight": 1.7277019893150452, "log10_subsample": -0.3535900942036656, "max_depth": 9.0, "num_boost_round": 3.0}, "datetime": {"datetime": "2024-01-19 01:44:44", "elapsed": 5592.984748, "delta": 0.004755}}
{"target": -13.757849459529503, "params": {"gamma": 23.215985770470017, "log10_alpha": -0.7217305668332221, "log10_colsample_bytree": -0.8105918069505946, "log10_eta": -2.402680544920259, "log10_lambda": 0.6487527687205557, "log10_min_child_weight": 1.7277019893150452, "log10_subsample": -0.3535900942036656, "max_depth": 9.0, "num_boost_round": 4.0}, "datetime": {"datetime": "2024-01-19 01:44:44", "elapsed": 5592.989831, "delta": 0.005083}}
{"target": -13.757802042529242, "params": {"gamma": 23.215985770470017, "log10_alpha": -0.7217305668332221, "log10_colsample_bytree": -0.8105918069505946, "log10_eta": -2.402680544920259, "log10_lambda": 0.6487527687205557, "log10_min_child_weight": 1.7277019893150452, "log10_subsample": -0.3535900942036656, "max_depth": 9.0, "num_boost_round": 5.0}, "datetime": {"datetime": "2024-01-19 01:44:44", "elapsed": 5592.994744, "delta": 0.004913}}
{"target": -13.757809608463136, "params": {"gamma": 23.215985770470017, "log10_alpha": -0.7217305668332221, "log10_colsample_bytree": -0.8105918069505946, "log10_eta": -2.402680544920259, "log10_lambda": 0.6487527687205557, "log10_min_child_weight": 1.7277019893150452, "log10_subsample": -0.3535900942036656, "max_depth": 9.0, "num_boost_round": 6.0}, "datetime": {"datetime": "2024-01-19 01:44:44", "elapsed": 5592.999706, "delta": 0.004962}}
{"target": -13.757714578131063, "params": {"gamma": 23.215985770470017, "log10_alpha": -0.7217305668332221, "log10_colsample_bytree": -0.8105918069505946, "log10_eta": -2.402680544920259, "log10_lambda": 0.6487527687205557, "log10_min_child_weight": 1.7277019893150452, "log10_subsample": -0.3535900942036656, "max_depth": 9.0, "num_boost_round": 7.0}, "datetime": {"datetime": "2024-01-19 01:44:44", "elapsed": 5593.00447, "delta": 0.004764}}
{"target": -13.757631861328324, "params": {"gamma": 23.215985770470017, "log10_alpha": -0.7217305668332221, "log10_colsample_bytree": -0.8105918069505946, "log10_eta": -2.402680544920259, "log10_lambda": 0.6487527687205557, "log10_min_child_weight": 1.7277019893150452, "log10_subsample": -0.3535900942036656, "max_depth": 9.0, "num_boost_round": 8.0}, "datetime": {"datetime": "2024-01-19 01:44:44", "elapsed": 5593.009443, "delta": 0.004973}}
{"target": -13.757488223709501, "params": {"gamma": 23.215985770470017, "log10_alpha": -0.7217305668332221, "log10_colsample_bytree": -0.8105918069505946, "log10_eta": -2.402680544920259, "log10_lambda": 0.6487527687205557, "log10_min_child_weight": 1.7277019893150452, "log10_subsample": -0.3535900942036656, "max_depth": 9.0, "num_boost_round": 9.0}, "datetime": {"datetime": "2024-01-19 01:44:44", "elapsed": 5593.014291, "delta": 0.004848}}
{"target": -13.757227284705882, "params": {"gamma": 23.215985770470017, "log10_alpha": -0.7217305668332221, "log10_colsample_bytree": -0.8105918069505946, "log10_eta": -2.402680544920259, "log10_lambda": 0.6487527687205557, "log10_min_child_weight": 1.7277019893150452, "log10_subsample": -0.3535900942036656, "max_depth": 9.0, "num_boost_round": 10.0}, "datetime": {"datetime": "2024-01-19 01:44:44", "elapsed": 5593.019145, "delta": 0.004854}}
{"target": -13.75726952129992, "params": {"gamma": 23.215985770470017, "log10_alpha": -0.7217305668332221, "log10_colsample_bytree": -0.8105918069505946, "log10_eta": -2.402680544920259, "log10_lambda": 0.6487527687205557, "log10_min_child_weight": 1.7277019893150452, "log10_subsample": -0.3535900942036656, "max_depth": 9.0, "num_boost_round": 11.0}, "datetime": {"datetime": "2024-01-19 01:44:44", "elapsed": 5593.023975, "delta": 0.00483}}
{"target": -13.757263128237819, "params": {"gamma": 23.215985770470017, "log10_alpha": -0.7217305668332221, "log10_colsample_bytree": -0.8105918069505946, "log10_eta": -2.402680544920259, "log10_lambda": 0.6487527687205557, "log10_min_child_weight": 1.7277019893150452, "log10_subsample": -0.3535900942036656, "max_depth": 9.0, "num_boost_round": 12.0}, "datetime": {"datetime": "2024-01-19 01:44:44", "elapsed": 5593.028905, "delta": 0.00493}}
{"target": -13.75702695277517, "params": {"gamma": 23.215985770470017, "log10_alpha": -0.7217305668332221, "log10_colsample_bytree": -0.8105918069505946, "log10_eta": -2.402680544920259, "log10_lambda": 0.6487527687205557, "log10_min_child_weight": 1.7277019893150452, "log10_subsample": -0.3535900942036656, "max_depth": 9.0, "num_boost_round": 13.0}, "datetime": {"datetime": "2024-01-19 01:44:44", "elapsed": 5593.03381, "delta": 0.004905}}
{"target": -13.75708117862157, "params": {"gamma": 23.215985770470017, "log10_alpha": -0.7217305668332221, "log10_colsample_bytree": -0.8105918069505946, "log10_eta": -2.402680544920259, "log10_lambda": 0.6487527687205557, "log10_min_child_weight": 1.7277019893150452, "log10_subsample": -0.3535900942036656, "max_depth": 9.0, "num_boost_round": 14.0}, "datetime": {"datetime": "2024-01-19 01:44:44", "elapsed": 5593.038656, "delta": 0.004846}}
{"target": -13.756958901342452, "params": {"gamma": 23.215985770470017, "log10_alpha": -0.7217305668332221, "log10_colsample_bytree": -0.8105918069505946, "log10_eta": -2.402680544920259, "log10_lambda": 0.6487527687205557, "log10_min_child_weight": 1.7277019893150452, "log10_subsample": -0.3535900942036656, "max_depth": 9.0, "num_boost_round": 15.0}, "datetime": {"datetime": "2024-01-19 01:44:44", "elapsed": 5593.043415, "delta": 0.004759}}
{"target": -13.75701609400507, "params": {"gamma": 23.215985770470017, "log10_alpha": -0.7217305668332221, "log10_colsample_bytree": -0.8105918069505946, "log10_eta": -2.402680544920259, "log10_lambda": 0.6487527687205557, "log10_min_child_weight": 1.7277019893150452, "log10_subsample": -0.3535900942036656, "max_depth": 9.0, "num_boost_round": 16.0}, "datetime": {"datetime": "2024-01-19 01:44:44", "elapsed": 5593.048348, "delta": 0.004933}}
{"target": -13.756707281797873, "params": {"gamma": 23.215985770470017, "log10_alpha": -0.7217305668332221, "log10_colsample_bytree": -0.8105918069505946, "log10_eta": -2.402680544920259, "log10_lambda": 0.6487527687205557, "log10_min_child_weight": 1.7277019893150452, "log10_subsample": -0.3535900942036656, "max_depth": 9.0, "num_boost_round": 17.0}, "datetime": {"datetime": "2024-01-19 01:44:44", "elapsed": 5593.053277, "delta": 0.004929}}
{"target": -13.756587375507289, "params": {"gamma": 23.215985770470017, "log10_alpha": -0.7217305668332221, "log10_colsample_bytree": -0.8105918069505946, "log10_eta": -2.402680544920259, "log10_lambda": 0.6487527687205557, "log10_min_child_weight": 1.7277019893150452, "log10_subsample": -0.3535900942036656, "max_depth": 9.0, "num_boost_round": 18.0}, "datetime": {"datetime": "2024-01-19 01:44:44", "elapsed": 5593.058136, "delta": 0.004859}}
{"target": -13.75638472101156, "params": {"gamma": 23.215985770470017, "log10_alpha": -0.7217305668332221, "log10_colsample_bytree": -0.8105918069505946, "log10_eta": -2.402680544920259, "log10_lambda": 0.6487527687205557, "log10_min_child_weight": 1.7277019893150452, "log10_subsample": -0.3535900942036656, "max_depth": 9.0, "num_boost_round": 19.0}, "datetime": {"datetime": "2024-01-19 01:44:44", "elapsed": 5593.06293, "delta": 0.004794}}
{"target": -13.756218353137971, "params": {"gamma": 23.215985770470017, "log10_alpha": -0.7217305668332221, "log10_colsample_bytree": -0.8105918069505946, "log10_eta": -2.402680544920259, "log10_lambda": 0.6487527687205557, "log10_min_child_weight": 1.7277019893150452, "log10_subsample": -0.3535900942036656, "max_depth": 9.0, "num_boost_round": 20.0}, "datetime": {"datetime": "2024-01-19 01:44:44", "elapsed": 5593.067832, "delta": 0.004902}}
{"target": -13.756191066386274, "params": {"gamma": 23.215985770470017, "log10_alpha": -0.7217305668332221, "log10_colsample_bytree": -0.8105918069505946, "log10_eta": -2.402680544920259, "log10_lambda": 0.6487527687205557, "log10_min_child_weight": 1.7277019893150452, "log10_subsample": -0.3535900942036656, "max_depth": 9.0, "num_boost_round": 21.0}, "datetime": {"datetime": "2024-01-19 01:44:44", "elapsed": 5593.072698, "delta": 0.004866}}
{"target": -13.756044844167429, "params": {"gamma": 23.215985770470017, "log10_alpha": -0.7217305668332221, "log10_colsample_bytree": -0.8105918069505946, "log10_eta": -2.402680544920259, "log10_lambda": 0.6487527687205557, "log10_min_child_weight": 1.7277019893150452, "log10_subsample": -0.3535900942036656, "max_depth": 9.0, "num_boost_round": 22.0}, "datetime": {"datetime": "2024-01-19 01:44:44", "elapsed": 5593.077617, "delta": 0.004919}}
{"target": -13.755918225686415, "params": {"gamma": 23.215985770470017, "log10_alpha": -0.7217305668332221, "log10_colsample_bytree": -0.8105918069505946, "log10_eta": -2.402680544920259, "log10_lambda": 0.6487527687205557, "log10_min_child_weight": 1.7277019893150452, "log10_subsample": -0.3535900942036656, "max_depth": 9.0, "num_boost_round": 23.0}, "datetime": {"datetime": "2024-01-19 01:44:44", "elapsed": 5593.082561, "delta": 0.004944}}
{"target": -13.756025746414313, "params": {"gamma": 23.215985770470017, "log10_alpha": -0.7217305668332221, "log10_colsample_bytree": -0.8105918069505946, "log10_eta": -2.402680544920259, "log10_lambda": 0.6487527687205557, "log10_min_child_weight": 1.7277019893150452, "log10_subsample": -0.3535900942036656, "max_depth": 9.0, "num_boost_round": 24.0}, "datetime": {"datetime": "2024-01-19 01:44:44", "elapsed": 5593.087571, "delta": 0.00501}}
{"target": -13.755952464635364, "params": {"gamma": 23.215985770470017, "log10_alpha": -0.7217305668332221, "log10_colsample_bytree": -0.8105918069505946, "log10_eta": -2.402680544920259, "log10_lambda": 0.6487527687205557, "log10_min_child_weight": 1.7277019893150452, "log10_subsample": -0.3535900942036656, "max_depth": 9.0, "num_boost_round": 25.0}, "datetime": {"datetime": "2024-01-19 01:44:44", "elapsed": 5593.092343, "delta": 0.004772}}
{"target": -13.756038935232983, "params": {"gamma": 23.215985770470017, "log10_alpha": -0.7217305668332221, "log10_colsample_bytree": -0.8105918069505946, "log10_eta": -2.402680544920259, "log10_lambda": 0.6487527687205557, "log10_min_child_weight": 1.7277019893150452, "log10_subsample": -0.3535900942036656, "max_depth": 9.0, "num_boost_round": 26.0}, "datetime": {"datetime": "2024-01-19 01:44:44", "elapsed": 5593.097193, "delta": 0.00485}}
{"target": -13.755902620816888, "params": {"gamma": 23.215985770470017, "log10_alpha": -0.7217305668332221, "log10_colsample_bytree": -0.8105918069505946, "log10_eta": -2.402680544920259, "log10_lambda": 0.6487527687205557, "log10_min_child_weight": 1.7277019893150452, "log10_subsample": -0.3535900942036656, "max_depth": 9.0, "num_boost_round": 27.0}, "datetime": {"datetime": "2024-01-19 01:44:44", "elapsed": 5593.101973, "delta": 0.00478}}
{"target": -13.755599262768031, "params": {"gamma": 23.215985770470017, "log10_alpha": -0.7217305668332221, "log10_colsample_bytree": -0.8105918069505946, "log10_eta": -2.402680544920259, "log10_lambda": 0.6487527687205557, "log10_min_child_weight": 1.7277019893150452, "log10_subsample": -0.3535900942036656, "max_depth": 9.0, "num_boost_round": 28.0}, "datetime": {"datetime": "2024-01-19 01:44:45", "elapsed": 5593.215005, "delta": 0.113032}}
{"target": -13.755319903411735, "params": {"gamma": 23.215985770470017, "log10_alpha": -0.7217305668332221, "log10_colsample_bytree": -0.8105918069505946, "log10_eta": -2.402680544920259, "log10_lambda": 0.6487527687205557, "log10_min_child_weight": 1.7277019893150452, "log10_subsample": -0.3535900942036656, "max_depth": 9.0, "num_boost_round": 29.0}, "datetime": {"datetime": "2024-01-19 01:44:45", "elapsed": 5593.220393, "delta": 0.005388}}
{"target": -13.755321976915587, "params": {"gamma": 23.215985770470017, "log10_alpha": -0.7217305668332221, "log10_colsample_bytree": -0.8105918069505946, "log10_eta": -2.402680544920259, "log10_lambda": 0.6487527687205557, "log10_min_child_weight": 1.7277019893150452, "log10_subsample": -0.3535900942036656, "max_depth": 9.0, "num_boost_round": 30.0}, "datetime": {"datetime": "2024-01-19 01:44:45", "elapsed": 5593.225415, "delta": 0.005022}}
{"target": -13.75514194270353, "params": {"gamma": 23.215985770470017, "log10_alpha": -0.7217305668332221, "log10_colsample_bytree": -0.8105918069505946, "log10_eta": -2.402680544920259, "log10_lambda": 0.6487527687205557, "log10_min_child_weight": 1.7277019893150452, "log10_subsample": -0.3535900942036656, "max_depth": 9.0, "num_boost_round": 31.0}, "datetime": {"datetime": "2024-01-19 01:44:45", "elapsed": 5593.230264, "delta": 0.004849}}
