{"target": -13.758436010975508, "params": {"gamma": 890.7015775801104, "log10_alpha": -3.187732400578867, "log10_colsample_bytree": -0.8193462048693988, "log10_eta": -3.6658579400803886, "log10_lambda": -4.787583175959413, "log10_min_child_weight": 0.4949498537355129, "log10_subsample": -0.9027288846066772, "max_depth": 9.0, "num_boost_round": 13.0}, "datetime": {"datetime": "2024-01-19 00:23:56", "elapsed": 741.299622, "delta": 0.001353}}
{"target": -13.758429220669782, "params": {"gamma": 890.7015775801104, "log10_alpha": -3.187732400578867, "log10_colsample_bytree": -0.8193462048693988, "log10_eta": -3.6658579400803886, "log10_lambda": -4.787583175959413, "log10_min_child_weight": 0.4949498537355129, "log10_subsample": -0.9027288846066772, "max_depth": 9.0, "num_boost_round": 14.0}, "datetime": {"datetime": "2024-01-19 00:23:57", "elapsed": 741.30099, "delta": 0.001368}}
{"target": -13.758421472183688, "params": {"gamma": 890.7015775801104, "log10_alpha": -3.187732400578867, "log10_colsample_bytree": -0.8193462048693988, "log10_eta": -3.6658579400803886, "log10_lambda": -4.787583175959413, "log10_min_child_weight": 0.4949498537355129, "log10_subsample": -0.9027288846066772, "max_depth": 9.0, "num_boost_round": 15.0}, "datetime": {"datetime": "2024-01-19 00:23:57", "elapsed": 741.302334, "delta": 0.001344}}
{"target": -13.758420166638265, "params": {"gamma": 890.7015775801104, "log10_alpha": -3.187732400578867, "log10_colsample_bytree": -0.8193462048693988, "log10_eta": -3.6658579400803886, "log10_lambda": -4.787583175959413, "log10_min_child_weight": 0.4949498537355129, "log10_subsample": -0.9027288846066772, "max_depth": 9.0, "num_boost_round": 16.0}, "datetime": {"datetime": "2024-01-19 00:23:57", "elapsed": 741.303678, "delta": 0.001344}}
{"target": -13.758399074194106, "params": {"gamma": 890.7015775801104, "log10_alpha": -3.187732400578867, "log10_colsample_bytree": -0.8193462048693988, "log10_eta": -3.6658579400803886, "log10_lambda": -4.787583175959413, "log10_min_child_weight": 0.4949498537355129, "log10_subsample": -0.9027288846066772, "max_depth": 9.0, "num_boost_round": 17.0}, "datetime": {"datetime": "2024-01-19 00:23:57", "elapsed": 741.30504, "delta": 0.001362}}
{"target": -13.758396441761949, "params": {"gamma": 890.7015775801104, "log10_alpha": -3.187732400578867, "log10_colsample_bytree": -0.8193462048693988, "log10_eta": -3.6658579400803886, "log10_lambda": -4.787583175959413, "log10_min_child_weight": 0.4949498537355129, "log10_subsample": -0.9027288846066772, "max_depth": 9.0, "num_boost_round": 18.0}, "datetime": {"datetime": "2024-01-19 00:23:57", "elapsed": 741.306382, "delta": 0.001342}}
{"target": -13.758394916558382, "params": {"gamma": 890.7015775801104, "log10_alpha": -3.187732400578867, "log10_colsample_bytree": -0.8193462048693988, "log10_eta": -3.6658579400803886, "log10_lambda": -4.787583175959413, "log10_min_child_weight": 0.4949498537355129, "log10_subsample": -0.9027288846066772, "max_depth": 9.0, "num_boost_round": 19.0}, "datetime": {"datetime": "2024-01-19 00:23:57", "elapsed": 741.307768, "delta": 0.001386}}
{"target": -13.7583891404304, "params": {"gamma": 890.7015775801104, "log10_alpha": -3.187732400578867, "log10_colsample_bytree": -0.8193462048693988, "log10_eta": -3.6658579400803886, "log10_lambda": -4.787583175959413, "log10_min_child_weight": 0.4949498537355129, "log10_subsample": -0.9027288846066772, "max_depth": 9.0, "num_boost_round": 20.0}, "datetime": {"datetime": "2024-01-19 00:23:57", "elapsed": 741.309134, "delta": 0.001366}}
{"target": -13.758370918214712, "params": {"gamma": 890.7015775801104, "log10_alpha": -3.187732400578867, "log10_colsample_bytree": -0.8193462048693988, "log10_eta": -3.6658579400803886, "log10_lambda": -4.787583175959413, "log10_min_child_weight": 0.4949498537355129, "log10_subsample": -0.9027288846066772, "max_depth": 9.0, "num_boost_round": 21.0}, "datetime": {"datetime": "2024-01-19 00:23:57", "elapsed": 741.310483, "delta": 0.001349}}
{"target": -13.75836529855855, "params": {"gamma": 890.7015775801104, "log10_alpha": -3.187732400578867, "log10_colsample_bytree": -0.8193462048693988, "log10_eta": -3.6658579400803886, "log10_lambda": -4.787583175959413, "log10_min_child_weight": 0.4949498537355129, "log10_subsample": -0.9027288846066772, "max_depth": 9.0, "num_boost_round": 22.0}, "datetime": {"datetime": "2024-01-19 00:23:57", "elapsed": 741.311977, "delta": 0.001494}}
{"target": -13.758365801134381, "params": {"gamma": 890.7015775801104, "log10_alpha": -3.187732400578867, "log10_colsample_bytree": -0.8193462048693988, "log10_eta": -3.6658579400803886, "log10_lambda": -4.787583175959413, "log10_min_child_weight": 0.4949498537355129, "log10_subsample": -0.9027288846066772, "max_depth": 9.0, "num_boost_round": 23.0}, "datetime": {"datetime": "2024-01-19 00:23:57", "elapsed": 741.313361, "delta": 0.001384}}
{"target": -13.758358644303238, "params": {"gamma": 890.7015775801104, "log10_alpha": -3.187732400578867, "log10_colsample_bytree": -0.8193462048693988, "log10_eta": -3.6658579400803886, "log10_lambda": -4.787583175959413, "log10_min_child_weight": 0.4949498537355129, "log10_subsample": -0.9027288846066772, "max_depth": 9.0, "num_boost_round": 24.0}, "datetime": {"datetime": "2024-01-19 00:23:57", "elapsed": 741.314731, "delta": 0.00137}}
{"target": -13.758351641992679, "params": {"gamma": 890.7015775801104, "log10_alpha": -3.187732400578867, "log10_colsample_bytree": -0.8193462048693988, "log10_eta": -3.6658579400803886, "log10_lambda": -4.787583175959413, "log10_min_child_weight": 0.4949498537355129, "log10_subsample": -0.9027288846066772, "max_depth": 9.0, "num_boost_round": 25.0}, "datetime": {"datetime": "2024-01-19 00:23:57", "elapsed": 741.316084, "delta": 0.001353}}
{"target": -13.758340029681957, "params": {"gamma": 890.7015775801104, "log10_alpha": -3.187732400578867, "log10_colsample_bytree": -0.8193462048693988, "log10_eta": -3.6658579400803886, "log10_lambda": -4.787583175959413, "log10_min_child_weight": 0.4949498537355129, "log10_subsample": -0.9027288846066772, "max_depth": 9.0, "num_boost_round": 26.0}, "datetime": {"datetime": "2024-01-19 00:23:57", "elapsed": 741.317445, "delta": 0.001361}}
{"target": -13.758333131791396, "params": {"gamma": 890.7015775801104, "log10_alpha": -3.187732400578867, "log10_colsample_bytree": -0.8193462048693988, "log10_eta": -3.6658579400803886, "log10_lambda": -4.787583175959413, "log10_min_child_weight": 0.4949498537355129, "log10_subsample": -0.9027288846066772, "max_depth": 9.0, "num_boost_round": 27.0}, "datetime": {"datetime": "2024-01-19 00:23:57", "elapsed": 741.31881, "delta": 0.001365}}
{"target": -13.758322738505722, "params": {"gamma": 890.7015775801104, "log10_alpha": -3.187732400578867, "log10_colsample_bytree": -0.8193462048693988, "log10_eta": -3.6658579400803886, "log10_lambda": -4.787583175959413, "log10_min_child_weight": 0.4949498537355129, "log10_subsample": -0.9027288846066772, "max_depth": 9.0, "num_boost_round": 28.0}, "datetime": {"datetime": "2024-01-19 00:23:57", "elapsed": 741.320181, "delta": 0.001371}}
{"target": -13.758294553184998, "params": {"gamma": 890.7015775801104, "log10_alpha": -3.187732400578867, "log10_colsample_bytree": -0.8193462048693988, "log10_eta": -3.6658579400803886, "log10_lambda": -4.787583175959413, "log10_min_child_weight": 0.4949498537355129, "log10_subsample": -0.9027288846066772, "max_depth": 9.0, "num_boost_round": 29.0}, "datetime": {"datetime": "2024-01-19 00:23:57", "elapsed": 741.321559, "delta": 0.001378}}
{"target": -13.758289174475706, "params": {"gamma": 890.7015775801104, "log10_alpha": -3.187732400578867, "log10_colsample_bytree": -0.8193462048693988, "log10_eta": -3.6658579400803886, "log10_lambda": -4.787583175959413, "log10_min_child_weight": 0.4949498537355129, "log10_subsample": -0.9027288846066772, "max_depth": 9.0, "num_boost_round": 30.0}, "datetime": {"datetime": "2024-01-19 00:23:57", "elapsed": 741.322911, "delta": 0.001352}}
{"target": -13.758277425889764, "params": {"gamma": 890.7015775801104, "log10_alpha": -3.187732400578867, "log10_colsample_bytree": -0.8193462048693988, "log10_eta": -3.6658579400803886, "log10_lambda": -4.787583175959413, "log10_min_child_weight": 0.4949498537355129, "log10_subsample": -0.9027288846066772, "max_depth": 9.0, "num_boost_round": 31.0}, "datetime": {"datetime": "2024-01-19 00:23:57", "elapsed": 741.324269, "delta": 0.001358}}
{"target": -13.758266204558888, "params": {"gamma": 890.7015775801104, "log10_alpha": -3.187732400578867, "log10_colsample_bytree": -0.8193462048693988, "log10_eta": -3.6658579400803886, "log10_lambda": -4.787583175959413, "log10_min_child_weight": 0.4949498537355129, "log10_subsample": -0.9027288846066772, "max_depth": 9.0, "num_boost_round": 32.0}, "datetime": {"datetime": "2024-01-19 00:23:57", "elapsed": 741.325628, "delta": 0.001359}}
{"target": -13.75825154895562, "params": {"gamma": 890.7015775801104, "log10_alpha": -3.187732400578867, "log10_colsample_bytree": -0.8193462048693988, "log10_eta": -3.6658579400803886, "log10_lambda": -4.787583175959413, "log10_min_child_weight": 0.4949498537355129, "log10_subsample": -0.9027288846066772, "max_depth": 9.0, "num_boost_round": 33.0}, "datetime": {"datetime": "2024-01-19 00:23:57", "elapsed": 741.327007, "delta": 0.001379}}
{"target": -13.75824903885213, "params": {"gamma": 890.7015775801104, "log10_alpha": -3.187732400578867, "log10_colsample_bytree": -0.8193462048693988, "log10_eta": -3.6658579400803886, "log10_lambda": -4.787583175959413, "log10_min_child_weight": 0.4949498537355129, "log10_subsample": -0.9027288846066772, "max_depth": 9.0, "num_boost_round": 34.0}, "datetime": {"datetime": "2024-01-19 00:23:57", "elapsed": 741.328365, "delta": 0.001358}}
{"target": -13.758247562428524, "params": {"gamma": 890.7015775801104, "log10_alpha": -3.187732400578867, "log10_colsample_bytree": -0.8193462048693988, "log10_eta": -3.6658579400803886, "log10_lambda": -4.787583175959413, "log10_min_child_weight": 0.4949498537355129, "log10_subsample": -0.9027288846066772, "max_depth": 9.0, "num_boost_round": 35.0}, "datetime": {"datetime": "2024-01-19 00:23:57", "elapsed": 741.329739, "delta": 0.001374}}
{"target": -13.758243562962985, "params": {"gamma": 890.7015775801104, "log10_alpha": -3.187732400578867, "log10_colsample_bytree": -0.8193462048693988, "log10_eta": -3.6658579400803886, "log10_lambda": -4.787583175959413, "log10_min_child_weight": 0.4949498537355129, "log10_subsample": -0.9027288846066772, "max_depth": 9.0, "num_boost_round": 36.0}, "datetime": {"datetime": "2024-01-19 00:23:57", "elapsed": 741.331167, "delta": 0.001428}}
{"target": -13.758239221065754, "params": {"gamma": 890.7015775801104, "log10_alpha": -3.187732400578867, "log10_colsample_bytree": -0.8193462048693988, "log10_eta": -3.6658579400803886, "log10_lambda": -4.787583175959413, "log10_min_child_weight": 0.4949498537355129, "log10_subsample": -0.9027288846066772, "max_depth": 9.0, "num_boost_round": 37.0}, "datetime": {"datetime": "2024-01-19 00:23:57", "elapsed": 741.332716, "delta": 0.001549}}
{"target": -13.758229961666483, "params": {"gamma": 890.7015775801104, "log10_alpha": -3.187732400578867, "log10_colsample_bytree": -0.8193462048693988, "log10_eta": -3.6658579400803886, "log10_lambda": -4.787583175959413, "log10_min_child_weight": 0.4949498537355129, "log10_subsample": -0.9027288846066772, "max_depth": 9.0, "num_boost_round": 38.0}, "datetime": {"datetime": "2024-01-19 00:23:57", "elapsed": 741.334286, "delta": 0.00157}}
{"target": -13.758232626756213, "params": {"gamma": 890.7015775801104, "log10_alpha": -3.187732400578867, "log10_colsample_bytree": -0.8193462048693988, "log10_eta": -3.6658579400803886, "log10_lambda": -4.787583175959413, "log10_min_child_weight": 0.4949498537355129, "log10_subsample": -0.9027288846066772, "max_depth": 9.0, "num_boost_round": 39.0}, "datetime": {"datetime": "2024-01-19 00:23:57", "elapsed": 741.335775, "delta": 0.001489}}
{"target": -13.758231146487732, "params": {"gamma": 890.7015775801104, "log10_alpha": -3.187732400578867, "log10_colsample_bytree": -0.8193462048693988, "log10_eta": -3.6658579400803886, "log10_lambda": -4.787583175959413, "log10_min_child_weight": 0.4949498537355129, "log10_subsample": -0.9027288846066772, "max_depth": 9.0, "num_boost_round": 40.0}, "datetime": {"datetime": "2024-01-19 00:23:57", "elapsed": 741.337213, "delta": 0.001438}}
{"target": -13.75822505686884, "params": {"gamma": 890.7015775801104, "log10_alpha": -3.187732400578867, "log10_colsample_bytree": -0.8193462048693988, "log10_eta": -3.6658579400803886, "log10_lambda": -4.787583175959413, "log10_min_child_weight": 0.4949498537355129, "log10_subsample": -0.9027288846066772, "max_depth": 9.0, "num_boost_round": 41.0}, "datetime": {"datetime": "2024-01-19 00:23:57", "elapsed": 741.33861, "delta": 0.001397}}
{"target": -13.758212846291922, "params": {"gamma": 890.7015775801104, "log10_alpha": -3.187732400578867, "log10_colsample_bytree": -0.8193462048693988, "log10_eta": -3.6658579400803886, "log10_lambda": -4.787583175959413, "log10_min_child_weight": 0.4949498537355129, "log10_subsample": -0.9027288846066772, "max_depth": 9.0, "num_boost_round": 42.0}, "datetime": {"datetime": "2024-01-19 00:23:57", "elapsed": 741.340018, "delta": 0.001408}}
{"target": -13.75820600044265, "params": {"gamma": 890.7015775801104, "log10_alpha": -3.187732400578867, "log10_colsample_bytree": -0.8193462048693988, "log10_eta": -3.6658579400803886, "log10_lambda": -4.787583175959413, "log10_min_child_weight": 0.4949498537355129, "log10_subsample": -0.9027288846066772, "max_depth": 9.0, "num_boost_round": 43.0}, "datetime": {"datetime": "2024-01-19 00:23:57", "elapsed": 741.341396, "delta": 0.001378}}
{"target": -13.758199325664782, "params": {"gamma": 890.7015775801104, "log10_alpha": -3.187732400578867, "log10_colsample_bytree": -0.8193462048693988, "log10_eta": -3.6658579400803886, "log10_lambda": -4.787583175959413, "log10_min_child_weight": 0.4949498537355129, "log10_subsample": -0.9027288846066772, "max_depth": 9.0, "num_boost_round": 44.0}, "datetime": {"datetime": "2024-01-19 00:23:57", "elapsed": 741.342765, "delta": 0.001369}}
{"target": -13.758188067255004, "params": {"gamma": 890.7015775801104, "log10_alpha": -3.187732400578867, "log10_colsample_bytree": -0.8193462048693988, "log10_eta": -3.6658579400803886, "log10_lambda": -4.787583175959413, "log10_min_child_weight": 0.4949498537355129, "log10_subsample": -0.9027288846066772, "max_depth": 9.0, "num_boost_round": 45.0}, "datetime": {"datetime": "2024-01-19 00:23:57", "elapsed": 741.344154, "delta": 0.001389}}
{"target": -13.758193506002508, "params": {"gamma": 890.7015775801104, "log10_alpha": -3.187732400578867, "log10_colsample_bytree": -0.8193462048693988, "log10_eta": -3.6658579400803886, "log10_lambda": -4.787583175959413, "log10_min_child_weight": 0.4949498537355129, "log10_subsample": -0.9027288846066772, "max_depth": 9.0, "num_boost_round": 46.0}, "datetime": {"datetime": "2024-01-19 00:23:57", "elapsed": 741.345529, "delta": 0.001375}}
{"target": -13.758175355037956, "params": {"gamma": 890.7015775801104, "log10_alpha": -3.187732400578867, "log10_colsample_bytree": -0.8193462048693988, "log10_eta": -3.6658579400803886, "log10_lambda": -4.787583175959413, "log10_min_child_weight": 0.4949498537355129, "log10_subsample": -0.9027288846066772, "max_depth": 9.0, "num_boost_round": 47.0}, "datetime": {"datetime": "2024-01-19 00:23:57", "elapsed": 741.346927, "delta": 0.001398}}
{"target": -13.758168995144853, "params": {"gamma": 890.7015775801104, "log10_alpha": -3.187732400578867, "log10_colsample_bytree": -0.8193462048693988, "log10_eta": -3.6658579400803886, "log10_lambda": -4.787583175959413, "log10_min_child_weight": 0.4949498537355129, "log10_subsample": -0.9027288846066772, "max_depth": 9.0, "num_boost_round": 48.0}, "datetime": {"datetime": "2024-01-19 00:23:57", "elapsed": 741.348307, "delta": 0.00138}}
{"target": -13.758159941706014, "params": {"gamma": 890.7015775801104, "log10_alpha": -3.187732400578867, "log10_colsample_bytree": -0.8193462048693988, "log10_eta": -3.6658579400803886, "log10_lambda": -4.787583175959413, "log10_min_child_weight": 0.4949498537355129, "log10_subsample": -0.9027288846066772, "max_depth": 9.0, "num_boost_round": 49.0}, "datetime": {"datetime": "2024-01-19 00:23:57", "elapsed": 741.349683, "delta": 0.001376}}
{"target": -13.758156213845643, "params": {"gamma": 890.7015775801104, "log10_alpha": -3.187732400578867, "log10_colsample_bytree": -0.8193462048693988, "log10_eta": -3.6658579400803886, "log10_lambda": -4.787583175959413, "log10_min_child_weight": 0.4949498537355129, "log10_subsample": -0.9027288846066772, "max_depth": 9.0, "num_boost_round": 50.0}, "datetime": {"datetime": "2024-01-19 00:23:57", "elapsed": 741.351062, "delta": 0.001379}}
{"target": -13.758146683056298, "params": {"gamma": 890.7015775801104, "log10_alpha": -3.187732400578867, "log10_colsample_bytree": -0.8193462048693988, "log10_eta": -3.6658579400803886, "log10_lambda": -4.787583175959413, "log10_min_child_weight": 0.4949498537355129, "log10_subsample": -0.9027288846066772, "max_depth": 9.0, "num_boost_round": 51.0}, "datetime": {"datetime": "2024-01-19 00:23:57", "elapsed": 741.352659, "delta": 0.001597}}
{"target": -13.75813255830076, "params": {"gamma": 890.7015775801104, "log10_alpha": -3.187732400578867, "log10_colsample_bytree": -0.8193462048693988, "log10_eta": -3.6658579400803886, "log10_lambda": -4.787583175959413, "log10_min_child_weight": 0.4949498537355129, "log10_subsample": -0.9027288846066772, "max_depth": 9.0, "num_boost_round": 52.0}, "datetime": {"datetime": "2024-01-19 00:23:57", "elapsed": 741.354058, "delta": 0.001399}}
{"target": -13.758124014788606, "params": {"gamma": 890.7015775801104, "log10_alpha": -3.187732400578867, "log10_colsample_bytree": -0.8193462048693988, "log10_eta": -3.6658579400803886, "log10_lambda": -4.787583175959413, "log10_min_child_weight": 0.4949498537355129, "log10_subsample": -0.9027288846066772, "max_depth": 9.0, "num_boost_round": 53.0}, "datetime": {"datetime": "2024-01-19 00:23:57", "elapsed": 741.355462, "delta": 0.001404}}
{"target": -13.758116309132255, "params": {"gamma": 890.7015775801104, "log10_alpha": -3.187732400578867, "log10_colsample_bytree": -0.8193462048693988, "log10_eta": -3.6658579400803886, "log10_lambda": -4.787583175959413, "log10_min_child_weight": 0.4949498537355129, "log10_subsample": -0.9027288846066772, "max_depth": 9.0, "num_boost_round": 54.0}, "datetime": {"datetime": "2024-01-19 00:23:57", "elapsed": 741.356871, "delta": 0.001409}}
{"target": -13.758105325018414, "params": {"gamma": 890.7015775801104, "log10_alpha": -3.187732400578867, "log10_colsample_bytree": -0.8193462048693988, "log10_eta": -3.6658579400803886, "log10_lambda": -4.787583175959413, "log10_min_child_weight": 0.4949498537355129, "log10_subsample": -0.9027288846066772, "max_depth": 9.0, "num_boost_round": 55.0}, "datetime": {"datetime": "2024-01-19 00:23:57", "elapsed": 741.35826, "delta": 0.001389}}
{"target": -13.758103196200304, "params": {"gamma": 890.7015775801104, "log10_alpha": -3.187732400578867, "log10_colsample_bytree": -0.8193462048693988, "log10_eta": -3.6658579400803886, "log10_lambda": -4.787583175959413, "log10_min_child_weight": 0.4949498537355129, "log10_subsample": -0.9027288846066772, "max_depth": 9.0, "num_boost_round": 56.0}, "datetime": {"datetime": "2024-01-19 00:23:57", "elapsed": 741.359659, "delta": 0.001399}}
{"target": -13.758088825265895, "params": {"gamma": 890.7015775801104, "log10_alpha": -3.187732400578867, "log10_colsample_bytree": -0.8193462048693988, "log10_eta": -3.6658579400803886, "log10_lambda": -4.787583175959413, "log10_min_child_weight": 0.4949498537355129, "log10_subsample": -0.9027288846066772, "max_depth": 9.0, "num_boost_round": 57.0}, "datetime": {"datetime": "2024-01-19 00:23:57", "elapsed": 741.36106, "delta": 0.001401}}
{"target": -13.758076858425131, "params": {"gamma": 890.7015775801104, "log10_alpha": -3.187732400578867, "log10_colsample_bytree": -0.8193462048693988, "log10_eta": -3.6658579400803886, "log10_lambda": -4.787583175959413, "log10_min_child_weight": 0.4949498537355129, "log10_subsample": -0.9027288846066772, "max_depth": 9.0, "num_boost_round": 58.0}, "datetime": {"datetime": "2024-01-19 00:23:57", "elapsed": 741.362466, "delta": 0.001406}}
{"target": -13.758075143567732, "params": {"gamma": 890.7015775801104, "log10_alpha": -3.187732400578867, "log10_colsample_bytree": -0.8193462048693988, "log10_eta": -3.6658579400803886, "log10_lambda": -4.787583175959413, "log10_min_child_weight": 0.4949498537355129, "log10_subsample": -0.9027288846066772, "max_depth": 9.0, "num_boost_round": 59.0}, "datetime": {"datetime": "2024-01-19 00:23:57", "elapsed": 741.363884, "delta": 0.001418}}
{"target": -13.758076776790835, "params": {"gamma": 890.7015775801104, "log10_alpha": -3.187732400578867, "log10_colsample_bytree": -0.8193462048693988, "log10_eta": -3.6658579400803886, "log10_lambda": -4.787583175959413, "log10_min_child_weight": 0.4949498537355129, "log10_subsample": -0.9027288846066772, "max_depth": 9.0, "num_boost_round": 60.0}, "datetime": {"datetime": "2024-01-19 00:23:57", "elapsed": 741.458624, "delta": 0.09474}}
{"target": -13.758076191131169, "params": {"gamma": 890.7015775801104, "log10_alpha": -3.187732400578867, "log10_colsample_bytree": -0.8193462048693988, "log10_eta": -3.6658579400803886, "log10_lambda": -4.787583175959413, "log10_min_child_weight": 0.4949498537355129, "log10_subsample": -0.9027288846066772, "max_depth": 9.0, "num_boost_round": 61.0}, "datetime": {"datetime": "2024-01-19 00:23:57", "elapsed": 741.460456, "delta": 0.001832}}
