{"target": -13.758459272695516, "params": {"gamma": 506.66363575753115, "log10_alpha": -3.509345698344271, "log10_colsample_bytree": -0.38808080544302437, "log10_eta": -3.6665756814587107, "log10_lambda": -0.9865490630409273, "log10_min_child_weight": 0.9870392586874349, "log10_subsample": -0.22674559467679767, "max_depth": 2.0, "num_boost_round": 47.0}, "datetime": {"datetime": "2024-01-19 01:48:39", "elapsed": 5823.19673, "delta": 0.005703}}
{"target": -13.75845832250609, "params": {"gamma": 506.66363575753115, "log10_alpha": -3.509345698344271, "log10_colsample_bytree": -0.38808080544302437, "log10_eta": -3.6665756814587107, "log10_lambda": -0.9865490630409273, "log10_min_child_weight": 0.9870392586874349, "log10_subsample": -0.22674559467679767, "max_depth": 2.0, "num_boost_round": 48.0}, "datetime": {"datetime": "2024-01-19 01:48:39", "elapsed": 5823.202399, "delta": 0.005669}}
{"target": -13.758457736423596, "params": {"gamma": 506.66363575753115, "log10_alpha": -3.509345698344271, "log10_colsample_bytree": -0.38808080544302437, "log10_eta": -3.6665756814587107, "log10_lambda": -0.9865490630409273, "log10_min_child_weight": 0.9870392586874349, "log10_subsample": -0.22674559467679767, "max_depth": 2.0, "num_boost_round": 49.0}, "datetime": {"datetime": "2024-01-19 01:48:39", "elapsed": 5823.2081, "delta": 0.005701}}
{"target": -13.75845756143606, "params": {"gamma": 506.66363575753115, "log10_alpha": -3.509345698344271, "log10_colsample_bytree": -0.38808080544302437, "log10_eta": -3.6665756814587107, "log10_lambda": -0.9865490630409273, "log10_min_child_weight": 0.9870392586874349, "log10_subsample": -0.22674559467679767, "max_depth": 2.0, "num_boost_round": 50.0}, "datetime": {"datetime": "2024-01-19 01:48:39", "elapsed": 5823.213848, "delta": 0.005748}}
{"target": -13.758456329493193, "params": {"gamma": 506.66363575753115, "log10_alpha": -3.509345698344271, "log10_colsample_bytree": -0.38808080544302437, "log10_eta": -3.6665756814587107, "log10_lambda": -0.9865490630409273, "log10_min_child_weight": 0.9870392586874349, "log10_subsample": -0.22674559467679767, "max_depth": 2.0, "num_boost_round": 51.0}, "datetime": {"datetime": "2024-01-19 01:48:39", "elapsed": 5823.219684, "delta": 0.005836}}
{"target": -13.75845406207713, "params": {"gamma": 506.66363575753115, "log10_alpha": -3.509345698344271, "log10_colsample_bytree": -0.38808080544302437, "log10_eta": -3.6665756814587107, "log10_lambda": -0.9865490630409273, "log10_min_child_weight": 0.9870392586874349, "log10_subsample": -0.22674559467679767, "max_depth": 2.0, "num_boost_round": 52.0}, "datetime": {"datetime": "2024-01-19 01:48:39", "elapsed": 5823.225615, "delta": 0.005931}}
{"target": -13.758450229783278, "params": {"gamma": 506.66363575753115, "log10_alpha": -3.509345698344271, "log10_colsample_bytree": -0.38808080544302437, "log10_eta": -3.6665756814587107, "log10_lambda": -0.9865490630409273, "log10_min_child_weight": 0.9870392586874349, "log10_subsample": -0.22674559467679767, "max_depth": 2.0, "num_boost_round": 53.0}, "datetime": {"datetime": "2024-01-19 01:48:39", "elapsed": 5823.231587, "delta": 0.005972}}
{"target": -13.758444684739697, "params": {"gamma": 506.66363575753115, "log10_alpha": -3.509345698344271, "log10_colsample_bytree": -0.38808080544302437, "log10_eta": -3.6665756814587107, "log10_lambda": -0.9865490630409273, "log10_min_child_weight": 0.9870392586874349, "log10_subsample": -0.22674559467679767, "max_depth": 2.0, "num_boost_round": 54.0}, "datetime": {"datetime": "2024-01-19 01:48:39", "elapsed": 5823.23726, "delta": 0.005673}}
{"target": -13.758443055832547, "params": {"gamma": 506.66363575753115, "log10_alpha": -3.509345698344271, "log10_colsample_bytree": -0.38808080544302437, "log10_eta": -3.6665756814587107, "log10_lambda": -0.9865490630409273, "log10_min_child_weight": 0.9870392586874349, "log10_subsample": -0.22674559467679767, "max_depth": 2.0, "num_boost_round": 55.0}, "datetime": {"datetime": "2024-01-19 01:48:39", "elapsed": 5823.242965, "delta": 0.005705}}
{"target": -13.758441043987144, "params": {"gamma": 506.66363575753115, "log10_alpha": -3.509345698344271, "log10_colsample_bytree": -0.38808080544302437, "log10_eta": -3.6665756814587107, "log10_lambda": -0.9865490630409273, "log10_min_child_weight": 0.9870392586874349, "log10_subsample": -0.22674559467679767, "max_depth": 2.0, "num_boost_round": 56.0}, "datetime": {"datetime": "2024-01-19 01:48:39", "elapsed": 5823.248732, "delta": 0.005767}}
{"target": -13.758439936485225, "params": {"gamma": 506.66363575753115, "log10_alpha": -3.509345698344271, "log10_colsample_bytree": -0.38808080544302437, "log10_eta": -3.6665756814587107, "log10_lambda": -0.9865490630409273, "log10_min_child_weight": 0.9870392586874349, "log10_subsample": -0.22674559467679767, "max_depth": 2.0, "num_boost_round": 57.0}, "datetime": {"datetime": "2024-01-19 01:48:39", "elapsed": 5823.254401, "delta": 0.005669}}
{"target": -13.758439282154285, "params": {"gamma": 506.66363575753115, "log10_alpha": -3.509345698344271, "log10_colsample_bytree": -0.38808080544302437, "log10_eta": -3.6665756814587107, "log10_lambda": -0.9865490630409273, "log10_min_child_weight": 0.9870392586874349, "log10_subsample": -0.22674559467679767, "max_depth": 2.0, "num_boost_round": 58.0}, "datetime": {"datetime": "2024-01-19 01:48:39", "elapsed": 5823.260101, "delta": 0.0057}}
{"target": -13.758434752948986, "params": {"gamma": 506.66363575753115, "log10_alpha": -3.509345698344271, "log10_colsample_bytree": -0.38808080544302437, "log10_eta": -3.6665756814587107, "log10_lambda": -0.9865490630409273, "log10_min_child_weight": 0.9870392586874349, "log10_subsample": -0.22674559467679767, "max_depth": 2.0, "num_boost_round": 59.0}, "datetime": {"datetime": "2024-01-19 01:48:39", "elapsed": 5823.265765, "delta": 0.005664}}
{"target": -13.758431927108845, "params": {"gamma": 506.66363575753115, "log10_alpha": -3.509345698344271, "log10_colsample_bytree": -0.38808080544302437, "log10_eta": -3.6665756814587107, "log10_lambda": -0.9865490630409273, "log10_min_child_weight": 0.9870392586874349, "log10_subsample": -0.22674559467679767, "max_depth": 2.0, "num_boost_round": 60.0}, "datetime": {"datetime": "2024-01-19 01:48:39", "elapsed": 5823.271468, "delta": 0.005703}}
{"target": -13.75843100534598, "params": {"gamma": 506.66363575753115, "log10_alpha": -3.509345698344271, "log10_colsample_bytree": -0.38808080544302437, "log10_eta": -3.6665756814587107, "log10_lambda": -0.9865490630409273, "log10_min_child_weight": 0.9870392586874349, "log10_subsample": -0.22674559467679767, "max_depth": 2.0, "num_boost_round": 61.0}, "datetime": {"datetime": "2024-01-19 01:48:39", "elapsed": 5823.277231, "delta": 0.005763}}
{"target": -13.834054387043498, "params": {"gamma": 479.22643156977625, "log10_alpha": -5.0, "log10_colsample_bytree": 0.0, "log10_eta": 0.0, "log10_lambda": 1.0, "log10_min_child_weight": 0.0, "log10_subsample": -1.0, "max_depth": 2.0, "num_boost_round": 0.0}, "datetime": {"datetime": "2024-01-19 01:50:22", "elapsed": 5926.115554, "delta": 102.838323}}
{"target": -13.847558996955733, "params": {"gamma": 479.22643156977625, "log10_alpha": -5.0, "log10_colsample_bytree": 0.0, "log10_eta": 0.0, "log10_lambda": 1.0, "log10_min_child_weight": 0.0, "log10_subsample": -1.0, "max_depth": 2.0, "num_boost_round": 1.0}, "datetime": {"datetime": "2024-01-19 01:50:22", "elapsed": 5926.122221, "delta": 0.006667}}
{"target": -13.84616222419316, "params": {"gamma": 479.22643156977625, "log10_alpha": -5.0, "log10_colsample_bytree": 0.0, "log10_eta": 0.0, "log10_lambda": 1.0, "log10_min_child_weight": 0.0, "log10_subsample": -1.0, "max_depth": 2.0, "num_boost_round": 2.0}, "datetime": {"datetime": "2024-01-19 01:50:22", "elapsed": 5926.227975, "delta": 0.105754}}
{"target": -13.863413910994792, "params": {"gamma": 479.22643156977625, "log10_alpha": -5.0, "log10_colsample_bytree": 0.0, "log10_eta": 0.0, "log10_lambda": 1.0, "log10_min_child_weight": 0.0, "log10_subsample": -1.0, "max_depth": 2.0, "num_boost_round": 3.0}, "datetime": {"datetime": "2024-01-19 01:50:22", "elapsed": 5926.234876, "delta": 0.006901}}
{"target": -13.882394574285303, "params": {"gamma": 479.22643156977625, "log10_alpha": -5.0, "log10_colsample_bytree": 0.0, "log10_eta": 0.0, "log10_lambda": 1.0, "log10_min_child_weight": 0.0, "log10_subsample": -1.0, "max_depth": 2.0, "num_boost_round": 4.0}, "datetime": {"datetime": "2024-01-19 01:50:22", "elapsed": 5926.241053, "delta": 0.006177}}
{"target": -13.875527638407787, "params": {"gamma": 479.22643156977625, "log10_alpha": -5.0, "log10_colsample_bytree": 0.0, "log10_eta": 0.0, "log10_lambda": 1.0, "log10_min_child_weight": 0.0, "log10_subsample": -1.0, "max_depth": 2.0, "num_boost_round": 5.0}, "datetime": {"datetime": "2024-01-19 01:50:22", "elapsed": 5926.246792, "delta": 0.005739}}
{"target": -14.066113241771745, "params": {"gamma": 479.22643156977625, "log10_alpha": -5.0, "log10_colsample_bytree": 0.0, "log10_eta": 0.0, "log10_lambda": 1.0, "log10_min_child_weight": 0.0, "log10_subsample": -1.0, "max_depth": 2.0, "num_boost_round": 6.0}, "datetime": {"datetime": "2024-01-19 01:50:22", "elapsed": 5926.252461, "delta": 0.005669}}
{"target": -14.073197632978026, "params": {"gamma": 479.22643156977625, "log10_alpha": -5.0, "log10_colsample_bytree": 0.0, "log10_eta": 0.0, "log10_lambda": 1.0, "log10_min_child_weight": 0.0, "log10_subsample": -1.0, "max_depth": 2.0, "num_boost_round": 7.0}, "datetime": {"datetime": "2024-01-19 01:50:22", "elapsed": 5926.258131, "delta": 0.00567}}
{"target": -14.129660808550886, "params": {"gamma": 479.22643156977625, "log10_alpha": -5.0, "log10_colsample_bytree": 0.0, "log10_eta": 0.0, "log10_lambda": 1.0, "log10_min_child_weight": 0.0, "log10_subsample": -1.0, "max_depth": 2.0, "num_boost_round": 8.0}, "datetime": {"datetime": "2024-01-19 01:50:22", "elapsed": 5926.263798, "delta": 0.005667}}
{"target": -14.15962807760094, "params": {"gamma": 479.22643156977625, "log10_alpha": -5.0, "log10_colsample_bytree": 0.0, "log10_eta": 0.0, "log10_lambda": 1.0, "log10_min_child_weight": 0.0, "log10_subsample": -1.0, "max_depth": 2.0, "num_boost_round": 9.0}, "datetime": {"datetime": "2024-01-19 01:50:22", "elapsed": 5926.269533, "delta": 0.005735}}
{"target": -14.174133803284871, "params": {"gamma": 479.22643156977625, "log10_alpha": -5.0, "log10_colsample_bytree": 0.0, "log10_eta": 0.0, "log10_lambda": 1.0, "log10_min_child_weight": 0.0, "log10_subsample": -1.0, "max_depth": 2.0, "num_boost_round": 10.0}, "datetime": {"datetime": "2024-01-19 01:50:22", "elapsed": 5926.275428, "delta": 0.005895}}
{"target": -14.290588459882443, "params": {"gamma": 479.22643156977625, "log10_alpha": -5.0, "log10_colsample_bytree": 0.0, "log10_eta": 0.0, "log10_lambda": 1.0, "log10_min_child_weight": 0.0, "log10_subsample": -1.0, "max_depth": 2.0, "num_boost_round": 11.0}, "datetime": {"datetime": "2024-01-19 01:50:22", "elapsed": 5926.281149, "delta": 0.005721}}
{"target": -14.31370852278313, "params": {"gamma": 479.22643156977625, "log10_alpha": -5.0, "log10_colsample_bytree": 0.0, "log10_eta": 0.0, "log10_lambda": 1.0, "log10_min_child_weight": 0.0, "log10_subsample": -1.0, "max_depth": 2.0, "num_boost_round": 12.0}, "datetime": {"datetime": "2024-01-19 01:50:22", "elapsed": 5926.286918, "delta": 0.005769}}
{"target": -14.341975838437941, "params": {"gamma": 479.22643156977625, "log10_alpha": -5.0, "log10_colsample_bytree": 0.0, "log10_eta": 0.0, "log10_lambda": 1.0, "log10_min_child_weight": 0.0, "log10_subsample": -1.0, "max_depth": 2.0, "num_boost_round": 13.0}, "datetime": {"datetime": "2024-01-19 01:50:22", "elapsed": 5926.292796, "delta": 0.005878}}
{"target": -14.329635686312338, "params": {"gamma": 479.22643156977625, "log10_alpha": -5.0, "log10_colsample_bytree": 0.0, "log10_eta": 0.0, "log10_lambda": 1.0, "log10_min_child_weight": 0.0, "log10_subsample": -1.0, "max_depth": 2.0, "num_boost_round": 14.0}, "datetime": {"datetime": "2024-01-19 01:50:22", "elapsed": 5926.298678, "delta": 0.005882}}
{"target": -14.333596655146732, "params": {"gamma": 479.22643156977625, "log10_alpha": -5.0, "log10_colsample_bytree": 0.0, "log10_eta": 0.0, "log10_lambda": 1.0, "log10_min_child_weight": 0.0, "log10_subsample": -1.0, "max_depth": 2.0, "num_boost_round": 15.0}, "datetime": {"datetime": "2024-01-19 01:50:22", "elapsed": 5926.304664, "delta": 0.005986}}
{"target": -14.333961206381815, "params": {"gamma": 479.22643156977625, "log10_alpha": -5.0, "log10_colsample_bytree": 0.0, "log10_eta": 0.0, "log10_lambda": 1.0, "log10_min_child_weight": 0.0, "log10_subsample": -1.0, "max_depth": 2.0, "num_boost_round": 16.0}, "datetime": {"datetime": "2024-01-19 01:50:22", "elapsed": 5926.310716, "delta": 0.006052}}
{"target": -14.349363997502536, "params": {"gamma": 479.22643156977625, "log10_alpha": -5.0, "log10_colsample_bytree": 0.0, "log10_eta": 0.0, "log10_lambda": 1.0, "log10_min_child_weight": 0.0, "log10_subsample": -1.0, "max_depth": 2.0, "num_boost_round": 17.0}, "datetime": {"datetime": "2024-01-19 01:50:22", "elapsed": 5926.316469, "delta": 0.005753}}
{"target": -14.366418533058072, "params": {"gamma": 479.22643156977625, "log10_alpha": -5.0, "log10_colsample_bytree": 0.0, "log10_eta": 0.0, "log10_lambda": 1.0, "log10_min_child_weight": 0.0, "log10_subsample": -1.0, "max_depth": 2.0, "num_boost_round": 18.0}, "datetime": {"datetime": "2024-01-19 01:50:22", "elapsed": 5926.32218, "delta": 0.005711}}
{"target": -14.377932954091593, "params": {"gamma": 479.22643156977625, "log10_alpha": -5.0, "log10_colsample_bytree": 0.0, "log10_eta": 0.0, "log10_lambda": 1.0, "log10_min_child_weight": 0.0, "log10_subsample": -1.0, "max_depth": 2.0, "num_boost_round": 19.0}, "datetime": {"datetime": "2024-01-19 01:50:22", "elapsed": 5926.327918, "delta": 0.005738}}
{"target": -14.366897862693113, "params": {"gamma": 479.22643156977625, "log10_alpha": -5.0, "log10_colsample_bytree": 0.0, "log10_eta": 0.0, "log10_lambda": 1.0, "log10_min_child_weight": 0.0, "log10_subsample": -1.0, "max_depth": 2.0, "num_boost_round": 20.0}, "datetime": {"datetime": "2024-01-19 01:50:22", "elapsed": 5926.333683, "delta": 0.005765}}
{"target": -14.36840360247651, "params": {"gamma": 479.22643156977625, "log10_alpha": -5.0, "log10_colsample_bytree": 0.0, "log10_eta": 0.0, "log10_lambda": 1.0, "log10_min_child_weight": 0.0, "log10_subsample": -1.0, "max_depth": 2.0, "num_boost_round": 21.0}, "datetime": {"datetime": "2024-01-19 01:50:22", "elapsed": 5926.339458, "delta": 0.005775}}
{"target": -14.39056265028356, "params": {"gamma": 479.22643156977625, "log10_alpha": -5.0, "log10_colsample_bytree": 0.0, "log10_eta": 0.0, "log10_lambda": 1.0, "log10_min_child_weight": 0.0, "log10_subsample": -1.0, "max_depth": 2.0, "num_boost_round": 22.0}, "datetime": {"datetime": "2024-01-19 01:50:22", "elapsed": 5926.345215, "delta": 0.005757}}
{"target": -14.420268155272488, "params": {"gamma": 479.22643156977625, "log10_alpha": -5.0, "log10_colsample_bytree": 0.0, "log10_eta": 0.0, "log10_lambda": 1.0, "log10_min_child_weight": 0.0, "log10_subsample": -1.0, "max_depth": 2.0, "num_boost_round": 23.0}, "datetime": {"datetime": "2024-01-19 01:50:22", "elapsed": 5926.350974, "delta": 0.005759}}
{"target": -14.458772542129461, "params": {"gamma": 479.22643156977625, "log10_alpha": -5.0, "log10_colsample_bytree": 0.0, "log10_eta": 0.0, "log10_lambda": 1.0, "log10_min_child_weight": 0.0, "log10_subsample": -1.0, "max_depth": 2.0, "num_boost_round": 24.0}, "datetime": {"datetime": "2024-01-19 01:50:22", "elapsed": 5926.356784, "delta": 0.00581}}
{"target": -14.457471943560183, "params": {"gamma": 479.22643156977625, "log10_alpha": -5.0, "log10_colsample_bytree": 0.0, "log10_eta": 0.0, "log10_lambda": 1.0, "log10_min_child_weight": 0.0, "log10_subsample": -1.0, "max_depth": 2.0, "num_boost_round": 25.0}, "datetime": {"datetime": "2024-01-19 01:50:22", "elapsed": 5926.362689, "delta": 0.005905}}
{"target": -14.475291335260609, "params": {"gamma": 479.22643156977625, "log10_alpha": -5.0, "log10_colsample_bytree": 0.0, "log10_eta": 0.0, "log10_lambda": 1.0, "log10_min_child_weight": 0.0, "log10_subsample": -1.0, "max_depth": 2.0, "num_boost_round": 26.0}, "datetime": {"datetime": "2024-01-19 01:50:22", "elapsed": 5926.368591, "delta": 0.005902}}
{"target": -14.487585322540063, "params": {"gamma": 479.22643156977625, "log10_alpha": -5.0, "log10_colsample_bytree": 0.0, "log10_eta": 0.0, "log10_lambda": 1.0, "log10_min_child_weight": 0.0, "log10_subsample": -1.0, "max_depth": 2.0, "num_boost_round": 27.0}, "datetime": {"datetime": "2024-01-19 01:50:22", "elapsed": 5926.374577, "delta": 0.005986}}
{"target": -14.500799096746057, "params": {"gamma": 479.22643156977625, "log10_alpha": -5.0, "log10_colsample_bytree": 0.0, "log10_eta": 0.0, "log10_lambda": 1.0, "log10_min_child_weight": 0.0, "log10_subsample": -1.0, "max_depth": 2.0, "num_boost_round": 28.0}, "datetime": {"datetime": "2024-01-19 01:50:22", "elapsed": 5926.381512, "delta": 0.006935}}
{"target": -14.512217558111486, "params": {"gamma": 479.22643156977625, "log10_alpha": -5.0, "log10_colsample_bytree": 0.0, "log10_eta": 0.0, "log10_lambda": 1.0, "log10_min_child_weight": 0.0, "log10_subsample": -1.0, "max_depth": 2.0, "num_boost_round": 29.0}, "datetime": {"datetime": "2024-01-19 01:50:22", "elapsed": 5926.387794, "delta": 0.006282}}
{"target": -14.512150202167998, "params": {"gamma": 479.22643156977625, "log10_alpha": -5.0, "log10_colsample_bytree": 0.0, "log10_eta": 0.0, "log10_lambda": 1.0, "log10_min_child_weight": 0.0, "log10_subsample": -1.0, "max_depth": 2.0, "num_boost_round": 30.0}, "datetime": {"datetime": "2024-01-19 01:50:22", "elapsed": 5926.394522, "delta": 0.006728}}
{"target": -14.527897192309041, "params": {"gamma": 479.22643156977625, "log10_alpha": -5.0, "log10_colsample_bytree": 0.0, "log10_eta": 0.0, "log10_lambda": 1.0, "log10_min_child_weight": 0.0, "log10_subsample": -1.0, "max_depth": 2.0, "num_boost_round": 31.0}, "datetime": {"datetime": "2024-01-19 01:50:22", "elapsed": 5926.400562, "delta": 0.00604}}
{"target": -14.511597687821855, "params": {"gamma": 479.22643156977625, "log10_alpha": -5.0, "log10_colsample_bytree": 0.0, "log10_eta": 0.0, "log10_lambda": 1.0, "log10_min_child_weight": 0.0, "log10_subsample": -1.0, "max_depth": 2.0, "num_boost_round": 32.0}, "datetime": {"datetime": "2024-01-19 01:50:22", "elapsed": 5926.406478, "delta": 0.005916}}
{"target": -14.517590451031099, "params": {"gamma": 479.22643156977625, "log10_alpha": -5.0, "log10_colsample_bytree": 0.0, "log10_eta": 0.0, "log10_lambda": 1.0, "log10_min_child_weight": 0.0, "log10_subsample": -1.0, "max_depth": 2.0, "num_boost_round": 33.0}, "datetime": {"datetime": "2024-01-19 01:50:22", "elapsed": 5926.412291, "delta": 0.005813}}
{"target": -14.513231713473958, "params": {"gamma": 479.22643156977625, "log10_alpha": -5.0, "log10_colsample_bytree": 0.0, "log10_eta": 0.0, "log10_lambda": 1.0, "log10_min_child_weight": 0.0, "log10_subsample": -1.0, "max_depth": 2.0, "num_boost_round": 34.0}, "datetime": {"datetime": "2024-01-19 01:50:22", "elapsed": 5926.418114, "delta": 0.005823}}
{"target": -14.531539072895601, "params": {"gamma": 479.22643156977625, "log10_alpha": -5.0, "log10_colsample_bytree": 0.0, "log10_eta": 0.0, "log10_lambda": 1.0, "log10_min_child_weight": 0.0, "log10_subsample": -1.0, "max_depth": 2.0, "num_boost_round": 35.0}, "datetime": {"datetime": "2024-01-19 01:50:22", "elapsed": 5926.424387, "delta": 0.006273}}
{"target": -14.549913048665312, "params": {"gamma": 479.22643156977625, "log10_alpha": -5.0, "log10_colsample_bytree": 0.0, "log10_eta": 0.0, "log10_lambda": 1.0, "log10_min_child_weight": 0.0, "log10_subsample": -1.0, "max_depth": 2.0, "num_boost_round": 36.0}, "datetime": {"datetime": "2024-01-19 01:50:22", "elapsed": 5926.430324, "delta": 0.005937}}
{"target": -14.57642389842655, "params": {"gamma": 479.22643156977625, "log10_alpha": -5.0, "log10_colsample_bytree": 0.0, "log10_eta": 0.0, "log10_lambda": 1.0, "log10_min_child_weight": 0.0, "log10_subsample": -1.0, "max_depth": 2.0, "num_boost_round": 37.0}, "datetime": {"datetime": "2024-01-19 01:50:22", "elapsed": 5926.43618, "delta": 0.005856}}
{"target": -14.5802862629098, "params": {"gamma": 479.22643156977625, "log10_alpha": -5.0, "log10_colsample_bytree": 0.0, "log10_eta": 0.0, "log10_lambda": 1.0, "log10_min_child_weight": 0.0, "log10_subsample": -1.0, "max_depth": 2.0, "num_boost_round": 38.0}, "datetime": {"datetime": "2024-01-19 01:50:22", "elapsed": 5926.441957, "delta": 0.005777}}
{"target": -14.568428911761238, "params": {"gamma": 479.22643156977625, "log10_alpha": -5.0, "log10_colsample_bytree": 0.0, "log10_eta": 0.0, "log10_lambda": 1.0, "log10_min_child_weight": 0.0, "log10_subsample": -1.0, "max_depth": 2.0, "num_boost_round": 39.0}, "datetime": {"datetime": "2024-01-19 01:50:22", "elapsed": 5926.447793, "delta": 0.005836}}
{"target": -14.57380651930866, "params": {"gamma": 479.22643156977625, "log10_alpha": -5.0, "log10_colsample_bytree": 0.0, "log10_eta": 0.0, "log10_lambda": 1.0, "log10_min_child_weight": 0.0, "log10_subsample": -1.0, "max_depth": 2.0, "num_boost_round": 40.0}, "datetime": {"datetime": "2024-01-19 01:50:22", "elapsed": 5926.453681, "delta": 0.005888}}
{"target": -14.568490677134955, "params": {"gamma": 479.22643156977625, "log10_alpha": -5.0, "log10_colsample_bytree": 0.0, "log10_eta": 0.0, "log10_lambda": 1.0, "log10_min_child_weight": 0.0, "log10_subsample": -1.0, "max_depth": 2.0, "num_boost_round": 41.0}, "datetime": {"datetime": "2024-01-19 01:50:22", "elapsed": 5926.45971, "delta": 0.006029}}
{"target": -14.571964070494772, "params": {"gamma": 479.22643156977625, "log10_alpha": -5.0, "log10_colsample_bytree": 0.0, "log10_eta": 0.0, "log10_lambda": 1.0, "log10_min_child_weight": 0.0, "log10_subsample": -1.0, "max_depth": 2.0, "num_boost_round": 42.0}, "datetime": {"datetime": "2024-01-19 01:50:22", "elapsed": 5926.465851, "delta": 0.006141}}
