{"target": -17.838820529966213, "params": {"gamma": 44.25500256271053, "log10_alpha": -4.3718684189025, "log10_colsample_bytree": -0.9714321280771598, "log10_eta": -0.6966988797677018, "log10_lambda": 0.3020314725456199, "log10_min_child_weight": 0.13161868935195165, "log10_subsample": -0.8529433728794041, "max_depth": 6.0, "num_boost_round": 22.0}, "datetime": {"datetime": "2024-01-19 02:14:19", "elapsed": 7413.415854, "delta": 0.005566}}
{"target": -17.898131632791685, "params": {"gamma": 44.25500256271053, "log10_alpha": -4.3718684189025, "log10_colsample_bytree": -0.9714321280771598, "log10_eta": -0.6966988797677018, "log10_lambda": 0.3020314725456199, "log10_min_child_weight": 0.13161868935195165, "log10_subsample": -0.8529433728794041, "max_depth": 6.0, "num_boost_round": 23.0}, "datetime": {"datetime": "2024-01-19 02:14:19", "elapsed": 7413.421362, "delta": 0.005508}}
{"target": -17.906842804281844, "params": {"gamma": 44.25500256271053, "log10_alpha": -4.3718684189025, "log10_colsample_bytree": -0.9714321280771598, "log10_eta": -0.6966988797677018, "log10_lambda": 0.3020314725456199, "log10_min_child_weight": 0.13161868935195165, "log10_subsample": -0.8529433728794041, "max_depth": 6.0, "num_boost_round": 24.0}, "datetime": {"datetime": "2024-01-19 02:14:19", "elapsed": 7413.426949, "delta": 0.005587}}
{"target": -17.97081196388589, "params": {"gamma": 44.25500256271053, "log10_alpha": -4.3718684189025, "log10_colsample_bytree": -0.9714321280771598, "log10_eta": -0.6966988797677018, "log10_lambda": 0.3020314725456199, "log10_min_child_weight": 0.13161868935195165, "log10_subsample": -0.8529433728794041, "max_depth": 6.0, "num_boost_round": 25.0}, "datetime": {"datetime": "2024-01-19 02:14:19", "elapsed": 7413.433706, "delta": 0.006757}}
{"target": -17.98045755130328, "params": {"gamma": 44.25500256271053, "log10_alpha": -4.3718684189025, "log10_colsample_bytree": -0.9714321280771598, "log10_eta": -0.6966988797677018, "log10_lambda": 0.3020314725456199, "log10_min_child_weight": 0.13161868935195165, "log10_subsample": -0.8529433728794041, "max_depth": 6.0, "num_boost_round": 26.0}, "datetime": {"datetime": "2024-01-19 02:14:19", "elapsed": 7413.440937, "delta": 0.007231}}
{"target": -17.989335533707344, "params": {"gamma": 44.25500256271053, "log10_alpha": -4.3718684189025, "log10_colsample_bytree": -0.9714321280771598, "log10_eta": -0.6966988797677018, "log10_lambda": 0.3020314725456199, "log10_min_child_weight": 0.13161868935195165, "log10_subsample": -0.8529433728794041, "max_depth": 6.0, "num_boost_round": 27.0}, "datetime": {"datetime": "2024-01-19 02:14:19", "elapsed": 7413.448362, "delta": 0.007425}}
{"target": -17.997506869378295, "params": {"gamma": 44.25500256271053, "log10_alpha": -4.3718684189025, "log10_colsample_bytree": -0.9714321280771598, "log10_eta": -0.6966988797677018, "log10_lambda": 0.3020314725456199, "log10_min_child_weight": 0.13161868935195165, "log10_subsample": -0.8529433728794041, "max_depth": 6.0, "num_boost_round": 28.0}, "datetime": {"datetime": "2024-01-19 02:14:19", "elapsed": 7413.455671, "delta": 0.007309}}
{"target": -18.006891215088228, "params": {"gamma": 44.25500256271053, "log10_alpha": -4.3718684189025, "log10_colsample_bytree": -0.9714321280771598, "log10_eta": -0.6966988797677018, "log10_lambda": 0.3020314725456199, "log10_min_child_weight": 0.13161868935195165, "log10_subsample": -0.8529433728794041, "max_depth": 6.0, "num_boost_round": 29.0}, "datetime": {"datetime": "2024-01-19 02:14:19", "elapsed": 7413.464991, "delta": 0.00932}}
{"target": -18.01372638603908, "params": {"gamma": 44.25500256271053, "log10_alpha": -4.3718684189025, "log10_colsample_bytree": -0.9714321280771598, "log10_eta": -0.6966988797677018, "log10_lambda": 0.3020314725456199, "log10_min_child_weight": 0.13161868935195165, "log10_subsample": -0.8529433728794041, "max_depth": 6.0, "num_boost_round": 30.0}, "datetime": {"datetime": "2024-01-19 02:14:19", "elapsed": 7413.472241, "delta": 0.00725}}
{"target": -18.019739605318815, "params": {"gamma": 44.25500256271053, "log10_alpha": -4.3718684189025, "log10_colsample_bytree": -0.9714321280771598, "log10_eta": -0.6966988797677018, "log10_lambda": 0.3020314725456199, "log10_min_child_weight": 0.13161868935195165, "log10_subsample": -0.8529433728794041, "max_depth": 6.0, "num_boost_round": 31.0}, "datetime": {"datetime": "2024-01-19 02:14:19", "elapsed": 7413.479059, "delta": 0.006818}}
{"target": -18.03520014880335, "params": {"gamma": 44.25500256271053, "log10_alpha": -4.3718684189025, "log10_colsample_bytree": -0.9714321280771598, "log10_eta": -0.6966988797677018, "log10_lambda": 0.3020314725456199, "log10_min_child_weight": 0.13161868935195165, "log10_subsample": -0.8529433728794041, "max_depth": 6.0, "num_boost_round": 32.0}, "datetime": {"datetime": "2024-01-19 02:14:19", "elapsed": 7413.485223, "delta": 0.006164}}
{"target": -18.036396994957208, "params": {"gamma": 44.25500256271053, "log10_alpha": -4.3718684189025, "log10_colsample_bytree": -0.9714321280771598, "log10_eta": -0.6966988797677018, "log10_lambda": 0.3020314725456199, "log10_min_child_weight": 0.13161868935195165, "log10_subsample": -0.8529433728794041, "max_depth": 6.0, "num_boost_round": 33.0}, "datetime": {"datetime": "2024-01-19 02:14:19", "elapsed": 7413.490891, "delta": 0.005668}}
{"target": -18.03740020572709, "params": {"gamma": 44.25500256271053, "log10_alpha": -4.3718684189025, "log10_colsample_bytree": -0.9714321280771598, "log10_eta": -0.6966988797677018, "log10_lambda": 0.3020314725456199, "log10_min_child_weight": 0.13161868935195165, "log10_subsample": -0.8529433728794041, "max_depth": 6.0, "num_boost_round": 34.0}, "datetime": {"datetime": "2024-01-19 02:14:19", "elapsed": 7413.49645, "delta": 0.005559}}
{"target": -18.050580638581838, "params": {"gamma": 44.25500256271053, "log10_alpha": -4.3718684189025, "log10_colsample_bytree": -0.9714321280771598, "log10_eta": -0.6966988797677018, "log10_lambda": 0.3020314725456199, "log10_min_child_weight": 0.13161868935195165, "log10_subsample": -0.8529433728794041, "max_depth": 6.0, "num_boost_round": 35.0}, "datetime": {"datetime": "2024-01-19 02:14:19", "elapsed": 7413.501788, "delta": 0.005338}}
{"target": -18.058255471784232, "params": {"gamma": 44.25500256271053, "log10_alpha": -4.3718684189025, "log10_colsample_bytree": -0.9714321280771598, "log10_eta": -0.6966988797677018, "log10_lambda": 0.3020314725456199, "log10_min_child_weight": 0.13161868935195165, "log10_subsample": -0.8529433728794041, "max_depth": 6.0, "num_boost_round": 36.0}, "datetime": {"datetime": "2024-01-19 02:14:19", "elapsed": 7413.507346, "delta": 0.005558}}
{"target": -18.06701218866218, "params": {"gamma": 44.25500256271053, "log10_alpha": -4.3718684189025, "log10_colsample_bytree": -0.9714321280771598, "log10_eta": -0.6966988797677018, "log10_lambda": 0.3020314725456199, "log10_min_child_weight": 0.13161868935195165, "log10_subsample": -0.8529433728794041, "max_depth": 6.0, "num_boost_round": 37.0}, "datetime": {"datetime": "2024-01-19 02:14:19", "elapsed": 7413.512868, "delta": 0.005522}}
{"target": -18.067863698977064, "params": {"gamma": 44.25500256271053, "log10_alpha": -4.3718684189025, "log10_colsample_bytree": -0.9714321280771598, "log10_eta": -0.6966988797677018, "log10_lambda": 0.3020314725456199, "log10_min_child_weight": 0.13161868935195165, "log10_subsample": -0.8529433728794041, "max_depth": 6.0, "num_boost_round": 38.0}, "datetime": {"datetime": "2024-01-19 02:14:19", "elapsed": 7413.518635, "delta": 0.005767}}
{"target": -18.07308698445646, "params": {"gamma": 44.25500256271053, "log10_alpha": -4.3718684189025, "log10_colsample_bytree": -0.9714321280771598, "log10_eta": -0.6966988797677018, "log10_lambda": 0.3020314725456199, "log10_min_child_weight": 0.13161868935195165, "log10_subsample": -0.8529433728794041, "max_depth": 6.0, "num_boost_round": 39.0}, "datetime": {"datetime": "2024-01-19 02:14:19", "elapsed": 7413.525751, "delta": 0.007116}}
{"target": -18.087125029059205, "params": {"gamma": 44.25500256271053, "log10_alpha": -4.3718684189025, "log10_colsample_bytree": -0.9714321280771598, "log10_eta": -0.6966988797677018, "log10_lambda": 0.3020314725456199, "log10_min_child_weight": 0.13161868935195165, "log10_subsample": -0.8529433728794041, "max_depth": 6.0, "num_boost_round": 40.0}, "datetime": {"datetime": "2024-01-19 02:14:19", "elapsed": 7413.532274, "delta": 0.006523}}
{"target": -18.092797975012285, "params": {"gamma": 44.25500256271053, "log10_alpha": -4.3718684189025, "log10_colsample_bytree": -0.9714321280771598, "log10_eta": -0.6966988797677018, "log10_lambda": 0.3020314725456199, "log10_min_child_weight": 0.13161868935195165, "log10_subsample": -0.8529433728794041, "max_depth": 6.0, "num_boost_round": 41.0}, "datetime": {"datetime": "2024-01-19 02:14:19", "elapsed": 7413.539217, "delta": 0.006943}}
{"target": -18.102039158643336, "params": {"gamma": 44.25500256271053, "log10_alpha": -4.3718684189025, "log10_colsample_bytree": -0.9714321280771598, "log10_eta": -0.6966988797677018, "log10_lambda": 0.3020314725456199, "log10_min_child_weight": 0.13161868935195165, "log10_subsample": -0.8529433728794041, "max_depth": 6.0, "num_boost_round": 42.0}, "datetime": {"datetime": "2024-01-19 02:14:19", "elapsed": 7413.546134, "delta": 0.006917}}
{"target": -18.101791984350985, "params": {"gamma": 44.25500256271053, "log10_alpha": -4.3718684189025, "log10_colsample_bytree": -0.9714321280771598, "log10_eta": -0.6966988797677018, "log10_lambda": 0.3020314725456199, "log10_min_child_weight": 0.13161868935195165, "log10_subsample": -0.8529433728794041, "max_depth": 6.0, "num_boost_round": 43.0}, "datetime": {"datetime": "2024-01-19 02:14:19", "elapsed": 7413.553136, "delta": 0.007002}}
{"target": -18.10581103782719, "params": {"gamma": 44.25500256271053, "log10_alpha": -4.3718684189025, "log10_colsample_bytree": -0.9714321280771598, "log10_eta": -0.6966988797677018, "log10_lambda": 0.3020314725456199, "log10_min_child_weight": 0.13161868935195165, "log10_subsample": -0.8529433728794041, "max_depth": 6.0, "num_boost_round": 44.0}, "datetime": {"datetime": "2024-01-19 02:14:19", "elapsed": 7413.560177, "delta": 0.007041}}
{"target": -18.11061288359385, "params": {"gamma": 44.25500256271053, "log10_alpha": -4.3718684189025, "log10_colsample_bytree": -0.9714321280771598, "log10_eta": -0.6966988797677018, "log10_lambda": 0.3020314725456199, "log10_min_child_weight": 0.13161868935195165, "log10_subsample": -0.8529433728794041, "max_depth": 6.0, "num_boost_round": 45.0}, "datetime": {"datetime": "2024-01-19 02:14:19", "elapsed": 7413.567145, "delta": 0.006968}}
{"target": -18.118992996951285, "params": {"gamma": 44.25500256271053, "log10_alpha": -4.3718684189025, "log10_colsample_bytree": -0.9714321280771598, "log10_eta": -0.6966988797677018, "log10_lambda": 0.3020314725456199, "log10_min_child_weight": 0.13161868935195165, "log10_subsample": -0.8529433728794041, "max_depth": 6.0, "num_boost_round": 46.0}, "datetime": {"datetime": "2024-01-19 02:14:19", "elapsed": 7413.573369, "delta": 0.006224}}
{"target": -18.12431478836878, "params": {"gamma": 44.25500256271053, "log10_alpha": -4.3718684189025, "log10_colsample_bytree": -0.9714321280771598, "log10_eta": -0.6966988797677018, "log10_lambda": 0.3020314725456199, "log10_min_child_weight": 0.13161868935195165, "log10_subsample": -0.8529433728794041, "max_depth": 6.0, "num_boost_round": 47.0}, "datetime": {"datetime": "2024-01-19 02:14:19", "elapsed": 7413.579193, "delta": 0.005824}}
{"target": -18.129618510869772, "params": {"gamma": 44.25500256271053, "log10_alpha": -4.3718684189025, "log10_colsample_bytree": -0.9714321280771598, "log10_eta": -0.6966988797677018, "log10_lambda": 0.3020314725456199, "log10_min_child_weight": 0.13161868935195165, "log10_subsample": -0.8529433728794041, "max_depth": 6.0, "num_boost_round": 48.0}, "datetime": {"datetime": "2024-01-19 02:14:19", "elapsed": 7413.584773, "delta": 0.00558}}
{"target": -18.131128044127863, "params": {"gamma": 44.25500256271053, "log10_alpha": -4.3718684189025, "log10_colsample_bytree": -0.9714321280771598, "log10_eta": -0.6966988797677018, "log10_lambda": 0.3020314725456199, "log10_min_child_weight": 0.13161868935195165, "log10_subsample": -0.8529433728794041, "max_depth": 6.0, "num_boost_round": 49.0}, "datetime": {"datetime": "2024-01-19 02:14:19", "elapsed": 7413.590327, "delta": 0.005554}}
{"target": -18.154718859287915, "params": {"gamma": 44.25500256271053, "log10_alpha": -4.3718684189025, "log10_colsample_bytree": -0.9714321280771598, "log10_eta": -0.6966988797677018, "log10_lambda": 0.3020314725456199, "log10_min_child_weight": 0.13161868935195165, "log10_subsample": -0.8529433728794041, "max_depth": 6.0, "num_boost_round": 50.0}, "datetime": {"datetime": "2024-01-19 02:14:19", "elapsed": 7413.595859, "delta": 0.005532}}
{"target": -18.165151533148904, "params": {"gamma": 44.25500256271053, "log10_alpha": -4.3718684189025, "log10_colsample_bytree": -0.9714321280771598, "log10_eta": -0.6966988797677018, "log10_lambda": 0.3020314725456199, "log10_min_child_weight": 0.13161868935195165, "log10_subsample": -0.8529433728794041, "max_depth": 6.0, "num_boost_round": 51.0}, "datetime": {"datetime": "2024-01-19 02:14:19", "elapsed": 7413.603077, "delta": 0.007218}}
{"target": -18.172751486986666, "params": {"gamma": 44.25500256271053, "log10_alpha": -4.3718684189025, "log10_colsample_bytree": -0.9714321280771598, "log10_eta": -0.6966988797677018, "log10_lambda": 0.3020314725456199, "log10_min_child_weight": 0.13161868935195165, "log10_subsample": -0.8529433728794041, "max_depth": 6.0, "num_boost_round": 52.0}, "datetime": {"datetime": "2024-01-19 02:14:19", "elapsed": 7413.609058, "delta": 0.005981}}
{"target": -18.177805111393617, "params": {"gamma": 44.25500256271053, "log10_alpha": -4.3718684189025, "log10_colsample_bytree": -0.9714321280771598, "log10_eta": -0.6966988797677018, "log10_lambda": 0.3020314725456199, "log10_min_child_weight": 0.13161868935195165, "log10_subsample": -0.8529433728794041, "max_depth": 6.0, "num_boost_round": 53.0}, "datetime": {"datetime": "2024-01-19 02:14:19", "elapsed": 7413.614859, "delta": 0.005801}}
{"target": -18.181006559787768, "params": {"gamma": 44.25500256271053, "log10_alpha": -4.3718684189025, "log10_colsample_bytree": -0.9714321280771598, "log10_eta": -0.6966988797677018, "log10_lambda": 0.3020314725456199, "log10_min_child_weight": 0.13161868935195165, "log10_subsample": -0.8529433728794041, "max_depth": 6.0, "num_boost_round": 54.0}, "datetime": {"datetime": "2024-01-19 02:14:19", "elapsed": 7413.62036, "delta": 0.005501}}
{"target": -18.191754775944894, "params": {"gamma": 44.25500256271053, "log10_alpha": -4.3718684189025, "log10_colsample_bytree": -0.9714321280771598, "log10_eta": -0.6966988797677018, "log10_lambda": 0.3020314725456199, "log10_min_child_weight": 0.13161868935195165, "log10_subsample": -0.8529433728794041, "max_depth": 6.0, "num_boost_round": 55.0}, "datetime": {"datetime": "2024-01-19 02:14:19", "elapsed": 7413.626007, "delta": 0.005647}}
{"target": -18.193922873786363, "params": {"gamma": 44.25500256271053, "log10_alpha": -4.3718684189025, "log10_colsample_bytree": -0.9714321280771598, "log10_eta": -0.6966988797677018, "log10_lambda": 0.3020314725456199, "log10_min_child_weight": 0.13161868935195165, "log10_subsample": -0.8529433728794041, "max_depth": 6.0, "num_boost_round": 56.0}, "datetime": {"datetime": "2024-01-19 02:14:19", "elapsed": 7413.631458, "delta": 0.005451}}
{"target": -18.203295561858084, "params": {"gamma": 44.25500256271053, "log10_alpha": -4.3718684189025, "log10_colsample_bytree": -0.9714321280771598, "log10_eta": -0.6966988797677018, "log10_lambda": 0.3020314725456199, "log10_min_child_weight": 0.13161868935195165, "log10_subsample": -0.8529433728794041, "max_depth": 6.0, "num_boost_round": 57.0}, "datetime": {"datetime": "2024-01-19 02:14:19", "elapsed": 7413.637112, "delta": 0.005654}}
{"target": -18.203281638056662, "params": {"gamma": 44.25500256271053, "log10_alpha": -4.3718684189025, "log10_colsample_bytree": -0.9714321280771598, "log10_eta": -0.6966988797677018, "log10_lambda": 0.3020314725456199, "log10_min_child_weight": 0.13161868935195165, "log10_subsample": -0.8529433728794041, "max_depth": 6.0, "num_boost_round": 58.0}, "datetime": {"datetime": "2024-01-19 02:14:19", "elapsed": 7413.642762, "delta": 0.00565}}
{"target": -18.214462598144923, "params": {"gamma": 44.25500256271053, "log10_alpha": -4.3718684189025, "log10_colsample_bytree": -0.9714321280771598, "log10_eta": -0.6966988797677018, "log10_lambda": 0.3020314725456199, "log10_min_child_weight": 0.13161868935195165, "log10_subsample": -0.8529433728794041, "max_depth": 6.0, "num_boost_round": 59.0}, "datetime": {"datetime": "2024-01-19 02:14:19", "elapsed": 7413.648243, "delta": 0.005481}}
{"target": -18.21804642688194, "params": {"gamma": 44.25500256271053, "log10_alpha": -4.3718684189025, "log10_colsample_bytree": -0.9714321280771598, "log10_eta": -0.6966988797677018, "log10_lambda": 0.3020314725456199, "log10_min_child_weight": 0.13161868935195165, "log10_subsample": -0.8529433728794041, "max_depth": 6.0, "num_boost_round": 60.0}, "datetime": {"datetime": "2024-01-19 02:14:19", "elapsed": 7413.653831, "delta": 0.005588}}
{"target": -17.677231518847183, "params": {"gamma": 57.033927045738615, "log10_alpha": -2.526744024694402, "log10_colsample_bytree": 0.0, "log10_eta": -4.0, "log10_lambda": -5.0, "log10_min_child_weight": 5.0, "log10_subsample": 0.0, "max_depth": 10.0, "num_boost_round": 0.0}, "datetime": {"datetime": "2024-01-19 02:15:44", "elapsed": 7498.392664, "delta": 84.738833}}
{"target": -17.677230073817622, "params": {"gamma": 57.033927045738615, "log10_alpha": -2.526744024694402, "log10_colsample_bytree": 0.0, "log10_eta": -4.0, "log10_lambda": -5.0, "log10_min_child_weight": 5.0, "log10_subsample": 0.0, "max_depth": 10.0, "num_boost_round": 1.0}, "datetime": {"datetime": "2024-01-19 02:15:44", "elapsed": 7498.399166, "delta": 0.006502}}
{"target": -17.677228637413112, "params": {"gamma": 57.033927045738615, "log10_alpha": -2.526744024694402, "log10_colsample_bytree": 0.0, "log10_eta": -4.0, "log10_lambda": -5.0, "log10_min_child_weight": 5.0, "log10_subsample": 0.0, "max_depth": 10.0, "num_boost_round": 2.0}, "datetime": {"datetime": "2024-01-19 02:15:44", "elapsed": 7498.405052, "delta": 0.005886}}
{"target": -17.677227200790853, "params": {"gamma": 57.033927045738615, "log10_alpha": -2.526744024694402, "log10_colsample_bytree": 0.0, "log10_eta": -4.0, "log10_lambda": -5.0, "log10_min_child_weight": 5.0, "log10_subsample": 0.0, "max_depth": 10.0, "num_boost_round": 3.0}, "datetime": {"datetime": "2024-01-19 02:15:44", "elapsed": 7498.410489, "delta": 0.005437}}
{"target": -17.677225768299568, "params": {"gamma": 57.033927045738615, "log10_alpha": -2.526744024694402, "log10_colsample_bytree": 0.0, "log10_eta": -4.0, "log10_lambda": -5.0, "log10_min_child_weight": 5.0, "log10_subsample": 0.0, "max_depth": 10.0, "num_boost_round": 4.0}, "datetime": {"datetime": "2024-01-19 02:15:44", "elapsed": 7498.415945, "delta": 0.005456}}
{"target": -17.67722433248774, "params": {"gamma": 57.033927045738615, "log10_alpha": -2.526744024694402, "log10_colsample_bytree": 0.0, "log10_eta": -4.0, "log10_lambda": -5.0, "log10_min_child_weight": 5.0, "log10_subsample": 0.0, "max_depth": 10.0, "num_boost_round": 5.0}, "datetime": {"datetime": "2024-01-19 02:15:44", "elapsed": 7498.421368, "delta": 0.005423}}
{"target": -17.677222863886595, "params": {"gamma": 57.033927045738615, "log10_alpha": -2.526744024694402, "log10_colsample_bytree": 0.0, "log10_eta": -4.0, "log10_lambda": -5.0, "log10_min_child_weight": 5.0, "log10_subsample": 0.0, "max_depth": 10.0, "num_boost_round": 6.0}, "datetime": {"datetime": "2024-01-19 02:15:44", "elapsed": 7498.426904, "delta": 0.005536}}
{"target": -17.677221432699124, "params": {"gamma": 57.033927045738615, "log10_alpha": -2.526744024694402, "log10_colsample_bytree": 0.0, "log10_eta": -4.0, "log10_lambda": -5.0, "log10_min_child_weight": 5.0, "log10_subsample": 0.0, "max_depth": 10.0, "num_boost_round": 7.0}, "datetime": {"datetime": "2024-01-19 02:15:44", "elapsed": 7498.432393, "delta": 0.005489}}
{"target": -17.67721999793282, "params": {"gamma": 57.033927045738615, "log10_alpha": -2.526744024694402, "log10_colsample_bytree": 0.0, "log10_eta": -4.0, "log10_lambda": -5.0, "log10_min_child_weight": 5.0, "log10_subsample": 0.0, "max_depth": 10.0, "num_boost_round": 8.0}, "datetime": {"datetime": "2024-01-19 02:15:44", "elapsed": 7498.43778, "delta": 0.005387}}
{"target": -17.677218550307416, "params": {"gamma": 57.033927045738615, "log10_alpha": -2.526744024694402, "log10_colsample_bytree": 0.0, "log10_eta": -4.0, "log10_lambda": -5.0, "log10_min_child_weight": 5.0, "log10_subsample": 0.0, "max_depth": 10.0, "num_boost_round": 9.0}, "datetime": {"datetime": "2024-01-19 02:15:44", "elapsed": 7498.443194, "delta": 0.005414}}
{"target": -17.677217139853447, "params": {"gamma": 57.033927045738615, "log10_alpha": -2.526744024694402, "log10_colsample_bytree": 0.0, "log10_eta": -4.0, "log10_lambda": -5.0, "log10_min_child_weight": 5.0, "log10_subsample": 0.0, "max_depth": 10.0, "num_boost_round": 10.0}, "datetime": {"datetime": "2024-01-19 02:15:44", "elapsed": 7498.448686, "delta": 0.005492}}
{"target": -17.677215694362985, "params": {"gamma": 57.033927045738615, "log10_alpha": -2.526744024694402, "log10_colsample_bytree": 0.0, "log10_eta": -4.0, "log10_lambda": -5.0, "log10_min_child_weight": 5.0, "log10_subsample": 0.0, "max_depth": 10.0, "num_boost_round": 11.0}, "datetime": {"datetime": "2024-01-19 02:15:44", "elapsed": 7498.453989, "delta": 0.005303}}
