{"target": -17.676288604427846, "params": {"gamma": 401.3104041939952, "log10_alpha": -1.8049881931621616, "log10_colsample_bytree": -0.7575265672858045, "log10_eta": -3.068362750811864, "log10_lambda": 0.4626728944805363, "log10_min_child_weight": 2.159052008661024, "log10_subsample": -0.334565841346389, "max_depth": 6.0, "num_boost_round": 26.0}, "datetime": {"datetime": "2024-01-19 01:59:20", "elapsed": 6449.873764, "delta": 0.006494}}
{"target": -17.67625122898887, "params": {"gamma": 401.3104041939952, "log10_alpha": -1.8049881931621616, "log10_colsample_bytree": -0.7575265672858045, "log10_eta": -3.068362750811864, "log10_lambda": 0.4626728944805363, "log10_min_child_weight": 2.159052008661024, "log10_subsample": -0.334565841346389, "max_depth": 6.0, "num_boost_round": 27.0}, "datetime": {"datetime": "2024-01-19 01:59:20", "elapsed": 6449.88019, "delta": 0.006426}}
{"target": -17.676172673672003, "params": {"gamma": 401.3104041939952, "log10_alpha": -1.8049881931621616, "log10_colsample_bytree": -0.7575265672858045, "log10_eta": -3.068362750811864, "log10_lambda": 0.4626728944805363, "log10_min_child_weight": 2.159052008661024, "log10_subsample": -0.334565841346389, "max_depth": 6.0, "num_boost_round": 28.0}, "datetime": {"datetime": "2024-01-19 01:59:20", "elapsed": 6449.886672, "delta": 0.006482}}
{"target": -17.67611406129212, "params": {"gamma": 401.3104041939952, "log10_alpha": -1.8049881931621616, "log10_colsample_bytree": -0.7575265672858045, "log10_eta": -3.068362750811864, "log10_lambda": 0.4626728944805363, "log10_min_child_weight": 2.159052008661024, "log10_subsample": -0.334565841346389, "max_depth": 6.0, "num_boost_round": 29.0}, "datetime": {"datetime": "2024-01-19 01:59:20", "elapsed": 6449.893183, "delta": 0.006511}}
{"target": -17.67608369204656, "params": {"gamma": 401.3104041939952, "log10_alpha": -1.8049881931621616, "log10_colsample_bytree": -0.7575265672858045, "log10_eta": -3.068362750811864, "log10_lambda": 0.4626728944805363, "log10_min_child_weight": 2.159052008661024, "log10_subsample": -0.334565841346389, "max_depth": 6.0, "num_boost_round": 30.0}, "datetime": {"datetime": "2024-01-19 01:59:20", "elapsed": 6449.900492, "delta": 0.007309}}
{"target": -17.676035406107253, "params": {"gamma": 401.3104041939952, "log10_alpha": -1.8049881931621616, "log10_colsample_bytree": -0.7575265672858045, "log10_eta": -3.068362750811864, "log10_lambda": 0.4626728944805363, "log10_min_child_weight": 2.159052008661024, "log10_subsample": -0.334565841346389, "max_depth": 6.0, "num_boost_round": 31.0}, "datetime": {"datetime": "2024-01-19 01:59:20", "elapsed": 6449.907094, "delta": 0.006602}}
{"target": -17.676003311445193, "params": {"gamma": 401.3104041939952, "log10_alpha": -1.8049881931621616, "log10_colsample_bytree": -0.7575265672858045, "log10_eta": -3.068362750811864, "log10_lambda": 0.4626728944805363, "log10_min_child_weight": 2.159052008661024, "log10_subsample": -0.334565841346389, "max_depth": 6.0, "num_boost_round": 32.0}, "datetime": {"datetime": "2024-01-19 01:59:20", "elapsed": 6449.918135, "delta": 0.011041}}
{"target": -17.67597260840306, "params": {"gamma": 401.3104041939952, "log10_alpha": -1.8049881931621616, "log10_colsample_bytree": -0.7575265672858045, "log10_eta": -3.068362750811864, "log10_lambda": 0.4626728944805363, "log10_min_child_weight": 2.159052008661024, "log10_subsample": -0.334565841346389, "max_depth": 6.0, "num_boost_round": 33.0}, "datetime": {"datetime": "2024-01-19 01:59:20", "elapsed": 6449.924631, "delta": 0.006496}}
{"target": -17.67593060285031, "params": {"gamma": 401.3104041939952, "log10_alpha": -1.8049881931621616, "log10_colsample_bytree": -0.7575265672858045, "log10_eta": -3.068362750811864, "log10_lambda": 0.4626728944805363, "log10_min_child_weight": 2.159052008661024, "log10_subsample": -0.334565841346389, "max_depth": 6.0, "num_boost_round": 34.0}, "datetime": {"datetime": "2024-01-19 01:59:20", "elapsed": 6449.931027, "delta": 0.006396}}
{"target": -17.677229659184054, "params": {"gamma": 396.2617015714943, "log10_alpha": -3.4399830080462444, "log10_colsample_bytree": -0.10648822919473766, "log10_eta": -3.933122778521259, "log10_lambda": -4.262079707151283, "log10_min_child_weight": 1.6080212121408821, "log10_subsample": -0.4914059076127255, "max_depth": 6.0, "num_boost_round": 0.0}, "datetime": {"datetime": "2024-01-19 02:00:45", "elapsed": 6535.015964, "delta": 85.084937}}
{"target": -17.67722252907035, "params": {"gamma": 396.2617015714943, "log10_alpha": -3.4399830080462444, "log10_colsample_bytree": -0.10648822919473766, "log10_eta": -3.933122778521259, "log10_lambda": -4.262079707151283, "log10_min_child_weight": 1.6080212121408821, "log10_subsample": -0.4914059076127255, "max_depth": 6.0, "num_boost_round": 1.0}, "datetime": {"datetime": "2024-01-19 02:00:45", "elapsed": 6535.022945, "delta": 0.006981}}
{"target": -17.677214282569036, "params": {"gamma": 396.2617015714943, "log10_alpha": -3.4399830080462444, "log10_colsample_bytree": -0.10648822919473766, "log10_eta": -3.933122778521259, "log10_lambda": -4.262079707151283, "log10_min_child_weight": 1.6080212121408821, "log10_subsample": -0.4914059076127255, "max_depth": 6.0, "num_boost_round": 2.0}, "datetime": {"datetime": "2024-01-19 02:00:45", "elapsed": 6535.029053, "delta": 0.006108}}
{"target": -17.67720706255839, "params": {"gamma": 396.2617015714943, "log10_alpha": -3.4399830080462444, "log10_colsample_bytree": -0.10648822919473766, "log10_eta": -3.933122778521259, "log10_lambda": -4.262079707151283, "log10_min_child_weight": 1.6080212121408821, "log10_subsample": -0.4914059076127255, "max_depth": 6.0, "num_boost_round": 3.0}, "datetime": {"datetime": "2024-01-19 02:00:45", "elapsed": 6535.035041, "delta": 0.005988}}
{"target": -17.677197390842437, "params": {"gamma": 396.2617015714943, "log10_alpha": -3.4399830080462444, "log10_colsample_bytree": -0.10648822919473766, "log10_eta": -3.933122778521259, "log10_lambda": -4.262079707151283, "log10_min_child_weight": 1.6080212121408821, "log10_subsample": -0.4914059076127255, "max_depth": 6.0, "num_boost_round": 4.0}, "datetime": {"datetime": "2024-01-19 02:00:45", "elapsed": 6535.041062, "delta": 0.006021}}
{"target": -17.67719402175487, "params": {"gamma": 396.2617015714943, "log10_alpha": -3.4399830080462444, "log10_colsample_bytree": -0.10648822919473766, "log10_eta": -3.933122778521259, "log10_lambda": -4.262079707151283, "log10_min_child_weight": 1.6080212121408821, "log10_subsample": -0.4914059076127255, "max_depth": 6.0, "num_boost_round": 5.0}, "datetime": {"datetime": "2024-01-19 02:00:45", "elapsed": 6535.047174, "delta": 0.006112}}
{"target": -17.677200375398154, "params": {"gamma": 396.2617015714943, "log10_alpha": -3.4399830080462444, "log10_colsample_bytree": -0.10648822919473766, "log10_eta": -3.933122778521259, "log10_lambda": -4.262079707151283, "log10_min_child_weight": 1.6080212121408821, "log10_subsample": -0.4914059076127255, "max_depth": 6.0, "num_boost_round": 6.0}, "datetime": {"datetime": "2024-01-19 02:00:45", "elapsed": 6535.053217, "delta": 0.006043}}
{"target": -17.677192802159635, "params": {"gamma": 396.2617015714943, "log10_alpha": -3.4399830080462444, "log10_colsample_bytree": -0.10648822919473766, "log10_eta": -3.933122778521259, "log10_lambda": -4.262079707151283, "log10_min_child_weight": 1.6080212121408821, "log10_subsample": -0.4914059076127255, "max_depth": 6.0, "num_boost_round": 7.0}, "datetime": {"datetime": "2024-01-19 02:00:45", "elapsed": 6535.059081, "delta": 0.005864}}
{"target": -17.677194082018996, "params": {"gamma": 396.2617015714943, "log10_alpha": -3.4399830080462444, "log10_colsample_bytree": -0.10648822919473766, "log10_eta": -3.933122778521259, "log10_lambda": -4.262079707151283, "log10_min_child_weight": 1.6080212121408821, "log10_subsample": -0.4914059076127255, "max_depth": 6.0, "num_boost_round": 8.0}, "datetime": {"datetime": "2024-01-19 02:00:45", "elapsed": 6535.065103, "delta": 0.006022}}
{"target": -17.67718157862882, "params": {"gamma": 396.2617015714943, "log10_alpha": -3.4399830080462444, "log10_colsample_bytree": -0.10648822919473766, "log10_eta": -3.933122778521259, "log10_lambda": -4.262079707151283, "log10_min_child_weight": 1.6080212121408821, "log10_subsample": -0.4914059076127255, "max_depth": 6.0, "num_boost_round": 9.0}, "datetime": {"datetime": "2024-01-19 02:00:45", "elapsed": 6535.189638, "delta": 0.124535}}
{"target": -17.677175867360855, "params": {"gamma": 396.2617015714943, "log10_alpha": -3.4399830080462444, "log10_colsample_bytree": -0.10648822919473766, "log10_eta": -3.933122778521259, "log10_lambda": -4.262079707151283, "log10_min_child_weight": 1.6080212121408821, "log10_subsample": -0.4914059076127255, "max_depth": 6.0, "num_boost_round": 10.0}, "datetime": {"datetime": "2024-01-19 02:00:45", "elapsed": 6535.197386, "delta": 0.007748}}
{"target": -17.677168931480548, "params": {"gamma": 396.2617015714943, "log10_alpha": -3.4399830080462444, "log10_colsample_bytree": -0.10648822919473766, "log10_eta": -3.933122778521259, "log10_lambda": -4.262079707151283, "log10_min_child_weight": 1.6080212121408821, "log10_subsample": -0.4914059076127255, "max_depth": 6.0, "num_boost_round": 11.0}, "datetime": {"datetime": "2024-01-19 02:00:45", "elapsed": 6535.204019, "delta": 0.006633}}
{"target": -17.6771624788748, "params": {"gamma": 396.2617015714943, "log10_alpha": -3.4399830080462444, "log10_colsample_bytree": -0.10648822919473766, "log10_eta": -3.933122778521259, "log10_lambda": -4.262079707151283, "log10_min_child_weight": 1.6080212121408821, "log10_subsample": -0.4914059076127255, "max_depth": 6.0, "num_boost_round": 12.0}, "datetime": {"datetime": "2024-01-19 02:00:45", "elapsed": 6535.210478, "delta": 0.006459}}
{"target": -17.67716236323917, "params": {"gamma": 396.2617015714943, "log10_alpha": -3.4399830080462444, "log10_colsample_bytree": -0.10648822919473766, "log10_eta": -3.933122778521259, "log10_lambda": -4.262079707151283, "log10_min_child_weight": 1.6080212121408821, "log10_subsample": -0.4914059076127255, "max_depth": 6.0, "num_boost_round": 13.0}, "datetime": {"datetime": "2024-01-19 02:00:45", "elapsed": 6535.216498, "delta": 0.00602}}
{"target": -17.677159245469955, "params": {"gamma": 396.2617015714943, "log10_alpha": -3.4399830080462444, "log10_colsample_bytree": -0.10648822919473766, "log10_eta": -3.933122778521259, "log10_lambda": -4.262079707151283, "log10_min_child_weight": 1.6080212121408821, "log10_subsample": -0.4914059076127255, "max_depth": 6.0, "num_boost_round": 14.0}, "datetime": {"datetime": "2024-01-19 02:00:45", "elapsed": 6535.222512, "delta": 0.006014}}
{"target": -17.677155404044502, "params": {"gamma": 396.2617015714943, "log10_alpha": -3.4399830080462444, "log10_colsample_bytree": -0.10648822919473766, "log10_eta": -3.933122778521259, "log10_lambda": -4.262079707151283, "log10_min_child_weight": 1.6080212121408821, "log10_subsample": -0.4914059076127255, "max_depth": 6.0, "num_boost_round": 15.0}, "datetime": {"datetime": "2024-01-19 02:00:45", "elapsed": 6535.228407, "delta": 0.005895}}
{"target": -17.677147923104798, "params": {"gamma": 396.2617015714943, "log10_alpha": -3.4399830080462444, "log10_colsample_bytree": -0.10648822919473766, "log10_eta": -3.933122778521259, "log10_lambda": -4.262079707151283, "log10_min_child_weight": 1.6080212121408821, "log10_subsample": -0.4914059076127255, "max_depth": 6.0, "num_boost_round": 16.0}, "datetime": {"datetime": "2024-01-19 02:00:45", "elapsed": 6535.234393, "delta": 0.005986}}
{"target": -17.6771447095442, "params": {"gamma": 396.2617015714943, "log10_alpha": -3.4399830080462444, "log10_colsample_bytree": -0.10648822919473766, "log10_eta": -3.933122778521259, "log10_lambda": -4.262079707151283, "log10_min_child_weight": 1.6080212121408821, "log10_subsample": -0.4914059076127255, "max_depth": 6.0, "num_boost_round": 17.0}, "datetime": {"datetime": "2024-01-19 02:00:45", "elapsed": 6535.240303, "delta": 0.00591}}
{"target": -17.67713807567504, "params": {"gamma": 396.2617015714943, "log10_alpha": -3.4399830080462444, "log10_colsample_bytree": -0.10648822919473766, "log10_eta": -3.933122778521259, "log10_lambda": -4.262079707151283, "log10_min_child_weight": 1.6080212121408821, "log10_subsample": -0.4914059076127255, "max_depth": 6.0, "num_boost_round": 18.0}, "datetime": {"datetime": "2024-01-19 02:00:45", "elapsed": 6535.246431, "delta": 0.006128}}
{"target": -17.677117947247037, "params": {"gamma": 396.2617015714943, "log10_alpha": -3.4399830080462444, "log10_colsample_bytree": -0.10648822919473766, "log10_eta": -3.933122778521259, "log10_lambda": -4.262079707151283, "log10_min_child_weight": 1.6080212121408821, "log10_subsample": -0.4914059076127255, "max_depth": 6.0, "num_boost_round": 19.0}, "datetime": {"datetime": "2024-01-19 02:00:45", "elapsed": 6535.252631, "delta": 0.0062}}
{"target": -17.67721623245041, "params": {"gamma": 393.0750778256117, "log10_alpha": -2.71687043652615, "log10_colsample_bytree": -0.25981338921966546, "log10_eta": -3.315782513064621, "log10_lambda": -2.4717210014599464, "log10_min_child_weight": 3.500580346496763, "log10_subsample": -0.40767653830252626, "max_depth": 6.0, "num_boost_round": 0.0}, "datetime": {"datetime": "2024-01-19 02:03:12", "elapsed": 6682.111704, "delta": 146.859073}}
{"target": -17.677184009387215, "params": {"gamma": 393.0750778256117, "log10_alpha": -2.71687043652615, "log10_colsample_bytree": -0.25981338921966546, "log10_eta": -3.315782513064621, "log10_lambda": -2.4717210014599464, "log10_min_child_weight": 3.500580346496763, "log10_subsample": -0.40767653830252626, "max_depth": 6.0, "num_boost_round": 1.0}, "datetime": {"datetime": "2024-01-19 02:03:12", "elapsed": 6682.119847, "delta": 0.008143}}
{"target": -17.67717608693984, "params": {"gamma": 393.0750778256117, "log10_alpha": -2.71687043652615, "log10_colsample_bytree": -0.25981338921966546, "log10_eta": -3.315782513064621, "log10_lambda": -2.4717210014599464, "log10_min_child_weight": 3.500580346496763, "log10_subsample": -0.40767653830252626, "max_depth": 6.0, "num_boost_round": 2.0}, "datetime": {"datetime": "2024-01-19 02:03:12", "elapsed": 6682.127085, "delta": 0.007238}}
{"target": -17.677171459658904, "params": {"gamma": 393.0750778256117, "log10_alpha": -2.71687043652615, "log10_colsample_bytree": -0.25981338921966546, "log10_eta": -3.315782513064621, "log10_lambda": -2.4717210014599464, "log10_min_child_weight": 3.500580346496763, "log10_subsample": -0.40767653830252626, "max_depth": 6.0, "num_boost_round": 3.0}, "datetime": {"datetime": "2024-01-19 02:03:12", "elapsed": 6682.134327, "delta": 0.007242}}
{"target": -17.67717516029074, "params": {"gamma": 393.0750778256117, "log10_alpha": -2.71687043652615, "log10_colsample_bytree": -0.25981338921966546, "log10_eta": -3.315782513064621, "log10_lambda": -2.4717210014599464, "log10_min_child_weight": 3.500580346496763, "log10_subsample": -0.40767653830252626, "max_depth": 6.0, "num_boost_round": 4.0}, "datetime": {"datetime": "2024-01-19 02:03:12", "elapsed": 6682.141213, "delta": 0.006886}}
{"target": -17.67717477882962, "params": {"gamma": 393.0750778256117, "log10_alpha": -2.71687043652615, "log10_colsample_bytree": -0.25981338921966546, "log10_eta": -3.315782513064621, "log10_lambda": -2.4717210014599464, "log10_min_child_weight": 3.500580346496763, "log10_subsample": -0.40767653830252626, "max_depth": 6.0, "num_boost_round": 5.0}, "datetime": {"datetime": "2024-01-19 02:03:12", "elapsed": 6682.148498, "delta": 0.007285}}
{"target": -17.67715543399643, "params": {"gamma": 393.0750778256117, "log10_alpha": -2.71687043652615, "log10_colsample_bytree": -0.25981338921966546, "log10_eta": -3.315782513064621, "log10_lambda": -2.4717210014599464, "log10_min_child_weight": 3.500580346496763, "log10_subsample": -0.40767653830252626, "max_depth": 6.0, "num_boost_round": 6.0}, "datetime": {"datetime": "2024-01-19 02:03:12", "elapsed": 6682.155597, "delta": 0.007099}}
{"target": -17.677149362011658, "params": {"gamma": 393.0750778256117, "log10_alpha": -2.71687043652615, "log10_colsample_bytree": -0.25981338921966546, "log10_eta": -3.315782513064621, "log10_lambda": -2.4717210014599464, "log10_min_child_weight": 3.500580346496763, "log10_subsample": -0.40767653830252626, "max_depth": 6.0, "num_boost_round": 7.0}, "datetime": {"datetime": "2024-01-19 02:03:12", "elapsed": 6682.162637, "delta": 0.00704}}
{"target": -17.677119057999573, "params": {"gamma": 393.0750778256117, "log10_alpha": -2.71687043652615, "log10_colsample_bytree": -0.25981338921966546, "log10_eta": -3.315782513064621, "log10_lambda": -2.4717210014599464, "log10_min_child_weight": 3.500580346496763, "log10_subsample": -0.40767653830252626, "max_depth": 6.0, "num_boost_round": 8.0}, "datetime": {"datetime": "2024-01-19 02:03:12", "elapsed": 6682.169556, "delta": 0.006919}}
{"target": -17.677122189183553, "params": {"gamma": 393.0750778256117, "log10_alpha": -2.71687043652615, "log10_colsample_bytree": -0.25981338921966546, "log10_eta": -3.315782513064621, "log10_lambda": -2.4717210014599464, "log10_min_child_weight": 3.500580346496763, "log10_subsample": -0.40767653830252626, "max_depth": 6.0, "num_boost_round": 9.0}, "datetime": {"datetime": "2024-01-19 02:03:12", "elapsed": 6682.176578, "delta": 0.007022}}
{"target": -17.67711101822912, "params": {"gamma": 393.0750778256117, "log10_alpha": -2.71687043652615, "log10_colsample_bytree": -0.25981338921966546, "log10_eta": -3.315782513064621, "log10_lambda": -2.4717210014599464, "log10_min_child_weight": 3.500580346496763, "log10_subsample": -0.40767653830252626, "max_depth": 6.0, "num_boost_round": 10.0}, "datetime": {"datetime": "2024-01-19 02:03:12", "elapsed": 6682.183702, "delta": 0.007124}}
{"target": -17.677085369470497, "params": {"gamma": 393.0750778256117, "log10_alpha": -2.71687043652615, "log10_colsample_bytree": -0.25981338921966546, "log10_eta": -3.315782513064621, "log10_lambda": -2.4717210014599464, "log10_min_child_weight": 3.500580346496763, "log10_subsample": -0.40767653830252626, "max_depth": 6.0, "num_boost_round": 11.0}, "datetime": {"datetime": "2024-01-19 02:03:12", "elapsed": 6682.190679, "delta": 0.006977}}
{"target": -17.677083232945098, "params": {"gamma": 393.0750778256117, "log10_alpha": -2.71687043652615, "log10_colsample_bytree": -0.25981338921966546, "log10_eta": -3.315782513064621, "log10_lambda": -2.4717210014599464, "log10_min_child_weight": 3.500580346496763, "log10_subsample": -0.40767653830252626, "max_depth": 6.0, "num_boost_round": 12.0}, "datetime": {"datetime": "2024-01-19 02:03:12", "elapsed": 6682.197725, "delta": 0.007046}}
{"target": -17.677076305812246, "params": {"gamma": 393.0750778256117, "log10_alpha": -2.71687043652615, "log10_colsample_bytree": -0.25981338921966546, "log10_eta": -3.315782513064621, "log10_lambda": -2.4717210014599464, "log10_min_child_weight": 3.500580346496763, "log10_subsample": -0.40767653830252626, "max_depth": 6.0, "num_boost_round": 13.0}, "datetime": {"datetime": "2024-01-19 02:03:12", "elapsed": 6682.204775, "delta": 0.00705}}
{"target": -17.677060578587877, "params": {"gamma": 393.0750778256117, "log10_alpha": -2.71687043652615, "log10_colsample_bytree": -0.25981338921966546, "log10_eta": -3.315782513064621, "log10_lambda": -2.4717210014599464, "log10_min_child_weight": 3.500580346496763, "log10_subsample": -0.40767653830252626, "max_depth": 6.0, "num_boost_round": 14.0}, "datetime": {"datetime": "2024-01-19 02:03:12", "elapsed": 6682.211899, "delta": 0.007124}}
{"target": -17.677045719077707, "params": {"gamma": 393.0750778256117, "log10_alpha": -2.71687043652615, "log10_colsample_bytree": -0.25981338921966546, "log10_eta": -3.315782513064621, "log10_lambda": -2.4717210014599464, "log10_min_child_weight": 3.500580346496763, "log10_subsample": -0.40767653830252626, "max_depth": 6.0, "num_boost_round": 15.0}, "datetime": {"datetime": "2024-01-19 02:03:12", "elapsed": 6682.218992, "delta": 0.007093}}
{"target": -17.677033517429734, "params": {"gamma": 393.0750778256117, "log10_alpha": -2.71687043652615, "log10_colsample_bytree": -0.25981338921966546, "log10_eta": -3.315782513064621, "log10_lambda": -2.4717210014599464, "log10_min_child_weight": 3.500580346496763, "log10_subsample": -0.40767653830252626, "max_depth": 6.0, "num_boost_round": 16.0}, "datetime": {"datetime": "2024-01-19 02:03:12", "elapsed": 6682.226291, "delta": 0.007299}}
{"target": -17.677030148003062, "params": {"gamma": 393.0750778256117, "log10_alpha": -2.71687043652615, "log10_colsample_bytree": -0.25981338921966546, "log10_eta": -3.315782513064621, "log10_lambda": -2.4717210014599464, "log10_min_child_weight": 3.500580346496763, "log10_subsample": -0.40767653830252626, "max_depth": 6.0, "num_boost_round": 17.0}, "datetime": {"datetime": "2024-01-19 02:03:12", "elapsed": 6682.233142, "delta": 0.006851}}
{"target": -17.67701935176233, "params": {"gamma": 393.0750778256117, "log10_alpha": -2.71687043652615, "log10_colsample_bytree": -0.25981338921966546, "log10_eta": -3.315782513064621, "log10_lambda": -2.4717210014599464, "log10_min_child_weight": 3.500580346496763, "log10_subsample": -0.40767653830252626, "max_depth": 6.0, "num_boost_round": 18.0}, "datetime": {"datetime": "2024-01-19 02:03:12", "elapsed": 6682.240079, "delta": 0.006937}}
{"target": -17.67699940284874, "params": {"gamma": 393.0750778256117, "log10_alpha": -2.71687043652615, "log10_colsample_bytree": -0.25981338921966546, "log10_eta": -3.315782513064621, "log10_lambda": -2.4717210014599464, "log10_min_child_weight": 3.500580346496763, "log10_subsample": -0.40767653830252626, "max_depth": 6.0, "num_boost_round": 19.0}, "datetime": {"datetime": "2024-01-19 02:03:12", "elapsed": 6682.247486, "delta": 0.007407}}
