{"target": -13.757469163708317, "params": {"gamma": 984.8489254204364, "log10_alpha": 0.419834957088149, "log10_colsample_bytree": -0.8116109143306245, "log10_eta": -1.7456524346959061, "log10_lambda": -2.032558253990193, "log10_min_child_weight": 3.8323975101193315, "log10_subsample": -0.49326534070948536, "max_depth": 5.0, "num_boost_round": 17.0}, "datetime": {"datetime": "2024-01-19 00:22:54", "elapsed": 675.760433, "delta": 0.001178}}
{"target": -13.757575212742278, "params": {"gamma": 984.8489254204364, "log10_alpha": 0.419834957088149, "log10_colsample_bytree": -0.8116109143306245, "log10_eta": -1.7456524346959061, "log10_lambda": -2.032558253990193, "log10_min_child_weight": 3.8323975101193315, "log10_subsample": -0.49326534070948536, "max_depth": 5.0, "num_boost_round": 18.0}, "datetime": {"datetime": "2024-01-19 00:22:54", "elapsed": 675.761565, "delta": 0.001132}}
{"target": -13.757398031946156, "params": {"gamma": 984.8489254204364, "log10_alpha": 0.419834957088149, "log10_colsample_bytree": -0.8116109143306245, "log10_eta": -1.7456524346959061, "log10_lambda": -2.032558253990193, "log10_min_child_weight": 3.8323975101193315, "log10_subsample": -0.49326534070948536, "max_depth": 5.0, "num_boost_round": 19.0}, "datetime": {"datetime": "2024-01-19 00:22:54", "elapsed": 675.762689, "delta": 0.001124}}
{"target": -13.757284496702622, "params": {"gamma": 984.8489254204364, "log10_alpha": 0.419834957088149, "log10_colsample_bytree": -0.8116109143306245, "log10_eta": -1.7456524346959061, "log10_lambda": -2.032558253990193, "log10_min_child_weight": 3.8323975101193315, "log10_subsample": -0.49326534070948536, "max_depth": 5.0, "num_boost_round": 20.0}, "datetime": {"datetime": "2024-01-19 00:22:54", "elapsed": 675.763818, "delta": 0.001129}}
{"target": -13.757390722091921, "params": {"gamma": 984.8489254204364, "log10_alpha": 0.419834957088149, "log10_colsample_bytree": -0.8116109143306245, "log10_eta": -1.7456524346959061, "log10_lambda": -2.032558253990193, "log10_min_child_weight": 3.8323975101193315, "log10_subsample": -0.49326534070948536, "max_depth": 5.0, "num_boost_round": 21.0}, "datetime": {"datetime": "2024-01-19 00:22:54", "elapsed": 675.764958, "delta": 0.00114}}
{"target": -13.757348632807746, "params": {"gamma": 984.8489254204364, "log10_alpha": 0.419834957088149, "log10_colsample_bytree": -0.8116109143306245, "log10_eta": -1.7456524346959061, "log10_lambda": -2.032558253990193, "log10_min_child_weight": 3.8323975101193315, "log10_subsample": -0.49326534070948536, "max_depth": 5.0, "num_boost_round": 22.0}, "datetime": {"datetime": "2024-01-19 00:22:54", "elapsed": 675.766144, "delta": 0.001186}}
{"target": -13.75728648231821, "params": {"gamma": 984.8489254204364, "log10_alpha": 0.419834957088149, "log10_colsample_bytree": -0.8116109143306245, "log10_eta": -1.7456524346959061, "log10_lambda": -2.032558253990193, "log10_min_child_weight": 3.8323975101193315, "log10_subsample": -0.49326534070948536, "max_depth": 5.0, "num_boost_round": 23.0}, "datetime": {"datetime": "2024-01-19 00:22:54", "elapsed": 675.767353, "delta": 0.001209}}
{"target": -13.75848489642981, "params": {"gamma": 985.0089973069051, "log10_alpha": -3.1543283988740267, "log10_colsample_bytree": -0.4208902421082469, "log10_eta": -2.348516483376952, "log10_lambda": -4.623935527202211, "log10_min_child_weight": 0.9138981660665169, "log10_subsample": -0.9804189089500838, "max_depth": 2.0, "num_boost_round": 0.0}, "datetime": {"datetime": "2024-01-19 00:23:18", "elapsed": 699.123408, "delta": 23.356055}}
{"target": -13.75843431875096, "params": {"gamma": 985.0089973069051, "log10_alpha": -3.1543283988740267, "log10_colsample_bytree": -0.4208902421082469, "log10_eta": -2.348516483376952, "log10_lambda": -4.623935527202211, "log10_min_child_weight": 0.9138981660665169, "log10_subsample": -0.9804189089500838, "max_depth": 2.0, "num_boost_round": 1.0}, "datetime": {"datetime": "2024-01-19 00:23:18", "elapsed": 699.124781, "delta": 0.001373}}
{"target": -13.758429858799497, "params": {"gamma": 985.0089973069051, "log10_alpha": -3.1543283988740267, "log10_colsample_bytree": -0.4208902421082469, "log10_eta": -2.348516483376952, "log10_lambda": -4.623935527202211, "log10_min_child_weight": 0.9138981660665169, "log10_subsample": -0.9804189089500838, "max_depth": 2.0, "num_boost_round": 2.0}, "datetime": {"datetime": "2024-01-19 00:23:18", "elapsed": 699.126009, "delta": 0.001228}}
{"target": -13.758430705375648, "params": {"gamma": 985.0089973069051, "log10_alpha": -3.1543283988740267, "log10_colsample_bytree": -0.4208902421082469, "log10_eta": -2.348516483376952, "log10_lambda": -4.623935527202211, "log10_min_child_weight": 0.9138981660665169, "log10_subsample": -0.9804189089500838, "max_depth": 2.0, "num_boost_round": 3.0}, "datetime": {"datetime": "2024-01-19 00:23:18", "elapsed": 699.127337, "delta": 0.001328}}
{"target": -13.758357601999705, "params": {"gamma": 985.0089973069051, "log10_alpha": -3.1543283988740267, "log10_colsample_bytree": -0.4208902421082469, "log10_eta": -2.348516483376952, "log10_lambda": -4.623935527202211, "log10_min_child_weight": 0.9138981660665169, "log10_subsample": -0.9804189089500838, "max_depth": 2.0, "num_boost_round": 4.0}, "datetime": {"datetime": "2024-01-19 00:23:18", "elapsed": 699.128489, "delta": 0.001152}}
{"target": -13.758329509108588, "params": {"gamma": 985.0089973069051, "log10_alpha": -3.1543283988740267, "log10_colsample_bytree": -0.4208902421082469, "log10_eta": -2.348516483376952, "log10_lambda": -4.623935527202211, "log10_min_child_weight": 0.9138981660665169, "log10_subsample": -0.9804189089500838, "max_depth": 2.0, "num_boost_round": 5.0}, "datetime": {"datetime": "2024-01-19 00:23:18", "elapsed": 699.129641, "delta": 0.001152}}
{"target": -13.758297757298154, "params": {"gamma": 985.0089973069051, "log10_alpha": -3.1543283988740267, "log10_colsample_bytree": -0.4208902421082469, "log10_eta": -2.348516483376952, "log10_lambda": -4.623935527202211, "log10_min_child_weight": 0.9138981660665169, "log10_subsample": -0.9804189089500838, "max_depth": 2.0, "num_boost_round": 6.0}, "datetime": {"datetime": "2024-01-19 00:23:18", "elapsed": 699.130789, "delta": 0.001148}}
{"target": -13.758317540194488, "params": {"gamma": 985.0089973069051, "log10_alpha": -3.1543283988740267, "log10_colsample_bytree": -0.4208902421082469, "log10_eta": -2.348516483376952, "log10_lambda": -4.623935527202211, "log10_min_child_weight": 0.9138981660665169, "log10_subsample": -0.9804189089500838, "max_depth": 2.0, "num_boost_round": 7.0}, "datetime": {"datetime": "2024-01-19 00:23:18", "elapsed": 699.131984, "delta": 0.001195}}
{"target": -13.758260857297874, "params": {"gamma": 985.0089973069051, "log10_alpha": -3.1543283988740267, "log10_colsample_bytree": -0.4208902421082469, "log10_eta": -2.348516483376952, "log10_lambda": -4.623935527202211, "log10_min_child_weight": 0.9138981660665169, "log10_subsample": -0.9804189089500838, "max_depth": 2.0, "num_boost_round": 8.0}, "datetime": {"datetime": "2024-01-19 00:23:18", "elapsed": 699.133392, "delta": 0.001408}}
{"target": -13.758193872184208, "params": {"gamma": 985.0089973069051, "log10_alpha": -3.1543283988740267, "log10_colsample_bytree": -0.4208902421082469, "log10_eta": -2.348516483376952, "log10_lambda": -4.623935527202211, "log10_min_child_weight": 0.9138981660665169, "log10_subsample": -0.9804189089500838, "max_depth": 2.0, "num_boost_round": 9.0}, "datetime": {"datetime": "2024-01-19 00:23:18", "elapsed": 699.134551, "delta": 0.001159}}
{"target": -13.758169554648596, "params": {"gamma": 985.0089973069051, "log10_alpha": -3.1543283988740267, "log10_colsample_bytree": -0.4208902421082469, "log10_eta": -2.348516483376952, "log10_lambda": -4.623935527202211, "log10_min_child_weight": 0.9138981660665169, "log10_subsample": -0.9804189089500838, "max_depth": 2.0, "num_boost_round": 10.0}, "datetime": {"datetime": "2024-01-19 00:23:18", "elapsed": 699.1357, "delta": 0.001149}}
{"target": -13.758113605006868, "params": {"gamma": 985.0089973069051, "log10_alpha": -3.1543283988740267, "log10_colsample_bytree": -0.4208902421082469, "log10_eta": -2.348516483376952, "log10_lambda": -4.623935527202211, "log10_min_child_weight": 0.9138981660665169, "log10_subsample": -0.9804189089500838, "max_depth": 2.0, "num_boost_round": 11.0}, "datetime": {"datetime": "2024-01-19 00:23:18", "elapsed": 699.136851, "delta": 0.001151}}
{"target": -13.758092370981839, "params": {"gamma": 985.0089973069051, "log10_alpha": -3.1543283988740267, "log10_colsample_bytree": -0.4208902421082469, "log10_eta": -2.348516483376952, "log10_lambda": -4.623935527202211, "log10_min_child_weight": 0.9138981660665169, "log10_subsample": -0.9804189089500838, "max_depth": 2.0, "num_boost_round": 12.0}, "datetime": {"datetime": "2024-01-19 00:23:18", "elapsed": 699.138079, "delta": 0.001228}}
{"target": -13.758060955450796, "params": {"gamma": 985.0089973069051, "log10_alpha": -3.1543283988740267, "log10_colsample_bytree": -0.4208902421082469, "log10_eta": -2.348516483376952, "log10_lambda": -4.623935527202211, "log10_min_child_weight": 0.9138981660665169, "log10_subsample": -0.9804189089500838, "max_depth": 2.0, "num_boost_round": 13.0}, "datetime": {"datetime": "2024-01-19 00:23:18", "elapsed": 699.139233, "delta": 0.001154}}
{"target": -13.758050879919887, "params": {"gamma": 985.0089973069051, "log10_alpha": -3.1543283988740267, "log10_colsample_bytree": -0.4208902421082469, "log10_eta": -2.348516483376952, "log10_lambda": -4.623935527202211, "log10_min_child_weight": 0.9138981660665169, "log10_subsample": -0.9804189089500838, "max_depth": 2.0, "num_boost_round": 14.0}, "datetime": {"datetime": "2024-01-19 00:23:18", "elapsed": 699.140397, "delta": 0.001164}}
{"target": -13.758003082544649, "params": {"gamma": 985.0089973069051, "log10_alpha": -3.1543283988740267, "log10_colsample_bytree": -0.4208902421082469, "log10_eta": -2.348516483376952, "log10_lambda": -4.623935527202211, "log10_min_child_weight": 0.9138981660665169, "log10_subsample": -0.9804189089500838, "max_depth": 2.0, "num_boost_round": 15.0}, "datetime": {"datetime": "2024-01-19 00:23:18", "elapsed": 699.141542, "delta": 0.001145}}
{"target": -13.757980102511587, "params": {"gamma": 985.0089973069051, "log10_alpha": -3.1543283988740267, "log10_colsample_bytree": -0.4208902421082469, "log10_eta": -2.348516483376952, "log10_lambda": -4.623935527202211, "log10_min_child_weight": 0.9138981660665169, "log10_subsample": -0.9804189089500838, "max_depth": 2.0, "num_boost_round": 16.0}, "datetime": {"datetime": "2024-01-19 00:23:18", "elapsed": 699.142691, "delta": 0.001149}}
{"target": -13.7578875604179, "params": {"gamma": 985.0089973069051, "log10_alpha": -3.1543283988740267, "log10_colsample_bytree": -0.4208902421082469, "log10_eta": -2.348516483376952, "log10_lambda": -4.623935527202211, "log10_min_child_weight": 0.9138981660665169, "log10_subsample": -0.9804189089500838, "max_depth": 2.0, "num_boost_round": 17.0}, "datetime": {"datetime": "2024-01-19 00:23:18", "elapsed": 699.143842, "delta": 0.001151}}
{"target": -13.757891202926098, "params": {"gamma": 985.0089973069051, "log10_alpha": -3.1543283988740267, "log10_colsample_bytree": -0.4208902421082469, "log10_eta": -2.348516483376952, "log10_lambda": -4.623935527202211, "log10_min_child_weight": 0.9138981660665169, "log10_subsample": -0.9804189089500838, "max_depth": 2.0, "num_boost_round": 18.0}, "datetime": {"datetime": "2024-01-19 00:23:18", "elapsed": 699.145003, "delta": 0.001161}}
{"target": -13.757842658726254, "params": {"gamma": 985.0089973069051, "log10_alpha": -3.1543283988740267, "log10_colsample_bytree": -0.4208902421082469, "log10_eta": -2.348516483376952, "log10_lambda": -4.623935527202211, "log10_min_child_weight": 0.9138981660665169, "log10_subsample": -0.9804189089500838, "max_depth": 2.0, "num_boost_round": 19.0}, "datetime": {"datetime": "2024-01-19 00:23:18", "elapsed": 699.146256, "delta": 0.001253}}
{"target": -13.757817464966124, "params": {"gamma": 985.0089973069051, "log10_alpha": -3.1543283988740267, "log10_colsample_bytree": -0.4208902421082469, "log10_eta": -2.348516483376952, "log10_lambda": -4.623935527202211, "log10_min_child_weight": 0.9138981660665169, "log10_subsample": -0.9804189089500838, "max_depth": 2.0, "num_boost_round": 20.0}, "datetime": {"datetime": "2024-01-19 00:23:18", "elapsed": 699.147632, "delta": 0.001376}}
{"target": -13.757826912668365, "params": {"gamma": 985.0089973069051, "log10_alpha": -3.1543283988740267, "log10_colsample_bytree": -0.4208902421082469, "log10_eta": -2.348516483376952, "log10_lambda": -4.623935527202211, "log10_min_child_weight": 0.9138981660665169, "log10_subsample": -0.9804189089500838, "max_depth": 2.0, "num_boost_round": 21.0}, "datetime": {"datetime": "2024-01-19 00:23:18", "elapsed": 699.148879, "delta": 0.001247}}
{"target": -13.757801785233733, "params": {"gamma": 985.0089973069051, "log10_alpha": -3.1543283988740267, "log10_colsample_bytree": -0.4208902421082469, "log10_eta": -2.348516483376952, "log10_lambda": -4.623935527202211, "log10_min_child_weight": 0.9138981660665169, "log10_subsample": -0.9804189089500838, "max_depth": 2.0, "num_boost_round": 22.0}, "datetime": {"datetime": "2024-01-19 00:23:18", "elapsed": 699.150129, "delta": 0.00125}}
{"target": -13.757704705298138, "params": {"gamma": 985.0089973069051, "log10_alpha": -3.1543283988740267, "log10_colsample_bytree": -0.4208902421082469, "log10_eta": -2.348516483376952, "log10_lambda": -4.623935527202211, "log10_min_child_weight": 0.9138981660665169, "log10_subsample": -0.9804189089500838, "max_depth": 2.0, "num_boost_round": 23.0}, "datetime": {"datetime": "2024-01-19 00:23:18", "elapsed": 699.151308, "delta": 0.001179}}
{"target": -13.7577068276267, "params": {"gamma": 985.0089973069051, "log10_alpha": -3.1543283988740267, "log10_colsample_bytree": -0.4208902421082469, "log10_eta": -2.348516483376952, "log10_lambda": -4.623935527202211, "log10_min_child_weight": 0.9138981660665169, "log10_subsample": -0.9804189089500838, "max_depth": 2.0, "num_boost_round": 24.0}, "datetime": {"datetime": "2024-01-19 00:23:18", "elapsed": 699.15248, "delta": 0.001172}}
{"target": -13.757646104904026, "params": {"gamma": 985.0089973069051, "log10_alpha": -3.1543283988740267, "log10_colsample_bytree": -0.4208902421082469, "log10_eta": -2.348516483376952, "log10_lambda": -4.623935527202211, "log10_min_child_weight": 0.9138981660665169, "log10_subsample": -0.9804189089500838, "max_depth": 2.0, "num_boost_round": 25.0}, "datetime": {"datetime": "2024-01-19 00:23:18", "elapsed": 699.153651, "delta": 0.001171}}
{"target": -13.758178256052139, "params": {"gamma": 989.2353920587758, "log10_alpha": -0.5611502907534671, "log10_colsample_bytree": -0.507479312620515, "log10_eta": -0.8993246960768402, "log10_lambda": 0.44431683744048023, "log10_min_child_weight": 1.5612472455177817, "log10_subsample": -0.6433110371091294, "max_depth": 2.0, "num_boost_round": 0.0}, "datetime": {"datetime": "2024-01-19 00:23:38", "elapsed": 719.118291, "delta": 19.96464}}
{"target": -13.758860764491201, "params": {"gamma": 989.2353920587758, "log10_alpha": -0.5611502907534671, "log10_colsample_bytree": -0.507479312620515, "log10_eta": -0.8993246960768402, "log10_lambda": 0.44431683744048023, "log10_min_child_weight": 1.5612472455177817, "log10_subsample": -0.6433110371091294, "max_depth": 2.0, "num_boost_round": 1.0}, "datetime": {"datetime": "2024-01-19 00:23:38", "elapsed": 719.120385, "delta": 0.002094}}
{"target": -13.7613950442336, "params": {"gamma": 989.2353920587758, "log10_alpha": -0.5611502907534671, "log10_colsample_bytree": -0.507479312620515, "log10_eta": -0.8993246960768402, "log10_lambda": 0.44431683744048023, "log10_min_child_weight": 1.5612472455177817, "log10_subsample": -0.6433110371091294, "max_depth": 2.0, "num_boost_round": 2.0}, "datetime": {"datetime": "2024-01-19 00:23:38", "elapsed": 719.121593, "delta": 0.001208}}
{"target": -13.761824283211979, "params": {"gamma": 989.2353920587758, "log10_alpha": -0.5611502907534671, "log10_colsample_bytree": -0.507479312620515, "log10_eta": -0.8993246960768402, "log10_lambda": 0.44431683744048023, "log10_min_child_weight": 1.5612472455177817, "log10_subsample": -0.6433110371091294, "max_depth": 2.0, "num_boost_round": 3.0}, "datetime": {"datetime": "2024-01-19 00:23:38", "elapsed": 719.122767, "delta": 0.001174}}
{"target": -13.761131666914707, "params": {"gamma": 989.2353920587758, "log10_alpha": -0.5611502907534671, "log10_colsample_bytree": -0.507479312620515, "log10_eta": -0.8993246960768402, "log10_lambda": 0.44431683744048023, "log10_min_child_weight": 1.5612472455177817, "log10_subsample": -0.6433110371091294, "max_depth": 2.0, "num_boost_round": 4.0}, "datetime": {"datetime": "2024-01-19 00:23:38", "elapsed": 719.12447, "delta": 0.001703}}
{"target": -13.76275191590436, "params": {"gamma": 989.2353920587758, "log10_alpha": -0.5611502907534671, "log10_colsample_bytree": -0.507479312620515, "log10_eta": -0.8993246960768402, "log10_lambda": 0.44431683744048023, "log10_min_child_weight": 1.5612472455177817, "log10_subsample": -0.6433110371091294, "max_depth": 2.0, "num_boost_round": 5.0}, "datetime": {"datetime": "2024-01-19 00:23:38", "elapsed": 719.125716, "delta": 0.001246}}
{"target": -13.76202923837467, "params": {"gamma": 989.2353920587758, "log10_alpha": -0.5611502907534671, "log10_colsample_bytree": -0.507479312620515, "log10_eta": -0.8993246960768402, "log10_lambda": 0.44431683744048023, "log10_min_child_weight": 1.5612472455177817, "log10_subsample": -0.6433110371091294, "max_depth": 2.0, "num_boost_round": 6.0}, "datetime": {"datetime": "2024-01-19 00:23:38", "elapsed": 719.126993, "delta": 0.001277}}
{"target": -13.762177349449022, "params": {"gamma": 989.2353920587758, "log10_alpha": -0.5611502907534671, "log10_colsample_bytree": -0.507479312620515, "log10_eta": -0.8993246960768402, "log10_lambda": 0.44431683744048023, "log10_min_child_weight": 1.5612472455177817, "log10_subsample": -0.6433110371091294, "max_depth": 2.0, "num_boost_round": 7.0}, "datetime": {"datetime": "2024-01-19 00:23:38", "elapsed": 719.128172, "delta": 0.001179}}
{"target": -13.76209981556311, "params": {"gamma": 989.2353920587758, "log10_alpha": -0.5611502907534671, "log10_colsample_bytree": -0.507479312620515, "log10_eta": -0.8993246960768402, "log10_lambda": 0.44431683744048023, "log10_min_child_weight": 1.5612472455177817, "log10_subsample": -0.6433110371091294, "max_depth": 2.0, "num_boost_round": 8.0}, "datetime": {"datetime": "2024-01-19 00:23:38", "elapsed": 719.129366, "delta": 0.001194}}
{"target": -13.76202403399568, "params": {"gamma": 989.2353920587758, "log10_alpha": -0.5611502907534671, "log10_colsample_bytree": -0.507479312620515, "log10_eta": -0.8993246960768402, "log10_lambda": 0.44431683744048023, "log10_min_child_weight": 1.5612472455177817, "log10_subsample": -0.6433110371091294, "max_depth": 2.0, "num_boost_round": 9.0}, "datetime": {"datetime": "2024-01-19 00:23:38", "elapsed": 719.13058, "delta": 0.001214}}
{"target": -13.763410919559268, "params": {"gamma": 989.2353920587758, "log10_alpha": -0.5611502907534671, "log10_colsample_bytree": -0.507479312620515, "log10_eta": -0.8993246960768402, "log10_lambda": 0.44431683744048023, "log10_min_child_weight": 1.5612472455177817, "log10_subsample": -0.6433110371091294, "max_depth": 2.0, "num_boost_round": 10.0}, "datetime": {"datetime": "2024-01-19 00:23:38", "elapsed": 719.131815, "delta": 0.001235}}
{"target": -13.763491916777703, "params": {"gamma": 989.2353920587758, "log10_alpha": -0.5611502907534671, "log10_colsample_bytree": -0.507479312620515, "log10_eta": -0.8993246960768402, "log10_lambda": 0.44431683744048023, "log10_min_child_weight": 1.5612472455177817, "log10_subsample": -0.6433110371091294, "max_depth": 2.0, "num_boost_round": 11.0}, "datetime": {"datetime": "2024-01-19 00:23:38", "elapsed": 719.133036, "delta": 0.001221}}
{"target": -13.763484656701522, "params": {"gamma": 989.2353920587758, "log10_alpha": -0.5611502907534671, "log10_colsample_bytree": -0.507479312620515, "log10_eta": -0.8993246960768402, "log10_lambda": 0.44431683744048023, "log10_min_child_weight": 1.5612472455177817, "log10_subsample": -0.6433110371091294, "max_depth": 2.0, "num_boost_round": 12.0}, "datetime": {"datetime": "2024-01-19 00:23:38", "elapsed": 719.134234, "delta": 0.001198}}
{"target": -13.763356580913463, "params": {"gamma": 989.2353920587758, "log10_alpha": -0.5611502907534671, "log10_colsample_bytree": -0.507479312620515, "log10_eta": -0.8993246960768402, "log10_lambda": 0.44431683744048023, "log10_min_child_weight": 1.5612472455177817, "log10_subsample": -0.6433110371091294, "max_depth": 2.0, "num_boost_round": 13.0}, "datetime": {"datetime": "2024-01-19 00:23:38", "elapsed": 719.135433, "delta": 0.001199}}
{"target": -13.763964231964534, "params": {"gamma": 989.2353920587758, "log10_alpha": -0.5611502907534671, "log10_colsample_bytree": -0.507479312620515, "log10_eta": -0.8993246960768402, "log10_lambda": 0.44431683744048023, "log10_min_child_weight": 1.5612472455177817, "log10_subsample": -0.6433110371091294, "max_depth": 2.0, "num_boost_round": 14.0}, "datetime": {"datetime": "2024-01-19 00:23:38", "elapsed": 719.136636, "delta": 0.001203}}
{"target": -13.757941750512694, "params": {"gamma": 987.130177560229, "log10_alpha": -4.860065114191578, "log10_colsample_bytree": -0.4521480663463533, "log10_eta": -0.638685489491599, "log10_lambda": -1.2105360860298133, "log10_min_child_weight": 4.815559077190021, "log10_subsample": -0.28772859452047483, "max_depth": 2.0, "num_boost_round": 0.0}, "datetime": {"datetime": "2024-01-19 00:23:59", "elapsed": 740.342106, "delta": 21.20547}}
