{"target": -17.67704092765146, "params": {"gamma": 39.57352132460634, "log10_alpha": -0.09757728290449119, "log10_colsample_bytree": -0.8962426243074252, "log10_eta": -2.990912285112566, "log10_lambda": -2.354225905350703, "log10_min_child_weight": 4.364123813582628, "log10_subsample": -0.0633829868451411, "max_depth": 4.0, "num_boost_round": 29.0}, "datetime": {"datetime": "2024-01-19 02:32:16", "elapsed": 8489.885393, "delta": 0.005834}}
{"target": -17.677023383208784, "params": {"gamma": 39.57352132460634, "log10_alpha": -0.09757728290449119, "log10_colsample_bytree": -0.8962426243074252, "log10_eta": -2.990912285112566, "log10_lambda": -2.354225905350703, "log10_min_child_weight": 4.364123813582628, "log10_subsample": -0.0633829868451411, "max_depth": 4.0, "num_boost_round": 30.0}, "datetime": {"datetime": "2024-01-19 02:32:16", "elapsed": 8489.891328, "delta": 0.005935}}
{"target": -17.67700762977884, "params": {"gamma": 39.57352132460634, "log10_alpha": -0.09757728290449119, "log10_colsample_bytree": -0.8962426243074252, "log10_eta": -2.990912285112566, "log10_lambda": -2.354225905350703, "log10_min_child_weight": 4.364123813582628, "log10_subsample": -0.0633829868451411, "max_depth": 4.0, "num_boost_round": 31.0}, "datetime": {"datetime": "2024-01-19 02:32:16", "elapsed": 8489.897306, "delta": 0.005978}}
{"target": -17.677018919968972, "params": {"gamma": 39.57352132460634, "log10_alpha": -0.09757728290449119, "log10_colsample_bytree": -0.8962426243074252, "log10_eta": -2.990912285112566, "log10_lambda": -2.354225905350703, "log10_min_child_weight": 4.364123813582628, "log10_subsample": -0.0633829868451411, "max_depth": 4.0, "num_boost_round": 32.0}, "datetime": {"datetime": "2024-01-19 02:32:16", "elapsed": 8489.903233, "delta": 0.005927}}
{"target": -17.6770118894832, "params": {"gamma": 39.57352132460634, "log10_alpha": -0.09757728290449119, "log10_colsample_bytree": -0.8962426243074252, "log10_eta": -2.990912285112566, "log10_lambda": -2.354225905350703, "log10_min_child_weight": 4.364123813582628, "log10_subsample": -0.0633829868451411, "max_depth": 4.0, "num_boost_round": 33.0}, "datetime": {"datetime": "2024-01-19 02:32:16", "elapsed": 8489.909142, "delta": 0.005909}}
{"target": -17.677001497065117, "params": {"gamma": 39.57352132460634, "log10_alpha": -0.09757728290449119, "log10_colsample_bytree": -0.8962426243074252, "log10_eta": -2.990912285112566, "log10_lambda": -2.354225905350703, "log10_min_child_weight": 4.364123813582628, "log10_subsample": -0.0633829868451411, "max_depth": 4.0, "num_boost_round": 34.0}, "datetime": {"datetime": "2024-01-19 02:32:16", "elapsed": 8489.915189, "delta": 0.006047}}
{"target": -17.676994042493558, "params": {"gamma": 39.57352132460634, "log10_alpha": -0.09757728290449119, "log10_colsample_bytree": -0.8962426243074252, "log10_eta": -2.990912285112566, "log10_lambda": -2.354225905350703, "log10_min_child_weight": 4.364123813582628, "log10_subsample": -0.0633829868451411, "max_depth": 4.0, "num_boost_round": 35.0}, "datetime": {"datetime": "2024-01-19 02:32:16", "elapsed": 8489.921204, "delta": 0.006015}}
{"target": -17.677002258192893, "params": {"gamma": 39.57352132460634, "log10_alpha": -0.09757728290449119, "log10_colsample_bytree": -0.8962426243074252, "log10_eta": -2.990912285112566, "log10_lambda": -2.354225905350703, "log10_min_child_weight": 4.364123813582628, "log10_subsample": -0.0633829868451411, "max_depth": 4.0, "num_boost_round": 36.0}, "datetime": {"datetime": "2024-01-19 02:32:16", "elapsed": 8489.92713, "delta": 0.005926}}
{"target": -17.67700057713595, "params": {"gamma": 39.57352132460634, "log10_alpha": -0.09757728290449119, "log10_colsample_bytree": -0.8962426243074252, "log10_eta": -2.990912285112566, "log10_lambda": -2.354225905350703, "log10_min_child_weight": 4.364123813582628, "log10_subsample": -0.0633829868451411, "max_depth": 4.0, "num_boost_round": 37.0}, "datetime": {"datetime": "2024-01-19 02:32:16", "elapsed": 8489.932947, "delta": 0.005817}}
{"target": -17.676997978929403, "params": {"gamma": 39.57352132460634, "log10_alpha": -0.09757728290449119, "log10_colsample_bytree": -0.8962426243074252, "log10_eta": -2.990912285112566, "log10_lambda": -2.354225905350703, "log10_min_child_weight": 4.364123813582628, "log10_subsample": -0.0633829868451411, "max_depth": 4.0, "num_boost_round": 38.0}, "datetime": {"datetime": "2024-01-19 02:32:16", "elapsed": 8490.007516, "delta": 0.074569}}
{"target": -17.677203398795687, "params": {"gamma": 48.237322299994226, "log10_alpha": -1.1723596282876851, "log10_colsample_bytree": -0.01931753305218764, "log10_eta": -2.6266360989985147, "log10_lambda": -2.71118226305618, "log10_min_child_weight": 4.264244515056882, "log10_subsample": -0.9131007977207789, "max_depth": 6.0, "num_boost_round": 0.0}, "datetime": {"datetime": "2024-01-19 02:33:54", "elapsed": 8588.145242, "delta": 98.137726}}
{"target": -17.677178841070482, "params": {"gamma": 48.237322299994226, "log10_alpha": -1.1723596282876851, "log10_colsample_bytree": -0.01931753305218764, "log10_eta": -2.6266360989985147, "log10_lambda": -2.71118226305618, "log10_min_child_weight": 4.264244515056882, "log10_subsample": -0.9131007977207789, "max_depth": 6.0, "num_boost_round": 1.0}, "datetime": {"datetime": "2024-01-19 02:33:54", "elapsed": 8588.152104, "delta": 0.006862}}
{"target": -17.67714595427578, "params": {"gamma": 48.237322299994226, "log10_alpha": -1.1723596282876851, "log10_colsample_bytree": -0.01931753305218764, "log10_eta": -2.6266360989985147, "log10_lambda": -2.71118226305618, "log10_min_child_weight": 4.264244515056882, "log10_subsample": -0.9131007977207789, "max_depth": 6.0, "num_boost_round": 2.0}, "datetime": {"datetime": "2024-01-19 02:33:54", "elapsed": 8588.158223, "delta": 0.006119}}
{"target": -17.677130001076794, "params": {"gamma": 48.237322299994226, "log10_alpha": -1.1723596282876851, "log10_colsample_bytree": -0.01931753305218764, "log10_eta": -2.6266360989985147, "log10_lambda": -2.71118226305618, "log10_min_child_weight": 4.264244515056882, "log10_subsample": -0.9131007977207789, "max_depth": 6.0, "num_boost_round": 3.0}, "datetime": {"datetime": "2024-01-19 02:33:54", "elapsed": 8588.164446, "delta": 0.006223}}
{"target": -17.677122785816795, "params": {"gamma": 48.237322299994226, "log10_alpha": -1.1723596282876851, "log10_colsample_bytree": -0.01931753305218764, "log10_eta": -2.6266360989985147, "log10_lambda": -2.71118226305618, "log10_min_child_weight": 4.264244515056882, "log10_subsample": -0.9131007977207789, "max_depth": 6.0, "num_boost_round": 4.0}, "datetime": {"datetime": "2024-01-19 02:33:54", "elapsed": 8588.171038, "delta": 0.006592}}
{"target": -17.677092016911573, "params": {"gamma": 48.237322299994226, "log10_alpha": -1.1723596282876851, "log10_colsample_bytree": -0.01931753305218764, "log10_eta": -2.6266360989985147, "log10_lambda": -2.71118226305618, "log10_min_child_weight": 4.264244515056882, "log10_subsample": -0.9131007977207789, "max_depth": 6.0, "num_boost_round": 5.0}, "datetime": {"datetime": "2024-01-19 02:33:54", "elapsed": 8588.176845, "delta": 0.005807}}
{"target": -17.677068380600303, "params": {"gamma": 48.237322299994226, "log10_alpha": -1.1723596282876851, "log10_colsample_bytree": -0.01931753305218764, "log10_eta": -2.6266360989985147, "log10_lambda": -2.71118226305618, "log10_min_child_weight": 4.264244515056882, "log10_subsample": -0.9131007977207789, "max_depth": 6.0, "num_boost_round": 6.0}, "datetime": {"datetime": "2024-01-19 02:33:54", "elapsed": 8588.182618, "delta": 0.005773}}
{"target": -17.677041397292893, "params": {"gamma": 48.237322299994226, "log10_alpha": -1.1723596282876851, "log10_colsample_bytree": -0.01931753305218764, "log10_eta": -2.6266360989985147, "log10_lambda": -2.71118226305618, "log10_min_child_weight": 4.264244515056882, "log10_subsample": -0.9131007977207789, "max_depth": 6.0, "num_boost_round": 7.0}, "datetime": {"datetime": "2024-01-19 02:33:54", "elapsed": 8588.188493, "delta": 0.005875}}
{"target": -17.67702236649628, "params": {"gamma": 48.237322299994226, "log10_alpha": -1.1723596282876851, "log10_colsample_bytree": -0.01931753305218764, "log10_eta": -2.6266360989985147, "log10_lambda": -2.71118226305618, "log10_min_child_weight": 4.264244515056882, "log10_subsample": -0.9131007977207789, "max_depth": 6.0, "num_boost_round": 8.0}, "datetime": {"datetime": "2024-01-19 02:33:54", "elapsed": 8588.194388, "delta": 0.005895}}
{"target": -17.676990171199034, "params": {"gamma": 48.237322299994226, "log10_alpha": -1.1723596282876851, "log10_colsample_bytree": -0.01931753305218764, "log10_eta": -2.6266360989985147, "log10_lambda": -2.71118226305618, "log10_min_child_weight": 4.264244515056882, "log10_subsample": -0.9131007977207789, "max_depth": 6.0, "num_boost_round": 9.0}, "datetime": {"datetime": "2024-01-19 02:33:54", "elapsed": 8588.200152, "delta": 0.005764}}
{"target": -17.676965853891765, "params": {"gamma": 48.237322299994226, "log10_alpha": -1.1723596282876851, "log10_colsample_bytree": -0.01931753305218764, "log10_eta": -2.6266360989985147, "log10_lambda": -2.71118226305618, "log10_min_child_weight": 4.264244515056882, "log10_subsample": -0.9131007977207789, "max_depth": 6.0, "num_boost_round": 10.0}, "datetime": {"datetime": "2024-01-19 02:33:54", "elapsed": 8588.20615, "delta": 0.005998}}
{"target": -17.676968474805804, "params": {"gamma": 48.237322299994226, "log10_alpha": -1.1723596282876851, "log10_colsample_bytree": -0.01931753305218764, "log10_eta": -2.6266360989985147, "log10_lambda": -2.71118226305618, "log10_min_child_weight": 4.264244515056882, "log10_subsample": -0.9131007977207789, "max_depth": 6.0, "num_boost_round": 11.0}, "datetime": {"datetime": "2024-01-19 02:33:54", "elapsed": 8588.212195, "delta": 0.006045}}
{"target": -17.676960923096562, "params": {"gamma": 48.237322299994226, "log10_alpha": -1.1723596282876851, "log10_colsample_bytree": -0.01931753305218764, "log10_eta": -2.6266360989985147, "log10_lambda": -2.71118226305618, "log10_min_child_weight": 4.264244515056882, "log10_subsample": -0.9131007977207789, "max_depth": 6.0, "num_boost_round": 12.0}, "datetime": {"datetime": "2024-01-19 02:33:54", "elapsed": 8588.218497, "delta": 0.006302}}
{"target": -17.676939523475156, "params": {"gamma": 48.237322299994226, "log10_alpha": -1.1723596282876851, "log10_colsample_bytree": -0.01931753305218764, "log10_eta": -2.6266360989985147, "log10_lambda": -2.71118226305618, "log10_min_child_weight": 4.264244515056882, "log10_subsample": -0.9131007977207789, "max_depth": 6.0, "num_boost_round": 13.0}, "datetime": {"datetime": "2024-01-19 02:33:54", "elapsed": 8588.224494, "delta": 0.005997}}
{"target": -17.67691638663529, "params": {"gamma": 48.237322299994226, "log10_alpha": -1.1723596282876851, "log10_colsample_bytree": -0.01931753305218764, "log10_eta": -2.6266360989985147, "log10_lambda": -2.71118226305618, "log10_min_child_weight": 4.264244515056882, "log10_subsample": -0.9131007977207789, "max_depth": 6.0, "num_boost_round": 14.0}, "datetime": {"datetime": "2024-01-19 02:33:54", "elapsed": 8588.230553, "delta": 0.006059}}
{"target": -17.676914121808828, "params": {"gamma": 48.237322299994226, "log10_alpha": -1.1723596282876851, "log10_colsample_bytree": -0.01931753305218764, "log10_eta": -2.6266360989985147, "log10_lambda": -2.71118226305618, "log10_min_child_weight": 4.264244515056882, "log10_subsample": -0.9131007977207789, "max_depth": 6.0, "num_boost_round": 15.0}, "datetime": {"datetime": "2024-01-19 02:33:54", "elapsed": 8588.236457, "delta": 0.005904}}
{"target": -17.67688429251953, "params": {"gamma": 48.237322299994226, "log10_alpha": -1.1723596282876851, "log10_colsample_bytree": -0.01931753305218764, "log10_eta": -2.6266360989985147, "log10_lambda": -2.71118226305618, "log10_min_child_weight": 4.264244515056882, "log10_subsample": -0.9131007977207789, "max_depth": 6.0, "num_boost_round": 16.0}, "datetime": {"datetime": "2024-01-19 02:33:54", "elapsed": 8588.343512, "delta": 0.107055}}
{"target": -17.676867854512285, "params": {"gamma": 48.237322299994226, "log10_alpha": -1.1723596282876851, "log10_colsample_bytree": -0.01931753305218764, "log10_eta": -2.6266360989985147, "log10_lambda": -2.71118226305618, "log10_min_child_weight": 4.264244515056882, "log10_subsample": -0.9131007977207789, "max_depth": 6.0, "num_boost_round": 17.0}, "datetime": {"datetime": "2024-01-19 02:33:54", "elapsed": 8588.350263, "delta": 0.006751}}
{"target": -17.677225488856735, "params": {"gamma": 50.366979955377865, "log10_alpha": -3.0683046306910393, "log10_colsample_bytree": -0.10710295129090674, "log10_eta": -3.742970814060997, "log10_lambda": -1.819466594385895, "log10_min_child_weight": 2.0379996075509816, "log10_subsample": -0.07346914937659921, "max_depth": 8.0, "num_boost_round": 0.0}, "datetime": {"datetime": "2024-01-19 02:35:05", "elapsed": 8658.937357, "delta": 70.587094}}
{"target": -17.677214094116813, "params": {"gamma": 50.366979955377865, "log10_alpha": -3.0683046306910393, "log10_colsample_bytree": -0.10710295129090674, "log10_eta": -3.742970814060997, "log10_lambda": -1.819466594385895, "log10_min_child_weight": 2.0379996075509816, "log10_subsample": -0.07346914937659921, "max_depth": 8.0, "num_boost_round": 1.0}, "datetime": {"datetime": "2024-01-19 02:35:05", "elapsed": 8658.94459, "delta": 0.007233}}
{"target": -17.677202700076123, "params": {"gamma": 50.366979955377865, "log10_alpha": -3.0683046306910393, "log10_colsample_bytree": -0.10710295129090674, "log10_eta": -3.742970814060997, "log10_lambda": -1.819466594385895, "log10_min_child_weight": 2.0379996075509816, "log10_subsample": -0.07346914937659921, "max_depth": 8.0, "num_boost_round": 2.0}, "datetime": {"datetime": "2024-01-19 02:35:05", "elapsed": 8658.950955, "delta": 0.006365}}
{"target": -17.677178250259505, "params": {"gamma": 50.366979955377865, "log10_alpha": -3.0683046306910393, "log10_colsample_bytree": -0.10710295129090674, "log10_eta": -3.742970814060997, "log10_lambda": -1.819466594385895, "log10_min_child_weight": 2.0379996075509816, "log10_subsample": -0.07346914937659921, "max_depth": 8.0, "num_boost_round": 3.0}, "datetime": {"datetime": "2024-01-19 02:35:05", "elapsed": 8658.957186, "delta": 0.006231}}
{"target": -17.677163780100013, "params": {"gamma": 50.366979955377865, "log10_alpha": -3.0683046306910393, "log10_colsample_bytree": -0.10710295129090674, "log10_eta": -3.742970814060997, "log10_lambda": -1.819466594385895, "log10_min_child_weight": 2.0379996075509816, "log10_subsample": -0.07346914937659921, "max_depth": 8.0, "num_boost_round": 4.0}, "datetime": {"datetime": "2024-01-19 02:35:05", "elapsed": 8658.963329, "delta": 0.006143}}
{"target": -17.677149206178772, "params": {"gamma": 50.366979955377865, "log10_alpha": -3.0683046306910393, "log10_colsample_bytree": -0.10710295129090674, "log10_eta": -3.742970814060997, "log10_lambda": -1.819466594385895, "log10_min_child_weight": 2.0379996075509816, "log10_subsample": -0.07346914937659921, "max_depth": 8.0, "num_boost_round": 5.0}, "datetime": {"datetime": "2024-01-19 02:35:05", "elapsed": 8658.969629, "delta": 0.0063}}
{"target": -17.677148624870238, "params": {"gamma": 50.366979955377865, "log10_alpha": -3.0683046306910393, "log10_colsample_bytree": -0.10710295129090674, "log10_eta": -3.742970814060997, "log10_lambda": -1.819466594385895, "log10_min_child_weight": 2.0379996075509816, "log10_subsample": -0.07346914937659921, "max_depth": 8.0, "num_boost_round": 6.0}, "datetime": {"datetime": "2024-01-19 02:35:05", "elapsed": 8658.975824, "delta": 0.006195}}
{"target": -17.67714304386846, "params": {"gamma": 50.366979955377865, "log10_alpha": -3.0683046306910393, "log10_colsample_bytree": -0.10710295129090674, "log10_eta": -3.742970814060997, "log10_lambda": -1.819466594385895, "log10_min_child_weight": 2.0379996075509816, "log10_subsample": -0.07346914937659921, "max_depth": 8.0, "num_boost_round": 7.0}, "datetime": {"datetime": "2024-01-19 02:35:05", "elapsed": 8658.981906, "delta": 0.006082}}
{"target": -17.677135272007092, "params": {"gamma": 50.366979955377865, "log10_alpha": -3.0683046306910393, "log10_colsample_bytree": -0.10710295129090674, "log10_eta": -3.742970814060997, "log10_lambda": -1.819466594385895, "log10_min_child_weight": 2.0379996075509816, "log10_subsample": -0.07346914937659921, "max_depth": 8.0, "num_boost_round": 8.0}, "datetime": {"datetime": "2024-01-19 02:35:05", "elapsed": 8658.987792, "delta": 0.005886}}
{"target": -17.677122000472334, "params": {"gamma": 50.366979955377865, "log10_alpha": -3.0683046306910393, "log10_colsample_bytree": -0.10710295129090674, "log10_eta": -3.742970814060997, "log10_lambda": -1.819466594385895, "log10_min_child_weight": 2.0379996075509816, "log10_subsample": -0.07346914937659921, "max_depth": 8.0, "num_boost_round": 9.0}, "datetime": {"datetime": "2024-01-19 02:35:05", "elapsed": 8658.993981, "delta": 0.006189}}
{"target": -17.677112860413544, "params": {"gamma": 50.366979955377865, "log10_alpha": -3.0683046306910393, "log10_colsample_bytree": -0.10710295129090674, "log10_eta": -3.742970814060997, "log10_lambda": -1.819466594385895, "log10_min_child_weight": 2.0379996075509816, "log10_subsample": -0.07346914937659921, "max_depth": 8.0, "num_boost_round": 10.0}, "datetime": {"datetime": "2024-01-19 02:35:05", "elapsed": 8658.999938, "delta": 0.005957}}
{"target": -17.677111134108607, "params": {"gamma": 50.366979955377865, "log10_alpha": -3.0683046306910393, "log10_colsample_bytree": -0.10710295129090674, "log10_eta": -3.742970814060997, "log10_lambda": -1.819466594385895, "log10_min_child_weight": 2.0379996075509816, "log10_subsample": -0.07346914937659921, "max_depth": 8.0, "num_boost_round": 11.0}, "datetime": {"datetime": "2024-01-19 02:35:05", "elapsed": 8659.006771, "delta": 0.006833}}
{"target": -17.677100530893355, "params": {"gamma": 50.366979955377865, "log10_alpha": -3.0683046306910393, "log10_colsample_bytree": -0.10710295129090674, "log10_eta": -3.742970814060997, "log10_lambda": -1.819466594385895, "log10_min_child_weight": 2.0379996075509816, "log10_subsample": -0.07346914937659921, "max_depth": 8.0, "num_boost_round": 12.0}, "datetime": {"datetime": "2024-01-19 02:35:05", "elapsed": 8659.013792, "delta": 0.007021}}
{"target": -17.677150430174336, "params": {"gamma": 11.252631786373728, "log10_alpha": 0.15498205100614862, "log10_colsample_bytree": -1.0, "log10_eta": -2.494170198423396, "log10_lambda": -2.5637764678362522, "log10_min_child_weight": 2.609408446677909, "log10_subsample": -0.731091254088408, "max_depth": 9.0, "num_boost_round": 0.0}, "datetime": {"datetime": "2024-01-19 02:37:36", "elapsed": 8810.457553, "delta": 151.443761}}
{"target": -17.677143221704757, "params": {"gamma": 11.252631786373728, "log10_alpha": 0.15498205100614862, "log10_colsample_bytree": -1.0, "log10_eta": -2.494170198423396, "log10_lambda": -2.5637764678362522, "log10_min_child_weight": 2.609408446677909, "log10_subsample": -0.731091254088408, "max_depth": 9.0, "num_boost_round": 1.0}, "datetime": {"datetime": "2024-01-19 02:37:36", "elapsed": 8810.464765, "delta": 0.007212}}
{"target": -17.677120102377515, "params": {"gamma": 11.252631786373728, "log10_alpha": 0.15498205100614862, "log10_colsample_bytree": -1.0, "log10_eta": -2.494170198423396, "log10_lambda": -2.5637764678362522, "log10_min_child_weight": 2.609408446677909, "log10_subsample": -0.731091254088408, "max_depth": 9.0, "num_boost_round": 2.0}, "datetime": {"datetime": "2024-01-19 02:37:36", "elapsed": 8810.471136, "delta": 0.006371}}
{"target": -17.677039167585725, "params": {"gamma": 11.252631786373728, "log10_alpha": 0.15498205100614862, "log10_colsample_bytree": -1.0, "log10_eta": -2.494170198423396, "log10_lambda": -2.5637764678362522, "log10_min_child_weight": 2.609408446677909, "log10_subsample": -0.731091254088408, "max_depth": 9.0, "num_boost_round": 3.0}, "datetime": {"datetime": "2024-01-19 02:37:36", "elapsed": 8810.477054, "delta": 0.005918}}
{"target": -17.676927827286573, "params": {"gamma": 11.252631786373728, "log10_alpha": 0.15498205100614862, "log10_colsample_bytree": -1.0, "log10_eta": -2.494170198423396, "log10_lambda": -2.5637764678362522, "log10_min_child_weight": 2.609408446677909, "log10_subsample": -0.731091254088408, "max_depth": 9.0, "num_boost_round": 4.0}, "datetime": {"datetime": "2024-01-19 02:37:36", "elapsed": 8810.482989, "delta": 0.005935}}
{"target": -17.67692898896428, "params": {"gamma": 11.252631786373728, "log10_alpha": 0.15498205100614862, "log10_colsample_bytree": -1.0, "log10_eta": -2.494170198423396, "log10_lambda": -2.5637764678362522, "log10_min_child_weight": 2.609408446677909, "log10_subsample": -0.731091254088408, "max_depth": 9.0, "num_boost_round": 5.0}, "datetime": {"datetime": "2024-01-19 02:37:36", "elapsed": 8810.489069, "delta": 0.00608}}
{"target": -17.67697919131215, "params": {"gamma": 11.252631786373728, "log10_alpha": 0.15498205100614862, "log10_colsample_bytree": -1.0, "log10_eta": -2.494170198423396, "log10_lambda": -2.5637764678362522, "log10_min_child_weight": 2.609408446677909, "log10_subsample": -0.731091254088408, "max_depth": 9.0, "num_boost_round": 6.0}, "datetime": {"datetime": "2024-01-19 02:37:36", "elapsed": 8810.49507, "delta": 0.006001}}
{"target": -17.676891705430016, "params": {"gamma": 11.252631786373728, "log10_alpha": 0.15498205100614862, "log10_colsample_bytree": -1.0, "log10_eta": -2.494170198423396, "log10_lambda": -2.5637764678362522, "log10_min_child_weight": 2.609408446677909, "log10_subsample": -0.731091254088408, "max_depth": 9.0, "num_boost_round": 7.0}, "datetime": {"datetime": "2024-01-19 02:37:36", "elapsed": 8810.500991, "delta": 0.005921}}
