{"target": -13.758436801404516, "params": {"gamma": 433.4054158297509, "log10_alpha": -2.2146689623828926, "log10_colsample_bytree": -0.5517023331384587, "log10_eta": -3.70399123502368, "log10_lambda": -1.9190441427626634, "log10_min_child_weight": 1.338890434633571, "log10_subsample": -0.9978562473425441, "max_depth": 5.0, "num_boost_round": 25.0}, "datetime": {"datetime": "2024-01-19 00:17:48", "elapsed": 372.466308, "delta": 0.000987}}
{"target": -13.758433803798834, "params": {"gamma": 433.4054158297509, "log10_alpha": -2.2146689623828926, "log10_colsample_bytree": -0.5517023331384587, "log10_eta": -3.70399123502368, "log10_lambda": -1.9190441427626634, "log10_min_child_weight": 1.338890434633571, "log10_subsample": -0.9978562473425441, "max_depth": 5.0, "num_boost_round": 26.0}, "datetime": {"datetime": "2024-01-19 00:17:48", "elapsed": 372.467317, "delta": 0.001009}}
{"target": -13.758421590530867, "params": {"gamma": 433.4054158297509, "log10_alpha": -2.2146689623828926, "log10_colsample_bytree": -0.5517023331384587, "log10_eta": -3.70399123502368, "log10_lambda": -1.9190441427626634, "log10_min_child_weight": 1.338890434633571, "log10_subsample": -0.9978562473425441, "max_depth": 5.0, "num_boost_round": 27.0}, "datetime": {"datetime": "2024-01-19 00:17:48", "elapsed": 372.4683, "delta": 0.000983}}
{"target": -13.758416237050833, "params": {"gamma": 433.4054158297509, "log10_alpha": -2.2146689623828926, "log10_colsample_bytree": -0.5517023331384587, "log10_eta": -3.70399123502368, "log10_lambda": -1.9190441427626634, "log10_min_child_weight": 1.338890434633571, "log10_subsample": -0.9978562473425441, "max_depth": 5.0, "num_boost_round": 28.0}, "datetime": {"datetime": "2024-01-19 00:17:48", "elapsed": 372.469304, "delta": 0.001004}}
{"target": -13.75840911653737, "params": {"gamma": 433.4054158297509, "log10_alpha": -2.2146689623828926, "log10_colsample_bytree": -0.5517023331384587, "log10_eta": -3.70399123502368, "log10_lambda": -1.9190441427626634, "log10_min_child_weight": 1.338890434633571, "log10_subsample": -0.9978562473425441, "max_depth": 5.0, "num_boost_round": 29.0}, "datetime": {"datetime": "2024-01-19 00:17:48", "elapsed": 372.470295, "delta": 0.000991}}
{"target": -13.758406209066443, "params": {"gamma": 433.4054158297509, "log10_alpha": -2.2146689623828926, "log10_colsample_bytree": -0.5517023331384587, "log10_eta": -3.70399123502368, "log10_lambda": -1.9190441427626634, "log10_min_child_weight": 1.338890434633571, "log10_subsample": -0.9978562473425441, "max_depth": 5.0, "num_boost_round": 30.0}, "datetime": {"datetime": "2024-01-19 00:17:48", "elapsed": 372.471271, "delta": 0.000976}}
{"target": -13.758393477080649, "params": {"gamma": 433.4054158297509, "log10_alpha": -2.2146689623828926, "log10_colsample_bytree": -0.5517023331384587, "log10_eta": -3.70399123502368, "log10_lambda": -1.9190441427626634, "log10_min_child_weight": 1.338890434633571, "log10_subsample": -0.9978562473425441, "max_depth": 5.0, "num_boost_round": 31.0}, "datetime": {"datetime": "2024-01-19 00:17:48", "elapsed": 372.472296, "delta": 0.001025}}
{"target": -13.758389281184318, "params": {"gamma": 433.4054158297509, "log10_alpha": -2.2146689623828926, "log10_colsample_bytree": -0.5517023331384587, "log10_eta": -3.70399123502368, "log10_lambda": -1.9190441427626634, "log10_min_child_weight": 1.338890434633571, "log10_subsample": -0.9978562473425441, "max_depth": 5.0, "num_boost_round": 32.0}, "datetime": {"datetime": "2024-01-19 00:17:48", "elapsed": 372.473272, "delta": 0.000976}}
{"target": -13.758384624718415, "params": {"gamma": 433.4054158297509, "log10_alpha": -2.2146689623828926, "log10_colsample_bytree": -0.5517023331384587, "log10_eta": -3.70399123502368, "log10_lambda": -1.9190441427626634, "log10_min_child_weight": 1.338890434633571, "log10_subsample": -0.9978562473425441, "max_depth": 5.0, "num_boost_round": 33.0}, "datetime": {"datetime": "2024-01-19 00:17:48", "elapsed": 372.474263, "delta": 0.000991}}
{"target": -13.758422382215514, "params": {"gamma": 441.5556231318511, "log10_alpha": -4.716367333658189, "log10_colsample_bytree": -0.8670435375815689, "log10_eta": -2.7352672911001474, "log10_lambda": 0.6773905365598925, "log10_min_child_weight": 0.5564933161291435, "log10_subsample": -0.30281470936482247, "max_depth": 9.0, "num_boost_round": 0.0}, "datetime": {"datetime": "2024-01-19 00:18:43", "elapsed": 427.723131, "delta": 55.248868}}
{"target": -13.758323886051304, "params": {"gamma": 441.5556231318511, "log10_alpha": -4.716367333658189, "log10_colsample_bytree": -0.8670435375815689, "log10_eta": -2.7352672911001474, "log10_lambda": 0.6773905365598925, "log10_min_child_weight": 0.5564933161291435, "log10_subsample": -0.30281470936482247, "max_depth": 9.0, "num_boost_round": 1.0}, "datetime": {"datetime": "2024-01-19 00:18:43", "elapsed": 427.724276, "delta": 0.001145}}
{"target": -13.75828317229427, "params": {"gamma": 441.5556231318511, "log10_alpha": -4.716367333658189, "log10_colsample_bytree": -0.8670435375815689, "log10_eta": -2.7352672911001474, "log10_lambda": 0.6773905365598925, "log10_min_child_weight": 0.5564933161291435, "log10_subsample": -0.30281470936482247, "max_depth": 9.0, "num_boost_round": 2.0}, "datetime": {"datetime": "2024-01-19 00:18:43", "elapsed": 427.725274, "delta": 0.000998}}
{"target": -13.75826774930763, "params": {"gamma": 441.5556231318511, "log10_alpha": -4.716367333658189, "log10_colsample_bytree": -0.8670435375815689, "log10_eta": -2.7352672911001474, "log10_lambda": 0.6773905365598925, "log10_min_child_weight": 0.5564933161291435, "log10_subsample": -0.30281470936482247, "max_depth": 9.0, "num_boost_round": 3.0}, "datetime": {"datetime": "2024-01-19 00:18:43", "elapsed": 427.726231, "delta": 0.000957}}
{"target": -13.758221593659842, "params": {"gamma": 441.5556231318511, "log10_alpha": -4.716367333658189, "log10_colsample_bytree": -0.8670435375815689, "log10_eta": -2.7352672911001474, "log10_lambda": 0.6773905365598925, "log10_min_child_weight": 0.5564933161291435, "log10_subsample": -0.30281470936482247, "max_depth": 9.0, "num_boost_round": 4.0}, "datetime": {"datetime": "2024-01-19 00:18:43", "elapsed": 427.727384, "delta": 0.001153}}
{"target": -13.758176272311273, "params": {"gamma": 441.5556231318511, "log10_alpha": -4.716367333658189, "log10_colsample_bytree": -0.8670435375815689, "log10_eta": -2.7352672911001474, "log10_lambda": 0.6773905365598925, "log10_min_child_weight": 0.5564933161291435, "log10_subsample": -0.30281470936482247, "max_depth": 9.0, "num_boost_round": 5.0}, "datetime": {"datetime": "2024-01-19 00:18:43", "elapsed": 427.728386, "delta": 0.001002}}
{"target": -13.758210435062853, "params": {"gamma": 441.5556231318511, "log10_alpha": -4.716367333658189, "log10_colsample_bytree": -0.8670435375815689, "log10_eta": -2.7352672911001474, "log10_lambda": 0.6773905365598925, "log10_min_child_weight": 0.5564933161291435, "log10_subsample": -0.30281470936482247, "max_depth": 9.0, "num_boost_round": 6.0}, "datetime": {"datetime": "2024-01-19 00:18:43", "elapsed": 427.729376, "delta": 0.00099}}
{"target": -13.758116430948329, "params": {"gamma": 441.5556231318511, "log10_alpha": -4.716367333658189, "log10_colsample_bytree": -0.8670435375815689, "log10_eta": -2.7352672911001474, "log10_lambda": 0.6773905365598925, "log10_min_child_weight": 0.5564933161291435, "log10_subsample": -0.30281470936482247, "max_depth": 9.0, "num_boost_round": 7.0}, "datetime": {"datetime": "2024-01-19 00:18:43", "elapsed": 427.730341, "delta": 0.000965}}
{"target": -13.758088283453112, "params": {"gamma": 441.5556231318511, "log10_alpha": -4.716367333658189, "log10_colsample_bytree": -0.8670435375815689, "log10_eta": -2.7352672911001474, "log10_lambda": 0.6773905365598925, "log10_min_child_weight": 0.5564933161291435, "log10_subsample": -0.30281470936482247, "max_depth": 9.0, "num_boost_round": 8.0}, "datetime": {"datetime": "2024-01-19 00:18:43", "elapsed": 427.7313, "delta": 0.000959}}
{"target": -13.75805770415422, "params": {"gamma": 441.5556231318511, "log10_alpha": -4.716367333658189, "log10_colsample_bytree": -0.8670435375815689, "log10_eta": -2.7352672911001474, "log10_lambda": 0.6773905365598925, "log10_min_child_weight": 0.5564933161291435, "log10_subsample": -0.30281470936482247, "max_depth": 9.0, "num_boost_round": 9.0}, "datetime": {"datetime": "2024-01-19 00:18:43", "elapsed": 427.732254, "delta": 0.000954}}
{"target": -13.757945558731164, "params": {"gamma": 441.5556231318511, "log10_alpha": -4.716367333658189, "log10_colsample_bytree": -0.8670435375815689, "log10_eta": -2.7352672911001474, "log10_lambda": 0.6773905365598925, "log10_min_child_weight": 0.5564933161291435, "log10_subsample": -0.30281470936482247, "max_depth": 9.0, "num_boost_round": 10.0}, "datetime": {"datetime": "2024-01-19 00:18:43", "elapsed": 427.733218, "delta": 0.000964}}
{"target": -13.757953296602134, "params": {"gamma": 441.5556231318511, "log10_alpha": -4.716367333658189, "log10_colsample_bytree": -0.8670435375815689, "log10_eta": -2.7352672911001474, "log10_lambda": 0.6773905365598925, "log10_min_child_weight": 0.5564933161291435, "log10_subsample": -0.30281470936482247, "max_depth": 9.0, "num_boost_round": 11.0}, "datetime": {"datetime": "2024-01-19 00:18:43", "elapsed": 427.734176, "delta": 0.000958}}
{"target": -13.758001667222912, "params": {"gamma": 441.5556231318511, "log10_alpha": -4.716367333658189, "log10_colsample_bytree": -0.8670435375815689, "log10_eta": -2.7352672911001474, "log10_lambda": 0.6773905365598925, "log10_min_child_weight": 0.5564933161291435, "log10_subsample": -0.30281470936482247, "max_depth": 9.0, "num_boost_round": 12.0}, "datetime": {"datetime": "2024-01-19 00:18:43", "elapsed": 427.73514, "delta": 0.000964}}
{"target": -13.757952813722886, "params": {"gamma": 441.5556231318511, "log10_alpha": -4.716367333658189, "log10_colsample_bytree": -0.8670435375815689, "log10_eta": -2.7352672911001474, "log10_lambda": 0.6773905365598925, "log10_min_child_weight": 0.5564933161291435, "log10_subsample": -0.30281470936482247, "max_depth": 9.0, "num_boost_round": 13.0}, "datetime": {"datetime": "2024-01-19 00:18:43", "elapsed": 427.736114, "delta": 0.000974}}
{"target": -13.757950106701415, "params": {"gamma": 441.5556231318511, "log10_alpha": -4.716367333658189, "log10_colsample_bytree": -0.8670435375815689, "log10_eta": -2.7352672911001474, "log10_lambda": 0.6773905365598925, "log10_min_child_weight": 0.5564933161291435, "log10_subsample": -0.30281470936482247, "max_depth": 9.0, "num_boost_round": 14.0}, "datetime": {"datetime": "2024-01-19 00:18:43", "elapsed": 427.737085, "delta": 0.000971}}
{"target": -13.75786889159022, "params": {"gamma": 441.5556231318511, "log10_alpha": -4.716367333658189, "log10_colsample_bytree": -0.8670435375815689, "log10_eta": -2.7352672911001474, "log10_lambda": 0.6773905365598925, "log10_min_child_weight": 0.5564933161291435, "log10_subsample": -0.30281470936482247, "max_depth": 9.0, "num_boost_round": 15.0}, "datetime": {"datetime": "2024-01-19 00:18:43", "elapsed": 427.738075, "delta": 0.00099}}
{"target": -13.757843487217544, "params": {"gamma": 441.5556231318511, "log10_alpha": -4.716367333658189, "log10_colsample_bytree": -0.8670435375815689, "log10_eta": -2.7352672911001474, "log10_lambda": 0.6773905365598925, "log10_min_child_weight": 0.5564933161291435, "log10_subsample": -0.30281470936482247, "max_depth": 9.0, "num_boost_round": 16.0}, "datetime": {"datetime": "2024-01-19 00:18:43", "elapsed": 427.739044, "delta": 0.000969}}
{"target": -13.757689056234044, "params": {"gamma": 441.5556231318511, "log10_alpha": -4.716367333658189, "log10_colsample_bytree": -0.8670435375815689, "log10_eta": -2.7352672911001474, "log10_lambda": 0.6773905365598925, "log10_min_child_weight": 0.5564933161291435, "log10_subsample": -0.30281470936482247, "max_depth": 9.0, "num_boost_round": 17.0}, "datetime": {"datetime": "2024-01-19 00:18:43", "elapsed": 427.740013, "delta": 0.000969}}
{"target": -13.75761599024284, "params": {"gamma": 441.5556231318511, "log10_alpha": -4.716367333658189, "log10_colsample_bytree": -0.8670435375815689, "log10_eta": -2.7352672911001474, "log10_lambda": 0.6773905365598925, "log10_min_child_weight": 0.5564933161291435, "log10_subsample": -0.30281470936482247, "max_depth": 9.0, "num_boost_round": 18.0}, "datetime": {"datetime": "2024-01-19 00:18:43", "elapsed": 427.74098, "delta": 0.000967}}
{"target": -13.757607117635914, "params": {"gamma": 441.5556231318511, "log10_alpha": -4.716367333658189, "log10_colsample_bytree": -0.8670435375815689, "log10_eta": -2.7352672911001474, "log10_lambda": 0.6773905365598925, "log10_min_child_weight": 0.5564933161291435, "log10_subsample": -0.30281470936482247, "max_depth": 9.0, "num_boost_round": 19.0}, "datetime": {"datetime": "2024-01-19 00:18:43", "elapsed": 427.741945, "delta": 0.000965}}
{"target": -13.757538680451857, "params": {"gamma": 441.5556231318511, "log10_alpha": -4.716367333658189, "log10_colsample_bytree": -0.8670435375815689, "log10_eta": -2.7352672911001474, "log10_lambda": 0.6773905365598925, "log10_min_child_weight": 0.5564933161291435, "log10_subsample": -0.30281470936482247, "max_depth": 9.0, "num_boost_round": 20.0}, "datetime": {"datetime": "2024-01-19 00:18:43", "elapsed": 427.742925, "delta": 0.00098}}
{"target": -13.75729582343908, "params": {"gamma": 441.5556231318511, "log10_alpha": -4.716367333658189, "log10_colsample_bytree": -0.8670435375815689, "log10_eta": -2.7352672911001474, "log10_lambda": 0.6773905365598925, "log10_min_child_weight": 0.5564933161291435, "log10_subsample": -0.30281470936482247, "max_depth": 9.0, "num_boost_round": 21.0}, "datetime": {"datetime": "2024-01-19 00:18:43", "elapsed": 427.744475, "delta": 0.00155}}
{"target": -13.757228755580652, "params": {"gamma": 441.5556231318511, "log10_alpha": -4.716367333658189, "log10_colsample_bytree": -0.8670435375815689, "log10_eta": -2.7352672911001474, "log10_lambda": 0.6773905365598925, "log10_min_child_weight": 0.5564933161291435, "log10_subsample": -0.30281470936482247, "max_depth": 9.0, "num_boost_round": 22.0}, "datetime": {"datetime": "2024-01-19 00:18:43", "elapsed": 427.745737, "delta": 0.001262}}
{"target": -13.75713999192013, "params": {"gamma": 441.5556231318511, "log10_alpha": -4.716367333658189, "log10_colsample_bytree": -0.8670435375815689, "log10_eta": -2.7352672911001474, "log10_lambda": 0.6773905365598925, "log10_min_child_weight": 0.5564933161291435, "log10_subsample": -0.30281470936482247, "max_depth": 9.0, "num_boost_round": 23.0}, "datetime": {"datetime": "2024-01-19 00:18:43", "elapsed": 427.746744, "delta": 0.001007}}
{"target": -13.757091464209841, "params": {"gamma": 441.5556231318511, "log10_alpha": -4.716367333658189, "log10_colsample_bytree": -0.8670435375815689, "log10_eta": -2.7352672911001474, "log10_lambda": 0.6773905365598925, "log10_min_child_weight": 0.5564933161291435, "log10_subsample": -0.30281470936482247, "max_depth": 9.0, "num_boost_round": 24.0}, "datetime": {"datetime": "2024-01-19 00:18:43", "elapsed": 427.747722, "delta": 0.000978}}
{"target": -13.757062506609936, "params": {"gamma": 441.5556231318511, "log10_alpha": -4.716367333658189, "log10_colsample_bytree": -0.8670435375815689, "log10_eta": -2.7352672911001474, "log10_lambda": 0.6773905365598925, "log10_min_child_weight": 0.5564933161291435, "log10_subsample": -0.30281470936482247, "max_depth": 9.0, "num_boost_round": 25.0}, "datetime": {"datetime": "2024-01-19 00:18:43", "elapsed": 427.748706, "delta": 0.000984}}
{"target": -13.757010169234135, "params": {"gamma": 441.5556231318511, "log10_alpha": -4.716367333658189, "log10_colsample_bytree": -0.8670435375815689, "log10_eta": -2.7352672911001474, "log10_lambda": 0.6773905365598925, "log10_min_child_weight": 0.5564933161291435, "log10_subsample": -0.30281470936482247, "max_depth": 9.0, "num_boost_round": 26.0}, "datetime": {"datetime": "2024-01-19 00:18:43", "elapsed": 427.749753, "delta": 0.001047}}
{"target": -13.756934692069727, "params": {"gamma": 441.5556231318511, "log10_alpha": -4.716367333658189, "log10_colsample_bytree": -0.8670435375815689, "log10_eta": -2.7352672911001474, "log10_lambda": 0.6773905365598925, "log10_min_child_weight": 0.5564933161291435, "log10_subsample": -0.30281470936482247, "max_depth": 9.0, "num_boost_round": 27.0}, "datetime": {"datetime": "2024-01-19 00:18:43", "elapsed": 427.750737, "delta": 0.000984}}
{"target": -13.75688834395043, "params": {"gamma": 441.5556231318511, "log10_alpha": -4.716367333658189, "log10_colsample_bytree": -0.8670435375815689, "log10_eta": -2.7352672911001474, "log10_lambda": 0.6773905365598925, "log10_min_child_weight": 0.5564933161291435, "log10_subsample": -0.30281470936482247, "max_depth": 9.0, "num_boost_round": 28.0}, "datetime": {"datetime": "2024-01-19 00:18:43", "elapsed": 427.751744, "delta": 0.001007}}
{"target": -13.756749270872776, "params": {"gamma": 441.5556231318511, "log10_alpha": -4.716367333658189, "log10_colsample_bytree": -0.8670435375815689, "log10_eta": -2.7352672911001474, "log10_lambda": 0.6773905365598925, "log10_min_child_weight": 0.5564933161291435, "log10_subsample": -0.30281470936482247, "max_depth": 9.0, "num_boost_round": 29.0}, "datetime": {"datetime": "2024-01-19 00:18:43", "elapsed": 427.752723, "delta": 0.000979}}
{"target": -13.756715660252755, "params": {"gamma": 441.5556231318511, "log10_alpha": -4.716367333658189, "log10_colsample_bytree": -0.8670435375815689, "log10_eta": -2.7352672911001474, "log10_lambda": 0.6773905365598925, "log10_min_child_weight": 0.5564933161291435, "log10_subsample": -0.30281470936482247, "max_depth": 9.0, "num_boost_round": 30.0}, "datetime": {"datetime": "2024-01-19 00:18:43", "elapsed": 427.753703, "delta": 0.00098}}
{"target": -13.756601342427572, "params": {"gamma": 441.5556231318511, "log10_alpha": -4.716367333658189, "log10_colsample_bytree": -0.8670435375815689, "log10_eta": -2.7352672911001474, "log10_lambda": 0.6773905365598925, "log10_min_child_weight": 0.5564933161291435, "log10_subsample": -0.30281470936482247, "max_depth": 9.0, "num_boost_round": 31.0}, "datetime": {"datetime": "2024-01-19 00:18:43", "elapsed": 427.754787, "delta": 0.001084}}
{"target": -13.756610900230964, "params": {"gamma": 441.5556231318511, "log10_alpha": -4.716367333658189, "log10_colsample_bytree": -0.8670435375815689, "log10_eta": -2.7352672911001474, "log10_lambda": 0.6773905365598925, "log10_min_child_weight": 0.5564933161291435, "log10_subsample": -0.30281470936482247, "max_depth": 9.0, "num_boost_round": 32.0}, "datetime": {"datetime": "2024-01-19 00:18:43", "elapsed": 427.755775, "delta": 0.000988}}
{"target": -13.756555265256532, "params": {"gamma": 441.5556231318511, "log10_alpha": -4.716367333658189, "log10_colsample_bytree": -0.8670435375815689, "log10_eta": -2.7352672911001474, "log10_lambda": 0.6773905365598925, "log10_min_child_weight": 0.5564933161291435, "log10_subsample": -0.30281470936482247, "max_depth": 9.0, "num_boost_round": 33.0}, "datetime": {"datetime": "2024-01-19 00:18:43", "elapsed": 427.756763, "delta": 0.000988}}
{"target": -13.756547648945961, "params": {"gamma": 441.5556231318511, "log10_alpha": -4.716367333658189, "log10_colsample_bytree": -0.8670435375815689, "log10_eta": -2.7352672911001474, "log10_lambda": 0.6773905365598925, "log10_min_child_weight": 0.5564933161291435, "log10_subsample": -0.30281470936482247, "max_depth": 9.0, "num_boost_round": 34.0}, "datetime": {"datetime": "2024-01-19 00:18:43", "elapsed": 427.757761, "delta": 0.000998}}
{"target": -13.756488654442782, "params": {"gamma": 441.5556231318511, "log10_alpha": -4.716367333658189, "log10_colsample_bytree": -0.8670435375815689, "log10_eta": -2.7352672911001474, "log10_lambda": 0.6773905365598925, "log10_min_child_weight": 0.5564933161291435, "log10_subsample": -0.30281470936482247, "max_depth": 9.0, "num_boost_round": 35.0}, "datetime": {"datetime": "2024-01-19 00:18:43", "elapsed": 427.758747, "delta": 0.000986}}
{"target": -13.756483587668079, "params": {"gamma": 441.5556231318511, "log10_alpha": -4.716367333658189, "log10_colsample_bytree": -0.8670435375815689, "log10_eta": -2.7352672911001474, "log10_lambda": 0.6773905365598925, "log10_min_child_weight": 0.5564933161291435, "log10_subsample": -0.30281470936482247, "max_depth": 9.0, "num_boost_round": 36.0}, "datetime": {"datetime": "2024-01-19 00:18:43", "elapsed": 427.759733, "delta": 0.000986}}
{"target": -13.756418107968585, "params": {"gamma": 441.5556231318511, "log10_alpha": -4.716367333658189, "log10_colsample_bytree": -0.8670435375815689, "log10_eta": -2.7352672911001474, "log10_lambda": 0.6773905365598925, "log10_min_child_weight": 0.5564933161291435, "log10_subsample": -0.30281470936482247, "max_depth": 9.0, "num_boost_round": 37.0}, "datetime": {"datetime": "2024-01-19 00:18:43", "elapsed": 427.760719, "delta": 0.000986}}
{"target": -13.756375778087834, "params": {"gamma": 441.5556231318511, "log10_alpha": -4.716367333658189, "log10_colsample_bytree": -0.8670435375815689, "log10_eta": -2.7352672911001474, "log10_lambda": 0.6773905365598925, "log10_min_child_weight": 0.5564933161291435, "log10_subsample": -0.30281470936482247, "max_depth": 9.0, "num_boost_round": 38.0}, "datetime": {"datetime": "2024-01-19 00:18:43", "elapsed": 427.761733, "delta": 0.001014}}
{"target": -13.756434629275725, "params": {"gamma": 441.5556231318511, "log10_alpha": -4.716367333658189, "log10_colsample_bytree": -0.8670435375815689, "log10_eta": -2.7352672911001474, "log10_lambda": 0.6773905365598925, "log10_min_child_weight": 0.5564933161291435, "log10_subsample": -0.30281470936482247, "max_depth": 9.0, "num_boost_round": 39.0}, "datetime": {"datetime": "2024-01-19 00:18:43", "elapsed": 427.762731, "delta": 0.000998}}
