{"target": -17.735512639309697, "params": {"gamma": 716.4765572568706, "log10_alpha": -2.616008869948176, "log10_colsample_bytree": -0.24659178082555688, "log10_eta": -0.8937137847280363, "log10_lambda": 0.8302271359577134, "log10_min_child_weight": 3.693047075916514, "log10_subsample": -0.4982190336628759, "max_depth": 5.0, "num_boost_round": 32.0}, "datetime": {"datetime": "2024-01-19 00:32:44", "elapsed": 1272.279122, "delta": 0.001812}}
{"target": -17.73673002822965, "params": {"gamma": 716.4765572568706, "log10_alpha": -2.616008869948176, "log10_colsample_bytree": -0.24659178082555688, "log10_eta": -0.8937137847280363, "log10_lambda": 0.8302271359577134, "log10_min_child_weight": 3.693047075916514, "log10_subsample": -0.4982190336628759, "max_depth": 5.0, "num_boost_round": 33.0}, "datetime": {"datetime": "2024-01-19 00:32:44", "elapsed": 1272.2809, "delta": 0.001778}}
{"target": -17.73910429707017, "params": {"gamma": 716.4765572568706, "log10_alpha": -2.616008869948176, "log10_colsample_bytree": -0.24659178082555688, "log10_eta": -0.8937137847280363, "log10_lambda": 0.8302271359577134, "log10_min_child_weight": 3.693047075916514, "log10_subsample": -0.4982190336628759, "max_depth": 5.0, "num_boost_round": 34.0}, "datetime": {"datetime": "2024-01-19 00:32:44", "elapsed": 1272.282607, "delta": 0.001707}}
{"target": -17.743866626137336, "params": {"gamma": 716.4765572568706, "log10_alpha": -2.616008869948176, "log10_colsample_bytree": -0.24659178082555688, "log10_eta": -0.8937137847280363, "log10_lambda": 0.8302271359577134, "log10_min_child_weight": 3.693047075916514, "log10_subsample": -0.4982190336628759, "max_depth": 5.0, "num_boost_round": 35.0}, "datetime": {"datetime": "2024-01-19 00:32:44", "elapsed": 1272.284306, "delta": 0.001699}}
{"target": -17.74535161052797, "params": {"gamma": 716.4765572568706, "log10_alpha": -2.616008869948176, "log10_colsample_bytree": -0.24659178082555688, "log10_eta": -0.8937137847280363, "log10_lambda": 0.8302271359577134, "log10_min_child_weight": 3.693047075916514, "log10_subsample": -0.4982190336628759, "max_depth": 5.0, "num_boost_round": 36.0}, "datetime": {"datetime": "2024-01-19 00:32:44", "elapsed": 1272.285995, "delta": 0.001689}}
{"target": -17.747118297955687, "params": {"gamma": 716.4765572568706, "log10_alpha": -2.616008869948176, "log10_colsample_bytree": -0.24659178082555688, "log10_eta": -0.8937137847280363, "log10_lambda": 0.8302271359577134, "log10_min_child_weight": 3.693047075916514, "log10_subsample": -0.4982190336628759, "max_depth": 5.0, "num_boost_round": 37.0}, "datetime": {"datetime": "2024-01-19 00:32:44", "elapsed": 1272.28788, "delta": 0.001885}}
{"target": -17.750630607822362, "params": {"gamma": 716.4765572568706, "log10_alpha": -2.616008869948176, "log10_colsample_bytree": -0.24659178082555688, "log10_eta": -0.8937137847280363, "log10_lambda": 0.8302271359577134, "log10_min_child_weight": 3.693047075916514, "log10_subsample": -0.4982190336628759, "max_depth": 5.0, "num_boost_round": 38.0}, "datetime": {"datetime": "2024-01-19 00:32:44", "elapsed": 1272.28959, "delta": 0.00171}}
{"target": -17.750287501516183, "params": {"gamma": 716.4765572568706, "log10_alpha": -2.616008869948176, "log10_colsample_bytree": -0.24659178082555688, "log10_eta": -0.8937137847280363, "log10_lambda": 0.8302271359577134, "log10_min_child_weight": 3.693047075916514, "log10_subsample": -0.4982190336628759, "max_depth": 5.0, "num_boost_round": 39.0}, "datetime": {"datetime": "2024-01-19 00:32:44", "elapsed": 1272.291294, "delta": 0.001704}}
{"target": -17.75058628143973, "params": {"gamma": 716.4765572568706, "log10_alpha": -2.616008869948176, "log10_colsample_bytree": -0.24659178082555688, "log10_eta": -0.8937137847280363, "log10_lambda": 0.8302271359577134, "log10_min_child_weight": 3.693047075916514, "log10_subsample": -0.4982190336628759, "max_depth": 5.0, "num_boost_round": 40.0}, "datetime": {"datetime": "2024-01-19 00:32:44", "elapsed": 1272.292998, "delta": 0.001704}}
{"target": -17.753791105943918, "params": {"gamma": 716.4765572568706, "log10_alpha": -2.616008869948176, "log10_colsample_bytree": -0.24659178082555688, "log10_eta": -0.8937137847280363, "log10_lambda": 0.8302271359577134, "log10_min_child_weight": 3.693047075916514, "log10_subsample": -0.4982190336628759, "max_depth": 5.0, "num_boost_round": 41.0}, "datetime": {"datetime": "2024-01-19 00:32:44", "elapsed": 1272.294715, "delta": 0.001717}}
{"target": -17.755628124351116, "params": {"gamma": 716.4765572568706, "log10_alpha": -2.616008869948176, "log10_colsample_bytree": -0.24659178082555688, "log10_eta": -0.8937137847280363, "log10_lambda": 0.8302271359577134, "log10_min_child_weight": 3.693047075916514, "log10_subsample": -0.4982190336628759, "max_depth": 5.0, "num_boost_round": 42.0}, "datetime": {"datetime": "2024-01-19 00:32:44", "elapsed": 1272.296502, "delta": 0.001787}}
{"target": -17.757136468428204, "params": {"gamma": 716.4765572568706, "log10_alpha": -2.616008869948176, "log10_colsample_bytree": -0.24659178082555688, "log10_eta": -0.8937137847280363, "log10_lambda": 0.8302271359577134, "log10_min_child_weight": 3.693047075916514, "log10_subsample": -0.4982190336628759, "max_depth": 5.0, "num_boost_round": 43.0}, "datetime": {"datetime": "2024-01-19 00:32:44", "elapsed": 1272.298208, "delta": 0.001706}}
{"target": -17.759723904209416, "params": {"gamma": 716.4765572568706, "log10_alpha": -2.616008869948176, "log10_colsample_bytree": -0.24659178082555688, "log10_eta": -0.8937137847280363, "log10_lambda": 0.8302271359577134, "log10_min_child_weight": 3.693047075916514, "log10_subsample": -0.4982190336628759, "max_depth": 5.0, "num_boost_round": 44.0}, "datetime": {"datetime": "2024-01-19 00:32:44", "elapsed": 1272.29992, "delta": 0.001712}}
{"target": -17.75979313755691, "params": {"gamma": 716.4765572568706, "log10_alpha": -2.616008869948176, "log10_colsample_bytree": -0.24659178082555688, "log10_eta": -0.8937137847280363, "log10_lambda": 0.8302271359577134, "log10_min_child_weight": 3.693047075916514, "log10_subsample": -0.4982190336628759, "max_depth": 5.0, "num_boost_round": 45.0}, "datetime": {"datetime": "2024-01-19 00:32:44", "elapsed": 1272.301639, "delta": 0.001719}}
{"target": -17.76392259187426, "params": {"gamma": 716.4765572568706, "log10_alpha": -2.616008869948176, "log10_colsample_bytree": -0.24659178082555688, "log10_eta": -0.8937137847280363, "log10_lambda": 0.8302271359577134, "log10_min_child_weight": 3.693047075916514, "log10_subsample": -0.4982190336628759, "max_depth": 5.0, "num_boost_round": 46.0}, "datetime": {"datetime": "2024-01-19 00:32:44", "elapsed": 1272.303339, "delta": 0.0017}}
{"target": -17.764591590727733, "params": {"gamma": 716.4765572568706, "log10_alpha": -2.616008869948176, "log10_colsample_bytree": -0.24659178082555688, "log10_eta": -0.8937137847280363, "log10_lambda": 0.8302271359577134, "log10_min_child_weight": 3.693047075916514, "log10_subsample": -0.4982190336628759, "max_depth": 5.0, "num_boost_round": 47.0}, "datetime": {"datetime": "2024-01-19 00:32:44", "elapsed": 1272.305051, "delta": 0.001712}}
{"target": -17.764869597995038, "params": {"gamma": 716.4765572568706, "log10_alpha": -2.616008869948176, "log10_colsample_bytree": -0.24659178082555688, "log10_eta": -0.8937137847280363, "log10_lambda": 0.8302271359577134, "log10_min_child_weight": 3.693047075916514, "log10_subsample": -0.4982190336628759, "max_depth": 5.0, "num_boost_round": 48.0}, "datetime": {"datetime": "2024-01-19 00:32:44", "elapsed": 1272.306756, "delta": 0.001705}}
{"target": -17.768372040925563, "params": {"gamma": 716.4765572568706, "log10_alpha": -2.616008869948176, "log10_colsample_bytree": -0.24659178082555688, "log10_eta": -0.8937137847280363, "log10_lambda": 0.8302271359577134, "log10_min_child_weight": 3.693047075916514, "log10_subsample": -0.4982190336628759, "max_depth": 5.0, "num_boost_round": 49.0}, "datetime": {"datetime": "2024-01-19 00:32:44", "elapsed": 1272.308587, "delta": 0.001831}}
{"target": -17.772444760880997, "params": {"gamma": 716.4765572568706, "log10_alpha": -2.616008869948176, "log10_colsample_bytree": -0.24659178082555688, "log10_eta": -0.8937137847280363, "log10_lambda": 0.8302271359577134, "log10_min_child_weight": 3.693047075916514, "log10_subsample": -0.4982190336628759, "max_depth": 5.0, "num_boost_round": 50.0}, "datetime": {"datetime": "2024-01-19 00:32:44", "elapsed": 1272.310308, "delta": 0.001721}}
{"target": -17.775089806778716, "params": {"gamma": 716.4765572568706, "log10_alpha": -2.616008869948176, "log10_colsample_bytree": -0.24659178082555688, "log10_eta": -0.8937137847280363, "log10_lambda": 0.8302271359577134, "log10_min_child_weight": 3.693047075916514, "log10_subsample": -0.4982190336628759, "max_depth": 5.0, "num_boost_round": 51.0}, "datetime": {"datetime": "2024-01-19 00:32:44", "elapsed": 1272.312018, "delta": 0.00171}}
{"target": -17.77451430397202, "params": {"gamma": 716.4765572568706, "log10_alpha": -2.616008869948176, "log10_colsample_bytree": -0.24659178082555688, "log10_eta": -0.8937137847280363, "log10_lambda": 0.8302271359577134, "log10_min_child_weight": 3.693047075916514, "log10_subsample": -0.4982190336628759, "max_depth": 5.0, "num_boost_round": 52.0}, "datetime": {"datetime": "2024-01-19 00:32:44", "elapsed": 1272.313754, "delta": 0.001736}}
{"target": -17.776521749273673, "params": {"gamma": 716.4765572568706, "log10_alpha": -2.616008869948176, "log10_colsample_bytree": -0.24659178082555688, "log10_eta": -0.8937137847280363, "log10_lambda": 0.8302271359577134, "log10_min_child_weight": 3.693047075916514, "log10_subsample": -0.4982190336628759, "max_depth": 5.0, "num_boost_round": 53.0}, "datetime": {"datetime": "2024-01-19 00:32:44", "elapsed": 1272.315478, "delta": 0.001724}}
{"target": -17.780045994645825, "params": {"gamma": 716.4765572568706, "log10_alpha": -2.616008869948176, "log10_colsample_bytree": -0.24659178082555688, "log10_eta": -0.8937137847280363, "log10_lambda": 0.8302271359577134, "log10_min_child_weight": 3.693047075916514, "log10_subsample": -0.4982190336628759, "max_depth": 5.0, "num_boost_round": 54.0}, "datetime": {"datetime": "2024-01-19 00:32:44", "elapsed": 1272.317285, "delta": 0.001807}}
{"target": -17.782323050615577, "params": {"gamma": 716.4765572568706, "log10_alpha": -2.616008869948176, "log10_colsample_bytree": -0.24659178082555688, "log10_eta": -0.8937137847280363, "log10_lambda": 0.8302271359577134, "log10_min_child_weight": 3.693047075916514, "log10_subsample": -0.4982190336628759, "max_depth": 5.0, "num_boost_round": 55.0}, "datetime": {"datetime": "2024-01-19 00:32:44", "elapsed": 1272.319001, "delta": 0.001716}}
{"target": -17.78375897833706, "params": {"gamma": 716.4765572568706, "log10_alpha": -2.616008869948176, "log10_colsample_bytree": -0.24659178082555688, "log10_eta": -0.8937137847280363, "log10_lambda": 0.8302271359577134, "log10_min_child_weight": 3.693047075916514, "log10_subsample": -0.4982190336628759, "max_depth": 5.0, "num_boost_round": 56.0}, "datetime": {"datetime": "2024-01-19 00:32:44", "elapsed": 1272.320733, "delta": 0.001732}}
{"target": -17.787068531013926, "params": {"gamma": 716.4765572568706, "log10_alpha": -2.616008869948176, "log10_colsample_bytree": -0.24659178082555688, "log10_eta": -0.8937137847280363, "log10_lambda": 0.8302271359577134, "log10_min_child_weight": 3.693047075916514, "log10_subsample": -0.4982190336628759, "max_depth": 5.0, "num_boost_round": 57.0}, "datetime": {"datetime": "2024-01-19 00:32:44", "elapsed": 1272.322462, "delta": 0.001729}}
{"target": -17.791104840640255, "params": {"gamma": 716.4765572568706, "log10_alpha": -2.616008869948176, "log10_colsample_bytree": -0.24659178082555688, "log10_eta": -0.8937137847280363, "log10_lambda": 0.8302271359577134, "log10_min_child_weight": 3.693047075916514, "log10_subsample": -0.4982190336628759, "max_depth": 5.0, "num_boost_round": 58.0}, "datetime": {"datetime": "2024-01-19 00:32:44", "elapsed": 1272.324201, "delta": 0.001739}}
{"target": -17.796105614180533, "params": {"gamma": 716.4765572568706, "log10_alpha": -2.616008869948176, "log10_colsample_bytree": -0.24659178082555688, "log10_eta": -0.8937137847280363, "log10_lambda": 0.8302271359577134, "log10_min_child_weight": 3.693047075916514, "log10_subsample": -0.4982190336628759, "max_depth": 5.0, "num_boost_round": 59.0}, "datetime": {"datetime": "2024-01-19 00:32:44", "elapsed": 1272.325933, "delta": 0.001732}}
{"target": -17.7977783547505, "params": {"gamma": 716.4765572568706, "log10_alpha": -2.616008869948176, "log10_colsample_bytree": -0.24659178082555688, "log10_eta": -0.8937137847280363, "log10_lambda": 0.8302271359577134, "log10_min_child_weight": 3.693047075916514, "log10_subsample": -0.4982190336628759, "max_depth": 5.0, "num_boost_round": 60.0}, "datetime": {"datetime": "2024-01-19 00:32:44", "elapsed": 1272.327814, "delta": 0.001881}}
{"target": -17.799194978087428, "params": {"gamma": 716.4765572568706, "log10_alpha": -2.616008869948176, "log10_colsample_bytree": -0.24659178082555688, "log10_eta": -0.8937137847280363, "log10_lambda": 0.8302271359577134, "log10_min_child_weight": 3.693047075916514, "log10_subsample": -0.4982190336628759, "max_depth": 5.0, "num_boost_round": 61.0}, "datetime": {"datetime": "2024-01-19 00:32:44", "elapsed": 1272.329654, "delta": 0.00184}}
{"target": -17.80092076730913, "params": {"gamma": 716.4765572568706, "log10_alpha": -2.616008869948176, "log10_colsample_bytree": -0.24659178082555688, "log10_eta": -0.8937137847280363, "log10_lambda": 0.8302271359577134, "log10_min_child_weight": 3.693047075916514, "log10_subsample": -0.4982190336628759, "max_depth": 5.0, "num_boost_round": 62.0}, "datetime": {"datetime": "2024-01-19 00:32:44", "elapsed": 1272.331526, "delta": 0.001872}}
{"target": -17.801043529503474, "params": {"gamma": 716.4765572568706, "log10_alpha": -2.616008869948176, "log10_colsample_bytree": -0.24659178082555688, "log10_eta": -0.8937137847280363, "log10_lambda": 0.8302271359577134, "log10_min_child_weight": 3.693047075916514, "log10_subsample": -0.4982190336628759, "max_depth": 5.0, "num_boost_round": 63.0}, "datetime": {"datetime": "2024-01-19 00:32:44", "elapsed": 1272.333272, "delta": 0.001746}}
{"target": -17.677218271718036, "params": {"gamma": 712.6848619668871, "log10_alpha": -4.749544654542895, "log10_colsample_bytree": -0.7304289558650496, "log10_eta": -3.6481281844743716, "log10_lambda": -1.8857085677826513, "log10_min_child_weight": 1.1097370875385326, "log10_subsample": -0.10616911144170316, "max_depth": 7.0, "num_boost_round": 0.0}, "datetime": {"datetime": "2024-01-19 00:33:17", "elapsed": 1304.40919, "delta": 32.075918}}
{"target": -17.67721091175652, "params": {"gamma": 712.6848619668871, "log10_alpha": -4.749544654542895, "log10_colsample_bytree": -0.7304289558650496, "log10_eta": -3.6481281844743716, "log10_lambda": -1.8857085677826513, "log10_min_child_weight": 1.1097370875385326, "log10_subsample": -0.10616911144170316, "max_depth": 7.0, "num_boost_round": 1.0}, "datetime": {"datetime": "2024-01-19 00:33:17", "elapsed": 1304.4116, "delta": 0.00241}}
{"target": -17.677193671630846, "params": {"gamma": 712.6848619668871, "log10_alpha": -4.749544654542895, "log10_colsample_bytree": -0.7304289558650496, "log10_eta": -3.6481281844743716, "log10_lambda": -1.8857085677826513, "log10_min_child_weight": 1.1097370875385326, "log10_subsample": -0.10616911144170316, "max_depth": 7.0, "num_boost_round": 2.0}, "datetime": {"datetime": "2024-01-19 00:33:17", "elapsed": 1304.413379, "delta": 0.001779}}
{"target": -17.677172873120075, "params": {"gamma": 712.6848619668871, "log10_alpha": -4.749544654542895, "log10_colsample_bytree": -0.7304289558650496, "log10_eta": -3.6481281844743716, "log10_lambda": -1.8857085677826513, "log10_min_child_weight": 1.1097370875385326, "log10_subsample": -0.10616911144170316, "max_depth": 7.0, "num_boost_round": 3.0}, "datetime": {"datetime": "2024-01-19 00:33:17", "elapsed": 1304.415242, "delta": 0.001863}}
{"target": -17.6771503424343, "params": {"gamma": 712.6848619668871, "log10_alpha": -4.749544654542895, "log10_colsample_bytree": -0.7304289558650496, "log10_eta": -3.6481281844743716, "log10_lambda": -1.8857085677826513, "log10_min_child_weight": 1.1097370875385326, "log10_subsample": -0.10616911144170316, "max_depth": 7.0, "num_boost_round": 4.0}, "datetime": {"datetime": "2024-01-19 00:33:17", "elapsed": 1304.417087, "delta": 0.001845}}
{"target": -17.677130898779378, "params": {"gamma": 712.6848619668871, "log10_alpha": -4.749544654542895, "log10_colsample_bytree": -0.7304289558650496, "log10_eta": -3.6481281844743716, "log10_lambda": -1.8857085677826513, "log10_min_child_weight": 1.1097370875385326, "log10_subsample": -0.10616911144170316, "max_depth": 7.0, "num_boost_round": 5.0}, "datetime": {"datetime": "2024-01-19 00:33:17", "elapsed": 1304.418832, "delta": 0.001745}}
{"target": -17.677123424221595, "params": {"gamma": 712.6848619668871, "log10_alpha": -4.749544654542895, "log10_colsample_bytree": -0.7304289558650496, "log10_eta": -3.6481281844743716, "log10_lambda": -1.8857085677826513, "log10_min_child_weight": 1.1097370875385326, "log10_subsample": -0.10616911144170316, "max_depth": 7.0, "num_boost_round": 6.0}, "datetime": {"datetime": "2024-01-19 00:33:17", "elapsed": 1304.420533, "delta": 0.001701}}
{"target": -17.677106232726523, "params": {"gamma": 712.6848619668871, "log10_alpha": -4.749544654542895, "log10_colsample_bytree": -0.7304289558650496, "log10_eta": -3.6481281844743716, "log10_lambda": -1.8857085677826513, "log10_min_child_weight": 1.1097370875385326, "log10_subsample": -0.10616911144170316, "max_depth": 7.0, "num_boost_round": 7.0}, "datetime": {"datetime": "2024-01-19 00:33:17", "elapsed": 1304.422242, "delta": 0.001709}}
{"target": -17.6770982593601, "params": {"gamma": 712.6848619668871, "log10_alpha": -4.749544654542895, "log10_colsample_bytree": -0.7304289558650496, "log10_eta": -3.6481281844743716, "log10_lambda": -1.8857085677826513, "log10_min_child_weight": 1.1097370875385326, "log10_subsample": -0.10616911144170316, "max_depth": 7.0, "num_boost_round": 8.0}, "datetime": {"datetime": "2024-01-19 00:33:17", "elapsed": 1304.423978, "delta": 0.001736}}
{"target": -17.677100039907565, "params": {"gamma": 712.6848619668871, "log10_alpha": -4.749544654542895, "log10_colsample_bytree": -0.7304289558650496, "log10_eta": -3.6481281844743716, "log10_lambda": -1.8857085677826513, "log10_min_child_weight": 1.1097370875385326, "log10_subsample": -0.10616911144170316, "max_depth": 7.0, "num_boost_round": 9.0}, "datetime": {"datetime": "2024-01-19 00:33:17", "elapsed": 1304.425704, "delta": 0.001726}}
{"target": -17.67708328238552, "params": {"gamma": 712.6848619668871, "log10_alpha": -4.749544654542895, "log10_colsample_bytree": -0.7304289558650496, "log10_eta": -3.6481281844743716, "log10_lambda": -1.8857085677826513, "log10_min_child_weight": 1.1097370875385326, "log10_subsample": -0.10616911144170316, "max_depth": 7.0, "num_boost_round": 10.0}, "datetime": {"datetime": "2024-01-19 00:33:17", "elapsed": 1304.42757, "delta": 0.001866}}
{"target": -17.6770811104726, "params": {"gamma": 712.6848619668871, "log10_alpha": -4.749544654542895, "log10_colsample_bytree": -0.7304289558650496, "log10_eta": -3.6481281844743716, "log10_lambda": -1.8857085677826513, "log10_min_child_weight": 1.1097370875385326, "log10_subsample": -0.10616911144170316, "max_depth": 7.0, "num_boost_round": 11.0}, "datetime": {"datetime": "2024-01-19 00:33:17", "elapsed": 1304.429483, "delta": 0.001913}}
{"target": -17.67706695847519, "params": {"gamma": 712.6848619668871, "log10_alpha": -4.749544654542895, "log10_colsample_bytree": -0.7304289558650496, "log10_eta": -3.6481281844743716, "log10_lambda": -1.8857085677826513, "log10_min_child_weight": 1.1097370875385326, "log10_subsample": -0.10616911144170316, "max_depth": 7.0, "num_boost_round": 12.0}, "datetime": {"datetime": "2024-01-19 00:33:17", "elapsed": 1304.431249, "delta": 0.001766}}
{"target": -17.67704206241797, "params": {"gamma": 712.6848619668871, "log10_alpha": -4.749544654542895, "log10_colsample_bytree": -0.7304289558650496, "log10_eta": -3.6481281844743716, "log10_lambda": -1.8857085677826513, "log10_min_child_weight": 1.1097370875385326, "log10_subsample": -0.10616911144170316, "max_depth": 7.0, "num_boost_round": 13.0}, "datetime": {"datetime": "2024-01-19 00:33:17", "elapsed": 1304.432966, "delta": 0.001717}}
{"target": -17.67704620848859, "params": {"gamma": 712.6848619668871, "log10_alpha": -4.749544654542895, "log10_colsample_bytree": -0.7304289558650496, "log10_eta": -3.6481281844743716, "log10_lambda": -1.8857085677826513, "log10_min_child_weight": 1.1097370875385326, "log10_subsample": -0.10616911144170316, "max_depth": 7.0, "num_boost_round": 14.0}, "datetime": {"datetime": "2024-01-19 00:33:17", "elapsed": 1304.434674, "delta": 0.001708}}
{"target": -17.677025008818166, "params": {"gamma": 712.6848619668871, "log10_alpha": -4.749544654542895, "log10_colsample_bytree": -0.7304289558650496, "log10_eta": -3.6481281844743716, "log10_lambda": -1.8857085677826513, "log10_min_child_weight": 1.1097370875385326, "log10_subsample": -0.10616911144170316, "max_depth": 7.0, "num_boost_round": 15.0}, "datetime": {"datetime": "2024-01-19 00:33:17", "elapsed": 1304.436393, "delta": 0.001719}}
{"target": -17.677021629509046, "params": {"gamma": 712.6848619668871, "log10_alpha": -4.749544654542895, "log10_colsample_bytree": -0.7304289558650496, "log10_eta": -3.6481281844743716, "log10_lambda": -1.8857085677826513, "log10_min_child_weight": 1.1097370875385326, "log10_subsample": -0.10616911144170316, "max_depth": 7.0, "num_boost_round": 16.0}, "datetime": {"datetime": "2024-01-19 00:33:17", "elapsed": 1304.438193, "delta": 0.0018}}
