{"target": -13.758525689560175, "params": {"gamma": 718.5475819630601, "log10_alpha": 0.8764769243640584, "log10_colsample_bytree": -0.06893280413114888, "log10_eta": -2.9409726336873723, "log10_lambda": -3.311989700794861, "log10_min_child_weight": 1.131065072919772, "log10_subsample": -0.8277049493650925, "max_depth": 3.0, "num_boost_round": 2.0}, "datetime": {"datetime": "2024-01-19 01:42:07", "elapsed": 5426.540202, "delta": 0.007001}}
{"target": -13.758516410337506, "params": {"gamma": 718.5475819630601, "log10_alpha": 0.8764769243640584, "log10_colsample_bytree": -0.06893280413114888, "log10_eta": -2.9409726336873723, "log10_lambda": -3.311989700794861, "log10_min_child_weight": 1.131065072919772, "log10_subsample": -0.8277049493650925, "max_depth": 3.0, "num_boost_round": 3.0}, "datetime": {"datetime": "2024-01-19 01:42:07", "elapsed": 5426.546938, "delta": 0.006736}}
{"target": -13.75852992483175, "params": {"gamma": 718.5475819630601, "log10_alpha": 0.8764769243640584, "log10_colsample_bytree": -0.06893280413114888, "log10_eta": -2.9409726336873723, "log10_lambda": -3.311989700794861, "log10_min_child_weight": 1.131065072919772, "log10_subsample": -0.8277049493650925, "max_depth": 3.0, "num_boost_round": 4.0}, "datetime": {"datetime": "2024-01-19 01:42:07", "elapsed": 5426.552868, "delta": 0.00593}}
{"target": -13.758521298867093, "params": {"gamma": 718.5475819630601, "log10_alpha": 0.8764769243640584, "log10_colsample_bytree": -0.06893280413114888, "log10_eta": -2.9409726336873723, "log10_lambda": -3.311989700794861, "log10_min_child_weight": 1.131065072919772, "log10_subsample": -0.8277049493650925, "max_depth": 3.0, "num_boost_round": 5.0}, "datetime": {"datetime": "2024-01-19 01:42:07", "elapsed": 5426.558759, "delta": 0.005891}}
{"target": -13.758512757337494, "params": {"gamma": 718.5475819630601, "log10_alpha": 0.8764769243640584, "log10_colsample_bytree": -0.06893280413114888, "log10_eta": -2.9409726336873723, "log10_lambda": -3.311989700794861, "log10_min_child_weight": 1.131065072919772, "log10_subsample": -0.8277049493650925, "max_depth": 3.0, "num_boost_round": 6.0}, "datetime": {"datetime": "2024-01-19 01:42:07", "elapsed": 5426.564536, "delta": 0.005777}}
{"target": -13.758495475992738, "params": {"gamma": 718.5475819630601, "log10_alpha": 0.8764769243640584, "log10_colsample_bytree": -0.06893280413114888, "log10_eta": -2.9409726336873723, "log10_lambda": -3.311989700794861, "log10_min_child_weight": 1.131065072919772, "log10_subsample": -0.8277049493650925, "max_depth": 3.0, "num_boost_round": 7.0}, "datetime": {"datetime": "2024-01-19 01:42:07", "elapsed": 5426.570315, "delta": 0.005779}}
{"target": -13.758498310200203, "params": {"gamma": 718.5475819630601, "log10_alpha": 0.8764769243640584, "log10_colsample_bytree": -0.06893280413114888, "log10_eta": -2.9409726336873723, "log10_lambda": -3.311989700794861, "log10_min_child_weight": 1.131065072919772, "log10_subsample": -0.8277049493650925, "max_depth": 3.0, "num_boost_round": 8.0}, "datetime": {"datetime": "2024-01-19 01:42:07", "elapsed": 5426.576104, "delta": 0.005789}}
{"target": -13.758488691331042, "params": {"gamma": 718.5475819630601, "log10_alpha": 0.8764769243640584, "log10_colsample_bytree": -0.06893280413114888, "log10_eta": -2.9409726336873723, "log10_lambda": -3.311989700794861, "log10_min_child_weight": 1.131065072919772, "log10_subsample": -0.8277049493650925, "max_depth": 3.0, "num_boost_round": 9.0}, "datetime": {"datetime": "2024-01-19 01:42:07", "elapsed": 5426.58195, "delta": 0.005846}}
{"target": -13.758470733357932, "params": {"gamma": 718.5475819630601, "log10_alpha": 0.8764769243640584, "log10_colsample_bytree": -0.06893280413114888, "log10_eta": -2.9409726336873723, "log10_lambda": -3.311989700794861, "log10_min_child_weight": 1.131065072919772, "log10_subsample": -0.8277049493650925, "max_depth": 3.0, "num_boost_round": 10.0}, "datetime": {"datetime": "2024-01-19 01:42:07", "elapsed": 5426.587554, "delta": 0.005604}}
{"target": -13.758466280180306, "params": {"gamma": 718.5475819630601, "log10_alpha": 0.8764769243640584, "log10_colsample_bytree": -0.06893280413114888, "log10_eta": -2.9409726336873723, "log10_lambda": -3.311989700794861, "log10_min_child_weight": 1.131065072919772, "log10_subsample": -0.8277049493650925, "max_depth": 3.0, "num_boost_round": 11.0}, "datetime": {"datetime": "2024-01-19 01:42:07", "elapsed": 5426.593168, "delta": 0.005614}}
{"target": -13.758445007301189, "params": {"gamma": 718.5475819630601, "log10_alpha": 0.8764769243640584, "log10_colsample_bytree": -0.06893280413114888, "log10_eta": -2.9409726336873723, "log10_lambda": -3.311989700794861, "log10_min_child_weight": 1.131065072919772, "log10_subsample": -0.8277049493650925, "max_depth": 3.0, "num_boost_round": 12.0}, "datetime": {"datetime": "2024-01-19 01:42:07", "elapsed": 5426.60291, "delta": 0.009742}}
{"target": -13.758442033363579, "params": {"gamma": 718.5475819630601, "log10_alpha": 0.8764769243640584, "log10_colsample_bytree": -0.06893280413114888, "log10_eta": -2.9409726336873723, "log10_lambda": -3.311989700794861, "log10_min_child_weight": 1.131065072919772, "log10_subsample": -0.8277049493650925, "max_depth": 3.0, "num_boost_round": 13.0}, "datetime": {"datetime": "2024-01-19 01:42:07", "elapsed": 5426.608797, "delta": 0.005887}}
{"target": -13.758439986334174, "params": {"gamma": 718.5475819630601, "log10_alpha": 0.8764769243640584, "log10_colsample_bytree": -0.06893280413114888, "log10_eta": -2.9409726336873723, "log10_lambda": -3.311989700794861, "log10_min_child_weight": 1.131065072919772, "log10_subsample": -0.8277049493650925, "max_depth": 3.0, "num_boost_round": 14.0}, "datetime": {"datetime": "2024-01-19 01:42:07", "elapsed": 5426.614329, "delta": 0.005532}}
{"target": -13.758439424497318, "params": {"gamma": 718.5475819630601, "log10_alpha": 0.8764769243640584, "log10_colsample_bytree": -0.06893280413114888, "log10_eta": -2.9409726336873723, "log10_lambda": -3.311989700794861, "log10_min_child_weight": 1.131065072919772, "log10_subsample": -0.8277049493650925, "max_depth": 3.0, "num_boost_round": 15.0}, "datetime": {"datetime": "2024-01-19 01:42:07", "elapsed": 5426.619986, "delta": 0.005657}}
{"target": -13.75840857525618, "params": {"gamma": 718.5475819630601, "log10_alpha": 0.8764769243640584, "log10_colsample_bytree": -0.06893280413114888, "log10_eta": -2.9409726336873723, "log10_lambda": -3.311989700794861, "log10_min_child_weight": 1.131065072919772, "log10_subsample": -0.8277049493650925, "max_depth": 3.0, "num_boost_round": 16.0}, "datetime": {"datetime": "2024-01-19 01:42:07", "elapsed": 5426.625309, "delta": 0.005323}}
{"target": -13.758398668677915, "params": {"gamma": 718.5475819630601, "log10_alpha": 0.8764769243640584, "log10_colsample_bytree": -0.06893280413114888, "log10_eta": -2.9409726336873723, "log10_lambda": -3.311989700794861, "log10_min_child_weight": 1.131065072919772, "log10_subsample": -0.8277049493650925, "max_depth": 3.0, "num_boost_round": 17.0}, "datetime": {"datetime": "2024-01-19 01:42:07", "elapsed": 5426.630591, "delta": 0.005282}}
{"target": -13.758399673816786, "params": {"gamma": 718.5475819630601, "log10_alpha": 0.8764769243640584, "log10_colsample_bytree": -0.06893280413114888, "log10_eta": -2.9409726336873723, "log10_lambda": -3.311989700794861, "log10_min_child_weight": 1.131065072919772, "log10_subsample": -0.8277049493650925, "max_depth": 3.0, "num_boost_round": 18.0}, "datetime": {"datetime": "2024-01-19 01:42:07", "elapsed": 5426.635883, "delta": 0.005292}}
{"target": -13.758394942984333, "params": {"gamma": 718.5475819630601, "log10_alpha": 0.8764769243640584, "log10_colsample_bytree": -0.06893280413114888, "log10_eta": -2.9409726336873723, "log10_lambda": -3.311989700794861, "log10_min_child_weight": 1.131065072919772, "log10_subsample": -0.8277049493650925, "max_depth": 3.0, "num_boost_round": 19.0}, "datetime": {"datetime": "2024-01-19 01:42:07", "elapsed": 5426.641078, "delta": 0.005195}}
{"target": -13.758394869876552, "params": {"gamma": 718.5475819630601, "log10_alpha": 0.8764769243640584, "log10_colsample_bytree": -0.06893280413114888, "log10_eta": -2.9409726336873723, "log10_lambda": -3.311989700794861, "log10_min_child_weight": 1.131065072919772, "log10_subsample": -0.8277049493650925, "max_depth": 3.0, "num_boost_round": 20.0}, "datetime": {"datetime": "2024-01-19 01:42:07", "elapsed": 5426.646629, "delta": 0.005551}}
{"target": -13.758393056179584, "params": {"gamma": 718.5475819630601, "log10_alpha": 0.8764769243640584, "log10_colsample_bytree": -0.06893280413114888, "log10_eta": -2.9409726336873723, "log10_lambda": -3.311989700794861, "log10_min_child_weight": 1.131065072919772, "log10_subsample": -0.8277049493650925, "max_depth": 3.0, "num_boost_round": 21.0}, "datetime": {"datetime": "2024-01-19 01:42:07", "elapsed": 5426.652406, "delta": 0.005777}}
{"target": -13.758399313746885, "params": {"gamma": 718.5475819630601, "log10_alpha": 0.8764769243640584, "log10_colsample_bytree": -0.06893280413114888, "log10_eta": -2.9409726336873723, "log10_lambda": -3.311989700794861, "log10_min_child_weight": 1.131065072919772, "log10_subsample": -0.8277049493650925, "max_depth": 3.0, "num_boost_round": 22.0}, "datetime": {"datetime": "2024-01-19 01:42:07", "elapsed": 5426.657694, "delta": 0.005288}}
{"target": -13.758389128843815, "params": {"gamma": 718.5475819630601, "log10_alpha": 0.8764769243640584, "log10_colsample_bytree": -0.06893280413114888, "log10_eta": -2.9409726336873723, "log10_lambda": -3.311989700794861, "log10_min_child_weight": 1.131065072919772, "log10_subsample": -0.8277049493650925, "max_depth": 3.0, "num_boost_round": 23.0}, "datetime": {"datetime": "2024-01-19 01:42:07", "elapsed": 5426.664045, "delta": 0.006351}}
{"target": -13.758350774208731, "params": {"gamma": 718.5475819630601, "log10_alpha": 0.8764769243640584, "log10_colsample_bytree": -0.06893280413114888, "log10_eta": -2.9409726336873723, "log10_lambda": -3.311989700794861, "log10_min_child_weight": 1.131065072919772, "log10_subsample": -0.8277049493650925, "max_depth": 3.0, "num_boost_round": 24.0}, "datetime": {"datetime": "2024-01-19 01:42:07", "elapsed": 5426.669623, "delta": 0.005578}}
{"target": -13.758330414671489, "params": {"gamma": 718.5475819630601, "log10_alpha": 0.8764769243640584, "log10_colsample_bytree": -0.06893280413114888, "log10_eta": -2.9409726336873723, "log10_lambda": -3.311989700794861, "log10_min_child_weight": 1.131065072919772, "log10_subsample": -0.8277049493650925, "max_depth": 3.0, "num_boost_round": 25.0}, "datetime": {"datetime": "2024-01-19 01:42:07", "elapsed": 5426.675085, "delta": 0.005462}}
{"target": -13.758537817830874, "params": {"gamma": 713.8303770979198, "log10_alpha": -3.2139010069735967, "log10_colsample_bytree": -0.903282901518599, "log10_eta": -3.594340716726056, "log10_lambda": 0.1785369223992106, "log10_min_child_weight": 4.890527701866446, "log10_subsample": -0.16203074613020485, "max_depth": 7.0, "num_boost_round": 0.0}, "datetime": {"datetime": "2024-01-19 01:44:08", "elapsed": 5547.423139, "delta": 120.748054}}
{"target": -13.758536835491523, "params": {"gamma": 713.8303770979198, "log10_alpha": -3.2139010069735967, "log10_colsample_bytree": -0.903282901518599, "log10_eta": -3.594340716726056, "log10_lambda": 0.1785369223992106, "log10_min_child_weight": 4.890527701866446, "log10_subsample": -0.16203074613020485, "max_depth": 7.0, "num_boost_round": 1.0}, "datetime": {"datetime": "2024-01-19 01:44:08", "elapsed": 5547.428892, "delta": 0.005753}}
{"target": -13.758537092173029, "params": {"gamma": 713.8303770979198, "log10_alpha": -3.2139010069735967, "log10_colsample_bytree": -0.903282901518599, "log10_eta": -3.594340716726056, "log10_lambda": 0.1785369223992106, "log10_min_child_weight": 4.890527701866446, "log10_subsample": -0.16203074613020485, "max_depth": 7.0, "num_boost_round": 2.0}, "datetime": {"datetime": "2024-01-19 01:44:08", "elapsed": 5547.434485, "delta": 0.005593}}
{"target": -13.758537623976597, "params": {"gamma": 713.8303770979198, "log10_alpha": -3.2139010069735967, "log10_colsample_bytree": -0.903282901518599, "log10_eta": -3.594340716726056, "log10_lambda": 0.1785369223992106, "log10_min_child_weight": 4.890527701866446, "log10_subsample": -0.16203074613020485, "max_depth": 7.0, "num_boost_round": 3.0}, "datetime": {"datetime": "2024-01-19 01:44:08", "elapsed": 5547.440033, "delta": 0.005548}}
{"target": -13.758538288976181, "params": {"gamma": 713.8303770979198, "log10_alpha": -3.2139010069735967, "log10_colsample_bytree": -0.903282901518599, "log10_eta": -3.594340716726056, "log10_lambda": 0.1785369223992106, "log10_min_child_weight": 4.890527701866446, "log10_subsample": -0.16203074613020485, "max_depth": 7.0, "num_boost_round": 4.0}, "datetime": {"datetime": "2024-01-19 01:44:08", "elapsed": 5547.571614, "delta": 0.131581}}
{"target": -13.758536403952421, "params": {"gamma": 713.8303770979198, "log10_alpha": -3.2139010069735967, "log10_colsample_bytree": -0.903282901518599, "log10_eta": -3.594340716726056, "log10_lambda": 0.1785369223992106, "log10_min_child_weight": 4.890527701866446, "log10_subsample": -0.16203074613020485, "max_depth": 7.0, "num_boost_round": 5.0}, "datetime": {"datetime": "2024-01-19 01:44:08", "elapsed": 5547.578087, "delta": 0.006473}}
{"target": -13.758537439267007, "params": {"gamma": 713.8303770979198, "log10_alpha": -3.2139010069735967, "log10_colsample_bytree": -0.903282901518599, "log10_eta": -3.594340716726056, "log10_lambda": 0.1785369223992106, "log10_min_child_weight": 4.890527701866446, "log10_subsample": -0.16203074613020485, "max_depth": 7.0, "num_boost_round": 6.0}, "datetime": {"datetime": "2024-01-19 01:44:08", "elapsed": 5547.583712, "delta": 0.005625}}
{"target": -13.758536731280907, "params": {"gamma": 713.8303770979198, "log10_alpha": -3.2139010069735967, "log10_colsample_bytree": -0.903282901518599, "log10_eta": -3.594340716726056, "log10_lambda": 0.1785369223992106, "log10_min_child_weight": 4.890527701866446, "log10_subsample": -0.16203074613020485, "max_depth": 7.0, "num_boost_round": 7.0}, "datetime": {"datetime": "2024-01-19 01:44:08", "elapsed": 5547.589018, "delta": 0.005306}}
{"target": -13.758536664720046, "params": {"gamma": 713.8303770979198, "log10_alpha": -3.2139010069735967, "log10_colsample_bytree": -0.903282901518599, "log10_eta": -3.594340716726056, "log10_lambda": 0.1785369223992106, "log10_min_child_weight": 4.890527701866446, "log10_subsample": -0.16203074613020485, "max_depth": 7.0, "num_boost_round": 8.0}, "datetime": {"datetime": "2024-01-19 01:44:08", "elapsed": 5547.594392, "delta": 0.005374}}
{"target": -13.758538203061004, "params": {"gamma": 713.8303770979198, "log10_alpha": -3.2139010069735967, "log10_colsample_bytree": -0.903282901518599, "log10_eta": -3.594340716726056, "log10_lambda": 0.1785369223992106, "log10_min_child_weight": 4.890527701866446, "log10_subsample": -0.16203074613020485, "max_depth": 7.0, "num_boost_round": 9.0}, "datetime": {"datetime": "2024-01-19 01:44:08", "elapsed": 5547.599906, "delta": 0.005514}}
{"target": -13.75853624995249, "params": {"gamma": 713.8303770979198, "log10_alpha": -3.2139010069735967, "log10_colsample_bytree": -0.903282901518599, "log10_eta": -3.594340716726056, "log10_lambda": 0.1785369223992106, "log10_min_child_weight": 4.890527701866446, "log10_subsample": -0.16203074613020485, "max_depth": 7.0, "num_boost_round": 10.0}, "datetime": {"datetime": "2024-01-19 01:44:08", "elapsed": 5547.605429, "delta": 0.005523}}
{"target": -13.758535565530574, "params": {"gamma": 713.8303770979198, "log10_alpha": -3.2139010069735967, "log10_colsample_bytree": -0.903282901518599, "log10_eta": -3.594340716726056, "log10_lambda": 0.1785369223992106, "log10_min_child_weight": 4.890527701866446, "log10_subsample": -0.16203074613020485, "max_depth": 7.0, "num_boost_round": 11.0}, "datetime": {"datetime": "2024-01-19 01:44:08", "elapsed": 5547.610649, "delta": 0.00522}}
{"target": -13.758537632649112, "params": {"gamma": 713.8303770979198, "log10_alpha": -3.2139010069735967, "log10_colsample_bytree": -0.903282901518599, "log10_eta": -3.594340716726056, "log10_lambda": 0.1785369223992106, "log10_min_child_weight": 4.890527701866446, "log10_subsample": -0.16203074613020485, "max_depth": 7.0, "num_boost_round": 12.0}, "datetime": {"datetime": "2024-01-19 01:44:08", "elapsed": 5547.61594, "delta": 0.005291}}
{"target": -13.758535644459991, "params": {"gamma": 713.8303770979198, "log10_alpha": -3.2139010069735967, "log10_colsample_bytree": -0.903282901518599, "log10_eta": -3.594340716726056, "log10_lambda": 0.1785369223992106, "log10_min_child_weight": 4.890527701866446, "log10_subsample": -0.16203074613020485, "max_depth": 7.0, "num_boost_round": 13.0}, "datetime": {"datetime": "2024-01-19 01:44:08", "elapsed": 5547.621149, "delta": 0.005209}}
{"target": -13.758535247634152, "params": {"gamma": 713.8303770979198, "log10_alpha": -3.2139010069735967, "log10_colsample_bytree": -0.903282901518599, "log10_eta": -3.594340716726056, "log10_lambda": 0.1785369223992106, "log10_min_child_weight": 4.890527701866446, "log10_subsample": -0.16203074613020485, "max_depth": 7.0, "num_boost_round": 14.0}, "datetime": {"datetime": "2024-01-19 01:44:08", "elapsed": 5547.626621, "delta": 0.005472}}
{"target": -13.758532135750498, "params": {"gamma": 713.8303770979198, "log10_alpha": -3.2139010069735967, "log10_colsample_bytree": -0.903282901518599, "log10_eta": -3.594340716726056, "log10_lambda": 0.1785369223992106, "log10_min_child_weight": 4.890527701866446, "log10_subsample": -0.16203074613020485, "max_depth": 7.0, "num_boost_round": 15.0}, "datetime": {"datetime": "2024-01-19 01:44:08", "elapsed": 5547.632063, "delta": 0.005442}}
{"target": -13.75853025068171, "params": {"gamma": 713.8303770979198, "log10_alpha": -3.2139010069735967, "log10_colsample_bytree": -0.903282901518599, "log10_eta": -3.594340716726056, "log10_lambda": 0.1785369223992106, "log10_min_child_weight": 4.890527701866446, "log10_subsample": -0.16203074613020485, "max_depth": 7.0, "num_boost_round": 16.0}, "datetime": {"datetime": "2024-01-19 01:44:08", "elapsed": 5547.637568, "delta": 0.005505}}
{"target": -13.7585305516438, "params": {"gamma": 713.8303770979198, "log10_alpha": -3.2139010069735967, "log10_colsample_bytree": -0.903282901518599, "log10_eta": -3.594340716726056, "log10_lambda": 0.1785369223992106, "log10_min_child_weight": 4.890527701866446, "log10_subsample": -0.16203074613020485, "max_depth": 7.0, "num_boost_round": 17.0}, "datetime": {"datetime": "2024-01-19 01:44:08", "elapsed": 5547.642936, "delta": 0.005368}}
{"target": -13.75852982360721, "params": {"gamma": 713.8303770979198, "log10_alpha": -3.2139010069735967, "log10_colsample_bytree": -0.903282901518599, "log10_eta": -3.594340716726056, "log10_lambda": 0.1785369223992106, "log10_min_child_weight": 4.890527701866446, "log10_subsample": -0.16203074613020485, "max_depth": 7.0, "num_boost_round": 18.0}, "datetime": {"datetime": "2024-01-19 01:44:08", "elapsed": 5547.648263, "delta": 0.005327}}
{"target": -13.758530587075251, "params": {"gamma": 713.8303770979198, "log10_alpha": -3.2139010069735967, "log10_colsample_bytree": -0.903282901518599, "log10_eta": -3.594340716726056, "log10_lambda": 0.1785369223992106, "log10_min_child_weight": 4.890527701866446, "log10_subsample": -0.16203074613020485, "max_depth": 7.0, "num_boost_round": 19.0}, "datetime": {"datetime": "2024-01-19 01:44:08", "elapsed": 5547.65371, "delta": 0.005447}}
{"target": -13.75853077326969, "params": {"gamma": 713.8303770979198, "log10_alpha": -3.2139010069735967, "log10_colsample_bytree": -0.903282901518599, "log10_eta": -3.594340716726056, "log10_lambda": 0.1785369223992106, "log10_min_child_weight": 4.890527701866446, "log10_subsample": -0.16203074613020485, "max_depth": 7.0, "num_boost_round": 20.0}, "datetime": {"datetime": "2024-01-19 01:44:08", "elapsed": 5547.658971, "delta": 0.005261}}
{"target": -13.758529493855468, "params": {"gamma": 713.8303770979198, "log10_alpha": -3.2139010069735967, "log10_colsample_bytree": -0.903282901518599, "log10_eta": -3.594340716726056, "log10_lambda": 0.1785369223992106, "log10_min_child_weight": 4.890527701866446, "log10_subsample": -0.16203074613020485, "max_depth": 7.0, "num_boost_round": 21.0}, "datetime": {"datetime": "2024-01-19 01:44:08", "elapsed": 5547.665451, "delta": 0.00648}}
{"target": -13.75852917333485, "params": {"gamma": 713.8303770979198, "log10_alpha": -3.2139010069735967, "log10_colsample_bytree": -0.903282901518599, "log10_eta": -3.594340716726056, "log10_lambda": 0.1785369223992106, "log10_min_child_weight": 4.890527701866446, "log10_subsample": -0.16203074613020485, "max_depth": 7.0, "num_boost_round": 22.0}, "datetime": {"datetime": "2024-01-19 01:44:08", "elapsed": 5547.671148, "delta": 0.005697}}
{"target": -13.758527602404618, "params": {"gamma": 713.8303770979198, "log10_alpha": -3.2139010069735967, "log10_colsample_bytree": -0.903282901518599, "log10_eta": -3.594340716726056, "log10_lambda": 0.1785369223992106, "log10_min_child_weight": 4.890527701866446, "log10_subsample": -0.16203074613020485, "max_depth": 7.0, "num_boost_round": 23.0}, "datetime": {"datetime": "2024-01-19 01:44:08", "elapsed": 5547.676519, "delta": 0.005371}}
{"target": -13.758526641884703, "params": {"gamma": 713.8303770979198, "log10_alpha": -3.2139010069735967, "log10_colsample_bytree": -0.903282901518599, "log10_eta": -3.594340716726056, "log10_lambda": 0.1785369223992106, "log10_min_child_weight": 4.890527701866446, "log10_subsample": -0.16203074613020485, "max_depth": 7.0, "num_boost_round": 24.0}, "datetime": {"datetime": "2024-01-19 01:44:08", "elapsed": 5547.681969, "delta": 0.00545}}
