{"target": -13.758506298938297, "params": {"gamma": 423.5139279250109, "log10_alpha": -0.16713715056757472, "log10_colsample_bytree": -0.9001299528033938, "log10_eta": -3.4178473785872376, "log10_lambda": -2.3539266001095114, "log10_min_child_weight": 3.1719707614770725, "log10_subsample": -0.7776069150651082, "max_depth": 9.0, "num_boost_round": 10.0}, "datetime": {"datetime": "2024-01-19 00:52:58", "elapsed": 2481.283367, "delta": 0.003765}}
{"target": -13.758506978256909, "params": {"gamma": 423.5139279250109, "log10_alpha": -0.16713715056757472, "log10_colsample_bytree": -0.9001299528033938, "log10_eta": -3.4178473785872376, "log10_lambda": -2.3539266001095114, "log10_min_child_weight": 3.1719707614770725, "log10_subsample": -0.7776069150651082, "max_depth": 9.0, "num_boost_round": 11.0}, "datetime": {"datetime": "2024-01-19 00:52:58", "elapsed": 2481.287224, "delta": 0.003857}}
{"target": -13.758499216890538, "params": {"gamma": 423.5139279250109, "log10_alpha": -0.16713715056757472, "log10_colsample_bytree": -0.9001299528033938, "log10_eta": -3.4178473785872376, "log10_lambda": -2.3539266001095114, "log10_min_child_weight": 3.1719707614770725, "log10_subsample": -0.7776069150651082, "max_depth": 9.0, "num_boost_round": 12.0}, "datetime": {"datetime": "2024-01-19 00:52:58", "elapsed": 2481.291184, "delta": 0.00396}}
{"target": -13.758494336500215, "params": {"gamma": 423.5139279250109, "log10_alpha": -0.16713715056757472, "log10_colsample_bytree": -0.9001299528033938, "log10_eta": -3.4178473785872376, "log10_lambda": -2.3539266001095114, "log10_min_child_weight": 3.1719707614770725, "log10_subsample": -0.7776069150651082, "max_depth": 9.0, "num_boost_round": 13.0}, "datetime": {"datetime": "2024-01-19 00:52:58", "elapsed": 2481.295151, "delta": 0.003967}}
{"target": -13.75848896763186, "params": {"gamma": 423.5139279250109, "log10_alpha": -0.16713715056757472, "log10_colsample_bytree": -0.9001299528033938, "log10_eta": -3.4178473785872376, "log10_lambda": -2.3539266001095114, "log10_min_child_weight": 3.1719707614770725, "log10_subsample": -0.7776069150651082, "max_depth": 9.0, "num_boost_round": 14.0}, "datetime": {"datetime": "2024-01-19 00:52:58", "elapsed": 2481.299326, "delta": 0.004175}}
{"target": -13.758477831346575, "params": {"gamma": 423.5139279250109, "log10_alpha": -0.16713715056757472, "log10_colsample_bytree": -0.9001299528033938, "log10_eta": -3.4178473785872376, "log10_lambda": -2.3539266001095114, "log10_min_child_weight": 3.1719707614770725, "log10_subsample": -0.7776069150651082, "max_depth": 9.0, "num_boost_round": 15.0}, "datetime": {"datetime": "2024-01-19 00:52:58", "elapsed": 2481.303206, "delta": 0.00388}}
{"target": -13.758475223858806, "params": {"gamma": 423.5139279250109, "log10_alpha": -0.16713715056757472, "log10_colsample_bytree": -0.9001299528033938, "log10_eta": -3.4178473785872376, "log10_lambda": -2.3539266001095114, "log10_min_child_weight": 3.1719707614770725, "log10_subsample": -0.7776069150651082, "max_depth": 9.0, "num_boost_round": 16.0}, "datetime": {"datetime": "2024-01-19 00:52:58", "elapsed": 2481.307086, "delta": 0.00388}}
{"target": -13.758467367536564, "params": {"gamma": 423.5139279250109, "log10_alpha": -0.16713715056757472, "log10_colsample_bytree": -0.9001299528033938, "log10_eta": -3.4178473785872376, "log10_lambda": -2.3539266001095114, "log10_min_child_weight": 3.1719707614770725, "log10_subsample": -0.7776069150651082, "max_depth": 9.0, "num_boost_round": 17.0}, "datetime": {"datetime": "2024-01-19 00:52:58", "elapsed": 2481.310869, "delta": 0.003783}}
{"target": -13.758460929885635, "params": {"gamma": 423.5139279250109, "log10_alpha": -0.16713715056757472, "log10_colsample_bytree": -0.9001299528033938, "log10_eta": -3.4178473785872376, "log10_lambda": -2.3539266001095114, "log10_min_child_weight": 3.1719707614770725, "log10_subsample": -0.7776069150651082, "max_depth": 9.0, "num_boost_round": 18.0}, "datetime": {"datetime": "2024-01-19 00:52:58", "elapsed": 2481.314728, "delta": 0.003859}}
{"target": -13.758451296813192, "params": {"gamma": 423.5139279250109, "log10_alpha": -0.16713715056757472, "log10_colsample_bytree": -0.9001299528033938, "log10_eta": -3.4178473785872376, "log10_lambda": -2.3539266001095114, "log10_min_child_weight": 3.1719707614770725, "log10_subsample": -0.7776069150651082, "max_depth": 9.0, "num_boost_round": 19.0}, "datetime": {"datetime": "2024-01-19 00:52:58", "elapsed": 2481.318567, "delta": 0.003839}}
{"target": -13.758454456319244, "params": {"gamma": 423.5139279250109, "log10_alpha": -0.16713715056757472, "log10_colsample_bytree": -0.9001299528033938, "log10_eta": -3.4178473785872376, "log10_lambda": -2.3539266001095114, "log10_min_child_weight": 3.1719707614770725, "log10_subsample": -0.7776069150651082, "max_depth": 9.0, "num_boost_round": 20.0}, "datetime": {"datetime": "2024-01-19 00:52:58", "elapsed": 2481.322387, "delta": 0.00382}}
{"target": -13.758448073411083, "params": {"gamma": 423.5139279250109, "log10_alpha": -0.16713715056757472, "log10_colsample_bytree": -0.9001299528033938, "log10_eta": -3.4178473785872376, "log10_lambda": -2.3539266001095114, "log10_min_child_weight": 3.1719707614770725, "log10_subsample": -0.7776069150651082, "max_depth": 9.0, "num_boost_round": 21.0}, "datetime": {"datetime": "2024-01-19 00:52:58", "elapsed": 2481.326231, "delta": 0.003844}}
{"target": -13.758439878784985, "params": {"gamma": 423.5139279250109, "log10_alpha": -0.16713715056757472, "log10_colsample_bytree": -0.9001299528033938, "log10_eta": -3.4178473785872376, "log10_lambda": -2.3539266001095114, "log10_min_child_weight": 3.1719707614770725, "log10_subsample": -0.7776069150651082, "max_depth": 9.0, "num_boost_round": 22.0}, "datetime": {"datetime": "2024-01-19 00:52:58", "elapsed": 2481.330078, "delta": 0.003847}}
{"target": -13.7584252726011, "params": {"gamma": 423.5139279250109, "log10_alpha": -0.16713715056757472, "log10_colsample_bytree": -0.9001299528033938, "log10_eta": -3.4178473785872376, "log10_lambda": -2.3539266001095114, "log10_min_child_weight": 3.1719707614770725, "log10_subsample": -0.7776069150651082, "max_depth": 9.0, "num_boost_round": 23.0}, "datetime": {"datetime": "2024-01-19 00:52:58", "elapsed": 2481.33398, "delta": 0.003902}}
{"target": -13.758419758660041, "params": {"gamma": 423.5139279250109, "log10_alpha": -0.16713715056757472, "log10_colsample_bytree": -0.9001299528033938, "log10_eta": -3.4178473785872376, "log10_lambda": -2.3539266001095114, "log10_min_child_weight": 3.1719707614770725, "log10_subsample": -0.7776069150651082, "max_depth": 9.0, "num_boost_round": 24.0}, "datetime": {"datetime": "2024-01-19 00:52:58", "elapsed": 2481.337806, "delta": 0.003826}}
{"target": -13.758418770430776, "params": {"gamma": 423.5139279250109, "log10_alpha": -0.16713715056757472, "log10_colsample_bytree": -0.9001299528033938, "log10_eta": -3.4178473785872376, "log10_lambda": -2.3539266001095114, "log10_min_child_weight": 3.1719707614770725, "log10_subsample": -0.7776069150651082, "max_depth": 9.0, "num_boost_round": 25.0}, "datetime": {"datetime": "2024-01-19 00:52:58", "elapsed": 2481.341643, "delta": 0.003837}}
{"target": -13.758416561801953, "params": {"gamma": 423.5139279250109, "log10_alpha": -0.16713715056757472, "log10_colsample_bytree": -0.9001299528033938, "log10_eta": -3.4178473785872376, "log10_lambda": -2.3539266001095114, "log10_min_child_weight": 3.1719707614770725, "log10_subsample": -0.7776069150651082, "max_depth": 9.0, "num_boost_round": 26.0}, "datetime": {"datetime": "2024-01-19 00:52:58", "elapsed": 2481.345477, "delta": 0.003834}}
{"target": -13.75841736253311, "params": {"gamma": 423.5139279250109, "log10_alpha": -0.16713715056757472, "log10_colsample_bytree": -0.9001299528033938, "log10_eta": -3.4178473785872376, "log10_lambda": -2.3539266001095114, "log10_min_child_weight": 3.1719707614770725, "log10_subsample": -0.7776069150651082, "max_depth": 9.0, "num_boost_round": 27.0}, "datetime": {"datetime": "2024-01-19 00:52:58", "elapsed": 2481.349304, "delta": 0.003827}}
{"target": -13.758412391034845, "params": {"gamma": 423.5139279250109, "log10_alpha": -0.16713715056757472, "log10_colsample_bytree": -0.9001299528033938, "log10_eta": -3.4178473785872376, "log10_lambda": -2.3539266001095114, "log10_min_child_weight": 3.1719707614770725, "log10_subsample": -0.7776069150651082, "max_depth": 9.0, "num_boost_round": 28.0}, "datetime": {"datetime": "2024-01-19 00:52:58", "elapsed": 2481.35315, "delta": 0.003846}}
{"target": -13.75840464171086, "params": {"gamma": 423.5139279250109, "log10_alpha": -0.16713715056757472, "log10_colsample_bytree": -0.9001299528033938, "log10_eta": -3.4178473785872376, "log10_lambda": -2.3539266001095114, "log10_min_child_weight": 3.1719707614770725, "log10_subsample": -0.7776069150651082, "max_depth": 9.0, "num_boost_round": 29.0}, "datetime": {"datetime": "2024-01-19 00:52:58", "elapsed": 2481.356971, "delta": 0.003821}}
{"target": -13.758397967459663, "params": {"gamma": 423.5139279250109, "log10_alpha": -0.16713715056757472, "log10_colsample_bytree": -0.9001299528033938, "log10_eta": -3.4178473785872376, "log10_lambda": -2.3539266001095114, "log10_min_child_weight": 3.1719707614770725, "log10_subsample": -0.7776069150651082, "max_depth": 9.0, "num_boost_round": 30.0}, "datetime": {"datetime": "2024-01-19 00:52:58", "elapsed": 2481.361386, "delta": 0.004415}}
{"target": -13.758392262126492, "params": {"gamma": 423.5139279250109, "log10_alpha": -0.16713715056757472, "log10_colsample_bytree": -0.9001299528033938, "log10_eta": -3.4178473785872376, "log10_lambda": -2.3539266001095114, "log10_min_child_weight": 3.1719707614770725, "log10_subsample": -0.7776069150651082, "max_depth": 9.0, "num_boost_round": 31.0}, "datetime": {"datetime": "2024-01-19 00:52:58", "elapsed": 2481.365504, "delta": 0.004118}}
{"target": -13.758388685265498, "params": {"gamma": 423.5139279250109, "log10_alpha": -0.16713715056757472, "log10_colsample_bytree": -0.9001299528033938, "log10_eta": -3.4178473785872376, "log10_lambda": -2.3539266001095114, "log10_min_child_weight": 3.1719707614770725, "log10_subsample": -0.7776069150651082, "max_depth": 9.0, "num_boost_round": 32.0}, "datetime": {"datetime": "2024-01-19 00:52:58", "elapsed": 2481.369486, "delta": 0.003982}}
{"target": -13.75838013562651, "params": {"gamma": 423.5139279250109, "log10_alpha": -0.16713715056757472, "log10_colsample_bytree": -0.9001299528033938, "log10_eta": -3.4178473785872376, "log10_lambda": -2.3539266001095114, "log10_min_child_weight": 3.1719707614770725, "log10_subsample": -0.7776069150651082, "max_depth": 9.0, "num_boost_round": 33.0}, "datetime": {"datetime": "2024-01-19 00:52:58", "elapsed": 2481.373246, "delta": 0.00376}}
{"target": -13.75837385568609, "params": {"gamma": 423.5139279250109, "log10_alpha": -0.16713715056757472, "log10_colsample_bytree": -0.9001299528033938, "log10_eta": -3.4178473785872376, "log10_lambda": -2.3539266001095114, "log10_min_child_weight": 3.1719707614770725, "log10_subsample": -0.7776069150651082, "max_depth": 9.0, "num_boost_round": 34.0}, "datetime": {"datetime": "2024-01-19 00:52:58", "elapsed": 2481.377015, "delta": 0.003769}}
{"target": -13.758374245529183, "params": {"gamma": 423.5139279250109, "log10_alpha": -0.16713715056757472, "log10_colsample_bytree": -0.9001299528033938, "log10_eta": -3.4178473785872376, "log10_lambda": -2.3539266001095114, "log10_min_child_weight": 3.1719707614770725, "log10_subsample": -0.7776069150651082, "max_depth": 9.0, "num_boost_round": 35.0}, "datetime": {"datetime": "2024-01-19 00:52:58", "elapsed": 2481.380858, "delta": 0.003843}}
{"target": -13.758369697512428, "params": {"gamma": 423.5139279250109, "log10_alpha": -0.16713715056757472, "log10_colsample_bytree": -0.9001299528033938, "log10_eta": -3.4178473785872376, "log10_lambda": -2.3539266001095114, "log10_min_child_weight": 3.1719707614770725, "log10_subsample": -0.7776069150651082, "max_depth": 9.0, "num_boost_round": 36.0}, "datetime": {"datetime": "2024-01-19 00:52:58", "elapsed": 2481.384614, "delta": 0.003756}}
{"target": -13.758364372461433, "params": {"gamma": 423.5139279250109, "log10_alpha": -0.16713715056757472, "log10_colsample_bytree": -0.9001299528033938, "log10_eta": -3.4178473785872376, "log10_lambda": -2.3539266001095114, "log10_min_child_weight": 3.1719707614770725, "log10_subsample": -0.7776069150651082, "max_depth": 9.0, "num_boost_round": 37.0}, "datetime": {"datetime": "2024-01-19 00:52:58", "elapsed": 2481.38842, "delta": 0.003806}}
{"target": -13.758529434778813, "params": {"gamma": 430.73803566213866, "log10_alpha": 0.18921287120442987, "log10_colsample_bytree": -0.9351156085921477, "log10_eta": -3.5054110000822747, "log10_lambda": -0.8436072920346511, "log10_min_child_weight": 3.0045613602859813, "log10_subsample": -0.11044147134510374, "max_depth": 4.0, "num_boost_round": 0.0}, "datetime": {"datetime": "2024-01-19 00:53:41", "elapsed": 2524.828269, "delta": 43.439849}}
{"target": -13.758530263546161, "params": {"gamma": 430.73803566213866, "log10_alpha": 0.18921287120442987, "log10_colsample_bytree": -0.9351156085921477, "log10_eta": -3.5054110000822747, "log10_lambda": -0.8436072920346511, "log10_min_child_weight": 3.0045613602859813, "log10_subsample": -0.11044147134510374, "max_depth": 4.0, "num_boost_round": 1.0}, "datetime": {"datetime": "2024-01-19 00:53:41", "elapsed": 2524.832372, "delta": 0.004103}}
{"target": -13.758528426823036, "params": {"gamma": 430.73803566213866, "log10_alpha": 0.18921287120442987, "log10_colsample_bytree": -0.9351156085921477, "log10_eta": -3.5054110000822747, "log10_lambda": -0.8436072920346511, "log10_min_child_weight": 3.0045613602859813, "log10_subsample": -0.11044147134510374, "max_depth": 4.0, "num_boost_round": 2.0}, "datetime": {"datetime": "2024-01-19 00:53:41", "elapsed": 2524.836188, "delta": 0.003816}}
{"target": -13.75852838500492, "params": {"gamma": 430.73803566213866, "log10_alpha": 0.18921287120442987, "log10_colsample_bytree": -0.9351156085921477, "log10_eta": -3.5054110000822747, "log10_lambda": -0.8436072920346511, "log10_min_child_weight": 3.0045613602859813, "log10_subsample": -0.11044147134510374, "max_depth": 4.0, "num_boost_round": 3.0}, "datetime": {"datetime": "2024-01-19 00:53:41", "elapsed": 2524.83993, "delta": 0.003742}}
{"target": -13.758524523633072, "params": {"gamma": 430.73803566213866, "log10_alpha": 0.18921287120442987, "log10_colsample_bytree": -0.9351156085921477, "log10_eta": -3.5054110000822747, "log10_lambda": -0.8436072920346511, "log10_min_child_weight": 3.0045613602859813, "log10_subsample": -0.11044147134510374, "max_depth": 4.0, "num_boost_round": 4.0}, "datetime": {"datetime": "2024-01-19 00:53:41", "elapsed": 2524.843668, "delta": 0.003738}}
{"target": -13.758518313116683, "params": {"gamma": 430.73803566213866, "log10_alpha": 0.18921287120442987, "log10_colsample_bytree": -0.9351156085921477, "log10_eta": -3.5054110000822747, "log10_lambda": -0.8436072920346511, "log10_min_child_weight": 3.0045613602859813, "log10_subsample": -0.11044147134510374, "max_depth": 4.0, "num_boost_round": 5.0}, "datetime": {"datetime": "2024-01-19 00:53:41", "elapsed": 2524.847449, "delta": 0.003781}}
{"target": -13.75852185807038, "params": {"gamma": 430.73803566213866, "log10_alpha": 0.18921287120442987, "log10_colsample_bytree": -0.9351156085921477, "log10_eta": -3.5054110000822747, "log10_lambda": -0.8436072920346511, "log10_min_child_weight": 3.0045613602859813, "log10_subsample": -0.11044147134510374, "max_depth": 4.0, "num_boost_round": 6.0}, "datetime": {"datetime": "2024-01-19 00:53:41", "elapsed": 2524.851329, "delta": 0.00388}}
{"target": -13.758510527033941, "params": {"gamma": 430.73803566213866, "log10_alpha": 0.18921287120442987, "log10_colsample_bytree": -0.9351156085921477, "log10_eta": -3.5054110000822747, "log10_lambda": -0.8436072920346511, "log10_min_child_weight": 3.0045613602859813, "log10_subsample": -0.11044147134510374, "max_depth": 4.0, "num_boost_round": 7.0}, "datetime": {"datetime": "2024-01-19 00:53:41", "elapsed": 2524.855081, "delta": 0.003752}}
{"target": -13.758510518770779, "params": {"gamma": 430.73803566213866, "log10_alpha": 0.18921287120442987, "log10_colsample_bytree": -0.9351156085921477, "log10_eta": -3.5054110000822747, "log10_lambda": -0.8436072920346511, "log10_min_child_weight": 3.0045613602859813, "log10_subsample": -0.11044147134510374, "max_depth": 4.0, "num_boost_round": 8.0}, "datetime": {"datetime": "2024-01-19 00:53:41", "elapsed": 2524.858808, "delta": 0.003727}}
{"target": -13.758504554624569, "params": {"gamma": 430.73803566213866, "log10_alpha": 0.18921287120442987, "log10_colsample_bytree": -0.9351156085921477, "log10_eta": -3.5054110000822747, "log10_lambda": -0.8436072920346511, "log10_min_child_weight": 3.0045613602859813, "log10_subsample": -0.11044147134510374, "max_depth": 4.0, "num_boost_round": 9.0}, "datetime": {"datetime": "2024-01-19 00:53:41", "elapsed": 2524.862575, "delta": 0.003767}}
{"target": -13.758498255181227, "params": {"gamma": 430.73803566213866, "log10_alpha": 0.18921287120442987, "log10_colsample_bytree": -0.9351156085921477, "log10_eta": -3.5054110000822747, "log10_lambda": -0.8436072920346511, "log10_min_child_weight": 3.0045613602859813, "log10_subsample": -0.11044147134510374, "max_depth": 4.0, "num_boost_round": 10.0}, "datetime": {"datetime": "2024-01-19 00:53:41", "elapsed": 2524.866384, "delta": 0.003809}}
{"target": -13.758491286164606, "params": {"gamma": 430.73803566213866, "log10_alpha": 0.18921287120442987, "log10_colsample_bytree": -0.9351156085921477, "log10_eta": -3.5054110000822747, "log10_lambda": -0.8436072920346511, "log10_min_child_weight": 3.0045613602859813, "log10_subsample": -0.11044147134510374, "max_depth": 4.0, "num_boost_round": 11.0}, "datetime": {"datetime": "2024-01-19 00:53:41", "elapsed": 2524.870212, "delta": 0.003828}}
{"target": -13.758486749691436, "params": {"gamma": 430.73803566213866, "log10_alpha": 0.18921287120442987, "log10_colsample_bytree": -0.9351156085921477, "log10_eta": -3.5054110000822747, "log10_lambda": -0.8436072920346511, "log10_min_child_weight": 3.0045613602859813, "log10_subsample": -0.11044147134510374, "max_depth": 4.0, "num_boost_round": 12.0}, "datetime": {"datetime": "2024-01-19 00:53:41", "elapsed": 2524.958178, "delta": 0.087966}}
{"target": -13.758477686955702, "params": {"gamma": 430.73803566213866, "log10_alpha": 0.18921287120442987, "log10_colsample_bytree": -0.9351156085921477, "log10_eta": -3.5054110000822747, "log10_lambda": -0.8436072920346511, "log10_min_child_weight": 3.0045613602859813, "log10_subsample": -0.11044147134510374, "max_depth": 4.0, "num_boost_round": 13.0}, "datetime": {"datetime": "2024-01-19 00:53:41", "elapsed": 2524.962558, "delta": 0.00438}}
{"target": -13.758467437953158, "params": {"gamma": 430.73803566213866, "log10_alpha": 0.18921287120442987, "log10_colsample_bytree": -0.9351156085921477, "log10_eta": -3.5054110000822747, "log10_lambda": -0.8436072920346511, "log10_min_child_weight": 3.0045613602859813, "log10_subsample": -0.11044147134510374, "max_depth": 4.0, "num_boost_round": 14.0}, "datetime": {"datetime": "2024-01-19 00:53:41", "elapsed": 2524.966588, "delta": 0.00403}}
{"target": -13.758462391703668, "params": {"gamma": 430.73803566213866, "log10_alpha": 0.18921287120442987, "log10_colsample_bytree": -0.9351156085921477, "log10_eta": -3.5054110000822747, "log10_lambda": -0.8436072920346511, "log10_min_child_weight": 3.0045613602859813, "log10_subsample": -0.11044147134510374, "max_depth": 4.0, "num_boost_round": 15.0}, "datetime": {"datetime": "2024-01-19 00:53:41", "elapsed": 2524.970574, "delta": 0.003986}}
{"target": -13.7584620501829, "params": {"gamma": 430.73803566213866, "log10_alpha": 0.18921287120442987, "log10_colsample_bytree": -0.9351156085921477, "log10_eta": -3.5054110000822747, "log10_lambda": -0.8436072920346511, "log10_min_child_weight": 3.0045613602859813, "log10_subsample": -0.11044147134510374, "max_depth": 4.0, "num_boost_round": 16.0}, "datetime": {"datetime": "2024-01-19 00:53:41", "elapsed": 2524.974418, "delta": 0.003844}}
{"target": -13.758457824091549, "params": {"gamma": 430.73803566213866, "log10_alpha": 0.18921287120442987, "log10_colsample_bytree": -0.9351156085921477, "log10_eta": -3.5054110000822747, "log10_lambda": -0.8436072920346511, "log10_min_child_weight": 3.0045613602859813, "log10_subsample": -0.11044147134510374, "max_depth": 4.0, "num_boost_round": 17.0}, "datetime": {"datetime": "2024-01-19 00:53:41", "elapsed": 2524.978336, "delta": 0.003918}}
{"target": -13.758453700460679, "params": {"gamma": 430.73803566213866, "log10_alpha": 0.18921287120442987, "log10_colsample_bytree": -0.9351156085921477, "log10_eta": -3.5054110000822747, "log10_lambda": -0.8436072920346511, "log10_min_child_weight": 3.0045613602859813, "log10_subsample": -0.11044147134510374, "max_depth": 4.0, "num_boost_round": 18.0}, "datetime": {"datetime": "2024-01-19 00:53:41", "elapsed": 2524.982166, "delta": 0.00383}}
{"target": -13.758447819733643, "params": {"gamma": 430.73803566213866, "log10_alpha": 0.18921287120442987, "log10_colsample_bytree": -0.9351156085921477, "log10_eta": -3.5054110000822747, "log10_lambda": -0.8436072920346511, "log10_min_child_weight": 3.0045613602859813, "log10_subsample": -0.11044147134510374, "max_depth": 4.0, "num_boost_round": 19.0}, "datetime": {"datetime": "2024-01-19 00:53:41", "elapsed": 2524.985994, "delta": 0.003828}}
{"target": -13.758437717631073, "params": {"gamma": 430.73803566213866, "log10_alpha": 0.18921287120442987, "log10_colsample_bytree": -0.9351156085921477, "log10_eta": -3.5054110000822747, "log10_lambda": -0.8436072920346511, "log10_min_child_weight": 3.0045613602859813, "log10_subsample": -0.11044147134510374, "max_depth": 4.0, "num_boost_round": 20.0}, "datetime": {"datetime": "2024-01-19 00:53:41", "elapsed": 2524.989981, "delta": 0.003987}}
