{"target": -13.804059502282641, "params": {"gamma": 411.0335068086739, "log10_alpha": -1.61912173683241, "log10_colsample_bytree": -0.7504293539615307, "log10_eta": -0.4781891548612065, "log10_lambda": 0.8619789756405147, "log10_min_child_weight": 3.8828736750868624, "log10_subsample": -0.9096535461902021, "max_depth": 5.0, "num_boost_round": 20.0}, "datetime": {"datetime": "2024-01-19 00:47:52", "elapsed": 2175.841235, "delta": 0.003387}}
{"target": -13.804488090078966, "params": {"gamma": 411.0335068086739, "log10_alpha": -1.61912173683241, "log10_colsample_bytree": -0.7504293539615307, "log10_eta": -0.4781891548612065, "log10_lambda": 0.8619789756405147, "log10_min_child_weight": 3.8828736750868624, "log10_subsample": -0.9096535461902021, "max_depth": 5.0, "num_boost_round": 21.0}, "datetime": {"datetime": "2024-01-19 00:47:52", "elapsed": 2175.844589, "delta": 0.003354}}
{"target": -13.805891499142565, "params": {"gamma": 411.0335068086739, "log10_alpha": -1.61912173683241, "log10_colsample_bytree": -0.7504293539615307, "log10_eta": -0.4781891548612065, "log10_lambda": 0.8619789756405147, "log10_min_child_weight": 3.8828736750868624, "log10_subsample": -0.9096535461902021, "max_depth": 5.0, "num_boost_round": 22.0}, "datetime": {"datetime": "2024-01-19 00:47:52", "elapsed": 2175.930698, "delta": 0.086109}}
{"target": -13.80703625146906, "params": {"gamma": 411.0335068086739, "log10_alpha": -1.61912173683241, "log10_colsample_bytree": -0.7504293539615307, "log10_eta": -0.4781891548612065, "log10_lambda": 0.8619789756405147, "log10_min_child_weight": 3.8828736750868624, "log10_subsample": -0.9096535461902021, "max_depth": 5.0, "num_boost_round": 23.0}, "datetime": {"datetime": "2024-01-19 00:47:52", "elapsed": 2175.935027, "delta": 0.004329}}
{"target": -13.810104849340414, "params": {"gamma": 411.0335068086739, "log10_alpha": -1.61912173683241, "log10_colsample_bytree": -0.7504293539615307, "log10_eta": -0.4781891548612065, "log10_lambda": 0.8619789756405147, "log10_min_child_weight": 3.8828736750868624, "log10_subsample": -0.9096535461902021, "max_depth": 5.0, "num_boost_round": 24.0}, "datetime": {"datetime": "2024-01-19 00:47:52", "elapsed": 2175.938715, "delta": 0.003688}}
{"target": -13.812845172684336, "params": {"gamma": 411.0335068086739, "log10_alpha": -1.61912173683241, "log10_colsample_bytree": -0.7504293539615307, "log10_eta": -0.4781891548612065, "log10_lambda": 0.8619789756405147, "log10_min_child_weight": 3.8828736750868624, "log10_subsample": -0.9096535461902021, "max_depth": 5.0, "num_boost_round": 25.0}, "datetime": {"datetime": "2024-01-19 00:47:52", "elapsed": 2175.942247, "delta": 0.003532}}
{"target": -13.8140004706218, "params": {"gamma": 411.0335068086739, "log10_alpha": -1.61912173683241, "log10_colsample_bytree": -0.7504293539615307, "log10_eta": -0.4781891548612065, "log10_lambda": 0.8619789756405147, "log10_min_child_weight": 3.8828736750868624, "log10_subsample": -0.9096535461902021, "max_depth": 5.0, "num_boost_round": 26.0}, "datetime": {"datetime": "2024-01-19 00:47:52", "elapsed": 2175.945763, "delta": 0.003516}}
{"target": -13.814221192833392, "params": {"gamma": 411.0335068086739, "log10_alpha": -1.61912173683241, "log10_colsample_bytree": -0.7504293539615307, "log10_eta": -0.4781891548612065, "log10_lambda": 0.8619789756405147, "log10_min_child_weight": 3.8828736750868624, "log10_subsample": -0.9096535461902021, "max_depth": 5.0, "num_boost_round": 27.0}, "datetime": {"datetime": "2024-01-19 00:47:52", "elapsed": 2175.94927, "delta": 0.003507}}
{"target": -13.814914446612951, "params": {"gamma": 411.0335068086739, "log10_alpha": -1.61912173683241, "log10_colsample_bytree": -0.7504293539615307, "log10_eta": -0.4781891548612065, "log10_lambda": 0.8619789756405147, "log10_min_child_weight": 3.8828736750868624, "log10_subsample": -0.9096535461902021, "max_depth": 5.0, "num_boost_round": 28.0}, "datetime": {"datetime": "2024-01-19 00:47:52", "elapsed": 2175.952678, "delta": 0.003408}}
{"target": -13.81610204569853, "params": {"gamma": 411.0335068086739, "log10_alpha": -1.61912173683241, "log10_colsample_bytree": -0.7504293539615307, "log10_eta": -0.4781891548612065, "log10_lambda": 0.8619789756405147, "log10_min_child_weight": 3.8828736750868624, "log10_subsample": -0.9096535461902021, "max_depth": 5.0, "num_boost_round": 29.0}, "datetime": {"datetime": "2024-01-19 00:47:52", "elapsed": 2175.95606, "delta": 0.003382}}
{"target": -13.817040028229293, "params": {"gamma": 411.0335068086739, "log10_alpha": -1.61912173683241, "log10_colsample_bytree": -0.7504293539615307, "log10_eta": -0.4781891548612065, "log10_lambda": 0.8619789756405147, "log10_min_child_weight": 3.8828736750868624, "log10_subsample": -0.9096535461902021, "max_depth": 5.0, "num_boost_round": 30.0}, "datetime": {"datetime": "2024-01-19 00:47:52", "elapsed": 2175.959468, "delta": 0.003408}}
{"target": -13.816875208325028, "params": {"gamma": 411.0335068086739, "log10_alpha": -1.61912173683241, "log10_colsample_bytree": -0.7504293539615307, "log10_eta": -0.4781891548612065, "log10_lambda": 0.8619789756405147, "log10_min_child_weight": 3.8828736750868624, "log10_subsample": -0.9096535461902021, "max_depth": 5.0, "num_boost_round": 31.0}, "datetime": {"datetime": "2024-01-19 00:47:52", "elapsed": 2175.962857, "delta": 0.003389}}
{"target": -13.814964060214697, "params": {"gamma": 411.0335068086739, "log10_alpha": -1.61912173683241, "log10_colsample_bytree": -0.7504293539615307, "log10_eta": -0.4781891548612065, "log10_lambda": 0.8619789756405147, "log10_min_child_weight": 3.8828736750868624, "log10_subsample": -0.9096535461902021, "max_depth": 5.0, "num_boost_round": 32.0}, "datetime": {"datetime": "2024-01-19 00:47:52", "elapsed": 2175.966268, "delta": 0.003411}}
{"target": -13.820717249267602, "params": {"gamma": 411.0335068086739, "log10_alpha": -1.61912173683241, "log10_colsample_bytree": -0.7504293539615307, "log10_eta": -0.4781891548612065, "log10_lambda": 0.8619789756405147, "log10_min_child_weight": 3.8828736750868624, "log10_subsample": -0.9096535461902021, "max_depth": 5.0, "num_boost_round": 33.0}, "datetime": {"datetime": "2024-01-19 00:47:52", "elapsed": 2175.969775, "delta": 0.003507}}
{"target": -13.822993608477645, "params": {"gamma": 411.0335068086739, "log10_alpha": -1.61912173683241, "log10_colsample_bytree": -0.7504293539615307, "log10_eta": -0.4781891548612065, "log10_lambda": 0.8619789756405147, "log10_min_child_weight": 3.8828736750868624, "log10_subsample": -0.9096535461902021, "max_depth": 5.0, "num_boost_round": 34.0}, "datetime": {"datetime": "2024-01-19 00:47:52", "elapsed": 2175.97321, "delta": 0.003435}}
{"target": -13.824561856057038, "params": {"gamma": 411.0335068086739, "log10_alpha": -1.61912173683241, "log10_colsample_bytree": -0.7504293539615307, "log10_eta": -0.4781891548612065, "log10_lambda": 0.8619789756405147, "log10_min_child_weight": 3.8828736750868624, "log10_subsample": -0.9096535461902021, "max_depth": 5.0, "num_boost_round": 35.0}, "datetime": {"datetime": "2024-01-19 00:47:52", "elapsed": 2175.976649, "delta": 0.003439}}
{"target": -13.825018993728397, "params": {"gamma": 411.0335068086739, "log10_alpha": -1.61912173683241, "log10_colsample_bytree": -0.7504293539615307, "log10_eta": -0.4781891548612065, "log10_lambda": 0.8619789756405147, "log10_min_child_weight": 3.8828736750868624, "log10_subsample": -0.9096535461902021, "max_depth": 5.0, "num_boost_round": 36.0}, "datetime": {"datetime": "2024-01-19 00:47:52", "elapsed": 2175.980099, "delta": 0.00345}}
{"target": -13.82629763810737, "params": {"gamma": 411.0335068086739, "log10_alpha": -1.61912173683241, "log10_colsample_bytree": -0.7504293539615307, "log10_eta": -0.4781891548612065, "log10_lambda": 0.8619789756405147, "log10_min_child_weight": 3.8828736750868624, "log10_subsample": -0.9096535461902021, "max_depth": 5.0, "num_boost_round": 37.0}, "datetime": {"datetime": "2024-01-19 00:47:52", "elapsed": 2175.983537, "delta": 0.003438}}
{"target": -13.828538823936148, "params": {"gamma": 411.0335068086739, "log10_alpha": -1.61912173683241, "log10_colsample_bytree": -0.7504293539615307, "log10_eta": -0.4781891548612065, "log10_lambda": 0.8619789756405147, "log10_min_child_weight": 3.8828736750868624, "log10_subsample": -0.9096535461902021, "max_depth": 5.0, "num_boost_round": 38.0}, "datetime": {"datetime": "2024-01-19 00:47:52", "elapsed": 2175.986983, "delta": 0.003446}}
{"target": -13.827212000381559, "params": {"gamma": 411.0335068086739, "log10_alpha": -1.61912173683241, "log10_colsample_bytree": -0.7504293539615307, "log10_eta": -0.4781891548612065, "log10_lambda": 0.8619789756405147, "log10_min_child_weight": 3.8828736750868624, "log10_subsample": -0.9096535461902021, "max_depth": 5.0, "num_boost_round": 39.0}, "datetime": {"datetime": "2024-01-19 00:47:52", "elapsed": 2175.990678, "delta": 0.003695}}
{"target": -13.829111776862554, "params": {"gamma": 411.0335068086739, "log10_alpha": -1.61912173683241, "log10_colsample_bytree": -0.7504293539615307, "log10_eta": -0.4781891548612065, "log10_lambda": 0.8619789756405147, "log10_min_child_weight": 3.8828736750868624, "log10_subsample": -0.9096535461902021, "max_depth": 5.0, "num_boost_round": 40.0}, "datetime": {"datetime": "2024-01-19 00:47:52", "elapsed": 2175.994269, "delta": 0.003591}}
{"target": -13.829519208761495, "params": {"gamma": 411.0335068086739, "log10_alpha": -1.61912173683241, "log10_colsample_bytree": -0.7504293539615307, "log10_eta": -0.4781891548612065, "log10_lambda": 0.8619789756405147, "log10_min_child_weight": 3.8828736750868624, "log10_subsample": -0.9096535461902021, "max_depth": 5.0, "num_boost_round": 41.0}, "datetime": {"datetime": "2024-01-19 00:47:52", "elapsed": 2175.997806, "delta": 0.003537}}
{"target": -13.830486886325678, "params": {"gamma": 411.0335068086739, "log10_alpha": -1.61912173683241, "log10_colsample_bytree": -0.7504293539615307, "log10_eta": -0.4781891548612065, "log10_lambda": 0.8619789756405147, "log10_min_child_weight": 3.8828736750868624, "log10_subsample": -0.9096535461902021, "max_depth": 5.0, "num_boost_round": 42.0}, "datetime": {"datetime": "2024-01-19 00:47:52", "elapsed": 2176.00123, "delta": 0.003424}}
{"target": -13.829691376400985, "params": {"gamma": 411.0335068086739, "log10_alpha": -1.61912173683241, "log10_colsample_bytree": -0.7504293539615307, "log10_eta": -0.4781891548612065, "log10_lambda": 0.8619789756405147, "log10_min_child_weight": 3.8828736750868624, "log10_subsample": -0.9096535461902021, "max_depth": 5.0, "num_boost_round": 43.0}, "datetime": {"datetime": "2024-01-19 00:47:52", "elapsed": 2176.004655, "delta": 0.003425}}
{"target": -13.827866971546262, "params": {"gamma": 411.0335068086739, "log10_alpha": -1.61912173683241, "log10_colsample_bytree": -0.7504293539615307, "log10_eta": -0.4781891548612065, "log10_lambda": 0.8619789756405147, "log10_min_child_weight": 3.8828736750868624, "log10_subsample": -0.9096535461902021, "max_depth": 5.0, "num_boost_round": 44.0}, "datetime": {"datetime": "2024-01-19 00:47:52", "elapsed": 2176.008118, "delta": 0.003463}}
{"target": -13.828299034465845, "params": {"gamma": 411.0335068086739, "log10_alpha": -1.61912173683241, "log10_colsample_bytree": -0.7504293539615307, "log10_eta": -0.4781891548612065, "log10_lambda": 0.8619789756405147, "log10_min_child_weight": 3.8828736750868624, "log10_subsample": -0.9096535461902021, "max_depth": 5.0, "num_boost_round": 45.0}, "datetime": {"datetime": "2024-01-19 00:47:52", "elapsed": 2176.011653, "delta": 0.003535}}
{"target": -13.827820446002153, "params": {"gamma": 411.0335068086739, "log10_alpha": -1.61912173683241, "log10_colsample_bytree": -0.7504293539615307, "log10_eta": -0.4781891548612065, "log10_lambda": 0.8619789756405147, "log10_min_child_weight": 3.8828736750868624, "log10_subsample": -0.9096535461902021, "max_depth": 5.0, "num_boost_round": 46.0}, "datetime": {"datetime": "2024-01-19 00:47:52", "elapsed": 2176.015053, "delta": 0.0034}}
{"target": -13.828622325454226, "params": {"gamma": 411.0335068086739, "log10_alpha": -1.61912173683241, "log10_colsample_bytree": -0.7504293539615307, "log10_eta": -0.4781891548612065, "log10_lambda": 0.8619789756405147, "log10_min_child_weight": 3.8828736750868624, "log10_subsample": -0.9096535461902021, "max_depth": 5.0, "num_boost_round": 47.0}, "datetime": {"datetime": "2024-01-19 00:47:52", "elapsed": 2176.018448, "delta": 0.003395}}
{"target": -13.831109996345171, "params": {"gamma": 411.0335068086739, "log10_alpha": -1.61912173683241, "log10_colsample_bytree": -0.7504293539615307, "log10_eta": -0.4781891548612065, "log10_lambda": 0.8619789756405147, "log10_min_child_weight": 3.8828736750868624, "log10_subsample": -0.9096535461902021, "max_depth": 5.0, "num_boost_round": 48.0}, "datetime": {"datetime": "2024-01-19 00:47:52", "elapsed": 2176.021848, "delta": 0.0034}}
{"target": -13.835513783944911, "params": {"gamma": 411.0335068086739, "log10_alpha": -1.61912173683241, "log10_colsample_bytree": -0.7504293539615307, "log10_eta": -0.4781891548612065, "log10_lambda": 0.8619789756405147, "log10_min_child_weight": 3.8828736750868624, "log10_subsample": -0.9096535461902021, "max_depth": 5.0, "num_boost_round": 49.0}, "datetime": {"datetime": "2024-01-19 00:47:52", "elapsed": 2176.025232, "delta": 0.003384}}
{"target": -13.835500177259783, "params": {"gamma": 411.0335068086739, "log10_alpha": -1.61912173683241, "log10_colsample_bytree": -0.7504293539615307, "log10_eta": -0.4781891548612065, "log10_lambda": 0.8619789756405147, "log10_min_child_weight": 3.8828736750868624, "log10_subsample": -0.9096535461902021, "max_depth": 5.0, "num_boost_round": 50.0}, "datetime": {"datetime": "2024-01-19 00:47:52", "elapsed": 2176.028793, "delta": 0.003561}}
{"target": -13.837796678784807, "params": {"gamma": 411.0335068086739, "log10_alpha": -1.61912173683241, "log10_colsample_bytree": -0.7504293539615307, "log10_eta": -0.4781891548612065, "log10_lambda": 0.8619789756405147, "log10_min_child_weight": 3.8828736750868624, "log10_subsample": -0.9096535461902021, "max_depth": 5.0, "num_boost_round": 51.0}, "datetime": {"datetime": "2024-01-19 00:47:52", "elapsed": 2176.032217, "delta": 0.003424}}
{"target": -13.8397439219777, "params": {"gamma": 411.0335068086739, "log10_alpha": -1.61912173683241, "log10_colsample_bytree": -0.7504293539615307, "log10_eta": -0.4781891548612065, "log10_lambda": 0.8619789756405147, "log10_min_child_weight": 3.8828736750868624, "log10_subsample": -0.9096535461902021, "max_depth": 5.0, "num_boost_round": 52.0}, "datetime": {"datetime": "2024-01-19 00:47:52", "elapsed": 2176.035679, "delta": 0.003462}}
{"target": -13.837824574345856, "params": {"gamma": 411.0335068086739, "log10_alpha": -1.61912173683241, "log10_colsample_bytree": -0.7504293539615307, "log10_eta": -0.4781891548612065, "log10_lambda": 0.8619789756405147, "log10_min_child_weight": 3.8828736750868624, "log10_subsample": -0.9096535461902021, "max_depth": 5.0, "num_boost_round": 53.0}, "datetime": {"datetime": "2024-01-19 00:47:52", "elapsed": 2176.039141, "delta": 0.003462}}
{"target": -13.838507197288422, "params": {"gamma": 411.0335068086739, "log10_alpha": -1.61912173683241, "log10_colsample_bytree": -0.7504293539615307, "log10_eta": -0.4781891548612065, "log10_lambda": 0.8619789756405147, "log10_min_child_weight": 3.8828736750868624, "log10_subsample": -0.9096535461902021, "max_depth": 5.0, "num_boost_round": 54.0}, "datetime": {"datetime": "2024-01-19 00:47:52", "elapsed": 2176.04258, "delta": 0.003439}}
{"target": -13.839571222921627, "params": {"gamma": 411.0335068086739, "log10_alpha": -1.61912173683241, "log10_colsample_bytree": -0.7504293539615307, "log10_eta": -0.4781891548612065, "log10_lambda": 0.8619789756405147, "log10_min_child_weight": 3.8828736750868624, "log10_subsample": -0.9096535461902021, "max_depth": 5.0, "num_boost_round": 55.0}, "datetime": {"datetime": "2024-01-19 00:47:52", "elapsed": 2176.046095, "delta": 0.003515}}
{"target": -13.83631682009786, "params": {"gamma": 411.0335068086739, "log10_alpha": -1.61912173683241, "log10_colsample_bytree": -0.7504293539615307, "log10_eta": -0.4781891548612065, "log10_lambda": 0.8619789756405147, "log10_min_child_weight": 3.8828736750868624, "log10_subsample": -0.9096535461902021, "max_depth": 5.0, "num_boost_round": 56.0}, "datetime": {"datetime": "2024-01-19 00:47:52", "elapsed": 2176.0497, "delta": 0.003605}}
{"target": -13.83664288903943, "params": {"gamma": 411.0335068086739, "log10_alpha": -1.61912173683241, "log10_colsample_bytree": -0.7504293539615307, "log10_eta": -0.4781891548612065, "log10_lambda": 0.8619789756405147, "log10_min_child_weight": 3.8828736750868624, "log10_subsample": -0.9096535461902021, "max_depth": 5.0, "num_boost_round": 57.0}, "datetime": {"datetime": "2024-01-19 00:47:52", "elapsed": 2176.053121, "delta": 0.003421}}
{"target": -13.837099075270265, "params": {"gamma": 411.0335068086739, "log10_alpha": -1.61912173683241, "log10_colsample_bytree": -0.7504293539615307, "log10_eta": -0.4781891548612065, "log10_lambda": 0.8619789756405147, "log10_min_child_weight": 3.8828736750868624, "log10_subsample": -0.9096535461902021, "max_depth": 5.0, "num_boost_round": 58.0}, "datetime": {"datetime": "2024-01-19 00:47:52", "elapsed": 2176.056573, "delta": 0.003452}}
{"target": -13.841104842916334, "params": {"gamma": 411.0335068086739, "log10_alpha": -1.61912173683241, "log10_colsample_bytree": -0.7504293539615307, "log10_eta": -0.4781891548612065, "log10_lambda": 0.8619789756405147, "log10_min_child_weight": 3.8828736750868624, "log10_subsample": -0.9096535461902021, "max_depth": 5.0, "num_boost_round": 59.0}, "datetime": {"datetime": "2024-01-19 00:47:52", "elapsed": 2176.060019, "delta": 0.003446}}
{"target": -13.840779717907855, "params": {"gamma": 411.0335068086739, "log10_alpha": -1.61912173683241, "log10_colsample_bytree": -0.7504293539615307, "log10_eta": -0.4781891548612065, "log10_lambda": 0.8619789756405147, "log10_min_child_weight": 3.8828736750868624, "log10_subsample": -0.9096535461902021, "max_depth": 5.0, "num_boost_round": 60.0}, "datetime": {"datetime": "2024-01-19 00:47:52", "elapsed": 2176.063446, "delta": 0.003427}}
{"target": -13.841815564166678, "params": {"gamma": 411.0335068086739, "log10_alpha": -1.61912173683241, "log10_colsample_bytree": -0.7504293539615307, "log10_eta": -0.4781891548612065, "log10_lambda": 0.8619789756405147, "log10_min_child_weight": 3.8828736750868624, "log10_subsample": -0.9096535461902021, "max_depth": 5.0, "num_boost_round": 61.0}, "datetime": {"datetime": "2024-01-19 00:47:52", "elapsed": 2176.0669, "delta": 0.003454}}
{"target": -13.844229606336013, "params": {"gamma": 411.0335068086739, "log10_alpha": -1.61912173683241, "log10_colsample_bytree": -0.7504293539615307, "log10_eta": -0.4781891548612065, "log10_lambda": 0.8619789756405147, "log10_min_child_weight": 3.8828736750868624, "log10_subsample": -0.9096535461902021, "max_depth": 5.0, "num_boost_round": 62.0}, "datetime": {"datetime": "2024-01-19 00:47:52", "elapsed": 2176.070486, "delta": 0.003586}}
{"target": -13.845305483941022, "params": {"gamma": 411.0335068086739, "log10_alpha": -1.61912173683241, "log10_colsample_bytree": -0.7504293539615307, "log10_eta": -0.4781891548612065, "log10_lambda": 0.8619789756405147, "log10_min_child_weight": 3.8828736750868624, "log10_subsample": -0.9096535461902021, "max_depth": 5.0, "num_boost_round": 63.0}, "datetime": {"datetime": "2024-01-19 00:47:52", "elapsed": 2176.07485, "delta": 0.004364}}
{"target": -13.846146893101052, "params": {"gamma": 411.0335068086739, "log10_alpha": -1.61912173683241, "log10_colsample_bytree": -0.7504293539615307, "log10_eta": -0.4781891548612065, "log10_lambda": 0.8619789756405147, "log10_min_child_weight": 3.8828736750868624, "log10_subsample": -0.9096535461902021, "max_depth": 5.0, "num_boost_round": 64.0}, "datetime": {"datetime": "2024-01-19 00:47:52", "elapsed": 2176.07858, "delta": 0.00373}}
{"target": -13.847195815943143, "params": {"gamma": 411.0335068086739, "log10_alpha": -1.61912173683241, "log10_colsample_bytree": -0.7504293539615307, "log10_eta": -0.4781891548612065, "log10_lambda": 0.8619789756405147, "log10_min_child_weight": 3.8828736750868624, "log10_subsample": -0.9096535461902021, "max_depth": 5.0, "num_boost_round": 65.0}, "datetime": {"datetime": "2024-01-19 00:47:52", "elapsed": 2176.08205, "delta": 0.00347}}
{"target": -13.848852138724181, "params": {"gamma": 411.0335068086739, "log10_alpha": -1.61912173683241, "log10_colsample_bytree": -0.7504293539615307, "log10_eta": -0.4781891548612065, "log10_lambda": 0.8619789756405147, "log10_min_child_weight": 3.8828736750868624, "log10_subsample": -0.9096535461902021, "max_depth": 5.0, "num_boost_round": 66.0}, "datetime": {"datetime": "2024-01-19 00:47:52", "elapsed": 2176.085525, "delta": 0.003475}}
{"target": -13.84924991170616, "params": {"gamma": 411.0335068086739, "log10_alpha": -1.61912173683241, "log10_colsample_bytree": -0.7504293539615307, "log10_eta": -0.4781891548612065, "log10_lambda": 0.8619789756405147, "log10_min_child_weight": 3.8828736750868624, "log10_subsample": -0.9096535461902021, "max_depth": 5.0, "num_boost_round": 67.0}, "datetime": {"datetime": "2024-01-19 00:47:52", "elapsed": 2176.08918, "delta": 0.003655}}
{"target": -13.850628702374626, "params": {"gamma": 411.0335068086739, "log10_alpha": -1.61912173683241, "log10_colsample_bytree": -0.7504293539615307, "log10_eta": -0.4781891548612065, "log10_lambda": 0.8619789756405147, "log10_min_child_weight": 3.8828736750868624, "log10_subsample": -0.9096535461902021, "max_depth": 5.0, "num_boost_round": 68.0}, "datetime": {"datetime": "2024-01-19 00:47:52", "elapsed": 2176.092747, "delta": 0.003567}}
