{"target": -17.676324663619805, "params": {"gamma": 601.3469101696469, "log10_alpha": -4.42525923749336, "log10_colsample_bytree": -0.9142496880266505, "log10_eta": -2.394052952899553, "log10_lambda": 0.967630832008056, "log10_min_child_weight": 1.436607316761171, "log10_subsample": -0.3009520603062473, "max_depth": 5.0, "num_boost_round": 11.0}, "datetime": {"datetime": "2024-01-19 00:48:55", "elapsed": 2232.9094, "delta": 0.002477}}
{"target": -17.676210126100145, "params": {"gamma": 601.3469101696469, "log10_alpha": -4.42525923749336, "log10_colsample_bytree": -0.9142496880266505, "log10_eta": -2.394052952899553, "log10_lambda": 0.967630832008056, "log10_min_child_weight": 1.436607316761171, "log10_subsample": -0.3009520603062473, "max_depth": 5.0, "num_boost_round": 12.0}, "datetime": {"datetime": "2024-01-19 00:48:55", "elapsed": 2232.911949, "delta": 0.002549}}
{"target": -17.676167697332342, "params": {"gamma": 601.3469101696469, "log10_alpha": -4.42525923749336, "log10_colsample_bytree": -0.9142496880266505, "log10_eta": -2.394052952899553, "log10_lambda": 0.967630832008056, "log10_min_child_weight": 1.436607316761171, "log10_subsample": -0.3009520603062473, "max_depth": 5.0, "num_boost_round": 13.0}, "datetime": {"datetime": "2024-01-19 00:48:55", "elapsed": 2232.914452, "delta": 0.002503}}
{"target": -17.676152985961213, "params": {"gamma": 601.3469101696469, "log10_alpha": -4.42525923749336, "log10_colsample_bytree": -0.9142496880266505, "log10_eta": -2.394052952899553, "log10_lambda": 0.967630832008056, "log10_min_child_weight": 1.436607316761171, "log10_subsample": -0.3009520603062473, "max_depth": 5.0, "num_boost_round": 14.0}, "datetime": {"datetime": "2024-01-19 00:48:55", "elapsed": 2232.916974, "delta": 0.002522}}
{"target": -17.675955965467185, "params": {"gamma": 601.3469101696469, "log10_alpha": -4.42525923749336, "log10_colsample_bytree": -0.9142496880266505, "log10_eta": -2.394052952899553, "log10_lambda": 0.967630832008056, "log10_min_child_weight": 1.436607316761171, "log10_subsample": -0.3009520603062473, "max_depth": 5.0, "num_boost_round": 15.0}, "datetime": {"datetime": "2024-01-19 00:48:55", "elapsed": 2232.919505, "delta": 0.002531}}
{"target": -17.675926777061896, "params": {"gamma": 601.3469101696469, "log10_alpha": -4.42525923749336, "log10_colsample_bytree": -0.9142496880266505, "log10_eta": -2.394052952899553, "log10_lambda": 0.967630832008056, "log10_min_child_weight": 1.436607316761171, "log10_subsample": -0.3009520603062473, "max_depth": 5.0, "num_boost_round": 16.0}, "datetime": {"datetime": "2024-01-19 00:48:55", "elapsed": 2232.922053, "delta": 0.002548}}
{"target": -17.675720830272397, "params": {"gamma": 601.3469101696469, "log10_alpha": -4.42525923749336, "log10_colsample_bytree": -0.9142496880266505, "log10_eta": -2.394052952899553, "log10_lambda": 0.967630832008056, "log10_min_child_weight": 1.436607316761171, "log10_subsample": -0.3009520603062473, "max_depth": 5.0, "num_boost_round": 17.0}, "datetime": {"datetime": "2024-01-19 00:48:55", "elapsed": 2232.92463, "delta": 0.002577}}
{"target": -17.67566704999394, "params": {"gamma": 601.3469101696469, "log10_alpha": -4.42525923749336, "log10_colsample_bytree": -0.9142496880266505, "log10_eta": -2.394052952899553, "log10_lambda": 0.967630832008056, "log10_min_child_weight": 1.436607316761171, "log10_subsample": -0.3009520603062473, "max_depth": 5.0, "num_boost_round": 18.0}, "datetime": {"datetime": "2024-01-19 00:48:55", "elapsed": 2232.931842, "delta": 0.007212}}
{"target": -17.675387736855473, "params": {"gamma": 601.3469101696469, "log10_alpha": -4.42525923749336, "log10_colsample_bytree": -0.9142496880266505, "log10_eta": -2.394052952899553, "log10_lambda": 0.967630832008056, "log10_min_child_weight": 1.436607316761171, "log10_subsample": -0.3009520603062473, "max_depth": 5.0, "num_boost_round": 19.0}, "datetime": {"datetime": "2024-01-19 00:48:55", "elapsed": 2232.934437, "delta": 0.002595}}
{"target": -17.675203757564148, "params": {"gamma": 601.3469101696469, "log10_alpha": -4.42525923749336, "log10_colsample_bytree": -0.9142496880266505, "log10_eta": -2.394052952899553, "log10_lambda": 0.967630832008056, "log10_min_child_weight": 1.436607316761171, "log10_subsample": -0.3009520603062473, "max_depth": 5.0, "num_boost_round": 20.0}, "datetime": {"datetime": "2024-01-19 00:48:55", "elapsed": 2232.93699, "delta": 0.002553}}
{"target": -17.674913529206187, "params": {"gamma": 601.3469101696469, "log10_alpha": -4.42525923749336, "log10_colsample_bytree": -0.9142496880266505, "log10_eta": -2.394052952899553, "log10_lambda": 0.967630832008056, "log10_min_child_weight": 1.436607316761171, "log10_subsample": -0.3009520603062473, "max_depth": 5.0, "num_boost_round": 21.0}, "datetime": {"datetime": "2024-01-19 00:48:55", "elapsed": 2232.939547, "delta": 0.002557}}
{"target": -17.67474487156107, "params": {"gamma": 601.3469101696469, "log10_alpha": -4.42525923749336, "log10_colsample_bytree": -0.9142496880266505, "log10_eta": -2.394052952899553, "log10_lambda": 0.967630832008056, "log10_min_child_weight": 1.436607316761171, "log10_subsample": -0.3009520603062473, "max_depth": 5.0, "num_boost_round": 22.0}, "datetime": {"datetime": "2024-01-19 00:48:55", "elapsed": 2232.942051, "delta": 0.002504}}
{"target": -17.674562818014195, "params": {"gamma": 601.3469101696469, "log10_alpha": -4.42525923749336, "log10_colsample_bytree": -0.9142496880266505, "log10_eta": -2.394052952899553, "log10_lambda": 0.967630832008056, "log10_min_child_weight": 1.436607316761171, "log10_subsample": -0.3009520603062473, "max_depth": 5.0, "num_boost_round": 23.0}, "datetime": {"datetime": "2024-01-19 00:48:55", "elapsed": 2232.944546, "delta": 0.002495}}
{"target": -17.674663481262133, "params": {"gamma": 601.3469101696469, "log10_alpha": -4.42525923749336, "log10_colsample_bytree": -0.9142496880266505, "log10_eta": -2.394052952899553, "log10_lambda": 0.967630832008056, "log10_min_child_weight": 1.436607316761171, "log10_subsample": -0.3009520603062473, "max_depth": 5.0, "num_boost_round": 24.0}, "datetime": {"datetime": "2024-01-19 00:48:55", "elapsed": 2232.947069, "delta": 0.002523}}
{"target": -17.677229265387233, "params": {"gamma": 580.2426290177622, "log10_alpha": -0.0497063456227167, "log10_colsample_bytree": -0.8554746875388783, "log10_eta": -3.8858778976443733, "log10_lambda": -4.305786357832419, "log10_min_child_weight": 1.3127077683384036, "log10_subsample": -0.9943147112589402, "max_depth": 2.0, "num_boost_round": 0.0}, "datetime": {"datetime": "2024-01-19 00:49:21", "elapsed": 2259.099969, "delta": 26.1529}}
{"target": -17.67722732454143, "params": {"gamma": 580.2426290177622, "log10_alpha": -0.0497063456227167, "log10_colsample_bytree": -0.8554746875388783, "log10_eta": -3.8858778976443733, "log10_lambda": -4.305786357832419, "log10_min_child_weight": 1.3127077683384036, "log10_subsample": -0.9943147112589402, "max_depth": 2.0, "num_boost_round": 1.0}, "datetime": {"datetime": "2024-01-19 00:49:21", "elapsed": 2259.102656, "delta": 0.002687}}
{"target": -17.677225041415117, "params": {"gamma": 580.2426290177622, "log10_alpha": -0.0497063456227167, "log10_colsample_bytree": -0.8554746875388783, "log10_eta": -3.8858778976443733, "log10_lambda": -4.305786357832419, "log10_min_child_weight": 1.3127077683384036, "log10_subsample": -0.9943147112589402, "max_depth": 2.0, "num_boost_round": 2.0}, "datetime": {"datetime": "2024-01-19 00:49:21", "elapsed": 2259.105352, "delta": 0.002696}}
{"target": -17.67722491963151, "params": {"gamma": 580.2426290177622, "log10_alpha": -0.0497063456227167, "log10_colsample_bytree": -0.8554746875388783, "log10_eta": -3.8858778976443733, "log10_lambda": -4.305786357832419, "log10_min_child_weight": 1.3127077683384036, "log10_subsample": -0.9943147112589402, "max_depth": 2.0, "num_boost_round": 3.0}, "datetime": {"datetime": "2024-01-19 00:49:21", "elapsed": 2259.109989, "delta": 0.004637}}
{"target": -17.677220651693087, "params": {"gamma": 580.2426290177622, "log10_alpha": -0.0497063456227167, "log10_colsample_bytree": -0.8554746875388783, "log10_eta": -3.8858778976443733, "log10_lambda": -4.305786357832419, "log10_min_child_weight": 1.3127077683384036, "log10_subsample": -0.9943147112589402, "max_depth": 2.0, "num_boost_round": 4.0}, "datetime": {"datetime": "2024-01-19 00:49:21", "elapsed": 2259.1133, "delta": 0.003311}}
{"target": -17.67722225819985, "params": {"gamma": 580.2426290177622, "log10_alpha": -0.0497063456227167, "log10_colsample_bytree": -0.8554746875388783, "log10_eta": -3.8858778976443733, "log10_lambda": -4.305786357832419, "log10_min_child_weight": 1.3127077683384036, "log10_subsample": -0.9943147112589402, "max_depth": 2.0, "num_boost_round": 5.0}, "datetime": {"datetime": "2024-01-19 00:49:21", "elapsed": 2259.115862, "delta": 0.002562}}
{"target": -17.67721960861582, "params": {"gamma": 580.2426290177622, "log10_alpha": -0.0497063456227167, "log10_colsample_bytree": -0.8554746875388783, "log10_eta": -3.8858778976443733, "log10_lambda": -4.305786357832419, "log10_min_child_weight": 1.3127077683384036, "log10_subsample": -0.9943147112589402, "max_depth": 2.0, "num_boost_round": 6.0}, "datetime": {"datetime": "2024-01-19 00:49:21", "elapsed": 2259.118437, "delta": 0.002575}}
{"target": -17.677216159366203, "params": {"gamma": 580.2426290177622, "log10_alpha": -0.0497063456227167, "log10_colsample_bytree": -0.8554746875388783, "log10_eta": -3.8858778976443733, "log10_lambda": -4.305786357832419, "log10_min_child_weight": 1.3127077683384036, "log10_subsample": -0.9943147112589402, "max_depth": 2.0, "num_boost_round": 7.0}, "datetime": {"datetime": "2024-01-19 00:49:21", "elapsed": 2259.12103, "delta": 0.002593}}
{"target": -17.677215291414978, "params": {"gamma": 580.2426290177622, "log10_alpha": -0.0497063456227167, "log10_colsample_bytree": -0.8554746875388783, "log10_eta": -3.8858778976443733, "log10_lambda": -4.305786357832419, "log10_min_child_weight": 1.3127077683384036, "log10_subsample": -0.9943147112589402, "max_depth": 2.0, "num_boost_round": 8.0}, "datetime": {"datetime": "2024-01-19 00:49:21", "elapsed": 2259.123567, "delta": 0.002537}}
{"target": -17.677214503631525, "params": {"gamma": 580.2426290177622, "log10_alpha": -0.0497063456227167, "log10_colsample_bytree": -0.8554746875388783, "log10_eta": -3.8858778976443733, "log10_lambda": -4.305786357832419, "log10_min_child_weight": 1.3127077683384036, "log10_subsample": -0.9943147112589402, "max_depth": 2.0, "num_boost_round": 9.0}, "datetime": {"datetime": "2024-01-19 00:49:21", "elapsed": 2259.126116, "delta": 0.002549}}
{"target": -17.67721157781775, "params": {"gamma": 580.2426290177622, "log10_alpha": -0.0497063456227167, "log10_colsample_bytree": -0.8554746875388783, "log10_eta": -3.8858778976443733, "log10_lambda": -4.305786357832419, "log10_min_child_weight": 1.3127077683384036, "log10_subsample": -0.9943147112589402, "max_depth": 2.0, "num_boost_round": 10.0}, "datetime": {"datetime": "2024-01-19 00:49:21", "elapsed": 2259.128651, "delta": 0.002535}}
{"target": -17.677210191419775, "params": {"gamma": 580.2426290177622, "log10_alpha": -0.0497063456227167, "log10_colsample_bytree": -0.8554746875388783, "log10_eta": -3.8858778976443733, "log10_lambda": -4.305786357832419, "log10_min_child_weight": 1.3127077683384036, "log10_subsample": -0.9943147112589402, "max_depth": 2.0, "num_boost_round": 11.0}, "datetime": {"datetime": "2024-01-19 00:49:21", "elapsed": 2259.131386, "delta": 0.002735}}
{"target": -17.677208873649764, "params": {"gamma": 580.2426290177622, "log10_alpha": -0.0497063456227167, "log10_colsample_bytree": -0.8554746875388783, "log10_eta": -3.8858778976443733, "log10_lambda": -4.305786357832419, "log10_min_child_weight": 1.3127077683384036, "log10_subsample": -0.9943147112589402, "max_depth": 2.0, "num_boost_round": 12.0}, "datetime": {"datetime": "2024-01-19 00:49:21", "elapsed": 2259.13411, "delta": 0.002724}}
{"target": -17.677206739188396, "params": {"gamma": 580.2426290177622, "log10_alpha": -0.0497063456227167, "log10_colsample_bytree": -0.8554746875388783, "log10_eta": -3.8858778976443733, "log10_lambda": -4.305786357832419, "log10_min_child_weight": 1.3127077683384036, "log10_subsample": -0.9943147112589402, "max_depth": 2.0, "num_boost_round": 13.0}, "datetime": {"datetime": "2024-01-19 00:49:21", "elapsed": 2259.13676, "delta": 0.00265}}
{"target": -17.67720447553641, "params": {"gamma": 580.2426290177622, "log10_alpha": -0.0497063456227167, "log10_colsample_bytree": -0.8554746875388783, "log10_eta": -3.8858778976443733, "log10_lambda": -4.305786357832419, "log10_min_child_weight": 1.3127077683384036, "log10_subsample": -0.9943147112589402, "max_depth": 2.0, "num_boost_round": 14.0}, "datetime": {"datetime": "2024-01-19 00:49:21", "elapsed": 2259.139292, "delta": 0.002532}}
{"target": -17.67722936700612, "params": {"gamma": 585.639814377157, "log10_alpha": -1.19866697023176, "log10_colsample_bytree": -0.1252700454286616, "log10_eta": -3.9069695577633623, "log10_lambda": -2.9735581051935367, "log10_min_child_weight": 0.3627301240397923, "log10_subsample": -0.6312322991260354, "max_depth": 2.0, "num_boost_round": 0.0}, "datetime": {"datetime": "2024-01-19 00:49:49", "elapsed": 2287.234243, "delta": 28.094951}}
{"target": -17.67722574713763, "params": {"gamma": 585.639814377157, "log10_alpha": -1.19866697023176, "log10_colsample_bytree": -0.1252700454286616, "log10_eta": -3.9069695577633623, "log10_lambda": -2.9735581051935367, "log10_min_child_weight": 0.3627301240397923, "log10_subsample": -0.6312322991260354, "max_depth": 2.0, "num_boost_round": 1.0}, "datetime": {"datetime": "2024-01-19 00:49:49", "elapsed": 2287.237467, "delta": 0.003224}}
{"target": -17.67722212958917, "params": {"gamma": 585.639814377157, "log10_alpha": -1.19866697023176, "log10_colsample_bytree": -0.1252700454286616, "log10_eta": -3.9069695577633623, "log10_lambda": -2.9735581051935367, "log10_min_child_weight": 0.3627301240397923, "log10_subsample": -0.6312322991260354, "max_depth": 2.0, "num_boost_round": 2.0}, "datetime": {"datetime": "2024-01-19 00:49:49", "elapsed": 2287.240407, "delta": 0.00294}}
{"target": -17.677220254505457, "params": {"gamma": 585.639814377157, "log10_alpha": -1.19866697023176, "log10_colsample_bytree": -0.1252700454286616, "log10_eta": -3.9069695577633623, "log10_lambda": -2.9735581051935367, "log10_min_child_weight": 0.3627301240397923, "log10_subsample": -0.6312322991260354, "max_depth": 2.0, "num_boost_round": 3.0}, "datetime": {"datetime": "2024-01-19 00:49:49", "elapsed": 2287.242981, "delta": 0.002574}}
{"target": -17.677217844458198, "params": {"gamma": 585.639814377157, "log10_alpha": -1.19866697023176, "log10_colsample_bytree": -0.1252700454286616, "log10_eta": -3.9069695577633623, "log10_lambda": -2.9735581051935367, "log10_min_child_weight": 0.3627301240397923, "log10_subsample": -0.6312322991260354, "max_depth": 2.0, "num_boost_round": 4.0}, "datetime": {"datetime": "2024-01-19 00:49:49", "elapsed": 2287.245577, "delta": 0.002596}}
{"target": -17.67721412587961, "params": {"gamma": 585.639814377157, "log10_alpha": -1.19866697023176, "log10_colsample_bytree": -0.1252700454286616, "log10_eta": -3.9069695577633623, "log10_lambda": -2.9735581051935367, "log10_min_child_weight": 0.3627301240397923, "log10_subsample": -0.6312322991260354, "max_depth": 2.0, "num_boost_round": 5.0}, "datetime": {"datetime": "2024-01-19 00:49:49", "elapsed": 2287.248198, "delta": 0.002621}}
{"target": -17.67720928702212, "params": {"gamma": 585.639814377157, "log10_alpha": -1.19866697023176, "log10_colsample_bytree": -0.1252700454286616, "log10_eta": -3.9069695577633623, "log10_lambda": -2.9735581051935367, "log10_min_child_weight": 0.3627301240397923, "log10_subsample": -0.6312322991260354, "max_depth": 2.0, "num_boost_round": 6.0}, "datetime": {"datetime": "2024-01-19 00:49:49", "elapsed": 2287.25125, "delta": 0.003052}}
{"target": -17.67720552800514, "params": {"gamma": 585.639814377157, "log10_alpha": -1.19866697023176, "log10_colsample_bytree": -0.1252700454286616, "log10_eta": -3.9069695577633623, "log10_lambda": -2.9735581051935367, "log10_min_child_weight": 0.3627301240397923, "log10_subsample": -0.6312322991260354, "max_depth": 2.0, "num_boost_round": 7.0}, "datetime": {"datetime": "2024-01-19 00:49:49", "elapsed": 2287.253875, "delta": 0.002625}}
{"target": -17.6772018512747, "params": {"gamma": 585.639814377157, "log10_alpha": -1.19866697023176, "log10_colsample_bytree": -0.1252700454286616, "log10_eta": -3.9069695577633623, "log10_lambda": -2.9735581051935367, "log10_min_child_weight": 0.3627301240397923, "log10_subsample": -0.6312322991260354, "max_depth": 2.0, "num_boost_round": 8.0}, "datetime": {"datetime": "2024-01-19 00:49:49", "elapsed": 2287.256426, "delta": 0.002551}}
{"target": -17.6771981161257, "params": {"gamma": 585.639814377157, "log10_alpha": -1.19866697023176, "log10_colsample_bytree": -0.1252700454286616, "log10_eta": -3.9069695577633623, "log10_lambda": -2.9735581051935367, "log10_min_child_weight": 0.3627301240397923, "log10_subsample": -0.6312322991260354, "max_depth": 2.0, "num_boost_round": 9.0}, "datetime": {"datetime": "2024-01-19 00:49:49", "elapsed": 2287.258971, "delta": 0.002545}}
{"target": -17.677194354757784, "params": {"gamma": 585.639814377157, "log10_alpha": -1.19866697023176, "log10_colsample_bytree": -0.1252700454286616, "log10_eta": -3.9069695577633623, "log10_lambda": -2.9735581051935367, "log10_min_child_weight": 0.3627301240397923, "log10_subsample": -0.6312322991260354, "max_depth": 2.0, "num_boost_round": 10.0}, "datetime": {"datetime": "2024-01-19 00:49:49", "elapsed": 2287.261602, "delta": 0.002631}}
{"target": -17.67719111124185, "params": {"gamma": 585.639814377157, "log10_alpha": -1.19866697023176, "log10_colsample_bytree": -0.1252700454286616, "log10_eta": -3.9069695577633623, "log10_lambda": -2.9735581051935367, "log10_min_child_weight": 0.3627301240397923, "log10_subsample": -0.6312322991260354, "max_depth": 2.0, "num_boost_round": 11.0}, "datetime": {"datetime": "2024-01-19 00:49:49", "elapsed": 2287.264155, "delta": 0.002553}}
{"target": -17.677187503472602, "params": {"gamma": 585.639814377157, "log10_alpha": -1.19866697023176, "log10_colsample_bytree": -0.1252700454286616, "log10_eta": -3.9069695577633623, "log10_lambda": -2.9735581051935367, "log10_min_child_weight": 0.3627301240397923, "log10_subsample": -0.6312322991260354, "max_depth": 2.0, "num_boost_round": 12.0}, "datetime": {"datetime": "2024-01-19 00:49:49", "elapsed": 2287.266681, "delta": 0.002526}}
{"target": -17.677183916201578, "params": {"gamma": 585.639814377157, "log10_alpha": -1.19866697023176, "log10_colsample_bytree": -0.1252700454286616, "log10_eta": -3.9069695577633623, "log10_lambda": -2.9735581051935367, "log10_min_child_weight": 0.3627301240397923, "log10_subsample": -0.6312322991260354, "max_depth": 2.0, "num_boost_round": 13.0}, "datetime": {"datetime": "2024-01-19 00:49:49", "elapsed": 2287.26933, "delta": 0.002649}}
{"target": -17.677231953197328, "params": {"gamma": 598.8738435848802, "log10_alpha": 0.44999384786255625, "log10_colsample_bytree": -0.9542108196774206, "log10_eta": -3.770254453402849, "log10_lambda": -4.447619621768503, "log10_min_child_weight": 4.204607605934293, "log10_subsample": -0.7543658078562044, "max_depth": 5.0, "num_boost_round": 0.0}, "datetime": {"datetime": "2024-01-19 00:50:25", "elapsed": 2322.989013, "delta": 35.719683}}
{"target": -17.67723059816124, "params": {"gamma": 598.8738435848802, "log10_alpha": 0.44999384786255625, "log10_colsample_bytree": -0.9542108196774206, "log10_eta": -3.770254453402849, "log10_lambda": -4.447619621768503, "log10_min_child_weight": 4.204607605934293, "log10_subsample": -0.7543658078562044, "max_depth": 5.0, "num_boost_round": 1.0}, "datetime": {"datetime": "2024-01-19 00:50:25", "elapsed": 2322.992305, "delta": 0.003292}}
{"target": -17.677231406603134, "params": {"gamma": 598.8738435848802, "log10_alpha": 0.44999384786255625, "log10_colsample_bytree": -0.9542108196774206, "log10_eta": -3.770254453402849, "log10_lambda": -4.447619621768503, "log10_min_child_weight": 4.204607605934293, "log10_subsample": -0.7543658078562044, "max_depth": 5.0, "num_boost_round": 2.0}, "datetime": {"datetime": "2024-01-19 00:50:25", "elapsed": 2322.995017, "delta": 0.002712}}
{"target": -17.677231573327767, "params": {"gamma": 598.8738435848802, "log10_alpha": 0.44999384786255625, "log10_colsample_bytree": -0.9542108196774206, "log10_eta": -3.770254453402849, "log10_lambda": -4.447619621768503, "log10_min_child_weight": 4.204607605934293, "log10_subsample": -0.7543658078562044, "max_depth": 5.0, "num_boost_round": 3.0}, "datetime": {"datetime": "2024-01-19 00:50:25", "elapsed": 2322.997644, "delta": 0.002627}}
{"target": -17.677229681042153, "params": {"gamma": 598.8738435848802, "log10_alpha": 0.44999384786255625, "log10_colsample_bytree": -0.9542108196774206, "log10_eta": -3.770254453402849, "log10_lambda": -4.447619621768503, "log10_min_child_weight": 4.204607605934293, "log10_subsample": -0.7543658078562044, "max_depth": 5.0, "num_boost_round": 4.0}, "datetime": {"datetime": "2024-01-19 00:50:25", "elapsed": 2323.000285, "delta": 0.002641}}
{"target": -17.67722865948999, "params": {"gamma": 598.8738435848802, "log10_alpha": 0.44999384786255625, "log10_colsample_bytree": -0.9542108196774206, "log10_eta": -3.770254453402849, "log10_lambda": -4.447619621768503, "log10_min_child_weight": 4.204607605934293, "log10_subsample": -0.7543658078562044, "max_depth": 5.0, "num_boost_round": 5.0}, "datetime": {"datetime": "2024-01-19 00:50:25", "elapsed": 2323.002888, "delta": 0.002603}}
