{"target": -17.677222895258936, "params": {"gamma": 189.18421435172834, "log10_alpha": -0.9486584473054666, "log10_colsample_bytree": -1.0, "log10_eta": -3.517455247111947, "log10_lambda": -5.0, "log10_min_child_weight": 5.0, "log10_subsample": 0.0, "max_depth": 7.0, "num_boost_round": 3.0}, "datetime": {"datetime": "2024-01-19 00:35:16", "elapsed": 1401.215928, "delta": 0.002174}}
{"target": -17.677219981467548, "params": {"gamma": 189.18421435172834, "log10_alpha": -0.9486584473054666, "log10_colsample_bytree": -1.0, "log10_eta": -3.517455247111947, "log10_lambda": -5.0, "log10_min_child_weight": 5.0, "log10_subsample": 0.0, "max_depth": 7.0, "num_boost_round": 4.0}, "datetime": {"datetime": "2024-01-19 00:35:16", "elapsed": 1401.218279, "delta": 0.002351}}
{"target": -17.677217957487777, "params": {"gamma": 189.18421435172834, "log10_alpha": -0.9486584473054666, "log10_colsample_bytree": -1.0, "log10_eta": -3.517455247111947, "log10_lambda": -5.0, "log10_min_child_weight": 5.0, "log10_subsample": 0.0, "max_depth": 7.0, "num_boost_round": 5.0}, "datetime": {"datetime": "2024-01-19 00:35:16", "elapsed": 1401.220658, "delta": 0.002379}}
{"target": -17.67721607759493, "params": {"gamma": 189.18421435172834, "log10_alpha": -0.9486584473054666, "log10_colsample_bytree": -1.0, "log10_eta": -3.517455247111947, "log10_lambda": -5.0, "log10_min_child_weight": 5.0, "log10_subsample": 0.0, "max_depth": 7.0, "num_boost_round": 6.0}, "datetime": {"datetime": "2024-01-19 00:35:16", "elapsed": 1401.222957, "delta": 0.002299}}
{"target": -17.677213176398293, "params": {"gamma": 189.18421435172834, "log10_alpha": -0.9486584473054666, "log10_colsample_bytree": -1.0, "log10_eta": -3.517455247111947, "log10_lambda": -5.0, "log10_min_child_weight": 5.0, "log10_subsample": 0.0, "max_depth": 7.0, "num_boost_round": 7.0}, "datetime": {"datetime": "2024-01-19 00:35:16", "elapsed": 1401.225175, "delta": 0.002218}}
{"target": -17.677212080092342, "params": {"gamma": 189.18421435172834, "log10_alpha": -0.9486584473054666, "log10_colsample_bytree": -1.0, "log10_eta": -3.517455247111947, "log10_lambda": -5.0, "log10_min_child_weight": 5.0, "log10_subsample": 0.0, "max_depth": 7.0, "num_boost_round": 8.0}, "datetime": {"datetime": "2024-01-19 00:35:16", "elapsed": 1401.22741, "delta": 0.002235}}
{"target": -17.677211722754183, "params": {"gamma": 189.18421435172834, "log10_alpha": -0.9486584473054666, "log10_colsample_bytree": -1.0, "log10_eta": -3.517455247111947, "log10_lambda": -5.0, "log10_min_child_weight": 5.0, "log10_subsample": 0.0, "max_depth": 7.0, "num_boost_round": 9.0}, "datetime": {"datetime": "2024-01-19 00:35:16", "elapsed": 1401.229705, "delta": 0.002295}}
{"target": -17.677211819156177, "params": {"gamma": 189.18421435172834, "log10_alpha": -0.9486584473054666, "log10_colsample_bytree": -1.0, "log10_eta": -3.517455247111947, "log10_lambda": -5.0, "log10_min_child_weight": 5.0, "log10_subsample": 0.0, "max_depth": 7.0, "num_boost_round": 10.0}, "datetime": {"datetime": "2024-01-19 00:35:16", "elapsed": 1401.231912, "delta": 0.002207}}
{"target": -17.677207903095642, "params": {"gamma": 189.18421435172834, "log10_alpha": -0.9486584473054666, "log10_colsample_bytree": -1.0, "log10_eta": -3.517455247111947, "log10_lambda": -5.0, "log10_min_child_weight": 5.0, "log10_subsample": 0.0, "max_depth": 7.0, "num_boost_round": 11.0}, "datetime": {"datetime": "2024-01-19 00:35:16", "elapsed": 1401.234121, "delta": 0.002209}}
{"target": -17.67720266315782, "params": {"gamma": 189.18421435172834, "log10_alpha": -0.9486584473054666, "log10_colsample_bytree": -1.0, "log10_eta": -3.517455247111947, "log10_lambda": -5.0, "log10_min_child_weight": 5.0, "log10_subsample": 0.0, "max_depth": 7.0, "num_boost_round": 12.0}, "datetime": {"datetime": "2024-01-19 00:35:16", "elapsed": 1401.349799, "delta": 0.115678}}
{"target": -17.677197374352488, "params": {"gamma": 189.18421435172834, "log10_alpha": -0.9486584473054666, "log10_colsample_bytree": -1.0, "log10_eta": -3.517455247111947, "log10_lambda": -5.0, "log10_min_child_weight": 5.0, "log10_subsample": 0.0, "max_depth": 7.0, "num_boost_round": 13.0}, "datetime": {"datetime": "2024-01-19 00:35:16", "elapsed": 1401.352825, "delta": 0.003026}}
{"target": -17.67719482727852, "params": {"gamma": 189.18421435172834, "log10_alpha": -0.9486584473054666, "log10_colsample_bytree": -1.0, "log10_eta": -3.517455247111947, "log10_lambda": -5.0, "log10_min_child_weight": 5.0, "log10_subsample": 0.0, "max_depth": 7.0, "num_boost_round": 14.0}, "datetime": {"datetime": "2024-01-19 00:35:16", "elapsed": 1401.355345, "delta": 0.00252}}
{"target": -17.677190630993195, "params": {"gamma": 189.18421435172834, "log10_alpha": -0.9486584473054666, "log10_colsample_bytree": -1.0, "log10_eta": -3.517455247111947, "log10_lambda": -5.0, "log10_min_child_weight": 5.0, "log10_subsample": 0.0, "max_depth": 7.0, "num_boost_round": 15.0}, "datetime": {"datetime": "2024-01-19 00:35:16", "elapsed": 1401.357868, "delta": 0.002523}}
{"target": -17.677188880659635, "params": {"gamma": 189.18421435172834, "log10_alpha": -0.9486584473054666, "log10_colsample_bytree": -1.0, "log10_eta": -3.517455247111947, "log10_lambda": -5.0, "log10_min_child_weight": 5.0, "log10_subsample": 0.0, "max_depth": 7.0, "num_boost_round": 16.0}, "datetime": {"datetime": "2024-01-19 00:35:16", "elapsed": 1401.360425, "delta": 0.002557}}
{"target": -17.67718858167428, "params": {"gamma": 189.18421435172834, "log10_alpha": -0.9486584473054666, "log10_colsample_bytree": -1.0, "log10_eta": -3.517455247111947, "log10_lambda": -5.0, "log10_min_child_weight": 5.0, "log10_subsample": 0.0, "max_depth": 7.0, "num_boost_round": 17.0}, "datetime": {"datetime": "2024-01-19 00:35:16", "elapsed": 1401.362838, "delta": 0.002413}}
{"target": -17.67718459863771, "params": {"gamma": 189.18421435172834, "log10_alpha": -0.9486584473054666, "log10_colsample_bytree": -1.0, "log10_eta": -3.517455247111947, "log10_lambda": -5.0, "log10_min_child_weight": 5.0, "log10_subsample": 0.0, "max_depth": 7.0, "num_boost_round": 18.0}, "datetime": {"datetime": "2024-01-19 00:35:16", "elapsed": 1401.365346, "delta": 0.002508}}
{"target": -17.677178531245705, "params": {"gamma": 189.18421435172834, "log10_alpha": -0.9486584473054666, "log10_colsample_bytree": -1.0, "log10_eta": -3.517455247111947, "log10_lambda": -5.0, "log10_min_child_weight": 5.0, "log10_subsample": 0.0, "max_depth": 7.0, "num_boost_round": 19.0}, "datetime": {"datetime": "2024-01-19 00:35:16", "elapsed": 1401.367863, "delta": 0.002517}}
{"target": -17.67717878811973, "params": {"gamma": 189.18421435172834, "log10_alpha": -0.9486584473054666, "log10_colsample_bytree": -1.0, "log10_eta": -3.517455247111947, "log10_lambda": -5.0, "log10_min_child_weight": 5.0, "log10_subsample": 0.0, "max_depth": 7.0, "num_boost_round": 20.0}, "datetime": {"datetime": "2024-01-19 00:35:16", "elapsed": 1401.37033, "delta": 0.002467}}
{"target": -17.67717490882918, "params": {"gamma": 189.18421435172834, "log10_alpha": -0.9486584473054666, "log10_colsample_bytree": -1.0, "log10_eta": -3.517455247111947, "log10_lambda": -5.0, "log10_min_child_weight": 5.0, "log10_subsample": 0.0, "max_depth": 7.0, "num_boost_round": 21.0}, "datetime": {"datetime": "2024-01-19 00:35:16", "elapsed": 1401.372805, "delta": 0.002475}}
{"target": -17.677171290156622, "params": {"gamma": 189.18421435172834, "log10_alpha": -0.9486584473054666, "log10_colsample_bytree": -1.0, "log10_eta": -3.517455247111947, "log10_lambda": -5.0, "log10_min_child_weight": 5.0, "log10_subsample": 0.0, "max_depth": 7.0, "num_boost_round": 22.0}, "datetime": {"datetime": "2024-01-19 00:35:16", "elapsed": 1401.37527, "delta": 0.002465}}
{"target": -17.677167968966426, "params": {"gamma": 189.18421435172834, "log10_alpha": -0.9486584473054666, "log10_colsample_bytree": -1.0, "log10_eta": -3.517455247111947, "log10_lambda": -5.0, "log10_min_child_weight": 5.0, "log10_subsample": 0.0, "max_depth": 7.0, "num_boost_round": 23.0}, "datetime": {"datetime": "2024-01-19 00:35:16", "elapsed": 1401.37767, "delta": 0.0024}}
{"target": -17.67716807052227, "params": {"gamma": 189.18421435172834, "log10_alpha": -0.9486584473054666, "log10_colsample_bytree": -1.0, "log10_eta": -3.517455247111947, "log10_lambda": -5.0, "log10_min_child_weight": 5.0, "log10_subsample": 0.0, "max_depth": 7.0, "num_boost_round": 24.0}, "datetime": {"datetime": "2024-01-19 00:35:16", "elapsed": 1401.380193, "delta": 0.002523}}
{"target": -17.677165120393294, "params": {"gamma": 189.18421435172834, "log10_alpha": -0.9486584473054666, "log10_colsample_bytree": -1.0, "log10_eta": -3.517455247111947, "log10_lambda": -5.0, "log10_min_child_weight": 5.0, "log10_subsample": 0.0, "max_depth": 7.0, "num_boost_round": 25.0}, "datetime": {"datetime": "2024-01-19 00:35:16", "elapsed": 1401.382659, "delta": 0.002466}}
{"target": -17.67717088170162, "params": {"gamma": 189.18421435172834, "log10_alpha": -0.9486584473054666, "log10_colsample_bytree": -1.0, "log10_eta": -3.517455247111947, "log10_lambda": -5.0, "log10_min_child_weight": 5.0, "log10_subsample": 0.0, "max_depth": 7.0, "num_boost_round": 26.0}, "datetime": {"datetime": "2024-01-19 00:35:16", "elapsed": 1401.385086, "delta": 0.002427}}
{"target": -17.677169264842515, "params": {"gamma": 189.18421435172834, "log10_alpha": -0.9486584473054666, "log10_colsample_bytree": -1.0, "log10_eta": -3.517455247111947, "log10_lambda": -5.0, "log10_min_child_weight": 5.0, "log10_subsample": 0.0, "max_depth": 7.0, "num_boost_round": 27.0}, "datetime": {"datetime": "2024-01-19 00:35:16", "elapsed": 1401.387585, "delta": 0.002499}}
{"target": -17.677165339912552, "params": {"gamma": 189.18421435172834, "log10_alpha": -0.9486584473054666, "log10_colsample_bytree": -1.0, "log10_eta": -3.517455247111947, "log10_lambda": -5.0, "log10_min_child_weight": 5.0, "log10_subsample": 0.0, "max_depth": 7.0, "num_boost_round": 28.0}, "datetime": {"datetime": "2024-01-19 00:35:16", "elapsed": 1401.390024, "delta": 0.002439}}
{"target": -17.677161097418104, "params": {"gamma": 189.18421435172834, "log10_alpha": -0.9486584473054666, "log10_colsample_bytree": -1.0, "log10_eta": -3.517455247111947, "log10_lambda": -5.0, "log10_min_child_weight": 5.0, "log10_subsample": 0.0, "max_depth": 7.0, "num_boost_round": 29.0}, "datetime": {"datetime": "2024-01-19 00:35:16", "elapsed": 1401.392451, "delta": 0.002427}}
{"target": -17.67715624666447, "params": {"gamma": 189.18421435172834, "log10_alpha": -0.9486584473054666, "log10_colsample_bytree": -1.0, "log10_eta": -3.517455247111947, "log10_lambda": -5.0, "log10_min_child_weight": 5.0, "log10_subsample": 0.0, "max_depth": 7.0, "num_boost_round": 30.0}, "datetime": {"datetime": "2024-01-19 00:35:16", "elapsed": 1401.395004, "delta": 0.002553}}
{"target": -17.67715339636198, "params": {"gamma": 189.18421435172834, "log10_alpha": -0.9486584473054666, "log10_colsample_bytree": -1.0, "log10_eta": -3.517455247111947, "log10_lambda": -5.0, "log10_min_child_weight": 5.0, "log10_subsample": 0.0, "max_depth": 7.0, "num_boost_round": 31.0}, "datetime": {"datetime": "2024-01-19 00:35:16", "elapsed": 1401.397463, "delta": 0.002459}}
{"target": -17.67723248350492, "params": {"gamma": 183.47963847470112, "log10_alpha": 0.7575405495959685, "log10_colsample_bytree": -1.0, "log10_eta": -4.0, "log10_lambda": -5.0, "log10_min_child_weight": 5.0, "log10_subsample": -0.512530048707478, "max_depth": 2.0, "num_boost_round": 0.0}, "datetime": {"datetime": "2024-01-19 00:35:53", "elapsed": 1438.310834, "delta": 36.913371}}
{"target": -17.67723135443646, "params": {"gamma": 183.47963847470112, "log10_alpha": 0.7575405495959685, "log10_colsample_bytree": -1.0, "log10_eta": -4.0, "log10_lambda": -5.0, "log10_min_child_weight": 5.0, "log10_subsample": -0.512530048707478, "max_depth": 2.0, "num_boost_round": 1.0}, "datetime": {"datetime": "2024-01-19 00:35:53", "elapsed": 1438.313834, "delta": 0.003}}
{"target": -17.6772306302644, "params": {"gamma": 183.47963847470112, "log10_alpha": 0.7575405495959685, "log10_colsample_bytree": -1.0, "log10_eta": -4.0, "log10_lambda": -5.0, "log10_min_child_weight": 5.0, "log10_subsample": -0.512530048707478, "max_depth": 2.0, "num_boost_round": 2.0}, "datetime": {"datetime": "2024-01-19 00:35:53", "elapsed": 1438.316293, "delta": 0.002459}}
{"target": -17.677230229639402, "params": {"gamma": 183.47963847470112, "log10_alpha": 0.7575405495959685, "log10_colsample_bytree": -1.0, "log10_eta": -4.0, "log10_lambda": -5.0, "log10_min_child_weight": 5.0, "log10_subsample": -0.512530048707478, "max_depth": 2.0, "num_boost_round": 3.0}, "datetime": {"datetime": "2024-01-19 00:35:53", "elapsed": 1438.31857, "delta": 0.002277}}
{"target": -17.677229431553318, "params": {"gamma": 183.47963847470112, "log10_alpha": 0.7575405495959685, "log10_colsample_bytree": -1.0, "log10_eta": -4.0, "log10_lambda": -5.0, "log10_min_child_weight": 5.0, "log10_subsample": -0.512530048707478, "max_depth": 2.0, "num_boost_round": 4.0}, "datetime": {"datetime": "2024-01-19 00:35:53", "elapsed": 1438.32071, "delta": 0.00214}}
{"target": -17.677229160544492, "params": {"gamma": 183.47963847470112, "log10_alpha": 0.7575405495959685, "log10_colsample_bytree": -1.0, "log10_eta": -4.0, "log10_lambda": -5.0, "log10_min_child_weight": 5.0, "log10_subsample": -0.512530048707478, "max_depth": 2.0, "num_boost_round": 5.0}, "datetime": {"datetime": "2024-01-19 00:35:53", "elapsed": 1438.322867, "delta": 0.002157}}
{"target": -17.677228347525716, "params": {"gamma": 183.47963847470112, "log10_alpha": 0.7575405495959685, "log10_colsample_bytree": -1.0, "log10_eta": -4.0, "log10_lambda": -5.0, "log10_min_child_weight": 5.0, "log10_subsample": -0.512530048707478, "max_depth": 2.0, "num_boost_round": 6.0}, "datetime": {"datetime": "2024-01-19 00:35:53", "elapsed": 1438.324977, "delta": 0.00211}}
{"target": -17.677227512561217, "params": {"gamma": 183.47963847470112, "log10_alpha": 0.7575405495959685, "log10_colsample_bytree": -1.0, "log10_eta": -4.0, "log10_lambda": -5.0, "log10_min_child_weight": 5.0, "log10_subsample": -0.512530048707478, "max_depth": 2.0, "num_boost_round": 7.0}, "datetime": {"datetime": "2024-01-19 00:35:53", "elapsed": 1438.327086, "delta": 0.002109}}
{"target": -17.677227412033314, "params": {"gamma": 183.47963847470112, "log10_alpha": 0.7575405495959685, "log10_colsample_bytree": -1.0, "log10_eta": -4.0, "log10_lambda": -5.0, "log10_min_child_weight": 5.0, "log10_subsample": -0.512530048707478, "max_depth": 2.0, "num_boost_round": 8.0}, "datetime": {"datetime": "2024-01-19 00:35:53", "elapsed": 1438.329336, "delta": 0.00225}}
{"target": -17.67722736625441, "params": {"gamma": 183.47963847470112, "log10_alpha": 0.7575405495959685, "log10_colsample_bytree": -1.0, "log10_eta": -4.0, "log10_lambda": -5.0, "log10_min_child_weight": 5.0, "log10_subsample": -0.512530048707478, "max_depth": 2.0, "num_boost_round": 9.0}, "datetime": {"datetime": "2024-01-19 00:35:53", "elapsed": 1438.331463, "delta": 0.002127}}
{"target": -17.67722723387116, "params": {"gamma": 183.47963847470112, "log10_alpha": 0.7575405495959685, "log10_colsample_bytree": -1.0, "log10_eta": -4.0, "log10_lambda": -5.0, "log10_min_child_weight": 5.0, "log10_subsample": -0.512530048707478, "max_depth": 2.0, "num_boost_round": 10.0}, "datetime": {"datetime": "2024-01-19 00:35:53", "elapsed": 1438.333559, "delta": 0.002096}}
{"target": -17.67722584104074, "params": {"gamma": 183.47963847470112, "log10_alpha": 0.7575405495959685, "log10_colsample_bytree": -1.0, "log10_eta": -4.0, "log10_lambda": -5.0, "log10_min_child_weight": 5.0, "log10_subsample": -0.512530048707478, "max_depth": 2.0, "num_boost_round": 11.0}, "datetime": {"datetime": "2024-01-19 00:35:53", "elapsed": 1438.33568, "delta": 0.002121}}
{"target": -17.67722556871313, "params": {"gamma": 183.47963847470112, "log10_alpha": 0.7575405495959685, "log10_colsample_bytree": -1.0, "log10_eta": -4.0, "log10_lambda": -5.0, "log10_min_child_weight": 5.0, "log10_subsample": -0.512530048707478, "max_depth": 2.0, "num_boost_round": 12.0}, "datetime": {"datetime": "2024-01-19 00:35:53", "elapsed": 1438.337788, "delta": 0.002108}}
{"target": -17.677224822815997, "params": {"gamma": 183.47963847470112, "log10_alpha": 0.7575405495959685, "log10_colsample_bytree": -1.0, "log10_eta": -4.0, "log10_lambda": -5.0, "log10_min_child_weight": 5.0, "log10_subsample": -0.512530048707478, "max_depth": 2.0, "num_boost_round": 13.0}, "datetime": {"datetime": "2024-01-19 00:35:53", "elapsed": 1438.340029, "delta": 0.002241}}
{"target": -17.677224351031526, "params": {"gamma": 183.47963847470112, "log10_alpha": 0.7575405495959685, "log10_colsample_bytree": -1.0, "log10_eta": -4.0, "log10_lambda": -5.0, "log10_min_child_weight": 5.0, "log10_subsample": -0.512530048707478, "max_depth": 2.0, "num_boost_round": 14.0}, "datetime": {"datetime": "2024-01-19 00:35:53", "elapsed": 1438.342275, "delta": 0.002246}}
{"target": -17.67722398367443, "params": {"gamma": 183.47963847470112, "log10_alpha": 0.7575405495959685, "log10_colsample_bytree": -1.0, "log10_eta": -4.0, "log10_lambda": -5.0, "log10_min_child_weight": 5.0, "log10_subsample": -0.512530048707478, "max_depth": 2.0, "num_boost_round": 15.0}, "datetime": {"datetime": "2024-01-19 00:35:53", "elapsed": 1438.344437, "delta": 0.002162}}
{"target": -17.677223467522964, "params": {"gamma": 183.47963847470112, "log10_alpha": 0.7575405495959685, "log10_colsample_bytree": -1.0, "log10_eta": -4.0, "log10_lambda": -5.0, "log10_min_child_weight": 5.0, "log10_subsample": -0.512530048707478, "max_depth": 2.0, "num_boost_round": 16.0}, "datetime": {"datetime": "2024-01-19 00:35:53", "elapsed": 1438.34655, "delta": 0.002113}}
{"target": -17.67722332830254, "params": {"gamma": 183.47963847470112, "log10_alpha": 0.7575405495959685, "log10_colsample_bytree": -1.0, "log10_eta": -4.0, "log10_lambda": -5.0, "log10_min_child_weight": 5.0, "log10_subsample": -0.512530048707478, "max_depth": 2.0, "num_boost_round": 17.0}, "datetime": {"datetime": "2024-01-19 00:35:53", "elapsed": 1438.348775, "delta": 0.002225}}
{"target": -17.677222522873933, "params": {"gamma": 183.47963847470112, "log10_alpha": 0.7575405495959685, "log10_colsample_bytree": -1.0, "log10_eta": -4.0, "log10_lambda": -5.0, "log10_min_child_weight": 5.0, "log10_subsample": -0.512530048707478, "max_depth": 2.0, "num_boost_round": 18.0}, "datetime": {"datetime": "2024-01-19 00:35:53", "elapsed": 1438.350912, "delta": 0.002137}}
{"target": -17.67722150934439, "params": {"gamma": 183.47963847470112, "log10_alpha": 0.7575405495959685, "log10_colsample_bytree": -1.0, "log10_eta": -4.0, "log10_lambda": -5.0, "log10_min_child_weight": 5.0, "log10_subsample": -0.512530048707478, "max_depth": 2.0, "num_boost_round": 19.0}, "datetime": {"datetime": "2024-01-19 00:35:53", "elapsed": 1438.353031, "delta": 0.002119}}
{"target": -17.67722150909179, "params": {"gamma": 183.47963847470112, "log10_alpha": 0.7575405495959685, "log10_colsample_bytree": -1.0, "log10_eta": -4.0, "log10_lambda": -5.0, "log10_min_child_weight": 5.0, "log10_subsample": -0.512530048707478, "max_depth": 2.0, "num_boost_round": 20.0}, "datetime": {"datetime": "2024-01-19 00:35:53", "elapsed": 1438.355142, "delta": 0.002111}}
{"target": -17.67722009206427, "params": {"gamma": 183.47963847470112, "log10_alpha": 0.7575405495959685, "log10_colsample_bytree": -1.0, "log10_eta": -4.0, "log10_lambda": -5.0, "log10_min_child_weight": 5.0, "log10_subsample": -0.512530048707478, "max_depth": 2.0, "num_boost_round": 21.0}, "datetime": {"datetime": "2024-01-19 00:35:53", "elapsed": 1438.357263, "delta": 0.002121}}
{"target": -17.677220122181065, "params": {"gamma": 183.47963847470112, "log10_alpha": 0.7575405495959685, "log10_colsample_bytree": -1.0, "log10_eta": -4.0, "log10_lambda": -5.0, "log10_min_child_weight": 5.0, "log10_subsample": -0.512530048707478, "max_depth": 2.0, "num_boost_round": 22.0}, "datetime": {"datetime": "2024-01-19 00:35:53", "elapsed": 1438.359465, "delta": 0.002202}}
{"target": -17.67721932456171, "params": {"gamma": 183.47963847470112, "log10_alpha": 0.7575405495959685, "log10_colsample_bytree": -1.0, "log10_eta": -4.0, "log10_lambda": -5.0, "log10_min_child_weight": 5.0, "log10_subsample": -0.512530048707478, "max_depth": 2.0, "num_boost_round": 23.0}, "datetime": {"datetime": "2024-01-19 00:35:53", "elapsed": 1438.361589, "delta": 0.002124}}
{"target": -17.677219254531515, "params": {"gamma": 183.47963847470112, "log10_alpha": 0.7575405495959685, "log10_colsample_bytree": -1.0, "log10_eta": -4.0, "log10_lambda": -5.0, "log10_min_child_weight": 5.0, "log10_subsample": -0.512530048707478, "max_depth": 2.0, "num_boost_round": 24.0}, "datetime": {"datetime": "2024-01-19 00:35:53", "elapsed": 1438.363714, "delta": 0.002125}}
{"target": -17.67721866333253, "params": {"gamma": 183.47963847470112, "log10_alpha": 0.7575405495959685, "log10_colsample_bytree": -1.0, "log10_eta": -4.0, "log10_lambda": -5.0, "log10_min_child_weight": 5.0, "log10_subsample": -0.512530048707478, "max_depth": 2.0, "num_boost_round": 25.0}, "datetime": {"datetime": "2024-01-19 00:35:53", "elapsed": 1438.365847, "delta": 0.002133}}
{"target": -17.677217990232727, "params": {"gamma": 183.47963847470112, "log10_alpha": 0.7575405495959685, "log10_colsample_bytree": -1.0, "log10_eta": -4.0, "log10_lambda": -5.0, "log10_min_child_weight": 5.0, "log10_subsample": -0.512530048707478, "max_depth": 2.0, "num_boost_round": 26.0}, "datetime": {"datetime": "2024-01-19 00:35:53", "elapsed": 1438.368058, "delta": 0.002211}}
{"target": -17.67721707425333, "params": {"gamma": 183.47963847470112, "log10_alpha": 0.7575405495959685, "log10_colsample_bytree": -1.0, "log10_eta": -4.0, "log10_lambda": -5.0, "log10_min_child_weight": 5.0, "log10_subsample": -0.512530048707478, "max_depth": 2.0, "num_boost_round": 27.0}, "datetime": {"datetime": "2024-01-19 00:35:53", "elapsed": 1438.370176, "delta": 0.002118}}
