{"target": -13.778347892375415, "params": {"gamma": 221.9931710897395, "log10_alpha": 0.22439383706425886, "log10_colsample_bytree": -0.7932808446605736, "log10_eta": -0.3255563682483138, "log10_lambda": -2.0695328672310254, "log10_min_child_weight": 3.0587193145132288, "log10_subsample": -0.23409214351968444, "max_depth": 6.0, "num_boost_round": 0.0}, "datetime": {"datetime": "2024-01-19 00:11:32", "elapsed": 0.0, "delta": 0.0}}
{"target": -13.799286762931537, "params": {"gamma": 221.9931710897395, "log10_alpha": 0.22439383706425886, "log10_colsample_bytree": -0.7932808446605736, "log10_eta": -0.3255563682483138, "log10_lambda": -2.0695328672310254, "log10_min_child_weight": 3.0587193145132288, "log10_subsample": -0.23409214351968444, "max_depth": 6.0, "num_boost_round": 1.0}, "datetime": {"datetime": "2024-01-19 00:11:32", "elapsed": 0.002983, "delta": 0.002983}}
{"target": -13.816121156887545, "params": {"gamma": 221.9931710897395, "log10_alpha": 0.22439383706425886, "log10_colsample_bytree": -0.7932808446605736, "log10_eta": -0.3255563682483138, "log10_lambda": -2.0695328672310254, "log10_min_child_weight": 3.0587193145132288, "log10_subsample": -0.23409214351968444, "max_depth": 6.0, "num_boost_round": 2.0}, "datetime": {"datetime": "2024-01-19 00:11:32", "elapsed": 0.003193, "delta": 0.00021}}
{"target": -13.826828340610366, "params": {"gamma": 221.9931710897395, "log10_alpha": 0.22439383706425886, "log10_colsample_bytree": -0.7932808446605736, "log10_eta": -0.3255563682483138, "log10_lambda": -2.0695328672310254, "log10_min_child_weight": 3.0587193145132288, "log10_subsample": -0.23409214351968444, "max_depth": 6.0, "num_boost_round": 3.0}, "datetime": {"datetime": "2024-01-19 00:11:32", "elapsed": 0.003347, "delta": 0.000154}}
{"target": -13.854575379674639, "params": {"gamma": 221.9931710897395, "log10_alpha": 0.22439383706425886, "log10_colsample_bytree": -0.7932808446605736, "log10_eta": -0.3255563682483138, "log10_lambda": -2.0695328672310254, "log10_min_child_weight": 3.0587193145132288, "log10_subsample": -0.23409214351968444, "max_depth": 6.0, "num_boost_round": 4.0}, "datetime": {"datetime": "2024-01-19 00:11:32", "elapsed": 0.003494, "delta": 0.000147}}
{"target": -13.862485789111288, "params": {"gamma": 221.9931710897395, "log10_alpha": 0.22439383706425886, "log10_colsample_bytree": -0.7932808446605736, "log10_eta": -0.3255563682483138, "log10_lambda": -2.0695328672310254, "log10_min_child_weight": 3.0587193145132288, "log10_subsample": -0.23409214351968444, "max_depth": 6.0, "num_boost_round": 5.0}, "datetime": {"datetime": "2024-01-19 00:11:32", "elapsed": 0.003646, "delta": 0.000152}}
{"target": -13.881700967498222, "params": {"gamma": 221.9931710897395, "log10_alpha": 0.22439383706425886, "log10_colsample_bytree": -0.7932808446605736, "log10_eta": -0.3255563682483138, "log10_lambda": -2.0695328672310254, "log10_min_child_weight": 3.0587193145132288, "log10_subsample": -0.23409214351968444, "max_depth": 6.0, "num_boost_round": 6.0}, "datetime": {"datetime": "2024-01-19 00:11:32", "elapsed": 0.003792, "delta": 0.000146}}
{"target": -13.946145188262161, "params": {"gamma": 221.9931710897395, "log10_alpha": 0.22439383706425886, "log10_colsample_bytree": -0.7932808446605736, "log10_eta": -0.3255563682483138, "log10_lambda": -2.0695328672310254, "log10_min_child_weight": 3.0587193145132288, "log10_subsample": -0.23409214351968444, "max_depth": 6.0, "num_boost_round": 7.0}, "datetime": {"datetime": "2024-01-19 00:11:32", "elapsed": 0.00395, "delta": 0.000158}}
{"target": -13.965201259376139, "params": {"gamma": 221.9931710897395, "log10_alpha": 0.22439383706425886, "log10_colsample_bytree": -0.7932808446605736, "log10_eta": -0.3255563682483138, "log10_lambda": -2.0695328672310254, "log10_min_child_weight": 3.0587193145132288, "log10_subsample": -0.23409214351968444, "max_depth": 6.0, "num_boost_round": 8.0}, "datetime": {"datetime": "2024-01-19 00:11:32", "elapsed": 0.004114, "delta": 0.000164}}
{"target": -13.984159050103568, "params": {"gamma": 221.9931710897395, "log10_alpha": 0.22439383706425886, "log10_colsample_bytree": -0.7932808446605736, "log10_eta": -0.3255563682483138, "log10_lambda": -2.0695328672310254, "log10_min_child_weight": 3.0587193145132288, "log10_subsample": -0.23409214351968444, "max_depth": 6.0, "num_boost_round": 9.0}, "datetime": {"datetime": "2024-01-19 00:11:32", "elapsed": 0.00886, "delta": 0.004746}}
{"target": -13.997962599263365, "params": {"gamma": 221.9931710897395, "log10_alpha": 0.22439383706425886, "log10_colsample_bytree": -0.7932808446605736, "log10_eta": -0.3255563682483138, "log10_lambda": -2.0695328672310254, "log10_min_child_weight": 3.0587193145132288, "log10_subsample": -0.23409214351968444, "max_depth": 6.0, "num_boost_round": 10.0}, "datetime": {"datetime": "2024-01-19 00:11:32", "elapsed": 0.009058, "delta": 0.000198}}
{"target": -14.000421338248854, "params": {"gamma": 221.9931710897395, "log10_alpha": 0.22439383706425886, "log10_colsample_bytree": -0.7932808446605736, "log10_eta": -0.3255563682483138, "log10_lambda": -2.0695328672310254, "log10_min_child_weight": 3.0587193145132288, "log10_subsample": -0.23409214351968444, "max_depth": 6.0, "num_boost_round": 11.0}, "datetime": {"datetime": "2024-01-19 00:11:32", "elapsed": 0.009212, "delta": 0.000154}}
{"target": -14.025466850928927, "params": {"gamma": 221.9931710897395, "log10_alpha": 0.22439383706425886, "log10_colsample_bytree": -0.7932808446605736, "log10_eta": -0.3255563682483138, "log10_lambda": -2.0695328672310254, "log10_min_child_weight": 3.0587193145132288, "log10_subsample": -0.23409214351968444, "max_depth": 6.0, "num_boost_round": 12.0}, "datetime": {"datetime": "2024-01-19 00:11:32", "elapsed": 0.009359, "delta": 0.000147}}
{"target": -14.032795565931853, "params": {"gamma": 221.9931710897395, "log10_alpha": 0.22439383706425886, "log10_colsample_bytree": -0.7932808446605736, "log10_eta": -0.3255563682483138, "log10_lambda": -2.0695328672310254, "log10_min_child_weight": 3.0587193145132288, "log10_subsample": -0.23409214351968444, "max_depth": 6.0, "num_boost_round": 13.0}, "datetime": {"datetime": "2024-01-19 00:11:32", "elapsed": 0.009512, "delta": 0.000153}}
{"target": -14.059015139786744, "params": {"gamma": 221.9931710897395, "log10_alpha": 0.22439383706425886, "log10_colsample_bytree": -0.7932808446605736, "log10_eta": -0.3255563682483138, "log10_lambda": -2.0695328672310254, "log10_min_child_weight": 3.0587193145132288, "log10_subsample": -0.23409214351968444, "max_depth": 6.0, "num_boost_round": 14.0}, "datetime": {"datetime": "2024-01-19 00:11:32", "elapsed": 0.009661, "delta": 0.000149}}
{"target": -14.068093679789571, "params": {"gamma": 221.9931710897395, "log10_alpha": 0.22439383706425886, "log10_colsample_bytree": -0.7932808446605736, "log10_eta": -0.3255563682483138, "log10_lambda": -2.0695328672310254, "log10_min_child_weight": 3.0587193145132288, "log10_subsample": -0.23409214351968444, "max_depth": 6.0, "num_boost_round": 15.0}, "datetime": {"datetime": "2024-01-19 00:11:32", "elapsed": 0.009805, "delta": 0.000144}}
{"target": -14.086292556556511, "params": {"gamma": 221.9931710897395, "log10_alpha": 0.22439383706425886, "log10_colsample_bytree": -0.7932808446605736, "log10_eta": -0.3255563682483138, "log10_lambda": -2.0695328672310254, "log10_min_child_weight": 3.0587193145132288, "log10_subsample": -0.23409214351968444, "max_depth": 6.0, "num_boost_round": 16.0}, "datetime": {"datetime": "2024-01-19 00:11:32", "elapsed": 0.009949, "delta": 0.000144}}
{"target": -14.096565447116056, "params": {"gamma": 221.9931710897395, "log10_alpha": 0.22439383706425886, "log10_colsample_bytree": -0.7932808446605736, "log10_eta": -0.3255563682483138, "log10_lambda": -2.0695328672310254, "log10_min_child_weight": 3.0587193145132288, "log10_subsample": -0.23409214351968444, "max_depth": 6.0, "num_boost_round": 17.0}, "datetime": {"datetime": "2024-01-19 00:11:32", "elapsed": 0.010091, "delta": 0.000142}}
{"target": -14.094072511070742, "params": {"gamma": 221.9931710897395, "log10_alpha": 0.22439383706425886, "log10_colsample_bytree": -0.7932808446605736, "log10_eta": -0.3255563682483138, "log10_lambda": -2.0695328672310254, "log10_min_child_weight": 3.0587193145132288, "log10_subsample": -0.23409214351968444, "max_depth": 6.0, "num_boost_round": 18.0}, "datetime": {"datetime": "2024-01-19 00:11:32", "elapsed": 0.010235, "delta": 0.000144}}
{"target": -14.095365645044524, "params": {"gamma": 221.9931710897395, "log10_alpha": 0.22439383706425886, "log10_colsample_bytree": -0.7932808446605736, "log10_eta": -0.3255563682483138, "log10_lambda": -2.0695328672310254, "log10_min_child_weight": 3.0587193145132288, "log10_subsample": -0.23409214351968444, "max_depth": 6.0, "num_boost_round": 19.0}, "datetime": {"datetime": "2024-01-19 00:11:32", "elapsed": 0.010386, "delta": 0.000151}}
{"target": -14.108096752078229, "params": {"gamma": 221.9931710897395, "log10_alpha": 0.22439383706425886, "log10_colsample_bytree": -0.7932808446605736, "log10_eta": -0.3255563682483138, "log10_lambda": -2.0695328672310254, "log10_min_child_weight": 3.0587193145132288, "log10_subsample": -0.23409214351968444, "max_depth": 6.0, "num_boost_round": 20.0}, "datetime": {"datetime": "2024-01-19 00:11:32", "elapsed": 0.01064, "delta": 0.000254}}
{"target": -14.107466387592961, "params": {"gamma": 221.9931710897395, "log10_alpha": 0.22439383706425886, "log10_colsample_bytree": -0.7932808446605736, "log10_eta": -0.3255563682483138, "log10_lambda": -2.0695328672310254, "log10_min_child_weight": 3.0587193145132288, "log10_subsample": -0.23409214351968444, "max_depth": 6.0, "num_boost_round": 21.0}, "datetime": {"datetime": "2024-01-19 00:11:32", "elapsed": 0.010797, "delta": 0.000157}}
{"target": -14.10966670507786, "params": {"gamma": 221.9931710897395, "log10_alpha": 0.22439383706425886, "log10_colsample_bytree": -0.7932808446605736, "log10_eta": -0.3255563682483138, "log10_lambda": -2.0695328672310254, "log10_min_child_weight": 3.0587193145132288, "log10_subsample": -0.23409214351968444, "max_depth": 6.0, "num_boost_round": 22.0}, "datetime": {"datetime": "2024-01-19 00:11:32", "elapsed": 0.010949, "delta": 0.000152}}
{"target": -14.127066133115273, "params": {"gamma": 221.9931710897395, "log10_alpha": 0.22439383706425886, "log10_colsample_bytree": -0.7932808446605736, "log10_eta": -0.3255563682483138, "log10_lambda": -2.0695328672310254, "log10_min_child_weight": 3.0587193145132288, "log10_subsample": -0.23409214351968444, "max_depth": 6.0, "num_boost_round": 23.0}, "datetime": {"datetime": "2024-01-19 00:11:32", "elapsed": 0.011101, "delta": 0.000152}}
{"target": -14.140030178408933, "params": {"gamma": 221.9931710897395, "log10_alpha": 0.22439383706425886, "log10_colsample_bytree": -0.7932808446605736, "log10_eta": -0.3255563682483138, "log10_lambda": -2.0695328672310254, "log10_min_child_weight": 3.0587193145132288, "log10_subsample": -0.23409214351968444, "max_depth": 6.0, "num_boost_round": 24.0}, "datetime": {"datetime": "2024-01-19 00:11:32", "elapsed": 0.011256, "delta": 0.000155}}
{"target": -14.166533135965011, "params": {"gamma": 221.9931710897395, "log10_alpha": 0.22439383706425886, "log10_colsample_bytree": -0.7932808446605736, "log10_eta": -0.3255563682483138, "log10_lambda": -2.0695328672310254, "log10_min_child_weight": 3.0587193145132288, "log10_subsample": -0.23409214351968444, "max_depth": 6.0, "num_boost_round": 25.0}, "datetime": {"datetime": "2024-01-19 00:11:32", "elapsed": 0.011411, "delta": 0.000155}}
{"target": -14.177585624095009, "params": {"gamma": 221.9931710897395, "log10_alpha": 0.22439383706425886, "log10_colsample_bytree": -0.7932808446605736, "log10_eta": -0.3255563682483138, "log10_lambda": -2.0695328672310254, "log10_min_child_weight": 3.0587193145132288, "log10_subsample": -0.23409214351968444, "max_depth": 6.0, "num_boost_round": 26.0}, "datetime": {"datetime": "2024-01-19 00:11:32", "elapsed": 0.011566, "delta": 0.000155}}
{"target": -14.191645319846083, "params": {"gamma": 221.9931710897395, "log10_alpha": 0.22439383706425886, "log10_colsample_bytree": -0.7932808446605736, "log10_eta": -0.3255563682483138, "log10_lambda": -2.0695328672310254, "log10_min_child_weight": 3.0587193145132288, "log10_subsample": -0.23409214351968444, "max_depth": 6.0, "num_boost_round": 27.0}, "datetime": {"datetime": "2024-01-19 00:11:32", "elapsed": 0.011731, "delta": 0.000165}}
{"target": -14.207508374001522, "params": {"gamma": 221.9931710897395, "log10_alpha": 0.22439383706425886, "log10_colsample_bytree": -0.7932808446605736, "log10_eta": -0.3255563682483138, "log10_lambda": -2.0695328672310254, "log10_min_child_weight": 3.0587193145132288, "log10_subsample": -0.23409214351968444, "max_depth": 6.0, "num_boost_round": 28.0}, "datetime": {"datetime": "2024-01-19 00:11:32", "elapsed": 0.011891, "delta": 0.00016}}
{"target": -14.209153905815965, "params": {"gamma": 221.9931710897395, "log10_alpha": 0.22439383706425886, "log10_colsample_bytree": -0.7932808446605736, "log10_eta": -0.3255563682483138, "log10_lambda": -2.0695328672310254, "log10_min_child_weight": 3.0587193145132288, "log10_subsample": -0.23409214351968444, "max_depth": 6.0, "num_boost_round": 29.0}, "datetime": {"datetime": "2024-01-19 00:11:32", "elapsed": 0.01205, "delta": 0.000159}}
{"target": -14.219601237838562, "params": {"gamma": 221.9931710897395, "log10_alpha": 0.22439383706425886, "log10_colsample_bytree": -0.7932808446605736, "log10_eta": -0.3255563682483138, "log10_lambda": -2.0695328672310254, "log10_min_child_weight": 3.0587193145132288, "log10_subsample": -0.23409214351968444, "max_depth": 6.0, "num_boost_round": 30.0}, "datetime": {"datetime": "2024-01-19 00:11:32", "elapsed": 0.01222, "delta": 0.00017}}
{"target": -14.223209241857447, "params": {"gamma": 221.9931710897395, "log10_alpha": 0.22439383706425886, "log10_colsample_bytree": -0.7932808446605736, "log10_eta": -0.3255563682483138, "log10_lambda": -2.0695328672310254, "log10_min_child_weight": 3.0587193145132288, "log10_subsample": -0.23409214351968444, "max_depth": 6.0, "num_boost_round": 31.0}, "datetime": {"datetime": "2024-01-19 00:11:32", "elapsed": 0.012389, "delta": 0.000169}}
{"target": -14.230712651182206, "params": {"gamma": 221.9931710897395, "log10_alpha": 0.22439383706425886, "log10_colsample_bytree": -0.7932808446605736, "log10_eta": -0.3255563682483138, "log10_lambda": -2.0695328672310254, "log10_min_child_weight": 3.0587193145132288, "log10_subsample": -0.23409214351968444, "max_depth": 6.0, "num_boost_round": 32.0}, "datetime": {"datetime": "2024-01-19 00:11:32", "elapsed": 0.012558, "delta": 0.000169}}
{"target": -14.228459702602976, "params": {"gamma": 221.9931710897395, "log10_alpha": 0.22439383706425886, "log10_colsample_bytree": -0.7932808446605736, "log10_eta": -0.3255563682483138, "log10_lambda": -2.0695328672310254, "log10_min_child_weight": 3.0587193145132288, "log10_subsample": -0.23409214351968444, "max_depth": 6.0, "num_boost_round": 33.0}, "datetime": {"datetime": "2024-01-19 00:11:32", "elapsed": 0.012739, "delta": 0.000181}}
{"target": -14.246688753887826, "params": {"gamma": 221.9931710897395, "log10_alpha": 0.22439383706425886, "log10_colsample_bytree": -0.7932808446605736, "log10_eta": -0.3255563682483138, "log10_lambda": -2.0695328672310254, "log10_min_child_weight": 3.0587193145132288, "log10_subsample": -0.23409214351968444, "max_depth": 6.0, "num_boost_round": 34.0}, "datetime": {"datetime": "2024-01-19 00:11:32", "elapsed": 0.012913, "delta": 0.000174}}
{"target": -14.264812940782955, "params": {"gamma": 221.9931710897395, "log10_alpha": 0.22439383706425886, "log10_colsample_bytree": -0.7932808446605736, "log10_eta": -0.3255563682483138, "log10_lambda": -2.0695328672310254, "log10_min_child_weight": 3.0587193145132288, "log10_subsample": -0.23409214351968444, "max_depth": 6.0, "num_boost_round": 35.0}, "datetime": {"datetime": "2024-01-19 00:11:32", "elapsed": 0.013091, "delta": 0.000178}}
{"target": -14.269892203911274, "params": {"gamma": 221.9931710897395, "log10_alpha": 0.22439383706425886, "log10_colsample_bytree": -0.7932808446605736, "log10_eta": -0.3255563682483138, "log10_lambda": -2.0695328672310254, "log10_min_child_weight": 3.0587193145132288, "log10_subsample": -0.23409214351968444, "max_depth": 6.0, "num_boost_round": 36.0}, "datetime": {"datetime": "2024-01-19 00:11:32", "elapsed": 0.013266, "delta": 0.000175}}
{"target": -14.275016230206063, "params": {"gamma": 221.9931710897395, "log10_alpha": 0.22439383706425886, "log10_colsample_bytree": -0.7932808446605736, "log10_eta": -0.3255563682483138, "log10_lambda": -2.0695328672310254, "log10_min_child_weight": 3.0587193145132288, "log10_subsample": -0.23409214351968444, "max_depth": 6.0, "num_boost_round": 37.0}, "datetime": {"datetime": "2024-01-19 00:11:32", "elapsed": 0.013442, "delta": 0.000176}}
{"target": -14.27938699000508, "params": {"gamma": 221.9931710897395, "log10_alpha": 0.22439383706425886, "log10_colsample_bytree": -0.7932808446605736, "log10_eta": -0.3255563682483138, "log10_lambda": -2.0695328672310254, "log10_min_child_weight": 3.0587193145132288, "log10_subsample": -0.23409214351968444, "max_depth": 6.0, "num_boost_round": 38.0}, "datetime": {"datetime": "2024-01-19 00:11:32", "elapsed": 0.013616, "delta": 0.000174}}
{"target": -14.281819901582919, "params": {"gamma": 221.9931710897395, "log10_alpha": 0.22439383706425886, "log10_colsample_bytree": -0.7932808446605736, "log10_eta": -0.3255563682483138, "log10_lambda": -2.0695328672310254, "log10_min_child_weight": 3.0587193145132288, "log10_subsample": -0.23409214351968444, "max_depth": 6.0, "num_boost_round": 39.0}, "datetime": {"datetime": "2024-01-19 00:11:32", "elapsed": 0.013804, "delta": 0.000188}}
{"target": -14.292806873285247, "params": {"gamma": 221.9931710897395, "log10_alpha": 0.22439383706425886, "log10_colsample_bytree": -0.7932808446605736, "log10_eta": -0.3255563682483138, "log10_lambda": -2.0695328672310254, "log10_min_child_weight": 3.0587193145132288, "log10_subsample": -0.23409214351968444, "max_depth": 6.0, "num_boost_round": 40.0}, "datetime": {"datetime": "2024-01-19 00:11:32", "elapsed": 0.013988, "delta": 0.000184}}
{"target": -14.302570973245968, "params": {"gamma": 221.9931710897395, "log10_alpha": 0.22439383706425886, "log10_colsample_bytree": -0.7932808446605736, "log10_eta": -0.3255563682483138, "log10_lambda": -2.0695328672310254, "log10_min_child_weight": 3.0587193145132288, "log10_subsample": -0.23409214351968444, "max_depth": 6.0, "num_boost_round": 41.0}, "datetime": {"datetime": "2024-01-19 00:11:32", "elapsed": 0.014172, "delta": 0.000184}}
{"target": -14.312841876441833, "params": {"gamma": 221.9931710897395, "log10_alpha": 0.22439383706425886, "log10_colsample_bytree": -0.7932808446605736, "log10_eta": -0.3255563682483138, "log10_lambda": -2.0695328672310254, "log10_min_child_weight": 3.0587193145132288, "log10_subsample": -0.23409214351968444, "max_depth": 6.0, "num_boost_round": 42.0}, "datetime": {"datetime": "2024-01-19 00:11:32", "elapsed": 0.014356, "delta": 0.000184}}
{"target": -14.319213498203606, "params": {"gamma": 221.9931710897395, "log10_alpha": 0.22439383706425886, "log10_colsample_bytree": -0.7932808446605736, "log10_eta": -0.3255563682483138, "log10_lambda": -2.0695328672310254, "log10_min_child_weight": 3.0587193145132288, "log10_subsample": -0.23409214351968444, "max_depth": 6.0, "num_boost_round": 43.0}, "datetime": {"datetime": "2024-01-19 00:11:32", "elapsed": 0.014541, "delta": 0.000185}}
{"target": -14.326418222963554, "params": {"gamma": 221.9931710897395, "log10_alpha": 0.22439383706425886, "log10_colsample_bytree": -0.7932808446605736, "log10_eta": -0.3255563682483138, "log10_lambda": -2.0695328672310254, "log10_min_child_weight": 3.0587193145132288, "log10_subsample": -0.23409214351968444, "max_depth": 6.0, "num_boost_round": 44.0}, "datetime": {"datetime": "2024-01-19 00:11:32", "elapsed": 0.014734, "delta": 0.000193}}
{"target": -14.332396483336314, "params": {"gamma": 221.9931710897395, "log10_alpha": 0.22439383706425886, "log10_colsample_bytree": -0.7932808446605736, "log10_eta": -0.3255563682483138, "log10_lambda": -2.0695328672310254, "log10_min_child_weight": 3.0587193145132288, "log10_subsample": -0.23409214351968444, "max_depth": 6.0, "num_boost_round": 45.0}, "datetime": {"datetime": "2024-01-19 00:11:32", "elapsed": 0.014925, "delta": 0.000191}}
{"target": -14.337204340997385, "params": {"gamma": 221.9931710897395, "log10_alpha": 0.22439383706425886, "log10_colsample_bytree": -0.7932808446605736, "log10_eta": -0.3255563682483138, "log10_lambda": -2.0695328672310254, "log10_min_child_weight": 3.0587193145132288, "log10_subsample": -0.23409214351968444, "max_depth": 6.0, "num_boost_round": 46.0}, "datetime": {"datetime": "2024-01-19 00:11:32", "elapsed": 0.015116, "delta": 0.000191}}
{"target": -14.351877509762785, "params": {"gamma": 221.9931710897395, "log10_alpha": 0.22439383706425886, "log10_colsample_bytree": -0.7932808446605736, "log10_eta": -0.3255563682483138, "log10_lambda": -2.0695328672310254, "log10_min_child_weight": 3.0587193145132288, "log10_subsample": -0.23409214351968444, "max_depth": 6.0, "num_boost_round": 47.0}, "datetime": {"datetime": "2024-01-19 00:11:32", "elapsed": 0.015308, "delta": 0.000192}}
{"target": -14.355124636386282, "params": {"gamma": 221.9931710897395, "log10_alpha": 0.22439383706425886, "log10_colsample_bytree": -0.7932808446605736, "log10_eta": -0.3255563682483138, "log10_lambda": -2.0695328672310254, "log10_min_child_weight": 3.0587193145132288, "log10_subsample": -0.23409214351968444, "max_depth": 6.0, "num_boost_round": 48.0}, "datetime": {"datetime": "2024-01-19 00:11:32", "elapsed": 0.015498, "delta": 0.00019}}
