{"target": -17.67721635897792, "params": {"gamma": 183.47963847470112, "log10_alpha": 0.7575405495959685, "log10_colsample_bytree": -1.0, "log10_eta": -4.0, "log10_lambda": -5.0, "log10_min_child_weight": 5.0, "log10_subsample": -0.512530048707478, "max_depth": 2.0, "num_boost_round": 28.0}, "datetime": {"datetime": "2024-01-19 00:35:53", "elapsed": 1438.372299, "delta": 0.002123}}
{"target": -17.677215189805267, "params": {"gamma": 183.47963847470112, "log10_alpha": 0.7575405495959685, "log10_colsample_bytree": -1.0, "log10_eta": -4.0, "log10_lambda": -5.0, "log10_min_child_weight": 5.0, "log10_subsample": -0.512530048707478, "max_depth": 2.0, "num_boost_round": 29.0}, "datetime": {"datetime": "2024-01-19 00:35:53", "elapsed": 1438.374421, "delta": 0.002122}}
{"target": -17.677214791854443, "params": {"gamma": 183.47963847470112, "log10_alpha": 0.7575405495959685, "log10_colsample_bytree": -1.0, "log10_eta": -4.0, "log10_lambda": -5.0, "log10_min_child_weight": 5.0, "log10_subsample": -0.512530048707478, "max_depth": 2.0, "num_boost_round": 30.0}, "datetime": {"datetime": "2024-01-19 00:35:53", "elapsed": 1438.376537, "delta": 0.002116}}
{"target": -17.677214177209077, "params": {"gamma": 183.47963847470112, "log10_alpha": 0.7575405495959685, "log10_colsample_bytree": -1.0, "log10_eta": -4.0, "log10_lambda": -5.0, "log10_min_child_weight": 5.0, "log10_subsample": -0.512530048707478, "max_depth": 2.0, "num_boost_round": 31.0}, "datetime": {"datetime": "2024-01-19 00:35:53", "elapsed": 1438.378759, "delta": 0.002222}}
{"target": -17.677213577091308, "params": {"gamma": 183.47963847470112, "log10_alpha": 0.7575405495959685, "log10_colsample_bytree": -1.0, "log10_eta": -4.0, "log10_lambda": -5.0, "log10_min_child_weight": 5.0, "log10_subsample": -0.512530048707478, "max_depth": 2.0, "num_boost_round": 32.0}, "datetime": {"datetime": "2024-01-19 00:35:53", "elapsed": 1438.380902, "delta": 0.002143}}
{"target": -17.677213562889648, "params": {"gamma": 183.47963847470112, "log10_alpha": 0.7575405495959685, "log10_colsample_bytree": -1.0, "log10_eta": -4.0, "log10_lambda": -5.0, "log10_min_child_weight": 5.0, "log10_subsample": -0.512530048707478, "max_depth": 2.0, "num_boost_round": 33.0}, "datetime": {"datetime": "2024-01-19 00:35:53", "elapsed": 1438.383065, "delta": 0.002163}}
{"target": -17.677212624552702, "params": {"gamma": 183.47963847470112, "log10_alpha": 0.7575405495959685, "log10_colsample_bytree": -1.0, "log10_eta": -4.0, "log10_lambda": -5.0, "log10_min_child_weight": 5.0, "log10_subsample": -0.512530048707478, "max_depth": 2.0, "num_boost_round": 34.0}, "datetime": {"datetime": "2024-01-19 00:35:53", "elapsed": 1438.385285, "delta": 0.00222}}
{"target": -17.677212387200182, "params": {"gamma": 183.47963847470112, "log10_alpha": 0.7575405495959685, "log10_colsample_bytree": -1.0, "log10_eta": -4.0, "log10_lambda": -5.0, "log10_min_child_weight": 5.0, "log10_subsample": -0.512530048707478, "max_depth": 2.0, "num_boost_round": 35.0}, "datetime": {"datetime": "2024-01-19 00:35:53", "elapsed": 1438.392267, "delta": 0.006982}}
{"target": -17.67721190038308, "params": {"gamma": 183.47963847470112, "log10_alpha": 0.7575405495959685, "log10_colsample_bytree": -1.0, "log10_eta": -4.0, "log10_lambda": -5.0, "log10_min_child_weight": 5.0, "log10_subsample": -0.512530048707478, "max_depth": 2.0, "num_boost_round": 36.0}, "datetime": {"datetime": "2024-01-19 00:35:53", "elapsed": 1438.394645, "delta": 0.002378}}
{"target": -17.677211836243067, "params": {"gamma": 183.47963847470112, "log10_alpha": 0.7575405495959685, "log10_colsample_bytree": -1.0, "log10_eta": -4.0, "log10_lambda": -5.0, "log10_min_child_weight": 5.0, "log10_subsample": -0.512530048707478, "max_depth": 2.0, "num_boost_round": 37.0}, "datetime": {"datetime": "2024-01-19 00:35:53", "elapsed": 1438.396941, "delta": 0.002296}}
{"target": -17.677211129892694, "params": {"gamma": 183.47963847470112, "log10_alpha": 0.7575405495959685, "log10_colsample_bytree": -1.0, "log10_eta": -4.0, "log10_lambda": -5.0, "log10_min_child_weight": 5.0, "log10_subsample": -0.512530048707478, "max_depth": 2.0, "num_boost_round": 38.0}, "datetime": {"datetime": "2024-01-19 00:35:53", "elapsed": 1438.399391, "delta": 0.00245}}
{"target": -17.677210284385907, "params": {"gamma": 183.47963847470112, "log10_alpha": 0.7575405495959685, "log10_colsample_bytree": -1.0, "log10_eta": -4.0, "log10_lambda": -5.0, "log10_min_child_weight": 5.0, "log10_subsample": -0.512530048707478, "max_depth": 2.0, "num_boost_round": 39.0}, "datetime": {"datetime": "2024-01-19 00:35:53", "elapsed": 1438.402395, "delta": 0.003004}}
{"target": -17.677210123725082, "params": {"gamma": 183.47963847470112, "log10_alpha": 0.7575405495959685, "log10_colsample_bytree": -1.0, "log10_eta": -4.0, "log10_lambda": -5.0, "log10_min_child_weight": 5.0, "log10_subsample": -0.512530048707478, "max_depth": 2.0, "num_boost_round": 40.0}, "datetime": {"datetime": "2024-01-19 00:35:53", "elapsed": 1438.404989, "delta": 0.002594}}
{"target": -17.677209572693275, "params": {"gamma": 183.47963847470112, "log10_alpha": 0.7575405495959685, "log10_colsample_bytree": -1.0, "log10_eta": -4.0, "log10_lambda": -5.0, "log10_min_child_weight": 5.0, "log10_subsample": -0.512530048707478, "max_depth": 2.0, "num_boost_round": 41.0}, "datetime": {"datetime": "2024-01-19 00:35:53", "elapsed": 1438.407362, "delta": 0.002373}}
{"target": -17.677209289294694, "params": {"gamma": 183.47963847470112, "log10_alpha": 0.7575405495959685, "log10_colsample_bytree": -1.0, "log10_eta": -4.0, "log10_lambda": -5.0, "log10_min_child_weight": 5.0, "log10_subsample": -0.512530048707478, "max_depth": 2.0, "num_boost_round": 42.0}, "datetime": {"datetime": "2024-01-19 00:35:53", "elapsed": 1438.409536, "delta": 0.002174}}
{"target": -17.677208895101796, "params": {"gamma": 183.47963847470112, "log10_alpha": 0.7575405495959685, "log10_colsample_bytree": -1.0, "log10_eta": -4.0, "log10_lambda": -5.0, "log10_min_child_weight": 5.0, "log10_subsample": -0.512530048707478, "max_depth": 2.0, "num_boost_round": 43.0}, "datetime": {"datetime": "2024-01-19 00:35:53", "elapsed": 1438.411697, "delta": 0.002161}}
{"target": -17.677208369993313, "params": {"gamma": 183.47963847470112, "log10_alpha": 0.7575405495959685, "log10_colsample_bytree": -1.0, "log10_eta": -4.0, "log10_lambda": -5.0, "log10_min_child_weight": 5.0, "log10_subsample": -0.512530048707478, "max_depth": 2.0, "num_boost_round": 44.0}, "datetime": {"datetime": "2024-01-19 00:35:53", "elapsed": 1438.413964, "delta": 0.002267}}
{"target": -17.677207840009995, "params": {"gamma": 183.47963847470112, "log10_alpha": 0.7575405495959685, "log10_colsample_bytree": -1.0, "log10_eta": -4.0, "log10_lambda": -5.0, "log10_min_child_weight": 5.0, "log10_subsample": -0.512530048707478, "max_depth": 2.0, "num_boost_round": 45.0}, "datetime": {"datetime": "2024-01-19 00:35:53", "elapsed": 1438.416233, "delta": 0.002269}}
{"target": -17.67722965260826, "params": {"gamma": 126.26870399873069, "log10_alpha": 0.35472210567210016, "log10_colsample_bytree": -0.7755780298041195, "log10_eta": -3.618600334909661, "log10_lambda": -3.4409904153309405, "log10_min_child_weight": 2.0471127030490646, "log10_subsample": -0.3381744541908591, "max_depth": 3.0, "num_boost_round": 0.0}, "datetime": {"datetime": "2024-01-19 00:36:20", "elapsed": 1465.394368, "delta": 26.978135}}
{"target": -17.677219769673137, "params": {"gamma": 126.26870399873069, "log10_alpha": 0.35472210567210016, "log10_colsample_bytree": -0.7755780298041195, "log10_eta": -3.618600334909661, "log10_lambda": -3.4409904153309405, "log10_min_child_weight": 2.0471127030490646, "log10_subsample": -0.3381744541908591, "max_depth": 3.0, "num_boost_round": 1.0}, "datetime": {"datetime": "2024-01-19 00:36:20", "elapsed": 1465.397094, "delta": 0.002726}}
{"target": -17.677214855968323, "params": {"gamma": 126.26870399873069, "log10_alpha": 0.35472210567210016, "log10_colsample_bytree": -0.7755780298041195, "log10_eta": -3.618600334909661, "log10_lambda": -3.4409904153309405, "log10_min_child_weight": 2.0471127030490646, "log10_subsample": -0.3381744541908591, "max_depth": 3.0, "num_boost_round": 2.0}, "datetime": {"datetime": "2024-01-19 00:36:20", "elapsed": 1465.399812, "delta": 0.002718}}
{"target": -17.67721200595435, "params": {"gamma": 126.26870399873069, "log10_alpha": 0.35472210567210016, "log10_colsample_bytree": -0.7755780298041195, "log10_eta": -3.618600334909661, "log10_lambda": -3.4409904153309405, "log10_min_child_weight": 2.0471127030490646, "log10_subsample": -0.3381744541908591, "max_depth": 3.0, "num_boost_round": 3.0}, "datetime": {"datetime": "2024-01-19 00:36:20", "elapsed": 1465.402407, "delta": 0.002595}}
{"target": -17.677201898679492, "params": {"gamma": 126.26870399873069, "log10_alpha": 0.35472210567210016, "log10_colsample_bytree": -0.7755780298041195, "log10_eta": -3.618600334909661, "log10_lambda": -3.4409904153309405, "log10_min_child_weight": 2.0471127030490646, "log10_subsample": -0.3381744541908591, "max_depth": 3.0, "num_boost_round": 4.0}, "datetime": {"datetime": "2024-01-19 00:36:20", "elapsed": 1465.404679, "delta": 0.002272}}
{"target": -17.677196837570072, "params": {"gamma": 126.26870399873069, "log10_alpha": 0.35472210567210016, "log10_colsample_bytree": -0.7755780298041195, "log10_eta": -3.618600334909661, "log10_lambda": -3.4409904153309405, "log10_min_child_weight": 2.0471127030490646, "log10_subsample": -0.3381744541908591, "max_depth": 3.0, "num_boost_round": 5.0}, "datetime": {"datetime": "2024-01-19 00:36:20", "elapsed": 1465.406984, "delta": 0.002305}}
{"target": -17.67719718132319, "params": {"gamma": 126.26870399873069, "log10_alpha": 0.35472210567210016, "log10_colsample_bytree": -0.7755780298041195, "log10_eta": -3.618600334909661, "log10_lambda": -3.4409904153309405, "log10_min_child_weight": 2.0471127030490646, "log10_subsample": -0.3381744541908591, "max_depth": 3.0, "num_boost_round": 6.0}, "datetime": {"datetime": "2024-01-19 00:36:20", "elapsed": 1465.409203, "delta": 0.002219}}
{"target": -17.67718834895972, "params": {"gamma": 126.26870399873069, "log10_alpha": 0.35472210567210016, "log10_colsample_bytree": -0.7755780298041195, "log10_eta": -3.618600334909661, "log10_lambda": -3.4409904153309405, "log10_min_child_weight": 2.0471127030490646, "log10_subsample": -0.3381744541908591, "max_depth": 3.0, "num_boost_round": 7.0}, "datetime": {"datetime": "2024-01-19 00:36:20", "elapsed": 1465.411383, "delta": 0.00218}}
{"target": -17.677189280084672, "params": {"gamma": 126.26870399873069, "log10_alpha": 0.35472210567210016, "log10_colsample_bytree": -0.7755780298041195, "log10_eta": -3.618600334909661, "log10_lambda": -3.4409904153309405, "log10_min_child_weight": 2.0471127030490646, "log10_subsample": -0.3381744541908591, "max_depth": 3.0, "num_boost_round": 8.0}, "datetime": {"datetime": "2024-01-19 00:36:20", "elapsed": 1465.413569, "delta": 0.002186}}
{"target": -17.677183914722843, "params": {"gamma": 126.26870399873069, "log10_alpha": 0.35472210567210016, "log10_colsample_bytree": -0.7755780298041195, "log10_eta": -3.618600334909661, "log10_lambda": -3.4409904153309405, "log10_min_child_weight": 2.0471127030490646, "log10_subsample": -0.3381744541908591, "max_depth": 3.0, "num_boost_round": 9.0}, "datetime": {"datetime": "2024-01-19 00:36:20", "elapsed": 1465.415758, "delta": 0.002189}}
{"target": -17.67718211124433, "params": {"gamma": 126.26870399873069, "log10_alpha": 0.35472210567210016, "log10_colsample_bytree": -0.7755780298041195, "log10_eta": -3.618600334909661, "log10_lambda": -3.4409904153309405, "log10_min_child_weight": 2.0471127030490646, "log10_subsample": -0.3381744541908591, "max_depth": 3.0, "num_boost_round": 10.0}, "datetime": {"datetime": "2024-01-19 00:36:20", "elapsed": 1465.417935, "delta": 0.002177}}
{"target": -17.67723647392637, "params": {"gamma": 126.77819293326964, "log10_alpha": -4.073299482163108, "log10_colsample_bytree": -0.5499907777170665, "log10_eta": -3.762330745966009, "log10_lambda": -4.101987866219551, "log10_min_child_weight": 0.6161500402653391, "log10_subsample": -0.459384011719726, "max_depth": 8.0, "num_boost_round": 0.0}, "datetime": {"datetime": "2024-01-19 00:36:54", "elapsed": 1498.956824, "delta": 33.538889}}
{"target": -17.677225570596928, "params": {"gamma": 126.77819293326964, "log10_alpha": -4.073299482163108, "log10_colsample_bytree": -0.5499907777170665, "log10_eta": -3.762330745966009, "log10_lambda": -4.101987866219551, "log10_min_child_weight": 0.6161500402653391, "log10_subsample": -0.459384011719726, "max_depth": 8.0, "num_boost_round": 1.0}, "datetime": {"datetime": "2024-01-19 00:36:54", "elapsed": 1498.960071, "delta": 0.003247}}
{"target": -17.677204622376816, "params": {"gamma": 126.77819293326964, "log10_alpha": -4.073299482163108, "log10_colsample_bytree": -0.5499907777170665, "log10_eta": -3.762330745966009, "log10_lambda": -4.101987866219551, "log10_min_child_weight": 0.6161500402653391, "log10_subsample": -0.459384011719726, "max_depth": 8.0, "num_boost_round": 2.0}, "datetime": {"datetime": "2024-01-19 00:36:54", "elapsed": 1498.962408, "delta": 0.002337}}
{"target": -17.677199230103515, "params": {"gamma": 126.77819293326964, "log10_alpha": -4.073299482163108, "log10_colsample_bytree": -0.5499907777170665, "log10_eta": -3.762330745966009, "log10_lambda": -4.101987866219551, "log10_min_child_weight": 0.6161500402653391, "log10_subsample": -0.459384011719726, "max_depth": 8.0, "num_boost_round": 3.0}, "datetime": {"datetime": "2024-01-19 00:36:54", "elapsed": 1498.964816, "delta": 0.002408}}
{"target": -17.67718749839479, "params": {"gamma": 126.77819293326964, "log10_alpha": -4.073299482163108, "log10_colsample_bytree": -0.5499907777170665, "log10_eta": -3.762330745966009, "log10_lambda": -4.101987866219551, "log10_min_child_weight": 0.6161500402653391, "log10_subsample": -0.459384011719726, "max_depth": 8.0, "num_boost_round": 4.0}, "datetime": {"datetime": "2024-01-19 00:36:54", "elapsed": 1498.967245, "delta": 0.002429}}
{"target": -17.67716890226311, "params": {"gamma": 126.77819293326964, "log10_alpha": -4.073299482163108, "log10_colsample_bytree": -0.5499907777170665, "log10_eta": -3.762330745966009, "log10_lambda": -4.101987866219551, "log10_min_child_weight": 0.6161500402653391, "log10_subsample": -0.459384011719726, "max_depth": 8.0, "num_boost_round": 5.0}, "datetime": {"datetime": "2024-01-19 00:36:54", "elapsed": 1498.969512, "delta": 0.002267}}
{"target": -17.677159073621223, "params": {"gamma": 126.77819293326964, "log10_alpha": -4.073299482163108, "log10_colsample_bytree": -0.5499907777170665, "log10_eta": -3.762330745966009, "log10_lambda": -4.101987866219551, "log10_min_child_weight": 0.6161500402653391, "log10_subsample": -0.459384011719726, "max_depth": 8.0, "num_boost_round": 6.0}, "datetime": {"datetime": "2024-01-19 00:36:54", "elapsed": 1498.971749, "delta": 0.002237}}
{"target": -17.67715640555954, "params": {"gamma": 126.77819293326964, "log10_alpha": -4.073299482163108, "log10_colsample_bytree": -0.5499907777170665, "log10_eta": -3.762330745966009, "log10_lambda": -4.101987866219551, "log10_min_child_weight": 0.6161500402653391, "log10_subsample": -0.459384011719726, "max_depth": 8.0, "num_boost_round": 7.0}, "datetime": {"datetime": "2024-01-19 00:36:54", "elapsed": 1498.973986, "delta": 0.002237}}
{"target": -17.67715597428424, "params": {"gamma": 126.77819293326964, "log10_alpha": -4.073299482163108, "log10_colsample_bytree": -0.5499907777170665, "log10_eta": -3.762330745966009, "log10_lambda": -4.101987866219551, "log10_min_child_weight": 0.6161500402653391, "log10_subsample": -0.459384011719726, "max_depth": 8.0, "num_boost_round": 8.0}, "datetime": {"datetime": "2024-01-19 00:36:54", "elapsed": 1498.97626, "delta": 0.002274}}
{"target": -17.67714623704741, "params": {"gamma": 126.77819293326964, "log10_alpha": -4.073299482163108, "log10_colsample_bytree": -0.5499907777170665, "log10_eta": -3.762330745966009, "log10_lambda": -4.101987866219551, "log10_min_child_weight": 0.6161500402653391, "log10_subsample": -0.459384011719726, "max_depth": 8.0, "num_boost_round": 9.0}, "datetime": {"datetime": "2024-01-19 00:36:54", "elapsed": 1498.978595, "delta": 0.002335}}
{"target": -17.67712078744768, "params": {"gamma": 126.77819293326964, "log10_alpha": -4.073299482163108, "log10_colsample_bytree": -0.5499907777170665, "log10_eta": -3.762330745966009, "log10_lambda": -4.101987866219551, "log10_min_child_weight": 0.6161500402653391, "log10_subsample": -0.459384011719726, "max_depth": 8.0, "num_boost_round": 10.0}, "datetime": {"datetime": "2024-01-19 00:36:54", "elapsed": 1498.980824, "delta": 0.002229}}
{"target": -17.677116406367116, "params": {"gamma": 126.77819293326964, "log10_alpha": -4.073299482163108, "log10_colsample_bytree": -0.5499907777170665, "log10_eta": -3.762330745966009, "log10_lambda": -4.101987866219551, "log10_min_child_weight": 0.6161500402653391, "log10_subsample": -0.459384011719726, "max_depth": 8.0, "num_boost_round": 11.0}, "datetime": {"datetime": "2024-01-19 00:36:54", "elapsed": 1498.983103, "delta": 0.002279}}
{"target": -17.6771066728052, "params": {"gamma": 126.77819293326964, "log10_alpha": -4.073299482163108, "log10_colsample_bytree": -0.5499907777170665, "log10_eta": -3.762330745966009, "log10_lambda": -4.101987866219551, "log10_min_child_weight": 0.6161500402653391, "log10_subsample": -0.459384011719726, "max_depth": 8.0, "num_boost_round": 12.0}, "datetime": {"datetime": "2024-01-19 00:36:54", "elapsed": 1498.985342, "delta": 0.002239}}
{"target": -17.67709965612463, "params": {"gamma": 126.77819293326964, "log10_alpha": -4.073299482163108, "log10_colsample_bytree": -0.5499907777170665, "log10_eta": -3.762330745966009, "log10_lambda": -4.101987866219551, "log10_min_child_weight": 0.6161500402653391, "log10_subsample": -0.459384011719726, "max_depth": 8.0, "num_boost_round": 13.0}, "datetime": {"datetime": "2024-01-19 00:36:54", "elapsed": 1498.987788, "delta": 0.002446}}
{"target": -17.677104947080576, "params": {"gamma": 126.77819293326964, "log10_alpha": -4.073299482163108, "log10_colsample_bytree": -0.5499907777170665, "log10_eta": -3.762330745966009, "log10_lambda": -4.101987866219551, "log10_min_child_weight": 0.6161500402653391, "log10_subsample": -0.459384011719726, "max_depth": 8.0, "num_boost_round": 14.0}, "datetime": {"datetime": "2024-01-19 00:36:54", "elapsed": 1498.990316, "delta": 0.002528}}
{"target": -17.67708790832677, "params": {"gamma": 126.77819293326964, "log10_alpha": -4.073299482163108, "log10_colsample_bytree": -0.5499907777170665, "log10_eta": -3.762330745966009, "log10_lambda": -4.101987866219551, "log10_min_child_weight": 0.6161500402653391, "log10_subsample": -0.459384011719726, "max_depth": 8.0, "num_boost_round": 15.0}, "datetime": {"datetime": "2024-01-19 00:36:54", "elapsed": 1498.992677, "delta": 0.002361}}
{"target": -17.677088649965363, "params": {"gamma": 126.77819293326964, "log10_alpha": -4.073299482163108, "log10_colsample_bytree": -0.5499907777170665, "log10_eta": -3.762330745966009, "log10_lambda": -4.101987866219551, "log10_min_child_weight": 0.6161500402653391, "log10_subsample": -0.459384011719726, "max_depth": 8.0, "num_boost_round": 16.0}, "datetime": {"datetime": "2024-01-19 00:36:54", "elapsed": 1498.995029, "delta": 0.002352}}
{"target": -17.67708298440304, "params": {"gamma": 126.77819293326964, "log10_alpha": -4.073299482163108, "log10_colsample_bytree": -0.5499907777170665, "log10_eta": -3.762330745966009, "log10_lambda": -4.101987866219551, "log10_min_child_weight": 0.6161500402653391, "log10_subsample": -0.459384011719726, "max_depth": 8.0, "num_boost_round": 17.0}, "datetime": {"datetime": "2024-01-19 00:36:54", "elapsed": 1498.997359, "delta": 0.00233}}
{"target": -17.677095994160865, "params": {"gamma": 126.77819293326964, "log10_alpha": -4.073299482163108, "log10_colsample_bytree": -0.5499907777170665, "log10_eta": -3.762330745966009, "log10_lambda": -4.101987866219551, "log10_min_child_weight": 0.6161500402653391, "log10_subsample": -0.459384011719726, "max_depth": 8.0, "num_boost_round": 18.0}, "datetime": {"datetime": "2024-01-19 00:36:54", "elapsed": 1498.999762, "delta": 0.002403}}
{"target": -17.67708846036019, "params": {"gamma": 126.77819293326964, "log10_alpha": -4.073299482163108, "log10_colsample_bytree": -0.5499907777170665, "log10_eta": -3.762330745966009, "log10_lambda": -4.101987866219551, "log10_min_child_weight": 0.6161500402653391, "log10_subsample": -0.459384011719726, "max_depth": 8.0, "num_boost_round": 19.0}, "datetime": {"datetime": "2024-01-19 00:36:54", "elapsed": 1499.002026, "delta": 0.002264}}
{"target": -17.677068186239737, "params": {"gamma": 126.77819293326964, "log10_alpha": -4.073299482163108, "log10_colsample_bytree": -0.5499907777170665, "log10_eta": -3.762330745966009, "log10_lambda": -4.101987866219551, "log10_min_child_weight": 0.6161500402653391, "log10_subsample": -0.459384011719726, "max_depth": 8.0, "num_boost_round": 20.0}, "datetime": {"datetime": "2024-01-19 00:36:54", "elapsed": 1499.004286, "delta": 0.00226}}
{"target": -17.768196010165532, "params": {"gamma": 116.17360527664356, "log10_alpha": -2.7568732192222027, "log10_colsample_bytree": -0.7804787051255384, "log10_eta": -0.021789337364898742, "log10_lambda": 0.2627938146401245, "log10_min_child_weight": 3.3695154354134282, "log10_subsample": -0.06045200862638045, "max_depth": 7.0, "num_boost_round": 0.0}, "datetime": {"datetime": "2024-01-19 00:37:26", "elapsed": 1531.421783, "delta": 32.417497}}
