{"target": -13.758385672056688, "params": {"gamma": 429.074224428991, "log10_alpha": -2.3405066442117146, "log10_colsample_bytree": -0.8006823036190288, "log10_eta": -3.662854022541188, "log10_lambda": 0.41894328369200284, "log10_min_child_weight": 0.8248058086439741, "log10_subsample": -0.225037770754004, "max_depth": 4.0, "num_boost_round": 34.0}, "datetime": {"datetime": "2024-01-19 01:01:48", "elapsed": 3012.082436, "delta": 0.004602}}
{"target": -13.758381896577289, "params": {"gamma": 429.074224428991, "log10_alpha": -2.3405066442117146, "log10_colsample_bytree": -0.8006823036190288, "log10_eta": -3.662854022541188, "log10_lambda": 0.41894328369200284, "log10_min_child_weight": 0.8248058086439741, "log10_subsample": -0.225037770754004, "max_depth": 4.0, "num_boost_round": 35.0}, "datetime": {"datetime": "2024-01-19 01:01:48", "elapsed": 3012.086866, "delta": 0.00443}}
{"target": -13.758532679943896, "params": {"gamma": 399.34306136850427, "log10_alpha": -4.891694589102467, "log10_colsample_bytree": -0.4320607971616476, "log10_eta": -3.3107722676665854, "log10_lambda": -4.49867266210654, "log10_min_child_weight": 1.620250717386063, "log10_subsample": -0.16236100284047872, "max_depth": 2.0, "num_boost_round": 0.0}, "datetime": {"datetime": "2024-01-19 01:02:56", "elapsed": 3079.466108, "delta": 67.379242}}
{"target": -13.758526023719652, "params": {"gamma": 399.34306136850427, "log10_alpha": -4.891694589102467, "log10_colsample_bytree": -0.4320607971616476, "log10_eta": -3.3107722676665854, "log10_lambda": -4.49867266210654, "log10_min_child_weight": 1.620250717386063, "log10_subsample": -0.16236100284047872, "max_depth": 2.0, "num_boost_round": 1.0}, "datetime": {"datetime": "2024-01-19 01:02:56", "elapsed": 3079.471231, "delta": 0.005123}}
{"target": -13.758525317555328, "params": {"gamma": 399.34306136850427, "log10_alpha": -4.891694589102467, "log10_colsample_bytree": -0.4320607971616476, "log10_eta": -3.3107722676665854, "log10_lambda": -4.49867266210654, "log10_min_child_weight": 1.620250717386063, "log10_subsample": -0.16236100284047872, "max_depth": 2.0, "num_boost_round": 2.0}, "datetime": {"datetime": "2024-01-19 01:02:56", "elapsed": 3079.475536, "delta": 0.004305}}
{"target": -13.758525143913547, "params": {"gamma": 399.34306136850427, "log10_alpha": -4.891694589102467, "log10_colsample_bytree": -0.4320607971616476, "log10_eta": -3.3107722676665854, "log10_lambda": -4.49867266210654, "log10_min_child_weight": 1.620250717386063, "log10_subsample": -0.16236100284047872, "max_depth": 2.0, "num_boost_round": 3.0}, "datetime": {"datetime": "2024-01-19 01:02:56", "elapsed": 3079.479762, "delta": 0.004226}}
{"target": -13.758520640892458, "params": {"gamma": 399.34306136850427, "log10_alpha": -4.891694589102467, "log10_colsample_bytree": -0.4320607971616476, "log10_eta": -3.3107722676665854, "log10_lambda": -4.49867266210654, "log10_min_child_weight": 1.620250717386063, "log10_subsample": -0.16236100284047872, "max_depth": 2.0, "num_boost_round": 4.0}, "datetime": {"datetime": "2024-01-19 01:02:56", "elapsed": 3079.483982, "delta": 0.00422}}
{"target": -13.758518557425138, "params": {"gamma": 399.34306136850427, "log10_alpha": -4.891694589102467, "log10_colsample_bytree": -0.4320607971616476, "log10_eta": -3.3107722676665854, "log10_lambda": -4.49867266210654, "log10_min_child_weight": 1.620250717386063, "log10_subsample": -0.16236100284047872, "max_depth": 2.0, "num_boost_round": 5.0}, "datetime": {"datetime": "2024-01-19 01:02:56", "elapsed": 3079.488184, "delta": 0.004202}}
{"target": -13.758516603229713, "params": {"gamma": 399.34306136850427, "log10_alpha": -4.891694589102467, "log10_colsample_bytree": -0.4320607971616476, "log10_eta": -3.3107722676665854, "log10_lambda": -4.49867266210654, "log10_min_child_weight": 1.620250717386063, "log10_subsample": -0.16236100284047872, "max_depth": 2.0, "num_boost_round": 6.0}, "datetime": {"datetime": "2024-01-19 01:02:56", "elapsed": 3079.49258, "delta": 0.004396}}
{"target": -13.75851638570648, "params": {"gamma": 399.34306136850427, "log10_alpha": -4.891694589102467, "log10_colsample_bytree": -0.4320607971616476, "log10_eta": -3.3107722676665854, "log10_lambda": -4.49867266210654, "log10_min_child_weight": 1.620250717386063, "log10_subsample": -0.16236100284047872, "max_depth": 2.0, "num_boost_round": 7.0}, "datetime": {"datetime": "2024-01-19 01:02:56", "elapsed": 3079.496967, "delta": 0.004387}}
{"target": -13.75850955216567, "params": {"gamma": 399.34306136850427, "log10_alpha": -4.891694589102467, "log10_colsample_bytree": -0.4320607971616476, "log10_eta": -3.3107722676665854, "log10_lambda": -4.49867266210654, "log10_min_child_weight": 1.620250717386063, "log10_subsample": -0.16236100284047872, "max_depth": 2.0, "num_boost_round": 8.0}, "datetime": {"datetime": "2024-01-19 01:02:56", "elapsed": 3079.501419, "delta": 0.004452}}
{"target": -13.75850335873752, "params": {"gamma": 399.34306136850427, "log10_alpha": -4.891694589102467, "log10_colsample_bytree": -0.4320607971616476, "log10_eta": -3.3107722676665854, "log10_lambda": -4.49867266210654, "log10_min_child_weight": 1.620250717386063, "log10_subsample": -0.16236100284047872, "max_depth": 2.0, "num_boost_round": 9.0}, "datetime": {"datetime": "2024-01-19 01:02:56", "elapsed": 3079.505677, "delta": 0.004258}}
{"target": -13.758498433137104, "params": {"gamma": 399.34306136850427, "log10_alpha": -4.891694589102467, "log10_colsample_bytree": -0.4320607971616476, "log10_eta": -3.3107722676665854, "log10_lambda": -4.49867266210654, "log10_min_child_weight": 1.620250717386063, "log10_subsample": -0.16236100284047872, "max_depth": 2.0, "num_boost_round": 10.0}, "datetime": {"datetime": "2024-01-19 01:02:56", "elapsed": 3079.510059, "delta": 0.004382}}
{"target": -13.758491422804447, "params": {"gamma": 399.34306136850427, "log10_alpha": -4.891694589102467, "log10_colsample_bytree": -0.4320607971616476, "log10_eta": -3.3107722676665854, "log10_lambda": -4.49867266210654, "log10_min_child_weight": 1.620250717386063, "log10_subsample": -0.16236100284047872, "max_depth": 2.0, "num_boost_round": 11.0}, "datetime": {"datetime": "2024-01-19 01:02:56", "elapsed": 3079.514289, "delta": 0.00423}}
{"target": -13.758487174553565, "params": {"gamma": 399.34306136850427, "log10_alpha": -4.891694589102467, "log10_colsample_bytree": -0.4320607971616476, "log10_eta": -3.3107722676665854, "log10_lambda": -4.49867266210654, "log10_min_child_weight": 1.620250717386063, "log10_subsample": -0.16236100284047872, "max_depth": 2.0, "num_boost_round": 12.0}, "datetime": {"datetime": "2024-01-19 01:02:56", "elapsed": 3079.518511, "delta": 0.004222}}
{"target": -13.758482262485584, "params": {"gamma": 399.34306136850427, "log10_alpha": -4.891694589102467, "log10_colsample_bytree": -0.4320607971616476, "log10_eta": -3.3107722676665854, "log10_lambda": -4.49867266210654, "log10_min_child_weight": 1.620250717386063, "log10_subsample": -0.16236100284047872, "max_depth": 2.0, "num_boost_round": 13.0}, "datetime": {"datetime": "2024-01-19 01:02:56", "elapsed": 3079.522749, "delta": 0.004238}}
{"target": -13.75848033921334, "params": {"gamma": 399.34306136850427, "log10_alpha": -4.891694589102467, "log10_colsample_bytree": -0.4320607971616476, "log10_eta": -3.3107722676665854, "log10_lambda": -4.49867266210654, "log10_min_child_weight": 1.620250717386063, "log10_subsample": -0.16236100284047872, "max_depth": 2.0, "num_boost_round": 14.0}, "datetime": {"datetime": "2024-01-19 01:02:56", "elapsed": 3079.526952, "delta": 0.004203}}
{"target": -13.758472117366479, "params": {"gamma": 399.34306136850427, "log10_alpha": -4.891694589102467, "log10_colsample_bytree": -0.4320607971616476, "log10_eta": -3.3107722676665854, "log10_lambda": -4.49867266210654, "log10_min_child_weight": 1.620250717386063, "log10_subsample": -0.16236100284047872, "max_depth": 2.0, "num_boost_round": 15.0}, "datetime": {"datetime": "2024-01-19 01:02:56", "elapsed": 3079.53131, "delta": 0.004358}}
{"target": -13.758468760198738, "params": {"gamma": 399.34306136850427, "log10_alpha": -4.891694589102467, "log10_colsample_bytree": -0.4320607971616476, "log10_eta": -3.3107722676665854, "log10_lambda": -4.49867266210654, "log10_min_child_weight": 1.620250717386063, "log10_subsample": -0.16236100284047872, "max_depth": 2.0, "num_boost_round": 16.0}, "datetime": {"datetime": "2024-01-19 01:02:56", "elapsed": 3079.535515, "delta": 0.004205}}
{"target": -13.75846882582676, "params": {"gamma": 399.34306136850427, "log10_alpha": -4.891694589102467, "log10_colsample_bytree": -0.4320607971616476, "log10_eta": -3.3107722676665854, "log10_lambda": -4.49867266210654, "log10_min_child_weight": 1.620250717386063, "log10_subsample": -0.16236100284047872, "max_depth": 2.0, "num_boost_round": 17.0}, "datetime": {"datetime": "2024-01-19 01:02:56", "elapsed": 3079.539708, "delta": 0.004193}}
{"target": -13.758467286645342, "params": {"gamma": 399.34306136850427, "log10_alpha": -4.891694589102467, "log10_colsample_bytree": -0.4320607971616476, "log10_eta": -3.3107722676665854, "log10_lambda": -4.49867266210654, "log10_min_child_weight": 1.620250717386063, "log10_subsample": -0.16236100284047872, "max_depth": 2.0, "num_boost_round": 18.0}, "datetime": {"datetime": "2024-01-19 01:02:56", "elapsed": 3079.544024, "delta": 0.004316}}
{"target": -13.75846240787307, "params": {"gamma": 399.34306136850427, "log10_alpha": -4.891694589102467, "log10_colsample_bytree": -0.4320607971616476, "log10_eta": -3.3107722676665854, "log10_lambda": -4.49867266210654, "log10_min_child_weight": 1.620250717386063, "log10_subsample": -0.16236100284047872, "max_depth": 2.0, "num_boost_round": 19.0}, "datetime": {"datetime": "2024-01-19 01:02:56", "elapsed": 3079.548268, "delta": 0.004244}}
{"target": -13.758455910847758, "params": {"gamma": 399.34306136850427, "log10_alpha": -4.891694589102467, "log10_colsample_bytree": -0.4320607971616476, "log10_eta": -3.3107722676665854, "log10_lambda": -4.49867266210654, "log10_min_child_weight": 1.620250717386063, "log10_subsample": -0.16236100284047872, "max_depth": 2.0, "num_boost_round": 20.0}, "datetime": {"datetime": "2024-01-19 01:02:56", "elapsed": 3079.552615, "delta": 0.004347}}
{"target": -13.75845372654261, "params": {"gamma": 399.34306136850427, "log10_alpha": -4.891694589102467, "log10_colsample_bytree": -0.4320607971616476, "log10_eta": -3.3107722676665854, "log10_lambda": -4.49867266210654, "log10_min_child_weight": 1.620250717386063, "log10_subsample": -0.16236100284047872, "max_depth": 2.0, "num_boost_round": 21.0}, "datetime": {"datetime": "2024-01-19 01:02:56", "elapsed": 3079.556828, "delta": 0.004213}}
{"target": -13.758452005244854, "params": {"gamma": 399.34306136850427, "log10_alpha": -4.891694589102467, "log10_colsample_bytree": -0.4320607971616476, "log10_eta": -3.3107722676665854, "log10_lambda": -4.49867266210654, "log10_min_child_weight": 1.620250717386063, "log10_subsample": -0.16236100284047872, "max_depth": 2.0, "num_boost_round": 22.0}, "datetime": {"datetime": "2024-01-19 01:02:56", "elapsed": 3079.561036, "delta": 0.004208}}
{"target": -13.758445707437668, "params": {"gamma": 399.34306136850427, "log10_alpha": -4.891694589102467, "log10_colsample_bytree": -0.4320607971616476, "log10_eta": -3.3107722676665854, "log10_lambda": -4.49867266210654, "log10_min_child_weight": 1.620250717386063, "log10_subsample": -0.16236100284047872, "max_depth": 2.0, "num_boost_round": 23.0}, "datetime": {"datetime": "2024-01-19 01:02:56", "elapsed": 3079.565261, "delta": 0.004225}}
{"target": -13.758445464716974, "params": {"gamma": 399.34306136850427, "log10_alpha": -4.891694589102467, "log10_colsample_bytree": -0.4320607971616476, "log10_eta": -3.3107722676665854, "log10_lambda": -4.49867266210654, "log10_min_child_weight": 1.620250717386063, "log10_subsample": -0.16236100284047872, "max_depth": 2.0, "num_boost_round": 24.0}, "datetime": {"datetime": "2024-01-19 01:02:56", "elapsed": 3079.569629, "delta": 0.004368}}
{"target": -13.758438432267138, "params": {"gamma": 399.34306136850427, "log10_alpha": -4.891694589102467, "log10_colsample_bytree": -0.4320607971616476, "log10_eta": -3.3107722676665854, "log10_lambda": -4.49867266210654, "log10_min_child_weight": 1.620250717386063, "log10_subsample": -0.16236100284047872, "max_depth": 2.0, "num_boost_round": 25.0}, "datetime": {"datetime": "2024-01-19 01:02:56", "elapsed": 3079.575004, "delta": 0.005375}}
{"target": -13.758436494673797, "params": {"gamma": 399.34306136850427, "log10_alpha": -4.891694589102467, "log10_colsample_bytree": -0.4320607971616476, "log10_eta": -3.3107722676665854, "log10_lambda": -4.49867266210654, "log10_min_child_weight": 1.620250717386063, "log10_subsample": -0.16236100284047872, "max_depth": 2.0, "num_boost_round": 26.0}, "datetime": {"datetime": "2024-01-19 01:02:56", "elapsed": 3079.579311, "delta": 0.004307}}
{"target": -13.75843189640758, "params": {"gamma": 399.34306136850427, "log10_alpha": -4.891694589102467, "log10_colsample_bytree": -0.4320607971616476, "log10_eta": -3.3107722676665854, "log10_lambda": -4.49867266210654, "log10_min_child_weight": 1.620250717386063, "log10_subsample": -0.16236100284047872, "max_depth": 2.0, "num_boost_round": 27.0}, "datetime": {"datetime": "2024-01-19 01:02:56", "elapsed": 3079.583575, "delta": 0.004264}}
{"target": -13.758429777990612, "params": {"gamma": 399.34306136850427, "log10_alpha": -4.891694589102467, "log10_colsample_bytree": -0.4320607971616476, "log10_eta": -3.3107722676665854, "log10_lambda": -4.49867266210654, "log10_min_child_weight": 1.620250717386063, "log10_subsample": -0.16236100284047872, "max_depth": 2.0, "num_boost_round": 28.0}, "datetime": {"datetime": "2024-01-19 01:02:56", "elapsed": 3079.587833, "delta": 0.004258}}
{"target": -13.758425724995774, "params": {"gamma": 399.34306136850427, "log10_alpha": -4.891694589102467, "log10_colsample_bytree": -0.4320607971616476, "log10_eta": -3.3107722676665854, "log10_lambda": -4.49867266210654, "log10_min_child_weight": 1.620250717386063, "log10_subsample": -0.16236100284047872, "max_depth": 2.0, "num_boost_round": 29.0}, "datetime": {"datetime": "2024-01-19 01:02:56", "elapsed": 3079.592425, "delta": 0.004592}}
{"target": -13.75842158282855, "params": {"gamma": 399.34306136850427, "log10_alpha": -4.891694589102467, "log10_colsample_bytree": -0.4320607971616476, "log10_eta": -3.3107722676665854, "log10_lambda": -4.49867266210654, "log10_min_child_weight": 1.620250717386063, "log10_subsample": -0.16236100284047872, "max_depth": 2.0, "num_boost_round": 30.0}, "datetime": {"datetime": "2024-01-19 01:02:56", "elapsed": 3079.596832, "delta": 0.004407}}
{"target": -13.758413119091314, "params": {"gamma": 399.34306136850427, "log10_alpha": -4.891694589102467, "log10_colsample_bytree": -0.4320607971616476, "log10_eta": -3.3107722676665854, "log10_lambda": -4.49867266210654, "log10_min_child_weight": 1.620250717386063, "log10_subsample": -0.16236100284047872, "max_depth": 2.0, "num_boost_round": 31.0}, "datetime": {"datetime": "2024-01-19 01:02:56", "elapsed": 3079.601219, "delta": 0.004387}}
{"target": -13.758407783069735, "params": {"gamma": 399.34306136850427, "log10_alpha": -4.891694589102467, "log10_colsample_bytree": -0.4320607971616476, "log10_eta": -3.3107722676665854, "log10_lambda": -4.49867266210654, "log10_min_child_weight": 1.620250717386063, "log10_subsample": -0.16236100284047872, "max_depth": 2.0, "num_boost_round": 32.0}, "datetime": {"datetime": "2024-01-19 01:02:56", "elapsed": 3079.60573, "delta": 0.004511}}
{"target": -13.758403425895189, "params": {"gamma": 399.34306136850427, "log10_alpha": -4.891694589102467, "log10_colsample_bytree": -0.4320607971616476, "log10_eta": -3.3107722676665854, "log10_lambda": -4.49867266210654, "log10_min_child_weight": 1.620250717386063, "log10_subsample": -0.16236100284047872, "max_depth": 2.0, "num_boost_round": 33.0}, "datetime": {"datetime": "2024-01-19 01:02:56", "elapsed": 3079.610073, "delta": 0.004343}}
{"target": -13.758402589966046, "params": {"gamma": 399.34306136850427, "log10_alpha": -4.891694589102467, "log10_colsample_bytree": -0.4320607971616476, "log10_eta": -3.3107722676665854, "log10_lambda": -4.49867266210654, "log10_min_child_weight": 1.620250717386063, "log10_subsample": -0.16236100284047872, "max_depth": 2.0, "num_boost_round": 34.0}, "datetime": {"datetime": "2024-01-19 01:02:56", "elapsed": 3079.614326, "delta": 0.004253}}
{"target": -13.758402750246272, "params": {"gamma": 399.34306136850427, "log10_alpha": -4.891694589102467, "log10_colsample_bytree": -0.4320607971616476, "log10_eta": -3.3107722676665854, "log10_lambda": -4.49867266210654, "log10_min_child_weight": 1.620250717386063, "log10_subsample": -0.16236100284047872, "max_depth": 2.0, "num_boost_round": 35.0}, "datetime": {"datetime": "2024-01-19 01:02:56", "elapsed": 3079.618783, "delta": 0.004457}}
{"target": -13.758400508207897, "params": {"gamma": 399.34306136850427, "log10_alpha": -4.891694589102467, "log10_colsample_bytree": -0.4320607971616476, "log10_eta": -3.3107722676665854, "log10_lambda": -4.49867266210654, "log10_min_child_weight": 1.620250717386063, "log10_subsample": -0.16236100284047872, "max_depth": 2.0, "num_boost_round": 36.0}, "datetime": {"datetime": "2024-01-19 01:02:56", "elapsed": 3079.623066, "delta": 0.004283}}
{"target": -13.758400672454341, "params": {"gamma": 399.34306136850427, "log10_alpha": -4.891694589102467, "log10_colsample_bytree": -0.4320607971616476, "log10_eta": -3.3107722676665854, "log10_lambda": -4.49867266210654, "log10_min_child_weight": 1.620250717386063, "log10_subsample": -0.16236100284047872, "max_depth": 2.0, "num_boost_round": 37.0}, "datetime": {"datetime": "2024-01-19 01:02:56", "elapsed": 3079.627373, "delta": 0.004307}}
{"target": -13.75839483325267, "params": {"gamma": 399.34306136850427, "log10_alpha": -4.891694589102467, "log10_colsample_bytree": -0.4320607971616476, "log10_eta": -3.3107722676665854, "log10_lambda": -4.49867266210654, "log10_min_child_weight": 1.620250717386063, "log10_subsample": -0.16236100284047872, "max_depth": 2.0, "num_boost_round": 38.0}, "datetime": {"datetime": "2024-01-19 01:02:56", "elapsed": 3079.631784, "delta": 0.004411}}
{"target": -13.758388277020819, "params": {"gamma": 399.34306136850427, "log10_alpha": -4.891694589102467, "log10_colsample_bytree": -0.4320607971616476, "log10_eta": -3.3107722676665854, "log10_lambda": -4.49867266210654, "log10_min_child_weight": 1.620250717386063, "log10_subsample": -0.16236100284047872, "max_depth": 2.0, "num_boost_round": 39.0}, "datetime": {"datetime": "2024-01-19 01:02:56", "elapsed": 3079.636119, "delta": 0.004335}}
{"target": -13.758383785917047, "params": {"gamma": 399.34306136850427, "log10_alpha": -4.891694589102467, "log10_colsample_bytree": -0.4320607971616476, "log10_eta": -3.3107722676665854, "log10_lambda": -4.49867266210654, "log10_min_child_weight": 1.620250717386063, "log10_subsample": -0.16236100284047872, "max_depth": 2.0, "num_boost_round": 40.0}, "datetime": {"datetime": "2024-01-19 01:02:56", "elapsed": 3079.640469, "delta": 0.00435}}
{"target": -13.75838071832727, "params": {"gamma": 399.34306136850427, "log10_alpha": -4.891694589102467, "log10_colsample_bytree": -0.4320607971616476, "log10_eta": -3.3107722676665854, "log10_lambda": -4.49867266210654, "log10_min_child_weight": 1.620250717386063, "log10_subsample": -0.16236100284047872, "max_depth": 2.0, "num_boost_round": 41.0}, "datetime": {"datetime": "2024-01-19 01:02:56", "elapsed": 3079.644848, "delta": 0.004379}}
{"target": -13.758381070971645, "params": {"gamma": 399.34306136850427, "log10_alpha": -4.891694589102467, "log10_colsample_bytree": -0.4320607971616476, "log10_eta": -3.3107722676665854, "log10_lambda": -4.49867266210654, "log10_min_child_weight": 1.620250717386063, "log10_subsample": -0.16236100284047872, "max_depth": 2.0, "num_boost_round": 42.0}, "datetime": {"datetime": "2024-01-19 01:02:56", "elapsed": 3079.649112, "delta": 0.004264}}
{"target": -13.758377316542598, "params": {"gamma": 399.34306136850427, "log10_alpha": -4.891694589102467, "log10_colsample_bytree": -0.4320607971616476, "log10_eta": -3.3107722676665854, "log10_lambda": -4.49867266210654, "log10_min_child_weight": 1.620250717386063, "log10_subsample": -0.16236100284047872, "max_depth": 2.0, "num_boost_round": 43.0}, "datetime": {"datetime": "2024-01-19 01:02:56", "elapsed": 3079.653387, "delta": 0.004275}}
{"target": -13.758373562690021, "params": {"gamma": 399.34306136850427, "log10_alpha": -4.891694589102467, "log10_colsample_bytree": -0.4320607971616476, "log10_eta": -3.3107722676665854, "log10_lambda": -4.49867266210654, "log10_min_child_weight": 1.620250717386063, "log10_subsample": -0.16236100284047872, "max_depth": 2.0, "num_boost_round": 44.0}, "datetime": {"datetime": "2024-01-19 01:02:56", "elapsed": 3079.657758, "delta": 0.004371}}
{"target": -13.758371852284432, "params": {"gamma": 399.34306136850427, "log10_alpha": -4.891694589102467, "log10_colsample_bytree": -0.4320607971616476, "log10_eta": -3.3107722676665854, "log10_lambda": -4.49867266210654, "log10_min_child_weight": 1.620250717386063, "log10_subsample": -0.16236100284047872, "max_depth": 2.0, "num_boost_round": 45.0}, "datetime": {"datetime": "2024-01-19 01:02:56", "elapsed": 3079.662339, "delta": 0.004581}}
{"target": -13.758371587769277, "params": {"gamma": 399.34306136850427, "log10_alpha": -4.891694589102467, "log10_colsample_bytree": -0.4320607971616476, "log10_eta": -3.3107722676665854, "log10_lambda": -4.49867266210654, "log10_min_child_weight": 1.620250717386063, "log10_subsample": -0.16236100284047872, "max_depth": 2.0, "num_boost_round": 46.0}, "datetime": {"datetime": "2024-01-19 01:02:56", "elapsed": 3079.66673, "delta": 0.004391}}
