{"target": -17.674936372201156, "params": {"gamma": 48.81981129896851, "log10_alpha": -1.8539564523933558, "log10_colsample_bytree": -0.35874352058402914, "log10_eta": -2.3523474284953894, "log10_lambda": -2.775231926407474, "log10_min_child_weight": 2.3177911217227543, "log10_subsample": -0.7020319171995072, "max_depth": 7.0, "num_boost_round": 11.0}, "datetime": {"datetime": "2024-01-19 01:24:10", "elapsed": 4404.601226, "delta": 0.003897}}
{"target": -17.6749706163304, "params": {"gamma": 48.81981129896851, "log10_alpha": -1.8539564523933558, "log10_colsample_bytree": -0.35874352058402914, "log10_eta": -2.3523474284953894, "log10_lambda": -2.775231926407474, "log10_min_child_weight": 2.3177911217227543, "log10_subsample": -0.7020319171995072, "max_depth": 7.0, "num_boost_round": 12.0}, "datetime": {"datetime": "2024-01-19 01:24:10", "elapsed": 4404.605135, "delta": 0.003909}}
{"target": -17.674953239352842, "params": {"gamma": 48.81981129896851, "log10_alpha": -1.8539564523933558, "log10_colsample_bytree": -0.35874352058402914, "log10_eta": -2.3523474284953894, "log10_lambda": -2.775231926407474, "log10_min_child_weight": 2.3177911217227543, "log10_subsample": -0.7020319171995072, "max_depth": 7.0, "num_boost_round": 13.0}, "datetime": {"datetime": "2024-01-19 01:24:10", "elapsed": 4404.609098, "delta": 0.003963}}
{"target": -17.67494480151066, "params": {"gamma": 48.81981129896851, "log10_alpha": -1.8539564523933558, "log10_colsample_bytree": -0.35874352058402914, "log10_eta": -2.3523474284953894, "log10_lambda": -2.775231926407474, "log10_min_child_weight": 2.3177911217227543, "log10_subsample": -0.7020319171995072, "max_depth": 7.0, "num_boost_round": 14.0}, "datetime": {"datetime": "2024-01-19 01:24:10", "elapsed": 4404.613008, "delta": 0.00391}}
{"target": -17.67482506745246, "params": {"gamma": 48.81981129896851, "log10_alpha": -1.8539564523933558, "log10_colsample_bytree": -0.35874352058402914, "log10_eta": -2.3523474284953894, "log10_lambda": -2.775231926407474, "log10_min_child_weight": 2.3177911217227543, "log10_subsample": -0.7020319171995072, "max_depth": 7.0, "num_boost_round": 15.0}, "datetime": {"datetime": "2024-01-19 01:24:10", "elapsed": 4404.616931, "delta": 0.003923}}
{"target": -17.674734614974238, "params": {"gamma": 48.81981129896851, "log10_alpha": -1.8539564523933558, "log10_colsample_bytree": -0.35874352058402914, "log10_eta": -2.3523474284953894, "log10_lambda": -2.775231926407474, "log10_min_child_weight": 2.3177911217227543, "log10_subsample": -0.7020319171995072, "max_depth": 7.0, "num_boost_round": 16.0}, "datetime": {"datetime": "2024-01-19 01:24:10", "elapsed": 4404.620858, "delta": 0.003927}}
{"target": -17.674428960840075, "params": {"gamma": 48.81981129896851, "log10_alpha": -1.8539564523933558, "log10_colsample_bytree": -0.35874352058402914, "log10_eta": -2.3523474284953894, "log10_lambda": -2.775231926407474, "log10_min_child_weight": 2.3177911217227543, "log10_subsample": -0.7020319171995072, "max_depth": 7.0, "num_boost_round": 17.0}, "datetime": {"datetime": "2024-01-19 01:24:10", "elapsed": 4404.624727, "delta": 0.003869}}
{"target": -17.674461174166442, "params": {"gamma": 48.81981129896851, "log10_alpha": -1.8539564523933558, "log10_colsample_bytree": -0.35874352058402914, "log10_eta": -2.3523474284953894, "log10_lambda": -2.775231926407474, "log10_min_child_weight": 2.3177911217227543, "log10_subsample": -0.7020319171995072, "max_depth": 7.0, "num_boost_round": 18.0}, "datetime": {"datetime": "2024-01-19 01:24:10", "elapsed": 4404.628632, "delta": 0.003905}}
{"target": -17.6744347602091, "params": {"gamma": 48.81981129896851, "log10_alpha": -1.8539564523933558, "log10_colsample_bytree": -0.35874352058402914, "log10_eta": -2.3523474284953894, "log10_lambda": -2.775231926407474, "log10_min_child_weight": 2.3177911217227543, "log10_subsample": -0.7020319171995072, "max_depth": 7.0, "num_boost_round": 19.0}, "datetime": {"datetime": "2024-01-19 01:24:10", "elapsed": 4404.632616, "delta": 0.003984}}
{"target": -17.674438725063908, "params": {"gamma": 48.81981129896851, "log10_alpha": -1.8539564523933558, "log10_colsample_bytree": -0.35874352058402914, "log10_eta": -2.3523474284953894, "log10_lambda": -2.775231926407474, "log10_min_child_weight": 2.3177911217227543, "log10_subsample": -0.7020319171995072, "max_depth": 7.0, "num_boost_round": 20.0}, "datetime": {"datetime": "2024-01-19 01:24:10", "elapsed": 4404.636383, "delta": 0.003767}}
{"target": -17.674276417631013, "params": {"gamma": 48.81981129896851, "log10_alpha": -1.8539564523933558, "log10_colsample_bytree": -0.35874352058402914, "log10_eta": -2.3523474284953894, "log10_lambda": -2.775231926407474, "log10_min_child_weight": 2.3177911217227543, "log10_subsample": -0.7020319171995072, "max_depth": 7.0, "num_boost_round": 21.0}, "datetime": {"datetime": "2024-01-19 01:24:10", "elapsed": 4404.640229, "delta": 0.003846}}
{"target": -17.673865319886605, "params": {"gamma": 48.81981129896851, "log10_alpha": -1.8539564523933558, "log10_colsample_bytree": -0.35874352058402914, "log10_eta": -2.3523474284953894, "log10_lambda": -2.775231926407474, "log10_min_child_weight": 2.3177911217227543, "log10_subsample": -0.7020319171995072, "max_depth": 7.0, "num_boost_round": 22.0}, "datetime": {"datetime": "2024-01-19 01:24:10", "elapsed": 4404.644181, "delta": 0.003952}}
{"target": -17.673573640885728, "params": {"gamma": 48.81981129896851, "log10_alpha": -1.8539564523933558, "log10_colsample_bytree": -0.35874352058402914, "log10_eta": -2.3523474284953894, "log10_lambda": -2.775231926407474, "log10_min_child_weight": 2.3177911217227543, "log10_subsample": -0.7020319171995072, "max_depth": 7.0, "num_boost_round": 23.0}, "datetime": {"datetime": "2024-01-19 01:24:10", "elapsed": 4404.647954, "delta": 0.003773}}
{"target": -17.67346041368534, "params": {"gamma": 48.81981129896851, "log10_alpha": -1.8539564523933558, "log10_colsample_bytree": -0.35874352058402914, "log10_eta": -2.3523474284953894, "log10_lambda": -2.775231926407474, "log10_min_child_weight": 2.3177911217227543, "log10_subsample": -0.7020319171995072, "max_depth": 7.0, "num_boost_round": 24.0}, "datetime": {"datetime": "2024-01-19 01:24:11", "elapsed": 4404.760316, "delta": 0.112362}}
{"target": -17.673286418685, "params": {"gamma": 48.81981129896851, "log10_alpha": -1.8539564523933558, "log10_colsample_bytree": -0.35874352058402914, "log10_eta": -2.3523474284953894, "log10_lambda": -2.775231926407474, "log10_min_child_weight": 2.3177911217227543, "log10_subsample": -0.7020319171995072, "max_depth": 7.0, "num_boost_round": 25.0}, "datetime": {"datetime": "2024-01-19 01:24:11", "elapsed": 4404.764722, "delta": 0.004406}}
{"target": -17.673603331042774, "params": {"gamma": 48.81981129896851, "log10_alpha": -1.8539564523933558, "log10_colsample_bytree": -0.35874352058402914, "log10_eta": -2.3523474284953894, "log10_lambda": -2.775231926407474, "log10_min_child_weight": 2.3177911217227543, "log10_subsample": -0.7020319171995072, "max_depth": 7.0, "num_boost_round": 26.0}, "datetime": {"datetime": "2024-01-19 01:24:11", "elapsed": 4404.768817, "delta": 0.004095}}
{"target": -17.673559025716468, "params": {"gamma": 48.81981129896851, "log10_alpha": -1.8539564523933558, "log10_colsample_bytree": -0.35874352058402914, "log10_eta": -2.3523474284953894, "log10_lambda": -2.775231926407474, "log10_min_child_weight": 2.3177911217227543, "log10_subsample": -0.7020319171995072, "max_depth": 7.0, "num_boost_round": 27.0}, "datetime": {"datetime": "2024-01-19 01:24:11", "elapsed": 4404.772915, "delta": 0.004098}}
{"target": -17.673454508433615, "params": {"gamma": 48.81981129896851, "log10_alpha": -1.8539564523933558, "log10_colsample_bytree": -0.35874352058402914, "log10_eta": -2.3523474284953894, "log10_lambda": -2.775231926407474, "log10_min_child_weight": 2.3177911217227543, "log10_subsample": -0.7020319171995072, "max_depth": 7.0, "num_boost_round": 28.0}, "datetime": {"datetime": "2024-01-19 01:24:11", "elapsed": 4404.776829, "delta": 0.003914}}
{"target": -17.67325484123346, "params": {"gamma": 48.81981129896851, "log10_alpha": -1.8539564523933558, "log10_colsample_bytree": -0.35874352058402914, "log10_eta": -2.3523474284953894, "log10_lambda": -2.775231926407474, "log10_min_child_weight": 2.3177911217227543, "log10_subsample": -0.7020319171995072, "max_depth": 7.0, "num_boost_round": 29.0}, "datetime": {"datetime": "2024-01-19 01:24:11", "elapsed": 4404.780849, "delta": 0.00402}}
{"target": -17.67340312519144, "params": {"gamma": 48.81981129896851, "log10_alpha": -1.8539564523933558, "log10_colsample_bytree": -0.35874352058402914, "log10_eta": -2.3523474284953894, "log10_lambda": -2.775231926407474, "log10_min_child_weight": 2.3177911217227543, "log10_subsample": -0.7020319171995072, "max_depth": 7.0, "num_boost_round": 30.0}, "datetime": {"datetime": "2024-01-19 01:24:11", "elapsed": 4404.784946, "delta": 0.004097}}
{"target": -17.673326829124722, "params": {"gamma": 48.81981129896851, "log10_alpha": -1.8539564523933558, "log10_colsample_bytree": -0.35874352058402914, "log10_eta": -2.3523474284953894, "log10_lambda": -2.775231926407474, "log10_min_child_weight": 2.3177911217227543, "log10_subsample": -0.7020319171995072, "max_depth": 7.0, "num_boost_round": 31.0}, "datetime": {"datetime": "2024-01-19 01:24:11", "elapsed": 4404.788933, "delta": 0.003987}}
{"target": -17.67348246575975, "params": {"gamma": 48.81981129896851, "log10_alpha": -1.8539564523933558, "log10_colsample_bytree": -0.35874352058402914, "log10_eta": -2.3523474284953894, "log10_lambda": -2.775231926407474, "log10_min_child_weight": 2.3177911217227543, "log10_subsample": -0.7020319171995072, "max_depth": 7.0, "num_boost_round": 32.0}, "datetime": {"datetime": "2024-01-19 01:24:11", "elapsed": 4404.79297, "delta": 0.004037}}
{"target": -17.673602415166272, "params": {"gamma": 48.81981129896851, "log10_alpha": -1.8539564523933558, "log10_colsample_bytree": -0.35874352058402914, "log10_eta": -2.3523474284953894, "log10_lambda": -2.775231926407474, "log10_min_child_weight": 2.3177911217227543, "log10_subsample": -0.7020319171995072, "max_depth": 7.0, "num_boost_round": 33.0}, "datetime": {"datetime": "2024-01-19 01:24:11", "elapsed": 4404.798204, "delta": 0.005234}}
{"target": -17.67368355897337, "params": {"gamma": 48.81981129896851, "log10_alpha": -1.8539564523933558, "log10_colsample_bytree": -0.35874352058402914, "log10_eta": -2.3523474284953894, "log10_lambda": -2.775231926407474, "log10_min_child_weight": 2.3177911217227543, "log10_subsample": -0.7020319171995072, "max_depth": 7.0, "num_boost_round": 34.0}, "datetime": {"datetime": "2024-01-19 01:24:11", "elapsed": 4404.802466, "delta": 0.004262}}
{"target": -17.673554907504066, "params": {"gamma": 48.81981129896851, "log10_alpha": -1.8539564523933558, "log10_colsample_bytree": -0.35874352058402914, "log10_eta": -2.3523474284953894, "log10_lambda": -2.775231926407474, "log10_min_child_weight": 2.3177911217227543, "log10_subsample": -0.7020319171995072, "max_depth": 7.0, "num_boost_round": 35.0}, "datetime": {"datetime": "2024-01-19 01:24:11", "elapsed": 4404.806536, "delta": 0.00407}}
{"target": -17.67354642509676, "params": {"gamma": 48.81981129896851, "log10_alpha": -1.8539564523933558, "log10_colsample_bytree": -0.35874352058402914, "log10_eta": -2.3523474284953894, "log10_lambda": -2.775231926407474, "log10_min_child_weight": 2.3177911217227543, "log10_subsample": -0.7020319171995072, "max_depth": 7.0, "num_boost_round": 36.0}, "datetime": {"datetime": "2024-01-19 01:24:11", "elapsed": 4404.810518, "delta": 0.003982}}
{"target": -17.673475930830435, "params": {"gamma": 48.81981129896851, "log10_alpha": -1.8539564523933558, "log10_colsample_bytree": -0.35874352058402914, "log10_eta": -2.3523474284953894, "log10_lambda": -2.775231926407474, "log10_min_child_weight": 2.3177911217227543, "log10_subsample": -0.7020319171995072, "max_depth": 7.0, "num_boost_round": 37.0}, "datetime": {"datetime": "2024-01-19 01:24:11", "elapsed": 4404.814535, "delta": 0.004017}}
{"target": -17.6736214658496, "params": {"gamma": 48.81981129896851, "log10_alpha": -1.8539564523933558, "log10_colsample_bytree": -0.35874352058402914, "log10_eta": -2.3523474284953894, "log10_lambda": -2.775231926407474, "log10_min_child_weight": 2.3177911217227543, "log10_subsample": -0.7020319171995072, "max_depth": 7.0, "num_boost_round": 38.0}, "datetime": {"datetime": "2024-01-19 01:24:11", "elapsed": 4404.818505, "delta": 0.00397}}
{"target": -17.67344541482123, "params": {"gamma": 48.81981129896851, "log10_alpha": -1.8539564523933558, "log10_colsample_bytree": -0.35874352058402914, "log10_eta": -2.3523474284953894, "log10_lambda": -2.775231926407474, "log10_min_child_weight": 2.3177911217227543, "log10_subsample": -0.7020319171995072, "max_depth": 7.0, "num_boost_round": 39.0}, "datetime": {"datetime": "2024-01-19 01:24:11", "elapsed": 4404.822662, "delta": 0.004157}}
{"target": -17.673386469747, "params": {"gamma": 48.81981129896851, "log10_alpha": -1.8539564523933558, "log10_colsample_bytree": -0.35874352058402914, "log10_eta": -2.3523474284953894, "log10_lambda": -2.775231926407474, "log10_min_child_weight": 2.3177911217227543, "log10_subsample": -0.7020319171995072, "max_depth": 7.0, "num_boost_round": 40.0}, "datetime": {"datetime": "2024-01-19 01:24:11", "elapsed": 4404.826694, "delta": 0.004032}}
{"target": -17.67358294369256, "params": {"gamma": 48.81981129896851, "log10_alpha": -1.8539564523933558, "log10_colsample_bytree": -0.35874352058402914, "log10_eta": -2.3523474284953894, "log10_lambda": -2.775231926407474, "log10_min_child_weight": 2.3177911217227543, "log10_subsample": -0.7020319171995072, "max_depth": 7.0, "num_boost_round": 41.0}, "datetime": {"datetime": "2024-01-19 01:24:11", "elapsed": 4404.830724, "delta": 0.00403}}
{"target": -17.673508772768162, "params": {"gamma": 48.81981129896851, "log10_alpha": -1.8539564523933558, "log10_colsample_bytree": -0.35874352058402914, "log10_eta": -2.3523474284953894, "log10_lambda": -2.775231926407474, "log10_min_child_weight": 2.3177911217227543, "log10_subsample": -0.7020319171995072, "max_depth": 7.0, "num_boost_round": 42.0}, "datetime": {"datetime": "2024-01-19 01:24:11", "elapsed": 4404.834835, "delta": 0.004111}}
{"target": -17.677230281665594, "params": {"gamma": 45.22689001122038, "log10_alpha": -0.17725755856802738, "log10_colsample_bytree": -0.6044289806993512, "log10_eta": -3.6677753501260986, "log10_lambda": -4.799432781662671, "log10_min_child_weight": 4.619699156039494, "log10_subsample": -0.3312211969691061, "max_depth": 7.0, "num_boost_round": 0.0}, "datetime": {"datetime": "2024-01-19 01:24:54", "elapsed": 4447.948427, "delta": 43.113592}}
{"target": -17.67722932996298, "params": {"gamma": 45.22689001122038, "log10_alpha": -0.17725755856802738, "log10_colsample_bytree": -0.6044289806993512, "log10_eta": -3.6677753501260986, "log10_lambda": -4.799432781662671, "log10_min_child_weight": 4.619699156039494, "log10_subsample": -0.3312211969691061, "max_depth": 7.0, "num_boost_round": 1.0}, "datetime": {"datetime": "2024-01-19 01:24:54", "elapsed": 4447.954163, "delta": 0.005736}}
{"target": -17.67722795252928, "params": {"gamma": 45.22689001122038, "log10_alpha": -0.17725755856802738, "log10_colsample_bytree": -0.6044289806993512, "log10_eta": -3.6677753501260986, "log10_lambda": -4.799432781662671, "log10_min_child_weight": 4.619699156039494, "log10_subsample": -0.3312211969691061, "max_depth": 7.0, "num_boost_round": 2.0}, "datetime": {"datetime": "2024-01-19 01:24:54", "elapsed": 4447.958006, "delta": 0.003843}}
{"target": -17.677226633374293, "params": {"gamma": 45.22689001122038, "log10_alpha": -0.17725755856802738, "log10_colsample_bytree": -0.6044289806993512, "log10_eta": -3.6677753501260986, "log10_lambda": -4.799432781662671, "log10_min_child_weight": 4.619699156039494, "log10_subsample": -0.3312211969691061, "max_depth": 7.0, "num_boost_round": 3.0}, "datetime": {"datetime": "2024-01-19 01:24:54", "elapsed": 4447.961782, "delta": 0.003776}}
{"target": -17.677224747529046, "params": {"gamma": 45.22689001122038, "log10_alpha": -0.17725755856802738, "log10_colsample_bytree": -0.6044289806993512, "log10_eta": -3.6677753501260986, "log10_lambda": -4.799432781662671, "log10_min_child_weight": 4.619699156039494, "log10_subsample": -0.3312211969691061, "max_depth": 7.0, "num_boost_round": 4.0}, "datetime": {"datetime": "2024-01-19 01:24:54", "elapsed": 4447.965644, "delta": 0.003862}}
{"target": -17.67722479549953, "params": {"gamma": 45.22689001122038, "log10_alpha": -0.17725755856802738, "log10_colsample_bytree": -0.6044289806993512, "log10_eta": -3.6677753501260986, "log10_lambda": -4.799432781662671, "log10_min_child_weight": 4.619699156039494, "log10_subsample": -0.3312211969691061, "max_depth": 7.0, "num_boost_round": 5.0}, "datetime": {"datetime": "2024-01-19 01:24:54", "elapsed": 4447.970259, "delta": 0.004615}}
{"target": -17.677224202099453, "params": {"gamma": 45.22689001122038, "log10_alpha": -0.17725755856802738, "log10_colsample_bytree": -0.6044289806993512, "log10_eta": -3.6677753501260986, "log10_lambda": -4.799432781662671, "log10_min_child_weight": 4.619699156039494, "log10_subsample": -0.3312211969691061, "max_depth": 7.0, "num_boost_round": 6.0}, "datetime": {"datetime": "2024-01-19 01:24:54", "elapsed": 4447.97426, "delta": 0.004001}}
{"target": -17.677222537033092, "params": {"gamma": 45.22689001122038, "log10_alpha": -0.17725755856802738, "log10_colsample_bytree": -0.6044289806993512, "log10_eta": -3.6677753501260986, "log10_lambda": -4.799432781662671, "log10_min_child_weight": 4.619699156039494, "log10_subsample": -0.3312211969691061, "max_depth": 7.0, "num_boost_round": 7.0}, "datetime": {"datetime": "2024-01-19 01:24:54", "elapsed": 4447.978894, "delta": 0.004634}}
{"target": -17.677221036876947, "params": {"gamma": 45.22689001122038, "log10_alpha": -0.17725755856802738, "log10_colsample_bytree": -0.6044289806993512, "log10_eta": -3.6677753501260986, "log10_lambda": -4.799432781662671, "log10_min_child_weight": 4.619699156039494, "log10_subsample": -0.3312211969691061, "max_depth": 7.0, "num_boost_round": 8.0}, "datetime": {"datetime": "2024-01-19 01:24:54", "elapsed": 4447.982685, "delta": 0.003791}}
{"target": -17.677218834045572, "params": {"gamma": 45.22689001122038, "log10_alpha": -0.17725755856802738, "log10_colsample_bytree": -0.6044289806993512, "log10_eta": -3.6677753501260986, "log10_lambda": -4.799432781662671, "log10_min_child_weight": 4.619699156039494, "log10_subsample": -0.3312211969691061, "max_depth": 7.0, "num_boost_round": 9.0}, "datetime": {"datetime": "2024-01-19 01:24:54", "elapsed": 4447.986542, "delta": 0.003857}}
{"target": -17.677216608806187, "params": {"gamma": 45.22689001122038, "log10_alpha": -0.17725755856802738, "log10_colsample_bytree": -0.6044289806993512, "log10_eta": -3.6677753501260986, "log10_lambda": -4.799432781662671, "log10_min_child_weight": 4.619699156039494, "log10_subsample": -0.3312211969691061, "max_depth": 7.0, "num_boost_round": 10.0}, "datetime": {"datetime": "2024-01-19 01:24:54", "elapsed": 4447.990404, "delta": 0.003862}}
{"target": -17.677216580760096, "params": {"gamma": 45.22689001122038, "log10_alpha": -0.17725755856802738, "log10_colsample_bytree": -0.6044289806993512, "log10_eta": -3.6677753501260986, "log10_lambda": -4.799432781662671, "log10_min_child_weight": 4.619699156039494, "log10_subsample": -0.3312211969691061, "max_depth": 7.0, "num_boost_round": 11.0}, "datetime": {"datetime": "2024-01-19 01:24:54", "elapsed": 4447.994245, "delta": 0.003841}}
{"target": -17.67721491371296, "params": {"gamma": 45.22689001122038, "log10_alpha": -0.17725755856802738, "log10_colsample_bytree": -0.6044289806993512, "log10_eta": -3.6677753501260986, "log10_lambda": -4.799432781662671, "log10_min_child_weight": 4.619699156039494, "log10_subsample": -0.3312211969691061, "max_depth": 7.0, "num_boost_round": 12.0}, "datetime": {"datetime": "2024-01-19 01:24:54", "elapsed": 4447.998131, "delta": 0.003886}}
{"target": -17.677183262957726, "params": {"gamma": 45.83638580477578, "log10_alpha": -3.647360877891204, "log10_colsample_bytree": -0.3092330049831358, "log10_eta": -3.066473171234201, "log10_lambda": -3.947807253690636, "log10_min_child_weight": 3.1673227966447564, "log10_subsample": -0.23313837068980736, "max_depth": 6.0, "num_boost_round": 0.0}, "datetime": {"datetime": "2024-01-19 01:26:06", "elapsed": 4519.872931, "delta": 71.8748}}
{"target": -17.677140954423496, "params": {"gamma": 45.83638580477578, "log10_alpha": -3.647360877891204, "log10_colsample_bytree": -0.3092330049831358, "log10_eta": -3.066473171234201, "log10_lambda": -3.947807253690636, "log10_min_child_weight": 3.1673227966447564, "log10_subsample": -0.23313837068980736, "max_depth": 6.0, "num_boost_round": 1.0}, "datetime": {"datetime": "2024-01-19 01:26:06", "elapsed": 4519.878151, "delta": 0.00522}}
{"target": -17.677104521204377, "params": {"gamma": 45.83638580477578, "log10_alpha": -3.647360877891204, "log10_colsample_bytree": -0.3092330049831358, "log10_eta": -3.066473171234201, "log10_lambda": -3.947807253690636, "log10_min_child_weight": 3.1673227966447564, "log10_subsample": -0.23313837068980736, "max_depth": 6.0, "num_boost_round": 2.0}, "datetime": {"datetime": "2024-01-19 01:26:06", "elapsed": 4519.882904, "delta": 0.004753}}
{"target": -17.67710608584562, "params": {"gamma": 45.83638580477578, "log10_alpha": -3.647360877891204, "log10_colsample_bytree": -0.3092330049831358, "log10_eta": -3.066473171234201, "log10_lambda": -3.947807253690636, "log10_min_child_weight": 3.1673227966447564, "log10_subsample": -0.23313837068980736, "max_depth": 6.0, "num_boost_round": 3.0}, "datetime": {"datetime": "2024-01-19 01:26:06", "elapsed": 4519.88838, "delta": 0.005476}}
