{"target": -13.75777298140226, "params": {"gamma": 872.3032531137978, "log10_alpha": -2.3016065812010993, "log10_colsample_bytree": -0.6301388605628663, "log10_eta": -2.983777513802352, "log10_lambda": -4.702509455150661, "log10_min_child_weight": 0.5377147002546318, "log10_subsample": -0.8273429195271392, "max_depth": 6.0, "num_boost_round": 33.0}, "datetime": {"datetime": "2024-01-19 00:57:29", "elapsed": 2753.362906, "delta": 0.003458}}
{"target": -13.758539162455593, "params": {"gamma": 869.0930902547007, "log10_alpha": -3.424162298346412, "log10_colsample_bytree": -0.12299855298064444, "log10_eta": -3.776625784782904, "log10_lambda": -3.6263746319708794, "log10_min_child_weight": 1.3613193693192254, "log10_subsample": -0.20791023074059367, "max_depth": 9.0, "num_boost_round": 0.0}, "datetime": {"datetime": "2024-01-19 00:58:21", "elapsed": 2806.045005, "delta": 52.682099}}
{"target": -13.758545220666674, "params": {"gamma": 869.0930902547007, "log10_alpha": -3.424162298346412, "log10_colsample_bytree": -0.12299855298064444, "log10_eta": -3.776625784782904, "log10_lambda": -3.6263746319708794, "log10_min_child_weight": 1.3613193693192254, "log10_subsample": -0.20791023074059367, "max_depth": 9.0, "num_boost_round": 1.0}, "datetime": {"datetime": "2024-01-19 00:58:21", "elapsed": 2806.164059, "delta": 0.119054}}
{"target": -13.758540520756647, "params": {"gamma": 869.0930902547007, "log10_alpha": -3.424162298346412, "log10_colsample_bytree": -0.12299855298064444, "log10_eta": -3.776625784782904, "log10_lambda": -3.6263746319708794, "log10_min_child_weight": 1.3613193693192254, "log10_subsample": -0.20791023074059367, "max_depth": 9.0, "num_boost_round": 2.0}, "datetime": {"datetime": "2024-01-19 00:58:21", "elapsed": 2806.168142, "delta": 0.004083}}
{"target": -13.758541287748258, "params": {"gamma": 869.0930902547007, "log10_alpha": -3.424162298346412, "log10_colsample_bytree": -0.12299855298064444, "log10_eta": -3.776625784782904, "log10_lambda": -3.6263746319708794, "log10_min_child_weight": 1.3613193693192254, "log10_subsample": -0.20791023074059367, "max_depth": 9.0, "num_boost_round": 3.0}, "datetime": {"datetime": "2024-01-19 00:58:21", "elapsed": 2806.172332, "delta": 0.00419}}
{"target": -13.758541625524753, "params": {"gamma": 869.0930902547007, "log10_alpha": -3.424162298346412, "log10_colsample_bytree": -0.12299855298064444, "log10_eta": -3.776625784782904, "log10_lambda": -3.6263746319708794, "log10_min_child_weight": 1.3613193693192254, "log10_subsample": -0.20791023074059367, "max_depth": 9.0, "num_boost_round": 4.0}, "datetime": {"datetime": "2024-01-19 00:58:21", "elapsed": 2806.17611, "delta": 0.003778}}
{"target": -13.758543736198728, "params": {"gamma": 869.0930902547007, "log10_alpha": -3.424162298346412, "log10_colsample_bytree": -0.12299855298064444, "log10_eta": -3.776625784782904, "log10_lambda": -3.6263746319708794, "log10_min_child_weight": 1.3613193693192254, "log10_subsample": -0.20791023074059367, "max_depth": 9.0, "num_boost_round": 5.0}, "datetime": {"datetime": "2024-01-19 00:58:21", "elapsed": 2806.179806, "delta": 0.003696}}
{"target": -13.758536893941212, "params": {"gamma": 869.0930902547007, "log10_alpha": -3.424162298346412, "log10_colsample_bytree": -0.12299855298064444, "log10_eta": -3.776625784782904, "log10_lambda": -3.6263746319708794, "log10_min_child_weight": 1.3613193693192254, "log10_subsample": -0.20791023074059367, "max_depth": 9.0, "num_boost_round": 6.0}, "datetime": {"datetime": "2024-01-19 00:58:21", "elapsed": 2806.18348, "delta": 0.003674}}
{"target": -13.758537767002817, "params": {"gamma": 869.0930902547007, "log10_alpha": -3.424162298346412, "log10_colsample_bytree": -0.12299855298064444, "log10_eta": -3.776625784782904, "log10_lambda": -3.6263746319708794, "log10_min_child_weight": 1.3613193693192254, "log10_subsample": -0.20791023074059367, "max_depth": 9.0, "num_boost_round": 7.0}, "datetime": {"datetime": "2024-01-19 00:58:21", "elapsed": 2806.18724, "delta": 0.00376}}
{"target": -13.75854414797821, "params": {"gamma": 869.0930902547007, "log10_alpha": -3.424162298346412, "log10_colsample_bytree": -0.12299855298064444, "log10_eta": -3.776625784782904, "log10_lambda": -3.6263746319708794, "log10_min_child_weight": 1.3613193693192254, "log10_subsample": -0.20791023074059367, "max_depth": 9.0, "num_boost_round": 8.0}, "datetime": {"datetime": "2024-01-19 00:58:21", "elapsed": 2806.190942, "delta": 0.003702}}
{"target": -13.758539954256909, "params": {"gamma": 869.0930902547007, "log10_alpha": -3.424162298346412, "log10_colsample_bytree": -0.12299855298064444, "log10_eta": -3.776625784782904, "log10_lambda": -3.6263746319708794, "log10_min_child_weight": 1.3613193693192254, "log10_subsample": -0.20791023074059367, "max_depth": 9.0, "num_boost_round": 9.0}, "datetime": {"datetime": "2024-01-19 00:58:21", "elapsed": 2806.194717, "delta": 0.003775}}
{"target": -13.758545520202025, "params": {"gamma": 869.0930902547007, "log10_alpha": -3.424162298346412, "log10_colsample_bytree": -0.12299855298064444, "log10_eta": -3.776625784782904, "log10_lambda": -3.6263746319708794, "log10_min_child_weight": 1.3613193693192254, "log10_subsample": -0.20791023074059367, "max_depth": 9.0, "num_boost_round": 10.0}, "datetime": {"datetime": "2024-01-19 00:58:21", "elapsed": 2806.198332, "delta": 0.003615}}
{"target": -13.758542825673798, "params": {"gamma": 869.0930902547007, "log10_alpha": -3.424162298346412, "log10_colsample_bytree": -0.12299855298064444, "log10_eta": -3.776625784782904, "log10_lambda": -3.6263746319708794, "log10_min_child_weight": 1.3613193693192254, "log10_subsample": -0.20791023074059367, "max_depth": 9.0, "num_boost_round": 11.0}, "datetime": {"datetime": "2024-01-19 00:58:21", "elapsed": 2806.20198, "delta": 0.003648}}
{"target": -13.758545824690282, "params": {"gamma": 869.0930902547007, "log10_alpha": -3.424162298346412, "log10_colsample_bytree": -0.12299855298064444, "log10_eta": -3.776625784782904, "log10_lambda": -3.6263746319708794, "log10_min_child_weight": 1.3613193693192254, "log10_subsample": -0.20791023074059367, "max_depth": 9.0, "num_boost_round": 12.0}, "datetime": {"datetime": "2024-01-19 00:58:21", "elapsed": 2806.205691, "delta": 0.003711}}
{"target": -13.758541694588736, "params": {"gamma": 869.0930902547007, "log10_alpha": -3.424162298346412, "log10_colsample_bytree": -0.12299855298064444, "log10_eta": -3.776625784782904, "log10_lambda": -3.6263746319708794, "log10_min_child_weight": 1.3613193693192254, "log10_subsample": -0.20791023074059367, "max_depth": 9.0, "num_boost_round": 13.0}, "datetime": {"datetime": "2024-01-19 00:58:21", "elapsed": 2806.2098, "delta": 0.004109}}
{"target": -13.758533618684062, "params": {"gamma": 869.0930902547007, "log10_alpha": -3.424162298346412, "log10_colsample_bytree": -0.12299855298064444, "log10_eta": -3.776625784782904, "log10_lambda": -3.6263746319708794, "log10_min_child_weight": 1.3613193693192254, "log10_subsample": -0.20791023074059367, "max_depth": 9.0, "num_boost_round": 14.0}, "datetime": {"datetime": "2024-01-19 00:58:21", "elapsed": 2806.214464, "delta": 0.004664}}
{"target": -13.758533908621672, "params": {"gamma": 869.0930902547007, "log10_alpha": -3.424162298346412, "log10_colsample_bytree": -0.12299855298064444, "log10_eta": -3.776625784782904, "log10_lambda": -3.6263746319708794, "log10_min_child_weight": 1.3613193693192254, "log10_subsample": -0.20791023074059367, "max_depth": 9.0, "num_boost_round": 15.0}, "datetime": {"datetime": "2024-01-19 00:58:21", "elapsed": 2806.218325, "delta": 0.003861}}
{"target": -13.758525673859523, "params": {"gamma": 869.0930902547007, "log10_alpha": -3.424162298346412, "log10_colsample_bytree": -0.12299855298064444, "log10_eta": -3.776625784782904, "log10_lambda": -3.6263746319708794, "log10_min_child_weight": 1.3613193693192254, "log10_subsample": -0.20791023074059367, "max_depth": 9.0, "num_boost_round": 16.0}, "datetime": {"datetime": "2024-01-19 00:58:21", "elapsed": 2806.221971, "delta": 0.003646}}
{"target": -13.758531571250618, "params": {"gamma": 869.0930902547007, "log10_alpha": -3.424162298346412, "log10_colsample_bytree": -0.12299855298064444, "log10_eta": -3.776625784782904, "log10_lambda": -3.6263746319708794, "log10_min_child_weight": 1.3613193693192254, "log10_subsample": -0.20791023074059367, "max_depth": 9.0, "num_boost_round": 17.0}, "datetime": {"datetime": "2024-01-19 00:58:21", "elapsed": 2806.225562, "delta": 0.003591}}
{"target": -13.758535369152204, "params": {"gamma": 869.0930902547007, "log10_alpha": -3.424162298346412, "log10_colsample_bytree": -0.12299855298064444, "log10_eta": -3.776625784782904, "log10_lambda": -3.6263746319708794, "log10_min_child_weight": 1.3613193693192254, "log10_subsample": -0.20791023074059367, "max_depth": 9.0, "num_boost_round": 18.0}, "datetime": {"datetime": "2024-01-19 00:58:21", "elapsed": 2806.22919, "delta": 0.003628}}
{"target": -13.758534010204054, "params": {"gamma": 869.0930902547007, "log10_alpha": -3.424162298346412, "log10_colsample_bytree": -0.12299855298064444, "log10_eta": -3.776625784782904, "log10_lambda": -3.6263746319708794, "log10_min_child_weight": 1.3613193693192254, "log10_subsample": -0.20791023074059367, "max_depth": 9.0, "num_boost_round": 19.0}, "datetime": {"datetime": "2024-01-19 00:58:21", "elapsed": 2806.233208, "delta": 0.004018}}
{"target": -13.758532635987065, "params": {"gamma": 869.0930902547007, "log10_alpha": -3.424162298346412, "log10_colsample_bytree": -0.12299855298064444, "log10_eta": -3.776625784782904, "log10_lambda": -3.6263746319708794, "log10_min_child_weight": 1.3613193693192254, "log10_subsample": -0.20791023074059367, "max_depth": 9.0, "num_boost_round": 20.0}, "datetime": {"datetime": "2024-01-19 00:58:21", "elapsed": 2806.237052, "delta": 0.003844}}
{"target": -13.758530047563518, "params": {"gamma": 869.0930902547007, "log10_alpha": -3.424162298346412, "log10_colsample_bytree": -0.12299855298064444, "log10_eta": -3.776625784782904, "log10_lambda": -3.6263746319708794, "log10_min_child_weight": 1.3613193693192254, "log10_subsample": -0.20791023074059367, "max_depth": 9.0, "num_boost_round": 21.0}, "datetime": {"datetime": "2024-01-19 00:58:21", "elapsed": 2806.240843, "delta": 0.003791}}
{"target": -13.758519030986086, "params": {"gamma": 869.0930902547007, "log10_alpha": -3.424162298346412, "log10_colsample_bytree": -0.12299855298064444, "log10_eta": -3.776625784782904, "log10_lambda": -3.6263746319708794, "log10_min_child_weight": 1.3613193693192254, "log10_subsample": -0.20791023074059367, "max_depth": 9.0, "num_boost_round": 22.0}, "datetime": {"datetime": "2024-01-19 00:58:21", "elapsed": 2806.244581, "delta": 0.003738}}
{"target": -13.758522028997014, "params": {"gamma": 869.0930902547007, "log10_alpha": -3.424162298346412, "log10_colsample_bytree": -0.12299855298064444, "log10_eta": -3.776625784782904, "log10_lambda": -3.6263746319708794, "log10_min_child_weight": 1.3613193693192254, "log10_subsample": -0.20791023074059367, "max_depth": 9.0, "num_boost_round": 23.0}, "datetime": {"datetime": "2024-01-19 00:58:21", "elapsed": 2806.248248, "delta": 0.003667}}
{"target": -13.75852382044227, "params": {"gamma": 869.0930902547007, "log10_alpha": -3.424162298346412, "log10_colsample_bytree": -0.12299855298064444, "log10_eta": -3.776625784782904, "log10_lambda": -3.6263746319708794, "log10_min_child_weight": 1.3613193693192254, "log10_subsample": -0.20791023074059367, "max_depth": 9.0, "num_boost_round": 24.0}, "datetime": {"datetime": "2024-01-19 00:58:21", "elapsed": 2806.252115, "delta": 0.003867}}
{"target": -13.758517419238261, "params": {"gamma": 869.0930902547007, "log10_alpha": -3.424162298346412, "log10_colsample_bytree": -0.12299855298064444, "log10_eta": -3.776625784782904, "log10_lambda": -3.6263746319708794, "log10_min_child_weight": 1.3613193693192254, "log10_subsample": -0.20791023074059367, "max_depth": 9.0, "num_boost_round": 25.0}, "datetime": {"datetime": "2024-01-19 00:58:21", "elapsed": 2806.255833, "delta": 0.003718}}
{"target": -13.75850829693989, "params": {"gamma": 869.0930902547007, "log10_alpha": -3.424162298346412, "log10_colsample_bytree": -0.12299855298064444, "log10_eta": -3.776625784782904, "log10_lambda": -3.6263746319708794, "log10_min_child_weight": 1.3613193693192254, "log10_subsample": -0.20791023074059367, "max_depth": 9.0, "num_boost_round": 26.0}, "datetime": {"datetime": "2024-01-19 00:58:21", "elapsed": 2806.259567, "delta": 0.003734}}
{"target": -13.758507022662759, "params": {"gamma": 869.0930902547007, "log10_alpha": -3.424162298346412, "log10_colsample_bytree": -0.12299855298064444, "log10_eta": -3.776625784782904, "log10_lambda": -3.6263746319708794, "log10_min_child_weight": 1.3613193693192254, "log10_subsample": -0.20791023074059367, "max_depth": 9.0, "num_boost_round": 27.0}, "datetime": {"datetime": "2024-01-19 00:58:21", "elapsed": 2806.263228, "delta": 0.003661}}
{"target": -13.758502013706595, "params": {"gamma": 869.0930902547007, "log10_alpha": -3.424162298346412, "log10_colsample_bytree": -0.12299855298064444, "log10_eta": -3.776625784782904, "log10_lambda": -3.6263746319708794, "log10_min_child_weight": 1.3613193693192254, "log10_subsample": -0.20791023074059367, "max_depth": 9.0, "num_boost_round": 28.0}, "datetime": {"datetime": "2024-01-19 00:58:21", "elapsed": 2806.266947, "delta": 0.003719}}
{"target": -13.758502056792562, "params": {"gamma": 869.0930902547007, "log10_alpha": -3.424162298346412, "log10_colsample_bytree": -0.12299855298064444, "log10_eta": -3.776625784782904, "log10_lambda": -3.6263746319708794, "log10_min_child_weight": 1.3613193693192254, "log10_subsample": -0.20791023074059367, "max_depth": 9.0, "num_boost_round": 29.0}, "datetime": {"datetime": "2024-01-19 00:58:21", "elapsed": 2806.270585, "delta": 0.003638}}
{"target": -13.758508805849198, "params": {"gamma": 869.0930902547007, "log10_alpha": -3.424162298346412, "log10_colsample_bytree": -0.12299855298064444, "log10_eta": -3.776625784782904, "log10_lambda": -3.6263746319708794, "log10_min_child_weight": 1.3613193693192254, "log10_subsample": -0.20791023074059367, "max_depth": 9.0, "num_boost_round": 30.0}, "datetime": {"datetime": "2024-01-19 00:58:21", "elapsed": 2806.27442, "delta": 0.003835}}
{"target": -13.758515472685618, "params": {"gamma": 869.0930902547007, "log10_alpha": -3.424162298346412, "log10_colsample_bytree": -0.12299855298064444, "log10_eta": -3.776625784782904, "log10_lambda": -3.6263746319708794, "log10_min_child_weight": 1.3613193693192254, "log10_subsample": -0.20791023074059367, "max_depth": 9.0, "num_boost_round": 31.0}, "datetime": {"datetime": "2024-01-19 00:58:21", "elapsed": 2806.278094, "delta": 0.003674}}
{"target": -13.758516100490716, "params": {"gamma": 869.0930902547007, "log10_alpha": -3.424162298346412, "log10_colsample_bytree": -0.12299855298064444, "log10_eta": -3.776625784782904, "log10_lambda": -3.6263746319708794, "log10_min_child_weight": 1.3613193693192254, "log10_subsample": -0.20791023074059367, "max_depth": 9.0, "num_boost_round": 32.0}, "datetime": {"datetime": "2024-01-19 00:58:21", "elapsed": 2806.281787, "delta": 0.003693}}
{"target": -13.758512845885727, "params": {"gamma": 875.761858635915, "log10_alpha": -1.7087954610372034, "log10_colsample_bytree": -0.8340912548691392, "log10_eta": -3.4165633362615746, "log10_lambda": 0.17112103351316232, "log10_min_child_weight": 0.9554507921391325, "log10_subsample": -0.06407539140215446, "max_depth": 9.0, "num_boost_round": 0.0}, "datetime": {"datetime": "2024-01-19 00:59:15", "elapsed": 2859.343386, "delta": 53.061599}}
{"target": -13.758507633067907, "params": {"gamma": 875.761858635915, "log10_alpha": -1.7087954610372034, "log10_colsample_bytree": -0.8340912548691392, "log10_eta": -3.4165633362615746, "log10_lambda": 0.17112103351316232, "log10_min_child_weight": 0.9554507921391325, "log10_subsample": -0.06407539140215446, "max_depth": 9.0, "num_boost_round": 1.0}, "datetime": {"datetime": "2024-01-19 00:59:15", "elapsed": 2859.3478, "delta": 0.004414}}
{"target": -13.758500126600662, "params": {"gamma": 875.761858635915, "log10_alpha": -1.7087954610372034, "log10_colsample_bytree": -0.8340912548691392, "log10_eta": -3.4165633362615746, "log10_lambda": 0.17112103351316232, "log10_min_child_weight": 0.9554507921391325, "log10_subsample": -0.06407539140215446, "max_depth": 9.0, "num_boost_round": 2.0}, "datetime": {"datetime": "2024-01-19 00:59:15", "elapsed": 2859.351881, "delta": 0.004081}}
{"target": -13.758506799506351, "params": {"gamma": 875.761858635915, "log10_alpha": -1.7087954610372034, "log10_colsample_bytree": -0.8340912548691392, "log10_eta": -3.4165633362615746, "log10_lambda": 0.17112103351316232, "log10_min_child_weight": 0.9554507921391325, "log10_subsample": -0.06407539140215446, "max_depth": 9.0, "num_boost_round": 3.0}, "datetime": {"datetime": "2024-01-19 00:59:15", "elapsed": 2859.355568, "delta": 0.003687}}
{"target": -13.7584714628299, "params": {"gamma": 875.761858635915, "log10_alpha": -1.7087954610372034, "log10_colsample_bytree": -0.8340912548691392, "log10_eta": -3.4165633362615746, "log10_lambda": 0.17112103351316232, "log10_min_child_weight": 0.9554507921391325, "log10_subsample": -0.06407539140215446, "max_depth": 9.0, "num_boost_round": 4.0}, "datetime": {"datetime": "2024-01-19 00:59:15", "elapsed": 2859.359164, "delta": 0.003596}}
{"target": -13.75846959531008, "params": {"gamma": 875.761858635915, "log10_alpha": -1.7087954610372034, "log10_colsample_bytree": -0.8340912548691392, "log10_eta": -3.4165633362615746, "log10_lambda": 0.17112103351316232, "log10_min_child_weight": 0.9554507921391325, "log10_subsample": -0.06407539140215446, "max_depth": 9.0, "num_boost_round": 5.0}, "datetime": {"datetime": "2024-01-19 00:59:15", "elapsed": 2859.362757, "delta": 0.003593}}
{"target": -13.75848219358032, "params": {"gamma": 875.761858635915, "log10_alpha": -1.7087954610372034, "log10_colsample_bytree": -0.8340912548691392, "log10_eta": -3.4165633362615746, "log10_lambda": 0.17112103351316232, "log10_min_child_weight": 0.9554507921391325, "log10_subsample": -0.06407539140215446, "max_depth": 9.0, "num_boost_round": 6.0}, "datetime": {"datetime": "2024-01-19 00:59:15", "elapsed": 2859.366336, "delta": 0.003579}}
{"target": -13.758462143983131, "params": {"gamma": 875.761858635915, "log10_alpha": -1.7087954610372034, "log10_colsample_bytree": -0.8340912548691392, "log10_eta": -3.4165633362615746, "log10_lambda": 0.17112103351316232, "log10_min_child_weight": 0.9554507921391325, "log10_subsample": -0.06407539140215446, "max_depth": 9.0, "num_boost_round": 7.0}, "datetime": {"datetime": "2024-01-19 00:59:15", "elapsed": 2859.370029, "delta": 0.003693}}
{"target": -13.758457781872066, "params": {"gamma": 875.761858635915, "log10_alpha": -1.7087954610372034, "log10_colsample_bytree": -0.8340912548691392, "log10_eta": -3.4165633362615746, "log10_lambda": 0.17112103351316232, "log10_min_child_weight": 0.9554507921391325, "log10_subsample": -0.06407539140215446, "max_depth": 9.0, "num_boost_round": 8.0}, "datetime": {"datetime": "2024-01-19 00:59:15", "elapsed": 2859.373801, "delta": 0.003772}}
{"target": -13.758460076822526, "params": {"gamma": 875.761858635915, "log10_alpha": -1.7087954610372034, "log10_colsample_bytree": -0.8340912548691392, "log10_eta": -3.4165633362615746, "log10_lambda": 0.17112103351316232, "log10_min_child_weight": 0.9554507921391325, "log10_subsample": -0.06407539140215446, "max_depth": 9.0, "num_boost_round": 9.0}, "datetime": {"datetime": "2024-01-19 00:59:15", "elapsed": 2859.377486, "delta": 0.003685}}
{"target": -13.758452906944242, "params": {"gamma": 875.761858635915, "log10_alpha": -1.7087954610372034, "log10_colsample_bytree": -0.8340912548691392, "log10_eta": -3.4165633362615746, "log10_lambda": 0.17112103351316232, "log10_min_child_weight": 0.9554507921391325, "log10_subsample": -0.06407539140215446, "max_depth": 9.0, "num_boost_round": 10.0}, "datetime": {"datetime": "2024-01-19 00:59:15", "elapsed": 2859.381146, "delta": 0.00366}}
{"target": -13.758459044351865, "params": {"gamma": 875.761858635915, "log10_alpha": -1.7087954610372034, "log10_colsample_bytree": -0.8340912548691392, "log10_eta": -3.4165633362615746, "log10_lambda": 0.17112103351316232, "log10_min_child_weight": 0.9554507921391325, "log10_subsample": -0.06407539140215446, "max_depth": 9.0, "num_boost_round": 11.0}, "datetime": {"datetime": "2024-01-19 00:59:15", "elapsed": 2859.384766, "delta": 0.00362}}
{"target": -13.758462298299543, "params": {"gamma": 875.761858635915, "log10_alpha": -1.7087954610372034, "log10_colsample_bytree": -0.8340912548691392, "log10_eta": -3.4165633362615746, "log10_lambda": 0.17112103351316232, "log10_min_child_weight": 0.9554507921391325, "log10_subsample": -0.06407539140215446, "max_depth": 9.0, "num_boost_round": 12.0}, "datetime": {"datetime": "2024-01-19 00:59:15", "elapsed": 2859.388367, "delta": 0.003601}}
{"target": -13.758433588070512, "params": {"gamma": 875.761858635915, "log10_alpha": -1.7087954610372034, "log10_colsample_bytree": -0.8340912548691392, "log10_eta": -3.4165633362615746, "log10_lambda": 0.17112103351316232, "log10_min_child_weight": 0.9554507921391325, "log10_subsample": -0.06407539140215446, "max_depth": 9.0, "num_boost_round": 13.0}, "datetime": {"datetime": "2024-01-19 00:59:15", "elapsed": 2859.39209, "delta": 0.003723}}
{"target": -13.758427208839667, "params": {"gamma": 875.761858635915, "log10_alpha": -1.7087954610372034, "log10_colsample_bytree": -0.8340912548691392, "log10_eta": -3.4165633362615746, "log10_lambda": 0.17112103351316232, "log10_min_child_weight": 0.9554507921391325, "log10_subsample": -0.06407539140215446, "max_depth": 9.0, "num_boost_round": 14.0}, "datetime": {"datetime": "2024-01-19 00:59:15", "elapsed": 2859.395754, "delta": 0.003664}}
