{"target": -13.758536769535647, "params": {"gamma": 867.2475278026398, "log10_alpha": -3.0865309724908485, "log10_colsample_bytree": -0.8111523828253941, "log10_eta": -3.868543752821327, "log10_lambda": 0.5355968432484257, "log10_min_child_weight": 4.907485106590786, "log10_subsample": -0.7960381713353105, "max_depth": 2.0, "num_boost_round": 12.0}, "datetime": {"datetime": "2024-01-19 00:28:30", "elapsed": 1030.353304, "delta": 0.001535}}
{"target": -13.758536790535528, "params": {"gamma": 867.2475278026398, "log10_alpha": -3.0865309724908485, "log10_colsample_bytree": -0.8111523828253941, "log10_eta": -3.868543752821327, "log10_lambda": 0.5355968432484257, "log10_min_child_weight": 4.907485106590786, "log10_subsample": -0.7960381713353105, "max_depth": 2.0, "num_boost_round": 13.0}, "datetime": {"datetime": "2024-01-19 00:28:30", "elapsed": 1030.354657, "delta": 0.001353}}
{"target": -13.758536718686287, "params": {"gamma": 867.2475278026398, "log10_alpha": -3.0865309724908485, "log10_colsample_bytree": -0.8111523828253941, "log10_eta": -3.868543752821327, "log10_lambda": 0.5355968432484257, "log10_min_child_weight": 4.907485106590786, "log10_subsample": -0.7960381713353105, "max_depth": 2.0, "num_boost_round": 14.0}, "datetime": {"datetime": "2024-01-19 00:28:30", "elapsed": 1030.35599, "delta": 0.001333}}
{"target": -13.75853598869719, "params": {"gamma": 867.2475278026398, "log10_alpha": -3.0865309724908485, "log10_colsample_bytree": -0.8111523828253941, "log10_eta": -3.868543752821327, "log10_lambda": 0.5355968432484257, "log10_min_child_weight": 4.907485106590786, "log10_subsample": -0.7960381713353105, "max_depth": 2.0, "num_boost_round": 15.0}, "datetime": {"datetime": "2024-01-19 00:28:30", "elapsed": 1030.357316, "delta": 0.001326}}
{"target": -13.758534143051689, "params": {"gamma": 867.7048672710338, "log10_alpha": -0.6200106604000455, "log10_colsample_bytree": -0.9804958224486563, "log10_eta": -3.7897663636686536, "log10_lambda": -2.9415315435493383, "log10_min_child_weight": 1.581273776159711, "log10_subsample": -0.3260489311190975, "max_depth": 7.0, "num_boost_round": 0.0}, "datetime": {"datetime": "2024-01-19 00:28:56", "elapsed": 1056.2055, "delta": 25.848184}}
{"target": -13.758536722776668, "params": {"gamma": 867.7048672710338, "log10_alpha": -0.6200106604000455, "log10_colsample_bytree": -0.9804958224486563, "log10_eta": -3.7897663636686536, "log10_lambda": -2.9415315435493383, "log10_min_child_weight": 1.581273776159711, "log10_subsample": -0.3260489311190975, "max_depth": 7.0, "num_boost_round": 1.0}, "datetime": {"datetime": "2024-01-19 00:28:56", "elapsed": 1056.211261, "delta": 0.005761}}
{"target": -13.75853511439056, "params": {"gamma": 867.7048672710338, "log10_alpha": -0.6200106604000455, "log10_colsample_bytree": -0.9804958224486563, "log10_eta": -3.7897663636686536, "log10_lambda": -2.9415315435493383, "log10_min_child_weight": 1.581273776159711, "log10_subsample": -0.3260489311190975, "max_depth": 7.0, "num_boost_round": 2.0}, "datetime": {"datetime": "2024-01-19 00:28:56", "elapsed": 1056.213077, "delta": 0.001816}}
{"target": -13.758531019014706, "params": {"gamma": 867.7048672710338, "log10_alpha": -0.6200106604000455, "log10_colsample_bytree": -0.9804958224486563, "log10_eta": -3.7897663636686536, "log10_lambda": -2.9415315435493383, "log10_min_child_weight": 1.581273776159711, "log10_subsample": -0.3260489311190975, "max_depth": 7.0, "num_boost_round": 3.0}, "datetime": {"datetime": "2024-01-19 00:28:56", "elapsed": 1056.214493, "delta": 0.001416}}
{"target": -13.758532799043348, "params": {"gamma": 867.7048672710338, "log10_alpha": -0.6200106604000455, "log10_colsample_bytree": -0.9804958224486563, "log10_eta": -3.7897663636686536, "log10_lambda": -2.9415315435493383, "log10_min_child_weight": 1.581273776159711, "log10_subsample": -0.3260489311190975, "max_depth": 7.0, "num_boost_round": 4.0}, "datetime": {"datetime": "2024-01-19 00:28:56", "elapsed": 1056.215905, "delta": 0.001412}}
{"target": -13.75853298438008, "params": {"gamma": 867.7048672710338, "log10_alpha": -0.6200106604000455, "log10_colsample_bytree": -0.9804958224486563, "log10_eta": -3.7897663636686536, "log10_lambda": -2.9415315435493383, "log10_min_child_weight": 1.581273776159711, "log10_subsample": -0.3260489311190975, "max_depth": 7.0, "num_boost_round": 5.0}, "datetime": {"datetime": "2024-01-19 00:28:56", "elapsed": 1056.21722, "delta": 0.001315}}
{"target": -13.758540522681587, "params": {"gamma": 867.7048672710338, "log10_alpha": -0.6200106604000455, "log10_colsample_bytree": -0.9804958224486563, "log10_eta": -3.7897663636686536, "log10_lambda": -2.9415315435493383, "log10_min_child_weight": 1.581273776159711, "log10_subsample": -0.3260489311190975, "max_depth": 7.0, "num_boost_round": 6.0}, "datetime": {"datetime": "2024-01-19 00:28:56", "elapsed": 1056.21866, "delta": 0.00144}}
{"target": -13.758535128441892, "params": {"gamma": 867.7048672710338, "log10_alpha": -0.6200106604000455, "log10_colsample_bytree": -0.9804958224486563, "log10_eta": -3.7897663636686536, "log10_lambda": -2.9415315435493383, "log10_min_child_weight": 1.581273776159711, "log10_subsample": -0.3260489311190975, "max_depth": 7.0, "num_boost_round": 7.0}, "datetime": {"datetime": "2024-01-19 00:28:56", "elapsed": 1056.219998, "delta": 0.001338}}
{"target": -13.758535028802394, "params": {"gamma": 867.7048672710338, "log10_alpha": -0.6200106604000455, "log10_colsample_bytree": -0.9804958224486563, "log10_eta": -3.7897663636686536, "log10_lambda": -2.9415315435493383, "log10_min_child_weight": 1.581273776159711, "log10_subsample": -0.3260489311190975, "max_depth": 7.0, "num_boost_round": 8.0}, "datetime": {"datetime": "2024-01-19 00:28:56", "elapsed": 1056.22146, "delta": 0.001462}}
{"target": -13.758533322195367, "params": {"gamma": 867.7048672710338, "log10_alpha": -0.6200106604000455, "log10_colsample_bytree": -0.9804958224486563, "log10_eta": -3.7897663636686536, "log10_lambda": -2.9415315435493383, "log10_min_child_weight": 1.581273776159711, "log10_subsample": -0.3260489311190975, "max_depth": 7.0, "num_boost_round": 9.0}, "datetime": {"datetime": "2024-01-19 00:28:56", "elapsed": 1056.222939, "delta": 0.001479}}
{"target": -13.758533263414364, "params": {"gamma": 867.7048672710338, "log10_alpha": -0.6200106604000455, "log10_colsample_bytree": -0.9804958224486563, "log10_eta": -3.7897663636686536, "log10_lambda": -2.9415315435493383, "log10_min_child_weight": 1.581273776159711, "log10_subsample": -0.3260489311190975, "max_depth": 7.0, "num_boost_round": 10.0}, "datetime": {"datetime": "2024-01-19 00:28:56", "elapsed": 1056.224342, "delta": 0.001403}}
{"target": -13.758533805185458, "params": {"gamma": 867.7048672710338, "log10_alpha": -0.6200106604000455, "log10_colsample_bytree": -0.9804958224486563, "log10_eta": -3.7897663636686536, "log10_lambda": -2.9415315435493383, "log10_min_child_weight": 1.581273776159711, "log10_subsample": -0.3260489311190975, "max_depth": 7.0, "num_boost_round": 11.0}, "datetime": {"datetime": "2024-01-19 00:28:56", "elapsed": 1056.225725, "delta": 0.001383}}
{"target": -13.758528228972564, "params": {"gamma": 867.7048672710338, "log10_alpha": -0.6200106604000455, "log10_colsample_bytree": -0.9804958224486563, "log10_eta": -3.7897663636686536, "log10_lambda": -2.9415315435493383, "log10_min_child_weight": 1.581273776159711, "log10_subsample": -0.3260489311190975, "max_depth": 7.0, "num_boost_round": 12.0}, "datetime": {"datetime": "2024-01-19 00:28:56", "elapsed": 1056.227138, "delta": 0.001413}}
{"target": -13.758524352292367, "params": {"gamma": 867.7048672710338, "log10_alpha": -0.6200106604000455, "log10_colsample_bytree": -0.9804958224486563, "log10_eta": -3.7897663636686536, "log10_lambda": -2.9415315435493383, "log10_min_child_weight": 1.581273776159711, "log10_subsample": -0.3260489311190975, "max_depth": 7.0, "num_boost_round": 13.0}, "datetime": {"datetime": "2024-01-19 00:28:56", "elapsed": 1056.228533, "delta": 0.001395}}
{"target": -13.75852053858445, "params": {"gamma": 867.7048672710338, "log10_alpha": -0.6200106604000455, "log10_colsample_bytree": -0.9804958224486563, "log10_eta": -3.7897663636686536, "log10_lambda": -2.9415315435493383, "log10_min_child_weight": 1.581273776159711, "log10_subsample": -0.3260489311190975, "max_depth": 7.0, "num_boost_round": 14.0}, "datetime": {"datetime": "2024-01-19 00:28:56", "elapsed": 1056.229867, "delta": 0.001334}}
{"target": -13.758517072115076, "params": {"gamma": 867.7048672710338, "log10_alpha": -0.6200106604000455, "log10_colsample_bytree": -0.9804958224486563, "log10_eta": -3.7897663636686536, "log10_lambda": -2.9415315435493383, "log10_min_child_weight": 1.581273776159711, "log10_subsample": -0.3260489311190975, "max_depth": 7.0, "num_boost_round": 15.0}, "datetime": {"datetime": "2024-01-19 00:28:56", "elapsed": 1056.231194, "delta": 0.001327}}
{"target": -13.758515242060115, "params": {"gamma": 867.7048672710338, "log10_alpha": -0.6200106604000455, "log10_colsample_bytree": -0.9804958224486563, "log10_eta": -3.7897663636686536, "log10_lambda": -2.9415315435493383, "log10_min_child_weight": 1.581273776159711, "log10_subsample": -0.3260489311190975, "max_depth": 7.0, "num_boost_round": 16.0}, "datetime": {"datetime": "2024-01-19 00:28:56", "elapsed": 1056.23265, "delta": 0.001456}}
{"target": -13.758509602485908, "params": {"gamma": 867.7048672710338, "log10_alpha": -0.6200106604000455, "log10_colsample_bytree": -0.9804958224486563, "log10_eta": -3.7897663636686536, "log10_lambda": -2.9415315435493383, "log10_min_child_weight": 1.581273776159711, "log10_subsample": -0.3260489311190975, "max_depth": 7.0, "num_boost_round": 17.0}, "datetime": {"datetime": "2024-01-19 00:28:56", "elapsed": 1056.234006, "delta": 0.001356}}
{"target": -13.758503984164014, "params": {"gamma": 867.7048672710338, "log10_alpha": -0.6200106604000455, "log10_colsample_bytree": -0.9804958224486563, "log10_eta": -3.7897663636686536, "log10_lambda": -2.9415315435493383, "log10_min_child_weight": 1.581273776159711, "log10_subsample": -0.3260489311190975, "max_depth": 7.0, "num_boost_round": 18.0}, "datetime": {"datetime": "2024-01-19 00:28:56", "elapsed": 1056.235407, "delta": 0.001401}}
{"target": -13.758495890852757, "params": {"gamma": 867.7048672710338, "log10_alpha": -0.6200106604000455, "log10_colsample_bytree": -0.9804958224486563, "log10_eta": -3.7897663636686536, "log10_lambda": -2.9415315435493383, "log10_min_child_weight": 1.581273776159711, "log10_subsample": -0.3260489311190975, "max_depth": 7.0, "num_boost_round": 19.0}, "datetime": {"datetime": "2024-01-19 00:28:56", "elapsed": 1056.236794, "delta": 0.001387}}
{"target": -13.758494526294802, "params": {"gamma": 867.7048672710338, "log10_alpha": -0.6200106604000455, "log10_colsample_bytree": -0.9804958224486563, "log10_eta": -3.7897663636686536, "log10_lambda": -2.9415315435493383, "log10_min_child_weight": 1.581273776159711, "log10_subsample": -0.3260489311190975, "max_depth": 7.0, "num_boost_round": 20.0}, "datetime": {"datetime": "2024-01-19 00:28:56", "elapsed": 1056.238181, "delta": 0.001387}}
{"target": -13.758487765590662, "params": {"gamma": 867.7048672710338, "log10_alpha": -0.6200106604000455, "log10_colsample_bytree": -0.9804958224486563, "log10_eta": -3.7897663636686536, "log10_lambda": -2.9415315435493383, "log10_min_child_weight": 1.581273776159711, "log10_subsample": -0.3260489311190975, "max_depth": 7.0, "num_boost_round": 21.0}, "datetime": {"datetime": "2024-01-19 00:28:56", "elapsed": 1056.239556, "delta": 0.001375}}
{"target": -13.758484124482523, "params": {"gamma": 867.7048672710338, "log10_alpha": -0.6200106604000455, "log10_colsample_bytree": -0.9804958224486563, "log10_eta": -3.7897663636686536, "log10_lambda": -2.9415315435493383, "log10_min_child_weight": 1.581273776159711, "log10_subsample": -0.3260489311190975, "max_depth": 7.0, "num_boost_round": 22.0}, "datetime": {"datetime": "2024-01-19 00:28:56", "elapsed": 1056.240947, "delta": 0.001391}}
{"target": -13.758478488019179, "params": {"gamma": 867.7048672710338, "log10_alpha": -0.6200106604000455, "log10_colsample_bytree": -0.9804958224486563, "log10_eta": -3.7897663636686536, "log10_lambda": -2.9415315435493383, "log10_min_child_weight": 1.581273776159711, "log10_subsample": -0.3260489311190975, "max_depth": 7.0, "num_boost_round": 23.0}, "datetime": {"datetime": "2024-01-19 00:28:56", "elapsed": 1056.242286, "delta": 0.001339}}
{"target": -13.758534711913828, "params": {"gamma": 857.7754229206939, "log10_alpha": -2.3007260522785176, "log10_colsample_bytree": -0.7874101290238275, "log10_eta": -2.5751154789307598, "log10_lambda": -1.3331950795450194, "log10_min_child_weight": 3.972494048890835, "log10_subsample": -0.01792140053112312, "max_depth": 5.0, "num_boost_round": 0.0}, "datetime": {"datetime": "2024-01-19 00:29:16", "elapsed": 1076.069709, "delta": 19.827423}}
{"target": -13.758517172619985, "params": {"gamma": 857.7754229206939, "log10_alpha": -2.3007260522785176, "log10_colsample_bytree": -0.7874101290238275, "log10_eta": -2.5751154789307598, "log10_lambda": -1.3331950795450194, "log10_min_child_weight": 3.972494048890835, "log10_subsample": -0.01792140053112312, "max_depth": 5.0, "num_boost_round": 1.0}, "datetime": {"datetime": "2024-01-19 00:29:16", "elapsed": 1076.071913, "delta": 0.002204}}
{"target": -13.758495874666728, "params": {"gamma": 857.7754229206939, "log10_alpha": -2.3007260522785176, "log10_colsample_bytree": -0.7874101290238275, "log10_eta": -2.5751154789307598, "log10_lambda": -1.3331950795450194, "log10_min_child_weight": 3.972494048890835, "log10_subsample": -0.01792140053112312, "max_depth": 5.0, "num_boost_round": 2.0}, "datetime": {"datetime": "2024-01-19 00:29:16", "elapsed": 1076.073406, "delta": 0.001493}}
{"target": -13.75849434399068, "params": {"gamma": 857.7754229206939, "log10_alpha": -2.3007260522785176, "log10_colsample_bytree": -0.7874101290238275, "log10_eta": -2.5751154789307598, "log10_lambda": -1.3331950795450194, "log10_min_child_weight": 3.972494048890835, "log10_subsample": -0.01792140053112312, "max_depth": 5.0, "num_boost_round": 3.0}, "datetime": {"datetime": "2024-01-19 00:29:16", "elapsed": 1076.074969, "delta": 0.001563}}
{"target": -13.758481607591046, "params": {"gamma": 857.7754229206939, "log10_alpha": -2.3007260522785176, "log10_colsample_bytree": -0.7874101290238275, "log10_eta": -2.5751154789307598, "log10_lambda": -1.3331950795450194, "log10_min_child_weight": 3.972494048890835, "log10_subsample": -0.01792140053112312, "max_depth": 5.0, "num_boost_round": 4.0}, "datetime": {"datetime": "2024-01-19 00:29:16", "elapsed": 1076.076303, "delta": 0.001334}}
{"target": -13.758464369058185, "params": {"gamma": 857.7754229206939, "log10_alpha": -2.3007260522785176, "log10_colsample_bytree": -0.7874101290238275, "log10_eta": -2.5751154789307598, "log10_lambda": -1.3331950795450194, "log10_min_child_weight": 3.972494048890835, "log10_subsample": -0.01792140053112312, "max_depth": 5.0, "num_boost_round": 5.0}, "datetime": {"datetime": "2024-01-19 00:29:16", "elapsed": 1076.077628, "delta": 0.001325}}
{"target": -13.75847076304852, "params": {"gamma": 857.7754229206939, "log10_alpha": -2.3007260522785176, "log10_colsample_bytree": -0.7874101290238275, "log10_eta": -2.5751154789307598, "log10_lambda": -1.3331950795450194, "log10_min_child_weight": 3.972494048890835, "log10_subsample": -0.01792140053112312, "max_depth": 5.0, "num_boost_round": 6.0}, "datetime": {"datetime": "2024-01-19 00:29:16", "elapsed": 1076.079049, "delta": 0.001421}}
{"target": -13.758426509851413, "params": {"gamma": 857.7754229206939, "log10_alpha": -2.3007260522785176, "log10_colsample_bytree": -0.7874101290238275, "log10_eta": -2.5751154789307598, "log10_lambda": -1.3331950795450194, "log10_min_child_weight": 3.972494048890835, "log10_subsample": -0.01792140053112312, "max_depth": 5.0, "num_boost_round": 7.0}, "datetime": {"datetime": "2024-01-19 00:29:16", "elapsed": 1076.080529, "delta": 0.00148}}
{"target": -13.758350993180551, "params": {"gamma": 857.7754229206939, "log10_alpha": -2.3007260522785176, "log10_colsample_bytree": -0.7874101290238275, "log10_eta": -2.5751154789307598, "log10_lambda": -1.3331950795450194, "log10_min_child_weight": 3.972494048890835, "log10_subsample": -0.01792140053112312, "max_depth": 5.0, "num_boost_round": 8.0}, "datetime": {"datetime": "2024-01-19 00:29:16", "elapsed": 1076.081906, "delta": 0.001377}}
{"target": -13.758342734245128, "params": {"gamma": 857.7754229206939, "log10_alpha": -2.3007260522785176, "log10_colsample_bytree": -0.7874101290238275, "log10_eta": -2.5751154789307598, "log10_lambda": -1.3331950795450194, "log10_min_child_weight": 3.972494048890835, "log10_subsample": -0.01792140053112312, "max_depth": 5.0, "num_boost_round": 9.0}, "datetime": {"datetime": "2024-01-19 00:29:16", "elapsed": 1076.083293, "delta": 0.001387}}
{"target": -13.758304109376676, "params": {"gamma": 857.7754229206939, "log10_alpha": -2.3007260522785176, "log10_colsample_bytree": -0.7874101290238275, "log10_eta": -2.5751154789307598, "log10_lambda": -1.3331950795450194, "log10_min_child_weight": 3.972494048890835, "log10_subsample": -0.01792140053112312, "max_depth": 5.0, "num_boost_round": 10.0}, "datetime": {"datetime": "2024-01-19 00:29:16", "elapsed": 1076.084602, "delta": 0.001309}}
{"target": -13.758529422029282, "params": {"gamma": 854.4443160313914, "log10_alpha": 0.5107136191118506, "log10_colsample_bytree": -0.09193400610730174, "log10_eta": -2.9260533500403563, "log10_lambda": -1.0585892315087064, "log10_min_child_weight": 3.319265618485947, "log10_subsample": -0.9002312846293943, "max_depth": 3.0, "num_boost_round": 0.0}, "datetime": {"datetime": "2024-01-19 00:29:35", "elapsed": 1095.188466, "delta": 19.103864}}
{"target": -13.758515551402555, "params": {"gamma": 854.4443160313914, "log10_alpha": 0.5107136191118506, "log10_colsample_bytree": -0.09193400610730174, "log10_eta": -2.9260533500403563, "log10_lambda": -1.0585892315087064, "log10_min_child_weight": 3.319265618485947, "log10_subsample": -0.9002312846293943, "max_depth": 3.0, "num_boost_round": 1.0}, "datetime": {"datetime": "2024-01-19 00:29:35", "elapsed": 1095.190395, "delta": 0.001929}}
{"target": -13.758496386088101, "params": {"gamma": 854.4443160313914, "log10_alpha": 0.5107136191118506, "log10_colsample_bytree": -0.09193400610730174, "log10_eta": -2.9260533500403563, "log10_lambda": -1.0585892315087064, "log10_min_child_weight": 3.319265618485947, "log10_subsample": -0.9002312846293943, "max_depth": 3.0, "num_boost_round": 2.0}, "datetime": {"datetime": "2024-01-19 00:29:35", "elapsed": 1095.191861, "delta": 0.001466}}
{"target": -13.75847860101546, "params": {"gamma": 854.4443160313914, "log10_alpha": 0.5107136191118506, "log10_colsample_bytree": -0.09193400610730174, "log10_eta": -2.9260533500403563, "log10_lambda": -1.0585892315087064, "log10_min_child_weight": 3.319265618485947, "log10_subsample": -0.9002312846293943, "max_depth": 3.0, "num_boost_round": 3.0}, "datetime": {"datetime": "2024-01-19 00:29:35", "elapsed": 1095.1935, "delta": 0.001639}}
{"target": -13.7584855587161, "params": {"gamma": 854.4443160313914, "log10_alpha": 0.5107136191118506, "log10_colsample_bytree": -0.09193400610730174, "log10_eta": -2.9260533500403563, "log10_lambda": -1.0585892315087064, "log10_min_child_weight": 3.319265618485947, "log10_subsample": -0.9002312846293943, "max_depth": 3.0, "num_boost_round": 4.0}, "datetime": {"datetime": "2024-01-19 00:29:35", "elapsed": 1095.194984, "delta": 0.001484}}
{"target": -13.758478817895337, "params": {"gamma": 854.4443160313914, "log10_alpha": 0.5107136191118506, "log10_colsample_bytree": -0.09193400610730174, "log10_eta": -2.9260533500403563, "log10_lambda": -1.0585892315087064, "log10_min_child_weight": 3.319265618485947, "log10_subsample": -0.9002312846293943, "max_depth": 3.0, "num_boost_round": 5.0}, "datetime": {"datetime": "2024-01-19 00:29:35", "elapsed": 1095.196492, "delta": 0.001508}}
{"target": -13.758471074348982, "params": {"gamma": 854.4443160313914, "log10_alpha": 0.5107136191118506, "log10_colsample_bytree": -0.09193400610730174, "log10_eta": -2.9260533500403563, "log10_lambda": -1.0585892315087064, "log10_min_child_weight": 3.319265618485947, "log10_subsample": -0.9002312846293943, "max_depth": 3.0, "num_boost_round": 6.0}, "datetime": {"datetime": "2024-01-19 00:29:35", "elapsed": 1095.198009, "delta": 0.001517}}
{"target": -13.758463271162011, "params": {"gamma": 854.4443160313914, "log10_alpha": 0.5107136191118506, "log10_colsample_bytree": -0.09193400610730174, "log10_eta": -2.9260533500403563, "log10_lambda": -1.0585892315087064, "log10_min_child_weight": 3.319265618485947, "log10_subsample": -0.9002312846293943, "max_depth": 3.0, "num_boost_round": 7.0}, "datetime": {"datetime": "2024-01-19 00:29:35", "elapsed": 1095.199473, "delta": 0.001464}}
{"target": -13.758455600856891, "params": {"gamma": 854.4443160313914, "log10_alpha": 0.5107136191118506, "log10_colsample_bytree": -0.09193400610730174, "log10_eta": -2.9260533500403563, "log10_lambda": -1.0585892315087064, "log10_min_child_weight": 3.319265618485947, "log10_subsample": -0.9002312846293943, "max_depth": 3.0, "num_boost_round": 8.0}, "datetime": {"datetime": "2024-01-19 00:29:35", "elapsed": 1095.200911, "delta": 0.001438}}
{"target": -13.75844846363432, "params": {"gamma": 854.4443160313914, "log10_alpha": 0.5107136191118506, "log10_colsample_bytree": -0.09193400610730174, "log10_eta": -2.9260533500403563, "log10_lambda": -1.0585892315087064, "log10_min_child_weight": 3.319265618485947, "log10_subsample": -0.9002312846293943, "max_depth": 3.0, "num_boost_round": 9.0}, "datetime": {"datetime": "2024-01-19 00:29:35", "elapsed": 1095.202386, "delta": 0.001475}}
