{"target": -17.678707627936795, "params": {"gamma": 442.34304270279637, "log10_alpha": -4.6093650887697954, "log10_colsample_bytree": -0.9136976985483334, "log10_eta": -1.0696012237885406, "log10_lambda": -2.3280831663607966, "log10_min_child_weight": 0.28345827775221544, "log10_subsample": -0.7652123905041118, "max_depth": 4.0, "num_boost_round": 1.0}, "datetime": {"datetime": "2024-01-19 00:24:32", "elapsed": 777.237536, "delta": 0.001347}}
{"target": -17.680046064288895, "params": {"gamma": 442.34304270279637, "log10_alpha": -4.6093650887697954, "log10_colsample_bytree": -0.9136976985483334, "log10_eta": -1.0696012237885406, "log10_lambda": -2.3280831663607966, "log10_min_child_weight": 0.28345827775221544, "log10_subsample": -0.7652123905041118, "max_depth": 4.0, "num_boost_round": 2.0}, "datetime": {"datetime": "2024-01-19 00:24:32", "elapsed": 777.238574, "delta": 0.001038}}
{"target": -17.679329081666587, "params": {"gamma": 442.34304270279637, "log10_alpha": -4.6093650887697954, "log10_colsample_bytree": -0.9136976985483334, "log10_eta": -1.0696012237885406, "log10_lambda": -2.3280831663607966, "log10_min_child_weight": 0.28345827775221544, "log10_subsample": -0.7652123905041118, "max_depth": 4.0, "num_boost_round": 3.0}, "datetime": {"datetime": "2024-01-19 00:24:32", "elapsed": 777.239562, "delta": 0.000988}}
{"target": -17.67688742401674, "params": {"gamma": 442.34304270279637, "log10_alpha": -4.6093650887697954, "log10_colsample_bytree": -0.9136976985483334, "log10_eta": -1.0696012237885406, "log10_lambda": -2.3280831663607966, "log10_min_child_weight": 0.28345827775221544, "log10_subsample": -0.7652123905041118, "max_depth": 4.0, "num_boost_round": 4.0}, "datetime": {"datetime": "2024-01-19 00:24:32", "elapsed": 777.24434, "delta": 0.004778}}
{"target": -17.67775303283974, "params": {"gamma": 442.34304270279637, "log10_alpha": -4.6093650887697954, "log10_colsample_bytree": -0.9136976985483334, "log10_eta": -1.0696012237885406, "log10_lambda": -2.3280831663607966, "log10_min_child_weight": 0.28345827775221544, "log10_subsample": -0.7652123905041118, "max_depth": 4.0, "num_boost_round": 5.0}, "datetime": {"datetime": "2024-01-19 00:24:32", "elapsed": 777.245406, "delta": 0.001066}}
{"target": -17.680059727988542, "params": {"gamma": 442.34304270279637, "log10_alpha": -4.6093650887697954, "log10_colsample_bytree": -0.9136976985483334, "log10_eta": -1.0696012237885406, "log10_lambda": -2.3280831663607966, "log10_min_child_weight": 0.28345827775221544, "log10_subsample": -0.7652123905041118, "max_depth": 4.0, "num_boost_round": 6.0}, "datetime": {"datetime": "2024-01-19 00:24:32", "elapsed": 777.246394, "delta": 0.000988}}
{"target": -17.678990813838556, "params": {"gamma": 442.34304270279637, "log10_alpha": -4.6093650887697954, "log10_colsample_bytree": -0.9136976985483334, "log10_eta": -1.0696012237885406, "log10_lambda": -2.3280831663607966, "log10_min_child_weight": 0.28345827775221544, "log10_subsample": -0.7652123905041118, "max_depth": 4.0, "num_boost_round": 7.0}, "datetime": {"datetime": "2024-01-19 00:24:32", "elapsed": 777.247374, "delta": 0.00098}}
{"target": -17.68038216272936, "params": {"gamma": 442.34304270279637, "log10_alpha": -4.6093650887697954, "log10_colsample_bytree": -0.9136976985483334, "log10_eta": -1.0696012237885406, "log10_lambda": -2.3280831663607966, "log10_min_child_weight": 0.28345827775221544, "log10_subsample": -0.7652123905041118, "max_depth": 4.0, "num_boost_round": 8.0}, "datetime": {"datetime": "2024-01-19 00:24:32", "elapsed": 777.248351, "delta": 0.000977}}
{"target": -17.679399976943586, "params": {"gamma": 442.34304270279637, "log10_alpha": -4.6093650887697954, "log10_colsample_bytree": -0.9136976985483334, "log10_eta": -1.0696012237885406, "log10_lambda": -2.3280831663607966, "log10_min_child_weight": 0.28345827775221544, "log10_subsample": -0.7652123905041118, "max_depth": 4.0, "num_boost_round": 9.0}, "datetime": {"datetime": "2024-01-19 00:24:32", "elapsed": 777.249319, "delta": 0.000968}}
{"target": -17.68082232772055, "params": {"gamma": 442.34304270279637, "log10_alpha": -4.6093650887697954, "log10_colsample_bytree": -0.9136976985483334, "log10_eta": -1.0696012237885406, "log10_lambda": -2.3280831663607966, "log10_min_child_weight": 0.28345827775221544, "log10_subsample": -0.7652123905041118, "max_depth": 4.0, "num_boost_round": 10.0}, "datetime": {"datetime": "2024-01-19 00:24:32", "elapsed": 777.250306, "delta": 0.000987}}
{"target": -17.68169899967106, "params": {"gamma": 442.34304270279637, "log10_alpha": -4.6093650887697954, "log10_colsample_bytree": -0.9136976985483334, "log10_eta": -1.0696012237885406, "log10_lambda": -2.3280831663607966, "log10_min_child_weight": 0.28345827775221544, "log10_subsample": -0.7652123905041118, "max_depth": 4.0, "num_boost_round": 11.0}, "datetime": {"datetime": "2024-01-19 00:24:32", "elapsed": 777.251341, "delta": 0.001035}}
{"target": -17.68208120181078, "params": {"gamma": 442.34304270279637, "log10_alpha": -4.6093650887697954, "log10_colsample_bytree": -0.9136976985483334, "log10_eta": -1.0696012237885406, "log10_lambda": -2.3280831663607966, "log10_min_child_weight": 0.28345827775221544, "log10_subsample": -0.7652123905041118, "max_depth": 4.0, "num_boost_round": 12.0}, "datetime": {"datetime": "2024-01-19 00:24:32", "elapsed": 777.252317, "delta": 0.000976}}
{"target": -17.682259470200158, "params": {"gamma": 442.34304270279637, "log10_alpha": -4.6093650887697954, "log10_colsample_bytree": -0.9136976985483334, "log10_eta": -1.0696012237885406, "log10_lambda": -2.3280831663607966, "log10_min_child_weight": 0.28345827775221544, "log10_subsample": -0.7652123905041118, "max_depth": 4.0, "num_boost_round": 13.0}, "datetime": {"datetime": "2024-01-19 00:24:32", "elapsed": 777.253317, "delta": 0.001}}
{"target": -17.68486315412354, "params": {"gamma": 442.34304270279637, "log10_alpha": -4.6093650887697954, "log10_colsample_bytree": -0.9136976985483334, "log10_eta": -1.0696012237885406, "log10_lambda": -2.3280831663607966, "log10_min_child_weight": 0.28345827775221544, "log10_subsample": -0.7652123905041118, "max_depth": 4.0, "num_boost_round": 14.0}, "datetime": {"datetime": "2024-01-19 00:24:32", "elapsed": 777.254405, "delta": 0.001088}}
{"target": -17.683923612279077, "params": {"gamma": 442.34304270279637, "log10_alpha": -4.6093650887697954, "log10_colsample_bytree": -0.9136976985483334, "log10_eta": -1.0696012237885406, "log10_lambda": -2.3280831663607966, "log10_min_child_weight": 0.28345827775221544, "log10_subsample": -0.7652123905041118, "max_depth": 4.0, "num_boost_round": 15.0}, "datetime": {"datetime": "2024-01-19 00:24:32", "elapsed": 777.255388, "delta": 0.000983}}
{"target": -17.68393770787743, "params": {"gamma": 442.34304270279637, "log10_alpha": -4.6093650887697954, "log10_colsample_bytree": -0.9136976985483334, "log10_eta": -1.0696012237885406, "log10_lambda": -2.3280831663607966, "log10_min_child_weight": 0.28345827775221544, "log10_subsample": -0.7652123905041118, "max_depth": 4.0, "num_boost_round": 16.0}, "datetime": {"datetime": "2024-01-19 00:24:32", "elapsed": 777.256366, "delta": 0.000978}}
{"target": -17.68459047965848, "params": {"gamma": 442.34304270279637, "log10_alpha": -4.6093650887697954, "log10_colsample_bytree": -0.9136976985483334, "log10_eta": -1.0696012237885406, "log10_lambda": -2.3280831663607966, "log10_min_child_weight": 0.28345827775221544, "log10_subsample": -0.7652123905041118, "max_depth": 4.0, "num_boost_round": 17.0}, "datetime": {"datetime": "2024-01-19 00:24:32", "elapsed": 777.257349, "delta": 0.000983}}
{"target": -17.684176623460377, "params": {"gamma": 442.34304270279637, "log10_alpha": -4.6093650887697954, "log10_colsample_bytree": -0.9136976985483334, "log10_eta": -1.0696012237885406, "log10_lambda": -2.3280831663607966, "log10_min_child_weight": 0.28345827775221544, "log10_subsample": -0.7652123905041118, "max_depth": 4.0, "num_boost_round": 18.0}, "datetime": {"datetime": "2024-01-19 00:24:32", "elapsed": 777.258346, "delta": 0.000997}}
{"target": -17.67722741331169, "params": {"gamma": 449.091972256153, "log10_alpha": -2.548086923822061, "log10_colsample_bytree": -0.3860206849462231, "log10_eta": -4.0, "log10_lambda": 1.0, "log10_min_child_weight": 0.31593827909819383, "log10_subsample": -0.5111050164341407, "max_depth": 3.0, "num_boost_round": 0.0}, "datetime": {"datetime": "2024-01-19 00:24:53", "elapsed": 798.030701, "delta": 20.772355}}
{"target": -17.67722255760388, "params": {"gamma": 449.091972256153, "log10_alpha": -2.548086923822061, "log10_colsample_bytree": -0.3860206849462231, "log10_eta": -4.0, "log10_lambda": 1.0, "log10_min_child_weight": 0.31593827909819383, "log10_subsample": -0.5111050164341407, "max_depth": 3.0, "num_boost_round": 1.0}, "datetime": {"datetime": "2024-01-19 00:24:53", "elapsed": 798.031854, "delta": 0.001153}}
{"target": -17.677218768429935, "params": {"gamma": 449.091972256153, "log10_alpha": -2.548086923822061, "log10_colsample_bytree": -0.3860206849462231, "log10_eta": -4.0, "log10_lambda": 1.0, "log10_min_child_weight": 0.31593827909819383, "log10_subsample": -0.5111050164341407, "max_depth": 3.0, "num_boost_round": 2.0}, "datetime": {"datetime": "2024-01-19 00:24:53", "elapsed": 798.033368, "delta": 0.001514}}
{"target": -17.677216016664843, "params": {"gamma": 449.091972256153, "log10_alpha": -2.548086923822061, "log10_colsample_bytree": -0.3860206849462231, "log10_eta": -4.0, "log10_lambda": 1.0, "log10_min_child_weight": 0.31593827909819383, "log10_subsample": -0.5111050164341407, "max_depth": 3.0, "num_boost_round": 3.0}, "datetime": {"datetime": "2024-01-19 00:24:53", "elapsed": 798.034758, "delta": 0.00139}}
{"target": -17.677212997456646, "params": {"gamma": 449.091972256153, "log10_alpha": -2.548086923822061, "log10_colsample_bytree": -0.3860206849462231, "log10_eta": -4.0, "log10_lambda": 1.0, "log10_min_child_weight": 0.31593827909819383, "log10_subsample": -0.5111050164341407, "max_depth": 3.0, "num_boost_round": 4.0}, "datetime": {"datetime": "2024-01-19 00:24:53", "elapsed": 798.035875, "delta": 0.001117}}
{"target": -17.67721050035465, "params": {"gamma": 449.091972256153, "log10_alpha": -2.548086923822061, "log10_colsample_bytree": -0.3860206849462231, "log10_eta": -4.0, "log10_lambda": 1.0, "log10_min_child_weight": 0.31593827909819383, "log10_subsample": -0.5111050164341407, "max_depth": 3.0, "num_boost_round": 5.0}, "datetime": {"datetime": "2024-01-19 00:24:53", "elapsed": 798.036919, "delta": 0.001044}}
{"target": -17.677206655634215, "params": {"gamma": 449.091972256153, "log10_alpha": -2.548086923822061, "log10_colsample_bytree": -0.3860206849462231, "log10_eta": -4.0, "log10_lambda": 1.0, "log10_min_child_weight": 0.31593827909819383, "log10_subsample": -0.5111050164341407, "max_depth": 3.0, "num_boost_round": 6.0}, "datetime": {"datetime": "2024-01-19 00:24:53", "elapsed": 798.037904, "delta": 0.000985}}
{"target": -17.67720337267697, "params": {"gamma": 449.091972256153, "log10_alpha": -2.548086923822061, "log10_colsample_bytree": -0.3860206849462231, "log10_eta": -4.0, "log10_lambda": 1.0, "log10_min_child_weight": 0.31593827909819383, "log10_subsample": -0.5111050164341407, "max_depth": 3.0, "num_boost_round": 7.0}, "datetime": {"datetime": "2024-01-19 00:24:53", "elapsed": 798.038893, "delta": 0.000989}}
{"target": -17.677200947976292, "params": {"gamma": 449.091972256153, "log10_alpha": -2.548086923822061, "log10_colsample_bytree": -0.3860206849462231, "log10_eta": -4.0, "log10_lambda": 1.0, "log10_min_child_weight": 0.31593827909819383, "log10_subsample": -0.5111050164341407, "max_depth": 3.0, "num_boost_round": 8.0}, "datetime": {"datetime": "2024-01-19 00:24:53", "elapsed": 798.039936, "delta": 0.001043}}
{"target": -17.677196645640073, "params": {"gamma": 449.091972256153, "log10_alpha": -2.548086923822061, "log10_colsample_bytree": -0.3860206849462231, "log10_eta": -4.0, "log10_lambda": 1.0, "log10_min_child_weight": 0.31593827909819383, "log10_subsample": -0.5111050164341407, "max_depth": 3.0, "num_boost_round": 9.0}, "datetime": {"datetime": "2024-01-19 00:24:53", "elapsed": 798.040937, "delta": 0.001001}}
{"target": -17.67484817765935, "params": {"gamma": 435.0447303819769, "log10_alpha": -0.21855329926291223, "log10_colsample_bytree": -0.5583203077540071, "log10_eta": -0.9853716927916478, "log10_lambda": -0.8995079875559213, "log10_min_child_weight": 2.895420699414907, "log10_subsample": -0.12983917668900136, "max_depth": 2.0, "num_boost_round": 0.0}, "datetime": {"datetime": "2024-01-19 00:25:14", "elapsed": 819.437282, "delta": 21.396345}}
{"target": -17.673471373287633, "params": {"gamma": 435.0447303819769, "log10_alpha": -0.21855329926291223, "log10_colsample_bytree": -0.5583203077540071, "log10_eta": -0.9853716927916478, "log10_lambda": -0.8995079875559213, "log10_min_child_weight": 2.895420699414907, "log10_subsample": -0.12983917668900136, "max_depth": 2.0, "num_boost_round": 1.0}, "datetime": {"datetime": "2024-01-19 00:25:14", "elapsed": 819.438439, "delta": 0.001157}}
{"target": -17.67220882492376, "params": {"gamma": 435.0447303819769, "log10_alpha": -0.21855329926291223, "log10_colsample_bytree": -0.5583203077540071, "log10_eta": -0.9853716927916478, "log10_lambda": -0.8995079875559213, "log10_min_child_weight": 2.895420699414907, "log10_subsample": -0.12983917668900136, "max_depth": 2.0, "num_boost_round": 2.0}, "datetime": {"datetime": "2024-01-19 00:25:14", "elapsed": 819.439686, "delta": 0.001247}}
{"target": -17.672312648269884, "params": {"gamma": 435.0447303819769, "log10_alpha": -0.21855329926291223, "log10_colsample_bytree": -0.5583203077540071, "log10_eta": -0.9853716927916478, "log10_lambda": -0.8995079875559213, "log10_min_child_weight": 2.895420699414907, "log10_subsample": -0.12983917668900136, "max_depth": 2.0, "num_boost_round": 3.0}, "datetime": {"datetime": "2024-01-19 00:25:14", "elapsed": 819.440707, "delta": 0.001021}}
{"target": -17.67128696564363, "params": {"gamma": 435.0447303819769, "log10_alpha": -0.21855329926291223, "log10_colsample_bytree": -0.5583203077540071, "log10_eta": -0.9853716927916478, "log10_lambda": -0.8995079875559213, "log10_min_child_weight": 2.895420699414907, "log10_subsample": -0.12983917668900136, "max_depth": 2.0, "num_boost_round": 4.0}, "datetime": {"datetime": "2024-01-19 00:25:14", "elapsed": 819.441703, "delta": 0.000996}}
{"target": -17.672443423024305, "params": {"gamma": 435.0447303819769, "log10_alpha": -0.21855329926291223, "log10_colsample_bytree": -0.5583203077540071, "log10_eta": -0.9853716927916478, "log10_lambda": -0.8995079875559213, "log10_min_child_weight": 2.895420699414907, "log10_subsample": -0.12983917668900136, "max_depth": 2.0, "num_boost_round": 5.0}, "datetime": {"datetime": "2024-01-19 00:25:14", "elapsed": 819.442703, "delta": 0.001}}
{"target": -17.672344518523868, "params": {"gamma": 435.0447303819769, "log10_alpha": -0.21855329926291223, "log10_colsample_bytree": -0.5583203077540071, "log10_eta": -0.9853716927916478, "log10_lambda": -0.8995079875559213, "log10_min_child_weight": 2.895420699414907, "log10_subsample": -0.12983917668900136, "max_depth": 2.0, "num_boost_round": 6.0}, "datetime": {"datetime": "2024-01-19 00:25:14", "elapsed": 819.443699, "delta": 0.000996}}
{"target": -17.670727913470287, "params": {"gamma": 435.0447303819769, "log10_alpha": -0.21855329926291223, "log10_colsample_bytree": -0.5583203077540071, "log10_eta": -0.9853716927916478, "log10_lambda": -0.8995079875559213, "log10_min_child_weight": 2.895420699414907, "log10_subsample": -0.12983917668900136, "max_depth": 2.0, "num_boost_round": 7.0}, "datetime": {"datetime": "2024-01-19 00:25:14", "elapsed": 819.44471, "delta": 0.001011}}
{"target": -17.6712696472191, "params": {"gamma": 435.0447303819769, "log10_alpha": -0.21855329926291223, "log10_colsample_bytree": -0.5583203077540071, "log10_eta": -0.9853716927916478, "log10_lambda": -0.8995079875559213, "log10_min_child_weight": 2.895420699414907, "log10_subsample": -0.12983917668900136, "max_depth": 2.0, "num_boost_round": 8.0}, "datetime": {"datetime": "2024-01-19 00:25:14", "elapsed": 819.445946, "delta": 0.001236}}
{"target": -17.670311489898953, "params": {"gamma": 435.0447303819769, "log10_alpha": -0.21855329926291223, "log10_colsample_bytree": -0.5583203077540071, "log10_eta": -0.9853716927916478, "log10_lambda": -0.8995079875559213, "log10_min_child_weight": 2.895420699414907, "log10_subsample": -0.12983917668900136, "max_depth": 2.0, "num_boost_round": 9.0}, "datetime": {"datetime": "2024-01-19 00:25:14", "elapsed": 819.447606, "delta": 0.00166}}
{"target": -17.67722965249358, "params": {"gamma": 440.0393526515374, "log10_alpha": -4.742024334723316, "log10_colsample_bytree": -0.6345213056725485, "log10_eta": -3.7079255025542595, "log10_lambda": -0.12870522886499014, "log10_min_child_weight": 4.2732838908810775, "log10_subsample": -0.13955606272584786, "max_depth": 4.0, "num_boost_round": 0.0}, "datetime": {"datetime": "2024-01-19 00:25:37", "elapsed": 842.41294, "delta": 22.965334}}
{"target": -17.677229011687036, "params": {"gamma": 440.0393526515374, "log10_alpha": -4.742024334723316, "log10_colsample_bytree": -0.6345213056725485, "log10_eta": -3.7079255025542595, "log10_lambda": -0.12870522886499014, "log10_min_child_weight": 4.2732838908810775, "log10_subsample": -0.13955606272584786, "max_depth": 4.0, "num_boost_round": 1.0}, "datetime": {"datetime": "2024-01-19 00:25:37", "elapsed": 842.41435, "delta": 0.00141}}
{"target": -17.677227917133962, "params": {"gamma": 440.0393526515374, "log10_alpha": -4.742024334723316, "log10_colsample_bytree": -0.6345213056725485, "log10_eta": -3.7079255025542595, "log10_lambda": -0.12870522886499014, "log10_min_child_weight": 4.2732838908810775, "log10_subsample": -0.13955606272584786, "max_depth": 4.0, "num_boost_round": 2.0}, "datetime": {"datetime": "2024-01-19 00:25:37", "elapsed": 842.4154, "delta": 0.00105}}
{"target": -17.677227535038018, "params": {"gamma": 440.0393526515374, "log10_alpha": -4.742024334723316, "log10_colsample_bytree": -0.6345213056725485, "log10_eta": -3.7079255025542595, "log10_lambda": -0.12870522886499014, "log10_min_child_weight": 4.2732838908810775, "log10_subsample": -0.13955606272584786, "max_depth": 4.0, "num_boost_round": 3.0}, "datetime": {"datetime": "2024-01-19 00:25:37", "elapsed": 842.416412, "delta": 0.001012}}
{"target": -17.677223869215794, "params": {"gamma": 440.0393526515374, "log10_alpha": -4.742024334723316, "log10_colsample_bytree": -0.6345213056725485, "log10_eta": -3.7079255025542595, "log10_lambda": -0.12870522886499014, "log10_min_child_weight": 4.2732838908810775, "log10_subsample": -0.13955606272584786, "max_depth": 4.0, "num_boost_round": 4.0}, "datetime": {"datetime": "2024-01-19 00:25:37", "elapsed": 842.417422, "delta": 0.00101}}
{"target": -17.677224854183827, "params": {"gamma": 440.0393526515374, "log10_alpha": -4.742024334723316, "log10_colsample_bytree": -0.6345213056725485, "log10_eta": -3.7079255025542595, "log10_lambda": -0.12870522886499014, "log10_min_child_weight": 4.2732838908810775, "log10_subsample": -0.13955606272584786, "max_depth": 4.0, "num_boost_round": 5.0}, "datetime": {"datetime": "2024-01-19 00:25:37", "elapsed": 842.418426, "delta": 0.001004}}
{"target": -17.677226322545966, "params": {"gamma": 440.0393526515374, "log10_alpha": -4.742024334723316, "log10_colsample_bytree": -0.6345213056725485, "log10_eta": -3.7079255025542595, "log10_lambda": -0.12870522886499014, "log10_min_child_weight": 4.2732838908810775, "log10_subsample": -0.13955606272584786, "max_depth": 4.0, "num_boost_round": 6.0}, "datetime": {"datetime": "2024-01-19 00:25:37", "elapsed": 842.41944, "delta": 0.001014}}
{"target": -17.677223633731668, "params": {"gamma": 440.0393526515374, "log10_alpha": -4.742024334723316, "log10_colsample_bytree": -0.6345213056725485, "log10_eta": -3.7079255025542595, "log10_lambda": -0.12870522886499014, "log10_min_child_weight": 4.2732838908810775, "log10_subsample": -0.13955606272584786, "max_depth": 4.0, "num_boost_round": 7.0}, "datetime": {"datetime": "2024-01-19 00:25:37", "elapsed": 842.420443, "delta": 0.001003}}
{"target": -17.677222926567595, "params": {"gamma": 440.0393526515374, "log10_alpha": -4.742024334723316, "log10_colsample_bytree": -0.6345213056725485, "log10_eta": -3.7079255025542595, "log10_lambda": -0.12870522886499014, "log10_min_child_weight": 4.2732838908810775, "log10_subsample": -0.13955606272584786, "max_depth": 4.0, "num_boost_round": 8.0}, "datetime": {"datetime": "2024-01-19 00:25:37", "elapsed": 842.421461, "delta": 0.001018}}
{"target": -17.6772201827488, "params": {"gamma": 440.0393526515374, "log10_alpha": -4.742024334723316, "log10_colsample_bytree": -0.6345213056725485, "log10_eta": -3.7079255025542595, "log10_lambda": -0.12870522886499014, "log10_min_child_weight": 4.2732838908810775, "log10_subsample": -0.13955606272584786, "max_depth": 4.0, "num_boost_round": 9.0}, "datetime": {"datetime": "2024-01-19 00:25:37", "elapsed": 842.423782, "delta": 0.002321}}
{"target": -17.677217409226873, "params": {"gamma": 440.0393526515374, "log10_alpha": -4.742024334723316, "log10_colsample_bytree": -0.6345213056725485, "log10_eta": -3.7079255025542595, "log10_lambda": -0.12870522886499014, "log10_min_child_weight": 4.2732838908810775, "log10_subsample": -0.13955606272584786, "max_depth": 4.0, "num_boost_round": 10.0}, "datetime": {"datetime": "2024-01-19 00:25:37", "elapsed": 842.424819, "delta": 0.001037}}
{"target": -17.677215874549507, "params": {"gamma": 440.0393526515374, "log10_alpha": -4.742024334723316, "log10_colsample_bytree": -0.6345213056725485, "log10_eta": -3.7079255025542595, "log10_lambda": -0.12870522886499014, "log10_min_child_weight": 4.2732838908810775, "log10_subsample": -0.13955606272584786, "max_depth": 4.0, "num_boost_round": 11.0}, "datetime": {"datetime": "2024-01-19 00:25:37", "elapsed": 842.425834, "delta": 0.001015}}
