{"target": -13.758538343593974, "params": {"gamma": 985.491210540979, "log10_alpha": -3.2886893793166116, "log10_colsample_bytree": -0.9213437957553007, "log10_eta": -3.69783688122717, "log10_lambda": -3.0861259505846323, "log10_min_child_weight": 4.931513833657746, "log10_subsample": -0.9727983317163558, "max_depth": 6.0, "num_boost_round": 13.0}, "datetime": {"datetime": "2024-01-19 00:24:46", "elapsed": 787.600659, "delta": 0.0013}}
{"target": -13.758538326924707, "params": {"gamma": 985.491210540979, "log10_alpha": -3.2886893793166116, "log10_colsample_bytree": -0.9213437957553007, "log10_eta": -3.69783688122717, "log10_lambda": -3.0861259505846323, "log10_min_child_weight": 4.931513833657746, "log10_subsample": -0.9727983317163558, "max_depth": 6.0, "num_boost_round": 14.0}, "datetime": {"datetime": "2024-01-19 00:24:46", "elapsed": 787.601961, "delta": 0.001302}}
{"target": -13.758538339518386, "params": {"gamma": 985.491210540979, "log10_alpha": -3.2886893793166116, "log10_colsample_bytree": -0.9213437957553007, "log10_eta": -3.69783688122717, "log10_lambda": -3.0861259505846323, "log10_min_child_weight": 4.931513833657746, "log10_subsample": -0.9727983317163558, "max_depth": 6.0, "num_boost_round": 15.0}, "datetime": {"datetime": "2024-01-19 00:24:46", "elapsed": 787.603259, "delta": 0.001298}}
{"target": -13.758538341206377, "params": {"gamma": 985.491210540979, "log10_alpha": -3.2886893793166116, "log10_colsample_bytree": -0.9213437957553007, "log10_eta": -3.69783688122717, "log10_lambda": -3.0861259505846323, "log10_min_child_weight": 4.931513833657746, "log10_subsample": -0.9727983317163558, "max_depth": 6.0, "num_boost_round": 16.0}, "datetime": {"datetime": "2024-01-19 00:24:46", "elapsed": 787.604547, "delta": 0.001288}}
{"target": -13.758538319022948, "params": {"gamma": 985.491210540979, "log10_alpha": -3.2886893793166116, "log10_colsample_bytree": -0.9213437957553007, "log10_eta": -3.69783688122717, "log10_lambda": -3.0861259505846323, "log10_min_child_weight": 4.931513833657746, "log10_subsample": -0.9727983317163558, "max_depth": 6.0, "num_boost_round": 17.0}, "datetime": {"datetime": "2024-01-19 00:24:46", "elapsed": 787.605842, "delta": 0.001295}}
{"target": -13.758538343593974, "params": {"gamma": 985.491210540979, "log10_alpha": -3.2886893793166116, "log10_colsample_bytree": -0.9213437957553007, "log10_eta": -3.69783688122717, "log10_lambda": -3.0861259505846323, "log10_min_child_weight": 4.931513833657746, "log10_subsample": -0.9727983317163558, "max_depth": 6.0, "num_boost_round": 18.0}, "datetime": {"datetime": "2024-01-19 00:24:46", "elapsed": 787.607322, "delta": 0.00148}}
{"target": -13.758538343823314, "params": {"gamma": 985.491210540979, "log10_alpha": -3.2886893793166116, "log10_colsample_bytree": -0.9213437957553007, "log10_eta": -3.69783688122717, "log10_lambda": -3.0861259505846323, "log10_min_child_weight": 4.931513833657746, "log10_subsample": -0.9727983317163558, "max_depth": 6.0, "num_boost_round": 19.0}, "datetime": {"datetime": "2024-01-19 00:24:46", "elapsed": 787.608749, "delta": 0.001427}}
{"target": -13.758538333328955, "params": {"gamma": 985.491210540979, "log10_alpha": -3.2886893793166116, "log10_colsample_bytree": -0.9213437957553007, "log10_eta": -3.69783688122717, "log10_lambda": -3.0861259505846323, "log10_min_child_weight": 4.931513833657746, "log10_subsample": -0.9727983317163558, "max_depth": 6.0, "num_boost_round": 20.0}, "datetime": {"datetime": "2024-01-19 00:24:46", "elapsed": 787.610061, "delta": 0.001312}}
{"target": -13.758538331137727, "params": {"gamma": 985.491210540979, "log10_alpha": -3.2886893793166116, "log10_colsample_bytree": -0.9213437957553007, "log10_eta": -3.69783688122717, "log10_lambda": -3.0861259505846323, "log10_min_child_weight": 4.931513833657746, "log10_subsample": -0.9727983317163558, "max_depth": 6.0, "num_boost_round": 21.0}, "datetime": {"datetime": "2024-01-19 00:24:46", "elapsed": 787.611366, "delta": 0.001305}}
{"target": -13.758538354532664, "params": {"gamma": 985.491210540979, "log10_alpha": -3.2886893793166116, "log10_colsample_bytree": -0.9213437957553007, "log10_eta": -3.69783688122717, "log10_lambda": -3.0861259505846323, "log10_min_child_weight": 4.931513833657746, "log10_subsample": -0.9727983317163558, "max_depth": 6.0, "num_boost_round": 22.0}, "datetime": {"datetime": "2024-01-19 00:24:46", "elapsed": 787.612666, "delta": 0.0013}}
{"target": -13.758538348282627, "params": {"gamma": 985.491210540979, "log10_alpha": -3.2886893793166116, "log10_colsample_bytree": -0.9213437957553007, "log10_eta": -3.69783688122717, "log10_lambda": -3.0861259505846323, "log10_min_child_weight": 4.931513833657746, "log10_subsample": -0.9727983317163558, "max_depth": 6.0, "num_boost_round": 23.0}, "datetime": {"datetime": "2024-01-19 00:24:46", "elapsed": 787.613979, "delta": 0.001313}}
{"target": -13.758512990538925, "params": {"gamma": 984.7483425180286, "log10_alpha": -0.24555730366641626, "log10_colsample_bytree": -0.32745332724540066, "log10_eta": -2.482239303097129, "log10_lambda": -0.6670829460995931, "log10_min_child_weight": 4.377329589914015, "log10_subsample": -0.3459021561160093, "max_depth": 4.0, "num_boost_round": 0.0}, "datetime": {"datetime": "2024-01-19 00:25:13", "elapsed": 814.155481, "delta": 26.541502}}
{"target": -13.758518597638139, "params": {"gamma": 984.7483425180286, "log10_alpha": -0.24555730366641626, "log10_colsample_bytree": -0.32745332724540066, "log10_eta": -2.482239303097129, "log10_lambda": -0.6670829460995931, "log10_min_child_weight": 4.377329589914015, "log10_subsample": -0.3459021561160093, "max_depth": 4.0, "num_boost_round": 1.0}, "datetime": {"datetime": "2024-01-19 00:25:13", "elapsed": 814.157243, "delta": 0.001762}}
{"target": -13.758537297897748, "params": {"gamma": 984.7483425180286, "log10_alpha": -0.24555730366641626, "log10_colsample_bytree": -0.32745332724540066, "log10_eta": -2.482239303097129, "log10_lambda": -0.6670829460995931, "log10_min_child_weight": 4.377329589914015, "log10_subsample": -0.3459021561160093, "max_depth": 4.0, "num_boost_round": 2.0}, "datetime": {"datetime": "2024-01-19 00:25:13", "elapsed": 814.158923, "delta": 0.00168}}
{"target": -13.75854221310724, "params": {"gamma": 984.7483425180286, "log10_alpha": -0.24555730366641626, "log10_colsample_bytree": -0.32745332724540066, "log10_eta": -2.482239303097129, "log10_lambda": -0.6670829460995931, "log10_min_child_weight": 4.377329589914015, "log10_subsample": -0.3459021561160093, "max_depth": 4.0, "num_boost_round": 3.0}, "datetime": {"datetime": "2024-01-19 00:25:13", "elapsed": 814.160673, "delta": 0.00175}}
{"target": -13.758546551451715, "params": {"gamma": 984.7483425180286, "log10_alpha": -0.24555730366641626, "log10_colsample_bytree": -0.32745332724540066, "log10_eta": -2.482239303097129, "log10_lambda": -0.6670829460995931, "log10_min_child_weight": 4.377329589914015, "log10_subsample": -0.3459021561160093, "max_depth": 4.0, "num_boost_round": 4.0}, "datetime": {"datetime": "2024-01-19 00:25:13", "elapsed": 814.161998, "delta": 0.001325}}
{"target": -13.75853764345558, "params": {"gamma": 984.7483425180286, "log10_alpha": -0.24555730366641626, "log10_colsample_bytree": -0.32745332724540066, "log10_eta": -2.482239303097129, "log10_lambda": -0.6670829460995931, "log10_min_child_weight": 4.377329589914015, "log10_subsample": -0.3459021561160093, "max_depth": 4.0, "num_boost_round": 5.0}, "datetime": {"datetime": "2024-01-19 00:25:13", "elapsed": 814.16336, "delta": 0.001362}}
{"target": -13.758542833144725, "params": {"gamma": 984.7483425180286, "log10_alpha": -0.24555730366641626, "log10_colsample_bytree": -0.32745332724540066, "log10_eta": -2.482239303097129, "log10_lambda": -0.6670829460995931, "log10_min_child_weight": 4.377329589914015, "log10_subsample": -0.3459021561160093, "max_depth": 4.0, "num_boost_round": 6.0}, "datetime": {"datetime": "2024-01-19 00:25:13", "elapsed": 814.16468, "delta": 0.00132}}
{"target": -13.758544770680547, "params": {"gamma": 984.7483425180286, "log10_alpha": -0.24555730366641626, "log10_colsample_bytree": -0.32745332724540066, "log10_eta": -2.482239303097129, "log10_lambda": -0.6670829460995931, "log10_min_child_weight": 4.377329589914015, "log10_subsample": -0.3459021561160093, "max_depth": 4.0, "num_boost_round": 7.0}, "datetime": {"datetime": "2024-01-19 00:25:13", "elapsed": 814.16604, "delta": 0.00136}}
{"target": -13.758545120439317, "params": {"gamma": 984.7483425180286, "log10_alpha": -0.24555730366641626, "log10_colsample_bytree": -0.32745332724540066, "log10_eta": -2.482239303097129, "log10_lambda": -0.6670829460995931, "log10_min_child_weight": 4.377329589914015, "log10_subsample": -0.3459021561160093, "max_depth": 4.0, "num_boost_round": 8.0}, "datetime": {"datetime": "2024-01-19 00:25:13", "elapsed": 814.167422, "delta": 0.001382}}
{"target": -13.758540967976312, "params": {"gamma": 984.7483425180286, "log10_alpha": -0.24555730366641626, "log10_colsample_bytree": -0.32745332724540066, "log10_eta": -2.482239303097129, "log10_lambda": -0.6670829460995931, "log10_min_child_weight": 4.377329589914015, "log10_subsample": -0.3459021561160093, "max_depth": 4.0, "num_boost_round": 9.0}, "datetime": {"datetime": "2024-01-19 00:25:13", "elapsed": 814.168734, "delta": 0.001312}}
{"target": -13.758520797541225, "params": {"gamma": 984.7483425180286, "log10_alpha": -0.24555730366641626, "log10_colsample_bytree": -0.32745332724540066, "log10_eta": -2.482239303097129, "log10_lambda": -0.6670829460995931, "log10_min_child_weight": 4.377329589914015, "log10_subsample": -0.3459021561160093, "max_depth": 4.0, "num_boost_round": 10.0}, "datetime": {"datetime": "2024-01-19 00:25:13", "elapsed": 814.170048, "delta": 0.001314}}
{"target": -13.758508115474179, "params": {"gamma": 984.7483425180286, "log10_alpha": -0.24555730366641626, "log10_colsample_bytree": -0.32745332724540066, "log10_eta": -2.482239303097129, "log10_lambda": -0.6670829460995931, "log10_min_child_weight": 4.377329589914015, "log10_subsample": -0.3459021561160093, "max_depth": 4.0, "num_boost_round": 11.0}, "datetime": {"datetime": "2024-01-19 00:25:13", "elapsed": 814.171364, "delta": 0.001316}}
{"target": -13.758514400488389, "params": {"gamma": 984.7483425180286, "log10_alpha": -0.24555730366641626, "log10_colsample_bytree": -0.32745332724540066, "log10_eta": -2.482239303097129, "log10_lambda": -0.6670829460995931, "log10_min_child_weight": 4.377329589914015, "log10_subsample": -0.3459021561160093, "max_depth": 4.0, "num_boost_round": 12.0}, "datetime": {"datetime": "2024-01-19 00:25:13", "elapsed": 814.172677, "delta": 0.001313}}
{"target": -13.75852472559106, "params": {"gamma": 984.7483425180286, "log10_alpha": -0.24555730366641626, "log10_colsample_bytree": -0.32745332724540066, "log10_eta": -2.482239303097129, "log10_lambda": -0.6670829460995931, "log10_min_child_weight": 4.377329589914015, "log10_subsample": -0.3459021561160093, "max_depth": 4.0, "num_boost_round": 13.0}, "datetime": {"datetime": "2024-01-19 00:25:13", "elapsed": 814.174001, "delta": 0.001324}}
{"target": -13.758515171362351, "params": {"gamma": 984.7483425180286, "log10_alpha": -0.24555730366641626, "log10_colsample_bytree": -0.32745332724540066, "log10_eta": -2.482239303097129, "log10_lambda": -0.6670829460995931, "log10_min_child_weight": 4.377329589914015, "log10_subsample": -0.3459021561160093, "max_depth": 4.0, "num_boost_round": 14.0}, "datetime": {"datetime": "2024-01-19 00:25:13", "elapsed": 814.175308, "delta": 0.001307}}
{"target": -13.75850046826536, "params": {"gamma": 984.7483425180286, "log10_alpha": -0.24555730366641626, "log10_colsample_bytree": -0.32745332724540066, "log10_eta": -2.482239303097129, "log10_lambda": -0.6670829460995931, "log10_min_child_weight": 4.377329589914015, "log10_subsample": -0.3459021561160093, "max_depth": 4.0, "num_boost_round": 15.0}, "datetime": {"datetime": "2024-01-19 00:25:13", "elapsed": 814.17663, "delta": 0.001322}}
{"target": -13.758469445597829, "params": {"gamma": 984.7483425180286, "log10_alpha": -0.24555730366641626, "log10_colsample_bytree": -0.32745332724540066, "log10_eta": -2.482239303097129, "log10_lambda": -0.6670829460995931, "log10_min_child_weight": 4.377329589914015, "log10_subsample": -0.3459021561160093, "max_depth": 4.0, "num_boost_round": 16.0}, "datetime": {"datetime": "2024-01-19 00:25:13", "elapsed": 814.178006, "delta": 0.001376}}
{"target": -13.758486393936861, "params": {"gamma": 984.7483425180286, "log10_alpha": -0.24555730366641626, "log10_colsample_bytree": -0.32745332724540066, "log10_eta": -2.482239303097129, "log10_lambda": -0.6670829460995931, "log10_min_child_weight": 4.377329589914015, "log10_subsample": -0.3459021561160093, "max_depth": 4.0, "num_boost_round": 17.0}, "datetime": {"datetime": "2024-01-19 00:25:13", "elapsed": 814.179337, "delta": 0.001331}}
{"target": -13.75848969811587, "params": {"gamma": 984.7483425180286, "log10_alpha": -0.24555730366641626, "log10_colsample_bytree": -0.32745332724540066, "log10_eta": -2.482239303097129, "log10_lambda": -0.6670829460995931, "log10_min_child_weight": 4.377329589914015, "log10_subsample": -0.3459021561160093, "max_depth": 4.0, "num_boost_round": 18.0}, "datetime": {"datetime": "2024-01-19 00:25:13", "elapsed": 814.180657, "delta": 0.00132}}
{"target": -13.75846495719951, "params": {"gamma": 984.7483425180286, "log10_alpha": -0.24555730366641626, "log10_colsample_bytree": -0.32745332724540066, "log10_eta": -2.482239303097129, "log10_lambda": -0.6670829460995931, "log10_min_child_weight": 4.377329589914015, "log10_subsample": -0.3459021561160093, "max_depth": 4.0, "num_boost_round": 19.0}, "datetime": {"datetime": "2024-01-19 00:25:13", "elapsed": 814.18198, "delta": 0.001323}}
{"target": -13.758458014256288, "params": {"gamma": 984.7483425180286, "log10_alpha": -0.24555730366641626, "log10_colsample_bytree": -0.32745332724540066, "log10_eta": -2.482239303097129, "log10_lambda": -0.6670829460995931, "log10_min_child_weight": 4.377329589914015, "log10_subsample": -0.3459021561160093, "max_depth": 4.0, "num_boost_round": 20.0}, "datetime": {"datetime": "2024-01-19 00:25:13", "elapsed": 814.183308, "delta": 0.001328}}
{"target": -13.758430696496191, "params": {"gamma": 984.7483425180286, "log10_alpha": -0.24555730366641626, "log10_colsample_bytree": -0.32745332724540066, "log10_eta": -2.482239303097129, "log10_lambda": -0.6670829460995931, "log10_min_child_weight": 4.377329589914015, "log10_subsample": -0.3459021561160093, "max_depth": 4.0, "num_boost_round": 21.0}, "datetime": {"datetime": "2024-01-19 00:25:13", "elapsed": 814.184668, "delta": 0.00136}}
{"target": -13.75844387778404, "params": {"gamma": 984.7483425180286, "log10_alpha": -0.24555730366641626, "log10_colsample_bytree": -0.32745332724540066, "log10_eta": -2.482239303097129, "log10_lambda": -0.6670829460995931, "log10_min_child_weight": 4.377329589914015, "log10_subsample": -0.3459021561160093, "max_depth": 4.0, "num_boost_round": 22.0}, "datetime": {"datetime": "2024-01-19 00:25:13", "elapsed": 814.186039, "delta": 0.001371}}
{"target": -13.75844296869034, "params": {"gamma": 984.7483425180286, "log10_alpha": -0.24555730366641626, "log10_colsample_bytree": -0.32745332724540066, "log10_eta": -2.482239303097129, "log10_lambda": -0.6670829460995931, "log10_min_child_weight": 4.377329589914015, "log10_subsample": -0.3459021561160093, "max_depth": 4.0, "num_boost_round": 23.0}, "datetime": {"datetime": "2024-01-19 00:25:13", "elapsed": 814.187434, "delta": 0.001395}}
{"target": -13.758461738654546, "params": {"gamma": 984.7483425180286, "log10_alpha": -0.24555730366641626, "log10_colsample_bytree": -0.32745332724540066, "log10_eta": -2.482239303097129, "log10_lambda": -0.6670829460995931, "log10_min_child_weight": 4.377329589914015, "log10_subsample": -0.3459021561160093, "max_depth": 4.0, "num_boost_round": 24.0}, "datetime": {"datetime": "2024-01-19 00:25:13", "elapsed": 814.188758, "delta": 0.001324}}
{"target": -13.758461670525804, "params": {"gamma": 984.7483425180286, "log10_alpha": -0.24555730366641626, "log10_colsample_bytree": -0.32745332724540066, "log10_eta": -2.482239303097129, "log10_lambda": -0.6670829460995931, "log10_min_child_weight": 4.377329589914015, "log10_subsample": -0.3459021561160093, "max_depth": 4.0, "num_boost_round": 25.0}, "datetime": {"datetime": "2024-01-19 00:25:13", "elapsed": 814.190082, "delta": 0.001324}}
{"target": -13.758487855836533, "params": {"gamma": 984.7483425180286, "log10_alpha": -0.24555730366641626, "log10_colsample_bytree": -0.32745332724540066, "log10_eta": -2.482239303097129, "log10_lambda": -0.6670829460995931, "log10_min_child_weight": 4.377329589914015, "log10_subsample": -0.3459021561160093, "max_depth": 4.0, "num_boost_round": 26.0}, "datetime": {"datetime": "2024-01-19 00:25:13", "elapsed": 814.191414, "delta": 0.001332}}
{"target": -13.758475150197178, "params": {"gamma": 984.7483425180286, "log10_alpha": -0.24555730366641626, "log10_colsample_bytree": -0.32745332724540066, "log10_eta": -2.482239303097129, "log10_lambda": -0.6670829460995931, "log10_min_child_weight": 4.377329589914015, "log10_subsample": -0.3459021561160093, "max_depth": 4.0, "num_boost_round": 27.0}, "datetime": {"datetime": "2024-01-19 00:25:13", "elapsed": 814.192744, "delta": 0.00133}}
{"target": -13.758466427938718, "params": {"gamma": 984.7483425180286, "log10_alpha": -0.24555730366641626, "log10_colsample_bytree": -0.32745332724540066, "log10_eta": -2.482239303097129, "log10_lambda": -0.6670829460995931, "log10_min_child_weight": 4.377329589914015, "log10_subsample": -0.3459021561160093, "max_depth": 4.0, "num_boost_round": 28.0}, "datetime": {"datetime": "2024-01-19 00:25:13", "elapsed": 814.194093, "delta": 0.001349}}
{"target": -13.758477263325462, "params": {"gamma": 984.7483425180286, "log10_alpha": -0.24555730366641626, "log10_colsample_bytree": -0.32745332724540066, "log10_eta": -2.482239303097129, "log10_lambda": -0.6670829460995931, "log10_min_child_weight": 4.377329589914015, "log10_subsample": -0.3459021561160093, "max_depth": 4.0, "num_boost_round": 29.0}, "datetime": {"datetime": "2024-01-19 00:25:13", "elapsed": 814.195421, "delta": 0.001328}}
{"target": -13.758503940343159, "params": {"gamma": 984.7483425180286, "log10_alpha": -0.24555730366641626, "log10_colsample_bytree": -0.32745332724540066, "log10_eta": -2.482239303097129, "log10_lambda": -0.6670829460995931, "log10_min_child_weight": 4.377329589914015, "log10_subsample": -0.3459021561160093, "max_depth": 4.0, "num_boost_round": 30.0}, "datetime": {"datetime": "2024-01-19 00:25:13", "elapsed": 814.196753, "delta": 0.001332}}
{"target": -13.758357708103567, "params": {"gamma": 989.5888702241098, "log10_alpha": -0.1480181150072699, "log10_colsample_bytree": -0.9796200842028793, "log10_eta": -1.8067995362147982, "log10_lambda": -4.7723587293545755, "log10_min_child_weight": 3.002272059309528, "log10_subsample": -0.23773958007014961, "max_depth": 5.0, "num_boost_round": 0.0}, "datetime": {"datetime": "2024-01-19 00:25:35", "elapsed": 836.906525, "delta": 22.709772}}
{"target": -13.758381187621229, "params": {"gamma": 989.5888702241098, "log10_alpha": -0.1480181150072699, "log10_colsample_bytree": -0.9796200842028793, "log10_eta": -1.8067995362147982, "log10_lambda": -4.7723587293545755, "log10_min_child_weight": 3.002272059309528, "log10_subsample": -0.23773958007014961, "max_depth": 5.0, "num_boost_round": 1.0}, "datetime": {"datetime": "2024-01-19 00:25:35", "elapsed": 836.908229, "delta": 0.001704}}
{"target": -13.758228221378186, "params": {"gamma": 989.5888702241098, "log10_alpha": -0.1480181150072699, "log10_colsample_bytree": -0.9796200842028793, "log10_eta": -1.8067995362147982, "log10_lambda": -4.7723587293545755, "log10_min_child_weight": 3.002272059309528, "log10_subsample": -0.23773958007014961, "max_depth": 5.0, "num_boost_round": 2.0}, "datetime": {"datetime": "2024-01-19 00:25:35", "elapsed": 836.91007, "delta": 0.001841}}
{"target": -13.758230057869977, "params": {"gamma": 989.5888702241098, "log10_alpha": -0.1480181150072699, "log10_colsample_bytree": -0.9796200842028793, "log10_eta": -1.8067995362147982, "log10_lambda": -4.7723587293545755, "log10_min_child_weight": 3.002272059309528, "log10_subsample": -0.23773958007014961, "max_depth": 5.0, "num_boost_round": 3.0}, "datetime": {"datetime": "2024-01-19 00:25:35", "elapsed": 836.911461, "delta": 0.001391}}
{"target": -13.75803543839314, "params": {"gamma": 989.5888702241098, "log10_alpha": -0.1480181150072699, "log10_colsample_bytree": -0.9796200842028793, "log10_eta": -1.8067995362147982, "log10_lambda": -4.7723587293545755, "log10_min_child_weight": 3.002272059309528, "log10_subsample": -0.23773958007014961, "max_depth": 5.0, "num_boost_round": 4.0}, "datetime": {"datetime": "2024-01-19 00:25:35", "elapsed": 836.912884, "delta": 0.001423}}
{"target": -13.758060123125139, "params": {"gamma": 989.5888702241098, "log10_alpha": -0.1480181150072699, "log10_colsample_bytree": -0.9796200842028793, "log10_eta": -1.8067995362147982, "log10_lambda": -4.7723587293545755, "log10_min_child_weight": 3.002272059309528, "log10_subsample": -0.23773958007014961, "max_depth": 5.0, "num_boost_round": 5.0}, "datetime": {"datetime": "2024-01-19 00:25:35", "elapsed": 836.914316, "delta": 0.001432}}
{"target": -13.757970381305695, "params": {"gamma": 989.5888702241098, "log10_alpha": -0.1480181150072699, "log10_colsample_bytree": -0.9796200842028793, "log10_eta": -1.8067995362147982, "log10_lambda": -4.7723587293545755, "log10_min_child_weight": 3.002272059309528, "log10_subsample": -0.23773958007014961, "max_depth": 5.0, "num_boost_round": 6.0}, "datetime": {"datetime": "2024-01-19 00:25:35", "elapsed": 836.915655, "delta": 0.001339}}
