{"target": -13.782265052625904, "params": {"gamma": 117.92874587640523, "log10_alpha": -0.5213422114179673, "log10_colsample_bytree": -0.2974463162394392, "log10_eta": -1.2179056871609446, "log10_lambda": -0.6103014378770002, "log10_min_child_weight": 1.1409658650940675, "log10_subsample": -0.7267534389181187, "max_depth": 9.0, "num_boost_round": 11.0}, "datetime": {"datetime": "2024-01-19 00:52:23", "elapsed": 2450.666896, "delta": 0.002471}}
{"target": -13.787430490613275, "params": {"gamma": 117.92874587640523, "log10_alpha": -0.5213422114179673, "log10_colsample_bytree": -0.2974463162394392, "log10_eta": -1.2179056871609446, "log10_lambda": -0.6103014378770002, "log10_min_child_weight": 1.1409658650940675, "log10_subsample": -0.7267534389181187, "max_depth": 9.0, "num_boost_round": 12.0}, "datetime": {"datetime": "2024-01-19 00:52:23", "elapsed": 2450.669563, "delta": 0.002667}}
{"target": -13.792091543480074, "params": {"gamma": 117.92874587640523, "log10_alpha": -0.5213422114179673, "log10_colsample_bytree": -0.2974463162394392, "log10_eta": -1.2179056871609446, "log10_lambda": -0.6103014378770002, "log10_min_child_weight": 1.1409658650940675, "log10_subsample": -0.7267534389181187, "max_depth": 9.0, "num_boost_round": 13.0}, "datetime": {"datetime": "2024-01-19 00:52:23", "elapsed": 2450.672115, "delta": 0.002552}}
{"target": -13.798938236041232, "params": {"gamma": 117.92874587640523, "log10_alpha": -0.5213422114179673, "log10_colsample_bytree": -0.2974463162394392, "log10_eta": -1.2179056871609446, "log10_lambda": -0.6103014378770002, "log10_min_child_weight": 1.1409658650940675, "log10_subsample": -0.7267534389181187, "max_depth": 9.0, "num_boost_round": 14.0}, "datetime": {"datetime": "2024-01-19 00:52:23", "elapsed": 2450.679039, "delta": 0.006924}}
{"target": -13.802733454264956, "params": {"gamma": 117.92874587640523, "log10_alpha": -0.5213422114179673, "log10_colsample_bytree": -0.2974463162394392, "log10_eta": -1.2179056871609446, "log10_lambda": -0.6103014378770002, "log10_min_child_weight": 1.1409658650940675, "log10_subsample": -0.7267534389181187, "max_depth": 9.0, "num_boost_round": 15.0}, "datetime": {"datetime": "2024-01-19 00:52:23", "elapsed": 2450.681599, "delta": 0.00256}}
{"target": -13.807138023212994, "params": {"gamma": 117.92874587640523, "log10_alpha": -0.5213422114179673, "log10_colsample_bytree": -0.2974463162394392, "log10_eta": -1.2179056871609446, "log10_lambda": -0.6103014378770002, "log10_min_child_weight": 1.1409658650940675, "log10_subsample": -0.7267534389181187, "max_depth": 9.0, "num_boost_round": 16.0}, "datetime": {"datetime": "2024-01-19 00:52:23", "elapsed": 2450.684114, "delta": 0.002515}}
{"target": -13.811074599673038, "params": {"gamma": 117.92874587640523, "log10_alpha": -0.5213422114179673, "log10_colsample_bytree": -0.2974463162394392, "log10_eta": -1.2179056871609446, "log10_lambda": -0.6103014378770002, "log10_min_child_weight": 1.1409658650940675, "log10_subsample": -0.7267534389181187, "max_depth": 9.0, "num_boost_round": 17.0}, "datetime": {"datetime": "2024-01-19 00:52:23", "elapsed": 2450.686612, "delta": 0.002498}}
{"target": -13.816348702696983, "params": {"gamma": 117.92874587640523, "log10_alpha": -0.5213422114179673, "log10_colsample_bytree": -0.2974463162394392, "log10_eta": -1.2179056871609446, "log10_lambda": -0.6103014378770002, "log10_min_child_weight": 1.1409658650940675, "log10_subsample": -0.7267534389181187, "max_depth": 9.0, "num_boost_round": 18.0}, "datetime": {"datetime": "2024-01-19 00:52:23", "elapsed": 2450.689179, "delta": 0.002567}}
{"target": -13.819169159942826, "params": {"gamma": 117.92874587640523, "log10_alpha": -0.5213422114179673, "log10_colsample_bytree": -0.2974463162394392, "log10_eta": -1.2179056871609446, "log10_lambda": -0.6103014378770002, "log10_min_child_weight": 1.1409658650940675, "log10_subsample": -0.7267534389181187, "max_depth": 9.0, "num_boost_round": 19.0}, "datetime": {"datetime": "2024-01-19 00:52:23", "elapsed": 2450.691819, "delta": 0.00264}}
{"target": -13.82736666240215, "params": {"gamma": 117.92874587640523, "log10_alpha": -0.5213422114179673, "log10_colsample_bytree": -0.2974463162394392, "log10_eta": -1.2179056871609446, "log10_lambda": -0.6103014378770002, "log10_min_child_weight": 1.1409658650940675, "log10_subsample": -0.7267534389181187, "max_depth": 9.0, "num_boost_round": 20.0}, "datetime": {"datetime": "2024-01-19 00:52:23", "elapsed": 2450.694427, "delta": 0.002608}}
{"target": -13.758534519874965, "params": {"gamma": 154.12557815988112, "log10_alpha": 1.0, "log10_colsample_bytree": -1.0, "log10_eta": -4.0, "log10_lambda": -5.0, "log10_min_child_weight": 0.0, "log10_subsample": -1.0, "max_depth": 5.0, "num_boost_round": 0.0}, "datetime": {"datetime": "2024-01-19 00:52:48", "elapsed": 2475.871397, "delta": 25.17697}}
{"target": -13.75853385476552, "params": {"gamma": 154.12557815988112, "log10_alpha": 1.0, "log10_colsample_bytree": -1.0, "log10_eta": -4.0, "log10_lambda": -5.0, "log10_min_child_weight": 0.0, "log10_subsample": -1.0, "max_depth": 5.0, "num_boost_round": 1.0}, "datetime": {"datetime": "2024-01-19 00:52:48", "elapsed": 2475.874712, "delta": 0.003315}}
{"target": -13.758534113752075, "params": {"gamma": 154.12557815988112, "log10_alpha": 1.0, "log10_colsample_bytree": -1.0, "log10_eta": -4.0, "log10_lambda": -5.0, "log10_min_child_weight": 0.0, "log10_subsample": -1.0, "max_depth": 5.0, "num_boost_round": 2.0}, "datetime": {"datetime": "2024-01-19 00:52:48", "elapsed": 2475.877552, "delta": 0.00284}}
{"target": -13.758533516563825, "params": {"gamma": 154.12557815988112, "log10_alpha": 1.0, "log10_colsample_bytree": -1.0, "log10_eta": -4.0, "log10_lambda": -5.0, "log10_min_child_weight": 0.0, "log10_subsample": -1.0, "max_depth": 5.0, "num_boost_round": 3.0}, "datetime": {"datetime": "2024-01-19 00:52:48", "elapsed": 2475.880369, "delta": 0.002817}}
{"target": -13.758531441794315, "params": {"gamma": 154.12557815988112, "log10_alpha": 1.0, "log10_colsample_bytree": -1.0, "log10_eta": -4.0, "log10_lambda": -5.0, "log10_min_child_weight": 0.0, "log10_subsample": -1.0, "max_depth": 5.0, "num_boost_round": 4.0}, "datetime": {"datetime": "2024-01-19 00:52:48", "elapsed": 2476.007027, "delta": 0.126658}}
{"target": -13.758530381589415, "params": {"gamma": 154.12557815988112, "log10_alpha": 1.0, "log10_colsample_bytree": -1.0, "log10_eta": -4.0, "log10_lambda": -5.0, "log10_min_child_weight": 0.0, "log10_subsample": -1.0, "max_depth": 5.0, "num_boost_round": 5.0}, "datetime": {"datetime": "2024-01-19 00:52:48", "elapsed": 2476.010535, "delta": 0.003508}}
{"target": -13.758532899490644, "params": {"gamma": 154.12557815988112, "log10_alpha": 1.0, "log10_colsample_bytree": -1.0, "log10_eta": -4.0, "log10_lambda": -5.0, "log10_min_child_weight": 0.0, "log10_subsample": -1.0, "max_depth": 5.0, "num_boost_round": 6.0}, "datetime": {"datetime": "2024-01-19 00:52:48", "elapsed": 2476.013305, "delta": 0.00277}}
{"target": -13.758532789545251, "params": {"gamma": 154.12557815988112, "log10_alpha": 1.0, "log10_colsample_bytree": -1.0, "log10_eta": -4.0, "log10_lambda": -5.0, "log10_min_child_weight": 0.0, "log10_subsample": -1.0, "max_depth": 5.0, "num_boost_round": 7.0}, "datetime": {"datetime": "2024-01-19 00:52:48", "elapsed": 2476.016263, "delta": 0.002958}}
{"target": -13.75853208762156, "params": {"gamma": 154.12557815988112, "log10_alpha": 1.0, "log10_colsample_bytree": -1.0, "log10_eta": -4.0, "log10_lambda": -5.0, "log10_min_child_weight": 0.0, "log10_subsample": -1.0, "max_depth": 5.0, "num_boost_round": 8.0}, "datetime": {"datetime": "2024-01-19 00:52:48", "elapsed": 2476.019022, "delta": 0.002759}}
{"target": -13.758529349950996, "params": {"gamma": 154.12557815988112, "log10_alpha": 1.0, "log10_colsample_bytree": -1.0, "log10_eta": -4.0, "log10_lambda": -5.0, "log10_min_child_weight": 0.0, "log10_subsample": -1.0, "max_depth": 5.0, "num_boost_round": 9.0}, "datetime": {"datetime": "2024-01-19 00:52:48", "elapsed": 2476.021902, "delta": 0.00288}}
{"target": -13.75852749475956, "params": {"gamma": 154.12557815988112, "log10_alpha": 1.0, "log10_colsample_bytree": -1.0, "log10_eta": -4.0, "log10_lambda": -5.0, "log10_min_child_weight": 0.0, "log10_subsample": -1.0, "max_depth": 5.0, "num_boost_round": 10.0}, "datetime": {"datetime": "2024-01-19 00:52:48", "elapsed": 2476.024635, "delta": 0.002733}}
{"target": -13.758528059862106, "params": {"gamma": 154.12557815988112, "log10_alpha": 1.0, "log10_colsample_bytree": -1.0, "log10_eta": -4.0, "log10_lambda": -5.0, "log10_min_child_weight": 0.0, "log10_subsample": -1.0, "max_depth": 5.0, "num_boost_round": 11.0}, "datetime": {"datetime": "2024-01-19 00:52:48", "elapsed": 2476.027386, "delta": 0.002751}}
{"target": -13.758527105316247, "params": {"gamma": 154.12557815988112, "log10_alpha": 1.0, "log10_colsample_bytree": -1.0, "log10_eta": -4.0, "log10_lambda": -5.0, "log10_min_child_weight": 0.0, "log10_subsample": -1.0, "max_depth": 5.0, "num_boost_round": 12.0}, "datetime": {"datetime": "2024-01-19 00:52:48", "elapsed": 2476.030084, "delta": 0.002698}}
{"target": -13.758523808342156, "params": {"gamma": 154.12557815988112, "log10_alpha": 1.0, "log10_colsample_bytree": -1.0, "log10_eta": -4.0, "log10_lambda": -5.0, "log10_min_child_weight": 0.0, "log10_subsample": -1.0, "max_depth": 5.0, "num_boost_round": 13.0}, "datetime": {"datetime": "2024-01-19 00:52:48", "elapsed": 2476.032799, "delta": 0.002715}}
{"target": -13.75853874517264, "params": {"gamma": 202.37884940137607, "log10_alpha": -5.0, "log10_colsample_bytree": 0.0, "log10_eta": -4.0, "log10_lambda": -3.723618981610464, "log10_min_child_weight": 1.600889534939789, "log10_subsample": -0.25163099369926767, "max_depth": 8.0, "num_boost_round": 0.0}, "datetime": {"datetime": "2024-01-19 00:53:22", "elapsed": 2510.347072, "delta": 34.314273}}
{"target": -13.758537317833165, "params": {"gamma": 202.37884940137607, "log10_alpha": -5.0, "log10_colsample_bytree": 0.0, "log10_eta": -4.0, "log10_lambda": -3.723618981610464, "log10_min_child_weight": 1.600889534939789, "log10_subsample": -0.25163099369926767, "max_depth": 8.0, "num_boost_round": 1.0}, "datetime": {"datetime": "2024-01-19 00:53:22", "elapsed": 2510.351127, "delta": 0.004055}}
{"target": -13.758539410443223, "params": {"gamma": 202.37884940137607, "log10_alpha": -5.0, "log10_colsample_bytree": 0.0, "log10_eta": -4.0, "log10_lambda": -3.723618981610464, "log10_min_child_weight": 1.600889534939789, "log10_subsample": -0.25163099369926767, "max_depth": 8.0, "num_boost_round": 2.0}, "datetime": {"datetime": "2024-01-19 00:53:22", "elapsed": 2510.354038, "delta": 0.002911}}
{"target": -13.758542695707039, "params": {"gamma": 202.37884940137607, "log10_alpha": -5.0, "log10_colsample_bytree": 0.0, "log10_eta": -4.0, "log10_lambda": -3.723618981610464, "log10_min_child_weight": 1.600889534939789, "log10_subsample": -0.25163099369926767, "max_depth": 8.0, "num_boost_round": 3.0}, "datetime": {"datetime": "2024-01-19 00:53:22", "elapsed": 2510.356917, "delta": 0.002879}}
{"target": -13.758540243390897, "params": {"gamma": 202.37884940137607, "log10_alpha": -5.0, "log10_colsample_bytree": 0.0, "log10_eta": -4.0, "log10_lambda": -3.723618981610464, "log10_min_child_weight": 1.600889534939789, "log10_subsample": -0.25163099369926767, "max_depth": 8.0, "num_boost_round": 4.0}, "datetime": {"datetime": "2024-01-19 00:53:22", "elapsed": 2510.35964, "delta": 0.002723}}
{"target": -13.758540795079172, "params": {"gamma": 202.37884940137607, "log10_alpha": -5.0, "log10_colsample_bytree": 0.0, "log10_eta": -4.0, "log10_lambda": -3.723618981610464, "log10_min_child_weight": 1.600889534939789, "log10_subsample": -0.25163099369926767, "max_depth": 8.0, "num_boost_round": 5.0}, "datetime": {"datetime": "2024-01-19 00:53:22", "elapsed": 2510.362476, "delta": 0.002836}}
{"target": -13.758541573143138, "params": {"gamma": 202.37884940137607, "log10_alpha": -5.0, "log10_colsample_bytree": 0.0, "log10_eta": -4.0, "log10_lambda": -3.723618981610464, "log10_min_child_weight": 1.600889534939789, "log10_subsample": -0.25163099369926767, "max_depth": 8.0, "num_boost_round": 6.0}, "datetime": {"datetime": "2024-01-19 00:53:22", "elapsed": 2510.365124, "delta": 0.002648}}
{"target": -13.758537569531184, "params": {"gamma": 202.37884940137607, "log10_alpha": -5.0, "log10_colsample_bytree": 0.0, "log10_eta": -4.0, "log10_lambda": -3.723618981610464, "log10_min_child_weight": 1.600889534939789, "log10_subsample": -0.25163099369926767, "max_depth": 8.0, "num_boost_round": 7.0}, "datetime": {"datetime": "2024-01-19 00:53:22", "elapsed": 2510.367869, "delta": 0.002745}}
{"target": -13.758537988769174, "params": {"gamma": 202.37884940137607, "log10_alpha": -5.0, "log10_colsample_bytree": 0.0, "log10_eta": -4.0, "log10_lambda": -3.723618981610464, "log10_min_child_weight": 1.600889534939789, "log10_subsample": -0.25163099369926767, "max_depth": 8.0, "num_boost_round": 8.0}, "datetime": {"datetime": "2024-01-19 00:53:22", "elapsed": 2510.370674, "delta": 0.002805}}
{"target": -13.75853750899286, "params": {"gamma": 202.37884940137607, "log10_alpha": -5.0, "log10_colsample_bytree": 0.0, "log10_eta": -4.0, "log10_lambda": -3.723618981610464, "log10_min_child_weight": 1.600889534939789, "log10_subsample": -0.25163099369926767, "max_depth": 8.0, "num_boost_round": 9.0}, "datetime": {"datetime": "2024-01-19 00:53:22", "elapsed": 2510.373437, "delta": 0.002763}}
{"target": -13.758620041933138, "params": {"gamma": 131.60343343198332, "log10_alpha": -0.9187491583617486, "log10_colsample_bytree": -0.5272110012486152, "log10_eta": -1.896723913470515, "log10_lambda": -0.6563185617816361, "log10_min_child_weight": 1.1942208581114278, "log10_subsample": -0.8009925519592094, "max_depth": 5.0, "num_boost_round": 0.0}, "datetime": {"datetime": "2024-01-19 00:54:01", "elapsed": 2549.558159, "delta": 39.184722}}
{"target": -13.758072330850979, "params": {"gamma": 131.60343343198332, "log10_alpha": -0.9187491583617486, "log10_colsample_bytree": -0.5272110012486152, "log10_eta": -1.896723913470515, "log10_lambda": -0.6563185617816361, "log10_min_child_weight": 1.1942208581114278, "log10_subsample": -0.8009925519592094, "max_depth": 5.0, "num_boost_round": 1.0}, "datetime": {"datetime": "2024-01-19 00:54:01", "elapsed": 2549.561012, "delta": 0.002853}}
{"target": -13.757747330168351, "params": {"gamma": 131.60343343198332, "log10_alpha": -0.9187491583617486, "log10_colsample_bytree": -0.5272110012486152, "log10_eta": -1.896723913470515, "log10_lambda": -0.6563185617816361, "log10_min_child_weight": 1.1942208581114278, "log10_subsample": -0.8009925519592094, "max_depth": 5.0, "num_boost_round": 2.0}, "datetime": {"datetime": "2024-01-19 00:54:01", "elapsed": 2549.563803, "delta": 0.002791}}
{"target": -13.757669951653044, "params": {"gamma": 131.60343343198332, "log10_alpha": -0.9187491583617486, "log10_colsample_bytree": -0.5272110012486152, "log10_eta": -1.896723913470515, "log10_lambda": -0.6563185617816361, "log10_min_child_weight": 1.1942208581114278, "log10_subsample": -0.8009925519592094, "max_depth": 5.0, "num_boost_round": 3.0}, "datetime": {"datetime": "2024-01-19 00:54:01", "elapsed": 2549.566771, "delta": 0.002968}}
{"target": -13.757586685523993, "params": {"gamma": 131.60343343198332, "log10_alpha": -0.9187491583617486, "log10_colsample_bytree": -0.5272110012486152, "log10_eta": -1.896723913470515, "log10_lambda": -0.6563185617816361, "log10_min_child_weight": 1.1942208581114278, "log10_subsample": -0.8009925519592094, "max_depth": 5.0, "num_boost_round": 4.0}, "datetime": {"datetime": "2024-01-19 00:54:01", "elapsed": 2549.57052, "delta": 0.003749}}
{"target": -13.757575037893472, "params": {"gamma": 131.60343343198332, "log10_alpha": -0.9187491583617486, "log10_colsample_bytree": -0.5272110012486152, "log10_eta": -1.896723913470515, "log10_lambda": -0.6563185617816361, "log10_min_child_weight": 1.1942208581114278, "log10_subsample": -0.8009925519592094, "max_depth": 5.0, "num_boost_round": 5.0}, "datetime": {"datetime": "2024-01-19 00:54:02", "elapsed": 2549.573227, "delta": 0.002707}}
{"target": -13.757292396953602, "params": {"gamma": 131.60343343198332, "log10_alpha": -0.9187491583617486, "log10_colsample_bytree": -0.5272110012486152, "log10_eta": -1.896723913470515, "log10_lambda": -0.6563185617816361, "log10_min_child_weight": 1.1942208581114278, "log10_subsample": -0.8009925519592094, "max_depth": 5.0, "num_boost_round": 6.0}, "datetime": {"datetime": "2024-01-19 00:54:02", "elapsed": 2549.575909, "delta": 0.002682}}
{"target": -13.757279822841536, "params": {"gamma": 131.60343343198332, "log10_alpha": -0.9187491583617486, "log10_colsample_bytree": -0.5272110012486152, "log10_eta": -1.896723913470515, "log10_lambda": -0.6563185617816361, "log10_min_child_weight": 1.1942208581114278, "log10_subsample": -0.8009925519592094, "max_depth": 5.0, "num_boost_round": 7.0}, "datetime": {"datetime": "2024-01-19 00:54:02", "elapsed": 2549.578605, "delta": 0.002696}}
{"target": -13.75723744210823, "params": {"gamma": 131.60343343198332, "log10_alpha": -0.9187491583617486, "log10_colsample_bytree": -0.5272110012486152, "log10_eta": -1.896723913470515, "log10_lambda": -0.6563185617816361, "log10_min_child_weight": 1.1942208581114278, "log10_subsample": -0.8009925519592094, "max_depth": 5.0, "num_boost_round": 8.0}, "datetime": {"datetime": "2024-01-19 00:54:02", "elapsed": 2549.58132, "delta": 0.002715}}
{"target": -13.757132630298006, "params": {"gamma": 131.60343343198332, "log10_alpha": -0.9187491583617486, "log10_colsample_bytree": -0.5272110012486152, "log10_eta": -1.896723913470515, "log10_lambda": -0.6563185617816361, "log10_min_child_weight": 1.1942208581114278, "log10_subsample": -0.8009925519592094, "max_depth": 5.0, "num_boost_round": 9.0}, "datetime": {"datetime": "2024-01-19 00:54:02", "elapsed": 2549.583945, "delta": 0.002625}}
{"target": -13.757306503955693, "params": {"gamma": 131.60343343198332, "log10_alpha": -0.9187491583617486, "log10_colsample_bytree": -0.5272110012486152, "log10_eta": -1.896723913470515, "log10_lambda": -0.6563185617816361, "log10_min_child_weight": 1.1942208581114278, "log10_subsample": -0.8009925519592094, "max_depth": 5.0, "num_boost_round": 10.0}, "datetime": {"datetime": "2024-01-19 00:54:02", "elapsed": 2549.586563, "delta": 0.002618}}
{"target": -13.757205693838406, "params": {"gamma": 131.60343343198332, "log10_alpha": -0.9187491583617486, "log10_colsample_bytree": -0.5272110012486152, "log10_eta": -1.896723913470515, "log10_lambda": -0.6563185617816361, "log10_min_child_weight": 1.1942208581114278, "log10_subsample": -0.8009925519592094, "max_depth": 5.0, "num_boost_round": 11.0}, "datetime": {"datetime": "2024-01-19 00:54:02", "elapsed": 2549.589178, "delta": 0.002615}}
{"target": -13.757416599532132, "params": {"gamma": 131.60343343198332, "log10_alpha": -0.9187491583617486, "log10_colsample_bytree": -0.5272110012486152, "log10_eta": -1.896723913470515, "log10_lambda": -0.6563185617816361, "log10_min_child_weight": 1.1942208581114278, "log10_subsample": -0.8009925519592094, "max_depth": 5.0, "num_boost_round": 12.0}, "datetime": {"datetime": "2024-01-19 00:54:02", "elapsed": 2549.591889, "delta": 0.002711}}
{"target": -13.757835796072559, "params": {"gamma": 131.60343343198332, "log10_alpha": -0.9187491583617486, "log10_colsample_bytree": -0.5272110012486152, "log10_eta": -1.896723913470515, "log10_lambda": -0.6563185617816361, "log10_min_child_weight": 1.1942208581114278, "log10_subsample": -0.8009925519592094, "max_depth": 5.0, "num_boost_round": 13.0}, "datetime": {"datetime": "2024-01-19 00:54:02", "elapsed": 2549.594551, "delta": 0.002662}}
{"target": -13.757804033412832, "params": {"gamma": 131.60343343198332, "log10_alpha": -0.9187491583617486, "log10_colsample_bytree": -0.5272110012486152, "log10_eta": -1.896723913470515, "log10_lambda": -0.6563185617816361, "log10_min_child_weight": 1.1942208581114278, "log10_subsample": -0.8009925519592094, "max_depth": 5.0, "num_boost_round": 14.0}, "datetime": {"datetime": "2024-01-19 00:54:02", "elapsed": 2549.597249, "delta": 0.002698}}
{"target": -13.757380656850154, "params": {"gamma": 131.60343343198332, "log10_alpha": -0.9187491583617486, "log10_colsample_bytree": -0.5272110012486152, "log10_eta": -1.896723913470515, "log10_lambda": -0.6563185617816361, "log10_min_child_weight": 1.1942208581114278, "log10_subsample": -0.8009925519592094, "max_depth": 5.0, "num_boost_round": 15.0}, "datetime": {"datetime": "2024-01-19 00:54:02", "elapsed": 2549.59996, "delta": 0.002711}}
{"target": -13.757336152732435, "params": {"gamma": 131.60343343198332, "log10_alpha": -0.9187491583617486, "log10_colsample_bytree": -0.5272110012486152, "log10_eta": -1.896723913470515, "log10_lambda": -0.6563185617816361, "log10_min_child_weight": 1.1942208581114278, "log10_subsample": -0.8009925519592094, "max_depth": 5.0, "num_boost_round": 16.0}, "datetime": {"datetime": "2024-01-19 00:54:02", "elapsed": 2549.602631, "delta": 0.002671}}
{"target": -13.75696875199032, "params": {"gamma": 131.60343343198332, "log10_alpha": -0.9187491583617486, "log10_colsample_bytree": -0.5272110012486152, "log10_eta": -1.896723913470515, "log10_lambda": -0.6563185617816361, "log10_min_child_weight": 1.1942208581114278, "log10_subsample": -0.8009925519592094, "max_depth": 5.0, "num_boost_round": 17.0}, "datetime": {"datetime": "2024-01-19 00:54:02", "elapsed": 2549.605241, "delta": 0.00261}}
{"target": -13.75748544850392, "params": {"gamma": 131.60343343198332, "log10_alpha": -0.9187491583617486, "log10_colsample_bytree": -0.5272110012486152, "log10_eta": -1.896723913470515, "log10_lambda": -0.6563185617816361, "log10_min_child_weight": 1.1942208581114278, "log10_subsample": -0.8009925519592094, "max_depth": 5.0, "num_boost_round": 18.0}, "datetime": {"datetime": "2024-01-19 00:54:02", "elapsed": 2549.607831, "delta": 0.00259}}
