{"target": -13.758501566197639, "params": {"gamma": 40.495984951620876, "log10_alpha": -4.672669701005551, "log10_colsample_bytree": -0.5587325999156839, "log10_eta": -3.778690226861119, "log10_lambda": -3.3230303495699944, "log10_min_child_weight": 0.016695171482793425, "log10_subsample": -0.2585120686884209, "max_depth": 2.0, "num_boost_round": 28.0}, "datetime": {"datetime": "2024-01-19 01:18:43", "elapsed": 4031.680381, "delta": 0.003811}}
{"target": -13.758500134678933, "params": {"gamma": 40.495984951620876, "log10_alpha": -4.672669701005551, "log10_colsample_bytree": -0.5587325999156839, "log10_eta": -3.778690226861119, "log10_lambda": -3.3230303495699944, "log10_min_child_weight": 0.016695171482793425, "log10_subsample": -0.2585120686884209, "max_depth": 2.0, "num_boost_round": 29.0}, "datetime": {"datetime": "2024-01-19 01:18:43", "elapsed": 4031.684205, "delta": 0.003824}}
{"target": -13.758497175358304, "params": {"gamma": 40.495984951620876, "log10_alpha": -4.672669701005551, "log10_colsample_bytree": -0.5587325999156839, "log10_eta": -3.778690226861119, "log10_lambda": -3.3230303495699944, "log10_min_child_weight": 0.016695171482793425, "log10_subsample": -0.2585120686884209, "max_depth": 2.0, "num_boost_round": 30.0}, "datetime": {"datetime": "2024-01-19 01:18:43", "elapsed": 4031.687978, "delta": 0.003773}}
{"target": -13.758494156378154, "params": {"gamma": 40.495984951620876, "log10_alpha": -4.672669701005551, "log10_colsample_bytree": -0.5587325999156839, "log10_eta": -3.778690226861119, "log10_lambda": -3.3230303495699944, "log10_min_child_weight": 0.016695171482793425, "log10_subsample": -0.2585120686884209, "max_depth": 2.0, "num_boost_round": 31.0}, "datetime": {"datetime": "2024-01-19 01:18:43", "elapsed": 4031.691754, "delta": 0.003776}}
{"target": -13.758492468076083, "params": {"gamma": 40.495984951620876, "log10_alpha": -4.672669701005551, "log10_colsample_bytree": -0.5587325999156839, "log10_eta": -3.778690226861119, "log10_lambda": -3.3230303495699944, "log10_min_child_weight": 0.016695171482793425, "log10_subsample": -0.2585120686884209, "max_depth": 2.0, "num_boost_round": 32.0}, "datetime": {"datetime": "2024-01-19 01:18:43", "elapsed": 4031.695546, "delta": 0.003792}}
{"target": -13.758491750600312, "params": {"gamma": 40.495984951620876, "log10_alpha": -4.672669701005551, "log10_colsample_bytree": -0.5587325999156839, "log10_eta": -3.778690226861119, "log10_lambda": -3.3230303495699944, "log10_min_child_weight": 0.016695171482793425, "log10_subsample": -0.2585120686884209, "max_depth": 2.0, "num_boost_round": 33.0}, "datetime": {"datetime": "2024-01-19 01:18:43", "elapsed": 4031.699432, "delta": 0.003886}}
{"target": -13.758490871927144, "params": {"gamma": 40.495984951620876, "log10_alpha": -4.672669701005551, "log10_colsample_bytree": -0.5587325999156839, "log10_eta": -3.778690226861119, "log10_lambda": -3.3230303495699944, "log10_min_child_weight": 0.016695171482793425, "log10_subsample": -0.2585120686884209, "max_depth": 2.0, "num_boost_round": 34.0}, "datetime": {"datetime": "2024-01-19 01:18:43", "elapsed": 4031.703191, "delta": 0.003759}}
{"target": -13.758490816585294, "params": {"gamma": 40.495984951620876, "log10_alpha": -4.672669701005551, "log10_colsample_bytree": -0.5587325999156839, "log10_eta": -3.778690226861119, "log10_lambda": -3.3230303495699944, "log10_min_child_weight": 0.016695171482793425, "log10_subsample": -0.2585120686884209, "max_depth": 2.0, "num_boost_round": 35.0}, "datetime": {"datetime": "2024-01-19 01:18:43", "elapsed": 4031.706981, "delta": 0.00379}}
{"target": -13.758490154409527, "params": {"gamma": 40.495984951620876, "log10_alpha": -4.672669701005551, "log10_colsample_bytree": -0.5587325999156839, "log10_eta": -3.778690226861119, "log10_lambda": -3.3230303495699944, "log10_min_child_weight": 0.016695171482793425, "log10_subsample": -0.2585120686884209, "max_depth": 2.0, "num_boost_round": 36.0}, "datetime": {"datetime": "2024-01-19 01:18:43", "elapsed": 4031.711579, "delta": 0.004598}}
{"target": -13.758537585849753, "params": {"gamma": 38.70906403445329, "log10_alpha": -4.12752248016038, "log10_colsample_bytree": -0.157335177729803, "log10_eta": -3.765178880525746, "log10_lambda": -4.994081398362967, "log10_min_child_weight": 4.932665093626001, "log10_subsample": -0.30618670721108354, "max_depth": 9.0, "num_boost_round": 0.0}, "datetime": {"datetime": "2024-01-19 01:19:43", "elapsed": 4091.896793, "delta": 60.185214}}
{"target": -13.758537221044106, "params": {"gamma": 38.70906403445329, "log10_alpha": -4.12752248016038, "log10_colsample_bytree": -0.157335177729803, "log10_eta": -3.765178880525746, "log10_lambda": -4.994081398362967, "log10_min_child_weight": 4.932665093626001, "log10_subsample": -0.30618670721108354, "max_depth": 9.0, "num_boost_round": 1.0}, "datetime": {"datetime": "2024-01-19 01:19:43", "elapsed": 4091.901785, "delta": 0.004992}}
{"target": -13.75853689461168, "params": {"gamma": 38.70906403445329, "log10_alpha": -4.12752248016038, "log10_colsample_bytree": -0.157335177729803, "log10_eta": -3.765178880525746, "log10_lambda": -4.994081398362967, "log10_min_child_weight": 4.932665093626001, "log10_subsample": -0.30618670721108354, "max_depth": 9.0, "num_boost_round": 2.0}, "datetime": {"datetime": "2024-01-19 01:19:43", "elapsed": 4091.905621, "delta": 0.003836}}
{"target": -13.758536287932527, "params": {"gamma": 38.70906403445329, "log10_alpha": -4.12752248016038, "log10_colsample_bytree": -0.157335177729803, "log10_eta": -3.765178880525746, "log10_lambda": -4.994081398362967, "log10_min_child_weight": 4.932665093626001, "log10_subsample": -0.30618670721108354, "max_depth": 9.0, "num_boost_round": 3.0}, "datetime": {"datetime": "2024-01-19 01:19:43", "elapsed": 4091.909565, "delta": 0.003944}}
{"target": -13.758536358352854, "params": {"gamma": 38.70906403445329, "log10_alpha": -4.12752248016038, "log10_colsample_bytree": -0.157335177729803, "log10_eta": -3.765178880525746, "log10_lambda": -4.994081398362967, "log10_min_child_weight": 4.932665093626001, "log10_subsample": -0.30618670721108354, "max_depth": 9.0, "num_boost_round": 4.0}, "datetime": {"datetime": "2024-01-19 01:19:43", "elapsed": 4091.913416, "delta": 0.003851}}
{"target": -13.758536013358425, "params": {"gamma": 38.70906403445329, "log10_alpha": -4.12752248016038, "log10_colsample_bytree": -0.157335177729803, "log10_eta": -3.765178880525746, "log10_lambda": -4.994081398362967, "log10_min_child_weight": 4.932665093626001, "log10_subsample": -0.30618670721108354, "max_depth": 9.0, "num_boost_round": 5.0}, "datetime": {"datetime": "2024-01-19 01:19:43", "elapsed": 4091.917227, "delta": 0.003811}}
{"target": -13.75853575073302, "params": {"gamma": 38.70906403445329, "log10_alpha": -4.12752248016038, "log10_colsample_bytree": -0.157335177729803, "log10_eta": -3.765178880525746, "log10_lambda": -4.994081398362967, "log10_min_child_weight": 4.932665093626001, "log10_subsample": -0.30618670721108354, "max_depth": 9.0, "num_boost_round": 6.0}, "datetime": {"datetime": "2024-01-19 01:19:43", "elapsed": 4091.920966, "delta": 0.003739}}
{"target": -13.758535729318474, "params": {"gamma": 38.70906403445329, "log10_alpha": -4.12752248016038, "log10_colsample_bytree": -0.157335177729803, "log10_eta": -3.765178880525746, "log10_lambda": -4.994081398362967, "log10_min_child_weight": 4.932665093626001, "log10_subsample": -0.30618670721108354, "max_depth": 9.0, "num_boost_round": 7.0}, "datetime": {"datetime": "2024-01-19 01:19:43", "elapsed": 4091.924722, "delta": 0.003756}}
{"target": -13.758535437046513, "params": {"gamma": 38.70906403445329, "log10_alpha": -4.12752248016038, "log10_colsample_bytree": -0.157335177729803, "log10_eta": -3.765178880525746, "log10_lambda": -4.994081398362967, "log10_min_child_weight": 4.932665093626001, "log10_subsample": -0.30618670721108354, "max_depth": 9.0, "num_boost_round": 8.0}, "datetime": {"datetime": "2024-01-19 01:19:43", "elapsed": 4091.928603, "delta": 0.003881}}
{"target": -13.75853503536706, "params": {"gamma": 38.70906403445329, "log10_alpha": -4.12752248016038, "log10_colsample_bytree": -0.157335177729803, "log10_eta": -3.765178880525746, "log10_lambda": -4.994081398362967, "log10_min_child_weight": 4.932665093626001, "log10_subsample": -0.30618670721108354, "max_depth": 9.0, "num_boost_round": 9.0}, "datetime": {"datetime": "2024-01-19 01:19:43", "elapsed": 4091.932482, "delta": 0.003879}}
{"target": -13.758534743642178, "params": {"gamma": 38.70906403445329, "log10_alpha": -4.12752248016038, "log10_colsample_bytree": -0.157335177729803, "log10_eta": -3.765178880525746, "log10_lambda": -4.994081398362967, "log10_min_child_weight": 4.932665093626001, "log10_subsample": -0.30618670721108354, "max_depth": 9.0, "num_boost_round": 10.0}, "datetime": {"datetime": "2024-01-19 01:19:43", "elapsed": 4091.936378, "delta": 0.003896}}
{"target": -13.758534576923426, "params": {"gamma": 38.70906403445329, "log10_alpha": -4.12752248016038, "log10_colsample_bytree": -0.157335177729803, "log10_eta": -3.765178880525746, "log10_lambda": -4.994081398362967, "log10_min_child_weight": 4.932665093626001, "log10_subsample": -0.30618670721108354, "max_depth": 9.0, "num_boost_round": 11.0}, "datetime": {"datetime": "2024-01-19 01:19:43", "elapsed": 4091.940181, "delta": 0.003803}}
{"target": -13.75853434907094, "params": {"gamma": 38.70906403445329, "log10_alpha": -4.12752248016038, "log10_colsample_bytree": -0.157335177729803, "log10_eta": -3.765178880525746, "log10_lambda": -4.994081398362967, "log10_min_child_weight": 4.932665093626001, "log10_subsample": -0.30618670721108354, "max_depth": 9.0, "num_boost_round": 12.0}, "datetime": {"datetime": "2024-01-19 01:19:43", "elapsed": 4091.944002, "delta": 0.003821}}
{"target": -13.758534129073418, "params": {"gamma": 38.70906403445329, "log10_alpha": -4.12752248016038, "log10_colsample_bytree": -0.157335177729803, "log10_eta": -3.765178880525746, "log10_lambda": -4.994081398362967, "log10_min_child_weight": 4.932665093626001, "log10_subsample": -0.30618670721108354, "max_depth": 9.0, "num_boost_round": 13.0}, "datetime": {"datetime": "2024-01-19 01:19:43", "elapsed": 4091.947811, "delta": 0.003809}}
{"target": -13.758533837974174, "params": {"gamma": 38.70906403445329, "log10_alpha": -4.12752248016038, "log10_colsample_bytree": -0.157335177729803, "log10_eta": -3.765178880525746, "log10_lambda": -4.994081398362967, "log10_min_child_weight": 4.932665093626001, "log10_subsample": -0.30618670721108354, "max_depth": 9.0, "num_boost_round": 14.0}, "datetime": {"datetime": "2024-01-19 01:19:43", "elapsed": 4091.951677, "delta": 0.003866}}
{"target": -13.758532682984201, "params": {"gamma": 38.70906403445329, "log10_alpha": -4.12752248016038, "log10_colsample_bytree": -0.157335177729803, "log10_eta": -3.765178880525746, "log10_lambda": -4.994081398362967, "log10_min_child_weight": 4.932665093626001, "log10_subsample": -0.30618670721108354, "max_depth": 9.0, "num_boost_round": 15.0}, "datetime": {"datetime": "2024-01-19 01:19:43", "elapsed": 4091.955576, "delta": 0.003899}}
{"target": -13.75853310244725, "params": {"gamma": 39.57352132460634, "log10_alpha": -0.09757728290449119, "log10_colsample_bytree": -0.8962426243074252, "log10_eta": -2.990912285112566, "log10_lambda": -2.354225905350703, "log10_min_child_weight": 4.364123813582628, "log10_subsample": -0.0633829868451411, "max_depth": 4.0, "num_boost_round": 0.0}, "datetime": {"datetime": "2024-01-19 01:20:56", "elapsed": 4164.667491, "delta": 72.711915}}
{"target": -13.758530133128403, "params": {"gamma": 39.57352132460634, "log10_alpha": -0.09757728290449119, "log10_colsample_bytree": -0.8962426243074252, "log10_eta": -2.990912285112566, "log10_lambda": -2.354225905350703, "log10_min_child_weight": 4.364123813582628, "log10_subsample": -0.0633829868451411, "max_depth": 4.0, "num_boost_round": 1.0}, "datetime": {"datetime": "2024-01-19 01:20:56", "elapsed": 4164.671985, "delta": 0.004494}}
{"target": -13.758538376910593, "params": {"gamma": 39.57352132460634, "log10_alpha": -0.09757728290449119, "log10_colsample_bytree": -0.8962426243074252, "log10_eta": -2.990912285112566, "log10_lambda": -2.354225905350703, "log10_min_child_weight": 4.364123813582628, "log10_subsample": -0.0633829868451411, "max_depth": 4.0, "num_boost_round": 2.0}, "datetime": {"datetime": "2024-01-19 01:20:56", "elapsed": 4164.676119, "delta": 0.004134}}
{"target": -13.75853715263735, "params": {"gamma": 39.57352132460634, "log10_alpha": -0.09757728290449119, "log10_colsample_bytree": -0.8962426243074252, "log10_eta": -2.990912285112566, "log10_lambda": -2.354225905350703, "log10_min_child_weight": 4.364123813582628, "log10_subsample": -0.0633829868451411, "max_depth": 4.0, "num_boost_round": 3.0}, "datetime": {"datetime": "2024-01-19 01:20:56", "elapsed": 4164.680106, "delta": 0.003987}}
{"target": -13.75853064081323, "params": {"gamma": 39.57352132460634, "log10_alpha": -0.09757728290449119, "log10_colsample_bytree": -0.8962426243074252, "log10_eta": -2.990912285112566, "log10_lambda": -2.354225905350703, "log10_min_child_weight": 4.364123813582628, "log10_subsample": -0.0633829868451411, "max_depth": 4.0, "num_boost_round": 4.0}, "datetime": {"datetime": "2024-01-19 01:20:56", "elapsed": 4164.683988, "delta": 0.003882}}
{"target": -13.758523883087001, "params": {"gamma": 39.57352132460634, "log10_alpha": -0.09757728290449119, "log10_colsample_bytree": -0.8962426243074252, "log10_eta": -2.990912285112566, "log10_lambda": -2.354225905350703, "log10_min_child_weight": 4.364123813582628, "log10_subsample": -0.0633829868451411, "max_depth": 4.0, "num_boost_round": 5.0}, "datetime": {"datetime": "2024-01-19 01:20:56", "elapsed": 4164.687838, "delta": 0.00385}}
{"target": -13.758527229452483, "params": {"gamma": 39.57352132460634, "log10_alpha": -0.09757728290449119, "log10_colsample_bytree": -0.8962426243074252, "log10_eta": -2.990912285112566, "log10_lambda": -2.354225905350703, "log10_min_child_weight": 4.364123813582628, "log10_subsample": -0.0633829868451411, "max_depth": 4.0, "num_boost_round": 6.0}, "datetime": {"datetime": "2024-01-19 01:20:56", "elapsed": 4164.691808, "delta": 0.00397}}
{"target": -13.758521350196844, "params": {"gamma": 39.57352132460634, "log10_alpha": -0.09757728290449119, "log10_colsample_bytree": -0.8962426243074252, "log10_eta": -2.990912285112566, "log10_lambda": -2.354225905350703, "log10_min_child_weight": 4.364123813582628, "log10_subsample": -0.0633829868451411, "max_depth": 4.0, "num_boost_round": 7.0}, "datetime": {"datetime": "2024-01-19 01:20:56", "elapsed": 4164.69573, "delta": 0.003922}}
{"target": -13.758521708332768, "params": {"gamma": 39.57352132460634, "log10_alpha": -0.09757728290449119, "log10_colsample_bytree": -0.8962426243074252, "log10_eta": -2.990912285112566, "log10_lambda": -2.354225905350703, "log10_min_child_weight": 4.364123813582628, "log10_subsample": -0.0633829868451411, "max_depth": 4.0, "num_boost_round": 8.0}, "datetime": {"datetime": "2024-01-19 01:20:56", "elapsed": 4164.699738, "delta": 0.004008}}
{"target": -13.75851775606962, "params": {"gamma": 39.57352132460634, "log10_alpha": -0.09757728290449119, "log10_colsample_bytree": -0.8962426243074252, "log10_eta": -2.990912285112566, "log10_lambda": -2.354225905350703, "log10_min_child_weight": 4.364123813582628, "log10_subsample": -0.0633829868451411, "max_depth": 4.0, "num_boost_round": 9.0}, "datetime": {"datetime": "2024-01-19 01:20:56", "elapsed": 4164.703665, "delta": 0.003927}}
{"target": -13.758507504180457, "params": {"gamma": 39.57352132460634, "log10_alpha": -0.09757728290449119, "log10_colsample_bytree": -0.8962426243074252, "log10_eta": -2.990912285112566, "log10_lambda": -2.354225905350703, "log10_min_child_weight": 4.364123813582628, "log10_subsample": -0.0633829868451411, "max_depth": 4.0, "num_boost_round": 10.0}, "datetime": {"datetime": "2024-01-19 01:20:56", "elapsed": 4164.707579, "delta": 0.003914}}
{"target": -13.75850505600621, "params": {"gamma": 39.57352132460634, "log10_alpha": -0.09757728290449119, "log10_colsample_bytree": -0.8962426243074252, "log10_eta": -2.990912285112566, "log10_lambda": -2.354225905350703, "log10_min_child_weight": 4.364123813582628, "log10_subsample": -0.0633829868451411, "max_depth": 4.0, "num_boost_round": 11.0}, "datetime": {"datetime": "2024-01-19 01:20:56", "elapsed": 4164.711532, "delta": 0.003953}}
{"target": -13.758509422105192, "params": {"gamma": 39.57352132460634, "log10_alpha": -0.09757728290449119, "log10_colsample_bytree": -0.8962426243074252, "log10_eta": -2.990912285112566, "log10_lambda": -2.354225905350703, "log10_min_child_weight": 4.364123813582628, "log10_subsample": -0.0633829868451411, "max_depth": 4.0, "num_boost_round": 12.0}, "datetime": {"datetime": "2024-01-19 01:20:56", "elapsed": 4164.715468, "delta": 0.003936}}
{"target": -13.758500767442465, "params": {"gamma": 39.57352132460634, "log10_alpha": -0.09757728290449119, "log10_colsample_bytree": -0.8962426243074252, "log10_eta": -2.990912285112566, "log10_lambda": -2.354225905350703, "log10_min_child_weight": 4.364123813582628, "log10_subsample": -0.0633829868451411, "max_depth": 4.0, "num_boost_round": 13.0}, "datetime": {"datetime": "2024-01-19 01:20:56", "elapsed": 4164.719412, "delta": 0.003944}}
{"target": -13.758491659226978, "params": {"gamma": 39.57352132460634, "log10_alpha": -0.09757728290449119, "log10_colsample_bytree": -0.8962426243074252, "log10_eta": -2.990912285112566, "log10_lambda": -2.354225905350703, "log10_min_child_weight": 4.364123813582628, "log10_subsample": -0.0633829868451411, "max_depth": 4.0, "num_boost_round": 14.0}, "datetime": {"datetime": "2024-01-19 01:20:56", "elapsed": 4164.723319, "delta": 0.003907}}
{"target": -13.758469590148643, "params": {"gamma": 39.57352132460634, "log10_alpha": -0.09757728290449119, "log10_colsample_bytree": -0.8962426243074252, "log10_eta": -2.990912285112566, "log10_lambda": -2.354225905350703, "log10_min_child_weight": 4.364123813582628, "log10_subsample": -0.0633829868451411, "max_depth": 4.0, "num_boost_round": 15.0}, "datetime": {"datetime": "2024-01-19 01:20:56", "elapsed": 4164.727298, "delta": 0.003979}}
{"target": -13.758470144596538, "params": {"gamma": 39.57352132460634, "log10_alpha": -0.09757728290449119, "log10_colsample_bytree": -0.8962426243074252, "log10_eta": -2.990912285112566, "log10_lambda": -2.354225905350703, "log10_min_child_weight": 4.364123813582628, "log10_subsample": -0.0633829868451411, "max_depth": 4.0, "num_boost_round": 16.0}, "datetime": {"datetime": "2024-01-19 01:20:56", "elapsed": 4164.731228, "delta": 0.00393}}
{"target": -13.758452147446175, "params": {"gamma": 39.57352132460634, "log10_alpha": -0.09757728290449119, "log10_colsample_bytree": -0.8962426243074252, "log10_eta": -2.990912285112566, "log10_lambda": -2.354225905350703, "log10_min_child_weight": 4.364123813582628, "log10_subsample": -0.0633829868451411, "max_depth": 4.0, "num_boost_round": 17.0}, "datetime": {"datetime": "2024-01-19 01:20:56", "elapsed": 4164.735136, "delta": 0.003908}}
{"target": -13.758448971419671, "params": {"gamma": 39.57352132460634, "log10_alpha": -0.09757728290449119, "log10_colsample_bytree": -0.8962426243074252, "log10_eta": -2.990912285112566, "log10_lambda": -2.354225905350703, "log10_min_child_weight": 4.364123813582628, "log10_subsample": -0.0633829868451411, "max_depth": 4.0, "num_boost_round": 18.0}, "datetime": {"datetime": "2024-01-19 01:20:56", "elapsed": 4164.739066, "delta": 0.00393}}
{"target": -13.758448567978562, "params": {"gamma": 39.57352132460634, "log10_alpha": -0.09757728290449119, "log10_colsample_bytree": -0.8962426243074252, "log10_eta": -2.990912285112566, "log10_lambda": -2.354225905350703, "log10_min_child_weight": 4.364123813582628, "log10_subsample": -0.0633829868451411, "max_depth": 4.0, "num_boost_round": 19.0}, "datetime": {"datetime": "2024-01-19 01:20:56", "elapsed": 4164.743053, "delta": 0.003987}}
{"target": -13.75845779119313, "params": {"gamma": 39.57352132460634, "log10_alpha": -0.09757728290449119, "log10_colsample_bytree": -0.8962426243074252, "log10_eta": -2.990912285112566, "log10_lambda": -2.354225905350703, "log10_min_child_weight": 4.364123813582628, "log10_subsample": -0.0633829868451411, "max_depth": 4.0, "num_boost_round": 20.0}, "datetime": {"datetime": "2024-01-19 01:20:56", "elapsed": 4164.747088, "delta": 0.004035}}
{"target": -13.758463962494327, "params": {"gamma": 39.57352132460634, "log10_alpha": -0.09757728290449119, "log10_colsample_bytree": -0.8962426243074252, "log10_eta": -2.990912285112566, "log10_lambda": -2.354225905350703, "log10_min_child_weight": 4.364123813582628, "log10_subsample": -0.0633829868451411, "max_depth": 4.0, "num_boost_round": 21.0}, "datetime": {"datetime": "2024-01-19 01:20:56", "elapsed": 4164.751069, "delta": 0.003981}}
{"target": -13.75846835280095, "params": {"gamma": 39.57352132460634, "log10_alpha": -0.09757728290449119, "log10_colsample_bytree": -0.8962426243074252, "log10_eta": -2.990912285112566, "log10_lambda": -2.354225905350703, "log10_min_child_weight": 4.364123813582628, "log10_subsample": -0.0633829868451411, "max_depth": 4.0, "num_boost_round": 22.0}, "datetime": {"datetime": "2024-01-19 01:20:56", "elapsed": 4164.755007, "delta": 0.003938}}
{"target": -13.758470965446792, "params": {"gamma": 39.57352132460634, "log10_alpha": -0.09757728290449119, "log10_colsample_bytree": -0.8962426243074252, "log10_eta": -2.990912285112566, "log10_lambda": -2.354225905350703, "log10_min_child_weight": 4.364123813582628, "log10_subsample": -0.0633829868451411, "max_depth": 4.0, "num_boost_round": 23.0}, "datetime": {"datetime": "2024-01-19 01:20:56", "elapsed": 4164.758945, "delta": 0.003938}}
