{"target": -17.67722530507074, "params": {"gamma": 436.1468162239551, "log10_alpha": -4.991078236865705, "log10_colsample_bytree": -0.2590619078486813, "log10_eta": -3.996921118282795, "log10_lambda": -3.321686383322283, "log10_min_child_weight": 4.0656389058479885, "log10_subsample": -0.40214882627740245, "max_depth": 7.0, "num_boost_round": 11.0}, "datetime": {"datetime": "2024-01-19 00:22:16", "elapsed": 628.868978, "delta": 0.001375}}
{"target": -17.677224793002438, "params": {"gamma": 436.1468162239551, "log10_alpha": -4.991078236865705, "log10_colsample_bytree": -0.2590619078486813, "log10_eta": -3.996921118282795, "log10_lambda": -3.321686383322283, "log10_min_child_weight": 4.0656389058479885, "log10_subsample": -0.40214882627740245, "max_depth": 7.0, "num_boost_round": 12.0}, "datetime": {"datetime": "2024-01-19 00:22:16", "elapsed": 628.870425, "delta": 0.001447}}
{"target": -17.677226919488326, "params": {"gamma": 436.1468162239551, "log10_alpha": -4.991078236865705, "log10_colsample_bytree": -0.2590619078486813, "log10_eta": -3.996921118282795, "log10_lambda": -3.321686383322283, "log10_min_child_weight": 4.0656389058479885, "log10_subsample": -0.40214882627740245, "max_depth": 7.0, "num_boost_round": 13.0}, "datetime": {"datetime": "2024-01-19 00:22:16", "elapsed": 628.871778, "delta": 0.001353}}
{"target": -17.67722749717499, "params": {"gamma": 436.1468162239551, "log10_alpha": -4.991078236865705, "log10_colsample_bytree": -0.2590619078486813, "log10_eta": -3.996921118282795, "log10_lambda": -3.321686383322283, "log10_min_child_weight": 4.0656389058479885, "log10_subsample": -0.40214882627740245, "max_depth": 7.0, "num_boost_round": 14.0}, "datetime": {"datetime": "2024-01-19 00:22:16", "elapsed": 628.873144, "delta": 0.001366}}
{"target": -17.677225949345065, "params": {"gamma": 436.1468162239551, "log10_alpha": -4.991078236865705, "log10_colsample_bytree": -0.2590619078486813, "log10_eta": -3.996921118282795, "log10_lambda": -3.321686383322283, "log10_min_child_weight": 4.0656389058479885, "log10_subsample": -0.40214882627740245, "max_depth": 7.0, "num_boost_round": 15.0}, "datetime": {"datetime": "2024-01-19 00:22:16", "elapsed": 628.874498, "delta": 0.001354}}
{"target": -17.677226459984695, "params": {"gamma": 436.1468162239551, "log10_alpha": -4.991078236865705, "log10_colsample_bytree": -0.2590619078486813, "log10_eta": -3.996921118282795, "log10_lambda": -3.321686383322283, "log10_min_child_weight": 4.0656389058479885, "log10_subsample": -0.40214882627740245, "max_depth": 7.0, "num_boost_round": 16.0}, "datetime": {"datetime": "2024-01-19 00:22:16", "elapsed": 628.875856, "delta": 0.001358}}
{"target": -17.677224893715998, "params": {"gamma": 436.1468162239551, "log10_alpha": -4.991078236865705, "log10_colsample_bytree": -0.2590619078486813, "log10_eta": -3.996921118282795, "log10_lambda": -3.321686383322283, "log10_min_child_weight": 4.0656389058479885, "log10_subsample": -0.40214882627740245, "max_depth": 7.0, "num_boost_round": 17.0}, "datetime": {"datetime": "2024-01-19 00:22:16", "elapsed": 628.877221, "delta": 0.001365}}
{"target": -17.677224364536436, "params": {"gamma": 436.1468162239551, "log10_alpha": -4.991078236865705, "log10_colsample_bytree": -0.2590619078486813, "log10_eta": -3.996921118282795, "log10_lambda": -3.321686383322283, "log10_min_child_weight": 4.0656389058479885, "log10_subsample": -0.40214882627740245, "max_depth": 7.0, "num_boost_round": 18.0}, "datetime": {"datetime": "2024-01-19 00:22:16", "elapsed": 628.878595, "delta": 0.001374}}
{"target": -17.677221152984167, "params": {"gamma": 436.1468162239551, "log10_alpha": -4.991078236865705, "log10_colsample_bytree": -0.2590619078486813, "log10_eta": -3.996921118282795, "log10_lambda": -3.321686383322283, "log10_min_child_weight": 4.0656389058479885, "log10_subsample": -0.40214882627740245, "max_depth": 7.0, "num_boost_round": 19.0}, "datetime": {"datetime": "2024-01-19 00:22:16", "elapsed": 628.879978, "delta": 0.001383}}
{"target": -17.677220530299383, "params": {"gamma": 436.1468162239551, "log10_alpha": -4.991078236865705, "log10_colsample_bytree": -0.2590619078486813, "log10_eta": -3.996921118282795, "log10_lambda": -3.321686383322283, "log10_min_child_weight": 4.0656389058479885, "log10_subsample": -0.40214882627740245, "max_depth": 7.0, "num_boost_round": 20.0}, "datetime": {"datetime": "2024-01-19 00:22:16", "elapsed": 628.881428, "delta": 0.00145}}
{"target": -17.677219659741176, "params": {"gamma": 436.1468162239551, "log10_alpha": -4.991078236865705, "log10_colsample_bytree": -0.2590619078486813, "log10_eta": -3.996921118282795, "log10_lambda": -3.321686383322283, "log10_min_child_weight": 4.0656389058479885, "log10_subsample": -0.40214882627740245, "max_depth": 7.0, "num_boost_round": 21.0}, "datetime": {"datetime": "2024-01-19 00:22:16", "elapsed": 628.882789, "delta": 0.001361}}
{"target": -17.677216344821545, "params": {"gamma": 436.1468162239551, "log10_alpha": -4.991078236865705, "log10_colsample_bytree": -0.2590619078486813, "log10_eta": -3.996921118282795, "log10_lambda": -3.321686383322283, "log10_min_child_weight": 4.0656389058479885, "log10_subsample": -0.40214882627740245, "max_depth": 7.0, "num_boost_round": 22.0}, "datetime": {"datetime": "2024-01-19 00:22:16", "elapsed": 628.884156, "delta": 0.001367}}
{"target": -17.67721628714257, "params": {"gamma": 436.1468162239551, "log10_alpha": -4.991078236865705, "log10_colsample_bytree": -0.2590619078486813, "log10_eta": -3.996921118282795, "log10_lambda": -3.321686383322283, "log10_min_child_weight": 4.0656389058479885, "log10_subsample": -0.40214882627740245, "max_depth": 7.0, "num_boost_round": 23.0}, "datetime": {"datetime": "2024-01-19 00:22:16", "elapsed": 628.885515, "delta": 0.001359}}
{"target": -17.677215624586516, "params": {"gamma": 436.1468162239551, "log10_alpha": -4.991078236865705, "log10_colsample_bytree": -0.2590619078486813, "log10_eta": -3.996921118282795, "log10_lambda": -3.321686383322283, "log10_min_child_weight": 4.0656389058479885, "log10_subsample": -0.40214882627740245, "max_depth": 7.0, "num_boost_round": 24.0}, "datetime": {"datetime": "2024-01-19 00:22:16", "elapsed": 628.886917, "delta": 0.001402}}
{"target": -17.677214367276424, "params": {"gamma": 436.1468162239551, "log10_alpha": -4.991078236865705, "log10_colsample_bytree": -0.2590619078486813, "log10_eta": -3.996921118282795, "log10_lambda": -3.321686383322283, "log10_min_child_weight": 4.0656389058479885, "log10_subsample": -0.40214882627740245, "max_depth": 7.0, "num_boost_round": 25.0}, "datetime": {"datetime": "2024-01-19 00:22:16", "elapsed": 628.888306, "delta": 0.001389}}
{"target": -17.677213772814937, "params": {"gamma": 436.1468162239551, "log10_alpha": -4.991078236865705, "log10_colsample_bytree": -0.2590619078486813, "log10_eta": -3.996921118282795, "log10_lambda": -3.321686383322283, "log10_min_child_weight": 4.0656389058479885, "log10_subsample": -0.40214882627740245, "max_depth": 7.0, "num_boost_round": 26.0}, "datetime": {"datetime": "2024-01-19 00:22:16", "elapsed": 628.889669, "delta": 0.001363}}
{"target": -17.677212542788087, "params": {"gamma": 436.1468162239551, "log10_alpha": -4.991078236865705, "log10_colsample_bytree": -0.2590619078486813, "log10_eta": -3.996921118282795, "log10_lambda": -3.321686383322283, "log10_min_child_weight": 4.0656389058479885, "log10_subsample": -0.40214882627740245, "max_depth": 7.0, "num_boost_round": 27.0}, "datetime": {"datetime": "2024-01-19 00:22:16", "elapsed": 628.891153, "delta": 0.001484}}
{"target": -17.677213236489916, "params": {"gamma": 436.1468162239551, "log10_alpha": -4.991078236865705, "log10_colsample_bytree": -0.2590619078486813, "log10_eta": -3.996921118282795, "log10_lambda": -3.321686383322283, "log10_min_child_weight": 4.0656389058479885, "log10_subsample": -0.40214882627740245, "max_depth": 7.0, "num_boost_round": 28.0}, "datetime": {"datetime": "2024-01-19 00:22:16", "elapsed": 628.892541, "delta": 0.001388}}
{"target": -17.677210858624374, "params": {"gamma": 436.1468162239551, "log10_alpha": -4.991078236865705, "log10_colsample_bytree": -0.2590619078486813, "log10_eta": -3.996921118282795, "log10_lambda": -3.321686383322283, "log10_min_child_weight": 4.0656389058479885, "log10_subsample": -0.40214882627740245, "max_depth": 7.0, "num_boost_round": 29.0}, "datetime": {"datetime": "2024-01-19 00:22:16", "elapsed": 628.893917, "delta": 0.001376}}
{"target": -17.677209450203282, "params": {"gamma": 436.1468162239551, "log10_alpha": -4.991078236865705, "log10_colsample_bytree": -0.2590619078486813, "log10_eta": -3.996921118282795, "log10_lambda": -3.321686383322283, "log10_min_child_weight": 4.0656389058479885, "log10_subsample": -0.40214882627740245, "max_depth": 7.0, "num_boost_round": 30.0}, "datetime": {"datetime": "2024-01-19 00:22:16", "elapsed": 628.895305, "delta": 0.001388}}
{"target": -17.677208782961294, "params": {"gamma": 436.1468162239551, "log10_alpha": -4.991078236865705, "log10_colsample_bytree": -0.2590619078486813, "log10_eta": -3.996921118282795, "log10_lambda": -3.321686383322283, "log10_min_child_weight": 4.0656389058479885, "log10_subsample": -0.40214882627740245, "max_depth": 7.0, "num_boost_round": 31.0}, "datetime": {"datetime": "2024-01-19 00:22:16", "elapsed": 628.896682, "delta": 0.001377}}
{"target": -17.677210004580907, "params": {"gamma": 436.1468162239551, "log10_alpha": -4.991078236865705, "log10_colsample_bytree": -0.2590619078486813, "log10_eta": -3.996921118282795, "log10_lambda": -3.321686383322283, "log10_min_child_weight": 4.0656389058479885, "log10_subsample": -0.40214882627740245, "max_depth": 7.0, "num_boost_round": 32.0}, "datetime": {"datetime": "2024-01-19 00:22:16", "elapsed": 628.898066, "delta": 0.001384}}
{"target": -17.677211203641797, "params": {"gamma": 436.1468162239551, "log10_alpha": -4.991078236865705, "log10_colsample_bytree": -0.2590619078486813, "log10_eta": -3.996921118282795, "log10_lambda": -3.321686383322283, "log10_min_child_weight": 4.0656389058479885, "log10_subsample": -0.40214882627740245, "max_depth": 7.0, "num_boost_round": 33.0}, "datetime": {"datetime": "2024-01-19 00:22:16", "elapsed": 628.899476, "delta": 0.00141}}
{"target": -17.67720792970166, "params": {"gamma": 436.1468162239551, "log10_alpha": -4.991078236865705, "log10_colsample_bytree": -0.2590619078486813, "log10_eta": -3.996921118282795, "log10_lambda": -3.321686383322283, "log10_min_child_weight": 4.0656389058479885, "log10_subsample": -0.40214882627740245, "max_depth": 7.0, "num_boost_round": 34.0}, "datetime": {"datetime": "2024-01-19 00:22:16", "elapsed": 628.900853, "delta": 0.001377}}
{"target": -17.6772106988417, "params": {"gamma": 436.1468162239551, "log10_alpha": -4.991078236865705, "log10_colsample_bytree": -0.2590619078486813, "log10_eta": -3.996921118282795, "log10_lambda": -3.321686383322283, "log10_min_child_weight": 4.0656389058479885, "log10_subsample": -0.40214882627740245, "max_depth": 7.0, "num_boost_round": 35.0}, "datetime": {"datetime": "2024-01-19 00:22:16", "elapsed": 628.9024, "delta": 0.001547}}
{"target": -17.677211099763646, "params": {"gamma": 436.1468162239551, "log10_alpha": -4.991078236865705, "log10_colsample_bytree": -0.2590619078486813, "log10_eta": -3.996921118282795, "log10_lambda": -3.321686383322283, "log10_min_child_weight": 4.0656389058479885, "log10_subsample": -0.40214882627740245, "max_depth": 7.0, "num_boost_round": 36.0}, "datetime": {"datetime": "2024-01-19 00:22:16", "elapsed": 628.903928, "delta": 0.001528}}
{"target": -17.67717322996599, "params": {"gamma": 430.5835291336506, "log10_alpha": -3.0641743860578696, "log10_colsample_bytree": -0.8076501359186942, "log10_eta": -2.6570347720264778, "log10_lambda": 0.4542312464256435, "log10_min_child_weight": 3.9256795779057234, "log10_subsample": -0.6679566052460638, "max_depth": 8.0, "num_boost_round": 0.0}, "datetime": {"datetime": "2024-01-19 00:22:57", "elapsed": 669.88299, "delta": 40.979062}}
{"target": -17.677126053831827, "params": {"gamma": 430.5835291336506, "log10_alpha": -3.0641743860578696, "log10_colsample_bytree": -0.8076501359186942, "log10_eta": -2.6570347720264778, "log10_lambda": 0.4542312464256435, "log10_min_child_weight": 3.9256795779057234, "log10_subsample": -0.6679566052460638, "max_depth": 8.0, "num_boost_round": 1.0}, "datetime": {"datetime": "2024-01-19 00:22:57", "elapsed": 669.885057, "delta": 0.002067}}
{"target": -17.67715331483422, "params": {"gamma": 430.5835291336506, "log10_alpha": -3.0641743860578696, "log10_colsample_bytree": -0.8076501359186942, "log10_eta": -2.6570347720264778, "log10_lambda": 0.4542312464256435, "log10_min_child_weight": 3.9256795779057234, "log10_subsample": -0.6679566052460638, "max_depth": 8.0, "num_boost_round": 2.0}, "datetime": {"datetime": "2024-01-19 00:22:57", "elapsed": 669.88722, "delta": 0.002163}}
{"target": -17.677155463495545, "params": {"gamma": 430.5835291336506, "log10_alpha": -3.0641743860578696, "log10_colsample_bytree": -0.8076501359186942, "log10_eta": -2.6570347720264778, "log10_lambda": 0.4542312464256435, "log10_min_child_weight": 3.9256795779057234, "log10_subsample": -0.6679566052460638, "max_depth": 8.0, "num_boost_round": 3.0}, "datetime": {"datetime": "2024-01-19 00:22:57", "elapsed": 669.888697, "delta": 0.001477}}
{"target": -17.677111113185198, "params": {"gamma": 430.5835291336506, "log10_alpha": -3.0641743860578696, "log10_colsample_bytree": -0.8076501359186942, "log10_eta": -2.6570347720264778, "log10_lambda": 0.4542312464256435, "log10_min_child_weight": 3.9256795779057234, "log10_subsample": -0.6679566052460638, "max_depth": 8.0, "num_boost_round": 4.0}, "datetime": {"datetime": "2024-01-19 00:22:57", "elapsed": 669.890217, "delta": 0.00152}}
{"target": -17.677110774574523, "params": {"gamma": 430.5835291336506, "log10_alpha": -3.0641743860578696, "log10_colsample_bytree": -0.8076501359186942, "log10_eta": -2.6570347720264778, "log10_lambda": 0.4542312464256435, "log10_min_child_weight": 3.9256795779057234, "log10_subsample": -0.6679566052460638, "max_depth": 8.0, "num_boost_round": 5.0}, "datetime": {"datetime": "2024-01-19 00:22:57", "elapsed": 669.891666, "delta": 0.001449}}
{"target": -17.67714541971293, "params": {"gamma": 430.5835291336506, "log10_alpha": -3.0641743860578696, "log10_colsample_bytree": -0.8076501359186942, "log10_eta": -2.6570347720264778, "log10_lambda": 0.4542312464256435, "log10_min_child_weight": 3.9256795779057234, "log10_subsample": -0.6679566052460638, "max_depth": 8.0, "num_boost_round": 6.0}, "datetime": {"datetime": "2024-01-19 00:22:57", "elapsed": 669.89307, "delta": 0.001404}}
{"target": -17.677142460951256, "params": {"gamma": 430.5835291336506, "log10_alpha": -3.0641743860578696, "log10_colsample_bytree": -0.8076501359186942, "log10_eta": -2.6570347720264778, "log10_lambda": 0.4542312464256435, "log10_min_child_weight": 3.9256795779057234, "log10_subsample": -0.6679566052460638, "max_depth": 8.0, "num_boost_round": 7.0}, "datetime": {"datetime": "2024-01-19 00:22:57", "elapsed": 669.894472, "delta": 0.001402}}
{"target": -17.677141362224173, "params": {"gamma": 430.5835291336506, "log10_alpha": -3.0641743860578696, "log10_colsample_bytree": -0.8076501359186942, "log10_eta": -2.6570347720264778, "log10_lambda": 0.4542312464256435, "log10_min_child_weight": 3.9256795779057234, "log10_subsample": -0.6679566052460638, "max_depth": 8.0, "num_boost_round": 8.0}, "datetime": {"datetime": "2024-01-19 00:22:57", "elapsed": 669.895878, "delta": 0.001406}}
{"target": -17.677115886123907, "params": {"gamma": 430.5835291336506, "log10_alpha": -3.0641743860578696, "log10_colsample_bytree": -0.8076501359186942, "log10_eta": -2.6570347720264778, "log10_lambda": 0.4542312464256435, "log10_min_child_weight": 3.9256795779057234, "log10_subsample": -0.6679566052460638, "max_depth": 8.0, "num_boost_round": 9.0}, "datetime": {"datetime": "2024-01-19 00:22:57", "elapsed": 669.897289, "delta": 0.001411}}
{"target": -17.677061783435697, "params": {"gamma": 430.5835291336506, "log10_alpha": -3.0641743860578696, "log10_colsample_bytree": -0.8076501359186942, "log10_eta": -2.6570347720264778, "log10_lambda": 0.4542312464256435, "log10_min_child_weight": 3.9256795779057234, "log10_subsample": -0.6679566052460638, "max_depth": 8.0, "num_boost_round": 10.0}, "datetime": {"datetime": "2024-01-19 00:22:57", "elapsed": 669.89869, "delta": 0.001401}}
{"target": -17.67703793612929, "params": {"gamma": 430.5835291336506, "log10_alpha": -3.0641743860578696, "log10_colsample_bytree": -0.8076501359186942, "log10_eta": -2.6570347720264778, "log10_lambda": 0.4542312464256435, "log10_min_child_weight": 3.9256795779057234, "log10_subsample": -0.6679566052460638, "max_depth": 8.0, "num_boost_round": 11.0}, "datetime": {"datetime": "2024-01-19 00:22:57", "elapsed": 669.900091, "delta": 0.001401}}
{"target": -17.67705348155414, "params": {"gamma": 430.5835291336506, "log10_alpha": -3.0641743860578696, "log10_colsample_bytree": -0.8076501359186942, "log10_eta": -2.6570347720264778, "log10_lambda": 0.4542312464256435, "log10_min_child_weight": 3.9256795779057234, "log10_subsample": -0.6679566052460638, "max_depth": 8.0, "num_boost_round": 12.0}, "datetime": {"datetime": "2024-01-19 00:22:57", "elapsed": 669.901486, "delta": 0.001395}}
{"target": -17.677054725308746, "params": {"gamma": 430.5835291336506, "log10_alpha": -3.0641743860578696, "log10_colsample_bytree": -0.8076501359186942, "log10_eta": -2.6570347720264778, "log10_lambda": 0.4542312464256435, "log10_min_child_weight": 3.9256795779057234, "log10_subsample": -0.6679566052460638, "max_depth": 8.0, "num_boost_round": 13.0}, "datetime": {"datetime": "2024-01-19 00:22:57", "elapsed": 669.903038, "delta": 0.001552}}
{"target": -17.67704584864015, "params": {"gamma": 430.5835291336506, "log10_alpha": -3.0641743860578696, "log10_colsample_bytree": -0.8076501359186942, "log10_eta": -2.6570347720264778, "log10_lambda": 0.4542312464256435, "log10_min_child_weight": 3.9256795779057234, "log10_subsample": -0.6679566052460638, "max_depth": 8.0, "num_boost_round": 14.0}, "datetime": {"datetime": "2024-01-19 00:22:57", "elapsed": 669.904662, "delta": 0.001624}}
{"target": -17.677033691769466, "params": {"gamma": 430.5835291336506, "log10_alpha": -3.0641743860578696, "log10_colsample_bytree": -0.8076501359186942, "log10_eta": -2.6570347720264778, "log10_lambda": 0.4542312464256435, "log10_min_child_weight": 3.9256795779057234, "log10_subsample": -0.6679566052460638, "max_depth": 8.0, "num_boost_round": 15.0}, "datetime": {"datetime": "2024-01-19 00:22:57", "elapsed": 669.906079, "delta": 0.001417}}
{"target": -17.676988610379382, "params": {"gamma": 430.5835291336506, "log10_alpha": -3.0641743860578696, "log10_colsample_bytree": -0.8076501359186942, "log10_eta": -2.6570347720264778, "log10_lambda": 0.4542312464256435, "log10_min_child_weight": 3.9256795779057234, "log10_subsample": -0.6679566052460638, "max_depth": 8.0, "num_boost_round": 16.0}, "datetime": {"datetime": "2024-01-19 00:22:57", "elapsed": 669.907565, "delta": 0.001486}}
{"target": -17.676972750158562, "params": {"gamma": 430.5835291336506, "log10_alpha": -3.0641743860578696, "log10_colsample_bytree": -0.8076501359186942, "log10_eta": -2.6570347720264778, "log10_lambda": 0.4542312464256435, "log10_min_child_weight": 3.9256795779057234, "log10_subsample": -0.6679566052460638, "max_depth": 8.0, "num_boost_round": 17.0}, "datetime": {"datetime": "2024-01-19 00:22:57", "elapsed": 669.908991, "delta": 0.001426}}
{"target": -17.676941272896947, "params": {"gamma": 430.5835291336506, "log10_alpha": -3.0641743860578696, "log10_colsample_bytree": -0.8076501359186942, "log10_eta": -2.6570347720264778, "log10_lambda": 0.4542312464256435, "log10_min_child_weight": 3.9256795779057234, "log10_subsample": -0.6679566052460638, "max_depth": 8.0, "num_boost_round": 18.0}, "datetime": {"datetime": "2024-01-19 00:22:57", "elapsed": 669.91041, "delta": 0.001419}}
{"target": -17.67689712730889, "params": {"gamma": 430.5835291336506, "log10_alpha": -3.0641743860578696, "log10_colsample_bytree": -0.8076501359186942, "log10_eta": -2.6570347720264778, "log10_lambda": 0.4542312464256435, "log10_min_child_weight": 3.9256795779057234, "log10_subsample": -0.6679566052460638, "max_depth": 8.0, "num_boost_round": 19.0}, "datetime": {"datetime": "2024-01-19 00:22:57", "elapsed": 669.911904, "delta": 0.001494}}
{"target": -17.676907758111994, "params": {"gamma": 430.5835291336506, "log10_alpha": -3.0641743860578696, "log10_colsample_bytree": -0.8076501359186942, "log10_eta": -2.6570347720264778, "log10_lambda": 0.4542312464256435, "log10_min_child_weight": 3.9256795779057234, "log10_subsample": -0.6679566052460638, "max_depth": 8.0, "num_boost_round": 20.0}, "datetime": {"datetime": "2024-01-19 00:22:57", "elapsed": 669.913341, "delta": 0.001437}}
{"target": -17.676896880133004, "params": {"gamma": 430.5835291336506, "log10_alpha": -3.0641743860578696, "log10_colsample_bytree": -0.8076501359186942, "log10_eta": -2.6570347720264778, "log10_lambda": 0.4542312464256435, "log10_min_child_weight": 3.9256795779057234, "log10_subsample": -0.6679566052460638, "max_depth": 8.0, "num_boost_round": 21.0}, "datetime": {"datetime": "2024-01-19 00:22:57", "elapsed": 669.914757, "delta": 0.001416}}
{"target": -17.676891795599808, "params": {"gamma": 430.5835291336506, "log10_alpha": -3.0641743860578696, "log10_colsample_bytree": -0.8076501359186942, "log10_eta": -2.6570347720264778, "log10_lambda": 0.4542312464256435, "log10_min_child_weight": 3.9256795779057234, "log10_subsample": -0.6679566052460638, "max_depth": 8.0, "num_boost_round": 22.0}, "datetime": {"datetime": "2024-01-19 00:22:57", "elapsed": 669.916174, "delta": 0.001417}}
