{"target": -13.755857356831898, "params": {"gamma": 949.0432003080638, "log10_alpha": -4.472188928299876, "log10_colsample_bytree": -0.6861832498611057, "log10_eta": -2.0173890312243907, "log10_lambda": 0.5775051927499728, "log10_min_child_weight": 2.4354472580367785, "log10_subsample": -0.9737164836744978, "max_depth": 8.0, "num_boost_round": 12.0}, "datetime": {"datetime": "2024-01-19 00:49:31", "elapsed": 2272.431449, "delta": 0.003103}}
{"target": -13.755907211153668, "params": {"gamma": 949.0432003080638, "log10_alpha": -4.472188928299876, "log10_colsample_bytree": -0.6861832498611057, "log10_eta": -2.0173890312243907, "log10_lambda": 0.5775051927499728, "log10_min_child_weight": 2.4354472580367785, "log10_subsample": -0.9737164836744978, "max_depth": 8.0, "num_boost_round": 13.0}, "datetime": {"datetime": "2024-01-19 00:49:31", "elapsed": 2272.434656, "delta": 0.003207}}
{"target": -13.755766094306864, "params": {"gamma": 949.0432003080638, "log10_alpha": -4.472188928299876, "log10_colsample_bytree": -0.6861832498611057, "log10_eta": -2.0173890312243907, "log10_lambda": 0.5775051927499728, "log10_min_child_weight": 2.4354472580367785, "log10_subsample": -0.9737164836744978, "max_depth": 8.0, "num_boost_round": 14.0}, "datetime": {"datetime": "2024-01-19 00:49:31", "elapsed": 2272.437743, "delta": 0.003087}}
{"target": -13.755586725535005, "params": {"gamma": 949.0432003080638, "log10_alpha": -4.472188928299876, "log10_colsample_bytree": -0.6861832498611057, "log10_eta": -2.0173890312243907, "log10_lambda": 0.5775051927499728, "log10_min_child_weight": 2.4354472580367785, "log10_subsample": -0.9737164836744978, "max_depth": 8.0, "num_boost_round": 15.0}, "datetime": {"datetime": "2024-01-19 00:49:31", "elapsed": 2272.440887, "delta": 0.003144}}
{"target": -13.75561129503584, "params": {"gamma": 949.0432003080638, "log10_alpha": -4.472188928299876, "log10_colsample_bytree": -0.6861832498611057, "log10_eta": -2.0173890312243907, "log10_lambda": 0.5775051927499728, "log10_min_child_weight": 2.4354472580367785, "log10_subsample": -0.9737164836744978, "max_depth": 8.0, "num_boost_round": 16.0}, "datetime": {"datetime": "2024-01-19 00:49:31", "elapsed": 2272.443954, "delta": 0.003067}}
{"target": -13.755758509655701, "params": {"gamma": 949.0432003080638, "log10_alpha": -4.472188928299876, "log10_colsample_bytree": -0.6861832498611057, "log10_eta": -2.0173890312243907, "log10_lambda": 0.5775051927499728, "log10_min_child_weight": 2.4354472580367785, "log10_subsample": -0.9737164836744978, "max_depth": 8.0, "num_boost_round": 17.0}, "datetime": {"datetime": "2024-01-19 00:49:31", "elapsed": 2272.447074, "delta": 0.00312}}
{"target": -13.756076455184305, "params": {"gamma": 949.0432003080638, "log10_alpha": -4.472188928299876, "log10_colsample_bytree": -0.6861832498611057, "log10_eta": -2.0173890312243907, "log10_lambda": 0.5775051927499728, "log10_min_child_weight": 2.4354472580367785, "log10_subsample": -0.9737164836744978, "max_depth": 8.0, "num_boost_round": 18.0}, "datetime": {"datetime": "2024-01-19 00:49:31", "elapsed": 2272.450147, "delta": 0.003073}}
{"target": -13.756000002552298, "params": {"gamma": 949.0432003080638, "log10_alpha": -4.472188928299876, "log10_colsample_bytree": -0.6861832498611057, "log10_eta": -2.0173890312243907, "log10_lambda": 0.5775051927499728, "log10_min_child_weight": 2.4354472580367785, "log10_subsample": -0.9737164836744978, "max_depth": 8.0, "num_boost_round": 19.0}, "datetime": {"datetime": "2024-01-19 00:49:31", "elapsed": 2272.453276, "delta": 0.003129}}
{"target": -13.75612821442262, "params": {"gamma": 949.0432003080638, "log10_alpha": -4.472188928299876, "log10_colsample_bytree": -0.6861832498611057, "log10_eta": -2.0173890312243907, "log10_lambda": 0.5775051927499728, "log10_min_child_weight": 2.4354472580367785, "log10_subsample": -0.9737164836744978, "max_depth": 8.0, "num_boost_round": 20.0}, "datetime": {"datetime": "2024-01-19 00:49:31", "elapsed": 2272.456364, "delta": 0.003088}}
{"target": -13.756142910939811, "params": {"gamma": 949.0432003080638, "log10_alpha": -4.472188928299876, "log10_colsample_bytree": -0.6861832498611057, "log10_eta": -2.0173890312243907, "log10_lambda": 0.5775051927499728, "log10_min_child_weight": 2.4354472580367785, "log10_subsample": -0.9737164836744978, "max_depth": 8.0, "num_boost_round": 21.0}, "datetime": {"datetime": "2024-01-19 00:49:31", "elapsed": 2272.459493, "delta": 0.003129}}
{"target": -13.75621021105405, "params": {"gamma": 949.0432003080638, "log10_alpha": -4.472188928299876, "log10_colsample_bytree": -0.6861832498611057, "log10_eta": -2.0173890312243907, "log10_lambda": 0.5775051927499728, "log10_min_child_weight": 2.4354472580367785, "log10_subsample": -0.9737164836744978, "max_depth": 8.0, "num_boost_round": 22.0}, "datetime": {"datetime": "2024-01-19 00:49:31", "elapsed": 2272.462573, "delta": 0.00308}}
{"target": -13.756212287399853, "params": {"gamma": 949.0432003080638, "log10_alpha": -4.472188928299876, "log10_colsample_bytree": -0.6861832498611057, "log10_eta": -2.0173890312243907, "log10_lambda": 0.5775051927499728, "log10_min_child_weight": 2.4354472580367785, "log10_subsample": -0.9737164836744978, "max_depth": 8.0, "num_boost_round": 23.0}, "datetime": {"datetime": "2024-01-19 00:49:31", "elapsed": 2272.465707, "delta": 0.003134}}
{"target": -13.756137493082104, "params": {"gamma": 949.0432003080638, "log10_alpha": -4.472188928299876, "log10_colsample_bytree": -0.6861832498611057, "log10_eta": -2.0173890312243907, "log10_lambda": 0.5775051927499728, "log10_min_child_weight": 2.4354472580367785, "log10_subsample": -0.9737164836744978, "max_depth": 8.0, "num_boost_round": 24.0}, "datetime": {"datetime": "2024-01-19 00:49:31", "elapsed": 2272.468798, "delta": 0.003091}}
{"target": -13.755949905577042, "params": {"gamma": 949.0432003080638, "log10_alpha": -4.472188928299876, "log10_colsample_bytree": -0.6861832498611057, "log10_eta": -2.0173890312243907, "log10_lambda": 0.5775051927499728, "log10_min_child_weight": 2.4354472580367785, "log10_subsample": -0.9737164836744978, "max_depth": 8.0, "num_boost_round": 25.0}, "datetime": {"datetime": "2024-01-19 00:49:31", "elapsed": 2272.471934, "delta": 0.003136}}
{"target": -13.756099964665905, "params": {"gamma": 949.0432003080638, "log10_alpha": -4.472188928299876, "log10_colsample_bytree": -0.6861832498611057, "log10_eta": -2.0173890312243907, "log10_lambda": 0.5775051927499728, "log10_min_child_weight": 2.4354472580367785, "log10_subsample": -0.9737164836744978, "max_depth": 8.0, "num_boost_round": 26.0}, "datetime": {"datetime": "2024-01-19 00:49:31", "elapsed": 2272.474996, "delta": 0.003062}}
{"target": -13.755852932229878, "params": {"gamma": 949.0432003080638, "log10_alpha": -4.472188928299876, "log10_colsample_bytree": -0.6861832498611057, "log10_eta": -2.0173890312243907, "log10_lambda": 0.5775051927499728, "log10_min_child_weight": 2.4354472580367785, "log10_subsample": -0.9737164836744978, "max_depth": 8.0, "num_boost_round": 27.0}, "datetime": {"datetime": "2024-01-19 00:49:31", "elapsed": 2272.478129, "delta": 0.003133}}
{"target": -13.755831681649035, "params": {"gamma": 949.0432003080638, "log10_alpha": -4.472188928299876, "log10_colsample_bytree": -0.6861832498611057, "log10_eta": -2.0173890312243907, "log10_lambda": 0.5775051927499728, "log10_min_child_weight": 2.4354472580367785, "log10_subsample": -0.9737164836744978, "max_depth": 8.0, "num_boost_round": 28.0}, "datetime": {"datetime": "2024-01-19 00:49:31", "elapsed": 2272.481202, "delta": 0.003073}}
{"target": -13.755931956418962, "params": {"gamma": 949.0432003080638, "log10_alpha": -4.472188928299876, "log10_colsample_bytree": -0.6861832498611057, "log10_eta": -2.0173890312243907, "log10_lambda": 0.5775051927499728, "log10_min_child_weight": 2.4354472580367785, "log10_subsample": -0.9737164836744978, "max_depth": 8.0, "num_boost_round": 29.0}, "datetime": {"datetime": "2024-01-19 00:49:31", "elapsed": 2272.484373, "delta": 0.003171}}
{"target": -13.755757479371539, "params": {"gamma": 949.0432003080638, "log10_alpha": -4.472188928299876, "log10_colsample_bytree": -0.6861832498611057, "log10_eta": -2.0173890312243907, "log10_lambda": 0.5775051927499728, "log10_min_child_weight": 2.4354472580367785, "log10_subsample": -0.9737164836744978, "max_depth": 8.0, "num_boost_round": 30.0}, "datetime": {"datetime": "2024-01-19 00:49:31", "elapsed": 2272.487468, "delta": 0.003095}}
{"target": -13.755646528197671, "params": {"gamma": 949.0432003080638, "log10_alpha": -4.472188928299876, "log10_colsample_bytree": -0.6861832498611057, "log10_eta": -2.0173890312243907, "log10_lambda": 0.5775051927499728, "log10_min_child_weight": 2.4354472580367785, "log10_subsample": -0.9737164836744978, "max_depth": 8.0, "num_boost_round": 31.0}, "datetime": {"datetime": "2024-01-19 00:49:31", "elapsed": 2272.490599, "delta": 0.003131}}
{"target": -13.755865644672763, "params": {"gamma": 949.0432003080638, "log10_alpha": -4.472188928299876, "log10_colsample_bytree": -0.6861832498611057, "log10_eta": -2.0173890312243907, "log10_lambda": 0.5775051927499728, "log10_min_child_weight": 2.4354472580367785, "log10_subsample": -0.9737164836744978, "max_depth": 8.0, "num_boost_round": 32.0}, "datetime": {"datetime": "2024-01-19 00:49:31", "elapsed": 2272.493691, "delta": 0.003092}}
{"target": -13.755793065012677, "params": {"gamma": 949.0432003080638, "log10_alpha": -4.472188928299876, "log10_colsample_bytree": -0.6861832498611057, "log10_eta": -2.0173890312243907, "log10_lambda": 0.5775051927499728, "log10_min_child_weight": 2.4354472580367785, "log10_subsample": -0.9737164836744978, "max_depth": 8.0, "num_boost_round": 33.0}, "datetime": {"datetime": "2024-01-19 00:49:31", "elapsed": 2272.496815, "delta": 0.003124}}
{"target": -13.755694287599106, "params": {"gamma": 949.0432003080638, "log10_alpha": -4.472188928299876, "log10_colsample_bytree": -0.6861832498611057, "log10_eta": -2.0173890312243907, "log10_lambda": 0.5775051927499728, "log10_min_child_weight": 2.4354472580367785, "log10_subsample": -0.9737164836744978, "max_depth": 8.0, "num_boost_round": 34.0}, "datetime": {"datetime": "2024-01-19 00:49:31", "elapsed": 2272.499909, "delta": 0.003094}}
{"target": -13.755536530739025, "params": {"gamma": 949.0432003080638, "log10_alpha": -4.472188928299876, "log10_colsample_bytree": -0.6861832498611057, "log10_eta": -2.0173890312243907, "log10_lambda": 0.5775051927499728, "log10_min_child_weight": 2.4354472580367785, "log10_subsample": -0.9737164836744978, "max_depth": 8.0, "num_boost_round": 35.0}, "datetime": {"datetime": "2024-01-19 00:49:31", "elapsed": 2272.503642, "delta": 0.003733}}
{"target": -13.755609300080279, "params": {"gamma": 949.0432003080638, "log10_alpha": -4.472188928299876, "log10_colsample_bytree": -0.6861832498611057, "log10_eta": -2.0173890312243907, "log10_lambda": 0.5775051927499728, "log10_min_child_weight": 2.4354472580367785, "log10_subsample": -0.9737164836744978, "max_depth": 8.0, "num_boost_round": 36.0}, "datetime": {"datetime": "2024-01-19 00:49:31", "elapsed": 2272.507, "delta": 0.003358}}
{"target": -13.755619109338033, "params": {"gamma": 949.0432003080638, "log10_alpha": -4.472188928299876, "log10_colsample_bytree": -0.6861832498611057, "log10_eta": -2.0173890312243907, "log10_lambda": 0.5775051927499728, "log10_min_child_weight": 2.4354472580367785, "log10_subsample": -0.9737164836744978, "max_depth": 8.0, "num_boost_round": 37.0}, "datetime": {"datetime": "2024-01-19 00:49:31", "elapsed": 2272.510335, "delta": 0.003335}}
{"target": -13.755546071324927, "params": {"gamma": 949.0432003080638, "log10_alpha": -4.472188928299876, "log10_colsample_bytree": -0.6861832498611057, "log10_eta": -2.0173890312243907, "log10_lambda": 0.5775051927499728, "log10_min_child_weight": 2.4354472580367785, "log10_subsample": -0.9737164836744978, "max_depth": 8.0, "num_boost_round": 38.0}, "datetime": {"datetime": "2024-01-19 00:49:31", "elapsed": 2272.513438, "delta": 0.003103}}
{"target": -13.755240512068662, "params": {"gamma": 949.0432003080638, "log10_alpha": -4.472188928299876, "log10_colsample_bytree": -0.6861832498611057, "log10_eta": -2.0173890312243907, "log10_lambda": 0.5775051927499728, "log10_min_child_weight": 2.4354472580367785, "log10_subsample": -0.9737164836744978, "max_depth": 8.0, "num_boost_round": 39.0}, "datetime": {"datetime": "2024-01-19 00:49:31", "elapsed": 2272.51655, "delta": 0.003112}}
{"target": -13.755325660699679, "params": {"gamma": 949.0432003080638, "log10_alpha": -4.472188928299876, "log10_colsample_bytree": -0.6861832498611057, "log10_eta": -2.0173890312243907, "log10_lambda": 0.5775051927499728, "log10_min_child_weight": 2.4354472580367785, "log10_subsample": -0.9737164836744978, "max_depth": 8.0, "num_boost_round": 40.0}, "datetime": {"datetime": "2024-01-19 00:49:31", "elapsed": 2272.519668, "delta": 0.003118}}
{"target": -13.75549611272645, "params": {"gamma": 949.0432003080638, "log10_alpha": -4.472188928299876, "log10_colsample_bytree": -0.6861832498611057, "log10_eta": -2.0173890312243907, "log10_lambda": 0.5775051927499728, "log10_min_child_weight": 2.4354472580367785, "log10_subsample": -0.9737164836744978, "max_depth": 8.0, "num_boost_round": 41.0}, "datetime": {"datetime": "2024-01-19 00:49:31", "elapsed": 2272.522777, "delta": 0.003109}}
{"target": -13.758456143007109, "params": {"gamma": 948.1935337807652, "log10_alpha": -4.48095088818941, "log10_colsample_bytree": -0.1384099763346024, "log10_eta": -1.8219399987434723, "log10_lambda": -0.8182773871363338, "log10_min_child_weight": 4.992557416694439, "log10_subsample": -0.39777378631469706, "max_depth": 3.0, "num_boost_round": 0.0}, "datetime": {"datetime": "2024-01-19 00:50:25", "elapsed": 2326.732342, "delta": 54.209565}}
{"target": -13.758375450849284, "params": {"gamma": 948.1935337807652, "log10_alpha": -4.48095088818941, "log10_colsample_bytree": -0.1384099763346024, "log10_eta": -1.8219399987434723, "log10_lambda": -0.8182773871363338, "log10_min_child_weight": 4.992557416694439, "log10_subsample": -0.39777378631469706, "max_depth": 3.0, "num_boost_round": 1.0}, "datetime": {"datetime": "2024-01-19 00:50:25", "elapsed": 2326.736154, "delta": 0.003812}}
{"target": -13.758321833362814, "params": {"gamma": 948.1935337807652, "log10_alpha": -4.48095088818941, "log10_colsample_bytree": -0.1384099763346024, "log10_eta": -1.8219399987434723, "log10_lambda": -0.8182773871363338, "log10_min_child_weight": 4.992557416694439, "log10_subsample": -0.39777378631469706, "max_depth": 3.0, "num_boost_round": 2.0}, "datetime": {"datetime": "2024-01-19 00:50:25", "elapsed": 2326.739406, "delta": 0.003252}}
{"target": -13.758351125739967, "params": {"gamma": 948.1935337807652, "log10_alpha": -4.48095088818941, "log10_colsample_bytree": -0.1384099763346024, "log10_eta": -1.8219399987434723, "log10_lambda": -0.8182773871363338, "log10_min_child_weight": 4.992557416694439, "log10_subsample": -0.39777378631469706, "max_depth": 3.0, "num_boost_round": 3.0}, "datetime": {"datetime": "2024-01-19 00:50:25", "elapsed": 2326.742496, "delta": 0.00309}}
{"target": -13.758298812278804, "params": {"gamma": 948.1935337807652, "log10_alpha": -4.48095088818941, "log10_colsample_bytree": -0.1384099763346024, "log10_eta": -1.8219399987434723, "log10_lambda": -0.8182773871363338, "log10_min_child_weight": 4.992557416694439, "log10_subsample": -0.39777378631469706, "max_depth": 3.0, "num_boost_round": 4.0}, "datetime": {"datetime": "2024-01-19 00:50:25", "elapsed": 2326.745612, "delta": 0.003116}}
{"target": -13.75826198332374, "params": {"gamma": 948.1935337807652, "log10_alpha": -4.48095088818941, "log10_colsample_bytree": -0.1384099763346024, "log10_eta": -1.8219399987434723, "log10_lambda": -0.8182773871363338, "log10_min_child_weight": 4.992557416694439, "log10_subsample": -0.39777378631469706, "max_depth": 3.0, "num_boost_round": 5.0}, "datetime": {"datetime": "2024-01-19 00:50:25", "elapsed": 2326.82992, "delta": 0.084308}}
{"target": -13.758218272919029, "params": {"gamma": 948.1935337807652, "log10_alpha": -4.48095088818941, "log10_colsample_bytree": -0.1384099763346024, "log10_eta": -1.8219399987434723, "log10_lambda": -0.8182773871363338, "log10_min_child_weight": 4.992557416694439, "log10_subsample": -0.39777378631469706, "max_depth": 3.0, "num_boost_round": 6.0}, "datetime": {"datetime": "2024-01-19 00:50:25", "elapsed": 2326.833507, "delta": 0.003587}}
{"target": -13.758186986127264, "params": {"gamma": 948.1935337807652, "log10_alpha": -4.48095088818941, "log10_colsample_bytree": -0.1384099763346024, "log10_eta": -1.8219399987434723, "log10_lambda": -0.8182773871363338, "log10_min_child_weight": 4.992557416694439, "log10_subsample": -0.39777378631469706, "max_depth": 3.0, "num_boost_round": 7.0}, "datetime": {"datetime": "2024-01-19 00:50:25", "elapsed": 2326.836897, "delta": 0.00339}}
{"target": -13.758187242172545, "params": {"gamma": 948.1935337807652, "log10_alpha": -4.48095088818941, "log10_colsample_bytree": -0.1384099763346024, "log10_eta": -1.8219399987434723, "log10_lambda": -0.8182773871363338, "log10_min_child_weight": 4.992557416694439, "log10_subsample": -0.39777378631469706, "max_depth": 3.0, "num_boost_round": 8.0}, "datetime": {"datetime": "2024-01-19 00:50:25", "elapsed": 2326.840229, "delta": 0.003332}}
{"target": -13.758254907636848, "params": {"gamma": 948.1935337807652, "log10_alpha": -4.48095088818941, "log10_colsample_bytree": -0.1384099763346024, "log10_eta": -1.8219399987434723, "log10_lambda": -0.8182773871363338, "log10_min_child_weight": 4.992557416694439, "log10_subsample": -0.39777378631469706, "max_depth": 3.0, "num_boost_round": 9.0}, "datetime": {"datetime": "2024-01-19 00:50:25", "elapsed": 2326.843421, "delta": 0.003192}}
{"target": -13.758225374396444, "params": {"gamma": 948.1935337807652, "log10_alpha": -4.48095088818941, "log10_colsample_bytree": -0.1384099763346024, "log10_eta": -1.8219399987434723, "log10_lambda": -0.8182773871363338, "log10_min_child_weight": 4.992557416694439, "log10_subsample": -0.39777378631469706, "max_depth": 3.0, "num_boost_round": 10.0}, "datetime": {"datetime": "2024-01-19 00:50:25", "elapsed": 2326.846596, "delta": 0.003175}}
{"target": -13.758257850001193, "params": {"gamma": 948.1935337807652, "log10_alpha": -4.48095088818941, "log10_colsample_bytree": -0.1384099763346024, "log10_eta": -1.8219399987434723, "log10_lambda": -0.8182773871363338, "log10_min_child_weight": 4.992557416694439, "log10_subsample": -0.39777378631469706, "max_depth": 3.0, "num_boost_round": 11.0}, "datetime": {"datetime": "2024-01-19 00:50:25", "elapsed": 2326.849757, "delta": 0.003161}}
{"target": -13.758234124956404, "params": {"gamma": 948.1935337807652, "log10_alpha": -4.48095088818941, "log10_colsample_bytree": -0.1384099763346024, "log10_eta": -1.8219399987434723, "log10_lambda": -0.8182773871363338, "log10_min_child_weight": 4.992557416694439, "log10_subsample": -0.39777378631469706, "max_depth": 3.0, "num_boost_round": 12.0}, "datetime": {"datetime": "2024-01-19 00:50:25", "elapsed": 2326.852912, "delta": 0.003155}}
{"target": -13.758306448404747, "params": {"gamma": 948.1935337807652, "log10_alpha": -4.48095088818941, "log10_colsample_bytree": -0.1384099763346024, "log10_eta": -1.8219399987434723, "log10_lambda": -0.8182773871363338, "log10_min_child_weight": 4.992557416694439, "log10_subsample": -0.39777378631469706, "max_depth": 3.0, "num_boost_round": 13.0}, "datetime": {"datetime": "2024-01-19 00:50:25", "elapsed": 2326.856111, "delta": 0.003199}}
{"target": -13.758295988742537, "params": {"gamma": 948.1935337807652, "log10_alpha": -4.48095088818941, "log10_colsample_bytree": -0.1384099763346024, "log10_eta": -1.8219399987434723, "log10_lambda": -0.8182773871363338, "log10_min_child_weight": 4.992557416694439, "log10_subsample": -0.39777378631469706, "max_depth": 3.0, "num_boost_round": 14.0}, "datetime": {"datetime": "2024-01-19 00:50:25", "elapsed": 2326.859355, "delta": 0.003244}}
{"target": -13.758297194517228, "params": {"gamma": 948.1935337807652, "log10_alpha": -4.48095088818941, "log10_colsample_bytree": -0.1384099763346024, "log10_eta": -1.8219399987434723, "log10_lambda": -0.8182773871363338, "log10_min_child_weight": 4.992557416694439, "log10_subsample": -0.39777378631469706, "max_depth": 3.0, "num_boost_round": 15.0}, "datetime": {"datetime": "2024-01-19 00:50:25", "elapsed": 2326.862595, "delta": 0.00324}}
{"target": -13.758286352787115, "params": {"gamma": 948.1935337807652, "log10_alpha": -4.48095088818941, "log10_colsample_bytree": -0.1384099763346024, "log10_eta": -1.8219399987434723, "log10_lambda": -0.8182773871363338, "log10_min_child_weight": 4.992557416694439, "log10_subsample": -0.39777378631469706, "max_depth": 3.0, "num_boost_round": 16.0}, "datetime": {"datetime": "2024-01-19 00:50:25", "elapsed": 2326.86584, "delta": 0.003245}}
{"target": -13.758274020425846, "params": {"gamma": 948.1935337807652, "log10_alpha": -4.48095088818941, "log10_colsample_bytree": -0.1384099763346024, "log10_eta": -1.8219399987434723, "log10_lambda": -0.8182773871363338, "log10_min_child_weight": 4.992557416694439, "log10_subsample": -0.39777378631469706, "max_depth": 3.0, "num_boost_round": 17.0}, "datetime": {"datetime": "2024-01-19 00:50:25", "elapsed": 2326.869076, "delta": 0.003236}}
{"target": -13.758300108313158, "params": {"gamma": 948.1935337807652, "log10_alpha": -4.48095088818941, "log10_colsample_bytree": -0.1384099763346024, "log10_eta": -1.8219399987434723, "log10_lambda": -0.8182773871363338, "log10_min_child_weight": 4.992557416694439, "log10_subsample": -0.39777378631469706, "max_depth": 3.0, "num_boost_round": 18.0}, "datetime": {"datetime": "2024-01-19 00:50:25", "elapsed": 2326.872307, "delta": 0.003231}}
