{"target": -13.758521439712231, "params": {"gamma": 442.16053276810544, "log10_alpha": -4.606728643761715, "log10_colsample_bytree": -1.0, "log10_eta": -4.0, "log10_lambda": 1.0, "log10_min_child_weight": 0.0, "log10_subsample": -1.0, "max_depth": 5.0, "num_boost_round": 15.0}, "datetime": {"datetime": "2024-01-19 01:17:07", "elapsed": 3931.827851, "delta": 0.004818}}
{"target": -13.758518721069166, "params": {"gamma": 442.16053276810544, "log10_alpha": -4.606728643761715, "log10_colsample_bytree": -1.0, "log10_eta": -4.0, "log10_lambda": 1.0, "log10_min_child_weight": 0.0, "log10_subsample": -1.0, "max_depth": 5.0, "num_boost_round": 16.0}, "datetime": {"datetime": "2024-01-19 01:17:07", "elapsed": 3931.832704, "delta": 0.004853}}
{"target": -13.758516084713348, "params": {"gamma": 442.16053276810544, "log10_alpha": -4.606728643761715, "log10_colsample_bytree": -1.0, "log10_eta": -4.0, "log10_lambda": 1.0, "log10_min_child_weight": 0.0, "log10_subsample": -1.0, "max_depth": 5.0, "num_boost_round": 17.0}, "datetime": {"datetime": "2024-01-19 01:17:07", "elapsed": 3931.837492, "delta": 0.004788}}
{"target": -13.75851536491171, "params": {"gamma": 442.16053276810544, "log10_alpha": -4.606728643761715, "log10_colsample_bytree": -1.0, "log10_eta": -4.0, "log10_lambda": 1.0, "log10_min_child_weight": 0.0, "log10_subsample": -1.0, "max_depth": 5.0, "num_boost_round": 18.0}, "datetime": {"datetime": "2024-01-19 01:17:07", "elapsed": 3931.84247, "delta": 0.004978}}
{"target": -13.758515045105044, "params": {"gamma": 442.16053276810544, "log10_alpha": -4.606728643761715, "log10_colsample_bytree": -1.0, "log10_eta": -4.0, "log10_lambda": 1.0, "log10_min_child_weight": 0.0, "log10_subsample": -1.0, "max_depth": 5.0, "num_boost_round": 19.0}, "datetime": {"datetime": "2024-01-19 01:17:07", "elapsed": 3931.847202, "delta": 0.004732}}
{"target": -13.758514791720497, "params": {"gamma": 442.16053276810544, "log10_alpha": -4.606728643761715, "log10_colsample_bytree": -1.0, "log10_eta": -4.0, "log10_lambda": 1.0, "log10_min_child_weight": 0.0, "log10_subsample": -1.0, "max_depth": 5.0, "num_boost_round": 20.0}, "datetime": {"datetime": "2024-01-19 01:17:07", "elapsed": 3931.852005, "delta": 0.004803}}
{"target": -13.758511043089063, "params": {"gamma": 442.16053276810544, "log10_alpha": -4.606728643761715, "log10_colsample_bytree": -1.0, "log10_eta": -4.0, "log10_lambda": 1.0, "log10_min_child_weight": 0.0, "log10_subsample": -1.0, "max_depth": 5.0, "num_boost_round": 21.0}, "datetime": {"datetime": "2024-01-19 01:17:07", "elapsed": 3931.856784, "delta": 0.004779}}
{"target": -13.758509717073686, "params": {"gamma": 442.16053276810544, "log10_alpha": -4.606728643761715, "log10_colsample_bytree": -1.0, "log10_eta": -4.0, "log10_lambda": 1.0, "log10_min_child_weight": 0.0, "log10_subsample": -1.0, "max_depth": 5.0, "num_boost_round": 22.0}, "datetime": {"datetime": "2024-01-19 01:17:07", "elapsed": 3931.861776, "delta": 0.004992}}
{"target": -13.75850810133814, "params": {"gamma": 442.16053276810544, "log10_alpha": -4.606728643761715, "log10_colsample_bytree": -1.0, "log10_eta": -4.0, "log10_lambda": 1.0, "log10_min_child_weight": 0.0, "log10_subsample": -1.0, "max_depth": 5.0, "num_boost_round": 23.0}, "datetime": {"datetime": "2024-01-19 01:17:07", "elapsed": 3931.86649, "delta": 0.004714}}
{"target": -13.758507473821961, "params": {"gamma": 442.16053276810544, "log10_alpha": -4.606728643761715, "log10_colsample_bytree": -1.0, "log10_eta": -4.0, "log10_lambda": 1.0, "log10_min_child_weight": 0.0, "log10_subsample": -1.0, "max_depth": 5.0, "num_boost_round": 24.0}, "datetime": {"datetime": "2024-01-19 01:17:07", "elapsed": 3931.871253, "delta": 0.004763}}
{"target": -13.758506234650968, "params": {"gamma": 442.16053276810544, "log10_alpha": -4.606728643761715, "log10_colsample_bytree": -1.0, "log10_eta": -4.0, "log10_lambda": 1.0, "log10_min_child_weight": 0.0, "log10_subsample": -1.0, "max_depth": 5.0, "num_boost_round": 25.0}, "datetime": {"datetime": "2024-01-19 01:17:07", "elapsed": 3931.876021, "delta": 0.004768}}
{"target": -13.758504456113174, "params": {"gamma": 442.16053276810544, "log10_alpha": -4.606728643761715, "log10_colsample_bytree": -1.0, "log10_eta": -4.0, "log10_lambda": 1.0, "log10_min_child_weight": 0.0, "log10_subsample": -1.0, "max_depth": 5.0, "num_boost_round": 26.0}, "datetime": {"datetime": "2024-01-19 01:17:07", "elapsed": 3931.881048, "delta": 0.005027}}
{"target": -13.75850234671567, "params": {"gamma": 442.16053276810544, "log10_alpha": -4.606728643761715, "log10_colsample_bytree": -1.0, "log10_eta": -4.0, "log10_lambda": 1.0, "log10_min_child_weight": 0.0, "log10_subsample": -1.0, "max_depth": 5.0, "num_boost_round": 27.0}, "datetime": {"datetime": "2024-01-19 01:17:07", "elapsed": 3931.885781, "delta": 0.004733}}
{"target": -13.758501123735762, "params": {"gamma": 442.16053276810544, "log10_alpha": -4.606728643761715, "log10_colsample_bytree": -1.0, "log10_eta": -4.0, "log10_lambda": 1.0, "log10_min_child_weight": 0.0, "log10_subsample": -1.0, "max_depth": 5.0, "num_boost_round": 28.0}, "datetime": {"datetime": "2024-01-19 01:17:07", "elapsed": 3931.890529, "delta": 0.004748}}
{"target": -13.758501986476967, "params": {"gamma": 442.16053276810544, "log10_alpha": -4.606728643761715, "log10_colsample_bytree": -1.0, "log10_eta": -4.0, "log10_lambda": 1.0, "log10_min_child_weight": 0.0, "log10_subsample": -1.0, "max_depth": 5.0, "num_boost_round": 29.0}, "datetime": {"datetime": "2024-01-19 01:17:07", "elapsed": 3931.895311, "delta": 0.004782}}
{"target": -13.75850229984894, "params": {"gamma": 442.16053276810544, "log10_alpha": -4.606728643761715, "log10_colsample_bytree": -1.0, "log10_eta": -4.0, "log10_lambda": 1.0, "log10_min_child_weight": 0.0, "log10_subsample": -1.0, "max_depth": 5.0, "num_boost_round": 30.0}, "datetime": {"datetime": "2024-01-19 01:17:07", "elapsed": 3931.900239, "delta": 0.004928}}
{"target": -13.758498144695182, "params": {"gamma": 442.16053276810544, "log10_alpha": -4.606728643761715, "log10_colsample_bytree": -1.0, "log10_eta": -4.0, "log10_lambda": 1.0, "log10_min_child_weight": 0.0, "log10_subsample": -1.0, "max_depth": 5.0, "num_boost_round": 31.0}, "datetime": {"datetime": "2024-01-19 01:17:07", "elapsed": 3931.905084, "delta": 0.004845}}
{"target": -13.758496762160835, "params": {"gamma": 442.16053276810544, "log10_alpha": -4.606728643761715, "log10_colsample_bytree": -1.0, "log10_eta": -4.0, "log10_lambda": 1.0, "log10_min_child_weight": 0.0, "log10_subsample": -1.0, "max_depth": 5.0, "num_boost_round": 32.0}, "datetime": {"datetime": "2024-01-19 01:17:07", "elapsed": 3931.90988, "delta": 0.004796}}
{"target": -13.758494446103693, "params": {"gamma": 442.16053276810544, "log10_alpha": -4.606728643761715, "log10_colsample_bytree": -1.0, "log10_eta": -4.0, "log10_lambda": 1.0, "log10_min_child_weight": 0.0, "log10_subsample": -1.0, "max_depth": 5.0, "num_boost_round": 33.0}, "datetime": {"datetime": "2024-01-19 01:17:07", "elapsed": 3931.915566, "delta": 0.005686}}
{"target": -13.75849135158051, "params": {"gamma": 442.16053276810544, "log10_alpha": -4.606728643761715, "log10_colsample_bytree": -1.0, "log10_eta": -4.0, "log10_lambda": 1.0, "log10_min_child_weight": 0.0, "log10_subsample": -1.0, "max_depth": 5.0, "num_boost_round": 34.0}, "datetime": {"datetime": "2024-01-19 01:17:07", "elapsed": 3931.920573, "delta": 0.005007}}
{"target": -13.75848973215808, "params": {"gamma": 442.16053276810544, "log10_alpha": -4.606728643761715, "log10_colsample_bytree": -1.0, "log10_eta": -4.0, "log10_lambda": 1.0, "log10_min_child_weight": 0.0, "log10_subsample": -1.0, "max_depth": 5.0, "num_boost_round": 35.0}, "datetime": {"datetime": "2024-01-19 01:17:07", "elapsed": 3931.925375, "delta": 0.004802}}
{"target": -13.758488600455665, "params": {"gamma": 442.16053276810544, "log10_alpha": -4.606728643761715, "log10_colsample_bytree": -1.0, "log10_eta": -4.0, "log10_lambda": 1.0, "log10_min_child_weight": 0.0, "log10_subsample": -1.0, "max_depth": 5.0, "num_boost_round": 36.0}, "datetime": {"datetime": "2024-01-19 01:17:07", "elapsed": 3931.93074, "delta": 0.005365}}
{"target": -13.75848707364061, "params": {"gamma": 442.16053276810544, "log10_alpha": -4.606728643761715, "log10_colsample_bytree": -1.0, "log10_eta": -4.0, "log10_lambda": 1.0, "log10_min_child_weight": 0.0, "log10_subsample": -1.0, "max_depth": 5.0, "num_boost_round": 37.0}, "datetime": {"datetime": "2024-01-19 01:17:07", "elapsed": 3931.935717, "delta": 0.004977}}
{"target": -13.758488361460556, "params": {"gamma": 442.16053276810544, "log10_alpha": -4.606728643761715, "log10_colsample_bytree": -1.0, "log10_eta": -4.0, "log10_lambda": 1.0, "log10_min_child_weight": 0.0, "log10_subsample": -1.0, "max_depth": 5.0, "num_boost_round": 38.0}, "datetime": {"datetime": "2024-01-19 01:17:07", "elapsed": 3931.940774, "delta": 0.005057}}
{"target": -13.758486400479873, "params": {"gamma": 442.16053276810544, "log10_alpha": -4.606728643761715, "log10_colsample_bytree": -1.0, "log10_eta": -4.0, "log10_lambda": 1.0, "log10_min_child_weight": 0.0, "log10_subsample": -1.0, "max_depth": 5.0, "num_boost_round": 39.0}, "datetime": {"datetime": "2024-01-19 01:17:07", "elapsed": 3931.945639, "delta": 0.004865}}
{"target": -13.758487496802077, "params": {"gamma": 442.16053276810544, "log10_alpha": -4.606728643761715, "log10_colsample_bytree": -1.0, "log10_eta": -4.0, "log10_lambda": 1.0, "log10_min_child_weight": 0.0, "log10_subsample": -1.0, "max_depth": 5.0, "num_boost_round": 40.0}, "datetime": {"datetime": "2024-01-19 01:17:07", "elapsed": 3931.950401, "delta": 0.004762}}
{"target": -13.758487413660863, "params": {"gamma": 442.16053276810544, "log10_alpha": -4.606728643761715, "log10_colsample_bytree": -1.0, "log10_eta": -4.0, "log10_lambda": 1.0, "log10_min_child_weight": 0.0, "log10_subsample": -1.0, "max_depth": 5.0, "num_boost_round": 41.0}, "datetime": {"datetime": "2024-01-19 01:17:07", "elapsed": 3931.955133, "delta": 0.004732}}
{"target": -13.758486855825447, "params": {"gamma": 442.16053276810544, "log10_alpha": -4.606728643761715, "log10_colsample_bytree": -1.0, "log10_eta": -4.0, "log10_lambda": 1.0, "log10_min_child_weight": 0.0, "log10_subsample": -1.0, "max_depth": 5.0, "num_boost_round": 42.0}, "datetime": {"datetime": "2024-01-19 01:17:07", "elapsed": 3931.960172, "delta": 0.005039}}
{"target": -13.758485006957786, "params": {"gamma": 442.16053276810544, "log10_alpha": -4.606728643761715, "log10_colsample_bytree": -1.0, "log10_eta": -4.0, "log10_lambda": 1.0, "log10_min_child_weight": 0.0, "log10_subsample": -1.0, "max_depth": 5.0, "num_boost_round": 43.0}, "datetime": {"datetime": "2024-01-19 01:17:07", "elapsed": 3931.964972, "delta": 0.0048}}
{"target": -13.758484333474616, "params": {"gamma": 442.16053276810544, "log10_alpha": -4.606728643761715, "log10_colsample_bytree": -1.0, "log10_eta": -4.0, "log10_lambda": 1.0, "log10_min_child_weight": 0.0, "log10_subsample": -1.0, "max_depth": 5.0, "num_boost_round": 44.0}, "datetime": {"datetime": "2024-01-19 01:17:07", "elapsed": 3931.969771, "delta": 0.004799}}
{"target": -13.75848221114659, "params": {"gamma": 442.16053276810544, "log10_alpha": -4.606728643761715, "log10_colsample_bytree": -1.0, "log10_eta": -4.0, "log10_lambda": 1.0, "log10_min_child_weight": 0.0, "log10_subsample": -1.0, "max_depth": 5.0, "num_boost_round": 45.0}, "datetime": {"datetime": "2024-01-19 01:17:07", "elapsed": 3931.974648, "delta": 0.004877}}
{"target": -13.758482482084515, "params": {"gamma": 442.16053276810544, "log10_alpha": -4.606728643761715, "log10_colsample_bytree": -1.0, "log10_eta": -4.0, "log10_lambda": 1.0, "log10_min_child_weight": 0.0, "log10_subsample": -1.0, "max_depth": 5.0, "num_boost_round": 46.0}, "datetime": {"datetime": "2024-01-19 01:17:07", "elapsed": 3931.979547, "delta": 0.004899}}
{"target": -13.758481003914747, "params": {"gamma": 442.16053276810544, "log10_alpha": -4.606728643761715, "log10_colsample_bytree": -1.0, "log10_eta": -4.0, "log10_lambda": 1.0, "log10_min_child_weight": 0.0, "log10_subsample": -1.0, "max_depth": 5.0, "num_boost_round": 47.0}, "datetime": {"datetime": "2024-01-19 01:17:07", "elapsed": 3931.984313, "delta": 0.004766}}
{"target": -13.758480744526418, "params": {"gamma": 442.16053276810544, "log10_alpha": -4.606728643761715, "log10_colsample_bytree": -1.0, "log10_eta": -4.0, "log10_lambda": 1.0, "log10_min_child_weight": 0.0, "log10_subsample": -1.0, "max_depth": 5.0, "num_boost_round": 48.0}, "datetime": {"datetime": "2024-01-19 01:17:08", "elapsed": 3931.989073, "delta": 0.00476}}
{"target": -13.758481019939682, "params": {"gamma": 442.16053276810544, "log10_alpha": -4.606728643761715, "log10_colsample_bytree": -1.0, "log10_eta": -4.0, "log10_lambda": 1.0, "log10_min_child_weight": 0.0, "log10_subsample": -1.0, "max_depth": 5.0, "num_boost_round": 49.0}, "datetime": {"datetime": "2024-01-19 01:17:08", "elapsed": 3931.993941, "delta": 0.004868}}
{"target": -13.758480337197179, "params": {"gamma": 442.16053276810544, "log10_alpha": -4.606728643761715, "log10_colsample_bytree": -1.0, "log10_eta": -4.0, "log10_lambda": 1.0, "log10_min_child_weight": 0.0, "log10_subsample": -1.0, "max_depth": 5.0, "num_boost_round": 50.0}, "datetime": {"datetime": "2024-01-19 01:17:08", "elapsed": 3931.99879, "delta": 0.004849}}
{"target": -13.758480079213474, "params": {"gamma": 442.16053276810544, "log10_alpha": -4.606728643761715, "log10_colsample_bytree": -1.0, "log10_eta": -4.0, "log10_lambda": 1.0, "log10_min_child_weight": 0.0, "log10_subsample": -1.0, "max_depth": 5.0, "num_boost_round": 51.0}, "datetime": {"datetime": "2024-01-19 01:17:08", "elapsed": 3932.003534, "delta": 0.004744}}
{"target": -13.75847980385882, "params": {"gamma": 442.16053276810544, "log10_alpha": -4.606728643761715, "log10_colsample_bytree": -1.0, "log10_eta": -4.0, "log10_lambda": 1.0, "log10_min_child_weight": 0.0, "log10_subsample": -1.0, "max_depth": 5.0, "num_boost_round": 52.0}, "datetime": {"datetime": "2024-01-19 01:17:08", "elapsed": 3932.008292, "delta": 0.004758}}
{"target": -13.758478230566658, "params": {"gamma": 442.16053276810544, "log10_alpha": -4.606728643761715, "log10_colsample_bytree": -1.0, "log10_eta": -4.0, "log10_lambda": 1.0, "log10_min_child_weight": 0.0, "log10_subsample": -1.0, "max_depth": 5.0, "num_boost_round": 53.0}, "datetime": {"datetime": "2024-01-19 01:17:08", "elapsed": 3932.013069, "delta": 0.004777}}
{"target": -13.758475025798877, "params": {"gamma": 442.16053276810544, "log10_alpha": -4.606728643761715, "log10_colsample_bytree": -1.0, "log10_eta": -4.0, "log10_lambda": 1.0, "log10_min_child_weight": 0.0, "log10_subsample": -1.0, "max_depth": 5.0, "num_boost_round": 54.0}, "datetime": {"datetime": "2024-01-19 01:17:08", "elapsed": 3932.017852, "delta": 0.004783}}
{"target": -13.758473964991039, "params": {"gamma": 442.16053276810544, "log10_alpha": -4.606728643761715, "log10_colsample_bytree": -1.0, "log10_eta": -4.0, "log10_lambda": 1.0, "log10_min_child_weight": 0.0, "log10_subsample": -1.0, "max_depth": 5.0, "num_boost_round": 55.0}, "datetime": {"datetime": "2024-01-19 01:17:08", "elapsed": 3932.022559, "delta": 0.004707}}
{"target": -13.758475296634533, "params": {"gamma": 442.16053276810544, "log10_alpha": -4.606728643761715, "log10_colsample_bytree": -1.0, "log10_eta": -4.0, "log10_lambda": 1.0, "log10_min_child_weight": 0.0, "log10_subsample": -1.0, "max_depth": 5.0, "num_boost_round": 56.0}, "datetime": {"datetime": "2024-01-19 01:17:08", "elapsed": 3932.027265, "delta": 0.004706}}
{"target": -13.758472976651404, "params": {"gamma": 442.16053276810544, "log10_alpha": -4.606728643761715, "log10_colsample_bytree": -1.0, "log10_eta": -4.0, "log10_lambda": 1.0, "log10_min_child_weight": 0.0, "log10_subsample": -1.0, "max_depth": 5.0, "num_boost_round": 57.0}, "datetime": {"datetime": "2024-01-19 01:17:08", "elapsed": 3932.032019, "delta": 0.004754}}
{"target": -13.758471187461604, "params": {"gamma": 442.16053276810544, "log10_alpha": -4.606728643761715, "log10_colsample_bytree": -1.0, "log10_eta": -4.0, "log10_lambda": 1.0, "log10_min_child_weight": 0.0, "log10_subsample": -1.0, "max_depth": 5.0, "num_boost_round": 58.0}, "datetime": {"datetime": "2024-01-19 01:17:08", "elapsed": 3932.036911, "delta": 0.004892}}
{"target": -13.758466423903977, "params": {"gamma": 442.16053276810544, "log10_alpha": -4.606728643761715, "log10_colsample_bytree": -1.0, "log10_eta": -4.0, "log10_lambda": 1.0, "log10_min_child_weight": 0.0, "log10_subsample": -1.0, "max_depth": 5.0, "num_boost_round": 59.0}, "datetime": {"datetime": "2024-01-19 01:17:08", "elapsed": 3932.041682, "delta": 0.004771}}
{"target": -13.758465889626422, "params": {"gamma": 442.16053276810544, "log10_alpha": -4.606728643761715, "log10_colsample_bytree": -1.0, "log10_eta": -4.0, "log10_lambda": 1.0, "log10_min_child_weight": 0.0, "log10_subsample": -1.0, "max_depth": 5.0, "num_boost_round": 60.0}, "datetime": {"datetime": "2024-01-19 01:17:08", "elapsed": 3932.046468, "delta": 0.004786}}
{"target": -13.758464107376888, "params": {"gamma": 442.16053276810544, "log10_alpha": -4.606728643761715, "log10_colsample_bytree": -1.0, "log10_eta": -4.0, "log10_lambda": 1.0, "log10_min_child_weight": 0.0, "log10_subsample": -1.0, "max_depth": 5.0, "num_boost_round": 61.0}, "datetime": {"datetime": "2024-01-19 01:17:08", "elapsed": 3932.051221, "delta": 0.004753}}
{"target": -13.758463043582077, "params": {"gamma": 442.16053276810544, "log10_alpha": -4.606728643761715, "log10_colsample_bytree": -1.0, "log10_eta": -4.0, "log10_lambda": 1.0, "log10_min_child_weight": 0.0, "log10_subsample": -1.0, "max_depth": 5.0, "num_boost_round": 62.0}, "datetime": {"datetime": "2024-01-19 01:17:08", "elapsed": 3932.056087, "delta": 0.004866}}
{"target": -13.758460526666168, "params": {"gamma": 442.16053276810544, "log10_alpha": -4.606728643761715, "log10_colsample_bytree": -1.0, "log10_eta": -4.0, "log10_lambda": 1.0, "log10_min_child_weight": 0.0, "log10_subsample": -1.0, "max_depth": 5.0, "num_boost_round": 63.0}, "datetime": {"datetime": "2024-01-19 01:17:08", "elapsed": 3932.060877, "delta": 0.00479}}
{"target": -13.758462010332943, "params": {"gamma": 442.16053276810544, "log10_alpha": -4.606728643761715, "log10_colsample_bytree": -1.0, "log10_eta": -4.0, "log10_lambda": 1.0, "log10_min_child_weight": 0.0, "log10_subsample": -1.0, "max_depth": 5.0, "num_boost_round": 64.0}, "datetime": {"datetime": "2024-01-19 01:17:08", "elapsed": 3932.066476, "delta": 0.005599}}
{"target": -13.758461918703455, "params": {"gamma": 442.16053276810544, "log10_alpha": -4.606728643761715, "log10_colsample_bytree": -1.0, "log10_eta": -4.0, "log10_lambda": 1.0, "log10_min_child_weight": 0.0, "log10_subsample": -1.0, "max_depth": 5.0, "num_boost_round": 65.0}, "datetime": {"datetime": "2024-01-19 01:17:08", "elapsed": 3932.071429, "delta": 0.004953}}
{"target": -13.758462268486307, "params": {"gamma": 442.16053276810544, "log10_alpha": -4.606728643761715, "log10_colsample_bytree": -1.0, "log10_eta": -4.0, "log10_lambda": 1.0, "log10_min_child_weight": 0.0, "log10_subsample": -1.0, "max_depth": 5.0, "num_boost_round": 66.0}, "datetime": {"datetime": "2024-01-19 01:17:08", "elapsed": 3932.077347, "delta": 0.005918}}
{"target": -13.758456232540924, "params": {"gamma": 442.16053276810544, "log10_alpha": -4.606728643761715, "log10_colsample_bytree": -1.0, "log10_eta": -4.0, "log10_lambda": 1.0, "log10_min_child_weight": 0.0, "log10_subsample": -1.0, "max_depth": 5.0, "num_boost_round": 67.0}, "datetime": {"datetime": "2024-01-19 01:17:08", "elapsed": 3932.082752, "delta": 0.005405}}
{"target": -13.758455677364132, "params": {"gamma": 442.16053276810544, "log10_alpha": -4.606728643761715, "log10_colsample_bytree": -1.0, "log10_eta": -4.0, "log10_lambda": 1.0, "log10_min_child_weight": 0.0, "log10_subsample": -1.0, "max_depth": 5.0, "num_boost_round": 68.0}, "datetime": {"datetime": "2024-01-19 01:17:08", "elapsed": 3932.087686, "delta": 0.004934}}
{"target": -13.75682511040301, "params": {"gamma": 513.0517971031715, "log10_alpha": 0.7948599148907256, "log10_colsample_bytree": -0.45959035707410045, "log10_eta": -1.0763226066513987, "log10_lambda": 0.7696427255591871, "log10_min_child_weight": 0.8567066742215268, "log10_subsample": -0.2972590290205137, "max_depth": 4.0, "num_boost_round": 0.0}, "datetime": {"datetime": "2024-01-19 01:18:30", "elapsed": 4014.002033, "delta": 81.914347}}
{"target": -13.759058882474173, "params": {"gamma": 513.0517971031715, "log10_alpha": 0.7948599148907256, "log10_colsample_bytree": -0.45959035707410045, "log10_eta": -1.0763226066513987, "log10_lambda": 0.7696427255591871, "log10_min_child_weight": 0.8567066742215268, "log10_subsample": -0.2972590290205137, "max_depth": 4.0, "num_boost_round": 1.0}, "datetime": {"datetime": "2024-01-19 01:18:30", "elapsed": 4014.00759, "delta": 0.005557}}
{"target": -13.762769730174202, "params": {"gamma": 513.0517971031715, "log10_alpha": 0.7948599148907256, "log10_colsample_bytree": -0.45959035707410045, "log10_eta": -1.0763226066513987, "log10_lambda": 0.7696427255591871, "log10_min_child_weight": 0.8567066742215268, "log10_subsample": -0.2972590290205137, "max_depth": 4.0, "num_boost_round": 2.0}, "datetime": {"datetime": "2024-01-19 01:18:30", "elapsed": 4014.012547, "delta": 0.004957}}
{"target": -13.762385416774153, "params": {"gamma": 513.0517971031715, "log10_alpha": 0.7948599148907256, "log10_colsample_bytree": -0.45959035707410045, "log10_eta": -1.0763226066513987, "log10_lambda": 0.7696427255591871, "log10_min_child_weight": 0.8567066742215268, "log10_subsample": -0.2972590290205137, "max_depth": 4.0, "num_boost_round": 3.0}, "datetime": {"datetime": "2024-01-19 01:18:30", "elapsed": 4014.017456, "delta": 0.004909}}
