{"target": -13.75717720838974, "params": {"gamma": 497.9183537954365, "log10_alpha": -1.674133957144793, "log10_colsample_bytree": -0.24873206175126694, "log10_eta": -1.696440289226381, "log10_lambda": 0.8568537479010745, "log10_min_child_weight": 1.253399920001812, "log10_subsample": -0.9285773181281491, "max_depth": 2.0, "num_boost_round": 24.0}, "datetime": {"datetime": "2024-01-19 00:46:19", "elapsed": 2083.174904, "delta": 0.003308}}
{"target": -13.757314585789226, "params": {"gamma": 497.9183537954365, "log10_alpha": -1.674133957144793, "log10_colsample_bytree": -0.24873206175126694, "log10_eta": -1.696440289226381, "log10_lambda": 0.8568537479010745, "log10_min_child_weight": 1.253399920001812, "log10_subsample": -0.9285773181281491, "max_depth": 2.0, "num_boost_round": 25.0}, "datetime": {"datetime": "2024-01-19 00:46:19", "elapsed": 2083.17819, "delta": 0.003286}}
{"target": -13.757041121922306, "params": {"gamma": 497.9183537954365, "log10_alpha": -1.674133957144793, "log10_colsample_bytree": -0.24873206175126694, "log10_eta": -1.696440289226381, "log10_lambda": 0.8568537479010745, "log10_min_child_weight": 1.253399920001812, "log10_subsample": -0.9285773181281491, "max_depth": 2.0, "num_boost_round": 26.0}, "datetime": {"datetime": "2024-01-19 00:46:19", "elapsed": 2083.181431, "delta": 0.003241}}
{"target": -13.757024574570377, "params": {"gamma": 497.9183537954365, "log10_alpha": -1.674133957144793, "log10_colsample_bytree": -0.24873206175126694, "log10_eta": -1.696440289226381, "log10_lambda": 0.8568537479010745, "log10_min_child_weight": 1.253399920001812, "log10_subsample": -0.9285773181281491, "max_depth": 2.0, "num_boost_round": 27.0}, "datetime": {"datetime": "2024-01-19 00:46:19", "elapsed": 2083.184658, "delta": 0.003227}}
{"target": -13.757151698055116, "params": {"gamma": 497.9183537954365, "log10_alpha": -1.674133957144793, "log10_colsample_bytree": -0.24873206175126694, "log10_eta": -1.696440289226381, "log10_lambda": 0.8568537479010745, "log10_min_child_weight": 1.253399920001812, "log10_subsample": -0.9285773181281491, "max_depth": 2.0, "num_boost_round": 28.0}, "datetime": {"datetime": "2024-01-19 00:46:19", "elapsed": 2083.187835, "delta": 0.003177}}
{"target": -13.757376483878954, "params": {"gamma": 497.9183537954365, "log10_alpha": -1.674133957144793, "log10_colsample_bytree": -0.24873206175126694, "log10_eta": -1.696440289226381, "log10_lambda": 0.8568537479010745, "log10_min_child_weight": 1.253399920001812, "log10_subsample": -0.9285773181281491, "max_depth": 2.0, "num_boost_round": 29.0}, "datetime": {"datetime": "2024-01-19 00:46:19", "elapsed": 2083.191073, "delta": 0.003238}}
{"target": -13.757202980026136, "params": {"gamma": 497.9183537954365, "log10_alpha": -1.674133957144793, "log10_colsample_bytree": -0.24873206175126694, "log10_eta": -1.696440289226381, "log10_lambda": 0.8568537479010745, "log10_min_child_weight": 1.253399920001812, "log10_subsample": -0.9285773181281491, "max_depth": 2.0, "num_boost_round": 30.0}, "datetime": {"datetime": "2024-01-19 00:46:19", "elapsed": 2083.194291, "delta": 0.003218}}
{"target": -13.757391671269053, "params": {"gamma": 497.9183537954365, "log10_alpha": -1.674133957144793, "log10_colsample_bytree": -0.24873206175126694, "log10_eta": -1.696440289226381, "log10_lambda": 0.8568537479010745, "log10_min_child_weight": 1.253399920001812, "log10_subsample": -0.9285773181281491, "max_depth": 2.0, "num_boost_round": 31.0}, "datetime": {"datetime": "2024-01-19 00:46:19", "elapsed": 2083.197474, "delta": 0.003183}}
{"target": -13.757550180776871, "params": {"gamma": 497.9183537954365, "log10_alpha": -1.674133957144793, "log10_colsample_bytree": -0.24873206175126694, "log10_eta": -1.696440289226381, "log10_lambda": 0.8568537479010745, "log10_min_child_weight": 1.253399920001812, "log10_subsample": -0.9285773181281491, "max_depth": 2.0, "num_boost_round": 32.0}, "datetime": {"datetime": "2024-01-19 00:46:19", "elapsed": 2083.200645, "delta": 0.003171}}
{"target": -13.758537994899331, "params": {"gamma": 461.7786567076444, "log10_alpha": -3.0901685699162442, "log10_colsample_bytree": 0.0, "log10_eta": -4.0, "log10_lambda": 1.0, "log10_min_child_weight": 5.0, "log10_subsample": -0.5691725936024221, "max_depth": 2.0, "num_boost_round": 0.0}, "datetime": {"datetime": "2024-01-19 00:47:09", "elapsed": 2133.032214, "delta": 49.831569}}
{"target": -13.75853758626567, "params": {"gamma": 461.7786567076444, "log10_alpha": -3.0901685699162442, "log10_colsample_bytree": 0.0, "log10_eta": -4.0, "log10_lambda": 1.0, "log10_min_child_weight": 5.0, "log10_subsample": -0.5691725936024221, "max_depth": 2.0, "num_boost_round": 1.0}, "datetime": {"datetime": "2024-01-19 00:47:09", "elapsed": 2133.036269, "delta": 0.004055}}
{"target": -13.758537284978887, "params": {"gamma": 461.7786567076444, "log10_alpha": -3.0901685699162442, "log10_colsample_bytree": 0.0, "log10_eta": -4.0, "log10_lambda": 1.0, "log10_min_child_weight": 5.0, "log10_subsample": -0.5691725936024221, "max_depth": 2.0, "num_boost_round": 2.0}, "datetime": {"datetime": "2024-01-19 00:47:09", "elapsed": 2133.04, "delta": 0.003731}}
{"target": -13.758536808233803, "params": {"gamma": 461.7786567076444, "log10_alpha": -3.0901685699162442, "log10_colsample_bytree": 0.0, "log10_eta": -4.0, "log10_lambda": 1.0, "log10_min_child_weight": 5.0, "log10_subsample": -0.5691725936024221, "max_depth": 2.0, "num_boost_round": 3.0}, "datetime": {"datetime": "2024-01-19 00:47:09", "elapsed": 2133.043244, "delta": 0.003244}}
{"target": -13.758536342327881, "params": {"gamma": 461.7786567076444, "log10_alpha": -3.0901685699162442, "log10_colsample_bytree": 0.0, "log10_eta": -4.0, "log10_lambda": 1.0, "log10_min_child_weight": 5.0, "log10_subsample": -0.5691725936024221, "max_depth": 2.0, "num_boost_round": 4.0}, "datetime": {"datetime": "2024-01-19 00:47:09", "elapsed": 2133.046571, "delta": 0.003327}}
{"target": -13.758535859421045, "params": {"gamma": 461.7786567076444, "log10_alpha": -3.0901685699162442, "log10_colsample_bytree": 0.0, "log10_eta": -4.0, "log10_lambda": 1.0, "log10_min_child_weight": 5.0, "log10_subsample": -0.5691725936024221, "max_depth": 2.0, "num_boost_round": 5.0}, "datetime": {"datetime": "2024-01-19 00:47:09", "elapsed": 2133.049829, "delta": 0.003258}}
{"target": -13.758535436845008, "params": {"gamma": 461.7786567076444, "log10_alpha": -3.0901685699162442, "log10_colsample_bytree": 0.0, "log10_eta": -4.0, "log10_lambda": 1.0, "log10_min_child_weight": 5.0, "log10_subsample": -0.5691725936024221, "max_depth": 2.0, "num_boost_round": 6.0}, "datetime": {"datetime": "2024-01-19 00:47:09", "elapsed": 2133.053048, "delta": 0.003219}}
{"target": -13.758534986587975, "params": {"gamma": 461.7786567076444, "log10_alpha": -3.0901685699162442, "log10_colsample_bytree": 0.0, "log10_eta": -4.0, "log10_lambda": 1.0, "log10_min_child_weight": 5.0, "log10_subsample": -0.5691725936024221, "max_depth": 2.0, "num_boost_round": 7.0}, "datetime": {"datetime": "2024-01-19 00:47:09", "elapsed": 2133.056372, "delta": 0.003324}}
{"target": -13.758534513610435, "params": {"gamma": 461.7786567076444, "log10_alpha": -3.0901685699162442, "log10_colsample_bytree": 0.0, "log10_eta": -4.0, "log10_lambda": 1.0, "log10_min_child_weight": 5.0, "log10_subsample": -0.5691725936024221, "max_depth": 2.0, "num_boost_round": 8.0}, "datetime": {"datetime": "2024-01-19 00:47:09", "elapsed": 2133.059639, "delta": 0.003267}}
{"target": -13.75853468636643, "params": {"gamma": 461.7786567076444, "log10_alpha": -3.0901685699162442, "log10_colsample_bytree": 0.0, "log10_eta": -4.0, "log10_lambda": 1.0, "log10_min_child_weight": 5.0, "log10_subsample": -0.5691725936024221, "max_depth": 2.0, "num_boost_round": 9.0}, "datetime": {"datetime": "2024-01-19 00:47:09", "elapsed": 2133.062884, "delta": 0.003245}}
{"target": -13.758534260101849, "params": {"gamma": 461.7786567076444, "log10_alpha": -3.0901685699162442, "log10_colsample_bytree": 0.0, "log10_eta": -4.0, "log10_lambda": 1.0, "log10_min_child_weight": 5.0, "log10_subsample": -0.5691725936024221, "max_depth": 2.0, "num_boost_round": 10.0}, "datetime": {"datetime": "2024-01-19 00:47:09", "elapsed": 2133.06619, "delta": 0.003306}}
{"target": -13.75853381015622, "params": {"gamma": 461.7786567076444, "log10_alpha": -3.0901685699162442, "log10_colsample_bytree": 0.0, "log10_eta": -4.0, "log10_lambda": 1.0, "log10_min_child_weight": 5.0, "log10_subsample": -0.5691725936024221, "max_depth": 2.0, "num_boost_round": 11.0}, "datetime": {"datetime": "2024-01-19 00:47:09", "elapsed": 2133.069401, "delta": 0.003211}}
{"target": -13.758533305735108, "params": {"gamma": 461.7786567076444, "log10_alpha": -3.0901685699162442, "log10_colsample_bytree": 0.0, "log10_eta": -4.0, "log10_lambda": 1.0, "log10_min_child_weight": 5.0, "log10_subsample": -0.5691725936024221, "max_depth": 2.0, "num_boost_round": 12.0}, "datetime": {"datetime": "2024-01-19 00:47:09", "elapsed": 2133.072702, "delta": 0.003301}}
{"target": -13.758532900379592, "params": {"gamma": 461.7786567076444, "log10_alpha": -3.0901685699162442, "log10_colsample_bytree": 0.0, "log10_eta": -4.0, "log10_lambda": 1.0, "log10_min_child_weight": 5.0, "log10_subsample": -0.5691725936024221, "max_depth": 2.0, "num_boost_round": 13.0}, "datetime": {"datetime": "2024-01-19 00:47:09", "elapsed": 2133.076113, "delta": 0.003411}}
{"target": -13.758532612334271, "params": {"gamma": 461.7786567076444, "log10_alpha": -3.0901685699162442, "log10_colsample_bytree": 0.0, "log10_eta": -4.0, "log10_lambda": 1.0, "log10_min_child_weight": 5.0, "log10_subsample": -0.5691725936024221, "max_depth": 2.0, "num_boost_round": 14.0}, "datetime": {"datetime": "2024-01-19 00:47:09", "elapsed": 2133.079533, "delta": 0.00342}}
{"target": -13.758532135080161, "params": {"gamma": 461.7786567076444, "log10_alpha": -3.0901685699162442, "log10_colsample_bytree": 0.0, "log10_eta": -4.0, "log10_lambda": 1.0, "log10_min_child_weight": 5.0, "log10_subsample": -0.5691725936024221, "max_depth": 2.0, "num_boost_round": 15.0}, "datetime": {"datetime": "2024-01-19 00:47:09", "elapsed": 2133.082905, "delta": 0.003372}}
{"target": -13.758531727557891, "params": {"gamma": 461.7786567076444, "log10_alpha": -3.0901685699162442, "log10_colsample_bytree": 0.0, "log10_eta": -4.0, "log10_lambda": 1.0, "log10_min_child_weight": 5.0, "log10_subsample": -0.5691725936024221, "max_depth": 2.0, "num_boost_round": 16.0}, "datetime": {"datetime": "2024-01-19 00:47:09", "elapsed": 2133.086188, "delta": 0.003283}}
{"target": -13.758531249866536, "params": {"gamma": 461.7786567076444, "log10_alpha": -3.0901685699162442, "log10_colsample_bytree": 0.0, "log10_eta": -4.0, "log10_lambda": 1.0, "log10_min_child_weight": 5.0, "log10_subsample": -0.5691725936024221, "max_depth": 2.0, "num_boost_round": 17.0}, "datetime": {"datetime": "2024-01-19 00:47:09", "elapsed": 2133.089483, "delta": 0.003295}}
{"target": -13.758530864304708, "params": {"gamma": 461.7786567076444, "log10_alpha": -3.0901685699162442, "log10_colsample_bytree": 0.0, "log10_eta": -4.0, "log10_lambda": 1.0, "log10_min_child_weight": 5.0, "log10_subsample": -0.5691725936024221, "max_depth": 2.0, "num_boost_round": 18.0}, "datetime": {"datetime": "2024-01-19 00:47:09", "elapsed": 2133.092789, "delta": 0.003306}}
{"target": -13.758530429057451, "params": {"gamma": 461.7786567076444, "log10_alpha": -3.0901685699162442, "log10_colsample_bytree": 0.0, "log10_eta": -4.0, "log10_lambda": 1.0, "log10_min_child_weight": 5.0, "log10_subsample": -0.5691725936024221, "max_depth": 2.0, "num_boost_round": 19.0}, "datetime": {"datetime": "2024-01-19 00:47:09", "elapsed": 2133.096086, "delta": 0.003297}}
{"target": -13.758529981571655, "params": {"gamma": 461.7786567076444, "log10_alpha": -3.0901685699162442, "log10_colsample_bytree": 0.0, "log10_eta": -4.0, "log10_lambda": 1.0, "log10_min_child_weight": 5.0, "log10_subsample": -0.5691725936024221, "max_depth": 2.0, "num_boost_round": 20.0}, "datetime": {"datetime": "2024-01-19 00:47:09", "elapsed": 2133.099339, "delta": 0.003253}}
{"target": -13.758529934545587, "params": {"gamma": 461.7786567076444, "log10_alpha": -3.0901685699162442, "log10_colsample_bytree": 0.0, "log10_eta": -4.0, "log10_lambda": 1.0, "log10_min_child_weight": 5.0, "log10_subsample": -0.5691725936024221, "max_depth": 2.0, "num_boost_round": 21.0}, "datetime": {"datetime": "2024-01-19 00:47:09", "elapsed": 2133.102544, "delta": 0.003205}}
{"target": -13.75852970573713, "params": {"gamma": 461.7786567076444, "log10_alpha": -3.0901685699162442, "log10_colsample_bytree": 0.0, "log10_eta": -4.0, "log10_lambda": 1.0, "log10_min_child_weight": 5.0, "log10_subsample": -0.5691725936024221, "max_depth": 2.0, "num_boost_round": 22.0}, "datetime": {"datetime": "2024-01-19 00:47:09", "elapsed": 2133.105827, "delta": 0.003283}}
{"target": -13.758529385347101, "params": {"gamma": 461.7786567076444, "log10_alpha": -3.0901685699162442, "log10_colsample_bytree": 0.0, "log10_eta": -4.0, "log10_lambda": 1.0, "log10_min_child_weight": 5.0, "log10_subsample": -0.5691725936024221, "max_depth": 2.0, "num_boost_round": 23.0}, "datetime": {"datetime": "2024-01-19 00:47:09", "elapsed": 2133.109068, "delta": 0.003241}}
{"target": -13.758529333651765, "params": {"gamma": 461.7786567076444, "log10_alpha": -3.0901685699162442, "log10_colsample_bytree": 0.0, "log10_eta": -4.0, "log10_lambda": 1.0, "log10_min_child_weight": 5.0, "log10_subsample": -0.5691725936024221, "max_depth": 2.0, "num_boost_round": 24.0}, "datetime": {"datetime": "2024-01-19 00:47:09", "elapsed": 2133.112391, "delta": 0.003323}}
{"target": -13.758528938623764, "params": {"gamma": 461.7786567076444, "log10_alpha": -3.0901685699162442, "log10_colsample_bytree": 0.0, "log10_eta": -4.0, "log10_lambda": 1.0, "log10_min_child_weight": 5.0, "log10_subsample": -0.5691725936024221, "max_depth": 2.0, "num_boost_round": 25.0}, "datetime": {"datetime": "2024-01-19 00:47:09", "elapsed": 2133.115724, "delta": 0.003333}}
{"target": -13.758528529875973, "params": {"gamma": 461.7786567076444, "log10_alpha": -3.0901685699162442, "log10_colsample_bytree": 0.0, "log10_eta": -4.0, "log10_lambda": 1.0, "log10_min_child_weight": 5.0, "log10_subsample": -0.5691725936024221, "max_depth": 2.0, "num_boost_round": 26.0}, "datetime": {"datetime": "2024-01-19 00:47:09", "elapsed": 2133.11899, "delta": 0.003266}}
{"target": -13.758528216076003, "params": {"gamma": 461.7786567076444, "log10_alpha": -3.0901685699162442, "log10_colsample_bytree": 0.0, "log10_eta": -4.0, "log10_lambda": 1.0, "log10_min_child_weight": 5.0, "log10_subsample": -0.5691725936024221, "max_depth": 2.0, "num_boost_round": 27.0}, "datetime": {"datetime": "2024-01-19 00:47:09", "elapsed": 2133.122256, "delta": 0.003266}}
{"target": -13.75852776639356, "params": {"gamma": 461.7786567076444, "log10_alpha": -3.0901685699162442, "log10_colsample_bytree": 0.0, "log10_eta": -4.0, "log10_lambda": 1.0, "log10_min_child_weight": 5.0, "log10_subsample": -0.5691725936024221, "max_depth": 2.0, "num_boost_round": 28.0}, "datetime": {"datetime": "2024-01-19 00:47:09", "elapsed": 2133.1256, "delta": 0.003344}}
{"target": -13.758527352318422, "params": {"gamma": 461.7786567076444, "log10_alpha": -3.0901685699162442, "log10_colsample_bytree": 0.0, "log10_eta": -4.0, "log10_lambda": 1.0, "log10_min_child_weight": 5.0, "log10_subsample": -0.5691725936024221, "max_depth": 2.0, "num_boost_round": 29.0}, "datetime": {"datetime": "2024-01-19 00:47:09", "elapsed": 2133.12892, "delta": 0.00332}}
{"target": -13.758526987778755, "params": {"gamma": 461.7786567076444, "log10_alpha": -3.0901685699162442, "log10_colsample_bytree": 0.0, "log10_eta": -4.0, "log10_lambda": 1.0, "log10_min_child_weight": 5.0, "log10_subsample": -0.5691725936024221, "max_depth": 2.0, "num_boost_round": 30.0}, "datetime": {"datetime": "2024-01-19 00:47:09", "elapsed": 2133.132229, "delta": 0.003309}}
{"target": -13.758526513622138, "params": {"gamma": 461.7786567076444, "log10_alpha": -3.0901685699162442, "log10_colsample_bytree": 0.0, "log10_eta": -4.0, "log10_lambda": 1.0, "log10_min_child_weight": 5.0, "log10_subsample": -0.5691725936024221, "max_depth": 2.0, "num_boost_round": 31.0}, "datetime": {"datetime": "2024-01-19 00:47:09", "elapsed": 2133.135561, "delta": 0.003332}}
{"target": -13.758526185719788, "params": {"gamma": 461.7786567076444, "log10_alpha": -3.0901685699162442, "log10_colsample_bytree": 0.0, "log10_eta": -4.0, "log10_lambda": 1.0, "log10_min_child_weight": 5.0, "log10_subsample": -0.5691725936024221, "max_depth": 2.0, "num_boost_round": 32.0}, "datetime": {"datetime": "2024-01-19 00:47:09", "elapsed": 2133.138817, "delta": 0.003256}}
{"target": -13.758525757858225, "params": {"gamma": 461.7786567076444, "log10_alpha": -3.0901685699162442, "log10_colsample_bytree": 0.0, "log10_eta": -4.0, "log10_lambda": 1.0, "log10_min_child_weight": 5.0, "log10_subsample": -0.5691725936024221, "max_depth": 2.0, "num_boost_round": 33.0}, "datetime": {"datetime": "2024-01-19 00:47:09", "elapsed": 2133.142078, "delta": 0.003261}}
{"target": -13.758525428733778, "params": {"gamma": 461.7786567076444, "log10_alpha": -3.0901685699162442, "log10_colsample_bytree": 0.0, "log10_eta": -4.0, "log10_lambda": 1.0, "log10_min_child_weight": 5.0, "log10_subsample": -0.5691725936024221, "max_depth": 2.0, "num_boost_round": 34.0}, "datetime": {"datetime": "2024-01-19 00:47:09", "elapsed": 2133.145412, "delta": 0.003334}}
{"target": -13.758525385201452, "params": {"gamma": 461.7786567076444, "log10_alpha": -3.0901685699162442, "log10_colsample_bytree": 0.0, "log10_eta": -4.0, "log10_lambda": 1.0, "log10_min_child_weight": 5.0, "log10_subsample": -0.5691725936024221, "max_depth": 2.0, "num_boost_round": 35.0}, "datetime": {"datetime": "2024-01-19 00:47:09", "elapsed": 2133.148668, "delta": 0.003256}}
{"target": -13.758524937006433, "params": {"gamma": 461.7786567076444, "log10_alpha": -3.0901685699162442, "log10_colsample_bytree": 0.0, "log10_eta": -4.0, "log10_lambda": 1.0, "log10_min_child_weight": 5.0, "log10_subsample": -0.5691725936024221, "max_depth": 2.0, "num_boost_round": 36.0}, "datetime": {"datetime": "2024-01-19 00:47:09", "elapsed": 2133.151979, "delta": 0.003311}}
{"target": -13.75852514918266, "params": {"gamma": 461.7786567076444, "log10_alpha": -3.0901685699162442, "log10_colsample_bytree": 0.0, "log10_eta": -4.0, "log10_lambda": 1.0, "log10_min_child_weight": 5.0, "log10_subsample": -0.5691725936024221, "max_depth": 2.0, "num_boost_round": 37.0}, "datetime": {"datetime": "2024-01-19 00:47:09", "elapsed": 2133.155358, "delta": 0.003379}}
{"target": -13.758524824092877, "params": {"gamma": 461.7786567076444, "log10_alpha": -3.0901685699162442, "log10_colsample_bytree": 0.0, "log10_eta": -4.0, "log10_lambda": 1.0, "log10_min_child_weight": 5.0, "log10_subsample": -0.5691725936024221, "max_depth": 2.0, "num_boost_round": 38.0}, "datetime": {"datetime": "2024-01-19 00:47:09", "elapsed": 2133.158608, "delta": 0.00325}}
{"target": -13.758524566634005, "params": {"gamma": 461.7786567076444, "log10_alpha": -3.0901685699162442, "log10_colsample_bytree": 0.0, "log10_eta": -4.0, "log10_lambda": 1.0, "log10_min_child_weight": 5.0, "log10_subsample": -0.5691725936024221, "max_depth": 2.0, "num_boost_round": 39.0}, "datetime": {"datetime": "2024-01-19 00:47:09", "elapsed": 2133.161872, "delta": 0.003264}}
{"target": -13.758524160887248, "params": {"gamma": 461.7786567076444, "log10_alpha": -3.0901685699162442, "log10_colsample_bytree": 0.0, "log10_eta": -4.0, "log10_lambda": 1.0, "log10_min_child_weight": 5.0, "log10_subsample": -0.5691725936024221, "max_depth": 2.0, "num_boost_round": 40.0}, "datetime": {"datetime": "2024-01-19 00:47:09", "elapsed": 2133.165155, "delta": 0.003283}}
{"target": -13.758523803467488, "params": {"gamma": 461.7786567076444, "log10_alpha": -3.0901685699162442, "log10_colsample_bytree": 0.0, "log10_eta": -4.0, "log10_lambda": 1.0, "log10_min_child_weight": 5.0, "log10_subsample": -0.5691725936024221, "max_depth": 2.0, "num_boost_round": 41.0}, "datetime": {"datetime": "2024-01-19 00:47:09", "elapsed": 2133.168413, "delta": 0.003258}}
{"target": -13.758527811465006, "params": {"gamma": 499.66675341110357, "log10_alpha": 0.28270514280696446, "log10_colsample_bytree": -0.6205610954660662, "log10_eta": -3.0719620580321085, "log10_lambda": -1.882760620554338, "log10_min_child_weight": 3.5039782230283434, "log10_subsample": -0.9252804030360393, "max_depth": 3.0, "num_boost_round": 0.0}, "datetime": {"datetime": "2024-01-19 00:47:57", "elapsed": 2181.465541, "delta": 48.297128}}
{"target": -13.758530715887204, "params": {"gamma": 499.66675341110357, "log10_alpha": 0.28270514280696446, "log10_colsample_bytree": -0.6205610954660662, "log10_eta": -3.0719620580321085, "log10_lambda": -1.882760620554338, "log10_min_child_weight": 3.5039782230283434, "log10_subsample": -0.9252804030360393, "max_depth": 3.0, "num_boost_round": 1.0}, "datetime": {"datetime": "2024-01-19 00:47:57", "elapsed": 2181.469961, "delta": 0.00442}}
{"target": -13.75853342524017, "params": {"gamma": 499.66675341110357, "log10_alpha": 0.28270514280696446, "log10_colsample_bytree": -0.6205610954660662, "log10_eta": -3.0719620580321085, "log10_lambda": -1.882760620554338, "log10_min_child_weight": 3.5039782230283434, "log10_subsample": -0.9252804030360393, "max_depth": 3.0, "num_boost_round": 2.0}, "datetime": {"datetime": "2024-01-19 00:47:57", "elapsed": 2181.473263, "delta": 0.003302}}
{"target": -13.758531636622521, "params": {"gamma": 499.66675341110357, "log10_alpha": 0.28270514280696446, "log10_colsample_bytree": -0.6205610954660662, "log10_eta": -3.0719620580321085, "log10_lambda": -1.882760620554338, "log10_min_child_weight": 3.5039782230283434, "log10_subsample": -0.9252804030360393, "max_depth": 3.0, "num_boost_round": 3.0}, "datetime": {"datetime": "2024-01-19 00:47:57", "elapsed": 2181.476705, "delta": 0.003442}}
