{"target": -17.676537839138287, "params": {"gamma": 407.90832893067676, "log10_alpha": -4.521040826468844, "log10_colsample_bytree": -0.4944142947007373, "log10_eta": -3.292584729583526, "log10_lambda": -4.217909861817722, "log10_min_child_weight": 2.7636516056562126, "log10_subsample": -0.9669953611973579, "max_depth": 8.0, "num_boost_round": 62.0}, "datetime": {"datetime": "2024-01-19 00:40:53", "elapsed": 1743.359997, "delta": 0.002983}}
{"target": -17.67654504407063, "params": {"gamma": 407.90832893067676, "log10_alpha": -4.521040826468844, "log10_colsample_bytree": -0.4944142947007373, "log10_eta": -3.292584729583526, "log10_lambda": -4.217909861817722, "log10_min_child_weight": 2.7636516056562126, "log10_subsample": -0.9669953611973579, "max_depth": 8.0, "num_boost_round": 63.0}, "datetime": {"datetime": "2024-01-19 00:40:53", "elapsed": 1743.362875, "delta": 0.002878}}
{"target": -17.676522923462006, "params": {"gamma": 407.90832893067676, "log10_alpha": -4.521040826468844, "log10_colsample_bytree": -0.4944142947007373, "log10_eta": -3.292584729583526, "log10_lambda": -4.217909861817722, "log10_min_child_weight": 2.7636516056562126, "log10_subsample": -0.9669953611973579, "max_depth": 8.0, "num_boost_round": 64.0}, "datetime": {"datetime": "2024-01-19 00:40:53", "elapsed": 1743.365707, "delta": 0.002832}}
{"target": -17.676520373852686, "params": {"gamma": 407.90832893067676, "log10_alpha": -4.521040826468844, "log10_colsample_bytree": -0.4944142947007373, "log10_eta": -3.292584729583526, "log10_lambda": -4.217909861817722, "log10_min_child_weight": 2.7636516056562126, "log10_subsample": -0.9669953611973579, "max_depth": 8.0, "num_boost_round": 65.0}, "datetime": {"datetime": "2024-01-19 00:40:53", "elapsed": 1743.368498, "delta": 0.002791}}
{"target": -17.676498485777838, "params": {"gamma": 407.90832893067676, "log10_alpha": -4.521040826468844, "log10_colsample_bytree": -0.4944142947007373, "log10_eta": -3.292584729583526, "log10_lambda": -4.217909861817722, "log10_min_child_weight": 2.7636516056562126, "log10_subsample": -0.9669953611973579, "max_depth": 8.0, "num_boost_round": 66.0}, "datetime": {"datetime": "2024-01-19 00:40:53", "elapsed": 1743.371278, "delta": 0.00278}}
{"target": -17.676471125377514, "params": {"gamma": 407.90832893067676, "log10_alpha": -4.521040826468844, "log10_colsample_bytree": -0.4944142947007373, "log10_eta": -3.292584729583526, "log10_lambda": -4.217909861817722, "log10_min_child_weight": 2.7636516056562126, "log10_subsample": -0.9669953611973579, "max_depth": 8.0, "num_boost_round": 67.0}, "datetime": {"datetime": "2024-01-19 00:40:53", "elapsed": 1743.374071, "delta": 0.002793}}
{"target": -17.676472965590253, "params": {"gamma": 407.90832893067676, "log10_alpha": -4.521040826468844, "log10_colsample_bytree": -0.4944142947007373, "log10_eta": -3.292584729583526, "log10_lambda": -4.217909861817722, "log10_min_child_weight": 2.7636516056562126, "log10_subsample": -0.9669953611973579, "max_depth": 8.0, "num_boost_round": 68.0}, "datetime": {"datetime": "2024-01-19 00:40:53", "elapsed": 1743.376859, "delta": 0.002788}}
{"target": -17.676452952027006, "params": {"gamma": 407.90832893067676, "log10_alpha": -4.521040826468844, "log10_colsample_bytree": -0.4944142947007373, "log10_eta": -3.292584729583526, "log10_lambda": -4.217909861817722, "log10_min_child_weight": 2.7636516056562126, "log10_subsample": -0.9669953611973579, "max_depth": 8.0, "num_boost_round": 69.0}, "datetime": {"datetime": "2024-01-19 00:40:53", "elapsed": 1743.3797, "delta": 0.002841}}
{"target": -17.676482790673322, "params": {"gamma": 407.90832893067676, "log10_alpha": -4.521040826468844, "log10_colsample_bytree": -0.4944142947007373, "log10_eta": -3.292584729583526, "log10_lambda": -4.217909861817722, "log10_min_child_weight": 2.7636516056562126, "log10_subsample": -0.9669953611973579, "max_depth": 8.0, "num_boost_round": 70.0}, "datetime": {"datetime": "2024-01-19 00:40:53", "elapsed": 1743.382486, "delta": 0.002786}}
{"target": -17.676449154273808, "params": {"gamma": 407.90832893067676, "log10_alpha": -4.521040826468844, "log10_colsample_bytree": -0.4944142947007373, "log10_eta": -3.292584729583526, "log10_lambda": -4.217909861817722, "log10_min_child_weight": 2.7636516056562126, "log10_subsample": -0.9669953611973579, "max_depth": 8.0, "num_boost_round": 71.0}, "datetime": {"datetime": "2024-01-19 00:40:53", "elapsed": 1743.3853, "delta": 0.002814}}
{"target": -17.6764307803018, "params": {"gamma": 407.90832893067676, "log10_alpha": -4.521040826468844, "log10_colsample_bytree": -0.4944142947007373, "log10_eta": -3.292584729583526, "log10_lambda": -4.217909861817722, "log10_min_child_weight": 2.7636516056562126, "log10_subsample": -0.9669953611973579, "max_depth": 8.0, "num_boost_round": 72.0}, "datetime": {"datetime": "2024-01-19 00:40:53", "elapsed": 1743.38807, "delta": 0.00277}}
{"target": -17.67639895196873, "params": {"gamma": 407.90832893067676, "log10_alpha": -4.521040826468844, "log10_colsample_bytree": -0.4944142947007373, "log10_eta": -3.292584729583526, "log10_lambda": -4.217909861817722, "log10_min_child_weight": 2.7636516056562126, "log10_subsample": -0.9669953611973579, "max_depth": 8.0, "num_boost_round": 73.0}, "datetime": {"datetime": "2024-01-19 00:40:53", "elapsed": 1743.390875, "delta": 0.002805}}
{"target": -17.676400141187663, "params": {"gamma": 407.90832893067676, "log10_alpha": -4.521040826468844, "log10_colsample_bytree": -0.4944142947007373, "log10_eta": -3.292584729583526, "log10_lambda": -4.217909861817722, "log10_min_child_weight": 2.7636516056562126, "log10_subsample": -0.9669953611973579, "max_depth": 8.0, "num_boost_round": 74.0}, "datetime": {"datetime": "2024-01-19 00:40:53", "elapsed": 1743.393675, "delta": 0.0028}}
{"target": -17.676397927265636, "params": {"gamma": 407.90832893067676, "log10_alpha": -4.521040826468844, "log10_colsample_bytree": -0.4944142947007373, "log10_eta": -3.292584729583526, "log10_lambda": -4.217909861817722, "log10_min_child_weight": 2.7636516056562126, "log10_subsample": -0.9669953611973579, "max_depth": 8.0, "num_boost_round": 75.0}, "datetime": {"datetime": "2024-01-19 00:40:53", "elapsed": 1743.396469, "delta": 0.002794}}
{"target": -17.67638025617686, "params": {"gamma": 407.90832893067676, "log10_alpha": -4.521040826468844, "log10_colsample_bytree": -0.4944142947007373, "log10_eta": -3.292584729583526, "log10_lambda": -4.217909861817722, "log10_min_child_weight": 2.7636516056562126, "log10_subsample": -0.9669953611973579, "max_depth": 8.0, "num_boost_round": 76.0}, "datetime": {"datetime": "2024-01-19 00:40:53", "elapsed": 1743.399334, "delta": 0.002865}}
{"target": -17.67636563112744, "params": {"gamma": 407.90832893067676, "log10_alpha": -4.521040826468844, "log10_colsample_bytree": -0.4944142947007373, "log10_eta": -3.292584729583526, "log10_lambda": -4.217909861817722, "log10_min_child_weight": 2.7636516056562126, "log10_subsample": -0.9669953611973579, "max_depth": 8.0, "num_boost_round": 77.0}, "datetime": {"datetime": "2024-01-19 00:40:53", "elapsed": 1743.402124, "delta": 0.00279}}
{"target": -17.676338774177967, "params": {"gamma": 407.90832893067676, "log10_alpha": -4.521040826468844, "log10_colsample_bytree": -0.4944142947007373, "log10_eta": -3.292584729583526, "log10_lambda": -4.217909861817722, "log10_min_child_weight": 2.7636516056562126, "log10_subsample": -0.9669953611973579, "max_depth": 8.0, "num_boost_round": 78.0}, "datetime": {"datetime": "2024-01-19 00:40:53", "elapsed": 1743.404928, "delta": 0.002804}}
{"target": -17.67632802992567, "params": {"gamma": 407.90832893067676, "log10_alpha": -4.521040826468844, "log10_colsample_bytree": -0.4944142947007373, "log10_eta": -3.292584729583526, "log10_lambda": -4.217909861817722, "log10_min_child_weight": 2.7636516056562126, "log10_subsample": -0.9669953611973579, "max_depth": 8.0, "num_boost_round": 79.0}, "datetime": {"datetime": "2024-01-19 00:40:53", "elapsed": 1743.407742, "delta": 0.002814}}
{"target": -17.676329422405992, "params": {"gamma": 407.90832893067676, "log10_alpha": -4.521040826468844, "log10_colsample_bytree": -0.4944142947007373, "log10_eta": -3.292584729583526, "log10_lambda": -4.217909861817722, "log10_min_child_weight": 2.7636516056562126, "log10_subsample": -0.9669953611973579, "max_depth": 8.0, "num_boost_round": 80.0}, "datetime": {"datetime": "2024-01-19 00:40:53", "elapsed": 1743.410889, "delta": 0.003147}}
{"target": -17.676299838387465, "params": {"gamma": 407.90832893067676, "log10_alpha": -4.521040826468844, "log10_colsample_bytree": -0.4944142947007373, "log10_eta": -3.292584729583526, "log10_lambda": -4.217909861817722, "log10_min_child_weight": 2.7636516056562126, "log10_subsample": -0.9669953611973579, "max_depth": 8.0, "num_boost_round": 81.0}, "datetime": {"datetime": "2024-01-19 00:40:53", "elapsed": 1743.413878, "delta": 0.002989}}
{"target": -17.676287223555498, "params": {"gamma": 407.90832893067676, "log10_alpha": -4.521040826468844, "log10_colsample_bytree": -0.4944142947007373, "log10_eta": -3.292584729583526, "log10_lambda": -4.217909861817722, "log10_min_child_weight": 2.7636516056562126, "log10_subsample": -0.9669953611973579, "max_depth": 8.0, "num_boost_round": 82.0}, "datetime": {"datetime": "2024-01-19 00:40:53", "elapsed": 1743.416716, "delta": 0.002838}}
{"target": -17.676258666070595, "params": {"gamma": 407.90832893067676, "log10_alpha": -4.521040826468844, "log10_colsample_bytree": -0.4944142947007373, "log10_eta": -3.292584729583526, "log10_lambda": -4.217909861817722, "log10_min_child_weight": 2.7636516056562126, "log10_subsample": -0.9669953611973579, "max_depth": 8.0, "num_boost_round": 83.0}, "datetime": {"datetime": "2024-01-19 00:40:53", "elapsed": 1743.41948, "delta": 0.002764}}
{"target": -17.676260159689914, "params": {"gamma": 407.90832893067676, "log10_alpha": -4.521040826468844, "log10_colsample_bytree": -0.4944142947007373, "log10_eta": -3.292584729583526, "log10_lambda": -4.217909861817722, "log10_min_child_weight": 2.7636516056562126, "log10_subsample": -0.9669953611973579, "max_depth": 8.0, "num_boost_round": 84.0}, "datetime": {"datetime": "2024-01-19 00:40:53", "elapsed": 1743.422425, "delta": 0.002945}}
{"target": -17.67713489347041, "params": {"gamma": 412.53160528509767, "log10_alpha": -4.575267200348702, "log10_colsample_bytree": -0.1429297358832915, "log10_eta": -3.2668186568215636, "log10_lambda": 0.17339290593039358, "log10_min_child_weight": 0.9295203085215031, "log10_subsample": -0.15756424285357196, "max_depth": 9.0, "num_boost_round": 0.0}, "datetime": {"datetime": "2024-01-19 00:41:33", "elapsed": 1783.331416, "delta": 39.908991}}
{"target": -17.67710030376335, "params": {"gamma": 412.53160528509767, "log10_alpha": -4.575267200348702, "log10_colsample_bytree": -0.1429297358832915, "log10_eta": -3.2668186568215636, "log10_lambda": 0.17339290593039358, "log10_min_child_weight": 0.9295203085215031, "log10_subsample": -0.15756424285357196, "max_depth": 9.0, "num_boost_round": 1.0}, "datetime": {"datetime": "2024-01-19 00:41:33", "elapsed": 1783.335298, "delta": 0.003882}}
{"target": -17.67701940497654, "params": {"gamma": 412.53160528509767, "log10_alpha": -4.575267200348702, "log10_colsample_bytree": -0.1429297358832915, "log10_eta": -3.2668186568215636, "log10_lambda": 0.17339290593039358, "log10_min_child_weight": 0.9295203085215031, "log10_subsample": -0.15756424285357196, "max_depth": 9.0, "num_boost_round": 2.0}, "datetime": {"datetime": "2024-01-19 00:41:33", "elapsed": 1783.338793, "delta": 0.003495}}
{"target": -17.676976362697154, "params": {"gamma": 412.53160528509767, "log10_alpha": -4.575267200348702, "log10_colsample_bytree": -0.1429297358832915, "log10_eta": -3.2668186568215636, "log10_lambda": 0.17339290593039358, "log10_min_child_weight": 0.9295203085215031, "log10_subsample": -0.15756424285357196, "max_depth": 9.0, "num_boost_round": 3.0}, "datetime": {"datetime": "2024-01-19 00:41:33", "elapsed": 1783.342177, "delta": 0.003384}}
{"target": -17.676928847896534, "params": {"gamma": 412.53160528509767, "log10_alpha": -4.575267200348702, "log10_colsample_bytree": -0.1429297358832915, "log10_eta": -3.2668186568215636, "log10_lambda": 0.17339290593039358, "log10_min_child_weight": 0.9295203085215031, "log10_subsample": -0.15756424285357196, "max_depth": 9.0, "num_boost_round": 4.0}, "datetime": {"datetime": "2024-01-19 00:41:33", "elapsed": 1783.345212, "delta": 0.003035}}
{"target": -17.67689104189988, "params": {"gamma": 412.53160528509767, "log10_alpha": -4.575267200348702, "log10_colsample_bytree": -0.1429297358832915, "log10_eta": -3.2668186568215636, "log10_lambda": 0.17339290593039358, "log10_min_child_weight": 0.9295203085215031, "log10_subsample": -0.15756424285357196, "max_depth": 9.0, "num_boost_round": 5.0}, "datetime": {"datetime": "2024-01-19 00:41:33", "elapsed": 1783.348332, "delta": 0.00312}}
{"target": -17.676832919792854, "params": {"gamma": 412.53160528509767, "log10_alpha": -4.575267200348702, "log10_colsample_bytree": -0.1429297358832915, "log10_eta": -3.2668186568215636, "log10_lambda": 0.17339290593039358, "log10_min_child_weight": 0.9295203085215031, "log10_subsample": -0.15756424285357196, "max_depth": 9.0, "num_boost_round": 6.0}, "datetime": {"datetime": "2024-01-19 00:41:33", "elapsed": 1783.351493, "delta": 0.003161}}
{"target": -17.676817095449753, "params": {"gamma": 412.53160528509767, "log10_alpha": -4.575267200348702, "log10_colsample_bytree": -0.1429297358832915, "log10_eta": -3.2668186568215636, "log10_lambda": 0.17339290593039358, "log10_min_child_weight": 0.9295203085215031, "log10_subsample": -0.15756424285357196, "max_depth": 9.0, "num_boost_round": 7.0}, "datetime": {"datetime": "2024-01-19 00:41:33", "elapsed": 1783.354337, "delta": 0.002844}}
{"target": -17.676778417224888, "params": {"gamma": 412.53160528509767, "log10_alpha": -4.575267200348702, "log10_colsample_bytree": -0.1429297358832915, "log10_eta": -3.2668186568215636, "log10_lambda": 0.17339290593039358, "log10_min_child_weight": 0.9295203085215031, "log10_subsample": -0.15756424285357196, "max_depth": 9.0, "num_boost_round": 8.0}, "datetime": {"datetime": "2024-01-19 00:41:33", "elapsed": 1783.357225, "delta": 0.002888}}
{"target": -17.676738555148262, "params": {"gamma": 412.53160528509767, "log10_alpha": -4.575267200348702, "log10_colsample_bytree": -0.1429297358832915, "log10_eta": -3.2668186568215636, "log10_lambda": 0.17339290593039358, "log10_min_child_weight": 0.9295203085215031, "log10_subsample": -0.15756424285357196, "max_depth": 9.0, "num_boost_round": 9.0}, "datetime": {"datetime": "2024-01-19 00:41:33", "elapsed": 1783.359994, "delta": 0.002769}}
{"target": -17.67673364744879, "params": {"gamma": 412.53160528509767, "log10_alpha": -4.575267200348702, "log10_colsample_bytree": -0.1429297358832915, "log10_eta": -3.2668186568215636, "log10_lambda": 0.17339290593039358, "log10_min_child_weight": 0.9295203085215031, "log10_subsample": -0.15756424285357196, "max_depth": 9.0, "num_boost_round": 10.0}, "datetime": {"datetime": "2024-01-19 00:41:33", "elapsed": 1783.362784, "delta": 0.00279}}
{"target": -17.67668341504336, "params": {"gamma": 412.53160528509767, "log10_alpha": -4.575267200348702, "log10_colsample_bytree": -0.1429297358832915, "log10_eta": -3.2668186568215636, "log10_lambda": 0.17339290593039358, "log10_min_child_weight": 0.9295203085215031, "log10_subsample": -0.15756424285357196, "max_depth": 9.0, "num_boost_round": 11.0}, "datetime": {"datetime": "2024-01-19 00:41:33", "elapsed": 1783.365554, "delta": 0.00277}}
{"target": -17.676679992318025, "params": {"gamma": 412.53160528509767, "log10_alpha": -4.575267200348702, "log10_colsample_bytree": -0.1429297358832915, "log10_eta": -3.2668186568215636, "log10_lambda": 0.17339290593039358, "log10_min_child_weight": 0.9295203085215031, "log10_subsample": -0.15756424285357196, "max_depth": 9.0, "num_boost_round": 12.0}, "datetime": {"datetime": "2024-01-19 00:41:33", "elapsed": 1783.368331, "delta": 0.002777}}
{"target": -17.676636755816737, "params": {"gamma": 412.53160528509767, "log10_alpha": -4.575267200348702, "log10_colsample_bytree": -0.1429297358832915, "log10_eta": -3.2668186568215636, "log10_lambda": 0.17339290593039358, "log10_min_child_weight": 0.9295203085215031, "log10_subsample": -0.15756424285357196, "max_depth": 9.0, "num_boost_round": 13.0}, "datetime": {"datetime": "2024-01-19 00:41:33", "elapsed": 1783.371084, "delta": 0.002753}}
{"target": -17.676585707997827, "params": {"gamma": 412.53160528509767, "log10_alpha": -4.575267200348702, "log10_colsample_bytree": -0.1429297358832915, "log10_eta": -3.2668186568215636, "log10_lambda": 0.17339290593039358, "log10_min_child_weight": 0.9295203085215031, "log10_subsample": -0.15756424285357196, "max_depth": 9.0, "num_boost_round": 14.0}, "datetime": {"datetime": "2024-01-19 00:41:33", "elapsed": 1783.373858, "delta": 0.002774}}
{"target": -17.67657117621481, "params": {"gamma": 412.53160528509767, "log10_alpha": -4.575267200348702, "log10_colsample_bytree": -0.1429297358832915, "log10_eta": -3.2668186568215636, "log10_lambda": 0.17339290593039358, "log10_min_child_weight": 0.9295203085215031, "log10_subsample": -0.15756424285357196, "max_depth": 9.0, "num_boost_round": 15.0}, "datetime": {"datetime": "2024-01-19 00:41:33", "elapsed": 1783.376648, "delta": 0.00279}}
{"target": -17.676559933419128, "params": {"gamma": 412.53160528509767, "log10_alpha": -4.575267200348702, "log10_colsample_bytree": -0.1429297358832915, "log10_eta": -3.2668186568215636, "log10_lambda": 0.17339290593039358, "log10_min_child_weight": 0.9295203085215031, "log10_subsample": -0.15756424285357196, "max_depth": 9.0, "num_boost_round": 16.0}, "datetime": {"datetime": "2024-01-19 00:41:33", "elapsed": 1783.379461, "delta": 0.002813}}
{"target": -17.67652560902793, "params": {"gamma": 412.53160528509767, "log10_alpha": -4.575267200348702, "log10_colsample_bytree": -0.1429297358832915, "log10_eta": -3.2668186568215636, "log10_lambda": 0.17339290593039358, "log10_min_child_weight": 0.9295203085215031, "log10_subsample": -0.15756424285357196, "max_depth": 9.0, "num_boost_round": 17.0}, "datetime": {"datetime": "2024-01-19 00:41:33", "elapsed": 1783.382194, "delta": 0.002733}}
{"target": -17.676530901017337, "params": {"gamma": 412.53160528509767, "log10_alpha": -4.575267200348702, "log10_colsample_bytree": -0.1429297358832915, "log10_eta": -3.2668186568215636, "log10_lambda": 0.17339290593039358, "log10_min_child_weight": 0.9295203085215031, "log10_subsample": -0.15756424285357196, "max_depth": 9.0, "num_boost_round": 18.0}, "datetime": {"datetime": "2024-01-19 00:41:33", "elapsed": 1783.384948, "delta": 0.002754}}
{"target": -17.676488861349295, "params": {"gamma": 412.53160528509767, "log10_alpha": -4.575267200348702, "log10_colsample_bytree": -0.1429297358832915, "log10_eta": -3.2668186568215636, "log10_lambda": 0.17339290593039358, "log10_min_child_weight": 0.9295203085215031, "log10_subsample": -0.15756424285357196, "max_depth": 9.0, "num_boost_round": 19.0}, "datetime": {"datetime": "2024-01-19 00:41:33", "elapsed": 1783.387709, "delta": 0.002761}}
{"target": -17.676478932492127, "params": {"gamma": 412.53160528509767, "log10_alpha": -4.575267200348702, "log10_colsample_bytree": -0.1429297358832915, "log10_eta": -3.2668186568215636, "log10_lambda": 0.17339290593039358, "log10_min_child_weight": 0.9295203085215031, "log10_subsample": -0.15756424285357196, "max_depth": 9.0, "num_boost_round": 20.0}, "datetime": {"datetime": "2024-01-19 00:41:33", "elapsed": 1783.390452, "delta": 0.002743}}
{"target": -17.676460025439468, "params": {"gamma": 412.53160528509767, "log10_alpha": -4.575267200348702, "log10_colsample_bytree": -0.1429297358832915, "log10_eta": -3.2668186568215636, "log10_lambda": 0.17339290593039358, "log10_min_child_weight": 0.9295203085215031, "log10_subsample": -0.15756424285357196, "max_depth": 9.0, "num_boost_round": 21.0}, "datetime": {"datetime": "2024-01-19 00:41:33", "elapsed": 1783.393213, "delta": 0.002761}}
{"target": -17.6764301224413, "params": {"gamma": 412.53160528509767, "log10_alpha": -4.575267200348702, "log10_colsample_bytree": -0.1429297358832915, "log10_eta": -3.2668186568215636, "log10_lambda": 0.17339290593039358, "log10_min_child_weight": 0.9295203085215031, "log10_subsample": -0.15756424285357196, "max_depth": 9.0, "num_boost_round": 22.0}, "datetime": {"datetime": "2024-01-19 00:41:33", "elapsed": 1783.395997, "delta": 0.002784}}
{"target": -17.676396410225966, "params": {"gamma": 412.53160528509767, "log10_alpha": -4.575267200348702, "log10_colsample_bytree": -0.1429297358832915, "log10_eta": -3.2668186568215636, "log10_lambda": 0.17339290593039358, "log10_min_child_weight": 0.9295203085215031, "log10_subsample": -0.15756424285357196, "max_depth": 9.0, "num_boost_round": 23.0}, "datetime": {"datetime": "2024-01-19 00:41:33", "elapsed": 1783.398769, "delta": 0.002772}}
{"target": -17.676461737355673, "params": {"gamma": 407.288006763423, "log10_alpha": -2.3255038678547133, "log10_colsample_bytree": -0.33049632945397556, "log10_eta": -1.2245617677267364, "log10_lambda": -4.923057504865728, "log10_min_child_weight": 1.5663000576871577, "log10_subsample": -0.06519577490470307, "max_depth": 2.0, "num_boost_round": 0.0}, "datetime": {"datetime": "2024-01-19 00:42:21", "elapsed": 1831.152722, "delta": 47.753953}}
{"target": -17.675716821882485, "params": {"gamma": 407.288006763423, "log10_alpha": -2.3255038678547133, "log10_colsample_bytree": -0.33049632945397556, "log10_eta": -1.2245617677267364, "log10_lambda": -4.923057504865728, "log10_min_child_weight": 1.5663000576871577, "log10_subsample": -0.06519577490470307, "max_depth": 2.0, "num_boost_round": 1.0}, "datetime": {"datetime": "2024-01-19 00:42:21", "elapsed": 1831.156021, "delta": 0.003299}}
