{"target": -13.758528126077312, "params": {"gamma": 83.88288246290043, "log10_alpha": -4.72475159349569, "log10_colsample_bytree": -0.8552337796224536, "log10_eta": -3.7160863400412953, "log10_lambda": -1.4339594145935664, "log10_min_child_weight": 4.27189220317465, "log10_subsample": -0.8021070544120228, "max_depth": 6.0, "num_boost_round": 20.0}, "datetime": {"datetime": "2024-01-19 02:06:07", "elapsed": 6887.646215, "delta": 0.005141}}
{"target": -13.75852719360385, "params": {"gamma": 83.88288246290043, "log10_alpha": -4.72475159349569, "log10_colsample_bytree": -0.8552337796224536, "log10_eta": -3.7160863400412953, "log10_lambda": -1.4339594145935664, "log10_min_child_weight": 4.27189220317465, "log10_subsample": -0.8021070544120228, "max_depth": 6.0, "num_boost_round": 21.0}, "datetime": {"datetime": "2024-01-19 02:06:07", "elapsed": 6887.651213, "delta": 0.004998}}
{"target": -13.75852783143686, "params": {"gamma": 83.88288246290043, "log10_alpha": -4.72475159349569, "log10_colsample_bytree": -0.8552337796224536, "log10_eta": -3.7160863400412953, "log10_lambda": -1.4339594145935664, "log10_min_child_weight": 4.27189220317465, "log10_subsample": -0.8021070544120228, "max_depth": 6.0, "num_boost_round": 22.0}, "datetime": {"datetime": "2024-01-19 02:06:07", "elapsed": 6887.656226, "delta": 0.005013}}
{"target": -13.75852719064428, "params": {"gamma": 83.88288246290043, "log10_alpha": -4.72475159349569, "log10_colsample_bytree": -0.8552337796224536, "log10_eta": -3.7160863400412953, "log10_lambda": -1.4339594145935664, "log10_min_child_weight": 4.27189220317465, "log10_subsample": -0.8021070544120228, "max_depth": 6.0, "num_boost_round": 23.0}, "datetime": {"datetime": "2024-01-19 02:06:07", "elapsed": 6887.661271, "delta": 0.005045}}
{"target": -13.758526490884611, "params": {"gamma": 83.88288246290043, "log10_alpha": -4.72475159349569, "log10_colsample_bytree": -0.8552337796224536, "log10_eta": -3.7160863400412953, "log10_lambda": -1.4339594145935664, "log10_min_child_weight": 4.27189220317465, "log10_subsample": -0.8021070544120228, "max_depth": 6.0, "num_boost_round": 24.0}, "datetime": {"datetime": "2024-01-19 02:06:07", "elapsed": 6887.666516, "delta": 0.005245}}
{"target": -13.758526470055472, "params": {"gamma": 83.88288246290043, "log10_alpha": -4.72475159349569, "log10_colsample_bytree": -0.8552337796224536, "log10_eta": -3.7160863400412953, "log10_lambda": -1.4339594145935664, "log10_min_child_weight": 4.27189220317465, "log10_subsample": -0.8021070544120228, "max_depth": 6.0, "num_boost_round": 25.0}, "datetime": {"datetime": "2024-01-19 02:06:07", "elapsed": 6887.671484, "delta": 0.004968}}
{"target": -13.758525253259062, "params": {"gamma": 83.88288246290043, "log10_alpha": -4.72475159349569, "log10_colsample_bytree": -0.8552337796224536, "log10_eta": -3.7160863400412953, "log10_lambda": -1.4339594145935664, "log10_min_child_weight": 4.27189220317465, "log10_subsample": -0.8021070544120228, "max_depth": 6.0, "num_boost_round": 26.0}, "datetime": {"datetime": "2024-01-19 02:06:07", "elapsed": 6887.67647, "delta": 0.004986}}
{"target": -13.758522855196183, "params": {"gamma": 83.88288246290043, "log10_alpha": -4.72475159349569, "log10_colsample_bytree": -0.8552337796224536, "log10_eta": -3.7160863400412953, "log10_lambda": -1.4339594145935664, "log10_min_child_weight": 4.27189220317465, "log10_subsample": -0.8021070544120228, "max_depth": 6.0, "num_boost_round": 27.0}, "datetime": {"datetime": "2024-01-19 02:06:07", "elapsed": 6887.681484, "delta": 0.005014}}
{"target": -13.758521035159935, "params": {"gamma": 83.88288246290043, "log10_alpha": -4.72475159349569, "log10_colsample_bytree": -0.8552337796224536, "log10_eta": -3.7160863400412953, "log10_lambda": -1.4339594145935664, "log10_min_child_weight": 4.27189220317465, "log10_subsample": -0.8021070544120228, "max_depth": 6.0, "num_boost_round": 28.0}, "datetime": {"datetime": "2024-01-19 02:06:07", "elapsed": 6887.686464, "delta": 0.00498}}
{"target": -13.758519699795055, "params": {"gamma": 83.88288246290043, "log10_alpha": -4.72475159349569, "log10_colsample_bytree": -0.8552337796224536, "log10_eta": -3.7160863400412953, "log10_lambda": -1.4339594145935664, "log10_min_child_weight": 4.27189220317465, "log10_subsample": -0.8021070544120228, "max_depth": 6.0, "num_boost_round": 29.0}, "datetime": {"datetime": "2024-01-19 02:06:07", "elapsed": 6887.691517, "delta": 0.005053}}
{"target": -13.758518284604772, "params": {"gamma": 83.88288246290043, "log10_alpha": -4.72475159349569, "log10_colsample_bytree": -0.8552337796224536, "log10_eta": -3.7160863400412953, "log10_lambda": -1.4339594145935664, "log10_min_child_weight": 4.27189220317465, "log10_subsample": -0.8021070544120228, "max_depth": 6.0, "num_boost_round": 30.0}, "datetime": {"datetime": "2024-01-19 02:06:07", "elapsed": 6887.696827, "delta": 0.00531}}
{"target": -13.758517548788902, "params": {"gamma": 83.88288246290043, "log10_alpha": -4.72475159349569, "log10_colsample_bytree": -0.8552337796224536, "log10_eta": -3.7160863400412953, "log10_lambda": -1.4339594145935664, "log10_min_child_weight": 4.27189220317465, "log10_subsample": -0.8021070544120228, "max_depth": 6.0, "num_boost_round": 31.0}, "datetime": {"datetime": "2024-01-19 02:06:07", "elapsed": 6887.701925, "delta": 0.005098}}
{"target": -13.758516474684805, "params": {"gamma": 83.88288246290043, "log10_alpha": -4.72475159349569, "log10_colsample_bytree": -0.8552337796224536, "log10_eta": -3.7160863400412953, "log10_lambda": -1.4339594145935664, "log10_min_child_weight": 4.27189220317465, "log10_subsample": -0.8021070544120228, "max_depth": 6.0, "num_boost_round": 32.0}, "datetime": {"datetime": "2024-01-19 02:06:07", "elapsed": 6887.706954, "delta": 0.005029}}
{"target": -13.758514600808166, "params": {"gamma": 83.88288246290043, "log10_alpha": -4.72475159349569, "log10_colsample_bytree": -0.8552337796224536, "log10_eta": -3.7160863400412953, "log10_lambda": -1.4339594145935664, "log10_min_child_weight": 4.27189220317465, "log10_subsample": -0.8021070544120228, "max_depth": 6.0, "num_boost_round": 33.0}, "datetime": {"datetime": "2024-01-19 02:06:07", "elapsed": 6887.71205, "delta": 0.005096}}
{"target": -13.758515012260245, "params": {"gamma": 83.88288246290043, "log10_alpha": -4.72475159349569, "log10_colsample_bytree": -0.8552337796224536, "log10_eta": -3.7160863400412953, "log10_lambda": -1.4339594145935664, "log10_min_child_weight": 4.27189220317465, "log10_subsample": -0.8021070544120228, "max_depth": 6.0, "num_boost_round": 34.0}, "datetime": {"datetime": "2024-01-19 02:06:07", "elapsed": 6887.717114, "delta": 0.005064}}
{"target": -13.758514861007313, "params": {"gamma": 83.88288246290043, "log10_alpha": -4.72475159349569, "log10_colsample_bytree": -0.8552337796224536, "log10_eta": -3.7160863400412953, "log10_lambda": -1.4339594145935664, "log10_min_child_weight": 4.27189220317465, "log10_subsample": -0.8021070544120228, "max_depth": 6.0, "num_boost_round": 35.0}, "datetime": {"datetime": "2024-01-19 02:06:07", "elapsed": 6887.722173, "delta": 0.005059}}
{"target": -13.758514754359055, "params": {"gamma": 83.88288246290043, "log10_alpha": -4.72475159349569, "log10_colsample_bytree": -0.8552337796224536, "log10_eta": -3.7160863400412953, "log10_lambda": -1.4339594145935664, "log10_min_child_weight": 4.27189220317465, "log10_subsample": -0.8021070544120228, "max_depth": 6.0, "num_boost_round": 36.0}, "datetime": {"datetime": "2024-01-19 02:06:07", "elapsed": 6887.728548, "delta": 0.006375}}
{"target": -13.758311487777654, "params": {"gamma": 80.88054524934152, "log10_alpha": 0.28033592403500585, "log10_colsample_bytree": -0.32235611110668894, "log10_eta": -1.2029660718083877, "log10_lambda": -3.0246494119017138, "log10_min_child_weight": 4.664536828172674, "log10_subsample": -0.721527718455541, "max_depth": 4.0, "num_boost_round": 0.0}, "datetime": {"datetime": "2024-01-19 02:07:03", "elapsed": 6943.119582, "delta": 55.391034}}
{"target": -13.758179482381717, "params": {"gamma": 80.88054524934152, "log10_alpha": 0.28033592403500585, "log10_colsample_bytree": -0.32235611110668894, "log10_eta": -1.2029660718083877, "log10_lambda": -3.0246494119017138, "log10_min_child_weight": 4.664536828172674, "log10_subsample": -0.721527718455541, "max_depth": 4.0, "num_boost_round": 1.0}, "datetime": {"datetime": "2024-01-19 02:07:03", "elapsed": 6943.125501, "delta": 0.005919}}
{"target": -13.75835599355991, "params": {"gamma": 80.88054524934152, "log10_alpha": 0.28033592403500585, "log10_colsample_bytree": -0.32235611110668894, "log10_eta": -1.2029660718083877, "log10_lambda": -3.0246494119017138, "log10_min_child_weight": 4.664536828172674, "log10_subsample": -0.721527718455541, "max_depth": 4.0, "num_boost_round": 2.0}, "datetime": {"datetime": "2024-01-19 02:07:03", "elapsed": 6943.131277, "delta": 0.005776}}
{"target": -13.75826663862209, "params": {"gamma": 80.88054524934152, "log10_alpha": 0.28033592403500585, "log10_colsample_bytree": -0.32235611110668894, "log10_eta": -1.2029660718083877, "log10_lambda": -3.0246494119017138, "log10_min_child_weight": 4.664536828172674, "log10_subsample": -0.721527718455541, "max_depth": 4.0, "num_boost_round": 3.0}, "datetime": {"datetime": "2024-01-19 02:07:03", "elapsed": 6943.136489, "delta": 0.005212}}
{"target": -13.758585909677985, "params": {"gamma": 80.88054524934152, "log10_alpha": 0.28033592403500585, "log10_colsample_bytree": -0.32235611110668894, "log10_eta": -1.2029660718083877, "log10_lambda": -3.0246494119017138, "log10_min_child_weight": 4.664536828172674, "log10_subsample": -0.721527718455541, "max_depth": 4.0, "num_boost_round": 4.0}, "datetime": {"datetime": "2024-01-19 02:07:03", "elapsed": 6943.141922, "delta": 0.005433}}
{"target": -13.758587908285095, "params": {"gamma": 80.88054524934152, "log10_alpha": 0.28033592403500585, "log10_colsample_bytree": -0.32235611110668894, "log10_eta": -1.2029660718083877, "log10_lambda": -3.0246494119017138, "log10_min_child_weight": 4.664536828172674, "log10_subsample": -0.721527718455541, "max_depth": 4.0, "num_boost_round": 5.0}, "datetime": {"datetime": "2024-01-19 02:07:03", "elapsed": 6943.146935, "delta": 0.005013}}
{"target": -13.758997244186332, "params": {"gamma": 80.88054524934152, "log10_alpha": 0.28033592403500585, "log10_colsample_bytree": -0.32235611110668894, "log10_eta": -1.2029660718083877, "log10_lambda": -3.0246494119017138, "log10_min_child_weight": 4.664536828172674, "log10_subsample": -0.721527718455541, "max_depth": 4.0, "num_boost_round": 6.0}, "datetime": {"datetime": "2024-01-19 02:07:03", "elapsed": 6943.152054, "delta": 0.005119}}
{"target": -13.759244589120142, "params": {"gamma": 80.88054524934152, "log10_alpha": 0.28033592403500585, "log10_colsample_bytree": -0.32235611110668894, "log10_eta": -1.2029660718083877, "log10_lambda": -3.0246494119017138, "log10_min_child_weight": 4.664536828172674, "log10_subsample": -0.721527718455541, "max_depth": 4.0, "num_boost_round": 7.0}, "datetime": {"datetime": "2024-01-19 02:07:03", "elapsed": 6943.157232, "delta": 0.005178}}
{"target": -13.759418202188822, "params": {"gamma": 80.88054524934152, "log10_alpha": 0.28033592403500585, "log10_colsample_bytree": -0.32235611110668894, "log10_eta": -1.2029660718083877, "log10_lambda": -3.0246494119017138, "log10_min_child_weight": 4.664536828172674, "log10_subsample": -0.721527718455541, "max_depth": 4.0, "num_boost_round": 8.0}, "datetime": {"datetime": "2024-01-19 02:07:03", "elapsed": 6943.162997, "delta": 0.005765}}
{"target": -13.759765068570712, "params": {"gamma": 80.88054524934152, "log10_alpha": 0.28033592403500585, "log10_colsample_bytree": -0.32235611110668894, "log10_eta": -1.2029660718083877, "log10_lambda": -3.0246494119017138, "log10_min_child_weight": 4.664536828172674, "log10_subsample": -0.721527718455541, "max_depth": 4.0, "num_boost_round": 9.0}, "datetime": {"datetime": "2024-01-19 02:07:03", "elapsed": 6943.168497, "delta": 0.0055}}
{"target": -13.759793197094147, "params": {"gamma": 80.88054524934152, "log10_alpha": 0.28033592403500585, "log10_colsample_bytree": -0.32235611110668894, "log10_eta": -1.2029660718083877, "log10_lambda": -3.0246494119017138, "log10_min_child_weight": 4.664536828172674, "log10_subsample": -0.721527718455541, "max_depth": 4.0, "num_boost_round": 10.0}, "datetime": {"datetime": "2024-01-19 02:07:03", "elapsed": 6943.173653, "delta": 0.005156}}
{"target": -13.759751853786563, "params": {"gamma": 80.88054524934152, "log10_alpha": 0.28033592403500585, "log10_colsample_bytree": -0.32235611110668894, "log10_eta": -1.2029660718083877, "log10_lambda": -3.0246494119017138, "log10_min_child_weight": 4.664536828172674, "log10_subsample": -0.721527718455541, "max_depth": 4.0, "num_boost_round": 11.0}, "datetime": {"datetime": "2024-01-19 02:07:03", "elapsed": 6943.178947, "delta": 0.005294}}
{"target": -13.760010117686939, "params": {"gamma": 80.88054524934152, "log10_alpha": 0.28033592403500585, "log10_colsample_bytree": -0.32235611110668894, "log10_eta": -1.2029660718083877, "log10_lambda": -3.0246494119017138, "log10_min_child_weight": 4.664536828172674, "log10_subsample": -0.721527718455541, "max_depth": 4.0, "num_boost_round": 12.0}, "datetime": {"datetime": "2024-01-19 02:07:03", "elapsed": 6943.184066, "delta": 0.005119}}
{"target": -13.760213718934407, "params": {"gamma": 80.88054524934152, "log10_alpha": 0.28033592403500585, "log10_colsample_bytree": -0.32235611110668894, "log10_eta": -1.2029660718083877, "log10_lambda": -3.0246494119017138, "log10_min_child_weight": 4.664536828172674, "log10_subsample": -0.721527718455541, "max_depth": 4.0, "num_boost_round": 13.0}, "datetime": {"datetime": "2024-01-19 02:07:03", "elapsed": 6943.189344, "delta": 0.005278}}
{"target": -13.760720839901525, "params": {"gamma": 80.88054524934152, "log10_alpha": 0.28033592403500585, "log10_colsample_bytree": -0.32235611110668894, "log10_eta": -1.2029660718083877, "log10_lambda": -3.0246494119017138, "log10_min_child_weight": 4.664536828172674, "log10_subsample": -0.721527718455541, "max_depth": 4.0, "num_boost_round": 14.0}, "datetime": {"datetime": "2024-01-19 02:07:03", "elapsed": 6943.194947, "delta": 0.005603}}
{"target": -13.760841846588598, "params": {"gamma": 80.88054524934152, "log10_alpha": 0.28033592403500585, "log10_colsample_bytree": -0.32235611110668894, "log10_eta": -1.2029660718083877, "log10_lambda": -3.0246494119017138, "log10_min_child_weight": 4.664536828172674, "log10_subsample": -0.721527718455541, "max_depth": 4.0, "num_boost_round": 15.0}, "datetime": {"datetime": "2024-01-19 02:07:03", "elapsed": 6943.200418, "delta": 0.005471}}
{"target": -13.761067986695922, "params": {"gamma": 80.88054524934152, "log10_alpha": 0.28033592403500585, "log10_colsample_bytree": -0.32235611110668894, "log10_eta": -1.2029660718083877, "log10_lambda": -3.0246494119017138, "log10_min_child_weight": 4.664536828172674, "log10_subsample": -0.721527718455541, "max_depth": 4.0, "num_boost_round": 16.0}, "datetime": {"datetime": "2024-01-19 02:07:03", "elapsed": 6943.205657, "delta": 0.005239}}
{"target": -13.761338000368124, "params": {"gamma": 80.88054524934152, "log10_alpha": 0.28033592403500585, "log10_colsample_bytree": -0.32235611110668894, "log10_eta": -1.2029660718083877, "log10_lambda": -3.0246494119017138, "log10_min_child_weight": 4.664536828172674, "log10_subsample": -0.721527718455541, "max_depth": 4.0, "num_boost_round": 17.0}, "datetime": {"datetime": "2024-01-19 02:07:03", "elapsed": 6943.210969, "delta": 0.005312}}
{"target": -13.761601654721987, "params": {"gamma": 80.88054524934152, "log10_alpha": 0.28033592403500585, "log10_colsample_bytree": -0.32235611110668894, "log10_eta": -1.2029660718083877, "log10_lambda": -3.0246494119017138, "log10_min_child_weight": 4.664536828172674, "log10_subsample": -0.721527718455541, "max_depth": 4.0, "num_boost_round": 18.0}, "datetime": {"datetime": "2024-01-19 02:07:03", "elapsed": 6943.216582, "delta": 0.005613}}
{"target": -13.761630738085621, "params": {"gamma": 80.88054524934152, "log10_alpha": 0.28033592403500585, "log10_colsample_bytree": -0.32235611110668894, "log10_eta": -1.2029660718083877, "log10_lambda": -3.0246494119017138, "log10_min_child_weight": 4.664536828172674, "log10_subsample": -0.721527718455541, "max_depth": 4.0, "num_boost_round": 19.0}, "datetime": {"datetime": "2024-01-19 02:07:03", "elapsed": 6943.222464, "delta": 0.005882}}
{"target": -13.761934798281876, "params": {"gamma": 80.88054524934152, "log10_alpha": 0.28033592403500585, "log10_colsample_bytree": -0.32235611110668894, "log10_eta": -1.2029660718083877, "log10_lambda": -3.0246494119017138, "log10_min_child_weight": 4.664536828172674, "log10_subsample": -0.721527718455541, "max_depth": 4.0, "num_boost_round": 20.0}, "datetime": {"datetime": "2024-01-19 02:07:03", "elapsed": 6943.228016, "delta": 0.005552}}
{"target": -13.761901961898001, "params": {"gamma": 80.88054524934152, "log10_alpha": 0.28033592403500585, "log10_colsample_bytree": -0.32235611110668894, "log10_eta": -1.2029660718083877, "log10_lambda": -3.0246494119017138, "log10_min_child_weight": 4.664536828172674, "log10_subsample": -0.721527718455541, "max_depth": 4.0, "num_boost_round": 21.0}, "datetime": {"datetime": "2024-01-19 02:07:03", "elapsed": 6943.366683, "delta": 0.138667}}
{"target": -13.761999329777142, "params": {"gamma": 80.88054524934152, "log10_alpha": 0.28033592403500585, "log10_colsample_bytree": -0.32235611110668894, "log10_eta": -1.2029660718083877, "log10_lambda": -3.0246494119017138, "log10_min_child_weight": 4.664536828172674, "log10_subsample": -0.721527718455541, "max_depth": 4.0, "num_boost_round": 22.0}, "datetime": {"datetime": "2024-01-19 02:07:03", "elapsed": 6943.373262, "delta": 0.006579}}
{"target": -13.762095863479495, "params": {"gamma": 80.88054524934152, "log10_alpha": 0.28033592403500585, "log10_colsample_bytree": -0.32235611110668894, "log10_eta": -1.2029660718083877, "log10_lambda": -3.0246494119017138, "log10_min_child_weight": 4.664536828172674, "log10_subsample": -0.721527718455541, "max_depth": 4.0, "num_boost_round": 23.0}, "datetime": {"datetime": "2024-01-19 02:07:03", "elapsed": 6943.379238, "delta": 0.005976}}
{"target": -13.762542023076158, "params": {"gamma": 80.88054524934152, "log10_alpha": 0.28033592403500585, "log10_colsample_bytree": -0.32235611110668894, "log10_eta": -1.2029660718083877, "log10_lambda": -3.0246494119017138, "log10_min_child_weight": 4.664536828172674, "log10_subsample": -0.721527718455541, "max_depth": 4.0, "num_boost_round": 24.0}, "datetime": {"datetime": "2024-01-19 02:07:03", "elapsed": 6943.384893, "delta": 0.005655}}
{"target": -13.762983966790426, "params": {"gamma": 80.88054524934152, "log10_alpha": 0.28033592403500585, "log10_colsample_bytree": -0.32235611110668894, "log10_eta": -1.2029660718083877, "log10_lambda": -3.0246494119017138, "log10_min_child_weight": 4.664536828172674, "log10_subsample": -0.721527718455541, "max_depth": 4.0, "num_boost_round": 25.0}, "datetime": {"datetime": "2024-01-19 02:07:03", "elapsed": 6943.390459, "delta": 0.005566}}
{"target": -13.763211180039308, "params": {"gamma": 80.88054524934152, "log10_alpha": 0.28033592403500585, "log10_colsample_bytree": -0.32235611110668894, "log10_eta": -1.2029660718083877, "log10_lambda": -3.0246494119017138, "log10_min_child_weight": 4.664536828172674, "log10_subsample": -0.721527718455541, "max_depth": 4.0, "num_boost_round": 26.0}, "datetime": {"datetime": "2024-01-19 02:07:03", "elapsed": 6943.396262, "delta": 0.005803}}
{"target": -13.763597629061179, "params": {"gamma": 80.88054524934152, "log10_alpha": 0.28033592403500585, "log10_colsample_bytree": -0.32235611110668894, "log10_eta": -1.2029660718083877, "log10_lambda": -3.0246494119017138, "log10_min_child_weight": 4.664536828172674, "log10_subsample": -0.721527718455541, "max_depth": 4.0, "num_boost_round": 27.0}, "datetime": {"datetime": "2024-01-19 02:07:03", "elapsed": 6943.401654, "delta": 0.005392}}
{"target": -13.763931798330347, "params": {"gamma": 80.88054524934152, "log10_alpha": 0.28033592403500585, "log10_colsample_bytree": -0.32235611110668894, "log10_eta": -1.2029660718083877, "log10_lambda": -3.0246494119017138, "log10_min_child_weight": 4.664536828172674, "log10_subsample": -0.721527718455541, "max_depth": 4.0, "num_boost_round": 28.0}, "datetime": {"datetime": "2024-01-19 02:07:03", "elapsed": 6943.407183, "delta": 0.005529}}
{"target": -13.764265083013399, "params": {"gamma": 80.88054524934152, "log10_alpha": 0.28033592403500585, "log10_colsample_bytree": -0.32235611110668894, "log10_eta": -1.2029660718083877, "log10_lambda": -3.0246494119017138, "log10_min_child_weight": 4.664536828172674, "log10_subsample": -0.721527718455541, "max_depth": 4.0, "num_boost_round": 29.0}, "datetime": {"datetime": "2024-01-19 02:07:03", "elapsed": 6943.412748, "delta": 0.005565}}
{"target": -13.758525159466021, "params": {"gamma": 78.60199448291606, "log10_alpha": 0.3645996416097308, "log10_colsample_bytree": -0.1649699685536643, "log10_eta": -2.497261423053959, "log10_lambda": -3.4185778255668127, "log10_min_child_weight": 4.8623260810940225, "log10_subsample": -0.5416945922951849, "max_depth": 4.0, "num_boost_round": 0.0}, "datetime": {"datetime": "2024-01-19 02:09:09", "elapsed": 7069.627841, "delta": 126.215093}}
{"target": -13.758515893394938, "params": {"gamma": 78.60199448291606, "log10_alpha": 0.3645996416097308, "log10_colsample_bytree": -0.1649699685536643, "log10_eta": -2.497261423053959, "log10_lambda": -3.4185778255668127, "log10_min_child_weight": 4.8623260810940225, "log10_subsample": -0.5416945922951849, "max_depth": 4.0, "num_boost_round": 1.0}, "datetime": {"datetime": "2024-01-19 02:09:09", "elapsed": 7069.633327, "delta": 0.005486}}
