{"target": -13.758486798876081, "params": {"gamma": 712.3259937910847, "log10_alpha": -0.480552443412618, "log10_colsample_bytree": 0.0, "log10_eta": -4.0, "log10_lambda": -2.2768247621966227, "log10_min_child_weight": 1.6240834388714505, "log10_subsample": -0.2695207510181991, "max_depth": 7.0, "num_boost_round": 43.0}, "datetime": {"datetime": "2024-01-19 02:07:27", "elapsed": 6954.583259, "delta": 0.007203}}
{"target": -13.75848733310792, "params": {"gamma": 712.3259937910847, "log10_alpha": -0.480552443412618, "log10_colsample_bytree": 0.0, "log10_eta": -4.0, "log10_lambda": -2.2768247621966227, "log10_min_child_weight": 1.6240834388714505, "log10_subsample": -0.2695207510181991, "max_depth": 7.0, "num_boost_round": 44.0}, "datetime": {"datetime": "2024-01-19 02:07:27", "elapsed": 6954.591113, "delta": 0.007854}}
{"target": -13.758483963539732, "params": {"gamma": 712.3259937910847, "log10_alpha": -0.480552443412618, "log10_colsample_bytree": 0.0, "log10_eta": -4.0, "log10_lambda": -2.2768247621966227, "log10_min_child_weight": 1.6240834388714505, "log10_subsample": -0.2695207510181991, "max_depth": 7.0, "num_boost_round": 45.0}, "datetime": {"datetime": "2024-01-19 02:07:27", "elapsed": 6954.599445, "delta": 0.008332}}
{"target": -13.75848417616544, "params": {"gamma": 712.3259937910847, "log10_alpha": -0.480552443412618, "log10_colsample_bytree": 0.0, "log10_eta": -4.0, "log10_lambda": -2.2768247621966227, "log10_min_child_weight": 1.6240834388714505, "log10_subsample": -0.2695207510181991, "max_depth": 7.0, "num_boost_round": 46.0}, "datetime": {"datetime": "2024-01-19 02:07:27", "elapsed": 6954.607845, "delta": 0.0084}}
{"target": -13.75848206546341, "params": {"gamma": 712.3259937910847, "log10_alpha": -0.480552443412618, "log10_colsample_bytree": 0.0, "log10_eta": -4.0, "log10_lambda": -2.2768247621966227, "log10_min_child_weight": 1.6240834388714505, "log10_subsample": -0.2695207510181991, "max_depth": 7.0, "num_boost_round": 47.0}, "datetime": {"datetime": "2024-01-19 02:07:27", "elapsed": 6954.616112, "delta": 0.008267}}
{"target": -13.75847983956745, "params": {"gamma": 712.3259937910847, "log10_alpha": -0.480552443412618, "log10_colsample_bytree": 0.0, "log10_eta": -4.0, "log10_lambda": -2.2768247621966227, "log10_min_child_weight": 1.6240834388714505, "log10_subsample": -0.2695207510181991, "max_depth": 7.0, "num_boost_round": 48.0}, "datetime": {"datetime": "2024-01-19 02:07:27", "elapsed": 6954.62319, "delta": 0.007078}}
{"target": -13.758474925549663, "params": {"gamma": 712.3259937910847, "log10_alpha": -0.480552443412618, "log10_colsample_bytree": 0.0, "log10_eta": -4.0, "log10_lambda": -2.2768247621966227, "log10_min_child_weight": 1.6240834388714505, "log10_subsample": -0.2695207510181991, "max_depth": 7.0, "num_boost_round": 49.0}, "datetime": {"datetime": "2024-01-19 02:07:27", "elapsed": 6954.630168, "delta": 0.006978}}
{"target": -13.758471285382122, "params": {"gamma": 712.3259937910847, "log10_alpha": -0.480552443412618, "log10_colsample_bytree": 0.0, "log10_eta": -4.0, "log10_lambda": -2.2768247621966227, "log10_min_child_weight": 1.6240834388714505, "log10_subsample": -0.2695207510181991, "max_depth": 7.0, "num_boost_round": 50.0}, "datetime": {"datetime": "2024-01-19 02:07:27", "elapsed": 6954.636467, "delta": 0.006299}}
{"target": -13.7585326282923, "params": {"gamma": 714.2708793187322, "log10_alpha": -3.3112720830706546, "log10_colsample_bytree": -0.42633963587937607, "log10_eta": -3.483652133364625, "log10_lambda": -1.982823178479447, "log10_min_child_weight": 1.0968140549755467, "log10_subsample": -0.9501658780884805, "max_depth": 4.0, "num_boost_round": 0.0}, "datetime": {"datetime": "2024-01-19 02:09:42", "elapsed": 7090.279966, "delta": 135.643499}}
{"target": -13.758515946499742, "params": {"gamma": 714.2708793187322, "log10_alpha": -3.3112720830706546, "log10_colsample_bytree": -0.42633963587937607, "log10_eta": -3.483652133364625, "log10_lambda": -1.982823178479447, "log10_min_child_weight": 1.0968140549755467, "log10_subsample": -0.9501658780884805, "max_depth": 4.0, "num_boost_round": 1.0}, "datetime": {"datetime": "2024-01-19 02:09:42", "elapsed": 7090.288604, "delta": 0.008638}}
{"target": -13.758508100972758, "params": {"gamma": 714.2708793187322, "log10_alpha": -3.3112720830706546, "log10_colsample_bytree": -0.42633963587937607, "log10_eta": -3.483652133364625, "log10_lambda": -1.982823178479447, "log10_min_child_weight": 1.0968140549755467, "log10_subsample": -0.9501658780884805, "max_depth": 4.0, "num_boost_round": 2.0}, "datetime": {"datetime": "2024-01-19 02:09:42", "elapsed": 7090.295852, "delta": 0.007248}}
{"target": -13.75850783908502, "params": {"gamma": 714.2708793187322, "log10_alpha": -3.3112720830706546, "log10_colsample_bytree": -0.42633963587937607, "log10_eta": -3.483652133364625, "log10_lambda": -1.982823178479447, "log10_min_child_weight": 1.0968140549755467, "log10_subsample": -0.9501658780884805, "max_depth": 4.0, "num_boost_round": 3.0}, "datetime": {"datetime": "2024-01-19 02:09:42", "elapsed": 7090.303384, "delta": 0.007532}}
{"target": -13.758503345845321, "params": {"gamma": 714.2708793187322, "log10_alpha": -3.3112720830706546, "log10_colsample_bytree": -0.42633963587937607, "log10_eta": -3.483652133364625, "log10_lambda": -1.982823178479447, "log10_min_child_weight": 1.0968140549755467, "log10_subsample": -0.9501658780884805, "max_depth": 4.0, "num_boost_round": 4.0}, "datetime": {"datetime": "2024-01-19 02:09:42", "elapsed": 7090.310788, "delta": 0.007404}}
{"target": -13.75849759944332, "params": {"gamma": 714.2708793187322, "log10_alpha": -3.3112720830706546, "log10_colsample_bytree": -0.42633963587937607, "log10_eta": -3.483652133364625, "log10_lambda": -1.982823178479447, "log10_min_child_weight": 1.0968140549755467, "log10_subsample": -0.9501658780884805, "max_depth": 4.0, "num_boost_round": 5.0}, "datetime": {"datetime": "2024-01-19 02:09:42", "elapsed": 7090.318281, "delta": 0.007493}}
{"target": -13.758494749146644, "params": {"gamma": 714.2708793187322, "log10_alpha": -3.3112720830706546, "log10_colsample_bytree": -0.42633963587937607, "log10_eta": -3.483652133364625, "log10_lambda": -1.982823178479447, "log10_min_child_weight": 1.0968140549755467, "log10_subsample": -0.9501658780884805, "max_depth": 4.0, "num_boost_round": 6.0}, "datetime": {"datetime": "2024-01-19 02:09:42", "elapsed": 7090.325267, "delta": 0.006986}}
{"target": -13.758493769469565, "params": {"gamma": 714.2708793187322, "log10_alpha": -3.3112720830706546, "log10_colsample_bytree": -0.42633963587937607, "log10_eta": -3.483652133364625, "log10_lambda": -1.982823178479447, "log10_min_child_weight": 1.0968140549755467, "log10_subsample": -0.9501658780884805, "max_depth": 4.0, "num_boost_round": 7.0}, "datetime": {"datetime": "2024-01-19 02:09:42", "elapsed": 7090.332563, "delta": 0.007296}}
{"target": -13.758484594188836, "params": {"gamma": 714.2708793187322, "log10_alpha": -3.3112720830706546, "log10_colsample_bytree": -0.42633963587937607, "log10_eta": -3.483652133364625, "log10_lambda": -1.982823178479447, "log10_min_child_weight": 1.0968140549755467, "log10_subsample": -0.9501658780884805, "max_depth": 4.0, "num_boost_round": 8.0}, "datetime": {"datetime": "2024-01-19 02:09:42", "elapsed": 7090.340023, "delta": 0.00746}}
{"target": -13.758480440676639, "params": {"gamma": 714.2708793187322, "log10_alpha": -3.3112720830706546, "log10_colsample_bytree": -0.42633963587937607, "log10_eta": -3.483652133364625, "log10_lambda": -1.982823178479447, "log10_min_child_weight": 1.0968140549755467, "log10_subsample": -0.9501658780884805, "max_depth": 4.0, "num_boost_round": 9.0}, "datetime": {"datetime": "2024-01-19 02:09:42", "elapsed": 7090.347454, "delta": 0.007431}}
{"target": -13.758465234742424, "params": {"gamma": 714.2708793187322, "log10_alpha": -3.3112720830706546, "log10_colsample_bytree": -0.42633963587937607, "log10_eta": -3.483652133364625, "log10_lambda": -1.982823178479447, "log10_min_child_weight": 1.0968140549755467, "log10_subsample": -0.9501658780884805, "max_depth": 4.0, "num_boost_round": 10.0}, "datetime": {"datetime": "2024-01-19 02:09:42", "elapsed": 7090.355641, "delta": 0.008187}}
{"target": -13.758463651191706, "params": {"gamma": 714.2708793187322, "log10_alpha": -3.3112720830706546, "log10_colsample_bytree": -0.42633963587937607, "log10_eta": -3.483652133364625, "log10_lambda": -1.982823178479447, "log10_min_child_weight": 1.0968140549755467, "log10_subsample": -0.9501658780884805, "max_depth": 4.0, "num_boost_round": 11.0}, "datetime": {"datetime": "2024-01-19 02:09:42", "elapsed": 7090.363118, "delta": 0.007477}}
{"target": -13.75846098612998, "params": {"gamma": 714.2708793187322, "log10_alpha": -3.3112720830706546, "log10_colsample_bytree": -0.42633963587937607, "log10_eta": -3.483652133364625, "log10_lambda": -1.982823178479447, "log10_min_child_weight": 1.0968140549755467, "log10_subsample": -0.9501658780884805, "max_depth": 4.0, "num_boost_round": 12.0}, "datetime": {"datetime": "2024-01-19 02:09:42", "elapsed": 7090.370342, "delta": 0.007224}}
{"target": -13.758457796896055, "params": {"gamma": 714.2708793187322, "log10_alpha": -3.3112720830706546, "log10_colsample_bytree": -0.42633963587937607, "log10_eta": -3.483652133364625, "log10_lambda": -1.982823178479447, "log10_min_child_weight": 1.0968140549755467, "log10_subsample": -0.9501658780884805, "max_depth": 4.0, "num_boost_round": 13.0}, "datetime": {"datetime": "2024-01-19 02:09:42", "elapsed": 7090.377485, "delta": 0.007143}}
{"target": -13.758449152392144, "params": {"gamma": 714.2708793187322, "log10_alpha": -3.3112720830706546, "log10_colsample_bytree": -0.42633963587937607, "log10_eta": -3.483652133364625, "log10_lambda": -1.982823178479447, "log10_min_child_weight": 1.0968140549755467, "log10_subsample": -0.9501658780884805, "max_depth": 4.0, "num_boost_round": 14.0}, "datetime": {"datetime": "2024-01-19 02:09:42", "elapsed": 7090.384812, "delta": 0.007327}}
{"target": -13.758437202756568, "params": {"gamma": 714.2708793187322, "log10_alpha": -3.3112720830706546, "log10_colsample_bytree": -0.42633963587937607, "log10_eta": -3.483652133364625, "log10_lambda": -1.982823178479447, "log10_min_child_weight": 1.0968140549755467, "log10_subsample": -0.9501658780884805, "max_depth": 4.0, "num_boost_round": 15.0}, "datetime": {"datetime": "2024-01-19 02:09:42", "elapsed": 7090.392378, "delta": 0.007566}}
{"target": -13.758434793011869, "params": {"gamma": 714.2708793187322, "log10_alpha": -3.3112720830706546, "log10_colsample_bytree": -0.42633963587937607, "log10_eta": -3.483652133364625, "log10_lambda": -1.982823178479447, "log10_min_child_weight": 1.0968140549755467, "log10_subsample": -0.9501658780884805, "max_depth": 4.0, "num_boost_round": 16.0}, "datetime": {"datetime": "2024-01-19 02:09:42", "elapsed": 7090.39996, "delta": 0.007582}}
{"target": -13.758434524939375, "params": {"gamma": 714.2708793187322, "log10_alpha": -3.3112720830706546, "log10_colsample_bytree": -0.42633963587937607, "log10_eta": -3.483652133364625, "log10_lambda": -1.982823178479447, "log10_min_child_weight": 1.0968140549755467, "log10_subsample": -0.9501658780884805, "max_depth": 4.0, "num_boost_round": 17.0}, "datetime": {"datetime": "2024-01-19 02:09:42", "elapsed": 7090.407087, "delta": 0.007127}}
{"target": -13.758439245899714, "params": {"gamma": 714.2708793187322, "log10_alpha": -3.3112720830706546, "log10_colsample_bytree": -0.42633963587937607, "log10_eta": -3.483652133364625, "log10_lambda": -1.982823178479447, "log10_min_child_weight": 1.0968140549755467, "log10_subsample": -0.9501658780884805, "max_depth": 4.0, "num_boost_round": 18.0}, "datetime": {"datetime": "2024-01-19 02:09:42", "elapsed": 7090.413977, "delta": 0.00689}}
{"target": -13.758436862402403, "params": {"gamma": 714.2708793187322, "log10_alpha": -3.3112720830706546, "log10_colsample_bytree": -0.42633963587937607, "log10_eta": -3.483652133364625, "log10_lambda": -1.982823178479447, "log10_min_child_weight": 1.0968140549755467, "log10_subsample": -0.9501658780884805, "max_depth": 4.0, "num_boost_round": 19.0}, "datetime": {"datetime": "2024-01-19 02:09:42", "elapsed": 7090.420881, "delta": 0.006904}}
{"target": -13.758429844819023, "params": {"gamma": 714.2708793187322, "log10_alpha": -3.3112720830706546, "log10_colsample_bytree": -0.42633963587937607, "log10_eta": -3.483652133364625, "log10_lambda": -1.982823178479447, "log10_min_child_weight": 1.0968140549755467, "log10_subsample": -0.9501658780884805, "max_depth": 4.0, "num_boost_round": 20.0}, "datetime": {"datetime": "2024-01-19 02:09:42", "elapsed": 7090.427921, "delta": 0.00704}}
{"target": -13.75842770271215, "params": {"gamma": 714.2708793187322, "log10_alpha": -3.3112720830706546, "log10_colsample_bytree": -0.42633963587937607, "log10_eta": -3.483652133364625, "log10_lambda": -1.982823178479447, "log10_min_child_weight": 1.0968140549755467, "log10_subsample": -0.9501658780884805, "max_depth": 4.0, "num_boost_round": 21.0}, "datetime": {"datetime": "2024-01-19 02:09:42", "elapsed": 7090.434775, "delta": 0.006854}}
{"target": -13.758421527646323, "params": {"gamma": 714.2708793187322, "log10_alpha": -3.3112720830706546, "log10_colsample_bytree": -0.42633963587937607, "log10_eta": -3.483652133364625, "log10_lambda": -1.982823178479447, "log10_min_child_weight": 1.0968140549755467, "log10_subsample": -0.9501658780884805, "max_depth": 4.0, "num_boost_round": 22.0}, "datetime": {"datetime": "2024-01-19 02:09:43", "elapsed": 7090.575378, "delta": 0.140603}}
{"target": -13.758416011720549, "params": {"gamma": 714.2708793187322, "log10_alpha": -3.3112720830706546, "log10_colsample_bytree": -0.42633963587937607, "log10_eta": -3.483652133364625, "log10_lambda": -1.982823178479447, "log10_min_child_weight": 1.0968140549755467, "log10_subsample": -0.9501658780884805, "max_depth": 4.0, "num_boost_round": 23.0}, "datetime": {"datetime": "2024-01-19 02:09:43", "elapsed": 7090.582897, "delta": 0.007519}}
{"target": -13.758407193129173, "params": {"gamma": 714.2708793187322, "log10_alpha": -3.3112720830706546, "log10_colsample_bytree": -0.42633963587937607, "log10_eta": -3.483652133364625, "log10_lambda": -1.982823178479447, "log10_min_child_weight": 1.0968140549755467, "log10_subsample": -0.9501658780884805, "max_depth": 4.0, "num_boost_round": 24.0}, "datetime": {"datetime": "2024-01-19 02:09:43", "elapsed": 7090.590236, "delta": 0.007339}}
{"target": -13.75841174023441, "params": {"gamma": 714.2708793187322, "log10_alpha": -3.3112720830706546, "log10_colsample_bytree": -0.42633963587937607, "log10_eta": -3.483652133364625, "log10_lambda": -1.982823178479447, "log10_min_child_weight": 1.0968140549755467, "log10_subsample": -0.9501658780884805, "max_depth": 4.0, "num_boost_round": 25.0}, "datetime": {"datetime": "2024-01-19 02:09:43", "elapsed": 7090.597185, "delta": 0.006949}}
{"target": -13.75840437845934, "params": {"gamma": 714.2708793187322, "log10_alpha": -3.3112720830706546, "log10_colsample_bytree": -0.42633963587937607, "log10_eta": -3.483652133364625, "log10_lambda": -1.982823178479447, "log10_min_child_weight": 1.0968140549755467, "log10_subsample": -0.9501658780884805, "max_depth": 4.0, "num_boost_round": 26.0}, "datetime": {"datetime": "2024-01-19 02:09:43", "elapsed": 7090.604757, "delta": 0.007572}}
{"target": -13.758398881884622, "params": {"gamma": 714.2708793187322, "log10_alpha": -3.3112720830706546, "log10_colsample_bytree": -0.42633963587937607, "log10_eta": -3.483652133364625, "log10_lambda": -1.982823178479447, "log10_min_child_weight": 1.0968140549755467, "log10_subsample": -0.9501658780884805, "max_depth": 4.0, "num_boost_round": 27.0}, "datetime": {"datetime": "2024-01-19 02:09:43", "elapsed": 7090.612029, "delta": 0.007272}}
{"target": -13.75839547933408, "params": {"gamma": 714.2708793187322, "log10_alpha": -3.3112720830706546, "log10_colsample_bytree": -0.42633963587937607, "log10_eta": -3.483652133364625, "log10_lambda": -1.982823178479447, "log10_min_child_weight": 1.0968140549755467, "log10_subsample": -0.9501658780884805, "max_depth": 4.0, "num_boost_round": 28.0}, "datetime": {"datetime": "2024-01-19 02:09:43", "elapsed": 7090.618972, "delta": 0.006943}}
{"target": -13.758536495379248, "params": {"gamma": 729.5193413049036, "log10_alpha": -2.657331632572971, "log10_colsample_bytree": -0.40603603088579765, "log10_eta": -3.70155155426317, "log10_lambda": -1.1649392823187608, "log10_min_child_weight": 1.6714248584882614, "log10_subsample": -0.5465235588678552, "max_depth": 3.0, "num_boost_round": 0.0}, "datetime": {"datetime": "2024-01-19 02:11:13", "elapsed": 7181.500476, "delta": 90.881504}}
{"target": -13.758533064408017, "params": {"gamma": 729.5193413049036, "log10_alpha": -2.657331632572971, "log10_colsample_bytree": -0.40603603088579765, "log10_eta": -3.70155155426317, "log10_lambda": -1.1649392823187608, "log10_min_child_weight": 1.6714248584882614, "log10_subsample": -0.5465235588678552, "max_depth": 3.0, "num_boost_round": 1.0}, "datetime": {"datetime": "2024-01-19 02:11:13", "elapsed": 7181.508222, "delta": 0.007746}}
{"target": -13.75853134653493, "params": {"gamma": 729.5193413049036, "log10_alpha": -2.657331632572971, "log10_colsample_bytree": -0.40603603088579765, "log10_eta": -3.70155155426317, "log10_lambda": -1.1649392823187608, "log10_min_child_weight": 1.6714248584882614, "log10_subsample": -0.5465235588678552, "max_depth": 3.0, "num_boost_round": 2.0}, "datetime": {"datetime": "2024-01-19 02:11:13", "elapsed": 7181.515528, "delta": 0.007306}}
{"target": -13.75853191916679, "params": {"gamma": 729.5193413049036, "log10_alpha": -2.657331632572971, "log10_colsample_bytree": -0.40603603088579765, "log10_eta": -3.70155155426317, "log10_lambda": -1.1649392823187608, "log10_min_child_weight": 1.6714248584882614, "log10_subsample": -0.5465235588678552, "max_depth": 3.0, "num_boost_round": 3.0}, "datetime": {"datetime": "2024-01-19 02:11:13", "elapsed": 7181.522937, "delta": 0.007409}}
{"target": -13.758528587943532, "params": {"gamma": 729.5193413049036, "log10_alpha": -2.657331632572971, "log10_colsample_bytree": -0.40603603088579765, "log10_eta": -3.70155155426317, "log10_lambda": -1.1649392823187608, "log10_min_child_weight": 1.6714248584882614, "log10_subsample": -0.5465235588678552, "max_depth": 3.0, "num_boost_round": 4.0}, "datetime": {"datetime": "2024-01-19 02:11:13", "elapsed": 7181.529667, "delta": 0.00673}}
{"target": -13.758526243505074, "params": {"gamma": 729.5193413049036, "log10_alpha": -2.657331632572971, "log10_colsample_bytree": -0.40603603088579765, "log10_eta": -3.70155155426317, "log10_lambda": -1.1649392823187608, "log10_min_child_weight": 1.6714248584882614, "log10_subsample": -0.5465235588678552, "max_depth": 3.0, "num_boost_round": 5.0}, "datetime": {"datetime": "2024-01-19 02:11:13", "elapsed": 7181.536626, "delta": 0.006959}}
{"target": -13.758526425458408, "params": {"gamma": 729.5193413049036, "log10_alpha": -2.657331632572971, "log10_colsample_bytree": -0.40603603088579765, "log10_eta": -3.70155155426317, "log10_lambda": -1.1649392823187608, "log10_min_child_weight": 1.6714248584882614, "log10_subsample": -0.5465235588678552, "max_depth": 3.0, "num_boost_round": 6.0}, "datetime": {"datetime": "2024-01-19 02:11:13", "elapsed": 7181.543674, "delta": 0.007048}}
{"target": -13.75852363899526, "params": {"gamma": 729.5193413049036, "log10_alpha": -2.657331632572971, "log10_colsample_bytree": -0.40603603088579765, "log10_eta": -3.70155155426317, "log10_lambda": -1.1649392823187608, "log10_min_child_weight": 1.6714248584882614, "log10_subsample": -0.5465235588678552, "max_depth": 3.0, "num_boost_round": 7.0}, "datetime": {"datetime": "2024-01-19 02:11:13", "elapsed": 7181.550859, "delta": 0.007185}}
{"target": -13.758520485162276, "params": {"gamma": 729.5193413049036, "log10_alpha": -2.657331632572971, "log10_colsample_bytree": -0.40603603088579765, "log10_eta": -3.70155155426317, "log10_lambda": -1.1649392823187608, "log10_min_child_weight": 1.6714248584882614, "log10_subsample": -0.5465235588678552, "max_depth": 3.0, "num_boost_round": 8.0}, "datetime": {"datetime": "2024-01-19 02:11:13", "elapsed": 7181.557796, "delta": 0.006937}}
{"target": -13.758517970156536, "params": {"gamma": 729.5193413049036, "log10_alpha": -2.657331632572971, "log10_colsample_bytree": -0.40603603088579765, "log10_eta": -3.70155155426317, "log10_lambda": -1.1649392823187608, "log10_min_child_weight": 1.6714248584882614, "log10_subsample": -0.5465235588678552, "max_depth": 3.0, "num_boost_round": 9.0}, "datetime": {"datetime": "2024-01-19 02:11:13", "elapsed": 7181.564725, "delta": 0.006929}}
{"target": -13.7585141241222, "params": {"gamma": 729.5193413049036, "log10_alpha": -2.657331632572971, "log10_colsample_bytree": -0.40603603088579765, "log10_eta": -3.70155155426317, "log10_lambda": -1.1649392823187608, "log10_min_child_weight": 1.6714248584882614, "log10_subsample": -0.5465235588678552, "max_depth": 3.0, "num_boost_round": 10.0}, "datetime": {"datetime": "2024-01-19 02:11:13", "elapsed": 7181.57156, "delta": 0.006835}}
{"target": -13.758511395543598, "params": {"gamma": 729.5193413049036, "log10_alpha": -2.657331632572971, "log10_colsample_bytree": -0.40603603088579765, "log10_eta": -3.70155155426317, "log10_lambda": -1.1649392823187608, "log10_min_child_weight": 1.6714248584882614, "log10_subsample": -0.5465235588678552, "max_depth": 3.0, "num_boost_round": 11.0}, "datetime": {"datetime": "2024-01-19 02:11:14", "elapsed": 7181.578516, "delta": 0.006956}}
{"target": -13.758509594984512, "params": {"gamma": 729.5193413049036, "log10_alpha": -2.657331632572971, "log10_colsample_bytree": -0.40603603088579765, "log10_eta": -3.70155155426317, "log10_lambda": -1.1649392823187608, "log10_min_child_weight": 1.6714248584882614, "log10_subsample": -0.5465235588678552, "max_depth": 3.0, "num_boost_round": 12.0}, "datetime": {"datetime": "2024-01-19 02:11:14", "elapsed": 7181.585299, "delta": 0.006783}}
