{"target": -13.758272090701187, "params": {"gamma": 809.3589339761143, "log10_alpha": -3.6033750019173523, "log10_colsample_bytree": -0.587506163700315, "log10_eta": -2.3737293357846747, "log10_lambda": -0.21133833811826008, "log10_min_child_weight": 3.0329706680445483, "log10_subsample": -0.9224499540020484, "max_depth": 8.0, "num_boost_round": 5.0}, "datetime": {"datetime": "2024-01-19 01:47:05", "elapsed": 5729.798473, "delta": 0.006611}}
{"target": -13.758232729895976, "params": {"gamma": 809.3589339761143, "log10_alpha": -3.6033750019173523, "log10_colsample_bytree": -0.587506163700315, "log10_eta": -2.3737293357846747, "log10_lambda": -0.21133833811826008, "log10_min_child_weight": 3.0329706680445483, "log10_subsample": -0.9224499540020484, "max_depth": 8.0, "num_boost_round": 6.0}, "datetime": {"datetime": "2024-01-19 01:47:05", "elapsed": 5729.804792, "delta": 0.006319}}
{"target": -13.758144670241785, "params": {"gamma": 809.3589339761143, "log10_alpha": -3.6033750019173523, "log10_colsample_bytree": -0.587506163700315, "log10_eta": -2.3737293357846747, "log10_lambda": -0.21133833811826008, "log10_min_child_weight": 3.0329706680445483, "log10_subsample": -0.9224499540020484, "max_depth": 8.0, "num_boost_round": 7.0}, "datetime": {"datetime": "2024-01-19 01:47:05", "elapsed": 5729.810941, "delta": 0.006149}}
{"target": -13.757974158635383, "params": {"gamma": 809.3589339761143, "log10_alpha": -3.6033750019173523, "log10_colsample_bytree": -0.587506163700315, "log10_eta": -2.3737293357846747, "log10_lambda": -0.21133833811826008, "log10_min_child_weight": 3.0329706680445483, "log10_subsample": -0.9224499540020484, "max_depth": 8.0, "num_boost_round": 8.0}, "datetime": {"datetime": "2024-01-19 01:47:05", "elapsed": 5729.817204, "delta": 0.006263}}
{"target": -13.757968071374314, "params": {"gamma": 809.3589339761143, "log10_alpha": -3.6033750019173523, "log10_colsample_bytree": -0.587506163700315, "log10_eta": -2.3737293357846747, "log10_lambda": -0.21133833811826008, "log10_min_child_weight": 3.0329706680445483, "log10_subsample": -0.9224499540020484, "max_depth": 8.0, "num_boost_round": 9.0}, "datetime": {"datetime": "2024-01-19 01:47:05", "elapsed": 5729.823344, "delta": 0.00614}}
{"target": -13.757855625236166, "params": {"gamma": 809.3589339761143, "log10_alpha": -3.6033750019173523, "log10_colsample_bytree": -0.587506163700315, "log10_eta": -2.3737293357846747, "log10_lambda": -0.21133833811826008, "log10_min_child_weight": 3.0329706680445483, "log10_subsample": -0.9224499540020484, "max_depth": 8.0, "num_boost_round": 10.0}, "datetime": {"datetime": "2024-01-19 01:47:05", "elapsed": 5729.829508, "delta": 0.006164}}
{"target": -13.757901101390585, "params": {"gamma": 809.3589339761143, "log10_alpha": -3.6033750019173523, "log10_colsample_bytree": -0.587506163700315, "log10_eta": -2.3737293357846747, "log10_lambda": -0.21133833811826008, "log10_min_child_weight": 3.0329706680445483, "log10_subsample": -0.9224499540020484, "max_depth": 8.0, "num_boost_round": 11.0}, "datetime": {"datetime": "2024-01-19 01:47:05", "elapsed": 5729.835673, "delta": 0.006165}}
{"target": -13.757824335161688, "params": {"gamma": 809.3589339761143, "log10_alpha": -3.6033750019173523, "log10_colsample_bytree": -0.587506163700315, "log10_eta": -2.3737293357846747, "log10_lambda": -0.21133833811826008, "log10_min_child_weight": 3.0329706680445483, "log10_subsample": -0.9224499540020484, "max_depth": 8.0, "num_boost_round": 12.0}, "datetime": {"datetime": "2024-01-19 01:47:05", "elapsed": 5729.841783, "delta": 0.00611}}
{"target": -13.757780098800472, "params": {"gamma": 809.3589339761143, "log10_alpha": -3.6033750019173523, "log10_colsample_bytree": -0.587506163700315, "log10_eta": -2.3737293357846747, "log10_lambda": -0.21133833811826008, "log10_min_child_weight": 3.0329706680445483, "log10_subsample": -0.9224499540020484, "max_depth": 8.0, "num_boost_round": 13.0}, "datetime": {"datetime": "2024-01-19 01:47:05", "elapsed": 5729.847954, "delta": 0.006171}}
{"target": -13.757735395375938, "params": {"gamma": 809.3589339761143, "log10_alpha": -3.6033750019173523, "log10_colsample_bytree": -0.587506163700315, "log10_eta": -2.3737293357846747, "log10_lambda": -0.21133833811826008, "log10_min_child_weight": 3.0329706680445483, "log10_subsample": -0.9224499540020484, "max_depth": 8.0, "num_boost_round": 14.0}, "datetime": {"datetime": "2024-01-19 01:47:05", "elapsed": 5729.854295, "delta": 0.006341}}
{"target": -13.757636750505322, "params": {"gamma": 809.3589339761143, "log10_alpha": -3.6033750019173523, "log10_colsample_bytree": -0.587506163700315, "log10_eta": -2.3737293357846747, "log10_lambda": -0.21133833811826008, "log10_min_child_weight": 3.0329706680445483, "log10_subsample": -0.9224499540020484, "max_depth": 8.0, "num_boost_round": 15.0}, "datetime": {"datetime": "2024-01-19 01:47:05", "elapsed": 5729.860536, "delta": 0.006241}}
{"target": -13.757595333245712, "params": {"gamma": 809.3589339761143, "log10_alpha": -3.6033750019173523, "log10_colsample_bytree": -0.587506163700315, "log10_eta": -2.3737293357846747, "log10_lambda": -0.21133833811826008, "log10_min_child_weight": 3.0329706680445483, "log10_subsample": -0.9224499540020484, "max_depth": 8.0, "num_boost_round": 16.0}, "datetime": {"datetime": "2024-01-19 01:47:05", "elapsed": 5729.866875, "delta": 0.006339}}
{"target": -13.757615193220886, "params": {"gamma": 809.3589339761143, "log10_alpha": -3.6033750019173523, "log10_colsample_bytree": -0.587506163700315, "log10_eta": -2.3737293357846747, "log10_lambda": -0.21133833811826008, "log10_min_child_weight": 3.0329706680445483, "log10_subsample": -0.9224499540020484, "max_depth": 8.0, "num_boost_round": 17.0}, "datetime": {"datetime": "2024-01-19 01:47:05", "elapsed": 5729.873212, "delta": 0.006337}}
{"target": -13.757641572606476, "params": {"gamma": 809.3589339761143, "log10_alpha": -3.6033750019173523, "log10_colsample_bytree": -0.587506163700315, "log10_eta": -2.3737293357846747, "log10_lambda": -0.21133833811826008, "log10_min_child_weight": 3.0329706680445483, "log10_subsample": -0.9224499540020484, "max_depth": 8.0, "num_boost_round": 18.0}, "datetime": {"datetime": "2024-01-19 01:47:05", "elapsed": 5729.879285, "delta": 0.006073}}
{"target": -13.757537859398974, "params": {"gamma": 809.3589339761143, "log10_alpha": -3.6033750019173523, "log10_colsample_bytree": -0.587506163700315, "log10_eta": -2.3737293357846747, "log10_lambda": -0.21133833811826008, "log10_min_child_weight": 3.0329706680445483, "log10_subsample": -0.9224499540020484, "max_depth": 8.0, "num_boost_round": 19.0}, "datetime": {"datetime": "2024-01-19 01:47:05", "elapsed": 5729.885349, "delta": 0.006064}}
{"target": -13.757538893472688, "params": {"gamma": 809.3589339761143, "log10_alpha": -3.6033750019173523, "log10_colsample_bytree": -0.587506163700315, "log10_eta": -2.3737293357846747, "log10_lambda": -0.21133833811826008, "log10_min_child_weight": 3.0329706680445483, "log10_subsample": -0.9224499540020484, "max_depth": 8.0, "num_boost_round": 20.0}, "datetime": {"datetime": "2024-01-19 01:47:05", "elapsed": 5729.891606, "delta": 0.006257}}
{"target": -13.757500561737787, "params": {"gamma": 809.3589339761143, "log10_alpha": -3.6033750019173523, "log10_colsample_bytree": -0.587506163700315, "log10_eta": -2.3737293357846747, "log10_lambda": -0.21133833811826008, "log10_min_child_weight": 3.0329706680445483, "log10_subsample": -0.9224499540020484, "max_depth": 8.0, "num_boost_round": 21.0}, "datetime": {"datetime": "2024-01-19 01:47:05", "elapsed": 5729.897754, "delta": 0.006148}}
{"target": -13.75736594237113, "params": {"gamma": 809.3589339761143, "log10_alpha": -3.6033750019173523, "log10_colsample_bytree": -0.587506163700315, "log10_eta": -2.3737293357846747, "log10_lambda": -0.21133833811826008, "log10_min_child_weight": 3.0329706680445483, "log10_subsample": -0.9224499540020484, "max_depth": 8.0, "num_boost_round": 22.0}, "datetime": {"datetime": "2024-01-19 01:47:05", "elapsed": 5729.903837, "delta": 0.006083}}
{"target": -13.757349361891357, "params": {"gamma": 809.3589339761143, "log10_alpha": -3.6033750019173523, "log10_colsample_bytree": -0.587506163700315, "log10_eta": -2.3737293357846747, "log10_lambda": -0.21133833811826008, "log10_min_child_weight": 3.0329706680445483, "log10_subsample": -0.9224499540020484, "max_depth": 8.0, "num_boost_round": 23.0}, "datetime": {"datetime": "2024-01-19 01:47:05", "elapsed": 5729.909819, "delta": 0.005982}}
{"target": -13.757377738236523, "params": {"gamma": 809.3589339761143, "log10_alpha": -3.6033750019173523, "log10_colsample_bytree": -0.587506163700315, "log10_eta": -2.3737293357846747, "log10_lambda": -0.21133833811826008, "log10_min_child_weight": 3.0329706680445483, "log10_subsample": -0.9224499540020484, "max_depth": 8.0, "num_boost_round": 24.0}, "datetime": {"datetime": "2024-01-19 01:47:05", "elapsed": 5729.915961, "delta": 0.006142}}
{"target": -13.757379336882796, "params": {"gamma": 809.3589339761143, "log10_alpha": -3.6033750019173523, "log10_colsample_bytree": -0.587506163700315, "log10_eta": -2.3737293357846747, "log10_lambda": -0.21133833811826008, "log10_min_child_weight": 3.0329706680445483, "log10_subsample": -0.9224499540020484, "max_depth": 8.0, "num_boost_round": 25.0}, "datetime": {"datetime": "2024-01-19 01:47:05", "elapsed": 5729.922032, "delta": 0.006071}}
{"target": -13.757341699661698, "params": {"gamma": 809.3589339761143, "log10_alpha": -3.6033750019173523, "log10_colsample_bytree": -0.587506163700315, "log10_eta": -2.3737293357846747, "log10_lambda": -0.21133833811826008, "log10_min_child_weight": 3.0329706680445483, "log10_subsample": -0.9224499540020484, "max_depth": 8.0, "num_boost_round": 26.0}, "datetime": {"datetime": "2024-01-19 01:47:05", "elapsed": 5729.928179, "delta": 0.006147}}
{"target": -13.757344022842144, "params": {"gamma": 809.3589339761143, "log10_alpha": -3.6033750019173523, "log10_colsample_bytree": -0.587506163700315, "log10_eta": -2.3737293357846747, "log10_lambda": -0.21133833811826008, "log10_min_child_weight": 3.0329706680445483, "log10_subsample": -0.9224499540020484, "max_depth": 8.0, "num_boost_round": 27.0}, "datetime": {"datetime": "2024-01-19 01:47:05", "elapsed": 5729.93505, "delta": 0.006871}}
{"target": -13.757253554097861, "params": {"gamma": 809.3589339761143, "log10_alpha": -3.6033750019173523, "log10_colsample_bytree": -0.587506163700315, "log10_eta": -2.3737293357846747, "log10_lambda": -0.21133833811826008, "log10_min_child_weight": 3.0329706680445483, "log10_subsample": -0.9224499540020484, "max_depth": 8.0, "num_boost_round": 28.0}, "datetime": {"datetime": "2024-01-19 01:47:05", "elapsed": 5729.94164, "delta": 0.00659}}
{"target": -13.757205271761771, "params": {"gamma": 809.3589339761143, "log10_alpha": -3.6033750019173523, "log10_colsample_bytree": -0.587506163700315, "log10_eta": -2.3737293357846747, "log10_lambda": -0.21133833811826008, "log10_min_child_weight": 3.0329706680445483, "log10_subsample": -0.9224499540020484, "max_depth": 8.0, "num_boost_round": 29.0}, "datetime": {"datetime": "2024-01-19 01:47:05", "elapsed": 5729.94889, "delta": 0.00725}}
{"target": -13.75711875382972, "params": {"gamma": 809.3589339761143, "log10_alpha": -3.6033750019173523, "log10_colsample_bytree": -0.587506163700315, "log10_eta": -2.3737293357846747, "log10_lambda": -0.21133833811826008, "log10_min_child_weight": 3.0329706680445483, "log10_subsample": -0.9224499540020484, "max_depth": 8.0, "num_boost_round": 30.0}, "datetime": {"datetime": "2024-01-19 01:47:05", "elapsed": 5729.955393, "delta": 0.006503}}
{"target": -13.756984069039547, "params": {"gamma": 809.3589339761143, "log10_alpha": -3.6033750019173523, "log10_colsample_bytree": -0.587506163700315, "log10_eta": -2.3737293357846747, "log10_lambda": -0.21133833811826008, "log10_min_child_weight": 3.0329706680445483, "log10_subsample": -0.9224499540020484, "max_depth": 8.0, "num_boost_round": 31.0}, "datetime": {"datetime": "2024-01-19 01:47:05", "elapsed": 5729.961705, "delta": 0.006312}}
{"target": -13.756962192340612, "params": {"gamma": 809.3589339761143, "log10_alpha": -3.6033750019173523, "log10_colsample_bytree": -0.587506163700315, "log10_eta": -2.3737293357846747, "log10_lambda": -0.21133833811826008, "log10_min_child_weight": 3.0329706680445483, "log10_subsample": -0.9224499540020484, "max_depth": 8.0, "num_boost_round": 32.0}, "datetime": {"datetime": "2024-01-19 01:47:05", "elapsed": 5729.968219, "delta": 0.006514}}
{"target": -13.756890421486368, "params": {"gamma": 809.3589339761143, "log10_alpha": -3.6033750019173523, "log10_colsample_bytree": -0.587506163700315, "log10_eta": -2.3737293357846747, "log10_lambda": -0.21133833811826008, "log10_min_child_weight": 3.0329706680445483, "log10_subsample": -0.9224499540020484, "max_depth": 8.0, "num_boost_round": 33.0}, "datetime": {"datetime": "2024-01-19 01:47:05", "elapsed": 5729.974506, "delta": 0.006287}}
{"target": -13.758527480039572, "params": {"gamma": 874.2774297034384, "log10_alpha": -3.7892720723664977, "log10_colsample_bytree": -0.4787477277155362, "log10_eta": -3.1543988658468782, "log10_lambda": -1.65276909410073, "log10_min_child_weight": 3.1561306391716832, "log10_subsample": -0.8733501560009396, "max_depth": 7.0, "num_boost_round": 0.0}, "datetime": {"datetime": "2024-01-19 01:48:44", "elapsed": 5828.621462, "delta": 98.646956}}
{"target": -13.758506231014486, "params": {"gamma": 874.2774297034384, "log10_alpha": -3.7892720723664977, "log10_colsample_bytree": -0.4787477277155362, "log10_eta": -3.1543988658468782, "log10_lambda": -1.65276909410073, "log10_min_child_weight": 3.1561306391716832, "log10_subsample": -0.8733501560009396, "max_depth": 7.0, "num_boost_round": 1.0}, "datetime": {"datetime": "2024-01-19 01:48:44", "elapsed": 5828.629053, "delta": 0.007591}}
{"target": -13.758500294096539, "params": {"gamma": 874.2774297034384, "log10_alpha": -3.7892720723664977, "log10_colsample_bytree": -0.4787477277155362, "log10_eta": -3.1543988658468782, "log10_lambda": -1.65276909410073, "log10_min_child_weight": 3.1561306391716832, "log10_subsample": -0.8733501560009396, "max_depth": 7.0, "num_boost_round": 2.0}, "datetime": {"datetime": "2024-01-19 01:48:44", "elapsed": 5828.636289, "delta": 0.007236}}
{"target": -13.758506362106756, "params": {"gamma": 874.2774297034384, "log10_alpha": -3.7892720723664977, "log10_colsample_bytree": -0.4787477277155362, "log10_eta": -3.1543988658468782, "log10_lambda": -1.65276909410073, "log10_min_child_weight": 3.1561306391716832, "log10_subsample": -0.8733501560009396, "max_depth": 7.0, "num_boost_round": 3.0}, "datetime": {"datetime": "2024-01-19 01:48:44", "elapsed": 5828.64278, "delta": 0.006491}}
{"target": -13.758503316004047, "params": {"gamma": 874.2774297034384, "log10_alpha": -3.7892720723664977, "log10_colsample_bytree": -0.4787477277155362, "log10_eta": -3.1543988658468782, "log10_lambda": -1.65276909410073, "log10_min_child_weight": 3.1561306391716832, "log10_subsample": -0.8733501560009396, "max_depth": 7.0, "num_boost_round": 4.0}, "datetime": {"datetime": "2024-01-19 01:48:44", "elapsed": 5828.649309, "delta": 0.006529}}
{"target": -13.758498146525131, "params": {"gamma": 874.2774297034384, "log10_alpha": -3.7892720723664977, "log10_colsample_bytree": -0.4787477277155362, "log10_eta": -3.1543988658468782, "log10_lambda": -1.65276909410073, "log10_min_child_weight": 3.1561306391716832, "log10_subsample": -0.8733501560009396, "max_depth": 7.0, "num_boost_round": 5.0}, "datetime": {"datetime": "2024-01-19 01:48:44", "elapsed": 5828.655765, "delta": 0.006456}}
{"target": -13.758487879219212, "params": {"gamma": 874.2774297034384, "log10_alpha": -3.7892720723664977, "log10_colsample_bytree": -0.4787477277155362, "log10_eta": -3.1543988658468782, "log10_lambda": -1.65276909410073, "log10_min_child_weight": 3.1561306391716832, "log10_subsample": -0.8733501560009396, "max_depth": 7.0, "num_boost_round": 6.0}, "datetime": {"datetime": "2024-01-19 01:48:44", "elapsed": 5828.661913, "delta": 0.006148}}
{"target": -13.7584741592763, "params": {"gamma": 874.2774297034384, "log10_alpha": -3.7892720723664977, "log10_colsample_bytree": -0.4787477277155362, "log10_eta": -3.1543988658468782, "log10_lambda": -1.65276909410073, "log10_min_child_weight": 3.1561306391716832, "log10_subsample": -0.8733501560009396, "max_depth": 7.0, "num_boost_round": 7.0}, "datetime": {"datetime": "2024-01-19 01:48:44", "elapsed": 5828.668044, "delta": 0.006131}}
{"target": -13.758448478315785, "params": {"gamma": 874.2774297034384, "log10_alpha": -3.7892720723664977, "log10_colsample_bytree": -0.4787477277155362, "log10_eta": -3.1543988658468782, "log10_lambda": -1.65276909410073, "log10_min_child_weight": 3.1561306391716832, "log10_subsample": -0.8733501560009396, "max_depth": 7.0, "num_boost_round": 8.0}, "datetime": {"datetime": "2024-01-19 01:48:44", "elapsed": 5828.674379, "delta": 0.006335}}
{"target": -13.758425043567335, "params": {"gamma": 874.2774297034384, "log10_alpha": -3.7892720723664977, "log10_colsample_bytree": -0.4787477277155362, "log10_eta": -3.1543988658468782, "log10_lambda": -1.65276909410073, "log10_min_child_weight": 3.1561306391716832, "log10_subsample": -0.8733501560009396, "max_depth": 7.0, "num_boost_round": 9.0}, "datetime": {"datetime": "2024-01-19 01:48:44", "elapsed": 5828.680638, "delta": 0.006259}}
{"target": -13.75840343709924, "params": {"gamma": 874.2774297034384, "log10_alpha": -3.7892720723664977, "log10_colsample_bytree": -0.4787477277155362, "log10_eta": -3.1543988658468782, "log10_lambda": -1.65276909410073, "log10_min_child_weight": 3.1561306391716832, "log10_subsample": -0.8733501560009396, "max_depth": 7.0, "num_boost_round": 10.0}, "datetime": {"datetime": "2024-01-19 01:48:44", "elapsed": 5828.686916, "delta": 0.006278}}
{"target": -13.758386898525224, "params": {"gamma": 874.2774297034384, "log10_alpha": -3.7892720723664977, "log10_colsample_bytree": -0.4787477277155362, "log10_eta": -3.1543988658468782, "log10_lambda": -1.65276909410073, "log10_min_child_weight": 3.1561306391716832, "log10_subsample": -0.8733501560009396, "max_depth": 7.0, "num_boost_round": 11.0}, "datetime": {"datetime": "2024-01-19 01:48:44", "elapsed": 5828.693461, "delta": 0.006545}}
{"target": -13.758365648078621, "params": {"gamma": 874.2774297034384, "log10_alpha": -3.7892720723664977, "log10_colsample_bytree": -0.4787477277155362, "log10_eta": -3.1543988658468782, "log10_lambda": -1.65276909410073, "log10_min_child_weight": 3.1561306391716832, "log10_subsample": -0.8733501560009396, "max_depth": 7.0, "num_boost_round": 12.0}, "datetime": {"datetime": "2024-01-19 01:48:44", "elapsed": 5828.699936, "delta": 0.006475}}
{"target": -13.758352523867858, "params": {"gamma": 874.2774297034384, "log10_alpha": -3.7892720723664977, "log10_colsample_bytree": -0.4787477277155362, "log10_eta": -3.1543988658468782, "log10_lambda": -1.65276909410073, "log10_min_child_weight": 3.1561306391716832, "log10_subsample": -0.8733501560009396, "max_depth": 7.0, "num_boost_round": 13.0}, "datetime": {"datetime": "2024-01-19 01:48:44", "elapsed": 5828.706155, "delta": 0.006219}}
{"target": -13.758337321612906, "params": {"gamma": 874.2774297034384, "log10_alpha": -3.7892720723664977, "log10_colsample_bytree": -0.4787477277155362, "log10_eta": -3.1543988658468782, "log10_lambda": -1.65276909410073, "log10_min_child_weight": 3.1561306391716832, "log10_subsample": -0.8733501560009396, "max_depth": 7.0, "num_boost_round": 14.0}, "datetime": {"datetime": "2024-01-19 01:48:44", "elapsed": 5828.712473, "delta": 0.006318}}
{"target": -13.758319955145923, "params": {"gamma": 874.2774297034384, "log10_alpha": -3.7892720723664977, "log10_colsample_bytree": -0.4787477277155362, "log10_eta": -3.1543988658468782, "log10_lambda": -1.65276909410073, "log10_min_child_weight": 3.1561306391716832, "log10_subsample": -0.8733501560009396, "max_depth": 7.0, "num_boost_round": 15.0}, "datetime": {"datetime": "2024-01-19 01:48:44", "elapsed": 5828.718676, "delta": 0.006203}}
{"target": -13.758316291503625, "params": {"gamma": 874.2774297034384, "log10_alpha": -3.7892720723664977, "log10_colsample_bytree": -0.4787477277155362, "log10_eta": -3.1543988658468782, "log10_lambda": -1.65276909410073, "log10_min_child_weight": 3.1561306391716832, "log10_subsample": -0.8733501560009396, "max_depth": 7.0, "num_boost_round": 16.0}, "datetime": {"datetime": "2024-01-19 01:48:44", "elapsed": 5828.724941, "delta": 0.006265}}
{"target": -13.758324352951876, "params": {"gamma": 874.2774297034384, "log10_alpha": -3.7892720723664977, "log10_colsample_bytree": -0.4787477277155362, "log10_eta": -3.1543988658468782, "log10_lambda": -1.65276909410073, "log10_min_child_weight": 3.1561306391716832, "log10_subsample": -0.8733501560009396, "max_depth": 7.0, "num_boost_round": 17.0}, "datetime": {"datetime": "2024-01-19 01:48:44", "elapsed": 5828.73135, "delta": 0.006409}}
{"target": -13.758314583050359, "params": {"gamma": 874.2774297034384, "log10_alpha": -3.7892720723664977, "log10_colsample_bytree": -0.4787477277155362, "log10_eta": -3.1543988658468782, "log10_lambda": -1.65276909410073, "log10_min_child_weight": 3.1561306391716832, "log10_subsample": -0.8733501560009396, "max_depth": 7.0, "num_boost_round": 18.0}, "datetime": {"datetime": "2024-01-19 01:48:44", "elapsed": 5828.737865, "delta": 0.006515}}
{"target": -13.758289131030883, "params": {"gamma": 874.2774297034384, "log10_alpha": -3.7892720723664977, "log10_colsample_bytree": -0.4787477277155362, "log10_eta": -3.1543988658468782, "log10_lambda": -1.65276909410073, "log10_min_child_weight": 3.1561306391716832, "log10_subsample": -0.8733501560009396, "max_depth": 7.0, "num_boost_round": 19.0}, "datetime": {"datetime": "2024-01-19 01:48:44", "elapsed": 5828.744123, "delta": 0.006258}}
