{"target": -13.758536960926435, "params": {"gamma": 562.8795743892601, "log10_alpha": -3.4810890526296987, "log10_colsample_bytree": -0.8068068696373013, "log10_eta": -3.9435055049202443, "log10_lambda": -1.360710797894213, "log10_min_child_weight": 4.602490552224938, "log10_subsample": -0.23389304765630559, "max_depth": 6.0, "num_boost_round": 10.0}, "datetime": {"datetime": "2024-01-19 00:21:24", "elapsed": 616.609232, "delta": 0.000891}}
{"target": -13.758537137821182, "params": {"gamma": 562.8795743892601, "log10_alpha": -3.4810890526296987, "log10_colsample_bytree": -0.8068068696373013, "log10_eta": -3.9435055049202443, "log10_lambda": -1.360710797894213, "log10_min_child_weight": 4.602490552224938, "log10_subsample": -0.23389304765630559, "max_depth": 6.0, "num_boost_round": 11.0}, "datetime": {"datetime": "2024-01-19 00:21:24", "elapsed": 616.610124, "delta": 0.000892}}
{"target": -13.758521066246528, "params": {"gamma": 568.1330670066424, "log10_alpha": -1.2970783622821802, "log10_colsample_bytree": -0.9573115491705202, "log10_eta": -3.091400540963111, "log10_lambda": 0.06380997202655347, "log10_min_child_weight": 1.981527615894016, "log10_subsample": -0.17242271675931764, "max_depth": 4.0, "num_boost_round": 0.0}, "datetime": {"datetime": "2024-01-19 00:21:43", "elapsed": 635.240265, "delta": 18.630141}}
{"target": -13.758527203932239, "params": {"gamma": 568.1330670066424, "log10_alpha": -1.2970783622821802, "log10_colsample_bytree": -0.9573115491705202, "log10_eta": -3.091400540963111, "log10_lambda": 0.06380997202655347, "log10_min_child_weight": 1.981527615894016, "log10_subsample": -0.17242271675931764, "max_depth": 4.0, "num_boost_round": 1.0}, "datetime": {"datetime": "2024-01-19 00:21:43", "elapsed": 635.241291, "delta": 0.001026}}
{"target": -13.758523321757524, "params": {"gamma": 568.1330670066424, "log10_alpha": -1.2970783622821802, "log10_colsample_bytree": -0.9573115491705202, "log10_eta": -3.091400540963111, "log10_lambda": 0.06380997202655347, "log10_min_child_weight": 1.981527615894016, "log10_subsample": -0.17242271675931764, "max_depth": 4.0, "num_boost_round": 2.0}, "datetime": {"datetime": "2024-01-19 00:21:43", "elapsed": 635.242788, "delta": 0.001497}}
{"target": -13.75851655740428, "params": {"gamma": 568.1330670066424, "log10_alpha": -1.2970783622821802, "log10_colsample_bytree": -0.9573115491705202, "log10_eta": -3.091400540963111, "log10_lambda": 0.06380997202655347, "log10_min_child_weight": 1.981527615894016, "log10_subsample": -0.17242271675931764, "max_depth": 4.0, "num_boost_round": 3.0}, "datetime": {"datetime": "2024-01-19 00:21:43", "elapsed": 635.243686, "delta": 0.000898}}
{"target": -13.758498682987538, "params": {"gamma": 568.1330670066424, "log10_alpha": -1.2970783622821802, "log10_colsample_bytree": -0.9573115491705202, "log10_eta": -3.091400540963111, "log10_lambda": 0.06380997202655347, "log10_min_child_weight": 1.981527615894016, "log10_subsample": -0.17242271675931764, "max_depth": 4.0, "num_boost_round": 4.0}, "datetime": {"datetime": "2024-01-19 00:21:43", "elapsed": 635.244565, "delta": 0.000879}}
{"target": -13.758495803314506, "params": {"gamma": 568.1330670066424, "log10_alpha": -1.2970783622821802, "log10_colsample_bytree": -0.9573115491705202, "log10_eta": -3.091400540963111, "log10_lambda": 0.06380997202655347, "log10_min_child_weight": 1.981527615894016, "log10_subsample": -0.17242271675931764, "max_depth": 4.0, "num_boost_round": 5.0}, "datetime": {"datetime": "2024-01-19 00:21:43", "elapsed": 635.245634, "delta": 0.001069}}
{"target": -13.758495331396666, "params": {"gamma": 568.1330670066424, "log10_alpha": -1.2970783622821802, "log10_colsample_bytree": -0.9573115491705202, "log10_eta": -3.091400540963111, "log10_lambda": 0.06380997202655347, "log10_min_child_weight": 1.981527615894016, "log10_subsample": -0.17242271675931764, "max_depth": 4.0, "num_boost_round": 6.0}, "datetime": {"datetime": "2024-01-19 00:21:43", "elapsed": 635.246759, "delta": 0.001125}}
{"target": -13.758482649409641, "params": {"gamma": 568.1330670066424, "log10_alpha": -1.2970783622821802, "log10_colsample_bytree": -0.9573115491705202, "log10_eta": -3.091400540963111, "log10_lambda": 0.06380997202655347, "log10_min_child_weight": 1.981527615894016, "log10_subsample": -0.17242271675931764, "max_depth": 4.0, "num_boost_round": 7.0}, "datetime": {"datetime": "2024-01-19 00:21:43", "elapsed": 635.247765, "delta": 0.001006}}
{"target": -13.758472552528545, "params": {"gamma": 568.1330670066424, "log10_alpha": -1.2970783622821802, "log10_colsample_bytree": -0.9573115491705202, "log10_eta": -3.091400540963111, "log10_lambda": 0.06380997202655347, "log10_min_child_weight": 1.981527615894016, "log10_subsample": -0.17242271675931764, "max_depth": 4.0, "num_boost_round": 8.0}, "datetime": {"datetime": "2024-01-19 00:21:43", "elapsed": 635.248759, "delta": 0.000994}}
{"target": -13.758473621798267, "params": {"gamma": 568.1330670066424, "log10_alpha": -1.2970783622821802, "log10_colsample_bytree": -0.9573115491705202, "log10_eta": -3.091400540963111, "log10_lambda": 0.06380997202655347, "log10_min_child_weight": 1.981527615894016, "log10_subsample": -0.17242271675931764, "max_depth": 4.0, "num_boost_round": 9.0}, "datetime": {"datetime": "2024-01-19 00:21:43", "elapsed": 635.249647, "delta": 0.000888}}
{"target": -13.75847108781844, "params": {"gamma": 568.1330670066424, "log10_alpha": -1.2970783622821802, "log10_colsample_bytree": -0.9573115491705202, "log10_eta": -3.091400540963111, "log10_lambda": 0.06380997202655347, "log10_min_child_weight": 1.981527615894016, "log10_subsample": -0.17242271675931764, "max_depth": 4.0, "num_boost_round": 10.0}, "datetime": {"datetime": "2024-01-19 00:21:43", "elapsed": 635.250784, "delta": 0.001137}}
{"target": -13.758458466129888, "params": {"gamma": 568.1330670066424, "log10_alpha": -1.2970783622821802, "log10_colsample_bytree": -0.9573115491705202, "log10_eta": -3.091400540963111, "log10_lambda": 0.06380997202655347, "log10_min_child_weight": 1.981527615894016, "log10_subsample": -0.17242271675931764, "max_depth": 4.0, "num_boost_round": 11.0}, "datetime": {"datetime": "2024-01-19 00:21:43", "elapsed": 635.251689, "delta": 0.000905}}
{"target": -13.75800832021684, "params": {"gamma": 546.3691642412549, "log10_alpha": -1.7372259353936417, "log10_colsample_bytree": -0.48883745184071326, "log10_eta": -1.7296116998930198, "log10_lambda": 0.14897297888434657, "log10_min_child_weight": 1.2967443929076106, "log10_subsample": -0.03867357137076133, "max_depth": 5.0, "num_boost_round": 0.0}, "datetime": {"datetime": "2024-01-19 00:22:09", "elapsed": 661.022535, "delta": 25.770846}}
{"target": -13.75732426319408, "params": {"gamma": 546.3691642412549, "log10_alpha": -1.7372259353936417, "log10_colsample_bytree": -0.48883745184071326, "log10_eta": -1.7296116998930198, "log10_lambda": 0.14897297888434657, "log10_min_child_weight": 1.2967443929076106, "log10_subsample": -0.03867357137076133, "max_depth": 5.0, "num_boost_round": 1.0}, "datetime": {"datetime": "2024-01-19 00:22:09", "elapsed": 661.024017, "delta": 0.001482}}
{"target": -13.757243020402145, "params": {"gamma": 546.3691642412549, "log10_alpha": -1.7372259353936417, "log10_colsample_bytree": -0.48883745184071326, "log10_eta": -1.7296116998930198, "log10_lambda": 0.14897297888434657, "log10_min_child_weight": 1.2967443929076106, "log10_subsample": -0.03867357137076133, "max_depth": 5.0, "num_boost_round": 2.0}, "datetime": {"datetime": "2024-01-19 00:22:09", "elapsed": 661.024967, "delta": 0.00095}}
{"target": -13.757141111850332, "params": {"gamma": 546.3691642412549, "log10_alpha": -1.7372259353936417, "log10_colsample_bytree": -0.48883745184071326, "log10_eta": -1.7296116998930198, "log10_lambda": 0.14897297888434657, "log10_min_child_weight": 1.2967443929076106, "log10_subsample": -0.03867357137076133, "max_depth": 5.0, "num_boost_round": 3.0}, "datetime": {"datetime": "2024-01-19 00:22:09", "elapsed": 661.026017, "delta": 0.00105}}
{"target": -13.75663587817046, "params": {"gamma": 546.3691642412549, "log10_alpha": -1.7372259353936417, "log10_colsample_bytree": -0.48883745184071326, "log10_eta": -1.7296116998930198, "log10_lambda": 0.14897297888434657, "log10_min_child_weight": 1.2967443929076106, "log10_subsample": -0.03867357137076133, "max_depth": 5.0, "num_boost_round": 4.0}, "datetime": {"datetime": "2024-01-19 00:22:09", "elapsed": 661.026926, "delta": 0.000909}}
{"target": -13.756475344401373, "params": {"gamma": 546.3691642412549, "log10_alpha": -1.7372259353936417, "log10_colsample_bytree": -0.48883745184071326, "log10_eta": -1.7296116998930198, "log10_lambda": 0.14897297888434657, "log10_min_child_weight": 1.2967443929076106, "log10_subsample": -0.03867357137076133, "max_depth": 5.0, "num_boost_round": 5.0}, "datetime": {"datetime": "2024-01-19 00:22:09", "elapsed": 661.027985, "delta": 0.001059}}
{"target": -13.756554938793629, "params": {"gamma": 546.3691642412549, "log10_alpha": -1.7372259353936417, "log10_colsample_bytree": -0.48883745184071326, "log10_eta": -1.7296116998930198, "log10_lambda": 0.14897297888434657, "log10_min_child_weight": 1.2967443929076106, "log10_subsample": -0.03867357137076133, "max_depth": 5.0, "num_boost_round": 6.0}, "datetime": {"datetime": "2024-01-19 00:22:09", "elapsed": 661.029221, "delta": 0.001236}}
{"target": -13.756146619510247, "params": {"gamma": 546.3691642412549, "log10_alpha": -1.7372259353936417, "log10_colsample_bytree": -0.48883745184071326, "log10_eta": -1.7296116998930198, "log10_lambda": 0.14897297888434657, "log10_min_child_weight": 1.2967443929076106, "log10_subsample": -0.03867357137076133, "max_depth": 5.0, "num_boost_round": 7.0}, "datetime": {"datetime": "2024-01-19 00:22:09", "elapsed": 661.030144, "delta": 0.000923}}
{"target": -13.756105941134232, "params": {"gamma": 546.3691642412549, "log10_alpha": -1.7372259353936417, "log10_colsample_bytree": -0.48883745184071326, "log10_eta": -1.7296116998930198, "log10_lambda": 0.14897297888434657, "log10_min_child_weight": 1.2967443929076106, "log10_subsample": -0.03867357137076133, "max_depth": 5.0, "num_boost_round": 8.0}, "datetime": {"datetime": "2024-01-19 00:22:09", "elapsed": 661.031091, "delta": 0.000947}}
{"target": -13.756105989623306, "params": {"gamma": 546.3691642412549, "log10_alpha": -1.7372259353936417, "log10_colsample_bytree": -0.48883745184071326, "log10_eta": -1.7296116998930198, "log10_lambda": 0.14897297888434657, "log10_min_child_weight": 1.2967443929076106, "log10_subsample": -0.03867357137076133, "max_depth": 5.0, "num_boost_round": 9.0}, "datetime": {"datetime": "2024-01-19 00:22:09", "elapsed": 661.031985, "delta": 0.000894}}
{"target": -13.75633479198081, "params": {"gamma": 546.3691642412549, "log10_alpha": -1.7372259353936417, "log10_colsample_bytree": -0.48883745184071326, "log10_eta": -1.7296116998930198, "log10_lambda": 0.14897297888434657, "log10_min_child_weight": 1.2967443929076106, "log10_subsample": -0.03867357137076133, "max_depth": 5.0, "num_boost_round": 10.0}, "datetime": {"datetime": "2024-01-19 00:22:09", "elapsed": 661.032889, "delta": 0.000904}}
{"target": -13.756316279222851, "params": {"gamma": 546.3691642412549, "log10_alpha": -1.7372259353936417, "log10_colsample_bytree": -0.48883745184071326, "log10_eta": -1.7296116998930198, "log10_lambda": 0.14897297888434657, "log10_min_child_weight": 1.2967443929076106, "log10_subsample": -0.03867357137076133, "max_depth": 5.0, "num_boost_round": 11.0}, "datetime": {"datetime": "2024-01-19 00:22:09", "elapsed": 661.033783, "delta": 0.000894}}
{"target": -13.757139477528506, "params": {"gamma": 546.3691642412549, "log10_alpha": -1.7372259353936417, "log10_colsample_bytree": -0.48883745184071326, "log10_eta": -1.7296116998930198, "log10_lambda": 0.14897297888434657, "log10_min_child_weight": 1.2967443929076106, "log10_subsample": -0.03867357137076133, "max_depth": 5.0, "num_boost_round": 12.0}, "datetime": {"datetime": "2024-01-19 00:22:09", "elapsed": 661.034709, "delta": 0.000926}}
{"target": -13.758278625323632, "params": {"gamma": 546.3691642412549, "log10_alpha": -1.7372259353936417, "log10_colsample_bytree": -0.48883745184071326, "log10_eta": -1.7296116998930198, "log10_lambda": 0.14897297888434657, "log10_min_child_weight": 1.2967443929076106, "log10_subsample": -0.03867357137076133, "max_depth": 5.0, "num_boost_round": 13.0}, "datetime": {"datetime": "2024-01-19 00:22:09", "elapsed": 661.035606, "delta": 0.000897}}
{"target": -13.758558516495683, "params": {"gamma": 546.3691642412549, "log10_alpha": -1.7372259353936417, "log10_colsample_bytree": -0.48883745184071326, "log10_eta": -1.7296116998930198, "log10_lambda": 0.14897297888434657, "log10_min_child_weight": 1.2967443929076106, "log10_subsample": -0.03867357137076133, "max_depth": 5.0, "num_boost_round": 14.0}, "datetime": {"datetime": "2024-01-19 00:22:09", "elapsed": 661.036508, "delta": 0.000902}}
{"target": -13.758248563732922, "params": {"gamma": 546.3691642412549, "log10_alpha": -1.7372259353936417, "log10_colsample_bytree": -0.48883745184071326, "log10_eta": -1.7296116998930198, "log10_lambda": 0.14897297888434657, "log10_min_child_weight": 1.2967443929076106, "log10_subsample": -0.03867357137076133, "max_depth": 5.0, "num_boost_round": 15.0}, "datetime": {"datetime": "2024-01-19 00:22:09", "elapsed": 661.037419, "delta": 0.000911}}
{"target": -13.75842873432239, "params": {"gamma": 546.3691642412549, "log10_alpha": -1.7372259353936417, "log10_colsample_bytree": -0.48883745184071326, "log10_eta": -1.7296116998930198, "log10_lambda": 0.14897297888434657, "log10_min_child_weight": 1.2967443929076106, "log10_subsample": -0.03867357137076133, "max_depth": 5.0, "num_boost_round": 16.0}, "datetime": {"datetime": "2024-01-19 00:22:09", "elapsed": 661.038329, "delta": 0.00091}}
{"target": -13.758477581536608, "params": {"gamma": 546.3691642412549, "log10_alpha": -1.7372259353936417, "log10_colsample_bytree": -0.48883745184071326, "log10_eta": -1.7296116998930198, "log10_lambda": 0.14897297888434657, "log10_min_child_weight": 1.2967443929076106, "log10_subsample": -0.03867357137076133, "max_depth": 5.0, "num_boost_round": 17.0}, "datetime": {"datetime": "2024-01-19 00:22:09", "elapsed": 661.039239, "delta": 0.00091}}
{"target": -13.75917612815247, "params": {"gamma": 546.3691642412549, "log10_alpha": -1.7372259353936417, "log10_colsample_bytree": -0.48883745184071326, "log10_eta": -1.7296116998930198, "log10_lambda": 0.14897297888434657, "log10_min_child_weight": 1.2967443929076106, "log10_subsample": -0.03867357137076133, "max_depth": 5.0, "num_boost_round": 18.0}, "datetime": {"datetime": "2024-01-19 00:22:09", "elapsed": 661.040147, "delta": 0.000908}}
{"target": -13.759592939632702, "params": {"gamma": 546.3691642412549, "log10_alpha": -1.7372259353936417, "log10_colsample_bytree": -0.48883745184071326, "log10_eta": -1.7296116998930198, "log10_lambda": 0.14897297888434657, "log10_min_child_weight": 1.2967443929076106, "log10_subsample": -0.03867357137076133, "max_depth": 5.0, "num_boost_round": 19.0}, "datetime": {"datetime": "2024-01-19 00:22:09", "elapsed": 661.041048, "delta": 0.000901}}
{"target": -13.759574857910488, "params": {"gamma": 546.3691642412549, "log10_alpha": -1.7372259353936417, "log10_colsample_bytree": -0.48883745184071326, "log10_eta": -1.7296116998930198, "log10_lambda": 0.14897297888434657, "log10_min_child_weight": 1.2967443929076106, "log10_subsample": -0.03867357137076133, "max_depth": 5.0, "num_boost_round": 20.0}, "datetime": {"datetime": "2024-01-19 00:22:09", "elapsed": 661.041944, "delta": 0.000896}}
{"target": -13.761153727540107, "params": {"gamma": 546.3691642412549, "log10_alpha": -1.7372259353936417, "log10_colsample_bytree": -0.48883745184071326, "log10_eta": -1.7296116998930198, "log10_lambda": 0.14897297888434657, "log10_min_child_weight": 1.2967443929076106, "log10_subsample": -0.03867357137076133, "max_depth": 5.0, "num_boost_round": 21.0}, "datetime": {"datetime": "2024-01-19 00:22:09", "elapsed": 661.042911, "delta": 0.000967}}
{"target": -13.761592129625386, "params": {"gamma": 546.3691642412549, "log10_alpha": -1.7372259353936417, "log10_colsample_bytree": -0.48883745184071326, "log10_eta": -1.7296116998930198, "log10_lambda": 0.14897297888434657, "log10_min_child_weight": 1.2967443929076106, "log10_subsample": -0.03867357137076133, "max_depth": 5.0, "num_boost_round": 22.0}, "datetime": {"datetime": "2024-01-19 00:22:09", "elapsed": 661.043821, "delta": 0.00091}}
{"target": -13.761705121929852, "params": {"gamma": 546.3691642412549, "log10_alpha": -1.7372259353936417, "log10_colsample_bytree": -0.48883745184071326, "log10_eta": -1.7296116998930198, "log10_lambda": 0.14897297888434657, "log10_min_child_weight": 1.2967443929076106, "log10_subsample": -0.03867357137076133, "max_depth": 5.0, "num_boost_round": 23.0}, "datetime": {"datetime": "2024-01-19 00:22:09", "elapsed": 661.044736, "delta": 0.000915}}
{"target": -13.762165329797133, "params": {"gamma": 546.3691642412549, "log10_alpha": -1.7372259353936417, "log10_colsample_bytree": -0.48883745184071326, "log10_eta": -1.7296116998930198, "log10_lambda": 0.14897297888434657, "log10_min_child_weight": 1.2967443929076106, "log10_subsample": -0.03867357137076133, "max_depth": 5.0, "num_boost_round": 24.0}, "datetime": {"datetime": "2024-01-19 00:22:09", "elapsed": 661.045668, "delta": 0.000932}}
{"target": -13.762276788478218, "params": {"gamma": 546.3691642412549, "log10_alpha": -1.7372259353936417, "log10_colsample_bytree": -0.48883745184071326, "log10_eta": -1.7296116998930198, "log10_lambda": 0.14897297888434657, "log10_min_child_weight": 1.2967443929076106, "log10_subsample": -0.03867357137076133, "max_depth": 5.0, "num_boost_round": 25.0}, "datetime": {"datetime": "2024-01-19 00:22:09", "elapsed": 661.046806, "delta": 0.001138}}
{"target": -13.763167935105217, "params": {"gamma": 546.3691642412549, "log10_alpha": -1.7372259353936417, "log10_colsample_bytree": -0.48883745184071326, "log10_eta": -1.7296116998930198, "log10_lambda": 0.14897297888434657, "log10_min_child_weight": 1.2967443929076106, "log10_subsample": -0.03867357137076133, "max_depth": 5.0, "num_boost_round": 26.0}, "datetime": {"datetime": "2024-01-19 00:22:09", "elapsed": 661.047942, "delta": 0.001136}}
{"target": -13.763532413963475, "params": {"gamma": 546.3691642412549, "log10_alpha": -1.7372259353936417, "log10_colsample_bytree": -0.48883745184071326, "log10_eta": -1.7296116998930198, "log10_lambda": 0.14897297888434657, "log10_min_child_weight": 1.2967443929076106, "log10_subsample": -0.03867357137076133, "max_depth": 5.0, "num_boost_round": 27.0}, "datetime": {"datetime": "2024-01-19 00:22:09", "elapsed": 661.049007, "delta": 0.001065}}
{"target": -13.764051472057005, "params": {"gamma": 546.3691642412549, "log10_alpha": -1.7372259353936417, "log10_colsample_bytree": -0.48883745184071326, "log10_eta": -1.7296116998930198, "log10_lambda": 0.14897297888434657, "log10_min_child_weight": 1.2967443929076106, "log10_subsample": -0.03867357137076133, "max_depth": 5.0, "num_boost_round": 28.0}, "datetime": {"datetime": "2024-01-19 00:22:09", "elapsed": 661.049921, "delta": 0.000914}}
{"target": -13.764942233902465, "params": {"gamma": 546.3691642412549, "log10_alpha": -1.7372259353936417, "log10_colsample_bytree": -0.48883745184071326, "log10_eta": -1.7296116998930198, "log10_lambda": 0.14897297888434657, "log10_min_child_weight": 1.2967443929076106, "log10_subsample": -0.03867357137076133, "max_depth": 5.0, "num_boost_round": 29.0}, "datetime": {"datetime": "2024-01-19 00:22:09", "elapsed": 661.050844, "delta": 0.000923}}
{"target": -13.765252510252752, "params": {"gamma": 546.3691642412549, "log10_alpha": -1.7372259353936417, "log10_colsample_bytree": -0.48883745184071326, "log10_eta": -1.7296116998930198, "log10_lambda": 0.14897297888434657, "log10_min_child_weight": 1.2967443929076106, "log10_subsample": -0.03867357137076133, "max_depth": 5.0, "num_boost_round": 30.0}, "datetime": {"datetime": "2024-01-19 00:22:09", "elapsed": 661.051784, "delta": 0.00094}}
{"target": -13.758208614816983, "params": {"gamma": 538.1193874729138, "log10_alpha": 0.08571121674667737, "log10_colsample_bytree": -0.5350022437046638, "log10_eta": -1.4575569397280521, "log10_lambda": -0.24240344870880115, "log10_min_child_weight": 0.24292176911114627, "log10_subsample": -0.48678091329375717, "max_depth": 2.0, "num_boost_round": 0.0}, "datetime": {"datetime": "2024-01-19 00:22:29", "elapsed": 681.555026, "delta": 20.503242}}
{"target": -13.757984842177171, "params": {"gamma": 538.1193874729138, "log10_alpha": 0.08571121674667737, "log10_colsample_bytree": -0.5350022437046638, "log10_eta": -1.4575569397280521, "log10_lambda": -0.24240344870880115, "log10_min_child_weight": 0.24292176911114627, "log10_subsample": -0.48678091329375717, "max_depth": 2.0, "num_boost_round": 1.0}, "datetime": {"datetime": "2024-01-19 00:22:29", "elapsed": 681.556122, "delta": 0.001096}}
{"target": -13.758026014713424, "params": {"gamma": 538.1193874729138, "log10_alpha": 0.08571121674667737, "log10_colsample_bytree": -0.5350022437046638, "log10_eta": -1.4575569397280521, "log10_lambda": -0.24240344870880115, "log10_min_child_weight": 0.24292176911114627, "log10_subsample": -0.48678091329375717, "max_depth": 2.0, "num_boost_round": 2.0}, "datetime": {"datetime": "2024-01-19 00:22:29", "elapsed": 681.557429, "delta": 0.001307}}
{"target": -13.757693768845078, "params": {"gamma": 538.1193874729138, "log10_alpha": 0.08571121674667737, "log10_colsample_bytree": -0.5350022437046638, "log10_eta": -1.4575569397280521, "log10_lambda": -0.24240344870880115, "log10_min_child_weight": 0.24292176911114627, "log10_subsample": -0.48678091329375717, "max_depth": 2.0, "num_boost_round": 3.0}, "datetime": {"datetime": "2024-01-19 00:22:29", "elapsed": 681.558577, "delta": 0.001148}}
