{"target": -13.758406486768527, "params": {"gamma": 831.4261273564323, "log10_alpha": -3.814353720928794, "log10_colsample_bytree": -0.5213068371480483, "log10_eta": -3.4164232571953166, "log10_lambda": -3.291536508208483, "log10_min_child_weight": 2.3992714349609257, "log10_subsample": -0.18769696652000156, "max_depth": 9.0, "num_boost_round": 6.0}, "datetime": {"datetime": "2024-01-19 01:22:01", "elapsed": 4241.665391, "delta": 0.003781}}
{"target": -13.758402631880042, "params": {"gamma": 831.4261273564323, "log10_alpha": -3.814353720928794, "log10_colsample_bytree": -0.5213068371480483, "log10_eta": -3.4164232571953166, "log10_lambda": -3.291536508208483, "log10_min_child_weight": 2.3992714349609257, "log10_subsample": -0.18769696652000156, "max_depth": 9.0, "num_boost_round": 7.0}, "datetime": {"datetime": "2024-01-19 01:22:01", "elapsed": 4241.669127, "delta": 0.003736}}
{"target": -13.758386757460876, "params": {"gamma": 831.4261273564323, "log10_alpha": -3.814353720928794, "log10_colsample_bytree": -0.5213068371480483, "log10_eta": -3.4164232571953166, "log10_lambda": -3.291536508208483, "log10_min_child_weight": 2.3992714349609257, "log10_subsample": -0.18769696652000156, "max_depth": 9.0, "num_boost_round": 8.0}, "datetime": {"datetime": "2024-01-19 01:22:01", "elapsed": 4241.67301, "delta": 0.003883}}
{"target": -13.758366218240052, "params": {"gamma": 831.4261273564323, "log10_alpha": -3.814353720928794, "log10_colsample_bytree": -0.5213068371480483, "log10_eta": -3.4164232571953166, "log10_lambda": -3.291536508208483, "log10_min_child_weight": 2.3992714349609257, "log10_subsample": -0.18769696652000156, "max_depth": 9.0, "num_boost_round": 9.0}, "datetime": {"datetime": "2024-01-19 01:22:01", "elapsed": 4241.676906, "delta": 0.003896}}
{"target": -13.75836320826864, "params": {"gamma": 831.4261273564323, "log10_alpha": -3.814353720928794, "log10_colsample_bytree": -0.5213068371480483, "log10_eta": -3.4164232571953166, "log10_lambda": -3.291536508208483, "log10_min_child_weight": 2.3992714349609257, "log10_subsample": -0.18769696652000156, "max_depth": 9.0, "num_boost_round": 10.0}, "datetime": {"datetime": "2024-01-19 01:22:01", "elapsed": 4241.680933, "delta": 0.004027}}
{"target": -13.758344423531398, "params": {"gamma": 831.4261273564323, "log10_alpha": -3.814353720928794, "log10_colsample_bytree": -0.5213068371480483, "log10_eta": -3.4164232571953166, "log10_lambda": -3.291536508208483, "log10_min_child_weight": 2.3992714349609257, "log10_subsample": -0.18769696652000156, "max_depth": 9.0, "num_boost_round": 11.0}, "datetime": {"datetime": "2024-01-19 01:22:01", "elapsed": 4241.684636, "delta": 0.003703}}
{"target": -13.758533273177177, "params": {"gamma": 892.3799867098705, "log10_alpha": -4.1755190522228585, "log10_colsample_bytree": -0.6962885079047213, "log10_eta": -3.6537901932131747, "log10_lambda": 0.5254148146065152, "log10_min_child_weight": 2.327126705261031, "log10_subsample": -0.022837729375048577, "max_depth": 3.0, "num_boost_round": 0.0}, "datetime": {"datetime": "2024-01-19 01:23:01", "elapsed": 4301.664558, "delta": 59.979922}}
{"target": -13.758527466908525, "params": {"gamma": 892.3799867098705, "log10_alpha": -4.1755190522228585, "log10_colsample_bytree": -0.6962885079047213, "log10_eta": -3.6537901932131747, "log10_lambda": 0.5254148146065152, "log10_min_child_weight": 2.327126705261031, "log10_subsample": -0.022837729375048577, "max_depth": 3.0, "num_boost_round": 1.0}, "datetime": {"datetime": "2024-01-19 01:23:01", "elapsed": 4301.66946, "delta": 0.004902}}
{"target": -13.758526859554488, "params": {"gamma": 892.3799867098705, "log10_alpha": -4.1755190522228585, "log10_colsample_bytree": -0.6962885079047213, "log10_eta": -3.6537901932131747, "log10_lambda": 0.5254148146065152, "log10_min_child_weight": 2.327126705261031, "log10_subsample": -0.022837729375048577, "max_depth": 3.0, "num_boost_round": 2.0}, "datetime": {"datetime": "2024-01-19 01:23:01", "elapsed": 4301.673322, "delta": 0.003862}}
{"target": -13.758523875958794, "params": {"gamma": 892.3799867098705, "log10_alpha": -4.1755190522228585, "log10_colsample_bytree": -0.6962885079047213, "log10_eta": -3.6537901932131747, "log10_lambda": 0.5254148146065152, "log10_min_child_weight": 2.327126705261031, "log10_subsample": -0.022837729375048577, "max_depth": 3.0, "num_boost_round": 3.0}, "datetime": {"datetime": "2024-01-19 01:23:01", "elapsed": 4301.677173, "delta": 0.003851}}
{"target": -13.758523113731457, "params": {"gamma": 892.3799867098705, "log10_alpha": -4.1755190522228585, "log10_colsample_bytree": -0.6962885079047213, "log10_eta": -3.6537901932131747, "log10_lambda": 0.5254148146065152, "log10_min_child_weight": 2.327126705261031, "log10_subsample": -0.022837729375048577, "max_depth": 3.0, "num_boost_round": 4.0}, "datetime": {"datetime": "2024-01-19 01:23:01", "elapsed": 4301.685067, "delta": 0.007894}}
{"target": -13.758518398731667, "params": {"gamma": 892.3799867098705, "log10_alpha": -4.1755190522228585, "log10_colsample_bytree": -0.6962885079047213, "log10_eta": -3.6537901932131747, "log10_lambda": 0.5254148146065152, "log10_min_child_weight": 2.327126705261031, "log10_subsample": -0.022837729375048577, "max_depth": 3.0, "num_boost_round": 5.0}, "datetime": {"datetime": "2024-01-19 01:23:01", "elapsed": 4301.688846, "delta": 0.003779}}
{"target": -13.758514155424795, "params": {"gamma": 892.3799867098705, "log10_alpha": -4.1755190522228585, "log10_colsample_bytree": -0.6962885079047213, "log10_eta": -3.6537901932131747, "log10_lambda": 0.5254148146065152, "log10_min_child_weight": 2.327126705261031, "log10_subsample": -0.022837729375048577, "max_depth": 3.0, "num_boost_round": 6.0}, "datetime": {"datetime": "2024-01-19 01:23:01", "elapsed": 4301.692836, "delta": 0.00399}}
{"target": -13.758511550890164, "params": {"gamma": 892.3799867098705, "log10_alpha": -4.1755190522228585, "log10_colsample_bytree": -0.6962885079047213, "log10_eta": -3.6537901932131747, "log10_lambda": 0.5254148146065152, "log10_min_child_weight": 2.327126705261031, "log10_subsample": -0.022837729375048577, "max_depth": 3.0, "num_boost_round": 7.0}, "datetime": {"datetime": "2024-01-19 01:23:01", "elapsed": 4301.696754, "delta": 0.003918}}
{"target": -13.75851028946034, "params": {"gamma": 892.3799867098705, "log10_alpha": -4.1755190522228585, "log10_colsample_bytree": -0.6962885079047213, "log10_eta": -3.6537901932131747, "log10_lambda": 0.5254148146065152, "log10_min_child_weight": 2.327126705261031, "log10_subsample": -0.022837729375048577, "max_depth": 3.0, "num_boost_round": 8.0}, "datetime": {"datetime": "2024-01-19 01:23:01", "elapsed": 4301.700562, "delta": 0.003808}}
{"target": -13.758507342627782, "params": {"gamma": 892.3799867098705, "log10_alpha": -4.1755190522228585, "log10_colsample_bytree": -0.6962885079047213, "log10_eta": -3.6537901932131747, "log10_lambda": 0.5254148146065152, "log10_min_child_weight": 2.327126705261031, "log10_subsample": -0.022837729375048577, "max_depth": 3.0, "num_boost_round": 9.0}, "datetime": {"datetime": "2024-01-19 01:23:01", "elapsed": 4301.704202, "delta": 0.00364}}
{"target": -13.758494175993901, "params": {"gamma": 893.1815401111799, "log10_alpha": -4.940797535926834, "log10_colsample_bytree": -0.793012699874005, "log10_eta": -2.6820047907767317, "log10_lambda": -1.8194519218638696, "log10_min_child_weight": 1.5188018649560004, "log10_subsample": -0.40926812661377343, "max_depth": 2.0, "num_boost_round": 0.0}, "datetime": {"datetime": "2024-01-19 01:23:44", "elapsed": 4344.445023, "delta": 42.740821}}
{"target": -13.758470636972806, "params": {"gamma": 893.1815401111799, "log10_alpha": -4.940797535926834, "log10_colsample_bytree": -0.793012699874005, "log10_eta": -2.6820047907767317, "log10_lambda": -1.8194519218638696, "log10_min_child_weight": 1.5188018649560004, "log10_subsample": -0.40926812661377343, "max_depth": 2.0, "num_boost_round": 1.0}, "datetime": {"datetime": "2024-01-19 01:23:44", "elapsed": 4344.449797, "delta": 0.004774}}
{"target": -13.758467215697769, "params": {"gamma": 893.1815401111799, "log10_alpha": -4.940797535926834, "log10_colsample_bytree": -0.793012699874005, "log10_eta": -2.6820047907767317, "log10_lambda": -1.8194519218638696, "log10_min_child_weight": 1.5188018649560004, "log10_subsample": -0.40926812661377343, "max_depth": 2.0, "num_boost_round": 2.0}, "datetime": {"datetime": "2024-01-19 01:23:44", "elapsed": 4344.453732, "delta": 0.003935}}
{"target": -13.75843347836467, "params": {"gamma": 893.1815401111799, "log10_alpha": -4.940797535926834, "log10_colsample_bytree": -0.793012699874005, "log10_eta": -2.6820047907767317, "log10_lambda": -1.8194519218638696, "log10_min_child_weight": 1.5188018649560004, "log10_subsample": -0.40926812661377343, "max_depth": 2.0, "num_boost_round": 3.0}, "datetime": {"datetime": "2024-01-19 01:23:44", "elapsed": 4344.45747, "delta": 0.003738}}
{"target": -13.758410562491528, "params": {"gamma": 893.1815401111799, "log10_alpha": -4.940797535926834, "log10_colsample_bytree": -0.793012699874005, "log10_eta": -2.6820047907767317, "log10_lambda": -1.8194519218638696, "log10_min_child_weight": 1.5188018649560004, "log10_subsample": -0.40926812661377343, "max_depth": 2.0, "num_boost_round": 4.0}, "datetime": {"datetime": "2024-01-19 01:23:44", "elapsed": 4344.461277, "delta": 0.003807}}
{"target": -13.758414561324802, "params": {"gamma": 893.1815401111799, "log10_alpha": -4.940797535926834, "log10_colsample_bytree": -0.793012699874005, "log10_eta": -2.6820047907767317, "log10_lambda": -1.8194519218638696, "log10_min_child_weight": 1.5188018649560004, "log10_subsample": -0.40926812661377343, "max_depth": 2.0, "num_boost_round": 5.0}, "datetime": {"datetime": "2024-01-19 01:23:44", "elapsed": 4344.46501, "delta": 0.003733}}
{"target": -13.75840363778575, "params": {"gamma": 893.1815401111799, "log10_alpha": -4.940797535926834, "log10_colsample_bytree": -0.793012699874005, "log10_eta": -2.6820047907767317, "log10_lambda": -1.8194519218638696, "log10_min_child_weight": 1.5188018649560004, "log10_subsample": -0.40926812661377343, "max_depth": 2.0, "num_boost_round": 6.0}, "datetime": {"datetime": "2024-01-19 01:23:44", "elapsed": 4344.46868, "delta": 0.00367}}
{"target": -13.758369187526068, "params": {"gamma": 893.1815401111799, "log10_alpha": -4.940797535926834, "log10_colsample_bytree": -0.793012699874005, "log10_eta": -2.6820047907767317, "log10_lambda": -1.8194519218638696, "log10_min_child_weight": 1.5188018649560004, "log10_subsample": -0.40926812661377343, "max_depth": 2.0, "num_boost_round": 7.0}, "datetime": {"datetime": "2024-01-19 01:23:44", "elapsed": 4344.472731, "delta": 0.004051}}
{"target": -13.758388162683163, "params": {"gamma": 893.1815401111799, "log10_alpha": -4.940797535926834, "log10_colsample_bytree": -0.793012699874005, "log10_eta": -2.6820047907767317, "log10_lambda": -1.8194519218638696, "log10_min_child_weight": 1.5188018649560004, "log10_subsample": -0.40926812661377343, "max_depth": 2.0, "num_boost_round": 8.0}, "datetime": {"datetime": "2024-01-19 01:23:44", "elapsed": 4344.476521, "delta": 0.00379}}
{"target": -13.758350996678079, "params": {"gamma": 893.1815401111799, "log10_alpha": -4.940797535926834, "log10_colsample_bytree": -0.793012699874005, "log10_eta": -2.6820047907767317, "log10_lambda": -1.8194519218638696, "log10_min_child_weight": 1.5188018649560004, "log10_subsample": -0.40926812661377343, "max_depth": 2.0, "num_boost_round": 9.0}, "datetime": {"datetime": "2024-01-19 01:23:44", "elapsed": 4344.480467, "delta": 0.003946}}
{"target": -13.758341877975543, "params": {"gamma": 893.1815401111799, "log10_alpha": -4.940797535926834, "log10_colsample_bytree": -0.793012699874005, "log10_eta": -2.6820047907767317, "log10_lambda": -1.8194519218638696, "log10_min_child_weight": 1.5188018649560004, "log10_subsample": -0.40926812661377343, "max_depth": 2.0, "num_boost_round": 10.0}, "datetime": {"datetime": "2024-01-19 01:23:44", "elapsed": 4344.484288, "delta": 0.003821}}
{"target": -13.758301420693993, "params": {"gamma": 893.1815401111799, "log10_alpha": -4.940797535926834, "log10_colsample_bytree": -0.793012699874005, "log10_eta": -2.6820047907767317, "log10_lambda": -1.8194519218638696, "log10_min_child_weight": 1.5188018649560004, "log10_subsample": -0.40926812661377343, "max_depth": 2.0, "num_boost_round": 11.0}, "datetime": {"datetime": "2024-01-19 01:23:44", "elapsed": 4344.487968, "delta": 0.00368}}
{"target": -13.758277031421153, "params": {"gamma": 893.1815401111799, "log10_alpha": -4.940797535926834, "log10_colsample_bytree": -0.793012699874005, "log10_eta": -2.6820047907767317, "log10_lambda": -1.8194519218638696, "log10_min_child_weight": 1.5188018649560004, "log10_subsample": -0.40926812661377343, "max_depth": 2.0, "num_boost_round": 12.0}, "datetime": {"datetime": "2024-01-19 01:23:44", "elapsed": 4344.491796, "delta": 0.003828}}
{"target": -13.758408271641418, "params": {"gamma": 890.0604717901147, "log10_alpha": -4.71197850474802, "log10_colsample_bytree": -0.7948958980290602, "log10_eta": -1.5438836799524598, "log10_lambda": -4.497787277343997, "log10_min_child_weight": 4.399954625305374, "log10_subsample": -0.8032454041882194, "max_depth": 7.0, "num_boost_round": 0.0}, "datetime": {"datetime": "2024-01-19 01:24:30", "elapsed": 4390.104861, "delta": 45.613065}}
{"target": -13.758120618839827, "params": {"gamma": 890.0604717901147, "log10_alpha": -4.71197850474802, "log10_colsample_bytree": -0.7948958980290602, "log10_eta": -1.5438836799524598, "log10_lambda": -4.497787277343997, "log10_min_child_weight": 4.399954625305374, "log10_subsample": -0.8032454041882194, "max_depth": 7.0, "num_boost_round": 1.0}, "datetime": {"datetime": "2024-01-19 01:24:30", "elapsed": 4390.109619, "delta": 0.004758}}
{"target": -13.757916199021395, "params": {"gamma": 890.0604717901147, "log10_alpha": -4.71197850474802, "log10_colsample_bytree": -0.7948958980290602, "log10_eta": -1.5438836799524598, "log10_lambda": -4.497787277343997, "log10_min_child_weight": 4.399954625305374, "log10_subsample": -0.8032454041882194, "max_depth": 7.0, "num_boost_round": 2.0}, "datetime": {"datetime": "2024-01-19 01:24:30", "elapsed": 4390.113678, "delta": 0.004059}}
{"target": -13.757615419904106, "params": {"gamma": 890.0604717901147, "log10_alpha": -4.71197850474802, "log10_colsample_bytree": -0.7948958980290602, "log10_eta": -1.5438836799524598, "log10_lambda": -4.497787277343997, "log10_min_child_weight": 4.399954625305374, "log10_subsample": -0.8032454041882194, "max_depth": 7.0, "num_boost_round": 3.0}, "datetime": {"datetime": "2024-01-19 01:24:30", "elapsed": 4390.117319, "delta": 0.003641}}
{"target": -13.757771770325254, "params": {"gamma": 890.0604717901147, "log10_alpha": -4.71197850474802, "log10_colsample_bytree": -0.7948958980290602, "log10_eta": -1.5438836799524598, "log10_lambda": -4.497787277343997, "log10_min_child_weight": 4.399954625305374, "log10_subsample": -0.8032454041882194, "max_depth": 7.0, "num_boost_round": 4.0}, "datetime": {"datetime": "2024-01-19 01:24:30", "elapsed": 4390.121173, "delta": 0.003854}}
{"target": -13.757798050883077, "params": {"gamma": 890.0604717901147, "log10_alpha": -4.71197850474802, "log10_colsample_bytree": -0.7948958980290602, "log10_eta": -1.5438836799524598, "log10_lambda": -4.497787277343997, "log10_min_child_weight": 4.399954625305374, "log10_subsample": -0.8032454041882194, "max_depth": 7.0, "num_boost_round": 5.0}, "datetime": {"datetime": "2024-01-19 01:24:30", "elapsed": 4390.124949, "delta": 0.003776}}
{"target": -13.757895125526332, "params": {"gamma": 890.0604717901147, "log10_alpha": -4.71197850474802, "log10_colsample_bytree": -0.7948958980290602, "log10_eta": -1.5438836799524598, "log10_lambda": -4.497787277343997, "log10_min_child_weight": 4.399954625305374, "log10_subsample": -0.8032454041882194, "max_depth": 7.0, "num_boost_round": 6.0}, "datetime": {"datetime": "2024-01-19 01:24:30", "elapsed": 4390.128707, "delta": 0.003758}}
{"target": -13.757859877521012, "params": {"gamma": 890.0604717901147, "log10_alpha": -4.71197850474802, "log10_colsample_bytree": -0.7948958980290602, "log10_eta": -1.5438836799524598, "log10_lambda": -4.497787277343997, "log10_min_child_weight": 4.399954625305374, "log10_subsample": -0.8032454041882194, "max_depth": 7.0, "num_boost_round": 7.0}, "datetime": {"datetime": "2024-01-19 01:24:30", "elapsed": 4390.132406, "delta": 0.003699}}
{"target": -13.757897402064758, "params": {"gamma": 890.0604717901147, "log10_alpha": -4.71197850474802, "log10_colsample_bytree": -0.7948958980290602, "log10_eta": -1.5438836799524598, "log10_lambda": -4.497787277343997, "log10_min_child_weight": 4.399954625305374, "log10_subsample": -0.8032454041882194, "max_depth": 7.0, "num_boost_round": 8.0}, "datetime": {"datetime": "2024-01-19 01:24:30", "elapsed": 4390.136119, "delta": 0.003713}}
{"target": -13.758006638625925, "params": {"gamma": 890.0604717901147, "log10_alpha": -4.71197850474802, "log10_colsample_bytree": -0.7948958980290602, "log10_eta": -1.5438836799524598, "log10_lambda": -4.497787277343997, "log10_min_child_weight": 4.399954625305374, "log10_subsample": -0.8032454041882194, "max_depth": 7.0, "num_boost_round": 9.0}, "datetime": {"datetime": "2024-01-19 01:24:30", "elapsed": 4390.140061, "delta": 0.003942}}
{"target": -13.757777949302914, "params": {"gamma": 890.0604717901147, "log10_alpha": -4.71197850474802, "log10_colsample_bytree": -0.7948958980290602, "log10_eta": -1.5438836799524598, "log10_lambda": -4.497787277343997, "log10_min_child_weight": 4.399954625305374, "log10_subsample": -0.8032454041882194, "max_depth": 7.0, "num_boost_round": 10.0}, "datetime": {"datetime": "2024-01-19 01:24:30", "elapsed": 4390.14384, "delta": 0.003779}}
{"target": -13.757759233043574, "params": {"gamma": 890.0604717901147, "log10_alpha": -4.71197850474802, "log10_colsample_bytree": -0.7948958980290602, "log10_eta": -1.5438836799524598, "log10_lambda": -4.497787277343997, "log10_min_child_weight": 4.399954625305374, "log10_subsample": -0.8032454041882194, "max_depth": 7.0, "num_boost_round": 11.0}, "datetime": {"datetime": "2024-01-19 01:24:30", "elapsed": 4390.147522, "delta": 0.003682}}
{"target": -13.757878962323609, "params": {"gamma": 890.0604717901147, "log10_alpha": -4.71197850474802, "log10_colsample_bytree": -0.7948958980290602, "log10_eta": -1.5438836799524598, "log10_lambda": -4.497787277343997, "log10_min_child_weight": 4.399954625305374, "log10_subsample": -0.8032454041882194, "max_depth": 7.0, "num_boost_round": 12.0}, "datetime": {"datetime": "2024-01-19 01:24:30", "elapsed": 4390.151217, "delta": 0.003695}}
{"target": -13.757850639779159, "params": {"gamma": 890.0604717901147, "log10_alpha": -4.71197850474802, "log10_colsample_bytree": -0.7948958980290602, "log10_eta": -1.5438836799524598, "log10_lambda": -4.497787277343997, "log10_min_child_weight": 4.399954625305374, "log10_subsample": -0.8032454041882194, "max_depth": 7.0, "num_boost_round": 13.0}, "datetime": {"datetime": "2024-01-19 01:24:30", "elapsed": 4390.155069, "delta": 0.003852}}
{"target": -13.757884827866746, "params": {"gamma": 890.0604717901147, "log10_alpha": -4.71197850474802, "log10_colsample_bytree": -0.7948958980290602, "log10_eta": -1.5438836799524598, "log10_lambda": -4.497787277343997, "log10_min_child_weight": 4.399954625305374, "log10_subsample": -0.8032454041882194, "max_depth": 7.0, "num_boost_round": 14.0}, "datetime": {"datetime": "2024-01-19 01:24:30", "elapsed": 4390.158915, "delta": 0.003846}}
{"target": -13.757864330468067, "params": {"gamma": 890.0604717901147, "log10_alpha": -4.71197850474802, "log10_colsample_bytree": -0.7948958980290602, "log10_eta": -1.5438836799524598, "log10_lambda": -4.497787277343997, "log10_min_child_weight": 4.399954625305374, "log10_subsample": -0.8032454041882194, "max_depth": 7.0, "num_boost_round": 15.0}, "datetime": {"datetime": "2024-01-19 01:24:30", "elapsed": 4390.162731, "delta": 0.003816}}
{"target": -13.757741052780863, "params": {"gamma": 890.0604717901147, "log10_alpha": -4.71197850474802, "log10_colsample_bytree": -0.7948958980290602, "log10_eta": -1.5438836799524598, "log10_lambda": -4.497787277343997, "log10_min_child_weight": 4.399954625305374, "log10_subsample": -0.8032454041882194, "max_depth": 7.0, "num_boost_round": 16.0}, "datetime": {"datetime": "2024-01-19 01:24:30", "elapsed": 4390.166419, "delta": 0.003688}}
{"target": -13.757787095455694, "params": {"gamma": 890.0604717901147, "log10_alpha": -4.71197850474802, "log10_colsample_bytree": -0.7948958980290602, "log10_eta": -1.5438836799524598, "log10_lambda": -4.497787277343997, "log10_min_child_weight": 4.399954625305374, "log10_subsample": -0.8032454041882194, "max_depth": 7.0, "num_boost_round": 17.0}, "datetime": {"datetime": "2024-01-19 01:24:30", "elapsed": 4390.170128, "delta": 0.003709}}
{"target": -13.757801991729561, "params": {"gamma": 890.0604717901147, "log10_alpha": -4.71197850474802, "log10_colsample_bytree": -0.7948958980290602, "log10_eta": -1.5438836799524598, "log10_lambda": -4.497787277343997, "log10_min_child_weight": 4.399954625305374, "log10_subsample": -0.8032454041882194, "max_depth": 7.0, "num_boost_round": 18.0}, "datetime": {"datetime": "2024-01-19 01:24:30", "elapsed": 4390.17393, "delta": 0.003802}}
{"target": -13.757914698566031, "params": {"gamma": 890.0604717901147, "log10_alpha": -4.71197850474802, "log10_colsample_bytree": -0.7948958980290602, "log10_eta": -1.5438836799524598, "log10_lambda": -4.497787277343997, "log10_min_child_weight": 4.399954625305374, "log10_subsample": -0.8032454041882194, "max_depth": 7.0, "num_boost_round": 19.0}, "datetime": {"datetime": "2024-01-19 01:24:30", "elapsed": 4390.177861, "delta": 0.003931}}
