{"target": -13.758489655551084, "params": {"gamma": 708.6616900614201, "log10_alpha": -2.0413058741336387, "log10_colsample_bytree": -0.16603533509428203, "log10_eta": -3.811220079177277, "log10_lambda": 0.8144524397193109, "log10_min_child_weight": 0.5583458821517728, "log10_subsample": -0.622978168657336, "max_depth": 3.0, "num_boost_round": 29.0}, "datetime": {"datetime": "2024-01-19 02:14:01", "elapsed": 7340.458168, "delta": 0.006932}}
{"target": -13.758486946458419, "params": {"gamma": 708.6616900614201, "log10_alpha": -2.0413058741336387, "log10_colsample_bytree": -0.16603533509428203, "log10_eta": -3.811220079177277, "log10_lambda": 0.8144524397193109, "log10_min_child_weight": 0.5583458821517728, "log10_subsample": -0.622978168657336, "max_depth": 3.0, "num_boost_round": 30.0}, "datetime": {"datetime": "2024-01-19 02:14:01", "elapsed": 7340.466016, "delta": 0.007848}}
{"target": -13.758485450118776, "params": {"gamma": 708.6616900614201, "log10_alpha": -2.0413058741336387, "log10_colsample_bytree": -0.16603533509428203, "log10_eta": -3.811220079177277, "log10_lambda": 0.8144524397193109, "log10_min_child_weight": 0.5583458821517728, "log10_subsample": -0.622978168657336, "max_depth": 3.0, "num_boost_round": 31.0}, "datetime": {"datetime": "2024-01-19 02:14:01", "elapsed": 7340.473314, "delta": 0.007298}}
{"target": -13.758484983861495, "params": {"gamma": 708.6616900614201, "log10_alpha": -2.0413058741336387, "log10_colsample_bytree": -0.16603533509428203, "log10_eta": -3.811220079177277, "log10_lambda": 0.8144524397193109, "log10_min_child_weight": 0.5583458821517728, "log10_subsample": -0.622978168657336, "max_depth": 3.0, "num_boost_round": 32.0}, "datetime": {"datetime": "2024-01-19 02:14:01", "elapsed": 7340.481284, "delta": 0.00797}}
{"target": -13.75848344647739, "params": {"gamma": 708.6616900614201, "log10_alpha": -2.0413058741336387, "log10_colsample_bytree": -0.16603533509428203, "log10_eta": -3.811220079177277, "log10_lambda": 0.8144524397193109, "log10_min_child_weight": 0.5583458821517728, "log10_subsample": -0.622978168657336, "max_depth": 3.0, "num_boost_round": 33.0}, "datetime": {"datetime": "2024-01-19 02:14:01", "elapsed": 7340.4882, "delta": 0.006916}}
{"target": -13.758478250908395, "params": {"gamma": 708.6616900614201, "log10_alpha": -2.0413058741336387, "log10_colsample_bytree": -0.16603533509428203, "log10_eta": -3.811220079177277, "log10_lambda": 0.8144524397193109, "log10_min_child_weight": 0.5583458821517728, "log10_subsample": -0.622978168657336, "max_depth": 3.0, "num_boost_round": 34.0}, "datetime": {"datetime": "2024-01-19 02:14:01", "elapsed": 7340.495214, "delta": 0.007014}}
{"target": -13.75847753723939, "params": {"gamma": 708.6616900614201, "log10_alpha": -2.0413058741336387, "log10_colsample_bytree": -0.16603533509428203, "log10_eta": -3.811220079177277, "log10_lambda": 0.8144524397193109, "log10_min_child_weight": 0.5583458821517728, "log10_subsample": -0.622978168657336, "max_depth": 3.0, "num_boost_round": 35.0}, "datetime": {"datetime": "2024-01-19 02:14:01", "elapsed": 7340.502091, "delta": 0.006877}}
{"target": -13.758475060675767, "params": {"gamma": 708.6616900614201, "log10_alpha": -2.0413058741336387, "log10_colsample_bytree": -0.16603533509428203, "log10_eta": -3.811220079177277, "log10_lambda": 0.8144524397193109, "log10_min_child_weight": 0.5583458821517728, "log10_subsample": -0.622978168657336, "max_depth": 3.0, "num_boost_round": 36.0}, "datetime": {"datetime": "2024-01-19 02:14:01", "elapsed": 7340.61477, "delta": 0.112679}}
{"target": -13.7584749393807, "params": {"gamma": 708.6616900614201, "log10_alpha": -2.0413058741336387, "log10_colsample_bytree": -0.16603533509428203, "log10_eta": -3.811220079177277, "log10_lambda": 0.8144524397193109, "log10_min_child_weight": 0.5583458821517728, "log10_subsample": -0.622978168657336, "max_depth": 3.0, "num_boost_round": 37.0}, "datetime": {"datetime": "2024-01-19 02:14:01", "elapsed": 7340.623158, "delta": 0.008388}}
{"target": -13.758474147411027, "params": {"gamma": 708.6616900614201, "log10_alpha": -2.0413058741336387, "log10_colsample_bytree": -0.16603533509428203, "log10_eta": -3.811220079177277, "log10_lambda": 0.8144524397193109, "log10_min_child_weight": 0.5583458821517728, "log10_subsample": -0.622978168657336, "max_depth": 3.0, "num_boost_round": 38.0}, "datetime": {"datetime": "2024-01-19 02:14:01", "elapsed": 7340.630513, "delta": 0.007355}}
{"target": -13.758472958591497, "params": {"gamma": 708.6616900614201, "log10_alpha": -2.0413058741336387, "log10_colsample_bytree": -0.16603533509428203, "log10_eta": -3.811220079177277, "log10_lambda": 0.8144524397193109, "log10_min_child_weight": 0.5583458821517728, "log10_subsample": -0.622978168657336, "max_depth": 3.0, "num_boost_round": 39.0}, "datetime": {"datetime": "2024-01-19 02:14:01", "elapsed": 7340.637745, "delta": 0.007232}}
{"target": -13.758471510213598, "params": {"gamma": 708.6616900614201, "log10_alpha": -2.0413058741336387, "log10_colsample_bytree": -0.16603533509428203, "log10_eta": -3.811220079177277, "log10_lambda": 0.8144524397193109, "log10_min_child_weight": 0.5583458821517728, "log10_subsample": -0.622978168657336, "max_depth": 3.0, "num_boost_round": 40.0}, "datetime": {"datetime": "2024-01-19 02:14:01", "elapsed": 7340.644828, "delta": 0.007083}}
{"target": -13.758469453857728, "params": {"gamma": 708.6616900614201, "log10_alpha": -2.0413058741336387, "log10_colsample_bytree": -0.16603533509428203, "log10_eta": -3.811220079177277, "log10_lambda": 0.8144524397193109, "log10_min_child_weight": 0.5583458821517728, "log10_subsample": -0.622978168657336, "max_depth": 3.0, "num_boost_round": 41.0}, "datetime": {"datetime": "2024-01-19 02:14:01", "elapsed": 7340.651996, "delta": 0.007168}}
{"target": -13.75846819302229, "params": {"gamma": 708.6616900614201, "log10_alpha": -2.0413058741336387, "log10_colsample_bytree": -0.16603533509428203, "log10_eta": -3.811220079177277, "log10_lambda": 0.8144524397193109, "log10_min_child_weight": 0.5583458821517728, "log10_subsample": -0.622978168657336, "max_depth": 3.0, "num_boost_round": 42.0}, "datetime": {"datetime": "2024-01-19 02:14:01", "elapsed": 7340.659131, "delta": 0.007135}}
{"target": -13.758468163501654, "params": {"gamma": 708.6616900614201, "log10_alpha": -2.0413058741336387, "log10_colsample_bytree": -0.16603533509428203, "log10_eta": -3.811220079177277, "log10_lambda": 0.8144524397193109, "log10_min_child_weight": 0.5583458821517728, "log10_subsample": -0.622978168657336, "max_depth": 3.0, "num_boost_round": 43.0}, "datetime": {"datetime": "2024-01-19 02:14:01", "elapsed": 7340.666374, "delta": 0.007243}}
{"target": -13.75846739612717, "params": {"gamma": 708.6616900614201, "log10_alpha": -2.0413058741336387, "log10_colsample_bytree": -0.16603533509428203, "log10_eta": -3.811220079177277, "log10_lambda": 0.8144524397193109, "log10_min_child_weight": 0.5583458821517728, "log10_subsample": -0.622978168657336, "max_depth": 3.0, "num_boost_round": 44.0}, "datetime": {"datetime": "2024-01-19 02:14:01", "elapsed": 7340.675178, "delta": 0.008804}}
{"target": -13.758466716632116, "params": {"gamma": 708.6616900614201, "log10_alpha": -2.0413058741336387, "log10_colsample_bytree": -0.16603533509428203, "log10_eta": -3.811220079177277, "log10_lambda": 0.8144524397193109, "log10_min_child_weight": 0.5583458821517728, "log10_subsample": -0.622978168657336, "max_depth": 3.0, "num_boost_round": 45.0}, "datetime": {"datetime": "2024-01-19 02:14:01", "elapsed": 7340.683639, "delta": 0.008461}}
{"target": -13.758465804448809, "params": {"gamma": 708.6616900614201, "log10_alpha": -2.0413058741336387, "log10_colsample_bytree": -0.16603533509428203, "log10_eta": -3.811220079177277, "log10_lambda": 0.8144524397193109, "log10_min_child_weight": 0.5583458821517728, "log10_subsample": -0.622978168657336, "max_depth": 3.0, "num_boost_round": 46.0}, "datetime": {"datetime": "2024-01-19 02:14:01", "elapsed": 7340.690796, "delta": 0.007157}}
{"target": -13.758465122197588, "params": {"gamma": 708.6616900614201, "log10_alpha": -2.0413058741336387, "log10_colsample_bytree": -0.16603533509428203, "log10_eta": -3.811220079177277, "log10_lambda": 0.8144524397193109, "log10_min_child_weight": 0.5583458821517728, "log10_subsample": -0.622978168657336, "max_depth": 3.0, "num_boost_round": 47.0}, "datetime": {"datetime": "2024-01-19 02:14:01", "elapsed": 7340.698123, "delta": 0.007327}}
{"target": -13.75846554743001, "params": {"gamma": 708.6616900614201, "log10_alpha": -2.0413058741336387, "log10_colsample_bytree": -0.16603533509428203, "log10_eta": -3.811220079177277, "log10_lambda": 0.8144524397193109, "log10_min_child_weight": 0.5583458821517728, "log10_subsample": -0.622978168657336, "max_depth": 3.0, "num_boost_round": 48.0}, "datetime": {"datetime": "2024-01-19 02:14:01", "elapsed": 7340.705188, "delta": 0.007065}}
{"target": -13.7584635102283, "params": {"gamma": 708.6616900614201, "log10_alpha": -2.0413058741336387, "log10_colsample_bytree": -0.16603533509428203, "log10_eta": -3.811220079177277, "log10_lambda": 0.8144524397193109, "log10_min_child_weight": 0.5583458821517728, "log10_subsample": -0.622978168657336, "max_depth": 3.0, "num_boost_round": 49.0}, "datetime": {"datetime": "2024-01-19 02:14:01", "elapsed": 7340.712294, "delta": 0.007106}}
{"target": -13.758461151932096, "params": {"gamma": 708.6616900614201, "log10_alpha": -2.0413058741336387, "log10_colsample_bytree": -0.16603533509428203, "log10_eta": -3.811220079177277, "log10_lambda": 0.8144524397193109, "log10_min_child_weight": 0.5583458821517728, "log10_subsample": -0.622978168657336, "max_depth": 3.0, "num_boost_round": 50.0}, "datetime": {"datetime": "2024-01-19 02:14:01", "elapsed": 7340.719421, "delta": 0.007127}}
{"target": -13.75845844702481, "params": {"gamma": 708.6616900614201, "log10_alpha": -2.0413058741336387, "log10_colsample_bytree": -0.16603533509428203, "log10_eta": -3.811220079177277, "log10_lambda": 0.8144524397193109, "log10_min_child_weight": 0.5583458821517728, "log10_subsample": -0.622978168657336, "max_depth": 3.0, "num_boost_round": 51.0}, "datetime": {"datetime": "2024-01-19 02:14:01", "elapsed": 7340.726569, "delta": 0.007148}}
{"target": -13.758457763313272, "params": {"gamma": 708.6616900614201, "log10_alpha": -2.0413058741336387, "log10_colsample_bytree": -0.16603533509428203, "log10_eta": -3.811220079177277, "log10_lambda": 0.8144524397193109, "log10_min_child_weight": 0.5583458821517728, "log10_subsample": -0.622978168657336, "max_depth": 3.0, "num_boost_round": 52.0}, "datetime": {"datetime": "2024-01-19 02:14:01", "elapsed": 7340.836219, "delta": 0.10965}}
{"target": -13.758456857765454, "params": {"gamma": 708.6616900614201, "log10_alpha": -2.0413058741336387, "log10_colsample_bytree": -0.16603533509428203, "log10_eta": -3.811220079177277, "log10_lambda": 0.8144524397193109, "log10_min_child_weight": 0.5583458821517728, "log10_subsample": -0.622978168657336, "max_depth": 3.0, "num_boost_round": 53.0}, "datetime": {"datetime": "2024-01-19 02:14:01", "elapsed": 7340.843872, "delta": 0.007653}}
{"target": -13.758452367818661, "params": {"gamma": 708.6616900614201, "log10_alpha": -2.0413058741336387, "log10_colsample_bytree": -0.16603533509428203, "log10_eta": -3.811220079177277, "log10_lambda": 0.8144524397193109, "log10_min_child_weight": 0.5583458821517728, "log10_subsample": -0.622978168657336, "max_depth": 3.0, "num_boost_round": 54.0}, "datetime": {"datetime": "2024-01-19 02:14:01", "elapsed": 7340.850726, "delta": 0.006854}}
{"target": -13.758448553304945, "params": {"gamma": 708.6616900614201, "log10_alpha": -2.0413058741336387, "log10_colsample_bytree": -0.16603533509428203, "log10_eta": -3.811220079177277, "log10_lambda": 0.8144524397193109, "log10_min_child_weight": 0.5583458821517728, "log10_subsample": -0.622978168657336, "max_depth": 3.0, "num_boost_round": 55.0}, "datetime": {"datetime": "2024-01-19 02:14:01", "elapsed": 7340.857397, "delta": 0.006671}}
{"target": -13.758445985154898, "params": {"gamma": 708.6616900614201, "log10_alpha": -2.0413058741336387, "log10_colsample_bytree": -0.16603533509428203, "log10_eta": -3.811220079177277, "log10_lambda": 0.8144524397193109, "log10_min_child_weight": 0.5583458821517728, "log10_subsample": -0.622978168657336, "max_depth": 3.0, "num_boost_round": 56.0}, "datetime": {"datetime": "2024-01-19 02:14:01", "elapsed": 7340.864014, "delta": 0.006617}}
{"target": -13.75844508578303, "params": {"gamma": 708.6616900614201, "log10_alpha": -2.0413058741336387, "log10_colsample_bytree": -0.16603533509428203, "log10_eta": -3.811220079177277, "log10_lambda": 0.8144524397193109, "log10_min_child_weight": 0.5583458821517728, "log10_subsample": -0.622978168657336, "max_depth": 3.0, "num_boost_round": 57.0}, "datetime": {"datetime": "2024-01-19 02:14:01", "elapsed": 7340.871774, "delta": 0.00776}}
{"target": -13.758443029082539, "params": {"gamma": 708.6616900614201, "log10_alpha": -2.0413058741336387, "log10_colsample_bytree": -0.16603533509428203, "log10_eta": -3.811220079177277, "log10_lambda": 0.8144524397193109, "log10_min_child_weight": 0.5583458821517728, "log10_subsample": -0.622978168657336, "max_depth": 3.0, "num_boost_round": 58.0}, "datetime": {"datetime": "2024-01-19 02:14:01", "elapsed": 7340.878717, "delta": 0.006943}}
{"target": -13.758443371429587, "params": {"gamma": 708.6616900614201, "log10_alpha": -2.0413058741336387, "log10_colsample_bytree": -0.16603533509428203, "log10_eta": -3.811220079177277, "log10_lambda": 0.8144524397193109, "log10_min_child_weight": 0.5583458821517728, "log10_subsample": -0.622978168657336, "max_depth": 3.0, "num_boost_round": 59.0}, "datetime": {"datetime": "2024-01-19 02:14:01", "elapsed": 7340.885489, "delta": 0.006772}}
{"target": -13.758441620435791, "params": {"gamma": 708.6616900614201, "log10_alpha": -2.0413058741336387, "log10_colsample_bytree": -0.16603533509428203, "log10_eta": -3.811220079177277, "log10_lambda": 0.8144524397193109, "log10_min_child_weight": 0.5583458821517728, "log10_subsample": -0.622978168657336, "max_depth": 3.0, "num_boost_round": 60.0}, "datetime": {"datetime": "2024-01-19 02:14:01", "elapsed": 7340.89225, "delta": 0.006761}}
{"target": -13.75844078281502, "params": {"gamma": 708.6616900614201, "log10_alpha": -2.0413058741336387, "log10_colsample_bytree": -0.16603533509428203, "log10_eta": -3.811220079177277, "log10_lambda": 0.8144524397193109, "log10_min_child_weight": 0.5583458821517728, "log10_subsample": -0.622978168657336, "max_depth": 3.0, "num_boost_round": 61.0}, "datetime": {"datetime": "2024-01-19 02:14:01", "elapsed": 7340.899005, "delta": 0.006755}}
{"target": -13.75843809383749, "params": {"gamma": 708.6616900614201, "log10_alpha": -2.0413058741336387, "log10_colsample_bytree": -0.16603533509428203, "log10_eta": -3.811220079177277, "log10_lambda": 0.8144524397193109, "log10_min_child_weight": 0.5583458821517728, "log10_subsample": -0.622978168657336, "max_depth": 3.0, "num_boost_round": 62.0}, "datetime": {"datetime": "2024-01-19 02:14:01", "elapsed": 7340.905786, "delta": 0.006781}}
{"target": -13.758434814617123, "params": {"gamma": 708.6616900614201, "log10_alpha": -2.0413058741336387, "log10_colsample_bytree": -0.16603533509428203, "log10_eta": -3.811220079177277, "log10_lambda": 0.8144524397193109, "log10_min_child_weight": 0.5583458821517728, "log10_subsample": -0.622978168657336, "max_depth": 3.0, "num_boost_round": 63.0}, "datetime": {"datetime": "2024-01-19 02:14:01", "elapsed": 7340.912633, "delta": 0.006847}}
{"target": -13.758434315512549, "params": {"gamma": 708.6616900614201, "log10_alpha": -2.0413058741336387, "log10_colsample_bytree": -0.16603533509428203, "log10_eta": -3.811220079177277, "log10_lambda": 0.8144524397193109, "log10_min_child_weight": 0.5583458821517728, "log10_subsample": -0.622978168657336, "max_depth": 3.0, "num_boost_round": 64.0}, "datetime": {"datetime": "2024-01-19 02:14:01", "elapsed": 7340.919583, "delta": 0.00695}}
{"target": -13.758435051131292, "params": {"gamma": 708.6616900614201, "log10_alpha": -2.0413058741336387, "log10_colsample_bytree": -0.16603533509428203, "log10_eta": -3.811220079177277, "log10_lambda": 0.8144524397193109, "log10_min_child_weight": 0.5583458821517728, "log10_subsample": -0.622978168657336, "max_depth": 3.0, "num_boost_round": 65.0}, "datetime": {"datetime": "2024-01-19 02:14:01", "elapsed": 7340.926471, "delta": 0.006888}}
{"target": -13.758432333763947, "params": {"gamma": 708.6616900614201, "log10_alpha": -2.0413058741336387, "log10_colsample_bytree": -0.16603533509428203, "log10_eta": -3.811220079177277, "log10_lambda": 0.8144524397193109, "log10_min_child_weight": 0.5583458821517728, "log10_subsample": -0.622978168657336, "max_depth": 3.0, "num_boost_round": 66.0}, "datetime": {"datetime": "2024-01-19 02:14:01", "elapsed": 7340.933263, "delta": 0.006792}}
{"target": -13.758431915661014, "params": {"gamma": 708.6616900614201, "log10_alpha": -2.0413058741336387, "log10_colsample_bytree": -0.16603533509428203, "log10_eta": -3.811220079177277, "log10_lambda": 0.8144524397193109, "log10_min_child_weight": 0.5583458821517728, "log10_subsample": -0.622978168657336, "max_depth": 3.0, "num_boost_round": 67.0}, "datetime": {"datetime": "2024-01-19 02:14:01", "elapsed": 7340.940491, "delta": 0.007228}}
{"target": -13.758434301429133, "params": {"gamma": 708.6616900614201, "log10_alpha": -2.0413058741336387, "log10_colsample_bytree": -0.16603533509428203, "log10_eta": -3.811220079177277, "log10_lambda": 0.8144524397193109, "log10_min_child_weight": 0.5583458821517728, "log10_subsample": -0.622978168657336, "max_depth": 3.0, "num_boost_round": 68.0}, "datetime": {"datetime": "2024-01-19 02:14:01", "elapsed": 7340.9474, "delta": 0.006909}}
{"target": -13.758432565649889, "params": {"gamma": 708.6616900614201, "log10_alpha": -2.0413058741336387, "log10_colsample_bytree": -0.16603533509428203, "log10_eta": -3.811220079177277, "log10_lambda": 0.8144524397193109, "log10_min_child_weight": 0.5583458821517728, "log10_subsample": -0.622978168657336, "max_depth": 3.0, "num_boost_round": 69.0}, "datetime": {"datetime": "2024-01-19 02:14:01", "elapsed": 7340.955143, "delta": 0.007743}}
{"target": -13.758431711274573, "params": {"gamma": 708.6616900614201, "log10_alpha": -2.0413058741336387, "log10_colsample_bytree": -0.16603533509428203, "log10_eta": -3.811220079177277, "log10_lambda": 0.8144524397193109, "log10_min_child_weight": 0.5583458821517728, "log10_subsample": -0.622978168657336, "max_depth": 3.0, "num_boost_round": 70.0}, "datetime": {"datetime": "2024-01-19 02:14:01", "elapsed": 7340.962021, "delta": 0.006878}}
{"target": -13.758429413129605, "params": {"gamma": 708.6616900614201, "log10_alpha": -2.0413058741336387, "log10_colsample_bytree": -0.16603533509428203, "log10_eta": -3.811220079177277, "log10_lambda": 0.8144524397193109, "log10_min_child_weight": 0.5583458821517728, "log10_subsample": -0.622978168657336, "max_depth": 3.0, "num_boost_round": 71.0}, "datetime": {"datetime": "2024-01-19 02:14:01", "elapsed": 7340.968829, "delta": 0.006808}}
{"target": -13.758429672838103, "params": {"gamma": 708.6616900614201, "log10_alpha": -2.0413058741336387, "log10_colsample_bytree": -0.16603533509428203, "log10_eta": -3.811220079177277, "log10_lambda": 0.8144524397193109, "log10_min_child_weight": 0.5583458821517728, "log10_subsample": -0.622978168657336, "max_depth": 3.0, "num_boost_round": 72.0}, "datetime": {"datetime": "2024-01-19 02:14:01", "elapsed": 7340.975759, "delta": 0.00693}}
{"target": -13.75842774536331, "params": {"gamma": 708.6616900614201, "log10_alpha": -2.0413058741336387, "log10_colsample_bytree": -0.16603533509428203, "log10_eta": -3.811220079177277, "log10_lambda": 0.8144524397193109, "log10_min_child_weight": 0.5583458821517728, "log10_subsample": -0.622978168657336, "max_depth": 3.0, "num_boost_round": 73.0}, "datetime": {"datetime": "2024-01-19 02:14:01", "elapsed": 7340.982438, "delta": 0.006679}}
{"target": -13.758425092616873, "params": {"gamma": 708.6616900614201, "log10_alpha": -2.0413058741336387, "log10_colsample_bytree": -0.16603533509428203, "log10_eta": -3.811220079177277, "log10_lambda": 0.8144524397193109, "log10_min_child_weight": 0.5583458821517728, "log10_subsample": -0.622978168657336, "max_depth": 3.0, "num_boost_round": 74.0}, "datetime": {"datetime": "2024-01-19 02:14:01", "elapsed": 7340.989155, "delta": 0.006717}}
{"target": -13.758422181050342, "params": {"gamma": 708.6616900614201, "log10_alpha": -2.0413058741336387, "log10_colsample_bytree": -0.16603533509428203, "log10_eta": -3.811220079177277, "log10_lambda": 0.8144524397193109, "log10_min_child_weight": 0.5583458821517728, "log10_subsample": -0.622978168657336, "max_depth": 3.0, "num_boost_round": 75.0}, "datetime": {"datetime": "2024-01-19 02:14:01", "elapsed": 7340.99623, "delta": 0.007075}}
{"target": -13.758420160681638, "params": {"gamma": 708.6616900614201, "log10_alpha": -2.0413058741336387, "log10_colsample_bytree": -0.16603533509428203, "log10_eta": -3.811220079177277, "log10_lambda": 0.8144524397193109, "log10_min_child_weight": 0.5583458821517728, "log10_subsample": -0.622978168657336, "max_depth": 3.0, "num_boost_round": 76.0}, "datetime": {"datetime": "2024-01-19 02:14:01", "elapsed": 7341.003327, "delta": 0.007097}}
{"target": -13.758419151784194, "params": {"gamma": 708.6616900614201, "log10_alpha": -2.0413058741336387, "log10_colsample_bytree": -0.16603533509428203, "log10_eta": -3.811220079177277, "log10_lambda": 0.8144524397193109, "log10_min_child_weight": 0.5583458821517728, "log10_subsample": -0.622978168657336, "max_depth": 3.0, "num_boost_round": 77.0}, "datetime": {"datetime": "2024-01-19 02:14:01", "elapsed": 7341.010007, "delta": 0.00668}}
