{"target": -17.67607169185763, "params": {"gamma": 734.8991602652588, "log10_alpha": -2.768798168306203, "log10_colsample_bytree": -0.16873910904018852, "log10_eta": -3.147970031164117, "log10_lambda": -3.1695885364115064, "log10_min_child_weight": 2.955051020085519, "log10_subsample": -0.07121692857804374, "max_depth": 7.0, "num_boost_round": 39.0}, "datetime": {"datetime": "2024-01-19 00:55:51", "elapsed": 2658.359755, "delta": 0.003479}}
{"target": -17.67603969566041, "params": {"gamma": 734.8991602652588, "log10_alpha": -2.768798168306203, "log10_colsample_bytree": -0.16873910904018852, "log10_eta": -3.147970031164117, "log10_lambda": -3.1695885364115064, "log10_min_child_weight": 2.955051020085519, "log10_subsample": -0.07121692857804374, "max_depth": 7.0, "num_boost_round": 40.0}, "datetime": {"datetime": "2024-01-19 00:55:51", "elapsed": 2658.363171, "delta": 0.003416}}
{"target": -17.676018592911486, "params": {"gamma": 734.8991602652588, "log10_alpha": -2.768798168306203, "log10_colsample_bytree": -0.16873910904018852, "log10_eta": -3.147970031164117, "log10_lambda": -3.1695885364115064, "log10_min_child_weight": 2.955051020085519, "log10_subsample": -0.07121692857804374, "max_depth": 7.0, "num_boost_round": 41.0}, "datetime": {"datetime": "2024-01-19 00:55:51", "elapsed": 2658.366615, "delta": 0.003444}}
{"target": -17.67596713712013, "params": {"gamma": 734.8991602652588, "log10_alpha": -2.768798168306203, "log10_colsample_bytree": -0.16873910904018852, "log10_eta": -3.147970031164117, "log10_lambda": -3.1695885364115064, "log10_min_child_weight": 2.955051020085519, "log10_subsample": -0.07121692857804374, "max_depth": 7.0, "num_boost_round": 42.0}, "datetime": {"datetime": "2024-01-19 00:55:51", "elapsed": 2658.370104, "delta": 0.003489}}
{"target": -17.675943578169488, "params": {"gamma": 734.8991602652588, "log10_alpha": -2.768798168306203, "log10_colsample_bytree": -0.16873910904018852, "log10_eta": -3.147970031164117, "log10_lambda": -3.1695885364115064, "log10_min_child_weight": 2.955051020085519, "log10_subsample": -0.07121692857804374, "max_depth": 7.0, "num_boost_round": 43.0}, "datetime": {"datetime": "2024-01-19 00:55:51", "elapsed": 2658.373584, "delta": 0.00348}}
{"target": -17.675902614188193, "params": {"gamma": 734.8991602652588, "log10_alpha": -2.768798168306203, "log10_colsample_bytree": -0.16873910904018852, "log10_eta": -3.147970031164117, "log10_lambda": -3.1695885364115064, "log10_min_child_weight": 2.955051020085519, "log10_subsample": -0.07121692857804374, "max_depth": 7.0, "num_boost_round": 44.0}, "datetime": {"datetime": "2024-01-19 00:55:51", "elapsed": 2658.37715, "delta": 0.003566}}
{"target": -17.675865605372024, "params": {"gamma": 734.8991602652588, "log10_alpha": -2.768798168306203, "log10_colsample_bytree": -0.16873910904018852, "log10_eta": -3.147970031164117, "log10_lambda": -3.1695885364115064, "log10_min_child_weight": 2.955051020085519, "log10_subsample": -0.07121692857804374, "max_depth": 7.0, "num_boost_round": 45.0}, "datetime": {"datetime": "2024-01-19 00:55:51", "elapsed": 2658.380728, "delta": 0.003578}}
{"target": -17.675870492815577, "params": {"gamma": 734.8991602652588, "log10_alpha": -2.768798168306203, "log10_colsample_bytree": -0.16873910904018852, "log10_eta": -3.147970031164117, "log10_lambda": -3.1695885364115064, "log10_min_child_weight": 2.955051020085519, "log10_subsample": -0.07121692857804374, "max_depth": 7.0, "num_boost_round": 46.0}, "datetime": {"datetime": "2024-01-19 00:55:51", "elapsed": 2658.384215, "delta": 0.003487}}
{"target": -17.675856417858085, "params": {"gamma": 734.8991602652588, "log10_alpha": -2.768798168306203, "log10_colsample_bytree": -0.16873910904018852, "log10_eta": -3.147970031164117, "log10_lambda": -3.1695885364115064, "log10_min_child_weight": 2.955051020085519, "log10_subsample": -0.07121692857804374, "max_depth": 7.0, "num_boost_round": 47.0}, "datetime": {"datetime": "2024-01-19 00:55:51", "elapsed": 2658.387689, "delta": 0.003474}}
{"target": -17.67585964986595, "params": {"gamma": 734.8991602652588, "log10_alpha": -2.768798168306203, "log10_colsample_bytree": -0.16873910904018852, "log10_eta": -3.147970031164117, "log10_lambda": -3.1695885364115064, "log10_min_child_weight": 2.955051020085519, "log10_subsample": -0.07121692857804374, "max_depth": 7.0, "num_boost_round": 48.0}, "datetime": {"datetime": "2024-01-19 00:55:51", "elapsed": 2658.391282, "delta": 0.003593}}
{"target": -17.675833917039537, "params": {"gamma": 734.8991602652588, "log10_alpha": -2.768798168306203, "log10_colsample_bytree": -0.16873910904018852, "log10_eta": -3.147970031164117, "log10_lambda": -3.1695885364115064, "log10_min_child_weight": 2.955051020085519, "log10_subsample": -0.07121692857804374, "max_depth": 7.0, "num_boost_round": 49.0}, "datetime": {"datetime": "2024-01-19 00:55:51", "elapsed": 2658.394732, "delta": 0.00345}}
{"target": -17.6758045777705, "params": {"gamma": 734.8991602652588, "log10_alpha": -2.768798168306203, "log10_colsample_bytree": -0.16873910904018852, "log10_eta": -3.147970031164117, "log10_lambda": -3.1695885364115064, "log10_min_child_weight": 2.955051020085519, "log10_subsample": -0.07121692857804374, "max_depth": 7.0, "num_boost_round": 50.0}, "datetime": {"datetime": "2024-01-19 00:55:51", "elapsed": 2658.398225, "delta": 0.003493}}
{"target": -17.675795217181772, "params": {"gamma": 734.8991602652588, "log10_alpha": -2.768798168306203, "log10_colsample_bytree": -0.16873910904018852, "log10_eta": -3.147970031164117, "log10_lambda": -3.1695885364115064, "log10_min_child_weight": 2.955051020085519, "log10_subsample": -0.07121692857804374, "max_depth": 7.0, "num_boost_round": 51.0}, "datetime": {"datetime": "2024-01-19 00:55:51", "elapsed": 2658.401692, "delta": 0.003467}}
{"target": -17.6757891477873, "params": {"gamma": 734.8991602652588, "log10_alpha": -2.768798168306203, "log10_colsample_bytree": -0.16873910904018852, "log10_eta": -3.147970031164117, "log10_lambda": -3.1695885364115064, "log10_min_child_weight": 2.955051020085519, "log10_subsample": -0.07121692857804374, "max_depth": 7.0, "num_boost_round": 52.0}, "datetime": {"datetime": "2024-01-19 00:55:51", "elapsed": 2658.405178, "delta": 0.003486}}
{"target": -17.675787809677725, "params": {"gamma": 734.8991602652588, "log10_alpha": -2.768798168306203, "log10_colsample_bytree": -0.16873910904018852, "log10_eta": -3.147970031164117, "log10_lambda": -3.1695885364115064, "log10_min_child_weight": 2.955051020085519, "log10_subsample": -0.07121692857804374, "max_depth": 7.0, "num_boost_round": 53.0}, "datetime": {"datetime": "2024-01-19 00:55:51", "elapsed": 2658.408719, "delta": 0.003541}}
{"target": -17.6757857859589, "params": {"gamma": 734.8991602652588, "log10_alpha": -2.768798168306203, "log10_colsample_bytree": -0.16873910904018852, "log10_eta": -3.147970031164117, "log10_lambda": -3.1695885364115064, "log10_min_child_weight": 2.955051020085519, "log10_subsample": -0.07121692857804374, "max_depth": 7.0, "num_boost_round": 54.0}, "datetime": {"datetime": "2024-01-19 00:55:51", "elapsed": 2658.412305, "delta": 0.003586}}
{"target": -17.675776687507756, "params": {"gamma": 734.8991602652588, "log10_alpha": -2.768798168306203, "log10_colsample_bytree": -0.16873910904018852, "log10_eta": -3.147970031164117, "log10_lambda": -3.1695885364115064, "log10_min_child_weight": 2.955051020085519, "log10_subsample": -0.07121692857804374, "max_depth": 7.0, "num_boost_round": 55.0}, "datetime": {"datetime": "2024-01-19 00:55:51", "elapsed": 2658.415737, "delta": 0.003432}}
{"target": -17.67574451797541, "params": {"gamma": 734.8991602652588, "log10_alpha": -2.768798168306203, "log10_colsample_bytree": -0.16873910904018852, "log10_eta": -3.147970031164117, "log10_lambda": -3.1695885364115064, "log10_min_child_weight": 2.955051020085519, "log10_subsample": -0.07121692857804374, "max_depth": 7.0, "num_boost_round": 56.0}, "datetime": {"datetime": "2024-01-19 00:55:51", "elapsed": 2658.419196, "delta": 0.003459}}
{"target": -17.675712955833433, "params": {"gamma": 734.8991602652588, "log10_alpha": -2.768798168306203, "log10_colsample_bytree": -0.16873910904018852, "log10_eta": -3.147970031164117, "log10_lambda": -3.1695885364115064, "log10_min_child_weight": 2.955051020085519, "log10_subsample": -0.07121692857804374, "max_depth": 7.0, "num_boost_round": 57.0}, "datetime": {"datetime": "2024-01-19 00:55:51", "elapsed": 2658.422611, "delta": 0.003415}}
{"target": -17.675663189091736, "params": {"gamma": 734.8991602652588, "log10_alpha": -2.768798168306203, "log10_colsample_bytree": -0.16873910904018852, "log10_eta": -3.147970031164117, "log10_lambda": -3.1695885364115064, "log10_min_child_weight": 2.955051020085519, "log10_subsample": -0.07121692857804374, "max_depth": 7.0, "num_boost_round": 58.0}, "datetime": {"datetime": "2024-01-19 00:55:51", "elapsed": 2658.426058, "delta": 0.003447}}
{"target": -17.675634834949946, "params": {"gamma": 734.8991602652588, "log10_alpha": -2.768798168306203, "log10_colsample_bytree": -0.16873910904018852, "log10_eta": -3.147970031164117, "log10_lambda": -3.1695885364115064, "log10_min_child_weight": 2.955051020085519, "log10_subsample": -0.07121692857804374, "max_depth": 7.0, "num_boost_round": 59.0}, "datetime": {"datetime": "2024-01-19 00:55:51", "elapsed": 2658.42969, "delta": 0.003632}}
{"target": -17.67562006343299, "params": {"gamma": 734.8991602652588, "log10_alpha": -2.768798168306203, "log10_colsample_bytree": -0.16873910904018852, "log10_eta": -3.147970031164117, "log10_lambda": -3.1695885364115064, "log10_min_child_weight": 2.955051020085519, "log10_subsample": -0.07121692857804374, "max_depth": 7.0, "num_boost_round": 60.0}, "datetime": {"datetime": "2024-01-19 00:55:51", "elapsed": 2658.433402, "delta": 0.003712}}
{"target": -17.67560341239559, "params": {"gamma": 734.8991602652588, "log10_alpha": -2.768798168306203, "log10_colsample_bytree": -0.16873910904018852, "log10_eta": -3.147970031164117, "log10_lambda": -3.1695885364115064, "log10_min_child_weight": 2.955051020085519, "log10_subsample": -0.07121692857804374, "max_depth": 7.0, "num_boost_round": 61.0}, "datetime": {"datetime": "2024-01-19 00:55:51", "elapsed": 2658.437076, "delta": 0.003674}}
{"target": -17.677229035668653, "params": {"gamma": 762.634883135311, "log10_alpha": -1.2305196322459824, "log10_colsample_bytree": -0.03672633061323538, "log10_eta": -3.980794035592939, "log10_lambda": -1.6266864383256423, "log10_min_child_weight": 2.9652190394007096, "log10_subsample": -0.9548775984102291, "max_depth": 9.0, "num_boost_round": 0.0}, "datetime": {"datetime": "2024-01-19 00:56:37", "elapsed": 2705.051314, "delta": 46.614238}}
{"target": -17.67722378504887, "params": {"gamma": 762.634883135311, "log10_alpha": -1.2305196322459824, "log10_colsample_bytree": -0.03672633061323538, "log10_eta": -3.980794035592939, "log10_lambda": -1.6266864383256423, "log10_min_child_weight": 2.9652190394007096, "log10_subsample": -0.9548775984102291, "max_depth": 9.0, "num_boost_round": 1.0}, "datetime": {"datetime": "2024-01-19 00:56:37", "elapsed": 2705.055505, "delta": 0.004191}}
{"target": -17.677223914595892, "params": {"gamma": 762.634883135311, "log10_alpha": -1.2305196322459824, "log10_colsample_bytree": -0.03672633061323538, "log10_eta": -3.980794035592939, "log10_lambda": -1.6266864383256423, "log10_min_child_weight": 2.9652190394007096, "log10_subsample": -0.9548775984102291, "max_depth": 9.0, "num_boost_round": 2.0}, "datetime": {"datetime": "2024-01-19 00:56:37", "elapsed": 2705.059188, "delta": 0.003683}}
{"target": -17.677223345710477, "params": {"gamma": 762.634883135311, "log10_alpha": -1.2305196322459824, "log10_colsample_bytree": -0.03672633061323538, "log10_eta": -3.980794035592939, "log10_lambda": -1.6266864383256423, "log10_min_child_weight": 2.9652190394007096, "log10_subsample": -0.9548775984102291, "max_depth": 9.0, "num_boost_round": 3.0}, "datetime": {"datetime": "2024-01-19 00:56:37", "elapsed": 2705.062659, "delta": 0.003471}}
{"target": -17.677217049706254, "params": {"gamma": 762.634883135311, "log10_alpha": -1.2305196322459824, "log10_colsample_bytree": -0.03672633061323538, "log10_eta": -3.980794035592939, "log10_lambda": -1.6266864383256423, "log10_min_child_weight": 2.9652190394007096, "log10_subsample": -0.9548775984102291, "max_depth": 9.0, "num_boost_round": 4.0}, "datetime": {"datetime": "2024-01-19 00:56:37", "elapsed": 2705.066156, "delta": 0.003497}}
{"target": -17.67721390609939, "params": {"gamma": 762.634883135311, "log10_alpha": -1.2305196322459824, "log10_colsample_bytree": -0.03672633061323538, "log10_eta": -3.980794035592939, "log10_lambda": -1.6266864383256423, "log10_min_child_weight": 2.9652190394007096, "log10_subsample": -0.9548775984102291, "max_depth": 9.0, "num_boost_round": 5.0}, "datetime": {"datetime": "2024-01-19 00:56:37", "elapsed": 2705.069779, "delta": 0.003623}}
{"target": -17.677213782006366, "params": {"gamma": 762.634883135311, "log10_alpha": -1.2305196322459824, "log10_colsample_bytree": -0.03672633061323538, "log10_eta": -3.980794035592939, "log10_lambda": -1.6266864383256423, "log10_min_child_weight": 2.9652190394007096, "log10_subsample": -0.9548775984102291, "max_depth": 9.0, "num_boost_round": 6.0}, "datetime": {"datetime": "2024-01-19 00:56:37", "elapsed": 2705.073257, "delta": 0.003478}}
{"target": -17.677210184793303, "params": {"gamma": 762.634883135311, "log10_alpha": -1.2305196322459824, "log10_colsample_bytree": -0.03672633061323538, "log10_eta": -3.980794035592939, "log10_lambda": -1.6266864383256423, "log10_min_child_weight": 2.9652190394007096, "log10_subsample": -0.9548775984102291, "max_depth": 9.0, "num_boost_round": 7.0}, "datetime": {"datetime": "2024-01-19 00:56:37", "elapsed": 2705.076891, "delta": 0.003634}}
{"target": -17.677205277609932, "params": {"gamma": 762.634883135311, "log10_alpha": -1.2305196322459824, "log10_colsample_bytree": -0.03672633061323538, "log10_eta": -3.980794035592939, "log10_lambda": -1.6266864383256423, "log10_min_child_weight": 2.9652190394007096, "log10_subsample": -0.9548775984102291, "max_depth": 9.0, "num_boost_round": 8.0}, "datetime": {"datetime": "2024-01-19 00:56:37", "elapsed": 2705.080471, "delta": 0.00358}}
{"target": -17.677203068357873, "params": {"gamma": 762.634883135311, "log10_alpha": -1.2305196322459824, "log10_colsample_bytree": -0.03672633061323538, "log10_eta": -3.980794035592939, "log10_lambda": -1.6266864383256423, "log10_min_child_weight": 2.9652190394007096, "log10_subsample": -0.9548775984102291, "max_depth": 9.0, "num_boost_round": 9.0}, "datetime": {"datetime": "2024-01-19 00:56:37", "elapsed": 2705.083878, "delta": 0.003407}}
{"target": -17.67720254547934, "params": {"gamma": 762.634883135311, "log10_alpha": -1.2305196322459824, "log10_colsample_bytree": -0.03672633061323538, "log10_eta": -3.980794035592939, "log10_lambda": -1.6266864383256423, "log10_min_child_weight": 2.9652190394007096, "log10_subsample": -0.9548775984102291, "max_depth": 9.0, "num_boost_round": 10.0}, "datetime": {"datetime": "2024-01-19 00:56:37", "elapsed": 2705.087312, "delta": 0.003434}}
{"target": -17.677196835855465, "params": {"gamma": 762.634883135311, "log10_alpha": -1.2305196322459824, "log10_colsample_bytree": -0.03672633061323538, "log10_eta": -3.980794035592939, "log10_lambda": -1.6266864383256423, "log10_min_child_weight": 2.9652190394007096, "log10_subsample": -0.9548775984102291, "max_depth": 9.0, "num_boost_round": 11.0}, "datetime": {"datetime": "2024-01-19 00:56:37", "elapsed": 2705.090939, "delta": 0.003627}}
{"target": -17.677192602302572, "params": {"gamma": 762.634883135311, "log10_alpha": -1.2305196322459824, "log10_colsample_bytree": -0.03672633061323538, "log10_eta": -3.980794035592939, "log10_lambda": -1.6266864383256423, "log10_min_child_weight": 2.9652190394007096, "log10_subsample": -0.9548775984102291, "max_depth": 9.0, "num_boost_round": 12.0}, "datetime": {"datetime": "2024-01-19 00:56:37", "elapsed": 2705.094502, "delta": 0.003563}}
{"target": -17.747365112496382, "params": {"gamma": 733.0675293791188, "log10_alpha": 1.0, "log10_colsample_bytree": 0.0, "log10_eta": 0.0, "log10_lambda": 1.0, "log10_min_child_weight": 0.0, "log10_subsample": -1.0, "max_depth": 2.0, "num_boost_round": 0.0}, "datetime": {"datetime": "2024-01-19 00:57:30", "elapsed": 2757.710073, "delta": 52.615571}}
{"target": -17.778060020306324, "params": {"gamma": 733.0675293791188, "log10_alpha": 1.0, "log10_colsample_bytree": 0.0, "log10_eta": 0.0, "log10_lambda": 1.0, "log10_min_child_weight": 0.0, "log10_subsample": -1.0, "max_depth": 2.0, "num_boost_round": 1.0}, "datetime": {"datetime": "2024-01-19 00:57:30", "elapsed": 2757.713892, "delta": 0.003819}}
{"target": -17.808581909862536, "params": {"gamma": 733.0675293791188, "log10_alpha": 1.0, "log10_colsample_bytree": 0.0, "log10_eta": 0.0, "log10_lambda": 1.0, "log10_min_child_weight": 0.0, "log10_subsample": -1.0, "max_depth": 2.0, "num_boost_round": 2.0}, "datetime": {"datetime": "2024-01-19 00:57:30", "elapsed": 2757.717556, "delta": 0.003664}}
{"target": -17.87802375667659, "params": {"gamma": 733.0675293791188, "log10_alpha": 1.0, "log10_colsample_bytree": 0.0, "log10_eta": 0.0, "log10_lambda": 1.0, "log10_min_child_weight": 0.0, "log10_subsample": -1.0, "max_depth": 2.0, "num_boost_round": 3.0}, "datetime": {"datetime": "2024-01-19 00:57:30", "elapsed": 2757.721105, "delta": 0.003549}}
{"target": -17.888491309220147, "params": {"gamma": 733.0675293791188, "log10_alpha": 1.0, "log10_colsample_bytree": 0.0, "log10_eta": 0.0, "log10_lambda": 1.0, "log10_min_child_weight": 0.0, "log10_subsample": -1.0, "max_depth": 2.0, "num_boost_round": 4.0}, "datetime": {"datetime": "2024-01-19 00:57:30", "elapsed": 2757.724598, "delta": 0.003493}}
{"target": -18.374182870169168, "params": {"gamma": 733.0675293791188, "log10_alpha": 1.0, "log10_colsample_bytree": 0.0, "log10_eta": 0.0, "log10_lambda": 1.0, "log10_min_child_weight": 0.0, "log10_subsample": -1.0, "max_depth": 2.0, "num_boost_round": 5.0}, "datetime": {"datetime": "2024-01-19 00:57:30", "elapsed": 2757.728374, "delta": 0.003776}}
{"target": -18.388593327176377, "params": {"gamma": 733.0675293791188, "log10_alpha": 1.0, "log10_colsample_bytree": 0.0, "log10_eta": 0.0, "log10_lambda": 1.0, "log10_min_child_weight": 0.0, "log10_subsample": -1.0, "max_depth": 2.0, "num_boost_round": 6.0}, "datetime": {"datetime": "2024-01-19 00:57:30", "elapsed": 2757.731969, "delta": 0.003595}}
{"target": -18.418779431873105, "params": {"gamma": 733.0675293791188, "log10_alpha": 1.0, "log10_colsample_bytree": 0.0, "log10_eta": 0.0, "log10_lambda": 1.0, "log10_min_child_weight": 0.0, "log10_subsample": -1.0, "max_depth": 2.0, "num_boost_round": 7.0}, "datetime": {"datetime": "2024-01-19 00:57:30", "elapsed": 2757.735463, "delta": 0.003494}}
{"target": -18.73157311619692, "params": {"gamma": 733.0675293791188, "log10_alpha": 1.0, "log10_colsample_bytree": 0.0, "log10_eta": 0.0, "log10_lambda": 1.0, "log10_min_child_weight": 0.0, "log10_subsample": -1.0, "max_depth": 2.0, "num_boost_round": 8.0}, "datetime": {"datetime": "2024-01-19 00:57:30", "elapsed": 2757.739028, "delta": 0.003565}}
{"target": -18.74238010687251, "params": {"gamma": 733.0675293791188, "log10_alpha": 1.0, "log10_colsample_bytree": 0.0, "log10_eta": 0.0, "log10_lambda": 1.0, "log10_min_child_weight": 0.0, "log10_subsample": -1.0, "max_depth": 2.0, "num_boost_round": 9.0}, "datetime": {"datetime": "2024-01-19 00:57:30", "elapsed": 2757.742569, "delta": 0.003541}}
{"target": -18.736665631489632, "params": {"gamma": 733.0675293791188, "log10_alpha": 1.0, "log10_colsample_bytree": 0.0, "log10_eta": 0.0, "log10_lambda": 1.0, "log10_min_child_weight": 0.0, "log10_subsample": -1.0, "max_depth": 2.0, "num_boost_round": 10.0}, "datetime": {"datetime": "2024-01-19 00:57:30", "elapsed": 2757.745992, "delta": 0.003423}}
{"target": -18.73555677247014, "params": {"gamma": 733.0675293791188, "log10_alpha": 1.0, "log10_colsample_bytree": 0.0, "log10_eta": 0.0, "log10_lambda": 1.0, "log10_min_child_weight": 0.0, "log10_subsample": -1.0, "max_depth": 2.0, "num_boost_round": 11.0}, "datetime": {"datetime": "2024-01-19 00:57:30", "elapsed": 2757.749541, "delta": 0.003549}}
{"target": -18.720208406724996, "params": {"gamma": 733.0675293791188, "log10_alpha": 1.0, "log10_colsample_bytree": 0.0, "log10_eta": 0.0, "log10_lambda": 1.0, "log10_min_child_weight": 0.0, "log10_subsample": -1.0, "max_depth": 2.0, "num_boost_round": 12.0}, "datetime": {"datetime": "2024-01-19 00:57:30", "elapsed": 2757.753038, "delta": 0.003497}}
{"target": -18.819665529984043, "params": {"gamma": 733.0675293791188, "log10_alpha": 1.0, "log10_colsample_bytree": 0.0, "log10_eta": 0.0, "log10_lambda": 1.0, "log10_min_child_weight": 0.0, "log10_subsample": -1.0, "max_depth": 2.0, "num_boost_round": 13.0}, "datetime": {"datetime": "2024-01-19 00:57:30", "elapsed": 2757.756547, "delta": 0.003509}}
{"target": -18.824556235480703, "params": {"gamma": 733.0675293791188, "log10_alpha": 1.0, "log10_colsample_bytree": 0.0, "log10_eta": 0.0, "log10_lambda": 1.0, "log10_min_child_weight": 0.0, "log10_subsample": -1.0, "max_depth": 2.0, "num_boost_round": 14.0}, "datetime": {"datetime": "2024-01-19 00:57:30", "elapsed": 2757.759996, "delta": 0.003449}}
{"target": -18.80547860005177, "params": {"gamma": 733.0675293791188, "log10_alpha": 1.0, "log10_colsample_bytree": 0.0, "log10_eta": 0.0, "log10_lambda": 1.0, "log10_min_child_weight": 0.0, "log10_subsample": -1.0, "max_depth": 2.0, "num_boost_round": 15.0}, "datetime": {"datetime": "2024-01-19 00:57:30", "elapsed": 2757.763443, "delta": 0.003447}}
