{"target": -13.757512661533202, "params": {"gamma": 429.0665305845105, "log10_alpha": -0.18817540007254863, "log10_colsample_bytree": -0.5160359698903184, "log10_eta": -2.0797565644515825, "log10_lambda": -1.3087545284323374, "log10_min_child_weight": 0.31157433886825847, "log10_subsample": -0.46055902007821214, "max_depth": 4.0, "num_boost_round": 7.0}, "datetime": {"datetime": "2024-01-19 00:26:24", "elapsed": 887.291985, "delta": 0.001976}}
{"target": -13.757459346413071, "params": {"gamma": 429.0665305845105, "log10_alpha": -0.18817540007254863, "log10_colsample_bytree": -0.5160359698903184, "log10_eta": -2.0797565644515825, "log10_lambda": -1.3087545284323374, "log10_min_child_weight": 0.31157433886825847, "log10_subsample": -0.46055902007821214, "max_depth": 4.0, "num_boost_round": 8.0}, "datetime": {"datetime": "2024-01-19 00:26:24", "elapsed": 887.293905, "delta": 0.00192}}
{"target": -13.757225155728483, "params": {"gamma": 429.0665305845105, "log10_alpha": -0.18817540007254863, "log10_colsample_bytree": -0.5160359698903184, "log10_eta": -2.0797565644515825, "log10_lambda": -1.3087545284323374, "log10_min_child_weight": 0.31157433886825847, "log10_subsample": -0.46055902007821214, "max_depth": 4.0, "num_boost_round": 9.0}, "datetime": {"datetime": "2024-01-19 00:26:24", "elapsed": 887.295855, "delta": 0.00195}}
{"target": -13.757137474190191, "params": {"gamma": 429.0665305845105, "log10_alpha": -0.18817540007254863, "log10_colsample_bytree": -0.5160359698903184, "log10_eta": -2.0797565644515825, "log10_lambda": -1.3087545284323374, "log10_min_child_weight": 0.31157433886825847, "log10_subsample": -0.46055902007821214, "max_depth": 4.0, "num_boost_round": 10.0}, "datetime": {"datetime": "2024-01-19 00:26:24", "elapsed": 887.297679, "delta": 0.001824}}
{"target": -13.7568679490334, "params": {"gamma": 429.0665305845105, "log10_alpha": -0.18817540007254863, "log10_colsample_bytree": -0.5160359698903184, "log10_eta": -2.0797565644515825, "log10_lambda": -1.3087545284323374, "log10_min_child_weight": 0.31157433886825847, "log10_subsample": -0.46055902007821214, "max_depth": 4.0, "num_boost_round": 11.0}, "datetime": {"datetime": "2024-01-19 00:26:24", "elapsed": 887.299536, "delta": 0.001857}}
{"target": -13.756732400182331, "params": {"gamma": 429.0665305845105, "log10_alpha": -0.18817540007254863, "log10_colsample_bytree": -0.5160359698903184, "log10_eta": -2.0797565644515825, "log10_lambda": -1.3087545284323374, "log10_min_child_weight": 0.31157433886825847, "log10_subsample": -0.46055902007821214, "max_depth": 4.0, "num_boost_round": 12.0}, "datetime": {"datetime": "2024-01-19 00:26:24", "elapsed": 887.30142, "delta": 0.001884}}
{"target": -13.756737131586112, "params": {"gamma": 429.0665305845105, "log10_alpha": -0.18817540007254863, "log10_colsample_bytree": -0.5160359698903184, "log10_eta": -2.0797565644515825, "log10_lambda": -1.3087545284323374, "log10_min_child_weight": 0.31157433886825847, "log10_subsample": -0.46055902007821214, "max_depth": 4.0, "num_boost_round": 13.0}, "datetime": {"datetime": "2024-01-19 00:26:24", "elapsed": 887.303305, "delta": 0.001885}}
{"target": -13.756787456318762, "params": {"gamma": 429.0665305845105, "log10_alpha": -0.18817540007254863, "log10_colsample_bytree": -0.5160359698903184, "log10_eta": -2.0797565644515825, "log10_lambda": -1.3087545284323374, "log10_min_child_weight": 0.31157433886825847, "log10_subsample": -0.46055902007821214, "max_depth": 4.0, "num_boost_round": 14.0}, "datetime": {"datetime": "2024-01-19 00:26:24", "elapsed": 887.30518, "delta": 0.001875}}
{"target": -13.756569464521506, "params": {"gamma": 429.0665305845105, "log10_alpha": -0.18817540007254863, "log10_colsample_bytree": -0.5160359698903184, "log10_eta": -2.0797565644515825, "log10_lambda": -1.3087545284323374, "log10_min_child_weight": 0.31157433886825847, "log10_subsample": -0.46055902007821214, "max_depth": 4.0, "num_boost_round": 15.0}, "datetime": {"datetime": "2024-01-19 00:26:24", "elapsed": 887.307061, "delta": 0.001881}}
{"target": -13.756771691430016, "params": {"gamma": 429.0665305845105, "log10_alpha": -0.18817540007254863, "log10_colsample_bytree": -0.5160359698903184, "log10_eta": -2.0797565644515825, "log10_lambda": -1.3087545284323374, "log10_min_child_weight": 0.31157433886825847, "log10_subsample": -0.46055902007821214, "max_depth": 4.0, "num_boost_round": 16.0}, "datetime": {"datetime": "2024-01-19 00:26:24", "elapsed": 887.308936, "delta": 0.001875}}
{"target": -13.756751386028306, "params": {"gamma": 429.0665305845105, "log10_alpha": -0.18817540007254863, "log10_colsample_bytree": -0.5160359698903184, "log10_eta": -2.0797565644515825, "log10_lambda": -1.3087545284323374, "log10_min_child_weight": 0.31157433886825847, "log10_subsample": -0.46055902007821214, "max_depth": 4.0, "num_boost_round": 17.0}, "datetime": {"datetime": "2024-01-19 00:26:24", "elapsed": 887.310808, "delta": 0.001872}}
{"target": -13.75672614298449, "params": {"gamma": 429.0665305845105, "log10_alpha": -0.18817540007254863, "log10_colsample_bytree": -0.5160359698903184, "log10_eta": -2.0797565644515825, "log10_lambda": -1.3087545284323374, "log10_min_child_weight": 0.31157433886825847, "log10_subsample": -0.46055902007821214, "max_depth": 4.0, "num_boost_round": 18.0}, "datetime": {"datetime": "2024-01-19 00:26:24", "elapsed": 887.312692, "delta": 0.001884}}
{"target": -13.756682637340274, "params": {"gamma": 429.0665305845105, "log10_alpha": -0.18817540007254863, "log10_colsample_bytree": -0.5160359698903184, "log10_eta": -2.0797565644515825, "log10_lambda": -1.3087545284323374, "log10_min_child_weight": 0.31157433886825847, "log10_subsample": -0.46055902007821214, "max_depth": 4.0, "num_boost_round": 19.0}, "datetime": {"datetime": "2024-01-19 00:26:24", "elapsed": 887.314575, "delta": 0.001883}}
{"target": -13.756231406013512, "params": {"gamma": 429.0665305845105, "log10_alpha": -0.18817540007254863, "log10_colsample_bytree": -0.5160359698903184, "log10_eta": -2.0797565644515825, "log10_lambda": -1.3087545284323374, "log10_min_child_weight": 0.31157433886825847, "log10_subsample": -0.46055902007821214, "max_depth": 4.0, "num_boost_round": 20.0}, "datetime": {"datetime": "2024-01-19 00:26:24", "elapsed": 887.316469, "delta": 0.001894}}
{"target": -13.756309063536143, "params": {"gamma": 429.0665305845105, "log10_alpha": -0.18817540007254863, "log10_colsample_bytree": -0.5160359698903184, "log10_eta": -2.0797565644515825, "log10_lambda": -1.3087545284323374, "log10_min_child_weight": 0.31157433886825847, "log10_subsample": -0.46055902007821214, "max_depth": 4.0, "num_boost_round": 21.0}, "datetime": {"datetime": "2024-01-19 00:26:24", "elapsed": 887.318341, "delta": 0.001872}}
{"target": -13.756428885442833, "params": {"gamma": 429.0665305845105, "log10_alpha": -0.18817540007254863, "log10_colsample_bytree": -0.5160359698903184, "log10_eta": -2.0797565644515825, "log10_lambda": -1.3087545284323374, "log10_min_child_weight": 0.31157433886825847, "log10_subsample": -0.46055902007821214, "max_depth": 4.0, "num_boost_round": 22.0}, "datetime": {"datetime": "2024-01-19 00:26:24", "elapsed": 887.320233, "delta": 0.001892}}
{"target": -13.756396164458682, "params": {"gamma": 429.0665305845105, "log10_alpha": -0.18817540007254863, "log10_colsample_bytree": -0.5160359698903184, "log10_eta": -2.0797565644515825, "log10_lambda": -1.3087545284323374, "log10_min_child_weight": 0.31157433886825847, "log10_subsample": -0.46055902007821214, "max_depth": 4.0, "num_boost_round": 23.0}, "datetime": {"datetime": "2024-01-19 00:26:24", "elapsed": 887.322118, "delta": 0.001885}}
{"target": -13.7563821041734, "params": {"gamma": 429.0665305845105, "log10_alpha": -0.18817540007254863, "log10_colsample_bytree": -0.5160359698903184, "log10_eta": -2.0797565644515825, "log10_lambda": -1.3087545284323374, "log10_min_child_weight": 0.31157433886825847, "log10_subsample": -0.46055902007821214, "max_depth": 4.0, "num_boost_round": 24.0}, "datetime": {"datetime": "2024-01-19 00:26:24", "elapsed": 887.324302, "delta": 0.002184}}
{"target": -13.756418911156256, "params": {"gamma": 429.0665305845105, "log10_alpha": -0.18817540007254863, "log10_colsample_bytree": -0.5160359698903184, "log10_eta": -2.0797565644515825, "log10_lambda": -1.3087545284323374, "log10_min_child_weight": 0.31157433886825847, "log10_subsample": -0.46055902007821214, "max_depth": 4.0, "num_boost_round": 25.0}, "datetime": {"datetime": "2024-01-19 00:26:24", "elapsed": 887.326399, "delta": 0.002097}}
{"target": -13.756291752481893, "params": {"gamma": 429.0665305845105, "log10_alpha": -0.18817540007254863, "log10_colsample_bytree": -0.5160359698903184, "log10_eta": -2.0797565644515825, "log10_lambda": -1.3087545284323374, "log10_min_child_weight": 0.31157433886825847, "log10_subsample": -0.46055902007821214, "max_depth": 4.0, "num_boost_round": 26.0}, "datetime": {"datetime": "2024-01-19 00:26:24", "elapsed": 887.328241, "delta": 0.001842}}
{"target": -13.756315628963623, "params": {"gamma": 429.0665305845105, "log10_alpha": -0.18817540007254863, "log10_colsample_bytree": -0.5160359698903184, "log10_eta": -2.0797565644515825, "log10_lambda": -1.3087545284323374, "log10_min_child_weight": 0.31157433886825847, "log10_subsample": -0.46055902007821214, "max_depth": 4.0, "num_boost_round": 27.0}, "datetime": {"datetime": "2024-01-19 00:26:24", "elapsed": 887.330203, "delta": 0.001962}}
{"target": -13.756360128649517, "params": {"gamma": 429.0665305845105, "log10_alpha": -0.18817540007254863, "log10_colsample_bytree": -0.5160359698903184, "log10_eta": -2.0797565644515825, "log10_lambda": -1.3087545284323374, "log10_min_child_weight": 0.31157433886825847, "log10_subsample": -0.46055902007821214, "max_depth": 4.0, "num_boost_round": 28.0}, "datetime": {"datetime": "2024-01-19 00:26:24", "elapsed": 887.332045, "delta": 0.001842}}
{"target": -13.75649267655946, "params": {"gamma": 429.0665305845105, "log10_alpha": -0.18817540007254863, "log10_colsample_bytree": -0.5160359698903184, "log10_eta": -2.0797565644515825, "log10_lambda": -1.3087545284323374, "log10_min_child_weight": 0.31157433886825847, "log10_subsample": -0.46055902007821214, "max_depth": 4.0, "num_boost_round": 29.0}, "datetime": {"datetime": "2024-01-19 00:26:24", "elapsed": 887.333886, "delta": 0.001841}}
{"target": -13.75641445784353, "params": {"gamma": 429.0665305845105, "log10_alpha": -0.18817540007254863, "log10_colsample_bytree": -0.5160359698903184, "log10_eta": -2.0797565644515825, "log10_lambda": -1.3087545284323374, "log10_min_child_weight": 0.31157433886825847, "log10_subsample": -0.46055902007821214, "max_depth": 4.0, "num_boost_round": 30.0}, "datetime": {"datetime": "2024-01-19 00:26:24", "elapsed": 887.335732, "delta": 0.001846}}
{"target": -13.756207346994849, "params": {"gamma": 429.0665305845105, "log10_alpha": -0.18817540007254863, "log10_colsample_bytree": -0.5160359698903184, "log10_eta": -2.0797565644515825, "log10_lambda": -1.3087545284323374, "log10_min_child_weight": 0.31157433886825847, "log10_subsample": -0.46055902007821214, "max_depth": 4.0, "num_boost_round": 31.0}, "datetime": {"datetime": "2024-01-19 00:26:24", "elapsed": 887.337572, "delta": 0.00184}}
{"target": -13.756136569666495, "params": {"gamma": 429.0665305845105, "log10_alpha": -0.18817540007254863, "log10_colsample_bytree": -0.5160359698903184, "log10_eta": -2.0797565644515825, "log10_lambda": -1.3087545284323374, "log10_min_child_weight": 0.31157433886825847, "log10_subsample": -0.46055902007821214, "max_depth": 4.0, "num_boost_round": 32.0}, "datetime": {"datetime": "2024-01-19 00:26:24", "elapsed": 887.339408, "delta": 0.001836}}
{"target": -13.756279946914539, "params": {"gamma": 429.0665305845105, "log10_alpha": -0.18817540007254863, "log10_colsample_bytree": -0.5160359698903184, "log10_eta": -2.0797565644515825, "log10_lambda": -1.3087545284323374, "log10_min_child_weight": 0.31157433886825847, "log10_subsample": -0.46055902007821214, "max_depth": 4.0, "num_boost_round": 33.0}, "datetime": {"datetime": "2024-01-19 00:26:24", "elapsed": 887.341251, "delta": 0.001843}}
{"target": -13.756638244029292, "params": {"gamma": 429.0665305845105, "log10_alpha": -0.18817540007254863, "log10_colsample_bytree": -0.5160359698903184, "log10_eta": -2.0797565644515825, "log10_lambda": -1.3087545284323374, "log10_min_child_weight": 0.31157433886825847, "log10_subsample": -0.46055902007821214, "max_depth": 4.0, "num_boost_round": 34.0}, "datetime": {"datetime": "2024-01-19 00:26:24", "elapsed": 887.343095, "delta": 0.001844}}
{"target": -13.75696410486999, "params": {"gamma": 429.0665305845105, "log10_alpha": -0.18817540007254863, "log10_colsample_bytree": -0.5160359698903184, "log10_eta": -2.0797565644515825, "log10_lambda": -1.3087545284323374, "log10_min_child_weight": 0.31157433886825847, "log10_subsample": -0.46055902007821214, "max_depth": 4.0, "num_boost_round": 35.0}, "datetime": {"datetime": "2024-01-19 00:26:24", "elapsed": 887.344939, "delta": 0.001844}}
{"target": -13.757026417377833, "params": {"gamma": 429.0665305845105, "log10_alpha": -0.18817540007254863, "log10_colsample_bytree": -0.5160359698903184, "log10_eta": -2.0797565644515825, "log10_lambda": -1.3087545284323374, "log10_min_child_weight": 0.31157433886825847, "log10_subsample": -0.46055902007821214, "max_depth": 4.0, "num_boost_round": 36.0}, "datetime": {"datetime": "2024-01-19 00:26:24", "elapsed": 887.346785, "delta": 0.001846}}
{"target": -13.757179511129113, "params": {"gamma": 429.0665305845105, "log10_alpha": -0.18817540007254863, "log10_colsample_bytree": -0.5160359698903184, "log10_eta": -2.0797565644515825, "log10_lambda": -1.3087545284323374, "log10_min_child_weight": 0.31157433886825847, "log10_subsample": -0.46055902007821214, "max_depth": 4.0, "num_boost_round": 37.0}, "datetime": {"datetime": "2024-01-19 00:26:24", "elapsed": 887.34863, "delta": 0.001845}}
{"target": -13.757106726981327, "params": {"gamma": 429.0665305845105, "log10_alpha": -0.18817540007254863, "log10_colsample_bytree": -0.5160359698903184, "log10_eta": -2.0797565644515825, "log10_lambda": -1.3087545284323374, "log10_min_child_weight": 0.31157433886825847, "log10_subsample": -0.46055902007821214, "max_depth": 4.0, "num_boost_round": 38.0}, "datetime": {"datetime": "2024-01-19 00:26:24", "elapsed": 887.350585, "delta": 0.001955}}
{"target": -13.757137489188164, "params": {"gamma": 429.0665305845105, "log10_alpha": -0.18817540007254863, "log10_colsample_bytree": -0.5160359698903184, "log10_eta": -2.0797565644515825, "log10_lambda": -1.3087545284323374, "log10_min_child_weight": 0.31157433886825847, "log10_subsample": -0.46055902007821214, "max_depth": 4.0, "num_boost_round": 39.0}, "datetime": {"datetime": "2024-01-19 00:26:24", "elapsed": 887.352428, "delta": 0.001843}}
{"target": -13.757267696636971, "params": {"gamma": 429.0665305845105, "log10_alpha": -0.18817540007254863, "log10_colsample_bytree": -0.5160359698903184, "log10_eta": -2.0797565644515825, "log10_lambda": -1.3087545284323374, "log10_min_child_weight": 0.31157433886825847, "log10_subsample": -0.46055902007821214, "max_depth": 4.0, "num_boost_round": 40.0}, "datetime": {"datetime": "2024-01-19 00:26:24", "elapsed": 887.354268, "delta": 0.00184}}
{"target": -13.756927540583648, "params": {"gamma": 429.0665305845105, "log10_alpha": -0.18817540007254863, "log10_colsample_bytree": -0.5160359698903184, "log10_eta": -2.0797565644515825, "log10_lambda": -1.3087545284323374, "log10_min_child_weight": 0.31157433886825847, "log10_subsample": -0.46055902007821214, "max_depth": 4.0, "num_boost_round": 41.0}, "datetime": {"datetime": "2024-01-19 00:26:24", "elapsed": 887.35611, "delta": 0.001842}}
{"target": -13.75691000663284, "params": {"gamma": 429.0665305845105, "log10_alpha": -0.18817540007254863, "log10_colsample_bytree": -0.5160359698903184, "log10_eta": -2.0797565644515825, "log10_lambda": -1.3087545284323374, "log10_min_child_weight": 0.31157433886825847, "log10_subsample": -0.46055902007821214, "max_depth": 4.0, "num_boost_round": 42.0}, "datetime": {"datetime": "2024-01-19 00:26:24", "elapsed": 887.357959, "delta": 0.001849}}
{"target": -13.756890953625565, "params": {"gamma": 429.0665305845105, "log10_alpha": -0.18817540007254863, "log10_colsample_bytree": -0.5160359698903184, "log10_eta": -2.0797565644515825, "log10_lambda": -1.3087545284323374, "log10_min_child_weight": 0.31157433886825847, "log10_subsample": -0.46055902007821214, "max_depth": 4.0, "num_boost_round": 43.0}, "datetime": {"datetime": "2024-01-19 00:26:24", "elapsed": 887.359805, "delta": 0.001846}}
{"target": -13.756698120500108, "params": {"gamma": 429.0665305845105, "log10_alpha": -0.18817540007254863, "log10_colsample_bytree": -0.5160359698903184, "log10_eta": -2.0797565644515825, "log10_lambda": -1.3087545284323374, "log10_min_child_weight": 0.31157433886825847, "log10_subsample": -0.46055902007821214, "max_depth": 4.0, "num_boost_round": 44.0}, "datetime": {"datetime": "2024-01-19 00:26:24", "elapsed": 887.361649, "delta": 0.001844}}
{"target": -13.756932646572501, "params": {"gamma": 429.0665305845105, "log10_alpha": -0.18817540007254863, "log10_colsample_bytree": -0.5160359698903184, "log10_eta": -2.0797565644515825, "log10_lambda": -1.3087545284323374, "log10_min_child_weight": 0.31157433886825847, "log10_subsample": -0.46055902007821214, "max_depth": 4.0, "num_boost_round": 45.0}, "datetime": {"datetime": "2024-01-19 00:26:24", "elapsed": 887.363488, "delta": 0.001839}}
{"target": -13.756897661619025, "params": {"gamma": 429.0665305845105, "log10_alpha": -0.18817540007254863, "log10_colsample_bytree": -0.5160359698903184, "log10_eta": -2.0797565644515825, "log10_lambda": -1.3087545284323374, "log10_min_child_weight": 0.31157433886825847, "log10_subsample": -0.46055902007821214, "max_depth": 4.0, "num_boost_round": 46.0}, "datetime": {"datetime": "2024-01-19 00:26:24", "elapsed": 887.365325, "delta": 0.001837}}
{"target": -13.756709628003785, "params": {"gamma": 429.0665305845105, "log10_alpha": -0.18817540007254863, "log10_colsample_bytree": -0.5160359698903184, "log10_eta": -2.0797565644515825, "log10_lambda": -1.3087545284323374, "log10_min_child_weight": 0.31157433886825847, "log10_subsample": -0.46055902007821214, "max_depth": 4.0, "num_boost_round": 47.0}, "datetime": {"datetime": "2024-01-19 00:26:24", "elapsed": 887.367168, "delta": 0.001843}}
{"target": -13.756761817193334, "params": {"gamma": 429.0665305845105, "log10_alpha": -0.18817540007254863, "log10_colsample_bytree": -0.5160359698903184, "log10_eta": -2.0797565644515825, "log10_lambda": -1.3087545284323374, "log10_min_child_weight": 0.31157433886825847, "log10_subsample": -0.46055902007821214, "max_depth": 4.0, "num_boost_round": 48.0}, "datetime": {"datetime": "2024-01-19 00:26:24", "elapsed": 887.369019, "delta": 0.001851}}
{"target": -13.757110179753147, "params": {"gamma": 429.0665305845105, "log10_alpha": -0.18817540007254863, "log10_colsample_bytree": -0.5160359698903184, "log10_eta": -2.0797565644515825, "log10_lambda": -1.3087545284323374, "log10_min_child_weight": 0.31157433886825847, "log10_subsample": -0.46055902007821214, "max_depth": 4.0, "num_boost_round": 49.0}, "datetime": {"datetime": "2024-01-19 00:26:24", "elapsed": 887.371005, "delta": 0.001986}}
{"target": -13.757415995805648, "params": {"gamma": 429.0665305845105, "log10_alpha": -0.18817540007254863, "log10_colsample_bytree": -0.5160359698903184, "log10_eta": -2.0797565644515825, "log10_lambda": -1.3087545284323374, "log10_min_child_weight": 0.31157433886825847, "log10_subsample": -0.46055902007821214, "max_depth": 4.0, "num_boost_round": 50.0}, "datetime": {"datetime": "2024-01-19 00:26:24", "elapsed": 887.372892, "delta": 0.001887}}
{"target": -13.757706042856102, "params": {"gamma": 429.0665305845105, "log10_alpha": -0.18817540007254863, "log10_colsample_bytree": -0.5160359698903184, "log10_eta": -2.0797565644515825, "log10_lambda": -1.3087545284323374, "log10_min_child_weight": 0.31157433886825847, "log10_subsample": -0.46055902007821214, "max_depth": 4.0, "num_boost_round": 51.0}, "datetime": {"datetime": "2024-01-19 00:26:24", "elapsed": 887.374773, "delta": 0.001881}}
{"target": -13.757787225583154, "params": {"gamma": 429.0665305845105, "log10_alpha": -0.18817540007254863, "log10_colsample_bytree": -0.5160359698903184, "log10_eta": -2.0797565644515825, "log10_lambda": -1.3087545284323374, "log10_min_child_weight": 0.31157433886825847, "log10_subsample": -0.46055902007821214, "max_depth": 4.0, "num_boost_round": 52.0}, "datetime": {"datetime": "2024-01-19 00:26:24", "elapsed": 887.376644, "delta": 0.001871}}
{"target": -13.758167030899626, "params": {"gamma": 429.0665305845105, "log10_alpha": -0.18817540007254863, "log10_colsample_bytree": -0.5160359698903184, "log10_eta": -2.0797565644515825, "log10_lambda": -1.3087545284323374, "log10_min_child_weight": 0.31157433886825847, "log10_subsample": -0.46055902007821214, "max_depth": 4.0, "num_boost_round": 53.0}, "datetime": {"datetime": "2024-01-19 00:26:24", "elapsed": 887.378538, "delta": 0.001894}}
{"target": -13.758031008642817, "params": {"gamma": 429.0665305845105, "log10_alpha": -0.18817540007254863, "log10_colsample_bytree": -0.5160359698903184, "log10_eta": -2.0797565644515825, "log10_lambda": -1.3087545284323374, "log10_min_child_weight": 0.31157433886825847, "log10_subsample": -0.46055902007821214, "max_depth": 4.0, "num_boost_round": 54.0}, "datetime": {"datetime": "2024-01-19 00:26:24", "elapsed": 887.380422, "delta": 0.001884}}
{"target": -13.75811518768769, "params": {"gamma": 429.0665305845105, "log10_alpha": -0.18817540007254863, "log10_colsample_bytree": -0.5160359698903184, "log10_eta": -2.0797565644515825, "log10_lambda": -1.3087545284323374, "log10_min_child_weight": 0.31157433886825847, "log10_subsample": -0.46055902007821214, "max_depth": 4.0, "num_boost_round": 55.0}, "datetime": {"datetime": "2024-01-19 00:26:24", "elapsed": 887.382301, "delta": 0.001879}}
