{"target": -17.675442700939684, "params": {"gamma": 553.0852497171561, "log10_alpha": -1.3034593480078893, "log10_colsample_bytree": -0.5746499274975782, "log10_eta": -2.586634010822278, "log10_lambda": -3.9943007672478137, "log10_min_child_weight": 0.21504661047785756, "log10_subsample": -0.6927030534352558, "max_depth": 4.0, "num_boost_round": 24.0}, "datetime": {"datetime": "2024-01-19 00:24:47", "elapsed": 785.323554, "delta": 0.001231}}
{"target": -17.675348231780987, "params": {"gamma": 553.0852497171561, "log10_alpha": -1.3034593480078893, "log10_colsample_bytree": -0.5746499274975782, "log10_eta": -2.586634010822278, "log10_lambda": -3.9943007672478137, "log10_min_child_weight": 0.21504661047785756, "log10_subsample": -0.6927030534352558, "max_depth": 4.0, "num_boost_round": 25.0}, "datetime": {"datetime": "2024-01-19 00:24:47", "elapsed": 785.324775, "delta": 0.001221}}
{"target": -17.675322809906962, "params": {"gamma": 553.0852497171561, "log10_alpha": -1.3034593480078893, "log10_colsample_bytree": -0.5746499274975782, "log10_eta": -2.586634010822278, "log10_lambda": -3.9943007672478137, "log10_min_child_weight": 0.21504661047785756, "log10_subsample": -0.6927030534352558, "max_depth": 4.0, "num_boost_round": 26.0}, "datetime": {"datetime": "2024-01-19 00:24:47", "elapsed": 785.325988, "delta": 0.001213}}
{"target": -17.675251304903004, "params": {"gamma": 553.0852497171561, "log10_alpha": -1.3034593480078893, "log10_colsample_bytree": -0.5746499274975782, "log10_eta": -2.586634010822278, "log10_lambda": -3.9943007672478137, "log10_min_child_weight": 0.21504661047785756, "log10_subsample": -0.6927030534352558, "max_depth": 4.0, "num_boost_round": 27.0}, "datetime": {"datetime": "2024-01-19 00:24:47", "elapsed": 785.327204, "delta": 0.001216}}
{"target": -17.675144372337325, "params": {"gamma": 553.0852497171561, "log10_alpha": -1.3034593480078893, "log10_colsample_bytree": -0.5746499274975782, "log10_eta": -2.586634010822278, "log10_lambda": -3.9943007672478137, "log10_min_child_weight": 0.21504661047785756, "log10_subsample": -0.6927030534352558, "max_depth": 4.0, "num_boost_round": 28.0}, "datetime": {"datetime": "2024-01-19 00:24:47", "elapsed": 785.32889, "delta": 0.001686}}
{"target": -17.67501340594734, "params": {"gamma": 553.0852497171561, "log10_alpha": -1.3034593480078893, "log10_colsample_bytree": -0.5746499274975782, "log10_eta": -2.586634010822278, "log10_lambda": -3.9943007672478137, "log10_min_child_weight": 0.21504661047785756, "log10_subsample": -0.6927030534352558, "max_depth": 4.0, "num_boost_round": 29.0}, "datetime": {"datetime": "2024-01-19 00:24:47", "elapsed": 785.33027, "delta": 0.00138}}
{"target": -17.67492383687627, "params": {"gamma": 553.0852497171561, "log10_alpha": -1.3034593480078893, "log10_colsample_bytree": -0.5746499274975782, "log10_eta": -2.586634010822278, "log10_lambda": -3.9943007672478137, "log10_min_child_weight": 0.21504661047785756, "log10_subsample": -0.6927030534352558, "max_depth": 4.0, "num_boost_round": 30.0}, "datetime": {"datetime": "2024-01-19 00:24:47", "elapsed": 785.331697, "delta": 0.001427}}
{"target": -17.67475140774151, "params": {"gamma": 553.0852497171561, "log10_alpha": -1.3034593480078893, "log10_colsample_bytree": -0.5746499274975782, "log10_eta": -2.586634010822278, "log10_lambda": -3.9943007672478137, "log10_min_child_weight": 0.21504661047785756, "log10_subsample": -0.6927030534352558, "max_depth": 4.0, "num_boost_round": 31.0}, "datetime": {"datetime": "2024-01-19 00:24:47", "elapsed": 785.333639, "delta": 0.001942}}
{"target": -17.67467128494336, "params": {"gamma": 553.0852497171561, "log10_alpha": -1.3034593480078893, "log10_colsample_bytree": -0.5746499274975782, "log10_eta": -2.586634010822278, "log10_lambda": -3.9943007672478137, "log10_min_child_weight": 0.21504661047785756, "log10_subsample": -0.6927030534352558, "max_depth": 4.0, "num_boost_round": 32.0}, "datetime": {"datetime": "2024-01-19 00:24:47", "elapsed": 785.335118, "delta": 0.001479}}
{"target": -17.677205247432006, "params": {"gamma": 539.0574265454006, "log10_alpha": -3.781858337070597, "log10_colsample_bytree": -0.8127071943684643, "log10_eta": -3.0207416694984532, "log10_lambda": -1.7140583990633886, "log10_min_child_weight": 2.422065431477684, "log10_subsample": -0.5792833587918622, "max_depth": 2.0, "num_boost_round": 0.0}, "datetime": {"datetime": "2024-01-19 00:25:11", "elapsed": 809.250017, "delta": 23.914899}}
{"target": -17.67717711395546, "params": {"gamma": 539.0574265454006, "log10_alpha": -3.781858337070597, "log10_colsample_bytree": -0.8127071943684643, "log10_eta": -3.0207416694984532, "log10_lambda": -1.7140583990633886, "log10_min_child_weight": 2.422065431477684, "log10_subsample": -0.5792833587918622, "max_depth": 2.0, "num_boost_round": 1.0}, "datetime": {"datetime": "2024-01-19 00:25:11", "elapsed": 809.251959, "delta": 0.001942}}
{"target": -17.677159656470025, "params": {"gamma": 539.0574265454006, "log10_alpha": -3.781858337070597, "log10_colsample_bytree": -0.8127071943684643, "log10_eta": -3.0207416694984532, "log10_lambda": -1.7140583990633886, "log10_min_child_weight": 2.422065431477684, "log10_subsample": -0.5792833587918622, "max_depth": 2.0, "num_boost_round": 2.0}, "datetime": {"datetime": "2024-01-19 00:25:11", "elapsed": 809.253517, "delta": 0.001558}}
{"target": -17.677135816312123, "params": {"gamma": 539.0574265454006, "log10_alpha": -3.781858337070597, "log10_colsample_bytree": -0.8127071943684643, "log10_eta": -3.0207416694984532, "log10_lambda": -1.7140583990633886, "log10_min_child_weight": 2.422065431477684, "log10_subsample": -0.5792833587918622, "max_depth": 2.0, "num_boost_round": 3.0}, "datetime": {"datetime": "2024-01-19 00:25:11", "elapsed": 809.254758, "delta": 0.001241}}
{"target": -17.677120145442593, "params": {"gamma": 539.0574265454006, "log10_alpha": -3.781858337070597, "log10_colsample_bytree": -0.8127071943684643, "log10_eta": -3.0207416694984532, "log10_lambda": -1.7140583990633886, "log10_min_child_weight": 2.422065431477684, "log10_subsample": -0.5792833587918622, "max_depth": 2.0, "num_boost_round": 4.0}, "datetime": {"datetime": "2024-01-19 00:25:11", "elapsed": 809.255993, "delta": 0.001235}}
{"target": -17.677095583541472, "params": {"gamma": 539.0574265454006, "log10_alpha": -3.781858337070597, "log10_colsample_bytree": -0.8127071943684643, "log10_eta": -3.0207416694984532, "log10_lambda": -1.7140583990633886, "log10_min_child_weight": 2.422065431477684, "log10_subsample": -0.5792833587918622, "max_depth": 2.0, "num_boost_round": 5.0}, "datetime": {"datetime": "2024-01-19 00:25:11", "elapsed": 809.257269, "delta": 0.001276}}
{"target": -17.67706692123454, "params": {"gamma": 539.0574265454006, "log10_alpha": -3.781858337070597, "log10_colsample_bytree": -0.8127071943684643, "log10_eta": -3.0207416694984532, "log10_lambda": -1.7140583990633886, "log10_min_child_weight": 2.422065431477684, "log10_subsample": -0.5792833587918622, "max_depth": 2.0, "num_boost_round": 6.0}, "datetime": {"datetime": "2024-01-19 00:25:11", "elapsed": 809.25851, "delta": 0.001241}}
{"target": -17.677032176789776, "params": {"gamma": 539.0574265454006, "log10_alpha": -3.781858337070597, "log10_colsample_bytree": -0.8127071943684643, "log10_eta": -3.0207416694984532, "log10_lambda": -1.7140583990633886, "log10_min_child_weight": 2.422065431477684, "log10_subsample": -0.5792833587918622, "max_depth": 2.0, "num_boost_round": 7.0}, "datetime": {"datetime": "2024-01-19 00:25:11", "elapsed": 809.259771, "delta": 0.001261}}
{"target": -17.677027607812768, "params": {"gamma": 539.0574265454006, "log10_alpha": -3.781858337070597, "log10_colsample_bytree": -0.8127071943684643, "log10_eta": -3.0207416694984532, "log10_lambda": -1.7140583990633886, "log10_min_child_weight": 2.422065431477684, "log10_subsample": -0.5792833587918622, "max_depth": 2.0, "num_boost_round": 8.0}, "datetime": {"datetime": "2024-01-19 00:25:11", "elapsed": 809.261064, "delta": 0.001293}}
{"target": -17.677026083552523, "params": {"gamma": 539.0574265454006, "log10_alpha": -3.781858337070597, "log10_colsample_bytree": -0.8127071943684643, "log10_eta": -3.0207416694984532, "log10_lambda": -1.7140583990633886, "log10_min_child_weight": 2.422065431477684, "log10_subsample": -0.5792833587918622, "max_depth": 2.0, "num_boost_round": 9.0}, "datetime": {"datetime": "2024-01-19 00:25:11", "elapsed": 809.262304, "delta": 0.00124}}
{"target": -17.677005613971023, "params": {"gamma": 539.0574265454006, "log10_alpha": -3.781858337070597, "log10_colsample_bytree": -0.8127071943684643, "log10_eta": -3.0207416694984532, "log10_lambda": -1.7140583990633886, "log10_min_child_weight": 2.422065431477684, "log10_subsample": -0.5792833587918622, "max_depth": 2.0, "num_boost_round": 10.0}, "datetime": {"datetime": "2024-01-19 00:25:11", "elapsed": 809.263544, "delta": 0.00124}}
{"target": -17.67698146199054, "params": {"gamma": 539.0574265454006, "log10_alpha": -3.781858337070597, "log10_colsample_bytree": -0.8127071943684643, "log10_eta": -3.0207416694984532, "log10_lambda": -1.7140583990633886, "log10_min_child_weight": 2.422065431477684, "log10_subsample": -0.5792833587918622, "max_depth": 2.0, "num_boost_round": 11.0}, "datetime": {"datetime": "2024-01-19 00:25:11", "elapsed": 809.264795, "delta": 0.001251}}
{"target": -17.676959074495475, "params": {"gamma": 539.0574265454006, "log10_alpha": -3.781858337070597, "log10_colsample_bytree": -0.8127071943684643, "log10_eta": -3.0207416694984532, "log10_lambda": -1.7140583990633886, "log10_min_child_weight": 2.422065431477684, "log10_subsample": -0.5792833587918622, "max_depth": 2.0, "num_boost_round": 12.0}, "datetime": {"datetime": "2024-01-19 00:25:11", "elapsed": 809.266049, "delta": 0.001254}}
{"target": -17.676929561806517, "params": {"gamma": 539.0574265454006, "log10_alpha": -3.781858337070597, "log10_colsample_bytree": -0.8127071943684643, "log10_eta": -3.0207416694984532, "log10_lambda": -1.7140583990633886, "log10_min_child_weight": 2.422065431477684, "log10_subsample": -0.5792833587918622, "max_depth": 2.0, "num_boost_round": 13.0}, "datetime": {"datetime": "2024-01-19 00:25:11", "elapsed": 809.267305, "delta": 0.001256}}
{"target": -17.676924498961757, "params": {"gamma": 539.0574265454006, "log10_alpha": -3.781858337070597, "log10_colsample_bytree": -0.8127071943684643, "log10_eta": -3.0207416694984532, "log10_lambda": -1.7140583990633886, "log10_min_child_weight": 2.422065431477684, "log10_subsample": -0.5792833587918622, "max_depth": 2.0, "num_boost_round": 14.0}, "datetime": {"datetime": "2024-01-19 00:25:11", "elapsed": 809.268602, "delta": 0.001297}}
{"target": -17.676904617828214, "params": {"gamma": 539.0574265454006, "log10_alpha": -3.781858337070597, "log10_colsample_bytree": -0.8127071943684643, "log10_eta": -3.0207416694984532, "log10_lambda": -1.7140583990633886, "log10_min_child_weight": 2.422065431477684, "log10_subsample": -0.5792833587918622, "max_depth": 2.0, "num_boost_round": 15.0}, "datetime": {"datetime": "2024-01-19 00:25:11", "elapsed": 809.269938, "delta": 0.001336}}
{"target": -17.676892430179766, "params": {"gamma": 539.0574265454006, "log10_alpha": -3.781858337070597, "log10_colsample_bytree": -0.8127071943684643, "log10_eta": -3.0207416694984532, "log10_lambda": -1.7140583990633886, "log10_min_child_weight": 2.422065431477684, "log10_subsample": -0.5792833587918622, "max_depth": 2.0, "num_boost_round": 16.0}, "datetime": {"datetime": "2024-01-19 00:25:11", "elapsed": 809.271173, "delta": 0.001235}}
{"target": -17.67687897774302, "params": {"gamma": 539.0574265454006, "log10_alpha": -3.781858337070597, "log10_colsample_bytree": -0.8127071943684643, "log10_eta": -3.0207416694984532, "log10_lambda": -1.7140583990633886, "log10_min_child_weight": 2.422065431477684, "log10_subsample": -0.5792833587918622, "max_depth": 2.0, "num_boost_round": 17.0}, "datetime": {"datetime": "2024-01-19 00:25:11", "elapsed": 809.272462, "delta": 0.001289}}
{"target": -17.67687092851954, "params": {"gamma": 539.0574265454006, "log10_alpha": -3.781858337070597, "log10_colsample_bytree": -0.8127071943684643, "log10_eta": -3.0207416694984532, "log10_lambda": -1.7140583990633886, "log10_min_child_weight": 2.422065431477684, "log10_subsample": -0.5792833587918622, "max_depth": 2.0, "num_boost_round": 18.0}, "datetime": {"datetime": "2024-01-19 00:25:11", "elapsed": 809.273703, "delta": 0.001241}}
{"target": -17.676867946087576, "params": {"gamma": 539.0574265454006, "log10_alpha": -3.781858337070597, "log10_colsample_bytree": -0.8127071943684643, "log10_eta": -3.0207416694984532, "log10_lambda": -1.7140583990633886, "log10_min_child_weight": 2.422065431477684, "log10_subsample": -0.5792833587918622, "max_depth": 2.0, "num_boost_round": 19.0}, "datetime": {"datetime": "2024-01-19 00:25:11", "elapsed": 809.274955, "delta": 0.001252}}
{"target": -17.67684025570706, "params": {"gamma": 539.0574265454006, "log10_alpha": -3.781858337070597, "log10_colsample_bytree": -0.8127071943684643, "log10_eta": -3.0207416694984532, "log10_lambda": -1.7140583990633886, "log10_min_child_weight": 2.422065431477684, "log10_subsample": -0.5792833587918622, "max_depth": 2.0, "num_boost_round": 20.0}, "datetime": {"datetime": "2024-01-19 00:25:11", "elapsed": 809.276205, "delta": 0.00125}}
{"target": -17.676815281218058, "params": {"gamma": 539.0574265454006, "log10_alpha": -3.781858337070597, "log10_colsample_bytree": -0.8127071943684643, "log10_eta": -3.0207416694984532, "log10_lambda": -1.7140583990633886, "log10_min_child_weight": 2.422065431477684, "log10_subsample": -0.5792833587918622, "max_depth": 2.0, "num_boost_round": 21.0}, "datetime": {"datetime": "2024-01-19 00:25:11", "elapsed": 809.277453, "delta": 0.001248}}
{"target": -17.676795342543407, "params": {"gamma": 539.0574265454006, "log10_alpha": -3.781858337070597, "log10_colsample_bytree": -0.8127071943684643, "log10_eta": -3.0207416694984532, "log10_lambda": -1.7140583990633886, "log10_min_child_weight": 2.422065431477684, "log10_subsample": -0.5792833587918622, "max_depth": 2.0, "num_boost_round": 22.0}, "datetime": {"datetime": "2024-01-19 00:25:11", "elapsed": 809.278695, "delta": 0.001242}}
{"target": -17.6767576536969, "params": {"gamma": 539.0574265454006, "log10_alpha": -3.781858337070597, "log10_colsample_bytree": -0.8127071943684643, "log10_eta": -3.0207416694984532, "log10_lambda": -1.7140583990633886, "log10_min_child_weight": 2.422065431477684, "log10_subsample": -0.5792833587918622, "max_depth": 2.0, "num_boost_round": 23.0}, "datetime": {"datetime": "2024-01-19 00:25:11", "elapsed": 809.280057, "delta": 0.001362}}
{"target": -17.676749100622864, "params": {"gamma": 539.0574265454006, "log10_alpha": -3.781858337070597, "log10_colsample_bytree": -0.8127071943684643, "log10_eta": -3.0207416694984532, "log10_lambda": -1.7140583990633886, "log10_min_child_weight": 2.422065431477684, "log10_subsample": -0.5792833587918622, "max_depth": 2.0, "num_boost_round": 24.0}, "datetime": {"datetime": "2024-01-19 00:25:11", "elapsed": 809.281382, "delta": 0.001325}}
{"target": -17.67723013930539, "params": {"gamma": 536.433784932686, "log10_alpha": -1.538822795242325, "log10_colsample_bytree": -0.9406402642335335, "log10_eta": -3.7725646755945967, "log10_lambda": -2.920097307438004, "log10_min_child_weight": 0.3442646313445197, "log10_subsample": -0.6504949554807414, "max_depth": 5.0, "num_boost_round": 0.0}, "datetime": {"datetime": "2024-01-19 00:25:39", "elapsed": 836.418437, "delta": 27.137055}}
{"target": -17.677224436361985, "params": {"gamma": 536.433784932686, "log10_alpha": -1.538822795242325, "log10_colsample_bytree": -0.9406402642335335, "log10_eta": -3.7725646755945967, "log10_lambda": -2.920097307438004, "log10_min_child_weight": 0.3442646313445197, "log10_subsample": -0.6504949554807414, "max_depth": 5.0, "num_boost_round": 1.0}, "datetime": {"datetime": "2024-01-19 00:25:39", "elapsed": 836.420155, "delta": 0.001718}}
{"target": -17.67721387516403, "params": {"gamma": 536.433784932686, "log10_alpha": -1.538822795242325, "log10_colsample_bytree": -0.9406402642335335, "log10_eta": -3.7725646755945967, "log10_lambda": -2.920097307438004, "log10_min_child_weight": 0.3442646313445197, "log10_subsample": -0.6504949554807414, "max_depth": 5.0, "num_boost_round": 2.0}, "datetime": {"datetime": "2024-01-19 00:25:39", "elapsed": 836.421663, "delta": 0.001508}}
{"target": -17.67720851417298, "params": {"gamma": 536.433784932686, "log10_alpha": -1.538822795242325, "log10_colsample_bytree": -0.9406402642335335, "log10_eta": -3.7725646755945967, "log10_lambda": -2.920097307438004, "log10_min_child_weight": 0.3442646313445197, "log10_subsample": -0.6504949554807414, "max_depth": 5.0, "num_boost_round": 3.0}, "datetime": {"datetime": "2024-01-19 00:25:39", "elapsed": 836.422935, "delta": 0.001272}}
{"target": -17.677201667197956, "params": {"gamma": 536.433784932686, "log10_alpha": -1.538822795242325, "log10_colsample_bytree": -0.9406402642335335, "log10_eta": -3.7725646755945967, "log10_lambda": -2.920097307438004, "log10_min_child_weight": 0.3442646313445197, "log10_subsample": -0.6504949554807414, "max_depth": 5.0, "num_boost_round": 4.0}, "datetime": {"datetime": "2024-01-19 00:25:39", "elapsed": 836.4242, "delta": 0.001265}}
{"target": -17.677196784072983, "params": {"gamma": 536.433784932686, "log10_alpha": -1.538822795242325, "log10_colsample_bytree": -0.9406402642335335, "log10_eta": -3.7725646755945967, "log10_lambda": -2.920097307438004, "log10_min_child_weight": 0.3442646313445197, "log10_subsample": -0.6504949554807414, "max_depth": 5.0, "num_boost_round": 5.0}, "datetime": {"datetime": "2024-01-19 00:25:39", "elapsed": 836.42565, "delta": 0.00145}}
{"target": -17.677204367843814, "params": {"gamma": 536.433784932686, "log10_alpha": -1.538822795242325, "log10_colsample_bytree": -0.9406402642335335, "log10_eta": -3.7725646755945967, "log10_lambda": -2.920097307438004, "log10_min_child_weight": 0.3442646313445197, "log10_subsample": -0.6504949554807414, "max_depth": 5.0, "num_boost_round": 6.0}, "datetime": {"datetime": "2024-01-19 00:25:39", "elapsed": 836.426973, "delta": 0.001323}}
{"target": -17.677196884767557, "params": {"gamma": 536.433784932686, "log10_alpha": -1.538822795242325, "log10_colsample_bytree": -0.9406402642335335, "log10_eta": -3.7725646755945967, "log10_lambda": -2.920097307438004, "log10_min_child_weight": 0.3442646313445197, "log10_subsample": -0.6504949554807414, "max_depth": 5.0, "num_boost_round": 7.0}, "datetime": {"datetime": "2024-01-19 00:25:39", "elapsed": 836.428252, "delta": 0.001279}}
{"target": -17.677198710538278, "params": {"gamma": 536.433784932686, "log10_alpha": -1.538822795242325, "log10_colsample_bytree": -0.9406402642335335, "log10_eta": -3.7725646755945967, "log10_lambda": -2.920097307438004, "log10_min_child_weight": 0.3442646313445197, "log10_subsample": -0.6504949554807414, "max_depth": 5.0, "num_boost_round": 8.0}, "datetime": {"datetime": "2024-01-19 00:25:39", "elapsed": 836.429667, "delta": 0.001415}}
{"target": -17.677192869491606, "params": {"gamma": 536.433784932686, "log10_alpha": -1.538822795242325, "log10_colsample_bytree": -0.9406402642335335, "log10_eta": -3.7725646755945967, "log10_lambda": -2.920097307438004, "log10_min_child_weight": 0.3442646313445197, "log10_subsample": -0.6504949554807414, "max_depth": 5.0, "num_boost_round": 9.0}, "datetime": {"datetime": "2024-01-19 00:25:39", "elapsed": 836.431096, "delta": 0.001429}}
{"target": -17.677184060650834, "params": {"gamma": 536.433784932686, "log10_alpha": -1.538822795242325, "log10_colsample_bytree": -0.9406402642335335, "log10_eta": -3.7725646755945967, "log10_lambda": -2.920097307438004, "log10_min_child_weight": 0.3442646313445197, "log10_subsample": -0.6504949554807414, "max_depth": 5.0, "num_boost_round": 10.0}, "datetime": {"datetime": "2024-01-19 00:25:39", "elapsed": 836.432566, "delta": 0.00147}}
{"target": -17.677179347108137, "params": {"gamma": 536.433784932686, "log10_alpha": -1.538822795242325, "log10_colsample_bytree": -0.9406402642335335, "log10_eta": -3.7725646755945967, "log10_lambda": -2.920097307438004, "log10_min_child_weight": 0.3442646313445197, "log10_subsample": -0.6504949554807414, "max_depth": 5.0, "num_boost_round": 11.0}, "datetime": {"datetime": "2024-01-19 00:25:39", "elapsed": 836.433862, "delta": 0.001296}}
{"target": -17.67717290103624, "params": {"gamma": 536.433784932686, "log10_alpha": -1.538822795242325, "log10_colsample_bytree": -0.9406402642335335, "log10_eta": -3.7725646755945967, "log10_lambda": -2.920097307438004, "log10_min_child_weight": 0.3442646313445197, "log10_subsample": -0.6504949554807414, "max_depth": 5.0, "num_boost_round": 12.0}, "datetime": {"datetime": "2024-01-19 00:25:39", "elapsed": 836.435138, "delta": 0.001276}}
{"target": -17.677171150353622, "params": {"gamma": 536.433784932686, "log10_alpha": -1.538822795242325, "log10_colsample_bytree": -0.9406402642335335, "log10_eta": -3.7725646755945967, "log10_lambda": -2.920097307438004, "log10_min_child_weight": 0.3442646313445197, "log10_subsample": -0.6504949554807414, "max_depth": 5.0, "num_boost_round": 13.0}, "datetime": {"datetime": "2024-01-19 00:25:39", "elapsed": 836.43641, "delta": 0.001272}}
{"target": -17.67716432290326, "params": {"gamma": 536.433784932686, "log10_alpha": -1.538822795242325, "log10_colsample_bytree": -0.9406402642335335, "log10_eta": -3.7725646755945967, "log10_lambda": -2.920097307438004, "log10_min_child_weight": 0.3442646313445197, "log10_subsample": -0.6504949554807414, "max_depth": 5.0, "num_boost_round": 14.0}, "datetime": {"datetime": "2024-01-19 00:25:39", "elapsed": 836.437671, "delta": 0.001261}}
