{"target": -13.758501342638425, "params": {"gamma": 941.0682260196429, "log10_alpha": 0.022919522655460156, "log10_colsample_bytree": -0.7058336398750551, "log10_eta": -3.0823490093967605, "log10_lambda": -3.616831136477133, "log10_min_child_weight": 3.984113208363946, "log10_subsample": -0.29731399285313087, "max_depth": 5.0, "num_boost_round": 5.0}, "datetime": {"datetime": "2024-01-19 00:55:58", "elapsed": 2659.435415, "delta": 0.003368}}
{"target": -13.758513067051204, "params": {"gamma": 941.0682260196429, "log10_alpha": 0.022919522655460156, "log10_colsample_bytree": -0.7058336398750551, "log10_eta": -3.0823490093967605, "log10_lambda": -3.616831136477133, "log10_min_child_weight": 3.984113208363946, "log10_subsample": -0.29731399285313087, "max_depth": 5.0, "num_boost_round": 6.0}, "datetime": {"datetime": "2024-01-19 00:55:58", "elapsed": 2659.438872, "delta": 0.003457}}
{"target": -13.75850153555331, "params": {"gamma": 941.0682260196429, "log10_alpha": 0.022919522655460156, "log10_colsample_bytree": -0.7058336398750551, "log10_eta": -3.0823490093967605, "log10_lambda": -3.616831136477133, "log10_min_child_weight": 3.984113208363946, "log10_subsample": -0.29731399285313087, "max_depth": 5.0, "num_boost_round": 7.0}, "datetime": {"datetime": "2024-01-19 00:55:58", "elapsed": 2659.442299, "delta": 0.003427}}
{"target": -13.758497639125748, "params": {"gamma": 941.0682260196429, "log10_alpha": 0.022919522655460156, "log10_colsample_bytree": -0.7058336398750551, "log10_eta": -3.0823490093967605, "log10_lambda": -3.616831136477133, "log10_min_child_weight": 3.984113208363946, "log10_subsample": -0.29731399285313087, "max_depth": 5.0, "num_boost_round": 8.0}, "datetime": {"datetime": "2024-01-19 00:55:58", "elapsed": 2659.445677, "delta": 0.003378}}
{"target": -13.758486933635679, "params": {"gamma": 941.0682260196429, "log10_alpha": 0.022919522655460156, "log10_colsample_bytree": -0.7058336398750551, "log10_eta": -3.0823490093967605, "log10_lambda": -3.616831136477133, "log10_min_child_weight": 3.984113208363946, "log10_subsample": -0.29731399285313087, "max_depth": 5.0, "num_boost_round": 9.0}, "datetime": {"datetime": "2024-01-19 00:55:58", "elapsed": 2659.449185, "delta": 0.003508}}
{"target": -13.75847438294402, "params": {"gamma": 941.0682260196429, "log10_alpha": 0.022919522655460156, "log10_colsample_bytree": -0.7058336398750551, "log10_eta": -3.0823490093967605, "log10_lambda": -3.616831136477133, "log10_min_child_weight": 3.984113208363946, "log10_subsample": -0.29731399285313087, "max_depth": 5.0, "num_boost_round": 10.0}, "datetime": {"datetime": "2024-01-19 00:55:58", "elapsed": 2659.452578, "delta": 0.003393}}
{"target": -13.75847847126683, "params": {"gamma": 941.0682260196429, "log10_alpha": 0.022919522655460156, "log10_colsample_bytree": -0.7058336398750551, "log10_eta": -3.0823490093967605, "log10_lambda": -3.616831136477133, "log10_min_child_weight": 3.984113208363946, "log10_subsample": -0.29731399285313087, "max_depth": 5.0, "num_boost_round": 11.0}, "datetime": {"datetime": "2024-01-19 00:55:58", "elapsed": 2659.455997, "delta": 0.003419}}
{"target": -13.758479464681427, "params": {"gamma": 941.0682260196429, "log10_alpha": 0.022919522655460156, "log10_colsample_bytree": -0.7058336398750551, "log10_eta": -3.0823490093967605, "log10_lambda": -3.616831136477133, "log10_min_child_weight": 3.984113208363946, "log10_subsample": -0.29731399285313087, "max_depth": 5.0, "num_boost_round": 12.0}, "datetime": {"datetime": "2024-01-19 00:55:58", "elapsed": 2659.459586, "delta": 0.003589}}
{"target": -13.758481407385183, "params": {"gamma": 941.0682260196429, "log10_alpha": 0.022919522655460156, "log10_colsample_bytree": -0.7058336398750551, "log10_eta": -3.0823490093967605, "log10_lambda": -3.616831136477133, "log10_min_child_weight": 3.984113208363946, "log10_subsample": -0.29731399285313087, "max_depth": 5.0, "num_boost_round": 13.0}, "datetime": {"datetime": "2024-01-19 00:55:58", "elapsed": 2659.463132, "delta": 0.003546}}
{"target": -13.758476878203023, "params": {"gamma": 941.0682260196429, "log10_alpha": 0.022919522655460156, "log10_colsample_bytree": -0.7058336398750551, "log10_eta": -3.0823490093967605, "log10_lambda": -3.616831136477133, "log10_min_child_weight": 3.984113208363946, "log10_subsample": -0.29731399285313087, "max_depth": 5.0, "num_boost_round": 14.0}, "datetime": {"datetime": "2024-01-19 00:55:58", "elapsed": 2659.466637, "delta": 0.003505}}
{"target": -13.758464703007613, "params": {"gamma": 941.0682260196429, "log10_alpha": 0.022919522655460156, "log10_colsample_bytree": -0.7058336398750551, "log10_eta": -3.0823490093967605, "log10_lambda": -3.616831136477133, "log10_min_child_weight": 3.984113208363946, "log10_subsample": -0.29731399285313087, "max_depth": 5.0, "num_boost_round": 15.0}, "datetime": {"datetime": "2024-01-19 00:55:58", "elapsed": 2659.470113, "delta": 0.003476}}
{"target": -13.758457243207435, "params": {"gamma": 941.0682260196429, "log10_alpha": 0.022919522655460156, "log10_colsample_bytree": -0.7058336398750551, "log10_eta": -3.0823490093967605, "log10_lambda": -3.616831136477133, "log10_min_child_weight": 3.984113208363946, "log10_subsample": -0.29731399285313087, "max_depth": 5.0, "num_boost_round": 16.0}, "datetime": {"datetime": "2024-01-19 00:55:58", "elapsed": 2659.473533, "delta": 0.00342}}
{"target": -13.75845108281937, "params": {"gamma": 941.0682260196429, "log10_alpha": 0.022919522655460156, "log10_colsample_bytree": -0.7058336398750551, "log10_eta": -3.0823490093967605, "log10_lambda": -3.616831136477133, "log10_min_child_weight": 3.984113208363946, "log10_subsample": -0.29731399285313087, "max_depth": 5.0, "num_boost_round": 17.0}, "datetime": {"datetime": "2024-01-19 00:55:58", "elapsed": 2659.477065, "delta": 0.003532}}
{"target": -13.758537529743375, "params": {"gamma": 942.1182985388543, "log10_alpha": -0.640463570018369, "log10_colsample_bytree": -0.022675375411209786, "log10_eta": -3.675722715890746, "log10_lambda": -1.9669251141540514, "log10_min_child_weight": 0.5244264576696156, "log10_subsample": -0.14869995739662223, "max_depth": 9.0, "num_boost_round": 0.0}, "datetime": {"datetime": "2024-01-19 00:57:04", "elapsed": 2726.005782, "delta": 66.528717}}
{"target": -13.758528132678745, "params": {"gamma": 942.1182985388543, "log10_alpha": -0.640463570018369, "log10_colsample_bytree": -0.022675375411209786, "log10_eta": -3.675722715890746, "log10_lambda": -1.9669251141540514, "log10_min_child_weight": 0.5244264576696156, "log10_subsample": -0.14869995739662223, "max_depth": 9.0, "num_boost_round": 1.0}, "datetime": {"datetime": "2024-01-19 00:57:05", "elapsed": 2726.009558, "delta": 0.003776}}
{"target": -13.758523647470593, "params": {"gamma": 942.1182985388543, "log10_alpha": -0.640463570018369, "log10_colsample_bytree": -0.022675375411209786, "log10_eta": -3.675722715890746, "log10_lambda": -1.9669251141540514, "log10_min_child_weight": 0.5244264576696156, "log10_subsample": -0.14869995739662223, "max_depth": 9.0, "num_boost_round": 2.0}, "datetime": {"datetime": "2024-01-19 00:57:05", "elapsed": 2726.013261, "delta": 0.003703}}
{"target": -13.758523418872121, "params": {"gamma": 942.1182985388543, "log10_alpha": -0.640463570018369, "log10_colsample_bytree": -0.022675375411209786, "log10_eta": -3.675722715890746, "log10_lambda": -1.9669251141540514, "log10_min_child_weight": 0.5244264576696156, "log10_subsample": -0.14869995739662223, "max_depth": 9.0, "num_boost_round": 3.0}, "datetime": {"datetime": "2024-01-19 00:57:05", "elapsed": 2726.017261, "delta": 0.004}}
{"target": -13.758521073937452, "params": {"gamma": 942.1182985388543, "log10_alpha": -0.640463570018369, "log10_colsample_bytree": -0.022675375411209786, "log10_eta": -3.675722715890746, "log10_lambda": -1.9669251141540514, "log10_min_child_weight": 0.5244264576696156, "log10_subsample": -0.14869995739662223, "max_depth": 9.0, "num_boost_round": 4.0}, "datetime": {"datetime": "2024-01-19 00:57:05", "elapsed": 2726.020757, "delta": 0.003496}}
{"target": -13.758522677982258, "params": {"gamma": 942.1182985388543, "log10_alpha": -0.640463570018369, "log10_colsample_bytree": -0.022675375411209786, "log10_eta": -3.675722715890746, "log10_lambda": -1.9669251141540514, "log10_min_child_weight": 0.5244264576696156, "log10_subsample": -0.14869995739662223, "max_depth": 9.0, "num_boost_round": 5.0}, "datetime": {"datetime": "2024-01-19 00:57:05", "elapsed": 2726.024174, "delta": 0.003417}}
{"target": -13.758522466708458, "params": {"gamma": 942.1182985388543, "log10_alpha": -0.640463570018369, "log10_colsample_bytree": -0.022675375411209786, "log10_eta": -3.675722715890746, "log10_lambda": -1.9669251141540514, "log10_min_child_weight": 0.5244264576696156, "log10_subsample": -0.14869995739662223, "max_depth": 9.0, "num_boost_round": 6.0}, "datetime": {"datetime": "2024-01-19 00:57:05", "elapsed": 2726.027643, "delta": 0.003469}}
{"target": -13.758526064308876, "params": {"gamma": 942.1182985388543, "log10_alpha": -0.640463570018369, "log10_colsample_bytree": -0.022675375411209786, "log10_eta": -3.675722715890746, "log10_lambda": -1.9669251141540514, "log10_min_child_weight": 0.5244264576696156, "log10_subsample": -0.14869995739662223, "max_depth": 9.0, "num_boost_round": 7.0}, "datetime": {"datetime": "2024-01-19 00:57:05", "elapsed": 2726.031127, "delta": 0.003484}}
{"target": -13.75853347321061, "params": {"gamma": 942.1182985388543, "log10_alpha": -0.640463570018369, "log10_colsample_bytree": -0.022675375411209786, "log10_eta": -3.675722715890746, "log10_lambda": -1.9669251141540514, "log10_min_child_weight": 0.5244264576696156, "log10_subsample": -0.14869995739662223, "max_depth": 9.0, "num_boost_round": 8.0}, "datetime": {"datetime": "2024-01-19 00:57:05", "elapsed": 2726.034539, "delta": 0.003412}}
{"target": -13.758538392416542, "params": {"gamma": 942.1182985388543, "log10_alpha": -0.640463570018369, "log10_colsample_bytree": -0.022675375411209786, "log10_eta": -3.675722715890746, "log10_lambda": -1.9669251141540514, "log10_min_child_weight": 0.5244264576696156, "log10_subsample": -0.14869995739662223, "max_depth": 9.0, "num_boost_round": 9.0}, "datetime": {"datetime": "2024-01-19 00:57:05", "elapsed": 2726.038039, "delta": 0.0035}}
{"target": -13.758545485935523, "params": {"gamma": 942.1182985388543, "log10_alpha": -0.640463570018369, "log10_colsample_bytree": -0.022675375411209786, "log10_eta": -3.675722715890746, "log10_lambda": -1.9669251141540514, "log10_min_child_weight": 0.5244264576696156, "log10_subsample": -0.14869995739662223, "max_depth": 9.0, "num_boost_round": 10.0}, "datetime": {"datetime": "2024-01-19 00:57:05", "elapsed": 2726.041453, "delta": 0.003414}}
{"target": -13.758548051494834, "params": {"gamma": 942.1182985388543, "log10_alpha": -0.640463570018369, "log10_colsample_bytree": -0.022675375411209786, "log10_eta": -3.675722715890746, "log10_lambda": -1.9669251141540514, "log10_min_child_weight": 0.5244264576696156, "log10_subsample": -0.14869995739662223, "max_depth": 9.0, "num_boost_round": 11.0}, "datetime": {"datetime": "2024-01-19 00:57:05", "elapsed": 2726.044869, "delta": 0.003416}}
{"target": -13.758561228435678, "params": {"gamma": 942.1182985388543, "log10_alpha": -0.640463570018369, "log10_colsample_bytree": -0.022675375411209786, "log10_eta": -3.675722715890746, "log10_lambda": -1.9669251141540514, "log10_min_child_weight": 0.5244264576696156, "log10_subsample": -0.14869995739662223, "max_depth": 9.0, "num_boost_round": 12.0}, "datetime": {"datetime": "2024-01-19 00:57:05", "elapsed": 2726.048496, "delta": 0.003627}}
{"target": -13.758558486422412, "params": {"gamma": 942.1182985388543, "log10_alpha": -0.640463570018369, "log10_colsample_bytree": -0.022675375411209786, "log10_eta": -3.675722715890746, "log10_lambda": -1.9669251141540514, "log10_min_child_weight": 0.5244264576696156, "log10_subsample": -0.14869995739662223, "max_depth": 9.0, "num_boost_round": 13.0}, "datetime": {"datetime": "2024-01-19 00:57:05", "elapsed": 2726.051946, "delta": 0.00345}}
{"target": -13.758561108111547, "params": {"gamma": 942.1182985388543, "log10_alpha": -0.640463570018369, "log10_colsample_bytree": -0.022675375411209786, "log10_eta": -3.675722715890746, "log10_lambda": -1.9669251141540514, "log10_min_child_weight": 0.5244264576696156, "log10_subsample": -0.14869995739662223, "max_depth": 9.0, "num_boost_round": 14.0}, "datetime": {"datetime": "2024-01-19 00:57:05", "elapsed": 2726.055401, "delta": 0.003455}}
{"target": -13.758564942042375, "params": {"gamma": 942.1182985388543, "log10_alpha": -0.640463570018369, "log10_colsample_bytree": -0.022675375411209786, "log10_eta": -3.675722715890746, "log10_lambda": -1.9669251141540514, "log10_min_child_weight": 0.5244264576696156, "log10_subsample": -0.14869995739662223, "max_depth": 9.0, "num_boost_round": 15.0}, "datetime": {"datetime": "2024-01-19 00:57:05", "elapsed": 2726.058938, "delta": 0.003537}}
{"target": -13.758571014628084, "params": {"gamma": 942.1182985388543, "log10_alpha": -0.640463570018369, "log10_colsample_bytree": -0.022675375411209786, "log10_eta": -3.675722715890746, "log10_lambda": -1.9669251141540514, "log10_min_child_weight": 0.5244264576696156, "log10_subsample": -0.14869995739662223, "max_depth": 9.0, "num_boost_round": 16.0}, "datetime": {"datetime": "2024-01-19 00:57:05", "elapsed": 2726.062516, "delta": 0.003578}}
{"target": -13.758568746735792, "params": {"gamma": 942.1182985388543, "log10_alpha": -0.640463570018369, "log10_colsample_bytree": -0.022675375411209786, "log10_eta": -3.675722715890746, "log10_lambda": -1.9669251141540514, "log10_min_child_weight": 0.5244264576696156, "log10_subsample": -0.14869995739662223, "max_depth": 9.0, "num_boost_round": 17.0}, "datetime": {"datetime": "2024-01-19 00:57:05", "elapsed": 2726.065946, "delta": 0.00343}}
{"target": -13.7585698966926, "params": {"gamma": 942.1182985388543, "log10_alpha": -0.640463570018369, "log10_colsample_bytree": -0.022675375411209786, "log10_eta": -3.675722715890746, "log10_lambda": -1.9669251141540514, "log10_min_child_weight": 0.5244264576696156, "log10_subsample": -0.14869995739662223, "max_depth": 9.0, "num_boost_round": 18.0}, "datetime": {"datetime": "2024-01-19 00:57:05", "elapsed": 2726.069451, "delta": 0.003505}}
{"target": -13.758562316507069, "params": {"gamma": 942.1182985388543, "log10_alpha": -0.640463570018369, "log10_colsample_bytree": -0.022675375411209786, "log10_eta": -3.675722715890746, "log10_lambda": -1.9669251141540514, "log10_min_child_weight": 0.5244264576696156, "log10_subsample": -0.14869995739662223, "max_depth": 9.0, "num_boost_round": 19.0}, "datetime": {"datetime": "2024-01-19 00:57:05", "elapsed": 2726.07292, "delta": 0.003469}}
{"target": -13.758567113820831, "params": {"gamma": 942.1182985388543, "log10_alpha": -0.640463570018369, "log10_colsample_bytree": -0.022675375411209786, "log10_eta": -3.675722715890746, "log10_lambda": -1.9669251141540514, "log10_min_child_weight": 0.5244264576696156, "log10_subsample": -0.14869995739662223, "max_depth": 9.0, "num_boost_round": 20.0}, "datetime": {"datetime": "2024-01-19 00:57:05", "elapsed": 2726.076364, "delta": 0.003444}}
{"target": -13.758570051917765, "params": {"gamma": 942.1182985388543, "log10_alpha": -0.640463570018369, "log10_colsample_bytree": -0.022675375411209786, "log10_eta": -3.675722715890746, "log10_lambda": -1.9669251141540514, "log10_min_child_weight": 0.5244264576696156, "log10_subsample": -0.14869995739662223, "max_depth": 9.0, "num_boost_round": 21.0}, "datetime": {"datetime": "2024-01-19 00:57:05", "elapsed": 2726.079869, "delta": 0.003505}}
{"target": -13.758564453457774, "params": {"gamma": 942.1182985388543, "log10_alpha": -0.640463570018369, "log10_colsample_bytree": -0.022675375411209786, "log10_eta": -3.675722715890746, "log10_lambda": -1.9669251141540514, "log10_min_child_weight": 0.5244264576696156, "log10_subsample": -0.14869995739662223, "max_depth": 9.0, "num_boost_round": 22.0}, "datetime": {"datetime": "2024-01-19 00:57:05", "elapsed": 2726.083305, "delta": 0.003436}}
{"target": -13.758563586935054, "params": {"gamma": 942.1182985388543, "log10_alpha": -0.640463570018369, "log10_colsample_bytree": -0.022675375411209786, "log10_eta": -3.675722715890746, "log10_lambda": -1.9669251141540514, "log10_min_child_weight": 0.5244264576696156, "log10_subsample": -0.14869995739662223, "max_depth": 9.0, "num_boost_round": 23.0}, "datetime": {"datetime": "2024-01-19 00:57:05", "elapsed": 2726.086837, "delta": 0.003532}}
{"target": -13.758566245993704, "params": {"gamma": 942.1182985388543, "log10_alpha": -0.640463570018369, "log10_colsample_bytree": -0.022675375411209786, "log10_eta": -3.675722715890746, "log10_lambda": -1.9669251141540514, "log10_min_child_weight": 0.5244264576696156, "log10_subsample": -0.14869995739662223, "max_depth": 9.0, "num_boost_round": 24.0}, "datetime": {"datetime": "2024-01-19 00:57:05", "elapsed": 2726.090402, "delta": 0.003565}}
{"target": -13.758571885878437, "params": {"gamma": 942.1182985388543, "log10_alpha": -0.640463570018369, "log10_colsample_bytree": -0.022675375411209786, "log10_eta": -3.675722715890746, "log10_lambda": -1.9669251141540514, "log10_min_child_weight": 0.5244264576696156, "log10_subsample": -0.14869995739662223, "max_depth": 9.0, "num_boost_round": 25.0}, "datetime": {"datetime": "2024-01-19 00:57:05", "elapsed": 2726.093847, "delta": 0.003445}}
{"target": -13.758575761526698, "params": {"gamma": 942.1182985388543, "log10_alpha": -0.640463570018369, "log10_colsample_bytree": -0.022675375411209786, "log10_eta": -3.675722715890746, "log10_lambda": -1.9669251141540514, "log10_min_child_weight": 0.5244264576696156, "log10_subsample": -0.14869995739662223, "max_depth": 9.0, "num_boost_round": 26.0}, "datetime": {"datetime": "2024-01-19 00:57:05", "elapsed": 2726.097405, "delta": 0.003558}}
{"target": -13.758579197682877, "params": {"gamma": 942.1182985388543, "log10_alpha": -0.640463570018369, "log10_colsample_bytree": -0.022675375411209786, "log10_eta": -3.675722715890746, "log10_lambda": -1.9669251141540514, "log10_min_child_weight": 0.5244264576696156, "log10_subsample": -0.14869995739662223, "max_depth": 9.0, "num_boost_round": 27.0}, "datetime": {"datetime": "2024-01-19 00:57:05", "elapsed": 2726.100838, "delta": 0.003433}}
{"target": -13.758583402077655, "params": {"gamma": 942.1182985388543, "log10_alpha": -0.640463570018369, "log10_colsample_bytree": -0.022675375411209786, "log10_eta": -3.675722715890746, "log10_lambda": -1.9669251141540514, "log10_min_child_weight": 0.5244264576696156, "log10_subsample": -0.14869995739662223, "max_depth": 9.0, "num_boost_round": 28.0}, "datetime": {"datetime": "2024-01-19 00:57:05", "elapsed": 2726.104275, "delta": 0.003437}}
{"target": -13.758591681383209, "params": {"gamma": 942.1182985388543, "log10_alpha": -0.640463570018369, "log10_colsample_bytree": -0.022675375411209786, "log10_eta": -3.675722715890746, "log10_lambda": -1.9669251141540514, "log10_min_child_weight": 0.5244264576696156, "log10_subsample": -0.14869995739662223, "max_depth": 9.0, "num_boost_round": 29.0}, "datetime": {"datetime": "2024-01-19 00:57:05", "elapsed": 2726.107899, "delta": 0.003624}}
{"target": -13.758593229216947, "params": {"gamma": 942.1182985388543, "log10_alpha": -0.640463570018369, "log10_colsample_bytree": -0.022675375411209786, "log10_eta": -3.675722715890746, "log10_lambda": -1.9669251141540514, "log10_min_child_weight": 0.5244264576696156, "log10_subsample": -0.14869995739662223, "max_depth": 9.0, "num_boost_round": 30.0}, "datetime": {"datetime": "2024-01-19 00:57:05", "elapsed": 2726.111388, "delta": 0.003489}}
{"target": -13.758599488709084, "params": {"gamma": 942.1182985388543, "log10_alpha": -0.640463570018369, "log10_colsample_bytree": -0.022675375411209786, "log10_eta": -3.675722715890746, "log10_lambda": -1.9669251141540514, "log10_min_child_weight": 0.5244264576696156, "log10_subsample": -0.14869995739662223, "max_depth": 9.0, "num_boost_round": 31.0}, "datetime": {"datetime": "2024-01-19 00:57:05", "elapsed": 2726.114885, "delta": 0.003497}}
{"target": -13.75859254854516, "params": {"gamma": 942.1182985388543, "log10_alpha": -0.640463570018369, "log10_colsample_bytree": -0.022675375411209786, "log10_eta": -3.675722715890746, "log10_lambda": -1.9669251141540514, "log10_min_child_weight": 0.5244264576696156, "log10_subsample": -0.14869995739662223, "max_depth": 9.0, "num_boost_round": 32.0}, "datetime": {"datetime": "2024-01-19 00:57:05", "elapsed": 2726.118435, "delta": 0.00355}}
{"target": -13.758597998282314, "params": {"gamma": 942.1182985388543, "log10_alpha": -0.640463570018369, "log10_colsample_bytree": -0.022675375411209786, "log10_eta": -3.675722715890746, "log10_lambda": -1.9669251141540514, "log10_min_child_weight": 0.5244264576696156, "log10_subsample": -0.14869995739662223, "max_depth": 9.0, "num_boost_round": 33.0}, "datetime": {"datetime": "2024-01-19 00:57:05", "elapsed": 2726.121893, "delta": 0.003458}}
{"target": -13.7585958410313, "params": {"gamma": 942.1182985388543, "log10_alpha": -0.640463570018369, "log10_colsample_bytree": -0.022675375411209786, "log10_eta": -3.675722715890746, "log10_lambda": -1.9669251141540514, "log10_min_child_weight": 0.5244264576696156, "log10_subsample": -0.14869995739662223, "max_depth": 9.0, "num_boost_round": 34.0}, "datetime": {"datetime": "2024-01-19 00:57:05", "elapsed": 2726.125352, "delta": 0.003459}}
{"target": -13.75859412592758, "params": {"gamma": 942.1182985388543, "log10_alpha": -0.640463570018369, "log10_colsample_bytree": -0.022675375411209786, "log10_eta": -3.675722715890746, "log10_lambda": -1.9669251141540514, "log10_min_child_weight": 0.5244264576696156, "log10_subsample": -0.14869995739662223, "max_depth": 9.0, "num_boost_round": 35.0}, "datetime": {"datetime": "2024-01-19 00:57:05", "elapsed": 2726.128905, "delta": 0.003553}}
