{"target": -13.758441876801657, "params": {"gamma": 423.69700247844156, "log10_alpha": 0.6022338835358934, "log10_colsample_bytree": -0.6357243596824691, "log10_eta": -1.8225494133776996, "log10_lambda": -3.5470109498338687, "log10_min_child_weight": 4.126861092986477, "log10_subsample": -0.9352335792333588, "max_depth": 3.0, "num_boost_round": 11.0}, "datetime": {"datetime": "2024-01-19 01:11:07", "elapsed": 3570.917908, "delta": 0.004576}}
{"target": -13.75844871103309, "params": {"gamma": 423.69700247844156, "log10_alpha": 0.6022338835358934, "log10_colsample_bytree": -0.6357243596824691, "log10_eta": -1.8225494133776996, "log10_lambda": -3.5470109498338687, "log10_min_child_weight": 4.126861092986477, "log10_subsample": -0.9352335792333588, "max_depth": 3.0, "num_boost_round": 12.0}, "datetime": {"datetime": "2024-01-19 01:11:07", "elapsed": 3570.922525, "delta": 0.004617}}
{"target": -13.758480928777864, "params": {"gamma": 423.69700247844156, "log10_alpha": 0.6022338835358934, "log10_colsample_bytree": -0.6357243596824691, "log10_eta": -1.8225494133776996, "log10_lambda": -3.5470109498338687, "log10_min_child_weight": 4.126861092986477, "log10_subsample": -0.9352335792333588, "max_depth": 3.0, "num_boost_round": 13.0}, "datetime": {"datetime": "2024-01-19 01:11:07", "elapsed": 3570.92717, "delta": 0.004645}}
{"target": -13.758407329025442, "params": {"gamma": 423.69700247844156, "log10_alpha": 0.6022338835358934, "log10_colsample_bytree": -0.6357243596824691, "log10_eta": -1.8225494133776996, "log10_lambda": -3.5470109498338687, "log10_min_child_weight": 4.126861092986477, "log10_subsample": -0.9352335792333588, "max_depth": 3.0, "num_boost_round": 14.0}, "datetime": {"datetime": "2024-01-19 01:11:07", "elapsed": 3570.931847, "delta": 0.004677}}
{"target": -13.758279394952808, "params": {"gamma": 423.69700247844156, "log10_alpha": 0.6022338835358934, "log10_colsample_bytree": -0.6357243596824691, "log10_eta": -1.8225494133776996, "log10_lambda": -3.5470109498338687, "log10_min_child_weight": 4.126861092986477, "log10_subsample": -0.9352335792333588, "max_depth": 3.0, "num_boost_round": 15.0}, "datetime": {"datetime": "2024-01-19 01:11:07", "elapsed": 3570.936449, "delta": 0.004602}}
{"target": -13.75829655422204, "params": {"gamma": 423.69700247844156, "log10_alpha": 0.6022338835358934, "log10_colsample_bytree": -0.6357243596824691, "log10_eta": -1.8225494133776996, "log10_lambda": -3.5470109498338687, "log10_min_child_weight": 4.126861092986477, "log10_subsample": -0.9352335792333588, "max_depth": 3.0, "num_boost_round": 16.0}, "datetime": {"datetime": "2024-01-19 01:11:07", "elapsed": 3570.941032, "delta": 0.004583}}
{"target": -13.758251312262335, "params": {"gamma": 423.69700247844156, "log10_alpha": 0.6022338835358934, "log10_colsample_bytree": -0.6357243596824691, "log10_eta": -1.8225494133776996, "log10_lambda": -3.5470109498338687, "log10_min_child_weight": 4.126861092986477, "log10_subsample": -0.9352335792333588, "max_depth": 3.0, "num_boost_round": 17.0}, "datetime": {"datetime": "2024-01-19 01:11:07", "elapsed": 3570.945678, "delta": 0.004646}}
{"target": -13.758236565313286, "params": {"gamma": 423.69700247844156, "log10_alpha": 0.6022338835358934, "log10_colsample_bytree": -0.6357243596824691, "log10_eta": -1.8225494133776996, "log10_lambda": -3.5470109498338687, "log10_min_child_weight": 4.126861092986477, "log10_subsample": -0.9352335792333588, "max_depth": 3.0, "num_boost_round": 18.0}, "datetime": {"datetime": "2024-01-19 01:11:07", "elapsed": 3570.950378, "delta": 0.0047}}
{"target": -13.75812188553918, "params": {"gamma": 423.69700247844156, "log10_alpha": 0.6022338835358934, "log10_colsample_bytree": -0.6357243596824691, "log10_eta": -1.8225494133776996, "log10_lambda": -3.5470109498338687, "log10_min_child_weight": 4.126861092986477, "log10_subsample": -0.9352335792333588, "max_depth": 3.0, "num_boost_round": 19.0}, "datetime": {"datetime": "2024-01-19 01:11:07", "elapsed": 3570.954956, "delta": 0.004578}}
{"target": -13.758184858508013, "params": {"gamma": 423.69700247844156, "log10_alpha": 0.6022338835358934, "log10_colsample_bytree": -0.6357243596824691, "log10_eta": -1.8225494133776996, "log10_lambda": -3.5470109498338687, "log10_min_child_weight": 4.126861092986477, "log10_subsample": -0.9352335792333588, "max_depth": 3.0, "num_boost_round": 20.0}, "datetime": {"datetime": "2024-01-19 01:11:07", "elapsed": 3570.959528, "delta": 0.004572}}
{"target": -13.758201704878307, "params": {"gamma": 423.69700247844156, "log10_alpha": 0.6022338835358934, "log10_colsample_bytree": -0.6357243596824691, "log10_eta": -1.8225494133776996, "log10_lambda": -3.5470109498338687, "log10_min_child_weight": 4.126861092986477, "log10_subsample": -0.9352335792333588, "max_depth": 3.0, "num_boost_round": 21.0}, "datetime": {"datetime": "2024-01-19 01:11:07", "elapsed": 3570.964181, "delta": 0.004653}}
{"target": -13.758260582065782, "params": {"gamma": 423.69700247844156, "log10_alpha": 0.6022338835358934, "log10_colsample_bytree": -0.6357243596824691, "log10_eta": -1.8225494133776996, "log10_lambda": -3.5470109498338687, "log10_min_child_weight": 4.126861092986477, "log10_subsample": -0.9352335792333588, "max_depth": 3.0, "num_boost_round": 22.0}, "datetime": {"datetime": "2024-01-19 01:11:07", "elapsed": 3570.968751, "delta": 0.00457}}
{"target": -13.758245877704837, "params": {"gamma": 423.69700247844156, "log10_alpha": 0.6022338835358934, "log10_colsample_bytree": -0.6357243596824691, "log10_eta": -1.8225494133776996, "log10_lambda": -3.5470109498338687, "log10_min_child_weight": 4.126861092986477, "log10_subsample": -0.9352335792333588, "max_depth": 3.0, "num_boost_round": 23.0}, "datetime": {"datetime": "2024-01-19 01:11:07", "elapsed": 3570.973513, "delta": 0.004762}}
{"target": -13.758277640539852, "params": {"gamma": 423.69700247844156, "log10_alpha": 0.6022338835358934, "log10_colsample_bytree": -0.6357243596824691, "log10_eta": -1.8225494133776996, "log10_lambda": -3.5470109498338687, "log10_min_child_weight": 4.126861092986477, "log10_subsample": -0.9352335792333588, "max_depth": 3.0, "num_boost_round": 24.0}, "datetime": {"datetime": "2024-01-19 01:11:07", "elapsed": 3570.97814, "delta": 0.004627}}
{"target": -13.758245483262469, "params": {"gamma": 423.69700247844156, "log10_alpha": 0.6022338835358934, "log10_colsample_bytree": -0.6357243596824691, "log10_eta": -1.8225494133776996, "log10_lambda": -3.5470109498338687, "log10_min_child_weight": 4.126861092986477, "log10_subsample": -0.9352335792333588, "max_depth": 3.0, "num_boost_round": 25.0}, "datetime": {"datetime": "2024-01-19 01:11:07", "elapsed": 3570.982793, "delta": 0.004653}}
{"target": -13.758267322843002, "params": {"gamma": 423.69700247844156, "log10_alpha": 0.6022338835358934, "log10_colsample_bytree": -0.6357243596824691, "log10_eta": -1.8225494133776996, "log10_lambda": -3.5470109498338687, "log10_min_child_weight": 4.126861092986477, "log10_subsample": -0.9352335792333588, "max_depth": 3.0, "num_boost_round": 26.0}, "datetime": {"datetime": "2024-01-19 01:11:07", "elapsed": 3570.987414, "delta": 0.004621}}
{"target": -13.758152401903663, "params": {"gamma": 423.69700247844156, "log10_alpha": 0.6022338835358934, "log10_colsample_bytree": -0.6357243596824691, "log10_eta": -1.8225494133776996, "log10_lambda": -3.5470109498338687, "log10_min_child_weight": 4.126861092986477, "log10_subsample": -0.9352335792333588, "max_depth": 3.0, "num_boost_round": 27.0}, "datetime": {"datetime": "2024-01-19 01:11:07", "elapsed": 3570.992237, "delta": 0.004823}}
{"target": -13.758044497442942, "params": {"gamma": 423.69700247844156, "log10_alpha": 0.6022338835358934, "log10_colsample_bytree": -0.6357243596824691, "log10_eta": -1.8225494133776996, "log10_lambda": -3.5470109498338687, "log10_min_child_weight": 4.126861092986477, "log10_subsample": -0.9352335792333588, "max_depth": 3.0, "num_boost_round": 28.0}, "datetime": {"datetime": "2024-01-19 01:11:07", "elapsed": 3570.996948, "delta": 0.004711}}
{"target": -13.757986349708414, "params": {"gamma": 423.69700247844156, "log10_alpha": 0.6022338835358934, "log10_colsample_bytree": -0.6357243596824691, "log10_eta": -1.8225494133776996, "log10_lambda": -3.5470109498338687, "log10_min_child_weight": 4.126861092986477, "log10_subsample": -0.9352335792333588, "max_depth": 3.0, "num_boost_round": 29.0}, "datetime": {"datetime": "2024-01-19 01:11:07", "elapsed": 3571.09543, "delta": 0.098482}}
{"target": -13.758005069569, "params": {"gamma": 423.69700247844156, "log10_alpha": 0.6022338835358934, "log10_colsample_bytree": -0.6357243596824691, "log10_eta": -1.8225494133776996, "log10_lambda": -3.5470109498338687, "log10_min_child_weight": 4.126861092986477, "log10_subsample": -0.9352335792333588, "max_depth": 3.0, "num_boost_round": 30.0}, "datetime": {"datetime": "2024-01-19 01:11:08", "elapsed": 3571.100628, "delta": 0.005198}}
{"target": -13.758113581306805, "params": {"gamma": 423.69700247844156, "log10_alpha": 0.6022338835358934, "log10_colsample_bytree": -0.6357243596824691, "log10_eta": -1.8225494133776996, "log10_lambda": -3.5470109498338687, "log10_min_child_weight": 4.126861092986477, "log10_subsample": -0.9352335792333588, "max_depth": 3.0, "num_boost_round": 31.0}, "datetime": {"datetime": "2024-01-19 01:11:08", "elapsed": 3571.105561, "delta": 0.004933}}
{"target": -13.758149930094502, "params": {"gamma": 423.69700247844156, "log10_alpha": 0.6022338835358934, "log10_colsample_bytree": -0.6357243596824691, "log10_eta": -1.8225494133776996, "log10_lambda": -3.5470109498338687, "log10_min_child_weight": 4.126861092986477, "log10_subsample": -0.9352335792333588, "max_depth": 3.0, "num_boost_round": 32.0}, "datetime": {"datetime": "2024-01-19 01:11:08", "elapsed": 3571.110327, "delta": 0.004766}}
{"target": -13.758169673206197, "params": {"gamma": 423.69700247844156, "log10_alpha": 0.6022338835358934, "log10_colsample_bytree": -0.6357243596824691, "log10_eta": -1.8225494133776996, "log10_lambda": -3.5470109498338687, "log10_min_child_weight": 4.126861092986477, "log10_subsample": -0.9352335792333588, "max_depth": 3.0, "num_boost_round": 33.0}, "datetime": {"datetime": "2024-01-19 01:11:08", "elapsed": 3571.115092, "delta": 0.004765}}
{"target": -13.758160714302166, "params": {"gamma": 423.69700247844156, "log10_alpha": 0.6022338835358934, "log10_colsample_bytree": -0.6357243596824691, "log10_eta": -1.8225494133776996, "log10_lambda": -3.5470109498338687, "log10_min_child_weight": 4.126861092986477, "log10_subsample": -0.9352335792333588, "max_depth": 3.0, "num_boost_round": 34.0}, "datetime": {"datetime": "2024-01-19 01:11:08", "elapsed": 3571.11983, "delta": 0.004738}}
{"target": -13.758200091124671, "params": {"gamma": 423.69700247844156, "log10_alpha": 0.6022338835358934, "log10_colsample_bytree": -0.6357243596824691, "log10_eta": -1.8225494133776996, "log10_lambda": -3.5470109498338687, "log10_min_child_weight": 4.126861092986477, "log10_subsample": -0.9352335792333588, "max_depth": 3.0, "num_boost_round": 35.0}, "datetime": {"datetime": "2024-01-19 01:11:08", "elapsed": 3571.124499, "delta": 0.004669}}
{"target": -13.758539091495086, "params": {"gamma": 436.1485123741031, "log10_alpha": -1.1595593109316358, "log10_colsample_bytree": -0.7223366605950057, "log10_eta": -2.626103774963922, "log10_lambda": -3.5473225629798812, "log10_min_child_weight": 4.944036471006485, "log10_subsample": -0.2895252276847533, "max_depth": 8.0, "num_boost_round": 0.0}, "datetime": {"datetime": "2024-01-19 01:12:13", "elapsed": 3636.82572, "delta": 65.701221}}
{"target": -13.75852513298199, "params": {"gamma": 436.1485123741031, "log10_alpha": -1.1595593109316358, "log10_colsample_bytree": -0.7223366605950057, "log10_eta": -2.626103774963922, "log10_lambda": -3.5473225629798812, "log10_min_child_weight": 4.944036471006485, "log10_subsample": -0.2895252276847533, "max_depth": 8.0, "num_boost_round": 1.0}, "datetime": {"datetime": "2024-01-19 01:12:13", "elapsed": 3636.831144, "delta": 0.005424}}
{"target": -13.75852125943091, "params": {"gamma": 436.1485123741031, "log10_alpha": -1.1595593109316358, "log10_colsample_bytree": -0.7223366605950057, "log10_eta": -2.626103774963922, "log10_lambda": -3.5473225629798812, "log10_min_child_weight": 4.944036471006485, "log10_subsample": -0.2895252276847533, "max_depth": 8.0, "num_boost_round": 2.0}, "datetime": {"datetime": "2024-01-19 01:12:13", "elapsed": 3636.835817, "delta": 0.004673}}
{"target": -13.75851939784902, "params": {"gamma": 436.1485123741031, "log10_alpha": -1.1595593109316358, "log10_colsample_bytree": -0.7223366605950057, "log10_eta": -2.626103774963922, "log10_lambda": -3.5473225629798812, "log10_min_child_weight": 4.944036471006485, "log10_subsample": -0.2895252276847533, "max_depth": 8.0, "num_boost_round": 3.0}, "datetime": {"datetime": "2024-01-19 01:12:13", "elapsed": 3636.840405, "delta": 0.004588}}
{"target": -13.758526310794903, "params": {"gamma": 436.1485123741031, "log10_alpha": -1.1595593109316358, "log10_colsample_bytree": -0.7223366605950057, "log10_eta": -2.626103774963922, "log10_lambda": -3.5473225629798812, "log10_min_child_weight": 4.944036471006485, "log10_subsample": -0.2895252276847533, "max_depth": 8.0, "num_boost_round": 4.0}, "datetime": {"datetime": "2024-01-19 01:12:13", "elapsed": 3636.845042, "delta": 0.004637}}
{"target": -13.758520808792708, "params": {"gamma": 436.1485123741031, "log10_alpha": -1.1595593109316358, "log10_colsample_bytree": -0.7223366605950057, "log10_eta": -2.626103774963922, "log10_lambda": -3.5473225629798812, "log10_min_child_weight": 4.944036471006485, "log10_subsample": -0.2895252276847533, "max_depth": 8.0, "num_boost_round": 5.0}, "datetime": {"datetime": "2024-01-19 01:12:13", "elapsed": 3636.84963, "delta": 0.004588}}
{"target": -13.758531195203677, "params": {"gamma": 436.1485123741031, "log10_alpha": -1.1595593109316358, "log10_colsample_bytree": -0.7223366605950057, "log10_eta": -2.626103774963922, "log10_lambda": -3.5473225629798812, "log10_min_child_weight": 4.944036471006485, "log10_subsample": -0.2895252276847533, "max_depth": 8.0, "num_boost_round": 6.0}, "datetime": {"datetime": "2024-01-19 01:12:13", "elapsed": 3636.854343, "delta": 0.004713}}
{"target": -13.75852698821495, "params": {"gamma": 436.1485123741031, "log10_alpha": -1.1595593109316358, "log10_colsample_bytree": -0.7223366605950057, "log10_eta": -2.626103774963922, "log10_lambda": -3.5473225629798812, "log10_min_child_weight": 4.944036471006485, "log10_subsample": -0.2895252276847533, "max_depth": 8.0, "num_boost_round": 7.0}, "datetime": {"datetime": "2024-01-19 01:12:13", "elapsed": 3636.858991, "delta": 0.004648}}
{"target": -13.758528580910722, "params": {"gamma": 436.1485123741031, "log10_alpha": -1.1595593109316358, "log10_colsample_bytree": -0.7223366605950057, "log10_eta": -2.626103774963922, "log10_lambda": -3.5473225629798812, "log10_min_child_weight": 4.944036471006485, "log10_subsample": -0.2895252276847533, "max_depth": 8.0, "num_boost_round": 8.0}, "datetime": {"datetime": "2024-01-19 01:12:13", "elapsed": 3636.863629, "delta": 0.004638}}
{"target": -13.758532668545316, "params": {"gamma": 436.1485123741031, "log10_alpha": -1.1595593109316358, "log10_colsample_bytree": -0.7223366605950057, "log10_eta": -2.626103774963922, "log10_lambda": -3.5473225629798812, "log10_min_child_weight": 4.944036471006485, "log10_subsample": -0.2895252276847533, "max_depth": 8.0, "num_boost_round": 9.0}, "datetime": {"datetime": "2024-01-19 01:12:13", "elapsed": 3636.868221, "delta": 0.004592}}
{"target": -13.75851551826185, "params": {"gamma": 436.1485123741031, "log10_alpha": -1.1595593109316358, "log10_colsample_bytree": -0.7223366605950057, "log10_eta": -2.626103774963922, "log10_lambda": -3.5473225629798812, "log10_min_child_weight": 4.944036471006485, "log10_subsample": -0.2895252276847533, "max_depth": 8.0, "num_boost_round": 10.0}, "datetime": {"datetime": "2024-01-19 01:12:13", "elapsed": 3636.872896, "delta": 0.004675}}
{"target": -13.75850468949127, "params": {"gamma": 436.1485123741031, "log10_alpha": -1.1595593109316358, "log10_colsample_bytree": -0.7223366605950057, "log10_eta": -2.626103774963922, "log10_lambda": -3.5473225629798812, "log10_min_child_weight": 4.944036471006485, "log10_subsample": -0.2895252276847533, "max_depth": 8.0, "num_boost_round": 11.0}, "datetime": {"datetime": "2024-01-19 01:12:13", "elapsed": 3636.877455, "delta": 0.004559}}
{"target": -13.758508773948495, "params": {"gamma": 436.1485123741031, "log10_alpha": -1.1595593109316358, "log10_colsample_bytree": -0.7223366605950057, "log10_eta": -2.626103774963922, "log10_lambda": -3.5473225629798812, "log10_min_child_weight": 4.944036471006485, "log10_subsample": -0.2895252276847533, "max_depth": 8.0, "num_boost_round": 12.0}, "datetime": {"datetime": "2024-01-19 01:12:13", "elapsed": 3636.882099, "delta": 0.004644}}
{"target": -13.758514164455262, "params": {"gamma": 436.1485123741031, "log10_alpha": -1.1595593109316358, "log10_colsample_bytree": -0.7223366605950057, "log10_eta": -2.626103774963922, "log10_lambda": -3.5473225629798812, "log10_min_child_weight": 4.944036471006485, "log10_subsample": -0.2895252276847533, "max_depth": 8.0, "num_boost_round": 13.0}, "datetime": {"datetime": "2024-01-19 01:12:13", "elapsed": 3636.886674, "delta": 0.004575}}
{"target": -13.758511496544353, "params": {"gamma": 436.1485123741031, "log10_alpha": -1.1595593109316358, "log10_colsample_bytree": -0.7223366605950057, "log10_eta": -2.626103774963922, "log10_lambda": -3.5473225629798812, "log10_min_child_weight": 4.944036471006485, "log10_subsample": -0.2895252276847533, "max_depth": 8.0, "num_boost_round": 14.0}, "datetime": {"datetime": "2024-01-19 01:12:13", "elapsed": 3636.8914, "delta": 0.004726}}
{"target": -13.758490593729784, "params": {"gamma": 436.1485123741031, "log10_alpha": -1.1595593109316358, "log10_colsample_bytree": -0.7223366605950057, "log10_eta": -2.626103774963922, "log10_lambda": -3.5473225629798812, "log10_min_child_weight": 4.944036471006485, "log10_subsample": -0.2895252276847533, "max_depth": 8.0, "num_boost_round": 15.0}, "datetime": {"datetime": "2024-01-19 01:12:13", "elapsed": 3636.896121, "delta": 0.004721}}
{"target": -13.758478781238114, "params": {"gamma": 436.1485123741031, "log10_alpha": -1.1595593109316358, "log10_colsample_bytree": -0.7223366605950057, "log10_eta": -2.626103774963922, "log10_lambda": -3.5473225629798812, "log10_min_child_weight": 4.944036471006485, "log10_subsample": -0.2895252276847533, "max_depth": 8.0, "num_boost_round": 16.0}, "datetime": {"datetime": "2024-01-19 01:12:13", "elapsed": 3636.900941, "delta": 0.00482}}
{"target": -13.75847858740399, "params": {"gamma": 436.1485123741031, "log10_alpha": -1.1595593109316358, "log10_colsample_bytree": -0.7223366605950057, "log10_eta": -2.626103774963922, "log10_lambda": -3.5473225629798812, "log10_min_child_weight": 4.944036471006485, "log10_subsample": -0.2895252276847533, "max_depth": 8.0, "num_boost_round": 17.0}, "datetime": {"datetime": "2024-01-19 01:12:13", "elapsed": 3636.905516, "delta": 0.004575}}
{"target": -13.758475269430882, "params": {"gamma": 436.1485123741031, "log10_alpha": -1.1595593109316358, "log10_colsample_bytree": -0.7223366605950057, "log10_eta": -2.626103774963922, "log10_lambda": -3.5473225629798812, "log10_min_child_weight": 4.944036471006485, "log10_subsample": -0.2895252276847533, "max_depth": 8.0, "num_boost_round": 18.0}, "datetime": {"datetime": "2024-01-19 01:12:13", "elapsed": 3636.910233, "delta": 0.004717}}
{"target": -13.758450638432643, "params": {"gamma": 436.1485123741031, "log10_alpha": -1.1595593109316358, "log10_colsample_bytree": -0.7223366605950057, "log10_eta": -2.626103774963922, "log10_lambda": -3.5473225629798812, "log10_min_child_weight": 4.944036471006485, "log10_subsample": -0.2895252276847533, "max_depth": 8.0, "num_boost_round": 19.0}, "datetime": {"datetime": "2024-01-19 01:12:13", "elapsed": 3636.91483, "delta": 0.004597}}
{"target": -13.758454946264319, "params": {"gamma": 436.1485123741031, "log10_alpha": -1.1595593109316358, "log10_colsample_bytree": -0.7223366605950057, "log10_eta": -2.626103774963922, "log10_lambda": -3.5473225629798812, "log10_min_child_weight": 4.944036471006485, "log10_subsample": -0.2895252276847533, "max_depth": 8.0, "num_boost_round": 20.0}, "datetime": {"datetime": "2024-01-19 01:12:13", "elapsed": 3636.919477, "delta": 0.004647}}
{"target": -13.75845953136736, "params": {"gamma": 436.1485123741031, "log10_alpha": -1.1595593109316358, "log10_colsample_bytree": -0.7223366605950057, "log10_eta": -2.626103774963922, "log10_lambda": -3.5473225629798812, "log10_min_child_weight": 4.944036471006485, "log10_subsample": -0.2895252276847533, "max_depth": 8.0, "num_boost_round": 21.0}, "datetime": {"datetime": "2024-01-19 01:12:13", "elapsed": 3636.924078, "delta": 0.004601}}
{"target": -13.758440519131467, "params": {"gamma": 436.1485123741031, "log10_alpha": -1.1595593109316358, "log10_colsample_bytree": -0.7223366605950057, "log10_eta": -2.626103774963922, "log10_lambda": -3.5473225629798812, "log10_min_child_weight": 4.944036471006485, "log10_subsample": -0.2895252276847533, "max_depth": 8.0, "num_boost_round": 22.0}, "datetime": {"datetime": "2024-01-19 01:12:13", "elapsed": 3636.928687, "delta": 0.004609}}
{"target": -13.758421920687923, "params": {"gamma": 436.1485123741031, "log10_alpha": -1.1595593109316358, "log10_colsample_bytree": -0.7223366605950057, "log10_eta": -2.626103774963922, "log10_lambda": -3.5473225629798812, "log10_min_child_weight": 4.944036471006485, "log10_subsample": -0.2895252276847533, "max_depth": 8.0, "num_boost_round": 23.0}, "datetime": {"datetime": "2024-01-19 01:12:13", "elapsed": 3636.9334, "delta": 0.004713}}
