{"target": -13.75853310303467, "params": {"gamma": 55.312717388867895, "log10_alpha": -3.9207336400372252, "log10_colsample_bytree": -0.2540161298040293, "log10_eta": -3.7878114182828577, "log10_lambda": -0.005288285476739318, "log10_min_child_weight": 0.5175519693405894, "log10_subsample": -0.7146065786360561, "max_depth": 2.0, "num_boost_round": 4.0}, "datetime": {"datetime": "2024-01-19 01:02:46", "elapsed": 3074.750991, "delta": 0.003132}}
{"target": -13.758531915997633, "params": {"gamma": 55.312717388867895, "log10_alpha": -3.9207336400372252, "log10_colsample_bytree": -0.2540161298040293, "log10_eta": -3.7878114182828577, "log10_lambda": -0.005288285476739318, "log10_min_child_weight": 0.5175519693405894, "log10_subsample": -0.7146065786360561, "max_depth": 2.0, "num_boost_round": 5.0}, "datetime": {"datetime": "2024-01-19 01:02:46", "elapsed": 3074.753993, "delta": 0.003002}}
{"target": -13.758531597163289, "params": {"gamma": 55.312717388867895, "log10_alpha": -3.9207336400372252, "log10_colsample_bytree": -0.2540161298040293, "log10_eta": -3.7878114182828577, "log10_lambda": -0.005288285476739318, "log10_min_child_weight": 0.5175519693405894, "log10_subsample": -0.7146065786360561, "max_depth": 2.0, "num_boost_round": 6.0}, "datetime": {"datetime": "2024-01-19 01:02:46", "elapsed": 3074.757052, "delta": 0.003059}}
{"target": -13.758531584647264, "params": {"gamma": 55.312717388867895, "log10_alpha": -3.9207336400372252, "log10_colsample_bytree": -0.2540161298040293, "log10_eta": -3.7878114182828577, "log10_lambda": -0.005288285476739318, "log10_min_child_weight": 0.5175519693405894, "log10_subsample": -0.7146065786360561, "max_depth": 2.0, "num_boost_round": 7.0}, "datetime": {"datetime": "2024-01-19 01:02:46", "elapsed": 3074.76003, "delta": 0.002978}}
{"target": -13.758530184489072, "params": {"gamma": 55.312717388867895, "log10_alpha": -3.9207336400372252, "log10_colsample_bytree": -0.2540161298040293, "log10_eta": -3.7878114182828577, "log10_lambda": -0.005288285476739318, "log10_min_child_weight": 0.5175519693405894, "log10_subsample": -0.7146065786360561, "max_depth": 2.0, "num_boost_round": 8.0}, "datetime": {"datetime": "2024-01-19 01:02:46", "elapsed": 3074.763012, "delta": 0.002982}}
{"target": -13.758529432973704, "params": {"gamma": 55.312717388867895, "log10_alpha": -3.9207336400372252, "log10_colsample_bytree": -0.2540161298040293, "log10_eta": -3.7878114182828577, "log10_lambda": -0.005288285476739318, "log10_min_child_weight": 0.5175519693405894, "log10_subsample": -0.7146065786360561, "max_depth": 2.0, "num_boost_round": 9.0}, "datetime": {"datetime": "2024-01-19 01:02:46", "elapsed": 3074.766048, "delta": 0.003036}}
{"target": -13.758527750281527, "params": {"gamma": 55.312717388867895, "log10_alpha": -3.9207336400372252, "log10_colsample_bytree": -0.2540161298040293, "log10_eta": -3.7878114182828577, "log10_lambda": -0.005288285476739318, "log10_min_child_weight": 0.5175519693405894, "log10_subsample": -0.7146065786360561, "max_depth": 2.0, "num_boost_round": 10.0}, "datetime": {"datetime": "2024-01-19 01:02:46", "elapsed": 3074.769132, "delta": 0.003084}}
{"target": -13.75853854347163, "params": {"gamma": 1.3233112532425872, "log10_alpha": -0.9264071301209125, "log10_colsample_bytree": -0.8224225394600536, "log10_eta": -3.787501971013208, "log10_lambda": -0.4546725267810059, "log10_min_child_weight": 4.743996511329098, "log10_subsample": -0.5676763002705772, "max_depth": 8.0, "num_boost_round": 0.0}, "datetime": {"datetime": "2024-01-19 01:03:24", "elapsed": 3112.62464, "delta": 37.855508}}
{"target": -13.758537266123954, "params": {"gamma": 1.3233112532425872, "log10_alpha": -0.9264071301209125, "log10_colsample_bytree": -0.8224225394600536, "log10_eta": -3.787501971013208, "log10_lambda": -0.4546725267810059, "log10_min_child_weight": 4.743996511329098, "log10_subsample": -0.5676763002705772, "max_depth": 8.0, "num_boost_round": 1.0}, "datetime": {"datetime": "2024-01-19 01:03:24", "elapsed": 3112.628565, "delta": 0.003925}}
{"target": -13.758537399231809, "params": {"gamma": 1.3233112532425872, "log10_alpha": -0.9264071301209125, "log10_colsample_bytree": -0.8224225394600536, "log10_eta": -3.787501971013208, "log10_lambda": -0.4546725267810059, "log10_min_child_weight": 4.743996511329098, "log10_subsample": -0.5676763002705772, "max_depth": 8.0, "num_boost_round": 2.0}, "datetime": {"datetime": "2024-01-19 01:03:24", "elapsed": 3112.631629, "delta": 0.003064}}
{"target": -13.758536933728804, "params": {"gamma": 1.3233112532425872, "log10_alpha": -0.9264071301209125, "log10_colsample_bytree": -0.8224225394600536, "log10_eta": -3.787501971013208, "log10_lambda": -0.4546725267810059, "log10_min_child_weight": 4.743996511329098, "log10_subsample": -0.5676763002705772, "max_depth": 8.0, "num_boost_round": 3.0}, "datetime": {"datetime": "2024-01-19 01:03:24", "elapsed": 3112.634674, "delta": 0.003045}}
{"target": -13.7585377235951, "params": {"gamma": 1.3233112532425872, "log10_alpha": -0.9264071301209125, "log10_colsample_bytree": -0.8224225394600536, "log10_eta": -3.787501971013208, "log10_lambda": -0.4546725267810059, "log10_min_child_weight": 4.743996511329098, "log10_subsample": -0.5676763002705772, "max_depth": 8.0, "num_boost_round": 4.0}, "datetime": {"datetime": "2024-01-19 01:03:24", "elapsed": 3112.637683, "delta": 0.003009}}
{"target": -13.758537066608636, "params": {"gamma": 1.3233112532425872, "log10_alpha": -0.9264071301209125, "log10_colsample_bytree": -0.8224225394600536, "log10_eta": -3.787501971013208, "log10_lambda": -0.4546725267810059, "log10_min_child_weight": 4.743996511329098, "log10_subsample": -0.5676763002705772, "max_depth": 8.0, "num_boost_round": 5.0}, "datetime": {"datetime": "2024-01-19 01:03:24", "elapsed": 3112.640678, "delta": 0.002995}}
{"target": -13.758537248526864, "params": {"gamma": 1.3233112532425872, "log10_alpha": -0.9264071301209125, "log10_colsample_bytree": -0.8224225394600536, "log10_eta": -3.787501971013208, "log10_lambda": -0.4546725267810059, "log10_min_child_weight": 4.743996511329098, "log10_subsample": -0.5676763002705772, "max_depth": 8.0, "num_boost_round": 6.0}, "datetime": {"datetime": "2024-01-19 01:03:24", "elapsed": 3112.643707, "delta": 0.003029}}
{"target": -13.758536832116413, "params": {"gamma": 1.3233112532425872, "log10_alpha": -0.9264071301209125, "log10_colsample_bytree": -0.8224225394600536, "log10_eta": -3.787501971013208, "log10_lambda": -0.4546725267810059, "log10_min_child_weight": 4.743996511329098, "log10_subsample": -0.5676763002705772, "max_depth": 8.0, "num_boost_round": 7.0}, "datetime": {"datetime": "2024-01-19 01:03:24", "elapsed": 3112.646704, "delta": 0.002997}}
{"target": -13.758536669898483, "params": {"gamma": 1.3233112532425872, "log10_alpha": -0.9264071301209125, "log10_colsample_bytree": -0.8224225394600536, "log10_eta": -3.787501971013208, "log10_lambda": -0.4546725267810059, "log10_min_child_weight": 4.743996511329098, "log10_subsample": -0.5676763002705772, "max_depth": 8.0, "num_boost_round": 8.0}, "datetime": {"datetime": "2024-01-19 01:03:24", "elapsed": 3112.649838, "delta": 0.003134}}
{"target": -13.75853727509513, "params": {"gamma": 1.3233112532425872, "log10_alpha": -0.9264071301209125, "log10_colsample_bytree": -0.8224225394600536, "log10_eta": -3.787501971013208, "log10_lambda": -0.4546725267810059, "log10_min_child_weight": 4.743996511329098, "log10_subsample": -0.5676763002705772, "max_depth": 8.0, "num_boost_round": 9.0}, "datetime": {"datetime": "2024-01-19 01:03:24", "elapsed": 3112.652785, "delta": 0.002947}}
{"target": -13.75853602499776, "params": {"gamma": 1.3233112532425872, "log10_alpha": -0.9264071301209125, "log10_colsample_bytree": -0.8224225394600536, "log10_eta": -3.787501971013208, "log10_lambda": -0.4546725267810059, "log10_min_child_weight": 4.743996511329098, "log10_subsample": -0.5676763002705772, "max_depth": 8.0, "num_boost_round": 10.0}, "datetime": {"datetime": "2024-01-19 01:03:24", "elapsed": 3112.655843, "delta": 0.003058}}
{"target": -13.758535531247126, "params": {"gamma": 1.3233112532425872, "log10_alpha": -0.9264071301209125, "log10_colsample_bytree": -0.8224225394600536, "log10_eta": -3.787501971013208, "log10_lambda": -0.4546725267810059, "log10_min_child_weight": 4.743996511329098, "log10_subsample": -0.5676763002705772, "max_depth": 8.0, "num_boost_round": 11.0}, "datetime": {"datetime": "2024-01-19 01:03:24", "elapsed": 3112.658877, "delta": 0.003034}}
{"target": -13.758536006682334, "params": {"gamma": 1.3233112532425872, "log10_alpha": -0.9264071301209125, "log10_colsample_bytree": -0.8224225394600536, "log10_eta": -3.787501971013208, "log10_lambda": -0.4546725267810059, "log10_min_child_weight": 4.743996511329098, "log10_subsample": -0.5676763002705772, "max_depth": 8.0, "num_boost_round": 12.0}, "datetime": {"datetime": "2024-01-19 01:03:24", "elapsed": 3112.661917, "delta": 0.00304}}
{"target": -13.758535719205701, "params": {"gamma": 1.3233112532425872, "log10_alpha": -0.9264071301209125, "log10_colsample_bytree": -0.8224225394600536, "log10_eta": -3.787501971013208, "log10_lambda": -0.4546725267810059, "log10_min_child_weight": 4.743996511329098, "log10_subsample": -0.5676763002705772, "max_depth": 8.0, "num_boost_round": 13.0}, "datetime": {"datetime": "2024-01-19 01:03:24", "elapsed": 3112.664937, "delta": 0.00302}}
{"target": -13.758535511658906, "params": {"gamma": 1.3233112532425872, "log10_alpha": -0.9264071301209125, "log10_colsample_bytree": -0.8224225394600536, "log10_eta": -3.787501971013208, "log10_lambda": -0.4546725267810059, "log10_min_child_weight": 4.743996511329098, "log10_subsample": -0.5676763002705772, "max_depth": 8.0, "num_boost_round": 14.0}, "datetime": {"datetime": "2024-01-19 01:03:24", "elapsed": 3112.668015, "delta": 0.003078}}
{"target": -13.758534766429687, "params": {"gamma": 1.3233112532425872, "log10_alpha": -0.9264071301209125, "log10_colsample_bytree": -0.8224225394600536, "log10_eta": -3.787501971013208, "log10_lambda": -0.4546725267810059, "log10_min_child_weight": 4.743996511329098, "log10_subsample": -0.5676763002705772, "max_depth": 8.0, "num_boost_round": 15.0}, "datetime": {"datetime": "2024-01-19 01:03:24", "elapsed": 3112.671093, "delta": 0.003078}}
{"target": -13.758533841424468, "params": {"gamma": 1.3233112532425872, "log10_alpha": -0.9264071301209125, "log10_colsample_bytree": -0.8224225394600536, "log10_eta": -3.787501971013208, "log10_lambda": -0.4546725267810059, "log10_min_child_weight": 4.743996511329098, "log10_subsample": -0.5676763002705772, "max_depth": 8.0, "num_boost_round": 16.0}, "datetime": {"datetime": "2024-01-19 01:03:24", "elapsed": 3112.674081, "delta": 0.002988}}
{"target": -13.7583439128638, "params": {"gamma": 54.20261245048052, "log10_alpha": -0.540215878407011, "log10_colsample_bytree": -0.8283528733011599, "log10_eta": -0.8011066238308251, "log10_lambda": -1.131331534592495, "log10_min_child_weight": 4.97539846179019, "log10_subsample": -0.8756635731783007, "max_depth": 2.0, "num_boost_round": 0.0}, "datetime": {"datetime": "2024-01-19 01:04:01", "elapsed": 3149.237334, "delta": 36.563253}}
{"target": -13.757911161213473, "params": {"gamma": 54.20261245048052, "log10_alpha": -0.540215878407011, "log10_colsample_bytree": -0.8283528733011599, "log10_eta": -0.8011066238308251, "log10_lambda": -1.131331534592495, "log10_min_child_weight": 4.97539846179019, "log10_subsample": -0.8756635731783007, "max_depth": 2.0, "num_boost_round": 1.0}, "datetime": {"datetime": "2024-01-19 01:04:01", "elapsed": 3149.240931, "delta": 0.003597}}
{"target": -13.758394491173473, "params": {"gamma": 54.20261245048052, "log10_alpha": -0.540215878407011, "log10_colsample_bytree": -0.8283528733011599, "log10_eta": -0.8011066238308251, "log10_lambda": -1.131331534592495, "log10_min_child_weight": 4.97539846179019, "log10_subsample": -0.8756635731783007, "max_depth": 2.0, "num_boost_round": 2.0}, "datetime": {"datetime": "2024-01-19 01:04:01", "elapsed": 3149.244015, "delta": 0.003084}}
{"target": -13.758027940227292, "params": {"gamma": 54.20261245048052, "log10_alpha": -0.540215878407011, "log10_colsample_bytree": -0.8283528733011599, "log10_eta": -0.8011066238308251, "log10_lambda": -1.131331534592495, "log10_min_child_weight": 4.97539846179019, "log10_subsample": -0.8756635731783007, "max_depth": 2.0, "num_boost_round": 3.0}, "datetime": {"datetime": "2024-01-19 01:04:01", "elapsed": 3149.247089, "delta": 0.003074}}
{"target": -13.757887316575346, "params": {"gamma": 54.20261245048052, "log10_alpha": -0.540215878407011, "log10_colsample_bytree": -0.8283528733011599, "log10_eta": -0.8011066238308251, "log10_lambda": -1.131331534592495, "log10_min_child_weight": 4.97539846179019, "log10_subsample": -0.8756635731783007, "max_depth": 2.0, "num_boost_round": 4.0}, "datetime": {"datetime": "2024-01-19 01:04:01", "elapsed": 3149.25022, "delta": 0.003131}}
{"target": -13.758426653909227, "params": {"gamma": 54.20261245048052, "log10_alpha": -0.540215878407011, "log10_colsample_bytree": -0.8283528733011599, "log10_eta": -0.8011066238308251, "log10_lambda": -1.131331534592495, "log10_min_child_weight": 4.97539846179019, "log10_subsample": -0.8756635731783007, "max_depth": 2.0, "num_boost_round": 5.0}, "datetime": {"datetime": "2024-01-19 01:04:01", "elapsed": 3149.253232, "delta": 0.003012}}
{"target": -13.758381061793775, "params": {"gamma": 54.20261245048052, "log10_alpha": -0.540215878407011, "log10_colsample_bytree": -0.8283528733011599, "log10_eta": -0.8011066238308251, "log10_lambda": -1.131331534592495, "log10_min_child_weight": 4.97539846179019, "log10_subsample": -0.8756635731783007, "max_depth": 2.0, "num_boost_round": 6.0}, "datetime": {"datetime": "2024-01-19 01:04:01", "elapsed": 3149.256301, "delta": 0.003069}}
{"target": -13.758564886501906, "params": {"gamma": 54.20261245048052, "log10_alpha": -0.540215878407011, "log10_colsample_bytree": -0.8283528733011599, "log10_eta": -0.8011066238308251, "log10_lambda": -1.131331534592495, "log10_min_child_weight": 4.97539846179019, "log10_subsample": -0.8756635731783007, "max_depth": 2.0, "num_boost_round": 7.0}, "datetime": {"datetime": "2024-01-19 01:04:01", "elapsed": 3149.259311, "delta": 0.00301}}
{"target": -13.758598674288036, "params": {"gamma": 54.20261245048052, "log10_alpha": -0.540215878407011, "log10_colsample_bytree": -0.8283528733011599, "log10_eta": -0.8011066238308251, "log10_lambda": -1.131331534592495, "log10_min_child_weight": 4.97539846179019, "log10_subsample": -0.8756635731783007, "max_depth": 2.0, "num_boost_round": 8.0}, "datetime": {"datetime": "2024-01-19 01:04:01", "elapsed": 3149.262294, "delta": 0.002983}}
{"target": -13.759098826999791, "params": {"gamma": 54.20261245048052, "log10_alpha": -0.540215878407011, "log10_colsample_bytree": -0.8283528733011599, "log10_eta": -0.8011066238308251, "log10_lambda": -1.131331534592495, "log10_min_child_weight": 4.97539846179019, "log10_subsample": -0.8756635731783007, "max_depth": 2.0, "num_boost_round": 9.0}, "datetime": {"datetime": "2024-01-19 01:04:01", "elapsed": 3149.265284, "delta": 0.00299}}
{"target": -13.759238616553688, "params": {"gamma": 54.20261245048052, "log10_alpha": -0.540215878407011, "log10_colsample_bytree": -0.8283528733011599, "log10_eta": -0.8011066238308251, "log10_lambda": -1.131331534592495, "log10_min_child_weight": 4.97539846179019, "log10_subsample": -0.8756635731783007, "max_depth": 2.0, "num_boost_round": 10.0}, "datetime": {"datetime": "2024-01-19 01:04:01", "elapsed": 3149.26843, "delta": 0.003146}}
{"target": -13.758987438753303, "params": {"gamma": 54.20261245048052, "log10_alpha": -0.540215878407011, "log10_colsample_bytree": -0.8283528733011599, "log10_eta": -0.8011066238308251, "log10_lambda": -1.131331534592495, "log10_min_child_weight": 4.97539846179019, "log10_subsample": -0.8756635731783007, "max_depth": 2.0, "num_boost_round": 11.0}, "datetime": {"datetime": "2024-01-19 01:04:01", "elapsed": 3149.271486, "delta": 0.003056}}
{"target": -13.764596407352315, "params": {"gamma": 49.76305084334554, "log10_alpha": 0.6159855307092963, "log10_colsample_bytree": -0.7152154272086736, "log10_eta": -0.7466791248769504, "log10_lambda": -2.0487441306778287, "log10_min_child_weight": 0.15676395392452136, "log10_subsample": -0.381067395296915, "max_depth": 8.0, "num_boost_round": 0.0}, "datetime": {"datetime": "2024-01-19 01:04:47", "elapsed": 3195.673205, "delta": 46.401719}}
{"target": -13.766161353872612, "params": {"gamma": 49.76305084334554, "log10_alpha": 0.6159855307092963, "log10_colsample_bytree": -0.7152154272086736, "log10_eta": -0.7466791248769504, "log10_lambda": -2.0487441306778287, "log10_min_child_weight": 0.15676395392452136, "log10_subsample": -0.381067395296915, "max_depth": 8.0, "num_boost_round": 1.0}, "datetime": {"datetime": "2024-01-19 01:04:47", "elapsed": 3195.676956, "delta": 0.003751}}
{"target": -13.771844619955912, "params": {"gamma": 49.76305084334554, "log10_alpha": 0.6159855307092963, "log10_colsample_bytree": -0.7152154272086736, "log10_eta": -0.7466791248769504, "log10_lambda": -2.0487441306778287, "log10_min_child_weight": 0.15676395392452136, "log10_subsample": -0.381067395296915, "max_depth": 8.0, "num_boost_round": 2.0}, "datetime": {"datetime": "2024-01-19 01:04:47", "elapsed": 3195.680054, "delta": 0.003098}}
{"target": -13.783811058707116, "params": {"gamma": 49.76305084334554, "log10_alpha": 0.6159855307092963, "log10_colsample_bytree": -0.7152154272086736, "log10_eta": -0.7466791248769504, "log10_lambda": -2.0487441306778287, "log10_min_child_weight": 0.15676395392452136, "log10_subsample": -0.381067395296915, "max_depth": 8.0, "num_boost_round": 3.0}, "datetime": {"datetime": "2024-01-19 01:04:47", "elapsed": 3195.683128, "delta": 0.003074}}
{"target": -13.788729531723746, "params": {"gamma": 49.76305084334554, "log10_alpha": 0.6159855307092963, "log10_colsample_bytree": -0.7152154272086736, "log10_eta": -0.7466791248769504, "log10_lambda": -2.0487441306778287, "log10_min_child_weight": 0.15676395392452136, "log10_subsample": -0.381067395296915, "max_depth": 8.0, "num_boost_round": 4.0}, "datetime": {"datetime": "2024-01-19 01:04:47", "elapsed": 3195.686185, "delta": 0.003057}}
{"target": -13.805461325950716, "params": {"gamma": 49.76305084334554, "log10_alpha": 0.6159855307092963, "log10_colsample_bytree": -0.7152154272086736, "log10_eta": -0.7466791248769504, "log10_lambda": -2.0487441306778287, "log10_min_child_weight": 0.15676395392452136, "log10_subsample": -0.381067395296915, "max_depth": 8.0, "num_boost_round": 5.0}, "datetime": {"datetime": "2024-01-19 01:04:47", "elapsed": 3195.689419, "delta": 0.003234}}
{"target": -13.812668740509887, "params": {"gamma": 49.76305084334554, "log10_alpha": 0.6159855307092963, "log10_colsample_bytree": -0.7152154272086736, "log10_eta": -0.7466791248769504, "log10_lambda": -2.0487441306778287, "log10_min_child_weight": 0.15676395392452136, "log10_subsample": -0.381067395296915, "max_depth": 8.0, "num_boost_round": 6.0}, "datetime": {"datetime": "2024-01-19 01:04:47", "elapsed": 3195.692577, "delta": 0.003158}}
{"target": -13.833165744193304, "params": {"gamma": 49.76305084334554, "log10_alpha": 0.6159855307092963, "log10_colsample_bytree": -0.7152154272086736, "log10_eta": -0.7466791248769504, "log10_lambda": -2.0487441306778287, "log10_min_child_weight": 0.15676395392452136, "log10_subsample": -0.381067395296915, "max_depth": 8.0, "num_boost_round": 7.0}, "datetime": {"datetime": "2024-01-19 01:04:47", "elapsed": 3195.695824, "delta": 0.003247}}
{"target": -13.84051514282612, "params": {"gamma": 49.76305084334554, "log10_alpha": 0.6159855307092963, "log10_colsample_bytree": -0.7152154272086736, "log10_eta": -0.7466791248769504, "log10_lambda": -2.0487441306778287, "log10_min_child_weight": 0.15676395392452136, "log10_subsample": -0.381067395296915, "max_depth": 8.0, "num_boost_round": 8.0}, "datetime": {"datetime": "2024-01-19 01:04:47", "elapsed": 3195.698902, "delta": 0.003078}}
{"target": -13.84595246195441, "params": {"gamma": 49.76305084334554, "log10_alpha": 0.6159855307092963, "log10_colsample_bytree": -0.7152154272086736, "log10_eta": -0.7466791248769504, "log10_lambda": -2.0487441306778287, "log10_min_child_weight": 0.15676395392452136, "log10_subsample": -0.381067395296915, "max_depth": 8.0, "num_boost_round": 9.0}, "datetime": {"datetime": "2024-01-19 01:04:47", "elapsed": 3195.701965, "delta": 0.003063}}
{"target": -13.852589914950707, "params": {"gamma": 49.76305084334554, "log10_alpha": 0.6159855307092963, "log10_colsample_bytree": -0.7152154272086736, "log10_eta": -0.7466791248769504, "log10_lambda": -2.0487441306778287, "log10_min_child_weight": 0.15676395392452136, "log10_subsample": -0.381067395296915, "max_depth": 8.0, "num_boost_round": 10.0}, "datetime": {"datetime": "2024-01-19 01:04:47", "elapsed": 3195.705047, "delta": 0.003082}}
{"target": -13.856593896099024, "params": {"gamma": 49.76305084334554, "log10_alpha": 0.6159855307092963, "log10_colsample_bytree": -0.7152154272086736, "log10_eta": -0.7466791248769504, "log10_lambda": -2.0487441306778287, "log10_min_child_weight": 0.15676395392452136, "log10_subsample": -0.381067395296915, "max_depth": 8.0, "num_boost_round": 11.0}, "datetime": {"datetime": "2024-01-19 01:04:47", "elapsed": 3195.708181, "delta": 0.003134}}
{"target": -13.871077694353186, "params": {"gamma": 49.76305084334554, "log10_alpha": 0.6159855307092963, "log10_colsample_bytree": -0.7152154272086736, "log10_eta": -0.7466791248769504, "log10_lambda": -2.0487441306778287, "log10_min_child_weight": 0.15676395392452136, "log10_subsample": -0.381067395296915, "max_depth": 8.0, "num_boost_round": 12.0}, "datetime": {"datetime": "2024-01-19 01:04:47", "elapsed": 3195.711254, "delta": 0.003073}}
