{"target": -17.718105138031067, "params": {"gamma": 967.0298390136767, "log10_alpha": -1.7166065049456662, "log10_colsample_bytree": -0.027315640035115663, "log10_eta": -1.1407360253025414, "log10_lambda": -0.8136270524163756, "log10_min_child_weight": 1.080447477901882, "log10_subsample": -0.02372554522375825, "max_depth": 2.0, "num_boost_round": 49.0}, "datetime": {"datetime": "2024-01-19 00:11:54", "elapsed": 8.387042, "delta": 0.00019}}
{"target": -17.71826780666427, "params": {"gamma": 967.0298390136767, "log10_alpha": -1.7166065049456662, "log10_colsample_bytree": -0.027315640035115663, "log10_eta": -1.1407360253025414, "log10_lambda": -0.8136270524163756, "log10_min_child_weight": 1.080447477901882, "log10_subsample": -0.02372554522375825, "max_depth": 2.0, "num_boost_round": 50.0}, "datetime": {"datetime": "2024-01-19 00:11:54", "elapsed": 8.387232, "delta": 0.00019}}
{"target": -17.716838528920416, "params": {"gamma": 967.0298390136767, "log10_alpha": -1.7166065049456662, "log10_colsample_bytree": -0.027315640035115663, "log10_eta": -1.1407360253025414, "log10_lambda": -0.8136270524163756, "log10_min_child_weight": 1.080447477901882, "log10_subsample": -0.02372554522375825, "max_depth": 2.0, "num_boost_round": 51.0}, "datetime": {"datetime": "2024-01-19 00:11:54", "elapsed": 8.387431, "delta": 0.000199}}
{"target": -17.716757202461867, "params": {"gamma": 967.0298390136767, "log10_alpha": -1.7166065049456662, "log10_colsample_bytree": -0.027315640035115663, "log10_eta": -1.1407360253025414, "log10_lambda": -0.8136270524163756, "log10_min_child_weight": 1.080447477901882, "log10_subsample": -0.02372554522375825, "max_depth": 2.0, "num_boost_round": 52.0}, "datetime": {"datetime": "2024-01-19 00:11:54", "elapsed": 8.387632, "delta": 0.000201}}
{"target": -17.71723284373554, "params": {"gamma": 967.0298390136767, "log10_alpha": -1.7166065049456662, "log10_colsample_bytree": -0.027315640035115663, "log10_eta": -1.1407360253025414, "log10_lambda": -0.8136270524163756, "log10_min_child_weight": 1.080447477901882, "log10_subsample": -0.02372554522375825, "max_depth": 2.0, "num_boost_round": 53.0}, "datetime": {"datetime": "2024-01-19 00:11:54", "elapsed": 8.387826, "delta": 0.000194}}
{"target": -17.71732469016179, "params": {"gamma": 967.0298390136767, "log10_alpha": -1.7166065049456662, "log10_colsample_bytree": -0.027315640035115663, "log10_eta": -1.1407360253025414, "log10_lambda": -0.8136270524163756, "log10_min_child_weight": 1.080447477901882, "log10_subsample": -0.02372554522375825, "max_depth": 2.0, "num_boost_round": 54.0}, "datetime": {"datetime": "2024-01-19 00:11:54", "elapsed": 8.388021, "delta": 0.000195}}
{"target": -17.716696900250632, "params": {"gamma": 967.0298390136767, "log10_alpha": -1.7166065049456662, "log10_colsample_bytree": -0.027315640035115663, "log10_eta": -1.1407360253025414, "log10_lambda": -0.8136270524163756, "log10_min_child_weight": 1.080447477901882, "log10_subsample": -0.02372554522375825, "max_depth": 2.0, "num_boost_round": 55.0}, "datetime": {"datetime": "2024-01-19 00:11:54", "elapsed": 8.388217, "delta": 0.000196}}
{"target": -17.717124683205796, "params": {"gamma": 967.0298390136767, "log10_alpha": -1.7166065049456662, "log10_colsample_bytree": -0.027315640035115663, "log10_eta": -1.1407360253025414, "log10_lambda": -0.8136270524163756, "log10_min_child_weight": 1.080447477901882, "log10_subsample": -0.02372554522375825, "max_depth": 2.0, "num_boost_round": 56.0}, "datetime": {"datetime": "2024-01-19 00:11:54", "elapsed": 8.388428, "delta": 0.000211}}
{"target": -17.718474007572706, "params": {"gamma": 967.0298390136767, "log10_alpha": -1.7166065049456662, "log10_colsample_bytree": -0.027315640035115663, "log10_eta": -1.1407360253025414, "log10_lambda": -0.8136270524163756, "log10_min_child_weight": 1.080447477901882, "log10_subsample": -0.02372554522375825, "max_depth": 2.0, "num_boost_round": 57.0}, "datetime": {"datetime": "2024-01-19 00:11:54", "elapsed": 8.388628, "delta": 0.0002}}
{"target": -17.676818231198386, "params": {"gamma": 970.2293955298534, "log10_alpha": -3.144083698460298, "log10_colsample_bytree": -0.3860096748867443, "log10_eta": -1.5488847615060966, "log10_lambda": -1.9337331717764896, "log10_min_child_weight": 1.125828650784011, "log10_subsample": -0.39781795373146456, "max_depth": 2.0, "num_boost_round": 0.0}, "datetime": {"datetime": "2024-01-19 00:12:13", "elapsed": 27.64585, "delta": 19.257222}}
{"target": -17.676247886357345, "params": {"gamma": 970.2293955298534, "log10_alpha": -3.144083698460298, "log10_colsample_bytree": -0.3860096748867443, "log10_eta": -1.5488847615060966, "log10_lambda": -1.9337331717764896, "log10_min_child_weight": 1.125828650784011, "log10_subsample": -0.39781795373146456, "max_depth": 2.0, "num_boost_round": 1.0}, "datetime": {"datetime": "2024-01-19 00:12:13", "elapsed": 27.646185, "delta": 0.000335}}
{"target": -17.675630368486356, "params": {"gamma": 970.2293955298534, "log10_alpha": -3.144083698460298, "log10_colsample_bytree": -0.3860096748867443, "log10_eta": -1.5488847615060966, "log10_lambda": -1.9337331717764896, "log10_min_child_weight": 1.125828650784011, "log10_subsample": -0.39781795373146456, "max_depth": 2.0, "num_boost_round": 2.0}, "datetime": {"datetime": "2024-01-19 00:12:13", "elapsed": 27.646503, "delta": 0.000318}}
{"target": -17.67499190152914, "params": {"gamma": 970.2293955298534, "log10_alpha": -3.144083698460298, "log10_colsample_bytree": -0.3860096748867443, "log10_eta": -1.5488847615060966, "log10_lambda": -1.9337331717764896, "log10_min_child_weight": 1.125828650784011, "log10_subsample": -0.39781795373146456, "max_depth": 2.0, "num_boost_round": 3.0}, "datetime": {"datetime": "2024-01-19 00:12:13", "elapsed": 27.646735, "delta": 0.000232}}
{"target": -17.674638009627444, "params": {"gamma": 970.2293955298534, "log10_alpha": -3.144083698460298, "log10_colsample_bytree": -0.3860096748867443, "log10_eta": -1.5488847615060966, "log10_lambda": -1.9337331717764896, "log10_min_child_weight": 1.125828650784011, "log10_subsample": -0.39781795373146456, "max_depth": 2.0, "num_boost_round": 4.0}, "datetime": {"datetime": "2024-01-19 00:12:13", "elapsed": 27.646957, "delta": 0.000222}}
{"target": -17.67445416479156, "params": {"gamma": 970.2293955298534, "log10_alpha": -3.144083698460298, "log10_colsample_bytree": -0.3860096748867443, "log10_eta": -1.5488847615060966, "log10_lambda": -1.9337331717764896, "log10_min_child_weight": 1.125828650784011, "log10_subsample": -0.39781795373146456, "max_depth": 2.0, "num_boost_round": 5.0}, "datetime": {"datetime": "2024-01-19 00:12:13", "elapsed": 27.64724, "delta": 0.000283}}
{"target": -17.67424397458237, "params": {"gamma": 970.2293955298534, "log10_alpha": -3.144083698460298, "log10_colsample_bytree": -0.3860096748867443, "log10_eta": -1.5488847615060966, "log10_lambda": -1.9337331717764896, "log10_min_child_weight": 1.125828650784011, "log10_subsample": -0.39781795373146456, "max_depth": 2.0, "num_boost_round": 6.0}, "datetime": {"datetime": "2024-01-19 00:12:13", "elapsed": 27.647473, "delta": 0.000233}}
{"target": -17.67392326720087, "params": {"gamma": 970.2293955298534, "log10_alpha": -3.144083698460298, "log10_colsample_bytree": -0.3860096748867443, "log10_eta": -1.5488847615060966, "log10_lambda": -1.9337331717764896, "log10_min_child_weight": 1.125828650784011, "log10_subsample": -0.39781795373146456, "max_depth": 2.0, "num_boost_round": 7.0}, "datetime": {"datetime": "2024-01-19 00:12:13", "elapsed": 27.647699, "delta": 0.000226}}
{"target": -17.67400979653188, "params": {"gamma": 970.2293955298534, "log10_alpha": -3.144083698460298, "log10_colsample_bytree": -0.3860096748867443, "log10_eta": -1.5488847615060966, "log10_lambda": -1.9337331717764896, "log10_min_child_weight": 1.125828650784011, "log10_subsample": -0.39781795373146456, "max_depth": 2.0, "num_boost_round": 8.0}, "datetime": {"datetime": "2024-01-19 00:12:13", "elapsed": 27.648418, "delta": 0.000719}}
{"target": -17.673353603488028, "params": {"gamma": 970.2293955298534, "log10_alpha": -3.144083698460298, "log10_colsample_bytree": -0.3860096748867443, "log10_eta": -1.5488847615060966, "log10_lambda": -1.9337331717764896, "log10_min_child_weight": 1.125828650784011, "log10_subsample": -0.39781795373146456, "max_depth": 2.0, "num_boost_round": 9.0}, "datetime": {"datetime": "2024-01-19 00:12:13", "elapsed": 27.648848, "delta": 0.00043}}
{"target": -17.67330426135386, "params": {"gamma": 970.2293955298534, "log10_alpha": -3.144083698460298, "log10_colsample_bytree": -0.3860096748867443, "log10_eta": -1.5488847615060966, "log10_lambda": -1.9337331717764896, "log10_min_child_weight": 1.125828650784011, "log10_subsample": -0.39781795373146456, "max_depth": 2.0, "num_boost_round": 10.0}, "datetime": {"datetime": "2024-01-19 00:12:13", "elapsed": 27.649079, "delta": 0.000231}}
{"target": -17.673064671467625, "params": {"gamma": 970.2293955298534, "log10_alpha": -3.144083698460298, "log10_colsample_bytree": -0.3860096748867443, "log10_eta": -1.5488847615060966, "log10_lambda": -1.9337331717764896, "log10_min_child_weight": 1.125828650784011, "log10_subsample": -0.39781795373146456, "max_depth": 2.0, "num_boost_round": 11.0}, "datetime": {"datetime": "2024-01-19 00:12:13", "elapsed": 27.649306, "delta": 0.000227}}
{"target": -17.673001982212725, "params": {"gamma": 970.2293955298534, "log10_alpha": -3.144083698460298, "log10_colsample_bytree": -0.3860096748867443, "log10_eta": -1.5488847615060966, "log10_lambda": -1.9337331717764896, "log10_min_child_weight": 1.125828650784011, "log10_subsample": -0.39781795373146456, "max_depth": 2.0, "num_boost_round": 12.0}, "datetime": {"datetime": "2024-01-19 00:12:13", "elapsed": 27.649542, "delta": 0.000236}}
{"target": -17.67302191478444, "params": {"gamma": 970.2293955298534, "log10_alpha": -3.144083698460298, "log10_colsample_bytree": -0.3860096748867443, "log10_eta": -1.5488847615060966, "log10_lambda": -1.9337331717764896, "log10_min_child_weight": 1.125828650784011, "log10_subsample": -0.39781795373146456, "max_depth": 2.0, "num_boost_round": 13.0}, "datetime": {"datetime": "2024-01-19 00:12:13", "elapsed": 27.649771, "delta": 0.000229}}
{"target": -17.67262010999716, "params": {"gamma": 970.2293955298534, "log10_alpha": -3.144083698460298, "log10_colsample_bytree": -0.3860096748867443, "log10_eta": -1.5488847615060966, "log10_lambda": -1.9337331717764896, "log10_min_child_weight": 1.125828650784011, "log10_subsample": -0.39781795373146456, "max_depth": 2.0, "num_boost_round": 14.0}, "datetime": {"datetime": "2024-01-19 00:12:13", "elapsed": 27.650111, "delta": 0.00034}}
{"target": -17.677183213838624, "params": {"gamma": 966.3454278620237, "log10_alpha": -1.0272260908708963, "log10_colsample_bytree": -0.17162104233621744, "log10_eta": -2.7150040845523935, "log10_lambda": -2.450438103201856, "log10_min_child_weight": 1.1746463804019092, "log10_subsample": -0.8925230640141693, "max_depth": 3.0, "num_boost_round": 0.0}, "datetime": {"datetime": "2024-01-19 00:12:31", "elapsed": 45.634134, "delta": 17.984023}}
{"target": -17.6771063264153, "params": {"gamma": 966.3454278620237, "log10_alpha": -1.0272260908708963, "log10_colsample_bytree": -0.17162104233621744, "log10_eta": -2.7150040845523935, "log10_lambda": -2.450438103201856, "log10_min_child_weight": 1.1746463804019092, "log10_subsample": -0.8925230640141693, "max_depth": 3.0, "num_boost_round": 1.0}, "datetime": {"datetime": "2024-01-19 00:12:31", "elapsed": 45.63453, "delta": 0.000396}}
{"target": -17.676981501626955, "params": {"gamma": 966.3454278620237, "log10_alpha": -1.0272260908708963, "log10_colsample_bytree": -0.17162104233621744, "log10_eta": -2.7150040845523935, "log10_lambda": -2.450438103201856, "log10_min_child_weight": 1.1746463804019092, "log10_subsample": -0.8925230640141693, "max_depth": 3.0, "num_boost_round": 2.0}, "datetime": {"datetime": "2024-01-19 00:12:31", "elapsed": 45.634796, "delta": 0.000266}}
{"target": -17.676973250868947, "params": {"gamma": 966.3454278620237, "log10_alpha": -1.0272260908708963, "log10_colsample_bytree": -0.17162104233621744, "log10_eta": -2.7150040845523935, "log10_lambda": -2.450438103201856, "log10_min_child_weight": 1.1746463804019092, "log10_subsample": -0.8925230640141693, "max_depth": 3.0, "num_boost_round": 3.0}, "datetime": {"datetime": "2024-01-19 00:12:31", "elapsed": 45.635049, "delta": 0.000253}}
{"target": -17.67689640615538, "params": {"gamma": 966.3454278620237, "log10_alpha": -1.0272260908708963, "log10_colsample_bytree": -0.17162104233621744, "log10_eta": -2.7150040845523935, "log10_lambda": -2.450438103201856, "log10_min_child_weight": 1.1746463804019092, "log10_subsample": -0.8925230640141693, "max_depth": 3.0, "num_boost_round": 4.0}, "datetime": {"datetime": "2024-01-19 00:12:31", "elapsed": 45.635295, "delta": 0.000246}}
{"target": -17.676819798237748, "params": {"gamma": 966.3454278620237, "log10_alpha": -1.0272260908708963, "log10_colsample_bytree": -0.17162104233621744, "log10_eta": -2.7150040845523935, "log10_lambda": -2.450438103201856, "log10_min_child_weight": 1.1746463804019092, "log10_subsample": -0.8925230640141693, "max_depth": 3.0, "num_boost_round": 5.0}, "datetime": {"datetime": "2024-01-19 00:12:31", "elapsed": 45.635544, "delta": 0.000249}}
{"target": -17.676718154164316, "params": {"gamma": 966.3454278620237, "log10_alpha": -1.0272260908708963, "log10_colsample_bytree": -0.17162104233621744, "log10_eta": -2.7150040845523935, "log10_lambda": -2.450438103201856, "log10_min_child_weight": 1.1746463804019092, "log10_subsample": -0.8925230640141693, "max_depth": 3.0, "num_boost_round": 6.0}, "datetime": {"datetime": "2024-01-19 00:12:31", "elapsed": 45.635792, "delta": 0.000248}}
{"target": -17.676659502155562, "params": {"gamma": 966.3454278620237, "log10_alpha": -1.0272260908708963, "log10_colsample_bytree": -0.17162104233621744, "log10_eta": -2.7150040845523935, "log10_lambda": -2.450438103201856, "log10_min_child_weight": 1.1746463804019092, "log10_subsample": -0.8925230640141693, "max_depth": 3.0, "num_boost_round": 7.0}, "datetime": {"datetime": "2024-01-19 00:12:31", "elapsed": 45.636035, "delta": 0.000243}}
{"target": -17.67664772488579, "params": {"gamma": 966.3454278620237, "log10_alpha": -1.0272260908708963, "log10_colsample_bytree": -0.17162104233621744, "log10_eta": -2.7150040845523935, "log10_lambda": -2.450438103201856, "log10_min_child_weight": 1.1746463804019092, "log10_subsample": -0.8925230640141693, "max_depth": 3.0, "num_boost_round": 8.0}, "datetime": {"datetime": "2024-01-19 00:12:31", "elapsed": 45.636276, "delta": 0.000241}}
{"target": -17.67657797082837, "params": {"gamma": 966.3454278620237, "log10_alpha": -1.0272260908708963, "log10_colsample_bytree": -0.17162104233621744, "log10_eta": -2.7150040845523935, "log10_lambda": -2.450438103201856, "log10_min_child_weight": 1.1746463804019092, "log10_subsample": -0.8925230640141693, "max_depth": 3.0, "num_boost_round": 9.0}, "datetime": {"datetime": "2024-01-19 00:12:31", "elapsed": 45.636528, "delta": 0.000252}}
{"target": -17.676519687404443, "params": {"gamma": 966.3454278620237, "log10_alpha": -1.0272260908708963, "log10_colsample_bytree": -0.17162104233621744, "log10_eta": -2.7150040845523935, "log10_lambda": -2.450438103201856, "log10_min_child_weight": 1.1746463804019092, "log10_subsample": -0.8925230640141693, "max_depth": 3.0, "num_boost_round": 10.0}, "datetime": {"datetime": "2024-01-19 00:12:31", "elapsed": 45.636779, "delta": 0.000251}}
{"target": -17.677800667690043, "params": {"gamma": 964.7272581938676, "log10_alpha": -3.932973015136618, "log10_colsample_bytree": -0.2089466902343815, "log10_eta": -0.925325092752002, "log10_lambda": 0.8646559902717232, "log10_min_child_weight": 4.445390145526918, "log10_subsample": -0.8753408489556381, "max_depth": 2.0, "num_boost_round": 0.0}, "datetime": {"datetime": "2024-01-19 00:12:53", "elapsed": 67.634062, "delta": 21.997283}}
{"target": -17.678691221445497, "params": {"gamma": 964.7272581938676, "log10_alpha": -3.932973015136618, "log10_colsample_bytree": -0.2089466902343815, "log10_eta": -0.925325092752002, "log10_lambda": 0.8646559902717232, "log10_min_child_weight": 4.445390145526918, "log10_subsample": -0.8753408489556381, "max_depth": 2.0, "num_boost_round": 1.0}, "datetime": {"datetime": "2024-01-19 00:12:53", "elapsed": 67.634809, "delta": 0.000747}}
{"target": -17.67757872353682, "params": {"gamma": 964.7272581938676, "log10_alpha": -3.932973015136618, "log10_colsample_bytree": -0.2089466902343815, "log10_eta": -0.925325092752002, "log10_lambda": 0.8646559902717232, "log10_min_child_weight": 4.445390145526918, "log10_subsample": -0.8753408489556381, "max_depth": 2.0, "num_boost_round": 2.0}, "datetime": {"datetime": "2024-01-19 00:12:53", "elapsed": 67.63528, "delta": 0.000471}}
{"target": -17.67870494237942, "params": {"gamma": 964.7272581938676, "log10_alpha": -3.932973015136618, "log10_colsample_bytree": -0.2089466902343815, "log10_eta": -0.925325092752002, "log10_lambda": 0.8646559902717232, "log10_min_child_weight": 4.445390145526918, "log10_subsample": -0.8753408489556381, "max_depth": 2.0, "num_boost_round": 3.0}, "datetime": {"datetime": "2024-01-19 00:12:53", "elapsed": 67.635557, "delta": 0.000277}}
{"target": -17.678289031262903, "params": {"gamma": 964.7272581938676, "log10_alpha": -3.932973015136618, "log10_colsample_bytree": -0.2089466902343815, "log10_eta": -0.925325092752002, "log10_lambda": 0.8646559902717232, "log10_min_child_weight": 4.445390145526918, "log10_subsample": -0.8753408489556381, "max_depth": 2.0, "num_boost_round": 4.0}, "datetime": {"datetime": "2024-01-19 00:12:53", "elapsed": 67.635821, "delta": 0.000264}}
{"target": -17.677311717246027, "params": {"gamma": 964.7272581938676, "log10_alpha": -3.932973015136618, "log10_colsample_bytree": -0.2089466902343815, "log10_eta": -0.925325092752002, "log10_lambda": 0.8646559902717232, "log10_min_child_weight": 4.445390145526918, "log10_subsample": -0.8753408489556381, "max_depth": 2.0, "num_boost_round": 5.0}, "datetime": {"datetime": "2024-01-19 00:12:53", "elapsed": 67.636083, "delta": 0.000262}}
{"target": -17.678246200081915, "params": {"gamma": 964.7272581938676, "log10_alpha": -3.932973015136618, "log10_colsample_bytree": -0.2089466902343815, "log10_eta": -0.925325092752002, "log10_lambda": 0.8646559902717232, "log10_min_child_weight": 4.445390145526918, "log10_subsample": -0.8753408489556381, "max_depth": 2.0, "num_boost_round": 6.0}, "datetime": {"datetime": "2024-01-19 00:12:53", "elapsed": 67.636348, "delta": 0.000265}}
{"target": -17.67847096461608, "params": {"gamma": 964.7272581938676, "log10_alpha": -3.932973015136618, "log10_colsample_bytree": -0.2089466902343815, "log10_eta": -0.925325092752002, "log10_lambda": 0.8646559902717232, "log10_min_child_weight": 4.445390145526918, "log10_subsample": -0.8753408489556381, "max_depth": 2.0, "num_boost_round": 7.0}, "datetime": {"datetime": "2024-01-19 00:12:53", "elapsed": 67.636613, "delta": 0.000265}}
{"target": -17.679134524813726, "params": {"gamma": 964.7272581938676, "log10_alpha": -3.932973015136618, "log10_colsample_bytree": -0.2089466902343815, "log10_eta": -0.925325092752002, "log10_lambda": 0.8646559902717232, "log10_min_child_weight": 4.445390145526918, "log10_subsample": -0.8753408489556381, "max_depth": 2.0, "num_boost_round": 8.0}, "datetime": {"datetime": "2024-01-19 00:12:53", "elapsed": 67.636873, "delta": 0.00026}}
{"target": -17.680018517848854, "params": {"gamma": 964.7272581938676, "log10_alpha": -3.932973015136618, "log10_colsample_bytree": -0.2089466902343815, "log10_eta": -0.925325092752002, "log10_lambda": 0.8646559902717232, "log10_min_child_weight": 4.445390145526918, "log10_subsample": -0.8753408489556381, "max_depth": 2.0, "num_boost_round": 9.0}, "datetime": {"datetime": "2024-01-19 00:12:53", "elapsed": 67.637134, "delta": 0.000261}}
{"target": -17.67972839575094, "params": {"gamma": 964.7272581938676, "log10_alpha": -3.932973015136618, "log10_colsample_bytree": -0.2089466902343815, "log10_eta": -0.925325092752002, "log10_lambda": 0.8646559902717232, "log10_min_child_weight": 4.445390145526918, "log10_subsample": -0.8753408489556381, "max_depth": 2.0, "num_boost_round": 10.0}, "datetime": {"datetime": "2024-01-19 00:12:53", "elapsed": 67.637402, "delta": 0.000268}}
{"target": -17.679398402705914, "params": {"gamma": 964.7272581938676, "log10_alpha": -3.932973015136618, "log10_colsample_bytree": -0.2089466902343815, "log10_eta": -0.925325092752002, "log10_lambda": 0.8646559902717232, "log10_min_child_weight": 4.445390145526918, "log10_subsample": -0.8753408489556381, "max_depth": 2.0, "num_boost_round": 11.0}, "datetime": {"datetime": "2024-01-19 00:12:53", "elapsed": 67.637673, "delta": 0.000271}}
{"target": -17.679578697746816, "params": {"gamma": 964.7272581938676, "log10_alpha": -3.932973015136618, "log10_colsample_bytree": -0.2089466902343815, "log10_eta": -0.925325092752002, "log10_lambda": 0.8646559902717232, "log10_min_child_weight": 4.445390145526918, "log10_subsample": -0.8753408489556381, "max_depth": 2.0, "num_boost_round": 12.0}, "datetime": {"datetime": "2024-01-19 00:12:53", "elapsed": 67.63794, "delta": 0.000267}}
{"target": -17.679001849122617, "params": {"gamma": 964.7272581938676, "log10_alpha": -3.932973015136618, "log10_colsample_bytree": -0.2089466902343815, "log10_eta": -0.925325092752002, "log10_lambda": 0.8646559902717232, "log10_min_child_weight": 4.445390145526918, "log10_subsample": -0.8753408489556381, "max_depth": 2.0, "num_boost_round": 13.0}, "datetime": {"datetime": "2024-01-19 00:12:53", "elapsed": 67.638204, "delta": 0.000264}}
