{"target": -13.75851124131376, "params": {"gamma": 942.1571851026184, "log10_alpha": 0.6568868360009361, "log10_colsample_bytree": -0.9883883376819201, "log10_eta": -3.7520106485724503, "log10_lambda": -1.4409494877424516, "log10_min_child_weight": 3.108138467725876, "log10_subsample": -0.1259689950406615, "max_depth": 9.0, "num_boost_round": 11.0}, "datetime": {"datetime": "2024-01-19 01:00:27", "elapsed": 2928.581356, "delta": 0.003773}}
{"target": -13.758507861164151, "params": {"gamma": 942.1571851026184, "log10_alpha": 0.6568868360009361, "log10_colsample_bytree": -0.9883883376819201, "log10_eta": -3.7520106485724503, "log10_lambda": -1.4409494877424516, "log10_min_child_weight": 3.108138467725876, "log10_subsample": -0.1259689950406615, "max_depth": 9.0, "num_boost_round": 12.0}, "datetime": {"datetime": "2024-01-19 01:00:27", "elapsed": 2928.5851, "delta": 0.003744}}
{"target": -13.758538442274642, "params": {"gamma": 943.024117600437, "log10_alpha": 1.0, "log10_colsample_bytree": -1.0, "log10_eta": -4.0, "log10_lambda": -4.00217190914995, "log10_min_child_weight": 4.742682781490853, "log10_subsample": -1.0, "max_depth": 8.0, "num_boost_round": 0.0}, "datetime": {"datetime": "2024-01-19 01:01:08", "elapsed": 2969.978403, "delta": 41.393303}}
{"target": -13.758538229592075, "params": {"gamma": 943.024117600437, "log10_alpha": 1.0, "log10_colsample_bytree": -1.0, "log10_eta": -4.0, "log10_lambda": -4.00217190914995, "log10_min_child_weight": 4.742682781490853, "log10_subsample": -1.0, "max_depth": 8.0, "num_boost_round": 1.0}, "datetime": {"datetime": "2024-01-19 01:01:08", "elapsed": 2969.982764, "delta": 0.004361}}
{"target": -13.758538312473435, "params": {"gamma": 943.024117600437, "log10_alpha": 1.0, "log10_colsample_bytree": -1.0, "log10_eta": -4.0, "log10_lambda": -4.00217190914995, "log10_min_child_weight": 4.742682781490853, "log10_subsample": -1.0, "max_depth": 8.0, "num_boost_round": 2.0}, "datetime": {"datetime": "2024-01-19 01:01:08", "elapsed": 2969.986548, "delta": 0.003784}}
{"target": -13.758538420416505, "params": {"gamma": 943.024117600437, "log10_alpha": 1.0, "log10_colsample_bytree": -1.0, "log10_eta": -4.0, "log10_lambda": -4.00217190914995, "log10_min_child_weight": 4.742682781490853, "log10_subsample": -1.0, "max_depth": 8.0, "num_boost_round": 3.0}, "datetime": {"datetime": "2024-01-19 01:01:08", "elapsed": 2969.990273, "delta": 0.003725}}
{"target": -13.758538491536184, "params": {"gamma": 943.024117600437, "log10_alpha": 1.0, "log10_colsample_bytree": -1.0, "log10_eta": -4.0, "log10_lambda": -4.00217190914995, "log10_min_child_weight": 4.742682781490853, "log10_subsample": -1.0, "max_depth": 8.0, "num_boost_round": 4.0}, "datetime": {"datetime": "2024-01-19 01:01:08", "elapsed": 2969.993939, "delta": 0.003666}}
{"target": -13.758538538617325, "params": {"gamma": 943.024117600437, "log10_alpha": 1.0, "log10_colsample_bytree": -1.0, "log10_eta": -4.0, "log10_lambda": -4.00217190914995, "log10_min_child_weight": 4.742682781490853, "log10_subsample": -1.0, "max_depth": 8.0, "num_boost_round": 5.0}, "datetime": {"datetime": "2024-01-19 01:01:08", "elapsed": 2969.997664, "delta": 0.003725}}
{"target": -13.758538498230292, "params": {"gamma": 943.024117600437, "log10_alpha": 1.0, "log10_colsample_bytree": -1.0, "log10_eta": -4.0, "log10_lambda": -4.00217190914995, "log10_min_child_weight": 4.742682781490853, "log10_subsample": -1.0, "max_depth": 8.0, "num_boost_round": 6.0}, "datetime": {"datetime": "2024-01-19 01:01:08", "elapsed": 2970.005259, "delta": 0.007595}}
{"target": -13.758538586450788, "params": {"gamma": 943.024117600437, "log10_alpha": 1.0, "log10_colsample_bytree": -1.0, "log10_eta": -4.0, "log10_lambda": -4.00217190914995, "log10_min_child_weight": 4.742682781490853, "log10_subsample": -1.0, "max_depth": 8.0, "num_boost_round": 7.0}, "datetime": {"datetime": "2024-01-19 01:01:09", "elapsed": 2970.009125, "delta": 0.003866}}
{"target": -13.758538515746475, "params": {"gamma": 943.024117600437, "log10_alpha": 1.0, "log10_colsample_bytree": -1.0, "log10_eta": -4.0, "log10_lambda": -4.00217190914995, "log10_min_child_weight": 4.742682781490853, "log10_subsample": -1.0, "max_depth": 8.0, "num_boost_round": 8.0}, "datetime": {"datetime": "2024-01-19 01:01:09", "elapsed": 2970.012973, "delta": 0.003848}}
{"target": -13.758538485681147, "params": {"gamma": 943.024117600437, "log10_alpha": 1.0, "log10_colsample_bytree": -1.0, "log10_eta": -4.0, "log10_lambda": -4.00217190914995, "log10_min_child_weight": 4.742682781490853, "log10_subsample": -1.0, "max_depth": 8.0, "num_boost_round": 9.0}, "datetime": {"datetime": "2024-01-19 01:01:09", "elapsed": 2970.0167, "delta": 0.003727}}
{"target": -13.758538247339528, "params": {"gamma": 943.024117600437, "log10_alpha": 1.0, "log10_colsample_bytree": -1.0, "log10_eta": -4.0, "log10_lambda": -4.00217190914995, "log10_min_child_weight": 4.742682781490853, "log10_subsample": -1.0, "max_depth": 8.0, "num_boost_round": 10.0}, "datetime": {"datetime": "2024-01-19 01:01:09", "elapsed": 2970.020472, "delta": 0.003772}}
{"target": -13.758538280995689, "params": {"gamma": 943.024117600437, "log10_alpha": 1.0, "log10_colsample_bytree": -1.0, "log10_eta": -4.0, "log10_lambda": -4.00217190914995, "log10_min_child_weight": 4.742682781490853, "log10_subsample": -1.0, "max_depth": 8.0, "num_boost_round": 11.0}, "datetime": {"datetime": "2024-01-19 01:01:09", "elapsed": 2970.024147, "delta": 0.003675}}
{"target": -13.758538380298337, "params": {"gamma": 943.024117600437, "log10_alpha": 1.0, "log10_colsample_bytree": -1.0, "log10_eta": -4.0, "log10_lambda": -4.00217190914995, "log10_min_child_weight": 4.742682781490853, "log10_subsample": -1.0, "max_depth": 8.0, "num_boost_round": 12.0}, "datetime": {"datetime": "2024-01-19 01:01:09", "elapsed": 2970.027885, "delta": 0.003738}}
{"target": -13.7585382047205, "params": {"gamma": 943.024117600437, "log10_alpha": 1.0, "log10_colsample_bytree": -1.0, "log10_eta": -4.0, "log10_lambda": -4.00217190914995, "log10_min_child_weight": 4.742682781490853, "log10_subsample": -1.0, "max_depth": 8.0, "num_boost_round": 13.0}, "datetime": {"datetime": "2024-01-19 01:01:09", "elapsed": 2970.031622, "delta": 0.003737}}
{"target": -13.758538138481725, "params": {"gamma": 943.024117600437, "log10_alpha": 1.0, "log10_colsample_bytree": -1.0, "log10_eta": -4.0, "log10_lambda": -4.00217190914995, "log10_min_child_weight": 4.742682781490853, "log10_subsample": -1.0, "max_depth": 8.0, "num_boost_round": 14.0}, "datetime": {"datetime": "2024-01-19 01:01:09", "elapsed": 2970.035322, "delta": 0.0037}}
{"target": -13.75853751099643, "params": {"gamma": 943.024117600437, "log10_alpha": 1.0, "log10_colsample_bytree": -1.0, "log10_eta": -4.0, "log10_lambda": -4.00217190914995, "log10_min_child_weight": 4.742682781490853, "log10_subsample": -1.0, "max_depth": 8.0, "num_boost_round": 15.0}, "datetime": {"datetime": "2024-01-19 01:01:09", "elapsed": 2970.039057, "delta": 0.003735}}
{"target": -13.758537410332522, "params": {"gamma": 943.024117600437, "log10_alpha": 1.0, "log10_colsample_bytree": -1.0, "log10_eta": -4.0, "log10_lambda": -4.00217190914995, "log10_min_child_weight": 4.742682781490853, "log10_subsample": -1.0, "max_depth": 8.0, "num_boost_round": 16.0}, "datetime": {"datetime": "2024-01-19 01:01:09", "elapsed": 2970.042731, "delta": 0.003674}}
{"target": -13.758537413369902, "params": {"gamma": 943.024117600437, "log10_alpha": 1.0, "log10_colsample_bytree": -1.0, "log10_eta": -4.0, "log10_lambda": -4.00217190914995, "log10_min_child_weight": 4.742682781490853, "log10_subsample": -1.0, "max_depth": 8.0, "num_boost_round": 17.0}, "datetime": {"datetime": "2024-01-19 01:01:09", "elapsed": 2970.046531, "delta": 0.0038}}
{"target": -13.758537487614493, "params": {"gamma": 943.024117600437, "log10_alpha": 1.0, "log10_colsample_bytree": -1.0, "log10_eta": -4.0, "log10_lambda": -4.00217190914995, "log10_min_child_weight": 4.742682781490853, "log10_subsample": -1.0, "max_depth": 8.0, "num_boost_round": 18.0}, "datetime": {"datetime": "2024-01-19 01:01:09", "elapsed": 2970.050339, "delta": 0.003808}}
{"target": -13.758532468107065, "params": {"gamma": 945.1047930422384, "log10_alpha": -4.953929132663756, "log10_colsample_bytree": -0.6168656040546399, "log10_eta": -3.529741614385633, "log10_lambda": -1.6362191119618936, "log10_min_child_weight": 3.9092573431292754, "log10_subsample": -0.10491652163978449, "max_depth": 9.0, "num_boost_round": 0.0}, "datetime": {"datetime": "2024-01-19 01:02:02", "elapsed": 3023.483134, "delta": 53.432795}}
{"target": -13.758525515731424, "params": {"gamma": 945.1047930422384, "log10_alpha": -4.953929132663756, "log10_colsample_bytree": -0.6168656040546399, "log10_eta": -3.529741614385633, "log10_lambda": -1.6362191119618936, "log10_min_child_weight": 3.9092573431292754, "log10_subsample": -0.10491652163978449, "max_depth": 9.0, "num_boost_round": 1.0}, "datetime": {"datetime": "2024-01-19 01:02:02", "elapsed": 3023.487684, "delta": 0.00455}}
{"target": -13.758516486377214, "params": {"gamma": 945.1047930422384, "log10_alpha": -4.953929132663756, "log10_colsample_bytree": -0.6168656040546399, "log10_eta": -3.529741614385633, "log10_lambda": -1.6362191119618936, "log10_min_child_weight": 3.9092573431292754, "log10_subsample": -0.10491652163978449, "max_depth": 9.0, "num_boost_round": 2.0}, "datetime": {"datetime": "2024-01-19 01:02:02", "elapsed": 3023.492064, "delta": 0.00438}}
{"target": -13.758513111412503, "params": {"gamma": 945.1047930422384, "log10_alpha": -4.953929132663756, "log10_colsample_bytree": -0.6168656040546399, "log10_eta": -3.529741614385633, "log10_lambda": -1.6362191119618936, "log10_min_child_weight": 3.9092573431292754, "log10_subsample": -0.10491652163978449, "max_depth": 9.0, "num_boost_round": 3.0}, "datetime": {"datetime": "2024-01-19 01:02:02", "elapsed": 3023.496157, "delta": 0.004093}}
{"target": -13.758502896482009, "params": {"gamma": 945.1047930422384, "log10_alpha": -4.953929132663756, "log10_colsample_bytree": -0.6168656040546399, "log10_eta": -3.529741614385633, "log10_lambda": -1.6362191119618936, "log10_min_child_weight": 3.9092573431292754, "log10_subsample": -0.10491652163978449, "max_depth": 9.0, "num_boost_round": 4.0}, "datetime": {"datetime": "2024-01-19 01:02:02", "elapsed": 3023.499957, "delta": 0.0038}}
{"target": -13.758506030178511, "params": {"gamma": 945.1047930422384, "log10_alpha": -4.953929132663756, "log10_colsample_bytree": -0.6168656040546399, "log10_eta": -3.529741614385633, "log10_lambda": -1.6362191119618936, "log10_min_child_weight": 3.9092573431292754, "log10_subsample": -0.10491652163978449, "max_depth": 9.0, "num_boost_round": 5.0}, "datetime": {"datetime": "2024-01-19 01:02:02", "elapsed": 3023.503648, "delta": 0.003691}}
{"target": -13.758504584411078, "params": {"gamma": 945.1047930422384, "log10_alpha": -4.953929132663756, "log10_colsample_bytree": -0.6168656040546399, "log10_eta": -3.529741614385633, "log10_lambda": -1.6362191119618936, "log10_min_child_weight": 3.9092573431292754, "log10_subsample": -0.10491652163978449, "max_depth": 9.0, "num_boost_round": 6.0}, "datetime": {"datetime": "2024-01-19 01:02:02", "elapsed": 3023.507516, "delta": 0.003868}}
{"target": -13.75850020576285, "params": {"gamma": 945.1047930422384, "log10_alpha": -4.953929132663756, "log10_colsample_bytree": -0.6168656040546399, "log10_eta": -3.529741614385633, "log10_lambda": -1.6362191119618936, "log10_min_child_weight": 3.9092573431292754, "log10_subsample": -0.10491652163978449, "max_depth": 9.0, "num_boost_round": 7.0}, "datetime": {"datetime": "2024-01-19 01:02:02", "elapsed": 3023.511373, "delta": 0.003857}}
{"target": -13.758486788759045, "params": {"gamma": 945.1047930422384, "log10_alpha": -4.953929132663756, "log10_colsample_bytree": -0.6168656040546399, "log10_eta": -3.529741614385633, "log10_lambda": -1.6362191119618936, "log10_min_child_weight": 3.9092573431292754, "log10_subsample": -0.10491652163978449, "max_depth": 9.0, "num_boost_round": 8.0}, "datetime": {"datetime": "2024-01-19 01:02:02", "elapsed": 3023.515171, "delta": 0.003798}}
{"target": -13.758487422105343, "params": {"gamma": 945.1047930422384, "log10_alpha": -4.953929132663756, "log10_colsample_bytree": -0.6168656040546399, "log10_eta": -3.529741614385633, "log10_lambda": -1.6362191119618936, "log10_min_child_weight": 3.9092573431292754, "log10_subsample": -0.10491652163978449, "max_depth": 9.0, "num_boost_round": 9.0}, "datetime": {"datetime": "2024-01-19 01:02:02", "elapsed": 3023.518911, "delta": 0.00374}}
{"target": -13.75848086736173, "params": {"gamma": 945.1047930422384, "log10_alpha": -4.953929132663756, "log10_colsample_bytree": -0.6168656040546399, "log10_eta": -3.529741614385633, "log10_lambda": -1.6362191119618936, "log10_min_child_weight": 3.9092573431292754, "log10_subsample": -0.10491652163978449, "max_depth": 9.0, "num_boost_round": 10.0}, "datetime": {"datetime": "2024-01-19 01:02:02", "elapsed": 3023.522607, "delta": 0.003696}}
{"target": -13.75847968133666, "params": {"gamma": 945.1047930422384, "log10_alpha": -4.953929132663756, "log10_colsample_bytree": -0.6168656040546399, "log10_eta": -3.529741614385633, "log10_lambda": -1.6362191119618936, "log10_min_child_weight": 3.9092573431292754, "log10_subsample": -0.10491652163978449, "max_depth": 9.0, "num_boost_round": 11.0}, "datetime": {"datetime": "2024-01-19 01:02:02", "elapsed": 3023.526313, "delta": 0.003706}}
{"target": -13.758471629816864, "params": {"gamma": 945.1047930422384, "log10_alpha": -4.953929132663756, "log10_colsample_bytree": -0.6168656040546399, "log10_eta": -3.529741614385633, "log10_lambda": -1.6362191119618936, "log10_min_child_weight": 3.9092573431292754, "log10_subsample": -0.10491652163978449, "max_depth": 9.0, "num_boost_round": 12.0}, "datetime": {"datetime": "2024-01-19 01:02:02", "elapsed": 3023.530139, "delta": 0.003826}}
{"target": -13.75846967935019, "params": {"gamma": 945.1047930422384, "log10_alpha": -4.953929132663756, "log10_colsample_bytree": -0.6168656040546399, "log10_eta": -3.529741614385633, "log10_lambda": -1.6362191119618936, "log10_min_child_weight": 3.9092573431292754, "log10_subsample": -0.10491652163978449, "max_depth": 9.0, "num_boost_round": 13.0}, "datetime": {"datetime": "2024-01-19 01:02:02", "elapsed": 3023.533816, "delta": 0.003677}}
{"target": -13.758468134994772, "params": {"gamma": 945.1047930422384, "log10_alpha": -4.953929132663756, "log10_colsample_bytree": -0.6168656040546399, "log10_eta": -3.529741614385633, "log10_lambda": -1.6362191119618936, "log10_min_child_weight": 3.9092573431292754, "log10_subsample": -0.10491652163978449, "max_depth": 9.0, "num_boost_round": 14.0}, "datetime": {"datetime": "2024-01-19 01:02:02", "elapsed": 3023.537511, "delta": 0.003695}}
{"target": -13.758463606035678, "params": {"gamma": 945.1047930422384, "log10_alpha": -4.953929132663756, "log10_colsample_bytree": -0.6168656040546399, "log10_eta": -3.529741614385633, "log10_lambda": -1.6362191119618936, "log10_min_child_weight": 3.9092573431292754, "log10_subsample": -0.10491652163978449, "max_depth": 9.0, "num_boost_round": 15.0}, "datetime": {"datetime": "2024-01-19 01:02:02", "elapsed": 3023.541239, "delta": 0.003728}}
{"target": -13.758464977146156, "params": {"gamma": 945.1047930422384, "log10_alpha": -4.953929132663756, "log10_colsample_bytree": -0.6168656040546399, "log10_eta": -3.529741614385633, "log10_lambda": -1.6362191119618936, "log10_min_child_weight": 3.9092573431292754, "log10_subsample": -0.10491652163978449, "max_depth": 9.0, "num_boost_round": 16.0}, "datetime": {"datetime": "2024-01-19 01:02:02", "elapsed": 3023.54492, "delta": 0.003681}}
{"target": -13.758463844322819, "params": {"gamma": 945.1047930422384, "log10_alpha": -4.953929132663756, "log10_colsample_bytree": -0.6168656040546399, "log10_eta": -3.529741614385633, "log10_lambda": -1.6362191119618936, "log10_min_child_weight": 3.9092573431292754, "log10_subsample": -0.10491652163978449, "max_depth": 9.0, "num_boost_round": 17.0}, "datetime": {"datetime": "2024-01-19 01:02:02", "elapsed": 3023.548729, "delta": 0.003809}}
{"target": -13.758468354678602, "params": {"gamma": 945.1047930422384, "log10_alpha": -4.953929132663756, "log10_colsample_bytree": -0.6168656040546399, "log10_eta": -3.529741614385633, "log10_lambda": -1.6362191119618936, "log10_min_child_weight": 3.9092573431292754, "log10_subsample": -0.10491652163978449, "max_depth": 9.0, "num_boost_round": 18.0}, "datetime": {"datetime": "2024-01-19 01:02:02", "elapsed": 3023.552434, "delta": 0.003705}}
{"target": -13.758462400296102, "params": {"gamma": 945.1047930422384, "log10_alpha": -4.953929132663756, "log10_colsample_bytree": -0.6168656040546399, "log10_eta": -3.529741614385633, "log10_lambda": -1.6362191119618936, "log10_min_child_weight": 3.9092573431292754, "log10_subsample": -0.10491652163978449, "max_depth": 9.0, "num_boost_round": 19.0}, "datetime": {"datetime": "2024-01-19 01:02:02", "elapsed": 3023.556163, "delta": 0.003729}}
{"target": -13.758460529075299, "params": {"gamma": 945.1047930422384, "log10_alpha": -4.953929132663756, "log10_colsample_bytree": -0.6168656040546399, "log10_eta": -3.529741614385633, "log10_lambda": -1.6362191119618936, "log10_min_child_weight": 3.9092573431292754, "log10_subsample": -0.10491652163978449, "max_depth": 9.0, "num_boost_round": 20.0}, "datetime": {"datetime": "2024-01-19 01:02:02", "elapsed": 3023.560109, "delta": 0.003946}}
{"target": -13.758453157025938, "params": {"gamma": 945.1047930422384, "log10_alpha": -4.953929132663756, "log10_colsample_bytree": -0.6168656040546399, "log10_eta": -3.529741614385633, "log10_lambda": -1.6362191119618936, "log10_min_child_weight": 3.9092573431292754, "log10_subsample": -0.10491652163978449, "max_depth": 9.0, "num_boost_round": 21.0}, "datetime": {"datetime": "2024-01-19 01:02:02", "elapsed": 3023.563915, "delta": 0.003806}}
{"target": -13.758444903845136, "params": {"gamma": 945.1047930422384, "log10_alpha": -4.953929132663756, "log10_colsample_bytree": -0.6168656040546399, "log10_eta": -3.529741614385633, "log10_lambda": -1.6362191119618936, "log10_min_child_weight": 3.9092573431292754, "log10_subsample": -0.10491652163978449, "max_depth": 9.0, "num_boost_round": 22.0}, "datetime": {"datetime": "2024-01-19 01:02:02", "elapsed": 3023.567705, "delta": 0.00379}}
{"target": -13.758447448726345, "params": {"gamma": 945.1047930422384, "log10_alpha": -4.953929132663756, "log10_colsample_bytree": -0.6168656040546399, "log10_eta": -3.529741614385633, "log10_lambda": -1.6362191119618936, "log10_min_child_weight": 3.9092573431292754, "log10_subsample": -0.10491652163978449, "max_depth": 9.0, "num_boost_round": 23.0}, "datetime": {"datetime": "2024-01-19 01:02:02", "elapsed": 3023.571431, "delta": 0.003726}}
{"target": -13.758444869838549, "params": {"gamma": 945.1047930422384, "log10_alpha": -4.953929132663756, "log10_colsample_bytree": -0.6168656040546399, "log10_eta": -3.529741614385633, "log10_lambda": -1.6362191119618936, "log10_min_child_weight": 3.9092573431292754, "log10_subsample": -0.10491652163978449, "max_depth": 9.0, "num_boost_round": 24.0}, "datetime": {"datetime": "2024-01-19 01:02:02", "elapsed": 3023.575245, "delta": 0.003814}}
{"target": -13.758444737434786, "params": {"gamma": 945.1047930422384, "log10_alpha": -4.953929132663756, "log10_colsample_bytree": -0.6168656040546399, "log10_eta": -3.529741614385633, "log10_lambda": -1.6362191119618936, "log10_min_child_weight": 3.9092573431292754, "log10_subsample": -0.10491652163978449, "max_depth": 9.0, "num_boost_round": 25.0}, "datetime": {"datetime": "2024-01-19 01:02:02", "elapsed": 3023.579004, "delta": 0.003759}}
{"target": -13.758439787051076, "params": {"gamma": 945.1047930422384, "log10_alpha": -4.953929132663756, "log10_colsample_bytree": -0.6168656040546399, "log10_eta": -3.529741614385633, "log10_lambda": -1.6362191119618936, "log10_min_child_weight": 3.9092573431292754, "log10_subsample": -0.10491652163978449, "max_depth": 9.0, "num_boost_round": 26.0}, "datetime": {"datetime": "2024-01-19 01:02:02", "elapsed": 3023.582716, "delta": 0.003712}}
{"target": -13.758432031875808, "params": {"gamma": 945.1047930422384, "log10_alpha": -4.953929132663756, "log10_colsample_bytree": -0.6168656040546399, "log10_eta": -3.529741614385633, "log10_lambda": -1.6362191119618936, "log10_min_child_weight": 3.9092573431292754, "log10_subsample": -0.10491652163978449, "max_depth": 9.0, "num_boost_round": 27.0}, "datetime": {"datetime": "2024-01-19 01:02:02", "elapsed": 3023.586451, "delta": 0.003735}}
{"target": -13.758425747325735, "params": {"gamma": 945.1047930422384, "log10_alpha": -4.953929132663756, "log10_colsample_bytree": -0.6168656040546399, "log10_eta": -3.529741614385633, "log10_lambda": -1.6362191119618936, "log10_min_child_weight": 3.9092573431292754, "log10_subsample": -0.10491652163978449, "max_depth": 9.0, "num_boost_round": 28.0}, "datetime": {"datetime": "2024-01-19 01:02:02", "elapsed": 3023.590232, "delta": 0.003781}}
{"target": -13.758423587632223, "params": {"gamma": 945.1047930422384, "log10_alpha": -4.953929132663756, "log10_colsample_bytree": -0.6168656040546399, "log10_eta": -3.529741614385633, "log10_lambda": -1.6362191119618936, "log10_min_child_weight": 3.9092573431292754, "log10_subsample": -0.10491652163978449, "max_depth": 9.0, "num_boost_round": 29.0}, "datetime": {"datetime": "2024-01-19 01:02:02", "elapsed": 3023.593934, "delta": 0.003702}}
{"target": -13.758417335205337, "params": {"gamma": 945.1047930422384, "log10_alpha": -4.953929132663756, "log10_colsample_bytree": -0.6168656040546399, "log10_eta": -3.529741614385633, "log10_lambda": -1.6362191119618936, "log10_min_child_weight": 3.9092573431292754, "log10_subsample": -0.10491652163978449, "max_depth": 9.0, "num_boost_round": 30.0}, "datetime": {"datetime": "2024-01-19 01:02:02", "elapsed": 3023.59767, "delta": 0.003736}}
