{"target": -17.676923182182776, "params": {"gamma": 393.75279373560534, "log10_alpha": -1.4744582815107994, "log10_colsample_bytree": -0.16232510009623358, "log10_eta": -2.8286632445216897, "log10_lambda": -3.3661246764121113, "log10_min_child_weight": 0.2586936930884609, "log10_subsample": -0.2171739296933093, "max_depth": 9.0, "num_boost_round": 1.0}, "datetime": {"datetime": "2024-01-19 01:42:10", "elapsed": 5420.314328, "delta": 0.006465}}
{"target": -17.67678405292597, "params": {"gamma": 393.75279373560534, "log10_alpha": -1.4744582815107994, "log10_colsample_bytree": -0.16232510009623358, "log10_eta": -2.8286632445216897, "log10_lambda": -3.3661246764121113, "log10_min_child_weight": 0.2586936930884609, "log10_subsample": -0.2171739296933093, "max_depth": 9.0, "num_boost_round": 2.0}, "datetime": {"datetime": "2024-01-19 01:42:10", "elapsed": 5420.31996, "delta": 0.005632}}
{"target": -17.676729072193208, "params": {"gamma": 393.75279373560534, "log10_alpha": -1.4744582815107994, "log10_colsample_bytree": -0.16232510009623358, "log10_eta": -2.8286632445216897, "log10_lambda": -3.3661246764121113, "log10_min_child_weight": 0.2586936930884609, "log10_subsample": -0.2171739296933093, "max_depth": 9.0, "num_boost_round": 3.0}, "datetime": {"datetime": "2024-01-19 01:42:10", "elapsed": 5420.325729, "delta": 0.005769}}
{"target": -17.676621354011512, "params": {"gamma": 393.75279373560534, "log10_alpha": -1.4744582815107994, "log10_colsample_bytree": -0.16232510009623358, "log10_eta": -2.8286632445216897, "log10_lambda": -3.3661246764121113, "log10_min_child_weight": 0.2586936930884609, "log10_subsample": -0.2171739296933093, "max_depth": 9.0, "num_boost_round": 4.0}, "datetime": {"datetime": "2024-01-19 01:42:10", "elapsed": 5420.331533, "delta": 0.005804}}
{"target": -17.676463235265857, "params": {"gamma": 393.75279373560534, "log10_alpha": -1.4744582815107994, "log10_colsample_bytree": -0.16232510009623358, "log10_eta": -2.8286632445216897, "log10_lambda": -3.3661246764121113, "log10_min_child_weight": 0.2586936930884609, "log10_subsample": -0.2171739296933093, "max_depth": 9.0, "num_boost_round": 5.0}, "datetime": {"datetime": "2024-01-19 01:42:10", "elapsed": 5420.337841, "delta": 0.006308}}
{"target": -17.676392578717337, "params": {"gamma": 393.75279373560534, "log10_alpha": -1.4744582815107994, "log10_colsample_bytree": -0.16232510009623358, "log10_eta": -2.8286632445216897, "log10_lambda": -3.3661246764121113, "log10_min_child_weight": 0.2586936930884609, "log10_subsample": -0.2171739296933093, "max_depth": 9.0, "num_boost_round": 6.0}, "datetime": {"datetime": "2024-01-19 01:42:10", "elapsed": 5420.344126, "delta": 0.006285}}
{"target": -17.676256725025013, "params": {"gamma": 393.75279373560534, "log10_alpha": -1.4744582815107994, "log10_colsample_bytree": -0.16232510009623358, "log10_eta": -2.8286632445216897, "log10_lambda": -3.3661246764121113, "log10_min_child_weight": 0.2586936930884609, "log10_subsample": -0.2171739296933093, "max_depth": 9.0, "num_boost_round": 7.0}, "datetime": {"datetime": "2024-01-19 01:42:10", "elapsed": 5420.349874, "delta": 0.005748}}
{"target": -17.6761713323363, "params": {"gamma": 393.75279373560534, "log10_alpha": -1.4744582815107994, "log10_colsample_bytree": -0.16232510009623358, "log10_eta": -2.8286632445216897, "log10_lambda": -3.3661246764121113, "log10_min_child_weight": 0.2586936930884609, "log10_subsample": -0.2171739296933093, "max_depth": 9.0, "num_boost_round": 8.0}, "datetime": {"datetime": "2024-01-19 01:42:10", "elapsed": 5420.355937, "delta": 0.006063}}
{"target": -17.675962132380164, "params": {"gamma": 393.75279373560534, "log10_alpha": -1.4744582815107994, "log10_colsample_bytree": -0.16232510009623358, "log10_eta": -2.8286632445216897, "log10_lambda": -3.3661246764121113, "log10_min_child_weight": 0.2586936930884609, "log10_subsample": -0.2171739296933093, "max_depth": 9.0, "num_boost_round": 9.0}, "datetime": {"datetime": "2024-01-19 01:42:10", "elapsed": 5420.361529, "delta": 0.005592}}
{"target": -17.675774762331184, "params": {"gamma": 393.75279373560534, "log10_alpha": -1.4744582815107994, "log10_colsample_bytree": -0.16232510009623358, "log10_eta": -2.8286632445216897, "log10_lambda": -3.3661246764121113, "log10_min_child_weight": 0.2586936930884609, "log10_subsample": -0.2171739296933093, "max_depth": 9.0, "num_boost_round": 10.0}, "datetime": {"datetime": "2024-01-19 01:42:10", "elapsed": 5420.367187, "delta": 0.005658}}
{"target": -17.675664453508812, "params": {"gamma": 393.75279373560534, "log10_alpha": -1.4744582815107994, "log10_colsample_bytree": -0.16232510009623358, "log10_eta": -2.8286632445216897, "log10_lambda": -3.3661246764121113, "log10_min_child_weight": 0.2586936930884609, "log10_subsample": -0.2171739296933093, "max_depth": 9.0, "num_boost_round": 11.0}, "datetime": {"datetime": "2024-01-19 01:42:10", "elapsed": 5420.372732, "delta": 0.005545}}
{"target": -17.675726206284498, "params": {"gamma": 393.75279373560534, "log10_alpha": -1.4744582815107994, "log10_colsample_bytree": -0.16232510009623358, "log10_eta": -2.8286632445216897, "log10_lambda": -3.3661246764121113, "log10_min_child_weight": 0.2586936930884609, "log10_subsample": -0.2171739296933093, "max_depth": 9.0, "num_boost_round": 12.0}, "datetime": {"datetime": "2024-01-19 01:42:10", "elapsed": 5420.378219, "delta": 0.005487}}
{"target": -17.675711247771215, "params": {"gamma": 393.75279373560534, "log10_alpha": -1.4744582815107994, "log10_colsample_bytree": -0.16232510009623358, "log10_eta": -2.8286632445216897, "log10_lambda": -3.3661246764121113, "log10_min_child_weight": 0.2586936930884609, "log10_subsample": -0.2171739296933093, "max_depth": 9.0, "num_boost_round": 13.0}, "datetime": {"datetime": "2024-01-19 01:42:10", "elapsed": 5420.383708, "delta": 0.005489}}
{"target": -17.67558759190617, "params": {"gamma": 393.75279373560534, "log10_alpha": -1.4744582815107994, "log10_colsample_bytree": -0.16232510009623358, "log10_eta": -2.8286632445216897, "log10_lambda": -3.3661246764121113, "log10_min_child_weight": 0.2586936930884609, "log10_subsample": -0.2171739296933093, "max_depth": 9.0, "num_boost_round": 14.0}, "datetime": {"datetime": "2024-01-19 01:42:10", "elapsed": 5420.389191, "delta": 0.005483}}
{"target": -17.67548535516104, "params": {"gamma": 393.75279373560534, "log10_alpha": -1.4744582815107994, "log10_colsample_bytree": -0.16232510009623358, "log10_eta": -2.8286632445216897, "log10_lambda": -3.3661246764121113, "log10_min_child_weight": 0.2586936930884609, "log10_subsample": -0.2171739296933093, "max_depth": 9.0, "num_boost_round": 15.0}, "datetime": {"datetime": "2024-01-19 01:42:10", "elapsed": 5420.395279, "delta": 0.006088}}
{"target": -17.67556800993817, "params": {"gamma": 393.75279373560534, "log10_alpha": -1.4744582815107994, "log10_colsample_bytree": -0.16232510009623358, "log10_eta": -2.8286632445216897, "log10_lambda": -3.3661246764121113, "log10_min_child_weight": 0.2586936930884609, "log10_subsample": -0.2171739296933093, "max_depth": 9.0, "num_boost_round": 16.0}, "datetime": {"datetime": "2024-01-19 01:42:10", "elapsed": 5420.401112, "delta": 0.005833}}
{"target": -17.67552939101374, "params": {"gamma": 393.75279373560534, "log10_alpha": -1.4744582815107994, "log10_colsample_bytree": -0.16232510009623358, "log10_eta": -2.8286632445216897, "log10_lambda": -3.3661246764121113, "log10_min_child_weight": 0.2586936930884609, "log10_subsample": -0.2171739296933093, "max_depth": 9.0, "num_boost_round": 17.0}, "datetime": {"datetime": "2024-01-19 01:42:10", "elapsed": 5420.406692, "delta": 0.00558}}
{"target": -17.67550381816434, "params": {"gamma": 393.75279373560534, "log10_alpha": -1.4744582815107994, "log10_colsample_bytree": -0.16232510009623358, "log10_eta": -2.8286632445216897, "log10_lambda": -3.3661246764121113, "log10_min_child_weight": 0.2586936930884609, "log10_subsample": -0.2171739296933093, "max_depth": 9.0, "num_boost_round": 18.0}, "datetime": {"datetime": "2024-01-19 01:42:10", "elapsed": 5420.536619, "delta": 0.129927}}
{"target": -17.675530793955197, "params": {"gamma": 393.75279373560534, "log10_alpha": -1.4744582815107994, "log10_colsample_bytree": -0.16232510009623358, "log10_eta": -2.8286632445216897, "log10_lambda": -3.3661246764121113, "log10_min_child_weight": 0.2586936930884609, "log10_subsample": -0.2171739296933093, "max_depth": 9.0, "num_boost_round": 19.0}, "datetime": {"datetime": "2024-01-19 01:42:10", "elapsed": 5420.543531, "delta": 0.006912}}
{"target": -17.67551135905864, "params": {"gamma": 393.75279373560534, "log10_alpha": -1.4744582815107994, "log10_colsample_bytree": -0.16232510009623358, "log10_eta": -2.8286632445216897, "log10_lambda": -3.3661246764121113, "log10_min_child_weight": 0.2586936930884609, "log10_subsample": -0.2171739296933093, "max_depth": 9.0, "num_boost_round": 20.0}, "datetime": {"datetime": "2024-01-19 01:42:10", "elapsed": 5420.549801, "delta": 0.00627}}
{"target": -17.675419952425937, "params": {"gamma": 393.75279373560534, "log10_alpha": -1.4744582815107994, "log10_colsample_bytree": -0.16232510009623358, "log10_eta": -2.8286632445216897, "log10_lambda": -3.3661246764121113, "log10_min_child_weight": 0.2586936930884609, "log10_subsample": -0.2171739296933093, "max_depth": 9.0, "num_boost_round": 21.0}, "datetime": {"datetime": "2024-01-19 01:42:10", "elapsed": 5420.555913, "delta": 0.006112}}
{"target": -17.675397505529, "params": {"gamma": 393.75279373560534, "log10_alpha": -1.4744582815107994, "log10_colsample_bytree": -0.16232510009623358, "log10_eta": -2.8286632445216897, "log10_lambda": -3.3661246764121113, "log10_min_child_weight": 0.2586936930884609, "log10_subsample": -0.2171739296933093, "max_depth": 9.0, "num_boost_round": 22.0}, "datetime": {"datetime": "2024-01-19 01:42:10", "elapsed": 5420.56198, "delta": 0.006067}}
{"target": -17.67538607645191, "params": {"gamma": 393.75279373560534, "log10_alpha": -1.4744582815107994, "log10_colsample_bytree": -0.16232510009623358, "log10_eta": -2.8286632445216897, "log10_lambda": -3.3661246764121113, "log10_min_child_weight": 0.2586936930884609, "log10_subsample": -0.2171739296933093, "max_depth": 9.0, "num_boost_round": 23.0}, "datetime": {"datetime": "2024-01-19 01:42:10", "elapsed": 5420.568456, "delta": 0.006476}}
{"target": -17.67527729337571, "params": {"gamma": 393.75279373560534, "log10_alpha": -1.4744582815107994, "log10_colsample_bytree": -0.16232510009623358, "log10_eta": -2.8286632445216897, "log10_lambda": -3.3661246764121113, "log10_min_child_weight": 0.2586936930884609, "log10_subsample": -0.2171739296933093, "max_depth": 9.0, "num_boost_round": 24.0}, "datetime": {"datetime": "2024-01-19 01:42:10", "elapsed": 5420.574394, "delta": 0.005938}}
{"target": -17.675214821153315, "params": {"gamma": 393.75279373560534, "log10_alpha": -1.4744582815107994, "log10_colsample_bytree": -0.16232510009623358, "log10_eta": -2.8286632445216897, "log10_lambda": -3.3661246764121113, "log10_min_child_weight": 0.2586936930884609, "log10_subsample": -0.2171739296933093, "max_depth": 9.0, "num_boost_round": 25.0}, "datetime": {"datetime": "2024-01-19 01:42:10", "elapsed": 5420.580185, "delta": 0.005791}}
{"target": -17.67515600206577, "params": {"gamma": 393.75279373560534, "log10_alpha": -1.4744582815107994, "log10_colsample_bytree": -0.16232510009623358, "log10_eta": -2.8286632445216897, "log10_lambda": -3.3661246764121113, "log10_min_child_weight": 0.2586936930884609, "log10_subsample": -0.2171739296933093, "max_depth": 9.0, "num_boost_round": 26.0}, "datetime": {"datetime": "2024-01-19 01:42:10", "elapsed": 5420.586049, "delta": 0.005864}}
{"target": -17.675010624560727, "params": {"gamma": 393.75279373560534, "log10_alpha": -1.4744582815107994, "log10_colsample_bytree": -0.16232510009623358, "log10_eta": -2.8286632445216897, "log10_lambda": -3.3661246764121113, "log10_min_child_weight": 0.2586936930884609, "log10_subsample": -0.2171739296933093, "max_depth": 9.0, "num_boost_round": 27.0}, "datetime": {"datetime": "2024-01-19 01:42:10", "elapsed": 5420.591961, "delta": 0.005912}}
{"target": -17.675057507059392, "params": {"gamma": 393.75279373560534, "log10_alpha": -1.4744582815107994, "log10_colsample_bytree": -0.16232510009623358, "log10_eta": -2.8286632445216897, "log10_lambda": -3.3661246764121113, "log10_min_child_weight": 0.2586936930884609, "log10_subsample": -0.2171739296933093, "max_depth": 9.0, "num_boost_round": 28.0}, "datetime": {"datetime": "2024-01-19 01:42:10", "elapsed": 5420.598138, "delta": 0.006177}}
{"target": -17.675037531292606, "params": {"gamma": 393.75279373560534, "log10_alpha": -1.4744582815107994, "log10_colsample_bytree": -0.16232510009623358, "log10_eta": -2.8286632445216897, "log10_lambda": -3.3661246764121113, "log10_min_child_weight": 0.2586936930884609, "log10_subsample": -0.2171739296933093, "max_depth": 9.0, "num_boost_round": 29.0}, "datetime": {"datetime": "2024-01-19 01:42:10", "elapsed": 5420.603873, "delta": 0.005735}}
{"target": -17.67495962192466, "params": {"gamma": 393.75279373560534, "log10_alpha": -1.4744582815107994, "log10_colsample_bytree": -0.16232510009623358, "log10_eta": -2.8286632445216897, "log10_lambda": -3.3661246764121113, "log10_min_child_weight": 0.2586936930884609, "log10_subsample": -0.2171739296933093, "max_depth": 9.0, "num_boost_round": 30.0}, "datetime": {"datetime": "2024-01-19 01:42:10", "elapsed": 5420.609583, "delta": 0.00571}}
{"target": -17.67483931296527, "params": {"gamma": 393.75279373560534, "log10_alpha": -1.4744582815107994, "log10_colsample_bytree": -0.16232510009623358, "log10_eta": -2.8286632445216897, "log10_lambda": -3.3661246764121113, "log10_min_child_weight": 0.2586936930884609, "log10_subsample": -0.2171739296933093, "max_depth": 9.0, "num_boost_round": 31.0}, "datetime": {"datetime": "2024-01-19 01:42:10", "elapsed": 5420.616107, "delta": 0.006524}}
{"target": -17.677217556318265, "params": {"gamma": 390.8442424412433, "log10_alpha": -4.760472747940494, "log10_colsample_bytree": -0.9107922068485927, "log10_eta": -3.509487041239573, "log10_lambda": -1.4576856729137821, "log10_min_child_weight": 0.10462407466086232, "log10_subsample": -0.21252636786353118, "max_depth": 7.0, "num_boost_round": 0.0}, "datetime": {"datetime": "2024-01-19 01:43:26", "elapsed": 5496.135089, "delta": 75.518982}}
{"target": -17.67721773860914, "params": {"gamma": 390.8442424412433, "log10_alpha": -4.760472747940494, "log10_colsample_bytree": -0.9107922068485927, "log10_eta": -3.509487041239573, "log10_lambda": -1.4576856729137821, "log10_min_child_weight": 0.10462407466086232, "log10_subsample": -0.21252636786353118, "max_depth": 7.0, "num_boost_round": 1.0}, "datetime": {"datetime": "2024-01-19 01:43:26", "elapsed": 5496.141477, "delta": 0.006388}}
{"target": -17.677228050643972, "params": {"gamma": 390.8442424412433, "log10_alpha": -4.760472747940494, "log10_colsample_bytree": -0.9107922068485927, "log10_eta": -3.509487041239573, "log10_lambda": -1.4576856729137821, "log10_min_child_weight": 0.10462407466086232, "log10_subsample": -0.21252636786353118, "max_depth": 7.0, "num_boost_round": 2.0}, "datetime": {"datetime": "2024-01-19 01:43:26", "elapsed": 5496.146974, "delta": 0.005497}}
{"target": -17.677217169738746, "params": {"gamma": 390.8442424412433, "log10_alpha": -4.760472747940494, "log10_colsample_bytree": -0.9107922068485927, "log10_eta": -3.509487041239573, "log10_lambda": -1.4576856729137821, "log10_min_child_weight": 0.10462407466086232, "log10_subsample": -0.21252636786353118, "max_depth": 7.0, "num_boost_round": 3.0}, "datetime": {"datetime": "2024-01-19 01:43:26", "elapsed": 5496.152318, "delta": 0.005344}}
{"target": -17.677189219291666, "params": {"gamma": 390.8442424412433, "log10_alpha": -4.760472747940494, "log10_colsample_bytree": -0.9107922068485927, "log10_eta": -3.509487041239573, "log10_lambda": -1.4576856729137821, "log10_min_child_weight": 0.10462407466086232, "log10_subsample": -0.21252636786353118, "max_depth": 7.0, "num_boost_round": 4.0}, "datetime": {"datetime": "2024-01-19 01:43:26", "elapsed": 5496.157583, "delta": 0.005265}}
{"target": -17.67718569655692, "params": {"gamma": 390.8442424412433, "log10_alpha": -4.760472747940494, "log10_colsample_bytree": -0.9107922068485927, "log10_eta": -3.509487041239573, "log10_lambda": -1.4576856729137821, "log10_min_child_weight": 0.10462407466086232, "log10_subsample": -0.21252636786353118, "max_depth": 7.0, "num_boost_round": 5.0}, "datetime": {"datetime": "2024-01-19 01:43:26", "elapsed": 5496.163067, "delta": 0.005484}}
{"target": -17.677196092567442, "params": {"gamma": 390.8442424412433, "log10_alpha": -4.760472747940494, "log10_colsample_bytree": -0.9107922068485927, "log10_eta": -3.509487041239573, "log10_lambda": -1.4576856729137821, "log10_min_child_weight": 0.10462407466086232, "log10_subsample": -0.21252636786353118, "max_depth": 7.0, "num_boost_round": 6.0}, "datetime": {"datetime": "2024-01-19 01:43:26", "elapsed": 5496.168474, "delta": 0.005407}}
{"target": -17.677172497651128, "params": {"gamma": 390.8442424412433, "log10_alpha": -4.760472747940494, "log10_colsample_bytree": -0.9107922068485927, "log10_eta": -3.509487041239573, "log10_lambda": -1.4576856729137821, "log10_min_child_weight": 0.10462407466086232, "log10_subsample": -0.21252636786353118, "max_depth": 7.0, "num_boost_round": 7.0}, "datetime": {"datetime": "2024-01-19 01:43:26", "elapsed": 5496.173774, "delta": 0.0053}}
{"target": -17.677163062715493, "params": {"gamma": 390.8442424412433, "log10_alpha": -4.760472747940494, "log10_colsample_bytree": -0.9107922068485927, "log10_eta": -3.509487041239573, "log10_lambda": -1.4576856729137821, "log10_min_child_weight": 0.10462407466086232, "log10_subsample": -0.21252636786353118, "max_depth": 7.0, "num_boost_round": 8.0}, "datetime": {"datetime": "2024-01-19 01:43:26", "elapsed": 5496.17903, "delta": 0.005256}}
{"target": -17.677151622278046, "params": {"gamma": 390.8442424412433, "log10_alpha": -4.760472747940494, "log10_colsample_bytree": -0.9107922068485927, "log10_eta": -3.509487041239573, "log10_lambda": -1.4576856729137821, "log10_min_child_weight": 0.10462407466086232, "log10_subsample": -0.21252636786353118, "max_depth": 7.0, "num_boost_round": 9.0}, "datetime": {"datetime": "2024-01-19 01:43:26", "elapsed": 5496.184491, "delta": 0.005461}}
{"target": -17.67713608224178, "params": {"gamma": 390.8442424412433, "log10_alpha": -4.760472747940494, "log10_colsample_bytree": -0.9107922068485927, "log10_eta": -3.509487041239573, "log10_lambda": -1.4576856729137821, "log10_min_child_weight": 0.10462407466086232, "log10_subsample": -0.21252636786353118, "max_depth": 7.0, "num_boost_round": 10.0}, "datetime": {"datetime": "2024-01-19 01:43:26", "elapsed": 5496.189806, "delta": 0.005315}}
{"target": -17.677127986912797, "params": {"gamma": 390.8442424412433, "log10_alpha": -4.760472747940494, "log10_colsample_bytree": -0.9107922068485927, "log10_eta": -3.509487041239573, "log10_lambda": -1.4576856729137821, "log10_min_child_weight": 0.10462407466086232, "log10_subsample": -0.21252636786353118, "max_depth": 7.0, "num_boost_round": 11.0}, "datetime": {"datetime": "2024-01-19 01:43:26", "elapsed": 5496.195203, "delta": 0.005397}}
{"target": -17.67710199394382, "params": {"gamma": 390.8442424412433, "log10_alpha": -4.760472747940494, "log10_colsample_bytree": -0.9107922068485927, "log10_eta": -3.509487041239573, "log10_lambda": -1.4576856729137821, "log10_min_child_weight": 0.10462407466086232, "log10_subsample": -0.21252636786353118, "max_depth": 7.0, "num_boost_round": 12.0}, "datetime": {"datetime": "2024-01-19 01:43:26", "elapsed": 5496.200639, "delta": 0.005436}}
{"target": -17.677105486746672, "params": {"gamma": 390.8442424412433, "log10_alpha": -4.760472747940494, "log10_colsample_bytree": -0.9107922068485927, "log10_eta": -3.509487041239573, "log10_lambda": -1.4576856729137821, "log10_min_child_weight": 0.10462407466086232, "log10_subsample": -0.21252636786353118, "max_depth": 7.0, "num_boost_round": 13.0}, "datetime": {"datetime": "2024-01-19 01:43:26", "elapsed": 5496.2061, "delta": 0.005461}}
{"target": -17.677099916940175, "params": {"gamma": 390.8442424412433, "log10_alpha": -4.760472747940494, "log10_colsample_bytree": -0.9107922068485927, "log10_eta": -3.509487041239573, "log10_lambda": -1.4576856729137821, "log10_min_child_weight": 0.10462407466086232, "log10_subsample": -0.21252636786353118, "max_depth": 7.0, "num_boost_round": 14.0}, "datetime": {"datetime": "2024-01-19 01:43:26", "elapsed": 5496.211383, "delta": 0.005283}}
{"target": -17.6770894214653, "params": {"gamma": 390.8442424412433, "log10_alpha": -4.760472747940494, "log10_colsample_bytree": -0.9107922068485927, "log10_eta": -3.509487041239573, "log10_lambda": -1.4576856729137821, "log10_min_child_weight": 0.10462407466086232, "log10_subsample": -0.21252636786353118, "max_depth": 7.0, "num_boost_round": 15.0}, "datetime": {"datetime": "2024-01-19 01:43:26", "elapsed": 5496.216697, "delta": 0.005314}}
{"target": -17.677089009910794, "params": {"gamma": 390.8442424412433, "log10_alpha": -4.760472747940494, "log10_colsample_bytree": -0.9107922068485927, "log10_eta": -3.509487041239573, "log10_lambda": -1.4576856729137821, "log10_min_child_weight": 0.10462407466086232, "log10_subsample": -0.21252636786353118, "max_depth": 7.0, "num_boost_round": 16.0}, "datetime": {"datetime": "2024-01-19 01:43:26", "elapsed": 5496.222107, "delta": 0.00541}}
{"target": -17.67708302699631, "params": {"gamma": 390.8442424412433, "log10_alpha": -4.760472747940494, "log10_colsample_bytree": -0.9107922068485927, "log10_eta": -3.509487041239573, "log10_lambda": -1.4576856729137821, "log10_min_child_weight": 0.10462407466086232, "log10_subsample": -0.21252636786353118, "max_depth": 7.0, "num_boost_round": 17.0}, "datetime": {"datetime": "2024-01-19 01:43:26", "elapsed": 5496.227472, "delta": 0.005365}}
