{"target": -17.676605948096476, "params": {"gamma": 18.62948235769879, "log10_alpha": 0.5486192968602, "log10_colsample_bytree": -0.344216300384668, "log10_eta": -2.218196631543166, "log10_lambda": -2.0205653384966267, "log10_min_child_weight": 3.478073079579941, "log10_subsample": -0.08246595508677645, "max_depth": 9.0, "num_boost_round": 32.0}, "datetime": {"datetime": "2024-01-19 00:28:03", "elapsed": 1037.666904, "delta": 0.001418}}
{"target": -17.676667259154563, "params": {"gamma": 18.62948235769879, "log10_alpha": 0.5486192968602, "log10_colsample_bytree": -0.344216300384668, "log10_eta": -2.218196631543166, "log10_lambda": -2.0205653384966267, "log10_min_child_weight": 3.478073079579941, "log10_subsample": -0.08246595508677645, "max_depth": 9.0, "num_boost_round": 33.0}, "datetime": {"datetime": "2024-01-19 00:28:03", "elapsed": 1037.66831, "delta": 0.001406}}
{"target": -17.67658372701408, "params": {"gamma": 18.62948235769879, "log10_alpha": 0.5486192968602, "log10_colsample_bytree": -0.344216300384668, "log10_eta": -2.218196631543166, "log10_lambda": -2.0205653384966267, "log10_min_child_weight": 3.478073079579941, "log10_subsample": -0.08246595508677645, "max_depth": 9.0, "num_boost_round": 34.0}, "datetime": {"datetime": "2024-01-19 00:28:03", "elapsed": 1037.669543, "delta": 0.001233}}
{"target": -17.67684104406146, "params": {"gamma": 18.62948235769879, "log10_alpha": 0.5486192968602, "log10_colsample_bytree": -0.344216300384668, "log10_eta": -2.218196631543166, "log10_lambda": -2.0205653384966267, "log10_min_child_weight": 3.478073079579941, "log10_subsample": -0.08246595508677645, "max_depth": 9.0, "num_boost_round": 35.0}, "datetime": {"datetime": "2024-01-19 00:28:03", "elapsed": 1037.670746, "delta": 0.001203}}
{"target": -17.67706101654263, "params": {"gamma": 18.62948235769879, "log10_alpha": 0.5486192968602, "log10_colsample_bytree": -0.344216300384668, "log10_eta": -2.218196631543166, "log10_lambda": -2.0205653384966267, "log10_min_child_weight": 3.478073079579941, "log10_subsample": -0.08246595508677645, "max_depth": 9.0, "num_boost_round": 36.0}, "datetime": {"datetime": "2024-01-19 00:28:03", "elapsed": 1037.676171, "delta": 0.005425}}
{"target": -17.677187653504035, "params": {"gamma": 18.62948235769879, "log10_alpha": 0.5486192968602, "log10_colsample_bytree": -0.344216300384668, "log10_eta": -2.218196631543166, "log10_lambda": -2.0205653384966267, "log10_min_child_weight": 3.478073079579941, "log10_subsample": -0.08246595508677645, "max_depth": 9.0, "num_boost_round": 37.0}, "datetime": {"datetime": "2024-01-19 00:28:03", "elapsed": 1037.677422, "delta": 0.001251}}
{"target": -17.677593606590317, "params": {"gamma": 18.62948235769879, "log10_alpha": 0.5486192968602, "log10_colsample_bytree": -0.344216300384668, "log10_eta": -2.218196631543166, "log10_lambda": -2.0205653384966267, "log10_min_child_weight": 3.478073079579941, "log10_subsample": -0.08246595508677645, "max_depth": 9.0, "num_boost_round": 38.0}, "datetime": {"datetime": "2024-01-19 00:28:03", "elapsed": 1037.678651, "delta": 0.001229}}
{"target": -17.6757002541773, "params": {"gamma": 14.053513275308571, "log10_alpha": 0.9628901539581536, "log10_colsample_bytree": -0.979995839921579, "log10_eta": -0.970262642019843, "log10_lambda": -1.5481339989997656, "log10_min_child_weight": 4.100245191560329, "log10_subsample": -0.29798431466255926, "max_depth": 9.0, "num_boost_round": 0.0}, "datetime": {"datetime": "2024-01-19 00:28:49", "elapsed": 1082.897885, "delta": 45.219234}}
{"target": -17.675984003631825, "params": {"gamma": 14.053513275308571, "log10_alpha": 0.9628901539581536, "log10_colsample_bytree": -0.979995839921579, "log10_eta": -0.970262642019843, "log10_lambda": -1.5481339989997656, "log10_min_child_weight": 4.100245191560329, "log10_subsample": -0.29798431466255926, "max_depth": 9.0, "num_boost_round": 1.0}, "datetime": {"datetime": "2024-01-19 00:28:49", "elapsed": 1082.899484, "delta": 0.001599}}
{"target": -17.677697315741675, "params": {"gamma": 14.053513275308571, "log10_alpha": 0.9628901539581536, "log10_colsample_bytree": -0.979995839921579, "log10_eta": -0.970262642019843, "log10_lambda": -1.5481339989997656, "log10_min_child_weight": 4.100245191560329, "log10_subsample": -0.29798431466255926, "max_depth": 9.0, "num_boost_round": 2.0}, "datetime": {"datetime": "2024-01-19 00:28:49", "elapsed": 1082.901021, "delta": 0.001537}}
{"target": -17.67951603956269, "params": {"gamma": 14.053513275308571, "log10_alpha": 0.9628901539581536, "log10_colsample_bytree": -0.979995839921579, "log10_eta": -0.970262642019843, "log10_lambda": -1.5481339989997656, "log10_min_child_weight": 4.100245191560329, "log10_subsample": -0.29798431466255926, "max_depth": 9.0, "num_boost_round": 3.0}, "datetime": {"datetime": "2024-01-19 00:28:49", "elapsed": 1082.90242, "delta": 0.001399}}
{"target": -17.67977634481759, "params": {"gamma": 14.053513275308571, "log10_alpha": 0.9628901539581536, "log10_colsample_bytree": -0.979995839921579, "log10_eta": -0.970262642019843, "log10_lambda": -1.5481339989997656, "log10_min_child_weight": 4.100245191560329, "log10_subsample": -0.29798431466255926, "max_depth": 9.0, "num_boost_round": 4.0}, "datetime": {"datetime": "2024-01-19 00:28:49", "elapsed": 1082.984186, "delta": 0.081766}}
{"target": -17.680331637875785, "params": {"gamma": 14.053513275308571, "log10_alpha": 0.9628901539581536, "log10_colsample_bytree": -0.979995839921579, "log10_eta": -0.970262642019843, "log10_lambda": -1.5481339989997656, "log10_min_child_weight": 4.100245191560329, "log10_subsample": -0.29798431466255926, "max_depth": 9.0, "num_boost_round": 5.0}, "datetime": {"datetime": "2024-01-19 00:28:49", "elapsed": 1082.985916, "delta": 0.00173}}
{"target": -17.68267556474339, "params": {"gamma": 14.053513275308571, "log10_alpha": 0.9628901539581536, "log10_colsample_bytree": -0.979995839921579, "log10_eta": -0.970262642019843, "log10_lambda": -1.5481339989997656, "log10_min_child_weight": 4.100245191560329, "log10_subsample": -0.29798431466255926, "max_depth": 9.0, "num_boost_round": 6.0}, "datetime": {"datetime": "2024-01-19 00:28:49", "elapsed": 1082.98756, "delta": 0.001644}}
{"target": -17.681551770519874, "params": {"gamma": 14.053513275308571, "log10_alpha": 0.9628901539581536, "log10_colsample_bytree": -0.979995839921579, "log10_eta": -0.970262642019843, "log10_lambda": -1.5481339989997656, "log10_min_child_weight": 4.100245191560329, "log10_subsample": -0.29798431466255926, "max_depth": 9.0, "num_boost_round": 7.0}, "datetime": {"datetime": "2024-01-19 00:28:49", "elapsed": 1082.988956, "delta": 0.001396}}
{"target": -17.684011625889067, "params": {"gamma": 14.053513275308571, "log10_alpha": 0.9628901539581536, "log10_colsample_bytree": -0.979995839921579, "log10_eta": -0.970262642019843, "log10_lambda": -1.5481339989997656, "log10_min_child_weight": 4.100245191560329, "log10_subsample": -0.29798431466255926, "max_depth": 9.0, "num_boost_round": 8.0}, "datetime": {"datetime": "2024-01-19 00:28:49", "elapsed": 1082.990359, "delta": 0.001403}}
{"target": -17.684448767993096, "params": {"gamma": 14.053513275308571, "log10_alpha": 0.9628901539581536, "log10_colsample_bytree": -0.979995839921579, "log10_eta": -0.970262642019843, "log10_lambda": -1.5481339989997656, "log10_min_child_weight": 4.100245191560329, "log10_subsample": -0.29798431466255926, "max_depth": 9.0, "num_boost_round": 9.0}, "datetime": {"datetime": "2024-01-19 00:28:49", "elapsed": 1082.991786, "delta": 0.001427}}
{"target": -17.68504656857527, "params": {"gamma": 14.053513275308571, "log10_alpha": 0.9628901539581536, "log10_colsample_bytree": -0.979995839921579, "log10_eta": -0.970262642019843, "log10_lambda": -1.5481339989997656, "log10_min_child_weight": 4.100245191560329, "log10_subsample": -0.29798431466255926, "max_depth": 9.0, "num_boost_round": 10.0}, "datetime": {"datetime": "2024-01-19 00:28:49", "elapsed": 1082.993232, "delta": 0.001446}}
{"target": -17.68646685828514, "params": {"gamma": 14.053513275308571, "log10_alpha": 0.9628901539581536, "log10_colsample_bytree": -0.979995839921579, "log10_eta": -0.970262642019843, "log10_lambda": -1.5481339989997656, "log10_min_child_weight": 4.100245191560329, "log10_subsample": -0.29798431466255926, "max_depth": 9.0, "num_boost_round": 11.0}, "datetime": {"datetime": "2024-01-19 00:28:49", "elapsed": 1082.994632, "delta": 0.0014}}
{"target": -17.685866173043678, "params": {"gamma": 14.053513275308571, "log10_alpha": 0.9628901539581536, "log10_colsample_bytree": -0.979995839921579, "log10_eta": -0.970262642019843, "log10_lambda": -1.5481339989997656, "log10_min_child_weight": 4.100245191560329, "log10_subsample": -0.29798431466255926, "max_depth": 9.0, "num_boost_round": 12.0}, "datetime": {"datetime": "2024-01-19 00:28:49", "elapsed": 1082.996145, "delta": 0.001513}}
{"target": -17.684487923238713, "params": {"gamma": 14.053513275308571, "log10_alpha": 0.9628901539581536, "log10_colsample_bytree": -0.979995839921579, "log10_eta": -0.970262642019843, "log10_lambda": -1.5481339989997656, "log10_min_child_weight": 4.100245191560329, "log10_subsample": -0.29798431466255926, "max_depth": 9.0, "num_boost_round": 13.0}, "datetime": {"datetime": "2024-01-19 00:28:49", "elapsed": 1082.99756, "delta": 0.001415}}
{"target": -17.685910971203388, "params": {"gamma": 14.053513275308571, "log10_alpha": 0.9628901539581536, "log10_colsample_bytree": -0.979995839921579, "log10_eta": -0.970262642019843, "log10_lambda": -1.5481339989997656, "log10_min_child_weight": 4.100245191560329, "log10_subsample": -0.29798431466255926, "max_depth": 9.0, "num_boost_round": 14.0}, "datetime": {"datetime": "2024-01-19 00:28:49", "elapsed": 1082.998959, "delta": 0.001399}}
{"target": -17.687518470176755, "params": {"gamma": 14.053513275308571, "log10_alpha": 0.9628901539581536, "log10_colsample_bytree": -0.979995839921579, "log10_eta": -0.970262642019843, "log10_lambda": -1.5481339989997656, "log10_min_child_weight": 4.100245191560329, "log10_subsample": -0.29798431466255926, "max_depth": 9.0, "num_boost_round": 15.0}, "datetime": {"datetime": "2024-01-19 00:28:49", "elapsed": 1083.00038, "delta": 0.001421}}
{"target": -17.689653661341353, "params": {"gamma": 14.053513275308571, "log10_alpha": 0.9628901539581536, "log10_colsample_bytree": -0.979995839921579, "log10_eta": -0.970262642019843, "log10_lambda": -1.5481339989997656, "log10_min_child_weight": 4.100245191560329, "log10_subsample": -0.29798431466255926, "max_depth": 9.0, "num_boost_round": 16.0}, "datetime": {"datetime": "2024-01-19 00:28:49", "elapsed": 1083.002258, "delta": 0.001878}}
{"target": -17.68924944504043, "params": {"gamma": 14.053513275308571, "log10_alpha": 0.9628901539581536, "log10_colsample_bytree": -0.979995839921579, "log10_eta": -0.970262642019843, "log10_lambda": -1.5481339989997656, "log10_min_child_weight": 4.100245191560329, "log10_subsample": -0.29798431466255926, "max_depth": 9.0, "num_boost_round": 17.0}, "datetime": {"datetime": "2024-01-19 00:28:49", "elapsed": 1083.003948, "delta": 0.00169}}
{"target": -17.689255808425433, "params": {"gamma": 14.053513275308571, "log10_alpha": 0.9628901539581536, "log10_colsample_bytree": -0.979995839921579, "log10_eta": -0.970262642019843, "log10_lambda": -1.5481339989997656, "log10_min_child_weight": 4.100245191560329, "log10_subsample": -0.29798431466255926, "max_depth": 9.0, "num_boost_round": 18.0}, "datetime": {"datetime": "2024-01-19 00:28:49", "elapsed": 1083.005822, "delta": 0.001874}}
{"target": -17.689211384426493, "params": {"gamma": 14.053513275308571, "log10_alpha": 0.9628901539581536, "log10_colsample_bytree": -0.979995839921579, "log10_eta": -0.970262642019843, "log10_lambda": -1.5481339989997656, "log10_min_child_weight": 4.100245191560329, "log10_subsample": -0.29798431466255926, "max_depth": 9.0, "num_boost_round": 19.0}, "datetime": {"datetime": "2024-01-19 00:28:49", "elapsed": 1083.007758, "delta": 0.001936}}
{"target": -17.69063392847029, "params": {"gamma": 14.053513275308571, "log10_alpha": 0.9628901539581536, "log10_colsample_bytree": -0.979995839921579, "log10_eta": -0.970262642019843, "log10_lambda": -1.5481339989997656, "log10_min_child_weight": 4.100245191560329, "log10_subsample": -0.29798431466255926, "max_depth": 9.0, "num_boost_round": 20.0}, "datetime": {"datetime": "2024-01-19 00:28:49", "elapsed": 1083.009199, "delta": 0.001441}}
{"target": -17.690251120844156, "params": {"gamma": 14.053513275308571, "log10_alpha": 0.9628901539581536, "log10_colsample_bytree": -0.979995839921579, "log10_eta": -0.970262642019843, "log10_lambda": -1.5481339989997656, "log10_min_child_weight": 4.100245191560329, "log10_subsample": -0.29798431466255926, "max_depth": 9.0, "num_boost_round": 21.0}, "datetime": {"datetime": "2024-01-19 00:28:49", "elapsed": 1083.01061, "delta": 0.001411}}
{"target": -17.69125806057272, "params": {"gamma": 14.053513275308571, "log10_alpha": 0.9628901539581536, "log10_colsample_bytree": -0.979995839921579, "log10_eta": -0.970262642019843, "log10_lambda": -1.5481339989997656, "log10_min_child_weight": 4.100245191560329, "log10_subsample": -0.29798431466255926, "max_depth": 9.0, "num_boost_round": 22.0}, "datetime": {"datetime": "2024-01-19 00:28:49", "elapsed": 1083.012086, "delta": 0.001476}}
{"target": -17.692865827650905, "params": {"gamma": 14.053513275308571, "log10_alpha": 0.9628901539581536, "log10_colsample_bytree": -0.979995839921579, "log10_eta": -0.970262642019843, "log10_lambda": -1.5481339989997656, "log10_min_child_weight": 4.100245191560329, "log10_subsample": -0.29798431466255926, "max_depth": 9.0, "num_boost_round": 23.0}, "datetime": {"datetime": "2024-01-19 00:28:49", "elapsed": 1083.013524, "delta": 0.001438}}
{"target": -17.694743129280525, "params": {"gamma": 14.053513275308571, "log10_alpha": 0.9628901539581536, "log10_colsample_bytree": -0.979995839921579, "log10_eta": -0.970262642019843, "log10_lambda": -1.5481339989997656, "log10_min_child_weight": 4.100245191560329, "log10_subsample": -0.29798431466255926, "max_depth": 9.0, "num_boost_round": 24.0}, "datetime": {"datetime": "2024-01-19 00:28:49", "elapsed": 1083.014951, "delta": 0.001427}}
{"target": -17.69616409363012, "params": {"gamma": 14.053513275308571, "log10_alpha": 0.9628901539581536, "log10_colsample_bytree": -0.979995839921579, "log10_eta": -0.970262642019843, "log10_lambda": -1.5481339989997656, "log10_min_child_weight": 4.100245191560329, "log10_subsample": -0.29798431466255926, "max_depth": 9.0, "num_boost_round": 25.0}, "datetime": {"datetime": "2024-01-19 00:28:49", "elapsed": 1083.016454, "delta": 0.001503}}
{"target": -17.69857640456776, "params": {"gamma": 14.053513275308571, "log10_alpha": 0.9628901539581536, "log10_colsample_bytree": -0.979995839921579, "log10_eta": -0.970262642019843, "log10_lambda": -1.5481339989997656, "log10_min_child_weight": 4.100245191560329, "log10_subsample": -0.29798431466255926, "max_depth": 9.0, "num_boost_round": 26.0}, "datetime": {"datetime": "2024-01-19 00:28:49", "elapsed": 1083.018016, "delta": 0.001562}}
{"target": -17.698822180704802, "params": {"gamma": 14.053513275308571, "log10_alpha": 0.9628901539581536, "log10_colsample_bytree": -0.979995839921579, "log10_eta": -0.970262642019843, "log10_lambda": -1.5481339989997656, "log10_min_child_weight": 4.100245191560329, "log10_subsample": -0.29798431466255926, "max_depth": 9.0, "num_boost_round": 27.0}, "datetime": {"datetime": "2024-01-19 00:28:49", "elapsed": 1083.019964, "delta": 0.001948}}
{"target": -17.69981565116968, "params": {"gamma": 14.053513275308571, "log10_alpha": 0.9628901539581536, "log10_colsample_bytree": -0.979995839921579, "log10_eta": -0.970262642019843, "log10_lambda": -1.5481339989997656, "log10_min_child_weight": 4.100245191560329, "log10_subsample": -0.29798431466255926, "max_depth": 9.0, "num_boost_round": 28.0}, "datetime": {"datetime": "2024-01-19 00:28:49", "elapsed": 1083.021785, "delta": 0.001821}}
{"target": -17.702067338986513, "params": {"gamma": 14.053513275308571, "log10_alpha": 0.9628901539581536, "log10_colsample_bytree": -0.979995839921579, "log10_eta": -0.970262642019843, "log10_lambda": -1.5481339989997656, "log10_min_child_weight": 4.100245191560329, "log10_subsample": -0.29798431466255926, "max_depth": 9.0, "num_boost_round": 29.0}, "datetime": {"datetime": "2024-01-19 00:28:49", "elapsed": 1083.023477, "delta": 0.001692}}
{"target": -17.703357519842882, "params": {"gamma": 14.053513275308571, "log10_alpha": 0.9628901539581536, "log10_colsample_bytree": -0.979995839921579, "log10_eta": -0.970262642019843, "log10_lambda": -1.5481339989997656, "log10_min_child_weight": 4.100245191560329, "log10_subsample": -0.29798431466255926, "max_depth": 9.0, "num_boost_round": 30.0}, "datetime": {"datetime": "2024-01-19 00:28:49", "elapsed": 1083.024998, "delta": 0.001521}}
{"target": -17.702987982756802, "params": {"gamma": 14.053513275308571, "log10_alpha": 0.9628901539581536, "log10_colsample_bytree": -0.979995839921579, "log10_eta": -0.970262642019843, "log10_lambda": -1.5481339989997656, "log10_min_child_weight": 4.100245191560329, "log10_subsample": -0.29798431466255926, "max_depth": 9.0, "num_boost_round": 31.0}, "datetime": {"datetime": "2024-01-19 00:28:49", "elapsed": 1083.026496, "delta": 0.001498}}
{"target": -17.70738810089555, "params": {"gamma": 14.053513275308571, "log10_alpha": 0.9628901539581536, "log10_colsample_bytree": -0.979995839921579, "log10_eta": -0.970262642019843, "log10_lambda": -1.5481339989997656, "log10_min_child_weight": 4.100245191560329, "log10_subsample": -0.29798431466255926, "max_depth": 9.0, "num_boost_round": 32.0}, "datetime": {"datetime": "2024-01-19 00:28:49", "elapsed": 1083.027979, "delta": 0.001483}}
{"target": -17.710486766303703, "params": {"gamma": 14.053513275308571, "log10_alpha": 0.9628901539581536, "log10_colsample_bytree": -0.979995839921579, "log10_eta": -0.970262642019843, "log10_lambda": -1.5481339989997656, "log10_min_child_weight": 4.100245191560329, "log10_subsample": -0.29798431466255926, "max_depth": 9.0, "num_boost_round": 33.0}, "datetime": {"datetime": "2024-01-19 00:28:49", "elapsed": 1083.029419, "delta": 0.00144}}
{"target": -17.711839293390394, "params": {"gamma": 14.053513275308571, "log10_alpha": 0.9628901539581536, "log10_colsample_bytree": -0.979995839921579, "log10_eta": -0.970262642019843, "log10_lambda": -1.5481339989997656, "log10_min_child_weight": 4.100245191560329, "log10_subsample": -0.29798431466255926, "max_depth": 9.0, "num_boost_round": 34.0}, "datetime": {"datetime": "2024-01-19 00:28:49", "elapsed": 1083.030902, "delta": 0.001483}}
{"target": -17.713915435062376, "params": {"gamma": 14.053513275308571, "log10_alpha": 0.9628901539581536, "log10_colsample_bytree": -0.979995839921579, "log10_eta": -0.970262642019843, "log10_lambda": -1.5481339989997656, "log10_min_child_weight": 4.100245191560329, "log10_subsample": -0.29798431466255926, "max_depth": 9.0, "num_boost_round": 35.0}, "datetime": {"datetime": "2024-01-19 00:28:49", "elapsed": 1083.032391, "delta": 0.001489}}
{"target": -17.714484876323667, "params": {"gamma": 14.053513275308571, "log10_alpha": 0.9628901539581536, "log10_colsample_bytree": -0.979995839921579, "log10_eta": -0.970262642019843, "log10_lambda": -1.5481339989997656, "log10_min_child_weight": 4.100245191560329, "log10_subsample": -0.29798431466255926, "max_depth": 9.0, "num_boost_round": 36.0}, "datetime": {"datetime": "2024-01-19 00:28:49", "elapsed": 1083.033905, "delta": 0.001514}}
{"target": -17.717492815589704, "params": {"gamma": 14.053513275308571, "log10_alpha": 0.9628901539581536, "log10_colsample_bytree": -0.979995839921579, "log10_eta": -0.970262642019843, "log10_lambda": -1.5481339989997656, "log10_min_child_weight": 4.100245191560329, "log10_subsample": -0.29798431466255926, "max_depth": 9.0, "num_boost_round": 37.0}, "datetime": {"datetime": "2024-01-19 00:28:49", "elapsed": 1083.035387, "delta": 0.001482}}
{"target": -17.71886663319559, "params": {"gamma": 14.053513275308571, "log10_alpha": 0.9628901539581536, "log10_colsample_bytree": -0.979995839921579, "log10_eta": -0.970262642019843, "log10_lambda": -1.5481339989997656, "log10_min_child_weight": 4.100245191560329, "log10_subsample": -0.29798431466255926, "max_depth": 9.0, "num_boost_round": 38.0}, "datetime": {"datetime": "2024-01-19 00:28:49", "elapsed": 1083.036862, "delta": 0.001475}}
{"target": -17.720827133012374, "params": {"gamma": 14.053513275308571, "log10_alpha": 0.9628901539581536, "log10_colsample_bytree": -0.979995839921579, "log10_eta": -0.970262642019843, "log10_lambda": -1.5481339989997656, "log10_min_child_weight": 4.100245191560329, "log10_subsample": -0.29798431466255926, "max_depth": 9.0, "num_boost_round": 39.0}, "datetime": {"datetime": "2024-01-19 00:28:49", "elapsed": 1083.038355, "delta": 0.001493}}
{"target": -17.722882329221232, "params": {"gamma": 14.053513275308571, "log10_alpha": 0.9628901539581536, "log10_colsample_bytree": -0.979995839921579, "log10_eta": -0.970262642019843, "log10_lambda": -1.5481339989997656, "log10_min_child_weight": 4.100245191560329, "log10_subsample": -0.29798431466255926, "max_depth": 9.0, "num_boost_round": 40.0}, "datetime": {"datetime": "2024-01-19 00:28:49", "elapsed": 1083.039857, "delta": 0.001502}}
{"target": -17.724052722660765, "params": {"gamma": 14.053513275308571, "log10_alpha": 0.9628901539581536, "log10_colsample_bytree": -0.979995839921579, "log10_eta": -0.970262642019843, "log10_lambda": -1.5481339989997656, "log10_min_child_weight": 4.100245191560329, "log10_subsample": -0.29798431466255926, "max_depth": 9.0, "num_boost_round": 41.0}, "datetime": {"datetime": "2024-01-19 00:28:49", "elapsed": 1083.041322, "delta": 0.001465}}
