{"target": -13.75842223320795, "params": {"gamma": 847.6510798150692, "log10_alpha": -4.206111781950963, "log10_colsample_bytree": -0.37483596546371234, "log10_eta": -3.3635270539743094, "log10_lambda": -4.449265440183946, "log10_min_child_weight": 3.029298126882294, "log10_subsample": -0.08463769302724211, "max_depth": 8.0, "num_boost_round": 11.0}, "datetime": {"datetime": "2024-01-19 00:54:11", "elapsed": 2571.610613, "delta": 0.002536}}
{"target": -13.758431835442913, "params": {"gamma": 847.6510798150692, "log10_alpha": -4.206111781950963, "log10_colsample_bytree": -0.37483596546371234, "log10_eta": -3.3635270539743094, "log10_lambda": -4.449265440183946, "log10_min_child_weight": 3.029298126882294, "log10_subsample": -0.08463769302724211, "max_depth": 8.0, "num_boost_round": 12.0}, "datetime": {"datetime": "2024-01-19 00:54:11", "elapsed": 2571.613113, "delta": 0.0025}}
{"target": -13.758430561656267, "params": {"gamma": 847.6510798150692, "log10_alpha": -4.206111781950963, "log10_colsample_bytree": -0.37483596546371234, "log10_eta": -3.3635270539743094, "log10_lambda": -4.449265440183946, "log10_min_child_weight": 3.029298126882294, "log10_subsample": -0.08463769302724211, "max_depth": 8.0, "num_boost_round": 13.0}, "datetime": {"datetime": "2024-01-19 00:54:11", "elapsed": 2571.615618, "delta": 0.002505}}
{"target": -13.758412058408714, "params": {"gamma": 847.6510798150692, "log10_alpha": -4.206111781950963, "log10_colsample_bytree": -0.37483596546371234, "log10_eta": -3.3635270539743094, "log10_lambda": -4.449265440183946, "log10_min_child_weight": 3.029298126882294, "log10_subsample": -0.08463769302724211, "max_depth": 8.0, "num_boost_round": 14.0}, "datetime": {"datetime": "2024-01-19 00:54:11", "elapsed": 2571.618165, "delta": 0.002547}}
{"target": -13.758395728579533, "params": {"gamma": 847.6510798150692, "log10_alpha": -4.206111781950963, "log10_colsample_bytree": -0.37483596546371234, "log10_eta": -3.3635270539743094, "log10_lambda": -4.449265440183946, "log10_min_child_weight": 3.029298126882294, "log10_subsample": -0.08463769302724211, "max_depth": 8.0, "num_boost_round": 15.0}, "datetime": {"datetime": "2024-01-19 00:54:11", "elapsed": 2571.620782, "delta": 0.002617}}
{"target": -13.758391412630916, "params": {"gamma": 847.6510798150692, "log10_alpha": -4.206111781950963, "log10_colsample_bytree": -0.37483596546371234, "log10_eta": -3.3635270539743094, "log10_lambda": -4.449265440183946, "log10_min_child_weight": 3.029298126882294, "log10_subsample": -0.08463769302724211, "max_depth": 8.0, "num_boost_round": 16.0}, "datetime": {"datetime": "2024-01-19 00:54:11", "elapsed": 2571.623304, "delta": 0.002522}}
{"target": -13.758390487426787, "params": {"gamma": 847.6510798150692, "log10_alpha": -4.206111781950963, "log10_colsample_bytree": -0.37483596546371234, "log10_eta": -3.3635270539743094, "log10_lambda": -4.449265440183946, "log10_min_child_weight": 3.029298126882294, "log10_subsample": -0.08463769302724211, "max_depth": 8.0, "num_boost_round": 17.0}, "datetime": {"datetime": "2024-01-19 00:54:11", "elapsed": 2571.625838, "delta": 0.002534}}
{"target": -13.758381568853007, "params": {"gamma": 847.6510798150692, "log10_alpha": -4.206111781950963, "log10_colsample_bytree": -0.37483596546371234, "log10_eta": -3.3635270539743094, "log10_lambda": -4.449265440183946, "log10_min_child_weight": 3.029298126882294, "log10_subsample": -0.08463769302724211, "max_depth": 8.0, "num_boost_round": 18.0}, "datetime": {"datetime": "2024-01-19 00:54:11", "elapsed": 2571.628354, "delta": 0.002516}}
{"target": -13.758366365504969, "params": {"gamma": 847.6510798150692, "log10_alpha": -4.206111781950963, "log10_colsample_bytree": -0.37483596546371234, "log10_eta": -3.3635270539743094, "log10_lambda": -4.449265440183946, "log10_min_child_weight": 3.029298126882294, "log10_subsample": -0.08463769302724211, "max_depth": 8.0, "num_boost_round": 19.0}, "datetime": {"datetime": "2024-01-19 00:54:11", "elapsed": 2571.630891, "delta": 0.002537}}
{"target": -13.758351063941594, "params": {"gamma": 847.6510798150692, "log10_alpha": -4.206111781950963, "log10_colsample_bytree": -0.37483596546371234, "log10_eta": -3.3635270539743094, "log10_lambda": -4.449265440183946, "log10_min_child_weight": 3.029298126882294, "log10_subsample": -0.08463769302724211, "max_depth": 8.0, "num_boost_round": 20.0}, "datetime": {"datetime": "2024-01-19 00:54:11", "elapsed": 2571.731097, "delta": 0.100206}}
{"target": -13.758353494325466, "params": {"gamma": 847.6510798150692, "log10_alpha": -4.206111781950963, "log10_colsample_bytree": -0.37483596546371234, "log10_eta": -3.3635270539743094, "log10_lambda": -4.449265440183946, "log10_min_child_weight": 3.029298126882294, "log10_subsample": -0.08463769302724211, "max_depth": 8.0, "num_boost_round": 21.0}, "datetime": {"datetime": "2024-01-19 00:54:11", "elapsed": 2571.734064, "delta": 0.002967}}
{"target": -13.758348199895421, "params": {"gamma": 847.6510798150692, "log10_alpha": -4.206111781950963, "log10_colsample_bytree": -0.37483596546371234, "log10_eta": -3.3635270539743094, "log10_lambda": -4.449265440183946, "log10_min_child_weight": 3.029298126882294, "log10_subsample": -0.08463769302724211, "max_depth": 8.0, "num_boost_round": 22.0}, "datetime": {"datetime": "2024-01-19 00:54:11", "elapsed": 2571.736749, "delta": 0.002685}}
{"target": -13.758325483053003, "params": {"gamma": 847.6510798150692, "log10_alpha": -4.206111781950963, "log10_colsample_bytree": -0.37483596546371234, "log10_eta": -3.3635270539743094, "log10_lambda": -4.449265440183946, "log10_min_child_weight": 3.029298126882294, "log10_subsample": -0.08463769302724211, "max_depth": 8.0, "num_boost_round": 23.0}, "datetime": {"datetime": "2024-01-19 00:54:11", "elapsed": 2571.739399, "delta": 0.00265}}
{"target": -13.758535227405412, "params": {"gamma": 834.9368038257459, "log10_alpha": -4.6651824254417, "log10_colsample_bytree": -0.7038708832770441, "log10_eta": -3.4426373656332916, "log10_lambda": -2.2689551531071857, "log10_min_child_weight": 4.671532917972971, "log10_subsample": -0.7263391378119214, "max_depth": 4.0, "num_boost_round": 0.0}, "datetime": {"datetime": "2024-01-19 00:54:38", "elapsed": 2598.1283, "delta": 26.388901}}
{"target": -13.758534365913265, "params": {"gamma": 834.9368038257459, "log10_alpha": -4.6651824254417, "log10_colsample_bytree": -0.7038708832770441, "log10_eta": -3.4426373656332916, "log10_lambda": -2.2689551531071857, "log10_min_child_weight": 4.671532917972971, "log10_subsample": -0.7263391378119214, "max_depth": 4.0, "num_boost_round": 1.0}, "datetime": {"datetime": "2024-01-19 00:54:38", "elapsed": 2598.13159, "delta": 0.00329}}
{"target": -13.758534664685069, "params": {"gamma": 834.9368038257459, "log10_alpha": -4.6651824254417, "log10_colsample_bytree": -0.7038708832770441, "log10_eta": -3.4426373656332916, "log10_lambda": -2.2689551531071857, "log10_min_child_weight": 4.671532917972971, "log10_subsample": -0.7263391378119214, "max_depth": 4.0, "num_boost_round": 2.0}, "datetime": {"datetime": "2024-01-19 00:54:38", "elapsed": 2598.134342, "delta": 0.002752}}
{"target": -13.758533705132, "params": {"gamma": 834.9368038257459, "log10_alpha": -4.6651824254417, "log10_colsample_bytree": -0.7038708832770441, "log10_eta": -3.4426373656332916, "log10_lambda": -2.2689551531071857, "log10_min_child_weight": 4.671532917972971, "log10_subsample": -0.7263391378119214, "max_depth": 4.0, "num_boost_round": 3.0}, "datetime": {"datetime": "2024-01-19 00:54:38", "elapsed": 2598.136976, "delta": 0.002634}}
{"target": -13.75853410230311, "params": {"gamma": 834.9368038257459, "log10_alpha": -4.6651824254417, "log10_colsample_bytree": -0.7038708832770441, "log10_eta": -3.4426373656332916, "log10_lambda": -2.2689551531071857, "log10_min_child_weight": 4.671532917972971, "log10_subsample": -0.7263391378119214, "max_depth": 4.0, "num_boost_round": 4.0}, "datetime": {"datetime": "2024-01-19 00:54:38", "elapsed": 2598.139563, "delta": 0.002587}}
{"target": -13.75853244908382, "params": {"gamma": 834.9368038257459, "log10_alpha": -4.6651824254417, "log10_colsample_bytree": -0.7038708832770441, "log10_eta": -3.4426373656332916, "log10_lambda": -2.2689551531071857, "log10_min_child_weight": 4.671532917972971, "log10_subsample": -0.7263391378119214, "max_depth": 4.0, "num_boost_round": 5.0}, "datetime": {"datetime": "2024-01-19 00:54:38", "elapsed": 2598.142265, "delta": 0.002702}}
{"target": -13.758532965603118, "params": {"gamma": 834.9368038257459, "log10_alpha": -4.6651824254417, "log10_colsample_bytree": -0.7038708832770441, "log10_eta": -3.4426373656332916, "log10_lambda": -2.2689551531071857, "log10_min_child_weight": 4.671532917972971, "log10_subsample": -0.7263391378119214, "max_depth": 4.0, "num_boost_round": 6.0}, "datetime": {"datetime": "2024-01-19 00:54:38", "elapsed": 2598.144846, "delta": 0.002581}}
{"target": -13.758532429607829, "params": {"gamma": 834.9368038257459, "log10_alpha": -4.6651824254417, "log10_colsample_bytree": -0.7038708832770441, "log10_eta": -3.4426373656332916, "log10_lambda": -2.2689551531071857, "log10_min_child_weight": 4.671532917972971, "log10_subsample": -0.7263391378119214, "max_depth": 4.0, "num_boost_round": 7.0}, "datetime": {"datetime": "2024-01-19 00:54:38", "elapsed": 2598.14747, "delta": 0.002624}}
{"target": -13.758533132325624, "params": {"gamma": 834.9368038257459, "log10_alpha": -4.6651824254417, "log10_colsample_bytree": -0.7038708832770441, "log10_eta": -3.4426373656332916, "log10_lambda": -2.2689551531071857, "log10_min_child_weight": 4.671532917972971, "log10_subsample": -0.7263391378119214, "max_depth": 4.0, "num_boost_round": 8.0}, "datetime": {"datetime": "2024-01-19 00:54:38", "elapsed": 2598.15005, "delta": 0.00258}}
{"target": -13.758532881787557, "params": {"gamma": 834.9368038257459, "log10_alpha": -4.6651824254417, "log10_colsample_bytree": -0.7038708832770441, "log10_eta": -3.4426373656332916, "log10_lambda": -2.2689551531071857, "log10_min_child_weight": 4.671532917972971, "log10_subsample": -0.7263391378119214, "max_depth": 4.0, "num_boost_round": 9.0}, "datetime": {"datetime": "2024-01-19 00:54:38", "elapsed": 2598.152727, "delta": 0.002677}}
{"target": -13.758530398431256, "params": {"gamma": 834.9368038257459, "log10_alpha": -4.6651824254417, "log10_colsample_bytree": -0.7038708832770441, "log10_eta": -3.4426373656332916, "log10_lambda": -2.2689551531071857, "log10_min_child_weight": 4.671532917972971, "log10_subsample": -0.7263391378119214, "max_depth": 4.0, "num_boost_round": 10.0}, "datetime": {"datetime": "2024-01-19 00:54:38", "elapsed": 2598.155241, "delta": 0.002514}}
{"target": -13.75933781679903, "params": {"gamma": 844.7173883110562, "log10_alpha": -4.4796496189871835, "log10_colsample_bytree": -0.11232659282057578, "log10_eta": -1.5054628175201974, "log10_lambda": -4.734922692778382, "log10_min_child_weight": 1.2692454673483882, "log10_subsample": -0.433869082551557, "max_depth": 5.0, "num_boost_round": 0.0}, "datetime": {"datetime": "2024-01-19 00:55:06", "elapsed": 2626.773483, "delta": 28.618242}}
{"target": -13.759987483384112, "params": {"gamma": 844.7173883110562, "log10_alpha": -4.4796496189871835, "log10_colsample_bytree": -0.11232659282057578, "log10_eta": -1.5054628175201974, "log10_lambda": -4.734922692778382, "log10_min_child_weight": 1.2692454673483882, "log10_subsample": -0.433869082551557, "max_depth": 5.0, "num_boost_round": 1.0}, "datetime": {"datetime": "2024-01-19 00:55:06", "elapsed": 2626.776422, "delta": 0.002939}}
{"target": -13.760010022746433, "params": {"gamma": 844.7173883110562, "log10_alpha": -4.4796496189871835, "log10_colsample_bytree": -0.11232659282057578, "log10_eta": -1.5054628175201974, "log10_lambda": -4.734922692778382, "log10_min_child_weight": 1.2692454673483882, "log10_subsample": -0.433869082551557, "max_depth": 5.0, "num_boost_round": 2.0}, "datetime": {"datetime": "2024-01-19 00:55:06", "elapsed": 2626.779932, "delta": 0.00351}}
{"target": -13.76088062169965, "params": {"gamma": 844.7173883110562, "log10_alpha": -4.4796496189871835, "log10_colsample_bytree": -0.11232659282057578, "log10_eta": -1.5054628175201974, "log10_lambda": -4.734922692778382, "log10_min_child_weight": 1.2692454673483882, "log10_subsample": -0.433869082551557, "max_depth": 5.0, "num_boost_round": 3.0}, "datetime": {"datetime": "2024-01-19 00:55:06", "elapsed": 2626.782928, "delta": 0.002996}}
{"target": -13.762138440732391, "params": {"gamma": 844.7173883110562, "log10_alpha": -4.4796496189871835, "log10_colsample_bytree": -0.11232659282057578, "log10_eta": -1.5054628175201974, "log10_lambda": -4.734922692778382, "log10_min_child_weight": 1.2692454673483882, "log10_subsample": -0.433869082551557, "max_depth": 5.0, "num_boost_round": 4.0}, "datetime": {"datetime": "2024-01-19 00:55:06", "elapsed": 2626.785987, "delta": 0.003059}}
{"target": -13.762067177727797, "params": {"gamma": 844.7173883110562, "log10_alpha": -4.4796496189871835, "log10_colsample_bytree": -0.11232659282057578, "log10_eta": -1.5054628175201974, "log10_lambda": -4.734922692778382, "log10_min_child_weight": 1.2692454673483882, "log10_subsample": -0.433869082551557, "max_depth": 5.0, "num_boost_round": 5.0}, "datetime": {"datetime": "2024-01-19 00:55:06", "elapsed": 2626.788616, "delta": 0.002629}}
{"target": -13.76401146580754, "params": {"gamma": 844.7173883110562, "log10_alpha": -4.4796496189871835, "log10_colsample_bytree": -0.11232659282057578, "log10_eta": -1.5054628175201974, "log10_lambda": -4.734922692778382, "log10_min_child_weight": 1.2692454673483882, "log10_subsample": -0.433869082551557, "max_depth": 5.0, "num_boost_round": 6.0}, "datetime": {"datetime": "2024-01-19 00:55:06", "elapsed": 2626.791446, "delta": 0.00283}}
{"target": -13.766194218316679, "params": {"gamma": 844.7173883110562, "log10_alpha": -4.4796496189871835, "log10_colsample_bytree": -0.11232659282057578, "log10_eta": -1.5054628175201974, "log10_lambda": -4.734922692778382, "log10_min_child_weight": 1.2692454673483882, "log10_subsample": -0.433869082551557, "max_depth": 5.0, "num_boost_round": 7.0}, "datetime": {"datetime": "2024-01-19 00:55:06", "elapsed": 2626.794108, "delta": 0.002662}}
{"target": -13.768296783058632, "params": {"gamma": 844.7173883110562, "log10_alpha": -4.4796496189871835, "log10_colsample_bytree": -0.11232659282057578, "log10_eta": -1.5054628175201974, "log10_lambda": -4.734922692778382, "log10_min_child_weight": 1.2692454673483882, "log10_subsample": -0.433869082551557, "max_depth": 5.0, "num_boost_round": 8.0}, "datetime": {"datetime": "2024-01-19 00:55:06", "elapsed": 2626.796673, "delta": 0.002565}}
{"target": -13.771267925662945, "params": {"gamma": 844.7173883110562, "log10_alpha": -4.4796496189871835, "log10_colsample_bytree": -0.11232659282057578, "log10_eta": -1.5054628175201974, "log10_lambda": -4.734922692778382, "log10_min_child_weight": 1.2692454673483882, "log10_subsample": -0.433869082551557, "max_depth": 5.0, "num_boost_round": 9.0}, "datetime": {"datetime": "2024-01-19 00:55:06", "elapsed": 2626.799349, "delta": 0.002676}}
{"target": -13.773475815899204, "params": {"gamma": 844.7173883110562, "log10_alpha": -4.4796496189871835, "log10_colsample_bytree": -0.11232659282057578, "log10_eta": -1.5054628175201974, "log10_lambda": -4.734922692778382, "log10_min_child_weight": 1.2692454673483882, "log10_subsample": -0.433869082551557, "max_depth": 5.0, "num_boost_round": 10.0}, "datetime": {"datetime": "2024-01-19 00:55:06", "elapsed": 2626.802024, "delta": 0.002675}}
{"target": -13.77355512442165, "params": {"gamma": 844.7173883110562, "log10_alpha": -4.4796496189871835, "log10_colsample_bytree": -0.11232659282057578, "log10_eta": -1.5054628175201974, "log10_lambda": -4.734922692778382, "log10_min_child_weight": 1.2692454673483882, "log10_subsample": -0.433869082551557, "max_depth": 5.0, "num_boost_round": 11.0}, "datetime": {"datetime": "2024-01-19 00:55:06", "elapsed": 2626.804567, "delta": 0.002543}}
{"target": -13.775592375907085, "params": {"gamma": 844.7173883110562, "log10_alpha": -4.4796496189871835, "log10_colsample_bytree": -0.11232659282057578, "log10_eta": -1.5054628175201974, "log10_lambda": -4.734922692778382, "log10_min_child_weight": 1.2692454673483882, "log10_subsample": -0.433869082551557, "max_depth": 5.0, "num_boost_round": 12.0}, "datetime": {"datetime": "2024-01-19 00:55:06", "elapsed": 2626.807123, "delta": 0.002556}}
{"target": -13.775242003743482, "params": {"gamma": 844.7173883110562, "log10_alpha": -4.4796496189871835, "log10_colsample_bytree": -0.11232659282057578, "log10_eta": -1.5054628175201974, "log10_lambda": -4.734922692778382, "log10_min_child_weight": 1.2692454673483882, "log10_subsample": -0.433869082551557, "max_depth": 5.0, "num_boost_round": 13.0}, "datetime": {"datetime": "2024-01-19 00:55:06", "elapsed": 2626.809659, "delta": 0.002536}}
{"target": -13.776914156996753, "params": {"gamma": 844.7173883110562, "log10_alpha": -4.4796496189871835, "log10_colsample_bytree": -0.11232659282057578, "log10_eta": -1.5054628175201974, "log10_lambda": -4.734922692778382, "log10_min_child_weight": 1.2692454673483882, "log10_subsample": -0.433869082551557, "max_depth": 5.0, "num_boost_round": 14.0}, "datetime": {"datetime": "2024-01-19 00:55:06", "elapsed": 2626.812345, "delta": 0.002686}}
{"target": -13.777175748813091, "params": {"gamma": 844.7173883110562, "log10_alpha": -4.4796496189871835, "log10_colsample_bytree": -0.11232659282057578, "log10_eta": -1.5054628175201974, "log10_lambda": -4.734922692778382, "log10_min_child_weight": 1.2692454673483882, "log10_subsample": -0.433869082551557, "max_depth": 5.0, "num_boost_round": 15.0}, "datetime": {"datetime": "2024-01-19 00:55:06", "elapsed": 2626.814907, "delta": 0.002562}}
{"target": -13.777599556636018, "params": {"gamma": 844.7173883110562, "log10_alpha": -4.4796496189871835, "log10_colsample_bytree": -0.11232659282057578, "log10_eta": -1.5054628175201974, "log10_lambda": -4.734922692778382, "log10_min_child_weight": 1.2692454673483882, "log10_subsample": -0.433869082551557, "max_depth": 5.0, "num_boost_round": 16.0}, "datetime": {"datetime": "2024-01-19 00:55:06", "elapsed": 2626.817462, "delta": 0.002555}}
{"target": -13.778255013792878, "params": {"gamma": 844.7173883110562, "log10_alpha": -4.4796496189871835, "log10_colsample_bytree": -0.11232659282057578, "log10_eta": -1.5054628175201974, "log10_lambda": -4.734922692778382, "log10_min_child_weight": 1.2692454673483882, "log10_subsample": -0.433869082551557, "max_depth": 5.0, "num_boost_round": 17.0}, "datetime": {"datetime": "2024-01-19 00:55:06", "elapsed": 2626.820227, "delta": 0.002765}}
{"target": -13.77801191376558, "params": {"gamma": 844.7173883110562, "log10_alpha": -4.4796496189871835, "log10_colsample_bytree": -0.11232659282057578, "log10_eta": -1.5054628175201974, "log10_lambda": -4.734922692778382, "log10_min_child_weight": 1.2692454673483882, "log10_subsample": -0.433869082551557, "max_depth": 5.0, "num_boost_round": 18.0}, "datetime": {"datetime": "2024-01-19 00:55:06", "elapsed": 2626.822923, "delta": 0.002696}}
{"target": -13.778101807965061, "params": {"gamma": 844.7173883110562, "log10_alpha": -4.4796496189871835, "log10_colsample_bytree": -0.11232659282057578, "log10_eta": -1.5054628175201974, "log10_lambda": -4.734922692778382, "log10_min_child_weight": 1.2692454673483882, "log10_subsample": -0.433869082551557, "max_depth": 5.0, "num_boost_round": 19.0}, "datetime": {"datetime": "2024-01-19 00:55:06", "elapsed": 2626.825986, "delta": 0.003063}}
{"target": -13.77843079996957, "params": {"gamma": 844.7173883110562, "log10_alpha": -4.4796496189871835, "log10_colsample_bytree": -0.11232659282057578, "log10_eta": -1.5054628175201974, "log10_lambda": -4.734922692778382, "log10_min_child_weight": 1.2692454673483882, "log10_subsample": -0.433869082551557, "max_depth": 5.0, "num_boost_round": 20.0}, "datetime": {"datetime": "2024-01-19 00:55:06", "elapsed": 2626.828697, "delta": 0.002711}}
{"target": -13.780849877172919, "params": {"gamma": 844.7173883110562, "log10_alpha": -4.4796496189871835, "log10_colsample_bytree": -0.11232659282057578, "log10_eta": -1.5054628175201974, "log10_lambda": -4.734922692778382, "log10_min_child_weight": 1.2692454673483882, "log10_subsample": -0.433869082551557, "max_depth": 5.0, "num_boost_round": 21.0}, "datetime": {"datetime": "2024-01-19 00:55:06", "elapsed": 2626.831358, "delta": 0.002661}}
{"target": -13.782348387574261, "params": {"gamma": 844.7173883110562, "log10_alpha": -4.4796496189871835, "log10_colsample_bytree": -0.11232659282057578, "log10_eta": -1.5054628175201974, "log10_lambda": -4.734922692778382, "log10_min_child_weight": 1.2692454673483882, "log10_subsample": -0.433869082551557, "max_depth": 5.0, "num_boost_round": 22.0}, "datetime": {"datetime": "2024-01-19 00:55:06", "elapsed": 2626.834071, "delta": 0.002713}}
{"target": -13.758538098737878, "params": {"gamma": 842.8667790606672, "log10_alpha": -0.9976463390202968, "log10_colsample_bytree": -0.7820646696858538, "log10_eta": -3.8962189488187913, "log10_lambda": -3.896994439779177, "log10_min_child_weight": 4.737858267700431, "log10_subsample": -0.5178280310192125, "max_depth": 8.0, "num_boost_round": 0.0}, "datetime": {"datetime": "2024-01-19 00:55:36", "elapsed": 2656.363341, "delta": 29.52927}}
{"target": -13.758537072848702, "params": {"gamma": 842.8667790606672, "log10_alpha": -0.9976463390202968, "log10_colsample_bytree": -0.7820646696858538, "log10_eta": -3.8962189488187913, "log10_lambda": -3.896994439779177, "log10_min_child_weight": 4.737858267700431, "log10_subsample": -0.5178280310192125, "max_depth": 8.0, "num_boost_round": 1.0}, "datetime": {"datetime": "2024-01-19 00:55:36", "elapsed": 2656.366359, "delta": 0.003018}}
