{"target": -17.676744067717095, "params": {"gamma": 880.3501390746063, "log10_alpha": -0.7453447045424832, "log10_colsample_bytree": -0.9864980633159945, "log10_eta": -2.7092379735282948, "log10_lambda": -2.5813997361672625, "log10_min_child_weight": 2.158242794033761, "log10_subsample": -0.47098146682235753, "max_depth": 4.0, "num_boost_round": 14.0}, "datetime": {"datetime": "2024-01-19 00:42:20", "elapsed": 1820.900416, "delta": 0.002308}}
{"target": -17.676675502214252, "params": {"gamma": 880.3501390746063, "log10_alpha": -0.7453447045424832, "log10_colsample_bytree": -0.9864980633159945, "log10_eta": -2.7092379735282948, "log10_lambda": -2.5813997361672625, "log10_min_child_weight": 2.158242794033761, "log10_subsample": -0.47098146682235753, "max_depth": 4.0, "num_boost_round": 15.0}, "datetime": {"datetime": "2024-01-19 00:42:20", "elapsed": 1820.902619, "delta": 0.002203}}
{"target": -17.676640723691516, "params": {"gamma": 880.3501390746063, "log10_alpha": -0.7453447045424832, "log10_colsample_bytree": -0.9864980633159945, "log10_eta": -2.7092379735282948, "log10_lambda": -2.5813997361672625, "log10_min_child_weight": 2.158242794033761, "log10_subsample": -0.47098146682235753, "max_depth": 4.0, "num_boost_round": 16.0}, "datetime": {"datetime": "2024-01-19 00:42:20", "elapsed": 1820.904915, "delta": 0.002296}}
{"target": -17.67654760463418, "params": {"gamma": 880.3501390746063, "log10_alpha": -0.7453447045424832, "log10_colsample_bytree": -0.9864980633159945, "log10_eta": -2.7092379735282948, "log10_lambda": -2.5813997361672625, "log10_min_child_weight": 2.158242794033761, "log10_subsample": -0.47098146682235753, "max_depth": 4.0, "num_boost_round": 17.0}, "datetime": {"datetime": "2024-01-19 00:42:20", "elapsed": 1820.907095, "delta": 0.00218}}
{"target": -17.676528846139814, "params": {"gamma": 880.3501390746063, "log10_alpha": -0.7453447045424832, "log10_colsample_bytree": -0.9864980633159945, "log10_eta": -2.7092379735282948, "log10_lambda": -2.5813997361672625, "log10_min_child_weight": 2.158242794033761, "log10_subsample": -0.47098146682235753, "max_depth": 4.0, "num_boost_round": 18.0}, "datetime": {"datetime": "2024-01-19 00:42:20", "elapsed": 1820.909253, "delta": 0.002158}}
{"target": -17.67644447999459, "params": {"gamma": 880.3501390746063, "log10_alpha": -0.7453447045424832, "log10_colsample_bytree": -0.9864980633159945, "log10_eta": -2.7092379735282948, "log10_lambda": -2.5813997361672625, "log10_min_child_weight": 2.158242794033761, "log10_subsample": -0.47098146682235753, "max_depth": 4.0, "num_boost_round": 19.0}, "datetime": {"datetime": "2024-01-19 00:42:20", "elapsed": 1820.911422, "delta": 0.002169}}
{"target": -17.67640180059858, "params": {"gamma": 880.3501390746063, "log10_alpha": -0.7453447045424832, "log10_colsample_bytree": -0.9864980633159945, "log10_eta": -2.7092379735282948, "log10_lambda": -2.5813997361672625, "log10_min_child_weight": 2.158242794033761, "log10_subsample": -0.47098146682235753, "max_depth": 4.0, "num_boost_round": 20.0}, "datetime": {"datetime": "2024-01-19 00:42:20", "elapsed": 1820.913593, "delta": 0.002171}}
{"target": -17.676336110468263, "params": {"gamma": 880.3501390746063, "log10_alpha": -0.7453447045424832, "log10_colsample_bytree": -0.9864980633159945, "log10_eta": -2.7092379735282948, "log10_lambda": -2.5813997361672625, "log10_min_child_weight": 2.158242794033761, "log10_subsample": -0.47098146682235753, "max_depth": 4.0, "num_boost_round": 21.0}, "datetime": {"datetime": "2024-01-19 00:42:20", "elapsed": 1820.915792, "delta": 0.002199}}
{"target": -17.676254354531444, "params": {"gamma": 880.3501390746063, "log10_alpha": -0.7453447045424832, "log10_colsample_bytree": -0.9864980633159945, "log10_eta": -2.7092379735282948, "log10_lambda": -2.5813997361672625, "log10_min_child_weight": 2.158242794033761, "log10_subsample": -0.47098146682235753, "max_depth": 4.0, "num_boost_round": 22.0}, "datetime": {"datetime": "2024-01-19 00:42:20", "elapsed": 1820.917998, "delta": 0.002206}}
{"target": -17.676205823579547, "params": {"gamma": 880.3501390746063, "log10_alpha": -0.7453447045424832, "log10_colsample_bytree": -0.9864980633159945, "log10_eta": -2.7092379735282948, "log10_lambda": -2.5813997361672625, "log10_min_child_weight": 2.158242794033761, "log10_subsample": -0.47098146682235753, "max_depth": 4.0, "num_boost_round": 23.0}, "datetime": {"datetime": "2024-01-19 00:42:20", "elapsed": 1820.920172, "delta": 0.002174}}
{"target": -17.67619516847333, "params": {"gamma": 880.3501390746063, "log10_alpha": -0.7453447045424832, "log10_colsample_bytree": -0.9864980633159945, "log10_eta": -2.7092379735282948, "log10_lambda": -2.5813997361672625, "log10_min_child_weight": 2.158242794033761, "log10_subsample": -0.47098146682235753, "max_depth": 4.0, "num_boost_round": 24.0}, "datetime": {"datetime": "2024-01-19 00:42:20", "elapsed": 1820.922376, "delta": 0.002204}}
{"target": -17.676098001760096, "params": {"gamma": 880.3501390746063, "log10_alpha": -0.7453447045424832, "log10_colsample_bytree": -0.9864980633159945, "log10_eta": -2.7092379735282948, "log10_lambda": -2.5813997361672625, "log10_min_child_weight": 2.158242794033761, "log10_subsample": -0.47098146682235753, "max_depth": 4.0, "num_boost_round": 25.0}, "datetime": {"datetime": "2024-01-19 00:42:20", "elapsed": 1820.924563, "delta": 0.002187}}
{"target": -17.676048816617715, "params": {"gamma": 880.3501390746063, "log10_alpha": -0.7453447045424832, "log10_colsample_bytree": -0.9864980633159945, "log10_eta": -2.7092379735282948, "log10_lambda": -2.5813997361672625, "log10_min_child_weight": 2.158242794033761, "log10_subsample": -0.47098146682235753, "max_depth": 4.0, "num_boost_round": 26.0}, "datetime": {"datetime": "2024-01-19 00:42:20", "elapsed": 1820.926757, "delta": 0.002194}}
{"target": -17.67595359019199, "params": {"gamma": 880.3501390746063, "log10_alpha": -0.7453447045424832, "log10_colsample_bytree": -0.9864980633159945, "log10_eta": -2.7092379735282948, "log10_lambda": -2.5813997361672625, "log10_min_child_weight": 2.158242794033761, "log10_subsample": -0.47098146682235753, "max_depth": 4.0, "num_boost_round": 27.0}, "datetime": {"datetime": "2024-01-19 00:42:20", "elapsed": 1820.928972, "delta": 0.002215}}
{"target": -17.67591517601603, "params": {"gamma": 880.3501390746063, "log10_alpha": -0.7453447045424832, "log10_colsample_bytree": -0.9864980633159945, "log10_eta": -2.7092379735282948, "log10_lambda": -2.5813997361672625, "log10_min_child_weight": 2.158242794033761, "log10_subsample": -0.47098146682235753, "max_depth": 4.0, "num_boost_round": 28.0}, "datetime": {"datetime": "2024-01-19 00:42:20", "elapsed": 1820.931158, "delta": 0.002186}}
{"target": -17.67585637516358, "params": {"gamma": 880.3501390746063, "log10_alpha": -0.7453447045424832, "log10_colsample_bytree": -0.9864980633159945, "log10_eta": -2.7092379735282948, "log10_lambda": -2.5813997361672625, "log10_min_child_weight": 2.158242794033761, "log10_subsample": -0.47098146682235753, "max_depth": 4.0, "num_boost_round": 29.0}, "datetime": {"datetime": "2024-01-19 00:42:20", "elapsed": 1820.933356, "delta": 0.002198}}
{"target": -17.675772985325978, "params": {"gamma": 880.3501390746063, "log10_alpha": -0.7453447045424832, "log10_colsample_bytree": -0.9864980633159945, "log10_eta": -2.7092379735282948, "log10_lambda": -2.5813997361672625, "log10_min_child_weight": 2.158242794033761, "log10_subsample": -0.47098146682235753, "max_depth": 4.0, "num_boost_round": 30.0}, "datetime": {"datetime": "2024-01-19 00:42:20", "elapsed": 1820.93557, "delta": 0.002214}}
{"target": -17.675735534393443, "params": {"gamma": 880.3501390746063, "log10_alpha": -0.7453447045424832, "log10_colsample_bytree": -0.9864980633159945, "log10_eta": -2.7092379735282948, "log10_lambda": -2.5813997361672625, "log10_min_child_weight": 2.158242794033761, "log10_subsample": -0.47098146682235753, "max_depth": 4.0, "num_boost_round": 31.0}, "datetime": {"datetime": "2024-01-19 00:42:20", "elapsed": 1820.937755, "delta": 0.002185}}
{"target": -17.675669967690713, "params": {"gamma": 880.3501390746063, "log10_alpha": -0.7453447045424832, "log10_colsample_bytree": -0.9864980633159945, "log10_eta": -2.7092379735282948, "log10_lambda": -2.5813997361672625, "log10_min_child_weight": 2.158242794033761, "log10_subsample": -0.47098146682235753, "max_depth": 4.0, "num_boost_round": 32.0}, "datetime": {"datetime": "2024-01-19 00:42:20", "elapsed": 1820.939957, "delta": 0.002202}}
{"target": -17.675588219614284, "params": {"gamma": 880.3501390746063, "log10_alpha": -0.7453447045424832, "log10_colsample_bytree": -0.9864980633159945, "log10_eta": -2.7092379735282948, "log10_lambda": -2.5813997361672625, "log10_min_child_weight": 2.158242794033761, "log10_subsample": -0.47098146682235753, "max_depth": 4.0, "num_boost_round": 33.0}, "datetime": {"datetime": "2024-01-19 00:42:20", "elapsed": 1820.942187, "delta": 0.00223}}
{"target": -17.675475936569796, "params": {"gamma": 880.3501390746063, "log10_alpha": -0.7453447045424832, "log10_colsample_bytree": -0.9864980633159945, "log10_eta": -2.7092379735282948, "log10_lambda": -2.5813997361672625, "log10_min_child_weight": 2.158242794033761, "log10_subsample": -0.47098146682235753, "max_depth": 4.0, "num_boost_round": 34.0}, "datetime": {"datetime": "2024-01-19 00:42:20", "elapsed": 1820.944394, "delta": 0.002207}}
{"target": -17.675421656134418, "params": {"gamma": 880.3501390746063, "log10_alpha": -0.7453447045424832, "log10_colsample_bytree": -0.9864980633159945, "log10_eta": -2.7092379735282948, "log10_lambda": -2.5813997361672625, "log10_min_child_weight": 2.158242794033761, "log10_subsample": -0.47098146682235753, "max_depth": 4.0, "num_boost_round": 35.0}, "datetime": {"datetime": "2024-01-19 00:42:20", "elapsed": 1820.946594, "delta": 0.0022}}
{"target": -17.67536706611721, "params": {"gamma": 880.3501390746063, "log10_alpha": -0.7453447045424832, "log10_colsample_bytree": -0.9864980633159945, "log10_eta": -2.7092379735282948, "log10_lambda": -2.5813997361672625, "log10_min_child_weight": 2.158242794033761, "log10_subsample": -0.47098146682235753, "max_depth": 4.0, "num_boost_round": 36.0}, "datetime": {"datetime": "2024-01-19 00:42:20", "elapsed": 1820.948788, "delta": 0.002194}}
{"target": -17.675301713772186, "params": {"gamma": 880.3501390746063, "log10_alpha": -0.7453447045424832, "log10_colsample_bytree": -0.9864980633159945, "log10_eta": -2.7092379735282948, "log10_lambda": -2.5813997361672625, "log10_min_child_weight": 2.158242794033761, "log10_subsample": -0.47098146682235753, "max_depth": 4.0, "num_boost_round": 37.0}, "datetime": {"datetime": "2024-01-19 00:42:20", "elapsed": 1820.950995, "delta": 0.002207}}
{"target": -17.67531393399336, "params": {"gamma": 880.3501390746063, "log10_alpha": -0.7453447045424832, "log10_colsample_bytree": -0.9864980633159945, "log10_eta": -2.7092379735282948, "log10_lambda": -2.5813997361672625, "log10_min_child_weight": 2.158242794033761, "log10_subsample": -0.47098146682235753, "max_depth": 4.0, "num_boost_round": 38.0}, "datetime": {"datetime": "2024-01-19 00:42:20", "elapsed": 1820.953181, "delta": 0.002186}}
{"target": -17.675265521877993, "params": {"gamma": 880.3501390746063, "log10_alpha": -0.7453447045424832, "log10_colsample_bytree": -0.9864980633159945, "log10_eta": -2.7092379735282948, "log10_lambda": -2.5813997361672625, "log10_min_child_weight": 2.158242794033761, "log10_subsample": -0.47098146682235753, "max_depth": 4.0, "num_boost_round": 39.0}, "datetime": {"datetime": "2024-01-19 00:42:20", "elapsed": 1820.955379, "delta": 0.002198}}
{"target": -17.675233450288644, "params": {"gamma": 880.3501390746063, "log10_alpha": -0.7453447045424832, "log10_colsample_bytree": -0.9864980633159945, "log10_eta": -2.7092379735282948, "log10_lambda": -2.5813997361672625, "log10_min_child_weight": 2.158242794033761, "log10_subsample": -0.47098146682235753, "max_depth": 4.0, "num_boost_round": 40.0}, "datetime": {"datetime": "2024-01-19 00:42:20", "elapsed": 1820.957604, "delta": 0.002225}}
{"target": -17.677232815272937, "params": {"gamma": 878.5703649842372, "log10_alpha": -3.5290597706033546, "log10_colsample_bytree": -0.3655502506961137, "log10_eta": -3.8337822018620042, "log10_lambda": -4.767731111125496, "log10_min_child_weight": 4.838545001087818, "log10_subsample": -0.3893541319652496, "max_depth": 7.0, "num_boost_round": 0.0}, "datetime": {"datetime": "2024-01-19 00:42:55", "elapsed": 1856.368299, "delta": 35.410695}}
{"target": -17.677231158519632, "params": {"gamma": 878.5703649842372, "log10_alpha": -3.5290597706033546, "log10_colsample_bytree": -0.3655502506961137, "log10_eta": -3.8337822018620042, "log10_lambda": -4.767731111125496, "log10_min_child_weight": 4.838545001087818, "log10_subsample": -0.3893541319652496, "max_depth": 7.0, "num_boost_round": 1.0}, "datetime": {"datetime": "2024-01-19 00:42:55", "elapsed": 1856.371637, "delta": 0.003338}}
{"target": -17.67723263556893, "params": {"gamma": 878.5703649842372, "log10_alpha": -3.5290597706033546, "log10_colsample_bytree": -0.3655502506961137, "log10_eta": -3.8337822018620042, "log10_lambda": -4.767731111125496, "log10_min_child_weight": 4.838545001087818, "log10_subsample": -0.3893541319652496, "max_depth": 7.0, "num_boost_round": 2.0}, "datetime": {"datetime": "2024-01-19 00:42:55", "elapsed": 1856.374286, "delta": 0.002649}}
{"target": -17.677230822660352, "params": {"gamma": 878.5703649842372, "log10_alpha": -3.5290597706033546, "log10_colsample_bytree": -0.3655502506961137, "log10_eta": -3.8337822018620042, "log10_lambda": -4.767731111125496, "log10_min_child_weight": 4.838545001087818, "log10_subsample": -0.3893541319652496, "max_depth": 7.0, "num_boost_round": 3.0}, "datetime": {"datetime": "2024-01-19 00:42:55", "elapsed": 1856.376621, "delta": 0.002335}}
{"target": -17.67722945179624, "params": {"gamma": 878.5703649842372, "log10_alpha": -3.5290597706033546, "log10_colsample_bytree": -0.3655502506961137, "log10_eta": -3.8337822018620042, "log10_lambda": -4.767731111125496, "log10_min_child_weight": 4.838545001087818, "log10_subsample": -0.3893541319652496, "max_depth": 7.0, "num_boost_round": 4.0}, "datetime": {"datetime": "2024-01-19 00:42:55", "elapsed": 1856.378873, "delta": 0.002252}}
{"target": -17.677229221490425, "params": {"gamma": 878.5703649842372, "log10_alpha": -3.5290597706033546, "log10_colsample_bytree": -0.3655502506961137, "log10_eta": -3.8337822018620042, "log10_lambda": -4.767731111125496, "log10_min_child_weight": 4.838545001087818, "log10_subsample": -0.3893541319652496, "max_depth": 7.0, "num_boost_round": 5.0}, "datetime": {"datetime": "2024-01-19 00:42:55", "elapsed": 1856.381172, "delta": 0.002299}}
{"target": -17.677228691290182, "params": {"gamma": 878.5703649842372, "log10_alpha": -3.5290597706033546, "log10_colsample_bytree": -0.3655502506961137, "log10_eta": -3.8337822018620042, "log10_lambda": -4.767731111125496, "log10_min_child_weight": 4.838545001087818, "log10_subsample": -0.3893541319652496, "max_depth": 7.0, "num_boost_round": 6.0}, "datetime": {"datetime": "2024-01-19 00:42:55", "elapsed": 1856.383366, "delta": 0.002194}}
{"target": -17.67722889320701, "params": {"gamma": 878.5703649842372, "log10_alpha": -3.5290597706033546, "log10_colsample_bytree": -0.3655502506961137, "log10_eta": -3.8337822018620042, "log10_lambda": -4.767731111125496, "log10_min_child_weight": 4.838545001087818, "log10_subsample": -0.3893541319652496, "max_depth": 7.0, "num_boost_round": 7.0}, "datetime": {"datetime": "2024-01-19 00:42:55", "elapsed": 1856.385575, "delta": 0.002209}}
{"target": -17.67722632474887, "params": {"gamma": 878.5703649842372, "log10_alpha": -3.5290597706033546, "log10_colsample_bytree": -0.3655502506961137, "log10_eta": -3.8337822018620042, "log10_lambda": -4.767731111125496, "log10_min_child_weight": 4.838545001087818, "log10_subsample": -0.3893541319652496, "max_depth": 7.0, "num_boost_round": 8.0}, "datetime": {"datetime": "2024-01-19 00:42:55", "elapsed": 1856.387779, "delta": 0.002204}}
{"target": -17.677225478893817, "params": {"gamma": 878.5703649842372, "log10_alpha": -3.5290597706033546, "log10_colsample_bytree": -0.3655502506961137, "log10_eta": -3.8337822018620042, "log10_lambda": -4.767731111125496, "log10_min_child_weight": 4.838545001087818, "log10_subsample": -0.3893541319652496, "max_depth": 7.0, "num_boost_round": 9.0}, "datetime": {"datetime": "2024-01-19 00:42:55", "elapsed": 1856.389973, "delta": 0.002194}}
{"target": -17.677225252895038, "params": {"gamma": 878.5703649842372, "log10_alpha": -3.5290597706033546, "log10_colsample_bytree": -0.3655502506961137, "log10_eta": -3.8337822018620042, "log10_lambda": -4.767731111125496, "log10_min_child_weight": 4.838545001087818, "log10_subsample": -0.3893541319652496, "max_depth": 7.0, "num_boost_round": 10.0}, "datetime": {"datetime": "2024-01-19 00:42:55", "elapsed": 1856.392246, "delta": 0.002273}}
{"target": -17.67722343860837, "params": {"gamma": 878.5703649842372, "log10_alpha": -3.5290597706033546, "log10_colsample_bytree": -0.3655502506961137, "log10_eta": -3.8337822018620042, "log10_lambda": -4.767731111125496, "log10_min_child_weight": 4.838545001087818, "log10_subsample": -0.3893541319652496, "max_depth": 7.0, "num_boost_round": 11.0}, "datetime": {"datetime": "2024-01-19 00:42:55", "elapsed": 1856.39445, "delta": 0.002204}}
{"target": -17.677223394901063, "params": {"gamma": 878.5703649842372, "log10_alpha": -3.5290597706033546, "log10_colsample_bytree": -0.3655502506961137, "log10_eta": -3.8337822018620042, "log10_lambda": -4.767731111125496, "log10_min_child_weight": 4.838545001087818, "log10_subsample": -0.3893541319652496, "max_depth": 7.0, "num_boost_round": 12.0}, "datetime": {"datetime": "2024-01-19 00:42:55", "elapsed": 1856.39675, "delta": 0.0023}}
{"target": -17.67722203437373, "params": {"gamma": 878.5703649842372, "log10_alpha": -3.5290597706033546, "log10_colsample_bytree": -0.3655502506961137, "log10_eta": -3.8337822018620042, "log10_lambda": -4.767731111125496, "log10_min_child_weight": 4.838545001087818, "log10_subsample": -0.3893541319652496, "max_depth": 7.0, "num_boost_round": 13.0}, "datetime": {"datetime": "2024-01-19 00:42:55", "elapsed": 1856.399067, "delta": 0.002317}}
{"target": -17.67722174531803, "params": {"gamma": 878.5703649842372, "log10_alpha": -3.5290597706033546, "log10_colsample_bytree": -0.3655502506961137, "log10_eta": -3.8337822018620042, "log10_lambda": -4.767731111125496, "log10_min_child_weight": 4.838545001087818, "log10_subsample": -0.3893541319652496, "max_depth": 7.0, "num_boost_round": 14.0}, "datetime": {"datetime": "2024-01-19 00:42:55", "elapsed": 1856.401388, "delta": 0.002321}}
{"target": -17.677219885371663, "params": {"gamma": 878.5703649842372, "log10_alpha": -3.5290597706033546, "log10_colsample_bytree": -0.3655502506961137, "log10_eta": -3.8337822018620042, "log10_lambda": -4.767731111125496, "log10_min_child_weight": 4.838545001087818, "log10_subsample": -0.3893541319652496, "max_depth": 7.0, "num_boost_round": 15.0}, "datetime": {"datetime": "2024-01-19 00:42:55", "elapsed": 1856.403741, "delta": 0.002353}}
{"target": -17.677219290769788, "params": {"gamma": 878.5703649842372, "log10_alpha": -3.5290597706033546, "log10_colsample_bytree": -0.3655502506961137, "log10_eta": -3.8337822018620042, "log10_lambda": -4.767731111125496, "log10_min_child_weight": 4.838545001087818, "log10_subsample": -0.3893541319652496, "max_depth": 7.0, "num_boost_round": 16.0}, "datetime": {"datetime": "2024-01-19 00:42:55", "elapsed": 1856.405963, "delta": 0.002222}}
{"target": -17.67721848675605, "params": {"gamma": 878.5703649842372, "log10_alpha": -3.5290597706033546, "log10_colsample_bytree": -0.3655502506961137, "log10_eta": -3.8337822018620042, "log10_lambda": -4.767731111125496, "log10_min_child_weight": 4.838545001087818, "log10_subsample": -0.3893541319652496, "max_depth": 7.0, "num_boost_round": 17.0}, "datetime": {"datetime": "2024-01-19 00:42:55", "elapsed": 1856.408243, "delta": 0.00228}}
{"target": -17.677217122266054, "params": {"gamma": 878.5703649842372, "log10_alpha": -3.5290597706033546, "log10_colsample_bytree": -0.3655502506961137, "log10_eta": -3.8337822018620042, "log10_lambda": -4.767731111125496, "log10_min_child_weight": 4.838545001087818, "log10_subsample": -0.3893541319652496, "max_depth": 7.0, "num_boost_round": 18.0}, "datetime": {"datetime": "2024-01-19 00:42:55", "elapsed": 1856.410463, "delta": 0.00222}}
{"target": -17.677214650315495, "params": {"gamma": 878.5703649842372, "log10_alpha": -3.5290597706033546, "log10_colsample_bytree": -0.3655502506961137, "log10_eta": -3.8337822018620042, "log10_lambda": -4.767731111125496, "log10_min_child_weight": 4.838545001087818, "log10_subsample": -0.3893541319652496, "max_depth": 7.0, "num_boost_round": 19.0}, "datetime": {"datetime": "2024-01-19 00:42:55", "elapsed": 1856.412714, "delta": 0.002251}}
{"target": -17.677212806655636, "params": {"gamma": 878.5703649842372, "log10_alpha": -3.5290597706033546, "log10_colsample_bytree": -0.3655502506961137, "log10_eta": -3.8337822018620042, "log10_lambda": -4.767731111125496, "log10_min_child_weight": 4.838545001087818, "log10_subsample": -0.3893541319652496, "max_depth": 7.0, "num_boost_round": 20.0}, "datetime": {"datetime": "2024-01-19 00:42:55", "elapsed": 1856.415009, "delta": 0.002295}}
{"target": -17.67721082492275, "params": {"gamma": 878.5703649842372, "log10_alpha": -3.5290597706033546, "log10_colsample_bytree": -0.3655502506961137, "log10_eta": -3.8337822018620042, "log10_lambda": -4.767731111125496, "log10_min_child_weight": 4.838545001087818, "log10_subsample": -0.3893541319652496, "max_depth": 7.0, "num_boost_round": 21.0}, "datetime": {"datetime": "2024-01-19 00:42:55", "elapsed": 1856.417267, "delta": 0.002258}}
