{"target": -17.675083767927223, "params": {"gamma": 857.3863654264712, "log10_alpha": -0.4906718596509254, "log10_colsample_bytree": -0.17886539518999167, "log10_eta": -2.3193914474330546, "log10_lambda": -3.3587624602800252, "log10_min_child_weight": 1.3761159030500425, "log10_subsample": -0.10770605382761445, "max_depth": 2.0, "num_boost_round": 21.0}, "datetime": {"datetime": "2024-01-19 01:25:41", "elapsed": 4422.268827, "delta": 0.004578}}
{"target": -17.675003826634345, "params": {"gamma": 857.3863654264712, "log10_alpha": -0.4906718596509254, "log10_colsample_bytree": -0.17886539518999167, "log10_eta": -2.3193914474330546, "log10_lambda": -3.3587624602800252, "log10_min_child_weight": 1.3761159030500425, "log10_subsample": -0.10770605382761445, "max_depth": 2.0, "num_boost_round": 22.0}, "datetime": {"datetime": "2024-01-19 01:25:41", "elapsed": 4422.273407, "delta": 0.00458}}
{"target": -17.674870122784075, "params": {"gamma": 857.3863654264712, "log10_alpha": -0.4906718596509254, "log10_colsample_bytree": -0.17886539518999167, "log10_eta": -2.3193914474330546, "log10_lambda": -3.3587624602800252, "log10_min_child_weight": 1.3761159030500425, "log10_subsample": -0.10770605382761445, "max_depth": 2.0, "num_boost_round": 23.0}, "datetime": {"datetime": "2024-01-19 01:25:41", "elapsed": 4422.278164, "delta": 0.004757}}
{"target": -17.674837119512773, "params": {"gamma": 857.3863654264712, "log10_alpha": -0.4906718596509254, "log10_colsample_bytree": -0.17886539518999167, "log10_eta": -2.3193914474330546, "log10_lambda": -3.3587624602800252, "log10_min_child_weight": 1.3761159030500425, "log10_subsample": -0.10770605382761445, "max_depth": 2.0, "num_boost_round": 24.0}, "datetime": {"datetime": "2024-01-19 01:25:41", "elapsed": 4422.282758, "delta": 0.004594}}
{"target": -17.677232989165976, "params": {"gamma": 861.8960441790792, "log10_alpha": -2.8215249735369485, "log10_colsample_bytree": -0.5786019943875993, "log10_eta": -3.4513004732531516, "log10_lambda": 0.5783745512870393, "log10_min_child_weight": 4.765998081212671, "log10_subsample": -0.8245960130566973, "max_depth": 7.0, "num_boost_round": 0.0}, "datetime": {"datetime": "2024-01-19 01:26:35", "elapsed": 4476.568466, "delta": 54.285708}}
{"target": -17.677229510429875, "params": {"gamma": 861.8960441790792, "log10_alpha": -2.8215249735369485, "log10_colsample_bytree": -0.5786019943875993, "log10_eta": -3.4513004732531516, "log10_lambda": 0.5783745512870393, "log10_min_child_weight": 4.765998081212671, "log10_subsample": -0.8245960130566973, "max_depth": 7.0, "num_boost_round": 1.0}, "datetime": {"datetime": "2024-01-19 01:26:35", "elapsed": 4476.57472, "delta": 0.006254}}
{"target": -17.677230127464025, "params": {"gamma": 861.8960441790792, "log10_alpha": -2.8215249735369485, "log10_colsample_bytree": -0.5786019943875993, "log10_eta": -3.4513004732531516, "log10_lambda": 0.5783745512870393, "log10_min_child_weight": 4.765998081212671, "log10_subsample": -0.8245960130566973, "max_depth": 7.0, "num_boost_round": 2.0}, "datetime": {"datetime": "2024-01-19 01:26:35", "elapsed": 4476.579596, "delta": 0.004876}}
{"target": -17.677226672413436, "params": {"gamma": 861.8960441790792, "log10_alpha": -2.8215249735369485, "log10_colsample_bytree": -0.5786019943875993, "log10_eta": -3.4513004732531516, "log10_lambda": 0.5783745512870393, "log10_min_child_weight": 4.765998081212671, "log10_subsample": -0.8245960130566973, "max_depth": 7.0, "num_boost_round": 3.0}, "datetime": {"datetime": "2024-01-19 01:26:35", "elapsed": 4476.584365, "delta": 0.004769}}
{"target": -17.677226057637604, "params": {"gamma": 861.8960441790792, "log10_alpha": -2.8215249735369485, "log10_colsample_bytree": -0.5786019943875993, "log10_eta": -3.4513004732531516, "log10_lambda": 0.5783745512870393, "log10_min_child_weight": 4.765998081212671, "log10_subsample": -0.8245960130566973, "max_depth": 7.0, "num_boost_round": 4.0}, "datetime": {"datetime": "2024-01-19 01:26:35", "elapsed": 4476.589036, "delta": 0.004671}}
{"target": -17.67722495138134, "params": {"gamma": 861.8960441790792, "log10_alpha": -2.8215249735369485, "log10_colsample_bytree": -0.5786019943875993, "log10_eta": -3.4513004732531516, "log10_lambda": 0.5783745512870393, "log10_min_child_weight": 4.765998081212671, "log10_subsample": -0.8245960130566973, "max_depth": 7.0, "num_boost_round": 5.0}, "datetime": {"datetime": "2024-01-19 01:26:35", "elapsed": 4476.593715, "delta": 0.004679}}
{"target": -17.677224364610773, "params": {"gamma": 861.8960441790792, "log10_alpha": -2.8215249735369485, "log10_colsample_bytree": -0.5786019943875993, "log10_eta": -3.4513004732531516, "log10_lambda": 0.5783745512870393, "log10_min_child_weight": 4.765998081212671, "log10_subsample": -0.8245960130566973, "max_depth": 7.0, "num_boost_round": 6.0}, "datetime": {"datetime": "2024-01-19 01:26:35", "elapsed": 4476.598399, "delta": 0.004684}}
{"target": -17.677224310057056, "params": {"gamma": 861.8960441790792, "log10_alpha": -2.8215249735369485, "log10_colsample_bytree": -0.5786019943875993, "log10_eta": -3.4513004732531516, "log10_lambda": 0.5783745512870393, "log10_min_child_weight": 4.765998081212671, "log10_subsample": -0.8245960130566973, "max_depth": 7.0, "num_boost_round": 7.0}, "datetime": {"datetime": "2024-01-19 01:26:35", "elapsed": 4476.602942, "delta": 0.004543}}
{"target": -17.677223550055405, "params": {"gamma": 861.8960441790792, "log10_alpha": -2.8215249735369485, "log10_colsample_bytree": -0.5786019943875993, "log10_eta": -3.4513004732531516, "log10_lambda": 0.5783745512870393, "log10_min_child_weight": 4.765998081212671, "log10_subsample": -0.8245960130566973, "max_depth": 7.0, "num_boost_round": 8.0}, "datetime": {"datetime": "2024-01-19 01:26:35", "elapsed": 4476.607528, "delta": 0.004586}}
{"target": -17.677220823243353, "params": {"gamma": 861.8960441790792, "log10_alpha": -2.8215249735369485, "log10_colsample_bytree": -0.5786019943875993, "log10_eta": -3.4513004732531516, "log10_lambda": 0.5783745512870393, "log10_min_child_weight": 4.765998081212671, "log10_subsample": -0.8245960130566973, "max_depth": 7.0, "num_boost_round": 9.0}, "datetime": {"datetime": "2024-01-19 01:26:35", "elapsed": 4476.612112, "delta": 0.004584}}
{"target": -17.67721741411548, "params": {"gamma": 861.8960441790792, "log10_alpha": -2.8215249735369485, "log10_colsample_bytree": -0.5786019943875993, "log10_eta": -3.4513004732531516, "log10_lambda": 0.5783745512870393, "log10_min_child_weight": 4.765998081212671, "log10_subsample": -0.8245960130566973, "max_depth": 7.0, "num_boost_round": 10.0}, "datetime": {"datetime": "2024-01-19 01:26:35", "elapsed": 4476.616669, "delta": 0.004557}}
{"target": -17.67721471046893, "params": {"gamma": 861.8960441790792, "log10_alpha": -2.8215249735369485, "log10_colsample_bytree": -0.5786019943875993, "log10_eta": -3.4513004732531516, "log10_lambda": 0.5783745512870393, "log10_min_child_weight": 4.765998081212671, "log10_subsample": -0.8245960130566973, "max_depth": 7.0, "num_boost_round": 11.0}, "datetime": {"datetime": "2024-01-19 01:26:35", "elapsed": 4476.621522, "delta": 0.004853}}
{"target": -17.677211557580637, "params": {"gamma": 861.8960441790792, "log10_alpha": -2.8215249735369485, "log10_colsample_bytree": -0.5786019943875993, "log10_eta": -3.4513004732531516, "log10_lambda": 0.5783745512870393, "log10_min_child_weight": 4.765998081212671, "log10_subsample": -0.8245960130566973, "max_depth": 7.0, "num_boost_round": 12.0}, "datetime": {"datetime": "2024-01-19 01:26:35", "elapsed": 4476.626344, "delta": 0.004822}}
{"target": -17.677211127275587, "params": {"gamma": 861.8960441790792, "log10_alpha": -2.8215249735369485, "log10_colsample_bytree": -0.5786019943875993, "log10_eta": -3.4513004732531516, "log10_lambda": 0.5783745512870393, "log10_min_child_weight": 4.765998081212671, "log10_subsample": -0.8245960130566973, "max_depth": 7.0, "num_boost_round": 13.0}, "datetime": {"datetime": "2024-01-19 01:26:35", "elapsed": 4476.630785, "delta": 0.004441}}
{"target": -17.6772103190973, "params": {"gamma": 861.8960441790792, "log10_alpha": -2.8215249735369485, "log10_colsample_bytree": -0.5786019943875993, "log10_eta": -3.4513004732531516, "log10_lambda": 0.5783745512870393, "log10_min_child_weight": 4.765998081212671, "log10_subsample": -0.8245960130566973, "max_depth": 7.0, "num_boost_round": 14.0}, "datetime": {"datetime": "2024-01-19 01:26:35", "elapsed": 4476.635537, "delta": 0.004752}}
{"target": -17.677206976598953, "params": {"gamma": 861.8960441790792, "log10_alpha": -2.8215249735369485, "log10_colsample_bytree": -0.5786019943875993, "log10_eta": -3.4513004732531516, "log10_lambda": 0.5783745512870393, "log10_min_child_weight": 4.765998081212671, "log10_subsample": -0.8245960130566973, "max_depth": 7.0, "num_boost_round": 15.0}, "datetime": {"datetime": "2024-01-19 01:26:35", "elapsed": 4476.640416, "delta": 0.004879}}
{"target": -17.677204409433145, "params": {"gamma": 861.8960441790792, "log10_alpha": -2.8215249735369485, "log10_colsample_bytree": -0.5786019943875993, "log10_eta": -3.4513004732531516, "log10_lambda": 0.5783745512870393, "log10_min_child_weight": 4.765998081212671, "log10_subsample": -0.8245960130566973, "max_depth": 7.0, "num_boost_round": 16.0}, "datetime": {"datetime": "2024-01-19 01:26:35", "elapsed": 4476.644906, "delta": 0.00449}}
{"target": -17.677203393482806, "params": {"gamma": 861.8960441790792, "log10_alpha": -2.8215249735369485, "log10_colsample_bytree": -0.5786019943875993, "log10_eta": -3.4513004732531516, "log10_lambda": 0.5783745512870393, "log10_min_child_weight": 4.765998081212671, "log10_subsample": -0.8245960130566973, "max_depth": 7.0, "num_boost_round": 17.0}, "datetime": {"datetime": "2024-01-19 01:26:36", "elapsed": 4476.649583, "delta": 0.004677}}
{"target": -17.677200519407677, "params": {"gamma": 861.8960441790792, "log10_alpha": -2.8215249735369485, "log10_colsample_bytree": -0.5786019943875993, "log10_eta": -3.4513004732531516, "log10_lambda": 0.5783745512870393, "log10_min_child_weight": 4.765998081212671, "log10_subsample": -0.8245960130566973, "max_depth": 7.0, "num_boost_round": 18.0}, "datetime": {"datetime": "2024-01-19 01:26:36", "elapsed": 4476.654437, "delta": 0.004854}}
{"target": -17.677197930015407, "params": {"gamma": 861.8960441790792, "log10_alpha": -2.8215249735369485, "log10_colsample_bytree": -0.5786019943875993, "log10_eta": -3.4513004732531516, "log10_lambda": 0.5783745512870393, "log10_min_child_weight": 4.765998081212671, "log10_subsample": -0.8245960130566973, "max_depth": 7.0, "num_boost_round": 19.0}, "datetime": {"datetime": "2024-01-19 01:26:36", "elapsed": 4476.65907, "delta": 0.004633}}
{"target": -17.677194209729684, "params": {"gamma": 861.8960441790792, "log10_alpha": -2.8215249735369485, "log10_colsample_bytree": -0.5786019943875993, "log10_eta": -3.4513004732531516, "log10_lambda": 0.5783745512870393, "log10_min_child_weight": 4.765998081212671, "log10_subsample": -0.8245960130566973, "max_depth": 7.0, "num_boost_round": 20.0}, "datetime": {"datetime": "2024-01-19 01:26:36", "elapsed": 4476.663686, "delta": 0.004616}}
{"target": -17.677191647177374, "params": {"gamma": 861.8960441790792, "log10_alpha": -2.8215249735369485, "log10_colsample_bytree": -0.5786019943875993, "log10_eta": -3.4513004732531516, "log10_lambda": 0.5783745512870393, "log10_min_child_weight": 4.765998081212671, "log10_subsample": -0.8245960130566973, "max_depth": 7.0, "num_boost_round": 21.0}, "datetime": {"datetime": "2024-01-19 01:26:36", "elapsed": 4476.668616, "delta": 0.00493}}
{"target": -17.67718851498939, "params": {"gamma": 861.8960441790792, "log10_alpha": -2.8215249735369485, "log10_colsample_bytree": -0.5786019943875993, "log10_eta": -3.4513004732531516, "log10_lambda": 0.5783745512870393, "log10_min_child_weight": 4.765998081212671, "log10_subsample": -0.8245960130566973, "max_depth": 7.0, "num_boost_round": 22.0}, "datetime": {"datetime": "2024-01-19 01:26:36", "elapsed": 4476.673455, "delta": 0.004839}}
{"target": -17.677183988865057, "params": {"gamma": 861.8960441790792, "log10_alpha": -2.8215249735369485, "log10_colsample_bytree": -0.5786019943875993, "log10_eta": -3.4513004732531516, "log10_lambda": 0.5783745512870393, "log10_min_child_weight": 4.765998081212671, "log10_subsample": -0.8245960130566973, "max_depth": 7.0, "num_boost_round": 23.0}, "datetime": {"datetime": "2024-01-19 01:26:36", "elapsed": 4476.678175, "delta": 0.00472}}
{"target": -17.67718394293651, "params": {"gamma": 861.8960441790792, "log10_alpha": -2.8215249735369485, "log10_colsample_bytree": -0.5786019943875993, "log10_eta": -3.4513004732531516, "log10_lambda": 0.5783745512870393, "log10_min_child_weight": 4.765998081212671, "log10_subsample": -0.8245960130566973, "max_depth": 7.0, "num_boost_round": 24.0}, "datetime": {"datetime": "2024-01-19 01:26:36", "elapsed": 4476.683017, "delta": 0.004842}}
{"target": -17.6771828378895, "params": {"gamma": 861.8960441790792, "log10_alpha": -2.8215249735369485, "log10_colsample_bytree": -0.5786019943875993, "log10_eta": -3.4513004732531516, "log10_lambda": 0.5783745512870393, "log10_min_child_weight": 4.765998081212671, "log10_subsample": -0.8245960130566973, "max_depth": 7.0, "num_boost_round": 25.0}, "datetime": {"datetime": "2024-01-19 01:26:36", "elapsed": 4476.687656, "delta": 0.004639}}
{"target": -17.67718168353679, "params": {"gamma": 861.8960441790792, "log10_alpha": -2.8215249735369485, "log10_colsample_bytree": -0.5786019943875993, "log10_eta": -3.4513004732531516, "log10_lambda": 0.5783745512870393, "log10_min_child_weight": 4.765998081212671, "log10_subsample": -0.8245960130566973, "max_depth": 7.0, "num_boost_round": 26.0}, "datetime": {"datetime": "2024-01-19 01:26:36", "elapsed": 4476.692293, "delta": 0.004637}}
{"target": -17.677179002234883, "params": {"gamma": 861.8960441790792, "log10_alpha": -2.8215249735369485, "log10_colsample_bytree": -0.5786019943875993, "log10_eta": -3.4513004732531516, "log10_lambda": 0.5783745512870393, "log10_min_child_weight": 4.765998081212671, "log10_subsample": -0.8245960130566973, "max_depth": 7.0, "num_boost_round": 27.0}, "datetime": {"datetime": "2024-01-19 01:26:36", "elapsed": 4476.697153, "delta": 0.00486}}
{"target": -17.67717666772638, "params": {"gamma": 861.8960441790792, "log10_alpha": -2.8215249735369485, "log10_colsample_bytree": -0.5786019943875993, "log10_eta": -3.4513004732531516, "log10_lambda": 0.5783745512870393, "log10_min_child_weight": 4.765998081212671, "log10_subsample": -0.8245960130566973, "max_depth": 7.0, "num_boost_round": 28.0}, "datetime": {"datetime": "2024-01-19 01:26:36", "elapsed": 4476.702056, "delta": 0.004903}}
{"target": -17.677172871482988, "params": {"gamma": 861.8960441790792, "log10_alpha": -2.8215249735369485, "log10_colsample_bytree": -0.5786019943875993, "log10_eta": -3.4513004732531516, "log10_lambda": 0.5783745512870393, "log10_min_child_weight": 4.765998081212671, "log10_subsample": -0.8245960130566973, "max_depth": 7.0, "num_boost_round": 29.0}, "datetime": {"datetime": "2024-01-19 01:26:36", "elapsed": 4476.706603, "delta": 0.004547}}
{"target": -17.67717015256346, "params": {"gamma": 861.8960441790792, "log10_alpha": -2.8215249735369485, "log10_colsample_bytree": -0.5786019943875993, "log10_eta": -3.4513004732531516, "log10_lambda": 0.5783745512870393, "log10_min_child_weight": 4.765998081212671, "log10_subsample": -0.8245960130566973, "max_depth": 7.0, "num_boost_round": 30.0}, "datetime": {"datetime": "2024-01-19 01:26:36", "elapsed": 4476.711265, "delta": 0.004662}}
{"target": -17.677170072977898, "params": {"gamma": 861.8960441790792, "log10_alpha": -2.8215249735369485, "log10_colsample_bytree": -0.5786019943875993, "log10_eta": -3.4513004732531516, "log10_lambda": 0.5783745512870393, "log10_min_child_weight": 4.765998081212671, "log10_subsample": -0.8245960130566973, "max_depth": 7.0, "num_boost_round": 31.0}, "datetime": {"datetime": "2024-01-19 01:26:36", "elapsed": 4476.716065, "delta": 0.0048}}
{"target": -17.677168551352555, "params": {"gamma": 861.8960441790792, "log10_alpha": -2.8215249735369485, "log10_colsample_bytree": -0.5786019943875993, "log10_eta": -3.4513004732531516, "log10_lambda": 0.5783745512870393, "log10_min_child_weight": 4.765998081212671, "log10_subsample": -0.8245960130566973, "max_depth": 7.0, "num_boost_round": 32.0}, "datetime": {"datetime": "2024-01-19 01:26:36", "elapsed": 4476.721243, "delta": 0.005178}}
{"target": -17.677166505708833, "params": {"gamma": 861.8960441790792, "log10_alpha": -2.8215249735369485, "log10_colsample_bytree": -0.5786019943875993, "log10_eta": -3.4513004732531516, "log10_lambda": 0.5783745512870393, "log10_min_child_weight": 4.765998081212671, "log10_subsample": -0.8245960130566973, "max_depth": 7.0, "num_boost_round": 33.0}, "datetime": {"datetime": "2024-01-19 01:26:36", "elapsed": 4476.727235, "delta": 0.005992}}
{"target": -17.677164623462193, "params": {"gamma": 861.8960441790792, "log10_alpha": -2.8215249735369485, "log10_colsample_bytree": -0.5786019943875993, "log10_eta": -3.4513004732531516, "log10_lambda": 0.5783745512870393, "log10_min_child_weight": 4.765998081212671, "log10_subsample": -0.8245960130566973, "max_depth": 7.0, "num_boost_round": 34.0}, "datetime": {"datetime": "2024-01-19 01:26:36", "elapsed": 4476.732419, "delta": 0.005184}}
{"target": -17.67716363934629, "params": {"gamma": 861.8960441790792, "log10_alpha": -2.8215249735369485, "log10_colsample_bytree": -0.5786019943875993, "log10_eta": -3.4513004732531516, "log10_lambda": 0.5783745512870393, "log10_min_child_weight": 4.765998081212671, "log10_subsample": -0.8245960130566973, "max_depth": 7.0, "num_boost_round": 35.0}, "datetime": {"datetime": "2024-01-19 01:26:36", "elapsed": 4476.737277, "delta": 0.004858}}
{"target": -17.677163614381897, "params": {"gamma": 861.8960441790792, "log10_alpha": -2.8215249735369485, "log10_colsample_bytree": -0.5786019943875993, "log10_eta": -3.4513004732531516, "log10_lambda": 0.5783745512870393, "log10_min_child_weight": 4.765998081212671, "log10_subsample": -0.8245960130566973, "max_depth": 7.0, "num_boost_round": 36.0}, "datetime": {"datetime": "2024-01-19 01:26:36", "elapsed": 4476.742147, "delta": 0.00487}}
{"target": -17.6771634333956, "params": {"gamma": 861.8960441790792, "log10_alpha": -2.8215249735369485, "log10_colsample_bytree": -0.5786019943875993, "log10_eta": -3.4513004732531516, "log10_lambda": 0.5783745512870393, "log10_min_child_weight": 4.765998081212671, "log10_subsample": -0.8245960130566973, "max_depth": 7.0, "num_boost_round": 37.0}, "datetime": {"datetime": "2024-01-19 01:26:36", "elapsed": 4476.746653, "delta": 0.004506}}
{"target": -17.677162713610905, "params": {"gamma": 861.8960441790792, "log10_alpha": -2.8215249735369485, "log10_colsample_bytree": -0.5786019943875993, "log10_eta": -3.4513004732531516, "log10_lambda": 0.5783745512870393, "log10_min_child_weight": 4.765998081212671, "log10_subsample": -0.8245960130566973, "max_depth": 7.0, "num_boost_round": 38.0}, "datetime": {"datetime": "2024-01-19 01:26:36", "elapsed": 4476.751486, "delta": 0.004833}}
{"target": -17.677161305468942, "params": {"gamma": 861.8960441790792, "log10_alpha": -2.8215249735369485, "log10_colsample_bytree": -0.5786019943875993, "log10_eta": -3.4513004732531516, "log10_lambda": 0.5783745512870393, "log10_min_child_weight": 4.765998081212671, "log10_subsample": -0.8245960130566973, "max_depth": 7.0, "num_boost_round": 39.0}, "datetime": {"datetime": "2024-01-19 01:26:36", "elapsed": 4476.881814, "delta": 0.130328}}
{"target": -17.67716086436558, "params": {"gamma": 861.8960441790792, "log10_alpha": -2.8215249735369485, "log10_colsample_bytree": -0.5786019943875993, "log10_eta": -3.4513004732531516, "log10_lambda": 0.5783745512870393, "log10_min_child_weight": 4.765998081212671, "log10_subsample": -0.8245960130566973, "max_depth": 7.0, "num_boost_round": 40.0}, "datetime": {"datetime": "2024-01-19 01:26:36", "elapsed": 4476.887186, "delta": 0.005372}}
{"target": -17.67718050735299, "params": {"gamma": 868.5599766575522, "log10_alpha": -0.47853841632411154, "log10_colsample_bytree": -0.9148326974419049, "log10_eta": -2.8329787604742447, "log10_lambda": 0.2656370600373208, "log10_min_child_weight": 4.189877459796372, "log10_subsample": -0.05506815352366434, "max_depth": 9.0, "num_boost_round": 0.0}, "datetime": {"datetime": "2024-01-19 01:27:27", "elapsed": 4528.519808, "delta": 51.632622}}
{"target": -17.67717833555681, "params": {"gamma": 868.5599766575522, "log10_alpha": -0.47853841632411154, "log10_colsample_bytree": -0.9148326974419049, "log10_eta": -2.8329787604742447, "log10_lambda": 0.2656370600373208, "log10_min_child_weight": 4.189877459796372, "log10_subsample": -0.05506815352366434, "max_depth": 9.0, "num_boost_round": 1.0}, "datetime": {"datetime": "2024-01-19 01:27:27", "elapsed": 4528.525798, "delta": 0.00599}}
{"target": -17.67715127434966, "params": {"gamma": 868.5599766575522, "log10_alpha": -0.47853841632411154, "log10_colsample_bytree": -0.9148326974419049, "log10_eta": -2.8329787604742447, "log10_lambda": 0.2656370600373208, "log10_min_child_weight": 4.189877459796372, "log10_subsample": -0.05506815352366434, "max_depth": 9.0, "num_boost_round": 2.0}, "datetime": {"datetime": "2024-01-19 01:27:27", "elapsed": 4528.531643, "delta": 0.005845}}
{"target": -17.67714237113801, "params": {"gamma": 868.5599766575522, "log10_alpha": -0.47853841632411154, "log10_colsample_bytree": -0.9148326974419049, "log10_eta": -2.8329787604742447, "log10_lambda": 0.2656370600373208, "log10_min_child_weight": 4.189877459796372, "log10_subsample": -0.05506815352366434, "max_depth": 9.0, "num_boost_round": 3.0}, "datetime": {"datetime": "2024-01-19 01:27:27", "elapsed": 4528.537003, "delta": 0.00536}}
