{"target": -17.676805432361316, "params": {"gamma": 68.66390259453237, "log10_alpha": -0.34389139192356755, "log10_colsample_bytree": -0.5167846344302326, "log10_eta": -3.062556213945665, "log10_lambda": -4.646020869532035, "log10_min_child_weight": 0.7590039980870017, "log10_subsample": -0.5998756394216465, "max_depth": 4.0, "num_boost_round": 14.0}, "datetime": {"datetime": "2024-01-19 00:36:47", "elapsed": 1515.21344, "delta": 0.002015}}
{"target": -17.67679731148514, "params": {"gamma": 68.66390259453237, "log10_alpha": -0.34389139192356755, "log10_colsample_bytree": -0.5167846344302326, "log10_eta": -3.062556213945665, "log10_lambda": -4.646020869532035, "log10_min_child_weight": 0.7590039980870017, "log10_subsample": -0.5998756394216465, "max_depth": 4.0, "num_boost_round": 15.0}, "datetime": {"datetime": "2024-01-19 00:36:47", "elapsed": 1515.215468, "delta": 0.002028}}
{"target": -17.676783731419235, "params": {"gamma": 68.66390259453237, "log10_alpha": -0.34389139192356755, "log10_colsample_bytree": -0.5167846344302326, "log10_eta": -3.062556213945665, "log10_lambda": -4.646020869532035, "log10_min_child_weight": 0.7590039980870017, "log10_subsample": -0.5998756394216465, "max_depth": 4.0, "num_boost_round": 16.0}, "datetime": {"datetime": "2024-01-19 00:36:47", "elapsed": 1515.217556, "delta": 0.002088}}
{"target": -17.67723291526454, "params": {"gamma": 714.5236433199959, "log10_alpha": -3.0391160415459764, "log10_colsample_bytree": -0.5394013970705747, "log10_eta": -3.5319124975507306, "log10_lambda": -4.204031685335522, "log10_min_child_weight": 1.1610661671719802, "log10_subsample": -0.8654281768593521, "max_depth": 7.0, "num_boost_round": 0.0}, "datetime": {"datetime": "2024-01-19 00:37:38", "elapsed": 1566.088601, "delta": 50.871045}}
{"target": -17.677201180973004, "params": {"gamma": 714.5236433199959, "log10_alpha": -3.0391160415459764, "log10_colsample_bytree": -0.5394013970705747, "log10_eta": -3.5319124975507306, "log10_lambda": -4.204031685335522, "log10_min_child_weight": 1.1610661671719802, "log10_subsample": -0.8654281768593521, "max_depth": 7.0, "num_boost_round": 1.0}, "datetime": {"datetime": "2024-01-19 00:37:38", "elapsed": 1566.090822, "delta": 0.002221}}
{"target": -17.677188474311468, "params": {"gamma": 714.5236433199959, "log10_alpha": -3.0391160415459764, "log10_colsample_bytree": -0.5394013970705747, "log10_eta": -3.5319124975507306, "log10_lambda": -4.204031685335522, "log10_min_child_weight": 1.1610661671719802, "log10_subsample": -0.8654281768593521, "max_depth": 7.0, "num_boost_round": 2.0}, "datetime": {"datetime": "2024-01-19 00:37:38", "elapsed": 1566.092978, "delta": 0.002156}}
{"target": -17.67717922276738, "params": {"gamma": 714.5236433199959, "log10_alpha": -3.0391160415459764, "log10_colsample_bytree": -0.5394013970705747, "log10_eta": -3.5319124975507306, "log10_lambda": -4.204031685335522, "log10_min_child_weight": 1.1610661671719802, "log10_subsample": -0.8654281768593521, "max_depth": 7.0, "num_boost_round": 3.0}, "datetime": {"datetime": "2024-01-19 00:37:38", "elapsed": 1566.095014, "delta": 0.002036}}
{"target": -17.677174631737035, "params": {"gamma": 714.5236433199959, "log10_alpha": -3.0391160415459764, "log10_colsample_bytree": -0.5394013970705747, "log10_eta": -3.5319124975507306, "log10_lambda": -4.204031685335522, "log10_min_child_weight": 1.1610661671719802, "log10_subsample": -0.8654281768593521, "max_depth": 7.0, "num_boost_round": 4.0}, "datetime": {"datetime": "2024-01-19 00:37:38", "elapsed": 1566.097036, "delta": 0.002022}}
{"target": -17.67714536321947, "params": {"gamma": 714.5236433199959, "log10_alpha": -3.0391160415459764, "log10_colsample_bytree": -0.5394013970705747, "log10_eta": -3.5319124975507306, "log10_lambda": -4.204031685335522, "log10_min_child_weight": 1.1610661671719802, "log10_subsample": -0.8654281768593521, "max_depth": 7.0, "num_boost_round": 5.0}, "datetime": {"datetime": "2024-01-19 00:37:38", "elapsed": 1566.099071, "delta": 0.002035}}
{"target": -17.67714081408735, "params": {"gamma": 714.5236433199959, "log10_alpha": -3.0391160415459764, "log10_colsample_bytree": -0.5394013970705747, "log10_eta": -3.5319124975507306, "log10_lambda": -4.204031685335522, "log10_min_child_weight": 1.1610661671719802, "log10_subsample": -0.8654281768593521, "max_depth": 7.0, "num_boost_round": 6.0}, "datetime": {"datetime": "2024-01-19 00:37:38", "elapsed": 1566.1011, "delta": 0.002029}}
{"target": -17.677119721713805, "params": {"gamma": 714.5236433199959, "log10_alpha": -3.0391160415459764, "log10_colsample_bytree": -0.5394013970705747, "log10_eta": -3.5319124975507306, "log10_lambda": -4.204031685335522, "log10_min_child_weight": 1.1610661671719802, "log10_subsample": -0.8654281768593521, "max_depth": 7.0, "num_boost_round": 7.0}, "datetime": {"datetime": "2024-01-19 00:37:38", "elapsed": 1566.104041, "delta": 0.002941}}
{"target": -17.67711213310916, "params": {"gamma": 714.5236433199959, "log10_alpha": -3.0391160415459764, "log10_colsample_bytree": -0.5394013970705747, "log10_eta": -3.5319124975507306, "log10_lambda": -4.204031685335522, "log10_min_child_weight": 1.1610661671719802, "log10_subsample": -0.8654281768593521, "max_depth": 7.0, "num_boost_round": 8.0}, "datetime": {"datetime": "2024-01-19 00:37:38", "elapsed": 1566.107001, "delta": 0.00296}}
{"target": -17.677087370698164, "params": {"gamma": 714.5236433199959, "log10_alpha": -3.0391160415459764, "log10_colsample_bytree": -0.5394013970705747, "log10_eta": -3.5319124975507306, "log10_lambda": -4.204031685335522, "log10_min_child_weight": 1.1610661671719802, "log10_subsample": -0.8654281768593521, "max_depth": 7.0, "num_boost_round": 9.0}, "datetime": {"datetime": "2024-01-19 00:37:38", "elapsed": 1566.109244, "delta": 0.002243}}
{"target": -17.677043005478623, "params": {"gamma": 714.5236433199959, "log10_alpha": -3.0391160415459764, "log10_colsample_bytree": -0.5394013970705747, "log10_eta": -3.5319124975507306, "log10_lambda": -4.204031685335522, "log10_min_child_weight": 1.1610661671719802, "log10_subsample": -0.8654281768593521, "max_depth": 7.0, "num_boost_round": 10.0}, "datetime": {"datetime": "2024-01-19 00:37:38", "elapsed": 1566.111287, "delta": 0.002043}}
{"target": -17.677034222468027, "params": {"gamma": 714.5236433199959, "log10_alpha": -3.0391160415459764, "log10_colsample_bytree": -0.5394013970705747, "log10_eta": -3.5319124975507306, "log10_lambda": -4.204031685335522, "log10_min_child_weight": 1.1610661671719802, "log10_subsample": -0.8654281768593521, "max_depth": 7.0, "num_boost_round": 11.0}, "datetime": {"datetime": "2024-01-19 00:37:38", "elapsed": 1566.113333, "delta": 0.002046}}
{"target": -17.677022194416733, "params": {"gamma": 714.5236433199959, "log10_alpha": -3.0391160415459764, "log10_colsample_bytree": -0.5394013970705747, "log10_eta": -3.5319124975507306, "log10_lambda": -4.204031685335522, "log10_min_child_weight": 1.1610661671719802, "log10_subsample": -0.8654281768593521, "max_depth": 7.0, "num_boost_round": 12.0}, "datetime": {"datetime": "2024-01-19 00:37:38", "elapsed": 1566.115381, "delta": 0.002048}}
{"target": -17.6769958080721, "params": {"gamma": 714.5236433199959, "log10_alpha": -3.0391160415459764, "log10_colsample_bytree": -0.5394013970705747, "log10_eta": -3.5319124975507306, "log10_lambda": -4.204031685335522, "log10_min_child_weight": 1.1610661671719802, "log10_subsample": -0.8654281768593521, "max_depth": 7.0, "num_boost_round": 13.0}, "datetime": {"datetime": "2024-01-19 00:37:38", "elapsed": 1566.117571, "delta": 0.00219}}
{"target": -17.67699660730433, "params": {"gamma": 714.5236433199959, "log10_alpha": -3.0391160415459764, "log10_colsample_bytree": -0.5394013970705747, "log10_eta": -3.5319124975507306, "log10_lambda": -4.204031685335522, "log10_min_child_weight": 1.1610661671719802, "log10_subsample": -0.8654281768593521, "max_depth": 7.0, "num_boost_round": 14.0}, "datetime": {"datetime": "2024-01-19 00:37:38", "elapsed": 1566.119644, "delta": 0.002073}}
{"target": -17.67698290000482, "params": {"gamma": 714.5236433199959, "log10_alpha": -3.0391160415459764, "log10_colsample_bytree": -0.5394013970705747, "log10_eta": -3.5319124975507306, "log10_lambda": -4.204031685335522, "log10_min_child_weight": 1.1610661671719802, "log10_subsample": -0.8654281768593521, "max_depth": 7.0, "num_boost_round": 15.0}, "datetime": {"datetime": "2024-01-19 00:37:38", "elapsed": 1566.121726, "delta": 0.002082}}
{"target": -17.67697731364915, "params": {"gamma": 714.5236433199959, "log10_alpha": -3.0391160415459764, "log10_colsample_bytree": -0.5394013970705747, "log10_eta": -3.5319124975507306, "log10_lambda": -4.204031685335522, "log10_min_child_weight": 1.1610661671719802, "log10_subsample": -0.8654281768593521, "max_depth": 7.0, "num_boost_round": 16.0}, "datetime": {"datetime": "2024-01-19 00:37:38", "elapsed": 1566.123811, "delta": 0.002085}}
{"target": -17.67697026277078, "params": {"gamma": 714.5236433199959, "log10_alpha": -3.0391160415459764, "log10_colsample_bytree": -0.5394013970705747, "log10_eta": -3.5319124975507306, "log10_lambda": -4.204031685335522, "log10_min_child_weight": 1.1610661671719802, "log10_subsample": -0.8654281768593521, "max_depth": 7.0, "num_boost_round": 17.0}, "datetime": {"datetime": "2024-01-19 00:37:38", "elapsed": 1566.125863, "delta": 0.002052}}
{"target": -17.67696465028225, "params": {"gamma": 714.5236433199959, "log10_alpha": -3.0391160415459764, "log10_colsample_bytree": -0.5394013970705747, "log10_eta": -3.5319124975507306, "log10_lambda": -4.204031685335522, "log10_min_child_weight": 1.1610661671719802, "log10_subsample": -0.8654281768593521, "max_depth": 7.0, "num_boost_round": 18.0}, "datetime": {"datetime": "2024-01-19 00:37:38", "elapsed": 1566.128088, "delta": 0.002225}}
{"target": -17.676945340942208, "params": {"gamma": 714.5236433199959, "log10_alpha": -3.0391160415459764, "log10_colsample_bytree": -0.5394013970705747, "log10_eta": -3.5319124975507306, "log10_lambda": -4.204031685335522, "log10_min_child_weight": 1.1610661671719802, "log10_subsample": -0.8654281768593521, "max_depth": 7.0, "num_boost_round": 19.0}, "datetime": {"datetime": "2024-01-19 00:37:38", "elapsed": 1566.130255, "delta": 0.002167}}
{"target": -17.676924148763177, "params": {"gamma": 714.5236433199959, "log10_alpha": -3.0391160415459764, "log10_colsample_bytree": -0.5394013970705747, "log10_eta": -3.5319124975507306, "log10_lambda": -4.204031685335522, "log10_min_child_weight": 1.1610661671719802, "log10_subsample": -0.8654281768593521, "max_depth": 7.0, "num_boost_round": 20.0}, "datetime": {"datetime": "2024-01-19 00:37:38", "elapsed": 1566.132417, "delta": 0.002162}}
{"target": -17.67690823393477, "params": {"gamma": 714.5236433199959, "log10_alpha": -3.0391160415459764, "log10_colsample_bytree": -0.5394013970705747, "log10_eta": -3.5319124975507306, "log10_lambda": -4.204031685335522, "log10_min_child_weight": 1.1610661671719802, "log10_subsample": -0.8654281768593521, "max_depth": 7.0, "num_boost_round": 21.0}, "datetime": {"datetime": "2024-01-19 00:37:38", "elapsed": 1566.134481, "delta": 0.002064}}
{"target": -17.67688986386671, "params": {"gamma": 714.5236433199959, "log10_alpha": -3.0391160415459764, "log10_colsample_bytree": -0.5394013970705747, "log10_eta": -3.5319124975507306, "log10_lambda": -4.204031685335522, "log10_min_child_weight": 1.1610661671719802, "log10_subsample": -0.8654281768593521, "max_depth": 7.0, "num_boost_round": 22.0}, "datetime": {"datetime": "2024-01-19 00:37:38", "elapsed": 1566.136619, "delta": 0.002138}}
{"target": -17.676881346869056, "params": {"gamma": 714.5236433199959, "log10_alpha": -3.0391160415459764, "log10_colsample_bytree": -0.5394013970705747, "log10_eta": -3.5319124975507306, "log10_lambda": -4.204031685335522, "log10_min_child_weight": 1.1610661671719802, "log10_subsample": -0.8654281768593521, "max_depth": 7.0, "num_boost_round": 23.0}, "datetime": {"datetime": "2024-01-19 00:37:38", "elapsed": 1566.138675, "delta": 0.002056}}
{"target": -17.676860312729296, "params": {"gamma": 714.5236433199959, "log10_alpha": -3.0391160415459764, "log10_colsample_bytree": -0.5394013970705747, "log10_eta": -3.5319124975507306, "log10_lambda": -4.204031685335522, "log10_min_child_weight": 1.1610661671719802, "log10_subsample": -0.8654281768593521, "max_depth": 7.0, "num_boost_round": 24.0}, "datetime": {"datetime": "2024-01-19 00:37:38", "elapsed": 1566.140731, "delta": 0.002056}}
{"target": -17.67685021967735, "params": {"gamma": 714.5236433199959, "log10_alpha": -3.0391160415459764, "log10_colsample_bytree": -0.5394013970705747, "log10_eta": -3.5319124975507306, "log10_lambda": -4.204031685335522, "log10_min_child_weight": 1.1610661671719802, "log10_subsample": -0.8654281768593521, "max_depth": 7.0, "num_boost_round": 25.0}, "datetime": {"datetime": "2024-01-19 00:37:38", "elapsed": 1566.142778, "delta": 0.002047}}
{"target": -17.6768451116463, "params": {"gamma": 714.5236433199959, "log10_alpha": -3.0391160415459764, "log10_colsample_bytree": -0.5394013970705747, "log10_eta": -3.5319124975507306, "log10_lambda": -4.204031685335522, "log10_min_child_weight": 1.1610661671719802, "log10_subsample": -0.8654281768593521, "max_depth": 7.0, "num_boost_round": 26.0}, "datetime": {"datetime": "2024-01-19 00:37:38", "elapsed": 1566.14488, "delta": 0.002102}}
{"target": -17.676848772473615, "params": {"gamma": 714.5236433199959, "log10_alpha": -3.0391160415459764, "log10_colsample_bytree": -0.5394013970705747, "log10_eta": -3.5319124975507306, "log10_lambda": -4.204031685335522, "log10_min_child_weight": 1.1610661671719802, "log10_subsample": -0.8654281768593521, "max_depth": 7.0, "num_boost_round": 27.0}, "datetime": {"datetime": "2024-01-19 00:37:38", "elapsed": 1566.146924, "delta": 0.002044}}
{"target": -17.67682350179461, "params": {"gamma": 714.5236433199959, "log10_alpha": -3.0391160415459764, "log10_colsample_bytree": -0.5394013970705747, "log10_eta": -3.5319124975507306, "log10_lambda": -4.204031685335522, "log10_min_child_weight": 1.1610661671719802, "log10_subsample": -0.8654281768593521, "max_depth": 7.0, "num_boost_round": 28.0}, "datetime": {"datetime": "2024-01-19 00:37:38", "elapsed": 1566.149085, "delta": 0.002161}}
{"target": -17.676797078267967, "params": {"gamma": 714.5236433199959, "log10_alpha": -3.0391160415459764, "log10_colsample_bytree": -0.5394013970705747, "log10_eta": -3.5319124975507306, "log10_lambda": -4.204031685335522, "log10_min_child_weight": 1.1610661671719802, "log10_subsample": -0.8654281768593521, "max_depth": 7.0, "num_boost_round": 29.0}, "datetime": {"datetime": "2024-01-19 00:37:38", "elapsed": 1566.151159, "delta": 0.002074}}
{"target": -17.67680609230353, "params": {"gamma": 714.5236433199959, "log10_alpha": -3.0391160415459764, "log10_colsample_bytree": -0.5394013970705747, "log10_eta": -3.5319124975507306, "log10_lambda": -4.204031685335522, "log10_min_child_weight": 1.1610661671719802, "log10_subsample": -0.8654281768593521, "max_depth": 7.0, "num_boost_round": 30.0}, "datetime": {"datetime": "2024-01-19 00:37:38", "elapsed": 1566.153212, "delta": 0.002053}}
{"target": -17.676787099672868, "params": {"gamma": 714.5236433199959, "log10_alpha": -3.0391160415459764, "log10_colsample_bytree": -0.5394013970705747, "log10_eta": -3.5319124975507306, "log10_lambda": -4.204031685335522, "log10_min_child_weight": 1.1610661671719802, "log10_subsample": -0.8654281768593521, "max_depth": 7.0, "num_boost_round": 31.0}, "datetime": {"datetime": "2024-01-19 00:37:38", "elapsed": 1566.155293, "delta": 0.002081}}
{"target": -17.676757947922045, "params": {"gamma": 714.5236433199959, "log10_alpha": -3.0391160415459764, "log10_colsample_bytree": -0.5394013970705747, "log10_eta": -3.5319124975507306, "log10_lambda": -4.204031685335522, "log10_min_child_weight": 1.1610661671719802, "log10_subsample": -0.8654281768593521, "max_depth": 7.0, "num_boost_round": 32.0}, "datetime": {"datetime": "2024-01-19 00:37:38", "elapsed": 1566.157439, "delta": 0.002146}}
{"target": -17.676746257432526, "params": {"gamma": 714.5236433199959, "log10_alpha": -3.0391160415459764, "log10_colsample_bytree": -0.5394013970705747, "log10_eta": -3.5319124975507306, "log10_lambda": -4.204031685335522, "log10_min_child_weight": 1.1610661671719802, "log10_subsample": -0.8654281768593521, "max_depth": 7.0, "num_boost_round": 33.0}, "datetime": {"datetime": "2024-01-19 00:37:38", "elapsed": 1566.159491, "delta": 0.002052}}
{"target": -17.67673807968693, "params": {"gamma": 714.5236433199959, "log10_alpha": -3.0391160415459764, "log10_colsample_bytree": -0.5394013970705747, "log10_eta": -3.5319124975507306, "log10_lambda": -4.204031685335522, "log10_min_child_weight": 1.1610661671719802, "log10_subsample": -0.8654281768593521, "max_depth": 7.0, "num_boost_round": 34.0}, "datetime": {"datetime": "2024-01-19 00:37:38", "elapsed": 1566.16157, "delta": 0.002079}}
{"target": -17.676737652199453, "params": {"gamma": 714.5236433199959, "log10_alpha": -3.0391160415459764, "log10_colsample_bytree": -0.5394013970705747, "log10_eta": -3.5319124975507306, "log10_lambda": -4.204031685335522, "log10_min_child_weight": 1.1610661671719802, "log10_subsample": -0.8654281768593521, "max_depth": 7.0, "num_boost_round": 35.0}, "datetime": {"datetime": "2024-01-19 00:37:38", "elapsed": 1566.163638, "delta": 0.002068}}
{"target": -17.676728956862963, "params": {"gamma": 714.5236433199959, "log10_alpha": -3.0391160415459764, "log10_colsample_bytree": -0.5394013970705747, "log10_eta": -3.5319124975507306, "log10_lambda": -4.204031685335522, "log10_min_child_weight": 1.1610661671719802, "log10_subsample": -0.8654281768593521, "max_depth": 7.0, "num_boost_round": 36.0}, "datetime": {"datetime": "2024-01-19 00:37:38", "elapsed": 1566.165706, "delta": 0.002068}}
{"target": -17.676713070192267, "params": {"gamma": 714.5236433199959, "log10_alpha": -3.0391160415459764, "log10_colsample_bytree": -0.5394013970705747, "log10_eta": -3.5319124975507306, "log10_lambda": -4.204031685335522, "log10_min_child_weight": 1.1610661671719802, "log10_subsample": -0.8654281768593521, "max_depth": 7.0, "num_boost_round": 37.0}, "datetime": {"datetime": "2024-01-19 00:37:38", "elapsed": 1566.167854, "delta": 0.002148}}
{"target": -17.676693642552816, "params": {"gamma": 714.5236433199959, "log10_alpha": -3.0391160415459764, "log10_colsample_bytree": -0.5394013970705747, "log10_eta": -3.5319124975507306, "log10_lambda": -4.204031685335522, "log10_min_child_weight": 1.1610661671719802, "log10_subsample": -0.8654281768593521, "max_depth": 7.0, "num_boost_round": 38.0}, "datetime": {"datetime": "2024-01-19 00:37:38", "elapsed": 1566.169971, "delta": 0.002117}}
{"target": -17.676673399877593, "params": {"gamma": 714.5236433199959, "log10_alpha": -3.0391160415459764, "log10_colsample_bytree": -0.5394013970705747, "log10_eta": -3.5319124975507306, "log10_lambda": -4.204031685335522, "log10_min_child_weight": 1.1610661671719802, "log10_subsample": -0.8654281768593521, "max_depth": 7.0, "num_boost_round": 39.0}, "datetime": {"datetime": "2024-01-19 00:37:38", "elapsed": 1566.172064, "delta": 0.002093}}
{"target": -17.67665722100554, "params": {"gamma": 714.5236433199959, "log10_alpha": -3.0391160415459764, "log10_colsample_bytree": -0.5394013970705747, "log10_eta": -3.5319124975507306, "log10_lambda": -4.204031685335522, "log10_min_child_weight": 1.1610661671719802, "log10_subsample": -0.8654281768593521, "max_depth": 7.0, "num_boost_round": 40.0}, "datetime": {"datetime": "2024-01-19 00:37:38", "elapsed": 1566.17415, "delta": 0.002086}}
{"target": -17.6766319417405, "params": {"gamma": 714.5236433199959, "log10_alpha": -3.0391160415459764, "log10_colsample_bytree": -0.5394013970705747, "log10_eta": -3.5319124975507306, "log10_lambda": -4.204031685335522, "log10_min_child_weight": 1.1610661671719802, "log10_subsample": -0.8654281768593521, "max_depth": 7.0, "num_boost_round": 41.0}, "datetime": {"datetime": "2024-01-19 00:37:38", "elapsed": 1566.176405, "delta": 0.002255}}
{"target": -17.676607067414775, "params": {"gamma": 714.5236433199959, "log10_alpha": -3.0391160415459764, "log10_colsample_bytree": -0.5394013970705747, "log10_eta": -3.5319124975507306, "log10_lambda": -4.204031685335522, "log10_min_child_weight": 1.1610661671719802, "log10_subsample": -0.8654281768593521, "max_depth": 7.0, "num_boost_round": 42.0}, "datetime": {"datetime": "2024-01-19 00:37:38", "elapsed": 1566.178648, "delta": 0.002243}}
{"target": -17.67659814298321, "params": {"gamma": 714.5236433199959, "log10_alpha": -3.0391160415459764, "log10_colsample_bytree": -0.5394013970705747, "log10_eta": -3.5319124975507306, "log10_lambda": -4.204031685335522, "log10_min_child_weight": 1.1610661671719802, "log10_subsample": -0.8654281768593521, "max_depth": 7.0, "num_boost_round": 43.0}, "datetime": {"datetime": "2024-01-19 00:37:38", "elapsed": 1566.180732, "delta": 0.002084}}
{"target": -17.676583920005307, "params": {"gamma": 714.5236433199959, "log10_alpha": -3.0391160415459764, "log10_colsample_bytree": -0.5394013970705747, "log10_eta": -3.5319124975507306, "log10_lambda": -4.204031685335522, "log10_min_child_weight": 1.1610661671719802, "log10_subsample": -0.8654281768593521, "max_depth": 7.0, "num_boost_round": 44.0}, "datetime": {"datetime": "2024-01-19 00:37:38", "elapsed": 1566.182811, "delta": 0.002079}}
{"target": -17.676567885358462, "params": {"gamma": 714.5236433199959, "log10_alpha": -3.0391160415459764, "log10_colsample_bytree": -0.5394013970705747, "log10_eta": -3.5319124975507306, "log10_lambda": -4.204031685335522, "log10_min_child_weight": 1.1610661671719802, "log10_subsample": -0.8654281768593521, "max_depth": 7.0, "num_boost_round": 45.0}, "datetime": {"datetime": "2024-01-19 00:37:38", "elapsed": 1566.18487, "delta": 0.002059}}
