{"target": -13.75849303158709, "params": {"gamma": 201.89806396983988, "log10_alpha": -4.2744051210663905, "log10_colsample_bytree": -0.4727842310544823, "log10_eta": -3.994686089726044, "log10_lambda": 0.7077423380945378, "log10_min_child_weight": 2.561920900061967, "log10_subsample": -0.8363036315801475, "max_depth": 6.0, "num_boost_round": 23.0}, "datetime": {"datetime": "2024-01-19 00:26:23", "elapsed": 891.411402, "delta": 0.001309}}
{"target": -13.758491835832391, "params": {"gamma": 201.89806396983988, "log10_alpha": -4.2744051210663905, "log10_colsample_bytree": -0.4727842310544823, "log10_eta": -3.994686089726044, "log10_lambda": 0.7077423380945378, "log10_min_child_weight": 2.561920900061967, "log10_subsample": -0.8363036315801475, "max_depth": 6.0, "num_boost_round": 24.0}, "datetime": {"datetime": "2024-01-19 00:26:23", "elapsed": 891.412665, "delta": 0.001263}}
{"target": -13.758491248720386, "params": {"gamma": 201.89806396983988, "log10_alpha": -4.2744051210663905, "log10_colsample_bytree": -0.4727842310544823, "log10_eta": -3.994686089726044, "log10_lambda": 0.7077423380945378, "log10_min_child_weight": 2.561920900061967, "log10_subsample": -0.8363036315801475, "max_depth": 6.0, "num_boost_round": 25.0}, "datetime": {"datetime": "2024-01-19 00:26:23", "elapsed": 891.413864, "delta": 0.001199}}
{"target": -13.758489791535213, "params": {"gamma": 201.89806396983988, "log10_alpha": -4.2744051210663905, "log10_colsample_bytree": -0.4727842310544823, "log10_eta": -3.994686089726044, "log10_lambda": 0.7077423380945378, "log10_min_child_weight": 2.561920900061967, "log10_subsample": -0.8363036315801475, "max_depth": 6.0, "num_boost_round": 26.0}, "datetime": {"datetime": "2024-01-19 00:26:23", "elapsed": 891.415056, "delta": 0.001192}}
{"target": -13.758487430979864, "params": {"gamma": 201.89806396983988, "log10_alpha": -4.2744051210663905, "log10_colsample_bytree": -0.4727842310544823, "log10_eta": -3.994686089726044, "log10_lambda": 0.7077423380945378, "log10_min_child_weight": 2.561920900061967, "log10_subsample": -0.8363036315801475, "max_depth": 6.0, "num_boost_round": 27.0}, "datetime": {"datetime": "2024-01-19 00:26:23", "elapsed": 891.41625, "delta": 0.001194}}
{"target": -13.758484221485833, "params": {"gamma": 201.89806396983988, "log10_alpha": -4.2744051210663905, "log10_colsample_bytree": -0.4727842310544823, "log10_eta": -3.994686089726044, "log10_lambda": 0.7077423380945378, "log10_min_child_weight": 2.561920900061967, "log10_subsample": -0.8363036315801475, "max_depth": 6.0, "num_boost_round": 28.0}, "datetime": {"datetime": "2024-01-19 00:26:23", "elapsed": 891.417555, "delta": 0.001305}}
{"target": -13.758481864481457, "params": {"gamma": 201.89806396983988, "log10_alpha": -4.2744051210663905, "log10_colsample_bytree": -0.4727842310544823, "log10_eta": -3.994686089726044, "log10_lambda": 0.7077423380945378, "log10_min_child_weight": 2.561920900061967, "log10_subsample": -0.8363036315801475, "max_depth": 6.0, "num_boost_round": 29.0}, "datetime": {"datetime": "2024-01-19 00:26:23", "elapsed": 891.418911, "delta": 0.001356}}
{"target": -13.758527895617448, "params": {"gamma": 188.71867932569864, "log10_alpha": -3.991588609727356, "log10_colsample_bytree": -0.3298733302280068, "log10_eta": -3.345109596078869, "log10_lambda": -0.34762401672895304, "log10_min_child_weight": 0.5173750257235799, "log10_subsample": -0.6456833392782585, "max_depth": 3.0, "num_boost_round": 0.0}, "datetime": {"datetime": "2024-01-19 00:26:47", "elapsed": 915.216669, "delta": 23.797758}}
{"target": -13.758515930287263, "params": {"gamma": 188.71867932569864, "log10_alpha": -3.991588609727356, "log10_colsample_bytree": -0.3298733302280068, "log10_eta": -3.345109596078869, "log10_lambda": -0.34762401672895304, "log10_min_child_weight": 0.5173750257235799, "log10_subsample": -0.6456833392782585, "max_depth": 3.0, "num_boost_round": 1.0}, "datetime": {"datetime": "2024-01-19 00:26:47", "elapsed": 915.218143, "delta": 0.001474}}
{"target": -13.758511077350681, "params": {"gamma": 188.71867932569864, "log10_alpha": -3.991588609727356, "log10_colsample_bytree": -0.3298733302280068, "log10_eta": -3.345109596078869, "log10_lambda": -0.34762401672895304, "log10_min_child_weight": 0.5173750257235799, "log10_subsample": -0.6456833392782585, "max_depth": 3.0, "num_boost_round": 2.0}, "datetime": {"datetime": "2024-01-19 00:26:47", "elapsed": 915.219428, "delta": 0.001285}}
{"target": -13.75850673528562, "params": {"gamma": 188.71867932569864, "log10_alpha": -3.991588609727356, "log10_colsample_bytree": -0.3298733302280068, "log10_eta": -3.345109596078869, "log10_lambda": -0.34762401672895304, "log10_min_child_weight": 0.5173750257235799, "log10_subsample": -0.6456833392782585, "max_depth": 3.0, "num_boost_round": 3.0}, "datetime": {"datetime": "2024-01-19 00:26:47", "elapsed": 915.221038, "delta": 0.00161}}
{"target": -13.758503171985385, "params": {"gamma": 188.71867932569864, "log10_alpha": -3.991588609727356, "log10_colsample_bytree": -0.3298733302280068, "log10_eta": -3.345109596078869, "log10_lambda": -0.34762401672895304, "log10_min_child_weight": 0.5173750257235799, "log10_subsample": -0.6456833392782585, "max_depth": 3.0, "num_boost_round": 4.0}, "datetime": {"datetime": "2024-01-19 00:26:47", "elapsed": 915.222301, "delta": 0.001263}}
{"target": -13.758493156188418, "params": {"gamma": 188.71867932569864, "log10_alpha": -3.991588609727356, "log10_colsample_bytree": -0.3298733302280068, "log10_eta": -3.345109596078869, "log10_lambda": -0.34762401672895304, "log10_min_child_weight": 0.5173750257235799, "log10_subsample": -0.6456833392782585, "max_depth": 3.0, "num_boost_round": 5.0}, "datetime": {"datetime": "2024-01-19 00:26:47", "elapsed": 915.223859, "delta": 0.001558}}
{"target": -13.758491146630567, "params": {"gamma": 188.71867932569864, "log10_alpha": -3.991588609727356, "log10_colsample_bytree": -0.3298733302280068, "log10_eta": -3.345109596078869, "log10_lambda": -0.34762401672895304, "log10_min_child_weight": 0.5173750257235799, "log10_subsample": -0.6456833392782585, "max_depth": 3.0, "num_boost_round": 6.0}, "datetime": {"datetime": "2024-01-19 00:26:47", "elapsed": 915.226176, "delta": 0.002317}}
{"target": -13.758489017042406, "params": {"gamma": 188.71867932569864, "log10_alpha": -3.991588609727356, "log10_colsample_bytree": -0.3298733302280068, "log10_eta": -3.345109596078869, "log10_lambda": -0.34762401672895304, "log10_min_child_weight": 0.5173750257235799, "log10_subsample": -0.6456833392782585, "max_depth": 3.0, "num_boost_round": 7.0}, "datetime": {"datetime": "2024-01-19 00:26:47", "elapsed": 915.22749, "delta": 0.001314}}
{"target": -13.758484472912114, "params": {"gamma": 188.71867932569864, "log10_alpha": -3.991588609727356, "log10_colsample_bytree": -0.3298733302280068, "log10_eta": -3.345109596078869, "log10_lambda": -0.34762401672895304, "log10_min_child_weight": 0.5173750257235799, "log10_subsample": -0.6456833392782585, "max_depth": 3.0, "num_boost_round": 8.0}, "datetime": {"datetime": "2024-01-19 00:26:47", "elapsed": 915.228754, "delta": 0.001264}}
{"target": -13.758473850629711, "params": {"gamma": 188.71867932569864, "log10_alpha": -3.991588609727356, "log10_colsample_bytree": -0.3298733302280068, "log10_eta": -3.345109596078869, "log10_lambda": -0.34762401672895304, "log10_min_child_weight": 0.5173750257235799, "log10_subsample": -0.6456833392782585, "max_depth": 3.0, "num_boost_round": 9.0}, "datetime": {"datetime": "2024-01-19 00:26:47", "elapsed": 915.23003, "delta": 0.001276}}
{"target": -13.758463438896277, "params": {"gamma": 188.71867932569864, "log10_alpha": -3.991588609727356, "log10_colsample_bytree": -0.3298733302280068, "log10_eta": -3.345109596078869, "log10_lambda": -0.34762401672895304, "log10_min_child_weight": 0.5173750257235799, "log10_subsample": -0.6456833392782585, "max_depth": 3.0, "num_boost_round": 10.0}, "datetime": {"datetime": "2024-01-19 00:26:47", "elapsed": 915.23134, "delta": 0.00131}}
{"target": -13.758464470991735, "params": {"gamma": 188.71867932569864, "log10_alpha": -3.991588609727356, "log10_colsample_bytree": -0.3298733302280068, "log10_eta": -3.345109596078869, "log10_lambda": -0.34762401672895304, "log10_min_child_weight": 0.5173750257235799, "log10_subsample": -0.6456833392782585, "max_depth": 3.0, "num_boost_round": 11.0}, "datetime": {"datetime": "2024-01-19 00:26:47", "elapsed": 915.232615, "delta": 0.001275}}
{"target": -13.758461454770652, "params": {"gamma": 188.71867932569864, "log10_alpha": -3.991588609727356, "log10_colsample_bytree": -0.3298733302280068, "log10_eta": -3.345109596078869, "log10_lambda": -0.34762401672895304, "log10_min_child_weight": 0.5173750257235799, "log10_subsample": -0.6456833392782585, "max_depth": 3.0, "num_boost_round": 12.0}, "datetime": {"datetime": "2024-01-19 00:26:47", "elapsed": 915.233895, "delta": 0.00128}}
{"target": -13.758457950992863, "params": {"gamma": 188.71867932569864, "log10_alpha": -3.991588609727356, "log10_colsample_bytree": -0.3298733302280068, "log10_eta": -3.345109596078869, "log10_lambda": -0.34762401672895304, "log10_min_child_weight": 0.5173750257235799, "log10_subsample": -0.6456833392782585, "max_depth": 3.0, "num_boost_round": 13.0}, "datetime": {"datetime": "2024-01-19 00:26:47", "elapsed": 915.235157, "delta": 0.001262}}
{"target": -13.758457096904337, "params": {"gamma": 188.71867932569864, "log10_alpha": -3.991588609727356, "log10_colsample_bytree": -0.3298733302280068, "log10_eta": -3.345109596078869, "log10_lambda": -0.34762401672895304, "log10_min_child_weight": 0.5173750257235799, "log10_subsample": -0.6456833392782585, "max_depth": 3.0, "num_boost_round": 14.0}, "datetime": {"datetime": "2024-01-19 00:26:47", "elapsed": 915.236419, "delta": 0.001262}}
{"target": -13.758451652770045, "params": {"gamma": 188.71867932569864, "log10_alpha": -3.991588609727356, "log10_colsample_bytree": -0.3298733302280068, "log10_eta": -3.345109596078869, "log10_lambda": -0.34762401672895304, "log10_min_child_weight": 0.5173750257235799, "log10_subsample": -0.6456833392782585, "max_depth": 3.0, "num_boost_round": 15.0}, "datetime": {"datetime": "2024-01-19 00:26:47", "elapsed": 915.237741, "delta": 0.001322}}
{"target": -13.758443804487943, "params": {"gamma": 188.71867932569864, "log10_alpha": -3.991588609727356, "log10_colsample_bytree": -0.3298733302280068, "log10_eta": -3.345109596078869, "log10_lambda": -0.34762401672895304, "log10_min_child_weight": 0.5173750257235799, "log10_subsample": -0.6456833392782585, "max_depth": 3.0, "num_boost_round": 16.0}, "datetime": {"datetime": "2024-01-19 00:26:47", "elapsed": 915.23902, "delta": 0.001279}}
{"target": -13.758446770661497, "params": {"gamma": 188.71867932569864, "log10_alpha": -3.991588609727356, "log10_colsample_bytree": -0.3298733302280068, "log10_eta": -3.345109596078869, "log10_lambda": -0.34762401672895304, "log10_min_child_weight": 0.5173750257235799, "log10_subsample": -0.6456833392782585, "max_depth": 3.0, "num_boost_round": 17.0}, "datetime": {"datetime": "2024-01-19 00:26:47", "elapsed": 915.240882, "delta": 0.001862}}
{"target": -13.758443670146042, "params": {"gamma": 188.71867932569864, "log10_alpha": -3.991588609727356, "log10_colsample_bytree": -0.3298733302280068, "log10_eta": -3.345109596078869, "log10_lambda": -0.34762401672895304, "log10_min_child_weight": 0.5173750257235799, "log10_subsample": -0.6456833392782585, "max_depth": 3.0, "num_boost_round": 18.0}, "datetime": {"datetime": "2024-01-19 00:26:47", "elapsed": 915.242355, "delta": 0.001473}}
{"target": -13.758437975790125, "params": {"gamma": 188.71867932569864, "log10_alpha": -3.991588609727356, "log10_colsample_bytree": -0.3298733302280068, "log10_eta": -3.345109596078869, "log10_lambda": -0.34762401672895304, "log10_min_child_weight": 0.5173750257235799, "log10_subsample": -0.6456833392782585, "max_depth": 3.0, "num_boost_round": 19.0}, "datetime": {"datetime": "2024-01-19 00:26:47", "elapsed": 915.24458, "delta": 0.002225}}
{"target": -13.758420259863977, "params": {"gamma": 188.71867932569864, "log10_alpha": -3.991588609727356, "log10_colsample_bytree": -0.3298733302280068, "log10_eta": -3.345109596078869, "log10_lambda": -0.34762401672895304, "log10_min_child_weight": 0.5173750257235799, "log10_subsample": -0.6456833392782585, "max_depth": 3.0, "num_boost_round": 20.0}, "datetime": {"datetime": "2024-01-19 00:26:47", "elapsed": 915.246257, "delta": 0.001677}}
{"target": -13.758413366654267, "params": {"gamma": 188.71867932569864, "log10_alpha": -3.991588609727356, "log10_colsample_bytree": -0.3298733302280068, "log10_eta": -3.345109596078869, "log10_lambda": -0.34762401672895304, "log10_min_child_weight": 0.5173750257235799, "log10_subsample": -0.6456833392782585, "max_depth": 3.0, "num_boost_round": 21.0}, "datetime": {"datetime": "2024-01-19 00:26:47", "elapsed": 915.247681, "delta": 0.001424}}
{"target": -13.758408226201759, "params": {"gamma": 188.71867932569864, "log10_alpha": -3.991588609727356, "log10_colsample_bytree": -0.3298733302280068, "log10_eta": -3.345109596078869, "log10_lambda": -0.34762401672895304, "log10_min_child_weight": 0.5173750257235799, "log10_subsample": -0.6456833392782585, "max_depth": 3.0, "num_boost_round": 22.0}, "datetime": {"datetime": "2024-01-19 00:26:47", "elapsed": 915.249035, "delta": 0.001354}}
{"target": -13.7584037262402, "params": {"gamma": 188.71867932569864, "log10_alpha": -3.991588609727356, "log10_colsample_bytree": -0.3298733302280068, "log10_eta": -3.345109596078869, "log10_lambda": -0.34762401672895304, "log10_min_child_weight": 0.5173750257235799, "log10_subsample": -0.6456833392782585, "max_depth": 3.0, "num_boost_round": 23.0}, "datetime": {"datetime": "2024-01-19 00:26:47", "elapsed": 915.250313, "delta": 0.001278}}
{"target": -13.758397037698568, "params": {"gamma": 188.71867932569864, "log10_alpha": -3.991588609727356, "log10_colsample_bytree": -0.3298733302280068, "log10_eta": -3.345109596078869, "log10_lambda": -0.34762401672895304, "log10_min_child_weight": 0.5173750257235799, "log10_subsample": -0.6456833392782585, "max_depth": 3.0, "num_boost_round": 24.0}, "datetime": {"datetime": "2024-01-19 00:26:47", "elapsed": 915.251576, "delta": 0.001263}}
{"target": -13.758397949759122, "params": {"gamma": 188.71867932569864, "log10_alpha": -3.991588609727356, "log10_colsample_bytree": -0.3298733302280068, "log10_eta": -3.345109596078869, "log10_lambda": -0.34762401672895304, "log10_min_child_weight": 0.5173750257235799, "log10_subsample": -0.6456833392782585, "max_depth": 3.0, "num_boost_round": 25.0}, "datetime": {"datetime": "2024-01-19 00:26:47", "elapsed": 915.252962, "delta": 0.001386}}
{"target": -13.760865737663735, "params": {"gamma": 193.5888953632099, "log10_alpha": -4.853533410497665, "log10_colsample_bytree": -0.7552116255814225, "log10_eta": -0.7945293491085805, "log10_lambda": -3.6608300094520456, "log10_min_child_weight": 2.141448101603247, "log10_subsample": -0.11872940727521464, "max_depth": 6.0, "num_boost_round": 0.0}, "datetime": {"datetime": "2024-01-19 00:27:17", "elapsed": 944.593356, "delta": 29.340394}}
{"target": -13.768392632580463, "params": {"gamma": 193.5888953632099, "log10_alpha": -4.853533410497665, "log10_colsample_bytree": -0.7552116255814225, "log10_eta": -0.7945293491085805, "log10_lambda": -3.6608300094520456, "log10_min_child_weight": 2.141448101603247, "log10_subsample": -0.11872940727521464, "max_depth": 6.0, "num_boost_round": 1.0}, "datetime": {"datetime": "2024-01-19 00:27:17", "elapsed": 944.595206, "delta": 0.00185}}
{"target": -13.769038713175984, "params": {"gamma": 193.5888953632099, "log10_alpha": -4.853533410497665, "log10_colsample_bytree": -0.7552116255814225, "log10_eta": -0.7945293491085805, "log10_lambda": -3.6608300094520456, "log10_min_child_weight": 2.141448101603247, "log10_subsample": -0.11872940727521464, "max_depth": 6.0, "num_boost_round": 2.0}, "datetime": {"datetime": "2024-01-19 00:27:17", "elapsed": 944.596612, "delta": 0.001406}}
{"target": -13.771652251638608, "params": {"gamma": 193.5888953632099, "log10_alpha": -4.853533410497665, "log10_colsample_bytree": -0.7552116255814225, "log10_eta": -0.7945293491085805, "log10_lambda": -3.6608300094520456, "log10_min_child_weight": 2.141448101603247, "log10_subsample": -0.11872940727521464, "max_depth": 6.0, "num_boost_round": 3.0}, "datetime": {"datetime": "2024-01-19 00:27:17", "elapsed": 944.598071, "delta": 0.001459}}
{"target": -13.773701028952146, "params": {"gamma": 193.5888953632099, "log10_alpha": -4.853533410497665, "log10_colsample_bytree": -0.7552116255814225, "log10_eta": -0.7945293491085805, "log10_lambda": -3.6608300094520456, "log10_min_child_weight": 2.141448101603247, "log10_subsample": -0.11872940727521464, "max_depth": 6.0, "num_boost_round": 4.0}, "datetime": {"datetime": "2024-01-19 00:27:17", "elapsed": 944.599638, "delta": 0.001567}}
{"target": -13.780334321565503, "params": {"gamma": 193.5888953632099, "log10_alpha": -4.853533410497665, "log10_colsample_bytree": -0.7552116255814225, "log10_eta": -0.7945293491085805, "log10_lambda": -3.6608300094520456, "log10_min_child_weight": 2.141448101603247, "log10_subsample": -0.11872940727521464, "max_depth": 6.0, "num_boost_round": 5.0}, "datetime": {"datetime": "2024-01-19 00:27:17", "elapsed": 944.600896, "delta": 0.001258}}
{"target": -13.786419730562931, "params": {"gamma": 193.5888953632099, "log10_alpha": -4.853533410497665, "log10_colsample_bytree": -0.7552116255814225, "log10_eta": -0.7945293491085805, "log10_lambda": -3.6608300094520456, "log10_min_child_weight": 2.141448101603247, "log10_subsample": -0.11872940727521464, "max_depth": 6.0, "num_boost_round": 6.0}, "datetime": {"datetime": "2024-01-19 00:27:17", "elapsed": 944.602142, "delta": 0.001246}}
{"target": -13.797243675128657, "params": {"gamma": 193.5888953632099, "log10_alpha": -4.853533410497665, "log10_colsample_bytree": -0.7552116255814225, "log10_eta": -0.7945293491085805, "log10_lambda": -3.6608300094520456, "log10_min_child_weight": 2.141448101603247, "log10_subsample": -0.11872940727521464, "max_depth": 6.0, "num_boost_round": 7.0}, "datetime": {"datetime": "2024-01-19 00:27:17", "elapsed": 944.603434, "delta": 0.001292}}
{"target": -13.79927754857554, "params": {"gamma": 193.5888953632099, "log10_alpha": -4.853533410497665, "log10_colsample_bytree": -0.7552116255814225, "log10_eta": -0.7945293491085805, "log10_lambda": -3.6608300094520456, "log10_min_child_weight": 2.141448101603247, "log10_subsample": -0.11872940727521464, "max_depth": 6.0, "num_boost_round": 8.0}, "datetime": {"datetime": "2024-01-19 00:27:17", "elapsed": 944.604683, "delta": 0.001249}}
{"target": -13.802712756824718, "params": {"gamma": 193.5888953632099, "log10_alpha": -4.853533410497665, "log10_colsample_bytree": -0.7552116255814225, "log10_eta": -0.7945293491085805, "log10_lambda": -3.6608300094520456, "log10_min_child_weight": 2.141448101603247, "log10_subsample": -0.11872940727521464, "max_depth": 6.0, "num_boost_round": 9.0}, "datetime": {"datetime": "2024-01-19 00:27:17", "elapsed": 944.605938, "delta": 0.001255}}
{"target": -13.806319269989151, "params": {"gamma": 193.5888953632099, "log10_alpha": -4.853533410497665, "log10_colsample_bytree": -0.7552116255814225, "log10_eta": -0.7945293491085805, "log10_lambda": -3.6608300094520456, "log10_min_child_weight": 2.141448101603247, "log10_subsample": -0.11872940727521464, "max_depth": 6.0, "num_boost_round": 10.0}, "datetime": {"datetime": "2024-01-19 00:27:17", "elapsed": 944.607211, "delta": 0.001273}}
{"target": -13.808203832105677, "params": {"gamma": 193.5888953632099, "log10_alpha": -4.853533410497665, "log10_colsample_bytree": -0.7552116255814225, "log10_eta": -0.7945293491085805, "log10_lambda": -3.6608300094520456, "log10_min_child_weight": 2.141448101603247, "log10_subsample": -0.11872940727521464, "max_depth": 6.0, "num_boost_round": 11.0}, "datetime": {"datetime": "2024-01-19 00:27:17", "elapsed": 944.608456, "delta": 0.001245}}
{"target": -13.816759932116483, "params": {"gamma": 193.5888953632099, "log10_alpha": -4.853533410497665, "log10_colsample_bytree": -0.7552116255814225, "log10_eta": -0.7945293491085805, "log10_lambda": -3.6608300094520456, "log10_min_child_weight": 2.141448101603247, "log10_subsample": -0.11872940727521464, "max_depth": 6.0, "num_boost_round": 12.0}, "datetime": {"datetime": "2024-01-19 00:27:17", "elapsed": 944.609714, "delta": 0.001258}}
{"target": -13.821465452873277, "params": {"gamma": 193.5888953632099, "log10_alpha": -4.853533410497665, "log10_colsample_bytree": -0.7552116255814225, "log10_eta": -0.7945293491085805, "log10_lambda": -3.6608300094520456, "log10_min_child_weight": 2.141448101603247, "log10_subsample": -0.11872940727521464, "max_depth": 6.0, "num_boost_round": 13.0}, "datetime": {"datetime": "2024-01-19 00:27:17", "elapsed": 944.611018, "delta": 0.001304}}
{"target": -13.828464299138707, "params": {"gamma": 193.5888953632099, "log10_alpha": -4.853533410497665, "log10_colsample_bytree": -0.7552116255814225, "log10_eta": -0.7945293491085805, "log10_lambda": -3.6608300094520456, "log10_min_child_weight": 2.141448101603247, "log10_subsample": -0.11872940727521464, "max_depth": 6.0, "num_boost_round": 14.0}, "datetime": {"datetime": "2024-01-19 00:27:17", "elapsed": 944.6123, "delta": 0.001282}}
{"target": -13.82826958416051, "params": {"gamma": 193.5888953632099, "log10_alpha": -4.853533410497665, "log10_colsample_bytree": -0.7552116255814225, "log10_eta": -0.7945293491085805, "log10_lambda": -3.6608300094520456, "log10_min_child_weight": 2.141448101603247, "log10_subsample": -0.11872940727521464, "max_depth": 6.0, "num_boost_round": 15.0}, "datetime": {"datetime": "2024-01-19 00:27:17", "elapsed": 944.613549, "delta": 0.001249}}
