{"target": -13.757499748863763, "params": {"gamma": 396.17549486689273, "log10_alpha": -1.9073795749624516, "log10_colsample_bytree": -0.9182702114513968, "log10_eta": -2.1120743118635024, "log10_lambda": -4.7909392612135235, "log10_min_child_weight": 0.012980580042666334, "log10_subsample": -0.7929025199514896, "max_depth": 4.0, "num_boost_round": 11.0}, "datetime": {"datetime": "2024-01-19 00:49:19", "elapsed": 2262.485935, "delta": 0.003448}}
{"target": -13.757409608209846, "params": {"gamma": 396.17549486689273, "log10_alpha": -1.9073795749624516, "log10_colsample_bytree": -0.9182702114513968, "log10_eta": -2.1120743118635024, "log10_lambda": -4.7909392612135235, "log10_min_child_weight": 0.012980580042666334, "log10_subsample": -0.7929025199514896, "max_depth": 4.0, "num_boost_round": 12.0}, "datetime": {"datetime": "2024-01-19 00:49:19", "elapsed": 2262.489574, "delta": 0.003639}}
{"target": -13.757131281158902, "params": {"gamma": 396.17549486689273, "log10_alpha": -1.9073795749624516, "log10_colsample_bytree": -0.9182702114513968, "log10_eta": -2.1120743118635024, "log10_lambda": -4.7909392612135235, "log10_min_child_weight": 0.012980580042666334, "log10_subsample": -0.7929025199514896, "max_depth": 4.0, "num_boost_round": 13.0}, "datetime": {"datetime": "2024-01-19 00:49:19", "elapsed": 2262.493172, "delta": 0.003598}}
{"target": -13.757153406614133, "params": {"gamma": 396.17549486689273, "log10_alpha": -1.9073795749624516, "log10_colsample_bytree": -0.9182702114513968, "log10_eta": -2.1120743118635024, "log10_lambda": -4.7909392612135235, "log10_min_child_weight": 0.012980580042666334, "log10_subsample": -0.7929025199514896, "max_depth": 4.0, "num_boost_round": 14.0}, "datetime": {"datetime": "2024-01-19 00:49:19", "elapsed": 2262.496756, "delta": 0.003584}}
{"target": -13.757085976516736, "params": {"gamma": 396.17549486689273, "log10_alpha": -1.9073795749624516, "log10_colsample_bytree": -0.9182702114513968, "log10_eta": -2.1120743118635024, "log10_lambda": -4.7909392612135235, "log10_min_child_weight": 0.012980580042666334, "log10_subsample": -0.7929025199514896, "max_depth": 4.0, "num_boost_round": 15.0}, "datetime": {"datetime": "2024-01-19 00:49:19", "elapsed": 2262.500324, "delta": 0.003568}}
{"target": -13.756955970760403, "params": {"gamma": 396.17549486689273, "log10_alpha": -1.9073795749624516, "log10_colsample_bytree": -0.9182702114513968, "log10_eta": -2.1120743118635024, "log10_lambda": -4.7909392612135235, "log10_min_child_weight": 0.012980580042666334, "log10_subsample": -0.7929025199514896, "max_depth": 4.0, "num_boost_round": 16.0}, "datetime": {"datetime": "2024-01-19 00:49:19", "elapsed": 2262.503821, "delta": 0.003497}}
{"target": -13.756835567821321, "params": {"gamma": 396.17549486689273, "log10_alpha": -1.9073795749624516, "log10_colsample_bytree": -0.9182702114513968, "log10_eta": -2.1120743118635024, "log10_lambda": -4.7909392612135235, "log10_min_child_weight": 0.012980580042666334, "log10_subsample": -0.7929025199514896, "max_depth": 4.0, "num_boost_round": 17.0}, "datetime": {"datetime": "2024-01-19 00:49:19", "elapsed": 2262.507333, "delta": 0.003512}}
{"target": -13.756808826585784, "params": {"gamma": 396.17549486689273, "log10_alpha": -1.9073795749624516, "log10_colsample_bytree": -0.9182702114513968, "log10_eta": -2.1120743118635024, "log10_lambda": -4.7909392612135235, "log10_min_child_weight": 0.012980580042666334, "log10_subsample": -0.7929025199514896, "max_depth": 4.0, "num_boost_round": 18.0}, "datetime": {"datetime": "2024-01-19 00:49:19", "elapsed": 2262.510938, "delta": 0.003605}}
{"target": -13.756712883427939, "params": {"gamma": 396.17549486689273, "log10_alpha": -1.9073795749624516, "log10_colsample_bytree": -0.9182702114513968, "log10_eta": -2.1120743118635024, "log10_lambda": -4.7909392612135235, "log10_min_child_weight": 0.012980580042666334, "log10_subsample": -0.7929025199514896, "max_depth": 4.0, "num_boost_round": 19.0}, "datetime": {"datetime": "2024-01-19 00:49:19", "elapsed": 2262.51442, "delta": 0.003482}}
{"target": -13.756359871424912, "params": {"gamma": 396.17549486689273, "log10_alpha": -1.9073795749624516, "log10_colsample_bytree": -0.9182702114513968, "log10_eta": -2.1120743118635024, "log10_lambda": -4.7909392612135235, "log10_min_child_weight": 0.012980580042666334, "log10_subsample": -0.7929025199514896, "max_depth": 4.0, "num_boost_round": 20.0}, "datetime": {"datetime": "2024-01-19 00:49:19", "elapsed": 2262.517899, "delta": 0.003479}}
{"target": -13.756023966000654, "params": {"gamma": 396.17549486689273, "log10_alpha": -1.9073795749624516, "log10_colsample_bytree": -0.9182702114513968, "log10_eta": -2.1120743118635024, "log10_lambda": -4.7909392612135235, "log10_min_child_weight": 0.012980580042666334, "log10_subsample": -0.7929025199514896, "max_depth": 4.0, "num_boost_round": 21.0}, "datetime": {"datetime": "2024-01-19 00:49:19", "elapsed": 2262.521393, "delta": 0.003494}}
{"target": -13.75597468175166, "params": {"gamma": 396.17549486689273, "log10_alpha": -1.9073795749624516, "log10_colsample_bytree": -0.9182702114513968, "log10_eta": -2.1120743118635024, "log10_lambda": -4.7909392612135235, "log10_min_child_weight": 0.012980580042666334, "log10_subsample": -0.7929025199514896, "max_depth": 4.0, "num_boost_round": 22.0}, "datetime": {"datetime": "2024-01-19 00:49:19", "elapsed": 2262.524924, "delta": 0.003531}}
{"target": -13.755810623312865, "params": {"gamma": 396.17549486689273, "log10_alpha": -1.9073795749624516, "log10_colsample_bytree": -0.9182702114513968, "log10_eta": -2.1120743118635024, "log10_lambda": -4.7909392612135235, "log10_min_child_weight": 0.012980580042666334, "log10_subsample": -0.7929025199514896, "max_depth": 4.0, "num_boost_round": 23.0}, "datetime": {"datetime": "2024-01-19 00:49:19", "elapsed": 2262.528391, "delta": 0.003467}}
{"target": -13.755697252894798, "params": {"gamma": 396.17549486689273, "log10_alpha": -1.9073795749624516, "log10_colsample_bytree": -0.9182702114513968, "log10_eta": -2.1120743118635024, "log10_lambda": -4.7909392612135235, "log10_min_child_weight": 0.012980580042666334, "log10_subsample": -0.7929025199514896, "max_depth": 4.0, "num_boost_round": 24.0}, "datetime": {"datetime": "2024-01-19 00:49:19", "elapsed": 2262.532001, "delta": 0.00361}}
{"target": -13.755461687984925, "params": {"gamma": 396.17549486689273, "log10_alpha": -1.9073795749624516, "log10_colsample_bytree": -0.9182702114513968, "log10_eta": -2.1120743118635024, "log10_lambda": -4.7909392612135235, "log10_min_child_weight": 0.012980580042666334, "log10_subsample": -0.7929025199514896, "max_depth": 4.0, "num_boost_round": 25.0}, "datetime": {"datetime": "2024-01-19 00:49:19", "elapsed": 2262.535476, "delta": 0.003475}}
{"target": -13.75548459498262, "params": {"gamma": 396.17549486689273, "log10_alpha": -1.9073795749624516, "log10_colsample_bytree": -0.9182702114513968, "log10_eta": -2.1120743118635024, "log10_lambda": -4.7909392612135235, "log10_min_child_weight": 0.012980580042666334, "log10_subsample": -0.7929025199514896, "max_depth": 4.0, "num_boost_round": 26.0}, "datetime": {"datetime": "2024-01-19 00:49:19", "elapsed": 2262.538959, "delta": 0.003483}}
{"target": -13.755310697708389, "params": {"gamma": 396.17549486689273, "log10_alpha": -1.9073795749624516, "log10_colsample_bytree": -0.9182702114513968, "log10_eta": -2.1120743118635024, "log10_lambda": -4.7909392612135235, "log10_min_child_weight": 0.012980580042666334, "log10_subsample": -0.7929025199514896, "max_depth": 4.0, "num_boost_round": 27.0}, "datetime": {"datetime": "2024-01-19 00:49:19", "elapsed": 2262.542575, "delta": 0.003616}}
{"target": -13.75523294538943, "params": {"gamma": 396.17549486689273, "log10_alpha": -1.9073795749624516, "log10_colsample_bytree": -0.9182702114513968, "log10_eta": -2.1120743118635024, "log10_lambda": -4.7909392612135235, "log10_min_child_weight": 0.012980580042666334, "log10_subsample": -0.7929025199514896, "max_depth": 4.0, "num_boost_round": 28.0}, "datetime": {"datetime": "2024-01-19 00:49:19", "elapsed": 2262.546048, "delta": 0.003473}}
{"target": -13.755000813795727, "params": {"gamma": 396.17549486689273, "log10_alpha": -1.9073795749624516, "log10_colsample_bytree": -0.9182702114513968, "log10_eta": -2.1120743118635024, "log10_lambda": -4.7909392612135235, "log10_min_child_weight": 0.012980580042666334, "log10_subsample": -0.7929025199514896, "max_depth": 4.0, "num_boost_round": 29.0}, "datetime": {"datetime": "2024-01-19 00:49:19", "elapsed": 2262.549671, "delta": 0.003623}}
{"target": -13.754916837563162, "params": {"gamma": 396.17549486689273, "log10_alpha": -1.9073795749624516, "log10_colsample_bytree": -0.9182702114513968, "log10_eta": -2.1120743118635024, "log10_lambda": -4.7909392612135235, "log10_min_child_weight": 0.012980580042666334, "log10_subsample": -0.7929025199514896, "max_depth": 4.0, "num_boost_round": 30.0}, "datetime": {"datetime": "2024-01-19 00:49:19", "elapsed": 2262.553155, "delta": 0.003484}}
{"target": -13.754723301787037, "params": {"gamma": 396.17549486689273, "log10_alpha": -1.9073795749624516, "log10_colsample_bytree": -0.9182702114513968, "log10_eta": -2.1120743118635024, "log10_lambda": -4.7909392612135235, "log10_min_child_weight": 0.012980580042666334, "log10_subsample": -0.7929025199514896, "max_depth": 4.0, "num_boost_round": 31.0}, "datetime": {"datetime": "2024-01-19 00:49:19", "elapsed": 2262.556629, "delta": 0.003474}}
{"target": -13.754711221576354, "params": {"gamma": 396.17549486689273, "log10_alpha": -1.9073795749624516, "log10_colsample_bytree": -0.9182702114513968, "log10_eta": -2.1120743118635024, "log10_lambda": -4.7909392612135235, "log10_min_child_weight": 0.012980580042666334, "log10_subsample": -0.7929025199514896, "max_depth": 4.0, "num_boost_round": 32.0}, "datetime": {"datetime": "2024-01-19 00:49:19", "elapsed": 2262.560119, "delta": 0.00349}}
{"target": -13.7547233753029, "params": {"gamma": 396.17549486689273, "log10_alpha": -1.9073795749624516, "log10_colsample_bytree": -0.9182702114513968, "log10_eta": -2.1120743118635024, "log10_lambda": -4.7909392612135235, "log10_min_child_weight": 0.012980580042666334, "log10_subsample": -0.7929025199514896, "max_depth": 4.0, "num_boost_round": 33.0}, "datetime": {"datetime": "2024-01-19 00:49:19", "elapsed": 2262.5636, "delta": 0.003481}}
{"target": -13.754569276165505, "params": {"gamma": 396.17549486689273, "log10_alpha": -1.9073795749624516, "log10_colsample_bytree": -0.9182702114513968, "log10_eta": -2.1120743118635024, "log10_lambda": -4.7909392612135235, "log10_min_child_weight": 0.012980580042666334, "log10_subsample": -0.7929025199514896, "max_depth": 4.0, "num_boost_round": 34.0}, "datetime": {"datetime": "2024-01-19 00:49:19", "elapsed": 2262.648994, "delta": 0.085394}}
{"target": -13.754660099022335, "params": {"gamma": 396.17549486689273, "log10_alpha": -1.9073795749624516, "log10_colsample_bytree": -0.9182702114513968, "log10_eta": -2.1120743118635024, "log10_lambda": -4.7909392612135235, "log10_min_child_weight": 0.012980580042666334, "log10_subsample": -0.7929025199514896, "max_depth": 4.0, "num_boost_round": 35.0}, "datetime": {"datetime": "2024-01-19 00:49:19", "elapsed": 2262.652965, "delta": 0.003971}}
{"target": -13.754671700720316, "params": {"gamma": 396.17549486689273, "log10_alpha": -1.9073795749624516, "log10_colsample_bytree": -0.9182702114513968, "log10_eta": -2.1120743118635024, "log10_lambda": -4.7909392612135235, "log10_min_child_weight": 0.012980580042666334, "log10_subsample": -0.7929025199514896, "max_depth": 4.0, "num_boost_round": 36.0}, "datetime": {"datetime": "2024-01-19 00:49:19", "elapsed": 2262.656813, "delta": 0.003848}}
{"target": -13.754576546428648, "params": {"gamma": 396.17549486689273, "log10_alpha": -1.9073795749624516, "log10_colsample_bytree": -0.9182702114513968, "log10_eta": -2.1120743118635024, "log10_lambda": -4.7909392612135235, "log10_min_child_weight": 0.012980580042666334, "log10_subsample": -0.7929025199514896, "max_depth": 4.0, "num_boost_round": 37.0}, "datetime": {"datetime": "2024-01-19 00:49:19", "elapsed": 2262.660455, "delta": 0.003642}}
{"target": -13.754659160324062, "params": {"gamma": 396.17549486689273, "log10_alpha": -1.9073795749624516, "log10_colsample_bytree": -0.9182702114513968, "log10_eta": -2.1120743118635024, "log10_lambda": -4.7909392612135235, "log10_min_child_weight": 0.012980580042666334, "log10_subsample": -0.7929025199514896, "max_depth": 4.0, "num_boost_round": 38.0}, "datetime": {"datetime": "2024-01-19 00:49:19", "elapsed": 2262.664132, "delta": 0.003677}}
{"target": -13.754671204501784, "params": {"gamma": 396.17549486689273, "log10_alpha": -1.9073795749624516, "log10_colsample_bytree": -0.9182702114513968, "log10_eta": -2.1120743118635024, "log10_lambda": -4.7909392612135235, "log10_min_child_weight": 0.012980580042666334, "log10_subsample": -0.7929025199514896, "max_depth": 4.0, "num_boost_round": 39.0}, "datetime": {"datetime": "2024-01-19 00:49:19", "elapsed": 2262.667697, "delta": 0.003565}}
{"target": -13.754653984303333, "params": {"gamma": 396.17549486689273, "log10_alpha": -1.9073795749624516, "log10_colsample_bytree": -0.9182702114513968, "log10_eta": -2.1120743118635024, "log10_lambda": -4.7909392612135235, "log10_min_child_weight": 0.012980580042666334, "log10_subsample": -0.7929025199514896, "max_depth": 4.0, "num_boost_round": 40.0}, "datetime": {"datetime": "2024-01-19 00:49:19", "elapsed": 2262.671263, "delta": 0.003566}}
{"target": -13.754570485036595, "params": {"gamma": 396.17549486689273, "log10_alpha": -1.9073795749624516, "log10_colsample_bytree": -0.9182702114513968, "log10_eta": -2.1120743118635024, "log10_lambda": -4.7909392612135235, "log10_min_child_weight": 0.012980580042666334, "log10_subsample": -0.7929025199514896, "max_depth": 4.0, "num_boost_round": 41.0}, "datetime": {"datetime": "2024-01-19 00:49:19", "elapsed": 2262.67495, "delta": 0.003687}}
{"target": -13.754527197399888, "params": {"gamma": 396.17549486689273, "log10_alpha": -1.9073795749624516, "log10_colsample_bytree": -0.9182702114513968, "log10_eta": -2.1120743118635024, "log10_lambda": -4.7909392612135235, "log10_min_child_weight": 0.012980580042666334, "log10_subsample": -0.7929025199514896, "max_depth": 4.0, "num_boost_round": 42.0}, "datetime": {"datetime": "2024-01-19 00:49:19", "elapsed": 2262.678585, "delta": 0.003635}}
{"target": -13.754492730410492, "params": {"gamma": 396.17549486689273, "log10_alpha": -1.9073795749624516, "log10_colsample_bytree": -0.9182702114513968, "log10_eta": -2.1120743118635024, "log10_lambda": -4.7909392612135235, "log10_min_child_weight": 0.012980580042666334, "log10_subsample": -0.7929025199514896, "max_depth": 4.0, "num_boost_round": 43.0}, "datetime": {"datetime": "2024-01-19 00:49:19", "elapsed": 2262.682172, "delta": 0.003587}}
{"target": -13.754500019138547, "params": {"gamma": 396.17549486689273, "log10_alpha": -1.9073795749624516, "log10_colsample_bytree": -0.9182702114513968, "log10_eta": -2.1120743118635024, "log10_lambda": -4.7909392612135235, "log10_min_child_weight": 0.012980580042666334, "log10_subsample": -0.7929025199514896, "max_depth": 4.0, "num_boost_round": 44.0}, "datetime": {"datetime": "2024-01-19 00:49:19", "elapsed": 2262.685743, "delta": 0.003571}}
{"target": -13.754406968668503, "params": {"gamma": 396.17549486689273, "log10_alpha": -1.9073795749624516, "log10_colsample_bytree": -0.9182702114513968, "log10_eta": -2.1120743118635024, "log10_lambda": -4.7909392612135235, "log10_min_child_weight": 0.012980580042666334, "log10_subsample": -0.7929025199514896, "max_depth": 4.0, "num_boost_round": 45.0}, "datetime": {"datetime": "2024-01-19 00:49:19", "elapsed": 2262.689319, "delta": 0.003576}}
{"target": -13.75445068552366, "params": {"gamma": 396.17549486689273, "log10_alpha": -1.9073795749624516, "log10_colsample_bytree": -0.9182702114513968, "log10_eta": -2.1120743118635024, "log10_lambda": -4.7909392612135235, "log10_min_child_weight": 0.012980580042666334, "log10_subsample": -0.7929025199514896, "max_depth": 4.0, "num_boost_round": 46.0}, "datetime": {"datetime": "2024-01-19 00:49:19", "elapsed": 2262.692993, "delta": 0.003674}}
{"target": -13.754313190717891, "params": {"gamma": 396.17549486689273, "log10_alpha": -1.9073795749624516, "log10_colsample_bytree": -0.9182702114513968, "log10_eta": -2.1120743118635024, "log10_lambda": -4.7909392612135235, "log10_min_child_weight": 0.012980580042666334, "log10_subsample": -0.7929025199514896, "max_depth": 4.0, "num_boost_round": 47.0}, "datetime": {"datetime": "2024-01-19 00:49:19", "elapsed": 2262.696568, "delta": 0.003575}}
{"target": -13.754336810268127, "params": {"gamma": 396.17549486689273, "log10_alpha": -1.9073795749624516, "log10_colsample_bytree": -0.9182702114513968, "log10_eta": -2.1120743118635024, "log10_lambda": -4.7909392612135235, "log10_min_child_weight": 0.012980580042666334, "log10_subsample": -0.7929025199514896, "max_depth": 4.0, "num_boost_round": 48.0}, "datetime": {"datetime": "2024-01-19 00:49:19", "elapsed": 2262.700182, "delta": 0.003614}}
{"target": -13.754316731097113, "params": {"gamma": 396.17549486689273, "log10_alpha": -1.9073795749624516, "log10_colsample_bytree": -0.9182702114513968, "log10_eta": -2.1120743118635024, "log10_lambda": -4.7909392612135235, "log10_min_child_weight": 0.012980580042666334, "log10_subsample": -0.7929025199514896, "max_depth": 4.0, "num_boost_round": 49.0}, "datetime": {"datetime": "2024-01-19 00:49:19", "elapsed": 2262.70376, "delta": 0.003578}}
{"target": -13.754301836058879, "params": {"gamma": 396.17549486689273, "log10_alpha": -1.9073795749624516, "log10_colsample_bytree": -0.9182702114513968, "log10_eta": -2.1120743118635024, "log10_lambda": -4.7909392612135235, "log10_min_child_weight": 0.012980580042666334, "log10_subsample": -0.7929025199514896, "max_depth": 4.0, "num_boost_round": 50.0}, "datetime": {"datetime": "2024-01-19 00:49:19", "elapsed": 2262.707314, "delta": 0.003554}}
{"target": -13.754397013595995, "params": {"gamma": 396.17549486689273, "log10_alpha": -1.9073795749624516, "log10_colsample_bytree": -0.9182702114513968, "log10_eta": -2.1120743118635024, "log10_lambda": -4.7909392612135235, "log10_min_child_weight": 0.012980580042666334, "log10_subsample": -0.7929025199514896, "max_depth": 4.0, "num_boost_round": 51.0}, "datetime": {"datetime": "2024-01-19 00:49:19", "elapsed": 2262.710879, "delta": 0.003565}}
{"target": -13.754459538661536, "params": {"gamma": 396.17549486689273, "log10_alpha": -1.9073795749624516, "log10_colsample_bytree": -0.9182702114513968, "log10_eta": -2.1120743118635024, "log10_lambda": -4.7909392612135235, "log10_min_child_weight": 0.012980580042666334, "log10_subsample": -0.7929025199514896, "max_depth": 4.0, "num_boost_round": 52.0}, "datetime": {"datetime": "2024-01-19 00:49:19", "elapsed": 2262.714468, "delta": 0.003589}}
{"target": -13.754363083660024, "params": {"gamma": 396.17549486689273, "log10_alpha": -1.9073795749624516, "log10_colsample_bytree": -0.9182702114513968, "log10_eta": -2.1120743118635024, "log10_lambda": -4.7909392612135235, "log10_min_child_weight": 0.012980580042666334, "log10_subsample": -0.7929025199514896, "max_depth": 4.0, "num_boost_round": 53.0}, "datetime": {"datetime": "2024-01-19 00:49:19", "elapsed": 2262.718133, "delta": 0.003665}}
{"target": -13.754259063255496, "params": {"gamma": 396.17549486689273, "log10_alpha": -1.9073795749624516, "log10_colsample_bytree": -0.9182702114513968, "log10_eta": -2.1120743118635024, "log10_lambda": -4.7909392612135235, "log10_min_child_weight": 0.012980580042666334, "log10_subsample": -0.7929025199514896, "max_depth": 4.0, "num_boost_round": 54.0}, "datetime": {"datetime": "2024-01-19 00:49:19", "elapsed": 2262.72205, "delta": 0.003917}}
{"target": -13.754145659174009, "params": {"gamma": 396.17549486689273, "log10_alpha": -1.9073795749624516, "log10_colsample_bytree": -0.9182702114513968, "log10_eta": -2.1120743118635024, "log10_lambda": -4.7909392612135235, "log10_min_child_weight": 0.012980580042666334, "log10_subsample": -0.7929025199514896, "max_depth": 4.0, "num_boost_round": 55.0}, "datetime": {"datetime": "2024-01-19 00:49:19", "elapsed": 2262.725794, "delta": 0.003744}}
{"target": -13.754016740657041, "params": {"gamma": 396.17549486689273, "log10_alpha": -1.9073795749624516, "log10_colsample_bytree": -0.9182702114513968, "log10_eta": -2.1120743118635024, "log10_lambda": -4.7909392612135235, "log10_min_child_weight": 0.012980580042666334, "log10_subsample": -0.7929025199514896, "max_depth": 4.0, "num_boost_round": 56.0}, "datetime": {"datetime": "2024-01-19 00:49:19", "elapsed": 2262.729448, "delta": 0.003654}}
{"target": -13.754012905532083, "params": {"gamma": 396.17549486689273, "log10_alpha": -1.9073795749624516, "log10_colsample_bytree": -0.9182702114513968, "log10_eta": -2.1120743118635024, "log10_lambda": -4.7909392612135235, "log10_min_child_weight": 0.012980580042666334, "log10_subsample": -0.7929025199514896, "max_depth": 4.0, "num_boost_round": 57.0}, "datetime": {"datetime": "2024-01-19 00:49:19", "elapsed": 2262.733021, "delta": 0.003573}}
{"target": -13.758681313893115, "params": {"gamma": 391.3967908969057, "log10_alpha": -4.478172695576145, "log10_colsample_bytree": -0.7609822749852446, "log10_eta": -1.356222638347663, "log10_lambda": -2.084308015673791, "log10_min_child_weight": 3.826782704536127, "log10_subsample": -0.48735149926184174, "max_depth": 9.0, "num_boost_round": 0.0}, "datetime": {"datetime": "2024-01-19 00:50:07", "elapsed": 2310.235395, "delta": 47.502374}}
