{"target": -13.757655771338872, "params": {"gamma": 563.2893646546069, "log10_alpha": 0.3171082738925435, "log10_colsample_bytree": -0.9010282966168864, "log10_eta": -3.085423954077365, "log10_lambda": -1.1521415259025165, "log10_min_child_weight": 1.6658543028287003, "log10_subsample": -0.1405449513765934, "max_depth": 9.0, "num_boost_round": 40.0}, "datetime": {"datetime": "2024-01-19 01:39:18", "elapsed": 5290.038534, "delta": 0.005712}}
{"target": -13.757647176367055, "params": {"gamma": 563.2893646546069, "log10_alpha": 0.3171082738925435, "log10_colsample_bytree": -0.9010282966168864, "log10_eta": -3.085423954077365, "log10_lambda": -1.1521415259025165, "log10_min_child_weight": 1.6658543028287003, "log10_subsample": -0.1405449513765934, "max_depth": 9.0, "num_boost_round": 41.0}, "datetime": {"datetime": "2024-01-19 01:39:18", "elapsed": 5290.04396, "delta": 0.005426}}
{"target": -13.757579437757135, "params": {"gamma": 563.2893646546069, "log10_alpha": 0.3171082738925435, "log10_colsample_bytree": -0.9010282966168864, "log10_eta": -3.085423954077365, "log10_lambda": -1.1521415259025165, "log10_min_child_weight": 1.6658543028287003, "log10_subsample": -0.1405449513765934, "max_depth": 9.0, "num_boost_round": 42.0}, "datetime": {"datetime": "2024-01-19 01:39:18", "elapsed": 5290.049429, "delta": 0.005469}}
{"target": -13.757579997849954, "params": {"gamma": 563.2893646546069, "log10_alpha": 0.3171082738925435, "log10_colsample_bytree": -0.9010282966168864, "log10_eta": -3.085423954077365, "log10_lambda": -1.1521415259025165, "log10_min_child_weight": 1.6658543028287003, "log10_subsample": -0.1405449513765934, "max_depth": 9.0, "num_boost_round": 43.0}, "datetime": {"datetime": "2024-01-19 01:39:18", "elapsed": 5290.054884, "delta": 0.005455}}
{"target": -13.758545529535398, "params": {"gamma": 567.0637166983119, "log10_alpha": -1.2836226290585424, "log10_colsample_bytree": -0.9495840674086578, "log10_eta": -2.157391851866999, "log10_lambda": -2.7511159094802857, "log10_min_child_weight": 4.57195745473593, "log10_subsample": -0.36580964510969083, "max_depth": 6.0, "num_boost_round": 0.0}, "datetime": {"datetime": "2024-01-19 01:41:23", "elapsed": 5415.372655, "delta": 125.317771}}
{"target": -13.758478153788666, "params": {"gamma": 567.0637166983119, "log10_alpha": -1.2836226290585424, "log10_colsample_bytree": -0.9495840674086578, "log10_eta": -2.157391851866999, "log10_lambda": -2.7511159094802857, "log10_min_child_weight": 4.57195745473593, "log10_subsample": -0.36580964510969083, "max_depth": 6.0, "num_boost_round": 1.0}, "datetime": {"datetime": "2024-01-19 01:41:23", "elapsed": 5415.379112, "delta": 0.006457}}
{"target": -13.758482039472336, "params": {"gamma": 567.0637166983119, "log10_alpha": -1.2836226290585424, "log10_colsample_bytree": -0.9495840674086578, "log10_eta": -2.157391851866999, "log10_lambda": -2.7511159094802857, "log10_min_child_weight": 4.57195745473593, "log10_subsample": -0.36580964510969083, "max_depth": 6.0, "num_boost_round": 2.0}, "datetime": {"datetime": "2024-01-19 01:41:23", "elapsed": 5415.384834, "delta": 0.005722}}
{"target": -13.758504792944754, "params": {"gamma": 567.0637166983119, "log10_alpha": -1.2836226290585424, "log10_colsample_bytree": -0.9495840674086578, "log10_eta": -2.157391851866999, "log10_lambda": -2.7511159094802857, "log10_min_child_weight": 4.57195745473593, "log10_subsample": -0.36580964510969083, "max_depth": 6.0, "num_boost_round": 3.0}, "datetime": {"datetime": "2024-01-19 01:41:23", "elapsed": 5415.390777, "delta": 0.005943}}
{"target": -13.758491230827794, "params": {"gamma": 567.0637166983119, "log10_alpha": -1.2836226290585424, "log10_colsample_bytree": -0.9495840674086578, "log10_eta": -2.157391851866999, "log10_lambda": -2.7511159094802857, "log10_min_child_weight": 4.57195745473593, "log10_subsample": -0.36580964510969083, "max_depth": 6.0, "num_boost_round": 4.0}, "datetime": {"datetime": "2024-01-19 01:41:23", "elapsed": 5415.396236, "delta": 0.005459}}
{"target": -13.758469177983535, "params": {"gamma": 567.0637166983119, "log10_alpha": -1.2836226290585424, "log10_colsample_bytree": -0.9495840674086578, "log10_eta": -2.157391851866999, "log10_lambda": -2.7511159094802857, "log10_min_child_weight": 4.57195745473593, "log10_subsample": -0.36580964510969083, "max_depth": 6.0, "num_boost_round": 5.0}, "datetime": {"datetime": "2024-01-19 01:41:23", "elapsed": 5415.401518, "delta": 0.005282}}
{"target": -13.758444591969718, "params": {"gamma": 567.0637166983119, "log10_alpha": -1.2836226290585424, "log10_colsample_bytree": -0.9495840674086578, "log10_eta": -2.157391851866999, "log10_lambda": -2.7511159094802857, "log10_min_child_weight": 4.57195745473593, "log10_subsample": -0.36580964510969083, "max_depth": 6.0, "num_boost_round": 6.0}, "datetime": {"datetime": "2024-01-19 01:41:23", "elapsed": 5415.407027, "delta": 0.005509}}
{"target": -13.758412250979163, "params": {"gamma": 567.0637166983119, "log10_alpha": -1.2836226290585424, "log10_colsample_bytree": -0.9495840674086578, "log10_eta": -2.157391851866999, "log10_lambda": -2.7511159094802857, "log10_min_child_weight": 4.57195745473593, "log10_subsample": -0.36580964510969083, "max_depth": 6.0, "num_boost_round": 7.0}, "datetime": {"datetime": "2024-01-19 01:41:23", "elapsed": 5415.412649, "delta": 0.005622}}
{"target": -13.758417664530615, "params": {"gamma": 567.0637166983119, "log10_alpha": -1.2836226290585424, "log10_colsample_bytree": -0.9495840674086578, "log10_eta": -2.157391851866999, "log10_lambda": -2.7511159094802857, "log10_min_child_weight": 4.57195745473593, "log10_subsample": -0.36580964510969083, "max_depth": 6.0, "num_boost_round": 8.0}, "datetime": {"datetime": "2024-01-19 01:41:23", "elapsed": 5415.418224, "delta": 0.005575}}
{"target": -13.75839333447814, "params": {"gamma": 567.0637166983119, "log10_alpha": -1.2836226290585424, "log10_colsample_bytree": -0.9495840674086578, "log10_eta": -2.157391851866999, "log10_lambda": -2.7511159094802857, "log10_min_child_weight": 4.57195745473593, "log10_subsample": -0.36580964510969083, "max_depth": 6.0, "num_boost_round": 9.0}, "datetime": {"datetime": "2024-01-19 01:41:23", "elapsed": 5415.424074, "delta": 0.00585}}
{"target": -13.758387251572433, "params": {"gamma": 567.0637166983119, "log10_alpha": -1.2836226290585424, "log10_colsample_bytree": -0.9495840674086578, "log10_eta": -2.157391851866999, "log10_lambda": -2.7511159094802857, "log10_min_child_weight": 4.57195745473593, "log10_subsample": -0.36580964510969083, "max_depth": 6.0, "num_boost_round": 10.0}, "datetime": {"datetime": "2024-01-19 01:41:23", "elapsed": 5415.429483, "delta": 0.005409}}
{"target": -13.758339722064612, "params": {"gamma": 567.0637166983119, "log10_alpha": -1.2836226290585424, "log10_colsample_bytree": -0.9495840674086578, "log10_eta": -2.157391851866999, "log10_lambda": -2.7511159094802857, "log10_min_child_weight": 4.57195745473593, "log10_subsample": -0.36580964510969083, "max_depth": 6.0, "num_boost_round": 11.0}, "datetime": {"datetime": "2024-01-19 01:41:23", "elapsed": 5415.434782, "delta": 0.005299}}
{"target": -13.758319483820555, "params": {"gamma": 567.0637166983119, "log10_alpha": -1.2836226290585424, "log10_colsample_bytree": -0.9495840674086578, "log10_eta": -2.157391851866999, "log10_lambda": -2.7511159094802857, "log10_min_child_weight": 4.57195745473593, "log10_subsample": -0.36580964510969083, "max_depth": 6.0, "num_boost_round": 12.0}, "datetime": {"datetime": "2024-01-19 01:41:23", "elapsed": 5415.440241, "delta": 0.005459}}
{"target": -13.758258416624013, "params": {"gamma": 567.0637166983119, "log10_alpha": -1.2836226290585424, "log10_colsample_bytree": -0.9495840674086578, "log10_eta": -2.157391851866999, "log10_lambda": -2.7511159094802857, "log10_min_child_weight": 4.57195745473593, "log10_subsample": -0.36580964510969083, "max_depth": 6.0, "num_boost_round": 13.0}, "datetime": {"datetime": "2024-01-19 01:41:23", "elapsed": 5415.445769, "delta": 0.005528}}
{"target": -13.75824265078773, "params": {"gamma": 567.0637166983119, "log10_alpha": -1.2836226290585424, "log10_colsample_bytree": -0.9495840674086578, "log10_eta": -2.157391851866999, "log10_lambda": -2.7511159094802857, "log10_min_child_weight": 4.57195745473593, "log10_subsample": -0.36580964510969083, "max_depth": 6.0, "num_boost_round": 14.0}, "datetime": {"datetime": "2024-01-19 01:41:23", "elapsed": 5415.451415, "delta": 0.005646}}
{"target": -13.758148973826533, "params": {"gamma": 567.0637166983119, "log10_alpha": -1.2836226290585424, "log10_colsample_bytree": -0.9495840674086578, "log10_eta": -2.157391851866999, "log10_lambda": -2.7511159094802857, "log10_min_child_weight": 4.57195745473593, "log10_subsample": -0.36580964510969083, "max_depth": 6.0, "num_boost_round": 15.0}, "datetime": {"datetime": "2024-01-19 01:41:23", "elapsed": 5415.457153, "delta": 0.005738}}
{"target": -13.758129753632245, "params": {"gamma": 567.0637166983119, "log10_alpha": -1.2836226290585424, "log10_colsample_bytree": -0.9495840674086578, "log10_eta": -2.157391851866999, "log10_lambda": -2.7511159094802857, "log10_min_child_weight": 4.57195745473593, "log10_subsample": -0.36580964510969083, "max_depth": 6.0, "num_boost_round": 16.0}, "datetime": {"datetime": "2024-01-19 01:41:23", "elapsed": 5415.462449, "delta": 0.005296}}
{"target": -13.758129439223778, "params": {"gamma": 567.0637166983119, "log10_alpha": -1.2836226290585424, "log10_colsample_bytree": -0.9495840674086578, "log10_eta": -2.157391851866999, "log10_lambda": -2.7511159094802857, "log10_min_child_weight": 4.57195745473593, "log10_subsample": -0.36580964510969083, "max_depth": 6.0, "num_boost_round": 17.0}, "datetime": {"datetime": "2024-01-19 01:41:23", "elapsed": 5415.467967, "delta": 0.005518}}
{"target": -13.75812556664788, "params": {"gamma": 567.0637166983119, "log10_alpha": -1.2836226290585424, "log10_colsample_bytree": -0.9495840674086578, "log10_eta": -2.157391851866999, "log10_lambda": -2.7511159094802857, "log10_min_child_weight": 4.57195745473593, "log10_subsample": -0.36580964510969083, "max_depth": 6.0, "num_boost_round": 18.0}, "datetime": {"datetime": "2024-01-19 01:41:23", "elapsed": 5415.473869, "delta": 0.005902}}
{"target": -13.758084088759734, "params": {"gamma": 567.0637166983119, "log10_alpha": -1.2836226290585424, "log10_colsample_bytree": -0.9495840674086578, "log10_eta": -2.157391851866999, "log10_lambda": -2.7511159094802857, "log10_min_child_weight": 4.57195745473593, "log10_subsample": -0.36580964510969083, "max_depth": 6.0, "num_boost_round": 19.0}, "datetime": {"datetime": "2024-01-19 01:41:23", "elapsed": 5415.479334, "delta": 0.005465}}
{"target": -13.758127829578672, "params": {"gamma": 567.0637166983119, "log10_alpha": -1.2836226290585424, "log10_colsample_bytree": -0.9495840674086578, "log10_eta": -2.157391851866999, "log10_lambda": -2.7511159094802857, "log10_min_child_weight": 4.57195745473593, "log10_subsample": -0.36580964510969083, "max_depth": 6.0, "num_boost_round": 20.0}, "datetime": {"datetime": "2024-01-19 01:41:23", "elapsed": 5415.484786, "delta": 0.005452}}
{"target": -13.758124439360794, "params": {"gamma": 567.0637166983119, "log10_alpha": -1.2836226290585424, "log10_colsample_bytree": -0.9495840674086578, "log10_eta": -2.157391851866999, "log10_lambda": -2.7511159094802857, "log10_min_child_weight": 4.57195745473593, "log10_subsample": -0.36580964510969083, "max_depth": 6.0, "num_boost_round": 21.0}, "datetime": {"datetime": "2024-01-19 01:41:23", "elapsed": 5415.490919, "delta": 0.006133}}
{"target": -13.758160480462243, "params": {"gamma": 567.0637166983119, "log10_alpha": -1.2836226290585424, "log10_colsample_bytree": -0.9495840674086578, "log10_eta": -2.157391851866999, "log10_lambda": -2.7511159094802857, "log10_min_child_weight": 4.57195745473593, "log10_subsample": -0.36580964510969083, "max_depth": 6.0, "num_boost_round": 22.0}, "datetime": {"datetime": "2024-01-19 01:41:23", "elapsed": 5415.496254, "delta": 0.005335}}
{"target": -13.75815476506215, "params": {"gamma": 567.0637166983119, "log10_alpha": -1.2836226290585424, "log10_colsample_bytree": -0.9495840674086578, "log10_eta": -2.157391851866999, "log10_lambda": -2.7511159094802857, "log10_min_child_weight": 4.57195745473593, "log10_subsample": -0.36580964510969083, "max_depth": 6.0, "num_boost_round": 23.0}, "datetime": {"datetime": "2024-01-19 01:41:23", "elapsed": 5415.501492, "delta": 0.005238}}
{"target": -13.75817754237304, "params": {"gamma": 567.0637166983119, "log10_alpha": -1.2836226290585424, "log10_colsample_bytree": -0.9495840674086578, "log10_eta": -2.157391851866999, "log10_lambda": -2.7511159094802857, "log10_min_child_weight": 4.57195745473593, "log10_subsample": -0.36580964510969083, "max_depth": 6.0, "num_boost_round": 24.0}, "datetime": {"datetime": "2024-01-19 01:41:23", "elapsed": 5415.506872, "delta": 0.00538}}
{"target": -13.758178014404296, "params": {"gamma": 567.0637166983119, "log10_alpha": -1.2836226290585424, "log10_colsample_bytree": -0.9495840674086578, "log10_eta": -2.157391851866999, "log10_lambda": -2.7511159094802857, "log10_min_child_weight": 4.57195745473593, "log10_subsample": -0.36580964510969083, "max_depth": 6.0, "num_boost_round": 25.0}, "datetime": {"datetime": "2024-01-19 01:41:23", "elapsed": 5415.512131, "delta": 0.005259}}
{"target": -13.758157817555588, "params": {"gamma": 567.0637166983119, "log10_alpha": -1.2836226290585424, "log10_colsample_bytree": -0.9495840674086578, "log10_eta": -2.157391851866999, "log10_lambda": -2.7511159094802857, "log10_min_child_weight": 4.57195745473593, "log10_subsample": -0.36580964510969083, "max_depth": 6.0, "num_boost_round": 26.0}, "datetime": {"datetime": "2024-01-19 01:41:23", "elapsed": 5415.51741, "delta": 0.005279}}
{"target": -13.758109608550724, "params": {"gamma": 567.0637166983119, "log10_alpha": -1.2836226290585424, "log10_colsample_bytree": -0.9495840674086578, "log10_eta": -2.157391851866999, "log10_lambda": -2.7511159094802857, "log10_min_child_weight": 4.57195745473593, "log10_subsample": -0.36580964510969083, "max_depth": 6.0, "num_boost_round": 27.0}, "datetime": {"datetime": "2024-01-19 01:41:23", "elapsed": 5415.522948, "delta": 0.005538}}
{"target": -13.758050181753271, "params": {"gamma": 567.0637166983119, "log10_alpha": -1.2836226290585424, "log10_colsample_bytree": -0.9495840674086578, "log10_eta": -2.157391851866999, "log10_lambda": -2.7511159094802857, "log10_min_child_weight": 4.57195745473593, "log10_subsample": -0.36580964510969083, "max_depth": 6.0, "num_boost_round": 28.0}, "datetime": {"datetime": "2024-01-19 01:41:23", "elapsed": 5415.528194, "delta": 0.005246}}
{"target": -13.758032797698023, "params": {"gamma": 567.0637166983119, "log10_alpha": -1.2836226290585424, "log10_colsample_bytree": -0.9495840674086578, "log10_eta": -2.157391851866999, "log10_lambda": -2.7511159094802857, "log10_min_child_weight": 4.57195745473593, "log10_subsample": -0.36580964510969083, "max_depth": 6.0, "num_boost_round": 29.0}, "datetime": {"datetime": "2024-01-19 01:41:23", "elapsed": 5415.533564, "delta": 0.00537}}
{"target": -13.758014309926068, "params": {"gamma": 567.0637166983119, "log10_alpha": -1.2836226290585424, "log10_colsample_bytree": -0.9495840674086578, "log10_eta": -2.157391851866999, "log10_lambda": -2.7511159094802857, "log10_min_child_weight": 4.57195745473593, "log10_subsample": -0.36580964510969083, "max_depth": 6.0, "num_boost_round": 30.0}, "datetime": {"datetime": "2024-01-19 01:41:23", "elapsed": 5415.538861, "delta": 0.005297}}
{"target": -13.758041558685534, "params": {"gamma": 567.0637166983119, "log10_alpha": -1.2836226290585424, "log10_colsample_bytree": -0.9495840674086578, "log10_eta": -2.157391851866999, "log10_lambda": -2.7511159094802857, "log10_min_child_weight": 4.57195745473593, "log10_subsample": -0.36580964510969083, "max_depth": 6.0, "num_boost_round": 31.0}, "datetime": {"datetime": "2024-01-19 01:41:23", "elapsed": 5415.544223, "delta": 0.005362}}
{"target": -13.758045096250381, "params": {"gamma": 567.0637166983119, "log10_alpha": -1.2836226290585424, "log10_colsample_bytree": -0.9495840674086578, "log10_eta": -2.157391851866999, "log10_lambda": -2.7511159094802857, "log10_min_child_weight": 4.57195745473593, "log10_subsample": -0.36580964510969083, "max_depth": 6.0, "num_boost_round": 32.0}, "datetime": {"datetime": "2024-01-19 01:41:23", "elapsed": 5415.549809, "delta": 0.005586}}
{"target": -13.75806809334297, "params": {"gamma": 567.0637166983119, "log10_alpha": -1.2836226290585424, "log10_colsample_bytree": -0.9495840674086578, "log10_eta": -2.157391851866999, "log10_lambda": -2.7511159094802857, "log10_min_child_weight": 4.57195745473593, "log10_subsample": -0.36580964510969083, "max_depth": 6.0, "num_boost_round": 33.0}, "datetime": {"datetime": "2024-01-19 01:41:23", "elapsed": 5415.680669, "delta": 0.13086}}
{"target": -13.758044270938651, "params": {"gamma": 567.0637166983119, "log10_alpha": -1.2836226290585424, "log10_colsample_bytree": -0.9495840674086578, "log10_eta": -2.157391851866999, "log10_lambda": -2.7511159094802857, "log10_min_child_weight": 4.57195745473593, "log10_subsample": -0.36580964510969083, "max_depth": 6.0, "num_boost_round": 34.0}, "datetime": {"datetime": "2024-01-19 01:41:23", "elapsed": 5415.687263, "delta": 0.006594}}
{"target": -13.758023886416062, "params": {"gamma": 567.0637166983119, "log10_alpha": -1.2836226290585424, "log10_colsample_bytree": -0.9495840674086578, "log10_eta": -2.157391851866999, "log10_lambda": -2.7511159094802857, "log10_min_child_weight": 4.57195745473593, "log10_subsample": -0.36580964510969083, "max_depth": 6.0, "num_boost_round": 35.0}, "datetime": {"datetime": "2024-01-19 01:41:23", "elapsed": 5415.693179, "delta": 0.005916}}
{"target": -13.75802921844054, "params": {"gamma": 567.0637166983119, "log10_alpha": -1.2836226290585424, "log10_colsample_bytree": -0.9495840674086578, "log10_eta": -2.157391851866999, "log10_lambda": -2.7511159094802857, "log10_min_child_weight": 4.57195745473593, "log10_subsample": -0.36580964510969083, "max_depth": 6.0, "num_boost_round": 36.0}, "datetime": {"datetime": "2024-01-19 01:41:23", "elapsed": 5415.698678, "delta": 0.005499}}
{"target": -13.758037268369154, "params": {"gamma": 567.0637166983119, "log10_alpha": -1.2836226290585424, "log10_colsample_bytree": -0.9495840674086578, "log10_eta": -2.157391851866999, "log10_lambda": -2.7511159094802857, "log10_min_child_weight": 4.57195745473593, "log10_subsample": -0.36580964510969083, "max_depth": 6.0, "num_boost_round": 37.0}, "datetime": {"datetime": "2024-01-19 01:41:23", "elapsed": 5415.704071, "delta": 0.005393}}
{"target": -13.75804547751557, "params": {"gamma": 567.0637166983119, "log10_alpha": -1.2836226290585424, "log10_colsample_bytree": -0.9495840674086578, "log10_eta": -2.157391851866999, "log10_lambda": -2.7511159094802857, "log10_min_child_weight": 4.57195745473593, "log10_subsample": -0.36580964510969083, "max_depth": 6.0, "num_boost_round": 38.0}, "datetime": {"datetime": "2024-01-19 01:41:23", "elapsed": 5415.70968, "delta": 0.005609}}
{"target": -13.758036485318966, "params": {"gamma": 567.0637166983119, "log10_alpha": -1.2836226290585424, "log10_colsample_bytree": -0.9495840674086578, "log10_eta": -2.157391851866999, "log10_lambda": -2.7511159094802857, "log10_min_child_weight": 4.57195745473593, "log10_subsample": -0.36580964510969083, "max_depth": 6.0, "num_boost_round": 39.0}, "datetime": {"datetime": "2024-01-19 01:41:23", "elapsed": 5415.71556, "delta": 0.00588}}
{"target": -13.757995719467313, "params": {"gamma": 567.0637166983119, "log10_alpha": -1.2836226290585424, "log10_colsample_bytree": -0.9495840674086578, "log10_eta": -2.157391851866999, "log10_lambda": -2.7511159094802857, "log10_min_child_weight": 4.57195745473593, "log10_subsample": -0.36580964510969083, "max_depth": 6.0, "num_boost_round": 40.0}, "datetime": {"datetime": "2024-01-19 01:41:23", "elapsed": 5415.721106, "delta": 0.005546}}
{"target": -13.757955099793637, "params": {"gamma": 567.0637166983119, "log10_alpha": -1.2836226290585424, "log10_colsample_bytree": -0.9495840674086578, "log10_eta": -2.157391851866999, "log10_lambda": -2.7511159094802857, "log10_min_child_weight": 4.57195745473593, "log10_subsample": -0.36580964510969083, "max_depth": 6.0, "num_boost_round": 41.0}, "datetime": {"datetime": "2024-01-19 01:41:23", "elapsed": 5415.7267, "delta": 0.005594}}
{"target": -13.757888060065389, "params": {"gamma": 567.0637166983119, "log10_alpha": -1.2836226290585424, "log10_colsample_bytree": -0.9495840674086578, "log10_eta": -2.157391851866999, "log10_lambda": -2.7511159094802857, "log10_min_child_weight": 4.57195745473593, "log10_subsample": -0.36580964510969083, "max_depth": 6.0, "num_boost_round": 42.0}, "datetime": {"datetime": "2024-01-19 01:41:23", "elapsed": 5415.732174, "delta": 0.005474}}
{"target": -13.757879981601286, "params": {"gamma": 567.0637166983119, "log10_alpha": -1.2836226290585424, "log10_colsample_bytree": -0.9495840674086578, "log10_eta": -2.157391851866999, "log10_lambda": -2.7511159094802857, "log10_min_child_weight": 4.57195745473593, "log10_subsample": -0.36580964510969083, "max_depth": 6.0, "num_boost_round": 43.0}, "datetime": {"datetime": "2024-01-19 01:41:23", "elapsed": 5415.737614, "delta": 0.00544}}
{"target": -13.757824590095534, "params": {"gamma": 567.0637166983119, "log10_alpha": -1.2836226290585424, "log10_colsample_bytree": -0.9495840674086578, "log10_eta": -2.157391851866999, "log10_lambda": -2.7511159094802857, "log10_min_child_weight": 4.57195745473593, "log10_subsample": -0.36580964510969083, "max_depth": 6.0, "num_boost_round": 44.0}, "datetime": {"datetime": "2024-01-19 01:41:23", "elapsed": 5415.743189, "delta": 0.005575}}
