{"target": -13.758538549751712, "params": {"gamma": 715.9638435921948, "log10_alpha": 0.7246828785895012, "log10_colsample_bytree": -0.19011855899019148, "log10_eta": -1.9413035155724758, "log10_lambda": -4.371565642170371, "log10_min_child_weight": 1.4029494871831845, "log10_subsample": -0.36397880395961424, "max_depth": 8.0, "num_boost_round": 0.0}, "datetime": {"datetime": "2024-01-19 01:13:16", "elapsed": 3695.767196, "delta": 70.378007}}
{"target": -13.758810616028594, "params": {"gamma": 715.9638435921948, "log10_alpha": 0.7246828785895012, "log10_colsample_bytree": -0.19011855899019148, "log10_eta": -1.9413035155724758, "log10_lambda": -4.371565642170371, "log10_min_child_weight": 1.4029494871831845, "log10_subsample": -0.36397880395961424, "max_depth": 8.0, "num_boost_round": 1.0}, "datetime": {"datetime": "2024-01-19 01:13:16", "elapsed": 3695.772349, "delta": 0.005153}}
{"target": -13.758547292315502, "params": {"gamma": 715.9638435921948, "log10_alpha": 0.7246828785895012, "log10_colsample_bytree": -0.19011855899019148, "log10_eta": -1.9413035155724758, "log10_lambda": -4.371565642170371, "log10_min_child_weight": 1.4029494871831845, "log10_subsample": -0.36397880395961424, "max_depth": 8.0, "num_boost_round": 2.0}, "datetime": {"datetime": "2024-01-19 01:13:16", "elapsed": 3695.77656, "delta": 0.004211}}
{"target": -13.758756773827246, "params": {"gamma": 715.9638435921948, "log10_alpha": 0.7246828785895012, "log10_colsample_bytree": -0.19011855899019148, "log10_eta": -1.9413035155724758, "log10_lambda": -4.371565642170371, "log10_min_child_weight": 1.4029494871831845, "log10_subsample": -0.36397880395961424, "max_depth": 8.0, "num_boost_round": 3.0}, "datetime": {"datetime": "2024-01-19 01:13:16", "elapsed": 3695.780582, "delta": 0.004022}}
{"target": -13.757721633185609, "params": {"gamma": 715.9638435921948, "log10_alpha": 0.7246828785895012, "log10_colsample_bytree": -0.19011855899019148, "log10_eta": -1.9413035155724758, "log10_lambda": -4.371565642170371, "log10_min_child_weight": 1.4029494871831845, "log10_subsample": -0.36397880395961424, "max_depth": 8.0, "num_boost_round": 4.0}, "datetime": {"datetime": "2024-01-19 01:13:16", "elapsed": 3695.784417, "delta": 0.003835}}
{"target": -13.75814721138161, "params": {"gamma": 715.9638435921948, "log10_alpha": 0.7246828785895012, "log10_colsample_bytree": -0.19011855899019148, "log10_eta": -1.9413035155724758, "log10_lambda": -4.371565642170371, "log10_min_child_weight": 1.4029494871831845, "log10_subsample": -0.36397880395961424, "max_depth": 8.0, "num_boost_round": 5.0}, "datetime": {"datetime": "2024-01-19 01:13:16", "elapsed": 3695.788274, "delta": 0.003857}}
{"target": -13.758132746363934, "params": {"gamma": 715.9638435921948, "log10_alpha": 0.7246828785895012, "log10_colsample_bytree": -0.19011855899019148, "log10_eta": -1.9413035155724758, "log10_lambda": -4.371565642170371, "log10_min_child_weight": 1.4029494871831845, "log10_subsample": -0.36397880395961424, "max_depth": 8.0, "num_boost_round": 6.0}, "datetime": {"datetime": "2024-01-19 01:13:16", "elapsed": 3695.792179, "delta": 0.003905}}
{"target": -13.758922278614351, "params": {"gamma": 715.9638435921948, "log10_alpha": 0.7246828785895012, "log10_colsample_bytree": -0.19011855899019148, "log10_eta": -1.9413035155724758, "log10_lambda": -4.371565642170371, "log10_min_child_weight": 1.4029494871831845, "log10_subsample": -0.36397880395961424, "max_depth": 8.0, "num_boost_round": 7.0}, "datetime": {"datetime": "2024-01-19 01:13:16", "elapsed": 3695.796191, "delta": 0.004012}}
{"target": -13.758825909389106, "params": {"gamma": 715.9638435921948, "log10_alpha": 0.7246828785895012, "log10_colsample_bytree": -0.19011855899019148, "log10_eta": -1.9413035155724758, "log10_lambda": -4.371565642170371, "log10_min_child_weight": 1.4029494871831845, "log10_subsample": -0.36397880395961424, "max_depth": 8.0, "num_boost_round": 8.0}, "datetime": {"datetime": "2024-01-19 01:13:16", "elapsed": 3695.800191, "delta": 0.004}}
{"target": -13.759065946817852, "params": {"gamma": 715.9638435921948, "log10_alpha": 0.7246828785895012, "log10_colsample_bytree": -0.19011855899019148, "log10_eta": -1.9413035155724758, "log10_lambda": -4.371565642170371, "log10_min_child_weight": 1.4029494871831845, "log10_subsample": -0.36397880395961424, "max_depth": 8.0, "num_boost_round": 9.0}, "datetime": {"datetime": "2024-01-19 01:13:16", "elapsed": 3695.804153, "delta": 0.003962}}
{"target": -13.759547198205539, "params": {"gamma": 715.9638435921948, "log10_alpha": 0.7246828785895012, "log10_colsample_bytree": -0.19011855899019148, "log10_eta": -1.9413035155724758, "log10_lambda": -4.371565642170371, "log10_min_child_weight": 1.4029494871831845, "log10_subsample": -0.36397880395961424, "max_depth": 8.0, "num_boost_round": 10.0}, "datetime": {"datetime": "2024-01-19 01:13:16", "elapsed": 3695.808065, "delta": 0.003912}}
{"target": -13.759244761279222, "params": {"gamma": 715.9638435921948, "log10_alpha": 0.7246828785895012, "log10_colsample_bytree": -0.19011855899019148, "log10_eta": -1.9413035155724758, "log10_lambda": -4.371565642170371, "log10_min_child_weight": 1.4029494871831845, "log10_subsample": -0.36397880395961424, "max_depth": 8.0, "num_boost_round": 11.0}, "datetime": {"datetime": "2024-01-19 01:13:16", "elapsed": 3695.811991, "delta": 0.003926}}
{"target": -13.760125929287652, "params": {"gamma": 715.9638435921948, "log10_alpha": 0.7246828785895012, "log10_colsample_bytree": -0.19011855899019148, "log10_eta": -1.9413035155724758, "log10_lambda": -4.371565642170371, "log10_min_child_weight": 1.4029494871831845, "log10_subsample": -0.36397880395961424, "max_depth": 8.0, "num_boost_round": 12.0}, "datetime": {"datetime": "2024-01-19 01:13:16", "elapsed": 3695.815868, "delta": 0.003877}}
{"target": -13.760578794592744, "params": {"gamma": 715.9638435921948, "log10_alpha": 0.7246828785895012, "log10_colsample_bytree": -0.19011855899019148, "log10_eta": -1.9413035155724758, "log10_lambda": -4.371565642170371, "log10_min_child_weight": 1.4029494871831845, "log10_subsample": -0.36397880395961424, "max_depth": 8.0, "num_boost_round": 13.0}, "datetime": {"datetime": "2024-01-19 01:13:16", "elapsed": 3695.81978, "delta": 0.003912}}
{"target": -13.76032863083356, "params": {"gamma": 715.9638435921948, "log10_alpha": 0.7246828785895012, "log10_colsample_bytree": -0.19011855899019148, "log10_eta": -1.9413035155724758, "log10_lambda": -4.371565642170371, "log10_min_child_weight": 1.4029494871831845, "log10_subsample": -0.36397880395961424, "max_depth": 8.0, "num_boost_round": 14.0}, "datetime": {"datetime": "2024-01-19 01:13:16", "elapsed": 3695.823798, "delta": 0.004018}}
{"target": -13.760848437292191, "params": {"gamma": 715.9638435921948, "log10_alpha": 0.7246828785895012, "log10_colsample_bytree": -0.19011855899019148, "log10_eta": -1.9413035155724758, "log10_lambda": -4.371565642170371, "log10_min_child_weight": 1.4029494871831845, "log10_subsample": -0.36397880395961424, "max_depth": 8.0, "num_boost_round": 15.0}, "datetime": {"datetime": "2024-01-19 01:13:16", "elapsed": 3695.827663, "delta": 0.003865}}
{"target": -13.760634910586042, "params": {"gamma": 715.9638435921948, "log10_alpha": 0.7246828785895012, "log10_colsample_bytree": -0.19011855899019148, "log10_eta": -1.9413035155724758, "log10_lambda": -4.371565642170371, "log10_min_child_weight": 1.4029494871831845, "log10_subsample": -0.36397880395961424, "max_depth": 8.0, "num_boost_round": 16.0}, "datetime": {"datetime": "2024-01-19 01:13:16", "elapsed": 3695.831539, "delta": 0.003876}}
{"target": -13.760540449971415, "params": {"gamma": 715.9638435921948, "log10_alpha": 0.7246828785895012, "log10_colsample_bytree": -0.19011855899019148, "log10_eta": -1.9413035155724758, "log10_lambda": -4.371565642170371, "log10_min_child_weight": 1.4029494871831845, "log10_subsample": -0.36397880395961424, "max_depth": 8.0, "num_boost_round": 17.0}, "datetime": {"datetime": "2024-01-19 01:13:16", "elapsed": 3695.835475, "delta": 0.003936}}
{"target": -13.761194686483103, "params": {"gamma": 715.9638435921948, "log10_alpha": 0.7246828785895012, "log10_colsample_bytree": -0.19011855899019148, "log10_eta": -1.9413035155724758, "log10_lambda": -4.371565642170371, "log10_min_child_weight": 1.4029494871831845, "log10_subsample": -0.36397880395961424, "max_depth": 8.0, "num_boost_round": 18.0}, "datetime": {"datetime": "2024-01-19 01:13:16", "elapsed": 3695.839432, "delta": 0.003957}}
{"target": -13.761752375146292, "params": {"gamma": 715.9638435921948, "log10_alpha": 0.7246828785895012, "log10_colsample_bytree": -0.19011855899019148, "log10_eta": -1.9413035155724758, "log10_lambda": -4.371565642170371, "log10_min_child_weight": 1.4029494871831845, "log10_subsample": -0.36397880395961424, "max_depth": 8.0, "num_boost_round": 19.0}, "datetime": {"datetime": "2024-01-19 01:13:16", "elapsed": 3695.843324, "delta": 0.003892}}
{"target": -13.761779999508393, "params": {"gamma": 715.9638435921948, "log10_alpha": 0.7246828785895012, "log10_colsample_bytree": -0.19011855899019148, "log10_eta": -1.9413035155724758, "log10_lambda": -4.371565642170371, "log10_min_child_weight": 1.4029494871831845, "log10_subsample": -0.36397880395961424, "max_depth": 8.0, "num_boost_round": 20.0}, "datetime": {"datetime": "2024-01-19 01:13:16", "elapsed": 3695.847314, "delta": 0.00399}}
{"target": -13.762435651448993, "params": {"gamma": 715.9638435921948, "log10_alpha": 0.7246828785895012, "log10_colsample_bytree": -0.19011855899019148, "log10_eta": -1.9413035155724758, "log10_lambda": -4.371565642170371, "log10_min_child_weight": 1.4029494871831845, "log10_subsample": -0.36397880395961424, "max_depth": 8.0, "num_boost_round": 21.0}, "datetime": {"datetime": "2024-01-19 01:13:16", "elapsed": 3695.851266, "delta": 0.003952}}
{"target": -13.762338253899083, "params": {"gamma": 715.9638435921948, "log10_alpha": 0.7246828785895012, "log10_colsample_bytree": -0.19011855899019148, "log10_eta": -1.9413035155724758, "log10_lambda": -4.371565642170371, "log10_min_child_weight": 1.4029494871831845, "log10_subsample": -0.36397880395961424, "max_depth": 8.0, "num_boost_round": 22.0}, "datetime": {"datetime": "2024-01-19 01:13:16", "elapsed": 3695.855193, "delta": 0.003927}}
{"target": -13.76254420137754, "params": {"gamma": 715.9638435921948, "log10_alpha": 0.7246828785895012, "log10_colsample_bytree": -0.19011855899019148, "log10_eta": -1.9413035155724758, "log10_lambda": -4.371565642170371, "log10_min_child_weight": 1.4029494871831845, "log10_subsample": -0.36397880395961424, "max_depth": 8.0, "num_boost_round": 23.0}, "datetime": {"datetime": "2024-01-19 01:13:16", "elapsed": 3695.859167, "delta": 0.003974}}
{"target": -13.7633762762212, "params": {"gamma": 715.9638435921948, "log10_alpha": 0.7246828785895012, "log10_colsample_bytree": -0.19011855899019148, "log10_eta": -1.9413035155724758, "log10_lambda": -4.371565642170371, "log10_min_child_weight": 1.4029494871831845, "log10_subsample": -0.36397880395961424, "max_depth": 8.0, "num_boost_round": 24.0}, "datetime": {"datetime": "2024-01-19 01:13:16", "elapsed": 3695.863016, "delta": 0.003849}}
{"target": -13.764040823616309, "params": {"gamma": 715.9638435921948, "log10_alpha": 0.7246828785895012, "log10_colsample_bytree": -0.19011855899019148, "log10_eta": -1.9413035155724758, "log10_lambda": -4.371565642170371, "log10_min_child_weight": 1.4029494871831845, "log10_subsample": -0.36397880395961424, "max_depth": 8.0, "num_boost_round": 25.0}, "datetime": {"datetime": "2024-01-19 01:13:16", "elapsed": 3695.86693, "delta": 0.003914}}
{"target": -13.763986710760603, "params": {"gamma": 715.9638435921948, "log10_alpha": 0.7246828785895012, "log10_colsample_bytree": -0.19011855899019148, "log10_eta": -1.9413035155724758, "log10_lambda": -4.371565642170371, "log10_min_child_weight": 1.4029494871831845, "log10_subsample": -0.36397880395961424, "max_depth": 8.0, "num_boost_round": 26.0}, "datetime": {"datetime": "2024-01-19 01:13:16", "elapsed": 3695.870869, "delta": 0.003939}}
{"target": -13.764305680790908, "params": {"gamma": 715.9638435921948, "log10_alpha": 0.7246828785895012, "log10_colsample_bytree": -0.19011855899019148, "log10_eta": -1.9413035155724758, "log10_lambda": -4.371565642170371, "log10_min_child_weight": 1.4029494871831845, "log10_subsample": -0.36397880395961424, "max_depth": 8.0, "num_boost_round": 27.0}, "datetime": {"datetime": "2024-01-19 01:13:16", "elapsed": 3695.87482, "delta": 0.003951}}
{"target": -13.765029206720635, "params": {"gamma": 715.9638435921948, "log10_alpha": 0.7246828785895012, "log10_colsample_bytree": -0.19011855899019148, "log10_eta": -1.9413035155724758, "log10_lambda": -4.371565642170371, "log10_min_child_weight": 1.4029494871831845, "log10_subsample": -0.36397880395961424, "max_depth": 8.0, "num_boost_round": 28.0}, "datetime": {"datetime": "2024-01-19 01:13:16", "elapsed": 3696.000691, "delta": 0.125871}}
{"target": -13.766048753795175, "params": {"gamma": 715.9638435921948, "log10_alpha": 0.7246828785895012, "log10_colsample_bytree": -0.19011855899019148, "log10_eta": -1.9413035155724758, "log10_lambda": -4.371565642170371, "log10_min_child_weight": 1.4029494871831845, "log10_subsample": -0.36397880395961424, "max_depth": 8.0, "num_boost_round": 29.0}, "datetime": {"datetime": "2024-01-19 01:13:16", "elapsed": 3696.006435, "delta": 0.005744}}
{"target": -13.766867153358737, "params": {"gamma": 715.9638435921948, "log10_alpha": 0.7246828785895012, "log10_colsample_bytree": -0.19011855899019148, "log10_eta": -1.9413035155724758, "log10_lambda": -4.371565642170371, "log10_min_child_weight": 1.4029494871831845, "log10_subsample": -0.36397880395961424, "max_depth": 8.0, "num_boost_round": 30.0}, "datetime": {"datetime": "2024-01-19 01:13:16", "elapsed": 3696.01127, "delta": 0.004835}}
{"target": -13.76760350395889, "params": {"gamma": 715.9638435921948, "log10_alpha": 0.7246828785895012, "log10_colsample_bytree": -0.19011855899019148, "log10_eta": -1.9413035155724758, "log10_lambda": -4.371565642170371, "log10_min_child_weight": 1.4029494871831845, "log10_subsample": -0.36397880395961424, "max_depth": 8.0, "num_boost_round": 31.0}, "datetime": {"datetime": "2024-01-19 01:13:16", "elapsed": 3696.015604, "delta": 0.004334}}
{"target": -13.768391195359884, "params": {"gamma": 715.9638435921948, "log10_alpha": 0.7246828785895012, "log10_colsample_bytree": -0.19011855899019148, "log10_eta": -1.9413035155724758, "log10_lambda": -4.371565642170371, "log10_min_child_weight": 1.4029494871831845, "log10_subsample": -0.36397880395961424, "max_depth": 8.0, "num_boost_round": 32.0}, "datetime": {"datetime": "2024-01-19 01:13:16", "elapsed": 3696.019809, "delta": 0.004205}}
{"target": -13.769371299455111, "params": {"gamma": 715.9638435921948, "log10_alpha": 0.7246828785895012, "log10_colsample_bytree": -0.19011855899019148, "log10_eta": -1.9413035155724758, "log10_lambda": -4.371565642170371, "log10_min_child_weight": 1.4029494871831845, "log10_subsample": -0.36397880395961424, "max_depth": 8.0, "num_boost_round": 33.0}, "datetime": {"datetime": "2024-01-19 01:13:16", "elapsed": 3696.02404, "delta": 0.004231}}
{"target": -13.770092258651639, "params": {"gamma": 715.9638435921948, "log10_alpha": 0.7246828785895012, "log10_colsample_bytree": -0.19011855899019148, "log10_eta": -1.9413035155724758, "log10_lambda": -4.371565642170371, "log10_min_child_weight": 1.4029494871831845, "log10_subsample": -0.36397880395961424, "max_depth": 8.0, "num_boost_round": 34.0}, "datetime": {"datetime": "2024-01-19 01:13:16", "elapsed": 3696.028159, "delta": 0.004119}}
{"target": -13.770787269277948, "params": {"gamma": 715.9638435921948, "log10_alpha": 0.7246828785895012, "log10_colsample_bytree": -0.19011855899019148, "log10_eta": -1.9413035155724758, "log10_lambda": -4.371565642170371, "log10_min_child_weight": 1.4029494871831845, "log10_subsample": -0.36397880395961424, "max_depth": 8.0, "num_boost_round": 35.0}, "datetime": {"datetime": "2024-01-19 01:13:16", "elapsed": 3696.03236, "delta": 0.004201}}
{"target": -13.771228177910944, "params": {"gamma": 715.9638435921948, "log10_alpha": 0.7246828785895012, "log10_colsample_bytree": -0.19011855899019148, "log10_eta": -1.9413035155724758, "log10_lambda": -4.371565642170371, "log10_min_child_weight": 1.4029494871831845, "log10_subsample": -0.36397880395961424, "max_depth": 8.0, "num_boost_round": 36.0}, "datetime": {"datetime": "2024-01-19 01:13:16", "elapsed": 3696.036443, "delta": 0.004083}}
{"target": -13.772348606974596, "params": {"gamma": 715.9638435921948, "log10_alpha": 0.7246828785895012, "log10_colsample_bytree": -0.19011855899019148, "log10_eta": -1.9413035155724758, "log10_lambda": -4.371565642170371, "log10_min_child_weight": 1.4029494871831845, "log10_subsample": -0.36397880395961424, "max_depth": 8.0, "num_boost_round": 37.0}, "datetime": {"datetime": "2024-01-19 01:13:16", "elapsed": 3696.040564, "delta": 0.004121}}
{"target": -13.773457599445834, "params": {"gamma": 715.9638435921948, "log10_alpha": 0.7246828785895012, "log10_colsample_bytree": -0.19011855899019148, "log10_eta": -1.9413035155724758, "log10_lambda": -4.371565642170371, "log10_min_child_weight": 1.4029494871831845, "log10_subsample": -0.36397880395961424, "max_depth": 8.0, "num_boost_round": 38.0}, "datetime": {"datetime": "2024-01-19 01:13:16", "elapsed": 3696.04479, "delta": 0.004226}}
{"target": -13.773974905940854, "params": {"gamma": 715.9638435921948, "log10_alpha": 0.7246828785895012, "log10_colsample_bytree": -0.19011855899019148, "log10_eta": -1.9413035155724758, "log10_lambda": -4.371565642170371, "log10_min_child_weight": 1.4029494871831845, "log10_subsample": -0.36397880395961424, "max_depth": 8.0, "num_boost_round": 39.0}, "datetime": {"datetime": "2024-01-19 01:13:16", "elapsed": 3696.04893, "delta": 0.00414}}
{"target": -13.775083632982126, "params": {"gamma": 715.9638435921948, "log10_alpha": 0.7246828785895012, "log10_colsample_bytree": -0.19011855899019148, "log10_eta": -1.9413035155724758, "log10_lambda": -4.371565642170371, "log10_min_child_weight": 1.4029494871831845, "log10_subsample": -0.36397880395961424, "max_depth": 8.0, "num_boost_round": 40.0}, "datetime": {"datetime": "2024-01-19 01:13:16", "elapsed": 3696.053053, "delta": 0.004123}}
{"target": -13.776031816330928, "params": {"gamma": 715.9638435921948, "log10_alpha": 0.7246828785895012, "log10_colsample_bytree": -0.19011855899019148, "log10_eta": -1.9413035155724758, "log10_lambda": -4.371565642170371, "log10_min_child_weight": 1.4029494871831845, "log10_subsample": -0.36397880395961424, "max_depth": 8.0, "num_boost_round": 41.0}, "datetime": {"datetime": "2024-01-19 01:13:16", "elapsed": 3696.057089, "delta": 0.004036}}
{"target": -13.776554171297493, "params": {"gamma": 715.9638435921948, "log10_alpha": 0.7246828785895012, "log10_colsample_bytree": -0.19011855899019148, "log10_eta": -1.9413035155724758, "log10_lambda": -4.371565642170371, "log10_min_child_weight": 1.4029494871831845, "log10_subsample": -0.36397880395961424, "max_depth": 8.0, "num_boost_round": 42.0}, "datetime": {"datetime": "2024-01-19 01:13:16", "elapsed": 3696.061203, "delta": 0.004114}}
{"target": -13.777247139256094, "params": {"gamma": 715.9638435921948, "log10_alpha": 0.7246828785895012, "log10_colsample_bytree": -0.19011855899019148, "log10_eta": -1.9413035155724758, "log10_lambda": -4.371565642170371, "log10_min_child_weight": 1.4029494871831845, "log10_subsample": -0.36397880395961424, "max_depth": 8.0, "num_boost_round": 43.0}, "datetime": {"datetime": "2024-01-19 01:13:16", "elapsed": 3696.065467, "delta": 0.004264}}
{"target": -13.777318605172368, "params": {"gamma": 715.9638435921948, "log10_alpha": 0.7246828785895012, "log10_colsample_bytree": -0.19011855899019148, "log10_eta": -1.9413035155724758, "log10_lambda": -4.371565642170371, "log10_min_child_weight": 1.4029494871831845, "log10_subsample": -0.36397880395961424, "max_depth": 8.0, "num_boost_round": 44.0}, "datetime": {"datetime": "2024-01-19 01:13:16", "elapsed": 3696.069747, "delta": 0.00428}}
{"target": -13.77844404856145, "params": {"gamma": 715.9638435921948, "log10_alpha": 0.7246828785895012, "log10_colsample_bytree": -0.19011855899019148, "log10_eta": -1.9413035155724758, "log10_lambda": -4.371565642170371, "log10_min_child_weight": 1.4029494871831845, "log10_subsample": -0.36397880395961424, "max_depth": 8.0, "num_boost_round": 45.0}, "datetime": {"datetime": "2024-01-19 01:13:16", "elapsed": 3696.073824, "delta": 0.004077}}
{"target": -13.779988645588883, "params": {"gamma": 715.9638435921948, "log10_alpha": 0.7246828785895012, "log10_colsample_bytree": -0.19011855899019148, "log10_eta": -1.9413035155724758, "log10_lambda": -4.371565642170371, "log10_min_child_weight": 1.4029494871831845, "log10_subsample": -0.36397880395961424, "max_depth": 8.0, "num_boost_round": 46.0}, "datetime": {"datetime": "2024-01-19 01:13:16", "elapsed": 3696.077898, "delta": 0.004074}}
{"target": -13.78080967740557, "params": {"gamma": 715.9638435921948, "log10_alpha": 0.7246828785895012, "log10_colsample_bytree": -0.19011855899019148, "log10_eta": -1.9413035155724758, "log10_lambda": -4.371565642170371, "log10_min_child_weight": 1.4029494871831845, "log10_subsample": -0.36397880395961424, "max_depth": 8.0, "num_boost_round": 47.0}, "datetime": {"datetime": "2024-01-19 01:13:16", "elapsed": 3696.082003, "delta": 0.004105}}
{"target": -13.781351923767637, "params": {"gamma": 715.9638435921948, "log10_alpha": 0.7246828785895012, "log10_colsample_bytree": -0.19011855899019148, "log10_eta": -1.9413035155724758, "log10_lambda": -4.371565642170371, "log10_min_child_weight": 1.4029494871831845, "log10_subsample": -0.36397880395961424, "max_depth": 8.0, "num_boost_round": 48.0}, "datetime": {"datetime": "2024-01-19 01:13:17", "elapsed": 3696.086085, "delta": 0.004082}}
