{"target": -17.677221902715758, "params": {"gamma": 431.8492542181217, "log10_alpha": -4.1129200316877315, "log10_colsample_bytree": -0.7132170379067804, "log10_eta": -2.8206951212585345, "log10_lambda": 0.5949300013182448, "log10_min_child_weight": 4.676118570466014, "log10_subsample": -0.2151419642087541, "max_depth": 2.0, "num_boost_round": 7.0}, "datetime": {"datetime": "2024-01-19 01:47:28", "elapsed": 5752.839082, "delta": 0.003837}}
{"target": -17.677220771632502, "params": {"gamma": 431.8492542181217, "log10_alpha": -4.1129200316877315, "log10_colsample_bytree": -0.7132170379067804, "log10_eta": -2.8206951212585345, "log10_lambda": 0.5949300013182448, "log10_min_child_weight": 4.676118570466014, "log10_subsample": -0.2151419642087541, "max_depth": 2.0, "num_boost_round": 8.0}, "datetime": {"datetime": "2024-01-19 01:47:28", "elapsed": 5752.842912, "delta": 0.00383}}
{"target": -17.677202437851857, "params": {"gamma": 431.8492542181217, "log10_alpha": -4.1129200316877315, "log10_colsample_bytree": -0.7132170379067804, "log10_eta": -2.8206951212585345, "log10_lambda": 0.5949300013182448, "log10_min_child_weight": 4.676118570466014, "log10_subsample": -0.2151419642087541, "max_depth": 2.0, "num_boost_round": 9.0}, "datetime": {"datetime": "2024-01-19 01:47:28", "elapsed": 5752.846718, "delta": 0.003806}}
{"target": -17.67720408910795, "params": {"gamma": 431.8492542181217, "log10_alpha": -4.1129200316877315, "log10_colsample_bytree": -0.7132170379067804, "log10_eta": -2.8206951212585345, "log10_lambda": 0.5949300013182448, "log10_min_child_weight": 4.676118570466014, "log10_subsample": -0.2151419642087541, "max_depth": 2.0, "num_boost_round": 10.0}, "datetime": {"datetime": "2024-01-19 01:47:28", "elapsed": 5752.85073, "delta": 0.004012}}
{"target": -17.677185760895416, "params": {"gamma": 431.8492542181217, "log10_alpha": -4.1129200316877315, "log10_colsample_bytree": -0.7132170379067804, "log10_eta": -2.8206951212585345, "log10_lambda": 0.5949300013182448, "log10_min_child_weight": 4.676118570466014, "log10_subsample": -0.2151419642087541, "max_depth": 2.0, "num_boost_round": 11.0}, "datetime": {"datetime": "2024-01-19 01:47:28", "elapsed": 5752.854649, "delta": 0.003919}}
{"target": -17.677185135394634, "params": {"gamma": 431.8492542181217, "log10_alpha": -4.1129200316877315, "log10_colsample_bytree": -0.7132170379067804, "log10_eta": -2.8206951212585345, "log10_lambda": 0.5949300013182448, "log10_min_child_weight": 4.676118570466014, "log10_subsample": -0.2151419642087541, "max_depth": 2.0, "num_boost_round": 12.0}, "datetime": {"datetime": "2024-01-19 01:47:28", "elapsed": 5752.858469, "delta": 0.00382}}
{"target": -17.677196857512264, "params": {"gamma": 431.8492542181217, "log10_alpha": -4.1129200316877315, "log10_colsample_bytree": -0.7132170379067804, "log10_eta": -2.8206951212585345, "log10_lambda": 0.5949300013182448, "log10_min_child_weight": 4.676118570466014, "log10_subsample": -0.2151419642087541, "max_depth": 2.0, "num_boost_round": 13.0}, "datetime": {"datetime": "2024-01-19 01:47:28", "elapsed": 5752.862311, "delta": 0.003842}}
{"target": -17.677196565386343, "params": {"gamma": 431.8492542181217, "log10_alpha": -4.1129200316877315, "log10_colsample_bytree": -0.7132170379067804, "log10_eta": -2.8206951212585345, "log10_lambda": 0.5949300013182448, "log10_min_child_weight": 4.676118570466014, "log10_subsample": -0.2151419642087541, "max_depth": 2.0, "num_boost_round": 14.0}, "datetime": {"datetime": "2024-01-19 01:47:28", "elapsed": 5752.86614, "delta": 0.003829}}
{"target": -17.67717627052717, "params": {"gamma": 431.8492542181217, "log10_alpha": -4.1129200316877315, "log10_colsample_bytree": -0.7132170379067804, "log10_eta": -2.8206951212585345, "log10_lambda": 0.5949300013182448, "log10_min_child_weight": 4.676118570466014, "log10_subsample": -0.2151419642087541, "max_depth": 2.0, "num_boost_round": 15.0}, "datetime": {"datetime": "2024-01-19 01:47:28", "elapsed": 5752.870098, "delta": 0.003958}}
{"target": -17.6771608024917, "params": {"gamma": 431.8492542181217, "log10_alpha": -4.1129200316877315, "log10_colsample_bytree": -0.7132170379067804, "log10_eta": -2.8206951212585345, "log10_lambda": 0.5949300013182448, "log10_min_child_weight": 4.676118570466014, "log10_subsample": -0.2151419642087541, "max_depth": 2.0, "num_boost_round": 16.0}, "datetime": {"datetime": "2024-01-19 01:47:28", "elapsed": 5752.874274, "delta": 0.004176}}
{"target": -17.677153257828163, "params": {"gamma": 431.8492542181217, "log10_alpha": -4.1129200316877315, "log10_colsample_bytree": -0.7132170379067804, "log10_eta": -2.8206951212585345, "log10_lambda": 0.5949300013182448, "log10_min_child_weight": 4.676118570466014, "log10_subsample": -0.2151419642087541, "max_depth": 2.0, "num_boost_round": 17.0}, "datetime": {"datetime": "2024-01-19 01:47:28", "elapsed": 5752.878299, "delta": 0.004025}}
{"target": -17.677131553712414, "params": {"gamma": 431.8492542181217, "log10_alpha": -4.1129200316877315, "log10_colsample_bytree": -0.7132170379067804, "log10_eta": -2.8206951212585345, "log10_lambda": 0.5949300013182448, "log10_min_child_weight": 4.676118570466014, "log10_subsample": -0.2151419642087541, "max_depth": 2.0, "num_boost_round": 18.0}, "datetime": {"datetime": "2024-01-19 01:47:28", "elapsed": 5752.882211, "delta": 0.003912}}
{"target": -17.6771274840549, "params": {"gamma": 431.8492542181217, "log10_alpha": -4.1129200316877315, "log10_colsample_bytree": -0.7132170379067804, "log10_eta": -2.8206951212585345, "log10_lambda": 0.5949300013182448, "log10_min_child_weight": 4.676118570466014, "log10_subsample": -0.2151419642087541, "max_depth": 2.0, "num_boost_round": 19.0}, "datetime": {"datetime": "2024-01-19 01:47:28", "elapsed": 5752.886167, "delta": 0.003956}}
{"target": -17.677137180628733, "params": {"gamma": 431.8492542181217, "log10_alpha": -4.1129200316877315, "log10_colsample_bytree": -0.7132170379067804, "log10_eta": -2.8206951212585345, "log10_lambda": 0.5949300013182448, "log10_min_child_weight": 4.676118570466014, "log10_subsample": -0.2151419642087541, "max_depth": 2.0, "num_boost_round": 20.0}, "datetime": {"datetime": "2024-01-19 01:47:28", "elapsed": 5752.890063, "delta": 0.003896}}
{"target": -17.677136944716832, "params": {"gamma": 431.8492542181217, "log10_alpha": -4.1129200316877315, "log10_colsample_bytree": -0.7132170379067804, "log10_eta": -2.8206951212585345, "log10_lambda": 0.5949300013182448, "log10_min_child_weight": 4.676118570466014, "log10_subsample": -0.2151419642087541, "max_depth": 2.0, "num_boost_round": 21.0}, "datetime": {"datetime": "2024-01-19 01:47:28", "elapsed": 5752.89402, "delta": 0.003957}}
{"target": -17.677135873777672, "params": {"gamma": 431.8492542181217, "log10_alpha": -4.1129200316877315, "log10_colsample_bytree": -0.7132170379067804, "log10_eta": -2.8206951212585345, "log10_lambda": 0.5949300013182448, "log10_min_child_weight": 4.676118570466014, "log10_subsample": -0.2151419642087541, "max_depth": 2.0, "num_boost_round": 22.0}, "datetime": {"datetime": "2024-01-19 01:47:28", "elapsed": 5752.897897, "delta": 0.003877}}
{"target": -17.67721765315257, "params": {"gamma": 424.5079962702286, "log10_alpha": 0.5426904705969484, "log10_colsample_bytree": -0.018454093320485865, "log10_eta": -3.2838394977555243, "log10_lambda": -4.541555768878812, "log10_min_child_weight": 2.2882466660957834, "log10_subsample": -0.98546289977587, "max_depth": 2.0, "num_boost_round": 0.0}, "datetime": {"datetime": "2024-01-19 01:48:33", "elapsed": 5817.554927, "delta": 64.65703}}
{"target": -17.677206188385192, "params": {"gamma": 424.5079962702286, "log10_alpha": 0.5426904705969484, "log10_colsample_bytree": -0.018454093320485865, "log10_eta": -3.2838394977555243, "log10_lambda": -4.541555768878812, "log10_min_child_weight": 2.2882466660957834, "log10_subsample": -0.98546289977587, "max_depth": 2.0, "num_boost_round": 1.0}, "datetime": {"datetime": "2024-01-19 01:48:33", "elapsed": 5817.558918, "delta": 0.003991}}
{"target": -17.677191838680116, "params": {"gamma": 424.5079962702286, "log10_alpha": 0.5426904705969484, "log10_colsample_bytree": -0.018454093320485865, "log10_eta": -3.2838394977555243, "log10_lambda": -4.541555768878812, "log10_min_child_weight": 2.2882466660957834, "log10_subsample": -0.98546289977587, "max_depth": 2.0, "num_boost_round": 2.0}, "datetime": {"datetime": "2024-01-19 01:48:33", "elapsed": 5817.562814, "delta": 0.003896}}
{"target": -17.677180751637916, "params": {"gamma": 424.5079962702286, "log10_alpha": 0.5426904705969484, "log10_colsample_bytree": -0.018454093320485865, "log10_eta": -3.2838394977555243, "log10_lambda": -4.541555768878812, "log10_min_child_weight": 2.2882466660957834, "log10_subsample": -0.98546289977587, "max_depth": 2.0, "num_boost_round": 3.0}, "datetime": {"datetime": "2024-01-19 01:48:33", "elapsed": 5817.566616, "delta": 0.003802}}
{"target": -17.677163765091546, "params": {"gamma": 424.5079962702286, "log10_alpha": 0.5426904705969484, "log10_colsample_bytree": -0.018454093320485865, "log10_eta": -3.2838394977555243, "log10_lambda": -4.541555768878812, "log10_min_child_weight": 2.2882466660957834, "log10_subsample": -0.98546289977587, "max_depth": 2.0, "num_boost_round": 4.0}, "datetime": {"datetime": "2024-01-19 01:48:33", "elapsed": 5817.570456, "delta": 0.00384}}
{"target": -17.677152456648006, "params": {"gamma": 424.5079962702286, "log10_alpha": 0.5426904705969484, "log10_colsample_bytree": -0.018454093320485865, "log10_eta": -3.2838394977555243, "log10_lambda": -4.541555768878812, "log10_min_child_weight": 2.2882466660957834, "log10_subsample": -0.98546289977587, "max_depth": 2.0, "num_boost_round": 5.0}, "datetime": {"datetime": "2024-01-19 01:48:33", "elapsed": 5817.574806, "delta": 0.00435}}
{"target": -17.677140385539072, "params": {"gamma": 424.5079962702286, "log10_alpha": 0.5426904705969484, "log10_colsample_bytree": -0.018454093320485865, "log10_eta": -3.2838394977555243, "log10_lambda": -4.541555768878812, "log10_min_child_weight": 2.2882466660957834, "log10_subsample": -0.98546289977587, "max_depth": 2.0, "num_boost_round": 6.0}, "datetime": {"datetime": "2024-01-19 01:48:33", "elapsed": 5817.578791, "delta": 0.003985}}
{"target": -17.677129359217282, "params": {"gamma": 424.5079962702286, "log10_alpha": 0.5426904705969484, "log10_colsample_bytree": -0.018454093320485865, "log10_eta": -3.2838394977555243, "log10_lambda": -4.541555768878812, "log10_min_child_weight": 2.2882466660957834, "log10_subsample": -0.98546289977587, "max_depth": 2.0, "num_boost_round": 7.0}, "datetime": {"datetime": "2024-01-19 01:48:33", "elapsed": 5817.58273, "delta": 0.003939}}
{"target": -17.67712241960689, "params": {"gamma": 424.5079962702286, "log10_alpha": 0.5426904705969484, "log10_colsample_bytree": -0.018454093320485865, "log10_eta": -3.2838394977555243, "log10_lambda": -4.541555768878812, "log10_min_child_weight": 2.2882466660957834, "log10_subsample": -0.98546289977587, "max_depth": 2.0, "num_boost_round": 8.0}, "datetime": {"datetime": "2024-01-19 01:48:33", "elapsed": 5817.586591, "delta": 0.003861}}
{"target": -17.677107331787163, "params": {"gamma": 424.5079962702286, "log10_alpha": 0.5426904705969484, "log10_colsample_bytree": -0.018454093320485865, "log10_eta": -3.2838394977555243, "log10_lambda": -4.541555768878812, "log10_min_child_weight": 2.2882466660957834, "log10_subsample": -0.98546289977587, "max_depth": 2.0, "num_boost_round": 9.0}, "datetime": {"datetime": "2024-01-19 01:48:33", "elapsed": 5817.590469, "delta": 0.003878}}
{"target": -17.677098322870552, "params": {"gamma": 424.5079962702286, "log10_alpha": 0.5426904705969484, "log10_colsample_bytree": -0.018454093320485865, "log10_eta": -3.2838394977555243, "log10_lambda": -4.541555768878812, "log10_min_child_weight": 2.2882466660957834, "log10_subsample": -0.98546289977587, "max_depth": 2.0, "num_boost_round": 10.0}, "datetime": {"datetime": "2024-01-19 01:48:33", "elapsed": 5817.594413, "delta": 0.003944}}
{"target": -17.677084546528455, "params": {"gamma": 424.5079962702286, "log10_alpha": 0.5426904705969484, "log10_colsample_bytree": -0.018454093320485865, "log10_eta": -3.2838394977555243, "log10_lambda": -4.541555768878812, "log10_min_child_weight": 2.2882466660957834, "log10_subsample": -0.98546289977587, "max_depth": 2.0, "num_boost_round": 11.0}, "datetime": {"datetime": "2024-01-19 01:48:33", "elapsed": 5817.598271, "delta": 0.003858}}
{"target": -17.677073240714094, "params": {"gamma": 424.5079962702286, "log10_alpha": 0.5426904705969484, "log10_colsample_bytree": -0.018454093320485865, "log10_eta": -3.2838394977555243, "log10_lambda": -4.541555768878812, "log10_min_child_weight": 2.2882466660957834, "log10_subsample": -0.98546289977587, "max_depth": 2.0, "num_boost_round": 12.0}, "datetime": {"datetime": "2024-01-19 01:48:33", "elapsed": 5817.602146, "delta": 0.003875}}
{"target": -17.677058752054602, "params": {"gamma": 424.5079962702286, "log10_alpha": 0.5426904705969484, "log10_colsample_bytree": -0.018454093320485865, "log10_eta": -3.2838394977555243, "log10_lambda": -4.541555768878812, "log10_min_child_weight": 2.2882466660957834, "log10_subsample": -0.98546289977587, "max_depth": 2.0, "num_boost_round": 13.0}, "datetime": {"datetime": "2024-01-19 01:48:33", "elapsed": 5817.605968, "delta": 0.003822}}
{"target": -17.67704758650411, "params": {"gamma": 424.5079962702286, "log10_alpha": 0.5426904705969484, "log10_colsample_bytree": -0.018454093320485865, "log10_eta": -3.2838394977555243, "log10_lambda": -4.541555768878812, "log10_min_child_weight": 2.2882466660957834, "log10_subsample": -0.98546289977587, "max_depth": 2.0, "num_boost_round": 14.0}, "datetime": {"datetime": "2024-01-19 01:48:33", "elapsed": 5817.609881, "delta": 0.003913}}
{"target": -17.677033581103224, "params": {"gamma": 424.5079962702286, "log10_alpha": 0.5426904705969484, "log10_colsample_bytree": -0.018454093320485865, "log10_eta": -3.2838394977555243, "log10_lambda": -4.541555768878812, "log10_min_child_weight": 2.2882466660957834, "log10_subsample": -0.98546289977587, "max_depth": 2.0, "num_boost_round": 15.0}, "datetime": {"datetime": "2024-01-19 01:48:33", "elapsed": 5817.613802, "delta": 0.003921}}
{"target": -17.67702469180803, "params": {"gamma": 424.5079962702286, "log10_alpha": 0.5426904705969484, "log10_colsample_bytree": -0.018454093320485865, "log10_eta": -3.2838394977555243, "log10_lambda": -4.541555768878812, "log10_min_child_weight": 2.2882466660957834, "log10_subsample": -0.98546289977587, "max_depth": 2.0, "num_boost_round": 16.0}, "datetime": {"datetime": "2024-01-19 01:48:33", "elapsed": 5817.617667, "delta": 0.003865}}
{"target": -17.677012305824334, "params": {"gamma": 424.5079962702286, "log10_alpha": 0.5426904705969484, "log10_colsample_bytree": -0.018454093320485865, "log10_eta": -3.2838394977555243, "log10_lambda": -4.541555768878812, "log10_min_child_weight": 2.2882466660957834, "log10_subsample": -0.98546289977587, "max_depth": 2.0, "num_boost_round": 17.0}, "datetime": {"datetime": "2024-01-19 01:48:33", "elapsed": 5817.621575, "delta": 0.003908}}
{"target": -17.67700020283813, "params": {"gamma": 424.5079962702286, "log10_alpha": 0.5426904705969484, "log10_colsample_bytree": -0.018454093320485865, "log10_eta": -3.2838394977555243, "log10_lambda": -4.541555768878812, "log10_min_child_weight": 2.2882466660957834, "log10_subsample": -0.98546289977587, "max_depth": 2.0, "num_boost_round": 18.0}, "datetime": {"datetime": "2024-01-19 01:48:33", "elapsed": 5817.625459, "delta": 0.003884}}
{"target": -17.676986448256272, "params": {"gamma": 424.5079962702286, "log10_alpha": 0.5426904705969484, "log10_colsample_bytree": -0.018454093320485865, "log10_eta": -3.2838394977555243, "log10_lambda": -4.541555768878812, "log10_min_child_weight": 2.2882466660957834, "log10_subsample": -0.98546289977587, "max_depth": 2.0, "num_boost_round": 19.0}, "datetime": {"datetime": "2024-01-19 01:48:33", "elapsed": 5817.629341, "delta": 0.003882}}
{"target": -17.676970471917667, "params": {"gamma": 424.5079962702286, "log10_alpha": 0.5426904705969484, "log10_colsample_bytree": -0.018454093320485865, "log10_eta": -3.2838394977555243, "log10_lambda": -4.541555768878812, "log10_min_child_weight": 2.2882466660957834, "log10_subsample": -0.98546289977587, "max_depth": 2.0, "num_boost_round": 20.0}, "datetime": {"datetime": "2024-01-19 01:48:33", "elapsed": 5817.633348, "delta": 0.004007}}
{"target": -17.67695961404432, "params": {"gamma": 424.5079962702286, "log10_alpha": 0.5426904705969484, "log10_colsample_bytree": -0.018454093320485865, "log10_eta": -3.2838394977555243, "log10_lambda": -4.541555768878812, "log10_min_child_weight": 2.2882466660957834, "log10_subsample": -0.98546289977587, "max_depth": 2.0, "num_boost_round": 21.0}, "datetime": {"datetime": "2024-01-19 01:48:33", "elapsed": 5817.637211, "delta": 0.003863}}
{"target": -17.676945741945268, "params": {"gamma": 424.5079962702286, "log10_alpha": 0.5426904705969484, "log10_colsample_bytree": -0.018454093320485865, "log10_eta": -3.2838394977555243, "log10_lambda": -4.541555768878812, "log10_min_child_weight": 2.2882466660957834, "log10_subsample": -0.98546289977587, "max_depth": 2.0, "num_boost_round": 22.0}, "datetime": {"datetime": "2024-01-19 01:48:33", "elapsed": 5817.641067, "delta": 0.003856}}
{"target": -17.676931973981027, "params": {"gamma": 424.5079962702286, "log10_alpha": 0.5426904705969484, "log10_colsample_bytree": -0.018454093320485865, "log10_eta": -3.2838394977555243, "log10_lambda": -4.541555768878812, "log10_min_child_weight": 2.2882466660957834, "log10_subsample": -0.98546289977587, "max_depth": 2.0, "num_boost_round": 23.0}, "datetime": {"datetime": "2024-01-19 01:48:33", "elapsed": 5817.64495, "delta": 0.003883}}
{"target": -17.67692095639352, "params": {"gamma": 424.5079962702286, "log10_alpha": 0.5426904705969484, "log10_colsample_bytree": -0.018454093320485865, "log10_eta": -3.2838394977555243, "log10_lambda": -4.541555768878812, "log10_min_child_weight": 2.2882466660957834, "log10_subsample": -0.98546289977587, "max_depth": 2.0, "num_boost_round": 24.0}, "datetime": {"datetime": "2024-01-19 01:48:33", "elapsed": 5817.648811, "delta": 0.003861}}
{"target": -17.676911190969285, "params": {"gamma": 424.5079962702286, "log10_alpha": 0.5426904705969484, "log10_colsample_bytree": -0.018454093320485865, "log10_eta": -3.2838394977555243, "log10_lambda": -4.541555768878812, "log10_min_child_weight": 2.2882466660957834, "log10_subsample": -0.98546289977587, "max_depth": 2.0, "num_boost_round": 25.0}, "datetime": {"datetime": "2024-01-19 01:48:33", "elapsed": 5817.652824, "delta": 0.004013}}
{"target": -17.676898322954365, "params": {"gamma": 424.5079962702286, "log10_alpha": 0.5426904705969484, "log10_colsample_bytree": -0.018454093320485865, "log10_eta": -3.2838394977555243, "log10_lambda": -4.541555768878812, "log10_min_child_weight": 2.2882466660957834, "log10_subsample": -0.98546289977587, "max_depth": 2.0, "num_boost_round": 26.0}, "datetime": {"datetime": "2024-01-19 01:48:33", "elapsed": 5817.656732, "delta": 0.003908}}
{"target": -17.676878053853322, "params": {"gamma": 424.5079962702286, "log10_alpha": 0.5426904705969484, "log10_colsample_bytree": -0.018454093320485865, "log10_eta": -3.2838394977555243, "log10_lambda": -4.541555768878812, "log10_min_child_weight": 2.2882466660957834, "log10_subsample": -0.98546289977587, "max_depth": 2.0, "num_boost_round": 27.0}, "datetime": {"datetime": "2024-01-19 01:48:33", "elapsed": 5817.660571, "delta": 0.003839}}
{"target": -17.677233165385804, "params": {"gamma": 430.4589257990157, "log10_alpha": -3.493934271786351, "log10_colsample_bytree": -0.09759548215428804, "log10_eta": -3.898809882801914, "log10_lambda": -3.803061920944725, "log10_min_child_weight": 4.597634040349982, "log10_subsample": -0.8457534477412779, "max_depth": 7.0, "num_boost_round": 0.0}, "datetime": {"datetime": "2024-01-19 01:50:28", "elapsed": 5933.265807, "delta": 115.605236}}
{"target": -17.6772333701993, "params": {"gamma": 430.4589257990157, "log10_alpha": -3.493934271786351, "log10_colsample_bytree": -0.09759548215428804, "log10_eta": -3.898809882801914, "log10_lambda": -3.803061920944725, "log10_min_child_weight": 4.597634040349982, "log10_subsample": -0.8457534477412779, "max_depth": 7.0, "num_boost_round": 1.0}, "datetime": {"datetime": "2024-01-19 01:50:28", "elapsed": 5933.270164, "delta": 0.004357}}
{"target": -17.677232633249425, "params": {"gamma": 430.4589257990157, "log10_alpha": -3.493934271786351, "log10_colsample_bytree": -0.09759548215428804, "log10_eta": -3.898809882801914, "log10_lambda": -3.803061920944725, "log10_min_child_weight": 4.597634040349982, "log10_subsample": -0.8457534477412779, "max_depth": 7.0, "num_boost_round": 2.0}, "datetime": {"datetime": "2024-01-19 01:50:28", "elapsed": 5933.274743, "delta": 0.004579}}
{"target": -17.677231957391538, "params": {"gamma": 430.4589257990157, "log10_alpha": -3.493934271786351, "log10_colsample_bytree": -0.09759548215428804, "log10_eta": -3.898809882801914, "log10_lambda": -3.803061920944725, "log10_min_child_weight": 4.597634040349982, "log10_subsample": -0.8457534477412779, "max_depth": 7.0, "num_boost_round": 3.0}, "datetime": {"datetime": "2024-01-19 01:50:28", "elapsed": 5933.278725, "delta": 0.003982}}
{"target": -17.677232018319152, "params": {"gamma": 430.4589257990157, "log10_alpha": -3.493934271786351, "log10_colsample_bytree": -0.09759548215428804, "log10_eta": -3.898809882801914, "log10_lambda": -3.803061920944725, "log10_min_child_weight": 4.597634040349982, "log10_subsample": -0.8457534477412779, "max_depth": 7.0, "num_boost_round": 4.0}, "datetime": {"datetime": "2024-01-19 01:50:28", "elapsed": 5933.282771, "delta": 0.004046}}
