{"target": -13.758543473073923, "params": {"gamma": 423.172214321041, "log10_alpha": -3.9541011571149416, "log10_colsample_bytree": 0.0, "log10_eta": -4.0, "log10_lambda": -3.409306449065134, "log10_min_child_weight": 0.0, "log10_subsample": 0.0, "max_depth": 10.0, "num_boost_round": 16.0}, "datetime": {"datetime": "2024-01-19 01:00:58", "elapsed": 2961.239736, "delta": 0.00407}}
{"target": -13.758544396708238, "params": {"gamma": 423.172214321041, "log10_alpha": -3.9541011571149416, "log10_colsample_bytree": 0.0, "log10_eta": -4.0, "log10_lambda": -3.409306449065134, "log10_min_child_weight": 0.0, "log10_subsample": 0.0, "max_depth": 10.0, "num_boost_round": 17.0}, "datetime": {"datetime": "2024-01-19 01:00:58", "elapsed": 2961.243855, "delta": 0.004119}}
{"target": -13.758545311728767, "params": {"gamma": 423.172214321041, "log10_alpha": -3.9541011571149416, "log10_colsample_bytree": 0.0, "log10_eta": -4.0, "log10_lambda": -3.409306449065134, "log10_min_child_weight": 0.0, "log10_subsample": 0.0, "max_depth": 10.0, "num_boost_round": 18.0}, "datetime": {"datetime": "2024-01-19 01:00:58", "elapsed": 2961.247914, "delta": 0.004059}}
{"target": -13.758545835761245, "params": {"gamma": 423.172214321041, "log10_alpha": -3.9541011571149416, "log10_colsample_bytree": 0.0, "log10_eta": -4.0, "log10_lambda": -3.409306449065134, "log10_min_child_weight": 0.0, "log10_subsample": 0.0, "max_depth": 10.0, "num_boost_round": 19.0}, "datetime": {"datetime": "2024-01-19 01:00:58", "elapsed": 2961.2521, "delta": 0.004186}}
{"target": -13.758546792360987, "params": {"gamma": 423.172214321041, "log10_alpha": -3.9541011571149416, "log10_colsample_bytree": 0.0, "log10_eta": -4.0, "log10_lambda": -3.409306449065134, "log10_min_child_weight": 0.0, "log10_subsample": 0.0, "max_depth": 10.0, "num_boost_round": 20.0}, "datetime": {"datetime": "2024-01-19 01:00:58", "elapsed": 2961.25621, "delta": 0.00411}}
{"target": -13.758547341247423, "params": {"gamma": 423.172214321041, "log10_alpha": -3.9541011571149416, "log10_colsample_bytree": 0.0, "log10_eta": -4.0, "log10_lambda": -3.409306449065134, "log10_min_child_weight": 0.0, "log10_subsample": 0.0, "max_depth": 10.0, "num_boost_round": 21.0}, "datetime": {"datetime": "2024-01-19 01:00:58", "elapsed": 2961.260274, "delta": 0.004064}}
{"target": -13.758548300970844, "params": {"gamma": 423.172214321041, "log10_alpha": -3.9541011571149416, "log10_colsample_bytree": 0.0, "log10_eta": -4.0, "log10_lambda": -3.409306449065134, "log10_min_child_weight": 0.0, "log10_subsample": 0.0, "max_depth": 10.0, "num_boost_round": 22.0}, "datetime": {"datetime": "2024-01-19 01:00:58", "elapsed": 2961.264374, "delta": 0.0041}}
{"target": -13.758549218929529, "params": {"gamma": 423.172214321041, "log10_alpha": -3.9541011571149416, "log10_colsample_bytree": 0.0, "log10_eta": -4.0, "log10_lambda": -3.409306449065134, "log10_min_child_weight": 0.0, "log10_subsample": 0.0, "max_depth": 10.0, "num_boost_round": 23.0}, "datetime": {"datetime": "2024-01-19 01:00:58", "elapsed": 2961.268589, "delta": 0.004215}}
{"target": -13.758549797170966, "params": {"gamma": 423.172214321041, "log10_alpha": -3.9541011571149416, "log10_colsample_bytree": 0.0, "log10_eta": -4.0, "log10_lambda": -3.409306449065134, "log10_min_child_weight": 0.0, "log10_subsample": 0.0, "max_depth": 10.0, "num_boost_round": 24.0}, "datetime": {"datetime": "2024-01-19 01:00:58", "elapsed": 2961.272765, "delta": 0.004176}}
{"target": -13.75855096875629, "params": {"gamma": 423.172214321041, "log10_alpha": -3.9541011571149416, "log10_colsample_bytree": 0.0, "log10_eta": -4.0, "log10_lambda": -3.409306449065134, "log10_min_child_weight": 0.0, "log10_subsample": 0.0, "max_depth": 10.0, "num_boost_round": 25.0}, "datetime": {"datetime": "2024-01-19 01:00:58", "elapsed": 2961.276861, "delta": 0.004096}}
{"target": -13.75855150698866, "params": {"gamma": 423.172214321041, "log10_alpha": -3.9541011571149416, "log10_colsample_bytree": 0.0, "log10_eta": -4.0, "log10_lambda": -3.409306449065134, "log10_min_child_weight": 0.0, "log10_subsample": 0.0, "max_depth": 10.0, "num_boost_round": 26.0}, "datetime": {"datetime": "2024-01-19 01:00:58", "elapsed": 2961.281034, "delta": 0.004173}}
{"target": -13.758552716532076, "params": {"gamma": 423.172214321041, "log10_alpha": -3.9541011571149416, "log10_colsample_bytree": 0.0, "log10_eta": -4.0, "log10_lambda": -3.409306449065134, "log10_min_child_weight": 0.0, "log10_subsample": 0.0, "max_depth": 10.0, "num_boost_round": 27.0}, "datetime": {"datetime": "2024-01-19 01:00:58", "elapsed": 2961.285124, "delta": 0.00409}}
{"target": -13.758553702465736, "params": {"gamma": 423.172214321041, "log10_alpha": -3.9541011571149416, "log10_colsample_bytree": 0.0, "log10_eta": -4.0, "log10_lambda": -3.409306449065134, "log10_min_child_weight": 0.0, "log10_subsample": 0.0, "max_depth": 10.0, "num_boost_round": 28.0}, "datetime": {"datetime": "2024-01-19 01:00:58", "elapsed": 2961.289448, "delta": 0.004324}}
{"target": -13.758554517717485, "params": {"gamma": 423.172214321041, "log10_alpha": -3.9541011571149416, "log10_colsample_bytree": 0.0, "log10_eta": -4.0, "log10_lambda": -3.409306449065134, "log10_min_child_weight": 0.0, "log10_subsample": 0.0, "max_depth": 10.0, "num_boost_round": 29.0}, "datetime": {"datetime": "2024-01-19 01:00:58", "elapsed": 2961.29379, "delta": 0.004342}}
{"target": -13.7585556724666, "params": {"gamma": 423.172214321041, "log10_alpha": -3.9541011571149416, "log10_colsample_bytree": 0.0, "log10_eta": -4.0, "log10_lambda": -3.409306449065134, "log10_min_child_weight": 0.0, "log10_subsample": 0.0, "max_depth": 10.0, "num_boost_round": 30.0}, "datetime": {"datetime": "2024-01-19 01:00:58", "elapsed": 2961.298249, "delta": 0.004459}}
{"target": -13.758556414634093, "params": {"gamma": 423.172214321041, "log10_alpha": -3.9541011571149416, "log10_colsample_bytree": 0.0, "log10_eta": -4.0, "log10_lambda": -3.409306449065134, "log10_min_child_weight": 0.0, "log10_subsample": 0.0, "max_depth": 10.0, "num_boost_round": 31.0}, "datetime": {"datetime": "2024-01-19 01:00:58", "elapsed": 2961.302418, "delta": 0.004169}}
{"target": -13.758557610029147, "params": {"gamma": 423.172214321041, "log10_alpha": -3.9541011571149416, "log10_colsample_bytree": 0.0, "log10_eta": -4.0, "log10_lambda": -3.409306449065134, "log10_min_child_weight": 0.0, "log10_subsample": 0.0, "max_depth": 10.0, "num_boost_round": 32.0}, "datetime": {"datetime": "2024-01-19 01:00:58", "elapsed": 2961.306692, "delta": 0.004274}}
{"target": -13.75855887834284, "params": {"gamma": 423.172214321041, "log10_alpha": -3.9541011571149416, "log10_colsample_bytree": 0.0, "log10_eta": -4.0, "log10_lambda": -3.409306449065134, "log10_min_child_weight": 0.0, "log10_subsample": 0.0, "max_depth": 10.0, "num_boost_round": 33.0}, "datetime": {"datetime": "2024-01-19 01:00:58", "elapsed": 2961.310822, "delta": 0.00413}}
{"target": -13.758532086266756, "params": {"gamma": 429.074224428991, "log10_alpha": -2.3405066442117146, "log10_colsample_bytree": -0.8006823036190288, "log10_eta": -3.662854022541188, "log10_lambda": 0.41894328369200284, "log10_min_child_weight": 0.8248058086439741, "log10_subsample": -0.225037770754004, "max_depth": 4.0, "num_boost_round": 0.0}, "datetime": {"datetime": "2024-01-19 01:01:48", "elapsed": 3011.84255, "delta": 50.531728}}
{"target": -13.758528067307322, "params": {"gamma": 429.074224428991, "log10_alpha": -2.3405066442117146, "log10_colsample_bytree": -0.8006823036190288, "log10_eta": -3.662854022541188, "log10_lambda": 0.41894328369200284, "log10_min_child_weight": 0.8248058086439741, "log10_subsample": -0.225037770754004, "max_depth": 4.0, "num_boost_round": 1.0}, "datetime": {"datetime": "2024-01-19 01:01:48", "elapsed": 3011.847248, "delta": 0.004698}}
{"target": -13.758524500046684, "params": {"gamma": 429.074224428991, "log10_alpha": -2.3405066442117146, "log10_colsample_bytree": -0.8006823036190288, "log10_eta": -3.662854022541188, "log10_lambda": 0.41894328369200284, "log10_min_child_weight": 0.8248058086439741, "log10_subsample": -0.225037770754004, "max_depth": 4.0, "num_boost_round": 2.0}, "datetime": {"datetime": "2024-01-19 01:01:48", "elapsed": 3011.851677, "delta": 0.004429}}
{"target": -13.758529174933281, "params": {"gamma": 429.074224428991, "log10_alpha": -2.3405066442117146, "log10_colsample_bytree": -0.8006823036190288, "log10_eta": -3.662854022541188, "log10_lambda": 0.41894328369200284, "log10_min_child_weight": 0.8248058086439741, "log10_subsample": -0.225037770754004, "max_depth": 4.0, "num_boost_round": 3.0}, "datetime": {"datetime": "2024-01-19 01:01:48", "elapsed": 3011.856241, "delta": 0.004564}}
{"target": -13.758525012281234, "params": {"gamma": 429.074224428991, "log10_alpha": -2.3405066442117146, "log10_colsample_bytree": -0.8006823036190288, "log10_eta": -3.662854022541188, "log10_lambda": 0.41894328369200284, "log10_min_child_weight": 0.8248058086439741, "log10_subsample": -0.225037770754004, "max_depth": 4.0, "num_boost_round": 4.0}, "datetime": {"datetime": "2024-01-19 01:01:48", "elapsed": 3011.860387, "delta": 0.004146}}
{"target": -13.758523432440763, "params": {"gamma": 429.074224428991, "log10_alpha": -2.3405066442117146, "log10_colsample_bytree": -0.8006823036190288, "log10_eta": -3.662854022541188, "log10_lambda": 0.41894328369200284, "log10_min_child_weight": 0.8248058086439741, "log10_subsample": -0.225037770754004, "max_depth": 4.0, "num_boost_round": 5.0}, "datetime": {"datetime": "2024-01-19 01:01:48", "elapsed": 3011.864592, "delta": 0.004205}}
{"target": -13.758519705334983, "params": {"gamma": 429.074224428991, "log10_alpha": -2.3405066442117146, "log10_colsample_bytree": -0.8006823036190288, "log10_eta": -3.662854022541188, "log10_lambda": 0.41894328369200284, "log10_min_child_weight": 0.8248058086439741, "log10_subsample": -0.225037770754004, "max_depth": 4.0, "num_boost_round": 6.0}, "datetime": {"datetime": "2024-01-19 01:01:48", "elapsed": 3011.868851, "delta": 0.004259}}
{"target": -13.758513559235245, "params": {"gamma": 429.074224428991, "log10_alpha": -2.3405066442117146, "log10_colsample_bytree": -0.8006823036190288, "log10_eta": -3.662854022541188, "log10_lambda": 0.41894328369200284, "log10_min_child_weight": 0.8248058086439741, "log10_subsample": -0.225037770754004, "max_depth": 4.0, "num_boost_round": 7.0}, "datetime": {"datetime": "2024-01-19 01:01:48", "elapsed": 3011.872987, "delta": 0.004136}}
{"target": -13.758512395036242, "params": {"gamma": 429.074224428991, "log10_alpha": -2.3405066442117146, "log10_colsample_bytree": -0.8006823036190288, "log10_eta": -3.662854022541188, "log10_lambda": 0.41894328369200284, "log10_min_child_weight": 0.8248058086439741, "log10_subsample": -0.225037770754004, "max_depth": 4.0, "num_boost_round": 8.0}, "datetime": {"datetime": "2024-01-19 01:01:48", "elapsed": 3011.966897, "delta": 0.09391}}
{"target": -13.758512260495028, "params": {"gamma": 429.074224428991, "log10_alpha": -2.3405066442117146, "log10_colsample_bytree": -0.8006823036190288, "log10_eta": -3.662854022541188, "log10_lambda": 0.41894328369200284, "log10_min_child_weight": 0.8248058086439741, "log10_subsample": -0.225037770754004, "max_depth": 4.0, "num_boost_round": 9.0}, "datetime": {"datetime": "2024-01-19 01:01:48", "elapsed": 3011.971782, "delta": 0.004885}}
{"target": -13.758509352788245, "params": {"gamma": 429.074224428991, "log10_alpha": -2.3405066442117146, "log10_colsample_bytree": -0.8006823036190288, "log10_eta": -3.662854022541188, "log10_lambda": 0.41894328369200284, "log10_min_child_weight": 0.8248058086439741, "log10_subsample": -0.225037770754004, "max_depth": 4.0, "num_boost_round": 10.0}, "datetime": {"datetime": "2024-01-19 01:01:48", "elapsed": 3011.976144, "delta": 0.004362}}
{"target": -13.75850809436418, "params": {"gamma": 429.074224428991, "log10_alpha": -2.3405066442117146, "log10_colsample_bytree": -0.8006823036190288, "log10_eta": -3.662854022541188, "log10_lambda": 0.41894328369200284, "log10_min_child_weight": 0.8248058086439741, "log10_subsample": -0.225037770754004, "max_depth": 4.0, "num_boost_round": 11.0}, "datetime": {"datetime": "2024-01-19 01:01:48", "elapsed": 3011.980552, "delta": 0.004408}}
{"target": -13.758504494650133, "params": {"gamma": 429.074224428991, "log10_alpha": -2.3405066442117146, "log10_colsample_bytree": -0.8006823036190288, "log10_eta": -3.662854022541188, "log10_lambda": 0.41894328369200284, "log10_min_child_weight": 0.8248058086439741, "log10_subsample": -0.225037770754004, "max_depth": 4.0, "num_boost_round": 12.0}, "datetime": {"datetime": "2024-01-19 01:01:48", "elapsed": 3011.984833, "delta": 0.004281}}
{"target": -13.75849248087672, "params": {"gamma": 429.074224428991, "log10_alpha": -2.3405066442117146, "log10_colsample_bytree": -0.8006823036190288, "log10_eta": -3.662854022541188, "log10_lambda": 0.41894328369200284, "log10_min_child_weight": 0.8248058086439741, "log10_subsample": -0.225037770754004, "max_depth": 4.0, "num_boost_round": 13.0}, "datetime": {"datetime": "2024-01-19 01:01:48", "elapsed": 3011.989326, "delta": 0.004493}}
{"target": -13.758493151094843, "params": {"gamma": 429.074224428991, "log10_alpha": -2.3405066442117146, "log10_colsample_bytree": -0.8006823036190288, "log10_eta": -3.662854022541188, "log10_lambda": 0.41894328369200284, "log10_min_child_weight": 0.8248058086439741, "log10_subsample": -0.225037770754004, "max_depth": 4.0, "num_boost_round": 14.0}, "datetime": {"datetime": "2024-01-19 01:01:48", "elapsed": 3011.993863, "delta": 0.004537}}
{"target": -13.758483518739729, "params": {"gamma": 429.074224428991, "log10_alpha": -2.3405066442117146, "log10_colsample_bytree": -0.8006823036190288, "log10_eta": -3.662854022541188, "log10_lambda": 0.41894328369200284, "log10_min_child_weight": 0.8248058086439741, "log10_subsample": -0.225037770754004, "max_depth": 4.0, "num_boost_round": 15.0}, "datetime": {"datetime": "2024-01-19 01:01:48", "elapsed": 3011.998305, "delta": 0.004442}}
{"target": -13.758481401847014, "params": {"gamma": 429.074224428991, "log10_alpha": -2.3405066442117146, "log10_colsample_bytree": -0.8006823036190288, "log10_eta": -3.662854022541188, "log10_lambda": 0.41894328369200284, "log10_min_child_weight": 0.8248058086439741, "log10_subsample": -0.225037770754004, "max_depth": 4.0, "num_boost_round": 16.0}, "datetime": {"datetime": "2024-01-19 01:01:48", "elapsed": 3012.002606, "delta": 0.004301}}
{"target": -13.758476556922638, "params": {"gamma": 429.074224428991, "log10_alpha": -2.3405066442117146, "log10_colsample_bytree": -0.8006823036190288, "log10_eta": -3.662854022541188, "log10_lambda": 0.41894328369200284, "log10_min_child_weight": 0.8248058086439741, "log10_subsample": -0.225037770754004, "max_depth": 4.0, "num_boost_round": 17.0}, "datetime": {"datetime": "2024-01-19 01:01:48", "elapsed": 3012.007056, "delta": 0.00445}}
{"target": -13.758475497507801, "params": {"gamma": 429.074224428991, "log10_alpha": -2.3405066442117146, "log10_colsample_bytree": -0.8006823036190288, "log10_eta": -3.662854022541188, "log10_lambda": 0.41894328369200284, "log10_min_child_weight": 0.8248058086439741, "log10_subsample": -0.225037770754004, "max_depth": 4.0, "num_boost_round": 18.0}, "datetime": {"datetime": "2024-01-19 01:01:48", "elapsed": 3012.011431, "delta": 0.004375}}
{"target": -13.758478078175239, "params": {"gamma": 429.074224428991, "log10_alpha": -2.3405066442117146, "log10_colsample_bytree": -0.8006823036190288, "log10_eta": -3.662854022541188, "log10_lambda": 0.41894328369200284, "log10_min_child_weight": 0.8248058086439741, "log10_subsample": -0.225037770754004, "max_depth": 4.0, "num_boost_round": 19.0}, "datetime": {"datetime": "2024-01-19 01:01:48", "elapsed": 3012.01569, "delta": 0.004259}}
{"target": -13.758467244889955, "params": {"gamma": 429.074224428991, "log10_alpha": -2.3405066442117146, "log10_colsample_bytree": -0.8006823036190288, "log10_eta": -3.662854022541188, "log10_lambda": 0.41894328369200284, "log10_min_child_weight": 0.8248058086439741, "log10_subsample": -0.225037770754004, "max_depth": 4.0, "num_boost_round": 20.0}, "datetime": {"datetime": "2024-01-19 01:01:48", "elapsed": 3012.020054, "delta": 0.004364}}
{"target": -13.758461051717063, "params": {"gamma": 429.074224428991, "log10_alpha": -2.3405066442117146, "log10_colsample_bytree": -0.8006823036190288, "log10_eta": -3.662854022541188, "log10_lambda": 0.41894328369200284, "log10_min_child_weight": 0.8248058086439741, "log10_subsample": -0.225037770754004, "max_depth": 4.0, "num_boost_round": 21.0}, "datetime": {"datetime": "2024-01-19 01:01:48", "elapsed": 3012.024294, "delta": 0.00424}}
{"target": -13.758460700208628, "params": {"gamma": 429.074224428991, "log10_alpha": -2.3405066442117146, "log10_colsample_bytree": -0.8006823036190288, "log10_eta": -3.662854022541188, "log10_lambda": 0.41894328369200284, "log10_min_child_weight": 0.8248058086439741, "log10_subsample": -0.225037770754004, "max_depth": 4.0, "num_boost_round": 22.0}, "datetime": {"datetime": "2024-01-19 01:01:48", "elapsed": 3012.028667, "delta": 0.004373}}
{"target": -13.75845352897683, "params": {"gamma": 429.074224428991, "log10_alpha": -2.3405066442117146, "log10_colsample_bytree": -0.8006823036190288, "log10_eta": -3.662854022541188, "log10_lambda": 0.41894328369200284, "log10_min_child_weight": 0.8248058086439741, "log10_subsample": -0.225037770754004, "max_depth": 4.0, "num_boost_round": 23.0}, "datetime": {"datetime": "2024-01-19 01:01:48", "elapsed": 3012.03315, "delta": 0.004483}}
{"target": -13.758452648870312, "params": {"gamma": 429.074224428991, "log10_alpha": -2.3405066442117146, "log10_colsample_bytree": -0.8006823036190288, "log10_eta": -3.662854022541188, "log10_lambda": 0.41894328369200284, "log10_min_child_weight": 0.8248058086439741, "log10_subsample": -0.225037770754004, "max_depth": 4.0, "num_boost_round": 24.0}, "datetime": {"datetime": "2024-01-19 01:01:48", "elapsed": 3012.037431, "delta": 0.004281}}
{"target": -13.758446643476441, "params": {"gamma": 429.074224428991, "log10_alpha": -2.3405066442117146, "log10_colsample_bytree": -0.8006823036190288, "log10_eta": -3.662854022541188, "log10_lambda": 0.41894328369200284, "log10_min_child_weight": 0.8248058086439741, "log10_subsample": -0.225037770754004, "max_depth": 4.0, "num_boost_round": 25.0}, "datetime": {"datetime": "2024-01-19 01:01:48", "elapsed": 3012.041704, "delta": 0.004273}}
{"target": -13.758438170088313, "params": {"gamma": 429.074224428991, "log10_alpha": -2.3405066442117146, "log10_colsample_bytree": -0.8006823036190288, "log10_eta": -3.662854022541188, "log10_lambda": 0.41894328369200284, "log10_min_child_weight": 0.8248058086439741, "log10_subsample": -0.225037770754004, "max_depth": 4.0, "num_boost_round": 26.0}, "datetime": {"datetime": "2024-01-19 01:01:48", "elapsed": 3012.046176, "delta": 0.004472}}
{"target": -13.758434278867165, "params": {"gamma": 429.074224428991, "log10_alpha": -2.3405066442117146, "log10_colsample_bytree": -0.8006823036190288, "log10_eta": -3.662854022541188, "log10_lambda": 0.41894328369200284, "log10_min_child_weight": 0.8248058086439741, "log10_subsample": -0.225037770754004, "max_depth": 4.0, "num_boost_round": 27.0}, "datetime": {"datetime": "2024-01-19 01:01:48", "elapsed": 3012.050594, "delta": 0.004418}}
{"target": -13.758426948252595, "params": {"gamma": 429.074224428991, "log10_alpha": -2.3405066442117146, "log10_colsample_bytree": -0.8006823036190288, "log10_eta": -3.662854022541188, "log10_lambda": 0.41894328369200284, "log10_min_child_weight": 0.8248058086439741, "log10_subsample": -0.225037770754004, "max_depth": 4.0, "num_boost_round": 28.0}, "datetime": {"datetime": "2024-01-19 01:01:48", "elapsed": 3012.054895, "delta": 0.004301}}
{"target": -13.758410168795622, "params": {"gamma": 429.074224428991, "log10_alpha": -2.3405066442117146, "log10_colsample_bytree": -0.8006823036190288, "log10_eta": -3.662854022541188, "log10_lambda": 0.41894328369200284, "log10_min_child_weight": 0.8248058086439741, "log10_subsample": -0.225037770754004, "max_depth": 4.0, "num_boost_round": 29.0}, "datetime": {"datetime": "2024-01-19 01:01:48", "elapsed": 3012.059335, "delta": 0.00444}}
{"target": -13.75840500369904, "params": {"gamma": 429.074224428991, "log10_alpha": -2.3405066442117146, "log10_colsample_bytree": -0.8006823036190288, "log10_eta": -3.662854022541188, "log10_lambda": 0.41894328369200284, "log10_min_child_weight": 0.8248058086439741, "log10_subsample": -0.225037770754004, "max_depth": 4.0, "num_boost_round": 30.0}, "datetime": {"datetime": "2024-01-19 01:01:48", "elapsed": 3012.063651, "delta": 0.004316}}
{"target": -13.758397270959385, "params": {"gamma": 429.074224428991, "log10_alpha": -2.3405066442117146, "log10_colsample_bytree": -0.8006823036190288, "log10_eta": -3.662854022541188, "log10_lambda": 0.41894328369200284, "log10_min_child_weight": 0.8248058086439741, "log10_subsample": -0.225037770754004, "max_depth": 4.0, "num_boost_round": 31.0}, "datetime": {"datetime": "2024-01-19 01:01:48", "elapsed": 3012.067948, "delta": 0.004297}}
{"target": -13.758389226438357, "params": {"gamma": 429.074224428991, "log10_alpha": -2.3405066442117146, "log10_colsample_bytree": -0.8006823036190288, "log10_eta": -3.662854022541188, "log10_lambda": 0.41894328369200284, "log10_min_child_weight": 0.8248058086439741, "log10_subsample": -0.225037770754004, "max_depth": 4.0, "num_boost_round": 32.0}, "datetime": {"datetime": "2024-01-19 01:01:48", "elapsed": 3012.072943, "delta": 0.004995}}
{"target": -13.75838829587382, "params": {"gamma": 429.074224428991, "log10_alpha": -2.3405066442117146, "log10_colsample_bytree": -0.8006823036190288, "log10_eta": -3.662854022541188, "log10_lambda": 0.41894328369200284, "log10_min_child_weight": 0.8248058086439741, "log10_subsample": -0.225037770754004, "max_depth": 4.0, "num_boost_round": 33.0}, "datetime": {"datetime": "2024-01-19 01:01:48", "elapsed": 3012.077834, "delta": 0.004891}}
