{"target": -13.758542211431218, "params": {"gamma": 0.035210753730918753, "log10_alpha": -3.8361861151306607, "log10_colsample_bytree": -0.06720519277066017, "log10_eta": -2.7927139213874863, "log10_lambda": -3.101066526064959, "log10_min_child_weight": 2.7089663795530265, "log10_subsample": -0.13303797701183473, "max_depth": 6.0, "num_boost_round": 2.0}, "datetime": {"datetime": "2024-01-19 00:25:39", "elapsed": 847.610067, "delta": 0.001407}}
{"target": -13.758538306093142, "params": {"gamma": 0.035210753730918753, "log10_alpha": -3.8361861151306607, "log10_colsample_bytree": -0.06720519277066017, "log10_eta": -2.7927139213874863, "log10_lambda": -3.101066526064959, "log10_min_child_weight": 2.7089663795530265, "log10_subsample": -0.13303797701183473, "max_depth": 6.0, "num_boost_round": 3.0}, "datetime": {"datetime": "2024-01-19 00:25:39", "elapsed": 847.689868, "delta": 0.079801}}
{"target": -13.758502500687598, "params": {"gamma": 0.035210753730918753, "log10_alpha": -3.8361861151306607, "log10_colsample_bytree": -0.06720519277066017, "log10_eta": -2.7927139213874863, "log10_lambda": -3.101066526064959, "log10_min_child_weight": 2.7089663795530265, "log10_subsample": -0.13303797701183473, "max_depth": 6.0, "num_boost_round": 4.0}, "datetime": {"datetime": "2024-01-19 00:25:39", "elapsed": 847.691285, "delta": 0.001417}}
{"target": -13.75851305849638, "params": {"gamma": 0.035210753730918753, "log10_alpha": -3.8361861151306607, "log10_colsample_bytree": -0.06720519277066017, "log10_eta": -2.7927139213874863, "log10_lambda": -3.101066526064959, "log10_min_child_weight": 2.7089663795530265, "log10_subsample": -0.13303797701183473, "max_depth": 6.0, "num_boost_round": 5.0}, "datetime": {"datetime": "2024-01-19 00:25:39", "elapsed": 847.692551, "delta": 0.001266}}
{"target": -13.75852169397912, "params": {"gamma": 0.035210753730918753, "log10_alpha": -3.8361861151306607, "log10_colsample_bytree": -0.06720519277066017, "log10_eta": -2.7927139213874863, "log10_lambda": -3.101066526064959, "log10_min_child_weight": 2.7089663795530265, "log10_subsample": -0.13303797701183473, "max_depth": 6.0, "num_boost_round": 6.0}, "datetime": {"datetime": "2024-01-19 00:25:39", "elapsed": 847.693778, "delta": 0.001227}}
{"target": -13.758538310604532, "params": {"gamma": 0.035210753730918753, "log10_alpha": -3.8361861151306607, "log10_colsample_bytree": -0.06720519277066017, "log10_eta": -2.7927139213874863, "log10_lambda": -3.101066526064959, "log10_min_child_weight": 2.7089663795530265, "log10_subsample": -0.13303797701183473, "max_depth": 6.0, "num_boost_round": 7.0}, "datetime": {"datetime": "2024-01-19 00:25:39", "elapsed": 847.694986, "delta": 0.001208}}
{"target": -13.758560520561113, "params": {"gamma": 0.035210753730918753, "log10_alpha": -3.8361861151306607, "log10_colsample_bytree": -0.06720519277066017, "log10_eta": -2.7927139213874863, "log10_lambda": -3.101066526064959, "log10_min_child_weight": 2.7089663795530265, "log10_subsample": -0.13303797701183473, "max_depth": 6.0, "num_boost_round": 8.0}, "datetime": {"datetime": "2024-01-19 00:25:39", "elapsed": 847.696146, "delta": 0.00116}}
{"target": -13.758599120859799, "params": {"gamma": 0.035210753730918753, "log10_alpha": -3.8361861151306607, "log10_colsample_bytree": -0.06720519277066017, "log10_eta": -2.7927139213874863, "log10_lambda": -3.101066526064959, "log10_min_child_weight": 2.7089663795530265, "log10_subsample": -0.13303797701183473, "max_depth": 6.0, "num_boost_round": 9.0}, "datetime": {"datetime": "2024-01-19 00:25:39", "elapsed": 847.697298, "delta": 0.001152}}
{"target": -13.758635321712271, "params": {"gamma": 0.035210753730918753, "log10_alpha": -3.8361861151306607, "log10_colsample_bytree": -0.06720519277066017, "log10_eta": -2.7927139213874863, "log10_lambda": -3.101066526064959, "log10_min_child_weight": 2.7089663795530265, "log10_subsample": -0.13303797701183473, "max_depth": 6.0, "num_boost_round": 10.0}, "datetime": {"datetime": "2024-01-19 00:25:39", "elapsed": 847.698465, "delta": 0.001167}}
{"target": -13.7585245911717, "params": {"gamma": 30.44271088391404, "log10_alpha": 0.01353772905438344, "log10_colsample_bytree": -0.10039430415654993, "log10_eta": -3.0196148997384467, "log10_lambda": -4.841761172246701, "log10_min_child_weight": 0.7343183344317833, "log10_subsample": -0.6763085551875931, "max_depth": 7.0, "num_boost_round": 0.0}, "datetime": {"datetime": "2024-01-19 00:25:59", "elapsed": 867.611116, "delta": 19.912651}}
{"target": -13.758516876004071, "params": {"gamma": 30.44271088391404, "log10_alpha": 0.01353772905438344, "log10_colsample_bytree": -0.10039430415654993, "log10_eta": -3.0196148997384467, "log10_lambda": -4.841761172246701, "log10_min_child_weight": 0.7343183344317833, "log10_subsample": -0.6763085551875931, "max_depth": 7.0, "num_boost_round": 1.0}, "datetime": {"datetime": "2024-01-19 00:25:59", "elapsed": 867.612908, "delta": 0.001792}}
{"target": -13.758494262283907, "params": {"gamma": 30.44271088391404, "log10_alpha": 0.01353772905438344, "log10_colsample_bytree": -0.10039430415654993, "log10_eta": -3.0196148997384467, "log10_lambda": -4.841761172246701, "log10_min_child_weight": 0.7343183344317833, "log10_subsample": -0.6763085551875931, "max_depth": 7.0, "num_boost_round": 2.0}, "datetime": {"datetime": "2024-01-19 00:25:59", "elapsed": 867.614087, "delta": 0.001179}}
{"target": -13.758427013131222, "params": {"gamma": 30.44271088391404, "log10_alpha": 0.01353772905438344, "log10_colsample_bytree": -0.10039430415654993, "log10_eta": -3.0196148997384467, "log10_lambda": -4.841761172246701, "log10_min_child_weight": 0.7343183344317833, "log10_subsample": -0.6763085551875931, "max_depth": 7.0, "num_boost_round": 3.0}, "datetime": {"datetime": "2024-01-19 00:25:59", "elapsed": 867.615323, "delta": 0.001236}}
{"target": -13.75838339235822, "params": {"gamma": 30.44271088391404, "log10_alpha": 0.01353772905438344, "log10_colsample_bytree": -0.10039430415654993, "log10_eta": -3.0196148997384467, "log10_lambda": -4.841761172246701, "log10_min_child_weight": 0.7343183344317833, "log10_subsample": -0.6763085551875931, "max_depth": 7.0, "num_boost_round": 4.0}, "datetime": {"datetime": "2024-01-19 00:25:59", "elapsed": 867.616612, "delta": 0.001289}}
{"target": -13.75839486328754, "params": {"gamma": 30.44271088391404, "log10_alpha": 0.01353772905438344, "log10_colsample_bytree": -0.10039430415654993, "log10_eta": -3.0196148997384467, "log10_lambda": -4.841761172246701, "log10_min_child_weight": 0.7343183344317833, "log10_subsample": -0.6763085551875931, "max_depth": 7.0, "num_boost_round": 5.0}, "datetime": {"datetime": "2024-01-19 00:25:59", "elapsed": 867.617792, "delta": 0.00118}}
{"target": -13.758369032034654, "params": {"gamma": 30.44271088391404, "log10_alpha": 0.01353772905438344, "log10_colsample_bytree": -0.10039430415654993, "log10_eta": -3.0196148997384467, "log10_lambda": -4.841761172246701, "log10_min_child_weight": 0.7343183344317833, "log10_subsample": -0.6763085551875931, "max_depth": 7.0, "num_boost_round": 6.0}, "datetime": {"datetime": "2024-01-19 00:25:59", "elapsed": 867.618969, "delta": 0.001177}}
{"target": -13.758386312444372, "params": {"gamma": 30.44271088391404, "log10_alpha": 0.01353772905438344, "log10_colsample_bytree": -0.10039430415654993, "log10_eta": -3.0196148997384467, "log10_lambda": -4.841761172246701, "log10_min_child_weight": 0.7343183344317833, "log10_subsample": -0.6763085551875931, "max_depth": 7.0, "num_boost_round": 7.0}, "datetime": {"datetime": "2024-01-19 00:25:59", "elapsed": 867.620136, "delta": 0.001167}}
{"target": -13.758388317906634, "params": {"gamma": 30.44271088391404, "log10_alpha": 0.01353772905438344, "log10_colsample_bytree": -0.10039430415654993, "log10_eta": -3.0196148997384467, "log10_lambda": -4.841761172246701, "log10_min_child_weight": 0.7343183344317833, "log10_subsample": -0.6763085551875931, "max_depth": 7.0, "num_boost_round": 8.0}, "datetime": {"datetime": "2024-01-19 00:25:59", "elapsed": 867.621495, "delta": 0.001359}}
{"target": -13.758376615105078, "params": {"gamma": 30.44271088391404, "log10_alpha": 0.01353772905438344, "log10_colsample_bytree": -0.10039430415654993, "log10_eta": -3.0196148997384467, "log10_lambda": -4.841761172246701, "log10_min_child_weight": 0.7343183344317833, "log10_subsample": -0.6763085551875931, "max_depth": 7.0, "num_boost_round": 9.0}, "datetime": {"datetime": "2024-01-19 00:25:59", "elapsed": 867.622671, "delta": 0.001176}}
{"target": -13.758365973526146, "params": {"gamma": 30.44271088391404, "log10_alpha": 0.01353772905438344, "log10_colsample_bytree": -0.10039430415654993, "log10_eta": -3.0196148997384467, "log10_lambda": -4.841761172246701, "log10_min_child_weight": 0.7343183344317833, "log10_subsample": -0.6763085551875931, "max_depth": 7.0, "num_boost_round": 10.0}, "datetime": {"datetime": "2024-01-19 00:25:59", "elapsed": 867.623836, "delta": 0.001165}}
{"target": -13.75842000027379, "params": {"gamma": 23.157348961789005, "log10_alpha": 0.6061785327774434, "log10_colsample_bytree": -0.7549593015877357, "log10_eta": -2.6635278808773433, "log10_lambda": -2.158153117915983, "log10_min_child_weight": 1.9979260297646118, "log10_subsample": -0.7456176131418396, "max_depth": 8.0, "num_boost_round": 0.0}, "datetime": {"datetime": "2024-01-19 00:26:19", "elapsed": 887.218391, "delta": 19.594555}}
{"target": -13.75832207015992, "params": {"gamma": 23.157348961789005, "log10_alpha": 0.6061785327774434, "log10_colsample_bytree": -0.7549593015877357, "log10_eta": -2.6635278808773433, "log10_lambda": -2.158153117915983, "log10_min_child_weight": 1.9979260297646118, "log10_subsample": -0.7456176131418396, "max_depth": 8.0, "num_boost_round": 1.0}, "datetime": {"datetime": "2024-01-19 00:26:19", "elapsed": 887.219752, "delta": 0.001361}}
{"target": -13.758156815697774, "params": {"gamma": 23.157348961789005, "log10_alpha": 0.6061785327774434, "log10_colsample_bytree": -0.7549593015877357, "log10_eta": -2.6635278808773433, "log10_lambda": -2.158153117915983, "log10_min_child_weight": 1.9979260297646118, "log10_subsample": -0.7456176131418396, "max_depth": 8.0, "num_boost_round": 2.0}, "datetime": {"datetime": "2024-01-19 00:26:19", "elapsed": 887.221255, "delta": 0.001503}}
{"target": -13.75805282262184, "params": {"gamma": 23.157348961789005, "log10_alpha": 0.6061785327774434, "log10_colsample_bytree": -0.7549593015877357, "log10_eta": -2.6635278808773433, "log10_lambda": -2.158153117915983, "log10_min_child_weight": 1.9979260297646118, "log10_subsample": -0.7456176131418396, "max_depth": 8.0, "num_boost_round": 3.0}, "datetime": {"datetime": "2024-01-19 00:26:19", "elapsed": 887.222769, "delta": 0.001514}}
{"target": -13.758034859281773, "params": {"gamma": 23.157348961789005, "log10_alpha": 0.6061785327774434, "log10_colsample_bytree": -0.7549593015877357, "log10_eta": -2.6635278808773433, "log10_lambda": -2.158153117915983, "log10_min_child_weight": 1.9979260297646118, "log10_subsample": -0.7456176131418396, "max_depth": 8.0, "num_boost_round": 4.0}, "datetime": {"datetime": "2024-01-19 00:26:19", "elapsed": 887.224234, "delta": 0.001465}}
{"target": -13.757983668003831, "params": {"gamma": 23.157348961789005, "log10_alpha": 0.6061785327774434, "log10_colsample_bytree": -0.7549593015877357, "log10_eta": -2.6635278808773433, "log10_lambda": -2.158153117915983, "log10_min_child_weight": 1.9979260297646118, "log10_subsample": -0.7456176131418396, "max_depth": 8.0, "num_boost_round": 5.0}, "datetime": {"datetime": "2024-01-19 00:26:19", "elapsed": 887.225418, "delta": 0.001184}}
{"target": -13.757998944406834, "params": {"gamma": 23.157348961789005, "log10_alpha": 0.6061785327774434, "log10_colsample_bytree": -0.7549593015877357, "log10_eta": -2.6635278808773433, "log10_lambda": -2.158153117915983, "log10_min_child_weight": 1.9979260297646118, "log10_subsample": -0.7456176131418396, "max_depth": 8.0, "num_boost_round": 6.0}, "datetime": {"datetime": "2024-01-19 00:26:19", "elapsed": 887.226597, "delta": 0.001179}}
{"target": -13.757840231129176, "params": {"gamma": 23.157348961789005, "log10_alpha": 0.6061785327774434, "log10_colsample_bytree": -0.7549593015877357, "log10_eta": -2.6635278808773433, "log10_lambda": -2.158153117915983, "log10_min_child_weight": 1.9979260297646118, "log10_subsample": -0.7456176131418396, "max_depth": 8.0, "num_boost_round": 7.0}, "datetime": {"datetime": "2024-01-19 00:26:19", "elapsed": 887.227829, "delta": 0.001232}}
{"target": -13.757856724488555, "params": {"gamma": 23.157348961789005, "log10_alpha": 0.6061785327774434, "log10_colsample_bytree": -0.7549593015877357, "log10_eta": -2.6635278808773433, "log10_lambda": -2.158153117915983, "log10_min_child_weight": 1.9979260297646118, "log10_subsample": -0.7456176131418396, "max_depth": 8.0, "num_boost_round": 8.0}, "datetime": {"datetime": "2024-01-19 00:26:19", "elapsed": 887.229117, "delta": 0.001288}}
{"target": -13.757825729581239, "params": {"gamma": 23.157348961789005, "log10_alpha": 0.6061785327774434, "log10_colsample_bytree": -0.7549593015877357, "log10_eta": -2.6635278808773433, "log10_lambda": -2.158153117915983, "log10_min_child_weight": 1.9979260297646118, "log10_subsample": -0.7456176131418396, "max_depth": 8.0, "num_boost_round": 9.0}, "datetime": {"datetime": "2024-01-19 00:26:19", "elapsed": 887.2303, "delta": 0.001183}}
{"target": -13.758537796628769, "params": {"gamma": 6.560248813205383, "log10_alpha": -1.3682171618083534, "log10_colsample_bytree": -0.12455965593758256, "log10_eta": -3.734999826025295, "log10_lambda": -4.829971736411889, "log10_min_child_weight": 3.9220016380357987, "log10_subsample": -0.4033452766524923, "max_depth": 2.0, "num_boost_round": 0.0}, "datetime": {"datetime": "2024-01-19 00:26:37", "elapsed": 905.952955, "delta": 18.722655}}
{"target": -13.758537526386093, "params": {"gamma": 6.560248813205383, "log10_alpha": -1.3682171618083534, "log10_colsample_bytree": -0.12455965593758256, "log10_eta": -3.734999826025295, "log10_lambda": -4.829971736411889, "log10_min_child_weight": 3.9220016380357987, "log10_subsample": -0.4033452766524923, "max_depth": 2.0, "num_boost_round": 1.0}, "datetime": {"datetime": "2024-01-19 00:26:37", "elapsed": 905.954351, "delta": 0.001396}}
{"target": -13.758538335478145, "params": {"gamma": 6.560248813205383, "log10_alpha": -1.3682171618083534, "log10_colsample_bytree": -0.12455965593758256, "log10_eta": -3.734999826025295, "log10_lambda": -4.829971736411889, "log10_min_child_weight": 3.9220016380357987, "log10_subsample": -0.4033452766524923, "max_depth": 2.0, "num_boost_round": 2.0}, "datetime": {"datetime": "2024-01-19 00:26:37", "elapsed": 905.955681, "delta": 0.00133}}
{"target": -13.758538640405137, "params": {"gamma": 6.560248813205383, "log10_alpha": -1.3682171618083534, "log10_colsample_bytree": -0.12455965593758256, "log10_eta": -3.734999826025295, "log10_lambda": -4.829971736411889, "log10_min_child_weight": 3.9220016380357987, "log10_subsample": -0.4033452766524923, "max_depth": 2.0, "num_boost_round": 3.0}, "datetime": {"datetime": "2024-01-19 00:26:37", "elapsed": 905.956856, "delta": 0.001175}}
{"target": -13.758538656182576, "params": {"gamma": 6.560248813205383, "log10_alpha": -1.3682171618083534, "log10_colsample_bytree": -0.12455965593758256, "log10_eta": -3.734999826025295, "log10_lambda": -4.829971736411889, "log10_min_child_weight": 3.9220016380357987, "log10_subsample": -0.4033452766524923, "max_depth": 2.0, "num_boost_round": 4.0}, "datetime": {"datetime": "2024-01-19 00:26:37", "elapsed": 905.958018, "delta": 0.001162}}
{"target": -13.758538437639723, "params": {"gamma": 6.560248813205383, "log10_alpha": -1.3682171618083534, "log10_colsample_bytree": -0.12455965593758256, "log10_eta": -3.734999826025295, "log10_lambda": -4.829971736411889, "log10_min_child_weight": 3.9220016380357987, "log10_subsample": -0.4033452766524923, "max_depth": 2.0, "num_boost_round": 5.0}, "datetime": {"datetime": "2024-01-19 00:26:37", "elapsed": 905.959182, "delta": 0.001164}}
{"target": -13.75853826964898, "params": {"gamma": 6.560248813205383, "log10_alpha": -1.3682171618083534, "log10_colsample_bytree": -0.12455965593758256, "log10_eta": -3.734999826025295, "log10_lambda": -4.829971736411889, "log10_min_child_weight": 3.9220016380357987, "log10_subsample": -0.4033452766524923, "max_depth": 2.0, "num_boost_round": 6.0}, "datetime": {"datetime": "2024-01-19 00:26:37", "elapsed": 905.960383, "delta": 0.001201}}
{"target": -13.758538540628265, "params": {"gamma": 6.560248813205383, "log10_alpha": -1.3682171618083534, "log10_colsample_bytree": -0.12455965593758256, "log10_eta": -3.734999826025295, "log10_lambda": -4.829971736411889, "log10_min_child_weight": 3.9220016380357987, "log10_subsample": -0.4033452766524923, "max_depth": 2.0, "num_boost_round": 7.0}, "datetime": {"datetime": "2024-01-19 00:26:37", "elapsed": 905.961556, "delta": 0.001173}}
{"target": -13.758538022654072, "params": {"gamma": 6.560248813205383, "log10_alpha": -1.3682171618083534, "log10_colsample_bytree": -0.12455965593758256, "log10_eta": -3.734999826025295, "log10_lambda": -4.829971736411889, "log10_min_child_weight": 3.9220016380357987, "log10_subsample": -0.4033452766524923, "max_depth": 2.0, "num_boost_round": 8.0}, "datetime": {"datetime": "2024-01-19 00:26:37", "elapsed": 905.962712, "delta": 0.001156}}
{"target": -13.758537331115608, "params": {"gamma": 6.560248813205383, "log10_alpha": -1.3682171618083534, "log10_colsample_bytree": -0.12455965593758256, "log10_eta": -3.734999826025295, "log10_lambda": -4.829971736411889, "log10_min_child_weight": 3.9220016380357987, "log10_subsample": -0.4033452766524923, "max_depth": 2.0, "num_boost_round": 9.0}, "datetime": {"datetime": "2024-01-19 00:26:37", "elapsed": 905.963883, "delta": 0.001171}}
{"target": -13.758530063910342, "params": {"gamma": 9.540203025181548, "log10_alpha": -0.6546688508655807, "log10_colsample_bytree": -0.7995078860796966, "log10_eta": -3.4589610805194115, "log10_lambda": -3.9077669189822486, "log10_min_child_weight": 0.8171526090096648, "log10_subsample": -0.22687368321932522, "max_depth": 3.0, "num_boost_round": 0.0}, "datetime": {"datetime": "2024-01-19 00:26:58", "elapsed": 926.591851, "delta": 20.627968}}
{"target": -13.758525110266907, "params": {"gamma": 9.540203025181548, "log10_alpha": -0.6546688508655807, "log10_colsample_bytree": -0.7995078860796966, "log10_eta": -3.4589610805194115, "log10_lambda": -3.9077669189822486, "log10_min_child_weight": 0.8171526090096648, "log10_subsample": -0.22687368321932522, "max_depth": 3.0, "num_boost_round": 1.0}, "datetime": {"datetime": "2024-01-19 00:26:58", "elapsed": 926.59318, "delta": 0.001329}}
{"target": -13.758521398038317, "params": {"gamma": 9.540203025181548, "log10_alpha": -0.6546688508655807, "log10_colsample_bytree": -0.7995078860796966, "log10_eta": -3.4589610805194115, "log10_lambda": -3.9077669189822486, "log10_min_child_weight": 0.8171526090096648, "log10_subsample": -0.22687368321932522, "max_depth": 3.0, "num_boost_round": 2.0}, "datetime": {"datetime": "2024-01-19 00:26:58", "elapsed": 926.594661, "delta": 0.001481}}
{"target": -13.758517384473217, "params": {"gamma": 9.540203025181548, "log10_alpha": -0.6546688508655807, "log10_colsample_bytree": -0.7995078860796966, "log10_eta": -3.4589610805194115, "log10_lambda": -3.9077669189822486, "log10_min_child_weight": 0.8171526090096648, "log10_subsample": -0.22687368321932522, "max_depth": 3.0, "num_boost_round": 3.0}, "datetime": {"datetime": "2024-01-19 00:26:58", "elapsed": 926.596209, "delta": 0.001548}}
{"target": -13.758514332269105, "params": {"gamma": 9.540203025181548, "log10_alpha": -0.6546688508655807, "log10_colsample_bytree": -0.7995078860796966, "log10_eta": -3.4589610805194115, "log10_lambda": -3.9077669189822486, "log10_min_child_weight": 0.8171526090096648, "log10_subsample": -0.22687368321932522, "max_depth": 3.0, "num_boost_round": 4.0}, "datetime": {"datetime": "2024-01-19 00:26:58", "elapsed": 926.597372, "delta": 0.001163}}
{"target": -13.75851338504531, "params": {"gamma": 9.540203025181548, "log10_alpha": -0.6546688508655807, "log10_colsample_bytree": -0.7995078860796966, "log10_eta": -3.4589610805194115, "log10_lambda": -3.9077669189822486, "log10_min_child_weight": 0.8171526090096648, "log10_subsample": -0.22687368321932522, "max_depth": 3.0, "num_boost_round": 5.0}, "datetime": {"datetime": "2024-01-19 00:26:58", "elapsed": 926.59854, "delta": 0.001168}}
{"target": -13.758509066629644, "params": {"gamma": 9.540203025181548, "log10_alpha": -0.6546688508655807, "log10_colsample_bytree": -0.7995078860796966, "log10_eta": -3.4589610805194115, "log10_lambda": -3.9077669189822486, "log10_min_child_weight": 0.8171526090096648, "log10_subsample": -0.22687368321932522, "max_depth": 3.0, "num_boost_round": 6.0}, "datetime": {"datetime": "2024-01-19 00:26:58", "elapsed": 926.599704, "delta": 0.001164}}
{"target": -13.758499741635713, "params": {"gamma": 9.540203025181548, "log10_alpha": -0.6546688508655807, "log10_colsample_bytree": -0.7995078860796966, "log10_eta": -3.4589610805194115, "log10_lambda": -3.9077669189822486, "log10_min_child_weight": 0.8171526090096648, "log10_subsample": -0.22687368321932522, "max_depth": 3.0, "num_boost_round": 7.0}, "datetime": {"datetime": "2024-01-19 00:26:58", "elapsed": 926.600891, "delta": 0.001187}}
{"target": -13.758502553562547, "params": {"gamma": 9.540203025181548, "log10_alpha": -0.6546688508655807, "log10_colsample_bytree": -0.7995078860796966, "log10_eta": -3.4589610805194115, "log10_lambda": -3.9077669189822486, "log10_min_child_weight": 0.8171526090096648, "log10_subsample": -0.22687368321932522, "max_depth": 3.0, "num_boost_round": 8.0}, "datetime": {"datetime": "2024-01-19 00:26:58", "elapsed": 926.602247, "delta": 0.001356}}
