{"target": -13.758515521416355, "params": {"gamma": 84.09198377125726, "log10_alpha": -3.382283988937032, "log10_colsample_bytree": -0.8999245755549893, "log10_eta": -3.6523047250001324, "log10_lambda": 0.07094880899617717, "log10_min_child_weight": 3.389151318657672, "log10_subsample": -0.36035206649085727, "max_depth": 6.0, "num_boost_round": 9.0}, "datetime": {"datetime": "2024-01-19 00:29:23", "elapsed": 1062.338183, "delta": 0.001395}}
{"target": -13.758512160284486, "params": {"gamma": 84.09198377125726, "log10_alpha": -3.382283988937032, "log10_colsample_bytree": -0.8999245755549893, "log10_eta": -3.6523047250001324, "log10_lambda": 0.07094880899617717, "log10_min_child_weight": 3.389151318657672, "log10_subsample": -0.36035206649085727, "max_depth": 6.0, "num_boost_round": 10.0}, "datetime": {"datetime": "2024-01-19 00:29:23", "elapsed": 1062.339553, "delta": 0.00137}}
{"target": -13.758509515960585, "params": {"gamma": 84.09198377125726, "log10_alpha": -3.382283988937032, "log10_colsample_bytree": -0.8999245755549893, "log10_eta": -3.6523047250001324, "log10_lambda": 0.07094880899617717, "log10_min_child_weight": 3.389151318657672, "log10_subsample": -0.36035206649085727, "max_depth": 6.0, "num_boost_round": 11.0}, "datetime": {"datetime": "2024-01-19 00:29:23", "elapsed": 1062.340927, "delta": 0.001374}}
{"target": -13.75850762894786, "params": {"gamma": 84.09198377125726, "log10_alpha": -3.382283988937032, "log10_colsample_bytree": -0.8999245755549893, "log10_eta": -3.6523047250001324, "log10_lambda": 0.07094880899617717, "log10_min_child_weight": 3.389151318657672, "log10_subsample": -0.36035206649085727, "max_depth": 6.0, "num_boost_round": 12.0}, "datetime": {"datetime": "2024-01-19 00:29:23", "elapsed": 1062.342288, "delta": 0.001361}}
{"target": -13.758540036556873, "params": {"gamma": 75.17007982023071, "log10_alpha": 0.983198077977474, "log10_colsample_bytree": -0.041394664071341625, "log10_eta": -3.589284982690834, "log10_lambda": -4.087512695933826, "log10_min_child_weight": 3.1761775950025046, "log10_subsample": -0.18825699291947495, "max_depth": 6.0, "num_boost_round": 0.0}, "datetime": {"datetime": "2024-01-19 00:29:45", "elapsed": 1084.743365, "delta": 22.401077}}
{"target": -13.75854241305529, "params": {"gamma": 75.17007982023071, "log10_alpha": 0.983198077977474, "log10_colsample_bytree": -0.041394664071341625, "log10_eta": -3.589284982690834, "log10_lambda": -4.087512695933826, "log10_min_child_weight": 3.1761775950025046, "log10_subsample": -0.18825699291947495, "max_depth": 6.0, "num_boost_round": 1.0}, "datetime": {"datetime": "2024-01-19 00:29:45", "elapsed": 1084.745295, "delta": 0.00193}}
{"target": -13.758543144474615, "params": {"gamma": 75.17007982023071, "log10_alpha": 0.983198077977474, "log10_colsample_bytree": -0.041394664071341625, "log10_eta": -3.589284982690834, "log10_lambda": -4.087512695933826, "log10_min_child_weight": 3.1761775950025046, "log10_subsample": -0.18825699291947495, "max_depth": 6.0, "num_boost_round": 2.0}, "datetime": {"datetime": "2024-01-19 00:29:45", "elapsed": 1084.746882, "delta": 0.001587}}
{"target": -13.75853996133721, "params": {"gamma": 75.17007982023071, "log10_alpha": 0.983198077977474, "log10_colsample_bytree": -0.041394664071341625, "log10_eta": -3.589284982690834, "log10_lambda": -4.087512695933826, "log10_min_child_weight": 3.1761775950025046, "log10_subsample": -0.18825699291947495, "max_depth": 6.0, "num_boost_round": 3.0}, "datetime": {"datetime": "2024-01-19 00:29:45", "elapsed": 1084.748732, "delta": 0.00185}}
{"target": -13.758532594463809, "params": {"gamma": 75.17007982023071, "log10_alpha": 0.983198077977474, "log10_colsample_bytree": -0.041394664071341625, "log10_eta": -3.589284982690834, "log10_lambda": -4.087512695933826, "log10_min_child_weight": 3.1761775950025046, "log10_subsample": -0.18825699291947495, "max_depth": 6.0, "num_boost_round": 4.0}, "datetime": {"datetime": "2024-01-19 00:29:45", "elapsed": 1084.750113, "delta": 0.001381}}
{"target": -13.758530023374794, "params": {"gamma": 75.17007982023071, "log10_alpha": 0.983198077977474, "log10_colsample_bytree": -0.041394664071341625, "log10_eta": -3.589284982690834, "log10_lambda": -4.087512695933826, "log10_min_child_weight": 3.1761775950025046, "log10_subsample": -0.18825699291947495, "max_depth": 6.0, "num_boost_round": 5.0}, "datetime": {"datetime": "2024-01-19 00:29:45", "elapsed": 1084.751485, "delta": 0.001372}}
{"target": -13.758532523017958, "params": {"gamma": 75.17007982023071, "log10_alpha": 0.983198077977474, "log10_colsample_bytree": -0.041394664071341625, "log10_eta": -3.589284982690834, "log10_lambda": -4.087512695933826, "log10_min_child_weight": 3.1761775950025046, "log10_subsample": -0.18825699291947495, "max_depth": 6.0, "num_boost_round": 6.0}, "datetime": {"datetime": "2024-01-19 00:29:45", "elapsed": 1084.75301, "delta": 0.001525}}
{"target": -13.758533731897607, "params": {"gamma": 75.17007982023071, "log10_alpha": 0.983198077977474, "log10_colsample_bytree": -0.041394664071341625, "log10_eta": -3.589284982690834, "log10_lambda": -4.087512695933826, "log10_min_child_weight": 3.1761775950025046, "log10_subsample": -0.18825699291947495, "max_depth": 6.0, "num_boost_round": 7.0}, "datetime": {"datetime": "2024-01-19 00:29:45", "elapsed": 1084.754369, "delta": 0.001359}}
{"target": -13.758534740292179, "params": {"gamma": 75.17007982023071, "log10_alpha": 0.983198077977474, "log10_colsample_bytree": -0.041394664071341625, "log10_eta": -3.589284982690834, "log10_lambda": -4.087512695933826, "log10_min_child_weight": 3.1761775950025046, "log10_subsample": -0.18825699291947495, "max_depth": 6.0, "num_boost_round": 8.0}, "datetime": {"datetime": "2024-01-19 00:29:45", "elapsed": 1084.755714, "delta": 0.001345}}
{"target": -13.758526492959149, "params": {"gamma": 75.17007982023071, "log10_alpha": 0.983198077977474, "log10_colsample_bytree": -0.041394664071341625, "log10_eta": -3.589284982690834, "log10_lambda": -4.087512695933826, "log10_min_child_weight": 3.1761775950025046, "log10_subsample": -0.18825699291947495, "max_depth": 6.0, "num_boost_round": 9.0}, "datetime": {"datetime": "2024-01-19 00:29:45", "elapsed": 1084.757088, "delta": 0.001374}}
{"target": -13.758528684903379, "params": {"gamma": 75.17007982023071, "log10_alpha": 0.983198077977474, "log10_colsample_bytree": -0.041394664071341625, "log10_eta": -3.589284982690834, "log10_lambda": -4.087512695933826, "log10_min_child_weight": 3.1761775950025046, "log10_subsample": -0.18825699291947495, "max_depth": 6.0, "num_boost_round": 10.0}, "datetime": {"datetime": "2024-01-19 00:29:45", "elapsed": 1084.758459, "delta": 0.001371}}
{"target": -13.758530502676487, "params": {"gamma": 75.17007982023071, "log10_alpha": 0.983198077977474, "log10_colsample_bytree": -0.041394664071341625, "log10_eta": -3.589284982690834, "log10_lambda": -4.087512695933826, "log10_min_child_weight": 3.1761775950025046, "log10_subsample": -0.18825699291947495, "max_depth": 6.0, "num_boost_round": 11.0}, "datetime": {"datetime": "2024-01-19 00:29:45", "elapsed": 1084.759825, "delta": 0.001366}}
{"target": -13.75853062969532, "params": {"gamma": 75.17007982023071, "log10_alpha": 0.983198077977474, "log10_colsample_bytree": -0.041394664071341625, "log10_eta": -3.589284982690834, "log10_lambda": -4.087512695933826, "log10_min_child_weight": 3.1761775950025046, "log10_subsample": -0.18825699291947495, "max_depth": 6.0, "num_boost_round": 12.0}, "datetime": {"datetime": "2024-01-19 00:29:45", "elapsed": 1084.76119, "delta": 0.001365}}
{"target": -13.758533376054386, "params": {"gamma": 75.17007982023071, "log10_alpha": 0.983198077977474, "log10_colsample_bytree": -0.041394664071341625, "log10_eta": -3.589284982690834, "log10_lambda": -4.087512695933826, "log10_min_child_weight": 3.1761775950025046, "log10_subsample": -0.18825699291947495, "max_depth": 6.0, "num_boost_round": 13.0}, "datetime": {"datetime": "2024-01-19 00:29:45", "elapsed": 1084.762562, "delta": 0.001372}}
{"target": -13.758534830665127, "params": {"gamma": 75.17007982023071, "log10_alpha": 0.983198077977474, "log10_colsample_bytree": -0.041394664071341625, "log10_eta": -3.589284982690834, "log10_lambda": -4.087512695933826, "log10_min_child_weight": 3.1761775950025046, "log10_subsample": -0.18825699291947495, "max_depth": 6.0, "num_boost_round": 14.0}, "datetime": {"datetime": "2024-01-19 00:29:45", "elapsed": 1084.763991, "delta": 0.001429}}
{"target": -13.758537992565252, "params": {"gamma": 87.88832659828074, "log10_alpha": -3.6620521118773364, "log10_colsample_bytree": -1.0, "log10_eta": -4.0, "log10_lambda": 0.7650637452715904, "log10_min_child_weight": 5.0, "log10_subsample": -0.49522593262978143, "max_depth": 2.0, "num_boost_round": 0.0}, "datetime": {"datetime": "2024-01-19 00:30:11", "elapsed": 1110.284667, "delta": 25.520676}}
{"target": -13.758537330481097, "params": {"gamma": 87.88832659828074, "log10_alpha": -3.6620521118773364, "log10_colsample_bytree": -1.0, "log10_eta": -4.0, "log10_lambda": 0.7650637452715904, "log10_min_child_weight": 5.0, "log10_subsample": -0.49522593262978143, "max_depth": 2.0, "num_boost_round": 1.0}, "datetime": {"datetime": "2024-01-19 00:30:11", "elapsed": 1110.286217, "delta": 0.00155}}
{"target": -13.75853695762251, "params": {"gamma": 87.88832659828074, "log10_alpha": -3.6620521118773364, "log10_colsample_bytree": -1.0, "log10_eta": -4.0, "log10_lambda": 0.7650637452715904, "log10_min_child_weight": 5.0, "log10_subsample": -0.49522593262978143, "max_depth": 2.0, "num_boost_round": 2.0}, "datetime": {"datetime": "2024-01-19 00:30:11", "elapsed": 1110.28791, "delta": 0.001693}}
{"target": -13.758536972882045, "params": {"gamma": 87.88832659828074, "log10_alpha": -3.6620521118773364, "log10_colsample_bytree": -1.0, "log10_eta": -4.0, "log10_lambda": 0.7650637452715904, "log10_min_child_weight": 5.0, "log10_subsample": -0.49522593262978143, "max_depth": 2.0, "num_boost_round": 3.0}, "datetime": {"datetime": "2024-01-19 00:30:11", "elapsed": 1110.289728, "delta": 0.001818}}
{"target": -13.758536664302833, "params": {"gamma": 87.88832659828074, "log10_alpha": -3.6620521118773364, "log10_colsample_bytree": -1.0, "log10_eta": -4.0, "log10_lambda": 0.7650637452715904, "log10_min_child_weight": 5.0, "log10_subsample": -0.49522593262978143, "max_depth": 2.0, "num_boost_round": 4.0}, "datetime": {"datetime": "2024-01-19 00:30:11", "elapsed": 1110.291344, "delta": 0.001616}}
{"target": -13.758536729597761, "params": {"gamma": 87.88832659828074, "log10_alpha": -3.6620521118773364, "log10_colsample_bytree": -1.0, "log10_eta": -4.0, "log10_lambda": 0.7650637452715904, "log10_min_child_weight": 5.0, "log10_subsample": -0.49522593262978143, "max_depth": 2.0, "num_boost_round": 5.0}, "datetime": {"datetime": "2024-01-19 00:30:11", "elapsed": 1110.292723, "delta": 0.001379}}
{"target": -13.758536606305848, "params": {"gamma": 87.88832659828074, "log10_alpha": -3.6620521118773364, "log10_colsample_bytree": -1.0, "log10_eta": -4.0, "log10_lambda": 0.7650637452715904, "log10_min_child_weight": 5.0, "log10_subsample": -0.49522593262978143, "max_depth": 2.0, "num_boost_round": 6.0}, "datetime": {"datetime": "2024-01-19 00:30:11", "elapsed": 1110.294256, "delta": 0.001533}}
{"target": -13.758536705142285, "params": {"gamma": 87.88832659828074, "log10_alpha": -3.6620521118773364, "log10_colsample_bytree": -1.0, "log10_eta": -4.0, "log10_lambda": 0.7650637452715904, "log10_min_child_weight": 5.0, "log10_subsample": -0.49522593262978143, "max_depth": 2.0, "num_boost_round": 7.0}, "datetime": {"datetime": "2024-01-19 00:30:11", "elapsed": 1110.295593, "delta": 0.001337}}
{"target": -13.758536452062968, "params": {"gamma": 87.88832659828074, "log10_alpha": -3.6620521118773364, "log10_colsample_bytree": -1.0, "log10_eta": -4.0, "log10_lambda": 0.7650637452715904, "log10_min_child_weight": 5.0, "log10_subsample": -0.49522593262978143, "max_depth": 2.0, "num_boost_round": 8.0}, "datetime": {"datetime": "2024-01-19 00:30:11", "elapsed": 1110.296954, "delta": 0.001361}}
{"target": -13.758536161847337, "params": {"gamma": 87.88832659828074, "log10_alpha": -3.6620521118773364, "log10_colsample_bytree": -1.0, "log10_eta": -4.0, "log10_lambda": 0.7650637452715904, "log10_min_child_weight": 5.0, "log10_subsample": -0.49522593262978143, "max_depth": 2.0, "num_boost_round": 9.0}, "datetime": {"datetime": "2024-01-19 00:30:11", "elapsed": 1110.298303, "delta": 0.001349}}
{"target": -13.758535888447176, "params": {"gamma": 87.88832659828074, "log10_alpha": -3.6620521118773364, "log10_colsample_bytree": -1.0, "log10_eta": -4.0, "log10_lambda": 0.7650637452715904, "log10_min_child_weight": 5.0, "log10_subsample": -0.49522593262978143, "max_depth": 2.0, "num_boost_round": 10.0}, "datetime": {"datetime": "2024-01-19 00:30:11", "elapsed": 1110.299671, "delta": 0.001368}}
{"target": -13.758535512489788, "params": {"gamma": 87.88832659828074, "log10_alpha": -3.6620521118773364, "log10_colsample_bytree": -1.0, "log10_eta": -4.0, "log10_lambda": 0.7650637452715904, "log10_min_child_weight": 5.0, "log10_subsample": -0.49522593262978143, "max_depth": 2.0, "num_boost_round": 11.0}, "datetime": {"datetime": "2024-01-19 00:30:11", "elapsed": 1110.301039, "delta": 0.001368}}
{"target": -13.758535587133554, "params": {"gamma": 87.88832659828074, "log10_alpha": -3.6620521118773364, "log10_colsample_bytree": -1.0, "log10_eta": -4.0, "log10_lambda": 0.7650637452715904, "log10_min_child_weight": 5.0, "log10_subsample": -0.49522593262978143, "max_depth": 2.0, "num_boost_round": 12.0}, "datetime": {"datetime": "2024-01-19 00:30:11", "elapsed": 1110.302451, "delta": 0.001412}}
{"target": -13.75853512493809, "params": {"gamma": 87.88832659828074, "log10_alpha": -3.6620521118773364, "log10_colsample_bytree": -1.0, "log10_eta": -4.0, "log10_lambda": 0.7650637452715904, "log10_min_child_weight": 5.0, "log10_subsample": -0.49522593262978143, "max_depth": 2.0, "num_boost_round": 13.0}, "datetime": {"datetime": "2024-01-19 00:30:11", "elapsed": 1110.30382, "delta": 0.001369}}
{"target": -13.758535111406871, "params": {"gamma": 87.88832659828074, "log10_alpha": -3.6620521118773364, "log10_colsample_bytree": -1.0, "log10_eta": -4.0, "log10_lambda": 0.7650637452715904, "log10_min_child_weight": 5.0, "log10_subsample": -0.49522593262978143, "max_depth": 2.0, "num_boost_round": 14.0}, "datetime": {"datetime": "2024-01-19 00:30:11", "elapsed": 1110.305195, "delta": 0.001375}}
{"target": -13.75853460952769, "params": {"gamma": 87.88832659828074, "log10_alpha": -3.6620521118773364, "log10_colsample_bytree": -1.0, "log10_eta": -4.0, "log10_lambda": 0.7650637452715904, "log10_min_child_weight": 5.0, "log10_subsample": -0.49522593262978143, "max_depth": 2.0, "num_boost_round": 15.0}, "datetime": {"datetime": "2024-01-19 00:30:11", "elapsed": 1110.306991, "delta": 0.001796}}
{"target": -13.758534499211255, "params": {"gamma": 87.88832659828074, "log10_alpha": -3.6620521118773364, "log10_colsample_bytree": -1.0, "log10_eta": -4.0, "log10_lambda": 0.7650637452715904, "log10_min_child_weight": 5.0, "log10_subsample": -0.49522593262978143, "max_depth": 2.0, "num_boost_round": 16.0}, "datetime": {"datetime": "2024-01-19 00:30:11", "elapsed": 1110.308529, "delta": 0.001538}}
{"target": -13.758534176491358, "params": {"gamma": 87.88832659828074, "log10_alpha": -3.6620521118773364, "log10_colsample_bytree": -1.0, "log10_eta": -4.0, "log10_lambda": 0.7650637452715904, "log10_min_child_weight": 5.0, "log10_subsample": -0.49522593262978143, "max_depth": 2.0, "num_boost_round": 17.0}, "datetime": {"datetime": "2024-01-19 00:30:11", "elapsed": 1110.309897, "delta": 0.001368}}
{"target": -13.758534084039397, "params": {"gamma": 87.88832659828074, "log10_alpha": -3.6620521118773364, "log10_colsample_bytree": -1.0, "log10_eta": -4.0, "log10_lambda": 0.7650637452715904, "log10_min_child_weight": 5.0, "log10_subsample": -0.49522593262978143, "max_depth": 2.0, "num_boost_round": 18.0}, "datetime": {"datetime": "2024-01-19 00:30:11", "elapsed": 1110.311272, "delta": 0.001375}}
{"target": -13.758533696910627, "params": {"gamma": 87.88832659828074, "log10_alpha": -3.6620521118773364, "log10_colsample_bytree": -1.0, "log10_eta": -4.0, "log10_lambda": 0.7650637452715904, "log10_min_child_weight": 5.0, "log10_subsample": -0.49522593262978143, "max_depth": 2.0, "num_boost_round": 19.0}, "datetime": {"datetime": "2024-01-19 00:30:11", "elapsed": 1110.312774, "delta": 0.001502}}
{"target": -13.758533377221156, "params": {"gamma": 87.88832659828074, "log10_alpha": -3.6620521118773364, "log10_colsample_bytree": -1.0, "log10_eta": -4.0, "log10_lambda": 0.7650637452715904, "log10_min_child_weight": 5.0, "log10_subsample": -0.49522593262978143, "max_depth": 2.0, "num_boost_round": 20.0}, "datetime": {"datetime": "2024-01-19 00:30:11", "elapsed": 1110.314154, "delta": 0.00138}}
{"target": -13.758533039619316, "params": {"gamma": 87.88832659828074, "log10_alpha": -3.6620521118773364, "log10_colsample_bytree": -1.0, "log10_eta": -4.0, "log10_lambda": 0.7650637452715904, "log10_min_child_weight": 5.0, "log10_subsample": -0.49522593262978143, "max_depth": 2.0, "num_boost_round": 21.0}, "datetime": {"datetime": "2024-01-19 00:30:11", "elapsed": 1110.315509, "delta": 0.001355}}
{"target": -13.758533320220847, "params": {"gamma": 87.88832659828074, "log10_alpha": -3.6620521118773364, "log10_colsample_bytree": -1.0, "log10_eta": -4.0, "log10_lambda": 0.7650637452715904, "log10_min_child_weight": 5.0, "log10_subsample": -0.49522593262978143, "max_depth": 2.0, "num_boost_round": 22.0}, "datetime": {"datetime": "2024-01-19 00:30:11", "elapsed": 1110.316905, "delta": 0.001396}}
{"target": -13.75853291600941, "params": {"gamma": 87.88832659828074, "log10_alpha": -3.6620521118773364, "log10_colsample_bytree": -1.0, "log10_eta": -4.0, "log10_lambda": 0.7650637452715904, "log10_min_child_weight": 5.0, "log10_subsample": -0.49522593262978143, "max_depth": 2.0, "num_boost_round": 23.0}, "datetime": {"datetime": "2024-01-19 00:30:11", "elapsed": 1110.318298, "delta": 0.001393}}
{"target": -13.758532985856316, "params": {"gamma": 87.88832659828074, "log10_alpha": -3.6620521118773364, "log10_colsample_bytree": -1.0, "log10_eta": -4.0, "log10_lambda": 0.7650637452715904, "log10_min_child_weight": 5.0, "log10_subsample": -0.49522593262978143, "max_depth": 2.0, "num_boost_round": 24.0}, "datetime": {"datetime": "2024-01-19 00:30:11", "elapsed": 1110.31969, "delta": 0.001392}}
{"target": -13.758532921857752, "params": {"gamma": 87.88832659828074, "log10_alpha": -3.6620521118773364, "log10_colsample_bytree": -1.0, "log10_eta": -4.0, "log10_lambda": 0.7650637452715904, "log10_min_child_weight": 5.0, "log10_subsample": -0.49522593262978143, "max_depth": 2.0, "num_boost_round": 25.0}, "datetime": {"datetime": "2024-01-19 00:30:11", "elapsed": 1110.321073, "delta": 0.001383}}
{"target": -13.75847078960557, "params": {"gamma": 714.5647410222499, "log10_alpha": -3.7691456089347892, "log10_colsample_bytree": -0.9276053649281988, "log10_eta": -2.854751910008964, "log10_lambda": -1.2555155770518298, "log10_min_child_weight": 1.618321644539621, "log10_subsample": -0.19459007357189584, "max_depth": 6.0, "num_boost_round": 0.0}, "datetime": {"datetime": "2024-01-19 00:30:58", "elapsed": 1157.103952, "delta": 46.782879}}
{"target": -13.758428054149869, "params": {"gamma": 714.5647410222499, "log10_alpha": -3.7691456089347892, "log10_colsample_bytree": -0.9276053649281988, "log10_eta": -2.854751910008964, "log10_lambda": -1.2555155770518298, "log10_min_child_weight": 1.618321644539621, "log10_subsample": -0.19459007357189584, "max_depth": 6.0, "num_boost_round": 1.0}, "datetime": {"datetime": "2024-01-19 00:30:58", "elapsed": 1157.105957, "delta": 0.002005}}
{"target": -13.75839657941095, "params": {"gamma": 714.5647410222499, "log10_alpha": -3.7691456089347892, "log10_colsample_bytree": -0.9276053649281988, "log10_eta": -2.854751910008964, "log10_lambda": -1.2555155770518298, "log10_min_child_weight": 1.618321644539621, "log10_subsample": -0.19459007357189584, "max_depth": 6.0, "num_boost_round": 2.0}, "datetime": {"datetime": "2024-01-19 00:30:58", "elapsed": 1157.107553, "delta": 0.001596}}
{"target": -13.758380891335703, "params": {"gamma": 714.5647410222499, "log10_alpha": -3.7691456089347892, "log10_colsample_bytree": -0.9276053649281988, "log10_eta": -2.854751910008964, "log10_lambda": -1.2555155770518298, "log10_min_child_weight": 1.618321644539621, "log10_subsample": -0.19459007357189584, "max_depth": 6.0, "num_boost_round": 3.0}, "datetime": {"datetime": "2024-01-19 00:30:58", "elapsed": 1157.10894, "delta": 0.001387}}
{"target": -13.75833898205858, "params": {"gamma": 714.5647410222499, "log10_alpha": -3.7691456089347892, "log10_colsample_bytree": -0.9276053649281988, "log10_eta": -2.854751910008964, "log10_lambda": -1.2555155770518298, "log10_min_child_weight": 1.618321644539621, "log10_subsample": -0.19459007357189584, "max_depth": 6.0, "num_boost_round": 4.0}, "datetime": {"datetime": "2024-01-19 00:30:58", "elapsed": 1157.110324, "delta": 0.001384}}
{"target": -13.758324606138848, "params": {"gamma": 714.5647410222499, "log10_alpha": -3.7691456089347892, "log10_colsample_bytree": -0.9276053649281988, "log10_eta": -2.854751910008964, "log10_lambda": -1.2555155770518298, "log10_min_child_weight": 1.618321644539621, "log10_subsample": -0.19459007357189584, "max_depth": 6.0, "num_boost_round": 5.0}, "datetime": {"datetime": "2024-01-19 00:30:58", "elapsed": 1157.111676, "delta": 0.001352}}
{"target": -13.75833299627386, "params": {"gamma": 714.5647410222499, "log10_alpha": -3.7691456089347892, "log10_colsample_bytree": -0.9276053649281988, "log10_eta": -2.854751910008964, "log10_lambda": -1.2555155770518298, "log10_min_child_weight": 1.618321644539621, "log10_subsample": -0.19459007357189584, "max_depth": 6.0, "num_boost_round": 6.0}, "datetime": {"datetime": "2024-01-19 00:30:58", "elapsed": 1157.11323, "delta": 0.001554}}
