{"target": -17.677217247011004, "params": {"gamma": 872.7601576395272, "log10_alpha": -1.1663197824179727, "log10_colsample_bytree": -0.6898112475654633, "log10_eta": -3.7345726193040356, "log10_lambda": -1.402934935679212, "log10_min_child_weight": 4.751848114046728, "log10_subsample": -0.09622641209602034, "max_depth": 9.0, "num_boost_round": 11.0}, "datetime": {"datetime": "2024-01-19 00:13:56", "elapsed": 117.222869, "delta": 0.000438}}
{"target": -17.67721826083486, "params": {"gamma": 872.7601576395272, "log10_alpha": -1.1663197824179727, "log10_colsample_bytree": -0.6898112475654633, "log10_eta": -3.7345726193040356, "log10_lambda": -1.402934935679212, "log10_min_child_weight": 4.751848114046728, "log10_subsample": -0.09622641209602034, "max_depth": 9.0, "num_boost_round": 12.0}, "datetime": {"datetime": "2024-01-19 00:13:56", "elapsed": 117.223291, "delta": 0.000422}}
{"target": -17.677219368237708, "params": {"gamma": 872.7601576395272, "log10_alpha": -1.1663197824179727, "log10_colsample_bytree": -0.6898112475654633, "log10_eta": -3.7345726193040356, "log10_lambda": -1.402934935679212, "log10_min_child_weight": 4.751848114046728, "log10_subsample": -0.09622641209602034, "max_depth": 9.0, "num_boost_round": 13.0}, "datetime": {"datetime": "2024-01-19 00:13:56", "elapsed": 117.223735, "delta": 0.000444}}
{"target": -17.677217753549133, "params": {"gamma": 872.7601576395272, "log10_alpha": -1.1663197824179727, "log10_colsample_bytree": -0.6898112475654633, "log10_eta": -3.7345726193040356, "log10_lambda": -1.402934935679212, "log10_min_child_weight": 4.751848114046728, "log10_subsample": -0.09622641209602034, "max_depth": 9.0, "num_boost_round": 14.0}, "datetime": {"datetime": "2024-01-19 00:13:56", "elapsed": 117.224162, "delta": 0.000427}}
{"target": -17.677213838026912, "params": {"gamma": 872.7601576395272, "log10_alpha": -1.1663197824179727, "log10_colsample_bytree": -0.6898112475654633, "log10_eta": -3.7345726193040356, "log10_lambda": -1.402934935679212, "log10_min_child_weight": 4.751848114046728, "log10_subsample": -0.09622641209602034, "max_depth": 9.0, "num_boost_round": 15.0}, "datetime": {"datetime": "2024-01-19 00:13:56", "elapsed": 117.224626, "delta": 0.000464}}
{"target": -17.677209863735197, "params": {"gamma": 872.7601576395272, "log10_alpha": -1.1663197824179727, "log10_colsample_bytree": -0.6898112475654633, "log10_eta": -3.7345726193040356, "log10_lambda": -1.402934935679212, "log10_min_child_weight": 4.751848114046728, "log10_subsample": -0.09622641209602034, "max_depth": 9.0, "num_boost_round": 16.0}, "datetime": {"datetime": "2024-01-19 00:13:56", "elapsed": 117.225127, "delta": 0.000501}}
{"target": -17.677208356649473, "params": {"gamma": 872.7601576395272, "log10_alpha": -1.1663197824179727, "log10_colsample_bytree": -0.6898112475654633, "log10_eta": -3.7345726193040356, "log10_lambda": -1.402934935679212, "log10_min_child_weight": 4.751848114046728, "log10_subsample": -0.09622641209602034, "max_depth": 9.0, "num_boost_round": 17.0}, "datetime": {"datetime": "2024-01-19 00:13:56", "elapsed": 117.225616, "delta": 0.000489}}
{"target": -17.675214559490005, "params": {"gamma": 878.0248299255464, "log10_alpha": 0.8390477683763784, "log10_colsample_bytree": -0.10323828792607159, "log10_eta": -1.6914588828438721, "log10_lambda": -1.9452805214048845, "log10_min_child_weight": 0.23595451559431546, "log10_subsample": -0.4872298468370102, "max_depth": 6.0, "num_boost_round": 0.0}, "datetime": {"datetime": "2024-01-19 00:14:17", "elapsed": 138.018322, "delta": 20.792706}}
{"target": -17.67344072260847, "params": {"gamma": 878.0248299255464, "log10_alpha": 0.8390477683763784, "log10_colsample_bytree": -0.10323828792607159, "log10_eta": -1.6914588828438721, "log10_lambda": -1.9452805214048845, "log10_min_child_weight": 0.23595451559431546, "log10_subsample": -0.4872298468370102, "max_depth": 6.0, "num_boost_round": 1.0}, "datetime": {"datetime": "2024-01-19 00:14:17", "elapsed": 138.018983, "delta": 0.000661}}
{"target": -17.672897686267895, "params": {"gamma": 878.0248299255464, "log10_alpha": 0.8390477683763784, "log10_colsample_bytree": -0.10323828792607159, "log10_eta": -1.6914588828438721, "log10_lambda": -1.9452805214048845, "log10_min_child_weight": 0.23595451559431546, "log10_subsample": -0.4872298468370102, "max_depth": 6.0, "num_boost_round": 2.0}, "datetime": {"datetime": "2024-01-19 00:14:17", "elapsed": 138.019448, "delta": 0.000465}}
{"target": -17.67320764366441, "params": {"gamma": 878.0248299255464, "log10_alpha": 0.8390477683763784, "log10_colsample_bytree": -0.10323828792607159, "log10_eta": -1.6914588828438721, "log10_lambda": -1.9452805214048845, "log10_min_child_weight": 0.23595451559431546, "log10_subsample": -0.4872298468370102, "max_depth": 6.0, "num_boost_round": 3.0}, "datetime": {"datetime": "2024-01-19 00:14:17", "elapsed": 138.019902, "delta": 0.000454}}
{"target": -17.672410533944532, "params": {"gamma": 878.0248299255464, "log10_alpha": 0.8390477683763784, "log10_colsample_bytree": -0.10323828792607159, "log10_eta": -1.6914588828438721, "log10_lambda": -1.9452805214048845, "log10_min_child_weight": 0.23595451559431546, "log10_subsample": -0.4872298468370102, "max_depth": 6.0, "num_boost_round": 4.0}, "datetime": {"datetime": "2024-01-19 00:14:17", "elapsed": 138.020712, "delta": 0.00081}}
{"target": -17.673461521647194, "params": {"gamma": 878.0248299255464, "log10_alpha": 0.8390477683763784, "log10_colsample_bytree": -0.10323828792607159, "log10_eta": -1.6914588828438721, "log10_lambda": -1.9452805214048845, "log10_min_child_weight": 0.23595451559431546, "log10_subsample": -0.4872298468370102, "max_depth": 6.0, "num_boost_round": 5.0}, "datetime": {"datetime": "2024-01-19 00:14:17", "elapsed": 138.021646, "delta": 0.000934}}
{"target": -17.674515909434994, "params": {"gamma": 878.0248299255464, "log10_alpha": 0.8390477683763784, "log10_colsample_bytree": -0.10323828792607159, "log10_eta": -1.6914588828438721, "log10_lambda": -1.9452805214048845, "log10_min_child_weight": 0.23595451559431546, "log10_subsample": -0.4872298468370102, "max_depth": 6.0, "num_boost_round": 6.0}, "datetime": {"datetime": "2024-01-19 00:14:17", "elapsed": 138.022235, "delta": 0.000589}}
{"target": -17.674283326924613, "params": {"gamma": 878.0248299255464, "log10_alpha": 0.8390477683763784, "log10_colsample_bytree": -0.10323828792607159, "log10_eta": -1.6914588828438721, "log10_lambda": -1.9452805214048845, "log10_min_child_weight": 0.23595451559431546, "log10_subsample": -0.4872298468370102, "max_depth": 6.0, "num_boost_round": 7.0}, "datetime": {"datetime": "2024-01-19 00:14:17", "elapsed": 138.022682, "delta": 0.000447}}
{"target": -17.674455043525438, "params": {"gamma": 878.0248299255464, "log10_alpha": 0.8390477683763784, "log10_colsample_bytree": -0.10323828792607159, "log10_eta": -1.6914588828438721, "log10_lambda": -1.9452805214048845, "log10_min_child_weight": 0.23595451559431546, "log10_subsample": -0.4872298468370102, "max_depth": 6.0, "num_boost_round": 8.0}, "datetime": {"datetime": "2024-01-19 00:14:17", "elapsed": 138.023116, "delta": 0.000434}}
{"target": -17.67522620122552, "params": {"gamma": 878.0248299255464, "log10_alpha": 0.8390477683763784, "log10_colsample_bytree": -0.10323828792607159, "log10_eta": -1.6914588828438721, "log10_lambda": -1.9452805214048845, "log10_min_child_weight": 0.23595451559431546, "log10_subsample": -0.4872298468370102, "max_depth": 6.0, "num_boost_round": 9.0}, "datetime": {"datetime": "2024-01-19 00:14:17", "elapsed": 138.023678, "delta": 0.000562}}
{"target": -17.675820209328045, "params": {"gamma": 878.0248299255464, "log10_alpha": 0.8390477683763784, "log10_colsample_bytree": -0.10323828792607159, "log10_eta": -1.6914588828438721, "log10_lambda": -1.9452805214048845, "log10_min_child_weight": 0.23595451559431546, "log10_subsample": -0.4872298468370102, "max_depth": 6.0, "num_boost_round": 10.0}, "datetime": {"datetime": "2024-01-19 00:14:17", "elapsed": 138.024112, "delta": 0.000434}}
{"target": -17.676526615751477, "params": {"gamma": 878.0248299255464, "log10_alpha": 0.8390477683763784, "log10_colsample_bytree": -0.10323828792607159, "log10_eta": -1.6914588828438721, "log10_lambda": -1.9452805214048845, "log10_min_child_weight": 0.23595451559431546, "log10_subsample": -0.4872298468370102, "max_depth": 6.0, "num_boost_round": 11.0}, "datetime": {"datetime": "2024-01-19 00:14:17", "elapsed": 138.024554, "delta": 0.000442}}
{"target": -17.677154500402185, "params": {"gamma": 871.2125084085054, "log10_alpha": -1.602114165714104, "log10_colsample_bytree": -0.38710400778504195, "log10_eta": -2.6642219386427457, "log10_lambda": -0.5476522179981327, "log10_min_child_weight": 2.163207480707581, "log10_subsample": -0.2650884658947865, "max_depth": 8.0, "num_boost_round": 0.0}, "datetime": {"datetime": "2024-01-19 00:14:41", "elapsed": 162.035416, "delta": 24.010862}}
{"target": -17.676948620446733, "params": {"gamma": 871.2125084085054, "log10_alpha": -1.602114165714104, "log10_colsample_bytree": -0.38710400778504195, "log10_eta": -2.6642219386427457, "log10_lambda": -0.5476522179981327, "log10_min_child_weight": 2.163207480707581, "log10_subsample": -0.2650884658947865, "max_depth": 8.0, "num_boost_round": 1.0}, "datetime": {"datetime": "2024-01-19 00:14:41", "elapsed": 162.03705, "delta": 0.001634}}
{"target": -17.67687469770771, "params": {"gamma": 871.2125084085054, "log10_alpha": -1.602114165714104, "log10_colsample_bytree": -0.38710400778504195, "log10_eta": -2.6642219386427457, "log10_lambda": -0.5476522179981327, "log10_min_child_weight": 2.163207480707581, "log10_subsample": -0.2650884658947865, "max_depth": 8.0, "num_boost_round": 2.0}, "datetime": {"datetime": "2024-01-19 00:14:41", "elapsed": 162.037534, "delta": 0.000484}}
{"target": -17.676852731613273, "params": {"gamma": 871.2125084085054, "log10_alpha": -1.602114165714104, "log10_colsample_bytree": -0.38710400778504195, "log10_eta": -2.6642219386427457, "log10_lambda": -0.5476522179981327, "log10_min_child_weight": 2.163207480707581, "log10_subsample": -0.2650884658947865, "max_depth": 8.0, "num_boost_round": 3.0}, "datetime": {"datetime": "2024-01-19 00:14:41", "elapsed": 162.037982, "delta": 0.000448}}
{"target": -17.676594764982827, "params": {"gamma": 871.2125084085054, "log10_alpha": -1.602114165714104, "log10_colsample_bytree": -0.38710400778504195, "log10_eta": -2.6642219386427457, "log10_lambda": -0.5476522179981327, "log10_min_child_weight": 2.163207480707581, "log10_subsample": -0.2650884658947865, "max_depth": 8.0, "num_boost_round": 4.0}, "datetime": {"datetime": "2024-01-19 00:14:41", "elapsed": 162.038557, "delta": 0.000575}}
{"target": -17.676533010941693, "params": {"gamma": 871.2125084085054, "log10_alpha": -1.602114165714104, "log10_colsample_bytree": -0.38710400778504195, "log10_eta": -2.6642219386427457, "log10_lambda": -0.5476522179981327, "log10_min_child_weight": 2.163207480707581, "log10_subsample": -0.2650884658947865, "max_depth": 8.0, "num_boost_round": 5.0}, "datetime": {"datetime": "2024-01-19 00:14:41", "elapsed": 162.039, "delta": 0.000443}}
{"target": -17.676466181185, "params": {"gamma": 871.2125084085054, "log10_alpha": -1.602114165714104, "log10_colsample_bytree": -0.38710400778504195, "log10_eta": -2.6642219386427457, "log10_lambda": -0.5476522179981327, "log10_min_child_weight": 2.163207480707581, "log10_subsample": -0.2650884658947865, "max_depth": 8.0, "num_boost_round": 6.0}, "datetime": {"datetime": "2024-01-19 00:14:41", "elapsed": 162.039445, "delta": 0.000445}}
{"target": -17.676336034146974, "params": {"gamma": 871.2125084085054, "log10_alpha": -1.602114165714104, "log10_colsample_bytree": -0.38710400778504195, "log10_eta": -2.6642219386427457, "log10_lambda": -0.5476522179981327, "log10_min_child_weight": 2.163207480707581, "log10_subsample": -0.2650884658947865, "max_depth": 8.0, "num_boost_round": 7.0}, "datetime": {"datetime": "2024-01-19 00:14:41", "elapsed": 162.039903, "delta": 0.000458}}
{"target": -17.676289328789288, "params": {"gamma": 871.2125084085054, "log10_alpha": -1.602114165714104, "log10_colsample_bytree": -0.38710400778504195, "log10_eta": -2.6642219386427457, "log10_lambda": -0.5476522179981327, "log10_min_child_weight": 2.163207480707581, "log10_subsample": -0.2650884658947865, "max_depth": 8.0, "num_boost_round": 8.0}, "datetime": {"datetime": "2024-01-19 00:14:41", "elapsed": 162.040363, "delta": 0.00046}}
{"target": -17.676170422569665, "params": {"gamma": 871.2125084085054, "log10_alpha": -1.602114165714104, "log10_colsample_bytree": -0.38710400778504195, "log10_eta": -2.6642219386427457, "log10_lambda": -0.5476522179981327, "log10_min_child_weight": 2.163207480707581, "log10_subsample": -0.2650884658947865, "max_depth": 8.0, "num_boost_round": 9.0}, "datetime": {"datetime": "2024-01-19 00:14:41", "elapsed": 162.040931, "delta": 0.000568}}
{"target": -17.675827434191778, "params": {"gamma": 871.2125084085054, "log10_alpha": -1.602114165714104, "log10_colsample_bytree": -0.38710400778504195, "log10_eta": -2.6642219386427457, "log10_lambda": -0.5476522179981327, "log10_min_child_weight": 2.163207480707581, "log10_subsample": -0.2650884658947865, "max_depth": 8.0, "num_boost_round": 10.0}, "datetime": {"datetime": "2024-01-19 00:14:41", "elapsed": 162.041386, "delta": 0.000455}}
{"target": -17.675827561544924, "params": {"gamma": 871.2125084085054, "log10_alpha": -1.602114165714104, "log10_colsample_bytree": -0.38710400778504195, "log10_eta": -2.6642219386427457, "log10_lambda": -0.5476522179981327, "log10_min_child_weight": 2.163207480707581, "log10_subsample": -0.2650884658947865, "max_depth": 8.0, "num_boost_round": 11.0}, "datetime": {"datetime": "2024-01-19 00:14:41", "elapsed": 162.041843, "delta": 0.000457}}
{"target": -17.675758138281893, "params": {"gamma": 871.2125084085054, "log10_alpha": -1.602114165714104, "log10_colsample_bytree": -0.38710400778504195, "log10_eta": -2.6642219386427457, "log10_lambda": -0.5476522179981327, "log10_min_child_weight": 2.163207480707581, "log10_subsample": -0.2650884658947865, "max_depth": 8.0, "num_boost_round": 12.0}, "datetime": {"datetime": "2024-01-19 00:14:41", "elapsed": 162.042294, "delta": 0.000451}}
{"target": -17.675748938004965, "params": {"gamma": 871.2125084085054, "log10_alpha": -1.602114165714104, "log10_colsample_bytree": -0.38710400778504195, "log10_eta": -2.6642219386427457, "log10_lambda": -0.5476522179981327, "log10_min_child_weight": 2.163207480707581, "log10_subsample": -0.2650884658947865, "max_depth": 8.0, "num_boost_round": 13.0}, "datetime": {"datetime": "2024-01-19 00:14:41", "elapsed": 162.042759, "delta": 0.000465}}
{"target": -17.675759538416717, "params": {"gamma": 871.2125084085054, "log10_alpha": -1.602114165714104, "log10_colsample_bytree": -0.38710400778504195, "log10_eta": -2.6642219386427457, "log10_lambda": -0.5476522179981327, "log10_min_child_weight": 2.163207480707581, "log10_subsample": -0.2650884658947865, "max_depth": 8.0, "num_boost_round": 14.0}, "datetime": {"datetime": "2024-01-19 00:14:41", "elapsed": 162.043261, "delta": 0.000502}}
{"target": -17.675758330078388, "params": {"gamma": 871.2125084085054, "log10_alpha": -1.602114165714104, "log10_colsample_bytree": -0.38710400778504195, "log10_eta": -2.6642219386427457, "log10_lambda": -0.5476522179981327, "log10_min_child_weight": 2.163207480707581, "log10_subsample": -0.2650884658947865, "max_depth": 8.0, "num_boost_round": 15.0}, "datetime": {"datetime": "2024-01-19 00:14:41", "elapsed": 162.04373, "delta": 0.000469}}
{"target": -17.6755847032121, "params": {"gamma": 871.2125084085054, "log10_alpha": -1.602114165714104, "log10_colsample_bytree": -0.38710400778504195, "log10_eta": -2.6642219386427457, "log10_lambda": -0.5476522179981327, "log10_min_child_weight": 2.163207480707581, "log10_subsample": -0.2650884658947865, "max_depth": 8.0, "num_boost_round": 16.0}, "datetime": {"datetime": "2024-01-19 00:14:41", "elapsed": 162.044187, "delta": 0.000457}}
{"target": -17.675641845596125, "params": {"gamma": 871.2125084085054, "log10_alpha": -1.602114165714104, "log10_colsample_bytree": -0.38710400778504195, "log10_eta": -2.6642219386427457, "log10_lambda": -0.5476522179981327, "log10_min_child_weight": 2.163207480707581, "log10_subsample": -0.2650884658947865, "max_depth": 8.0, "num_boost_round": 17.0}, "datetime": {"datetime": "2024-01-19 00:14:41", "elapsed": 162.044648, "delta": 0.000461}}
{"target": -17.67720557255228, "params": {"gamma": 877.2802110055138, "log10_alpha": -1.521529489645852, "log10_colsample_bytree": -0.0629094851851324, "log10_eta": -3.446907017145889, "log10_lambda": -4.635796805996272, "log10_min_child_weight": 0.16830445054947518, "log10_subsample": -0.07426426633873351, "max_depth": 7.0, "num_boost_round": 0.0}, "datetime": {"datetime": "2024-01-19 00:15:02", "elapsed": 182.894993, "delta": 20.850345}}
{"target": -17.677171705101056, "params": {"gamma": 877.2802110055138, "log10_alpha": -1.521529489645852, "log10_colsample_bytree": -0.0629094851851324, "log10_eta": -3.446907017145889, "log10_lambda": -4.635796805996272, "log10_min_child_weight": 0.16830445054947518, "log10_subsample": -0.07426426633873351, "max_depth": 7.0, "num_boost_round": 1.0}, "datetime": {"datetime": "2024-01-19 00:15:02", "elapsed": 182.895639, "delta": 0.000646}}
{"target": -17.677141335008585, "params": {"gamma": 877.2802110055138, "log10_alpha": -1.521529489645852, "log10_colsample_bytree": -0.0629094851851324, "log10_eta": -3.446907017145889, "log10_lambda": -4.635796805996272, "log10_min_child_weight": 0.16830445054947518, "log10_subsample": -0.07426426633873351, "max_depth": 7.0, "num_boost_round": 2.0}, "datetime": {"datetime": "2024-01-19 00:15:02", "elapsed": 182.896253, "delta": 0.000614}}
{"target": -17.677121180774087, "params": {"gamma": 877.2802110055138, "log10_alpha": -1.521529489645852, "log10_colsample_bytree": -0.0629094851851324, "log10_eta": -3.446907017145889, "log10_lambda": -4.635796805996272, "log10_min_child_weight": 0.16830445054947518, "log10_subsample": -0.07426426633873351, "max_depth": 7.0, "num_boost_round": 3.0}, "datetime": {"datetime": "2024-01-19 00:15:02", "elapsed": 182.896893, "delta": 0.00064}}
{"target": -17.677096600876617, "params": {"gamma": 877.2802110055138, "log10_alpha": -1.521529489645852, "log10_colsample_bytree": -0.0629094851851324, "log10_eta": -3.446907017145889, "log10_lambda": -4.635796805996272, "log10_min_child_weight": 0.16830445054947518, "log10_subsample": -0.07426426633873351, "max_depth": 7.0, "num_boost_round": 4.0}, "datetime": {"datetime": "2024-01-19 00:15:02", "elapsed": 182.897457, "delta": 0.000564}}
{"target": -17.677064453678508, "params": {"gamma": 877.2802110055138, "log10_alpha": -1.521529489645852, "log10_colsample_bytree": -0.0629094851851324, "log10_eta": -3.446907017145889, "log10_lambda": -4.635796805996272, "log10_min_child_weight": 0.16830445054947518, "log10_subsample": -0.07426426633873351, "max_depth": 7.0, "num_boost_round": 5.0}, "datetime": {"datetime": "2024-01-19 00:15:02", "elapsed": 182.898044, "delta": 0.000587}}
{"target": -17.677050663896217, "params": {"gamma": 877.2802110055138, "log10_alpha": -1.521529489645852, "log10_colsample_bytree": -0.0629094851851324, "log10_eta": -3.446907017145889, "log10_lambda": -4.635796805996272, "log10_min_child_weight": 0.16830445054947518, "log10_subsample": -0.07426426633873351, "max_depth": 7.0, "num_boost_round": 6.0}, "datetime": {"datetime": "2024-01-19 00:15:02", "elapsed": 182.898539, "delta": 0.000495}}
{"target": -17.677027536595624, "params": {"gamma": 877.2802110055138, "log10_alpha": -1.521529489645852, "log10_colsample_bytree": -0.0629094851851324, "log10_eta": -3.446907017145889, "log10_lambda": -4.635796805996272, "log10_min_child_weight": 0.16830445054947518, "log10_subsample": -0.07426426633873351, "max_depth": 7.0, "num_boost_round": 7.0}, "datetime": {"datetime": "2024-01-19 00:15:02", "elapsed": 182.899028, "delta": 0.000489}}
{"target": -17.677002410001112, "params": {"gamma": 877.2802110055138, "log10_alpha": -1.521529489645852, "log10_colsample_bytree": -0.0629094851851324, "log10_eta": -3.446907017145889, "log10_lambda": -4.635796805996272, "log10_min_child_weight": 0.16830445054947518, "log10_subsample": -0.07426426633873351, "max_depth": 7.0, "num_boost_round": 8.0}, "datetime": {"datetime": "2024-01-19 00:15:02", "elapsed": 182.899509, "delta": 0.000481}}
{"target": -17.676971630813018, "params": {"gamma": 877.2802110055138, "log10_alpha": -1.521529489645852, "log10_colsample_bytree": -0.0629094851851324, "log10_eta": -3.446907017145889, "log10_lambda": -4.635796805996272, "log10_min_child_weight": 0.16830445054947518, "log10_subsample": -0.07426426633873351, "max_depth": 7.0, "num_boost_round": 9.0}, "datetime": {"datetime": "2024-01-19 00:15:02", "elapsed": 182.900017, "delta": 0.000508}}
{"target": -17.676946799395235, "params": {"gamma": 876.8861833024077, "log10_alpha": -0.5687817456983737, "log10_colsample_bytree": -0.732802445051396, "log10_eta": -2.3468050441383896, "log10_lambda": -4.359459681626036, "log10_min_child_weight": 0.3458209298748882, "log10_subsample": -0.8557530971388575, "max_depth": 6.0, "num_boost_round": 0.0}, "datetime": {"datetime": "2024-01-19 00:15:24", "elapsed": 204.901899, "delta": 22.001882}}
{"target": -17.676950067662965, "params": {"gamma": 876.8861833024077, "log10_alpha": -0.5687817456983737, "log10_colsample_bytree": -0.732802445051396, "log10_eta": -2.3468050441383896, "log10_lambda": -4.359459681626036, "log10_min_child_weight": 0.3458209298748882, "log10_subsample": -0.8557530971388575, "max_depth": 6.0, "num_boost_round": 1.0}, "datetime": {"datetime": "2024-01-19 00:15:24", "elapsed": 204.902906, "delta": 0.001007}}
