{"target": -17.67722393706989, "params": {"gamma": 970.306590554168, "log10_alpha": -2.342398669051673, "log10_colsample_bytree": -1.0, "log10_eta": -4.0, "log10_lambda": 1.0, "log10_min_child_weight": 0.0, "log10_subsample": 0.0, "max_depth": 8.0, "num_boost_round": 2.0}, "datetime": {"datetime": "2024-01-19 00:43:04", "elapsed": 1878.770892, "delta": 0.107521}}
{"target": -17.677221790624976, "params": {"gamma": 970.306590554168, "log10_alpha": -2.342398669051673, "log10_colsample_bytree": -1.0, "log10_eta": -4.0, "log10_lambda": 1.0, "log10_min_child_weight": 0.0, "log10_subsample": 0.0, "max_depth": 8.0, "num_boost_round": 3.0}, "datetime": {"datetime": "2024-01-19 00:43:04", "elapsed": 1878.773521, "delta": 0.002629}}
{"target": -17.677215310055363, "params": {"gamma": 970.306590554168, "log10_alpha": -2.342398669051673, "log10_colsample_bytree": -1.0, "log10_eta": -4.0, "log10_lambda": 1.0, "log10_min_child_weight": 0.0, "log10_subsample": 0.0, "max_depth": 8.0, "num_boost_round": 4.0}, "datetime": {"datetime": "2024-01-19 00:43:04", "elapsed": 1878.775826, "delta": 0.002305}}
{"target": -17.677211782830394, "params": {"gamma": 970.306590554168, "log10_alpha": -2.342398669051673, "log10_colsample_bytree": -1.0, "log10_eta": -4.0, "log10_lambda": 1.0, "log10_min_child_weight": 0.0, "log10_subsample": 0.0, "max_depth": 8.0, "num_boost_round": 5.0}, "datetime": {"datetime": "2024-01-19 00:43:04", "elapsed": 1878.7782, "delta": 0.002374}}
{"target": -17.677216141880866, "params": {"gamma": 970.306590554168, "log10_alpha": -2.342398669051673, "log10_colsample_bytree": -1.0, "log10_eta": -4.0, "log10_lambda": 1.0, "log10_min_child_weight": 0.0, "log10_subsample": 0.0, "max_depth": 8.0, "num_boost_round": 6.0}, "datetime": {"datetime": "2024-01-19 00:43:04", "elapsed": 1878.780441, "delta": 0.002241}}
{"target": -17.677212533839747, "params": {"gamma": 970.306590554168, "log10_alpha": -2.342398669051673, "log10_colsample_bytree": -1.0, "log10_eta": -4.0, "log10_lambda": 1.0, "log10_min_child_weight": 0.0, "log10_subsample": 0.0, "max_depth": 8.0, "num_boost_round": 7.0}, "datetime": {"datetime": "2024-01-19 00:43:04", "elapsed": 1878.782707, "delta": 0.002266}}
{"target": -17.67721166439337, "params": {"gamma": 970.306590554168, "log10_alpha": -2.342398669051673, "log10_colsample_bytree": -1.0, "log10_eta": -4.0, "log10_lambda": 1.0, "log10_min_child_weight": 0.0, "log10_subsample": 0.0, "max_depth": 8.0, "num_boost_round": 8.0}, "datetime": {"datetime": "2024-01-19 00:43:04", "elapsed": 1878.785047, "delta": 0.00234}}
{"target": -17.67720465391998, "params": {"gamma": 970.306590554168, "log10_alpha": -2.342398669051673, "log10_colsample_bytree": -1.0, "log10_eta": -4.0, "log10_lambda": 1.0, "log10_min_child_weight": 0.0, "log10_subsample": 0.0, "max_depth": 8.0, "num_boost_round": 9.0}, "datetime": {"datetime": "2024-01-19 00:43:04", "elapsed": 1878.787324, "delta": 0.002277}}
{"target": -17.67719876121148, "params": {"gamma": 970.306590554168, "log10_alpha": -2.342398669051673, "log10_colsample_bytree": -1.0, "log10_eta": -4.0, "log10_lambda": 1.0, "log10_min_child_weight": 0.0, "log10_subsample": 0.0, "max_depth": 8.0, "num_boost_round": 10.0}, "datetime": {"datetime": "2024-01-19 00:43:04", "elapsed": 1878.78965, "delta": 0.002326}}
{"target": -17.6771945774709, "params": {"gamma": 970.306590554168, "log10_alpha": -2.342398669051673, "log10_colsample_bytree": -1.0, "log10_eta": -4.0, "log10_lambda": 1.0, "log10_min_child_weight": 0.0, "log10_subsample": 0.0, "max_depth": 8.0, "num_boost_round": 11.0}, "datetime": {"datetime": "2024-01-19 00:43:04", "elapsed": 1878.791976, "delta": 0.002326}}
{"target": -17.677186268878398, "params": {"gamma": 970.306590554168, "log10_alpha": -2.342398669051673, "log10_colsample_bytree": -1.0, "log10_eta": -4.0, "log10_lambda": 1.0, "log10_min_child_weight": 0.0, "log10_subsample": 0.0, "max_depth": 8.0, "num_boost_round": 12.0}, "datetime": {"datetime": "2024-01-19 00:43:04", "elapsed": 1878.794262, "delta": 0.002286}}
{"target": -17.677183450738454, "params": {"gamma": 970.306590554168, "log10_alpha": -2.342398669051673, "log10_colsample_bytree": -1.0, "log10_eta": -4.0, "log10_lambda": 1.0, "log10_min_child_weight": 0.0, "log10_subsample": 0.0, "max_depth": 8.0, "num_boost_round": 13.0}, "datetime": {"datetime": "2024-01-19 00:43:04", "elapsed": 1878.796557, "delta": 0.002295}}
{"target": -17.677174272579986, "params": {"gamma": 970.306590554168, "log10_alpha": -2.342398669051673, "log10_colsample_bytree": -1.0, "log10_eta": -4.0, "log10_lambda": 1.0, "log10_min_child_weight": 0.0, "log10_subsample": 0.0, "max_depth": 8.0, "num_boost_round": 14.0}, "datetime": {"datetime": "2024-01-19 00:43:04", "elapsed": 1878.798876, "delta": 0.002319}}
{"target": -17.6771715410734, "params": {"gamma": 970.306590554168, "log10_alpha": -2.342398669051673, "log10_colsample_bytree": -1.0, "log10_eta": -4.0, "log10_lambda": 1.0, "log10_min_child_weight": 0.0, "log10_subsample": 0.0, "max_depth": 8.0, "num_boost_round": 15.0}, "datetime": {"datetime": "2024-01-19 00:43:05", "elapsed": 1878.80119, "delta": 0.002314}}
{"target": -17.67716705910605, "params": {"gamma": 970.306590554168, "log10_alpha": -2.342398669051673, "log10_colsample_bytree": -1.0, "log10_eta": -4.0, "log10_lambda": 1.0, "log10_min_child_weight": 0.0, "log10_subsample": 0.0, "max_depth": 8.0, "num_boost_round": 16.0}, "datetime": {"datetime": "2024-01-19 00:43:05", "elapsed": 1878.803476, "delta": 0.002286}}
{"target": -17.677163505782936, "params": {"gamma": 970.306590554168, "log10_alpha": -2.342398669051673, "log10_colsample_bytree": -1.0, "log10_eta": -4.0, "log10_lambda": 1.0, "log10_min_child_weight": 0.0, "log10_subsample": 0.0, "max_depth": 8.0, "num_boost_round": 17.0}, "datetime": {"datetime": "2024-01-19 00:43:05", "elapsed": 1878.805812, "delta": 0.002336}}
{"target": -17.67716022126461, "params": {"gamma": 970.306590554168, "log10_alpha": -2.342398669051673, "log10_colsample_bytree": -1.0, "log10_eta": -4.0, "log10_lambda": 1.0, "log10_min_child_weight": 0.0, "log10_subsample": 0.0, "max_depth": 8.0, "num_boost_round": 18.0}, "datetime": {"datetime": "2024-01-19 00:43:05", "elapsed": 1878.808115, "delta": 0.002303}}
{"target": -17.677156845998176, "params": {"gamma": 970.306590554168, "log10_alpha": -2.342398669051673, "log10_colsample_bytree": -1.0, "log10_eta": -4.0, "log10_lambda": 1.0, "log10_min_child_weight": 0.0, "log10_subsample": 0.0, "max_depth": 8.0, "num_boost_round": 19.0}, "datetime": {"datetime": "2024-01-19 00:43:05", "elapsed": 1878.810418, "delta": 0.002303}}
{"target": -17.67715474159022, "params": {"gamma": 970.306590554168, "log10_alpha": -2.342398669051673, "log10_colsample_bytree": -1.0, "log10_eta": -4.0, "log10_lambda": 1.0, "log10_min_child_weight": 0.0, "log10_subsample": 0.0, "max_depth": 8.0, "num_boost_round": 20.0}, "datetime": {"datetime": "2024-01-19 00:43:05", "elapsed": 1878.812771, "delta": 0.002353}}
{"target": -17.677152157723942, "params": {"gamma": 970.306590554168, "log10_alpha": -2.342398669051673, "log10_colsample_bytree": -1.0, "log10_eta": -4.0, "log10_lambda": 1.0, "log10_min_child_weight": 0.0, "log10_subsample": 0.0, "max_depth": 8.0, "num_boost_round": 21.0}, "datetime": {"datetime": "2024-01-19 00:43:05", "elapsed": 1878.815062, "delta": 0.002291}}
{"target": -17.677142975384, "params": {"gamma": 970.306590554168, "log10_alpha": -2.342398669051673, "log10_colsample_bytree": -1.0, "log10_eta": -4.0, "log10_lambda": 1.0, "log10_min_child_weight": 0.0, "log10_subsample": 0.0, "max_depth": 8.0, "num_boost_round": 22.0}, "datetime": {"datetime": "2024-01-19 00:43:05", "elapsed": 1878.817355, "delta": 0.002293}}
{"target": -17.677064369389104, "params": {"gamma": 978.4522343950413, "log10_alpha": -1.5947504026316284, "log10_colsample_bytree": -0.7949099740395177, "log10_eta": -1.7589576801460964, "log10_lambda": -3.6594618382390944, "log10_min_child_weight": 4.237249217375409, "log10_subsample": -0.7594289434560897, "max_depth": 9.0, "num_boost_round": 0.0}, "datetime": {"datetime": "2024-01-19 00:43:36", "elapsed": 1910.70218, "delta": 31.884825}}
{"target": -17.67689328658221, "params": {"gamma": 978.4522343950413, "log10_alpha": -1.5947504026316284, "log10_colsample_bytree": -0.7949099740395177, "log10_eta": -1.7589576801460964, "log10_lambda": -3.6594618382390944, "log10_min_child_weight": 4.237249217375409, "log10_subsample": -0.7594289434560897, "max_depth": 9.0, "num_boost_round": 1.0}, "datetime": {"datetime": "2024-01-19 00:43:36", "elapsed": 1910.705039, "delta": 0.002859}}
{"target": -17.676758093326892, "params": {"gamma": 978.4522343950413, "log10_alpha": -1.5947504026316284, "log10_colsample_bytree": -0.7949099740395177, "log10_eta": -1.7589576801460964, "log10_lambda": -3.6594618382390944, "log10_min_child_weight": 4.237249217375409, "log10_subsample": -0.7594289434560897, "max_depth": 9.0, "num_boost_round": 2.0}, "datetime": {"datetime": "2024-01-19 00:43:36", "elapsed": 1910.707729, "delta": 0.00269}}
{"target": -17.67661332409467, "params": {"gamma": 978.4522343950413, "log10_alpha": -1.5947504026316284, "log10_colsample_bytree": -0.7949099740395177, "log10_eta": -1.7589576801460964, "log10_lambda": -3.6594618382390944, "log10_min_child_weight": 4.237249217375409, "log10_subsample": -0.7594289434560897, "max_depth": 9.0, "num_boost_round": 3.0}, "datetime": {"datetime": "2024-01-19 00:43:36", "elapsed": 1910.710261, "delta": 0.002532}}
{"target": -17.676537472602973, "params": {"gamma": 978.4522343950413, "log10_alpha": -1.5947504026316284, "log10_colsample_bytree": -0.7949099740395177, "log10_eta": -1.7589576801460964, "log10_lambda": -3.6594618382390944, "log10_min_child_weight": 4.237249217375409, "log10_subsample": -0.7594289434560897, "max_depth": 9.0, "num_boost_round": 4.0}, "datetime": {"datetime": "2024-01-19 00:43:36", "elapsed": 1910.712658, "delta": 0.002397}}
{"target": -17.67649008972447, "params": {"gamma": 978.4522343950413, "log10_alpha": -1.5947504026316284, "log10_colsample_bytree": -0.7949099740395177, "log10_eta": -1.7589576801460964, "log10_lambda": -3.6594618382390944, "log10_min_child_weight": 4.237249217375409, "log10_subsample": -0.7594289434560897, "max_depth": 9.0, "num_boost_round": 5.0}, "datetime": {"datetime": "2024-01-19 00:43:36", "elapsed": 1910.71501, "delta": 0.002352}}
{"target": -17.676551248388176, "params": {"gamma": 978.4522343950413, "log10_alpha": -1.5947504026316284, "log10_colsample_bytree": -0.7949099740395177, "log10_eta": -1.7589576801460964, "log10_lambda": -3.6594618382390944, "log10_min_child_weight": 4.237249217375409, "log10_subsample": -0.7594289434560897, "max_depth": 9.0, "num_boost_round": 6.0}, "datetime": {"datetime": "2024-01-19 00:43:36", "elapsed": 1910.717275, "delta": 0.002265}}
{"target": -17.67644316338949, "params": {"gamma": 978.4522343950413, "log10_alpha": -1.5947504026316284, "log10_colsample_bytree": -0.7949099740395177, "log10_eta": -1.7589576801460964, "log10_lambda": -3.6594618382390944, "log10_min_child_weight": 4.237249217375409, "log10_subsample": -0.7594289434560897, "max_depth": 9.0, "num_boost_round": 7.0}, "datetime": {"datetime": "2024-01-19 00:43:36", "elapsed": 1910.719533, "delta": 0.002258}}
{"target": -17.67644118924652, "params": {"gamma": 978.4522343950413, "log10_alpha": -1.5947504026316284, "log10_colsample_bytree": -0.7949099740395177, "log10_eta": -1.7589576801460964, "log10_lambda": -3.6594618382390944, "log10_min_child_weight": 4.237249217375409, "log10_subsample": -0.7594289434560897, "max_depth": 9.0, "num_boost_round": 8.0}, "datetime": {"datetime": "2024-01-19 00:43:36", "elapsed": 1910.721791, "delta": 0.002258}}
{"target": -17.676385683189515, "params": {"gamma": 978.4522343950413, "log10_alpha": -1.5947504026316284, "log10_colsample_bytree": -0.7949099740395177, "log10_eta": -1.7589576801460964, "log10_lambda": -3.6594618382390944, "log10_min_child_weight": 4.237249217375409, "log10_subsample": -0.7594289434560897, "max_depth": 9.0, "num_boost_round": 9.0}, "datetime": {"datetime": "2024-01-19 00:43:36", "elapsed": 1910.724083, "delta": 0.002292}}
{"target": -17.67644153088302, "params": {"gamma": 978.4522343950413, "log10_alpha": -1.5947504026316284, "log10_colsample_bytree": -0.7949099740395177, "log10_eta": -1.7589576801460964, "log10_lambda": -3.6594618382390944, "log10_min_child_weight": 4.237249217375409, "log10_subsample": -0.7594289434560897, "max_depth": 9.0, "num_boost_round": 10.0}, "datetime": {"datetime": "2024-01-19 00:43:36", "elapsed": 1910.726333, "delta": 0.00225}}
{"target": -17.676215138035563, "params": {"gamma": 978.4522343950413, "log10_alpha": -1.5947504026316284, "log10_colsample_bytree": -0.7949099740395177, "log10_eta": -1.7589576801460964, "log10_lambda": -3.6594618382390944, "log10_min_child_weight": 4.237249217375409, "log10_subsample": -0.7594289434560897, "max_depth": 9.0, "num_boost_round": 11.0}, "datetime": {"datetime": "2024-01-19 00:43:36", "elapsed": 1910.728596, "delta": 0.002263}}
{"target": -17.676173348325616, "params": {"gamma": 978.4522343950413, "log10_alpha": -1.5947504026316284, "log10_colsample_bytree": -0.7949099740395177, "log10_eta": -1.7589576801460964, "log10_lambda": -3.6594618382390944, "log10_min_child_weight": 4.237249217375409, "log10_subsample": -0.7594289434560897, "max_depth": 9.0, "num_boost_round": 12.0}, "datetime": {"datetime": "2024-01-19 00:43:36", "elapsed": 1910.731013, "delta": 0.002417}}
{"target": -17.67618035396655, "params": {"gamma": 978.4522343950413, "log10_alpha": -1.5947504026316284, "log10_colsample_bytree": -0.7949099740395177, "log10_eta": -1.7589576801460964, "log10_lambda": -3.6594618382390944, "log10_min_child_weight": 4.237249217375409, "log10_subsample": -0.7594289434560897, "max_depth": 9.0, "num_boost_round": 13.0}, "datetime": {"datetime": "2024-01-19 00:43:36", "elapsed": 1910.73326, "delta": 0.002247}}
{"target": -17.67619779240086, "params": {"gamma": 978.4522343950413, "log10_alpha": -1.5947504026316284, "log10_colsample_bytree": -0.7949099740395177, "log10_eta": -1.7589576801460964, "log10_lambda": -3.6594618382390944, "log10_min_child_weight": 4.237249217375409, "log10_subsample": -0.7594289434560897, "max_depth": 9.0, "num_boost_round": 14.0}, "datetime": {"datetime": "2024-01-19 00:43:36", "elapsed": 1910.735513, "delta": 0.002253}}
{"target": -17.676126150439288, "params": {"gamma": 978.4522343950413, "log10_alpha": -1.5947504026316284, "log10_colsample_bytree": -0.7949099740395177, "log10_eta": -1.7589576801460964, "log10_lambda": -3.6594618382390944, "log10_min_child_weight": 4.237249217375409, "log10_subsample": -0.7594289434560897, "max_depth": 9.0, "num_boost_round": 15.0}, "datetime": {"datetime": "2024-01-19 00:43:36", "elapsed": 1910.737765, "delta": 0.002252}}
{"target": -17.675912650076764, "params": {"gamma": 978.4522343950413, "log10_alpha": -1.5947504026316284, "log10_colsample_bytree": -0.7949099740395177, "log10_eta": -1.7589576801460964, "log10_lambda": -3.6594618382390944, "log10_min_child_weight": 4.237249217375409, "log10_subsample": -0.7594289434560897, "max_depth": 9.0, "num_boost_round": 16.0}, "datetime": {"datetime": "2024-01-19 00:43:36", "elapsed": 1910.74002, "delta": 0.002255}}
{"target": -17.67577627964268, "params": {"gamma": 978.4522343950413, "log10_alpha": -1.5947504026316284, "log10_colsample_bytree": -0.7949099740395177, "log10_eta": -1.7589576801460964, "log10_lambda": -3.6594618382390944, "log10_min_child_weight": 4.237249217375409, "log10_subsample": -0.7594289434560897, "max_depth": 9.0, "num_boost_round": 17.0}, "datetime": {"datetime": "2024-01-19 00:43:36", "elapsed": 1910.742383, "delta": 0.002363}}
{"target": -17.675542791347336, "params": {"gamma": 978.4522343950413, "log10_alpha": -1.5947504026316284, "log10_colsample_bytree": -0.7949099740395177, "log10_eta": -1.7589576801460964, "log10_lambda": -3.6594618382390944, "log10_min_child_weight": 4.237249217375409, "log10_subsample": -0.7594289434560897, "max_depth": 9.0, "num_boost_round": 18.0}, "datetime": {"datetime": "2024-01-19 00:43:36", "elapsed": 1910.744659, "delta": 0.002276}}
{"target": -17.67539167811353, "params": {"gamma": 978.4522343950413, "log10_alpha": -1.5947504026316284, "log10_colsample_bytree": -0.7949099740395177, "log10_eta": -1.7589576801460964, "log10_lambda": -3.6594618382390944, "log10_min_child_weight": 4.237249217375409, "log10_subsample": -0.7594289434560897, "max_depth": 9.0, "num_boost_round": 19.0}, "datetime": {"datetime": "2024-01-19 00:43:36", "elapsed": 1910.746914, "delta": 0.002255}}
{"target": -17.675558086397086, "params": {"gamma": 978.4522343950413, "log10_alpha": -1.5947504026316284, "log10_colsample_bytree": -0.7949099740395177, "log10_eta": -1.7589576801460964, "log10_lambda": -3.6594618382390944, "log10_min_child_weight": 4.237249217375409, "log10_subsample": -0.7594289434560897, "max_depth": 9.0, "num_boost_round": 20.0}, "datetime": {"datetime": "2024-01-19 00:43:36", "elapsed": 1910.749194, "delta": 0.00228}}
{"target": -17.67544520058102, "params": {"gamma": 978.4522343950413, "log10_alpha": -1.5947504026316284, "log10_colsample_bytree": -0.7949099740395177, "log10_eta": -1.7589576801460964, "log10_lambda": -3.6594618382390944, "log10_min_child_weight": 4.237249217375409, "log10_subsample": -0.7594289434560897, "max_depth": 9.0, "num_boost_round": 21.0}, "datetime": {"datetime": "2024-01-19 00:43:36", "elapsed": 1910.751578, "delta": 0.002384}}
{"target": -17.67541853712527, "params": {"gamma": 978.4522343950413, "log10_alpha": -1.5947504026316284, "log10_colsample_bytree": -0.7949099740395177, "log10_eta": -1.7589576801460964, "log10_lambda": -3.6594618382390944, "log10_min_child_weight": 4.237249217375409, "log10_subsample": -0.7594289434560897, "max_depth": 9.0, "num_boost_round": 22.0}, "datetime": {"datetime": "2024-01-19 00:43:36", "elapsed": 1910.753849, "delta": 0.002271}}
{"target": -17.675213393628987, "params": {"gamma": 978.4522343950413, "log10_alpha": -1.5947504026316284, "log10_colsample_bytree": -0.7949099740395177, "log10_eta": -1.7589576801460964, "log10_lambda": -3.6594618382390944, "log10_min_child_weight": 4.237249217375409, "log10_subsample": -0.7594289434560897, "max_depth": 9.0, "num_boost_round": 23.0}, "datetime": {"datetime": "2024-01-19 00:43:36", "elapsed": 1910.756116, "delta": 0.002267}}
{"target": -17.675286500145187, "params": {"gamma": 978.4522343950413, "log10_alpha": -1.5947504026316284, "log10_colsample_bytree": -0.7949099740395177, "log10_eta": -1.7589576801460964, "log10_lambda": -3.6594618382390944, "log10_min_child_weight": 4.237249217375409, "log10_subsample": -0.7594289434560897, "max_depth": 9.0, "num_boost_round": 24.0}, "datetime": {"datetime": "2024-01-19 00:43:36", "elapsed": 1910.758386, "delta": 0.00227}}
{"target": -17.675192724454178, "params": {"gamma": 978.4522343950413, "log10_alpha": -1.5947504026316284, "log10_colsample_bytree": -0.7949099740395177, "log10_eta": -1.7589576801460964, "log10_lambda": -3.6594618382390944, "log10_min_child_weight": 4.237249217375409, "log10_subsample": -0.7594289434560897, "max_depth": 9.0, "num_boost_round": 25.0}, "datetime": {"datetime": "2024-01-19 00:43:36", "elapsed": 1910.760653, "delta": 0.002267}}
{"target": -17.675308421632497, "params": {"gamma": 978.4522343950413, "log10_alpha": -1.5947504026316284, "log10_colsample_bytree": -0.7949099740395177, "log10_eta": -1.7589576801460964, "log10_lambda": -3.6594618382390944, "log10_min_child_weight": 4.237249217375409, "log10_subsample": -0.7594289434560897, "max_depth": 9.0, "num_boost_round": 26.0}, "datetime": {"datetime": "2024-01-19 00:43:36", "elapsed": 1910.762986, "delta": 0.002333}}
{"target": -17.67525343047976, "params": {"gamma": 978.4522343950413, "log10_alpha": -1.5947504026316284, "log10_colsample_bytree": -0.7949099740395177, "log10_eta": -1.7589576801460964, "log10_lambda": -3.6594618382390944, "log10_min_child_weight": 4.237249217375409, "log10_subsample": -0.7594289434560897, "max_depth": 9.0, "num_boost_round": 27.0}, "datetime": {"datetime": "2024-01-19 00:43:36", "elapsed": 1910.765316, "delta": 0.00233}}
{"target": -17.676228434293236, "params": {"gamma": 971.497900151784, "log10_alpha": -0.19479340663115963, "log10_colsample_bytree": -0.7182196181580275, "log10_eta": -1.5169137137642408, "log10_lambda": -4.547894908514155, "log10_min_child_weight": 2.740243042355393, "log10_subsample": -0.8661520901668807, "max_depth": 2.0, "num_boost_round": 0.0}, "datetime": {"datetime": "2024-01-19 00:44:02", "elapsed": 1936.255347, "delta": 25.490031}}
{"target": -17.675532691480093, "params": {"gamma": 971.497900151784, "log10_alpha": -0.19479340663115963, "log10_colsample_bytree": -0.7182196181580275, "log10_eta": -1.5169137137642408, "log10_lambda": -4.547894908514155, "log10_min_child_weight": 2.740243042355393, "log10_subsample": -0.8661520901668807, "max_depth": 2.0, "num_boost_round": 1.0}, "datetime": {"datetime": "2024-01-19 00:44:02", "elapsed": 1936.257953, "delta": 0.002606}}
{"target": -17.675272844351472, "params": {"gamma": 971.497900151784, "log10_alpha": -0.19479340663115963, "log10_colsample_bytree": -0.7182196181580275, "log10_eta": -1.5169137137642408, "log10_lambda": -4.547894908514155, "log10_min_child_weight": 2.740243042355393, "log10_subsample": -0.8661520901668807, "max_depth": 2.0, "num_boost_round": 2.0}, "datetime": {"datetime": "2024-01-19 00:44:02", "elapsed": 1936.260564, "delta": 0.002611}}
{"target": -17.67574762448869, "params": {"gamma": 971.497900151784, "log10_alpha": -0.19479340663115963, "log10_colsample_bytree": -0.7182196181580275, "log10_eta": -1.5169137137642408, "log10_lambda": -4.547894908514155, "log10_min_child_weight": 2.740243042355393, "log10_subsample": -0.8661520901668807, "max_depth": 2.0, "num_boost_round": 3.0}, "datetime": {"datetime": "2024-01-19 00:44:02", "elapsed": 1936.263143, "delta": 0.002579}}
