{"target": -17.675769482857653, "params": {"gamma": 761.1930547820123, "log10_alpha": -2.7575886743784874, "log10_colsample_bytree": -0.32184447751825507, "log10_eta": -0.7576443824410677, "log10_lambda": -3.9170216742230077, "log10_min_child_weight": 4.856757932582466, "log10_subsample": -0.3305270854977369, "max_depth": 5.0, "num_boost_round": 5.0}, "datetime": {"datetime": "2024-01-19 00:15:10", "elapsed": 215.507135, "delta": 0.000342}}
{"target": -17.67675647424836, "params": {"gamma": 761.1930547820123, "log10_alpha": -2.7575886743784874, "log10_colsample_bytree": -0.32184447751825507, "log10_eta": -0.7576443824410677, "log10_lambda": -3.9170216742230077, "log10_min_child_weight": 4.856757932582466, "log10_subsample": -0.3305270854977369, "max_depth": 5.0, "num_boost_round": 6.0}, "datetime": {"datetime": "2024-01-19 00:15:10", "elapsed": 215.507476, "delta": 0.000341}}
{"target": -17.678078304129116, "params": {"gamma": 761.1930547820123, "log10_alpha": -2.7575886743784874, "log10_colsample_bytree": -0.32184447751825507, "log10_eta": -0.7576443824410677, "log10_lambda": -3.9170216742230077, "log10_min_child_weight": 4.856757932582466, "log10_subsample": -0.3305270854977369, "max_depth": 5.0, "num_boost_round": 7.0}, "datetime": {"datetime": "2024-01-19 00:15:10", "elapsed": 215.507831, "delta": 0.000355}}
{"target": -17.680469552396595, "params": {"gamma": 761.1930547820123, "log10_alpha": -2.7575886743784874, "log10_colsample_bytree": -0.32184447751825507, "log10_eta": -0.7576443824410677, "log10_lambda": -3.9170216742230077, "log10_min_child_weight": 4.856757932582466, "log10_subsample": -0.3305270854977369, "max_depth": 5.0, "num_boost_round": 8.0}, "datetime": {"datetime": "2024-01-19 00:15:10", "elapsed": 215.508174, "delta": 0.000343}}
{"target": -17.680990254056272, "params": {"gamma": 761.1930547820123, "log10_alpha": -2.7575886743784874, "log10_colsample_bytree": -0.32184447751825507, "log10_eta": -0.7576443824410677, "log10_lambda": -3.9170216742230077, "log10_min_child_weight": 4.856757932582466, "log10_subsample": -0.3305270854977369, "max_depth": 5.0, "num_boost_round": 9.0}, "datetime": {"datetime": "2024-01-19 00:15:10", "elapsed": 215.508513, "delta": 0.000339}}
{"target": -17.683307440876735, "params": {"gamma": 761.1930547820123, "log10_alpha": -2.7575886743784874, "log10_colsample_bytree": -0.32184447751825507, "log10_eta": -0.7576443824410677, "log10_lambda": -3.9170216742230077, "log10_min_child_weight": 4.856757932582466, "log10_subsample": -0.3305270854977369, "max_depth": 5.0, "num_boost_round": 10.0}, "datetime": {"datetime": "2024-01-19 00:15:10", "elapsed": 215.508863, "delta": 0.00035}}
{"target": -17.68298288890055, "params": {"gamma": 761.1930547820123, "log10_alpha": -2.7575886743784874, "log10_colsample_bytree": -0.32184447751825507, "log10_eta": -0.7576443824410677, "log10_lambda": -3.9170216742230077, "log10_min_child_weight": 4.856757932582466, "log10_subsample": -0.3305270854977369, "max_depth": 5.0, "num_boost_round": 11.0}, "datetime": {"datetime": "2024-01-19 00:15:10", "elapsed": 215.509205, "delta": 0.000342}}
{"target": -17.67724903893978, "params": {"gamma": 761.6108916413305, "log10_alpha": -0.6320163445752485, "log10_colsample_bytree": -0.2852429269425343, "log10_eta": -3.2856413187715114, "log10_lambda": -1.163896228341609, "log10_min_child_weight": 1.5670933490219392, "log10_subsample": -0.19812262461872543, "max_depth": 8.0, "num_boost_round": 0.0}, "datetime": {"datetime": "2024-01-19 00:15:33", "elapsed": 237.522127, "delta": 22.012922}}
{"target": -17.67722167691654, "params": {"gamma": 761.6108916413305, "log10_alpha": -0.6320163445752485, "log10_colsample_bytree": -0.2852429269425343, "log10_eta": -3.2856413187715114, "log10_lambda": -1.163896228341609, "log10_min_child_weight": 1.5670933490219392, "log10_subsample": -0.19812262461872543, "max_depth": 8.0, "num_boost_round": 1.0}, "datetime": {"datetime": "2024-01-19 00:15:33", "elapsed": 237.522701, "delta": 0.000574}}
{"target": -17.677206844299402, "params": {"gamma": 761.6108916413305, "log10_alpha": -0.6320163445752485, "log10_colsample_bytree": -0.2852429269425343, "log10_eta": -3.2856413187715114, "log10_lambda": -1.163896228341609, "log10_min_child_weight": 1.5670933490219392, "log10_subsample": -0.19812262461872543, "max_depth": 8.0, "num_boost_round": 2.0}, "datetime": {"datetime": "2024-01-19 00:15:33", "elapsed": 237.523081, "delta": 0.00038}}
{"target": -17.677187808991583, "params": {"gamma": 761.6108916413305, "log10_alpha": -0.6320163445752485, "log10_colsample_bytree": -0.2852429269425343, "log10_eta": -3.2856413187715114, "log10_lambda": -1.163896228341609, "log10_min_child_weight": 1.5670933490219392, "log10_subsample": -0.19812262461872543, "max_depth": 8.0, "num_boost_round": 3.0}, "datetime": {"datetime": "2024-01-19 00:15:33", "elapsed": 237.523452, "delta": 0.000371}}
{"target": -17.677200642375563, "params": {"gamma": 761.6108916413305, "log10_alpha": -0.6320163445752485, "log10_colsample_bytree": -0.2852429269425343, "log10_eta": -3.2856413187715114, "log10_lambda": -1.163896228341609, "log10_min_child_weight": 1.5670933490219392, "log10_subsample": -0.19812262461872543, "max_depth": 8.0, "num_boost_round": 4.0}, "datetime": {"datetime": "2024-01-19 00:15:33", "elapsed": 237.523821, "delta": 0.000369}}
{"target": -17.677154784981635, "params": {"gamma": 761.6108916413305, "log10_alpha": -0.6320163445752485, "log10_colsample_bytree": -0.2852429269425343, "log10_eta": -3.2856413187715114, "log10_lambda": -1.163896228341609, "log10_min_child_weight": 1.5670933490219392, "log10_subsample": -0.19812262461872543, "max_depth": 8.0, "num_boost_round": 5.0}, "datetime": {"datetime": "2024-01-19 00:15:33", "elapsed": 237.524177, "delta": 0.000356}}
{"target": -17.677163182079266, "params": {"gamma": 761.6108916413305, "log10_alpha": -0.6320163445752485, "log10_colsample_bytree": -0.2852429269425343, "log10_eta": -3.2856413187715114, "log10_lambda": -1.163896228341609, "log10_min_child_weight": 1.5670933490219392, "log10_subsample": -0.19812262461872543, "max_depth": 8.0, "num_boost_round": 6.0}, "datetime": {"datetime": "2024-01-19 00:15:33", "elapsed": 237.524536, "delta": 0.000359}}
{"target": -17.67714091658408, "params": {"gamma": 761.6108916413305, "log10_alpha": -0.6320163445752485, "log10_colsample_bytree": -0.2852429269425343, "log10_eta": -3.2856413187715114, "log10_lambda": -1.163896228341609, "log10_min_child_weight": 1.5670933490219392, "log10_subsample": -0.19812262461872543, "max_depth": 8.0, "num_boost_round": 7.0}, "datetime": {"datetime": "2024-01-19 00:15:33", "elapsed": 237.525013, "delta": 0.000477}}
{"target": -17.67710101031034, "params": {"gamma": 761.6108916413305, "log10_alpha": -0.6320163445752485, "log10_colsample_bytree": -0.2852429269425343, "log10_eta": -3.2856413187715114, "log10_lambda": -1.163896228341609, "log10_min_child_weight": 1.5670933490219392, "log10_subsample": -0.19812262461872543, "max_depth": 8.0, "num_boost_round": 8.0}, "datetime": {"datetime": "2024-01-19 00:15:33", "elapsed": 237.525383, "delta": 0.00037}}
{"target": -17.677081235086266, "params": {"gamma": 761.6108916413305, "log10_alpha": -0.6320163445752485, "log10_colsample_bytree": -0.2852429269425343, "log10_eta": -3.2856413187715114, "log10_lambda": -1.163896228341609, "log10_min_child_weight": 1.5670933490219392, "log10_subsample": -0.19812262461872543, "max_depth": 8.0, "num_boost_round": 9.0}, "datetime": {"datetime": "2024-01-19 00:15:33", "elapsed": 237.525756, "delta": 0.000373}}
{"target": -17.67704169382821, "params": {"gamma": 761.6108916413305, "log10_alpha": -0.6320163445752485, "log10_colsample_bytree": -0.2852429269425343, "log10_eta": -3.2856413187715114, "log10_lambda": -1.163896228341609, "log10_min_child_weight": 1.5670933490219392, "log10_subsample": -0.19812262461872543, "max_depth": 8.0, "num_boost_round": 10.0}, "datetime": {"datetime": "2024-01-19 00:15:33", "elapsed": 237.526127, "delta": 0.000371}}
{"target": -17.676668657278697, "params": {"gamma": 758.2183594665189, "log10_alpha": -2.3981234856051925, "log10_colsample_bytree": -0.7279594945183033, "log10_eta": -1.7188906111066227, "log10_lambda": -0.15375761316426484, "log10_min_child_weight": 0.8385781309644297, "log10_subsample": -0.2517691197305415, "max_depth": 2.0, "num_boost_round": 0.0}, "datetime": {"datetime": "2024-01-19 00:15:52", "elapsed": 256.996036, "delta": 19.469909}}
{"target": -17.676365462499916, "params": {"gamma": 758.2183594665189, "log10_alpha": -2.3981234856051925, "log10_colsample_bytree": -0.7279594945183033, "log10_eta": -1.7188906111066227, "log10_lambda": -0.15375761316426484, "log10_min_child_weight": 0.8385781309644297, "log10_subsample": -0.2517691197305415, "max_depth": 2.0, "num_boost_round": 1.0}, "datetime": {"datetime": "2024-01-19 00:15:52", "elapsed": 256.99686, "delta": 0.000824}}
{"target": -17.675977690366153, "params": {"gamma": 758.2183594665189, "log10_alpha": -2.3981234856051925, "log10_colsample_bytree": -0.7279594945183033, "log10_eta": -1.7188906111066227, "log10_lambda": -0.15375761316426484, "log10_min_child_weight": 0.8385781309644297, "log10_subsample": -0.2517691197305415, "max_depth": 2.0, "num_boost_round": 2.0}, "datetime": {"datetime": "2024-01-19 00:15:52", "elapsed": 256.997367, "delta": 0.000507}}
{"target": -17.675878015487978, "params": {"gamma": 758.2183594665189, "log10_alpha": -2.3981234856051925, "log10_colsample_bytree": -0.7279594945183033, "log10_eta": -1.7188906111066227, "log10_lambda": -0.15375761316426484, "log10_min_child_weight": 0.8385781309644297, "log10_subsample": -0.2517691197305415, "max_depth": 2.0, "num_boost_round": 3.0}, "datetime": {"datetime": "2024-01-19 00:15:52", "elapsed": 256.997757, "delta": 0.00039}}
{"target": -17.675316196523344, "params": {"gamma": 758.2183594665189, "log10_alpha": -2.3981234856051925, "log10_colsample_bytree": -0.7279594945183033, "log10_eta": -1.7188906111066227, "log10_lambda": -0.15375761316426484, "log10_min_child_weight": 0.8385781309644297, "log10_subsample": -0.2517691197305415, "max_depth": 2.0, "num_boost_round": 4.0}, "datetime": {"datetime": "2024-01-19 00:15:52", "elapsed": 256.99814, "delta": 0.000383}}
{"target": -17.67523052950761, "params": {"gamma": 758.2183594665189, "log10_alpha": -2.3981234856051925, "log10_colsample_bytree": -0.7279594945183033, "log10_eta": -1.7188906111066227, "log10_lambda": -0.15375761316426484, "log10_min_child_weight": 0.8385781309644297, "log10_subsample": -0.2517691197305415, "max_depth": 2.0, "num_boost_round": 5.0}, "datetime": {"datetime": "2024-01-19 00:15:52", "elapsed": 256.998519, "delta": 0.000379}}
{"target": -17.675111223604926, "params": {"gamma": 758.2183594665189, "log10_alpha": -2.3981234856051925, "log10_colsample_bytree": -0.7279594945183033, "log10_eta": -1.7188906111066227, "log10_lambda": -0.15375761316426484, "log10_min_child_weight": 0.8385781309644297, "log10_subsample": -0.2517691197305415, "max_depth": 2.0, "num_boost_round": 6.0}, "datetime": {"datetime": "2024-01-19 00:15:52", "elapsed": 256.998902, "delta": 0.000383}}
{"target": -17.6746112387024, "params": {"gamma": 758.2183594665189, "log10_alpha": -2.3981234856051925, "log10_colsample_bytree": -0.7279594945183033, "log10_eta": -1.7188906111066227, "log10_lambda": -0.15375761316426484, "log10_min_child_weight": 0.8385781309644297, "log10_subsample": -0.2517691197305415, "max_depth": 2.0, "num_boost_round": 7.0}, "datetime": {"datetime": "2024-01-19 00:15:52", "elapsed": 256.999274, "delta": 0.000372}}
{"target": -17.674413297686886, "params": {"gamma": 758.2183594665189, "log10_alpha": -2.3981234856051925, "log10_colsample_bytree": -0.7279594945183033, "log10_eta": -1.7188906111066227, "log10_lambda": -0.15375761316426484, "log10_min_child_weight": 0.8385781309644297, "log10_subsample": -0.2517691197305415, "max_depth": 2.0, "num_boost_round": 8.0}, "datetime": {"datetime": "2024-01-19 00:15:52", "elapsed": 256.999763, "delta": 0.000489}}
{"target": -17.673979850652806, "params": {"gamma": 758.2183594665189, "log10_alpha": -2.3981234856051925, "log10_colsample_bytree": -0.7279594945183033, "log10_eta": -1.7188906111066227, "log10_lambda": -0.15375761316426484, "log10_min_child_weight": 0.8385781309644297, "log10_subsample": -0.2517691197305415, "max_depth": 2.0, "num_boost_round": 9.0}, "datetime": {"datetime": "2024-01-19 00:15:52", "elapsed": 257.000145, "delta": 0.000382}}
{"target": -17.672904000567247, "params": {"gamma": 762.7589952048658, "log10_alpha": 0.3457180349058566, "log10_colsample_bytree": -0.8356687625362149, "log10_eta": -0.336331929040917, "log10_lambda": -4.715606132427508, "log10_min_child_weight": 0.6518825879429235, "log10_subsample": -0.41012150451390383, "max_depth": 2.0, "num_boost_round": 0.0}, "datetime": {"datetime": "2024-01-19 00:16:14", "elapsed": 278.626568, "delta": 21.626423}}
{"target": -17.68197256653322, "params": {"gamma": 762.7589952048658, "log10_alpha": 0.3457180349058566, "log10_colsample_bytree": -0.8356687625362149, "log10_eta": -0.336331929040917, "log10_lambda": -4.715606132427508, "log10_min_child_weight": 0.6518825879429235, "log10_subsample": -0.41012150451390383, "max_depth": 2.0, "num_boost_round": 1.0}, "datetime": {"datetime": "2024-01-19 00:16:14", "elapsed": 278.627152, "delta": 0.000584}}
{"target": -17.683472311531947, "params": {"gamma": 762.7589952048658, "log10_alpha": 0.3457180349058566, "log10_colsample_bytree": -0.8356687625362149, "log10_eta": -0.336331929040917, "log10_lambda": -4.715606132427508, "log10_min_child_weight": 0.6518825879429235, "log10_subsample": -0.41012150451390383, "max_depth": 2.0, "num_boost_round": 2.0}, "datetime": {"datetime": "2024-01-19 00:16:14", "elapsed": 278.627567, "delta": 0.000415}}
{"target": -17.685596418571166, "params": {"gamma": 762.7589952048658, "log10_alpha": 0.3457180349058566, "log10_colsample_bytree": -0.8356687625362149, "log10_eta": -0.336331929040917, "log10_lambda": -4.715606132427508, "log10_min_child_weight": 0.6518825879429235, "log10_subsample": -0.41012150451390383, "max_depth": 2.0, "num_boost_round": 3.0}, "datetime": {"datetime": "2024-01-19 00:16:14", "elapsed": 278.627959, "delta": 0.000392}}
{"target": -17.697790265197195, "params": {"gamma": 762.7589952048658, "log10_alpha": 0.3457180349058566, "log10_colsample_bytree": -0.8356687625362149, "log10_eta": -0.336331929040917, "log10_lambda": -4.715606132427508, "log10_min_child_weight": 0.6518825879429235, "log10_subsample": -0.41012150451390383, "max_depth": 2.0, "num_boost_round": 4.0}, "datetime": {"datetime": "2024-01-19 00:16:14", "elapsed": 278.628352, "delta": 0.000393}}
{"target": -17.714550165609595, "params": {"gamma": 762.7589952048658, "log10_alpha": 0.3457180349058566, "log10_colsample_bytree": -0.8356687625362149, "log10_eta": -0.336331929040917, "log10_lambda": -4.715606132427508, "log10_min_child_weight": 0.6518825879429235, "log10_subsample": -0.41012150451390383, "max_depth": 2.0, "num_boost_round": 5.0}, "datetime": {"datetime": "2024-01-19 00:16:14", "elapsed": 278.629089, "delta": 0.000737}}
{"target": -17.730384168278025, "params": {"gamma": 762.7589952048658, "log10_alpha": 0.3457180349058566, "log10_colsample_bytree": -0.8356687625362149, "log10_eta": -0.336331929040917, "log10_lambda": -4.715606132427508, "log10_min_child_weight": 0.6518825879429235, "log10_subsample": -0.41012150451390383, "max_depth": 2.0, "num_boost_round": 6.0}, "datetime": {"datetime": "2024-01-19 00:16:14", "elapsed": 278.629601, "delta": 0.000512}}
{"target": -17.792040860088125, "params": {"gamma": 762.7589952048658, "log10_alpha": 0.3457180349058566, "log10_colsample_bytree": -0.8356687625362149, "log10_eta": -0.336331929040917, "log10_lambda": -4.715606132427508, "log10_min_child_weight": 0.6518825879429235, "log10_subsample": -0.41012150451390383, "max_depth": 2.0, "num_boost_round": 7.0}, "datetime": {"datetime": "2024-01-19 00:16:14", "elapsed": 278.630007, "delta": 0.000406}}
{"target": -17.79242309511883, "params": {"gamma": 762.7589952048658, "log10_alpha": 0.3457180349058566, "log10_colsample_bytree": -0.8356687625362149, "log10_eta": -0.336331929040917, "log10_lambda": -4.715606132427508, "log10_min_child_weight": 0.6518825879429235, "log10_subsample": -0.41012150451390383, "max_depth": 2.0, "num_boost_round": 8.0}, "datetime": {"datetime": "2024-01-19 00:16:14", "elapsed": 278.630563, "delta": 0.000556}}
{"target": -17.798246174087062, "params": {"gamma": 762.7589952048658, "log10_alpha": 0.3457180349058566, "log10_colsample_bytree": -0.8356687625362149, "log10_eta": -0.336331929040917, "log10_lambda": -4.715606132427508, "log10_min_child_weight": 0.6518825879429235, "log10_subsample": -0.41012150451390383, "max_depth": 2.0, "num_boost_round": 9.0}, "datetime": {"datetime": "2024-01-19 00:16:14", "elapsed": 278.630956, "delta": 0.000393}}
{"target": -17.810172552812315, "params": {"gamma": 762.7589952048658, "log10_alpha": 0.3457180349058566, "log10_colsample_bytree": -0.8356687625362149, "log10_eta": -0.336331929040917, "log10_lambda": -4.715606132427508, "log10_min_child_weight": 0.6518825879429235, "log10_subsample": -0.41012150451390383, "max_depth": 2.0, "num_boost_round": 10.0}, "datetime": {"datetime": "2024-01-19 00:16:14", "elapsed": 278.631346, "delta": 0.00039}}
{"target": -17.80984312932364, "params": {"gamma": 762.7589952048658, "log10_alpha": 0.3457180349058566, "log10_colsample_bytree": -0.8356687625362149, "log10_eta": -0.336331929040917, "log10_lambda": -4.715606132427508, "log10_min_child_weight": 0.6518825879429235, "log10_subsample": -0.41012150451390383, "max_depth": 2.0, "num_boost_round": 11.0}, "datetime": {"datetime": "2024-01-19 00:16:14", "elapsed": 278.631846, "delta": 0.0005}}
{"target": -17.820254239924033, "params": {"gamma": 762.7589952048658, "log10_alpha": 0.3457180349058566, "log10_colsample_bytree": -0.8356687625362149, "log10_eta": -0.336331929040917, "log10_lambda": -4.715606132427508, "log10_min_child_weight": 0.6518825879429235, "log10_subsample": -0.41012150451390383, "max_depth": 2.0, "num_boost_round": 12.0}, "datetime": {"datetime": "2024-01-19 00:16:14", "elapsed": 278.632243, "delta": 0.000397}}
{"target": -17.82196232591715, "params": {"gamma": 762.7589952048658, "log10_alpha": 0.3457180349058566, "log10_colsample_bytree": -0.8356687625362149, "log10_eta": -0.336331929040917, "log10_lambda": -4.715606132427508, "log10_min_child_weight": 0.6518825879429235, "log10_subsample": -0.41012150451390383, "max_depth": 2.0, "num_boost_round": 13.0}, "datetime": {"datetime": "2024-01-19 00:16:14", "elapsed": 278.632642, "delta": 0.000399}}
{"target": -17.834938334360764, "params": {"gamma": 762.7589952048658, "log10_alpha": 0.3457180349058566, "log10_colsample_bytree": -0.8356687625362149, "log10_eta": -0.336331929040917, "log10_lambda": -4.715606132427508, "log10_min_child_weight": 0.6518825879429235, "log10_subsample": -0.41012150451390383, "max_depth": 2.0, "num_boost_round": 14.0}, "datetime": {"datetime": "2024-01-19 00:16:14", "elapsed": 278.633038, "delta": 0.000396}}
{"target": -17.677232007914196, "params": {"gamma": 758.8899433872251, "log10_alpha": -0.9493972400688779, "log10_colsample_bytree": -0.5032522567257821, "log10_eta": -3.2689048433230843, "log10_lambda": -3.107360614297554, "log10_min_child_weight": 4.687619708798087, "log10_subsample": -0.7861644784765917, "max_depth": 4.0, "num_boost_round": 0.0}, "datetime": {"datetime": "2024-01-19 00:16:35", "elapsed": 299.522843, "delta": 20.889805}}
{"target": -17.67723068050582, "params": {"gamma": 758.8899433872251, "log10_alpha": -0.9493972400688779, "log10_colsample_bytree": -0.5032522567257821, "log10_eta": -3.2689048433230843, "log10_lambda": -3.107360614297554, "log10_min_child_weight": 4.687619708798087, "log10_subsample": -0.7861644784765917, "max_depth": 4.0, "num_boost_round": 1.0}, "datetime": {"datetime": "2024-01-19 00:16:35", "elapsed": 299.523709, "delta": 0.000866}}
{"target": -17.677230226774714, "params": {"gamma": 758.8899433872251, "log10_alpha": -0.9493972400688779, "log10_colsample_bytree": -0.5032522567257821, "log10_eta": -3.2689048433230843, "log10_lambda": -3.107360614297554, "log10_min_child_weight": 4.687619708798087, "log10_subsample": -0.7861644784765917, "max_depth": 4.0, "num_boost_round": 2.0}, "datetime": {"datetime": "2024-01-19 00:16:35", "elapsed": 299.524261, "delta": 0.000552}}
{"target": -17.67722712591074, "params": {"gamma": 758.8899433872251, "log10_alpha": -0.9493972400688779, "log10_colsample_bytree": -0.5032522567257821, "log10_eta": -3.2689048433230843, "log10_lambda": -3.107360614297554, "log10_min_child_weight": 4.687619708798087, "log10_subsample": -0.7861644784765917, "max_depth": 4.0, "num_boost_round": 3.0}, "datetime": {"datetime": "2024-01-19 00:16:35", "elapsed": 299.524693, "delta": 0.000432}}
{"target": -17.677226993000872, "params": {"gamma": 758.8899433872251, "log10_alpha": -0.9493972400688779, "log10_colsample_bytree": -0.5032522567257821, "log10_eta": -3.2689048433230843, "log10_lambda": -3.107360614297554, "log10_min_child_weight": 4.687619708798087, "log10_subsample": -0.7861644784765917, "max_depth": 4.0, "num_boost_round": 4.0}, "datetime": {"datetime": "2024-01-19 00:16:35", "elapsed": 299.525118, "delta": 0.000425}}
{"target": -17.67722939473139, "params": {"gamma": 758.8899433872251, "log10_alpha": -0.9493972400688779, "log10_colsample_bytree": -0.5032522567257821, "log10_eta": -3.2689048433230843, "log10_lambda": -3.107360614297554, "log10_min_child_weight": 4.687619708798087, "log10_subsample": -0.7861644784765917, "max_depth": 4.0, "num_boost_round": 5.0}, "datetime": {"datetime": "2024-01-19 00:16:35", "elapsed": 299.525534, "delta": 0.000416}}
