{"target": -13.798961470557336, "params": {"gamma": 548.8135039273247, "log10_alpha": -0.7088638017654834, "log10_colsample_bytree": -0.3972366239283561, "log10_eta": -1.8204672680124125, "log10_lambda": -2.458071203966572, "log10_min_child_weight": 3.2294705653332807, "log10_subsample": -0.5624127887373075, "max_depth": 9.0, "num_boost_round": 147.0}, "datetime": {"datetime": "2024-01-19 00:12:27", "elapsed": 0.056362, "delta": 0.000347}}
{"target": -13.799701615513388, "params": {"gamma": 548.8135039273247, "log10_alpha": -0.7088638017654834, "log10_colsample_bytree": -0.3972366239283561, "log10_eta": -1.8204672680124125, "log10_lambda": -2.458071203966572, "log10_min_child_weight": 3.2294705653332807, "log10_subsample": -0.5624127887373075, "max_depth": 9.0, "num_boost_round": 148.0}, "datetime": {"datetime": "2024-01-19 00:12:27", "elapsed": 0.056714, "delta": 0.000352}}
{"target": -13.800194841331379, "params": {"gamma": 548.8135039273247, "log10_alpha": -0.7088638017654834, "log10_colsample_bytree": -0.3972366239283561, "log10_eta": -1.8204672680124125, "log10_lambda": -2.458071203966572, "log10_min_child_weight": 3.2294705653332807, "log10_subsample": -0.5624127887373075, "max_depth": 9.0, "num_boost_round": 149.0}, "datetime": {"datetime": "2024-01-19 00:12:27", "elapsed": 0.057058, "delta": 0.000344}}
{"target": -13.800410566307669, "params": {"gamma": 548.8135039273247, "log10_alpha": -0.7088638017654834, "log10_colsample_bytree": -0.3972366239283561, "log10_eta": -1.8204672680124125, "log10_lambda": -2.458071203966572, "log10_min_child_weight": 3.2294705653332807, "log10_subsample": -0.5624127887373075, "max_depth": 9.0, "num_boost_round": 150.0}, "datetime": {"datetime": "2024-01-19 00:12:27", "elapsed": 0.057412, "delta": 0.000354}}
{"target": -13.800699252541905, "params": {"gamma": 548.8135039273247, "log10_alpha": -0.7088638017654834, "log10_colsample_bytree": -0.3972366239283561, "log10_eta": -1.8204672680124125, "log10_lambda": -2.458071203966572, "log10_min_child_weight": 3.2294705653332807, "log10_subsample": -0.5624127887373075, "max_depth": 9.0, "num_boost_round": 151.0}, "datetime": {"datetime": "2024-01-19 00:12:27", "elapsed": 0.05776, "delta": 0.000348}}
{"target": -13.80119036068346, "params": {"gamma": 548.8135039273247, "log10_alpha": -0.7088638017654834, "log10_colsample_bytree": -0.3972366239283561, "log10_eta": -1.8204672680124125, "log10_lambda": -2.458071203966572, "log10_min_child_weight": 3.2294705653332807, "log10_subsample": -0.5624127887373075, "max_depth": 9.0, "num_boost_round": 152.0}, "datetime": {"datetime": "2024-01-19 00:12:27", "elapsed": 0.05811, "delta": 0.00035}}
{"target": -13.80145151172093, "params": {"gamma": 548.8135039273247, "log10_alpha": -0.7088638017654834, "log10_colsample_bytree": -0.3972366239283561, "log10_eta": -1.8204672680124125, "log10_lambda": -2.458071203966572, "log10_min_child_weight": 3.2294705653332807, "log10_subsample": -0.5624127887373075, "max_depth": 9.0, "num_boost_round": 153.0}, "datetime": {"datetime": "2024-01-19 00:12:27", "elapsed": 0.058463, "delta": 0.000353}}
{"target": -13.801690724267381, "params": {"gamma": 548.8135039273247, "log10_alpha": -0.7088638017654834, "log10_colsample_bytree": -0.3972366239283561, "log10_eta": -1.8204672680124125, "log10_lambda": -2.458071203966572, "log10_min_child_weight": 3.2294705653332807, "log10_subsample": -0.5624127887373075, "max_depth": 9.0, "num_boost_round": 154.0}, "datetime": {"datetime": "2024-01-19 00:12:27", "elapsed": 0.058813, "delta": 0.00035}}
{"target": -13.801435254588784, "params": {"gamma": 548.8135039273247, "log10_alpha": -0.7088638017654834, "log10_colsample_bytree": -0.3972366239283561, "log10_eta": -1.8204672680124125, "log10_lambda": -2.458071203966572, "log10_min_child_weight": 3.2294705653332807, "log10_subsample": -0.5624127887373075, "max_depth": 9.0, "num_boost_round": 155.0}, "datetime": {"datetime": "2024-01-19 00:12:27", "elapsed": 0.059165, "delta": 0.000352}}
{"target": -13.801919917837123, "params": {"gamma": 548.8135039273247, "log10_alpha": -0.7088638017654834, "log10_colsample_bytree": -0.3972366239283561, "log10_eta": -1.8204672680124125, "log10_lambda": -2.458071203966572, "log10_min_child_weight": 3.2294705653332807, "log10_subsample": -0.5624127887373075, "max_depth": 9.0, "num_boost_round": 156.0}, "datetime": {"datetime": "2024-01-19 00:12:27", "elapsed": 0.059533, "delta": 0.000368}}
{"target": -13.802582179162144, "params": {"gamma": 548.8135039273247, "log10_alpha": -0.7088638017654834, "log10_colsample_bytree": -0.3972366239283561, "log10_eta": -1.8204672680124125, "log10_lambda": -2.458071203966572, "log10_min_child_weight": 3.2294705653332807, "log10_subsample": -0.5624127887373075, "max_depth": 9.0, "num_boost_round": 157.0}, "datetime": {"datetime": "2024-01-19 00:12:27", "elapsed": 0.059889, "delta": 0.000356}}
{"target": -13.802807636559354, "params": {"gamma": 548.8135039273247, "log10_alpha": -0.7088638017654834, "log10_colsample_bytree": -0.3972366239283561, "log10_eta": -1.8204672680124125, "log10_lambda": -2.458071203966572, "log10_min_child_weight": 3.2294705653332807, "log10_subsample": -0.5624127887373075, "max_depth": 9.0, "num_boost_round": 158.0}, "datetime": {"datetime": "2024-01-19 00:12:27", "elapsed": 0.060244, "delta": 0.000355}}
{"target": -13.80360568494027, "params": {"gamma": 548.8135039273247, "log10_alpha": -0.7088638017654834, "log10_colsample_bytree": -0.3972366239283561, "log10_eta": -1.8204672680124125, "log10_lambda": -2.458071203966572, "log10_min_child_weight": 3.2294705653332807, "log10_subsample": -0.5624127887373075, "max_depth": 9.0, "num_boost_round": 159.0}, "datetime": {"datetime": "2024-01-19 00:12:27", "elapsed": 0.060607, "delta": 0.000363}}
{"target": -13.803768625710433, "params": {"gamma": 548.8135039273247, "log10_alpha": -0.7088638017654834, "log10_colsample_bytree": -0.3972366239283561, "log10_eta": -1.8204672680124125, "log10_lambda": -2.458071203966572, "log10_min_child_weight": 3.2294705653332807, "log10_subsample": -0.5624127887373075, "max_depth": 9.0, "num_boost_round": 160.0}, "datetime": {"datetime": "2024-01-19 00:12:27", "elapsed": 0.060963, "delta": 0.000356}}
{"target": -13.804229028409974, "params": {"gamma": 548.8135039273247, "log10_alpha": -0.7088638017654834, "log10_colsample_bytree": -0.3972366239283561, "log10_eta": -1.8204672680124125, "log10_lambda": -2.458071203966572, "log10_min_child_weight": 3.2294705653332807, "log10_subsample": -0.5624127887373075, "max_depth": 9.0, "num_boost_round": 161.0}, "datetime": {"datetime": "2024-01-19 00:12:27", "elapsed": 0.061329, "delta": 0.000366}}
{"target": -13.804460588069755, "params": {"gamma": 548.8135039273247, "log10_alpha": -0.7088638017654834, "log10_colsample_bytree": -0.3972366239283561, "log10_eta": -1.8204672680124125, "log10_lambda": -2.458071203966572, "log10_min_child_weight": 3.2294705653332807, "log10_subsample": -0.5624127887373075, "max_depth": 9.0, "num_boost_round": 162.0}, "datetime": {"datetime": "2024-01-19 00:12:27", "elapsed": 0.061702, "delta": 0.000373}}
{"target": -13.804716298641816, "params": {"gamma": 548.8135039273247, "log10_alpha": -0.7088638017654834, "log10_colsample_bytree": -0.3972366239283561, "log10_eta": -1.8204672680124125, "log10_lambda": -2.458071203966572, "log10_min_child_weight": 3.2294705653332807, "log10_subsample": -0.5624127887373075, "max_depth": 9.0, "num_boost_round": 163.0}, "datetime": {"datetime": "2024-01-19 00:12:27", "elapsed": 0.062074, "delta": 0.000372}}
{"target": -13.804894585455393, "params": {"gamma": 548.8135039273247, "log10_alpha": -0.7088638017654834, "log10_colsample_bytree": -0.3972366239283561, "log10_eta": -1.8204672680124125, "log10_lambda": -2.458071203966572, "log10_min_child_weight": 3.2294705653332807, "log10_subsample": -0.5624127887373075, "max_depth": 9.0, "num_boost_round": 164.0}, "datetime": {"datetime": "2024-01-19 00:12:27", "elapsed": 0.062448, "delta": 0.000374}}
{"target": -13.806015450376195, "params": {"gamma": 548.8135039273247, "log10_alpha": -0.7088638017654834, "log10_colsample_bytree": -0.3972366239283561, "log10_eta": -1.8204672680124125, "log10_lambda": -2.458071203966572, "log10_min_child_weight": 3.2294705653332807, "log10_subsample": -0.5624127887373075, "max_depth": 9.0, "num_boost_round": 165.0}, "datetime": {"datetime": "2024-01-19 00:12:27", "elapsed": 0.06282, "delta": 0.000372}}
{"target": -13.806388390328689, "params": {"gamma": 548.8135039273247, "log10_alpha": -0.7088638017654834, "log10_colsample_bytree": -0.3972366239283561, "log10_eta": -1.8204672680124125, "log10_lambda": -2.458071203966572, "log10_min_child_weight": 3.2294705653332807, "log10_subsample": -0.5624127887373075, "max_depth": 9.0, "num_boost_round": 166.0}, "datetime": {"datetime": "2024-01-19 00:12:27", "elapsed": 0.063191, "delta": 0.000371}}
{"target": -13.806730971548184, "params": {"gamma": 548.8135039273247, "log10_alpha": -0.7088638017654834, "log10_colsample_bytree": -0.3972366239283561, "log10_eta": -1.8204672680124125, "log10_lambda": -2.458071203966572, "log10_min_child_weight": 3.2294705653332807, "log10_subsample": -0.5624127887373075, "max_depth": 9.0, "num_boost_round": 167.0}, "datetime": {"datetime": "2024-01-19 00:12:27", "elapsed": 0.06358, "delta": 0.000389}}
{"target": -13.806905716489537, "params": {"gamma": 548.8135039273247, "log10_alpha": -0.7088638017654834, "log10_colsample_bytree": -0.3972366239283561, "log10_eta": -1.8204672680124125, "log10_lambda": -2.458071203966572, "log10_min_child_weight": 3.2294705653332807, "log10_subsample": -0.5624127887373075, "max_depth": 9.0, "num_boost_round": 168.0}, "datetime": {"datetime": "2024-01-19 00:12:27", "elapsed": 0.063955, "delta": 0.000375}}
{"target": -13.806834301689896, "params": {"gamma": 548.8135039273247, "log10_alpha": -0.7088638017654834, "log10_colsample_bytree": -0.3972366239283561, "log10_eta": -1.8204672680124125, "log10_lambda": -2.458071203966572, "log10_min_child_weight": 3.2294705653332807, "log10_subsample": -0.5624127887373075, "max_depth": 9.0, "num_boost_round": 169.0}, "datetime": {"datetime": "2024-01-19 00:12:27", "elapsed": 0.064338, "delta": 0.000383}}
{"target": -13.807517089192668, "params": {"gamma": 548.8135039273247, "log10_alpha": -0.7088638017654834, "log10_colsample_bytree": -0.3972366239283561, "log10_eta": -1.8204672680124125, "log10_lambda": -2.458071203966572, "log10_min_child_weight": 3.2294705653332807, "log10_subsample": -0.5624127887373075, "max_depth": 9.0, "num_boost_round": 170.0}, "datetime": {"datetime": "2024-01-19 00:12:27", "elapsed": 0.064718, "delta": 0.00038}}
{"target": -13.808018592087153, "params": {"gamma": 548.8135039273247, "log10_alpha": -0.7088638017654834, "log10_colsample_bytree": -0.3972366239283561, "log10_eta": -1.8204672680124125, "log10_lambda": -2.458071203966572, "log10_min_child_weight": 3.2294705653332807, "log10_subsample": -0.5624127887373075, "max_depth": 9.0, "num_boost_round": 171.0}, "datetime": {"datetime": "2024-01-19 00:12:27", "elapsed": 0.065101, "delta": 0.000383}}
{"target": -13.80879448710747, "params": {"gamma": 548.8135039273247, "log10_alpha": -0.7088638017654834, "log10_colsample_bytree": -0.3972366239283561, "log10_eta": -1.8204672680124125, "log10_lambda": -2.458071203966572, "log10_min_child_weight": 3.2294705653332807, "log10_subsample": -0.5624127887373075, "max_depth": 9.0, "num_boost_round": 172.0}, "datetime": {"datetime": "2024-01-19 00:12:27", "elapsed": 0.065486, "delta": 0.000385}}
{"target": -13.809280021320134, "params": {"gamma": 548.8135039273247, "log10_alpha": -0.7088638017654834, "log10_colsample_bytree": -0.3972366239283561, "log10_eta": -1.8204672680124125, "log10_lambda": -2.458071203966572, "log10_min_child_weight": 3.2294705653332807, "log10_subsample": -0.5624127887373075, "max_depth": 9.0, "num_boost_round": 173.0}, "datetime": {"datetime": "2024-01-19 00:12:27", "elapsed": 0.065867, "delta": 0.000381}}
{"target": -13.809735229515992, "params": {"gamma": 548.8135039273247, "log10_alpha": -0.7088638017654834, "log10_colsample_bytree": -0.3972366239283561, "log10_eta": -1.8204672680124125, "log10_lambda": -2.458071203966572, "log10_min_child_weight": 3.2294705653332807, "log10_subsample": -0.5624127887373075, "max_depth": 9.0, "num_boost_round": 174.0}, "datetime": {"datetime": "2024-01-19 00:12:27", "elapsed": 0.066246, "delta": 0.000379}}
{"target": -13.809722984097117, "params": {"gamma": 548.8135039273247, "log10_alpha": -0.7088638017654834, "log10_colsample_bytree": -0.3972366239283561, "log10_eta": -1.8204672680124125, "log10_lambda": -2.458071203966572, "log10_min_child_weight": 3.2294705653332807, "log10_subsample": -0.5624127887373075, "max_depth": 9.0, "num_boost_round": 175.0}, "datetime": {"datetime": "2024-01-19 00:12:27", "elapsed": 0.066629, "delta": 0.000383}}
{"target": -13.810028145848278, "params": {"gamma": 548.8135039273247, "log10_alpha": -0.7088638017654834, "log10_colsample_bytree": -0.3972366239283561, "log10_eta": -1.8204672680124125, "log10_lambda": -2.458071203966572, "log10_min_child_weight": 3.2294705653332807, "log10_subsample": -0.5624127887373075, "max_depth": 9.0, "num_boost_round": 176.0}, "datetime": {"datetime": "2024-01-19 00:12:27", "elapsed": 0.067013, "delta": 0.000384}}
{"target": -13.81056297087166, "params": {"gamma": 548.8135039273247, "log10_alpha": -0.7088638017654834, "log10_colsample_bytree": -0.3972366239283561, "log10_eta": -1.8204672680124125, "log10_lambda": -2.458071203966572, "log10_min_child_weight": 3.2294705653332807, "log10_subsample": -0.5624127887373075, "max_depth": 9.0, "num_boost_round": 177.0}, "datetime": {"datetime": "2024-01-19 00:12:27", "elapsed": 0.067404, "delta": 0.000391}}
{"target": -13.811296142882515, "params": {"gamma": 548.8135039273247, "log10_alpha": -0.7088638017654834, "log10_colsample_bytree": -0.3972366239283561, "log10_eta": -1.8204672680124125, "log10_lambda": -2.458071203966572, "log10_min_child_weight": 3.2294705653332807, "log10_subsample": -0.5624127887373075, "max_depth": 9.0, "num_boost_round": 178.0}, "datetime": {"datetime": "2024-01-19 00:12:27", "elapsed": 0.067793, "delta": 0.000389}}
{"target": -13.811928098788298, "params": {"gamma": 548.8135039273247, "log10_alpha": -0.7088638017654834, "log10_colsample_bytree": -0.3972366239283561, "log10_eta": -1.8204672680124125, "log10_lambda": -2.458071203966572, "log10_min_child_weight": 3.2294705653332807, "log10_subsample": -0.5624127887373075, "max_depth": 9.0, "num_boost_round": 179.0}, "datetime": {"datetime": "2024-01-19 00:12:27", "elapsed": 0.068183, "delta": 0.00039}}
{"target": -13.81189887831838, "params": {"gamma": 548.8135039273247, "log10_alpha": -0.7088638017654834, "log10_colsample_bytree": -0.3972366239283561, "log10_eta": -1.8204672680124125, "log10_lambda": -2.458071203966572, "log10_min_child_weight": 3.2294705653332807, "log10_subsample": -0.5624127887373075, "max_depth": 9.0, "num_boost_round": 180.0}, "datetime": {"datetime": "2024-01-19 00:12:27", "elapsed": 0.068581, "delta": 0.000398}}
{"target": -13.812152876269177, "params": {"gamma": 548.8135039273247, "log10_alpha": -0.7088638017654834, "log10_colsample_bytree": -0.3972366239283561, "log10_eta": -1.8204672680124125, "log10_lambda": -2.458071203966572, "log10_min_child_weight": 3.2294705653332807, "log10_subsample": -0.5624127887373075, "max_depth": 9.0, "num_boost_round": 181.0}, "datetime": {"datetime": "2024-01-19 00:12:27", "elapsed": 0.068974, "delta": 0.000393}}
{"target": -13.8129009110666, "params": {"gamma": 548.8135039273247, "log10_alpha": -0.7088638017654834, "log10_colsample_bytree": -0.3972366239283561, "log10_eta": -1.8204672680124125, "log10_lambda": -2.458071203966572, "log10_min_child_weight": 3.2294705653332807, "log10_subsample": -0.5624127887373075, "max_depth": 9.0, "num_boost_round": 182.0}, "datetime": {"datetime": "2024-01-19 00:12:27", "elapsed": 0.069384, "delta": 0.00041}}
{"target": -13.81317383865275, "params": {"gamma": 548.8135039273247, "log10_alpha": -0.7088638017654834, "log10_colsample_bytree": -0.3972366239283561, "log10_eta": -1.8204672680124125, "log10_lambda": -2.458071203966572, "log10_min_child_weight": 3.2294705653332807, "log10_subsample": -0.5624127887373075, "max_depth": 9.0, "num_boost_round": 183.0}, "datetime": {"datetime": "2024-01-19 00:12:27", "elapsed": 0.069794, "delta": 0.00041}}
{"target": -13.813281311387923, "params": {"gamma": 548.8135039273247, "log10_alpha": -0.7088638017654834, "log10_colsample_bytree": -0.3972366239283561, "log10_eta": -1.8204672680124125, "log10_lambda": -2.458071203966572, "log10_min_child_weight": 3.2294705653332807, "log10_subsample": -0.5624127887373075, "max_depth": 9.0, "num_boost_round": 184.0}, "datetime": {"datetime": "2024-01-19 00:12:27", "elapsed": 0.070196, "delta": 0.000402}}
{"target": -13.813622927661951, "params": {"gamma": 548.8135039273247, "log10_alpha": -0.7088638017654834, "log10_colsample_bytree": -0.3972366239283561, "log10_eta": -1.8204672680124125, "log10_lambda": -2.458071203966572, "log10_min_child_weight": 3.2294705653332807, "log10_subsample": -0.5624127887373075, "max_depth": 9.0, "num_boost_round": 185.0}, "datetime": {"datetime": "2024-01-19 00:12:27", "elapsed": 0.070604, "delta": 0.000408}}
{"target": -13.813820879541003, "params": {"gamma": 548.8135039273247, "log10_alpha": -0.7088638017654834, "log10_colsample_bytree": -0.3972366239283561, "log10_eta": -1.8204672680124125, "log10_lambda": -2.458071203966572, "log10_min_child_weight": 3.2294705653332807, "log10_subsample": -0.5624127887373075, "max_depth": 9.0, "num_boost_round": 186.0}, "datetime": {"datetime": "2024-01-19 00:12:27", "elapsed": 0.071007, "delta": 0.000403}}
{"target": -13.813967846424056, "params": {"gamma": 548.8135039273247, "log10_alpha": -0.7088638017654834, "log10_colsample_bytree": -0.3972366239283561, "log10_eta": -1.8204672680124125, "log10_lambda": -2.458071203966572, "log10_min_child_weight": 3.2294705653332807, "log10_subsample": -0.5624127887373075, "max_depth": 9.0, "num_boost_round": 187.0}, "datetime": {"datetime": "2024-01-19 00:12:27", "elapsed": 0.071415, "delta": 0.000408}}
{"target": -13.814301306220797, "params": {"gamma": 548.8135039273247, "log10_alpha": -0.7088638017654834, "log10_colsample_bytree": -0.3972366239283561, "log10_eta": -1.8204672680124125, "log10_lambda": -2.458071203966572, "log10_min_child_weight": 3.2294705653332807, "log10_subsample": -0.5624127887373075, "max_depth": 9.0, "num_boost_round": 188.0}, "datetime": {"datetime": "2024-01-19 00:12:27", "elapsed": 0.071819, "delta": 0.000404}}
{"target": -13.814228585713433, "params": {"gamma": 548.8135039273247, "log10_alpha": -0.7088638017654834, "log10_colsample_bytree": -0.3972366239283561, "log10_eta": -1.8204672680124125, "log10_lambda": -2.458071203966572, "log10_min_child_weight": 3.2294705653332807, "log10_subsample": -0.5624127887373075, "max_depth": 9.0, "num_boost_round": 189.0}, "datetime": {"datetime": "2024-01-19 00:12:27", "elapsed": 0.072228, "delta": 0.000409}}
{"target": -13.814825964900423, "params": {"gamma": 548.8135039273247, "log10_alpha": -0.7088638017654834, "log10_colsample_bytree": -0.3972366239283561, "log10_eta": -1.8204672680124125, "log10_lambda": -2.458071203966572, "log10_min_child_weight": 3.2294705653332807, "log10_subsample": -0.5624127887373075, "max_depth": 9.0, "num_boost_round": 190.0}, "datetime": {"datetime": "2024-01-19 00:12:27", "elapsed": 0.072647, "delta": 0.000419}}
{"target": -13.815024165774934, "params": {"gamma": 548.8135039273247, "log10_alpha": -0.7088638017654834, "log10_colsample_bytree": -0.3972366239283561, "log10_eta": -1.8204672680124125, "log10_lambda": -2.458071203966572, "log10_min_child_weight": 3.2294705653332807, "log10_subsample": -0.5624127887373075, "max_depth": 9.0, "num_boost_round": 191.0}, "datetime": {"datetime": "2024-01-19 00:12:27", "elapsed": 0.073219, "delta": 0.000572}}
{"target": -13.815597644187621, "params": {"gamma": 548.8135039273247, "log10_alpha": -0.7088638017654834, "log10_colsample_bytree": -0.3972366239283561, "log10_eta": -1.8204672680124125, "log10_lambda": -2.458071203966572, "log10_min_child_weight": 3.2294705653332807, "log10_subsample": -0.5624127887373075, "max_depth": 9.0, "num_boost_round": 192.0}, "datetime": {"datetime": "2024-01-19 00:12:27", "elapsed": 0.074034, "delta": 0.000815}}
{"target": -13.758539391480241, "params": {"gamma": 550.4468199553754, "log10_alpha": -2.617091998767107, "log10_colsample_bytree": -0.241570479286923, "log10_eta": -3.904850290118453, "log10_lambda": -0.11854952029262655, "log10_min_child_weight": 3.7413399064484936, "log10_subsample": -0.8197972926837099, "max_depth": 5.0, "num_boost_round": 0.0}, "datetime": {"datetime": "2024-01-19 00:12:49", "elapsed": 22.397839, "delta": 22.323805}}
{"target": -13.758539138220844, "params": {"gamma": 550.4468199553754, "log10_alpha": -2.617091998767107, "log10_colsample_bytree": -0.241570479286923, "log10_eta": -3.904850290118453, "log10_lambda": -0.11854952029262655, "log10_min_child_weight": 3.7413399064484936, "log10_subsample": -0.8197972926837099, "max_depth": 5.0, "num_boost_round": 1.0}, "datetime": {"datetime": "2024-01-19 00:12:49", "elapsed": 22.398421, "delta": 0.000582}}
{"target": -13.758540566597468, "params": {"gamma": 550.4468199553754, "log10_alpha": -2.617091998767107, "log10_colsample_bytree": -0.241570479286923, "log10_eta": -3.904850290118453, "log10_lambda": -0.11854952029262655, "log10_min_child_weight": 3.7413399064484936, "log10_subsample": -0.8197972926837099, "max_depth": 5.0, "num_boost_round": 2.0}, "datetime": {"datetime": "2024-01-19 00:12:49", "elapsed": 22.398887, "delta": 0.000466}}
