{"target": -17.676828690748717, "params": {"gamma": 425.1638793885946, "log10_alpha": -4.617768914457808, "log10_colsample_bytree": -0.6094070239516078, "log10_eta": -2.7267904161059375, "log10_lambda": -1.6662771725833978, "log10_min_child_weight": 1.205820494503811, "log10_subsample": -0.6427801441687973, "max_depth": 4.0, "num_boost_round": 6.0}, "datetime": {"datetime": "2024-01-19 03:11:25", "elapsed": 10789.985411, "delta": 0.005786}}
{"target": -17.67676620165012, "params": {"gamma": 425.1638793885946, "log10_alpha": -4.617768914457808, "log10_colsample_bytree": -0.6094070239516078, "log10_eta": -2.7267904161059375, "log10_lambda": -1.6662771725833978, "log10_min_child_weight": 1.205820494503811, "log10_subsample": -0.6427801441687973, "max_depth": 4.0, "num_boost_round": 7.0}, "datetime": {"datetime": "2024-01-19 03:11:25", "elapsed": 10789.990935, "delta": 0.005524}}
{"target": -17.676722819569974, "params": {"gamma": 425.1638793885946, "log10_alpha": -4.617768914457808, "log10_colsample_bytree": -0.6094070239516078, "log10_eta": -2.7267904161059375, "log10_lambda": -1.6662771725833978, "log10_min_child_weight": 1.205820494503811, "log10_subsample": -0.6427801441687973, "max_depth": 4.0, "num_boost_round": 8.0}, "datetime": {"datetime": "2024-01-19 03:11:25", "elapsed": 10789.996454, "delta": 0.005519}}
{"target": -17.676666655668047, "params": {"gamma": 425.1638793885946, "log10_alpha": -4.617768914457808, "log10_colsample_bytree": -0.6094070239516078, "log10_eta": -2.7267904161059375, "log10_lambda": -1.6662771725833978, "log10_min_child_weight": 1.205820494503811, "log10_subsample": -0.6427801441687973, "max_depth": 4.0, "num_boost_round": 9.0}, "datetime": {"datetime": "2024-01-19 03:11:25", "elapsed": 10790.001855, "delta": 0.005401}}
{"target": -17.676606655030763, "params": {"gamma": 425.1638793885946, "log10_alpha": -4.617768914457808, "log10_colsample_bytree": -0.6094070239516078, "log10_eta": -2.7267904161059375, "log10_lambda": -1.6662771725833978, "log10_min_child_weight": 1.205820494503811, "log10_subsample": -0.6427801441687973, "max_depth": 4.0, "num_boost_round": 10.0}, "datetime": {"datetime": "2024-01-19 03:11:25", "elapsed": 10790.007287, "delta": 0.005432}}
{"target": -17.676597203308145, "params": {"gamma": 425.1638793885946, "log10_alpha": -4.617768914457808, "log10_colsample_bytree": -0.6094070239516078, "log10_eta": -2.7267904161059375, "log10_lambda": -1.6662771725833978, "log10_min_child_weight": 1.205820494503811, "log10_subsample": -0.6427801441687973, "max_depth": 4.0, "num_boost_round": 11.0}, "datetime": {"datetime": "2024-01-19 03:11:25", "elapsed": 10790.122352, "delta": 0.115065}}
{"target": -17.67648463030139, "params": {"gamma": 425.1638793885946, "log10_alpha": -4.617768914457808, "log10_colsample_bytree": -0.6094070239516078, "log10_eta": -2.7267904161059375, "log10_lambda": -1.6662771725833978, "log10_min_child_weight": 1.205820494503811, "log10_subsample": -0.6427801441687973, "max_depth": 4.0, "num_boost_round": 12.0}, "datetime": {"datetime": "2024-01-19 03:11:25", "elapsed": 10790.128884, "delta": 0.006532}}
{"target": -17.676724925446184, "params": {"gamma": 430.4733963602073, "log10_alpha": -4.405843483113589, "log10_colsample_bytree": -0.8948703420631086, "log10_eta": -1.3086554983429788, "log10_lambda": -3.7017837461803937, "log10_min_child_weight": 4.9699812284132285, "log10_subsample": -0.1524579967066625, "max_depth": 8.0, "num_boost_round": 0.0}, "datetime": {"datetime": "2024-01-19 03:15:03", "elapsed": 11007.874168, "delta": 217.745284}}
{"target": -17.676051122838437, "params": {"gamma": 430.4733963602073, "log10_alpha": -4.405843483113589, "log10_colsample_bytree": -0.8948703420631086, "log10_eta": -1.3086554983429788, "log10_lambda": -3.7017837461803937, "log10_min_child_weight": 4.9699812284132285, "log10_subsample": -0.1524579967066625, "max_depth": 8.0, "num_boost_round": 1.0}, "datetime": {"datetime": "2024-01-19 03:15:03", "elapsed": 11007.880922, "delta": 0.006754}}
{"target": -17.676368883445953, "params": {"gamma": 430.4733963602073, "log10_alpha": -4.405843483113589, "log10_colsample_bytree": -0.8948703420631086, "log10_eta": -1.3086554983429788, "log10_lambda": -3.7017837461803937, "log10_min_child_weight": 4.9699812284132285, "log10_subsample": -0.1524579967066625, "max_depth": 8.0, "num_boost_round": 2.0}, "datetime": {"datetime": "2024-01-19 03:15:03", "elapsed": 11007.886609, "delta": 0.005687}}
{"target": -17.67609643213905, "params": {"gamma": 430.4733963602073, "log10_alpha": -4.405843483113589, "log10_colsample_bytree": -0.8948703420631086, "log10_eta": -1.3086554983429788, "log10_lambda": -3.7017837461803937, "log10_min_child_weight": 4.9699812284132285, "log10_subsample": -0.1524579967066625, "max_depth": 8.0, "num_boost_round": 3.0}, "datetime": {"datetime": "2024-01-19 03:15:03", "elapsed": 11007.892564, "delta": 0.005955}}
{"target": -17.67601402452469, "params": {"gamma": 430.4733963602073, "log10_alpha": -4.405843483113589, "log10_colsample_bytree": -0.8948703420631086, "log10_eta": -1.3086554983429788, "log10_lambda": -3.7017837461803937, "log10_min_child_weight": 4.9699812284132285, "log10_subsample": -0.1524579967066625, "max_depth": 8.0, "num_boost_round": 4.0}, "datetime": {"datetime": "2024-01-19 03:15:03", "elapsed": 11007.898213, "delta": 0.005649}}
{"target": -17.675776993519438, "params": {"gamma": 430.4733963602073, "log10_alpha": -4.405843483113589, "log10_colsample_bytree": -0.8948703420631086, "log10_eta": -1.3086554983429788, "log10_lambda": -3.7017837461803937, "log10_min_child_weight": 4.9699812284132285, "log10_subsample": -0.1524579967066625, "max_depth": 8.0, "num_boost_round": 5.0}, "datetime": {"datetime": "2024-01-19 03:15:03", "elapsed": 11007.903907, "delta": 0.005694}}
{"target": -17.675825854879637, "params": {"gamma": 430.4733963602073, "log10_alpha": -4.405843483113589, "log10_colsample_bytree": -0.8948703420631086, "log10_eta": -1.3086554983429788, "log10_lambda": -3.7017837461803937, "log10_min_child_weight": 4.9699812284132285, "log10_subsample": -0.1524579967066625, "max_depth": 8.0, "num_boost_round": 6.0}, "datetime": {"datetime": "2024-01-19 03:15:03", "elapsed": 11007.9098, "delta": 0.005893}}
{"target": -17.67568917092613, "params": {"gamma": 430.4733963602073, "log10_alpha": -4.405843483113589, "log10_colsample_bytree": -0.8948703420631086, "log10_eta": -1.3086554983429788, "log10_lambda": -3.7017837461803937, "log10_min_child_weight": 4.9699812284132285, "log10_subsample": -0.1524579967066625, "max_depth": 8.0, "num_boost_round": 7.0}, "datetime": {"datetime": "2024-01-19 03:15:03", "elapsed": 11007.915443, "delta": 0.005643}}
{"target": -17.675803582057046, "params": {"gamma": 430.4733963602073, "log10_alpha": -4.405843483113589, "log10_colsample_bytree": -0.8948703420631086, "log10_eta": -1.3086554983429788, "log10_lambda": -3.7017837461803937, "log10_min_child_weight": 4.9699812284132285, "log10_subsample": -0.1524579967066625, "max_depth": 8.0, "num_boost_round": 8.0}, "datetime": {"datetime": "2024-01-19 03:15:03", "elapsed": 11007.921028, "delta": 0.005585}}
{"target": -17.676159625815696, "params": {"gamma": 430.4733963602073, "log10_alpha": -4.405843483113589, "log10_colsample_bytree": -0.8948703420631086, "log10_eta": -1.3086554983429788, "log10_lambda": -3.7017837461803937, "log10_min_child_weight": 4.9699812284132285, "log10_subsample": -0.1524579967066625, "max_depth": 8.0, "num_boost_round": 9.0}, "datetime": {"datetime": "2024-01-19 03:15:03", "elapsed": 11007.926575, "delta": 0.005547}}
{"target": -17.67627951626816, "params": {"gamma": 430.4733963602073, "log10_alpha": -4.405843483113589, "log10_colsample_bytree": -0.8948703420631086, "log10_eta": -1.3086554983429788, "log10_lambda": -3.7017837461803937, "log10_min_child_weight": 4.9699812284132285, "log10_subsample": -0.1524579967066625, "max_depth": 8.0, "num_boost_round": 10.0}, "datetime": {"datetime": "2024-01-19 03:15:03", "elapsed": 11007.932177, "delta": 0.005602}}
{"target": -17.67595470922793, "params": {"gamma": 430.4733963602073, "log10_alpha": -4.405843483113589, "log10_colsample_bytree": -0.8948703420631086, "log10_eta": -1.3086554983429788, "log10_lambda": -3.7017837461803937, "log10_min_child_weight": 4.9699812284132285, "log10_subsample": -0.1524579967066625, "max_depth": 8.0, "num_boost_round": 11.0}, "datetime": {"datetime": "2024-01-19 03:15:03", "elapsed": 11007.937712, "delta": 0.005535}}
{"target": -17.67582393220386, "params": {"gamma": 430.4733963602073, "log10_alpha": -4.405843483113589, "log10_colsample_bytree": -0.8948703420631086, "log10_eta": -1.3086554983429788, "log10_lambda": -3.7017837461803937, "log10_min_child_weight": 4.9699812284132285, "log10_subsample": -0.1524579967066625, "max_depth": 8.0, "num_boost_round": 12.0}, "datetime": {"datetime": "2024-01-19 03:15:03", "elapsed": 11007.943181, "delta": 0.005469}}
{"target": -17.675632116865824, "params": {"gamma": 430.4733963602073, "log10_alpha": -4.405843483113589, "log10_colsample_bytree": -0.8948703420631086, "log10_eta": -1.3086554983429788, "log10_lambda": -3.7017837461803937, "log10_min_child_weight": 4.9699812284132285, "log10_subsample": -0.1524579967066625, "max_depth": 8.0, "num_boost_round": 13.0}, "datetime": {"datetime": "2024-01-19 03:15:03", "elapsed": 11007.948748, "delta": 0.005567}}
{"target": -17.67723154787296, "params": {"gamma": 447.50655285789685, "log10_alpha": -4.493281068271742, "log10_colsample_bytree": -0.8287889730091769, "log10_eta": -3.917106089038408, "log10_lambda": -4.527512080694419, "log10_min_child_weight": 4.365212246410465, "log10_subsample": -0.7705549417163716, "max_depth": 4.0, "num_boost_round": 0.0}, "datetime": {"datetime": "2024-01-19 03:17:13", "elapsed": 11138.008061, "delta": 130.059313}}
{"target": -17.677230892791467, "params": {"gamma": 447.50655285789685, "log10_alpha": -4.493281068271742, "log10_colsample_bytree": -0.8287889730091769, "log10_eta": -3.917106089038408, "log10_lambda": -4.527512080694419, "log10_min_child_weight": 4.365212246410465, "log10_subsample": -0.7705549417163716, "max_depth": 4.0, "num_boost_round": 1.0}, "datetime": {"datetime": "2024-01-19 03:17:13", "elapsed": 11138.014627, "delta": 0.006566}}
{"target": -17.67723066539108, "params": {"gamma": 447.50655285789685, "log10_alpha": -4.493281068271742, "log10_colsample_bytree": -0.8287889730091769, "log10_eta": -3.917106089038408, "log10_lambda": -4.527512080694419, "log10_min_child_weight": 4.365212246410465, "log10_subsample": -0.7705549417163716, "max_depth": 4.0, "num_boost_round": 2.0}, "datetime": {"datetime": "2024-01-19 03:17:13", "elapsed": 11138.020219, "delta": 0.005592}}
{"target": -17.677229143103347, "params": {"gamma": 447.50655285789685, "log10_alpha": -4.493281068271742, "log10_colsample_bytree": -0.8287889730091769, "log10_eta": -3.917106089038408, "log10_lambda": -4.527512080694419, "log10_min_child_weight": 4.365212246410465, "log10_subsample": -0.7705549417163716, "max_depth": 4.0, "num_boost_round": 3.0}, "datetime": {"datetime": "2024-01-19 03:17:13", "elapsed": 11138.025728, "delta": 0.005509}}
{"target": -17.677228214091734, "params": {"gamma": 447.50655285789685, "log10_alpha": -4.493281068271742, "log10_colsample_bytree": -0.8287889730091769, "log10_eta": -3.917106089038408, "log10_lambda": -4.527512080694419, "log10_min_child_weight": 4.365212246410465, "log10_subsample": -0.7705549417163716, "max_depth": 4.0, "num_boost_round": 4.0}, "datetime": {"datetime": "2024-01-19 03:17:13", "elapsed": 11138.031373, "delta": 0.005645}}
{"target": -17.67722748056506, "params": {"gamma": 447.50655285789685, "log10_alpha": -4.493281068271742, "log10_colsample_bytree": -0.8287889730091769, "log10_eta": -3.917106089038408, "log10_lambda": -4.527512080694419, "log10_min_child_weight": 4.365212246410465, "log10_subsample": -0.7705549417163716, "max_depth": 4.0, "num_boost_round": 5.0}, "datetime": {"datetime": "2024-01-19 03:17:13", "elapsed": 11138.03692, "delta": 0.005547}}
{"target": -17.67722666249932, "params": {"gamma": 447.50655285789685, "log10_alpha": -4.493281068271742, "log10_colsample_bytree": -0.8287889730091769, "log10_eta": -3.917106089038408, "log10_lambda": -4.527512080694419, "log10_min_child_weight": 4.365212246410465, "log10_subsample": -0.7705549417163716, "max_depth": 4.0, "num_boost_round": 6.0}, "datetime": {"datetime": "2024-01-19 03:17:13", "elapsed": 11138.042477, "delta": 0.005557}}
{"target": -17.677225741932, "params": {"gamma": 447.50655285789685, "log10_alpha": -4.493281068271742, "log10_colsample_bytree": -0.8287889730091769, "log10_eta": -3.917106089038408, "log10_lambda": -4.527512080694419, "log10_min_child_weight": 4.365212246410465, "log10_subsample": -0.7705549417163716, "max_depth": 4.0, "num_boost_round": 7.0}, "datetime": {"datetime": "2024-01-19 03:17:13", "elapsed": 11138.048206, "delta": 0.005729}}
{"target": -17.677225648808573, "params": {"gamma": 447.50655285789685, "log10_alpha": -4.493281068271742, "log10_colsample_bytree": -0.8287889730091769, "log10_eta": -3.917106089038408, "log10_lambda": -4.527512080694419, "log10_min_child_weight": 4.365212246410465, "log10_subsample": -0.7705549417163716, "max_depth": 4.0, "num_boost_round": 8.0}, "datetime": {"datetime": "2024-01-19 03:17:13", "elapsed": 11138.054059, "delta": 0.005853}}
{"target": -17.6772241039639, "params": {"gamma": 447.50655285789685, "log10_alpha": -4.493281068271742, "log10_colsample_bytree": -0.8287889730091769, "log10_eta": -3.917106089038408, "log10_lambda": -4.527512080694419, "log10_min_child_weight": 4.365212246410465, "log10_subsample": -0.7705549417163716, "max_depth": 4.0, "num_boost_round": 9.0}, "datetime": {"datetime": "2024-01-19 03:17:13", "elapsed": 11138.059893, "delta": 0.005834}}
{"target": -17.677224072809686, "params": {"gamma": 447.50655285789685, "log10_alpha": -4.493281068271742, "log10_colsample_bytree": -0.8287889730091769, "log10_eta": -3.917106089038408, "log10_lambda": -4.527512080694419, "log10_min_child_weight": 4.365212246410465, "log10_subsample": -0.7705549417163716, "max_depth": 4.0, "num_boost_round": 10.0}, "datetime": {"datetime": "2024-01-19 03:17:13", "elapsed": 11138.065392, "delta": 0.005499}}
{"target": -17.677222663100835, "params": {"gamma": 447.50655285789685, "log10_alpha": -4.493281068271742, "log10_colsample_bytree": -0.8287889730091769, "log10_eta": -3.917106089038408, "log10_lambda": -4.527512080694419, "log10_min_child_weight": 4.365212246410465, "log10_subsample": -0.7705549417163716, "max_depth": 4.0, "num_boost_round": 11.0}, "datetime": {"datetime": "2024-01-19 03:17:13", "elapsed": 11138.071226, "delta": 0.005834}}
{"target": -17.677222071951714, "params": {"gamma": 447.50655285789685, "log10_alpha": -4.493281068271742, "log10_colsample_bytree": -0.8287889730091769, "log10_eta": -3.917106089038408, "log10_lambda": -4.527512080694419, "log10_min_child_weight": 4.365212246410465, "log10_subsample": -0.7705549417163716, "max_depth": 4.0, "num_boost_round": 12.0}, "datetime": {"datetime": "2024-01-19 03:17:13", "elapsed": 11138.077147, "delta": 0.005921}}
{"target": -17.67722256487268, "params": {"gamma": 447.50655285789685, "log10_alpha": -4.493281068271742, "log10_colsample_bytree": -0.8287889730091769, "log10_eta": -3.917106089038408, "log10_lambda": -4.527512080694419, "log10_min_child_weight": 4.365212246410465, "log10_subsample": -0.7705549417163716, "max_depth": 4.0, "num_boost_round": 13.0}, "datetime": {"datetime": "2024-01-19 03:17:13", "elapsed": 11138.082814, "delta": 0.005667}}
{"target": -17.677222368020043, "params": {"gamma": 447.50655285789685, "log10_alpha": -4.493281068271742, "log10_colsample_bytree": -0.8287889730091769, "log10_eta": -3.917106089038408, "log10_lambda": -4.527512080694419, "log10_min_child_weight": 4.365212246410465, "log10_subsample": -0.7705549417163716, "max_depth": 4.0, "num_boost_round": 14.0}, "datetime": {"datetime": "2024-01-19 03:17:13", "elapsed": 11138.088571, "delta": 0.005757}}
{"target": -17.677220078402108, "params": {"gamma": 447.50655285789685, "log10_alpha": -4.493281068271742, "log10_colsample_bytree": -0.8287889730091769, "log10_eta": -3.917106089038408, "log10_lambda": -4.527512080694419, "log10_min_child_weight": 4.365212246410465, "log10_subsample": -0.7705549417163716, "max_depth": 4.0, "num_boost_round": 15.0}, "datetime": {"datetime": "2024-01-19 03:17:13", "elapsed": 11138.094284, "delta": 0.005713}}
{"target": -17.67721853639893, "params": {"gamma": 447.50655285789685, "log10_alpha": -4.493281068271742, "log10_colsample_bytree": -0.8287889730091769, "log10_eta": -3.917106089038408, "log10_lambda": -4.527512080694419, "log10_min_child_weight": 4.365212246410465, "log10_subsample": -0.7705549417163716, "max_depth": 4.0, "num_boost_round": 16.0}, "datetime": {"datetime": "2024-01-19 03:17:13", "elapsed": 11138.099834, "delta": 0.00555}}
{"target": -17.677217774879825, "params": {"gamma": 447.50655285789685, "log10_alpha": -4.493281068271742, "log10_colsample_bytree": -0.8287889730091769, "log10_eta": -3.917106089038408, "log10_lambda": -4.527512080694419, "log10_min_child_weight": 4.365212246410465, "log10_subsample": -0.7705549417163716, "max_depth": 4.0, "num_boost_round": 17.0}, "datetime": {"datetime": "2024-01-19 03:17:13", "elapsed": 11138.105423, "delta": 0.005589}}
{"target": -17.677216446613283, "params": {"gamma": 447.50655285789685, "log10_alpha": -4.493281068271742, "log10_colsample_bytree": -0.8287889730091769, "log10_eta": -3.917106089038408, "log10_lambda": -4.527512080694419, "log10_min_child_weight": 4.365212246410465, "log10_subsample": -0.7705549417163716, "max_depth": 4.0, "num_boost_round": 18.0}, "datetime": {"datetime": "2024-01-19 03:17:13", "elapsed": 11138.111138, "delta": 0.005715}}
{"target": -17.677215324634975, "params": {"gamma": 447.50655285789685, "log10_alpha": -4.493281068271742, "log10_colsample_bytree": -0.8287889730091769, "log10_eta": -3.917106089038408, "log10_lambda": -4.527512080694419, "log10_min_child_weight": 4.365212246410465, "log10_subsample": -0.7705549417163716, "max_depth": 4.0, "num_boost_round": 19.0}, "datetime": {"datetime": "2024-01-19 03:17:13", "elapsed": 11138.11685, "delta": 0.005712}}
{"target": -17.67721625243176, "params": {"gamma": 447.50655285789685, "log10_alpha": -4.493281068271742, "log10_colsample_bytree": -0.8287889730091769, "log10_eta": -3.917106089038408, "log10_lambda": -4.527512080694419, "log10_min_child_weight": 4.365212246410465, "log10_subsample": -0.7705549417163716, "max_depth": 4.0, "num_boost_round": 20.0}, "datetime": {"datetime": "2024-01-19 03:17:13", "elapsed": 11138.122615, "delta": 0.005765}}
{"target": -17.677215606885493, "params": {"gamma": 447.50655285789685, "log10_alpha": -4.493281068271742, "log10_colsample_bytree": -0.8287889730091769, "log10_eta": -3.917106089038408, "log10_lambda": -4.527512080694419, "log10_min_child_weight": 4.365212246410465, "log10_subsample": -0.7705549417163716, "max_depth": 4.0, "num_boost_round": 21.0}, "datetime": {"datetime": "2024-01-19 03:17:13", "elapsed": 11138.128478, "delta": 0.005863}}
{"target": -17.677214960701196, "params": {"gamma": 447.50655285789685, "log10_alpha": -4.493281068271742, "log10_colsample_bytree": -0.8287889730091769, "log10_eta": -3.917106089038408, "log10_lambda": -4.527512080694419, "log10_min_child_weight": 4.365212246410465, "log10_subsample": -0.7705549417163716, "max_depth": 4.0, "num_boost_round": 22.0}, "datetime": {"datetime": "2024-01-19 03:17:13", "elapsed": 11138.134113, "delta": 0.005635}}
{"target": -17.677213604959835, "params": {"gamma": 447.50655285789685, "log10_alpha": -4.493281068271742, "log10_colsample_bytree": -0.8287889730091769, "log10_eta": -3.917106089038408, "log10_lambda": -4.527512080694419, "log10_min_child_weight": 4.365212246410465, "log10_subsample": -0.7705549417163716, "max_depth": 4.0, "num_boost_round": 23.0}, "datetime": {"datetime": "2024-01-19 03:17:13", "elapsed": 11138.139629, "delta": 0.005516}}
{"target": -17.677213350771527, "params": {"gamma": 447.50655285789685, "log10_alpha": -4.493281068271742, "log10_colsample_bytree": -0.8287889730091769, "log10_eta": -3.917106089038408, "log10_lambda": -4.527512080694419, "log10_min_child_weight": 4.365212246410465, "log10_subsample": -0.7705549417163716, "max_depth": 4.0, "num_boost_round": 24.0}, "datetime": {"datetime": "2024-01-19 03:17:13", "elapsed": 11138.145146, "delta": 0.005517}}
{"target": -17.677212368449098, "params": {"gamma": 447.50655285789685, "log10_alpha": -4.493281068271742, "log10_colsample_bytree": -0.8287889730091769, "log10_eta": -3.917106089038408, "log10_lambda": -4.527512080694419, "log10_min_child_weight": 4.365212246410465, "log10_subsample": -0.7705549417163716, "max_depth": 4.0, "num_boost_round": 25.0}, "datetime": {"datetime": "2024-01-19 03:17:13", "elapsed": 11138.15076, "delta": 0.005614}}
{"target": -17.6772124675333, "params": {"gamma": 447.50655285789685, "log10_alpha": -4.493281068271742, "log10_colsample_bytree": -0.8287889730091769, "log10_eta": -3.917106089038408, "log10_lambda": -4.527512080694419, "log10_min_child_weight": 4.365212246410465, "log10_subsample": -0.7705549417163716, "max_depth": 4.0, "num_boost_round": 26.0}, "datetime": {"datetime": "2024-01-19 03:17:13", "elapsed": 11138.15638, "delta": 0.00562}}
{"target": -17.677211094057434, "params": {"gamma": 447.50655285789685, "log10_alpha": -4.493281068271742, "log10_colsample_bytree": -0.8287889730091769, "log10_eta": -3.917106089038408, "log10_lambda": -4.527512080694419, "log10_min_child_weight": 4.365212246410465, "log10_subsample": -0.7705549417163716, "max_depth": 4.0, "num_boost_round": 27.0}, "datetime": {"datetime": "2024-01-19 03:17:13", "elapsed": 11138.161921, "delta": 0.005541}}
