{"target": -17.677164095684123, "params": {"gamma": 972.8648005425518, "log10_alpha": -4.85713062806853, "log10_colsample_bytree": 0.0, "log10_eta": -4.0, "log10_lambda": -5.0, "log10_min_child_weight": 3.4355711702683007, "log10_subsample": -0.8355429160050298, "max_depth": 8.0, "num_boost_round": 29.0}, "datetime": {"datetime": "2024-01-19 01:41:54", "elapsed": 5408.441586, "delta": 0.005251}}
{"target": -17.67716018414424, "params": {"gamma": 972.8648005425518, "log10_alpha": -4.85713062806853, "log10_colsample_bytree": 0.0, "log10_eta": -4.0, "log10_lambda": -5.0, "log10_min_child_weight": 3.4355711702683007, "log10_subsample": -0.8355429160050298, "max_depth": 8.0, "num_boost_round": 30.0}, "datetime": {"datetime": "2024-01-19 01:41:54", "elapsed": 5408.446861, "delta": 0.005275}}
{"target": -17.677157038549264, "params": {"gamma": 972.8648005425518, "log10_alpha": -4.85713062806853, "log10_colsample_bytree": 0.0, "log10_eta": -4.0, "log10_lambda": -5.0, "log10_min_child_weight": 3.4355711702683007, "log10_subsample": -0.8355429160050298, "max_depth": 8.0, "num_boost_round": 31.0}, "datetime": {"datetime": "2024-01-19 01:41:54", "elapsed": 5408.453563, "delta": 0.006702}}
{"target": -17.67715284509287, "params": {"gamma": 972.8648005425518, "log10_alpha": -4.85713062806853, "log10_colsample_bytree": 0.0, "log10_eta": -4.0, "log10_lambda": -5.0, "log10_min_child_weight": 3.4355711702683007, "log10_subsample": -0.8355429160050298, "max_depth": 8.0, "num_boost_round": 32.0}, "datetime": {"datetime": "2024-01-19 01:41:54", "elapsed": 5408.458839, "delta": 0.005276}}
{"target": -17.677152130447066, "params": {"gamma": 972.8648005425518, "log10_alpha": -4.85713062806853, "log10_colsample_bytree": 0.0, "log10_eta": -4.0, "log10_lambda": -5.0, "log10_min_child_weight": 3.4355711702683007, "log10_subsample": -0.8355429160050298, "max_depth": 8.0, "num_boost_round": 33.0}, "datetime": {"datetime": "2024-01-19 01:41:54", "elapsed": 5408.464241, "delta": 0.005402}}
{"target": -17.677149579194996, "params": {"gamma": 972.8648005425518, "log10_alpha": -4.85713062806853, "log10_colsample_bytree": 0.0, "log10_eta": -4.0, "log10_lambda": -5.0, "log10_min_child_weight": 3.4355711702683007, "log10_subsample": -0.8355429160050298, "max_depth": 8.0, "num_boost_round": 34.0}, "datetime": {"datetime": "2024-01-19 01:41:54", "elapsed": 5408.469451, "delta": 0.00521}}
{"target": -17.677145993899885, "params": {"gamma": 972.8648005425518, "log10_alpha": -4.85713062806853, "log10_colsample_bytree": 0.0, "log10_eta": -4.0, "log10_lambda": -5.0, "log10_min_child_weight": 3.4355711702683007, "log10_subsample": -0.8355429160050298, "max_depth": 8.0, "num_boost_round": 35.0}, "datetime": {"datetime": "2024-01-19 01:41:54", "elapsed": 5408.474756, "delta": 0.005305}}
{"target": -17.6771430590589, "params": {"gamma": 972.8648005425518, "log10_alpha": -4.85713062806853, "log10_colsample_bytree": 0.0, "log10_eta": -4.0, "log10_lambda": -5.0, "log10_min_child_weight": 3.4355711702683007, "log10_subsample": -0.8355429160050298, "max_depth": 8.0, "num_boost_round": 36.0}, "datetime": {"datetime": "2024-01-19 01:41:54", "elapsed": 5408.480105, "delta": 0.005349}}
{"target": -17.67714230096964, "params": {"gamma": 972.8648005425518, "log10_alpha": -4.85713062806853, "log10_colsample_bytree": 0.0, "log10_eta": -4.0, "log10_lambda": -5.0, "log10_min_child_weight": 3.4355711702683007, "log10_subsample": -0.8355429160050298, "max_depth": 8.0, "num_boost_round": 37.0}, "datetime": {"datetime": "2024-01-19 01:41:54", "elapsed": 5408.485619, "delta": 0.005514}}
{"target": -17.677141116831972, "params": {"gamma": 972.8648005425518, "log10_alpha": -4.85713062806853, "log10_colsample_bytree": 0.0, "log10_eta": -4.0, "log10_lambda": -5.0, "log10_min_child_weight": 3.4355711702683007, "log10_subsample": -0.8355429160050298, "max_depth": 8.0, "num_boost_round": 38.0}, "datetime": {"datetime": "2024-01-19 01:41:54", "elapsed": 5408.490858, "delta": 0.005239}}
{"target": -17.677137473351355, "params": {"gamma": 972.8648005425518, "log10_alpha": -4.85713062806853, "log10_colsample_bytree": 0.0, "log10_eta": -4.0, "log10_lambda": -5.0, "log10_min_child_weight": 3.4355711702683007, "log10_subsample": -0.8355429160050298, "max_depth": 8.0, "num_boost_round": 39.0}, "datetime": {"datetime": "2024-01-19 01:41:54", "elapsed": 5408.495997, "delta": 0.005139}}
{"target": -17.67713562322558, "params": {"gamma": 972.8648005425518, "log10_alpha": -4.85713062806853, "log10_colsample_bytree": 0.0, "log10_eta": -4.0, "log10_lambda": -5.0, "log10_min_child_weight": 3.4355711702683007, "log10_subsample": -0.8355429160050298, "max_depth": 8.0, "num_boost_round": 40.0}, "datetime": {"datetime": "2024-01-19 01:41:54", "elapsed": 5408.501144, "delta": 0.005147}}
{"target": -17.67713466423019, "params": {"gamma": 972.8648005425518, "log10_alpha": -4.85713062806853, "log10_colsample_bytree": 0.0, "log10_eta": -4.0, "log10_lambda": -5.0, "log10_min_child_weight": 3.4355711702683007, "log10_subsample": -0.8355429160050298, "max_depth": 8.0, "num_boost_round": 41.0}, "datetime": {"datetime": "2024-01-19 01:41:54", "elapsed": 5408.506347, "delta": 0.005203}}
{"target": -17.6771317032313, "params": {"gamma": 972.8648005425518, "log10_alpha": -4.85713062806853, "log10_colsample_bytree": 0.0, "log10_eta": -4.0, "log10_lambda": -5.0, "log10_min_child_weight": 3.4355711702683007, "log10_subsample": -0.8355429160050298, "max_depth": 8.0, "num_boost_round": 42.0}, "datetime": {"datetime": "2024-01-19 01:41:54", "elapsed": 5408.511924, "delta": 0.005577}}
{"target": -17.67712944011783, "params": {"gamma": 972.8648005425518, "log10_alpha": -4.85713062806853, "log10_colsample_bytree": 0.0, "log10_eta": -4.0, "log10_lambda": -5.0, "log10_min_child_weight": 3.4355711702683007, "log10_subsample": -0.8355429160050298, "max_depth": 8.0, "num_boost_round": 43.0}, "datetime": {"datetime": "2024-01-19 01:41:54", "elapsed": 5408.517586, "delta": 0.005662}}
{"target": -17.677123851367867, "params": {"gamma": 972.8648005425518, "log10_alpha": -4.85713062806853, "log10_colsample_bytree": 0.0, "log10_eta": -4.0, "log10_lambda": -5.0, "log10_min_child_weight": 3.4355711702683007, "log10_subsample": -0.8355429160050298, "max_depth": 8.0, "num_boost_round": 44.0}, "datetime": {"datetime": "2024-01-19 01:41:54", "elapsed": 5408.52288, "delta": 0.005294}}
{"target": -17.67711968912516, "params": {"gamma": 972.8648005425518, "log10_alpha": -4.85713062806853, "log10_colsample_bytree": 0.0, "log10_eta": -4.0, "log10_lambda": -5.0, "log10_min_child_weight": 3.4355711702683007, "log10_subsample": -0.8355429160050298, "max_depth": 8.0, "num_boost_round": 45.0}, "datetime": {"datetime": "2024-01-19 01:41:54", "elapsed": 5408.528005, "delta": 0.005125}}
{"target": -17.677118209386272, "params": {"gamma": 972.8648005425518, "log10_alpha": -4.85713062806853, "log10_colsample_bytree": 0.0, "log10_eta": -4.0, "log10_lambda": -5.0, "log10_min_child_weight": 3.4355711702683007, "log10_subsample": -0.8355429160050298, "max_depth": 8.0, "num_boost_round": 46.0}, "datetime": {"datetime": "2024-01-19 01:41:54", "elapsed": 5408.533494, "delta": 0.005489}}
{"target": -17.677117658850236, "params": {"gamma": 972.8648005425518, "log10_alpha": -4.85713062806853, "log10_colsample_bytree": 0.0, "log10_eta": -4.0, "log10_lambda": -5.0, "log10_min_child_weight": 3.4355711702683007, "log10_subsample": -0.8355429160050298, "max_depth": 8.0, "num_boost_round": 47.0}, "datetime": {"datetime": "2024-01-19 01:41:54", "elapsed": 5408.538653, "delta": 0.005159}}
{"target": -17.677114915910487, "params": {"gamma": 972.8648005425518, "log10_alpha": -4.85713062806853, "log10_colsample_bytree": 0.0, "log10_eta": -4.0, "log10_lambda": -5.0, "log10_min_child_weight": 3.4355711702683007, "log10_subsample": -0.8355429160050298, "max_depth": 8.0, "num_boost_round": 48.0}, "datetime": {"datetime": "2024-01-19 01:41:54", "elapsed": 5408.643108, "delta": 0.104455}}
{"target": -17.6771090484367, "params": {"gamma": 972.8648005425518, "log10_alpha": -4.85713062806853, "log10_colsample_bytree": 0.0, "log10_eta": -4.0, "log10_lambda": -5.0, "log10_min_child_weight": 3.4355711702683007, "log10_subsample": -0.8355429160050298, "max_depth": 8.0, "num_boost_round": 49.0}, "datetime": {"datetime": "2024-01-19 01:41:54", "elapsed": 5408.649528, "delta": 0.00642}}
{"target": -17.677106712247582, "params": {"gamma": 972.8648005425518, "log10_alpha": -4.85713062806853, "log10_colsample_bytree": 0.0, "log10_eta": -4.0, "log10_lambda": -5.0, "log10_min_child_weight": 3.4355711702683007, "log10_subsample": -0.8355429160050298, "max_depth": 8.0, "num_boost_round": 50.0}, "datetime": {"datetime": "2024-01-19 01:41:54", "elapsed": 5408.654919, "delta": 0.005391}}
{"target": -17.67723506303465, "params": {"gamma": 980.6450012886993, "log10_alpha": 0.5595021479581108, "log10_colsample_bytree": -0.2425060816890383, "log10_eta": -3.2892693150832124, "log10_lambda": -3.209609240487339, "log10_min_child_weight": 4.421322957269686, "log10_subsample": -0.027661414603378787, "max_depth": 3.0, "num_boost_round": 0.0}, "datetime": {"datetime": "2024-01-19 01:42:58", "elapsed": 5472.45871, "delta": 63.803791}}
{"target": -17.67723653477515, "params": {"gamma": 980.6450012886993, "log10_alpha": 0.5595021479581108, "log10_colsample_bytree": -0.2425060816890383, "log10_eta": -3.2892693150832124, "log10_lambda": -3.209609240487339, "log10_min_child_weight": 4.421322957269686, "log10_subsample": -0.027661414603378787, "max_depth": 3.0, "num_boost_round": 1.0}, "datetime": {"datetime": "2024-01-19 01:42:58", "elapsed": 5472.465204, "delta": 0.006494}}
{"target": -17.677238163687573, "params": {"gamma": 980.6450012886993, "log10_alpha": 0.5595021479581108, "log10_colsample_bytree": -0.2425060816890383, "log10_eta": -3.2892693150832124, "log10_lambda": -3.209609240487339, "log10_min_child_weight": 4.421322957269686, "log10_subsample": -0.027661414603378787, "max_depth": 3.0, "num_boost_round": 2.0}, "datetime": {"datetime": "2024-01-19 01:42:58", "elapsed": 5472.47104, "delta": 0.005836}}
{"target": -17.677235254708865, "params": {"gamma": 980.6450012886993, "log10_alpha": 0.5595021479581108, "log10_colsample_bytree": -0.2425060816890383, "log10_eta": -3.2892693150832124, "log10_lambda": -3.209609240487339, "log10_min_child_weight": 4.421322957269686, "log10_subsample": -0.027661414603378787, "max_depth": 3.0, "num_boost_round": 3.0}, "datetime": {"datetime": "2024-01-19 01:42:58", "elapsed": 5472.476844, "delta": 0.005804}}
{"target": -17.677236234212987, "params": {"gamma": 980.6450012886993, "log10_alpha": 0.5595021479581108, "log10_colsample_bytree": -0.2425060816890383, "log10_eta": -3.2892693150832124, "log10_lambda": -3.209609240487339, "log10_min_child_weight": 4.421322957269686, "log10_subsample": -0.027661414603378787, "max_depth": 3.0, "num_boost_round": 4.0}, "datetime": {"datetime": "2024-01-19 01:42:58", "elapsed": 5472.482109, "delta": 0.005265}}
{"target": -17.67724196189312, "params": {"gamma": 980.6450012886993, "log10_alpha": 0.5595021479581108, "log10_colsample_bytree": -0.2425060816890383, "log10_eta": -3.2892693150832124, "log10_lambda": -3.209609240487339, "log10_min_child_weight": 4.421322957269686, "log10_subsample": -0.027661414603378787, "max_depth": 3.0, "num_boost_round": 5.0}, "datetime": {"datetime": "2024-01-19 01:42:58", "elapsed": 5472.487479, "delta": 0.00537}}
{"target": -17.67724331363704, "params": {"gamma": 980.6450012886993, "log10_alpha": 0.5595021479581108, "log10_colsample_bytree": -0.2425060816890383, "log10_eta": -3.2892693150832124, "log10_lambda": -3.209609240487339, "log10_min_child_weight": 4.421322957269686, "log10_subsample": -0.027661414603378787, "max_depth": 3.0, "num_boost_round": 6.0}, "datetime": {"datetime": "2024-01-19 01:42:58", "elapsed": 5472.492911, "delta": 0.005432}}
{"target": -17.67724158451494, "params": {"gamma": 980.6450012886993, "log10_alpha": 0.5595021479581108, "log10_colsample_bytree": -0.2425060816890383, "log10_eta": -3.2892693150832124, "log10_lambda": -3.209609240487339, "log10_min_child_weight": 4.421322957269686, "log10_subsample": -0.027661414603378787, "max_depth": 3.0, "num_boost_round": 7.0}, "datetime": {"datetime": "2024-01-19 01:42:58", "elapsed": 5472.498104, "delta": 0.005193}}
{"target": -17.67723645599661, "params": {"gamma": 980.6450012886993, "log10_alpha": 0.5595021479581108, "log10_colsample_bytree": -0.2425060816890383, "log10_eta": -3.2892693150832124, "log10_lambda": -3.209609240487339, "log10_min_child_weight": 4.421322957269686, "log10_subsample": -0.027661414603378787, "max_depth": 3.0, "num_boost_round": 8.0}, "datetime": {"datetime": "2024-01-19 01:42:58", "elapsed": 5472.503417, "delta": 0.005313}}
{"target": -17.67723303039114, "params": {"gamma": 980.6450012886993, "log10_alpha": 0.5595021479581108, "log10_colsample_bytree": -0.2425060816890383, "log10_eta": -3.2892693150832124, "log10_lambda": -3.209609240487339, "log10_min_child_weight": 4.421322957269686, "log10_subsample": -0.027661414603378787, "max_depth": 3.0, "num_boost_round": 9.0}, "datetime": {"datetime": "2024-01-19 01:42:58", "elapsed": 5472.508789, "delta": 0.005372}}
{"target": -17.677228840323238, "params": {"gamma": 980.6450012886993, "log10_alpha": 0.5595021479581108, "log10_colsample_bytree": -0.2425060816890383, "log10_eta": -3.2892693150832124, "log10_lambda": -3.209609240487339, "log10_min_child_weight": 4.421322957269686, "log10_subsample": -0.027661414603378787, "max_depth": 3.0, "num_boost_round": 10.0}, "datetime": {"datetime": "2024-01-19 01:42:58", "elapsed": 5472.514056, "delta": 0.005267}}
{"target": -17.67722212661759, "params": {"gamma": 980.6450012886993, "log10_alpha": 0.5595021479581108, "log10_colsample_bytree": -0.2425060816890383, "log10_eta": -3.2892693150832124, "log10_lambda": -3.209609240487339, "log10_min_child_weight": 4.421322957269686, "log10_subsample": -0.027661414603378787, "max_depth": 3.0, "num_boost_round": 11.0}, "datetime": {"datetime": "2024-01-19 01:42:58", "elapsed": 5472.51944, "delta": 0.005384}}
{"target": -17.677218385860215, "params": {"gamma": 980.6450012886993, "log10_alpha": 0.5595021479581108, "log10_colsample_bytree": -0.2425060816890383, "log10_eta": -3.2892693150832124, "log10_lambda": -3.209609240487339, "log10_min_child_weight": 4.421322957269686, "log10_subsample": -0.027661414603378787, "max_depth": 3.0, "num_boost_round": 12.0}, "datetime": {"datetime": "2024-01-19 01:42:58", "elapsed": 5472.524783, "delta": 0.005343}}
{"target": -17.677216404229664, "params": {"gamma": 980.6450012886993, "log10_alpha": 0.5595021479581108, "log10_colsample_bytree": -0.2425060816890383, "log10_eta": -3.2892693150832124, "log10_lambda": -3.209609240487339, "log10_min_child_weight": 4.421322957269686, "log10_subsample": -0.027661414603378787, "max_depth": 3.0, "num_boost_round": 13.0}, "datetime": {"datetime": "2024-01-19 01:42:58", "elapsed": 5472.53019, "delta": 0.005407}}
{"target": -17.677212165273804, "params": {"gamma": 980.6450012886993, "log10_alpha": 0.5595021479581108, "log10_colsample_bytree": -0.2425060816890383, "log10_eta": -3.2892693150832124, "log10_lambda": -3.209609240487339, "log10_min_child_weight": 4.421322957269686, "log10_subsample": -0.027661414603378787, "max_depth": 3.0, "num_boost_round": 14.0}, "datetime": {"datetime": "2024-01-19 01:42:58", "elapsed": 5472.535521, "delta": 0.005331}}
{"target": -17.67720438255172, "params": {"gamma": 980.6450012886993, "log10_alpha": 0.5595021479581108, "log10_colsample_bytree": -0.2425060816890383, "log10_eta": -3.2892693150832124, "log10_lambda": -3.209609240487339, "log10_min_child_weight": 4.421322957269686, "log10_subsample": -0.027661414603378787, "max_depth": 3.0, "num_boost_round": 15.0}, "datetime": {"datetime": "2024-01-19 01:42:58", "elapsed": 5472.540942, "delta": 0.005421}}
{"target": -17.677198164063295, "params": {"gamma": 980.6450012886993, "log10_alpha": 0.5595021479581108, "log10_colsample_bytree": -0.2425060816890383, "log10_eta": -3.2892693150832124, "log10_lambda": -3.209609240487339, "log10_min_child_weight": 4.421322957269686, "log10_subsample": -0.027661414603378787, "max_depth": 3.0, "num_boost_round": 16.0}, "datetime": {"datetime": "2024-01-19 01:42:58", "elapsed": 5472.546167, "delta": 0.005225}}
{"target": -17.677194479159944, "params": {"gamma": 980.6450012886993, "log10_alpha": 0.5595021479581108, "log10_colsample_bytree": -0.2425060816890383, "log10_eta": -3.2892693150832124, "log10_lambda": -3.209609240487339, "log10_min_child_weight": 4.421322957269686, "log10_subsample": -0.027661414603378787, "max_depth": 3.0, "num_boost_round": 17.0}, "datetime": {"datetime": "2024-01-19 01:42:58", "elapsed": 5472.551517, "delta": 0.00535}}
{"target": -17.67718940706273, "params": {"gamma": 980.6450012886993, "log10_alpha": 0.5595021479581108, "log10_colsample_bytree": -0.2425060816890383, "log10_eta": -3.2892693150832124, "log10_lambda": -3.209609240487339, "log10_min_child_weight": 4.421322957269686, "log10_subsample": -0.027661414603378787, "max_depth": 3.0, "num_boost_round": 18.0}, "datetime": {"datetime": "2024-01-19 01:42:58", "elapsed": 5472.55672, "delta": 0.005203}}
{"target": -17.677181529777215, "params": {"gamma": 980.6450012886993, "log10_alpha": 0.5595021479581108, "log10_colsample_bytree": -0.2425060816890383, "log10_eta": -3.2892693150832124, "log10_lambda": -3.209609240487339, "log10_min_child_weight": 4.421322957269686, "log10_subsample": -0.027661414603378787, "max_depth": 3.0, "num_boost_round": 19.0}, "datetime": {"datetime": "2024-01-19 01:42:58", "elapsed": 5472.561952, "delta": 0.005232}}
{"target": -17.677178591287525, "params": {"gamma": 980.6450012886993, "log10_alpha": 0.5595021479581108, "log10_colsample_bytree": -0.2425060816890383, "log10_eta": -3.2892693150832124, "log10_lambda": -3.209609240487339, "log10_min_child_weight": 4.421322957269686, "log10_subsample": -0.027661414603378787, "max_depth": 3.0, "num_boost_round": 20.0}, "datetime": {"datetime": "2024-01-19 01:42:58", "elapsed": 5472.56727, "delta": 0.005318}}
{"target": -17.677172987561367, "params": {"gamma": 980.6450012886993, "log10_alpha": 0.5595021479581108, "log10_colsample_bytree": -0.2425060816890383, "log10_eta": -3.2892693150832124, "log10_lambda": -3.209609240487339, "log10_min_child_weight": 4.421322957269686, "log10_subsample": -0.027661414603378787, "max_depth": 3.0, "num_boost_round": 21.0}, "datetime": {"datetime": "2024-01-19 01:42:58", "elapsed": 5472.572812, "delta": 0.005542}}
{"target": -17.677164845661054, "params": {"gamma": 980.6450012886993, "log10_alpha": 0.5595021479581108, "log10_colsample_bytree": -0.2425060816890383, "log10_eta": -3.2892693150832124, "log10_lambda": -3.209609240487339, "log10_min_child_weight": 4.421322957269686, "log10_subsample": -0.027661414603378787, "max_depth": 3.0, "num_boost_round": 22.0}, "datetime": {"datetime": "2024-01-19 01:42:58", "elapsed": 5472.57805, "delta": 0.005238}}
{"target": -17.677159071416078, "params": {"gamma": 980.6450012886993, "log10_alpha": 0.5595021479581108, "log10_colsample_bytree": -0.2425060816890383, "log10_eta": -3.2892693150832124, "log10_lambda": -3.209609240487339, "log10_min_child_weight": 4.421322957269686, "log10_subsample": -0.027661414603378787, "max_depth": 3.0, "num_boost_round": 23.0}, "datetime": {"datetime": "2024-01-19 01:42:58", "elapsed": 5472.583258, "delta": 0.005208}}
{"target": -17.67715808992974, "params": {"gamma": 980.6450012886993, "log10_alpha": 0.5595021479581108, "log10_colsample_bytree": -0.2425060816890383, "log10_eta": -3.2892693150832124, "log10_lambda": -3.209609240487339, "log10_min_child_weight": 4.421322957269686, "log10_subsample": -0.027661414603378787, "max_depth": 3.0, "num_boost_round": 24.0}, "datetime": {"datetime": "2024-01-19 01:42:58", "elapsed": 5472.58857, "delta": 0.005312}}
{"target": -17.67714966647061, "params": {"gamma": 980.6450012886993, "log10_alpha": 0.5595021479581108, "log10_colsample_bytree": -0.2425060816890383, "log10_eta": -3.2892693150832124, "log10_lambda": -3.209609240487339, "log10_min_child_weight": 4.421322957269686, "log10_subsample": -0.027661414603378787, "max_depth": 3.0, "num_boost_round": 25.0}, "datetime": {"datetime": "2024-01-19 01:42:58", "elapsed": 5472.593892, "delta": 0.005322}}
{"target": -17.677147270049073, "params": {"gamma": 980.6450012886993, "log10_alpha": 0.5595021479581108, "log10_colsample_bytree": -0.2425060816890383, "log10_eta": -3.2892693150832124, "log10_lambda": -3.209609240487339, "log10_min_child_weight": 4.421322957269686, "log10_subsample": -0.027661414603378787, "max_depth": 3.0, "num_boost_round": 26.0}, "datetime": {"datetime": "2024-01-19 01:42:58", "elapsed": 5472.599176, "delta": 0.005284}}
{"target": -17.677142459095148, "params": {"gamma": 980.6450012886993, "log10_alpha": 0.5595021479581108, "log10_colsample_bytree": -0.2425060816890383, "log10_eta": -3.2892693150832124, "log10_lambda": -3.209609240487339, "log10_min_child_weight": 4.421322957269686, "log10_subsample": -0.027661414603378787, "max_depth": 3.0, "num_boost_round": 27.0}, "datetime": {"datetime": "2024-01-19 01:42:58", "elapsed": 5472.604605, "delta": 0.005429}}
{"target": -17.677137329439486, "params": {"gamma": 980.6450012886993, "log10_alpha": 0.5595021479581108, "log10_colsample_bytree": -0.2425060816890383, "log10_eta": -3.2892693150832124, "log10_lambda": -3.209609240487339, "log10_min_child_weight": 4.421322957269686, "log10_subsample": -0.027661414603378787, "max_depth": 3.0, "num_boost_round": 28.0}, "datetime": {"datetime": "2024-01-19 01:42:58", "elapsed": 5472.609814, "delta": 0.005209}}
