{"target": -13.755897108221342, "params": {"gamma": 479.04268828615136, "log10_alpha": 0.06851784570649055, "log10_colsample_bytree": -0.6771964177288483, "log10_eta": -1.5841232218290657, "log10_lambda": -2.1718628541987735, "log10_min_child_weight": 3.436742929429318, "log10_subsample": -0.23106846146991467, "max_depth": 3.0, "num_boost_round": 17.0}, "datetime": {"datetime": "2024-01-19 00:36:32", "elapsed": 1495.985369, "delta": 0.002783}}
{"target": -13.75572067958302, "params": {"gamma": 479.04268828615136, "log10_alpha": 0.06851784570649055, "log10_colsample_bytree": -0.6771964177288483, "log10_eta": -1.5841232218290657, "log10_lambda": -2.1718628541987735, "log10_min_child_weight": 3.436742929429318, "log10_subsample": -0.23106846146991467, "max_depth": 3.0, "num_boost_round": 18.0}, "datetime": {"datetime": "2024-01-19 00:36:32", "elapsed": 1495.988137, "delta": 0.002768}}
{"target": -13.755476895528902, "params": {"gamma": 479.04268828615136, "log10_alpha": 0.06851784570649055, "log10_colsample_bytree": -0.6771964177288483, "log10_eta": -1.5841232218290657, "log10_lambda": -2.1718628541987735, "log10_min_child_weight": 3.436742929429318, "log10_subsample": -0.23106846146991467, "max_depth": 3.0, "num_boost_round": 19.0}, "datetime": {"datetime": "2024-01-19 00:36:32", "elapsed": 1495.990851, "delta": 0.002714}}
{"target": -13.755672104616082, "params": {"gamma": 479.04268828615136, "log10_alpha": 0.06851784570649055, "log10_colsample_bytree": -0.6771964177288483, "log10_eta": -1.5841232218290657, "log10_lambda": -2.1718628541987735, "log10_min_child_weight": 3.436742929429318, "log10_subsample": -0.23106846146991467, "max_depth": 3.0, "num_boost_round": 20.0}, "datetime": {"datetime": "2024-01-19 00:36:32", "elapsed": 1495.993599, "delta": 0.002748}}
{"target": -13.755549508443593, "params": {"gamma": 479.04268828615136, "log10_alpha": 0.06851784570649055, "log10_colsample_bytree": -0.6771964177288483, "log10_eta": -1.5841232218290657, "log10_lambda": -2.1718628541987735, "log10_min_child_weight": 3.436742929429318, "log10_subsample": -0.23106846146991467, "max_depth": 3.0, "num_boost_round": 21.0}, "datetime": {"datetime": "2024-01-19 00:36:32", "elapsed": 1495.996383, "delta": 0.002784}}
{"target": -13.755810261862917, "params": {"gamma": 479.04268828615136, "log10_alpha": 0.06851784570649055, "log10_colsample_bytree": -0.6771964177288483, "log10_eta": -1.5841232218290657, "log10_lambda": -2.1718628541987735, "log10_min_child_weight": 3.436742929429318, "log10_subsample": -0.23106846146991467, "max_depth": 3.0, "num_boost_round": 22.0}, "datetime": {"datetime": "2024-01-19 00:36:32", "elapsed": 1495.999108, "delta": 0.002725}}
{"target": -13.75536168756943, "params": {"gamma": 479.04268828615136, "log10_alpha": 0.06851784570649055, "log10_colsample_bytree": -0.6771964177288483, "log10_eta": -1.5841232218290657, "log10_lambda": -2.1718628541987735, "log10_min_child_weight": 3.436742929429318, "log10_subsample": -0.23106846146991467, "max_depth": 3.0, "num_boost_round": 23.0}, "datetime": {"datetime": "2024-01-19 00:36:32", "elapsed": 1496.001837, "delta": 0.002729}}
{"target": -13.75582501285954, "params": {"gamma": 479.04268828615136, "log10_alpha": 0.06851784570649055, "log10_colsample_bytree": -0.6771964177288483, "log10_eta": -1.5841232218290657, "log10_lambda": -2.1718628541987735, "log10_min_child_weight": 3.436742929429318, "log10_subsample": -0.23106846146991467, "max_depth": 3.0, "num_boost_round": 24.0}, "datetime": {"datetime": "2024-01-19 00:36:32", "elapsed": 1496.004567, "delta": 0.00273}}
{"target": -13.755622361655659, "params": {"gamma": 479.04268828615136, "log10_alpha": 0.06851784570649055, "log10_colsample_bytree": -0.6771964177288483, "log10_eta": -1.5841232218290657, "log10_lambda": -2.1718628541987735, "log10_min_child_weight": 3.436742929429318, "log10_subsample": -0.23106846146991467, "max_depth": 3.0, "num_boost_round": 25.0}, "datetime": {"datetime": "2024-01-19 00:36:32", "elapsed": 1496.09065, "delta": 0.086083}}
{"target": -13.755857025555013, "params": {"gamma": 479.04268828615136, "log10_alpha": 0.06851784570649055, "log10_colsample_bytree": -0.6771964177288483, "log10_eta": -1.5841232218290657, "log10_lambda": -2.1718628541987735, "log10_min_child_weight": 3.436742929429318, "log10_subsample": -0.23106846146991467, "max_depth": 3.0, "num_boost_round": 26.0}, "datetime": {"datetime": "2024-01-19 00:36:32", "elapsed": 1496.093714, "delta": 0.003064}}
{"target": -13.755556621431664, "params": {"gamma": 479.04268828615136, "log10_alpha": 0.06851784570649055, "log10_colsample_bytree": -0.6771964177288483, "log10_eta": -1.5841232218290657, "log10_lambda": -2.1718628541987735, "log10_min_child_weight": 3.436742929429318, "log10_subsample": -0.23106846146991467, "max_depth": 3.0, "num_boost_round": 27.0}, "datetime": {"datetime": "2024-01-19 00:36:32", "elapsed": 1496.09653, "delta": 0.002816}}
{"target": -13.755686722350985, "params": {"gamma": 479.04268828615136, "log10_alpha": 0.06851784570649055, "log10_colsample_bytree": -0.6771964177288483, "log10_eta": -1.5841232218290657, "log10_lambda": -2.1718628541987735, "log10_min_child_weight": 3.436742929429318, "log10_subsample": -0.23106846146991467, "max_depth": 3.0, "num_boost_round": 28.0}, "datetime": {"datetime": "2024-01-19 00:36:32", "elapsed": 1496.099348, "delta": 0.002818}}
{"target": -13.756100002055051, "params": {"gamma": 479.04268828615136, "log10_alpha": 0.06851784570649055, "log10_colsample_bytree": -0.6771964177288483, "log10_eta": -1.5841232218290657, "log10_lambda": -2.1718628541987735, "log10_min_child_weight": 3.436742929429318, "log10_subsample": -0.23106846146991467, "max_depth": 3.0, "num_boost_round": 29.0}, "datetime": {"datetime": "2024-01-19 00:36:32", "elapsed": 1496.102155, "delta": 0.002807}}
{"target": -13.756258647751853, "params": {"gamma": 479.04268828615136, "log10_alpha": 0.06851784570649055, "log10_colsample_bytree": -0.6771964177288483, "log10_eta": -1.5841232218290657, "log10_lambda": -2.1718628541987735, "log10_min_child_weight": 3.436742929429318, "log10_subsample": -0.23106846146991467, "max_depth": 3.0, "num_boost_round": 30.0}, "datetime": {"datetime": "2024-01-19 00:36:32", "elapsed": 1496.104972, "delta": 0.002817}}
{"target": -13.755946107623874, "params": {"gamma": 479.04268828615136, "log10_alpha": 0.06851784570649055, "log10_colsample_bytree": -0.6771964177288483, "log10_eta": -1.5841232218290657, "log10_lambda": -2.1718628541987735, "log10_min_child_weight": 3.436742929429318, "log10_subsample": -0.23106846146991467, "max_depth": 3.0, "num_boost_round": 31.0}, "datetime": {"datetime": "2024-01-19 00:36:32", "elapsed": 1496.107775, "delta": 0.002803}}
{"target": -13.758538332457292, "params": {"gamma": 475.7351037961457, "log10_alpha": -3.123746530926582, "log10_colsample_bytree": -0.7092509611966374, "log10_eta": -3.775378442577035, "log10_lambda": -0.4893517200675106, "log10_min_child_weight": 4.7924345504006665, "log10_subsample": -0.044518492257461295, "max_depth": 2.0, "num_boost_round": 0.0}, "datetime": {"datetime": "2024-01-19 00:37:00", "elapsed": 1524.753379, "delta": 28.645604}}
{"target": -13.758538381948478, "params": {"gamma": 475.7351037961457, "log10_alpha": -3.123746530926582, "log10_colsample_bytree": -0.7092509611966374, "log10_eta": -3.775378442577035, "log10_lambda": -0.4893517200675106, "log10_min_child_weight": 4.7924345504006665, "log10_subsample": -0.044518492257461295, "max_depth": 2.0, "num_boost_round": 1.0}, "datetime": {"datetime": "2024-01-19 00:37:00", "elapsed": 1524.756776, "delta": 0.003397}}
{"target": -13.758538613947566, "params": {"gamma": 475.7351037961457, "log10_alpha": -3.123746530926582, "log10_colsample_bytree": -0.7092509611966374, "log10_eta": -3.775378442577035, "log10_lambda": -0.4893517200675106, "log10_min_child_weight": 4.7924345504006665, "log10_subsample": -0.044518492257461295, "max_depth": 2.0, "num_boost_round": 2.0}, "datetime": {"datetime": "2024-01-19 00:37:00", "elapsed": 1524.759773, "delta": 0.002997}}
{"target": -13.758538344760264, "params": {"gamma": 475.7351037961457, "log10_alpha": -3.123746530926582, "log10_colsample_bytree": -0.7092509611966374, "log10_eta": -3.775378442577035, "log10_lambda": -0.4893517200675106, "log10_min_child_weight": 4.7924345504006665, "log10_subsample": -0.044518492257461295, "max_depth": 2.0, "num_boost_round": 3.0}, "datetime": {"datetime": "2024-01-19 00:37:00", "elapsed": 1524.762526, "delta": 0.002753}}
{"target": -13.758538354282338, "params": {"gamma": 475.7351037961457, "log10_alpha": -3.123746530926582, "log10_colsample_bytree": -0.7092509611966374, "log10_eta": -3.775378442577035, "log10_lambda": -0.4893517200675106, "log10_min_child_weight": 4.7924345504006665, "log10_subsample": -0.044518492257461295, "max_depth": 2.0, "num_boost_round": 4.0}, "datetime": {"datetime": "2024-01-19 00:37:00", "elapsed": 1524.765368, "delta": 0.002842}}
{"target": -13.75853856533187, "params": {"gamma": 475.7351037961457, "log10_alpha": -3.123746530926582, "log10_colsample_bytree": -0.7092509611966374, "log10_eta": -3.775378442577035, "log10_lambda": -0.4893517200675106, "log10_min_child_weight": 4.7924345504006665, "log10_subsample": -0.044518492257461295, "max_depth": 2.0, "num_boost_round": 5.0}, "datetime": {"datetime": "2024-01-19 00:37:00", "elapsed": 1524.768133, "delta": 0.002765}}
{"target": -13.758539518921424, "params": {"gamma": 475.7351037961457, "log10_alpha": -3.123746530926582, "log10_colsample_bytree": -0.7092509611966374, "log10_eta": -3.775378442577035, "log10_lambda": -0.4893517200675106, "log10_min_child_weight": 4.7924345504006665, "log10_subsample": -0.044518492257461295, "max_depth": 2.0, "num_boost_round": 6.0}, "datetime": {"datetime": "2024-01-19 00:37:00", "elapsed": 1524.771006, "delta": 0.002873}}
{"target": -13.758538852292554, "params": {"gamma": 475.7351037961457, "log10_alpha": -3.123746530926582, "log10_colsample_bytree": -0.7092509611966374, "log10_eta": -3.775378442577035, "log10_lambda": -0.4893517200675106, "log10_min_child_weight": 4.7924345504006665, "log10_subsample": -0.044518492257461295, "max_depth": 2.0, "num_boost_round": 7.0}, "datetime": {"datetime": "2024-01-19 00:37:00", "elapsed": 1524.77378, "delta": 0.002774}}
{"target": -13.75853983306703, "params": {"gamma": 475.7351037961457, "log10_alpha": -3.123746530926582, "log10_colsample_bytree": -0.7092509611966374, "log10_eta": -3.775378442577035, "log10_lambda": -0.4893517200675106, "log10_min_child_weight": 4.7924345504006665, "log10_subsample": -0.044518492257461295, "max_depth": 2.0, "num_boost_round": 8.0}, "datetime": {"datetime": "2024-01-19 00:37:00", "elapsed": 1524.776695, "delta": 0.002915}}
{"target": -13.758539174495347, "params": {"gamma": 475.7351037961457, "log10_alpha": -3.123746530926582, "log10_colsample_bytree": -0.7092509611966374, "log10_eta": -3.775378442577035, "log10_lambda": -0.4893517200675106, "log10_min_child_weight": 4.7924345504006665, "log10_subsample": -0.044518492257461295, "max_depth": 2.0, "num_boost_round": 9.0}, "datetime": {"datetime": "2024-01-19 00:37:00", "elapsed": 1524.77965, "delta": 0.002955}}
{"target": -13.758538807471295, "params": {"gamma": 475.7351037961457, "log10_alpha": -3.123746530926582, "log10_colsample_bytree": -0.7092509611966374, "log10_eta": -3.775378442577035, "log10_lambda": -0.4893517200675106, "log10_min_child_weight": 4.7924345504006665, "log10_subsample": -0.044518492257461295, "max_depth": 2.0, "num_boost_round": 10.0}, "datetime": {"datetime": "2024-01-19 00:37:00", "elapsed": 1524.782507, "delta": 0.002857}}
{"target": -13.758538131466683, "params": {"gamma": 475.7351037961457, "log10_alpha": -3.123746530926582, "log10_colsample_bytree": -0.7092509611966374, "log10_eta": -3.775378442577035, "log10_lambda": -0.4893517200675106, "log10_min_child_weight": 4.7924345504006665, "log10_subsample": -0.044518492257461295, "max_depth": 2.0, "num_boost_round": 11.0}, "datetime": {"datetime": "2024-01-19 00:37:00", "elapsed": 1524.785351, "delta": 0.002844}}
{"target": -13.758539120359444, "params": {"gamma": 475.7351037961457, "log10_alpha": -3.123746530926582, "log10_colsample_bytree": -0.7092509611966374, "log10_eta": -3.775378442577035, "log10_lambda": -0.4893517200675106, "log10_min_child_weight": 4.7924345504006665, "log10_subsample": -0.044518492257461295, "max_depth": 2.0, "num_boost_round": 12.0}, "datetime": {"datetime": "2024-01-19 00:37:00", "elapsed": 1524.788153, "delta": 0.002802}}
{"target": -13.758539213410895, "params": {"gamma": 475.7351037961457, "log10_alpha": -3.123746530926582, "log10_colsample_bytree": -0.7092509611966374, "log10_eta": -3.775378442577035, "log10_lambda": -0.4893517200675106, "log10_min_child_weight": 4.7924345504006665, "log10_subsample": -0.044518492257461295, "max_depth": 2.0, "num_boost_round": 13.0}, "datetime": {"datetime": "2024-01-19 00:37:00", "elapsed": 1524.790968, "delta": 0.002815}}
{"target": -13.758539428434906, "params": {"gamma": 475.7351037961457, "log10_alpha": -3.123746530926582, "log10_colsample_bytree": -0.7092509611966374, "log10_eta": -3.775378442577035, "log10_lambda": -0.4893517200675106, "log10_min_child_weight": 4.7924345504006665, "log10_subsample": -0.044518492257461295, "max_depth": 2.0, "num_boost_round": 14.0}, "datetime": {"datetime": "2024-01-19 00:37:00", "elapsed": 1524.793745, "delta": 0.002777}}
{"target": -13.758538281227496, "params": {"gamma": 475.7351037961457, "log10_alpha": -3.123746530926582, "log10_colsample_bytree": -0.7092509611966374, "log10_eta": -3.775378442577035, "log10_lambda": -0.4893517200675106, "log10_min_child_weight": 4.7924345504006665, "log10_subsample": -0.044518492257461295, "max_depth": 2.0, "num_boost_round": 15.0}, "datetime": {"datetime": "2024-01-19 00:37:00", "elapsed": 1524.796593, "delta": 0.002848}}
{"target": -13.758537807831232, "params": {"gamma": 475.7351037961457, "log10_alpha": -3.123746530926582, "log10_colsample_bytree": -0.7092509611966374, "log10_eta": -3.775378442577035, "log10_lambda": -0.4893517200675106, "log10_min_child_weight": 4.7924345504006665, "log10_subsample": -0.044518492257461295, "max_depth": 2.0, "num_boost_round": 16.0}, "datetime": {"datetime": "2024-01-19 00:37:00", "elapsed": 1524.799356, "delta": 0.002763}}
{"target": -13.758537072980827, "params": {"gamma": 475.7351037961457, "log10_alpha": -3.123746530926582, "log10_colsample_bytree": -0.7092509611966374, "log10_eta": -3.775378442577035, "log10_lambda": -0.4893517200675106, "log10_min_child_weight": 4.7924345504006665, "log10_subsample": -0.044518492257461295, "max_depth": 2.0, "num_boost_round": 17.0}, "datetime": {"datetime": "2024-01-19 00:37:00", "elapsed": 1524.802121, "delta": 0.002765}}
{"target": -13.75853660366276, "params": {"gamma": 475.7351037961457, "log10_alpha": -3.123746530926582, "log10_colsample_bytree": -0.7092509611966374, "log10_eta": -3.775378442577035, "log10_lambda": -0.4893517200675106, "log10_min_child_weight": 4.7924345504006665, "log10_subsample": -0.044518492257461295, "max_depth": 2.0, "num_boost_round": 18.0}, "datetime": {"datetime": "2024-01-19 00:37:00", "elapsed": 1524.804981, "delta": 0.00286}}
{"target": -13.75853685517973, "params": {"gamma": 475.7351037961457, "log10_alpha": -3.123746530926582, "log10_colsample_bytree": -0.7092509611966374, "log10_eta": -3.775378442577035, "log10_lambda": -0.4893517200675106, "log10_min_child_weight": 4.7924345504006665, "log10_subsample": -0.044518492257461295, "max_depth": 2.0, "num_boost_round": 19.0}, "datetime": {"datetime": "2024-01-19 00:37:00", "elapsed": 1524.807757, "delta": 0.002776}}
{"target": -13.758537690967838, "params": {"gamma": 475.7351037961457, "log10_alpha": -3.123746530926582, "log10_colsample_bytree": -0.7092509611966374, "log10_eta": -3.775378442577035, "log10_lambda": -0.4893517200675106, "log10_min_child_weight": 4.7924345504006665, "log10_subsample": -0.044518492257461295, "max_depth": 2.0, "num_boost_round": 20.0}, "datetime": {"datetime": "2024-01-19 00:37:00", "elapsed": 1524.810592, "delta": 0.002835}}
{"target": -13.75853448379228, "params": {"gamma": 478.984800017871, "log10_alpha": -4.802903562398331, "log10_colsample_bytree": -0.14886756545377844, "log10_eta": -2.9851307784757126, "log10_lambda": -2.3960222111830882, "log10_min_child_weight": 4.039868792169718, "log10_subsample": -0.705941540613596, "max_depth": 5.0, "num_boost_round": 0.0}, "datetime": {"datetime": "2024-01-19 00:37:45", "elapsed": 1569.004846, "delta": 44.194254}}
{"target": -13.758527061892972, "params": {"gamma": 478.984800017871, "log10_alpha": -4.802903562398331, "log10_colsample_bytree": -0.14886756545377844, "log10_eta": -2.9851307784757126, "log10_lambda": -2.3960222111830882, "log10_min_child_weight": 4.039868792169718, "log10_subsample": -0.705941540613596, "max_depth": 5.0, "num_boost_round": 1.0}, "datetime": {"datetime": "2024-01-19 00:37:45", "elapsed": 1569.008113, "delta": 0.003267}}
{"target": -13.758538565180094, "params": {"gamma": 478.984800017871, "log10_alpha": -4.802903562398331, "log10_colsample_bytree": -0.14886756545377844, "log10_eta": -2.9851307784757126, "log10_lambda": -2.3960222111830882, "log10_min_child_weight": 4.039868792169718, "log10_subsample": -0.705941540613596, "max_depth": 5.0, "num_boost_round": 2.0}, "datetime": {"datetime": "2024-01-19 00:37:45", "elapsed": 1569.011041, "delta": 0.002928}}
{"target": -13.758540722524906, "params": {"gamma": 478.984800017871, "log10_alpha": -4.802903562398331, "log10_colsample_bytree": -0.14886756545377844, "log10_eta": -2.9851307784757126, "log10_lambda": -2.3960222111830882, "log10_min_child_weight": 4.039868792169718, "log10_subsample": -0.705941540613596, "max_depth": 5.0, "num_boost_round": 3.0}, "datetime": {"datetime": "2024-01-19 00:37:45", "elapsed": 1569.013817, "delta": 0.002776}}
{"target": -13.758545909688658, "params": {"gamma": 478.984800017871, "log10_alpha": -4.802903562398331, "log10_colsample_bytree": -0.14886756545377844, "log10_eta": -2.9851307784757126, "log10_lambda": -2.3960222111830882, "log10_min_child_weight": 4.039868792169718, "log10_subsample": -0.705941540613596, "max_depth": 5.0, "num_boost_round": 4.0}, "datetime": {"datetime": "2024-01-19 00:37:45", "elapsed": 1569.016699, "delta": 0.002882}}
{"target": -13.758548633844773, "params": {"gamma": 478.984800017871, "log10_alpha": -4.802903562398331, "log10_colsample_bytree": -0.14886756545377844, "log10_eta": -2.9851307784757126, "log10_lambda": -2.3960222111830882, "log10_min_child_weight": 4.039868792169718, "log10_subsample": -0.705941540613596, "max_depth": 5.0, "num_boost_round": 5.0}, "datetime": {"datetime": "2024-01-19 00:37:45", "elapsed": 1569.019446, "delta": 0.002747}}
{"target": -13.758550856765977, "params": {"gamma": 478.984800017871, "log10_alpha": -4.802903562398331, "log10_colsample_bytree": -0.14886756545377844, "log10_eta": -2.9851307784757126, "log10_lambda": -2.3960222111830882, "log10_min_child_weight": 4.039868792169718, "log10_subsample": -0.705941540613596, "max_depth": 5.0, "num_boost_round": 6.0}, "datetime": {"datetime": "2024-01-19 00:37:45", "elapsed": 1569.022267, "delta": 0.002821}}
{"target": -13.758550477751262, "params": {"gamma": 478.984800017871, "log10_alpha": -4.802903562398331, "log10_colsample_bytree": -0.14886756545377844, "log10_eta": -2.9851307784757126, "log10_lambda": -2.3960222111830882, "log10_min_child_weight": 4.039868792169718, "log10_subsample": -0.705941540613596, "max_depth": 5.0, "num_boost_round": 7.0}, "datetime": {"datetime": "2024-01-19 00:37:45", "elapsed": 1569.025154, "delta": 0.002887}}
{"target": -13.758535766518838, "params": {"gamma": 478.984800017871, "log10_alpha": -4.802903562398331, "log10_colsample_bytree": -0.14886756545377844, "log10_eta": -2.9851307784757126, "log10_lambda": -2.3960222111830882, "log10_min_child_weight": 4.039868792169718, "log10_subsample": -0.705941540613596, "max_depth": 5.0, "num_boost_round": 8.0}, "datetime": {"datetime": "2024-01-19 00:37:45", "elapsed": 1569.027973, "delta": 0.002819}}
{"target": -13.75853602795032, "params": {"gamma": 478.984800017871, "log10_alpha": -4.802903562398331, "log10_colsample_bytree": -0.14886756545377844, "log10_eta": -2.9851307784757126, "log10_lambda": -2.3960222111830882, "log10_min_child_weight": 4.039868792169718, "log10_subsample": -0.705941540613596, "max_depth": 5.0, "num_boost_round": 9.0}, "datetime": {"datetime": "2024-01-19 00:37:45", "elapsed": 1569.030758, "delta": 0.002785}}
{"target": -13.758520662141338, "params": {"gamma": 478.984800017871, "log10_alpha": -4.802903562398331, "log10_colsample_bytree": -0.14886756545377844, "log10_eta": -2.9851307784757126, "log10_lambda": -2.3960222111830882, "log10_min_child_weight": 4.039868792169718, "log10_subsample": -0.705941540613596, "max_depth": 5.0, "num_boost_round": 10.0}, "datetime": {"datetime": "2024-01-19 00:37:45", "elapsed": 1569.033569, "delta": 0.002811}}
{"target": -13.758515728114869, "params": {"gamma": 478.984800017871, "log10_alpha": -4.802903562398331, "log10_colsample_bytree": -0.14886756545377844, "log10_eta": -2.9851307784757126, "log10_lambda": -2.3960222111830882, "log10_min_child_weight": 4.039868792169718, "log10_subsample": -0.705941540613596, "max_depth": 5.0, "num_boost_round": 11.0}, "datetime": {"datetime": "2024-01-19 00:37:45", "elapsed": 1569.036409, "delta": 0.00284}}
{"target": -13.758506051381545, "params": {"gamma": 478.984800017871, "log10_alpha": -4.802903562398331, "log10_colsample_bytree": -0.14886756545377844, "log10_eta": -2.9851307784757126, "log10_lambda": -2.3960222111830882, "log10_min_child_weight": 4.039868792169718, "log10_subsample": -0.705941540613596, "max_depth": 5.0, "num_boost_round": 12.0}, "datetime": {"datetime": "2024-01-19 00:37:45", "elapsed": 1569.039155, "delta": 0.002746}}
