{"target": -13.758553195206943, "params": {"gamma": 562.399861118413, "log10_alpha": 0.10764946039698486, "log10_colsample_bytree": -0.8728259536287902, "log10_eta": -1.9283873745925888, "log10_lambda": 0.6937893346055128, "log10_min_child_weight": 4.586329956429322, "log10_subsample": -0.049243985309861515, "max_depth": 6.0, "num_boost_round": 1.0}, "datetime": {"datetime": "2024-01-19 01:28:01", "elapsed": 4613.489167, "delta": 0.005183}}
{"target": -13.758509689952348, "params": {"gamma": 562.399861118413, "log10_alpha": 0.10764946039698486, "log10_colsample_bytree": -0.8728259536287902, "log10_eta": -1.9283873745925888, "log10_lambda": 0.6937893346055128, "log10_min_child_weight": 4.586329956429322, "log10_subsample": -0.049243985309861515, "max_depth": 6.0, "num_boost_round": 2.0}, "datetime": {"datetime": "2024-01-19 01:28:01", "elapsed": 4613.494235, "delta": 0.005068}}
{"target": -13.758503499750022, "params": {"gamma": 562.399861118413, "log10_alpha": 0.10764946039698486, "log10_colsample_bytree": -0.8728259536287902, "log10_eta": -1.9283873745925888, "log10_lambda": 0.6937893346055128, "log10_min_child_weight": 4.586329956429322, "log10_subsample": -0.049243985309861515, "max_depth": 6.0, "num_boost_round": 3.0}, "datetime": {"datetime": "2024-01-19 01:28:01", "elapsed": 4613.499086, "delta": 0.004851}}
{"target": -13.758484094911637, "params": {"gamma": 562.399861118413, "log10_alpha": 0.10764946039698486, "log10_colsample_bytree": -0.8728259536287902, "log10_eta": -1.9283873745925888, "log10_lambda": 0.6937893346055128, "log10_min_child_weight": 4.586329956429322, "log10_subsample": -0.049243985309861515, "max_depth": 6.0, "num_boost_round": 4.0}, "datetime": {"datetime": "2024-01-19 01:28:01", "elapsed": 4613.503979, "delta": 0.004893}}
{"target": -13.758464404011411, "params": {"gamma": 562.399861118413, "log10_alpha": 0.10764946039698486, "log10_colsample_bytree": -0.8728259536287902, "log10_eta": -1.9283873745925888, "log10_lambda": 0.6937893346055128, "log10_min_child_weight": 4.586329956429322, "log10_subsample": -0.049243985309861515, "max_depth": 6.0, "num_boost_round": 5.0}, "datetime": {"datetime": "2024-01-19 01:28:01", "elapsed": 4613.508945, "delta": 0.004966}}
{"target": -13.75853659659569, "params": {"gamma": 562.399861118413, "log10_alpha": 0.10764946039698486, "log10_colsample_bytree": -0.8728259536287902, "log10_eta": -1.9283873745925888, "log10_lambda": 0.6937893346055128, "log10_min_child_weight": 4.586329956429322, "log10_subsample": -0.049243985309861515, "max_depth": 6.0, "num_boost_round": 6.0}, "datetime": {"datetime": "2024-01-19 01:28:01", "elapsed": 4613.513974, "delta": 0.005029}}
{"target": -13.758410970236891, "params": {"gamma": 562.399861118413, "log10_alpha": 0.10764946039698486, "log10_colsample_bytree": -0.8728259536287902, "log10_eta": -1.9283873745925888, "log10_lambda": 0.6937893346055128, "log10_min_child_weight": 4.586329956429322, "log10_subsample": -0.049243985309861515, "max_depth": 6.0, "num_boost_round": 7.0}, "datetime": {"datetime": "2024-01-19 01:28:01", "elapsed": 4613.518785, "delta": 0.004811}}
{"target": -13.75846294433833, "params": {"gamma": 562.399861118413, "log10_alpha": 0.10764946039698486, "log10_colsample_bytree": -0.8728259536287902, "log10_eta": -1.9283873745925888, "log10_lambda": 0.6937893346055128, "log10_min_child_weight": 4.586329956429322, "log10_subsample": -0.049243985309861515, "max_depth": 6.0, "num_boost_round": 8.0}, "datetime": {"datetime": "2024-01-19 01:28:01", "elapsed": 4613.523598, "delta": 0.004813}}
{"target": -13.758501356926732, "params": {"gamma": 562.399861118413, "log10_alpha": 0.10764946039698486, "log10_colsample_bytree": -0.8728259536287902, "log10_eta": -1.9283873745925888, "log10_lambda": 0.6937893346055128, "log10_min_child_weight": 4.586329956429322, "log10_subsample": -0.049243985309861515, "max_depth": 6.0, "num_boost_round": 9.0}, "datetime": {"datetime": "2024-01-19 01:28:01", "elapsed": 4613.528465, "delta": 0.004867}}
{"target": -13.758353298837802, "params": {"gamma": 562.399861118413, "log10_alpha": 0.10764946039698486, "log10_colsample_bytree": -0.8728259536287902, "log10_eta": -1.9283873745925888, "log10_lambda": 0.6937893346055128, "log10_min_child_weight": 4.586329956429322, "log10_subsample": -0.049243985309861515, "max_depth": 6.0, "num_boost_round": 10.0}, "datetime": {"datetime": "2024-01-19 01:28:01", "elapsed": 4613.533515, "delta": 0.00505}}
{"target": -13.758455776385949, "params": {"gamma": 562.399861118413, "log10_alpha": 0.10764946039698486, "log10_colsample_bytree": -0.8728259536287902, "log10_eta": -1.9283873745925888, "log10_lambda": 0.6937893346055128, "log10_min_child_weight": 4.586329956429322, "log10_subsample": -0.049243985309861515, "max_depth": 6.0, "num_boost_round": 11.0}, "datetime": {"datetime": "2024-01-19 01:28:01", "elapsed": 4613.53822, "delta": 0.004705}}
{"target": -13.75856388421775, "params": {"gamma": 562.399861118413, "log10_alpha": 0.10764946039698486, "log10_colsample_bytree": -0.8728259536287902, "log10_eta": -1.9283873745925888, "log10_lambda": 0.6937893346055128, "log10_min_child_weight": 4.586329956429322, "log10_subsample": -0.049243985309861515, "max_depth": 6.0, "num_boost_round": 12.0}, "datetime": {"datetime": "2024-01-19 01:28:01", "elapsed": 4613.543113, "delta": 0.004893}}
{"target": -13.75845923762663, "params": {"gamma": 562.399861118413, "log10_alpha": 0.10764946039698486, "log10_colsample_bytree": -0.8728259536287902, "log10_eta": -1.9283873745925888, "log10_lambda": 0.6937893346055128, "log10_min_child_weight": 4.586329956429322, "log10_subsample": -0.049243985309861515, "max_depth": 6.0, "num_boost_round": 13.0}, "datetime": {"datetime": "2024-01-19 01:28:01", "elapsed": 4613.548104, "delta": 0.004991}}
{"target": -13.758429902965737, "params": {"gamma": 562.399861118413, "log10_alpha": 0.10764946039698486, "log10_colsample_bytree": -0.8728259536287902, "log10_eta": -1.9283873745925888, "log10_lambda": 0.6937893346055128, "log10_min_child_weight": 4.586329956429322, "log10_subsample": -0.049243985309861515, "max_depth": 6.0, "num_boost_round": 14.0}, "datetime": {"datetime": "2024-01-19 01:28:01", "elapsed": 4613.553203, "delta": 0.005099}}
{"target": -13.758328295150873, "params": {"gamma": 562.399861118413, "log10_alpha": 0.10764946039698486, "log10_colsample_bytree": -0.8728259536287902, "log10_eta": -1.9283873745925888, "log10_lambda": 0.6937893346055128, "log10_min_child_weight": 4.586329956429322, "log10_subsample": -0.049243985309861515, "max_depth": 6.0, "num_boost_round": 15.0}, "datetime": {"datetime": "2024-01-19 01:28:01", "elapsed": 4613.558102, "delta": 0.004899}}
{"target": -13.758317552639804, "params": {"gamma": 562.399861118413, "log10_alpha": 0.10764946039698486, "log10_colsample_bytree": -0.8728259536287902, "log10_eta": -1.9283873745925888, "log10_lambda": 0.6937893346055128, "log10_min_child_weight": 4.586329956429322, "log10_subsample": -0.049243985309861515, "max_depth": 6.0, "num_boost_round": 16.0}, "datetime": {"datetime": "2024-01-19 01:28:01", "elapsed": 4613.562962, "delta": 0.00486}}
{"target": -13.758354690609183, "params": {"gamma": 562.399861118413, "log10_alpha": 0.10764946039698486, "log10_colsample_bytree": -0.8728259536287902, "log10_eta": -1.9283873745925888, "log10_lambda": 0.6937893346055128, "log10_min_child_weight": 4.586329956429322, "log10_subsample": -0.049243985309861515, "max_depth": 6.0, "num_boost_round": 17.0}, "datetime": {"datetime": "2024-01-19 01:28:01", "elapsed": 4613.567903, "delta": 0.004941}}
{"target": -13.758273076511273, "params": {"gamma": 562.399861118413, "log10_alpha": 0.10764946039698486, "log10_colsample_bytree": -0.8728259536287902, "log10_eta": -1.9283873745925888, "log10_lambda": 0.6937893346055128, "log10_min_child_weight": 4.586329956429322, "log10_subsample": -0.049243985309861515, "max_depth": 6.0, "num_boost_round": 18.0}, "datetime": {"datetime": "2024-01-19 01:28:01", "elapsed": 4613.572881, "delta": 0.004978}}
{"target": -13.758226403752415, "params": {"gamma": 562.399861118413, "log10_alpha": 0.10764946039698486, "log10_colsample_bytree": -0.8728259536287902, "log10_eta": -1.9283873745925888, "log10_lambda": 0.6937893346055128, "log10_min_child_weight": 4.586329956429322, "log10_subsample": -0.049243985309861515, "max_depth": 6.0, "num_boost_round": 19.0}, "datetime": {"datetime": "2024-01-19 01:28:01", "elapsed": 4613.577705, "delta": 0.004824}}
{"target": -14.353856339912324, "params": {"gamma": 563.4716121669204, "log10_alpha": -4.71124781798262, "log10_colsample_bytree": -0.05686646707643217, "log10_eta": -0.006360264866208443, "log10_lambda": 0.8195711975142039, "log10_min_child_weight": 0.798362441787831, "log10_subsample": -0.10750282979320003, "max_depth": 8.0, "num_boost_round": 0.0}, "datetime": {"datetime": "2024-01-19 01:29:35", "elapsed": 4707.725093, "delta": 94.147388}}
{"target": -14.730594816589136, "params": {"gamma": 563.4716121669204, "log10_alpha": -4.71124781798262, "log10_colsample_bytree": -0.05686646707643217, "log10_eta": -0.006360264866208443, "log10_lambda": 0.8195711975142039, "log10_min_child_weight": 0.798362441787831, "log10_subsample": -0.10750282979320003, "max_depth": 8.0, "num_boost_round": 1.0}, "datetime": {"datetime": "2024-01-19 01:29:35", "elapsed": 4707.730376, "delta": 0.005283}}
{"target": -14.904843123572608, "params": {"gamma": 563.4716121669204, "log10_alpha": -4.71124781798262, "log10_colsample_bytree": -0.05686646707643217, "log10_eta": -0.006360264866208443, "log10_lambda": 0.8195711975142039, "log10_min_child_weight": 0.798362441787831, "log10_subsample": -0.10750282979320003, "max_depth": 8.0, "num_boost_round": 2.0}, "datetime": {"datetime": "2024-01-19 01:29:35", "elapsed": 4707.735371, "delta": 0.004995}}
{"target": -15.575840545542087, "params": {"gamma": 563.4716121669204, "log10_alpha": -4.71124781798262, "log10_colsample_bytree": -0.05686646707643217, "log10_eta": -0.006360264866208443, "log10_lambda": 0.8195711975142039, "log10_min_child_weight": 0.798362441787831, "log10_subsample": -0.10750282979320003, "max_depth": 8.0, "num_boost_round": 3.0}, "datetime": {"datetime": "2024-01-19 01:29:35", "elapsed": 4707.740298, "delta": 0.004927}}
{"target": -15.733050678978193, "params": {"gamma": 563.4716121669204, "log10_alpha": -4.71124781798262, "log10_colsample_bytree": -0.05686646707643217, "log10_eta": -0.006360264866208443, "log10_lambda": 0.8195711975142039, "log10_min_child_weight": 0.798362441787831, "log10_subsample": -0.10750282979320003, "max_depth": 8.0, "num_boost_round": 4.0}, "datetime": {"datetime": "2024-01-19 01:29:35", "elapsed": 4707.745603, "delta": 0.005305}}
{"target": -15.896665688451694, "params": {"gamma": 563.4716121669204, "log10_alpha": -4.71124781798262, "log10_colsample_bytree": -0.05686646707643217, "log10_eta": -0.006360264866208443, "log10_lambda": 0.8195711975142039, "log10_min_child_weight": 0.798362441787831, "log10_subsample": -0.10750282979320003, "max_depth": 8.0, "num_boost_round": 5.0}, "datetime": {"datetime": "2024-01-19 01:29:35", "elapsed": 4707.750637, "delta": 0.005034}}
{"target": -16.001375236442442, "params": {"gamma": 563.4716121669204, "log10_alpha": -4.71124781798262, "log10_colsample_bytree": -0.05686646707643217, "log10_eta": -0.006360264866208443, "log10_lambda": 0.8195711975142039, "log10_min_child_weight": 0.798362441787831, "log10_subsample": -0.10750282979320003, "max_depth": 8.0, "num_boost_round": 6.0}, "datetime": {"datetime": "2024-01-19 01:29:35", "elapsed": 4707.75569, "delta": 0.005053}}
{"target": -16.084391511529358, "params": {"gamma": 563.4716121669204, "log10_alpha": -4.71124781798262, "log10_colsample_bytree": -0.05686646707643217, "log10_eta": -0.006360264866208443, "log10_lambda": 0.8195711975142039, "log10_min_child_weight": 0.798362441787831, "log10_subsample": -0.10750282979320003, "max_depth": 8.0, "num_boost_round": 7.0}, "datetime": {"datetime": "2024-01-19 01:29:35", "elapsed": 4707.760728, "delta": 0.005038}}
{"target": -16.11270409522113, "params": {"gamma": 563.4716121669204, "log10_alpha": -4.71124781798262, "log10_colsample_bytree": -0.05686646707643217, "log10_eta": -0.006360264866208443, "log10_lambda": 0.8195711975142039, "log10_min_child_weight": 0.798362441787831, "log10_subsample": -0.10750282979320003, "max_depth": 8.0, "num_boost_round": 8.0}, "datetime": {"datetime": "2024-01-19 01:29:35", "elapsed": 4707.766023, "delta": 0.005295}}
{"target": -16.310882878165454, "params": {"gamma": 563.4716121669204, "log10_alpha": -4.71124781798262, "log10_colsample_bytree": -0.05686646707643217, "log10_eta": -0.006360264866208443, "log10_lambda": 0.8195711975142039, "log10_min_child_weight": 0.798362441787831, "log10_subsample": -0.10750282979320003, "max_depth": 8.0, "num_boost_round": 9.0}, "datetime": {"datetime": "2024-01-19 01:29:35", "elapsed": 4707.770907, "delta": 0.004884}}
{"target": -16.421746316314337, "params": {"gamma": 563.4716121669204, "log10_alpha": -4.71124781798262, "log10_colsample_bytree": -0.05686646707643217, "log10_eta": -0.006360264866208443, "log10_lambda": 0.8195711975142039, "log10_min_child_weight": 0.798362441787831, "log10_subsample": -0.10750282979320003, "max_depth": 8.0, "num_boost_round": 10.0}, "datetime": {"datetime": "2024-01-19 01:29:35", "elapsed": 4707.775798, "delta": 0.004891}}
{"target": -16.52592169756391, "params": {"gamma": 563.4716121669204, "log10_alpha": -4.71124781798262, "log10_colsample_bytree": -0.05686646707643217, "log10_eta": -0.006360264866208443, "log10_lambda": 0.8195711975142039, "log10_min_child_weight": 0.798362441787831, "log10_subsample": -0.10750282979320003, "max_depth": 8.0, "num_boost_round": 11.0}, "datetime": {"datetime": "2024-01-19 01:29:35", "elapsed": 4707.780771, "delta": 0.004973}}
{"target": -16.57820496300292, "params": {"gamma": 563.4716121669204, "log10_alpha": -4.71124781798262, "log10_colsample_bytree": -0.05686646707643217, "log10_eta": -0.006360264866208443, "log10_lambda": 0.8195711975142039, "log10_min_child_weight": 0.798362441787831, "log10_subsample": -0.10750282979320003, "max_depth": 8.0, "num_boost_round": 12.0}, "datetime": {"datetime": "2024-01-19 01:29:35", "elapsed": 4707.786129, "delta": 0.005358}}
{"target": -16.639670339959967, "params": {"gamma": 563.4716121669204, "log10_alpha": -4.71124781798262, "log10_colsample_bytree": -0.05686646707643217, "log10_eta": -0.006360264866208443, "log10_lambda": 0.8195711975142039, "log10_min_child_weight": 0.798362441787831, "log10_subsample": -0.10750282979320003, "max_depth": 8.0, "num_boost_round": 13.0}, "datetime": {"datetime": "2024-01-19 01:29:35", "elapsed": 4707.791014, "delta": 0.004885}}
{"target": -16.703464496165115, "params": {"gamma": 563.4716121669204, "log10_alpha": -4.71124781798262, "log10_colsample_bytree": -0.05686646707643217, "log10_eta": -0.006360264866208443, "log10_lambda": 0.8195711975142039, "log10_min_child_weight": 0.798362441787831, "log10_subsample": -0.10750282979320003, "max_depth": 8.0, "num_boost_round": 14.0}, "datetime": {"datetime": "2024-01-19 01:29:35", "elapsed": 4707.795866, "delta": 0.004852}}
{"target": -16.811971049730413, "params": {"gamma": 563.4716121669204, "log10_alpha": -4.71124781798262, "log10_colsample_bytree": -0.05686646707643217, "log10_eta": -0.006360264866208443, "log10_lambda": 0.8195711975142039, "log10_min_child_weight": 0.798362441787831, "log10_subsample": -0.10750282979320003, "max_depth": 8.0, "num_boost_round": 15.0}, "datetime": {"datetime": "2024-01-19 01:29:35", "elapsed": 4707.800875, "delta": 0.005009}}
{"target": -16.84403954624419, "params": {"gamma": 563.4716121669204, "log10_alpha": -4.71124781798262, "log10_colsample_bytree": -0.05686646707643217, "log10_eta": -0.006360264866208443, "log10_lambda": 0.8195711975142039, "log10_min_child_weight": 0.798362441787831, "log10_subsample": -0.10750282979320003, "max_depth": 8.0, "num_boost_round": 16.0}, "datetime": {"datetime": "2024-01-19 01:29:36", "elapsed": 4707.806255, "delta": 0.00538}}
{"target": -16.913575243420077, "params": {"gamma": 563.4716121669204, "log10_alpha": -4.71124781798262, "log10_colsample_bytree": -0.05686646707643217, "log10_eta": -0.006360264866208443, "log10_lambda": 0.8195711975142039, "log10_min_child_weight": 0.798362441787831, "log10_subsample": -0.10750282979320003, "max_depth": 8.0, "num_boost_round": 17.0}, "datetime": {"datetime": "2024-01-19 01:29:36", "elapsed": 4707.934344, "delta": 0.128089}}
{"target": -16.97593190893572, "params": {"gamma": 563.4716121669204, "log10_alpha": -4.71124781798262, "log10_colsample_bytree": -0.05686646707643217, "log10_eta": -0.006360264866208443, "log10_lambda": 0.8195711975142039, "log10_min_child_weight": 0.798362441787831, "log10_subsample": -0.10750282979320003, "max_depth": 8.0, "num_boost_round": 18.0}, "datetime": {"datetime": "2024-01-19 01:29:36", "elapsed": 4707.939971, "delta": 0.005627}}
{"target": -17.009614701168015, "params": {"gamma": 563.4716121669204, "log10_alpha": -4.71124781798262, "log10_colsample_bytree": -0.05686646707643217, "log10_eta": -0.006360264866208443, "log10_lambda": 0.8195711975142039, "log10_min_child_weight": 0.798362441787831, "log10_subsample": -0.10750282979320003, "max_depth": 8.0, "num_boost_round": 19.0}, "datetime": {"datetime": "2024-01-19 01:29:36", "elapsed": 4707.94512, "delta": 0.005149}}
{"target": -17.12295854087809, "params": {"gamma": 563.4716121669204, "log10_alpha": -4.71124781798262, "log10_colsample_bytree": -0.05686646707643217, "log10_eta": -0.006360264866208443, "log10_lambda": 0.8195711975142039, "log10_min_child_weight": 0.798362441787831, "log10_subsample": -0.10750282979320003, "max_depth": 8.0, "num_boost_round": 20.0}, "datetime": {"datetime": "2024-01-19 01:29:36", "elapsed": 4707.950377, "delta": 0.005257}}
{"target": -17.13845490304655, "params": {"gamma": 563.4716121669204, "log10_alpha": -4.71124781798262, "log10_colsample_bytree": -0.05686646707643217, "log10_eta": -0.006360264866208443, "log10_lambda": 0.8195711975142039, "log10_min_child_weight": 0.798362441787831, "log10_subsample": -0.10750282979320003, "max_depth": 8.0, "num_boost_round": 21.0}, "datetime": {"datetime": "2024-01-19 01:29:36", "elapsed": 4707.955285, "delta": 0.004908}}
{"target": -17.16329660331605, "params": {"gamma": 563.4716121669204, "log10_alpha": -4.71124781798262, "log10_colsample_bytree": -0.05686646707643217, "log10_eta": -0.006360264866208443, "log10_lambda": 0.8195711975142039, "log10_min_child_weight": 0.798362441787831, "log10_subsample": -0.10750282979320003, "max_depth": 8.0, "num_boost_round": 22.0}, "datetime": {"datetime": "2024-01-19 01:29:36", "elapsed": 4707.960226, "delta": 0.004941}}
{"target": -17.207588410035452, "params": {"gamma": 563.4716121669204, "log10_alpha": -4.71124781798262, "log10_colsample_bytree": -0.05686646707643217, "log10_eta": -0.006360264866208443, "log10_lambda": 0.8195711975142039, "log10_min_child_weight": 0.798362441787831, "log10_subsample": -0.10750282979320003, "max_depth": 8.0, "num_boost_round": 23.0}, "datetime": {"datetime": "2024-01-19 01:29:36", "elapsed": 4707.965094, "delta": 0.004868}}
{"target": -17.240088200577738, "params": {"gamma": 563.4716121669204, "log10_alpha": -4.71124781798262, "log10_colsample_bytree": -0.05686646707643217, "log10_eta": -0.006360264866208443, "log10_lambda": 0.8195711975142039, "log10_min_child_weight": 0.798362441787831, "log10_subsample": -0.10750282979320003, "max_depth": 8.0, "num_boost_round": 24.0}, "datetime": {"datetime": "2024-01-19 01:29:36", "elapsed": 4707.970255, "delta": 0.005161}}
{"target": -17.299557468276962, "params": {"gamma": 563.4716121669204, "log10_alpha": -4.71124781798262, "log10_colsample_bytree": -0.05686646707643217, "log10_eta": -0.006360264866208443, "log10_lambda": 0.8195711975142039, "log10_min_child_weight": 0.798362441787831, "log10_subsample": -0.10750282979320003, "max_depth": 8.0, "num_boost_round": 25.0}, "datetime": {"datetime": "2024-01-19 01:29:36", "elapsed": 4707.975242, "delta": 0.004987}}
{"target": -17.374392333322838, "params": {"gamma": 563.4716121669204, "log10_alpha": -4.71124781798262, "log10_colsample_bytree": -0.05686646707643217, "log10_eta": -0.006360264866208443, "log10_lambda": 0.8195711975142039, "log10_min_child_weight": 0.798362441787831, "log10_subsample": -0.10750282979320003, "max_depth": 8.0, "num_boost_round": 26.0}, "datetime": {"datetime": "2024-01-19 01:29:36", "elapsed": 4707.980203, "delta": 0.004961}}
{"target": -17.410574866231315, "params": {"gamma": 563.4716121669204, "log10_alpha": -4.71124781798262, "log10_colsample_bytree": -0.05686646707643217, "log10_eta": -0.006360264866208443, "log10_lambda": 0.8195711975142039, "log10_min_child_weight": 0.798362441787831, "log10_subsample": -0.10750282979320003, "max_depth": 8.0, "num_boost_round": 27.0}, "datetime": {"datetime": "2024-01-19 01:29:36", "elapsed": 4707.985138, "delta": 0.004935}}
{"target": -17.437840876100925, "params": {"gamma": 563.4716121669204, "log10_alpha": -4.71124781798262, "log10_colsample_bytree": -0.05686646707643217, "log10_eta": -0.006360264866208443, "log10_lambda": 0.8195711975142039, "log10_min_child_weight": 0.798362441787831, "log10_subsample": -0.10750282979320003, "max_depth": 8.0, "num_boost_round": 28.0}, "datetime": {"datetime": "2024-01-19 01:29:36", "elapsed": 4707.9905, "delta": 0.005362}}
{"target": -17.45475757975289, "params": {"gamma": 563.4716121669204, "log10_alpha": -4.71124781798262, "log10_colsample_bytree": -0.05686646707643217, "log10_eta": -0.006360264866208443, "log10_lambda": 0.8195711975142039, "log10_min_child_weight": 0.798362441787831, "log10_subsample": -0.10750282979320003, "max_depth": 8.0, "num_boost_round": 29.0}, "datetime": {"datetime": "2024-01-19 01:29:36", "elapsed": 4707.995439, "delta": 0.004939}}
