{"target": -17.67452233137519, "params": {"gamma": 948.0527915603489, "log10_alpha": -2.067998398188581, "log10_colsample_bytree": -0.29066403828144516, "log10_eta": -1.8799473769337012, "log10_lambda": -3.015836699171106, "log10_min_child_weight": 3.201016466348024, "log10_subsample": -0.3800629789159783, "max_depth": 3.0, "num_boost_round": 10.0}, "datetime": {"datetime": "2024-01-19 00:32:46", "elapsed": 1259.824935, "delta": 0.001685}}
{"target": -17.674489049908445, "params": {"gamma": 948.0527915603489, "log10_alpha": -2.067998398188581, "log10_colsample_bytree": -0.29066403828144516, "log10_eta": -1.8799473769337012, "log10_lambda": -3.015836699171106, "log10_min_child_weight": 3.201016466348024, "log10_subsample": -0.3800629789159783, "max_depth": 3.0, "num_boost_round": 11.0}, "datetime": {"datetime": "2024-01-19 00:32:46", "elapsed": 1259.826623, "delta": 0.001688}}
{"target": -17.67467770673353, "params": {"gamma": 948.0527915603489, "log10_alpha": -2.067998398188581, "log10_colsample_bytree": -0.29066403828144516, "log10_eta": -1.8799473769337012, "log10_lambda": -3.015836699171106, "log10_min_child_weight": 3.201016466348024, "log10_subsample": -0.3800629789159783, "max_depth": 3.0, "num_boost_round": 12.0}, "datetime": {"datetime": "2024-01-19 00:32:46", "elapsed": 1259.828323, "delta": 0.0017}}
{"target": -17.674706976561875, "params": {"gamma": 948.0527915603489, "log10_alpha": -2.067998398188581, "log10_colsample_bytree": -0.29066403828144516, "log10_eta": -1.8799473769337012, "log10_lambda": -3.015836699171106, "log10_min_child_weight": 3.201016466348024, "log10_subsample": -0.3800629789159783, "max_depth": 3.0, "num_boost_round": 13.0}, "datetime": {"datetime": "2024-01-19 00:32:46", "elapsed": 1259.922406, "delta": 0.094083}}
{"target": -17.672486770301845, "params": {"gamma": 954.2004795491105, "log10_alpha": -1.257100798236487, "log10_colsample_bytree": -0.0776768693959391, "log10_eta": -0.9117531295368129, "log10_lambda": -4.146948734496445, "log10_min_child_weight": 2.575493921526009, "log10_subsample": -0.24827368728982246, "max_depth": 4.0, "num_boost_round": 0.0}, "datetime": {"datetime": "2024-01-19 00:33:06", "elapsed": 1280.514574, "delta": 20.592168}}
{"target": -17.67610957399198, "params": {"gamma": 954.2004795491105, "log10_alpha": -1.257100798236487, "log10_colsample_bytree": -0.0776768693959391, "log10_eta": -0.9117531295368129, "log10_lambda": -4.146948734496445, "log10_min_child_weight": 2.575493921526009, "log10_subsample": -0.24827368728982246, "max_depth": 4.0, "num_boost_round": 1.0}, "datetime": {"datetime": "2024-01-19 00:33:06", "elapsed": 1280.517304, "delta": 0.00273}}
{"target": -17.682175206596497, "params": {"gamma": 954.2004795491105, "log10_alpha": -1.257100798236487, "log10_colsample_bytree": -0.0776768693959391, "log10_eta": -0.9117531295368129, "log10_lambda": -4.146948734496445, "log10_min_child_weight": 2.575493921526009, "log10_subsample": -0.24827368728982246, "max_depth": 4.0, "num_boost_round": 2.0}, "datetime": {"datetime": "2024-01-19 00:33:06", "elapsed": 1280.519184, "delta": 0.00188}}
{"target": -17.68224018357873, "params": {"gamma": 954.2004795491105, "log10_alpha": -1.257100798236487, "log10_colsample_bytree": -0.0776768693959391, "log10_eta": -0.9117531295368129, "log10_lambda": -4.146948734496445, "log10_min_child_weight": 2.575493921526009, "log10_subsample": -0.24827368728982246, "max_depth": 4.0, "num_boost_round": 3.0}, "datetime": {"datetime": "2024-01-19 00:33:06", "elapsed": 1280.520923, "delta": 0.001739}}
{"target": -17.684732198661766, "params": {"gamma": 954.2004795491105, "log10_alpha": -1.257100798236487, "log10_colsample_bytree": -0.0776768693959391, "log10_eta": -0.9117531295368129, "log10_lambda": -4.146948734496445, "log10_min_child_weight": 2.575493921526009, "log10_subsample": -0.24827368728982246, "max_depth": 4.0, "num_boost_round": 4.0}, "datetime": {"datetime": "2024-01-19 00:33:06", "elapsed": 1280.522746, "delta": 0.001823}}
{"target": -17.68624372304841, "params": {"gamma": 954.2004795491105, "log10_alpha": -1.257100798236487, "log10_colsample_bytree": -0.0776768693959391, "log10_eta": -0.9117531295368129, "log10_lambda": -4.146948734496445, "log10_min_child_weight": 2.575493921526009, "log10_subsample": -0.24827368728982246, "max_depth": 4.0, "num_boost_round": 5.0}, "datetime": {"datetime": "2024-01-19 00:33:06", "elapsed": 1280.524528, "delta": 0.001782}}
{"target": -17.68969733430039, "params": {"gamma": 954.2004795491105, "log10_alpha": -1.257100798236487, "log10_colsample_bytree": -0.0776768693959391, "log10_eta": -0.9117531295368129, "log10_lambda": -4.146948734496445, "log10_min_child_weight": 2.575493921526009, "log10_subsample": -0.24827368728982246, "max_depth": 4.0, "num_boost_round": 6.0}, "datetime": {"datetime": "2024-01-19 00:33:06", "elapsed": 1280.526256, "delta": 0.001728}}
{"target": -17.69356370616011, "params": {"gamma": 954.2004795491105, "log10_alpha": -1.257100798236487, "log10_colsample_bytree": -0.0776768693959391, "log10_eta": -0.9117531295368129, "log10_lambda": -4.146948734496445, "log10_min_child_weight": 2.575493921526009, "log10_subsample": -0.24827368728982246, "max_depth": 4.0, "num_boost_round": 7.0}, "datetime": {"datetime": "2024-01-19 00:33:06", "elapsed": 1280.528016, "delta": 0.00176}}
{"target": -17.695940288880127, "params": {"gamma": 954.2004795491105, "log10_alpha": -1.257100798236487, "log10_colsample_bytree": -0.0776768693959391, "log10_eta": -0.9117531295368129, "log10_lambda": -4.146948734496445, "log10_min_child_weight": 2.575493921526009, "log10_subsample": -0.24827368728982246, "max_depth": 4.0, "num_boost_round": 8.0}, "datetime": {"datetime": "2024-01-19 00:33:06", "elapsed": 1280.529753, "delta": 0.001737}}
{"target": -17.699201964084263, "params": {"gamma": 954.2004795491105, "log10_alpha": -1.257100798236487, "log10_colsample_bytree": -0.0776768693959391, "log10_eta": -0.9117531295368129, "log10_lambda": -4.146948734496445, "log10_min_child_weight": 2.575493921526009, "log10_subsample": -0.24827368728982246, "max_depth": 4.0, "num_boost_round": 9.0}, "datetime": {"datetime": "2024-01-19 00:33:06", "elapsed": 1280.531669, "delta": 0.001916}}
{"target": -17.691419741589932, "params": {"gamma": 960.6504934913696, "log10_alpha": -2.711159276441788, "log10_colsample_bytree": -0.4657672147857935, "log10_eta": -0.6360636228527885, "log10_lambda": -4.884349678346517, "log10_min_child_weight": 0.8030521548303643, "log10_subsample": -0.3515335049420899, "max_depth": 8.0, "num_boost_round": 0.0}, "datetime": {"datetime": "2024-01-19 00:33:35", "elapsed": 1309.781109, "delta": 29.24944}}
{"target": -17.705526767762333, "params": {"gamma": 960.6504934913696, "log10_alpha": -2.711159276441788, "log10_colsample_bytree": -0.4657672147857935, "log10_eta": -0.6360636228527885, "log10_lambda": -4.884349678346517, "log10_min_child_weight": 0.8030521548303643, "log10_subsample": -0.3515335049420899, "max_depth": 8.0, "num_boost_round": 1.0}, "datetime": {"datetime": "2024-01-19 00:33:35", "elapsed": 1309.783514, "delta": 0.002405}}
{"target": -17.762170266506743, "params": {"gamma": 960.6504934913696, "log10_alpha": -2.711159276441788, "log10_colsample_bytree": -0.4657672147857935, "log10_eta": -0.6360636228527885, "log10_lambda": -4.884349678346517, "log10_min_child_weight": 0.8030521548303643, "log10_subsample": -0.3515335049420899, "max_depth": 8.0, "num_boost_round": 2.0}, "datetime": {"datetime": "2024-01-19 00:33:35", "elapsed": 1309.78558, "delta": 0.002066}}
{"target": -17.79526212868362, "params": {"gamma": 960.6504934913696, "log10_alpha": -2.711159276441788, "log10_colsample_bytree": -0.4657672147857935, "log10_eta": -0.6360636228527885, "log10_lambda": -4.884349678346517, "log10_min_child_weight": 0.8030521548303643, "log10_subsample": -0.3515335049420899, "max_depth": 8.0, "num_boost_round": 3.0}, "datetime": {"datetime": "2024-01-19 00:33:35", "elapsed": 1309.787436, "delta": 0.001856}}
{"target": -17.818212450717287, "params": {"gamma": 960.6504934913696, "log10_alpha": -2.711159276441788, "log10_colsample_bytree": -0.4657672147857935, "log10_eta": -0.6360636228527885, "log10_lambda": -4.884349678346517, "log10_min_child_weight": 0.8030521548303643, "log10_subsample": -0.3515335049420899, "max_depth": 8.0, "num_boost_round": 4.0}, "datetime": {"datetime": "2024-01-19 00:33:35", "elapsed": 1309.789174, "delta": 0.001738}}
{"target": -17.840652195273808, "params": {"gamma": 960.6504934913696, "log10_alpha": -2.711159276441788, "log10_colsample_bytree": -0.4657672147857935, "log10_eta": -0.6360636228527885, "log10_lambda": -4.884349678346517, "log10_min_child_weight": 0.8030521548303643, "log10_subsample": -0.3515335049420899, "max_depth": 8.0, "num_boost_round": 5.0}, "datetime": {"datetime": "2024-01-19 00:33:35", "elapsed": 1309.791048, "delta": 0.001874}}
{"target": -17.871567526571084, "params": {"gamma": 960.6504934913696, "log10_alpha": -2.711159276441788, "log10_colsample_bytree": -0.4657672147857935, "log10_eta": -0.6360636228527885, "log10_lambda": -4.884349678346517, "log10_min_child_weight": 0.8030521548303643, "log10_subsample": -0.3515335049420899, "max_depth": 8.0, "num_boost_round": 6.0}, "datetime": {"datetime": "2024-01-19 00:33:35", "elapsed": 1309.79278, "delta": 0.001732}}
{"target": -17.94135203354893, "params": {"gamma": 960.6504934913696, "log10_alpha": -2.711159276441788, "log10_colsample_bytree": -0.4657672147857935, "log10_eta": -0.6360636228527885, "log10_lambda": -4.884349678346517, "log10_min_child_weight": 0.8030521548303643, "log10_subsample": -0.3515335049420899, "max_depth": 8.0, "num_boost_round": 7.0}, "datetime": {"datetime": "2024-01-19 00:33:35", "elapsed": 1309.794509, "delta": 0.001729}}
{"target": -17.958455603969227, "params": {"gamma": 960.6504934913696, "log10_alpha": -2.711159276441788, "log10_colsample_bytree": -0.4657672147857935, "log10_eta": -0.6360636228527885, "log10_lambda": -4.884349678346517, "log10_min_child_weight": 0.8030521548303643, "log10_subsample": -0.3515335049420899, "max_depth": 8.0, "num_boost_round": 8.0}, "datetime": {"datetime": "2024-01-19 00:33:35", "elapsed": 1309.796254, "delta": 0.001745}}
{"target": -17.974639050344628, "params": {"gamma": 960.6504934913696, "log10_alpha": -2.711159276441788, "log10_colsample_bytree": -0.4657672147857935, "log10_eta": -0.6360636228527885, "log10_lambda": -4.884349678346517, "log10_min_child_weight": 0.8030521548303643, "log10_subsample": -0.3515335049420899, "max_depth": 8.0, "num_boost_round": 9.0}, "datetime": {"datetime": "2024-01-19 00:33:35", "elapsed": 1309.797962, "delta": 0.001708}}
{"target": -17.98869292710091, "params": {"gamma": 960.6504934913696, "log10_alpha": -2.711159276441788, "log10_colsample_bytree": -0.4657672147857935, "log10_eta": -0.6360636228527885, "log10_lambda": -4.884349678346517, "log10_min_child_weight": 0.8030521548303643, "log10_subsample": -0.3515335049420899, "max_depth": 8.0, "num_boost_round": 10.0}, "datetime": {"datetime": "2024-01-19 00:33:35", "elapsed": 1309.799675, "delta": 0.001713}}
{"target": -18.007757623624634, "params": {"gamma": 960.6504934913696, "log10_alpha": -2.711159276441788, "log10_colsample_bytree": -0.4657672147857935, "log10_eta": -0.6360636228527885, "log10_lambda": -4.884349678346517, "log10_min_child_weight": 0.8030521548303643, "log10_subsample": -0.3515335049420899, "max_depth": 8.0, "num_boost_round": 11.0}, "datetime": {"datetime": "2024-01-19 00:33:36", "elapsed": 1309.801392, "delta": 0.001717}}
{"target": -18.01367369247241, "params": {"gamma": 960.6504934913696, "log10_alpha": -2.711159276441788, "log10_colsample_bytree": -0.4657672147857935, "log10_eta": -0.6360636228527885, "log10_lambda": -4.884349678346517, "log10_min_child_weight": 0.8030521548303643, "log10_subsample": -0.3515335049420899, "max_depth": 8.0, "num_boost_round": 12.0}, "datetime": {"datetime": "2024-01-19 00:33:36", "elapsed": 1309.803163, "delta": 0.001771}}
{"target": -18.07315531781466, "params": {"gamma": 960.6504934913696, "log10_alpha": -2.711159276441788, "log10_colsample_bytree": -0.4657672147857935, "log10_eta": -0.6360636228527885, "log10_lambda": -4.884349678346517, "log10_min_child_weight": 0.8030521548303643, "log10_subsample": -0.3515335049420899, "max_depth": 8.0, "num_boost_round": 13.0}, "datetime": {"datetime": "2024-01-19 00:33:36", "elapsed": 1309.804901, "delta": 0.001738}}
{"target": -18.104980555067662, "params": {"gamma": 960.6504934913696, "log10_alpha": -2.711159276441788, "log10_colsample_bytree": -0.4657672147857935, "log10_eta": -0.6360636228527885, "log10_lambda": -4.884349678346517, "log10_min_child_weight": 0.8030521548303643, "log10_subsample": -0.3515335049420899, "max_depth": 8.0, "num_boost_round": 14.0}, "datetime": {"datetime": "2024-01-19 00:33:36", "elapsed": 1309.80664, "delta": 0.001739}}
{"target": -18.129039543857633, "params": {"gamma": 960.6504934913696, "log10_alpha": -2.711159276441788, "log10_colsample_bytree": -0.4657672147857935, "log10_eta": -0.6360636228527885, "log10_lambda": -4.884349678346517, "log10_min_child_weight": 0.8030521548303643, "log10_subsample": -0.3515335049420899, "max_depth": 8.0, "num_boost_round": 15.0}, "datetime": {"datetime": "2024-01-19 00:33:36", "elapsed": 1309.808415, "delta": 0.001775}}
{"target": -18.1899664749442, "params": {"gamma": 960.6504934913696, "log10_alpha": -2.711159276441788, "log10_colsample_bytree": -0.4657672147857935, "log10_eta": -0.6360636228527885, "log10_lambda": -4.884349678346517, "log10_min_child_weight": 0.8030521548303643, "log10_subsample": -0.3515335049420899, "max_depth": 8.0, "num_boost_round": 16.0}, "datetime": {"datetime": "2024-01-19 00:33:36", "elapsed": 1309.810302, "delta": 0.001887}}
{"target": -18.293863807444385, "params": {"gamma": 960.6504934913696, "log10_alpha": -2.711159276441788, "log10_colsample_bytree": -0.4657672147857935, "log10_eta": -0.6360636228527885, "log10_lambda": -4.884349678346517, "log10_min_child_weight": 0.8030521548303643, "log10_subsample": -0.3515335049420899, "max_depth": 8.0, "num_boost_round": 17.0}, "datetime": {"datetime": "2024-01-19 00:33:36", "elapsed": 1309.812178, "delta": 0.001876}}
{"target": -18.301694241877225, "params": {"gamma": 960.6504934913696, "log10_alpha": -2.711159276441788, "log10_colsample_bytree": -0.4657672147857935, "log10_eta": -0.6360636228527885, "log10_lambda": -4.884349678346517, "log10_min_child_weight": 0.8030521548303643, "log10_subsample": -0.3515335049420899, "max_depth": 8.0, "num_boost_round": 18.0}, "datetime": {"datetime": "2024-01-19 00:33:36", "elapsed": 1309.814096, "delta": 0.001918}}
{"target": -18.32147768860089, "params": {"gamma": 960.6504934913696, "log10_alpha": -2.711159276441788, "log10_colsample_bytree": -0.4657672147857935, "log10_eta": -0.6360636228527885, "log10_lambda": -4.884349678346517, "log10_min_child_weight": 0.8030521548303643, "log10_subsample": -0.3515335049420899, "max_depth": 8.0, "num_boost_round": 19.0}, "datetime": {"datetime": "2024-01-19 00:33:36", "elapsed": 1309.815853, "delta": 0.001757}}
{"target": -18.33001230934473, "params": {"gamma": 960.6504934913696, "log10_alpha": -2.711159276441788, "log10_colsample_bytree": -0.4657672147857935, "log10_eta": -0.6360636228527885, "log10_lambda": -4.884349678346517, "log10_min_child_weight": 0.8030521548303643, "log10_subsample": -0.3515335049420899, "max_depth": 8.0, "num_boost_round": 20.0}, "datetime": {"datetime": "2024-01-19 00:33:36", "elapsed": 1309.817583, "delta": 0.00173}}
{"target": -18.348909198747737, "params": {"gamma": 960.6504934913696, "log10_alpha": -2.711159276441788, "log10_colsample_bytree": -0.4657672147857935, "log10_eta": -0.6360636228527885, "log10_lambda": -4.884349678346517, "log10_min_child_weight": 0.8030521548303643, "log10_subsample": -0.3515335049420899, "max_depth": 8.0, "num_boost_round": 21.0}, "datetime": {"datetime": "2024-01-19 00:33:36", "elapsed": 1309.819312, "delta": 0.001729}}
{"target": -18.360755098764045, "params": {"gamma": 960.6504934913696, "log10_alpha": -2.711159276441788, "log10_colsample_bytree": -0.4657672147857935, "log10_eta": -0.6360636228527885, "log10_lambda": -4.884349678346517, "log10_min_child_weight": 0.8030521548303643, "log10_subsample": -0.3515335049420899, "max_depth": 8.0, "num_boost_round": 22.0}, "datetime": {"datetime": "2024-01-19 00:33:36", "elapsed": 1309.821035, "delta": 0.001723}}
{"target": -17.677233015856633, "params": {"gamma": 962.3015782095837, "log10_alpha": -4.897924850757868, "log10_colsample_bytree": -0.7502976563149821, "log10_eta": -3.401794272660522, "log10_lambda": -0.13371568438955173, "log10_min_child_weight": 4.7629366131573665, "log10_subsample": -0.9921863843350173, "max_depth": 7.0, "num_boost_round": 0.0}, "datetime": {"datetime": "2024-01-19 00:33:58", "elapsed": 1331.942537, "delta": 22.121502}}
{"target": -17.67723366637945, "params": {"gamma": 962.3015782095837, "log10_alpha": -4.897924850757868, "log10_colsample_bytree": -0.7502976563149821, "log10_eta": -3.401794272660522, "log10_lambda": -0.13371568438955173, "log10_min_child_weight": 4.7629366131573665, "log10_subsample": -0.9921863843350173, "max_depth": 7.0, "num_boost_round": 1.0}, "datetime": {"datetime": "2024-01-19 00:33:58", "elapsed": 1331.944761, "delta": 0.002224}}
{"target": -17.67723435201568, "params": {"gamma": 962.3015782095837, "log10_alpha": -4.897924850757868, "log10_colsample_bytree": -0.7502976563149821, "log10_eta": -3.401794272660522, "log10_lambda": -0.13371568438955173, "log10_min_child_weight": 4.7629366131573665, "log10_subsample": -0.9921863843350173, "max_depth": 7.0, "num_boost_round": 2.0}, "datetime": {"datetime": "2024-01-19 00:33:58", "elapsed": 1331.947054, "delta": 0.002293}}
{"target": -17.67723436596648, "params": {"gamma": 962.3015782095837, "log10_alpha": -4.897924850757868, "log10_colsample_bytree": -0.7502976563149821, "log10_eta": -3.401794272660522, "log10_lambda": -0.13371568438955173, "log10_min_child_weight": 4.7629366131573665, "log10_subsample": -0.9921863843350173, "max_depth": 7.0, "num_boost_round": 3.0}, "datetime": {"datetime": "2024-01-19 00:33:58", "elapsed": 1331.948801, "delta": 0.001747}}
{"target": -17.677234566135176, "params": {"gamma": 962.3015782095837, "log10_alpha": -4.897924850757868, "log10_colsample_bytree": -0.7502976563149821, "log10_eta": -3.401794272660522, "log10_lambda": -0.13371568438955173, "log10_min_child_weight": 4.7629366131573665, "log10_subsample": -0.9921863843350173, "max_depth": 7.0, "num_boost_round": 4.0}, "datetime": {"datetime": "2024-01-19 00:33:58", "elapsed": 1331.950616, "delta": 0.001815}}
{"target": -17.67723463768607, "params": {"gamma": 962.3015782095837, "log10_alpha": -4.897924850757868, "log10_colsample_bytree": -0.7502976563149821, "log10_eta": -3.401794272660522, "log10_lambda": -0.13371568438955173, "log10_min_child_weight": 4.7629366131573665, "log10_subsample": -0.9921863843350173, "max_depth": 7.0, "num_boost_round": 5.0}, "datetime": {"datetime": "2024-01-19 00:33:58", "elapsed": 1331.952468, "delta": 0.001852}}
{"target": -17.677231742437918, "params": {"gamma": 962.3015782095837, "log10_alpha": -4.897924850757868, "log10_colsample_bytree": -0.7502976563149821, "log10_eta": -3.401794272660522, "log10_lambda": -0.13371568438955173, "log10_min_child_weight": 4.7629366131573665, "log10_subsample": -0.9921863843350173, "max_depth": 7.0, "num_boost_round": 6.0}, "datetime": {"datetime": "2024-01-19 00:33:58", "elapsed": 1331.954178, "delta": 0.00171}}
{"target": -17.677229368580917, "params": {"gamma": 962.3015782095837, "log10_alpha": -4.897924850757868, "log10_colsample_bytree": -0.7502976563149821, "log10_eta": -3.401794272660522, "log10_lambda": -0.13371568438955173, "log10_min_child_weight": 4.7629366131573665, "log10_subsample": -0.9921863843350173, "max_depth": 7.0, "num_boost_round": 7.0}, "datetime": {"datetime": "2024-01-19 00:33:58", "elapsed": 1331.955901, "delta": 0.001723}}
{"target": -17.677227906995107, "params": {"gamma": 962.3015782095837, "log10_alpha": -4.897924850757868, "log10_colsample_bytree": -0.7502976563149821, "log10_eta": -3.401794272660522, "log10_lambda": -0.13371568438955173, "log10_min_child_weight": 4.7629366131573665, "log10_subsample": -0.9921863843350173, "max_depth": 7.0, "num_boost_round": 8.0}, "datetime": {"datetime": "2024-01-19 00:33:58", "elapsed": 1331.957625, "delta": 0.001724}}
{"target": -17.677228811682184, "params": {"gamma": 962.3015782095837, "log10_alpha": -4.897924850757868, "log10_colsample_bytree": -0.7502976563149821, "log10_eta": -3.401794272660522, "log10_lambda": -0.13371568438955173, "log10_min_child_weight": 4.7629366131573665, "log10_subsample": -0.9921863843350173, "max_depth": 7.0, "num_boost_round": 9.0}, "datetime": {"datetime": "2024-01-19 00:33:58", "elapsed": 1331.959358, "delta": 0.001733}}
{"target": -17.677226440322368, "params": {"gamma": 962.3015782095837, "log10_alpha": -4.897924850757868, "log10_colsample_bytree": -0.7502976563149821, "log10_eta": -3.401794272660522, "log10_lambda": -0.13371568438955173, "log10_min_child_weight": 4.7629366131573665, "log10_subsample": -0.9921863843350173, "max_depth": 7.0, "num_boost_round": 10.0}, "datetime": {"datetime": "2024-01-19 00:33:58", "elapsed": 1331.961067, "delta": 0.001709}}
{"target": -17.677227612851677, "params": {"gamma": 962.3015782095837, "log10_alpha": -4.897924850757868, "log10_colsample_bytree": -0.7502976563149821, "log10_eta": -3.401794272660522, "log10_lambda": -0.13371568438955173, "log10_min_child_weight": 4.7629366131573665, "log10_subsample": -0.9921863843350173, "max_depth": 7.0, "num_boost_round": 11.0}, "datetime": {"datetime": "2024-01-19 00:33:58", "elapsed": 1331.962906, "delta": 0.001839}}
