{"target": -13.758465834977578, "params": {"gamma": 421.39587415002177, "log10_alpha": -0.4404991621891545, "log10_colsample_bytree": -0.07526010041468556, "log10_eta": -3.1369055473421272, "log10_lambda": -2.167252509013059, "log10_min_child_weight": 4.391069100854924, "log10_subsample": -0.7578088746716707, "max_depth": 8.0, "num_boost_round": 39.0}, "datetime": {"datetime": "2024-01-19 00:25:39", "elapsed": 843.084688, "delta": 0.00175}}
{"target": -13.75846758607901, "params": {"gamma": 421.39587415002177, "log10_alpha": -0.4404991621891545, "log10_colsample_bytree": -0.07526010041468556, "log10_eta": -3.1369055473421272, "log10_lambda": -2.167252509013059, "log10_min_child_weight": 4.391069100854924, "log10_subsample": -0.7578088746716707, "max_depth": 8.0, "num_boost_round": 40.0}, "datetime": {"datetime": "2024-01-19 00:25:39", "elapsed": 843.086425, "delta": 0.001737}}
{"target": -13.758467304936225, "params": {"gamma": 421.39587415002177, "log10_alpha": -0.4404991621891545, "log10_colsample_bytree": -0.07526010041468556, "log10_eta": -3.1369055473421272, "log10_lambda": -2.167252509013059, "log10_min_child_weight": 4.391069100854924, "log10_subsample": -0.7578088746716707, "max_depth": 8.0, "num_boost_round": 41.0}, "datetime": {"datetime": "2024-01-19 00:25:39", "elapsed": 843.088161, "delta": 0.001736}}
{"target": -13.758467727605904, "params": {"gamma": 421.39587415002177, "log10_alpha": -0.4404991621891545, "log10_colsample_bytree": -0.07526010041468556, "log10_eta": -3.1369055473421272, "log10_lambda": -2.167252509013059, "log10_min_child_weight": 4.391069100854924, "log10_subsample": -0.7578088746716707, "max_depth": 8.0, "num_boost_round": 42.0}, "datetime": {"datetime": "2024-01-19 00:25:39", "elapsed": 843.090258, "delta": 0.002097}}
{"target": -13.758463314309234, "params": {"gamma": 421.39587415002177, "log10_alpha": -0.4404991621891545, "log10_colsample_bytree": -0.07526010041468556, "log10_eta": -3.1369055473421272, "log10_lambda": -2.167252509013059, "log10_min_child_weight": 4.391069100854924, "log10_subsample": -0.7578088746716707, "max_depth": 8.0, "num_boost_round": 43.0}, "datetime": {"datetime": "2024-01-19 00:25:39", "elapsed": 843.092142, "delta": 0.001884}}
{"target": -13.758457300856998, "params": {"gamma": 421.39587415002177, "log10_alpha": -0.4404991621891545, "log10_colsample_bytree": -0.07526010041468556, "log10_eta": -3.1369055473421272, "log10_lambda": -2.167252509013059, "log10_min_child_weight": 4.391069100854924, "log10_subsample": -0.7578088746716707, "max_depth": 8.0, "num_boost_round": 44.0}, "datetime": {"datetime": "2024-01-19 00:25:40", "elapsed": 843.097809, "delta": 0.005667}}
{"target": -13.758456979595426, "params": {"gamma": 421.39587415002177, "log10_alpha": -0.4404991621891545, "log10_colsample_bytree": -0.07526010041468556, "log10_eta": -3.1369055473421272, "log10_lambda": -2.167252509013059, "log10_min_child_weight": 4.391069100854924, "log10_subsample": -0.7578088746716707, "max_depth": 8.0, "num_boost_round": 45.0}, "datetime": {"datetime": "2024-01-19 00:25:40", "elapsed": 843.099632, "delta": 0.001823}}
{"target": -13.758456275512984, "params": {"gamma": 421.39587415002177, "log10_alpha": -0.4404991621891545, "log10_colsample_bytree": -0.07526010041468556, "log10_eta": -3.1369055473421272, "log10_lambda": -2.167252509013059, "log10_min_child_weight": 4.391069100854924, "log10_subsample": -0.7578088746716707, "max_depth": 8.0, "num_boost_round": 46.0}, "datetime": {"datetime": "2024-01-19 00:25:40", "elapsed": 843.101436, "delta": 0.001804}}
{"target": -13.7584586505859, "params": {"gamma": 421.39587415002177, "log10_alpha": -0.4404991621891545, "log10_colsample_bytree": -0.07526010041468556, "log10_eta": -3.1369055473421272, "log10_lambda": -2.167252509013059, "log10_min_child_weight": 4.391069100854924, "log10_subsample": -0.7578088746716707, "max_depth": 8.0, "num_boost_round": 47.0}, "datetime": {"datetime": "2024-01-19 00:25:40", "elapsed": 843.103251, "delta": 0.001815}}
{"target": -13.758458668269794, "params": {"gamma": 421.39587415002177, "log10_alpha": -0.4404991621891545, "log10_colsample_bytree": -0.07526010041468556, "log10_eta": -3.1369055473421272, "log10_lambda": -2.167252509013059, "log10_min_child_weight": 4.391069100854924, "log10_subsample": -0.7578088746716707, "max_depth": 8.0, "num_boost_round": 48.0}, "datetime": {"datetime": "2024-01-19 00:25:40", "elapsed": 843.105321, "delta": 0.00207}}
{"target": -13.758460958227742, "params": {"gamma": 421.39587415002177, "log10_alpha": -0.4404991621891545, "log10_colsample_bytree": -0.07526010041468556, "log10_eta": -3.1369055473421272, "log10_lambda": -2.167252509013059, "log10_min_child_weight": 4.391069100854924, "log10_subsample": -0.7578088746716707, "max_depth": 8.0, "num_boost_round": 49.0}, "datetime": {"datetime": "2024-01-19 00:25:40", "elapsed": 843.1071, "delta": 0.001779}}
{"target": -13.758461425643045, "params": {"gamma": 421.39587415002177, "log10_alpha": -0.4404991621891545, "log10_colsample_bytree": -0.07526010041468556, "log10_eta": -3.1369055473421272, "log10_lambda": -2.167252509013059, "log10_min_child_weight": 4.391069100854924, "log10_subsample": -0.7578088746716707, "max_depth": 8.0, "num_boost_round": 50.0}, "datetime": {"datetime": "2024-01-19 00:25:40", "elapsed": 843.108995, "delta": 0.001895}}
{"target": -13.758460573984474, "params": {"gamma": 421.39587415002177, "log10_alpha": -0.4404991621891545, "log10_colsample_bytree": -0.07526010041468556, "log10_eta": -3.1369055473421272, "log10_lambda": -2.167252509013059, "log10_min_child_weight": 4.391069100854924, "log10_subsample": -0.7578088746716707, "max_depth": 8.0, "num_boost_round": 51.0}, "datetime": {"datetime": "2024-01-19 00:25:40", "elapsed": 843.11085, "delta": 0.001855}}
{"target": -13.758461654273393, "params": {"gamma": 421.39587415002177, "log10_alpha": -0.4404991621891545, "log10_colsample_bytree": -0.07526010041468556, "log10_eta": -3.1369055473421272, "log10_lambda": -2.167252509013059, "log10_min_child_weight": 4.391069100854924, "log10_subsample": -0.7578088746716707, "max_depth": 8.0, "num_boost_round": 52.0}, "datetime": {"datetime": "2024-01-19 00:25:40", "elapsed": 843.112603, "delta": 0.001753}}
{"target": -13.758454841484916, "params": {"gamma": 421.39587415002177, "log10_alpha": -0.4404991621891545, "log10_colsample_bytree": -0.07526010041468556, "log10_eta": -3.1369055473421272, "log10_lambda": -2.167252509013059, "log10_min_child_weight": 4.391069100854924, "log10_subsample": -0.7578088746716707, "max_depth": 8.0, "num_boost_round": 53.0}, "datetime": {"datetime": "2024-01-19 00:25:40", "elapsed": 843.114418, "delta": 0.001815}}
{"target": -13.758449553169637, "params": {"gamma": 421.39587415002177, "log10_alpha": -0.4404991621891545, "log10_colsample_bytree": -0.07526010041468556, "log10_eta": -3.1369055473421272, "log10_lambda": -2.167252509013059, "log10_min_child_weight": 4.391069100854924, "log10_subsample": -0.7578088746716707, "max_depth": 8.0, "num_boost_round": 54.0}, "datetime": {"datetime": "2024-01-19 00:25:40", "elapsed": 843.116229, "delta": 0.001811}}
{"target": -13.758454599653, "params": {"gamma": 421.39587415002177, "log10_alpha": -0.4404991621891545, "log10_colsample_bytree": -0.07526010041468556, "log10_eta": -3.1369055473421272, "log10_lambda": -2.167252509013059, "log10_min_child_weight": 4.391069100854924, "log10_subsample": -0.7578088746716707, "max_depth": 8.0, "num_boost_round": 55.0}, "datetime": {"datetime": "2024-01-19 00:25:40", "elapsed": 843.118038, "delta": 0.001809}}
{"target": -13.75845560692269, "params": {"gamma": 421.39587415002177, "log10_alpha": -0.4404991621891545, "log10_colsample_bytree": -0.07526010041468556, "log10_eta": -3.1369055473421272, "log10_lambda": -2.167252509013059, "log10_min_child_weight": 4.391069100854924, "log10_subsample": -0.7578088746716707, "max_depth": 8.0, "num_boost_round": 56.0}, "datetime": {"datetime": "2024-01-19 00:25:40", "elapsed": 843.119851, "delta": 0.001813}}
{"target": -13.75845238581461, "params": {"gamma": 421.39587415002177, "log10_alpha": -0.4404991621891545, "log10_colsample_bytree": -0.07526010041468556, "log10_eta": -3.1369055473421272, "log10_lambda": -2.167252509013059, "log10_min_child_weight": 4.391069100854924, "log10_subsample": -0.7578088746716707, "max_depth": 8.0, "num_boost_round": 57.0}, "datetime": {"datetime": "2024-01-19 00:25:40", "elapsed": 843.121664, "delta": 0.001813}}
{"target": -13.758447156426612, "params": {"gamma": 421.39587415002177, "log10_alpha": -0.4404991621891545, "log10_colsample_bytree": -0.07526010041468556, "log10_eta": -3.1369055473421272, "log10_lambda": -2.167252509013059, "log10_min_child_weight": 4.391069100854924, "log10_subsample": -0.7578088746716707, "max_depth": 8.0, "num_boost_round": 58.0}, "datetime": {"datetime": "2024-01-19 00:25:40", "elapsed": 843.123468, "delta": 0.001804}}
{"target": -13.758441143130572, "params": {"gamma": 421.39587415002177, "log10_alpha": -0.4404991621891545, "log10_colsample_bytree": -0.07526010041468556, "log10_eta": -3.1369055473421272, "log10_lambda": -2.167252509013059, "log10_min_child_weight": 4.391069100854924, "log10_subsample": -0.7578088746716707, "max_depth": 8.0, "num_boost_round": 59.0}, "datetime": {"datetime": "2024-01-19 00:25:40", "elapsed": 843.125276, "delta": 0.001808}}
{"target": -13.758442633826935, "params": {"gamma": 421.39587415002177, "log10_alpha": -0.4404991621891545, "log10_colsample_bytree": -0.07526010041468556, "log10_eta": -3.1369055473421272, "log10_lambda": -2.167252509013059, "log10_min_child_weight": 4.391069100854924, "log10_subsample": -0.7578088746716707, "max_depth": 8.0, "num_boost_round": 60.0}, "datetime": {"datetime": "2024-01-19 00:25:40", "elapsed": 843.127077, "delta": 0.001801}}
{"target": -13.758442003327579, "params": {"gamma": 421.39587415002177, "log10_alpha": -0.4404991621891545, "log10_colsample_bytree": -0.07526010041468556, "log10_eta": -3.1369055473421272, "log10_lambda": -2.167252509013059, "log10_min_child_weight": 4.391069100854924, "log10_subsample": -0.7578088746716707, "max_depth": 8.0, "num_boost_round": 61.0}, "datetime": {"datetime": "2024-01-19 00:25:40", "elapsed": 843.128848, "delta": 0.001771}}
{"target": -13.758440170774536, "params": {"gamma": 421.39587415002177, "log10_alpha": -0.4404991621891545, "log10_colsample_bytree": -0.07526010041468556, "log10_eta": -3.1369055473421272, "log10_lambda": -2.167252509013059, "log10_min_child_weight": 4.391069100854924, "log10_subsample": -0.7578088746716707, "max_depth": 8.0, "num_boost_round": 62.0}, "datetime": {"datetime": "2024-01-19 00:25:40", "elapsed": 843.13064, "delta": 0.001792}}
{"target": -13.758439406573746, "params": {"gamma": 421.39587415002177, "log10_alpha": -0.4404991621891545, "log10_colsample_bytree": -0.07526010041468556, "log10_eta": -3.1369055473421272, "log10_lambda": -2.167252509013059, "log10_min_child_weight": 4.391069100854924, "log10_subsample": -0.7578088746716707, "max_depth": 8.0, "num_boost_round": 63.0}, "datetime": {"datetime": "2024-01-19 00:25:40", "elapsed": 843.132455, "delta": 0.001815}}
{"target": -13.758440863462829, "params": {"gamma": 421.39587415002177, "log10_alpha": -0.4404991621891545, "log10_colsample_bytree": -0.07526010041468556, "log10_eta": -3.1369055473421272, "log10_lambda": -2.167252509013059, "log10_min_child_weight": 4.391069100854924, "log10_subsample": -0.7578088746716707, "max_depth": 8.0, "num_boost_round": 64.0}, "datetime": {"datetime": "2024-01-19 00:25:40", "elapsed": 843.134281, "delta": 0.001826}}
{"target": -13.758439297944841, "params": {"gamma": 421.39587415002177, "log10_alpha": -0.4404991621891545, "log10_colsample_bytree": -0.07526010041468556, "log10_eta": -3.1369055473421272, "log10_lambda": -2.167252509013059, "log10_min_child_weight": 4.391069100854924, "log10_subsample": -0.7578088746716707, "max_depth": 8.0, "num_boost_round": 65.0}, "datetime": {"datetime": "2024-01-19 00:25:40", "elapsed": 843.136571, "delta": 0.00229}}
{"target": -13.758438260775524, "params": {"gamma": 421.39587415002177, "log10_alpha": -0.4404991621891545, "log10_colsample_bytree": -0.07526010041468556, "log10_eta": -3.1369055473421272, "log10_lambda": -2.167252509013059, "log10_min_child_weight": 4.391069100854924, "log10_subsample": -0.7578088746716707, "max_depth": 8.0, "num_boost_round": 66.0}, "datetime": {"datetime": "2024-01-19 00:25:40", "elapsed": 843.138351, "delta": 0.00178}}
{"target": -13.758437818808279, "params": {"gamma": 421.39587415002177, "log10_alpha": -0.4404991621891545, "log10_colsample_bytree": -0.07526010041468556, "log10_eta": -3.1369055473421272, "log10_lambda": -2.167252509013059, "log10_min_child_weight": 4.391069100854924, "log10_subsample": -0.7578088746716707, "max_depth": 8.0, "num_boost_round": 67.0}, "datetime": {"datetime": "2024-01-19 00:25:40", "elapsed": 843.140136, "delta": 0.001785}}
{"target": -13.758440359066562, "params": {"gamma": 421.39587415002177, "log10_alpha": -0.4404991621891545, "log10_colsample_bytree": -0.07526010041468556, "log10_eta": -3.1369055473421272, "log10_lambda": -2.167252509013059, "log10_min_child_weight": 4.391069100854924, "log10_subsample": -0.7578088746716707, "max_depth": 8.0, "num_boost_round": 68.0}, "datetime": {"datetime": "2024-01-19 00:25:40", "elapsed": 843.141909, "delta": 0.001773}}
{"target": -13.75843441565821, "params": {"gamma": 421.39587415002177, "log10_alpha": -0.4404991621891545, "log10_colsample_bytree": -0.07526010041468556, "log10_eta": -3.1369055473421272, "log10_lambda": -2.167252509013059, "log10_min_child_weight": 4.391069100854924, "log10_subsample": -0.7578088746716707, "max_depth": 8.0, "num_boost_round": 69.0}, "datetime": {"datetime": "2024-01-19 00:25:40", "elapsed": 843.143688, "delta": 0.001779}}
{"target": -13.758427166222843, "params": {"gamma": 421.39587415002177, "log10_alpha": -0.4404991621891545, "log10_colsample_bytree": -0.07526010041468556, "log10_eta": -3.1369055473421272, "log10_lambda": -2.167252509013059, "log10_min_child_weight": 4.391069100854924, "log10_subsample": -0.7578088746716707, "max_depth": 8.0, "num_boost_round": 70.0}, "datetime": {"datetime": "2024-01-19 00:25:40", "elapsed": 843.145462, "delta": 0.001774}}
{"target": -13.758426484164671, "params": {"gamma": 421.39587415002177, "log10_alpha": -0.4404991621891545, "log10_colsample_bytree": -0.07526010041468556, "log10_eta": -3.1369055473421272, "log10_lambda": -2.167252509013059, "log10_min_child_weight": 4.391069100854924, "log10_subsample": -0.7578088746716707, "max_depth": 8.0, "num_boost_round": 71.0}, "datetime": {"datetime": "2024-01-19 00:25:40", "elapsed": 843.147239, "delta": 0.001777}}
{"target": -13.758426881391383, "params": {"gamma": 421.39587415002177, "log10_alpha": -0.4404991621891545, "log10_colsample_bytree": -0.07526010041468556, "log10_eta": -3.1369055473421272, "log10_lambda": -2.167252509013059, "log10_min_child_weight": 4.391069100854924, "log10_subsample": -0.7578088746716707, "max_depth": 8.0, "num_boost_round": 72.0}, "datetime": {"datetime": "2024-01-19 00:25:40", "elapsed": 843.149149, "delta": 0.00191}}
{"target": -13.758428208979801, "params": {"gamma": 421.39587415002177, "log10_alpha": -0.4404991621891545, "log10_colsample_bytree": -0.07526010041468556, "log10_eta": -3.1369055473421272, "log10_lambda": -2.167252509013059, "log10_min_child_weight": 4.391069100854924, "log10_subsample": -0.7578088746716707, "max_depth": 8.0, "num_boost_round": 73.0}, "datetime": {"datetime": "2024-01-19 00:25:40", "elapsed": 843.150927, "delta": 0.001778}}
{"target": -13.758424921688944, "params": {"gamma": 421.39587415002177, "log10_alpha": -0.4404991621891545, "log10_colsample_bytree": -0.07526010041468556, "log10_eta": -3.1369055473421272, "log10_lambda": -2.167252509013059, "log10_min_child_weight": 4.391069100854924, "log10_subsample": -0.7578088746716707, "max_depth": 8.0, "num_boost_round": 74.0}, "datetime": {"datetime": "2024-01-19 00:25:40", "elapsed": 843.152725, "delta": 0.001798}}
{"target": -13.758427567550802, "params": {"gamma": 421.39587415002177, "log10_alpha": -0.4404991621891545, "log10_colsample_bytree": -0.07526010041468556, "log10_eta": -3.1369055473421272, "log10_lambda": -2.167252509013059, "log10_min_child_weight": 4.391069100854924, "log10_subsample": -0.7578088746716707, "max_depth": 8.0, "num_boost_round": 75.0}, "datetime": {"datetime": "2024-01-19 00:25:40", "elapsed": 843.154516, "delta": 0.001791}}
{"target": -13.75842246304441, "params": {"gamma": 421.39587415002177, "log10_alpha": -0.4404991621891545, "log10_colsample_bytree": -0.07526010041468556, "log10_eta": -3.1369055473421272, "log10_lambda": -2.167252509013059, "log10_min_child_weight": 4.391069100854924, "log10_subsample": -0.7578088746716707, "max_depth": 8.0, "num_boost_round": 76.0}, "datetime": {"datetime": "2024-01-19 00:25:40", "elapsed": 843.156312, "delta": 0.001796}}
{"target": -13.75841784382031, "params": {"gamma": 421.39587415002177, "log10_alpha": -0.4404991621891545, "log10_colsample_bytree": -0.07526010041468556, "log10_eta": -3.1369055473421272, "log10_lambda": -2.167252509013059, "log10_min_child_weight": 4.391069100854924, "log10_subsample": -0.7578088746716707, "max_depth": 8.0, "num_boost_round": 77.0}, "datetime": {"datetime": "2024-01-19 00:25:40", "elapsed": 843.158112, "delta": 0.0018}}
{"target": -13.758416143850361, "params": {"gamma": 421.39587415002177, "log10_alpha": -0.4404991621891545, "log10_colsample_bytree": -0.07526010041468556, "log10_eta": -3.1369055473421272, "log10_lambda": -2.167252509013059, "log10_min_child_weight": 4.391069100854924, "log10_subsample": -0.7578088746716707, "max_depth": 8.0, "num_boost_round": 78.0}, "datetime": {"datetime": "2024-01-19 00:25:40", "elapsed": 843.159909, "delta": 0.001797}}
{"target": -13.758413706311735, "params": {"gamma": 421.39587415002177, "log10_alpha": -0.4404991621891545, "log10_colsample_bytree": -0.07526010041468556, "log10_eta": -3.1369055473421272, "log10_lambda": -2.167252509013059, "log10_min_child_weight": 4.391069100854924, "log10_subsample": -0.7578088746716707, "max_depth": 8.0, "num_boost_round": 79.0}, "datetime": {"datetime": "2024-01-19 00:25:40", "elapsed": 843.161698, "delta": 0.001789}}
{"target": -13.758412588583253, "params": {"gamma": 421.39587415002177, "log10_alpha": -0.4404991621891545, "log10_colsample_bytree": -0.07526010041468556, "log10_eta": -3.1369055473421272, "log10_lambda": -2.167252509013059, "log10_min_child_weight": 4.391069100854924, "log10_subsample": -0.7578088746716707, "max_depth": 8.0, "num_boost_round": 80.0}, "datetime": {"datetime": "2024-01-19 00:25:40", "elapsed": 843.163501, "delta": 0.001803}}
{"target": -13.758367695957478, "params": {"gamma": 429.0665305845105, "log10_alpha": -0.18817540007254863, "log10_colsample_bytree": -0.5160359698903184, "log10_eta": -2.0797565644515825, "log10_lambda": -1.3087545284323374, "log10_min_child_weight": 0.31157433886825847, "log10_subsample": -0.46055902007821214, "max_depth": 4.0, "num_boost_round": 0.0}, "datetime": {"datetime": "2024-01-19 00:26:24", "elapsed": 887.277268, "delta": 44.113767}}
{"target": -13.75813449331408, "params": {"gamma": 429.0665305845105, "log10_alpha": -0.18817540007254863, "log10_colsample_bytree": -0.5160359698903184, "log10_eta": -2.0797565644515825, "log10_lambda": -1.3087545284323374, "log10_min_child_weight": 0.31157433886825847, "log10_subsample": -0.46055902007821214, "max_depth": 4.0, "num_boost_round": 1.0}, "datetime": {"datetime": "2024-01-19 00:26:24", "elapsed": 887.279913, "delta": 0.002645}}
{"target": -13.758020792584102, "params": {"gamma": 429.0665305845105, "log10_alpha": -0.18817540007254863, "log10_colsample_bytree": -0.5160359698903184, "log10_eta": -2.0797565644515825, "log10_lambda": -1.3087545284323374, "log10_min_child_weight": 0.31157433886825847, "log10_subsample": -0.46055902007821214, "max_depth": 4.0, "num_boost_round": 2.0}, "datetime": {"datetime": "2024-01-19 00:26:24", "elapsed": 887.282188, "delta": 0.002275}}
{"target": -13.758102833046658, "params": {"gamma": 429.0665305845105, "log10_alpha": -0.18817540007254863, "log10_colsample_bytree": -0.5160359698903184, "log10_eta": -2.0797565644515825, "log10_lambda": -1.3087545284323374, "log10_min_child_weight": 0.31157433886825847, "log10_subsample": -0.46055902007821214, "max_depth": 4.0, "num_boost_round": 3.0}, "datetime": {"datetime": "2024-01-19 00:26:24", "elapsed": 887.284021, "delta": 0.001833}}
{"target": -13.758089408972383, "params": {"gamma": 429.0665305845105, "log10_alpha": -0.18817540007254863, "log10_colsample_bytree": -0.5160359698903184, "log10_eta": -2.0797565644515825, "log10_lambda": -1.3087545284323374, "log10_min_child_weight": 0.31157433886825847, "log10_subsample": -0.46055902007821214, "max_depth": 4.0, "num_boost_round": 4.0}, "datetime": {"datetime": "2024-01-19 00:26:24", "elapsed": 887.285844, "delta": 0.001823}}
{"target": -13.75795894317058, "params": {"gamma": 429.0665305845105, "log10_alpha": -0.18817540007254863, "log10_colsample_bytree": -0.5160359698903184, "log10_eta": -2.0797565644515825, "log10_lambda": -1.3087545284323374, "log10_min_child_weight": 0.31157433886825847, "log10_subsample": -0.46055902007821214, "max_depth": 4.0, "num_boost_round": 5.0}, "datetime": {"datetime": "2024-01-19 00:26:24", "elapsed": 887.287858, "delta": 0.002014}}
{"target": -13.757579061077426, "params": {"gamma": 429.0665305845105, "log10_alpha": -0.18817540007254863, "log10_colsample_bytree": -0.5160359698903184, "log10_eta": -2.0797565644515825, "log10_lambda": -1.3087545284323374, "log10_min_child_weight": 0.31157433886825847, "log10_subsample": -0.46055902007821214, "max_depth": 4.0, "num_boost_round": 6.0}, "datetime": {"datetime": "2024-01-19 00:26:24", "elapsed": 887.290009, "delta": 0.002151}}
