{"target": -17.764311096850992, "params": {"gamma": 137.9734214209585, "log10_alpha": -1.5660625025362305, "log10_colsample_bytree": -0.17212863280581736, "log10_eta": -0.8817246297941956, "log10_lambda": -4.190716191807799, "log10_min_child_weight": 2.0434044128687763, "log10_subsample": -0.8540232555155416, "max_depth": 9.0, "num_boost_round": 7.0}, "datetime": {"datetime": "2024-01-19 00:49:50", "elapsed": 2275.099799, "delta": 0.003414}}
{"target": -17.780426801741143, "params": {"gamma": 137.9734214209585, "log10_alpha": -1.5660625025362305, "log10_colsample_bytree": -0.17212863280581736, "log10_eta": -0.8817246297941956, "log10_lambda": -4.190716191807799, "log10_min_child_weight": 2.0434044128687763, "log10_subsample": -0.8540232555155416, "max_depth": 9.0, "num_boost_round": 8.0}, "datetime": {"datetime": "2024-01-19 00:49:50", "elapsed": 2275.103026, "delta": 0.003227}}
{"target": -17.788883805220024, "params": {"gamma": 137.9734214209585, "log10_alpha": -1.5660625025362305, "log10_colsample_bytree": -0.17212863280581736, "log10_eta": -0.8817246297941956, "log10_lambda": -4.190716191807799, "log10_min_child_weight": 2.0434044128687763, "log10_subsample": -0.8540232555155416, "max_depth": 9.0, "num_boost_round": 9.0}, "datetime": {"datetime": "2024-01-19 00:49:50", "elapsed": 2275.106326, "delta": 0.0033}}
{"target": -17.80276946679908, "params": {"gamma": 137.9734214209585, "log10_alpha": -1.5660625025362305, "log10_colsample_bytree": -0.17212863280581736, "log10_eta": -0.8817246297941956, "log10_lambda": -4.190716191807799, "log10_min_child_weight": 2.0434044128687763, "log10_subsample": -0.8540232555155416, "max_depth": 9.0, "num_boost_round": 10.0}, "datetime": {"datetime": "2024-01-19 00:49:50", "elapsed": 2275.109668, "delta": 0.003342}}
{"target": -17.81319095805006, "params": {"gamma": 137.9734214209585, "log10_alpha": -1.5660625025362305, "log10_colsample_bytree": -0.17212863280581736, "log10_eta": -0.8817246297941956, "log10_lambda": -4.190716191807799, "log10_min_child_weight": 2.0434044128687763, "log10_subsample": -0.8540232555155416, "max_depth": 9.0, "num_boost_round": 11.0}, "datetime": {"datetime": "2024-01-19 00:49:50", "elapsed": 2275.11294, "delta": 0.003272}}
{"target": -17.830596622023652, "params": {"gamma": 137.9734214209585, "log10_alpha": -1.5660625025362305, "log10_colsample_bytree": -0.17212863280581736, "log10_eta": -0.8817246297941956, "log10_lambda": -4.190716191807799, "log10_min_child_weight": 2.0434044128687763, "log10_subsample": -0.8540232555155416, "max_depth": 9.0, "num_boost_round": 12.0}, "datetime": {"datetime": "2024-01-19 00:49:50", "elapsed": 2275.116133, "delta": 0.003193}}
{"target": -17.845961823276348, "params": {"gamma": 137.9734214209585, "log10_alpha": -1.5660625025362305, "log10_colsample_bytree": -0.17212863280581736, "log10_eta": -0.8817246297941956, "log10_lambda": -4.190716191807799, "log10_min_child_weight": 2.0434044128687763, "log10_subsample": -0.8540232555155416, "max_depth": 9.0, "num_boost_round": 13.0}, "datetime": {"datetime": "2024-01-19 00:49:50", "elapsed": 2275.119446, "delta": 0.003313}}
{"target": -17.862922942089547, "params": {"gamma": 137.9734214209585, "log10_alpha": -1.5660625025362305, "log10_colsample_bytree": -0.17212863280581736, "log10_eta": -0.8817246297941956, "log10_lambda": -4.190716191807799, "log10_min_child_weight": 2.0434044128687763, "log10_subsample": -0.8540232555155416, "max_depth": 9.0, "num_boost_round": 14.0}, "datetime": {"datetime": "2024-01-19 00:49:50", "elapsed": 2275.122787, "delta": 0.003341}}
{"target": -17.87188674516392, "params": {"gamma": 137.9734214209585, "log10_alpha": -1.5660625025362305, "log10_colsample_bytree": -0.17212863280581736, "log10_eta": -0.8817246297941956, "log10_lambda": -4.190716191807799, "log10_min_child_weight": 2.0434044128687763, "log10_subsample": -0.8540232555155416, "max_depth": 9.0, "num_boost_round": 15.0}, "datetime": {"datetime": "2024-01-19 00:49:50", "elapsed": 2275.126055, "delta": 0.003268}}
{"target": -17.880556364940723, "params": {"gamma": 137.9734214209585, "log10_alpha": -1.5660625025362305, "log10_colsample_bytree": -0.17212863280581736, "log10_eta": -0.8817246297941956, "log10_lambda": -4.190716191807799, "log10_min_child_weight": 2.0434044128687763, "log10_subsample": -0.8540232555155416, "max_depth": 9.0, "num_boost_round": 16.0}, "datetime": {"datetime": "2024-01-19 00:49:50", "elapsed": 2275.129386, "delta": 0.003331}}
{"target": -17.90837248198044, "params": {"gamma": 137.9734214209585, "log10_alpha": -1.5660625025362305, "log10_colsample_bytree": -0.17212863280581736, "log10_eta": -0.8817246297941956, "log10_lambda": -4.190716191807799, "log10_min_child_weight": 2.0434044128687763, "log10_subsample": -0.8540232555155416, "max_depth": 9.0, "num_boost_round": 17.0}, "datetime": {"datetime": "2024-01-19 00:49:50", "elapsed": 2275.132663, "delta": 0.003277}}
{"target": -17.917413030757135, "params": {"gamma": 137.9734214209585, "log10_alpha": -1.5660625025362305, "log10_colsample_bytree": -0.17212863280581736, "log10_eta": -0.8817246297941956, "log10_lambda": -4.190716191807799, "log10_min_child_weight": 2.0434044128687763, "log10_subsample": -0.8540232555155416, "max_depth": 9.0, "num_boost_round": 18.0}, "datetime": {"datetime": "2024-01-19 00:49:50", "elapsed": 2275.135914, "delta": 0.003251}}
{"target": -17.924048608323513, "params": {"gamma": 137.9734214209585, "log10_alpha": -1.5660625025362305, "log10_colsample_bytree": -0.17212863280581736, "log10_eta": -0.8817246297941956, "log10_lambda": -4.190716191807799, "log10_min_child_weight": 2.0434044128687763, "log10_subsample": -0.8540232555155416, "max_depth": 9.0, "num_boost_round": 19.0}, "datetime": {"datetime": "2024-01-19 00:49:50", "elapsed": 2275.139191, "delta": 0.003277}}
{"target": -17.94066193322067, "params": {"gamma": 137.9734214209585, "log10_alpha": -1.5660625025362305, "log10_colsample_bytree": -0.17212863280581736, "log10_eta": -0.8817246297941956, "log10_lambda": -4.190716191807799, "log10_min_child_weight": 2.0434044128687763, "log10_subsample": -0.8540232555155416, "max_depth": 9.0, "num_boost_round": 20.0}, "datetime": {"datetime": "2024-01-19 00:49:50", "elapsed": 2275.142642, "delta": 0.003451}}
{"target": -17.95103948489776, "params": {"gamma": 137.9734214209585, "log10_alpha": -1.5660625025362305, "log10_colsample_bytree": -0.17212863280581736, "log10_eta": -0.8817246297941956, "log10_lambda": -4.190716191807799, "log10_min_child_weight": 2.0434044128687763, "log10_subsample": -0.8540232555155416, "max_depth": 9.0, "num_boost_round": 21.0}, "datetime": {"datetime": "2024-01-19 00:49:50", "elapsed": 2275.14589, "delta": 0.003248}}
{"target": -17.965480960418432, "params": {"gamma": 137.9734214209585, "log10_alpha": -1.5660625025362305, "log10_colsample_bytree": -0.17212863280581736, "log10_eta": -0.8817246297941956, "log10_lambda": -4.190716191807799, "log10_min_child_weight": 2.0434044128687763, "log10_subsample": -0.8540232555155416, "max_depth": 9.0, "num_boost_round": 22.0}, "datetime": {"datetime": "2024-01-19 00:49:50", "elapsed": 2275.14915, "delta": 0.00326}}
{"target": -17.983257873454413, "params": {"gamma": 137.9734214209585, "log10_alpha": -1.5660625025362305, "log10_colsample_bytree": -0.17212863280581736, "log10_eta": -0.8817246297941956, "log10_lambda": -4.190716191807799, "log10_min_child_weight": 2.0434044128687763, "log10_subsample": -0.8540232555155416, "max_depth": 9.0, "num_boost_round": 23.0}, "datetime": {"datetime": "2024-01-19 00:49:50", "elapsed": 2275.152456, "delta": 0.003306}}
{"target": -17.988431456959205, "params": {"gamma": 137.9734214209585, "log10_alpha": -1.5660625025362305, "log10_colsample_bytree": -0.17212863280581736, "log10_eta": -0.8817246297941956, "log10_lambda": -4.190716191807799, "log10_min_child_weight": 2.0434044128687763, "log10_subsample": -0.8540232555155416, "max_depth": 9.0, "num_boost_round": 24.0}, "datetime": {"datetime": "2024-01-19 00:49:50", "elapsed": 2275.1557, "delta": 0.003244}}
{"target": -18.01368491230685, "params": {"gamma": 137.9734214209585, "log10_alpha": -1.5660625025362305, "log10_colsample_bytree": -0.17212863280581736, "log10_eta": -0.8817246297941956, "log10_lambda": -4.190716191807799, "log10_min_child_weight": 2.0434044128687763, "log10_subsample": -0.8540232555155416, "max_depth": 9.0, "num_boost_round": 25.0}, "datetime": {"datetime": "2024-01-19 00:49:50", "elapsed": 2275.158985, "delta": 0.003285}}
{"target": -17.677185609175215, "params": {"gamma": 137.79608593571191, "log10_alpha": -4.790125870970356, "log10_colsample_bytree": -0.27946133232702464, "log10_eta": -2.808754919427527, "log10_lambda": -1.6347157754021695, "log10_min_child_weight": 0.21309781375526138, "log10_subsample": -0.6516280228546311, "max_depth": 2.0, "num_boost_round": 0.0}, "datetime": {"datetime": "2024-01-19 00:50:18", "elapsed": 2302.85474, "delta": 27.695755}}
{"target": -17.67714367316547, "params": {"gamma": 137.79608593571191, "log10_alpha": -4.790125870970356, "log10_colsample_bytree": -0.27946133232702464, "log10_eta": -2.808754919427527, "log10_lambda": -1.6347157754021695, "log10_min_child_weight": 0.21309781375526138, "log10_subsample": -0.6516280228546311, "max_depth": 2.0, "num_boost_round": 1.0}, "datetime": {"datetime": "2024-01-19 00:50:18", "elapsed": 2302.85889, "delta": 0.00415}}
{"target": -17.677120006602912, "params": {"gamma": 137.79608593571191, "log10_alpha": -4.790125870970356, "log10_colsample_bytree": -0.27946133232702464, "log10_eta": -2.808754919427527, "log10_lambda": -1.6347157754021695, "log10_min_child_weight": 0.21309781375526138, "log10_subsample": -0.6516280228546311, "max_depth": 2.0, "num_boost_round": 2.0}, "datetime": {"datetime": "2024-01-19 00:50:18", "elapsed": 2302.862165, "delta": 0.003275}}
{"target": -17.677105505970236, "params": {"gamma": 137.79608593571191, "log10_alpha": -4.790125870970356, "log10_colsample_bytree": -0.27946133232702464, "log10_eta": -2.808754919427527, "log10_lambda": -1.6347157754021695, "log10_min_child_weight": 0.21309781375526138, "log10_subsample": -0.6516280228546311, "max_depth": 2.0, "num_boost_round": 3.0}, "datetime": {"datetime": "2024-01-19 00:50:18", "elapsed": 2302.865382, "delta": 0.003217}}
{"target": -17.677067466358043, "params": {"gamma": 137.79608593571191, "log10_alpha": -4.790125870970356, "log10_colsample_bytree": -0.27946133232702464, "log10_eta": -2.808754919427527, "log10_lambda": -1.6347157754021695, "log10_min_child_weight": 0.21309781375526138, "log10_subsample": -0.6516280228546311, "max_depth": 2.0, "num_boost_round": 4.0}, "datetime": {"datetime": "2024-01-19 00:50:18", "elapsed": 2302.868676, "delta": 0.003294}}
{"target": -17.677037165963707, "params": {"gamma": 137.79608593571191, "log10_alpha": -4.790125870970356, "log10_colsample_bytree": -0.27946133232702464, "log10_eta": -2.808754919427527, "log10_lambda": -1.6347157754021695, "log10_min_child_weight": 0.21309781375526138, "log10_subsample": -0.6516280228546311, "max_depth": 2.0, "num_boost_round": 5.0}, "datetime": {"datetime": "2024-01-19 00:50:18", "elapsed": 2302.871814, "delta": 0.003138}}
{"target": -17.676998388600595, "params": {"gamma": 137.79608593571191, "log10_alpha": -4.790125870970356, "log10_colsample_bytree": -0.27946133232702464, "log10_eta": -2.808754919427527, "log10_lambda": -1.6347157754021695, "log10_min_child_weight": 0.21309781375526138, "log10_subsample": -0.6516280228546311, "max_depth": 2.0, "num_boost_round": 6.0}, "datetime": {"datetime": "2024-01-19 00:50:18", "elapsed": 2302.874988, "delta": 0.003174}}
{"target": -17.676951584314782, "params": {"gamma": 137.79608593571191, "log10_alpha": -4.790125870970356, "log10_colsample_bytree": -0.27946133232702464, "log10_eta": -2.808754919427527, "log10_lambda": -1.6347157754021695, "log10_min_child_weight": 0.21309781375526138, "log10_subsample": -0.6516280228546311, "max_depth": 2.0, "num_boost_round": 7.0}, "datetime": {"datetime": "2024-01-19 00:50:18", "elapsed": 2302.878112, "delta": 0.003124}}
{"target": -17.67691386895402, "params": {"gamma": 137.79608593571191, "log10_alpha": -4.790125870970356, "log10_colsample_bytree": -0.27946133232702464, "log10_eta": -2.808754919427527, "log10_lambda": -1.6347157754021695, "log10_min_child_weight": 0.21309781375526138, "log10_subsample": -0.6516280228546311, "max_depth": 2.0, "num_boost_round": 8.0}, "datetime": {"datetime": "2024-01-19 00:50:18", "elapsed": 2302.881441, "delta": 0.003329}}
{"target": -17.67685588982528, "params": {"gamma": 137.79608593571191, "log10_alpha": -4.790125870970356, "log10_colsample_bytree": -0.27946133232702464, "log10_eta": -2.808754919427527, "log10_lambda": -1.6347157754021695, "log10_min_child_weight": 0.21309781375526138, "log10_subsample": -0.6516280228546311, "max_depth": 2.0, "num_boost_round": 9.0}, "datetime": {"datetime": "2024-01-19 00:50:18", "elapsed": 2302.884606, "delta": 0.003165}}
{"target": -17.676820728089822, "params": {"gamma": 137.79608593571191, "log10_alpha": -4.790125870970356, "log10_colsample_bytree": -0.27946133232702464, "log10_eta": -2.808754919427527, "log10_lambda": -1.6347157754021695, "log10_min_child_weight": 0.21309781375526138, "log10_subsample": -0.6516280228546311, "max_depth": 2.0, "num_boost_round": 10.0}, "datetime": {"datetime": "2024-01-19 00:50:18", "elapsed": 2302.888092, "delta": 0.003486}}
{"target": -17.68045851743786, "params": {"gamma": 157.10695985294208, "log10_alpha": -3.5606684996791387, "log10_colsample_bytree": -0.1520926224405389, "log10_eta": -0.48751324876219737, "log10_lambda": -4.789311501004803, "log10_min_child_weight": 4.359899325854603, "log10_subsample": -0.5495234290399899, "max_depth": 7.0, "num_boost_round": 0.0}, "datetime": {"datetime": "2024-01-19 00:50:57", "elapsed": 2341.569772, "delta": 38.68168}}
{"target": -17.683406133096433, "params": {"gamma": 157.10695985294208, "log10_alpha": -3.5606684996791387, "log10_colsample_bytree": -0.1520926224405389, "log10_eta": -0.48751324876219737, "log10_lambda": -4.789311501004803, "log10_min_child_weight": 4.359899325854603, "log10_subsample": -0.5495234290399899, "max_depth": 7.0, "num_boost_round": 1.0}, "datetime": {"datetime": "2024-01-19 00:50:57", "elapsed": 2341.573787, "delta": 0.004015}}
{"target": -17.694395431328385, "params": {"gamma": 157.10695985294208, "log10_alpha": -3.5606684996791387, "log10_colsample_bytree": -0.1520926224405389, "log10_eta": -0.48751324876219737, "log10_lambda": -4.789311501004803, "log10_min_child_weight": 4.359899325854603, "log10_subsample": -0.5495234290399899, "max_depth": 7.0, "num_boost_round": 2.0}, "datetime": {"datetime": "2024-01-19 00:50:57", "elapsed": 2341.577235, "delta": 0.003448}}
{"target": -17.700380285714832, "params": {"gamma": 157.10695985294208, "log10_alpha": -3.5606684996791387, "log10_colsample_bytree": -0.1520926224405389, "log10_eta": -0.48751324876219737, "log10_lambda": -4.789311501004803, "log10_min_child_weight": 4.359899325854603, "log10_subsample": -0.5495234290399899, "max_depth": 7.0, "num_boost_round": 3.0}, "datetime": {"datetime": "2024-01-19 00:50:57", "elapsed": 2341.580526, "delta": 0.003291}}
{"target": -17.699622211141737, "params": {"gamma": 157.10695985294208, "log10_alpha": -3.5606684996791387, "log10_colsample_bytree": -0.1520926224405389, "log10_eta": -0.48751324876219737, "log10_lambda": -4.789311501004803, "log10_min_child_weight": 4.359899325854603, "log10_subsample": -0.5495234290399899, "max_depth": 7.0, "num_boost_round": 4.0}, "datetime": {"datetime": "2024-01-19 00:50:57", "elapsed": 2341.583765, "delta": 0.003239}}
{"target": -17.701896843823533, "params": {"gamma": 157.10695985294208, "log10_alpha": -3.5606684996791387, "log10_colsample_bytree": -0.1520926224405389, "log10_eta": -0.48751324876219737, "log10_lambda": -4.789311501004803, "log10_min_child_weight": 4.359899325854603, "log10_subsample": -0.5495234290399899, "max_depth": 7.0, "num_boost_round": 5.0}, "datetime": {"datetime": "2024-01-19 00:50:57", "elapsed": 2341.586908, "delta": 0.003143}}
{"target": -17.70448246567892, "params": {"gamma": 157.10695985294208, "log10_alpha": -3.5606684996791387, "log10_colsample_bytree": -0.1520926224405389, "log10_eta": -0.48751324876219737, "log10_lambda": -4.789311501004803, "log10_min_child_weight": 4.359899325854603, "log10_subsample": -0.5495234290399899, "max_depth": 7.0, "num_boost_round": 6.0}, "datetime": {"datetime": "2024-01-19 00:50:57", "elapsed": 2341.590098, "delta": 0.00319}}
{"target": -17.7117755174279, "params": {"gamma": 157.10695985294208, "log10_alpha": -3.5606684996791387, "log10_colsample_bytree": -0.1520926224405389, "log10_eta": -0.48751324876219737, "log10_lambda": -4.789311501004803, "log10_min_child_weight": 4.359899325854603, "log10_subsample": -0.5495234290399899, "max_depth": 7.0, "num_boost_round": 7.0}, "datetime": {"datetime": "2024-01-19 00:50:57", "elapsed": 2341.593324, "delta": 0.003226}}
{"target": -17.717488280013274, "params": {"gamma": 157.10695985294208, "log10_alpha": -3.5606684996791387, "log10_colsample_bytree": -0.1520926224405389, "log10_eta": -0.48751324876219737, "log10_lambda": -4.789311501004803, "log10_min_child_weight": 4.359899325854603, "log10_subsample": -0.5495234290399899, "max_depth": 7.0, "num_boost_round": 8.0}, "datetime": {"datetime": "2024-01-19 00:50:57", "elapsed": 2341.596459, "delta": 0.003135}}
{"target": -17.72389756062434, "params": {"gamma": 157.10695985294208, "log10_alpha": -3.5606684996791387, "log10_colsample_bytree": -0.1520926224405389, "log10_eta": -0.48751324876219737, "log10_lambda": -4.789311501004803, "log10_min_child_weight": 4.359899325854603, "log10_subsample": -0.5495234290399899, "max_depth": 7.0, "num_boost_round": 9.0}, "datetime": {"datetime": "2024-01-19 00:50:57", "elapsed": 2341.599629, "delta": 0.00317}}
{"target": -17.734046268301373, "params": {"gamma": 157.10695985294208, "log10_alpha": -3.5606684996791387, "log10_colsample_bytree": -0.1520926224405389, "log10_eta": -0.48751324876219737, "log10_lambda": -4.789311501004803, "log10_min_child_weight": 4.359899325854603, "log10_subsample": -0.5495234290399899, "max_depth": 7.0, "num_boost_round": 10.0}, "datetime": {"datetime": "2024-01-19 00:50:57", "elapsed": 2341.602675, "delta": 0.003046}}
{"target": -17.73242345794237, "params": {"gamma": 157.10695985294208, "log10_alpha": -3.5606684996791387, "log10_colsample_bytree": -0.1520926224405389, "log10_eta": -0.48751324876219737, "log10_lambda": -4.789311501004803, "log10_min_child_weight": 4.359899325854603, "log10_subsample": -0.5495234290399899, "max_depth": 7.0, "num_boost_round": 11.0}, "datetime": {"datetime": "2024-01-19 00:50:57", "elapsed": 2341.605707, "delta": 0.003032}}
{"target": -17.735721207955844, "params": {"gamma": 157.10695985294208, "log10_alpha": -3.5606684996791387, "log10_colsample_bytree": -0.1520926224405389, "log10_eta": -0.48751324876219737, "log10_lambda": -4.789311501004803, "log10_min_child_weight": 4.359899325854603, "log10_subsample": -0.5495234290399899, "max_depth": 7.0, "num_boost_round": 12.0}, "datetime": {"datetime": "2024-01-19 00:50:57", "elapsed": 2341.608829, "delta": 0.003122}}
{"target": -17.737794779912235, "params": {"gamma": 157.10695985294208, "log10_alpha": -3.5606684996791387, "log10_colsample_bytree": -0.1520926224405389, "log10_eta": -0.48751324876219737, "log10_lambda": -4.789311501004803, "log10_min_child_weight": 4.359899325854603, "log10_subsample": -0.5495234290399899, "max_depth": 7.0, "num_boost_round": 13.0}, "datetime": {"datetime": "2024-01-19 00:50:57", "elapsed": 2341.611866, "delta": 0.003037}}
{"target": -17.739134528945566, "params": {"gamma": 157.10695985294208, "log10_alpha": -3.5606684996791387, "log10_colsample_bytree": -0.1520926224405389, "log10_eta": -0.48751324876219737, "log10_lambda": -4.789311501004803, "log10_min_child_weight": 4.359899325854603, "log10_subsample": -0.5495234290399899, "max_depth": 7.0, "num_boost_round": 14.0}, "datetime": {"datetime": "2024-01-19 00:50:57", "elapsed": 2341.614904, "delta": 0.003038}}
{"target": -17.741305992567234, "params": {"gamma": 157.10695985294208, "log10_alpha": -3.5606684996791387, "log10_colsample_bytree": -0.1520926224405389, "log10_eta": -0.48751324876219737, "log10_lambda": -4.789311501004803, "log10_min_child_weight": 4.359899325854603, "log10_subsample": -0.5495234290399899, "max_depth": 7.0, "num_boost_round": 15.0}, "datetime": {"datetime": "2024-01-19 00:50:57", "elapsed": 2341.617897, "delta": 0.002993}}
{"target": -17.677050935797688, "params": {"gamma": 129.75355385509536, "log10_alpha": 0.15391779088592727, "log10_colsample_bytree": -0.4493721552061285, "log10_eta": -2.712257205469762, "log10_lambda": -3.121724840953865, "log10_min_child_weight": 0.06052379621712067, "log10_subsample": -0.2702414618778348, "max_depth": 4.0, "num_boost_round": 0.0}, "datetime": {"datetime": "2024-01-19 00:51:30", "elapsed": 2374.910178, "delta": 33.292281}}
{"target": -17.676911311917472, "params": {"gamma": 129.75355385509536, "log10_alpha": 0.15391779088592727, "log10_colsample_bytree": -0.4493721552061285, "log10_eta": -2.712257205469762, "log10_lambda": -3.121724840953865, "log10_min_child_weight": 0.06052379621712067, "log10_subsample": -0.2702414618778348, "max_depth": 4.0, "num_boost_round": 1.0}, "datetime": {"datetime": "2024-01-19 00:51:30", "elapsed": 2374.914168, "delta": 0.00399}}
{"target": -17.676830415960534, "params": {"gamma": 129.75355385509536, "log10_alpha": 0.15391779088592727, "log10_colsample_bytree": -0.4493721552061285, "log10_eta": -2.712257205469762, "log10_lambda": -3.121724840953865, "log10_min_child_weight": 0.06052379621712067, "log10_subsample": -0.2702414618778348, "max_depth": 4.0, "num_boost_round": 2.0}, "datetime": {"datetime": "2024-01-19 00:51:30", "elapsed": 2374.917577, "delta": 0.003409}}
