{"target": -13.758493180712362, "params": {"gamma": 561.1834237834479, "log10_alpha": 0.4328596776383691, "log10_colsample_bytree": -0.8656147172900838, "log10_eta": -2.867406473998338, "log10_lambda": -2.9744990431473743, "log10_min_child_weight": 3.9784717002024217, "log10_subsample": -0.9503200294901211, "max_depth": 9.0, "num_boost_round": 19.0}, "datetime": {"datetime": "2024-01-19 01:31:43", "elapsed": 4835.530184, "delta": 0.005145}}
{"target": -13.758497239513288, "params": {"gamma": 561.1834237834479, "log10_alpha": 0.4328596776383691, "log10_colsample_bytree": -0.8656147172900838, "log10_eta": -2.867406473998338, "log10_lambda": -2.9744990431473743, "log10_min_child_weight": 3.9784717002024217, "log10_subsample": -0.9503200294901211, "max_depth": 9.0, "num_boost_round": 20.0}, "datetime": {"datetime": "2024-01-19 01:31:43", "elapsed": 4835.535339, "delta": 0.005155}}
{"target": -13.758490236709992, "params": {"gamma": 561.1834237834479, "log10_alpha": 0.4328596776383691, "log10_colsample_bytree": -0.8656147172900838, "log10_eta": -2.867406473998338, "log10_lambda": -2.9744990431473743, "log10_min_child_weight": 3.9784717002024217, "log10_subsample": -0.9503200294901211, "max_depth": 9.0, "num_boost_round": 21.0}, "datetime": {"datetime": "2024-01-19 01:31:43", "elapsed": 4835.540894, "delta": 0.005555}}
{"target": -13.758491197007425, "params": {"gamma": 561.1834237834479, "log10_alpha": 0.4328596776383691, "log10_colsample_bytree": -0.8656147172900838, "log10_eta": -2.867406473998338, "log10_lambda": -2.9744990431473743, "log10_min_child_weight": 3.9784717002024217, "log10_subsample": -0.9503200294901211, "max_depth": 9.0, "num_boost_round": 22.0}, "datetime": {"datetime": "2024-01-19 01:31:43", "elapsed": 4835.546987, "delta": 0.006093}}
{"target": -13.758484789103996, "params": {"gamma": 561.1834237834479, "log10_alpha": 0.4328596776383691, "log10_colsample_bytree": -0.8656147172900838, "log10_eta": -2.867406473998338, "log10_lambda": -2.9744990431473743, "log10_min_child_weight": 3.9784717002024217, "log10_subsample": -0.9503200294901211, "max_depth": 9.0, "num_boost_round": 23.0}, "datetime": {"datetime": "2024-01-19 01:31:43", "elapsed": 4835.552279, "delta": 0.005292}}
{"target": -13.758480676481845, "params": {"gamma": 561.1834237834479, "log10_alpha": 0.4328596776383691, "log10_colsample_bytree": -0.8656147172900838, "log10_eta": -2.867406473998338, "log10_lambda": -2.9744990431473743, "log10_min_child_weight": 3.9784717002024217, "log10_subsample": -0.9503200294901211, "max_depth": 9.0, "num_boost_round": 24.0}, "datetime": {"datetime": "2024-01-19 01:31:43", "elapsed": 4835.557545, "delta": 0.005266}}
{"target": -13.758478023080734, "params": {"gamma": 561.1834237834479, "log10_alpha": 0.4328596776383691, "log10_colsample_bytree": -0.8656147172900838, "log10_eta": -2.867406473998338, "log10_lambda": -2.9744990431473743, "log10_min_child_weight": 3.9784717002024217, "log10_subsample": -0.9503200294901211, "max_depth": 9.0, "num_boost_round": 25.0}, "datetime": {"datetime": "2024-01-19 01:31:43", "elapsed": 4835.563014, "delta": 0.005469}}
{"target": -13.758468953323453, "params": {"gamma": 561.1834237834479, "log10_alpha": 0.4328596776383691, "log10_colsample_bytree": -0.8656147172900838, "log10_eta": -2.867406473998338, "log10_lambda": -2.9744990431473743, "log10_min_child_weight": 3.9784717002024217, "log10_subsample": -0.9503200294901211, "max_depth": 9.0, "num_boost_round": 26.0}, "datetime": {"datetime": "2024-01-19 01:31:43", "elapsed": 4835.568233, "delta": 0.005219}}
{"target": -13.75846061769031, "params": {"gamma": 561.1834237834479, "log10_alpha": 0.4328596776383691, "log10_colsample_bytree": -0.8656147172900838, "log10_eta": -2.867406473998338, "log10_lambda": -2.9744990431473743, "log10_min_child_weight": 3.9784717002024217, "log10_subsample": -0.9503200294901211, "max_depth": 9.0, "num_boost_round": 27.0}, "datetime": {"datetime": "2024-01-19 01:31:43", "elapsed": 4835.573393, "delta": 0.00516}}
{"target": -13.758440809918094, "params": {"gamma": 561.1834237834479, "log10_alpha": 0.4328596776383691, "log10_colsample_bytree": -0.8656147172900838, "log10_eta": -2.867406473998338, "log10_lambda": -2.9744990431473743, "log10_min_child_weight": 3.9784717002024217, "log10_subsample": -0.9503200294901211, "max_depth": 9.0, "num_boost_round": 28.0}, "datetime": {"datetime": "2024-01-19 01:31:43", "elapsed": 4835.57851, "delta": 0.005117}}
{"target": -13.758425663705127, "params": {"gamma": 561.1834237834479, "log10_alpha": 0.4328596776383691, "log10_colsample_bytree": -0.8656147172900838, "log10_eta": -2.867406473998338, "log10_lambda": -2.9744990431473743, "log10_min_child_weight": 3.9784717002024217, "log10_subsample": -0.9503200294901211, "max_depth": 9.0, "num_boost_round": 29.0}, "datetime": {"datetime": "2024-01-19 01:31:43", "elapsed": 4835.583785, "delta": 0.005275}}
{"target": -13.758409140569725, "params": {"gamma": 561.1834237834479, "log10_alpha": 0.4328596776383691, "log10_colsample_bytree": -0.8656147172900838, "log10_eta": -2.867406473998338, "log10_lambda": -2.9744990431473743, "log10_min_child_weight": 3.9784717002024217, "log10_subsample": -0.9503200294901211, "max_depth": 9.0, "num_boost_round": 30.0}, "datetime": {"datetime": "2024-01-19 01:31:43", "elapsed": 4835.58895, "delta": 0.005165}}
{"target": -13.758415608652678, "params": {"gamma": 561.1834237834479, "log10_alpha": 0.4328596776383691, "log10_colsample_bytree": -0.8656147172900838, "log10_eta": -2.867406473998338, "log10_lambda": -2.9744990431473743, "log10_min_child_weight": 3.9784717002024217, "log10_subsample": -0.9503200294901211, "max_depth": 9.0, "num_boost_round": 31.0}, "datetime": {"datetime": "2024-01-19 01:31:43", "elapsed": 4835.594134, "delta": 0.005184}}
{"target": -13.758406430494807, "params": {"gamma": 561.1834237834479, "log10_alpha": 0.4328596776383691, "log10_colsample_bytree": -0.8656147172900838, "log10_eta": -2.867406473998338, "log10_lambda": -2.9744990431473743, "log10_min_child_weight": 3.9784717002024217, "log10_subsample": -0.9503200294901211, "max_depth": 9.0, "num_boost_round": 32.0}, "datetime": {"datetime": "2024-01-19 01:31:43", "elapsed": 4835.599379, "delta": 0.005245}}
{"target": -13.758399321233425, "params": {"gamma": 561.1834237834479, "log10_alpha": 0.4328596776383691, "log10_colsample_bytree": -0.8656147172900838, "log10_eta": -2.867406473998338, "log10_lambda": -2.9744990431473743, "log10_min_child_weight": 3.9784717002024217, "log10_subsample": -0.9503200294901211, "max_depth": 9.0, "num_boost_round": 33.0}, "datetime": {"datetime": "2024-01-19 01:31:43", "elapsed": 4835.60469, "delta": 0.005311}}
{"target": -13.758388321973223, "params": {"gamma": 561.1834237834479, "log10_alpha": 0.4328596776383691, "log10_colsample_bytree": -0.8656147172900838, "log10_eta": -2.867406473998338, "log10_lambda": -2.9744990431473743, "log10_min_child_weight": 3.9784717002024217, "log10_subsample": -0.9503200294901211, "max_depth": 9.0, "num_boost_round": 34.0}, "datetime": {"datetime": "2024-01-19 01:31:43", "elapsed": 4835.609961, "delta": 0.005271}}
{"target": -13.758383268199252, "params": {"gamma": 561.1834237834479, "log10_alpha": 0.4328596776383691, "log10_colsample_bytree": -0.8656147172900838, "log10_eta": -2.867406473998338, "log10_lambda": -2.9744990431473743, "log10_min_child_weight": 3.9784717002024217, "log10_subsample": -0.9503200294901211, "max_depth": 9.0, "num_boost_round": 35.0}, "datetime": {"datetime": "2024-01-19 01:31:43", "elapsed": 4835.615207, "delta": 0.005246}}
{"target": -13.758378437476063, "params": {"gamma": 561.1834237834479, "log10_alpha": 0.4328596776383691, "log10_colsample_bytree": -0.8656147172900838, "log10_eta": -2.867406473998338, "log10_lambda": -2.9744990431473743, "log10_min_child_weight": 3.9784717002024217, "log10_subsample": -0.9503200294901211, "max_depth": 9.0, "num_boost_round": 36.0}, "datetime": {"datetime": "2024-01-19 01:31:43", "elapsed": 4835.620405, "delta": 0.005198}}
{"target": -13.758373871064208, "params": {"gamma": 561.1834237834479, "log10_alpha": 0.4328596776383691, "log10_colsample_bytree": -0.8656147172900838, "log10_eta": -2.867406473998338, "log10_lambda": -2.9744990431473743, "log10_min_child_weight": 3.9784717002024217, "log10_subsample": -0.9503200294901211, "max_depth": 9.0, "num_boost_round": 37.0}, "datetime": {"datetime": "2024-01-19 01:31:43", "elapsed": 4835.625723, "delta": 0.005318}}
{"target": -13.758375147319997, "params": {"gamma": 561.1834237834479, "log10_alpha": 0.4328596776383691, "log10_colsample_bytree": -0.8656147172900838, "log10_eta": -2.867406473998338, "log10_lambda": -2.9744990431473743, "log10_min_child_weight": 3.9784717002024217, "log10_subsample": -0.9503200294901211, "max_depth": 9.0, "num_boost_round": 38.0}, "datetime": {"datetime": "2024-01-19 01:31:43", "elapsed": 4835.630867, "delta": 0.005144}}
{"target": -13.758371907270378, "params": {"gamma": 561.1834237834479, "log10_alpha": 0.4328596776383691, "log10_colsample_bytree": -0.8656147172900838, "log10_eta": -2.867406473998338, "log10_lambda": -2.9744990431473743, "log10_min_child_weight": 3.9784717002024217, "log10_subsample": -0.9503200294901211, "max_depth": 9.0, "num_boost_round": 39.0}, "datetime": {"datetime": "2024-01-19 01:31:43", "elapsed": 4835.635999, "delta": 0.005132}}
{"target": -13.758522222933497, "params": {"gamma": 566.1301689158001, "log10_alpha": -2.1392316790204013, "log10_colsample_bytree": -0.6562724593488429, "log10_eta": -2.6847075520081427, "log10_lambda": -1.8225378217449446, "log10_min_child_weight": 4.949432201432222, "log10_subsample": -0.4666768840299831, "max_depth": 4.0, "num_boost_round": 0.0}, "datetime": {"datetime": "2024-01-19 01:34:03", "elapsed": 4975.740419, "delta": 140.10442}}
{"target": -13.75851651563521, "params": {"gamma": 566.1301689158001, "log10_alpha": -2.1392316790204013, "log10_colsample_bytree": -0.6562724593488429, "log10_eta": -2.6847075520081427, "log10_lambda": -1.8225378217449446, "log10_min_child_weight": 4.949432201432222, "log10_subsample": -0.4666768840299831, "max_depth": 4.0, "num_boost_round": 1.0}, "datetime": {"datetime": "2024-01-19 01:34:03", "elapsed": 4975.747153, "delta": 0.006734}}
{"target": -13.758517542787681, "params": {"gamma": 566.1301689158001, "log10_alpha": -2.1392316790204013, "log10_colsample_bytree": -0.6562724593488429, "log10_eta": -2.6847075520081427, "log10_lambda": -1.8225378217449446, "log10_min_child_weight": 4.949432201432222, "log10_subsample": -0.4666768840299831, "max_depth": 4.0, "num_boost_round": 2.0}, "datetime": {"datetime": "2024-01-19 01:34:03", "elapsed": 4975.752531, "delta": 0.005378}}
{"target": -13.758510073507669, "params": {"gamma": 566.1301689158001, "log10_alpha": -2.1392316790204013, "log10_colsample_bytree": -0.6562724593488429, "log10_eta": -2.6847075520081427, "log10_lambda": -1.8225378217449446, "log10_min_child_weight": 4.949432201432222, "log10_subsample": -0.4666768840299831, "max_depth": 4.0, "num_boost_round": 3.0}, "datetime": {"datetime": "2024-01-19 01:34:03", "elapsed": 4975.757805, "delta": 0.005274}}
{"target": -13.758509711194172, "params": {"gamma": 566.1301689158001, "log10_alpha": -2.1392316790204013, "log10_colsample_bytree": -0.6562724593488429, "log10_eta": -2.6847075520081427, "log10_lambda": -1.8225378217449446, "log10_min_child_weight": 4.949432201432222, "log10_subsample": -0.4666768840299831, "max_depth": 4.0, "num_boost_round": 4.0}, "datetime": {"datetime": "2024-01-19 01:34:03", "elapsed": 4975.763197, "delta": 0.005392}}
{"target": -13.758500303590404, "params": {"gamma": 566.1301689158001, "log10_alpha": -2.1392316790204013, "log10_colsample_bytree": -0.6562724593488429, "log10_eta": -2.6847075520081427, "log10_lambda": -1.8225378217449446, "log10_min_child_weight": 4.949432201432222, "log10_subsample": -0.4666768840299831, "max_depth": 4.0, "num_boost_round": 5.0}, "datetime": {"datetime": "2024-01-19 01:34:03", "elapsed": 4975.768434, "delta": 0.005237}}
{"target": -13.758502866314807, "params": {"gamma": 566.1301689158001, "log10_alpha": -2.1392316790204013, "log10_colsample_bytree": -0.6562724593488429, "log10_eta": -2.6847075520081427, "log10_lambda": -1.8225378217449446, "log10_min_child_weight": 4.949432201432222, "log10_subsample": -0.4666768840299831, "max_depth": 4.0, "num_boost_round": 6.0}, "datetime": {"datetime": "2024-01-19 01:34:03", "elapsed": 4975.773488, "delta": 0.005054}}
{"target": -13.758493853985193, "params": {"gamma": 566.1301689158001, "log10_alpha": -2.1392316790204013, "log10_colsample_bytree": -0.6562724593488429, "log10_eta": -2.6847075520081427, "log10_lambda": -1.8225378217449446, "log10_min_child_weight": 4.949432201432222, "log10_subsample": -0.4666768840299831, "max_depth": 4.0, "num_boost_round": 7.0}, "datetime": {"datetime": "2024-01-19 01:34:03", "elapsed": 4975.778555, "delta": 0.005067}}
{"target": -13.758493000651468, "params": {"gamma": 566.1301689158001, "log10_alpha": -2.1392316790204013, "log10_colsample_bytree": -0.6562724593488429, "log10_eta": -2.6847075520081427, "log10_lambda": -1.8225378217449446, "log10_min_child_weight": 4.949432201432222, "log10_subsample": -0.4666768840299831, "max_depth": 4.0, "num_boost_round": 8.0}, "datetime": {"datetime": "2024-01-19 01:34:03", "elapsed": 4975.783646, "delta": 0.005091}}
{"target": -13.758490079546307, "params": {"gamma": 566.1301689158001, "log10_alpha": -2.1392316790204013, "log10_colsample_bytree": -0.6562724593488429, "log10_eta": -2.6847075520081427, "log10_lambda": -1.8225378217449446, "log10_min_child_weight": 4.949432201432222, "log10_subsample": -0.4666768840299831, "max_depth": 4.0, "num_boost_round": 9.0}, "datetime": {"datetime": "2024-01-19 01:34:03", "elapsed": 4975.789203, "delta": 0.005557}}
{"target": -13.758481500901786, "params": {"gamma": 566.1301689158001, "log10_alpha": -2.1392316790204013, "log10_colsample_bytree": -0.6562724593488429, "log10_eta": -2.6847075520081427, "log10_lambda": -1.8225378217449446, "log10_min_child_weight": 4.949432201432222, "log10_subsample": -0.4666768840299831, "max_depth": 4.0, "num_boost_round": 10.0}, "datetime": {"datetime": "2024-01-19 01:34:03", "elapsed": 4975.794564, "delta": 0.005361}}
{"target": -13.758480380837684, "params": {"gamma": 566.1301689158001, "log10_alpha": -2.1392316790204013, "log10_colsample_bytree": -0.6562724593488429, "log10_eta": -2.6847075520081427, "log10_lambda": -1.8225378217449446, "log10_min_child_weight": 4.949432201432222, "log10_subsample": -0.4666768840299831, "max_depth": 4.0, "num_boost_round": 11.0}, "datetime": {"datetime": "2024-01-19 01:34:03", "elapsed": 4975.79966, "delta": 0.005096}}
{"target": -13.758475833251646, "params": {"gamma": 566.1301689158001, "log10_alpha": -2.1392316790204013, "log10_colsample_bytree": -0.6562724593488429, "log10_eta": -2.6847075520081427, "log10_lambda": -1.8225378217449446, "log10_min_child_weight": 4.949432201432222, "log10_subsample": -0.4666768840299831, "max_depth": 4.0, "num_boost_round": 12.0}, "datetime": {"datetime": "2024-01-19 01:34:03", "elapsed": 4975.804725, "delta": 0.005065}}
{"target": -13.75846862676654, "params": {"gamma": 566.1301689158001, "log10_alpha": -2.1392316790204013, "log10_colsample_bytree": -0.6562724593488429, "log10_eta": -2.6847075520081427, "log10_lambda": -1.8225378217449446, "log10_min_child_weight": 4.949432201432222, "log10_subsample": -0.4666768840299831, "max_depth": 4.0, "num_boost_round": 13.0}, "datetime": {"datetime": "2024-01-19 01:34:04", "elapsed": 4975.809867, "delta": 0.005142}}
{"target": -13.758460424877958, "params": {"gamma": 566.1301689158001, "log10_alpha": -2.1392316790204013, "log10_colsample_bytree": -0.6562724593488429, "log10_eta": -2.6847075520081427, "log10_lambda": -1.8225378217449446, "log10_min_child_weight": 4.949432201432222, "log10_subsample": -0.4666768840299831, "max_depth": 4.0, "num_boost_round": 14.0}, "datetime": {"datetime": "2024-01-19 01:34:04", "elapsed": 4975.814975, "delta": 0.005108}}
{"target": -13.758450919320765, "params": {"gamma": 566.1301689158001, "log10_alpha": -2.1392316790204013, "log10_colsample_bytree": -0.6562724593488429, "log10_eta": -2.6847075520081427, "log10_lambda": -1.8225378217449446, "log10_min_child_weight": 4.949432201432222, "log10_subsample": -0.4666768840299831, "max_depth": 4.0, "num_boost_round": 15.0}, "datetime": {"datetime": "2024-01-19 01:34:04", "elapsed": 4975.820277, "delta": 0.005302}}
{"target": -13.758441350543897, "params": {"gamma": 566.1301689158001, "log10_alpha": -2.1392316790204013, "log10_colsample_bytree": -0.6562724593488429, "log10_eta": -2.6847075520081427, "log10_lambda": -1.8225378217449446, "log10_min_child_weight": 4.949432201432222, "log10_subsample": -0.4666768840299831, "max_depth": 4.0, "num_boost_round": 16.0}, "datetime": {"datetime": "2024-01-19 01:34:04", "elapsed": 4975.825687, "delta": 0.00541}}
{"target": -13.758434640449753, "params": {"gamma": 566.1301689158001, "log10_alpha": -2.1392316790204013, "log10_colsample_bytree": -0.6562724593488429, "log10_eta": -2.6847075520081427, "log10_lambda": -1.8225378217449446, "log10_min_child_weight": 4.949432201432222, "log10_subsample": -0.4666768840299831, "max_depth": 4.0, "num_boost_round": 17.0}, "datetime": {"datetime": "2024-01-19 01:34:04", "elapsed": 4975.830784, "delta": 0.005097}}
{"target": -13.758423624317423, "params": {"gamma": 566.1301689158001, "log10_alpha": -2.1392316790204013, "log10_colsample_bytree": -0.6562724593488429, "log10_eta": -2.6847075520081427, "log10_lambda": -1.8225378217449446, "log10_min_child_weight": 4.949432201432222, "log10_subsample": -0.4666768840299831, "max_depth": 4.0, "num_boost_round": 18.0}, "datetime": {"datetime": "2024-01-19 01:34:04", "elapsed": 4975.835831, "delta": 0.005047}}
{"target": -13.7584078457, "params": {"gamma": 566.1301689158001, "log10_alpha": -2.1392316790204013, "log10_colsample_bytree": -0.6562724593488429, "log10_eta": -2.6847075520081427, "log10_lambda": -1.8225378217449446, "log10_min_child_weight": 4.949432201432222, "log10_subsample": -0.4666768840299831, "max_depth": 4.0, "num_boost_round": 19.0}, "datetime": {"datetime": "2024-01-19 01:34:04", "elapsed": 4975.841152, "delta": 0.005321}}
{"target": -13.758412938030608, "params": {"gamma": 566.1301689158001, "log10_alpha": -2.1392316790204013, "log10_colsample_bytree": -0.6562724593488429, "log10_eta": -2.6847075520081427, "log10_lambda": -1.8225378217449446, "log10_min_child_weight": 4.949432201432222, "log10_subsample": -0.4666768840299831, "max_depth": 4.0, "num_boost_round": 20.0}, "datetime": {"datetime": "2024-01-19 01:34:04", "elapsed": 4975.847139, "delta": 0.005987}}
{"target": -13.758407797574316, "params": {"gamma": 566.1301689158001, "log10_alpha": -2.1392316790204013, "log10_colsample_bytree": -0.6562724593488429, "log10_eta": -2.6847075520081427, "log10_lambda": -1.8225378217449446, "log10_min_child_weight": 4.949432201432222, "log10_subsample": -0.4666768840299831, "max_depth": 4.0, "num_boost_round": 21.0}, "datetime": {"datetime": "2024-01-19 01:34:04", "elapsed": 4975.85263, "delta": 0.005491}}
{"target": -13.758397030990084, "params": {"gamma": 566.1301689158001, "log10_alpha": -2.1392316790204013, "log10_colsample_bytree": -0.6562724593488429, "log10_eta": -2.6847075520081427, "log10_lambda": -1.8225378217449446, "log10_min_child_weight": 4.949432201432222, "log10_subsample": -0.4666768840299831, "max_depth": 4.0, "num_boost_round": 22.0}, "datetime": {"datetime": "2024-01-19 01:34:04", "elapsed": 4975.858228, "delta": 0.005598}}
{"target": -13.758382206275705, "params": {"gamma": 566.1301689158001, "log10_alpha": -2.1392316790204013, "log10_colsample_bytree": -0.6562724593488429, "log10_eta": -2.6847075520081427, "log10_lambda": -1.8225378217449446, "log10_min_child_weight": 4.949432201432222, "log10_subsample": -0.4666768840299831, "max_depth": 4.0, "num_boost_round": 23.0}, "datetime": {"datetime": "2024-01-19 01:34:04", "elapsed": 4975.987866, "delta": 0.129638}}
{"target": -13.758379913326594, "params": {"gamma": 566.1301689158001, "log10_alpha": -2.1392316790204013, "log10_colsample_bytree": -0.6562724593488429, "log10_eta": -2.6847075520081427, "log10_lambda": -1.8225378217449446, "log10_min_child_weight": 4.949432201432222, "log10_subsample": -0.4666768840299831, "max_depth": 4.0, "num_boost_round": 24.0}, "datetime": {"datetime": "2024-01-19 01:34:04", "elapsed": 4975.993914, "delta": 0.006048}}
{"target": -13.758378323740976, "params": {"gamma": 566.1301689158001, "log10_alpha": -2.1392316790204013, "log10_colsample_bytree": -0.6562724593488429, "log10_eta": -2.6847075520081427, "log10_lambda": -1.8225378217449446, "log10_min_child_weight": 4.949432201432222, "log10_subsample": -0.4666768840299831, "max_depth": 4.0, "num_boost_round": 25.0}, "datetime": {"datetime": "2024-01-19 01:34:04", "elapsed": 4975.99936, "delta": 0.005446}}
{"target": -13.758375619510874, "params": {"gamma": 566.1301689158001, "log10_alpha": -2.1392316790204013, "log10_colsample_bytree": -0.6562724593488429, "log10_eta": -2.6847075520081427, "log10_lambda": -1.8225378217449446, "log10_min_child_weight": 4.949432201432222, "log10_subsample": -0.4666768840299831, "max_depth": 4.0, "num_boost_round": 26.0}, "datetime": {"datetime": "2024-01-19 01:34:04", "elapsed": 4976.004705, "delta": 0.005345}}
{"target": -13.758369040015502, "params": {"gamma": 566.1301689158001, "log10_alpha": -2.1392316790204013, "log10_colsample_bytree": -0.6562724593488429, "log10_eta": -2.6847075520081427, "log10_lambda": -1.8225378217449446, "log10_min_child_weight": 4.949432201432222, "log10_subsample": -0.4666768840299831, "max_depth": 4.0, "num_boost_round": 27.0}, "datetime": {"datetime": "2024-01-19 01:34:04", "elapsed": 4976.010136, "delta": 0.005431}}
