{"target": -17.67719847425133, "params": {"gamma": 71.24760580365586, "log10_alpha": -3.2746122802121227, "log10_colsample_bytree": -0.9348141736126524, "log10_eta": -3.770105171114881, "log10_lambda": -0.35657128971794183, "log10_min_child_weight": 1.8452564732391963, "log10_subsample": -0.2631547580424126, "max_depth": 5.0, "num_boost_round": 4.0}, "datetime": {"datetime": "2024-01-19 00:16:03", "elapsed": 270.7908, "delta": 0.000494}}
{"target": -17.67719609087086, "params": {"gamma": 71.24760580365586, "log10_alpha": -3.2746122802121227, "log10_colsample_bytree": -0.9348141736126524, "log10_eta": -3.770105171114881, "log10_lambda": -0.35657128971794183, "log10_min_child_weight": 1.8452564732391963, "log10_subsample": -0.2631547580424126, "max_depth": 5.0, "num_boost_round": 5.0}, "datetime": {"datetime": "2024-01-19 00:16:03", "elapsed": 270.79143, "delta": 0.00063}}
{"target": -17.677195947938724, "params": {"gamma": 71.24760580365586, "log10_alpha": -3.2746122802121227, "log10_colsample_bytree": -0.9348141736126524, "log10_eta": -3.770105171114881, "log10_lambda": -0.35657128971794183, "log10_min_child_weight": 1.8452564732391963, "log10_subsample": -0.2631547580424126, "max_depth": 5.0, "num_boost_round": 6.0}, "datetime": {"datetime": "2024-01-19 00:16:03", "elapsed": 270.791966, "delta": 0.000536}}
{"target": -17.67719021277279, "params": {"gamma": 71.24760580365586, "log10_alpha": -3.2746122802121227, "log10_colsample_bytree": -0.9348141736126524, "log10_eta": -3.770105171114881, "log10_lambda": -0.35657128971794183, "log10_min_child_weight": 1.8452564732391963, "log10_subsample": -0.2631547580424126, "max_depth": 5.0, "num_boost_round": 7.0}, "datetime": {"datetime": "2024-01-19 00:16:03", "elapsed": 270.792474, "delta": 0.000508}}
{"target": -17.677187028289882, "params": {"gamma": 71.24760580365586, "log10_alpha": -3.2746122802121227, "log10_colsample_bytree": -0.9348141736126524, "log10_eta": -3.770105171114881, "log10_lambda": -0.35657128971794183, "log10_min_child_weight": 1.8452564732391963, "log10_subsample": -0.2631547580424126, "max_depth": 5.0, "num_boost_round": 8.0}, "datetime": {"datetime": "2024-01-19 00:16:03", "elapsed": 270.792982, "delta": 0.000508}}
{"target": -17.67718243273967, "params": {"gamma": 71.24760580365586, "log10_alpha": -3.2746122802121227, "log10_colsample_bytree": -0.9348141736126524, "log10_eta": -3.770105171114881, "log10_lambda": -0.35657128971794183, "log10_min_child_weight": 1.8452564732391963, "log10_subsample": -0.2631547580424126, "max_depth": 5.0, "num_boost_round": 9.0}, "datetime": {"datetime": "2024-01-19 00:16:03", "elapsed": 270.793486, "delta": 0.000504}}
{"target": -17.67717316408971, "params": {"gamma": 71.24760580365586, "log10_alpha": -3.2746122802121227, "log10_colsample_bytree": -0.9348141736126524, "log10_eta": -3.770105171114881, "log10_lambda": -0.35657128971794183, "log10_min_child_weight": 1.8452564732391963, "log10_subsample": -0.2631547580424126, "max_depth": 5.0, "num_boost_round": 10.0}, "datetime": {"datetime": "2024-01-19 00:16:03", "elapsed": 270.793991, "delta": 0.000505}}
{"target": -17.677164035134506, "params": {"gamma": 71.24760580365586, "log10_alpha": -3.2746122802121227, "log10_colsample_bytree": -0.9348141736126524, "log10_eta": -3.770105171114881, "log10_lambda": -0.35657128971794183, "log10_min_child_weight": 1.8452564732391963, "log10_subsample": -0.2631547580424126, "max_depth": 5.0, "num_boost_round": 11.0}, "datetime": {"datetime": "2024-01-19 00:16:03", "elapsed": 270.794492, "delta": 0.000501}}
{"target": -17.677156269600324, "params": {"gamma": 71.24760580365586, "log10_alpha": -3.2746122802121227, "log10_colsample_bytree": -0.9348141736126524, "log10_eta": -3.770105171114881, "log10_lambda": -0.35657128971794183, "log10_min_child_weight": 1.8452564732391963, "log10_subsample": -0.2631547580424126, "max_depth": 5.0, "num_boost_round": 12.0}, "datetime": {"datetime": "2024-01-19 00:16:03", "elapsed": 270.795007, "delta": 0.000515}}
{"target": -17.677154616318425, "params": {"gamma": 71.24760580365586, "log10_alpha": -3.2746122802121227, "log10_colsample_bytree": -0.9348141736126524, "log10_eta": -3.770105171114881, "log10_lambda": -0.35657128971794183, "log10_min_child_weight": 1.8452564732391963, "log10_subsample": -0.2631547580424126, "max_depth": 5.0, "num_boost_round": 13.0}, "datetime": {"datetime": "2024-01-19 00:16:03", "elapsed": 270.795653, "delta": 0.000646}}
{"target": -17.67714944173803, "params": {"gamma": 71.24760580365586, "log10_alpha": -3.2746122802121227, "log10_colsample_bytree": -0.9348141736126524, "log10_eta": -3.770105171114881, "log10_lambda": -0.35657128971794183, "log10_min_child_weight": 1.8452564732391963, "log10_subsample": -0.2631547580424126, "max_depth": 5.0, "num_boost_round": 14.0}, "datetime": {"datetime": "2024-01-19 00:16:03", "elapsed": 270.796174, "delta": 0.000521}}
{"target": -17.677139149524567, "params": {"gamma": 71.24760580365586, "log10_alpha": -3.2746122802121227, "log10_colsample_bytree": -0.9348141736126524, "log10_eta": -3.770105171114881, "log10_lambda": -0.35657128971794183, "log10_min_child_weight": 1.8452564732391963, "log10_subsample": -0.2631547580424126, "max_depth": 5.0, "num_boost_round": 15.0}, "datetime": {"datetime": "2024-01-19 00:16:03", "elapsed": 270.796685, "delta": 0.000511}}
{"target": -17.675754764823047, "params": {"gamma": 72.92896830387974, "log10_alpha": -3.4943938384433535, "log10_colsample_bytree": -0.16693756204959742, "log10_eta": -1.1767633593594091, "log10_lambda": -0.4388514298555215, "log10_min_child_weight": 3.3450095315400845, "log10_subsample": -0.016068150282390392, "max_depth": 4.0, "num_boost_round": 0.0}, "datetime": {"datetime": "2024-01-19 00:16:24", "elapsed": 291.703347, "delta": 20.906662}}
{"target": -17.677022012626416, "params": {"gamma": 72.92896830387974, "log10_alpha": -3.4943938384433535, "log10_colsample_bytree": -0.16693756204959742, "log10_eta": -1.1767633593594091, "log10_lambda": -0.4388514298555215, "log10_min_child_weight": 3.3450095315400845, "log10_subsample": -0.016068150282390392, "max_depth": 4.0, "num_boost_round": 1.0}, "datetime": {"datetime": "2024-01-19 00:16:24", "elapsed": 291.704443, "delta": 0.001096}}
{"target": -17.675532891019486, "params": {"gamma": 72.92896830387974, "log10_alpha": -3.4943938384433535, "log10_colsample_bytree": -0.16693756204959742, "log10_eta": -1.1767633593594091, "log10_lambda": -0.4388514298555215, "log10_min_child_weight": 3.3450095315400845, "log10_subsample": -0.016068150282390392, "max_depth": 4.0, "num_boost_round": 2.0}, "datetime": {"datetime": "2024-01-19 00:16:24", "elapsed": 291.705137, "delta": 0.000694}}
{"target": -17.67559178545953, "params": {"gamma": 72.92896830387974, "log10_alpha": -3.4943938384433535, "log10_colsample_bytree": -0.16693756204959742, "log10_eta": -1.1767633593594091, "log10_lambda": -0.4388514298555215, "log10_min_child_weight": 3.3450095315400845, "log10_subsample": -0.016068150282390392, "max_depth": 4.0, "num_boost_round": 3.0}, "datetime": {"datetime": "2024-01-19 00:16:24", "elapsed": 291.70567, "delta": 0.000533}}
{"target": -17.677537165044793, "params": {"gamma": 72.92896830387974, "log10_alpha": -3.4943938384433535, "log10_colsample_bytree": -0.16693756204959742, "log10_eta": -1.1767633593594091, "log10_lambda": -0.4388514298555215, "log10_min_child_weight": 3.3450095315400845, "log10_subsample": -0.016068150282390392, "max_depth": 4.0, "num_boost_round": 4.0}, "datetime": {"datetime": "2024-01-19 00:16:24", "elapsed": 291.706308, "delta": 0.000638}}
{"target": -17.679639475978327, "params": {"gamma": 72.92896830387974, "log10_alpha": -3.4943938384433535, "log10_colsample_bytree": -0.16693756204959742, "log10_eta": -1.1767633593594091, "log10_lambda": -0.4388514298555215, "log10_min_child_weight": 3.3450095315400845, "log10_subsample": -0.016068150282390392, "max_depth": 4.0, "num_boost_round": 5.0}, "datetime": {"datetime": "2024-01-19 00:16:24", "elapsed": 291.706831, "delta": 0.000523}}
{"target": -17.683958078956728, "params": {"gamma": 72.92896830387974, "log10_alpha": -3.4943938384433535, "log10_colsample_bytree": -0.16693756204959742, "log10_eta": -1.1767633593594091, "log10_lambda": -0.4388514298555215, "log10_min_child_weight": 3.3450095315400845, "log10_subsample": -0.016068150282390392, "max_depth": 4.0, "num_boost_round": 6.0}, "datetime": {"datetime": "2024-01-19 00:16:24", "elapsed": 291.707458, "delta": 0.000627}}
{"target": -17.68729460827819, "params": {"gamma": 72.92896830387974, "log10_alpha": -3.4943938384433535, "log10_colsample_bytree": -0.16693756204959742, "log10_eta": -1.1767633593594091, "log10_lambda": -0.4388514298555215, "log10_min_child_weight": 3.3450095315400845, "log10_subsample": -0.016068150282390392, "max_depth": 4.0, "num_boost_round": 7.0}, "datetime": {"datetime": "2024-01-19 00:16:24", "elapsed": 291.707991, "delta": 0.000533}}
{"target": -17.685581745445507, "params": {"gamma": 72.92896830387974, "log10_alpha": -3.4943938384433535, "log10_colsample_bytree": -0.16693756204959742, "log10_eta": -1.1767633593594091, "log10_lambda": -0.4388514298555215, "log10_min_child_weight": 3.3450095315400845, "log10_subsample": -0.016068150282390392, "max_depth": 4.0, "num_boost_round": 8.0}, "datetime": {"datetime": "2024-01-19 00:16:24", "elapsed": 291.708559, "delta": 0.000568}}
{"target": -17.68623315375699, "params": {"gamma": 72.92896830387974, "log10_alpha": -3.4943938384433535, "log10_colsample_bytree": -0.16693756204959742, "log10_eta": -1.1767633593594091, "log10_lambda": -0.4388514298555215, "log10_min_child_weight": 3.3450095315400845, "log10_subsample": -0.016068150282390392, "max_depth": 4.0, "num_boost_round": 9.0}, "datetime": {"datetime": "2024-01-19 00:16:24", "elapsed": 291.709086, "delta": 0.000527}}
{"target": -17.689567066696394, "params": {"gamma": 72.92896830387974, "log10_alpha": -3.4943938384433535, "log10_colsample_bytree": -0.16693756204959742, "log10_eta": -1.1767633593594091, "log10_lambda": -0.4388514298555215, "log10_min_child_weight": 3.3450095315400845, "log10_subsample": -0.016068150282390392, "max_depth": 4.0, "num_boost_round": 10.0}, "datetime": {"datetime": "2024-01-19 00:16:24", "elapsed": 291.709606, "delta": 0.00052}}
{"target": -17.690683696679322, "params": {"gamma": 72.92896830387974, "log10_alpha": -3.4943938384433535, "log10_colsample_bytree": -0.16693756204959742, "log10_eta": -1.1767633593594091, "log10_lambda": -0.4388514298555215, "log10_min_child_weight": 3.3450095315400845, "log10_subsample": -0.016068150282390392, "max_depth": 4.0, "num_boost_round": 11.0}, "datetime": {"datetime": "2024-01-19 00:16:24", "elapsed": 291.710148, "delta": 0.000542}}
{"target": -17.69074507647667, "params": {"gamma": 72.92896830387974, "log10_alpha": -3.4943938384433535, "log10_colsample_bytree": -0.16693756204959742, "log10_eta": -1.1767633593594091, "log10_lambda": -0.4388514298555215, "log10_min_child_weight": 3.3450095315400845, "log10_subsample": -0.016068150282390392, "max_depth": 4.0, "num_boost_round": 12.0}, "datetime": {"datetime": "2024-01-19 00:16:24", "elapsed": 291.710733, "delta": 0.000585}}
{"target": -17.692901793778905, "params": {"gamma": 72.92896830387974, "log10_alpha": -3.4943938384433535, "log10_colsample_bytree": -0.16693756204959742, "log10_eta": -1.1767633593594091, "log10_lambda": -0.4388514298555215, "log10_min_child_weight": 3.3450095315400845, "log10_subsample": -0.016068150282390392, "max_depth": 4.0, "num_boost_round": 13.0}, "datetime": {"datetime": "2024-01-19 00:16:24", "elapsed": 291.711276, "delta": 0.000543}}
{"target": -17.693706718871784, "params": {"gamma": 72.92896830387974, "log10_alpha": -3.4943938384433535, "log10_colsample_bytree": -0.16693756204959742, "log10_eta": -1.1767633593594091, "log10_lambda": -0.4388514298555215, "log10_min_child_weight": 3.3450095315400845, "log10_subsample": -0.016068150282390392, "max_depth": 4.0, "num_boost_round": 14.0}, "datetime": {"datetime": "2024-01-19 00:16:24", "elapsed": 291.711804, "delta": 0.000528}}
{"target": -17.6972785062953, "params": {"gamma": 72.92896830387974, "log10_alpha": -3.4943938384433535, "log10_colsample_bytree": -0.16693756204959742, "log10_eta": -1.1767633593594091, "log10_lambda": -0.4388514298555215, "log10_min_child_weight": 3.3450095315400845, "log10_subsample": -0.016068150282390392, "max_depth": 4.0, "num_boost_round": 15.0}, "datetime": {"datetime": "2024-01-19 00:16:24", "elapsed": 291.712347, "delta": 0.000543}}
{"target": -17.67789663195685, "params": {"gamma": 82.07023267992419, "log10_alpha": -4.069152280270121, "log10_colsample_bytree": -0.3090178762159025, "log10_eta": -1.349066881219167, "log10_lambda": 0.12464617253872134, "log10_min_child_weight": 4.634343739859045, "log10_subsample": -0.1312898617578181, "max_depth": 5.0, "num_boost_round": 0.0}, "datetime": {"datetime": "2024-01-19 00:16:44", "elapsed": 312.066982, "delta": 20.354635}}
{"target": -17.678276416913587, "params": {"gamma": 82.07023267992419, "log10_alpha": -4.069152280270121, "log10_colsample_bytree": -0.3090178762159025, "log10_eta": -1.349066881219167, "log10_lambda": 0.12464617253872134, "log10_min_child_weight": 4.634343739859045, "log10_subsample": -0.1312898617578181, "max_depth": 5.0, "num_boost_round": 1.0}, "datetime": {"datetime": "2024-01-19 00:16:44", "elapsed": 312.067716, "delta": 0.000734}}
{"target": -17.678702318565357, "params": {"gamma": 82.07023267992419, "log10_alpha": -4.069152280270121, "log10_colsample_bytree": -0.3090178762159025, "log10_eta": -1.349066881219167, "log10_lambda": 0.12464617253872134, "log10_min_child_weight": 4.634343739859045, "log10_subsample": -0.1312898617578181, "max_depth": 5.0, "num_boost_round": 2.0}, "datetime": {"datetime": "2024-01-19 00:16:44", "elapsed": 312.068732, "delta": 0.001016}}
{"target": -17.678391523015936, "params": {"gamma": 82.07023267992419, "log10_alpha": -4.069152280270121, "log10_colsample_bytree": -0.3090178762159025, "log10_eta": -1.349066881219167, "log10_lambda": 0.12464617253872134, "log10_min_child_weight": 4.634343739859045, "log10_subsample": -0.1312898617578181, "max_depth": 5.0, "num_boost_round": 3.0}, "datetime": {"datetime": "2024-01-19 00:16:44", "elapsed": 312.06944, "delta": 0.000708}}
{"target": -17.678508433581857, "params": {"gamma": 82.07023267992419, "log10_alpha": -4.069152280270121, "log10_colsample_bytree": -0.3090178762159025, "log10_eta": -1.349066881219167, "log10_lambda": 0.12464617253872134, "log10_min_child_weight": 4.634343739859045, "log10_subsample": -0.1312898617578181, "max_depth": 5.0, "num_boost_round": 4.0}, "datetime": {"datetime": "2024-01-19 00:16:44", "elapsed": 312.069994, "delta": 0.000554}}
{"target": -17.678454887468803, "params": {"gamma": 82.07023267992419, "log10_alpha": -4.069152280270121, "log10_colsample_bytree": -0.3090178762159025, "log10_eta": -1.349066881219167, "log10_lambda": 0.12464617253872134, "log10_min_child_weight": 4.634343739859045, "log10_subsample": -0.1312898617578181, "max_depth": 5.0, "num_boost_round": 5.0}, "datetime": {"datetime": "2024-01-19 00:16:44", "elapsed": 312.070548, "delta": 0.000554}}
{"target": -17.678928710723024, "params": {"gamma": 82.07023267992419, "log10_alpha": -4.069152280270121, "log10_colsample_bytree": -0.3090178762159025, "log10_eta": -1.349066881219167, "log10_lambda": 0.12464617253872134, "log10_min_child_weight": 4.634343739859045, "log10_subsample": -0.1312898617578181, "max_depth": 5.0, "num_boost_round": 6.0}, "datetime": {"datetime": "2024-01-19 00:16:44", "elapsed": 312.071107, "delta": 0.000559}}
{"target": -17.679058059287033, "params": {"gamma": 82.07023267992419, "log10_alpha": -4.069152280270121, "log10_colsample_bytree": -0.3090178762159025, "log10_eta": -1.349066881219167, "log10_lambda": 0.12464617253872134, "log10_min_child_weight": 4.634343739859045, "log10_subsample": -0.1312898617578181, "max_depth": 5.0, "num_boost_round": 7.0}, "datetime": {"datetime": "2024-01-19 00:16:44", "elapsed": 312.07173, "delta": 0.000623}}
{"target": -17.679389674407147, "params": {"gamma": 82.07023267992419, "log10_alpha": -4.069152280270121, "log10_colsample_bytree": -0.3090178762159025, "log10_eta": -1.349066881219167, "log10_lambda": 0.12464617253872134, "log10_min_child_weight": 4.634343739859045, "log10_subsample": -0.1312898617578181, "max_depth": 5.0, "num_boost_round": 8.0}, "datetime": {"datetime": "2024-01-19 00:16:44", "elapsed": 312.072281, "delta": 0.000551}}
{"target": -17.67945693651845, "params": {"gamma": 82.07023267992419, "log10_alpha": -4.069152280270121, "log10_colsample_bytree": -0.3090178762159025, "log10_eta": -1.349066881219167, "log10_lambda": 0.12464617253872134, "log10_min_child_weight": 4.634343739859045, "log10_subsample": -0.1312898617578181, "max_depth": 5.0, "num_boost_round": 9.0}, "datetime": {"datetime": "2024-01-19 00:16:44", "elapsed": 312.07283, "delta": 0.000549}}
{"target": -17.679523272607838, "params": {"gamma": 82.07023267992419, "log10_alpha": -4.069152280270121, "log10_colsample_bytree": -0.3090178762159025, "log10_eta": -1.349066881219167, "log10_lambda": 0.12464617253872134, "log10_min_child_weight": 4.634343739859045, "log10_subsample": -0.1312898617578181, "max_depth": 5.0, "num_boost_round": 10.0}, "datetime": {"datetime": "2024-01-19 00:16:44", "elapsed": 312.073403, "delta": 0.000573}}
{"target": -17.677228173483737, "params": {"gamma": 69.88501238277156, "log10_alpha": -4.835454849265892, "log10_colsample_bytree": -0.4695358993985377, "log10_eta": -3.618478360606116, "log10_lambda": -2.4550530870536056, "log10_min_child_weight": 3.590051656416038, "log10_subsample": -0.48860859669151957, "max_depth": 2.0, "num_boost_round": 0.0}, "datetime": {"datetime": "2024-01-19 00:17:07", "elapsed": 335.214763, "delta": 23.14136}}
{"target": -17.677222395356946, "params": {"gamma": 69.88501238277156, "log10_alpha": -4.835454849265892, "log10_colsample_bytree": -0.4695358993985377, "log10_eta": -3.618478360606116, "log10_lambda": -2.4550530870536056, "log10_min_child_weight": 3.590051656416038, "log10_subsample": -0.48860859669151957, "max_depth": 2.0, "num_boost_round": 1.0}, "datetime": {"datetime": "2024-01-19 00:17:07", "elapsed": 335.215508, "delta": 0.000745}}
{"target": -17.677216439391902, "params": {"gamma": 69.88501238277156, "log10_alpha": -4.835454849265892, "log10_colsample_bytree": -0.4695358993985377, "log10_eta": -3.618478360606116, "log10_lambda": -2.4550530870536056, "log10_min_child_weight": 3.590051656416038, "log10_subsample": -0.48860859669151957, "max_depth": 2.0, "num_boost_round": 2.0}, "datetime": {"datetime": "2024-01-19 00:17:07", "elapsed": 335.216095, "delta": 0.000587}}
{"target": -17.677218337844728, "params": {"gamma": 69.88501238277156, "log10_alpha": -4.835454849265892, "log10_colsample_bytree": -0.4695358993985377, "log10_eta": -3.618478360606116, "log10_lambda": -2.4550530870536056, "log10_min_child_weight": 3.590051656416038, "log10_subsample": -0.48860859669151957, "max_depth": 2.0, "num_boost_round": 3.0}, "datetime": {"datetime": "2024-01-19 00:17:07", "elapsed": 335.216665, "delta": 0.00057}}
{"target": -17.677216346327597, "params": {"gamma": 69.88501238277156, "log10_alpha": -4.835454849265892, "log10_colsample_bytree": -0.4695358993985377, "log10_eta": -3.618478360606116, "log10_lambda": -2.4550530870536056, "log10_min_child_weight": 3.590051656416038, "log10_subsample": -0.48860859669151957, "max_depth": 2.0, "num_boost_round": 4.0}, "datetime": {"datetime": "2024-01-19 00:17:07", "elapsed": 335.217247, "delta": 0.000582}}
{"target": -17.677213303136067, "params": {"gamma": 69.88501238277156, "log10_alpha": -4.835454849265892, "log10_colsample_bytree": -0.4695358993985377, "log10_eta": -3.618478360606116, "log10_lambda": -2.4550530870536056, "log10_min_child_weight": 3.590051656416038, "log10_subsample": -0.48860859669151957, "max_depth": 2.0, "num_boost_round": 5.0}, "datetime": {"datetime": "2024-01-19 00:17:07", "elapsed": 335.217809, "delta": 0.000562}}
{"target": -17.6772119181669, "params": {"gamma": 69.88501238277156, "log10_alpha": -4.835454849265892, "log10_colsample_bytree": -0.4695358993985377, "log10_eta": -3.618478360606116, "log10_lambda": -2.4550530870536056, "log10_min_child_weight": 3.590051656416038, "log10_subsample": -0.48860859669151957, "max_depth": 2.0, "num_boost_round": 6.0}, "datetime": {"datetime": "2024-01-19 00:17:07", "elapsed": 335.218377, "delta": 0.000568}}
{"target": -17.677207886092116, "params": {"gamma": 69.88501238277156, "log10_alpha": -4.835454849265892, "log10_colsample_bytree": -0.4695358993985377, "log10_eta": -3.618478360606116, "log10_lambda": -2.4550530870536056, "log10_min_child_weight": 3.590051656416038, "log10_subsample": -0.48860859669151957, "max_depth": 2.0, "num_boost_round": 7.0}, "datetime": {"datetime": "2024-01-19 00:17:07", "elapsed": 335.218947, "delta": 0.00057}}
{"target": -17.6772033980725, "params": {"gamma": 69.88501238277156, "log10_alpha": -4.835454849265892, "log10_colsample_bytree": -0.4695358993985377, "log10_eta": -3.618478360606116, "log10_lambda": -2.4550530870536056, "log10_min_child_weight": 3.590051656416038, "log10_subsample": -0.48860859669151957, "max_depth": 2.0, "num_boost_round": 8.0}, "datetime": {"datetime": "2024-01-19 00:17:07", "elapsed": 335.219507, "delta": 0.00056}}
{"target": -17.677196646163715, "params": {"gamma": 69.88501238277156, "log10_alpha": -4.835454849265892, "log10_colsample_bytree": -0.4695358993985377, "log10_eta": -3.618478360606116, "log10_lambda": -2.4550530870536056, "log10_min_child_weight": 3.590051656416038, "log10_subsample": -0.48860859669151957, "max_depth": 2.0, "num_boost_round": 9.0}, "datetime": {"datetime": "2024-01-19 00:17:07", "elapsed": 335.220075, "delta": 0.000568}}
