{"target": -13.757744060403788, "params": {"gamma": 505.4988445414531, "log10_alpha": -0.37481849157907643, "log10_colsample_bytree": -0.5522039669811553, "log10_eta": -2.550241342782781, "log10_lambda": -0.3021750294682217, "log10_min_child_weight": 0.7041141097636822, "log10_subsample": -0.32954596236291234, "max_depth": 5.0, "num_boost_round": 14.0}, "datetime": {"datetime": "2024-01-19 01:01:56", "elapsed": 3020.74589, "delta": 0.003988}}
{"target": -13.757617705587574, "params": {"gamma": 505.4988445414531, "log10_alpha": -0.37481849157907643, "log10_colsample_bytree": -0.5522039669811553, "log10_eta": -2.550241342782781, "log10_lambda": -0.3021750294682217, "log10_min_child_weight": 0.7041141097636822, "log10_subsample": -0.32954596236291234, "max_depth": 5.0, "num_boost_round": 15.0}, "datetime": {"datetime": "2024-01-19 01:01:56", "elapsed": 3020.749884, "delta": 0.003994}}
{"target": -13.757613175081104, "params": {"gamma": 505.4988445414531, "log10_alpha": -0.37481849157907643, "log10_colsample_bytree": -0.5522039669811553, "log10_eta": -2.550241342782781, "log10_lambda": -0.3021750294682217, "log10_min_child_weight": 0.7041141097636822, "log10_subsample": -0.32954596236291234, "max_depth": 5.0, "num_boost_round": 16.0}, "datetime": {"datetime": "2024-01-19 01:01:56", "elapsed": 3020.753811, "delta": 0.003927}}
{"target": -13.757627466267776, "params": {"gamma": 505.4988445414531, "log10_alpha": -0.37481849157907643, "log10_colsample_bytree": -0.5522039669811553, "log10_eta": -2.550241342782781, "log10_lambda": -0.3021750294682217, "log10_min_child_weight": 0.7041141097636822, "log10_subsample": -0.32954596236291234, "max_depth": 5.0, "num_boost_round": 17.0}, "datetime": {"datetime": "2024-01-19 01:01:56", "elapsed": 3020.757812, "delta": 0.004001}}
{"target": -13.757697263023312, "params": {"gamma": 505.4988445414531, "log10_alpha": -0.37481849157907643, "log10_colsample_bytree": -0.5522039669811553, "log10_eta": -2.550241342782781, "log10_lambda": -0.3021750294682217, "log10_min_child_weight": 0.7041141097636822, "log10_subsample": -0.32954596236291234, "max_depth": 5.0, "num_boost_round": 18.0}, "datetime": {"datetime": "2024-01-19 01:01:56", "elapsed": 3020.761752, "delta": 0.00394}}
{"target": -13.757649011039476, "params": {"gamma": 505.4988445414531, "log10_alpha": -0.37481849157907643, "log10_colsample_bytree": -0.5522039669811553, "log10_eta": -2.550241342782781, "log10_lambda": -0.3021750294682217, "log10_min_child_weight": 0.7041141097636822, "log10_subsample": -0.32954596236291234, "max_depth": 5.0, "num_boost_round": 19.0}, "datetime": {"datetime": "2024-01-19 01:01:56", "elapsed": 3020.765692, "delta": 0.00394}}
{"target": -13.757540582439566, "params": {"gamma": 505.4988445414531, "log10_alpha": -0.37481849157907643, "log10_colsample_bytree": -0.5522039669811553, "log10_eta": -2.550241342782781, "log10_lambda": -0.3021750294682217, "log10_min_child_weight": 0.7041141097636822, "log10_subsample": -0.32954596236291234, "max_depth": 5.0, "num_boost_round": 20.0}, "datetime": {"datetime": "2024-01-19 01:01:56", "elapsed": 3020.769674, "delta": 0.003982}}
{"target": -13.757428398667932, "params": {"gamma": 505.4988445414531, "log10_alpha": -0.37481849157907643, "log10_colsample_bytree": -0.5522039669811553, "log10_eta": -2.550241342782781, "log10_lambda": -0.3021750294682217, "log10_min_child_weight": 0.7041141097636822, "log10_subsample": -0.32954596236291234, "max_depth": 5.0, "num_boost_round": 21.0}, "datetime": {"datetime": "2024-01-19 01:01:56", "elapsed": 3020.773593, "delta": 0.003919}}
{"target": -13.757386142925666, "params": {"gamma": 505.4988445414531, "log10_alpha": -0.37481849157907643, "log10_colsample_bytree": -0.5522039669811553, "log10_eta": -2.550241342782781, "log10_lambda": -0.3021750294682217, "log10_min_child_weight": 0.7041141097636822, "log10_subsample": -0.32954596236291234, "max_depth": 5.0, "num_boost_round": 22.0}, "datetime": {"datetime": "2024-01-19 01:01:56", "elapsed": 3020.777483, "delta": 0.00389}}
{"target": -13.757345341895139, "params": {"gamma": 505.4988445414531, "log10_alpha": -0.37481849157907643, "log10_colsample_bytree": -0.5522039669811553, "log10_eta": -2.550241342782781, "log10_lambda": -0.3021750294682217, "log10_min_child_weight": 0.7041141097636822, "log10_subsample": -0.32954596236291234, "max_depth": 5.0, "num_boost_round": 23.0}, "datetime": {"datetime": "2024-01-19 01:01:56", "elapsed": 3020.781429, "delta": 0.003946}}
{"target": -13.757355969221827, "params": {"gamma": 505.4988445414531, "log10_alpha": -0.37481849157907643, "log10_colsample_bytree": -0.5522039669811553, "log10_eta": -2.550241342782781, "log10_lambda": -0.3021750294682217, "log10_min_child_weight": 0.7041141097636822, "log10_subsample": -0.32954596236291234, "max_depth": 5.0, "num_boost_round": 24.0}, "datetime": {"datetime": "2024-01-19 01:01:56", "elapsed": 3020.785361, "delta": 0.003932}}
{"target": -13.757326893493389, "params": {"gamma": 505.4988445414531, "log10_alpha": -0.37481849157907643, "log10_colsample_bytree": -0.5522039669811553, "log10_eta": -2.550241342782781, "log10_lambda": -0.3021750294682217, "log10_min_child_weight": 0.7041141097636822, "log10_subsample": -0.32954596236291234, "max_depth": 5.0, "num_boost_round": 25.0}, "datetime": {"datetime": "2024-01-19 01:01:56", "elapsed": 3020.789284, "delta": 0.003923}}
{"target": -13.757211560703993, "params": {"gamma": 505.4988445414531, "log10_alpha": -0.37481849157907643, "log10_colsample_bytree": -0.5522039669811553, "log10_eta": -2.550241342782781, "log10_lambda": -0.3021750294682217, "log10_min_child_weight": 0.7041141097636822, "log10_subsample": -0.32954596236291234, "max_depth": 5.0, "num_boost_round": 26.0}, "datetime": {"datetime": "2024-01-19 01:01:56", "elapsed": 3020.793293, "delta": 0.004009}}
{"target": -13.757244568690538, "params": {"gamma": 505.4988445414531, "log10_alpha": -0.37481849157907643, "log10_colsample_bytree": -0.5522039669811553, "log10_eta": -2.550241342782781, "log10_lambda": -0.3021750294682217, "log10_min_child_weight": 0.7041141097636822, "log10_subsample": -0.32954596236291234, "max_depth": 5.0, "num_boost_round": 27.0}, "datetime": {"datetime": "2024-01-19 01:01:56", "elapsed": 3020.797251, "delta": 0.003958}}
{"target": -13.757216624981814, "params": {"gamma": 505.4988445414531, "log10_alpha": -0.37481849157907643, "log10_colsample_bytree": -0.5522039669811553, "log10_eta": -2.550241342782781, "log10_lambda": -0.3021750294682217, "log10_min_child_weight": 0.7041141097636822, "log10_subsample": -0.32954596236291234, "max_depth": 5.0, "num_boost_round": 28.0}, "datetime": {"datetime": "2024-01-19 01:01:56", "elapsed": 3020.801192, "delta": 0.003941}}
{"target": -13.757212304719287, "params": {"gamma": 505.4988445414531, "log10_alpha": -0.37481849157907643, "log10_colsample_bytree": -0.5522039669811553, "log10_eta": -2.550241342782781, "log10_lambda": -0.3021750294682217, "log10_min_child_weight": 0.7041141097636822, "log10_subsample": -0.32954596236291234, "max_depth": 5.0, "num_boost_round": 29.0}, "datetime": {"datetime": "2024-01-19 01:01:56", "elapsed": 3020.805167, "delta": 0.003975}}
{"target": -13.757179363455728, "params": {"gamma": 505.4988445414531, "log10_alpha": -0.37481849157907643, "log10_colsample_bytree": -0.5522039669811553, "log10_eta": -2.550241342782781, "log10_lambda": -0.3021750294682217, "log10_min_child_weight": 0.7041141097636822, "log10_subsample": -0.32954596236291234, "max_depth": 5.0, "num_boost_round": 30.0}, "datetime": {"datetime": "2024-01-19 01:01:56", "elapsed": 3020.809108, "delta": 0.003941}}
{"target": -13.757091607565073, "params": {"gamma": 505.4988445414531, "log10_alpha": -0.37481849157907643, "log10_colsample_bytree": -0.5522039669811553, "log10_eta": -2.550241342782781, "log10_lambda": -0.3021750294682217, "log10_min_child_weight": 0.7041141097636822, "log10_subsample": -0.32954596236291234, "max_depth": 5.0, "num_boost_round": 31.0}, "datetime": {"datetime": "2024-01-19 01:01:56", "elapsed": 3020.813025, "delta": 0.003917}}
{"target": -13.75703538654374, "params": {"gamma": 505.4988445414531, "log10_alpha": -0.37481849157907643, "log10_colsample_bytree": -0.5522039669811553, "log10_eta": -2.550241342782781, "log10_lambda": -0.3021750294682217, "log10_min_child_weight": 0.7041141097636822, "log10_subsample": -0.32954596236291234, "max_depth": 5.0, "num_boost_round": 32.0}, "datetime": {"datetime": "2024-01-19 01:01:56", "elapsed": 3020.817008, "delta": 0.003983}}
{"target": -13.757107578650226, "params": {"gamma": 505.4988445414531, "log10_alpha": -0.37481849157907643, "log10_colsample_bytree": -0.5522039669811553, "log10_eta": -2.550241342782781, "log10_lambda": -0.3021750294682217, "log10_min_child_weight": 0.7041141097636822, "log10_subsample": -0.32954596236291234, "max_depth": 5.0, "num_boost_round": 33.0}, "datetime": {"datetime": "2024-01-19 01:01:56", "elapsed": 3020.82093, "delta": 0.003922}}
{"target": -13.75705234417268, "params": {"gamma": 505.4988445414531, "log10_alpha": -0.37481849157907643, "log10_colsample_bytree": -0.5522039669811553, "log10_eta": -2.550241342782781, "log10_lambda": -0.3021750294682217, "log10_min_child_weight": 0.7041141097636822, "log10_subsample": -0.32954596236291234, "max_depth": 5.0, "num_boost_round": 34.0}, "datetime": {"datetime": "2024-01-19 01:01:56", "elapsed": 3020.824903, "delta": 0.003973}}
{"target": -13.757081134533435, "params": {"gamma": 505.4988445414531, "log10_alpha": -0.37481849157907643, "log10_colsample_bytree": -0.5522039669811553, "log10_eta": -2.550241342782781, "log10_lambda": -0.3021750294682217, "log10_min_child_weight": 0.7041141097636822, "log10_subsample": -0.32954596236291234, "max_depth": 5.0, "num_boost_round": 35.0}, "datetime": {"datetime": "2024-01-19 01:01:56", "elapsed": 3020.828946, "delta": 0.004043}}
{"target": -13.757103483279533, "params": {"gamma": 505.4988445414531, "log10_alpha": -0.37481849157907643, "log10_colsample_bytree": -0.5522039669811553, "log10_eta": -2.550241342782781, "log10_lambda": -0.3021750294682217, "log10_min_child_weight": 0.7041141097636822, "log10_subsample": -0.32954596236291234, "max_depth": 5.0, "num_boost_round": 36.0}, "datetime": {"datetime": "2024-01-19 01:01:56", "elapsed": 3020.833452, "delta": 0.004506}}
{"target": -13.757152172220264, "params": {"gamma": 505.4988445414531, "log10_alpha": -0.37481849157907643, "log10_colsample_bytree": -0.5522039669811553, "log10_eta": -2.550241342782781, "log10_lambda": -0.3021750294682217, "log10_min_child_weight": 0.7041141097636822, "log10_subsample": -0.32954596236291234, "max_depth": 5.0, "num_boost_round": 37.0}, "datetime": {"datetime": "2024-01-19 01:01:56", "elapsed": 3020.837373, "delta": 0.003921}}
{"target": -13.757073665774401, "params": {"gamma": 505.4988445414531, "log10_alpha": -0.37481849157907643, "log10_colsample_bytree": -0.5522039669811553, "log10_eta": -2.550241342782781, "log10_lambda": -0.3021750294682217, "log10_min_child_weight": 0.7041141097636822, "log10_subsample": -0.32954596236291234, "max_depth": 5.0, "num_boost_round": 38.0}, "datetime": {"datetime": "2024-01-19 01:01:56", "elapsed": 3020.841703, "delta": 0.00433}}
{"target": -13.757021707950681, "params": {"gamma": 505.4988445414531, "log10_alpha": -0.37481849157907643, "log10_colsample_bytree": -0.5522039669811553, "log10_eta": -2.550241342782781, "log10_lambda": -0.3021750294682217, "log10_min_child_weight": 0.7041141097636822, "log10_subsample": -0.32954596236291234, "max_depth": 5.0, "num_boost_round": 39.0}, "datetime": {"datetime": "2024-01-19 01:01:56", "elapsed": 3020.845764, "delta": 0.004061}}
{"target": -13.757059570979315, "params": {"gamma": 505.4988445414531, "log10_alpha": -0.37481849157907643, "log10_colsample_bytree": -0.5522039669811553, "log10_eta": -2.550241342782781, "log10_lambda": -0.3021750294682217, "log10_min_child_weight": 0.7041141097636822, "log10_subsample": -0.32954596236291234, "max_depth": 5.0, "num_boost_round": 40.0}, "datetime": {"datetime": "2024-01-19 01:01:56", "elapsed": 3020.84978, "delta": 0.004016}}
{"target": -13.756972374547871, "params": {"gamma": 505.4988445414531, "log10_alpha": -0.37481849157907643, "log10_colsample_bytree": -0.5522039669811553, "log10_eta": -2.550241342782781, "log10_lambda": -0.3021750294682217, "log10_min_child_weight": 0.7041141097636822, "log10_subsample": -0.32954596236291234, "max_depth": 5.0, "num_boost_round": 41.0}, "datetime": {"datetime": "2024-01-19 01:01:56", "elapsed": 3020.853977, "delta": 0.004197}}
{"target": -13.756868139096028, "params": {"gamma": 505.4988445414531, "log10_alpha": -0.37481849157907643, "log10_colsample_bytree": -0.5522039669811553, "log10_eta": -2.550241342782781, "log10_lambda": -0.3021750294682217, "log10_min_child_weight": 0.7041141097636822, "log10_subsample": -0.32954596236291234, "max_depth": 5.0, "num_boost_round": 42.0}, "datetime": {"datetime": "2024-01-19 01:01:56", "elapsed": 3020.857945, "delta": 0.003968}}
{"target": -13.756808145548014, "params": {"gamma": 505.4988445414531, "log10_alpha": -0.37481849157907643, "log10_colsample_bytree": -0.5522039669811553, "log10_eta": -2.550241342782781, "log10_lambda": -0.3021750294682217, "log10_min_child_weight": 0.7041141097636822, "log10_subsample": -0.32954596236291234, "max_depth": 5.0, "num_boost_round": 43.0}, "datetime": {"datetime": "2024-01-19 01:01:56", "elapsed": 3020.861889, "delta": 0.003944}}
{"target": -13.756699359850133, "params": {"gamma": 505.4988445414531, "log10_alpha": -0.37481849157907643, "log10_colsample_bytree": -0.5522039669811553, "log10_eta": -2.550241342782781, "log10_lambda": -0.3021750294682217, "log10_min_child_weight": 0.7041141097636822, "log10_subsample": -0.32954596236291234, "max_depth": 5.0, "num_boost_round": 44.0}, "datetime": {"datetime": "2024-01-19 01:01:56", "elapsed": 3020.865912, "delta": 0.004023}}
{"target": -13.756670459037819, "params": {"gamma": 505.4988445414531, "log10_alpha": -0.37481849157907643, "log10_colsample_bytree": -0.5522039669811553, "log10_eta": -2.550241342782781, "log10_lambda": -0.3021750294682217, "log10_min_child_weight": 0.7041141097636822, "log10_subsample": -0.32954596236291234, "max_depth": 5.0, "num_boost_round": 45.0}, "datetime": {"datetime": "2024-01-19 01:01:56", "elapsed": 3020.869887, "delta": 0.003975}}
{"target": -13.756684096438075, "params": {"gamma": 505.4988445414531, "log10_alpha": -0.37481849157907643, "log10_colsample_bytree": -0.5522039669811553, "log10_eta": -2.550241342782781, "log10_lambda": -0.3021750294682217, "log10_min_child_weight": 0.7041141097636822, "log10_subsample": -0.32954596236291234, "max_depth": 5.0, "num_boost_round": 46.0}, "datetime": {"datetime": "2024-01-19 01:01:56", "elapsed": 3020.873872, "delta": 0.003985}}
{"target": -13.756663110288379, "params": {"gamma": 505.4988445414531, "log10_alpha": -0.37481849157907643, "log10_colsample_bytree": -0.5522039669811553, "log10_eta": -2.550241342782781, "log10_lambda": -0.3021750294682217, "log10_min_child_weight": 0.7041141097636822, "log10_subsample": -0.32954596236291234, "max_depth": 5.0, "num_boost_round": 47.0}, "datetime": {"datetime": "2024-01-19 01:01:56", "elapsed": 3020.877994, "delta": 0.004122}}
{"target": -13.756632139363852, "params": {"gamma": 505.4988445414531, "log10_alpha": -0.37481849157907643, "log10_colsample_bytree": -0.5522039669811553, "log10_eta": -2.550241342782781, "log10_lambda": -0.3021750294682217, "log10_min_child_weight": 0.7041141097636822, "log10_subsample": -0.32954596236291234, "max_depth": 5.0, "num_boost_round": 48.0}, "datetime": {"datetime": "2024-01-19 01:01:56", "elapsed": 3020.882037, "delta": 0.004043}}
{"target": -13.756512605633924, "params": {"gamma": 505.4988445414531, "log10_alpha": -0.37481849157907643, "log10_colsample_bytree": -0.5522039669811553, "log10_eta": -2.550241342782781, "log10_lambda": -0.3021750294682217, "log10_min_child_weight": 0.7041141097636822, "log10_subsample": -0.32954596236291234, "max_depth": 5.0, "num_boost_round": 49.0}, "datetime": {"datetime": "2024-01-19 01:01:56", "elapsed": 3020.886107, "delta": 0.00407}}
{"target": -13.756428955631982, "params": {"gamma": 505.4988445414531, "log10_alpha": -0.37481849157907643, "log10_colsample_bytree": -0.5522039669811553, "log10_eta": -2.550241342782781, "log10_lambda": -0.3021750294682217, "log10_min_child_weight": 0.7041141097636822, "log10_subsample": -0.32954596236291234, "max_depth": 5.0, "num_boost_round": 50.0}, "datetime": {"datetime": "2024-01-19 01:01:56", "elapsed": 3020.890117, "delta": 0.00401}}
{"target": -13.756391840981204, "params": {"gamma": 505.4988445414531, "log10_alpha": -0.37481849157907643, "log10_colsample_bytree": -0.5522039669811553, "log10_eta": -2.550241342782781, "log10_lambda": -0.3021750294682217, "log10_min_child_weight": 0.7041141097636822, "log10_subsample": -0.32954596236291234, "max_depth": 5.0, "num_boost_round": 51.0}, "datetime": {"datetime": "2024-01-19 01:01:56", "elapsed": 3020.894129, "delta": 0.004012}}
{"target": -13.756414083250167, "params": {"gamma": 505.4988445414531, "log10_alpha": -0.37481849157907643, "log10_colsample_bytree": -0.5522039669811553, "log10_eta": -2.550241342782781, "log10_lambda": -0.3021750294682217, "log10_min_child_weight": 0.7041141097636822, "log10_subsample": -0.32954596236291234, "max_depth": 5.0, "num_boost_round": 52.0}, "datetime": {"datetime": "2024-01-19 01:01:56", "elapsed": 3020.898123, "delta": 0.003994}}
{"target": -13.756440031260755, "params": {"gamma": 505.4988445414531, "log10_alpha": -0.37481849157907643, "log10_colsample_bytree": -0.5522039669811553, "log10_eta": -2.550241342782781, "log10_lambda": -0.3021750294682217, "log10_min_child_weight": 0.7041141097636822, "log10_subsample": -0.32954596236291234, "max_depth": 5.0, "num_boost_round": 53.0}, "datetime": {"datetime": "2024-01-19 01:01:56", "elapsed": 3020.902137, "delta": 0.004014}}
{"target": -13.756333969633294, "params": {"gamma": 505.4988445414531, "log10_alpha": -0.37481849157907643, "log10_colsample_bytree": -0.5522039669811553, "log10_eta": -2.550241342782781, "log10_lambda": -0.3021750294682217, "log10_min_child_weight": 0.7041141097636822, "log10_subsample": -0.32954596236291234, "max_depth": 5.0, "num_boost_round": 54.0}, "datetime": {"datetime": "2024-01-19 01:01:56", "elapsed": 3020.906105, "delta": 0.003968}}
{"target": -13.75620597733634, "params": {"gamma": 505.4988445414531, "log10_alpha": -0.37481849157907643, "log10_colsample_bytree": -0.5522039669811553, "log10_eta": -2.550241342782781, "log10_lambda": -0.3021750294682217, "log10_min_child_weight": 0.7041141097636822, "log10_subsample": -0.32954596236291234, "max_depth": 5.0, "num_boost_round": 55.0}, "datetime": {"datetime": "2024-01-19 01:01:56", "elapsed": 3020.910115, "delta": 0.00401}}
{"target": -13.756175048886647, "params": {"gamma": 505.4988445414531, "log10_alpha": -0.37481849157907643, "log10_colsample_bytree": -0.5522039669811553, "log10_eta": -2.550241342782781, "log10_lambda": -0.3021750294682217, "log10_min_child_weight": 0.7041141097636822, "log10_subsample": -0.32954596236291234, "max_depth": 5.0, "num_boost_round": 56.0}, "datetime": {"datetime": "2024-01-19 01:01:56", "elapsed": 3020.91414, "delta": 0.004025}}
{"target": -13.755998014610467, "params": {"gamma": 505.4988445414531, "log10_alpha": -0.37481849157907643, "log10_colsample_bytree": -0.5522039669811553, "log10_eta": -2.550241342782781, "log10_lambda": -0.3021750294682217, "log10_min_child_weight": 0.7041141097636822, "log10_subsample": -0.32954596236291234, "max_depth": 5.0, "num_boost_round": 57.0}, "datetime": {"datetime": "2024-01-19 01:01:56", "elapsed": 3020.918554, "delta": 0.004414}}
{"target": -13.755916731455669, "params": {"gamma": 505.4988445414531, "log10_alpha": -0.37481849157907643, "log10_colsample_bytree": -0.5522039669811553, "log10_eta": -2.550241342782781, "log10_lambda": -0.3021750294682217, "log10_min_child_weight": 0.7041141097636822, "log10_subsample": -0.32954596236291234, "max_depth": 5.0, "num_boost_round": 58.0}, "datetime": {"datetime": "2024-01-19 01:01:56", "elapsed": 3020.922552, "delta": 0.003998}}
{"target": -13.755903129532886, "params": {"gamma": 505.4988445414531, "log10_alpha": -0.37481849157907643, "log10_colsample_bytree": -0.5522039669811553, "log10_eta": -2.550241342782781, "log10_lambda": -0.3021750294682217, "log10_min_child_weight": 0.7041141097636822, "log10_subsample": -0.32954596236291234, "max_depth": 5.0, "num_boost_round": 59.0}, "datetime": {"datetime": "2024-01-19 01:01:56", "elapsed": 3020.926737, "delta": 0.004185}}
{"target": -13.755906021591967, "params": {"gamma": 505.4988445414531, "log10_alpha": -0.37481849157907643, "log10_colsample_bytree": -0.5522039669811553, "log10_eta": -2.550241342782781, "log10_lambda": -0.3021750294682217, "log10_min_child_weight": 0.7041141097636822, "log10_subsample": -0.32954596236291234, "max_depth": 5.0, "num_boost_round": 60.0}, "datetime": {"datetime": "2024-01-19 01:01:56", "elapsed": 3020.930755, "delta": 0.004018}}
{"target": -13.755875607718668, "params": {"gamma": 505.4988445414531, "log10_alpha": -0.37481849157907643, "log10_colsample_bytree": -0.5522039669811553, "log10_eta": -2.550241342782781, "log10_lambda": -0.3021750294682217, "log10_min_child_weight": 0.7041141097636822, "log10_subsample": -0.32954596236291234, "max_depth": 5.0, "num_boost_round": 61.0}, "datetime": {"datetime": "2024-01-19 01:01:56", "elapsed": 3020.934789, "delta": 0.004034}}
{"target": -13.755897844946686, "params": {"gamma": 505.4988445414531, "log10_alpha": -0.37481849157907643, "log10_colsample_bytree": -0.5522039669811553, "log10_eta": -2.550241342782781, "log10_lambda": -0.3021750294682217, "log10_min_child_weight": 0.7041141097636822, "log10_subsample": -0.32954596236291234, "max_depth": 5.0, "num_boost_round": 62.0}, "datetime": {"datetime": "2024-01-19 01:01:56", "elapsed": 3020.938877, "delta": 0.004088}}
