{"target": -13.757268389304059, "params": {"gamma": 893.7435321365406, "log10_alpha": -2.4748748917680508, "log10_colsample_bytree": -0.3540147993530608, "log10_eta": -1.8802204707366408, "log10_lambda": -1.1968538553032246, "log10_min_child_weight": 3.029080580385261, "log10_subsample": -0.8955416656456251, "max_depth": 5.0, "num_boost_round": 15.0}, "datetime": {"datetime": "2024-01-19 00:16:56", "elapsed": 320.946886, "delta": 0.000829}}
{"target": -13.757272846452494, "params": {"gamma": 893.7435321365406, "log10_alpha": -2.4748748917680508, "log10_colsample_bytree": -0.3540147993530608, "log10_eta": -1.8802204707366408, "log10_lambda": -1.1968538553032246, "log10_min_child_weight": 3.029080580385261, "log10_subsample": -0.8955416656456251, "max_depth": 5.0, "num_boost_round": 16.0}, "datetime": {"datetime": "2024-01-19 00:16:56", "elapsed": 320.947687, "delta": 0.000801}}
{"target": -13.757203668421209, "params": {"gamma": 893.7435321365406, "log10_alpha": -2.4748748917680508, "log10_colsample_bytree": -0.3540147993530608, "log10_eta": -1.8802204707366408, "log10_lambda": -1.1968538553032246, "log10_min_child_weight": 3.029080580385261, "log10_subsample": -0.8955416656456251, "max_depth": 5.0, "num_boost_round": 17.0}, "datetime": {"datetime": "2024-01-19 00:16:56", "elapsed": 320.948519, "delta": 0.000832}}
{"target": -13.757259026907331, "params": {"gamma": 893.7435321365406, "log10_alpha": -2.4748748917680508, "log10_colsample_bytree": -0.3540147993530608, "log10_eta": -1.8802204707366408, "log10_lambda": -1.1968538553032246, "log10_min_child_weight": 3.029080580385261, "log10_subsample": -0.8955416656456251, "max_depth": 5.0, "num_boost_round": 18.0}, "datetime": {"datetime": "2024-01-19 00:16:56", "elapsed": 320.949321, "delta": 0.000802}}
{"target": -13.757208750604983, "params": {"gamma": 893.7435321365406, "log10_alpha": -2.4748748917680508, "log10_colsample_bytree": -0.3540147993530608, "log10_eta": -1.8802204707366408, "log10_lambda": -1.1968538553032246, "log10_min_child_weight": 3.029080580385261, "log10_subsample": -0.8955416656456251, "max_depth": 5.0, "num_boost_round": 19.0}, "datetime": {"datetime": "2024-01-19 00:16:56", "elapsed": 320.950166, "delta": 0.000845}}
{"target": -13.757189164728667, "params": {"gamma": 893.7435321365406, "log10_alpha": -2.4748748917680508, "log10_colsample_bytree": -0.3540147993530608, "log10_eta": -1.8802204707366408, "log10_lambda": -1.1968538553032246, "log10_min_child_weight": 3.029080580385261, "log10_subsample": -0.8955416656456251, "max_depth": 5.0, "num_boost_round": 20.0}, "datetime": {"datetime": "2024-01-19 00:16:56", "elapsed": 320.95098, "delta": 0.000814}}
{"target": -13.757266143078448, "params": {"gamma": 893.7435321365406, "log10_alpha": -2.4748748917680508, "log10_colsample_bytree": -0.3540147993530608, "log10_eta": -1.8802204707366408, "log10_lambda": -1.1968538553032246, "log10_min_child_weight": 3.029080580385261, "log10_subsample": -0.8955416656456251, "max_depth": 5.0, "num_boost_round": 21.0}, "datetime": {"datetime": "2024-01-19 00:16:56", "elapsed": 320.951788, "delta": 0.000808}}
{"target": -13.757193345522104, "params": {"gamma": 893.7435321365406, "log10_alpha": -2.4748748917680508, "log10_colsample_bytree": -0.3540147993530608, "log10_eta": -1.8802204707366408, "log10_lambda": -1.1968538553032246, "log10_min_child_weight": 3.029080580385261, "log10_subsample": -0.8955416656456251, "max_depth": 5.0, "num_boost_round": 22.0}, "datetime": {"datetime": "2024-01-19 00:16:56", "elapsed": 320.952638, "delta": 0.00085}}
{"target": -13.757086162157599, "params": {"gamma": 893.7435321365406, "log10_alpha": -2.4748748917680508, "log10_colsample_bytree": -0.3540147993530608, "log10_eta": -1.8802204707366408, "log10_lambda": -1.1968538553032246, "log10_min_child_weight": 3.029080580385261, "log10_subsample": -0.8955416656456251, "max_depth": 5.0, "num_boost_round": 23.0}, "datetime": {"datetime": "2024-01-19 00:16:56", "elapsed": 320.95343, "delta": 0.000792}}
{"target": -13.757283930857758, "params": {"gamma": 893.7435321365406, "log10_alpha": -2.4748748917680508, "log10_colsample_bytree": -0.3540147993530608, "log10_eta": -1.8802204707366408, "log10_lambda": -1.1968538553032246, "log10_min_child_weight": 3.029080580385261, "log10_subsample": -0.8955416656456251, "max_depth": 5.0, "num_boost_round": 24.0}, "datetime": {"datetime": "2024-01-19 00:16:56", "elapsed": 320.954264, "delta": 0.000834}}
{"target": -13.758460816677184, "params": {"gamma": 892.1169835118706, "log10_alpha": 0.7242816454894818, "log10_colsample_bytree": -0.18128581604901672, "log10_eta": -1.6767482374127973, "log10_lambda": 0.09498969800601298, "log10_min_child_weight": 4.19387756185734, "log10_subsample": -0.20970670752783194, "max_depth": 6.0, "num_boost_round": 0.0}, "datetime": {"datetime": "2024-01-19 00:17:20", "elapsed": 344.686134, "delta": 23.73187}}
{"target": -13.758179410821528, "params": {"gamma": 892.1169835118706, "log10_alpha": 0.7242816454894818, "log10_colsample_bytree": -0.18128581604901672, "log10_eta": -1.6767482374127973, "log10_lambda": 0.09498969800601298, "log10_min_child_weight": 4.19387756185734, "log10_subsample": -0.20970670752783194, "max_depth": 6.0, "num_boost_round": 1.0}, "datetime": {"datetime": "2024-01-19 00:17:20", "elapsed": 344.6871, "delta": 0.000966}}
{"target": -13.758610526850816, "params": {"gamma": 892.1169835118706, "log10_alpha": 0.7242816454894818, "log10_colsample_bytree": -0.18128581604901672, "log10_eta": -1.6767482374127973, "log10_lambda": 0.09498969800601298, "log10_min_child_weight": 4.19387756185734, "log10_subsample": -0.20970670752783194, "max_depth": 6.0, "num_boost_round": 2.0}, "datetime": {"datetime": "2024-01-19 00:17:20", "elapsed": 344.687932, "delta": 0.000832}}
{"target": -13.758626994731188, "params": {"gamma": 892.1169835118706, "log10_alpha": 0.7242816454894818, "log10_colsample_bytree": -0.18128581604901672, "log10_eta": -1.6767482374127973, "log10_lambda": 0.09498969800601298, "log10_min_child_weight": 4.19387756185734, "log10_subsample": -0.20970670752783194, "max_depth": 6.0, "num_boost_round": 3.0}, "datetime": {"datetime": "2024-01-19 00:17:20", "elapsed": 344.688703, "delta": 0.000771}}
{"target": -13.759006621499148, "params": {"gamma": 892.1169835118706, "log10_alpha": 0.7242816454894818, "log10_colsample_bytree": -0.18128581604901672, "log10_eta": -1.6767482374127973, "log10_lambda": 0.09498969800601298, "log10_min_child_weight": 4.19387756185734, "log10_subsample": -0.20970670752783194, "max_depth": 6.0, "num_boost_round": 4.0}, "datetime": {"datetime": "2024-01-19 00:17:20", "elapsed": 344.689494, "delta": 0.000791}}
{"target": -13.7592933368456, "params": {"gamma": 892.1169835118706, "log10_alpha": 0.7242816454894818, "log10_colsample_bytree": -0.18128581604901672, "log10_eta": -1.6767482374127973, "log10_lambda": 0.09498969800601298, "log10_min_child_weight": 4.19387756185734, "log10_subsample": -0.20970670752783194, "max_depth": 6.0, "num_boost_round": 5.0}, "datetime": {"datetime": "2024-01-19 00:17:20", "elapsed": 344.690285, "delta": 0.000791}}
{"target": -13.759636371101733, "params": {"gamma": 892.1169835118706, "log10_alpha": 0.7242816454894818, "log10_colsample_bytree": -0.18128581604901672, "log10_eta": -1.6767482374127973, "log10_lambda": 0.09498969800601298, "log10_min_child_weight": 4.19387756185734, "log10_subsample": -0.20970670752783194, "max_depth": 6.0, "num_boost_round": 6.0}, "datetime": {"datetime": "2024-01-19 00:17:20", "elapsed": 344.691064, "delta": 0.000779}}
{"target": -13.759978543745806, "params": {"gamma": 892.1169835118706, "log10_alpha": 0.7242816454894818, "log10_colsample_bytree": -0.18128581604901672, "log10_eta": -1.6767482374127973, "log10_lambda": 0.09498969800601298, "log10_min_child_weight": 4.19387756185734, "log10_subsample": -0.20970670752783194, "max_depth": 6.0, "num_boost_round": 7.0}, "datetime": {"datetime": "2024-01-19 00:17:20", "elapsed": 344.691836, "delta": 0.000772}}
{"target": -13.760100244505642, "params": {"gamma": 892.1169835118706, "log10_alpha": 0.7242816454894818, "log10_colsample_bytree": -0.18128581604901672, "log10_eta": -1.6767482374127973, "log10_lambda": 0.09498969800601298, "log10_min_child_weight": 4.19387756185734, "log10_subsample": -0.20970670752783194, "max_depth": 6.0, "num_boost_round": 8.0}, "datetime": {"datetime": "2024-01-19 00:17:20", "elapsed": 344.692645, "delta": 0.000809}}
{"target": -13.76011279644991, "params": {"gamma": 892.1169835118706, "log10_alpha": 0.7242816454894818, "log10_colsample_bytree": -0.18128581604901672, "log10_eta": -1.6767482374127973, "log10_lambda": 0.09498969800601298, "log10_min_child_weight": 4.19387756185734, "log10_subsample": -0.20970670752783194, "max_depth": 6.0, "num_boost_round": 9.0}, "datetime": {"datetime": "2024-01-19 00:17:20", "elapsed": 344.693448, "delta": 0.000803}}
{"target": -13.760262197338164, "params": {"gamma": 892.1169835118706, "log10_alpha": 0.7242816454894818, "log10_colsample_bytree": -0.18128581604901672, "log10_eta": -1.6767482374127973, "log10_lambda": 0.09498969800601298, "log10_min_child_weight": 4.19387756185734, "log10_subsample": -0.20970670752783194, "max_depth": 6.0, "num_boost_round": 10.0}, "datetime": {"datetime": "2024-01-19 00:17:20", "elapsed": 344.69423, "delta": 0.000782}}
{"target": -13.75996976557226, "params": {"gamma": 892.1169835118706, "log10_alpha": 0.7242816454894818, "log10_colsample_bytree": -0.18128581604901672, "log10_eta": -1.6767482374127973, "log10_lambda": 0.09498969800601298, "log10_min_child_weight": 4.19387756185734, "log10_subsample": -0.20970670752783194, "max_depth": 6.0, "num_boost_round": 11.0}, "datetime": {"datetime": "2024-01-19 00:17:20", "elapsed": 344.695037, "delta": 0.000807}}
{"target": -13.760056408125612, "params": {"gamma": 892.1169835118706, "log10_alpha": 0.7242816454894818, "log10_colsample_bytree": -0.18128581604901672, "log10_eta": -1.6767482374127973, "log10_lambda": 0.09498969800601298, "log10_min_child_weight": 4.19387756185734, "log10_subsample": -0.20970670752783194, "max_depth": 6.0, "num_boost_round": 12.0}, "datetime": {"datetime": "2024-01-19 00:17:20", "elapsed": 344.695816, "delta": 0.000779}}
{"target": -13.760061217299425, "params": {"gamma": 892.1169835118706, "log10_alpha": 0.7242816454894818, "log10_colsample_bytree": -0.18128581604901672, "log10_eta": -1.6767482374127973, "log10_lambda": 0.09498969800601298, "log10_min_child_weight": 4.19387756185734, "log10_subsample": -0.20970670752783194, "max_depth": 6.0, "num_boost_round": 13.0}, "datetime": {"datetime": "2024-01-19 00:17:20", "elapsed": 344.696615, "delta": 0.000799}}
{"target": -13.760451761220603, "params": {"gamma": 892.1169835118706, "log10_alpha": 0.7242816454894818, "log10_colsample_bytree": -0.18128581604901672, "log10_eta": -1.6767482374127973, "log10_lambda": 0.09498969800601298, "log10_min_child_weight": 4.19387756185734, "log10_subsample": -0.20970670752783194, "max_depth": 6.0, "num_boost_round": 14.0}, "datetime": {"datetime": "2024-01-19 00:17:20", "elapsed": 344.697427, "delta": 0.000812}}
{"target": -13.760680456285344, "params": {"gamma": 892.1169835118706, "log10_alpha": 0.7242816454894818, "log10_colsample_bytree": -0.18128581604901672, "log10_eta": -1.6767482374127973, "log10_lambda": 0.09498969800601298, "log10_min_child_weight": 4.19387756185734, "log10_subsample": -0.20970670752783194, "max_depth": 6.0, "num_boost_round": 15.0}, "datetime": {"datetime": "2024-01-19 00:17:20", "elapsed": 344.69824, "delta": 0.000813}}
{"target": -13.760351431322905, "params": {"gamma": 892.1169835118706, "log10_alpha": 0.7242816454894818, "log10_colsample_bytree": -0.18128581604901672, "log10_eta": -1.6767482374127973, "log10_lambda": 0.09498969800601298, "log10_min_child_weight": 4.19387756185734, "log10_subsample": -0.20970670752783194, "max_depth": 6.0, "num_boost_round": 16.0}, "datetime": {"datetime": "2024-01-19 00:17:20", "elapsed": 344.699825, "delta": 0.001585}}
{"target": -13.760381769973092, "params": {"gamma": 892.1169835118706, "log10_alpha": 0.7242816454894818, "log10_colsample_bytree": -0.18128581604901672, "log10_eta": -1.6767482374127973, "log10_lambda": 0.09498969800601298, "log10_min_child_weight": 4.19387756185734, "log10_subsample": -0.20970670752783194, "max_depth": 6.0, "num_boost_round": 17.0}, "datetime": {"datetime": "2024-01-19 00:17:20", "elapsed": 344.700641, "delta": 0.000816}}
{"target": -13.760547551999817, "params": {"gamma": 892.1169835118706, "log10_alpha": 0.7242816454894818, "log10_colsample_bytree": -0.18128581604901672, "log10_eta": -1.6767482374127973, "log10_lambda": 0.09498969800601298, "log10_min_child_weight": 4.19387756185734, "log10_subsample": -0.20970670752783194, "max_depth": 6.0, "num_boost_round": 18.0}, "datetime": {"datetime": "2024-01-19 00:17:20", "elapsed": 344.701546, "delta": 0.000905}}
{"target": -13.760934653425798, "params": {"gamma": 892.1169835118706, "log10_alpha": 0.7242816454894818, "log10_colsample_bytree": -0.18128581604901672, "log10_eta": -1.6767482374127973, "log10_lambda": 0.09498969800601298, "log10_min_child_weight": 4.19387756185734, "log10_subsample": -0.20970670752783194, "max_depth": 6.0, "num_boost_round": 19.0}, "datetime": {"datetime": "2024-01-19 00:17:20", "elapsed": 344.702349, "delta": 0.000803}}
{"target": -13.76085298040017, "params": {"gamma": 892.1169835118706, "log10_alpha": 0.7242816454894818, "log10_colsample_bytree": -0.18128581604901672, "log10_eta": -1.6767482374127973, "log10_lambda": 0.09498969800601298, "log10_min_child_weight": 4.19387756185734, "log10_subsample": -0.20970670752783194, "max_depth": 6.0, "num_boost_round": 20.0}, "datetime": {"datetime": "2024-01-19 00:17:20", "elapsed": 344.703154, "delta": 0.000805}}
{"target": -13.761425532011966, "params": {"gamma": 892.1169835118706, "log10_alpha": 0.7242816454894818, "log10_colsample_bytree": -0.18128581604901672, "log10_eta": -1.6767482374127973, "log10_lambda": 0.09498969800601298, "log10_min_child_weight": 4.19387756185734, "log10_subsample": -0.20970670752783194, "max_depth": 6.0, "num_boost_round": 21.0}, "datetime": {"datetime": "2024-01-19 00:17:20", "elapsed": 344.703965, "delta": 0.000811}}
{"target": -13.759360326344307, "params": {"gamma": 888.40202601664, "log10_alpha": -0.39486767566122793, "log10_colsample_bytree": -0.4083354178936136, "log10_eta": -0.5731651688083512, "log10_lambda": 0.781232203357745, "log10_min_child_weight": 4.195779487525252, "log10_subsample": -0.6697447962734703, "max_depth": 9.0, "num_boost_round": 0.0}, "datetime": {"datetime": "2024-01-19 00:17:45", "elapsed": 370.225671, "delta": 25.521706}}
{"target": -13.760914580581284, "params": {"gamma": 888.40202601664, "log10_alpha": -0.39486767566122793, "log10_colsample_bytree": -0.4083354178936136, "log10_eta": -0.5731651688083512, "log10_lambda": 0.781232203357745, "log10_min_child_weight": 4.195779487525252, "log10_subsample": -0.6697447962734703, "max_depth": 9.0, "num_boost_round": 1.0}, "datetime": {"datetime": "2024-01-19 00:17:45", "elapsed": 370.226639, "delta": 0.000968}}
{"target": -13.76430376929699, "params": {"gamma": 888.40202601664, "log10_alpha": -0.39486767566122793, "log10_colsample_bytree": -0.4083354178936136, "log10_eta": -0.5731651688083512, "log10_lambda": 0.781232203357745, "log10_min_child_weight": 4.195779487525252, "log10_subsample": -0.6697447962734703, "max_depth": 9.0, "num_boost_round": 2.0}, "datetime": {"datetime": "2024-01-19 00:17:45", "elapsed": 370.227502, "delta": 0.000863}}
{"target": -13.7694959359424, "params": {"gamma": 888.40202601664, "log10_alpha": -0.39486767566122793, "log10_colsample_bytree": -0.4083354178936136, "log10_eta": -0.5731651688083512, "log10_lambda": 0.781232203357745, "log10_min_child_weight": 4.195779487525252, "log10_subsample": -0.6697447962734703, "max_depth": 9.0, "num_boost_round": 3.0}, "datetime": {"datetime": "2024-01-19 00:17:45", "elapsed": 370.228329, "delta": 0.000827}}
{"target": -13.770376071459163, "params": {"gamma": 888.40202601664, "log10_alpha": -0.39486767566122793, "log10_colsample_bytree": -0.4083354178936136, "log10_eta": -0.5731651688083512, "log10_lambda": 0.781232203357745, "log10_min_child_weight": 4.195779487525252, "log10_subsample": -0.6697447962734703, "max_depth": 9.0, "num_boost_round": 4.0}, "datetime": {"datetime": "2024-01-19 00:17:45", "elapsed": 370.229151, "delta": 0.000822}}
{"target": -13.771822430863006, "params": {"gamma": 888.40202601664, "log10_alpha": -0.39486767566122793, "log10_colsample_bytree": -0.4083354178936136, "log10_eta": -0.5731651688083512, "log10_lambda": 0.781232203357745, "log10_min_child_weight": 4.195779487525252, "log10_subsample": -0.6697447962734703, "max_depth": 9.0, "num_boost_round": 5.0}, "datetime": {"datetime": "2024-01-19 00:17:45", "elapsed": 370.229967, "delta": 0.000816}}
{"target": -13.772493569016257, "params": {"gamma": 888.40202601664, "log10_alpha": -0.39486767566122793, "log10_colsample_bytree": -0.4083354178936136, "log10_eta": -0.5731651688083512, "log10_lambda": 0.781232203357745, "log10_min_child_weight": 4.195779487525252, "log10_subsample": -0.6697447962734703, "max_depth": 9.0, "num_boost_round": 6.0}, "datetime": {"datetime": "2024-01-19 00:17:45", "elapsed": 370.230771, "delta": 0.000804}}
{"target": -13.775193615405941, "params": {"gamma": 888.40202601664, "log10_alpha": -0.39486767566122793, "log10_colsample_bytree": -0.4083354178936136, "log10_eta": -0.5731651688083512, "log10_lambda": 0.781232203357745, "log10_min_child_weight": 4.195779487525252, "log10_subsample": -0.6697447962734703, "max_depth": 9.0, "num_boost_round": 7.0}, "datetime": {"datetime": "2024-01-19 00:17:45", "elapsed": 370.231593, "delta": 0.000822}}
{"target": -13.779781027205056, "params": {"gamma": 888.40202601664, "log10_alpha": -0.39486767566122793, "log10_colsample_bytree": -0.4083354178936136, "log10_eta": -0.5731651688083512, "log10_lambda": 0.781232203357745, "log10_min_child_weight": 4.195779487525252, "log10_subsample": -0.6697447962734703, "max_depth": 9.0, "num_boost_round": 8.0}, "datetime": {"datetime": "2024-01-19 00:17:45", "elapsed": 370.232557, "delta": 0.000964}}
{"target": -13.781390703082934, "params": {"gamma": 888.40202601664, "log10_alpha": -0.39486767566122793, "log10_colsample_bytree": -0.4083354178936136, "log10_eta": -0.5731651688083512, "log10_lambda": 0.781232203357745, "log10_min_child_weight": 4.195779487525252, "log10_subsample": -0.6697447962734703, "max_depth": 9.0, "num_boost_round": 9.0}, "datetime": {"datetime": "2024-01-19 00:17:45", "elapsed": 370.233403, "delta": 0.000846}}
{"target": -13.785885620639013, "params": {"gamma": 888.40202601664, "log10_alpha": -0.39486767566122793, "log10_colsample_bytree": -0.4083354178936136, "log10_eta": -0.5731651688083512, "log10_lambda": 0.781232203357745, "log10_min_child_weight": 4.195779487525252, "log10_subsample": -0.6697447962734703, "max_depth": 9.0, "num_boost_round": 10.0}, "datetime": {"datetime": "2024-01-19 00:17:45", "elapsed": 370.234243, "delta": 0.00084}}
{"target": -13.785040985678014, "params": {"gamma": 888.40202601664, "log10_alpha": -0.39486767566122793, "log10_colsample_bytree": -0.4083354178936136, "log10_eta": -0.5731651688083512, "log10_lambda": 0.781232203357745, "log10_min_child_weight": 4.195779487525252, "log10_subsample": -0.6697447962734703, "max_depth": 9.0, "num_boost_round": 11.0}, "datetime": {"datetime": "2024-01-19 00:17:45", "elapsed": 370.235094, "delta": 0.000851}}
{"target": -13.79134503040569, "params": {"gamma": 888.40202601664, "log10_alpha": -0.39486767566122793, "log10_colsample_bytree": -0.4083354178936136, "log10_eta": -0.5731651688083512, "log10_lambda": 0.781232203357745, "log10_min_child_weight": 4.195779487525252, "log10_subsample": -0.6697447962734703, "max_depth": 9.0, "num_boost_round": 12.0}, "datetime": {"datetime": "2024-01-19 00:17:45", "elapsed": 370.235916, "delta": 0.000822}}
{"target": -13.792595687184283, "params": {"gamma": 888.40202601664, "log10_alpha": -0.39486767566122793, "log10_colsample_bytree": -0.4083354178936136, "log10_eta": -0.5731651688083512, "log10_lambda": 0.781232203357745, "log10_min_child_weight": 4.195779487525252, "log10_subsample": -0.6697447962734703, "max_depth": 9.0, "num_boost_round": 13.0}, "datetime": {"datetime": "2024-01-19 00:17:45", "elapsed": 370.236731, "delta": 0.000815}}
{"target": -13.793421999056296, "params": {"gamma": 888.40202601664, "log10_alpha": -0.39486767566122793, "log10_colsample_bytree": -0.4083354178936136, "log10_eta": -0.5731651688083512, "log10_lambda": 0.781232203357745, "log10_min_child_weight": 4.195779487525252, "log10_subsample": -0.6697447962734703, "max_depth": 9.0, "num_boost_round": 14.0}, "datetime": {"datetime": "2024-01-19 00:17:45", "elapsed": 370.237566, "delta": 0.000835}}
{"target": -13.792410595147466, "params": {"gamma": 888.40202601664, "log10_alpha": -0.39486767566122793, "log10_colsample_bytree": -0.4083354178936136, "log10_eta": -0.5731651688083512, "log10_lambda": 0.781232203357745, "log10_min_child_weight": 4.195779487525252, "log10_subsample": -0.6697447962734703, "max_depth": 9.0, "num_boost_round": 15.0}, "datetime": {"datetime": "2024-01-19 00:17:45", "elapsed": 370.239152, "delta": 0.001586}}
{"target": -13.793605178945162, "params": {"gamma": 888.40202601664, "log10_alpha": -0.39486767566122793, "log10_colsample_bytree": -0.4083354178936136, "log10_eta": -0.5731651688083512, "log10_lambda": 0.781232203357745, "log10_min_child_weight": 4.195779487525252, "log10_subsample": -0.6697447962734703, "max_depth": 9.0, "num_boost_round": 16.0}, "datetime": {"datetime": "2024-01-19 00:17:45", "elapsed": 370.240118, "delta": 0.000966}}
