{"target": -13.770635475338054, "params": {"gamma": 322.82576750394634, "log10_alpha": -3.173409487968587, "log10_colsample_bytree": -0.13585877373283206, "log10_eta": -1.0322450520129962, "log10_lambda": 0.08941930322950054, "log10_min_child_weight": 3.3625848520766146, "log10_subsample": -0.8036423765778874, "max_depth": 9.0, "num_boost_round": 7.0}, "datetime": {"datetime": "2024-01-19 02:34:58", "elapsed": 8551.206435, "delta": 0.006636}}
{"target": -13.773585258689932, "params": {"gamma": 322.82576750394634, "log10_alpha": -3.173409487968587, "log10_colsample_bytree": -0.13585877373283206, "log10_eta": -1.0322450520129962, "log10_lambda": 0.08941930322950054, "log10_min_child_weight": 3.3625848520766146, "log10_subsample": -0.8036423765778874, "max_depth": 9.0, "num_boost_round": 8.0}, "datetime": {"datetime": "2024-01-19 02:34:58", "elapsed": 8551.213038, "delta": 0.006603}}
{"target": -13.775254582314732, "params": {"gamma": 322.82576750394634, "log10_alpha": -3.173409487968587, "log10_colsample_bytree": -0.13585877373283206, "log10_eta": -1.0322450520129962, "log10_lambda": 0.08941930322950054, "log10_min_child_weight": 3.3625848520766146, "log10_subsample": -0.8036423765778874, "max_depth": 9.0, "num_boost_round": 9.0}, "datetime": {"datetime": "2024-01-19 02:34:58", "elapsed": 8551.219643, "delta": 0.006605}}
{"target": -13.77819371381697, "params": {"gamma": 322.82576750394634, "log10_alpha": -3.173409487968587, "log10_colsample_bytree": -0.13585877373283206, "log10_eta": -1.0322450520129962, "log10_lambda": 0.08941930322950054, "log10_min_child_weight": 3.3625848520766146, "log10_subsample": -0.8036423765778874, "max_depth": 9.0, "num_boost_round": 10.0}, "datetime": {"datetime": "2024-01-19 02:34:58", "elapsed": 8551.22635, "delta": 0.006707}}
{"target": -13.7798994820193, "params": {"gamma": 322.82576750394634, "log10_alpha": -3.173409487968587, "log10_colsample_bytree": -0.13585877373283206, "log10_eta": -1.0322450520129962, "log10_lambda": 0.08941930322950054, "log10_min_child_weight": 3.3625848520766146, "log10_subsample": -0.8036423765778874, "max_depth": 9.0, "num_boost_round": 11.0}, "datetime": {"datetime": "2024-01-19 02:34:58", "elapsed": 8551.233049, "delta": 0.006699}}
{"target": -13.781905137935423, "params": {"gamma": 322.82576750394634, "log10_alpha": -3.173409487968587, "log10_colsample_bytree": -0.13585877373283206, "log10_eta": -1.0322450520129962, "log10_lambda": 0.08941930322950054, "log10_min_child_weight": 3.3625848520766146, "log10_subsample": -0.8036423765778874, "max_depth": 9.0, "num_boost_round": 12.0}, "datetime": {"datetime": "2024-01-19 02:34:58", "elapsed": 8551.239926, "delta": 0.006877}}
{"target": -13.783891433036873, "params": {"gamma": 322.82576750394634, "log10_alpha": -3.173409487968587, "log10_colsample_bytree": -0.13585877373283206, "log10_eta": -1.0322450520129962, "log10_lambda": 0.08941930322950054, "log10_min_child_weight": 3.3625848520766146, "log10_subsample": -0.8036423765778874, "max_depth": 9.0, "num_boost_round": 13.0}, "datetime": {"datetime": "2024-01-19 02:34:58", "elapsed": 8551.246897, "delta": 0.006971}}
{"target": -13.787501820037459, "params": {"gamma": 322.82576750394634, "log10_alpha": -3.173409487968587, "log10_colsample_bytree": -0.13585877373283206, "log10_eta": -1.0322450520129962, "log10_lambda": 0.08941930322950054, "log10_min_child_weight": 3.3625848520766146, "log10_subsample": -0.8036423765778874, "max_depth": 9.0, "num_boost_round": 14.0}, "datetime": {"datetime": "2024-01-19 02:34:58", "elapsed": 8551.253683, "delta": 0.006786}}
{"target": -13.787445607847987, "params": {"gamma": 322.82576750394634, "log10_alpha": -3.173409487968587, "log10_colsample_bytree": -0.13585877373283206, "log10_eta": -1.0322450520129962, "log10_lambda": 0.08941930322950054, "log10_min_child_weight": 3.3625848520766146, "log10_subsample": -0.8036423765778874, "max_depth": 9.0, "num_boost_round": 15.0}, "datetime": {"datetime": "2024-01-19 02:34:58", "elapsed": 8551.374529, "delta": 0.120846}}
{"target": -13.78917605551487, "params": {"gamma": 322.82576750394634, "log10_alpha": -3.173409487968587, "log10_colsample_bytree": -0.13585877373283206, "log10_eta": -1.0322450520129962, "log10_lambda": 0.08941930322950054, "log10_min_child_weight": 3.3625848520766146, "log10_subsample": -0.8036423765778874, "max_depth": 9.0, "num_boost_round": 16.0}, "datetime": {"datetime": "2024-01-19 02:34:58", "elapsed": 8551.382522, "delta": 0.007993}}
{"target": -13.78907455456933, "params": {"gamma": 322.82576750394634, "log10_alpha": -3.173409487968587, "log10_colsample_bytree": -0.13585877373283206, "log10_eta": -1.0322450520129962, "log10_lambda": 0.08941930322950054, "log10_min_child_weight": 3.3625848520766146, "log10_subsample": -0.8036423765778874, "max_depth": 9.0, "num_boost_round": 17.0}, "datetime": {"datetime": "2024-01-19 02:34:58", "elapsed": 8551.38952, "delta": 0.006998}}
{"target": -13.793849269813556, "params": {"gamma": 322.82576750394634, "log10_alpha": -3.173409487968587, "log10_colsample_bytree": -0.13585877373283206, "log10_eta": -1.0322450520129962, "log10_lambda": 0.08941930322950054, "log10_min_child_weight": 3.3625848520766146, "log10_subsample": -0.8036423765778874, "max_depth": 9.0, "num_boost_round": 18.0}, "datetime": {"datetime": "2024-01-19 02:34:58", "elapsed": 8551.400895, "delta": 0.011375}}
{"target": -13.793793377458314, "params": {"gamma": 322.82576750394634, "log10_alpha": -3.173409487968587, "log10_colsample_bytree": -0.13585877373283206, "log10_eta": -1.0322450520129962, "log10_lambda": 0.08941930322950054, "log10_min_child_weight": 3.3625848520766146, "log10_subsample": -0.8036423765778874, "max_depth": 9.0, "num_boost_round": 19.0}, "datetime": {"datetime": "2024-01-19 02:34:58", "elapsed": 8551.407988, "delta": 0.007093}}
{"target": -13.795507766435895, "params": {"gamma": 322.82576750394634, "log10_alpha": -3.173409487968587, "log10_colsample_bytree": -0.13585877373283206, "log10_eta": -1.0322450520129962, "log10_lambda": 0.08941930322950054, "log10_min_child_weight": 3.3625848520766146, "log10_subsample": -0.8036423765778874, "max_depth": 9.0, "num_boost_round": 20.0}, "datetime": {"datetime": "2024-01-19 02:34:58", "elapsed": 8551.415026, "delta": 0.007038}}
{"target": -13.799537025814171, "params": {"gamma": 322.82576750394634, "log10_alpha": -3.173409487968587, "log10_colsample_bytree": -0.13585877373283206, "log10_eta": -1.0322450520129962, "log10_lambda": 0.08941930322950054, "log10_min_child_weight": 3.3625848520766146, "log10_subsample": -0.8036423765778874, "max_depth": 9.0, "num_boost_round": 21.0}, "datetime": {"datetime": "2024-01-19 02:34:58", "elapsed": 8551.421775, "delta": 0.006749}}
{"target": -13.801293603234756, "params": {"gamma": 322.82576750394634, "log10_alpha": -3.173409487968587, "log10_colsample_bytree": -0.13585877373283206, "log10_eta": -1.0322450520129962, "log10_lambda": 0.08941930322950054, "log10_min_child_weight": 3.3625848520766146, "log10_subsample": -0.8036423765778874, "max_depth": 9.0, "num_boost_round": 22.0}, "datetime": {"datetime": "2024-01-19 02:34:58", "elapsed": 8551.428499, "delta": 0.006724}}
{"target": -13.802429659561016, "params": {"gamma": 322.82576750394634, "log10_alpha": -3.173409487968587, "log10_colsample_bytree": -0.13585877373283206, "log10_eta": -1.0322450520129962, "log10_lambda": 0.08941930322950054, "log10_min_child_weight": 3.3625848520766146, "log10_subsample": -0.8036423765778874, "max_depth": 9.0, "num_boost_round": 23.0}, "datetime": {"datetime": "2024-01-19 02:34:58", "elapsed": 8551.435413, "delta": 0.006914}}
{"target": -13.803971112311713, "params": {"gamma": 322.82576750394634, "log10_alpha": -3.173409487968587, "log10_colsample_bytree": -0.13585877373283206, "log10_eta": -1.0322450520129962, "log10_lambda": 0.08941930322950054, "log10_min_child_weight": 3.3625848520766146, "log10_subsample": -0.8036423765778874, "max_depth": 9.0, "num_boost_round": 24.0}, "datetime": {"datetime": "2024-01-19 02:34:58", "elapsed": 8551.442198, "delta": 0.006785}}
{"target": -13.807595385764765, "params": {"gamma": 322.82576750394634, "log10_alpha": -3.173409487968587, "log10_colsample_bytree": -0.13585877373283206, "log10_eta": -1.0322450520129962, "log10_lambda": 0.08941930322950054, "log10_min_child_weight": 3.3625848520766146, "log10_subsample": -0.8036423765778874, "max_depth": 9.0, "num_boost_round": 25.0}, "datetime": {"datetime": "2024-01-19 02:34:58", "elapsed": 8551.44896, "delta": 0.006762}}
{"target": -13.807197303118759, "params": {"gamma": 322.82576750394634, "log10_alpha": -3.173409487968587, "log10_colsample_bytree": -0.13585877373283206, "log10_eta": -1.0322450520129962, "log10_lambda": 0.08941930322950054, "log10_min_child_weight": 3.3625848520766146, "log10_subsample": -0.8036423765778874, "max_depth": 9.0, "num_boost_round": 26.0}, "datetime": {"datetime": "2024-01-19 02:34:58", "elapsed": 8551.45578, "delta": 0.00682}}
{"target": -13.806571752892177, "params": {"gamma": 322.82576750394634, "log10_alpha": -3.173409487968587, "log10_colsample_bytree": -0.13585877373283206, "log10_eta": -1.0322450520129962, "log10_lambda": 0.08941930322950054, "log10_min_child_weight": 3.3625848520766146, "log10_subsample": -0.8036423765778874, "max_depth": 9.0, "num_boost_round": 27.0}, "datetime": {"datetime": "2024-01-19 02:34:58", "elapsed": 8551.462659, "delta": 0.006879}}
{"target": -13.809778973984837, "params": {"gamma": 322.82576750394634, "log10_alpha": -3.173409487968587, "log10_colsample_bytree": -0.13585877373283206, "log10_eta": -1.0322450520129962, "log10_lambda": 0.08941930322950054, "log10_min_child_weight": 3.3625848520766146, "log10_subsample": -0.8036423765778874, "max_depth": 9.0, "num_boost_round": 28.0}, "datetime": {"datetime": "2024-01-19 02:34:58", "elapsed": 8551.469954, "delta": 0.007295}}
{"target": -13.81040677675947, "params": {"gamma": 322.82576750394634, "log10_alpha": -3.173409487968587, "log10_colsample_bytree": -0.13585877373283206, "log10_eta": -1.0322450520129962, "log10_lambda": 0.08941930322950054, "log10_min_child_weight": 3.3625848520766146, "log10_subsample": -0.8036423765778874, "max_depth": 9.0, "num_boost_round": 29.0}, "datetime": {"datetime": "2024-01-19 02:34:58", "elapsed": 8551.477209, "delta": 0.007255}}
{"target": -13.8112268131629, "params": {"gamma": 322.82576750394634, "log10_alpha": -3.173409487968587, "log10_colsample_bytree": -0.13585877373283206, "log10_eta": -1.0322450520129962, "log10_lambda": 0.08941930322950054, "log10_min_child_weight": 3.3625848520766146, "log10_subsample": -0.8036423765778874, "max_depth": 9.0, "num_boost_round": 30.0}, "datetime": {"datetime": "2024-01-19 02:34:58", "elapsed": 8551.484677, "delta": 0.007468}}
{"target": -13.81282674987484, "params": {"gamma": 322.82576750394634, "log10_alpha": -3.173409487968587, "log10_colsample_bytree": -0.13585877373283206, "log10_eta": -1.0322450520129962, "log10_lambda": 0.08941930322950054, "log10_min_child_weight": 3.3625848520766146, "log10_subsample": -0.8036423765778874, "max_depth": 9.0, "num_boost_round": 31.0}, "datetime": {"datetime": "2024-01-19 02:34:59", "elapsed": 8551.595801, "delta": 0.111124}}
{"target": -13.814621015679087, "params": {"gamma": 322.82576750394634, "log10_alpha": -3.173409487968587, "log10_colsample_bytree": -0.13585877373283206, "log10_eta": -1.0322450520129962, "log10_lambda": 0.08941930322950054, "log10_min_child_weight": 3.3625848520766146, "log10_subsample": -0.8036423765778874, "max_depth": 9.0, "num_boost_round": 32.0}, "datetime": {"datetime": "2024-01-19 02:34:59", "elapsed": 8551.604379, "delta": 0.008578}}
{"target": -13.816898868642363, "params": {"gamma": 322.82576750394634, "log10_alpha": -3.173409487968587, "log10_colsample_bytree": -0.13585877373283206, "log10_eta": -1.0322450520129962, "log10_lambda": 0.08941930322950054, "log10_min_child_weight": 3.3625848520766146, "log10_subsample": -0.8036423765778874, "max_depth": 9.0, "num_boost_round": 33.0}, "datetime": {"datetime": "2024-01-19 02:34:59", "elapsed": 8551.612103, "delta": 0.007724}}
{"target": -13.817765712586999, "params": {"gamma": 322.82576750394634, "log10_alpha": -3.173409487968587, "log10_colsample_bytree": -0.13585877373283206, "log10_eta": -1.0322450520129962, "log10_lambda": 0.08941930322950054, "log10_min_child_weight": 3.3625848520766146, "log10_subsample": -0.8036423765778874, "max_depth": 9.0, "num_boost_round": 34.0}, "datetime": {"datetime": "2024-01-19 02:34:59", "elapsed": 8551.619294, "delta": 0.007191}}
{"target": -13.818177704872058, "params": {"gamma": 322.82576750394634, "log10_alpha": -3.173409487968587, "log10_colsample_bytree": -0.13585877373283206, "log10_eta": -1.0322450520129962, "log10_lambda": 0.08941930322950054, "log10_min_child_weight": 3.3625848520766146, "log10_subsample": -0.8036423765778874, "max_depth": 9.0, "num_boost_round": 35.0}, "datetime": {"datetime": "2024-01-19 02:34:59", "elapsed": 8551.626345, "delta": 0.007051}}
{"target": -13.819383855664881, "params": {"gamma": 322.82576750394634, "log10_alpha": -3.173409487968587, "log10_colsample_bytree": -0.13585877373283206, "log10_eta": -1.0322450520129962, "log10_lambda": 0.08941930322950054, "log10_min_child_weight": 3.3625848520766146, "log10_subsample": -0.8036423765778874, "max_depth": 9.0, "num_boost_round": 36.0}, "datetime": {"datetime": "2024-01-19 02:34:59", "elapsed": 8551.633779, "delta": 0.007434}}
{"target": -13.821386668940324, "params": {"gamma": 322.82576750394634, "log10_alpha": -3.173409487968587, "log10_colsample_bytree": -0.13585877373283206, "log10_eta": -1.0322450520129962, "log10_lambda": 0.08941930322950054, "log10_min_child_weight": 3.3625848520766146, "log10_subsample": -0.8036423765778874, "max_depth": 9.0, "num_boost_round": 37.0}, "datetime": {"datetime": "2024-01-19 02:34:59", "elapsed": 8551.641288, "delta": 0.007509}}
{"target": -13.822077506749986, "params": {"gamma": 322.82576750394634, "log10_alpha": -3.173409487968587, "log10_colsample_bytree": -0.13585877373283206, "log10_eta": -1.0322450520129962, "log10_lambda": 0.08941930322950054, "log10_min_child_weight": 3.3625848520766146, "log10_subsample": -0.8036423765778874, "max_depth": 9.0, "num_boost_round": 38.0}, "datetime": {"datetime": "2024-01-19 02:34:59", "elapsed": 8551.648414, "delta": 0.007126}}
{"target": -13.822121263795777, "params": {"gamma": 322.82576750394634, "log10_alpha": -3.173409487968587, "log10_colsample_bytree": -0.13585877373283206, "log10_eta": -1.0322450520129962, "log10_lambda": 0.08941930322950054, "log10_min_child_weight": 3.3625848520766146, "log10_subsample": -0.8036423765778874, "max_depth": 9.0, "num_boost_round": 39.0}, "datetime": {"datetime": "2024-01-19 02:34:59", "elapsed": 8551.655487, "delta": 0.007073}}
{"target": -13.825852246854438, "params": {"gamma": 322.82576750394634, "log10_alpha": -3.173409487968587, "log10_colsample_bytree": -0.13585877373283206, "log10_eta": -1.0322450520129962, "log10_lambda": 0.08941930322950054, "log10_min_child_weight": 3.3625848520766146, "log10_subsample": -0.8036423765778874, "max_depth": 9.0, "num_boost_round": 40.0}, "datetime": {"datetime": "2024-01-19 02:34:59", "elapsed": 8551.662443, "delta": 0.006956}}
{"target": -13.82951705166185, "params": {"gamma": 322.82576750394634, "log10_alpha": -3.173409487968587, "log10_colsample_bytree": -0.13585877373283206, "log10_eta": -1.0322450520129962, "log10_lambda": 0.08941930322950054, "log10_min_child_weight": 3.3625848520766146, "log10_subsample": -0.8036423765778874, "max_depth": 9.0, "num_boost_round": 41.0}, "datetime": {"datetime": "2024-01-19 02:34:59", "elapsed": 8551.669425, "delta": 0.006982}}
{"target": -13.831617987269238, "params": {"gamma": 322.82576750394634, "log10_alpha": -3.173409487968587, "log10_colsample_bytree": -0.13585877373283206, "log10_eta": -1.0322450520129962, "log10_lambda": 0.08941930322950054, "log10_min_child_weight": 3.3625848520766146, "log10_subsample": -0.8036423765778874, "max_depth": 9.0, "num_boost_round": 42.0}, "datetime": {"datetime": "2024-01-19 02:34:59", "elapsed": 8551.676471, "delta": 0.007046}}
{"target": -13.833683872870523, "params": {"gamma": 322.82576750394634, "log10_alpha": -3.173409487968587, "log10_colsample_bytree": -0.13585877373283206, "log10_eta": -1.0322450520129962, "log10_lambda": 0.08941930322950054, "log10_min_child_weight": 3.3625848520766146, "log10_subsample": -0.8036423765778874, "max_depth": 9.0, "num_boost_round": 43.0}, "datetime": {"datetime": "2024-01-19 02:34:59", "elapsed": 8551.683661, "delta": 0.00719}}
{"target": -13.835361543666409, "params": {"gamma": 322.82576750394634, "log10_alpha": -3.173409487968587, "log10_colsample_bytree": -0.13585877373283206, "log10_eta": -1.0322450520129962, "log10_lambda": 0.08941930322950054, "log10_min_child_weight": 3.3625848520766146, "log10_subsample": -0.8036423765778874, "max_depth": 9.0, "num_boost_round": 44.0}, "datetime": {"datetime": "2024-01-19 02:34:59", "elapsed": 8551.690686, "delta": 0.007025}}
{"target": -13.837038888579315, "params": {"gamma": 322.82576750394634, "log10_alpha": -3.173409487968587, "log10_colsample_bytree": -0.13585877373283206, "log10_eta": -1.0322450520129962, "log10_lambda": 0.08941930322950054, "log10_min_child_weight": 3.3625848520766146, "log10_subsample": -0.8036423765778874, "max_depth": 9.0, "num_boost_round": 45.0}, "datetime": {"datetime": "2024-01-19 02:34:59", "elapsed": 8551.697758, "delta": 0.007072}}
{"target": -13.838887757175623, "params": {"gamma": 322.82576750394634, "log10_alpha": -3.173409487968587, "log10_colsample_bytree": -0.13585877373283206, "log10_eta": -1.0322450520129962, "log10_lambda": 0.08941930322950054, "log10_min_child_weight": 3.3625848520766146, "log10_subsample": -0.8036423765778874, "max_depth": 9.0, "num_boost_round": 46.0}, "datetime": {"datetime": "2024-01-19 02:34:59", "elapsed": 8551.807811, "delta": 0.110053}}
{"target": -13.758538333263697, "params": {"gamma": 563.3839440388225, "log10_alpha": -2.2440278894019388, "log10_colsample_bytree": -1.0, "log10_eta": -4.0, "log10_lambda": 1.0, "log10_min_child_weight": 4.8721801678258405, "log10_subsample": -1.0, "max_depth": 2.0, "num_boost_round": 0.0}, "datetime": {"datetime": "2024-01-19 02:36:14", "elapsed": 8627.023208, "delta": 75.215397}}
{"target": -13.758538315598685, "params": {"gamma": 563.3839440388225, "log10_alpha": -2.2440278894019388, "log10_colsample_bytree": -1.0, "log10_eta": -4.0, "log10_lambda": 1.0, "log10_min_child_weight": 4.8721801678258405, "log10_subsample": -1.0, "max_depth": 2.0, "num_boost_round": 1.0}, "datetime": {"datetime": "2024-01-19 02:36:14", "elapsed": 8627.031157, "delta": 0.007949}}
{"target": -13.758538343577673, "params": {"gamma": 563.3839440388225, "log10_alpha": -2.2440278894019388, "log10_colsample_bytree": -1.0, "log10_eta": -4.0, "log10_lambda": 1.0, "log10_min_child_weight": 4.8721801678258405, "log10_subsample": -1.0, "max_depth": 2.0, "num_boost_round": 2.0}, "datetime": {"datetime": "2024-01-19 02:36:14", "elapsed": 8627.038498, "delta": 0.007341}}
{"target": -13.758538342234393, "params": {"gamma": 563.3839440388225, "log10_alpha": -2.2440278894019388, "log10_colsample_bytree": -1.0, "log10_eta": -4.0, "log10_lambda": 1.0, "log10_min_child_weight": 4.8721801678258405, "log10_subsample": -1.0, "max_depth": 2.0, "num_boost_round": 3.0}, "datetime": {"datetime": "2024-01-19 02:36:14", "elapsed": 8627.045508, "delta": 0.00701}}
{"target": -13.75853834206723, "params": {"gamma": 563.3839440388225, "log10_alpha": -2.2440278894019388, "log10_colsample_bytree": -1.0, "log10_eta": -4.0, "log10_lambda": 1.0, "log10_min_child_weight": 4.8721801678258405, "log10_subsample": -1.0, "max_depth": 2.0, "num_boost_round": 4.0}, "datetime": {"datetime": "2024-01-19 02:36:14", "elapsed": 8627.052822, "delta": 0.007314}}
{"target": -13.758538317754011, "params": {"gamma": 563.3839440388225, "log10_alpha": -2.2440278894019388, "log10_colsample_bytree": -1.0, "log10_eta": -4.0, "log10_lambda": 1.0, "log10_min_child_weight": 4.8721801678258405, "log10_subsample": -1.0, "max_depth": 2.0, "num_boost_round": 5.0}, "datetime": {"datetime": "2024-01-19 02:36:14", "elapsed": 8627.059855, "delta": 0.007033}}
{"target": -13.758538317769721, "params": {"gamma": 563.3839440388225, "log10_alpha": -2.2440278894019388, "log10_colsample_bytree": -1.0, "log10_eta": -4.0, "log10_lambda": 1.0, "log10_min_child_weight": 4.8721801678258405, "log10_subsample": -1.0, "max_depth": 2.0, "num_boost_round": 6.0}, "datetime": {"datetime": "2024-01-19 02:36:14", "elapsed": 8627.067326, "delta": 0.007471}}
{"target": -13.758538343633209, "params": {"gamma": 563.3839440388225, "log10_alpha": -2.2440278894019388, "log10_colsample_bytree": -1.0, "log10_eta": -4.0, "log10_lambda": 1.0, "log10_min_child_weight": 4.8721801678258405, "log10_subsample": -1.0, "max_depth": 2.0, "num_boost_round": 7.0}, "datetime": {"datetime": "2024-01-19 02:36:14", "elapsed": 8627.074635, "delta": 0.007309}}
{"target": -13.75853833338636, "params": {"gamma": 563.3839440388225, "log10_alpha": -2.2440278894019388, "log10_colsample_bytree": -1.0, "log10_eta": -4.0, "log10_lambda": 1.0, "log10_min_child_weight": 4.8721801678258405, "log10_subsample": -1.0, "max_depth": 2.0, "num_boost_round": 8.0}, "datetime": {"datetime": "2024-01-19 02:36:14", "elapsed": 8627.081631, "delta": 0.006996}}
{"target": -13.75853830685145, "params": {"gamma": 563.3839440388225, "log10_alpha": -2.2440278894019388, "log10_colsample_bytree": -1.0, "log10_eta": -4.0, "log10_lambda": 1.0, "log10_min_child_weight": 4.8721801678258405, "log10_subsample": -1.0, "max_depth": 2.0, "num_boost_round": 9.0}, "datetime": {"datetime": "2024-01-19 02:36:14", "elapsed": 8627.089093, "delta": 0.007462}}
