{"target": -13.75852653104297, "params": {"gamma": 831.449692286452, "log10_alpha": -4.083623622220794, "log10_colsample_bytree": -0.1533714809170711, "log10_eta": -3.984255255361248, "log10_lambda": -1.5010895305251832, "log10_min_child_weight": 3.5173744389953576, "log10_subsample": -0.5552717841418823, "max_depth": 9.0, "num_boost_round": 5.0}, "datetime": {"datetime": "2024-01-19 02:28:49", "elapsed": 8249.393993, "delta": 0.005764}}
{"target": -13.758529201684997, "params": {"gamma": 831.449692286452, "log10_alpha": -4.083623622220794, "log10_colsample_bytree": -0.1533714809170711, "log10_eta": -3.984255255361248, "log10_lambda": -1.5010895305251832, "log10_min_child_weight": 3.5173744389953576, "log10_subsample": -0.5552717841418823, "max_depth": 9.0, "num_boost_round": 6.0}, "datetime": {"datetime": "2024-01-19 02:28:49", "elapsed": 8249.399976, "delta": 0.005983}}
{"target": -13.758528533387288, "params": {"gamma": 831.449692286452, "log10_alpha": -4.083623622220794, "log10_colsample_bytree": -0.1533714809170711, "log10_eta": -3.984255255361248, "log10_lambda": -1.5010895305251832, "log10_min_child_weight": 3.5173744389953576, "log10_subsample": -0.5552717841418823, "max_depth": 9.0, "num_boost_round": 7.0}, "datetime": {"datetime": "2024-01-19 02:28:49", "elapsed": 8249.406102, "delta": 0.006126}}
{"target": -13.758527109758267, "params": {"gamma": 831.449692286452, "log10_alpha": -4.083623622220794, "log10_colsample_bytree": -0.1533714809170711, "log10_eta": -3.984255255361248, "log10_lambda": -1.5010895305251832, "log10_min_child_weight": 3.5173744389953576, "log10_subsample": -0.5552717841418823, "max_depth": 9.0, "num_boost_round": 8.0}, "datetime": {"datetime": "2024-01-19 02:28:49", "elapsed": 8249.411987, "delta": 0.005885}}
{"target": -13.75852563556333, "params": {"gamma": 831.449692286452, "log10_alpha": -4.083623622220794, "log10_colsample_bytree": -0.1533714809170711, "log10_eta": -3.984255255361248, "log10_lambda": -1.5010895305251832, "log10_min_child_weight": 3.5173744389953576, "log10_subsample": -0.5552717841418823, "max_depth": 9.0, "num_boost_round": 9.0}, "datetime": {"datetime": "2024-01-19 02:28:49", "elapsed": 8249.41765, "delta": 0.005663}}
{"target": -13.75852453868337, "params": {"gamma": 831.449692286452, "log10_alpha": -4.083623622220794, "log10_colsample_bytree": -0.1533714809170711, "log10_eta": -3.984255255361248, "log10_lambda": -1.5010895305251832, "log10_min_child_weight": 3.5173744389953576, "log10_subsample": -0.5552717841418823, "max_depth": 9.0, "num_boost_round": 10.0}, "datetime": {"datetime": "2024-01-19 02:28:49", "elapsed": 8249.423374, "delta": 0.005724}}
{"target": -13.758536900859914, "params": {"gamma": 75.24622915374535, "log10_alpha": 1.0, "log10_colsample_bytree": 0.0, "log10_eta": -4.0, "log10_lambda": -1.9740832253635898, "log10_min_child_weight": 3.49280824022073, "log10_subsample": -0.5634789585507937, "max_depth": 4.0, "num_boost_round": 0.0}, "datetime": {"datetime": "2024-01-19 02:30:19", "elapsed": 8339.254171, "delta": 89.830797}}
{"target": -13.75853532823815, "params": {"gamma": 75.24622915374535, "log10_alpha": 1.0, "log10_colsample_bytree": 0.0, "log10_eta": -4.0, "log10_lambda": -1.9740832253635898, "log10_min_child_weight": 3.49280824022073, "log10_subsample": -0.5634789585507937, "max_depth": 4.0, "num_boost_round": 1.0}, "datetime": {"datetime": "2024-01-19 02:30:19", "elapsed": 8339.26111, "delta": 0.006939}}
{"target": -13.7585345596618, "params": {"gamma": 75.24622915374535, "log10_alpha": 1.0, "log10_colsample_bytree": 0.0, "log10_eta": -4.0, "log10_lambda": -1.9740832253635898, "log10_min_child_weight": 3.49280824022073, "log10_subsample": -0.5634789585507937, "max_depth": 4.0, "num_boost_round": 2.0}, "datetime": {"datetime": "2024-01-19 02:30:19", "elapsed": 8339.267056, "delta": 0.005946}}
{"target": -13.758533314774603, "params": {"gamma": 75.24622915374535, "log10_alpha": 1.0, "log10_colsample_bytree": 0.0, "log10_eta": -4.0, "log10_lambda": -1.9740832253635898, "log10_min_child_weight": 3.49280824022073, "log10_subsample": -0.5634789585507937, "max_depth": 4.0, "num_boost_round": 3.0}, "datetime": {"datetime": "2024-01-19 02:30:19", "elapsed": 8339.273325, "delta": 0.006269}}
{"target": -13.758531345290846, "params": {"gamma": 75.24622915374535, "log10_alpha": 1.0, "log10_colsample_bytree": 0.0, "log10_eta": -4.0, "log10_lambda": -1.9740832253635898, "log10_min_child_weight": 3.49280824022073, "log10_subsample": -0.5634789585507937, "max_depth": 4.0, "num_boost_round": 4.0}, "datetime": {"datetime": "2024-01-19 02:30:19", "elapsed": 8339.279271, "delta": 0.005946}}
{"target": -13.758530117776067, "params": {"gamma": 75.24622915374535, "log10_alpha": 1.0, "log10_colsample_bytree": 0.0, "log10_eta": -4.0, "log10_lambda": -1.9740832253635898, "log10_min_child_weight": 3.49280824022073, "log10_subsample": -0.5634789585507937, "max_depth": 4.0, "num_boost_round": 5.0}, "datetime": {"datetime": "2024-01-19 02:30:19", "elapsed": 8339.285012, "delta": 0.005741}}
{"target": -13.758528718300884, "params": {"gamma": 75.24622915374535, "log10_alpha": 1.0, "log10_colsample_bytree": 0.0, "log10_eta": -4.0, "log10_lambda": -1.9740832253635898, "log10_min_child_weight": 3.49280824022073, "log10_subsample": -0.5634789585507937, "max_depth": 4.0, "num_boost_round": 6.0}, "datetime": {"datetime": "2024-01-19 02:30:19", "elapsed": 8339.290844, "delta": 0.005832}}
{"target": -13.758527300146914, "params": {"gamma": 75.24622915374535, "log10_alpha": 1.0, "log10_colsample_bytree": 0.0, "log10_eta": -4.0, "log10_lambda": -1.9740832253635898, "log10_min_child_weight": 3.49280824022073, "log10_subsample": -0.5634789585507937, "max_depth": 4.0, "num_boost_round": 7.0}, "datetime": {"datetime": "2024-01-19 02:30:19", "elapsed": 8339.296816, "delta": 0.005972}}
{"target": -13.758525659423528, "params": {"gamma": 75.24622915374535, "log10_alpha": 1.0, "log10_colsample_bytree": 0.0, "log10_eta": -4.0, "log10_lambda": -1.9740832253635898, "log10_min_child_weight": 3.49280824022073, "log10_subsample": -0.5634789585507937, "max_depth": 4.0, "num_boost_round": 8.0}, "datetime": {"datetime": "2024-01-19 02:30:19", "elapsed": 8339.302514, "delta": 0.005698}}
{"target": -13.758523972892844, "params": {"gamma": 75.24622915374535, "log10_alpha": 1.0, "log10_colsample_bytree": 0.0, "log10_eta": -4.0, "log10_lambda": -1.9740832253635898, "log10_min_child_weight": 3.49280824022073, "log10_subsample": -0.5634789585507937, "max_depth": 4.0, "num_boost_round": 9.0}, "datetime": {"datetime": "2024-01-19 02:30:19", "elapsed": 8339.308215, "delta": 0.005701}}
{"target": -13.758522995286045, "params": {"gamma": 75.24622915374535, "log10_alpha": 1.0, "log10_colsample_bytree": 0.0, "log10_eta": -4.0, "log10_lambda": -1.9740832253635898, "log10_min_child_weight": 3.49280824022073, "log10_subsample": -0.5634789585507937, "max_depth": 4.0, "num_boost_round": 10.0}, "datetime": {"datetime": "2024-01-19 02:30:19", "elapsed": 8339.314027, "delta": 0.005812}}
{"target": -13.758520797721033, "params": {"gamma": 75.24622915374535, "log10_alpha": 1.0, "log10_colsample_bytree": 0.0, "log10_eta": -4.0, "log10_lambda": -1.9740832253635898, "log10_min_child_weight": 3.49280824022073, "log10_subsample": -0.5634789585507937, "max_depth": 4.0, "num_boost_round": 11.0}, "datetime": {"datetime": "2024-01-19 02:30:19", "elapsed": 8339.319894, "delta": 0.005867}}
{"target": -13.758519339496553, "params": {"gamma": 75.24622915374535, "log10_alpha": 1.0, "log10_colsample_bytree": 0.0, "log10_eta": -4.0, "log10_lambda": -1.9740832253635898, "log10_min_child_weight": 3.49280824022073, "log10_subsample": -0.5634789585507937, "max_depth": 4.0, "num_boost_round": 12.0}, "datetime": {"datetime": "2024-01-19 02:30:19", "elapsed": 8339.326005, "delta": 0.006111}}
{"target": -13.758518636221124, "params": {"gamma": 75.24622915374535, "log10_alpha": 1.0, "log10_colsample_bytree": 0.0, "log10_eta": -4.0, "log10_lambda": -1.9740832253635898, "log10_min_child_weight": 3.49280824022073, "log10_subsample": -0.5634789585507937, "max_depth": 4.0, "num_boost_round": 13.0}, "datetime": {"datetime": "2024-01-19 02:30:19", "elapsed": 8339.332857, "delta": 0.006852}}
{"target": -13.758517772195146, "params": {"gamma": 75.24622915374535, "log10_alpha": 1.0, "log10_colsample_bytree": 0.0, "log10_eta": -4.0, "log10_lambda": -1.9740832253635898, "log10_min_child_weight": 3.49280824022073, "log10_subsample": -0.5634789585507937, "max_depth": 4.0, "num_boost_round": 14.0}, "datetime": {"datetime": "2024-01-19 02:30:19", "elapsed": 8339.339227, "delta": 0.00637}}
{"target": -13.758517051841581, "params": {"gamma": 75.24622915374535, "log10_alpha": 1.0, "log10_colsample_bytree": 0.0, "log10_eta": -4.0, "log10_lambda": -1.9740832253635898, "log10_min_child_weight": 3.49280824022073, "log10_subsample": -0.5634789585507937, "max_depth": 4.0, "num_boost_round": 15.0}, "datetime": {"datetime": "2024-01-19 02:30:19", "elapsed": 8339.345493, "delta": 0.006266}}
{"target": -13.758516056534946, "params": {"gamma": 75.24622915374535, "log10_alpha": 1.0, "log10_colsample_bytree": 0.0, "log10_eta": -4.0, "log10_lambda": -1.9740832253635898, "log10_min_child_weight": 3.49280824022073, "log10_subsample": -0.5634789585507937, "max_depth": 4.0, "num_boost_round": 16.0}, "datetime": {"datetime": "2024-01-19 02:30:19", "elapsed": 8339.351585, "delta": 0.006092}}
{"target": -13.75851474611416, "params": {"gamma": 75.24622915374535, "log10_alpha": 1.0, "log10_colsample_bytree": 0.0, "log10_eta": -4.0, "log10_lambda": -1.9740832253635898, "log10_min_child_weight": 3.49280824022073, "log10_subsample": -0.5634789585507937, "max_depth": 4.0, "num_boost_round": 17.0}, "datetime": {"datetime": "2024-01-19 02:30:19", "elapsed": 8339.357347, "delta": 0.005762}}
{"target": -13.758513213176284, "params": {"gamma": 75.24622915374535, "log10_alpha": 1.0, "log10_colsample_bytree": 0.0, "log10_eta": -4.0, "log10_lambda": -1.9740832253635898, "log10_min_child_weight": 3.49280824022073, "log10_subsample": -0.5634789585507937, "max_depth": 4.0, "num_boost_round": 18.0}, "datetime": {"datetime": "2024-01-19 02:30:19", "elapsed": 8339.363213, "delta": 0.005866}}
{"target": -13.758512433850361, "params": {"gamma": 75.24622915374535, "log10_alpha": 1.0, "log10_colsample_bytree": 0.0, "log10_eta": -4.0, "log10_lambda": -1.9740832253635898, "log10_min_child_weight": 3.49280824022073, "log10_subsample": -0.5634789585507937, "max_depth": 4.0, "num_boost_round": 19.0}, "datetime": {"datetime": "2024-01-19 02:30:19", "elapsed": 8339.368983, "delta": 0.00577}}
{"target": -13.75851091293724, "params": {"gamma": 75.24622915374535, "log10_alpha": 1.0, "log10_colsample_bytree": 0.0, "log10_eta": -4.0, "log10_lambda": -1.9740832253635898, "log10_min_child_weight": 3.49280824022073, "log10_subsample": -0.5634789585507937, "max_depth": 4.0, "num_boost_round": 20.0}, "datetime": {"datetime": "2024-01-19 02:30:19", "elapsed": 8339.374702, "delta": 0.005719}}
{"target": -13.758509284038741, "params": {"gamma": 75.24622915374535, "log10_alpha": 1.0, "log10_colsample_bytree": 0.0, "log10_eta": -4.0, "log10_lambda": -1.9740832253635898, "log10_min_child_weight": 3.49280824022073, "log10_subsample": -0.5634789585507937, "max_depth": 4.0, "num_boost_round": 21.0}, "datetime": {"datetime": "2024-01-19 02:30:19", "elapsed": 8339.380626, "delta": 0.005924}}
{"target": -13.758507797573241, "params": {"gamma": 75.24622915374535, "log10_alpha": 1.0, "log10_colsample_bytree": 0.0, "log10_eta": -4.0, "log10_lambda": -1.9740832253635898, "log10_min_child_weight": 3.49280824022073, "log10_subsample": -0.5634789585507937, "max_depth": 4.0, "num_boost_round": 22.0}, "datetime": {"datetime": "2024-01-19 02:30:19", "elapsed": 8339.386376, "delta": 0.00575}}
{"target": -13.758507134064336, "params": {"gamma": 75.24622915374535, "log10_alpha": 1.0, "log10_colsample_bytree": 0.0, "log10_eta": -4.0, "log10_lambda": -1.9740832253635898, "log10_min_child_weight": 3.49280824022073, "log10_subsample": -0.5634789585507937, "max_depth": 4.0, "num_boost_round": 23.0}, "datetime": {"datetime": "2024-01-19 02:30:19", "elapsed": 8339.39216, "delta": 0.005784}}
{"target": -13.75850626788071, "params": {"gamma": 75.24622915374535, "log10_alpha": 1.0, "log10_colsample_bytree": 0.0, "log10_eta": -4.0, "log10_lambda": -1.9740832253635898, "log10_min_child_weight": 3.49280824022073, "log10_subsample": -0.5634789585507937, "max_depth": 4.0, "num_boost_round": 24.0}, "datetime": {"datetime": "2024-01-19 02:30:19", "elapsed": 8339.397874, "delta": 0.005714}}
{"target": -13.758504571198635, "params": {"gamma": 75.24622915374535, "log10_alpha": 1.0, "log10_colsample_bytree": 0.0, "log10_eta": -4.0, "log10_lambda": -1.9740832253635898, "log10_min_child_weight": 3.49280824022073, "log10_subsample": -0.5634789585507937, "max_depth": 4.0, "num_boost_round": 25.0}, "datetime": {"datetime": "2024-01-19 02:30:19", "elapsed": 8339.40371, "delta": 0.005836}}
{"target": -13.755445343426418, "params": {"gamma": 878.3883343371624, "log10_alpha": 0.9991324628664762, "log10_colsample_bytree": -0.7431795246589158, "log10_eta": -0.4215444266194175, "log10_lambda": -0.9590861544546767, "log10_min_child_weight": 2.732219071554851, "log10_subsample": -0.6067681038024121, "max_depth": 2.0, "num_boost_round": 0.0}, "datetime": {"datetime": "2024-01-19 02:31:22", "elapsed": 8402.469319, "delta": 63.065609}}
{"target": -13.75818467549764, "params": {"gamma": 878.3883343371624, "log10_alpha": 0.9991324628664762, "log10_colsample_bytree": -0.7431795246589158, "log10_eta": -0.4215444266194175, "log10_lambda": -0.9590861544546767, "log10_min_child_weight": 2.732219071554851, "log10_subsample": -0.6067681038024121, "max_depth": 2.0, "num_boost_round": 1.0}, "datetime": {"datetime": "2024-01-19 02:31:22", "elapsed": 8402.475952, "delta": 0.006633}}
{"target": -13.765934004481107, "params": {"gamma": 878.3883343371624, "log10_alpha": 0.9991324628664762, "log10_colsample_bytree": -0.7431795246589158, "log10_eta": -0.4215444266194175, "log10_lambda": -0.9590861544546767, "log10_min_child_weight": 2.732219071554851, "log10_subsample": -0.6067681038024121, "max_depth": 2.0, "num_boost_round": 2.0}, "datetime": {"datetime": "2024-01-19 02:31:22", "elapsed": 8402.482246, "delta": 0.006294}}
{"target": -13.769028167885022, "params": {"gamma": 878.3883343371624, "log10_alpha": 0.9991324628664762, "log10_colsample_bytree": -0.7431795246589158, "log10_eta": -0.4215444266194175, "log10_lambda": -0.9590861544546767, "log10_min_child_weight": 2.732219071554851, "log10_subsample": -0.6067681038024121, "max_depth": 2.0, "num_boost_round": 3.0}, "datetime": {"datetime": "2024-01-19 02:31:22", "elapsed": 8402.487894, "delta": 0.005648}}
{"target": -13.77363736946068, "params": {"gamma": 878.3883343371624, "log10_alpha": 0.9991324628664762, "log10_colsample_bytree": -0.7431795246589158, "log10_eta": -0.4215444266194175, "log10_lambda": -0.9590861544546767, "log10_min_child_weight": 2.732219071554851, "log10_subsample": -0.6067681038024121, "max_depth": 2.0, "num_boost_round": 4.0}, "datetime": {"datetime": "2024-01-19 02:31:22", "elapsed": 8402.493763, "delta": 0.005869}}
{"target": -13.7805784162951, "params": {"gamma": 878.3883343371624, "log10_alpha": 0.9991324628664762, "log10_colsample_bytree": -0.7431795246589158, "log10_eta": -0.4215444266194175, "log10_lambda": -0.9590861544546767, "log10_min_child_weight": 2.732219071554851, "log10_subsample": -0.6067681038024121, "max_depth": 2.0, "num_boost_round": 5.0}, "datetime": {"datetime": "2024-01-19 02:31:22", "elapsed": 8402.499803, "delta": 0.00604}}
{"target": -13.779584185690883, "params": {"gamma": 878.3883343371624, "log10_alpha": 0.9991324628664762, "log10_colsample_bytree": -0.7431795246589158, "log10_eta": -0.4215444266194175, "log10_lambda": -0.9590861544546767, "log10_min_child_weight": 2.732219071554851, "log10_subsample": -0.6067681038024121, "max_depth": 2.0, "num_boost_round": 6.0}, "datetime": {"datetime": "2024-01-19 02:31:22", "elapsed": 8402.505674, "delta": 0.005871}}
{"target": -13.801372351291912, "params": {"gamma": 878.3883343371624, "log10_alpha": 0.9991324628664762, "log10_colsample_bytree": -0.7431795246589158, "log10_eta": -0.4215444266194175, "log10_lambda": -0.9590861544546767, "log10_min_child_weight": 2.732219071554851, "log10_subsample": -0.6067681038024121, "max_depth": 2.0, "num_boost_round": 7.0}, "datetime": {"datetime": "2024-01-19 02:31:22", "elapsed": 8402.511814, "delta": 0.00614}}
{"target": -13.810534063940812, "params": {"gamma": 878.3883343371624, "log10_alpha": 0.9991324628664762, "log10_colsample_bytree": -0.7431795246589158, "log10_eta": -0.4215444266194175, "log10_lambda": -0.9590861544546767, "log10_min_child_weight": 2.732219071554851, "log10_subsample": -0.6067681038024121, "max_depth": 2.0, "num_boost_round": 8.0}, "datetime": {"datetime": "2024-01-19 02:31:22", "elapsed": 8402.64747, "delta": 0.135656}}
{"target": -13.811670026891344, "params": {"gamma": 878.3883343371624, "log10_alpha": 0.9991324628664762, "log10_colsample_bytree": -0.7431795246589158, "log10_eta": -0.4215444266194175, "log10_lambda": -0.9590861544546767, "log10_min_child_weight": 2.732219071554851, "log10_subsample": -0.6067681038024121, "max_depth": 2.0, "num_boost_round": 9.0}, "datetime": {"datetime": "2024-01-19 02:31:22", "elapsed": 8402.65445, "delta": 0.00698}}
{"target": -13.81678958160132, "params": {"gamma": 878.3883343371624, "log10_alpha": 0.9991324628664762, "log10_colsample_bytree": -0.7431795246589158, "log10_eta": -0.4215444266194175, "log10_lambda": -0.9590861544546767, "log10_min_child_weight": 2.732219071554851, "log10_subsample": -0.6067681038024121, "max_depth": 2.0, "num_boost_round": 10.0}, "datetime": {"datetime": "2024-01-19 02:31:22", "elapsed": 8402.660586, "delta": 0.006136}}
{"target": -13.758538203272515, "params": {"gamma": 87.25479225045518, "log10_alpha": -3.539278340033556, "log10_colsample_bytree": -0.23440171425829448, "log10_eta": -3.7982090209282613, "log10_lambda": -4.533628510100253, "log10_min_child_weight": 2.4290981647510144, "log10_subsample": -0.3696936483448935, "max_depth": 2.0, "num_boost_round": 0.0}, "datetime": {"datetime": "2024-01-19 02:32:42", "elapsed": 8482.202147, "delta": 79.541561}}
{"target": -13.758536825280302, "params": {"gamma": 87.25479225045518, "log10_alpha": -3.539278340033556, "log10_colsample_bytree": -0.23440171425829448, "log10_eta": -3.7982090209282613, "log10_lambda": -4.533628510100253, "log10_min_child_weight": 2.4290981647510144, "log10_subsample": -0.3696936483448935, "max_depth": 2.0, "num_boost_round": 1.0}, "datetime": {"datetime": "2024-01-19 02:32:42", "elapsed": 8482.20908, "delta": 0.006933}}
{"target": -13.758535599568956, "params": {"gamma": 87.25479225045518, "log10_alpha": -3.539278340033556, "log10_colsample_bytree": -0.23440171425829448, "log10_eta": -3.7982090209282613, "log10_lambda": -4.533628510100253, "log10_min_child_weight": 2.4290981647510144, "log10_subsample": -0.3696936483448935, "max_depth": 2.0, "num_boost_round": 2.0}, "datetime": {"datetime": "2024-01-19 02:32:42", "elapsed": 8482.214905, "delta": 0.005825}}
{"target": -13.758534345134041, "params": {"gamma": 87.25479225045518, "log10_alpha": -3.539278340033556, "log10_colsample_bytree": -0.23440171425829448, "log10_eta": -3.7982090209282613, "log10_lambda": -4.533628510100253, "log10_min_child_weight": 2.4290981647510144, "log10_subsample": -0.3696936483448935, "max_depth": 2.0, "num_boost_round": 3.0}, "datetime": {"datetime": "2024-01-19 02:32:42", "elapsed": 8482.2209, "delta": 0.005995}}
{"target": -13.758532176353569, "params": {"gamma": 87.25479225045518, "log10_alpha": -3.539278340033556, "log10_colsample_bytree": -0.23440171425829448, "log10_eta": -3.7982090209282613, "log10_lambda": -4.533628510100253, "log10_min_child_weight": 2.4290981647510144, "log10_subsample": -0.3696936483448935, "max_depth": 2.0, "num_boost_round": 4.0}, "datetime": {"datetime": "2024-01-19 02:32:42", "elapsed": 8482.226688, "delta": 0.005788}}
{"target": -13.758531570006046, "params": {"gamma": 87.25479225045518, "log10_alpha": -3.539278340033556, "log10_colsample_bytree": -0.23440171425829448, "log10_eta": -3.7982090209282613, "log10_lambda": -4.533628510100253, "log10_min_child_weight": 2.4290981647510144, "log10_subsample": -0.3696936483448935, "max_depth": 2.0, "num_boost_round": 5.0}, "datetime": {"datetime": "2024-01-19 02:32:42", "elapsed": 8482.232467, "delta": 0.005779}}
{"target": -13.75853146096918, "params": {"gamma": 87.25479225045518, "log10_alpha": -3.539278340033556, "log10_colsample_bytree": -0.23440171425829448, "log10_eta": -3.7982090209282613, "log10_lambda": -4.533628510100253, "log10_min_child_weight": 2.4290981647510144, "log10_subsample": -0.3696936483448935, "max_depth": 2.0, "num_boost_round": 6.0}, "datetime": {"datetime": "2024-01-19 02:32:42", "elapsed": 8482.238313, "delta": 0.005846}}
{"target": -13.75853006221525, "params": {"gamma": 87.25479225045518, "log10_alpha": -3.539278340033556, "log10_colsample_bytree": -0.23440171425829448, "log10_eta": -3.7982090209282613, "log10_lambda": -4.533628510100253, "log10_min_child_weight": 2.4290981647510144, "log10_subsample": -0.3696936483448935, "max_depth": 2.0, "num_boost_round": 7.0}, "datetime": {"datetime": "2024-01-19 02:32:42", "elapsed": 8482.244385, "delta": 0.006072}}
{"target": -13.758527974656419, "params": {"gamma": 87.25479225045518, "log10_alpha": -3.539278340033556, "log10_colsample_bytree": -0.23440171425829448, "log10_eta": -3.7982090209282613, "log10_lambda": -4.533628510100253, "log10_min_child_weight": 2.4290981647510144, "log10_subsample": -0.3696936483448935, "max_depth": 2.0, "num_boost_round": 8.0}, "datetime": {"datetime": "2024-01-19 02:32:42", "elapsed": 8482.25046, "delta": 0.006075}}
