{"target": -13.757709319629855, "params": {"gamma": 131.60343343198332, "log10_alpha": -0.9187491583617486, "log10_colsample_bytree": -0.5272110012486152, "log10_eta": -1.896723913470515, "log10_lambda": -0.6563185617816361, "log10_min_child_weight": 1.1942208581114278, "log10_subsample": -0.8009925519592094, "max_depth": 5.0, "num_boost_round": 19.0}, "datetime": {"datetime": "2024-01-19 00:54:02", "elapsed": 2549.610435, "delta": 0.002604}}
{"target": -13.757530278538578, "params": {"gamma": 131.60343343198332, "log10_alpha": -0.9187491583617486, "log10_colsample_bytree": -0.5272110012486152, "log10_eta": -1.896723913470515, "log10_lambda": -0.6563185617816361, "log10_min_child_weight": 1.1942208581114278, "log10_subsample": -0.8009925519592094, "max_depth": 5.0, "num_boost_round": 20.0}, "datetime": {"datetime": "2024-01-19 00:54:02", "elapsed": 2549.613081, "delta": 0.002646}}
{"target": -13.758035899768304, "params": {"gamma": 131.60343343198332, "log10_alpha": -0.9187491583617486, "log10_colsample_bytree": -0.5272110012486152, "log10_eta": -1.896723913470515, "log10_lambda": -0.6563185617816361, "log10_min_child_weight": 1.1942208581114278, "log10_subsample": -0.8009925519592094, "max_depth": 5.0, "num_boost_round": 21.0}, "datetime": {"datetime": "2024-01-19 00:54:02", "elapsed": 2549.615725, "delta": 0.002644}}
{"target": -13.758250176067865, "params": {"gamma": 131.60343343198332, "log10_alpha": -0.9187491583617486, "log10_colsample_bytree": -0.5272110012486152, "log10_eta": -1.896723913470515, "log10_lambda": -0.6563185617816361, "log10_min_child_weight": 1.1942208581114278, "log10_subsample": -0.8009925519592094, "max_depth": 5.0, "num_boost_round": 22.0}, "datetime": {"datetime": "2024-01-19 00:54:02", "elapsed": 2549.618442, "delta": 0.002717}}
{"target": -13.758255740831824, "params": {"gamma": 131.60343343198332, "log10_alpha": -0.9187491583617486, "log10_colsample_bytree": -0.5272110012486152, "log10_eta": -1.896723913470515, "log10_lambda": -0.6563185617816361, "log10_min_child_weight": 1.1942208581114278, "log10_subsample": -0.8009925519592094, "max_depth": 5.0, "num_boost_round": 23.0}, "datetime": {"datetime": "2024-01-19 00:54:02", "elapsed": 2549.62111, "delta": 0.002668}}
{"target": -13.758535920615271, "params": {"gamma": 131.60343343198332, "log10_alpha": -0.9187491583617486, "log10_colsample_bytree": -0.5272110012486152, "log10_eta": -1.896723913470515, "log10_lambda": -0.6563185617816361, "log10_min_child_weight": 1.1942208581114278, "log10_subsample": -0.8009925519592094, "max_depth": 5.0, "num_boost_round": 24.0}, "datetime": {"datetime": "2024-01-19 00:54:02", "elapsed": 2549.623702, "delta": 0.002592}}
{"target": -13.75877094850558, "params": {"gamma": 131.60343343198332, "log10_alpha": -0.9187491583617486, "log10_colsample_bytree": -0.5272110012486152, "log10_eta": -1.896723913470515, "log10_lambda": -0.6563185617816361, "log10_min_child_weight": 1.1942208581114278, "log10_subsample": -0.8009925519592094, "max_depth": 5.0, "num_boost_round": 25.0}, "datetime": {"datetime": "2024-01-19 00:54:02", "elapsed": 2549.626299, "delta": 0.002597}}
{"target": -13.758791342514709, "params": {"gamma": 131.60343343198332, "log10_alpha": -0.9187491583617486, "log10_colsample_bytree": -0.5272110012486152, "log10_eta": -1.896723913470515, "log10_lambda": -0.6563185617816361, "log10_min_child_weight": 1.1942208581114278, "log10_subsample": -0.8009925519592094, "max_depth": 5.0, "num_boost_round": 26.0}, "datetime": {"datetime": "2024-01-19 00:54:02", "elapsed": 2549.628903, "delta": 0.002604}}
{"target": -13.758996978828318, "params": {"gamma": 131.60343343198332, "log10_alpha": -0.9187491583617486, "log10_colsample_bytree": -0.5272110012486152, "log10_eta": -1.896723913470515, "log10_lambda": -0.6563185617816361, "log10_min_child_weight": 1.1942208581114278, "log10_subsample": -0.8009925519592094, "max_depth": 5.0, "num_boost_round": 27.0}, "datetime": {"datetime": "2024-01-19 00:54:02", "elapsed": 2549.63157, "delta": 0.002667}}
{"target": -13.758985551817515, "params": {"gamma": 131.60343343198332, "log10_alpha": -0.9187491583617486, "log10_colsample_bytree": -0.5272110012486152, "log10_eta": -1.896723913470515, "log10_lambda": -0.6563185617816361, "log10_min_child_weight": 1.1942208581114278, "log10_subsample": -0.8009925519592094, "max_depth": 5.0, "num_boost_round": 28.0}, "datetime": {"datetime": "2024-01-19 00:54:02", "elapsed": 2549.634255, "delta": 0.002685}}
{"target": -13.759101932350656, "params": {"gamma": 131.60343343198332, "log10_alpha": -0.9187491583617486, "log10_colsample_bytree": -0.5272110012486152, "log10_eta": -1.896723913470515, "log10_lambda": -0.6563185617816361, "log10_min_child_weight": 1.1942208581114278, "log10_subsample": -0.8009925519592094, "max_depth": 5.0, "num_boost_round": 29.0}, "datetime": {"datetime": "2024-01-19 00:54:02", "elapsed": 2549.63693, "delta": 0.002675}}
{"target": -13.75929256036285, "params": {"gamma": 131.60343343198332, "log10_alpha": -0.9187491583617486, "log10_colsample_bytree": -0.5272110012486152, "log10_eta": -1.896723913470515, "log10_lambda": -0.6563185617816361, "log10_min_child_weight": 1.1942208581114278, "log10_subsample": -0.8009925519592094, "max_depth": 5.0, "num_boost_round": 30.0}, "datetime": {"datetime": "2024-01-19 00:54:02", "elapsed": 2549.63971, "delta": 0.00278}}
{"target": -13.758537727521396, "params": {"gamma": 126.15417053104005, "log10_alpha": 0.20897525201519684, "log10_colsample_bytree": -0.40933752796379985, "log10_eta": -3.7307618101889077, "log10_lambda": -3.1245238348760687, "log10_min_child_weight": 4.889878581928061, "log10_subsample": -0.39303903709792887, "max_depth": 3.0, "num_boost_round": 0.0}, "datetime": {"datetime": "2024-01-19 00:54:35", "elapsed": 2582.610423, "delta": 32.970713}}
{"target": -13.758536883386183, "params": {"gamma": 126.15417053104005, "log10_alpha": 0.20897525201519684, "log10_colsample_bytree": -0.40933752796379985, "log10_eta": -3.7307618101889077, "log10_lambda": -3.1245238348760687, "log10_min_child_weight": 4.889878581928061, "log10_subsample": -0.39303903709792887, "max_depth": 3.0, "num_boost_round": 1.0}, "datetime": {"datetime": "2024-01-19 00:54:35", "elapsed": 2582.614326, "delta": 0.003903}}
{"target": -13.758536532993201, "params": {"gamma": 126.15417053104005, "log10_alpha": 0.20897525201519684, "log10_colsample_bytree": -0.40933752796379985, "log10_eta": -3.7307618101889077, "log10_lambda": -3.1245238348760687, "log10_min_child_weight": 4.889878581928061, "log10_subsample": -0.39303903709792887, "max_depth": 3.0, "num_boost_round": 2.0}, "datetime": {"datetime": "2024-01-19 00:54:35", "elapsed": 2582.617379, "delta": 0.003053}}
{"target": -13.758536213308894, "params": {"gamma": 126.15417053104005, "log10_alpha": 0.20897525201519684, "log10_colsample_bytree": -0.40933752796379985, "log10_eta": -3.7307618101889077, "log10_lambda": -3.1245238348760687, "log10_min_child_weight": 4.889878581928061, "log10_subsample": -0.39303903709792887, "max_depth": 3.0, "num_boost_round": 3.0}, "datetime": {"datetime": "2024-01-19 00:54:35", "elapsed": 2582.620147, "delta": 0.002768}}
{"target": -13.758535588539642, "params": {"gamma": 126.15417053104005, "log10_alpha": 0.20897525201519684, "log10_colsample_bytree": -0.40933752796379985, "log10_eta": -3.7307618101889077, "log10_lambda": -3.1245238348760687, "log10_min_child_weight": 4.889878581928061, "log10_subsample": -0.39303903709792887, "max_depth": 3.0, "num_boost_round": 4.0}, "datetime": {"datetime": "2024-01-19 00:54:35", "elapsed": 2582.622828, "delta": 0.002681}}
{"target": -13.75853565814376, "params": {"gamma": 126.15417053104005, "log10_alpha": 0.20897525201519684, "log10_colsample_bytree": -0.40933752796379985, "log10_eta": -3.7307618101889077, "log10_lambda": -3.1245238348760687, "log10_min_child_weight": 4.889878581928061, "log10_subsample": -0.39303903709792887, "max_depth": 3.0, "num_boost_round": 5.0}, "datetime": {"datetime": "2024-01-19 00:54:35", "elapsed": 2582.625452, "delta": 0.002624}}
{"target": -13.75853552273126, "params": {"gamma": 126.15417053104005, "log10_alpha": 0.20897525201519684, "log10_colsample_bytree": -0.40933752796379985, "log10_eta": -3.7307618101889077, "log10_lambda": -3.1245238348760687, "log10_min_child_weight": 4.889878581928061, "log10_subsample": -0.39303903709792887, "max_depth": 3.0, "num_boost_round": 6.0}, "datetime": {"datetime": "2024-01-19 00:54:35", "elapsed": 2582.628085, "delta": 0.002633}}
{"target": -13.758535636801566, "params": {"gamma": 126.15417053104005, "log10_alpha": 0.20897525201519684, "log10_colsample_bytree": -0.40933752796379985, "log10_eta": -3.7307618101889077, "log10_lambda": -3.1245238348760687, "log10_min_child_weight": 4.889878581928061, "log10_subsample": -0.39303903709792887, "max_depth": 3.0, "num_boost_round": 7.0}, "datetime": {"datetime": "2024-01-19 00:54:35", "elapsed": 2582.630762, "delta": 0.002677}}
{"target": -13.758536425567527, "params": {"gamma": 126.15417053104005, "log10_alpha": 0.20897525201519684, "log10_colsample_bytree": -0.40933752796379985, "log10_eta": -3.7307618101889077, "log10_lambda": -3.1245238348760687, "log10_min_child_weight": 4.889878581928061, "log10_subsample": -0.39303903709792887, "max_depth": 3.0, "num_boost_round": 8.0}, "datetime": {"datetime": "2024-01-19 00:54:35", "elapsed": 2582.633342, "delta": 0.00258}}
{"target": -13.75853640332357, "params": {"gamma": 126.15417053104005, "log10_alpha": 0.20897525201519684, "log10_colsample_bytree": -0.40933752796379985, "log10_eta": -3.7307618101889077, "log10_lambda": -3.1245238348760687, "log10_min_child_weight": 4.889878581928061, "log10_subsample": -0.39303903709792887, "max_depth": 3.0, "num_boost_round": 9.0}, "datetime": {"datetime": "2024-01-19 00:54:35", "elapsed": 2582.635939, "delta": 0.002597}}
{"target": -13.758536518754664, "params": {"gamma": 126.15417053104005, "log10_alpha": 0.20897525201519684, "log10_colsample_bytree": -0.40933752796379985, "log10_eta": -3.7307618101889077, "log10_lambda": -3.1245238348760687, "log10_min_child_weight": 4.889878581928061, "log10_subsample": -0.39303903709792887, "max_depth": 3.0, "num_boost_round": 10.0}, "datetime": {"datetime": "2024-01-19 00:54:35", "elapsed": 2582.638627, "delta": 0.002688}}
{"target": -13.758535598525429, "params": {"gamma": 126.15417053104005, "log10_alpha": 0.20897525201519684, "log10_colsample_bytree": -0.40933752796379985, "log10_eta": -3.7307618101889077, "log10_lambda": -3.1245238348760687, "log10_min_child_weight": 4.889878581928061, "log10_subsample": -0.39303903709792887, "max_depth": 3.0, "num_boost_round": 11.0}, "datetime": {"datetime": "2024-01-19 00:54:35", "elapsed": 2582.64143, "delta": 0.002803}}
{"target": -13.75853549228629, "params": {"gamma": 126.15417053104005, "log10_alpha": 0.20897525201519684, "log10_colsample_bytree": -0.40933752796379985, "log10_eta": -3.7307618101889077, "log10_lambda": -3.1245238348760687, "log10_min_child_weight": 4.889878581928061, "log10_subsample": -0.39303903709792887, "max_depth": 3.0, "num_boost_round": 12.0}, "datetime": {"datetime": "2024-01-19 00:54:35", "elapsed": 2582.64423, "delta": 0.0028}}
{"target": -13.758535337095037, "params": {"gamma": 126.15417053104005, "log10_alpha": 0.20897525201519684, "log10_colsample_bytree": -0.40933752796379985, "log10_eta": -3.7307618101889077, "log10_lambda": -3.1245238348760687, "log10_min_child_weight": 4.889878581928061, "log10_subsample": -0.39303903709792887, "max_depth": 3.0, "num_boost_round": 13.0}, "datetime": {"datetime": "2024-01-19 00:54:35", "elapsed": 2582.647046, "delta": 0.002816}}
{"target": -13.758535438076324, "params": {"gamma": 126.15417053104005, "log10_alpha": 0.20897525201519684, "log10_colsample_bytree": -0.40933752796379985, "log10_eta": -3.7307618101889077, "log10_lambda": -3.1245238348760687, "log10_min_child_weight": 4.889878581928061, "log10_subsample": -0.39303903709792887, "max_depth": 3.0, "num_boost_round": 14.0}, "datetime": {"datetime": "2024-01-19 00:54:35", "elapsed": 2582.649665, "delta": 0.002619}}
{"target": -13.758533745497793, "params": {"gamma": 126.15417053104005, "log10_alpha": 0.20897525201519684, "log10_colsample_bytree": -0.40933752796379985, "log10_eta": -3.7307618101889077, "log10_lambda": -3.1245238348760687, "log10_min_child_weight": 4.889878581928061, "log10_subsample": -0.39303903709792887, "max_depth": 3.0, "num_boost_round": 15.0}, "datetime": {"datetime": "2024-01-19 00:54:35", "elapsed": 2582.652351, "delta": 0.002686}}
{"target": -13.758533126520478, "params": {"gamma": 126.15417053104005, "log10_alpha": 0.20897525201519684, "log10_colsample_bytree": -0.40933752796379985, "log10_eta": -3.7307618101889077, "log10_lambda": -3.1245238348760687, "log10_min_child_weight": 4.889878581928061, "log10_subsample": -0.39303903709792887, "max_depth": 3.0, "num_boost_round": 16.0}, "datetime": {"datetime": "2024-01-19 00:54:35", "elapsed": 2582.654935, "delta": 0.002584}}
{"target": -13.758532879124903, "params": {"gamma": 126.15417053104005, "log10_alpha": 0.20897525201519684, "log10_colsample_bytree": -0.40933752796379985, "log10_eta": -3.7307618101889077, "log10_lambda": -3.1245238348760687, "log10_min_child_weight": 4.889878581928061, "log10_subsample": -0.39303903709792887, "max_depth": 3.0, "num_boost_round": 17.0}, "datetime": {"datetime": "2024-01-19 00:54:35", "elapsed": 2582.657583, "delta": 0.002648}}
{"target": -13.758532334848796, "params": {"gamma": 126.15417053104005, "log10_alpha": 0.20897525201519684, "log10_colsample_bytree": -0.40933752796379985, "log10_eta": -3.7307618101889077, "log10_lambda": -3.1245238348760687, "log10_min_child_weight": 4.889878581928061, "log10_subsample": -0.39303903709792887, "max_depth": 3.0, "num_boost_round": 18.0}, "datetime": {"datetime": "2024-01-19 00:54:35", "elapsed": 2582.660299, "delta": 0.002716}}
{"target": -13.758530913645714, "params": {"gamma": 126.15417053104005, "log10_alpha": 0.20897525201519684, "log10_colsample_bytree": -0.40933752796379985, "log10_eta": -3.7307618101889077, "log10_lambda": -3.1245238348760687, "log10_min_child_weight": 4.889878581928061, "log10_subsample": -0.39303903709792887, "max_depth": 3.0, "num_boost_round": 19.0}, "datetime": {"datetime": "2024-01-19 00:54:35", "elapsed": 2582.662899, "delta": 0.0026}}
{"target": -13.758595780969147, "params": {"gamma": 165.87024211907809, "log10_alpha": 0.5039371170497002, "log10_colsample_bytree": -0.361099147437982, "log10_eta": -2.7945656474772074, "log10_lambda": -4.108090002654616, "log10_min_child_weight": 1.5368920853032413, "log10_subsample": -0.5880542866805495, "max_depth": 7.0, "num_boost_round": 0.0}, "datetime": {"datetime": "2024-01-19 00:55:01", "elapsed": 2609.081469, "delta": 26.41857}}
{"target": -13.758525963385203, "params": {"gamma": 165.87024211907809, "log10_alpha": 0.5039371170497002, "log10_colsample_bytree": -0.361099147437982, "log10_eta": -2.7945656474772074, "log10_lambda": -4.108090002654616, "log10_min_child_weight": 1.5368920853032413, "log10_subsample": -0.5880542866805495, "max_depth": 7.0, "num_boost_round": 1.0}, "datetime": {"datetime": "2024-01-19 00:55:01", "elapsed": 2609.084842, "delta": 0.003373}}
{"target": -13.758501362778256, "params": {"gamma": 165.87024211907809, "log10_alpha": 0.5039371170497002, "log10_colsample_bytree": -0.361099147437982, "log10_eta": -2.7945656474772074, "log10_lambda": -4.108090002654616, "log10_min_child_weight": 1.5368920853032413, "log10_subsample": -0.5880542866805495, "max_depth": 7.0, "num_boost_round": 2.0}, "datetime": {"datetime": "2024-01-19 00:55:01", "elapsed": 2609.087739, "delta": 0.002897}}
{"target": -13.75841987987964, "params": {"gamma": 165.87024211907809, "log10_alpha": 0.5039371170497002, "log10_colsample_bytree": -0.361099147437982, "log10_eta": -2.7945656474772074, "log10_lambda": -4.108090002654616, "log10_min_child_weight": 1.5368920853032413, "log10_subsample": -0.5880542866805495, "max_depth": 7.0, "num_boost_round": 3.0}, "datetime": {"datetime": "2024-01-19 00:55:01", "elapsed": 2609.09051, "delta": 0.002771}}
{"target": -13.758321332506625, "params": {"gamma": 165.87024211907809, "log10_alpha": 0.5039371170497002, "log10_colsample_bytree": -0.361099147437982, "log10_eta": -2.7945656474772074, "log10_lambda": -4.108090002654616, "log10_min_child_weight": 1.5368920853032413, "log10_subsample": -0.5880542866805495, "max_depth": 7.0, "num_boost_round": 4.0}, "datetime": {"datetime": "2024-01-19 00:55:01", "elapsed": 2609.093221, "delta": 0.002711}}
{"target": -13.758335594898051, "params": {"gamma": 165.87024211907809, "log10_alpha": 0.5039371170497002, "log10_colsample_bytree": -0.361099147437982, "log10_eta": -2.7945656474772074, "log10_lambda": -4.108090002654616, "log10_min_child_weight": 1.5368920853032413, "log10_subsample": -0.5880542866805495, "max_depth": 7.0, "num_boost_round": 5.0}, "datetime": {"datetime": "2024-01-19 00:55:01", "elapsed": 2609.095861, "delta": 0.00264}}
{"target": -13.758341210357447, "params": {"gamma": 165.87024211907809, "log10_alpha": 0.5039371170497002, "log10_colsample_bytree": -0.361099147437982, "log10_eta": -2.7945656474772074, "log10_lambda": -4.108090002654616, "log10_min_child_weight": 1.5368920853032413, "log10_subsample": -0.5880542866805495, "max_depth": 7.0, "num_boost_round": 6.0}, "datetime": {"datetime": "2024-01-19 00:55:01", "elapsed": 2609.098534, "delta": 0.002673}}
{"target": -13.75822344099262, "params": {"gamma": 165.87024211907809, "log10_alpha": 0.5039371170497002, "log10_colsample_bytree": -0.361099147437982, "log10_eta": -2.7945656474772074, "log10_lambda": -4.108090002654616, "log10_min_child_weight": 1.5368920853032413, "log10_subsample": -0.5880542866805495, "max_depth": 7.0, "num_boost_round": 7.0}, "datetime": {"datetime": "2024-01-19 00:55:01", "elapsed": 2609.101288, "delta": 0.002754}}
{"target": -13.75814336572747, "params": {"gamma": 165.87024211907809, "log10_alpha": 0.5039371170497002, "log10_colsample_bytree": -0.361099147437982, "log10_eta": -2.7945656474772074, "log10_lambda": -4.108090002654616, "log10_min_child_weight": 1.5368920853032413, "log10_subsample": -0.5880542866805495, "max_depth": 7.0, "num_boost_round": 8.0}, "datetime": {"datetime": "2024-01-19 00:55:01", "elapsed": 2609.103894, "delta": 0.002606}}
{"target": -13.75814819569514, "params": {"gamma": 165.87024211907809, "log10_alpha": 0.5039371170497002, "log10_colsample_bytree": -0.361099147437982, "log10_eta": -2.7945656474772074, "log10_lambda": -4.108090002654616, "log10_min_child_weight": 1.5368920853032413, "log10_subsample": -0.5880542866805495, "max_depth": 7.0, "num_boost_round": 9.0}, "datetime": {"datetime": "2024-01-19 00:55:01", "elapsed": 2609.106531, "delta": 0.002637}}
{"target": -13.758110938786366, "params": {"gamma": 165.87024211907809, "log10_alpha": 0.5039371170497002, "log10_colsample_bytree": -0.361099147437982, "log10_eta": -2.7945656474772074, "log10_lambda": -4.108090002654616, "log10_min_child_weight": 1.5368920853032413, "log10_subsample": -0.5880542866805495, "max_depth": 7.0, "num_boost_round": 10.0}, "datetime": {"datetime": "2024-01-19 00:55:01", "elapsed": 2609.109158, "delta": 0.002627}}
{"target": -13.758539675816126, "params": {"gamma": 124.7912148400403, "log10_alpha": -1.7672760186663048, "log10_colsample_bytree": -0.9697784950531547, "log10_eta": -2.9390060375501714, "log10_lambda": -1.1768851091939365, "log10_min_child_weight": 4.670969410491961, "log10_subsample": -0.09570502494629918, "max_depth": 6.0, "num_boost_round": 0.0}, "datetime": {"datetime": "2024-01-19 00:55:43", "elapsed": 2650.930491, "delta": 41.821333}}
{"target": -13.75853107970254, "params": {"gamma": 124.7912148400403, "log10_alpha": -1.7672760186663048, "log10_colsample_bytree": -0.9697784950531547, "log10_eta": -2.9390060375501714, "log10_lambda": -1.1768851091939365, "log10_min_child_weight": 4.670969410491961, "log10_subsample": -0.09570502494629918, "max_depth": 6.0, "num_boost_round": 1.0}, "datetime": {"datetime": "2024-01-19 00:55:43", "elapsed": 2650.934057, "delta": 0.003566}}
{"target": -13.758530780463511, "params": {"gamma": 124.7912148400403, "log10_alpha": -1.7672760186663048, "log10_colsample_bytree": -0.9697784950531547, "log10_eta": -2.9390060375501714, "log10_lambda": -1.1768851091939365, "log10_min_child_weight": 4.670969410491961, "log10_subsample": -0.09570502494629918, "max_depth": 6.0, "num_boost_round": 2.0}, "datetime": {"datetime": "2024-01-19 00:55:43", "elapsed": 2650.93689, "delta": 0.002833}}
{"target": -13.758532462440586, "params": {"gamma": 124.7912148400403, "log10_alpha": -1.7672760186663048, "log10_colsample_bytree": -0.9697784950531547, "log10_eta": -2.9390060375501714, "log10_lambda": -1.1768851091939365, "log10_min_child_weight": 4.670969410491961, "log10_subsample": -0.09570502494629918, "max_depth": 6.0, "num_boost_round": 3.0}, "datetime": {"datetime": "2024-01-19 00:55:43", "elapsed": 2650.939758, "delta": 0.002868}}
{"target": -13.75853197446129, "params": {"gamma": 124.7912148400403, "log10_alpha": -1.7672760186663048, "log10_colsample_bytree": -0.9697784950531547, "log10_eta": -2.9390060375501714, "log10_lambda": -1.1768851091939365, "log10_min_child_weight": 4.670969410491961, "log10_subsample": -0.09570502494629918, "max_depth": 6.0, "num_boost_round": 4.0}, "datetime": {"datetime": "2024-01-19 00:55:43", "elapsed": 2650.942545, "delta": 0.002787}}
{"target": -13.758524258429562, "params": {"gamma": 124.7912148400403, "log10_alpha": -1.7672760186663048, "log10_colsample_bytree": -0.9697784950531547, "log10_eta": -2.9390060375501714, "log10_lambda": -1.1768851091939365, "log10_min_child_weight": 4.670969410491961, "log10_subsample": -0.09570502494629918, "max_depth": 6.0, "num_boost_round": 5.0}, "datetime": {"datetime": "2024-01-19 00:55:43", "elapsed": 2650.945314, "delta": 0.002769}}
