{"target": -13.757072108713768, "params": {"gamma": 26.761088033118384, "log10_alpha": 0.19880536149293881, "log10_colsample_bytree": -0.55309589144656, "log10_eta": -1.6679823242956737, "log10_lambda": -2.9545655796283867, "log10_min_child_weight": 2.197104987504926, "log10_subsample": -0.244298244054312, "max_depth": 9.0, "num_boost_round": 19.0}, "datetime": {"datetime": "2024-01-19 01:48:12", "elapsed": 5800.250187, "delta": 0.005058}}
{"target": -13.757426091416129, "params": {"gamma": 26.761088033118384, "log10_alpha": 0.19880536149293881, "log10_colsample_bytree": -0.55309589144656, "log10_eta": -1.6679823242956737, "log10_lambda": -2.9545655796283867, "log10_min_child_weight": 2.197104987504926, "log10_subsample": -0.244298244054312, "max_depth": 9.0, "num_boost_round": 20.0}, "datetime": {"datetime": "2024-01-19 01:48:12", "elapsed": 5800.255136, "delta": 0.004949}}
{"target": -13.757798804052864, "params": {"gamma": 26.761088033118384, "log10_alpha": 0.19880536149293881, "log10_colsample_bytree": -0.55309589144656, "log10_eta": -1.6679823242956737, "log10_lambda": -2.9545655796283867, "log10_min_child_weight": 2.197104987504926, "log10_subsample": -0.244298244054312, "max_depth": 9.0, "num_boost_round": 21.0}, "datetime": {"datetime": "2024-01-19 01:48:12", "elapsed": 5800.260854, "delta": 0.005718}}
{"target": -13.759881330363465, "params": {"gamma": 26.761088033118384, "log10_alpha": 0.19880536149293881, "log10_colsample_bytree": -0.55309589144656, "log10_eta": -1.6679823242956737, "log10_lambda": -2.9545655796283867, "log10_min_child_weight": 2.197104987504926, "log10_subsample": -0.244298244054312, "max_depth": 9.0, "num_boost_round": 22.0}, "datetime": {"datetime": "2024-01-19 01:48:12", "elapsed": 5800.26596, "delta": 0.005106}}
{"target": -13.760317116502824, "params": {"gamma": 26.761088033118384, "log10_alpha": 0.19880536149293881, "log10_colsample_bytree": -0.55309589144656, "log10_eta": -1.6679823242956737, "log10_lambda": -2.9545655796283867, "log10_min_child_weight": 2.197104987504926, "log10_subsample": -0.244298244054312, "max_depth": 9.0, "num_boost_round": 23.0}, "datetime": {"datetime": "2024-01-19 01:48:12", "elapsed": 5800.270935, "delta": 0.004975}}
{"target": -13.761080366518497, "params": {"gamma": 26.761088033118384, "log10_alpha": 0.19880536149293881, "log10_colsample_bytree": -0.55309589144656, "log10_eta": -1.6679823242956737, "log10_lambda": -2.9545655796283867, "log10_min_child_weight": 2.197104987504926, "log10_subsample": -0.244298244054312, "max_depth": 9.0, "num_boost_round": 24.0}, "datetime": {"datetime": "2024-01-19 01:48:12", "elapsed": 5800.275882, "delta": 0.004947}}
{"target": -13.761401479327123, "params": {"gamma": 26.761088033118384, "log10_alpha": 0.19880536149293881, "log10_colsample_bytree": -0.55309589144656, "log10_eta": -1.6679823242956737, "log10_lambda": -2.9545655796283867, "log10_min_child_weight": 2.197104987504926, "log10_subsample": -0.244298244054312, "max_depth": 9.0, "num_boost_round": 25.0}, "datetime": {"datetime": "2024-01-19 01:48:12", "elapsed": 5800.280834, "delta": 0.004952}}
{"target": -13.762733654978222, "params": {"gamma": 26.761088033118384, "log10_alpha": 0.19880536149293881, "log10_colsample_bytree": -0.55309589144656, "log10_eta": -1.6679823242956737, "log10_lambda": -2.9545655796283867, "log10_min_child_weight": 2.197104987504926, "log10_subsample": -0.244298244054312, "max_depth": 9.0, "num_boost_round": 26.0}, "datetime": {"datetime": "2024-01-19 01:48:12", "elapsed": 5800.28634, "delta": 0.005506}}
{"target": -13.763141396931895, "params": {"gamma": 26.761088033118384, "log10_alpha": 0.19880536149293881, "log10_colsample_bytree": -0.55309589144656, "log10_eta": -1.6679823242956737, "log10_lambda": -2.9545655796283867, "log10_min_child_weight": 2.197104987504926, "log10_subsample": -0.244298244054312, "max_depth": 9.0, "num_boost_round": 27.0}, "datetime": {"datetime": "2024-01-19 01:48:12", "elapsed": 5800.29191, "delta": 0.00557}}
{"target": -13.763586897399746, "params": {"gamma": 26.761088033118384, "log10_alpha": 0.19880536149293881, "log10_colsample_bytree": -0.55309589144656, "log10_eta": -1.6679823242956737, "log10_lambda": -2.9545655796283867, "log10_min_child_weight": 2.197104987504926, "log10_subsample": -0.244298244054312, "max_depth": 9.0, "num_boost_round": 28.0}, "datetime": {"datetime": "2024-01-19 01:48:12", "elapsed": 5800.296917, "delta": 0.005007}}
{"target": -13.763942146634495, "params": {"gamma": 26.761088033118384, "log10_alpha": 0.19880536149293881, "log10_colsample_bytree": -0.55309589144656, "log10_eta": -1.6679823242956737, "log10_lambda": -2.9545655796283867, "log10_min_child_weight": 2.197104987504926, "log10_subsample": -0.244298244054312, "max_depth": 9.0, "num_boost_round": 29.0}, "datetime": {"datetime": "2024-01-19 01:48:12", "elapsed": 5800.301948, "delta": 0.005031}}
{"target": -13.764741510960066, "params": {"gamma": 26.761088033118384, "log10_alpha": 0.19880536149293881, "log10_colsample_bytree": -0.55309589144656, "log10_eta": -1.6679823242956737, "log10_lambda": -2.9545655796283867, "log10_min_child_weight": 2.197104987504926, "log10_subsample": -0.244298244054312, "max_depth": 9.0, "num_boost_round": 30.0}, "datetime": {"datetime": "2024-01-19 01:48:12", "elapsed": 5800.307349, "delta": 0.005401}}
{"target": -13.764748494711169, "params": {"gamma": 26.761088033118384, "log10_alpha": 0.19880536149293881, "log10_colsample_bytree": -0.55309589144656, "log10_eta": -1.6679823242956737, "log10_lambda": -2.9545655796283867, "log10_min_child_weight": 2.197104987504926, "log10_subsample": -0.244298244054312, "max_depth": 9.0, "num_boost_round": 31.0}, "datetime": {"datetime": "2024-01-19 01:48:12", "elapsed": 5800.312318, "delta": 0.004969}}
{"target": -13.765261992931379, "params": {"gamma": 26.761088033118384, "log10_alpha": 0.19880536149293881, "log10_colsample_bytree": -0.55309589144656, "log10_eta": -1.6679823242956737, "log10_lambda": -2.9545655796283867, "log10_min_child_weight": 2.197104987504926, "log10_subsample": -0.244298244054312, "max_depth": 9.0, "num_boost_round": 32.0}, "datetime": {"datetime": "2024-01-19 01:48:12", "elapsed": 5800.317294, "delta": 0.004976}}
{"target": -13.766707652626524, "params": {"gamma": 26.761088033118384, "log10_alpha": 0.19880536149293881, "log10_colsample_bytree": -0.55309589144656, "log10_eta": -1.6679823242956737, "log10_lambda": -2.9545655796283867, "log10_min_child_weight": 2.197104987504926, "log10_subsample": -0.244298244054312, "max_depth": 9.0, "num_boost_round": 33.0}, "datetime": {"datetime": "2024-01-19 01:48:12", "elapsed": 5800.322248, "delta": 0.004954}}
{"target": -13.768339349722641, "params": {"gamma": 26.761088033118384, "log10_alpha": 0.19880536149293881, "log10_colsample_bytree": -0.55309589144656, "log10_eta": -1.6679823242956737, "log10_lambda": -2.9545655796283867, "log10_min_child_weight": 2.197104987504926, "log10_subsample": -0.244298244054312, "max_depth": 9.0, "num_boost_round": 34.0}, "datetime": {"datetime": "2024-01-19 01:48:12", "elapsed": 5800.327382, "delta": 0.005134}}
{"target": -13.769210391097083, "params": {"gamma": 26.761088033118384, "log10_alpha": 0.19880536149293881, "log10_colsample_bytree": -0.55309589144656, "log10_eta": -1.6679823242956737, "log10_lambda": -2.9545655796283867, "log10_min_child_weight": 2.197104987504926, "log10_subsample": -0.244298244054312, "max_depth": 9.0, "num_boost_round": 35.0}, "datetime": {"datetime": "2024-01-19 01:48:12", "elapsed": 5800.332395, "delta": 0.005013}}
{"target": -13.770789949700534, "params": {"gamma": 26.761088033118384, "log10_alpha": 0.19880536149293881, "log10_colsample_bytree": -0.55309589144656, "log10_eta": -1.6679823242956737, "log10_lambda": -2.9545655796283867, "log10_min_child_weight": 2.197104987504926, "log10_subsample": -0.244298244054312, "max_depth": 9.0, "num_boost_round": 36.0}, "datetime": {"datetime": "2024-01-19 01:48:12", "elapsed": 5800.337354, "delta": 0.004959}}
{"target": -13.771778308813193, "params": {"gamma": 26.761088033118384, "log10_alpha": 0.19880536149293881, "log10_colsample_bytree": -0.55309589144656, "log10_eta": -1.6679823242956737, "log10_lambda": -2.9545655796283867, "log10_min_child_weight": 2.197104987504926, "log10_subsample": -0.244298244054312, "max_depth": 9.0, "num_boost_round": 37.0}, "datetime": {"datetime": "2024-01-19 01:48:12", "elapsed": 5800.342356, "delta": 0.005002}}
{"target": -13.758539118446503, "params": {"gamma": 59.80007269328402, "log10_alpha": -3.8457582433342417, "log10_colsample_bytree": -0.8570134065848121, "log10_eta": -3.737993883089711, "log10_lambda": -3.1573424088710906, "log10_min_child_weight": 3.451236577699597, "log10_subsample": -0.41275214233747703, "max_depth": 2.0, "num_boost_round": 0.0}, "datetime": {"datetime": "2024-01-19 01:48:53", "elapsed": 5842.107233, "delta": 41.764877}}
{"target": -13.758540157062837, "params": {"gamma": 59.80007269328402, "log10_alpha": -3.8457582433342417, "log10_colsample_bytree": -0.8570134065848121, "log10_eta": -3.737993883089711, "log10_lambda": -3.1573424088710906, "log10_min_child_weight": 3.451236577699597, "log10_subsample": -0.41275214233747703, "max_depth": 2.0, "num_boost_round": 1.0}, "datetime": {"datetime": "2024-01-19 01:48:53", "elapsed": 5842.113259, "delta": 0.006026}}
{"target": -13.75853938152006, "params": {"gamma": 59.80007269328402, "log10_alpha": -3.8457582433342417, "log10_colsample_bytree": -0.8570134065848121, "log10_eta": -3.737993883089711, "log10_lambda": -3.1573424088710906, "log10_min_child_weight": 3.451236577699597, "log10_subsample": -0.41275214233747703, "max_depth": 2.0, "num_boost_round": 2.0}, "datetime": {"datetime": "2024-01-19 01:48:54", "elapsed": 5842.229641, "delta": 0.116382}}
{"target": -13.758538791253876, "params": {"gamma": 59.80007269328402, "log10_alpha": -3.8457582433342417, "log10_colsample_bytree": -0.8570134065848121, "log10_eta": -3.737993883089711, "log10_lambda": -3.1573424088710906, "log10_min_child_weight": 3.451236577699597, "log10_subsample": -0.41275214233747703, "max_depth": 2.0, "num_boost_round": 3.0}, "datetime": {"datetime": "2024-01-19 01:48:54", "elapsed": 5842.235324, "delta": 0.005683}}
{"target": -13.758537504987247, "params": {"gamma": 59.80007269328402, "log10_alpha": -3.8457582433342417, "log10_colsample_bytree": -0.8570134065848121, "log10_eta": -3.737993883089711, "log10_lambda": -3.1573424088710906, "log10_min_child_weight": 3.451236577699597, "log10_subsample": -0.41275214233747703, "max_depth": 2.0, "num_boost_round": 4.0}, "datetime": {"datetime": "2024-01-19 01:48:54", "elapsed": 5842.240421, "delta": 0.005097}}
{"target": -13.758536149359006, "params": {"gamma": 59.80007269328402, "log10_alpha": -3.8457582433342417, "log10_colsample_bytree": -0.8570134065848121, "log10_eta": -3.737993883089711, "log10_lambda": -3.1573424088710906, "log10_min_child_weight": 3.451236577699597, "log10_subsample": -0.41275214233747703, "max_depth": 2.0, "num_boost_round": 5.0}, "datetime": {"datetime": "2024-01-19 01:48:54", "elapsed": 5842.245504, "delta": 0.005083}}
{"target": -13.758536983188144, "params": {"gamma": 59.80007269328402, "log10_alpha": -3.8457582433342417, "log10_colsample_bytree": -0.8570134065848121, "log10_eta": -3.737993883089711, "log10_lambda": -3.1573424088710906, "log10_min_child_weight": 3.451236577699597, "log10_subsample": -0.41275214233747703, "max_depth": 2.0, "num_boost_round": 6.0}, "datetime": {"datetime": "2024-01-19 01:48:54", "elapsed": 5842.250556, "delta": 0.005052}}
{"target": -13.758535681283364, "params": {"gamma": 59.80007269328402, "log10_alpha": -3.8457582433342417, "log10_colsample_bytree": -0.8570134065848121, "log10_eta": -3.737993883089711, "log10_lambda": -3.1573424088710906, "log10_min_child_weight": 3.451236577699597, "log10_subsample": -0.41275214233747703, "max_depth": 2.0, "num_boost_round": 7.0}, "datetime": {"datetime": "2024-01-19 01:48:54", "elapsed": 5842.255534, "delta": 0.004978}}
{"target": -13.758534712877903, "params": {"gamma": 59.80007269328402, "log10_alpha": -3.8457582433342417, "log10_colsample_bytree": -0.8570134065848121, "log10_eta": -3.737993883089711, "log10_lambda": -3.1573424088710906, "log10_min_child_weight": 3.451236577699597, "log10_subsample": -0.41275214233747703, "max_depth": 2.0, "num_boost_round": 8.0}, "datetime": {"datetime": "2024-01-19 01:48:54", "elapsed": 5842.261052, "delta": 0.005518}}
{"target": -13.758532972284623, "params": {"gamma": 59.80007269328402, "log10_alpha": -3.8457582433342417, "log10_colsample_bytree": -0.8570134065848121, "log10_eta": -3.737993883089711, "log10_lambda": -3.1573424088710906, "log10_min_child_weight": 3.451236577699597, "log10_subsample": -0.41275214233747703, "max_depth": 2.0, "num_boost_round": 9.0}, "datetime": {"datetime": "2024-01-19 01:48:54", "elapsed": 5842.266638, "delta": 0.005586}}
{"target": -13.758530365359066, "params": {"gamma": 59.80007269328402, "log10_alpha": -3.8457582433342417, "log10_colsample_bytree": -0.8570134065848121, "log10_eta": -3.737993883089711, "log10_lambda": -3.1573424088710906, "log10_min_child_weight": 3.451236577699597, "log10_subsample": -0.41275214233747703, "max_depth": 2.0, "num_boost_round": 10.0}, "datetime": {"datetime": "2024-01-19 01:48:54", "elapsed": 5842.271725, "delta": 0.005087}}
{"target": -13.758528460191812, "params": {"gamma": 59.80007269328402, "log10_alpha": -3.8457582433342417, "log10_colsample_bytree": -0.8570134065848121, "log10_eta": -3.737993883089711, "log10_lambda": -3.1573424088710906, "log10_min_child_weight": 3.451236577699597, "log10_subsample": -0.41275214233747703, "max_depth": 2.0, "num_boost_round": 11.0}, "datetime": {"datetime": "2024-01-19 01:48:54", "elapsed": 5842.276808, "delta": 0.005083}}
{"target": -13.758527561494144, "params": {"gamma": 59.80007269328402, "log10_alpha": -3.8457582433342417, "log10_colsample_bytree": -0.8570134065848121, "log10_eta": -3.737993883089711, "log10_lambda": -3.1573424088710906, "log10_min_child_weight": 3.451236577699597, "log10_subsample": -0.41275214233747703, "max_depth": 2.0, "num_boost_round": 12.0}, "datetime": {"datetime": "2024-01-19 01:48:54", "elapsed": 5842.282524, "delta": 0.005716}}
{"target": -13.758537798356636, "params": {"gamma": 26.640992718424016, "log10_alpha": -0.9164958244124497, "log10_colsample_bytree": -0.8926610148073056, "log10_eta": -3.7877226908119064, "log10_lambda": -2.7879669736472055, "log10_min_child_weight": 4.320377426217002, "log10_subsample": -0.7167289785537352, "max_depth": 7.0, "num_boost_round": 0.0}, "datetime": {"datetime": "2024-01-19 01:49:51", "elapsed": 5899.957295, "delta": 57.674771}}
{"target": -13.758536120579082, "params": {"gamma": 26.640992718424016, "log10_alpha": -0.9164958244124497, "log10_colsample_bytree": -0.8926610148073056, "log10_eta": -3.7877226908119064, "log10_lambda": -2.7879669736472055, "log10_min_child_weight": 4.320377426217002, "log10_subsample": -0.7167289785537352, "max_depth": 7.0, "num_boost_round": 1.0}, "datetime": {"datetime": "2024-01-19 01:49:51", "elapsed": 5899.962847, "delta": 0.005552}}
{"target": -13.75853605040723, "params": {"gamma": 26.640992718424016, "log10_alpha": -0.9164958244124497, "log10_colsample_bytree": -0.8926610148073056, "log10_eta": -3.7877226908119064, "log10_lambda": -2.7879669736472055, "log10_min_child_weight": 4.320377426217002, "log10_subsample": -0.7167289785537352, "max_depth": 7.0, "num_boost_round": 2.0}, "datetime": {"datetime": "2024-01-19 01:49:51", "elapsed": 5899.967969, "delta": 0.005122}}
{"target": -13.758536549538679, "params": {"gamma": 26.640992718424016, "log10_alpha": -0.9164958244124497, "log10_colsample_bytree": -0.8926610148073056, "log10_eta": -3.7877226908119064, "log10_lambda": -2.7879669736472055, "log10_min_child_weight": 4.320377426217002, "log10_subsample": -0.7167289785537352, "max_depth": 7.0, "num_boost_round": 3.0}, "datetime": {"datetime": "2024-01-19 01:49:51", "elapsed": 5899.972966, "delta": 0.004997}}
{"target": -13.758536444173648, "params": {"gamma": 26.640992718424016, "log10_alpha": -0.9164958244124497, "log10_colsample_bytree": -0.8926610148073056, "log10_eta": -3.7877226908119064, "log10_lambda": -2.7879669736472055, "log10_min_child_weight": 4.320377426217002, "log10_subsample": -0.7167289785537352, "max_depth": 7.0, "num_boost_round": 4.0}, "datetime": {"datetime": "2024-01-19 01:49:51", "elapsed": 5899.978214, "delta": 0.005248}}
{"target": -13.758535106954781, "params": {"gamma": 26.640992718424016, "log10_alpha": -0.9164958244124497, "log10_colsample_bytree": -0.8926610148073056, "log10_eta": -3.7877226908119064, "log10_lambda": -2.7879669736472055, "log10_min_child_weight": 4.320377426217002, "log10_subsample": -0.7167289785537352, "max_depth": 7.0, "num_boost_round": 5.0}, "datetime": {"datetime": "2024-01-19 01:49:51", "elapsed": 5899.983125, "delta": 0.004911}}
{"target": -13.758535304388586, "params": {"gamma": 26.640992718424016, "log10_alpha": -0.9164958244124497, "log10_colsample_bytree": -0.8926610148073056, "log10_eta": -3.7877226908119064, "log10_lambda": -2.7879669736472055, "log10_min_child_weight": 4.320377426217002, "log10_subsample": -0.7167289785537352, "max_depth": 7.0, "num_boost_round": 6.0}, "datetime": {"datetime": "2024-01-19 01:49:51", "elapsed": 5899.988217, "delta": 0.005092}}
{"target": -13.758534824578101, "params": {"gamma": 26.640992718424016, "log10_alpha": -0.9164958244124497, "log10_colsample_bytree": -0.8926610148073056, "log10_eta": -3.7877226908119064, "log10_lambda": -2.7879669736472055, "log10_min_child_weight": 4.320377426217002, "log10_subsample": -0.7167289785537352, "max_depth": 7.0, "num_boost_round": 7.0}, "datetime": {"datetime": "2024-01-19 01:49:51", "elapsed": 5899.993355, "delta": 0.005138}}
{"target": -13.758534542663012, "params": {"gamma": 26.640992718424016, "log10_alpha": -0.9164958244124497, "log10_colsample_bytree": -0.8926610148073056, "log10_eta": -3.7877226908119064, "log10_lambda": -2.7879669736472055, "log10_min_child_weight": 4.320377426217002, "log10_subsample": -0.7167289785537352, "max_depth": 7.0, "num_boost_round": 8.0}, "datetime": {"datetime": "2024-01-19 01:49:51", "elapsed": 5899.998533, "delta": 0.005178}}
{"target": -13.758534909075948, "params": {"gamma": 26.640992718424016, "log10_alpha": -0.9164958244124497, "log10_colsample_bytree": -0.8926610148073056, "log10_eta": -3.7877226908119064, "log10_lambda": -2.7879669736472055, "log10_min_child_weight": 4.320377426217002, "log10_subsample": -0.7167289785537352, "max_depth": 7.0, "num_boost_round": 9.0}, "datetime": {"datetime": "2024-01-19 01:49:51", "elapsed": 5900.003524, "delta": 0.004991}}
{"target": -13.75853419408873, "params": {"gamma": 26.640992718424016, "log10_alpha": -0.9164958244124497, "log10_colsample_bytree": -0.8926610148073056, "log10_eta": -3.7877226908119064, "log10_lambda": -2.7879669736472055, "log10_min_child_weight": 4.320377426217002, "log10_subsample": -0.7167289785537352, "max_depth": 7.0, "num_boost_round": 10.0}, "datetime": {"datetime": "2024-01-19 01:49:51", "elapsed": 5900.008383, "delta": 0.004859}}
{"target": -13.758535151628942, "params": {"gamma": 26.640992718424016, "log10_alpha": -0.9164958244124497, "log10_colsample_bytree": -0.8926610148073056, "log10_eta": -3.7877226908119064, "log10_lambda": -2.7879669736472055, "log10_min_child_weight": 4.320377426217002, "log10_subsample": -0.7167289785537352, "max_depth": 7.0, "num_boost_round": 11.0}, "datetime": {"datetime": "2024-01-19 01:49:51", "elapsed": 5900.013491, "delta": 0.005108}}
{"target": -13.758534295498698, "params": {"gamma": 26.640992718424016, "log10_alpha": -0.9164958244124497, "log10_colsample_bytree": -0.8926610148073056, "log10_eta": -3.7877226908119064, "log10_lambda": -2.7879669736472055, "log10_min_child_weight": 4.320377426217002, "log10_subsample": -0.7167289785537352, "max_depth": 7.0, "num_boost_round": 12.0}, "datetime": {"datetime": "2024-01-19 01:49:51", "elapsed": 5900.018438, "delta": 0.004947}}
{"target": -13.758533093571545, "params": {"gamma": 26.640992718424016, "log10_alpha": -0.9164958244124497, "log10_colsample_bytree": -0.8926610148073056, "log10_eta": -3.7877226908119064, "log10_lambda": -2.7879669736472055, "log10_min_child_weight": 4.320377426217002, "log10_subsample": -0.7167289785537352, "max_depth": 7.0, "num_boost_round": 13.0}, "datetime": {"datetime": "2024-01-19 01:49:51", "elapsed": 5900.023545, "delta": 0.005107}}
{"target": -13.75853252911281, "params": {"gamma": 26.640992718424016, "log10_alpha": -0.9164958244124497, "log10_colsample_bytree": -0.8926610148073056, "log10_eta": -3.7877226908119064, "log10_lambda": -2.7879669736472055, "log10_min_child_weight": 4.320377426217002, "log10_subsample": -0.7167289785537352, "max_depth": 7.0, "num_boost_round": 14.0}, "datetime": {"datetime": "2024-01-19 01:49:51", "elapsed": 5900.02891, "delta": 0.005365}}
{"target": -13.75853127527846, "params": {"gamma": 26.640992718424016, "log10_alpha": -0.9164958244124497, "log10_colsample_bytree": -0.8926610148073056, "log10_eta": -3.7877226908119064, "log10_lambda": -2.7879669736472055, "log10_min_child_weight": 4.320377426217002, "log10_subsample": -0.7167289785537352, "max_depth": 7.0, "num_boost_round": 15.0}, "datetime": {"datetime": "2024-01-19 01:49:51", "elapsed": 5900.033909, "delta": 0.004999}}
{"target": -13.758531218812985, "params": {"gamma": 26.640992718424016, "log10_alpha": -0.9164958244124497, "log10_colsample_bytree": -0.8926610148073056, "log10_eta": -3.7877226908119064, "log10_lambda": -2.7879669736472055, "log10_min_child_weight": 4.320377426217002, "log10_subsample": -0.7167289785537352, "max_depth": 7.0, "num_boost_round": 16.0}, "datetime": {"datetime": "2024-01-19 01:49:51", "elapsed": 5900.038874, "delta": 0.004965}}
