{"target": -13.758527267645205, "params": {"gamma": 872.7601576395272, "log10_alpha": -1.1663197824179727, "log10_colsample_bytree": -0.6898112475654633, "log10_eta": -3.7345726193040356, "log10_lambda": -1.402934935679212, "log10_min_child_weight": 4.751848114046728, "log10_subsample": -0.09622641209602034, "max_depth": 9.0, "num_boost_round": 11.0}, "datetime": {"datetime": "2024-01-19 00:13:08", "elapsed": 108.325407, "delta": 0.000407}}
{"target": -13.758528538776222, "params": {"gamma": 872.7601576395272, "log10_alpha": -1.1663197824179727, "log10_colsample_bytree": -0.6898112475654633, "log10_eta": -3.7345726193040356, "log10_lambda": -1.402934935679212, "log10_min_child_weight": 4.751848114046728, "log10_subsample": -0.09622641209602034, "max_depth": 9.0, "num_boost_round": 12.0}, "datetime": {"datetime": "2024-01-19 00:13:08", "elapsed": 108.325833, "delta": 0.000426}}
{"target": -13.758527920398635, "params": {"gamma": 872.7601576395272, "log10_alpha": -1.1663197824179727, "log10_colsample_bytree": -0.6898112475654633, "log10_eta": -3.7345726193040356, "log10_lambda": -1.402934935679212, "log10_min_child_weight": 4.751848114046728, "log10_subsample": -0.09622641209602034, "max_depth": 9.0, "num_boost_round": 13.0}, "datetime": {"datetime": "2024-01-19 00:13:08", "elapsed": 108.326243, "delta": 0.00041}}
{"target": -13.758526490186641, "params": {"gamma": 872.7601576395272, "log10_alpha": -1.1663197824179727, "log10_colsample_bytree": -0.6898112475654633, "log10_eta": -3.7345726193040356, "log10_lambda": -1.402934935679212, "log10_min_child_weight": 4.751848114046728, "log10_subsample": -0.09622641209602034, "max_depth": 9.0, "num_boost_round": 14.0}, "datetime": {"datetime": "2024-01-19 00:13:08", "elapsed": 108.326665, "delta": 0.000422}}
{"target": -13.758524664097052, "params": {"gamma": 872.7601576395272, "log10_alpha": -1.1663197824179727, "log10_colsample_bytree": -0.6898112475654633, "log10_eta": -3.7345726193040356, "log10_lambda": -1.402934935679212, "log10_min_child_weight": 4.751848114046728, "log10_subsample": -0.09622641209602034, "max_depth": 9.0, "num_boost_round": 15.0}, "datetime": {"datetime": "2024-01-19 00:13:08", "elapsed": 108.327066, "delta": 0.000401}}
{"target": -13.758523399997198, "params": {"gamma": 872.7601576395272, "log10_alpha": -1.1663197824179727, "log10_colsample_bytree": -0.6898112475654633, "log10_eta": -3.7345726193040356, "log10_lambda": -1.402934935679212, "log10_min_child_weight": 4.751848114046728, "log10_subsample": -0.09622641209602034, "max_depth": 9.0, "num_boost_round": 16.0}, "datetime": {"datetime": "2024-01-19 00:13:08", "elapsed": 108.327501, "delta": 0.000435}}
{"target": -13.758522410339658, "params": {"gamma": 872.7601576395272, "log10_alpha": -1.1663197824179727, "log10_colsample_bytree": -0.6898112475654633, "log10_eta": -3.7345726193040356, "log10_lambda": -1.402934935679212, "log10_min_child_weight": 4.751848114046728, "log10_subsample": -0.09622641209602034, "max_depth": 9.0, "num_boost_round": 17.0}, "datetime": {"datetime": "2024-01-19 00:13:08", "elapsed": 108.327926, "delta": 0.000425}}
{"target": -13.758913499002558, "params": {"gamma": 878.0248299255464, "log10_alpha": 0.8390477683763784, "log10_colsample_bytree": -0.10323828792607159, "log10_eta": -1.6914588828438721, "log10_lambda": -1.9452805214048845, "log10_min_child_weight": 0.23595451559431546, "log10_subsample": -0.4872298468370102, "max_depth": 6.0, "num_boost_round": 0.0}, "datetime": {"datetime": "2024-01-19 00:13:27", "elapsed": 127.49492, "delta": 19.166994}}
{"target": -13.75974828500641, "params": {"gamma": 878.0248299255464, "log10_alpha": 0.8390477683763784, "log10_colsample_bytree": -0.10323828792607159, "log10_eta": -1.6914588828438721, "log10_lambda": -1.9452805214048845, "log10_min_child_weight": 0.23595451559431546, "log10_subsample": -0.4872298468370102, "max_depth": 6.0, "num_boost_round": 1.0}, "datetime": {"datetime": "2024-01-19 00:13:27", "elapsed": 127.495473, "delta": 0.000553}}
{"target": -13.758809574256501, "params": {"gamma": 878.0248299255464, "log10_alpha": 0.8390477683763784, "log10_colsample_bytree": -0.10323828792607159, "log10_eta": -1.6914588828438721, "log10_lambda": -1.9452805214048845, "log10_min_child_weight": 0.23595451559431546, "log10_subsample": -0.4872298468370102, "max_depth": 6.0, "num_boost_round": 2.0}, "datetime": {"datetime": "2024-01-19 00:13:27", "elapsed": 127.495975, "delta": 0.000502}}
{"target": -13.758288989642358, "params": {"gamma": 878.0248299255464, "log10_alpha": 0.8390477683763784, "log10_colsample_bytree": -0.10323828792607159, "log10_eta": -1.6914588828438721, "log10_lambda": -1.9452805214048845, "log10_min_child_weight": 0.23595451559431546, "log10_subsample": -0.4872298468370102, "max_depth": 6.0, "num_boost_round": 3.0}, "datetime": {"datetime": "2024-01-19 00:13:27", "elapsed": 127.496368, "delta": 0.000393}}
{"target": -13.758375168388262, "params": {"gamma": 878.0248299255464, "log10_alpha": 0.8390477683763784, "log10_colsample_bytree": -0.10323828792607159, "log10_eta": -1.6914588828438721, "log10_lambda": -1.9452805214048845, "log10_min_child_weight": 0.23595451559431546, "log10_subsample": -0.4872298468370102, "max_depth": 6.0, "num_boost_round": 4.0}, "datetime": {"datetime": "2024-01-19 00:13:27", "elapsed": 127.496763, "delta": 0.000395}}
{"target": -13.758205315187489, "params": {"gamma": 878.0248299255464, "log10_alpha": 0.8390477683763784, "log10_colsample_bytree": -0.10323828792607159, "log10_eta": -1.6914588828438721, "log10_lambda": -1.9452805214048845, "log10_min_child_weight": 0.23595451559431546, "log10_subsample": -0.4872298468370102, "max_depth": 6.0, "num_boost_round": 5.0}, "datetime": {"datetime": "2024-01-19 00:13:27", "elapsed": 127.497149, "delta": 0.000386}}
{"target": -13.759191410499932, "params": {"gamma": 878.0248299255464, "log10_alpha": 0.8390477683763784, "log10_colsample_bytree": -0.10323828792607159, "log10_eta": -1.6914588828438721, "log10_lambda": -1.9452805214048845, "log10_min_child_weight": 0.23595451559431546, "log10_subsample": -0.4872298468370102, "max_depth": 6.0, "num_boost_round": 6.0}, "datetime": {"datetime": "2024-01-19 00:13:27", "elapsed": 127.497533, "delta": 0.000384}}
{"target": -13.759844069548043, "params": {"gamma": 878.0248299255464, "log10_alpha": 0.8390477683763784, "log10_colsample_bytree": -0.10323828792607159, "log10_eta": -1.6914588828438721, "log10_lambda": -1.9452805214048845, "log10_min_child_weight": 0.23595451559431546, "log10_subsample": -0.4872298468370102, "max_depth": 6.0, "num_boost_round": 7.0}, "datetime": {"datetime": "2024-01-19 00:13:27", "elapsed": 127.497924, "delta": 0.000391}}
{"target": -13.760625142003125, "params": {"gamma": 878.0248299255464, "log10_alpha": 0.8390477683763784, "log10_colsample_bytree": -0.10323828792607159, "log10_eta": -1.6914588828438721, "log10_lambda": -1.9452805214048845, "log10_min_child_weight": 0.23595451559431546, "log10_subsample": -0.4872298468370102, "max_depth": 6.0, "num_boost_round": 8.0}, "datetime": {"datetime": "2024-01-19 00:13:27", "elapsed": 127.498314, "delta": 0.00039}}
{"target": -13.761903037699678, "params": {"gamma": 878.0248299255464, "log10_alpha": 0.8390477683763784, "log10_colsample_bytree": -0.10323828792607159, "log10_eta": -1.6914588828438721, "log10_lambda": -1.9452805214048845, "log10_min_child_weight": 0.23595451559431546, "log10_subsample": -0.4872298468370102, "max_depth": 6.0, "num_boost_round": 9.0}, "datetime": {"datetime": "2024-01-19 00:13:27", "elapsed": 127.498726, "delta": 0.000412}}
{"target": -13.762886469216797, "params": {"gamma": 878.0248299255464, "log10_alpha": 0.8390477683763784, "log10_colsample_bytree": -0.10323828792607159, "log10_eta": -1.6914588828438721, "log10_lambda": -1.9452805214048845, "log10_min_child_weight": 0.23595451559431546, "log10_subsample": -0.4872298468370102, "max_depth": 6.0, "num_boost_round": 10.0}, "datetime": {"datetime": "2024-01-19 00:13:27", "elapsed": 127.499702, "delta": 0.000976}}
{"target": -13.76277074540795, "params": {"gamma": 878.0248299255464, "log10_alpha": 0.8390477683763784, "log10_colsample_bytree": -0.10323828792607159, "log10_eta": -1.6914588828438721, "log10_lambda": -1.9452805214048845, "log10_min_child_weight": 0.23595451559431546, "log10_subsample": -0.4872298468370102, "max_depth": 6.0, "num_boost_round": 11.0}, "datetime": {"datetime": "2024-01-19 00:13:27", "elapsed": 127.500452, "delta": 0.00075}}
{"target": -13.758505634673769, "params": {"gamma": 871.2125084085054, "log10_alpha": -1.602114165714104, "log10_colsample_bytree": -0.38710400778504195, "log10_eta": -2.6642219386427457, "log10_lambda": -0.5476522179981327, "log10_min_child_weight": 2.163207480707581, "log10_subsample": -0.2650884658947865, "max_depth": 8.0, "num_boost_round": 0.0}, "datetime": {"datetime": "2024-01-19 00:13:50", "elapsed": 150.048821, "delta": 22.548369}}
{"target": -13.758336654095315, "params": {"gamma": 871.2125084085054, "log10_alpha": -1.602114165714104, "log10_colsample_bytree": -0.38710400778504195, "log10_eta": -2.6642219386427457, "log10_lambda": -0.5476522179981327, "log10_min_child_weight": 2.163207480707581, "log10_subsample": -0.2650884658947865, "max_depth": 8.0, "num_boost_round": 1.0}, "datetime": {"datetime": "2024-01-19 00:13:50", "elapsed": 150.049375, "delta": 0.000554}}
{"target": -13.75823612321456, "params": {"gamma": 871.2125084085054, "log10_alpha": -1.602114165714104, "log10_colsample_bytree": -0.38710400778504195, "log10_eta": -2.6642219386427457, "log10_lambda": -0.5476522179981327, "log10_min_child_weight": 2.163207480707581, "log10_subsample": -0.2650884658947865, "max_depth": 8.0, "num_boost_round": 2.0}, "datetime": {"datetime": "2024-01-19 00:13:50", "elapsed": 150.049808, "delta": 0.000433}}
{"target": -13.7581436116674, "params": {"gamma": 871.2125084085054, "log10_alpha": -1.602114165714104, "log10_colsample_bytree": -0.38710400778504195, "log10_eta": -2.6642219386427457, "log10_lambda": -0.5476522179981327, "log10_min_child_weight": 2.163207480707581, "log10_subsample": -0.2650884658947865, "max_depth": 8.0, "num_boost_round": 3.0}, "datetime": {"datetime": "2024-01-19 00:13:50", "elapsed": 150.050219, "delta": 0.000411}}
{"target": -13.758116530893776, "params": {"gamma": 871.2125084085054, "log10_alpha": -1.602114165714104, "log10_colsample_bytree": -0.38710400778504195, "log10_eta": -2.6642219386427457, "log10_lambda": -0.5476522179981327, "log10_min_child_weight": 2.163207480707581, "log10_subsample": -0.2650884658947865, "max_depth": 8.0, "num_boost_round": 4.0}, "datetime": {"datetime": "2024-01-19 00:13:50", "elapsed": 150.05064, "delta": 0.000421}}
{"target": -13.758087261867576, "params": {"gamma": 871.2125084085054, "log10_alpha": -1.602114165714104, "log10_colsample_bytree": -0.38710400778504195, "log10_eta": -2.6642219386427457, "log10_lambda": -0.5476522179981327, "log10_min_child_weight": 2.163207480707581, "log10_subsample": -0.2650884658947865, "max_depth": 8.0, "num_boost_round": 5.0}, "datetime": {"datetime": "2024-01-19 00:13:50", "elapsed": 150.051492, "delta": 0.000852}}
{"target": -13.758120154962777, "params": {"gamma": 871.2125084085054, "log10_alpha": -1.602114165714104, "log10_colsample_bytree": -0.38710400778504195, "log10_eta": -2.6642219386427457, "log10_lambda": -0.5476522179981327, "log10_min_child_weight": 2.163207480707581, "log10_subsample": -0.2650884658947865, "max_depth": 8.0, "num_boost_round": 6.0}, "datetime": {"datetime": "2024-01-19 00:13:50", "elapsed": 150.052024, "delta": 0.000532}}
{"target": -13.758013019000437, "params": {"gamma": 871.2125084085054, "log10_alpha": -1.602114165714104, "log10_colsample_bytree": -0.38710400778504195, "log10_eta": -2.6642219386427457, "log10_lambda": -0.5476522179981327, "log10_min_child_weight": 2.163207480707581, "log10_subsample": -0.2650884658947865, "max_depth": 8.0, "num_boost_round": 7.0}, "datetime": {"datetime": "2024-01-19 00:13:50", "elapsed": 150.05244, "delta": 0.000416}}
{"target": -13.758004680470902, "params": {"gamma": 871.2125084085054, "log10_alpha": -1.602114165714104, "log10_colsample_bytree": -0.38710400778504195, "log10_eta": -2.6642219386427457, "log10_lambda": -0.5476522179981327, "log10_min_child_weight": 2.163207480707581, "log10_subsample": -0.2650884658947865, "max_depth": 8.0, "num_boost_round": 8.0}, "datetime": {"datetime": "2024-01-19 00:13:50", "elapsed": 150.052856, "delta": 0.000416}}
{"target": -13.757966649558853, "params": {"gamma": 871.2125084085054, "log10_alpha": -1.602114165714104, "log10_colsample_bytree": -0.38710400778504195, "log10_eta": -2.6642219386427457, "log10_lambda": -0.5476522179981327, "log10_min_child_weight": 2.163207480707581, "log10_subsample": -0.2650884658947865, "max_depth": 8.0, "num_boost_round": 9.0}, "datetime": {"datetime": "2024-01-19 00:13:50", "elapsed": 150.053439, "delta": 0.000583}}
{"target": -13.757939524156004, "params": {"gamma": 871.2125084085054, "log10_alpha": -1.602114165714104, "log10_colsample_bytree": -0.38710400778504195, "log10_eta": -2.6642219386427457, "log10_lambda": -0.5476522179981327, "log10_min_child_weight": 2.163207480707581, "log10_subsample": -0.2650884658947865, "max_depth": 8.0, "num_boost_round": 10.0}, "datetime": {"datetime": "2024-01-19 00:13:50", "elapsed": 150.053853, "delta": 0.000414}}
{"target": -13.757884089381168, "params": {"gamma": 871.2125084085054, "log10_alpha": -1.602114165714104, "log10_colsample_bytree": -0.38710400778504195, "log10_eta": -2.6642219386427457, "log10_lambda": -0.5476522179981327, "log10_min_child_weight": 2.163207480707581, "log10_subsample": -0.2650884658947865, "max_depth": 8.0, "num_boost_round": 11.0}, "datetime": {"datetime": "2024-01-19 00:13:50", "elapsed": 150.054262, "delta": 0.000409}}
{"target": -13.757861351821196, "params": {"gamma": 871.2125084085054, "log10_alpha": -1.602114165714104, "log10_colsample_bytree": -0.38710400778504195, "log10_eta": -2.6642219386427457, "log10_lambda": -0.5476522179981327, "log10_min_child_weight": 2.163207480707581, "log10_subsample": -0.2650884658947865, "max_depth": 8.0, "num_boost_round": 12.0}, "datetime": {"datetime": "2024-01-19 00:13:50", "elapsed": 150.054687, "delta": 0.000425}}
{"target": -13.757845714807052, "params": {"gamma": 871.2125084085054, "log10_alpha": -1.602114165714104, "log10_colsample_bytree": -0.38710400778504195, "log10_eta": -2.6642219386427457, "log10_lambda": -0.5476522179981327, "log10_min_child_weight": 2.163207480707581, "log10_subsample": -0.2650884658947865, "max_depth": 8.0, "num_boost_round": 13.0}, "datetime": {"datetime": "2024-01-19 00:13:50", "elapsed": 150.055108, "delta": 0.000421}}
{"target": -13.757878958410972, "params": {"gamma": 871.2125084085054, "log10_alpha": -1.602114165714104, "log10_colsample_bytree": -0.38710400778504195, "log10_eta": -2.6642219386427457, "log10_lambda": -0.5476522179981327, "log10_min_child_weight": 2.163207480707581, "log10_subsample": -0.2650884658947865, "max_depth": 8.0, "num_boost_round": 14.0}, "datetime": {"datetime": "2024-01-19 00:13:50", "elapsed": 150.055527, "delta": 0.000419}}
{"target": -13.757734815822728, "params": {"gamma": 871.2125084085054, "log10_alpha": -1.602114165714104, "log10_colsample_bytree": -0.38710400778504195, "log10_eta": -2.6642219386427457, "log10_lambda": -0.5476522179981327, "log10_min_child_weight": 2.163207480707581, "log10_subsample": -0.2650884658947865, "max_depth": 8.0, "num_boost_round": 15.0}, "datetime": {"datetime": "2024-01-19 00:13:50", "elapsed": 150.055942, "delta": 0.000415}}
{"target": -13.7577397840391, "params": {"gamma": 871.2125084085054, "log10_alpha": -1.602114165714104, "log10_colsample_bytree": -0.38710400778504195, "log10_eta": -2.6642219386427457, "log10_lambda": -0.5476522179981327, "log10_min_child_weight": 2.163207480707581, "log10_subsample": -0.2650884658947865, "max_depth": 8.0, "num_boost_round": 16.0}, "datetime": {"datetime": "2024-01-19 00:13:50", "elapsed": 150.05636, "delta": 0.000418}}
{"target": -13.75776798106892, "params": {"gamma": 871.2125084085054, "log10_alpha": -1.602114165714104, "log10_colsample_bytree": -0.38710400778504195, "log10_eta": -2.6642219386427457, "log10_lambda": -0.5476522179981327, "log10_min_child_weight": 2.163207480707581, "log10_subsample": -0.2650884658947865, "max_depth": 8.0, "num_boost_round": 17.0}, "datetime": {"datetime": "2024-01-19 00:13:50", "elapsed": 150.056821, "delta": 0.000461}}
{"target": -13.758527408368975, "params": {"gamma": 877.2802110055138, "log10_alpha": -1.521529489645852, "log10_colsample_bytree": -0.0629094851851324, "log10_eta": -3.446907017145889, "log10_lambda": -4.635796805996272, "log10_min_child_weight": 0.16830445054947518, "log10_subsample": -0.07426426633873351, "max_depth": 7.0, "num_boost_round": 0.0}, "datetime": {"datetime": "2024-01-19 00:14:09", "elapsed": 169.450117, "delta": 19.393296}}
{"target": -13.75852122964103, "params": {"gamma": 877.2802110055138, "log10_alpha": -1.521529489645852, "log10_colsample_bytree": -0.0629094851851324, "log10_eta": -3.446907017145889, "log10_lambda": -4.635796805996272, "log10_min_child_weight": 0.16830445054947518, "log10_subsample": -0.07426426633873351, "max_depth": 7.0, "num_boost_round": 1.0}, "datetime": {"datetime": "2024-01-19 00:14:09", "elapsed": 169.451051, "delta": 0.000934}}
{"target": -13.758519168394123, "params": {"gamma": 877.2802110055138, "log10_alpha": -1.521529489645852, "log10_colsample_bytree": -0.0629094851851324, "log10_eta": -3.446907017145889, "log10_lambda": -4.635796805996272, "log10_min_child_weight": 0.16830445054947518, "log10_subsample": -0.07426426633873351, "max_depth": 7.0, "num_boost_round": 2.0}, "datetime": {"datetime": "2024-01-19 00:14:09", "elapsed": 169.451515, "delta": 0.000464}}
{"target": -13.758519101801319, "params": {"gamma": 877.2802110055138, "log10_alpha": -1.521529489645852, "log10_colsample_bytree": -0.0629094851851324, "log10_eta": -3.446907017145889, "log10_lambda": -4.635796805996272, "log10_min_child_weight": 0.16830445054947518, "log10_subsample": -0.07426426633873351, "max_depth": 7.0, "num_boost_round": 3.0}, "datetime": {"datetime": "2024-01-19 00:14:09", "elapsed": 169.451954, "delta": 0.000439}}
{"target": -13.758499963249623, "params": {"gamma": 877.2802110055138, "log10_alpha": -1.521529489645852, "log10_colsample_bytree": -0.0629094851851324, "log10_eta": -3.446907017145889, "log10_lambda": -4.635796805996272, "log10_min_child_weight": 0.16830445054947518, "log10_subsample": -0.07426426633873351, "max_depth": 7.0, "num_boost_round": 4.0}, "datetime": {"datetime": "2024-01-19 00:14:09", "elapsed": 169.452382, "delta": 0.000428}}
{"target": -13.75848139431337, "params": {"gamma": 877.2802110055138, "log10_alpha": -1.521529489645852, "log10_colsample_bytree": -0.0629094851851324, "log10_eta": -3.446907017145889, "log10_lambda": -4.635796805996272, "log10_min_child_weight": 0.16830445054947518, "log10_subsample": -0.07426426633873351, "max_depth": 7.0, "num_boost_round": 5.0}, "datetime": {"datetime": "2024-01-19 00:14:09", "elapsed": 169.45281, "delta": 0.000428}}
{"target": -13.758473863644296, "params": {"gamma": 877.2802110055138, "log10_alpha": -1.521529489645852, "log10_colsample_bytree": -0.0629094851851324, "log10_eta": -3.446907017145889, "log10_lambda": -4.635796805996272, "log10_min_child_weight": 0.16830445054947518, "log10_subsample": -0.07426426633873351, "max_depth": 7.0, "num_boost_round": 6.0}, "datetime": {"datetime": "2024-01-19 00:14:09", "elapsed": 169.453413, "delta": 0.000603}}
{"target": -13.758473455822571, "params": {"gamma": 877.2802110055138, "log10_alpha": -1.521529489645852, "log10_colsample_bytree": -0.0629094851851324, "log10_eta": -3.446907017145889, "log10_lambda": -4.635796805996272, "log10_min_child_weight": 0.16830445054947518, "log10_subsample": -0.07426426633873351, "max_depth": 7.0, "num_boost_round": 7.0}, "datetime": {"datetime": "2024-01-19 00:14:09", "elapsed": 169.453846, "delta": 0.000433}}
{"target": -13.758469880147436, "params": {"gamma": 877.2802110055138, "log10_alpha": -1.521529489645852, "log10_colsample_bytree": -0.0629094851851324, "log10_eta": -3.446907017145889, "log10_lambda": -4.635796805996272, "log10_min_child_weight": 0.16830445054947518, "log10_subsample": -0.07426426633873351, "max_depth": 7.0, "num_boost_round": 8.0}, "datetime": {"datetime": "2024-01-19 00:14:09", "elapsed": 169.454273, "delta": 0.000427}}
{"target": -13.758457624982077, "params": {"gamma": 877.2802110055138, "log10_alpha": -1.521529489645852, "log10_colsample_bytree": -0.0629094851851324, "log10_eta": -3.446907017145889, "log10_lambda": -4.635796805996272, "log10_min_child_weight": 0.16830445054947518, "log10_subsample": -0.07426426633873351, "max_depth": 7.0, "num_boost_round": 9.0}, "datetime": {"datetime": "2024-01-19 00:14:09", "elapsed": 169.454704, "delta": 0.000431}}
{"target": -13.758470330656447, "params": {"gamma": 876.8861833024077, "log10_alpha": -0.5687817456983737, "log10_colsample_bytree": -0.732802445051396, "log10_eta": -2.3468050441383896, "log10_lambda": -4.359459681626036, "log10_min_child_weight": 0.3458209298748882, "log10_subsample": -0.8557530971388575, "max_depth": 6.0, "num_boost_round": 0.0}, "datetime": {"datetime": "2024-01-19 00:14:30", "elapsed": 190.040327, "delta": 20.585623}}
{"target": -13.758462370183135, "params": {"gamma": 876.8861833024077, "log10_alpha": -0.5687817456983737, "log10_colsample_bytree": -0.732802445051396, "log10_eta": -2.3468050441383896, "log10_lambda": -4.359459681626036, "log10_min_child_weight": 0.3458209298748882, "log10_subsample": -0.8557530971388575, "max_depth": 6.0, "num_boost_round": 1.0}, "datetime": {"datetime": "2024-01-19 00:14:30", "elapsed": 190.040961, "delta": 0.000634}}
