{"target": -17.67722676613166, "params": {"gamma": 414.30288442190954, "log10_alpha": -4.619852657065595, "log10_colsample_bytree": -0.06280885168118533, "log10_eta": -3.840963139476731, "log10_lambda": -3.468456587702076, "log10_min_child_weight": 4.6491299647738895, "log10_subsample": -0.8862143130529354, "max_depth": 8.0, "num_boost_round": 6.0}, "datetime": {"datetime": "2024-01-19 02:24:28", "elapsed": 7972.99518, "delta": 0.004728}}
{"target": -17.677224893340203, "params": {"gamma": 414.30288442190954, "log10_alpha": -4.619852657065595, "log10_colsample_bytree": -0.06280885168118533, "log10_eta": -3.840963139476731, "log10_lambda": -3.468456587702076, "log10_min_child_weight": 4.6491299647738895, "log10_subsample": -0.8862143130529354, "max_depth": 8.0, "num_boost_round": 7.0}, "datetime": {"datetime": "2024-01-19 02:24:28", "elapsed": 7972.999973, "delta": 0.004793}}
{"target": -17.67722372381658, "params": {"gamma": 414.30288442190954, "log10_alpha": -4.619852657065595, "log10_colsample_bytree": -0.06280885168118533, "log10_eta": -3.840963139476731, "log10_lambda": -3.468456587702076, "log10_min_child_weight": 4.6491299647738895, "log10_subsample": -0.8862143130529354, "max_depth": 8.0, "num_boost_round": 8.0}, "datetime": {"datetime": "2024-01-19 02:24:28", "elapsed": 7973.004598, "delta": 0.004625}}
{"target": -17.677222698511525, "params": {"gamma": 414.30288442190954, "log10_alpha": -4.619852657065595, "log10_colsample_bytree": -0.06280885168118533, "log10_eta": -3.840963139476731, "log10_lambda": -3.468456587702076, "log10_min_child_weight": 4.6491299647738895, "log10_subsample": -0.8862143130529354, "max_depth": 8.0, "num_boost_round": 9.0}, "datetime": {"datetime": "2024-01-19 02:24:28", "elapsed": 7973.009257, "delta": 0.004659}}
{"target": -17.67722167770578, "params": {"gamma": 414.30288442190954, "log10_alpha": -4.619852657065595, "log10_colsample_bytree": -0.06280885168118533, "log10_eta": -3.840963139476731, "log10_lambda": -3.468456587702076, "log10_min_child_weight": 4.6491299647738895, "log10_subsample": -0.8862143130529354, "max_depth": 8.0, "num_boost_round": 10.0}, "datetime": {"datetime": "2024-01-19 02:24:28", "elapsed": 7973.013948, "delta": 0.004691}}
{"target": -17.677220348818235, "params": {"gamma": 414.30288442190954, "log10_alpha": -4.619852657065595, "log10_colsample_bytree": -0.06280885168118533, "log10_eta": -3.840963139476731, "log10_lambda": -3.468456587702076, "log10_min_child_weight": 4.6491299647738895, "log10_subsample": -0.8862143130529354, "max_depth": 8.0, "num_boost_round": 11.0}, "datetime": {"datetime": "2024-01-19 02:24:28", "elapsed": 7973.018762, "delta": 0.004814}}
{"target": -17.67721901027688, "params": {"gamma": 414.30288442190954, "log10_alpha": -4.619852657065595, "log10_colsample_bytree": -0.06280885168118533, "log10_eta": -3.840963139476731, "log10_lambda": -3.468456587702076, "log10_min_child_weight": 4.6491299647738895, "log10_subsample": -0.8862143130529354, "max_depth": 8.0, "num_boost_round": 12.0}, "datetime": {"datetime": "2024-01-19 02:24:28", "elapsed": 7973.023433, "delta": 0.004671}}
{"target": -17.67721791111883, "params": {"gamma": 414.30288442190954, "log10_alpha": -4.619852657065595, "log10_colsample_bytree": -0.06280885168118533, "log10_eta": -3.840963139476731, "log10_lambda": -3.468456587702076, "log10_min_child_weight": 4.6491299647738895, "log10_subsample": -0.8862143130529354, "max_depth": 8.0, "num_boost_round": 13.0}, "datetime": {"datetime": "2024-01-19 02:24:28", "elapsed": 7973.028124, "delta": 0.004691}}
{"target": -17.677217373683774, "params": {"gamma": 414.30288442190954, "log10_alpha": -4.619852657065595, "log10_colsample_bytree": -0.06280885168118533, "log10_eta": -3.840963139476731, "log10_lambda": -3.468456587702076, "log10_min_child_weight": 4.6491299647738895, "log10_subsample": -0.8862143130529354, "max_depth": 8.0, "num_boost_round": 14.0}, "datetime": {"datetime": "2024-01-19 02:24:28", "elapsed": 7973.032784, "delta": 0.00466}}
{"target": -17.67721615689342, "params": {"gamma": 414.30288442190954, "log10_alpha": -4.619852657065595, "log10_colsample_bytree": -0.06280885168118533, "log10_eta": -3.840963139476731, "log10_lambda": -3.468456587702076, "log10_min_child_weight": 4.6491299647738895, "log10_subsample": -0.8862143130529354, "max_depth": 8.0, "num_boost_round": 15.0}, "datetime": {"datetime": "2024-01-19 02:24:28", "elapsed": 7973.037621, "delta": 0.004837}}
{"target": -17.677214196704032, "params": {"gamma": 414.30288442190954, "log10_alpha": -4.619852657065595, "log10_colsample_bytree": -0.06280885168118533, "log10_eta": -3.840963139476731, "log10_lambda": -3.468456587702076, "log10_min_child_weight": 4.6491299647738895, "log10_subsample": -0.8862143130529354, "max_depth": 8.0, "num_boost_round": 16.0}, "datetime": {"datetime": "2024-01-19 02:24:28", "elapsed": 7973.042312, "delta": 0.004691}}
{"target": -17.67721316132349, "params": {"gamma": 414.30288442190954, "log10_alpha": -4.619852657065595, "log10_colsample_bytree": -0.06280885168118533, "log10_eta": -3.840963139476731, "log10_lambda": -3.468456587702076, "log10_min_child_weight": 4.6491299647738895, "log10_subsample": -0.8862143130529354, "max_depth": 8.0, "num_boost_round": 17.0}, "datetime": {"datetime": "2024-01-19 02:24:28", "elapsed": 7973.04703, "delta": 0.004718}}
{"target": -17.677212110380307, "params": {"gamma": 414.30288442190954, "log10_alpha": -4.619852657065595, "log10_colsample_bytree": -0.06280885168118533, "log10_eta": -3.840963139476731, "log10_lambda": -3.468456587702076, "log10_min_child_weight": 4.6491299647738895, "log10_subsample": -0.8862143130529354, "max_depth": 8.0, "num_boost_round": 18.0}, "datetime": {"datetime": "2024-01-19 02:24:28", "elapsed": 7973.051707, "delta": 0.004677}}
{"target": -17.677210972172162, "params": {"gamma": 414.30288442190954, "log10_alpha": -4.619852657065595, "log10_colsample_bytree": -0.06280885168118533, "log10_eta": -3.840963139476731, "log10_lambda": -3.468456587702076, "log10_min_child_weight": 4.6491299647738895, "log10_subsample": -0.8862143130529354, "max_depth": 8.0, "num_boost_round": 19.0}, "datetime": {"datetime": "2024-01-19 02:24:28", "elapsed": 7973.056539, "delta": 0.004832}}
{"target": -17.677209690981133, "params": {"gamma": 414.30288442190954, "log10_alpha": -4.619852657065595, "log10_colsample_bytree": -0.06280885168118533, "log10_eta": -3.840963139476731, "log10_lambda": -3.468456587702076, "log10_min_child_weight": 4.6491299647738895, "log10_subsample": -0.8862143130529354, "max_depth": 8.0, "num_boost_round": 20.0}, "datetime": {"datetime": "2024-01-19 02:24:28", "elapsed": 7973.061193, "delta": 0.004654}}
{"target": -17.677231588010418, "params": {"gamma": 425.68370760334227, "log10_alpha": -4.840083326697915, "log10_colsample_bytree": -0.6102710057803342, "log10_eta": -2.209994195950854, "log10_lambda": 0.8777229867465506, "log10_min_child_weight": 4.746355762583882, "log10_subsample": -0.8696088658659544, "max_depth": 5.0, "num_boost_round": 0.0}, "datetime": {"datetime": "2024-01-19 02:26:05", "elapsed": 8069.862729, "delta": 96.801536}}
{"target": -17.677219206691536, "params": {"gamma": 425.68370760334227, "log10_alpha": -4.840083326697915, "log10_colsample_bytree": -0.6102710057803342, "log10_eta": -2.209994195950854, "log10_lambda": 0.8777229867465506, "log10_min_child_weight": 4.746355762583882, "log10_subsample": -0.8696088658659544, "max_depth": 5.0, "num_boost_round": 1.0}, "datetime": {"datetime": "2024-01-19 02:26:05", "elapsed": 8069.867996, "delta": 0.005267}}
{"target": -17.67722849963975, "params": {"gamma": 425.68370760334227, "log10_alpha": -4.840083326697915, "log10_colsample_bytree": -0.6102710057803342, "log10_eta": -2.209994195950854, "log10_lambda": 0.8777229867465506, "log10_min_child_weight": 4.746355762583882, "log10_subsample": -0.8696088658659544, "max_depth": 5.0, "num_boost_round": 2.0}, "datetime": {"datetime": "2024-01-19 02:26:05", "elapsed": 8069.872917, "delta": 0.004921}}
{"target": -17.677170395533864, "params": {"gamma": 425.68370760334227, "log10_alpha": -4.840083326697915, "log10_colsample_bytree": -0.6102710057803342, "log10_eta": -2.209994195950854, "log10_lambda": 0.8777229867465506, "log10_min_child_weight": 4.746355762583882, "log10_subsample": -0.8696088658659544, "max_depth": 5.0, "num_boost_round": 3.0}, "datetime": {"datetime": "2024-01-19 02:26:05", "elapsed": 8069.877815, "delta": 0.004898}}
{"target": -17.67717091982468, "params": {"gamma": 425.68370760334227, "log10_alpha": -4.840083326697915, "log10_colsample_bytree": -0.6102710057803342, "log10_eta": -2.209994195950854, "log10_lambda": 0.8777229867465506, "log10_min_child_weight": 4.746355762583882, "log10_subsample": -0.8696088658659544, "max_depth": 5.0, "num_boost_round": 4.0}, "datetime": {"datetime": "2024-01-19 02:26:05", "elapsed": 8069.882583, "delta": 0.004768}}
{"target": -17.677156747498458, "params": {"gamma": 425.68370760334227, "log10_alpha": -4.840083326697915, "log10_colsample_bytree": -0.6102710057803342, "log10_eta": -2.209994195950854, "log10_lambda": 0.8777229867465506, "log10_min_child_weight": 4.746355762583882, "log10_subsample": -0.8696088658659544, "max_depth": 5.0, "num_boost_round": 5.0}, "datetime": {"datetime": "2024-01-19 02:26:05", "elapsed": 8069.887222, "delta": 0.004639}}
{"target": -17.677111416627305, "params": {"gamma": 425.68370760334227, "log10_alpha": -4.840083326697915, "log10_colsample_bytree": -0.6102710057803342, "log10_eta": -2.209994195950854, "log10_lambda": 0.8777229867465506, "log10_min_child_weight": 4.746355762583882, "log10_subsample": -0.8696088658659544, "max_depth": 5.0, "num_boost_round": 6.0}, "datetime": {"datetime": "2024-01-19 02:26:05", "elapsed": 8069.892022, "delta": 0.0048}}
{"target": -17.67710709273752, "params": {"gamma": 425.68370760334227, "log10_alpha": -4.840083326697915, "log10_colsample_bytree": -0.6102710057803342, "log10_eta": -2.209994195950854, "log10_lambda": 0.8777229867465506, "log10_min_child_weight": 4.746355762583882, "log10_subsample": -0.8696088658659544, "max_depth": 5.0, "num_boost_round": 7.0}, "datetime": {"datetime": "2024-01-19 02:26:05", "elapsed": 8069.896778, "delta": 0.004756}}
{"target": -17.6770944176782, "params": {"gamma": 425.68370760334227, "log10_alpha": -4.840083326697915, "log10_colsample_bytree": -0.6102710057803342, "log10_eta": -2.209994195950854, "log10_lambda": 0.8777229867465506, "log10_min_child_weight": 4.746355762583882, "log10_subsample": -0.8696088658659544, "max_depth": 5.0, "num_boost_round": 8.0}, "datetime": {"datetime": "2024-01-19 02:26:05", "elapsed": 8069.901424, "delta": 0.004646}}
{"target": -17.677039458188148, "params": {"gamma": 425.68370760334227, "log10_alpha": -4.840083326697915, "log10_colsample_bytree": -0.6102710057803342, "log10_eta": -2.209994195950854, "log10_lambda": 0.8777229867465506, "log10_min_child_weight": 4.746355762583882, "log10_subsample": -0.8696088658659544, "max_depth": 5.0, "num_boost_round": 9.0}, "datetime": {"datetime": "2024-01-19 02:26:05", "elapsed": 8069.906084, "delta": 0.00466}}
{"target": -17.677004838714794, "params": {"gamma": 425.68370760334227, "log10_alpha": -4.840083326697915, "log10_colsample_bytree": -0.6102710057803342, "log10_eta": -2.209994195950854, "log10_lambda": 0.8777229867465506, "log10_min_child_weight": 4.746355762583882, "log10_subsample": -0.8696088658659544, "max_depth": 5.0, "num_boost_round": 10.0}, "datetime": {"datetime": "2024-01-19 02:26:05", "elapsed": 8069.910844, "delta": 0.00476}}
{"target": -17.67695410447773, "params": {"gamma": 425.68370760334227, "log10_alpha": -4.840083326697915, "log10_colsample_bytree": -0.6102710057803342, "log10_eta": -2.209994195950854, "log10_lambda": 0.8777229867465506, "log10_min_child_weight": 4.746355762583882, "log10_subsample": -0.8696088658659544, "max_depth": 5.0, "num_boost_round": 11.0}, "datetime": {"datetime": "2024-01-19 02:26:05", "elapsed": 8070.022622, "delta": 0.111778}}
{"target": -17.676942617658355, "params": {"gamma": 425.68370760334227, "log10_alpha": -4.840083326697915, "log10_colsample_bytree": -0.6102710057803342, "log10_eta": -2.209994195950854, "log10_lambda": 0.8777229867465506, "log10_min_child_weight": 4.746355762583882, "log10_subsample": -0.8696088658659544, "max_depth": 5.0, "num_boost_round": 12.0}, "datetime": {"datetime": "2024-01-19 02:26:05", "elapsed": 8070.028102, "delta": 0.00548}}
{"target": -17.676952227073894, "params": {"gamma": 425.68370760334227, "log10_alpha": -4.840083326697915, "log10_colsample_bytree": -0.6102710057803342, "log10_eta": -2.209994195950854, "log10_lambda": 0.8777229867465506, "log10_min_child_weight": 4.746355762583882, "log10_subsample": -0.8696088658659544, "max_depth": 5.0, "num_boost_round": 13.0}, "datetime": {"datetime": "2024-01-19 02:26:05", "elapsed": 8070.033072, "delta": 0.00497}}
{"target": -17.67695619530646, "params": {"gamma": 425.68370760334227, "log10_alpha": -4.840083326697915, "log10_colsample_bytree": -0.6102710057803342, "log10_eta": -2.209994195950854, "log10_lambda": 0.8777229867465506, "log10_min_child_weight": 4.746355762583882, "log10_subsample": -0.8696088658659544, "max_depth": 5.0, "num_boost_round": 14.0}, "datetime": {"datetime": "2024-01-19 02:26:05", "elapsed": 8070.037762, "delta": 0.00469}}
{"target": -17.677229168480466, "params": {"gamma": 427.73482582104583, "log10_alpha": -0.5776779473929734, "log10_colsample_bytree": -0.21581032507239295, "log10_eta": -2.9479414474659955, "log10_lambda": -4.739509186735305, "log10_min_child_weight": 4.877759322572154, "log10_subsample": -0.3629991034260027, "max_depth": 4.0, "num_boost_round": 0.0}, "datetime": {"datetime": "2024-01-19 02:27:32", "elapsed": 8156.571227, "delta": 86.533465}}
{"target": -17.67721877579188, "params": {"gamma": 427.73482582104583, "log10_alpha": -0.5776779473929734, "log10_colsample_bytree": -0.21581032507239295, "log10_eta": -2.9479414474659955, "log10_lambda": -4.739509186735305, "log10_min_child_weight": 4.877759322572154, "log10_subsample": -0.3629991034260027, "max_depth": 4.0, "num_boost_round": 1.0}, "datetime": {"datetime": "2024-01-19 02:27:32", "elapsed": 8156.577036, "delta": 0.005809}}
{"target": -17.677221450750576, "params": {"gamma": 427.73482582104583, "log10_alpha": -0.5776779473929734, "log10_colsample_bytree": -0.21581032507239295, "log10_eta": -2.9479414474659955, "log10_lambda": -4.739509186735305, "log10_min_child_weight": 4.877759322572154, "log10_subsample": -0.3629991034260027, "max_depth": 4.0, "num_boost_round": 2.0}, "datetime": {"datetime": "2024-01-19 02:27:32", "elapsed": 8156.582226, "delta": 0.00519}}
{"target": -17.67721600733156, "params": {"gamma": 427.73482582104583, "log10_alpha": -0.5776779473929734, "log10_colsample_bytree": -0.21581032507239295, "log10_eta": -2.9479414474659955, "log10_lambda": -4.739509186735305, "log10_min_child_weight": 4.877759322572154, "log10_subsample": -0.3629991034260027, "max_depth": 4.0, "num_boost_round": 3.0}, "datetime": {"datetime": "2024-01-19 02:27:32", "elapsed": 8156.586987, "delta": 0.004761}}
{"target": -17.67721358832891, "params": {"gamma": 427.73482582104583, "log10_alpha": -0.5776779473929734, "log10_colsample_bytree": -0.21581032507239295, "log10_eta": -2.9479414474659955, "log10_lambda": -4.739509186735305, "log10_min_child_weight": 4.877759322572154, "log10_subsample": -0.3629991034260027, "max_depth": 4.0, "num_boost_round": 4.0}, "datetime": {"datetime": "2024-01-19 02:27:32", "elapsed": 8156.591803, "delta": 0.004816}}
{"target": -17.677203936661208, "params": {"gamma": 427.73482582104583, "log10_alpha": -0.5776779473929734, "log10_colsample_bytree": -0.21581032507239295, "log10_eta": -2.9479414474659955, "log10_lambda": -4.739509186735305, "log10_min_child_weight": 4.877759322572154, "log10_subsample": -0.3629991034260027, "max_depth": 4.0, "num_boost_round": 5.0}, "datetime": {"datetime": "2024-01-19 02:27:32", "elapsed": 8156.596877, "delta": 0.005074}}
{"target": -17.6772046443372, "params": {"gamma": 427.73482582104583, "log10_alpha": -0.5776779473929734, "log10_colsample_bytree": -0.21581032507239295, "log10_eta": -2.9479414474659955, "log10_lambda": -4.739509186735305, "log10_min_child_weight": 4.877759322572154, "log10_subsample": -0.3629991034260027, "max_depth": 4.0, "num_boost_round": 6.0}, "datetime": {"datetime": "2024-01-19 02:27:32", "elapsed": 8156.601625, "delta": 0.004748}}
{"target": -17.67719407375565, "params": {"gamma": 427.73482582104583, "log10_alpha": -0.5776779473929734, "log10_colsample_bytree": -0.21581032507239295, "log10_eta": -2.9479414474659955, "log10_lambda": -4.739509186735305, "log10_min_child_weight": 4.877759322572154, "log10_subsample": -0.3629991034260027, "max_depth": 4.0, "num_boost_round": 7.0}, "datetime": {"datetime": "2024-01-19 02:27:32", "elapsed": 8156.606361, "delta": 0.004736}}
{"target": -17.677184016440872, "params": {"gamma": 427.73482582104583, "log10_alpha": -0.5776779473929734, "log10_colsample_bytree": -0.21581032507239295, "log10_eta": -2.9479414474659955, "log10_lambda": -4.739509186735305, "log10_min_child_weight": 4.877759322572154, "log10_subsample": -0.3629991034260027, "max_depth": 4.0, "num_boost_round": 8.0}, "datetime": {"datetime": "2024-01-19 02:27:32", "elapsed": 8156.611171, "delta": 0.00481}}
{"target": -17.67717483839979, "params": {"gamma": 427.73482582104583, "log10_alpha": -0.5776779473929734, "log10_colsample_bytree": -0.21581032507239295, "log10_eta": -2.9479414474659955, "log10_lambda": -4.739509186735305, "log10_min_child_weight": 4.877759322572154, "log10_subsample": -0.3629991034260027, "max_depth": 4.0, "num_boost_round": 9.0}, "datetime": {"datetime": "2024-01-19 02:27:32", "elapsed": 8156.616208, "delta": 0.005037}}
{"target": -17.677164119464855, "params": {"gamma": 427.73482582104583, "log10_alpha": -0.5776779473929734, "log10_colsample_bytree": -0.21581032507239295, "log10_eta": -2.9479414474659955, "log10_lambda": -4.739509186735305, "log10_min_child_weight": 4.877759322572154, "log10_subsample": -0.3629991034260027, "max_depth": 4.0, "num_boost_round": 10.0}, "datetime": {"datetime": "2024-01-19 02:27:32", "elapsed": 8156.620925, "delta": 0.004717}}
{"target": -17.67716170989416, "params": {"gamma": 427.73482582104583, "log10_alpha": -0.5776779473929734, "log10_colsample_bytree": -0.21581032507239295, "log10_eta": -2.9479414474659955, "log10_lambda": -4.739509186735305, "log10_min_child_weight": 4.877759322572154, "log10_subsample": -0.3629991034260027, "max_depth": 4.0, "num_boost_round": 11.0}, "datetime": {"datetime": "2024-01-19 02:27:32", "elapsed": 8156.625654, "delta": 0.004729}}
{"target": -17.67715887796032, "params": {"gamma": 427.73482582104583, "log10_alpha": -0.5776779473929734, "log10_colsample_bytree": -0.21581032507239295, "log10_eta": -2.9479414474659955, "log10_lambda": -4.739509186735305, "log10_min_child_weight": 4.877759322572154, "log10_subsample": -0.3629991034260027, "max_depth": 4.0, "num_boost_round": 12.0}, "datetime": {"datetime": "2024-01-19 02:27:32", "elapsed": 8156.630412, "delta": 0.004758}}
{"target": -17.677154372626195, "params": {"gamma": 427.73482582104583, "log10_alpha": -0.5776779473929734, "log10_colsample_bytree": -0.21581032507239295, "log10_eta": -2.9479414474659955, "log10_lambda": -4.739509186735305, "log10_min_child_weight": 4.877759322572154, "log10_subsample": -0.3629991034260027, "max_depth": 4.0, "num_boost_round": 13.0}, "datetime": {"datetime": "2024-01-19 02:27:32", "elapsed": 8156.635456, "delta": 0.005044}}
{"target": -17.677151574961705, "params": {"gamma": 427.73482582104583, "log10_alpha": -0.5776779473929734, "log10_colsample_bytree": -0.21581032507239295, "log10_eta": -2.9479414474659955, "log10_lambda": -4.739509186735305, "log10_min_child_weight": 4.877759322572154, "log10_subsample": -0.3629991034260027, "max_depth": 4.0, "num_boost_round": 14.0}, "datetime": {"datetime": "2024-01-19 02:27:32", "elapsed": 8156.640171, "delta": 0.004715}}
{"target": -17.677140013982616, "params": {"gamma": 427.73482582104583, "log10_alpha": -0.5776779473929734, "log10_colsample_bytree": -0.21581032507239295, "log10_eta": -2.9479414474659955, "log10_lambda": -4.739509186735305, "log10_min_child_weight": 4.877759322572154, "log10_subsample": -0.3629991034260027, "max_depth": 4.0, "num_boost_round": 15.0}, "datetime": {"datetime": "2024-01-19 02:27:32", "elapsed": 8156.644896, "delta": 0.004725}}
{"target": -17.677139371212135, "params": {"gamma": 427.73482582104583, "log10_alpha": -0.5776779473929734, "log10_colsample_bytree": -0.21581032507239295, "log10_eta": -2.9479414474659955, "log10_lambda": -4.739509186735305, "log10_min_child_weight": 4.877759322572154, "log10_subsample": -0.3629991034260027, "max_depth": 4.0, "num_boost_round": 16.0}, "datetime": {"datetime": "2024-01-19 02:27:32", "elapsed": 8156.649729, "delta": 0.004833}}
{"target": -17.67713706959996, "params": {"gamma": 427.73482582104583, "log10_alpha": -0.5776779473929734, "log10_colsample_bytree": -0.21581032507239295, "log10_eta": -2.9479414474659955, "log10_lambda": -4.739509186735305, "log10_min_child_weight": 4.877759322572154, "log10_subsample": -0.3629991034260027, "max_depth": 4.0, "num_boost_round": 17.0}, "datetime": {"datetime": "2024-01-19 02:27:32", "elapsed": 8156.654804, "delta": 0.005075}}
{"target": -17.677124235184273, "params": {"gamma": 427.73482582104583, "log10_alpha": -0.5776779473929734, "log10_colsample_bytree": -0.21581032507239295, "log10_eta": -2.9479414474659955, "log10_lambda": -4.739509186735305, "log10_min_child_weight": 4.877759322572154, "log10_subsample": -0.3629991034260027, "max_depth": 4.0, "num_boost_round": 18.0}, "datetime": {"datetime": "2024-01-19 02:27:32", "elapsed": 8156.659528, "delta": 0.004724}}
