{"target": -13.758520739865592, "params": {"gamma": 423.5372141698851, "log10_alpha": -0.30374540627132696, "log10_colsample_bytree": -0.9567704434032276, "log10_eta": -3.3253804682949335, "log10_lambda": -3.879253282889101, "log10_min_child_weight": 4.599452419376664, "log10_subsample": -0.5210950519439707, "max_depth": 2.0, "num_boost_round": 27.0}, "datetime": {"datetime": "2024-01-19 01:08:48", "elapsed": 3431.711263, "delta": 0.004508}}
{"target": -13.758517179512536, "params": {"gamma": 423.5372141698851, "log10_alpha": -0.30374540627132696, "log10_colsample_bytree": -0.9567704434032276, "log10_eta": -3.3253804682949335, "log10_lambda": -3.879253282889101, "log10_min_child_weight": 4.599452419376664, "log10_subsample": -0.5210950519439707, "max_depth": 2.0, "num_boost_round": 28.0}, "datetime": {"datetime": "2024-01-19 01:08:48", "elapsed": 3431.715764, "delta": 0.004501}}
{"target": -13.75851448716652, "params": {"gamma": 423.5372141698851, "log10_alpha": -0.30374540627132696, "log10_colsample_bytree": -0.9567704434032276, "log10_eta": -3.3253804682949335, "log10_lambda": -3.879253282889101, "log10_min_child_weight": 4.599452419376664, "log10_subsample": -0.5210950519439707, "max_depth": 2.0, "num_boost_round": 29.0}, "datetime": {"datetime": "2024-01-19 01:08:48", "elapsed": 3431.72026, "delta": 0.004496}}
{"target": -13.758512543738707, "params": {"gamma": 423.5372141698851, "log10_alpha": -0.30374540627132696, "log10_colsample_bytree": -0.9567704434032276, "log10_eta": -3.3253804682949335, "log10_lambda": -3.879253282889101, "log10_min_child_weight": 4.599452419376664, "log10_subsample": -0.5210950519439707, "max_depth": 2.0, "num_boost_round": 30.0}, "datetime": {"datetime": "2024-01-19 01:08:48", "elapsed": 3431.816501, "delta": 0.096241}}
{"target": -13.758510191082664, "params": {"gamma": 423.5372141698851, "log10_alpha": -0.30374540627132696, "log10_colsample_bytree": -0.9567704434032276, "log10_eta": -3.3253804682949335, "log10_lambda": -3.879253282889101, "log10_min_child_weight": 4.599452419376664, "log10_subsample": -0.5210950519439707, "max_depth": 2.0, "num_boost_round": 31.0}, "datetime": {"datetime": "2024-01-19 01:08:48", "elapsed": 3431.821902, "delta": 0.005401}}
{"target": -13.758509596709139, "params": {"gamma": 423.5372141698851, "log10_alpha": -0.30374540627132696, "log10_colsample_bytree": -0.9567704434032276, "log10_eta": -3.3253804682949335, "log10_lambda": -3.879253282889101, "log10_min_child_weight": 4.599452419376664, "log10_subsample": -0.5210950519439707, "max_depth": 2.0, "num_boost_round": 32.0}, "datetime": {"datetime": "2024-01-19 01:08:48", "elapsed": 3431.82675, "delta": 0.004848}}
{"target": -13.75852761833658, "params": {"gamma": 429.98683632517987, "log10_alpha": 0.5879620332588456, "log10_colsample_bytree": -0.20438653881051771, "log10_eta": -3.234520523628845, "log10_lambda": -0.41767884736584104, "log10_min_child_weight": 0.2522834501755733, "log10_subsample": -0.8785932705710212, "max_depth": 5.0, "num_boost_round": 0.0}, "datetime": {"datetime": "2024-01-19 01:10:05", "elapsed": 3508.355858, "delta": 76.529108}}
{"target": -13.75850291003666, "params": {"gamma": 429.98683632517987, "log10_alpha": 0.5879620332588456, "log10_colsample_bytree": -0.20438653881051771, "log10_eta": -3.234520523628845, "log10_lambda": -0.41767884736584104, "log10_min_child_weight": 0.2522834501755733, "log10_subsample": -0.8785932705710212, "max_depth": 5.0, "num_boost_round": 1.0}, "datetime": {"datetime": "2024-01-19 01:10:05", "elapsed": 3508.360651, "delta": 0.004793}}
{"target": -13.758484714006274, "params": {"gamma": 429.98683632517987, "log10_alpha": 0.5879620332588456, "log10_colsample_bytree": -0.20438653881051771, "log10_eta": -3.234520523628845, "log10_lambda": -0.41767884736584104, "log10_min_child_weight": 0.2522834501755733, "log10_subsample": -0.8785932705710212, "max_depth": 5.0, "num_boost_round": 2.0}, "datetime": {"datetime": "2024-01-19 01:10:05", "elapsed": 3508.365984, "delta": 0.005333}}
{"target": -13.75848259491622, "params": {"gamma": 429.98683632517987, "log10_alpha": 0.5879620332588456, "log10_colsample_bytree": -0.20438653881051771, "log10_eta": -3.234520523628845, "log10_lambda": -0.41767884736584104, "log10_min_child_weight": 0.2522834501755733, "log10_subsample": -0.8785932705710212, "max_depth": 5.0, "num_boost_round": 3.0}, "datetime": {"datetime": "2024-01-19 01:10:05", "elapsed": 3508.370978, "delta": 0.004994}}
{"target": -13.758431973074995, "params": {"gamma": 429.98683632517987, "log10_alpha": 0.5879620332588456, "log10_colsample_bytree": -0.20438653881051771, "log10_eta": -3.234520523628845, "log10_lambda": -0.41767884736584104, "log10_min_child_weight": 0.2522834501755733, "log10_subsample": -0.8785932705710212, "max_depth": 5.0, "num_boost_round": 4.0}, "datetime": {"datetime": "2024-01-19 01:10:05", "elapsed": 3508.375653, "delta": 0.004675}}
{"target": -13.758427345551786, "params": {"gamma": 429.98683632517987, "log10_alpha": 0.5879620332588456, "log10_colsample_bytree": -0.20438653881051771, "log10_eta": -3.234520523628845, "log10_lambda": -0.41767884736584104, "log10_min_child_weight": 0.2522834501755733, "log10_subsample": -0.8785932705710212, "max_depth": 5.0, "num_boost_round": 5.0}, "datetime": {"datetime": "2024-01-19 01:10:05", "elapsed": 3508.380202, "delta": 0.004549}}
{"target": -13.75842300783957, "params": {"gamma": 429.98683632517987, "log10_alpha": 0.5879620332588456, "log10_colsample_bytree": -0.20438653881051771, "log10_eta": -3.234520523628845, "log10_lambda": -0.41767884736584104, "log10_min_child_weight": 0.2522834501755733, "log10_subsample": -0.8785932705710212, "max_depth": 5.0, "num_boost_round": 6.0}, "datetime": {"datetime": "2024-01-19 01:10:05", "elapsed": 3508.384778, "delta": 0.004576}}
{"target": -13.75841798752105, "params": {"gamma": 429.98683632517987, "log10_alpha": 0.5879620332588456, "log10_colsample_bytree": -0.20438653881051771, "log10_eta": -3.234520523628845, "log10_lambda": -0.41767884736584104, "log10_min_child_weight": 0.2522834501755733, "log10_subsample": -0.8785932705710212, "max_depth": 5.0, "num_boost_round": 7.0}, "datetime": {"datetime": "2024-01-19 01:10:05", "elapsed": 3508.38935, "delta": 0.004572}}
{"target": -13.758399526195594, "params": {"gamma": 429.98683632517987, "log10_alpha": 0.5879620332588456, "log10_colsample_bytree": -0.20438653881051771, "log10_eta": -3.234520523628845, "log10_lambda": -0.41767884736584104, "log10_min_child_weight": 0.2522834501755733, "log10_subsample": -0.8785932705710212, "max_depth": 5.0, "num_boost_round": 8.0}, "datetime": {"datetime": "2024-01-19 01:10:05", "elapsed": 3508.394259, "delta": 0.004909}}
{"target": -13.75837440742404, "params": {"gamma": 429.98683632517987, "log10_alpha": 0.5879620332588456, "log10_colsample_bytree": -0.20438653881051771, "log10_eta": -3.234520523628845, "log10_lambda": -0.41767884736584104, "log10_min_child_weight": 0.2522834501755733, "log10_subsample": -0.8785932705710212, "max_depth": 5.0, "num_boost_round": 9.0}, "datetime": {"datetime": "2024-01-19 01:10:05", "elapsed": 3508.398978, "delta": 0.004719}}
{"target": -13.75833990402223, "params": {"gamma": 429.98683632517987, "log10_alpha": 0.5879620332588456, "log10_colsample_bytree": -0.20438653881051771, "log10_eta": -3.234520523628845, "log10_lambda": -0.41767884736584104, "log10_min_child_weight": 0.2522834501755733, "log10_subsample": -0.8785932705710212, "max_depth": 5.0, "num_boost_round": 10.0}, "datetime": {"datetime": "2024-01-19 01:10:05", "elapsed": 3508.403721, "delta": 0.004743}}
{"target": -13.758328746029942, "params": {"gamma": 429.98683632517987, "log10_alpha": 0.5879620332588456, "log10_colsample_bytree": -0.20438653881051771, "log10_eta": -3.234520523628845, "log10_lambda": -0.41767884736584104, "log10_min_child_weight": 0.2522834501755733, "log10_subsample": -0.8785932705710212, "max_depth": 5.0, "num_boost_round": 11.0}, "datetime": {"datetime": "2024-01-19 01:10:05", "elapsed": 3508.408353, "delta": 0.004632}}
{"target": -13.758305086695383, "params": {"gamma": 429.98683632517987, "log10_alpha": 0.5879620332588456, "log10_colsample_bytree": -0.20438653881051771, "log10_eta": -3.234520523628845, "log10_lambda": -0.41767884736584104, "log10_min_child_weight": 0.2522834501755733, "log10_subsample": -0.8785932705710212, "max_depth": 5.0, "num_boost_round": 12.0}, "datetime": {"datetime": "2024-01-19 01:10:05", "elapsed": 3508.413251, "delta": 0.004898}}
{"target": -13.75830131101192, "params": {"gamma": 429.98683632517987, "log10_alpha": 0.5879620332588456, "log10_colsample_bytree": -0.20438653881051771, "log10_eta": -3.234520523628845, "log10_lambda": -0.41767884736584104, "log10_min_child_weight": 0.2522834501755733, "log10_subsample": -0.8785932705710212, "max_depth": 5.0, "num_boost_round": 13.0}, "datetime": {"datetime": "2024-01-19 01:10:05", "elapsed": 3508.417909, "delta": 0.004658}}
{"target": -13.75829889550454, "params": {"gamma": 429.98683632517987, "log10_alpha": 0.5879620332588456, "log10_colsample_bytree": -0.20438653881051771, "log10_eta": -3.234520523628845, "log10_lambda": -0.41767884736584104, "log10_min_child_weight": 0.2522834501755733, "log10_subsample": -0.8785932705710212, "max_depth": 5.0, "num_boost_round": 14.0}, "datetime": {"datetime": "2024-01-19 01:10:05", "elapsed": 3508.422527, "delta": 0.004618}}
{"target": -13.758276043992558, "params": {"gamma": 429.98683632517987, "log10_alpha": 0.5879620332588456, "log10_colsample_bytree": -0.20438653881051771, "log10_eta": -3.234520523628845, "log10_lambda": -0.41767884736584104, "log10_min_child_weight": 0.2522834501755733, "log10_subsample": -0.8785932705710212, "max_depth": 5.0, "num_boost_round": 15.0}, "datetime": {"datetime": "2024-01-19 01:10:05", "elapsed": 3508.427174, "delta": 0.004647}}
{"target": -13.758251271574055, "params": {"gamma": 429.98683632517987, "log10_alpha": 0.5879620332588456, "log10_colsample_bytree": -0.20438653881051771, "log10_eta": -3.234520523628845, "log10_lambda": -0.41767884736584104, "log10_min_child_weight": 0.2522834501755733, "log10_subsample": -0.8785932705710212, "max_depth": 5.0, "num_boost_round": 16.0}, "datetime": {"datetime": "2024-01-19 01:10:05", "elapsed": 3508.431989, "delta": 0.004815}}
{"target": -13.758245185653164, "params": {"gamma": 429.98683632517987, "log10_alpha": 0.5879620332588456, "log10_colsample_bytree": -0.20438653881051771, "log10_eta": -3.234520523628845, "log10_lambda": -0.41767884736584104, "log10_min_child_weight": 0.2522834501755733, "log10_subsample": -0.8785932705710212, "max_depth": 5.0, "num_boost_round": 17.0}, "datetime": {"datetime": "2024-01-19 01:10:05", "elapsed": 3508.436616, "delta": 0.004627}}
{"target": -13.758240848755763, "params": {"gamma": 429.98683632517987, "log10_alpha": 0.5879620332588456, "log10_colsample_bytree": -0.20438653881051771, "log10_eta": -3.234520523628845, "log10_lambda": -0.41767884736584104, "log10_min_child_weight": 0.2522834501755733, "log10_subsample": -0.8785932705710212, "max_depth": 5.0, "num_boost_round": 18.0}, "datetime": {"datetime": "2024-01-19 01:10:05", "elapsed": 3508.441224, "delta": 0.004608}}
{"target": -13.758230344126487, "params": {"gamma": 429.98683632517987, "log10_alpha": 0.5879620332588456, "log10_colsample_bytree": -0.20438653881051771, "log10_eta": -3.234520523628845, "log10_lambda": -0.41767884736584104, "log10_min_child_weight": 0.2522834501755733, "log10_subsample": -0.8785932705710212, "max_depth": 5.0, "num_boost_round": 19.0}, "datetime": {"datetime": "2024-01-19 01:10:05", "elapsed": 3508.445919, "delta": 0.004695}}
{"target": -13.75822460844619, "params": {"gamma": 429.98683632517987, "log10_alpha": 0.5879620332588456, "log10_colsample_bytree": -0.20438653881051771, "log10_eta": -3.234520523628845, "log10_lambda": -0.41767884736584104, "log10_min_child_weight": 0.2522834501755733, "log10_subsample": -0.8785932705710212, "max_depth": 5.0, "num_boost_round": 20.0}, "datetime": {"datetime": "2024-01-19 01:10:05", "elapsed": 3508.450763, "delta": 0.004844}}
{"target": -13.758217850889991, "params": {"gamma": 429.98683632517987, "log10_alpha": 0.5879620332588456, "log10_colsample_bytree": -0.20438653881051771, "log10_eta": -3.234520523628845, "log10_lambda": -0.41767884736584104, "log10_min_child_weight": 0.2522834501755733, "log10_subsample": -0.8785932705710212, "max_depth": 5.0, "num_boost_round": 21.0}, "datetime": {"datetime": "2024-01-19 01:10:05", "elapsed": 3508.455414, "delta": 0.004651}}
{"target": -13.758193409864495, "params": {"gamma": 429.98683632517987, "log10_alpha": 0.5879620332588456, "log10_colsample_bytree": -0.20438653881051771, "log10_eta": -3.234520523628845, "log10_lambda": -0.41767884736584104, "log10_min_child_weight": 0.2522834501755733, "log10_subsample": -0.8785932705710212, "max_depth": 5.0, "num_boost_round": 22.0}, "datetime": {"datetime": "2024-01-19 01:10:05", "elapsed": 3508.460036, "delta": 0.004622}}
{"target": -13.75818427203589, "params": {"gamma": 429.98683632517987, "log10_alpha": 0.5879620332588456, "log10_colsample_bytree": -0.20438653881051771, "log10_eta": -3.234520523628845, "log10_lambda": -0.41767884736584104, "log10_min_child_weight": 0.2522834501755733, "log10_subsample": -0.8785932705710212, "max_depth": 5.0, "num_boost_round": 23.0}, "datetime": {"datetime": "2024-01-19 01:10:05", "elapsed": 3508.464718, "delta": 0.004682}}
{"target": -13.758183026613569, "params": {"gamma": 429.98683632517987, "log10_alpha": 0.5879620332588456, "log10_colsample_bytree": -0.20438653881051771, "log10_eta": -3.234520523628845, "log10_lambda": -0.41767884736584104, "log10_min_child_weight": 0.2522834501755733, "log10_subsample": -0.8785932705710212, "max_depth": 5.0, "num_boost_round": 24.0}, "datetime": {"datetime": "2024-01-19 01:10:05", "elapsed": 3508.469474, "delta": 0.004756}}
{"target": -13.7581657168794, "params": {"gamma": 429.98683632517987, "log10_alpha": 0.5879620332588456, "log10_colsample_bytree": -0.20438653881051771, "log10_eta": -3.234520523628845, "log10_lambda": -0.41767884736584104, "log10_min_child_weight": 0.2522834501755733, "log10_subsample": -0.8785932705710212, "max_depth": 5.0, "num_boost_round": 25.0}, "datetime": {"datetime": "2024-01-19 01:10:05", "elapsed": 3508.474171, "delta": 0.004697}}
{"target": -13.758144887056, "params": {"gamma": 429.98683632517987, "log10_alpha": 0.5879620332588456, "log10_colsample_bytree": -0.20438653881051771, "log10_eta": -3.234520523628845, "log10_lambda": -0.41767884736584104, "log10_min_child_weight": 0.2522834501755733, "log10_subsample": -0.8785932705710212, "max_depth": 5.0, "num_boost_round": 26.0}, "datetime": {"datetime": "2024-01-19 01:10:05", "elapsed": 3508.478807, "delta": 0.004636}}
{"target": -13.758134742034564, "params": {"gamma": 429.98683632517987, "log10_alpha": 0.5879620332588456, "log10_colsample_bytree": -0.20438653881051771, "log10_eta": -3.234520523628845, "log10_lambda": -0.41767884736584104, "log10_min_child_weight": 0.2522834501755733, "log10_subsample": -0.8785932705710212, "max_depth": 5.0, "num_boost_round": 27.0}, "datetime": {"datetime": "2024-01-19 01:10:05", "elapsed": 3508.483418, "delta": 0.004611}}
{"target": -13.758124364287188, "params": {"gamma": 429.98683632517987, "log10_alpha": 0.5879620332588456, "log10_colsample_bytree": -0.20438653881051771, "log10_eta": -3.234520523628845, "log10_lambda": -0.41767884736584104, "log10_min_child_weight": 0.2522834501755733, "log10_subsample": -0.8785932705710212, "max_depth": 5.0, "num_boost_round": 28.0}, "datetime": {"datetime": "2024-01-19 01:10:05", "elapsed": 3508.488138, "delta": 0.00472}}
{"target": -13.758106551892508, "params": {"gamma": 429.98683632517987, "log10_alpha": 0.5879620332588456, "log10_colsample_bytree": -0.20438653881051771, "log10_eta": -3.234520523628845, "log10_lambda": -0.41767884736584104, "log10_min_child_weight": 0.2522834501755733, "log10_subsample": -0.8785932705710212, "max_depth": 5.0, "num_boost_round": 29.0}, "datetime": {"datetime": "2024-01-19 01:10:05", "elapsed": 3508.492949, "delta": 0.004811}}
{"target": -13.758099383640312, "params": {"gamma": 429.98683632517987, "log10_alpha": 0.5879620332588456, "log10_colsample_bytree": -0.20438653881051771, "log10_eta": -3.234520523628845, "log10_lambda": -0.41767884736584104, "log10_min_child_weight": 0.2522834501755733, "log10_subsample": -0.8785932705710212, "max_depth": 5.0, "num_boost_round": 30.0}, "datetime": {"datetime": "2024-01-19 01:10:05", "elapsed": 3508.497696, "delta": 0.004747}}
{"target": -13.758085173443435, "params": {"gamma": 429.98683632517987, "log10_alpha": 0.5879620332588456, "log10_colsample_bytree": -0.20438653881051771, "log10_eta": -3.234520523628845, "log10_lambda": -0.41767884736584104, "log10_min_child_weight": 0.2522834501755733, "log10_subsample": -0.8785932705710212, "max_depth": 5.0, "num_boost_round": 31.0}, "datetime": {"datetime": "2024-01-19 01:10:05", "elapsed": 3508.502413, "delta": 0.004717}}
{"target": -13.758413041932485, "params": {"gamma": 423.69700247844156, "log10_alpha": 0.6022338835358934, "log10_colsample_bytree": -0.6357243596824691, "log10_eta": -1.8225494133776996, "log10_lambda": -3.5470109498338687, "log10_min_child_weight": 4.126861092986477, "log10_subsample": -0.9352335792333588, "max_depth": 3.0, "num_boost_round": 0.0}, "datetime": {"datetime": "2024-01-19 01:11:07", "elapsed": 3570.865856, "delta": 62.363443}}
{"target": -13.758446922147712, "params": {"gamma": 423.69700247844156, "log10_alpha": 0.6022338835358934, "log10_colsample_bytree": -0.6357243596824691, "log10_eta": -1.8225494133776996, "log10_lambda": -3.5470109498338687, "log10_min_child_weight": 4.126861092986477, "log10_subsample": -0.9352335792333588, "max_depth": 3.0, "num_boost_round": 1.0}, "datetime": {"datetime": "2024-01-19 01:11:07", "elapsed": 3570.87148, "delta": 0.005624}}
{"target": -13.758503604478438, "params": {"gamma": 423.69700247844156, "log10_alpha": 0.6022338835358934, "log10_colsample_bytree": -0.6357243596824691, "log10_eta": -1.8225494133776996, "log10_lambda": -3.5470109498338687, "log10_min_child_weight": 4.126861092986477, "log10_subsample": -0.9352335792333588, "max_depth": 3.0, "num_boost_round": 2.0}, "datetime": {"datetime": "2024-01-19 01:11:07", "elapsed": 3570.876073, "delta": 0.004593}}
{"target": -13.758437099311497, "params": {"gamma": 423.69700247844156, "log10_alpha": 0.6022338835358934, "log10_colsample_bytree": -0.6357243596824691, "log10_eta": -1.8225494133776996, "log10_lambda": -3.5470109498338687, "log10_min_child_weight": 4.126861092986477, "log10_subsample": -0.9352335792333588, "max_depth": 3.0, "num_boost_round": 3.0}, "datetime": {"datetime": "2024-01-19 01:11:07", "elapsed": 3570.88062, "delta": 0.004547}}
{"target": -13.758453076216938, "params": {"gamma": 423.69700247844156, "log10_alpha": 0.6022338835358934, "log10_colsample_bytree": -0.6357243596824691, "log10_eta": -1.8225494133776996, "log10_lambda": -3.5470109498338687, "log10_min_child_weight": 4.126861092986477, "log10_subsample": -0.9352335792333588, "max_depth": 3.0, "num_boost_round": 4.0}, "datetime": {"datetime": "2024-01-19 01:11:07", "elapsed": 3570.885147, "delta": 0.004527}}
{"target": -13.758465635632888, "params": {"gamma": 423.69700247844156, "log10_alpha": 0.6022338835358934, "log10_colsample_bytree": -0.6357243596824691, "log10_eta": -1.8225494133776996, "log10_lambda": -3.5470109498338687, "log10_min_child_weight": 4.126861092986477, "log10_subsample": -0.9352335792333588, "max_depth": 3.0, "num_boost_round": 5.0}, "datetime": {"datetime": "2024-01-19 01:11:07", "elapsed": 3570.889944, "delta": 0.004797}}
{"target": -13.7585304489366, "params": {"gamma": 423.69700247844156, "log10_alpha": 0.6022338835358934, "log10_colsample_bytree": -0.6357243596824691, "log10_eta": -1.8225494133776996, "log10_lambda": -3.5470109498338687, "log10_min_child_weight": 4.126861092986477, "log10_subsample": -0.9352335792333588, "max_depth": 3.0, "num_boost_round": 6.0}, "datetime": {"datetime": "2024-01-19 01:11:07", "elapsed": 3570.894617, "delta": 0.004673}}
{"target": -13.758396824549303, "params": {"gamma": 423.69700247844156, "log10_alpha": 0.6022338835358934, "log10_colsample_bytree": -0.6357243596824691, "log10_eta": -1.8225494133776996, "log10_lambda": -3.5470109498338687, "log10_min_child_weight": 4.126861092986477, "log10_subsample": -0.9352335792333588, "max_depth": 3.0, "num_boost_round": 7.0}, "datetime": {"datetime": "2024-01-19 01:11:07", "elapsed": 3570.899381, "delta": 0.004764}}
{"target": -13.758268214492517, "params": {"gamma": 423.69700247844156, "log10_alpha": 0.6022338835358934, "log10_colsample_bytree": -0.6357243596824691, "log10_eta": -1.8225494133776996, "log10_lambda": -3.5470109498338687, "log10_min_child_weight": 4.126861092986477, "log10_subsample": -0.9352335792333588, "max_depth": 3.0, "num_boost_round": 8.0}, "datetime": {"datetime": "2024-01-19 01:11:07", "elapsed": 3570.904007, "delta": 0.004626}}
{"target": -13.758258282588615, "params": {"gamma": 423.69700247844156, "log10_alpha": 0.6022338835358934, "log10_colsample_bytree": -0.6357243596824691, "log10_eta": -1.8225494133776996, "log10_lambda": -3.5470109498338687, "log10_min_child_weight": 4.126861092986477, "log10_subsample": -0.9352335792333588, "max_depth": 3.0, "num_boost_round": 9.0}, "datetime": {"datetime": "2024-01-19 01:11:07", "elapsed": 3570.90862, "delta": 0.004613}}
{"target": -13.758344798756081, "params": {"gamma": 423.69700247844156, "log10_alpha": 0.6022338835358934, "log10_colsample_bytree": -0.6357243596824691, "log10_eta": -1.8225494133776996, "log10_lambda": -3.5470109498338687, "log10_min_child_weight": 4.126861092986477, "log10_subsample": -0.9352335792333588, "max_depth": 3.0, "num_boost_round": 10.0}, "datetime": {"datetime": "2024-01-19 01:11:07", "elapsed": 3570.913332, "delta": 0.004712}}
