{"target": -17.676986671466487, "params": {"gamma": 841.9345053607691, "log10_alpha": -1.3255007921062716, "log10_colsample_bytree": -0.7410409951313179, "log10_eta": -3.56783124553782, "log10_lambda": 0.8167349665949448, "log10_min_child_weight": 4.316712440189071, "log10_subsample": -0.2073518555242405, "max_depth": 9.0, "num_boost_round": 108.0}, "datetime": {"datetime": "2024-01-19 00:56:16", "elapsed": 2660.715201, "delta": 0.003907}}
{"target": -17.676984637643823, "params": {"gamma": 841.9345053607691, "log10_alpha": -1.3255007921062716, "log10_colsample_bytree": -0.7410409951313179, "log10_eta": -3.56783124553782, "log10_lambda": 0.8167349665949448, "log10_min_child_weight": 4.316712440189071, "log10_subsample": -0.2073518555242405, "max_depth": 9.0, "num_boost_round": 109.0}, "datetime": {"datetime": "2024-01-19 00:56:16", "elapsed": 2660.718969, "delta": 0.003768}}
{"target": -17.676979663125152, "params": {"gamma": 841.9345053607691, "log10_alpha": -1.3255007921062716, "log10_colsample_bytree": -0.7410409951313179, "log10_eta": -3.56783124553782, "log10_lambda": 0.8167349665949448, "log10_min_child_weight": 4.316712440189071, "log10_subsample": -0.2073518555242405, "max_depth": 9.0, "num_boost_round": 110.0}, "datetime": {"datetime": "2024-01-19 00:56:16", "elapsed": 2660.722856, "delta": 0.003887}}
{"target": -17.676975571871353, "params": {"gamma": 841.9345053607691, "log10_alpha": -1.3255007921062716, "log10_colsample_bytree": -0.7410409951313179, "log10_eta": -3.56783124553782, "log10_lambda": 0.8167349665949448, "log10_min_child_weight": 4.316712440189071, "log10_subsample": -0.2073518555242405, "max_depth": 9.0, "num_boost_round": 111.0}, "datetime": {"datetime": "2024-01-19 00:56:16", "elapsed": 2660.726613, "delta": 0.003757}}
{"target": -17.676972860590062, "params": {"gamma": 841.9345053607691, "log10_alpha": -1.3255007921062716, "log10_colsample_bytree": -0.7410409951313179, "log10_eta": -3.56783124553782, "log10_lambda": 0.8167349665949448, "log10_min_child_weight": 4.316712440189071, "log10_subsample": -0.2073518555242405, "max_depth": 9.0, "num_boost_round": 112.0}, "datetime": {"datetime": "2024-01-19 00:56:16", "elapsed": 2660.7307, "delta": 0.004087}}
{"target": -17.676974130846496, "params": {"gamma": 841.9345053607691, "log10_alpha": -1.3255007921062716, "log10_colsample_bytree": -0.7410409951313179, "log10_eta": -3.56783124553782, "log10_lambda": 0.8167349665949448, "log10_min_child_weight": 4.316712440189071, "log10_subsample": -0.2073518555242405, "max_depth": 9.0, "num_boost_round": 113.0}, "datetime": {"datetime": "2024-01-19 00:56:16", "elapsed": 2660.734776, "delta": 0.004076}}
{"target": -17.67697131783846, "params": {"gamma": 841.9345053607691, "log10_alpha": -1.3255007921062716, "log10_colsample_bytree": -0.7410409951313179, "log10_eta": -3.56783124553782, "log10_lambda": 0.8167349665949448, "log10_min_child_weight": 4.316712440189071, "log10_subsample": -0.2073518555242405, "max_depth": 9.0, "num_boost_round": 114.0}, "datetime": {"datetime": "2024-01-19 00:56:16", "elapsed": 2660.73853, "delta": 0.003754}}
{"target": -17.676971218466146, "params": {"gamma": 841.9345053607691, "log10_alpha": -1.3255007921062716, "log10_colsample_bytree": -0.7410409951313179, "log10_eta": -3.56783124553782, "log10_lambda": 0.8167349665949448, "log10_min_child_weight": 4.316712440189071, "log10_subsample": -0.2073518555242405, "max_depth": 9.0, "num_boost_round": 115.0}, "datetime": {"datetime": "2024-01-19 00:56:16", "elapsed": 2660.742408, "delta": 0.003878}}
{"target": -17.676972036893048, "params": {"gamma": 841.9345053607691, "log10_alpha": -1.3255007921062716, "log10_colsample_bytree": -0.7410409951313179, "log10_eta": -3.56783124553782, "log10_lambda": 0.8167349665949448, "log10_min_child_weight": 4.316712440189071, "log10_subsample": -0.2073518555242405, "max_depth": 9.0, "num_boost_round": 116.0}, "datetime": {"datetime": "2024-01-19 00:56:16", "elapsed": 2660.746173, "delta": 0.003765}}
{"target": -17.67697149508822, "params": {"gamma": 841.9345053607691, "log10_alpha": -1.3255007921062716, "log10_colsample_bytree": -0.7410409951313179, "log10_eta": -3.56783124553782, "log10_lambda": 0.8167349665949448, "log10_min_child_weight": 4.316712440189071, "log10_subsample": -0.2073518555242405, "max_depth": 9.0, "num_boost_round": 117.0}, "datetime": {"datetime": "2024-01-19 00:56:16", "elapsed": 2660.750119, "delta": 0.003946}}
{"target": -17.67696965715491, "params": {"gamma": 841.9345053607691, "log10_alpha": -1.3255007921062716, "log10_colsample_bytree": -0.7410409951313179, "log10_eta": -3.56783124553782, "log10_lambda": 0.8167349665949448, "log10_min_child_weight": 4.316712440189071, "log10_subsample": -0.2073518555242405, "max_depth": 9.0, "num_boost_round": 118.0}, "datetime": {"datetime": "2024-01-19 00:56:16", "elapsed": 2660.754052, "delta": 0.003933}}
{"target": -17.676967373232763, "params": {"gamma": 841.9345053607691, "log10_alpha": -1.3255007921062716, "log10_colsample_bytree": -0.7410409951313179, "log10_eta": -3.56783124553782, "log10_lambda": 0.8167349665949448, "log10_min_child_weight": 4.316712440189071, "log10_subsample": -0.2073518555242405, "max_depth": 9.0, "num_boost_round": 119.0}, "datetime": {"datetime": "2024-01-19 00:56:16", "elapsed": 2660.757882, "delta": 0.00383}}
{"target": -17.67696846898821, "params": {"gamma": 841.9345053607691, "log10_alpha": -1.3255007921062716, "log10_colsample_bytree": -0.7410409951313179, "log10_eta": -3.56783124553782, "log10_lambda": 0.8167349665949448, "log10_min_child_weight": 4.316712440189071, "log10_subsample": -0.2073518555242405, "max_depth": 9.0, "num_boost_round": 120.0}, "datetime": {"datetime": "2024-01-19 00:56:16", "elapsed": 2660.761828, "delta": 0.003946}}
{"target": -17.676965174119044, "params": {"gamma": 841.9345053607691, "log10_alpha": -1.3255007921062716, "log10_colsample_bytree": -0.7410409951313179, "log10_eta": -3.56783124553782, "log10_lambda": 0.8167349665949448, "log10_min_child_weight": 4.316712440189071, "log10_subsample": -0.2073518555242405, "max_depth": 9.0, "num_boost_round": 121.0}, "datetime": {"datetime": "2024-01-19 00:56:16", "elapsed": 2660.765634, "delta": 0.003806}}
{"target": -17.67696159934882, "params": {"gamma": 841.9345053607691, "log10_alpha": -1.3255007921062716, "log10_colsample_bytree": -0.7410409951313179, "log10_eta": -3.56783124553782, "log10_lambda": 0.8167349665949448, "log10_min_child_weight": 4.316712440189071, "log10_subsample": -0.2073518555242405, "max_depth": 9.0, "num_boost_round": 122.0}, "datetime": {"datetime": "2024-01-19 00:56:16", "elapsed": 2660.770376, "delta": 0.004742}}
{"target": -17.676960774597614, "params": {"gamma": 841.9345053607691, "log10_alpha": -1.3255007921062716, "log10_colsample_bytree": -0.7410409951313179, "log10_eta": -3.56783124553782, "log10_lambda": 0.8167349665949448, "log10_min_child_weight": 4.316712440189071, "log10_subsample": -0.2073518555242405, "max_depth": 9.0, "num_boost_round": 123.0}, "datetime": {"datetime": "2024-01-19 00:56:16", "elapsed": 2660.774504, "delta": 0.004128}}
{"target": -17.67696197458795, "params": {"gamma": 841.9345053607691, "log10_alpha": -1.3255007921062716, "log10_colsample_bytree": -0.7410409951313179, "log10_eta": -3.56783124553782, "log10_lambda": 0.8167349665949448, "log10_min_child_weight": 4.316712440189071, "log10_subsample": -0.2073518555242405, "max_depth": 9.0, "num_boost_round": 124.0}, "datetime": {"datetime": "2024-01-19 00:56:16", "elapsed": 2660.778362, "delta": 0.003858}}
{"target": -17.676960333948518, "params": {"gamma": 841.9345053607691, "log10_alpha": -1.3255007921062716, "log10_colsample_bytree": -0.7410409951313179, "log10_eta": -3.56783124553782, "log10_lambda": 0.8167349665949448, "log10_min_child_weight": 4.316712440189071, "log10_subsample": -0.2073518555242405, "max_depth": 9.0, "num_boost_round": 125.0}, "datetime": {"datetime": "2024-01-19 00:56:16", "elapsed": 2660.782367, "delta": 0.004005}}
{"target": -17.676961764185478, "params": {"gamma": 841.9345053607691, "log10_alpha": -1.3255007921062716, "log10_colsample_bytree": -0.7410409951313179, "log10_eta": -3.56783124553782, "log10_lambda": 0.8167349665949448, "log10_min_child_weight": 4.316712440189071, "log10_subsample": -0.2073518555242405, "max_depth": 9.0, "num_boost_round": 126.0}, "datetime": {"datetime": "2024-01-19 00:56:16", "elapsed": 2660.786199, "delta": 0.003832}}
{"target": -17.676957904605004, "params": {"gamma": 841.9345053607691, "log10_alpha": -1.3255007921062716, "log10_colsample_bytree": -0.7410409951313179, "log10_eta": -3.56783124553782, "log10_lambda": 0.8167349665949448, "log10_min_child_weight": 4.316712440189071, "log10_subsample": -0.2073518555242405, "max_depth": 9.0, "num_boost_round": 127.0}, "datetime": {"datetime": "2024-01-19 00:56:16", "elapsed": 2660.79012, "delta": 0.003921}}
{"target": -17.676956527131097, "params": {"gamma": 841.9345053607691, "log10_alpha": -1.3255007921062716, "log10_colsample_bytree": -0.7410409951313179, "log10_eta": -3.56783124553782, "log10_lambda": 0.8167349665949448, "log10_min_child_weight": 4.316712440189071, "log10_subsample": -0.2073518555242405, "max_depth": 9.0, "num_boost_round": 128.0}, "datetime": {"datetime": "2024-01-19 00:56:16", "elapsed": 2660.793935, "delta": 0.003815}}
{"target": -17.676955913570467, "params": {"gamma": 841.9345053607691, "log10_alpha": -1.3255007921062716, "log10_colsample_bytree": -0.7410409951313179, "log10_eta": -3.56783124553782, "log10_lambda": 0.8167349665949448, "log10_min_child_weight": 4.316712440189071, "log10_subsample": -0.2073518555242405, "max_depth": 9.0, "num_boost_round": 129.0}, "datetime": {"datetime": "2024-01-19 00:56:16", "elapsed": 2660.797847, "delta": 0.003912}}
{"target": -17.676956293577053, "params": {"gamma": 841.9345053607691, "log10_alpha": -1.3255007921062716, "log10_colsample_bytree": -0.7410409951313179, "log10_eta": -3.56783124553782, "log10_lambda": 0.8167349665949448, "log10_min_child_weight": 4.316712440189071, "log10_subsample": -0.2073518555242405, "max_depth": 9.0, "num_boost_round": 130.0}, "datetime": {"datetime": "2024-01-19 00:56:16", "elapsed": 2660.801755, "delta": 0.003908}}
{"target": -17.676955017972283, "params": {"gamma": 841.9345053607691, "log10_alpha": -1.3255007921062716, "log10_colsample_bytree": -0.7410409951313179, "log10_eta": -3.56783124553782, "log10_lambda": 0.8167349665949448, "log10_min_child_weight": 4.316712440189071, "log10_subsample": -0.2073518555242405, "max_depth": 9.0, "num_boost_round": 131.0}, "datetime": {"datetime": "2024-01-19 00:56:16", "elapsed": 2660.805561, "delta": 0.003806}}
{"target": -17.676956332150457, "params": {"gamma": 841.9345053607691, "log10_alpha": -1.3255007921062716, "log10_colsample_bytree": -0.7410409951313179, "log10_eta": -3.56783124553782, "log10_lambda": 0.8167349665949448, "log10_min_child_weight": 4.316712440189071, "log10_subsample": -0.2073518555242405, "max_depth": 9.0, "num_boost_round": 132.0}, "datetime": {"datetime": "2024-01-19 00:56:16", "elapsed": 2660.80949, "delta": 0.003929}}
{"target": -17.676955278121085, "params": {"gamma": 841.9345053607691, "log10_alpha": -1.3255007921062716, "log10_colsample_bytree": -0.7410409951313179, "log10_eta": -3.56783124553782, "log10_lambda": 0.8167349665949448, "log10_min_child_weight": 4.316712440189071, "log10_subsample": -0.2073518555242405, "max_depth": 9.0, "num_boost_round": 133.0}, "datetime": {"datetime": "2024-01-19 00:56:16", "elapsed": 2660.813232, "delta": 0.003742}}
{"target": -17.676949658961554, "params": {"gamma": 841.9345053607691, "log10_alpha": -1.3255007921062716, "log10_colsample_bytree": -0.7410409951313179, "log10_eta": -3.56783124553782, "log10_lambda": 0.8167349665949448, "log10_min_child_weight": 4.316712440189071, "log10_subsample": -0.2073518555242405, "max_depth": 9.0, "num_boost_round": 134.0}, "datetime": {"datetime": "2024-01-19 00:56:16", "elapsed": 2660.817051, "delta": 0.003819}}
{"target": -17.676942725666873, "params": {"gamma": 841.9345053607691, "log10_alpha": -1.3255007921062716, "log10_colsample_bytree": -0.7410409951313179, "log10_eta": -3.56783124553782, "log10_lambda": 0.8167349665949448, "log10_min_child_weight": 4.316712440189071, "log10_subsample": -0.2073518555242405, "max_depth": 9.0, "num_boost_round": 135.0}, "datetime": {"datetime": "2024-01-19 00:56:16", "elapsed": 2660.820831, "delta": 0.00378}}
{"target": -17.67693672409646, "params": {"gamma": 841.9345053607691, "log10_alpha": -1.3255007921062716, "log10_colsample_bytree": -0.7410409951313179, "log10_eta": -3.56783124553782, "log10_lambda": 0.8167349665949448, "log10_min_child_weight": 4.316712440189071, "log10_subsample": -0.2073518555242405, "max_depth": 9.0, "num_boost_round": 136.0}, "datetime": {"datetime": "2024-01-19 00:56:16", "elapsed": 2660.824854, "delta": 0.004023}}
{"target": -17.676933892274704, "params": {"gamma": 841.9345053607691, "log10_alpha": -1.3255007921062716, "log10_colsample_bytree": -0.7410409951313179, "log10_eta": -3.56783124553782, "log10_lambda": 0.8167349665949448, "log10_min_child_weight": 4.316712440189071, "log10_subsample": -0.2073518555242405, "max_depth": 9.0, "num_boost_round": 137.0}, "datetime": {"datetime": "2024-01-19 00:56:16", "elapsed": 2660.828895, "delta": 0.004041}}
{"target": -17.6769263407176, "params": {"gamma": 841.9345053607691, "log10_alpha": -1.3255007921062716, "log10_colsample_bytree": -0.7410409951313179, "log10_eta": -3.56783124553782, "log10_lambda": 0.8167349665949448, "log10_min_child_weight": 4.316712440189071, "log10_subsample": -0.2073518555242405, "max_depth": 9.0, "num_boost_round": 138.0}, "datetime": {"datetime": "2024-01-19 00:56:16", "elapsed": 2660.832965, "delta": 0.00407}}
{"target": -17.67692493897199, "params": {"gamma": 841.9345053607691, "log10_alpha": -1.3255007921062716, "log10_colsample_bytree": -0.7410409951313179, "log10_eta": -3.56783124553782, "log10_lambda": 0.8167349665949448, "log10_min_child_weight": 4.316712440189071, "log10_subsample": -0.2073518555242405, "max_depth": 9.0, "num_boost_round": 139.0}, "datetime": {"datetime": "2024-01-19 00:56:16", "elapsed": 2660.836787, "delta": 0.003822}}
{"target": -17.676918168397204, "params": {"gamma": 841.9345053607691, "log10_alpha": -1.3255007921062716, "log10_colsample_bytree": -0.7410409951313179, "log10_eta": -3.56783124553782, "log10_lambda": 0.8167349665949448, "log10_min_child_weight": 4.316712440189071, "log10_subsample": -0.2073518555242405, "max_depth": 9.0, "num_boost_round": 140.0}, "datetime": {"datetime": "2024-01-19 00:56:16", "elapsed": 2660.840517, "delta": 0.00373}}
{"target": -17.67691229162656, "params": {"gamma": 841.9345053607691, "log10_alpha": -1.3255007921062716, "log10_colsample_bytree": -0.7410409951313179, "log10_eta": -3.56783124553782, "log10_lambda": 0.8167349665949448, "log10_min_child_weight": 4.316712440189071, "log10_subsample": -0.2073518555242405, "max_depth": 9.0, "num_boost_round": 141.0}, "datetime": {"datetime": "2024-01-19 00:56:16", "elapsed": 2660.845133, "delta": 0.004616}}
{"target": -17.676914748211995, "params": {"gamma": 841.9345053607691, "log10_alpha": -1.3255007921062716, "log10_colsample_bytree": -0.7410409951313179, "log10_eta": -3.56783124553782, "log10_lambda": 0.8167349665949448, "log10_min_child_weight": 4.316712440189071, "log10_subsample": -0.2073518555242405, "max_depth": 9.0, "num_boost_round": 142.0}, "datetime": {"datetime": "2024-01-19 00:56:16", "elapsed": 2660.84894, "delta": 0.003807}}
{"target": -17.676916660622844, "params": {"gamma": 841.9345053607691, "log10_alpha": -1.3255007921062716, "log10_colsample_bytree": -0.7410409951313179, "log10_eta": -3.56783124553782, "log10_lambda": 0.8167349665949448, "log10_min_child_weight": 4.316712440189071, "log10_subsample": -0.2073518555242405, "max_depth": 9.0, "num_boost_round": 143.0}, "datetime": {"datetime": "2024-01-19 00:56:16", "elapsed": 2660.852818, "delta": 0.003878}}
{"target": -17.67691137854484, "params": {"gamma": 841.9345053607691, "log10_alpha": -1.3255007921062716, "log10_colsample_bytree": -0.7410409951313179, "log10_eta": -3.56783124553782, "log10_lambda": 0.8167349665949448, "log10_min_child_weight": 4.316712440189071, "log10_subsample": -0.2073518555242405, "max_depth": 9.0, "num_boost_round": 144.0}, "datetime": {"datetime": "2024-01-19 00:56:16", "elapsed": 2660.856666, "delta": 0.003848}}
{"target": -17.67690717020572, "params": {"gamma": 841.9345053607691, "log10_alpha": -1.3255007921062716, "log10_colsample_bytree": -0.7410409951313179, "log10_eta": -3.56783124553782, "log10_lambda": 0.8167349665949448, "log10_min_child_weight": 4.316712440189071, "log10_subsample": -0.2073518555242405, "max_depth": 9.0, "num_boost_round": 145.0}, "datetime": {"datetime": "2024-01-19 00:56:16", "elapsed": 2660.860468, "delta": 0.003802}}
{"target": -17.676900338560905, "params": {"gamma": 841.9345053607691, "log10_alpha": -1.3255007921062716, "log10_colsample_bytree": -0.7410409951313179, "log10_eta": -3.56783124553782, "log10_lambda": 0.8167349665949448, "log10_min_child_weight": 4.316712440189071, "log10_subsample": -0.2073518555242405, "max_depth": 9.0, "num_boost_round": 146.0}, "datetime": {"datetime": "2024-01-19 00:56:16", "elapsed": 2660.864238, "delta": 0.00377}}
{"target": -17.676904053673535, "params": {"gamma": 841.9345053607691, "log10_alpha": -1.3255007921062716, "log10_colsample_bytree": -0.7410409951313179, "log10_eta": -3.56783124553782, "log10_lambda": 0.8167349665949448, "log10_min_child_weight": 4.316712440189071, "log10_subsample": -0.2073518555242405, "max_depth": 9.0, "num_boost_round": 147.0}, "datetime": {"datetime": "2024-01-19 00:56:16", "elapsed": 2660.868049, "delta": 0.003811}}
{"target": -17.67722676823916, "params": {"gamma": 130.11494318560756, "log10_alpha": -3.4257527135744064, "log10_colsample_bytree": -0.8603810346852508, "log10_eta": -3.6741983394271607, "log10_lambda": -4.919931175233639, "log10_min_child_weight": 2.5231717312701445, "log10_subsample": -0.6181856194448085, "max_depth": 2.0, "num_boost_round": 0.0}, "datetime": {"datetime": "2024-01-19 00:56:55", "elapsed": 2700.256462, "delta": 39.388413}}
{"target": -17.677218486554843, "params": {"gamma": 130.11494318560756, "log10_alpha": -3.4257527135744064, "log10_colsample_bytree": -0.8603810346852508, "log10_eta": -3.6741983394271607, "log10_lambda": -4.919931175233639, "log10_min_child_weight": 2.5231717312701445, "log10_subsample": -0.6181856194448085, "max_depth": 2.0, "num_boost_round": 1.0}, "datetime": {"datetime": "2024-01-19 00:56:55", "elapsed": 2700.261171, "delta": 0.004709}}
{"target": -17.677216643224476, "params": {"gamma": 130.11494318560756, "log10_alpha": -3.4257527135744064, "log10_colsample_bytree": -0.8603810346852508, "log10_eta": -3.6741983394271607, "log10_lambda": -4.919931175233639, "log10_min_child_weight": 2.5231717312701445, "log10_subsample": -0.6181856194448085, "max_depth": 2.0, "num_boost_round": 2.0}, "datetime": {"datetime": "2024-01-19 00:56:55", "elapsed": 2700.26494, "delta": 0.003769}}
{"target": -17.677211182102308, "params": {"gamma": 130.11494318560756, "log10_alpha": -3.4257527135744064, "log10_colsample_bytree": -0.8603810346852508, "log10_eta": -3.6741983394271607, "log10_lambda": -4.919931175233639, "log10_min_child_weight": 2.5231717312701445, "log10_subsample": -0.6181856194448085, "max_depth": 2.0, "num_boost_round": 3.0}, "datetime": {"datetime": "2024-01-19 00:56:55", "elapsed": 2700.268695, "delta": 0.003755}}
{"target": -17.677207356905086, "params": {"gamma": 130.11494318560756, "log10_alpha": -3.4257527135744064, "log10_colsample_bytree": -0.8603810346852508, "log10_eta": -3.6741983394271607, "log10_lambda": -4.919931175233639, "log10_min_child_weight": 2.5231717312701445, "log10_subsample": -0.6181856194448085, "max_depth": 2.0, "num_boost_round": 4.0}, "datetime": {"datetime": "2024-01-19 00:56:55", "elapsed": 2700.272228, "delta": 0.003533}}
{"target": -17.677201533375545, "params": {"gamma": 130.11494318560756, "log10_alpha": -3.4257527135744064, "log10_colsample_bytree": -0.8603810346852508, "log10_eta": -3.6741983394271607, "log10_lambda": -4.919931175233639, "log10_min_child_weight": 2.5231717312701445, "log10_subsample": -0.6181856194448085, "max_depth": 2.0, "num_boost_round": 5.0}, "datetime": {"datetime": "2024-01-19 00:56:55", "elapsed": 2700.275728, "delta": 0.0035}}
{"target": -17.677205199704204, "params": {"gamma": 130.11494318560756, "log10_alpha": -3.4257527135744064, "log10_colsample_bytree": -0.8603810346852508, "log10_eta": -3.6741983394271607, "log10_lambda": -4.919931175233639, "log10_min_child_weight": 2.5231717312701445, "log10_subsample": -0.6181856194448085, "max_depth": 2.0, "num_boost_round": 6.0}, "datetime": {"datetime": "2024-01-19 00:56:55", "elapsed": 2700.279293, "delta": 0.003565}}
{"target": -17.677199719520704, "params": {"gamma": 130.11494318560756, "log10_alpha": -3.4257527135744064, "log10_colsample_bytree": -0.8603810346852508, "log10_eta": -3.6741983394271607, "log10_lambda": -4.919931175233639, "log10_min_child_weight": 2.5231717312701445, "log10_subsample": -0.6181856194448085, "max_depth": 2.0, "num_boost_round": 7.0}, "datetime": {"datetime": "2024-01-19 00:56:55", "elapsed": 2700.282827, "delta": 0.003534}}
{"target": -17.677201230716435, "params": {"gamma": 130.11494318560756, "log10_alpha": -3.4257527135744064, "log10_colsample_bytree": -0.8603810346852508, "log10_eta": -3.6741983394271607, "log10_lambda": -4.919931175233639, "log10_min_child_weight": 2.5231717312701445, "log10_subsample": -0.6181856194448085, "max_depth": 2.0, "num_boost_round": 8.0}, "datetime": {"datetime": "2024-01-19 00:56:55", "elapsed": 2700.286429, "delta": 0.003602}}
