{"target": -17.677137403863604, "params": {"gamma": 629.1649794456699, "log10_alpha": -1.2637659989608627, "log10_colsample_bytree": -0.7911677779552191, "log10_eta": -3.9276570794721466, "log10_lambda": -4.87881305126787, "log10_min_child_weight": 2.5136260561189965, "log10_subsample": -0.5339739038299612, "max_depth": 5.0, "num_boost_round": 21.0}, "datetime": {"datetime": "2024-01-19 01:05:23", "elapsed": 3220.419156, "delta": 0.003284}}
{"target": -17.677130574241904, "params": {"gamma": 629.1649794456699, "log10_alpha": -1.2637659989608627, "log10_colsample_bytree": -0.7911677779552191, "log10_eta": -3.9276570794721466, "log10_lambda": -4.87881305126787, "log10_min_child_weight": 2.5136260561189965, "log10_subsample": -0.5339739038299612, "max_depth": 5.0, "num_boost_round": 22.0}, "datetime": {"datetime": "2024-01-19 01:05:23", "elapsed": 3220.422449, "delta": 0.003293}}
{"target": -17.677122992258617, "params": {"gamma": 629.1649794456699, "log10_alpha": -1.2637659989608627, "log10_colsample_bytree": -0.7911677779552191, "log10_eta": -3.9276570794721466, "log10_lambda": -4.87881305126787, "log10_min_child_weight": 2.5136260561189965, "log10_subsample": -0.5339739038299612, "max_depth": 5.0, "num_boost_round": 23.0}, "datetime": {"datetime": "2024-01-19 01:05:23", "elapsed": 3220.42578, "delta": 0.003331}}
{"target": -17.677121874160786, "params": {"gamma": 629.1649794456699, "log10_alpha": -1.2637659989608627, "log10_colsample_bytree": -0.7911677779552191, "log10_eta": -3.9276570794721466, "log10_lambda": -4.87881305126787, "log10_min_child_weight": 2.5136260561189965, "log10_subsample": -0.5339739038299612, "max_depth": 5.0, "num_boost_round": 24.0}, "datetime": {"datetime": "2024-01-19 01:05:23", "elapsed": 3220.429077, "delta": 0.003297}}
{"target": -17.677115070193075, "params": {"gamma": 629.1649794456699, "log10_alpha": -1.2637659989608627, "log10_colsample_bytree": -0.7911677779552191, "log10_eta": -3.9276570794721466, "log10_lambda": -4.87881305126787, "log10_min_child_weight": 2.5136260561189965, "log10_subsample": -0.5339739038299612, "max_depth": 5.0, "num_boost_round": 25.0}, "datetime": {"datetime": "2024-01-19 01:05:23", "elapsed": 3220.432391, "delta": 0.003314}}
{"target": -17.67722185863599, "params": {"gamma": 536.5617903401486, "log10_alpha": 0.7476623726809208, "log10_colsample_bytree": -0.5086506680882077, "log10_eta": -3.3294141202438428, "log10_lambda": 0.4225319854328724, "log10_min_child_weight": 2.007337495298285, "log10_subsample": -0.10150842609524435, "max_depth": 2.0, "num_boost_round": 0.0}, "datetime": {"datetime": "2024-01-19 01:06:11", "elapsed": 3269.256644, "delta": 48.824253}}
{"target": -17.677210635901705, "params": {"gamma": 536.5617903401486, "log10_alpha": 0.7476623726809208, "log10_colsample_bytree": -0.5086506680882077, "log10_eta": -3.3294141202438428, "log10_lambda": 0.4225319854328724, "log10_min_child_weight": 2.007337495298285, "log10_subsample": -0.10150842609524435, "max_depth": 2.0, "num_boost_round": 1.0}, "datetime": {"datetime": "2024-01-19 01:06:11", "elapsed": 3269.260369, "delta": 0.003725}}
{"target": -17.67719678092546, "params": {"gamma": 536.5617903401486, "log10_alpha": 0.7476623726809208, "log10_colsample_bytree": -0.5086506680882077, "log10_eta": -3.3294141202438428, "log10_lambda": 0.4225319854328724, "log10_min_child_weight": 2.007337495298285, "log10_subsample": -0.10150842609524435, "max_depth": 2.0, "num_boost_round": 2.0}, "datetime": {"datetime": "2024-01-19 01:06:11", "elapsed": 3269.264388, "delta": 0.004019}}
{"target": -17.677193039779265, "params": {"gamma": 536.5617903401486, "log10_alpha": 0.7476623726809208, "log10_colsample_bytree": -0.5086506680882077, "log10_eta": -3.3294141202438428, "log10_lambda": 0.4225319854328724, "log10_min_child_weight": 2.007337495298285, "log10_subsample": -0.10150842609524435, "max_depth": 2.0, "num_boost_round": 3.0}, "datetime": {"datetime": "2024-01-19 01:06:11", "elapsed": 3269.267628, "delta": 0.00324}}
{"target": -17.677185420739217, "params": {"gamma": 536.5617903401486, "log10_alpha": 0.7476623726809208, "log10_colsample_bytree": -0.5086506680882077, "log10_eta": -3.3294141202438428, "log10_lambda": 0.4225319854328724, "log10_min_child_weight": 2.007337495298285, "log10_subsample": -0.10150842609524435, "max_depth": 2.0, "num_boost_round": 4.0}, "datetime": {"datetime": "2024-01-19 01:06:11", "elapsed": 3269.270865, "delta": 0.003237}}
{"target": -17.67717607962772, "params": {"gamma": 536.5617903401486, "log10_alpha": 0.7476623726809208, "log10_colsample_bytree": -0.5086506680882077, "log10_eta": -3.3294141202438428, "log10_lambda": 0.4225319854328724, "log10_min_child_weight": 2.007337495298285, "log10_subsample": -0.10150842609524435, "max_depth": 2.0, "num_boost_round": 5.0}, "datetime": {"datetime": "2024-01-19 01:06:11", "elapsed": 3269.274104, "delta": 0.003239}}
{"target": -17.677170654365508, "params": {"gamma": 536.5617903401486, "log10_alpha": 0.7476623726809208, "log10_colsample_bytree": -0.5086506680882077, "log10_eta": -3.3294141202438428, "log10_lambda": 0.4225319854328724, "log10_min_child_weight": 2.007337495298285, "log10_subsample": -0.10150842609524435, "max_depth": 2.0, "num_boost_round": 6.0}, "datetime": {"datetime": "2024-01-19 01:06:11", "elapsed": 3269.277368, "delta": 0.003264}}
{"target": -17.67716086003637, "params": {"gamma": 536.5617903401486, "log10_alpha": 0.7476623726809208, "log10_colsample_bytree": -0.5086506680882077, "log10_eta": -3.3294141202438428, "log10_lambda": 0.4225319854328724, "log10_min_child_weight": 2.007337495298285, "log10_subsample": -0.10150842609524435, "max_depth": 2.0, "num_boost_round": 7.0}, "datetime": {"datetime": "2024-01-19 01:06:11", "elapsed": 3269.281298, "delta": 0.00393}}
{"target": -17.677150037705125, "params": {"gamma": 536.5617903401486, "log10_alpha": 0.7476623726809208, "log10_colsample_bytree": -0.5086506680882077, "log10_eta": -3.3294141202438428, "log10_lambda": 0.4225319854328724, "log10_min_child_weight": 2.007337495298285, "log10_subsample": -0.10150842609524435, "max_depth": 2.0, "num_boost_round": 8.0}, "datetime": {"datetime": "2024-01-19 01:06:11", "elapsed": 3269.284684, "delta": 0.003386}}
{"target": -17.677132621174128, "params": {"gamma": 536.5617903401486, "log10_alpha": 0.7476623726809208, "log10_colsample_bytree": -0.5086506680882077, "log10_eta": -3.3294141202438428, "log10_lambda": 0.4225319854328724, "log10_min_child_weight": 2.007337495298285, "log10_subsample": -0.10150842609524435, "max_depth": 2.0, "num_boost_round": 9.0}, "datetime": {"datetime": "2024-01-19 01:06:11", "elapsed": 3269.287937, "delta": 0.003253}}
{"target": -17.67712070962174, "params": {"gamma": 536.5617903401486, "log10_alpha": 0.7476623726809208, "log10_colsample_bytree": -0.5086506680882077, "log10_eta": -3.3294141202438428, "log10_lambda": 0.4225319854328724, "log10_min_child_weight": 2.007337495298285, "log10_subsample": -0.10150842609524435, "max_depth": 2.0, "num_boost_round": 10.0}, "datetime": {"datetime": "2024-01-19 01:06:11", "elapsed": 3269.291285, "delta": 0.003348}}
{"target": -17.677113060807105, "params": {"gamma": 536.5617903401486, "log10_alpha": 0.7476623726809208, "log10_colsample_bytree": -0.5086506680882077, "log10_eta": -3.3294141202438428, "log10_lambda": 0.4225319854328724, "log10_min_child_weight": 2.007337495298285, "log10_subsample": -0.10150842609524435, "max_depth": 2.0, "num_boost_round": 11.0}, "datetime": {"datetime": "2024-01-19 01:06:11", "elapsed": 3269.294616, "delta": 0.003331}}
{"target": -17.677097985828283, "params": {"gamma": 536.5617903401486, "log10_alpha": 0.7476623726809208, "log10_colsample_bytree": -0.5086506680882077, "log10_eta": -3.3294141202438428, "log10_lambda": 0.4225319854328724, "log10_min_child_weight": 2.007337495298285, "log10_subsample": -0.10150842609524435, "max_depth": 2.0, "num_boost_round": 12.0}, "datetime": {"datetime": "2024-01-19 01:06:11", "elapsed": 3269.29788, "delta": 0.003264}}
{"target": -17.67708277566384, "params": {"gamma": 536.5617903401486, "log10_alpha": 0.7476623726809208, "log10_colsample_bytree": -0.5086506680882077, "log10_eta": -3.3294141202438428, "log10_lambda": 0.4225319854328724, "log10_min_child_weight": 2.007337495298285, "log10_subsample": -0.10150842609524435, "max_depth": 2.0, "num_boost_round": 13.0}, "datetime": {"datetime": "2024-01-19 01:06:11", "elapsed": 3269.301157, "delta": 0.003277}}
{"target": -17.67707948711896, "params": {"gamma": 536.5617903401486, "log10_alpha": 0.7476623726809208, "log10_colsample_bytree": -0.5086506680882077, "log10_eta": -3.3294141202438428, "log10_lambda": 0.4225319854328724, "log10_min_child_weight": 2.007337495298285, "log10_subsample": -0.10150842609524435, "max_depth": 2.0, "num_boost_round": 14.0}, "datetime": {"datetime": "2024-01-19 01:06:11", "elapsed": 3269.304438, "delta": 0.003281}}
{"target": -17.677064592742358, "params": {"gamma": 536.5617903401486, "log10_alpha": 0.7476623726809208, "log10_colsample_bytree": -0.5086506680882077, "log10_eta": -3.3294141202438428, "log10_lambda": 0.4225319854328724, "log10_min_child_weight": 2.007337495298285, "log10_subsample": -0.10150842609524435, "max_depth": 2.0, "num_boost_round": 15.0}, "datetime": {"datetime": "2024-01-19 01:06:11", "elapsed": 3269.307704, "delta": 0.003266}}
{"target": -17.67705077558224, "params": {"gamma": 536.5617903401486, "log10_alpha": 0.7476623726809208, "log10_colsample_bytree": -0.5086506680882077, "log10_eta": -3.3294141202438428, "log10_lambda": 0.4225319854328724, "log10_min_child_weight": 2.007337495298285, "log10_subsample": -0.10150842609524435, "max_depth": 2.0, "num_boost_round": 16.0}, "datetime": {"datetime": "2024-01-19 01:06:11", "elapsed": 3269.311033, "delta": 0.003329}}
{"target": -17.677044294601572, "params": {"gamma": 536.5617903401486, "log10_alpha": 0.7476623726809208, "log10_colsample_bytree": -0.5086506680882077, "log10_eta": -3.3294141202438428, "log10_lambda": 0.4225319854328724, "log10_min_child_weight": 2.007337495298285, "log10_subsample": -0.10150842609524435, "max_depth": 2.0, "num_boost_round": 17.0}, "datetime": {"datetime": "2024-01-19 01:06:11", "elapsed": 3269.314344, "delta": 0.003311}}
{"target": -17.67704231189919, "params": {"gamma": 536.5617903401486, "log10_alpha": 0.7476623726809208, "log10_colsample_bytree": -0.5086506680882077, "log10_eta": -3.3294141202438428, "log10_lambda": 0.4225319854328724, "log10_min_child_weight": 2.007337495298285, "log10_subsample": -0.10150842609524435, "max_depth": 2.0, "num_boost_round": 18.0}, "datetime": {"datetime": "2024-01-19 01:06:11", "elapsed": 3269.317639, "delta": 0.003295}}
{"target": -17.677034211156506, "params": {"gamma": 536.5617903401486, "log10_alpha": 0.7476623726809208, "log10_colsample_bytree": -0.5086506680882077, "log10_eta": -3.3294141202438428, "log10_lambda": 0.4225319854328724, "log10_min_child_weight": 2.007337495298285, "log10_subsample": -0.10150842609524435, "max_depth": 2.0, "num_boost_round": 19.0}, "datetime": {"datetime": "2024-01-19 01:06:11", "elapsed": 3269.321013, "delta": 0.003374}}
{"target": -17.67702153478283, "params": {"gamma": 536.5617903401486, "log10_alpha": 0.7476623726809208, "log10_colsample_bytree": -0.5086506680882077, "log10_eta": -3.3294141202438428, "log10_lambda": 0.4225319854328724, "log10_min_child_weight": 2.007337495298285, "log10_subsample": -0.10150842609524435, "max_depth": 2.0, "num_boost_round": 20.0}, "datetime": {"datetime": "2024-01-19 01:06:11", "elapsed": 3269.324287, "delta": 0.003274}}
{"target": -17.677008471826777, "params": {"gamma": 536.5617903401486, "log10_alpha": 0.7476623726809208, "log10_colsample_bytree": -0.5086506680882077, "log10_eta": -3.3294141202438428, "log10_lambda": 0.4225319854328724, "log10_min_child_weight": 2.007337495298285, "log10_subsample": -0.10150842609524435, "max_depth": 2.0, "num_boost_round": 21.0}, "datetime": {"datetime": "2024-01-19 01:06:11", "elapsed": 3269.327563, "delta": 0.003276}}
{"target": -17.677000499096394, "params": {"gamma": 536.5617903401486, "log10_alpha": 0.7476623726809208, "log10_colsample_bytree": -0.5086506680882077, "log10_eta": -3.3294141202438428, "log10_lambda": 0.4225319854328724, "log10_min_child_weight": 2.007337495298285, "log10_subsample": -0.10150842609524435, "max_depth": 2.0, "num_boost_round": 22.0}, "datetime": {"datetime": "2024-01-19 01:06:11", "elapsed": 3269.331128, "delta": 0.003565}}
{"target": -17.676980406672765, "params": {"gamma": 536.5617903401486, "log10_alpha": 0.7476623726809208, "log10_colsample_bytree": -0.5086506680882077, "log10_eta": -3.3294141202438428, "log10_lambda": 0.4225319854328724, "log10_min_child_weight": 2.007337495298285, "log10_subsample": -0.10150842609524435, "max_depth": 2.0, "num_boost_round": 23.0}, "datetime": {"datetime": "2024-01-19 01:06:11", "elapsed": 3269.334548, "delta": 0.00342}}
{"target": -17.67697733255843, "params": {"gamma": 536.5617903401486, "log10_alpha": 0.7476623726809208, "log10_colsample_bytree": -0.5086506680882077, "log10_eta": -3.3294141202438428, "log10_lambda": 0.4225319854328724, "log10_min_child_weight": 2.007337495298285, "log10_subsample": -0.10150842609524435, "max_depth": 2.0, "num_boost_round": 24.0}, "datetime": {"datetime": "2024-01-19 01:06:11", "elapsed": 3269.338874, "delta": 0.004326}}
{"target": -17.67697014993103, "params": {"gamma": 536.5617903401486, "log10_alpha": 0.7476623726809208, "log10_colsample_bytree": -0.5086506680882077, "log10_eta": -3.3294141202438428, "log10_lambda": 0.4225319854328724, "log10_min_child_weight": 2.007337495298285, "log10_subsample": -0.10150842609524435, "max_depth": 2.0, "num_boost_round": 25.0}, "datetime": {"datetime": "2024-01-19 01:06:12", "elapsed": 3269.342491, "delta": 0.003617}}
{"target": -17.67722059619704, "params": {"gamma": 620.9615201950373, "log10_alpha": -1.6449036917996565, "log10_colsample_bytree": -0.9738277562760069, "log10_eta": -2.9029327727184477, "log10_lambda": -4.7211602555488525, "log10_min_child_weight": 0.8312341927319689, "log10_subsample": -0.7093729488286395, "max_depth": 7.0, "num_boost_round": 0.0}, "datetime": {"datetime": "2024-01-19 01:06:58", "elapsed": 3315.453805, "delta": 46.111314}}
{"target": -17.677210410092975, "params": {"gamma": 620.9615201950373, "log10_alpha": -1.6449036917996565, "log10_colsample_bytree": -0.9738277562760069, "log10_eta": -2.9029327727184477, "log10_lambda": -4.7211602555488525, "log10_min_child_weight": 0.8312341927319689, "log10_subsample": -0.7093729488286395, "max_depth": 7.0, "num_boost_round": 1.0}, "datetime": {"datetime": "2024-01-19 01:06:58", "elapsed": 3315.458055, "delta": 0.00425}}
{"target": -17.677091763971166, "params": {"gamma": 620.9615201950373, "log10_alpha": -1.6449036917996565, "log10_colsample_bytree": -0.9738277562760069, "log10_eta": -2.9029327727184477, "log10_lambda": -4.7211602555488525, "log10_min_child_weight": 0.8312341927319689, "log10_subsample": -0.7093729488286395, "max_depth": 7.0, "num_boost_round": 2.0}, "datetime": {"datetime": "2024-01-19 01:06:58", "elapsed": 3315.461571, "delta": 0.003516}}
{"target": -17.677068500405888, "params": {"gamma": 620.9615201950373, "log10_alpha": -1.6449036917996565, "log10_colsample_bytree": -0.9738277562760069, "log10_eta": -2.9029327727184477, "log10_lambda": -4.7211602555488525, "log10_min_child_weight": 0.8312341927319689, "log10_subsample": -0.7093729488286395, "max_depth": 7.0, "num_boost_round": 3.0}, "datetime": {"datetime": "2024-01-19 01:06:58", "elapsed": 3315.464864, "delta": 0.003293}}
{"target": -17.677015095174, "params": {"gamma": 620.9615201950373, "log10_alpha": -1.6449036917996565, "log10_colsample_bytree": -0.9738277562760069, "log10_eta": -2.9029327727184477, "log10_lambda": -4.7211602555488525, "log10_min_child_weight": 0.8312341927319689, "log10_subsample": -0.7093729488286395, "max_depth": 7.0, "num_boost_round": 4.0}, "datetime": {"datetime": "2024-01-19 01:06:58", "elapsed": 3315.468142, "delta": 0.003278}}
{"target": -17.67703260534332, "params": {"gamma": 620.9615201950373, "log10_alpha": -1.6449036917996565, "log10_colsample_bytree": -0.9738277562760069, "log10_eta": -2.9029327727184477, "log10_lambda": -4.7211602555488525, "log10_min_child_weight": 0.8312341927319689, "log10_subsample": -0.7093729488286395, "max_depth": 7.0, "num_boost_round": 5.0}, "datetime": {"datetime": "2024-01-19 01:06:58", "elapsed": 3315.4715, "delta": 0.003358}}
{"target": -17.677082436262847, "params": {"gamma": 620.9615201950373, "log10_alpha": -1.6449036917996565, "log10_colsample_bytree": -0.9738277562760069, "log10_eta": -2.9029327727184477, "log10_lambda": -4.7211602555488525, "log10_min_child_weight": 0.8312341927319689, "log10_subsample": -0.7093729488286395, "max_depth": 7.0, "num_boost_round": 6.0}, "datetime": {"datetime": "2024-01-19 01:06:58", "elapsed": 3315.47487, "delta": 0.00337}}
{"target": -17.676982837819885, "params": {"gamma": 620.9615201950373, "log10_alpha": -1.6449036917996565, "log10_colsample_bytree": -0.9738277562760069, "log10_eta": -2.9029327727184477, "log10_lambda": -4.7211602555488525, "log10_min_child_weight": 0.8312341927319689, "log10_subsample": -0.7093729488286395, "max_depth": 7.0, "num_boost_round": 7.0}, "datetime": {"datetime": "2024-01-19 01:06:58", "elapsed": 3315.478201, "delta": 0.003331}}
{"target": -17.677041703949666, "params": {"gamma": 620.9615201950373, "log10_alpha": -1.6449036917996565, "log10_colsample_bytree": -0.9738277562760069, "log10_eta": -2.9029327727184477, "log10_lambda": -4.7211602555488525, "log10_min_child_weight": 0.8312341927319689, "log10_subsample": -0.7093729488286395, "max_depth": 7.0, "num_boost_round": 8.0}, "datetime": {"datetime": "2024-01-19 01:06:58", "elapsed": 3315.481642, "delta": 0.003441}}
{"target": -17.67697276305904, "params": {"gamma": 620.9615201950373, "log10_alpha": -1.6449036917996565, "log10_colsample_bytree": -0.9738277562760069, "log10_eta": -2.9029327727184477, "log10_lambda": -4.7211602555488525, "log10_min_child_weight": 0.8312341927319689, "log10_subsample": -0.7093729488286395, "max_depth": 7.0, "num_boost_round": 9.0}, "datetime": {"datetime": "2024-01-19 01:06:58", "elapsed": 3315.485052, "delta": 0.00341}}
{"target": -17.676917594131844, "params": {"gamma": 620.9615201950373, "log10_alpha": -1.6449036917996565, "log10_colsample_bytree": -0.9738277562760069, "log10_eta": -2.9029327727184477, "log10_lambda": -4.7211602555488525, "log10_min_child_weight": 0.8312341927319689, "log10_subsample": -0.7093729488286395, "max_depth": 7.0, "num_boost_round": 10.0}, "datetime": {"datetime": "2024-01-19 01:06:58", "elapsed": 3315.488344, "delta": 0.003292}}
{"target": -17.67690573798669, "params": {"gamma": 620.9615201950373, "log10_alpha": -1.6449036917996565, "log10_colsample_bytree": -0.9738277562760069, "log10_eta": -2.9029327727184477, "log10_lambda": -4.7211602555488525, "log10_min_child_weight": 0.8312341927319689, "log10_subsample": -0.7093729488286395, "max_depth": 7.0, "num_boost_round": 11.0}, "datetime": {"datetime": "2024-01-19 01:06:58", "elapsed": 3315.491756, "delta": 0.003412}}
{"target": -17.67687043942151, "params": {"gamma": 620.9615201950373, "log10_alpha": -1.6449036917996565, "log10_colsample_bytree": -0.9738277562760069, "log10_eta": -2.9029327727184477, "log10_lambda": -4.7211602555488525, "log10_min_child_weight": 0.8312341927319689, "log10_subsample": -0.7093729488286395, "max_depth": 7.0, "num_boost_round": 12.0}, "datetime": {"datetime": "2024-01-19 01:06:58", "elapsed": 3315.495042, "delta": 0.003286}}
{"target": -17.676810017637063, "params": {"gamma": 620.9615201950373, "log10_alpha": -1.6449036917996565, "log10_colsample_bytree": -0.9738277562760069, "log10_eta": -2.9029327727184477, "log10_lambda": -4.7211602555488525, "log10_min_child_weight": 0.8312341927319689, "log10_subsample": -0.7093729488286395, "max_depth": 7.0, "num_boost_round": 13.0}, "datetime": {"datetime": "2024-01-19 01:06:58", "elapsed": 3315.498325, "delta": 0.003283}}
{"target": -17.676793902934154, "params": {"gamma": 620.9615201950373, "log10_alpha": -1.6449036917996565, "log10_colsample_bytree": -0.9738277562760069, "log10_eta": -2.9029327727184477, "log10_lambda": -4.7211602555488525, "log10_min_child_weight": 0.8312341927319689, "log10_subsample": -0.7093729488286395, "max_depth": 7.0, "num_boost_round": 14.0}, "datetime": {"datetime": "2024-01-19 01:06:58", "elapsed": 3315.501655, "delta": 0.00333}}
{"target": -17.676755088471836, "params": {"gamma": 620.9615201950373, "log10_alpha": -1.6449036917996565, "log10_colsample_bytree": -0.9738277562760069, "log10_eta": -2.9029327727184477, "log10_lambda": -4.7211602555488525, "log10_min_child_weight": 0.8312341927319689, "log10_subsample": -0.7093729488286395, "max_depth": 7.0, "num_boost_round": 15.0}, "datetime": {"datetime": "2024-01-19 01:06:58", "elapsed": 3315.504945, "delta": 0.00329}}
{"target": -17.676729017494925, "params": {"gamma": 620.9615201950373, "log10_alpha": -1.6449036917996565, "log10_colsample_bytree": -0.9738277562760069, "log10_eta": -2.9029327727184477, "log10_lambda": -4.7211602555488525, "log10_min_child_weight": 0.8312341927319689, "log10_subsample": -0.7093729488286395, "max_depth": 7.0, "num_boost_round": 16.0}, "datetime": {"datetime": "2024-01-19 01:06:58", "elapsed": 3315.508217, "delta": 0.003272}}
{"target": -17.67672580840057, "params": {"gamma": 620.9615201950373, "log10_alpha": -1.6449036917996565, "log10_colsample_bytree": -0.9738277562760069, "log10_eta": -2.9029327727184477, "log10_lambda": -4.7211602555488525, "log10_min_child_weight": 0.8312341927319689, "log10_subsample": -0.7093729488286395, "max_depth": 7.0, "num_boost_round": 17.0}, "datetime": {"datetime": "2024-01-19 01:06:58", "elapsed": 3315.511615, "delta": 0.003398}}
