{"target": -13.757660561989285, "params": {"gamma": 582.0238583508163, "log10_alpha": 0.2616716697950334, "log10_colsample_bytree": -0.7415388766311627, "log10_eta": -2.946011834546996, "log10_lambda": 0.522104692893957, "log10_min_child_weight": 0.7317911379958403, "log10_subsample": -0.6862141956307447, "max_depth": 9.0, "num_boost_round": 26.0}, "datetime": {"datetime": "2024-01-19 01:56:19", "elapsed": 6310.945078, "delta": 0.006436}}
{"target": -13.75764097492013, "params": {"gamma": 582.0238583508163, "log10_alpha": 0.2616716697950334, "log10_colsample_bytree": -0.7415388766311627, "log10_eta": -2.946011834546996, "log10_lambda": 0.522104692893957, "log10_min_child_weight": 0.7317911379958403, "log10_subsample": -0.6862141956307447, "max_depth": 9.0, "num_boost_round": 27.0}, "datetime": {"datetime": "2024-01-19 01:56:19", "elapsed": 6310.951242, "delta": 0.006164}}
{"target": -13.757554868462288, "params": {"gamma": 582.0238583508163, "log10_alpha": 0.2616716697950334, "log10_colsample_bytree": -0.7415388766311627, "log10_eta": -2.946011834546996, "log10_lambda": 0.522104692893957, "log10_min_child_weight": 0.7317911379958403, "log10_subsample": -0.6862141956307447, "max_depth": 9.0, "num_boost_round": 28.0}, "datetime": {"datetime": "2024-01-19 01:56:19", "elapsed": 6310.957246, "delta": 0.006004}}
{"target": -13.757452004918894, "params": {"gamma": 582.0238583508163, "log10_alpha": 0.2616716697950334, "log10_colsample_bytree": -0.7415388766311627, "log10_eta": -2.946011834546996, "log10_lambda": 0.522104692893957, "log10_min_child_weight": 0.7317911379958403, "log10_subsample": -0.6862141956307447, "max_depth": 9.0, "num_boost_round": 29.0}, "datetime": {"datetime": "2024-01-19 01:56:19", "elapsed": 6310.96334, "delta": 0.006094}}
{"target": -13.757447911952545, "params": {"gamma": 582.0238583508163, "log10_alpha": 0.2616716697950334, "log10_colsample_bytree": -0.7415388766311627, "log10_eta": -2.946011834546996, "log10_lambda": 0.522104692893957, "log10_min_child_weight": 0.7317911379958403, "log10_subsample": -0.6862141956307447, "max_depth": 9.0, "num_boost_round": 30.0}, "datetime": {"datetime": "2024-01-19 01:56:19", "elapsed": 6310.97024, "delta": 0.0069}}
{"target": -13.757353973904227, "params": {"gamma": 582.0238583508163, "log10_alpha": 0.2616716697950334, "log10_colsample_bytree": -0.7415388766311627, "log10_eta": -2.946011834546996, "log10_lambda": 0.522104692893957, "log10_min_child_weight": 0.7317911379958403, "log10_subsample": -0.6862141956307447, "max_depth": 9.0, "num_boost_round": 31.0}, "datetime": {"datetime": "2024-01-19 01:56:19", "elapsed": 6310.976442, "delta": 0.006202}}
{"target": -13.757337032213087, "params": {"gamma": 582.0238583508163, "log10_alpha": 0.2616716697950334, "log10_colsample_bytree": -0.7415388766311627, "log10_eta": -2.946011834546996, "log10_lambda": 0.522104692893957, "log10_min_child_weight": 0.7317911379958403, "log10_subsample": -0.6862141956307447, "max_depth": 9.0, "num_boost_round": 32.0}, "datetime": {"datetime": "2024-01-19 01:56:19", "elapsed": 6310.982699, "delta": 0.006257}}
{"target": -13.7573128013, "params": {"gamma": 582.0238583508163, "log10_alpha": 0.2616716697950334, "log10_colsample_bytree": -0.7415388766311627, "log10_eta": -2.946011834546996, "log10_lambda": 0.522104692893957, "log10_min_child_weight": 0.7317911379958403, "log10_subsample": -0.6862141956307447, "max_depth": 9.0, "num_boost_round": 33.0}, "datetime": {"datetime": "2024-01-19 01:56:19", "elapsed": 6310.988626, "delta": 0.005927}}
{"target": -13.75726889733798, "params": {"gamma": 582.0238583508163, "log10_alpha": 0.2616716697950334, "log10_colsample_bytree": -0.7415388766311627, "log10_eta": -2.946011834546996, "log10_lambda": 0.522104692893957, "log10_min_child_weight": 0.7317911379958403, "log10_subsample": -0.6862141956307447, "max_depth": 9.0, "num_boost_round": 34.0}, "datetime": {"datetime": "2024-01-19 01:56:19", "elapsed": 6310.994513, "delta": 0.005887}}
{"target": -13.757207988997395, "params": {"gamma": 582.0238583508163, "log10_alpha": 0.2616716697950334, "log10_colsample_bytree": -0.7415388766311627, "log10_eta": -2.946011834546996, "log10_lambda": 0.522104692893957, "log10_min_child_weight": 0.7317911379958403, "log10_subsample": -0.6862141956307447, "max_depth": 9.0, "num_boost_round": 35.0}, "datetime": {"datetime": "2024-01-19 01:56:19", "elapsed": 6311.000442, "delta": 0.005929}}
{"target": -13.757209558303076, "params": {"gamma": 582.0238583508163, "log10_alpha": 0.2616716697950334, "log10_colsample_bytree": -0.7415388766311627, "log10_eta": -2.946011834546996, "log10_lambda": 0.522104692893957, "log10_min_child_weight": 0.7317911379958403, "log10_subsample": -0.6862141956307447, "max_depth": 9.0, "num_boost_round": 36.0}, "datetime": {"datetime": "2024-01-19 01:56:19", "elapsed": 6311.006446, "delta": 0.006004}}
{"target": -13.757163952766788, "params": {"gamma": 582.0238583508163, "log10_alpha": 0.2616716697950334, "log10_colsample_bytree": -0.7415388766311627, "log10_eta": -2.946011834546996, "log10_lambda": 0.522104692893957, "log10_min_child_weight": 0.7317911379958403, "log10_subsample": -0.6862141956307447, "max_depth": 9.0, "num_boost_round": 37.0}, "datetime": {"datetime": "2024-01-19 01:56:19", "elapsed": 6311.012592, "delta": 0.006146}}
{"target": -13.757144393548705, "params": {"gamma": 582.0238583508163, "log10_alpha": 0.2616716697950334, "log10_colsample_bytree": -0.7415388766311627, "log10_eta": -2.946011834546996, "log10_lambda": 0.522104692893957, "log10_min_child_weight": 0.7317911379958403, "log10_subsample": -0.6862141956307447, "max_depth": 9.0, "num_boost_round": 38.0}, "datetime": {"datetime": "2024-01-19 01:56:19", "elapsed": 6311.023193, "delta": 0.010601}}
{"target": -13.757157977004562, "params": {"gamma": 582.0238583508163, "log10_alpha": 0.2616716697950334, "log10_colsample_bytree": -0.7415388766311627, "log10_eta": -2.946011834546996, "log10_lambda": 0.522104692893957, "log10_min_child_weight": 0.7317911379958403, "log10_subsample": -0.6862141956307447, "max_depth": 9.0, "num_boost_round": 39.0}, "datetime": {"datetime": "2024-01-19 01:56:19", "elapsed": 6311.029619, "delta": 0.006426}}
{"target": -13.757126348901105, "params": {"gamma": 582.0238583508163, "log10_alpha": 0.2616716697950334, "log10_colsample_bytree": -0.7415388766311627, "log10_eta": -2.946011834546996, "log10_lambda": 0.522104692893957, "log10_min_child_weight": 0.7317911379958403, "log10_subsample": -0.6862141956307447, "max_depth": 9.0, "num_boost_round": 40.0}, "datetime": {"datetime": "2024-01-19 01:56:19", "elapsed": 6311.035681, "delta": 0.006062}}
{"target": -13.757050749341584, "params": {"gamma": 582.0238583508163, "log10_alpha": 0.2616716697950334, "log10_colsample_bytree": -0.7415388766311627, "log10_eta": -2.946011834546996, "log10_lambda": 0.522104692893957, "log10_min_child_weight": 0.7317911379958403, "log10_subsample": -0.6862141956307447, "max_depth": 9.0, "num_boost_round": 41.0}, "datetime": {"datetime": "2024-01-19 01:56:19", "elapsed": 6311.041723, "delta": 0.006042}}
{"target": -13.756988348627411, "params": {"gamma": 582.0238583508163, "log10_alpha": 0.2616716697950334, "log10_colsample_bytree": -0.7415388766311627, "log10_eta": -2.946011834546996, "log10_lambda": 0.522104692893957, "log10_min_child_weight": 0.7317911379958403, "log10_subsample": -0.6862141956307447, "max_depth": 9.0, "num_boost_round": 42.0}, "datetime": {"datetime": "2024-01-19 01:56:19", "elapsed": 6311.047892, "delta": 0.006169}}
{"target": -13.75697700406796, "params": {"gamma": 582.0238583508163, "log10_alpha": 0.2616716697950334, "log10_colsample_bytree": -0.7415388766311627, "log10_eta": -2.946011834546996, "log10_lambda": 0.522104692893957, "log10_min_child_weight": 0.7317911379958403, "log10_subsample": -0.6862141956307447, "max_depth": 9.0, "num_boost_round": 43.0}, "datetime": {"datetime": "2024-01-19 01:56:19", "elapsed": 6311.054048, "delta": 0.006156}}
{"target": -13.756932589329576, "params": {"gamma": 582.0238583508163, "log10_alpha": 0.2616716697950334, "log10_colsample_bytree": -0.7415388766311627, "log10_eta": -2.946011834546996, "log10_lambda": 0.522104692893957, "log10_min_child_weight": 0.7317911379958403, "log10_subsample": -0.6862141956307447, "max_depth": 9.0, "num_boost_round": 44.0}, "datetime": {"datetime": "2024-01-19 01:56:19", "elapsed": 6311.060241, "delta": 0.006193}}
{"target": -13.75687923324993, "params": {"gamma": 582.0238583508163, "log10_alpha": 0.2616716697950334, "log10_colsample_bytree": -0.7415388766311627, "log10_eta": -2.946011834546996, "log10_lambda": 0.522104692893957, "log10_min_child_weight": 0.7317911379958403, "log10_subsample": -0.6862141956307447, "max_depth": 9.0, "num_boost_round": 45.0}, "datetime": {"datetime": "2024-01-19 01:56:19", "elapsed": 6311.066756, "delta": 0.006515}}
{"target": -13.75691594181013, "params": {"gamma": 582.0238583508163, "log10_alpha": 0.2616716697950334, "log10_colsample_bytree": -0.7415388766311627, "log10_eta": -2.946011834546996, "log10_lambda": 0.522104692893957, "log10_min_child_weight": 0.7317911379958403, "log10_subsample": -0.6862141956307447, "max_depth": 9.0, "num_boost_round": 46.0}, "datetime": {"datetime": "2024-01-19 01:56:19", "elapsed": 6311.072984, "delta": 0.006228}}
{"target": -13.756940853950349, "params": {"gamma": 582.0238583508163, "log10_alpha": 0.2616716697950334, "log10_colsample_bytree": -0.7415388766311627, "log10_eta": -2.946011834546996, "log10_lambda": 0.522104692893957, "log10_min_child_weight": 0.7317911379958403, "log10_subsample": -0.6862141956307447, "max_depth": 9.0, "num_boost_round": 47.0}, "datetime": {"datetime": "2024-01-19 01:56:19", "elapsed": 6311.079198, "delta": 0.006214}}
{"target": -13.756930498878875, "params": {"gamma": 582.0238583508163, "log10_alpha": 0.2616716697950334, "log10_colsample_bytree": -0.7415388766311627, "log10_eta": -2.946011834546996, "log10_lambda": 0.522104692893957, "log10_min_child_weight": 0.7317911379958403, "log10_subsample": -0.6862141956307447, "max_depth": 9.0, "num_boost_round": 48.0}, "datetime": {"datetime": "2024-01-19 01:56:19", "elapsed": 6311.085464, "delta": 0.006266}}
{"target": -13.75692879881155, "params": {"gamma": 582.0238583508163, "log10_alpha": 0.2616716697950334, "log10_colsample_bytree": -0.7415388766311627, "log10_eta": -2.946011834546996, "log10_lambda": 0.522104692893957, "log10_min_child_weight": 0.7317911379958403, "log10_subsample": -0.6862141956307447, "max_depth": 9.0, "num_boost_round": 49.0}, "datetime": {"datetime": "2024-01-19 01:56:19", "elapsed": 6311.092702, "delta": 0.007238}}
{"target": -13.756877831219024, "params": {"gamma": 582.0238583508163, "log10_alpha": 0.2616716697950334, "log10_colsample_bytree": -0.7415388766311627, "log10_eta": -2.946011834546996, "log10_lambda": 0.522104692893957, "log10_min_child_weight": 0.7317911379958403, "log10_subsample": -0.6862141956307447, "max_depth": 9.0, "num_boost_round": 50.0}, "datetime": {"datetime": "2024-01-19 01:56:19", "elapsed": 6311.099172, "delta": 0.00647}}
{"target": -13.756882866616463, "params": {"gamma": 582.0238583508163, "log10_alpha": 0.2616716697950334, "log10_colsample_bytree": -0.7415388766311627, "log10_eta": -2.946011834546996, "log10_lambda": 0.522104692893957, "log10_min_child_weight": 0.7317911379958403, "log10_subsample": -0.6862141956307447, "max_depth": 9.0, "num_boost_round": 51.0}, "datetime": {"datetime": "2024-01-19 01:56:19", "elapsed": 6311.105582, "delta": 0.00641}}
{"target": -13.756912548113505, "params": {"gamma": 582.0238583508163, "log10_alpha": 0.2616716697950334, "log10_colsample_bytree": -0.7415388766311627, "log10_eta": -2.946011834546996, "log10_lambda": 0.522104692893957, "log10_min_child_weight": 0.7317911379958403, "log10_subsample": -0.6862141956307447, "max_depth": 9.0, "num_boost_round": 52.0}, "datetime": {"datetime": "2024-01-19 01:56:19", "elapsed": 6311.11161, "delta": 0.006028}}
{"target": -13.756861018236162, "params": {"gamma": 582.0238583508163, "log10_alpha": 0.2616716697950334, "log10_colsample_bytree": -0.7415388766311627, "log10_eta": -2.946011834546996, "log10_lambda": 0.522104692893957, "log10_min_child_weight": 0.7317911379958403, "log10_subsample": -0.6862141956307447, "max_depth": 9.0, "num_boost_round": 53.0}, "datetime": {"datetime": "2024-01-19 01:56:19", "elapsed": 6311.118327, "delta": 0.006717}}
{"target": -13.756898714106054, "params": {"gamma": 582.0238583508163, "log10_alpha": 0.2616716697950334, "log10_colsample_bytree": -0.7415388766311627, "log10_eta": -2.946011834546996, "log10_lambda": 0.522104692893957, "log10_min_child_weight": 0.7317911379958403, "log10_subsample": -0.6862141956307447, "max_depth": 9.0, "num_boost_round": 54.0}, "datetime": {"datetime": "2024-01-19 01:56:19", "elapsed": 6311.124646, "delta": 0.006319}}
{"target": -13.75684875833785, "params": {"gamma": 582.0238583508163, "log10_alpha": 0.2616716697950334, "log10_colsample_bytree": -0.7415388766311627, "log10_eta": -2.946011834546996, "log10_lambda": 0.522104692893957, "log10_min_child_weight": 0.7317911379958403, "log10_subsample": -0.6862141956307447, "max_depth": 9.0, "num_boost_round": 55.0}, "datetime": {"datetime": "2024-01-19 01:56:19", "elapsed": 6311.13076, "delta": 0.006114}}
{"target": -13.756851679259503, "params": {"gamma": 582.0238583508163, "log10_alpha": 0.2616716697950334, "log10_colsample_bytree": -0.7415388766311627, "log10_eta": -2.946011834546996, "log10_lambda": 0.522104692893957, "log10_min_child_weight": 0.7317911379958403, "log10_subsample": -0.6862141956307447, "max_depth": 9.0, "num_boost_round": 56.0}, "datetime": {"datetime": "2024-01-19 01:56:19", "elapsed": 6311.136948, "delta": 0.006188}}
{"target": -13.756819259082713, "params": {"gamma": 582.0238583508163, "log10_alpha": 0.2616716697950334, "log10_colsample_bytree": -0.7415388766311627, "log10_eta": -2.946011834546996, "log10_lambda": 0.522104692893957, "log10_min_child_weight": 0.7317911379958403, "log10_subsample": -0.6862141956307447, "max_depth": 9.0, "num_boost_round": 57.0}, "datetime": {"datetime": "2024-01-19 01:56:19", "elapsed": 6311.143053, "delta": 0.006105}}
{"target": -13.756768210274183, "params": {"gamma": 582.0238583508163, "log10_alpha": 0.2616716697950334, "log10_colsample_bytree": -0.7415388766311627, "log10_eta": -2.946011834546996, "log10_lambda": 0.522104692893957, "log10_min_child_weight": 0.7317911379958403, "log10_subsample": -0.6862141956307447, "max_depth": 9.0, "num_boost_round": 58.0}, "datetime": {"datetime": "2024-01-19 01:56:19", "elapsed": 6311.149232, "delta": 0.006179}}
{"target": -13.756758486170698, "params": {"gamma": 582.0238583508163, "log10_alpha": 0.2616716697950334, "log10_colsample_bytree": -0.7415388766311627, "log10_eta": -2.946011834546996, "log10_lambda": 0.522104692893957, "log10_min_child_weight": 0.7317911379958403, "log10_subsample": -0.6862141956307447, "max_depth": 9.0, "num_boost_round": 59.0}, "datetime": {"datetime": "2024-01-19 01:56:19", "elapsed": 6311.155368, "delta": 0.006136}}
{"target": -13.756748259964077, "params": {"gamma": 582.0238583508163, "log10_alpha": 0.2616716697950334, "log10_colsample_bytree": -0.7415388766311627, "log10_eta": -2.946011834546996, "log10_lambda": 0.522104692893957, "log10_min_child_weight": 0.7317911379958403, "log10_subsample": -0.6862141956307447, "max_depth": 9.0, "num_boost_round": 60.0}, "datetime": {"datetime": "2024-01-19 01:56:19", "elapsed": 6311.161559, "delta": 0.006191}}
{"target": -13.75670792366483, "params": {"gamma": 582.0238583508163, "log10_alpha": 0.2616716697950334, "log10_colsample_bytree": -0.7415388766311627, "log10_eta": -2.946011834546996, "log10_lambda": 0.522104692893957, "log10_min_child_weight": 0.7317911379958403, "log10_subsample": -0.6862141956307447, "max_depth": 9.0, "num_boost_round": 61.0}, "datetime": {"datetime": "2024-01-19 01:56:19", "elapsed": 6311.167814, "delta": 0.006255}}
{"target": -13.75666483190818, "params": {"gamma": 582.0238583508163, "log10_alpha": 0.2616716697950334, "log10_colsample_bytree": -0.7415388766311627, "log10_eta": -2.946011834546996, "log10_lambda": 0.522104692893957, "log10_min_child_weight": 0.7317911379958403, "log10_subsample": -0.6862141956307447, "max_depth": 9.0, "num_boost_round": 62.0}, "datetime": {"datetime": "2024-01-19 01:56:19", "elapsed": 6311.174227, "delta": 0.006413}}
{"target": -13.75661933294178, "params": {"gamma": 582.0238583508163, "log10_alpha": 0.2616716697950334, "log10_colsample_bytree": -0.7415388766311627, "log10_eta": -2.946011834546996, "log10_lambda": 0.522104692893957, "log10_min_child_weight": 0.7317911379958403, "log10_subsample": -0.6862141956307447, "max_depth": 9.0, "num_boost_round": 63.0}, "datetime": {"datetime": "2024-01-19 01:56:19", "elapsed": 6311.180635, "delta": 0.006408}}
{"target": -13.75660857572511, "params": {"gamma": 582.0238583508163, "log10_alpha": 0.2616716697950334, "log10_colsample_bytree": -0.7415388766311627, "log10_eta": -2.946011834546996, "log10_lambda": 0.522104692893957, "log10_min_child_weight": 0.7317911379958403, "log10_subsample": -0.6862141956307447, "max_depth": 9.0, "num_boost_round": 64.0}, "datetime": {"datetime": "2024-01-19 01:56:19", "elapsed": 6311.186776, "delta": 0.006141}}
{"target": -13.75853503133088, "params": {"gamma": 579.2659372364918, "log10_alpha": -4.675641246229102, "log10_colsample_bytree": -0.7959128146136272, "log10_eta": -3.796362087681203, "log10_lambda": -1.8427070018022516, "log10_min_child_weight": 0.319328026280854, "log10_subsample": -0.20206165874911908, "max_depth": 2.0, "num_boost_round": 0.0}, "datetime": {"datetime": "2024-01-19 01:59:16", "elapsed": 6487.928191, "delta": 176.741415}}
{"target": -13.758534563300762, "params": {"gamma": 579.2659372364918, "log10_alpha": -4.675641246229102, "log10_colsample_bytree": -0.7959128146136272, "log10_eta": -3.796362087681203, "log10_lambda": -1.8427070018022516, "log10_min_child_weight": 0.319328026280854, "log10_subsample": -0.20206165874911908, "max_depth": 2.0, "num_boost_round": 1.0}, "datetime": {"datetime": "2024-01-19 01:59:16", "elapsed": 6487.93552, "delta": 0.007329}}
{"target": -13.758535542905877, "params": {"gamma": 579.2659372364918, "log10_alpha": -4.675641246229102, "log10_colsample_bytree": -0.7959128146136272, "log10_eta": -3.796362087681203, "log10_lambda": -1.8427070018022516, "log10_min_child_weight": 0.319328026280854, "log10_subsample": -0.20206165874911908, "max_depth": 2.0, "num_boost_round": 2.0}, "datetime": {"datetime": "2024-01-19 01:59:16", "elapsed": 6487.941768, "delta": 0.006248}}
{"target": -13.758533182872782, "params": {"gamma": 579.2659372364918, "log10_alpha": -4.675641246229102, "log10_colsample_bytree": -0.7959128146136272, "log10_eta": -3.796362087681203, "log10_lambda": -1.8427070018022516, "log10_min_child_weight": 0.319328026280854, "log10_subsample": -0.20206165874911908, "max_depth": 2.0, "num_boost_round": 3.0}, "datetime": {"datetime": "2024-01-19 01:59:16", "elapsed": 6487.948356, "delta": 0.006588}}
{"target": -13.75853301400358, "params": {"gamma": 579.2659372364918, "log10_alpha": -4.675641246229102, "log10_colsample_bytree": -0.7959128146136272, "log10_eta": -3.796362087681203, "log10_lambda": -1.8427070018022516, "log10_min_child_weight": 0.319328026280854, "log10_subsample": -0.20206165874911908, "max_depth": 2.0, "num_boost_round": 4.0}, "datetime": {"datetime": "2024-01-19 01:59:16", "elapsed": 6487.954772, "delta": 0.006416}}
{"target": -13.758531714897886, "params": {"gamma": 579.2659372364918, "log10_alpha": -4.675641246229102, "log10_colsample_bytree": -0.7959128146136272, "log10_eta": -3.796362087681203, "log10_lambda": -1.8427070018022516, "log10_min_child_weight": 0.319328026280854, "log10_subsample": -0.20206165874911908, "max_depth": 2.0, "num_boost_round": 5.0}, "datetime": {"datetime": "2024-01-19 01:59:16", "elapsed": 6487.96106, "delta": 0.006288}}
{"target": -13.758530792523034, "params": {"gamma": 579.2659372364918, "log10_alpha": -4.675641246229102, "log10_colsample_bytree": -0.7959128146136272, "log10_eta": -3.796362087681203, "log10_lambda": -1.8427070018022516, "log10_min_child_weight": 0.319328026280854, "log10_subsample": -0.20206165874911908, "max_depth": 2.0, "num_boost_round": 6.0}, "datetime": {"datetime": "2024-01-19 01:59:16", "elapsed": 6487.967355, "delta": 0.006295}}
{"target": -13.7585288596298, "params": {"gamma": 579.2659372364918, "log10_alpha": -4.675641246229102, "log10_colsample_bytree": -0.7959128146136272, "log10_eta": -3.796362087681203, "log10_lambda": -1.8427070018022516, "log10_min_child_weight": 0.319328026280854, "log10_subsample": -0.20206165874911908, "max_depth": 2.0, "num_boost_round": 7.0}, "datetime": {"datetime": "2024-01-19 01:59:16", "elapsed": 6487.973513, "delta": 0.006158}}
{"target": -13.758530003588316, "params": {"gamma": 579.2659372364918, "log10_alpha": -4.675641246229102, "log10_colsample_bytree": -0.7959128146136272, "log10_eta": -3.796362087681203, "log10_lambda": -1.8427070018022516, "log10_min_child_weight": 0.319328026280854, "log10_subsample": -0.20206165874911908, "max_depth": 2.0, "num_boost_round": 8.0}, "datetime": {"datetime": "2024-01-19 01:59:16", "elapsed": 6487.979653, "delta": 0.00614}}
{"target": -13.75852881715569, "params": {"gamma": 579.2659372364918, "log10_alpha": -4.675641246229102, "log10_colsample_bytree": -0.7959128146136272, "log10_eta": -3.796362087681203, "log10_lambda": -1.8427070018022516, "log10_min_child_weight": 0.319328026280854, "log10_subsample": -0.20206165874911908, "max_depth": 2.0, "num_boost_round": 9.0}, "datetime": {"datetime": "2024-01-19 01:59:16", "elapsed": 6487.985913, "delta": 0.00626}}
