{"target": -17.739232872548573, "params": {"gamma": 962.9853059704743, "log10_alpha": -1.8742718785990862, "log10_colsample_bytree": -0.03416616475914358, "log10_eta": -1.4054383332668818, "log10_lambda": -4.431221924598844, "log10_min_child_weight": 0.646288211064851, "log10_subsample": -0.7394132166408568, "max_depth": 7.0, "num_boost_round": 24.0}, "datetime": {"datetime": "2024-01-19 00:24:46", "elapsed": 780.76937, "delta": 0.001184}}
{"target": -17.746403715925545, "params": {"gamma": 962.9853059704743, "log10_alpha": -1.8742718785990862, "log10_colsample_bytree": -0.03416616475914358, "log10_eta": -1.4054383332668818, "log10_lambda": -4.431221924598844, "log10_min_child_weight": 0.646288211064851, "log10_subsample": -0.7394132166408568, "max_depth": 7.0, "num_boost_round": 25.0}, "datetime": {"datetime": "2024-01-19 00:24:46", "elapsed": 780.770687, "delta": 0.001317}}
{"target": -17.75194850776962, "params": {"gamma": 962.9853059704743, "log10_alpha": -1.8742718785990862, "log10_colsample_bytree": -0.03416616475914358, "log10_eta": -1.4054383332668818, "log10_lambda": -4.431221924598844, "log10_min_child_weight": 0.646288211064851, "log10_subsample": -0.7394132166408568, "max_depth": 7.0, "num_boost_round": 26.0}, "datetime": {"datetime": "2024-01-19 00:24:46", "elapsed": 780.771933, "delta": 0.001246}}
{"target": -17.754421692690673, "params": {"gamma": 962.9853059704743, "log10_alpha": -1.8742718785990862, "log10_colsample_bytree": -0.03416616475914358, "log10_eta": -1.4054383332668818, "log10_lambda": -4.431221924598844, "log10_min_child_weight": 0.646288211064851, "log10_subsample": -0.7394132166408568, "max_depth": 7.0, "num_boost_round": 27.0}, "datetime": {"datetime": "2024-01-19 00:24:46", "elapsed": 780.773141, "delta": 0.001208}}
{"target": -17.755643491296677, "params": {"gamma": 962.9853059704743, "log10_alpha": -1.8742718785990862, "log10_colsample_bytree": -0.03416616475914358, "log10_eta": -1.4054383332668818, "log10_lambda": -4.431221924598844, "log10_min_child_weight": 0.646288211064851, "log10_subsample": -0.7394132166408568, "max_depth": 7.0, "num_boost_round": 28.0}, "datetime": {"datetime": "2024-01-19 00:24:46", "elapsed": 780.774344, "delta": 0.001203}}
{"target": -17.757331074510464, "params": {"gamma": 962.9853059704743, "log10_alpha": -1.8742718785990862, "log10_colsample_bytree": -0.03416616475914358, "log10_eta": -1.4054383332668818, "log10_lambda": -4.431221924598844, "log10_min_child_weight": 0.646288211064851, "log10_subsample": -0.7394132166408568, "max_depth": 7.0, "num_boost_round": 29.0}, "datetime": {"datetime": "2024-01-19 00:24:46", "elapsed": 780.775573, "delta": 0.001229}}
{"target": -17.759466473132324, "params": {"gamma": 962.9853059704743, "log10_alpha": -1.8742718785990862, "log10_colsample_bytree": -0.03416616475914358, "log10_eta": -1.4054383332668818, "log10_lambda": -4.431221924598844, "log10_min_child_weight": 0.646288211064851, "log10_subsample": -0.7394132166408568, "max_depth": 7.0, "num_boost_round": 30.0}, "datetime": {"datetime": "2024-01-19 00:24:46", "elapsed": 780.776774, "delta": 0.001201}}
{"target": -17.760468025342128, "params": {"gamma": 962.9853059704743, "log10_alpha": -1.8742718785990862, "log10_colsample_bytree": -0.03416616475914358, "log10_eta": -1.4054383332668818, "log10_lambda": -4.431221924598844, "log10_min_child_weight": 0.646288211064851, "log10_subsample": -0.7394132166408568, "max_depth": 7.0, "num_boost_round": 31.0}, "datetime": {"datetime": "2024-01-19 00:24:46", "elapsed": 780.77799, "delta": 0.001216}}
{"target": -17.763516979009296, "params": {"gamma": 962.9853059704743, "log10_alpha": -1.8742718785990862, "log10_colsample_bytree": -0.03416616475914358, "log10_eta": -1.4054383332668818, "log10_lambda": -4.431221924598844, "log10_min_child_weight": 0.646288211064851, "log10_subsample": -0.7394132166408568, "max_depth": 7.0, "num_boost_round": 32.0}, "datetime": {"datetime": "2024-01-19 00:24:46", "elapsed": 780.779192, "delta": 0.001202}}
{"target": -17.772393301325998, "params": {"gamma": 962.9853059704743, "log10_alpha": -1.8742718785990862, "log10_colsample_bytree": -0.03416616475914358, "log10_eta": -1.4054383332668818, "log10_lambda": -4.431221924598844, "log10_min_child_weight": 0.646288211064851, "log10_subsample": -0.7394132166408568, "max_depth": 7.0, "num_boost_round": 33.0}, "datetime": {"datetime": "2024-01-19 00:24:46", "elapsed": 780.780405, "delta": 0.001213}}
{"target": -17.772879788909353, "params": {"gamma": 962.9853059704743, "log10_alpha": -1.8742718785990862, "log10_colsample_bytree": -0.03416616475914358, "log10_eta": -1.4054383332668818, "log10_lambda": -4.431221924598844, "log10_min_child_weight": 0.646288211064851, "log10_subsample": -0.7394132166408568, "max_depth": 7.0, "num_boost_round": 34.0}, "datetime": {"datetime": "2024-01-19 00:24:46", "elapsed": 780.781613, "delta": 0.001208}}
{"target": -17.777531644774616, "params": {"gamma": 962.9853059704743, "log10_alpha": -1.8742718785990862, "log10_colsample_bytree": -0.03416616475914358, "log10_eta": -1.4054383332668818, "log10_lambda": -4.431221924598844, "log10_min_child_weight": 0.646288211064851, "log10_subsample": -0.7394132166408568, "max_depth": 7.0, "num_boost_round": 35.0}, "datetime": {"datetime": "2024-01-19 00:24:46", "elapsed": 780.78287, "delta": 0.001257}}
{"target": -17.779340528184143, "params": {"gamma": 962.9853059704743, "log10_alpha": -1.8742718785990862, "log10_colsample_bytree": -0.03416616475914358, "log10_eta": -1.4054383332668818, "log10_lambda": -4.431221924598844, "log10_min_child_weight": 0.646288211064851, "log10_subsample": -0.7394132166408568, "max_depth": 7.0, "num_boost_round": 36.0}, "datetime": {"datetime": "2024-01-19 00:24:46", "elapsed": 780.784088, "delta": 0.001218}}
{"target": -17.783797280931026, "params": {"gamma": 962.9853059704743, "log10_alpha": -1.8742718785990862, "log10_colsample_bytree": -0.03416616475914358, "log10_eta": -1.4054383332668818, "log10_lambda": -4.431221924598844, "log10_min_child_weight": 0.646288211064851, "log10_subsample": -0.7394132166408568, "max_depth": 7.0, "num_boost_round": 37.0}, "datetime": {"datetime": "2024-01-19 00:24:46", "elapsed": 780.785317, "delta": 0.001229}}
{"target": -17.782088998928764, "params": {"gamma": 962.9853059704743, "log10_alpha": -1.8742718785990862, "log10_colsample_bytree": -0.03416616475914358, "log10_eta": -1.4054383332668818, "log10_lambda": -4.431221924598844, "log10_min_child_weight": 0.646288211064851, "log10_subsample": -0.7394132166408568, "max_depth": 7.0, "num_boost_round": 38.0}, "datetime": {"datetime": "2024-01-19 00:24:46", "elapsed": 780.786536, "delta": 0.001219}}
{"target": -17.781731859378826, "params": {"gamma": 962.9853059704743, "log10_alpha": -1.8742718785990862, "log10_colsample_bytree": -0.03416616475914358, "log10_eta": -1.4054383332668818, "log10_lambda": -4.431221924598844, "log10_min_child_weight": 0.646288211064851, "log10_subsample": -0.7394132166408568, "max_depth": 7.0, "num_boost_round": 39.0}, "datetime": {"datetime": "2024-01-19 00:24:46", "elapsed": 780.787751, "delta": 0.001215}}
{"target": -17.67721853204298, "params": {"gamma": 961.9895114350883, "log10_alpha": -1.0503503180702398, "log10_colsample_bytree": -0.20419286033731776, "log10_eta": -3.291899899043096, "log10_lambda": 0.5930052741632359, "log10_min_child_weight": 3.243333291076345, "log10_subsample": -0.3118910705314566, "max_depth": 9.0, "num_boost_round": 0.0}, "datetime": {"datetime": "2024-01-19 00:25:12", "elapsed": 806.735967, "delta": 25.948216}}
{"target": -17.677210759747293, "params": {"gamma": 961.9895114350883, "log10_alpha": -1.0503503180702398, "log10_colsample_bytree": -0.20419286033731776, "log10_eta": -3.291899899043096, "log10_lambda": 0.5930052741632359, "log10_min_child_weight": 3.243333291076345, "log10_subsample": -0.3118910705314566, "max_depth": 9.0, "num_boost_round": 1.0}, "datetime": {"datetime": "2024-01-19 00:25:12", "elapsed": 806.737394, "delta": 0.001427}}
{"target": -17.677196072927206, "params": {"gamma": 961.9895114350883, "log10_alpha": -1.0503503180702398, "log10_colsample_bytree": -0.20419286033731776, "log10_eta": -3.291899899043096, "log10_lambda": 0.5930052741632359, "log10_min_child_weight": 3.243333291076345, "log10_subsample": -0.3118910705314566, "max_depth": 9.0, "num_boost_round": 2.0}, "datetime": {"datetime": "2024-01-19 00:25:12", "elapsed": 806.738623, "delta": 0.001229}}
{"target": -17.677183261218186, "params": {"gamma": 961.9895114350883, "log10_alpha": -1.0503503180702398, "log10_colsample_bytree": -0.20419286033731776, "log10_eta": -3.291899899043096, "log10_lambda": 0.5930052741632359, "log10_min_child_weight": 3.243333291076345, "log10_subsample": -0.3118910705314566, "max_depth": 9.0, "num_boost_round": 3.0}, "datetime": {"datetime": "2024-01-19 00:25:12", "elapsed": 806.739836, "delta": 0.001213}}
{"target": -17.67717791053217, "params": {"gamma": 961.9895114350883, "log10_alpha": -1.0503503180702398, "log10_colsample_bytree": -0.20419286033731776, "log10_eta": -3.291899899043096, "log10_lambda": 0.5930052741632359, "log10_min_child_weight": 3.243333291076345, "log10_subsample": -0.3118910705314566, "max_depth": 9.0, "num_boost_round": 4.0}, "datetime": {"datetime": "2024-01-19 00:25:12", "elapsed": 806.741169, "delta": 0.001333}}
{"target": -17.67717743541304, "params": {"gamma": 961.9895114350883, "log10_alpha": -1.0503503180702398, "log10_colsample_bytree": -0.20419286033731776, "log10_eta": -3.291899899043096, "log10_lambda": 0.5930052741632359, "log10_min_child_weight": 3.243333291076345, "log10_subsample": -0.3118910705314566, "max_depth": 9.0, "num_boost_round": 5.0}, "datetime": {"datetime": "2024-01-19 00:25:12", "elapsed": 806.742588, "delta": 0.001419}}
{"target": -17.677191959987038, "params": {"gamma": 961.9895114350883, "log10_alpha": -1.0503503180702398, "log10_colsample_bytree": -0.20419286033731776, "log10_eta": -3.291899899043096, "log10_lambda": 0.5930052741632359, "log10_min_child_weight": 3.243333291076345, "log10_subsample": -0.3118910705314566, "max_depth": 9.0, "num_boost_round": 6.0}, "datetime": {"datetime": "2024-01-19 00:25:12", "elapsed": 806.743826, "delta": 0.001238}}
{"target": -17.677180909347076, "params": {"gamma": 961.9895114350883, "log10_alpha": -1.0503503180702398, "log10_colsample_bytree": -0.20419286033731776, "log10_eta": -3.291899899043096, "log10_lambda": 0.5930052741632359, "log10_min_child_weight": 3.243333291076345, "log10_subsample": -0.3118910705314566, "max_depth": 9.0, "num_boost_round": 7.0}, "datetime": {"datetime": "2024-01-19 00:25:12", "elapsed": 806.745094, "delta": 0.001268}}
{"target": -17.677171288024336, "params": {"gamma": 961.9895114350883, "log10_alpha": -1.0503503180702398, "log10_colsample_bytree": -0.20419286033731776, "log10_eta": -3.291899899043096, "log10_lambda": 0.5930052741632359, "log10_min_child_weight": 3.243333291076345, "log10_subsample": -0.3118910705314566, "max_depth": 9.0, "num_boost_round": 8.0}, "datetime": {"datetime": "2024-01-19 00:25:12", "elapsed": 806.74632, "delta": 0.001226}}
{"target": -17.677143837116308, "params": {"gamma": 961.9895114350883, "log10_alpha": -1.0503503180702398, "log10_colsample_bytree": -0.20419286033731776, "log10_eta": -3.291899899043096, "log10_lambda": 0.5930052741632359, "log10_min_child_weight": 3.243333291076345, "log10_subsample": -0.3118910705314566, "max_depth": 9.0, "num_boost_round": 9.0}, "datetime": {"datetime": "2024-01-19 00:25:12", "elapsed": 806.747552, "delta": 0.001232}}
{"target": -17.67712054214388, "params": {"gamma": 961.9895114350883, "log10_alpha": -1.0503503180702398, "log10_colsample_bytree": -0.20419286033731776, "log10_eta": -3.291899899043096, "log10_lambda": 0.5930052741632359, "log10_min_child_weight": 3.243333291076345, "log10_subsample": -0.3118910705314566, "max_depth": 9.0, "num_boost_round": 10.0}, "datetime": {"datetime": "2024-01-19 00:25:12", "elapsed": 806.748787, "delta": 0.001235}}
{"target": -17.677094138483948, "params": {"gamma": 961.9895114350883, "log10_alpha": -1.0503503180702398, "log10_colsample_bytree": -0.20419286033731776, "log10_eta": -3.291899899043096, "log10_lambda": 0.5930052741632359, "log10_min_child_weight": 3.243333291076345, "log10_subsample": -0.3118910705314566, "max_depth": 9.0, "num_boost_round": 11.0}, "datetime": {"datetime": "2024-01-19 00:25:12", "elapsed": 806.750052, "delta": 0.001265}}
{"target": -17.67710647760731, "params": {"gamma": 961.9895114350883, "log10_alpha": -1.0503503180702398, "log10_colsample_bytree": -0.20419286033731776, "log10_eta": -3.291899899043096, "log10_lambda": 0.5930052741632359, "log10_min_child_weight": 3.243333291076345, "log10_subsample": -0.3118910705314566, "max_depth": 9.0, "num_boost_round": 12.0}, "datetime": {"datetime": "2024-01-19 00:25:12", "elapsed": 806.751386, "delta": 0.001334}}
{"target": -17.67708199300538, "params": {"gamma": 961.9895114350883, "log10_alpha": -1.0503503180702398, "log10_colsample_bytree": -0.20419286033731776, "log10_eta": -3.291899899043096, "log10_lambda": 0.5930052741632359, "log10_min_child_weight": 3.243333291076345, "log10_subsample": -0.3118910705314566, "max_depth": 9.0, "num_boost_round": 13.0}, "datetime": {"datetime": "2024-01-19 00:25:12", "elapsed": 806.752595, "delta": 0.001209}}
{"target": -17.677071593176116, "params": {"gamma": 961.9895114350883, "log10_alpha": -1.0503503180702398, "log10_colsample_bytree": -0.20419286033731776, "log10_eta": -3.291899899043096, "log10_lambda": 0.5930052741632359, "log10_min_child_weight": 3.243333291076345, "log10_subsample": -0.3118910705314566, "max_depth": 9.0, "num_boost_round": 14.0}, "datetime": {"datetime": "2024-01-19 00:25:12", "elapsed": 806.753819, "delta": 0.001224}}
{"target": -17.67706941856566, "params": {"gamma": 961.9895114350883, "log10_alpha": -1.0503503180702398, "log10_colsample_bytree": -0.20419286033731776, "log10_eta": -3.291899899043096, "log10_lambda": 0.5930052741632359, "log10_min_child_weight": 3.243333291076345, "log10_subsample": -0.3118910705314566, "max_depth": 9.0, "num_boost_round": 15.0}, "datetime": {"datetime": "2024-01-19 00:25:12", "elapsed": 806.755059, "delta": 0.00124}}
{"target": -17.67705619658392, "params": {"gamma": 961.9895114350883, "log10_alpha": -1.0503503180702398, "log10_colsample_bytree": -0.20419286033731776, "log10_eta": -3.291899899043096, "log10_lambda": 0.5930052741632359, "log10_min_child_weight": 3.243333291076345, "log10_subsample": -0.3118910705314566, "max_depth": 9.0, "num_boost_round": 16.0}, "datetime": {"datetime": "2024-01-19 00:25:12", "elapsed": 806.756274, "delta": 0.001215}}
{"target": -17.677023987695254, "params": {"gamma": 961.9895114350883, "log10_alpha": -1.0503503180702398, "log10_colsample_bytree": -0.20419286033731776, "log10_eta": -3.291899899043096, "log10_lambda": 0.5930052741632359, "log10_min_child_weight": 3.243333291076345, "log10_subsample": -0.3118910705314566, "max_depth": 9.0, "num_boost_round": 17.0}, "datetime": {"datetime": "2024-01-19 00:25:12", "elapsed": 806.757532, "delta": 0.001258}}
{"target": -17.67701719903093, "params": {"gamma": 961.9895114350883, "log10_alpha": -1.0503503180702398, "log10_colsample_bytree": -0.20419286033731776, "log10_eta": -3.291899899043096, "log10_lambda": 0.5930052741632359, "log10_min_child_weight": 3.243333291076345, "log10_subsample": -0.3118910705314566, "max_depth": 9.0, "num_boost_round": 18.0}, "datetime": {"datetime": "2024-01-19 00:25:12", "elapsed": 806.75875, "delta": 0.001218}}
{"target": -17.677010514550346, "params": {"gamma": 961.9895114350883, "log10_alpha": -1.0503503180702398, "log10_colsample_bytree": -0.20419286033731776, "log10_eta": -3.291899899043096, "log10_lambda": 0.5930052741632359, "log10_min_child_weight": 3.243333291076345, "log10_subsample": -0.3118910705314566, "max_depth": 9.0, "num_boost_round": 19.0}, "datetime": {"datetime": "2024-01-19 00:25:12", "elapsed": 806.75998, "delta": 0.00123}}
{"target": -17.67700154898987, "params": {"gamma": 961.9895114350883, "log10_alpha": -1.0503503180702398, "log10_colsample_bytree": -0.20419286033731776, "log10_eta": -3.291899899043096, "log10_lambda": 0.5930052741632359, "log10_min_child_weight": 3.243333291076345, "log10_subsample": -0.3118910705314566, "max_depth": 9.0, "num_boost_round": 20.0}, "datetime": {"datetime": "2024-01-19 00:25:12", "elapsed": 806.761206, "delta": 0.001226}}
{"target": -17.67702455341081, "params": {"gamma": 961.9895114350883, "log10_alpha": -1.0503503180702398, "log10_colsample_bytree": -0.20419286033731776, "log10_eta": -3.291899899043096, "log10_lambda": 0.5930052741632359, "log10_min_child_weight": 3.243333291076345, "log10_subsample": -0.3118910705314566, "max_depth": 9.0, "num_boost_round": 21.0}, "datetime": {"datetime": "2024-01-19 00:25:12", "elapsed": 806.762567, "delta": 0.001361}}
{"target": -17.67699388109505, "params": {"gamma": 961.9895114350883, "log10_alpha": -1.0503503180702398, "log10_colsample_bytree": -0.20419286033731776, "log10_eta": -3.291899899043096, "log10_lambda": 0.5930052741632359, "log10_min_child_weight": 3.243333291076345, "log10_subsample": -0.3118910705314566, "max_depth": 9.0, "num_boost_round": 22.0}, "datetime": {"datetime": "2024-01-19 00:25:12", "elapsed": 806.763874, "delta": 0.001307}}
{"target": -17.676966703571374, "params": {"gamma": 961.9895114350883, "log10_alpha": -1.0503503180702398, "log10_colsample_bytree": -0.20419286033731776, "log10_eta": -3.291899899043096, "log10_lambda": 0.5930052741632359, "log10_min_child_weight": 3.243333291076345, "log10_subsample": -0.3118910705314566, "max_depth": 9.0, "num_boost_round": 23.0}, "datetime": {"datetime": "2024-01-19 00:25:12", "elapsed": 806.765127, "delta": 0.001253}}
{"target": -17.677006117741698, "params": {"gamma": 961.9895114350883, "log10_alpha": -1.0503503180702398, "log10_colsample_bytree": -0.20419286033731776, "log10_eta": -3.291899899043096, "log10_lambda": 0.5930052741632359, "log10_min_child_weight": 3.243333291076345, "log10_subsample": -0.3118910705314566, "max_depth": 9.0, "num_boost_round": 24.0}, "datetime": {"datetime": "2024-01-19 00:25:12", "elapsed": 806.766365, "delta": 0.001238}}
{"target": -17.677003912370708, "params": {"gamma": 961.9895114350883, "log10_alpha": -1.0503503180702398, "log10_colsample_bytree": -0.20419286033731776, "log10_eta": -3.291899899043096, "log10_lambda": 0.5930052741632359, "log10_min_child_weight": 3.243333291076345, "log10_subsample": -0.3118910705314566, "max_depth": 9.0, "num_boost_round": 25.0}, "datetime": {"datetime": "2024-01-19 00:25:12", "elapsed": 806.767621, "delta": 0.001256}}
{"target": -17.67722297999379, "params": {"gamma": 958.7328951138095, "log10_alpha": -0.36485898123538085, "log10_colsample_bytree": -0.28204361692959634, "log10_eta": -3.8208312273368845, "log10_lambda": -4.116670684579765, "log10_min_child_weight": 1.5547795774988176, "log10_subsample": -0.16533239320275273, "max_depth": 4.0, "num_boost_round": 0.0}, "datetime": {"datetime": "2024-01-19 00:25:34", "elapsed": 828.470514, "delta": 21.702893}}
{"target": -17.677215587625284, "params": {"gamma": 958.7328951138095, "log10_alpha": -0.36485898123538085, "log10_colsample_bytree": -0.28204361692959634, "log10_eta": -3.8208312273368845, "log10_lambda": -4.116670684579765, "log10_min_child_weight": 1.5547795774988176, "log10_subsample": -0.16533239320275273, "max_depth": 4.0, "num_boost_round": 1.0}, "datetime": {"datetime": "2024-01-19 00:25:34", "elapsed": 828.47249, "delta": 0.001976}}
{"target": -17.677205368976168, "params": {"gamma": 958.7328951138095, "log10_alpha": -0.36485898123538085, "log10_colsample_bytree": -0.28204361692959634, "log10_eta": -3.8208312273368845, "log10_lambda": -4.116670684579765, "log10_min_child_weight": 1.5547795774988176, "log10_subsample": -0.16533239320275273, "max_depth": 4.0, "num_boost_round": 2.0}, "datetime": {"datetime": "2024-01-19 00:25:34", "elapsed": 828.47413, "delta": 0.00164}}
{"target": -17.67720214867345, "params": {"gamma": 958.7328951138095, "log10_alpha": -0.36485898123538085, "log10_colsample_bytree": -0.28204361692959634, "log10_eta": -3.8208312273368845, "log10_lambda": -4.116670684579765, "log10_min_child_weight": 1.5547795774988176, "log10_subsample": -0.16533239320275273, "max_depth": 4.0, "num_boost_round": 3.0}, "datetime": {"datetime": "2024-01-19 00:25:34", "elapsed": 828.475411, "delta": 0.001281}}
{"target": -17.677196018226603, "params": {"gamma": 958.7328951138095, "log10_alpha": -0.36485898123538085, "log10_colsample_bytree": -0.28204361692959634, "log10_eta": -3.8208312273368845, "log10_lambda": -4.116670684579765, "log10_min_child_weight": 1.5547795774988176, "log10_subsample": -0.16533239320275273, "max_depth": 4.0, "num_boost_round": 4.0}, "datetime": {"datetime": "2024-01-19 00:25:34", "elapsed": 828.476665, "delta": 0.001254}}
{"target": -17.67719067197961, "params": {"gamma": 958.7328951138095, "log10_alpha": -0.36485898123538085, "log10_colsample_bytree": -0.28204361692959634, "log10_eta": -3.8208312273368845, "log10_lambda": -4.116670684579765, "log10_min_child_weight": 1.5547795774988176, "log10_subsample": -0.16533239320275273, "max_depth": 4.0, "num_boost_round": 5.0}, "datetime": {"datetime": "2024-01-19 00:25:34", "elapsed": 828.477939, "delta": 0.001274}}
{"target": -17.677185865008003, "params": {"gamma": 958.7328951138095, "log10_alpha": -0.36485898123538085, "log10_colsample_bytree": -0.28204361692959634, "log10_eta": -3.8208312273368845, "log10_lambda": -4.116670684579765, "log10_min_child_weight": 1.5547795774988176, "log10_subsample": -0.16533239320275273, "max_depth": 4.0, "num_boost_round": 6.0}, "datetime": {"datetime": "2024-01-19 00:25:34", "elapsed": 828.479177, "delta": 0.001238}}
