{"target": -13.7711443948572, "params": {"gamma": 83.07350586710449, "log10_alpha": -0.3783555544961086, "log10_colsample_bytree": -0.03311172841807031, "log10_eta": -1.5454459062539043, "log10_lambda": -0.49975827907726256, "log10_min_child_weight": 1.9911995280283112, "log10_subsample": -0.20960026456899095, "max_depth": 8.0, "num_boost_round": 7.0}, "datetime": {"datetime": "2024-01-19 02:27:15", "elapsed": 8155.538956, "delta": 0.005862}}
{"target": -13.775214997568021, "params": {"gamma": 83.07350586710449, "log10_alpha": -0.3783555544961086, "log10_colsample_bytree": -0.03311172841807031, "log10_eta": -1.5454459062539043, "log10_lambda": -0.49975827907726256, "log10_min_child_weight": 1.9911995280283112, "log10_subsample": -0.20960026456899095, "max_depth": 8.0, "num_boost_round": 8.0}, "datetime": {"datetime": "2024-01-19 02:27:15", "elapsed": 8155.544951, "delta": 0.005995}}
{"target": -13.777624479985151, "params": {"gamma": 83.07350586710449, "log10_alpha": -0.3783555544961086, "log10_colsample_bytree": -0.03311172841807031, "log10_eta": -1.5454459062539043, "log10_lambda": -0.49975827907726256, "log10_min_child_weight": 1.9911995280283112, "log10_subsample": -0.20960026456899095, "max_depth": 8.0, "num_boost_round": 9.0}, "datetime": {"datetime": "2024-01-19 02:27:15", "elapsed": 8155.550926, "delta": 0.005975}}
{"target": -13.782079271369428, "params": {"gamma": 83.07350586710449, "log10_alpha": -0.3783555544961086, "log10_colsample_bytree": -0.03311172841807031, "log10_eta": -1.5454459062539043, "log10_lambda": -0.49975827907726256, "log10_min_child_weight": 1.9911995280283112, "log10_subsample": -0.20960026456899095, "max_depth": 8.0, "num_boost_round": 10.0}, "datetime": {"datetime": "2024-01-19 02:27:15", "elapsed": 8155.556485, "delta": 0.005559}}
{"target": -13.78386969083072, "params": {"gamma": 83.07350586710449, "log10_alpha": -0.3783555544961086, "log10_colsample_bytree": -0.03311172841807031, "log10_eta": -1.5454459062539043, "log10_lambda": -0.49975827907726256, "log10_min_child_weight": 1.9911995280283112, "log10_subsample": -0.20960026456899095, "max_depth": 8.0, "num_boost_round": 11.0}, "datetime": {"datetime": "2024-01-19 02:27:15", "elapsed": 8155.562194, "delta": 0.005709}}
{"target": -13.788129299684893, "params": {"gamma": 83.07350586710449, "log10_alpha": -0.3783555544961086, "log10_colsample_bytree": -0.03311172841807031, "log10_eta": -1.5454459062539043, "log10_lambda": -0.49975827907726256, "log10_min_child_weight": 1.9911995280283112, "log10_subsample": -0.20960026456899095, "max_depth": 8.0, "num_boost_round": 12.0}, "datetime": {"datetime": "2024-01-19 02:27:15", "elapsed": 8155.5678, "delta": 0.005606}}
{"target": -13.790059182709356, "params": {"gamma": 83.07350586710449, "log10_alpha": -0.3783555544961086, "log10_colsample_bytree": -0.03311172841807031, "log10_eta": -1.5454459062539043, "log10_lambda": -0.49975827907726256, "log10_min_child_weight": 1.9911995280283112, "log10_subsample": -0.20960026456899095, "max_depth": 8.0, "num_boost_round": 13.0}, "datetime": {"datetime": "2024-01-19 02:27:15", "elapsed": 8155.573539, "delta": 0.005739}}
{"target": -13.793632352493017, "params": {"gamma": 83.07350586710449, "log10_alpha": -0.3783555544961086, "log10_colsample_bytree": -0.03311172841807031, "log10_eta": -1.5454459062539043, "log10_lambda": -0.49975827907726256, "log10_min_child_weight": 1.9911995280283112, "log10_subsample": -0.20960026456899095, "max_depth": 8.0, "num_boost_round": 14.0}, "datetime": {"datetime": "2024-01-19 02:27:15", "elapsed": 8155.579358, "delta": 0.005819}}
{"target": -13.79791805510568, "params": {"gamma": 83.07350586710449, "log10_alpha": -0.3783555544961086, "log10_colsample_bytree": -0.03311172841807031, "log10_eta": -1.5454459062539043, "log10_lambda": -0.49975827907726256, "log10_min_child_weight": 1.9911995280283112, "log10_subsample": -0.20960026456899095, "max_depth": 8.0, "num_boost_round": 15.0}, "datetime": {"datetime": "2024-01-19 02:27:15", "elapsed": 8155.585062, "delta": 0.005704}}
{"target": -13.801562910037113, "params": {"gamma": 83.07350586710449, "log10_alpha": -0.3783555544961086, "log10_colsample_bytree": -0.03311172841807031, "log10_eta": -1.5454459062539043, "log10_lambda": -0.49975827907726256, "log10_min_child_weight": 1.9911995280283112, "log10_subsample": -0.20960026456899095, "max_depth": 8.0, "num_boost_round": 16.0}, "datetime": {"datetime": "2024-01-19 02:27:15", "elapsed": 8155.590755, "delta": 0.005693}}
{"target": -13.803204759164473, "params": {"gamma": 83.07350586710449, "log10_alpha": -0.3783555544961086, "log10_colsample_bytree": -0.03311172841807031, "log10_eta": -1.5454459062539043, "log10_lambda": -0.49975827907726256, "log10_min_child_weight": 1.9911995280283112, "log10_subsample": -0.20960026456899095, "max_depth": 8.0, "num_boost_round": 17.0}, "datetime": {"datetime": "2024-01-19 02:27:15", "elapsed": 8155.596344, "delta": 0.005589}}
{"target": -13.804318867757914, "params": {"gamma": 83.07350586710449, "log10_alpha": -0.3783555544961086, "log10_colsample_bytree": -0.03311172841807031, "log10_eta": -1.5454459062539043, "log10_lambda": -0.49975827907726256, "log10_min_child_weight": 1.9911995280283112, "log10_subsample": -0.20960026456899095, "max_depth": 8.0, "num_boost_round": 18.0}, "datetime": {"datetime": "2024-01-19 02:27:15", "elapsed": 8155.601888, "delta": 0.005544}}
{"target": -13.807744563967937, "params": {"gamma": 83.07350586710449, "log10_alpha": -0.3783555544961086, "log10_colsample_bytree": -0.03311172841807031, "log10_eta": -1.5454459062539043, "log10_lambda": -0.49975827907726256, "log10_min_child_weight": 1.9911995280283112, "log10_subsample": -0.20960026456899095, "max_depth": 8.0, "num_boost_round": 19.0}, "datetime": {"datetime": "2024-01-19 02:27:15", "elapsed": 8155.607562, "delta": 0.005674}}
{"target": -13.808201989206125, "params": {"gamma": 83.07350586710449, "log10_alpha": -0.3783555544961086, "log10_colsample_bytree": -0.03311172841807031, "log10_eta": -1.5454459062539043, "log10_lambda": -0.49975827907726256, "log10_min_child_weight": 1.9911995280283112, "log10_subsample": -0.20960026456899095, "max_depth": 8.0, "num_boost_round": 20.0}, "datetime": {"datetime": "2024-01-19 02:27:15", "elapsed": 8155.613422, "delta": 0.00586}}
{"target": -13.80905422206304, "params": {"gamma": 83.07350586710449, "log10_alpha": -0.3783555544961086, "log10_colsample_bytree": -0.03311172841807031, "log10_eta": -1.5454459062539043, "log10_lambda": -0.49975827907726256, "log10_min_child_weight": 1.9911995280283112, "log10_subsample": -0.20960026456899095, "max_depth": 8.0, "num_boost_round": 21.0}, "datetime": {"datetime": "2024-01-19 02:27:15", "elapsed": 8155.623373, "delta": 0.009951}}
{"target": -13.810216657942163, "params": {"gamma": 83.07350586710449, "log10_alpha": -0.3783555544961086, "log10_colsample_bytree": -0.03311172841807031, "log10_eta": -1.5454459062539043, "log10_lambda": -0.49975827907726256, "log10_min_child_weight": 1.9911995280283112, "log10_subsample": -0.20960026456899095, "max_depth": 8.0, "num_boost_round": 22.0}, "datetime": {"datetime": "2024-01-19 02:27:15", "elapsed": 8155.628959, "delta": 0.005586}}
{"target": -13.810655735655534, "params": {"gamma": 83.07350586710449, "log10_alpha": -0.3783555544961086, "log10_colsample_bytree": -0.03311172841807031, "log10_eta": -1.5454459062539043, "log10_lambda": -0.49975827907726256, "log10_min_child_weight": 1.9911995280283112, "log10_subsample": -0.20960026456899095, "max_depth": 8.0, "num_boost_round": 23.0}, "datetime": {"datetime": "2024-01-19 02:27:15", "elapsed": 8155.634634, "delta": 0.005675}}
{"target": -13.812703803082664, "params": {"gamma": 83.07350586710449, "log10_alpha": -0.3783555544961086, "log10_colsample_bytree": -0.03311172841807031, "log10_eta": -1.5454459062539043, "log10_lambda": -0.49975827907726256, "log10_min_child_weight": 1.9911995280283112, "log10_subsample": -0.20960026456899095, "max_depth": 8.0, "num_boost_round": 24.0}, "datetime": {"datetime": "2024-01-19 02:27:15", "elapsed": 8155.640481, "delta": 0.005847}}
{"target": -13.813614234574809, "params": {"gamma": 83.07350586710449, "log10_alpha": -0.3783555544961086, "log10_colsample_bytree": -0.03311172841807031, "log10_eta": -1.5454459062539043, "log10_lambda": -0.49975827907726256, "log10_min_child_weight": 1.9911995280283112, "log10_subsample": -0.20960026456899095, "max_depth": 8.0, "num_boost_round": 25.0}, "datetime": {"datetime": "2024-01-19 02:27:15", "elapsed": 8155.646243, "delta": 0.005762}}
{"target": -13.814950212077346, "params": {"gamma": 83.07350586710449, "log10_alpha": -0.3783555544961086, "log10_colsample_bytree": -0.03311172841807031, "log10_eta": -1.5454459062539043, "log10_lambda": -0.49975827907726256, "log10_min_child_weight": 1.9911995280283112, "log10_subsample": -0.20960026456899095, "max_depth": 8.0, "num_boost_round": 26.0}, "datetime": {"datetime": "2024-01-19 02:27:15", "elapsed": 8155.652146, "delta": 0.005903}}
{"target": -13.816667655883121, "params": {"gamma": 83.07350586710449, "log10_alpha": -0.3783555544961086, "log10_colsample_bytree": -0.03311172841807031, "log10_eta": -1.5454459062539043, "log10_lambda": -0.49975827907726256, "log10_min_child_weight": 1.9911995280283112, "log10_subsample": -0.20960026456899095, "max_depth": 8.0, "num_boost_round": 27.0}, "datetime": {"datetime": "2024-01-19 02:27:15", "elapsed": 8155.658044, "delta": 0.005898}}
{"target": -13.818316607345034, "params": {"gamma": 83.07350586710449, "log10_alpha": -0.3783555544961086, "log10_colsample_bytree": -0.03311172841807031, "log10_eta": -1.5454459062539043, "log10_lambda": -0.49975827907726256, "log10_min_child_weight": 1.9911995280283112, "log10_subsample": -0.20960026456899095, "max_depth": 8.0, "num_boost_round": 28.0}, "datetime": {"datetime": "2024-01-19 02:27:15", "elapsed": 8155.664001, "delta": 0.005957}}
{"target": -13.81936143394482, "params": {"gamma": 83.07350586710449, "log10_alpha": -0.3783555544961086, "log10_colsample_bytree": -0.03311172841807031, "log10_eta": -1.5454459062539043, "log10_lambda": -0.49975827907726256, "log10_min_child_weight": 1.9911995280283112, "log10_subsample": -0.20960026456899095, "max_depth": 8.0, "num_boost_round": 29.0}, "datetime": {"datetime": "2024-01-19 02:27:15", "elapsed": 8155.669824, "delta": 0.005823}}
{"target": -13.820578035638334, "params": {"gamma": 83.07350586710449, "log10_alpha": -0.3783555544961086, "log10_colsample_bytree": -0.03311172841807031, "log10_eta": -1.5454459062539043, "log10_lambda": -0.49975827907726256, "log10_min_child_weight": 1.9911995280283112, "log10_subsample": -0.20960026456899095, "max_depth": 8.0, "num_boost_round": 30.0}, "datetime": {"datetime": "2024-01-19 02:27:15", "elapsed": 8155.675916, "delta": 0.006092}}
{"target": -13.822018614031924, "params": {"gamma": 83.07350586710449, "log10_alpha": -0.3783555544961086, "log10_colsample_bytree": -0.03311172841807031, "log10_eta": -1.5454459062539043, "log10_lambda": -0.49975827907726256, "log10_min_child_weight": 1.9911995280283112, "log10_subsample": -0.20960026456899095, "max_depth": 8.0, "num_boost_round": 31.0}, "datetime": {"datetime": "2024-01-19 02:27:15", "elapsed": 8155.682078, "delta": 0.006162}}
{"target": -13.824132093272862, "params": {"gamma": 83.07350586710449, "log10_alpha": -0.3783555544961086, "log10_colsample_bytree": -0.03311172841807031, "log10_eta": -1.5454459062539043, "log10_lambda": -0.49975827907726256, "log10_min_child_weight": 1.9911995280283112, "log10_subsample": -0.20960026456899095, "max_depth": 8.0, "num_boost_round": 32.0}, "datetime": {"datetime": "2024-01-19 02:27:15", "elapsed": 8155.688051, "delta": 0.005973}}
{"target": -13.824559277327262, "params": {"gamma": 83.07350586710449, "log10_alpha": -0.3783555544961086, "log10_colsample_bytree": -0.03311172841807031, "log10_eta": -1.5454459062539043, "log10_lambda": -0.49975827907726256, "log10_min_child_weight": 1.9911995280283112, "log10_subsample": -0.20960026456899095, "max_depth": 8.0, "num_boost_round": 33.0}, "datetime": {"datetime": "2024-01-19 02:27:15", "elapsed": 8155.694188, "delta": 0.006137}}
{"target": -13.826385351311204, "params": {"gamma": 83.07350586710449, "log10_alpha": -0.3783555544961086, "log10_colsample_bytree": -0.03311172841807031, "log10_eta": -1.5454459062539043, "log10_lambda": -0.49975827907726256, "log10_min_child_weight": 1.9911995280283112, "log10_subsample": -0.20960026456899095, "max_depth": 8.0, "num_boost_round": 34.0}, "datetime": {"datetime": "2024-01-19 02:27:15", "elapsed": 8155.699997, "delta": 0.005809}}
{"target": -13.828692461529329, "params": {"gamma": 83.07350586710449, "log10_alpha": -0.3783555544961086, "log10_colsample_bytree": -0.03311172841807031, "log10_eta": -1.5454459062539043, "log10_lambda": -0.49975827907726256, "log10_min_child_weight": 1.9911995280283112, "log10_subsample": -0.20960026456899095, "max_depth": 8.0, "num_boost_round": 35.0}, "datetime": {"datetime": "2024-01-19 02:27:15", "elapsed": 8155.705679, "delta": 0.005682}}
{"target": -13.831174165929948, "params": {"gamma": 83.07350586710449, "log10_alpha": -0.3783555544961086, "log10_colsample_bytree": -0.03311172841807031, "log10_eta": -1.5454459062539043, "log10_lambda": -0.49975827907726256, "log10_min_child_weight": 1.9911995280283112, "log10_subsample": -0.20960026456899095, "max_depth": 8.0, "num_boost_round": 36.0}, "datetime": {"datetime": "2024-01-19 02:27:15", "elapsed": 8155.711532, "delta": 0.005853}}
{"target": -13.835359889927044, "params": {"gamma": 83.07350586710449, "log10_alpha": -0.3783555544961086, "log10_colsample_bytree": -0.03311172841807031, "log10_eta": -1.5454459062539043, "log10_lambda": -0.49975827907726256, "log10_min_child_weight": 1.9911995280283112, "log10_subsample": -0.20960026456899095, "max_depth": 8.0, "num_boost_round": 37.0}, "datetime": {"datetime": "2024-01-19 02:27:15", "elapsed": 8155.71732, "delta": 0.005788}}
{"target": -13.837630131133965, "params": {"gamma": 83.07350586710449, "log10_alpha": -0.3783555544961086, "log10_colsample_bytree": -0.03311172841807031, "log10_eta": -1.5454459062539043, "log10_lambda": -0.49975827907726256, "log10_min_child_weight": 1.9911995280283112, "log10_subsample": -0.20960026456899095, "max_depth": 8.0, "num_boost_round": 38.0}, "datetime": {"datetime": "2024-01-19 02:27:15", "elapsed": 8155.723375, "delta": 0.006055}}
{"target": -13.840137075172466, "params": {"gamma": 83.07350586710449, "log10_alpha": -0.3783555544961086, "log10_colsample_bytree": -0.03311172841807031, "log10_eta": -1.5454459062539043, "log10_lambda": -0.49975827907726256, "log10_min_child_weight": 1.9911995280283112, "log10_subsample": -0.20960026456899095, "max_depth": 8.0, "num_boost_round": 39.0}, "datetime": {"datetime": "2024-01-19 02:27:15", "elapsed": 8155.729184, "delta": 0.005809}}
{"target": -13.842479497889668, "params": {"gamma": 83.07350586710449, "log10_alpha": -0.3783555544961086, "log10_colsample_bytree": -0.03311172841807031, "log10_eta": -1.5454459062539043, "log10_lambda": -0.49975827907726256, "log10_min_child_weight": 1.9911995280283112, "log10_subsample": -0.20960026456899095, "max_depth": 8.0, "num_boost_round": 40.0}, "datetime": {"datetime": "2024-01-19 02:27:15", "elapsed": 8155.734983, "delta": 0.005799}}
{"target": -13.843816760969693, "params": {"gamma": 83.07350586710449, "log10_alpha": -0.3783555544961086, "log10_colsample_bytree": -0.03311172841807031, "log10_eta": -1.5454459062539043, "log10_lambda": -0.49975827907726256, "log10_min_child_weight": 1.9911995280283112, "log10_subsample": -0.20960026456899095, "max_depth": 8.0, "num_boost_round": 41.0}, "datetime": {"datetime": "2024-01-19 02:27:15", "elapsed": 8155.740942, "delta": 0.005959}}
{"target": -13.843342450427324, "params": {"gamma": 83.07350586710449, "log10_alpha": -0.3783555544961086, "log10_colsample_bytree": -0.03311172841807031, "log10_eta": -1.5454459062539043, "log10_lambda": -0.49975827907726256, "log10_min_child_weight": 1.9911995280283112, "log10_subsample": -0.20960026456899095, "max_depth": 8.0, "num_boost_round": 42.0}, "datetime": {"datetime": "2024-01-19 02:27:15", "elapsed": 8155.877562, "delta": 0.13662}}
{"target": -13.847917288386208, "params": {"gamma": 83.07350586710449, "log10_alpha": -0.3783555544961086, "log10_colsample_bytree": -0.03311172841807031, "log10_eta": -1.5454459062539043, "log10_lambda": -0.49975827907726256, "log10_min_child_weight": 1.9911995280283112, "log10_subsample": -0.20960026456899095, "max_depth": 8.0, "num_boost_round": 43.0}, "datetime": {"datetime": "2024-01-19 02:27:15", "elapsed": 8155.885031, "delta": 0.007469}}
{"target": -13.852063665954862, "params": {"gamma": 83.07350586710449, "log10_alpha": -0.3783555544961086, "log10_colsample_bytree": -0.03311172841807031, "log10_eta": -1.5454459062539043, "log10_lambda": -0.49975827907726256, "log10_min_child_weight": 1.9911995280283112, "log10_subsample": -0.20960026456899095, "max_depth": 8.0, "num_boost_round": 44.0}, "datetime": {"datetime": "2024-01-19 02:27:15", "elapsed": 8155.89148, "delta": 0.006449}}
{"target": -13.856543410799166, "params": {"gamma": 83.07350586710449, "log10_alpha": -0.3783555544961086, "log10_colsample_bytree": -0.03311172841807031, "log10_eta": -1.5454459062539043, "log10_lambda": -0.49975827907726256, "log10_min_child_weight": 1.9911995280283112, "log10_subsample": -0.20960026456899095, "max_depth": 8.0, "num_boost_round": 45.0}, "datetime": {"datetime": "2024-01-19 02:27:15", "elapsed": 8155.897733, "delta": 0.006253}}
{"target": -13.861489702557412, "params": {"gamma": 83.07350586710449, "log10_alpha": -0.3783555544961086, "log10_colsample_bytree": -0.03311172841807031, "log10_eta": -1.5454459062539043, "log10_lambda": -0.49975827907726256, "log10_min_child_weight": 1.9911995280283112, "log10_subsample": -0.20960026456899095, "max_depth": 8.0, "num_boost_round": 46.0}, "datetime": {"datetime": "2024-01-19 02:27:15", "elapsed": 8155.903633, "delta": 0.0059}}
{"target": -13.862578848184155, "params": {"gamma": 83.07350586710449, "log10_alpha": -0.3783555544961086, "log10_colsample_bytree": -0.03311172841807031, "log10_eta": -1.5454459062539043, "log10_lambda": -0.49975827907726256, "log10_min_child_weight": 1.9911995280283112, "log10_subsample": -0.20960026456899095, "max_depth": 8.0, "num_boost_round": 47.0}, "datetime": {"datetime": "2024-01-19 02:27:15", "elapsed": 8155.909493, "delta": 0.00586}}
{"target": -13.863093036195588, "params": {"gamma": 83.07350586710449, "log10_alpha": -0.3783555544961086, "log10_colsample_bytree": -0.03311172841807031, "log10_eta": -1.5454459062539043, "log10_lambda": -0.49975827907726256, "log10_min_child_weight": 1.9911995280283112, "log10_subsample": -0.20960026456899095, "max_depth": 8.0, "num_boost_round": 48.0}, "datetime": {"datetime": "2024-01-19 02:27:15", "elapsed": 8155.915334, "delta": 0.005841}}
{"target": -13.866117601205502, "params": {"gamma": 83.07350586710449, "log10_alpha": -0.3783555544961086, "log10_colsample_bytree": -0.03311172841807031, "log10_eta": -1.5454459062539043, "log10_lambda": -0.49975827907726256, "log10_min_child_weight": 1.9911995280283112, "log10_subsample": -0.20960026456899095, "max_depth": 8.0, "num_boost_round": 49.0}, "datetime": {"datetime": "2024-01-19 02:27:15", "elapsed": 8155.921212, "delta": 0.005878}}
{"target": -13.870372124659372, "params": {"gamma": 83.07350586710449, "log10_alpha": -0.3783555544961086, "log10_colsample_bytree": -0.03311172841807031, "log10_eta": -1.5454459062539043, "log10_lambda": -0.49975827907726256, "log10_min_child_weight": 1.9911995280283112, "log10_subsample": -0.20960026456899095, "max_depth": 8.0, "num_boost_round": 50.0}, "datetime": {"datetime": "2024-01-19 02:27:15", "elapsed": 8155.927123, "delta": 0.005911}}
{"target": -13.758537939357751, "params": {"gamma": 831.449692286452, "log10_alpha": -4.083623622220794, "log10_colsample_bytree": -0.1533714809170711, "log10_eta": -3.984255255361248, "log10_lambda": -1.5010895305251832, "log10_min_child_weight": 3.5173744389953576, "log10_subsample": -0.5552717841418823, "max_depth": 9.0, "num_boost_round": 0.0}, "datetime": {"datetime": "2024-01-19 02:28:49", "elapsed": 8249.364027, "delta": 93.436904}}
{"target": -13.758535015220906, "params": {"gamma": 831.449692286452, "log10_alpha": -4.083623622220794, "log10_colsample_bytree": -0.1533714809170711, "log10_eta": -3.984255255361248, "log10_lambda": -1.5010895305251832, "log10_min_child_weight": 3.5173744389953576, "log10_subsample": -0.5552717841418823, "max_depth": 9.0, "num_boost_round": 1.0}, "datetime": {"datetime": "2024-01-19 02:28:49", "elapsed": 8249.370406, "delta": 0.006379}}
{"target": -13.758533000576204, "params": {"gamma": 831.449692286452, "log10_alpha": -4.083623622220794, "log10_colsample_bytree": -0.1533714809170711, "log10_eta": -3.984255255361248, "log10_lambda": -1.5010895305251832, "log10_min_child_weight": 3.5173744389953576, "log10_subsample": -0.5552717841418823, "max_depth": 9.0, "num_boost_round": 2.0}, "datetime": {"datetime": "2024-01-19 02:28:49", "elapsed": 8249.376366, "delta": 0.00596}}
{"target": -13.758532507492856, "params": {"gamma": 831.449692286452, "log10_alpha": -4.083623622220794, "log10_colsample_bytree": -0.1533714809170711, "log10_eta": -3.984255255361248, "log10_lambda": -1.5010895305251832, "log10_min_child_weight": 3.5173744389953576, "log10_subsample": -0.5552717841418823, "max_depth": 9.0, "num_boost_round": 3.0}, "datetime": {"datetime": "2024-01-19 02:28:49", "elapsed": 8249.382327, "delta": 0.005961}}
{"target": -13.758531512133988, "params": {"gamma": 831.449692286452, "log10_alpha": -4.083623622220794, "log10_colsample_bytree": -0.1533714809170711, "log10_eta": -3.984255255361248, "log10_lambda": -1.5010895305251832, "log10_min_child_weight": 3.5173744389953576, "log10_subsample": -0.5552717841418823, "max_depth": 9.0, "num_boost_round": 4.0}, "datetime": {"datetime": "2024-01-19 02:28:49", "elapsed": 8249.388229, "delta": 0.005902}}
