{"target": -13.757902887178972, "params": {"gamma": 710.746528735471, "log10_alpha": -3.805830305877747, "log10_colsample_bytree": -0.4683649335008845, "log10_eta": -3.063764931332712, "log10_lambda": -4.56672045654132, "log10_min_child_weight": 2.5196756162526808, "log10_subsample": -0.6887122657125008, "max_depth": 6.0, "num_boost_round": 59.0}, "datetime": {"datetime": "2024-01-19 02:01:11", "elapsed": 6570.232839, "delta": 0.006449}}
{"target": -13.757906523287867, "params": {"gamma": 710.746528735471, "log10_alpha": -3.805830305877747, "log10_colsample_bytree": -0.4683649335008845, "log10_eta": -3.063764931332712, "log10_lambda": -4.56672045654132, "log10_min_child_weight": 2.5196756162526808, "log10_subsample": -0.6887122657125008, "max_depth": 6.0, "num_boost_round": 60.0}, "datetime": {"datetime": "2024-01-19 02:01:11", "elapsed": 6570.239192, "delta": 0.006353}}
{"target": -13.757885173616216, "params": {"gamma": 710.746528735471, "log10_alpha": -3.805830305877747, "log10_colsample_bytree": -0.4683649335008845, "log10_eta": -3.063764931332712, "log10_lambda": -4.56672045654132, "log10_min_child_weight": 2.5196756162526808, "log10_subsample": -0.6887122657125008, "max_depth": 6.0, "num_boost_round": 61.0}, "datetime": {"datetime": "2024-01-19 02:01:11", "elapsed": 6570.245737, "delta": 0.006545}}
{"target": -13.75787213523409, "params": {"gamma": 710.746528735471, "log10_alpha": -3.805830305877747, "log10_colsample_bytree": -0.4683649335008845, "log10_eta": -3.063764931332712, "log10_lambda": -4.56672045654132, "log10_min_child_weight": 2.5196756162526808, "log10_subsample": -0.6887122657125008, "max_depth": 6.0, "num_boost_round": 62.0}, "datetime": {"datetime": "2024-01-19 02:01:11", "elapsed": 6570.357896, "delta": 0.112159}}
{"target": -13.757854186293294, "params": {"gamma": 710.746528735471, "log10_alpha": -3.805830305877747, "log10_colsample_bytree": -0.4683649335008845, "log10_eta": -3.063764931332712, "log10_lambda": -4.56672045654132, "log10_min_child_weight": 2.5196756162526808, "log10_subsample": -0.6887122657125008, "max_depth": 6.0, "num_boost_round": 63.0}, "datetime": {"datetime": "2024-01-19 02:01:11", "elapsed": 6570.365088, "delta": 0.007192}}
{"target": -13.75781568005225, "params": {"gamma": 710.746528735471, "log10_alpha": -3.805830305877747, "log10_colsample_bytree": -0.4683649335008845, "log10_eta": -3.063764931332712, "log10_lambda": -4.56672045654132, "log10_min_child_weight": 2.5196756162526808, "log10_subsample": -0.6887122657125008, "max_depth": 6.0, "num_boost_round": 64.0}, "datetime": {"datetime": "2024-01-19 02:01:11", "elapsed": 6570.372756, "delta": 0.007668}}
{"target": -13.75780475835424, "params": {"gamma": 710.746528735471, "log10_alpha": -3.805830305877747, "log10_colsample_bytree": -0.4683649335008845, "log10_eta": -3.063764931332712, "log10_lambda": -4.56672045654132, "log10_min_child_weight": 2.5196756162526808, "log10_subsample": -0.6887122657125008, "max_depth": 6.0, "num_boost_round": 65.0}, "datetime": {"datetime": "2024-01-19 02:01:11", "elapsed": 6570.379439, "delta": 0.006683}}
{"target": -13.757774772578877, "params": {"gamma": 710.746528735471, "log10_alpha": -3.805830305877747, "log10_colsample_bytree": -0.4683649335008845, "log10_eta": -3.063764931332712, "log10_lambda": -4.56672045654132, "log10_min_child_weight": 2.5196756162526808, "log10_subsample": -0.6887122657125008, "max_depth": 6.0, "num_boost_round": 66.0}, "datetime": {"datetime": "2024-01-19 02:01:11", "elapsed": 6570.385981, "delta": 0.006542}}
{"target": -13.757782185457279, "params": {"gamma": 710.746528735471, "log10_alpha": -3.805830305877747, "log10_colsample_bytree": -0.4683649335008845, "log10_eta": -3.063764931332712, "log10_lambda": -4.56672045654132, "log10_min_child_weight": 2.5196756162526808, "log10_subsample": -0.6887122657125008, "max_depth": 6.0, "num_boost_round": 67.0}, "datetime": {"datetime": "2024-01-19 02:01:11", "elapsed": 6570.392593, "delta": 0.006612}}
{"target": -13.757756357072967, "params": {"gamma": 710.746528735471, "log10_alpha": -3.805830305877747, "log10_colsample_bytree": -0.4683649335008845, "log10_eta": -3.063764931332712, "log10_lambda": -4.56672045654132, "log10_min_child_weight": 2.5196756162526808, "log10_subsample": -0.6887122657125008, "max_depth": 6.0, "num_boost_round": 68.0}, "datetime": {"datetime": "2024-01-19 02:01:11", "elapsed": 6570.398879, "delta": 0.006286}}
{"target": -13.75773644915526, "params": {"gamma": 710.746528735471, "log10_alpha": -3.805830305877747, "log10_colsample_bytree": -0.4683649335008845, "log10_eta": -3.063764931332712, "log10_lambda": -4.56672045654132, "log10_min_child_weight": 2.5196756162526808, "log10_subsample": -0.6887122657125008, "max_depth": 6.0, "num_boost_round": 69.0}, "datetime": {"datetime": "2024-01-19 02:01:11", "elapsed": 6570.405163, "delta": 0.006284}}
{"target": -13.757719412931078, "params": {"gamma": 710.746528735471, "log10_alpha": -3.805830305877747, "log10_colsample_bytree": -0.4683649335008845, "log10_eta": -3.063764931332712, "log10_lambda": -4.56672045654132, "log10_min_child_weight": 2.5196756162526808, "log10_subsample": -0.6887122657125008, "max_depth": 6.0, "num_boost_round": 70.0}, "datetime": {"datetime": "2024-01-19 02:01:11", "elapsed": 6570.411562, "delta": 0.006399}}
{"target": -13.757712716631136, "params": {"gamma": 710.746528735471, "log10_alpha": -3.805830305877747, "log10_colsample_bytree": -0.4683649335008845, "log10_eta": -3.063764931332712, "log10_lambda": -4.56672045654132, "log10_min_child_weight": 2.5196756162526808, "log10_subsample": -0.6887122657125008, "max_depth": 6.0, "num_boost_round": 71.0}, "datetime": {"datetime": "2024-01-19 02:01:11", "elapsed": 6570.421748, "delta": 0.010186}}
{"target": -13.757711307803838, "params": {"gamma": 710.746528735471, "log10_alpha": -3.805830305877747, "log10_colsample_bytree": -0.4683649335008845, "log10_eta": -3.063764931332712, "log10_lambda": -4.56672045654132, "log10_min_child_weight": 2.5196756162526808, "log10_subsample": -0.6887122657125008, "max_depth": 6.0, "num_boost_round": 72.0}, "datetime": {"datetime": "2024-01-19 02:01:11", "elapsed": 6570.428468, "delta": 0.00672}}
{"target": -13.75852218209682, "params": {"gamma": 704.2466408964234, "log10_alpha": -3.6610443429721657, "log10_colsample_bytree": -0.011882018851823162, "log10_eta": -2.839874022322399, "log10_lambda": -3.3141674312186766, "log10_min_child_weight": 2.129632457233068, "log10_subsample": -0.11344909972659822, "max_depth": 2.0, "num_boost_round": 0.0}, "datetime": {"datetime": "2024-01-19 02:03:50", "elapsed": 6729.717795, "delta": 159.289327}}
{"target": -13.758506421547201, "params": {"gamma": 704.2466408964234, "log10_alpha": -3.6610443429721657, "log10_colsample_bytree": -0.011882018851823162, "log10_eta": -2.839874022322399, "log10_lambda": -3.3141674312186766, "log10_min_child_weight": 2.129632457233068, "log10_subsample": -0.11344909972659822, "max_depth": 2.0, "num_boost_round": 1.0}, "datetime": {"datetime": "2024-01-19 02:03:50", "elapsed": 6729.726061, "delta": 0.008266}}
{"target": -13.758491258918445, "params": {"gamma": 704.2466408964234, "log10_alpha": -3.6610443429721657, "log10_colsample_bytree": -0.011882018851823162, "log10_eta": -2.839874022322399, "log10_lambda": -3.3141674312186766, "log10_min_child_weight": 2.129632457233068, "log10_subsample": -0.11344909972659822, "max_depth": 2.0, "num_boost_round": 2.0}, "datetime": {"datetime": "2024-01-19 02:03:50", "elapsed": 6729.733277, "delta": 0.007216}}
{"target": -13.758475694666755, "params": {"gamma": 704.2466408964234, "log10_alpha": -3.6610443429721657, "log10_colsample_bytree": -0.011882018851823162, "log10_eta": -2.839874022322399, "log10_lambda": -3.3141674312186766, "log10_min_child_weight": 2.129632457233068, "log10_subsample": -0.11344909972659822, "max_depth": 2.0, "num_boost_round": 3.0}, "datetime": {"datetime": "2024-01-19 02:03:50", "elapsed": 6729.740386, "delta": 0.007109}}
{"target": -13.758460492591533, "params": {"gamma": 704.2466408964234, "log10_alpha": -3.6610443429721657, "log10_colsample_bytree": -0.011882018851823162, "log10_eta": -2.839874022322399, "log10_lambda": -3.3141674312186766, "log10_min_child_weight": 2.129632457233068, "log10_subsample": -0.11344909972659822, "max_depth": 2.0, "num_boost_round": 4.0}, "datetime": {"datetime": "2024-01-19 02:03:50", "elapsed": 6729.747254, "delta": 0.006868}}
{"target": -13.758445870020598, "params": {"gamma": 704.2466408964234, "log10_alpha": -3.6610443429721657, "log10_colsample_bytree": -0.011882018851823162, "log10_eta": -2.839874022322399, "log10_lambda": -3.3141674312186766, "log10_min_child_weight": 2.129632457233068, "log10_subsample": -0.11344909972659822, "max_depth": 2.0, "num_boost_round": 5.0}, "datetime": {"datetime": "2024-01-19 02:03:50", "elapsed": 6729.754065, "delta": 0.006811}}
{"target": -13.758431565165766, "params": {"gamma": 704.2466408964234, "log10_alpha": -3.6610443429721657, "log10_colsample_bytree": -0.011882018851823162, "log10_eta": -2.839874022322399, "log10_lambda": -3.3141674312186766, "log10_min_child_weight": 2.129632457233068, "log10_subsample": -0.11344909972659822, "max_depth": 2.0, "num_boost_round": 6.0}, "datetime": {"datetime": "2024-01-19 02:03:50", "elapsed": 6729.760326, "delta": 0.006261}}
{"target": -13.758419862742235, "params": {"gamma": 704.2466408964234, "log10_alpha": -3.6610443429721657, "log10_colsample_bytree": -0.011882018851823162, "log10_eta": -2.839874022322399, "log10_lambda": -3.3141674312186766, "log10_min_child_weight": 2.129632457233068, "log10_subsample": -0.11344909972659822, "max_depth": 2.0, "num_boost_round": 7.0}, "datetime": {"datetime": "2024-01-19 02:03:50", "elapsed": 6729.766324, "delta": 0.005998}}
{"target": -13.758405978257775, "params": {"gamma": 704.2466408964234, "log10_alpha": -3.6610443429721657, "log10_colsample_bytree": -0.011882018851823162, "log10_eta": -2.839874022322399, "log10_lambda": -3.3141674312186766, "log10_min_child_weight": 2.129632457233068, "log10_subsample": -0.11344909972659822, "max_depth": 2.0, "num_boost_round": 8.0}, "datetime": {"datetime": "2024-01-19 02:03:50", "elapsed": 6729.772561, "delta": 0.006237}}
{"target": -13.75839476050873, "params": {"gamma": 704.2466408964234, "log10_alpha": -3.6610443429721657, "log10_colsample_bytree": -0.011882018851823162, "log10_eta": -2.839874022322399, "log10_lambda": -3.3141674312186766, "log10_min_child_weight": 2.129632457233068, "log10_subsample": -0.11344909972659822, "max_depth": 2.0, "num_boost_round": 9.0}, "datetime": {"datetime": "2024-01-19 02:03:50", "elapsed": 6729.778808, "delta": 0.006247}}
{"target": -13.758381599968317, "params": {"gamma": 704.2466408964234, "log10_alpha": -3.6610443429721657, "log10_colsample_bytree": -0.011882018851823162, "log10_eta": -2.839874022322399, "log10_lambda": -3.3141674312186766, "log10_min_child_weight": 2.129632457233068, "log10_subsample": -0.11344909972659822, "max_depth": 2.0, "num_boost_round": 10.0}, "datetime": {"datetime": "2024-01-19 02:03:50", "elapsed": 6729.785219, "delta": 0.006411}}
{"target": -13.758368755752754, "params": {"gamma": 704.2466408964234, "log10_alpha": -3.6610443429721657, "log10_colsample_bytree": -0.011882018851823162, "log10_eta": -2.839874022322399, "log10_lambda": -3.3141674312186766, "log10_min_child_weight": 2.129632457233068, "log10_subsample": -0.11344909972659822, "max_depth": 2.0, "num_boost_round": 11.0}, "datetime": {"datetime": "2024-01-19 02:03:50", "elapsed": 6729.79153, "delta": 0.006311}}
{"target": -13.758358320381557, "params": {"gamma": 704.2466408964234, "log10_alpha": -3.6610443429721657, "log10_colsample_bytree": -0.011882018851823162, "log10_eta": -2.839874022322399, "log10_lambda": -3.3141674312186766, "log10_min_child_weight": 2.129632457233068, "log10_subsample": -0.11344909972659822, "max_depth": 2.0, "num_boost_round": 12.0}, "datetime": {"datetime": "2024-01-19 02:03:50", "elapsed": 6729.797664, "delta": 0.006134}}
{"target": -13.758345804953269, "params": {"gamma": 704.2466408964234, "log10_alpha": -3.6610443429721657, "log10_colsample_bytree": -0.011882018851823162, "log10_eta": -2.839874022322399, "log10_lambda": -3.3141674312186766, "log10_min_child_weight": 2.129632457233068, "log10_subsample": -0.11344909972659822, "max_depth": 2.0, "num_boost_round": 13.0}, "datetime": {"datetime": "2024-01-19 02:03:50", "elapsed": 6729.803998, "delta": 0.006334}}
{"target": -13.758333485136703, "params": {"gamma": 704.2466408964234, "log10_alpha": -3.6610443429721657, "log10_colsample_bytree": -0.011882018851823162, "log10_eta": -2.839874022322399, "log10_lambda": -3.3141674312186766, "log10_min_child_weight": 2.129632457233068, "log10_subsample": -0.11344909972659822, "max_depth": 2.0, "num_boost_round": 14.0}, "datetime": {"datetime": "2024-01-19 02:03:50", "elapsed": 6729.810327, "delta": 0.006329}}
{"target": -13.7583215154086, "params": {"gamma": 704.2466408964234, "log10_alpha": -3.6610443429721657, "log10_colsample_bytree": -0.011882018851823162, "log10_eta": -2.839874022322399, "log10_lambda": -3.3141674312186766, "log10_min_child_weight": 2.129632457233068, "log10_subsample": -0.11344909972659822, "max_depth": 2.0, "num_boost_round": 15.0}, "datetime": {"datetime": "2024-01-19 02:03:50", "elapsed": 6729.81665, "delta": 0.006323}}
{"target": -13.758310002084174, "params": {"gamma": 704.2466408964234, "log10_alpha": -3.6610443429721657, "log10_colsample_bytree": -0.011882018851823162, "log10_eta": -2.839874022322399, "log10_lambda": -3.3141674312186766, "log10_min_child_weight": 2.129632457233068, "log10_subsample": -0.11344909972659822, "max_depth": 2.0, "num_boost_round": 16.0}, "datetime": {"datetime": "2024-01-19 02:03:50", "elapsed": 6729.823352, "delta": 0.006702}}
{"target": -13.75853643811728, "params": {"gamma": 699.2280925744321, "log10_alpha": -0.018063236785424763, "log10_colsample_bytree": -0.6840544405685359, "log10_eta": -3.6487435343749923, "log10_lambda": -3.3171914676776133, "log10_min_child_weight": 4.56740590951073, "log10_subsample": -0.8475509627494399, "max_depth": 2.0, "num_boost_round": 0.0}, "datetime": {"datetime": "2024-01-19 02:05:12", "elapsed": 6812.012264, "delta": 82.188912}}
{"target": -13.758535907640246, "params": {"gamma": 699.2280925744321, "log10_alpha": -0.018063236785424763, "log10_colsample_bytree": -0.6840544405685359, "log10_eta": -3.6487435343749923, "log10_lambda": -3.3171914676776133, "log10_min_child_weight": 4.56740590951073, "log10_subsample": -0.8475509627494399, "max_depth": 2.0, "num_boost_round": 1.0}, "datetime": {"datetime": "2024-01-19 02:05:12", "elapsed": 6812.019369, "delta": 0.007105}}
{"target": -13.758535696800173, "params": {"gamma": 699.2280925744321, "log10_alpha": -0.018063236785424763, "log10_colsample_bytree": -0.6840544405685359, "log10_eta": -3.6487435343749923, "log10_lambda": -3.3171914676776133, "log10_min_child_weight": 4.56740590951073, "log10_subsample": -0.8475509627494399, "max_depth": 2.0, "num_boost_round": 2.0}, "datetime": {"datetime": "2024-01-19 02:05:12", "elapsed": 6812.02617, "delta": 0.006801}}
{"target": -13.758534790712039, "params": {"gamma": 699.2280925744321, "log10_alpha": -0.018063236785424763, "log10_colsample_bytree": -0.6840544405685359, "log10_eta": -3.6487435343749923, "log10_lambda": -3.3171914676776133, "log10_min_child_weight": 4.56740590951073, "log10_subsample": -0.8475509627494399, "max_depth": 2.0, "num_boost_round": 3.0}, "datetime": {"datetime": "2024-01-19 02:05:12", "elapsed": 6812.034222, "delta": 0.008052}}
{"target": -13.758534022072661, "params": {"gamma": 699.2280925744321, "log10_alpha": -0.018063236785424763, "log10_colsample_bytree": -0.6840544405685359, "log10_eta": -3.6487435343749923, "log10_lambda": -3.3171914676776133, "log10_min_child_weight": 4.56740590951073, "log10_subsample": -0.8475509627494399, "max_depth": 2.0, "num_boost_round": 4.0}, "datetime": {"datetime": "2024-01-19 02:05:12", "elapsed": 6812.040655, "delta": 0.006433}}
{"target": -13.758533615366215, "params": {"gamma": 699.2280925744321, "log10_alpha": -0.018063236785424763, "log10_colsample_bytree": -0.6840544405685359, "log10_eta": -3.6487435343749923, "log10_lambda": -3.3171914676776133, "log10_min_child_weight": 4.56740590951073, "log10_subsample": -0.8475509627494399, "max_depth": 2.0, "num_boost_round": 5.0}, "datetime": {"datetime": "2024-01-19 02:05:12", "elapsed": 6812.047114, "delta": 0.006459}}
{"target": -13.758533549767513, "params": {"gamma": 699.2280925744321, "log10_alpha": -0.018063236785424763, "log10_colsample_bytree": -0.6840544405685359, "log10_eta": -3.6487435343749923, "log10_lambda": -3.3171914676776133, "log10_min_child_weight": 4.56740590951073, "log10_subsample": -0.8475509627494399, "max_depth": 2.0, "num_boost_round": 6.0}, "datetime": {"datetime": "2024-01-19 02:05:12", "elapsed": 6812.053462, "delta": 0.006348}}
{"target": -13.758532949009863, "params": {"gamma": 699.2280925744321, "log10_alpha": -0.018063236785424763, "log10_colsample_bytree": -0.6840544405685359, "log10_eta": -3.6487435343749923, "log10_lambda": -3.3171914676776133, "log10_min_child_weight": 4.56740590951073, "log10_subsample": -0.8475509627494399, "max_depth": 2.0, "num_boost_round": 7.0}, "datetime": {"datetime": "2024-01-19 02:05:12", "elapsed": 6812.059594, "delta": 0.006132}}
{"target": -13.75853344282804, "params": {"gamma": 699.2280925744321, "log10_alpha": -0.018063236785424763, "log10_colsample_bytree": -0.6840544405685359, "log10_eta": -3.6487435343749923, "log10_lambda": -3.3171914676776133, "log10_min_child_weight": 4.56740590951073, "log10_subsample": -0.8475509627494399, "max_depth": 2.0, "num_boost_round": 8.0}, "datetime": {"datetime": "2024-01-19 02:05:12", "elapsed": 6812.065882, "delta": 0.006288}}
{"target": -13.75853301911238, "params": {"gamma": 699.2280925744321, "log10_alpha": -0.018063236785424763, "log10_colsample_bytree": -0.6840544405685359, "log10_eta": -3.6487435343749923, "log10_lambda": -3.3171914676776133, "log10_min_child_weight": 4.56740590951073, "log10_subsample": -0.8475509627494399, "max_depth": 2.0, "num_boost_round": 9.0}, "datetime": {"datetime": "2024-01-19 02:05:12", "elapsed": 6812.072191, "delta": 0.006309}}
{"target": -13.758531925844034, "params": {"gamma": 699.2280925744321, "log10_alpha": -0.018063236785424763, "log10_colsample_bytree": -0.6840544405685359, "log10_eta": -3.6487435343749923, "log10_lambda": -3.3171914676776133, "log10_min_child_weight": 4.56740590951073, "log10_subsample": -0.8475509627494399, "max_depth": 2.0, "num_boost_round": 10.0}, "datetime": {"datetime": "2024-01-19 02:05:12", "elapsed": 6812.078444, "delta": 0.006253}}
{"target": -13.758531217229946, "params": {"gamma": 699.2280925744321, "log10_alpha": -0.018063236785424763, "log10_colsample_bytree": -0.6840544405685359, "log10_eta": -3.6487435343749923, "log10_lambda": -3.3171914676776133, "log10_min_child_weight": 4.56740590951073, "log10_subsample": -0.8475509627494399, "max_depth": 2.0, "num_boost_round": 11.0}, "datetime": {"datetime": "2024-01-19 02:05:13", "elapsed": 6812.084685, "delta": 0.006241}}
{"target": -13.758530664604999, "params": {"gamma": 699.2280925744321, "log10_alpha": -0.018063236785424763, "log10_colsample_bytree": -0.6840544405685359, "log10_eta": -3.6487435343749923, "log10_lambda": -3.3171914676776133, "log10_min_child_weight": 4.56740590951073, "log10_subsample": -0.8475509627494399, "max_depth": 2.0, "num_boost_round": 12.0}, "datetime": {"datetime": "2024-01-19 02:05:13", "elapsed": 6812.091219, "delta": 0.006534}}
{"target": -13.758529857176484, "params": {"gamma": 699.2280925744321, "log10_alpha": -0.018063236785424763, "log10_colsample_bytree": -0.6840544405685359, "log10_eta": -3.6487435343749923, "log10_lambda": -3.3171914676776133, "log10_min_child_weight": 4.56740590951073, "log10_subsample": -0.8475509627494399, "max_depth": 2.0, "num_boost_round": 13.0}, "datetime": {"datetime": "2024-01-19 02:05:13", "elapsed": 6812.097666, "delta": 0.006447}}
{"target": -13.758529665321948, "params": {"gamma": 699.2280925744321, "log10_alpha": -0.018063236785424763, "log10_colsample_bytree": -0.6840544405685359, "log10_eta": -3.6487435343749923, "log10_lambda": -3.3171914676776133, "log10_min_child_weight": 4.56740590951073, "log10_subsample": -0.8475509627494399, "max_depth": 2.0, "num_boost_round": 14.0}, "datetime": {"datetime": "2024-01-19 02:05:13", "elapsed": 6812.104149, "delta": 0.006483}}
{"target": -13.758528496115025, "params": {"gamma": 699.2280925744321, "log10_alpha": -0.018063236785424763, "log10_colsample_bytree": -0.6840544405685359, "log10_eta": -3.6487435343749923, "log10_lambda": -3.3171914676776133, "log10_min_child_weight": 4.56740590951073, "log10_subsample": -0.8475509627494399, "max_depth": 2.0, "num_boost_round": 15.0}, "datetime": {"datetime": "2024-01-19 02:05:13", "elapsed": 6812.110883, "delta": 0.006734}}
{"target": -13.758527245150237, "params": {"gamma": 699.2280925744321, "log10_alpha": -0.018063236785424763, "log10_colsample_bytree": -0.6840544405685359, "log10_eta": -3.6487435343749923, "log10_lambda": -3.3171914676776133, "log10_min_child_weight": 4.56740590951073, "log10_subsample": -0.8475509627494399, "max_depth": 2.0, "num_boost_round": 16.0}, "datetime": {"datetime": "2024-01-19 02:05:13", "elapsed": 6812.117942, "delta": 0.007059}}
{"target": -13.758526140828476, "params": {"gamma": 699.2280925744321, "log10_alpha": -0.018063236785424763, "log10_colsample_bytree": -0.6840544405685359, "log10_eta": -3.6487435343749923, "log10_lambda": -3.3171914676776133, "log10_min_child_weight": 4.56740590951073, "log10_subsample": -0.8475509627494399, "max_depth": 2.0, "num_boost_round": 17.0}, "datetime": {"datetime": "2024-01-19 02:05:13", "elapsed": 6812.124515, "delta": 0.006573}}
