{"target": -13.758433831595378, "params": {"gamma": 430.73803566213866, "log10_alpha": 0.18921287120442987, "log10_colsample_bytree": -0.9351156085921477, "log10_eta": -3.5054110000822747, "log10_lambda": -0.8436072920346511, "log10_min_child_weight": 3.0045613602859813, "log10_subsample": -0.11044147134510374, "max_depth": 4.0, "num_boost_round": 21.0}, "datetime": {"datetime": "2024-01-19 00:53:41", "elapsed": 2524.994004, "delta": 0.004023}}
{"target": -13.758432265189716, "params": {"gamma": 430.73803566213866, "log10_alpha": 0.18921287120442987, "log10_colsample_bytree": -0.9351156085921477, "log10_eta": -3.5054110000822747, "log10_lambda": -0.8436072920346511, "log10_min_child_weight": 3.0045613602859813, "log10_subsample": -0.11044147134510374, "max_depth": 4.0, "num_boost_round": 22.0}, "datetime": {"datetime": "2024-01-19 00:53:41", "elapsed": 2524.998132, "delta": 0.004128}}
{"target": -13.758425078460206, "params": {"gamma": 430.73803566213866, "log10_alpha": 0.18921287120442987, "log10_colsample_bytree": -0.9351156085921477, "log10_eta": -3.5054110000822747, "log10_lambda": -0.8436072920346511, "log10_min_child_weight": 3.0045613602859813, "log10_subsample": -0.11044147134510374, "max_depth": 4.0, "num_boost_round": 23.0}, "datetime": {"datetime": "2024-01-19 00:53:41", "elapsed": 2525.001988, "delta": 0.003856}}
{"target": -13.758425001926751, "params": {"gamma": 430.73803566213866, "log10_alpha": 0.18921287120442987, "log10_colsample_bytree": -0.9351156085921477, "log10_eta": -3.5054110000822747, "log10_lambda": -0.8436072920346511, "log10_min_child_weight": 3.0045613602859813, "log10_subsample": -0.11044147134510374, "max_depth": 4.0, "num_boost_round": 24.0}, "datetime": {"datetime": "2024-01-19 00:53:41", "elapsed": 2525.005884, "delta": 0.003896}}
{"target": -13.758417262821732, "params": {"gamma": 430.73803566213866, "log10_alpha": 0.18921287120442987, "log10_colsample_bytree": -0.9351156085921477, "log10_eta": -3.5054110000822747, "log10_lambda": -0.8436072920346511, "log10_min_child_weight": 3.0045613602859813, "log10_subsample": -0.11044147134510374, "max_depth": 4.0, "num_boost_round": 25.0}, "datetime": {"datetime": "2024-01-19 00:53:41", "elapsed": 2525.009887, "delta": 0.004003}}
{"target": -13.758416453422958, "params": {"gamma": 430.73803566213866, "log10_alpha": 0.18921287120442987, "log10_colsample_bytree": -0.9351156085921477, "log10_eta": -3.5054110000822747, "log10_lambda": -0.8436072920346511, "log10_min_child_weight": 3.0045613602859813, "log10_subsample": -0.11044147134510374, "max_depth": 4.0, "num_boost_round": 26.0}, "datetime": {"datetime": "2024-01-19 00:53:41", "elapsed": 2525.013728, "delta": 0.003841}}
{"target": -13.758407938974063, "params": {"gamma": 430.73803566213866, "log10_alpha": 0.18921287120442987, "log10_colsample_bytree": -0.9351156085921477, "log10_eta": -3.5054110000822747, "log10_lambda": -0.8436072920346511, "log10_min_child_weight": 3.0045613602859813, "log10_subsample": -0.11044147134510374, "max_depth": 4.0, "num_boost_round": 27.0}, "datetime": {"datetime": "2024-01-19 00:53:41", "elapsed": 2525.01756, "delta": 0.003832}}
{"target": -13.758401191165083, "params": {"gamma": 430.73803566213866, "log10_alpha": 0.18921287120442987, "log10_colsample_bytree": -0.9351156085921477, "log10_eta": -3.5054110000822747, "log10_lambda": -0.8436072920346511, "log10_min_child_weight": 3.0045613602859813, "log10_subsample": -0.11044147134510374, "max_depth": 4.0, "num_boost_round": 28.0}, "datetime": {"datetime": "2024-01-19 00:53:41", "elapsed": 2525.021397, "delta": 0.003837}}
{"target": -13.758395716336604, "params": {"gamma": 430.73803566213866, "log10_alpha": 0.18921287120442987, "log10_colsample_bytree": -0.9351156085921477, "log10_eta": -3.5054110000822747, "log10_lambda": -0.8436072920346511, "log10_min_child_weight": 3.0045613602859813, "log10_subsample": -0.11044147134510374, "max_depth": 4.0, "num_boost_round": 29.0}, "datetime": {"datetime": "2024-01-19 00:53:41", "elapsed": 2525.025283, "delta": 0.003886}}
{"target": -13.758393165358994, "params": {"gamma": 430.73803566213866, "log10_alpha": 0.18921287120442987, "log10_colsample_bytree": -0.9351156085921477, "log10_eta": -3.5054110000822747, "log10_lambda": -0.8436072920346511, "log10_min_child_weight": 3.0045613602859813, "log10_subsample": -0.11044147134510374, "max_depth": 4.0, "num_boost_round": 30.0}, "datetime": {"datetime": "2024-01-19 00:53:41", "elapsed": 2525.029256, "delta": 0.003973}}
{"target": -13.758388714607294, "params": {"gamma": 430.73803566213866, "log10_alpha": 0.18921287120442987, "log10_colsample_bytree": -0.9351156085921477, "log10_eta": -3.5054110000822747, "log10_lambda": -0.8436072920346511, "log10_min_child_weight": 3.0045613602859813, "log10_subsample": -0.11044147134510374, "max_depth": 4.0, "num_boost_round": 31.0}, "datetime": {"datetime": "2024-01-19 00:53:41", "elapsed": 2525.033111, "delta": 0.003855}}
{"target": -13.758387159153159, "params": {"gamma": 430.73803566213866, "log10_alpha": 0.18921287120442987, "log10_colsample_bytree": -0.9351156085921477, "log10_eta": -3.5054110000822747, "log10_lambda": -0.8436072920346511, "log10_min_child_weight": 3.0045613602859813, "log10_subsample": -0.11044147134510374, "max_depth": 4.0, "num_boost_round": 32.0}, "datetime": {"datetime": "2024-01-19 00:53:41", "elapsed": 2525.036958, "delta": 0.003847}}
{"target": -13.75838259752845, "params": {"gamma": 430.73803566213866, "log10_alpha": 0.18921287120442987, "log10_colsample_bytree": -0.9351156085921477, "log10_eta": -3.5054110000822747, "log10_lambda": -0.8436072920346511, "log10_min_child_weight": 3.0045613602859813, "log10_subsample": -0.11044147134510374, "max_depth": 4.0, "num_boost_round": 33.0}, "datetime": {"datetime": "2024-01-19 00:53:41", "elapsed": 2525.04082, "delta": 0.003862}}
{"target": -13.758375031146745, "params": {"gamma": 430.73803566213866, "log10_alpha": 0.18921287120442987, "log10_colsample_bytree": -0.9351156085921477, "log10_eta": -3.5054110000822747, "log10_lambda": -0.8436072920346511, "log10_min_child_weight": 3.0045613602859813, "log10_subsample": -0.11044147134510374, "max_depth": 4.0, "num_boost_round": 34.0}, "datetime": {"datetime": "2024-01-19 00:53:41", "elapsed": 2525.04481, "delta": 0.00399}}
{"target": -13.758371319338197, "params": {"gamma": 430.73803566213866, "log10_alpha": 0.18921287120442987, "log10_colsample_bytree": -0.9351156085921477, "log10_eta": -3.5054110000822747, "log10_lambda": -0.8436072920346511, "log10_min_child_weight": 3.0045613602859813, "log10_subsample": -0.11044147134510374, "max_depth": 4.0, "num_boost_round": 35.0}, "datetime": {"datetime": "2024-01-19 00:53:41", "elapsed": 2525.048763, "delta": 0.003953}}
{"target": -13.7583671821532, "params": {"gamma": 430.73803566213866, "log10_alpha": 0.18921287120442987, "log10_colsample_bytree": -0.9351156085921477, "log10_eta": -3.5054110000822747, "log10_lambda": -0.8436072920346511, "log10_min_child_weight": 3.0045613602859813, "log10_subsample": -0.11044147134510374, "max_depth": 4.0, "num_boost_round": 36.0}, "datetime": {"datetime": "2024-01-19 00:53:41", "elapsed": 2525.052616, "delta": 0.003853}}
{"target": -13.758364049894368, "params": {"gamma": 430.73803566213866, "log10_alpha": 0.18921287120442987, "log10_colsample_bytree": -0.9351156085921477, "log10_eta": -3.5054110000822747, "log10_lambda": -0.8436072920346511, "log10_min_child_weight": 3.0045613602859813, "log10_subsample": -0.11044147134510374, "max_depth": 4.0, "num_boost_round": 37.0}, "datetime": {"datetime": "2024-01-19 00:53:41", "elapsed": 2525.056448, "delta": 0.003832}}
{"target": -13.758536219676646, "params": {"gamma": 424.20394006814956, "log10_alpha": -1.0502998629540037, "log10_colsample_bytree": -1.0, "log10_eta": -4.0, "log10_lambda": -5.0, "log10_min_child_weight": 0.0, "log10_subsample": 0.0, "max_depth": 2.0, "num_boost_round": 0.0}, "datetime": {"datetime": "2024-01-19 00:54:36", "elapsed": 2579.439918, "delta": 54.38347}}
{"target": -13.75853513082861, "params": {"gamma": 424.20394006814956, "log10_alpha": -1.0502998629540037, "log10_colsample_bytree": -1.0, "log10_eta": -4.0, "log10_lambda": -5.0, "log10_min_child_weight": 0.0, "log10_subsample": 0.0, "max_depth": 2.0, "num_boost_round": 1.0}, "datetime": {"datetime": "2024-01-19 00:54:36", "elapsed": 2579.444381, "delta": 0.004463}}
{"target": -13.758535010491041, "params": {"gamma": 424.20394006814956, "log10_alpha": -1.0502998629540037, "log10_colsample_bytree": -1.0, "log10_eta": -4.0, "log10_lambda": -5.0, "log10_min_child_weight": 0.0, "log10_subsample": 0.0, "max_depth": 2.0, "num_boost_round": 2.0}, "datetime": {"datetime": "2024-01-19 00:54:36", "elapsed": 2579.448333, "delta": 0.003952}}
{"target": -13.758535591609649, "params": {"gamma": 424.20394006814956, "log10_alpha": -1.0502998629540037, "log10_colsample_bytree": -1.0, "log10_eta": -4.0, "log10_lambda": -5.0, "log10_min_child_weight": 0.0, "log10_subsample": 0.0, "max_depth": 2.0, "num_boost_round": 3.0}, "datetime": {"datetime": "2024-01-19 00:54:36", "elapsed": 2579.452205, "delta": 0.003872}}
{"target": -13.758535139291366, "params": {"gamma": 424.20394006814956, "log10_alpha": -1.0502998629540037, "log10_colsample_bytree": -1.0, "log10_eta": -4.0, "log10_lambda": -5.0, "log10_min_child_weight": 0.0, "log10_subsample": 0.0, "max_depth": 2.0, "num_boost_round": 4.0}, "datetime": {"datetime": "2024-01-19 00:54:36", "elapsed": 2579.456017, "delta": 0.003812}}
{"target": -13.7585351249082, "params": {"gamma": 424.20394006814956, "log10_alpha": -1.0502998629540037, "log10_colsample_bytree": -1.0, "log10_eta": -4.0, "log10_lambda": -5.0, "log10_min_child_weight": 0.0, "log10_subsample": 0.0, "max_depth": 2.0, "num_boost_round": 5.0}, "datetime": {"datetime": "2024-01-19 00:54:36", "elapsed": 2579.459908, "delta": 0.003891}}
{"target": -13.758535002640945, "params": {"gamma": 424.20394006814956, "log10_alpha": -1.0502998629540037, "log10_colsample_bytree": -1.0, "log10_eta": -4.0, "log10_lambda": -5.0, "log10_min_child_weight": 0.0, "log10_subsample": 0.0, "max_depth": 2.0, "num_boost_round": 6.0}, "datetime": {"datetime": "2024-01-19 00:54:36", "elapsed": 2579.463686, "delta": 0.003778}}
{"target": -13.758533899678032, "params": {"gamma": 424.20394006814956, "log10_alpha": -1.0502998629540037, "log10_colsample_bytree": -1.0, "log10_eta": -4.0, "log10_lambda": -5.0, "log10_min_child_weight": 0.0, "log10_subsample": 0.0, "max_depth": 2.0, "num_boost_round": 7.0}, "datetime": {"datetime": "2024-01-19 00:54:36", "elapsed": 2579.467503, "delta": 0.003817}}
{"target": -13.75853465905612, "params": {"gamma": 424.20394006814956, "log10_alpha": -1.0502998629540037, "log10_colsample_bytree": -1.0, "log10_eta": -4.0, "log10_lambda": -5.0, "log10_min_child_weight": 0.0, "log10_subsample": 0.0, "max_depth": 2.0, "num_boost_round": 8.0}, "datetime": {"datetime": "2024-01-19 00:54:36", "elapsed": 2579.471439, "delta": 0.003936}}
{"target": -13.758533811667867, "params": {"gamma": 424.20394006814956, "log10_alpha": -1.0502998629540037, "log10_colsample_bytree": -1.0, "log10_eta": -4.0, "log10_lambda": -5.0, "log10_min_child_weight": 0.0, "log10_subsample": 0.0, "max_depth": 2.0, "num_boost_round": 9.0}, "datetime": {"datetime": "2024-01-19 00:54:36", "elapsed": 2579.47523, "delta": 0.003791}}
{"target": -13.758533774950713, "params": {"gamma": 424.20394006814956, "log10_alpha": -1.0502998629540037, "log10_colsample_bytree": -1.0, "log10_eta": -4.0, "log10_lambda": -5.0, "log10_min_child_weight": 0.0, "log10_subsample": 0.0, "max_depth": 2.0, "num_boost_round": 10.0}, "datetime": {"datetime": "2024-01-19 00:54:36", "elapsed": 2579.479043, "delta": 0.003813}}
{"target": -13.75853256773783, "params": {"gamma": 424.20394006814956, "log10_alpha": -1.0502998629540037, "log10_colsample_bytree": -1.0, "log10_eta": -4.0, "log10_lambda": -5.0, "log10_min_child_weight": 0.0, "log10_subsample": 0.0, "max_depth": 2.0, "num_boost_round": 11.0}, "datetime": {"datetime": "2024-01-19 00:54:36", "elapsed": 2579.482825, "delta": 0.003782}}
{"target": -13.758532374868606, "params": {"gamma": 424.20394006814956, "log10_alpha": -1.0502998629540037, "log10_colsample_bytree": -1.0, "log10_eta": -4.0, "log10_lambda": -5.0, "log10_min_child_weight": 0.0, "log10_subsample": 0.0, "max_depth": 2.0, "num_boost_round": 12.0}, "datetime": {"datetime": "2024-01-19 00:54:36", "elapsed": 2579.486659, "delta": 0.003834}}
{"target": -13.758531454806354, "params": {"gamma": 424.20394006814956, "log10_alpha": -1.0502998629540037, "log10_colsample_bytree": -1.0, "log10_eta": -4.0, "log10_lambda": -5.0, "log10_min_child_weight": 0.0, "log10_subsample": 0.0, "max_depth": 2.0, "num_boost_round": 13.0}, "datetime": {"datetime": "2024-01-19 00:54:36", "elapsed": 2579.490622, "delta": 0.003963}}
{"target": -13.758530064503471, "params": {"gamma": 424.20394006814956, "log10_alpha": -1.0502998629540037, "log10_colsample_bytree": -1.0, "log10_eta": -4.0, "log10_lambda": -5.0, "log10_min_child_weight": 0.0, "log10_subsample": 0.0, "max_depth": 2.0, "num_boost_round": 14.0}, "datetime": {"datetime": "2024-01-19 00:54:36", "elapsed": 2579.494563, "delta": 0.003941}}
{"target": -13.758528944449361, "params": {"gamma": 424.20394006814956, "log10_alpha": -1.0502998629540037, "log10_colsample_bytree": -1.0, "log10_eta": -4.0, "log10_lambda": -5.0, "log10_min_child_weight": 0.0, "log10_subsample": 0.0, "max_depth": 2.0, "num_boost_round": 15.0}, "datetime": {"datetime": "2024-01-19 00:54:36", "elapsed": 2579.49848, "delta": 0.003917}}
{"target": -13.758528281083727, "params": {"gamma": 424.20394006814956, "log10_alpha": -1.0502998629540037, "log10_colsample_bytree": -1.0, "log10_eta": -4.0, "log10_lambda": -5.0, "log10_min_child_weight": 0.0, "log10_subsample": 0.0, "max_depth": 2.0, "num_boost_round": 16.0}, "datetime": {"datetime": "2024-01-19 00:54:36", "elapsed": 2579.502316, "delta": 0.003836}}
{"target": -13.75852734428313, "params": {"gamma": 424.20394006814956, "log10_alpha": -1.0502998629540037, "log10_colsample_bytree": -1.0, "log10_eta": -4.0, "log10_lambda": -5.0, "log10_min_child_weight": 0.0, "log10_subsample": 0.0, "max_depth": 2.0, "num_boost_round": 17.0}, "datetime": {"datetime": "2024-01-19 00:54:36", "elapsed": 2579.506148, "delta": 0.003832}}
{"target": -13.758526471868867, "params": {"gamma": 424.20394006814956, "log10_alpha": -1.0502998629540037, "log10_colsample_bytree": -1.0, "log10_eta": -4.0, "log10_lambda": -5.0, "log10_min_child_weight": 0.0, "log10_subsample": 0.0, "max_depth": 2.0, "num_boost_round": 18.0}, "datetime": {"datetime": "2024-01-19 00:54:36", "elapsed": 2579.510066, "delta": 0.003918}}
{"target": -13.758525638414994, "params": {"gamma": 424.20394006814956, "log10_alpha": -1.0502998629540037, "log10_colsample_bytree": -1.0, "log10_eta": -4.0, "log10_lambda": -5.0, "log10_min_child_weight": 0.0, "log10_subsample": 0.0, "max_depth": 2.0, "num_boost_round": 19.0}, "datetime": {"datetime": "2024-01-19 00:54:36", "elapsed": 2579.513851, "delta": 0.003785}}
{"target": -13.758525229206937, "params": {"gamma": 424.20394006814956, "log10_alpha": -1.0502998629540037, "log10_colsample_bytree": -1.0, "log10_eta": -4.0, "log10_lambda": -5.0, "log10_min_child_weight": 0.0, "log10_subsample": 0.0, "max_depth": 2.0, "num_boost_round": 20.0}, "datetime": {"datetime": "2024-01-19 00:54:36", "elapsed": 2579.517676, "delta": 0.003825}}
{"target": -13.758523601386589, "params": {"gamma": 424.20394006814956, "log10_alpha": -1.0502998629540037, "log10_colsample_bytree": -1.0, "log10_eta": -4.0, "log10_lambda": -5.0, "log10_min_child_weight": 0.0, "log10_subsample": 0.0, "max_depth": 2.0, "num_boost_round": 21.0}, "datetime": {"datetime": "2024-01-19 00:54:36", "elapsed": 2579.521454, "delta": 0.003778}}
{"target": -13.758522953184583, "params": {"gamma": 424.20394006814956, "log10_alpha": -1.0502998629540037, "log10_colsample_bytree": -1.0, "log10_eta": -4.0, "log10_lambda": -5.0, "log10_min_child_weight": 0.0, "log10_subsample": 0.0, "max_depth": 2.0, "num_boost_round": 22.0}, "datetime": {"datetime": "2024-01-19 00:54:36", "elapsed": 2579.525343, "delta": 0.003889}}
{"target": -13.758521776796906, "params": {"gamma": 424.20394006814956, "log10_alpha": -1.0502998629540037, "log10_colsample_bytree": -1.0, "log10_eta": -4.0, "log10_lambda": -5.0, "log10_min_child_weight": 0.0, "log10_subsample": 0.0, "max_depth": 2.0, "num_boost_round": 23.0}, "datetime": {"datetime": "2024-01-19 00:54:36", "elapsed": 2579.529225, "delta": 0.003882}}
{"target": -13.758521990075787, "params": {"gamma": 424.20394006814956, "log10_alpha": -1.0502998629540037, "log10_colsample_bytree": -1.0, "log10_eta": -4.0, "log10_lambda": -5.0, "log10_min_child_weight": 0.0, "log10_subsample": 0.0, "max_depth": 2.0, "num_boost_round": 24.0}, "datetime": {"datetime": "2024-01-19 00:54:36", "elapsed": 2579.533046, "delta": 0.003821}}
{"target": -13.75852046027689, "params": {"gamma": 424.20394006814956, "log10_alpha": -1.0502998629540037, "log10_colsample_bytree": -1.0, "log10_eta": -4.0, "log10_lambda": -5.0, "log10_min_child_weight": 0.0, "log10_subsample": 0.0, "max_depth": 2.0, "num_boost_round": 25.0}, "datetime": {"datetime": "2024-01-19 00:54:36", "elapsed": 2579.536844, "delta": 0.003798}}
{"target": -13.758520188462775, "params": {"gamma": 424.20394006814956, "log10_alpha": -1.0502998629540037, "log10_colsample_bytree": -1.0, "log10_eta": -4.0, "log10_lambda": -5.0, "log10_min_child_weight": 0.0, "log10_subsample": 0.0, "max_depth": 2.0, "num_boost_round": 26.0}, "datetime": {"datetime": "2024-01-19 00:54:36", "elapsed": 2579.540657, "delta": 0.003813}}
{"target": -13.758519253563263, "params": {"gamma": 424.20394006814956, "log10_alpha": -1.0502998629540037, "log10_colsample_bytree": -1.0, "log10_eta": -4.0, "log10_lambda": -5.0, "log10_min_child_weight": 0.0, "log10_subsample": 0.0, "max_depth": 2.0, "num_boost_round": 27.0}, "datetime": {"datetime": "2024-01-19 00:54:36", "elapsed": 2579.544505, "delta": 0.003848}}
{"target": -13.758519098769268, "params": {"gamma": 424.20394006814956, "log10_alpha": -1.0502998629540037, "log10_colsample_bytree": -1.0, "log10_eta": -4.0, "log10_lambda": -5.0, "log10_min_child_weight": 0.0, "log10_subsample": 0.0, "max_depth": 2.0, "num_boost_round": 28.0}, "datetime": {"datetime": "2024-01-19 00:54:36", "elapsed": 2579.548316, "delta": 0.003811}}
{"target": -13.758518799853162, "params": {"gamma": 424.20394006814956, "log10_alpha": -1.0502998629540037, "log10_colsample_bytree": -1.0, "log10_eta": -4.0, "log10_lambda": -5.0, "log10_min_child_weight": 0.0, "log10_subsample": 0.0, "max_depth": 2.0, "num_boost_round": 29.0}, "datetime": {"datetime": "2024-01-19 00:54:36", "elapsed": 2579.552272, "delta": 0.003956}}
{"target": -13.758517117728083, "params": {"gamma": 424.20394006814956, "log10_alpha": -1.0502998629540037, "log10_colsample_bytree": -1.0, "log10_eta": -4.0, "log10_lambda": -5.0, "log10_min_child_weight": 0.0, "log10_subsample": 0.0, "max_depth": 2.0, "num_boost_round": 30.0}, "datetime": {"datetime": "2024-01-19 00:54:36", "elapsed": 2579.556073, "delta": 0.003801}}
{"target": -13.758515307272685, "params": {"gamma": 424.20394006814956, "log10_alpha": -1.0502998629540037, "log10_colsample_bytree": -1.0, "log10_eta": -4.0, "log10_lambda": -5.0, "log10_min_child_weight": 0.0, "log10_subsample": 0.0, "max_depth": 2.0, "num_boost_round": 31.0}, "datetime": {"datetime": "2024-01-19 00:54:36", "elapsed": 2579.559875, "delta": 0.003802}}
{"target": -13.758513746675625, "params": {"gamma": 424.20394006814956, "log10_alpha": -1.0502998629540037, "log10_colsample_bytree": -1.0, "log10_eta": -4.0, "log10_lambda": -5.0, "log10_min_child_weight": 0.0, "log10_subsample": 0.0, "max_depth": 2.0, "num_boost_round": 32.0}, "datetime": {"datetime": "2024-01-19 00:54:36", "elapsed": 2579.563667, "delta": 0.003792}}
{"target": -13.758513232197624, "params": {"gamma": 424.20394006814956, "log10_alpha": -1.0502998629540037, "log10_colsample_bytree": -1.0, "log10_eta": -4.0, "log10_lambda": -5.0, "log10_min_child_weight": 0.0, "log10_subsample": 0.0, "max_depth": 2.0, "num_boost_round": 33.0}, "datetime": {"datetime": "2024-01-19 00:54:36", "elapsed": 2579.567468, "delta": 0.003801}}
{"target": -13.758512086647135, "params": {"gamma": 424.20394006814956, "log10_alpha": -1.0502998629540037, "log10_colsample_bytree": -1.0, "log10_eta": -4.0, "log10_lambda": -5.0, "log10_min_child_weight": 0.0, "log10_subsample": 0.0, "max_depth": 2.0, "num_boost_round": 34.0}, "datetime": {"datetime": "2024-01-19 00:54:36", "elapsed": 2579.571509, "delta": 0.004041}}
{"target": -13.758511547720957, "params": {"gamma": 424.20394006814956, "log10_alpha": -1.0502998629540037, "log10_colsample_bytree": -1.0, "log10_eta": -4.0, "log10_lambda": -5.0, "log10_min_child_weight": 0.0, "log10_subsample": 0.0, "max_depth": 2.0, "num_boost_round": 35.0}, "datetime": {"datetime": "2024-01-19 00:54:36", "elapsed": 2579.576084, "delta": 0.004575}}
{"target": -13.75851125097745, "params": {"gamma": 424.20394006814956, "log10_alpha": -1.0502998629540037, "log10_colsample_bytree": -1.0, "log10_eta": -4.0, "log10_lambda": -5.0, "log10_min_child_weight": 0.0, "log10_subsample": 0.0, "max_depth": 2.0, "num_boost_round": 36.0}, "datetime": {"datetime": "2024-01-19 00:54:36", "elapsed": 2579.580382, "delta": 0.004298}}
{"target": -13.758511273565535, "params": {"gamma": 424.20394006814956, "log10_alpha": -1.0502998629540037, "log10_colsample_bytree": -1.0, "log10_eta": -4.0, "log10_lambda": -5.0, "log10_min_child_weight": 0.0, "log10_subsample": 0.0, "max_depth": 2.0, "num_boost_round": 37.0}, "datetime": {"datetime": "2024-01-19 00:54:36", "elapsed": 2579.584202, "delta": 0.00382}}
