{"target": -18.451367672108205, "params": {"gamma": 836.2188667254754, "log10_alpha": 0.8835728858398744, "log10_colsample_bytree": -0.8764513276476267, "log10_eta": -0.11240893215699366, "log10_lambda": -3.82335369222678, "log10_min_child_weight": 1.7653721236872872, "log10_subsample": -0.028192568773227955, "max_depth": 5.0, "num_boost_round": 10.0}, "datetime": {"datetime": "2024-01-19 01:17:06", "elapsed": 3911.146395, "delta": 0.005419}}
{"target": -18.46171037196496, "params": {"gamma": 836.2188667254754, "log10_alpha": 0.8835728858398744, "log10_colsample_bytree": -0.8764513276476267, "log10_eta": -0.11240893215699366, "log10_lambda": -3.82335369222678, "log10_min_child_weight": 1.7653721236872872, "log10_subsample": -0.028192568773227955, "max_depth": 5.0, "num_boost_round": 11.0}, "datetime": {"datetime": "2024-01-19 01:17:06", "elapsed": 3911.151785, "delta": 0.00539}}
{"target": -18.47365183781628, "params": {"gamma": 836.2188667254754, "log10_alpha": 0.8835728858398744, "log10_colsample_bytree": -0.8764513276476267, "log10_eta": -0.11240893215699366, "log10_lambda": -3.82335369222678, "log10_min_child_weight": 1.7653721236872872, "log10_subsample": -0.028192568773227955, "max_depth": 5.0, "num_boost_round": 12.0}, "datetime": {"datetime": "2024-01-19 01:17:06", "elapsed": 3911.15705, "delta": 0.005265}}
{"target": -18.48868633219271, "params": {"gamma": 836.2188667254754, "log10_alpha": 0.8835728858398744, "log10_colsample_bytree": -0.8764513276476267, "log10_eta": -0.11240893215699366, "log10_lambda": -3.82335369222678, "log10_min_child_weight": 1.7653721236872872, "log10_subsample": -0.028192568773227955, "max_depth": 5.0, "num_boost_round": 13.0}, "datetime": {"datetime": "2024-01-19 01:17:06", "elapsed": 3911.290806, "delta": 0.133756}}
{"target": -18.566605844280968, "params": {"gamma": 836.2188667254754, "log10_alpha": 0.8835728858398744, "log10_colsample_bytree": -0.8764513276476267, "log10_eta": -0.11240893215699366, "log10_lambda": -3.82335369222678, "log10_min_child_weight": 1.7653721236872872, "log10_subsample": -0.028192568773227955, "max_depth": 5.0, "num_boost_round": 14.0}, "datetime": {"datetime": "2024-01-19 01:17:06", "elapsed": 3911.297602, "delta": 0.006796}}
{"target": -18.584090005380286, "params": {"gamma": 836.2188667254754, "log10_alpha": 0.8835728858398744, "log10_colsample_bytree": -0.8764513276476267, "log10_eta": -0.11240893215699366, "log10_lambda": -3.82335369222678, "log10_min_child_weight": 1.7653721236872872, "log10_subsample": -0.028192568773227955, "max_depth": 5.0, "num_boost_round": 15.0}, "datetime": {"datetime": "2024-01-19 01:17:06", "elapsed": 3911.303402, "delta": 0.0058}}
{"target": -18.601617178730034, "params": {"gamma": 836.2188667254754, "log10_alpha": 0.8835728858398744, "log10_colsample_bytree": -0.8764513276476267, "log10_eta": -0.11240893215699366, "log10_lambda": -3.82335369222678, "log10_min_child_weight": 1.7653721236872872, "log10_subsample": -0.028192568773227955, "max_depth": 5.0, "num_boost_round": 16.0}, "datetime": {"datetime": "2024-01-19 01:17:06", "elapsed": 3911.309089, "delta": 0.005687}}
{"target": -18.62134564243307, "params": {"gamma": 836.2188667254754, "log10_alpha": 0.8835728858398744, "log10_colsample_bytree": -0.8764513276476267, "log10_eta": -0.11240893215699366, "log10_lambda": -3.82335369222678, "log10_min_child_weight": 1.7653721236872872, "log10_subsample": -0.028192568773227955, "max_depth": 5.0, "num_boost_round": 17.0}, "datetime": {"datetime": "2024-01-19 01:17:06", "elapsed": 3911.314615, "delta": 0.005526}}
{"target": -18.64270984160353, "params": {"gamma": 836.2188667254754, "log10_alpha": 0.8835728858398744, "log10_colsample_bytree": -0.8764513276476267, "log10_eta": -0.11240893215699366, "log10_lambda": -3.82335369222678, "log10_min_child_weight": 1.7653721236872872, "log10_subsample": -0.028192568773227955, "max_depth": 5.0, "num_boost_round": 18.0}, "datetime": {"datetime": "2024-01-19 01:17:06", "elapsed": 3911.320535, "delta": 0.00592}}
{"target": -18.68413694121386, "params": {"gamma": 836.2188667254754, "log10_alpha": 0.8835728858398744, "log10_colsample_bytree": -0.8764513276476267, "log10_eta": -0.11240893215699366, "log10_lambda": -3.82335369222678, "log10_min_child_weight": 1.7653721236872872, "log10_subsample": -0.028192568773227955, "max_depth": 5.0, "num_boost_round": 19.0}, "datetime": {"datetime": "2024-01-19 01:17:06", "elapsed": 3911.326218, "delta": 0.005683}}
{"target": -18.762341874646054, "params": {"gamma": 836.2188667254754, "log10_alpha": 0.8835728858398744, "log10_colsample_bytree": -0.8764513276476267, "log10_eta": -0.11240893215699366, "log10_lambda": -3.82335369222678, "log10_min_child_weight": 1.7653721236872872, "log10_subsample": -0.028192568773227955, "max_depth": 5.0, "num_boost_round": 20.0}, "datetime": {"datetime": "2024-01-19 01:17:06", "elapsed": 3911.331935, "delta": 0.005717}}
{"target": -18.80049915442326, "params": {"gamma": 836.2188667254754, "log10_alpha": 0.8835728858398744, "log10_colsample_bytree": -0.8764513276476267, "log10_eta": -0.11240893215699366, "log10_lambda": -3.82335369222678, "log10_min_child_weight": 1.7653721236872872, "log10_subsample": -0.028192568773227955, "max_depth": 5.0, "num_boost_round": 21.0}, "datetime": {"datetime": "2024-01-19 01:17:06", "elapsed": 3911.337579, "delta": 0.005644}}
{"target": -18.81767789251982, "params": {"gamma": 836.2188667254754, "log10_alpha": 0.8835728858398744, "log10_colsample_bytree": -0.8764513276476267, "log10_eta": -0.11240893215699366, "log10_lambda": -3.82335369222678, "log10_min_child_weight": 1.7653721236872872, "log10_subsample": -0.028192568773227955, "max_depth": 5.0, "num_boost_round": 22.0}, "datetime": {"datetime": "2024-01-19 01:17:06", "elapsed": 3911.343349, "delta": 0.00577}}
{"target": -18.88936980548694, "params": {"gamma": 836.2188667254754, "log10_alpha": 0.8835728858398744, "log10_colsample_bytree": -0.8764513276476267, "log10_eta": -0.11240893215699366, "log10_lambda": -3.82335369222678, "log10_min_child_weight": 1.7653721236872872, "log10_subsample": -0.028192568773227955, "max_depth": 5.0, "num_boost_round": 23.0}, "datetime": {"datetime": "2024-01-19 01:17:06", "elapsed": 3911.348734, "delta": 0.005385}}
{"target": -18.937541173010718, "params": {"gamma": 836.2188667254754, "log10_alpha": 0.8835728858398744, "log10_colsample_bytree": -0.8764513276476267, "log10_eta": -0.11240893215699366, "log10_lambda": -3.82335369222678, "log10_min_child_weight": 1.7653721236872872, "log10_subsample": -0.028192568773227955, "max_depth": 5.0, "num_boost_round": 24.0}, "datetime": {"datetime": "2024-01-19 01:17:06", "elapsed": 3911.354434, "delta": 0.0057}}
{"target": -18.950100069505663, "params": {"gamma": 836.2188667254754, "log10_alpha": 0.8835728858398744, "log10_colsample_bytree": -0.8764513276476267, "log10_eta": -0.11240893215699366, "log10_lambda": -3.82335369222678, "log10_min_child_weight": 1.7653721236872872, "log10_subsample": -0.028192568773227955, "max_depth": 5.0, "num_boost_round": 25.0}, "datetime": {"datetime": "2024-01-19 01:17:06", "elapsed": 3911.360127, "delta": 0.005693}}
{"target": -18.982031181169617, "params": {"gamma": 836.2188667254754, "log10_alpha": 0.8835728858398744, "log10_colsample_bytree": -0.8764513276476267, "log10_eta": -0.11240893215699366, "log10_lambda": -3.82335369222678, "log10_min_child_weight": 1.7653721236872872, "log10_subsample": -0.028192568773227955, "max_depth": 5.0, "num_boost_round": 26.0}, "datetime": {"datetime": "2024-01-19 01:17:06", "elapsed": 3911.367067, "delta": 0.00694}}
{"target": -18.98694042204343, "params": {"gamma": 836.2188667254754, "log10_alpha": 0.8835728858398744, "log10_colsample_bytree": -0.8764513276476267, "log10_eta": -0.11240893215699366, "log10_lambda": -3.82335369222678, "log10_min_child_weight": 1.7653721236872872, "log10_subsample": -0.028192568773227955, "max_depth": 5.0, "num_boost_round": 27.0}, "datetime": {"datetime": "2024-01-19 01:17:06", "elapsed": 3911.372731, "delta": 0.005664}}
{"target": -18.990801404847154, "params": {"gamma": 836.2188667254754, "log10_alpha": 0.8835728858398744, "log10_colsample_bytree": -0.8764513276476267, "log10_eta": -0.11240893215699366, "log10_lambda": -3.82335369222678, "log10_min_child_weight": 1.7653721236872872, "log10_subsample": -0.028192568773227955, "max_depth": 5.0, "num_boost_round": 28.0}, "datetime": {"datetime": "2024-01-19 01:17:06", "elapsed": 3911.378387, "delta": 0.005656}}
{"target": -19.002888734537905, "params": {"gamma": 836.2188667254754, "log10_alpha": 0.8835728858398744, "log10_colsample_bytree": -0.8764513276476267, "log10_eta": -0.11240893215699366, "log10_lambda": -3.82335369222678, "log10_min_child_weight": 1.7653721236872872, "log10_subsample": -0.028192568773227955, "max_depth": 5.0, "num_boost_round": 29.0}, "datetime": {"datetime": "2024-01-19 01:17:06", "elapsed": 3911.384096, "delta": 0.005709}}
{"target": -19.0241992427491, "params": {"gamma": 836.2188667254754, "log10_alpha": 0.8835728858398744, "log10_colsample_bytree": -0.8764513276476267, "log10_eta": -0.11240893215699366, "log10_lambda": -3.82335369222678, "log10_min_child_weight": 1.7653721236872872, "log10_subsample": -0.028192568773227955, "max_depth": 5.0, "num_boost_round": 30.0}, "datetime": {"datetime": "2024-01-19 01:17:06", "elapsed": 3911.39, "delta": 0.005904}}
{"target": -19.056726412719343, "params": {"gamma": 836.2188667254754, "log10_alpha": 0.8835728858398744, "log10_colsample_bytree": -0.8764513276476267, "log10_eta": -0.11240893215699366, "log10_lambda": -3.82335369222678, "log10_min_child_weight": 1.7653721236872872, "log10_subsample": -0.028192568773227955, "max_depth": 5.0, "num_boost_round": 31.0}, "datetime": {"datetime": "2024-01-19 01:17:06", "elapsed": 3911.395739, "delta": 0.005739}}
{"target": -19.07851869705061, "params": {"gamma": 836.2188667254754, "log10_alpha": 0.8835728858398744, "log10_colsample_bytree": -0.8764513276476267, "log10_eta": -0.11240893215699366, "log10_lambda": -3.82335369222678, "log10_min_child_weight": 1.7653721236872872, "log10_subsample": -0.028192568773227955, "max_depth": 5.0, "num_boost_round": 32.0}, "datetime": {"datetime": "2024-01-19 01:17:06", "elapsed": 3911.401496, "delta": 0.005757}}
{"target": -19.148179681975364, "params": {"gamma": 836.2188667254754, "log10_alpha": 0.8835728858398744, "log10_colsample_bytree": -0.8764513276476267, "log10_eta": -0.11240893215699366, "log10_lambda": -3.82335369222678, "log10_min_child_weight": 1.7653721236872872, "log10_subsample": -0.028192568773227955, "max_depth": 5.0, "num_boost_round": 33.0}, "datetime": {"datetime": "2024-01-19 01:17:06", "elapsed": 3911.407246, "delta": 0.00575}}
{"target": -19.18803962349592, "params": {"gamma": 836.2188667254754, "log10_alpha": 0.8835728858398744, "log10_colsample_bytree": -0.8764513276476267, "log10_eta": -0.11240893215699366, "log10_lambda": -3.82335369222678, "log10_min_child_weight": 1.7653721236872872, "log10_subsample": -0.028192568773227955, "max_depth": 5.0, "num_boost_round": 34.0}, "datetime": {"datetime": "2024-01-19 01:17:06", "elapsed": 3911.413092, "delta": 0.005846}}
{"target": -19.22594065504944, "params": {"gamma": 836.2188667254754, "log10_alpha": 0.8835728858398744, "log10_colsample_bytree": -0.8764513276476267, "log10_eta": -0.11240893215699366, "log10_lambda": -3.82335369222678, "log10_min_child_weight": 1.7653721236872872, "log10_subsample": -0.028192568773227955, "max_depth": 5.0, "num_boost_round": 35.0}, "datetime": {"datetime": "2024-01-19 01:17:06", "elapsed": 3911.418545, "delta": 0.005453}}
{"target": -19.24910424315379, "params": {"gamma": 836.2188667254754, "log10_alpha": 0.8835728858398744, "log10_colsample_bytree": -0.8764513276476267, "log10_eta": -0.11240893215699366, "log10_lambda": -3.82335369222678, "log10_min_child_weight": 1.7653721236872872, "log10_subsample": -0.028192568773227955, "max_depth": 5.0, "num_boost_round": 36.0}, "datetime": {"datetime": "2024-01-19 01:17:06", "elapsed": 3911.424195, "delta": 0.00565}}
{"target": -17.677045742762093, "params": {"gamma": 842.7276343561844, "log10_alpha": -2.0905031017623665, "log10_colsample_bytree": -0.48685945482586246, "log10_eta": -2.481975923753897, "log10_lambda": -2.576857246199884, "log10_min_child_weight": 1.3008142245241316, "log10_subsample": -0.4558543944828173, "max_depth": 3.0, "num_boost_round": 0.0}, "datetime": {"datetime": "2024-01-19 01:18:40", "elapsed": 4005.266189, "delta": 93.841994}}
{"target": -17.676884113100158, "params": {"gamma": 842.7276343561844, "log10_alpha": -2.0905031017623665, "log10_colsample_bytree": -0.48685945482586246, "log10_eta": -2.481975923753897, "log10_lambda": -2.576857246199884, "log10_min_child_weight": 1.3008142245241316, "log10_subsample": -0.4558543944828173, "max_depth": 3.0, "num_boost_round": 1.0}, "datetime": {"datetime": "2024-01-19 01:18:40", "elapsed": 4005.271776, "delta": 0.005587}}
{"target": -17.67677295445038, "params": {"gamma": 842.7276343561844, "log10_alpha": -2.0905031017623665, "log10_colsample_bytree": -0.48685945482586246, "log10_eta": -2.481975923753897, "log10_lambda": -2.576857246199884, "log10_min_child_weight": 1.3008142245241316, "log10_subsample": -0.4558543944828173, "max_depth": 3.0, "num_boost_round": 2.0}, "datetime": {"datetime": "2024-01-19 01:18:40", "elapsed": 4005.276796, "delta": 0.00502}}
{"target": -17.676667427066796, "params": {"gamma": 842.7276343561844, "log10_alpha": -2.0905031017623665, "log10_colsample_bytree": -0.48685945482586246, "log10_eta": -2.481975923753897, "log10_lambda": -2.576857246199884, "log10_min_child_weight": 1.3008142245241316, "log10_subsample": -0.4558543944828173, "max_depth": 3.0, "num_boost_round": 3.0}, "datetime": {"datetime": "2024-01-19 01:18:40", "elapsed": 4005.281944, "delta": 0.005148}}
{"target": -17.67658617787715, "params": {"gamma": 842.7276343561844, "log10_alpha": -2.0905031017623665, "log10_colsample_bytree": -0.48685945482586246, "log10_eta": -2.481975923753897, "log10_lambda": -2.576857246199884, "log10_min_child_weight": 1.3008142245241316, "log10_subsample": -0.4558543944828173, "max_depth": 3.0, "num_boost_round": 4.0}, "datetime": {"datetime": "2024-01-19 01:18:40", "elapsed": 4005.287375, "delta": 0.005431}}
{"target": -17.676523644129805, "params": {"gamma": 842.7276343561844, "log10_alpha": -2.0905031017623665, "log10_colsample_bytree": -0.48685945482586246, "log10_eta": -2.481975923753897, "log10_lambda": -2.576857246199884, "log10_min_child_weight": 1.3008142245241316, "log10_subsample": -0.4558543944828173, "max_depth": 3.0, "num_boost_round": 5.0}, "datetime": {"datetime": "2024-01-19 01:18:40", "elapsed": 4005.293209, "delta": 0.005834}}
{"target": -17.676403273908967, "params": {"gamma": 842.7276343561844, "log10_alpha": -2.0905031017623665, "log10_colsample_bytree": -0.48685945482586246, "log10_eta": -2.481975923753897, "log10_lambda": -2.576857246199884, "log10_min_child_weight": 1.3008142245241316, "log10_subsample": -0.4558543944828173, "max_depth": 3.0, "num_boost_round": 6.0}, "datetime": {"datetime": "2024-01-19 01:18:40", "elapsed": 4005.29873, "delta": 0.005521}}
{"target": -17.676306307387012, "params": {"gamma": 842.7276343561844, "log10_alpha": -2.0905031017623665, "log10_colsample_bytree": -0.48685945482586246, "log10_eta": -2.481975923753897, "log10_lambda": -2.576857246199884, "log10_min_child_weight": 1.3008142245241316, "log10_subsample": -0.4558543944828173, "max_depth": 3.0, "num_boost_round": 7.0}, "datetime": {"datetime": "2024-01-19 01:18:40", "elapsed": 4005.304358, "delta": 0.005628}}
{"target": -17.676262703114382, "params": {"gamma": 842.7276343561844, "log10_alpha": -2.0905031017623665, "log10_colsample_bytree": -0.48685945482586246, "log10_eta": -2.481975923753897, "log10_lambda": -2.576857246199884, "log10_min_child_weight": 1.3008142245241316, "log10_subsample": -0.4558543944828173, "max_depth": 3.0, "num_boost_round": 8.0}, "datetime": {"datetime": "2024-01-19 01:18:40", "elapsed": 4005.309886, "delta": 0.005528}}
{"target": -17.67614302340832, "params": {"gamma": 842.7276343561844, "log10_alpha": -2.0905031017623665, "log10_colsample_bytree": -0.48685945482586246, "log10_eta": -2.481975923753897, "log10_lambda": -2.576857246199884, "log10_min_child_weight": 1.3008142245241316, "log10_subsample": -0.4558543944828173, "max_depth": 3.0, "num_boost_round": 9.0}, "datetime": {"datetime": "2024-01-19 01:18:40", "elapsed": 4005.315368, "delta": 0.005482}}
{"target": -17.676015352991374, "params": {"gamma": 842.7276343561844, "log10_alpha": -2.0905031017623665, "log10_colsample_bytree": -0.48685945482586246, "log10_eta": -2.481975923753897, "log10_lambda": -2.576857246199884, "log10_min_child_weight": 1.3008142245241316, "log10_subsample": -0.4558543944828173, "max_depth": 3.0, "num_boost_round": 10.0}, "datetime": {"datetime": "2024-01-19 01:18:40", "elapsed": 4005.320945, "delta": 0.005577}}
{"target": -17.67590038826256, "params": {"gamma": 842.7276343561844, "log10_alpha": -2.0905031017623665, "log10_colsample_bytree": -0.48685945482586246, "log10_eta": -2.481975923753897, "log10_lambda": -2.576857246199884, "log10_min_child_weight": 1.3008142245241316, "log10_subsample": -0.4558543944828173, "max_depth": 3.0, "num_boost_round": 11.0}, "datetime": {"datetime": "2024-01-19 01:18:40", "elapsed": 4005.326375, "delta": 0.00543}}
{"target": -17.675788050041678, "params": {"gamma": 842.7276343561844, "log10_alpha": -2.0905031017623665, "log10_colsample_bytree": -0.48685945482586246, "log10_eta": -2.481975923753897, "log10_lambda": -2.576857246199884, "log10_min_child_weight": 1.3008142245241316, "log10_subsample": -0.4558543944828173, "max_depth": 3.0, "num_boost_round": 12.0}, "datetime": {"datetime": "2024-01-19 01:18:40", "elapsed": 4005.331872, "delta": 0.005497}}
{"target": -17.67564983672314, "params": {"gamma": 842.7276343561844, "log10_alpha": -2.0905031017623665, "log10_colsample_bytree": -0.48685945482586246, "log10_eta": -2.481975923753897, "log10_lambda": -2.576857246199884, "log10_min_child_weight": 1.3008142245241316, "log10_subsample": -0.4558543944828173, "max_depth": 3.0, "num_boost_round": 13.0}, "datetime": {"datetime": "2024-01-19 01:18:40", "elapsed": 4005.337314, "delta": 0.005442}}
{"target": -17.675643485401903, "params": {"gamma": 842.7276343561844, "log10_alpha": -2.0905031017623665, "log10_colsample_bytree": -0.48685945482586246, "log10_eta": -2.481975923753897, "log10_lambda": -2.576857246199884, "log10_min_child_weight": 1.3008142245241316, "log10_subsample": -0.4558543944828173, "max_depth": 3.0, "num_boost_round": 14.0}, "datetime": {"datetime": "2024-01-19 01:18:40", "elapsed": 4005.3428, "delta": 0.005486}}
{"target": -17.67550762362911, "params": {"gamma": 842.7276343561844, "log10_alpha": -2.0905031017623665, "log10_colsample_bytree": -0.48685945482586246, "log10_eta": -2.481975923753897, "log10_lambda": -2.576857246199884, "log10_min_child_weight": 1.3008142245241316, "log10_subsample": -0.4558543944828173, "max_depth": 3.0, "num_boost_round": 15.0}, "datetime": {"datetime": "2024-01-19 01:18:40", "elapsed": 4005.34848, "delta": 0.00568}}
{"target": -17.675457607554087, "params": {"gamma": 842.7276343561844, "log10_alpha": -2.0905031017623665, "log10_colsample_bytree": -0.48685945482586246, "log10_eta": -2.481975923753897, "log10_lambda": -2.576857246199884, "log10_min_child_weight": 1.3008142245241316, "log10_subsample": -0.4558543944828173, "max_depth": 3.0, "num_boost_round": 16.0}, "datetime": {"datetime": "2024-01-19 01:18:40", "elapsed": 4005.353941, "delta": 0.005461}}
{"target": -17.67550293528174, "params": {"gamma": 842.7276343561844, "log10_alpha": -2.0905031017623665, "log10_colsample_bytree": -0.48685945482586246, "log10_eta": -2.481975923753897, "log10_lambda": -2.576857246199884, "log10_min_child_weight": 1.3008142245241316, "log10_subsample": -0.4558543944828173, "max_depth": 3.0, "num_boost_round": 17.0}, "datetime": {"datetime": "2024-01-19 01:18:40", "elapsed": 4005.35961, "delta": 0.005669}}
{"target": -17.675459646684544, "params": {"gamma": 842.7276343561844, "log10_alpha": -2.0905031017623665, "log10_colsample_bytree": -0.48685945482586246, "log10_eta": -2.481975923753897, "log10_lambda": -2.576857246199884, "log10_min_child_weight": 1.3008142245241316, "log10_subsample": -0.4558543944828173, "max_depth": 3.0, "num_boost_round": 18.0}, "datetime": {"datetime": "2024-01-19 01:18:40", "elapsed": 4005.365174, "delta": 0.005564}}
{"target": -17.67542857903626, "params": {"gamma": 842.7276343561844, "log10_alpha": -2.0905031017623665, "log10_colsample_bytree": -0.48685945482586246, "log10_eta": -2.481975923753897, "log10_lambda": -2.576857246199884, "log10_min_child_weight": 1.3008142245241316, "log10_subsample": -0.4558543944828173, "max_depth": 3.0, "num_boost_round": 19.0}, "datetime": {"datetime": "2024-01-19 01:18:40", "elapsed": 4005.371835, "delta": 0.006661}}
{"target": -17.675322146797146, "params": {"gamma": 842.7276343561844, "log10_alpha": -2.0905031017623665, "log10_colsample_bytree": -0.48685945482586246, "log10_eta": -2.481975923753897, "log10_lambda": -2.576857246199884, "log10_min_child_weight": 1.3008142245241316, "log10_subsample": -0.4558543944828173, "max_depth": 3.0, "num_boost_round": 20.0}, "datetime": {"datetime": "2024-01-19 01:18:40", "elapsed": 4005.377466, "delta": 0.005631}}
{"target": -17.67525432727819, "params": {"gamma": 842.7276343561844, "log10_alpha": -2.0905031017623665, "log10_colsample_bytree": -0.48685945482586246, "log10_eta": -2.481975923753897, "log10_lambda": -2.576857246199884, "log10_min_child_weight": 1.3008142245241316, "log10_subsample": -0.4558543944828173, "max_depth": 3.0, "num_boost_round": 21.0}, "datetime": {"datetime": "2024-01-19 01:18:40", "elapsed": 4005.383009, "delta": 0.005543}}
