{"target": -17.809655421730003, "params": {"gamma": 838.5914946935777, "log10_alpha": -4.524416989037059, "log10_colsample_bytree": -0.7508041890804882, "log10_eta": -0.3387457801831474, "log10_lambda": -1.2881331268001355, "log10_min_child_weight": 2.7332382568164966, "log10_subsample": -0.4307316809562416, "max_depth": 2.0, "num_boost_round": 19.0}, "datetime": {"datetime": "2024-01-19 01:00:54", "elapsed": 2938.75396, "delta": 0.004084}}
{"target": -17.816380018896474, "params": {"gamma": 838.5914946935777, "log10_alpha": -4.524416989037059, "log10_colsample_bytree": -0.7508041890804882, "log10_eta": -0.3387457801831474, "log10_lambda": -1.2881331268001355, "log10_min_child_weight": 2.7332382568164966, "log10_subsample": -0.4307316809562416, "max_depth": 2.0, "num_boost_round": 20.0}, "datetime": {"datetime": "2024-01-19 01:00:54", "elapsed": 2938.758113, "delta": 0.004153}}
{"target": -17.823983223102374, "params": {"gamma": 838.5914946935777, "log10_alpha": -4.524416989037059, "log10_colsample_bytree": -0.7508041890804882, "log10_eta": -0.3387457801831474, "log10_lambda": -1.2881331268001355, "log10_min_child_weight": 2.7332382568164966, "log10_subsample": -0.4307316809562416, "max_depth": 2.0, "num_boost_round": 21.0}, "datetime": {"datetime": "2024-01-19 01:00:54", "elapsed": 2938.762178, "delta": 0.004065}}
{"target": -17.82564282757475, "params": {"gamma": 838.5914946935777, "log10_alpha": -4.524416989037059, "log10_colsample_bytree": -0.7508041890804882, "log10_eta": -0.3387457801831474, "log10_lambda": -1.2881331268001355, "log10_min_child_weight": 2.7332382568164966, "log10_subsample": -0.4307316809562416, "max_depth": 2.0, "num_boost_round": 22.0}, "datetime": {"datetime": "2024-01-19 01:00:54", "elapsed": 2938.766255, "delta": 0.004077}}
{"target": -17.9329913001531, "params": {"gamma": 838.5914946935777, "log10_alpha": -4.524416989037059, "log10_colsample_bytree": -0.7508041890804882, "log10_eta": -0.3387457801831474, "log10_lambda": -1.2881331268001355, "log10_min_child_weight": 2.7332382568164966, "log10_subsample": -0.4307316809562416, "max_depth": 2.0, "num_boost_round": 23.0}, "datetime": {"datetime": "2024-01-19 01:00:54", "elapsed": 2938.770271, "delta": 0.004016}}
{"target": -17.941516144937697, "params": {"gamma": 838.5914946935777, "log10_alpha": -4.524416989037059, "log10_colsample_bytree": -0.7508041890804882, "log10_eta": -0.3387457801831474, "log10_lambda": -1.2881331268001355, "log10_min_child_weight": 2.7332382568164966, "log10_subsample": -0.4307316809562416, "max_depth": 2.0, "num_boost_round": 24.0}, "datetime": {"datetime": "2024-01-19 01:00:54", "elapsed": 2938.775152, "delta": 0.004881}}
{"target": -18.00725478929876, "params": {"gamma": 838.5914946935777, "log10_alpha": -4.524416989037059, "log10_colsample_bytree": -0.7508041890804882, "log10_eta": -0.3387457801831474, "log10_lambda": -1.2881331268001355, "log10_min_child_weight": 2.7332382568164966, "log10_subsample": -0.4307316809562416, "max_depth": 2.0, "num_boost_round": 25.0}, "datetime": {"datetime": "2024-01-19 01:00:54", "elapsed": 2938.779518, "delta": 0.004366}}
{"target": -18.01209791236157, "params": {"gamma": 838.5914946935777, "log10_alpha": -4.524416989037059, "log10_colsample_bytree": -0.7508041890804882, "log10_eta": -0.3387457801831474, "log10_lambda": -1.2881331268001355, "log10_min_child_weight": 2.7332382568164966, "log10_subsample": -0.4307316809562416, "max_depth": 2.0, "num_boost_round": 26.0}, "datetime": {"datetime": "2024-01-19 01:00:54", "elapsed": 2938.783671, "delta": 0.004153}}
{"target": -18.00840161578552, "params": {"gamma": 838.5914946935777, "log10_alpha": -4.524416989037059, "log10_colsample_bytree": -0.7508041890804882, "log10_eta": -0.3387457801831474, "log10_lambda": -1.2881331268001355, "log10_min_child_weight": 2.7332382568164966, "log10_subsample": -0.4307316809562416, "max_depth": 2.0, "num_boost_round": 27.0}, "datetime": {"datetime": "2024-01-19 01:00:54", "elapsed": 2938.787818, "delta": 0.004147}}
{"target": -18.008604267358876, "params": {"gamma": 838.5914946935777, "log10_alpha": -4.524416989037059, "log10_colsample_bytree": -0.7508041890804882, "log10_eta": -0.3387457801831474, "log10_lambda": -1.2881331268001355, "log10_min_child_weight": 2.7332382568164966, "log10_subsample": -0.4307316809562416, "max_depth": 2.0, "num_boost_round": 28.0}, "datetime": {"datetime": "2024-01-19 01:00:54", "elapsed": 2938.791786, "delta": 0.003968}}
{"target": -18.01418795248386, "params": {"gamma": 838.5914946935777, "log10_alpha": -4.524416989037059, "log10_colsample_bytree": -0.7508041890804882, "log10_eta": -0.3387457801831474, "log10_lambda": -1.2881331268001355, "log10_min_child_weight": 2.7332382568164966, "log10_subsample": -0.4307316809562416, "max_depth": 2.0, "num_boost_round": 29.0}, "datetime": {"datetime": "2024-01-19 01:00:54", "elapsed": 2938.795881, "delta": 0.004095}}
{"target": -18.012888824900394, "params": {"gamma": 838.5914946935777, "log10_alpha": -4.524416989037059, "log10_colsample_bytree": -0.7508041890804882, "log10_eta": -0.3387457801831474, "log10_lambda": -1.2881331268001355, "log10_min_child_weight": 2.7332382568164966, "log10_subsample": -0.4307316809562416, "max_depth": 2.0, "num_boost_round": 30.0}, "datetime": {"datetime": "2024-01-19 01:00:54", "elapsed": 2938.800112, "delta": 0.004231}}
{"target": -18.012651344601846, "params": {"gamma": 838.5914946935777, "log10_alpha": -4.524416989037059, "log10_colsample_bytree": -0.7508041890804882, "log10_eta": -0.3387457801831474, "log10_lambda": -1.2881331268001355, "log10_min_child_weight": 2.7332382568164966, "log10_subsample": -0.4307316809562416, "max_depth": 2.0, "num_boost_round": 31.0}, "datetime": {"datetime": "2024-01-19 01:00:54", "elapsed": 2938.804376, "delta": 0.004264}}
{"target": -18.021826438432168, "params": {"gamma": 838.5914946935777, "log10_alpha": -4.524416989037059, "log10_colsample_bytree": -0.7508041890804882, "log10_eta": -0.3387457801831474, "log10_lambda": -1.2881331268001355, "log10_min_child_weight": 2.7332382568164966, "log10_subsample": -0.4307316809562416, "max_depth": 2.0, "num_boost_round": 32.0}, "datetime": {"datetime": "2024-01-19 01:00:54", "elapsed": 2938.808528, "delta": 0.004152}}
{"target": -18.028184591483786, "params": {"gamma": 838.5914946935777, "log10_alpha": -4.524416989037059, "log10_colsample_bytree": -0.7508041890804882, "log10_eta": -0.3387457801831474, "log10_lambda": -1.2881331268001355, "log10_min_child_weight": 2.7332382568164966, "log10_subsample": -0.4307316809562416, "max_depth": 2.0, "num_boost_round": 33.0}, "datetime": {"datetime": "2024-01-19 01:00:54", "elapsed": 2938.812695, "delta": 0.004167}}
{"target": -18.0372998891879, "params": {"gamma": 838.5914946935777, "log10_alpha": -4.524416989037059, "log10_colsample_bytree": -0.7508041890804882, "log10_eta": -0.3387457801831474, "log10_lambda": -1.2881331268001355, "log10_min_child_weight": 2.7332382568164966, "log10_subsample": -0.4307316809562416, "max_depth": 2.0, "num_boost_round": 34.0}, "datetime": {"datetime": "2024-01-19 01:00:54", "elapsed": 2938.816841, "delta": 0.004146}}
{"target": -18.04308716935943, "params": {"gamma": 838.5914946935777, "log10_alpha": -4.524416989037059, "log10_colsample_bytree": -0.7508041890804882, "log10_eta": -0.3387457801831474, "log10_lambda": -1.2881331268001355, "log10_min_child_weight": 2.7332382568164966, "log10_subsample": -0.4307316809562416, "max_depth": 2.0, "num_boost_round": 35.0}, "datetime": {"datetime": "2024-01-19 01:00:54", "elapsed": 2938.820899, "delta": 0.004058}}
{"target": -18.049122938221977, "params": {"gamma": 838.5914946935777, "log10_alpha": -4.524416989037059, "log10_colsample_bytree": -0.7508041890804882, "log10_eta": -0.3387457801831474, "log10_lambda": -1.2881331268001355, "log10_min_child_weight": 2.7332382568164966, "log10_subsample": -0.4307316809562416, "max_depth": 2.0, "num_boost_round": 36.0}, "datetime": {"datetime": "2024-01-19 01:00:54", "elapsed": 2938.825045, "delta": 0.004146}}
{"target": -18.050007020137876, "params": {"gamma": 838.5914946935777, "log10_alpha": -4.524416989037059, "log10_colsample_bytree": -0.7508041890804882, "log10_eta": -0.3387457801831474, "log10_lambda": -1.2881331268001355, "log10_min_child_weight": 2.7332382568164966, "log10_subsample": -0.4307316809562416, "max_depth": 2.0, "num_boost_round": 37.0}, "datetime": {"datetime": "2024-01-19 01:00:54", "elapsed": 2938.829107, "delta": 0.004062}}
{"target": -18.05539680955707, "params": {"gamma": 838.5914946935777, "log10_alpha": -4.524416989037059, "log10_colsample_bytree": -0.7508041890804882, "log10_eta": -0.3387457801831474, "log10_lambda": -1.2881331268001355, "log10_min_child_weight": 2.7332382568164966, "log10_subsample": -0.4307316809562416, "max_depth": 2.0, "num_boost_round": 38.0}, "datetime": {"datetime": "2024-01-19 01:00:54", "elapsed": 2938.833193, "delta": 0.004086}}
{"target": -18.062566014621723, "params": {"gamma": 838.5914946935777, "log10_alpha": -4.524416989037059, "log10_colsample_bytree": -0.7508041890804882, "log10_eta": -0.3387457801831474, "log10_lambda": -1.2881331268001355, "log10_min_child_weight": 2.7332382568164966, "log10_subsample": -0.4307316809562416, "max_depth": 2.0, "num_boost_round": 39.0}, "datetime": {"datetime": "2024-01-19 01:00:54", "elapsed": 2938.837422, "delta": 0.004229}}
{"target": -18.06430509238856, "params": {"gamma": 838.5914946935777, "log10_alpha": -4.524416989037059, "log10_colsample_bytree": -0.7508041890804882, "log10_eta": -0.3387457801831474, "log10_lambda": -1.2881331268001355, "log10_min_child_weight": 2.7332382568164966, "log10_subsample": -0.4307316809562416, "max_depth": 2.0, "num_boost_round": 40.0}, "datetime": {"datetime": "2024-01-19 01:00:54", "elapsed": 2938.841637, "delta": 0.004215}}
{"target": -18.066596039792003, "params": {"gamma": 838.5914946935777, "log10_alpha": -4.524416989037059, "log10_colsample_bytree": -0.7508041890804882, "log10_eta": -0.3387457801831474, "log10_lambda": -1.2881331268001355, "log10_min_child_weight": 2.7332382568164966, "log10_subsample": -0.4307316809562416, "max_depth": 2.0, "num_boost_round": 41.0}, "datetime": {"datetime": "2024-01-19 01:00:54", "elapsed": 2938.846427, "delta": 0.00479}}
{"target": -18.075850968826895, "params": {"gamma": 838.5914946935777, "log10_alpha": -4.524416989037059, "log10_colsample_bytree": -0.7508041890804882, "log10_eta": -0.3387457801831474, "log10_lambda": -1.2881331268001355, "log10_min_child_weight": 2.7332382568164966, "log10_subsample": -0.4307316809562416, "max_depth": 2.0, "num_boost_round": 42.0}, "datetime": {"datetime": "2024-01-19 01:00:54", "elapsed": 2938.85064, "delta": 0.004213}}
{"target": -18.080250244706974, "params": {"gamma": 838.5914946935777, "log10_alpha": -4.524416989037059, "log10_colsample_bytree": -0.7508041890804882, "log10_eta": -0.3387457801831474, "log10_lambda": -1.2881331268001355, "log10_min_child_weight": 2.7332382568164966, "log10_subsample": -0.4307316809562416, "max_depth": 2.0, "num_boost_round": 43.0}, "datetime": {"datetime": "2024-01-19 01:00:54", "elapsed": 2938.854824, "delta": 0.004184}}
{"target": -18.08376810600794, "params": {"gamma": 838.5914946935777, "log10_alpha": -4.524416989037059, "log10_colsample_bytree": -0.7508041890804882, "log10_eta": -0.3387457801831474, "log10_lambda": -1.2881331268001355, "log10_min_child_weight": 2.7332382568164966, "log10_subsample": -0.4307316809562416, "max_depth": 2.0, "num_boost_round": 44.0}, "datetime": {"datetime": "2024-01-19 01:00:54", "elapsed": 2938.858932, "delta": 0.004108}}
{"target": -18.083999074946863, "params": {"gamma": 838.5914946935777, "log10_alpha": -4.524416989037059, "log10_colsample_bytree": -0.7508041890804882, "log10_eta": -0.3387457801831474, "log10_lambda": -1.2881331268001355, "log10_min_child_weight": 2.7332382568164966, "log10_subsample": -0.4307316809562416, "max_depth": 2.0, "num_boost_round": 45.0}, "datetime": {"datetime": "2024-01-19 01:00:54", "elapsed": 2938.863253, "delta": 0.004321}}
{"target": -18.10131437821009, "params": {"gamma": 838.5914946935777, "log10_alpha": -4.524416989037059, "log10_colsample_bytree": -0.7508041890804882, "log10_eta": -0.3387457801831474, "log10_lambda": -1.2881331268001355, "log10_min_child_weight": 2.7332382568164966, "log10_subsample": -0.4307316809562416, "max_depth": 2.0, "num_boost_round": 46.0}, "datetime": {"datetime": "2024-01-19 01:00:54", "elapsed": 2938.867484, "delta": 0.004231}}
{"target": -18.1010156667765, "params": {"gamma": 838.5914946935777, "log10_alpha": -4.524416989037059, "log10_colsample_bytree": -0.7508041890804882, "log10_eta": -0.3387457801831474, "log10_lambda": -1.2881331268001355, "log10_min_child_weight": 2.7332382568164966, "log10_subsample": -0.4307316809562416, "max_depth": 2.0, "num_boost_round": 47.0}, "datetime": {"datetime": "2024-01-19 01:00:54", "elapsed": 2938.871781, "delta": 0.004297}}
{"target": -17.677232983441815, "params": {"gamma": 157.7496988749923, "log10_alpha": -0.5979156702199936, "log10_colsample_bytree": 0.0, "log10_eta": -4.0, "log10_lambda": 1.0, "log10_min_child_weight": 5.0, "log10_subsample": -1.0, "max_depth": 8.0, "num_boost_round": 0.0}, "datetime": {"datetime": "2024-01-19 01:01:53", "elapsed": 2998.401526, "delta": 59.529745}}
{"target": -17.677233000230547, "params": {"gamma": 157.7496988749923, "log10_alpha": -0.5979156702199936, "log10_colsample_bytree": 0.0, "log10_eta": -4.0, "log10_lambda": 1.0, "log10_min_child_weight": 5.0, "log10_subsample": -1.0, "max_depth": 8.0, "num_boost_round": 1.0}, "datetime": {"datetime": "2024-01-19 01:01:53", "elapsed": 2998.406751, "delta": 0.005225}}
{"target": -17.677232948035204, "params": {"gamma": 157.7496988749923, "log10_alpha": -0.5979156702199936, "log10_colsample_bytree": 0.0, "log10_eta": -4.0, "log10_lambda": 1.0, "log10_min_child_weight": 5.0, "log10_subsample": -1.0, "max_depth": 8.0, "num_boost_round": 2.0}, "datetime": {"datetime": "2024-01-19 01:01:53", "elapsed": 2998.411414, "delta": 0.004663}}
{"target": -17.677232989126065, "params": {"gamma": 157.7496988749923, "log10_alpha": -0.5979156702199936, "log10_colsample_bytree": 0.0, "log10_eta": -4.0, "log10_lambda": 1.0, "log10_min_child_weight": 5.0, "log10_subsample": -1.0, "max_depth": 8.0, "num_boost_round": 3.0}, "datetime": {"datetime": "2024-01-19 01:01:53", "elapsed": 2998.415972, "delta": 0.004558}}
{"target": -17.67723302225808, "params": {"gamma": 157.7496988749923, "log10_alpha": -0.5979156702199936, "log10_colsample_bytree": 0.0, "log10_eta": -4.0, "log10_lambda": 1.0, "log10_min_child_weight": 5.0, "log10_subsample": -1.0, "max_depth": 8.0, "num_boost_round": 4.0}, "datetime": {"datetime": "2024-01-19 01:01:53", "elapsed": 2998.420114, "delta": 0.004142}}
{"target": -17.677233004524453, "params": {"gamma": 157.7496988749923, "log10_alpha": -0.5979156702199936, "log10_colsample_bytree": 0.0, "log10_eta": -4.0, "log10_lambda": 1.0, "log10_min_child_weight": 5.0, "log10_subsample": -1.0, "max_depth": 8.0, "num_boost_round": 5.0}, "datetime": {"datetime": "2024-01-19 01:01:53", "elapsed": 2998.424133, "delta": 0.004019}}
{"target": -17.67723298164724, "params": {"gamma": 157.7496988749923, "log10_alpha": -0.5979156702199936, "log10_colsample_bytree": 0.0, "log10_eta": -4.0, "log10_lambda": 1.0, "log10_min_child_weight": 5.0, "log10_subsample": -1.0, "max_depth": 8.0, "num_boost_round": 6.0}, "datetime": {"datetime": "2024-01-19 01:01:53", "elapsed": 2998.428265, "delta": 0.004132}}
{"target": -17.677232999433507, "params": {"gamma": 157.7496988749923, "log10_alpha": -0.5979156702199936, "log10_colsample_bytree": 0.0, "log10_eta": -4.0, "log10_lambda": 1.0, "log10_min_child_weight": 5.0, "log10_subsample": -1.0, "max_depth": 8.0, "num_boost_round": 7.0}, "datetime": {"datetime": "2024-01-19 01:01:53", "elapsed": 2998.432356, "delta": 0.004091}}
{"target": -17.677232905003272, "params": {"gamma": 157.7496988749923, "log10_alpha": -0.5979156702199936, "log10_colsample_bytree": 0.0, "log10_eta": -4.0, "log10_lambda": 1.0, "log10_min_child_weight": 5.0, "log10_subsample": -1.0, "max_depth": 8.0, "num_boost_round": 8.0}, "datetime": {"datetime": "2024-01-19 01:01:53", "elapsed": 2998.436423, "delta": 0.004067}}
{"target": -17.677232930216086, "params": {"gamma": 157.7496988749923, "log10_alpha": -0.5979156702199936, "log10_colsample_bytree": 0.0, "log10_eta": -4.0, "log10_lambda": 1.0, "log10_min_child_weight": 5.0, "log10_subsample": -1.0, "max_depth": 8.0, "num_boost_round": 9.0}, "datetime": {"datetime": "2024-01-19 01:01:53", "elapsed": 2998.440746, "delta": 0.004323}}
{"target": -17.67723293354158, "params": {"gamma": 157.7496988749923, "log10_alpha": -0.5979156702199936, "log10_colsample_bytree": 0.0, "log10_eta": -4.0, "log10_lambda": 1.0, "log10_min_child_weight": 5.0, "log10_subsample": -1.0, "max_depth": 8.0, "num_boost_round": 10.0}, "datetime": {"datetime": "2024-01-19 01:01:53", "elapsed": 2998.444744, "delta": 0.003998}}
{"target": -17.677232901493046, "params": {"gamma": 157.7496988749923, "log10_alpha": -0.5979156702199936, "log10_colsample_bytree": 0.0, "log10_eta": -4.0, "log10_lambda": 1.0, "log10_min_child_weight": 5.0, "log10_subsample": -1.0, "max_depth": 8.0, "num_boost_round": 11.0}, "datetime": {"datetime": "2024-01-19 01:01:53", "elapsed": 2998.448851, "delta": 0.004107}}
{"target": -17.677232901762782, "params": {"gamma": 157.7496988749923, "log10_alpha": -0.5979156702199936, "log10_colsample_bytree": 0.0, "log10_eta": -4.0, "log10_lambda": 1.0, "log10_min_child_weight": 5.0, "log10_subsample": -1.0, "max_depth": 8.0, "num_boost_round": 12.0}, "datetime": {"datetime": "2024-01-19 01:01:53", "elapsed": 2998.452922, "delta": 0.004071}}
{"target": -17.677232905451557, "params": {"gamma": 157.7496988749923, "log10_alpha": -0.5979156702199936, "log10_colsample_bytree": 0.0, "log10_eta": -4.0, "log10_lambda": 1.0, "log10_min_child_weight": 5.0, "log10_subsample": -1.0, "max_depth": 8.0, "num_boost_round": 13.0}, "datetime": {"datetime": "2024-01-19 01:01:53", "elapsed": 2998.456906, "delta": 0.003984}}
{"target": -17.67723284586146, "params": {"gamma": 157.7496988749923, "log10_alpha": -0.5979156702199936, "log10_colsample_bytree": 0.0, "log10_eta": -4.0, "log10_lambda": 1.0, "log10_min_child_weight": 5.0, "log10_subsample": -1.0, "max_depth": 8.0, "num_boost_round": 14.0}, "datetime": {"datetime": "2024-01-19 01:01:53", "elapsed": 2998.461181, "delta": 0.004275}}
{"target": -17.67723284006414, "params": {"gamma": 157.7496988749923, "log10_alpha": -0.5979156702199936, "log10_colsample_bytree": 0.0, "log10_eta": -4.0, "log10_lambda": 1.0, "log10_min_child_weight": 5.0, "log10_subsample": -1.0, "max_depth": 8.0, "num_boost_round": 15.0}, "datetime": {"datetime": "2024-01-19 01:01:53", "elapsed": 2998.465235, "delta": 0.004054}}
{"target": -17.677232806277726, "params": {"gamma": 157.7496988749923, "log10_alpha": -0.5979156702199936, "log10_colsample_bytree": 0.0, "log10_eta": -4.0, "log10_lambda": 1.0, "log10_min_child_weight": 5.0, "log10_subsample": -1.0, "max_depth": 8.0, "num_boost_round": 16.0}, "datetime": {"datetime": "2024-01-19 01:01:53", "elapsed": 2998.469482, "delta": 0.004247}}
{"target": -17.677232818786234, "params": {"gamma": 157.7496988749923, "log10_alpha": -0.5979156702199936, "log10_colsample_bytree": 0.0, "log10_eta": -4.0, "log10_lambda": 1.0, "log10_min_child_weight": 5.0, "log10_subsample": -1.0, "max_depth": 8.0, "num_boost_round": 17.0}, "datetime": {"datetime": "2024-01-19 01:01:53", "elapsed": 2998.473529, "delta": 0.004047}}
{"target": -17.677232818753495, "params": {"gamma": 157.7496988749923, "log10_alpha": -0.5979156702199936, "log10_colsample_bytree": 0.0, "log10_eta": -4.0, "log10_lambda": 1.0, "log10_min_child_weight": 5.0, "log10_subsample": -1.0, "max_depth": 8.0, "num_boost_round": 18.0}, "datetime": {"datetime": "2024-01-19 01:01:53", "elapsed": 2998.477456, "delta": 0.003927}}
{"target": -17.67723290541326, "params": {"gamma": 157.7496988749923, "log10_alpha": -0.5979156702199936, "log10_colsample_bytree": 0.0, "log10_eta": -4.0, "log10_lambda": 1.0, "log10_min_child_weight": 5.0, "log10_subsample": -1.0, "max_depth": 8.0, "num_boost_round": 19.0}, "datetime": {"datetime": "2024-01-19 01:01:53", "elapsed": 2998.481576, "delta": 0.00412}}
{"target": -17.67723288056657, "params": {"gamma": 157.7496988749923, "log10_alpha": -0.5979156702199936, "log10_colsample_bytree": 0.0, "log10_eta": -4.0, "log10_lambda": 1.0, "log10_min_child_weight": 5.0, "log10_subsample": -1.0, "max_depth": 8.0, "num_boost_round": 20.0}, "datetime": {"datetime": "2024-01-19 01:01:53", "elapsed": 2998.485589, "delta": 0.004013}}
{"target": -17.677232908833215, "params": {"gamma": 157.7496988749923, "log10_alpha": -0.5979156702199936, "log10_colsample_bytree": 0.0, "log10_eta": -4.0, "log10_lambda": 1.0, "log10_min_child_weight": 5.0, "log10_subsample": -1.0, "max_depth": 8.0, "num_boost_round": 21.0}, "datetime": {"datetime": "2024-01-19 01:01:53", "elapsed": 2998.489878, "delta": 0.004289}}
{"target": -17.67723288746388, "params": {"gamma": 157.7496988749923, "log10_alpha": -0.5979156702199936, "log10_colsample_bytree": 0.0, "log10_eta": -4.0, "log10_lambda": 1.0, "log10_min_child_weight": 5.0, "log10_subsample": -1.0, "max_depth": 8.0, "num_boost_round": 22.0}, "datetime": {"datetime": "2024-01-19 01:01:53", "elapsed": 2998.494101, "delta": 0.004223}}
{"target": -17.677232943015262, "params": {"gamma": 157.7496988749923, "log10_alpha": -0.5979156702199936, "log10_colsample_bytree": 0.0, "log10_eta": -4.0, "log10_lambda": 1.0, "log10_min_child_weight": 5.0, "log10_subsample": -1.0, "max_depth": 8.0, "num_boost_round": 23.0}, "datetime": {"datetime": "2024-01-19 01:01:53", "elapsed": 2998.498159, "delta": 0.004058}}
