{"target": -17.67720146241174, "params": {"gamma": 12.416113113649763, "log10_alpha": -3.9278791876658627, "log10_colsample_bytree": -0.8054687760660656, "log10_eta": -3.690411489934216, "log10_lambda": -3.3025542127378986, "log10_min_child_weight": 0.19072337295318986, "log10_subsample": -0.9996849664939347, "max_depth": 3.0, "num_boost_round": 8.0}, "datetime": {"datetime": "2024-01-19 00:34:50", "elapsed": 1444.02016, "delta": 0.002251}}
{"target": -17.67719441399969, "params": {"gamma": 12.416113113649763, "log10_alpha": -3.9278791876658627, "log10_colsample_bytree": -0.8054687760660656, "log10_eta": -3.690411489934216, "log10_lambda": -3.3025542127378986, "log10_min_child_weight": 0.19072337295318986, "log10_subsample": -0.9996849664939347, "max_depth": 3.0, "num_boost_round": 9.0}, "datetime": {"datetime": "2024-01-19 00:34:50", "elapsed": 1444.021931, "delta": 0.001771}}
{"target": -17.677183880578923, "params": {"gamma": 12.416113113649763, "log10_alpha": -3.9278791876658627, "log10_colsample_bytree": -0.8054687760660656, "log10_eta": -3.690411489934216, "log10_lambda": -3.3025542127378986, "log10_min_child_weight": 0.19072337295318986, "log10_subsample": -0.9996849664939347, "max_depth": 3.0, "num_boost_round": 10.0}, "datetime": {"datetime": "2024-01-19 00:34:50", "elapsed": 1444.023719, "delta": 0.001788}}
{"target": -17.67718019967853, "params": {"gamma": 12.416113113649763, "log10_alpha": -3.9278791876658627, "log10_colsample_bytree": -0.8054687760660656, "log10_eta": -3.690411489934216, "log10_lambda": -3.3025542127378986, "log10_min_child_weight": 0.19072337295318986, "log10_subsample": -0.9996849664939347, "max_depth": 3.0, "num_boost_round": 11.0}, "datetime": {"datetime": "2024-01-19 00:34:50", "elapsed": 1444.025401, "delta": 0.001682}}
{"target": -17.677173690836423, "params": {"gamma": 12.416113113649763, "log10_alpha": -3.9278791876658627, "log10_colsample_bytree": -0.8054687760660656, "log10_eta": -3.690411489934216, "log10_lambda": -3.3025542127378986, "log10_min_child_weight": 0.19072337295318986, "log10_subsample": -0.9996849664939347, "max_depth": 3.0, "num_boost_round": 12.0}, "datetime": {"datetime": "2024-01-19 00:34:50", "elapsed": 1444.027133, "delta": 0.001732}}
{"target": -17.677166496461243, "params": {"gamma": 12.416113113649763, "log10_alpha": -3.9278791876658627, "log10_colsample_bytree": -0.8054687760660656, "log10_eta": -3.690411489934216, "log10_lambda": -3.3025542127378986, "log10_min_child_weight": 0.19072337295318986, "log10_subsample": -0.9996849664939347, "max_depth": 3.0, "num_boost_round": 13.0}, "datetime": {"datetime": "2024-01-19 00:34:50", "elapsed": 1444.028831, "delta": 0.001698}}
{"target": -17.677163671761345, "params": {"gamma": 12.416113113649763, "log10_alpha": -3.9278791876658627, "log10_colsample_bytree": -0.8054687760660656, "log10_eta": -3.690411489934216, "log10_lambda": -3.3025542127378986, "log10_min_child_weight": 0.19072337295318986, "log10_subsample": -0.9996849664939347, "max_depth": 3.0, "num_boost_round": 14.0}, "datetime": {"datetime": "2024-01-19 00:34:50", "elapsed": 1444.030531, "delta": 0.0017}}
{"target": -17.677154890192117, "params": {"gamma": 12.416113113649763, "log10_alpha": -3.9278791876658627, "log10_colsample_bytree": -0.8054687760660656, "log10_eta": -3.690411489934216, "log10_lambda": -3.3025542127378986, "log10_min_child_weight": 0.19072337295318986, "log10_subsample": -0.9996849664939347, "max_depth": 3.0, "num_boost_round": 15.0}, "datetime": {"datetime": "2024-01-19 00:34:50", "elapsed": 1444.032255, "delta": 0.001724}}
{"target": -17.67714700378923, "params": {"gamma": 12.416113113649763, "log10_alpha": -3.9278791876658627, "log10_colsample_bytree": -0.8054687760660656, "log10_eta": -3.690411489934216, "log10_lambda": -3.3025542127378986, "log10_min_child_weight": 0.19072337295318986, "log10_subsample": -0.9996849664939347, "max_depth": 3.0, "num_boost_round": 16.0}, "datetime": {"datetime": "2024-01-19 00:34:50", "elapsed": 1444.034031, "delta": 0.001776}}
{"target": -17.677140358437878, "params": {"gamma": 12.416113113649763, "log10_alpha": -3.9278791876658627, "log10_colsample_bytree": -0.8054687760660656, "log10_eta": -3.690411489934216, "log10_lambda": -3.3025542127378986, "log10_min_child_weight": 0.19072337295318986, "log10_subsample": -0.9996849664939347, "max_depth": 3.0, "num_boost_round": 17.0}, "datetime": {"datetime": "2024-01-19 00:34:50", "elapsed": 1444.035745, "delta": 0.001714}}
{"target": -17.677135375117786, "params": {"gamma": 12.416113113649763, "log10_alpha": -3.9278791876658627, "log10_colsample_bytree": -0.8054687760660656, "log10_eta": -3.690411489934216, "log10_lambda": -3.3025542127378986, "log10_min_child_weight": 0.19072337295318986, "log10_subsample": -0.9996849664939347, "max_depth": 3.0, "num_boost_round": 18.0}, "datetime": {"datetime": "2024-01-19 00:34:50", "elapsed": 1444.037416, "delta": 0.001671}}
{"target": -17.677136328351423, "params": {"gamma": 12.416113113649763, "log10_alpha": -3.9278791876658627, "log10_colsample_bytree": -0.8054687760660656, "log10_eta": -3.690411489934216, "log10_lambda": -3.3025542127378986, "log10_min_child_weight": 0.19072337295318986, "log10_subsample": -0.9996849664939347, "max_depth": 3.0, "num_boost_round": 19.0}, "datetime": {"datetime": "2024-01-19 00:34:50", "elapsed": 1444.039082, "delta": 0.001666}}
{"target": -17.677131043913135, "params": {"gamma": 12.416113113649763, "log10_alpha": -3.9278791876658627, "log10_colsample_bytree": -0.8054687760660656, "log10_eta": -3.690411489934216, "log10_lambda": -3.3025542127378986, "log10_min_child_weight": 0.19072337295318986, "log10_subsample": -0.9996849664939347, "max_depth": 3.0, "num_boost_round": 20.0}, "datetime": {"datetime": "2024-01-19 00:34:50", "elapsed": 1444.040822, "delta": 0.00174}}
{"target": -17.67712119665756, "params": {"gamma": 12.416113113649763, "log10_alpha": -3.9278791876658627, "log10_colsample_bytree": -0.8054687760660656, "log10_eta": -3.690411489934216, "log10_lambda": -3.3025542127378986, "log10_min_child_weight": 0.19072337295318986, "log10_subsample": -0.9996849664939347, "max_depth": 3.0, "num_boost_round": 21.0}, "datetime": {"datetime": "2024-01-19 00:34:50", "elapsed": 1444.042516, "delta": 0.001694}}
{"target": -17.677112003224867, "params": {"gamma": 12.416113113649763, "log10_alpha": -3.9278791876658627, "log10_colsample_bytree": -0.8054687760660656, "log10_eta": -3.690411489934216, "log10_lambda": -3.3025542127378986, "log10_min_child_weight": 0.19072337295318986, "log10_subsample": -0.9996849664939347, "max_depth": 3.0, "num_boost_round": 22.0}, "datetime": {"datetime": "2024-01-19 00:34:50", "elapsed": 1444.044191, "delta": 0.001675}}
{"target": -17.67710123055112, "params": {"gamma": 12.416113113649763, "log10_alpha": -3.9278791876658627, "log10_colsample_bytree": -0.8054687760660656, "log10_eta": -3.690411489934216, "log10_lambda": -3.3025542127378986, "log10_min_child_weight": 0.19072337295318986, "log10_subsample": -0.9996849664939347, "max_depth": 3.0, "num_boost_round": 23.0}, "datetime": {"datetime": "2024-01-19 00:34:50", "elapsed": 1444.045912, "delta": 0.001721}}
{"target": -17.6771018075311, "params": {"gamma": 12.416113113649763, "log10_alpha": -3.9278791876658627, "log10_colsample_bytree": -0.8054687760660656, "log10_eta": -3.690411489934216, "log10_lambda": -3.3025542127378986, "log10_min_child_weight": 0.19072337295318986, "log10_subsample": -0.9996849664939347, "max_depth": 3.0, "num_boost_round": 24.0}, "datetime": {"datetime": "2024-01-19 00:34:50", "elapsed": 1444.047587, "delta": 0.001675}}
{"target": -17.67709371230701, "params": {"gamma": 12.416113113649763, "log10_alpha": -3.9278791876658627, "log10_colsample_bytree": -0.8054687760660656, "log10_eta": -3.690411489934216, "log10_lambda": -3.3025542127378986, "log10_min_child_weight": 0.19072337295318986, "log10_subsample": -0.9996849664939347, "max_depth": 3.0, "num_boost_round": 25.0}, "datetime": {"datetime": "2024-01-19 00:34:50", "elapsed": 1444.049269, "delta": 0.001682}}
{"target": -17.677084324656274, "params": {"gamma": 12.416113113649763, "log10_alpha": -3.9278791876658627, "log10_colsample_bytree": -0.8054687760660656, "log10_eta": -3.690411489934216, "log10_lambda": -3.3025542127378986, "log10_min_child_weight": 0.19072337295318986, "log10_subsample": -0.9996849664939347, "max_depth": 3.0, "num_boost_round": 26.0}, "datetime": {"datetime": "2024-01-19 00:34:50", "elapsed": 1444.050947, "delta": 0.001678}}
{"target": -17.67707896945513, "params": {"gamma": 12.416113113649763, "log10_alpha": -3.9278791876658627, "log10_colsample_bytree": -0.8054687760660656, "log10_eta": -3.690411489934216, "log10_lambda": -3.3025542127378986, "log10_min_child_weight": 0.19072337295318986, "log10_subsample": -0.9996849664939347, "max_depth": 3.0, "num_boost_round": 27.0}, "datetime": {"datetime": "2024-01-19 00:34:50", "elapsed": 1444.052682, "delta": 0.001735}}
{"target": -17.677069966626345, "params": {"gamma": 12.416113113649763, "log10_alpha": -3.9278791876658627, "log10_colsample_bytree": -0.8054687760660656, "log10_eta": -3.690411489934216, "log10_lambda": -3.3025542127378986, "log10_min_child_weight": 0.19072337295318986, "log10_subsample": -0.9996849664939347, "max_depth": 3.0, "num_boost_round": 28.0}, "datetime": {"datetime": "2024-01-19 00:34:50", "elapsed": 1444.054424, "delta": 0.001742}}
{"target": -17.67706054662235, "params": {"gamma": 12.416113113649763, "log10_alpha": -3.9278791876658627, "log10_colsample_bytree": -0.8054687760660656, "log10_eta": -3.690411489934216, "log10_lambda": -3.3025542127378986, "log10_min_child_weight": 0.19072337295318986, "log10_subsample": -0.9996849664939347, "max_depth": 3.0, "num_boost_round": 29.0}, "datetime": {"datetime": "2024-01-19 00:34:50", "elapsed": 1444.056186, "delta": 0.001762}}
{"target": -17.677057997900917, "params": {"gamma": 12.416113113649763, "log10_alpha": -3.9278791876658627, "log10_colsample_bytree": -0.8054687760660656, "log10_eta": -3.690411489934216, "log10_lambda": -3.3025542127378986, "log10_min_child_weight": 0.19072337295318986, "log10_subsample": -0.9996849664939347, "max_depth": 3.0, "num_boost_round": 30.0}, "datetime": {"datetime": "2024-01-19 00:34:50", "elapsed": 1444.057937, "delta": 0.001751}}
{"target": -17.67704875630541, "params": {"gamma": 12.416113113649763, "log10_alpha": -3.9278791876658627, "log10_colsample_bytree": -0.8054687760660656, "log10_eta": -3.690411489934216, "log10_lambda": -3.3025542127378986, "log10_min_child_weight": 0.19072337295318986, "log10_subsample": -0.9996849664939347, "max_depth": 3.0, "num_boost_round": 31.0}, "datetime": {"datetime": "2024-01-19 00:34:50", "elapsed": 1444.059619, "delta": 0.001682}}
{"target": -17.677039834728973, "params": {"gamma": 12.416113113649763, "log10_alpha": -3.9278791876658627, "log10_colsample_bytree": -0.8054687760660656, "log10_eta": -3.690411489934216, "log10_lambda": -3.3025542127378986, "log10_min_child_weight": 0.19072337295318986, "log10_subsample": -0.9996849664939347, "max_depth": 3.0, "num_boost_round": 32.0}, "datetime": {"datetime": "2024-01-19 00:34:50", "elapsed": 1444.06195, "delta": 0.002331}}
{"target": -17.677028000909996, "params": {"gamma": 12.416113113649763, "log10_alpha": -3.9278791876658627, "log10_colsample_bytree": -0.8054687760660656, "log10_eta": -3.690411489934216, "log10_lambda": -3.3025542127378986, "log10_min_child_weight": 0.19072337295318986, "log10_subsample": -0.9996849664939347, "max_depth": 3.0, "num_boost_round": 33.0}, "datetime": {"datetime": "2024-01-19 00:34:50", "elapsed": 1444.064296, "delta": 0.002346}}
{"target": -17.67702265241333, "params": {"gamma": 12.416113113649763, "log10_alpha": -3.9278791876658627, "log10_colsample_bytree": -0.8054687760660656, "log10_eta": -3.690411489934216, "log10_lambda": -3.3025542127378986, "log10_min_child_weight": 0.19072337295318986, "log10_subsample": -0.9996849664939347, "max_depth": 3.0, "num_boost_round": 34.0}, "datetime": {"datetime": "2024-01-19 00:34:50", "elapsed": 1444.066081, "delta": 0.001785}}
{"target": -17.677019781010678, "params": {"gamma": 12.416113113649763, "log10_alpha": -3.9278791876658627, "log10_colsample_bytree": -0.8054687760660656, "log10_eta": -3.690411489934216, "log10_lambda": -3.3025542127378986, "log10_min_child_weight": 0.19072337295318986, "log10_subsample": -0.9996849664939347, "max_depth": 3.0, "num_boost_round": 35.0}, "datetime": {"datetime": "2024-01-19 00:34:50", "elapsed": 1444.067864, "delta": 0.001783}}
{"target": -17.677016658816704, "params": {"gamma": 12.416113113649763, "log10_alpha": -3.9278791876658627, "log10_colsample_bytree": -0.8054687760660656, "log10_eta": -3.690411489934216, "log10_lambda": -3.3025542127378986, "log10_min_child_weight": 0.19072337295318986, "log10_subsample": -0.9996849664939347, "max_depth": 3.0, "num_boost_round": 36.0}, "datetime": {"datetime": "2024-01-19 00:34:50", "elapsed": 1444.069703, "delta": 0.001839}}
{"target": -17.677013139591686, "params": {"gamma": 12.416113113649763, "log10_alpha": -3.9278791876658627, "log10_colsample_bytree": -0.8054687760660656, "log10_eta": -3.690411489934216, "log10_lambda": -3.3025542127378986, "log10_min_child_weight": 0.19072337295318986, "log10_subsample": -0.9996849664939347, "max_depth": 3.0, "num_boost_round": 37.0}, "datetime": {"datetime": "2024-01-19 00:34:50", "elapsed": 1444.071353, "delta": 0.00165}}
{"target": -17.67700613332982, "params": {"gamma": 12.416113113649763, "log10_alpha": -3.9278791876658627, "log10_colsample_bytree": -0.8054687760660656, "log10_eta": -3.690411489934216, "log10_lambda": -3.3025542127378986, "log10_min_child_weight": 0.19072337295318986, "log10_subsample": -0.9996849664939347, "max_depth": 3.0, "num_boost_round": 38.0}, "datetime": {"datetime": "2024-01-19 00:34:50", "elapsed": 1444.073076, "delta": 0.001723}}
{"target": -17.67700600234122, "params": {"gamma": 12.416113113649763, "log10_alpha": -3.9278791876658627, "log10_colsample_bytree": -0.8054687760660656, "log10_eta": -3.690411489934216, "log10_lambda": -3.3025542127378986, "log10_min_child_weight": 0.19072337295318986, "log10_subsample": -0.9996849664939347, "max_depth": 3.0, "num_boost_round": 39.0}, "datetime": {"datetime": "2024-01-19 00:34:50", "elapsed": 1444.074848, "delta": 0.001772}}
{"target": -17.67700390943032, "params": {"gamma": 12.416113113649763, "log10_alpha": -3.9278791876658627, "log10_colsample_bytree": -0.8054687760660656, "log10_eta": -3.690411489934216, "log10_lambda": -3.3025542127378986, "log10_min_child_weight": 0.19072337295318986, "log10_subsample": -0.9996849664939347, "max_depth": 3.0, "num_boost_round": 40.0}, "datetime": {"datetime": "2024-01-19 00:34:50", "elapsed": 1444.076554, "delta": 0.001706}}
{"target": -17.67700522906695, "params": {"gamma": 12.416113113649763, "log10_alpha": -3.9278791876658627, "log10_colsample_bytree": -0.8054687760660656, "log10_eta": -3.690411489934216, "log10_lambda": -3.3025542127378986, "log10_min_child_weight": 0.19072337295318986, "log10_subsample": -0.9996849664939347, "max_depth": 3.0, "num_boost_round": 41.0}, "datetime": {"datetime": "2024-01-19 00:34:50", "elapsed": 1444.078234, "delta": 0.00168}}
{"target": -17.67699229145533, "params": {"gamma": 12.416113113649763, "log10_alpha": -3.9278791876658627, "log10_colsample_bytree": -0.8054687760660656, "log10_eta": -3.690411489934216, "log10_lambda": -3.3025542127378986, "log10_min_child_weight": 0.19072337295318986, "log10_subsample": -0.9996849664939347, "max_depth": 3.0, "num_boost_round": 42.0}, "datetime": {"datetime": "2024-01-19 00:34:50", "elapsed": 1444.079929, "delta": 0.001695}}
{"target": -17.676986502967647, "params": {"gamma": 12.416113113649763, "log10_alpha": -3.9278791876658627, "log10_colsample_bytree": -0.8054687760660656, "log10_eta": -3.690411489934216, "log10_lambda": -3.3025542127378986, "log10_min_child_weight": 0.19072337295318986, "log10_subsample": -0.9996849664939347, "max_depth": 3.0, "num_boost_round": 43.0}, "datetime": {"datetime": "2024-01-19 00:34:50", "elapsed": 1444.081635, "delta": 0.001706}}
{"target": -17.676980436154047, "params": {"gamma": 12.416113113649763, "log10_alpha": -3.9278791876658627, "log10_colsample_bytree": -0.8054687760660656, "log10_eta": -3.690411489934216, "log10_lambda": -3.3025542127378986, "log10_min_child_weight": 0.19072337295318986, "log10_subsample": -0.9996849664939347, "max_depth": 3.0, "num_boost_round": 44.0}, "datetime": {"datetime": "2024-01-19 00:34:50", "elapsed": 1444.083383, "delta": 0.001748}}
{"target": -17.677230723049547, "params": {"gamma": 2.886290638446254, "log10_alpha": -1.4878056586199104, "log10_colsample_bytree": -0.7522180931128519, "log10_eta": -3.8919464784549618, "log10_lambda": -3.207938896768764, "log10_min_child_weight": 3.255396440866884, "log10_subsample": -0.4533352381357568, "max_depth": 2.0, "num_boost_round": 0.0}, "datetime": {"datetime": "2024-01-19 00:35:24", "elapsed": 1478.485731, "delta": 34.402348}}
{"target": -17.677226521117763, "params": {"gamma": 2.886290638446254, "log10_alpha": -1.4878056586199104, "log10_colsample_bytree": -0.7522180931128519, "log10_eta": -3.8919464784549618, "log10_lambda": -3.207938896768764, "log10_min_child_weight": 3.255396440866884, "log10_subsample": -0.4533352381357568, "max_depth": 2.0, "num_boost_round": 1.0}, "datetime": {"datetime": "2024-01-19 00:35:24", "elapsed": 1478.4888, "delta": 0.003069}}
{"target": -17.677224678631624, "params": {"gamma": 2.886290638446254, "log10_alpha": -1.4878056586199104, "log10_colsample_bytree": -0.7522180931128519, "log10_eta": -3.8919464784549618, "log10_lambda": -3.207938896768764, "log10_min_child_weight": 3.255396440866884, "log10_subsample": -0.4533352381357568, "max_depth": 2.0, "num_boost_round": 2.0}, "datetime": {"datetime": "2024-01-19 00:35:24", "elapsed": 1478.490877, "delta": 0.002077}}
{"target": -17.67722440710678, "params": {"gamma": 2.886290638446254, "log10_alpha": -1.4878056586199104, "log10_colsample_bytree": -0.7522180931128519, "log10_eta": -3.8919464784549618, "log10_lambda": -3.207938896768764, "log10_min_child_weight": 3.255396440866884, "log10_subsample": -0.4533352381357568, "max_depth": 2.0, "num_boost_round": 3.0}, "datetime": {"datetime": "2024-01-19 00:35:24", "elapsed": 1478.492617, "delta": 0.00174}}
{"target": -17.677222634127787, "params": {"gamma": 2.886290638446254, "log10_alpha": -1.4878056586199104, "log10_colsample_bytree": -0.7522180931128519, "log10_eta": -3.8919464784549618, "log10_lambda": -3.207938896768764, "log10_min_child_weight": 3.255396440866884, "log10_subsample": -0.4533352381357568, "max_depth": 2.0, "num_boost_round": 4.0}, "datetime": {"datetime": "2024-01-19 00:35:24", "elapsed": 1478.494382, "delta": 0.001765}}
{"target": -17.67722088235974, "params": {"gamma": 2.886290638446254, "log10_alpha": -1.4878056586199104, "log10_colsample_bytree": -0.7522180931128519, "log10_eta": -3.8919464784549618, "log10_lambda": -3.207938896768764, "log10_min_child_weight": 3.255396440866884, "log10_subsample": -0.4533352381357568, "max_depth": 2.0, "num_boost_round": 5.0}, "datetime": {"datetime": "2024-01-19 00:35:24", "elapsed": 1478.496139, "delta": 0.001757}}
{"target": -17.677218795151543, "params": {"gamma": 2.886290638446254, "log10_alpha": -1.4878056586199104, "log10_colsample_bytree": -0.7522180931128519, "log10_eta": -3.8919464784549618, "log10_lambda": -3.207938896768764, "log10_min_child_weight": 3.255396440866884, "log10_subsample": -0.4533352381357568, "max_depth": 2.0, "num_boost_round": 6.0}, "datetime": {"datetime": "2024-01-19 00:35:24", "elapsed": 1478.49784, "delta": 0.001701}}
{"target": -17.677214422496366, "params": {"gamma": 2.886290638446254, "log10_alpha": -1.4878056586199104, "log10_colsample_bytree": -0.7522180931128519, "log10_eta": -3.8919464784549618, "log10_lambda": -3.207938896768764, "log10_min_child_weight": 3.255396440866884, "log10_subsample": -0.4533352381357568, "max_depth": 2.0, "num_boost_round": 7.0}, "datetime": {"datetime": "2024-01-19 00:35:24", "elapsed": 1478.499558, "delta": 0.001718}}
{"target": -17.677213629162463, "params": {"gamma": 2.886290638446254, "log10_alpha": -1.4878056586199104, "log10_colsample_bytree": -0.7522180931128519, "log10_eta": -3.8919464784549618, "log10_lambda": -3.207938896768764, "log10_min_child_weight": 3.255396440866884, "log10_subsample": -0.4533352381357568, "max_depth": 2.0, "num_boost_round": 8.0}, "datetime": {"datetime": "2024-01-19 00:35:24", "elapsed": 1478.501259, "delta": 0.001701}}
{"target": -17.677209581987135, "params": {"gamma": 2.886290638446254, "log10_alpha": -1.4878056586199104, "log10_colsample_bytree": -0.7522180931128519, "log10_eta": -3.8919464784549618, "log10_lambda": -3.207938896768764, "log10_min_child_weight": 3.255396440866884, "log10_subsample": -0.4533352381357568, "max_depth": 2.0, "num_boost_round": 9.0}, "datetime": {"datetime": "2024-01-19 00:35:24", "elapsed": 1478.502971, "delta": 0.001712}}
{"target": -17.67720688603891, "params": {"gamma": 2.886290638446254, "log10_alpha": -1.4878056586199104, "log10_colsample_bytree": -0.7522180931128519, "log10_eta": -3.8919464784549618, "log10_lambda": -3.207938896768764, "log10_min_child_weight": 3.255396440866884, "log10_subsample": -0.4533352381357568, "max_depth": 2.0, "num_boost_round": 10.0}, "datetime": {"datetime": "2024-01-19 00:35:24", "elapsed": 1478.504682, "delta": 0.001711}}
{"target": -17.677203736289936, "params": {"gamma": 2.886290638446254, "log10_alpha": -1.4878056586199104, "log10_colsample_bytree": -0.7522180931128519, "log10_eta": -3.8919464784549618, "log10_lambda": -3.207938896768764, "log10_min_child_weight": 3.255396440866884, "log10_subsample": -0.4533352381357568, "max_depth": 2.0, "num_boost_round": 11.0}, "datetime": {"datetime": "2024-01-19 00:35:24", "elapsed": 1478.506529, "delta": 0.001847}}
