{"target": -17.676952656527643, "params": {"gamma": 397.97042739345454, "log10_alpha": -4.882866336875035, "log10_colsample_bytree": -0.8112360188102128, "log10_eta": -3.2620656832012926, "log10_lambda": -1.8176304165069217, "log10_min_child_weight": 0.7247350271376679, "log10_subsample": -0.4321910459146271, "max_depth": 9.0, "num_boost_round": 8.0}, "datetime": {"datetime": "2024-01-19 01:34:04", "elapsed": 4933.918526, "delta": 0.004897}}
{"target": -17.67694425449388, "params": {"gamma": 397.97042739345454, "log10_alpha": -4.882866336875035, "log10_colsample_bytree": -0.8112360188102128, "log10_eta": -3.2620656832012926, "log10_lambda": -1.8176304165069217, "log10_min_child_weight": 0.7247350271376679, "log10_subsample": -0.4321910459146271, "max_depth": 9.0, "num_boost_round": 9.0}, "datetime": {"datetime": "2024-01-19 01:34:04", "elapsed": 4933.923492, "delta": 0.004966}}
{"target": -17.676905701209495, "params": {"gamma": 397.97042739345454, "log10_alpha": -4.882866336875035, "log10_colsample_bytree": -0.8112360188102128, "log10_eta": -3.2620656832012926, "log10_lambda": -1.8176304165069217, "log10_min_child_weight": 0.7247350271376679, "log10_subsample": -0.4321910459146271, "max_depth": 9.0, "num_boost_round": 10.0}, "datetime": {"datetime": "2024-01-19 01:34:04", "elapsed": 4933.928356, "delta": 0.004864}}
{"target": -17.676898569574544, "params": {"gamma": 397.97042739345454, "log10_alpha": -4.882866336875035, "log10_colsample_bytree": -0.8112360188102128, "log10_eta": -3.2620656832012926, "log10_lambda": -1.8176304165069217, "log10_min_child_weight": 0.7247350271376679, "log10_subsample": -0.4321910459146271, "max_depth": 9.0, "num_boost_round": 11.0}, "datetime": {"datetime": "2024-01-19 01:34:04", "elapsed": 4933.933266, "delta": 0.00491}}
{"target": -17.67684647730251, "params": {"gamma": 397.97042739345454, "log10_alpha": -4.882866336875035, "log10_colsample_bytree": -0.8112360188102128, "log10_eta": -3.2620656832012926, "log10_lambda": -1.8176304165069217, "log10_min_child_weight": 0.7247350271376679, "log10_subsample": -0.4321910459146271, "max_depth": 9.0, "num_boost_round": 12.0}, "datetime": {"datetime": "2024-01-19 01:34:04", "elapsed": 4933.938198, "delta": 0.004932}}
{"target": -17.67681237753801, "params": {"gamma": 397.97042739345454, "log10_alpha": -4.882866336875035, "log10_colsample_bytree": -0.8112360188102128, "log10_eta": -3.2620656832012926, "log10_lambda": -1.8176304165069217, "log10_min_child_weight": 0.7247350271376679, "log10_subsample": -0.4321910459146271, "max_depth": 9.0, "num_boost_round": 13.0}, "datetime": {"datetime": "2024-01-19 01:34:04", "elapsed": 4933.947224, "delta": 0.009026}}
{"target": -17.676784844956085, "params": {"gamma": 397.97042739345454, "log10_alpha": -4.882866336875035, "log10_colsample_bytree": -0.8112360188102128, "log10_eta": -3.2620656832012926, "log10_lambda": -1.8176304165069217, "log10_min_child_weight": 0.7247350271376679, "log10_subsample": -0.4321910459146271, "max_depth": 9.0, "num_boost_round": 14.0}, "datetime": {"datetime": "2024-01-19 01:34:04", "elapsed": 4933.952164, "delta": 0.00494}}
{"target": -17.676766519235308, "params": {"gamma": 397.97042739345454, "log10_alpha": -4.882866336875035, "log10_colsample_bytree": -0.8112360188102128, "log10_eta": -3.2620656832012926, "log10_lambda": -1.8176304165069217, "log10_min_child_weight": 0.7247350271376679, "log10_subsample": -0.4321910459146271, "max_depth": 9.0, "num_boost_round": 15.0}, "datetime": {"datetime": "2024-01-19 01:34:04", "elapsed": 4933.957033, "delta": 0.004869}}
{"target": -17.67676685946582, "params": {"gamma": 397.97042739345454, "log10_alpha": -4.882866336875035, "log10_colsample_bytree": -0.8112360188102128, "log10_eta": -3.2620656832012926, "log10_lambda": -1.8176304165069217, "log10_min_child_weight": 0.7247350271376679, "log10_subsample": -0.4321910459146271, "max_depth": 9.0, "num_boost_round": 16.0}, "datetime": {"datetime": "2024-01-19 01:34:04", "elapsed": 4933.961929, "delta": 0.004896}}
{"target": -17.676708277685417, "params": {"gamma": 397.97042739345454, "log10_alpha": -4.882866336875035, "log10_colsample_bytree": -0.8112360188102128, "log10_eta": -3.2620656832012926, "log10_lambda": -1.8176304165069217, "log10_min_child_weight": 0.7247350271376679, "log10_subsample": -0.4321910459146271, "max_depth": 9.0, "num_boost_round": 17.0}, "datetime": {"datetime": "2024-01-19 01:34:04", "elapsed": 4933.96692, "delta": 0.004991}}
{"target": -17.676677417020173, "params": {"gamma": 397.97042739345454, "log10_alpha": -4.882866336875035, "log10_colsample_bytree": -0.8112360188102128, "log10_eta": -3.2620656832012926, "log10_lambda": -1.8176304165069217, "log10_min_child_weight": 0.7247350271376679, "log10_subsample": -0.4321910459146271, "max_depth": 9.0, "num_boost_round": 18.0}, "datetime": {"datetime": "2024-01-19 01:34:04", "elapsed": 4933.971861, "delta": 0.004941}}
{"target": -17.676602016020592, "params": {"gamma": 397.97042739345454, "log10_alpha": -4.882866336875035, "log10_colsample_bytree": -0.8112360188102128, "log10_eta": -3.2620656832012926, "log10_lambda": -1.8176304165069217, "log10_min_child_weight": 0.7247350271376679, "log10_subsample": -0.4321910459146271, "max_depth": 9.0, "num_boost_round": 19.0}, "datetime": {"datetime": "2024-01-19 01:34:04", "elapsed": 4933.976842, "delta": 0.004981}}
{"target": -17.67659851039502, "params": {"gamma": 397.97042739345454, "log10_alpha": -4.882866336875035, "log10_colsample_bytree": -0.8112360188102128, "log10_eta": -3.2620656832012926, "log10_lambda": -1.8176304165069217, "log10_min_child_weight": 0.7247350271376679, "log10_subsample": -0.4321910459146271, "max_depth": 9.0, "num_boost_round": 20.0}, "datetime": {"datetime": "2024-01-19 01:34:04", "elapsed": 4933.981656, "delta": 0.004814}}
{"target": -17.67654541161991, "params": {"gamma": 397.97042739345454, "log10_alpha": -4.882866336875035, "log10_colsample_bytree": -0.8112360188102128, "log10_eta": -3.2620656832012926, "log10_lambda": -1.8176304165069217, "log10_min_child_weight": 0.7247350271376679, "log10_subsample": -0.4321910459146271, "max_depth": 9.0, "num_boost_round": 21.0}, "datetime": {"datetime": "2024-01-19 01:34:04", "elapsed": 4933.986632, "delta": 0.004976}}
{"target": -17.676473120070636, "params": {"gamma": 397.97042739345454, "log10_alpha": -4.882866336875035, "log10_colsample_bytree": -0.8112360188102128, "log10_eta": -3.2620656832012926, "log10_lambda": -1.8176304165069217, "log10_min_child_weight": 0.7247350271376679, "log10_subsample": -0.4321910459146271, "max_depth": 9.0, "num_boost_round": 22.0}, "datetime": {"datetime": "2024-01-19 01:34:04", "elapsed": 4933.992528, "delta": 0.005896}}
{"target": -17.676424041009682, "params": {"gamma": 397.97042739345454, "log10_alpha": -4.882866336875035, "log10_colsample_bytree": -0.8112360188102128, "log10_eta": -3.2620656832012926, "log10_lambda": -1.8176304165069217, "log10_min_child_weight": 0.7247350271376679, "log10_subsample": -0.4321910459146271, "max_depth": 9.0, "num_boost_round": 23.0}, "datetime": {"datetime": "2024-01-19 01:34:04", "elapsed": 4933.997758, "delta": 0.00523}}
{"target": -17.676438801540936, "params": {"gamma": 397.97042739345454, "log10_alpha": -4.882866336875035, "log10_colsample_bytree": -0.8112360188102128, "log10_eta": -3.2620656832012926, "log10_lambda": -1.8176304165069217, "log10_min_child_weight": 0.7247350271376679, "log10_subsample": -0.4321910459146271, "max_depth": 9.0, "num_boost_round": 24.0}, "datetime": {"datetime": "2024-01-19 01:34:04", "elapsed": 4934.002839, "delta": 0.005081}}
{"target": -17.67638798025555, "params": {"gamma": 397.97042739345454, "log10_alpha": -4.882866336875035, "log10_colsample_bytree": -0.8112360188102128, "log10_eta": -3.2620656832012926, "log10_lambda": -1.8176304165069217, "log10_min_child_weight": 0.7247350271376679, "log10_subsample": -0.4321910459146271, "max_depth": 9.0, "num_boost_round": 25.0}, "datetime": {"datetime": "2024-01-19 01:34:04", "elapsed": 4934.007861, "delta": 0.005022}}
{"target": -17.67638983333683, "params": {"gamma": 397.97042739345454, "log10_alpha": -4.882866336875035, "log10_colsample_bytree": -0.8112360188102128, "log10_eta": -3.2620656832012926, "log10_lambda": -1.8176304165069217, "log10_min_child_weight": 0.7247350271376679, "log10_subsample": -0.4321910459146271, "max_depth": 9.0, "num_boost_round": 26.0}, "datetime": {"datetime": "2024-01-19 01:34:04", "elapsed": 4934.012694, "delta": 0.004833}}
{"target": -17.67635627538222, "params": {"gamma": 397.97042739345454, "log10_alpha": -4.882866336875035, "log10_colsample_bytree": -0.8112360188102128, "log10_eta": -3.2620656832012926, "log10_lambda": -1.8176304165069217, "log10_min_child_weight": 0.7247350271376679, "log10_subsample": -0.4321910459146271, "max_depth": 9.0, "num_boost_round": 27.0}, "datetime": {"datetime": "2024-01-19 01:34:04", "elapsed": 4934.017598, "delta": 0.004904}}
{"target": -17.676251062289513, "params": {"gamma": 397.97042739345454, "log10_alpha": -4.882866336875035, "log10_colsample_bytree": -0.8112360188102128, "log10_eta": -3.2620656832012926, "log10_lambda": -1.8176304165069217, "log10_min_child_weight": 0.7247350271376679, "log10_subsample": -0.4321910459146271, "max_depth": 9.0, "num_boost_round": 28.0}, "datetime": {"datetime": "2024-01-19 01:34:04", "elapsed": 4934.022507, "delta": 0.004909}}
{"target": -17.676196315403146, "params": {"gamma": 397.97042739345454, "log10_alpha": -4.882866336875035, "log10_colsample_bytree": -0.8112360188102128, "log10_eta": -3.2620656832012926, "log10_lambda": -1.8176304165069217, "log10_min_child_weight": 0.7247350271376679, "log10_subsample": -0.4321910459146271, "max_depth": 9.0, "num_boost_round": 29.0}, "datetime": {"datetime": "2024-01-19 01:34:04", "elapsed": 4934.027414, "delta": 0.004907}}
{"target": -17.67617410121751, "params": {"gamma": 397.97042739345454, "log10_alpha": -4.882866336875035, "log10_colsample_bytree": -0.8112360188102128, "log10_eta": -3.2620656832012926, "log10_lambda": -1.8176304165069217, "log10_min_child_weight": 0.7247350271376679, "log10_subsample": -0.4321910459146271, "max_depth": 9.0, "num_boost_round": 30.0}, "datetime": {"datetime": "2024-01-19 01:34:04", "elapsed": 4934.032347, "delta": 0.004933}}
{"target": -17.67612360907442, "params": {"gamma": 397.97042739345454, "log10_alpha": -4.882866336875035, "log10_colsample_bytree": -0.8112360188102128, "log10_eta": -3.2620656832012926, "log10_lambda": -1.8176304165069217, "log10_min_child_weight": 0.7247350271376679, "log10_subsample": -0.4321910459146271, "max_depth": 9.0, "num_boost_round": 31.0}, "datetime": {"datetime": "2024-01-19 01:34:04", "elapsed": 4934.037348, "delta": 0.005001}}
{"target": -17.676122708393667, "params": {"gamma": 397.97042739345454, "log10_alpha": -4.882866336875035, "log10_colsample_bytree": -0.8112360188102128, "log10_eta": -3.2620656832012926, "log10_lambda": -1.8176304165069217, "log10_min_child_weight": 0.7247350271376679, "log10_subsample": -0.4321910459146271, "max_depth": 9.0, "num_boost_round": 32.0}, "datetime": {"datetime": "2024-01-19 01:34:04", "elapsed": 4934.042272, "delta": 0.004924}}
{"target": -17.67608083810475, "params": {"gamma": 397.97042739345454, "log10_alpha": -4.882866336875035, "log10_colsample_bytree": -0.8112360188102128, "log10_eta": -3.2620656832012926, "log10_lambda": -1.8176304165069217, "log10_min_child_weight": 0.7247350271376679, "log10_subsample": -0.4321910459146271, "max_depth": 9.0, "num_boost_round": 33.0}, "datetime": {"datetime": "2024-01-19 01:34:04", "elapsed": 4934.047191, "delta": 0.004919}}
{"target": -17.676071083752444, "params": {"gamma": 397.97042739345454, "log10_alpha": -4.882866336875035, "log10_colsample_bytree": -0.8112360188102128, "log10_eta": -3.2620656832012926, "log10_lambda": -1.8176304165069217, "log10_min_child_weight": 0.7247350271376679, "log10_subsample": -0.4321910459146271, "max_depth": 9.0, "num_boost_round": 34.0}, "datetime": {"datetime": "2024-01-19 01:34:04", "elapsed": 4934.052113, "delta": 0.004922}}
{"target": -17.676034350495144, "params": {"gamma": 397.97042739345454, "log10_alpha": -4.882866336875035, "log10_colsample_bytree": -0.8112360188102128, "log10_eta": -3.2620656832012926, "log10_lambda": -1.8176304165069217, "log10_min_child_weight": 0.7247350271376679, "log10_subsample": -0.4321910459146271, "max_depth": 9.0, "num_boost_round": 35.0}, "datetime": {"datetime": "2024-01-19 01:34:04", "elapsed": 4934.057001, "delta": 0.004888}}
{"target": -17.676030458435914, "params": {"gamma": 397.97042739345454, "log10_alpha": -4.882866336875035, "log10_colsample_bytree": -0.8112360188102128, "log10_eta": -3.2620656832012926, "log10_lambda": -1.8176304165069217, "log10_min_child_weight": 0.7247350271376679, "log10_subsample": -0.4321910459146271, "max_depth": 9.0, "num_boost_round": 36.0}, "datetime": {"datetime": "2024-01-19 01:34:04", "elapsed": 4934.061928, "delta": 0.004927}}
{"target": -17.676018742875335, "params": {"gamma": 397.97042739345454, "log10_alpha": -4.882866336875035, "log10_colsample_bytree": -0.8112360188102128, "log10_eta": -3.2620656832012926, "log10_lambda": -1.8176304165069217, "log10_min_child_weight": 0.7247350271376679, "log10_subsample": -0.4321910459146271, "max_depth": 9.0, "num_boost_round": 37.0}, "datetime": {"datetime": "2024-01-19 01:34:04", "elapsed": 4934.06696, "delta": 0.005032}}
{"target": -17.67600422585204, "params": {"gamma": 397.97042739345454, "log10_alpha": -4.882866336875035, "log10_colsample_bytree": -0.8112360188102128, "log10_eta": -3.2620656832012926, "log10_lambda": -1.8176304165069217, "log10_min_child_weight": 0.7247350271376679, "log10_subsample": -0.4321910459146271, "max_depth": 9.0, "num_boost_round": 38.0}, "datetime": {"datetime": "2024-01-19 01:34:04", "elapsed": 4934.072658, "delta": 0.005698}}
{"target": -17.67600874432102, "params": {"gamma": 397.97042739345454, "log10_alpha": -4.882866336875035, "log10_colsample_bytree": -0.8112360188102128, "log10_eta": -3.2620656832012926, "log10_lambda": -1.8176304165069217, "log10_min_child_weight": 0.7247350271376679, "log10_subsample": -0.4321910459146271, "max_depth": 9.0, "num_boost_round": 39.0}, "datetime": {"datetime": "2024-01-19 01:34:04", "elapsed": 4934.077645, "delta": 0.004987}}
{"target": -17.675996614530092, "params": {"gamma": 397.97042739345454, "log10_alpha": -4.882866336875035, "log10_colsample_bytree": -0.8112360188102128, "log10_eta": -3.2620656832012926, "log10_lambda": -1.8176304165069217, "log10_min_child_weight": 0.7247350271376679, "log10_subsample": -0.4321910459146271, "max_depth": 9.0, "num_boost_round": 40.0}, "datetime": {"datetime": "2024-01-19 01:34:04", "elapsed": 4934.082587, "delta": 0.004942}}
{"target": -17.675955563232964, "params": {"gamma": 397.97042739345454, "log10_alpha": -4.882866336875035, "log10_colsample_bytree": -0.8112360188102128, "log10_eta": -3.2620656832012926, "log10_lambda": -1.8176304165069217, "log10_min_child_weight": 0.7247350271376679, "log10_subsample": -0.4321910459146271, "max_depth": 9.0, "num_boost_round": 41.0}, "datetime": {"datetime": "2024-01-19 01:34:04", "elapsed": 4934.087664, "delta": 0.005077}}
{"target": -17.675889974879873, "params": {"gamma": 397.97042739345454, "log10_alpha": -4.882866336875035, "log10_colsample_bytree": -0.8112360188102128, "log10_eta": -3.2620656832012926, "log10_lambda": -1.8176304165069217, "log10_min_child_weight": 0.7247350271376679, "log10_subsample": -0.4321910459146271, "max_depth": 9.0, "num_boost_round": 42.0}, "datetime": {"datetime": "2024-01-19 01:34:04", "elapsed": 4934.092659, "delta": 0.004995}}
{"target": -17.67587397803931, "params": {"gamma": 397.97042739345454, "log10_alpha": -4.882866336875035, "log10_colsample_bytree": -0.8112360188102128, "log10_eta": -3.2620656832012926, "log10_lambda": -1.8176304165069217, "log10_min_child_weight": 0.7247350271376679, "log10_subsample": -0.4321910459146271, "max_depth": 9.0, "num_boost_round": 43.0}, "datetime": {"datetime": "2024-01-19 01:34:04", "elapsed": 4934.097659, "delta": 0.005}}
{"target": -17.67720708139684, "params": {"gamma": 394.1204687977465, "log10_alpha": -1.3144826479356442, "log10_colsample_bytree": -0.4394910000661775, "log10_eta": -3.5433419708918605, "log10_lambda": -3.47514061757209, "log10_min_child_weight": 0.6156929837388703, "log10_subsample": -0.8276665143808349, "max_depth": 6.0, "num_boost_round": 0.0}, "datetime": {"datetime": "2024-01-19 01:35:00", "elapsed": 4989.851559, "delta": 55.7539}}
{"target": -17.677185832920014, "params": {"gamma": 394.1204687977465, "log10_alpha": -1.3144826479356442, "log10_colsample_bytree": -0.4394910000661775, "log10_eta": -3.5433419708918605, "log10_lambda": -3.47514061757209, "log10_min_child_weight": 0.6156929837388703, "log10_subsample": -0.8276665143808349, "max_depth": 6.0, "num_boost_round": 1.0}, "datetime": {"datetime": "2024-01-19 01:35:00", "elapsed": 4989.858734, "delta": 0.007175}}
{"target": -17.677161877180474, "params": {"gamma": 394.1204687977465, "log10_alpha": -1.3144826479356442, "log10_colsample_bytree": -0.4394910000661775, "log10_eta": -3.5433419708918605, "log10_lambda": -3.47514061757209, "log10_min_child_weight": 0.6156929837388703, "log10_subsample": -0.8276665143808349, "max_depth": 6.0, "num_boost_round": 2.0}, "datetime": {"datetime": "2024-01-19 01:35:00", "elapsed": 4989.864815, "delta": 0.006081}}
{"target": -17.677163381653195, "params": {"gamma": 394.1204687977465, "log10_alpha": -1.3144826479356442, "log10_colsample_bytree": -0.4394910000661775, "log10_eta": -3.5433419708918605, "log10_lambda": -3.47514061757209, "log10_min_child_weight": 0.6156929837388703, "log10_subsample": -0.8276665143808349, "max_depth": 6.0, "num_boost_round": 3.0}, "datetime": {"datetime": "2024-01-19 01:35:00", "elapsed": 4989.870628, "delta": 0.005813}}
{"target": -17.67712426518793, "params": {"gamma": 394.1204687977465, "log10_alpha": -1.3144826479356442, "log10_colsample_bytree": -0.4394910000661775, "log10_eta": -3.5433419708918605, "log10_lambda": -3.47514061757209, "log10_min_child_weight": 0.6156929837388703, "log10_subsample": -0.8276665143808349, "max_depth": 6.0, "num_boost_round": 4.0}, "datetime": {"datetime": "2024-01-19 01:35:00", "elapsed": 4989.876461, "delta": 0.005833}}
{"target": -17.67711503970687, "params": {"gamma": 394.1204687977465, "log10_alpha": -1.3144826479356442, "log10_colsample_bytree": -0.4394910000661775, "log10_eta": -3.5433419708918605, "log10_lambda": -3.47514061757209, "log10_min_child_weight": 0.6156929837388703, "log10_subsample": -0.8276665143808349, "max_depth": 6.0, "num_boost_round": 5.0}, "datetime": {"datetime": "2024-01-19 01:35:00", "elapsed": 4989.882298, "delta": 0.005837}}
{"target": -17.67710187319212, "params": {"gamma": 394.1204687977465, "log10_alpha": -1.3144826479356442, "log10_colsample_bytree": -0.4394910000661775, "log10_eta": -3.5433419708918605, "log10_lambda": -3.47514061757209, "log10_min_child_weight": 0.6156929837388703, "log10_subsample": -0.8276665143808349, "max_depth": 6.0, "num_boost_round": 6.0}, "datetime": {"datetime": "2024-01-19 01:35:00", "elapsed": 4989.888224, "delta": 0.005926}}
{"target": -17.677097032985014, "params": {"gamma": 394.1204687977465, "log10_alpha": -1.3144826479356442, "log10_colsample_bytree": -0.4394910000661775, "log10_eta": -3.5433419708918605, "log10_lambda": -3.47514061757209, "log10_min_child_weight": 0.6156929837388703, "log10_subsample": -0.8276665143808349, "max_depth": 6.0, "num_boost_round": 7.0}, "datetime": {"datetime": "2024-01-19 01:35:00", "elapsed": 4989.894247, "delta": 0.006023}}
{"target": -17.677084316279362, "params": {"gamma": 394.1204687977465, "log10_alpha": -1.3144826479356442, "log10_colsample_bytree": -0.4394910000661775, "log10_eta": -3.5433419708918605, "log10_lambda": -3.47514061757209, "log10_min_child_weight": 0.6156929837388703, "log10_subsample": -0.8276665143808349, "max_depth": 6.0, "num_boost_round": 8.0}, "datetime": {"datetime": "2024-01-19 01:35:00", "elapsed": 4989.899926, "delta": 0.005679}}
{"target": -17.677076581074484, "params": {"gamma": 394.1204687977465, "log10_alpha": -1.3144826479356442, "log10_colsample_bytree": -0.4394910000661775, "log10_eta": -3.5433419708918605, "log10_lambda": -3.47514061757209, "log10_min_child_weight": 0.6156929837388703, "log10_subsample": -0.8276665143808349, "max_depth": 6.0, "num_boost_round": 9.0}, "datetime": {"datetime": "2024-01-19 01:35:00", "elapsed": 4989.906137, "delta": 0.006211}}
{"target": -17.67706275044888, "params": {"gamma": 394.1204687977465, "log10_alpha": -1.3144826479356442, "log10_colsample_bytree": -0.4394910000661775, "log10_eta": -3.5433419708918605, "log10_lambda": -3.47514061757209, "log10_min_child_weight": 0.6156929837388703, "log10_subsample": -0.8276665143808349, "max_depth": 6.0, "num_boost_round": 10.0}, "datetime": {"datetime": "2024-01-19 01:35:00", "elapsed": 4989.912095, "delta": 0.005958}}
{"target": -17.677046599689902, "params": {"gamma": 394.1204687977465, "log10_alpha": -1.3144826479356442, "log10_colsample_bytree": -0.4394910000661775, "log10_eta": -3.5433419708918605, "log10_lambda": -3.47514061757209, "log10_min_child_weight": 0.6156929837388703, "log10_subsample": -0.8276665143808349, "max_depth": 6.0, "num_boost_round": 11.0}, "datetime": {"datetime": "2024-01-19 01:35:00", "elapsed": 4989.917969, "delta": 0.005874}}
{"target": -17.6770369877888, "params": {"gamma": 394.1204687977465, "log10_alpha": -1.3144826479356442, "log10_colsample_bytree": -0.4394910000661775, "log10_eta": -3.5433419708918605, "log10_lambda": -3.47514061757209, "log10_min_child_weight": 0.6156929837388703, "log10_subsample": -0.8276665143808349, "max_depth": 6.0, "num_boost_round": 12.0}, "datetime": {"datetime": "2024-01-19 01:35:00", "elapsed": 4989.923803, "delta": 0.005834}}
