{"target": -13.758536345991944, "params": {"gamma": 598.7070781954404, "log10_alpha": 0.4048590334985029, "log10_colsample_bytree": -1.0, "log10_eta": -4.0, "log10_lambda": 1.0, "log10_min_child_weight": 0.0, "log10_subsample": 0.0, "max_depth": 6.0, "num_boost_round": 3.0}, "datetime": {"datetime": "2024-01-19 01:53:01", "elapsed": 6033.946671, "delta": 0.005772}}
{"target": -13.758535465546506, "params": {"gamma": 598.7070781954404, "log10_alpha": 0.4048590334985029, "log10_colsample_bytree": -1.0, "log10_eta": -4.0, "log10_lambda": 1.0, "log10_min_child_weight": 0.0, "log10_subsample": 0.0, "max_depth": 6.0, "num_boost_round": 4.0}, "datetime": {"datetime": "2024-01-19 01:53:01", "elapsed": 6033.952471, "delta": 0.0058}}
{"target": -13.758534588482101, "params": {"gamma": 598.7070781954404, "log10_alpha": 0.4048590334985029, "log10_colsample_bytree": -1.0, "log10_eta": -4.0, "log10_lambda": 1.0, "log10_min_child_weight": 0.0, "log10_subsample": 0.0, "max_depth": 6.0, "num_boost_round": 5.0}, "datetime": {"datetime": "2024-01-19 01:53:01", "elapsed": 6033.95806, "delta": 0.005589}}
{"target": -13.758535264735107, "params": {"gamma": 598.7070781954404, "log10_alpha": 0.4048590334985029, "log10_colsample_bytree": -1.0, "log10_eta": -4.0, "log10_lambda": 1.0, "log10_min_child_weight": 0.0, "log10_subsample": 0.0, "max_depth": 6.0, "num_boost_round": 6.0}, "datetime": {"datetime": "2024-01-19 01:53:01", "elapsed": 6033.96345, "delta": 0.00539}}
{"target": -13.758533460436347, "params": {"gamma": 598.7070781954404, "log10_alpha": 0.4048590334985029, "log10_colsample_bytree": -1.0, "log10_eta": -4.0, "log10_lambda": 1.0, "log10_min_child_weight": 0.0, "log10_subsample": 0.0, "max_depth": 6.0, "num_boost_round": 7.0}, "datetime": {"datetime": "2024-01-19 01:53:01", "elapsed": 6033.969111, "delta": 0.005661}}
{"target": -13.758531511325442, "params": {"gamma": 598.7070781954404, "log10_alpha": 0.4048590334985029, "log10_colsample_bytree": -1.0, "log10_eta": -4.0, "log10_lambda": 1.0, "log10_min_child_weight": 0.0, "log10_subsample": 0.0, "max_depth": 6.0, "num_boost_round": 8.0}, "datetime": {"datetime": "2024-01-19 01:53:01", "elapsed": 6033.9751, "delta": 0.005989}}
{"target": -13.75853096025687, "params": {"gamma": 598.7070781954404, "log10_alpha": 0.4048590334985029, "log10_colsample_bytree": -1.0, "log10_eta": -4.0, "log10_lambda": 1.0, "log10_min_child_weight": 0.0, "log10_subsample": 0.0, "max_depth": 6.0, "num_boost_round": 9.0}, "datetime": {"datetime": "2024-01-19 01:53:01", "elapsed": 6033.980885, "delta": 0.005785}}
{"target": -13.758531381287284, "params": {"gamma": 598.7070781954404, "log10_alpha": 0.4048590334985029, "log10_colsample_bytree": -1.0, "log10_eta": -4.0, "log10_lambda": 1.0, "log10_min_child_weight": 0.0, "log10_subsample": 0.0, "max_depth": 6.0, "num_boost_round": 10.0}, "datetime": {"datetime": "2024-01-19 01:53:01", "elapsed": 6033.987266, "delta": 0.006381}}
{"target": -13.75853201538677, "params": {"gamma": 598.7070781954404, "log10_alpha": 0.4048590334985029, "log10_colsample_bytree": -1.0, "log10_eta": -4.0, "log10_lambda": 1.0, "log10_min_child_weight": 0.0, "log10_subsample": 0.0, "max_depth": 6.0, "num_boost_round": 11.0}, "datetime": {"datetime": "2024-01-19 01:53:01", "elapsed": 6033.993424, "delta": 0.006158}}
{"target": -13.758528347346925, "params": {"gamma": 598.7070781954404, "log10_alpha": 0.4048590334985029, "log10_colsample_bytree": -1.0, "log10_eta": -4.0, "log10_lambda": 1.0, "log10_min_child_weight": 0.0, "log10_subsample": 0.0, "max_depth": 6.0, "num_boost_round": 12.0}, "datetime": {"datetime": "2024-01-19 01:53:01", "elapsed": 6033.999326, "delta": 0.005902}}
{"target": -13.758526546531126, "params": {"gamma": 598.7070781954404, "log10_alpha": 0.4048590334985029, "log10_colsample_bytree": -1.0, "log10_eta": -4.0, "log10_lambda": 1.0, "log10_min_child_weight": 0.0, "log10_subsample": 0.0, "max_depth": 6.0, "num_boost_round": 13.0}, "datetime": {"datetime": "2024-01-19 01:53:01", "elapsed": 6034.005224, "delta": 0.005898}}
{"target": -13.758520386114645, "params": {"gamma": 598.7070781954404, "log10_alpha": 0.4048590334985029, "log10_colsample_bytree": -1.0, "log10_eta": -4.0, "log10_lambda": 1.0, "log10_min_child_weight": 0.0, "log10_subsample": 0.0, "max_depth": 6.0, "num_boost_round": 14.0}, "datetime": {"datetime": "2024-01-19 01:53:01", "elapsed": 6034.128873, "delta": 0.123649}}
{"target": -13.758518126901953, "params": {"gamma": 598.7070781954404, "log10_alpha": 0.4048590334985029, "log10_colsample_bytree": -1.0, "log10_eta": -4.0, "log10_lambda": 1.0, "log10_min_child_weight": 0.0, "log10_subsample": 0.0, "max_depth": 6.0, "num_boost_round": 15.0}, "datetime": {"datetime": "2024-01-19 01:53:01", "elapsed": 6034.135476, "delta": 0.006603}}
{"target": -13.758517805421697, "params": {"gamma": 598.7070781954404, "log10_alpha": 0.4048590334985029, "log10_colsample_bytree": -1.0, "log10_eta": -4.0, "log10_lambda": 1.0, "log10_min_child_weight": 0.0, "log10_subsample": 0.0, "max_depth": 6.0, "num_boost_round": 16.0}, "datetime": {"datetime": "2024-01-19 01:53:01", "elapsed": 6034.141393, "delta": 0.005917}}
{"target": -13.758516085782073, "params": {"gamma": 598.7070781954404, "log10_alpha": 0.4048590334985029, "log10_colsample_bytree": -1.0, "log10_eta": -4.0, "log10_lambda": 1.0, "log10_min_child_weight": 0.0, "log10_subsample": 0.0, "max_depth": 6.0, "num_boost_round": 17.0}, "datetime": {"datetime": "2024-01-19 01:53:01", "elapsed": 6034.14688, "delta": 0.005487}}
{"target": -13.758533734544791, "params": {"gamma": 558.4247827386563, "log10_alpha": -0.5445872006433028, "log10_colsample_bytree": -0.8462551340578932, "log10_eta": -3.89472651185303, "log10_lambda": 0.13610720587334146, "log10_min_child_weight": 0.3216823600448504, "log10_subsample": -0.7254930853810428, "max_depth": 7.0, "num_boost_round": 0.0}, "datetime": {"datetime": "2024-01-19 01:54:23", "elapsed": 6115.668754, "delta": 81.521874}}
{"target": -13.758535769196437, "params": {"gamma": 558.4247827386563, "log10_alpha": -0.5445872006433028, "log10_colsample_bytree": -0.8462551340578932, "log10_eta": -3.89472651185303, "log10_lambda": 0.13610720587334146, "log10_min_child_weight": 0.3216823600448504, "log10_subsample": -0.7254930853810428, "max_depth": 7.0, "num_boost_round": 1.0}, "datetime": {"datetime": "2024-01-19 01:54:23", "elapsed": 6115.675076, "delta": 0.006322}}
{"target": -13.75852907629445, "params": {"gamma": 558.4247827386563, "log10_alpha": -0.5445872006433028, "log10_colsample_bytree": -0.8462551340578932, "log10_eta": -3.89472651185303, "log10_lambda": 0.13610720587334146, "log10_min_child_weight": 0.3216823600448504, "log10_subsample": -0.7254930853810428, "max_depth": 7.0, "num_boost_round": 2.0}, "datetime": {"datetime": "2024-01-19 01:54:23", "elapsed": 6115.680976, "delta": 0.0059}}
{"target": -13.75852897123268, "params": {"gamma": 558.4247827386563, "log10_alpha": -0.5445872006433028, "log10_colsample_bytree": -0.8462551340578932, "log10_eta": -3.89472651185303, "log10_lambda": 0.13610720587334146, "log10_min_child_weight": 0.3216823600448504, "log10_subsample": -0.7254930853810428, "max_depth": 7.0, "num_boost_round": 3.0}, "datetime": {"datetime": "2024-01-19 01:54:23", "elapsed": 6115.686516, "delta": 0.00554}}
{"target": -13.758527598320413, "params": {"gamma": 558.4247827386563, "log10_alpha": -0.5445872006433028, "log10_colsample_bytree": -0.8462551340578932, "log10_eta": -3.89472651185303, "log10_lambda": 0.13610720587334146, "log10_min_child_weight": 0.3216823600448504, "log10_subsample": -0.7254930853810428, "max_depth": 7.0, "num_boost_round": 4.0}, "datetime": {"datetime": "2024-01-19 01:54:23", "elapsed": 6115.691918, "delta": 0.005402}}
{"target": -13.758529267377682, "params": {"gamma": 558.4247827386563, "log10_alpha": -0.5445872006433028, "log10_colsample_bytree": -0.8462551340578932, "log10_eta": -3.89472651185303, "log10_lambda": 0.13610720587334146, "log10_min_child_weight": 0.3216823600448504, "log10_subsample": -0.7254930853810428, "max_depth": 7.0, "num_boost_round": 5.0}, "datetime": {"datetime": "2024-01-19 01:54:23", "elapsed": 6115.697373, "delta": 0.005455}}
{"target": -13.758531970075909, "params": {"gamma": 558.4247827386563, "log10_alpha": -0.5445872006433028, "log10_colsample_bytree": -0.8462551340578932, "log10_eta": -3.89472651185303, "log10_lambda": 0.13610720587334146, "log10_min_child_weight": 0.3216823600448504, "log10_subsample": -0.7254930853810428, "max_depth": 7.0, "num_boost_round": 6.0}, "datetime": {"datetime": "2024-01-19 01:54:23", "elapsed": 6115.702943, "delta": 0.00557}}
{"target": -13.758530422275994, "params": {"gamma": 558.4247827386563, "log10_alpha": -0.5445872006433028, "log10_colsample_bytree": -0.8462551340578932, "log10_eta": -3.89472651185303, "log10_lambda": 0.13610720587334146, "log10_min_child_weight": 0.3216823600448504, "log10_subsample": -0.7254930853810428, "max_depth": 7.0, "num_boost_round": 7.0}, "datetime": {"datetime": "2024-01-19 01:54:23", "elapsed": 6115.708677, "delta": 0.005734}}
{"target": -13.758526050857249, "params": {"gamma": 558.4247827386563, "log10_alpha": -0.5445872006433028, "log10_colsample_bytree": -0.8462551340578932, "log10_eta": -3.89472651185303, "log10_lambda": 0.13610720587334146, "log10_min_child_weight": 0.3216823600448504, "log10_subsample": -0.7254930853810428, "max_depth": 7.0, "num_boost_round": 8.0}, "datetime": {"datetime": "2024-01-19 01:54:23", "elapsed": 6115.714582, "delta": 0.005905}}
{"target": -13.758525141280813, "params": {"gamma": 558.4247827386563, "log10_alpha": -0.5445872006433028, "log10_colsample_bytree": -0.8462551340578932, "log10_eta": -3.89472651185303, "log10_lambda": 0.13610720587334146, "log10_min_child_weight": 0.3216823600448504, "log10_subsample": -0.7254930853810428, "max_depth": 7.0, "num_boost_round": 9.0}, "datetime": {"datetime": "2024-01-19 01:54:23", "elapsed": 6115.720236, "delta": 0.005654}}
{"target": -13.758518345660036, "params": {"gamma": 558.4247827386563, "log10_alpha": -0.5445872006433028, "log10_colsample_bytree": -0.8462551340578932, "log10_eta": -3.89472651185303, "log10_lambda": 0.13610720587334146, "log10_min_child_weight": 0.3216823600448504, "log10_subsample": -0.7254930853810428, "max_depth": 7.0, "num_boost_round": 10.0}, "datetime": {"datetime": "2024-01-19 01:54:23", "elapsed": 6115.72576, "delta": 0.005524}}
{"target": -13.758519177685415, "params": {"gamma": 558.4247827386563, "log10_alpha": -0.5445872006433028, "log10_colsample_bytree": -0.8462551340578932, "log10_eta": -3.89472651185303, "log10_lambda": 0.13610720587334146, "log10_min_child_weight": 0.3216823600448504, "log10_subsample": -0.7254930853810428, "max_depth": 7.0, "num_boost_round": 11.0}, "datetime": {"datetime": "2024-01-19 01:54:23", "elapsed": 6115.731241, "delta": 0.005481}}
{"target": -13.758518278529703, "params": {"gamma": 558.4247827386563, "log10_alpha": -0.5445872006433028, "log10_colsample_bytree": -0.8462551340578932, "log10_eta": -3.89472651185303, "log10_lambda": 0.13610720587334146, "log10_min_child_weight": 0.3216823600448504, "log10_subsample": -0.7254930853810428, "max_depth": 7.0, "num_boost_round": 12.0}, "datetime": {"datetime": "2024-01-19 01:54:23", "elapsed": 6115.736685, "delta": 0.005444}}
{"target": -13.75851337441291, "params": {"gamma": 558.4247827386563, "log10_alpha": -0.5445872006433028, "log10_colsample_bytree": -0.8462551340578932, "log10_eta": -3.89472651185303, "log10_lambda": 0.13610720587334146, "log10_min_child_weight": 0.3216823600448504, "log10_subsample": -0.7254930853810428, "max_depth": 7.0, "num_boost_round": 13.0}, "datetime": {"datetime": "2024-01-19 01:54:23", "elapsed": 6115.742334, "delta": 0.005649}}
{"target": -13.758512816000671, "params": {"gamma": 558.4247827386563, "log10_alpha": -0.5445872006433028, "log10_colsample_bytree": -0.8462551340578932, "log10_eta": -3.89472651185303, "log10_lambda": 0.13610720587334146, "log10_min_child_weight": 0.3216823600448504, "log10_subsample": -0.7254930853810428, "max_depth": 7.0, "num_boost_round": 14.0}, "datetime": {"datetime": "2024-01-19 01:54:23", "elapsed": 6115.747983, "delta": 0.005649}}
{"target": -13.75850784321994, "params": {"gamma": 558.4247827386563, "log10_alpha": -0.5445872006433028, "log10_colsample_bytree": -0.8462551340578932, "log10_eta": -3.89472651185303, "log10_lambda": 0.13610720587334146, "log10_min_child_weight": 0.3216823600448504, "log10_subsample": -0.7254930853810428, "max_depth": 7.0, "num_boost_round": 15.0}, "datetime": {"datetime": "2024-01-19 01:54:23", "elapsed": 6115.75347, "delta": 0.005487}}
{"target": -13.758509867017658, "params": {"gamma": 558.4247827386563, "log10_alpha": -0.5445872006433028, "log10_colsample_bytree": -0.8462551340578932, "log10_eta": -3.89472651185303, "log10_lambda": 0.13610720587334146, "log10_min_child_weight": 0.3216823600448504, "log10_subsample": -0.7254930853810428, "max_depth": 7.0, "num_boost_round": 16.0}, "datetime": {"datetime": "2024-01-19 01:54:23", "elapsed": 6115.758935, "delta": 0.005465}}
{"target": -13.758500529287895, "params": {"gamma": 558.4247827386563, "log10_alpha": -0.5445872006433028, "log10_colsample_bytree": -0.8462551340578932, "log10_eta": -3.89472651185303, "log10_lambda": 0.13610720587334146, "log10_min_child_weight": 0.3216823600448504, "log10_subsample": -0.7254930853810428, "max_depth": 7.0, "num_boost_round": 17.0}, "datetime": {"datetime": "2024-01-19 01:54:23", "elapsed": 6115.7644, "delta": 0.005465}}
{"target": -13.758499313885054, "params": {"gamma": 558.4247827386563, "log10_alpha": -0.5445872006433028, "log10_colsample_bytree": -0.8462551340578932, "log10_eta": -3.89472651185303, "log10_lambda": 0.13610720587334146, "log10_min_child_weight": 0.3216823600448504, "log10_subsample": -0.7254930853810428, "max_depth": 7.0, "num_boost_round": 18.0}, "datetime": {"datetime": "2024-01-19 01:54:23", "elapsed": 6115.769822, "delta": 0.005422}}
{"target": -13.758505081559685, "params": {"gamma": 558.4247827386563, "log10_alpha": -0.5445872006433028, "log10_colsample_bytree": -0.8462551340578932, "log10_eta": -3.89472651185303, "log10_lambda": 0.13610720587334146, "log10_min_child_weight": 0.3216823600448504, "log10_subsample": -0.7254930853810428, "max_depth": 7.0, "num_boost_round": 19.0}, "datetime": {"datetime": "2024-01-19 01:54:23", "elapsed": 6115.7753, "delta": 0.005478}}
{"target": -13.758496977428656, "params": {"gamma": 558.4247827386563, "log10_alpha": -0.5445872006433028, "log10_colsample_bytree": -0.8462551340578932, "log10_eta": -3.89472651185303, "log10_lambda": 0.13610720587334146, "log10_min_child_weight": 0.3216823600448504, "log10_subsample": -0.7254930853810428, "max_depth": 7.0, "num_boost_round": 20.0}, "datetime": {"datetime": "2024-01-19 01:54:23", "elapsed": 6115.781008, "delta": 0.005708}}
{"target": -13.75849110285025, "params": {"gamma": 558.4247827386563, "log10_alpha": -0.5445872006433028, "log10_colsample_bytree": -0.8462551340578932, "log10_eta": -3.89472651185303, "log10_lambda": 0.13610720587334146, "log10_min_child_weight": 0.3216823600448504, "log10_subsample": -0.7254930853810428, "max_depth": 7.0, "num_boost_round": 21.0}, "datetime": {"datetime": "2024-01-19 01:54:23", "elapsed": 6115.787706, "delta": 0.006698}}
{"target": -13.758485657238907, "params": {"gamma": 558.4247827386563, "log10_alpha": -0.5445872006433028, "log10_colsample_bytree": -0.8462551340578932, "log10_eta": -3.89472651185303, "log10_lambda": 0.13610720587334146, "log10_min_child_weight": 0.3216823600448504, "log10_subsample": -0.7254930853810428, "max_depth": 7.0, "num_boost_round": 22.0}, "datetime": {"datetime": "2024-01-19 01:54:23", "elapsed": 6115.794502, "delta": 0.006796}}
{"target": -13.758479098759635, "params": {"gamma": 558.4247827386563, "log10_alpha": -0.5445872006433028, "log10_colsample_bytree": -0.8462551340578932, "log10_eta": -3.89472651185303, "log10_lambda": 0.13610720587334146, "log10_min_child_weight": 0.3216823600448504, "log10_subsample": -0.7254930853810428, "max_depth": 7.0, "num_boost_round": 23.0}, "datetime": {"datetime": "2024-01-19 01:54:23", "elapsed": 6115.801031, "delta": 0.006529}}
{"target": -13.758484149640696, "params": {"gamma": 558.4247827386563, "log10_alpha": -0.5445872006433028, "log10_colsample_bytree": -0.8462551340578932, "log10_eta": -3.89472651185303, "log10_lambda": 0.13610720587334146, "log10_min_child_weight": 0.3216823600448504, "log10_subsample": -0.7254930853810428, "max_depth": 7.0, "num_boost_round": 24.0}, "datetime": {"datetime": "2024-01-19 01:54:23", "elapsed": 6115.80679, "delta": 0.005759}}
{"target": -13.75848070107835, "params": {"gamma": 558.4247827386563, "log10_alpha": -0.5445872006433028, "log10_colsample_bytree": -0.8462551340578932, "log10_eta": -3.89472651185303, "log10_lambda": 0.13610720587334146, "log10_min_child_weight": 0.3216823600448504, "log10_subsample": -0.7254930853810428, "max_depth": 7.0, "num_boost_round": 25.0}, "datetime": {"datetime": "2024-01-19 01:54:23", "elapsed": 6115.812551, "delta": 0.005761}}
{"target": -13.75847921901522, "params": {"gamma": 558.4247827386563, "log10_alpha": -0.5445872006433028, "log10_colsample_bytree": -0.8462551340578932, "log10_eta": -3.89472651185303, "log10_lambda": 0.13610720587334146, "log10_min_child_weight": 0.3216823600448504, "log10_subsample": -0.7254930853810428, "max_depth": 7.0, "num_boost_round": 26.0}, "datetime": {"datetime": "2024-01-19 01:54:23", "elapsed": 6115.818598, "delta": 0.006047}}
{"target": -13.758473995658163, "params": {"gamma": 558.4247827386563, "log10_alpha": -0.5445872006433028, "log10_colsample_bytree": -0.8462551340578932, "log10_eta": -3.89472651185303, "log10_lambda": 0.13610720587334146, "log10_min_child_weight": 0.3216823600448504, "log10_subsample": -0.7254930853810428, "max_depth": 7.0, "num_boost_round": 27.0}, "datetime": {"datetime": "2024-01-19 01:54:23", "elapsed": 6115.824137, "delta": 0.005539}}
{"target": -13.758472408971668, "params": {"gamma": 558.4247827386563, "log10_alpha": -0.5445872006433028, "log10_colsample_bytree": -0.8462551340578932, "log10_eta": -3.89472651185303, "log10_lambda": 0.13610720587334146, "log10_min_child_weight": 0.3216823600448504, "log10_subsample": -0.7254930853810428, "max_depth": 7.0, "num_boost_round": 28.0}, "datetime": {"datetime": "2024-01-19 01:54:23", "elapsed": 6115.829564, "delta": 0.005427}}
{"target": -13.758528313899308, "params": {"gamma": 551.4596358799948, "log10_alpha": 0.07964081583472193, "log10_colsample_bytree": -0.21035874625649753, "log10_eta": -2.633163608986678, "log10_lambda": -3.6318915399128113, "log10_min_child_weight": 4.537723794281391, "log10_subsample": -0.8955383048136764, "max_depth": 9.0, "num_boost_round": 0.0}, "datetime": {"datetime": "2024-01-19 01:55:35", "elapsed": 6188.105634, "delta": 72.27607}}
{"target": -13.758527025050117, "params": {"gamma": 551.4596358799948, "log10_alpha": 0.07964081583472193, "log10_colsample_bytree": -0.21035874625649753, "log10_eta": -2.633163608986678, "log10_lambda": -3.6318915399128113, "log10_min_child_weight": 4.537723794281391, "log10_subsample": -0.8955383048136764, "max_depth": 9.0, "num_boost_round": 1.0}, "datetime": {"datetime": "2024-01-19 01:55:35", "elapsed": 6188.111671, "delta": 0.006037}}
{"target": -13.758525714990483, "params": {"gamma": 551.4596358799948, "log10_alpha": 0.07964081583472193, "log10_colsample_bytree": -0.21035874625649753, "log10_eta": -2.633163608986678, "log10_lambda": -3.6318915399128113, "log10_min_child_weight": 4.537723794281391, "log10_subsample": -0.8955383048136764, "max_depth": 9.0, "num_boost_round": 2.0}, "datetime": {"datetime": "2024-01-19 01:55:35", "elapsed": 6188.117306, "delta": 0.005635}}
{"target": -13.758516308847701, "params": {"gamma": 551.4596358799948, "log10_alpha": 0.07964081583472193, "log10_colsample_bytree": -0.21035874625649753, "log10_eta": -2.633163608986678, "log10_lambda": -3.6318915399128113, "log10_min_child_weight": 4.537723794281391, "log10_subsample": -0.8955383048136764, "max_depth": 9.0, "num_boost_round": 3.0}, "datetime": {"datetime": "2024-01-19 01:55:35", "elapsed": 6188.122723, "delta": 0.005417}}
{"target": -13.758511043042867, "params": {"gamma": 551.4596358799948, "log10_alpha": 0.07964081583472193, "log10_colsample_bytree": -0.21035874625649753, "log10_eta": -2.633163608986678, "log10_lambda": -3.6318915399128113, "log10_min_child_weight": 4.537723794281391, "log10_subsample": -0.8955383048136764, "max_depth": 9.0, "num_boost_round": 4.0}, "datetime": {"datetime": "2024-01-19 01:55:35", "elapsed": 6188.128144, "delta": 0.005421}}
{"target": -13.758497705020858, "params": {"gamma": 551.4596358799948, "log10_alpha": 0.07964081583472193, "log10_colsample_bytree": -0.21035874625649753, "log10_eta": -2.633163608986678, "log10_lambda": -3.6318915399128113, "log10_min_child_weight": 4.537723794281391, "log10_subsample": -0.8955383048136764, "max_depth": 9.0, "num_boost_round": 5.0}, "datetime": {"datetime": "2024-01-19 01:55:35", "elapsed": 6188.13389, "delta": 0.005746}}
{"target": -13.758482018579455, "params": {"gamma": 551.4596358799948, "log10_alpha": 0.07964081583472193, "log10_colsample_bytree": -0.21035874625649753, "log10_eta": -2.633163608986678, "log10_lambda": -3.6318915399128113, "log10_min_child_weight": 4.537723794281391, "log10_subsample": -0.8955383048136764, "max_depth": 9.0, "num_boost_round": 6.0}, "datetime": {"datetime": "2024-01-19 01:55:35", "elapsed": 6188.139399, "delta": 0.005509}}
{"target": -13.758483184527394, "params": {"gamma": 551.4596358799948, "log10_alpha": 0.07964081583472193, "log10_colsample_bytree": -0.21035874625649753, "log10_eta": -2.633163608986678, "log10_lambda": -3.6318915399128113, "log10_min_child_weight": 4.537723794281391, "log10_subsample": -0.8955383048136764, "max_depth": 9.0, "num_boost_round": 7.0}, "datetime": {"datetime": "2024-01-19 01:55:35", "elapsed": 6188.144815, "delta": 0.005416}}
