{"target": -13.758159583323884, "params": {"gamma": 942.4580068042183, "log10_alpha": -0.3137784066922533, "log10_colsample_bytree": -0.7610157196710249, "log10_eta": -1.6992596667394402, "log10_lambda": -3.9106250661558737, "log10_min_child_weight": 3.747840581202727, "log10_subsample": -0.7993975186526973, "max_depth": 8.0, "num_boost_round": 27.0}, "datetime": {"datetime": "2024-01-19 00:51:09", "elapsed": 2370.396901, "delta": 0.003175}}
{"target": -13.758122241501317, "params": {"gamma": 942.4580068042183, "log10_alpha": -0.3137784066922533, "log10_colsample_bytree": -0.7610157196710249, "log10_eta": -1.6992596667394402, "log10_lambda": -3.9106250661558737, "log10_min_child_weight": 3.747840581202727, "log10_subsample": -0.7993975186526973, "max_depth": 8.0, "num_boost_round": 28.0}, "datetime": {"datetime": "2024-01-19 00:51:09", "elapsed": 2370.400129, "delta": 0.003228}}
{"target": -13.758099948464862, "params": {"gamma": 942.4580068042183, "log10_alpha": -0.3137784066922533, "log10_colsample_bytree": -0.7610157196710249, "log10_eta": -1.6992596667394402, "log10_lambda": -3.9106250661558737, "log10_min_child_weight": 3.747840581202727, "log10_subsample": -0.7993975186526973, "max_depth": 8.0, "num_boost_round": 29.0}, "datetime": {"datetime": "2024-01-19 00:51:09", "elapsed": 2370.403991, "delta": 0.003862}}
{"target": -13.757889747109093, "params": {"gamma": 942.4580068042183, "log10_alpha": -0.3137784066922533, "log10_colsample_bytree": -0.7610157196710249, "log10_eta": -1.6992596667394402, "log10_lambda": -3.9106250661558737, "log10_min_child_weight": 3.747840581202727, "log10_subsample": -0.7993975186526973, "max_depth": 8.0, "num_boost_round": 30.0}, "datetime": {"datetime": "2024-01-19 00:51:09", "elapsed": 2370.408105, "delta": 0.004114}}
{"target": -13.758291236246052, "params": {"gamma": 942.4580068042183, "log10_alpha": -0.3137784066922533, "log10_colsample_bytree": -0.7610157196710249, "log10_eta": -1.6992596667394402, "log10_lambda": -3.9106250661558737, "log10_min_child_weight": 3.747840581202727, "log10_subsample": -0.7993975186526973, "max_depth": 8.0, "num_boost_round": 31.0}, "datetime": {"datetime": "2024-01-19 00:51:09", "elapsed": 2370.411924, "delta": 0.003819}}
{"target": -13.758570833149024, "params": {"gamma": 942.4580068042183, "log10_alpha": -0.3137784066922533, "log10_colsample_bytree": -0.7610157196710249, "log10_eta": -1.6992596667394402, "log10_lambda": -3.9106250661558737, "log10_min_child_weight": 3.747840581202727, "log10_subsample": -0.7993975186526973, "max_depth": 8.0, "num_boost_round": 32.0}, "datetime": {"datetime": "2024-01-19 00:51:09", "elapsed": 2370.415327, "delta": 0.003403}}
{"target": -13.758578528305256, "params": {"gamma": 942.4580068042183, "log10_alpha": -0.3137784066922533, "log10_colsample_bytree": -0.7610157196710249, "log10_eta": -1.6992596667394402, "log10_lambda": -3.9106250661558737, "log10_min_child_weight": 3.747840581202727, "log10_subsample": -0.7993975186526973, "max_depth": 8.0, "num_boost_round": 33.0}, "datetime": {"datetime": "2024-01-19 00:51:09", "elapsed": 2370.418564, "delta": 0.003237}}
{"target": -13.758660288436761, "params": {"gamma": 942.4580068042183, "log10_alpha": -0.3137784066922533, "log10_colsample_bytree": -0.7610157196710249, "log10_eta": -1.6992596667394402, "log10_lambda": -3.9106250661558737, "log10_min_child_weight": 3.747840581202727, "log10_subsample": -0.7993975186526973, "max_depth": 8.0, "num_boost_round": 34.0}, "datetime": {"datetime": "2024-01-19 00:51:09", "elapsed": 2370.421834, "delta": 0.00327}}
{"target": -13.758860442116763, "params": {"gamma": 942.4580068042183, "log10_alpha": -0.3137784066922533, "log10_colsample_bytree": -0.7610157196710249, "log10_eta": -1.6992596667394402, "log10_lambda": -3.9106250661558737, "log10_min_child_weight": 3.747840581202727, "log10_subsample": -0.7993975186526973, "max_depth": 8.0, "num_boost_round": 35.0}, "datetime": {"datetime": "2024-01-19 00:51:09", "elapsed": 2370.425094, "delta": 0.00326}}
{"target": -13.758909286916056, "params": {"gamma": 942.4580068042183, "log10_alpha": -0.3137784066922533, "log10_colsample_bytree": -0.7610157196710249, "log10_eta": -1.6992596667394402, "log10_lambda": -3.9106250661558737, "log10_min_child_weight": 3.747840581202727, "log10_subsample": -0.7993975186526973, "max_depth": 8.0, "num_boost_round": 36.0}, "datetime": {"datetime": "2024-01-19 00:51:09", "elapsed": 2370.42832, "delta": 0.003226}}
{"target": -13.759054678839023, "params": {"gamma": 942.4580068042183, "log10_alpha": -0.3137784066922533, "log10_colsample_bytree": -0.7610157196710249, "log10_eta": -1.6992596667394402, "log10_lambda": -3.9106250661558737, "log10_min_child_weight": 3.747840581202727, "log10_subsample": -0.7993975186526973, "max_depth": 8.0, "num_boost_round": 37.0}, "datetime": {"datetime": "2024-01-19 00:51:09", "elapsed": 2370.431479, "delta": 0.003159}}
{"target": -13.7590890759789, "params": {"gamma": 942.4580068042183, "log10_alpha": -0.3137784066922533, "log10_colsample_bytree": -0.7610157196710249, "log10_eta": -1.6992596667394402, "log10_lambda": -3.9106250661558737, "log10_min_child_weight": 3.747840581202727, "log10_subsample": -0.7993975186526973, "max_depth": 8.0, "num_boost_round": 38.0}, "datetime": {"datetime": "2024-01-19 00:51:09", "elapsed": 2370.434692, "delta": 0.003213}}
{"target": -13.759363423976101, "params": {"gamma": 942.4580068042183, "log10_alpha": -0.3137784066922533, "log10_colsample_bytree": -0.7610157196710249, "log10_eta": -1.6992596667394402, "log10_lambda": -3.9106250661558737, "log10_min_child_weight": 3.747840581202727, "log10_subsample": -0.7993975186526973, "max_depth": 8.0, "num_boost_round": 39.0}, "datetime": {"datetime": "2024-01-19 00:51:09", "elapsed": 2370.437918, "delta": 0.003226}}
{"target": -13.759541274101792, "params": {"gamma": 942.4580068042183, "log10_alpha": -0.3137784066922533, "log10_colsample_bytree": -0.7610157196710249, "log10_eta": -1.6992596667394402, "log10_lambda": -3.9106250661558737, "log10_min_child_weight": 3.747840581202727, "log10_subsample": -0.7993975186526973, "max_depth": 8.0, "num_boost_round": 40.0}, "datetime": {"datetime": "2024-01-19 00:51:09", "elapsed": 2370.441193, "delta": 0.003275}}
{"target": -13.759491397252216, "params": {"gamma": 942.4580068042183, "log10_alpha": -0.3137784066922533, "log10_colsample_bytree": -0.7610157196710249, "log10_eta": -1.6992596667394402, "log10_lambda": -3.9106250661558737, "log10_min_child_weight": 3.747840581202727, "log10_subsample": -0.7993975186526973, "max_depth": 8.0, "num_boost_round": 41.0}, "datetime": {"datetime": "2024-01-19 00:51:09", "elapsed": 2370.44444, "delta": 0.003247}}
{"target": -13.759740986025227, "params": {"gamma": 942.4580068042183, "log10_alpha": -0.3137784066922533, "log10_colsample_bytree": -0.7610157196710249, "log10_eta": -1.6992596667394402, "log10_lambda": -3.9106250661558737, "log10_min_child_weight": 3.747840581202727, "log10_subsample": -0.7993975186526973, "max_depth": 8.0, "num_boost_round": 42.0}, "datetime": {"datetime": "2024-01-19 00:51:09", "elapsed": 2370.447708, "delta": 0.003268}}
{"target": -13.759820877757976, "params": {"gamma": 942.4580068042183, "log10_alpha": -0.3137784066922533, "log10_colsample_bytree": -0.7610157196710249, "log10_eta": -1.6992596667394402, "log10_lambda": -3.9106250661558737, "log10_min_child_weight": 3.747840581202727, "log10_subsample": -0.7993975186526973, "max_depth": 8.0, "num_boost_round": 43.0}, "datetime": {"datetime": "2024-01-19 00:51:09", "elapsed": 2370.450925, "delta": 0.003217}}
{"target": -13.758536214177102, "params": {"gamma": 941.3893269016532, "log10_alpha": 0.6129470525725171, "log10_colsample_bytree": -0.7203815785393368, "log10_eta": -3.05850309472124, "log10_lambda": -4.496954804883391, "log10_min_child_weight": 4.610229003686483, "log10_subsample": -0.5935496604494537, "max_depth": 7.0, "num_boost_round": 0.0}, "datetime": {"datetime": "2024-01-19 00:51:45", "elapsed": 2406.738067, "delta": 36.287142}}
{"target": -13.758539723228246, "params": {"gamma": 941.3893269016532, "log10_alpha": 0.6129470525725171, "log10_colsample_bytree": -0.7203815785393368, "log10_eta": -3.05850309472124, "log10_lambda": -4.496954804883391, "log10_min_child_weight": 4.610229003686483, "log10_subsample": -0.5935496604494537, "max_depth": 7.0, "num_boost_round": 1.0}, "datetime": {"datetime": "2024-01-19 00:51:45", "elapsed": 2406.742208, "delta": 0.004141}}
{"target": -13.758536047239543, "params": {"gamma": 941.3893269016532, "log10_alpha": 0.6129470525725171, "log10_colsample_bytree": -0.7203815785393368, "log10_eta": -3.05850309472124, "log10_lambda": -4.496954804883391, "log10_min_child_weight": 4.610229003686483, "log10_subsample": -0.5935496604494537, "max_depth": 7.0, "num_boost_round": 2.0}, "datetime": {"datetime": "2024-01-19 00:51:45", "elapsed": 2406.745503, "delta": 0.003295}}
{"target": -13.758533514973196, "params": {"gamma": 941.3893269016532, "log10_alpha": 0.6129470525725171, "log10_colsample_bytree": -0.7203815785393368, "log10_eta": -3.05850309472124, "log10_lambda": -4.496954804883391, "log10_min_child_weight": 4.610229003686483, "log10_subsample": -0.5935496604494537, "max_depth": 7.0, "num_boost_round": 3.0}, "datetime": {"datetime": "2024-01-19 00:51:45", "elapsed": 2406.74886, "delta": 0.003357}}
{"target": -13.758534929791931, "params": {"gamma": 941.3893269016532, "log10_alpha": 0.6129470525725171, "log10_colsample_bytree": -0.7203815785393368, "log10_eta": -3.05850309472124, "log10_lambda": -4.496954804883391, "log10_min_child_weight": 4.610229003686483, "log10_subsample": -0.5935496604494537, "max_depth": 7.0, "num_boost_round": 4.0}, "datetime": {"datetime": "2024-01-19 00:51:45", "elapsed": 2406.752033, "delta": 0.003173}}
{"target": -13.758533201378045, "params": {"gamma": 941.3893269016532, "log10_alpha": 0.6129470525725171, "log10_colsample_bytree": -0.7203815785393368, "log10_eta": -3.05850309472124, "log10_lambda": -4.496954804883391, "log10_min_child_weight": 4.610229003686483, "log10_subsample": -0.5935496604494537, "max_depth": 7.0, "num_boost_round": 5.0}, "datetime": {"datetime": "2024-01-19 00:51:45", "elapsed": 2406.755263, "delta": 0.00323}}
{"target": -13.758536251970185, "params": {"gamma": 941.3893269016532, "log10_alpha": 0.6129470525725171, "log10_colsample_bytree": -0.7203815785393368, "log10_eta": -3.05850309472124, "log10_lambda": -4.496954804883391, "log10_min_child_weight": 4.610229003686483, "log10_subsample": -0.5935496604494537, "max_depth": 7.0, "num_boost_round": 6.0}, "datetime": {"datetime": "2024-01-19 00:51:45", "elapsed": 2406.86327, "delta": 0.108007}}
{"target": -13.758533483238166, "params": {"gamma": 941.3893269016532, "log10_alpha": 0.6129470525725171, "log10_colsample_bytree": -0.7203815785393368, "log10_eta": -3.05850309472124, "log10_lambda": -4.496954804883391, "log10_min_child_weight": 4.610229003686483, "log10_subsample": -0.5935496604494537, "max_depth": 7.0, "num_boost_round": 7.0}, "datetime": {"datetime": "2024-01-19 00:51:45", "elapsed": 2406.867584, "delta": 0.004314}}
{"target": -13.758533431512742, "params": {"gamma": 941.3893269016532, "log10_alpha": 0.6129470525725171, "log10_colsample_bytree": -0.7203815785393368, "log10_eta": -3.05850309472124, "log10_lambda": -4.496954804883391, "log10_min_child_weight": 4.610229003686483, "log10_subsample": -0.5935496604494537, "max_depth": 7.0, "num_boost_round": 8.0}, "datetime": {"datetime": "2024-01-19 00:51:45", "elapsed": 2406.871613, "delta": 0.004029}}
{"target": -13.758529357471433, "params": {"gamma": 941.3893269016532, "log10_alpha": 0.6129470525725171, "log10_colsample_bytree": -0.7203815785393368, "log10_eta": -3.05850309472124, "log10_lambda": -4.496954804883391, "log10_min_child_weight": 4.610229003686483, "log10_subsample": -0.5935496604494537, "max_depth": 7.0, "num_boost_round": 9.0}, "datetime": {"datetime": "2024-01-19 00:51:45", "elapsed": 2406.87508, "delta": 0.003467}}
{"target": -13.75852258168437, "params": {"gamma": 941.3893269016532, "log10_alpha": 0.6129470525725171, "log10_colsample_bytree": -0.7203815785393368, "log10_eta": -3.05850309472124, "log10_lambda": -4.496954804883391, "log10_min_child_weight": 4.610229003686483, "log10_subsample": -0.5935496604494537, "max_depth": 7.0, "num_boost_round": 10.0}, "datetime": {"datetime": "2024-01-19 00:51:45", "elapsed": 2406.87853, "delta": 0.00345}}
{"target": -13.758513428963587, "params": {"gamma": 940.4821055900441, "log10_alpha": 0.3233068912414945, "log10_colsample_bytree": -0.6524127246966716, "log10_eta": -2.790563800433379, "log10_lambda": -1.2840969889646519, "log10_min_child_weight": 3.6255094500200507, "log10_subsample": -0.07087357296963148, "max_depth": 9.0, "num_boost_round": 0.0}, "datetime": {"datetime": "2024-01-19 00:52:15", "elapsed": 2436.472351, "delta": 29.593821}}
{"target": -13.758480318612666, "params": {"gamma": 940.4821055900441, "log10_alpha": 0.3233068912414945, "log10_colsample_bytree": -0.6524127246966716, "log10_eta": -2.790563800433379, "log10_lambda": -1.2840969889646519, "log10_min_child_weight": 3.6255094500200507, "log10_subsample": -0.07087357296963148, "max_depth": 9.0, "num_boost_round": 1.0}, "datetime": {"datetime": "2024-01-19 00:52:15", "elapsed": 2436.476127, "delta": 0.003776}}
{"target": -13.758432578268957, "params": {"gamma": 940.4821055900441, "log10_alpha": 0.3233068912414945, "log10_colsample_bytree": -0.6524127246966716, "log10_eta": -2.790563800433379, "log10_lambda": -1.2840969889646519, "log10_min_child_weight": 3.6255094500200507, "log10_subsample": -0.07087357296963148, "max_depth": 9.0, "num_boost_round": 2.0}, "datetime": {"datetime": "2024-01-19 00:52:15", "elapsed": 2436.47946, "delta": 0.003333}}
{"target": -13.758446910728457, "params": {"gamma": 940.4821055900441, "log10_alpha": 0.3233068912414945, "log10_colsample_bytree": -0.6524127246966716, "log10_eta": -2.790563800433379, "log10_lambda": -1.2840969889646519, "log10_min_child_weight": 3.6255094500200507, "log10_subsample": -0.07087357296963148, "max_depth": 9.0, "num_boost_round": 3.0}, "datetime": {"datetime": "2024-01-19 00:52:15", "elapsed": 2436.482727, "delta": 0.003267}}
{"target": -13.758397787701629, "params": {"gamma": 940.4821055900441, "log10_alpha": 0.3233068912414945, "log10_colsample_bytree": -0.6524127246966716, "log10_eta": -2.790563800433379, "log10_lambda": -1.2840969889646519, "log10_min_child_weight": 3.6255094500200507, "log10_subsample": -0.07087357296963148, "max_depth": 9.0, "num_boost_round": 4.0}, "datetime": {"datetime": "2024-01-19 00:52:15", "elapsed": 2436.486004, "delta": 0.003277}}
{"target": -13.75843179717862, "params": {"gamma": 940.4821055900441, "log10_alpha": 0.3233068912414945, "log10_colsample_bytree": -0.6524127246966716, "log10_eta": -2.790563800433379, "log10_lambda": -1.2840969889646519, "log10_min_child_weight": 3.6255094500200507, "log10_subsample": -0.07087357296963148, "max_depth": 9.0, "num_boost_round": 5.0}, "datetime": {"datetime": "2024-01-19 00:52:15", "elapsed": 2436.489313, "delta": 0.003309}}
{"target": -13.758398579090905, "params": {"gamma": 940.4821055900441, "log10_alpha": 0.3233068912414945, "log10_colsample_bytree": -0.6524127246966716, "log10_eta": -2.790563800433379, "log10_lambda": -1.2840969889646519, "log10_min_child_weight": 3.6255094500200507, "log10_subsample": -0.07087357296963148, "max_depth": 9.0, "num_boost_round": 6.0}, "datetime": {"datetime": "2024-01-19 00:52:15", "elapsed": 2436.492541, "delta": 0.003228}}
{"target": -13.75832384614825, "params": {"gamma": 940.4821055900441, "log10_alpha": 0.3233068912414945, "log10_colsample_bytree": -0.6524127246966716, "log10_eta": -2.790563800433379, "log10_lambda": -1.2840969889646519, "log10_min_child_weight": 3.6255094500200507, "log10_subsample": -0.07087357296963148, "max_depth": 9.0, "num_boost_round": 7.0}, "datetime": {"datetime": "2024-01-19 00:52:15", "elapsed": 2436.495997, "delta": 0.003456}}
{"target": -13.758296090095758, "params": {"gamma": 940.4821055900441, "log10_alpha": 0.3233068912414945, "log10_colsample_bytree": -0.6524127246966716, "log10_eta": -2.790563800433379, "log10_lambda": -1.2840969889646519, "log10_min_child_weight": 3.6255094500200507, "log10_subsample": -0.07087357296963148, "max_depth": 9.0, "num_boost_round": 8.0}, "datetime": {"datetime": "2024-01-19 00:52:15", "elapsed": 2436.499298, "delta": 0.003301}}
{"target": -13.758287274560908, "params": {"gamma": 940.4821055900441, "log10_alpha": 0.3233068912414945, "log10_colsample_bytree": -0.6524127246966716, "log10_eta": -2.790563800433379, "log10_lambda": -1.2840969889646519, "log10_min_child_weight": 3.6255094500200507, "log10_subsample": -0.07087357296963148, "max_depth": 9.0, "num_boost_round": 9.0}, "datetime": {"datetime": "2024-01-19 00:52:15", "elapsed": 2436.502516, "delta": 0.003218}}
{"target": -13.758250600143956, "params": {"gamma": 940.4821055900441, "log10_alpha": 0.3233068912414945, "log10_colsample_bytree": -0.6524127246966716, "log10_eta": -2.790563800433379, "log10_lambda": -1.2840969889646519, "log10_min_child_weight": 3.6255094500200507, "log10_subsample": -0.07087357296963148, "max_depth": 9.0, "num_boost_round": 10.0}, "datetime": {"datetime": "2024-01-19 00:52:15", "elapsed": 2436.505744, "delta": 0.003228}}
{"target": -13.758266614026745, "params": {"gamma": 940.4821055900441, "log10_alpha": 0.3233068912414945, "log10_colsample_bytree": -0.6524127246966716, "log10_eta": -2.790563800433379, "log10_lambda": -1.2840969889646519, "log10_min_child_weight": 3.6255094500200507, "log10_subsample": -0.07087357296963148, "max_depth": 9.0, "num_boost_round": 11.0}, "datetime": {"datetime": "2024-01-19 00:52:15", "elapsed": 2436.509141, "delta": 0.003397}}
{"target": -13.758239058882205, "params": {"gamma": 940.4821055900441, "log10_alpha": 0.3233068912414945, "log10_colsample_bytree": -0.6524127246966716, "log10_eta": -2.790563800433379, "log10_lambda": -1.2840969889646519, "log10_min_child_weight": 3.6255094500200507, "log10_subsample": -0.07087357296963148, "max_depth": 9.0, "num_boost_round": 12.0}, "datetime": {"datetime": "2024-01-19 00:52:15", "elapsed": 2436.512523, "delta": 0.003382}}
{"target": -13.758235149589417, "params": {"gamma": 940.4821055900441, "log10_alpha": 0.3233068912414945, "log10_colsample_bytree": -0.6524127246966716, "log10_eta": -2.790563800433379, "log10_lambda": -1.2840969889646519, "log10_min_child_weight": 3.6255094500200507, "log10_subsample": -0.07087357296963148, "max_depth": 9.0, "num_boost_round": 13.0}, "datetime": {"datetime": "2024-01-19 00:52:15", "elapsed": 2436.515746, "delta": 0.003223}}
{"target": -13.758217475088015, "params": {"gamma": 940.4821055900441, "log10_alpha": 0.3233068912414945, "log10_colsample_bytree": -0.6524127246966716, "log10_eta": -2.790563800433379, "log10_lambda": -1.2840969889646519, "log10_min_child_weight": 3.6255094500200507, "log10_subsample": -0.07087357296963148, "max_depth": 9.0, "num_boost_round": 14.0}, "datetime": {"datetime": "2024-01-19 00:52:15", "elapsed": 2436.519053, "delta": 0.003307}}
{"target": -13.758166970900591, "params": {"gamma": 940.4821055900441, "log10_alpha": 0.3233068912414945, "log10_colsample_bytree": -0.6524127246966716, "log10_eta": -2.790563800433379, "log10_lambda": -1.2840969889646519, "log10_min_child_weight": 3.6255094500200507, "log10_subsample": -0.07087357296963148, "max_depth": 9.0, "num_boost_round": 15.0}, "datetime": {"datetime": "2024-01-19 00:52:15", "elapsed": 2436.522296, "delta": 0.003243}}
{"target": -13.758148198002896, "params": {"gamma": 940.4821055900441, "log10_alpha": 0.3233068912414945, "log10_colsample_bytree": -0.6524127246966716, "log10_eta": -2.790563800433379, "log10_lambda": -1.2840969889646519, "log10_min_child_weight": 3.6255094500200507, "log10_subsample": -0.07087357296963148, "max_depth": 9.0, "num_boost_round": 16.0}, "datetime": {"datetime": "2024-01-19 00:52:15", "elapsed": 2436.525537, "delta": 0.003241}}
{"target": -13.758538217741775, "params": {"gamma": 941.8398045033007, "log10_alpha": -3.09275246800701, "log10_colsample_bytree": -0.09529214938557573, "log10_eta": -3.9891632628288973, "log10_lambda": -0.5444458206854588, "log10_min_child_weight": 4.914234059971195, "log10_subsample": -0.19747430414361156, "max_depth": 4.0, "num_boost_round": 0.0}, "datetime": {"datetime": "2024-01-19 00:53:02", "elapsed": 2483.781252, "delta": 47.255715}}
{"target": -13.758537963369054, "params": {"gamma": 941.8398045033007, "log10_alpha": -3.09275246800701, "log10_colsample_bytree": -0.09529214938557573, "log10_eta": -3.9891632628288973, "log10_lambda": -0.5444458206854588, "log10_min_child_weight": 4.914234059971195, "log10_subsample": -0.19747430414361156, "max_depth": 4.0, "num_boost_round": 1.0}, "datetime": {"datetime": "2024-01-19 00:53:02", "elapsed": 2483.785232, "delta": 0.00398}}
{"target": -13.758537932727922, "params": {"gamma": 941.8398045033007, "log10_alpha": -3.09275246800701, "log10_colsample_bytree": -0.09529214938557573, "log10_eta": -3.9891632628288973, "log10_lambda": -0.5444458206854588, "log10_min_child_weight": 4.914234059971195, "log10_subsample": -0.19747430414361156, "max_depth": 4.0, "num_boost_round": 2.0}, "datetime": {"datetime": "2024-01-19 00:53:02", "elapsed": 2483.788681, "delta": 0.003449}}
{"target": -13.758537897920744, "params": {"gamma": 941.8398045033007, "log10_alpha": -3.09275246800701, "log10_colsample_bytree": -0.09529214938557573, "log10_eta": -3.9891632628288973, "log10_lambda": -0.5444458206854588, "log10_min_child_weight": 4.914234059971195, "log10_subsample": -0.19747430414361156, "max_depth": 4.0, "num_boost_round": 3.0}, "datetime": {"datetime": "2024-01-19 00:53:02", "elapsed": 2483.792017, "delta": 0.003336}}
