{"target": -17.67717731057154, "params": {"gamma": 182.4384331379173, "log10_alpha": -4.130488714217821, "log10_colsample_bytree": -0.5637200223720514, "log10_eta": -3.880556618849901, "log10_lambda": -4.278467830686969, "log10_min_child_weight": 1.3986777868592382, "log10_subsample": -0.6521640717310297, "max_depth": 2.0, "num_boost_round": 20.0}, "datetime": {"datetime": "2024-01-19 00:20:33", "elapsed": 518.132924, "delta": 0.000815}}
{"target": -17.677173799475735, "params": {"gamma": 182.4384331379173, "log10_alpha": -4.130488714217821, "log10_colsample_bytree": -0.5637200223720514, "log10_eta": -3.880556618849901, "log10_lambda": -4.278467830686969, "log10_min_child_weight": 1.3986777868592382, "log10_subsample": -0.6521640717310297, "max_depth": 2.0, "num_boost_round": 21.0}, "datetime": {"datetime": "2024-01-19 00:20:33", "elapsed": 518.133751, "delta": 0.000827}}
{"target": -17.677171592489916, "params": {"gamma": 182.4384331379173, "log10_alpha": -4.130488714217821, "log10_colsample_bytree": -0.5637200223720514, "log10_eta": -3.880556618849901, "log10_lambda": -4.278467830686969, "log10_min_child_weight": 1.3986777868592382, "log10_subsample": -0.6521640717310297, "max_depth": 2.0, "num_boost_round": 22.0}, "datetime": {"datetime": "2024-01-19 00:20:33", "elapsed": 518.134592, "delta": 0.000841}}
{"target": -17.67716797817873, "params": {"gamma": 182.4384331379173, "log10_alpha": -4.130488714217821, "log10_colsample_bytree": -0.5637200223720514, "log10_eta": -3.880556618849901, "log10_lambda": -4.278467830686969, "log10_min_child_weight": 1.3986777868592382, "log10_subsample": -0.6521640717310297, "max_depth": 2.0, "num_boost_round": 23.0}, "datetime": {"datetime": "2024-01-19 00:20:33", "elapsed": 518.135417, "delta": 0.000825}}
{"target": -17.677166139041827, "params": {"gamma": 182.4384331379173, "log10_alpha": -4.130488714217821, "log10_colsample_bytree": -0.5637200223720514, "log10_eta": -3.880556618849901, "log10_lambda": -4.278467830686969, "log10_min_child_weight": 1.3986777868592382, "log10_subsample": -0.6521640717310297, "max_depth": 2.0, "num_boost_round": 24.0}, "datetime": {"datetime": "2024-01-19 00:20:33", "elapsed": 518.136229, "delta": 0.000812}}
{"target": -17.677164025207997, "params": {"gamma": 182.4384331379173, "log10_alpha": -4.130488714217821, "log10_colsample_bytree": -0.5637200223720514, "log10_eta": -3.880556618849901, "log10_lambda": -4.278467830686969, "log10_min_child_weight": 1.3986777868592382, "log10_subsample": -0.6521640717310297, "max_depth": 2.0, "num_boost_round": 25.0}, "datetime": {"datetime": "2024-01-19 00:20:33", "elapsed": 518.137043, "delta": 0.000814}}
{"target": -17.677161534112557, "params": {"gamma": 182.4384331379173, "log10_alpha": -4.130488714217821, "log10_colsample_bytree": -0.5637200223720514, "log10_eta": -3.880556618849901, "log10_lambda": -4.278467830686969, "log10_min_child_weight": 1.3986777868592382, "log10_subsample": -0.6521640717310297, "max_depth": 2.0, "num_boost_round": 26.0}, "datetime": {"datetime": "2024-01-19 00:20:33", "elapsed": 518.137862, "delta": 0.000819}}
{"target": -17.67716089937483, "params": {"gamma": 182.4384331379173, "log10_alpha": -4.130488714217821, "log10_colsample_bytree": -0.5637200223720514, "log10_eta": -3.880556618849901, "log10_lambda": -4.278467830686969, "log10_min_child_weight": 1.3986777868592382, "log10_subsample": -0.6521640717310297, "max_depth": 2.0, "num_boost_round": 27.0}, "datetime": {"datetime": "2024-01-19 00:20:33", "elapsed": 518.138816, "delta": 0.000954}}
{"target": -17.677158157526414, "params": {"gamma": 182.4384331379173, "log10_alpha": -4.130488714217821, "log10_colsample_bytree": -0.5637200223720514, "log10_eta": -3.880556618849901, "log10_lambda": -4.278467830686969, "log10_min_child_weight": 1.3986777868592382, "log10_subsample": -0.6521640717310297, "max_depth": 2.0, "num_boost_round": 28.0}, "datetime": {"datetime": "2024-01-19 00:20:33", "elapsed": 518.139762, "delta": 0.000946}}
{"target": -17.677154898423368, "params": {"gamma": 182.4384331379173, "log10_alpha": -4.130488714217821, "log10_colsample_bytree": -0.5637200223720514, "log10_eta": -3.880556618849901, "log10_lambda": -4.278467830686969, "log10_min_child_weight": 1.3986777868592382, "log10_subsample": -0.6521640717310297, "max_depth": 2.0, "num_boost_round": 29.0}, "datetime": {"datetime": "2024-01-19 00:20:33", "elapsed": 518.140632, "delta": 0.00087}}
{"target": -17.67715302405262, "params": {"gamma": 182.4384331379173, "log10_alpha": -4.130488714217821, "log10_colsample_bytree": -0.5637200223720514, "log10_eta": -3.880556618849901, "log10_lambda": -4.278467830686969, "log10_min_child_weight": 1.3986777868592382, "log10_subsample": -0.6521640717310297, "max_depth": 2.0, "num_boost_round": 30.0}, "datetime": {"datetime": "2024-01-19 00:20:33", "elapsed": 518.141476, "delta": 0.000844}}
{"target": -17.677149373292213, "params": {"gamma": 182.4384331379173, "log10_alpha": -4.130488714217821, "log10_colsample_bytree": -0.5637200223720514, "log10_eta": -3.880556618849901, "log10_lambda": -4.278467830686969, "log10_min_child_weight": 1.3986777868592382, "log10_subsample": -0.6521640717310297, "max_depth": 2.0, "num_boost_round": 31.0}, "datetime": {"datetime": "2024-01-19 00:20:33", "elapsed": 518.14231, "delta": 0.000834}}
{"target": -17.677147123626476, "params": {"gamma": 182.4384331379173, "log10_alpha": -4.130488714217821, "log10_colsample_bytree": -0.5637200223720514, "log10_eta": -3.880556618849901, "log10_lambda": -4.278467830686969, "log10_min_child_weight": 1.3986777868592382, "log10_subsample": -0.6521640717310297, "max_depth": 2.0, "num_boost_round": 32.0}, "datetime": {"datetime": "2024-01-19 00:20:33", "elapsed": 518.143134, "delta": 0.000824}}
{"target": -17.67714252217965, "params": {"gamma": 182.4384331379173, "log10_alpha": -4.130488714217821, "log10_colsample_bytree": -0.5637200223720514, "log10_eta": -3.880556618849901, "log10_lambda": -4.278467830686969, "log10_min_child_weight": 1.3986777868592382, "log10_subsample": -0.6521640717310297, "max_depth": 2.0, "num_boost_round": 33.0}, "datetime": {"datetime": "2024-01-19 00:20:33", "elapsed": 518.143962, "delta": 0.000828}}
{"target": -17.676438717743142, "params": {"gamma": 189.9207557018632, "log10_alpha": -3.0293295730409815, "log10_colsample_bytree": -0.8073216097769501, "log10_eta": -1.5695209227781701, "log10_lambda": -4.128304179051575, "log10_min_child_weight": 3.714371108923409, "log10_subsample": -0.10111964068054557, "max_depth": 8.0, "num_boost_round": 0.0}, "datetime": {"datetime": "2024-01-19 00:21:03", "elapsed": 547.733734, "delta": 29.589772}}
{"target": -17.675418110303248, "params": {"gamma": 189.9207557018632, "log10_alpha": -3.0293295730409815, "log10_colsample_bytree": -0.8073216097769501, "log10_eta": -1.5695209227781701, "log10_lambda": -4.128304179051575, "log10_min_child_weight": 3.714371108923409, "log10_subsample": -0.10111964068054557, "max_depth": 8.0, "num_boost_round": 1.0}, "datetime": {"datetime": "2024-01-19 00:21:03", "elapsed": 547.735029, "delta": 0.001295}}
{"target": -17.674887347386385, "params": {"gamma": 189.9207557018632, "log10_alpha": -3.0293295730409815, "log10_colsample_bytree": -0.8073216097769501, "log10_eta": -1.5695209227781701, "log10_lambda": -4.128304179051575, "log10_min_child_weight": 3.714371108923409, "log10_subsample": -0.10111964068054557, "max_depth": 8.0, "num_boost_round": 2.0}, "datetime": {"datetime": "2024-01-19 00:21:03", "elapsed": 547.735873, "delta": 0.000844}}
{"target": -17.675566289667643, "params": {"gamma": 189.9207557018632, "log10_alpha": -3.0293295730409815, "log10_colsample_bytree": -0.8073216097769501, "log10_eta": -1.5695209227781701, "log10_lambda": -4.128304179051575, "log10_min_child_weight": 3.714371108923409, "log10_subsample": -0.10111964068054557, "max_depth": 8.0, "num_boost_round": 3.0}, "datetime": {"datetime": "2024-01-19 00:21:03", "elapsed": 547.736708, "delta": 0.000835}}
{"target": -17.674606806968185, "params": {"gamma": 189.9207557018632, "log10_alpha": -3.0293295730409815, "log10_colsample_bytree": -0.8073216097769501, "log10_eta": -1.5695209227781701, "log10_lambda": -4.128304179051575, "log10_min_child_weight": 3.714371108923409, "log10_subsample": -0.10111964068054557, "max_depth": 8.0, "num_boost_round": 4.0}, "datetime": {"datetime": "2024-01-19 00:21:03", "elapsed": 547.737776, "delta": 0.001068}}
{"target": -17.67435824907329, "params": {"gamma": 189.9207557018632, "log10_alpha": -3.0293295730409815, "log10_colsample_bytree": -0.8073216097769501, "log10_eta": -1.5695209227781701, "log10_lambda": -4.128304179051575, "log10_min_child_weight": 3.714371108923409, "log10_subsample": -0.10111964068054557, "max_depth": 8.0, "num_boost_round": 5.0}, "datetime": {"datetime": "2024-01-19 00:21:03", "elapsed": 547.739164, "delta": 0.001388}}
{"target": -17.67476926075118, "params": {"gamma": 189.9207557018632, "log10_alpha": -3.0293295730409815, "log10_colsample_bytree": -0.8073216097769501, "log10_eta": -1.5695209227781701, "log10_lambda": -4.128304179051575, "log10_min_child_weight": 3.714371108923409, "log10_subsample": -0.10111964068054557, "max_depth": 8.0, "num_boost_round": 6.0}, "datetime": {"datetime": "2024-01-19 00:21:03", "elapsed": 547.740173, "delta": 0.001009}}
{"target": -17.67366049965323, "params": {"gamma": 189.9207557018632, "log10_alpha": -3.0293295730409815, "log10_colsample_bytree": -0.8073216097769501, "log10_eta": -1.5695209227781701, "log10_lambda": -4.128304179051575, "log10_min_child_weight": 3.714371108923409, "log10_subsample": -0.10111964068054557, "max_depth": 8.0, "num_boost_round": 7.0}, "datetime": {"datetime": "2024-01-19 00:21:03", "elapsed": 547.741045, "delta": 0.000872}}
{"target": -17.673741362671958, "params": {"gamma": 189.9207557018632, "log10_alpha": -3.0293295730409815, "log10_colsample_bytree": -0.8073216097769501, "log10_eta": -1.5695209227781701, "log10_lambda": -4.128304179051575, "log10_min_child_weight": 3.714371108923409, "log10_subsample": -0.10111964068054557, "max_depth": 8.0, "num_boost_round": 8.0}, "datetime": {"datetime": "2024-01-19 00:21:03", "elapsed": 547.741887, "delta": 0.000842}}
{"target": -17.674381441552992, "params": {"gamma": 189.9207557018632, "log10_alpha": -3.0293295730409815, "log10_colsample_bytree": -0.8073216097769501, "log10_eta": -1.5695209227781701, "log10_lambda": -4.128304179051575, "log10_min_child_weight": 3.714371108923409, "log10_subsample": -0.10111964068054557, "max_depth": 8.0, "num_boost_round": 9.0}, "datetime": {"datetime": "2024-01-19 00:21:03", "elapsed": 547.742737, "delta": 0.00085}}
{"target": -17.674059209560742, "params": {"gamma": 189.9207557018632, "log10_alpha": -3.0293295730409815, "log10_colsample_bytree": -0.8073216097769501, "log10_eta": -1.5695209227781701, "log10_lambda": -4.128304179051575, "log10_min_child_weight": 3.714371108923409, "log10_subsample": -0.10111964068054557, "max_depth": 8.0, "num_boost_round": 10.0}, "datetime": {"datetime": "2024-01-19 00:21:03", "elapsed": 547.743593, "delta": 0.000856}}
{"target": -17.67461289043236, "params": {"gamma": 189.9207557018632, "log10_alpha": -3.0293295730409815, "log10_colsample_bytree": -0.8073216097769501, "log10_eta": -1.5695209227781701, "log10_lambda": -4.128304179051575, "log10_min_child_weight": 3.714371108923409, "log10_subsample": -0.10111964068054557, "max_depth": 8.0, "num_boost_round": 11.0}, "datetime": {"datetime": "2024-01-19 00:21:03", "elapsed": 547.744457, "delta": 0.000864}}
{"target": -17.674409809078497, "params": {"gamma": 189.9207557018632, "log10_alpha": -3.0293295730409815, "log10_colsample_bytree": -0.8073216097769501, "log10_eta": -1.5695209227781701, "log10_lambda": -4.128304179051575, "log10_min_child_weight": 3.714371108923409, "log10_subsample": -0.10111964068054557, "max_depth": 8.0, "num_boost_round": 12.0}, "datetime": {"datetime": "2024-01-19 00:21:03", "elapsed": 547.74538, "delta": 0.000923}}
{"target": -17.673609946383028, "params": {"gamma": 189.9207557018632, "log10_alpha": -3.0293295730409815, "log10_colsample_bytree": -0.8073216097769501, "log10_eta": -1.5695209227781701, "log10_lambda": -4.128304179051575, "log10_min_child_weight": 3.714371108923409, "log10_subsample": -0.10111964068054557, "max_depth": 8.0, "num_boost_round": 13.0}, "datetime": {"datetime": "2024-01-19 00:21:03", "elapsed": 547.746273, "delta": 0.000893}}
{"target": -17.674015510813923, "params": {"gamma": 189.9207557018632, "log10_alpha": -3.0293295730409815, "log10_colsample_bytree": -0.8073216097769501, "log10_eta": -1.5695209227781701, "log10_lambda": -4.128304179051575, "log10_min_child_weight": 3.714371108923409, "log10_subsample": -0.10111964068054557, "max_depth": 8.0, "num_boost_round": 14.0}, "datetime": {"datetime": "2024-01-19 00:21:03", "elapsed": 547.747183, "delta": 0.00091}}
{"target": -17.67369906107479, "params": {"gamma": 189.9207557018632, "log10_alpha": -3.0293295730409815, "log10_colsample_bytree": -0.8073216097769501, "log10_eta": -1.5695209227781701, "log10_lambda": -4.128304179051575, "log10_min_child_weight": 3.714371108923409, "log10_subsample": -0.10111964068054557, "max_depth": 8.0, "num_boost_round": 15.0}, "datetime": {"datetime": "2024-01-19 00:21:03", "elapsed": 547.748111, "delta": 0.000928}}
{"target": -17.673778225518422, "params": {"gamma": 189.9207557018632, "log10_alpha": -3.0293295730409815, "log10_colsample_bytree": -0.8073216097769501, "log10_eta": -1.5695209227781701, "log10_lambda": -4.128304179051575, "log10_min_child_weight": 3.714371108923409, "log10_subsample": -0.10111964068054557, "max_depth": 8.0, "num_boost_round": 16.0}, "datetime": {"datetime": "2024-01-19 00:21:03", "elapsed": 547.748997, "delta": 0.000886}}
{"target": -17.67437892252562, "params": {"gamma": 189.9207557018632, "log10_alpha": -3.0293295730409815, "log10_colsample_bytree": -0.8073216097769501, "log10_eta": -1.5695209227781701, "log10_lambda": -4.128304179051575, "log10_min_child_weight": 3.714371108923409, "log10_subsample": -0.10111964068054557, "max_depth": 8.0, "num_boost_round": 17.0}, "datetime": {"datetime": "2024-01-19 00:21:03", "elapsed": 547.749904, "delta": 0.000907}}
{"target": -17.67446768088784, "params": {"gamma": 189.9207557018632, "log10_alpha": -3.0293295730409815, "log10_colsample_bytree": -0.8073216097769501, "log10_eta": -1.5695209227781701, "log10_lambda": -4.128304179051575, "log10_min_child_weight": 3.714371108923409, "log10_subsample": -0.10111964068054557, "max_depth": 8.0, "num_boost_round": 18.0}, "datetime": {"datetime": "2024-01-19 00:21:03", "elapsed": 547.750812, "delta": 0.000908}}
{"target": -17.675050114756953, "params": {"gamma": 189.9207557018632, "log10_alpha": -3.0293295730409815, "log10_colsample_bytree": -0.8073216097769501, "log10_eta": -1.5695209227781701, "log10_lambda": -4.128304179051575, "log10_min_child_weight": 3.714371108923409, "log10_subsample": -0.10111964068054557, "max_depth": 8.0, "num_boost_round": 19.0}, "datetime": {"datetime": "2024-01-19 00:21:03", "elapsed": 547.751709, "delta": 0.000897}}
{"target": -17.67501926231852, "params": {"gamma": 189.9207557018632, "log10_alpha": -3.0293295730409815, "log10_colsample_bytree": -0.8073216097769501, "log10_eta": -1.5695209227781701, "log10_lambda": -4.128304179051575, "log10_min_child_weight": 3.714371108923409, "log10_subsample": -0.10111964068054557, "max_depth": 8.0, "num_boost_round": 20.0}, "datetime": {"datetime": "2024-01-19 00:21:03", "elapsed": 547.752594, "delta": 0.000885}}
{"target": -17.67579083189343, "params": {"gamma": 189.9207557018632, "log10_alpha": -3.0293295730409815, "log10_colsample_bytree": -0.8073216097769501, "log10_eta": -1.5695209227781701, "log10_lambda": -4.128304179051575, "log10_min_child_weight": 3.714371108923409, "log10_subsample": -0.10111964068054557, "max_depth": 8.0, "num_boost_round": 21.0}, "datetime": {"datetime": "2024-01-19 00:21:03", "elapsed": 547.753502, "delta": 0.000908}}
{"target": -17.675395273560486, "params": {"gamma": 189.9207557018632, "log10_alpha": -3.0293295730409815, "log10_colsample_bytree": -0.8073216097769501, "log10_eta": -1.5695209227781701, "log10_lambda": -4.128304179051575, "log10_min_child_weight": 3.714371108923409, "log10_subsample": -0.10111964068054557, "max_depth": 8.0, "num_boost_round": 22.0}, "datetime": {"datetime": "2024-01-19 00:21:03", "elapsed": 547.75441, "delta": 0.000908}}
{"target": -17.674541338319727, "params": {"gamma": 189.9207557018632, "log10_alpha": -3.0293295730409815, "log10_colsample_bytree": -0.8073216097769501, "log10_eta": -1.5695209227781701, "log10_lambda": -4.128304179051575, "log10_min_child_weight": 3.714371108923409, "log10_subsample": -0.10111964068054557, "max_depth": 8.0, "num_boost_round": 23.0}, "datetime": {"datetime": "2024-01-19 00:21:03", "elapsed": 547.755325, "delta": 0.000915}}
{"target": -17.674984580348585, "params": {"gamma": 189.9207557018632, "log10_alpha": -3.0293295730409815, "log10_colsample_bytree": -0.8073216097769501, "log10_eta": -1.5695209227781701, "log10_lambda": -4.128304179051575, "log10_min_child_weight": 3.714371108923409, "log10_subsample": -0.10111964068054557, "max_depth": 8.0, "num_boost_round": 24.0}, "datetime": {"datetime": "2024-01-19 00:21:03", "elapsed": 547.756221, "delta": 0.000896}}
{"target": -17.67502597135943, "params": {"gamma": 189.9207557018632, "log10_alpha": -3.0293295730409815, "log10_colsample_bytree": -0.8073216097769501, "log10_eta": -1.5695209227781701, "log10_lambda": -4.128304179051575, "log10_min_child_weight": 3.714371108923409, "log10_subsample": -0.10111964068054557, "max_depth": 8.0, "num_boost_round": 25.0}, "datetime": {"datetime": "2024-01-19 00:21:03", "elapsed": 547.757122, "delta": 0.000901}}
{"target": -17.67601113927539, "params": {"gamma": 189.9207557018632, "log10_alpha": -3.0293295730409815, "log10_colsample_bytree": -0.8073216097769501, "log10_eta": -1.5695209227781701, "log10_lambda": -4.128304179051575, "log10_min_child_weight": 3.714371108923409, "log10_subsample": -0.10111964068054557, "max_depth": 8.0, "num_boost_round": 26.0}, "datetime": {"datetime": "2024-01-19 00:21:03", "elapsed": 547.75803, "delta": 0.000908}}
{"target": -17.675951170574585, "params": {"gamma": 189.9207557018632, "log10_alpha": -3.0293295730409815, "log10_colsample_bytree": -0.8073216097769501, "log10_eta": -1.5695209227781701, "log10_lambda": -4.128304179051575, "log10_min_child_weight": 3.714371108923409, "log10_subsample": -0.10111964068054557, "max_depth": 8.0, "num_boost_round": 27.0}, "datetime": {"datetime": "2024-01-19 00:21:03", "elapsed": 547.758921, "delta": 0.000891}}
{"target": -17.675813752331187, "params": {"gamma": 189.9207557018632, "log10_alpha": -3.0293295730409815, "log10_colsample_bytree": -0.8073216097769501, "log10_eta": -1.5695209227781701, "log10_lambda": -4.128304179051575, "log10_min_child_weight": 3.714371108923409, "log10_subsample": -0.10111964068054557, "max_depth": 8.0, "num_boost_round": 28.0}, "datetime": {"datetime": "2024-01-19 00:21:03", "elapsed": 547.759834, "delta": 0.000913}}
{"target": -17.67572829939252, "params": {"gamma": 189.9207557018632, "log10_alpha": -3.0293295730409815, "log10_colsample_bytree": -0.8073216097769501, "log10_eta": -1.5695209227781701, "log10_lambda": -4.128304179051575, "log10_min_child_weight": 3.714371108923409, "log10_subsample": -0.10111964068054557, "max_depth": 8.0, "num_boost_round": 29.0}, "datetime": {"datetime": "2024-01-19 00:21:03", "elapsed": 547.760749, "delta": 0.000915}}
{"target": -17.67578445365658, "params": {"gamma": 189.9207557018632, "log10_alpha": -3.0293295730409815, "log10_colsample_bytree": -0.8073216097769501, "log10_eta": -1.5695209227781701, "log10_lambda": -4.128304179051575, "log10_min_child_weight": 3.714371108923409, "log10_subsample": -0.10111964068054557, "max_depth": 8.0, "num_boost_round": 30.0}, "datetime": {"datetime": "2024-01-19 00:21:03", "elapsed": 547.761656, "delta": 0.000907}}
{"target": -17.675668191840415, "params": {"gamma": 189.9207557018632, "log10_alpha": -3.0293295730409815, "log10_colsample_bytree": -0.8073216097769501, "log10_eta": -1.5695209227781701, "log10_lambda": -4.128304179051575, "log10_min_child_weight": 3.714371108923409, "log10_subsample": -0.10111964068054557, "max_depth": 8.0, "num_boost_round": 31.0}, "datetime": {"datetime": "2024-01-19 00:21:03", "elapsed": 547.762587, "delta": 0.000931}}
{"target": -17.676382316392438, "params": {"gamma": 189.9207557018632, "log10_alpha": -3.0293295730409815, "log10_colsample_bytree": -0.8073216097769501, "log10_eta": -1.5695209227781701, "log10_lambda": -4.128304179051575, "log10_min_child_weight": 3.714371108923409, "log10_subsample": -0.10111964068054557, "max_depth": 8.0, "num_boost_round": 32.0}, "datetime": {"datetime": "2024-01-19 00:21:03", "elapsed": 547.763511, "delta": 0.000924}}
{"target": -17.67677744785822, "params": {"gamma": 189.9207557018632, "log10_alpha": -3.0293295730409815, "log10_colsample_bytree": -0.8073216097769501, "log10_eta": -1.5695209227781701, "log10_lambda": -4.128304179051575, "log10_min_child_weight": 3.714371108923409, "log10_subsample": -0.10111964068054557, "max_depth": 8.0, "num_boost_round": 33.0}, "datetime": {"datetime": "2024-01-19 00:21:03", "elapsed": 547.764429, "delta": 0.000918}}
{"target": -17.676230121631107, "params": {"gamma": 189.9207557018632, "log10_alpha": -3.0293295730409815, "log10_colsample_bytree": -0.8073216097769501, "log10_eta": -1.5695209227781701, "log10_lambda": -4.128304179051575, "log10_min_child_weight": 3.714371108923409, "log10_subsample": -0.10111964068054557, "max_depth": 8.0, "num_boost_round": 34.0}, "datetime": {"datetime": "2024-01-19 00:21:03", "elapsed": 547.765359, "delta": 0.00093}}
