{"target": -17.67706969414863, "params": {"gamma": 43.18574974416312, "log10_alpha": -1.2887837412716228, "log10_colsample_bytree": -0.11439976780581274, "log10_eta": -3.8364641973472233, "log10_lambda": -1.0404905107414835, "log10_min_child_weight": 1.8937020481428197, "log10_subsample": -0.8177462102207338, "max_depth": 2.0, "num_boost_round": 40.0}, "datetime": {"datetime": "2024-01-19 01:32:23", "elapsed": 4896.990505, "delta": 0.004327}}
{"target": -17.67706582664181, "params": {"gamma": 43.18574974416312, "log10_alpha": -1.2887837412716228, "log10_colsample_bytree": -0.11439976780581274, "log10_eta": -3.8364641973472233, "log10_lambda": -1.0404905107414835, "log10_min_child_weight": 1.8937020481428197, "log10_subsample": -0.8177462102207338, "max_depth": 2.0, "num_boost_round": 41.0}, "datetime": {"datetime": "2024-01-19 01:32:23", "elapsed": 4896.994851, "delta": 0.004346}}
{"target": -17.67706226335508, "params": {"gamma": 43.18574974416312, "log10_alpha": -1.2887837412716228, "log10_colsample_bytree": -0.11439976780581274, "log10_eta": -3.8364641973472233, "log10_lambda": -1.0404905107414835, "log10_min_child_weight": 1.8937020481428197, "log10_subsample": -0.8177462102207338, "max_depth": 2.0, "num_boost_round": 42.0}, "datetime": {"datetime": "2024-01-19 01:32:23", "elapsed": 4896.998988, "delta": 0.004137}}
{"target": -17.67705870503348, "params": {"gamma": 43.18574974416312, "log10_alpha": -1.2887837412716228, "log10_colsample_bytree": -0.11439976780581274, "log10_eta": -3.8364641973472233, "log10_lambda": -1.0404905107414835, "log10_min_child_weight": 1.8937020481428197, "log10_subsample": -0.8177462102207338, "max_depth": 2.0, "num_boost_round": 43.0}, "datetime": {"datetime": "2024-01-19 01:32:23", "elapsed": 4897.003255, "delta": 0.004267}}
{"target": -17.677056191625923, "params": {"gamma": 43.18574974416312, "log10_alpha": -1.2887837412716228, "log10_colsample_bytree": -0.11439976780581274, "log10_eta": -3.8364641973472233, "log10_lambda": -1.0404905107414835, "log10_min_child_weight": 1.8937020481428197, "log10_subsample": -0.8177462102207338, "max_depth": 2.0, "num_boost_round": 44.0}, "datetime": {"datetime": "2024-01-19 01:32:23", "elapsed": 4897.007752, "delta": 0.004497}}
{"target": -17.677052016837884, "params": {"gamma": 43.18574974416312, "log10_alpha": -1.2887837412716228, "log10_colsample_bytree": -0.11439976780581274, "log10_eta": -3.8364641973472233, "log10_lambda": -1.0404905107414835, "log10_min_child_weight": 1.8937020481428197, "log10_subsample": -0.8177462102207338, "max_depth": 2.0, "num_boost_round": 45.0}, "datetime": {"datetime": "2024-01-19 01:32:23", "elapsed": 4897.012403, "delta": 0.004651}}
{"target": -17.677047951348598, "params": {"gamma": 43.18574974416312, "log10_alpha": -1.2887837412716228, "log10_colsample_bytree": -0.11439976780581274, "log10_eta": -3.8364641973472233, "log10_lambda": -1.0404905107414835, "log10_min_child_weight": 1.8937020481428197, "log10_subsample": -0.8177462102207338, "max_depth": 2.0, "num_boost_round": 46.0}, "datetime": {"datetime": "2024-01-19 01:32:23", "elapsed": 4897.01717, "delta": 0.004767}}
{"target": -17.677043906125974, "params": {"gamma": 43.18574974416312, "log10_alpha": -1.2887837412716228, "log10_colsample_bytree": -0.11439976780581274, "log10_eta": -3.8364641973472233, "log10_lambda": -1.0404905107414835, "log10_min_child_weight": 1.8937020481428197, "log10_subsample": -0.8177462102207338, "max_depth": 2.0, "num_boost_round": 47.0}, "datetime": {"datetime": "2024-01-19 01:32:23", "elapsed": 4897.021979, "delta": 0.004809}}
{"target": -17.67720974670538, "params": {"gamma": 10.215496507076317, "log10_alpha": -0.6070318895000124, "log10_colsample_bytree": -0.11350317781670494, "log10_eta": -3.082898706302646, "log10_lambda": -3.947146546659062, "log10_min_child_weight": 2.1585984594651473, "log10_subsample": -0.8704751515497902, "max_depth": 9.0, "num_boost_round": 0.0}, "datetime": {"datetime": "2024-01-19 01:33:41", "elapsed": 4974.777598, "delta": 77.755619}}
{"target": -17.677175149137536, "params": {"gamma": 10.215496507076317, "log10_alpha": -0.6070318895000124, "log10_colsample_bytree": -0.11350317781670494, "log10_eta": -3.082898706302646, "log10_lambda": -3.947146546659062, "log10_min_child_weight": 2.1585984594651473, "log10_subsample": -0.8704751515497902, "max_depth": 9.0, "num_boost_round": 1.0}, "datetime": {"datetime": "2024-01-19 01:33:41", "elapsed": 4974.781805, "delta": 0.004207}}
{"target": -17.677180534437372, "params": {"gamma": 10.215496507076317, "log10_alpha": -0.6070318895000124, "log10_colsample_bytree": -0.11350317781670494, "log10_eta": -3.082898706302646, "log10_lambda": -3.947146546659062, "log10_min_child_weight": 2.1585984594651473, "log10_subsample": -0.8704751515497902, "max_depth": 9.0, "num_boost_round": 2.0}, "datetime": {"datetime": "2024-01-19 01:33:41", "elapsed": 4974.786068, "delta": 0.004263}}
{"target": -17.67711937281345, "params": {"gamma": 10.215496507076317, "log10_alpha": -0.6070318895000124, "log10_colsample_bytree": -0.11350317781670494, "log10_eta": -3.082898706302646, "log10_lambda": -3.947146546659062, "log10_min_child_weight": 2.1585984594651473, "log10_subsample": -0.8704751515497902, "max_depth": 9.0, "num_boost_round": 3.0}, "datetime": {"datetime": "2024-01-19 01:33:41", "elapsed": 4974.790205, "delta": 0.004137}}
{"target": -17.677083033824086, "params": {"gamma": 10.215496507076317, "log10_alpha": -0.6070318895000124, "log10_colsample_bytree": -0.11350317781670494, "log10_eta": -3.082898706302646, "log10_lambda": -3.947146546659062, "log10_min_child_weight": 2.1585984594651473, "log10_subsample": -0.8704751515497902, "max_depth": 9.0, "num_boost_round": 4.0}, "datetime": {"datetime": "2024-01-19 01:33:41", "elapsed": 4974.794176, "delta": 0.003971}}
{"target": -17.67701928001184, "params": {"gamma": 10.215496507076317, "log10_alpha": -0.6070318895000124, "log10_colsample_bytree": -0.11350317781670494, "log10_eta": -3.082898706302646, "log10_lambda": -3.947146546659062, "log10_min_child_weight": 2.1585984594651473, "log10_subsample": -0.8704751515497902, "max_depth": 9.0, "num_boost_round": 5.0}, "datetime": {"datetime": "2024-01-19 01:33:41", "elapsed": 4974.798173, "delta": 0.003997}}
{"target": -17.67699246328964, "params": {"gamma": 10.215496507076317, "log10_alpha": -0.6070318895000124, "log10_colsample_bytree": -0.11350317781670494, "log10_eta": -3.082898706302646, "log10_lambda": -3.947146546659062, "log10_min_child_weight": 2.1585984594651473, "log10_subsample": -0.8704751515497902, "max_depth": 9.0, "num_boost_round": 6.0}, "datetime": {"datetime": "2024-01-19 01:33:41", "elapsed": 4974.802243, "delta": 0.00407}}
{"target": -17.676948946457195, "params": {"gamma": 10.215496507076317, "log10_alpha": -0.6070318895000124, "log10_colsample_bytree": -0.11350317781670494, "log10_eta": -3.082898706302646, "log10_lambda": -3.947146546659062, "log10_min_child_weight": 2.1585984594651473, "log10_subsample": -0.8704751515497902, "max_depth": 9.0, "num_boost_round": 7.0}, "datetime": {"datetime": "2024-01-19 01:33:41", "elapsed": 4974.806195, "delta": 0.003952}}
{"target": -17.676968194014027, "params": {"gamma": 10.215496507076317, "log10_alpha": -0.6070318895000124, "log10_colsample_bytree": -0.11350317781670494, "log10_eta": -3.082898706302646, "log10_lambda": -3.947146546659062, "log10_min_child_weight": 2.1585984594651473, "log10_subsample": -0.8704751515497902, "max_depth": 9.0, "num_boost_round": 8.0}, "datetime": {"datetime": "2024-01-19 01:33:41", "elapsed": 4974.810237, "delta": 0.004042}}
{"target": -17.676962486481848, "params": {"gamma": 10.215496507076317, "log10_alpha": -0.6070318895000124, "log10_colsample_bytree": -0.11350317781670494, "log10_eta": -3.082898706302646, "log10_lambda": -3.947146546659062, "log10_min_child_weight": 2.1585984594651473, "log10_subsample": -0.8704751515497902, "max_depth": 9.0, "num_boost_round": 9.0}, "datetime": {"datetime": "2024-01-19 01:33:41", "elapsed": 4974.814424, "delta": 0.004187}}
{"target": -17.676934319540734, "params": {"gamma": 10.215496507076317, "log10_alpha": -0.6070318895000124, "log10_colsample_bytree": -0.11350317781670494, "log10_eta": -3.082898706302646, "log10_lambda": -3.947146546659062, "log10_min_child_weight": 2.1585984594651473, "log10_subsample": -0.8704751515497902, "max_depth": 9.0, "num_boost_round": 10.0}, "datetime": {"datetime": "2024-01-19 01:33:41", "elapsed": 4974.818464, "delta": 0.00404}}
{"target": -17.676956262637468, "params": {"gamma": 10.215496507076317, "log10_alpha": -0.6070318895000124, "log10_colsample_bytree": -0.11350317781670494, "log10_eta": -3.082898706302646, "log10_lambda": -3.947146546659062, "log10_min_child_weight": 2.1585984594651473, "log10_subsample": -0.8704751515497902, "max_depth": 9.0, "num_boost_round": 11.0}, "datetime": {"datetime": "2024-01-19 01:33:41", "elapsed": 4974.822639, "delta": 0.004175}}
{"target": -17.676913796610613, "params": {"gamma": 10.215496507076317, "log10_alpha": -0.6070318895000124, "log10_colsample_bytree": -0.11350317781670494, "log10_eta": -3.082898706302646, "log10_lambda": -3.947146546659062, "log10_min_child_weight": 2.1585984594651473, "log10_subsample": -0.8704751515497902, "max_depth": 9.0, "num_boost_round": 12.0}, "datetime": {"datetime": "2024-01-19 01:33:41", "elapsed": 4974.826618, "delta": 0.003979}}
{"target": -17.67690865214002, "params": {"gamma": 10.215496507076317, "log10_alpha": -0.6070318895000124, "log10_colsample_bytree": -0.11350317781670494, "log10_eta": -3.082898706302646, "log10_lambda": -3.947146546659062, "log10_min_child_weight": 2.1585984594651473, "log10_subsample": -0.8704751515497902, "max_depth": 9.0, "num_boost_round": 13.0}, "datetime": {"datetime": "2024-01-19 01:33:41", "elapsed": 4974.830481, "delta": 0.003863}}
{"target": -17.67682556287648, "params": {"gamma": 10.215496507076317, "log10_alpha": -0.6070318895000124, "log10_colsample_bytree": -0.11350317781670494, "log10_eta": -3.082898706302646, "log10_lambda": -3.947146546659062, "log10_min_child_weight": 2.1585984594651473, "log10_subsample": -0.8704751515497902, "max_depth": 9.0, "num_boost_round": 14.0}, "datetime": {"datetime": "2024-01-19 01:33:41", "elapsed": 4974.834528, "delta": 0.004047}}
{"target": -17.676809672641745, "params": {"gamma": 10.215496507076317, "log10_alpha": -0.6070318895000124, "log10_colsample_bytree": -0.11350317781670494, "log10_eta": -3.082898706302646, "log10_lambda": -3.947146546659062, "log10_min_child_weight": 2.1585984594651473, "log10_subsample": -0.8704751515497902, "max_depth": 9.0, "num_boost_round": 15.0}, "datetime": {"datetime": "2024-01-19 01:33:41", "elapsed": 4974.838455, "delta": 0.003927}}
{"target": -17.676777390923306, "params": {"gamma": 10.215496507076317, "log10_alpha": -0.6070318895000124, "log10_colsample_bytree": -0.11350317781670494, "log10_eta": -3.082898706302646, "log10_lambda": -3.947146546659062, "log10_min_child_weight": 2.1585984594651473, "log10_subsample": -0.8704751515497902, "max_depth": 9.0, "num_boost_round": 16.0}, "datetime": {"datetime": "2024-01-19 01:33:41", "elapsed": 4974.842388, "delta": 0.003933}}
{"target": -17.676785869389658, "params": {"gamma": 10.215496507076317, "log10_alpha": -0.6070318895000124, "log10_colsample_bytree": -0.11350317781670494, "log10_eta": -3.082898706302646, "log10_lambda": -3.947146546659062, "log10_min_child_weight": 2.1585984594651473, "log10_subsample": -0.8704751515497902, "max_depth": 9.0, "num_boost_round": 17.0}, "datetime": {"datetime": "2024-01-19 01:33:41", "elapsed": 4974.846334, "delta": 0.003946}}
{"target": -17.67678858689894, "params": {"gamma": 10.215496507076317, "log10_alpha": -0.6070318895000124, "log10_colsample_bytree": -0.11350317781670494, "log10_eta": -3.082898706302646, "log10_lambda": -3.947146546659062, "log10_min_child_weight": 2.1585984594651473, "log10_subsample": -0.8704751515497902, "max_depth": 9.0, "num_boost_round": 18.0}, "datetime": {"datetime": "2024-01-19 01:33:41", "elapsed": 4974.850287, "delta": 0.003953}}
{"target": -17.676793825501445, "params": {"gamma": 10.215496507076317, "log10_alpha": -0.6070318895000124, "log10_colsample_bytree": -0.11350317781670494, "log10_eta": -3.082898706302646, "log10_lambda": -3.947146546659062, "log10_min_child_weight": 2.1585984594651473, "log10_subsample": -0.8704751515497902, "max_depth": 9.0, "num_boost_round": 19.0}, "datetime": {"datetime": "2024-01-19 01:33:41", "elapsed": 4974.854235, "delta": 0.003948}}
{"target": -17.676797628787188, "params": {"gamma": 10.215496507076317, "log10_alpha": -0.6070318895000124, "log10_colsample_bytree": -0.11350317781670494, "log10_eta": -3.082898706302646, "log10_lambda": -3.947146546659062, "log10_min_child_weight": 2.1585984594651473, "log10_subsample": -0.8704751515497902, "max_depth": 9.0, "num_boost_round": 20.0}, "datetime": {"datetime": "2024-01-19 01:33:41", "elapsed": 4974.858181, "delta": 0.003946}}
{"target": -17.6767898535258, "params": {"gamma": 10.215496507076317, "log10_alpha": -0.6070318895000124, "log10_colsample_bytree": -0.11350317781670494, "log10_eta": -3.082898706302646, "log10_lambda": -3.947146546659062, "log10_min_child_weight": 2.1585984594651473, "log10_subsample": -0.8704751515497902, "max_depth": 9.0, "num_boost_round": 21.0}, "datetime": {"datetime": "2024-01-19 01:33:41", "elapsed": 4974.862248, "delta": 0.004067}}
{"target": -17.676761308127812, "params": {"gamma": 10.215496507076317, "log10_alpha": -0.6070318895000124, "log10_colsample_bytree": -0.11350317781670494, "log10_eta": -3.082898706302646, "log10_lambda": -3.947146546659062, "log10_min_child_weight": 2.1585984594651473, "log10_subsample": -0.8704751515497902, "max_depth": 9.0, "num_boost_round": 22.0}, "datetime": {"datetime": "2024-01-19 01:33:41", "elapsed": 4974.866189, "delta": 0.003941}}
{"target": -17.676746958941763, "params": {"gamma": 10.215496507076317, "log10_alpha": -0.6070318895000124, "log10_colsample_bytree": -0.11350317781670494, "log10_eta": -3.082898706302646, "log10_lambda": -3.947146546659062, "log10_min_child_weight": 2.1585984594651473, "log10_subsample": -0.8704751515497902, "max_depth": 9.0, "num_boost_round": 23.0}, "datetime": {"datetime": "2024-01-19 01:33:41", "elapsed": 4974.870178, "delta": 0.003989}}
{"target": -17.67670324631317, "params": {"gamma": 10.215496507076317, "log10_alpha": -0.6070318895000124, "log10_colsample_bytree": -0.11350317781670494, "log10_eta": -3.082898706302646, "log10_lambda": -3.947146546659062, "log10_min_child_weight": 2.1585984594651473, "log10_subsample": -0.8704751515497902, "max_depth": 9.0, "num_boost_round": 24.0}, "datetime": {"datetime": "2024-01-19 01:33:41", "elapsed": 4974.874272, "delta": 0.004094}}
{"target": -17.676703114088898, "params": {"gamma": 10.215496507076317, "log10_alpha": -0.6070318895000124, "log10_colsample_bytree": -0.11350317781670494, "log10_eta": -3.082898706302646, "log10_lambda": -3.947146546659062, "log10_min_child_weight": 2.1585984594651473, "log10_subsample": -0.8704751515497902, "max_depth": 9.0, "num_boost_round": 25.0}, "datetime": {"datetime": "2024-01-19 01:33:41", "elapsed": 4974.878117, "delta": 0.003845}}
{"target": -17.677230611846426, "params": {"gamma": 33.691898702583956, "log10_alpha": -4.298235228037245, "log10_colsample_bytree": 0.0, "log10_eta": -4.0, "log10_lambda": -0.8273794130806347, "log10_min_child_weight": 2.485085000650429, "log10_subsample": -1.0, "max_depth": 2.0, "num_boost_round": 0.0}, "datetime": {"datetime": "2024-01-19 01:34:53", "elapsed": 5047.197039, "delta": 72.318922}}
{"target": -17.677227621783175, "params": {"gamma": 33.691898702583956, "log10_alpha": -4.298235228037245, "log10_colsample_bytree": 0.0, "log10_eta": -4.0, "log10_lambda": -0.8273794130806347, "log10_min_child_weight": 2.485085000650429, "log10_subsample": -1.0, "max_depth": 2.0, "num_boost_round": 1.0}, "datetime": {"datetime": "2024-01-19 01:34:53", "elapsed": 5047.202032, "delta": 0.004993}}
{"target": -17.677225301567336, "params": {"gamma": 33.691898702583956, "log10_alpha": -4.298235228037245, "log10_colsample_bytree": 0.0, "log10_eta": -4.0, "log10_lambda": -0.8273794130806347, "log10_min_child_weight": 2.485085000650429, "log10_subsample": -1.0, "max_depth": 2.0, "num_boost_round": 2.0}, "datetime": {"datetime": "2024-01-19 01:34:53", "elapsed": 5047.206354, "delta": 0.004322}}
{"target": -17.677223253632953, "params": {"gamma": 33.691898702583956, "log10_alpha": -4.298235228037245, "log10_colsample_bytree": 0.0, "log10_eta": -4.0, "log10_lambda": -0.8273794130806347, "log10_min_child_weight": 2.485085000650429, "log10_subsample": -1.0, "max_depth": 2.0, "num_boost_round": 3.0}, "datetime": {"datetime": "2024-01-19 01:34:53", "elapsed": 5047.210685, "delta": 0.004331}}
{"target": -17.677222175938983, "params": {"gamma": 33.691898702583956, "log10_alpha": -4.298235228037245, "log10_colsample_bytree": 0.0, "log10_eta": -4.0, "log10_lambda": -0.8273794130806347, "log10_min_child_weight": 2.485085000650429, "log10_subsample": -1.0, "max_depth": 2.0, "num_boost_round": 4.0}, "datetime": {"datetime": "2024-01-19 01:34:53", "elapsed": 5047.215037, "delta": 0.004352}}
{"target": -17.677219887218477, "params": {"gamma": 33.691898702583956, "log10_alpha": -4.298235228037245, "log10_colsample_bytree": 0.0, "log10_eta": -4.0, "log10_lambda": -0.8273794130806347, "log10_min_child_weight": 2.485085000650429, "log10_subsample": -1.0, "max_depth": 2.0, "num_boost_round": 5.0}, "datetime": {"datetime": "2024-01-19 01:34:53", "elapsed": 5047.219241, "delta": 0.004204}}
{"target": -17.67721746171263, "params": {"gamma": 33.691898702583956, "log10_alpha": -4.298235228037245, "log10_colsample_bytree": 0.0, "log10_eta": -4.0, "log10_lambda": -0.8273794130806347, "log10_min_child_weight": 2.485085000650429, "log10_subsample": -1.0, "max_depth": 2.0, "num_boost_round": 6.0}, "datetime": {"datetime": "2024-01-19 01:34:53", "elapsed": 5047.223447, "delta": 0.004206}}
{"target": -17.677216045159767, "params": {"gamma": 33.691898702583956, "log10_alpha": -4.298235228037245, "log10_colsample_bytree": 0.0, "log10_eta": -4.0, "log10_lambda": -0.8273794130806347, "log10_min_child_weight": 2.485085000650429, "log10_subsample": -1.0, "max_depth": 2.0, "num_boost_round": 7.0}, "datetime": {"datetime": "2024-01-19 01:34:53", "elapsed": 5047.227772, "delta": 0.004325}}
{"target": -17.67721357069026, "params": {"gamma": 33.691898702583956, "log10_alpha": -4.298235228037245, "log10_colsample_bytree": 0.0, "log10_eta": -4.0, "log10_lambda": -0.8273794130806347, "log10_min_child_weight": 2.485085000650429, "log10_subsample": -1.0, "max_depth": 2.0, "num_boost_round": 8.0}, "datetime": {"datetime": "2024-01-19 01:34:53", "elapsed": 5047.232232, "delta": 0.00446}}
{"target": -17.677210467474332, "params": {"gamma": 33.691898702583956, "log10_alpha": -4.298235228037245, "log10_colsample_bytree": 0.0, "log10_eta": -4.0, "log10_lambda": -0.8273794130806347, "log10_min_child_weight": 2.485085000650429, "log10_subsample": -1.0, "max_depth": 2.0, "num_boost_round": 9.0}, "datetime": {"datetime": "2024-01-19 01:34:53", "elapsed": 5047.236536, "delta": 0.004304}}
{"target": -17.6772083237941, "params": {"gamma": 33.691898702583956, "log10_alpha": -4.298235228037245, "log10_colsample_bytree": 0.0, "log10_eta": -4.0, "log10_lambda": -0.8273794130806347, "log10_min_child_weight": 2.485085000650429, "log10_subsample": -1.0, "max_depth": 2.0, "num_boost_round": 10.0}, "datetime": {"datetime": "2024-01-19 01:34:53", "elapsed": 5047.240774, "delta": 0.004238}}
{"target": -17.67720620942399, "params": {"gamma": 33.691898702583956, "log10_alpha": -4.298235228037245, "log10_colsample_bytree": 0.0, "log10_eta": -4.0, "log10_lambda": -0.8273794130806347, "log10_min_child_weight": 2.485085000650429, "log10_subsample": -1.0, "max_depth": 2.0, "num_boost_round": 11.0}, "datetime": {"datetime": "2024-01-19 01:34:53", "elapsed": 5047.245026, "delta": 0.004252}}
{"target": -17.677203747876383, "params": {"gamma": 33.691898702583956, "log10_alpha": -4.298235228037245, "log10_colsample_bytree": 0.0, "log10_eta": -4.0, "log10_lambda": -0.8273794130806347, "log10_min_child_weight": 2.485085000650429, "log10_subsample": -1.0, "max_depth": 2.0, "num_boost_round": 12.0}, "datetime": {"datetime": "2024-01-19 01:34:53", "elapsed": 5047.249292, "delta": 0.004266}}
{"target": -17.677201572976934, "params": {"gamma": 33.691898702583956, "log10_alpha": -4.298235228037245, "log10_colsample_bytree": 0.0, "log10_eta": -4.0, "log10_lambda": -0.8273794130806347, "log10_min_child_weight": 2.485085000650429, "log10_subsample": -1.0, "max_depth": 2.0, "num_boost_round": 13.0}, "datetime": {"datetime": "2024-01-19 01:34:53", "elapsed": 5047.253561, "delta": 0.004269}}
{"target": -17.677198813992486, "params": {"gamma": 33.691898702583956, "log10_alpha": -4.298235228037245, "log10_colsample_bytree": 0.0, "log10_eta": -4.0, "log10_lambda": -0.8273794130806347, "log10_min_child_weight": 2.485085000650429, "log10_subsample": -1.0, "max_depth": 2.0, "num_boost_round": 14.0}, "datetime": {"datetime": "2024-01-19 01:34:53", "elapsed": 5047.257816, "delta": 0.004255}}
{"target": -17.677195251014552, "params": {"gamma": 33.691898702583956, "log10_alpha": -4.298235228037245, "log10_colsample_bytree": 0.0, "log10_eta": -4.0, "log10_lambda": -0.8273794130806347, "log10_min_child_weight": 2.485085000650429, "log10_subsample": -1.0, "max_depth": 2.0, "num_boost_round": 15.0}, "datetime": {"datetime": "2024-01-19 01:34:53", "elapsed": 5047.262014, "delta": 0.004198}}
{"target": -17.67719156355834, "params": {"gamma": 33.691898702583956, "log10_alpha": -4.298235228037245, "log10_colsample_bytree": 0.0, "log10_eta": -4.0, "log10_lambda": -0.8273794130806347, "log10_min_child_weight": 2.485085000650429, "log10_subsample": -1.0, "max_depth": 2.0, "num_boost_round": 16.0}, "datetime": {"datetime": "2024-01-19 01:34:53", "elapsed": 5047.266384, "delta": 0.00437}}
