{"target": -17.677128924511848, "params": {"gamma": 399.47482799331544, "log10_alpha": -1.4833389916375257, "log10_colsample_bytree": -0.8237321478718773, "log10_eta": -3.9722858452770806, "log10_lambda": -2.4725005020171933, "log10_min_child_weight": 2.7207674606708165, "log10_subsample": -0.3921204927825397, "max_depth": 7.0, "num_boost_round": 22.0}, "datetime": {"datetime": "2024-01-19 01:38:17", "elapsed": 5187.297423, "delta": 0.005096}}
{"target": -17.67711988243707, "params": {"gamma": 399.47482799331544, "log10_alpha": -1.4833389916375257, "log10_colsample_bytree": -0.8237321478718773, "log10_eta": -3.9722858452770806, "log10_lambda": -2.4725005020171933, "log10_min_child_weight": 2.7207674606708165, "log10_subsample": -0.3921204927825397, "max_depth": 7.0, "num_boost_round": 23.0}, "datetime": {"datetime": "2024-01-19 01:38:17", "elapsed": 5187.302819, "delta": 0.005396}}
{"target": -17.677119343926798, "params": {"gamma": 399.47482799331544, "log10_alpha": -1.4833389916375257, "log10_colsample_bytree": -0.8237321478718773, "log10_eta": -3.9722858452770806, "log10_lambda": -2.4725005020171933, "log10_min_child_weight": 2.7207674606708165, "log10_subsample": -0.3921204927825397, "max_depth": 7.0, "num_boost_round": 24.0}, "datetime": {"datetime": "2024-01-19 01:38:17", "elapsed": 5187.30827, "delta": 0.005451}}
{"target": -17.67711095683644, "params": {"gamma": 399.47482799331544, "log10_alpha": -1.4833389916375257, "log10_colsample_bytree": -0.8237321478718773, "log10_eta": -3.9722858452770806, "log10_lambda": -2.4725005020171933, "log10_min_child_weight": 2.7207674606708165, "log10_subsample": -0.3921204927825397, "max_depth": 7.0, "num_boost_round": 25.0}, "datetime": {"datetime": "2024-01-19 01:38:17", "elapsed": 5187.3139, "delta": 0.00563}}
{"target": -17.677107883250542, "params": {"gamma": 399.47482799331544, "log10_alpha": -1.4833389916375257, "log10_colsample_bytree": -0.8237321478718773, "log10_eta": -3.9722858452770806, "log10_lambda": -2.4725005020171933, "log10_min_child_weight": 2.7207674606708165, "log10_subsample": -0.3921204927825397, "max_depth": 7.0, "num_boost_round": 26.0}, "datetime": {"datetime": "2024-01-19 01:38:17", "elapsed": 5187.43361, "delta": 0.11971}}
{"target": -17.67710573258825, "params": {"gamma": 399.47482799331544, "log10_alpha": -1.4833389916375257, "log10_colsample_bytree": -0.8237321478718773, "log10_eta": -3.9722858452770806, "log10_lambda": -2.4725005020171933, "log10_min_child_weight": 2.7207674606708165, "log10_subsample": -0.3921204927825397, "max_depth": 7.0, "num_boost_round": 27.0}, "datetime": {"datetime": "2024-01-19 01:38:17", "elapsed": 5187.440198, "delta": 0.006588}}
{"target": -17.677101909014212, "params": {"gamma": 399.47482799331544, "log10_alpha": -1.4833389916375257, "log10_colsample_bytree": -0.8237321478718773, "log10_eta": -3.9722858452770806, "log10_lambda": -2.4725005020171933, "log10_min_child_weight": 2.7207674606708165, "log10_subsample": -0.3921204927825397, "max_depth": 7.0, "num_boost_round": 28.0}, "datetime": {"datetime": "2024-01-19 01:38:17", "elapsed": 5187.446285, "delta": 0.006087}}
{"target": -17.677096801866448, "params": {"gamma": 399.47482799331544, "log10_alpha": -1.4833389916375257, "log10_colsample_bytree": -0.8237321478718773, "log10_eta": -3.9722858452770806, "log10_lambda": -2.4725005020171933, "log10_min_child_weight": 2.7207674606708165, "log10_subsample": -0.3921204927825397, "max_depth": 7.0, "num_boost_round": 29.0}, "datetime": {"datetime": "2024-01-19 01:38:17", "elapsed": 5187.452173, "delta": 0.005888}}
{"target": -17.677179447082572, "params": {"gamma": 402.1695122589728, "log10_alpha": -4.656811182788414, "log10_colsample_bytree": -0.7347687385320301, "log10_eta": -2.4421729445944367, "log10_lambda": -4.628993429917777, "log10_min_child_weight": 4.769640131312261, "log10_subsample": -0.1337133054091273, "max_depth": 7.0, "num_boost_round": 0.0}, "datetime": {"datetime": "2024-01-19 01:40:21", "elapsed": 5310.889629, "delta": 123.437456}}
{"target": -17.67714584464859, "params": {"gamma": 402.1695122589728, "log10_alpha": -4.656811182788414, "log10_colsample_bytree": -0.7347687385320301, "log10_eta": -2.4421729445944367, "log10_lambda": -4.628993429917777, "log10_min_child_weight": 4.769640131312261, "log10_subsample": -0.1337133054091273, "max_depth": 7.0, "num_boost_round": 1.0}, "datetime": {"datetime": "2024-01-19 01:40:21", "elapsed": 5310.896186, "delta": 0.006557}}
{"target": -17.677136091018646, "params": {"gamma": 402.1695122589728, "log10_alpha": -4.656811182788414, "log10_colsample_bytree": -0.7347687385320301, "log10_eta": -2.4421729445944367, "log10_lambda": -4.628993429917777, "log10_min_child_weight": 4.769640131312261, "log10_subsample": -0.1337133054091273, "max_depth": 7.0, "num_boost_round": 2.0}, "datetime": {"datetime": "2024-01-19 01:40:21", "elapsed": 5310.902089, "delta": 0.005903}}
{"target": -17.677091557373974, "params": {"gamma": 402.1695122589728, "log10_alpha": -4.656811182788414, "log10_colsample_bytree": -0.7347687385320301, "log10_eta": -2.4421729445944367, "log10_lambda": -4.628993429917777, "log10_min_child_weight": 4.769640131312261, "log10_subsample": -0.1337133054091273, "max_depth": 7.0, "num_boost_round": 3.0}, "datetime": {"datetime": "2024-01-19 01:40:21", "elapsed": 5310.907872, "delta": 0.005783}}
{"target": -17.677052452733207, "params": {"gamma": 402.1695122589728, "log10_alpha": -4.656811182788414, "log10_colsample_bytree": -0.7347687385320301, "log10_eta": -2.4421729445944367, "log10_lambda": -4.628993429917777, "log10_min_child_weight": 4.769640131312261, "log10_subsample": -0.1337133054091273, "max_depth": 7.0, "num_boost_round": 4.0}, "datetime": {"datetime": "2024-01-19 01:40:21", "elapsed": 5310.913553, "delta": 0.005681}}
{"target": -17.67702452421511, "params": {"gamma": 402.1695122589728, "log10_alpha": -4.656811182788414, "log10_colsample_bytree": -0.7347687385320301, "log10_eta": -2.4421729445944367, "log10_lambda": -4.628993429917777, "log10_min_child_weight": 4.769640131312261, "log10_subsample": -0.1337133054091273, "max_depth": 7.0, "num_boost_round": 5.0}, "datetime": {"datetime": "2024-01-19 01:40:21", "elapsed": 5310.919303, "delta": 0.00575}}
{"target": -17.6770398291477, "params": {"gamma": 402.1695122589728, "log10_alpha": -4.656811182788414, "log10_colsample_bytree": -0.7347687385320301, "log10_eta": -2.4421729445944367, "log10_lambda": -4.628993429917777, "log10_min_child_weight": 4.769640131312261, "log10_subsample": -0.1337133054091273, "max_depth": 7.0, "num_boost_round": 6.0}, "datetime": {"datetime": "2024-01-19 01:40:21", "elapsed": 5310.925367, "delta": 0.006064}}
{"target": -17.677020309517623, "params": {"gamma": 402.1695122589728, "log10_alpha": -4.656811182788414, "log10_colsample_bytree": -0.7347687385320301, "log10_eta": -2.4421729445944367, "log10_lambda": -4.628993429917777, "log10_min_child_weight": 4.769640131312261, "log10_subsample": -0.1337133054091273, "max_depth": 7.0, "num_boost_round": 7.0}, "datetime": {"datetime": "2024-01-19 01:40:21", "elapsed": 5310.931127, "delta": 0.00576}}
{"target": -17.677006345777738, "params": {"gamma": 402.1695122589728, "log10_alpha": -4.656811182788414, "log10_colsample_bytree": -0.7347687385320301, "log10_eta": -2.4421729445944367, "log10_lambda": -4.628993429917777, "log10_min_child_weight": 4.769640131312261, "log10_subsample": -0.1337133054091273, "max_depth": 7.0, "num_boost_round": 8.0}, "datetime": {"datetime": "2024-01-19 01:40:21", "elapsed": 5310.936823, "delta": 0.005696}}
{"target": -17.67698973133964, "params": {"gamma": 402.1695122589728, "log10_alpha": -4.656811182788414, "log10_colsample_bytree": -0.7347687385320301, "log10_eta": -2.4421729445944367, "log10_lambda": -4.628993429917777, "log10_min_child_weight": 4.769640131312261, "log10_subsample": -0.1337133054091273, "max_depth": 7.0, "num_boost_round": 9.0}, "datetime": {"datetime": "2024-01-19 01:40:21", "elapsed": 5310.942885, "delta": 0.006062}}
{"target": -17.676967728345677, "params": {"gamma": 402.1695122589728, "log10_alpha": -4.656811182788414, "log10_colsample_bytree": -0.7347687385320301, "log10_eta": -2.4421729445944367, "log10_lambda": -4.628993429917777, "log10_min_child_weight": 4.769640131312261, "log10_subsample": -0.1337133054091273, "max_depth": 7.0, "num_boost_round": 10.0}, "datetime": {"datetime": "2024-01-19 01:40:21", "elapsed": 5310.948926, "delta": 0.006041}}
{"target": -17.67692495015415, "params": {"gamma": 402.1695122589728, "log10_alpha": -4.656811182788414, "log10_colsample_bytree": -0.7347687385320301, "log10_eta": -2.4421729445944367, "log10_lambda": -4.628993429917777, "log10_min_child_weight": 4.769640131312261, "log10_subsample": -0.1337133054091273, "max_depth": 7.0, "num_boost_round": 11.0}, "datetime": {"datetime": "2024-01-19 01:40:21", "elapsed": 5310.954877, "delta": 0.005951}}
{"target": -17.676924400191364, "params": {"gamma": 402.1695122589728, "log10_alpha": -4.656811182788414, "log10_colsample_bytree": -0.7347687385320301, "log10_eta": -2.4421729445944367, "log10_lambda": -4.628993429917777, "log10_min_child_weight": 4.769640131312261, "log10_subsample": -0.1337133054091273, "max_depth": 7.0, "num_boost_round": 12.0}, "datetime": {"datetime": "2024-01-19 01:40:21", "elapsed": 5310.960789, "delta": 0.005912}}
{"target": -17.676907357500284, "params": {"gamma": 402.1695122589728, "log10_alpha": -4.656811182788414, "log10_colsample_bytree": -0.7347687385320301, "log10_eta": -2.4421729445944367, "log10_lambda": -4.628993429917777, "log10_min_child_weight": 4.769640131312261, "log10_subsample": -0.1337133054091273, "max_depth": 7.0, "num_boost_round": 13.0}, "datetime": {"datetime": "2024-01-19 01:40:21", "elapsed": 5310.966567, "delta": 0.005778}}
{"target": -17.67690661728703, "params": {"gamma": 402.1695122589728, "log10_alpha": -4.656811182788414, "log10_colsample_bytree": -0.7347687385320301, "log10_eta": -2.4421729445944367, "log10_lambda": -4.628993429917777, "log10_min_child_weight": 4.769640131312261, "log10_subsample": -0.1337133054091273, "max_depth": 7.0, "num_boost_round": 14.0}, "datetime": {"datetime": "2024-01-19 01:40:21", "elapsed": 5310.972293, "delta": 0.005726}}
{"target": -17.676849985474277, "params": {"gamma": 402.1695122589728, "log10_alpha": -4.656811182788414, "log10_colsample_bytree": -0.7347687385320301, "log10_eta": -2.4421729445944367, "log10_lambda": -4.628993429917777, "log10_min_child_weight": 4.769640131312261, "log10_subsample": -0.1337133054091273, "max_depth": 7.0, "num_boost_round": 15.0}, "datetime": {"datetime": "2024-01-19 01:40:21", "elapsed": 5310.978037, "delta": 0.005744}}
{"target": -17.676782289361256, "params": {"gamma": 402.1695122589728, "log10_alpha": -4.656811182788414, "log10_colsample_bytree": -0.7347687385320301, "log10_eta": -2.4421729445944367, "log10_lambda": -4.628993429917777, "log10_min_child_weight": 4.769640131312261, "log10_subsample": -0.1337133054091273, "max_depth": 7.0, "num_boost_round": 16.0}, "datetime": {"datetime": "2024-01-19 01:40:21", "elapsed": 5310.983812, "delta": 0.005775}}
{"target": -17.676741927304743, "params": {"gamma": 402.1695122589728, "log10_alpha": -4.656811182788414, "log10_colsample_bytree": -0.7347687385320301, "log10_eta": -2.4421729445944367, "log10_lambda": -4.628993429917777, "log10_min_child_weight": 4.769640131312261, "log10_subsample": -0.1337133054091273, "max_depth": 7.0, "num_boost_round": 17.0}, "datetime": {"datetime": "2024-01-19 01:40:21", "elapsed": 5310.989584, "delta": 0.005772}}
{"target": -17.676689019320015, "params": {"gamma": 402.1695122589728, "log10_alpha": -4.656811182788414, "log10_colsample_bytree": -0.7347687385320301, "log10_eta": -2.4421729445944367, "log10_lambda": -4.628993429917777, "log10_min_child_weight": 4.769640131312261, "log10_subsample": -0.1337133054091273, "max_depth": 7.0, "num_boost_round": 18.0}, "datetime": {"datetime": "2024-01-19 01:40:21", "elapsed": 5310.995558, "delta": 0.005974}}
{"target": -17.676644223841034, "params": {"gamma": 402.1695122589728, "log10_alpha": -4.656811182788414, "log10_colsample_bytree": -0.7347687385320301, "log10_eta": -2.4421729445944367, "log10_lambda": -4.628993429917777, "log10_min_child_weight": 4.769640131312261, "log10_subsample": -0.1337133054091273, "max_depth": 7.0, "num_boost_round": 19.0}, "datetime": {"datetime": "2024-01-19 01:40:21", "elapsed": 5311.001481, "delta": 0.005923}}
{"target": -17.67666015387419, "params": {"gamma": 402.1695122589728, "log10_alpha": -4.656811182788414, "log10_colsample_bytree": -0.7347687385320301, "log10_eta": -2.4421729445944367, "log10_lambda": -4.628993429917777, "log10_min_child_weight": 4.769640131312261, "log10_subsample": -0.1337133054091273, "max_depth": 7.0, "num_boost_round": 20.0}, "datetime": {"datetime": "2024-01-19 01:40:21", "elapsed": 5311.007267, "delta": 0.005786}}
{"target": -17.676678533146422, "params": {"gamma": 402.1695122589728, "log10_alpha": -4.656811182788414, "log10_colsample_bytree": -0.7347687385320301, "log10_eta": -2.4421729445944367, "log10_lambda": -4.628993429917777, "log10_min_child_weight": 4.769640131312261, "log10_subsample": -0.1337133054091273, "max_depth": 7.0, "num_boost_round": 21.0}, "datetime": {"datetime": "2024-01-19 01:40:21", "elapsed": 5311.013011, "delta": 0.005744}}
{"target": -17.67664915593666, "params": {"gamma": 402.1695122589728, "log10_alpha": -4.656811182788414, "log10_colsample_bytree": -0.7347687385320301, "log10_eta": -2.4421729445944367, "log10_lambda": -4.628993429917777, "log10_min_child_weight": 4.769640131312261, "log10_subsample": -0.1337133054091273, "max_depth": 7.0, "num_boost_round": 22.0}, "datetime": {"datetime": "2024-01-19 01:40:21", "elapsed": 5311.018808, "delta": 0.005797}}
{"target": -17.676584201130495, "params": {"gamma": 402.1695122589728, "log10_alpha": -4.656811182788414, "log10_colsample_bytree": -0.7347687385320301, "log10_eta": -2.4421729445944367, "log10_lambda": -4.628993429917777, "log10_min_child_weight": 4.769640131312261, "log10_subsample": -0.1337133054091273, "max_depth": 7.0, "num_boost_round": 23.0}, "datetime": {"datetime": "2024-01-19 01:40:21", "elapsed": 5311.02468, "delta": 0.005872}}
{"target": -17.67658566626598, "params": {"gamma": 402.1695122589728, "log10_alpha": -4.656811182788414, "log10_colsample_bytree": -0.7347687385320301, "log10_eta": -2.4421729445944367, "log10_lambda": -4.628993429917777, "log10_min_child_weight": 4.769640131312261, "log10_subsample": -0.1337133054091273, "max_depth": 7.0, "num_boost_round": 24.0}, "datetime": {"datetime": "2024-01-19 01:40:21", "elapsed": 5311.03062, "delta": 0.00594}}
{"target": -17.67655204783281, "params": {"gamma": 402.1695122589728, "log10_alpha": -4.656811182788414, "log10_colsample_bytree": -0.7347687385320301, "log10_eta": -2.4421729445944367, "log10_lambda": -4.628993429917777, "log10_min_child_weight": 4.769640131312261, "log10_subsample": -0.1337133054091273, "max_depth": 7.0, "num_boost_round": 25.0}, "datetime": {"datetime": "2024-01-19 01:40:21", "elapsed": 5311.036283, "delta": 0.005663}}
{"target": -17.676550740200195, "params": {"gamma": 402.1695122589728, "log10_alpha": -4.656811182788414, "log10_colsample_bytree": -0.7347687385320301, "log10_eta": -2.4421729445944367, "log10_lambda": -4.628993429917777, "log10_min_child_weight": 4.769640131312261, "log10_subsample": -0.1337133054091273, "max_depth": 7.0, "num_boost_round": 26.0}, "datetime": {"datetime": "2024-01-19 01:40:21", "elapsed": 5311.042035, "delta": 0.005752}}
{"target": -17.676511224695343, "params": {"gamma": 402.1695122589728, "log10_alpha": -4.656811182788414, "log10_colsample_bytree": -0.7347687385320301, "log10_eta": -2.4421729445944367, "log10_lambda": -4.628993429917777, "log10_min_child_weight": 4.769640131312261, "log10_subsample": -0.1337133054091273, "max_depth": 7.0, "num_boost_round": 27.0}, "datetime": {"datetime": "2024-01-19 01:40:21", "elapsed": 5311.048895, "delta": 0.00686}}
{"target": -17.67646890373821, "params": {"gamma": 402.1695122589728, "log10_alpha": -4.656811182788414, "log10_colsample_bytree": -0.7347687385320301, "log10_eta": -2.4421729445944367, "log10_lambda": -4.628993429917777, "log10_min_child_weight": 4.769640131312261, "log10_subsample": -0.1337133054091273, "max_depth": 7.0, "num_boost_round": 28.0}, "datetime": {"datetime": "2024-01-19 01:40:21", "elapsed": 5311.054835, "delta": 0.00594}}
{"target": -17.676474460415424, "params": {"gamma": 402.1695122589728, "log10_alpha": -4.656811182788414, "log10_colsample_bytree": -0.7347687385320301, "log10_eta": -2.4421729445944367, "log10_lambda": -4.628993429917777, "log10_min_child_weight": 4.769640131312261, "log10_subsample": -0.1337133054091273, "max_depth": 7.0, "num_boost_round": 29.0}, "datetime": {"datetime": "2024-01-19 01:40:21", "elapsed": 5311.060819, "delta": 0.005984}}
{"target": -17.676441849905864, "params": {"gamma": 402.1695122589728, "log10_alpha": -4.656811182788414, "log10_colsample_bytree": -0.7347687385320301, "log10_eta": -2.4421729445944367, "log10_lambda": -4.628993429917777, "log10_min_child_weight": 4.769640131312261, "log10_subsample": -0.1337133054091273, "max_depth": 7.0, "num_boost_round": 30.0}, "datetime": {"datetime": "2024-01-19 01:40:21", "elapsed": 5311.066806, "delta": 0.005987}}
{"target": -17.676396550261572, "params": {"gamma": 402.1695122589728, "log10_alpha": -4.656811182788414, "log10_colsample_bytree": -0.7347687385320301, "log10_eta": -2.4421729445944367, "log10_lambda": -4.628993429917777, "log10_min_child_weight": 4.769640131312261, "log10_subsample": -0.1337133054091273, "max_depth": 7.0, "num_boost_round": 31.0}, "datetime": {"datetime": "2024-01-19 01:40:21", "elapsed": 5311.072412, "delta": 0.005606}}
{"target": -17.67637195361592, "params": {"gamma": 402.1695122589728, "log10_alpha": -4.656811182788414, "log10_colsample_bytree": -0.7347687385320301, "log10_eta": -2.4421729445944367, "log10_lambda": -4.628993429917777, "log10_min_child_weight": 4.769640131312261, "log10_subsample": -0.1337133054091273, "max_depth": 7.0, "num_boost_round": 32.0}, "datetime": {"datetime": "2024-01-19 01:40:21", "elapsed": 5311.078102, "delta": 0.00569}}
{"target": -17.676363299285168, "params": {"gamma": 402.1695122589728, "log10_alpha": -4.656811182788414, "log10_colsample_bytree": -0.7347687385320301, "log10_eta": -2.4421729445944367, "log10_lambda": -4.628993429917777, "log10_min_child_weight": 4.769640131312261, "log10_subsample": -0.1337133054091273, "max_depth": 7.0, "num_boost_round": 33.0}, "datetime": {"datetime": "2024-01-19 01:40:21", "elapsed": 5311.084013, "delta": 0.005911}}
{"target": -17.67629817397412, "params": {"gamma": 402.1695122589728, "log10_alpha": -4.656811182788414, "log10_colsample_bytree": -0.7347687385320301, "log10_eta": -2.4421729445944367, "log10_lambda": -4.628993429917777, "log10_min_child_weight": 4.769640131312261, "log10_subsample": -0.1337133054091273, "max_depth": 7.0, "num_boost_round": 34.0}, "datetime": {"datetime": "2024-01-19 01:40:21", "elapsed": 5311.089875, "delta": 0.005862}}
{"target": -17.676299379692697, "params": {"gamma": 402.1695122589728, "log10_alpha": -4.656811182788414, "log10_colsample_bytree": -0.7347687385320301, "log10_eta": -2.4421729445944367, "log10_lambda": -4.628993429917777, "log10_min_child_weight": 4.769640131312261, "log10_subsample": -0.1337133054091273, "max_depth": 7.0, "num_boost_round": 35.0}, "datetime": {"datetime": "2024-01-19 01:40:21", "elapsed": 5311.095883, "delta": 0.006008}}
{"target": -17.676300407007265, "params": {"gamma": 402.1695122589728, "log10_alpha": -4.656811182788414, "log10_colsample_bytree": -0.7347687385320301, "log10_eta": -2.4421729445944367, "log10_lambda": -4.628993429917777, "log10_min_child_weight": 4.769640131312261, "log10_subsample": -0.1337133054091273, "max_depth": 7.0, "num_boost_round": 36.0}, "datetime": {"datetime": "2024-01-19 01:40:21", "elapsed": 5311.102119, "delta": 0.006236}}
{"target": -17.67628134754547, "params": {"gamma": 402.1695122589728, "log10_alpha": -4.656811182788414, "log10_colsample_bytree": -0.7347687385320301, "log10_eta": -2.4421729445944367, "log10_lambda": -4.628993429917777, "log10_min_child_weight": 4.769640131312261, "log10_subsample": -0.1337133054091273, "max_depth": 7.0, "num_boost_round": 37.0}, "datetime": {"datetime": "2024-01-19 01:40:21", "elapsed": 5311.10786, "delta": 0.005741}}
{"target": -17.676260855478056, "params": {"gamma": 402.1695122589728, "log10_alpha": -4.656811182788414, "log10_colsample_bytree": -0.7347687385320301, "log10_eta": -2.4421729445944367, "log10_lambda": -4.628993429917777, "log10_min_child_weight": 4.769640131312261, "log10_subsample": -0.1337133054091273, "max_depth": 7.0, "num_boost_round": 38.0}, "datetime": {"datetime": "2024-01-19 01:40:21", "elapsed": 5311.1136, "delta": 0.00574}}
{"target": -17.676209931749334, "params": {"gamma": 402.1695122589728, "log10_alpha": -4.656811182788414, "log10_colsample_bytree": -0.7347687385320301, "log10_eta": -2.4421729445944367, "log10_lambda": -4.628993429917777, "log10_min_child_weight": 4.769640131312261, "log10_subsample": -0.1337133054091273, "max_depth": 7.0, "num_boost_round": 39.0}, "datetime": {"datetime": "2024-01-19 01:40:21", "elapsed": 5311.119333, "delta": 0.005733}}
{"target": -17.676992778440574, "params": {"gamma": 393.75279373560534, "log10_alpha": -1.4744582815107994, "log10_colsample_bytree": -0.16232510009623358, "log10_eta": -2.8286632445216897, "log10_lambda": -3.3661246764121113, "log10_min_child_weight": 0.2586936930884609, "log10_subsample": -0.2171739296933093, "max_depth": 9.0, "num_boost_round": 0.0}, "datetime": {"datetime": "2024-01-19 01:42:10", "elapsed": 5420.307863, "delta": 109.18853}}
