{"target": -17.67722177635803, "params": {"gamma": 435.17906102654524, "log10_alpha": 0.9697357458265463, "log10_colsample_bytree": -0.65116742421743, "log10_eta": -3.8681643602655837, "log10_lambda": -0.9071229142079833, "log10_min_child_weight": 4.908723209430161, "log10_subsample": -0.07518379042554157, "max_depth": 5.0, "num_boost_round": 11.0}, "datetime": {"datetime": "2024-01-19 00:25:15", "elapsed": 805.124796, "delta": 0.001795}}
{"target": -17.67722163415904, "params": {"gamma": 435.17906102654524, "log10_alpha": 0.9697357458265463, "log10_colsample_bytree": -0.65116742421743, "log10_eta": -3.8681643602655837, "log10_lambda": -0.9071229142079833, "log10_min_child_weight": 4.908723209430161, "log10_subsample": -0.07518379042554157, "max_depth": 5.0, "num_boost_round": 12.0}, "datetime": {"datetime": "2024-01-19 00:25:15", "elapsed": 805.126605, "delta": 0.001809}}
{"target": -17.677229990565255, "params": {"gamma": 442.2151338319892, "log10_alpha": -4.444144592359589, "log10_colsample_bytree": -0.18328864086164742, "log10_eta": -3.9711270652650144, "log10_lambda": -1.8138541824370567, "log10_min_child_weight": 1.841126782103864, "log10_subsample": -0.19593629622710362, "max_depth": 2.0, "num_boost_round": 0.0}, "datetime": {"datetime": "2024-01-19 00:25:35", "elapsed": 825.021736, "delta": 19.895131}}
{"target": -17.677227008486472, "params": {"gamma": 442.2151338319892, "log10_alpha": -4.444144592359589, "log10_colsample_bytree": -0.18328864086164742, "log10_eta": -3.9711270652650144, "log10_lambda": -1.8138541824370567, "log10_min_child_weight": 1.841126782103864, "log10_subsample": -0.19593629622710362, "max_depth": 2.0, "num_boost_round": 1.0}, "datetime": {"datetime": "2024-01-19 00:25:35", "elapsed": 825.023746, "delta": 0.00201}}
{"target": -17.67722410806289, "params": {"gamma": 442.2151338319892, "log10_alpha": -4.444144592359589, "log10_colsample_bytree": -0.18328864086164742, "log10_eta": -3.9711270652650144, "log10_lambda": -1.8138541824370567, "log10_min_child_weight": 1.841126782103864, "log10_subsample": -0.19593629622710362, "max_depth": 2.0, "num_boost_round": 2.0}, "datetime": {"datetime": "2024-01-19 00:25:35", "elapsed": 825.02562, "delta": 0.001874}}
{"target": -17.67721950135775, "params": {"gamma": 442.2151338319892, "log10_alpha": -4.444144592359589, "log10_colsample_bytree": -0.18328864086164742, "log10_eta": -3.9711270652650144, "log10_lambda": -1.8138541824370567, "log10_min_child_weight": 1.841126782103864, "log10_subsample": -0.19593629622710362, "max_depth": 2.0, "num_boost_round": 3.0}, "datetime": {"datetime": "2024-01-19 00:25:35", "elapsed": 825.027609, "delta": 0.001989}}
{"target": -17.677216970079954, "params": {"gamma": 442.2151338319892, "log10_alpha": -4.444144592359589, "log10_colsample_bytree": -0.18328864086164742, "log10_eta": -3.9711270652650144, "log10_lambda": -1.8138541824370567, "log10_min_child_weight": 1.841126782103864, "log10_subsample": -0.19593629622710362, "max_depth": 2.0, "num_boost_round": 4.0}, "datetime": {"datetime": "2024-01-19 00:25:35", "elapsed": 825.02946, "delta": 0.001851}}
{"target": -17.67721396494107, "params": {"gamma": 442.2151338319892, "log10_alpha": -4.444144592359589, "log10_colsample_bytree": -0.18328864086164742, "log10_eta": -3.9711270652650144, "log10_lambda": -1.8138541824370567, "log10_min_child_weight": 1.841126782103864, "log10_subsample": -0.19593629622710362, "max_depth": 2.0, "num_boost_round": 5.0}, "datetime": {"datetime": "2024-01-19 00:25:35", "elapsed": 825.031284, "delta": 0.001824}}
{"target": -17.677209610089314, "params": {"gamma": 442.2151338319892, "log10_alpha": -4.444144592359589, "log10_colsample_bytree": -0.18328864086164742, "log10_eta": -3.9711270652650144, "log10_lambda": -1.8138541824370567, "log10_min_child_weight": 1.841126782103864, "log10_subsample": -0.19593629622710362, "max_depth": 2.0, "num_boost_round": 6.0}, "datetime": {"datetime": "2024-01-19 00:25:35", "elapsed": 825.03312, "delta": 0.001836}}
{"target": -17.677206616123943, "params": {"gamma": 442.2151338319892, "log10_alpha": -4.444144592359589, "log10_colsample_bytree": -0.18328864086164742, "log10_eta": -3.9711270652650144, "log10_lambda": -1.8138541824370567, "log10_min_child_weight": 1.841126782103864, "log10_subsample": -0.19593629622710362, "max_depth": 2.0, "num_boost_round": 7.0}, "datetime": {"datetime": "2024-01-19 00:25:35", "elapsed": 825.034985, "delta": 0.001865}}
{"target": -17.677203683153788, "params": {"gamma": 442.2151338319892, "log10_alpha": -4.444144592359589, "log10_colsample_bytree": -0.18328864086164742, "log10_eta": -3.9711270652650144, "log10_lambda": -1.8138541824370567, "log10_min_child_weight": 1.841126782103864, "log10_subsample": -0.19593629622710362, "max_depth": 2.0, "num_boost_round": 8.0}, "datetime": {"datetime": "2024-01-19 00:25:35", "elapsed": 825.037636, "delta": 0.002651}}
{"target": -17.677201837770852, "params": {"gamma": 442.2151338319892, "log10_alpha": -4.444144592359589, "log10_colsample_bytree": -0.18328864086164742, "log10_eta": -3.9711270652650144, "log10_lambda": -1.8138541824370567, "log10_min_child_weight": 1.841126782103864, "log10_subsample": -0.19593629622710362, "max_depth": 2.0, "num_boost_round": 9.0}, "datetime": {"datetime": "2024-01-19 00:25:35", "elapsed": 825.039477, "delta": 0.001841}}
{"target": -17.67719889889043, "params": {"gamma": 442.2151338319892, "log10_alpha": -4.444144592359589, "log10_colsample_bytree": -0.18328864086164742, "log10_eta": -3.9711270652650144, "log10_lambda": -1.8138541824370567, "log10_min_child_weight": 1.841126782103864, "log10_subsample": -0.19593629622710362, "max_depth": 2.0, "num_boost_round": 10.0}, "datetime": {"datetime": "2024-01-19 00:25:35", "elapsed": 825.041289, "delta": 0.001812}}
{"target": -17.677196165774443, "params": {"gamma": 442.2151338319892, "log10_alpha": -4.444144592359589, "log10_colsample_bytree": -0.18328864086164742, "log10_eta": -3.9711270652650144, "log10_lambda": -1.8138541824370567, "log10_min_child_weight": 1.841126782103864, "log10_subsample": -0.19593629622710362, "max_depth": 2.0, "num_boost_round": 11.0}, "datetime": {"datetime": "2024-01-19 00:25:35", "elapsed": 825.043397, "delta": 0.002108}}
{"target": -17.677224481519183, "params": {"gamma": 433.7102881896784, "log10_alpha": -3.089239588760168, "log10_colsample_bytree": -0.47298837390071624, "log10_eta": -3.3580093484568323, "log10_lambda": -2.233440386351716, "log10_min_child_weight": 3.5107113168193935, "log10_subsample": -0.49836712554515816, "max_depth": 2.0, "num_boost_round": 0.0}, "datetime": {"datetime": "2024-01-19 00:25:54", "elapsed": 844.577426, "delta": 19.534029}}
{"target": -17.677215374032556, "params": {"gamma": 433.7102881896784, "log10_alpha": -3.089239588760168, "log10_colsample_bytree": -0.47298837390071624, "log10_eta": -3.3580093484568323, "log10_lambda": -2.233440386351716, "log10_min_child_weight": 3.5107113168193935, "log10_subsample": -0.49836712554515816, "max_depth": 2.0, "num_boost_round": 1.0}, "datetime": {"datetime": "2024-01-19 00:25:54", "elapsed": 844.579736, "delta": 0.00231}}
{"target": -17.677203989577205, "params": {"gamma": 433.7102881896784, "log10_alpha": -3.089239588760168, "log10_colsample_bytree": -0.47298837390071624, "log10_eta": -3.3580093484568323, "log10_lambda": -2.233440386351716, "log10_min_child_weight": 3.5107113168193935, "log10_subsample": -0.49836712554515816, "max_depth": 2.0, "num_boost_round": 2.0}, "datetime": {"datetime": "2024-01-19 00:25:54", "elapsed": 844.582151, "delta": 0.002415}}
{"target": -17.6772035337507, "params": {"gamma": 433.7102881896784, "log10_alpha": -3.089239588760168, "log10_colsample_bytree": -0.47298837390071624, "log10_eta": -3.3580093484568323, "log10_lambda": -2.233440386351716, "log10_min_child_weight": 3.5107113168193935, "log10_subsample": -0.49836712554515816, "max_depth": 2.0, "num_boost_round": 3.0}, "datetime": {"datetime": "2024-01-19 00:25:54", "elapsed": 844.584063, "delta": 0.001912}}
{"target": -17.677196617594735, "params": {"gamma": 433.7102881896784, "log10_alpha": -3.089239588760168, "log10_colsample_bytree": -0.47298837390071624, "log10_eta": -3.3580093484568323, "log10_lambda": -2.233440386351716, "log10_min_child_weight": 3.5107113168193935, "log10_subsample": -0.49836712554515816, "max_depth": 2.0, "num_boost_round": 4.0}, "datetime": {"datetime": "2024-01-19 00:25:54", "elapsed": 844.585914, "delta": 0.001851}}
{"target": -17.677190268726942, "params": {"gamma": 433.7102881896784, "log10_alpha": -3.089239588760168, "log10_colsample_bytree": -0.47298837390071624, "log10_eta": -3.3580093484568323, "log10_lambda": -2.233440386351716, "log10_min_child_weight": 3.5107113168193935, "log10_subsample": -0.49836712554515816, "max_depth": 2.0, "num_boost_round": 5.0}, "datetime": {"datetime": "2024-01-19 00:25:54", "elapsed": 844.587766, "delta": 0.001852}}
{"target": -17.677179094593786, "params": {"gamma": 433.7102881896784, "log10_alpha": -3.089239588760168, "log10_colsample_bytree": -0.47298837390071624, "log10_eta": -3.3580093484568323, "log10_lambda": -2.233440386351716, "log10_min_child_weight": 3.5107113168193935, "log10_subsample": -0.49836712554515816, "max_depth": 2.0, "num_boost_round": 6.0}, "datetime": {"datetime": "2024-01-19 00:25:54", "elapsed": 844.589608, "delta": 0.001842}}
{"target": -17.67717177817539, "params": {"gamma": 433.7102881896784, "log10_alpha": -3.089239588760168, "log10_colsample_bytree": -0.47298837390071624, "log10_eta": -3.3580093484568323, "log10_lambda": -2.233440386351716, "log10_min_child_weight": 3.5107113168193935, "log10_subsample": -0.49836712554515816, "max_depth": 2.0, "num_boost_round": 7.0}, "datetime": {"datetime": "2024-01-19 00:25:54", "elapsed": 844.591422, "delta": 0.001814}}
{"target": -17.67716238301617, "params": {"gamma": 433.7102881896784, "log10_alpha": -3.089239588760168, "log10_colsample_bytree": -0.47298837390071624, "log10_eta": -3.3580093484568323, "log10_lambda": -2.233440386351716, "log10_min_child_weight": 3.5107113168193935, "log10_subsample": -0.49836712554515816, "max_depth": 2.0, "num_boost_round": 8.0}, "datetime": {"datetime": "2024-01-19 00:25:54", "elapsed": 844.593329, "delta": 0.001907}}
{"target": -17.677157700745518, "params": {"gamma": 433.7102881896784, "log10_alpha": -3.089239588760168, "log10_colsample_bytree": -0.47298837390071624, "log10_eta": -3.3580093484568323, "log10_lambda": -2.233440386351716, "log10_min_child_weight": 3.5107113168193935, "log10_subsample": -0.49836712554515816, "max_depth": 2.0, "num_boost_round": 9.0}, "datetime": {"datetime": "2024-01-19 00:25:54", "elapsed": 844.595159, "delta": 0.00183}}
{"target": -17.6771484180957, "params": {"gamma": 433.7102881896784, "log10_alpha": -3.089239588760168, "log10_colsample_bytree": -0.47298837390071624, "log10_eta": -3.3580093484568323, "log10_lambda": -2.233440386351716, "log10_min_child_weight": 3.5107113168193935, "log10_subsample": -0.49836712554515816, "max_depth": 2.0, "num_boost_round": 10.0}, "datetime": {"datetime": "2024-01-19 00:25:54", "elapsed": 844.596999, "delta": 0.00184}}
{"target": -17.67713854188095, "params": {"gamma": 433.7102881896784, "log10_alpha": -3.089239588760168, "log10_colsample_bytree": -0.47298837390071624, "log10_eta": -3.3580093484568323, "log10_lambda": -2.233440386351716, "log10_min_child_weight": 3.5107113168193935, "log10_subsample": -0.49836712554515816, "max_depth": 2.0, "num_boost_round": 11.0}, "datetime": {"datetime": "2024-01-19 00:25:54", "elapsed": 844.598823, "delta": 0.001824}}
{"target": -17.675340173087584, "params": {"gamma": 428.671115138278, "log10_alpha": -0.709209510988547, "log10_colsample_bytree": -0.16691225042975055, "log10_eta": -0.8394797589578795, "log10_lambda": 0.017701866372261676, "log10_min_child_weight": 3.659610570380103, "log10_subsample": -0.3873189828995106, "max_depth": 2.0, "num_boost_round": 0.0}, "datetime": {"datetime": "2024-01-19 00:26:15", "elapsed": 865.587032, "delta": 20.988209}}
{"target": -17.675697592571293, "params": {"gamma": 428.671115138278, "log10_alpha": -0.709209510988547, "log10_colsample_bytree": -0.16691225042975055, "log10_eta": -0.8394797589578795, "log10_lambda": 0.017701866372261676, "log10_min_child_weight": 3.659610570380103, "log10_subsample": -0.3873189828995106, "max_depth": 2.0, "num_boost_round": 1.0}, "datetime": {"datetime": "2024-01-19 00:26:15", "elapsed": 865.589903, "delta": 0.002871}}
{"target": -17.676904813737902, "params": {"gamma": 428.671115138278, "log10_alpha": -0.709209510988547, "log10_colsample_bytree": -0.16691225042975055, "log10_eta": -0.8394797589578795, "log10_lambda": 0.017701866372261676, "log10_min_child_weight": 3.659610570380103, "log10_subsample": -0.3873189828995106, "max_depth": 2.0, "num_boost_round": 2.0}, "datetime": {"datetime": "2024-01-19 00:26:15", "elapsed": 865.592037, "delta": 0.002134}}
{"target": -17.679183198715773, "params": {"gamma": 428.671115138278, "log10_alpha": -0.709209510988547, "log10_colsample_bytree": -0.16691225042975055, "log10_eta": -0.8394797589578795, "log10_lambda": 0.017701866372261676, "log10_min_child_weight": 3.659610570380103, "log10_subsample": -0.3873189828995106, "max_depth": 2.0, "num_boost_round": 3.0}, "datetime": {"datetime": "2024-01-19 00:26:15", "elapsed": 865.593904, "delta": 0.001867}}
{"target": -17.67804469794843, "params": {"gamma": 428.671115138278, "log10_alpha": -0.709209510988547, "log10_colsample_bytree": -0.16691225042975055, "log10_eta": -0.8394797589578795, "log10_lambda": 0.017701866372261676, "log10_min_child_weight": 3.659610570380103, "log10_subsample": -0.3873189828995106, "max_depth": 2.0, "num_boost_round": 4.0}, "datetime": {"datetime": "2024-01-19 00:26:15", "elapsed": 865.595808, "delta": 0.001904}}
{"target": -17.67662470334119, "params": {"gamma": 428.671115138278, "log10_alpha": -0.709209510988547, "log10_colsample_bytree": -0.16691225042975055, "log10_eta": -0.8394797589578795, "log10_lambda": 0.017701866372261676, "log10_min_child_weight": 3.659610570380103, "log10_subsample": -0.3873189828995106, "max_depth": 2.0, "num_boost_round": 5.0}, "datetime": {"datetime": "2024-01-19 00:26:15", "elapsed": 865.597709, "delta": 0.001901}}
{"target": -17.67832075163197, "params": {"gamma": 428.671115138278, "log10_alpha": -0.709209510988547, "log10_colsample_bytree": -0.16691225042975055, "log10_eta": -0.8394797589578795, "log10_lambda": 0.017701866372261676, "log10_min_child_weight": 3.659610570380103, "log10_subsample": -0.3873189828995106, "max_depth": 2.0, "num_boost_round": 6.0}, "datetime": {"datetime": "2024-01-19 00:26:15", "elapsed": 865.599586, "delta": 0.001877}}
{"target": -17.679758769185025, "params": {"gamma": 428.671115138278, "log10_alpha": -0.709209510988547, "log10_colsample_bytree": -0.16691225042975055, "log10_eta": -0.8394797589578795, "log10_lambda": 0.017701866372261676, "log10_min_child_weight": 3.659610570380103, "log10_subsample": -0.3873189828995106, "max_depth": 2.0, "num_boost_round": 7.0}, "datetime": {"datetime": "2024-01-19 00:26:15", "elapsed": 865.60144, "delta": 0.001854}}
{"target": -17.68126569235655, "params": {"gamma": 428.671115138278, "log10_alpha": -0.709209510988547, "log10_colsample_bytree": -0.16691225042975055, "log10_eta": -0.8394797589578795, "log10_lambda": 0.017701866372261676, "log10_min_child_weight": 3.659610570380103, "log10_subsample": -0.3873189828995106, "max_depth": 2.0, "num_boost_round": 8.0}, "datetime": {"datetime": "2024-01-19 00:26:15", "elapsed": 865.603406, "delta": 0.001966}}
{"target": -17.681535081584336, "params": {"gamma": 428.671115138278, "log10_alpha": -0.709209510988547, "log10_colsample_bytree": -0.16691225042975055, "log10_eta": -0.8394797589578795, "log10_lambda": 0.017701866372261676, "log10_min_child_weight": 3.659610570380103, "log10_subsample": -0.3873189828995106, "max_depth": 2.0, "num_boost_round": 9.0}, "datetime": {"datetime": "2024-01-19 00:26:15", "elapsed": 865.605264, "delta": 0.001858}}
{"target": -17.677144463742067, "params": {"gamma": 438.91817135252296, "log10_alpha": -4.536772690814088, "log10_colsample_bytree": -0.921318682946764, "log10_eta": -2.180241590506152, "log10_lambda": -0.05647837007279044, "log10_min_child_weight": 4.4679471604242424, "log10_subsample": -0.22507975609788955, "max_depth": 3.0, "num_boost_round": 0.0}, "datetime": {"datetime": "2024-01-19 00:26:35", "elapsed": 885.502239, "delta": 19.896975}}
{"target": -17.677109541091227, "params": {"gamma": 438.91817135252296, "log10_alpha": -4.536772690814088, "log10_colsample_bytree": -0.921318682946764, "log10_eta": -2.180241590506152, "log10_lambda": -0.05647837007279044, "log10_min_child_weight": 4.4679471604242424, "log10_subsample": -0.22507975609788955, "max_depth": 3.0, "num_boost_round": 1.0}, "datetime": {"datetime": "2024-01-19 00:26:35", "elapsed": 885.504939, "delta": 0.0027}}
{"target": -17.677179668303364, "params": {"gamma": 438.91817135252296, "log10_alpha": -4.536772690814088, "log10_colsample_bytree": -0.921318682946764, "log10_eta": -2.180241590506152, "log10_lambda": -0.05647837007279044, "log10_min_child_weight": 4.4679471604242424, "log10_subsample": -0.22507975609788955, "max_depth": 3.0, "num_boost_round": 2.0}, "datetime": {"datetime": "2024-01-19 00:26:35", "elapsed": 885.507329, "delta": 0.00239}}
{"target": -17.67713112832876, "params": {"gamma": 438.91817135252296, "log10_alpha": -4.536772690814088, "log10_colsample_bytree": -0.921318682946764, "log10_eta": -2.180241590506152, "log10_lambda": -0.05647837007279044, "log10_min_child_weight": 4.4679471604242424, "log10_subsample": -0.22507975609788955, "max_depth": 3.0, "num_boost_round": 3.0}, "datetime": {"datetime": "2024-01-19 00:26:35", "elapsed": 885.509216, "delta": 0.001887}}
{"target": -17.67708411759714, "params": {"gamma": 438.91817135252296, "log10_alpha": -4.536772690814088, "log10_colsample_bytree": -0.921318682946764, "log10_eta": -2.180241590506152, "log10_lambda": -0.05647837007279044, "log10_min_child_weight": 4.4679471604242424, "log10_subsample": -0.22507975609788955, "max_depth": 3.0, "num_boost_round": 4.0}, "datetime": {"datetime": "2024-01-19 00:26:35", "elapsed": 885.511166, "delta": 0.00195}}
{"target": -17.67703907733766, "params": {"gamma": 438.91817135252296, "log10_alpha": -4.536772690814088, "log10_colsample_bytree": -0.921318682946764, "log10_eta": -2.180241590506152, "log10_lambda": -0.05647837007279044, "log10_min_child_weight": 4.4679471604242424, "log10_subsample": -0.22507975609788955, "max_depth": 3.0, "num_boost_round": 5.0}, "datetime": {"datetime": "2024-01-19 00:26:35", "elapsed": 885.513029, "delta": 0.001863}}
{"target": -17.67701043853419, "params": {"gamma": 438.91817135252296, "log10_alpha": -4.536772690814088, "log10_colsample_bytree": -0.921318682946764, "log10_eta": -2.180241590506152, "log10_lambda": -0.05647837007279044, "log10_min_child_weight": 4.4679471604242424, "log10_subsample": -0.22507975609788955, "max_depth": 3.0, "num_boost_round": 6.0}, "datetime": {"datetime": "2024-01-19 00:26:35", "elapsed": 885.5149, "delta": 0.001871}}
{"target": -17.676999391608522, "params": {"gamma": 438.91817135252296, "log10_alpha": -4.536772690814088, "log10_colsample_bytree": -0.921318682946764, "log10_eta": -2.180241590506152, "log10_lambda": -0.05647837007279044, "log10_min_child_weight": 4.4679471604242424, "log10_subsample": -0.22507975609788955, "max_depth": 3.0, "num_boost_round": 7.0}, "datetime": {"datetime": "2024-01-19 00:26:35", "elapsed": 885.516749, "delta": 0.001849}}
{"target": -17.67705397719189, "params": {"gamma": 438.91817135252296, "log10_alpha": -4.536772690814088, "log10_colsample_bytree": -0.921318682946764, "log10_eta": -2.180241590506152, "log10_lambda": -0.05647837007279044, "log10_min_child_weight": 4.4679471604242424, "log10_subsample": -0.22507975609788955, "max_depth": 3.0, "num_boost_round": 8.0}, "datetime": {"datetime": "2024-01-19 00:26:35", "elapsed": 885.518579, "delta": 0.00183}}
{"target": -17.677049711364464, "params": {"gamma": 438.91817135252296, "log10_alpha": -4.536772690814088, "log10_colsample_bytree": -0.921318682946764, "log10_eta": -2.180241590506152, "log10_lambda": -0.05647837007279044, "log10_min_child_weight": 4.4679471604242424, "log10_subsample": -0.22507975609788955, "max_depth": 3.0, "num_boost_round": 9.0}, "datetime": {"datetime": "2024-01-19 00:26:35", "elapsed": 885.520426, "delta": 0.001847}}
{"target": -17.677230589567333, "params": {"gamma": 429.8087008247005, "log10_alpha": 0.7247157873053718, "log10_colsample_bytree": -1.0, "log10_eta": -3.868658336983709, "log10_lambda": -1.8270109438267548, "log10_min_child_weight": 2.5200351128196563, "log10_subsample": -1.0, "max_depth": 2.0, "num_boost_round": 0.0}, "datetime": {"datetime": "2024-01-19 00:26:57", "elapsed": 907.242865, "delta": 21.722439}}
{"target": -17.677225553819685, "params": {"gamma": 429.8087008247005, "log10_alpha": 0.7247157873053718, "log10_colsample_bytree": -1.0, "log10_eta": -3.868658336983709, "log10_lambda": -1.8270109438267548, "log10_min_child_weight": 2.5200351128196563, "log10_subsample": -1.0, "max_depth": 2.0, "num_boost_round": 1.0}, "datetime": {"datetime": "2024-01-19 00:26:57", "elapsed": 907.244896, "delta": 0.002031}}
{"target": -17.677223891622226, "params": {"gamma": 429.8087008247005, "log10_alpha": 0.7247157873053718, "log10_colsample_bytree": -1.0, "log10_eta": -3.868658336983709, "log10_lambda": -1.8270109438267548, "log10_min_child_weight": 2.5200351128196563, "log10_subsample": -1.0, "max_depth": 2.0, "num_boost_round": 2.0}, "datetime": {"datetime": "2024-01-19 00:26:57", "elapsed": 907.246826, "delta": 0.00193}}
