{"target": -13.75852785693673, "params": {"gamma": 585.1076659324559, "log10_alpha": -4.200370091179056, "log10_colsample_bytree": -0.9571792122423638, "log10_eta": -3.2673914699479165, "log10_lambda": 0.49046550407658795, "log10_min_child_weight": 4.907259304748552, "log10_subsample": -0.7906310733812363, "max_depth": 2.0, "num_boost_round": 13.0}, "datetime": {"datetime": "2024-01-19 01:01:36", "elapsed": 3028.243253, "delta": 0.003316}}
{"target": -13.758525563451181, "params": {"gamma": 585.1076659324559, "log10_alpha": -4.200370091179056, "log10_colsample_bytree": -0.9571792122423638, "log10_eta": -3.2673914699479165, "log10_lambda": 0.49046550407658795, "log10_min_child_weight": 4.907259304748552, "log10_subsample": -0.7906310733812363, "max_depth": 2.0, "num_boost_round": 14.0}, "datetime": {"datetime": "2024-01-19 01:01:36", "elapsed": 3028.246922, "delta": 0.003669}}
{"target": -13.758522078264152, "params": {"gamma": 585.1076659324559, "log10_alpha": -4.200370091179056, "log10_colsample_bytree": -0.9571792122423638, "log10_eta": -3.2673914699479165, "log10_lambda": 0.49046550407658795, "log10_min_child_weight": 4.907259304748552, "log10_subsample": -0.7906310733812363, "max_depth": 2.0, "num_boost_round": 15.0}, "datetime": {"datetime": "2024-01-19 01:01:36", "elapsed": 3028.250413, "delta": 0.003491}}
{"target": -13.758521819379089, "params": {"gamma": 585.1076659324559, "log10_alpha": -4.200370091179056, "log10_colsample_bytree": -0.9571792122423638, "log10_eta": -3.2673914699479165, "log10_lambda": 0.49046550407658795, "log10_min_child_weight": 4.907259304748552, "log10_subsample": -0.7906310733812363, "max_depth": 2.0, "num_boost_round": 16.0}, "datetime": {"datetime": "2024-01-19 01:01:36", "elapsed": 3028.253894, "delta": 0.003481}}
{"target": -13.758521898645892, "params": {"gamma": 585.1076659324559, "log10_alpha": -4.200370091179056, "log10_colsample_bytree": -0.9571792122423638, "log10_eta": -3.2673914699479165, "log10_lambda": 0.49046550407658795, "log10_min_child_weight": 4.907259304748552, "log10_subsample": -0.7906310733812363, "max_depth": 2.0, "num_boost_round": 17.0}, "datetime": {"datetime": "2024-01-19 01:01:36", "elapsed": 3028.257227, "delta": 0.003333}}
{"target": -13.75852089600836, "params": {"gamma": 585.1076659324559, "log10_alpha": -4.200370091179056, "log10_colsample_bytree": -0.9571792122423638, "log10_eta": -3.2673914699479165, "log10_lambda": 0.49046550407658795, "log10_min_child_weight": 4.907259304748552, "log10_subsample": -0.7906310733812363, "max_depth": 2.0, "num_boost_round": 18.0}, "datetime": {"datetime": "2024-01-19 01:01:36", "elapsed": 3028.260548, "delta": 0.003321}}
{"target": -13.758519015034508, "params": {"gamma": 585.1076659324559, "log10_alpha": -4.200370091179056, "log10_colsample_bytree": -0.9571792122423638, "log10_eta": -3.2673914699479165, "log10_lambda": 0.49046550407658795, "log10_min_child_weight": 4.907259304748552, "log10_subsample": -0.7906310733812363, "max_depth": 2.0, "num_boost_round": 19.0}, "datetime": {"datetime": "2024-01-19 01:01:36", "elapsed": 3028.263866, "delta": 0.003318}}
{"target": -13.758519321522716, "params": {"gamma": 585.1076659324559, "log10_alpha": -4.200370091179056, "log10_colsample_bytree": -0.9571792122423638, "log10_eta": -3.2673914699479165, "log10_lambda": 0.49046550407658795, "log10_min_child_weight": 4.907259304748552, "log10_subsample": -0.7906310733812363, "max_depth": 2.0, "num_boost_round": 20.0}, "datetime": {"datetime": "2024-01-19 01:01:36", "elapsed": 3028.27177, "delta": 0.007904}}
{"target": -13.758517485239803, "params": {"gamma": 585.1076659324559, "log10_alpha": -4.200370091179056, "log10_colsample_bytree": -0.9571792122423638, "log10_eta": -3.2673914699479165, "log10_lambda": 0.49046550407658795, "log10_min_child_weight": 4.907259304748552, "log10_subsample": -0.7906310733812363, "max_depth": 2.0, "num_boost_round": 21.0}, "datetime": {"datetime": "2024-01-19 01:01:36", "elapsed": 3028.275167, "delta": 0.003397}}
{"target": -13.758517590799482, "params": {"gamma": 585.1076659324559, "log10_alpha": -4.200370091179056, "log10_colsample_bytree": -0.9571792122423638, "log10_eta": -3.2673914699479165, "log10_lambda": 0.49046550407658795, "log10_min_child_weight": 4.907259304748552, "log10_subsample": -0.7906310733812363, "max_depth": 2.0, "num_boost_round": 22.0}, "datetime": {"datetime": "2024-01-19 01:01:36", "elapsed": 3028.278522, "delta": 0.003355}}
{"target": -13.758517655970806, "params": {"gamma": 585.1076659324559, "log10_alpha": -4.200370091179056, "log10_colsample_bytree": -0.9571792122423638, "log10_eta": -3.2673914699479165, "log10_lambda": 0.49046550407658795, "log10_min_child_weight": 4.907259304748552, "log10_subsample": -0.7906310733812363, "max_depth": 2.0, "num_boost_round": 23.0}, "datetime": {"datetime": "2024-01-19 01:01:36", "elapsed": 3028.281847, "delta": 0.003325}}
{"target": -13.758515516870379, "params": {"gamma": 585.1076659324559, "log10_alpha": -4.200370091179056, "log10_colsample_bytree": -0.9571792122423638, "log10_eta": -3.2673914699479165, "log10_lambda": 0.49046550407658795, "log10_min_child_weight": 4.907259304748552, "log10_subsample": -0.7906310733812363, "max_depth": 2.0, "num_boost_round": 24.0}, "datetime": {"datetime": "2024-01-19 01:01:36", "elapsed": 3028.285329, "delta": 0.003482}}
{"target": -13.758515862953075, "params": {"gamma": 585.1076659324559, "log10_alpha": -4.200370091179056, "log10_colsample_bytree": -0.9571792122423638, "log10_eta": -3.2673914699479165, "log10_lambda": 0.49046550407658795, "log10_min_child_weight": 4.907259304748552, "log10_subsample": -0.7906310733812363, "max_depth": 2.0, "num_boost_round": 25.0}, "datetime": {"datetime": "2024-01-19 01:01:36", "elapsed": 3028.288766, "delta": 0.003437}}
{"target": -13.758515654808715, "params": {"gamma": 585.1076659324559, "log10_alpha": -4.200370091179056, "log10_colsample_bytree": -0.9571792122423638, "log10_eta": -3.2673914699479165, "log10_lambda": 0.49046550407658795, "log10_min_child_weight": 4.907259304748552, "log10_subsample": -0.7906310733812363, "max_depth": 2.0, "num_boost_round": 26.0}, "datetime": {"datetime": "2024-01-19 01:01:36", "elapsed": 3028.292145, "delta": 0.003379}}
{"target": -13.758515814549378, "params": {"gamma": 585.1076659324559, "log10_alpha": -4.200370091179056, "log10_colsample_bytree": -0.9571792122423638, "log10_eta": -3.2673914699479165, "log10_lambda": 0.49046550407658795, "log10_min_child_weight": 4.907259304748552, "log10_subsample": -0.7906310733812363, "max_depth": 2.0, "num_boost_round": 27.0}, "datetime": {"datetime": "2024-01-19 01:01:36", "elapsed": 3028.295531, "delta": 0.003386}}
{"target": -13.758513115114903, "params": {"gamma": 585.1076659324559, "log10_alpha": -4.200370091179056, "log10_colsample_bytree": -0.9571792122423638, "log10_eta": -3.2673914699479165, "log10_lambda": 0.49046550407658795, "log10_min_child_weight": 4.907259304748552, "log10_subsample": -0.7906310733812363, "max_depth": 2.0, "num_boost_round": 28.0}, "datetime": {"datetime": "2024-01-19 01:01:36", "elapsed": 3028.298875, "delta": 0.003344}}
{"target": -13.758513686751517, "params": {"gamma": 585.1076659324559, "log10_alpha": -4.200370091179056, "log10_colsample_bytree": -0.9571792122423638, "log10_eta": -3.2673914699479165, "log10_lambda": 0.49046550407658795, "log10_min_child_weight": 4.907259304748552, "log10_subsample": -0.7906310733812363, "max_depth": 2.0, "num_boost_round": 29.0}, "datetime": {"datetime": "2024-01-19 01:01:36", "elapsed": 3028.302221, "delta": 0.003346}}
{"target": -13.75681755889786, "params": {"gamma": 588.833951684547, "log10_alpha": -3.5945953251316745, "log10_colsample_bytree": -0.9010276085860934, "log10_eta": -1.0863216816025814, "log10_lambda": -2.204323283398275, "log10_min_child_weight": 0.5050579171274627, "log10_subsample": -0.3840710626547088, "max_depth": 3.0, "num_boost_round": 0.0}, "datetime": {"datetime": "2024-01-19 01:02:27", "elapsed": 3078.979259, "delta": 50.677038}}
{"target": -13.755383374925348, "params": {"gamma": 588.833951684547, "log10_alpha": -3.5945953251316745, "log10_colsample_bytree": -0.9010276085860934, "log10_eta": -1.0863216816025814, "log10_lambda": -2.204323283398275, "log10_min_child_weight": 0.5050579171274627, "log10_subsample": -0.3840710626547088, "max_depth": 3.0, "num_boost_round": 1.0}, "datetime": {"datetime": "2024-01-19 01:02:27", "elapsed": 3078.983905, "delta": 0.004646}}
{"target": -13.75528384937491, "params": {"gamma": 588.833951684547, "log10_alpha": -3.5945953251316745, "log10_colsample_bytree": -0.9010276085860934, "log10_eta": -1.0863216816025814, "log10_lambda": -2.204323283398275, "log10_min_child_weight": 0.5050579171274627, "log10_subsample": -0.3840710626547088, "max_depth": 3.0, "num_boost_round": 2.0}, "datetime": {"datetime": "2024-01-19 01:02:27", "elapsed": 3078.987444, "delta": 0.003539}}
{"target": -13.755313187521846, "params": {"gamma": 588.833951684547, "log10_alpha": -3.5945953251316745, "log10_colsample_bytree": -0.9010276085860934, "log10_eta": -1.0863216816025814, "log10_lambda": -2.204323283398275, "log10_min_child_weight": 0.5050579171274627, "log10_subsample": -0.3840710626547088, "max_depth": 3.0, "num_boost_round": 3.0}, "datetime": {"datetime": "2024-01-19 01:02:27", "elapsed": 3078.990868, "delta": 0.003424}}
{"target": -13.755446963223534, "params": {"gamma": 588.833951684547, "log10_alpha": -3.5945953251316745, "log10_colsample_bytree": -0.9010276085860934, "log10_eta": -1.0863216816025814, "log10_lambda": -2.204323283398275, "log10_min_child_weight": 0.5050579171274627, "log10_subsample": -0.3840710626547088, "max_depth": 3.0, "num_boost_round": 4.0}, "datetime": {"datetime": "2024-01-19 01:02:27", "elapsed": 3078.994191, "delta": 0.003323}}
{"target": -13.755626418553108, "params": {"gamma": 588.833951684547, "log10_alpha": -3.5945953251316745, "log10_colsample_bytree": -0.9010276085860934, "log10_eta": -1.0863216816025814, "log10_lambda": -2.204323283398275, "log10_min_child_weight": 0.5050579171274627, "log10_subsample": -0.3840710626547088, "max_depth": 3.0, "num_boost_round": 5.0}, "datetime": {"datetime": "2024-01-19 01:02:27", "elapsed": 3078.997506, "delta": 0.003315}}
{"target": -13.756529398927052, "params": {"gamma": 588.833951684547, "log10_alpha": -3.5945953251316745, "log10_colsample_bytree": -0.9010276085860934, "log10_eta": -1.0863216816025814, "log10_lambda": -2.204323283398275, "log10_min_child_weight": 0.5050579171274627, "log10_subsample": -0.3840710626547088, "max_depth": 3.0, "num_boost_round": 6.0}, "datetime": {"datetime": "2024-01-19 01:02:27", "elapsed": 3079.000842, "delta": 0.003336}}
{"target": -13.756665722716479, "params": {"gamma": 588.833951684547, "log10_alpha": -3.5945953251316745, "log10_colsample_bytree": -0.9010276085860934, "log10_eta": -1.0863216816025814, "log10_lambda": -2.204323283398275, "log10_min_child_weight": 0.5050579171274627, "log10_subsample": -0.3840710626547088, "max_depth": 3.0, "num_boost_round": 7.0}, "datetime": {"datetime": "2024-01-19 01:02:27", "elapsed": 3079.004198, "delta": 0.003356}}
{"target": -13.75858932557213, "params": {"gamma": 588.833951684547, "log10_alpha": -3.5945953251316745, "log10_colsample_bytree": -0.9010276085860934, "log10_eta": -1.0863216816025814, "log10_lambda": -2.204323283398275, "log10_min_child_weight": 0.5050579171274627, "log10_subsample": -0.3840710626547088, "max_depth": 3.0, "num_boost_round": 8.0}, "datetime": {"datetime": "2024-01-19 01:02:27", "elapsed": 3079.007631, "delta": 0.003433}}
{"target": -13.758104428096853, "params": {"gamma": 588.833951684547, "log10_alpha": -3.5945953251316745, "log10_colsample_bytree": -0.9010276085860934, "log10_eta": -1.0863216816025814, "log10_lambda": -2.204323283398275, "log10_min_child_weight": 0.5050579171274627, "log10_subsample": -0.3840710626547088, "max_depth": 3.0, "num_boost_round": 9.0}, "datetime": {"datetime": "2024-01-19 01:02:27", "elapsed": 3079.010954, "delta": 0.003323}}
{"target": -13.758240587634646, "params": {"gamma": 588.833951684547, "log10_alpha": -3.5945953251316745, "log10_colsample_bytree": -0.9010276085860934, "log10_eta": -1.0863216816025814, "log10_lambda": -2.204323283398275, "log10_min_child_weight": 0.5050579171274627, "log10_subsample": -0.3840710626547088, "max_depth": 3.0, "num_boost_round": 10.0}, "datetime": {"datetime": "2024-01-19 01:02:27", "elapsed": 3079.014299, "delta": 0.003345}}
{"target": -13.757926051557483, "params": {"gamma": 588.833951684547, "log10_alpha": -3.5945953251316745, "log10_colsample_bytree": -0.9010276085860934, "log10_eta": -1.0863216816025814, "log10_lambda": -2.204323283398275, "log10_min_child_weight": 0.5050579171274627, "log10_subsample": -0.3840710626547088, "max_depth": 3.0, "num_boost_round": 11.0}, "datetime": {"datetime": "2024-01-19 01:02:27", "elapsed": 3079.017621, "delta": 0.003322}}
{"target": -13.757912271340182, "params": {"gamma": 588.833951684547, "log10_alpha": -3.5945953251316745, "log10_colsample_bytree": -0.9010276085860934, "log10_eta": -1.0863216816025814, "log10_lambda": -2.204323283398275, "log10_min_child_weight": 0.5050579171274627, "log10_subsample": -0.3840710626547088, "max_depth": 3.0, "num_boost_round": 12.0}, "datetime": {"datetime": "2024-01-19 01:02:27", "elapsed": 3079.02094, "delta": 0.003319}}
{"target": -13.758036280754077, "params": {"gamma": 588.833951684547, "log10_alpha": -3.5945953251316745, "log10_colsample_bytree": -0.9010276085860934, "log10_eta": -1.0863216816025814, "log10_lambda": -2.204323283398275, "log10_min_child_weight": 0.5050579171274627, "log10_subsample": -0.3840710626547088, "max_depth": 3.0, "num_boost_round": 13.0}, "datetime": {"datetime": "2024-01-19 01:02:27", "elapsed": 3079.024356, "delta": 0.003416}}
{"target": -13.758333049654413, "params": {"gamma": 588.833951684547, "log10_alpha": -3.5945953251316745, "log10_colsample_bytree": -0.9010276085860934, "log10_eta": -1.0863216816025814, "log10_lambda": -2.204323283398275, "log10_min_child_weight": 0.5050579171274627, "log10_subsample": -0.3840710626547088, "max_depth": 3.0, "num_boost_round": 14.0}, "datetime": {"datetime": "2024-01-19 01:02:27", "elapsed": 3079.027795, "delta": 0.003439}}
{"target": -13.757667380748343, "params": {"gamma": 588.833951684547, "log10_alpha": -3.5945953251316745, "log10_colsample_bytree": -0.9010276085860934, "log10_eta": -1.0863216816025814, "log10_lambda": -2.204323283398275, "log10_min_child_weight": 0.5050579171274627, "log10_subsample": -0.3840710626547088, "max_depth": 3.0, "num_boost_round": 15.0}, "datetime": {"datetime": "2024-01-19 01:02:27", "elapsed": 3079.031114, "delta": 0.003319}}
{"target": -13.757939931500944, "params": {"gamma": 588.833951684547, "log10_alpha": -3.5945953251316745, "log10_colsample_bytree": -0.9010276085860934, "log10_eta": -1.0863216816025814, "log10_lambda": -2.204323283398275, "log10_min_child_weight": 0.5050579171274627, "log10_subsample": -0.3840710626547088, "max_depth": 3.0, "num_boost_round": 16.0}, "datetime": {"datetime": "2024-01-19 01:02:27", "elapsed": 3079.034554, "delta": 0.00344}}
{"target": -13.757856932713622, "params": {"gamma": 588.833951684547, "log10_alpha": -3.5945953251316745, "log10_colsample_bytree": -0.9010276085860934, "log10_eta": -1.0863216816025814, "log10_lambda": -2.204323283398275, "log10_min_child_weight": 0.5050579171274627, "log10_subsample": -0.3840710626547088, "max_depth": 3.0, "num_boost_round": 17.0}, "datetime": {"datetime": "2024-01-19 01:02:27", "elapsed": 3079.037918, "delta": 0.003364}}
{"target": -13.758233851093948, "params": {"gamma": 588.833951684547, "log10_alpha": -3.5945953251316745, "log10_colsample_bytree": -0.9010276085860934, "log10_eta": -1.0863216816025814, "log10_lambda": -2.204323283398275, "log10_min_child_weight": 0.5050579171274627, "log10_subsample": -0.3840710626547088, "max_depth": 3.0, "num_boost_round": 18.0}, "datetime": {"datetime": "2024-01-19 01:02:27", "elapsed": 3079.041264, "delta": 0.003346}}
{"target": -13.757307469582676, "params": {"gamma": 588.833951684547, "log10_alpha": -3.5945953251316745, "log10_colsample_bytree": -0.9010276085860934, "log10_eta": -1.0863216816025814, "log10_lambda": -2.204323283398275, "log10_min_child_weight": 0.5050579171274627, "log10_subsample": -0.3840710626547088, "max_depth": 3.0, "num_boost_round": 19.0}, "datetime": {"datetime": "2024-01-19 01:02:27", "elapsed": 3079.044703, "delta": 0.003439}}
{"target": -13.75865576632366, "params": {"gamma": 588.833951684547, "log10_alpha": -3.5945953251316745, "log10_colsample_bytree": -0.9010276085860934, "log10_eta": -1.0863216816025814, "log10_lambda": -2.204323283398275, "log10_min_child_weight": 0.5050579171274627, "log10_subsample": -0.3840710626547088, "max_depth": 3.0, "num_boost_round": 20.0}, "datetime": {"datetime": "2024-01-19 01:02:27", "elapsed": 3079.048224, "delta": 0.003521}}
{"target": -13.75901063991703, "params": {"gamma": 588.833951684547, "log10_alpha": -3.5945953251316745, "log10_colsample_bytree": -0.9010276085860934, "log10_eta": -1.0863216816025814, "log10_lambda": -2.204323283398275, "log10_min_child_weight": 0.5050579171274627, "log10_subsample": -0.3840710626547088, "max_depth": 3.0, "num_boost_round": 21.0}, "datetime": {"datetime": "2024-01-19 01:02:27", "elapsed": 3079.05167, "delta": 0.003446}}
{"target": -13.75945899387489, "params": {"gamma": 588.833951684547, "log10_alpha": -3.5945953251316745, "log10_colsample_bytree": -0.9010276085860934, "log10_eta": -1.0863216816025814, "log10_lambda": -2.204323283398275, "log10_min_child_weight": 0.5050579171274627, "log10_subsample": -0.3840710626547088, "max_depth": 3.0, "num_boost_round": 22.0}, "datetime": {"datetime": "2024-01-19 01:02:27", "elapsed": 3079.055079, "delta": 0.003409}}
{"target": -13.765342892487272, "params": {"gamma": 588.833951684547, "log10_alpha": -3.5945953251316745, "log10_colsample_bytree": -0.9010276085860934, "log10_eta": -1.0863216816025814, "log10_lambda": -2.204323283398275, "log10_min_child_weight": 0.5050579171274627, "log10_subsample": -0.3840710626547088, "max_depth": 3.0, "num_boost_round": 23.0}, "datetime": {"datetime": "2024-01-19 01:02:27", "elapsed": 3079.058432, "delta": 0.003353}}
{"target": -13.766254695430138, "params": {"gamma": 588.833951684547, "log10_alpha": -3.5945953251316745, "log10_colsample_bytree": -0.9010276085860934, "log10_eta": -1.0863216816025814, "log10_lambda": -2.204323283398275, "log10_min_child_weight": 0.5050579171274627, "log10_subsample": -0.3840710626547088, "max_depth": 3.0, "num_boost_round": 24.0}, "datetime": {"datetime": "2024-01-19 01:02:27", "elapsed": 3079.061753, "delta": 0.003321}}
{"target": -13.772158431033588, "params": {"gamma": 588.833951684547, "log10_alpha": -3.5945953251316745, "log10_colsample_bytree": -0.9010276085860934, "log10_eta": -1.0863216816025814, "log10_lambda": -2.204323283398275, "log10_min_child_weight": 0.5050579171274627, "log10_subsample": -0.3840710626547088, "max_depth": 3.0, "num_boost_round": 25.0}, "datetime": {"datetime": "2024-01-19 01:02:27", "elapsed": 3079.065144, "delta": 0.003391}}
{"target": -13.774193061275879, "params": {"gamma": 588.833951684547, "log10_alpha": -3.5945953251316745, "log10_colsample_bytree": -0.9010276085860934, "log10_eta": -1.0863216816025814, "log10_lambda": -2.204323283398275, "log10_min_child_weight": 0.5050579171274627, "log10_subsample": -0.3840710626547088, "max_depth": 3.0, "num_boost_round": 26.0}, "datetime": {"datetime": "2024-01-19 01:02:27", "elapsed": 3079.068596, "delta": 0.003452}}
{"target": -13.774455244729076, "params": {"gamma": 588.833951684547, "log10_alpha": -3.5945953251316745, "log10_colsample_bytree": -0.9010276085860934, "log10_eta": -1.0863216816025814, "log10_lambda": -2.204323283398275, "log10_min_child_weight": 0.5050579171274627, "log10_subsample": -0.3840710626547088, "max_depth": 3.0, "num_boost_round": 27.0}, "datetime": {"datetime": "2024-01-19 01:02:27", "elapsed": 3079.071925, "delta": 0.003329}}
{"target": -13.774749514149036, "params": {"gamma": 588.833951684547, "log10_alpha": -3.5945953251316745, "log10_colsample_bytree": -0.9010276085860934, "log10_eta": -1.0863216816025814, "log10_lambda": -2.204323283398275, "log10_min_child_weight": 0.5050579171274627, "log10_subsample": -0.3840710626547088, "max_depth": 3.0, "num_boost_round": 28.0}, "datetime": {"datetime": "2024-01-19 01:02:27", "elapsed": 3079.075301, "delta": 0.003376}}
{"target": -13.775279177658781, "params": {"gamma": 588.833951684547, "log10_alpha": -3.5945953251316745, "log10_colsample_bytree": -0.9010276085860934, "log10_eta": -1.0863216816025814, "log10_lambda": -2.204323283398275, "log10_min_child_weight": 0.5050579171274627, "log10_subsample": -0.3840710626547088, "max_depth": 3.0, "num_boost_round": 29.0}, "datetime": {"datetime": "2024-01-19 01:02:27", "elapsed": 3079.078628, "delta": 0.003327}}
{"target": -13.77648047672025, "params": {"gamma": 588.833951684547, "log10_alpha": -3.5945953251316745, "log10_colsample_bytree": -0.9010276085860934, "log10_eta": -1.0863216816025814, "log10_lambda": -2.204323283398275, "log10_min_child_weight": 0.5050579171274627, "log10_subsample": -0.3840710626547088, "max_depth": 3.0, "num_boost_round": 30.0}, "datetime": {"datetime": "2024-01-19 01:02:27", "elapsed": 3079.081953, "delta": 0.003325}}
{"target": -13.776672712291997, "params": {"gamma": 588.833951684547, "log10_alpha": -3.5945953251316745, "log10_colsample_bytree": -0.9010276085860934, "log10_eta": -1.0863216816025814, "log10_lambda": -2.204323283398275, "log10_min_child_weight": 0.5050579171274627, "log10_subsample": -0.3840710626547088, "max_depth": 3.0, "num_boost_round": 31.0}, "datetime": {"datetime": "2024-01-19 01:02:27", "elapsed": 3079.085482, "delta": 0.003529}}
