{"target": -17.67722310878392, "params": {"gamma": 411.6539883657595, "log10_alpha": -3.6831088162708725, "log10_colsample_bytree": -0.24906471848313094, "log10_eta": -3.966159945998372, "log10_lambda": -3.874707564054498, "log10_min_child_weight": 4.8406235542491185, "log10_subsample": -0.8131469497395044, "max_depth": 7.0, "num_boost_round": 28.0}, "datetime": {"datetime": "2024-01-19 00:39:16", "elapsed": 1649.239461, "delta": 0.002749}}
{"target": -17.67722277480123, "params": {"gamma": 411.6539883657595, "log10_alpha": -3.6831088162708725, "log10_colsample_bytree": -0.24906471848313094, "log10_eta": -3.966159945998372, "log10_lambda": -3.874707564054498, "log10_min_child_weight": 4.8406235542491185, "log10_subsample": -0.8131469497395044, "max_depth": 7.0, "num_boost_round": 29.0}, "datetime": {"datetime": "2024-01-19 00:39:16", "elapsed": 1649.24222, "delta": 0.002759}}
{"target": -17.677222655529405, "params": {"gamma": 411.6539883657595, "log10_alpha": -3.6831088162708725, "log10_colsample_bytree": -0.24906471848313094, "log10_eta": -3.966159945998372, "log10_lambda": -3.874707564054498, "log10_min_child_weight": 4.8406235542491185, "log10_subsample": -0.8131469497395044, "max_depth": 7.0, "num_boost_round": 30.0}, "datetime": {"datetime": "2024-01-19 00:39:16", "elapsed": 1649.24499, "delta": 0.00277}}
{"target": -17.67722307700613, "params": {"gamma": 411.6539883657595, "log10_alpha": -3.6831088162708725, "log10_colsample_bytree": -0.24906471848313094, "log10_eta": -3.966159945998372, "log10_lambda": -3.874707564054498, "log10_min_child_weight": 4.8406235542491185, "log10_subsample": -0.8131469497395044, "max_depth": 7.0, "num_boost_round": 31.0}, "datetime": {"datetime": "2024-01-19 00:39:16", "elapsed": 1649.247724, "delta": 0.002734}}
{"target": -17.677223073069655, "params": {"gamma": 411.6539883657595, "log10_alpha": -3.6831088162708725, "log10_colsample_bytree": -0.24906471848313094, "log10_eta": -3.966159945998372, "log10_lambda": -3.874707564054498, "log10_min_child_weight": 4.8406235542491185, "log10_subsample": -0.8131469497395044, "max_depth": 7.0, "num_boost_round": 32.0}, "datetime": {"datetime": "2024-01-19 00:39:16", "elapsed": 1649.250508, "delta": 0.002784}}
{"target": -17.677197059658806, "params": {"gamma": 456.8729287769164, "log10_alpha": -4.657976938839871, "log10_colsample_bytree": -0.19657590372953437, "log10_eta": -3.0769652444050504, "log10_lambda": -1.93181223238608, "log10_min_child_weight": 2.4724187022921376, "log10_subsample": -0.5737249299538092, "max_depth": 7.0, "num_boost_round": 0.0}, "datetime": {"datetime": "2024-01-19 00:39:50", "elapsed": 1683.091758, "delta": 33.84125}}
{"target": -17.67712403779747, "params": {"gamma": 456.8729287769164, "log10_alpha": -4.657976938839871, "log10_colsample_bytree": -0.19657590372953437, "log10_eta": -3.0769652444050504, "log10_lambda": -1.93181223238608, "log10_min_child_weight": 2.4724187022921376, "log10_subsample": -0.5737249299538092, "max_depth": 7.0, "num_boost_round": 1.0}, "datetime": {"datetime": "2024-01-19 00:39:50", "elapsed": 1683.094942, "delta": 0.003184}}
{"target": -17.677073789017015, "params": {"gamma": 456.8729287769164, "log10_alpha": -4.657976938839871, "log10_colsample_bytree": -0.19657590372953437, "log10_eta": -3.0769652444050504, "log10_lambda": -1.93181223238608, "log10_min_child_weight": 2.4724187022921376, "log10_subsample": -0.5737249299538092, "max_depth": 7.0, "num_boost_round": 2.0}, "datetime": {"datetime": "2024-01-19 00:39:50", "elapsed": 1683.09788, "delta": 0.002938}}
{"target": -17.677040546447213, "params": {"gamma": 456.8729287769164, "log10_alpha": -4.657976938839871, "log10_colsample_bytree": -0.19657590372953437, "log10_eta": -3.0769652444050504, "log10_lambda": -1.93181223238608, "log10_min_child_weight": 2.4724187022921376, "log10_subsample": -0.5737249299538092, "max_depth": 7.0, "num_boost_round": 3.0}, "datetime": {"datetime": "2024-01-19 00:39:50", "elapsed": 1683.105336, "delta": 0.007456}}
{"target": -17.676997309631957, "params": {"gamma": 456.8729287769164, "log10_alpha": -4.657976938839871, "log10_colsample_bytree": -0.19657590372953437, "log10_eta": -3.0769652444050504, "log10_lambda": -1.93181223238608, "log10_min_child_weight": 2.4724187022921376, "log10_subsample": -0.5737249299538092, "max_depth": 7.0, "num_boost_round": 4.0}, "datetime": {"datetime": "2024-01-19 00:39:50", "elapsed": 1683.108232, "delta": 0.002896}}
{"target": -17.67696384726154, "params": {"gamma": 456.8729287769164, "log10_alpha": -4.657976938839871, "log10_colsample_bytree": -0.19657590372953437, "log10_eta": -3.0769652444050504, "log10_lambda": -1.93181223238608, "log10_min_child_weight": 2.4724187022921376, "log10_subsample": -0.5737249299538092, "max_depth": 7.0, "num_boost_round": 5.0}, "datetime": {"datetime": "2024-01-19 00:39:50", "elapsed": 1683.111082, "delta": 0.00285}}
{"target": -17.676925132162, "params": {"gamma": 456.8729287769164, "log10_alpha": -4.657976938839871, "log10_colsample_bytree": -0.19657590372953437, "log10_eta": -3.0769652444050504, "log10_lambda": -1.93181223238608, "log10_min_child_weight": 2.4724187022921376, "log10_subsample": -0.5737249299538092, "max_depth": 7.0, "num_boost_round": 6.0}, "datetime": {"datetime": "2024-01-19 00:39:50", "elapsed": 1683.113899, "delta": 0.002817}}
{"target": -17.676866001104422, "params": {"gamma": 456.8729287769164, "log10_alpha": -4.657976938839871, "log10_colsample_bytree": -0.19657590372953437, "log10_eta": -3.0769652444050504, "log10_lambda": -1.93181223238608, "log10_min_child_weight": 2.4724187022921376, "log10_subsample": -0.5737249299538092, "max_depth": 7.0, "num_boost_round": 7.0}, "datetime": {"datetime": "2024-01-19 00:39:50", "elapsed": 1683.116671, "delta": 0.002772}}
{"target": -17.676826713272668, "params": {"gamma": 456.8729287769164, "log10_alpha": -4.657976938839871, "log10_colsample_bytree": -0.19657590372953437, "log10_eta": -3.0769652444050504, "log10_lambda": -1.93181223238608, "log10_min_child_weight": 2.4724187022921376, "log10_subsample": -0.5737249299538092, "max_depth": 7.0, "num_boost_round": 8.0}, "datetime": {"datetime": "2024-01-19 00:39:50", "elapsed": 1683.119512, "delta": 0.002841}}
{"target": -17.676762865456958, "params": {"gamma": 456.8729287769164, "log10_alpha": -4.657976938839871, "log10_colsample_bytree": -0.19657590372953437, "log10_eta": -3.0769652444050504, "log10_lambda": -1.93181223238608, "log10_min_child_weight": 2.4724187022921376, "log10_subsample": -0.5737249299538092, "max_depth": 7.0, "num_boost_round": 9.0}, "datetime": {"datetime": "2024-01-19 00:39:50", "elapsed": 1683.122292, "delta": 0.00278}}
{"target": -17.676789566473552, "params": {"gamma": 456.8729287769164, "log10_alpha": -4.657976938839871, "log10_colsample_bytree": -0.19657590372953437, "log10_eta": -3.0769652444050504, "log10_lambda": -1.93181223238608, "log10_min_child_weight": 2.4724187022921376, "log10_subsample": -0.5737249299538092, "max_depth": 7.0, "num_boost_round": 10.0}, "datetime": {"datetime": "2024-01-19 00:39:50", "elapsed": 1683.125046, "delta": 0.002754}}
{"target": -17.676739007332824, "params": {"gamma": 456.8729287769164, "log10_alpha": -4.657976938839871, "log10_colsample_bytree": -0.19657590372953437, "log10_eta": -3.0769652444050504, "log10_lambda": -1.93181223238608, "log10_min_child_weight": 2.4724187022921376, "log10_subsample": -0.5737249299538092, "max_depth": 7.0, "num_boost_round": 11.0}, "datetime": {"datetime": "2024-01-19 00:39:50", "elapsed": 1683.127752, "delta": 0.002706}}
{"target": -17.676731629086973, "params": {"gamma": 456.8729287769164, "log10_alpha": -4.657976938839871, "log10_colsample_bytree": -0.19657590372953437, "log10_eta": -3.0769652444050504, "log10_lambda": -1.93181223238608, "log10_min_child_weight": 2.4724187022921376, "log10_subsample": -0.5737249299538092, "max_depth": 7.0, "num_boost_round": 12.0}, "datetime": {"datetime": "2024-01-19 00:39:50", "elapsed": 1683.130612, "delta": 0.00286}}
{"target": -17.676710788135352, "params": {"gamma": 456.8729287769164, "log10_alpha": -4.657976938839871, "log10_colsample_bytree": -0.19657590372953437, "log10_eta": -3.0769652444050504, "log10_lambda": -1.93181223238608, "log10_min_child_weight": 2.4724187022921376, "log10_subsample": -0.5737249299538092, "max_depth": 7.0, "num_boost_round": 13.0}, "datetime": {"datetime": "2024-01-19 00:39:50", "elapsed": 1683.133407, "delta": 0.002795}}
{"target": -17.676706500849257, "params": {"gamma": 456.8729287769164, "log10_alpha": -4.657976938839871, "log10_colsample_bytree": -0.19657590372953437, "log10_eta": -3.0769652444050504, "log10_lambda": -1.93181223238608, "log10_min_child_weight": 2.4724187022921376, "log10_subsample": -0.5737249299538092, "max_depth": 7.0, "num_boost_round": 14.0}, "datetime": {"datetime": "2024-01-19 00:39:50", "elapsed": 1683.136147, "delta": 0.00274}}
{"target": -17.677252806458448, "params": {"gamma": 414.68784058704836, "log10_alpha": -4.523578937865898, "log10_colsample_bytree": -0.08477652416263748, "log10_eta": -2.57330923721396, "log10_lambda": -4.611853021930203, "log10_min_child_weight": 3.0286931938884685, "log10_subsample": -0.3978550909404054, "max_depth": 8.0, "num_boost_round": 0.0}, "datetime": {"datetime": "2024-01-19 00:40:22", "elapsed": 1715.426099, "delta": 32.289952}}
{"target": -17.677274686234473, "params": {"gamma": 414.68784058704836, "log10_alpha": -4.523578937865898, "log10_colsample_bytree": -0.08477652416263748, "log10_eta": -2.57330923721396, "log10_lambda": -4.611853021930203, "log10_min_child_weight": 3.0286931938884685, "log10_subsample": -0.3978550909404054, "max_depth": 8.0, "num_boost_round": 1.0}, "datetime": {"datetime": "2024-01-19 00:40:22", "elapsed": 1715.429818, "delta": 0.003719}}
{"target": -17.67728901110649, "params": {"gamma": 414.68784058704836, "log10_alpha": -4.523578937865898, "log10_colsample_bytree": -0.08477652416263748, "log10_eta": -2.57330923721396, "log10_lambda": -4.611853021930203, "log10_min_child_weight": 3.0286931938884685, "log10_subsample": -0.3978550909404054, "max_depth": 8.0, "num_boost_round": 2.0}, "datetime": {"datetime": "2024-01-19 00:40:22", "elapsed": 1715.433008, "delta": 0.00319}}
{"target": -17.67742915822213, "params": {"gamma": 414.68784058704836, "log10_alpha": -4.523578937865898, "log10_colsample_bytree": -0.08477652416263748, "log10_eta": -2.57330923721396, "log10_lambda": -4.611853021930203, "log10_min_child_weight": 3.0286931938884685, "log10_subsample": -0.3978550909404054, "max_depth": 8.0, "num_boost_round": 3.0}, "datetime": {"datetime": "2024-01-19 00:40:22", "elapsed": 1715.435742, "delta": 0.002734}}
{"target": -17.677421227864958, "params": {"gamma": 414.68784058704836, "log10_alpha": -4.523578937865898, "log10_colsample_bytree": -0.08477652416263748, "log10_eta": -2.57330923721396, "log10_lambda": -4.611853021930203, "log10_min_child_weight": 3.0286931938884685, "log10_subsample": -0.3978550909404054, "max_depth": 8.0, "num_boost_round": 4.0}, "datetime": {"datetime": "2024-01-19 00:40:22", "elapsed": 1715.438445, "delta": 0.002703}}
{"target": -17.677356114319583, "params": {"gamma": 414.68784058704836, "log10_alpha": -4.523578937865898, "log10_colsample_bytree": -0.08477652416263748, "log10_eta": -2.57330923721396, "log10_lambda": -4.611853021930203, "log10_min_child_weight": 3.0286931938884685, "log10_subsample": -0.3978550909404054, "max_depth": 8.0, "num_boost_round": 5.0}, "datetime": {"datetime": "2024-01-19 00:40:22", "elapsed": 1715.441205, "delta": 0.00276}}
{"target": -17.67733424751848, "params": {"gamma": 414.68784058704836, "log10_alpha": -4.523578937865898, "log10_colsample_bytree": -0.08477652416263748, "log10_eta": -2.57330923721396, "log10_lambda": -4.611853021930203, "log10_min_child_weight": 3.0286931938884685, "log10_subsample": -0.3978550909404054, "max_depth": 8.0, "num_boost_round": 6.0}, "datetime": {"datetime": "2024-01-19 00:40:22", "elapsed": 1715.443922, "delta": 0.002717}}
{"target": -17.677300036518318, "params": {"gamma": 414.68784058704836, "log10_alpha": -4.523578937865898, "log10_colsample_bytree": -0.08477652416263748, "log10_eta": -2.57330923721396, "log10_lambda": -4.611853021930203, "log10_min_child_weight": 3.0286931938884685, "log10_subsample": -0.3978550909404054, "max_depth": 8.0, "num_boost_round": 7.0}, "datetime": {"datetime": "2024-01-19 00:40:22", "elapsed": 1715.446581, "delta": 0.002659}}
{"target": -17.677293199565938, "params": {"gamma": 414.68784058704836, "log10_alpha": -4.523578937865898, "log10_colsample_bytree": -0.08477652416263748, "log10_eta": -2.57330923721396, "log10_lambda": -4.611853021930203, "log10_min_child_weight": 3.0286931938884685, "log10_subsample": -0.3978550909404054, "max_depth": 8.0, "num_boost_round": 8.0}, "datetime": {"datetime": "2024-01-19 00:40:22", "elapsed": 1715.44927, "delta": 0.002689}}
{"target": -17.677360260185388, "params": {"gamma": 414.68784058704836, "log10_alpha": -4.523578937865898, "log10_colsample_bytree": -0.08477652416263748, "log10_eta": -2.57330923721396, "log10_lambda": -4.611853021930203, "log10_min_child_weight": 3.0286931938884685, "log10_subsample": -0.3978550909404054, "max_depth": 8.0, "num_boost_round": 9.0}, "datetime": {"datetime": "2024-01-19 00:40:22", "elapsed": 1715.452094, "delta": 0.002824}}
{"target": -17.67738423343212, "params": {"gamma": 414.68784058704836, "log10_alpha": -4.523578937865898, "log10_colsample_bytree": -0.08477652416263748, "log10_eta": -2.57330923721396, "log10_lambda": -4.611853021930203, "log10_min_child_weight": 3.0286931938884685, "log10_subsample": -0.3978550909404054, "max_depth": 8.0, "num_boost_round": 10.0}, "datetime": {"datetime": "2024-01-19 00:40:22", "elapsed": 1715.454895, "delta": 0.002801}}
{"target": -17.677423712833154, "params": {"gamma": 414.68784058704836, "log10_alpha": -4.523578937865898, "log10_colsample_bytree": -0.08477652416263748, "log10_eta": -2.57330923721396, "log10_lambda": -4.611853021930203, "log10_min_child_weight": 3.0286931938884685, "log10_subsample": -0.3978550909404054, "max_depth": 8.0, "num_boost_round": 11.0}, "datetime": {"datetime": "2024-01-19 00:40:22", "elapsed": 1715.457585, "delta": 0.00269}}
{"target": -17.677314743684086, "params": {"gamma": 414.68784058704836, "log10_alpha": -4.523578937865898, "log10_colsample_bytree": -0.08477652416263748, "log10_eta": -2.57330923721396, "log10_lambda": -4.611853021930203, "log10_min_child_weight": 3.0286931938884685, "log10_subsample": -0.3978550909404054, "max_depth": 8.0, "num_boost_round": 12.0}, "datetime": {"datetime": "2024-01-19 00:40:22", "elapsed": 1715.460218, "delta": 0.002633}}
{"target": -17.677261019908336, "params": {"gamma": 414.68784058704836, "log10_alpha": -4.523578937865898, "log10_colsample_bytree": -0.08477652416263748, "log10_eta": -2.57330923721396, "log10_lambda": -4.611853021930203, "log10_min_child_weight": 3.0286931938884685, "log10_subsample": -0.3978550909404054, "max_depth": 8.0, "num_boost_round": 13.0}, "datetime": {"datetime": "2024-01-19 00:40:22", "elapsed": 1715.462958, "delta": 0.00274}}
{"target": -17.67724782020817, "params": {"gamma": 414.68784058704836, "log10_alpha": -4.523578937865898, "log10_colsample_bytree": -0.08477652416263748, "log10_eta": -2.57330923721396, "log10_lambda": -4.611853021930203, "log10_min_child_weight": 3.0286931938884685, "log10_subsample": -0.3978550909404054, "max_depth": 8.0, "num_boost_round": 14.0}, "datetime": {"datetime": "2024-01-19 00:40:22", "elapsed": 1715.465602, "delta": 0.002644}}
{"target": -17.677277710138288, "params": {"gamma": 414.68784058704836, "log10_alpha": -4.523578937865898, "log10_colsample_bytree": -0.08477652416263748, "log10_eta": -2.57330923721396, "log10_lambda": -4.611853021930203, "log10_min_child_weight": 3.0286931938884685, "log10_subsample": -0.3978550909404054, "max_depth": 8.0, "num_boost_round": 15.0}, "datetime": {"datetime": "2024-01-19 00:40:22", "elapsed": 1715.468301, "delta": 0.002699}}
{"target": -17.677157881357004, "params": {"gamma": 414.68784058704836, "log10_alpha": -4.523578937865898, "log10_colsample_bytree": -0.08477652416263748, "log10_eta": -2.57330923721396, "log10_lambda": -4.611853021930203, "log10_min_child_weight": 3.0286931938884685, "log10_subsample": -0.3978550909404054, "max_depth": 8.0, "num_boost_round": 16.0}, "datetime": {"datetime": "2024-01-19 00:40:22", "elapsed": 1715.471011, "delta": 0.00271}}
{"target": -17.67722670429925, "params": {"gamma": 424.37355318443116, "log10_alpha": -4.366850085890031, "log10_colsample_bytree": -0.677651492004365, "log10_eta": -3.883865823070528, "log10_lambda": -3.712000791755697, "log10_min_child_weight": 0.39698070408019315, "log10_subsample": -0.8809165772038215, "max_depth": 8.0, "num_boost_round": 0.0}, "datetime": {"datetime": "2024-01-19 00:40:54", "elapsed": 1747.58353, "delta": 32.112519}}
{"target": -17.677217191847618, "params": {"gamma": 424.37355318443116, "log10_alpha": -4.366850085890031, "log10_colsample_bytree": -0.677651492004365, "log10_eta": -3.883865823070528, "log10_lambda": -3.712000791755697, "log10_min_child_weight": 0.39698070408019315, "log10_subsample": -0.8809165772038215, "max_depth": 8.0, "num_boost_round": 1.0}, "datetime": {"datetime": "2024-01-19 00:40:54", "elapsed": 1747.587571, "delta": 0.004041}}
{"target": -17.677197841831106, "params": {"gamma": 424.37355318443116, "log10_alpha": -4.366850085890031, "log10_colsample_bytree": -0.677651492004365, "log10_eta": -3.883865823070528, "log10_lambda": -3.712000791755697, "log10_min_child_weight": 0.39698070408019315, "log10_subsample": -0.8809165772038215, "max_depth": 8.0, "num_boost_round": 2.0}, "datetime": {"datetime": "2024-01-19 00:40:54", "elapsed": 1747.590508, "delta": 0.002937}}
{"target": -17.67719481772441, "params": {"gamma": 424.37355318443116, "log10_alpha": -4.366850085890031, "log10_colsample_bytree": -0.677651492004365, "log10_eta": -3.883865823070528, "log10_lambda": -3.712000791755697, "log10_min_child_weight": 0.39698070408019315, "log10_subsample": -0.8809165772038215, "max_depth": 8.0, "num_boost_round": 3.0}, "datetime": {"datetime": "2024-01-19 00:40:54", "elapsed": 1747.593294, "delta": 0.002786}}
{"target": -17.677188819773935, "params": {"gamma": 424.37355318443116, "log10_alpha": -4.366850085890031, "log10_colsample_bytree": -0.677651492004365, "log10_eta": -3.883865823070528, "log10_lambda": -3.712000791755697, "log10_min_child_weight": 0.39698070408019315, "log10_subsample": -0.8809165772038215, "max_depth": 8.0, "num_boost_round": 4.0}, "datetime": {"datetime": "2024-01-19 00:40:54", "elapsed": 1747.595981, "delta": 0.002687}}
{"target": -17.677176338470353, "params": {"gamma": 424.37355318443116, "log10_alpha": -4.366850085890031, "log10_colsample_bytree": -0.677651492004365, "log10_eta": -3.883865823070528, "log10_lambda": -3.712000791755697, "log10_min_child_weight": 0.39698070408019315, "log10_subsample": -0.8809165772038215, "max_depth": 8.0, "num_boost_round": 5.0}, "datetime": {"datetime": "2024-01-19 00:40:54", "elapsed": 1747.598751, "delta": 0.00277}}
{"target": -17.677173813746087, "params": {"gamma": 424.37355318443116, "log10_alpha": -4.366850085890031, "log10_colsample_bytree": -0.677651492004365, "log10_eta": -3.883865823070528, "log10_lambda": -3.712000791755697, "log10_min_child_weight": 0.39698070408019315, "log10_subsample": -0.8809165772038215, "max_depth": 8.0, "num_boost_round": 6.0}, "datetime": {"datetime": "2024-01-19 00:40:54", "elapsed": 1747.601706, "delta": 0.002955}}
{"target": -17.677166117455567, "params": {"gamma": 424.37355318443116, "log10_alpha": -4.366850085890031, "log10_colsample_bytree": -0.677651492004365, "log10_eta": -3.883865823070528, "log10_lambda": -3.712000791755697, "log10_min_child_weight": 0.39698070408019315, "log10_subsample": -0.8809165772038215, "max_depth": 8.0, "num_boost_round": 7.0}, "datetime": {"datetime": "2024-01-19 00:40:54", "elapsed": 1747.604661, "delta": 0.002955}}
{"target": -17.677158605378334, "params": {"gamma": 424.37355318443116, "log10_alpha": -4.366850085890031, "log10_colsample_bytree": -0.677651492004365, "log10_eta": -3.883865823070528, "log10_lambda": -3.712000791755697, "log10_min_child_weight": 0.39698070408019315, "log10_subsample": -0.8809165772038215, "max_depth": 8.0, "num_boost_round": 8.0}, "datetime": {"datetime": "2024-01-19 00:40:54", "elapsed": 1747.607565, "delta": 0.002904}}
{"target": -17.677154255041398, "params": {"gamma": 424.37355318443116, "log10_alpha": -4.366850085890031, "log10_colsample_bytree": -0.677651492004365, "log10_eta": -3.883865823070528, "log10_lambda": -3.712000791755697, "log10_min_child_weight": 0.39698070408019315, "log10_subsample": -0.8809165772038215, "max_depth": 8.0, "num_boost_round": 9.0}, "datetime": {"datetime": "2024-01-19 00:40:54", "elapsed": 1747.610452, "delta": 0.002887}}
{"target": -17.67713757601332, "params": {"gamma": 424.37355318443116, "log10_alpha": -4.366850085890031, "log10_colsample_bytree": -0.677651492004365, "log10_eta": -3.883865823070528, "log10_lambda": -3.712000791755697, "log10_min_child_weight": 0.39698070408019315, "log10_subsample": -0.8809165772038215, "max_depth": 8.0, "num_boost_round": 10.0}, "datetime": {"datetime": "2024-01-19 00:40:54", "elapsed": 1747.613231, "delta": 0.002779}}
{"target": -17.677132564880147, "params": {"gamma": 424.37355318443116, "log10_alpha": -4.366850085890031, "log10_colsample_bytree": -0.677651492004365, "log10_eta": -3.883865823070528, "log10_lambda": -3.712000791755697, "log10_min_child_weight": 0.39698070408019315, "log10_subsample": -0.8809165772038215, "max_depth": 8.0, "num_boost_round": 11.0}, "datetime": {"datetime": "2024-01-19 00:40:54", "elapsed": 1747.615919, "delta": 0.002688}}
