{"target": -17.677217472466797, "params": {"gamma": 974.5452353640013, "log10_alpha": -2.2424617631748, "log10_colsample_bytree": -0.44416044024754414, "log10_eta": -4.0, "log10_lambda": -3.521660049134718, "log10_min_child_weight": 4.378818145390685, "log10_subsample": -0.14373944969351346, "max_depth": 10.0, "num_boost_round": 16.0}, "datetime": {"datetime": "2024-01-19 00:41:15", "elapsed": 1769.347111, "delta": 0.002114}}
{"target": -17.677216454971507, "params": {"gamma": 974.5452353640013, "log10_alpha": -2.2424617631748, "log10_colsample_bytree": -0.44416044024754414, "log10_eta": -4.0, "log10_lambda": -3.521660049134718, "log10_min_child_weight": 4.378818145390685, "log10_subsample": -0.14373944969351346, "max_depth": 10.0, "num_boost_round": 17.0}, "datetime": {"datetime": "2024-01-19 00:41:15", "elapsed": 1769.349276, "delta": 0.002165}}
{"target": -17.677215349472792, "params": {"gamma": 974.5452353640013, "log10_alpha": -2.2424617631748, "log10_colsample_bytree": -0.44416044024754414, "log10_eta": -4.0, "log10_lambda": -3.521660049134718, "log10_min_child_weight": 4.378818145390685, "log10_subsample": -0.14373944969351346, "max_depth": 10.0, "num_boost_round": 18.0}, "datetime": {"datetime": "2024-01-19 00:41:15", "elapsed": 1769.351465, "delta": 0.002189}}
{"target": -17.677210365794462, "params": {"gamma": 974.5452353640013, "log10_alpha": -2.2424617631748, "log10_colsample_bytree": -0.44416044024754414, "log10_eta": -4.0, "log10_lambda": -3.521660049134718, "log10_min_child_weight": 4.378818145390685, "log10_subsample": -0.14373944969351346, "max_depth": 10.0, "num_boost_round": 19.0}, "datetime": {"datetime": "2024-01-19 00:41:15", "elapsed": 1769.353611, "delta": 0.002146}}
{"target": -17.677210111094283, "params": {"gamma": 974.5452353640013, "log10_alpha": -2.2424617631748, "log10_colsample_bytree": -0.44416044024754414, "log10_eta": -4.0, "log10_lambda": -3.521660049134718, "log10_min_child_weight": 4.378818145390685, "log10_subsample": -0.14373944969351346, "max_depth": 10.0, "num_boost_round": 20.0}, "datetime": {"datetime": "2024-01-19 00:41:15", "elapsed": 1769.355777, "delta": 0.002166}}
{"target": -17.67720950051939, "params": {"gamma": 974.5452353640013, "log10_alpha": -2.2424617631748, "log10_colsample_bytree": -0.44416044024754414, "log10_eta": -4.0, "log10_lambda": -3.521660049134718, "log10_min_child_weight": 4.378818145390685, "log10_subsample": -0.14373944969351346, "max_depth": 10.0, "num_boost_round": 21.0}, "datetime": {"datetime": "2024-01-19 00:41:15", "elapsed": 1769.357927, "delta": 0.00215}}
{"target": -17.677205973414992, "params": {"gamma": 974.5452353640013, "log10_alpha": -2.2424617631748, "log10_colsample_bytree": -0.44416044024754414, "log10_eta": -4.0, "log10_lambda": -3.521660049134718, "log10_min_child_weight": 4.378818145390685, "log10_subsample": -0.14373944969351346, "max_depth": 10.0, "num_boost_round": 22.0}, "datetime": {"datetime": "2024-01-19 00:41:15", "elapsed": 1769.364576, "delta": 0.006649}}
{"target": -17.677204609492783, "params": {"gamma": 974.5452353640013, "log10_alpha": -2.2424617631748, "log10_colsample_bytree": -0.44416044024754414, "log10_eta": -4.0, "log10_lambda": -3.521660049134718, "log10_min_child_weight": 4.378818145390685, "log10_subsample": -0.14373944969351346, "max_depth": 10.0, "num_boost_round": 23.0}, "datetime": {"datetime": "2024-01-19 00:41:15", "elapsed": 1769.366692, "delta": 0.002116}}
{"target": -17.675770516679243, "params": {"gamma": 972.8410216224587, "log10_alpha": -0.12360576194309741, "log10_colsample_bytree": -1.0, "log10_eta": -1.3237102287492737, "log10_lambda": 0.697988343041849, "log10_min_child_weight": 3.8782864516978215, "log10_subsample": -0.6383892479663692, "max_depth": 6.0, "num_boost_round": 0.0}, "datetime": {"datetime": "2024-01-19 00:41:42", "elapsed": 1795.922191, "delta": 26.555499}}
{"target": -17.675833778448272, "params": {"gamma": 972.8410216224587, "log10_alpha": -0.12360576194309741, "log10_colsample_bytree": -1.0, "log10_eta": -1.3237102287492737, "log10_lambda": 0.697988343041849, "log10_min_child_weight": 3.8782864516978215, "log10_subsample": -0.6383892479663692, "max_depth": 6.0, "num_boost_round": 1.0}, "datetime": {"datetime": "2024-01-19 00:41:42", "elapsed": 1795.924999, "delta": 0.002808}}
{"target": -17.67527469964868, "params": {"gamma": 972.8410216224587, "log10_alpha": -0.12360576194309741, "log10_colsample_bytree": -1.0, "log10_eta": -1.3237102287492737, "log10_lambda": 0.697988343041849, "log10_min_child_weight": 3.8782864516978215, "log10_subsample": -0.6383892479663692, "max_depth": 6.0, "num_boost_round": 2.0}, "datetime": {"datetime": "2024-01-19 00:41:42", "elapsed": 1795.927323, "delta": 0.002324}}
{"target": -17.674803250842587, "params": {"gamma": 972.8410216224587, "log10_alpha": -0.12360576194309741, "log10_colsample_bytree": -1.0, "log10_eta": -1.3237102287492737, "log10_lambda": 0.697988343041849, "log10_min_child_weight": 3.8782864516978215, "log10_subsample": -0.6383892479663692, "max_depth": 6.0, "num_boost_round": 3.0}, "datetime": {"datetime": "2024-01-19 00:41:42", "elapsed": 1795.929505, "delta": 0.002182}}
{"target": -17.67401554343575, "params": {"gamma": 972.8410216224587, "log10_alpha": -0.12360576194309741, "log10_colsample_bytree": -1.0, "log10_eta": -1.3237102287492737, "log10_lambda": 0.697988343041849, "log10_min_child_weight": 3.8782864516978215, "log10_subsample": -0.6383892479663692, "max_depth": 6.0, "num_boost_round": 4.0}, "datetime": {"datetime": "2024-01-19 00:41:42", "elapsed": 1795.93175, "delta": 0.002245}}
{"target": -17.673978556167125, "params": {"gamma": 972.8410216224587, "log10_alpha": -0.12360576194309741, "log10_colsample_bytree": -1.0, "log10_eta": -1.3237102287492737, "log10_lambda": 0.697988343041849, "log10_min_child_weight": 3.8782864516978215, "log10_subsample": -0.6383892479663692, "max_depth": 6.0, "num_boost_round": 5.0}, "datetime": {"datetime": "2024-01-19 00:41:42", "elapsed": 1795.933906, "delta": 0.002156}}
{"target": -17.674934675321545, "params": {"gamma": 972.8410216224587, "log10_alpha": -0.12360576194309741, "log10_colsample_bytree": -1.0, "log10_eta": -1.3237102287492737, "log10_lambda": 0.697988343041849, "log10_min_child_weight": 3.8782864516978215, "log10_subsample": -0.6383892479663692, "max_depth": 6.0, "num_boost_round": 6.0}, "datetime": {"datetime": "2024-01-19 00:41:42", "elapsed": 1795.936008, "delta": 0.002102}}
{"target": -17.67402371008847, "params": {"gamma": 972.8410216224587, "log10_alpha": -0.12360576194309741, "log10_colsample_bytree": -1.0, "log10_eta": -1.3237102287492737, "log10_lambda": 0.697988343041849, "log10_min_child_weight": 3.8782864516978215, "log10_subsample": -0.6383892479663692, "max_depth": 6.0, "num_boost_round": 7.0}, "datetime": {"datetime": "2024-01-19 00:41:42", "elapsed": 1795.938098, "delta": 0.00209}}
{"target": -17.67408200886984, "params": {"gamma": 972.8410216224587, "log10_alpha": -0.12360576194309741, "log10_colsample_bytree": -1.0, "log10_eta": -1.3237102287492737, "log10_lambda": 0.697988343041849, "log10_min_child_weight": 3.8782864516978215, "log10_subsample": -0.6383892479663692, "max_depth": 6.0, "num_boost_round": 8.0}, "datetime": {"datetime": "2024-01-19 00:41:42", "elapsed": 1795.940229, "delta": 0.002131}}
{"target": -17.674503449377852, "params": {"gamma": 972.8410216224587, "log10_alpha": -0.12360576194309741, "log10_colsample_bytree": -1.0, "log10_eta": -1.3237102287492737, "log10_lambda": 0.697988343041849, "log10_min_child_weight": 3.8782864516978215, "log10_subsample": -0.6383892479663692, "max_depth": 6.0, "num_boost_round": 9.0}, "datetime": {"datetime": "2024-01-19 00:41:42", "elapsed": 1795.942325, "delta": 0.002096}}
{"target": -17.687763299904372, "params": {"gamma": 982.862199288318, "log10_alpha": 0.04327115181534147, "log10_colsample_bytree": -0.810993549145013, "log10_eta": -0.41754439821407985, "log10_lambda": -3.7578663763408646, "log10_min_child_weight": 0.5744812072737998, "log10_subsample": -0.3363856723584344, "max_depth": 3.0, "num_boost_round": 0.0}, "datetime": {"datetime": "2024-01-19 00:42:06", "elapsed": 1819.991401, "delta": 24.049076}}
{"target": -17.69255720332138, "params": {"gamma": 982.862199288318, "log10_alpha": 0.04327115181534147, "log10_colsample_bytree": -0.810993549145013, "log10_eta": -0.41754439821407985, "log10_lambda": -3.7578663763408646, "log10_min_child_weight": 0.5744812072737998, "log10_subsample": -0.3363856723584344, "max_depth": 3.0, "num_boost_round": 1.0}, "datetime": {"datetime": "2024-01-19 00:42:06", "elapsed": 1819.994064, "delta": 0.002663}}
{"target": -17.698735474735308, "params": {"gamma": 982.862199288318, "log10_alpha": 0.04327115181534147, "log10_colsample_bytree": -0.810993549145013, "log10_eta": -0.41754439821407985, "log10_lambda": -3.7578663763408646, "log10_min_child_weight": 0.5744812072737998, "log10_subsample": -0.3363856723584344, "max_depth": 3.0, "num_boost_round": 2.0}, "datetime": {"datetime": "2024-01-19 00:42:06", "elapsed": 1819.996231, "delta": 0.002167}}
{"target": -17.709471149548193, "params": {"gamma": 982.862199288318, "log10_alpha": 0.04327115181534147, "log10_colsample_bytree": -0.810993549145013, "log10_eta": -0.41754439821407985, "log10_lambda": -3.7578663763408646, "log10_min_child_weight": 0.5744812072737998, "log10_subsample": -0.3363856723584344, "max_depth": 3.0, "num_boost_round": 3.0}, "datetime": {"datetime": "2024-01-19 00:42:06", "elapsed": 1819.999112, "delta": 0.002881}}
{"target": -17.71534095349916, "params": {"gamma": 982.862199288318, "log10_alpha": 0.04327115181534147, "log10_colsample_bytree": -0.810993549145013, "log10_eta": -0.41754439821407985, "log10_lambda": -3.7578663763408646, "log10_min_child_weight": 0.5744812072737998, "log10_subsample": -0.3363856723584344, "max_depth": 3.0, "num_boost_round": 4.0}, "datetime": {"datetime": "2024-01-19 00:42:06", "elapsed": 1820.001256, "delta": 0.002144}}
{"target": -17.71929384810524, "params": {"gamma": 982.862199288318, "log10_alpha": 0.04327115181534147, "log10_colsample_bytree": -0.810993549145013, "log10_eta": -0.41754439821407985, "log10_lambda": -3.7578663763408646, "log10_min_child_weight": 0.5744812072737998, "log10_subsample": -0.3363856723584344, "max_depth": 3.0, "num_boost_round": 5.0}, "datetime": {"datetime": "2024-01-19 00:42:06", "elapsed": 1820.003926, "delta": 0.00267}}
{"target": -17.740724580062796, "params": {"gamma": 982.862199288318, "log10_alpha": 0.04327115181534147, "log10_colsample_bytree": -0.810993549145013, "log10_eta": -0.41754439821407985, "log10_lambda": -3.7578663763408646, "log10_min_child_weight": 0.5744812072737998, "log10_subsample": -0.3363856723584344, "max_depth": 3.0, "num_boost_round": 6.0}, "datetime": {"datetime": "2024-01-19 00:42:06", "elapsed": 1820.006096, "delta": 0.00217}}
{"target": -17.836260580179527, "params": {"gamma": 982.862199288318, "log10_alpha": 0.04327115181534147, "log10_colsample_bytree": -0.810993549145013, "log10_eta": -0.41754439821407985, "log10_lambda": -3.7578663763408646, "log10_min_child_weight": 0.5744812072737998, "log10_subsample": -0.3363856723584344, "max_depth": 3.0, "num_boost_round": 7.0}, "datetime": {"datetime": "2024-01-19 00:42:06", "elapsed": 1820.008248, "delta": 0.002152}}
{"target": -17.838801003537224, "params": {"gamma": 982.862199288318, "log10_alpha": 0.04327115181534147, "log10_colsample_bytree": -0.810993549145013, "log10_eta": -0.41754439821407985, "log10_lambda": -3.7578663763408646, "log10_min_child_weight": 0.5744812072737998, "log10_subsample": -0.3363856723584344, "max_depth": 3.0, "num_boost_round": 8.0}, "datetime": {"datetime": "2024-01-19 00:42:06", "elapsed": 1820.01063, "delta": 0.002382}}
{"target": -17.84769779460272, "params": {"gamma": 982.862199288318, "log10_alpha": 0.04327115181534147, "log10_colsample_bytree": -0.810993549145013, "log10_eta": -0.41754439821407985, "log10_lambda": -3.7578663763408646, "log10_min_child_weight": 0.5744812072737998, "log10_subsample": -0.3363856723584344, "max_depth": 3.0, "num_boost_round": 9.0}, "datetime": {"datetime": "2024-01-19 00:42:06", "elapsed": 1820.012986, "delta": 0.002356}}
{"target": -17.854568024557086, "params": {"gamma": 982.862199288318, "log10_alpha": 0.04327115181534147, "log10_colsample_bytree": -0.810993549145013, "log10_eta": -0.41754439821407985, "log10_lambda": -3.7578663763408646, "log10_min_child_weight": 0.5744812072737998, "log10_subsample": -0.3363856723584344, "max_depth": 3.0, "num_boost_round": 10.0}, "datetime": {"datetime": "2024-01-19 00:42:06", "elapsed": 1820.01514, "delta": 0.002154}}
{"target": -17.67723047882618, "params": {"gamma": 955.4491985789904, "log10_alpha": -4.838544912668504, "log10_colsample_bytree": -0.6554116534447539, "log10_eta": -3.3068569860929444, "log10_lambda": -3.8627076737974955, "log10_min_child_weight": 4.822945791646328, "log10_subsample": -0.6396115425823256, "max_depth": 4.0, "num_boost_round": 0.0}, "datetime": {"datetime": "2024-01-19 00:42:32", "elapsed": 1846.756404, "delta": 26.741264}}
{"target": -17.677226841247762, "params": {"gamma": 955.4491985789904, "log10_alpha": -4.838544912668504, "log10_colsample_bytree": -0.6554116534447539, "log10_eta": -3.3068569860929444, "log10_lambda": -3.8627076737974955, "log10_min_child_weight": 4.822945791646328, "log10_subsample": -0.6396115425823256, "max_depth": 4.0, "num_boost_round": 1.0}, "datetime": {"datetime": "2024-01-19 00:42:32", "elapsed": 1846.759104, "delta": 0.0027}}
{"target": -17.677226266148278, "params": {"gamma": 955.4491985789904, "log10_alpha": -4.838544912668504, "log10_colsample_bytree": -0.6554116534447539, "log10_eta": -3.3068569860929444, "log10_lambda": -3.8627076737974955, "log10_min_child_weight": 4.822945791646328, "log10_subsample": -0.6396115425823256, "max_depth": 4.0, "num_boost_round": 2.0}, "datetime": {"datetime": "2024-01-19 00:42:32", "elapsed": 1846.761634, "delta": 0.00253}}
{"target": -17.677222060007328, "params": {"gamma": 955.4491985789904, "log10_alpha": -4.838544912668504, "log10_colsample_bytree": -0.6554116534447539, "log10_eta": -3.3068569860929444, "log10_lambda": -3.8627076737974955, "log10_min_child_weight": 4.822945791646328, "log10_subsample": -0.6396115425823256, "max_depth": 4.0, "num_boost_round": 3.0}, "datetime": {"datetime": "2024-01-19 00:42:32", "elapsed": 1846.763904, "delta": 0.00227}}
{"target": -17.677222774577842, "params": {"gamma": 955.4491985789904, "log10_alpha": -4.838544912668504, "log10_colsample_bytree": -0.6554116534447539, "log10_eta": -3.3068569860929444, "log10_lambda": -3.8627076737974955, "log10_min_child_weight": 4.822945791646328, "log10_subsample": -0.6396115425823256, "max_depth": 4.0, "num_boost_round": 4.0}, "datetime": {"datetime": "2024-01-19 00:42:32", "elapsed": 1846.766128, "delta": 0.002224}}
{"target": -17.677222598106322, "params": {"gamma": 955.4491985789904, "log10_alpha": -4.838544912668504, "log10_colsample_bytree": -0.6554116534447539, "log10_eta": -3.3068569860929444, "log10_lambda": -3.8627076737974955, "log10_min_child_weight": 4.822945791646328, "log10_subsample": -0.6396115425823256, "max_depth": 4.0, "num_boost_round": 5.0}, "datetime": {"datetime": "2024-01-19 00:42:32", "elapsed": 1846.76825, "delta": 0.002122}}
{"target": -17.67722228166366, "params": {"gamma": 955.4491985789904, "log10_alpha": -4.838544912668504, "log10_colsample_bytree": -0.6554116534447539, "log10_eta": -3.3068569860929444, "log10_lambda": -3.8627076737974955, "log10_min_child_weight": 4.822945791646328, "log10_subsample": -0.6396115425823256, "max_depth": 4.0, "num_boost_round": 6.0}, "datetime": {"datetime": "2024-01-19 00:42:32", "elapsed": 1846.770503, "delta": 0.002253}}
{"target": -17.67722036732776, "params": {"gamma": 955.4491985789904, "log10_alpha": -4.838544912668504, "log10_colsample_bytree": -0.6554116534447539, "log10_eta": -3.3068569860929444, "log10_lambda": -3.8627076737974955, "log10_min_child_weight": 4.822945791646328, "log10_subsample": -0.6396115425823256, "max_depth": 4.0, "num_boost_round": 7.0}, "datetime": {"datetime": "2024-01-19 00:42:32", "elapsed": 1846.772693, "delta": 0.00219}}
{"target": -17.677216339269382, "params": {"gamma": 955.4491985789904, "log10_alpha": -4.838544912668504, "log10_colsample_bytree": -0.6554116534447539, "log10_eta": -3.3068569860929444, "log10_lambda": -3.8627076737974955, "log10_min_child_weight": 4.822945791646328, "log10_subsample": -0.6396115425823256, "max_depth": 4.0, "num_boost_round": 8.0}, "datetime": {"datetime": "2024-01-19 00:42:32", "elapsed": 1846.774834, "delta": 0.002141}}
{"target": -17.677211971495527, "params": {"gamma": 955.4491985789904, "log10_alpha": -4.838544912668504, "log10_colsample_bytree": -0.6554116534447539, "log10_eta": -3.3068569860929444, "log10_lambda": -3.8627076737974955, "log10_min_child_weight": 4.822945791646328, "log10_subsample": -0.6396115425823256, "max_depth": 4.0, "num_boost_round": 9.0}, "datetime": {"datetime": "2024-01-19 00:42:32", "elapsed": 1846.776979, "delta": 0.002145}}
{"target": -17.677206893267176, "params": {"gamma": 955.4491985789904, "log10_alpha": -4.838544912668504, "log10_colsample_bytree": -0.6554116534447539, "log10_eta": -3.3068569860929444, "log10_lambda": -3.8627076737974955, "log10_min_child_weight": 4.822945791646328, "log10_subsample": -0.6396115425823256, "max_depth": 4.0, "num_boost_round": 10.0}, "datetime": {"datetime": "2024-01-19 00:42:32", "elapsed": 1846.779115, "delta": 0.002136}}
{"target": -17.677202914041878, "params": {"gamma": 955.4491985789904, "log10_alpha": -4.838544912668504, "log10_colsample_bytree": -0.6554116534447539, "log10_eta": -3.3068569860929444, "log10_lambda": -3.8627076737974955, "log10_min_child_weight": 4.822945791646328, "log10_subsample": -0.6396115425823256, "max_depth": 4.0, "num_boost_round": 11.0}, "datetime": {"datetime": "2024-01-19 00:42:32", "elapsed": 1846.781283, "delta": 0.002168}}
{"target": -17.677198671151608, "params": {"gamma": 955.4491985789904, "log10_alpha": -4.838544912668504, "log10_colsample_bytree": -0.6554116534447539, "log10_eta": -3.3068569860929444, "log10_lambda": -3.8627076737974955, "log10_min_child_weight": 4.822945791646328, "log10_subsample": -0.6396115425823256, "max_depth": 4.0, "num_boost_round": 12.0}, "datetime": {"datetime": "2024-01-19 00:42:32", "elapsed": 1846.783486, "delta": 0.002203}}
{"target": -17.677200762359696, "params": {"gamma": 955.4491985789904, "log10_alpha": -4.838544912668504, "log10_colsample_bytree": -0.6554116534447539, "log10_eta": -3.3068569860929444, "log10_lambda": -3.8627076737974955, "log10_min_child_weight": 4.822945791646328, "log10_subsample": -0.6396115425823256, "max_depth": 4.0, "num_boost_round": 13.0}, "datetime": {"datetime": "2024-01-19 00:42:32", "elapsed": 1846.785643, "delta": 0.002157}}
{"target": -17.67720128774377, "params": {"gamma": 955.4491985789904, "log10_alpha": -4.838544912668504, "log10_colsample_bytree": -0.6554116534447539, "log10_eta": -3.3068569860929444, "log10_lambda": -3.8627076737974955, "log10_min_child_weight": 4.822945791646328, "log10_subsample": -0.6396115425823256, "max_depth": 4.0, "num_boost_round": 14.0}, "datetime": {"datetime": "2024-01-19 00:42:32", "elapsed": 1846.787813, "delta": 0.00217}}
{"target": -17.67719478609398, "params": {"gamma": 955.4491985789904, "log10_alpha": -4.838544912668504, "log10_colsample_bytree": -0.6554116534447539, "log10_eta": -3.3068569860929444, "log10_lambda": -3.8627076737974955, "log10_min_child_weight": 4.822945791646328, "log10_subsample": -0.6396115425823256, "max_depth": 4.0, "num_boost_round": 15.0}, "datetime": {"datetime": "2024-01-19 00:42:32", "elapsed": 1846.789959, "delta": 0.002146}}
{"target": -17.67719275819453, "params": {"gamma": 955.4491985789904, "log10_alpha": -4.838544912668504, "log10_colsample_bytree": -0.6554116534447539, "log10_eta": -3.3068569860929444, "log10_lambda": -3.8627076737974955, "log10_min_child_weight": 4.822945791646328, "log10_subsample": -0.6396115425823256, "max_depth": 4.0, "num_boost_round": 16.0}, "datetime": {"datetime": "2024-01-19 00:42:32", "elapsed": 1846.792203, "delta": 0.002244}}
{"target": -17.677187859336822, "params": {"gamma": 955.4491985789904, "log10_alpha": -4.838544912668504, "log10_colsample_bytree": -0.6554116534447539, "log10_eta": -3.3068569860929444, "log10_lambda": -3.8627076737974955, "log10_min_child_weight": 4.822945791646328, "log10_subsample": -0.6396115425823256, "max_depth": 4.0, "num_boost_round": 17.0}, "datetime": {"datetime": "2024-01-19 00:42:32", "elapsed": 1846.794357, "delta": 0.002154}}
{"target": -17.67718099214778, "params": {"gamma": 955.4491985789904, "log10_alpha": -4.838544912668504, "log10_colsample_bytree": -0.6554116534447539, "log10_eta": -3.3068569860929444, "log10_lambda": -3.8627076737974955, "log10_min_child_weight": 4.822945791646328, "log10_subsample": -0.6396115425823256, "max_depth": 4.0, "num_boost_round": 18.0}, "datetime": {"datetime": "2024-01-19 00:42:32", "elapsed": 1846.796553, "delta": 0.002196}}
{"target": -17.67722213687407, "params": {"gamma": 970.306590554168, "log10_alpha": -2.342398669051673, "log10_colsample_bytree": -1.0, "log10_eta": -4.0, "log10_lambda": 1.0, "log10_min_child_weight": 0.0, "log10_subsample": 0.0, "max_depth": 8.0, "num_boost_round": 0.0}, "datetime": {"datetime": "2024-01-19 00:43:04", "elapsed": 1878.660228, "delta": 31.863675}}
{"target": -17.677221877255484, "params": {"gamma": 970.306590554168, "log10_alpha": -2.342398669051673, "log10_colsample_bytree": -1.0, "log10_eta": -4.0, "log10_lambda": 1.0, "log10_min_child_weight": 0.0, "log10_subsample": 0.0, "max_depth": 8.0, "num_boost_round": 1.0}, "datetime": {"datetime": "2024-01-19 00:43:04", "elapsed": 1878.663371, "delta": 0.003143}}
