{"target": -17.766522878737902, "params": {"gamma": 431.2519528294047, "log10_alpha": -3.461989008395409, "log10_colsample_bytree": -0.13562865073233354, "log10_eta": -0.23900009489350094, "log10_lambda": 0.672137772420041, "log10_min_child_weight": 4.6712230375133075, "log10_subsample": -0.18463062545338682, "max_depth": 9.0, "num_boost_round": 8.0}, "datetime": {"datetime": "2024-01-19 00:16:16", "elapsed": 268.940891, "delta": 0.000922}}
{"target": -17.77710413438372, "params": {"gamma": 431.2519528294047, "log10_alpha": -3.461989008395409, "log10_colsample_bytree": -0.13562865073233354, "log10_eta": -0.23900009489350094, "log10_lambda": 0.672137772420041, "log10_min_child_weight": 4.6712230375133075, "log10_subsample": -0.18463062545338682, "max_depth": 9.0, "num_boost_round": 9.0}, "datetime": {"datetime": "2024-01-19 00:16:16", "elapsed": 268.941668, "delta": 0.000777}}
{"target": -17.78181608558995, "params": {"gamma": 431.2519528294047, "log10_alpha": -3.461989008395409, "log10_colsample_bytree": -0.13562865073233354, "log10_eta": -0.23900009489350094, "log10_lambda": 0.672137772420041, "log10_min_child_weight": 4.6712230375133075, "log10_subsample": -0.18463062545338682, "max_depth": 9.0, "num_boost_round": 10.0}, "datetime": {"datetime": "2024-01-19 00:16:16", "elapsed": 268.942436, "delta": 0.000768}}
{"target": -17.785312846887678, "params": {"gamma": 431.2519528294047, "log10_alpha": -3.461989008395409, "log10_colsample_bytree": -0.13562865073233354, "log10_eta": -0.23900009489350094, "log10_lambda": 0.672137772420041, "log10_min_child_weight": 4.6712230375133075, "log10_subsample": -0.18463062545338682, "max_depth": 9.0, "num_boost_round": 11.0}, "datetime": {"datetime": "2024-01-19 00:16:16", "elapsed": 268.943209, "delta": 0.000773}}
{"target": -17.79924495419671, "params": {"gamma": 431.2519528294047, "log10_alpha": -3.461989008395409, "log10_colsample_bytree": -0.13562865073233354, "log10_eta": -0.23900009489350094, "log10_lambda": 0.672137772420041, "log10_min_child_weight": 4.6712230375133075, "log10_subsample": -0.18463062545338682, "max_depth": 9.0, "num_boost_round": 12.0}, "datetime": {"datetime": "2024-01-19 00:16:16", "elapsed": 268.943979, "delta": 0.00077}}
{"target": -17.803592576080398, "params": {"gamma": 431.2519528294047, "log10_alpha": -3.461989008395409, "log10_colsample_bytree": -0.13562865073233354, "log10_eta": -0.23900009489350094, "log10_lambda": 0.672137772420041, "log10_min_child_weight": 4.6712230375133075, "log10_subsample": -0.18463062545338682, "max_depth": 9.0, "num_boost_round": 13.0}, "datetime": {"datetime": "2024-01-19 00:16:16", "elapsed": 268.944743, "delta": 0.000764}}
{"target": -17.807118014685297, "params": {"gamma": 431.2519528294047, "log10_alpha": -3.461989008395409, "log10_colsample_bytree": -0.13562865073233354, "log10_eta": -0.23900009489350094, "log10_lambda": 0.672137772420041, "log10_min_child_weight": 4.6712230375133075, "log10_subsample": -0.18463062545338682, "max_depth": 9.0, "num_boost_round": 14.0}, "datetime": {"datetime": "2024-01-19 00:16:16", "elapsed": 268.945512, "delta": 0.000769}}
{"target": -17.81552270164086, "params": {"gamma": 431.2519528294047, "log10_alpha": -3.461989008395409, "log10_colsample_bytree": -0.13562865073233354, "log10_eta": -0.23900009489350094, "log10_lambda": 0.672137772420041, "log10_min_child_weight": 4.6712230375133075, "log10_subsample": -0.18463062545338682, "max_depth": 9.0, "num_boost_round": 15.0}, "datetime": {"datetime": "2024-01-19 00:16:16", "elapsed": 268.946287, "delta": 0.000775}}
{"target": -17.811830456896672, "params": {"gamma": 431.2519528294047, "log10_alpha": -3.461989008395409, "log10_colsample_bytree": -0.13562865073233354, "log10_eta": -0.23900009489350094, "log10_lambda": 0.672137772420041, "log10_min_child_weight": 4.6712230375133075, "log10_subsample": -0.18463062545338682, "max_depth": 9.0, "num_boost_round": 16.0}, "datetime": {"datetime": "2024-01-19 00:16:16", "elapsed": 268.947159, "delta": 0.000872}}
{"target": -17.813358087951617, "params": {"gamma": 431.2519528294047, "log10_alpha": -3.461989008395409, "log10_colsample_bytree": -0.13562865073233354, "log10_eta": -0.23900009489350094, "log10_lambda": 0.672137772420041, "log10_min_child_weight": 4.6712230375133075, "log10_subsample": -0.18463062545338682, "max_depth": 9.0, "num_boost_round": 17.0}, "datetime": {"datetime": "2024-01-19 00:16:16", "elapsed": 268.947941, "delta": 0.000782}}
{"target": -17.82297783377096, "params": {"gamma": 431.2519528294047, "log10_alpha": -3.461989008395409, "log10_colsample_bytree": -0.13562865073233354, "log10_eta": -0.23900009489350094, "log10_lambda": 0.672137772420041, "log10_min_child_weight": 4.6712230375133075, "log10_subsample": -0.18463062545338682, "max_depth": 9.0, "num_boost_round": 18.0}, "datetime": {"datetime": "2024-01-19 00:16:16", "elapsed": 268.948745, "delta": 0.000804}}
{"target": -17.833776702822362, "params": {"gamma": 431.2519528294047, "log10_alpha": -3.461989008395409, "log10_colsample_bytree": -0.13562865073233354, "log10_eta": -0.23900009489350094, "log10_lambda": 0.672137772420041, "log10_min_child_weight": 4.6712230375133075, "log10_subsample": -0.18463062545338682, "max_depth": 9.0, "num_boost_round": 19.0}, "datetime": {"datetime": "2024-01-19 00:16:16", "elapsed": 268.949526, "delta": 0.000781}}
{"target": -17.840717182802535, "params": {"gamma": 431.2519528294047, "log10_alpha": -3.461989008395409, "log10_colsample_bytree": -0.13562865073233354, "log10_eta": -0.23900009489350094, "log10_lambda": 0.672137772420041, "log10_min_child_weight": 4.6712230375133075, "log10_subsample": -0.18463062545338682, "max_depth": 9.0, "num_boost_round": 20.0}, "datetime": {"datetime": "2024-01-19 00:16:16", "elapsed": 268.950457, "delta": 0.000931}}
{"target": -17.84913186239676, "params": {"gamma": 431.2519528294047, "log10_alpha": -3.461989008395409, "log10_colsample_bytree": -0.13562865073233354, "log10_eta": -0.23900009489350094, "log10_lambda": 0.672137772420041, "log10_min_child_weight": 4.6712230375133075, "log10_subsample": -0.18463062545338682, "max_depth": 9.0, "num_boost_round": 21.0}, "datetime": {"datetime": "2024-01-19 00:16:16", "elapsed": 268.951362, "delta": 0.000905}}
{"target": -17.849363891180797, "params": {"gamma": 431.2519528294047, "log10_alpha": -3.461989008395409, "log10_colsample_bytree": -0.13562865073233354, "log10_eta": -0.23900009489350094, "log10_lambda": 0.672137772420041, "log10_min_child_weight": 4.6712230375133075, "log10_subsample": -0.18463062545338682, "max_depth": 9.0, "num_boost_round": 22.0}, "datetime": {"datetime": "2024-01-19 00:16:16", "elapsed": 268.952208, "delta": 0.000846}}
{"target": -17.85566451497937, "params": {"gamma": 431.2519528294047, "log10_alpha": -3.461989008395409, "log10_colsample_bytree": -0.13562865073233354, "log10_eta": -0.23900009489350094, "log10_lambda": 0.672137772420041, "log10_min_child_weight": 4.6712230375133075, "log10_subsample": -0.18463062545338682, "max_depth": 9.0, "num_boost_round": 23.0}, "datetime": {"datetime": "2024-01-19 00:16:16", "elapsed": 268.952988, "delta": 0.00078}}
{"target": -17.862291918558313, "params": {"gamma": 431.2519528294047, "log10_alpha": -3.461989008395409, "log10_colsample_bytree": -0.13562865073233354, "log10_eta": -0.23900009489350094, "log10_lambda": 0.672137772420041, "log10_min_child_weight": 4.6712230375133075, "log10_subsample": -0.18463062545338682, "max_depth": 9.0, "num_boost_round": 24.0}, "datetime": {"datetime": "2024-01-19 00:16:16", "elapsed": 268.953789, "delta": 0.000801}}
{"target": -17.860408495667393, "params": {"gamma": 431.2519528294047, "log10_alpha": -3.461989008395409, "log10_colsample_bytree": -0.13562865073233354, "log10_eta": -0.23900009489350094, "log10_lambda": 0.672137772420041, "log10_min_child_weight": 4.6712230375133075, "log10_subsample": -0.18463062545338682, "max_depth": 9.0, "num_boost_round": 25.0}, "datetime": {"datetime": "2024-01-19 00:16:16", "elapsed": 268.954577, "delta": 0.000788}}
{"target": -17.86608889187029, "params": {"gamma": 431.2519528294047, "log10_alpha": -3.461989008395409, "log10_colsample_bytree": -0.13562865073233354, "log10_eta": -0.23900009489350094, "log10_lambda": 0.672137772420041, "log10_min_child_weight": 4.6712230375133075, "log10_subsample": -0.18463062545338682, "max_depth": 9.0, "num_boost_round": 26.0}, "datetime": {"datetime": "2024-01-19 00:16:16", "elapsed": 268.955362, "delta": 0.000785}}
{"target": -17.86798293768584, "params": {"gamma": 431.2519528294047, "log10_alpha": -3.461989008395409, "log10_colsample_bytree": -0.13562865073233354, "log10_eta": -0.23900009489350094, "log10_lambda": 0.672137772420041, "log10_min_child_weight": 4.6712230375133075, "log10_subsample": -0.18463062545338682, "max_depth": 9.0, "num_boost_round": 27.0}, "datetime": {"datetime": "2024-01-19 00:16:16", "elapsed": 268.956163, "delta": 0.000801}}
{"target": -17.878723559663694, "params": {"gamma": 431.2519528294047, "log10_alpha": -3.461989008395409, "log10_colsample_bytree": -0.13562865073233354, "log10_eta": -0.23900009489350094, "log10_lambda": 0.672137772420041, "log10_min_child_weight": 4.6712230375133075, "log10_subsample": -0.18463062545338682, "max_depth": 9.0, "num_boost_round": 28.0}, "datetime": {"datetime": "2024-01-19 00:16:16", "elapsed": 268.956946, "delta": 0.000783}}
{"target": -17.885007766176205, "params": {"gamma": 431.2519528294047, "log10_alpha": -3.461989008395409, "log10_colsample_bytree": -0.13562865073233354, "log10_eta": -0.23900009489350094, "log10_lambda": 0.672137772420041, "log10_min_child_weight": 4.6712230375133075, "log10_subsample": -0.18463062545338682, "max_depth": 9.0, "num_boost_round": 29.0}, "datetime": {"datetime": "2024-01-19 00:16:16", "elapsed": 268.957733, "delta": 0.000787}}
{"target": -17.894438573680436, "params": {"gamma": 431.2519528294047, "log10_alpha": -3.461989008395409, "log10_colsample_bytree": -0.13562865073233354, "log10_eta": -0.23900009489350094, "log10_lambda": 0.672137772420041, "log10_min_child_weight": 4.6712230375133075, "log10_subsample": -0.18463062545338682, "max_depth": 9.0, "num_boost_round": 30.0}, "datetime": {"datetime": "2024-01-19 00:16:16", "elapsed": 268.95854, "delta": 0.000807}}
{"target": -17.896793692250075, "params": {"gamma": 431.2519528294047, "log10_alpha": -3.461989008395409, "log10_colsample_bytree": -0.13562865073233354, "log10_eta": -0.23900009489350094, "log10_lambda": 0.672137772420041, "log10_min_child_weight": 4.6712230375133075, "log10_subsample": -0.18463062545338682, "max_depth": 9.0, "num_boost_round": 31.0}, "datetime": {"datetime": "2024-01-19 00:16:16", "elapsed": 268.959367, "delta": 0.000827}}
{"target": -17.908146617729695, "params": {"gamma": 431.2519528294047, "log10_alpha": -3.461989008395409, "log10_colsample_bytree": -0.13562865073233354, "log10_eta": -0.23900009489350094, "log10_lambda": 0.672137772420041, "log10_min_child_weight": 4.6712230375133075, "log10_subsample": -0.18463062545338682, "max_depth": 9.0, "num_boost_round": 32.0}, "datetime": {"datetime": "2024-01-19 00:16:16", "elapsed": 268.96017, "delta": 0.000803}}
{"target": -17.911063404101768, "params": {"gamma": 431.2519528294047, "log10_alpha": -3.461989008395409, "log10_colsample_bytree": -0.13562865073233354, "log10_eta": -0.23900009489350094, "log10_lambda": 0.672137772420041, "log10_min_child_weight": 4.6712230375133075, "log10_subsample": -0.18463062545338682, "max_depth": 9.0, "num_boost_round": 33.0}, "datetime": {"datetime": "2024-01-19 00:16:16", "elapsed": 268.961039, "delta": 0.000869}}
{"target": -17.922437029291903, "params": {"gamma": 431.2519528294047, "log10_alpha": -3.461989008395409, "log10_colsample_bytree": -0.13562865073233354, "log10_eta": -0.23900009489350094, "log10_lambda": 0.672137772420041, "log10_min_child_weight": 4.6712230375133075, "log10_subsample": -0.18463062545338682, "max_depth": 9.0, "num_boost_round": 34.0}, "datetime": {"datetime": "2024-01-19 00:16:16", "elapsed": 268.961836, "delta": 0.000797}}
{"target": -17.92322690306933, "params": {"gamma": 431.2519528294047, "log10_alpha": -3.461989008395409, "log10_colsample_bytree": -0.13562865073233354, "log10_eta": -0.23900009489350094, "log10_lambda": 0.672137772420041, "log10_min_child_weight": 4.6712230375133075, "log10_subsample": -0.18463062545338682, "max_depth": 9.0, "num_boost_round": 35.0}, "datetime": {"datetime": "2024-01-19 00:16:16", "elapsed": 268.962646, "delta": 0.00081}}
{"target": -17.928109661219228, "params": {"gamma": 431.2519528294047, "log10_alpha": -3.461989008395409, "log10_colsample_bytree": -0.13562865073233354, "log10_eta": -0.23900009489350094, "log10_lambda": 0.672137772420041, "log10_min_child_weight": 4.6712230375133075, "log10_subsample": -0.18463062545338682, "max_depth": 9.0, "num_boost_round": 36.0}, "datetime": {"datetime": "2024-01-19 00:16:16", "elapsed": 268.963447, "delta": 0.000801}}
{"target": -17.934934719155013, "params": {"gamma": 431.2519528294047, "log10_alpha": -3.461989008395409, "log10_colsample_bytree": -0.13562865073233354, "log10_eta": -0.23900009489350094, "log10_lambda": 0.672137772420041, "log10_min_child_weight": 4.6712230375133075, "log10_subsample": -0.18463062545338682, "max_depth": 9.0, "num_boost_round": 37.0}, "datetime": {"datetime": "2024-01-19 00:16:16", "elapsed": 268.964247, "delta": 0.0008}}
{"target": -17.94157479891892, "params": {"gamma": 431.2519528294047, "log10_alpha": -3.461989008395409, "log10_colsample_bytree": -0.13562865073233354, "log10_eta": -0.23900009489350094, "log10_lambda": 0.672137772420041, "log10_min_child_weight": 4.6712230375133075, "log10_subsample": -0.18463062545338682, "max_depth": 9.0, "num_boost_round": 38.0}, "datetime": {"datetime": "2024-01-19 00:16:16", "elapsed": 268.965031, "delta": 0.000784}}
{"target": -17.9411689588938, "params": {"gamma": 431.2519528294047, "log10_alpha": -3.461989008395409, "log10_colsample_bytree": -0.13562865073233354, "log10_eta": -0.23900009489350094, "log10_lambda": 0.672137772420041, "log10_min_child_weight": 4.6712230375133075, "log10_subsample": -0.18463062545338682, "max_depth": 9.0, "num_boost_round": 39.0}, "datetime": {"datetime": "2024-01-19 00:16:16", "elapsed": 268.965837, "delta": 0.000806}}
{"target": -17.944770684993298, "params": {"gamma": 431.2519528294047, "log10_alpha": -3.461989008395409, "log10_colsample_bytree": -0.13562865073233354, "log10_eta": -0.23900009489350094, "log10_lambda": 0.672137772420041, "log10_min_child_weight": 4.6712230375133075, "log10_subsample": -0.18463062545338682, "max_depth": 9.0, "num_boost_round": 40.0}, "datetime": {"datetime": "2024-01-19 00:16:16", "elapsed": 268.966711, "delta": 0.000874}}
{"target": -17.951463375300612, "params": {"gamma": 431.2519528294047, "log10_alpha": -3.461989008395409, "log10_colsample_bytree": -0.13562865073233354, "log10_eta": -0.23900009489350094, "log10_lambda": 0.672137772420041, "log10_min_child_weight": 4.6712230375133075, "log10_subsample": -0.18463062545338682, "max_depth": 9.0, "num_boost_round": 41.0}, "datetime": {"datetime": "2024-01-19 00:16:16", "elapsed": 268.967519, "delta": 0.000808}}
{"target": -17.67722908799864, "params": {"gamma": 431.7085950413129, "log10_alpha": -4.144395354956625, "log10_colsample_bytree": -0.69900396792338, "log10_eta": -3.9280421361353732, "log10_lambda": -0.6410156199616788, "log10_min_child_weight": 0.6077248340146307, "log10_subsample": -0.10553859804250088, "max_depth": 4.0, "num_boost_round": 0.0}, "datetime": {"datetime": "2024-01-19 00:16:36", "elapsed": 289.201008, "delta": 20.233489}}
{"target": -17.677222000790227, "params": {"gamma": 431.7085950413129, "log10_alpha": -4.144395354956625, "log10_colsample_bytree": -0.69900396792338, "log10_eta": -3.9280421361353732, "log10_lambda": -0.6410156199616788, "log10_min_child_weight": 0.6077248340146307, "log10_subsample": -0.10553859804250088, "max_depth": 4.0, "num_boost_round": 1.0}, "datetime": {"datetime": "2024-01-19 00:16:36", "elapsed": 289.202251, "delta": 0.001243}}
{"target": -17.67721598179536, "params": {"gamma": 431.7085950413129, "log10_alpha": -4.144395354956625, "log10_colsample_bytree": -0.69900396792338, "log10_eta": -3.9280421361353732, "log10_lambda": -0.6410156199616788, "log10_min_child_weight": 0.6077248340146307, "log10_subsample": -0.10553859804250088, "max_depth": 4.0, "num_boost_round": 2.0}, "datetime": {"datetime": "2024-01-19 00:16:36", "elapsed": 289.203293, "delta": 0.001042}}
{"target": -17.67721303153848, "params": {"gamma": 431.7085950413129, "log10_alpha": -4.144395354956625, "log10_colsample_bytree": -0.69900396792338, "log10_eta": -3.9280421361353732, "log10_lambda": -0.6410156199616788, "log10_min_child_weight": 0.6077248340146307, "log10_subsample": -0.10553859804250088, "max_depth": 4.0, "num_boost_round": 3.0}, "datetime": {"datetime": "2024-01-19 00:16:36", "elapsed": 289.204128, "delta": 0.000835}}
{"target": -17.67720527490687, "params": {"gamma": 431.7085950413129, "log10_alpha": -4.144395354956625, "log10_colsample_bytree": -0.69900396792338, "log10_eta": -3.9280421361353732, "log10_lambda": -0.6410156199616788, "log10_min_child_weight": 0.6077248340146307, "log10_subsample": -0.10553859804250088, "max_depth": 4.0, "num_boost_round": 4.0}, "datetime": {"datetime": "2024-01-19 00:16:36", "elapsed": 289.204946, "delta": 0.000818}}
{"target": -17.677202889150998, "params": {"gamma": 431.7085950413129, "log10_alpha": -4.144395354956625, "log10_colsample_bytree": -0.69900396792338, "log10_eta": -3.9280421361353732, "log10_lambda": -0.6410156199616788, "log10_min_child_weight": 0.6077248340146307, "log10_subsample": -0.10553859804250088, "max_depth": 4.0, "num_boost_round": 5.0}, "datetime": {"datetime": "2024-01-19 00:16:36", "elapsed": 289.205757, "delta": 0.000811}}
{"target": -17.677200633545148, "params": {"gamma": 431.7085950413129, "log10_alpha": -4.144395354956625, "log10_colsample_bytree": -0.69900396792338, "log10_eta": -3.9280421361353732, "log10_lambda": -0.6410156199616788, "log10_min_child_weight": 0.6077248340146307, "log10_subsample": -0.10553859804250088, "max_depth": 4.0, "num_boost_round": 6.0}, "datetime": {"datetime": "2024-01-19 00:16:36", "elapsed": 289.206635, "delta": 0.000878}}
{"target": -17.67719252589792, "params": {"gamma": 431.7085950413129, "log10_alpha": -4.144395354956625, "log10_colsample_bytree": -0.69900396792338, "log10_eta": -3.9280421361353732, "log10_lambda": -0.6410156199616788, "log10_min_child_weight": 0.6077248340146307, "log10_subsample": -0.10553859804250088, "max_depth": 4.0, "num_boost_round": 7.0}, "datetime": {"datetime": "2024-01-19 00:16:36", "elapsed": 289.207756, "delta": 0.001121}}
{"target": -17.677188503573344, "params": {"gamma": 431.7085950413129, "log10_alpha": -4.144395354956625, "log10_colsample_bytree": -0.69900396792338, "log10_eta": -3.9280421361353732, "log10_lambda": -0.6410156199616788, "log10_min_child_weight": 0.6077248340146307, "log10_subsample": -0.10553859804250088, "max_depth": 4.0, "num_boost_round": 8.0}, "datetime": {"datetime": "2024-01-19 00:16:36", "elapsed": 289.208641, "delta": 0.000885}}
{"target": -17.677186587850592, "params": {"gamma": 431.7085950413129, "log10_alpha": -4.144395354956625, "log10_colsample_bytree": -0.69900396792338, "log10_eta": -3.9280421361353732, "log10_lambda": -0.6410156199616788, "log10_min_child_weight": 0.6077248340146307, "log10_subsample": -0.10553859804250088, "max_depth": 4.0, "num_boost_round": 9.0}, "datetime": {"datetime": "2024-01-19 00:16:36", "elapsed": 289.209466, "delta": 0.000825}}
{"target": -17.677180765863408, "params": {"gamma": 431.7085950413129, "log10_alpha": -4.144395354956625, "log10_colsample_bytree": -0.69900396792338, "log10_eta": -3.9280421361353732, "log10_lambda": -0.6410156199616788, "log10_min_child_weight": 0.6077248340146307, "log10_subsample": -0.10553859804250088, "max_depth": 4.0, "num_boost_round": 10.0}, "datetime": {"datetime": "2024-01-19 00:16:36", "elapsed": 289.210365, "delta": 0.000899}}
{"target": -17.67718210747909, "params": {"gamma": 431.7085950413129, "log10_alpha": -4.144395354956625, "log10_colsample_bytree": -0.69900396792338, "log10_eta": -3.9280421361353732, "log10_lambda": -0.6410156199616788, "log10_min_child_weight": 0.6077248340146307, "log10_subsample": -0.10553859804250088, "max_depth": 4.0, "num_boost_round": 11.0}, "datetime": {"datetime": "2024-01-19 00:16:36", "elapsed": 289.211183, "delta": 0.000818}}
{"target": -17.677179187655373, "params": {"gamma": 431.7085950413129, "log10_alpha": -4.144395354956625, "log10_colsample_bytree": -0.69900396792338, "log10_eta": -3.9280421361353732, "log10_lambda": -0.6410156199616788, "log10_min_child_weight": 0.6077248340146307, "log10_subsample": -0.10553859804250088, "max_depth": 4.0, "num_boost_round": 12.0}, "datetime": {"datetime": "2024-01-19 00:16:36", "elapsed": 289.212001, "delta": 0.000818}}
{"target": -17.677175429330692, "params": {"gamma": 431.7085950413129, "log10_alpha": -4.144395354956625, "log10_colsample_bytree": -0.69900396792338, "log10_eta": -3.9280421361353732, "log10_lambda": -0.6410156199616788, "log10_min_child_weight": 0.6077248340146307, "log10_subsample": -0.10553859804250088, "max_depth": 4.0, "num_boost_round": 13.0}, "datetime": {"datetime": "2024-01-19 00:16:36", "elapsed": 289.212822, "delta": 0.000821}}
{"target": -17.67717632194803, "params": {"gamma": 431.7085950413129, "log10_alpha": -4.144395354956625, "log10_colsample_bytree": -0.69900396792338, "log10_eta": -3.9280421361353732, "log10_lambda": -0.6410156199616788, "log10_min_child_weight": 0.6077248340146307, "log10_subsample": -0.10553859804250088, "max_depth": 4.0, "num_boost_round": 14.0}, "datetime": {"datetime": "2024-01-19 00:16:36", "elapsed": 289.213639, "delta": 0.000817}}
