{"target": -13.758399354027377, "params": {"gamma": 86.68940407558301, "log10_alpha": -4.215803148892139, "log10_colsample_bytree": -0.29158231796579415, "log10_eta": -3.2070615826980733, "log10_lambda": -1.5140310850712755, "log10_min_child_weight": 1.7243539600849411, "log10_subsample": -0.26346641227333734, "max_depth": 4.0, "num_boost_round": 19.0}, "datetime": {"datetime": "2024-01-19 00:22:33", "elapsed": 652.885091, "delta": 0.000884}}
{"target": -13.758383652977043, "params": {"gamma": 86.68940407558301, "log10_alpha": -4.215803148892139, "log10_colsample_bytree": -0.29158231796579415, "log10_eta": -3.2070615826980733, "log10_lambda": -1.5140310850712755, "log10_min_child_weight": 1.7243539600849411, "log10_subsample": -0.26346641227333734, "max_depth": 4.0, "num_boost_round": 20.0}, "datetime": {"datetime": "2024-01-19 00:22:33", "elapsed": 652.885952, "delta": 0.000861}}
{"target": -13.758380548155188, "params": {"gamma": 86.68940407558301, "log10_alpha": -4.215803148892139, "log10_colsample_bytree": -0.29158231796579415, "log10_eta": -3.2070615826980733, "log10_lambda": -1.5140310850712755, "log10_min_child_weight": 1.7243539600849411, "log10_subsample": -0.26346641227333734, "max_depth": 4.0, "num_boost_round": 21.0}, "datetime": {"datetime": "2024-01-19 00:22:33", "elapsed": 652.886872, "delta": 0.00092}}
{"target": -13.7583782762257, "params": {"gamma": 86.68940407558301, "log10_alpha": -4.215803148892139, "log10_colsample_bytree": -0.29158231796579415, "log10_eta": -3.2070615826980733, "log10_lambda": -1.5140310850712755, "log10_min_child_weight": 1.7243539600849411, "log10_subsample": -0.26346641227333734, "max_depth": 4.0, "num_boost_round": 22.0}, "datetime": {"datetime": "2024-01-19 00:22:33", "elapsed": 652.887737, "delta": 0.000865}}
{"target": -13.758376978023001, "params": {"gamma": 86.68940407558301, "log10_alpha": -4.215803148892139, "log10_colsample_bytree": -0.29158231796579415, "log10_eta": -3.2070615826980733, "log10_lambda": -1.5140310850712755, "log10_min_child_weight": 1.7243539600849411, "log10_subsample": -0.26346641227333734, "max_depth": 4.0, "num_boost_round": 23.0}, "datetime": {"datetime": "2024-01-19 00:22:33", "elapsed": 652.888623, "delta": 0.000886}}
{"target": -13.758372854377997, "params": {"gamma": 86.68940407558301, "log10_alpha": -4.215803148892139, "log10_colsample_bytree": -0.29158231796579415, "log10_eta": -3.2070615826980733, "log10_lambda": -1.5140310850712755, "log10_min_child_weight": 1.7243539600849411, "log10_subsample": -0.26346641227333734, "max_depth": 4.0, "num_boost_round": 24.0}, "datetime": {"datetime": "2024-01-19 00:22:33", "elapsed": 652.889493, "delta": 0.00087}}
{"target": -13.758358101616084, "params": {"gamma": 86.68940407558301, "log10_alpha": -4.215803148892139, "log10_colsample_bytree": -0.29158231796579415, "log10_eta": -3.2070615826980733, "log10_lambda": -1.5140310850712755, "log10_min_child_weight": 1.7243539600849411, "log10_subsample": -0.26346641227333734, "max_depth": 4.0, "num_boost_round": 25.0}, "datetime": {"datetime": "2024-01-19 00:22:33", "elapsed": 652.890362, "delta": 0.000869}}
{"target": -13.758344698525997, "params": {"gamma": 86.68940407558301, "log10_alpha": -4.215803148892139, "log10_colsample_bytree": -0.29158231796579415, "log10_eta": -3.2070615826980733, "log10_lambda": -1.5140310850712755, "log10_min_child_weight": 1.7243539600849411, "log10_subsample": -0.26346641227333734, "max_depth": 4.0, "num_boost_round": 26.0}, "datetime": {"datetime": "2024-01-19 00:22:33", "elapsed": 652.891256, "delta": 0.000894}}
{"target": -13.758336352411233, "params": {"gamma": 86.68940407558301, "log10_alpha": -4.215803148892139, "log10_colsample_bytree": -0.29158231796579415, "log10_eta": -3.2070615826980733, "log10_lambda": -1.5140310850712755, "log10_min_child_weight": 1.7243539600849411, "log10_subsample": -0.26346641227333734, "max_depth": 4.0, "num_boost_round": 27.0}, "datetime": {"datetime": "2024-01-19 00:22:33", "elapsed": 652.892146, "delta": 0.00089}}
{"target": -13.75852813099132, "params": {"gamma": 87.45618847113772, "log10_alpha": -0.2790142675291711, "log10_colsample_bytree": -0.3116414540029257, "log10_eta": -1.8994216980322347, "log10_lambda": -3.759064030778831, "log10_min_child_weight": 5.0, "log10_subsample": 0.0, "max_depth": 2.0, "num_boost_round": 0.0}, "datetime": {"datetime": "2024-01-19 00:22:52", "elapsed": 672.027926, "delta": 19.13578}}
{"target": -13.758508144921088, "params": {"gamma": 87.45618847113772, "log10_alpha": -0.2790142675291711, "log10_colsample_bytree": -0.3116414540029257, "log10_eta": -1.8994216980322347, "log10_lambda": -3.759064030778831, "log10_min_child_weight": 5.0, "log10_subsample": 0.0, "max_depth": 2.0, "num_boost_round": 1.0}, "datetime": {"datetime": "2024-01-19 00:22:52", "elapsed": 672.028979, "delta": 0.001053}}
{"target": -13.75847474439146, "params": {"gamma": 87.45618847113772, "log10_alpha": -0.2790142675291711, "log10_colsample_bytree": -0.3116414540029257, "log10_eta": -1.8994216980322347, "log10_lambda": -3.759064030778831, "log10_min_child_weight": 5.0, "log10_subsample": 0.0, "max_depth": 2.0, "num_boost_round": 2.0}, "datetime": {"datetime": "2024-01-19 00:22:52", "elapsed": 672.030504, "delta": 0.001525}}
{"target": -13.758445733596666, "params": {"gamma": 87.45618847113772, "log10_alpha": -0.2790142675291711, "log10_colsample_bytree": -0.3116414540029257, "log10_eta": -1.8994216980322347, "log10_lambda": -3.759064030778831, "log10_min_child_weight": 5.0, "log10_subsample": 0.0, "max_depth": 2.0, "num_boost_round": 3.0}, "datetime": {"datetime": "2024-01-19 00:22:52", "elapsed": 672.031407, "delta": 0.000903}}
{"target": -13.758418172246767, "params": {"gamma": 87.45618847113772, "log10_alpha": -0.2790142675291711, "log10_colsample_bytree": -0.3116414540029257, "log10_eta": -1.8994216980322347, "log10_lambda": -3.759064030778831, "log10_min_child_weight": 5.0, "log10_subsample": 0.0, "max_depth": 2.0, "num_boost_round": 4.0}, "datetime": {"datetime": "2024-01-19 00:22:52", "elapsed": 672.032566, "delta": 0.001159}}
{"target": -13.758425387934087, "params": {"gamma": 87.45618847113772, "log10_alpha": -0.2790142675291711, "log10_colsample_bytree": -0.3116414540029257, "log10_eta": -1.8994216980322347, "log10_lambda": -3.759064030778831, "log10_min_child_weight": 5.0, "log10_subsample": 0.0, "max_depth": 2.0, "num_boost_round": 5.0}, "datetime": {"datetime": "2024-01-19 00:22:52", "elapsed": 672.033761, "delta": 0.001195}}
{"target": -13.758436229170808, "params": {"gamma": 87.45618847113772, "log10_alpha": -0.2790142675291711, "log10_colsample_bytree": -0.3116414540029257, "log10_eta": -1.8994216980322347, "log10_lambda": -3.759064030778831, "log10_min_child_weight": 5.0, "log10_subsample": 0.0, "max_depth": 2.0, "num_boost_round": 6.0}, "datetime": {"datetime": "2024-01-19 00:22:52", "elapsed": 672.034864, "delta": 0.001103}}
{"target": -13.75845055305946, "params": {"gamma": 87.45618847113772, "log10_alpha": -0.2790142675291711, "log10_colsample_bytree": -0.3116414540029257, "log10_eta": -1.8994216980322347, "log10_lambda": -3.759064030778831, "log10_min_child_weight": 5.0, "log10_subsample": 0.0, "max_depth": 2.0, "num_boost_round": 7.0}, "datetime": {"datetime": "2024-01-19 00:22:52", "elapsed": 672.035891, "delta": 0.001027}}
{"target": -13.758433849129075, "params": {"gamma": 87.45618847113772, "log10_alpha": -0.2790142675291711, "log10_colsample_bytree": -0.3116414540029257, "log10_eta": -1.8994216980322347, "log10_lambda": -3.759064030778831, "log10_min_child_weight": 5.0, "log10_subsample": 0.0, "max_depth": 2.0, "num_boost_round": 8.0}, "datetime": {"datetime": "2024-01-19 00:22:52", "elapsed": 672.036856, "delta": 0.000965}}
{"target": -13.758420948707299, "params": {"gamma": 87.45618847113772, "log10_alpha": -0.2790142675291711, "log10_colsample_bytree": -0.3116414540029257, "log10_eta": -1.8994216980322347, "log10_lambda": -3.759064030778831, "log10_min_child_weight": 5.0, "log10_subsample": 0.0, "max_depth": 2.0, "num_boost_round": 9.0}, "datetime": {"datetime": "2024-01-19 00:22:52", "elapsed": 672.037844, "delta": 0.000988}}
{"target": -13.758500722554414, "params": {"gamma": 88.39791849434575, "log10_alpha": -0.3764909615390293, "log10_colsample_bytree": -0.28376388929460405, "log10_eta": -2.8900576760604744, "log10_lambda": -1.1352810848470973, "log10_min_child_weight": 1.8296397146613104, "log10_subsample": -0.5293774560195996, "max_depth": 3.0, "num_boost_round": 0.0}, "datetime": {"datetime": "2024-01-19 00:23:19", "elapsed": 698.710833, "delta": 26.672989}}
{"target": -13.758500601137234, "params": {"gamma": 88.39791849434575, "log10_alpha": -0.3764909615390293, "log10_colsample_bytree": -0.28376388929460405, "log10_eta": -2.8900576760604744, "log10_lambda": -1.1352810848470973, "log10_min_child_weight": 1.8296397146613104, "log10_subsample": -0.5293774560195996, "max_depth": 3.0, "num_boost_round": 1.0}, "datetime": {"datetime": "2024-01-19 00:23:19", "elapsed": 698.71198, "delta": 0.001147}}
{"target": -13.7584986449964, "params": {"gamma": 88.39791849434575, "log10_alpha": -0.3764909615390293, "log10_colsample_bytree": -0.28376388929460405, "log10_eta": -2.8900576760604744, "log10_lambda": -1.1352810848470973, "log10_min_child_weight": 1.8296397146613104, "log10_subsample": -0.5293774560195996, "max_depth": 3.0, "num_boost_round": 2.0}, "datetime": {"datetime": "2024-01-19 00:23:19", "elapsed": 698.713135, "delta": 0.001155}}
{"target": -13.75849878591262, "params": {"gamma": 88.39791849434575, "log10_alpha": -0.3764909615390293, "log10_colsample_bytree": -0.28376388929460405, "log10_eta": -2.8900576760604744, "log10_lambda": -1.1352810848470973, "log10_min_child_weight": 1.8296397146613104, "log10_subsample": -0.5293774560195996, "max_depth": 3.0, "num_boost_round": 3.0}, "datetime": {"datetime": "2024-01-19 00:23:19", "elapsed": 698.714331, "delta": 0.001196}}
{"target": -13.758484430042005, "params": {"gamma": 88.39791849434575, "log10_alpha": -0.3764909615390293, "log10_colsample_bytree": -0.28376388929460405, "log10_eta": -2.8900576760604744, "log10_lambda": -1.1352810848470973, "log10_min_child_weight": 1.8296397146613104, "log10_subsample": -0.5293774560195996, "max_depth": 3.0, "num_boost_round": 4.0}, "datetime": {"datetime": "2024-01-19 00:23:19", "elapsed": 698.715248, "delta": 0.000917}}
{"target": -13.758474296229839, "params": {"gamma": 88.39791849434575, "log10_alpha": -0.3764909615390293, "log10_colsample_bytree": -0.28376388929460405, "log10_eta": -2.8900576760604744, "log10_lambda": -1.1352810848470973, "log10_min_child_weight": 1.8296397146613104, "log10_subsample": -0.5293774560195996, "max_depth": 3.0, "num_boost_round": 5.0}, "datetime": {"datetime": "2024-01-19 00:23:19", "elapsed": 698.71617, "delta": 0.000922}}
{"target": -13.758461103601451, "params": {"gamma": 88.39791849434575, "log10_alpha": -0.3764909615390293, "log10_colsample_bytree": -0.28376388929460405, "log10_eta": -2.8900576760604744, "log10_lambda": -1.1352810848470973, "log10_min_child_weight": 1.8296397146613104, "log10_subsample": -0.5293774560195996, "max_depth": 3.0, "num_boost_round": 6.0}, "datetime": {"datetime": "2024-01-19 00:23:19", "elapsed": 698.717062, "delta": 0.000892}}
{"target": -13.758453425282601, "params": {"gamma": 88.39791849434575, "log10_alpha": -0.3764909615390293, "log10_colsample_bytree": -0.28376388929460405, "log10_eta": -2.8900576760604744, "log10_lambda": -1.1352810848470973, "log10_min_child_weight": 1.8296397146613104, "log10_subsample": -0.5293774560195996, "max_depth": 3.0, "num_boost_round": 7.0}, "datetime": {"datetime": "2024-01-19 00:23:19", "elapsed": 698.718032, "delta": 0.00097}}
{"target": -13.758445555737888, "params": {"gamma": 88.39791849434575, "log10_alpha": -0.3764909615390293, "log10_colsample_bytree": -0.28376388929460405, "log10_eta": -2.8900576760604744, "log10_lambda": -1.1352810848470973, "log10_min_child_weight": 1.8296397146613104, "log10_subsample": -0.5293774560195996, "max_depth": 3.0, "num_boost_round": 8.0}, "datetime": {"datetime": "2024-01-19 00:23:19", "elapsed": 698.718929, "delta": 0.000897}}
{"target": -13.758411344150623, "params": {"gamma": 88.39791849434575, "log10_alpha": -0.3764909615390293, "log10_colsample_bytree": -0.28376388929460405, "log10_eta": -2.8900576760604744, "log10_lambda": -1.1352810848470973, "log10_min_child_weight": 1.8296397146613104, "log10_subsample": -0.5293774560195996, "max_depth": 3.0, "num_boost_round": 9.0}, "datetime": {"datetime": "2024-01-19 00:23:19", "elapsed": 698.719845, "delta": 0.000916}}
{"target": -13.758409274877943, "params": {"gamma": 88.39791849434575, "log10_alpha": -0.3764909615390293, "log10_colsample_bytree": -0.28376388929460405, "log10_eta": -2.8900576760604744, "log10_lambda": -1.1352810848470973, "log10_min_child_weight": 1.8296397146613104, "log10_subsample": -0.5293774560195996, "max_depth": 3.0, "num_boost_round": 10.0}, "datetime": {"datetime": "2024-01-19 00:23:19", "elapsed": 698.720737, "delta": 0.000892}}
{"target": -13.758381544360319, "params": {"gamma": 88.39791849434575, "log10_alpha": -0.3764909615390293, "log10_colsample_bytree": -0.28376388929460405, "log10_eta": -2.8900576760604744, "log10_lambda": -1.1352810848470973, "log10_min_child_weight": 1.8296397146613104, "log10_subsample": -0.5293774560195996, "max_depth": 3.0, "num_boost_round": 11.0}, "datetime": {"datetime": "2024-01-19 00:23:19", "elapsed": 698.721652, "delta": 0.000915}}
{"target": -13.75837916442115, "params": {"gamma": 88.39791849434575, "log10_alpha": -0.3764909615390293, "log10_colsample_bytree": -0.28376388929460405, "log10_eta": -2.8900576760604744, "log10_lambda": -1.1352810848470973, "log10_min_child_weight": 1.8296397146613104, "log10_subsample": -0.5293774560195996, "max_depth": 3.0, "num_boost_round": 12.0}, "datetime": {"datetime": "2024-01-19 00:23:19", "elapsed": 698.722626, "delta": 0.000974}}
{"target": -13.75837607685838, "params": {"gamma": 88.39791849434575, "log10_alpha": -0.3764909615390293, "log10_colsample_bytree": -0.28376388929460405, "log10_eta": -2.8900576760604744, "log10_lambda": -1.1352810848470973, "log10_min_child_weight": 1.8296397146613104, "log10_subsample": -0.5293774560195996, "max_depth": 3.0, "num_boost_round": 13.0}, "datetime": {"datetime": "2024-01-19 00:23:19", "elapsed": 698.72357, "delta": 0.000944}}
{"target": -13.758353828639025, "params": {"gamma": 88.39791849434575, "log10_alpha": -0.3764909615390293, "log10_colsample_bytree": -0.28376388929460405, "log10_eta": -2.8900576760604744, "log10_lambda": -1.1352810848470973, "log10_min_child_weight": 1.8296397146613104, "log10_subsample": -0.5293774560195996, "max_depth": 3.0, "num_boost_round": 14.0}, "datetime": {"datetime": "2024-01-19 00:23:19", "elapsed": 698.724495, "delta": 0.000925}}
{"target": -13.758328715631595, "params": {"gamma": 88.39791849434575, "log10_alpha": -0.3764909615390293, "log10_colsample_bytree": -0.28376388929460405, "log10_eta": -2.8900576760604744, "log10_lambda": -1.1352810848470973, "log10_min_child_weight": 1.8296397146613104, "log10_subsample": -0.5293774560195996, "max_depth": 3.0, "num_boost_round": 15.0}, "datetime": {"datetime": "2024-01-19 00:23:19", "elapsed": 698.725434, "delta": 0.000939}}
{"target": -13.758291881551674, "params": {"gamma": 88.39791849434575, "log10_alpha": -0.3764909615390293, "log10_colsample_bytree": -0.28376388929460405, "log10_eta": -2.8900576760604744, "log10_lambda": -1.1352810848470973, "log10_min_child_weight": 1.8296397146613104, "log10_subsample": -0.5293774560195996, "max_depth": 3.0, "num_boost_round": 16.0}, "datetime": {"datetime": "2024-01-19 00:23:19", "elapsed": 698.726368, "delta": 0.000934}}
{"target": -13.758290527994685, "params": {"gamma": 88.39791849434575, "log10_alpha": -0.3764909615390293, "log10_colsample_bytree": -0.28376388929460405, "log10_eta": -2.8900576760604744, "log10_lambda": -1.1352810848470973, "log10_min_child_weight": 1.8296397146613104, "log10_subsample": -0.5293774560195996, "max_depth": 3.0, "num_boost_round": 17.0}, "datetime": {"datetime": "2024-01-19 00:23:19", "elapsed": 698.727348, "delta": 0.00098}}
{"target": -13.758277541030315, "params": {"gamma": 88.39791849434575, "log10_alpha": -0.3764909615390293, "log10_colsample_bytree": -0.28376388929460405, "log10_eta": -2.8900576760604744, "log10_lambda": -1.1352810848470973, "log10_min_child_weight": 1.8296397146613104, "log10_subsample": -0.5293774560195996, "max_depth": 3.0, "num_boost_round": 18.0}, "datetime": {"datetime": "2024-01-19 00:23:19", "elapsed": 698.728276, "delta": 0.000928}}
{"target": -13.75825099886819, "params": {"gamma": 88.39791849434575, "log10_alpha": -0.3764909615390293, "log10_colsample_bytree": -0.28376388929460405, "log10_eta": -2.8900576760604744, "log10_lambda": -1.1352810848470973, "log10_min_child_weight": 1.8296397146613104, "log10_subsample": -0.5293774560195996, "max_depth": 3.0, "num_boost_round": 19.0}, "datetime": {"datetime": "2024-01-19 00:23:19", "elapsed": 698.729212, "delta": 0.000936}}
{"target": -13.758203679595898, "params": {"gamma": 88.39791849434575, "log10_alpha": -0.3764909615390293, "log10_colsample_bytree": -0.28376388929460405, "log10_eta": -2.8900576760604744, "log10_lambda": -1.1352810848470973, "log10_min_child_weight": 1.8296397146613104, "log10_subsample": -0.5293774560195996, "max_depth": 3.0, "num_boost_round": 20.0}, "datetime": {"datetime": "2024-01-19 00:23:19", "elapsed": 698.73015, "delta": 0.000938}}
{"target": -13.75818293182523, "params": {"gamma": 88.39791849434575, "log10_alpha": -0.3764909615390293, "log10_colsample_bytree": -0.28376388929460405, "log10_eta": -2.8900576760604744, "log10_lambda": -1.1352810848470973, "log10_min_child_weight": 1.8296397146613104, "log10_subsample": -0.5293774560195996, "max_depth": 3.0, "num_boost_round": 21.0}, "datetime": {"datetime": "2024-01-19 00:23:19", "elapsed": 698.731069, "delta": 0.000919}}
{"target": -13.758160045335096, "params": {"gamma": 88.39791849434575, "log10_alpha": -0.3764909615390293, "log10_colsample_bytree": -0.28376388929460405, "log10_eta": -2.8900576760604744, "log10_lambda": -1.1352810848470973, "log10_min_child_weight": 1.8296397146613104, "log10_subsample": -0.5293774560195996, "max_depth": 3.0, "num_boost_round": 22.0}, "datetime": {"datetime": "2024-01-19 00:23:19", "elapsed": 698.731994, "delta": 0.000925}}
{"target": -13.758152830397272, "params": {"gamma": 88.39791849434575, "log10_alpha": -0.3764909615390293, "log10_colsample_bytree": -0.28376388929460405, "log10_eta": -2.8900576760604744, "log10_lambda": -1.1352810848470973, "log10_min_child_weight": 1.8296397146613104, "log10_subsample": -0.5293774560195996, "max_depth": 3.0, "num_boost_round": 23.0}, "datetime": {"datetime": "2024-01-19 00:23:19", "elapsed": 698.733094, "delta": 0.0011}}
{"target": -13.7581352305757, "params": {"gamma": 88.39791849434575, "log10_alpha": -0.3764909615390293, "log10_colsample_bytree": -0.28376388929460405, "log10_eta": -2.8900576760604744, "log10_lambda": -1.1352810848470973, "log10_min_child_weight": 1.8296397146613104, "log10_subsample": -0.5293774560195996, "max_depth": 3.0, "num_boost_round": 24.0}, "datetime": {"datetime": "2024-01-19 00:23:19", "elapsed": 698.734203, "delta": 0.001109}}
{"target": -13.758103144201586, "params": {"gamma": 88.39791849434575, "log10_alpha": -0.3764909615390293, "log10_colsample_bytree": -0.28376388929460405, "log10_eta": -2.8900576760604744, "log10_lambda": -1.1352810848470973, "log10_min_child_weight": 1.8296397146613104, "log10_subsample": -0.5293774560195996, "max_depth": 3.0, "num_boost_round": 25.0}, "datetime": {"datetime": "2024-01-19 00:23:19", "elapsed": 698.735238, "delta": 0.001035}}
{"target": -13.758077264872417, "params": {"gamma": 88.39791849434575, "log10_alpha": -0.3764909615390293, "log10_colsample_bytree": -0.28376388929460405, "log10_eta": -2.8900576760604744, "log10_lambda": -1.1352810848470973, "log10_min_child_weight": 1.8296397146613104, "log10_subsample": -0.5293774560195996, "max_depth": 3.0, "num_boost_round": 26.0}, "datetime": {"datetime": "2024-01-19 00:23:19", "elapsed": 698.736182, "delta": 0.000944}}
{"target": -13.758056166893317, "params": {"gamma": 88.39791849434575, "log10_alpha": -0.3764909615390293, "log10_colsample_bytree": -0.28376388929460405, "log10_eta": -2.8900576760604744, "log10_lambda": -1.1352810848470973, "log10_min_child_weight": 1.8296397146613104, "log10_subsample": -0.5293774560195996, "max_depth": 3.0, "num_boost_round": 27.0}, "datetime": {"datetime": "2024-01-19 00:23:19", "elapsed": 698.737129, "delta": 0.000947}}
{"target": -13.758045217276205, "params": {"gamma": 88.39791849434575, "log10_alpha": -0.3764909615390293, "log10_colsample_bytree": -0.28376388929460405, "log10_eta": -2.8900576760604744, "log10_lambda": -1.1352810848470973, "log10_min_child_weight": 1.8296397146613104, "log10_subsample": -0.5293774560195996, "max_depth": 3.0, "num_boost_round": 28.0}, "datetime": {"datetime": "2024-01-19 00:23:19", "elapsed": 698.738059, "delta": 0.00093}}
{"target": -13.758026632741768, "params": {"gamma": 88.39791849434575, "log10_alpha": -0.3764909615390293, "log10_colsample_bytree": -0.28376388929460405, "log10_eta": -2.8900576760604744, "log10_lambda": -1.1352810848470973, "log10_min_child_weight": 1.8296397146613104, "log10_subsample": -0.5293774560195996, "max_depth": 3.0, "num_boost_round": 29.0}, "datetime": {"datetime": "2024-01-19 00:23:19", "elapsed": 698.738982, "delta": 0.000923}}
{"target": -13.758003386574437, "params": {"gamma": 88.39791849434575, "log10_alpha": -0.3764909615390293, "log10_colsample_bytree": -0.28376388929460405, "log10_eta": -2.8900576760604744, "log10_lambda": -1.1352810848470973, "log10_min_child_weight": 1.8296397146613104, "log10_subsample": -0.5293774560195996, "max_depth": 3.0, "num_boost_round": 30.0}, "datetime": {"datetime": "2024-01-19 00:23:19", "elapsed": 698.739899, "delta": 0.000917}}
