{"target": -17.677203246448656, "params": {"gamma": 431.63759958486713, "log10_alpha": -3.973751647303585, "log10_colsample_bytree": -0.762739154417909, "log10_eta": -3.451846118203054, "log10_lambda": -1.6705141961263577, "log10_min_child_weight": 4.469992969216658, "log10_subsample": -0.31761219285909426, "max_depth": 6.0, "num_boost_round": 17.0}, "datetime": {"datetime": "2024-01-19 01:33:34", "elapsed": 4918.858701, "delta": 0.003617}}
{"target": -17.677197934091232, "params": {"gamma": 431.63759958486713, "log10_alpha": -3.973751647303585, "log10_colsample_bytree": -0.762739154417909, "log10_eta": -3.451846118203054, "log10_lambda": -1.6705141961263577, "log10_min_child_weight": 4.469992969216658, "log10_subsample": -0.31761219285909426, "max_depth": 6.0, "num_boost_round": 18.0}, "datetime": {"datetime": "2024-01-19 01:33:34", "elapsed": 4918.862178, "delta": 0.003477}}
{"target": -17.677193090372853, "params": {"gamma": 431.63759958486713, "log10_alpha": -3.973751647303585, "log10_colsample_bytree": -0.762739154417909, "log10_eta": -3.451846118203054, "log10_lambda": -1.6705141961263577, "log10_min_child_weight": 4.469992969216658, "log10_subsample": -0.31761219285909426, "max_depth": 6.0, "num_boost_round": 19.0}, "datetime": {"datetime": "2024-01-19 01:33:34", "elapsed": 4918.865688, "delta": 0.00351}}
{"target": -17.677192857442055, "params": {"gamma": 431.63759958486713, "log10_alpha": -3.973751647303585, "log10_colsample_bytree": -0.762739154417909, "log10_eta": -3.451846118203054, "log10_lambda": -1.6705141961263577, "log10_min_child_weight": 4.469992969216658, "log10_subsample": -0.31761219285909426, "max_depth": 6.0, "num_boost_round": 20.0}, "datetime": {"datetime": "2024-01-19 01:33:34", "elapsed": 4918.86925, "delta": 0.003562}}
{"target": -17.677191229551486, "params": {"gamma": 431.63759958486713, "log10_alpha": -3.973751647303585, "log10_colsample_bytree": -0.762739154417909, "log10_eta": -3.451846118203054, "log10_lambda": -1.6705141961263577, "log10_min_child_weight": 4.469992969216658, "log10_subsample": -0.31761219285909426, "max_depth": 6.0, "num_boost_round": 21.0}, "datetime": {"datetime": "2024-01-19 01:33:34", "elapsed": 4918.872742, "delta": 0.003492}}
{"target": -17.677189186091624, "params": {"gamma": 431.63759958486713, "log10_alpha": -3.973751647303585, "log10_colsample_bytree": -0.762739154417909, "log10_eta": -3.451846118203054, "log10_lambda": -1.6705141961263577, "log10_min_child_weight": 4.469992969216658, "log10_subsample": -0.31761219285909426, "max_depth": 6.0, "num_boost_round": 22.0}, "datetime": {"datetime": "2024-01-19 01:33:34", "elapsed": 4918.876375, "delta": 0.003633}}
{"target": -17.721285718561123, "params": {"gamma": 433.57160976726004, "log10_alpha": -0.40747534907150307, "log10_colsample_bytree": -0.7722213726534727, "log10_eta": -0.3363015422701623, "log10_lambda": -0.752852741069681, "log10_min_child_weight": 0.6918921417018081, "log10_subsample": -0.8676640725440412, "max_depth": 7.0, "num_boost_round": 0.0}, "datetime": {"datetime": "2024-01-19 01:34:42", "elapsed": 4986.920384, "delta": 68.044009}}
{"target": -17.79845270005305, "params": {"gamma": 433.57160976726004, "log10_alpha": -0.40747534907150307, "log10_colsample_bytree": -0.7722213726534727, "log10_eta": -0.3363015422701623, "log10_lambda": -0.752852741069681, "log10_min_child_weight": 0.6918921417018081, "log10_subsample": -0.8676640725440412, "max_depth": 7.0, "num_boost_round": 1.0}, "datetime": {"datetime": "2024-01-19 01:34:42", "elapsed": 4986.924299, "delta": 0.003915}}
{"target": -17.86095991903991, "params": {"gamma": 433.57160976726004, "log10_alpha": -0.40747534907150307, "log10_colsample_bytree": -0.7722213726534727, "log10_eta": -0.3363015422701623, "log10_lambda": -0.752852741069681, "log10_min_child_weight": 0.6918921417018081, "log10_subsample": -0.8676640725440412, "max_depth": 7.0, "num_boost_round": 2.0}, "datetime": {"datetime": "2024-01-19 01:34:42", "elapsed": 4986.928212, "delta": 0.003913}}
{"target": -17.9349369700901, "params": {"gamma": 433.57160976726004, "log10_alpha": -0.40747534907150307, "log10_colsample_bytree": -0.7722213726534727, "log10_eta": -0.3363015422701623, "log10_lambda": -0.752852741069681, "log10_min_child_weight": 0.6918921417018081, "log10_subsample": -0.8676640725440412, "max_depth": 7.0, "num_boost_round": 3.0}, "datetime": {"datetime": "2024-01-19 01:34:42", "elapsed": 4986.931724, "delta": 0.003512}}
{"target": -17.960532424116114, "params": {"gamma": 433.57160976726004, "log10_alpha": -0.40747534907150307, "log10_colsample_bytree": -0.7722213726534727, "log10_eta": -0.3363015422701623, "log10_lambda": -0.752852741069681, "log10_min_child_weight": 0.6918921417018081, "log10_subsample": -0.8676640725440412, "max_depth": 7.0, "num_boost_round": 4.0}, "datetime": {"datetime": "2024-01-19 01:34:42", "elapsed": 4986.935307, "delta": 0.003583}}
{"target": -18.039462388464077, "params": {"gamma": 433.57160976726004, "log10_alpha": -0.40747534907150307, "log10_colsample_bytree": -0.7722213726534727, "log10_eta": -0.3363015422701623, "log10_lambda": -0.752852741069681, "log10_min_child_weight": 0.6918921417018081, "log10_subsample": -0.8676640725440412, "max_depth": 7.0, "num_boost_round": 5.0}, "datetime": {"datetime": "2024-01-19 01:34:42", "elapsed": 4986.938789, "delta": 0.003482}}
{"target": -18.076672239358672, "params": {"gamma": 433.57160976726004, "log10_alpha": -0.40747534907150307, "log10_colsample_bytree": -0.7722213726534727, "log10_eta": -0.3363015422701623, "log10_lambda": -0.752852741069681, "log10_min_child_weight": 0.6918921417018081, "log10_subsample": -0.8676640725440412, "max_depth": 7.0, "num_boost_round": 6.0}, "datetime": {"datetime": "2024-01-19 01:34:42", "elapsed": 4986.942259, "delta": 0.00347}}
{"target": -18.43558269583132, "params": {"gamma": 433.57160976726004, "log10_alpha": -0.40747534907150307, "log10_colsample_bytree": -0.7722213726534727, "log10_eta": -0.3363015422701623, "log10_lambda": -0.752852741069681, "log10_min_child_weight": 0.6918921417018081, "log10_subsample": -0.8676640725440412, "max_depth": 7.0, "num_boost_round": 7.0}, "datetime": {"datetime": "2024-01-19 01:34:42", "elapsed": 4986.945838, "delta": 0.003579}}
{"target": -18.46053376084792, "params": {"gamma": 433.57160976726004, "log10_alpha": -0.40747534907150307, "log10_colsample_bytree": -0.7722213726534727, "log10_eta": -0.3363015422701623, "log10_lambda": -0.752852741069681, "log10_min_child_weight": 0.6918921417018081, "log10_subsample": -0.8676640725440412, "max_depth": 7.0, "num_boost_round": 8.0}, "datetime": {"datetime": "2024-01-19 01:34:42", "elapsed": 4986.949341, "delta": 0.003503}}
{"target": -18.47708056893783, "params": {"gamma": 433.57160976726004, "log10_alpha": -0.40747534907150307, "log10_colsample_bytree": -0.7722213726534727, "log10_eta": -0.3363015422701623, "log10_lambda": -0.752852741069681, "log10_min_child_weight": 0.6918921417018081, "log10_subsample": -0.8676640725440412, "max_depth": 7.0, "num_boost_round": 9.0}, "datetime": {"datetime": "2024-01-19 01:34:42", "elapsed": 4986.953287, "delta": 0.003946}}
{"target": -18.54002315719531, "params": {"gamma": 433.57160976726004, "log10_alpha": -0.40747534907150307, "log10_colsample_bytree": -0.7722213726534727, "log10_eta": -0.3363015422701623, "log10_lambda": -0.752852741069681, "log10_min_child_weight": 0.6918921417018081, "log10_subsample": -0.8676640725440412, "max_depth": 7.0, "num_boost_round": 10.0}, "datetime": {"datetime": "2024-01-19 01:34:42", "elapsed": 4986.957208, "delta": 0.003921}}
{"target": -18.594935398146745, "params": {"gamma": 433.57160976726004, "log10_alpha": -0.40747534907150307, "log10_colsample_bytree": -0.7722213726534727, "log10_eta": -0.3363015422701623, "log10_lambda": -0.752852741069681, "log10_min_child_weight": 0.6918921417018081, "log10_subsample": -0.8676640725440412, "max_depth": 7.0, "num_boost_round": 11.0}, "datetime": {"datetime": "2024-01-19 01:34:42", "elapsed": 4986.961211, "delta": 0.004003}}
{"target": -18.664391868555985, "params": {"gamma": 433.57160976726004, "log10_alpha": -0.40747534907150307, "log10_colsample_bytree": -0.7722213726534727, "log10_eta": -0.3363015422701623, "log10_lambda": -0.752852741069681, "log10_min_child_weight": 0.6918921417018081, "log10_subsample": -0.8676640725440412, "max_depth": 7.0, "num_boost_round": 12.0}, "datetime": {"datetime": "2024-01-19 01:34:42", "elapsed": 4986.96493, "delta": 0.003719}}
{"target": -18.69312948857092, "params": {"gamma": 433.57160976726004, "log10_alpha": -0.40747534907150307, "log10_colsample_bytree": -0.7722213726534727, "log10_eta": -0.3363015422701623, "log10_lambda": -0.752852741069681, "log10_min_child_weight": 0.6918921417018081, "log10_subsample": -0.8676640725440412, "max_depth": 7.0, "num_boost_round": 13.0}, "datetime": {"datetime": "2024-01-19 01:34:42", "elapsed": 4986.968428, "delta": 0.003498}}
{"target": -18.721621561394393, "params": {"gamma": 433.57160976726004, "log10_alpha": -0.40747534907150307, "log10_colsample_bytree": -0.7722213726534727, "log10_eta": -0.3363015422701623, "log10_lambda": -0.752852741069681, "log10_min_child_weight": 0.6918921417018081, "log10_subsample": -0.8676640725440412, "max_depth": 7.0, "num_boost_round": 14.0}, "datetime": {"datetime": "2024-01-19 01:34:42", "elapsed": 4986.971944, "delta": 0.003516}}
{"target": -18.764657276572592, "params": {"gamma": 433.57160976726004, "log10_alpha": -0.40747534907150307, "log10_colsample_bytree": -0.7722213726534727, "log10_eta": -0.3363015422701623, "log10_lambda": -0.752852741069681, "log10_min_child_weight": 0.6918921417018081, "log10_subsample": -0.8676640725440412, "max_depth": 7.0, "num_boost_round": 15.0}, "datetime": {"datetime": "2024-01-19 01:34:42", "elapsed": 4986.975591, "delta": 0.003647}}
{"target": -18.773853231464027, "params": {"gamma": 433.57160976726004, "log10_alpha": -0.40747534907150307, "log10_colsample_bytree": -0.7722213726534727, "log10_eta": -0.3363015422701623, "log10_lambda": -0.752852741069681, "log10_min_child_weight": 0.6918921417018081, "log10_subsample": -0.8676640725440412, "max_depth": 7.0, "num_boost_round": 16.0}, "datetime": {"datetime": "2024-01-19 01:34:42", "elapsed": 4986.97922, "delta": 0.003629}}
{"target": -17.677189407214236, "params": {"gamma": 431.086876519458, "log10_alpha": -3.419425691450815, "log10_colsample_bytree": -0.1868009153085478, "log10_eta": -3.208532779919602, "log10_lambda": -4.61852653572325, "log10_min_child_weight": 1.251624653718162, "log10_subsample": -0.5521368705108711, "max_depth": 6.0, "num_boost_round": 0.0}, "datetime": {"datetime": "2024-01-19 01:35:54", "elapsed": 5059.0541, "delta": 72.07488}}
{"target": -17.67715789967116, "params": {"gamma": 431.086876519458, "log10_alpha": -3.419425691450815, "log10_colsample_bytree": -0.1868009153085478, "log10_eta": -3.208532779919602, "log10_lambda": -4.61852653572325, "log10_min_child_weight": 1.251624653718162, "log10_subsample": -0.5521368705108711, "max_depth": 6.0, "num_boost_round": 1.0}, "datetime": {"datetime": "2024-01-19 01:35:54", "elapsed": 5059.057978, "delta": 0.003878}}
{"target": -17.67713045006667, "params": {"gamma": 431.086876519458, "log10_alpha": -3.419425691450815, "log10_colsample_bytree": -0.1868009153085478, "log10_eta": -3.208532779919602, "log10_lambda": -4.61852653572325, "log10_min_child_weight": 1.251624653718162, "log10_subsample": -0.5521368705108711, "max_depth": 6.0, "num_boost_round": 2.0}, "datetime": {"datetime": "2024-01-19 01:35:54", "elapsed": 5059.062182, "delta": 0.004204}}
{"target": -17.677135399365643, "params": {"gamma": 431.086876519458, "log10_alpha": -3.419425691450815, "log10_colsample_bytree": -0.1868009153085478, "log10_eta": -3.208532779919602, "log10_lambda": -4.61852653572325, "log10_min_child_weight": 1.251624653718162, "log10_subsample": -0.5521368705108711, "max_depth": 6.0, "num_boost_round": 3.0}, "datetime": {"datetime": "2024-01-19 01:35:54", "elapsed": 5059.065699, "delta": 0.003517}}
{"target": -17.677102583957808, "params": {"gamma": 431.086876519458, "log10_alpha": -3.419425691450815, "log10_colsample_bytree": -0.1868009153085478, "log10_eta": -3.208532779919602, "log10_lambda": -4.61852653572325, "log10_min_child_weight": 1.251624653718162, "log10_subsample": -0.5521368705108711, "max_depth": 6.0, "num_boost_round": 4.0}, "datetime": {"datetime": "2024-01-19 01:35:54", "elapsed": 5059.06925, "delta": 0.003551}}
{"target": -17.677067034916384, "params": {"gamma": 431.086876519458, "log10_alpha": -3.419425691450815, "log10_colsample_bytree": -0.1868009153085478, "log10_eta": -3.208532779919602, "log10_lambda": -4.61852653572325, "log10_min_child_weight": 1.251624653718162, "log10_subsample": -0.5521368705108711, "max_depth": 6.0, "num_boost_round": 5.0}, "datetime": {"datetime": "2024-01-19 01:35:54", "elapsed": 5059.072754, "delta": 0.003504}}
{"target": -17.67705371648782, "params": {"gamma": 431.086876519458, "log10_alpha": -3.419425691450815, "log10_colsample_bytree": -0.1868009153085478, "log10_eta": -3.208532779919602, "log10_lambda": -4.61852653572325, "log10_min_child_weight": 1.251624653718162, "log10_subsample": -0.5521368705108711, "max_depth": 6.0, "num_boost_round": 6.0}, "datetime": {"datetime": "2024-01-19 01:35:54", "elapsed": 5059.076442, "delta": 0.003688}}
{"target": -17.67703439889842, "params": {"gamma": 431.086876519458, "log10_alpha": -3.419425691450815, "log10_colsample_bytree": -0.1868009153085478, "log10_eta": -3.208532779919602, "log10_lambda": -4.61852653572325, "log10_min_child_weight": 1.251624653718162, "log10_subsample": -0.5521368705108711, "max_depth": 6.0, "num_boost_round": 7.0}, "datetime": {"datetime": "2024-01-19 01:35:54", "elapsed": 5059.080085, "delta": 0.003643}}
{"target": -17.677000233827528, "params": {"gamma": 431.086876519458, "log10_alpha": -3.419425691450815, "log10_colsample_bytree": -0.1868009153085478, "log10_eta": -3.208532779919602, "log10_lambda": -4.61852653572325, "log10_min_child_weight": 1.251624653718162, "log10_subsample": -0.5521368705108711, "max_depth": 6.0, "num_boost_round": 8.0}, "datetime": {"datetime": "2024-01-19 01:35:54", "elapsed": 5059.083713, "delta": 0.003628}}
{"target": -17.676975436925403, "params": {"gamma": 431.086876519458, "log10_alpha": -3.419425691450815, "log10_colsample_bytree": -0.1868009153085478, "log10_eta": -3.208532779919602, "log10_lambda": -4.61852653572325, "log10_min_child_weight": 1.251624653718162, "log10_subsample": -0.5521368705108711, "max_depth": 6.0, "num_boost_round": 9.0}, "datetime": {"datetime": "2024-01-19 01:35:54", "elapsed": 5059.087335, "delta": 0.003622}}
{"target": -17.67695953496187, "params": {"gamma": 431.086876519458, "log10_alpha": -3.419425691450815, "log10_colsample_bytree": -0.1868009153085478, "log10_eta": -3.208532779919602, "log10_lambda": -4.61852653572325, "log10_min_child_weight": 1.251624653718162, "log10_subsample": -0.5521368705108711, "max_depth": 6.0, "num_boost_round": 10.0}, "datetime": {"datetime": "2024-01-19 01:35:54", "elapsed": 5059.090903, "delta": 0.003568}}
{"target": -17.67693651574475, "params": {"gamma": 431.086876519458, "log10_alpha": -3.419425691450815, "log10_colsample_bytree": -0.1868009153085478, "log10_eta": -3.208532779919602, "log10_lambda": -4.61852653572325, "log10_min_child_weight": 1.251624653718162, "log10_subsample": -0.5521368705108711, "max_depth": 6.0, "num_boost_round": 11.0}, "datetime": {"datetime": "2024-01-19 01:35:54", "elapsed": 5059.094646, "delta": 0.003743}}
{"target": -17.67692112789865, "params": {"gamma": 431.086876519458, "log10_alpha": -3.419425691450815, "log10_colsample_bytree": -0.1868009153085478, "log10_eta": -3.208532779919602, "log10_lambda": -4.61852653572325, "log10_min_child_weight": 1.251624653718162, "log10_subsample": -0.5521368705108711, "max_depth": 6.0, "num_boost_round": 12.0}, "datetime": {"datetime": "2024-01-19 01:35:54", "elapsed": 5059.098137, "delta": 0.003491}}
{"target": -17.676901354940895, "params": {"gamma": 431.086876519458, "log10_alpha": -3.419425691450815, "log10_colsample_bytree": -0.1868009153085478, "log10_eta": -3.208532779919602, "log10_lambda": -4.61852653572325, "log10_min_child_weight": 1.251624653718162, "log10_subsample": -0.5521368705108711, "max_depth": 6.0, "num_boost_round": 13.0}, "datetime": {"datetime": "2024-01-19 01:35:54", "elapsed": 5059.101691, "delta": 0.003554}}
{"target": -17.676883835101584, "params": {"gamma": 431.086876519458, "log10_alpha": -3.419425691450815, "log10_colsample_bytree": -0.1868009153085478, "log10_eta": -3.208532779919602, "log10_lambda": -4.61852653572325, "log10_min_child_weight": 1.251624653718162, "log10_subsample": -0.5521368705108711, "max_depth": 6.0, "num_boost_round": 14.0}, "datetime": {"datetime": "2024-01-19 01:35:54", "elapsed": 5059.105178, "delta": 0.003487}}
{"target": -17.676908248609358, "params": {"gamma": 431.086876519458, "log10_alpha": -3.419425691450815, "log10_colsample_bytree": -0.1868009153085478, "log10_eta": -3.208532779919602, "log10_lambda": -4.61852653572325, "log10_min_child_weight": 1.251624653718162, "log10_subsample": -0.5521368705108711, "max_depth": 6.0, "num_boost_round": 15.0}, "datetime": {"datetime": "2024-01-19 01:35:54", "elapsed": 5059.108675, "delta": 0.003497}}
{"target": -17.67695107242311, "params": {"gamma": 431.086876519458, "log10_alpha": -3.419425691450815, "log10_colsample_bytree": -0.1868009153085478, "log10_eta": -3.208532779919602, "log10_lambda": -4.61852653572325, "log10_min_child_weight": 1.251624653718162, "log10_subsample": -0.5521368705108711, "max_depth": 6.0, "num_boost_round": 16.0}, "datetime": {"datetime": "2024-01-19 01:35:54", "elapsed": 5059.11233, "delta": 0.003655}}
{"target": -17.676934288689214, "params": {"gamma": 431.086876519458, "log10_alpha": -3.419425691450815, "log10_colsample_bytree": -0.1868009153085478, "log10_eta": -3.208532779919602, "log10_lambda": -4.61852653572325, "log10_min_child_weight": 1.251624653718162, "log10_subsample": -0.5521368705108711, "max_depth": 6.0, "num_boost_round": 17.0}, "datetime": {"datetime": "2024-01-19 01:35:54", "elapsed": 5059.115885, "delta": 0.003555}}
{"target": -17.67692648078035, "params": {"gamma": 431.086876519458, "log10_alpha": -3.419425691450815, "log10_colsample_bytree": -0.1868009153085478, "log10_eta": -3.208532779919602, "log10_lambda": -4.61852653572325, "log10_min_child_weight": 1.251624653718162, "log10_subsample": -0.5521368705108711, "max_depth": 6.0, "num_boost_round": 18.0}, "datetime": {"datetime": "2024-01-19 01:35:54", "elapsed": 5059.119406, "delta": 0.003521}}
{"target": -17.676898351851737, "params": {"gamma": 431.086876519458, "log10_alpha": -3.419425691450815, "log10_colsample_bytree": -0.1868009153085478, "log10_eta": -3.208532779919602, "log10_lambda": -4.61852653572325, "log10_min_child_weight": 1.251624653718162, "log10_subsample": -0.5521368705108711, "max_depth": 6.0, "num_boost_round": 19.0}, "datetime": {"datetime": "2024-01-19 01:35:54", "elapsed": 5059.12287, "delta": 0.003464}}
{"target": -17.67685879579169, "params": {"gamma": 431.086876519458, "log10_alpha": -3.419425691450815, "log10_colsample_bytree": -0.1868009153085478, "log10_eta": -3.208532779919602, "log10_lambda": -4.61852653572325, "log10_min_child_weight": 1.251624653718162, "log10_subsample": -0.5521368705108711, "max_depth": 6.0, "num_boost_round": 20.0}, "datetime": {"datetime": "2024-01-19 01:35:54", "elapsed": 5059.126336, "delta": 0.003466}}
{"target": -17.676815934430664, "params": {"gamma": 431.086876519458, "log10_alpha": -3.419425691450815, "log10_colsample_bytree": -0.1868009153085478, "log10_eta": -3.208532779919602, "log10_lambda": -4.61852653572325, "log10_min_child_weight": 1.251624653718162, "log10_subsample": -0.5521368705108711, "max_depth": 6.0, "num_boost_round": 21.0}, "datetime": {"datetime": "2024-01-19 01:35:54", "elapsed": 5059.129808, "delta": 0.003472}}
{"target": -17.676760624560355, "params": {"gamma": 431.086876519458, "log10_alpha": -3.419425691450815, "log10_colsample_bytree": -0.1868009153085478, "log10_eta": -3.208532779919602, "log10_lambda": -4.61852653572325, "log10_min_child_weight": 1.251624653718162, "log10_subsample": -0.5521368705108711, "max_depth": 6.0, "num_boost_round": 22.0}, "datetime": {"datetime": "2024-01-19 01:35:54", "elapsed": 5059.133501, "delta": 0.003693}}
{"target": -17.676734108901357, "params": {"gamma": 431.086876519458, "log10_alpha": -3.419425691450815, "log10_colsample_bytree": -0.1868009153085478, "log10_eta": -3.208532779919602, "log10_lambda": -4.61852653572325, "log10_min_child_weight": 1.251624653718162, "log10_subsample": -0.5521368705108711, "max_depth": 6.0, "num_boost_round": 23.0}, "datetime": {"datetime": "2024-01-19 01:35:54", "elapsed": 5059.137188, "delta": 0.003687}}
{"target": -17.676666357074605, "params": {"gamma": 431.086876519458, "log10_alpha": -3.419425691450815, "log10_colsample_bytree": -0.1868009153085478, "log10_eta": -3.208532779919602, "log10_lambda": -4.61852653572325, "log10_min_child_weight": 1.251624653718162, "log10_subsample": -0.5521368705108711, "max_depth": 6.0, "num_boost_round": 24.0}, "datetime": {"datetime": "2024-01-19 01:35:54", "elapsed": 5059.140743, "delta": 0.003555}}
{"target": -17.6771985339073, "params": {"gamma": 433.1363666356211, "log10_alpha": -4.8570429090685785, "log10_colsample_bytree": -0.2503649226047302, "log10_eta": -3.1307721487290636, "log10_lambda": 0.6008078580989658, "log10_min_child_weight": 3.250117526567619, "log10_subsample": -0.44382660226365345, "max_depth": 8.0, "num_boost_round": 0.0}, "datetime": {"datetime": "2024-01-19 01:36:51", "elapsed": 5116.147543, "delta": 57.0068}}
