{"target": -17.677224520240763, "params": {"gamma": 711.3085549503809, "log10_alpha": -3.2668153993030318, "log10_colsample_bytree": -0.5973859789131332, "log10_eta": -4.0, "log10_lambda": -3.224839040070605, "log10_min_child_weight": 0.0, "log10_subsample": -0.41678404550944487, "max_depth": 3.0, "num_boost_round": 1.0}, "datetime": {"datetime": "2024-01-19 00:41:08", "elapsed": 1775.494541, "delta": 0.002651}}
{"target": -17.67722080568038, "params": {"gamma": 711.3085549503809, "log10_alpha": -3.2668153993030318, "log10_colsample_bytree": -0.5973859789131332, "log10_eta": -4.0, "log10_lambda": -3.224839040070605, "log10_min_child_weight": 0.0, "log10_subsample": -0.41678404550944487, "max_depth": 3.0, "num_boost_round": 2.0}, "datetime": {"datetime": "2024-01-19 00:41:08", "elapsed": 1775.496896, "delta": 0.002355}}
{"target": -17.6772158783708, "params": {"gamma": 711.3085549503809, "log10_alpha": -3.2668153993030318, "log10_colsample_bytree": -0.5973859789131332, "log10_eta": -4.0, "log10_lambda": -3.224839040070605, "log10_min_child_weight": 0.0, "log10_subsample": -0.41678404550944487, "max_depth": 3.0, "num_boost_round": 3.0}, "datetime": {"datetime": "2024-01-19 00:41:08", "elapsed": 1775.499235, "delta": 0.002339}}
{"target": -17.67721152579482, "params": {"gamma": 711.3085549503809, "log10_alpha": -3.2668153993030318, "log10_colsample_bytree": -0.5973859789131332, "log10_eta": -4.0, "log10_lambda": -3.224839040070605, "log10_min_child_weight": 0.0, "log10_subsample": -0.41678404550944487, "max_depth": 3.0, "num_boost_round": 4.0}, "datetime": {"datetime": "2024-01-19 00:41:08", "elapsed": 1775.501527, "delta": 0.002292}}
{"target": -17.677209378075684, "params": {"gamma": 711.3085549503809, "log10_alpha": -3.2668153993030318, "log10_colsample_bytree": -0.5973859789131332, "log10_eta": -4.0, "log10_lambda": -3.224839040070605, "log10_min_child_weight": 0.0, "log10_subsample": -0.41678404550944487, "max_depth": 3.0, "num_boost_round": 5.0}, "datetime": {"datetime": "2024-01-19 00:41:08", "elapsed": 1775.503804, "delta": 0.002277}}
{"target": -17.677206927518647, "params": {"gamma": 711.3085549503809, "log10_alpha": -3.2668153993030318, "log10_colsample_bytree": -0.5973859789131332, "log10_eta": -4.0, "log10_lambda": -3.224839040070605, "log10_min_child_weight": 0.0, "log10_subsample": -0.41678404550944487, "max_depth": 3.0, "num_boost_round": 6.0}, "datetime": {"datetime": "2024-01-19 00:41:08", "elapsed": 1775.506183, "delta": 0.002379}}
{"target": -17.677201479406946, "params": {"gamma": 711.3085549503809, "log10_alpha": -3.2668153993030318, "log10_colsample_bytree": -0.5973859789131332, "log10_eta": -4.0, "log10_lambda": -3.224839040070605, "log10_min_child_weight": 0.0, "log10_subsample": -0.41678404550944487, "max_depth": 3.0, "num_boost_round": 7.0}, "datetime": {"datetime": "2024-01-19 00:41:08", "elapsed": 1775.508493, "delta": 0.00231}}
{"target": -17.677200472498395, "params": {"gamma": 711.3085549503809, "log10_alpha": -3.2668153993030318, "log10_colsample_bytree": -0.5973859789131332, "log10_eta": -4.0, "log10_lambda": -3.224839040070605, "log10_min_child_weight": 0.0, "log10_subsample": -0.41678404550944487, "max_depth": 3.0, "num_boost_round": 8.0}, "datetime": {"datetime": "2024-01-19 00:41:08", "elapsed": 1775.510842, "delta": 0.002349}}
{"target": -17.67719654853885, "params": {"gamma": 711.3085549503809, "log10_alpha": -3.2668153993030318, "log10_colsample_bytree": -0.5973859789131332, "log10_eta": -4.0, "log10_lambda": -3.224839040070605, "log10_min_child_weight": 0.0, "log10_subsample": -0.41678404550944487, "max_depth": 3.0, "num_boost_round": 9.0}, "datetime": {"datetime": "2024-01-19 00:41:08", "elapsed": 1775.513176, "delta": 0.002334}}
{"target": -17.677192266981177, "params": {"gamma": 711.3085549503809, "log10_alpha": -3.2668153993030318, "log10_colsample_bytree": -0.5973859789131332, "log10_eta": -4.0, "log10_lambda": -3.224839040070605, "log10_min_child_weight": 0.0, "log10_subsample": -0.41678404550944487, "max_depth": 3.0, "num_boost_round": 10.0}, "datetime": {"datetime": "2024-01-19 00:41:08", "elapsed": 1775.515508, "delta": 0.002332}}
{"target": -17.6771883604322, "params": {"gamma": 711.3085549503809, "log10_alpha": -3.2668153993030318, "log10_colsample_bytree": -0.5973859789131332, "log10_eta": -4.0, "log10_lambda": -3.224839040070605, "log10_min_child_weight": 0.0, "log10_subsample": -0.41678404550944487, "max_depth": 3.0, "num_boost_round": 11.0}, "datetime": {"datetime": "2024-01-19 00:41:08", "elapsed": 1775.517834, "delta": 0.002326}}
{"target": -17.677186609327133, "params": {"gamma": 711.3085549503809, "log10_alpha": -3.2668153993030318, "log10_colsample_bytree": -0.5973859789131332, "log10_eta": -4.0, "log10_lambda": -3.224839040070605, "log10_min_child_weight": 0.0, "log10_subsample": -0.41678404550944487, "max_depth": 3.0, "num_boost_round": 12.0}, "datetime": {"datetime": "2024-01-19 00:41:08", "elapsed": 1775.520157, "delta": 0.002323}}
{"target": -17.67718316433037, "params": {"gamma": 711.3085549503809, "log10_alpha": -3.2668153993030318, "log10_colsample_bytree": -0.5973859789131332, "log10_eta": -4.0, "log10_lambda": -3.224839040070605, "log10_min_child_weight": 0.0, "log10_subsample": -0.41678404550944487, "max_depth": 3.0, "num_boost_round": 13.0}, "datetime": {"datetime": "2024-01-19 00:41:08", "elapsed": 1775.522464, "delta": 0.002307}}
{"target": -17.67718154239739, "params": {"gamma": 711.3085549503809, "log10_alpha": -3.2668153993030318, "log10_colsample_bytree": -0.5973859789131332, "log10_eta": -4.0, "log10_lambda": -3.224839040070605, "log10_min_child_weight": 0.0, "log10_subsample": -0.41678404550944487, "max_depth": 3.0, "num_boost_round": 14.0}, "datetime": {"datetime": "2024-01-19 00:41:08", "elapsed": 1775.524794, "delta": 0.00233}}
{"target": -17.677178547839002, "params": {"gamma": 711.3085549503809, "log10_alpha": -3.2668153993030318, "log10_colsample_bytree": -0.5973859789131332, "log10_eta": -4.0, "log10_lambda": -3.224839040070605, "log10_min_child_weight": 0.0, "log10_subsample": -0.41678404550944487, "max_depth": 3.0, "num_boost_round": 15.0}, "datetime": {"datetime": "2024-01-19 00:41:08", "elapsed": 1775.52712, "delta": 0.002326}}
{"target": -17.67717331974032, "params": {"gamma": 711.3085549503809, "log10_alpha": -3.2668153993030318, "log10_colsample_bytree": -0.5973859789131332, "log10_eta": -4.0, "log10_lambda": -3.224839040070605, "log10_min_child_weight": 0.0, "log10_subsample": -0.41678404550944487, "max_depth": 3.0, "num_boost_round": 16.0}, "datetime": {"datetime": "2024-01-19 00:41:08", "elapsed": 1775.529459, "delta": 0.002339}}
{"target": -17.677171866318787, "params": {"gamma": 711.3085549503809, "log10_alpha": -3.2668153993030318, "log10_colsample_bytree": -0.5973859789131332, "log10_eta": -4.0, "log10_lambda": -3.224839040070605, "log10_min_child_weight": 0.0, "log10_subsample": -0.41678404550944487, "max_depth": 3.0, "num_boost_round": 17.0}, "datetime": {"datetime": "2024-01-19 00:41:08", "elapsed": 1775.53174, "delta": 0.002281}}
{"target": -17.677169443852467, "params": {"gamma": 711.3085549503809, "log10_alpha": -3.2668153993030318, "log10_colsample_bytree": -0.5973859789131332, "log10_eta": -4.0, "log10_lambda": -3.224839040070605, "log10_min_child_weight": 0.0, "log10_subsample": -0.41678404550944487, "max_depth": 3.0, "num_boost_round": 18.0}, "datetime": {"datetime": "2024-01-19 00:41:08", "elapsed": 1775.534056, "delta": 0.002316}}
{"target": -17.704530304019976, "params": {"gamma": 720.2841659816331, "log10_alpha": -0.8460576381804206, "log10_colsample_bytree": -0.5576140935851283, "log10_eta": -0.363057472484539, "log10_lambda": -4.778672950773002, "log10_min_child_weight": 1.2747877282519533, "log10_subsample": -0.9970678421501336, "max_depth": 6.0, "num_boost_round": 0.0}, "datetime": {"datetime": "2024-01-19 00:41:39", "elapsed": 1806.900883, "delta": 31.366827}}
{"target": -17.74026500071995, "params": {"gamma": 720.2841659816331, "log10_alpha": -0.8460576381804206, "log10_colsample_bytree": -0.5576140935851283, "log10_eta": -0.363057472484539, "log10_lambda": -4.778672950773002, "log10_min_child_weight": 1.2747877282519533, "log10_subsample": -0.9970678421501336, "max_depth": 6.0, "num_boost_round": 1.0}, "datetime": {"datetime": "2024-01-19 00:41:39", "elapsed": 1806.903399, "delta": 0.002516}}
{"target": -17.841571386550815, "params": {"gamma": 720.2841659816331, "log10_alpha": -0.8460576381804206, "log10_colsample_bytree": -0.5576140935851283, "log10_eta": -0.363057472484539, "log10_lambda": -4.778672950773002, "log10_min_child_weight": 1.2747877282519533, "log10_subsample": -0.9970678421501336, "max_depth": 6.0, "num_boost_round": 2.0}, "datetime": {"datetime": "2024-01-19 00:41:39", "elapsed": 1806.906123, "delta": 0.002724}}
{"target": -17.870862264182474, "params": {"gamma": 720.2841659816331, "log10_alpha": -0.8460576381804206, "log10_colsample_bytree": -0.5576140935851283, "log10_eta": -0.363057472484539, "log10_lambda": -4.778672950773002, "log10_min_child_weight": 1.2747877282519533, "log10_subsample": -0.9970678421501336, "max_depth": 6.0, "num_boost_round": 3.0}, "datetime": {"datetime": "2024-01-19 00:41:39", "elapsed": 1806.908473, "delta": 0.00235}}
{"target": -17.898271966517243, "params": {"gamma": 720.2841659816331, "log10_alpha": -0.8460576381804206, "log10_colsample_bytree": -0.5576140935851283, "log10_eta": -0.363057472484539, "log10_lambda": -4.778672950773002, "log10_min_child_weight": 1.2747877282519533, "log10_subsample": -0.9970678421501336, "max_depth": 6.0, "num_boost_round": 4.0}, "datetime": {"datetime": "2024-01-19 00:41:39", "elapsed": 1806.9111, "delta": 0.002627}}
{"target": -17.928246506814133, "params": {"gamma": 720.2841659816331, "log10_alpha": -0.8460576381804206, "log10_colsample_bytree": -0.5576140935851283, "log10_eta": -0.363057472484539, "log10_lambda": -4.778672950773002, "log10_min_child_weight": 1.2747877282519533, "log10_subsample": -0.9970678421501336, "max_depth": 6.0, "num_boost_round": 5.0}, "datetime": {"datetime": "2024-01-19 00:41:39", "elapsed": 1806.914323, "delta": 0.003223}}
{"target": -17.94811504746041, "params": {"gamma": 720.2841659816331, "log10_alpha": -0.8460576381804206, "log10_colsample_bytree": -0.5576140935851283, "log10_eta": -0.363057472484539, "log10_lambda": -4.778672950773002, "log10_min_child_weight": 1.2747877282519533, "log10_subsample": -0.9970678421501336, "max_depth": 6.0, "num_boost_round": 6.0}, "datetime": {"datetime": "2024-01-19 00:41:39", "elapsed": 1806.916731, "delta": 0.002408}}
{"target": -18.159931476665186, "params": {"gamma": 720.2841659816331, "log10_alpha": -0.8460576381804206, "log10_colsample_bytree": -0.5576140935851283, "log10_eta": -0.363057472484539, "log10_lambda": -4.778672950773002, "log10_min_child_weight": 1.2747877282519533, "log10_subsample": -0.9970678421501336, "max_depth": 6.0, "num_boost_round": 7.0}, "datetime": {"datetime": "2024-01-19 00:41:39", "elapsed": 1806.919324, "delta": 0.002593}}
{"target": -18.18672964835409, "params": {"gamma": 720.2841659816331, "log10_alpha": -0.8460576381804206, "log10_colsample_bytree": -0.5576140935851283, "log10_eta": -0.363057472484539, "log10_lambda": -4.778672950773002, "log10_min_child_weight": 1.2747877282519533, "log10_subsample": -0.9970678421501336, "max_depth": 6.0, "num_boost_round": 8.0}, "datetime": {"datetime": "2024-01-19 00:41:39", "elapsed": 1806.921936, "delta": 0.002612}}
{"target": -18.213757146257777, "params": {"gamma": 720.2841659816331, "log10_alpha": -0.8460576381804206, "log10_colsample_bytree": -0.5576140935851283, "log10_eta": -0.363057472484539, "log10_lambda": -4.778672950773002, "log10_min_child_weight": 1.2747877282519533, "log10_subsample": -0.9970678421501336, "max_depth": 6.0, "num_boost_round": 9.0}, "datetime": {"datetime": "2024-01-19 00:41:39", "elapsed": 1806.924231, "delta": 0.002295}}
{"target": -18.382266501576897, "params": {"gamma": 720.2841659816331, "log10_alpha": -0.8460576381804206, "log10_colsample_bytree": -0.5576140935851283, "log10_eta": -0.363057472484539, "log10_lambda": -4.778672950773002, "log10_min_child_weight": 1.2747877282519533, "log10_subsample": -0.9970678421501336, "max_depth": 6.0, "num_boost_round": 10.0}, "datetime": {"datetime": "2024-01-19 00:41:39", "elapsed": 1806.92655, "delta": 0.002319}}
{"target": -18.39786485641968, "params": {"gamma": 720.2841659816331, "log10_alpha": -0.8460576381804206, "log10_colsample_bytree": -0.5576140935851283, "log10_eta": -0.363057472484539, "log10_lambda": -4.778672950773002, "log10_min_child_weight": 1.2747877282519533, "log10_subsample": -0.9970678421501336, "max_depth": 6.0, "num_boost_round": 11.0}, "datetime": {"datetime": "2024-01-19 00:41:39", "elapsed": 1806.92903, "delta": 0.00248}}
{"target": -18.41972804678113, "params": {"gamma": 720.2841659816331, "log10_alpha": -0.8460576381804206, "log10_colsample_bytree": -0.5576140935851283, "log10_eta": -0.363057472484539, "log10_lambda": -4.778672950773002, "log10_min_child_weight": 1.2747877282519533, "log10_subsample": -0.9970678421501336, "max_depth": 6.0, "num_boost_round": 12.0}, "datetime": {"datetime": "2024-01-19 00:41:39", "elapsed": 1806.931463, "delta": 0.002433}}
{"target": -18.446535201325908, "params": {"gamma": 720.2841659816331, "log10_alpha": -0.8460576381804206, "log10_colsample_bytree": -0.5576140935851283, "log10_eta": -0.363057472484539, "log10_lambda": -4.778672950773002, "log10_min_child_weight": 1.2747877282519533, "log10_subsample": -0.9970678421501336, "max_depth": 6.0, "num_boost_round": 13.0}, "datetime": {"datetime": "2024-01-19 00:41:39", "elapsed": 1806.933903, "delta": 0.00244}}
{"target": -18.470764278637592, "params": {"gamma": 720.2841659816331, "log10_alpha": -0.8460576381804206, "log10_colsample_bytree": -0.5576140935851283, "log10_eta": -0.363057472484539, "log10_lambda": -4.778672950773002, "log10_min_child_weight": 1.2747877282519533, "log10_subsample": -0.9970678421501336, "max_depth": 6.0, "num_boost_round": 14.0}, "datetime": {"datetime": "2024-01-19 00:41:39", "elapsed": 1806.936291, "delta": 0.002388}}
{"target": -18.512195270904957, "params": {"gamma": 720.2841659816331, "log10_alpha": -0.8460576381804206, "log10_colsample_bytree": -0.5576140935851283, "log10_eta": -0.363057472484539, "log10_lambda": -4.778672950773002, "log10_min_child_weight": 1.2747877282519533, "log10_subsample": -0.9970678421501336, "max_depth": 6.0, "num_boost_round": 15.0}, "datetime": {"datetime": "2024-01-19 00:41:39", "elapsed": 1806.938593, "delta": 0.002302}}
{"target": -18.549941923861688, "params": {"gamma": 720.2841659816331, "log10_alpha": -0.8460576381804206, "log10_colsample_bytree": -0.5576140935851283, "log10_eta": -0.363057472484539, "log10_lambda": -4.778672950773002, "log10_min_child_weight": 1.2747877282519533, "log10_subsample": -0.9970678421501336, "max_depth": 6.0, "num_boost_round": 16.0}, "datetime": {"datetime": "2024-01-19 00:41:39", "elapsed": 1806.940899, "delta": 0.002306}}
{"target": -18.56411921327099, "params": {"gamma": 720.2841659816331, "log10_alpha": -0.8460576381804206, "log10_colsample_bytree": -0.5576140935851283, "log10_eta": -0.363057472484539, "log10_lambda": -4.778672950773002, "log10_min_child_weight": 1.2747877282519533, "log10_subsample": -0.9970678421501336, "max_depth": 6.0, "num_boost_round": 17.0}, "datetime": {"datetime": "2024-01-19 00:41:39", "elapsed": 1806.943211, "delta": 0.002312}}
{"target": -18.584032552185956, "params": {"gamma": 720.2841659816331, "log10_alpha": -0.8460576381804206, "log10_colsample_bytree": -0.5576140935851283, "log10_eta": -0.363057472484539, "log10_lambda": -4.778672950773002, "log10_min_child_weight": 1.2747877282519533, "log10_subsample": -0.9970678421501336, "max_depth": 6.0, "num_boost_round": 18.0}, "datetime": {"datetime": "2024-01-19 00:41:39", "elapsed": 1806.945504, "delta": 0.002293}}
{"target": -17.67722792340855, "params": {"gamma": 709.6246216082202, "log10_alpha": 0.34010392510123744, "log10_colsample_bytree": -0.5912724288633928, "log10_eta": -3.763424972179738, "log10_lambda": 0.24979346151472726, "log10_min_child_weight": 0.08390958246683122, "log10_subsample": -0.0364864933581337, "max_depth": 5.0, "num_boost_round": 0.0}, "datetime": {"datetime": "2024-01-19 00:42:26", "elapsed": 1854.32208, "delta": 47.376576}}
{"target": -17.677225292430006, "params": {"gamma": 709.6246216082202, "log10_alpha": 0.34010392510123744, "log10_colsample_bytree": -0.5912724288633928, "log10_eta": -3.763424972179738, "log10_lambda": 0.24979346151472726, "log10_min_child_weight": 0.08390958246683122, "log10_subsample": -0.0364864933581337, "max_depth": 5.0, "num_boost_round": 1.0}, "datetime": {"datetime": "2024-01-19 00:42:26", "elapsed": 1854.324869, "delta": 0.002789}}
{"target": -17.67721406857916, "params": {"gamma": 709.6246216082202, "log10_alpha": 0.34010392510123744, "log10_colsample_bytree": -0.5912724288633928, "log10_eta": -3.763424972179738, "log10_lambda": 0.24979346151472726, "log10_min_child_weight": 0.08390958246683122, "log10_subsample": -0.0364864933581337, "max_depth": 5.0, "num_boost_round": 2.0}, "datetime": {"datetime": "2024-01-19 00:42:26", "elapsed": 1854.327261, "delta": 0.002392}}
{"target": -17.677210242260035, "params": {"gamma": 709.6246216082202, "log10_alpha": 0.34010392510123744, "log10_colsample_bytree": -0.5912724288633928, "log10_eta": -3.763424972179738, "log10_lambda": 0.24979346151472726, "log10_min_child_weight": 0.08390958246683122, "log10_subsample": -0.0364864933581337, "max_depth": 5.0, "num_boost_round": 3.0}, "datetime": {"datetime": "2024-01-19 00:42:26", "elapsed": 1854.32978, "delta": 0.002519}}
{"target": -17.67719921516021, "params": {"gamma": 709.6246216082202, "log10_alpha": 0.34010392510123744, "log10_colsample_bytree": -0.5912724288633928, "log10_eta": -3.763424972179738, "log10_lambda": 0.24979346151472726, "log10_min_child_weight": 0.08390958246683122, "log10_subsample": -0.0364864933581337, "max_depth": 5.0, "num_boost_round": 4.0}, "datetime": {"datetime": "2024-01-19 00:42:26", "elapsed": 1854.33227, "delta": 0.00249}}
{"target": -17.677195796576836, "params": {"gamma": 709.6246216082202, "log10_alpha": 0.34010392510123744, "log10_colsample_bytree": -0.5912724288633928, "log10_eta": -3.763424972179738, "log10_lambda": 0.24979346151472726, "log10_min_child_weight": 0.08390958246683122, "log10_subsample": -0.0364864933581337, "max_depth": 5.0, "num_boost_round": 5.0}, "datetime": {"datetime": "2024-01-19 00:42:26", "elapsed": 1854.334685, "delta": 0.002415}}
{"target": -17.67719211672542, "params": {"gamma": 709.6246216082202, "log10_alpha": 0.34010392510123744, "log10_colsample_bytree": -0.5912724288633928, "log10_eta": -3.763424972179738, "log10_lambda": 0.24979346151472726, "log10_min_child_weight": 0.08390958246683122, "log10_subsample": -0.0364864933581337, "max_depth": 5.0, "num_boost_round": 6.0}, "datetime": {"datetime": "2024-01-19 00:42:26", "elapsed": 1854.33712, "delta": 0.002435}}
{"target": -17.677177356276758, "params": {"gamma": 709.6246216082202, "log10_alpha": 0.34010392510123744, "log10_colsample_bytree": -0.5912724288633928, "log10_eta": -3.763424972179738, "log10_lambda": 0.24979346151472726, "log10_min_child_weight": 0.08390958246683122, "log10_subsample": -0.0364864933581337, "max_depth": 5.0, "num_boost_round": 7.0}, "datetime": {"datetime": "2024-01-19 00:42:27", "elapsed": 1854.33943, "delta": 0.00231}}
{"target": -17.677171841110365, "params": {"gamma": 709.6246216082202, "log10_alpha": 0.34010392510123744, "log10_colsample_bytree": -0.5912724288633928, "log10_eta": -3.763424972179738, "log10_lambda": 0.24979346151472726, "log10_min_child_weight": 0.08390958246683122, "log10_subsample": -0.0364864933581337, "max_depth": 5.0, "num_boost_round": 8.0}, "datetime": {"datetime": "2024-01-19 00:42:27", "elapsed": 1854.341736, "delta": 0.002306}}
{"target": -17.677165966324274, "params": {"gamma": 709.6246216082202, "log10_alpha": 0.34010392510123744, "log10_colsample_bytree": -0.5912724288633928, "log10_eta": -3.763424972179738, "log10_lambda": 0.24979346151472726, "log10_min_child_weight": 0.08390958246683122, "log10_subsample": -0.0364864933581337, "max_depth": 5.0, "num_boost_round": 9.0}, "datetime": {"datetime": "2024-01-19 00:42:27", "elapsed": 1854.344081, "delta": 0.002345}}
{"target": -17.677153568315063, "params": {"gamma": 709.6246216082202, "log10_alpha": 0.34010392510123744, "log10_colsample_bytree": -0.5912724288633928, "log10_eta": -3.763424972179738, "log10_lambda": 0.24979346151472726, "log10_min_child_weight": 0.08390958246683122, "log10_subsample": -0.0364864933581337, "max_depth": 5.0, "num_boost_round": 10.0}, "datetime": {"datetime": "2024-01-19 00:42:27", "elapsed": 1854.346441, "delta": 0.00236}}
{"target": -17.677155850370703, "params": {"gamma": 709.6246216082202, "log10_alpha": 0.34010392510123744, "log10_colsample_bytree": -0.5912724288633928, "log10_eta": -3.763424972179738, "log10_lambda": 0.24979346151472726, "log10_min_child_weight": 0.08390958246683122, "log10_subsample": -0.0364864933581337, "max_depth": 5.0, "num_boost_round": 11.0}, "datetime": {"datetime": "2024-01-19 00:42:27", "elapsed": 1854.348862, "delta": 0.002421}}
{"target": -17.677150049622888, "params": {"gamma": 709.6246216082202, "log10_alpha": 0.34010392510123744, "log10_colsample_bytree": -0.5912724288633928, "log10_eta": -3.763424972179738, "log10_lambda": 0.24979346151472726, "log10_min_child_weight": 0.08390958246683122, "log10_subsample": -0.0364864933581337, "max_depth": 5.0, "num_boost_round": 12.0}, "datetime": {"datetime": "2024-01-19 00:42:27", "elapsed": 1854.351239, "delta": 0.002377}}
