{"target": -13.75853833893616, "params": {"gamma": 715.3788295180938, "log10_alpha": -2.617408863511114, "log10_colsample_bytree": 0.0, "log10_eta": -4.0, "log10_lambda": -4.307452571484999, "log10_min_child_weight": 5.0, "log10_subsample": -1.0, "max_depth": 4.0, "num_boost_round": 22.0}, "datetime": {"datetime": "2024-01-19 01:40:06", "elapsed": 5314.012277, "delta": 0.005001}}
{"target": -13.758538348519068, "params": {"gamma": 715.3788295180938, "log10_alpha": -2.617408863511114, "log10_colsample_bytree": 0.0, "log10_eta": -4.0, "log10_lambda": -4.307452571484999, "log10_min_child_weight": 5.0, "log10_subsample": -1.0, "max_depth": 4.0, "num_boost_round": 23.0}, "datetime": {"datetime": "2024-01-19 01:40:06", "elapsed": 5314.017273, "delta": 0.004996}}
{"target": -13.758538317331436, "params": {"gamma": 715.3788295180938, "log10_alpha": -2.617408863511114, "log10_colsample_bytree": 0.0, "log10_eta": -4.0, "log10_lambda": -4.307452571484999, "log10_min_child_weight": 5.0, "log10_subsample": -1.0, "max_depth": 4.0, "num_boost_round": 24.0}, "datetime": {"datetime": "2024-01-19 01:40:06", "elapsed": 5314.022275, "delta": 0.005002}}
{"target": -13.758538323954966, "params": {"gamma": 715.3788295180938, "log10_alpha": -2.617408863511114, "log10_colsample_bytree": 0.0, "log10_eta": -4.0, "log10_lambda": -4.307452571484999, "log10_min_child_weight": 5.0, "log10_subsample": -1.0, "max_depth": 4.0, "num_boost_round": 25.0}, "datetime": {"datetime": "2024-01-19 01:40:06", "elapsed": 5314.027217, "delta": 0.004942}}
{"target": -13.758538356944905, "params": {"gamma": 715.3788295180938, "log10_alpha": -2.617408863511114, "log10_colsample_bytree": 0.0, "log10_eta": -4.0, "log10_lambda": -4.307452571484999, "log10_min_child_weight": 5.0, "log10_subsample": -1.0, "max_depth": 4.0, "num_boost_round": 26.0}, "datetime": {"datetime": "2024-01-19 01:40:06", "elapsed": 5314.032059, "delta": 0.004842}}
{"target": -13.75853834949782, "params": {"gamma": 715.3788295180938, "log10_alpha": -2.617408863511114, "log10_colsample_bytree": 0.0, "log10_eta": -4.0, "log10_lambda": -4.307452571484999, "log10_min_child_weight": 5.0, "log10_subsample": -1.0, "max_depth": 4.0, "num_boost_round": 27.0}, "datetime": {"datetime": "2024-01-19 01:40:06", "elapsed": 5314.036832, "delta": 0.004773}}
{"target": -13.758538331205788, "params": {"gamma": 715.3788295180938, "log10_alpha": -2.617408863511114, "log10_colsample_bytree": 0.0, "log10_eta": -4.0, "log10_lambda": -4.307452571484999, "log10_min_child_weight": 5.0, "log10_subsample": -1.0, "max_depth": 4.0, "num_boost_round": 28.0}, "datetime": {"datetime": "2024-01-19 01:40:06", "elapsed": 5314.042129, "delta": 0.005297}}
{"target": -13.758538354122361, "params": {"gamma": 715.3788295180938, "log10_alpha": -2.617408863511114, "log10_colsample_bytree": 0.0, "log10_eta": -4.0, "log10_lambda": -4.307452571484999, "log10_min_child_weight": 5.0, "log10_subsample": -1.0, "max_depth": 4.0, "num_boost_round": 29.0}, "datetime": {"datetime": "2024-01-19 01:40:06", "elapsed": 5314.047462, "delta": 0.005333}}
{"target": -13.758538327064509, "params": {"gamma": 715.3788295180938, "log10_alpha": -2.617408863511114, "log10_colsample_bytree": 0.0, "log10_eta": -4.0, "log10_lambda": -4.307452571484999, "log10_min_child_weight": 5.0, "log10_subsample": -1.0, "max_depth": 4.0, "num_boost_round": 30.0}, "datetime": {"datetime": "2024-01-19 01:40:06", "elapsed": 5314.052744, "delta": 0.005282}}
{"target": -13.758538323969125, "params": {"gamma": 715.3788295180938, "log10_alpha": -2.617408863511114, "log10_colsample_bytree": 0.0, "log10_eta": -4.0, "log10_lambda": -4.307452571484999, "log10_min_child_weight": 5.0, "log10_subsample": -1.0, "max_depth": 4.0, "num_boost_round": 31.0}, "datetime": {"datetime": "2024-01-19 01:40:06", "elapsed": 5314.057794, "delta": 0.00505}}
{"target": -13.758538341185309, "params": {"gamma": 715.3788295180938, "log10_alpha": -2.617408863511114, "log10_colsample_bytree": 0.0, "log10_eta": -4.0, "log10_lambda": -4.307452571484999, "log10_min_child_weight": 5.0, "log10_subsample": -1.0, "max_depth": 4.0, "num_boost_round": 32.0}, "datetime": {"datetime": "2024-01-19 01:40:06", "elapsed": 5314.063095, "delta": 0.005301}}
{"target": -13.761018660759598, "params": {"gamma": 724.466653152769, "log10_alpha": -4.875748284286631, "log10_colsample_bytree": -0.45659778153186004, "log10_eta": -0.22421658526921417, "log10_lambda": -4.539039432278765, "log10_min_child_weight": 3.8102877686762877, "log10_subsample": -0.4533162573434939, "max_depth": 3.0, "num_boost_round": 0.0}, "datetime": {"datetime": "2024-01-19 01:41:25", "elapsed": 5392.664676, "delta": 78.601581}}
{"target": -13.769559712672876, "params": {"gamma": 724.466653152769, "log10_alpha": -4.875748284286631, "log10_colsample_bytree": -0.45659778153186004, "log10_eta": -0.22421658526921417, "log10_lambda": -4.539039432278765, "log10_min_child_weight": 3.8102877686762877, "log10_subsample": -0.4533162573434939, "max_depth": 3.0, "num_boost_round": 1.0}, "datetime": {"datetime": "2024-01-19 01:41:25", "elapsed": 5392.670768, "delta": 0.006092}}
{"target": -13.77244693658878, "params": {"gamma": 724.466653152769, "log10_alpha": -4.875748284286631, "log10_colsample_bytree": -0.45659778153186004, "log10_eta": -0.22421658526921417, "log10_lambda": -4.539039432278765, "log10_min_child_weight": 3.8102877686762877, "log10_subsample": -0.4533162573434939, "max_depth": 3.0, "num_boost_round": 2.0}, "datetime": {"datetime": "2024-01-19 01:41:25", "elapsed": 5392.676229, "delta": 0.005461}}
{"target": -13.784849290118158, "params": {"gamma": 724.466653152769, "log10_alpha": -4.875748284286631, "log10_colsample_bytree": -0.45659778153186004, "log10_eta": -0.22421658526921417, "log10_lambda": -4.539039432278765, "log10_min_child_weight": 3.8102877686762877, "log10_subsample": -0.4533162573434939, "max_depth": 3.0, "num_boost_round": 3.0}, "datetime": {"datetime": "2024-01-19 01:41:25", "elapsed": 5392.681344, "delta": 0.005115}}
{"target": -13.791600781126922, "params": {"gamma": 724.466653152769, "log10_alpha": -4.875748284286631, "log10_colsample_bytree": -0.45659778153186004, "log10_eta": -0.22421658526921417, "log10_lambda": -4.539039432278765, "log10_min_child_weight": 3.8102877686762877, "log10_subsample": -0.4533162573434939, "max_depth": 3.0, "num_boost_round": 4.0}, "datetime": {"datetime": "2024-01-19 01:41:25", "elapsed": 5392.686265, "delta": 0.004921}}
{"target": -13.799281894468605, "params": {"gamma": 724.466653152769, "log10_alpha": -4.875748284286631, "log10_colsample_bytree": -0.45659778153186004, "log10_eta": -0.22421658526921417, "log10_lambda": -4.539039432278765, "log10_min_child_weight": 3.8102877686762877, "log10_subsample": -0.4533162573434939, "max_depth": 3.0, "num_boost_round": 5.0}, "datetime": {"datetime": "2024-01-19 01:41:25", "elapsed": 5392.6914, "delta": 0.005135}}
{"target": -13.809539967868625, "params": {"gamma": 724.466653152769, "log10_alpha": -4.875748284286631, "log10_colsample_bytree": -0.45659778153186004, "log10_eta": -0.22421658526921417, "log10_lambda": -4.539039432278765, "log10_min_child_weight": 3.8102877686762877, "log10_subsample": -0.4533162573434939, "max_depth": 3.0, "num_boost_round": 6.0}, "datetime": {"datetime": "2024-01-19 01:41:25", "elapsed": 5392.696778, "delta": 0.005378}}
{"target": -13.813270341315363, "params": {"gamma": 724.466653152769, "log10_alpha": -4.875748284286631, "log10_colsample_bytree": -0.45659778153186004, "log10_eta": -0.22421658526921417, "log10_lambda": -4.539039432278765, "log10_min_child_weight": 3.8102877686762877, "log10_subsample": -0.4533162573434939, "max_depth": 3.0, "num_boost_round": 7.0}, "datetime": {"datetime": "2024-01-19 01:41:25", "elapsed": 5392.701882, "delta": 0.005104}}
{"target": -13.814663806558144, "params": {"gamma": 724.466653152769, "log10_alpha": -4.875748284286631, "log10_colsample_bytree": -0.45659778153186004, "log10_eta": -0.22421658526921417, "log10_lambda": -4.539039432278765, "log10_min_child_weight": 3.8102877686762877, "log10_subsample": -0.4533162573434939, "max_depth": 3.0, "num_boost_round": 8.0}, "datetime": {"datetime": "2024-01-19 01:41:25", "elapsed": 5392.706729, "delta": 0.004847}}
{"target": -13.815691888499227, "params": {"gamma": 724.466653152769, "log10_alpha": -4.875748284286631, "log10_colsample_bytree": -0.45659778153186004, "log10_eta": -0.22421658526921417, "log10_lambda": -4.539039432278765, "log10_min_child_weight": 3.8102877686762877, "log10_subsample": -0.4533162573434939, "max_depth": 3.0, "num_boost_round": 9.0}, "datetime": {"datetime": "2024-01-19 01:41:25", "elapsed": 5392.711726, "delta": 0.004997}}
{"target": -13.81758596415441, "params": {"gamma": 724.466653152769, "log10_alpha": -4.875748284286631, "log10_colsample_bytree": -0.45659778153186004, "log10_eta": -0.22421658526921417, "log10_lambda": -4.539039432278765, "log10_min_child_weight": 3.8102877686762877, "log10_subsample": -0.4533162573434939, "max_depth": 3.0, "num_boost_round": 10.0}, "datetime": {"datetime": "2024-01-19 01:41:25", "elapsed": 5392.716898, "delta": 0.005172}}
{"target": -13.83424727409763, "params": {"gamma": 724.466653152769, "log10_alpha": -4.875748284286631, "log10_colsample_bytree": -0.45659778153186004, "log10_eta": -0.22421658526921417, "log10_lambda": -4.539039432278765, "log10_min_child_weight": 3.8102877686762877, "log10_subsample": -0.4533162573434939, "max_depth": 3.0, "num_boost_round": 11.0}, "datetime": {"datetime": "2024-01-19 01:41:25", "elapsed": 5392.722031, "delta": 0.005133}}
{"target": -13.839277474666003, "params": {"gamma": 724.466653152769, "log10_alpha": -4.875748284286631, "log10_colsample_bytree": -0.45659778153186004, "log10_eta": -0.22421658526921417, "log10_lambda": -4.539039432278765, "log10_min_child_weight": 3.8102877686762877, "log10_subsample": -0.4533162573434939, "max_depth": 3.0, "num_boost_round": 12.0}, "datetime": {"datetime": "2024-01-19 01:41:25", "elapsed": 5392.726866, "delta": 0.004835}}
{"target": -13.846140088399741, "params": {"gamma": 724.466653152769, "log10_alpha": -4.875748284286631, "log10_colsample_bytree": -0.45659778153186004, "log10_eta": -0.22421658526921417, "log10_lambda": -4.539039432278765, "log10_min_child_weight": 3.8102877686762877, "log10_subsample": -0.4533162573434939, "max_depth": 3.0, "num_boost_round": 13.0}, "datetime": {"datetime": "2024-01-19 01:41:25", "elapsed": 5392.731866, "delta": 0.005}}
{"target": -13.84284162821261, "params": {"gamma": 724.466653152769, "log10_alpha": -4.875748284286631, "log10_colsample_bytree": -0.45659778153186004, "log10_eta": -0.22421658526921417, "log10_lambda": -4.539039432278765, "log10_min_child_weight": 3.8102877686762877, "log10_subsample": -0.4533162573434939, "max_depth": 3.0, "num_boost_round": 14.0}, "datetime": {"datetime": "2024-01-19 01:41:25", "elapsed": 5392.737204, "delta": 0.005338}}
{"target": -13.844314536969469, "params": {"gamma": 724.466653152769, "log10_alpha": -4.875748284286631, "log10_colsample_bytree": -0.45659778153186004, "log10_eta": -0.22421658526921417, "log10_lambda": -4.539039432278765, "log10_min_child_weight": 3.8102877686762877, "log10_subsample": -0.4533162573434939, "max_depth": 3.0, "num_boost_round": 15.0}, "datetime": {"datetime": "2024-01-19 01:41:25", "elapsed": 5392.742832, "delta": 0.005628}}
{"target": -13.847659365852412, "params": {"gamma": 724.466653152769, "log10_alpha": -4.875748284286631, "log10_colsample_bytree": -0.45659778153186004, "log10_eta": -0.22421658526921417, "log10_lambda": -4.539039432278765, "log10_min_child_weight": 3.8102877686762877, "log10_subsample": -0.4533162573434939, "max_depth": 3.0, "num_boost_round": 16.0}, "datetime": {"datetime": "2024-01-19 01:41:25", "elapsed": 5392.749132, "delta": 0.0063}}
{"target": -13.845096141655139, "params": {"gamma": 724.466653152769, "log10_alpha": -4.875748284286631, "log10_colsample_bytree": -0.45659778153186004, "log10_eta": -0.22421658526921417, "log10_lambda": -4.539039432278765, "log10_min_child_weight": 3.8102877686762877, "log10_subsample": -0.4533162573434939, "max_depth": 3.0, "num_boost_round": 17.0}, "datetime": {"datetime": "2024-01-19 01:41:25", "elapsed": 5392.754794, "delta": 0.005662}}
{"target": -13.851396565766033, "params": {"gamma": 724.466653152769, "log10_alpha": -4.875748284286631, "log10_colsample_bytree": -0.45659778153186004, "log10_eta": -0.22421658526921417, "log10_lambda": -4.539039432278765, "log10_min_child_weight": 3.8102877686762877, "log10_subsample": -0.4533162573434939, "max_depth": 3.0, "num_boost_round": 18.0}, "datetime": {"datetime": "2024-01-19 01:41:25", "elapsed": 5392.759974, "delta": 0.00518}}
{"target": -13.851015190013658, "params": {"gamma": 724.466653152769, "log10_alpha": -4.875748284286631, "log10_colsample_bytree": -0.45659778153186004, "log10_eta": -0.22421658526921417, "log10_lambda": -4.539039432278765, "log10_min_child_weight": 3.8102877686762877, "log10_subsample": -0.4533162573434939, "max_depth": 3.0, "num_boost_round": 19.0}, "datetime": {"datetime": "2024-01-19 01:41:25", "elapsed": 5392.765001, "delta": 0.005027}}
{"target": -13.857489028163178, "params": {"gamma": 724.466653152769, "log10_alpha": -4.875748284286631, "log10_colsample_bytree": -0.45659778153186004, "log10_eta": -0.22421658526921417, "log10_lambda": -4.539039432278765, "log10_min_child_weight": 3.8102877686762877, "log10_subsample": -0.4533162573434939, "max_depth": 3.0, "num_boost_round": 20.0}, "datetime": {"datetime": "2024-01-19 01:41:25", "elapsed": 5392.770028, "delta": 0.005027}}
{"target": -13.860099229893475, "params": {"gamma": 724.466653152769, "log10_alpha": -4.875748284286631, "log10_colsample_bytree": -0.45659778153186004, "log10_eta": -0.22421658526921417, "log10_lambda": -4.539039432278765, "log10_min_child_weight": 3.8102877686762877, "log10_subsample": -0.4533162573434939, "max_depth": 3.0, "num_boost_round": 21.0}, "datetime": {"datetime": "2024-01-19 01:41:25", "elapsed": 5392.774988, "delta": 0.00496}}
{"target": -13.86362632922185, "params": {"gamma": 724.466653152769, "log10_alpha": -4.875748284286631, "log10_colsample_bytree": -0.45659778153186004, "log10_eta": -0.22421658526921417, "log10_lambda": -4.539039432278765, "log10_min_child_weight": 3.8102877686762877, "log10_subsample": -0.4533162573434939, "max_depth": 3.0, "num_boost_round": 22.0}, "datetime": {"datetime": "2024-01-19 01:41:25", "elapsed": 5392.780131, "delta": 0.005143}}
{"target": -13.863924260435292, "params": {"gamma": 724.466653152769, "log10_alpha": -4.875748284286631, "log10_colsample_bytree": -0.45659778153186004, "log10_eta": -0.22421658526921417, "log10_lambda": -4.539039432278765, "log10_min_child_weight": 3.8102877686762877, "log10_subsample": -0.4533162573434939, "max_depth": 3.0, "num_boost_round": 23.0}, "datetime": {"datetime": "2024-01-19 01:41:25", "elapsed": 5392.785057, "delta": 0.004926}}
{"target": -13.872193219408496, "params": {"gamma": 724.466653152769, "log10_alpha": -4.875748284286631, "log10_colsample_bytree": -0.45659778153186004, "log10_eta": -0.22421658526921417, "log10_lambda": -4.539039432278765, "log10_min_child_weight": 3.8102877686762877, "log10_subsample": -0.4533162573434939, "max_depth": 3.0, "num_boost_round": 24.0}, "datetime": {"datetime": "2024-01-19 01:41:25", "elapsed": 5392.790065, "delta": 0.005008}}
{"target": -13.87771547330654, "params": {"gamma": 724.466653152769, "log10_alpha": -4.875748284286631, "log10_colsample_bytree": -0.45659778153186004, "log10_eta": -0.22421658526921417, "log10_lambda": -4.539039432278765, "log10_min_child_weight": 3.8102877686762877, "log10_subsample": -0.4533162573434939, "max_depth": 3.0, "num_boost_round": 25.0}, "datetime": {"datetime": "2024-01-19 01:41:25", "elapsed": 5392.794954, "delta": 0.004889}}
{"target": -13.887893062729697, "params": {"gamma": 724.466653152769, "log10_alpha": -4.875748284286631, "log10_colsample_bytree": -0.45659778153186004, "log10_eta": -0.22421658526921417, "log10_lambda": -4.539039432278765, "log10_min_child_weight": 3.8102877686762877, "log10_subsample": -0.4533162573434939, "max_depth": 3.0, "num_boost_round": 26.0}, "datetime": {"datetime": "2024-01-19 01:41:25", "elapsed": 5392.800134, "delta": 0.00518}}
{"target": -13.894022790879836, "params": {"gamma": 724.466653152769, "log10_alpha": -4.875748284286631, "log10_colsample_bytree": -0.45659778153186004, "log10_eta": -0.22421658526921417, "log10_lambda": -4.539039432278765, "log10_min_child_weight": 3.8102877686762877, "log10_subsample": -0.4533162573434939, "max_depth": 3.0, "num_boost_round": 27.0}, "datetime": {"datetime": "2024-01-19 01:41:25", "elapsed": 5392.805095, "delta": 0.004961}}
{"target": -13.897799434421364, "params": {"gamma": 724.466653152769, "log10_alpha": -4.875748284286631, "log10_colsample_bytree": -0.45659778153186004, "log10_eta": -0.22421658526921417, "log10_lambda": -4.539039432278765, "log10_min_child_weight": 3.8102877686762877, "log10_subsample": -0.4533162573434939, "max_depth": 3.0, "num_boost_round": 28.0}, "datetime": {"datetime": "2024-01-19 01:41:25", "elapsed": 5392.810084, "delta": 0.004989}}
{"target": -13.895419644509209, "params": {"gamma": 724.466653152769, "log10_alpha": -4.875748284286631, "log10_colsample_bytree": -0.45659778153186004, "log10_eta": -0.22421658526921417, "log10_lambda": -4.539039432278765, "log10_min_child_weight": 3.8102877686762877, "log10_subsample": -0.4533162573434939, "max_depth": 3.0, "num_boost_round": 29.0}, "datetime": {"datetime": "2024-01-19 01:41:25", "elapsed": 5392.815571, "delta": 0.005487}}
{"target": -13.901127354562794, "params": {"gamma": 724.466653152769, "log10_alpha": -4.875748284286631, "log10_colsample_bytree": -0.45659778153186004, "log10_eta": -0.22421658526921417, "log10_lambda": -4.539039432278765, "log10_min_child_weight": 3.8102877686762877, "log10_subsample": -0.4533162573434939, "max_depth": 3.0, "num_boost_round": 30.0}, "datetime": {"datetime": "2024-01-19 01:41:25", "elapsed": 5392.820849, "delta": 0.005278}}
{"target": -13.900070478037307, "params": {"gamma": 724.466653152769, "log10_alpha": -4.875748284286631, "log10_colsample_bytree": -0.45659778153186004, "log10_eta": -0.22421658526921417, "log10_lambda": -4.539039432278765, "log10_min_child_weight": 3.8102877686762877, "log10_subsample": -0.4533162573434939, "max_depth": 3.0, "num_boost_round": 31.0}, "datetime": {"datetime": "2024-01-19 01:41:25", "elapsed": 5392.82591, "delta": 0.005061}}
{"target": -13.902637351439878, "params": {"gamma": 724.466653152769, "log10_alpha": -4.875748284286631, "log10_colsample_bytree": -0.45659778153186004, "log10_eta": -0.22421658526921417, "log10_lambda": -4.539039432278765, "log10_min_child_weight": 3.8102877686762877, "log10_subsample": -0.4533162573434939, "max_depth": 3.0, "num_boost_round": 32.0}, "datetime": {"datetime": "2024-01-19 01:41:25", "elapsed": 5392.831061, "delta": 0.005151}}
{"target": -13.904425266550023, "params": {"gamma": 724.466653152769, "log10_alpha": -4.875748284286631, "log10_colsample_bytree": -0.45659778153186004, "log10_eta": -0.22421658526921417, "log10_lambda": -4.539039432278765, "log10_min_child_weight": 3.8102877686762877, "log10_subsample": -0.4533162573434939, "max_depth": 3.0, "num_boost_round": 33.0}, "datetime": {"datetime": "2024-01-19 01:41:25", "elapsed": 5392.838547, "delta": 0.007486}}
{"target": -13.908851835356312, "params": {"gamma": 724.466653152769, "log10_alpha": -4.875748284286631, "log10_colsample_bytree": -0.45659778153186004, "log10_eta": -0.22421658526921417, "log10_lambda": -4.539039432278765, "log10_min_child_weight": 3.8102877686762877, "log10_subsample": -0.4533162573434939, "max_depth": 3.0, "num_boost_round": 34.0}, "datetime": {"datetime": "2024-01-19 01:41:25", "elapsed": 5392.844487, "delta": 0.00594}}
{"target": -13.916281064865037, "params": {"gamma": 724.466653152769, "log10_alpha": -4.875748284286631, "log10_colsample_bytree": -0.45659778153186004, "log10_eta": -0.22421658526921417, "log10_lambda": -4.539039432278765, "log10_min_child_weight": 3.8102877686762877, "log10_subsample": -0.4533162573434939, "max_depth": 3.0, "num_boost_round": 35.0}, "datetime": {"datetime": "2024-01-19 01:41:25", "elapsed": 5392.981834, "delta": 0.137347}}
{"target": -13.920489448247869, "params": {"gamma": 724.466653152769, "log10_alpha": -4.875748284286631, "log10_colsample_bytree": -0.45659778153186004, "log10_eta": -0.22421658526921417, "log10_lambda": -4.539039432278765, "log10_min_child_weight": 3.8102877686762877, "log10_subsample": -0.4533162573434939, "max_depth": 3.0, "num_boost_round": 36.0}, "datetime": {"datetime": "2024-01-19 01:41:25", "elapsed": 5392.987533, "delta": 0.005699}}
{"target": -13.924757315777452, "params": {"gamma": 724.466653152769, "log10_alpha": -4.875748284286631, "log10_colsample_bytree": -0.45659778153186004, "log10_eta": -0.22421658526921417, "log10_lambda": -4.539039432278765, "log10_min_child_weight": 3.8102877686762877, "log10_subsample": -0.4533162573434939, "max_depth": 3.0, "num_boost_round": 37.0}, "datetime": {"datetime": "2024-01-19 01:41:25", "elapsed": 5392.99286, "delta": 0.005327}}
{"target": -13.926041331348545, "params": {"gamma": 724.466653152769, "log10_alpha": -4.875748284286631, "log10_colsample_bytree": -0.45659778153186004, "log10_eta": -0.22421658526921417, "log10_lambda": -4.539039432278765, "log10_min_child_weight": 3.8102877686762877, "log10_subsample": -0.4533162573434939, "max_depth": 3.0, "num_boost_round": 38.0}, "datetime": {"datetime": "2024-01-19 01:41:25", "elapsed": 5392.998206, "delta": 0.005346}}
