{"target": -13.75847352206406, "params": {"gamma": 39.57352132460634, "log10_alpha": -0.09757728290449119, "log10_colsample_bytree": -0.8962426243074252, "log10_eta": -2.990912285112566, "log10_lambda": -2.354225905350703, "log10_min_child_weight": 4.364123813582628, "log10_subsample": -0.0633829868451411, "max_depth": 4.0, "num_boost_round": 24.0}, "datetime": {"datetime": "2024-01-19 01:20:56", "elapsed": 4164.762859, "delta": 0.003914}}
{"target": -13.75846766165158, "params": {"gamma": 39.57352132460634, "log10_alpha": -0.09757728290449119, "log10_colsample_bytree": -0.8962426243074252, "log10_eta": -2.990912285112566, "log10_lambda": -2.354225905350703, "log10_min_child_weight": 4.364123813582628, "log10_subsample": -0.0633829868451411, "max_depth": 4.0, "num_boost_round": 25.0}, "datetime": {"datetime": "2024-01-19 01:20:56", "elapsed": 4164.766782, "delta": 0.003923}}
{"target": -13.758468331948283, "params": {"gamma": 39.57352132460634, "log10_alpha": -0.09757728290449119, "log10_colsample_bytree": -0.8962426243074252, "log10_eta": -2.990912285112566, "log10_lambda": -2.354225905350703, "log10_min_child_weight": 4.364123813582628, "log10_subsample": -0.0633829868451411, "max_depth": 4.0, "num_boost_round": 26.0}, "datetime": {"datetime": "2024-01-19 01:20:56", "elapsed": 4164.770699, "delta": 0.003917}}
{"target": -13.75846789639779, "params": {"gamma": 39.57352132460634, "log10_alpha": -0.09757728290449119, "log10_colsample_bytree": -0.8962426243074252, "log10_eta": -2.990912285112566, "log10_lambda": -2.354225905350703, "log10_min_child_weight": 4.364123813582628, "log10_subsample": -0.0633829868451411, "max_depth": 4.0, "num_boost_round": 27.0}, "datetime": {"datetime": "2024-01-19 01:20:56", "elapsed": 4164.77469, "delta": 0.003991}}
{"target": -13.758459000349157, "params": {"gamma": 39.57352132460634, "log10_alpha": -0.09757728290449119, "log10_colsample_bytree": -0.8962426243074252, "log10_eta": -2.990912285112566, "log10_lambda": -2.354225905350703, "log10_min_child_weight": 4.364123813582628, "log10_subsample": -0.0633829868451411, "max_depth": 4.0, "num_boost_round": 28.0}, "datetime": {"datetime": "2024-01-19 01:20:56", "elapsed": 4164.778645, "delta": 0.003955}}
{"target": -13.7584626665631, "params": {"gamma": 39.57352132460634, "log10_alpha": -0.09757728290449119, "log10_colsample_bytree": -0.8962426243074252, "log10_eta": -2.990912285112566, "log10_lambda": -2.354225905350703, "log10_min_child_weight": 4.364123813582628, "log10_subsample": -0.0633829868451411, "max_depth": 4.0, "num_boost_round": 29.0}, "datetime": {"datetime": "2024-01-19 01:20:56", "elapsed": 4164.78264, "delta": 0.003995}}
{"target": -13.758448115516694, "params": {"gamma": 39.57352132460634, "log10_alpha": -0.09757728290449119, "log10_colsample_bytree": -0.8962426243074252, "log10_eta": -2.990912285112566, "log10_lambda": -2.354225905350703, "log10_min_child_weight": 4.364123813582628, "log10_subsample": -0.0633829868451411, "max_depth": 4.0, "num_boost_round": 30.0}, "datetime": {"datetime": "2024-01-19 01:20:56", "elapsed": 4164.786631, "delta": 0.003991}}
{"target": -13.758433531984839, "params": {"gamma": 39.57352132460634, "log10_alpha": -0.09757728290449119, "log10_colsample_bytree": -0.8962426243074252, "log10_eta": -2.990912285112566, "log10_lambda": -2.354225905350703, "log10_min_child_weight": 4.364123813582628, "log10_subsample": -0.0633829868451411, "max_depth": 4.0, "num_boost_round": 31.0}, "datetime": {"datetime": "2024-01-19 01:20:56", "elapsed": 4164.790594, "delta": 0.003963}}
{"target": -13.758443584827784, "params": {"gamma": 39.57352132460634, "log10_alpha": -0.09757728290449119, "log10_colsample_bytree": -0.8962426243074252, "log10_eta": -2.990912285112566, "log10_lambda": -2.354225905350703, "log10_min_child_weight": 4.364123813582628, "log10_subsample": -0.0633829868451411, "max_depth": 4.0, "num_boost_round": 32.0}, "datetime": {"datetime": "2024-01-19 01:20:56", "elapsed": 4164.794671, "delta": 0.004077}}
{"target": -13.758447955223732, "params": {"gamma": 39.57352132460634, "log10_alpha": -0.09757728290449119, "log10_colsample_bytree": -0.8962426243074252, "log10_eta": -2.990912285112566, "log10_lambda": -2.354225905350703, "log10_min_child_weight": 4.364123813582628, "log10_subsample": -0.0633829868451411, "max_depth": 4.0, "num_boost_round": 33.0}, "datetime": {"datetime": "2024-01-19 01:20:56", "elapsed": 4164.798684, "delta": 0.004013}}
{"target": -13.758442223758168, "params": {"gamma": 39.57352132460634, "log10_alpha": -0.09757728290449119, "log10_colsample_bytree": -0.8962426243074252, "log10_eta": -2.990912285112566, "log10_lambda": -2.354225905350703, "log10_min_child_weight": 4.364123813582628, "log10_subsample": -0.0633829868451411, "max_depth": 4.0, "num_boost_round": 34.0}, "datetime": {"datetime": "2024-01-19 01:20:56", "elapsed": 4164.803415, "delta": 0.004731}}
{"target": -13.75844322927403, "params": {"gamma": 39.57352132460634, "log10_alpha": -0.09757728290449119, "log10_colsample_bytree": -0.8962426243074252, "log10_eta": -2.990912285112566, "log10_lambda": -2.354225905350703, "log10_min_child_weight": 4.364123813582628, "log10_subsample": -0.0633829868451411, "max_depth": 4.0, "num_boost_round": 35.0}, "datetime": {"datetime": "2024-01-19 01:20:56", "elapsed": 4164.807555, "delta": 0.00414}}
{"target": -13.758435124065004, "params": {"gamma": 39.57352132460634, "log10_alpha": -0.09757728290449119, "log10_colsample_bytree": -0.8962426243074252, "log10_eta": -2.990912285112566, "log10_lambda": -2.354225905350703, "log10_min_child_weight": 4.364123813582628, "log10_subsample": -0.0633829868451411, "max_depth": 4.0, "num_boost_round": 36.0}, "datetime": {"datetime": "2024-01-19 01:20:56", "elapsed": 4164.811642, "delta": 0.004087}}
{"target": -13.75842771274195, "params": {"gamma": 39.57352132460634, "log10_alpha": -0.09757728290449119, "log10_colsample_bytree": -0.8962426243074252, "log10_eta": -2.990912285112566, "log10_lambda": -2.354225905350703, "log10_min_child_weight": 4.364123813582628, "log10_subsample": -0.0633829868451411, "max_depth": 4.0, "num_boost_round": 37.0}, "datetime": {"datetime": "2024-01-19 01:20:56", "elapsed": 4164.816369, "delta": 0.004727}}
{"target": -13.758432371380394, "params": {"gamma": 39.57352132460634, "log10_alpha": -0.09757728290449119, "log10_colsample_bytree": -0.8962426243074252, "log10_eta": -2.990912285112566, "log10_lambda": -2.354225905350703, "log10_min_child_weight": 4.364123813582628, "log10_subsample": -0.0633829868451411, "max_depth": 4.0, "num_boost_round": 38.0}, "datetime": {"datetime": "2024-01-19 01:20:56", "elapsed": 4164.821118, "delta": 0.004749}}
{"target": -13.758535300549683, "params": {"gamma": 35.74952732057734, "log10_alpha": -2.2916755992203095, "log10_colsample_bytree": -0.025133928035734665, "log10_eta": -3.88801434829692, "log10_lambda": -3.5185123494255794, "log10_min_child_weight": 0.8920134490326509, "log10_subsample": -0.6191820656122485, "max_depth": 6.0, "num_boost_round": 0.0}, "datetime": {"datetime": "2024-01-19 01:21:43", "elapsed": 4211.486599, "delta": 46.665481}}
{"target": -13.758532416102181, "params": {"gamma": 35.74952732057734, "log10_alpha": -2.2916755992203095, "log10_colsample_bytree": -0.025133928035734665, "log10_eta": -3.88801434829692, "log10_lambda": -3.5185123494255794, "log10_min_child_weight": 0.8920134490326509, "log10_subsample": -0.6191820656122485, "max_depth": 6.0, "num_boost_round": 1.0}, "datetime": {"datetime": "2024-01-19 01:21:43", "elapsed": 4211.49126, "delta": 0.004661}}
{"target": -13.75853118800222, "params": {"gamma": 35.74952732057734, "log10_alpha": -2.2916755992203095, "log10_colsample_bytree": -0.025133928035734665, "log10_eta": -3.88801434829692, "log10_lambda": -3.5185123494255794, "log10_min_child_weight": 0.8920134490326509, "log10_subsample": -0.6191820656122485, "max_depth": 6.0, "num_boost_round": 2.0}, "datetime": {"datetime": "2024-01-19 01:21:43", "elapsed": 4211.495502, "delta": 0.004242}}
{"target": -13.758527594287267, "params": {"gamma": 35.74952732057734, "log10_alpha": -2.2916755992203095, "log10_colsample_bytree": -0.025133928035734665, "log10_eta": -3.88801434829692, "log10_lambda": -3.5185123494255794, "log10_min_child_weight": 0.8920134490326509, "log10_subsample": -0.6191820656122485, "max_depth": 6.0, "num_boost_round": 3.0}, "datetime": {"datetime": "2024-01-19 01:21:43", "elapsed": 4211.499428, "delta": 0.003926}}
{"target": -13.758521678319577, "params": {"gamma": 35.74952732057734, "log10_alpha": -2.2916755992203095, "log10_colsample_bytree": -0.025133928035734665, "log10_eta": -3.88801434829692, "log10_lambda": -3.5185123494255794, "log10_min_child_weight": 0.8920134490326509, "log10_subsample": -0.6191820656122485, "max_depth": 6.0, "num_boost_round": 4.0}, "datetime": {"datetime": "2024-01-19 01:21:43", "elapsed": 4211.503355, "delta": 0.003927}}
{"target": -13.75852465583882, "params": {"gamma": 35.74952732057734, "log10_alpha": -2.2916755992203095, "log10_colsample_bytree": -0.025133928035734665, "log10_eta": -3.88801434829692, "log10_lambda": -3.5185123494255794, "log10_min_child_weight": 0.8920134490326509, "log10_subsample": -0.6191820656122485, "max_depth": 6.0, "num_boost_round": 5.0}, "datetime": {"datetime": "2024-01-19 01:21:43", "elapsed": 4211.507296, "delta": 0.003941}}
{"target": -13.75852584945109, "params": {"gamma": 35.74952732057734, "log10_alpha": -2.2916755992203095, "log10_colsample_bytree": -0.025133928035734665, "log10_eta": -3.88801434829692, "log10_lambda": -3.5185123494255794, "log10_min_child_weight": 0.8920134490326509, "log10_subsample": -0.6191820656122485, "max_depth": 6.0, "num_boost_round": 6.0}, "datetime": {"datetime": "2024-01-19 01:21:43", "elapsed": 4211.511384, "delta": 0.004088}}
{"target": -13.758526930050964, "params": {"gamma": 35.74952732057734, "log10_alpha": -2.2916755992203095, "log10_colsample_bytree": -0.025133928035734665, "log10_eta": -3.88801434829692, "log10_lambda": -3.5185123494255794, "log10_min_child_weight": 0.8920134490326509, "log10_subsample": -0.6191820656122485, "max_depth": 6.0, "num_boost_round": 7.0}, "datetime": {"datetime": "2024-01-19 01:21:43", "elapsed": 4211.515476, "delta": 0.004092}}
{"target": -13.758523719326458, "params": {"gamma": 35.74952732057734, "log10_alpha": -2.2916755992203095, "log10_colsample_bytree": -0.025133928035734665, "log10_eta": -3.88801434829692, "log10_lambda": -3.5185123494255794, "log10_min_child_weight": 0.8920134490326509, "log10_subsample": -0.6191820656122485, "max_depth": 6.0, "num_boost_round": 8.0}, "datetime": {"datetime": "2024-01-19 01:21:43", "elapsed": 4211.519552, "delta": 0.004076}}
{"target": -13.758521981127936, "params": {"gamma": 35.74952732057734, "log10_alpha": -2.2916755992203095, "log10_colsample_bytree": -0.025133928035734665, "log10_eta": -3.88801434829692, "log10_lambda": -3.5185123494255794, "log10_min_child_weight": 0.8920134490326509, "log10_subsample": -0.6191820656122485, "max_depth": 6.0, "num_boost_round": 9.0}, "datetime": {"datetime": "2024-01-19 01:21:43", "elapsed": 4211.523498, "delta": 0.003946}}
{"target": -13.75852134369622, "params": {"gamma": 35.74952732057734, "log10_alpha": -2.2916755992203095, "log10_colsample_bytree": -0.025133928035734665, "log10_eta": -3.88801434829692, "log10_lambda": -3.5185123494255794, "log10_min_child_weight": 0.8920134490326509, "log10_subsample": -0.6191820656122485, "max_depth": 6.0, "num_boost_round": 10.0}, "datetime": {"datetime": "2024-01-19 01:21:43", "elapsed": 4211.52745, "delta": 0.003952}}
{"target": -13.758521152212225, "params": {"gamma": 35.74952732057734, "log10_alpha": -2.2916755992203095, "log10_colsample_bytree": -0.025133928035734665, "log10_eta": -3.88801434829692, "log10_lambda": -3.5185123494255794, "log10_min_child_weight": 0.8920134490326509, "log10_subsample": -0.6191820656122485, "max_depth": 6.0, "num_boost_round": 11.0}, "datetime": {"datetime": "2024-01-19 01:21:43", "elapsed": 4211.531508, "delta": 0.004058}}
{"target": -13.758524037583413, "params": {"gamma": 35.74952732057734, "log10_alpha": -2.2916755992203095, "log10_colsample_bytree": -0.025133928035734665, "log10_eta": -3.88801434829692, "log10_lambda": -3.5185123494255794, "log10_min_child_weight": 0.8920134490326509, "log10_subsample": -0.6191820656122485, "max_depth": 6.0, "num_boost_round": 12.0}, "datetime": {"datetime": "2024-01-19 01:21:43", "elapsed": 4211.535563, "delta": 0.004055}}
{"target": -13.758521342569537, "params": {"gamma": 35.74952732057734, "log10_alpha": -2.2916755992203095, "log10_colsample_bytree": -0.025133928035734665, "log10_eta": -3.88801434829692, "log10_lambda": -3.5185123494255794, "log10_min_child_weight": 0.8920134490326509, "log10_subsample": -0.6191820656122485, "max_depth": 6.0, "num_boost_round": 13.0}, "datetime": {"datetime": "2024-01-19 01:21:43", "elapsed": 4211.539511, "delta": 0.003948}}
{"target": -13.75852306648059, "params": {"gamma": 35.74952732057734, "log10_alpha": -2.2916755992203095, "log10_colsample_bytree": -0.025133928035734665, "log10_eta": -3.88801434829692, "log10_lambda": -3.5185123494255794, "log10_min_child_weight": 0.8920134490326509, "log10_subsample": -0.6191820656122485, "max_depth": 6.0, "num_boost_round": 14.0}, "datetime": {"datetime": "2024-01-19 01:21:43", "elapsed": 4211.543478, "delta": 0.003967}}
{"target": -13.758519889509758, "params": {"gamma": 35.74952732057734, "log10_alpha": -2.2916755992203095, "log10_colsample_bytree": -0.025133928035734665, "log10_eta": -3.88801434829692, "log10_lambda": -3.5185123494255794, "log10_min_child_weight": 0.8920134490326509, "log10_subsample": -0.6191820656122485, "max_depth": 6.0, "num_boost_round": 15.0}, "datetime": {"datetime": "2024-01-19 01:21:43", "elapsed": 4211.547412, "delta": 0.003934}}
{"target": -13.758515085788462, "params": {"gamma": 35.74952732057734, "log10_alpha": -2.2916755992203095, "log10_colsample_bytree": -0.025133928035734665, "log10_eta": -3.88801434829692, "log10_lambda": -3.5185123494255794, "log10_min_child_weight": 0.8920134490326509, "log10_subsample": -0.6191820656122485, "max_depth": 6.0, "num_boost_round": 16.0}, "datetime": {"datetime": "2024-01-19 01:21:43", "elapsed": 4211.551485, "delta": 0.004073}}
{"target": -13.758516828179221, "params": {"gamma": 35.74952732057734, "log10_alpha": -2.2916755992203095, "log10_colsample_bytree": -0.025133928035734665, "log10_eta": -3.88801434829692, "log10_lambda": -3.5185123494255794, "log10_min_child_weight": 0.8920134490326509, "log10_subsample": -0.6191820656122485, "max_depth": 6.0, "num_boost_round": 17.0}, "datetime": {"datetime": "2024-01-19 01:21:43", "elapsed": 4211.555546, "delta": 0.004061}}
{"target": -13.758516950277585, "params": {"gamma": 35.74952732057734, "log10_alpha": -2.2916755992203095, "log10_colsample_bytree": -0.025133928035734665, "log10_eta": -3.88801434829692, "log10_lambda": -3.5185123494255794, "log10_min_child_weight": 0.8920134490326509, "log10_subsample": -0.6191820656122485, "max_depth": 6.0, "num_boost_round": 18.0}, "datetime": {"datetime": "2024-01-19 01:21:43", "elapsed": 4211.559505, "delta": 0.003959}}
{"target": -13.75851477451735, "params": {"gamma": 35.74952732057734, "log10_alpha": -2.2916755992203095, "log10_colsample_bytree": -0.025133928035734665, "log10_eta": -3.88801434829692, "log10_lambda": -3.5185123494255794, "log10_min_child_weight": 0.8920134490326509, "log10_subsample": -0.6191820656122485, "max_depth": 6.0, "num_boost_round": 19.0}, "datetime": {"datetime": "2024-01-19 01:21:43", "elapsed": 4211.563498, "delta": 0.003993}}
{"target": -13.758509460562244, "params": {"gamma": 35.74952732057734, "log10_alpha": -2.2916755992203095, "log10_colsample_bytree": -0.025133928035734665, "log10_eta": -3.88801434829692, "log10_lambda": -3.5185123494255794, "log10_min_child_weight": 0.8920134490326509, "log10_subsample": -0.6191820656122485, "max_depth": 6.0, "num_boost_round": 20.0}, "datetime": {"datetime": "2024-01-19 01:21:43", "elapsed": 4211.56745, "delta": 0.003952}}
{"target": -13.758506664635448, "params": {"gamma": 35.74952732057734, "log10_alpha": -2.2916755992203095, "log10_colsample_bytree": -0.025133928035734665, "log10_eta": -3.88801434829692, "log10_lambda": -3.5185123494255794, "log10_min_child_weight": 0.8920134490326509, "log10_subsample": -0.6191820656122485, "max_depth": 6.0, "num_boost_round": 21.0}, "datetime": {"datetime": "2024-01-19 01:21:43", "elapsed": 4211.571485, "delta": 0.004035}}
{"target": -13.758504688966928, "params": {"gamma": 35.74952732057734, "log10_alpha": -2.2916755992203095, "log10_colsample_bytree": -0.025133928035734665, "log10_eta": -3.88801434829692, "log10_lambda": -3.5185123494255794, "log10_min_child_weight": 0.8920134490326509, "log10_subsample": -0.6191820656122485, "max_depth": 6.0, "num_boost_round": 22.0}, "datetime": {"datetime": "2024-01-19 01:21:43", "elapsed": 4211.575527, "delta": 0.004042}}
{"target": -13.758502218850024, "params": {"gamma": 35.74952732057734, "log10_alpha": -2.2916755992203095, "log10_colsample_bytree": -0.025133928035734665, "log10_eta": -3.88801434829692, "log10_lambda": -3.5185123494255794, "log10_min_child_weight": 0.8920134490326509, "log10_subsample": -0.6191820656122485, "max_depth": 6.0, "num_boost_round": 23.0}, "datetime": {"datetime": "2024-01-19 01:21:43", "elapsed": 4211.579598, "delta": 0.004071}}
{"target": -13.75849742501395, "params": {"gamma": 35.74952732057734, "log10_alpha": -2.2916755992203095, "log10_colsample_bytree": -0.025133928035734665, "log10_eta": -3.88801434829692, "log10_lambda": -3.5185123494255794, "log10_min_child_weight": 0.8920134490326509, "log10_subsample": -0.6191820656122485, "max_depth": 6.0, "num_boost_round": 24.0}, "datetime": {"datetime": "2024-01-19 01:21:43", "elapsed": 4211.583723, "delta": 0.004125}}
{"target": -13.758497485898108, "params": {"gamma": 35.74952732057734, "log10_alpha": -2.2916755992203095, "log10_colsample_bytree": -0.025133928035734665, "log10_eta": -3.88801434829692, "log10_lambda": -3.5185123494255794, "log10_min_child_weight": 0.8920134490326509, "log10_subsample": -0.6191820656122485, "max_depth": 6.0, "num_boost_round": 25.0}, "datetime": {"datetime": "2024-01-19 01:21:43", "elapsed": 4211.587811, "delta": 0.004088}}
{"target": -13.758495589287667, "params": {"gamma": 35.74952732057734, "log10_alpha": -2.2916755992203095, "log10_colsample_bytree": -0.025133928035734665, "log10_eta": -3.88801434829692, "log10_lambda": -3.5185123494255794, "log10_min_child_weight": 0.8920134490326509, "log10_subsample": -0.6191820656122485, "max_depth": 6.0, "num_boost_round": 26.0}, "datetime": {"datetime": "2024-01-19 01:21:43", "elapsed": 4211.591812, "delta": 0.004001}}
{"target": -13.758487549584547, "params": {"gamma": 35.74952732057734, "log10_alpha": -2.2916755992203095, "log10_colsample_bytree": -0.025133928035734665, "log10_eta": -3.88801434829692, "log10_lambda": -3.5185123494255794, "log10_min_child_weight": 0.8920134490326509, "log10_subsample": -0.6191820656122485, "max_depth": 6.0, "num_boost_round": 27.0}, "datetime": {"datetime": "2024-01-19 01:21:43", "elapsed": 4211.595797, "delta": 0.003985}}
{"target": -13.758482651900794, "params": {"gamma": 35.74952732057734, "log10_alpha": -2.2916755992203095, "log10_colsample_bytree": -0.025133928035734665, "log10_eta": -3.88801434829692, "log10_lambda": -3.5185123494255794, "log10_min_child_weight": 0.8920134490326509, "log10_subsample": -0.6191820656122485, "max_depth": 6.0, "num_boost_round": 28.0}, "datetime": {"datetime": "2024-01-19 01:21:43", "elapsed": 4211.599754, "delta": 0.003957}}
{"target": -13.758486269067975, "params": {"gamma": 35.74952732057734, "log10_alpha": -2.2916755992203095, "log10_colsample_bytree": -0.025133928035734665, "log10_eta": -3.88801434829692, "log10_lambda": -3.5185123494255794, "log10_min_child_weight": 0.8920134490326509, "log10_subsample": -0.6191820656122485, "max_depth": 6.0, "num_boost_round": 29.0}, "datetime": {"datetime": "2024-01-19 01:21:43", "elapsed": 4211.603723, "delta": 0.003969}}
{"target": -13.75848496524016, "params": {"gamma": 35.74952732057734, "log10_alpha": -2.2916755992203095, "log10_colsample_bytree": -0.025133928035734665, "log10_eta": -3.88801434829692, "log10_lambda": -3.5185123494255794, "log10_min_child_weight": 0.8920134490326509, "log10_subsample": -0.6191820656122485, "max_depth": 6.0, "num_boost_round": 30.0}, "datetime": {"datetime": "2024-01-19 01:21:43", "elapsed": 4211.607717, "delta": 0.003994}}
{"target": -13.758480202125094, "params": {"gamma": 35.74952732057734, "log10_alpha": -2.2916755992203095, "log10_colsample_bytree": -0.025133928035734665, "log10_eta": -3.88801434829692, "log10_lambda": -3.5185123494255794, "log10_min_child_weight": 0.8920134490326509, "log10_subsample": -0.6191820656122485, "max_depth": 6.0, "num_boost_round": 31.0}, "datetime": {"datetime": "2024-01-19 01:21:43", "elapsed": 4211.611771, "delta": 0.004054}}
{"target": -13.758482276000084, "params": {"gamma": 35.74952732057734, "log10_alpha": -2.2916755992203095, "log10_colsample_bytree": -0.025133928035734665, "log10_eta": -3.88801434829692, "log10_lambda": -3.5185123494255794, "log10_min_child_weight": 0.8920134490326509, "log10_subsample": -0.6191820656122485, "max_depth": 6.0, "num_boost_round": 32.0}, "datetime": {"datetime": "2024-01-19 01:21:43", "elapsed": 4211.615748, "delta": 0.003977}}
{"target": -13.758474624231981, "params": {"gamma": 35.74952732057734, "log10_alpha": -2.2916755992203095, "log10_colsample_bytree": -0.025133928035734665, "log10_eta": -3.88801434829692, "log10_lambda": -3.5185123494255794, "log10_min_child_weight": 0.8920134490326509, "log10_subsample": -0.6191820656122485, "max_depth": 6.0, "num_boost_round": 33.0}, "datetime": {"datetime": "2024-01-19 01:21:43", "elapsed": 4211.619791, "delta": 0.004043}}
