{"target": -13.774398386283519, "params": {"gamma": 806.8984546665779, "log10_alpha": -1.4378057676675322, "log10_colsample_bytree": -0.2602429312473509, "log10_eta": -1.580255260931406, "log10_lambda": -3.121602636826035, "log10_min_child_weight": 0.5762580732777345, "log10_subsample": -0.21246271179918808, "max_depth": 4.0, "num_boost_round": 43.0}, "datetime": {"datetime": "2024-01-19 01:58:35", "elapsed": 6419.31608, "delta": 0.006967}}
{"target": -13.7752568410535, "params": {"gamma": 806.8984546665779, "log10_alpha": -1.4378057676675322, "log10_colsample_bytree": -0.2602429312473509, "log10_eta": -1.580255260931406, "log10_lambda": -3.121602636826035, "log10_min_child_weight": 0.5762580732777345, "log10_subsample": -0.21246271179918808, "max_depth": 4.0, "num_boost_round": 44.0}, "datetime": {"datetime": "2024-01-19 01:58:35", "elapsed": 6419.322958, "delta": 0.006878}}
{"target": -13.775233877638296, "params": {"gamma": 806.8984546665779, "log10_alpha": -1.4378057676675322, "log10_colsample_bytree": -0.2602429312473509, "log10_eta": -1.580255260931406, "log10_lambda": -3.121602636826035, "log10_min_child_weight": 0.5762580732777345, "log10_subsample": -0.21246271179918808, "max_depth": 4.0, "num_boost_round": 45.0}, "datetime": {"datetime": "2024-01-19 01:58:35", "elapsed": 6419.329839, "delta": 0.006881}}
{"target": -13.758537020616384, "params": {"gamma": 785.0809642049705, "log10_alpha": -1.9870127333523406, "log10_colsample_bytree": -0.32659464180669484, "log10_eta": -3.7836645283828254, "log10_lambda": 0.47849631241226476, "log10_min_child_weight": 3.6236346752464152, "log10_subsample": -0.6532404549883574, "max_depth": 4.0, "num_boost_round": 0.0}, "datetime": {"datetime": "2024-01-19 01:59:58", "elapsed": 6503.026412, "delta": 83.696573}}
{"target": -13.758535660265208, "params": {"gamma": 785.0809642049705, "log10_alpha": -1.9870127333523406, "log10_colsample_bytree": -0.32659464180669484, "log10_eta": -3.7836645283828254, "log10_lambda": 0.47849631241226476, "log10_min_child_weight": 3.6236346752464152, "log10_subsample": -0.6532404549883574, "max_depth": 4.0, "num_boost_round": 1.0}, "datetime": {"datetime": "2024-01-19 01:59:58", "elapsed": 6503.034007, "delta": 0.007595}}
{"target": -13.758536023214967, "params": {"gamma": 785.0809642049705, "log10_alpha": -1.9870127333523406, "log10_colsample_bytree": -0.32659464180669484, "log10_eta": -3.7836645283828254, "log10_lambda": 0.47849631241226476, "log10_min_child_weight": 3.6236346752464152, "log10_subsample": -0.6532404549883574, "max_depth": 4.0, "num_boost_round": 2.0}, "datetime": {"datetime": "2024-01-19 01:59:58", "elapsed": 6503.041035, "delta": 0.007028}}
{"target": -13.75853517320428, "params": {"gamma": 785.0809642049705, "log10_alpha": -1.9870127333523406, "log10_colsample_bytree": -0.32659464180669484, "log10_eta": -3.7836645283828254, "log10_lambda": 0.47849631241226476, "log10_min_child_weight": 3.6236346752464152, "log10_subsample": -0.6532404549883574, "max_depth": 4.0, "num_boost_round": 3.0}, "datetime": {"datetime": "2024-01-19 01:59:58", "elapsed": 6503.048047, "delta": 0.007012}}
{"target": -13.758534351119824, "params": {"gamma": 785.0809642049705, "log10_alpha": -1.9870127333523406, "log10_colsample_bytree": -0.32659464180669484, "log10_eta": -3.7836645283828254, "log10_lambda": 0.47849631241226476, "log10_min_child_weight": 3.6236346752464152, "log10_subsample": -0.6532404549883574, "max_depth": 4.0, "num_boost_round": 4.0}, "datetime": {"datetime": "2024-01-19 01:59:58", "elapsed": 6503.055004, "delta": 0.006957}}
{"target": -13.75853507769102, "params": {"gamma": 785.0809642049705, "log10_alpha": -1.9870127333523406, "log10_colsample_bytree": -0.32659464180669484, "log10_eta": -3.7836645283828254, "log10_lambda": 0.47849631241226476, "log10_min_child_weight": 3.6236346752464152, "log10_subsample": -0.6532404549883574, "max_depth": 4.0, "num_boost_round": 5.0}, "datetime": {"datetime": "2024-01-19 01:59:58", "elapsed": 6503.061694, "delta": 0.00669}}
{"target": -13.758535316296104, "params": {"gamma": 785.0809642049705, "log10_alpha": -1.9870127333523406, "log10_colsample_bytree": -0.32659464180669484, "log10_eta": -3.7836645283828254, "log10_lambda": 0.47849631241226476, "log10_min_child_weight": 3.6236346752464152, "log10_subsample": -0.6532404549883574, "max_depth": 4.0, "num_boost_round": 6.0}, "datetime": {"datetime": "2024-01-19 01:59:58", "elapsed": 6503.068461, "delta": 0.006767}}
{"target": -13.758534288962636, "params": {"gamma": 785.0809642049705, "log10_alpha": -1.9870127333523406, "log10_colsample_bytree": -0.32659464180669484, "log10_eta": -3.7836645283828254, "log10_lambda": 0.47849631241226476, "log10_min_child_weight": 3.6236346752464152, "log10_subsample": -0.6532404549883574, "max_depth": 4.0, "num_boost_round": 7.0}, "datetime": {"datetime": "2024-01-19 01:59:58", "elapsed": 6503.198188, "delta": 0.129727}}
{"target": -13.758532895802524, "params": {"gamma": 785.0809642049705, "log10_alpha": -1.9870127333523406, "log10_colsample_bytree": -0.32659464180669484, "log10_eta": -3.7836645283828254, "log10_lambda": 0.47849631241226476, "log10_min_child_weight": 3.6236346752464152, "log10_subsample": -0.6532404549883574, "max_depth": 4.0, "num_boost_round": 8.0}, "datetime": {"datetime": "2024-01-19 01:59:58", "elapsed": 6503.206983, "delta": 0.008795}}
{"target": -13.758530546764836, "params": {"gamma": 785.0809642049705, "log10_alpha": -1.9870127333523406, "log10_colsample_bytree": -0.32659464180669484, "log10_eta": -3.7836645283828254, "log10_lambda": 0.47849631241226476, "log10_min_child_weight": 3.6236346752464152, "log10_subsample": -0.6532404549883574, "max_depth": 4.0, "num_boost_round": 9.0}, "datetime": {"datetime": "2024-01-19 01:59:58", "elapsed": 6503.214663, "delta": 0.00768}}
{"target": -13.758528228554699, "params": {"gamma": 785.0809642049705, "log10_alpha": -1.9870127333523406, "log10_colsample_bytree": -0.32659464180669484, "log10_eta": -3.7836645283828254, "log10_lambda": 0.47849631241226476, "log10_min_child_weight": 3.6236346752464152, "log10_subsample": -0.6532404549883574, "max_depth": 4.0, "num_boost_round": 10.0}, "datetime": {"datetime": "2024-01-19 01:59:58", "elapsed": 6503.221914, "delta": 0.007251}}
{"target": -13.758526490762286, "params": {"gamma": 785.0809642049705, "log10_alpha": -1.9870127333523406, "log10_colsample_bytree": -0.32659464180669484, "log10_eta": -3.7836645283828254, "log10_lambda": 0.47849631241226476, "log10_min_child_weight": 3.6236346752464152, "log10_subsample": -0.6532404549883574, "max_depth": 4.0, "num_boost_round": 11.0}, "datetime": {"datetime": "2024-01-19 01:59:58", "elapsed": 6503.229214, "delta": 0.0073}}
{"target": -13.758526073424434, "params": {"gamma": 785.0809642049705, "log10_alpha": -1.9870127333523406, "log10_colsample_bytree": -0.32659464180669484, "log10_eta": -3.7836645283828254, "log10_lambda": 0.47849631241226476, "log10_min_child_weight": 3.6236346752464152, "log10_subsample": -0.6532404549883574, "max_depth": 4.0, "num_boost_round": 12.0}, "datetime": {"datetime": "2024-01-19 01:59:58", "elapsed": 6503.236943, "delta": 0.007729}}
{"target": -13.758527326478978, "params": {"gamma": 785.0809642049705, "log10_alpha": -1.9870127333523406, "log10_colsample_bytree": -0.32659464180669484, "log10_eta": -3.7836645283828254, "log10_lambda": 0.47849631241226476, "log10_min_child_weight": 3.6236346752464152, "log10_subsample": -0.6532404549883574, "max_depth": 4.0, "num_boost_round": 13.0}, "datetime": {"datetime": "2024-01-19 01:59:58", "elapsed": 6503.244156, "delta": 0.007213}}
{"target": -13.75852582777577, "params": {"gamma": 785.0809642049705, "log10_alpha": -1.9870127333523406, "log10_colsample_bytree": -0.32659464180669484, "log10_eta": -3.7836645283828254, "log10_lambda": 0.47849631241226476, "log10_min_child_weight": 3.6236346752464152, "log10_subsample": -0.6532404549883574, "max_depth": 4.0, "num_boost_round": 14.0}, "datetime": {"datetime": "2024-01-19 01:59:58", "elapsed": 6503.251318, "delta": 0.007162}}
{"target": -13.75852364084237, "params": {"gamma": 785.0809642049705, "log10_alpha": -1.9870127333523406, "log10_colsample_bytree": -0.32659464180669484, "log10_eta": -3.7836645283828254, "log10_lambda": 0.47849631241226476, "log10_min_child_weight": 3.6236346752464152, "log10_subsample": -0.6532404549883574, "max_depth": 4.0, "num_boost_round": 15.0}, "datetime": {"datetime": "2024-01-19 01:59:58", "elapsed": 6503.258558, "delta": 0.00724}}
{"target": -13.75852254844002, "params": {"gamma": 785.0809642049705, "log10_alpha": -1.9870127333523406, "log10_colsample_bytree": -0.32659464180669484, "log10_eta": -3.7836645283828254, "log10_lambda": 0.47849631241226476, "log10_min_child_weight": 3.6236346752464152, "log10_subsample": -0.6532404549883574, "max_depth": 4.0, "num_boost_round": 16.0}, "datetime": {"datetime": "2024-01-19 01:59:58", "elapsed": 6503.265889, "delta": 0.007331}}
{"target": -13.758524092985825, "params": {"gamma": 785.0809642049705, "log10_alpha": -1.9870127333523406, "log10_colsample_bytree": -0.32659464180669484, "log10_eta": -3.7836645283828254, "log10_lambda": 0.47849631241226476, "log10_min_child_weight": 3.6236346752464152, "log10_subsample": -0.6532404549883574, "max_depth": 4.0, "num_boost_round": 17.0}, "datetime": {"datetime": "2024-01-19 01:59:58", "elapsed": 6503.273315, "delta": 0.007426}}
{"target": -13.758523392183546, "params": {"gamma": 785.0809642049705, "log10_alpha": -1.9870127333523406, "log10_colsample_bytree": -0.32659464180669484, "log10_eta": -3.7836645283828254, "log10_lambda": 0.47849631241226476, "log10_min_child_weight": 3.6236346752464152, "log10_subsample": -0.6532404549883574, "max_depth": 4.0, "num_boost_round": 18.0}, "datetime": {"datetime": "2024-01-19 01:59:58", "elapsed": 6503.28117, "delta": 0.007855}}
{"target": -13.75852214503885, "params": {"gamma": 785.0809642049705, "log10_alpha": -1.9870127333523406, "log10_colsample_bytree": -0.32659464180669484, "log10_eta": -3.7836645283828254, "log10_lambda": 0.47849631241226476, "log10_min_child_weight": 3.6236346752464152, "log10_subsample": -0.6532404549883574, "max_depth": 4.0, "num_boost_round": 19.0}, "datetime": {"datetime": "2024-01-19 01:59:58", "elapsed": 6503.288252, "delta": 0.007082}}
{"target": -13.758521068108934, "params": {"gamma": 785.0809642049705, "log10_alpha": -1.9870127333523406, "log10_colsample_bytree": -0.32659464180669484, "log10_eta": -3.7836645283828254, "log10_lambda": 0.47849631241226476, "log10_min_child_weight": 3.6236346752464152, "log10_subsample": -0.6532404549883574, "max_depth": 4.0, "num_boost_round": 20.0}, "datetime": {"datetime": "2024-01-19 01:59:58", "elapsed": 6503.295687, "delta": 0.007435}}
{"target": -13.75851998510848, "params": {"gamma": 785.0809642049705, "log10_alpha": -1.9870127333523406, "log10_colsample_bytree": -0.32659464180669484, "log10_eta": -3.7836645283828254, "log10_lambda": 0.47849631241226476, "log10_min_child_weight": 3.6236346752464152, "log10_subsample": -0.6532404549883574, "max_depth": 4.0, "num_boost_round": 21.0}, "datetime": {"datetime": "2024-01-19 01:59:59", "elapsed": 6503.303108, "delta": 0.007421}}
{"target": -13.758518630524147, "params": {"gamma": 785.0809642049705, "log10_alpha": -1.9870127333523406, "log10_colsample_bytree": -0.32659464180669484, "log10_eta": -3.7836645283828254, "log10_lambda": 0.47849631241226476, "log10_min_child_weight": 3.6236346752464152, "log10_subsample": -0.6532404549883574, "max_depth": 4.0, "num_boost_round": 22.0}, "datetime": {"datetime": "2024-01-19 01:59:59", "elapsed": 6503.310357, "delta": 0.007249}}
{"target": -13.758516451628996, "params": {"gamma": 785.0809642049705, "log10_alpha": -1.9870127333523406, "log10_colsample_bytree": -0.32659464180669484, "log10_eta": -3.7836645283828254, "log10_lambda": 0.47849631241226476, "log10_min_child_weight": 3.6236346752464152, "log10_subsample": -0.6532404549883574, "max_depth": 4.0, "num_boost_round": 23.0}, "datetime": {"datetime": "2024-01-19 01:59:59", "elapsed": 6503.317516, "delta": 0.007159}}
{"target": -13.758513517848346, "params": {"gamma": 785.0809642049705, "log10_alpha": -1.9870127333523406, "log10_colsample_bytree": -0.32659464180669484, "log10_eta": -3.7836645283828254, "log10_lambda": 0.47849631241226476, "log10_min_child_weight": 3.6236346752464152, "log10_subsample": -0.6532404549883574, "max_depth": 4.0, "num_boost_round": 24.0}, "datetime": {"datetime": "2024-01-19 01:59:59", "elapsed": 6503.42966, "delta": 0.112144}}
{"target": -13.758512990739842, "params": {"gamma": 785.0809642049705, "log10_alpha": -1.9870127333523406, "log10_colsample_bytree": -0.32659464180669484, "log10_eta": -3.7836645283828254, "log10_lambda": 0.47849631241226476, "log10_min_child_weight": 3.6236346752464152, "log10_subsample": -0.6532404549883574, "max_depth": 4.0, "num_boost_round": 25.0}, "datetime": {"datetime": "2024-01-19 01:59:59", "elapsed": 6503.438891, "delta": 0.009231}}
{"target": -13.758514464901813, "params": {"gamma": 785.0809642049705, "log10_alpha": -1.9870127333523406, "log10_colsample_bytree": -0.32659464180669484, "log10_eta": -3.7836645283828254, "log10_lambda": 0.47849631241226476, "log10_min_child_weight": 3.6236346752464152, "log10_subsample": -0.6532404549883574, "max_depth": 4.0, "num_boost_round": 26.0}, "datetime": {"datetime": "2024-01-19 01:59:59", "elapsed": 6503.447463, "delta": 0.008572}}
{"target": -13.758514685037454, "params": {"gamma": 785.0809642049705, "log10_alpha": -1.9870127333523406, "log10_colsample_bytree": -0.32659464180669484, "log10_eta": -3.7836645283828254, "log10_lambda": 0.47849631241226476, "log10_min_child_weight": 3.6236346752464152, "log10_subsample": -0.6532404549883574, "max_depth": 4.0, "num_boost_round": 27.0}, "datetime": {"datetime": "2024-01-19 01:59:59", "elapsed": 6503.455782, "delta": 0.008319}}
{"target": -13.758513943382562, "params": {"gamma": 785.0809642049705, "log10_alpha": -1.9870127333523406, "log10_colsample_bytree": -0.32659464180669484, "log10_eta": -3.7836645283828254, "log10_lambda": 0.47849631241226476, "log10_min_child_weight": 3.6236346752464152, "log10_subsample": -0.6532404549883574, "max_depth": 4.0, "num_boost_round": 28.0}, "datetime": {"datetime": "2024-01-19 01:59:59", "elapsed": 6503.463262, "delta": 0.00748}}
{"target": -13.758514163879772, "params": {"gamma": 785.0809642049705, "log10_alpha": -1.9870127333523406, "log10_colsample_bytree": -0.32659464180669484, "log10_eta": -3.7836645283828254, "log10_lambda": 0.47849631241226476, "log10_min_child_weight": 3.6236346752464152, "log10_subsample": -0.6532404549883574, "max_depth": 4.0, "num_boost_round": 29.0}, "datetime": {"datetime": "2024-01-19 01:59:59", "elapsed": 6503.470538, "delta": 0.007276}}
{"target": -13.75851370324578, "params": {"gamma": 785.0809642049705, "log10_alpha": -1.9870127333523406, "log10_colsample_bytree": -0.32659464180669484, "log10_eta": -3.7836645283828254, "log10_lambda": 0.47849631241226476, "log10_min_child_weight": 3.6236346752464152, "log10_subsample": -0.6532404549883574, "max_depth": 4.0, "num_boost_round": 30.0}, "datetime": {"datetime": "2024-01-19 01:59:59", "elapsed": 6503.477931, "delta": 0.007393}}
{"target": -13.758539344049597, "params": {"gamma": 871.1151460409013, "log10_alpha": -4.923281286414183, "log10_colsample_bytree": -0.8160558291267693, "log10_eta": -3.2021032892581838, "log10_lambda": -3.6139074310068926, "log10_min_child_weight": 4.599562655956492, "log10_subsample": -0.41228133207840234, "max_depth": 7.0, "num_boost_round": 0.0}, "datetime": {"datetime": "2024-01-19 02:01:32", "elapsed": 6596.970602, "delta": 93.492671}}
{"target": -13.75853780773193, "params": {"gamma": 871.1151460409013, "log10_alpha": -4.923281286414183, "log10_colsample_bytree": -0.8160558291267693, "log10_eta": -3.2021032892581838, "log10_lambda": -3.6139074310068926, "log10_min_child_weight": 4.599562655956492, "log10_subsample": -0.41228133207840234, "max_depth": 7.0, "num_boost_round": 1.0}, "datetime": {"datetime": "2024-01-19 02:01:32", "elapsed": 6596.97907, "delta": 0.008468}}
{"target": -13.758539410631661, "params": {"gamma": 871.1151460409013, "log10_alpha": -4.923281286414183, "log10_colsample_bytree": -0.8160558291267693, "log10_eta": -3.2021032892581838, "log10_lambda": -3.6139074310068926, "log10_min_child_weight": 4.599562655956492, "log10_subsample": -0.41228133207840234, "max_depth": 7.0, "num_boost_round": 2.0}, "datetime": {"datetime": "2024-01-19 02:01:32", "elapsed": 6596.986491, "delta": 0.007421}}
{"target": -13.758538353184221, "params": {"gamma": 871.1151460409013, "log10_alpha": -4.923281286414183, "log10_colsample_bytree": -0.8160558291267693, "log10_eta": -3.2021032892581838, "log10_lambda": -3.6139074310068926, "log10_min_child_weight": 4.599562655956492, "log10_subsample": -0.41228133207840234, "max_depth": 7.0, "num_boost_round": 3.0}, "datetime": {"datetime": "2024-01-19 02:01:32", "elapsed": 6596.99377, "delta": 0.007279}}
{"target": -13.758540423574829, "params": {"gamma": 871.1151460409013, "log10_alpha": -4.923281286414183, "log10_colsample_bytree": -0.8160558291267693, "log10_eta": -3.2021032892581838, "log10_lambda": -3.6139074310068926, "log10_min_child_weight": 4.599562655956492, "log10_subsample": -0.41228133207840234, "max_depth": 7.0, "num_boost_round": 4.0}, "datetime": {"datetime": "2024-01-19 02:01:32", "elapsed": 6597.000762, "delta": 0.006992}}
{"target": -13.758535906954007, "params": {"gamma": 871.1151460409013, "log10_alpha": -4.923281286414183, "log10_colsample_bytree": -0.8160558291267693, "log10_eta": -3.2021032892581838, "log10_lambda": -3.6139074310068926, "log10_min_child_weight": 4.599562655956492, "log10_subsample": -0.41228133207840234, "max_depth": 7.0, "num_boost_round": 5.0}, "datetime": {"datetime": "2024-01-19 02:01:32", "elapsed": 6597.007842, "delta": 0.00708}}
{"target": -13.7585372230562, "params": {"gamma": 871.1151460409013, "log10_alpha": -4.923281286414183, "log10_colsample_bytree": -0.8160558291267693, "log10_eta": -3.2021032892581838, "log10_lambda": -3.6139074310068926, "log10_min_child_weight": 4.599562655956492, "log10_subsample": -0.41228133207840234, "max_depth": 7.0, "num_boost_round": 6.0}, "datetime": {"datetime": "2024-01-19 02:01:32", "elapsed": 6597.015088, "delta": 0.007246}}
{"target": -13.758534768171424, "params": {"gamma": 871.1151460409013, "log10_alpha": -4.923281286414183, "log10_colsample_bytree": -0.8160558291267693, "log10_eta": -3.2021032892581838, "log10_lambda": -3.6139074310068926, "log10_min_child_weight": 4.599562655956492, "log10_subsample": -0.41228133207840234, "max_depth": 7.0, "num_boost_round": 7.0}, "datetime": {"datetime": "2024-01-19 02:01:32", "elapsed": 6597.022106, "delta": 0.007018}}
{"target": -13.75853435912775, "params": {"gamma": 871.1151460409013, "log10_alpha": -4.923281286414183, "log10_colsample_bytree": -0.8160558291267693, "log10_eta": -3.2021032892581838, "log10_lambda": -3.6139074310068926, "log10_min_child_weight": 4.599562655956492, "log10_subsample": -0.41228133207840234, "max_depth": 7.0, "num_boost_round": 8.0}, "datetime": {"datetime": "2024-01-19 02:01:32", "elapsed": 6597.029082, "delta": 0.006976}}
{"target": -13.758531520308438, "params": {"gamma": 871.1151460409013, "log10_alpha": -4.923281286414183, "log10_colsample_bytree": -0.8160558291267693, "log10_eta": -3.2021032892581838, "log10_lambda": -3.6139074310068926, "log10_min_child_weight": 4.599562655956492, "log10_subsample": -0.41228133207840234, "max_depth": 7.0, "num_boost_round": 9.0}, "datetime": {"datetime": "2024-01-19 02:01:32", "elapsed": 6597.036645, "delta": 0.007563}}
{"target": -13.758530926153075, "params": {"gamma": 871.1151460409013, "log10_alpha": -4.923281286414183, "log10_colsample_bytree": -0.8160558291267693, "log10_eta": -3.2021032892581838, "log10_lambda": -3.6139074310068926, "log10_min_child_weight": 4.599562655956492, "log10_subsample": -0.41228133207840234, "max_depth": 7.0, "num_boost_round": 10.0}, "datetime": {"datetime": "2024-01-19 02:01:32", "elapsed": 6597.166401, "delta": 0.129756}}
{"target": -13.758526624910358, "params": {"gamma": 871.1151460409013, "log10_alpha": -4.923281286414183, "log10_colsample_bytree": -0.8160558291267693, "log10_eta": -3.2021032892581838, "log10_lambda": -3.6139074310068926, "log10_min_child_weight": 4.599562655956492, "log10_subsample": -0.41228133207840234, "max_depth": 7.0, "num_boost_round": 11.0}, "datetime": {"datetime": "2024-01-19 02:01:32", "elapsed": 6597.174663, "delta": 0.008262}}
{"target": -13.75853154524658, "params": {"gamma": 871.1151460409013, "log10_alpha": -4.923281286414183, "log10_colsample_bytree": -0.8160558291267693, "log10_eta": -3.2021032892581838, "log10_lambda": -3.6139074310068926, "log10_min_child_weight": 4.599562655956492, "log10_subsample": -0.41228133207840234, "max_depth": 7.0, "num_boost_round": 12.0}, "datetime": {"datetime": "2024-01-19 02:01:32", "elapsed": 6597.18191, "delta": 0.007247}}
{"target": -13.758530548909414, "params": {"gamma": 871.1151460409013, "log10_alpha": -4.923281286414183, "log10_colsample_bytree": -0.8160558291267693, "log10_eta": -3.2021032892581838, "log10_lambda": -3.6139074310068926, "log10_min_child_weight": 4.599562655956492, "log10_subsample": -0.41228133207840234, "max_depth": 7.0, "num_boost_round": 13.0}, "datetime": {"datetime": "2024-01-19 02:01:32", "elapsed": 6597.188899, "delta": 0.006989}}
{"target": -13.758528131654002, "params": {"gamma": 871.1151460409013, "log10_alpha": -4.923281286414183, "log10_colsample_bytree": -0.8160558291267693, "log10_eta": -3.2021032892581838, "log10_lambda": -3.6139074310068926, "log10_min_child_weight": 4.599562655956492, "log10_subsample": -0.41228133207840234, "max_depth": 7.0, "num_boost_round": 14.0}, "datetime": {"datetime": "2024-01-19 02:01:32", "elapsed": 6597.196132, "delta": 0.007233}}
