{"target": -17.67714912972929, "params": {"gamma": 441.82705399359014, "log10_alpha": -3.557556247812472, "log10_colsample_bytree": -0.23786264746680086, "log10_eta": -3.6020169548614853, "log10_lambda": -0.7320186465877736, "log10_min_child_weight": 2.277458650596201, "log10_subsample": -0.6540042533117777, "max_depth": 9.0, "num_boost_round": 6.0}, "datetime": {"datetime": "2024-01-19 02:35:26", "elapsed": 8619.334245, "delta": 0.006729}}
{"target": -17.677142769150798, "params": {"gamma": 441.82705399359014, "log10_alpha": -3.557556247812472, "log10_colsample_bytree": -0.23786264746680086, "log10_eta": -3.6020169548614853, "log10_lambda": -0.7320186465877736, "log10_min_child_weight": 2.277458650596201, "log10_subsample": -0.6540042533117777, "max_depth": 9.0, "num_boost_round": 7.0}, "datetime": {"datetime": "2024-01-19 02:35:26", "elapsed": 8619.340924, "delta": 0.006679}}
{"target": -17.67712157578611, "params": {"gamma": 441.82705399359014, "log10_alpha": -3.557556247812472, "log10_colsample_bytree": -0.23786264746680086, "log10_eta": -3.6020169548614853, "log10_lambda": -0.7320186465877736, "log10_min_child_weight": 2.277458650596201, "log10_subsample": -0.6540042533117777, "max_depth": 9.0, "num_boost_round": 8.0}, "datetime": {"datetime": "2024-01-19 02:35:26", "elapsed": 8619.347958, "delta": 0.007034}}
{"target": -17.677109252876555, "params": {"gamma": 441.82705399359014, "log10_alpha": -3.557556247812472, "log10_colsample_bytree": -0.23786264746680086, "log10_eta": -3.6020169548614853, "log10_lambda": -0.7320186465877736, "log10_min_child_weight": 2.277458650596201, "log10_subsample": -0.6540042533117777, "max_depth": 9.0, "num_boost_round": 9.0}, "datetime": {"datetime": "2024-01-19 02:35:26", "elapsed": 8619.355348, "delta": 0.00739}}
{"target": -17.67710289606313, "params": {"gamma": 441.82705399359014, "log10_alpha": -3.557556247812472, "log10_colsample_bytree": -0.23786264746680086, "log10_eta": -3.6020169548614853, "log10_lambda": -0.7320186465877736, "log10_min_child_weight": 2.277458650596201, "log10_subsample": -0.6540042533117777, "max_depth": 9.0, "num_boost_round": 10.0}, "datetime": {"datetime": "2024-01-19 02:35:26", "elapsed": 8619.362566, "delta": 0.007218}}
{"target": -17.67709731127293, "params": {"gamma": 441.82705399359014, "log10_alpha": -3.557556247812472, "log10_colsample_bytree": -0.23786264746680086, "log10_eta": -3.6020169548614853, "log10_lambda": -0.7320186465877736, "log10_min_child_weight": 2.277458650596201, "log10_subsample": -0.6540042533117777, "max_depth": 9.0, "num_boost_round": 11.0}, "datetime": {"datetime": "2024-01-19 02:35:26", "elapsed": 8619.369809, "delta": 0.007243}}
{"target": -17.677091578965978, "params": {"gamma": 441.82705399359014, "log10_alpha": -3.557556247812472, "log10_colsample_bytree": -0.23786264746680086, "log10_eta": -3.6020169548614853, "log10_lambda": -0.7320186465877736, "log10_min_child_weight": 2.277458650596201, "log10_subsample": -0.6540042533117777, "max_depth": 9.0, "num_boost_round": 12.0}, "datetime": {"datetime": "2024-01-19 02:35:26", "elapsed": 8619.37686, "delta": 0.007051}}
{"target": -17.67707655729763, "params": {"gamma": 441.82705399359014, "log10_alpha": -3.557556247812472, "log10_colsample_bytree": -0.23786264746680086, "log10_eta": -3.6020169548614853, "log10_lambda": -0.7320186465877736, "log10_min_child_weight": 2.277458650596201, "log10_subsample": -0.6540042533117777, "max_depth": 9.0, "num_boost_round": 13.0}, "datetime": {"datetime": "2024-01-19 02:35:26", "elapsed": 8619.383746, "delta": 0.006886}}
{"target": -17.677068577632372, "params": {"gamma": 441.82705399359014, "log10_alpha": -3.557556247812472, "log10_colsample_bytree": -0.23786264746680086, "log10_eta": -3.6020169548614853, "log10_lambda": -0.7320186465877736, "log10_min_child_weight": 2.277458650596201, "log10_subsample": -0.6540042533117777, "max_depth": 9.0, "num_boost_round": 14.0}, "datetime": {"datetime": "2024-01-19 02:35:26", "elapsed": 8619.390657, "delta": 0.006911}}
{"target": -17.677068663329983, "params": {"gamma": 441.82705399359014, "log10_alpha": -3.557556247812472, "log10_colsample_bytree": -0.23786264746680086, "log10_eta": -3.6020169548614853, "log10_lambda": -0.7320186465877736, "log10_min_child_weight": 2.277458650596201, "log10_subsample": -0.6540042533117777, "max_depth": 9.0, "num_boost_round": 15.0}, "datetime": {"datetime": "2024-01-19 02:35:26", "elapsed": 8619.397304, "delta": 0.006647}}
{"target": -17.677061125630807, "params": {"gamma": 441.82705399359014, "log10_alpha": -3.557556247812472, "log10_colsample_bytree": -0.23786264746680086, "log10_eta": -3.6020169548614853, "log10_lambda": -0.7320186465877736, "log10_min_child_weight": 2.277458650596201, "log10_subsample": -0.6540042533117777, "max_depth": 9.0, "num_boost_round": 16.0}, "datetime": {"datetime": "2024-01-19 02:35:26", "elapsed": 8619.404329, "delta": 0.007025}}
{"target": -17.67704369693647, "params": {"gamma": 441.82705399359014, "log10_alpha": -3.557556247812472, "log10_colsample_bytree": -0.23786264746680086, "log10_eta": -3.6020169548614853, "log10_lambda": -0.7320186465877736, "log10_min_child_weight": 2.277458650596201, "log10_subsample": -0.6540042533117777, "max_depth": 9.0, "num_boost_round": 17.0}, "datetime": {"datetime": "2024-01-19 02:35:26", "elapsed": 8619.410977, "delta": 0.006648}}
{"target": -17.677045281319707, "params": {"gamma": 441.82705399359014, "log10_alpha": -3.557556247812472, "log10_colsample_bytree": -0.23786264746680086, "log10_eta": -3.6020169548614853, "log10_lambda": -0.7320186465877736, "log10_min_child_weight": 2.277458650596201, "log10_subsample": -0.6540042533117777, "max_depth": 9.0, "num_boost_round": 18.0}, "datetime": {"datetime": "2024-01-19 02:35:26", "elapsed": 8619.417553, "delta": 0.006576}}
{"target": -17.677025373422904, "params": {"gamma": 441.82705399359014, "log10_alpha": -3.557556247812472, "log10_colsample_bytree": -0.23786264746680086, "log10_eta": -3.6020169548614853, "log10_lambda": -0.7320186465877736, "log10_min_child_weight": 2.277458650596201, "log10_subsample": -0.6540042533117777, "max_depth": 9.0, "num_boost_round": 19.0}, "datetime": {"datetime": "2024-01-19 02:35:26", "elapsed": 8619.424244, "delta": 0.006691}}
{"target": -17.67702112756921, "params": {"gamma": 441.82705399359014, "log10_alpha": -3.557556247812472, "log10_colsample_bytree": -0.23786264746680086, "log10_eta": -3.6020169548614853, "log10_lambda": -0.7320186465877736, "log10_min_child_weight": 2.277458650596201, "log10_subsample": -0.6540042533117777, "max_depth": 9.0, "num_boost_round": 20.0}, "datetime": {"datetime": "2024-01-19 02:35:26", "elapsed": 8619.431396, "delta": 0.007152}}
{"target": -17.67701250009224, "params": {"gamma": 441.82705399359014, "log10_alpha": -3.557556247812472, "log10_colsample_bytree": -0.23786264746680086, "log10_eta": -3.6020169548614853, "log10_lambda": -0.7320186465877736, "log10_min_child_weight": 2.277458650596201, "log10_subsample": -0.6540042533117777, "max_depth": 9.0, "num_boost_round": 21.0}, "datetime": {"datetime": "2024-01-19 02:35:26", "elapsed": 8619.438571, "delta": 0.007175}}
{"target": -17.676985285520185, "params": {"gamma": 441.82705399359014, "log10_alpha": -3.557556247812472, "log10_colsample_bytree": -0.23786264746680086, "log10_eta": -3.6020169548614853, "log10_lambda": -0.7320186465877736, "log10_min_child_weight": 2.277458650596201, "log10_subsample": -0.6540042533117777, "max_depth": 9.0, "num_boost_round": 22.0}, "datetime": {"datetime": "2024-01-19 02:35:26", "elapsed": 8619.445964, "delta": 0.007393}}
{"target": -17.676972444168733, "params": {"gamma": 441.82705399359014, "log10_alpha": -3.557556247812472, "log10_colsample_bytree": -0.23786264746680086, "log10_eta": -3.6020169548614853, "log10_lambda": -0.7320186465877736, "log10_min_child_weight": 2.277458650596201, "log10_subsample": -0.6540042533117777, "max_depth": 9.0, "num_boost_round": 23.0}, "datetime": {"datetime": "2024-01-19 02:35:26", "elapsed": 8619.453248, "delta": 0.007284}}
{"target": -17.676964022941213, "params": {"gamma": 441.82705399359014, "log10_alpha": -3.557556247812472, "log10_colsample_bytree": -0.23786264746680086, "log10_eta": -3.6020169548614853, "log10_lambda": -0.7320186465877736, "log10_min_child_weight": 2.277458650596201, "log10_subsample": -0.6540042533117777, "max_depth": 9.0, "num_boost_round": 24.0}, "datetime": {"datetime": "2024-01-19 02:35:26", "elapsed": 8619.460119, "delta": 0.006871}}
{"target": -17.6769567045726, "params": {"gamma": 441.82705399359014, "log10_alpha": -3.557556247812472, "log10_colsample_bytree": -0.23786264746680086, "log10_eta": -3.6020169548614853, "log10_lambda": -0.7320186465877736, "log10_min_child_weight": 2.277458650596201, "log10_subsample": -0.6540042533117777, "max_depth": 9.0, "num_boost_round": 25.0}, "datetime": {"datetime": "2024-01-19 02:35:26", "elapsed": 8619.466811, "delta": 0.006692}}
{"target": -17.676948711312335, "params": {"gamma": 441.82705399359014, "log10_alpha": -3.557556247812472, "log10_colsample_bytree": -0.23786264746680086, "log10_eta": -3.6020169548614853, "log10_lambda": -0.7320186465877736, "log10_min_child_weight": 2.277458650596201, "log10_subsample": -0.6540042533117777, "max_depth": 9.0, "num_boost_round": 26.0}, "datetime": {"datetime": "2024-01-19 02:35:26", "elapsed": 8619.473395, "delta": 0.006584}}
{"target": -17.67693333123066, "params": {"gamma": 441.82705399359014, "log10_alpha": -3.557556247812472, "log10_colsample_bytree": -0.23786264746680086, "log10_eta": -3.6020169548614853, "log10_lambda": -0.7320186465877736, "log10_min_child_weight": 2.277458650596201, "log10_subsample": -0.6540042533117777, "max_depth": 9.0, "num_boost_round": 27.0}, "datetime": {"datetime": "2024-01-19 02:35:26", "elapsed": 8619.479948, "delta": 0.006553}}
{"target": -17.67693079931176, "params": {"gamma": 441.82705399359014, "log10_alpha": -3.557556247812472, "log10_colsample_bytree": -0.23786264746680086, "log10_eta": -3.6020169548614853, "log10_lambda": -0.7320186465877736, "log10_min_child_weight": 2.277458650596201, "log10_subsample": -0.6540042533117777, "max_depth": 9.0, "num_boost_round": 28.0}, "datetime": {"datetime": "2024-01-19 02:35:26", "elapsed": 8619.486459, "delta": 0.006511}}
{"target": -17.676912728207846, "params": {"gamma": 441.82705399359014, "log10_alpha": -3.557556247812472, "log10_colsample_bytree": -0.23786264746680086, "log10_eta": -3.6020169548614853, "log10_lambda": -0.7320186465877736, "log10_min_child_weight": 2.277458650596201, "log10_subsample": -0.6540042533117777, "max_depth": 9.0, "num_boost_round": 29.0}, "datetime": {"datetime": "2024-01-19 02:35:26", "elapsed": 8619.492907, "delta": 0.006448}}
{"target": -17.676900280179286, "params": {"gamma": 441.82705399359014, "log10_alpha": -3.557556247812472, "log10_colsample_bytree": -0.23786264746680086, "log10_eta": -3.6020169548614853, "log10_lambda": -0.7320186465877736, "log10_min_child_weight": 2.277458650596201, "log10_subsample": -0.6540042533117777, "max_depth": 9.0, "num_boost_round": 30.0}, "datetime": {"datetime": "2024-01-19 02:35:26", "elapsed": 8619.499682, "delta": 0.006775}}
{"target": -17.676890635279022, "params": {"gamma": 441.82705399359014, "log10_alpha": -3.557556247812472, "log10_colsample_bytree": -0.23786264746680086, "log10_eta": -3.6020169548614853, "log10_lambda": -0.7320186465877736, "log10_min_child_weight": 2.277458650596201, "log10_subsample": -0.6540042533117777, "max_depth": 9.0, "num_boost_round": 31.0}, "datetime": {"datetime": "2024-01-19 02:35:26", "elapsed": 8619.506651, "delta": 0.006969}}
{"target": -17.676875102789243, "params": {"gamma": 441.82705399359014, "log10_alpha": -3.557556247812472, "log10_colsample_bytree": -0.23786264746680086, "log10_eta": -3.6020169548614853, "log10_lambda": -0.7320186465877736, "log10_min_child_weight": 2.277458650596201, "log10_subsample": -0.6540042533117777, "max_depth": 9.0, "num_boost_round": 32.0}, "datetime": {"datetime": "2024-01-19 02:35:26", "elapsed": 8619.51382, "delta": 0.007169}}
{"target": -17.67685003067453, "params": {"gamma": 441.82705399359014, "log10_alpha": -3.557556247812472, "log10_colsample_bytree": -0.23786264746680086, "log10_eta": -3.6020169548614853, "log10_lambda": -0.7320186465877736, "log10_min_child_weight": 2.277458650596201, "log10_subsample": -0.6540042533117777, "max_depth": 9.0, "num_boost_round": 33.0}, "datetime": {"datetime": "2024-01-19 02:35:26", "elapsed": 8619.521107, "delta": 0.007287}}
{"target": -17.676844440241858, "params": {"gamma": 441.82705399359014, "log10_alpha": -3.557556247812472, "log10_colsample_bytree": -0.23786264746680086, "log10_eta": -3.6020169548614853, "log10_lambda": -0.7320186465877736, "log10_min_child_weight": 2.277458650596201, "log10_subsample": -0.6540042533117777, "max_depth": 9.0, "num_boost_round": 34.0}, "datetime": {"datetime": "2024-01-19 02:35:26", "elapsed": 8619.528441, "delta": 0.007334}}
{"target": -17.67682562640215, "params": {"gamma": 441.82705399359014, "log10_alpha": -3.557556247812472, "log10_colsample_bytree": -0.23786264746680086, "log10_eta": -3.6020169548614853, "log10_lambda": -0.7320186465877736, "log10_min_child_weight": 2.277458650596201, "log10_subsample": -0.6540042533117777, "max_depth": 9.0, "num_boost_round": 35.0}, "datetime": {"datetime": "2024-01-19 02:35:26", "elapsed": 8619.535631, "delta": 0.00719}}
{"target": -17.676812697904904, "params": {"gamma": 441.82705399359014, "log10_alpha": -3.557556247812472, "log10_colsample_bytree": -0.23786264746680086, "log10_eta": -3.6020169548614853, "log10_lambda": -0.7320186465877736, "log10_min_child_weight": 2.277458650596201, "log10_subsample": -0.6540042533117777, "max_depth": 9.0, "num_boost_round": 36.0}, "datetime": {"datetime": "2024-01-19 02:35:26", "elapsed": 8619.542592, "delta": 0.006961}}
{"target": -17.676789030781354, "params": {"gamma": 441.82705399359014, "log10_alpha": -3.557556247812472, "log10_colsample_bytree": -0.23786264746680086, "log10_eta": -3.6020169548614853, "log10_lambda": -0.7320186465877736, "log10_min_child_weight": 2.277458650596201, "log10_subsample": -0.6540042533117777, "max_depth": 9.0, "num_boost_round": 37.0}, "datetime": {"datetime": "2024-01-19 02:35:26", "elapsed": 8619.549617, "delta": 0.007025}}
{"target": -17.67676849561784, "params": {"gamma": 441.82705399359014, "log10_alpha": -3.557556247812472, "log10_colsample_bytree": -0.23786264746680086, "log10_eta": -3.6020169548614853, "log10_lambda": -0.7320186465877736, "log10_min_child_weight": 2.277458650596201, "log10_subsample": -0.6540042533117777, "max_depth": 9.0, "num_boost_round": 38.0}, "datetime": {"datetime": "2024-01-19 02:35:26", "elapsed": 8619.557412, "delta": 0.007795}}
{"target": -17.67674403538368, "params": {"gamma": 441.82705399359014, "log10_alpha": -3.557556247812472, "log10_colsample_bytree": -0.23786264746680086, "log10_eta": -3.6020169548614853, "log10_lambda": -0.7320186465877736, "log10_min_child_weight": 2.277458650596201, "log10_subsample": -0.6540042533117777, "max_depth": 9.0, "num_boost_round": 39.0}, "datetime": {"datetime": "2024-01-19 02:35:26", "elapsed": 8619.564397, "delta": 0.006985}}
{"target": -17.676722268857496, "params": {"gamma": 441.82705399359014, "log10_alpha": -3.557556247812472, "log10_colsample_bytree": -0.23786264746680086, "log10_eta": -3.6020169548614853, "log10_lambda": -0.7320186465877736, "log10_min_child_weight": 2.277458650596201, "log10_subsample": -0.6540042533117777, "max_depth": 9.0, "num_boost_round": 40.0}, "datetime": {"datetime": "2024-01-19 02:35:26", "elapsed": 8619.571215, "delta": 0.006818}}
{"target": -17.67671103931108, "params": {"gamma": 441.82705399359014, "log10_alpha": -3.557556247812472, "log10_colsample_bytree": -0.23786264746680086, "log10_eta": -3.6020169548614853, "log10_lambda": -0.7320186465877736, "log10_min_child_weight": 2.277458650596201, "log10_subsample": -0.6540042533117777, "max_depth": 9.0, "num_boost_round": 41.0}, "datetime": {"datetime": "2024-01-19 02:35:26", "elapsed": 8619.578055, "delta": 0.00684}}
{"target": -17.676691279903473, "params": {"gamma": 441.82705399359014, "log10_alpha": -3.557556247812472, "log10_colsample_bytree": -0.23786264746680086, "log10_eta": -3.6020169548614853, "log10_lambda": -0.7320186465877736, "log10_min_child_weight": 2.277458650596201, "log10_subsample": -0.6540042533117777, "max_depth": 9.0, "num_boost_round": 42.0}, "datetime": {"datetime": "2024-01-19 02:35:26", "elapsed": 8619.584884, "delta": 0.006829}}
{"target": -17.676668563554, "params": {"gamma": 441.82705399359014, "log10_alpha": -3.557556247812472, "log10_colsample_bytree": -0.23786264746680086, "log10_eta": -3.6020169548614853, "log10_lambda": -0.7320186465877736, "log10_min_child_weight": 2.277458650596201, "log10_subsample": -0.6540042533117777, "max_depth": 9.0, "num_boost_round": 43.0}, "datetime": {"datetime": "2024-01-19 02:35:26", "elapsed": 8619.592044, "delta": 0.00716}}
{"target": -17.67665222375642, "params": {"gamma": 441.82705399359014, "log10_alpha": -3.557556247812472, "log10_colsample_bytree": -0.23786264746680086, "log10_eta": -3.6020169548614853, "log10_lambda": -0.7320186465877736, "log10_min_child_weight": 2.277458650596201, "log10_subsample": -0.6540042533117777, "max_depth": 9.0, "num_boost_round": 44.0}, "datetime": {"datetime": "2024-01-19 02:35:26", "elapsed": 8619.599346, "delta": 0.007302}}
{"target": -17.676654508467717, "params": {"gamma": 441.82705399359014, "log10_alpha": -3.557556247812472, "log10_colsample_bytree": -0.23786264746680086, "log10_eta": -3.6020169548614853, "log10_lambda": -0.7320186465877736, "log10_min_child_weight": 2.277458650596201, "log10_subsample": -0.6540042533117777, "max_depth": 9.0, "num_boost_round": 45.0}, "datetime": {"datetime": "2024-01-19 02:35:26", "elapsed": 8619.606719, "delta": 0.007373}}
{"target": -17.676629616468322, "params": {"gamma": 441.82705399359014, "log10_alpha": -3.557556247812472, "log10_colsample_bytree": -0.23786264746680086, "log10_eta": -3.6020169548614853, "log10_lambda": -0.7320186465877736, "log10_min_child_weight": 2.277458650596201, "log10_subsample": -0.6540042533117777, "max_depth": 9.0, "num_boost_round": 46.0}, "datetime": {"datetime": "2024-01-19 02:35:26", "elapsed": 8619.614021, "delta": 0.007302}}
{"target": -17.676603081508716, "params": {"gamma": 441.82705399359014, "log10_alpha": -3.557556247812472, "log10_colsample_bytree": -0.23786264746680086, "log10_eta": -3.6020169548614853, "log10_lambda": -0.7320186465877736, "log10_min_child_weight": 2.277458650596201, "log10_subsample": -0.6540042533117777, "max_depth": 9.0, "num_boost_round": 47.0}, "datetime": {"datetime": "2024-01-19 02:35:26", "elapsed": 8619.620989, "delta": 0.006968}}
{"target": -17.67659157424266, "params": {"gamma": 441.82705399359014, "log10_alpha": -3.557556247812472, "log10_colsample_bytree": -0.23786264746680086, "log10_eta": -3.6020169548614853, "log10_lambda": -0.7320186465877736, "log10_min_child_weight": 2.277458650596201, "log10_subsample": -0.6540042533117777, "max_depth": 9.0, "num_boost_round": 48.0}, "datetime": {"datetime": "2024-01-19 02:35:26", "elapsed": 8619.627928, "delta": 0.006939}}
{"target": -17.676578199900117, "params": {"gamma": 441.82705399359014, "log10_alpha": -3.557556247812472, "log10_colsample_bytree": -0.23786264746680086, "log10_eta": -3.6020169548614853, "log10_lambda": -0.7320186465877736, "log10_min_child_weight": 2.277458650596201, "log10_subsample": -0.6540042533117777, "max_depth": 9.0, "num_boost_round": 49.0}, "datetime": {"datetime": "2024-01-19 02:35:26", "elapsed": 8619.635752, "delta": 0.007824}}
{"target": -17.676554984480035, "params": {"gamma": 441.82705399359014, "log10_alpha": -3.557556247812472, "log10_colsample_bytree": -0.23786264746680086, "log10_eta": -3.6020169548614853, "log10_lambda": -0.7320186465877736, "log10_min_child_weight": 2.277458650596201, "log10_subsample": -0.6540042533117777, "max_depth": 9.0, "num_boost_round": 50.0}, "datetime": {"datetime": "2024-01-19 02:35:26", "elapsed": 8619.642719, "delta": 0.006967}}
{"target": -17.676539361688803, "params": {"gamma": 441.82705399359014, "log10_alpha": -3.557556247812472, "log10_colsample_bytree": -0.23786264746680086, "log10_eta": -3.6020169548614853, "log10_lambda": -0.7320186465877736, "log10_min_child_weight": 2.277458650596201, "log10_subsample": -0.6540042533117777, "max_depth": 9.0, "num_boost_round": 51.0}, "datetime": {"datetime": "2024-01-19 02:35:26", "elapsed": 8619.649499, "delta": 0.00678}}
{"target": -17.676520611267314, "params": {"gamma": 441.82705399359014, "log10_alpha": -3.557556247812472, "log10_colsample_bytree": -0.23786264746680086, "log10_eta": -3.6020169548614853, "log10_lambda": -0.7320186465877736, "log10_min_child_weight": 2.277458650596201, "log10_subsample": -0.6540042533117777, "max_depth": 9.0, "num_boost_round": 52.0}, "datetime": {"datetime": "2024-01-19 02:35:27", "elapsed": 8619.656197, "delta": 0.006698}}
{"target": -17.676518354225408, "params": {"gamma": 441.82705399359014, "log10_alpha": -3.557556247812472, "log10_colsample_bytree": -0.23786264746680086, "log10_eta": -3.6020169548614853, "log10_lambda": -0.7320186465877736, "log10_min_child_weight": 2.277458650596201, "log10_subsample": -0.6540042533117777, "max_depth": 9.0, "num_boost_round": 53.0}, "datetime": {"datetime": "2024-01-19 02:35:27", "elapsed": 8619.662953, "delta": 0.006756}}
{"target": -17.67651240105627, "params": {"gamma": 441.82705399359014, "log10_alpha": -3.557556247812472, "log10_colsample_bytree": -0.23786264746680086, "log10_eta": -3.6020169548614853, "log10_lambda": -0.7320186465877736, "log10_min_child_weight": 2.277458650596201, "log10_subsample": -0.6540042533117777, "max_depth": 9.0, "num_boost_round": 54.0}, "datetime": {"datetime": "2024-01-19 02:35:27", "elapsed": 8619.670046, "delta": 0.007093}}
