{"target": -13.758527354568043, "params": {"gamma": 24.593694938285005, "log10_alpha": -4.359672860449173, "log10_colsample_bytree": -0.8517640319232809, "log10_eta": -3.277367151845325, "log10_lambda": -2.5141764823846575, "log10_min_child_weight": 1.8232233865694192, "log10_subsample": -0.13475186544393458, "max_depth": 2.0, "num_boost_round": 0.0}, "datetime": {"datetime": "2024-01-19 00:31:52", "elapsed": 1220.335197, "delta": 20.454674}}
{"target": -13.758521538620542, "params": {"gamma": 24.593694938285005, "log10_alpha": -4.359672860449173, "log10_colsample_bytree": -0.8517640319232809, "log10_eta": -3.277367151845325, "log10_lambda": -2.5141764823846575, "log10_min_child_weight": 1.8232233865694192, "log10_subsample": -0.13475186544393458, "max_depth": 2.0, "num_boost_round": 1.0}, "datetime": {"datetime": "2024-01-19 00:31:52", "elapsed": 1220.336953, "delta": 0.001756}}
{"target": -13.75852083551013, "params": {"gamma": 24.593694938285005, "log10_alpha": -4.359672860449173, "log10_colsample_bytree": -0.8517640319232809, "log10_eta": -3.277367151845325, "log10_lambda": -2.5141764823846575, "log10_min_child_weight": 1.8232233865694192, "log10_subsample": -0.13475186544393458, "max_depth": 2.0, "num_boost_round": 2.0}, "datetime": {"datetime": "2024-01-19 00:31:52", "elapsed": 1220.338887, "delta": 0.001934}}
{"target": -13.758525070885458, "params": {"gamma": 24.593694938285005, "log10_alpha": -4.359672860449173, "log10_colsample_bytree": -0.8517640319232809, "log10_eta": -3.277367151845325, "log10_lambda": -2.5141764823846575, "log10_min_child_weight": 1.8232233865694192, "log10_subsample": -0.13475186544393458, "max_depth": 2.0, "num_boost_round": 3.0}, "datetime": {"datetime": "2024-01-19 00:31:52", "elapsed": 1220.340714, "delta": 0.001827}}
{"target": -13.75851996238805, "params": {"gamma": 24.593694938285005, "log10_alpha": -4.359672860449173, "log10_colsample_bytree": -0.8517640319232809, "log10_eta": -3.277367151845325, "log10_lambda": -2.5141764823846575, "log10_min_child_weight": 1.8232233865694192, "log10_subsample": -0.13475186544393458, "max_depth": 2.0, "num_boost_round": 4.0}, "datetime": {"datetime": "2024-01-19 00:31:52", "elapsed": 1220.342172, "delta": 0.001458}}
{"target": -13.75851512337388, "params": {"gamma": 24.593694938285005, "log10_alpha": -4.359672860449173, "log10_colsample_bytree": -0.8517640319232809, "log10_eta": -3.277367151845325, "log10_lambda": -2.5141764823846575, "log10_min_child_weight": 1.8232233865694192, "log10_subsample": -0.13475186544393458, "max_depth": 2.0, "num_boost_round": 5.0}, "datetime": {"datetime": "2024-01-19 00:31:52", "elapsed": 1220.343651, "delta": 0.001479}}
{"target": -13.758514521974554, "params": {"gamma": 24.593694938285005, "log10_alpha": -4.359672860449173, "log10_colsample_bytree": -0.8517640319232809, "log10_eta": -3.277367151845325, "log10_lambda": -2.5141764823846575, "log10_min_child_weight": 1.8232233865694192, "log10_subsample": -0.13475186544393458, "max_depth": 2.0, "num_boost_round": 6.0}, "datetime": {"datetime": "2024-01-19 00:31:52", "elapsed": 1220.345121, "delta": 0.00147}}
{"target": -13.758508673593957, "params": {"gamma": 24.593694938285005, "log10_alpha": -4.359672860449173, "log10_colsample_bytree": -0.8517640319232809, "log10_eta": -3.277367151845325, "log10_lambda": -2.5141764823846575, "log10_min_child_weight": 1.8232233865694192, "log10_subsample": -0.13475186544393458, "max_depth": 2.0, "num_boost_round": 7.0}, "datetime": {"datetime": "2024-01-19 00:31:52", "elapsed": 1220.346572, "delta": 0.001451}}
{"target": -13.758513308558857, "params": {"gamma": 24.593694938285005, "log10_alpha": -4.359672860449173, "log10_colsample_bytree": -0.8517640319232809, "log10_eta": -3.277367151845325, "log10_lambda": -2.5141764823846575, "log10_min_child_weight": 1.8232233865694192, "log10_subsample": -0.13475186544393458, "max_depth": 2.0, "num_boost_round": 8.0}, "datetime": {"datetime": "2024-01-19 00:31:52", "elapsed": 1220.348022, "delta": 0.00145}}
{"target": -13.758511050886378, "params": {"gamma": 24.593694938285005, "log10_alpha": -4.359672860449173, "log10_colsample_bytree": -0.8517640319232809, "log10_eta": -3.277367151845325, "log10_lambda": -2.5141764823846575, "log10_min_child_weight": 1.8232233865694192, "log10_subsample": -0.13475186544393458, "max_depth": 2.0, "num_boost_round": 9.0}, "datetime": {"datetime": "2024-01-19 00:31:52", "elapsed": 1220.349605, "delta": 0.001583}}
{"target": -13.7585073927611, "params": {"gamma": 24.593694938285005, "log10_alpha": -4.359672860449173, "log10_colsample_bytree": -0.8517640319232809, "log10_eta": -3.277367151845325, "log10_lambda": -2.5141764823846575, "log10_min_child_weight": 1.8232233865694192, "log10_subsample": -0.13475186544393458, "max_depth": 2.0, "num_boost_round": 10.0}, "datetime": {"datetime": "2024-01-19 00:31:52", "elapsed": 1220.351054, "delta": 0.001449}}
{"target": -13.758501530230815, "params": {"gamma": 24.593694938285005, "log10_alpha": -4.359672860449173, "log10_colsample_bytree": -0.8517640319232809, "log10_eta": -3.277367151845325, "log10_lambda": -2.5141764823846575, "log10_min_child_weight": 1.8232233865694192, "log10_subsample": -0.13475186544393458, "max_depth": 2.0, "num_boost_round": 11.0}, "datetime": {"datetime": "2024-01-19 00:31:52", "elapsed": 1220.352503, "delta": 0.001449}}
{"target": -13.758532497493583, "params": {"gamma": 30.014436585393046, "log10_alpha": -2.080808049142231, "log10_colsample_bytree": -0.6899866843036213, "log10_eta": -2.7770192308645463, "log10_lambda": -2.544347617242157, "log10_min_child_weight": 4.346665410798378, "log10_subsample": -0.7491157531763715, "max_depth": 3.0, "num_boost_round": 0.0}, "datetime": {"datetime": "2024-01-19 00:32:12", "elapsed": 1240.766124, "delta": 20.413621}}
{"target": -13.758524476778817, "params": {"gamma": 30.014436585393046, "log10_alpha": -2.080808049142231, "log10_colsample_bytree": -0.6899866843036213, "log10_eta": -2.7770192308645463, "log10_lambda": -2.544347617242157, "log10_min_child_weight": 4.346665410798378, "log10_subsample": -0.7491157531763715, "max_depth": 3.0, "num_boost_round": 1.0}, "datetime": {"datetime": "2024-01-19 00:32:12", "elapsed": 1240.768308, "delta": 0.002184}}
{"target": -13.758522467036506, "params": {"gamma": 30.014436585393046, "log10_alpha": -2.080808049142231, "log10_colsample_bytree": -0.6899866843036213, "log10_eta": -2.7770192308645463, "log10_lambda": -2.544347617242157, "log10_min_child_weight": 4.346665410798378, "log10_subsample": -0.7491157531763715, "max_depth": 3.0, "num_boost_round": 2.0}, "datetime": {"datetime": "2024-01-19 00:32:12", "elapsed": 1240.77002, "delta": 0.001712}}
{"target": -13.758516231236884, "params": {"gamma": 30.014436585393046, "log10_alpha": -2.080808049142231, "log10_colsample_bytree": -0.6899866843036213, "log10_eta": -2.7770192308645463, "log10_lambda": -2.544347617242157, "log10_min_child_weight": 4.346665410798378, "log10_subsample": -0.7491157531763715, "max_depth": 3.0, "num_boost_round": 3.0}, "datetime": {"datetime": "2024-01-19 00:32:12", "elapsed": 1240.771489, "delta": 0.001469}}
{"target": -13.758520045610343, "params": {"gamma": 30.014436585393046, "log10_alpha": -2.080808049142231, "log10_colsample_bytree": -0.6899866843036213, "log10_eta": -2.7770192308645463, "log10_lambda": -2.544347617242157, "log10_min_child_weight": 4.346665410798378, "log10_subsample": -0.7491157531763715, "max_depth": 3.0, "num_boost_round": 4.0}, "datetime": {"datetime": "2024-01-19 00:32:12", "elapsed": 1240.772928, "delta": 0.001439}}
{"target": -13.758515525883793, "params": {"gamma": 30.014436585393046, "log10_alpha": -2.080808049142231, "log10_colsample_bytree": -0.6899866843036213, "log10_eta": -2.7770192308645463, "log10_lambda": -2.544347617242157, "log10_min_child_weight": 4.346665410798378, "log10_subsample": -0.7491157531763715, "max_depth": 3.0, "num_boost_round": 5.0}, "datetime": {"datetime": "2024-01-19 00:32:12", "elapsed": 1240.774378, "delta": 0.00145}}
{"target": -13.758528780098555, "params": {"gamma": 30.014436585393046, "log10_alpha": -2.080808049142231, "log10_colsample_bytree": -0.6899866843036213, "log10_eta": -2.7770192308645463, "log10_lambda": -2.544347617242157, "log10_min_child_weight": 4.346665410798378, "log10_subsample": -0.7491157531763715, "max_depth": 3.0, "num_boost_round": 6.0}, "datetime": {"datetime": "2024-01-19 00:32:12", "elapsed": 1240.775939, "delta": 0.001561}}
{"target": -13.758525282340823, "params": {"gamma": 30.014436585393046, "log10_alpha": -2.080808049142231, "log10_colsample_bytree": -0.6899866843036213, "log10_eta": -2.7770192308645463, "log10_lambda": -2.544347617242157, "log10_min_child_weight": 4.346665410798378, "log10_subsample": -0.7491157531763715, "max_depth": 3.0, "num_boost_round": 7.0}, "datetime": {"datetime": "2024-01-19 00:32:12", "elapsed": 1240.777429, "delta": 0.00149}}
{"target": -13.75852394070523, "params": {"gamma": 30.014436585393046, "log10_alpha": -2.080808049142231, "log10_colsample_bytree": -0.6899866843036213, "log10_eta": -2.7770192308645463, "log10_lambda": -2.544347617242157, "log10_min_child_weight": 4.346665410798378, "log10_subsample": -0.7491157531763715, "max_depth": 3.0, "num_boost_round": 8.0}, "datetime": {"datetime": "2024-01-19 00:32:12", "elapsed": 1240.779453, "delta": 0.002024}}
{"target": -13.758524848259984, "params": {"gamma": 30.014436585393046, "log10_alpha": -2.080808049142231, "log10_colsample_bytree": -0.6899866843036213, "log10_eta": -2.7770192308645463, "log10_lambda": -2.544347617242157, "log10_min_child_weight": 4.346665410798378, "log10_subsample": -0.7491157531763715, "max_depth": 3.0, "num_boost_round": 9.0}, "datetime": {"datetime": "2024-01-19 00:32:12", "elapsed": 1240.780959, "delta": 0.001506}}
{"target": -13.758525587791016, "params": {"gamma": 30.014436585393046, "log10_alpha": -2.080808049142231, "log10_colsample_bytree": -0.6899866843036213, "log10_eta": -2.7770192308645463, "log10_lambda": -2.544347617242157, "log10_min_child_weight": 4.346665410798378, "log10_subsample": -0.7491157531763715, "max_depth": 3.0, "num_boost_round": 10.0}, "datetime": {"datetime": "2024-01-19 00:32:12", "elapsed": 1240.782978, "delta": 0.002019}}
{"target": -13.758522500441266, "params": {"gamma": 30.014436585393046, "log10_alpha": -2.080808049142231, "log10_colsample_bytree": -0.6899866843036213, "log10_eta": -2.7770192308645463, "log10_lambda": -2.544347617242157, "log10_min_child_weight": 4.346665410798378, "log10_subsample": -0.7491157531763715, "max_depth": 3.0, "num_boost_round": 11.0}, "datetime": {"datetime": "2024-01-19 00:32:12", "elapsed": 1240.784431, "delta": 0.001453}}
{"target": -13.758528191311386, "params": {"gamma": 30.014436585393046, "log10_alpha": -2.080808049142231, "log10_colsample_bytree": -0.6899866843036213, "log10_eta": -2.7770192308645463, "log10_lambda": -2.544347617242157, "log10_min_child_weight": 4.346665410798378, "log10_subsample": -0.7491157531763715, "max_depth": 3.0, "num_boost_round": 12.0}, "datetime": {"datetime": "2024-01-19 00:32:12", "elapsed": 1240.785872, "delta": 0.001441}}
{"target": -13.75852895606134, "params": {"gamma": 30.014436585393046, "log10_alpha": -2.080808049142231, "log10_colsample_bytree": -0.6899866843036213, "log10_eta": -2.7770192308645463, "log10_lambda": -2.544347617242157, "log10_min_child_weight": 4.346665410798378, "log10_subsample": -0.7491157531763715, "max_depth": 3.0, "num_boost_round": 13.0}, "datetime": {"datetime": "2024-01-19 00:32:12", "elapsed": 1240.787341, "delta": 0.001469}}
{"target": -13.758264264929114, "params": {"gamma": 36.57417027100851, "log10_alpha": -4.772932268732809, "log10_colsample_bytree": -0.7744956750689965, "log10_eta": -2.0183935865417935, "log10_lambda": -2.2055130646639127, "log10_min_child_weight": 1.693433395468786, "log10_subsample": -0.8137297584399996, "max_depth": 4.0, "num_boost_round": 0.0}, "datetime": {"datetime": "2024-01-19 00:32:34", "elapsed": 1262.241062, "delta": 21.453721}}
{"target": -13.758051801304969, "params": {"gamma": 36.57417027100851, "log10_alpha": -4.772932268732809, "log10_colsample_bytree": -0.7744956750689965, "log10_eta": -2.0183935865417935, "log10_lambda": -2.2055130646639127, "log10_min_child_weight": 1.693433395468786, "log10_subsample": -0.8137297584399996, "max_depth": 4.0, "num_boost_round": 1.0}, "datetime": {"datetime": "2024-01-19 00:32:34", "elapsed": 1262.243195, "delta": 0.002133}}
{"target": -13.757485880353668, "params": {"gamma": 36.57417027100851, "log10_alpha": -4.772932268732809, "log10_colsample_bytree": -0.7744956750689965, "log10_eta": -2.0183935865417935, "log10_lambda": -2.2055130646639127, "log10_min_child_weight": 1.693433395468786, "log10_subsample": -0.8137297584399996, "max_depth": 4.0, "num_boost_round": 2.0}, "datetime": {"datetime": "2024-01-19 00:32:34", "elapsed": 1262.244736, "delta": 0.001541}}
{"target": -13.757265018849942, "params": {"gamma": 36.57417027100851, "log10_alpha": -4.772932268732809, "log10_colsample_bytree": -0.7744956750689965, "log10_eta": -2.0183935865417935, "log10_lambda": -2.2055130646639127, "log10_min_child_weight": 1.693433395468786, "log10_subsample": -0.8137297584399996, "max_depth": 4.0, "num_boost_round": 3.0}, "datetime": {"datetime": "2024-01-19 00:32:34", "elapsed": 1262.246604, "delta": 0.001868}}
{"target": -13.7571752903654, "params": {"gamma": 36.57417027100851, "log10_alpha": -4.772932268732809, "log10_colsample_bytree": -0.7744956750689965, "log10_eta": -2.0183935865417935, "log10_lambda": -2.2055130646639127, "log10_min_child_weight": 1.693433395468786, "log10_subsample": -0.8137297584399996, "max_depth": 4.0, "num_boost_round": 4.0}, "datetime": {"datetime": "2024-01-19 00:32:34", "elapsed": 1262.2481, "delta": 0.001496}}
{"target": -13.757064861997556, "params": {"gamma": 36.57417027100851, "log10_alpha": -4.772932268732809, "log10_colsample_bytree": -0.7744956750689965, "log10_eta": -2.0183935865417935, "log10_lambda": -2.2055130646639127, "log10_min_child_weight": 1.693433395468786, "log10_subsample": -0.8137297584399996, "max_depth": 4.0, "num_boost_round": 5.0}, "datetime": {"datetime": "2024-01-19 00:32:34", "elapsed": 1262.249751, "delta": 0.001651}}
{"target": -13.757068223613162, "params": {"gamma": 36.57417027100851, "log10_alpha": -4.772932268732809, "log10_colsample_bytree": -0.7744956750689965, "log10_eta": -2.0183935865417935, "log10_lambda": -2.2055130646639127, "log10_min_child_weight": 1.693433395468786, "log10_subsample": -0.8137297584399996, "max_depth": 4.0, "num_boost_round": 6.0}, "datetime": {"datetime": "2024-01-19 00:32:34", "elapsed": 1262.251249, "delta": 0.001498}}
{"target": -13.75677535360108, "params": {"gamma": 36.57417027100851, "log10_alpha": -4.772932268732809, "log10_colsample_bytree": -0.7744956750689965, "log10_eta": -2.0183935865417935, "log10_lambda": -2.2055130646639127, "log10_min_child_weight": 1.693433395468786, "log10_subsample": -0.8137297584399996, "max_depth": 4.0, "num_boost_round": 7.0}, "datetime": {"datetime": "2024-01-19 00:32:34", "elapsed": 1262.252742, "delta": 0.001493}}
{"target": -13.756814117233917, "params": {"gamma": 36.57417027100851, "log10_alpha": -4.772932268732809, "log10_colsample_bytree": -0.7744956750689965, "log10_eta": -2.0183935865417935, "log10_lambda": -2.2055130646639127, "log10_min_child_weight": 1.693433395468786, "log10_subsample": -0.8137297584399996, "max_depth": 4.0, "num_boost_round": 8.0}, "datetime": {"datetime": "2024-01-19 00:32:34", "elapsed": 1262.254229, "delta": 0.001487}}
{"target": -13.756716016212641, "params": {"gamma": 36.57417027100851, "log10_alpha": -4.772932268732809, "log10_colsample_bytree": -0.7744956750689965, "log10_eta": -2.0183935865417935, "log10_lambda": -2.2055130646639127, "log10_min_child_weight": 1.693433395468786, "log10_subsample": -0.8137297584399996, "max_depth": 4.0, "num_boost_round": 9.0}, "datetime": {"datetime": "2024-01-19 00:32:34", "elapsed": 1262.256473, "delta": 0.002244}}
{"target": -13.75651222252411, "params": {"gamma": 36.57417027100851, "log10_alpha": -4.772932268732809, "log10_colsample_bytree": -0.7744956750689965, "log10_eta": -2.0183935865417935, "log10_lambda": -2.2055130646639127, "log10_min_child_weight": 1.693433395468786, "log10_subsample": -0.8137297584399996, "max_depth": 4.0, "num_boost_round": 10.0}, "datetime": {"datetime": "2024-01-19 00:32:34", "elapsed": 1262.34734, "delta": 0.090867}}
{"target": -13.756246216326085, "params": {"gamma": 36.57417027100851, "log10_alpha": -4.772932268732809, "log10_colsample_bytree": -0.7744956750689965, "log10_eta": -2.0183935865417935, "log10_lambda": -2.2055130646639127, "log10_min_child_weight": 1.693433395468786, "log10_subsample": -0.8137297584399996, "max_depth": 4.0, "num_boost_round": 11.0}, "datetime": {"datetime": "2024-01-19 00:32:34", "elapsed": 1262.349278, "delta": 0.001938}}
{"target": -13.756190805777843, "params": {"gamma": 36.57417027100851, "log10_alpha": -4.772932268732809, "log10_colsample_bytree": -0.7744956750689965, "log10_eta": -2.0183935865417935, "log10_lambda": -2.2055130646639127, "log10_min_child_weight": 1.693433395468786, "log10_subsample": -0.8137297584399996, "max_depth": 4.0, "num_boost_round": 12.0}, "datetime": {"datetime": "2024-01-19 00:32:34", "elapsed": 1262.350961, "delta": 0.001683}}
{"target": -13.755890189538471, "params": {"gamma": 36.57417027100851, "log10_alpha": -4.772932268732809, "log10_colsample_bytree": -0.7744956750689965, "log10_eta": -2.0183935865417935, "log10_lambda": -2.2055130646639127, "log10_min_child_weight": 1.693433395468786, "log10_subsample": -0.8137297584399996, "max_depth": 4.0, "num_boost_round": 13.0}, "datetime": {"datetime": "2024-01-19 00:32:34", "elapsed": 1262.352586, "delta": 0.001625}}
{"target": -13.755860888334634, "params": {"gamma": 36.57417027100851, "log10_alpha": -4.772932268732809, "log10_colsample_bytree": -0.7744956750689965, "log10_eta": -2.0183935865417935, "log10_lambda": -2.2055130646639127, "log10_min_child_weight": 1.693433395468786, "log10_subsample": -0.8137297584399996, "max_depth": 4.0, "num_boost_round": 14.0}, "datetime": {"datetime": "2024-01-19 00:32:34", "elapsed": 1262.354285, "delta": 0.001699}}
{"target": -13.755748159184112, "params": {"gamma": 36.57417027100851, "log10_alpha": -4.772932268732809, "log10_colsample_bytree": -0.7744956750689965, "log10_eta": -2.0183935865417935, "log10_lambda": -2.2055130646639127, "log10_min_child_weight": 1.693433395468786, "log10_subsample": -0.8137297584399996, "max_depth": 4.0, "num_boost_round": 15.0}, "datetime": {"datetime": "2024-01-19 00:32:34", "elapsed": 1262.356018, "delta": 0.001733}}
{"target": -13.75817427910131, "params": {"gamma": 35.44738436928074, "log10_alpha": -3.638458693847646, "log10_colsample_bytree": -0.5111424604415942, "log10_eta": -1.5089749578592788, "log10_lambda": -4.873029996121204, "log10_min_child_weight": 4.081769779386782, "log10_subsample": -0.2162381177978847, "max_depth": 7.0, "num_boost_round": 0.0}, "datetime": {"datetime": "2024-01-19 00:32:56", "elapsed": 1284.531234, "delta": 22.175216}}
{"target": -13.757867434933047, "params": {"gamma": 35.44738436928074, "log10_alpha": -3.638458693847646, "log10_colsample_bytree": -0.5111424604415942, "log10_eta": -1.5089749578592788, "log10_lambda": -4.873029996121204, "log10_min_child_weight": 4.081769779386782, "log10_subsample": -0.2162381177978847, "max_depth": 7.0, "num_boost_round": 1.0}, "datetime": {"datetime": "2024-01-19 00:32:56", "elapsed": 1284.533516, "delta": 0.002282}}
{"target": -13.758410135725548, "params": {"gamma": 35.44738436928074, "log10_alpha": -3.638458693847646, "log10_colsample_bytree": -0.5111424604415942, "log10_eta": -1.5089749578592788, "log10_lambda": -4.873029996121204, "log10_min_child_weight": 4.081769779386782, "log10_subsample": -0.2162381177978847, "max_depth": 7.0, "num_boost_round": 2.0}, "datetime": {"datetime": "2024-01-19 00:32:56", "elapsed": 1284.535444, "delta": 0.001928}}
{"target": -13.75818185779606, "params": {"gamma": 35.44738436928074, "log10_alpha": -3.638458693847646, "log10_colsample_bytree": -0.5111424604415942, "log10_eta": -1.5089749578592788, "log10_lambda": -4.873029996121204, "log10_min_child_weight": 4.081769779386782, "log10_subsample": -0.2162381177978847, "max_depth": 7.0, "num_boost_round": 3.0}, "datetime": {"datetime": "2024-01-19 00:32:56", "elapsed": 1284.537053, "delta": 0.001609}}
{"target": -13.757820641355899, "params": {"gamma": 35.44738436928074, "log10_alpha": -3.638458693847646, "log10_colsample_bytree": -0.5111424604415942, "log10_eta": -1.5089749578592788, "log10_lambda": -4.873029996121204, "log10_min_child_weight": 4.081769779386782, "log10_subsample": -0.2162381177978847, "max_depth": 7.0, "num_boost_round": 4.0}, "datetime": {"datetime": "2024-01-19 00:32:56", "elapsed": 1284.538629, "delta": 0.001576}}
{"target": -13.757846811820423, "params": {"gamma": 35.44738436928074, "log10_alpha": -3.638458693847646, "log10_colsample_bytree": -0.5111424604415942, "log10_eta": -1.5089749578592788, "log10_lambda": -4.873029996121204, "log10_min_child_weight": 4.081769779386782, "log10_subsample": -0.2162381177978847, "max_depth": 7.0, "num_boost_round": 5.0}, "datetime": {"datetime": "2024-01-19 00:32:56", "elapsed": 1284.540159, "delta": 0.00153}}
{"target": -13.75840766476386, "params": {"gamma": 35.44738436928074, "log10_alpha": -3.638458693847646, "log10_colsample_bytree": -0.5111424604415942, "log10_eta": -1.5089749578592788, "log10_lambda": -4.873029996121204, "log10_min_child_weight": 4.081769779386782, "log10_subsample": -0.2162381177978847, "max_depth": 7.0, "num_boost_round": 6.0}, "datetime": {"datetime": "2024-01-19 00:32:56", "elapsed": 1284.541705, "delta": 0.001546}}
