{"target": -13.75853453643449, "params": {"gamma": 486.7790652874801, "log10_alpha": 1.0, "log10_colsample_bytree": 0.0, "log10_eta": -4.0, "log10_lambda": -5.0, "log10_min_child_weight": 5.0, "log10_subsample": 0.0, "max_depth": 2.0, "num_boost_round": 13.0}, "datetime": {"datetime": "2024-01-19 00:45:41", "elapsed": 2045.732194, "delta": 0.003189}}
{"target": -13.758534260984188, "params": {"gamma": 486.7790652874801, "log10_alpha": 1.0, "log10_colsample_bytree": 0.0, "log10_eta": -4.0, "log10_lambda": -5.0, "log10_min_child_weight": 5.0, "log10_subsample": 0.0, "max_depth": 2.0, "num_boost_round": 14.0}, "datetime": {"datetime": "2024-01-19 00:45:41", "elapsed": 2045.735311, "delta": 0.003117}}
{"target": -13.758533970716798, "params": {"gamma": 486.7790652874801, "log10_alpha": 1.0, "log10_colsample_bytree": 0.0, "log10_eta": -4.0, "log10_lambda": -5.0, "log10_min_child_weight": 5.0, "log10_subsample": 0.0, "max_depth": 2.0, "num_boost_round": 15.0}, "datetime": {"datetime": "2024-01-19 00:45:41", "elapsed": 2045.738454, "delta": 0.003143}}
{"target": -13.758533701080973, "params": {"gamma": 486.7790652874801, "log10_alpha": 1.0, "log10_colsample_bytree": 0.0, "log10_eta": -4.0, "log10_lambda": -5.0, "log10_min_child_weight": 5.0, "log10_subsample": 0.0, "max_depth": 2.0, "num_boost_round": 16.0}, "datetime": {"datetime": "2024-01-19 00:45:41", "elapsed": 2045.741612, "delta": 0.003158}}
{"target": -13.758533442997962, "params": {"gamma": 486.7790652874801, "log10_alpha": 1.0, "log10_colsample_bytree": 0.0, "log10_eta": -4.0, "log10_lambda": -5.0, "log10_min_child_weight": 5.0, "log10_subsample": 0.0, "max_depth": 2.0, "num_boost_round": 17.0}, "datetime": {"datetime": "2024-01-19 00:45:41", "elapsed": 2045.744748, "delta": 0.003136}}
{"target": -13.758533177002633, "params": {"gamma": 486.7790652874801, "log10_alpha": 1.0, "log10_colsample_bytree": 0.0, "log10_eta": -4.0, "log10_lambda": -5.0, "log10_min_child_weight": 5.0, "log10_subsample": 0.0, "max_depth": 2.0, "num_boost_round": 18.0}, "datetime": {"datetime": "2024-01-19 00:45:41", "elapsed": 2045.747915, "delta": 0.003167}}
{"target": -13.758532907019461, "params": {"gamma": 486.7790652874801, "log10_alpha": 1.0, "log10_colsample_bytree": 0.0, "log10_eta": -4.0, "log10_lambda": -5.0, "log10_min_child_weight": 5.0, "log10_subsample": 0.0, "max_depth": 2.0, "num_boost_round": 19.0}, "datetime": {"datetime": "2024-01-19 00:45:41", "elapsed": 2045.751084, "delta": 0.003169}}
{"target": -13.758532626859877, "params": {"gamma": 486.7790652874801, "log10_alpha": 1.0, "log10_colsample_bytree": 0.0, "log10_eta": -4.0, "log10_lambda": -5.0, "log10_min_child_weight": 5.0, "log10_subsample": 0.0, "max_depth": 2.0, "num_boost_round": 20.0}, "datetime": {"datetime": "2024-01-19 00:45:41", "elapsed": 2045.754251, "delta": 0.003167}}
{"target": -13.758532343822806, "params": {"gamma": 486.7790652874801, "log10_alpha": 1.0, "log10_colsample_bytree": 0.0, "log10_eta": -4.0, "log10_lambda": -5.0, "log10_min_child_weight": 5.0, "log10_subsample": 0.0, "max_depth": 2.0, "num_boost_round": 21.0}, "datetime": {"datetime": "2024-01-19 00:45:41", "elapsed": 2045.757428, "delta": 0.003177}}
{"target": -13.758532091078136, "params": {"gamma": 486.7790652874801, "log10_alpha": 1.0, "log10_colsample_bytree": 0.0, "log10_eta": -4.0, "log10_lambda": -5.0, "log10_min_child_weight": 5.0, "log10_subsample": 0.0, "max_depth": 2.0, "num_boost_round": 22.0}, "datetime": {"datetime": "2024-01-19 00:45:41", "elapsed": 2045.760559, "delta": 0.003131}}
{"target": -13.758531837905629, "params": {"gamma": 486.7790652874801, "log10_alpha": 1.0, "log10_colsample_bytree": 0.0, "log10_eta": -4.0, "log10_lambda": -5.0, "log10_min_child_weight": 5.0, "log10_subsample": 0.0, "max_depth": 2.0, "num_boost_round": 23.0}, "datetime": {"datetime": "2024-01-19 00:45:41", "elapsed": 2045.763716, "delta": 0.003157}}
{"target": -13.75853157771959, "params": {"gamma": 486.7790652874801, "log10_alpha": 1.0, "log10_colsample_bytree": 0.0, "log10_eta": -4.0, "log10_lambda": -5.0, "log10_min_child_weight": 5.0, "log10_subsample": 0.0, "max_depth": 2.0, "num_boost_round": 24.0}, "datetime": {"datetime": "2024-01-19 00:45:41", "elapsed": 2045.766852, "delta": 0.003136}}
{"target": -13.75853131137909, "params": {"gamma": 486.7790652874801, "log10_alpha": 1.0, "log10_colsample_bytree": 0.0, "log10_eta": -4.0, "log10_lambda": -5.0, "log10_min_child_weight": 5.0, "log10_subsample": 0.0, "max_depth": 2.0, "num_boost_round": 25.0}, "datetime": {"datetime": "2024-01-19 00:45:41", "elapsed": 2045.770011, "delta": 0.003159}}
{"target": -13.758531025555538, "params": {"gamma": 486.7790652874801, "log10_alpha": 1.0, "log10_colsample_bytree": 0.0, "log10_eta": -4.0, "log10_lambda": -5.0, "log10_min_child_weight": 5.0, "log10_subsample": 0.0, "max_depth": 2.0, "num_boost_round": 26.0}, "datetime": {"datetime": "2024-01-19 00:45:41", "elapsed": 2045.773175, "delta": 0.003164}}
{"target": -13.758530763483268, "params": {"gamma": 486.7790652874801, "log10_alpha": 1.0, "log10_colsample_bytree": 0.0, "log10_eta": -4.0, "log10_lambda": -5.0, "log10_min_child_weight": 5.0, "log10_subsample": 0.0, "max_depth": 2.0, "num_boost_round": 27.0}, "datetime": {"datetime": "2024-01-19 00:45:41", "elapsed": 2045.776361, "delta": 0.003186}}
{"target": -13.758530502252912, "params": {"gamma": 486.7790652874801, "log10_alpha": 1.0, "log10_colsample_bytree": 0.0, "log10_eta": -4.0, "log10_lambda": -5.0, "log10_min_child_weight": 5.0, "log10_subsample": 0.0, "max_depth": 2.0, "num_boost_round": 28.0}, "datetime": {"datetime": "2024-01-19 00:45:41", "elapsed": 2045.779515, "delta": 0.003154}}
{"target": -13.758530230998156, "params": {"gamma": 486.7790652874801, "log10_alpha": 1.0, "log10_colsample_bytree": 0.0, "log10_eta": -4.0, "log10_lambda": -5.0, "log10_min_child_weight": 5.0, "log10_subsample": 0.0, "max_depth": 2.0, "num_boost_round": 29.0}, "datetime": {"datetime": "2024-01-19 00:45:41", "elapsed": 2045.782666, "delta": 0.003151}}
{"target": -13.758529976639394, "params": {"gamma": 486.7790652874801, "log10_alpha": 1.0, "log10_colsample_bytree": 0.0, "log10_eta": -4.0, "log10_lambda": -5.0, "log10_min_child_weight": 5.0, "log10_subsample": 0.0, "max_depth": 2.0, "num_boost_round": 30.0}, "datetime": {"datetime": "2024-01-19 00:45:41", "elapsed": 2045.785831, "delta": 0.003165}}
{"target": -13.758529682346655, "params": {"gamma": 486.7790652874801, "log10_alpha": 1.0, "log10_colsample_bytree": 0.0, "log10_eta": -4.0, "log10_lambda": -5.0, "log10_min_child_weight": 5.0, "log10_subsample": 0.0, "max_depth": 2.0, "num_boost_round": 31.0}, "datetime": {"datetime": "2024-01-19 00:45:41", "elapsed": 2045.788951, "delta": 0.00312}}
{"target": -13.758529429770435, "params": {"gamma": 486.7790652874801, "log10_alpha": 1.0, "log10_colsample_bytree": 0.0, "log10_eta": -4.0, "log10_lambda": -5.0, "log10_min_child_weight": 5.0, "log10_subsample": 0.0, "max_depth": 2.0, "num_boost_round": 32.0}, "datetime": {"datetime": "2024-01-19 00:45:41", "elapsed": 2045.79212, "delta": 0.003169}}
{"target": -13.758529159836772, "params": {"gamma": 486.7790652874801, "log10_alpha": 1.0, "log10_colsample_bytree": 0.0, "log10_eta": -4.0, "log10_lambda": -5.0, "log10_min_child_weight": 5.0, "log10_subsample": 0.0, "max_depth": 2.0, "num_boost_round": 33.0}, "datetime": {"datetime": "2024-01-19 00:45:41", "elapsed": 2045.795295, "delta": 0.003175}}
{"target": -13.758528927288403, "params": {"gamma": 486.7790652874801, "log10_alpha": 1.0, "log10_colsample_bytree": 0.0, "log10_eta": -4.0, "log10_lambda": -5.0, "log10_min_child_weight": 5.0, "log10_subsample": 0.0, "max_depth": 2.0, "num_boost_round": 34.0}, "datetime": {"datetime": "2024-01-19 00:45:41", "elapsed": 2045.798445, "delta": 0.00315}}
{"target": -13.75852865508713, "params": {"gamma": 486.7790652874801, "log10_alpha": 1.0, "log10_colsample_bytree": 0.0, "log10_eta": -4.0, "log10_lambda": -5.0, "log10_min_child_weight": 5.0, "log10_subsample": 0.0, "max_depth": 2.0, "num_boost_round": 35.0}, "datetime": {"datetime": "2024-01-19 00:45:41", "elapsed": 2045.801636, "delta": 0.003191}}
{"target": -13.758528397112263, "params": {"gamma": 486.7790652874801, "log10_alpha": 1.0, "log10_colsample_bytree": 0.0, "log10_eta": -4.0, "log10_lambda": -5.0, "log10_min_child_weight": 5.0, "log10_subsample": 0.0, "max_depth": 2.0, "num_boost_round": 36.0}, "datetime": {"datetime": "2024-01-19 00:45:41", "elapsed": 2045.80482, "delta": 0.003184}}
{"target": -13.758528118002083, "params": {"gamma": 486.7790652874801, "log10_alpha": 1.0, "log10_colsample_bytree": 0.0, "log10_eta": -4.0, "log10_lambda": -5.0, "log10_min_child_weight": 5.0, "log10_subsample": 0.0, "max_depth": 2.0, "num_boost_round": 37.0}, "datetime": {"datetime": "2024-01-19 00:45:41", "elapsed": 2045.808058, "delta": 0.003238}}
{"target": -13.758527848984686, "params": {"gamma": 486.7790652874801, "log10_alpha": 1.0, "log10_colsample_bytree": 0.0, "log10_eta": -4.0, "log10_lambda": -5.0, "log10_min_child_weight": 5.0, "log10_subsample": 0.0, "max_depth": 2.0, "num_boost_round": 38.0}, "datetime": {"datetime": "2024-01-19 00:45:41", "elapsed": 2045.811856, "delta": 0.003798}}
{"target": -13.758527597677162, "params": {"gamma": 486.7790652874801, "log10_alpha": 1.0, "log10_colsample_bytree": 0.0, "log10_eta": -4.0, "log10_lambda": -5.0, "log10_min_child_weight": 5.0, "log10_subsample": 0.0, "max_depth": 2.0, "num_boost_round": 39.0}, "datetime": {"datetime": "2024-01-19 00:45:41", "elapsed": 2045.815365, "delta": 0.003509}}
{"target": -13.758527329090885, "params": {"gamma": 486.7790652874801, "log10_alpha": 1.0, "log10_colsample_bytree": 0.0, "log10_eta": -4.0, "log10_lambda": -5.0, "log10_min_child_weight": 5.0, "log10_subsample": 0.0, "max_depth": 2.0, "num_boost_round": 40.0}, "datetime": {"datetime": "2024-01-19 00:45:41", "elapsed": 2045.818631, "delta": 0.003266}}
{"target": -13.758527077193206, "params": {"gamma": 486.7790652874801, "log10_alpha": 1.0, "log10_colsample_bytree": 0.0, "log10_eta": -4.0, "log10_lambda": -5.0, "log10_min_child_weight": 5.0, "log10_subsample": 0.0, "max_depth": 2.0, "num_boost_round": 41.0}, "datetime": {"datetime": "2024-01-19 00:45:41", "elapsed": 2045.821851, "delta": 0.00322}}
{"target": -13.758526787146636, "params": {"gamma": 486.7790652874801, "log10_alpha": 1.0, "log10_colsample_bytree": 0.0, "log10_eta": -4.0, "log10_lambda": -5.0, "log10_min_child_weight": 5.0, "log10_subsample": 0.0, "max_depth": 2.0, "num_boost_round": 42.0}, "datetime": {"datetime": "2024-01-19 00:45:41", "elapsed": 2045.825237, "delta": 0.003386}}
{"target": -13.75852652982849, "params": {"gamma": 486.7790652874801, "log10_alpha": 1.0, "log10_colsample_bytree": 0.0, "log10_eta": -4.0, "log10_lambda": -5.0, "log10_min_child_weight": 5.0, "log10_subsample": 0.0, "max_depth": 2.0, "num_boost_round": 43.0}, "datetime": {"datetime": "2024-01-19 00:45:41", "elapsed": 2045.828421, "delta": 0.003184}}
{"target": -13.758526262576854, "params": {"gamma": 486.7790652874801, "log10_alpha": 1.0, "log10_colsample_bytree": 0.0, "log10_eta": -4.0, "log10_lambda": -5.0, "log10_min_child_weight": 5.0, "log10_subsample": 0.0, "max_depth": 2.0, "num_boost_round": 44.0}, "datetime": {"datetime": "2024-01-19 00:45:41", "elapsed": 2045.831615, "delta": 0.003194}}
{"target": -13.758497441138886, "params": {"gamma": 497.9183537954365, "log10_alpha": -1.674133957144793, "log10_colsample_bytree": -0.24873206175126694, "log10_eta": -1.696440289226381, "log10_lambda": 0.8568537479010745, "log10_min_child_weight": 1.253399920001812, "log10_subsample": -0.9285773181281491, "max_depth": 2.0, "num_boost_round": 0.0}, "datetime": {"datetime": "2024-01-19 00:46:19", "elapsed": 2083.096907, "delta": 37.265292}}
{"target": -13.75825934971091, "params": {"gamma": 497.9183537954365, "log10_alpha": -1.674133957144793, "log10_colsample_bytree": -0.24873206175126694, "log10_eta": -1.696440289226381, "log10_lambda": 0.8568537479010745, "log10_min_child_weight": 1.253399920001812, "log10_subsample": -0.9285773181281491, "max_depth": 2.0, "num_boost_round": 1.0}, "datetime": {"datetime": "2024-01-19 00:46:19", "elapsed": 2083.100534, "delta": 0.003627}}
{"target": -13.757961998306033, "params": {"gamma": 497.9183537954365, "log10_alpha": -1.674133957144793, "log10_colsample_bytree": -0.24873206175126694, "log10_eta": -1.696440289226381, "log10_lambda": 0.8568537479010745, "log10_min_child_weight": 1.253399920001812, "log10_subsample": -0.9285773181281491, "max_depth": 2.0, "num_boost_round": 2.0}, "datetime": {"datetime": "2024-01-19 00:46:19", "elapsed": 2083.103877, "delta": 0.003343}}
{"target": -13.758010215688262, "params": {"gamma": 497.9183537954365, "log10_alpha": -1.674133957144793, "log10_colsample_bytree": -0.24873206175126694, "log10_eta": -1.696440289226381, "log10_lambda": 0.8568537479010745, "log10_min_child_weight": 1.253399920001812, "log10_subsample": -0.9285773181281491, "max_depth": 2.0, "num_boost_round": 3.0}, "datetime": {"datetime": "2024-01-19 00:46:19", "elapsed": 2083.107469, "delta": 0.003592}}
{"target": -13.75787324970191, "params": {"gamma": 497.9183537954365, "log10_alpha": -1.674133957144793, "log10_colsample_bytree": -0.24873206175126694, "log10_eta": -1.696440289226381, "log10_lambda": 0.8568537479010745, "log10_min_child_weight": 1.253399920001812, "log10_subsample": -0.9285773181281491, "max_depth": 2.0, "num_boost_round": 4.0}, "datetime": {"datetime": "2024-01-19 00:46:19", "elapsed": 2083.110805, "delta": 0.003336}}
{"target": -13.75799902189213, "params": {"gamma": 497.9183537954365, "log10_alpha": -1.674133957144793, "log10_colsample_bytree": -0.24873206175126694, "log10_eta": -1.696440289226381, "log10_lambda": 0.8568537479010745, "log10_min_child_weight": 1.253399920001812, "log10_subsample": -0.9285773181281491, "max_depth": 2.0, "num_boost_round": 5.0}, "datetime": {"datetime": "2024-01-19 00:46:19", "elapsed": 2083.113976, "delta": 0.003171}}
{"target": -13.758066821299865, "params": {"gamma": 497.9183537954365, "log10_alpha": -1.674133957144793, "log10_colsample_bytree": -0.24873206175126694, "log10_eta": -1.696440289226381, "log10_lambda": 0.8568537479010745, "log10_min_child_weight": 1.253399920001812, "log10_subsample": -0.9285773181281491, "max_depth": 2.0, "num_boost_round": 6.0}, "datetime": {"datetime": "2024-01-19 00:46:19", "elapsed": 2083.117247, "delta": 0.003271}}
{"target": -13.758098983075417, "params": {"gamma": 497.9183537954365, "log10_alpha": -1.674133957144793, "log10_colsample_bytree": -0.24873206175126694, "log10_eta": -1.696440289226381, "log10_lambda": 0.8568537479010745, "log10_min_child_weight": 1.253399920001812, "log10_subsample": -0.9285773181281491, "max_depth": 2.0, "num_boost_round": 7.0}, "datetime": {"datetime": "2024-01-19 00:46:19", "elapsed": 2083.120442, "delta": 0.003195}}
{"target": -13.758141783938518, "params": {"gamma": 497.9183537954365, "log10_alpha": -1.674133957144793, "log10_colsample_bytree": -0.24873206175126694, "log10_eta": -1.696440289226381, "log10_lambda": 0.8568537479010745, "log10_min_child_weight": 1.253399920001812, "log10_subsample": -0.9285773181281491, "max_depth": 2.0, "num_boost_round": 8.0}, "datetime": {"datetime": "2024-01-19 00:46:19", "elapsed": 2083.123706, "delta": 0.003264}}
{"target": -13.757880428327566, "params": {"gamma": 497.9183537954365, "log10_alpha": -1.674133957144793, "log10_colsample_bytree": -0.24873206175126694, "log10_eta": -1.696440289226381, "log10_lambda": 0.8568537479010745, "log10_min_child_weight": 1.253399920001812, "log10_subsample": -0.9285773181281491, "max_depth": 2.0, "num_boost_round": 9.0}, "datetime": {"datetime": "2024-01-19 00:46:19", "elapsed": 2083.126905, "delta": 0.003199}}
{"target": -13.757723058482764, "params": {"gamma": 497.9183537954365, "log10_alpha": -1.674133957144793, "log10_colsample_bytree": -0.24873206175126694, "log10_eta": -1.696440289226381, "log10_lambda": 0.8568537479010745, "log10_min_child_weight": 1.253399920001812, "log10_subsample": -0.9285773181281491, "max_depth": 2.0, "num_boost_round": 10.0}, "datetime": {"datetime": "2024-01-19 00:46:19", "elapsed": 2083.130093, "delta": 0.003188}}
{"target": -13.757405001647818, "params": {"gamma": 497.9183537954365, "log10_alpha": -1.674133957144793, "log10_colsample_bytree": -0.24873206175126694, "log10_eta": -1.696440289226381, "log10_lambda": 0.8568537479010745, "log10_min_child_weight": 1.253399920001812, "log10_subsample": -0.9285773181281491, "max_depth": 2.0, "num_boost_round": 11.0}, "datetime": {"datetime": "2024-01-19 00:46:19", "elapsed": 2083.133278, "delta": 0.003185}}
{"target": -13.757373388817998, "params": {"gamma": 497.9183537954365, "log10_alpha": -1.674133957144793, "log10_colsample_bytree": -0.24873206175126694, "log10_eta": -1.696440289226381, "log10_lambda": 0.8568537479010745, "log10_min_child_weight": 1.253399920001812, "log10_subsample": -0.9285773181281491, "max_depth": 2.0, "num_boost_round": 12.0}, "datetime": {"datetime": "2024-01-19 00:46:19", "elapsed": 2083.136552, "delta": 0.003274}}
{"target": -13.757498110089594, "params": {"gamma": 497.9183537954365, "log10_alpha": -1.674133957144793, "log10_colsample_bytree": -0.24873206175126694, "log10_eta": -1.696440289226381, "log10_lambda": 0.8568537479010745, "log10_min_child_weight": 1.253399920001812, "log10_subsample": -0.9285773181281491, "max_depth": 2.0, "num_boost_round": 13.0}, "datetime": {"datetime": "2024-01-19 00:46:19", "elapsed": 2083.139752, "delta": 0.0032}}
{"target": -13.757528780297376, "params": {"gamma": 497.9183537954365, "log10_alpha": -1.674133957144793, "log10_colsample_bytree": -0.24873206175126694, "log10_eta": -1.696440289226381, "log10_lambda": 0.8568537479010745, "log10_min_child_weight": 1.253399920001812, "log10_subsample": -0.9285773181281491, "max_depth": 2.0, "num_boost_round": 14.0}, "datetime": {"datetime": "2024-01-19 00:46:19", "elapsed": 2083.142941, "delta": 0.003189}}
{"target": -13.757298988344845, "params": {"gamma": 497.9183537954365, "log10_alpha": -1.674133957144793, "log10_colsample_bytree": -0.24873206175126694, "log10_eta": -1.696440289226381, "log10_lambda": 0.8568537479010745, "log10_min_child_weight": 1.253399920001812, "log10_subsample": -0.9285773181281491, "max_depth": 2.0, "num_boost_round": 15.0}, "datetime": {"datetime": "2024-01-19 00:46:19", "elapsed": 2083.146134, "delta": 0.003193}}
{"target": -13.756972857019992, "params": {"gamma": 497.9183537954365, "log10_alpha": -1.674133957144793, "log10_colsample_bytree": -0.24873206175126694, "log10_eta": -1.696440289226381, "log10_lambda": 0.8568537479010745, "log10_min_child_weight": 1.253399920001812, "log10_subsample": -0.9285773181281491, "max_depth": 2.0, "num_boost_round": 16.0}, "datetime": {"datetime": "2024-01-19 00:46:19", "elapsed": 2083.149307, "delta": 0.003173}}
{"target": -13.756972721169973, "params": {"gamma": 497.9183537954365, "log10_alpha": -1.674133957144793, "log10_colsample_bytree": -0.24873206175126694, "log10_eta": -1.696440289226381, "log10_lambda": 0.8568537479010745, "log10_min_child_weight": 1.253399920001812, "log10_subsample": -0.9285773181281491, "max_depth": 2.0, "num_boost_round": 17.0}, "datetime": {"datetime": "2024-01-19 00:46:19", "elapsed": 2083.152501, "delta": 0.003194}}
{"target": -13.757287083396863, "params": {"gamma": 497.9183537954365, "log10_alpha": -1.674133957144793, "log10_colsample_bytree": -0.24873206175126694, "log10_eta": -1.696440289226381, "log10_lambda": 0.8568537479010745, "log10_min_child_weight": 1.253399920001812, "log10_subsample": -0.9285773181281491, "max_depth": 2.0, "num_boost_round": 18.0}, "datetime": {"datetime": "2024-01-19 00:46:19", "elapsed": 2083.155742, "delta": 0.003241}}
{"target": -13.757089200651103, "params": {"gamma": 497.9183537954365, "log10_alpha": -1.674133957144793, "log10_colsample_bytree": -0.24873206175126694, "log10_eta": -1.696440289226381, "log10_lambda": 0.8568537479010745, "log10_min_child_weight": 1.253399920001812, "log10_subsample": -0.9285773181281491, "max_depth": 2.0, "num_boost_round": 19.0}, "datetime": {"datetime": "2024-01-19 00:46:19", "elapsed": 2083.158889, "delta": 0.003147}}
{"target": -13.757081677094794, "params": {"gamma": 497.9183537954365, "log10_alpha": -1.674133957144793, "log10_colsample_bytree": -0.24873206175126694, "log10_eta": -1.696440289226381, "log10_lambda": 0.8568537479010745, "log10_min_child_weight": 1.253399920001812, "log10_subsample": -0.9285773181281491, "max_depth": 2.0, "num_boost_round": 20.0}, "datetime": {"datetime": "2024-01-19 00:46:19", "elapsed": 2083.162031, "delta": 0.003142}}
{"target": -13.757362711136718, "params": {"gamma": 497.9183537954365, "log10_alpha": -1.674133957144793, "log10_colsample_bytree": -0.24873206175126694, "log10_eta": -1.696440289226381, "log10_lambda": 0.8568537479010745, "log10_min_child_weight": 1.253399920001812, "log10_subsample": -0.9285773181281491, "max_depth": 2.0, "num_boost_round": 21.0}, "datetime": {"datetime": "2024-01-19 00:46:19", "elapsed": 2083.165221, "delta": 0.00319}}
{"target": -13.757429291126243, "params": {"gamma": 497.9183537954365, "log10_alpha": -1.674133957144793, "log10_colsample_bytree": -0.24873206175126694, "log10_eta": -1.696440289226381, "log10_lambda": 0.8568537479010745, "log10_min_child_weight": 1.253399920001812, "log10_subsample": -0.9285773181281491, "max_depth": 2.0, "num_boost_round": 22.0}, "datetime": {"datetime": "2024-01-19 00:46:19", "elapsed": 2083.16839, "delta": 0.003169}}
{"target": -13.757329295987308, "params": {"gamma": 497.9183537954365, "log10_alpha": -1.674133957144793, "log10_colsample_bytree": -0.24873206175126694, "log10_eta": -1.696440289226381, "log10_lambda": 0.8568537479010745, "log10_min_child_weight": 1.253399920001812, "log10_subsample": -0.9285773181281491, "max_depth": 2.0, "num_boost_round": 23.0}, "datetime": {"datetime": "2024-01-19 00:46:19", "elapsed": 2083.171596, "delta": 0.003206}}
