{"target": -13.75914544172772, "params": {"gamma": 391.3967908969057, "log10_alpha": -4.478172695576145, "log10_colsample_bytree": -0.7609822749852446, "log10_eta": -1.356222638347663, "log10_lambda": -2.084308015673791, "log10_min_child_weight": 3.826782704536127, "log10_subsample": -0.48735149926184174, "max_depth": 9.0, "num_boost_round": 1.0}, "datetime": {"datetime": "2024-01-19 00:50:07", "elapsed": 2310.239676, "delta": 0.004281}}
{"target": -13.759370615179918, "params": {"gamma": 391.3967908969057, "log10_alpha": -4.478172695576145, "log10_colsample_bytree": -0.7609822749852446, "log10_eta": -1.356222638347663, "log10_lambda": -2.084308015673791, "log10_min_child_weight": 3.826782704536127, "log10_subsample": -0.48735149926184174, "max_depth": 9.0, "num_boost_round": 2.0}, "datetime": {"datetime": "2024-01-19 00:50:07", "elapsed": 2310.243336, "delta": 0.00366}}
{"target": -13.758882408769601, "params": {"gamma": 391.3967908969057, "log10_alpha": -4.478172695576145, "log10_colsample_bytree": -0.7609822749852446, "log10_eta": -1.356222638347663, "log10_lambda": -2.084308015673791, "log10_min_child_weight": 3.826782704536127, "log10_subsample": -0.48735149926184174, "max_depth": 9.0, "num_boost_round": 3.0}, "datetime": {"datetime": "2024-01-19 00:50:07", "elapsed": 2310.246894, "delta": 0.003558}}
{"target": -13.75920823571296, "params": {"gamma": 391.3967908969057, "log10_alpha": -4.478172695576145, "log10_colsample_bytree": -0.7609822749852446, "log10_eta": -1.356222638347663, "log10_lambda": -2.084308015673791, "log10_min_child_weight": 3.826782704536127, "log10_subsample": -0.48735149926184174, "max_depth": 9.0, "num_boost_round": 4.0}, "datetime": {"datetime": "2024-01-19 00:50:07", "elapsed": 2310.250578, "delta": 0.003684}}
{"target": -13.759845665883528, "params": {"gamma": 391.3967908969057, "log10_alpha": -4.478172695576145, "log10_colsample_bytree": -0.7609822749852446, "log10_eta": -1.356222638347663, "log10_lambda": -2.084308015673791, "log10_min_child_weight": 3.826782704536127, "log10_subsample": -0.48735149926184174, "max_depth": 9.0, "num_boost_round": 5.0}, "datetime": {"datetime": "2024-01-19 00:50:07", "elapsed": 2310.254144, "delta": 0.003566}}
{"target": -13.760626817379903, "params": {"gamma": 391.3967908969057, "log10_alpha": -4.478172695576145, "log10_colsample_bytree": -0.7609822749852446, "log10_eta": -1.356222638347663, "log10_lambda": -2.084308015673791, "log10_min_child_weight": 3.826782704536127, "log10_subsample": -0.48735149926184174, "max_depth": 9.0, "num_boost_round": 6.0}, "datetime": {"datetime": "2024-01-19 00:50:07", "elapsed": 2310.257778, "delta": 0.003634}}
{"target": -13.760374977544163, "params": {"gamma": 391.3967908969057, "log10_alpha": -4.478172695576145, "log10_colsample_bytree": -0.7609822749852446, "log10_eta": -1.356222638347663, "log10_lambda": -2.084308015673791, "log10_min_child_weight": 3.826782704536127, "log10_subsample": -0.48735149926184174, "max_depth": 9.0, "num_boost_round": 7.0}, "datetime": {"datetime": "2024-01-19 00:50:07", "elapsed": 2310.26132, "delta": 0.003542}}
{"target": -13.760351533850967, "params": {"gamma": 391.3967908969057, "log10_alpha": -4.478172695576145, "log10_colsample_bytree": -0.7609822749852446, "log10_eta": -1.356222638347663, "log10_lambda": -2.084308015673791, "log10_min_child_weight": 3.826782704536127, "log10_subsample": -0.48735149926184174, "max_depth": 9.0, "num_boost_round": 8.0}, "datetime": {"datetime": "2024-01-19 00:50:07", "elapsed": 2310.264863, "delta": 0.003543}}
{"target": -13.760706466185349, "params": {"gamma": 391.3967908969057, "log10_alpha": -4.478172695576145, "log10_colsample_bytree": -0.7609822749852446, "log10_eta": -1.356222638347663, "log10_lambda": -2.084308015673791, "log10_min_child_weight": 3.826782704536127, "log10_subsample": -0.48735149926184174, "max_depth": 9.0, "num_boost_round": 9.0}, "datetime": {"datetime": "2024-01-19 00:50:07", "elapsed": 2310.268424, "delta": 0.003561}}
{"target": -13.76021527221044, "params": {"gamma": 391.3967908969057, "log10_alpha": -4.478172695576145, "log10_colsample_bytree": -0.7609822749852446, "log10_eta": -1.356222638347663, "log10_lambda": -2.084308015673791, "log10_min_child_weight": 3.826782704536127, "log10_subsample": -0.48735149926184174, "max_depth": 9.0, "num_boost_round": 10.0}, "datetime": {"datetime": "2024-01-19 00:50:07", "elapsed": 2310.272142, "delta": 0.003718}}
{"target": -13.760689101667694, "params": {"gamma": 391.3967908969057, "log10_alpha": -4.478172695576145, "log10_colsample_bytree": -0.7609822749852446, "log10_eta": -1.356222638347663, "log10_lambda": -2.084308015673791, "log10_min_child_weight": 3.826782704536127, "log10_subsample": -0.48735149926184174, "max_depth": 9.0, "num_boost_round": 11.0}, "datetime": {"datetime": "2024-01-19 00:50:07", "elapsed": 2310.275793, "delta": 0.003651}}
{"target": -13.759744966864371, "params": {"gamma": 391.3967908969057, "log10_alpha": -4.478172695576145, "log10_colsample_bytree": -0.7609822749852446, "log10_eta": -1.356222638347663, "log10_lambda": -2.084308015673791, "log10_min_child_weight": 3.826782704536127, "log10_subsample": -0.48735149926184174, "max_depth": 9.0, "num_boost_round": 12.0}, "datetime": {"datetime": "2024-01-19 00:50:07", "elapsed": 2310.27937, "delta": 0.003577}}
{"target": -13.759604897851236, "params": {"gamma": 391.3967908969057, "log10_alpha": -4.478172695576145, "log10_colsample_bytree": -0.7609822749852446, "log10_eta": -1.356222638347663, "log10_lambda": -2.084308015673791, "log10_min_child_weight": 3.826782704536127, "log10_subsample": -0.48735149926184174, "max_depth": 9.0, "num_boost_round": 13.0}, "datetime": {"datetime": "2024-01-19 00:50:07", "elapsed": 2310.282961, "delta": 0.003591}}
{"target": -13.75971098196969, "params": {"gamma": 391.3967908969057, "log10_alpha": -4.478172695576145, "log10_colsample_bytree": -0.7609822749852446, "log10_eta": -1.356222638347663, "log10_lambda": -2.084308015673791, "log10_min_child_weight": 3.826782704536127, "log10_subsample": -0.48735149926184174, "max_depth": 9.0, "num_boost_round": 14.0}, "datetime": {"datetime": "2024-01-19 00:50:07", "elapsed": 2310.286547, "delta": 0.003586}}
{"target": -13.759583973580577, "params": {"gamma": 391.3967908969057, "log10_alpha": -4.478172695576145, "log10_colsample_bytree": -0.7609822749852446, "log10_eta": -1.356222638347663, "log10_lambda": -2.084308015673791, "log10_min_child_weight": 3.826782704536127, "log10_subsample": -0.48735149926184174, "max_depth": 9.0, "num_boost_round": 15.0}, "datetime": {"datetime": "2024-01-19 00:50:07", "elapsed": 2310.290403, "delta": 0.003856}}
{"target": -13.759200974945045, "params": {"gamma": 391.3967908969057, "log10_alpha": -4.478172695576145, "log10_colsample_bytree": -0.7609822749852446, "log10_eta": -1.356222638347663, "log10_lambda": -2.084308015673791, "log10_min_child_weight": 3.826782704536127, "log10_subsample": -0.48735149926184174, "max_depth": 9.0, "num_boost_round": 16.0}, "datetime": {"datetime": "2024-01-19 00:50:07", "elapsed": 2310.294067, "delta": 0.003664}}
{"target": -13.758925085425016, "params": {"gamma": 391.3967908969057, "log10_alpha": -4.478172695576145, "log10_colsample_bytree": -0.7609822749852446, "log10_eta": -1.356222638347663, "log10_lambda": -2.084308015673791, "log10_min_child_weight": 3.826782704536127, "log10_subsample": -0.48735149926184174, "max_depth": 9.0, "num_boost_round": 17.0}, "datetime": {"datetime": "2024-01-19 00:50:07", "elapsed": 2310.297955, "delta": 0.003888}}
{"target": -13.758931228520794, "params": {"gamma": 391.3967908969057, "log10_alpha": -4.478172695576145, "log10_colsample_bytree": -0.7609822749852446, "log10_eta": -1.356222638347663, "log10_lambda": -2.084308015673791, "log10_min_child_weight": 3.826782704536127, "log10_subsample": -0.48735149926184174, "max_depth": 9.0, "num_boost_round": 18.0}, "datetime": {"datetime": "2024-01-19 00:50:07", "elapsed": 2310.301765, "delta": 0.00381}}
{"target": -13.75808509514472, "params": {"gamma": 391.3967908969057, "log10_alpha": -4.478172695576145, "log10_colsample_bytree": -0.7609822749852446, "log10_eta": -1.356222638347663, "log10_lambda": -2.084308015673791, "log10_min_child_weight": 3.826782704536127, "log10_subsample": -0.48735149926184174, "max_depth": 9.0, "num_boost_round": 19.0}, "datetime": {"datetime": "2024-01-19 00:50:07", "elapsed": 2310.305368, "delta": 0.003603}}
{"target": -13.758974123733386, "params": {"gamma": 391.3967908969057, "log10_alpha": -4.478172695576145, "log10_colsample_bytree": -0.7609822749852446, "log10_eta": -1.356222638347663, "log10_lambda": -2.084308015673791, "log10_min_child_weight": 3.826782704536127, "log10_subsample": -0.48735149926184174, "max_depth": 9.0, "num_boost_round": 20.0}, "datetime": {"datetime": "2024-01-19 00:50:07", "elapsed": 2310.30899, "delta": 0.003622}}
{"target": -13.759672223250234, "params": {"gamma": 391.3967908969057, "log10_alpha": -4.478172695576145, "log10_colsample_bytree": -0.7609822749852446, "log10_eta": -1.356222638347663, "log10_lambda": -2.084308015673791, "log10_min_child_weight": 3.826782704536127, "log10_subsample": -0.48735149926184174, "max_depth": 9.0, "num_boost_round": 21.0}, "datetime": {"datetime": "2024-01-19 00:50:07", "elapsed": 2310.312632, "delta": 0.003642}}
{"target": -13.759953101919422, "params": {"gamma": 391.3967908969057, "log10_alpha": -4.478172695576145, "log10_colsample_bytree": -0.7609822749852446, "log10_eta": -1.356222638347663, "log10_lambda": -2.084308015673791, "log10_min_child_weight": 3.826782704536127, "log10_subsample": -0.48735149926184174, "max_depth": 9.0, "num_boost_round": 22.0}, "datetime": {"datetime": "2024-01-19 00:50:07", "elapsed": 2310.316283, "delta": 0.003651}}
{"target": -13.7599651442633, "params": {"gamma": 391.3967908969057, "log10_alpha": -4.478172695576145, "log10_colsample_bytree": -0.7609822749852446, "log10_eta": -1.356222638347663, "log10_lambda": -2.084308015673791, "log10_min_child_weight": 3.826782704536127, "log10_subsample": -0.48735149926184174, "max_depth": 9.0, "num_boost_round": 23.0}, "datetime": {"datetime": "2024-01-19 00:50:07", "elapsed": 2310.320016, "delta": 0.003733}}
{"target": -13.760418352238961, "params": {"gamma": 391.3967908969057, "log10_alpha": -4.478172695576145, "log10_colsample_bytree": -0.7609822749852446, "log10_eta": -1.356222638347663, "log10_lambda": -2.084308015673791, "log10_min_child_weight": 3.826782704536127, "log10_subsample": -0.48735149926184174, "max_depth": 9.0, "num_boost_round": 24.0}, "datetime": {"datetime": "2024-01-19 00:50:07", "elapsed": 2310.323676, "delta": 0.00366}}
{"target": -13.760736574384389, "params": {"gamma": 391.3967908969057, "log10_alpha": -4.478172695576145, "log10_colsample_bytree": -0.7609822749852446, "log10_eta": -1.356222638347663, "log10_lambda": -2.084308015673791, "log10_min_child_weight": 3.826782704536127, "log10_subsample": -0.48735149926184174, "max_depth": 9.0, "num_boost_round": 25.0}, "datetime": {"datetime": "2024-01-19 00:50:07", "elapsed": 2310.327339, "delta": 0.003663}}
{"target": -13.76191541442641, "params": {"gamma": 391.3967908969057, "log10_alpha": -4.478172695576145, "log10_colsample_bytree": -0.7609822749852446, "log10_eta": -1.356222638347663, "log10_lambda": -2.084308015673791, "log10_min_child_weight": 3.826782704536127, "log10_subsample": -0.48735149926184174, "max_depth": 9.0, "num_boost_round": 26.0}, "datetime": {"datetime": "2024-01-19 00:50:07", "elapsed": 2310.331033, "delta": 0.003694}}
{"target": -13.761457888376215, "params": {"gamma": 391.3967908969057, "log10_alpha": -4.478172695576145, "log10_colsample_bytree": -0.7609822749852446, "log10_eta": -1.356222638347663, "log10_lambda": -2.084308015673791, "log10_min_child_weight": 3.826782704536127, "log10_subsample": -0.48735149926184174, "max_depth": 9.0, "num_boost_round": 27.0}, "datetime": {"datetime": "2024-01-19 00:50:07", "elapsed": 2310.334696, "delta": 0.003663}}
{"target": -13.761682950298127, "params": {"gamma": 391.3967908969057, "log10_alpha": -4.478172695576145, "log10_colsample_bytree": -0.7609822749852446, "log10_eta": -1.356222638347663, "log10_lambda": -2.084308015673791, "log10_min_child_weight": 3.826782704536127, "log10_subsample": -0.48735149926184174, "max_depth": 9.0, "num_boost_round": 28.0}, "datetime": {"datetime": "2024-01-19 00:50:07", "elapsed": 2310.338373, "delta": 0.003677}}
{"target": -13.761888271862968, "params": {"gamma": 391.3967908969057, "log10_alpha": -4.478172695576145, "log10_colsample_bytree": -0.7609822749852446, "log10_eta": -1.356222638347663, "log10_lambda": -2.084308015673791, "log10_min_child_weight": 3.826782704536127, "log10_subsample": -0.48735149926184174, "max_depth": 9.0, "num_boost_round": 29.0}, "datetime": {"datetime": "2024-01-19 00:50:07", "elapsed": 2310.34202, "delta": 0.003647}}
{"target": -13.761533270146014, "params": {"gamma": 391.3967908969057, "log10_alpha": -4.478172695576145, "log10_colsample_bytree": -0.7609822749852446, "log10_eta": -1.356222638347663, "log10_lambda": -2.084308015673791, "log10_min_child_weight": 3.826782704536127, "log10_subsample": -0.48735149926184174, "max_depth": 9.0, "num_boost_round": 30.0}, "datetime": {"datetime": "2024-01-19 00:50:07", "elapsed": 2310.345729, "delta": 0.003709}}
{"target": -13.76150680270998, "params": {"gamma": 391.3967908969057, "log10_alpha": -4.478172695576145, "log10_colsample_bytree": -0.7609822749852446, "log10_eta": -1.356222638347663, "log10_lambda": -2.084308015673791, "log10_min_child_weight": 3.826782704536127, "log10_subsample": -0.48735149926184174, "max_depth": 9.0, "num_boost_round": 31.0}, "datetime": {"datetime": "2024-01-19 00:50:07", "elapsed": 2310.349386, "delta": 0.003657}}
{"target": -13.76259209709464, "params": {"gamma": 391.3967908969057, "log10_alpha": -4.478172695576145, "log10_colsample_bytree": -0.7609822749852446, "log10_eta": -1.356222638347663, "log10_lambda": -2.084308015673791, "log10_min_child_weight": 3.826782704536127, "log10_subsample": -0.48735149926184174, "max_depth": 9.0, "num_boost_round": 32.0}, "datetime": {"datetime": "2024-01-19 00:50:07", "elapsed": 2310.353077, "delta": 0.003691}}
{"target": -13.762485082378198, "params": {"gamma": 391.3967908969057, "log10_alpha": -4.478172695576145, "log10_colsample_bytree": -0.7609822749852446, "log10_eta": -1.356222638347663, "log10_lambda": -2.084308015673791, "log10_min_child_weight": 3.826782704536127, "log10_subsample": -0.48735149926184174, "max_depth": 9.0, "num_boost_round": 33.0}, "datetime": {"datetime": "2024-01-19 00:50:07", "elapsed": 2310.356743, "delta": 0.003666}}
{"target": -13.762956037238332, "params": {"gamma": 391.3967908969057, "log10_alpha": -4.478172695576145, "log10_colsample_bytree": -0.7609822749852446, "log10_eta": -1.356222638347663, "log10_lambda": -2.084308015673791, "log10_min_child_weight": 3.826782704536127, "log10_subsample": -0.48735149926184174, "max_depth": 9.0, "num_boost_round": 34.0}, "datetime": {"datetime": "2024-01-19 00:50:07", "elapsed": 2310.36039, "delta": 0.003647}}
{"target": -13.762596288624144, "params": {"gamma": 391.3967908969057, "log10_alpha": -4.478172695576145, "log10_colsample_bytree": -0.7609822749852446, "log10_eta": -1.356222638347663, "log10_lambda": -2.084308015673791, "log10_min_child_weight": 3.826782704536127, "log10_subsample": -0.48735149926184174, "max_depth": 9.0, "num_boost_round": 35.0}, "datetime": {"datetime": "2024-01-19 00:50:07", "elapsed": 2310.364483, "delta": 0.004093}}
{"target": -13.762627803860186, "params": {"gamma": 391.3967908969057, "log10_alpha": -4.478172695576145, "log10_colsample_bytree": -0.7609822749852446, "log10_eta": -1.356222638347663, "log10_lambda": -2.084308015673791, "log10_min_child_weight": 3.826782704536127, "log10_subsample": -0.48735149926184174, "max_depth": 9.0, "num_boost_round": 36.0}, "datetime": {"datetime": "2024-01-19 00:50:07", "elapsed": 2310.368864, "delta": 0.004381}}
{"target": -13.763231508912108, "params": {"gamma": 391.3967908969057, "log10_alpha": -4.478172695576145, "log10_colsample_bytree": -0.7609822749852446, "log10_eta": -1.356222638347663, "log10_lambda": -2.084308015673791, "log10_min_child_weight": 3.826782704536127, "log10_subsample": -0.48735149926184174, "max_depth": 9.0, "num_boost_round": 37.0}, "datetime": {"datetime": "2024-01-19 00:50:07", "elapsed": 2310.372759, "delta": 0.003895}}
{"target": -13.764129569156864, "params": {"gamma": 391.3967908969057, "log10_alpha": -4.478172695576145, "log10_colsample_bytree": -0.7609822749852446, "log10_eta": -1.356222638347663, "log10_lambda": -2.084308015673791, "log10_min_child_weight": 3.826782704536127, "log10_subsample": -0.48735149926184174, "max_depth": 9.0, "num_boost_round": 38.0}, "datetime": {"datetime": "2024-01-19 00:50:07", "elapsed": 2310.376333, "delta": 0.003574}}
{"target": -13.76402447057769, "params": {"gamma": 391.3967908969057, "log10_alpha": -4.478172695576145, "log10_colsample_bytree": -0.7609822749852446, "log10_eta": -1.356222638347663, "log10_lambda": -2.084308015673791, "log10_min_child_weight": 3.826782704536127, "log10_subsample": -0.48735149926184174, "max_depth": 9.0, "num_boost_round": 39.0}, "datetime": {"datetime": "2024-01-19 00:50:07", "elapsed": 2310.379907, "delta": 0.003574}}
{"target": -13.764844417983099, "params": {"gamma": 391.3967908969057, "log10_alpha": -4.478172695576145, "log10_colsample_bytree": -0.7609822749852446, "log10_eta": -1.356222638347663, "log10_lambda": -2.084308015673791, "log10_min_child_weight": 3.826782704536127, "log10_subsample": -0.48735149926184174, "max_depth": 9.0, "num_boost_round": 40.0}, "datetime": {"datetime": "2024-01-19 00:50:07", "elapsed": 2310.383487, "delta": 0.00358}}
{"target": -13.764741535398684, "params": {"gamma": 391.3967908969057, "log10_alpha": -4.478172695576145, "log10_colsample_bytree": -0.7609822749852446, "log10_eta": -1.356222638347663, "log10_lambda": -2.084308015673791, "log10_min_child_weight": 3.826782704536127, "log10_subsample": -0.48735149926184174, "max_depth": 9.0, "num_boost_round": 41.0}, "datetime": {"datetime": "2024-01-19 00:50:07", "elapsed": 2310.387033, "delta": 0.003546}}
{"target": -13.765509840362794, "params": {"gamma": 391.3967908969057, "log10_alpha": -4.478172695576145, "log10_colsample_bytree": -0.7609822749852446, "log10_eta": -1.356222638347663, "log10_lambda": -2.084308015673791, "log10_min_child_weight": 3.826782704536127, "log10_subsample": -0.48735149926184174, "max_depth": 9.0, "num_boost_round": 42.0}, "datetime": {"datetime": "2024-01-19 00:50:07", "elapsed": 2310.390871, "delta": 0.003838}}
{"target": -13.765792567434492, "params": {"gamma": 391.3967908969057, "log10_alpha": -4.478172695576145, "log10_colsample_bytree": -0.7609822749852446, "log10_eta": -1.356222638347663, "log10_lambda": -2.084308015673791, "log10_min_child_weight": 3.826782704536127, "log10_subsample": -0.48735149926184174, "max_depth": 9.0, "num_boost_round": 43.0}, "datetime": {"datetime": "2024-01-19 00:50:07", "elapsed": 2310.394557, "delta": 0.003686}}
{"target": -13.765866849822515, "params": {"gamma": 391.3967908969057, "log10_alpha": -4.478172695576145, "log10_colsample_bytree": -0.7609822749852446, "log10_eta": -1.356222638347663, "log10_lambda": -2.084308015673791, "log10_min_child_weight": 3.826782704536127, "log10_subsample": -0.48735149926184174, "max_depth": 9.0, "num_boost_round": 44.0}, "datetime": {"datetime": "2024-01-19 00:50:07", "elapsed": 2310.398426, "delta": 0.003869}}
{"target": -13.765984085499388, "params": {"gamma": 391.3967908969057, "log10_alpha": -4.478172695576145, "log10_colsample_bytree": -0.7609822749852446, "log10_eta": -1.356222638347663, "log10_lambda": -2.084308015673791, "log10_min_child_weight": 3.826782704536127, "log10_subsample": -0.48735149926184174, "max_depth": 9.0, "num_boost_round": 45.0}, "datetime": {"datetime": "2024-01-19 00:50:07", "elapsed": 2310.402397, "delta": 0.003971}}
{"target": -13.765913849865647, "params": {"gamma": 391.3967908969057, "log10_alpha": -4.478172695576145, "log10_colsample_bytree": -0.7609822749852446, "log10_eta": -1.356222638347663, "log10_lambda": -2.084308015673791, "log10_min_child_weight": 3.826782704536127, "log10_subsample": -0.48735149926184174, "max_depth": 9.0, "num_boost_round": 46.0}, "datetime": {"datetime": "2024-01-19 00:50:07", "elapsed": 2310.406007, "delta": 0.00361}}
{"target": -13.766189249447015, "params": {"gamma": 391.3967908969057, "log10_alpha": -4.478172695576145, "log10_colsample_bytree": -0.7609822749852446, "log10_eta": -1.356222638347663, "log10_lambda": -2.084308015673791, "log10_min_child_weight": 3.826782704536127, "log10_subsample": -0.48735149926184174, "max_depth": 9.0, "num_boost_round": 47.0}, "datetime": {"datetime": "2024-01-19 00:50:07", "elapsed": 2310.409827, "delta": 0.00382}}
{"target": -13.758531747284273, "params": {"gamma": 433.4421986516401, "log10_alpha": -2.930085705858752, "log10_colsample_bytree": -0.011878649933048102, "log10_eta": -3.2024641571702226, "log10_lambda": -1.8691356520465514, "log10_min_child_weight": 0.5259523839471658, "log10_subsample": -0.7655042223782579, "max_depth": 2.0, "num_boost_round": 0.0}, "datetime": {"datetime": "2024-01-19 00:50:39", "elapsed": 2342.892646, "delta": 32.482819}}
{"target": -13.758525400965873, "params": {"gamma": 433.4421986516401, "log10_alpha": -2.930085705858752, "log10_colsample_bytree": -0.011878649933048102, "log10_eta": -3.2024641571702226, "log10_lambda": -1.8691356520465514, "log10_min_child_weight": 0.5259523839471658, "log10_subsample": -0.7655042223782579, "max_depth": 2.0, "num_boost_round": 1.0}, "datetime": {"datetime": "2024-01-19 00:50:39", "elapsed": 2342.896908, "delta": 0.004262}}
