{"target": -13.76122059170422, "params": {"gamma": 836.4545139691664, "log10_alpha": -3.1048813673766, "log10_colsample_bytree": -0.7389126323739499, "log10_eta": -0.8153288496636226, "log10_lambda": -3.632782042683902, "log10_min_child_weight": 4.692942841060568, "log10_subsample": -0.7449283100299439, "max_depth": 6.0, "num_boost_round": 7.0}, "datetime": {"datetime": "2024-01-19 00:48:44", "elapsed": 2244.992672, "delta": 0.002388}}
{"target": -13.762020094081139, "params": {"gamma": 836.4545139691664, "log10_alpha": -3.1048813673766, "log10_colsample_bytree": -0.7389126323739499, "log10_eta": -0.8153288496636226, "log10_lambda": -3.632782042683902, "log10_min_child_weight": 4.692942841060568, "log10_subsample": -0.7449283100299439, "max_depth": 6.0, "num_boost_round": 8.0}, "datetime": {"datetime": "2024-01-19 00:48:44", "elapsed": 2244.995031, "delta": 0.002359}}
{"target": -13.761753499910983, "params": {"gamma": 836.4545139691664, "log10_alpha": -3.1048813673766, "log10_colsample_bytree": -0.7389126323739499, "log10_eta": -0.8153288496636226, "log10_lambda": -3.632782042683902, "log10_min_child_weight": 4.692942841060568, "log10_subsample": -0.7449283100299439, "max_depth": 6.0, "num_boost_round": 9.0}, "datetime": {"datetime": "2024-01-19 00:48:44", "elapsed": 2244.997558, "delta": 0.002527}}
{"target": -13.761692695661388, "params": {"gamma": 836.4545139691664, "log10_alpha": -3.1048813673766, "log10_colsample_bytree": -0.7389126323739499, "log10_eta": -0.8153288496636226, "log10_lambda": -3.632782042683902, "log10_min_child_weight": 4.692942841060568, "log10_subsample": -0.7449283100299439, "max_depth": 6.0, "num_boost_round": 10.0}, "datetime": {"datetime": "2024-01-19 00:48:45", "elapsed": 2245.000747, "delta": 0.003189}}
{"target": -13.761163104562856, "params": {"gamma": 836.4545139691664, "log10_alpha": -3.1048813673766, "log10_colsample_bytree": -0.7389126323739499, "log10_eta": -0.8153288496636226, "log10_lambda": -3.632782042683902, "log10_min_child_weight": 4.692942841060568, "log10_subsample": -0.7449283100299439, "max_depth": 6.0, "num_boost_round": 11.0}, "datetime": {"datetime": "2024-01-19 00:48:45", "elapsed": 2245.003165, "delta": 0.002418}}
{"target": -13.761431425955822, "params": {"gamma": 836.4545139691664, "log10_alpha": -3.1048813673766, "log10_colsample_bytree": -0.7389126323739499, "log10_eta": -0.8153288496636226, "log10_lambda": -3.632782042683902, "log10_min_child_weight": 4.692942841060568, "log10_subsample": -0.7449283100299439, "max_depth": 6.0, "num_boost_round": 12.0}, "datetime": {"datetime": "2024-01-19 00:48:45", "elapsed": 2245.005463, "delta": 0.002298}}
{"target": -13.76111888814314, "params": {"gamma": 836.4545139691664, "log10_alpha": -3.1048813673766, "log10_colsample_bytree": -0.7389126323739499, "log10_eta": -0.8153288496636226, "log10_lambda": -3.632782042683902, "log10_min_child_weight": 4.692942841060568, "log10_subsample": -0.7449283100299439, "max_depth": 6.0, "num_boost_round": 13.0}, "datetime": {"datetime": "2024-01-19 00:48:45", "elapsed": 2245.007917, "delta": 0.002454}}
{"target": -13.761977474164732, "params": {"gamma": 836.4545139691664, "log10_alpha": -3.1048813673766, "log10_colsample_bytree": -0.7389126323739499, "log10_eta": -0.8153288496636226, "log10_lambda": -3.632782042683902, "log10_min_child_weight": 4.692942841060568, "log10_subsample": -0.7449283100299439, "max_depth": 6.0, "num_boost_round": 14.0}, "datetime": {"datetime": "2024-01-19 00:48:45", "elapsed": 2245.010269, "delta": 0.002352}}
{"target": -13.762220313290916, "params": {"gamma": 836.4545139691664, "log10_alpha": -3.1048813673766, "log10_colsample_bytree": -0.7389126323739499, "log10_eta": -0.8153288496636226, "log10_lambda": -3.632782042683902, "log10_min_child_weight": 4.692942841060568, "log10_subsample": -0.7449283100299439, "max_depth": 6.0, "num_boost_round": 15.0}, "datetime": {"datetime": "2024-01-19 00:48:45", "elapsed": 2245.012692, "delta": 0.002423}}
{"target": -13.76272192161759, "params": {"gamma": 836.4545139691664, "log10_alpha": -3.1048813673766, "log10_colsample_bytree": -0.7389126323739499, "log10_eta": -0.8153288496636226, "log10_lambda": -3.632782042683902, "log10_min_child_weight": 4.692942841060568, "log10_subsample": -0.7449283100299439, "max_depth": 6.0, "num_boost_round": 16.0}, "datetime": {"datetime": "2024-01-19 00:48:45", "elapsed": 2245.015221, "delta": 0.002529}}
{"target": -13.763473882406556, "params": {"gamma": 836.4545139691664, "log10_alpha": -3.1048813673766, "log10_colsample_bytree": -0.7389126323739499, "log10_eta": -0.8153288496636226, "log10_lambda": -3.632782042683902, "log10_min_child_weight": 4.692942841060568, "log10_subsample": -0.7449283100299439, "max_depth": 6.0, "num_boost_round": 17.0}, "datetime": {"datetime": "2024-01-19 00:48:45", "elapsed": 2245.017579, "delta": 0.002358}}
{"target": -13.763724559752662, "params": {"gamma": 836.4545139691664, "log10_alpha": -3.1048813673766, "log10_colsample_bytree": -0.7389126323739499, "log10_eta": -0.8153288496636226, "log10_lambda": -3.632782042683902, "log10_min_child_weight": 4.692942841060568, "log10_subsample": -0.7449283100299439, "max_depth": 6.0, "num_boost_round": 18.0}, "datetime": {"datetime": "2024-01-19 00:48:45", "elapsed": 2245.020022, "delta": 0.002443}}
{"target": -13.758537035452266, "params": {"gamma": 859.7497207539692, "log10_alpha": -0.4809550372105118, "log10_colsample_bytree": -0.8588042126176073, "log10_eta": -3.4193240677538688, "log10_lambda": -4.181144329064134, "log10_min_child_weight": 4.365558614929595, "log10_subsample": -0.9370568228437841, "max_depth": 3.0, "num_boost_round": 0.0}, "datetime": {"datetime": "2024-01-19 00:49:10", "elapsed": 2270.345079, "delta": 25.325057}}
{"target": -13.75853457112827, "params": {"gamma": 859.7497207539692, "log10_alpha": -0.4809550372105118, "log10_colsample_bytree": -0.8588042126176073, "log10_eta": -3.4193240677538688, "log10_lambda": -4.181144329064134, "log10_min_child_weight": 4.365558614929595, "log10_subsample": -0.9370568228437841, "max_depth": 3.0, "num_boost_round": 1.0}, "datetime": {"datetime": "2024-01-19 00:49:10", "elapsed": 2270.347908, "delta": 0.002829}}
{"target": -13.758534503024084, "params": {"gamma": 859.7497207539692, "log10_alpha": -0.4809550372105118, "log10_colsample_bytree": -0.8588042126176073, "log10_eta": -3.4193240677538688, "log10_lambda": -4.181144329064134, "log10_min_child_weight": 4.365558614929595, "log10_subsample": -0.9370568228437841, "max_depth": 3.0, "num_boost_round": 2.0}, "datetime": {"datetime": "2024-01-19 00:49:10", "elapsed": 2270.350618, "delta": 0.00271}}
{"target": -13.758533591486358, "params": {"gamma": 859.7497207539692, "log10_alpha": -0.4809550372105118, "log10_colsample_bytree": -0.8588042126176073, "log10_eta": -3.4193240677538688, "log10_lambda": -4.181144329064134, "log10_min_child_weight": 4.365558614929595, "log10_subsample": -0.9370568228437841, "max_depth": 3.0, "num_boost_round": 3.0}, "datetime": {"datetime": "2024-01-19 00:49:10", "elapsed": 2270.353145, "delta": 0.002527}}
{"target": -13.758534317517176, "params": {"gamma": 859.7497207539692, "log10_alpha": -0.4809550372105118, "log10_colsample_bytree": -0.8588042126176073, "log10_eta": -3.4193240677538688, "log10_lambda": -4.181144329064134, "log10_min_child_weight": 4.365558614929595, "log10_subsample": -0.9370568228437841, "max_depth": 3.0, "num_boost_round": 4.0}, "datetime": {"datetime": "2024-01-19 00:49:10", "elapsed": 2270.355692, "delta": 0.002547}}
{"target": -13.758533751652944, "params": {"gamma": 859.7497207539692, "log10_alpha": -0.4809550372105118, "log10_colsample_bytree": -0.8588042126176073, "log10_eta": -3.4193240677538688, "log10_lambda": -4.181144329064134, "log10_min_child_weight": 4.365558614929595, "log10_subsample": -0.9370568228437841, "max_depth": 3.0, "num_boost_round": 5.0}, "datetime": {"datetime": "2024-01-19 00:49:10", "elapsed": 2270.358125, "delta": 0.002433}}
{"target": -13.7585351497945, "params": {"gamma": 859.7497207539692, "log10_alpha": -0.4809550372105118, "log10_colsample_bytree": -0.8588042126176073, "log10_eta": -3.4193240677538688, "log10_lambda": -4.181144329064134, "log10_min_child_weight": 4.365558614929595, "log10_subsample": -0.9370568228437841, "max_depth": 3.0, "num_boost_round": 6.0}, "datetime": {"datetime": "2024-01-19 00:49:10", "elapsed": 2270.360563, "delta": 0.002438}}
{"target": -13.758534035385756, "params": {"gamma": 859.7497207539692, "log10_alpha": -0.4809550372105118, "log10_colsample_bytree": -0.8588042126176073, "log10_eta": -3.4193240677538688, "log10_lambda": -4.181144329064134, "log10_min_child_weight": 4.365558614929595, "log10_subsample": -0.9370568228437841, "max_depth": 3.0, "num_boost_round": 7.0}, "datetime": {"datetime": "2024-01-19 00:49:10", "elapsed": 2270.363133, "delta": 0.00257}}
{"target": -13.758533023893113, "params": {"gamma": 859.7497207539692, "log10_alpha": -0.4809550372105118, "log10_colsample_bytree": -0.8588042126176073, "log10_eta": -3.4193240677538688, "log10_lambda": -4.181144329064134, "log10_min_child_weight": 4.365558614929595, "log10_subsample": -0.9370568228437841, "max_depth": 3.0, "num_boost_round": 8.0}, "datetime": {"datetime": "2024-01-19 00:49:10", "elapsed": 2270.36553, "delta": 0.002397}}
{"target": -13.75853400317738, "params": {"gamma": 859.7497207539692, "log10_alpha": -0.4809550372105118, "log10_colsample_bytree": -0.8588042126176073, "log10_eta": -3.4193240677538688, "log10_lambda": -4.181144329064134, "log10_min_child_weight": 4.365558614929595, "log10_subsample": -0.9370568228437841, "max_depth": 3.0, "num_boost_round": 9.0}, "datetime": {"datetime": "2024-01-19 00:49:10", "elapsed": 2270.367948, "delta": 0.002418}}
{"target": -13.758530841629431, "params": {"gamma": 859.7497207539692, "log10_alpha": -0.4809550372105118, "log10_colsample_bytree": -0.8588042126176073, "log10_eta": -3.4193240677538688, "log10_lambda": -4.181144329064134, "log10_min_child_weight": 4.365558614929595, "log10_subsample": -0.9370568228437841, "max_depth": 3.0, "num_boost_round": 10.0}, "datetime": {"datetime": "2024-01-19 00:49:10", "elapsed": 2270.370321, "delta": 0.002373}}
{"target": -13.758529279032926, "params": {"gamma": 859.7497207539692, "log10_alpha": -0.4809550372105118, "log10_colsample_bytree": -0.8588042126176073, "log10_eta": -3.4193240677538688, "log10_lambda": -4.181144329064134, "log10_min_child_weight": 4.365558614929595, "log10_subsample": -0.9370568228437841, "max_depth": 3.0, "num_boost_round": 11.0}, "datetime": {"datetime": "2024-01-19 00:49:10", "elapsed": 2270.372648, "delta": 0.002327}}
{"target": -13.758604729898915, "params": {"gamma": 840.3762326089792, "log10_alpha": -2.6429045158671767, "log10_colsample_bytree": -0.2127858856422571, "log10_eta": -2.413776236210054, "log10_lambda": -4.112462791020853, "log10_min_child_weight": 2.026467646332449, "log10_subsample": -0.12444468362706496, "max_depth": 7.0, "num_boost_round": 0.0}, "datetime": {"datetime": "2024-01-19 00:49:42", "elapsed": 2302.864828, "delta": 32.49218}}
{"target": -13.758569862888066, "params": {"gamma": 840.3762326089792, "log10_alpha": -2.6429045158671767, "log10_colsample_bytree": -0.2127858856422571, "log10_eta": -2.413776236210054, "log10_lambda": -4.112462791020853, "log10_min_child_weight": 2.026467646332449, "log10_subsample": -0.12444468362706496, "max_depth": 7.0, "num_boost_round": 1.0}, "datetime": {"datetime": "2024-01-19 00:49:42", "elapsed": 2302.867527, "delta": 0.002699}}
{"target": -13.758392693556972, "params": {"gamma": 840.3762326089792, "log10_alpha": -2.6429045158671767, "log10_colsample_bytree": -0.2127858856422571, "log10_eta": -2.413776236210054, "log10_lambda": -4.112462791020853, "log10_min_child_weight": 2.026467646332449, "log10_subsample": -0.12444468362706496, "max_depth": 7.0, "num_boost_round": 2.0}, "datetime": {"datetime": "2024-01-19 00:49:42", "elapsed": 2302.871002, "delta": 0.003475}}
{"target": -13.758245108966484, "params": {"gamma": 840.3762326089792, "log10_alpha": -2.6429045158671767, "log10_colsample_bytree": -0.2127858856422571, "log10_eta": -2.413776236210054, "log10_lambda": -4.112462791020853, "log10_min_child_weight": 2.026467646332449, "log10_subsample": -0.12444468362706496, "max_depth": 7.0, "num_boost_round": 3.0}, "datetime": {"datetime": "2024-01-19 00:49:42", "elapsed": 2302.873594, "delta": 0.002592}}
{"target": -13.758070010310242, "params": {"gamma": 840.3762326089792, "log10_alpha": -2.6429045158671767, "log10_colsample_bytree": -0.2127858856422571, "log10_eta": -2.413776236210054, "log10_lambda": -4.112462791020853, "log10_min_child_weight": 2.026467646332449, "log10_subsample": -0.12444468362706496, "max_depth": 7.0, "num_boost_round": 4.0}, "datetime": {"datetime": "2024-01-19 00:49:42", "elapsed": 2302.87626, "delta": 0.002666}}
{"target": -13.75779148915067, "params": {"gamma": 840.3762326089792, "log10_alpha": -2.6429045158671767, "log10_colsample_bytree": -0.2127858856422571, "log10_eta": -2.413776236210054, "log10_lambda": -4.112462791020853, "log10_min_child_weight": 2.026467646332449, "log10_subsample": -0.12444468362706496, "max_depth": 7.0, "num_boost_round": 5.0}, "datetime": {"datetime": "2024-01-19 00:49:42", "elapsed": 2302.878822, "delta": 0.002562}}
{"target": -13.757758485516739, "params": {"gamma": 840.3762326089792, "log10_alpha": -2.6429045158671767, "log10_colsample_bytree": -0.2127858856422571, "log10_eta": -2.413776236210054, "log10_lambda": -4.112462791020853, "log10_min_child_weight": 2.026467646332449, "log10_subsample": -0.12444468362706496, "max_depth": 7.0, "num_boost_round": 6.0}, "datetime": {"datetime": "2024-01-19 00:49:42", "elapsed": 2302.881343, "delta": 0.002521}}
{"target": -13.757678897140375, "params": {"gamma": 840.3762326089792, "log10_alpha": -2.6429045158671767, "log10_colsample_bytree": -0.2127858856422571, "log10_eta": -2.413776236210054, "log10_lambda": -4.112462791020853, "log10_min_child_weight": 2.026467646332449, "log10_subsample": -0.12444468362706496, "max_depth": 7.0, "num_boost_round": 7.0}, "datetime": {"datetime": "2024-01-19 00:49:42", "elapsed": 2302.883701, "delta": 0.002358}}
{"target": -13.757722977849424, "params": {"gamma": 840.3762326089792, "log10_alpha": -2.6429045158671767, "log10_colsample_bytree": -0.2127858856422571, "log10_eta": -2.413776236210054, "log10_lambda": -4.112462791020853, "log10_min_child_weight": 2.026467646332449, "log10_subsample": -0.12444468362706496, "max_depth": 7.0, "num_boost_round": 8.0}, "datetime": {"datetime": "2024-01-19 00:49:42", "elapsed": 2302.886107, "delta": 0.002406}}
{"target": -13.757752630054453, "params": {"gamma": 840.3762326089792, "log10_alpha": -2.6429045158671767, "log10_colsample_bytree": -0.2127858856422571, "log10_eta": -2.413776236210054, "log10_lambda": -4.112462791020853, "log10_min_child_weight": 2.026467646332449, "log10_subsample": -0.12444468362706496, "max_depth": 7.0, "num_boost_round": 9.0}, "datetime": {"datetime": "2024-01-19 00:49:42", "elapsed": 2302.888564, "delta": 0.002457}}
{"target": -13.757616728340759, "params": {"gamma": 840.3762326089792, "log10_alpha": -2.6429045158671767, "log10_colsample_bytree": -0.2127858856422571, "log10_eta": -2.413776236210054, "log10_lambda": -4.112462791020853, "log10_min_child_weight": 2.026467646332449, "log10_subsample": -0.12444468362706496, "max_depth": 7.0, "num_boost_round": 10.0}, "datetime": {"datetime": "2024-01-19 00:49:42", "elapsed": 2302.890993, "delta": 0.002429}}
{"target": -13.757534291408659, "params": {"gamma": 840.3762326089792, "log10_alpha": -2.6429045158671767, "log10_colsample_bytree": -0.2127858856422571, "log10_eta": -2.413776236210054, "log10_lambda": -4.112462791020853, "log10_min_child_weight": 2.026467646332449, "log10_subsample": -0.12444468362706496, "max_depth": 7.0, "num_boost_round": 11.0}, "datetime": {"datetime": "2024-01-19 00:49:42", "elapsed": 2302.893556, "delta": 0.002563}}
{"target": -13.757569928116043, "params": {"gamma": 840.3762326089792, "log10_alpha": -2.6429045158671767, "log10_colsample_bytree": -0.2127858856422571, "log10_eta": -2.413776236210054, "log10_lambda": -4.112462791020853, "log10_min_child_weight": 2.026467646332449, "log10_subsample": -0.12444468362706496, "max_depth": 7.0, "num_boost_round": 12.0}, "datetime": {"datetime": "2024-01-19 00:49:42", "elapsed": 2302.896008, "delta": 0.002452}}
{"target": -13.757730097699175, "params": {"gamma": 840.3762326089792, "log10_alpha": -2.6429045158671767, "log10_colsample_bytree": -0.2127858856422571, "log10_eta": -2.413776236210054, "log10_lambda": -4.112462791020853, "log10_min_child_weight": 2.026467646332449, "log10_subsample": -0.12444468362706496, "max_depth": 7.0, "num_boost_round": 13.0}, "datetime": {"datetime": "2024-01-19 00:49:42", "elapsed": 2302.898422, "delta": 0.002414}}
{"target": -13.757687597335389, "params": {"gamma": 840.3762326089792, "log10_alpha": -2.6429045158671767, "log10_colsample_bytree": -0.2127858856422571, "log10_eta": -2.413776236210054, "log10_lambda": -4.112462791020853, "log10_min_child_weight": 2.026467646332449, "log10_subsample": -0.12444468362706496, "max_depth": 7.0, "num_boost_round": 14.0}, "datetime": {"datetime": "2024-01-19 00:49:42", "elapsed": 2302.900907, "delta": 0.002485}}
{"target": -13.757642648364234, "params": {"gamma": 840.3762326089792, "log10_alpha": -2.6429045158671767, "log10_colsample_bytree": -0.2127858856422571, "log10_eta": -2.413776236210054, "log10_lambda": -4.112462791020853, "log10_min_child_weight": 2.026467646332449, "log10_subsample": -0.12444468362706496, "max_depth": 7.0, "num_boost_round": 15.0}, "datetime": {"datetime": "2024-01-19 00:49:42", "elapsed": 2302.903313, "delta": 0.002406}}
{"target": -13.757586117072162, "params": {"gamma": 840.3762326089792, "log10_alpha": -2.6429045158671767, "log10_colsample_bytree": -0.2127858856422571, "log10_eta": -2.413776236210054, "log10_lambda": -4.112462791020853, "log10_min_child_weight": 2.026467646332449, "log10_subsample": -0.12444468362706496, "max_depth": 7.0, "num_boost_round": 16.0}, "datetime": {"datetime": "2024-01-19 00:49:42", "elapsed": 2302.90578, "delta": 0.002467}}
{"target": -13.757557827994953, "params": {"gamma": 840.3762326089792, "log10_alpha": -2.6429045158671767, "log10_colsample_bytree": -0.2127858856422571, "log10_eta": -2.413776236210054, "log10_lambda": -4.112462791020853, "log10_min_child_weight": 2.026467646332449, "log10_subsample": -0.12444468362706496, "max_depth": 7.0, "num_boost_round": 17.0}, "datetime": {"datetime": "2024-01-19 00:49:42", "elapsed": 2302.908238, "delta": 0.002458}}
{"target": -13.757709851050432, "params": {"gamma": 840.3762326089792, "log10_alpha": -2.6429045158671767, "log10_colsample_bytree": -0.2127858856422571, "log10_eta": -2.413776236210054, "log10_lambda": -4.112462791020853, "log10_min_child_weight": 2.026467646332449, "log10_subsample": -0.12444468362706496, "max_depth": 7.0, "num_boost_round": 18.0}, "datetime": {"datetime": "2024-01-19 00:49:42", "elapsed": 2302.910702, "delta": 0.002464}}
{"target": -13.75775784093498, "params": {"gamma": 840.3762326089792, "log10_alpha": -2.6429045158671767, "log10_colsample_bytree": -0.2127858856422571, "log10_eta": -2.413776236210054, "log10_lambda": -4.112462791020853, "log10_min_child_weight": 2.026467646332449, "log10_subsample": -0.12444468362706496, "max_depth": 7.0, "num_boost_round": 19.0}, "datetime": {"datetime": "2024-01-19 00:49:42", "elapsed": 2302.913103, "delta": 0.002401}}
{"target": -13.75779259254025, "params": {"gamma": 840.3762326089792, "log10_alpha": -2.6429045158671767, "log10_colsample_bytree": -0.2127858856422571, "log10_eta": -2.413776236210054, "log10_lambda": -4.112462791020853, "log10_min_child_weight": 2.026467646332449, "log10_subsample": -0.12444468362706496, "max_depth": 7.0, "num_boost_round": 20.0}, "datetime": {"datetime": "2024-01-19 00:49:42", "elapsed": 2302.915502, "delta": 0.002399}}
{"target": -13.757808707618159, "params": {"gamma": 840.3762326089792, "log10_alpha": -2.6429045158671767, "log10_colsample_bytree": -0.2127858856422571, "log10_eta": -2.413776236210054, "log10_lambda": -4.112462791020853, "log10_min_child_weight": 2.026467646332449, "log10_subsample": -0.12444468362706496, "max_depth": 7.0, "num_boost_round": 21.0}, "datetime": {"datetime": "2024-01-19 00:49:42", "elapsed": 2302.918085, "delta": 0.002583}}
{"target": -13.757787909942124, "params": {"gamma": 840.3762326089792, "log10_alpha": -2.6429045158671767, "log10_colsample_bytree": -0.2127858856422571, "log10_eta": -2.413776236210054, "log10_lambda": -4.112462791020853, "log10_min_child_weight": 2.026467646332449, "log10_subsample": -0.12444468362706496, "max_depth": 7.0, "num_boost_round": 22.0}, "datetime": {"datetime": "2024-01-19 00:49:42", "elapsed": 2302.92049, "delta": 0.002405}}
{"target": -13.75769393977951, "params": {"gamma": 840.3762326089792, "log10_alpha": -2.6429045158671767, "log10_colsample_bytree": -0.2127858856422571, "log10_eta": -2.413776236210054, "log10_lambda": -4.112462791020853, "log10_min_child_weight": 2.026467646332449, "log10_subsample": -0.12444468362706496, "max_depth": 7.0, "num_boost_round": 23.0}, "datetime": {"datetime": "2024-01-19 00:49:42", "elapsed": 2302.922984, "delta": 0.002494}}
{"target": -13.757676678041436, "params": {"gamma": 840.3762326089792, "log10_alpha": -2.6429045158671767, "log10_colsample_bytree": -0.2127858856422571, "log10_eta": -2.413776236210054, "log10_lambda": -4.112462791020853, "log10_min_child_weight": 2.026467646332449, "log10_subsample": -0.12444468362706496, "max_depth": 7.0, "num_boost_round": 24.0}, "datetime": {"datetime": "2024-01-19 00:49:42", "elapsed": 2302.925478, "delta": 0.002494}}
