{"target": -17.677230409999826, "params": {"gamma": 166.99802046599598, "log10_alpha": -3.6757615778859116, "log10_colsample_bytree": -0.938236733498605, "log10_eta": -3.9841712258356976, "log10_lambda": 0.3239356874626589, "log10_min_child_weight": 3.6883350396592323, "log10_subsample": -0.35932668420700387, "max_depth": 2.0, "num_boost_round": 3.0}, "datetime": {"datetime": "2024-01-19 00:58:59", "elapsed": 2823.527322, "delta": 0.004742}}
{"target": -17.67722898010397, "params": {"gamma": 166.99802046599598, "log10_alpha": -3.6757615778859116, "log10_colsample_bytree": -0.938236733498605, "log10_eta": -3.9841712258356976, "log10_lambda": 0.3239356874626589, "log10_min_child_weight": 3.6883350396592323, "log10_subsample": -0.35932668420700387, "max_depth": 2.0, "num_boost_round": 4.0}, "datetime": {"datetime": "2024-01-19 00:58:59", "elapsed": 2823.531017, "delta": 0.003695}}
{"target": -17.677228591905322, "params": {"gamma": 166.99802046599598, "log10_alpha": -3.6757615778859116, "log10_colsample_bytree": -0.938236733498605, "log10_eta": -3.9841712258356976, "log10_lambda": 0.3239356874626589, "log10_min_child_weight": 3.6883350396592323, "log10_subsample": -0.35932668420700387, "max_depth": 2.0, "num_boost_round": 5.0}, "datetime": {"datetime": "2024-01-19 00:58:59", "elapsed": 2823.534635, "delta": 0.003618}}
{"target": -17.677230008369392, "params": {"gamma": 166.99802046599598, "log10_alpha": -3.6757615778859116, "log10_colsample_bytree": -0.938236733498605, "log10_eta": -3.9841712258356976, "log10_lambda": 0.3239356874626589, "log10_min_child_weight": 3.6883350396592323, "log10_subsample": -0.35932668420700387, "max_depth": 2.0, "num_boost_round": 6.0}, "datetime": {"datetime": "2024-01-19 00:58:59", "elapsed": 2823.538301, "delta": 0.003666}}
{"target": -17.677229096104007, "params": {"gamma": 166.99802046599598, "log10_alpha": -3.6757615778859116, "log10_colsample_bytree": -0.938236733498605, "log10_eta": -3.9841712258356976, "log10_lambda": 0.3239356874626589, "log10_min_child_weight": 3.6883350396592323, "log10_subsample": -0.35932668420700387, "max_depth": 2.0, "num_boost_round": 7.0}, "datetime": {"datetime": "2024-01-19 00:58:59", "elapsed": 2823.542, "delta": 0.003699}}
{"target": -17.677227022383843, "params": {"gamma": 166.99802046599598, "log10_alpha": -3.6757615778859116, "log10_colsample_bytree": -0.938236733498605, "log10_eta": -3.9841712258356976, "log10_lambda": 0.3239356874626589, "log10_min_child_weight": 3.6883350396592323, "log10_subsample": -0.35932668420700387, "max_depth": 2.0, "num_boost_round": 8.0}, "datetime": {"datetime": "2024-01-19 00:58:59", "elapsed": 2823.54556, "delta": 0.00356}}
{"target": -17.677227090573687, "params": {"gamma": 166.99802046599598, "log10_alpha": -3.6757615778859116, "log10_colsample_bytree": -0.938236733498605, "log10_eta": -3.9841712258356976, "log10_lambda": 0.3239356874626589, "log10_min_child_weight": 3.6883350396592323, "log10_subsample": -0.35932668420700387, "max_depth": 2.0, "num_boost_round": 9.0}, "datetime": {"datetime": "2024-01-19 00:58:59", "elapsed": 2823.54922, "delta": 0.00366}}
{"target": -17.677227049571666, "params": {"gamma": 166.99802046599598, "log10_alpha": -3.6757615778859116, "log10_colsample_bytree": -0.938236733498605, "log10_eta": -3.9841712258356976, "log10_lambda": 0.3239356874626589, "log10_min_child_weight": 3.6883350396592323, "log10_subsample": -0.35932668420700387, "max_depth": 2.0, "num_boost_round": 10.0}, "datetime": {"datetime": "2024-01-19 00:58:59", "elapsed": 2823.55301, "delta": 0.00379}}
{"target": -17.677225646624844, "params": {"gamma": 166.99802046599598, "log10_alpha": -3.6757615778859116, "log10_colsample_bytree": -0.938236733498605, "log10_eta": -3.9841712258356976, "log10_lambda": 0.3239356874626589, "log10_min_child_weight": 3.6883350396592323, "log10_subsample": -0.35932668420700387, "max_depth": 2.0, "num_boost_round": 11.0}, "datetime": {"datetime": "2024-01-19 00:58:59", "elapsed": 2823.556623, "delta": 0.003613}}
{"target": -17.67722372934978, "params": {"gamma": 166.99802046599598, "log10_alpha": -3.6757615778859116, "log10_colsample_bytree": -0.938236733498605, "log10_eta": -3.9841712258356976, "log10_lambda": 0.3239356874626589, "log10_min_child_weight": 3.6883350396592323, "log10_subsample": -0.35932668420700387, "max_depth": 2.0, "num_boost_round": 12.0}, "datetime": {"datetime": "2024-01-19 00:58:59", "elapsed": 2823.560237, "delta": 0.003614}}
{"target": -17.677222603346685, "params": {"gamma": 166.99802046599598, "log10_alpha": -3.6757615778859116, "log10_colsample_bytree": -0.938236733498605, "log10_eta": -3.9841712258356976, "log10_lambda": 0.3239356874626589, "log10_min_child_weight": 3.6883350396592323, "log10_subsample": -0.35932668420700387, "max_depth": 2.0, "num_boost_round": 13.0}, "datetime": {"datetime": "2024-01-19 00:58:59", "elapsed": 2823.563771, "delta": 0.003534}}
{"target": -17.677221551308403, "params": {"gamma": 166.99802046599598, "log10_alpha": -3.6757615778859116, "log10_colsample_bytree": -0.938236733498605, "log10_eta": -3.9841712258356976, "log10_lambda": 0.3239356874626589, "log10_min_child_weight": 3.6883350396592323, "log10_subsample": -0.35932668420700387, "max_depth": 2.0, "num_boost_round": 14.0}, "datetime": {"datetime": "2024-01-19 00:58:59", "elapsed": 2823.56742, "delta": 0.003649}}
{"target": -17.677220713545644, "params": {"gamma": 166.99802046599598, "log10_alpha": -3.6757615778859116, "log10_colsample_bytree": -0.938236733498605, "log10_eta": -3.9841712258356976, "log10_lambda": 0.3239356874626589, "log10_min_child_weight": 3.6883350396592323, "log10_subsample": -0.35932668420700387, "max_depth": 2.0, "num_boost_round": 15.0}, "datetime": {"datetime": "2024-01-19 00:58:59", "elapsed": 2823.571043, "delta": 0.003623}}
{"target": -17.677220068328456, "params": {"gamma": 166.99802046599598, "log10_alpha": -3.6757615778859116, "log10_colsample_bytree": -0.938236733498605, "log10_eta": -3.9841712258356976, "log10_lambda": 0.3239356874626589, "log10_min_child_weight": 3.6883350396592323, "log10_subsample": -0.35932668420700387, "max_depth": 2.0, "num_boost_round": 16.0}, "datetime": {"datetime": "2024-01-19 00:58:59", "elapsed": 2823.57488, "delta": 0.003837}}
{"target": -17.6772174632155, "params": {"gamma": 166.99802046599598, "log10_alpha": -3.6757615778859116, "log10_colsample_bytree": -0.938236733498605, "log10_eta": -3.9841712258356976, "log10_lambda": 0.3239356874626589, "log10_min_child_weight": 3.6883350396592323, "log10_subsample": -0.35932668420700387, "max_depth": 2.0, "num_boost_round": 17.0}, "datetime": {"datetime": "2024-01-19 00:58:59", "elapsed": 2823.578611, "delta": 0.003731}}
{"target": -17.67721691620646, "params": {"gamma": 166.99802046599598, "log10_alpha": -3.6757615778859116, "log10_colsample_bytree": -0.938236733498605, "log10_eta": -3.9841712258356976, "log10_lambda": 0.3239356874626589, "log10_min_child_weight": 3.6883350396592323, "log10_subsample": -0.35932668420700387, "max_depth": 2.0, "num_boost_round": 18.0}, "datetime": {"datetime": "2024-01-19 00:58:59", "elapsed": 2823.582218, "delta": 0.003607}}
{"target": -17.67721592587346, "params": {"gamma": 166.99802046599598, "log10_alpha": -3.6757615778859116, "log10_colsample_bytree": -0.938236733498605, "log10_eta": -3.9841712258356976, "log10_lambda": 0.3239356874626589, "log10_min_child_weight": 3.6883350396592323, "log10_subsample": -0.35932668420700387, "max_depth": 2.0, "num_boost_round": 19.0}, "datetime": {"datetime": "2024-01-19 00:58:59", "elapsed": 2823.585778, "delta": 0.00356}}
{"target": -17.677214304324472, "params": {"gamma": 166.99802046599598, "log10_alpha": -3.6757615778859116, "log10_colsample_bytree": -0.938236733498605, "log10_eta": -3.9841712258356976, "log10_lambda": 0.3239356874626589, "log10_min_child_weight": 3.6883350396592323, "log10_subsample": -0.35932668420700387, "max_depth": 2.0, "num_boost_round": 20.0}, "datetime": {"datetime": "2024-01-19 00:58:59", "elapsed": 2823.589697, "delta": 0.003919}}
{"target": -17.677212117162856, "params": {"gamma": 166.99802046599598, "log10_alpha": -3.6757615778859116, "log10_colsample_bytree": -0.938236733498605, "log10_eta": -3.9841712258356976, "log10_lambda": 0.3239356874626589, "log10_min_child_weight": 3.6883350396592323, "log10_subsample": -0.35932668420700387, "max_depth": 2.0, "num_boost_round": 21.0}, "datetime": {"datetime": "2024-01-19 00:58:59", "elapsed": 2823.593476, "delta": 0.003779}}
{"target": -17.677210765013363, "params": {"gamma": 166.99802046599598, "log10_alpha": -3.6757615778859116, "log10_colsample_bytree": -0.938236733498605, "log10_eta": -3.9841712258356976, "log10_lambda": 0.3239356874626589, "log10_min_child_weight": 3.6883350396592323, "log10_subsample": -0.35932668420700387, "max_depth": 2.0, "num_boost_round": 22.0}, "datetime": {"datetime": "2024-01-19 00:58:59", "elapsed": 2823.597036, "delta": 0.00356}}
{"target": -17.677209587184787, "params": {"gamma": 166.99802046599598, "log10_alpha": -3.6757615778859116, "log10_colsample_bytree": -0.938236733498605, "log10_eta": -3.9841712258356976, "log10_lambda": 0.3239356874626589, "log10_min_child_weight": 3.6883350396592323, "log10_subsample": -0.35932668420700387, "max_depth": 2.0, "num_boost_round": 23.0}, "datetime": {"datetime": "2024-01-19 00:58:59", "elapsed": 2823.600835, "delta": 0.003799}}
{"target": -17.677209303774333, "params": {"gamma": 166.99802046599598, "log10_alpha": -3.6757615778859116, "log10_colsample_bytree": -0.938236733498605, "log10_eta": -3.9841712258356976, "log10_lambda": 0.3239356874626589, "log10_min_child_weight": 3.6883350396592323, "log10_subsample": -0.35932668420700387, "max_depth": 2.0, "num_boost_round": 24.0}, "datetime": {"datetime": "2024-01-19 00:58:59", "elapsed": 2823.604438, "delta": 0.003603}}
{"target": -17.677207488390174, "params": {"gamma": 166.99802046599598, "log10_alpha": -3.6757615778859116, "log10_colsample_bytree": -0.938236733498605, "log10_eta": -3.9841712258356976, "log10_lambda": 0.3239356874626589, "log10_min_child_weight": 3.6883350396592323, "log10_subsample": -0.35932668420700387, "max_depth": 2.0, "num_boost_round": 25.0}, "datetime": {"datetime": "2024-01-19 00:58:59", "elapsed": 2823.60808, "delta": 0.003642}}
{"target": -17.67720679743472, "params": {"gamma": 166.99802046599598, "log10_alpha": -3.6757615778859116, "log10_colsample_bytree": -0.938236733498605, "log10_eta": -3.9841712258356976, "log10_lambda": 0.3239356874626589, "log10_min_child_weight": 3.6883350396592323, "log10_subsample": -0.35932668420700387, "max_depth": 2.0, "num_boost_round": 26.0}, "datetime": {"datetime": "2024-01-19 00:58:59", "elapsed": 2823.611644, "delta": 0.003564}}
{"target": -17.677203983491548, "params": {"gamma": 166.99802046599598, "log10_alpha": -3.6757615778859116, "log10_colsample_bytree": -0.938236733498605, "log10_eta": -3.9841712258356976, "log10_lambda": 0.3239356874626589, "log10_min_child_weight": 3.6883350396592323, "log10_subsample": -0.35932668420700387, "max_depth": 2.0, "num_boost_round": 27.0}, "datetime": {"datetime": "2024-01-19 00:58:59", "elapsed": 2823.615184, "delta": 0.00354}}
{"target": -17.677202726897075, "params": {"gamma": 166.99802046599598, "log10_alpha": -3.6757615778859116, "log10_colsample_bytree": -0.938236733498605, "log10_eta": -3.9841712258356976, "log10_lambda": 0.3239356874626589, "log10_min_child_weight": 3.6883350396592323, "log10_subsample": -0.35932668420700387, "max_depth": 2.0, "num_boost_round": 28.0}, "datetime": {"datetime": "2024-01-19 00:58:59", "elapsed": 2823.618814, "delta": 0.00363}}
{"target": -17.677199996238176, "params": {"gamma": 166.99802046599598, "log10_alpha": -3.6757615778859116, "log10_colsample_bytree": -0.938236733498605, "log10_eta": -3.9841712258356976, "log10_lambda": 0.3239356874626589, "log10_min_child_weight": 3.6883350396592323, "log10_subsample": -0.35932668420700387, "max_depth": 2.0, "num_boost_round": 29.0}, "datetime": {"datetime": "2024-01-19 00:58:59", "elapsed": 2823.62242, "delta": 0.003606}}
{"target": -17.67719833947317, "params": {"gamma": 166.99802046599598, "log10_alpha": -3.6757615778859116, "log10_colsample_bytree": -0.938236733498605, "log10_eta": -3.9841712258356976, "log10_lambda": 0.3239356874626589, "log10_min_child_weight": 3.6883350396592323, "log10_subsample": -0.35932668420700387, "max_depth": 2.0, "num_boost_round": 30.0}, "datetime": {"datetime": "2024-01-19 00:58:59", "elapsed": 2823.626025, "delta": 0.003605}}
{"target": -17.677195757660083, "params": {"gamma": 166.99802046599598, "log10_alpha": -3.6757615778859116, "log10_colsample_bytree": -0.938236733498605, "log10_eta": -3.9841712258356976, "log10_lambda": 0.3239356874626589, "log10_min_child_weight": 3.6883350396592323, "log10_subsample": -0.35932668420700387, "max_depth": 2.0, "num_boost_round": 31.0}, "datetime": {"datetime": "2024-01-19 00:58:59", "elapsed": 2823.62974, "delta": 0.003715}}
{"target": -17.677194251380996, "params": {"gamma": 166.99802046599598, "log10_alpha": -3.6757615778859116, "log10_colsample_bytree": -0.938236733498605, "log10_eta": -3.9841712258356976, "log10_lambda": 0.3239356874626589, "log10_min_child_weight": 3.6883350396592323, "log10_subsample": -0.35932668420700387, "max_depth": 2.0, "num_boost_round": 32.0}, "datetime": {"datetime": "2024-01-19 00:58:59", "elapsed": 2823.633393, "delta": 0.003653}}
{"target": -17.677192257554783, "params": {"gamma": 166.99802046599598, "log10_alpha": -3.6757615778859116, "log10_colsample_bytree": -0.938236733498605, "log10_eta": -3.9841712258356976, "log10_lambda": 0.3239356874626589, "log10_min_child_weight": 3.6883350396592323, "log10_subsample": -0.35932668420700387, "max_depth": 2.0, "num_boost_round": 33.0}, "datetime": {"datetime": "2024-01-19 00:58:59", "elapsed": 2823.637058, "delta": 0.003665}}
{"target": -17.677190217284718, "params": {"gamma": 166.99802046599598, "log10_alpha": -3.6757615778859116, "log10_colsample_bytree": -0.938236733498605, "log10_eta": -3.9841712258356976, "log10_lambda": 0.3239356874626589, "log10_min_child_weight": 3.6883350396592323, "log10_subsample": -0.35932668420700387, "max_depth": 2.0, "num_boost_round": 34.0}, "datetime": {"datetime": "2024-01-19 00:58:59", "elapsed": 2823.640762, "delta": 0.003704}}
{"target": -17.677190611072778, "params": {"gamma": 166.99802046599598, "log10_alpha": -3.6757615778859116, "log10_colsample_bytree": -0.938236733498605, "log10_eta": -3.9841712258356976, "log10_lambda": 0.3239356874626589, "log10_min_child_weight": 3.6883350396592323, "log10_subsample": -0.35932668420700387, "max_depth": 2.0, "num_boost_round": 35.0}, "datetime": {"datetime": "2024-01-19 00:58:59", "elapsed": 2823.644451, "delta": 0.003689}}
{"target": -17.677189840877134, "params": {"gamma": 166.99802046599598, "log10_alpha": -3.6757615778859116, "log10_colsample_bytree": -0.938236733498605, "log10_eta": -3.9841712258356976, "log10_lambda": 0.3239356874626589, "log10_min_child_weight": 3.6883350396592323, "log10_subsample": -0.35932668420700387, "max_depth": 2.0, "num_boost_round": 36.0}, "datetime": {"datetime": "2024-01-19 00:58:59", "elapsed": 2823.648226, "delta": 0.003775}}
{"target": -17.677189424684805, "params": {"gamma": 166.99802046599598, "log10_alpha": -3.6757615778859116, "log10_colsample_bytree": -0.938236733498605, "log10_eta": -3.9841712258356976, "log10_lambda": 0.3239356874626589, "log10_min_child_weight": 3.6883350396592323, "log10_subsample": -0.35932668420700387, "max_depth": 2.0, "num_boost_round": 37.0}, "datetime": {"datetime": "2024-01-19 00:58:59", "elapsed": 2823.651872, "delta": 0.003646}}
{"target": -17.677189714802893, "params": {"gamma": 166.99802046599598, "log10_alpha": -3.6757615778859116, "log10_colsample_bytree": -0.938236733498605, "log10_eta": -3.9841712258356976, "log10_lambda": 0.3239356874626589, "log10_min_child_weight": 3.6883350396592323, "log10_subsample": -0.35932668420700387, "max_depth": 2.0, "num_boost_round": 38.0}, "datetime": {"datetime": "2024-01-19 00:58:59", "elapsed": 2823.655461, "delta": 0.003589}}
{"target": -17.677189732312733, "params": {"gamma": 166.99802046599598, "log10_alpha": -3.6757615778859116, "log10_colsample_bytree": -0.938236733498605, "log10_eta": -3.9841712258356976, "log10_lambda": 0.3239356874626589, "log10_min_child_weight": 3.6883350396592323, "log10_subsample": -0.35932668420700387, "max_depth": 2.0, "num_boost_round": 39.0}, "datetime": {"datetime": "2024-01-19 00:58:59", "elapsed": 2823.65909, "delta": 0.003629}}
{"target": -17.67718772125047, "params": {"gamma": 166.99802046599598, "log10_alpha": -3.6757615778859116, "log10_colsample_bytree": -0.938236733498605, "log10_eta": -3.9841712258356976, "log10_lambda": 0.3239356874626589, "log10_min_child_weight": 3.6883350396592323, "log10_subsample": -0.35932668420700387, "max_depth": 2.0, "num_boost_round": 40.0}, "datetime": {"datetime": "2024-01-19 00:58:59", "elapsed": 2823.662778, "delta": 0.003688}}
{"target": -17.677187061519895, "params": {"gamma": 166.99802046599598, "log10_alpha": -3.6757615778859116, "log10_colsample_bytree": -0.938236733498605, "log10_eta": -3.9841712258356976, "log10_lambda": 0.3239356874626589, "log10_min_child_weight": 3.6883350396592323, "log10_subsample": -0.35932668420700387, "max_depth": 2.0, "num_boost_round": 41.0}, "datetime": {"datetime": "2024-01-19 00:58:59", "elapsed": 2823.666407, "delta": 0.003629}}
{"target": -17.677185707062264, "params": {"gamma": 166.99802046599598, "log10_alpha": -3.6757615778859116, "log10_colsample_bytree": -0.938236733498605, "log10_eta": -3.9841712258356976, "log10_lambda": 0.3239356874626589, "log10_min_child_weight": 3.6883350396592323, "log10_subsample": -0.35932668420700387, "max_depth": 2.0, "num_boost_round": 42.0}, "datetime": {"datetime": "2024-01-19 00:58:59", "elapsed": 2823.670113, "delta": 0.003706}}
{"target": -17.677183097438412, "params": {"gamma": 166.99802046599598, "log10_alpha": -3.6757615778859116, "log10_colsample_bytree": -0.938236733498605, "log10_eta": -3.9841712258356976, "log10_lambda": 0.3239356874626589, "log10_min_child_weight": 3.6883350396592323, "log10_subsample": -0.35932668420700387, "max_depth": 2.0, "num_boost_round": 43.0}, "datetime": {"datetime": "2024-01-19 00:58:59", "elapsed": 2823.673741, "delta": 0.003628}}
{"target": -17.677182358299113, "params": {"gamma": 166.99802046599598, "log10_alpha": -3.6757615778859116, "log10_colsample_bytree": -0.938236733498605, "log10_eta": -3.9841712258356976, "log10_lambda": 0.3239356874626589, "log10_min_child_weight": 3.6883350396592323, "log10_subsample": -0.35932668420700387, "max_depth": 2.0, "num_boost_round": 44.0}, "datetime": {"datetime": "2024-01-19 00:58:59", "elapsed": 2823.677415, "delta": 0.003674}}
{"target": -17.677181510151534, "params": {"gamma": 166.99802046599598, "log10_alpha": -3.6757615778859116, "log10_colsample_bytree": -0.938236733498605, "log10_eta": -3.9841712258356976, "log10_lambda": 0.3239356874626589, "log10_min_child_weight": 3.6883350396592323, "log10_subsample": -0.35932668420700387, "max_depth": 2.0, "num_boost_round": 45.0}, "datetime": {"datetime": "2024-01-19 00:58:59", "elapsed": 2823.681201, "delta": 0.003786}}
{"target": -17.677182139971627, "params": {"gamma": 166.99802046599598, "log10_alpha": -3.6757615778859116, "log10_colsample_bytree": -0.938236733498605, "log10_eta": -3.9841712258356976, "log10_lambda": 0.3239356874626589, "log10_min_child_weight": 3.6883350396592323, "log10_subsample": -0.35932668420700387, "max_depth": 2.0, "num_boost_round": 46.0}, "datetime": {"datetime": "2024-01-19 00:58:59", "elapsed": 2823.684832, "delta": 0.003631}}
{"target": -17.67718046718793, "params": {"gamma": 166.99802046599598, "log10_alpha": -3.6757615778859116, "log10_colsample_bytree": -0.938236733498605, "log10_eta": -3.9841712258356976, "log10_lambda": 0.3239356874626589, "log10_min_child_weight": 3.6883350396592323, "log10_subsample": -0.35932668420700387, "max_depth": 2.0, "num_boost_round": 47.0}, "datetime": {"datetime": "2024-01-19 00:58:59", "elapsed": 2823.688633, "delta": 0.003801}}
{"target": -17.677180326486617, "params": {"gamma": 166.99802046599598, "log10_alpha": -3.6757615778859116, "log10_colsample_bytree": -0.938236733498605, "log10_eta": -3.9841712258356976, "log10_lambda": 0.3239356874626589, "log10_min_child_weight": 3.6883350396592323, "log10_subsample": -0.35932668420700387, "max_depth": 2.0, "num_boost_round": 48.0}, "datetime": {"datetime": "2024-01-19 00:58:59", "elapsed": 2823.692365, "delta": 0.003732}}
{"target": -17.67718065778111, "params": {"gamma": 166.99802046599598, "log10_alpha": -3.6757615778859116, "log10_colsample_bytree": -0.938236733498605, "log10_eta": -3.9841712258356976, "log10_lambda": 0.3239356874626589, "log10_min_child_weight": 3.6883350396592323, "log10_subsample": -0.35932668420700387, "max_depth": 2.0, "num_boost_round": 49.0}, "datetime": {"datetime": "2024-01-19 00:58:59", "elapsed": 2823.696632, "delta": 0.004267}}
{"target": -17.677228917202882, "params": {"gamma": 834.7349689785189, "log10_alpha": -2.1872064880929862, "log10_colsample_bytree": -0.9517209976528417, "log10_eta": -3.7059302838732537, "log10_lambda": -2.8569277313032684, "log10_min_child_weight": 0.9377475303430016, "log10_subsample": -0.9774803953815057, "max_depth": 9.0, "num_boost_round": 0.0}, "datetime": {"datetime": "2024-01-19 01:00:10", "elapsed": 2894.631244, "delta": 70.934612}}
{"target": -17.677220634852013, "params": {"gamma": 834.7349689785189, "log10_alpha": -2.1872064880929862, "log10_colsample_bytree": -0.9517209976528417, "log10_eta": -3.7059302838732537, "log10_lambda": -2.8569277313032684, "log10_min_child_weight": 0.9377475303430016, "log10_subsample": -0.9774803953815057, "max_depth": 9.0, "num_boost_round": 1.0}, "datetime": {"datetime": "2024-01-19 01:00:10", "elapsed": 2894.635581, "delta": 0.004337}}
