{"target": -13.758463184945688, "params": {"gamma": 323.3728773225184, "log10_alpha": -1.5570086255703526, "log10_colsample_bytree": -0.5468149352954347, "log10_eta": -2.557384511221745, "log10_lambda": -1.0418635746762783, "log10_min_child_weight": 3.37993021015584, "log10_subsample": -0.9869178797512911, "max_depth": 2.0, "num_boost_round": 25.0}, "datetime": {"datetime": "2024-01-19 01:58:06", "elapsed": 6338.773086, "delta": 0.006597}}
{"target": -13.75849071211533, "params": {"gamma": 323.3728773225184, "log10_alpha": -1.5570086255703526, "log10_colsample_bytree": -0.5468149352954347, "log10_eta": -2.557384511221745, "log10_lambda": -1.0418635746762783, "log10_min_child_weight": 3.37993021015584, "log10_subsample": -0.9869178797512911, "max_depth": 2.0, "num_boost_round": 26.0}, "datetime": {"datetime": "2024-01-19 01:58:06", "elapsed": 6338.779429, "delta": 0.006343}}
{"target": -13.758463909435825, "params": {"gamma": 323.3728773225184, "log10_alpha": -1.5570086255703526, "log10_colsample_bytree": -0.5468149352954347, "log10_eta": -2.557384511221745, "log10_lambda": -1.0418635746762783, "log10_min_child_weight": 3.37993021015584, "log10_subsample": -0.9869178797512911, "max_depth": 2.0, "num_boost_round": 27.0}, "datetime": {"datetime": "2024-01-19 01:58:06", "elapsed": 6338.785776, "delta": 0.006347}}
{"target": -13.758492609049457, "params": {"gamma": 323.3728773225184, "log10_alpha": -1.5570086255703526, "log10_colsample_bytree": -0.5468149352954347, "log10_eta": -2.557384511221745, "log10_lambda": -1.0418635746762783, "log10_min_child_weight": 3.37993021015584, "log10_subsample": -0.9869178797512911, "max_depth": 2.0, "num_boost_round": 28.0}, "datetime": {"datetime": "2024-01-19 01:58:06", "elapsed": 6338.792346, "delta": 0.00657}}
{"target": -13.758504031960536, "params": {"gamma": 323.3728773225184, "log10_alpha": -1.5570086255703526, "log10_colsample_bytree": -0.5468149352954347, "log10_eta": -2.557384511221745, "log10_lambda": -1.0418635746762783, "log10_min_child_weight": 3.37993021015584, "log10_subsample": -0.9869178797512911, "max_depth": 2.0, "num_boost_round": 29.0}, "datetime": {"datetime": "2024-01-19 01:58:06", "elapsed": 6338.798677, "delta": 0.006331}}
{"target": -13.758492011574774, "params": {"gamma": 323.3728773225184, "log10_alpha": -1.5570086255703526, "log10_colsample_bytree": -0.5468149352954347, "log10_eta": -2.557384511221745, "log10_lambda": -1.0418635746762783, "log10_min_child_weight": 3.37993021015584, "log10_subsample": -0.9869178797512911, "max_depth": 2.0, "num_boost_round": 30.0}, "datetime": {"datetime": "2024-01-19 01:58:06", "elapsed": 6338.804654, "delta": 0.005977}}
{"target": -13.758457745409624, "params": {"gamma": 323.3728773225184, "log10_alpha": -1.5570086255703526, "log10_colsample_bytree": -0.5468149352954347, "log10_eta": -2.557384511221745, "log10_lambda": -1.0418635746762783, "log10_min_child_weight": 3.37993021015584, "log10_subsample": -0.9869178797512911, "max_depth": 2.0, "num_boost_round": 31.0}, "datetime": {"datetime": "2024-01-19 01:58:06", "elapsed": 6338.930739, "delta": 0.126085}}
{"target": -13.75847406669478, "params": {"gamma": 323.3728773225184, "log10_alpha": -1.5570086255703526, "log10_colsample_bytree": -0.5468149352954347, "log10_eta": -2.557384511221745, "log10_lambda": -1.0418635746762783, "log10_min_child_weight": 3.37993021015584, "log10_subsample": -0.9869178797512911, "max_depth": 2.0, "num_boost_round": 32.0}, "datetime": {"datetime": "2024-01-19 01:58:06", "elapsed": 6338.937095, "delta": 0.006356}}
{"target": -13.75844649035282, "params": {"gamma": 323.3728773225184, "log10_alpha": -1.5570086255703526, "log10_colsample_bytree": -0.5468149352954347, "log10_eta": -2.557384511221745, "log10_lambda": -1.0418635746762783, "log10_min_child_weight": 3.37993021015584, "log10_subsample": -0.9869178797512911, "max_depth": 2.0, "num_boost_round": 33.0}, "datetime": {"datetime": "2024-01-19 01:58:06", "elapsed": 6338.943238, "delta": 0.006143}}
{"target": -13.758430144066951, "params": {"gamma": 323.3728773225184, "log10_alpha": -1.5570086255703526, "log10_colsample_bytree": -0.5468149352954347, "log10_eta": -2.557384511221745, "log10_lambda": -1.0418635746762783, "log10_min_child_weight": 3.37993021015584, "log10_subsample": -0.9869178797512911, "max_depth": 2.0, "num_boost_round": 34.0}, "datetime": {"datetime": "2024-01-19 01:58:06", "elapsed": 6338.953059, "delta": 0.009821}}
{"target": -13.758418620782876, "params": {"gamma": 323.3728773225184, "log10_alpha": -1.5570086255703526, "log10_colsample_bytree": -0.5468149352954347, "log10_eta": -2.557384511221745, "log10_lambda": -1.0418635746762783, "log10_min_child_weight": 3.37993021015584, "log10_subsample": -0.9869178797512911, "max_depth": 2.0, "num_boost_round": 35.0}, "datetime": {"datetime": "2024-01-19 01:58:06", "elapsed": 6338.958804, "delta": 0.005745}}
{"target": -13.758435406398165, "params": {"gamma": 323.3728773225184, "log10_alpha": -1.5570086255703526, "log10_colsample_bytree": -0.5468149352954347, "log10_eta": -2.557384511221745, "log10_lambda": -1.0418635746762783, "log10_min_child_weight": 3.37993021015584, "log10_subsample": -0.9869178797512911, "max_depth": 2.0, "num_boost_round": 36.0}, "datetime": {"datetime": "2024-01-19 01:58:06", "elapsed": 6338.964956, "delta": 0.006152}}
{"target": -13.758453556015331, "params": {"gamma": 323.3728773225184, "log10_alpha": -1.5570086255703526, "log10_colsample_bytree": -0.5468149352954347, "log10_eta": -2.557384511221745, "log10_lambda": -1.0418635746762783, "log10_min_child_weight": 3.37993021015584, "log10_subsample": -0.9869178797512911, "max_depth": 2.0, "num_boost_round": 37.0}, "datetime": {"datetime": "2024-01-19 01:58:06", "elapsed": 6338.970949, "delta": 0.005993}}
{"target": -13.75842376408037, "params": {"gamma": 323.3728773225184, "log10_alpha": -1.5570086255703526, "log10_colsample_bytree": -0.5468149352954347, "log10_eta": -2.557384511221745, "log10_lambda": -1.0418635746762783, "log10_min_child_weight": 3.37993021015584, "log10_subsample": -0.9869178797512911, "max_depth": 2.0, "num_boost_round": 38.0}, "datetime": {"datetime": "2024-01-19 01:58:06", "elapsed": 6338.977133, "delta": 0.006184}}
{"target": -13.758406579835844, "params": {"gamma": 323.3728773225184, "log10_alpha": -1.5570086255703526, "log10_colsample_bytree": -0.5468149352954347, "log10_eta": -2.557384511221745, "log10_lambda": -1.0418635746762783, "log10_min_child_weight": 3.37993021015584, "log10_subsample": -0.9869178797512911, "max_depth": 2.0, "num_boost_round": 39.0}, "datetime": {"datetime": "2024-01-19 01:58:06", "elapsed": 6338.982931, "delta": 0.005798}}
{"target": -13.758397351534242, "params": {"gamma": 323.3728773225184, "log10_alpha": -1.5570086255703526, "log10_colsample_bytree": -0.5468149352954347, "log10_eta": -2.557384511221745, "log10_lambda": -1.0418635746762783, "log10_min_child_weight": 3.37993021015584, "log10_subsample": -0.9869178797512911, "max_depth": 2.0, "num_boost_round": 40.0}, "datetime": {"datetime": "2024-01-19 01:58:06", "elapsed": 6338.989842, "delta": 0.006911}}
{"target": -13.75840348774725, "params": {"gamma": 323.3728773225184, "log10_alpha": -1.5570086255703526, "log10_colsample_bytree": -0.5468149352954347, "log10_eta": -2.557384511221745, "log10_lambda": -1.0418635746762783, "log10_min_child_weight": 3.37993021015584, "log10_subsample": -0.9869178797512911, "max_depth": 2.0, "num_boost_round": 41.0}, "datetime": {"datetime": "2024-01-19 01:58:06", "elapsed": 6338.996179, "delta": 0.006337}}
{"target": -13.75842334278354, "params": {"gamma": 323.3728773225184, "log10_alpha": -1.5570086255703526, "log10_colsample_bytree": -0.5468149352954347, "log10_eta": -2.557384511221745, "log10_lambda": -1.0418635746762783, "log10_min_child_weight": 3.37993021015584, "log10_subsample": -0.9869178797512911, "max_depth": 2.0, "num_boost_round": 42.0}, "datetime": {"datetime": "2024-01-19 01:58:06", "elapsed": 6339.002125, "delta": 0.005946}}
{"target": -13.758424405707727, "params": {"gamma": 323.3728773225184, "log10_alpha": -1.5570086255703526, "log10_colsample_bytree": -0.5468149352954347, "log10_eta": -2.557384511221745, "log10_lambda": -1.0418635746762783, "log10_min_child_weight": 3.37993021015584, "log10_subsample": -0.9869178797512911, "max_depth": 2.0, "num_boost_round": 43.0}, "datetime": {"datetime": "2024-01-19 01:58:06", "elapsed": 6339.008142, "delta": 0.006017}}
{"target": -13.75845214677416, "params": {"gamma": 323.3728773225184, "log10_alpha": -1.5570086255703526, "log10_colsample_bytree": -0.5468149352954347, "log10_eta": -2.557384511221745, "log10_lambda": -1.0418635746762783, "log10_min_child_weight": 3.37993021015584, "log10_subsample": -0.9869178797512911, "max_depth": 2.0, "num_boost_round": 44.0}, "datetime": {"datetime": "2024-01-19 01:58:06", "elapsed": 6339.014195, "delta": 0.006053}}
{"target": -13.758427398745969, "params": {"gamma": 323.3728773225184, "log10_alpha": -1.5570086255703526, "log10_colsample_bytree": -0.5468149352954347, "log10_eta": -2.557384511221745, "log10_lambda": -1.0418635746762783, "log10_min_child_weight": 3.37993021015584, "log10_subsample": -0.9869178797512911, "max_depth": 2.0, "num_boost_round": 45.0}, "datetime": {"datetime": "2024-01-19 01:58:06", "elapsed": 6339.020195, "delta": 0.006}}
{"target": -13.758414888470673, "params": {"gamma": 323.3728773225184, "log10_alpha": -1.5570086255703526, "log10_colsample_bytree": -0.5468149352954347, "log10_eta": -2.557384511221745, "log10_lambda": -1.0418635746762783, "log10_min_child_weight": 3.37993021015584, "log10_subsample": -0.9869178797512911, "max_depth": 2.0, "num_boost_round": 46.0}, "datetime": {"datetime": "2024-01-19 01:58:06", "elapsed": 6339.025934, "delta": 0.005739}}
{"target": -13.758387715315449, "params": {"gamma": 323.3728773225184, "log10_alpha": -1.5570086255703526, "log10_colsample_bytree": -0.5468149352954347, "log10_eta": -2.557384511221745, "log10_lambda": -1.0418635746762783, "log10_min_child_weight": 3.37993021015584, "log10_subsample": -0.9869178797512911, "max_depth": 2.0, "num_boost_round": 47.0}, "datetime": {"datetime": "2024-01-19 01:58:06", "elapsed": 6339.031595, "delta": 0.005661}}
{"target": -13.758392813178155, "params": {"gamma": 323.3728773225184, "log10_alpha": -1.5570086255703526, "log10_colsample_bytree": -0.5468149352954347, "log10_eta": -2.557384511221745, "log10_lambda": -1.0418635746762783, "log10_min_child_weight": 3.37993021015584, "log10_subsample": -0.9869178797512911, "max_depth": 2.0, "num_boost_round": 48.0}, "datetime": {"datetime": "2024-01-19 01:58:06", "elapsed": 6339.037573, "delta": 0.005978}}
{"target": -13.758389070183444, "params": {"gamma": 323.3728773225184, "log10_alpha": -1.5570086255703526, "log10_colsample_bytree": -0.5468149352954347, "log10_eta": -2.557384511221745, "log10_lambda": -1.0418635746762783, "log10_min_child_weight": 3.37993021015584, "log10_subsample": -0.9869178797512911, "max_depth": 2.0, "num_boost_round": 49.0}, "datetime": {"datetime": "2024-01-19 01:58:06", "elapsed": 6339.043492, "delta": 0.005919}}
{"target": -13.758398021235818, "params": {"gamma": 323.3728773225184, "log10_alpha": -1.5570086255703526, "log10_colsample_bytree": -0.5468149352954347, "log10_eta": -2.557384511221745, "log10_lambda": -1.0418635746762783, "log10_min_child_weight": 3.37993021015584, "log10_subsample": -0.9869178797512911, "max_depth": 2.0, "num_boost_round": 50.0}, "datetime": {"datetime": "2024-01-19 01:58:06", "elapsed": 6339.049433, "delta": 0.005941}}
{"target": -13.75840166508613, "params": {"gamma": 323.3728773225184, "log10_alpha": -1.5570086255703526, "log10_colsample_bytree": -0.5468149352954347, "log10_eta": -2.557384511221745, "log10_lambda": -1.0418635746762783, "log10_min_child_weight": 3.37993021015584, "log10_subsample": -0.9869178797512911, "max_depth": 2.0, "num_boost_round": 51.0}, "datetime": {"datetime": "2024-01-19 01:58:06", "elapsed": 6339.055202, "delta": 0.005769}}
{"target": -13.758385215655123, "params": {"gamma": 323.3728773225184, "log10_alpha": -1.5570086255703526, "log10_colsample_bytree": -0.5468149352954347, "log10_eta": -2.557384511221745, "log10_lambda": -1.0418635746762783, "log10_min_child_weight": 3.37993021015584, "log10_subsample": -0.9869178797512911, "max_depth": 2.0, "num_boost_round": 52.0}, "datetime": {"datetime": "2024-01-19 01:58:06", "elapsed": 6339.06096, "delta": 0.005758}}
{"target": -13.758370319898841, "params": {"gamma": 323.3728773225184, "log10_alpha": -1.5570086255703526, "log10_colsample_bytree": -0.5468149352954347, "log10_eta": -2.557384511221745, "log10_lambda": -1.0418635746762783, "log10_min_child_weight": 3.37993021015584, "log10_subsample": -0.9869178797512911, "max_depth": 2.0, "num_boost_round": 53.0}, "datetime": {"datetime": "2024-01-19 01:58:06", "elapsed": 6339.067329, "delta": 0.006369}}
{"target": -13.758348246476661, "params": {"gamma": 331.51125095756095, "log10_alpha": 0.035266762813563446, "log10_colsample_bytree": -0.8212671765225557, "log10_eta": -2.419534074887329, "log10_lambda": -4.687292338865358, "log10_min_child_weight": 1.740482431520061, "log10_subsample": -0.06649508577447416, "max_depth": 6.0, "num_boost_round": 0.0}, "datetime": {"datetime": "2024-01-19 01:59:37", "elapsed": 6430.101692, "delta": 91.034363}}
{"target": -13.758223859005717, "params": {"gamma": 331.51125095756095, "log10_alpha": 0.035266762813563446, "log10_colsample_bytree": -0.8212671765225557, "log10_eta": -2.419534074887329, "log10_lambda": -4.687292338865358, "log10_min_child_weight": 1.740482431520061, "log10_subsample": -0.06649508577447416, "max_depth": 6.0, "num_boost_round": 1.0}, "datetime": {"datetime": "2024-01-19 01:59:37", "elapsed": 6430.108307, "delta": 0.006615}}
{"target": -13.758038878501694, "params": {"gamma": 331.51125095756095, "log10_alpha": 0.035266762813563446, "log10_colsample_bytree": -0.8212671765225557, "log10_eta": -2.419534074887329, "log10_lambda": -4.687292338865358, "log10_min_child_weight": 1.740482431520061, "log10_subsample": -0.06649508577447416, "max_depth": 6.0, "num_boost_round": 2.0}, "datetime": {"datetime": "2024-01-19 01:59:37", "elapsed": 6430.114663, "delta": 0.006356}}
{"target": -13.757986995058099, "params": {"gamma": 331.51125095756095, "log10_alpha": 0.035266762813563446, "log10_colsample_bytree": -0.8212671765225557, "log10_eta": -2.419534074887329, "log10_lambda": -4.687292338865358, "log10_min_child_weight": 1.740482431520061, "log10_subsample": -0.06649508577447416, "max_depth": 6.0, "num_boost_round": 3.0}, "datetime": {"datetime": "2024-01-19 01:59:37", "elapsed": 6430.120842, "delta": 0.006179}}
{"target": -13.757931655733122, "params": {"gamma": 331.51125095756095, "log10_alpha": 0.035266762813563446, "log10_colsample_bytree": -0.8212671765225557, "log10_eta": -2.419534074887329, "log10_lambda": -4.687292338865358, "log10_min_child_weight": 1.740482431520061, "log10_subsample": -0.06649508577447416, "max_depth": 6.0, "num_boost_round": 4.0}, "datetime": {"datetime": "2024-01-19 01:59:37", "elapsed": 6430.127041, "delta": 0.006199}}
{"target": -13.757903487927004, "params": {"gamma": 331.51125095756095, "log10_alpha": 0.035266762813563446, "log10_colsample_bytree": -0.8212671765225557, "log10_eta": -2.419534074887329, "log10_lambda": -4.687292338865358, "log10_min_child_weight": 1.740482431520061, "log10_subsample": -0.06649508577447416, "max_depth": 6.0, "num_boost_round": 5.0}, "datetime": {"datetime": "2024-01-19 01:59:37", "elapsed": 6430.133557, "delta": 0.006516}}
{"target": -13.757948531717602, "params": {"gamma": 331.51125095756095, "log10_alpha": 0.035266762813563446, "log10_colsample_bytree": -0.8212671765225557, "log10_eta": -2.419534074887329, "log10_lambda": -4.687292338865358, "log10_min_child_weight": 1.740482431520061, "log10_subsample": -0.06649508577447416, "max_depth": 6.0, "num_boost_round": 6.0}, "datetime": {"datetime": "2024-01-19 01:59:37", "elapsed": 6430.139312, "delta": 0.005755}}
{"target": -13.757858866342302, "params": {"gamma": 331.51125095756095, "log10_alpha": 0.035266762813563446, "log10_colsample_bytree": -0.8212671765225557, "log10_eta": -2.419534074887329, "log10_lambda": -4.687292338865358, "log10_min_child_weight": 1.740482431520061, "log10_subsample": -0.06649508577447416, "max_depth": 6.0, "num_boost_round": 7.0}, "datetime": {"datetime": "2024-01-19 01:59:37", "elapsed": 6430.145119, "delta": 0.005807}}
{"target": -13.757805578356363, "params": {"gamma": 331.51125095756095, "log10_alpha": 0.035266762813563446, "log10_colsample_bytree": -0.8212671765225557, "log10_eta": -2.419534074887329, "log10_lambda": -4.687292338865358, "log10_min_child_weight": 1.740482431520061, "log10_subsample": -0.06649508577447416, "max_depth": 6.0, "num_boost_round": 8.0}, "datetime": {"datetime": "2024-01-19 01:59:37", "elapsed": 6430.151311, "delta": 0.006192}}
{"target": -13.757818309170139, "params": {"gamma": 331.51125095756095, "log10_alpha": 0.035266762813563446, "log10_colsample_bytree": -0.8212671765225557, "log10_eta": -2.419534074887329, "log10_lambda": -4.687292338865358, "log10_min_child_weight": 1.740482431520061, "log10_subsample": -0.06649508577447416, "max_depth": 6.0, "num_boost_round": 9.0}, "datetime": {"datetime": "2024-01-19 01:59:37", "elapsed": 6430.157436, "delta": 0.006125}}
{"target": -13.757699957067056, "params": {"gamma": 331.51125095756095, "log10_alpha": 0.035266762813563446, "log10_colsample_bytree": -0.8212671765225557, "log10_eta": -2.419534074887329, "log10_lambda": -4.687292338865358, "log10_min_child_weight": 1.740482431520061, "log10_subsample": -0.06649508577447416, "max_depth": 6.0, "num_boost_round": 10.0}, "datetime": {"datetime": "2024-01-19 01:59:37", "elapsed": 6430.163253, "delta": 0.005817}}
{"target": -13.75763715236861, "params": {"gamma": 331.51125095756095, "log10_alpha": 0.035266762813563446, "log10_colsample_bytree": -0.8212671765225557, "log10_eta": -2.419534074887329, "log10_lambda": -4.687292338865358, "log10_min_child_weight": 1.740482431520061, "log10_subsample": -0.06649508577447416, "max_depth": 6.0, "num_boost_round": 11.0}, "datetime": {"datetime": "2024-01-19 01:59:37", "elapsed": 6430.168931, "delta": 0.005678}}
{"target": -13.757629571421985, "params": {"gamma": 331.51125095756095, "log10_alpha": 0.035266762813563446, "log10_colsample_bytree": -0.8212671765225557, "log10_eta": -2.419534074887329, "log10_lambda": -4.687292338865358, "log10_min_child_weight": 1.740482431520061, "log10_subsample": -0.06649508577447416, "max_depth": 6.0, "num_boost_round": 12.0}, "datetime": {"datetime": "2024-01-19 01:59:37", "elapsed": 6430.175358, "delta": 0.006427}}
{"target": -13.757407882736375, "params": {"gamma": 331.51125095756095, "log10_alpha": 0.035266762813563446, "log10_colsample_bytree": -0.8212671765225557, "log10_eta": -2.419534074887329, "log10_lambda": -4.687292338865358, "log10_min_child_weight": 1.740482431520061, "log10_subsample": -0.06649508577447416, "max_depth": 6.0, "num_boost_round": 13.0}, "datetime": {"datetime": "2024-01-19 01:59:37", "elapsed": 6430.181731, "delta": 0.006373}}
{"target": -13.757491356343749, "params": {"gamma": 331.51125095756095, "log10_alpha": 0.035266762813563446, "log10_colsample_bytree": -0.8212671765225557, "log10_eta": -2.419534074887329, "log10_lambda": -4.687292338865358, "log10_min_child_weight": 1.740482431520061, "log10_subsample": -0.06649508577447416, "max_depth": 6.0, "num_boost_round": 14.0}, "datetime": {"datetime": "2024-01-19 01:59:37", "elapsed": 6430.187962, "delta": 0.006231}}
{"target": -13.757336684063509, "params": {"gamma": 331.51125095756095, "log10_alpha": 0.035266762813563446, "log10_colsample_bytree": -0.8212671765225557, "log10_eta": -2.419534074887329, "log10_lambda": -4.687292338865358, "log10_min_child_weight": 1.740482431520061, "log10_subsample": -0.06649508577447416, "max_depth": 6.0, "num_boost_round": 15.0}, "datetime": {"datetime": "2024-01-19 01:59:37", "elapsed": 6430.193797, "delta": 0.005835}}
{"target": -13.757392892150161, "params": {"gamma": 331.51125095756095, "log10_alpha": 0.035266762813563446, "log10_colsample_bytree": -0.8212671765225557, "log10_eta": -2.419534074887329, "log10_lambda": -4.687292338865358, "log10_min_child_weight": 1.740482431520061, "log10_subsample": -0.06649508577447416, "max_depth": 6.0, "num_boost_round": 16.0}, "datetime": {"datetime": "2024-01-19 01:59:37", "elapsed": 6430.199636, "delta": 0.005839}}
{"target": -13.757151553180083, "params": {"gamma": 331.51125095756095, "log10_alpha": 0.035266762813563446, "log10_colsample_bytree": -0.8212671765225557, "log10_eta": -2.419534074887329, "log10_lambda": -4.687292338865358, "log10_min_child_weight": 1.740482431520061, "log10_subsample": -0.06649508577447416, "max_depth": 6.0, "num_boost_round": 17.0}, "datetime": {"datetime": "2024-01-19 01:59:37", "elapsed": 6430.205577, "delta": 0.005941}}
{"target": -13.75707396644723, "params": {"gamma": 331.51125095756095, "log10_alpha": 0.035266762813563446, "log10_colsample_bytree": -0.8212671765225557, "log10_eta": -2.419534074887329, "log10_lambda": -4.687292338865358, "log10_min_child_weight": 1.740482431520061, "log10_subsample": -0.06649508577447416, "max_depth": 6.0, "num_boost_round": 18.0}, "datetime": {"datetime": "2024-01-19 01:59:37", "elapsed": 6430.211495, "delta": 0.005918}}
{"target": -13.75708688499535, "params": {"gamma": 331.51125095756095, "log10_alpha": 0.035266762813563446, "log10_colsample_bytree": -0.8212671765225557, "log10_eta": -2.419534074887329, "log10_lambda": -4.687292338865358, "log10_min_child_weight": 1.740482431520061, "log10_subsample": -0.06649508577447416, "max_depth": 6.0, "num_boost_round": 19.0}, "datetime": {"datetime": "2024-01-19 01:59:37", "elapsed": 6430.217375, "delta": 0.00588}}
