{"target": -17.676936506753666, "params": {"gamma": 964.6688813597066, "log10_alpha": -0.09319422566627633, "log10_colsample_bytree": -0.2568385587148363, "log10_eta": -2.8694501330889186, "log10_lambda": 0.6426210390619662, "log10_min_child_weight": 4.300826601340341, "log10_subsample": -0.6512650708262983, "max_depth": 5.0, "num_boost_round": 23.0}, "datetime": {"datetime": "2024-01-19 00:21:36", "elapsed": 590.527585, "delta": 0.000928}}
{"target": -17.676921879367963, "params": {"gamma": 964.6688813597066, "log10_alpha": -0.09319422566627633, "log10_colsample_bytree": -0.2568385587148363, "log10_eta": -2.8694501330889186, "log10_lambda": 0.6426210390619662, "log10_min_child_weight": 4.300826601340341, "log10_subsample": -0.6512650708262983, "max_depth": 5.0, "num_boost_round": 24.0}, "datetime": {"datetime": "2024-01-19 00:21:36", "elapsed": 590.528527, "delta": 0.000942}}
{"target": -17.676906138544567, "params": {"gamma": 964.6688813597066, "log10_alpha": -0.09319422566627633, "log10_colsample_bytree": -0.2568385587148363, "log10_eta": -2.8694501330889186, "log10_lambda": 0.6426210390619662, "log10_min_child_weight": 4.300826601340341, "log10_subsample": -0.6512650708262983, "max_depth": 5.0, "num_boost_round": 25.0}, "datetime": {"datetime": "2024-01-19 00:21:36", "elapsed": 590.529469, "delta": 0.000942}}
{"target": -17.676905166475873, "params": {"gamma": 964.6688813597066, "log10_alpha": -0.09319422566627633, "log10_colsample_bytree": -0.2568385587148363, "log10_eta": -2.8694501330889186, "log10_lambda": 0.6426210390619662, "log10_min_child_weight": 4.300826601340341, "log10_subsample": -0.6512650708262983, "max_depth": 5.0, "num_boost_round": 26.0}, "datetime": {"datetime": "2024-01-19 00:21:36", "elapsed": 590.530487, "delta": 0.001018}}
{"target": -17.67688771980115, "params": {"gamma": 964.6688813597066, "log10_alpha": -0.09319422566627633, "log10_colsample_bytree": -0.2568385587148363, "log10_eta": -2.8694501330889186, "log10_lambda": 0.6426210390619662, "log10_min_child_weight": 4.300826601340341, "log10_subsample": -0.6512650708262983, "max_depth": 5.0, "num_boost_round": 27.0}, "datetime": {"datetime": "2024-01-19 00:21:36", "elapsed": 590.531512, "delta": 0.001025}}
{"target": -17.676865692768928, "params": {"gamma": 964.6688813597066, "log10_alpha": -0.09319422566627633, "log10_colsample_bytree": -0.2568385587148363, "log10_eta": -2.8694501330889186, "log10_lambda": 0.6426210390619662, "log10_min_child_weight": 4.300826601340341, "log10_subsample": -0.6512650708262983, "max_depth": 5.0, "num_boost_round": 28.0}, "datetime": {"datetime": "2024-01-19 00:21:36", "elapsed": 590.532459, "delta": 0.000947}}
{"target": -17.676859334845016, "params": {"gamma": 964.6688813597066, "log10_alpha": -0.09319422566627633, "log10_colsample_bytree": -0.2568385587148363, "log10_eta": -2.8694501330889186, "log10_lambda": 0.6426210390619662, "log10_min_child_weight": 4.300826601340341, "log10_subsample": -0.6512650708262983, "max_depth": 5.0, "num_boost_round": 29.0}, "datetime": {"datetime": "2024-01-19 00:21:36", "elapsed": 590.533402, "delta": 0.000943}}
{"target": -17.67745490907501, "params": {"gamma": 962.9047398886925, "log10_alpha": 0.5688254113792421, "log10_colsample_bytree": -0.3555251185805304, "log10_eta": -0.729055052868175, "log10_lambda": -1.6405007071618378, "log10_min_child_weight": 4.70128446751143, "log10_subsample": -0.0851667018463107, "max_depth": 3.0, "num_boost_round": 0.0}, "datetime": {"datetime": "2024-01-19 00:22:05", "elapsed": 619.68343, "delta": 29.150028}}
{"target": -17.682825610011143, "params": {"gamma": 962.9047398886925, "log10_alpha": 0.5688254113792421, "log10_colsample_bytree": -0.3555251185805304, "log10_eta": -0.729055052868175, "log10_lambda": -1.6405007071618378, "log10_min_child_weight": 4.70128446751143, "log10_subsample": -0.0851667018463107, "max_depth": 3.0, "num_boost_round": 1.0}, "datetime": {"datetime": "2024-01-19 00:22:05", "elapsed": 619.685879, "delta": 0.002449}}
{"target": -17.686299948796186, "params": {"gamma": 962.9047398886925, "log10_alpha": 0.5688254113792421, "log10_colsample_bytree": -0.3555251185805304, "log10_eta": -0.729055052868175, "log10_lambda": -1.6405007071618378, "log10_min_child_weight": 4.70128446751143, "log10_subsample": -0.0851667018463107, "max_depth": 3.0, "num_boost_round": 2.0}, "datetime": {"datetime": "2024-01-19 00:22:05", "elapsed": 619.686887, "delta": 0.001008}}
{"target": -17.68776725063925, "params": {"gamma": 962.9047398886925, "log10_alpha": 0.5688254113792421, "log10_colsample_bytree": -0.3555251185805304, "log10_eta": -0.729055052868175, "log10_lambda": -1.6405007071618378, "log10_min_child_weight": 4.70128446751143, "log10_subsample": -0.0851667018463107, "max_depth": 3.0, "num_boost_round": 3.0}, "datetime": {"datetime": "2024-01-19 00:22:05", "elapsed": 619.687967, "delta": 0.00108}}
{"target": -17.688365150011734, "params": {"gamma": 962.9047398886925, "log10_alpha": 0.5688254113792421, "log10_colsample_bytree": -0.3555251185805304, "log10_eta": -0.729055052868175, "log10_lambda": -1.6405007071618378, "log10_min_child_weight": 4.70128446751143, "log10_subsample": -0.0851667018463107, "max_depth": 3.0, "num_boost_round": 4.0}, "datetime": {"datetime": "2024-01-19 00:22:05", "elapsed": 619.688912, "delta": 0.000945}}
{"target": -17.690254943404717, "params": {"gamma": 962.9047398886925, "log10_alpha": 0.5688254113792421, "log10_colsample_bytree": -0.3555251185805304, "log10_eta": -0.729055052868175, "log10_lambda": -1.6405007071618378, "log10_min_child_weight": 4.70128446751143, "log10_subsample": -0.0851667018463107, "max_depth": 3.0, "num_boost_round": 5.0}, "datetime": {"datetime": "2024-01-19 00:22:05", "elapsed": 619.689857, "delta": 0.000945}}
{"target": -17.693544597431533, "params": {"gamma": 962.9047398886925, "log10_alpha": 0.5688254113792421, "log10_colsample_bytree": -0.3555251185805304, "log10_eta": -0.729055052868175, "log10_lambda": -1.6405007071618378, "log10_min_child_weight": 4.70128446751143, "log10_subsample": -0.0851667018463107, "max_depth": 3.0, "num_boost_round": 6.0}, "datetime": {"datetime": "2024-01-19 00:22:05", "elapsed": 619.690929, "delta": 0.001072}}
{"target": -17.69638695750266, "params": {"gamma": 962.9047398886925, "log10_alpha": 0.5688254113792421, "log10_colsample_bytree": -0.3555251185805304, "log10_eta": -0.729055052868175, "log10_lambda": -1.6405007071618378, "log10_min_child_weight": 4.70128446751143, "log10_subsample": -0.0851667018463107, "max_depth": 3.0, "num_boost_round": 7.0}, "datetime": {"datetime": "2024-01-19 00:22:05", "elapsed": 619.691883, "delta": 0.000954}}
{"target": -17.696769941701614, "params": {"gamma": 962.9047398886925, "log10_alpha": 0.5688254113792421, "log10_colsample_bytree": -0.3555251185805304, "log10_eta": -0.729055052868175, "log10_lambda": -1.6405007071618378, "log10_min_child_weight": 4.70128446751143, "log10_subsample": -0.0851667018463107, "max_depth": 3.0, "num_boost_round": 8.0}, "datetime": {"datetime": "2024-01-19 00:22:05", "elapsed": 619.692827, "delta": 0.000944}}
{"target": -17.696797051453213, "params": {"gamma": 962.9047398886925, "log10_alpha": 0.5688254113792421, "log10_colsample_bytree": -0.3555251185805304, "log10_eta": -0.729055052868175, "log10_lambda": -1.6405007071618378, "log10_min_child_weight": 4.70128446751143, "log10_subsample": -0.0851667018463107, "max_depth": 3.0, "num_boost_round": 9.0}, "datetime": {"datetime": "2024-01-19 00:22:05", "elapsed": 619.693812, "delta": 0.000985}}
{"target": -17.696762943412068, "params": {"gamma": 962.9047398886925, "log10_alpha": 0.5688254113792421, "log10_colsample_bytree": -0.3555251185805304, "log10_eta": -0.729055052868175, "log10_lambda": -1.6405007071618378, "log10_min_child_weight": 4.70128446751143, "log10_subsample": -0.0851667018463107, "max_depth": 3.0, "num_boost_round": 10.0}, "datetime": {"datetime": "2024-01-19 00:22:05", "elapsed": 619.694758, "delta": 0.000946}}
{"target": -17.697014235134617, "params": {"gamma": 962.9047398886925, "log10_alpha": 0.5688254113792421, "log10_colsample_bytree": -0.3555251185805304, "log10_eta": -0.729055052868175, "log10_lambda": -1.6405007071618378, "log10_min_child_weight": 4.70128446751143, "log10_subsample": -0.0851667018463107, "max_depth": 3.0, "num_boost_round": 11.0}, "datetime": {"datetime": "2024-01-19 00:22:05", "elapsed": 619.695832, "delta": 0.001074}}
{"target": -17.701105930181292, "params": {"gamma": 962.9047398886925, "log10_alpha": 0.5688254113792421, "log10_colsample_bytree": -0.3555251185805304, "log10_eta": -0.729055052868175, "log10_lambda": -1.6405007071618378, "log10_min_child_weight": 4.70128446751143, "log10_subsample": -0.0851667018463107, "max_depth": 3.0, "num_boost_round": 12.0}, "datetime": {"datetime": "2024-01-19 00:22:05", "elapsed": 619.696802, "delta": 0.00097}}
{"target": -17.70317291491083, "params": {"gamma": 962.9047398886925, "log10_alpha": 0.5688254113792421, "log10_colsample_bytree": -0.3555251185805304, "log10_eta": -0.729055052868175, "log10_lambda": -1.6405007071618378, "log10_min_child_weight": 4.70128446751143, "log10_subsample": -0.0851667018463107, "max_depth": 3.0, "num_boost_round": 13.0}, "datetime": {"datetime": "2024-01-19 00:22:05", "elapsed": 619.697777, "delta": 0.000975}}
{"target": -17.703369618623316, "params": {"gamma": 962.9047398886925, "log10_alpha": 0.5688254113792421, "log10_colsample_bytree": -0.3555251185805304, "log10_eta": -0.729055052868175, "log10_lambda": -1.6405007071618378, "log10_min_child_weight": 4.70128446751143, "log10_subsample": -0.0851667018463107, "max_depth": 3.0, "num_boost_round": 14.0}, "datetime": {"datetime": "2024-01-19 00:22:05", "elapsed": 619.698738, "delta": 0.000961}}
{"target": -17.702475467306368, "params": {"gamma": 962.9047398886925, "log10_alpha": 0.5688254113792421, "log10_colsample_bytree": -0.3555251185805304, "log10_eta": -0.729055052868175, "log10_lambda": -1.6405007071618378, "log10_min_child_weight": 4.70128446751143, "log10_subsample": -0.0851667018463107, "max_depth": 3.0, "num_boost_round": 15.0}, "datetime": {"datetime": "2024-01-19 00:22:05", "elapsed": 619.699711, "delta": 0.000973}}
{"target": -17.703051777745785, "params": {"gamma": 962.9047398886925, "log10_alpha": 0.5688254113792421, "log10_colsample_bytree": -0.3555251185805304, "log10_eta": -0.729055052868175, "log10_lambda": -1.6405007071618378, "log10_min_child_weight": 4.70128446751143, "log10_subsample": -0.0851667018463107, "max_depth": 3.0, "num_boost_round": 16.0}, "datetime": {"datetime": "2024-01-19 00:22:05", "elapsed": 619.700675, "delta": 0.000964}}
{"target": -17.70362429919527, "params": {"gamma": 962.9047398886925, "log10_alpha": 0.5688254113792421, "log10_colsample_bytree": -0.3555251185805304, "log10_eta": -0.729055052868175, "log10_lambda": -1.6405007071618378, "log10_min_child_weight": 4.70128446751143, "log10_subsample": -0.0851667018463107, "max_depth": 3.0, "num_boost_round": 17.0}, "datetime": {"datetime": "2024-01-19 00:22:05", "elapsed": 619.701634, "delta": 0.000959}}
{"target": -17.704092717170756, "params": {"gamma": 962.9047398886925, "log10_alpha": 0.5688254113792421, "log10_colsample_bytree": -0.3555251185805304, "log10_eta": -0.729055052868175, "log10_lambda": -1.6405007071618378, "log10_min_child_weight": 4.70128446751143, "log10_subsample": -0.0851667018463107, "max_depth": 3.0, "num_boost_round": 18.0}, "datetime": {"datetime": "2024-01-19 00:22:05", "elapsed": 619.70265, "delta": 0.001016}}
{"target": -17.705447059159372, "params": {"gamma": 962.9047398886925, "log10_alpha": 0.5688254113792421, "log10_colsample_bytree": -0.3555251185805304, "log10_eta": -0.729055052868175, "log10_lambda": -1.6405007071618378, "log10_min_child_weight": 4.70128446751143, "log10_subsample": -0.0851667018463107, "max_depth": 3.0, "num_boost_round": 19.0}, "datetime": {"datetime": "2024-01-19 00:22:05", "elapsed": 619.703614, "delta": 0.000964}}
{"target": -17.706344962193224, "params": {"gamma": 962.9047398886925, "log10_alpha": 0.5688254113792421, "log10_colsample_bytree": -0.3555251185805304, "log10_eta": -0.729055052868175, "log10_lambda": -1.6405007071618378, "log10_min_child_weight": 4.70128446751143, "log10_subsample": -0.0851667018463107, "max_depth": 3.0, "num_boost_round": 20.0}, "datetime": {"datetime": "2024-01-19 00:22:05", "elapsed": 619.704576, "delta": 0.000962}}
{"target": -17.70980579868441, "params": {"gamma": 962.9047398886925, "log10_alpha": 0.5688254113792421, "log10_colsample_bytree": -0.3555251185805304, "log10_eta": -0.729055052868175, "log10_lambda": -1.6405007071618378, "log10_min_child_weight": 4.70128446751143, "log10_subsample": -0.0851667018463107, "max_depth": 3.0, "num_boost_round": 21.0}, "datetime": {"datetime": "2024-01-19 00:22:05", "elapsed": 619.705543, "delta": 0.000967}}
{"target": -17.71268967997823, "params": {"gamma": 962.9047398886925, "log10_alpha": 0.5688254113792421, "log10_colsample_bytree": -0.3555251185805304, "log10_eta": -0.729055052868175, "log10_lambda": -1.6405007071618378, "log10_min_child_weight": 4.70128446751143, "log10_subsample": -0.0851667018463107, "max_depth": 3.0, "num_boost_round": 22.0}, "datetime": {"datetime": "2024-01-19 00:22:05", "elapsed": 619.706502, "delta": 0.000959}}
{"target": -17.71288693036423, "params": {"gamma": 962.9047398886925, "log10_alpha": 0.5688254113792421, "log10_colsample_bytree": -0.3555251185805304, "log10_eta": -0.729055052868175, "log10_lambda": -1.6405007071618378, "log10_min_child_weight": 4.70128446751143, "log10_subsample": -0.0851667018463107, "max_depth": 3.0, "num_boost_round": 23.0}, "datetime": {"datetime": "2024-01-19 00:22:05", "elapsed": 619.707471, "delta": 0.000969}}
{"target": -17.71381851180907, "params": {"gamma": 962.9047398886925, "log10_alpha": 0.5688254113792421, "log10_colsample_bytree": -0.3555251185805304, "log10_eta": -0.729055052868175, "log10_lambda": -1.6405007071618378, "log10_min_child_weight": 4.70128446751143, "log10_subsample": -0.0851667018463107, "max_depth": 3.0, "num_boost_round": 24.0}, "datetime": {"datetime": "2024-01-19 00:22:05", "elapsed": 619.708438, "delta": 0.000967}}
{"target": -17.714507038869677, "params": {"gamma": 962.9047398886925, "log10_alpha": 0.5688254113792421, "log10_colsample_bytree": -0.3555251185805304, "log10_eta": -0.729055052868175, "log10_lambda": -1.6405007071618378, "log10_min_child_weight": 4.70128446751143, "log10_subsample": -0.0851667018463107, "max_depth": 3.0, "num_boost_round": 25.0}, "datetime": {"datetime": "2024-01-19 00:22:05", "elapsed": 619.709396, "delta": 0.000958}}
{"target": -17.719222279057828, "params": {"gamma": 962.9047398886925, "log10_alpha": 0.5688254113792421, "log10_colsample_bytree": -0.3555251185805304, "log10_eta": -0.729055052868175, "log10_lambda": -1.6405007071618378, "log10_min_child_weight": 4.70128446751143, "log10_subsample": -0.0851667018463107, "max_depth": 3.0, "num_boost_round": 26.0}, "datetime": {"datetime": "2024-01-19 00:22:05", "elapsed": 619.710353, "delta": 0.000957}}
{"target": -17.718564592704986, "params": {"gamma": 962.9047398886925, "log10_alpha": 0.5688254113792421, "log10_colsample_bytree": -0.3555251185805304, "log10_eta": -0.729055052868175, "log10_lambda": -1.6405007071618378, "log10_min_child_weight": 4.70128446751143, "log10_subsample": -0.0851667018463107, "max_depth": 3.0, "num_boost_round": 27.0}, "datetime": {"datetime": "2024-01-19 00:22:05", "elapsed": 619.711575, "delta": 0.001222}}
{"target": -17.71888144766968, "params": {"gamma": 962.9047398886925, "log10_alpha": 0.5688254113792421, "log10_colsample_bytree": -0.3555251185805304, "log10_eta": -0.729055052868175, "log10_lambda": -1.6405007071618378, "log10_min_child_weight": 4.70128446751143, "log10_subsample": -0.0851667018463107, "max_depth": 3.0, "num_boost_round": 28.0}, "datetime": {"datetime": "2024-01-19 00:22:05", "elapsed": 619.712733, "delta": 0.001158}}
{"target": -17.718811721789027, "params": {"gamma": 962.9047398886925, "log10_alpha": 0.5688254113792421, "log10_colsample_bytree": -0.3555251185805304, "log10_eta": -0.729055052868175, "log10_lambda": -1.6405007071618378, "log10_min_child_weight": 4.70128446751143, "log10_subsample": -0.0851667018463107, "max_depth": 3.0, "num_boost_round": 29.0}, "datetime": {"datetime": "2024-01-19 00:22:05", "elapsed": 619.713713, "delta": 0.00098}}
{"target": -17.71972399981818, "params": {"gamma": 962.9047398886925, "log10_alpha": 0.5688254113792421, "log10_colsample_bytree": -0.3555251185805304, "log10_eta": -0.729055052868175, "log10_lambda": -1.6405007071618378, "log10_min_child_weight": 4.70128446751143, "log10_subsample": -0.0851667018463107, "max_depth": 3.0, "num_boost_round": 30.0}, "datetime": {"datetime": "2024-01-19 00:22:05", "elapsed": 619.71469, "delta": 0.000977}}
{"target": -17.721216652801356, "params": {"gamma": 962.9047398886925, "log10_alpha": 0.5688254113792421, "log10_colsample_bytree": -0.3555251185805304, "log10_eta": -0.729055052868175, "log10_lambda": -1.6405007071618378, "log10_min_child_weight": 4.70128446751143, "log10_subsample": -0.0851667018463107, "max_depth": 3.0, "num_boost_round": 31.0}, "datetime": {"datetime": "2024-01-19 00:22:05", "elapsed": 619.715667, "delta": 0.000977}}
{"target": -17.72379077600214, "params": {"gamma": 962.9047398886925, "log10_alpha": 0.5688254113792421, "log10_colsample_bytree": -0.3555251185805304, "log10_eta": -0.729055052868175, "log10_lambda": -1.6405007071618378, "log10_min_child_weight": 4.70128446751143, "log10_subsample": -0.0851667018463107, "max_depth": 3.0, "num_boost_round": 32.0}, "datetime": {"datetime": "2024-01-19 00:22:05", "elapsed": 619.716655, "delta": 0.000988}}
{"target": -17.72487782294628, "params": {"gamma": 962.9047398886925, "log10_alpha": 0.5688254113792421, "log10_colsample_bytree": -0.3555251185805304, "log10_eta": -0.729055052868175, "log10_lambda": -1.6405007071618378, "log10_min_child_weight": 4.70128446751143, "log10_subsample": -0.0851667018463107, "max_depth": 3.0, "num_boost_round": 33.0}, "datetime": {"datetime": "2024-01-19 00:22:05", "elapsed": 619.717633, "delta": 0.000978}}
{"target": -17.726034392195523, "params": {"gamma": 962.9047398886925, "log10_alpha": 0.5688254113792421, "log10_colsample_bytree": -0.3555251185805304, "log10_eta": -0.729055052868175, "log10_lambda": -1.6405007071618378, "log10_min_child_weight": 4.70128446751143, "log10_subsample": -0.0851667018463107, "max_depth": 3.0, "num_boost_round": 34.0}, "datetime": {"datetime": "2024-01-19 00:22:05", "elapsed": 619.718614, "delta": 0.000981}}
{"target": -17.727161194235272, "params": {"gamma": 962.9047398886925, "log10_alpha": 0.5688254113792421, "log10_colsample_bytree": -0.3555251185805304, "log10_eta": -0.729055052868175, "log10_lambda": -1.6405007071618378, "log10_min_child_weight": 4.70128446751143, "log10_subsample": -0.0851667018463107, "max_depth": 3.0, "num_boost_round": 35.0}, "datetime": {"datetime": "2024-01-19 00:22:05", "elapsed": 619.719602, "delta": 0.000988}}
{"target": -17.72973001678221, "params": {"gamma": 962.9047398886925, "log10_alpha": 0.5688254113792421, "log10_colsample_bytree": -0.3555251185805304, "log10_eta": -0.729055052868175, "log10_lambda": -1.6405007071618378, "log10_min_child_weight": 4.70128446751143, "log10_subsample": -0.0851667018463107, "max_depth": 3.0, "num_boost_round": 36.0}, "datetime": {"datetime": "2024-01-19 00:22:05", "elapsed": 619.720579, "delta": 0.000977}}
{"target": -17.730372280397834, "params": {"gamma": 962.9047398886925, "log10_alpha": 0.5688254113792421, "log10_colsample_bytree": -0.3555251185805304, "log10_eta": -0.729055052868175, "log10_lambda": -1.6405007071618378, "log10_min_child_weight": 4.70128446751143, "log10_subsample": -0.0851667018463107, "max_depth": 3.0, "num_boost_round": 37.0}, "datetime": {"datetime": "2024-01-19 00:22:05", "elapsed": 619.721561, "delta": 0.000982}}
{"target": -17.731358969235433, "params": {"gamma": 962.9047398886925, "log10_alpha": 0.5688254113792421, "log10_colsample_bytree": -0.3555251185805304, "log10_eta": -0.729055052868175, "log10_lambda": -1.6405007071618378, "log10_min_child_weight": 4.70128446751143, "log10_subsample": -0.0851667018463107, "max_depth": 3.0, "num_boost_round": 38.0}, "datetime": {"datetime": "2024-01-19 00:22:05", "elapsed": 619.722542, "delta": 0.000981}}
{"target": -17.732877001945333, "params": {"gamma": 962.9047398886925, "log10_alpha": 0.5688254113792421, "log10_colsample_bytree": -0.3555251185805304, "log10_eta": -0.729055052868175, "log10_lambda": -1.6405007071618378, "log10_min_child_weight": 4.70128446751143, "log10_subsample": -0.0851667018463107, "max_depth": 3.0, "num_boost_round": 39.0}, "datetime": {"datetime": "2024-01-19 00:22:05", "elapsed": 619.723996, "delta": 0.001454}}
{"target": -17.733711028072925, "params": {"gamma": 962.9047398886925, "log10_alpha": 0.5688254113792421, "log10_colsample_bytree": -0.3555251185805304, "log10_eta": -0.729055052868175, "log10_lambda": -1.6405007071618378, "log10_min_child_weight": 4.70128446751143, "log10_subsample": -0.0851667018463107, "max_depth": 3.0, "num_boost_round": 40.0}, "datetime": {"datetime": "2024-01-19 00:22:05", "elapsed": 619.724999, "delta": 0.001003}}
{"target": -17.7328916054581, "params": {"gamma": 962.9047398886925, "log10_alpha": 0.5688254113792421, "log10_colsample_bytree": -0.3555251185805304, "log10_eta": -0.729055052868175, "log10_lambda": -1.6405007071618378, "log10_min_child_weight": 4.70128446751143, "log10_subsample": -0.0851667018463107, "max_depth": 3.0, "num_boost_round": 41.0}, "datetime": {"datetime": "2024-01-19 00:22:05", "elapsed": 619.726022, "delta": 0.001023}}
