{"target": -13.758536654042706, "params": {"gamma": 540.6622009188967, "log10_alpha": -3.6012603344638094, "log10_colsample_bytree": -0.11898191034212102, "log10_eta": -3.648867377757493, "log10_lambda": 0.9800021655848834, "log10_min_child_weight": 4.6839442175877934, "log10_subsample": -0.543708958803009, "max_depth": 8.0, "num_boost_round": 4.0}, "datetime": {"datetime": "2024-01-19 01:40:52", "elapsed": 5305.06057, "delta": 0.004797}}
{"target": -13.758537047658786, "params": {"gamma": 540.6622009188967, "log10_alpha": -3.6012603344638094, "log10_colsample_bytree": -0.11898191034212102, "log10_eta": -3.648867377757493, "log10_lambda": 0.9800021655848834, "log10_min_child_weight": 4.6839442175877934, "log10_subsample": -0.543708958803009, "max_depth": 8.0, "num_boost_round": 5.0}, "datetime": {"datetime": "2024-01-19 01:40:52", "elapsed": 5305.065417, "delta": 0.004847}}
{"target": -13.758537296242052, "params": {"gamma": 540.6622009188967, "log10_alpha": -3.6012603344638094, "log10_colsample_bytree": -0.11898191034212102, "log10_eta": -3.648867377757493, "log10_lambda": 0.9800021655848834, "log10_min_child_weight": 4.6839442175877934, "log10_subsample": -0.543708958803009, "max_depth": 8.0, "num_boost_round": 6.0}, "datetime": {"datetime": "2024-01-19 01:40:52", "elapsed": 5305.070095, "delta": 0.004678}}
{"target": -13.758536601727084, "params": {"gamma": 540.6622009188967, "log10_alpha": -3.6012603344638094, "log10_colsample_bytree": -0.11898191034212102, "log10_eta": -3.648867377757493, "log10_lambda": 0.9800021655848834, "log10_min_child_weight": 4.6839442175877934, "log10_subsample": -0.543708958803009, "max_depth": 8.0, "num_boost_round": 7.0}, "datetime": {"datetime": "2024-01-19 01:40:52", "elapsed": 5305.074941, "delta": 0.004846}}
{"target": -13.758535893039243, "params": {"gamma": 540.6622009188967, "log10_alpha": -3.6012603344638094, "log10_colsample_bytree": -0.11898191034212102, "log10_eta": -3.648867377757493, "log10_lambda": 0.9800021655848834, "log10_min_child_weight": 4.6839442175877934, "log10_subsample": -0.543708958803009, "max_depth": 8.0, "num_boost_round": 8.0}, "datetime": {"datetime": "2024-01-19 01:40:52", "elapsed": 5305.079601, "delta": 0.00466}}
{"target": -13.758534797393986, "params": {"gamma": 540.6622009188967, "log10_alpha": -3.6012603344638094, "log10_colsample_bytree": -0.11898191034212102, "log10_eta": -3.648867377757493, "log10_lambda": 0.9800021655848834, "log10_min_child_weight": 4.6839442175877934, "log10_subsample": -0.543708958803009, "max_depth": 8.0, "num_boost_round": 9.0}, "datetime": {"datetime": "2024-01-19 01:40:52", "elapsed": 5305.084442, "delta": 0.004841}}
{"target": -13.75853471501199, "params": {"gamma": 540.6622009188967, "log10_alpha": -3.6012603344638094, "log10_colsample_bytree": -0.11898191034212102, "log10_eta": -3.648867377757493, "log10_lambda": 0.9800021655848834, "log10_min_child_weight": 4.6839442175877934, "log10_subsample": -0.543708958803009, "max_depth": 8.0, "num_boost_round": 10.0}, "datetime": {"datetime": "2024-01-19 01:40:52", "elapsed": 5305.089111, "delta": 0.004669}}
{"target": -13.758533760201603, "params": {"gamma": 540.6622009188967, "log10_alpha": -3.6012603344638094, "log10_colsample_bytree": -0.11898191034212102, "log10_eta": -3.648867377757493, "log10_lambda": 0.9800021655848834, "log10_min_child_weight": 4.6839442175877934, "log10_subsample": -0.543708958803009, "max_depth": 8.0, "num_boost_round": 11.0}, "datetime": {"datetime": "2024-01-19 01:40:52", "elapsed": 5305.093982, "delta": 0.004871}}
{"target": -13.75853288139539, "params": {"gamma": 540.6622009188967, "log10_alpha": -3.6012603344638094, "log10_colsample_bytree": -0.11898191034212102, "log10_eta": -3.648867377757493, "log10_lambda": 0.9800021655848834, "log10_min_child_weight": 4.6839442175877934, "log10_subsample": -0.543708958803009, "max_depth": 8.0, "num_boost_round": 12.0}, "datetime": {"datetime": "2024-01-19 01:40:52", "elapsed": 5305.098837, "delta": 0.004855}}
{"target": -13.758532037841318, "params": {"gamma": 540.6622009188967, "log10_alpha": -3.6012603344638094, "log10_colsample_bytree": -0.11898191034212102, "log10_eta": -3.648867377757493, "log10_lambda": 0.9800021655848834, "log10_min_child_weight": 4.6839442175877934, "log10_subsample": -0.543708958803009, "max_depth": 8.0, "num_boost_round": 13.0}, "datetime": {"datetime": "2024-01-19 01:40:52", "elapsed": 5305.103818, "delta": 0.004981}}
{"target": -13.758531734301354, "params": {"gamma": 540.6622009188967, "log10_alpha": -3.6012603344638094, "log10_colsample_bytree": -0.11898191034212102, "log10_eta": -3.648867377757493, "log10_lambda": 0.9800021655848834, "log10_min_child_weight": 4.6839442175877934, "log10_subsample": -0.543708958803009, "max_depth": 8.0, "num_boost_round": 14.0}, "datetime": {"datetime": "2024-01-19 01:40:52", "elapsed": 5305.108593, "delta": 0.004775}}
{"target": -13.758531909666893, "params": {"gamma": 540.6622009188967, "log10_alpha": -3.6012603344638094, "log10_colsample_bytree": -0.11898191034212102, "log10_eta": -3.648867377757493, "log10_lambda": 0.9800021655848834, "log10_min_child_weight": 4.6839442175877934, "log10_subsample": -0.543708958803009, "max_depth": 8.0, "num_boost_round": 15.0}, "datetime": {"datetime": "2024-01-19 01:40:52", "elapsed": 5305.113403, "delta": 0.00481}}
{"target": -13.75853073814929, "params": {"gamma": 540.6622009188967, "log10_alpha": -3.6012603344638094, "log10_colsample_bytree": -0.11898191034212102, "log10_eta": -3.648867377757493, "log10_lambda": 0.9800021655848834, "log10_min_child_weight": 4.6839442175877934, "log10_subsample": -0.543708958803009, "max_depth": 8.0, "num_boost_round": 16.0}, "datetime": {"datetime": "2024-01-19 01:40:52", "elapsed": 5305.118097, "delta": 0.004694}}
{"target": -13.758608660001347, "params": {"gamma": 654.0768829685308, "log10_alpha": -2.888983743317225, "log10_colsample_bytree": -0.11344906774046182, "log10_eta": -1.2075596831005337, "log10_lambda": -4.988475563573122, "log10_min_child_weight": 1.1868284060019796, "log10_subsample": -0.711594090296658, "max_depth": 2.0, "num_boost_round": 0.0}, "datetime": {"datetime": "2024-01-19 01:41:58", "elapsed": 5370.88028, "delta": 65.762183}}
{"target": -13.758251286940194, "params": {"gamma": 654.0768829685308, "log10_alpha": -2.888983743317225, "log10_colsample_bytree": -0.11344906774046182, "log10_eta": -1.2075596831005337, "log10_lambda": -4.988475563573122, "log10_min_child_weight": 1.1868284060019796, "log10_subsample": -0.711594090296658, "max_depth": 2.0, "num_boost_round": 1.0}, "datetime": {"datetime": "2024-01-19 01:41:58", "elapsed": 5370.885843, "delta": 0.005563}}
{"target": -13.757949335334551, "params": {"gamma": 654.0768829685308, "log10_alpha": -2.888983743317225, "log10_colsample_bytree": -0.11344906774046182, "log10_eta": -1.2075596831005337, "log10_lambda": -4.988475563573122, "log10_min_child_weight": 1.1868284060019796, "log10_subsample": -0.711594090296658, "max_depth": 2.0, "num_boost_round": 2.0}, "datetime": {"datetime": "2024-01-19 01:41:58", "elapsed": 5370.890676, "delta": 0.004833}}
{"target": -13.758509093954167, "params": {"gamma": 654.0768829685308, "log10_alpha": -2.888983743317225, "log10_colsample_bytree": -0.11344906774046182, "log10_eta": -1.2075596831005337, "log10_lambda": -4.988475563573122, "log10_min_child_weight": 1.1868284060019796, "log10_subsample": -0.711594090296658, "max_depth": 2.0, "num_boost_round": 3.0}, "datetime": {"datetime": "2024-01-19 01:41:58", "elapsed": 5370.89566, "delta": 0.004984}}
{"target": -13.75842527707557, "params": {"gamma": 654.0768829685308, "log10_alpha": -2.888983743317225, "log10_colsample_bytree": -0.11344906774046182, "log10_eta": -1.2075596831005337, "log10_lambda": -4.988475563573122, "log10_min_child_weight": 1.1868284060019796, "log10_subsample": -0.711594090296658, "max_depth": 2.0, "num_boost_round": 4.0}, "datetime": {"datetime": "2024-01-19 01:41:58", "elapsed": 5370.900499, "delta": 0.004839}}
{"target": -13.759497533676056, "params": {"gamma": 654.0768829685308, "log10_alpha": -2.888983743317225, "log10_colsample_bytree": -0.11344906774046182, "log10_eta": -1.2075596831005337, "log10_lambda": -4.988475563573122, "log10_min_child_weight": 1.1868284060019796, "log10_subsample": -0.711594090296658, "max_depth": 2.0, "num_boost_round": 5.0}, "datetime": {"datetime": "2024-01-19 01:41:58", "elapsed": 5370.905335, "delta": 0.004836}}
{"target": -13.759260907772642, "params": {"gamma": 654.0768829685308, "log10_alpha": -2.888983743317225, "log10_colsample_bytree": -0.11344906774046182, "log10_eta": -1.2075596831005337, "log10_lambda": -4.988475563573122, "log10_min_child_weight": 1.1868284060019796, "log10_subsample": -0.711594090296658, "max_depth": 2.0, "num_boost_round": 6.0}, "datetime": {"datetime": "2024-01-19 01:41:58", "elapsed": 5370.910144, "delta": 0.004809}}
{"target": -13.760479218456636, "params": {"gamma": 654.0768829685308, "log10_alpha": -2.888983743317225, "log10_colsample_bytree": -0.11344906774046182, "log10_eta": -1.2075596831005337, "log10_lambda": -4.988475563573122, "log10_min_child_weight": 1.1868284060019796, "log10_subsample": -0.711594090296658, "max_depth": 2.0, "num_boost_round": 7.0}, "datetime": {"datetime": "2024-01-19 01:41:58", "elapsed": 5370.915005, "delta": 0.004861}}
{"target": -13.761645637612963, "params": {"gamma": 654.0768829685308, "log10_alpha": -2.888983743317225, "log10_colsample_bytree": -0.11344906774046182, "log10_eta": -1.2075596831005337, "log10_lambda": -4.988475563573122, "log10_min_child_weight": 1.1868284060019796, "log10_subsample": -0.711594090296658, "max_depth": 2.0, "num_boost_round": 8.0}, "datetime": {"datetime": "2024-01-19 01:41:58", "elapsed": 5370.919704, "delta": 0.004699}}
{"target": -13.762104993899088, "params": {"gamma": 654.0768829685308, "log10_alpha": -2.888983743317225, "log10_colsample_bytree": -0.11344906774046182, "log10_eta": -1.2075596831005337, "log10_lambda": -4.988475563573122, "log10_min_child_weight": 1.1868284060019796, "log10_subsample": -0.711594090296658, "max_depth": 2.0, "num_boost_round": 9.0}, "datetime": {"datetime": "2024-01-19 01:41:58", "elapsed": 5370.924479, "delta": 0.004775}}
{"target": -13.760689331337373, "params": {"gamma": 654.0768829685308, "log10_alpha": -2.888983743317225, "log10_colsample_bytree": -0.11344906774046182, "log10_eta": -1.2075596831005337, "log10_lambda": -4.988475563573122, "log10_min_child_weight": 1.1868284060019796, "log10_subsample": -0.711594090296658, "max_depth": 2.0, "num_boost_round": 10.0}, "datetime": {"datetime": "2024-01-19 01:41:58", "elapsed": 5370.929244, "delta": 0.004765}}
{"target": -13.760416140162905, "params": {"gamma": 654.0768829685308, "log10_alpha": -2.888983743317225, "log10_colsample_bytree": -0.11344906774046182, "log10_eta": -1.2075596831005337, "log10_lambda": -4.988475563573122, "log10_min_child_weight": 1.1868284060019796, "log10_subsample": -0.711594090296658, "max_depth": 2.0, "num_boost_round": 11.0}, "datetime": {"datetime": "2024-01-19 01:41:58", "elapsed": 5370.934007, "delta": 0.004763}}
{"target": -13.76172249544459, "params": {"gamma": 654.0768829685308, "log10_alpha": -2.888983743317225, "log10_colsample_bytree": -0.11344906774046182, "log10_eta": -1.2075596831005337, "log10_lambda": -4.988475563573122, "log10_min_child_weight": 1.1868284060019796, "log10_subsample": -0.711594090296658, "max_depth": 2.0, "num_boost_round": 12.0}, "datetime": {"datetime": "2024-01-19 01:41:58", "elapsed": 5370.938682, "delta": 0.004675}}
{"target": -13.761600707622973, "params": {"gamma": 654.0768829685308, "log10_alpha": -2.888983743317225, "log10_colsample_bytree": -0.11344906774046182, "log10_eta": -1.2075596831005337, "log10_lambda": -4.988475563573122, "log10_min_child_weight": 1.1868284060019796, "log10_subsample": -0.711594090296658, "max_depth": 2.0, "num_boost_round": 13.0}, "datetime": {"datetime": "2024-01-19 01:41:58", "elapsed": 5370.943416, "delta": 0.004734}}
{"target": -13.762995135784175, "params": {"gamma": 654.0768829685308, "log10_alpha": -2.888983743317225, "log10_colsample_bytree": -0.11344906774046182, "log10_eta": -1.2075596831005337, "log10_lambda": -4.988475563573122, "log10_min_child_weight": 1.1868284060019796, "log10_subsample": -0.711594090296658, "max_depth": 2.0, "num_boost_round": 14.0}, "datetime": {"datetime": "2024-01-19 01:41:58", "elapsed": 5370.948115, "delta": 0.004699}}
{"target": -13.763643967609239, "params": {"gamma": 654.0768829685308, "log10_alpha": -2.888983743317225, "log10_colsample_bytree": -0.11344906774046182, "log10_eta": -1.2075596831005337, "log10_lambda": -4.988475563573122, "log10_min_child_weight": 1.1868284060019796, "log10_subsample": -0.711594090296658, "max_depth": 2.0, "num_boost_round": 15.0}, "datetime": {"datetime": "2024-01-19 01:41:58", "elapsed": 5370.952785, "delta": 0.00467}}
{"target": -13.763466081781067, "params": {"gamma": 654.0768829685308, "log10_alpha": -2.888983743317225, "log10_colsample_bytree": -0.11344906774046182, "log10_eta": -1.2075596831005337, "log10_lambda": -4.988475563573122, "log10_min_child_weight": 1.1868284060019796, "log10_subsample": -0.711594090296658, "max_depth": 2.0, "num_boost_round": 16.0}, "datetime": {"datetime": "2024-01-19 01:41:58", "elapsed": 5370.957628, "delta": 0.004843}}
{"target": -13.763325659889611, "params": {"gamma": 654.0768829685308, "log10_alpha": -2.888983743317225, "log10_colsample_bytree": -0.11344906774046182, "log10_eta": -1.2075596831005337, "log10_lambda": -4.988475563573122, "log10_min_child_weight": 1.1868284060019796, "log10_subsample": -0.711594090296658, "max_depth": 2.0, "num_boost_round": 17.0}, "datetime": {"datetime": "2024-01-19 01:41:58", "elapsed": 5370.962442, "delta": 0.004814}}
{"target": -13.763914597398772, "params": {"gamma": 654.0768829685308, "log10_alpha": -2.888983743317225, "log10_colsample_bytree": -0.11344906774046182, "log10_eta": -1.2075596831005337, "log10_lambda": -4.988475563573122, "log10_min_child_weight": 1.1868284060019796, "log10_subsample": -0.711594090296658, "max_depth": 2.0, "num_boost_round": 18.0}, "datetime": {"datetime": "2024-01-19 01:41:58", "elapsed": 5370.967205, "delta": 0.004763}}
{"target": -13.76409939507374, "params": {"gamma": 654.0768829685308, "log10_alpha": -2.888983743317225, "log10_colsample_bytree": -0.11344906774046182, "log10_eta": -1.2075596831005337, "log10_lambda": -4.988475563573122, "log10_min_child_weight": 1.1868284060019796, "log10_subsample": -0.711594090296658, "max_depth": 2.0, "num_boost_round": 19.0}, "datetime": {"datetime": "2024-01-19 01:41:58", "elapsed": 5370.972095, "delta": 0.00489}}
{"target": -13.766105868872035, "params": {"gamma": 654.0768829685308, "log10_alpha": -2.888983743317225, "log10_colsample_bytree": -0.11344906774046182, "log10_eta": -1.2075596831005337, "log10_lambda": -4.988475563573122, "log10_min_child_weight": 1.1868284060019796, "log10_subsample": -0.711594090296658, "max_depth": 2.0, "num_boost_round": 20.0}, "datetime": {"datetime": "2024-01-19 01:41:58", "elapsed": 5370.976861, "delta": 0.004766}}
{"target": -13.766013222407318, "params": {"gamma": 654.0768829685308, "log10_alpha": -2.888983743317225, "log10_colsample_bytree": -0.11344906774046182, "log10_eta": -1.2075596831005337, "log10_lambda": -4.988475563573122, "log10_min_child_weight": 1.1868284060019796, "log10_subsample": -0.711594090296658, "max_depth": 2.0, "num_boost_round": 21.0}, "datetime": {"datetime": "2024-01-19 01:41:58", "elapsed": 5370.98171, "delta": 0.004849}}
{"target": -13.766172379365445, "params": {"gamma": 654.0768829685308, "log10_alpha": -2.888983743317225, "log10_colsample_bytree": -0.11344906774046182, "log10_eta": -1.2075596831005337, "log10_lambda": -4.988475563573122, "log10_min_child_weight": 1.1868284060019796, "log10_subsample": -0.711594090296658, "max_depth": 2.0, "num_boost_round": 22.0}, "datetime": {"datetime": "2024-01-19 01:41:58", "elapsed": 5370.987517, "delta": 0.005807}}
{"target": -13.765854679260656, "params": {"gamma": 654.0768829685308, "log10_alpha": -2.888983743317225, "log10_colsample_bytree": -0.11344906774046182, "log10_eta": -1.2075596831005337, "log10_lambda": -4.988475563573122, "log10_min_child_weight": 1.1868284060019796, "log10_subsample": -0.711594090296658, "max_depth": 2.0, "num_boost_round": 23.0}, "datetime": {"datetime": "2024-01-19 01:41:58", "elapsed": 5370.992806, "delta": 0.005289}}
{"target": -13.766316301271353, "params": {"gamma": 654.0768829685308, "log10_alpha": -2.888983743317225, "log10_colsample_bytree": -0.11344906774046182, "log10_eta": -1.2075596831005337, "log10_lambda": -4.988475563573122, "log10_min_child_weight": 1.1868284060019796, "log10_subsample": -0.711594090296658, "max_depth": 2.0, "num_boost_round": 24.0}, "datetime": {"datetime": "2024-01-19 01:41:58", "elapsed": 5370.997644, "delta": 0.004838}}
{"target": -13.766519919365706, "params": {"gamma": 654.0768829685308, "log10_alpha": -2.888983743317225, "log10_colsample_bytree": -0.11344906774046182, "log10_eta": -1.2075596831005337, "log10_lambda": -4.988475563573122, "log10_min_child_weight": 1.1868284060019796, "log10_subsample": -0.711594090296658, "max_depth": 2.0, "num_boost_round": 25.0}, "datetime": {"datetime": "2024-01-19 01:41:58", "elapsed": 5371.115422, "delta": 0.117778}}
{"target": -13.766040191345994, "params": {"gamma": 654.0768829685308, "log10_alpha": -2.888983743317225, "log10_colsample_bytree": -0.11344906774046182, "log10_eta": -1.2075596831005337, "log10_lambda": -4.988475563573122, "log10_min_child_weight": 1.1868284060019796, "log10_subsample": -0.711594090296658, "max_depth": 2.0, "num_boost_round": 26.0}, "datetime": {"datetime": "2024-01-19 01:41:58", "elapsed": 5371.121156, "delta": 0.005734}}
{"target": -13.766487330675554, "params": {"gamma": 654.0768829685308, "log10_alpha": -2.888983743317225, "log10_colsample_bytree": -0.11344906774046182, "log10_eta": -1.2075596831005337, "log10_lambda": -4.988475563573122, "log10_min_child_weight": 1.1868284060019796, "log10_subsample": -0.711594090296658, "max_depth": 2.0, "num_boost_round": 27.0}, "datetime": {"datetime": "2024-01-19 01:41:58", "elapsed": 5371.126387, "delta": 0.005231}}
{"target": -13.767790115296702, "params": {"gamma": 654.0768829685308, "log10_alpha": -2.888983743317225, "log10_colsample_bytree": -0.11344906774046182, "log10_eta": -1.2075596831005337, "log10_lambda": -4.988475563573122, "log10_min_child_weight": 1.1868284060019796, "log10_subsample": -0.711594090296658, "max_depth": 2.0, "num_boost_round": 28.0}, "datetime": {"datetime": "2024-01-19 01:41:58", "elapsed": 5371.131253, "delta": 0.004866}}
{"target": -13.767244524371247, "params": {"gamma": 654.0768829685308, "log10_alpha": -2.888983743317225, "log10_colsample_bytree": -0.11344906774046182, "log10_eta": -1.2075596831005337, "log10_lambda": -4.988475563573122, "log10_min_child_weight": 1.1868284060019796, "log10_subsample": -0.711594090296658, "max_depth": 2.0, "num_boost_round": 29.0}, "datetime": {"datetime": "2024-01-19 01:41:58", "elapsed": 5371.13622, "delta": 0.004967}}
{"target": -13.768987637637835, "params": {"gamma": 654.0768829685308, "log10_alpha": -2.888983743317225, "log10_colsample_bytree": -0.11344906774046182, "log10_eta": -1.2075596831005337, "log10_lambda": -4.988475563573122, "log10_min_child_weight": 1.1868284060019796, "log10_subsample": -0.711594090296658, "max_depth": 2.0, "num_boost_round": 30.0}, "datetime": {"datetime": "2024-01-19 01:41:58", "elapsed": 5371.140985, "delta": 0.004765}}
{"target": -13.76920644390616, "params": {"gamma": 654.0768829685308, "log10_alpha": -2.888983743317225, "log10_colsample_bytree": -0.11344906774046182, "log10_eta": -1.2075596831005337, "log10_lambda": -4.988475563573122, "log10_min_child_weight": 1.1868284060019796, "log10_subsample": -0.711594090296658, "max_depth": 2.0, "num_boost_round": 31.0}, "datetime": {"datetime": "2024-01-19 01:41:58", "elapsed": 5371.145809, "delta": 0.004824}}
{"target": -13.769722830814334, "params": {"gamma": 654.0768829685308, "log10_alpha": -2.888983743317225, "log10_colsample_bytree": -0.11344906774046182, "log10_eta": -1.2075596831005337, "log10_lambda": -4.988475563573122, "log10_min_child_weight": 1.1868284060019796, "log10_subsample": -0.711594090296658, "max_depth": 2.0, "num_boost_round": 32.0}, "datetime": {"datetime": "2024-01-19 01:41:58", "elapsed": 5371.150661, "delta": 0.004852}}
{"target": -13.76940533397714, "params": {"gamma": 654.0768829685308, "log10_alpha": -2.888983743317225, "log10_colsample_bytree": -0.11344906774046182, "log10_eta": -1.2075596831005337, "log10_lambda": -4.988475563573122, "log10_min_child_weight": 1.1868284060019796, "log10_subsample": -0.711594090296658, "max_depth": 2.0, "num_boost_round": 33.0}, "datetime": {"datetime": "2024-01-19 01:41:58", "elapsed": 5371.155672, "delta": 0.005011}}
{"target": -13.77003811650703, "params": {"gamma": 654.0768829685308, "log10_alpha": -2.888983743317225, "log10_colsample_bytree": -0.11344906774046182, "log10_eta": -1.2075596831005337, "log10_lambda": -4.988475563573122, "log10_min_child_weight": 1.1868284060019796, "log10_subsample": -0.711594090296658, "max_depth": 2.0, "num_boost_round": 34.0}, "datetime": {"datetime": "2024-01-19 01:41:58", "elapsed": 5371.160498, "delta": 0.004826}}
{"target": -13.771030343635639, "params": {"gamma": 654.0768829685308, "log10_alpha": -2.888983743317225, "log10_colsample_bytree": -0.11344906774046182, "log10_eta": -1.2075596831005337, "log10_lambda": -4.988475563573122, "log10_min_child_weight": 1.1868284060019796, "log10_subsample": -0.711594090296658, "max_depth": 2.0, "num_boost_round": 35.0}, "datetime": {"datetime": "2024-01-19 01:41:58", "elapsed": 5371.165354, "delta": 0.004856}}
