{"target": -13.758292063760976, "params": {"gamma": 896.958560560161, "log10_alpha": 0.2683526873456552, "log10_colsample_bytree": -0.41944138936555286, "log10_eta": -1.9602302448715103, "log10_lambda": 0.7001240640379969, "log10_min_child_weight": 4.135109681777324, "log10_subsample": -0.44447558478848437, "max_depth": 9.0, "num_boost_round": 25.0}, "datetime": {"datetime": "2024-01-19 01:24:14", "elapsed": 4359.165268, "delta": 0.005104}}
{"target": -13.758393711332664, "params": {"gamma": 896.958560560161, "log10_alpha": 0.2683526873456552, "log10_colsample_bytree": -0.41944138936555286, "log10_eta": -1.9602302448715103, "log10_lambda": 0.7001240640379969, "log10_min_child_weight": 4.135109681777324, "log10_subsample": -0.44447558478848437, "max_depth": 9.0, "num_boost_round": 26.0}, "datetime": {"datetime": "2024-01-19 01:24:14", "elapsed": 4359.170383, "delta": 0.005115}}
{"target": -13.75836424720847, "params": {"gamma": 896.958560560161, "log10_alpha": 0.2683526873456552, "log10_colsample_bytree": -0.41944138936555286, "log10_eta": -1.9602302448715103, "log10_lambda": 0.7001240640379969, "log10_min_child_weight": 4.135109681777324, "log10_subsample": -0.44447558478848437, "max_depth": 9.0, "num_boost_round": 27.0}, "datetime": {"datetime": "2024-01-19 01:24:14", "elapsed": 4359.17561, "delta": 0.005227}}
{"target": -13.758367565577196, "params": {"gamma": 896.958560560161, "log10_alpha": 0.2683526873456552, "log10_colsample_bytree": -0.41944138936555286, "log10_eta": -1.9602302448715103, "log10_lambda": 0.7001240640379969, "log10_min_child_weight": 4.135109681777324, "log10_subsample": -0.44447558478848437, "max_depth": 9.0, "num_boost_round": 28.0}, "datetime": {"datetime": "2024-01-19 01:24:14", "elapsed": 4359.180627, "delta": 0.005017}}
{"target": -13.758511021132579, "params": {"gamma": 896.958560560161, "log10_alpha": 0.2683526873456552, "log10_colsample_bytree": -0.41944138936555286, "log10_eta": -1.9602302448715103, "log10_lambda": 0.7001240640379969, "log10_min_child_weight": 4.135109681777324, "log10_subsample": -0.44447558478848437, "max_depth": 9.0, "num_boost_round": 29.0}, "datetime": {"datetime": "2024-01-19 01:24:14", "elapsed": 4359.185816, "delta": 0.005189}}
{"target": -13.758474616504152, "params": {"gamma": 896.958560560161, "log10_alpha": 0.2683526873456552, "log10_colsample_bytree": -0.41944138936555286, "log10_eta": -1.9602302448715103, "log10_lambda": 0.7001240640379969, "log10_min_child_weight": 4.135109681777324, "log10_subsample": -0.44447558478848437, "max_depth": 9.0, "num_boost_round": 30.0}, "datetime": {"datetime": "2024-01-19 01:24:14", "elapsed": 4359.190775, "delta": 0.004959}}
{"target": -13.758433037588537, "params": {"gamma": 896.958560560161, "log10_alpha": 0.2683526873456552, "log10_colsample_bytree": -0.41944138936555286, "log10_eta": -1.9602302448715103, "log10_lambda": 0.7001240640379969, "log10_min_child_weight": 4.135109681777324, "log10_subsample": -0.44447558478848437, "max_depth": 9.0, "num_boost_round": 31.0}, "datetime": {"datetime": "2024-01-19 01:24:14", "elapsed": 4359.195872, "delta": 0.005097}}
{"target": -13.75852341735196, "params": {"gamma": 896.958560560161, "log10_alpha": 0.2683526873456552, "log10_colsample_bytree": -0.41944138936555286, "log10_eta": -1.9602302448715103, "log10_lambda": 0.7001240640379969, "log10_min_child_weight": 4.135109681777324, "log10_subsample": -0.44447558478848437, "max_depth": 9.0, "num_boost_round": 32.0}, "datetime": {"datetime": "2024-01-19 01:24:14", "elapsed": 4359.200864, "delta": 0.004992}}
{"target": -13.758590026485907, "params": {"gamma": 896.958560560161, "log10_alpha": 0.2683526873456552, "log10_colsample_bytree": -0.41944138936555286, "log10_eta": -1.9602302448715103, "log10_lambda": 0.7001240640379969, "log10_min_child_weight": 4.135109681777324, "log10_subsample": -0.44447558478848437, "max_depth": 9.0, "num_boost_round": 33.0}, "datetime": {"datetime": "2024-01-19 01:24:14", "elapsed": 4359.206086, "delta": 0.005222}}
{"target": -13.758778143880651, "params": {"gamma": 896.958560560161, "log10_alpha": 0.2683526873456552, "log10_colsample_bytree": -0.41944138936555286, "log10_eta": -1.9602302448715103, "log10_lambda": 0.7001240640379969, "log10_min_child_weight": 4.135109681777324, "log10_subsample": -0.44447558478848437, "max_depth": 9.0, "num_boost_round": 34.0}, "datetime": {"datetime": "2024-01-19 01:24:14", "elapsed": 4359.211059, "delta": 0.004973}}
{"target": -13.759006797986682, "params": {"gamma": 896.958560560161, "log10_alpha": 0.2683526873456552, "log10_colsample_bytree": -0.41944138936555286, "log10_eta": -1.9602302448715103, "log10_lambda": 0.7001240640379969, "log10_min_child_weight": 4.135109681777324, "log10_subsample": -0.44447558478848437, "max_depth": 9.0, "num_boost_round": 35.0}, "datetime": {"datetime": "2024-01-19 01:24:14", "elapsed": 4359.216283, "delta": 0.005224}}
{"target": -13.759168714558395, "params": {"gamma": 896.958560560161, "log10_alpha": 0.2683526873456552, "log10_colsample_bytree": -0.41944138936555286, "log10_eta": -1.9602302448715103, "log10_lambda": 0.7001240640379969, "log10_min_child_weight": 4.135109681777324, "log10_subsample": -0.44447558478848437, "max_depth": 9.0, "num_boost_round": 36.0}, "datetime": {"datetime": "2024-01-19 01:24:14", "elapsed": 4359.221316, "delta": 0.005033}}
{"target": -13.759380215529257, "params": {"gamma": 896.958560560161, "log10_alpha": 0.2683526873456552, "log10_colsample_bytree": -0.41944138936555286, "log10_eta": -1.9602302448715103, "log10_lambda": 0.7001240640379969, "log10_min_child_weight": 4.135109681777324, "log10_subsample": -0.44447558478848437, "max_depth": 9.0, "num_boost_round": 37.0}, "datetime": {"datetime": "2024-01-19 01:24:14", "elapsed": 4359.226512, "delta": 0.005196}}
{"target": -13.759511386284146, "params": {"gamma": 896.958560560161, "log10_alpha": 0.2683526873456552, "log10_colsample_bytree": -0.41944138936555286, "log10_eta": -1.9602302448715103, "log10_lambda": 0.7001240640379969, "log10_min_child_weight": 4.135109681777324, "log10_subsample": -0.44447558478848437, "max_depth": 9.0, "num_boost_round": 38.0}, "datetime": {"datetime": "2024-01-19 01:24:14", "elapsed": 4359.231545, "delta": 0.005033}}
{"target": -13.759616146035663, "params": {"gamma": 896.958560560161, "log10_alpha": 0.2683526873456552, "log10_colsample_bytree": -0.41944138936555286, "log10_eta": -1.9602302448715103, "log10_lambda": 0.7001240640379969, "log10_min_child_weight": 4.135109681777324, "log10_subsample": -0.44447558478848437, "max_depth": 9.0, "num_boost_round": 39.0}, "datetime": {"datetime": "2024-01-19 01:24:14", "elapsed": 4359.236605, "delta": 0.00506}}
{"target": -13.759613316616633, "params": {"gamma": 896.958560560161, "log10_alpha": 0.2683526873456552, "log10_colsample_bytree": -0.41944138936555286, "log10_eta": -1.9602302448715103, "log10_lambda": 0.7001240640379969, "log10_min_child_weight": 4.135109681777324, "log10_subsample": -0.44447558478848437, "max_depth": 9.0, "num_boost_round": 40.0}, "datetime": {"datetime": "2024-01-19 01:24:14", "elapsed": 4359.241802, "delta": 0.005197}}
{"target": -13.759802589388913, "params": {"gamma": 896.958560560161, "log10_alpha": 0.2683526873456552, "log10_colsample_bytree": -0.41944138936555286, "log10_eta": -1.9602302448715103, "log10_lambda": 0.7001240640379969, "log10_min_child_weight": 4.135109681777324, "log10_subsample": -0.44447558478848437, "max_depth": 9.0, "num_boost_round": 41.0}, "datetime": {"datetime": "2024-01-19 01:24:14", "elapsed": 4359.247165, "delta": 0.005363}}
{"target": -13.759905562485175, "params": {"gamma": 896.958560560161, "log10_alpha": 0.2683526873456552, "log10_colsample_bytree": -0.41944138936555286, "log10_eta": -1.9602302448715103, "log10_lambda": 0.7001240640379969, "log10_min_child_weight": 4.135109681777324, "log10_subsample": -0.44447558478848437, "max_depth": 9.0, "num_boost_round": 42.0}, "datetime": {"datetime": "2024-01-19 01:24:14", "elapsed": 4359.252414, "delta": 0.005249}}
{"target": -13.760109546163369, "params": {"gamma": 896.958560560161, "log10_alpha": 0.2683526873456552, "log10_colsample_bytree": -0.41944138936555286, "log10_eta": -1.9602302448715103, "log10_lambda": 0.7001240640379969, "log10_min_child_weight": 4.135109681777324, "log10_subsample": -0.44447558478848437, "max_depth": 9.0, "num_boost_round": 43.0}, "datetime": {"datetime": "2024-01-19 01:24:14", "elapsed": 4359.257471, "delta": 0.005057}}
{"target": -13.760223377033151, "params": {"gamma": 896.958560560161, "log10_alpha": 0.2683526873456552, "log10_colsample_bytree": -0.41944138936555286, "log10_eta": -1.9602302448715103, "log10_lambda": 0.7001240640379969, "log10_min_child_weight": 4.135109681777324, "log10_subsample": -0.44447558478848437, "max_depth": 9.0, "num_boost_round": 44.0}, "datetime": {"datetime": "2024-01-19 01:24:14", "elapsed": 4359.262508, "delta": 0.005037}}
{"target": -13.760227711678384, "params": {"gamma": 896.958560560161, "log10_alpha": 0.2683526873456552, "log10_colsample_bytree": -0.41944138936555286, "log10_eta": -1.9602302448715103, "log10_lambda": 0.7001240640379969, "log10_min_child_weight": 4.135109681777324, "log10_subsample": -0.44447558478848437, "max_depth": 9.0, "num_boost_round": 45.0}, "datetime": {"datetime": "2024-01-19 01:24:14", "elapsed": 4359.267747, "delta": 0.005239}}
{"target": -13.760380681212732, "params": {"gamma": 896.958560560161, "log10_alpha": 0.2683526873456552, "log10_colsample_bytree": -0.41944138936555286, "log10_eta": -1.9602302448715103, "log10_lambda": 0.7001240640379969, "log10_min_child_weight": 4.135109681777324, "log10_subsample": -0.44447558478848437, "max_depth": 9.0, "num_boost_round": 46.0}, "datetime": {"datetime": "2024-01-19 01:24:14", "elapsed": 4359.27287, "delta": 0.005123}}
{"target": -13.760482640668556, "params": {"gamma": 896.958560560161, "log10_alpha": 0.2683526873456552, "log10_colsample_bytree": -0.41944138936555286, "log10_eta": -1.9602302448715103, "log10_lambda": 0.7001240640379969, "log10_min_child_weight": 4.135109681777324, "log10_subsample": -0.44447558478848437, "max_depth": 9.0, "num_boost_round": 47.0}, "datetime": {"datetime": "2024-01-19 01:24:14", "elapsed": 4359.277879, "delta": 0.005009}}
{"target": -13.760543663536167, "params": {"gamma": 896.958560560161, "log10_alpha": 0.2683526873456552, "log10_colsample_bytree": -0.41944138936555286, "log10_eta": -1.9602302448715103, "log10_lambda": 0.7001240640379969, "log10_min_child_weight": 4.135109681777324, "log10_subsample": -0.44447558478848437, "max_depth": 9.0, "num_boost_round": 48.0}, "datetime": {"datetime": "2024-01-19 01:24:14", "elapsed": 4359.282895, "delta": 0.005016}}
{"target": -13.760651213056624, "params": {"gamma": 896.958560560161, "log10_alpha": 0.2683526873456552, "log10_colsample_bytree": -0.41944138936555286, "log10_eta": -1.9602302448715103, "log10_lambda": 0.7001240640379969, "log10_min_child_weight": 4.135109681777324, "log10_subsample": -0.44447558478848437, "max_depth": 9.0, "num_boost_round": 49.0}, "datetime": {"datetime": "2024-01-19 01:24:14", "elapsed": 4359.288075, "delta": 0.00518}}
{"target": -13.760969314439732, "params": {"gamma": 896.958560560161, "log10_alpha": 0.2683526873456552, "log10_colsample_bytree": -0.41944138936555286, "log10_eta": -1.9602302448715103, "log10_lambda": 0.7001240640379969, "log10_min_child_weight": 4.135109681777324, "log10_subsample": -0.44447558478848437, "max_depth": 9.0, "num_boost_round": 50.0}, "datetime": {"datetime": "2024-01-19 01:24:14", "elapsed": 4359.293319, "delta": 0.005244}}
{"target": -13.761123192362477, "params": {"gamma": 896.958560560161, "log10_alpha": 0.2683526873456552, "log10_colsample_bytree": -0.41944138936555286, "log10_eta": -1.9602302448715103, "log10_lambda": 0.7001240640379969, "log10_min_child_weight": 4.135109681777324, "log10_subsample": -0.44447558478848437, "max_depth": 9.0, "num_boost_round": 51.0}, "datetime": {"datetime": "2024-01-19 01:24:14", "elapsed": 4359.298379, "delta": 0.00506}}
{"target": -13.761396278809386, "params": {"gamma": 896.958560560161, "log10_alpha": 0.2683526873456552, "log10_colsample_bytree": -0.41944138936555286, "log10_eta": -1.9602302448715103, "log10_lambda": 0.7001240640379969, "log10_min_child_weight": 4.135109681777324, "log10_subsample": -0.44447558478848437, "max_depth": 9.0, "num_boost_round": 52.0}, "datetime": {"datetime": "2024-01-19 01:24:15", "elapsed": 4359.303398, "delta": 0.005019}}
{"target": -13.761471042386884, "params": {"gamma": 896.958560560161, "log10_alpha": 0.2683526873456552, "log10_colsample_bytree": -0.41944138936555286, "log10_eta": -1.9602302448715103, "log10_lambda": 0.7001240640379969, "log10_min_child_weight": 4.135109681777324, "log10_subsample": -0.44447558478848437, "max_depth": 9.0, "num_boost_round": 53.0}, "datetime": {"datetime": "2024-01-19 01:24:15", "elapsed": 4359.308833, "delta": 0.005435}}
{"target": -13.76152408040723, "params": {"gamma": 896.958560560161, "log10_alpha": 0.2683526873456552, "log10_colsample_bytree": -0.41944138936555286, "log10_eta": -1.9602302448715103, "log10_lambda": 0.7001240640379969, "log10_min_child_weight": 4.135109681777324, "log10_subsample": -0.44447558478848437, "max_depth": 9.0, "num_boost_round": 54.0}, "datetime": {"datetime": "2024-01-19 01:24:15", "elapsed": 4359.439222, "delta": 0.130389}}
{"target": -13.761574871966102, "params": {"gamma": 896.958560560161, "log10_alpha": 0.2683526873456552, "log10_colsample_bytree": -0.41944138936555286, "log10_eta": -1.9602302448715103, "log10_lambda": 0.7001240640379969, "log10_min_child_weight": 4.135109681777324, "log10_subsample": -0.44447558478848437, "max_depth": 9.0, "num_boost_round": 55.0}, "datetime": {"datetime": "2024-01-19 01:24:15", "elapsed": 4359.445481, "delta": 0.006259}}
{"target": -13.761658506169722, "params": {"gamma": 896.958560560161, "log10_alpha": 0.2683526873456552, "log10_colsample_bytree": -0.41944138936555286, "log10_eta": -1.9602302448715103, "log10_lambda": 0.7001240640379969, "log10_min_child_weight": 4.135109681777324, "log10_subsample": -0.44447558478848437, "max_depth": 9.0, "num_boost_round": 56.0}, "datetime": {"datetime": "2024-01-19 01:24:15", "elapsed": 4359.451467, "delta": 0.005986}}
{"target": -13.761868764094888, "params": {"gamma": 896.958560560161, "log10_alpha": 0.2683526873456552, "log10_colsample_bytree": -0.41944138936555286, "log10_eta": -1.9602302448715103, "log10_lambda": 0.7001240640379969, "log10_min_child_weight": 4.135109681777324, "log10_subsample": -0.44447558478848437, "max_depth": 9.0, "num_boost_round": 57.0}, "datetime": {"datetime": "2024-01-19 01:24:15", "elapsed": 4359.457167, "delta": 0.0057}}
{"target": -13.761967782179978, "params": {"gamma": 896.958560560161, "log10_alpha": 0.2683526873456552, "log10_colsample_bytree": -0.41944138936555286, "log10_eta": -1.9602302448715103, "log10_lambda": 0.7001240640379969, "log10_min_child_weight": 4.135109681777324, "log10_subsample": -0.44447558478848437, "max_depth": 9.0, "num_boost_round": 58.0}, "datetime": {"datetime": "2024-01-19 01:24:15", "elapsed": 4359.46232, "delta": 0.005153}}
{"target": -13.761899735718806, "params": {"gamma": 896.958560560161, "log10_alpha": 0.2683526873456552, "log10_colsample_bytree": -0.41944138936555286, "log10_eta": -1.9602302448715103, "log10_lambda": 0.7001240640379969, "log10_min_child_weight": 4.135109681777324, "log10_subsample": -0.44447558478848437, "max_depth": 9.0, "num_boost_round": 59.0}, "datetime": {"datetime": "2024-01-19 01:24:15", "elapsed": 4359.467511, "delta": 0.005191}}
{"target": -13.761996738841036, "params": {"gamma": 896.958560560161, "log10_alpha": 0.2683526873456552, "log10_colsample_bytree": -0.41944138936555286, "log10_eta": -1.9602302448715103, "log10_lambda": 0.7001240640379969, "log10_min_child_weight": 4.135109681777324, "log10_subsample": -0.44447558478848437, "max_depth": 9.0, "num_boost_round": 60.0}, "datetime": {"datetime": "2024-01-19 01:24:15", "elapsed": 4359.472723, "delta": 0.005212}}
{"target": -13.761894656141193, "params": {"gamma": 896.958560560161, "log10_alpha": 0.2683526873456552, "log10_colsample_bytree": -0.41944138936555286, "log10_eta": -1.9602302448715103, "log10_lambda": 0.7001240640379969, "log10_min_child_weight": 4.135109681777324, "log10_subsample": -0.44447558478848437, "max_depth": 9.0, "num_boost_round": 61.0}, "datetime": {"datetime": "2024-01-19 01:24:15", "elapsed": 4359.478139, "delta": 0.005416}}
{"target": -13.76200379124556, "params": {"gamma": 896.958560560161, "log10_alpha": 0.2683526873456552, "log10_colsample_bytree": -0.41944138936555286, "log10_eta": -1.9602302448715103, "log10_lambda": 0.7001240640379969, "log10_min_child_weight": 4.135109681777324, "log10_subsample": -0.44447558478848437, "max_depth": 9.0, "num_boost_round": 62.0}, "datetime": {"datetime": "2024-01-19 01:24:15", "elapsed": 4359.483395, "delta": 0.005256}}
{"target": -13.76188502774725, "params": {"gamma": 896.958560560161, "log10_alpha": 0.2683526873456552, "log10_colsample_bytree": -0.41944138936555286, "log10_eta": -1.9602302448715103, "log10_lambda": 0.7001240640379969, "log10_min_child_weight": 4.135109681777324, "log10_subsample": -0.44447558478848437, "max_depth": 9.0, "num_boost_round": 63.0}, "datetime": {"datetime": "2024-01-19 01:24:15", "elapsed": 4359.488781, "delta": 0.005386}}
{"target": -13.758568449342883, "params": {"gamma": 836.9224971904515, "log10_alpha": -2.3947083655533987, "log10_colsample_bytree": -0.9719801093712827, "log10_eta": -2.3140955142951287, "log10_lambda": -0.7999781193093138, "log10_min_child_weight": 4.467367712148305, "log10_subsample": -0.19275328033353323, "max_depth": 9.0, "num_boost_round": 0.0}, "datetime": {"datetime": "2024-01-19 01:25:34", "elapsed": 4438.88051, "delta": 79.391729}}
{"target": -13.758540563786585, "params": {"gamma": 836.9224971904515, "log10_alpha": -2.3947083655533987, "log10_colsample_bytree": -0.9719801093712827, "log10_eta": -2.3140955142951287, "log10_lambda": -0.7999781193093138, "log10_min_child_weight": 4.467367712148305, "log10_subsample": -0.19275328033353323, "max_depth": 9.0, "num_boost_round": 1.0}, "datetime": {"datetime": "2024-01-19 01:25:34", "elapsed": 4438.885963, "delta": 0.005453}}
{"target": -13.75853895508556, "params": {"gamma": 836.9224971904515, "log10_alpha": -2.3947083655533987, "log10_colsample_bytree": -0.9719801093712827, "log10_eta": -2.3140955142951287, "log10_lambda": -0.7999781193093138, "log10_min_child_weight": 4.467367712148305, "log10_subsample": -0.19275328033353323, "max_depth": 9.0, "num_boost_round": 2.0}, "datetime": {"datetime": "2024-01-19 01:25:34", "elapsed": 4438.891481, "delta": 0.005518}}
{"target": -13.758526275385242, "params": {"gamma": 836.9224971904515, "log10_alpha": -2.3947083655533987, "log10_colsample_bytree": -0.9719801093712827, "log10_eta": -2.3140955142951287, "log10_lambda": -0.7999781193093138, "log10_min_child_weight": 4.467367712148305, "log10_subsample": -0.19275328033353323, "max_depth": 9.0, "num_boost_round": 3.0}, "datetime": {"datetime": "2024-01-19 01:25:34", "elapsed": 4438.896605, "delta": 0.005124}}
{"target": -13.75853320051956, "params": {"gamma": 836.9224971904515, "log10_alpha": -2.3947083655533987, "log10_colsample_bytree": -0.9719801093712827, "log10_eta": -2.3140955142951287, "log10_lambda": -0.7999781193093138, "log10_min_child_weight": 4.467367712148305, "log10_subsample": -0.19275328033353323, "max_depth": 9.0, "num_boost_round": 4.0}, "datetime": {"datetime": "2024-01-19 01:25:34", "elapsed": 4438.901622, "delta": 0.005017}}
{"target": -13.758504083410346, "params": {"gamma": 836.9224971904515, "log10_alpha": -2.3947083655533987, "log10_colsample_bytree": -0.9719801093712827, "log10_eta": -2.3140955142951287, "log10_lambda": -0.7999781193093138, "log10_min_child_weight": 4.467367712148305, "log10_subsample": -0.19275328033353323, "max_depth": 9.0, "num_boost_round": 5.0}, "datetime": {"datetime": "2024-01-19 01:25:34", "elapsed": 4438.906588, "delta": 0.004966}}
{"target": -13.75853543051112, "params": {"gamma": 836.9224971904515, "log10_alpha": -2.3947083655533987, "log10_colsample_bytree": -0.9719801093712827, "log10_eta": -2.3140955142951287, "log10_lambda": -0.7999781193093138, "log10_min_child_weight": 4.467367712148305, "log10_subsample": -0.19275328033353323, "max_depth": 9.0, "num_boost_round": 6.0}, "datetime": {"datetime": "2024-01-19 01:25:34", "elapsed": 4438.9119, "delta": 0.005312}}
{"target": -13.758492630045607, "params": {"gamma": 836.9224971904515, "log10_alpha": -2.3947083655533987, "log10_colsample_bytree": -0.9719801093712827, "log10_eta": -2.3140955142951287, "log10_lambda": -0.7999781193093138, "log10_min_child_weight": 4.467367712148305, "log10_subsample": -0.19275328033353323, "max_depth": 9.0, "num_boost_round": 7.0}, "datetime": {"datetime": "2024-01-19 01:25:34", "elapsed": 4438.917031, "delta": 0.005131}}
{"target": -13.758505086171098, "params": {"gamma": 836.9224971904515, "log10_alpha": -2.3947083655533987, "log10_colsample_bytree": -0.9719801093712827, "log10_eta": -2.3140955142951287, "log10_lambda": -0.7999781193093138, "log10_min_child_weight": 4.467367712148305, "log10_subsample": -0.19275328033353323, "max_depth": 9.0, "num_boost_round": 8.0}, "datetime": {"datetime": "2024-01-19 01:25:34", "elapsed": 4438.922084, "delta": 0.005053}}
{"target": -13.75850054539266, "params": {"gamma": 836.9224971904515, "log10_alpha": -2.3947083655533987, "log10_colsample_bytree": -0.9719801093712827, "log10_eta": -2.3140955142951287, "log10_lambda": -0.7999781193093138, "log10_min_child_weight": 4.467367712148305, "log10_subsample": -0.19275328033353323, "max_depth": 9.0, "num_boost_round": 9.0}, "datetime": {"datetime": "2024-01-19 01:25:34", "elapsed": 4438.927123, "delta": 0.005039}}
