{"target": -17.977081963428272, "params": {"gamma": 430.8393176585341, "log10_alpha": -3.940216793109857, "log10_colsample_bytree": -0.2590498279200941, "log10_eta": -0.9637379132947008, "log10_lambda": -3.852833701543303, "log10_min_child_weight": 2.3716018971968644, "log10_subsample": -0.6654619314659808, "max_depth": 8.0, "num_boost_round": 35.0}, "datetime": {"datetime": "2024-01-19 02:26:31", "elapsed": 8083.934504, "delta": 0.006293}}
{"target": -17.98051724821887, "params": {"gamma": 430.8393176585341, "log10_alpha": -3.940216793109857, "log10_colsample_bytree": -0.2590498279200941, "log10_eta": -0.9637379132947008, "log10_lambda": -3.852833701543303, "log10_min_child_weight": 2.3716018971968644, "log10_subsample": -0.6654619314659808, "max_depth": 8.0, "num_boost_round": 36.0}, "datetime": {"datetime": "2024-01-19 02:26:31", "elapsed": 8083.941412, "delta": 0.006908}}
{"target": -17.98747011939166, "params": {"gamma": 430.8393176585341, "log10_alpha": -3.940216793109857, "log10_colsample_bytree": -0.2590498279200941, "log10_eta": -0.9637379132947008, "log10_lambda": -3.852833701543303, "log10_min_child_weight": 2.3716018971968644, "log10_subsample": -0.6654619314659808, "max_depth": 8.0, "num_boost_round": 37.0}, "datetime": {"datetime": "2024-01-19 02:26:31", "elapsed": 8083.948107, "delta": 0.006695}}
{"target": -17.990544344790028, "params": {"gamma": 430.8393176585341, "log10_alpha": -3.940216793109857, "log10_colsample_bytree": -0.2590498279200941, "log10_eta": -0.9637379132947008, "log10_lambda": -3.852833701543303, "log10_min_child_weight": 2.3716018971968644, "log10_subsample": -0.6654619314659808, "max_depth": 8.0, "num_boost_round": 38.0}, "datetime": {"datetime": "2024-01-19 02:26:31", "elapsed": 8083.954577, "delta": 0.00647}}
{"target": -17.99692603581759, "params": {"gamma": 430.8393176585341, "log10_alpha": -3.940216793109857, "log10_colsample_bytree": -0.2590498279200941, "log10_eta": -0.9637379132947008, "log10_lambda": -3.852833701543303, "log10_min_child_weight": 2.3716018971968644, "log10_subsample": -0.6654619314659808, "max_depth": 8.0, "num_boost_round": 39.0}, "datetime": {"datetime": "2024-01-19 02:26:31", "elapsed": 8083.961035, "delta": 0.006458}}
{"target": -18.001635707288976, "params": {"gamma": 430.8393176585341, "log10_alpha": -3.940216793109857, "log10_colsample_bytree": -0.2590498279200941, "log10_eta": -0.9637379132947008, "log10_lambda": -3.852833701543303, "log10_min_child_weight": 2.3716018971968644, "log10_subsample": -0.6654619314659808, "max_depth": 8.0, "num_boost_round": 40.0}, "datetime": {"datetime": "2024-01-19 02:26:31", "elapsed": 8083.967512, "delta": 0.006477}}
{"target": -18.004335224211495, "params": {"gamma": 430.8393176585341, "log10_alpha": -3.940216793109857, "log10_colsample_bytree": -0.2590498279200941, "log10_eta": -0.9637379132947008, "log10_lambda": -3.852833701543303, "log10_min_child_weight": 2.3716018971968644, "log10_subsample": -0.6654619314659808, "max_depth": 8.0, "num_boost_round": 41.0}, "datetime": {"datetime": "2024-01-19 02:26:31", "elapsed": 8083.97423, "delta": 0.006718}}
{"target": -18.005723928858277, "params": {"gamma": 430.8393176585341, "log10_alpha": -3.940216793109857, "log10_colsample_bytree": -0.2590498279200941, "log10_eta": -0.9637379132947008, "log10_lambda": -3.852833701543303, "log10_min_child_weight": 2.3716018971968644, "log10_subsample": -0.6654619314659808, "max_depth": 8.0, "num_boost_round": 42.0}, "datetime": {"datetime": "2024-01-19 02:26:31", "elapsed": 8083.980886, "delta": 0.006656}}
{"target": -18.01376400955346, "params": {"gamma": 430.8393176585341, "log10_alpha": -3.940216793109857, "log10_colsample_bytree": -0.2590498279200941, "log10_eta": -0.9637379132947008, "log10_lambda": -3.852833701543303, "log10_min_child_weight": 2.3716018971968644, "log10_subsample": -0.6654619314659808, "max_depth": 8.0, "num_boost_round": 43.0}, "datetime": {"datetime": "2024-01-19 02:26:31", "elapsed": 8083.987796, "delta": 0.00691}}
{"target": -18.024617569800917, "params": {"gamma": 430.8393176585341, "log10_alpha": -3.940216793109857, "log10_colsample_bytree": -0.2590498279200941, "log10_eta": -0.9637379132947008, "log10_lambda": -3.852833701543303, "log10_min_child_weight": 2.3716018971968644, "log10_subsample": -0.6654619314659808, "max_depth": 8.0, "num_boost_round": 44.0}, "datetime": {"datetime": "2024-01-19 02:26:31", "elapsed": 8083.994592, "delta": 0.006796}}
{"target": -18.03211839430539, "params": {"gamma": 430.8393176585341, "log10_alpha": -3.940216793109857, "log10_colsample_bytree": -0.2590498279200941, "log10_eta": -0.9637379132947008, "log10_lambda": -3.852833701543303, "log10_min_child_weight": 2.3716018971968644, "log10_subsample": -0.6654619314659808, "max_depth": 8.0, "num_boost_round": 45.0}, "datetime": {"datetime": "2024-01-19 02:26:31", "elapsed": 8084.001032, "delta": 0.00644}}
{"target": -18.04328266145977, "params": {"gamma": 430.8393176585341, "log10_alpha": -3.940216793109857, "log10_colsample_bytree": -0.2590498279200941, "log10_eta": -0.9637379132947008, "log10_lambda": -3.852833701543303, "log10_min_child_weight": 2.3716018971968644, "log10_subsample": -0.6654619314659808, "max_depth": 8.0, "num_boost_round": 46.0}, "datetime": {"datetime": "2024-01-19 02:26:31", "elapsed": 8084.007494, "delta": 0.006462}}
{"target": -18.047276525487625, "params": {"gamma": 430.8393176585341, "log10_alpha": -3.940216793109857, "log10_colsample_bytree": -0.2590498279200941, "log10_eta": -0.9637379132947008, "log10_lambda": -3.852833701543303, "log10_min_child_weight": 2.3716018971968644, "log10_subsample": -0.6654619314659808, "max_depth": 8.0, "num_boost_round": 47.0}, "datetime": {"datetime": "2024-01-19 02:26:31", "elapsed": 8084.013983, "delta": 0.006489}}
{"target": -18.06090563924001, "params": {"gamma": 430.8393176585341, "log10_alpha": -3.940216793109857, "log10_colsample_bytree": -0.2590498279200941, "log10_eta": -0.9637379132947008, "log10_lambda": -3.852833701543303, "log10_min_child_weight": 2.3716018971968644, "log10_subsample": -0.6654619314659808, "max_depth": 8.0, "num_boost_round": 48.0}, "datetime": {"datetime": "2024-01-19 02:26:31", "elapsed": 8084.021849, "delta": 0.007866}}
{"target": -18.065937023546546, "params": {"gamma": 430.8393176585341, "log10_alpha": -3.940216793109857, "log10_colsample_bytree": -0.2590498279200941, "log10_eta": -0.9637379132947008, "log10_lambda": -3.852833701543303, "log10_min_child_weight": 2.3716018971968644, "log10_subsample": -0.6654619314659808, "max_depth": 8.0, "num_boost_round": 49.0}, "datetime": {"datetime": "2024-01-19 02:26:31", "elapsed": 8084.028616, "delta": 0.006767}}
{"target": -18.07366719776318, "params": {"gamma": 430.8393176585341, "log10_alpha": -3.940216793109857, "log10_colsample_bytree": -0.2590498279200941, "log10_eta": -0.9637379132947008, "log10_lambda": -3.852833701543303, "log10_min_child_weight": 2.3716018971968644, "log10_subsample": -0.6654619314659808, "max_depth": 8.0, "num_boost_round": 50.0}, "datetime": {"datetime": "2024-01-19 02:26:31", "elapsed": 8084.036112, "delta": 0.007496}}
{"target": -18.0754653977877, "params": {"gamma": 430.8393176585341, "log10_alpha": -3.940216793109857, "log10_colsample_bytree": -0.2590498279200941, "log10_eta": -0.9637379132947008, "log10_lambda": -3.852833701543303, "log10_min_child_weight": 2.3716018971968644, "log10_subsample": -0.6654619314659808, "max_depth": 8.0, "num_boost_round": 51.0}, "datetime": {"datetime": "2024-01-19 02:26:31", "elapsed": 8084.042671, "delta": 0.006559}}
{"target": -18.077866337674475, "params": {"gamma": 430.8393176585341, "log10_alpha": -3.940216793109857, "log10_colsample_bytree": -0.2590498279200941, "log10_eta": -0.9637379132947008, "log10_lambda": -3.852833701543303, "log10_min_child_weight": 2.3716018971968644, "log10_subsample": -0.6654619314659808, "max_depth": 8.0, "num_boost_round": 52.0}, "datetime": {"datetime": "2024-01-19 02:26:31", "elapsed": 8084.049432, "delta": 0.006761}}
{"target": -18.09625954163821, "params": {"gamma": 430.8393176585341, "log10_alpha": -3.940216793109857, "log10_colsample_bytree": -0.2590498279200941, "log10_eta": -0.9637379132947008, "log10_lambda": -3.852833701543303, "log10_min_child_weight": 2.3716018971968644, "log10_subsample": -0.6654619314659808, "max_depth": 8.0, "num_boost_round": 53.0}, "datetime": {"datetime": "2024-01-19 02:26:31", "elapsed": 8084.056827, "delta": 0.007395}}
{"target": -18.098621119529724, "params": {"gamma": 430.8393176585341, "log10_alpha": -3.940216793109857, "log10_colsample_bytree": -0.2590498279200941, "log10_eta": -0.9637379132947008, "log10_lambda": -3.852833701543303, "log10_min_child_weight": 2.3716018971968644, "log10_subsample": -0.6654619314659808, "max_depth": 8.0, "num_boost_round": 54.0}, "datetime": {"datetime": "2024-01-19 02:26:31", "elapsed": 8084.063678, "delta": 0.006851}}
{"target": -18.116767327185777, "params": {"gamma": 430.8393176585341, "log10_alpha": -3.940216793109857, "log10_colsample_bytree": -0.2590498279200941, "log10_eta": -0.9637379132947008, "log10_lambda": -3.852833701543303, "log10_min_child_weight": 2.3716018971968644, "log10_subsample": -0.6654619314659808, "max_depth": 8.0, "num_boost_round": 55.0}, "datetime": {"datetime": "2024-01-19 02:26:31", "elapsed": 8084.070523, "delta": 0.006845}}
{"target": -18.132093641515276, "params": {"gamma": 430.8393176585341, "log10_alpha": -3.940216793109857, "log10_colsample_bytree": -0.2590498279200941, "log10_eta": -0.9637379132947008, "log10_lambda": -3.852833701543303, "log10_min_child_weight": 2.3716018971968644, "log10_subsample": -0.6654619314659808, "max_depth": 8.0, "num_boost_round": 56.0}, "datetime": {"datetime": "2024-01-19 02:26:31", "elapsed": 8084.077513, "delta": 0.00699}}
{"target": -18.137229257608816, "params": {"gamma": 430.8393176585341, "log10_alpha": -3.940216793109857, "log10_colsample_bytree": -0.2590498279200941, "log10_eta": -0.9637379132947008, "log10_lambda": -3.852833701543303, "log10_min_child_weight": 2.3716018971968644, "log10_subsample": -0.6654619314659808, "max_depth": 8.0, "num_boost_round": 57.0}, "datetime": {"datetime": "2024-01-19 02:26:31", "elapsed": 8084.084031, "delta": 0.006518}}
{"target": -18.13778980786141, "params": {"gamma": 430.8393176585341, "log10_alpha": -3.940216793109857, "log10_colsample_bytree": -0.2590498279200941, "log10_eta": -0.9637379132947008, "log10_lambda": -3.852833701543303, "log10_min_child_weight": 2.3716018971968644, "log10_subsample": -0.6654619314659808, "max_depth": 8.0, "num_boost_round": 58.0}, "datetime": {"datetime": "2024-01-19 02:26:31", "elapsed": 8084.090516, "delta": 0.006485}}
{"target": -18.1642772568708, "params": {"gamma": 430.8393176585341, "log10_alpha": -3.940216793109857, "log10_colsample_bytree": -0.2590498279200941, "log10_eta": -0.9637379132947008, "log10_lambda": -3.852833701543303, "log10_min_child_weight": 2.3716018971968644, "log10_subsample": -0.6654619314659808, "max_depth": 8.0, "num_boost_round": 59.0}, "datetime": {"datetime": "2024-01-19 02:26:31", "elapsed": 8084.097018, "delta": 0.006502}}
{"target": -18.168425804049736, "params": {"gamma": 430.8393176585341, "log10_alpha": -3.940216793109857, "log10_colsample_bytree": -0.2590498279200941, "log10_eta": -0.9637379132947008, "log10_lambda": -3.852833701543303, "log10_min_child_weight": 2.3716018971968644, "log10_subsample": -0.6654619314659808, "max_depth": 8.0, "num_boost_round": 60.0}, "datetime": {"datetime": "2024-01-19 02:26:31", "elapsed": 8084.103542, "delta": 0.006524}}
{"target": -18.174616296585377, "params": {"gamma": 430.8393176585341, "log10_alpha": -3.940216793109857, "log10_colsample_bytree": -0.2590498279200941, "log10_eta": -0.9637379132947008, "log10_lambda": -3.852833701543303, "log10_min_child_weight": 2.3716018971968644, "log10_subsample": -0.6654619314659808, "max_depth": 8.0, "num_boost_round": 61.0}, "datetime": {"datetime": "2024-01-19 02:26:31", "elapsed": 8084.110079, "delta": 0.006537}}
{"target": -18.17739698638982, "params": {"gamma": 430.8393176585341, "log10_alpha": -3.940216793109857, "log10_colsample_bytree": -0.2590498279200941, "log10_eta": -0.9637379132947008, "log10_lambda": -3.852833701543303, "log10_min_child_weight": 2.3716018971968644, "log10_subsample": -0.6654619314659808, "max_depth": 8.0, "num_boost_round": 62.0}, "datetime": {"datetime": "2024-01-19 02:26:31", "elapsed": 8084.116598, "delta": 0.006519}}
{"target": -18.184481346794936, "params": {"gamma": 430.8393176585341, "log10_alpha": -3.940216793109857, "log10_colsample_bytree": -0.2590498279200941, "log10_eta": -0.9637379132947008, "log10_lambda": -3.852833701543303, "log10_min_child_weight": 2.3716018971968644, "log10_subsample": -0.6654619314659808, "max_depth": 8.0, "num_boost_round": 63.0}, "datetime": {"datetime": "2024-01-19 02:26:31", "elapsed": 8084.123161, "delta": 0.006563}}
{"target": -18.188286610852526, "params": {"gamma": 430.8393176585341, "log10_alpha": -3.940216793109857, "log10_colsample_bytree": -0.2590498279200941, "log10_eta": -0.9637379132947008, "log10_lambda": -3.852833701543303, "log10_min_child_weight": 2.3716018971968644, "log10_subsample": -0.6654619314659808, "max_depth": 8.0, "num_boost_round": 64.0}, "datetime": {"datetime": "2024-01-19 02:26:31", "elapsed": 8084.130491, "delta": 0.00733}}
{"target": -18.20507747447614, "params": {"gamma": 430.8393176585341, "log10_alpha": -3.940216793109857, "log10_colsample_bytree": -0.2590498279200941, "log10_eta": -0.9637379132947008, "log10_lambda": -3.852833701543303, "log10_min_child_weight": 2.3716018971968644, "log10_subsample": -0.6654619314659808, "max_depth": 8.0, "num_boost_round": 65.0}, "datetime": {"datetime": "2024-01-19 02:26:31", "elapsed": 8084.137465, "delta": 0.006974}}
{"target": -18.205430083896477, "params": {"gamma": 430.8393176585341, "log10_alpha": -3.940216793109857, "log10_colsample_bytree": -0.2590498279200941, "log10_eta": -0.9637379132947008, "log10_lambda": -3.852833701543303, "log10_min_child_weight": 2.3716018971968644, "log10_subsample": -0.6654619314659808, "max_depth": 8.0, "num_boost_round": 66.0}, "datetime": {"datetime": "2024-01-19 02:26:31", "elapsed": 8084.144185, "delta": 0.00672}}
{"target": -18.20577473049669, "params": {"gamma": 430.8393176585341, "log10_alpha": -3.940216793109857, "log10_colsample_bytree": -0.2590498279200941, "log10_eta": -0.9637379132947008, "log10_lambda": -3.852833701543303, "log10_min_child_weight": 2.3716018971968644, "log10_subsample": -0.6654619314659808, "max_depth": 8.0, "num_boost_round": 67.0}, "datetime": {"datetime": "2024-01-19 02:26:31", "elapsed": 8084.150914, "delta": 0.006729}}
{"target": -18.210549017085395, "params": {"gamma": 430.8393176585341, "log10_alpha": -3.940216793109857, "log10_colsample_bytree": -0.2590498279200941, "log10_eta": -0.9637379132947008, "log10_lambda": -3.852833701543303, "log10_min_child_weight": 2.3716018971968644, "log10_subsample": -0.6654619314659808, "max_depth": 8.0, "num_boost_round": 68.0}, "datetime": {"datetime": "2024-01-19 02:26:31", "elapsed": 8084.157735, "delta": 0.006821}}
{"target": -18.21361001889958, "params": {"gamma": 430.8393176585341, "log10_alpha": -3.940216793109857, "log10_colsample_bytree": -0.2590498279200941, "log10_eta": -0.9637379132947008, "log10_lambda": -3.852833701543303, "log10_min_child_weight": 2.3716018971968644, "log10_subsample": -0.6654619314659808, "max_depth": 8.0, "num_boost_round": 69.0}, "datetime": {"datetime": "2024-01-19 02:26:31", "elapsed": 8084.273012, "delta": 0.115277}}
{"target": -18.216270314325172, "params": {"gamma": 430.8393176585341, "log10_alpha": -3.940216793109857, "log10_colsample_bytree": -0.2590498279200941, "log10_eta": -0.9637379132947008, "log10_lambda": -3.852833701543303, "log10_min_child_weight": 2.3716018971968644, "log10_subsample": -0.6654619314659808, "max_depth": 8.0, "num_boost_round": 70.0}, "datetime": {"datetime": "2024-01-19 02:26:31", "elapsed": 8084.280959, "delta": 0.007947}}
{"target": -18.220687094256714, "params": {"gamma": 430.8393176585341, "log10_alpha": -3.940216793109857, "log10_colsample_bytree": -0.2590498279200941, "log10_eta": -0.9637379132947008, "log10_lambda": -3.852833701543303, "log10_min_child_weight": 2.3716018971968644, "log10_subsample": -0.6654619314659808, "max_depth": 8.0, "num_boost_round": 71.0}, "datetime": {"datetime": "2024-01-19 02:26:31", "elapsed": 8084.288042, "delta": 0.007083}}
{"target": -17.677161682499257, "params": {"gamma": 448.83007155500263, "log10_alpha": -4.538606053414617, "log10_colsample_bytree": -0.6098031086456382, "log10_eta": -2.893723529932379, "log10_lambda": 0.37860978146950863, "log10_min_child_weight": 0.49637927457358677, "log10_subsample": -0.30140317522428184, "max_depth": 9.0, "num_boost_round": 0.0}, "datetime": {"datetime": "2024-01-19 02:28:51", "elapsed": 8223.829622, "delta": 139.54158}}
{"target": -17.6770994029228, "params": {"gamma": 448.83007155500263, "log10_alpha": -4.538606053414617, "log10_colsample_bytree": -0.6098031086456382, "log10_eta": -2.893723529932379, "log10_lambda": 0.37860978146950863, "log10_min_child_weight": 0.49637927457358677, "log10_subsample": -0.30140317522428184, "max_depth": 9.0, "num_boost_round": 1.0}, "datetime": {"datetime": "2024-01-19 02:28:51", "elapsed": 8223.837795, "delta": 0.008173}}
{"target": -17.67703005852563, "params": {"gamma": 448.83007155500263, "log10_alpha": -4.538606053414617, "log10_colsample_bytree": -0.6098031086456382, "log10_eta": -2.893723529932379, "log10_lambda": 0.37860978146950863, "log10_min_child_weight": 0.49637927457358677, "log10_subsample": -0.30140317522428184, "max_depth": 9.0, "num_boost_round": 2.0}, "datetime": {"datetime": "2024-01-19 02:28:51", "elapsed": 8223.845691, "delta": 0.007896}}
{"target": -17.67701339451774, "params": {"gamma": 448.83007155500263, "log10_alpha": -4.538606053414617, "log10_colsample_bytree": -0.6098031086456382, "log10_eta": -2.893723529932379, "log10_lambda": 0.37860978146950863, "log10_min_child_weight": 0.49637927457358677, "log10_subsample": -0.30140317522428184, "max_depth": 9.0, "num_boost_round": 3.0}, "datetime": {"datetime": "2024-01-19 02:28:51", "elapsed": 8223.853721, "delta": 0.00803}}
{"target": -17.676961230453113, "params": {"gamma": 448.83007155500263, "log10_alpha": -4.538606053414617, "log10_colsample_bytree": -0.6098031086456382, "log10_eta": -2.893723529932379, "log10_lambda": 0.37860978146950863, "log10_min_child_weight": 0.49637927457358677, "log10_subsample": -0.30140317522428184, "max_depth": 9.0, "num_boost_round": 4.0}, "datetime": {"datetime": "2024-01-19 02:28:51", "elapsed": 8223.861189, "delta": 0.007468}}
{"target": -17.676819570582808, "params": {"gamma": 448.83007155500263, "log10_alpha": -4.538606053414617, "log10_colsample_bytree": -0.6098031086456382, "log10_eta": -2.893723529932379, "log10_lambda": 0.37860978146950863, "log10_min_child_weight": 0.49637927457358677, "log10_subsample": -0.30140317522428184, "max_depth": 9.0, "num_boost_round": 5.0}, "datetime": {"datetime": "2024-01-19 02:28:51", "elapsed": 8223.868422, "delta": 0.007233}}
{"target": -17.676879613395435, "params": {"gamma": 448.83007155500263, "log10_alpha": -4.538606053414617, "log10_colsample_bytree": -0.6098031086456382, "log10_eta": -2.893723529932379, "log10_lambda": 0.37860978146950863, "log10_min_child_weight": 0.49637927457358677, "log10_subsample": -0.30140317522428184, "max_depth": 9.0, "num_boost_round": 6.0}, "datetime": {"datetime": "2024-01-19 02:28:51", "elapsed": 8223.87583, "delta": 0.007408}}
{"target": -17.67681859601297, "params": {"gamma": 448.83007155500263, "log10_alpha": -4.538606053414617, "log10_colsample_bytree": -0.6098031086456382, "log10_eta": -2.893723529932379, "log10_lambda": 0.37860978146950863, "log10_min_child_weight": 0.49637927457358677, "log10_subsample": -0.30140317522428184, "max_depth": 9.0, "num_boost_round": 7.0}, "datetime": {"datetime": "2024-01-19 02:28:51", "elapsed": 8223.88299, "delta": 0.00716}}
{"target": -17.67679613743394, "params": {"gamma": 448.83007155500263, "log10_alpha": -4.538606053414617, "log10_colsample_bytree": -0.6098031086456382, "log10_eta": -2.893723529932379, "log10_lambda": 0.37860978146950863, "log10_min_child_weight": 0.49637927457358677, "log10_subsample": -0.30140317522428184, "max_depth": 9.0, "num_boost_round": 8.0}, "datetime": {"datetime": "2024-01-19 02:28:51", "elapsed": 8223.890341, "delta": 0.007351}}
{"target": -17.676800046395957, "params": {"gamma": 448.83007155500263, "log10_alpha": -4.538606053414617, "log10_colsample_bytree": -0.6098031086456382, "log10_eta": -2.893723529932379, "log10_lambda": 0.37860978146950863, "log10_min_child_weight": 0.49637927457358677, "log10_subsample": -0.30140317522428184, "max_depth": 9.0, "num_boost_round": 9.0}, "datetime": {"datetime": "2024-01-19 02:28:51", "elapsed": 8223.89776, "delta": 0.007419}}
{"target": -17.676643158408233, "params": {"gamma": 448.83007155500263, "log10_alpha": -4.538606053414617, "log10_colsample_bytree": -0.6098031086456382, "log10_eta": -2.893723529932379, "log10_lambda": 0.37860978146950863, "log10_min_child_weight": 0.49637927457358677, "log10_subsample": -0.30140317522428184, "max_depth": 9.0, "num_boost_round": 10.0}, "datetime": {"datetime": "2024-01-19 02:28:51", "elapsed": 8223.905028, "delta": 0.007268}}
{"target": -17.67668220759691, "params": {"gamma": 448.83007155500263, "log10_alpha": -4.538606053414617, "log10_colsample_bytree": -0.6098031086456382, "log10_eta": -2.893723529932379, "log10_lambda": 0.37860978146950863, "log10_min_child_weight": 0.49637927457358677, "log10_subsample": -0.30140317522428184, "max_depth": 9.0, "num_boost_round": 11.0}, "datetime": {"datetime": "2024-01-19 02:28:51", "elapsed": 8223.911956, "delta": 0.006928}}
