{"target": -17.72083418669855, "params": {"gamma": 429.93059892686824, "log10_alpha": -0.3576348824312108, "log10_colsample_bytree": -0.40306494572830875, "log10_eta": -0.9320927142714508, "log10_lambda": -1.1938815566258691, "log10_min_child_weight": 1.58789630445437, "log10_subsample": -0.8132728991806691, "max_depth": 3.0, "num_boost_round": 24.0}, "datetime": {"datetime": "2024-01-19 00:17:03", "elapsed": 313.465164, "delta": 0.001005}}
{"target": -17.741694741188663, "params": {"gamma": 429.93059892686824, "log10_alpha": -0.3576348824312108, "log10_colsample_bytree": -0.40306494572830875, "log10_eta": -0.9320927142714508, "log10_lambda": -1.1938815566258691, "log10_min_child_weight": 1.58789630445437, "log10_subsample": -0.8132728991806691, "max_depth": 3.0, "num_boost_round": 25.0}, "datetime": {"datetime": "2024-01-19 00:17:03", "elapsed": 313.466176, "delta": 0.001012}}
{"target": -17.742903832875154, "params": {"gamma": 429.93059892686824, "log10_alpha": -0.3576348824312108, "log10_colsample_bytree": -0.40306494572830875, "log10_eta": -0.9320927142714508, "log10_lambda": -1.1938815566258691, "log10_min_child_weight": 1.58789630445437, "log10_subsample": -0.8132728991806691, "max_depth": 3.0, "num_boost_round": 26.0}, "datetime": {"datetime": "2024-01-19 00:17:03", "elapsed": 313.470893, "delta": 0.004717}}
{"target": -17.744123146077964, "params": {"gamma": 429.93059892686824, "log10_alpha": -0.3576348824312108, "log10_colsample_bytree": -0.40306494572830875, "log10_eta": -0.9320927142714508, "log10_lambda": -1.1938815566258691, "log10_min_child_weight": 1.58789630445437, "log10_subsample": -0.8132728991806691, "max_depth": 3.0, "num_boost_round": 27.0}, "datetime": {"datetime": "2024-01-19 00:17:03", "elapsed": 313.471935, "delta": 0.001042}}
{"target": -17.747875060090927, "params": {"gamma": 429.93059892686824, "log10_alpha": -0.3576348824312108, "log10_colsample_bytree": -0.40306494572830875, "log10_eta": -0.9320927142714508, "log10_lambda": -1.1938815566258691, "log10_min_child_weight": 1.58789630445437, "log10_subsample": -0.8132728991806691, "max_depth": 3.0, "num_boost_round": 28.0}, "datetime": {"datetime": "2024-01-19 00:17:03", "elapsed": 313.472999, "delta": 0.001064}}
{"target": -17.765064378225667, "params": {"gamma": 429.93059892686824, "log10_alpha": -0.3576348824312108, "log10_colsample_bytree": -0.40306494572830875, "log10_eta": -0.9320927142714508, "log10_lambda": -1.1938815566258691, "log10_min_child_weight": 1.58789630445437, "log10_subsample": -0.8132728991806691, "max_depth": 3.0, "num_boost_round": 29.0}, "datetime": {"datetime": "2024-01-19 00:17:03", "elapsed": 313.474026, "delta": 0.001027}}
{"target": -17.76441174489348, "params": {"gamma": 429.93059892686824, "log10_alpha": -0.3576348824312108, "log10_colsample_bytree": -0.40306494572830875, "log10_eta": -0.9320927142714508, "log10_lambda": -1.1938815566258691, "log10_min_child_weight": 1.58789630445437, "log10_subsample": -0.8132728991806691, "max_depth": 3.0, "num_boost_round": 30.0}, "datetime": {"datetime": "2024-01-19 00:17:03", "elapsed": 313.475057, "delta": 0.001031}}
{"target": -17.764665046093487, "params": {"gamma": 429.93059892686824, "log10_alpha": -0.3576348824312108, "log10_colsample_bytree": -0.40306494572830875, "log10_eta": -0.9320927142714508, "log10_lambda": -1.1938815566258691, "log10_min_child_weight": 1.58789630445437, "log10_subsample": -0.8132728991806691, "max_depth": 3.0, "num_boost_round": 31.0}, "datetime": {"datetime": "2024-01-19 00:17:03", "elapsed": 313.476069, "delta": 0.001012}}
{"target": -17.783341979507703, "params": {"gamma": 429.93059892686824, "log10_alpha": -0.3576348824312108, "log10_colsample_bytree": -0.40306494572830875, "log10_eta": -0.9320927142714508, "log10_lambda": -1.1938815566258691, "log10_min_child_weight": 1.58789630445437, "log10_subsample": -0.8132728991806691, "max_depth": 3.0, "num_boost_round": 32.0}, "datetime": {"datetime": "2024-01-19 00:17:03", "elapsed": 313.477084, "delta": 0.001015}}
{"target": -17.782969486852153, "params": {"gamma": 429.93059892686824, "log10_alpha": -0.3576348824312108, "log10_colsample_bytree": -0.40306494572830875, "log10_eta": -0.9320927142714508, "log10_lambda": -1.1938815566258691, "log10_min_child_weight": 1.58789630445437, "log10_subsample": -0.8132728991806691, "max_depth": 3.0, "num_boost_round": 33.0}, "datetime": {"datetime": "2024-01-19 00:17:03", "elapsed": 313.478099, "delta": 0.001015}}
{"target": -17.79037281464631, "params": {"gamma": 429.93059892686824, "log10_alpha": -0.3576348824312108, "log10_colsample_bytree": -0.40306494572830875, "log10_eta": -0.9320927142714508, "log10_lambda": -1.1938815566258691, "log10_min_child_weight": 1.58789630445437, "log10_subsample": -0.8132728991806691, "max_depth": 3.0, "num_boost_round": 34.0}, "datetime": {"datetime": "2024-01-19 00:17:03", "elapsed": 313.47912, "delta": 0.001021}}
{"target": -17.791148417165513, "params": {"gamma": 429.93059892686824, "log10_alpha": -0.3576348824312108, "log10_colsample_bytree": -0.40306494572830875, "log10_eta": -0.9320927142714508, "log10_lambda": -1.1938815566258691, "log10_min_child_weight": 1.58789630445437, "log10_subsample": -0.8132728991806691, "max_depth": 3.0, "num_boost_round": 35.0}, "datetime": {"datetime": "2024-01-19 00:17:03", "elapsed": 313.480134, "delta": 0.001014}}
{"target": -17.79562519860186, "params": {"gamma": 429.93059892686824, "log10_alpha": -0.3576348824312108, "log10_colsample_bytree": -0.40306494572830875, "log10_eta": -0.9320927142714508, "log10_lambda": -1.1938815566258691, "log10_min_child_weight": 1.58789630445437, "log10_subsample": -0.8132728991806691, "max_depth": 3.0, "num_boost_round": 36.0}, "datetime": {"datetime": "2024-01-19 00:17:03", "elapsed": 313.481197, "delta": 0.001063}}
{"target": -17.798713131371223, "params": {"gamma": 429.93059892686824, "log10_alpha": -0.3576348824312108, "log10_colsample_bytree": -0.40306494572830875, "log10_eta": -0.9320927142714508, "log10_lambda": -1.1938815566258691, "log10_min_child_weight": 1.58789630445437, "log10_subsample": -0.8132728991806691, "max_depth": 3.0, "num_boost_round": 37.0}, "datetime": {"datetime": "2024-01-19 00:17:03", "elapsed": 313.482322, "delta": 0.001125}}
{"target": -17.798962899920667, "params": {"gamma": 429.93059892686824, "log10_alpha": -0.3576348824312108, "log10_colsample_bytree": -0.40306494572830875, "log10_eta": -0.9320927142714508, "log10_lambda": -1.1938815566258691, "log10_min_child_weight": 1.58789630445437, "log10_subsample": -0.8132728991806691, "max_depth": 3.0, "num_boost_round": 38.0}, "datetime": {"datetime": "2024-01-19 00:17:03", "elapsed": 313.483366, "delta": 0.001044}}
{"target": -17.800925807116894, "params": {"gamma": 429.93059892686824, "log10_alpha": -0.3576348824312108, "log10_colsample_bytree": -0.40306494572830875, "log10_eta": -0.9320927142714508, "log10_lambda": -1.1938815566258691, "log10_min_child_weight": 1.58789630445437, "log10_subsample": -0.8132728991806691, "max_depth": 3.0, "num_boost_round": 39.0}, "datetime": {"datetime": "2024-01-19 00:17:03", "elapsed": 313.484384, "delta": 0.001018}}
{"target": -17.8029798828846, "params": {"gamma": 429.93059892686824, "log10_alpha": -0.3576348824312108, "log10_colsample_bytree": -0.40306494572830875, "log10_eta": -0.9320927142714508, "log10_lambda": -1.1938815566258691, "log10_min_child_weight": 1.58789630445437, "log10_subsample": -0.8132728991806691, "max_depth": 3.0, "num_boost_round": 40.0}, "datetime": {"datetime": "2024-01-19 00:17:03", "elapsed": 313.485406, "delta": 0.001022}}
{"target": -17.801665899308247, "params": {"gamma": 429.93059892686824, "log10_alpha": -0.3576348824312108, "log10_colsample_bytree": -0.40306494572830875, "log10_eta": -0.9320927142714508, "log10_lambda": -1.1938815566258691, "log10_min_child_weight": 1.58789630445437, "log10_subsample": -0.8132728991806691, "max_depth": 3.0, "num_boost_round": 41.0}, "datetime": {"datetime": "2024-01-19 00:17:03", "elapsed": 313.486427, "delta": 0.001021}}
{"target": -17.8046758248872, "params": {"gamma": 429.93059892686824, "log10_alpha": -0.3576348824312108, "log10_colsample_bytree": -0.40306494572830875, "log10_eta": -0.9320927142714508, "log10_lambda": -1.1938815566258691, "log10_min_child_weight": 1.58789630445437, "log10_subsample": -0.8132728991806691, "max_depth": 3.0, "num_boost_round": 42.0}, "datetime": {"datetime": "2024-01-19 00:17:03", "elapsed": 313.487446, "delta": 0.001019}}
{"target": -17.80571223895453, "params": {"gamma": 429.93059892686824, "log10_alpha": -0.3576348824312108, "log10_colsample_bytree": -0.40306494572830875, "log10_eta": -0.9320927142714508, "log10_lambda": -1.1938815566258691, "log10_min_child_weight": 1.58789630445437, "log10_subsample": -0.8132728991806691, "max_depth": 3.0, "num_boost_round": 43.0}, "datetime": {"datetime": "2024-01-19 00:17:03", "elapsed": 313.488473, "delta": 0.001027}}
{"target": -17.80611264332863, "params": {"gamma": 429.93059892686824, "log10_alpha": -0.3576348824312108, "log10_colsample_bytree": -0.40306494572830875, "log10_eta": -0.9320927142714508, "log10_lambda": -1.1938815566258691, "log10_min_child_weight": 1.58789630445437, "log10_subsample": -0.8132728991806691, "max_depth": 3.0, "num_boost_round": 44.0}, "datetime": {"datetime": "2024-01-19 00:17:03", "elapsed": 313.489504, "delta": 0.001031}}
{"target": -17.807180286516598, "params": {"gamma": 429.93059892686824, "log10_alpha": -0.3576348824312108, "log10_colsample_bytree": -0.40306494572830875, "log10_eta": -0.9320927142714508, "log10_lambda": -1.1938815566258691, "log10_min_child_weight": 1.58789630445437, "log10_subsample": -0.8132728991806691, "max_depth": 3.0, "num_boost_round": 45.0}, "datetime": {"datetime": "2024-01-19 00:17:03", "elapsed": 313.490533, "delta": 0.001029}}
{"target": -17.808990895239127, "params": {"gamma": 429.93059892686824, "log10_alpha": -0.3576348824312108, "log10_colsample_bytree": -0.40306494572830875, "log10_eta": -0.9320927142714508, "log10_lambda": -1.1938815566258691, "log10_min_child_weight": 1.58789630445437, "log10_subsample": -0.8132728991806691, "max_depth": 3.0, "num_boost_round": 46.0}, "datetime": {"datetime": "2024-01-19 00:17:03", "elapsed": 313.491567, "delta": 0.001034}}
{"target": -17.806502233814626, "params": {"gamma": 429.93059892686824, "log10_alpha": -0.3576348824312108, "log10_colsample_bytree": -0.40306494572830875, "log10_eta": -0.9320927142714508, "log10_lambda": -1.1938815566258691, "log10_min_child_weight": 1.58789630445437, "log10_subsample": -0.8132728991806691, "max_depth": 3.0, "num_boost_round": 47.0}, "datetime": {"datetime": "2024-01-19 00:17:03", "elapsed": 313.492839, "delta": 0.001272}}
{"target": -17.809070768151972, "params": {"gamma": 429.93059892686824, "log10_alpha": -0.3576348824312108, "log10_colsample_bytree": -0.40306494572830875, "log10_eta": -0.9320927142714508, "log10_lambda": -1.1938815566258691, "log10_min_child_weight": 1.58789630445437, "log10_subsample": -0.8132728991806691, "max_depth": 3.0, "num_boost_round": 48.0}, "datetime": {"datetime": "2024-01-19 00:17:03", "elapsed": 313.493951, "delta": 0.001112}}
{"target": -17.811583712440633, "params": {"gamma": 429.93059892686824, "log10_alpha": -0.3576348824312108, "log10_colsample_bytree": -0.40306494572830875, "log10_eta": -0.9320927142714508, "log10_lambda": -1.1938815566258691, "log10_min_child_weight": 1.58789630445437, "log10_subsample": -0.8132728991806691, "max_depth": 3.0, "num_boost_round": 49.0}, "datetime": {"datetime": "2024-01-19 00:17:03", "elapsed": 313.495088, "delta": 0.001137}}
{"target": -17.813067092850908, "params": {"gamma": 429.93059892686824, "log10_alpha": -0.3576348824312108, "log10_colsample_bytree": -0.40306494572830875, "log10_eta": -0.9320927142714508, "log10_lambda": -1.1938815566258691, "log10_min_child_weight": 1.58789630445437, "log10_subsample": -0.8132728991806691, "max_depth": 3.0, "num_boost_round": 50.0}, "datetime": {"datetime": "2024-01-19 00:17:03", "elapsed": 313.496131, "delta": 0.001043}}
{"target": -17.81794479229515, "params": {"gamma": 429.93059892686824, "log10_alpha": -0.3576348824312108, "log10_colsample_bytree": -0.40306494572830875, "log10_eta": -0.9320927142714508, "log10_lambda": -1.1938815566258691, "log10_min_child_weight": 1.58789630445437, "log10_subsample": -0.8132728991806691, "max_depth": 3.0, "num_boost_round": 51.0}, "datetime": {"datetime": "2024-01-19 00:17:03", "elapsed": 313.497211, "delta": 0.00108}}
{"target": -17.8190514163232, "params": {"gamma": 429.93059892686824, "log10_alpha": -0.3576348824312108, "log10_colsample_bytree": -0.40306494572830875, "log10_eta": -0.9320927142714508, "log10_lambda": -1.1938815566258691, "log10_min_child_weight": 1.58789630445437, "log10_subsample": -0.8132728991806691, "max_depth": 3.0, "num_boost_round": 52.0}, "datetime": {"datetime": "2024-01-19 00:17:03", "elapsed": 313.498328, "delta": 0.001117}}
{"target": -17.821362584821685, "params": {"gamma": 429.93059892686824, "log10_alpha": -0.3576348824312108, "log10_colsample_bytree": -0.40306494572830875, "log10_eta": -0.9320927142714508, "log10_lambda": -1.1938815566258691, "log10_min_child_weight": 1.58789630445437, "log10_subsample": -0.8132728991806691, "max_depth": 3.0, "num_boost_round": 53.0}, "datetime": {"datetime": "2024-01-19 00:17:03", "elapsed": 313.499432, "delta": 0.001104}}
{"target": -17.825663719344497, "params": {"gamma": 429.93059892686824, "log10_alpha": -0.3576348824312108, "log10_colsample_bytree": -0.40306494572830875, "log10_eta": -0.9320927142714508, "log10_lambda": -1.1938815566258691, "log10_min_child_weight": 1.58789630445437, "log10_subsample": -0.8132728991806691, "max_depth": 3.0, "num_boost_round": 54.0}, "datetime": {"datetime": "2024-01-19 00:17:03", "elapsed": 313.500527, "delta": 0.001095}}
{"target": -17.82398183554552, "params": {"gamma": 429.93059892686824, "log10_alpha": -0.3576348824312108, "log10_colsample_bytree": -0.40306494572830875, "log10_eta": -0.9320927142714508, "log10_lambda": -1.1938815566258691, "log10_min_child_weight": 1.58789630445437, "log10_subsample": -0.8132728991806691, "max_depth": 3.0, "num_boost_round": 55.0}, "datetime": {"datetime": "2024-01-19 00:17:03", "elapsed": 313.501606, "delta": 0.001079}}
{"target": -17.83102302800939, "params": {"gamma": 429.93059892686824, "log10_alpha": -0.3576348824312108, "log10_colsample_bytree": -0.40306494572830875, "log10_eta": -0.9320927142714508, "log10_lambda": -1.1938815566258691, "log10_min_child_weight": 1.58789630445437, "log10_subsample": -0.8132728991806691, "max_depth": 3.0, "num_boost_round": 56.0}, "datetime": {"datetime": "2024-01-19 00:17:03", "elapsed": 313.502712, "delta": 0.001106}}
{"target": -17.83650292631156, "params": {"gamma": 429.93059892686824, "log10_alpha": -0.3576348824312108, "log10_colsample_bytree": -0.40306494572830875, "log10_eta": -0.9320927142714508, "log10_lambda": -1.1938815566258691, "log10_min_child_weight": 1.58789630445437, "log10_subsample": -0.8132728991806691, "max_depth": 3.0, "num_boost_round": 57.0}, "datetime": {"datetime": "2024-01-19 00:17:03", "elapsed": 313.503814, "delta": 0.001102}}
{"target": -17.83791950550216, "params": {"gamma": 429.93059892686824, "log10_alpha": -0.3576348824312108, "log10_colsample_bytree": -0.40306494572830875, "log10_eta": -0.9320927142714508, "log10_lambda": -1.1938815566258691, "log10_min_child_weight": 1.58789630445437, "log10_subsample": -0.8132728991806691, "max_depth": 3.0, "num_boost_round": 58.0}, "datetime": {"datetime": "2024-01-19 00:17:03", "elapsed": 313.504901, "delta": 0.001087}}
{"target": -17.837113202904618, "params": {"gamma": 429.93059892686824, "log10_alpha": -0.3576348824312108, "log10_colsample_bytree": -0.40306494572830875, "log10_eta": -0.9320927142714508, "log10_lambda": -1.1938815566258691, "log10_min_child_weight": 1.58789630445437, "log10_subsample": -0.8132728991806691, "max_depth": 3.0, "num_boost_round": 59.0}, "datetime": {"datetime": "2024-01-19 00:17:03", "elapsed": 313.505994, "delta": 0.001093}}
{"target": -17.838904287958982, "params": {"gamma": 429.93059892686824, "log10_alpha": -0.3576348824312108, "log10_colsample_bytree": -0.40306494572830875, "log10_eta": -0.9320927142714508, "log10_lambda": -1.1938815566258691, "log10_min_child_weight": 1.58789630445437, "log10_subsample": -0.8132728991806691, "max_depth": 3.0, "num_boost_round": 60.0}, "datetime": {"datetime": "2024-01-19 00:17:03", "elapsed": 313.507068, "delta": 0.001074}}
{"target": -17.84014830437902, "params": {"gamma": 429.93059892686824, "log10_alpha": -0.3576348824312108, "log10_colsample_bytree": -0.40306494572830875, "log10_eta": -0.9320927142714508, "log10_lambda": -1.1938815566258691, "log10_min_child_weight": 1.58789630445437, "log10_subsample": -0.8132728991806691, "max_depth": 3.0, "num_boost_round": 61.0}, "datetime": {"datetime": "2024-01-19 00:17:03", "elapsed": 313.508153, "delta": 0.001085}}
{"target": -17.84164160125877, "params": {"gamma": 429.93059892686824, "log10_alpha": -0.3576348824312108, "log10_colsample_bytree": -0.40306494572830875, "log10_eta": -0.9320927142714508, "log10_lambda": -1.1938815566258691, "log10_min_child_weight": 1.58789630445437, "log10_subsample": -0.8132728991806691, "max_depth": 3.0, "num_boost_round": 62.0}, "datetime": {"datetime": "2024-01-19 00:17:03", "elapsed": 313.509248, "delta": 0.001095}}
{"target": -17.84350164488331, "params": {"gamma": 429.93059892686824, "log10_alpha": -0.3576348824312108, "log10_colsample_bytree": -0.40306494572830875, "log10_eta": -0.9320927142714508, "log10_lambda": -1.1938815566258691, "log10_min_child_weight": 1.58789630445437, "log10_subsample": -0.8132728991806691, "max_depth": 3.0, "num_boost_round": 63.0}, "datetime": {"datetime": "2024-01-19 00:17:03", "elapsed": 313.510347, "delta": 0.001099}}
{"target": -17.846415401859392, "params": {"gamma": 429.93059892686824, "log10_alpha": -0.3576348824312108, "log10_colsample_bytree": -0.40306494572830875, "log10_eta": -0.9320927142714508, "log10_lambda": -1.1938815566258691, "log10_min_child_weight": 1.58789630445437, "log10_subsample": -0.8132728991806691, "max_depth": 3.0, "num_boost_round": 64.0}, "datetime": {"datetime": "2024-01-19 00:17:03", "elapsed": 313.511442, "delta": 0.001095}}
{"target": -17.84972199086331, "params": {"gamma": 429.93059892686824, "log10_alpha": -0.3576348824312108, "log10_colsample_bytree": -0.40306494572830875, "log10_eta": -0.9320927142714508, "log10_lambda": -1.1938815566258691, "log10_min_child_weight": 1.58789630445437, "log10_subsample": -0.8132728991806691, "max_depth": 3.0, "num_boost_round": 65.0}, "datetime": {"datetime": "2024-01-19 00:17:03", "elapsed": 313.512914, "delta": 0.001472}}
{"target": -17.85077489508148, "params": {"gamma": 429.93059892686824, "log10_alpha": -0.3576348824312108, "log10_colsample_bytree": -0.40306494572830875, "log10_eta": -0.9320927142714508, "log10_lambda": -1.1938815566258691, "log10_min_child_weight": 1.58789630445437, "log10_subsample": -0.8132728991806691, "max_depth": 3.0, "num_boost_round": 66.0}, "datetime": {"datetime": "2024-01-19 00:17:03", "elapsed": 313.514244, "delta": 0.00133}}
{"target": -17.861970800860927, "params": {"gamma": 429.93059892686824, "log10_alpha": -0.3576348824312108, "log10_colsample_bytree": -0.40306494572830875, "log10_eta": -0.9320927142714508, "log10_lambda": -1.1938815566258691, "log10_min_child_weight": 1.58789630445437, "log10_subsample": -0.8132728991806691, "max_depth": 3.0, "num_boost_round": 67.0}, "datetime": {"datetime": "2024-01-19 00:17:03", "elapsed": 313.515292, "delta": 0.001048}}
{"target": -17.86324776764078, "params": {"gamma": 429.93059892686824, "log10_alpha": -0.3576348824312108, "log10_colsample_bytree": -0.40306494572830875, "log10_eta": -0.9320927142714508, "log10_lambda": -1.1938815566258691, "log10_min_child_weight": 1.58789630445437, "log10_subsample": -0.8132728991806691, "max_depth": 3.0, "num_boost_round": 68.0}, "datetime": {"datetime": "2024-01-19 00:17:03", "elapsed": 313.51635, "delta": 0.001058}}
{"target": -17.864180095940394, "params": {"gamma": 429.93059892686824, "log10_alpha": -0.3576348824312108, "log10_colsample_bytree": -0.40306494572830875, "log10_eta": -0.9320927142714508, "log10_lambda": -1.1938815566258691, "log10_min_child_weight": 1.58789630445437, "log10_subsample": -0.8132728991806691, "max_depth": 3.0, "num_boost_round": 69.0}, "datetime": {"datetime": "2024-01-19 00:17:03", "elapsed": 313.517394, "delta": 0.001044}}
{"target": -17.86878354103512, "params": {"gamma": 429.93059892686824, "log10_alpha": -0.3576348824312108, "log10_colsample_bytree": -0.40306494572830875, "log10_eta": -0.9320927142714508, "log10_lambda": -1.1938815566258691, "log10_min_child_weight": 1.58789630445437, "log10_subsample": -0.8132728991806691, "max_depth": 3.0, "num_boost_round": 70.0}, "datetime": {"datetime": "2024-01-19 00:17:03", "elapsed": 313.518445, "delta": 0.001051}}
{"target": -17.86838473127181, "params": {"gamma": 429.93059892686824, "log10_alpha": -0.3576348824312108, "log10_colsample_bytree": -0.40306494572830875, "log10_eta": -0.9320927142714508, "log10_lambda": -1.1938815566258691, "log10_min_child_weight": 1.58789630445437, "log10_subsample": -0.8132728991806691, "max_depth": 3.0, "num_boost_round": 71.0}, "datetime": {"datetime": "2024-01-19 00:17:03", "elapsed": 313.51949, "delta": 0.001045}}
{"target": -17.871218100602544, "params": {"gamma": 429.93059892686824, "log10_alpha": -0.3576348824312108, "log10_colsample_bytree": -0.40306494572830875, "log10_eta": -0.9320927142714508, "log10_lambda": -1.1938815566258691, "log10_min_child_weight": 1.58789630445437, "log10_subsample": -0.8132728991806691, "max_depth": 3.0, "num_boost_round": 72.0}, "datetime": {"datetime": "2024-01-19 00:17:03", "elapsed": 313.520535, "delta": 0.001045}}
