{"target": -13.758257978769809, "params": {"gamma": 434.54294924637696, "log10_alpha": -3.248073617204111, "log10_colsample_bytree": -1.0, "log10_eta": -3.285055073135099, "log10_lambda": 0.05528050898174293, "log10_min_child_weight": 0.0, "log10_subsample": 0.0, "max_depth": 4.0, "num_boost_round": 40.0}, "datetime": {"datetime": "2024-01-19 00:16:59", "elapsed": 323.071564, "delta": 0.000867}}
{"target": -13.758254879859349, "params": {"gamma": 434.54294924637696, "log10_alpha": -3.248073617204111, "log10_colsample_bytree": -1.0, "log10_eta": -3.285055073135099, "log10_lambda": 0.05528050898174293, "log10_min_child_weight": 0.0, "log10_subsample": 0.0, "max_depth": 4.0, "num_boost_round": 41.0}, "datetime": {"datetime": "2024-01-19 00:16:59", "elapsed": 323.072437, "delta": 0.000873}}
{"target": -13.7582472182708, "params": {"gamma": 434.54294924637696, "log10_alpha": -3.248073617204111, "log10_colsample_bytree": -1.0, "log10_eta": -3.285055073135099, "log10_lambda": 0.05528050898174293, "log10_min_child_weight": 0.0, "log10_subsample": 0.0, "max_depth": 4.0, "num_boost_round": 42.0}, "datetime": {"datetime": "2024-01-19 00:16:59", "elapsed": 323.073307, "delta": 0.00087}}
{"target": -13.758488064362561, "params": {"gamma": 434.62208029469116, "log10_alpha": -3.558079403362715, "log10_colsample_bytree": -0.293876286952511, "log10_eta": -2.475726807249692, "log10_lambda": -0.9316995246067314, "log10_min_child_weight": 2.8311927774723618, "log10_subsample": -0.09442348983882409, "max_depth": 5.0, "num_boost_round": 0.0}, "datetime": {"datetime": "2024-01-19 00:17:21", "elapsed": 345.65114, "delta": 22.577833}}
{"target": -13.758521688403057, "params": {"gamma": 434.62208029469116, "log10_alpha": -3.558079403362715, "log10_colsample_bytree": -0.293876286952511, "log10_eta": -2.475726807249692, "log10_lambda": -0.9316995246067314, "log10_min_child_weight": 2.8311927774723618, "log10_subsample": -0.09442348983882409, "max_depth": 5.0, "num_boost_round": 1.0}, "datetime": {"datetime": "2024-01-19 00:17:21", "elapsed": 345.65273, "delta": 0.00159}}
{"target": -13.758481737676998, "params": {"gamma": 434.62208029469116, "log10_alpha": -3.558079403362715, "log10_colsample_bytree": -0.293876286952511, "log10_eta": -2.475726807249692, "log10_lambda": -0.9316995246067314, "log10_min_child_weight": 2.8311927774723618, "log10_subsample": -0.09442348983882409, "max_depth": 5.0, "num_boost_round": 2.0}, "datetime": {"datetime": "2024-01-19 00:17:21", "elapsed": 345.653743, "delta": 0.001013}}
{"target": -13.758504768813461, "params": {"gamma": 434.62208029469116, "log10_alpha": -3.558079403362715, "log10_colsample_bytree": -0.293876286952511, "log10_eta": -2.475726807249692, "log10_lambda": -0.9316995246067314, "log10_min_child_weight": 2.8311927774723618, "log10_subsample": -0.09442348983882409, "max_depth": 5.0, "num_boost_round": 3.0}, "datetime": {"datetime": "2024-01-19 00:17:21", "elapsed": 345.654628, "delta": 0.000885}}
{"target": -13.758410240150939, "params": {"gamma": 434.62208029469116, "log10_alpha": -3.558079403362715, "log10_colsample_bytree": -0.293876286952511, "log10_eta": -2.475726807249692, "log10_lambda": -0.9316995246067314, "log10_min_child_weight": 2.8311927774723618, "log10_subsample": -0.09442348983882409, "max_depth": 5.0, "num_boost_round": 4.0}, "datetime": {"datetime": "2024-01-19 00:17:21", "elapsed": 345.655502, "delta": 0.000874}}
{"target": -13.758344315582105, "params": {"gamma": 434.62208029469116, "log10_alpha": -3.558079403362715, "log10_colsample_bytree": -0.293876286952511, "log10_eta": -2.475726807249692, "log10_lambda": -0.9316995246067314, "log10_min_child_weight": 2.8311927774723618, "log10_subsample": -0.09442348983882409, "max_depth": 5.0, "num_boost_round": 5.0}, "datetime": {"datetime": "2024-01-19 00:17:21", "elapsed": 345.656492, "delta": 0.00099}}
{"target": -13.75835279272889, "params": {"gamma": 434.62208029469116, "log10_alpha": -3.558079403362715, "log10_colsample_bytree": -0.293876286952511, "log10_eta": -2.475726807249692, "log10_lambda": -0.9316995246067314, "log10_min_child_weight": 2.8311927774723618, "log10_subsample": -0.09442348983882409, "max_depth": 5.0, "num_boost_round": 6.0}, "datetime": {"datetime": "2024-01-19 00:17:21", "elapsed": 345.657369, "delta": 0.000877}}
{"target": -13.758446244720512, "params": {"gamma": 434.62208029469116, "log10_alpha": -3.558079403362715, "log10_colsample_bytree": -0.293876286952511, "log10_eta": -2.475726807249692, "log10_lambda": -0.9316995246067314, "log10_min_child_weight": 2.8311927774723618, "log10_subsample": -0.09442348983882409, "max_depth": 5.0, "num_boost_round": 7.0}, "datetime": {"datetime": "2024-01-19 00:17:21", "elapsed": 345.658255, "delta": 0.000886}}
{"target": -13.758406453594514, "params": {"gamma": 434.62208029469116, "log10_alpha": -3.558079403362715, "log10_colsample_bytree": -0.293876286952511, "log10_eta": -2.475726807249692, "log10_lambda": -0.9316995246067314, "log10_min_child_weight": 2.8311927774723618, "log10_subsample": -0.09442348983882409, "max_depth": 5.0, "num_boost_round": 8.0}, "datetime": {"datetime": "2024-01-19 00:17:21", "elapsed": 345.659126, "delta": 0.000871}}
{"target": -13.758371616549265, "params": {"gamma": 434.62208029469116, "log10_alpha": -3.558079403362715, "log10_colsample_bytree": -0.293876286952511, "log10_eta": -2.475726807249692, "log10_lambda": -0.9316995246067314, "log10_min_child_weight": 2.8311927774723618, "log10_subsample": -0.09442348983882409, "max_depth": 5.0, "num_boost_round": 9.0}, "datetime": {"datetime": "2024-01-19 00:17:21", "elapsed": 345.660001, "delta": 0.000875}}
{"target": -13.7583378716161, "params": {"gamma": 434.62208029469116, "log10_alpha": -3.558079403362715, "log10_colsample_bytree": -0.293876286952511, "log10_eta": -2.475726807249692, "log10_lambda": -0.9316995246067314, "log10_min_child_weight": 2.8311927774723618, "log10_subsample": -0.09442348983882409, "max_depth": 5.0, "num_boost_round": 10.0}, "datetime": {"datetime": "2024-01-19 00:17:21", "elapsed": 345.660914, "delta": 0.000913}}
{"target": -13.758203201604081, "params": {"gamma": 434.62208029469116, "log10_alpha": -3.558079403362715, "log10_colsample_bytree": -0.293876286952511, "log10_eta": -2.475726807249692, "log10_lambda": -0.9316995246067314, "log10_min_child_weight": 2.8311927774723618, "log10_subsample": -0.09442348983882409, "max_depth": 5.0, "num_boost_round": 11.0}, "datetime": {"datetime": "2024-01-19 00:17:21", "elapsed": 345.661908, "delta": 0.000994}}
{"target": -13.758271340594902, "params": {"gamma": 434.62208029469116, "log10_alpha": -3.558079403362715, "log10_colsample_bytree": -0.293876286952511, "log10_eta": -2.475726807249692, "log10_lambda": -0.9316995246067314, "log10_min_child_weight": 2.8311927774723618, "log10_subsample": -0.09442348983882409, "max_depth": 5.0, "num_boost_round": 12.0}, "datetime": {"datetime": "2024-01-19 00:17:21", "elapsed": 345.662813, "delta": 0.000905}}
{"target": -13.758395276970855, "params": {"gamma": 434.62208029469116, "log10_alpha": -3.558079403362715, "log10_colsample_bytree": -0.293876286952511, "log10_eta": -2.475726807249692, "log10_lambda": -0.9316995246067314, "log10_min_child_weight": 2.8311927774723618, "log10_subsample": -0.09442348983882409, "max_depth": 5.0, "num_boost_round": 13.0}, "datetime": {"datetime": "2024-01-19 00:17:21", "elapsed": 345.663741, "delta": 0.000928}}
{"target": -13.75838054845515, "params": {"gamma": 434.62208029469116, "log10_alpha": -3.558079403362715, "log10_colsample_bytree": -0.293876286952511, "log10_eta": -2.475726807249692, "log10_lambda": -0.9316995246067314, "log10_min_child_weight": 2.8311927774723618, "log10_subsample": -0.09442348983882409, "max_depth": 5.0, "num_boost_round": 14.0}, "datetime": {"datetime": "2024-01-19 00:17:21", "elapsed": 345.664633, "delta": 0.000892}}
{"target": -13.758220170201433, "params": {"gamma": 434.62208029469116, "log10_alpha": -3.558079403362715, "log10_colsample_bytree": -0.293876286952511, "log10_eta": -2.475726807249692, "log10_lambda": -0.9316995246067314, "log10_min_child_weight": 2.8311927774723618, "log10_subsample": -0.09442348983882409, "max_depth": 5.0, "num_boost_round": 15.0}, "datetime": {"datetime": "2024-01-19 00:17:21", "elapsed": 345.665523, "delta": 0.00089}}
{"target": -13.758152282331862, "params": {"gamma": 434.62208029469116, "log10_alpha": -3.558079403362715, "log10_colsample_bytree": -0.293876286952511, "log10_eta": -2.475726807249692, "log10_lambda": -0.9316995246067314, "log10_min_child_weight": 2.8311927774723618, "log10_subsample": -0.09442348983882409, "max_depth": 5.0, "num_boost_round": 16.0}, "datetime": {"datetime": "2024-01-19 00:17:21", "elapsed": 345.666411, "delta": 0.000888}}
{"target": -13.758239667183267, "params": {"gamma": 434.62208029469116, "log10_alpha": -3.558079403362715, "log10_colsample_bytree": -0.293876286952511, "log10_eta": -2.475726807249692, "log10_lambda": -0.9316995246067314, "log10_min_child_weight": 2.8311927774723618, "log10_subsample": -0.09442348983882409, "max_depth": 5.0, "num_boost_round": 17.0}, "datetime": {"datetime": "2024-01-19 00:17:21", "elapsed": 345.667295, "delta": 0.000884}}
{"target": -13.758317189201815, "params": {"gamma": 434.62208029469116, "log10_alpha": -3.558079403362715, "log10_colsample_bytree": -0.293876286952511, "log10_eta": -2.475726807249692, "log10_lambda": -0.9316995246067314, "log10_min_child_weight": 2.8311927774723618, "log10_subsample": -0.09442348983882409, "max_depth": 5.0, "num_boost_round": 18.0}, "datetime": {"datetime": "2024-01-19 00:17:21", "elapsed": 345.668176, "delta": 0.000881}}
{"target": -13.758222799026264, "params": {"gamma": 434.62208029469116, "log10_alpha": -3.558079403362715, "log10_colsample_bytree": -0.293876286952511, "log10_eta": -2.475726807249692, "log10_lambda": -0.9316995246067314, "log10_min_child_weight": 2.8311927774723618, "log10_subsample": -0.09442348983882409, "max_depth": 5.0, "num_boost_round": 19.0}, "datetime": {"datetime": "2024-01-19 00:17:21", "elapsed": 345.669123, "delta": 0.000947}}
{"target": -13.758148300759665, "params": {"gamma": 434.62208029469116, "log10_alpha": -3.558079403362715, "log10_colsample_bytree": -0.293876286952511, "log10_eta": -2.475726807249692, "log10_lambda": -0.9316995246067314, "log10_min_child_weight": 2.8311927774723618, "log10_subsample": -0.09442348983882409, "max_depth": 5.0, "num_boost_round": 20.0}, "datetime": {"datetime": "2024-01-19 00:17:21", "elapsed": 345.670017, "delta": 0.000894}}
{"target": -13.758540801137125, "params": {"gamma": 433.4054158297509, "log10_alpha": -2.2146689623828926, "log10_colsample_bytree": -0.5517023331384587, "log10_eta": -3.70399123502368, "log10_lambda": -1.9190441427626634, "log10_min_child_weight": 1.338890434633571, "log10_subsample": -0.9978562473425441, "max_depth": 5.0, "num_boost_round": 0.0}, "datetime": {"datetime": "2024-01-19 00:17:48", "elapsed": 372.44159, "delta": 26.771573}}
{"target": -13.758529308174946, "params": {"gamma": 433.4054158297509, "log10_alpha": -2.2146689623828926, "log10_colsample_bytree": -0.5517023331384587, "log10_eta": -3.70399123502368, "log10_lambda": -1.9190441427626634, "log10_min_child_weight": 1.338890434633571, "log10_subsample": -0.9978562473425441, "max_depth": 5.0, "num_boost_round": 1.0}, "datetime": {"datetime": "2024-01-19 00:17:48", "elapsed": 372.442811, "delta": 0.001221}}
{"target": -13.758531285107374, "params": {"gamma": 433.4054158297509, "log10_alpha": -2.2146689623828926, "log10_colsample_bytree": -0.5517023331384587, "log10_eta": -3.70399123502368, "log10_lambda": -1.9190441427626634, "log10_min_child_weight": 1.338890434633571, "log10_subsample": -0.9978562473425441, "max_depth": 5.0, "num_boost_round": 2.0}, "datetime": {"datetime": "2024-01-19 00:17:48", "elapsed": 372.443942, "delta": 0.001131}}
{"target": -13.758528333222946, "params": {"gamma": 433.4054158297509, "log10_alpha": -2.2146689623828926, "log10_colsample_bytree": -0.5517023331384587, "log10_eta": -3.70399123502368, "log10_lambda": -1.9190441427626634, "log10_min_child_weight": 1.338890434633571, "log10_subsample": -0.9978562473425441, "max_depth": 5.0, "num_boost_round": 3.0}, "datetime": {"datetime": "2024-01-19 00:17:48", "elapsed": 372.44503, "delta": 0.001088}}
{"target": -13.758527431198429, "params": {"gamma": 433.4054158297509, "log10_alpha": -2.2146689623828926, "log10_colsample_bytree": -0.5517023331384587, "log10_eta": -3.70399123502368, "log10_lambda": -1.9190441427626634, "log10_min_child_weight": 1.338890434633571, "log10_subsample": -0.9978562473425441, "max_depth": 5.0, "num_boost_round": 4.0}, "datetime": {"datetime": "2024-01-19 00:17:48", "elapsed": 372.446045, "delta": 0.001015}}
{"target": -13.758518419762087, "params": {"gamma": 433.4054158297509, "log10_alpha": -2.2146689623828926, "log10_colsample_bytree": -0.5517023331384587, "log10_eta": -3.70399123502368, "log10_lambda": -1.9190441427626634, "log10_min_child_weight": 1.338890434633571, "log10_subsample": -0.9978562473425441, "max_depth": 5.0, "num_boost_round": 5.0}, "datetime": {"datetime": "2024-01-19 00:17:48", "elapsed": 372.44696, "delta": 0.000915}}
{"target": -13.758512903623249, "params": {"gamma": 433.4054158297509, "log10_alpha": -2.2146689623828926, "log10_colsample_bytree": -0.5517023331384587, "log10_eta": -3.70399123502368, "log10_lambda": -1.9190441427626634, "log10_min_child_weight": 1.338890434633571, "log10_subsample": -0.9978562473425441, "max_depth": 5.0, "num_boost_round": 6.0}, "datetime": {"datetime": "2024-01-19 00:17:48", "elapsed": 372.447874, "delta": 0.000914}}
{"target": -13.758504333724712, "params": {"gamma": 433.4054158297509, "log10_alpha": -2.2146689623828926, "log10_colsample_bytree": -0.5517023331384587, "log10_eta": -3.70399123502368, "log10_lambda": -1.9190441427626634, "log10_min_child_weight": 1.338890434633571, "log10_subsample": -0.9978562473425441, "max_depth": 5.0, "num_boost_round": 7.0}, "datetime": {"datetime": "2024-01-19 00:17:48", "elapsed": 372.448788, "delta": 0.000914}}
{"target": -13.758500603998105, "params": {"gamma": 433.4054158297509, "log10_alpha": -2.2146689623828926, "log10_colsample_bytree": -0.5517023331384587, "log10_eta": -3.70399123502368, "log10_lambda": -1.9190441427626634, "log10_min_child_weight": 1.338890434633571, "log10_subsample": -0.9978562473425441, "max_depth": 5.0, "num_boost_round": 8.0}, "datetime": {"datetime": "2024-01-19 00:17:48", "elapsed": 372.44976, "delta": 0.000972}}
{"target": -13.758494222534745, "params": {"gamma": 433.4054158297509, "log10_alpha": -2.2146689623828926, "log10_colsample_bytree": -0.5517023331384587, "log10_eta": -3.70399123502368, "log10_lambda": -1.9190441427626634, "log10_min_child_weight": 1.338890434633571, "log10_subsample": -0.9978562473425441, "max_depth": 5.0, "num_boost_round": 9.0}, "datetime": {"datetime": "2024-01-19 00:17:48", "elapsed": 372.450729, "delta": 0.000969}}
{"target": -13.758483066183599, "params": {"gamma": 433.4054158297509, "log10_alpha": -2.2146689623828926, "log10_colsample_bytree": -0.5517023331384587, "log10_eta": -3.70399123502368, "log10_lambda": -1.9190441427626634, "log10_min_child_weight": 1.338890434633571, "log10_subsample": -0.9978562473425441, "max_depth": 5.0, "num_boost_round": 10.0}, "datetime": {"datetime": "2024-01-19 00:17:48", "elapsed": 372.451684, "delta": 0.000955}}
{"target": -13.75847780141884, "params": {"gamma": 433.4054158297509, "log10_alpha": -2.2146689623828926, "log10_colsample_bytree": -0.5517023331384587, "log10_eta": -3.70399123502368, "log10_lambda": -1.9190441427626634, "log10_min_child_weight": 1.338890434633571, "log10_subsample": -0.9978562473425441, "max_depth": 5.0, "num_boost_round": 11.0}, "datetime": {"datetime": "2024-01-19 00:17:48", "elapsed": 372.452639, "delta": 0.000955}}
{"target": -13.758472253803664, "params": {"gamma": 433.4054158297509, "log10_alpha": -2.2146689623828926, "log10_colsample_bytree": -0.5517023331384587, "log10_eta": -3.70399123502368, "log10_lambda": -1.9190441427626634, "log10_min_child_weight": 1.338890434633571, "log10_subsample": -0.9978562473425441, "max_depth": 5.0, "num_boost_round": 12.0}, "datetime": {"datetime": "2024-01-19 00:17:48", "elapsed": 372.453659, "delta": 0.00102}}
{"target": -13.758469263001071, "params": {"gamma": 433.4054158297509, "log10_alpha": -2.2146689623828926, "log10_colsample_bytree": -0.5517023331384587, "log10_eta": -3.70399123502368, "log10_lambda": -1.9190441427626634, "log10_min_child_weight": 1.338890434633571, "log10_subsample": -0.9978562473425441, "max_depth": 5.0, "num_boost_round": 13.0}, "datetime": {"datetime": "2024-01-19 00:17:48", "elapsed": 372.454629, "delta": 0.00097}}
{"target": -13.75846995963944, "params": {"gamma": 433.4054158297509, "log10_alpha": -2.2146689623828926, "log10_colsample_bytree": -0.5517023331384587, "log10_eta": -3.70399123502368, "log10_lambda": -1.9190441427626634, "log10_min_child_weight": 1.338890434633571, "log10_subsample": -0.9978562473425441, "max_depth": 5.0, "num_boost_round": 14.0}, "datetime": {"datetime": "2024-01-19 00:17:48", "elapsed": 372.455574, "delta": 0.000945}}
{"target": -13.758462870877793, "params": {"gamma": 433.4054158297509, "log10_alpha": -2.2146689623828926, "log10_colsample_bytree": -0.5517023331384587, "log10_eta": -3.70399123502368, "log10_lambda": -1.9190441427626634, "log10_min_child_weight": 1.338890434633571, "log10_subsample": -0.9978562473425441, "max_depth": 5.0, "num_boost_round": 15.0}, "datetime": {"datetime": "2024-01-19 00:17:48", "elapsed": 372.456549, "delta": 0.000975}}
{"target": -13.758463891435447, "params": {"gamma": 433.4054158297509, "log10_alpha": -2.2146689623828926, "log10_colsample_bytree": -0.5517023331384587, "log10_eta": -3.70399123502368, "log10_lambda": -1.9190441427626634, "log10_min_child_weight": 1.338890434633571, "log10_subsample": -0.9978562473425441, "max_depth": 5.0, "num_boost_round": 16.0}, "datetime": {"datetime": "2024-01-19 00:17:48", "elapsed": 372.457514, "delta": 0.000965}}
{"target": -13.758461711580605, "params": {"gamma": 433.4054158297509, "log10_alpha": -2.2146689623828926, "log10_colsample_bytree": -0.5517023331384587, "log10_eta": -3.70399123502368, "log10_lambda": -1.9190441427626634, "log10_min_child_weight": 1.338890434633571, "log10_subsample": -0.9978562473425441, "max_depth": 5.0, "num_boost_round": 17.0}, "datetime": {"datetime": "2024-01-19 00:17:48", "elapsed": 372.458484, "delta": 0.00097}}
{"target": -13.75846821762692, "params": {"gamma": 433.4054158297509, "log10_alpha": -2.2146689623828926, "log10_colsample_bytree": -0.5517023331384587, "log10_eta": -3.70399123502368, "log10_lambda": -1.9190441427626634, "log10_min_child_weight": 1.338890434633571, "log10_subsample": -0.9978562473425441, "max_depth": 5.0, "num_boost_round": 18.0}, "datetime": {"datetime": "2024-01-19 00:17:48", "elapsed": 372.459436, "delta": 0.000952}}
{"target": -13.75847159138096, "params": {"gamma": 433.4054158297509, "log10_alpha": -2.2146689623828926, "log10_colsample_bytree": -0.5517023331384587, "log10_eta": -3.70399123502368, "log10_lambda": -1.9190441427626634, "log10_min_child_weight": 1.338890434633571, "log10_subsample": -0.9978562473425441, "max_depth": 5.0, "num_boost_round": 19.0}, "datetime": {"datetime": "2024-01-19 00:17:48", "elapsed": 372.460408, "delta": 0.000972}}
{"target": -13.758462502506848, "params": {"gamma": 433.4054158297509, "log10_alpha": -2.2146689623828926, "log10_colsample_bytree": -0.5517023331384587, "log10_eta": -3.70399123502368, "log10_lambda": -1.9190441427626634, "log10_min_child_weight": 1.338890434633571, "log10_subsample": -0.9978562473425441, "max_depth": 5.0, "num_boost_round": 20.0}, "datetime": {"datetime": "2024-01-19 00:17:48", "elapsed": 372.461399, "delta": 0.000991}}
{"target": -13.758454782214583, "params": {"gamma": 433.4054158297509, "log10_alpha": -2.2146689623828926, "log10_colsample_bytree": -0.5517023331384587, "log10_eta": -3.70399123502368, "log10_lambda": -1.9190441427626634, "log10_min_child_weight": 1.338890434633571, "log10_subsample": -0.9978562473425441, "max_depth": 5.0, "num_boost_round": 21.0}, "datetime": {"datetime": "2024-01-19 00:17:48", "elapsed": 372.462374, "delta": 0.000975}}
{"target": -13.758448456704421, "params": {"gamma": 433.4054158297509, "log10_alpha": -2.2146689623828926, "log10_colsample_bytree": -0.5517023331384587, "log10_eta": -3.70399123502368, "log10_lambda": -1.9190441427626634, "log10_min_child_weight": 1.338890434633571, "log10_subsample": -0.9978562473425441, "max_depth": 5.0, "num_boost_round": 22.0}, "datetime": {"datetime": "2024-01-19 00:17:48", "elapsed": 372.463362, "delta": 0.000988}}
{"target": -13.758443994490893, "params": {"gamma": 433.4054158297509, "log10_alpha": -2.2146689623828926, "log10_colsample_bytree": -0.5517023331384587, "log10_eta": -3.70399123502368, "log10_lambda": -1.9190441427626634, "log10_min_child_weight": 1.338890434633571, "log10_subsample": -0.9978562473425441, "max_depth": 5.0, "num_boost_round": 23.0}, "datetime": {"datetime": "2024-01-19 00:17:48", "elapsed": 372.46435, "delta": 0.000988}}
{"target": -13.75844061042409, "params": {"gamma": 433.4054158297509, "log10_alpha": -2.2146689623828926, "log10_colsample_bytree": -0.5517023331384587, "log10_eta": -3.70399123502368, "log10_lambda": -1.9190441427626634, "log10_min_child_weight": 1.338890434633571, "log10_subsample": -0.9978562473425441, "max_depth": 5.0, "num_boost_round": 24.0}, "datetime": {"datetime": "2024-01-19 00:17:48", "elapsed": 372.465321, "delta": 0.000971}}
