{"target": -13.758456468867001, "params": {"gamma": 31.953307628451277, "log10_alpha": -3.1341061213481414, "log10_colsample_bytree": -0.9659981071235926, "log10_eta": -2.5531795339601473, "log10_lambda": -0.5401877459718509, "log10_min_child_weight": 4.092784481524865, "log10_subsample": -0.5518161168599804, "max_depth": 5.0, "num_boost_round": 11.0}, "datetime": {"datetime": "2024-01-19 01:23:25", "elapsed": 4313.639738, "delta": 0.004029}}
{"target": -13.758532627529577, "params": {"gamma": 36.47731043911983, "log10_alpha": 0.0258925577081639, "log10_colsample_bytree": -0.5997578423554148, "log10_eta": -3.488758562197226, "log10_lambda": -2.6721729553793994, "log10_min_child_weight": 2.3363703047095625, "log10_subsample": -0.9929993207549196, "max_depth": 6.0, "num_boost_round": 0.0}, "datetime": {"datetime": "2024-01-19 01:24:01", "elapsed": 4349.85351, "delta": 36.213772}}
{"target": -13.758516040632388, "params": {"gamma": 36.47731043911983, "log10_alpha": 0.0258925577081639, "log10_colsample_bytree": -0.5997578423554148, "log10_eta": -3.488758562197226, "log10_lambda": -2.6721729553793994, "log10_min_child_weight": 2.3363703047095625, "log10_subsample": -0.9929993207549196, "max_depth": 6.0, "num_boost_round": 1.0}, "datetime": {"datetime": "2024-01-19 01:24:01", "elapsed": 4349.85845, "delta": 0.00494}}
{"target": -13.758500839735685, "params": {"gamma": 36.47731043911983, "log10_alpha": 0.0258925577081639, "log10_colsample_bytree": -0.5997578423554148, "log10_eta": -3.488758562197226, "log10_lambda": -2.6721729553793994, "log10_min_child_weight": 2.3363703047095625, "log10_subsample": -0.9929993207549196, "max_depth": 6.0, "num_boost_round": 2.0}, "datetime": {"datetime": "2024-01-19 01:24:01", "elapsed": 4349.862641, "delta": 0.004191}}
{"target": -13.758500940888915, "params": {"gamma": 36.47731043911983, "log10_alpha": 0.0258925577081639, "log10_colsample_bytree": -0.5997578423554148, "log10_eta": -3.488758562197226, "log10_lambda": -2.6721729553793994, "log10_min_child_weight": 2.3363703047095625, "log10_subsample": -0.9929993207549196, "max_depth": 6.0, "num_boost_round": 3.0}, "datetime": {"datetime": "2024-01-19 01:24:01", "elapsed": 4349.8667, "delta": 0.004059}}
{"target": -13.758492531972939, "params": {"gamma": 36.47731043911983, "log10_alpha": 0.0258925577081639, "log10_colsample_bytree": -0.5997578423554148, "log10_eta": -3.488758562197226, "log10_lambda": -2.6721729553793994, "log10_min_child_weight": 2.3363703047095625, "log10_subsample": -0.9929993207549196, "max_depth": 6.0, "num_boost_round": 4.0}, "datetime": {"datetime": "2024-01-19 01:24:01", "elapsed": 4349.870831, "delta": 0.004131}}
{"target": -13.758493279522979, "params": {"gamma": 36.47731043911983, "log10_alpha": 0.0258925577081639, "log10_colsample_bytree": -0.5997578423554148, "log10_eta": -3.488758562197226, "log10_lambda": -2.6721729553793994, "log10_min_child_weight": 2.3363703047095625, "log10_subsample": -0.9929993207549196, "max_depth": 6.0, "num_boost_round": 5.0}, "datetime": {"datetime": "2024-01-19 01:24:01", "elapsed": 4349.875005, "delta": 0.004174}}
{"target": -13.758488402700571, "params": {"gamma": 36.47731043911983, "log10_alpha": 0.0258925577081639, "log10_colsample_bytree": -0.5997578423554148, "log10_eta": -3.488758562197226, "log10_lambda": -2.6721729553793994, "log10_min_child_weight": 2.3363703047095625, "log10_subsample": -0.9929993207549196, "max_depth": 6.0, "num_boost_round": 6.0}, "datetime": {"datetime": "2024-01-19 01:24:01", "elapsed": 4349.879071, "delta": 0.004066}}
{"target": -13.7584772217914, "params": {"gamma": 36.47731043911983, "log10_alpha": 0.0258925577081639, "log10_colsample_bytree": -0.5997578423554148, "log10_eta": -3.488758562197226, "log10_lambda": -2.6721729553793994, "log10_min_child_weight": 2.3363703047095625, "log10_subsample": -0.9929993207549196, "max_depth": 6.0, "num_boost_round": 7.0}, "datetime": {"datetime": "2024-01-19 01:24:01", "elapsed": 4349.88307, "delta": 0.003999}}
{"target": -13.758467361132942, "params": {"gamma": 36.47731043911983, "log10_alpha": 0.0258925577081639, "log10_colsample_bytree": -0.5997578423554148, "log10_eta": -3.488758562197226, "log10_lambda": -2.6721729553793994, "log10_min_child_weight": 2.3363703047095625, "log10_subsample": -0.9929993207549196, "max_depth": 6.0, "num_boost_round": 8.0}, "datetime": {"datetime": "2024-01-19 01:24:01", "elapsed": 4349.887065, "delta": 0.003995}}
{"target": -13.758464581744924, "params": {"gamma": 36.47731043911983, "log10_alpha": 0.0258925577081639, "log10_colsample_bytree": -0.5997578423554148, "log10_eta": -3.488758562197226, "log10_lambda": -2.6721729553793994, "log10_min_child_weight": 2.3363703047095625, "log10_subsample": -0.9929993207549196, "max_depth": 6.0, "num_boost_round": 9.0}, "datetime": {"datetime": "2024-01-19 01:24:01", "elapsed": 4349.891323, "delta": 0.004258}}
{"target": -13.75845855516107, "params": {"gamma": 36.47731043911983, "log10_alpha": 0.0258925577081639, "log10_colsample_bytree": -0.5997578423554148, "log10_eta": -3.488758562197226, "log10_lambda": -2.6721729553793994, "log10_min_child_weight": 2.3363703047095625, "log10_subsample": -0.9929993207549196, "max_depth": 6.0, "num_boost_round": 10.0}, "datetime": {"datetime": "2024-01-19 01:24:01", "elapsed": 4349.89558, "delta": 0.004257}}
{"target": -13.758447052993969, "params": {"gamma": 36.47731043911983, "log10_alpha": 0.0258925577081639, "log10_colsample_bytree": -0.5997578423554148, "log10_eta": -3.488758562197226, "log10_lambda": -2.6721729553793994, "log10_min_child_weight": 2.3363703047095625, "log10_subsample": -0.9929993207549196, "max_depth": 6.0, "num_boost_round": 11.0}, "datetime": {"datetime": "2024-01-19 01:24:01", "elapsed": 4349.899808, "delta": 0.004228}}
{"target": -13.758439275860537, "params": {"gamma": 36.47731043911983, "log10_alpha": 0.0258925577081639, "log10_colsample_bytree": -0.5997578423554148, "log10_eta": -3.488758562197226, "log10_lambda": -2.6721729553793994, "log10_min_child_weight": 2.3363703047095625, "log10_subsample": -0.9929993207549196, "max_depth": 6.0, "num_boost_round": 12.0}, "datetime": {"datetime": "2024-01-19 01:24:01", "elapsed": 4350.011069, "delta": 0.111261}}
{"target": -13.758433689067381, "params": {"gamma": 36.47731043911983, "log10_alpha": 0.0258925577081639, "log10_colsample_bytree": -0.5997578423554148, "log10_eta": -3.488758562197226, "log10_lambda": -2.6721729553793994, "log10_min_child_weight": 2.3363703047095625, "log10_subsample": -0.9929993207549196, "max_depth": 6.0, "num_boost_round": 13.0}, "datetime": {"datetime": "2024-01-19 01:24:01", "elapsed": 4350.015782, "delta": 0.004713}}
{"target": -13.758426056224277, "params": {"gamma": 36.47731043911983, "log10_alpha": 0.0258925577081639, "log10_colsample_bytree": -0.5997578423554148, "log10_eta": -3.488758562197226, "log10_lambda": -2.6721729553793994, "log10_min_child_weight": 2.3363703047095625, "log10_subsample": -0.9929993207549196, "max_depth": 6.0, "num_boost_round": 14.0}, "datetime": {"datetime": "2024-01-19 01:24:01", "elapsed": 4350.019973, "delta": 0.004191}}
{"target": -13.758418559899425, "params": {"gamma": 34.86966100234057, "log10_alpha": 0.5186821719712409, "log10_colsample_bytree": -0.7144721544745116, "log10_eta": -2.0027391013772795, "log10_lambda": 0.643623115553499, "log10_min_child_weight": 1.2184110137493287, "log10_subsample": -0.35080343458798224, "max_depth": 4.0, "num_boost_round": 0.0}, "datetime": {"datetime": "2024-01-19 01:24:55", "elapsed": 4404.112764, "delta": 54.092791}}
{"target": -13.758005170088135, "params": {"gamma": 34.86966100234057, "log10_alpha": 0.5186821719712409, "log10_colsample_bytree": -0.7144721544745116, "log10_eta": -2.0027391013772795, "log10_lambda": 0.643623115553499, "log10_min_child_weight": 1.2184110137493287, "log10_subsample": -0.35080343458798224, "max_depth": 4.0, "num_boost_round": 1.0}, "datetime": {"datetime": "2024-01-19 01:24:55", "elapsed": 4404.117989, "delta": 0.005225}}
{"target": -13.757902481618745, "params": {"gamma": 34.86966100234057, "log10_alpha": 0.5186821719712409, "log10_colsample_bytree": -0.7144721544745116, "log10_eta": -2.0027391013772795, "log10_lambda": 0.643623115553499, "log10_min_child_weight": 1.2184110137493287, "log10_subsample": -0.35080343458798224, "max_depth": 4.0, "num_boost_round": 2.0}, "datetime": {"datetime": "2024-01-19 01:24:55", "elapsed": 4404.122184, "delta": 0.004195}}
{"target": -13.757733013718724, "params": {"gamma": 34.86966100234057, "log10_alpha": 0.5186821719712409, "log10_colsample_bytree": -0.7144721544745116, "log10_eta": -2.0027391013772795, "log10_lambda": 0.643623115553499, "log10_min_child_weight": 1.2184110137493287, "log10_subsample": -0.35080343458798224, "max_depth": 4.0, "num_boost_round": 3.0}, "datetime": {"datetime": "2024-01-19 01:24:56", "elapsed": 4404.12629, "delta": 0.004106}}
{"target": -13.757583532195806, "params": {"gamma": 34.86966100234057, "log10_alpha": 0.5186821719712409, "log10_colsample_bytree": -0.7144721544745116, "log10_eta": -2.0027391013772795, "log10_lambda": 0.643623115553499, "log10_min_child_weight": 1.2184110137493287, "log10_subsample": -0.35080343458798224, "max_depth": 4.0, "num_boost_round": 4.0}, "datetime": {"datetime": "2024-01-19 01:24:56", "elapsed": 4404.130546, "delta": 0.004256}}
{"target": -13.757174969154002, "params": {"gamma": 34.86966100234057, "log10_alpha": 0.5186821719712409, "log10_colsample_bytree": -0.7144721544745116, "log10_eta": -2.0027391013772795, "log10_lambda": 0.643623115553499, "log10_min_child_weight": 1.2184110137493287, "log10_subsample": -0.35080343458798224, "max_depth": 4.0, "num_boost_round": 5.0}, "datetime": {"datetime": "2024-01-19 01:24:56", "elapsed": 4404.134662, "delta": 0.004116}}
{"target": -13.757184735324447, "params": {"gamma": 34.86966100234057, "log10_alpha": 0.5186821719712409, "log10_colsample_bytree": -0.7144721544745116, "log10_eta": -2.0027391013772795, "log10_lambda": 0.643623115553499, "log10_min_child_weight": 1.2184110137493287, "log10_subsample": -0.35080343458798224, "max_depth": 4.0, "num_boost_round": 6.0}, "datetime": {"datetime": "2024-01-19 01:24:56", "elapsed": 4404.13885, "delta": 0.004188}}
{"target": -13.7570587315896, "params": {"gamma": 34.86966100234057, "log10_alpha": 0.5186821719712409, "log10_colsample_bytree": -0.7144721544745116, "log10_eta": -2.0027391013772795, "log10_lambda": 0.643623115553499, "log10_min_child_weight": 1.2184110137493287, "log10_subsample": -0.35080343458798224, "max_depth": 4.0, "num_boost_round": 7.0}, "datetime": {"datetime": "2024-01-19 01:24:56", "elapsed": 4404.142985, "delta": 0.004135}}
{"target": -13.756992590784586, "params": {"gamma": 34.86966100234057, "log10_alpha": 0.5186821719712409, "log10_colsample_bytree": -0.7144721544745116, "log10_eta": -2.0027391013772795, "log10_lambda": 0.643623115553499, "log10_min_child_weight": 1.2184110137493287, "log10_subsample": -0.35080343458798224, "max_depth": 4.0, "num_boost_round": 8.0}, "datetime": {"datetime": "2024-01-19 01:24:56", "elapsed": 4404.147078, "delta": 0.004093}}
{"target": -13.756828448270063, "params": {"gamma": 34.86966100234057, "log10_alpha": 0.5186821719712409, "log10_colsample_bytree": -0.7144721544745116, "log10_eta": -2.0027391013772795, "log10_lambda": 0.643623115553499, "log10_min_child_weight": 1.2184110137493287, "log10_subsample": -0.35080343458798224, "max_depth": 4.0, "num_boost_round": 9.0}, "datetime": {"datetime": "2024-01-19 01:24:56", "elapsed": 4404.151301, "delta": 0.004223}}
{"target": -13.756722981690935, "params": {"gamma": 34.86966100234057, "log10_alpha": 0.5186821719712409, "log10_colsample_bytree": -0.7144721544745116, "log10_eta": -2.0027391013772795, "log10_lambda": 0.643623115553499, "log10_min_child_weight": 1.2184110137493287, "log10_subsample": -0.35080343458798224, "max_depth": 4.0, "num_boost_round": 10.0}, "datetime": {"datetime": "2024-01-19 01:24:56", "elapsed": 4404.155472, "delta": 0.004171}}
{"target": -13.756560139167398, "params": {"gamma": 34.86966100234057, "log10_alpha": 0.5186821719712409, "log10_colsample_bytree": -0.7144721544745116, "log10_eta": -2.0027391013772795, "log10_lambda": 0.643623115553499, "log10_min_child_weight": 1.2184110137493287, "log10_subsample": -0.35080343458798224, "max_depth": 4.0, "num_boost_round": 11.0}, "datetime": {"datetime": "2024-01-19 01:24:56", "elapsed": 4404.159632, "delta": 0.00416}}
{"target": -13.756488774367114, "params": {"gamma": 34.86966100234057, "log10_alpha": 0.5186821719712409, "log10_colsample_bytree": -0.7144721544745116, "log10_eta": -2.0027391013772795, "log10_lambda": 0.643623115553499, "log10_min_child_weight": 1.2184110137493287, "log10_subsample": -0.35080343458798224, "max_depth": 4.0, "num_boost_round": 12.0}, "datetime": {"datetime": "2024-01-19 01:24:56", "elapsed": 4404.163742, "delta": 0.00411}}
{"target": -13.756477672728677, "params": {"gamma": 34.86966100234057, "log10_alpha": 0.5186821719712409, "log10_colsample_bytree": -0.7144721544745116, "log10_eta": -2.0027391013772795, "log10_lambda": 0.643623115553499, "log10_min_child_weight": 1.2184110137493287, "log10_subsample": -0.35080343458798224, "max_depth": 4.0, "num_boost_round": 13.0}, "datetime": {"datetime": "2024-01-19 01:24:56", "elapsed": 4404.167826, "delta": 0.004084}}
{"target": -13.756516388174816, "params": {"gamma": 34.86966100234057, "log10_alpha": 0.5186821719712409, "log10_colsample_bytree": -0.7144721544745116, "log10_eta": -2.0027391013772795, "log10_lambda": 0.643623115553499, "log10_min_child_weight": 1.2184110137493287, "log10_subsample": -0.35080343458798224, "max_depth": 4.0, "num_boost_round": 14.0}, "datetime": {"datetime": "2024-01-19 01:24:56", "elapsed": 4404.172089, "delta": 0.004263}}
{"target": -13.756246261653304, "params": {"gamma": 34.86966100234057, "log10_alpha": 0.5186821719712409, "log10_colsample_bytree": -0.7144721544745116, "log10_eta": -2.0027391013772795, "log10_lambda": 0.643623115553499, "log10_min_child_weight": 1.2184110137493287, "log10_subsample": -0.35080343458798224, "max_depth": 4.0, "num_boost_round": 15.0}, "datetime": {"datetime": "2024-01-19 01:24:56", "elapsed": 4404.176243, "delta": 0.004154}}
{"target": -13.756115717281526, "params": {"gamma": 34.86966100234057, "log10_alpha": 0.5186821719712409, "log10_colsample_bytree": -0.7144721544745116, "log10_eta": -2.0027391013772795, "log10_lambda": 0.643623115553499, "log10_min_child_weight": 1.2184110137493287, "log10_subsample": -0.35080343458798224, "max_depth": 4.0, "num_boost_round": 16.0}, "datetime": {"datetime": "2024-01-19 01:24:56", "elapsed": 4404.180354, "delta": 0.004111}}
{"target": -13.756001665210164, "params": {"gamma": 34.86966100234057, "log10_alpha": 0.5186821719712409, "log10_colsample_bytree": -0.7144721544745116, "log10_eta": -2.0027391013772795, "log10_lambda": 0.643623115553499, "log10_min_child_weight": 1.2184110137493287, "log10_subsample": -0.35080343458798224, "max_depth": 4.0, "num_boost_round": 17.0}, "datetime": {"datetime": "2024-01-19 01:24:56", "elapsed": 4404.18451, "delta": 0.004156}}
{"target": -13.75590896625117, "params": {"gamma": 34.86966100234057, "log10_alpha": 0.5186821719712409, "log10_colsample_bytree": -0.7144721544745116, "log10_eta": -2.0027391013772795, "log10_lambda": 0.643623115553499, "log10_min_child_weight": 1.2184110137493287, "log10_subsample": -0.35080343458798224, "max_depth": 4.0, "num_boost_round": 18.0}, "datetime": {"datetime": "2024-01-19 01:24:56", "elapsed": 4404.188792, "delta": 0.004282}}
{"target": -13.755760123395328, "params": {"gamma": 34.86966100234057, "log10_alpha": 0.5186821719712409, "log10_colsample_bytree": -0.7144721544745116, "log10_eta": -2.0027391013772795, "log10_lambda": 0.643623115553499, "log10_min_child_weight": 1.2184110137493287, "log10_subsample": -0.35080343458798224, "max_depth": 4.0, "num_boost_round": 19.0}, "datetime": {"datetime": "2024-01-19 01:24:56", "elapsed": 4404.193087, "delta": 0.004295}}
{"target": -13.755675845254522, "params": {"gamma": 34.86966100234057, "log10_alpha": 0.5186821719712409, "log10_colsample_bytree": -0.7144721544745116, "log10_eta": -2.0027391013772795, "log10_lambda": 0.643623115553499, "log10_min_child_weight": 1.2184110137493287, "log10_subsample": -0.35080343458798224, "max_depth": 4.0, "num_boost_round": 20.0}, "datetime": {"datetime": "2024-01-19 01:24:56", "elapsed": 4404.197275, "delta": 0.004188}}
{"target": -13.755594737821019, "params": {"gamma": 34.86966100234057, "log10_alpha": 0.5186821719712409, "log10_colsample_bytree": -0.7144721544745116, "log10_eta": -2.0027391013772795, "log10_lambda": 0.643623115553499, "log10_min_child_weight": 1.2184110137493287, "log10_subsample": -0.35080343458798224, "max_depth": 4.0, "num_boost_round": 21.0}, "datetime": {"datetime": "2024-01-19 01:24:56", "elapsed": 4404.201567, "delta": 0.004292}}
{"target": -13.755602765678008, "params": {"gamma": 34.86966100234057, "log10_alpha": 0.5186821719712409, "log10_colsample_bytree": -0.7144721544745116, "log10_eta": -2.0027391013772795, "log10_lambda": 0.643623115553499, "log10_min_child_weight": 1.2184110137493287, "log10_subsample": -0.35080343458798224, "max_depth": 4.0, "num_boost_round": 22.0}, "datetime": {"datetime": "2024-01-19 01:24:56", "elapsed": 4404.20571, "delta": 0.004143}}
{"target": -13.755510825971358, "params": {"gamma": 34.86966100234057, "log10_alpha": 0.5186821719712409, "log10_colsample_bytree": -0.7144721544745116, "log10_eta": -2.0027391013772795, "log10_lambda": 0.643623115553499, "log10_min_child_weight": 1.2184110137493287, "log10_subsample": -0.35080343458798224, "max_depth": 4.0, "num_boost_round": 23.0}, "datetime": {"datetime": "2024-01-19 01:24:56", "elapsed": 4404.209937, "delta": 0.004227}}
{"target": -13.755460400805285, "params": {"gamma": 34.86966100234057, "log10_alpha": 0.5186821719712409, "log10_colsample_bytree": -0.7144721544745116, "log10_eta": -2.0027391013772795, "log10_lambda": 0.643623115553499, "log10_min_child_weight": 1.2184110137493287, "log10_subsample": -0.35080343458798224, "max_depth": 4.0, "num_boost_round": 24.0}, "datetime": {"datetime": "2024-01-19 01:24:56", "elapsed": 4404.214069, "delta": 0.004132}}
{"target": -13.75516811344783, "params": {"gamma": 34.86966100234057, "log10_alpha": 0.5186821719712409, "log10_colsample_bytree": -0.7144721544745116, "log10_eta": -2.0027391013772795, "log10_lambda": 0.643623115553499, "log10_min_child_weight": 1.2184110137493287, "log10_subsample": -0.35080343458798224, "max_depth": 4.0, "num_boost_round": 25.0}, "datetime": {"datetime": "2024-01-19 01:24:56", "elapsed": 4404.21824, "delta": 0.004171}}
{"target": -13.755147883648863, "params": {"gamma": 34.86966100234057, "log10_alpha": 0.5186821719712409, "log10_colsample_bytree": -0.7144721544745116, "log10_eta": -2.0027391013772795, "log10_lambda": 0.643623115553499, "log10_min_child_weight": 1.2184110137493287, "log10_subsample": -0.35080343458798224, "max_depth": 4.0, "num_boost_round": 26.0}, "datetime": {"datetime": "2024-01-19 01:24:56", "elapsed": 4404.222383, "delta": 0.004143}}
{"target": -13.755107690413707, "params": {"gamma": 34.86966100234057, "log10_alpha": 0.5186821719712409, "log10_colsample_bytree": -0.7144721544745116, "log10_eta": -2.0027391013772795, "log10_lambda": 0.643623115553499, "log10_min_child_weight": 1.2184110137493287, "log10_subsample": -0.35080343458798224, "max_depth": 4.0, "num_boost_round": 27.0}, "datetime": {"datetime": "2024-01-19 01:24:56", "elapsed": 4404.22654, "delta": 0.004157}}
{"target": -13.754927811912541, "params": {"gamma": 34.86966100234057, "log10_alpha": 0.5186821719712409, "log10_colsample_bytree": -0.7144721544745116, "log10_eta": -2.0027391013772795, "log10_lambda": 0.643623115553499, "log10_min_child_weight": 1.2184110137493287, "log10_subsample": -0.35080343458798224, "max_depth": 4.0, "num_boost_round": 28.0}, "datetime": {"datetime": "2024-01-19 01:24:56", "elapsed": 4404.230737, "delta": 0.004197}}
{"target": -13.754927412153462, "params": {"gamma": 34.86966100234057, "log10_alpha": 0.5186821719712409, "log10_colsample_bytree": -0.7144721544745116, "log10_eta": -2.0027391013772795, "log10_lambda": 0.643623115553499, "log10_min_child_weight": 1.2184110137493287, "log10_subsample": -0.35080343458798224, "max_depth": 4.0, "num_boost_round": 29.0}, "datetime": {"datetime": "2024-01-19 01:24:56", "elapsed": 4404.234932, "delta": 0.004195}}
{"target": -13.754806941726091, "params": {"gamma": 34.86966100234057, "log10_alpha": 0.5186821719712409, "log10_colsample_bytree": -0.7144721544745116, "log10_eta": -2.0027391013772795, "log10_lambda": 0.643623115553499, "log10_min_child_weight": 1.2184110137493287, "log10_subsample": -0.35080343458798224, "max_depth": 4.0, "num_boost_round": 30.0}, "datetime": {"datetime": "2024-01-19 01:24:56", "elapsed": 4404.239101, "delta": 0.004169}}
{"target": -13.754676412317451, "params": {"gamma": 34.86966100234057, "log10_alpha": 0.5186821719712409, "log10_colsample_bytree": -0.7144721544745116, "log10_eta": -2.0027391013772795, "log10_lambda": 0.643623115553499, "log10_min_child_weight": 1.2184110137493287, "log10_subsample": -0.35080343458798224, "max_depth": 4.0, "num_boost_round": 31.0}, "datetime": {"datetime": "2024-01-19 01:24:56", "elapsed": 4404.243234, "delta": 0.004133}}
{"target": -13.754716193720599, "params": {"gamma": 34.86966100234057, "log10_alpha": 0.5186821719712409, "log10_colsample_bytree": -0.7144721544745116, "log10_eta": -2.0027391013772795, "log10_lambda": 0.643623115553499, "log10_min_child_weight": 1.2184110137493287, "log10_subsample": -0.35080343458798224, "max_depth": 4.0, "num_boost_round": 32.0}, "datetime": {"datetime": "2024-01-19 01:24:56", "elapsed": 4404.247394, "delta": 0.00416}}
